TRXV5
3
4
4
9
string Extension=J
integer IsArchMeasurement=1
integer IsSpherical=1
string Generator=SPM
string GeneratorVersion=1.3.1 Dev
double ArchRadius=0.449999988079071
integer FrequencyAxisIndex=0
integer AzimuthAxisIndex=1
integer ElevationAxisIndex=2
Frequency
5 377 1710000000 2650000000 LIN
Azimuth
7 8 0 2.74889357189107 LIN
Elevation
7 15 -2.74889357189107 2.74889357189107 LIN
Polar H Real Part
13
Polar H Imaginary Part
14
Polar V Real Part
13
Polar V Imaginary Part
14
Polar H Magnitude (dB)
12 0xC0000002 0 1
Polar H Phase
7 0xC0000003 0 1
Polar V Magnitude (dB)
12 0xC0000002 2 3
Polar V Phase
7 0xC0000003 2 3
-0.00601863637199395 -0.0180202517065858 -0.202632323527588 0.162507989404968
-0.0132224129514652 -0.0100063460518403 -0.153029486078411 0.305994140788198
-0.00532040127053773 -0.0131722069278132 -0.129609337602454 0.222202045841529
-0.00181643784792324 -0.0180398756728947 -0.0964033177322743 0.0859411752854294
0.0125193162590262 -0.00287962811188622 0.00999061887106757 0.0341324788608489
0.0367714615750904 0.00506053344739211 0.161731829804725 0.0529461723356127
0.0279640337239108 0.00505137003795741 0.193625064512209 0.0482265136232651
0.0318381125441155 5.13058150374265E-05 0.0911372017122302 -0.0514283329769049
0.0230699674631322 0.00529208668991293 -0.0935171477064922 -0.188562193605071
0.015833299373836 0.00705703388474625 -0.201817567269414 -0.248080026224125
-0.00385609130213966 0.0117718443340947 -0.185511564265481 -0.184565404502999
-0.00468565135502966 -0.00812960530101372 -0.144961420135565 -0.00906099624468979
-0.00822912756412088 0.00290957176325282 0.0304107761660069 0.0795128469332301
-0.028903788512985 -0.00192787461606521 0.0843016514134041 0.097060255455497
-0.000626129426161292 0.0110681469469729 0.0546714938064568 0.120172387259044
-0.0324482811562789 0.12143523813937 -0.205980282854805 0.131131467764897
-0.0369257780528695 0.14438446317588 -0.168441766691239 0.277333520467071
-0.0756905475287581 0.151574936582292 -0.15481015697595 0.219918625894274
-0.130210326841907 0.121826011816255 -0.127434557852983 0.0927805841207077
-0.17753998582018 0.0445193375754821 -0.0335270132607409 0.028863822098744
-0.143981125816433 -0.05228792715908 0.131145030545351 0.0182542783613357
-0.0671476911326963 -0.0663789889791098 0.184625130983776 0.0193850357970412
-0.00877346666033483 0.011510123686602 0.101350035534813 -0.0481789429474139
0.0104803609871377 0.0948321263641398 -0.0805383866081595 -0.155968333151605
0.0342175559474922 0.115578821350147 -0.20859454800871 -0.207923680990117
0.0573891242354545 0.103569089704669 -0.213248732950258 -0.155551612138178
0.10541426020678 0.0384386344573327 -0.176869750548343 0.0222892390186666
0.0957224156284416 -0.0315058690536735 0.0100897501671186 0.106235197961845
0.0268877679538837 -0.0971296996409372 0.0675637191647208 0.124840230686463
-0.0273797299657645 -0.0222078750575125 0.0530416859190844 0.135262779082307
-0.0635440931535864 0.218851249237007 -0.212125141142686 0.0318911065310026
-0.0757474811021915 0.253370785369491 -0.222455019057368 0.180205649417741
-0.146451505700589 0.264626112269377 -0.245315691283317 0.176653733243723
-0.225484751046306 0.209544512796187 -0.229325045102882 0.0700769471228601
-0.293557981168446 0.0740025135565295 -0.149990886583971 -0.0180277404266145
-0.249214066189784 -0.0761673762595758 0.0382530916077384 -0.0713347510462894
-0.125093943201139 -0.0919790790880877 0.139506135610768 -0.0530008794097271
-0.0505262365352827 0.0211574838288004 0.0946565537106041 -0.0348962413072181
-0.00540498372567404 0.143710698823475 -0.0684300229272439 -0.0549489522752028
0.0636515905360774 0.180976862964398 -0.232388385674045 -0.0632211930662974
0.135975426906537 0.138477069072108 -0.265203933364535 0.00061699733486878
0.192543199899147 0.0215223206988399 -0.210037063974255 0.147844506575689
0.127110593510744 -0.0959782973279232 0.00106198638245367 0.193517036767428
0.0228576286954785 -0.151654766435831 0.0557044714972508 0.186765074679549
-0.0676218170981053 -0.0162951449882024 0.067789502088198 0.18027095666976
-0.100747050148234 0.237578451835313 -0.203166321100292 -0.100510342816934
-0.129920842349225 0.256368913786763 -0.26319293313854 0.0190168662110049
-0.207294514161707 0.246455291915987 -0.331417219895105 0.0418259531228777
-0.240556110618474 0.159571516910861 -0.32323532465056 -0.048606551687697
-0.255009308574552 0.0352638972442892 -0.240300538294252 -0.136159197399303
-0.208631524457903 -0.0565771222570266 -0.0322601444477359 -0.185903534403327
-0.118627950617123 -0.0523644482964809 0.0924687806855942 -0.12569611044589
-0.0821600555628543 0.0307890921217698 0.0711238340030288 -0.0183667779331333
-0.0292662850313329 0.123808264341022 -0.0485669225402939 0.0641236881164121
0.0684440308973722 0.147793102738832 -0.183147029216472 0.141373331559435
0.150685605542025 0.0613620389133976 -0.183114173289052 0.238040588934145
0.147781326244553 -0.0640746917726935 -0.0980194841734068 0.310788409812848
0.010954492831327 -0.129357509038923 0.0842569375116435 0.283070216590726
-0.0649035070376664 -0.101815030119643 0.0921197720555291 0.232437583475639
-0.115297523787746 0.0517782950295874 0.103895231813482 0.215349384605278
-0.125229811379996 0.176120685485122 -0.165150563826808 -0.209776201248754
-0.145881193284129 0.12652500253361 -0.232079187722522 -0.147082793488089
-0.184287910449127 0.0749714481991959 -0.30909892540889 -0.150660743149023
-0.120385336207307 0.000865568509540782 -0.267649964697223 -0.242264437406184
-0.0608797825858204 -0.0234038663907142 -0.16018574910703 -0.276479664382113
-0.0583016615820281 0.0122470843502179 0.0141314567526455 -0.246863352125005
-0.0717421432561315 0.0323706978456921 0.0775267229587135 -0.147629647491184
-0.0963116028351423 0.0351102522977771 0.0342889019283742 -0.0030577887213103
-0.0741066068775535 0.0380982518029389 -0.0295582335116375 0.139026371187733
-0.028129011605417 0.0220591339032271 -0.0543267072420797 0.269688834703466
-0.0096361493407753 -0.0470759723293278 0.0478046046062463 0.35746144984751
-0.0720596001183983 -0.068974866737505 0.154671782973882 0.33219067727976
-0.187254440404969 -0.0209221379948355 0.248363822368033 0.248249641514786
-0.158884722413496 0.060599671336303 0.181143207240468 0.182057717098717
-0.141888051378581 0.160598210761433 0.159188144148917 0.19304425964612
-0.114111208682122 0.0741680476706301 -0.109826089801421 -0.246063344950993
-0.078161782968586 -0.05092079057492 -0.140477423507345 -0.218916307724563
-0.0406174176612666 -0.100719546836114 -0.171389914164952 -0.244630732020987
0.0812577485693011 -0.0844684534246826 -0.0468893111614573 -0.317988823592721
0.130346722319783 0.00071520680475354 0.0728527901836175 -0.264741439005736
0.0581352431062924 0.104975262659167 0.152810026899181 -0.171927999000228
-0.0326224149948549 0.112128528574414 0.0947559701414755 -0.0912127060332224
-0.0943044603393404 0.0326965467535082 -0.00919103241911468 0.0117224929811108
-0.130660568962897 -0.0575210494493719 -0.0431262044277722 0.129661136526793
-0.191278243233697 -0.0945286328128313 0.0286287877662471 0.232795158932282
-0.239361256446807 -0.0558960441022449 0.201606340541352 0.258560720568663
-0.26708894975883 0.0675322618196739 0.311439316066477 0.164812314867065
-0.273235833269233 0.165406183936575 0.3405192956012 0.068924067472637
-0.16387683308069 0.22235366232918 0.246489425651109 0.0207679331288889
-0.12300715765255 0.245095990914431 0.205650227363523 0.10087338617229
-0.0768115417364186 -0.00668420872664901 -0.0652606611197725 -0.216021502193133
0.0232259641064154 -0.141061756736065 -0.0719554033048026 -0.179095601917673
0.101195707344124 -0.123891568351143 -0.058855393158069 -0.186597870537527
0.17720219971521 -0.0225875738347653 0.129954247153713 -0.194172557175015
0.159916852724318 0.0710144552968255 0.232320368952057 -0.0722428702873225
0.0607258145141967 0.145112437134628 0.243868545062872 0.0169081371839404
-0.0258305327346053 0.137561146915262 0.110898875299109 0.0160033060739387
-0.0819312343909557 0.0229892050457001 -0.0477977875654508 0.0249993624913464
-0.155941378522253 -0.101178460698824 -0.101017178802264 0.0558650701454853
-0.273313440632298 -0.123114958648486 -0.0170815674965778 0.101877639407787
-0.315867701376738 0.00430518539519533 0.151690800430281 0.0955885984439115
-0.270706611244655 0.174868657723521 0.263154295925237 -0.00441173351359869
-0.200811128157499 0.242632248420934 0.2915361548439 -0.106636929637739
-0.0881715160802375 0.260567857995212 0.234667254177859 -0.161932797304988
-0.0737412246381013 0.2502758973146 0.220161576214807 -0.0266656054164416
-0.0394764790709472 -0.02900248166318 -0.0435287132404879 -0.163775853618029
0.0626230897878305 -0.107568715043179 -0.0608026276699854 -0.113010656727119
0.111724688568632 -0.0525511522445427 -0.0381459747503079 -0.0970366637278207
0.119755495454304 0.0378421599277862 0.151143602875369 -0.0383071840420712
0.0786455389027116 0.0688577564043147 0.221558092322229 0.115814655270877
0.0114838642269598 0.0926937980681963 0.232213183110425 0.182016377201684
-0.0336964713230373 0.0929554355084848 0.108285882509868 0.116215139765021
-0.05911516365297 0.0107405326811013 -0.07430955506073 0.0331137173753548
-0.117273256510822 -0.0705593179058186 -0.171846906930045 -0.0217959333377135
-0.203663143492199 -0.0806950613608851 -0.121304459637926 -0.00476804187609293
-0.200792791726192 0.0323140359771881 0.03321330204583 0.00723614095432359
-0.138421802171106 0.142502777208508 0.147028489950367 -0.0643790224460202
-0.0813137499567989 0.161612075021072 0.190895647667868 -0.188294526233318
-0.0142126592753522 0.16545892394148 0.178864747091836 -0.280444223203409
-0.0279710587259478 0.165536723350952 0.208973714319439 -0.133772798945198
-0.0063696524313632 -0.0179640946312788 -0.203576538890703 0.16562503645889
-0.0125843826492462 -0.00962388942811178 -0.152919650848138 0.309368336523071
-0.00646335641436386 -0.0137309921128049 -0.127072317526794 0.225659403202357
-0.000648240359254194 -0.0177220046690102 -0.0953216694246108 0.0885880989996764
0.0128227668686107 -0.00243151720391862 0.0101428928120974 0.0360271397535856
0.0372826482227384 0.00529503840937703 0.157735836202174 0.052598634944029
0.028584268290169 0.00595681387597833 0.189227590597452 0.0440763446120898
0.031900441321985 -0.00129380340959764 0.0882518435735759 -0.0536987743696087
0.0239145974321692 0.00475611460870107 -0.0946159296671659 -0.189667814824002
0.0162814830917381 0.00636321477045758 -0.201849006544437 -0.249625975330044
-0.00364476647908732 0.011356448867123 -0.184703308499552 -0.187290337845816
-0.0047821662191804 -0.0094341371244559 -0.144891619659992 -0.0115730552781342
-0.00833966896281619 0.00244817710426447 0.0299192385812022 0.0797267724965657
-0.0295421558298749 -0.000982801780195658 0.0847611960991779 0.0966728581272197
-3.34452433362132E-05 0.00993704896436015 0.0541027642835533 0.120570948349714
-0.0329117430643546 0.122293092588435 -0.205738883850557 0.134190508686529
-0.0373040561479744 0.145283763976726 -0.168025174942641 0.28105958442726
-0.0758383684735562 0.151165708088506 -0.153550853132679 0.22471044232536
-0.128999291481307 0.122383218589503 -0.12764633829116 0.0949192190479348
-0.176557566459076 0.0448627427581686 -0.0339658556846194 0.031179596431139
-0.142146423358229 -0.0520002051225311 0.126665627849477 0.0181809266425117
-0.0657862843235095 -0.065219457004223 0.179997698739076 0.0141435372574836
-0.00742329250543485 0.0118393824999068 0.0980027965547714 -0.0516222372671448
0.0107979833548616 0.0961615801661154 -0.0825060133352509 -0.157333551319652
0.0346387718832109 0.115643346730003 -0.208069108327389 -0.210198575151953
0.0575601454771978 0.103929738642882 -0.213787950914578 -0.156951392455699
0.104785134041991 0.0382445229563398 -0.175218217497836 0.0206376160180113
0.0957092833164419 -0.0327497460377804 0.00946444632372974 0.10688417928979
0.0263494753495736 -0.0975429454566678 0.0682209864453297 0.124779435854863
-0.0269982136402614 -0.0229504729365535 0.0534037499325752 0.136069095431073
-0.0621695152992656 0.22103848852052 -0.212304196561867 0.0339430917862181
-0.074727956296553 0.255525791741762 -0.223627017250622 0.18414749853292
-0.146288487274804 0.266810237926946 -0.244958602378113 0.181092853000402
-0.224082780467778 0.209515498092576 -0.230192332273435 0.0724676260505028
-0.292031326642674 0.074119683507127 -0.151897004700608 -0.0155702285041126
-0.246302143987942 -0.0742468311478433 0.0333058602180103 -0.0719841828406894
-0.12353394228036 -0.0899120674225803 0.135492645052933 -0.0570469476112016
-0.0484517223441874 0.0241053167398852 0.0921449248057352 -0.038875622015121
-0.00413025709209779 0.146407790061809 -0.0697011542279747 -0.0564862938608623
0.0640533482968408 0.181942523724264 -0.232213510030609 -0.0638763630920357
0.135867640504067 0.138871161062587 -0.267215646698215 -0.000399119116657935
0.192479265994282 0.0206934874083717 -0.209485355262781 0.148624370765074
0.127342680742168 -0.0965111571369074 -0.000152092712888976 0.194799426883663
0.0224547291212151 -0.152670346716733 0.0573345883472228 0.187513903546187
-0.0675437388223845 -0.0174632388058165 0.0669379486457373 0.180339742262835
-0.099755381071034 0.239269990233292 -0.204318185751134 -0.100205507278288
-0.128786106564493 0.258550710897072 -0.264503518499687 0.0210656899722585
-0.207596775701023 0.247396579309917 -0.332200130657631 0.0461198160991757
-0.242190463499054 0.159112453817083 -0.326287201946054 -0.0462629823136797
-0.253919866692693 0.0335422746417026 -0.243795501339501 -0.134172543497848
-0.205285681617177 -0.0555899893635503 -0.0362258613319471 -0.18695584957162
-0.115940638297839 -0.0499361069116718 0.0899977529902826 -0.129766044457252
-0.0785322004531876 0.0352314273015289 0.0696731465354382 -0.0216341241391679
-0.0286582950382217 0.126117700920527 -0.0484252271241647 0.0639332257347296
0.0700399380274274 0.148763738229667 -0.182074889431881 0.14229208114045
0.151563532527427 0.0610989162335912 -0.183637076809405 0.239152192350507
0.149031222782825 -0.0653378072618321 -0.097052502728555 0.312834855335982
0.011109501562694 -0.128933061475913 0.085239936639117 0.284802079900871
-0.0656047898112935 -0.102243819186154 0.0939408514247708 0.233908666217314
-0.115197592372633 0.0512972654409086 0.104755862508778 0.215447216610438
-0.123675856453215 0.177495632008654 -0.167765788909162 -0.210099120654633
-0.145444617226791 0.127224534155073 -0.234276186812851 -0.146210529831513
-0.185016758431262 0.0763988881822187 -0.311094023242183 -0.148329990569672
-0.121231560481806 -0.000135754844952384 -0.271095586504033 -0.24133662996704
-0.0597403950255318 -0.0257944450626884 -0.16312964629123 -0.27623964353752
-0.0551904199452627 0.0127676649224698 0.0118963045938783 -0.250030988459087
-0.0691012433128083 0.0343946193204923 0.0766491330051322 -0.150203278085796
-0.0935293790186693 0.0397647660156711 0.0334135458144221 -0.00350820624294938
-0.0730241551832616 0.0412190666189682 -0.0295402519854842 0.139646085724968
-0.0247521370692882 0.0225792052502576 -0.0527088983798402 0.271871074247666
-0.00913425995924176 -0.0489231295739744 0.0517011897312215 0.358535175836354
-0.0720265590709876 -0.0705462460093008 0.158328081552217 0.333319834539834
-0.188445098272973 -0.0201088127949451 0.250501707535116 0.24817706444268
-0.158250809900153 0.0609051289353105 0.18295032240522 0.182327291439047
-0.140282474824076 0.160846106529325 0.160536548934742 0.192579264428016
-0.113904923467064 0.0737177016209727 -0.111785080322008 -0.247322912833808
-0.0790856155966412 -0.0520827637546056 -0.142816993328426 -0.220385305365029
-0.0408442677647331 -0.101291354410139 -0.173500650227607 -0.244603827619856
0.0803296424750113 -0.0851405164339284 -0.0487149036284537 -0.319178197402927
0.131401607654179 -0.00147927163312329 0.0725814642452487 -0.265973646532311
0.0598161945725034 0.105151328739754 0.153331675696231 -0.172846724758608
-0.0301741987932799 0.114683470551728 0.0937797919250511 -0.0927821397113963
-0.0924325034083734 0.0365975002683244 -0.00812221836353037 0.0132490518988895
-0.129213207738484 -0.0547799812976189 -0.0414661172827229 0.132070206658062
-0.187523677314659 -0.094172386648061 0.0318198727043526 0.235580809625207
-0.237454763150917 -0.057208710113324 0.205795792760693 0.258009090336303
-0.267912404059671 0.0659082492808175 0.314212991249872 0.162798781400099
-0.275175250142013 0.166008607620861 0.343395683455777 0.0669843762002144
-0.162628295533943 0.224034938925261 0.247024686207958 0.0188478395963281
-0.121974683950763 0.246887754974568 0.207515851695133 0.0993224964166614
-0.0767010757105058 -0.00696424425311395 -0.0669153310994043 -0.216309495119983
0.0220006990922672 -0.143209143258446 -0.0729683673703566 -0.180575902507985
0.101483465843384 -0.125654905152535 -0.0588379552680892 -0.18677457834783
0.177762331629973 -0.0235908250285316 0.130041657885116 -0.194244622037218
0.16034861375846 0.0709074156079635 0.233598722599948 -0.0720603301102548
0.0610494028561812 0.146239463544796 0.246571923905205 0.0161375819989762
-0.0238699677623181 0.140365647318775 0.110765754606808 0.0164645273828469
-0.0797353295864787 0.0260651444210523 -0.0451840213587354 0.0280991239958727
-0.153849776175993 -0.099642101581503 -0.0974829772163615 0.059490188912138
-0.27148284734323 -0.12315418098954 -0.013288840548529 0.102961469760538
-0.314328341060279 0.00361649784467238 0.15507778882546 0.0942560670045491
-0.270078454341796 0.174499444217217 0.263530820422355 -0.00643875088766842
-0.202813975557797 0.242902340937735 0.291717016479653 -0.110620022283548
-0.0877721017759484 0.262211712639492 0.234233691597403 -0.16498515584405
-0.0711791950988713 0.250661674552943 0.221187614074966 -0.029374615269537
-0.0399000697004838 -0.0294337795243898 -0.0450498789179123 -0.163505101084131
0.0611699387387254 -0.109181273202437 -0.0616163929019236 -0.113455457211299
0.112317097726004 -0.0541552152118153 -0.0374903346291913 -0.096319201708585
0.121116050245279 0.0379562152346212 0.152970980510074 -0.0362622735800517
0.0778438256098083 0.0692117111943687 0.223221332401149 0.11825216295585
0.0108045933437806 0.0939518165381172 0.232932786260124 0.183381518700048
-0.0335579455181943 0.0951265519973217 0.108010993321273 0.117690996725182
-0.0581020983748023 0.0122564803333154 -0.0712370055563293 0.0362442369260238
-0.115554572259613 -0.0699516724242776 -0.167720779927838 -0.0175192062394745
-0.203013871091775 -0.0794515682899411 -0.117484836411283 -0.00349799322636487
-0.199589407525843 0.0322503576768355 0.0352035983213036 0.00528753858668725
-0.137308817688385 0.141753542745482 0.147170655724101 -0.0667805559166895
-0.0823217163614017 0.161922543639457 0.189900145609098 -0.191334899260333
-0.0143497919857855 0.166282280012571 0.178222296323169 -0.28377920203236
-0.0261275153277076 0.165837049705843 0.20853077335002 -0.137540557806358
-0.0154168749287498 -0.0132606660237045 -0.108283939846755 0.24355124221905
-0.0171478929199644 -0.00477021827485798 0.00183190885341756 0.349035452642024
-0.0143005718774446 -0.00981002284090094 -0.0134593779870176 0.260826139510809
-0.00822210913250623 -0.0164828119801671 -0.0441894607562124 0.123595425537202
0.0106875975814662 -0.00684815527336596 0.025271145275599 0.0295299128886467
0.037209957856263 -0.0115082852327078 0.162752830451134 -0.0225054640614245
0.0299621867416066 -0.00739683482346161 0.183002789722006 -0.0460185996640122
0.0280713496327919 -0.0169720416811549 0.0518503226150143 -0.0884629671854477
0.0247331096605272 -0.00734260790551804 -0.173078078627312 -0.128322120764431
0.0170875687661848 -0.000921886361233667 -0.296390306377567 -0.136600254558009
0.00150121532148828 0.0116892823798576 -0.251603555913203 -0.0887502947005109
-0.00954113454630932 -0.00583311492082777 -0.13757524676659 0.0524579267665359
-0.0065748801796422 0.00662530047516046 0.0630373000431784 0.0577544445745531
-0.0253258080667643 0.0125155347033487 0.119968538998908 0.0492901549921948
0.00643702013687582 0.00868557246712019 0.103392947929607 0.0866848124343556
0.0247871838680992 0.127262854596242 -0.126027191976881 0.214930738265002
0.030752236801762 0.149208107843175 -0.0257716492708138 0.329911942219154
-0.00412540392667938 0.17292704946801 -0.0377736604472957 0.271096375910106
-0.0626984541324685 0.167748283130411 -0.0713689891978709 0.142516452868624
-0.140358032648775 0.120236435706672 -0.0157687591788202 0.044810475962658
-0.152764217228438 0.0171625302572819 0.119358479436137 -0.0401130229250916
-0.0873174362212092 -0.0287803950836312 0.16253720631186 -0.069698582752877
0.000351674864448628 0.0140463717804989 0.0595982328693676 -0.0918680044151751
0.0552195330561329 0.0828868486628792 -0.147689654185845 -0.105863470883891
0.0828549102349306 0.090771431801602 -0.284699041748442 -0.0978743671318032
0.0984194074143192 0.0675393928104917 -0.265353953995332 -0.0480166853784971
0.110339186428605 -0.0127985785805211 -0.149671336215365 0.0961976297623193
0.072197249341922 -0.0715520724825465 0.0561494764231256 0.0918331439494845
-0.0190385683182994 -0.100202328973718 0.117457727062582 0.0811367151218019
-0.0325020640878432 -0.009701789065269 0.108933058383809 0.100728633245498
0.0420703474438366 0.230581494114574 -0.177874781534789 0.12698649951884
0.0466357775535034 0.26787675340774 -0.119470035915381 0.267546069157917
-0.0167468884761355 0.308884957697951 -0.140332928100597 0.272892311844192
-0.110864427632594 0.290192881564059 -0.176064016644657 0.168407985634298
-0.233560607256625 0.196164972081008 -0.144074639426494 0.054754624971843
-0.257494689929994 0.0417643565390583 -0.00568521573002378 -0.0806434004017439
-0.149662241532189 -0.0255273653630088 0.0912009431976982 -0.114646283135372
-0.0301418546890572 0.045257848633913 0.0610111855710157 -0.079112927251976
0.0641180847072026 0.136476647527144 -0.0907646117987468 -0.0197455488187673
0.140544076168061 0.138015788149342 -0.238489581605143 0.0468517400588483
0.185963542102673 0.0632152337296651 -0.243837101412949 0.119579101491203
0.182827078514708 -0.067752331392395 -0.122162761989357 0.228034384739863
0.0727623736599856 -0.142420406060113 0.0876084757913225 0.176873440950077
-0.0467087970447859 -0.147572554409236 0.135942247550894 0.143357399508489
-0.0663339977403382 0.0129198943603705 0.141484100548537 0.135294464269073
0.0176831212008261 0.263846719123434 -0.231956739032283 0.00175692418312566
-0.000390999911632439 0.29505701217583 -0.230532126312406 0.137550019595142
-0.0806767393229886 0.319176837944242 -0.27971320268172 0.188277688830907
-0.149489004472885 0.251543453502277 -0.317266270886208 0.104969555457689
-0.215728097106168 0.1407784516505 -0.282111210844301 -0.0118638229751587
-0.209713515238877 0.0402045387552223 -0.121690229892656 -0.153868905354829
-0.124582344297492 0.0081660446724036 0.0190458215738582 -0.159555319828176
-0.0522519972618666 0.0697767342383548 0.0507817159453326 -0.0525572151569816
0.0337676379005911 0.129004240335305 -0.0164822915393491 0.0795647765495935
0.132462861845149 0.103732998616944 -0.100466663652667 0.213180310314162
0.165044894173056 -0.0141686390481767 -0.0584297200808731 0.299105193079875
0.105431974920885 -0.125145853201442 0.0553565084040507 0.32798375931962
-0.0457777133710412 -0.119297471891172 0.205888569914445 0.219878723704182
-0.102497211819599 -0.0629938454840252 0.190471562907786 0.168887077644573
-0.0777524586663177 0.0970256398066672 0.191993707634457 0.150614601263398
-0.0327468120622147 0.216570198126572 -0.248291686225639 -0.114710112063364
-0.0748727806100387 0.181847618589667 -0.278935403322847 -0.0286764561343369
-0.13546518795582 0.150467412098771 -0.348013584588347 0.00500724964751999
-0.110615054040035 0.0521792587773552 -0.355244844812605 -0.0955535896564377
-0.0646583475950118 -0.000157420648975396 -0.273036815318235 -0.176294327615737
-0.0412334659489897 0.0349526368562671 -0.104923807960264 -0.234607433124873
-0.0428229690967986 0.0631486958377468 -0.00127262739364811 -0.171759176651411
-0.0622567215861071 0.080528045839289 0.0283240717982994 -0.0188823106305675
-0.0445862085849568 0.0721716371882974 0.0373455814707261 0.140406103657038
-0.00810576466613176 0.0306716692761499 0.0773845521256335 0.273231292517933
-0.0298370769430167 -0.0413396637214583 0.212376549284663 0.300780610629322
-0.0958843901592378 -0.0310533191766886 0.296982990071829 0.230254983168165
-0.175551566820257 0.0694944652671304 0.340559834020473 0.109608939672072
-0.112471761427787 0.125985280981064 0.248289124213069 0.0829918676534384
-0.0513745646007161 0.207709969476694 0.233739006309538 0.104412513280767
-0.0703282564385961 0.117528491875495 -0.21403931857354 -0.173420205547259
-0.096309096411973 -0.0134058548152635 -0.228287369517411 -0.136132157123159
-0.0820867811837416 -0.0768005285840454 -0.265509591989969 -0.14313177652262
0.0360702624628237 -0.114228670417595 -0.187825361384064 -0.265000200060263
0.119846272768119 -0.0615969341880769 -0.0544726125072917 -0.272261892611265
0.105910998233829 0.0698158914666476 0.0592705223892048 -0.228253451007124
0.0276297099171374 0.119275573655946 0.041169087787754 -0.126109506242839
-0.0632321023278671 0.0767722762896027 0.000583270036585849 0.0160186948219868
-0.137342965499999 0.0100306020875927 0.0251741391216348 0.1399451731502
-0.207371038979793 -0.00208709197319569 0.138731150866446 0.200668140578279
-0.239436557914186 0.0547343959928841 0.306127724255215 0.138635355532479
-0.209974472422951 0.178662886365773 0.359078445665869 0.00337624126619119
-0.170306653537876 0.274030834437202 0.341296505269878 -0.0979998733657342
-0.0444214663410207 0.274048777041393 0.233018667408183 -0.0950886406460462
0.00310744576404186 0.276238698795016 0.233853903214747 -0.0025711187475213
-0.0733173166176718 0.0266019535731431 -0.15872745340259 -0.16546757375505
-0.0439257292951842 -0.141953912801011 -0.146555780643632 -0.130063659765181
0.0376429457050209 -0.162653822014771 -0.13552265051278 -0.140850421227116
0.154148853003656 -0.101075864311673 0.0314301570095458 -0.23221387629208
0.177636167309068 -0.00720604772057022 0.179342293787072 -0.16855762284946
0.123740382419512 0.107509519377141 0.230673109196842 -0.0977370317437978
0.0447403746254519 0.140330618630448 0.107079890429562 -0.0336802772528284
-0.0588977616039226 0.0614240729946964 -0.0252439079735406 0.0468475346956751
-0.180853343020662 -0.0202506029596725 -0.0572303405171294 0.0994329284478314
-0.298417138248018 0.0105380847009655 0.0380105435909777 0.0990699893607062
-0.280551610688237 0.145474117220123 0.183880293003469 0.0122142417800465
-0.16291268726665 0.27731548559658 0.235119385851745 -0.127318615857295
-0.0718162494677643 0.308352332624518 0.213144766794821 -0.234839774642836
0.0391189063665747 0.274079035174243 0.136928928584068 -0.255971473020246
0.0490043213762242 0.257476628859704 0.188855725691164 -0.126396617039764
-0.0494470947443084 -0.0100404003960521 -0.113991165188656 -0.126548694999145
0.00729526608404245 -0.128557989217873 -0.105763106861776 -0.0732416358248321
0.0794910527269042 -0.101343972305148 -0.0748812301558517 -0.067636439947511
0.1292065444822 -0.0196162492430992 0.122690361837916 -0.0995792470474113
0.102317258252915 0.0306577818504431 0.253804219652789 0.00860083378144931
0.0529928832153074 0.0820773368032553 0.295226773116333 0.0604897711649162
0.0151592837143393 0.103440658190707 0.150948873602399 0.0587110894762542
-0.0461211558054375 0.038069185118101 -0.0438331215815397 0.0655962853354774
-0.134512876950206 -0.0110204792216178 -0.154152876127643 0.0609303218026828
-0.219608592066346 0.0197334571357989 -0.103541451827001 0.0484513011390816
-0.163678630585511 0.119700950667316 0.0334730496159131 -0.0148748414147902
-0.0584117069278737 0.188018443101938 0.101332105849765 -0.129278618249608
-0.00276613964621118 0.180570949756695 0.0831476304013921 -0.260944698483707
0.0614704167659717 0.153040620039492 0.0314618286928812 -0.339529988100253
0.0504237689142783 0.1594506729718 0.128921211615706 -0.219834666546393
-0.0160685302724983 -0.0123345761835193 -0.0994686870992159 0.250585512942243
-0.0171618885758787 -0.00454101785986294 0.0165559783232912 0.35225841745105
-0.0146579517597859 -0.00861127732974433 -0.00247908505937578 0.263531060860974
-0.00855900605272253 -0.0168997238429035 -0.039152075253548 0.126846877572117
0.0107530415413344 -0.00676270999122111 0.0266816133372503 0.0299228830163816
0.0366353735649733 -0.0133855167027918 0.158776783773382 -0.0277364326465849
0.030493677755424 -0.00799527214210254 0.175557638370651 -0.052273752010288
0.027186540150657 -0.0188202868706331 0.0447184333646295 -0.0910976786018404
0.0250336794337004 -0.00873584339694439 -0.178187268128097 -0.124331811287827
0.0180125642092797 -0.00220193391561346 -0.301302933775973 -0.128818848259891
0.00215814045007906 0.0122385221038287 -0.256148024334301 -0.0844628551871908
-0.0100476549434149 -0.00570033412774462 -0.136892083911648 0.0542174434492186
-0.00713600306657894 0.00754009726804607 0.0644396908792935 0.0557729577888628
-0.0244293942055573 0.01370893854605 0.122307252331243 0.0447772902304657
0.00743444387035073 0.00824745928994508 0.106515791294294 0.0837472289466154
0.0299332898277217 0.127765549166504 -0.118239993442943 0.221789506933001
0.0368884538141487 0.148858128945574 -0.0119549092714899 0.334235641138523
0.00102061819268406 0.174421074265681 -0.0268379885835247 0.27482106117177
-0.0558245916009189 0.169525772477305 -0.0650974875307366 0.147080813714732
-0.135737753483461 0.124559370438779 -0.0142187224107794 0.0470786857540887
-0.149789400819703 0.0210866325771451 0.114350782337197 -0.0426479723701403
-0.086642441626707 -0.0252921841590211 0.153862373267777 -0.0769027621591816
0.00211125019383654 0.0142686396984871 0.0524699318901375 -0.0957584154398897
0.0589088934123252 0.0815735687591616 -0.152732585476238 -0.100975749761272
0.0864703025851617 0.0886485527264526 -0.288271706584116 -0.0908939177403944
0.101756628815445 0.0658982719854337 -0.26881175560097 -0.0412966432232488
0.10936648137079 -0.0160755269004205 -0.147625983424245 0.0981016040330818
0.0697950390496788 -0.074933443018516 0.0580872661978068 0.0900810024076616
-0.0228778808061701 -0.100000555016044 0.120689413281162 0.0773276454927933
-0.0333863178802175 -0.0100183389506998 0.112586036296251 0.0973670013051633
0.0514174904771644 0.230535304206328 -0.174106030937072 0.134508042580364
0.0566777048856352 0.267358963489116 -0.109316758059305 0.274681763717623
-0.00706870789426709 0.311619995604546 -0.128995523044385 0.280207093334244
-0.100647189446628 0.293379889807939 -0.170121531639693 0.178114436390597
-0.22556519796156 0.202836748928612 -0.142641900057026 0.0622904318872313
-0.252708879424415 0.0495455083395342 -0.013240189584314 -0.0792488836168466
-0.146676946218879 -0.0202355704856545 0.0821611137481593 -0.120370795774783
-0.0251702479076889 0.0467198126165297 0.0547420321555664 -0.0823441403024301
0.0706079338985115 0.136054400443237 -0.0928455396858964 -0.0174984132940571
0.146159503740317 0.13430019873448 -0.237364997075226 0.0539520749008942
0.188191478358176 0.0593423867166824 -0.241541521702586 0.126682468403656
0.18019545279095 -0.073697499019932 -0.114403999876926 0.23218405023717
0.0686477883747932 -0.145587988793011 0.0930905305474665 0.175118034842725
-0.053514263505612 -0.147309586596794 0.142063370385577 0.139140877461365
-0.0665871168856635 0.0149588838233744 0.14745116316578 0.130397382405186
0.02730644729346 0.264019240217838 -0.233539218570654 0.0112361381373494
0.0104706886376539 0.296484017067285 -0.225031800191551 0.14742865377306
-0.0702185961788899 0.323483260718323 -0.272644714775396 0.201872339735866
-0.142040446296926 0.255242620903688 -0.315357401950023 0.11818019955504
-0.210105580786171 0.145144637804872 -0.284088510143312 -0.000962563651060957
-0.204829721284232 0.0463080552582991 -0.131312888440063 -0.150427175937435
-0.120594268736413 0.0124717138902404 0.00944938576434826 -0.161869110152909
-0.0452659459102137 0.0730446629307389 0.0469943346656769 -0.0554742491504379
0.041300683014093 0.130759597341888 -0.0142719764753052 0.0804004713996399
0.137298324703175 0.100424212763091 -0.0927748340188318 0.217967203732552
0.164366240900688 -0.0190107089139121 -0.0493095336709903 0.302295403667982
0.100911079761588 -0.129957463037577 0.0670844950312326 0.328130349936646
-0.0492595195346547 -0.117114371588768 0.214331672277337 0.214373810484251
-0.106037730925177 -0.0607675466656468 0.198775311151895 0.163399840488263
-0.0750076239390928 0.0995025796517622 0.197612125969284 0.14363630030669
-0.0246519627960795 0.218764766175013 -0.254835492976239 -0.105214981023853
-0.0683280688611796 0.185785447524199 -0.28125863674059 -0.0185042882561834
-0.130969461842121 0.155619611164455 -0.350599641031943 0.017737664981294
-0.110336899427242 0.0559470230726674 -0.362492176202986 -0.0820672115813198
-0.0647250494561442 -0.000511433023541496 -0.282081043417681 -0.167074080919254
-0.036804769286012 0.0353640862581413 -0.115638878585162 -0.23162222876869
-0.0382097311663537 0.0656997645487592 -0.00948781575481336 -0.172919326441772
-0.055655198165542 0.0848442962411039 0.0269891788148134 -0.0201271283351932
-0.0380712168308908 0.0758584816714912 0.0422497241747359 0.1405521764287
-0.00456789287033077 0.0297195286087401 0.0891600773550339 0.272977803826907
-0.0303858132872971 -0.0417662205659118 0.224618975103855 0.294549560136873
-0.0973234749946105 -0.0290790172394168 0.307804046988146 0.221165876268546
-0.173882567199885 0.0765474842570351 0.347219553244151 0.0976493934606298
-0.108355719534734 0.130426748262253 0.252666179207084 0.0752198795761886
-0.0444667546797682 0.210144676803999 0.236895524899552 0.0950947655305633
-0.0663835117743068 0.119656978296201 -0.222352389604496 -0.165113495061919
-0.0981063285939594 -0.0101944430751438 -0.234386242632864 -0.128557353147158
-0.0859242698395157 -0.0747852446587495 -0.27219538682601 -0.134276331278876
0.0319451365261101 -0.115965538043863 -0.198614408878658 -0.26062320289737
0.117775932379694 -0.0671648727917595 -0.0646021325499134 -0.272671517160373
0.110209075872839 0.0656600046607653 0.0514604229273008 -0.232496051279849
0.0351997713968095 0.119504432129783 0.0360705039465449 -0.128241758298783
-0.0573172546652935 0.0806480205608665 0.00283554014250873 0.0171810036255549
-0.133551650813388 0.0157903903330295 0.0318872935519159 0.140552541754291
-0.204851921610369 0.00280516533910018 0.149689519148213 0.1969900946466
-0.237926913807056 0.0600270096698095 0.315163771802252 0.126016636477616
-0.206031050912859 0.184529807332034 0.361917478981177 -0.00983195676674956
-0.163338842207632 0.280935150654908 0.33880004160531 -0.112330183096697
-0.0345512241449928 0.277023580204389 0.229383669906869 -0.104961648253265
0.0127054001546793 0.276867484870522 0.234976344861231 -0.0116905886296498
-0.0729182564740551 0.0282504747336981 -0.164276618808253 -0.159288007484241
-0.0517144148039314 -0.141784659751834 -0.152875749506951 -0.125475795488602
0.0318915029110452 -0.166051218316593 -0.139811005413675 -0.137386617444009
0.151212592537482 -0.106581435450301 0.0244607693453185 -0.233778960743195
0.177531273886662 -0.0117747143552881 0.175153925889912 -0.175592738019638
0.128652286251814 0.104728512678834 0.228586574806172 -0.10726144658538
0.051665538006544 0.140170976249243 0.105867409825579 -0.0368604460118572
-0.0543809069632304 0.0643171335872594 -0.0196109909994831 0.0486880768388131
-0.178479293414222 -0.0131415802596679 -0.0501999243904116 0.102918927322289
-0.296181616624219 0.0198861400063848 0.0462771958857787 0.0973389448874814
-0.275197379581436 0.152766271631389 0.187327817428807 0.00231623349691784
-0.153437397853489 0.28083382329922 0.23111063362097 -0.136976186092987
-0.0638566126071569 0.312814729946717 0.204086591193279 -0.244886481503626
0.0483601791826861 0.27366375835627 0.126065913846253 -0.26326900503877
0.0583293862007751 0.256386314918597 0.184671780823049 -0.135545331152521
-0.0503537972983434 -0.00856918522688918 -0.118311407173562 -0.1223652486913
0.00171033884478455 -0.129534635230725 -0.109136454590371 -0.0700581430221416
0.075714121313755 -0.106223060915433 -0.0761313102762758 -0.0650149635959357
0.12838017890313 -0.0243192725871754 0.120225515071318 -0.10352205227933
0.103073421982637 0.0274962643987212 0.25564935224444 0.00240667437659827
0.0559340392591024 0.0810951508306283 0.297898241695295 0.0501771556537533
0.0200011094091039 0.104415889367124 0.153565737072885 0.0548119955616105
-0.0440418716846058 0.0410654983685613 -0.0372303355230596 0.0674745725418546
-0.133548515672676 -0.0070046549623734 -0.145654133424808 0.0672643094525521
-0.218748582004176 0.0271883181744621 -0.0978000551843253 0.0500566917626571
-0.159332681499289 0.124251296938789 0.0326986036483274 -0.0188962165133457
-0.0530426096951129 0.188492380693107 0.0969677689816051 -0.133278331764027
0.00249669411103439 0.182041652820289 0.0732059567365774 -0.26680628167204
0.0662602279750052 0.152534930513312 0.0180706356288412 -0.343363359823468
0.0564541754569287 0.158223437778773 0.119120692883377 -0.22673111792092
-0.0162805604032088 -0.0111128789132101 -0.0896923566380614 0.250876385399296
-0.0168303163001931 -0.00396173753411438 0.0257979518582799 0.34943191682215
-0.0153850893845692 -0.00714334037903331 0.00637754505063629 0.261053557812205
-0.00882407387429951 -0.0165114775120061 -0.033138203268416 0.126662762703599
0.0101837108475383 -0.00677531462249222 0.0271178918892987 0.0312063526772187
0.0357251364167503 -0.0141302052943048 0.151265110248218 -0.029869326492675
0.0303603578144563 -0.00978307306465808 0.165748515250433 -0.0549236258335585
0.0252599598647533 -0.0197490461122598 0.0385033964964959 -0.0929393919056103
0.0245884663019607 -0.010337308389279 -0.180309446343846 -0.118709472892442
0.0177183747950728 -0.00304854847745985 -0.300514280288805 -0.120991637498994
0.00263545862518056 0.011754226774602 -0.254901502316264 -0.0801835240290424
-0.0106440634219331 -0.00546533694668146 -0.135160761334573 0.0538368274413926
-0.00727004172385727 0.00777839636879404 0.0641009897833359 0.0524142427459724
-0.0237145357884833 0.0153044596896166 0.121176812783968 0.0410446178041089
0.00684714938569609 0.00693728182986397 0.107498872895331 0.0793278978968332
0.0337246339297099 0.125956031711786 -0.10897806081322 0.2232968563364
0.0398926507682434 0.146041384942517 -0.00306390137081058 0.332183387022767
0.00462577321741452 0.173153656406931 -0.0179924886068484 0.272148630021071
-0.0523342468743321 0.167187624685461 -0.0591366718449488 0.147942759374959
-0.13070303479076 0.124987193097959 -0.0119716283931639 0.0491244032143184
-0.144987273800268 0.0237444925540193 0.10716116733877 -0.0430536227238653
-0.083062102138564 -0.0222123648505851 0.144204168561385 -0.0788431597137967
0.00274134884124065 0.0142663829516596 0.0454967664137399 -0.0962895973265175
0.0608509961283203 0.0798194555419204 -0.154463503985366 -0.0972231239339715
0.0876361203780746 0.0855740343230058 -0.286100781225635 -0.0845248959850672
0.101248529341249 0.062768540283217 -0.267094622735795 -0.0372075765484012
0.106550577200427 -0.017736897538956 -0.144331394521363 0.0978030338420378
0.0666005053926165 -0.0757009418136596 0.0586568194428441 0.0877017637548656
-0.0266646928519402 -0.0983210490837451 0.121032758200087 0.0734683407520433
-0.033858861952833 -0.00973705232636113 0.113589405504859 0.0931015518371642
0.0572748198851052 0.226840619050822 -0.167836833302779 0.139099061011094
0.0637935989911148 0.264031864764149 -0.0998286404946792 0.275371778963676
0.000276265901472127 0.308228445969895 -0.118155923175737 0.28177593044943
-0.0931907853996922 0.290144473506656 -0.16242632323395 0.181287907732425
-0.217081835980479 0.202813479138593 -0.139132230012677 0.0665200510694609
-0.244207635479315 0.0541207591705374 -0.0198361350829409 -0.0761791319258343
-0.142027431264688 -0.015659443311016 0.0722263081999074 -0.121295170501969
-0.021319850479807 0.0478282991407927 0.0477872346014964 -0.0838882905976024
0.0750686907559855 0.133837841001728 -0.0940889909914477 -0.0155634829300002
0.147307727279212 0.130237429879742 -0.233427381248736 0.0580932178546624
0.187492822748572 0.0542651334189667 -0.237225774171772 0.13026920619713
0.175713349189566 -0.0766664092624762 -0.108304186519653 0.23093246523307
0.0650266697764634 -0.145655818892321 0.0956740330591138 0.171128992536029
-0.0576407583160479 -0.144867673777804 0.143912396958801 0.134086392858739
-0.0658343536408993 0.0151705685484118 0.147744301545608 0.125335741709605
0.0353215795125747 0.261312854559974 -0.229776328282383 0.0183635456923082
0.019249684105226 0.293282832844032 -0.218668758434289 0.153147888670268
-0.0624588081720962 0.321659476953179 -0.262754729167432 0.208167849984707
-0.134989795739918 0.254130909320411 -0.309269762544083 0.127335428316388
-0.203330599810389 0.145202409788953 -0.282789566571582 0.00722274821898708
-0.196924197557938 0.0478841440691931 -0.137512888509901 -0.143683250257014
-0.114995108501468 0.015350387235194 0.00147749314277539 -0.160665471857291
-0.0390523619152722 0.0749401482664796 0.0413534763417241 -0.0567317343831914
0.0463032996292491 0.129924880777881 -0.0133247290615468 0.0795994385096177
0.139008573752852 0.0957398541749948 -0.084681691501062 0.217972019316101
0.162107624932565 -0.0222333234027017 -0.0410384793640948 0.299912192211341
0.0962908699285935 -0.130985360475221 0.0754236655360655 0.323152699085364
-0.0515156296534757 -0.115360648024716 0.217505433270232 0.20676039251623
-0.106814553976954 -0.0583140294077117 0.201281470913452 0.156562634866039
-0.0722745754839481 0.0994027768605056 0.198560841125283 0.136477549845099
-0.0183187775726992 0.217577338260412 -0.253882831590816 -0.096467672733205
-0.0630452897098 0.1844922127302 -0.278547639211596 -0.00972409833745742
-0.126229371195671 0.158104487269725 -0.344964039354262 0.0284198844298361
-0.10868485387323 0.0568398084473181 -0.361101676141783 -0.0712412770358073
-0.0644896468714429 -0.00105404905766774 -0.284304900486286 -0.157212040776836
-0.0329092228987756 0.0345768636834558 -0.123455853985868 -0.226356477050766
-0.0321086476189367 0.0655565940175515 -0.0160627324062623 -0.17088479632651
-0.0483903332728263 0.0860109324417636 0.0259469891392334 -0.020525549796222
-0.0330401680043847 0.0771400930280182 0.0465828270931332 0.138896902555264
-0.00112586521112036 0.0288766343948342 0.0973513333615315 0.267973778652087
-0.0314625198741553 -0.04166074062001 0.231392447326597 0.285011669848065
-0.09732902008148 -0.0278660681015396 0.311227705697404 0.210488262871349
-0.169973672807824 0.0799047862464037 0.345803102485042 0.0865205296032145
-0.104902913713606 0.130702434938124 0.251667751720521 0.0666697640135158
-0.0384743198459494 0.208241065990229 0.237058578842608 0.0877775703466848
-0.0631968336421425 0.119116562057733 -0.223149478837402 -0.157820387327683
-0.0983372016054276 -0.00807203969707326 -0.235742058525291 -0.121393596139262
-0.0874718830593909 -0.0719485057452065 -0.273316966775699 -0.125920805326914
0.028251704684189 -0.115786149267368 -0.203527077176187 -0.252422046610701
0.113439633472944 -0.0702972345673249 -0.0709217066532571 -0.268167590247601
0.11153208633275 0.0619172113113667 0.0441059916370343 -0.232149839660128
0.0404914595219705 0.117258085880338 0.0324025626585848 -0.127377105273229
-0.0512013383158053 0.0827272863127811 0.00569299228138424 0.016863696108808
-0.126991745715455 0.0195653577428503 0.0376820890738784 0.138868049863466
-0.198563737756721 0.00617416484860362 0.156319676730367 0.191405095192756
-0.232662330157062 0.0623893006181329 0.317668846588483 0.116002275135676
-0.198097206438037 0.184969443702414 0.357887013975676 -0.0206716925823965
-0.155063419481922 0.282957619202847 0.330918949283495 -0.121051335388274
-0.0265027671812349 0.274925702156764 0.223576645456835 -0.110636719455437
0.0206129184643001 0.272941674900135 0.230135731878379 -0.0198080350795049
-0.0724661433673648 0.0292544891702752 -0.16609440580176 -0.15311082470687
-0.0560488554033174 -0.139372084676384 -0.154121995316138 -0.121192815319224
0.0263540734356806 -0.165947906022382 -0.141298048687585 -0.131824776893225
0.147111188420927 -0.107826511702654 0.0188140957409712 -0.231548298264236
0.173781170262352 -0.0159634543519475 0.168086216345366 -0.176756057844422
0.129104057012245 0.0996745383331782 0.222515182776985 -0.111781233393202
0.0572094615348647 0.137831766011247 0.104239946639825 -0.0384034481242077
-0.0498097925443024 0.0664010831085028 -0.0145653208620472 0.049142796755329
-0.172771119489967 -0.00938944050778798 -0.0420859584279331 0.104372921599415
-0.289116123225732 0.0254179554595113 0.0527876781721276 0.0939356722976929
-0.266551171412657 0.153933428681544 0.187493496702998 -0.00483391368003522
-0.145812832641586 0.278638714676482 0.22422049790145 -0.143374425441305
-0.0568653587991746 0.311415519681726 0.194434689113353 -0.24936836453143
0.055331893154539 0.269973976474577 0.117350288789149 -0.265426040538056
0.0640457426750864 0.252067162881838 0.177796161714695 -0.139564235206527
-0.0508722350499711 -0.00800413954348396 -0.118927175557192 -0.118445712598231
-0.00299410139944631 -0.128771247618498 -0.109121652873164 -0.0666289874099483
0.0713315934843628 -0.107518724462697 -0.0756624052762147 -0.0615200392719696
0.12601068089549 -0.0271216560993582 0.116967136543686 -0.104202817798677
0.101936594636678 0.0260725453726866 0.253186603548479 -0.00150095585145915
0.0556619036723921 0.0790028617324415 0.294566855536215 0.0426859060152202
0.0241269670680082 0.103073062905526 0.153178989630313 0.0513850770490286
-0.0413285247083071 0.0425393912253228 -0.0308267261849194 0.0681794426588486
-0.130038203078759 -0.00410192389178734 -0.136002597849607 0.0709816332064886
-0.2141052992014 0.0325919051063606 -0.0905035845557154 0.0489746799133475
-0.152581030705331 0.124580321898498 0.0318494237082352 -0.0223456223643569
-0.0484628504014656 0.185533321574379 0.091021580932333 -0.135648069612845
0.00583275553194018 0.180394405274218 0.0633642090758949 -0.266691546498571
0.0689691259441465 0.149981325307458 0.00756984525569415 -0.341436820803894
0.0605029857166815 0.155211947544914 0.110664117030821 -0.228764323186318
-0.0159755451044234 -0.01065539122629 -0.0856388661438732 0.251381917428753
-0.0168483471329923 -0.00417788630103095 0.0307351665555073 0.348152475394546
-0.015011036543892 -0.00652311315958851 0.010598353922942 0.260162360331403
-0.00876385564764744 -0.0171471650349925 -0.0309176671569811 0.126706027548131
0.0105136198986487 -0.00585817889673552 0.0270503645799888 0.0326628465356652
0.0352367720719425 -0.0151870657197021 0.144915453185552 -0.0288197508384061
0.0311423000150728 -0.00989145776389538 0.156688925686003 -0.0557992525694172
0.0240339378269106 -0.0199757954119197 0.0348787600681407 -0.0922884837823125
0.0246434381073952 -0.0115784249212074 -0.179713638165524 -0.116815518380792
0.0179841241748422 -0.00335998575113682 -0.298772331460839 -0.120755585413986
0.00313629026643666 0.0115968810339074 -0.252890909201224 -0.081683699711459
-0.0112377162763434 -0.00538973556543568 -0.135463306816725 0.0518684200390477
-0.00778095245898178 0.00806541933335481 0.0636439725272469 0.0507277530337601
-0.0236514891347018 0.0162994962580944 0.120308553951498 0.0392165320866672
0.00718580916348902 0.00670409143001539 0.107261365712506 0.0776895809382648
0.0351609419089789 0.125017056183366 -0.105360611220746 0.224232797548156
0.0400809326261182 0.145455798109204 0.00143829211285133 0.33220661457904
0.00561589540051406 0.172578957572372 -0.0141626278409508 0.271132928242223
-0.0510154164542658 0.166179077731039 -0.0559510225778316 0.147556407484276
-0.127326777717633 0.123684362793344 -0.0109439390947256 0.0500743288006708
-0.14263685142397 0.0235521465386376 0.10197585439438 -0.0411722284642606
-0.0803897674275072 -0.0211072521804964 0.135732456597818 -0.0797270147164225
0.00324495269381637 0.0140828484117559 0.0400380744049856 -0.0967241611031477
0.0624473728360914 0.078254907209419 -0.154945156869454 -0.0954905734467356
0.0876872977616005 0.0851638198696233 -0.283565662128824 -0.0830208118107315
0.100910478804657 0.0623574973453576 -0.264885571900136 -0.037731135238695
0.10442915039244 -0.0182218257877754 -0.142888854442649 0.0957463250993533
0.0655365050132587 -0.0753984031550672 0.058061953444088 0.0863037188020993
-0.0280246540756262 -0.0970656442645577 0.12040881437679 0.0716711219339201
-0.0341124080735115 -0.0101160203861976 0.112974936205429 0.0916155490744833
0.0603717893482674 0.225083098004219 -0.164362472286606 0.140799885050623
0.0655317360776436 0.261299168320206 -0.0947310025050303 0.276693689714965
0.00274002693205547 0.307200266185247 -0.112996152955799 0.281437195052697
-0.0907960563552285 0.286825854599501 -0.15917329875853 0.181753276298828
-0.212695628787613 0.199711443068785 -0.137580857512218 0.0695434222265871
-0.238459831945168 0.0535423697816445 -0.0246834129041706 -0.0740018609622174
-0.138025312103353 -0.0144044299782247 0.064919109508011 -0.121827700581244
-0.0183556374608293 0.049029065370598 0.0427745984058425 -0.0836521636353079
0.0770041715038882 0.134474420738439 -0.0946787022514537 -0.0156904764516554
0.14733604967024 0.128440619096997 -0.230105475553261 0.0579298130243425
0.185697813717795 0.0535333837781628 -0.236460568009845 0.130053419825312
0.173419535856984 -0.0765779610153479 -0.105592239104555 0.229103848535808
0.0639506330126768 -0.144914086064012 0.0950181073819684 0.169578430165151
-0.0595049464690976 -0.143683383006585 0.144047685089605 0.132075883853783
-0.0651434863933193 0.0145140976697648 0.1471815971608 0.123268228869595
0.0381315376576167 0.25867300759171 -0.22783258267586 0.0207385262589621
0.0212635584441246 0.291284610560141 -0.214242214950251 0.154505397761867
-0.0599207139855061 0.320116512026891 -0.257940053610483 0.209931143973197
-0.133089299036382 0.252269131979128 -0.305544126933606 0.130224226103537
-0.200163562541969 0.142996126121183 -0.282032656552643 0.0111000422108416
-0.191680635636447 0.0471539953496778 -0.140862765520543 -0.141134241802311
-0.110119131834298 0.0161184353199883 -0.00332585267416614 -0.161161618221208
-0.03430978519733 0.0758007547431498 0.038393702998463 -0.0566722580982951
0.0497761338497865 0.130312719203832 -0.0131724073871275 0.0791663463490779
0.140428393900634 0.0941715490744053 -0.0812738326629395 0.216037487726559
0.16064134783529 -0.0228390279738671 -0.0389405364571978 0.298672657310654
0.0953169872098821 -0.130548385561878 0.0775989333595733 0.320345100164099
-0.0503953556616424 -0.113730667924481 0.216692562233022 0.204149443417146
-0.107282413396665 -0.0578056993383683 0.201905105818231 0.154643918045089
-0.0715610379840114 0.0981594513538036 0.19768013511568 0.133876211844806
-0.0159092007809749 0.215254152838315 -0.253274358005769 -0.0929105649430408
-0.0609616313352604 0.183853752383232 -0.276171501811623 -0.00710738423641159
-0.125448706707247 0.156966269030085 -0.343647107036788 0.0317295491414965
-0.108403572537988 0.0562879567367855 -0.361268322376839 -0.0665192475597256
-0.0645924704520287 -0.00397377707893424 -0.284946816154998 -0.152720247906647
-0.0292350089605498 0.0322692469777546 -0.125894365429354 -0.225588255501009
-0.027893065724716 0.0656821056096546 -0.0177792734845907 -0.170041890396338
-0.0436375639199119 0.0869417856426013 0.0259153052169513 -0.0206093858153478
-0.0281229091780646 0.07890296870691 0.0485645869829627 0.137498911272507
0.00184836871773153 0.0270777901642191 0.101396569838671 0.266369957417697
-0.0312584721582652 -0.0423199714395439 0.233659724867161 0.282051872227284
-0.0974610887646366 -0.0280035415960495 0.311965133974379 0.207043009593272
-0.168488286859488 0.0813401862331745 0.344866683420419 0.0832065942566903
-0.103160223527631 0.130387663511421 0.25091164717992 0.0641991342149995
-0.0371950171214614 0.206479842237818 0.234980831518431 0.0845755139451131
-0.0623279226978397 0.118136724649426 -0.223091112343638 -0.153472861470145
-0.0982927093642313 -0.00787161992440911 -0.236229015670357 -0.118950550979198
-0.0882005245220929 -0.0710475937773063 -0.27236403348138 -0.122793085309559
0.0279866318463078 -0.114546774763549 -0.205405129049929 -0.249206952243575
0.110908817542408 -0.0711250732219065 -0.0726056377759643 -0.265384023443314
0.112999327942062 0.0603905389189389 0.040515059067777 -0.232246341701383
0.0434012721520462 0.116523372787435 0.0307366510731803 -0.126173595978791
-0.0468525264494721 0.0836124594399962 0.00781805345563399 0.0171584028339966
-0.12242125617087 0.021441024069675 0.0418709657307765 0.139493509477415
-0.193522629049362 0.00544431299393877 0.16014209200926 0.189069441982291
-0.230153781893212 0.0605051999804276 0.318831487524988 0.11035786604977
-0.195815230166442 0.18141116176953 0.355498119223604 -0.0252180969589331
-0.152235460827401 0.282216667349835 0.327566669783983 -0.125070758065396
-0.024835616581422 0.273793735327395 0.220186812182376 -0.11130509068741
0.021461324611913 0.271427278250709 0.228450224452659 -0.0229325832849473
-0.0720334972957466 0.0293323461023697 -0.165634143135179 -0.15117150973417
-0.0589471291210623 -0.138619962745669 -0.154172136739937 -0.119584968020769
0.0235145844401123 -0.164981942412272 -0.139781610062905 -0.130562863717822
0.145665085311435 -0.107777775217512 0.017055146592222 -0.22938328453945
0.171290019655184 -0.01664701485543 0.166931874081678 -0.174710089575171
0.128937483801153 0.098199247954317 0.219918737871566 -0.113015422661557
0.0595753789561949 0.137085959224608 0.103204724437562 -0.038330049657673
-0.0466337294982229 0.0677716660330201 -0.0102377547178041 0.049117941688593
-0.168231737230604 -0.00798078920651668 -0.0357322637761084 0.10485286232558
-0.284268842626861 0.0257486381409405 0.0571625303466663 0.0916833649281438
-0.262791220727641 0.151560106416182 0.187305567432916 -0.00913347097872494
-0.143105657121642 0.274932153397372 0.22068139363968 -0.145236940029652
-0.0556360651340917 0.310180288155629 0.190236077891227 -0.250808203904915
0.0569046266324233 0.268964704901163 0.112697564500815 -0.265812386294197
0.0657529505400116 0.249345530576581 0.174183102868823 -0.141774397786126
-0.0519038491309717 -0.00641667270131887 -0.118945371315671 -0.116603900924865
-0.00560311328354283 -0.127292539777043 -0.108616458399641 -0.0650806441450083
0.0692019431154654 -0.107575529056561 -0.0735131526944899 -0.0604133480077274
0.12498495177718 -0.0279717688700502 0.116740816881894 -0.101927287822984
0.100785546941072 0.0260321023727395 0.252557268880326 -0.000434547930054132
0.0547132692924274 0.0783079946207332 0.29181491405379 0.041735093568971
0.0262905302608042 0.102158206959442 0.152460929853874 0.0524432929549088
-0.0396248891002315 0.0438116228252462 -0.0272941276240865 0.0675762148656763
-0.126745739184052 -0.00319891192987345 -0.128691069373412 0.0722395251123086
-0.210067229419159 0.0344246836892414 -0.0845918983196246 0.0469317025468472
-0.14971317101231 0.12218056918477 0.0316704966653318 -0.0252194857860495
-0.0470237233482496 0.182727192226396 0.0879741240348978 -0.13636483540694
0.00545859853762092 0.179201855097481 0.0598974544983347 -0.265901008656299
0.0697288021421795 0.148626901287025 0.0022721880416558 -0.339580998402074
0.0618193483413184 0.154026416004161 0.106956924132206 -0.228683118613536
-0.0123113485947011 -0.0123136046769187 -0.128082263109034 0.237159538403446
-0.0139056207013011 -0.0081836028087335 -0.02715989911273 0.352880701365755
-0.0129618986412167 -0.00848866257937907 -0.0333563515760099 0.262065747791009
-0.00509678599028458 -0.0193163406789082 -0.0507205124727757 0.12283149410737
0.0117800880760554 -0.00347619083611847 0.0213478677102979 0.0399788322159208
0.0376624669157676 -0.0106189379934104 0.145751748669861 -0.00235127675634424
0.0337187942125779 -0.00599411141658106 0.15989296195807 -0.029302836872613
0.02638583262402 -0.0168441122380575 0.0476488272869035 -0.088636820085424
0.0258300892683386 -0.00782872525152714 -0.160092585430653 -0.14909987274304
0.0180508913050824 0.000513691771871757 -0.278971575118914 -0.172833461190103
0.00111154685856234 0.0132878794544314 -0.23867070947655 -0.127952431713067
-0.00988342420093261 -0.00790008334638925 -0.145914509582305 0.0261643927658795
-0.00865047251038578 0.00647188665296444 0.0545729463139669 0.0611201269403385
-0.0262167289862941 0.0118034368578578 0.113187506088917 0.0590988717933997
0.00641082938109202 0.00735989191304863 0.0940188109702812 0.0960129229016082
0.0149717305270704 0.13254254625599 -0.142272126168927 0.206806319330308
0.0178869305084557 0.151295301866895 -0.0536638613272382 0.331735101109089
-0.0233564741196118 0.174352112230637 -0.0600059347392345 0.270195141443761
-0.077843222764296 0.154443863543327 -0.0806789500872666 0.139082531194485
-0.148355931258634 0.100371069557257 -0.0195564286444821 0.050096864102192
-0.145788545925407 -0.00249454746226796 0.104469888472428 -0.0227406855305786
-0.075237638448821 -0.0362181726232007 0.141844486098927 -0.0573452050860949
0.00108722129341919 0.014491531233017 0.053283670494929 -0.0918426280631947
0.0490342094598027 0.0897310605877208 -0.139251072078481 -0.123565514904476
0.0713391052564147 0.101816015070191 -0.268895582706588 -0.134777385169676
0.0901761128268515 0.0813817641974481 -0.258875781203416 -0.0852710690343978
0.107011314753473 0.00038296058665621 -0.160546888611009 0.0684947652199288
0.0781512229826773 -0.0627032649826064 0.0427233775171473 0.0951124978491806
-0.010768076923309 -0.101136306430574 0.107380250827706 0.0919552217866335
-0.0315956482040892 -0.0172778456581614 0.0969606720441946 0.111884479280673
0.0225893581665017 0.237336925154443 -0.187249407020482 0.113130171546917
0.0219821674215946 0.273767494297808 -0.142140122324432 0.259128865964701
-0.0509167308401486 0.308550207647771 -0.160869836384637 0.262860377839764
-0.138242765973203 0.26900294720593 -0.190153996273147 0.156162967888993
-0.246493255398972 0.160748465152523 -0.150529014289824 0.048003165286157
-0.246066010967916 0.010605704832761 -0.016445783983239 -0.0760759383760079
-0.132415189615454 -0.0379085690672628 0.0798515019614618 -0.111786611800593
-0.0243833786367595 0.0469602105258427 0.0538502014849878 -0.0782207094791319
0.0544791219345567 0.149176797410694 -0.0922866994648948 -0.0320868128013981
0.124153725402158 0.155948021646623 -0.239090422254292 0.0168060907882484
0.176201191349697 0.0875621626620832 -0.259223560135786 0.0881908444551916
0.185855548414768 -0.045893955642843 -0.145388675122006 0.210042599928684
0.0896749576867454 -0.13228542380248 0.06570238962368 0.184938893406083
-0.0344224187302789 -0.154367195045012 0.121000198289187 0.156276745800988
-0.067596728727077 0.00190348029455592 0.125636062547105 0.150390668149531
-0.00583751126154485 0.266424999316766 -0.230455361399263 -0.0175540430102146
-0.0271599077650329 0.297186760466798 -0.240439746500616 0.118279107316018
-0.116254741169996 0.311516597848479 -0.294447947996202 0.165740639094921
-0.175832451232867 0.228258117276642 -0.328800160482287 0.0797345767992394
-0.223695764767996 0.105124292684178 -0.286254013541665 -0.0345874185841982
-0.197175572555866 0.0128522172045914 -0.12202972804205 -0.165194057175437
-0.109160582604816 -0.00236314215525873 0.019826687951308 -0.163498234723819
-0.0438659179819117 0.0709079092842464 0.0467014705447973 -0.0511278128207426
0.0296579325892932 0.140671557945071 -0.0264637170875307 0.0769535199824428
0.124904109301714 0.119186137516516 -0.117297191516165 0.203204917266001
0.165161569104904 0.00547436775833246 -0.0893343059100621 0.292486193506823
0.1171364137312 -0.114414452583075 0.0240724772126072 0.335799863307081
-0.028603307732298 -0.122771309004807 0.184125725109936 0.241100221675039
-0.0969264872177185 -0.0779466744923529 0.175285717403978 0.188159112339365
-0.0884750409075117 0.0844567153265139 0.175315842266727 0.169001523685733
-0.0537954485860948 0.213931509671217 -0.236713714186355 -0.135951571701701
-0.0922439534610061 0.175171282991374 -0.27422261609389 -0.0549178019944862
-0.153155481327711 0.136972057340498 -0.349458923638799 -0.0265071789321455
-0.116821592942968 0.0392896644870954 -0.351679944516612 -0.126662017152117
-0.0647295793036223 -0.0159079649087136 -0.260666179974706 -0.202436525494883
-0.0327786377751223 0.0271014174975282 -0.0916605649552164 -0.248803311812983
-0.0370865387423409 0.0615184331327411 0.00891100943614165 -0.174353453279469
-0.054636379914213 0.0815860104370078 0.0293163590631151 -0.0162861069017123
-0.0375568619416986 0.0757947038315237 0.02617783512 0.147218166578576
0.000858616065761733 0.0266276590198741 0.0594598436038134 0.28662258510203
-0.0225257247059551 -0.0502292739632869 0.189429854795131 0.32127323168917
-0.0923300809539903 -0.0481155771985441 0.27940974181508 0.260768946416992
-0.180166290840653 0.0500599999498278 0.331441480886357 0.14080225670506
-0.125189154179835 0.110029889368505 0.240462018033833 0.105920505130835
-0.0730361097339149 0.199063192956 0.22304724014651 0.125805938686676
-0.0840293892841583 0.108197981939357 -0.196896767156535 -0.192228577814861
-0.0987168600934092 -0.0233640487680057 -0.214465275922395 -0.159655716353213
-0.0780640601686199 -0.085926993865726 -0.250954832291478 -0.170684141558003
0.0465518708449391 -0.106833649503013 -0.163646265509939 -0.282861757875081
0.121787996683863 -0.0518083847900877 -0.0273537729801387 -0.277165325443598
0.102854990691821 0.0793778094587659 0.0792976235091708 -0.227784991839815
0.0257504729591853 0.125388348493171 0.05220507137385 -0.121125753709999
-0.0576171520322148 0.076472912053885 0.00673952742594044 0.018932743593301
-0.120632915204717 0.0015193102850983 0.0211619754157323 0.148864996451614
-0.189795115333568 -0.031086002725533 0.133234751151141 0.219482796804847
-0.238015063578978 0.0161611095847367 0.304784025511495 0.163373394025341
-0.229839045041502 0.143830380535631 0.362868636446486 0.0350971336854187
-0.202084879153681 0.251840266260575 0.349726908025983 -0.0715961921112144
-0.0726657689447271 0.265799586544032 0.238667344089042 -0.0748792088231914
-0.0251933903170789 0.27480568524608 0.23436145885911 0.0165802803270651
-0.0793959433889398 0.0169764424281087 -0.138998485420215 -0.180096803395231
-0.0368111529616894 -0.147891950880448 -0.132637897591708 -0.14585881737139
0.0505914628746149 -0.160410022125581 -0.115766243201343 -0.154554869623452
0.162613886171386 -0.0813492796340086 0.0571068897420226 -0.22494079558465
0.172523924989693 0.0128676801782341 0.19897254650689 -0.143936665551125
0.112198239158582 0.12094598965142 0.240020424615915 -0.0765275723564647
0.0383886182571036 0.147728238948805 0.110151795083609 -0.0197797674357261
-0.055387118907695 0.0612883741682557 -0.0158155356488778 0.0474811144849011
-0.161920606812315 -0.0357967652600359 -0.0486275116155424 0.102258354935925
-0.284207398830216 -0.0253407225363898 0.0470697421304212 0.102945520879104
-0.286001790888212 0.102009816926885 0.192044018797721 0.0211864258629395
-0.192409237192081 0.246394011750546 0.247616433755857 -0.109280273875779
-0.111587653890799 0.297023510652232 0.23250814972495 -0.220121665422442
0.00848950608088517 0.276080652769982 0.156761396638657 -0.247322475833444
0.0220309855129612 0.261106062528339 0.20077178806776 -0.113967329846219
-0.0514505795837585 -0.0145888931078198 -0.0978248830349547 -0.137613604053324
0.0156974543820938 -0.127374162247985 -0.0964524456732621 -0.0830099528638635
0.0862114146119395 -0.0948130110695948 -0.0613957286582687 -0.0718738110512658
0.128322356640799 -0.00651549612271736 0.135695809552214 -0.0791219778144964
0.0962549429655876 0.0432415781874026 0.254208541311369 0.0452075455872243
0.0410029401619917 0.0877001279835861 0.28651385201299 0.0923828676386848
0.0117074114290579 0.106814304936148 0.143960315786318 0.0797640899037864
-0.0462474600802516 0.0379320916782161 -0.0359746816763051 0.0637292164925308
-0.124104148869228 -0.0261444946319369 -0.134132612732449 0.0533972028291573
-0.214392290209879 -0.00194655796731379 -0.0867825735212671 0.0314178151336192
-0.169446858707273 0.0925420361513919 0.0372144586930106 -0.022367902171071
-0.079782643818 0.1726050575357 0.111160927681853 -0.123465926544575
-0.0281256495606383 0.178857139449269 0.103870927555218 -0.256868617528947
0.0423640528987626 0.159380256155015 0.0584683106703953 -0.340117395364729
0.0344696570399742 0.164445941050896 0.146882350612128 -0.212383231286721
-0.0134522161223268 -0.0125766650489265 -0.124702073238038 0.247777475937775
-0.0144038722364279 -0.00807748200016408 -0.0207120614753116 0.366217519304482
-0.0130775090215815 -0.00753141068597127 -0.0267875494264607 0.271393958663962
-0.0057495372613691 -0.0196944252321691 -0.0478167302612424 0.12836542962553
0.0124845466560865 -0.00343159741961188 0.0228854716070963 0.0430775202867553
0.0382931274056188 -0.0115642805757649 0.1447348345053 -0.00316595842336238
0.0349857672806747 -0.00759043782703901 0.157328245632356 -0.0325692126422653
0.0259990393092914 -0.0181313549575353 0.044006094367385 -0.0937317870491852
0.0264218877644816 -0.00952029165569386 -0.166921482078413 -0.151174647065189
0.0188944861973882 -0.000804658499092587 -0.288636333793426 -0.173927331186303
0.00270184938202293 0.0132919284537816 -0.247058458697529 -0.130651927666867
-0.0109647514238803 -0.0082192143216732 -0.150604570921986 0.0277569462501855
-0.0101004199426559 0.00732510513079952 0.0567510901307929 0.0601339996686898
-0.0268810206095074 0.0134933328072296 0.117487405764163 0.0587204439042237
0.00643284923303461 0.00664014408477139 0.0982102838064459 0.097639739074962
0.0191247887925048 0.136212179736864 -0.141530596283865 0.217201361715829
0.0212113068696514 0.156150670268887 -0.0471553701743049 0.344682408151573
-0.0206397765214252 0.180713116174773 -0.0534281152384262 0.280511525107749
-0.0776019445048128 0.15966017839358 -0.0787487078000364 0.146372953760451
-0.149251165649475 0.105578578530376 -0.0196128455179088 0.0541861405507424
-0.147193010564243 -0.00100582922405292 0.102657316156723 -0.0230571326778077
-0.0752169677425784 -0.0354828954749912 0.13762478697122 -0.0611483200308758
0.00222609995786966 0.0154856195346985 0.0486825747527558 -0.0968608035757385
0.0529517751496423 0.0913408491587818 -0.146264266178846 -0.12530836645005
0.0756240806361952 0.103483850025408 -0.278991875832454 -0.134960649414792
0.0934677874982272 0.0827351812302383 -0.268349246162555 -0.0857634299084242
0.109351355779032 -0.00112278499753472 -0.163880512525951 0.071222203730824
0.0791734251805553 -0.0663582403532038 0.0444296372851787 0.0974117166563683
-0.0140756347675932 -0.103888021242332 0.112116465440069 0.0929373535183984
-0.033666839564075 -0.0172324675496768 0.101376118546168 0.113423258624705
0.029080732952415 0.243817212660123 -0.190231903888831 0.121558408863753
0.0285820345535242 0.281431926126287 -0.139193548494885 0.272532103109176
-0.0460024527778825 0.319080060779373 -0.158953758088077 0.276174920958487
-0.13811105528985 0.277404473674368 -0.192504561355898 0.166283231037662
-0.24900919916947 0.167174844681632 -0.154765242939978 0.0549194829358541
-0.249486060560573 0.0148489963364055 -0.0236708031267028 -0.0761738572155573
-0.132575068961646 -0.0358318021456349 0.073275450935687 -0.118340884108983
-0.0221193766270525 0.0500321244080038 0.0498117754097622 -0.0826527968125753
0.0613952641955032 0.153503762359683 -0.0965301489069617 -0.0323990026840307
0.131508130927888 0.158802773899711 -0.245032035555817 0.0202100497563474
0.182580482817232 0.0878719624407158 -0.265760807695503 0.0944267969698088
0.189286193048025 -0.0503656930025305 -0.146361671112623 0.217960217773922
0.0909350277616561 -0.13942978687024 0.0701068569988541 0.19061226536827
-0.0398379697300875 -0.158375570967323 0.127975810132004 0.159297603937297
-0.0698396157217031 0.00235994716530817 0.132316751665138 0.152303406348795
0.000110368730739309 0.275522575288233 -0.237234914993577 -0.0127738887066838
-0.0217164575085012 0.305524224459372 -0.243636378714508 0.127735047752681
-0.113253109003628 0.323704196815469 -0.297903544683647 0.178304315210827
-0.177072951489654 0.235686811214843 -0.337854617043116 0.0901845540238777
-0.228677600743977 0.110089004418315 -0.295634700804489 -0.0282413115768334
-0.198604964894711 0.0151792135982651 -0.133179546187728 -0.166451930935403
-0.108166229594791 -0.000153565653833594 0.0131507278740637 -0.170111654546682
-0.0399425579715943 0.0755029117695639 0.0446868241700906 -0.0544143622275742
0.0364614692281794 0.146853857048046 -0.0260220522420796 0.0795581132004015
0.132290582221868 0.120653886139285 -0.115939553342853 0.211204078992569
0.169592592679997 0.00312608010438993 -0.0860718886898445 0.302703916464199
0.118093985309328 -0.120556563589309 0.0319326999130039 0.346047020100996
-0.0314763980636984 -0.126783850578229 0.193445141813545 0.244446599597436
-0.102134133282187 -0.0790495108245094 0.185108351295517 0.191437389507444
-0.0900503061631904 0.0883813189008527 0.184009715089443 0.171512804082028
-0.0503002327474085 0.221071308330627 -0.246614931759743 -0.134844666308307
-0.0920070554611331 0.182025101217235 -0.283992799691742 -0.0507988856383422
-0.155800106543254 0.143872277019308 -0.360758105784548 -0.0194737782582451
-0.119940882535304 0.0408267068766201 -0.366301880859055 -0.121919784034071
-0.067128390174379 -0.0179454105543758 -0.274801621826439 -0.202146817226771
-0.0306975107851705 0.0270794411329605 -0.1012824978075 -0.254310207388756
-0.0322551075149823 0.0648336547808813 0.00338550941127197 -0.180951337069722
-0.0500945439656422 0.0866704382645003 0.0298917965050393 -0.0171414159451349
-0.0327067755618897 0.0809106577301622 0.0299568276517931 0.152340381537557
0.00413812983134628 0.0257361007291743 0.0688035288517218 0.295377071955012
-0.0234327711525314 -0.0525222819899287 0.203080962720808 0.32775748699426
-0.0971316632490476 -0.048782269418307 0.294542896199701 0.2641657681541
-0.184522557361097 0.0545617463134308 0.344507987536088 0.137763041539381
-0.126567503548629 0.115152162728775 0.250107836185259 0.105552505822065
-0.0714332627056748 0.206327025394437 0.232103419923321 0.12468944315747
-0.0849437718445192 0.112806568342821 -0.206537717619485 -0.193541744331
-0.103416880160875 -0.0224621749242308 -0.225543527276635 -0.161025301636727
-0.0826661648625835 -0.0863511304300777 -0.263114069087821 -0.170630063405917
0.0462168047325524 -0.111839264217253 -0.174599011884445 -0.287821581224505
0.12298341448837 -0.0559940451499402 -0.0339833977350692 -0.28541499483955
0.10896671843628 0.0799153211891623 0.0763022586781561 -0.236519271584094
0.0319883475146884 0.128882579750578 0.0506301939247855 -0.126003931773682
-0.0539546709731583 0.0819781738810359 0.00960727396919719 0.0199230401807239
-0.119850239904323 0.00496529900693589 0.0275176960258031 0.15526337231398
-0.191707665877883 -0.030269564593509 0.145897553469846 0.224547207440317
-0.243089925793744 0.0189017182668289 0.319089174242842 0.160729993439483
-0.234291000451288 0.14990549202372 0.375763765642133 0.0276124575737562
-0.203107550810235 0.264669361818998 0.358880335880979 -0.0817929619242087
-0.0685400747214867 0.276638750580725 0.243888036838788 -0.0832366624352262
-0.0200794456996679 0.283423636394354 0.241681896844302 0.0105336805197563
-0.0819080204324204 0.0188649196033629 -0.147358341396249 -0.182085653804235
-0.0427539385811888 -0.151540933724061 -0.139912791880406 -0.148109729591883
0.0478050548884132 -0.166075265578612 -0.121350108151802 -0.156499293131473
0.166084049029844 -0.0867406508960999 0.0562873885606439 -0.232057022973261
0.176546766044017 0.0107011253750721 0.203502664778674 -0.151422379167815
0.117362647122851 0.12241660679512 0.244666888991939 -0.0835247063647261
0.0449289313219134 0.151713807525208 0.113159686597515 -0.0213661294290873
-0.0531519437408953 0.0655996875880608 -0.0122328890486762 0.049406809373234
-0.16416696961577 -0.0333375462108945 -0.0425344977884998 0.108552177848034
-0.29016612458205 -0.0216627365474364 0.0558329863565471 0.104289082544019
-0.290815006488082 0.107296670479633 0.200493647953408 0.0144028539625138
-0.192788653901474 0.25435814603746 0.252316423726963 -0.119662647410618
-0.110754369609882 0.308050100271629 0.233382308523921 -0.232537332454432
0.0151573441417346 0.284851324461632 0.155063879677053 -0.258598064131759
0.0294010746889132 0.268287542090233 0.202568637742012 -0.123517763843601
-0.0537818836242862 -0.0140222774029319 -0.10444218051193 -0.139683030228104
0.0123134441268035 -0.131473063918951 -0.100452395944965 -0.0842547162269585
0.0859402437676992 -0.0991469017474079 -0.0622267270498522 -0.0721212962037749
0.132498448336274 -0.0088985729139952 0.139497221089161 -0.0823943619543271
0.0997855526866399 0.0430805543935756 0.262654540658343 0.044671299097863
0.0435414727578233 0.0903921161877653 0.295514986877906 0.0919037309845394
0.0156988227256727 0.108796605209722 0.149346873237866 0.0813349997081857
-0.0450979211419527 0.0421404735785079 -0.0334975007070079 0.0672976518081508
-0.1264947929562 -0.0245809538384 -0.130601338705697 0.058863295160579
-0.218615575133135 0.00213219563131872 -0.0840648205457253 0.0322683064470392
-0.171482182648247 0.0967852824414737 0.03850260202871 -0.0260979991810324
-0.0793353399649702 0.176387763835505 0.110803819425687 -0.131010022471707
-0.02620774748951 0.185071614946105 0.100240912730208 -0.267588456970448
0.0471662546674308 0.163236017257236 0.0515915937172652 -0.353291337571797
0.0402710919066982 0.168440075686489 0.145805362650441 -0.223363068664401
-0.0140276913059673 -0.0119334856199039 -0.1153900146283 0.260650105140126
-0.0150787454826874 -0.008023458687502 -0.00189778899464502 0.377664398623808
-0.0127769867590346 -0.00670861949805264 -0.0130893239538899 0.280624990496371
-0.00744076369673652 -0.0204607289818535 -0.0413331185328421 0.134705142175935
0.0132438427556461 -0.00395673995374565 0.0248953316558415 0.0458374159982558
0.0382696490433915 -0.0134169237867591 0.142174052287204 -0.00735027685729877
0.0358532221991 -0.0100240364942638 0.151366767261613 -0.0389694085047859
0.0251101022123583 -0.0200495902703279 0.0362219807952925 -0.0993430878183017
0.0260412179297636 -0.0121707597446655 -0.177297708934431 -0.148248411642983
0.0191032952861002 -0.00192592350185644 -0.301137914272197 -0.166557103699942
0.00389942675456887 0.0133583910748702 -0.25832784223471 -0.126488407577578
-0.0118571839206863 -0.00777924426691576 -0.153596188634476 0.032207274996271
-0.0104574283836676 0.00798673898724656 0.0594396998102287 0.0584432230123435
-0.0259871972591619 0.0156459981193714 0.121789039761253 0.0555233627027218
0.00690631526864643 0.00600475790827742 0.10366357201962 0.0953340176650537
0.0261168957437788 0.138587608918824 -0.133772430953877 0.229639985405191
0.0283694518128844 0.158512279775221 -0.0305263801474289 0.357315754916929
-0.0133046150334749 0.186633971277218 -0.0393599048007152 0.290474103167282
-0.0725587186764044 0.165414576637942 -0.0732752856941236 0.154344972153297
-0.146719892854595 0.113566811201158 -0.0176218745566506 0.059326775368589
-0.148931889834297 0.0041859712036887 0.0975839538256262 -0.0254337444161557
-0.076004636899413 -0.0335515725583702 0.13034489318439 -0.0681833226005941
0.00420914330910434 0.0164533407436018 0.0410673131994919 -0.102512274510872
0.0592669809077511 0.0901923580128057 -0.155681388252783 -0.122507888223309
0.081671990503339 0.10272147256145 -0.289745560760413 -0.128909267105127
0.0998093545291098 0.0805678485334139 -0.277846961213197 -0.0790844031995062
0.111183106276183 -0.00565123008412795 -0.165757556894802 0.0767273663670743
0.0775528498267248 -0.0713756322658041 0.0491535555575698 0.0973525828809903
-0.0195259123687994 -0.105393100379402 0.118381866570785 0.0905166857557159
-0.0351316884218215 -0.0167956274435698 0.108945257659484 0.112015458681924
0.0422052256144367 0.247933337778974 -0.189449597945154 0.13454894896431
0.0418385924966537 0.286680848378435 -0.128431024995376 0.286211179283133
-0.0343738715460516 0.329180272368491 -0.146719548606639 0.290866558882549
-0.130298944455307 0.286942822730949 -0.188611589771336 0.181162293120125
-0.245348327892964 0.179686339965789 -0.157085804067009 0.0655282550554626
-0.249622451700264 0.0235711706396372 -0.0327755636795354 -0.0741692130208549
-0.132563132164167 -0.0303060978973863 0.0630291466332156 -0.124215109112277
-0.0171649818131149 0.0523775141859016 0.0434689753180209 -0.087056845742202
0.0719137395266957 0.155150392149401 -0.100346490337534 -0.0289847834777225
0.140402157557244 0.157688181868736 -0.24875218132542 0.0298857865841363
0.189865366369958 0.0821406515347464 -0.267475736099578 0.106796332756176
0.190806385515396 -0.0595694443483427 -0.140085458789577 0.22851493690886
0.087185695658991 -0.147147725696262 0.0794370199529237 0.192775072250071
-0.0489080056837323 -0.160783868203302 0.138150832032832 0.158686751045863
-0.0720606761809056 0.00478248991127203 0.141299783215173 0.150273929689333
0.0141512490295043 0.28044673853979 -0.244023641726324 -0.00101178811643436
-0.00817847993874003 0.31393148324745 -0.242819158731834 0.142214291089624
-0.102583693367629 0.33595521053932 -0.29609925787104 0.199095753856546
-0.17146286664787 0.246284180547009 -0.343680410744624 0.109864638713468
-0.227651013313372 0.118499298172436 -0.306489628717795 -0.014152470069407
-0.19776113025255 0.0216533089088217 -0.148079684490774 -0.16258844055672
-0.105708066599597 0.00482888301216415 0.00138065504522018 -0.175078316343457
-0.0332672339047944 0.0801968456104823 0.0402588672226151 -0.0579802881535454
0.0477908981262355 0.149662701254953 -0.023646713269942 0.0829769779654945
0.141010302000408 0.117633385230795 -0.107778282286235 0.221099258026361
0.173168201898355 -0.00435645244274232 -0.0753099659447548 0.313398221549948
0.11521063351714 -0.127599196027058 0.0478421886795275 0.352411305048006
-0.0374744907850145 -0.128710718890872 0.208137846200022 0.2438572687467
-0.109232461939775 -0.0773776484250935 0.198396613561143 0.188298649643454
-0.0879175964395011 0.0933222361925278 0.19549679307051 0.166818389231656
-0.0410877593789324 0.227319871711283 -0.259293791055211 -0.125289387664523
-0.0859612787383563 0.189897456978492 -0.292770005788845 -0.0392947617128542
-0.153555165283338 0.155531006955732 -0.371485886316307 -0.00200022211124346
-0.121274023397314 0.0456601767451481 -0.383134696416176 -0.107329992058197
-0.0701295511353471 -0.0167925178091591 -0.291540622082914 -0.193282930836956
-0.0263316994893588 0.0277426826618681 -0.118400326476896 -0.256127011669229
-0.0257395312225749 0.0678017801945968 -0.00612855468810335 -0.186239022504459
-0.0435243096560195 0.0921634735315503 0.0298611137878705 -0.0194962971667842
-0.0245141156208925 0.0855680044375357 0.0389450358483238 0.154867858909428
0.00790135874951189 0.0251717898959689 0.0863088274268004 0.299733618470161
-0.0255510981062008 -0.0536565543198619 0.223785810313671 0.325071733407414
-0.100989354850863 -0.0468595899861291 0.3141721476983 0.256498191068693
-0.186281493115 0.0641158695496495 0.359684110536072 0.125768725525993
-0.125381918808852 0.123105676186344 0.262151130726868 0.0976838570511201
-0.0624181344151001 0.213878432602285 0.242321537233381 0.115765314802459
-0.0811992943191646 0.118761365535281 -0.219261793780565 -0.18865737626775
-0.107566532394555 -0.0188638752151421 -0.238823718106226 -0.154781937295241
-0.0895707094388982 -0.0839264353353674 -0.277660401568346 -0.162488986732024
0.0427748395753138 -0.116891772475219 -0.193222561893926 -0.286603537163741
0.122012084761223 -0.0622333105157912 -0.0474532593965019 -0.289911102657701
0.116164309047406 0.0761268760573712 0.0657795217543171 -0.246346926541771
0.0422118102708131 0.13054858218998 0.0456999142022551 -0.131526362740311
-0.0477334090425562 0.0878538334041814 0.0120072838752228 0.0194704083493461
-0.117061905426556 0.0112919527193518 0.0381849383568588 0.159175570162479
-0.194481936281193 -0.0239704421056296 0.162084745953471 0.223318825755464
-0.246313311326677 0.0272157220667433 0.335705294201255 0.146543712004579
-0.232244858290914 0.160766224159148 0.385375141382526 0.0112610511183268
-0.197959340699902 0.279622712935398 0.363848622163146 -0.101138575122708
-0.0589692016129324 0.286007361197476 0.245001505274507 -0.0956959477740729
-0.00654178009231174 0.29097651378043 0.246863712255192 -0.00199033633998588
-0.0833718504308757 0.0235811793068061 -0.158677139370879 -0.180369403451191
-0.0511795385408269 -0.152534103420051 -0.150835062554804 -0.146318496439494
0.0407796054829633 -0.170982450051157 -0.130315335626506 -0.15449472416962
0.166278364495397 -0.0950549340227198 0.0480577258552296 -0.239751115243309
0.179386289262933 0.00424264094382298 0.202845822281903 -0.163220932434124
0.124307239118429 0.12024078429606 0.246131949813226 -0.0955953894197873
0.0556159541777279 0.153369450685311 0.114429083941912 -0.0256630759265574
-0.0495376823615013 0.0714495054500199 -0.00824968069574192 0.052336496560131
-0.16514903660724 -0.0270118558180133 -0.0328268257832278 0.114476663100783
-0.292926394256993 -0.0105356010561545 0.0665871900440821 0.102942321520697
-0.291449765053854 0.11858198986266 0.206793643643381 0.00349382311716127
-0.186434340053353 0.265696929886624 0.251855250454458 -0.134839405987065
-0.100510202136985 0.321339239030359 0.226982206475269 -0.250513375512265
0.028478261669196 0.291441084392461 0.14496488941403 -0.272993695049131
0.043170336164621 0.273898869151257 0.200054268812036 -0.136531515835515
-0.0556433712609246 -0.0117555731018355 -0.112268757067989 -0.138913377181083
0.0063721178329543 -0.134109590667729 -0.10627481842073 -0.0824662508921035
0.0838280704184075 -0.104575186861858 -0.0651840619142477 -0.0698420477810661
0.133618927159156 -0.0149612003584291 0.140555075043529 -0.0891011466136501
0.103236183288283 0.0395630459287705 0.270821372344694 0.0360323537100421
0.0474122512216197 0.0914318534497253 0.305238623224911 0.0817248784175269
0.0224013037024061 0.110054815925461 0.156314566598215 0.0793072499935298
-0.0421456061952264 0.0459278550634008 -0.0278240451954137 0.0721808359000427
-0.127875017698666 -0.019843979731366 -0.122988198419189 0.066939073253682
-0.221134334781378 0.0115607018543358 -0.0798552013878911 0.0338575775179629
-0.169901198922347 0.103730281495861 0.0381111290203694 -0.0314448828554973
-0.0737622294852407 0.182536837370329 0.105211116926114 -0.139822820932679
-0.0194332098436089 0.191478691314347 0.0889993063336938 -0.279643550928987
0.0557108980661781 0.165172887880925 0.0353178528135732 -0.365179658325911
0.0501865844336554 0.169750932249519 0.136421299344732 -0.236450418008316
-0.0148255747828307 -0.0106365406575188 -0.10115982500467 0.267109521016486
-0.014706692286326 -0.0062527113220662 0.0175779983293551 0.379426829558236
-0.0119925041904923 -0.00607955533412248 0.00305061826422389 0.281009932157394
-0.00872220546087897 -0.0193740276656615 -0.0331653266001416 0.137500077886245
0.0140596190858791 -0.00412993332364056 0.0272692299554476 0.0474381022920955
0.0370393764056496 -0.0159375611865423 0.136342506700296 -0.0112617041876229
0.0350298539270191 -0.0129084708972888 0.143528632172877 -0.0449768497631622
0.0230953250716779 -0.0210527410501519 0.027397621702104 -0.102819161468353
0.0255894131789228 -0.0144812502338534 -0.183838923139605 -0.140403850124098
0.0190929115964296 -0.0035028056618235 -0.308518280566848 -0.153573236946633
0.00549413301640656 0.0131124574445174 -0.264387823354329 -0.118018317141973
-0.0135539377753636 -0.00764449900376415 -0.153016405834716 0.0375884884531194
-0.0101204365766823 0.00904632133055445 0.0622727724150582 0.0537637426054614
-0.0248574701385162 0.0176608644427252 0.123770202900025 0.0501676347641961
0.00781135982662106 0.00480311095622859 0.107623403747293 0.0899698969414778
0.0336826088192078 0.137404442612004 -0.121213947312468 0.237231832593406
0.0364184182069755 0.157125307846278 -0.0121655638206967 0.359398225644167
-0.00296786019254311 0.186492549590115 -0.0235616599837789 0.29284755980535
-0.0650025222944395 0.167771445129111 -0.0638072950573698 0.158894985207866
-0.139356783008946 0.118344666720341 -0.0141475640002764 0.0626917213847832
-0.146036401276545 0.00984692132586612 0.0916465744332739 -0.0265419211744525
-0.0738146101403616 -0.0300768581569088 0.119909986190887 -0.0725666610144712
0.00562557381159636 0.0168763920782023 0.0309521809324369 -0.105398725719236
0.0634559543215543 0.0870602280797191 -0.160756015832287 -0.115258747337053
0.0856577703391023 0.0993376854344329 -0.294309711331758 -0.115805466827036
0.103480906057517 0.0751206004476031 -0.280676350673364 -0.0688355627803172
0.109010595809639 -0.00961949981901524 -0.162038441241766 0.082342739583492
0.0738067273296641 -0.0740008946030315 0.0526440684783723 0.0945600887928284
-0.0255648797949582 -0.103677766861979 0.123060134376112 0.0850795815886929
-0.0356630454444048 -0.0158964566048139 0.113169417272968 0.107514548549068
0.0550892625967529 0.245068107227951 -0.180904809183973 0.144938276480408
0.0563100882647957 0.284287132892737 -0.112132263669191 0.294493024883194
-0.0176256214806289 0.329817156628608 -0.130686637956429 0.298645105520076
-0.116362083157333 0.291251564600105 -0.178741564526266 0.193161455850843
-0.235056992262291 0.187177593533888 -0.154249592591403 0.0753084066271423
-0.245205137345638 0.0323128187470777 -0.040759843589508 -0.0689954659726669
-0.12940342946454 -0.0244733622579717 0.0505210513371419 -0.126583324315102
-0.0117773803195443 0.0546516391150743 0.0346436387269234 -0.0897669387638631
0.0812758597715542 0.151180314202084 -0.10210867326281 -0.0247173113912223
0.147690178935886 0.150786561520745 -0.245753133283616 0.0401133896610119
0.192724545680527 0.0738329169342685 -0.262667452127432 0.118594901965765
0.186298968907508 -0.0670926044075884 -0.129875019266711 0.233206194090364
0.0793528715787658 -0.151250613757435 0.0873724841995648 0.189277376750083
-0.0577975194018201 -0.158143205350057 0.146077869588387 0.152143918546117
-0.0716238160090695 0.00756470538107328 0.147739697920771 0.142746284977289
0.028268013141033 0.278832956642758 -0.242853439916706 0.0129366272453514
0.00835080704352993 0.313745744432218 -0.234895710523973 0.154850619214233
-0.0865687911352488 0.341247999084699 -0.285183528427483 0.213605667818353
-0.160721787750222 0.251856993886562 -0.33804130548917 0.12883566328431
-0.221561219052769 0.125920021449539 -0.30804719763028 0.00268553649010959
-0.19200496751419 0.0284505744669352 -0.160057848758291 -0.153320488978733
-0.100159984091732 0.00971671250687554 -0.0119606385425679 -0.175087973015274
-0.0247718379878353 0.0828337768614139 0.0346740870957917 -0.0600683656820948
0.0584182365141816 0.147862508979704 -0.019825514423474 0.0833387272735771
0.147454227538249 0.110909049061749 -0.0952572506659069 0.2255122679535
0.172731244577551 -0.0121191206431193 -0.0601185782044698 0.316200239120404
0.108715788462109 -0.133089990273419 0.0658274561147407 0.349702729717129
-0.0430345640001976 -0.127226238618693 0.218746997930899 0.234263761950366
-0.113120201858273 -0.0724001054099013 0.208308915500079 0.179190873357485
-0.0826405478545923 0.0969624815927412 0.203049829583635 0.157382954685565
-0.0285250517563958 0.22862437925602 -0.264491384709083 -0.111986610009522
-0.0759059059660993 0.194384840471227 -0.29506538525717 -0.0247657217136326
-0.146212332608375 0.163269936393453 -0.370399862835142 0.0178976920458802
-0.119154058604852 0.0499645510644849 -0.388534085401869 -0.085926962474155
-0.0710243508201334 -0.0149076920955893 -0.302819128234122 -0.178278206294849
-0.0219842297704027 0.0270684074280742 -0.133288821832165 -0.248348358188984
-0.0178947489487708 0.0690896031521176 -0.0184817805989289 -0.185820247987663
-0.0343576448712674 0.0949851148486701 0.0280390256480808 -0.0209044937049745
-0.016366346099224 0.0876524228228473 0.0472466435006797 0.153625850513895
0.0119288172778108 0.0238982018412496 0.103531651018581 0.295543497446254
-0.0272976913702 -0.0532694087289258 0.240525746101458 0.312533991584567
-0.10366135969972 -0.0433796392037959 0.327469798531103 0.241929892041613
-0.182760515832862 0.0728176904513075 0.365128284630172 0.108050459500993
-0.118195863476379 0.128906660544328 0.265669462105462 0.0845875996801473
-0.0514528100550982 0.216735294804257 0.247198247485354 0.102818925049208
-0.0750985438212911 0.122401827709676 -0.229780347278417 -0.176734013362368
-0.109253089135333 -0.0136775954802653 -0.247046750053713 -0.143907878005573
-0.0933411085532074 -0.0786852776983585 -0.285907345905638 -0.148251964237525
0.0370024071143835 -0.118869908740396 -0.207089825228717 -0.275312563455971
0.117369910736382 -0.0672608266297818 -0.0617431178406338 -0.286670964525503
0.120166505813229 0.0704194080448614 0.052500956223376 -0.248278168284731
0.0516783047173481 0.127990229712657 0.0385659859225042 -0.133174514822587
-0.0396543882497204 0.0911735892975571 0.0136946349408689 0.0186813942875939
-0.110919711310815 0.0175274827979264 0.0496083159364998 0.157355695191615
-0.191298226743758 -0.0169245588240186 0.177472410532032 0.214914465424098
-0.242943250893234 0.0345410045341786 0.345417329993622 0.128146330242907
-0.224640672347826 0.169240035466662 0.385965549799567 -0.00936627778986558
-0.184359352024735 0.290089995474664 0.357507167380266 -0.12025146234112
-0.0435052416211715 0.288525477442693 0.238632759986143 -0.1076945027269
0.00912505006945595 0.291148649825383 0.24413840926985 -0.0152835801289768
-0.08117886477058 0.0274531275065583 -0.16818683083572 -0.171724005704269
-0.059685477839668 -0.149786535752638 -0.15811295280305 -0.139029434418673
0.032905909949146 -0.172424478332081 -0.136383487325349 -0.148244954201714
0.161130830806415 -0.103310761162817 0.0381741440537506 -0.241258163305679
0.178600811260838 -0.0032503561753161 0.194176301243539 -0.171702258975053
0.129666715003401 0.115702430203179 0.239675908124072 -0.106703433659032
0.0646982033444106 0.149935907651773 0.11296336110692 -0.0300177684660232
-0.0421251299212947 0.0751968274020022 -0.00367149192766333 0.0527799881064023
-0.162118604816207 -0.0189365345258622 -0.0211454088810126 0.116679490633775
-0.288969084014688 0.00215464651339111 0.0760280114626245 0.0977237723803993
-0.283198379029486 0.129014783752372 0.20826966970892 -0.0100195781268762
-0.172857592736297 0.271544844936519 0.243435047928343 -0.147704784353416
-0.0861806790599681 0.325590102626419 0.213534081873218 -0.263610847122974
0.0433881205896913 0.289552087462828 0.129626324438137 -0.280966171240029
0.0577573656647094 0.271140155547689 0.190451788597565 -0.147743003191918
-0.0554015593885052 -0.00927204774983224 -0.119302971472131 -0.13305430485637
-0.000554041003923604 -0.134294171695403 -0.110311445768583 -0.0775605309971241
0.0788842821074644 -0.108623349782411 -0.0657270625535469 -0.0669173133577077
0.133056013758594 -0.0201939981649409 0.136703406709161 -0.0949372945611434
0.104187536938419 0.0354222076510156 0.271808843401939 0.0252402595399108
0.0517826184396831 0.089643568228967 0.306923547353066 0.0678292960275929
0.0282656974368936 0.108011270921457 0.159535302715755 0.0741977807272442
-0.0376903695227365 0.0486951462694265 -0.0215508971573271 0.0751882967150616
-0.125776297848747 -0.0135402495585659 -0.111415227438599 0.0719292784542727
-0.217494146060769 0.0225814941797549 -0.0729395552472151 0.0348703632759924
-0.163300125027021 0.1093639653629 0.0364353121103248 -0.0367672189974159
-0.0649289125405578 0.183426937637828 0.0972388199576637 -0.146078012767198
-0.0103948805780036 0.192407271013943 0.0736357324171815 -0.284248765788699
0.0634679111321719 0.16269513728576 0.0154683540516303 -0.367912862503453
0.0590155928454999 0.165842172177576 0.122866371575027 -0.242695338489092
-0.0125763612817399 -0.0147284822096984 -0.18403988606523 0.212235996128155
-0.0142232582313883 -0.0114469066306699 -0.111947652349741 0.354278138448678
-0.0107885420700045 -0.00953425367936243 -0.0901867421777612 0.259745747936068
-0.00205698537524949 -0.0212221335789265 -0.0757769987461234 0.116323727621219
0.014776001921911 0.00103685659834314 0.00895686445271439 0.0557669631826551
0.0393014565446261 -0.00189363003844018 0.12454344728007 0.0360814313943812
0.0383323824946782 -0.000775118202580757 0.141371860966914 0.0044407590206197
0.0290638872684468 -0.012139181114186 0.0564335219236259 -0.0881324289667026
0.0284439319271355 -0.00613375444381521 -0.122970314006739 -0.192266250218579
0.0188537822378431 0.00206990822685338 -0.232329021011936 -0.24604729230095
0.00276041347900867 0.0127190162050855 -0.201869139450589 -0.201903243379284
-0.00924042538088593 -0.0123834823109249 -0.154387541875972 -0.0190682201611223
-0.013604020087103 0.00550148352140858 0.0389533194251415 0.0683092179232368
-0.0295875340203461 0.00865885368205972 0.0958470127415176 0.0880046201523001
0.00560314551263921 0.00694043490802283 0.0677280957679665 0.121325972059548
-0.0181113223386636 0.138782696960266 -0.191554523282632 0.179272500008151
-0.0232854973475735 0.158825750139411 -0.133075943348692 0.327543606933006
-0.0690606000983691 0.172265603672542 -0.119365821393256 0.263377297895195
-0.117636134168401 0.13096243182347 -0.112249317471924 0.126293031155153
-0.168714626176996 0.0616612974422083 -0.0359562186381761 0.0557812482820817
-0.137567356853836 -0.0409172485129751 0.0878858730470234 0.00765818879600236
-0.0558829835647437 -0.0529403785319011 0.127970581081189 -0.0288032786257791
0.000312793470514407 0.0180008871475274 0.0600583591275623 -0.0883737948384328
0.0306776920440965 0.101383704433712 -0.110066646191297 -0.160798547866185
0.0464091248050513 0.119794110147561 -0.232029595857943 -0.207528885578678
0.0719271422038987 0.103380008758869 -0.235179580056411 -0.160447155123048
0.102913276394174 0.0262873498129752 -0.177574968125087 0.0184156076516296
0.0919125733795007 -0.0429289658153092 0.0170283988473516 0.10386613225727
0.0104537054570459 -0.103576843992497 0.0839021576977112 0.119875935165099
-0.0284302263027046 -0.0266433515888281 0.0669063184845173 0.137819433171491
-0.0357449385404934 0.245639638932801 -0.21482465692828 0.0744227131750411
-0.0475426367382785 0.284046178721461 -0.202806661929128 0.233169965343571
-0.132568091882652 0.299118459556385 -0.221243686447765 0.233572375457766
-0.207382172983577 0.225491982042066 -0.231169283625475 0.119446895012378
-0.281191731371897 0.0915055044106359 -0.170980031999811 0.0198923760528689
-0.23513514834738 -0.0541979587083006 -0.020426099886143 -0.0765727241059644
-0.107485087539428 -0.0656619080727153 0.0825087034979042 -0.100647227421301
-0.0267868777132476 0.0478592347799129 0.058745262740908 -0.0733671115066333
0.0257438490913194 0.168659988224717 -0.0875618785185641 -0.0566919132606295
0.0855123655078595 0.189719133605345 -0.240391061734688 -0.045567097339789
0.153742266528357 0.132223646436242 -0.282060753217973 0.0202726306777466
0.193173981935188 -0.000867007545994099 -0.198075761600757 0.17126891760174
0.122825378900233 -0.111405931974457 0.0171785353991382 0.20440212503956
-0.00274685379003119 -0.164904284150258 0.0832972984592797 0.189592626136033
-0.0699379740119721 -0.0161783562501589 0.0864191751715727 0.183471178668203
-0.0700004506665104 0.265811382081214 -0.22713829863443 -0.0680108717041159
-0.101214909314409 0.293591154366146 -0.267745709636885 0.0643573318052355
-0.199452399518385 0.285904690228234 -0.336202981226468 0.101631465609184
-0.234898886724728 0.173809124868059 -0.356630404130523 0.00680871527361929
-0.247412734646013 0.0376583595407677 -0.289951697331215 -0.0996665319844854
-0.183361668341862 -0.0410507560395608 -0.100977967412911 -0.195092755489226
-0.0927502486559532 -0.0235388464129397 0.0419329234796343 -0.167082450511694
-0.0475527893394077 0.0703046370381867 0.0497899319324895 -0.0449827384474047
0.00695718805464372 0.158543883584752 -0.0473520777376449 0.0715972031295176
0.0997647787338352 0.153042116642488 -0.162819618000464 0.177392600346299
0.162903621418937 0.0459973737329636 -0.161651678471252 0.273591278419321
0.141932391478084 -0.0883407880941623 -0.0545656119993532 0.34692562569417
0.00249636359272441 -0.131012730532214 0.123076965241877 0.290690433301488
-0.0825958754836206 -0.105145764842422 0.130824823549422 0.235248037264109
-0.1102010419608 0.0630057684354412 0.132563648357279 0.21367558706911
-0.105203765618319 0.199340786650218 -0.204624220979512 -0.19018953869063
-0.136853337033336 0.151964654664079 -0.262895013956476 -0.122036120331971
-0.192908384763268 0.0990076392535218 -0.347565939886611 -0.110004050837014
-0.126788357964737 0.00176111450318329 -0.330538668963037 -0.21123313109078
-0.0610214411662729 -0.0404540241224154 -0.221456040486879 -0.267200493992922
-0.0251646526733486 0.0168593062317872 -0.0435145394677012 -0.276577270661904
-0.0359242262167079 0.0588126633172161 0.0428696007979366 -0.179605982362934
-0.0599948836603942 0.0796662690367965 0.032040812414503 -0.0106794403704066
-0.0404132282389912 0.0777157314755391 -0.00694796080364432 0.158393638037734
0.00466932419744224 0.0262624388037017 -0.000355790102774937 0.310305198361919
-0.00958228061452685 -0.0592171296873234 0.119592351199061 0.369220427700455
-0.084683398050703 -0.0744365116556797 0.224949399090304 0.333331733301108
-0.19386858663322 0.00681115073508295 0.299622868075189 0.22128644585374
-0.155048081413354 0.0795944452602994 0.213812207499115 0.167828224258194
-0.120652363874429 0.185571064519266 0.191309095723457 0.178855743955997
-0.110507147725386 0.0851475142256355 -0.151057325234666 -0.239609727374689
-0.0967584788147871 -0.0512982260377278 -0.178610786651629 -0.217254307332907
-0.0587736431845726 -0.107213056969457 -0.211894669564694 -0.23386652640573
0.0761743806081339 -0.0982749426843953 -0.0970911802837524 -0.324891027415065
0.132074575335863 -0.0230898962194662 0.0402229960031908 -0.286757299529116
0.0910177452382958 0.107592238381561 0.129870211811484 -0.214357226824514
0.00712962351764762 0.137797285578125 0.0790812510328602 -0.110643964629241
-0.0652011241519408 0.0748355095872529 0.00735136288245586 0.0222260444496281
-0.10462622053924 -0.0183943632402048 -0.00382617247896249 0.163544760392013
-0.168594634227416 -0.0797648034927102 0.0971782246133751 0.258243304681751
-0.237457089670474 -0.0500720764725077 0.27890602848733 0.232404825792766
-0.267057936299706 0.0824375459519527 0.361551304325773 0.118765383875089
-0.267929715436069 0.206445234740221 0.368354617221235 0.00689048523836952
-0.138160235383877 0.253957950557627 0.253268787553741 -0.019445763325914
-0.0880213748604844 0.275915850731633 0.22879043664306 0.067720318013672
-0.0846300626944606 -0.00485629939640325 -0.0958224300294031 -0.215002031236169
-0.00444091868840155 -0.16016361694402 -0.0969661435650245 -0.184241328355894
0.0907893378276052 -0.150565766840119 -0.0725863568548278 -0.18404549591139
0.185832892205031 -0.0383480337905322 0.117942169197268 -0.208231097650153
0.166621120787377 0.0596449630945366 0.238752948491599 -0.0917308600011463
0.0821207183432395 0.154587043244427 0.25758065521238 -0.0191054143985458
0.0116397731011155 0.162718186901955 0.113921298150841 0.0108606559858754
-0.0618554817825701 0.0583964327363253 -0.0187520479517465 0.0490390821914441
-0.140081001478006 -0.0706705127896697 -0.0534909075249789 0.102395296737232
-0.267353323333887 -0.0949495448884162 0.0425584676555806 0.115130113775794
-0.304974449749303 0.0239758913367201 0.197608663471209 0.0561180061086402
-0.251464568961868 0.193477179890264 0.274172253426373 -0.0591606484624278
-0.189547878780222 0.272900157412914 0.282283143664233 -0.171688847511279
-0.0570527368872699 0.284586495044436 0.21101523153738 -0.215450692754828
-0.035463637143032 0.271960218932128 0.225548907343904 -0.0722934184697339
-0.0478900878596318 -0.0285467316908853 -0.0647555755564734 -0.162994886490453
0.0454363677828404 -0.125632642196082 -0.0733044627552255 -0.109323946707229
0.111104052625367 -0.0749568864357404 -0.0346750923045962 -0.083838633358057
0.130165272878676 0.0286279710534159 0.158260747229712 -0.0380985445704797
0.0842383436538606 0.0697747447799071 0.242082636155969 0.119017806574589
0.0164620869337715 0.103640445405651 0.261574738556749 0.166268102774005
-0.0102224633343457 0.110360160998817 0.12302905915699 0.123737455740898
-0.050384778901738 0.0347176418870678 -0.041997892754112 0.0642766616308632
-0.111581962814405 -0.0550367627966049 -0.120007999341044 0.0311625369073497
-0.208183189875245 -0.0513078790028891 -0.0743113774202964 0.00475800646998118
-0.186816359610175 0.045112233163318 0.0461195782482987 -0.0252561283656623
-0.121162197722693 0.148142206789008 0.136518086604044 -0.105328795776309
-0.0736034399888524 0.174925253664578 0.160808603519718 -0.238280454220276
0.00552075307177217 0.173249759107644 0.135523532960111 -0.333819433137828
0.0017384313742101 0.174729289905585 0.194615735120401 -0.183706859012574
-0.0127297092255935 -0.0135748510507566 -0.178791420237605 0.215990824943799
-0.0142504550972841 -0.0108648966351389 -0.104517863039667 0.35672258942137
-0.0104627055647633 -0.0092097045966258 -0.0840979179543203 0.261187253363373
-0.00209362435321218 -0.0210299169443997 -0.0724192638256709 0.119605420254893
0.014818708936998 0.00130504824284486 0.00901234452242622 0.0583402271112819
0.0383165388474062 -0.00249635100481548 0.118074825584334 0.0360015956605305
0.0387033490964252 -0.00221612235341852 0.134309808617516 0.0013869332393893
0.0274310896503228 -0.0124961192214537 0.0520673788530803 -0.0901211872051166
0.0272448753792104 -0.00763057209122245 -0.122812031438804 -0.191339659918469
0.0190106792419988 0.0022680249703333 -0.231489658917563 -0.243547205431981
0.00372676017240257 0.0120597789119734 -0.202875841966211 -0.202233136141791
-0.0105262464265853 -0.0131477608895566 -0.154671490229089 -0.0196633949946963
-0.0133952846117382 0.00679316266777231 0.0396195445462448 0.0653824225457617
-0.0287175271356625 0.00963011308698388 0.0951897165359144 0.0867607369509352
0.00522522324263836 0.00612851079105016 0.0694766913549256 0.11987267797723
-0.0159335557151488 0.139488775843481 -0.187368860428157 0.182427109081635
-0.0207696146446237 0.158800999193421 -0.126453385165769 0.330738241352821
-0.0662829659062347 0.172271659529506 -0.11267123541981 0.264752660782906
-0.115001316681757 0.130982806618549 -0.108280021594171 0.13033621265838
-0.165572172816087 0.0622071324180474 -0.0355795769500994 0.0586319829089275
-0.135741225689692 -0.0394771954105659 0.0818262404713843 0.00835060855704978
-0.0536101176738991 -0.051797272173186 0.120815546908345 -0.0308578906425677
0.00122455136636136 0.0190594841901637 0.0548216929296976 -0.0903222673580605
0.0316251884248862 0.100669232994949 -0.111091927034103 -0.159774996773704
0.0469908764917634 0.118959432879503 -0.232935250980336 -0.205014544981504
0.0732187662855823 0.101705631837166 -0.23574512870473 -0.159955179451351
0.101580897991869 0.0264112066004882 -0.176645303319743 0.0180480504097122
0.0901396678129763 -0.044036551538824 0.0178679149661093 0.101973448624861
0.00780481120663667 -0.10309524955693 0.0853302359552933 0.118196869730697
-0.0286554901300635 -0.0269424312360373 0.0678918123058735 0.137277392264366
-0.0302578306173953 0.245548953656451 -0.211704463269333 0.0781682520018327
-0.043225766193166 0.282599866758538 -0.197771688070561 0.237464187895648
-0.127456178080143 0.30109649778047 -0.214413226695232 0.237218288972663
-0.204124353618338 0.225855257860399 -0.22727097963681 0.124991610735613
-0.276891565375406 0.0921067810856364 -0.171088109909493 0.0253136030460121
-0.230589824921242 -0.0522915144180215 -0.0269829375858221 -0.0743810813599195
-0.104197944995497 -0.0630177545658747 0.0745554890452212 -0.103123734698016
-0.0241300530150195 0.0494872262860121 0.0534907594622518 -0.0740682948888821
0.0295954877182101 0.168583141014554 -0.0878795966304263 -0.055725343374454
0.087477192623364 0.188236973040417 -0.239033519352477 -0.0445195474315115
0.153811324269642 0.130212761010904 -0.280796764514893 0.022836578839088
0.190995779833485 -0.00213453888079854 -0.19518401339776 0.172155704586386
0.121111992172538 -0.112700695210235 0.0189748817304381 0.203945456652933
-0.00581826386347903 -0.164467419813456 0.085757725070662 0.187927417097635
-0.0698205012807299 -0.0165305841252093 0.0883525045742837 0.182447133985602
-0.0648969522026263 0.266567983521312 -0.227128066386188 -0.0639451546737433
-0.0959523289226527 0.294184676131788 -0.266193061933205 0.0690784358704931
-0.194393390848742 0.288715230771619 -0.332423404259555 0.108781703207102
-0.232458108247706 0.174488038604847 -0.357428175832822 0.0145020329210535
-0.24450451846968 0.0387694871405853 -0.292181624781889 -0.0938750449830122
-0.17908318835996 -0.0396761966006287 -0.108525034247771 -0.192823418961146
-0.0870447435081149 -0.0212665736641704 0.0358662627474919 -0.168450040989815
-0.0435906550609464 0.072492367500603 0.0466977281754131 -0.0462281572728621
0.0117549722642597 0.160458995969264 -0.0463466458493052 0.0718026731613512
0.102391548904167 0.151646604309536 -0.158914344953479 0.178391463780134
0.161797112114461 0.0442675987939538 -0.157843057573293 0.274706658167589
0.139675102769471 -0.089382677347061 -0.0497316000925117 0.346067452070553
0.000678971491661767 -0.130051406729707 0.126849476201839 0.288735161428091
-0.0846450585201425 -0.104202155473347 0.134472489472201 0.233462198151727
-0.108658908057752 0.0642851531338797 0.133964939472311 0.211550795913374
-0.101499044018331 0.199045644828336 -0.207344285773789 -0.185473479311858
-0.134439723660663 0.154240450888809 -0.264149937243206 -0.117971539933498
-0.190866505755289 0.102435967319365 -0.3485850093554 -0.102991083616741
-0.126982353055321 0.00236184832365617 -0.334699430503952 -0.203612456305063
-0.0604845539649434 -0.0406118518589785 -0.226718711382362 -0.262416319876416
-0.0216267413046706 0.0163118404041706 -0.0500238734476024 -0.274449719047939
-0.031526256223756 0.0606655116487696 0.0375987952910676 -0.179622147597231
-0.0554854212145491 0.0819638526563888 0.0310054066373867 -0.0112661048135345
-0.0356770901340346 0.0805163711877512 -0.00373654381214071 0.159196378589663
0.00725272543483267 0.0258833776632696 0.00550208745191681 0.309439310053425
-0.00923817077913602 -0.0597426066901489 0.125848314395049 0.366779707480182
-0.085776309878217 -0.0745844449140568 0.229694396266433 0.329354342010821
-0.193997843383757 0.00937835162307157 0.30182465181588 0.215254761688001
-0.153054369727377 0.081267187173798 0.216839899449602 0.164819028840438
-0.116647176667011 0.187151383862867 0.191579052131481 0.174841041897861
-0.109746296352736 0.0860871682067377 -0.153791887419671 -0.237784298786509
-0.0977824959026949 -0.0492559582423679 -0.181661037903755 -0.214723478288116
-0.0604157191506494 -0.105717347379343 -0.21430452454816 -0.230314521074788
0.0744896035502487 -0.0992057355948633 -0.102069719098991 -0.321411801628398
0.130643926518532 -0.0240536721810616 0.0351626624598832 -0.285130327906096
0.0926253319737148 0.106782641663439 0.125328957891536 -0.215056615601881
0.0116707987699191 0.137909781169829 0.0769878012546355 -0.111614809941852
-0.0604623696342113 0.077658288780977 0.00885360233293438 0.0219556122331351
-0.100005537890413 -0.0156123664687095 0.00127541620501488 0.164086855582358
-0.164925189068004 -0.0781963383333428 0.103621867050385 0.257956687367903
-0.235015722738173 -0.0487811248128294 0.284058042522403 0.226531978524178
-0.264430670448675 0.0819116365013654 0.363512154715786 0.112207166860852
-0.265210996879062 0.210354943041905 0.366243875637095 0.00070698233550759
-0.133003021926886 0.255442621760154 0.251419370359518 -0.0233669745039997
-0.0829903707530324 0.27614212466157 0.227501735077113 0.063116666698499
-0.0838878671340226 -0.00286735979757287 -0.0985790233500209 -0.213776595379893
-0.0071408971306652 -0.159063853267302 -0.100363161735797 -0.181812021295052
0.0877215361519673 -0.150525677193702 -0.0736813645877026 -0.183138235323337
0.18411845358641 -0.040125509445459 0.114688141540052 -0.207922878174529
0.165430269687465 0.0580181252437121 0.236610267171772 -0.0922965539368762
0.0835491642225663 0.153687125092468 0.254756314676018 -0.0221007727361223
0.0145519896600948 0.161051336224224 0.113770166694671 0.00988882416759343
-0.0588432527409724 0.0616896171847526 -0.0154627046534995 0.0498228800451864
-0.136154543557683 -0.0669579862988886 -0.0457274806087795 0.104729087131382
-0.263374709380851 -0.0913924072469722 0.0491459507726744 0.113322635950159
-0.300669898103777 0.0243658497825176 0.200137334969267 0.0504975343330372
-0.247859856175847 0.191258092172629 0.271638611839216 -0.0638966435917659
-0.186137678089514 0.276660302003036 0.277477027876792 -0.177595646131221
-0.052712564115727 0.284576199793291 0.205736414896067 -0.219223932650613
-0.0307965376369751 0.271674601845613 0.221490788905486 -0.0768544729054057
-0.0478125964862175 -0.0275676383388278 -0.067137743728204 -0.162850777829746
0.0432979803658867 -0.12551841094926 -0.0737649890814103 -0.108585453212588
0.108972386867568 -0.0761771463091617 -0.0347724467442813 -0.0836829655299507
0.130307876815458 0.0277067949290143 0.157714256787515 -0.0380268295303638
0.0838760715570131 0.0687526032131847 0.241672333752523 0.117182687216287
0.0170600816659283 0.103772340708428 0.259781454198913 0.162628355462849
-0.00824840575010654 0.109422341037462 0.123750931750233 0.123425152185788
-0.048202249083906 0.0363823015238058 -0.0384470459299926 0.0663147524447256
-0.108782798041927 -0.0525150265966572 -0.112948814985253 0.0341759405187155
-0.205390070947742 -0.0478729138378601 -0.0682858305635363 0.0043524685809552
-0.183913082731984 0.0450019200885364 0.0469473682797524 -0.0293821511515495
-0.119005585842936 0.147087687306808 0.13342872749345 -0.109105491071466
-0.0712070684449823 0.175370150313192 0.155602733063519 -0.240965360200991
0.00760239496687764 0.172608739263863 0.128978525482374 -0.336269366019017
0.0047619433103123 0.173572422961394 0.189892117356494 -0.186645644702898
-0.0130296820876127 -0.0132529648317546 -0.175730665538864 0.223593599798425
-0.0141555890877782 -0.0105561714601725 -0.0969131186781311 0.36619271190243
-0.0107865000155318 -0.00879532517843009 -0.0778282125418695 0.266298561204026
-0.00285100331553048 -0.0216505262571837 -0.0677708616072916 0.124219615952241
0.0155074945247968 0.00108986378341091 0.00968422596092182 0.0610914600211949
0.0386427720732324 -0.00324508222820165 0.114354646099781 0.0362638376929328
0.0387673253958178 -0.00431259329351321 0.129693281969482 -0.0016809441688434
0.0266755953553487 -0.0134515267460371 0.0477145704542901 -0.0952357995923281
0.0271371433587033 -0.00840546927994094 -0.127121248466113 -0.193920137849567
0.0196604833276496 0.00190299102118572 -0.237797413305522 -0.244633972174145
0.00468884562192894 0.0111154157230992 -0.208318352416116 -0.206526265438943
-0.011536247565313 -0.0128414554531118 -0.156517555651837 -0.0197473386608543
-0.0135081966043207 0.00735486822675226 0.0402542478302555 0.0629804267153065
-0.0291395740924919 0.0110635902171666 0.0981436800630501 0.0858739315949147
0.00636864398082784 0.00571583563684766 0.0724654548840931 0.12050417776876
-0.0127755480380256 0.142123210359088 -0.184924768928195 0.190487632784496
-0.0180633449850543 0.161934429802381 -0.118793775194372 0.340537887908405
-0.0633562166076716 0.176071971021227 -0.106823844374339 0.271949731467945
-0.113492884683717 0.133534529649429 -0.105409285585613 0.136649420513697
-0.164824479307753 0.0650157546317155 -0.0351502027698466 0.0624043989461895
-0.136633417604253 -0.0389335799805223 0.0777164275281416 0.00958037630814599
-0.0524654595861202 -0.052194271302989 0.114639728677547 -0.0338703339915438
0.00199061967142615 0.0192376409556679 0.050287242855026 -0.0939236880549863
0.0342885084591806 0.100961655374464 -0.115334471012512 -0.161092652399809
0.0492098910821274 0.120208269186495 -0.237895615432293 -0.2057709710862
0.0755093790183401 0.101555399439279 -0.240539354464551 -0.161595878108894
0.10243048577243 0.0251814107799563 -0.179303551927806 0.0187807929836674
0.0910144455303016 -0.0459102819010038 0.019502104049818 0.101372379068752
0.00551000445464721 -0.104218028818388 0.0883264371805315 0.118595088573275
-0.0293783931461222 -0.0280308195527989 0.0715596002611253 0.13863474275544
-0.0248710147652201 0.249992096248894 -0.212047313652577 0.0855347518808015
-0.0377190478182186 0.288422834949519 -0.194252282723507 0.247312686836036
-0.122704593392262 0.307480175107059 -0.210151987913611 0.247380282147954
-0.202101223150851 0.231299236226059 -0.228073974606795 0.133540474015073
-0.277067791696309 0.0959150190112445 -0.174129165218485 0.03128809618595
-0.231457821781921 -0.0506199286315122 -0.0329974055299833 -0.0728210738034619
-0.102529989503947 -0.0619497921501583 0.0676008729807254 -0.106289920078982
-0.0220892482910382 0.0518122063293977 0.0493761005305466 -0.0775837410639298
0.0338064863011113 0.170550472164004 -0.0901975458733246 -0.0560850605788884
0.0918350940504137 0.189987662005235 -0.241507208065614 -0.0426089214999717
0.157954713486386 0.130133374031622 -0.284348295935049 0.0260429688647092
0.192488250888756 -0.00398697230617561 -0.195050588526724 0.175487414609698
0.120658719841416 -0.116642642627656 0.0235567042963394 0.206818346570505
-0.010612419442721 -0.165980700447333 0.0915016889151619 0.189037223017827
-0.0713180668809048 -0.0162442791473347 0.0925858977822227 0.183941667220166
-0.0592690602601624 0.271153533245344 -0.23034722994798 -0.0582842014670915
-0.0909465074475224 0.301018964798906 -0.268998627591425 0.0774613423757431
-0.191166277592731 0.297249504396995 -0.332938070127683 0.118376430520739
-0.232449979563304 0.179060520935113 -0.362482741749445 0.0250931415243319
-0.245289401105462 0.0404593453227711 -0.300177397653337 -0.0871754683817666
-0.17766801692319 -0.0389138118268436 -0.117317232199169 -0.191781891549435
-0.0842049271502807 -0.0195787456043593 0.0293915395374463 -0.17297035888865
-0.0398767430632851 0.0758246192495073 0.0439706052453008 -0.0484546140249871
0.0174125281820016 0.163067394650303 -0.0459397068702077 0.0727114401142757
0.107701957530468 0.151776957121768 -0.156358360899217 0.182215937625482
0.163826419144611 0.0435144174053251 -0.155459621537081 0.280669890128099
0.140291475059112 -0.0926185519674853 -0.043916994737032 0.352071485054238
-0.00211509762503656 -0.132560006412054 0.133996324065911 0.290897671276636
-0.0889141875952505 -0.104337387676041 0.141716963436617 0.234600684545731
-0.108326490010332 0.0668155972538689 0.140025575928487 0.21260277527082
-0.0980584924157421 0.204868347807383 -0.213373920366866 -0.183285280438207
-0.132835146775657 0.160156375454439 -0.272036109599483 -0.113940874443629
-0.191073936482974 0.108558429518224 -0.356774322691786 -0.0954031855324058
-0.129919245404887 0.00437540150147456 -0.345140434162708 -0.198646438424848
-0.0615473049915203 -0.0408866883280238 -0.237404037128646 -0.260744380708686
-0.0187890230261565 0.0165708288228578 -0.0573615804750199 -0.277343092053116
-0.0271002993733919 0.0621590844102134 0.0326720778363036 -0.18421734735338
-0.051099030171071 0.0867238755004475 0.0308202244326958 -0.012524118884273
-0.0305021650386564 0.0833574866038398 0.000323343098995609 0.162281075673263
0.0104252832161635 0.0260707581543366 0.0139897305212169 0.314535793921136
-0.0097778709177397 -0.0603298711518899 0.135497149655263 0.370250801674112
-0.0879905878148293 -0.0746910942026632 0.240103404794031 0.3299889368424
-0.196242383957532 0.0150049640135123 0.311188198821919 0.211425986442557
-0.152647906854158 0.0847216868677949 0.223956360541244 0.162024570380745
-0.113289489237855 0.192011916184339 0.197667329264631 0.172709317865578
-0.108748463006872 0.0895152377260468 -0.160384746255815 -0.237503445340764
-0.10039496861725 -0.0473488630943871 -0.191008027193724 -0.214470243910597
-0.0648303508260774 -0.105138302400098 -0.222960923123698 -0.230032500045151
0.0729926234047296 -0.101275165044754 -0.11094294430688 -0.325263690645895
0.131483027682489 -0.0262682176901454 0.0300999711538367 -0.289653502601909
0.0968283460124268 0.107251765590969 0.121892727049061 -0.22073673144242
0.0168496260719702 0.139820662647912 0.0748434780500654 -0.114644654242087
-0.0566654621536961 0.0819435129447142 0.0104258062978935 0.0220971890705944
-0.0968658848118815 -0.0121200930104556 0.00855843109694836 0.169217063469918
-0.165049497599091 -0.0758348623834068 0.114224557002981 0.260983403932994
-0.237383527696937 -0.0486003870918396 0.295220484674193 0.223164482935952
-0.266635180854392 0.0855713078354071 0.371886425115749 0.105693229320229
-0.265920534345577 0.220175774731744 0.372275589197106 -0.00963915102077799
-0.128560104532646 0.260999120743905 0.254380157120875 -0.0298222889999063
-0.0772385574090374 0.281522507260272 0.231471629832049 0.0578336347678324
-0.0852620739984949 -0.00132809477466276 -0.104682137715511 -0.215617514914681
-0.0114473131582419 -0.16131717819134 -0.105528045994616 -0.183928681695927
0.0851622248239721 -0.154465777384726 -0.0776569578686228 -0.185244020468067
0.186381293606356 -0.0431843577497491 0.112904424784306 -0.213189848880182
0.166321116540684 0.0567061368992453 0.238101541386992 -0.0976897197510705
0.0864895742911278 0.155020398692508 0.256746068640792 -0.0270450921235661
0.0191006685228092 0.163071393421297 0.114586527599687 0.00920271858689055
-0.0552776806309831 0.0658688536827929 -0.012242262304463 0.0512227537022831
-0.135923832705953 -0.0647684529926999 -0.0386022826344537 0.109111988369503
-0.26459918718354 -0.0872890742021589 0.0577868955276739 0.113821850229626
-0.301508695337509 0.0269883289702879 0.206388358416082 0.0444592322886833
-0.247801982861532 0.195869762226205 0.275578083498869 -0.073097098138349
-0.184033930118734 0.283918590102145 0.277703468385633 -0.188012192252221
-0.0462736249396721 0.289464836081536 0.20220312670009 -0.22774519697327
-0.0243964717757769 0.276513558176502 0.221347005811251 -0.084577135142075
-0.0483498023624324 -0.0263689937861832 -0.0719129244321855 -0.163537228914558
0.0415512942417893 -0.127842690775682 -0.0764970107619188 -0.109076468564205
0.108169348649905 -0.0791730795294634 -0.0358865672837747 -0.0836486843172574
0.133007676422555 0.0259183098939997 0.159513252994007 -0.0406186487203737
0.0850459840344325 0.0685065614984628 0.247065490844108 0.11727592260015
0.0186479645352126 0.105208627369532 0.264889082997472 0.161509130863455
-0.00590657862331334 0.111227172836175 0.127688338282089 0.125126807426035
-0.0463599263237554 0.0393732894470946 -0.0350210886597907 0.0696842846451571
-0.110466596546071 -0.0506364326835255 -0.106827020416777 0.0384557904539339
-0.206117472585543 -0.0436535733793147 -0.0634378726143783 0.0038357052100158
-0.183704880813486 0.0472067539426605 0.0481650941325731 -0.034471984238538
-0.118732184632453 0.149614142767477 0.132019287463176 -0.114586084286989
-0.0690550712326082 0.180245376887838 0.1514574554154 -0.24923321662766
0.0116828767197478 0.175608380428224 0.122258121565993 -0.3454114857164
0.00875135325096217 0.17520081853472 0.186744476137739 -0.195148360617386
-0.0138550992362121 -0.0130107671299706 -0.167505083509992 0.235255578540372
-0.0148029022846786 -0.00955994968177818 -0.0813226064388455 0.377770077046166
-0.0110757994028409 -0.00839763425193898 -0.0658631343380996 0.273080480137072
-0.00333619411259279 -0.0210656599507801 -0.0610092933013664 0.130198836393137
0.0159173505147914 0.000223393866434319 0.0120683973368041 0.0655219017050708
0.0381616604129144 -0.00482184171337929 0.1111438472638 0.0343699497868309
0.038615658813995 -0.00812879941540668 0.124295553746831 -0.00738448820648075
0.0255603364280591 -0.0154762650821156 0.0411714028958126 -0.100391537278905
0.027161625853835 -0.00922424227842452 -0.13620924427161 -0.192465280898667
0.0202209451909549 0.0008999838530362 -0.248315894287757 -0.240306457180971
0.00536773272700587 0.0105369478796085 -0.217987122549097 -0.20461466299113
-0.0128739088620696 -0.0118940205816426 -0.159301663076761 -0.0161952834145355
-0.0131378005512109 0.0090845193758332 0.0428884180372928 0.0592987897467052
-0.0289408997541633 0.012803825156699 0.101409160310605 0.0836888233540436
0.00539640627957818 0.00440065460466694 0.0782752818916094 0.119015963622278
-0.00630644820750814 0.144537069907878 -0.177204781646738 0.202945403014863
-0.011819309889416 0.164702480101305 -0.104226868401303 0.351491962450775
-0.0563336115020151 0.180139179347771 -0.0939521978381963 0.280312101060303
-0.108971950965086 0.138926611639887 -0.0986445711960685 0.144290798469545
-0.162621588282891 0.0715078830147999 -0.0334023886540247 0.0681846401318632
-0.138244136142493 -0.0349092704662617 0.0731679740358063 0.00928884066358435
-0.0530193683557864 -0.0513343827394305 0.10749051099045 -0.0388918805090833
0.00325787435056105 0.0207924122684112 0.0437367107454682 -0.0981701302703876
0.0383662148992689 0.101242965280784 -0.123134498710599 -0.160077134376545
0.0550416311838337 0.120501103953763 -0.247415218302525 -0.201232364974258
0.0797401728473894 0.100042927234525 -0.248721124866507 -0.157405973103419
0.102946598750318 0.0225665987446301 -0.18021643543562 0.0236618722934074
0.0897570618629949 -0.0497082532989667 0.022978890439539 0.100746939856694
0.00106399115937102 -0.10499791675798 0.0937112694487647 0.116835171386489
-0.0309491914038178 -0.027816749066918 0.0783705380884743 0.138373256179658
-0.0143360968206972 0.25450219594235 -0.209870336486372 0.0969272093987355
-0.0260382380672826 0.293570331629303 -0.183448194181669 0.261543454248698
-0.111378574562614 0.316455517565729 -0.200952489979007 0.26002567972751
-0.195174235819165 0.238837836292501 -0.223469762644188 0.14830346992519
-0.272631777183382 0.105753800188877 -0.176340006208771 0.0425074818921039
-0.23245904310929 -0.0438454913919597 -0.0418261815583994 -0.0691351108271965
-0.101941741421419 -0.0590149017524405 0.0585972578712593 -0.111008277643048
-0.0178165442384526 0.0549317459144476 0.043366700364719 -0.0806893015899954
0.0421560255347629 0.172066877486424 -0.093231542640262 -0.0537278663099529
0.0996733412137604 0.189865119588796 -0.245898846679343 -0.03556764207988
0.163786440751124 0.126379151912276 -0.287132674287953 0.035412529175763
0.19358965697032 -0.0107954677424105 -0.190923465456761 0.183838094998184
0.116656537192364 -0.12319245853835 0.0313781361520701 0.208554605923404
-0.0186095313675026 -0.168224506543569 0.10128615982779 0.188792754723094
-0.0728512078529998 -0.0147041841675039 0.101478392163046 0.183313824087931
-0.0474374588776768 0.276466050186295 -0.236010669932985 -0.0483422802349695
-0.0780616343582188 0.308799712680593 -0.267489345006599 0.0920409632443639
-0.181547527701676 0.308362236785636 -0.331404720016448 0.136984865317095
-0.228567683501425 0.188860665390119 -0.366870377414934 0.0427898783364502
-0.245164250137521 0.0472188901179296 -0.309290639541045 -0.0730497629858989
-0.176801510210666 -0.0345670539458661 -0.13075967539613 -0.18803642371871
-0.0817939949088105 -0.0161230524308653 0.0183366540991603 -0.176899006720481
-0.0344541326965975 0.0797070910259152 0.0402687549474594 -0.0503019094879125
0.0268152257249323 0.166143981957642 -0.0433729251941994 0.0758417528461904
0.114890644085472 0.151078854931978 -0.149671482584719 0.19071007220289
0.168175687024399 0.0381462030949441 -0.145845990825779 0.291060624852275
0.136258137131076 -0.0986747053566683 -0.0303126257419683 0.358403845695435
-0.00787251787172111 -0.134028720435117 0.147613511720066 0.289890431675227
-0.0954305132585432 -0.102663813191058 0.155070569862508 0.232578992666142
-0.106530277923002 0.0712496817291846 0.150511675697423 0.210024402189814
-0.0902084595024153 0.210477872126015 -0.223645159785032 -0.176946114317974
-0.127341544394976 0.167576405136918 -0.279800790690437 -0.10241870939668
-0.189578764303682 0.118085310588931 -0.365118335708694 -0.0809498054882988
-0.13219636453515 0.00850651164127704 -0.359580343825214 -0.185521787668152
-0.0634559298436258 -0.0405090350232765 -0.252355185138856 -0.253674647283787
-0.0150322247437917 0.0170490548385306 -0.0730776805915584 -0.278531600183942
-0.0215552786323615 0.0643215191440144 0.0231608016825656 -0.188348628881654
-0.0452994503734206 0.0919992268515765 0.0304035560979793 -0.0138879092145607
-0.0237945729761582 0.0873682326774589 0.00809696955621513 0.165648878142609
0.0136624872005842 0.0261709789645452 0.0289529553339084 0.319941814832556
-0.0115722878615187 -0.0616223375390506 0.154608953317667 0.37108297292622
-0.0923214347384371 -0.0735887300462002 0.259351683076901 0.324150980359939
-0.198815688100443 0.0236069514529721 0.325783079036529 0.201867383436245
-0.151943189048376 0.0918003842221121 0.233955777027774 0.15589010306799
-0.106041098138949 0.199596779787465 0.206945519169304 0.165696271757699
-0.106006186714508 0.0952011363664332 -0.172993508316187 -0.233501352200039
-0.10401947766011 -0.0429539691679788 -0.203557672956317 -0.209243879842304
-0.0702572843437425 -0.102727189463343 -0.235679545004884 -0.223869887142101
0.0691409850961524 -0.104747230728233 -0.127156758794264 -0.324665747308451
0.130068433576919 -0.0299891321163867 0.0171993810907314 -0.295026474808873
0.102917672338575 0.104847981385398 0.113148656314472 -0.227949689125128
0.0248464589029363 0.140632899424352 0.0698292640444521 -0.118933136260958
-0.0506552471730797 0.0875873556272221 0.0128321606825604 0.0219317368523413
-0.0938302520034479 -0.00727840513140994 0.0183789590312429 0.172185278151351
-0.165868906624593 -0.0711375461275511 0.130189648584147 0.25957357621802
-0.240456369274361 -0.0414863890496374 0.311712573827453 0.212432860511712
-0.2685421305497 0.0945363930312755 0.382278834124829 0.0908265305877289
-0.26112468064178 0.234269013136821 0.3769739090891 -0.0273547602021971
-0.119436132894385 0.269248234266753 0.255968777277912 -0.0413013062572743
-0.0647416369283114 0.288745223158917 0.234679140617451 0.0477462133760517
-0.0856723051095942 0.002399371928321 -0.115399083410878 -0.213992214175193
-0.0181806508842888 -0.161821923626738 -0.115291565875542 -0.182725145116072
0.0784627005050449 -0.159728450615855 -0.0859999125208324 -0.184026876759617
0.186698221150601 -0.0502246145720956 0.106295955133383 -0.219876276238155
0.169590942422682 0.0517826913848165 0.237465398429095 -0.106583132674897
0.0932413088347274 0.153435335538066 0.257039690386108 -0.035736177414216
0.0265408132299597 0.163956618335858 0.115693128396456 0.00582645124505552
-0.050700497328849 0.0707710247342663 -0.00799200262893711 0.0525062498249836
-0.136644826595788 -0.0597219790013368 -0.0284219912950971 0.113957215930678
-0.267021178067414 -0.0785172631766104 0.0688392559237839 0.112355500804154
-0.303214851143734 0.036620905817976 0.213875274811221 0.0329782881744942
-0.244511408185893 0.206155915745359 0.275671403422789 -0.0872672108417234
-0.174664355474236 0.295979357169944 0.272696813428045 -0.203869392100146
-0.0358011905739301 0.295038383854342 0.193908105527588 -0.241006352445942
-0.0114547309914304 0.280829679861256 0.217559458282261 -0.0965408595402548
-0.0498984070987314 -0.02467267809095 -0.0800129777369831 -0.163202882488424
0.0368518197493617 -0.131696278418198 -0.0807084256980228 -0.108605514986378
0.105095149395886 -0.0846973897864993 -0.0383256327535236 -0.0830047420851234
0.135959737985933 0.0212594960770902 0.160163819607551 -0.0442051207317695
0.0887578817197253 0.0667837239131383 0.253596494291776 0.112047258509858
0.0223143220283719 0.10563785673692 0.272411267458391 0.154363063276526
-0.00155759660904825 0.112488751778112 0.13489595190961 0.123423785103895
-0.0441740802078506 0.0426055815278156 -0.0301390777345548 0.0735699534330596
-0.111519900911965 -0.0467853402540425 -0.0988143006111209 0.0444406923980407
-0.206952898729728 -0.0357383258884031 -0.0587696412185902 0.00403395403514656
-0.18250811637946 0.0510467889897646 0.0481293348952784 -0.0406829663642305
-0.114951217662983 0.154392358764829 0.127895907484124 -0.123944235979704
-0.062451745651743 0.185591613100616 0.141616669011984 -0.259362143327724
0.0185719918757268 0.177487749567097 0.107073435657019 -0.356991758565013
0.0160056571878898 0.176836940825077 0.179635716505142 -0.20617390040155
-0.018530890853565 -0.00458081823865173 -0.0394200996763977 0.284391341727356
-0.0190876735996124 -0.00162797065136005 0.100151464605529 0.367944342985652
-0.0150192036277189 -0.00186280264794149 0.0669668062434212 0.269691710224184
-0.0135981043955638 -0.0175876822557854 0.00815352886298664 0.142397718141812
0.014350566098704 -0.00682989313484274 0.041174345842022 0.0552020613506495
0.0312931474569068 -0.0214123332533331 0.109352181028495 -0.01598620349502
0.0289846810550817 -0.0253694689221418 0.0986402737750707 -0.0610668059625052
0.0157693250289569 -0.0248745350926494 -0.0139450728481441 -0.107293844163699
0.0191887825910023 -0.0209925705743058 -0.205830217749466 -0.108112364605135
0.0192297603702185 -0.00875709358707643 -0.32391294965429 -0.0978112838254515
0.00998343174303848 0.00560055131630314 -0.28535238936705 -0.0837226004902191
-0.0176600923331173 -0.00487445169825567 -0.14732060363072 0.0564791230463509
-0.00708786239472516 0.0140708245176065 0.0621219518445244 0.0314291431487694
-0.0188479721847775 0.0247544180979756 0.127498041243093 0.0292976461920367
0.00646149834310223 0.000644051747550847 0.123636305470019 0.0701809183952669
0.060692847582758 0.130787032322059 -0.0622509625026032 0.259383313096673
0.0640932227401137 0.15055430291212 0.0680208094787587 0.356690125740067
0.0317914837739904 0.184242243250672 0.0462896013690835 0.289729354239251
-0.0342050085765415 0.169873800040908 -0.0169747103275448 0.172728407810512
-0.109416771025673 0.135778825076382 0.00341019129089126 0.0788582221971803
-0.136581403644953 0.0317786237078797 0.0659269312906629 -0.0191396920790877
-0.0690321323759074 -0.0220721497152859 0.0704572505252973 -0.0802296288851521
0.0129266803400151 0.0173392366974152 -0.00987675594166926 -0.10511893471977
0.0805038267331325 0.0694391676305678 -0.179141350158124 -0.0849094370716419
0.104710357913206 0.0803683779129833 -0.306223918000267 -0.0652633374794195
0.116474385573399 0.0493805420884323 -0.289147104970743 -0.0279436616804154
0.100118899438507 -0.0274260425601969 -0.149117149324795 0.100599507011309
0.0557079591040734 -0.0850960424940145 0.0651366730986646 0.0771866565997316
-0.0480067145041013 -0.0919767203362975 0.135474054506883 0.0614018136749418
-0.0407779090378498 -0.0109928820629612 0.133961928766645 0.0876957116287066
0.104448650801586 0.229618524392428 -0.137763873999824 0.181635222731737
0.111707890719293 0.269488671481404 -0.0408296064806712 0.312764822076826
0.0453046056569359 0.329214139377779 -0.0554244791828071 0.319735315943176
-0.0650850554680614 0.296837784569059 -0.125241042037299 0.234143236497609
-0.192105345717563 0.215444475575353 -0.133198506994997 0.121759653000491
-0.221632588411616 0.0661803263807028 -0.070879218924743 -0.0347502901238373
-0.11326338674141 -0.00665506197382704 -0.00427981769347091 -0.119330864596669
0.0111394926523374 0.0569521213852375 -0.0011382891874037 -0.0887981834656276
0.117264956531103 0.13017679306407 -0.104678877605975 -0.00547214183021797
0.175860935194769 0.119152943036703 -0.229057150974352 0.0784116639098086
0.201292664326935 0.0336381934757197 -0.233856056168168 0.159792015752846
0.163247442846749 -0.0983307041988645 -0.0841363150716284 0.246873905000959
0.0459030255249922 -0.16188466161056 0.122328617222328 0.170222451023575
-0.0950373508675618 -0.139149633121297 0.17501135129094 0.121536700211139
-0.070501436198758 0.0196367638407309 0.17369262054815 0.117450854005061
0.0852967191167543 0.264589852020817 -0.225486012018403 0.0638299524473469
0.0729869112228125 0.30671981225719 -0.19002532854425 0.201031869952949
-0.0178272134957318 0.354158843372107 -0.227009651728866 0.270819821844477
-0.117784394649919 0.267710668957002 -0.299348382781511 0.207186883295921
-0.19278609891695 0.151646865216732 -0.305519032058753 0.0805671966853143
-0.168175826232484 0.0479984950047595 -0.202165656763797 -0.0999832911561611
-0.0757497080893488 0.0217274075700102 -0.0689613308448445 -0.160475486829708
0.010620700973484 0.085916614164853 0.0111114218591611 -0.0622105528119036
0.102048969590611 0.13100940546519 -0.00178863657011534 0.0849057928998403
0.170831349023404 0.077788591702821 -0.0424133396118124 0.232929816391741
0.163888541082358 -0.044161848788431 0.00568427054714733 0.319429676295314
0.0722868798562737 -0.148733913321203 0.13797702878378 0.327132100028994
-0.0681000210188378 -0.114185366509316 0.263173743011754 0.189582940183026
-0.133158277759075 -0.0456956606899268 0.242555625208636 0.136385455838396
-0.0594236746280102 0.110377619834446 0.230638305361064 0.11774821014321
0.0172648098747946 0.225638734737355 -0.274297074557299 -0.0538116493690809
-0.033789032376687 0.204896552885613 -0.290136369690078 0.0356685199911606
-0.111872256958048 0.189920800359228 -0.357057243933962 0.0941094815197296
-0.112634373015043 0.0650224091472517 -0.400180396833929 0.00156059712613947
-0.0737165347260655 -0.00794728955365186 -0.338659582123133 -0.105641202546588
-0.0028132039192978 0.0188959769093543 -0.192966869364434 -0.207902853891955
0.0142049221145208 0.0650157111860696 -0.0674213661140363 -0.174239613377374
0.00638426010411182 0.101474492205006 0.0201376979047119 -0.0269164339639409
0.0229469914422633 0.0865714698887476 0.0840732111969976 0.139257302333326
0.0253392827339342 0.0143063099563913 0.174051450347845 0.264061550773356
-0.0394015177568446 -0.0487708091659114 0.305716900713288 0.252187292386715
-0.116218662236083 -0.0211040385068869 0.376546432307027 0.165048824794473
-0.16324618189434 0.113252464778351 0.379435757054425 0.030086633418765
-0.0922184118040056 0.150691540679714 0.278231182708461 0.0304075764432046
0.00168564702649592 0.221889040797537 0.25922852214534 0.0515427863338216
-0.049546820616036 0.131211289550535 -0.257185876123599 -0.127665756608448
-0.110666740186397 0.00901937465791847 -0.273895519723565 -0.0920892775950747
-0.108628749127664 -0.0587914047037415 -0.309881466044867 -0.0909130750598392
0.014774073998556 -0.125580896197789 -0.260062727035907 -0.22843145817671
0.101353486018696 -0.0855426454222622 -0.119739919095348 -0.267614054538854
0.141598512380435 0.0440991093753775 -0.00717307096847448 -0.252596638095991
0.0882223139285315 0.111259093717659 0.00608383305322687 -0.135502099584964
0.000673586671460619 0.10094535311238 0.0224669913700875 0.0120951407789815
-0.0817391294661567 0.0356293565111854 0.098671436842781 0.141071223363142
-0.175964789945784 0.0132363697405169 0.237069878966593 0.165595914044955
-0.229125627498704 0.0735143347364739 0.371060336893389 0.0408241969253409
-0.189861495600267 0.205721512304884 0.37798706001741 -0.0983185971634418
-0.120542435071078 0.326997693776841 0.318916582719691 -0.197122947133511
0.0187251649777929 0.291573504681421 0.206340943415287 -0.153590268395397
0.0783016789244917 0.282062334118427 0.228882650465238 -0.0663115232097067
-0.0744627026566841 0.0402619533520441 -0.199239047024434 -0.136146322563407
-0.0905049458395644 -0.134863298608998 -0.183515052530518 -0.110550761302511
-0.00485025349504348 -0.176366286075905 -0.159826395087326 -0.125583389708221
0.143566668535596 -0.129494623613629 -0.00594650996730329 -0.242606253358074
0.173480257083666 -0.0298403019916694 0.160797513524681 -0.201957950856446
0.154109479217692 0.0937424259319875 0.207793941771272 -0.150734676636277
0.0985336248985354 0.13148917325466 0.105078688258567 -0.0475924841307711
-0.0080157121844012 0.0862296579079779 0.0188231219882776 0.0492060103522072
-0.143030964466852 0.0100025841511673 0.0337821332673007 0.111466316118097
-0.266165479609144 0.0532642486338612 0.11542095066317 0.063802875461482
-0.247359842657732 0.16931382179632 0.202499892302595 -0.0714817965027117
-0.118291232749389 0.291003585168465 0.20052358716157 -0.204395098979806
-0.0176354510912811 0.340921313475946 0.145631867877981 -0.305430399400877
0.105466933522651 0.276671596206365 0.0600164064893612 -0.300644744602618
0.12017105071173 0.2501130961108 0.147757483121188 -0.185942068815566
-0.0551635198850516 -0.0006112889216129 -0.145260327427404 -0.106342105903587
-0.0277726040155584 -0.133324987286221 -0.121373809739766 -0.0615983921518987
0.0529773317338538 -0.122706798328376 -0.0703065680914265 -0.0562323111612433
0.130827714641835 -0.042397254098998 0.123174233909757 -0.110349846267378
0.1078183403847 0.019066508806541 0.275008177358915 -0.0152620309751786
0.0680798118108962 0.0848147734386818 0.309498036534381 0.0100285344658565
0.0504539433559576 0.100400856257366 0.175145188077617 0.0471664317789713
-0.0169288270394244 0.0582195237401727 0.0112483732063804 0.0783256464545658
-0.117839241415493 0.00997958912176877 -0.0579455001364905 0.0815677442265797
-0.195350498477575 0.0639845827400892 -0.0445009771750037 0.0271199994744989
-0.135836810267277 0.127732403605674 0.0226203498259757 -0.0605307264977813
-0.0288638185237749 0.187105838193689 0.0527548831094462 -0.167977162217212
0.0303396180656187 0.191499998355893 0.0046460013007594 -0.293396139585083
0.0989959310045676 0.148344126256789 -0.0691227104599605 -0.362969839565686
0.0963462141201914 0.147277182177555 0.0633270551715205 -0.265643022614814
-0.017924600873979 -0.00341674333392168 -0.0290988160752726 0.277131621586174
-0.0177197465723369 -0.00151580716569808 0.109349821700056 0.355215321183048
-0.0143093864903471 -0.000687022439403538 0.0746652647880082 0.259834359674227
-0.0139591938467003 -0.0170835796743675 0.0141909403261219 0.137780873464708
0.0142219950328671 -0.00669474522937855 0.0429007321265513 0.0553797076194365
0.0289717448603953 -0.0218677984570064 0.10262900277842 -0.0131761030452117
0.0266903439002741 -0.026448951089389 0.0885260831671489 -0.0579741173256119
0.0141299957324231 -0.0242053268779245 -0.0194353078429343 -0.104097360829131
0.0175650878084787 -0.020997084262965 -0.203192359550374 -0.101055976023133
0.0185761526236842 -0.00940346352046638 -0.316437242464769 -0.0896651063111635
0.0100821246566549 0.0040991761577739 -0.281464671333504 -0.0780895861149816
-0.0180314304545937 -0.00341698234770163 -0.142367927376273 0.0565226217941999
-0.0060879784987565 0.0137712881118484 0.0587584278002739 0.0271007933071598
-0.0170752473597336 0.0244006458826254 0.124798597050946 0.0263613065879458
0.00633484663470728 0.000353920235809068 0.122108986848006 0.0655430102731646
0.0628959996144328 0.124177757510499 -0.0509761560738733 0.253738502230809
0.0665933961842767 0.144836605841729 0.0791125581127326 0.344329150433161
0.0361610242859296 0.177857419545144 0.0554420391364229 0.278539706793148
-0.0293775009102368 0.164272748867253 -0.00834881503306285 0.168370820710662
-0.102043395482353 0.133134157359959 0.0069596460135466 0.0790417315471494
-0.130550411755266 0.0330621072287086 0.0604578853337232 -0.0150834209472575
-0.0658416733522895 -0.0207501660621761 0.0612193127392683 -0.0761431730975601
0.0141783471033031 0.0172143211936918 -0.0147473934679812 -0.101138295982343
0.0802467183766563 0.0656863689609671 -0.175874662989365 -0.0788432192832758
0.103538521659272 0.0754497546263845 -0.298978783409674 -0.0579383949254732
0.11424570443742 0.0455474706477932 -0.282784251473033 -0.0225083380247418
0.0958195032089882 -0.0278606667620174 -0.143030964211004 0.100665118019325
0.0517654067652255 -0.0835824159173504 0.063914488360201 0.072461751242036
-0.0495445407731451 -0.087644377148271 0.132865764932337 0.0573249356355911
-0.0403565416716034 -0.00989398450580553 0.132506881010008 0.0820048363257531
0.108779195407012 0.218510239374449 -0.12689564145962 0.179761473623182
0.11500055850623 0.258529939045033 -0.0282953873320879 0.304914567014946
0.0533452800589813 0.317111521025867 -0.0415208457977167 0.312616874929773
-0.0565487663254963 0.287459067153057 -0.112593292488775 0.232557542213259
-0.179959685724046 0.210173216631152 -0.126186731747493 0.124978136866898
-0.211328821507206 0.0664436624686299 -0.072298754577787 -0.0274032676680007
-0.107662752627873 -0.00527829855702785 -0.0124489003547889 -0.11372461735407
0.0144638698447509 0.0549621129728427 -0.00568365396282248 -0.0849876422787591
0.118164626252905 0.122398796765421 -0.102331367563146 -0.00259590048237883
0.17413485380459 0.112746530267239 -0.220684349952655 0.0802836366414391
0.196541222820707 0.02817134627851 -0.224587360466264 0.159415188174262
0.156339187376113 -0.0979542235179408 -0.0771397012200426 0.241525497700989
0.0395562369195127 -0.158663748739701 0.122507135712057 0.162632885885706
-0.0961082867194552 -0.131168221117833 0.174033489499416 0.113303612489133
-0.0686352169414396 0.019967946416424 0.173263177486333 0.109930999270295
0.0911955131911547 0.253481173942934 -0.216373463641143 0.0696019096915571
0.0796874033021426 0.295001384496114 -0.176893941247253 0.200984042298696
-0.00875466325427657 0.343527318057535 -0.21057384108107 0.269822168388681
-0.107823245246814 0.261826749400643 -0.285164651666923 0.211684002305965
-0.183256545201268 0.147970155726273 -0.293884902056813 0.0892277906549206
-0.159785432724639 0.0474120417456851 -0.201261820142315 -0.0891205106745628
-0.0697868650489858 0.0212001337542338 -0.0750097352007316 -0.151903758621576
0.0148671641225227 0.0832047427540098 0.00738608448764934 -0.0592937393980204
0.104917953677117 0.124188367675637 5.15385613791103E-05 0.0827778009327346
0.168845686992373 0.0716644621586288 -0.0348644013008733 0.226515051458528
0.1587013957479 -0.0463115582996308 0.0143970737908663 0.309940595291577
0.0664725575442182 -0.145911531639614 0.142083570819592 0.314195246961492
-0.0691744158178429 -0.108687859885966 0.261109774438637 0.176853579929203
-0.130984202386601 -0.0401524073853371 0.240027231044531 0.125160902080053
-0.0549796823993024 0.107418255314027 0.226409751660444 0.108745229384632
0.0238441519600085 0.218011723575788 -0.267570789800123 -0.0442352683906821
-0.0259802205127719 0.199102508671674 -0.280945952849099 0.0440744902236986
-0.1031188821152 0.188800379815564 -0.34461707618039 0.101925662609767
-0.108705624801606 0.0655462638918239 -0.389350140802179 0.0158368475433277
-0.0721429343973806 -0.0072229906603468 -0.333063585515312 -0.092488052999078
-0.000427542932024001 0.0157811347627048 -0.194587386115237 -0.196183624561189
0.0178050588082038 0.0615996619676333 -0.0725626115779734 -0.167175810698439
0.0120602539012128 0.0983515212338394 0.0179590805332029 -0.0260199445682378
0.0285099335625175 0.0826672039313201 0.0870279777774815 0.133817091317979
0.0271207415749876 0.0128694703685454 0.17926932528857 0.251236511814259
-0.038715747226229 -0.0467503584679359 0.305512686188094 0.236356316898366
-0.11444881657433 -0.0187830576430309 0.371995920383727 0.149576067902713
-0.154762710341724 0.114205548878134 0.36966518422191 0.0179028868428394
-0.0861996721777691 0.148118545804255 0.27197699684601 0.0218646218372346
0.00767059626852023 0.213800379456035 0.252439605844611 0.0435406492910738
-0.044316108402395 0.128085010818365 -0.252565919159302 -0.116510577873496
-0.10650771396151 0.0115562014756553 -0.268436547190525 -0.0827031241909462
-0.106829560676661 -0.0534829831069955 -0.303772239251762 -0.0804876995825233
0.011157962841123 -0.121668990448503 -0.258085841295157 -0.213187591626899
0.0960647047211271 -0.0841120325271861 -0.122814781511277 -0.25512229127426
0.139222817669031 0.0391444848468934 -0.0140936946263612 -0.244074884580366
0.0889719401099821 0.105158377360036 0.00172104433139772 -0.130867230559255
0.00670381196540851 0.0979376354855721 0.0227575928820246 0.0113734174669174
-0.0748168187821639 0.035603833845178 0.103132083393452 0.133579459696211
-0.167418207831701 0.0146630481536597 0.238962147667517 0.15226906644408
-0.220295516038592 0.0740052866218382 0.363384296469111 0.027381986253553
-0.181421651357589 0.202829034133478 0.364556570840751 -0.106904334178692
-0.108160862925006 0.321922897162743 0.303474889056752 -0.201236203815826
0.0264107573845408 0.282524490163617 0.19506726703262 -0.154680196230881
0.0852315481600695 0.269381256977855 0.21792862321955 -0.0695854778078491
-0.0706561641266103 0.0402420931218459 -0.197130650299288 -0.125655420624828
-0.0919245849706523 -0.128653445069848 -0.182286462777217 -0.102240285013881
-0.00910534954706888 -0.169983943464398 -0.157814131609652 -0.118100325245426
0.136541796987614 -0.128861075681098 -0.0102292975740405 -0.234482719523446
0.167854214368368 -0.0316224072320433 0.152429224688575 -0.198598084375851
0.151663263400269 0.0879398403574886 0.197507468523912 -0.150141988934627
0.0996066468691932 0.125995841841997 0.101116958984254 -0.0470017776284755
-0.00252426558010281 0.0843227374393033 0.0212086138810559 0.0470158467786513
-0.135761194765681 0.0121776336024658 0.0415871617722653 0.10448849816792
-0.25365230159837 0.0556856160069648 0.118190932147575 0.0557101637409617
-0.236621432050583 0.167158179818022 0.194971088926368 -0.0789818716059571
-0.108525829798556 0.284616722949453 0.187253560710166 -0.205458086762774
-0.00807319624283526 0.331122171267685 0.130726912992874 -0.300744135980463
0.109981728927876 0.264416957856533 0.0475371872745541 -0.293852277736743
0.124626154570718 0.238699879555334 0.136634274063452 -0.18306120931155
-0.0541983292253185 0.000504450180697861 -0.143843532542084 -0.0995376210824142
-0.0315507262676693 -0.129863193336064 -0.120547244502016 -0.0569689177764273
0.0475002521090688 -0.11891936271107 -0.0684880417911328 -0.0523278736846788
0.125468369554684 -0.0447647542466406 0.117759882344014 -0.108757000000153
0.104999599285152 0.0173534436951442 0.267625526960393 -0.0188937757840183
0.0675052164029064 0.0812098820596656 0.299113934017025 0.0043526011104851
0.0508882347801338 0.0972898282400628 0.171725805987202 0.0429552342116971
-0.0130945015648101 0.0563548997361718 0.0149263891216723 0.0762393049276736
-0.111955114053553 0.0124751729281494 -0.0474521470752943 0.0781266382065019
-0.184961735188358 0.064671938571877 -0.038946107334414 0.023016716141586
-0.129844146286569 0.124891961385345 0.019472451134732 -0.0631532862455542
-0.0249085853481006 0.181392888666037 0.0441057683460177 -0.164394920584065
0.0344438894748075 0.184742659445238 -0.00557360197275851 -0.285658114225512
0.100164900281968 0.140948320837666 -0.0815534164704389 -0.351188001901832
0.0977778035057298 0.140207894792478 0.0532421841667211 -0.258593349114419
-0.017916745359583 -0.0032974984616291 -0.0272261727916781 0.27043024171775
-0.0163644314344359 -0.00217043176306079 0.108284077014932 0.347398839233363
-0.0133931283514168 -0.00108755845124594 0.0737356070956509 0.253171841605638
-0.0134502980875735 -0.0164520626007537 0.0166249040939904 0.134340379137432
0.0149147662109132 -0.00616370320249289 0.0428873832199319 0.0573203831479515
0.0280015333692424 -0.0207805404596406 0.0961619760381545 -0.00675796403394549
0.0244671775289775 -0.0257407157147679 0.0809307384102615 -0.0544195544909538
0.0136785386523529 -0.0236894334636409 -0.0225077780907205 -0.102323151220313
0.0167865812126502 -0.0210083814579226 -0.199214062798808 -0.101847412112211
0.018028514864495 -0.00936221952803179 -0.308601278207456 -0.0914983526717632
0.00902346031744174 0.0034474019808353 -0.276460344110245 -0.0813462241923785
-0.0179970101570194 -0.00257570773051832 -0.140565811802441 0.0519578072578537
-0.00583687661506368 0.0138669130418857 0.054166326684866 0.0251221305328957
-0.0159575016913123 0.0235074253826916 0.121421982826594 0.0266471184755171
0.00534758327942884 0.000153503796611156 0.119728224090556 0.0648952690353569
0.061888336305511 0.121940692575116 -0.0493573766211221 0.248251607472211
0.0656896938962617 0.141630439928858 0.0790576297871781 0.3364474308021
0.0342747387044747 0.173059079526074 0.0561131975548471 0.27250205419372
-0.0302288910555742 0.158587215589269 -0.00560418617064731 0.164714928158838
-0.0996509791088111 0.127662334373639 0.00736215729078007 0.0803168656363408
-0.126715000716499 0.0299094323253667 0.0565398683615193 -0.0100540533685584
-0.064198496678268 -0.0230089406184827 0.0549610236695448 -0.0711616216079578
0.0150666686172697 0.0174760485055092 -0.0163273044336615 -0.0986224745905218
0.0782500494565954 0.0642397162513767 -0.172147593489818 -0.0785147374444215
0.101830230674784 0.0739189963464723 -0.292447445599973 -0.0595738816083259
0.109893527138788 0.0446515061473695 -0.277618989113187 -0.0267390252807307
0.0934167819164847 -0.0254756153706413 -0.141556293692633 0.0953898942226237
0.0504330448134122 -0.0802306282979262 0.0604235860448128 0.0704278393988651
-0.0480682790341242 -0.0851942986360899 0.130209937511076 0.0572212066124475
-0.040177449831098 -0.0104759728170372 0.129564307950962 0.080688613808227
0.105835300116178 0.213684460984279 -0.122663842506897 0.176293593550582
0.11239751984506 0.25363279478376 -0.0253154422275351 0.297761924099662
0.0509932181419919 0.310604501429215 -0.0397647552223847 0.304760606396109
-0.057685087225874 0.278966377449905 -0.107644898753936 0.227775659801856
-0.177031400571627 0.201671806957135 -0.124030236875491 0.126002495481629
-0.205160067021662 0.0610129892812287 -0.0719456562590139 -0.0232204600182199
-0.101801951340361 -0.00816619265790297 -0.0166592464760435 -0.108168810217313
0.0162726785038273 0.0542535298076135 -0.00706557054802659 -0.082474119488591
0.116135285850859 0.120794813789531 -0.0998481809286139 -0.00386042282573278
0.170742847808887 0.111485360345543 -0.217148345357863 0.075281453979368
0.191820421592996 0.0294384534986189 -0.220312684835424 0.153443634448332
0.152867732137646 -0.0942972519867053 -0.0774400488810249 0.235002827565557
0.0389819698387114 -0.153967946919966 0.119320896811695 0.158924902901444
-0.0943384176707086 -0.127928595072746 0.169976524333147 0.111523646702355
-0.067344938851113 0.0184342363460616 0.1696177247681 0.108569028903994
0.0880863114754631 0.247312240744071 -0.209669060916649 0.0681142953098824
0.0785325564393526 0.288332944522179 -0.172334296839318 0.196398309482577
-0.00825617730369853 0.336046253736446 -0.203784370025464 0.263759879759782
-0.107467500908855 0.253310321887157 -0.277115472202829 0.208697479772891
-0.180095011090811 0.140810628681449 -0.289817182767218 0.0893788994158059
-0.153761339494835 0.0418423580006685 -0.198291961015298 -0.0853213072829464
-0.0650282515142433 0.0180909313510881 -0.0761059082361072 -0.147624048259572
0.017462281779356 0.0817784809498431 0.00650443317521751 -0.0574490308538558
0.104568018304197 0.121424205503894 0.000143971648852545 0.0808608855889416
0.165789024019889 0.0710213288656278 -0.0346384279472765 0.22037007670745
0.15538308868445 -0.0443769884057576 0.01295388874758 0.302915924015527
0.0653304031868338 -0.141985553490319 0.138513101402267 0.308401770990025
-0.0674565094229201 -0.105845617066703 0.256044063432933 0.174626758673938
-0.128775132661913 -0.0391301889077028 0.23584376566056 0.122251733682043
-0.0540823746323743 0.103848108827813 0.221226001343819 0.106713170010711
0.023338914760002 0.211765056805574 -0.26062265843954 -0.0433114293448126
-0.0262001339393273 0.194286326945326 -0.274230848956143 0.0429303907447055
-0.100857503476566 0.184070091745698 -0.335348637218282 0.100239967708621
-0.106958224712222 0.0638731203719858 -0.380404704718563 0.0173196705118383
-0.0704887158957926 -0.00845504831491274 -0.326731375852386 -0.0897360651301755
0.00188790943886922 0.0139012295015414 -0.191440515555829 -0.19214111154084
0.019144380556984 0.0599593402893681 -0.0710328200892866 -0.161516279291973
0.0149248219150706 0.0961271353092541 0.0174534385226977 -0.0254163814712271
0.0307288213520426 0.0797862515323118 0.086253562957699 0.130614947018901
0.0280381360762421 0.0119224583852266 0.176075647657224 0.245432967994046
-0.0373736403985216 -0.0470592841291277 0.301025832161419 0.231303589787019
-0.112608501469351 -0.0184367750938759 0.366244083883496 0.147245749180743
-0.15118519870824 0.111906147969887 0.361295800114286 0.0178215279650334
-0.0848779520965757 0.14507198460007 0.265692000991825 0.0219241927139214
0.00678929486383984 0.208361684835962 0.245683442254258 0.0438015174017411
-0.0427500525083721 0.124221365662849 -0.247208100894521 -0.11367488801273
-0.104641428914113 0.0107918782583228 -0.26214288540914 -0.0808281297458579
-0.10430379672502 -0.0518499753944995 -0.296944636917278 -0.0792155540636476
0.0115293396718541 -0.118065043143575 -0.252168358152374 -0.208518120828831
0.0942670958308374 -0.0806657994898222 -0.119252208516709 -0.249345233331275
0.136374863407788 0.0389355577927325 -0.0137977768914213 -0.237197038371799
0.0882061649724763 0.103517418111851 0.00145165733939025 -0.126605869145003
0.0101549446383492 0.0962339113727874 0.0218058984866602 0.0110829641433834
-0.0695731954222934 0.0332566360059736 0.104961620695887 0.129188562164592
-0.161207284474827 0.0119365299261063 0.237342368042314 0.148289730665419
-0.21558348038408 0.0688418728959604 0.358437619042247 0.0252853768687603
-0.179034316428671 0.197562710462124 0.357757598082852 -0.106643540243724
-0.105659105091867 0.314703472114337 0.296437385058902 -0.197842446031024
0.0242259583466422 0.275937815686933 0.190703860838063 -0.151492193596211
0.083733102837498 0.262340945377423 0.211571239544184 -0.0677702316739657
-0.0692436351265331 0.0381587178268811 -0.193561894939482 -0.123160104360545
-0.0894304784643409 -0.126092976796959 -0.179376427525494 -0.100950431808948
-0.00869406694843287 -0.165099448189342 -0.154273520331681 -0.116578112653744
0.134224635643895 -0.125124592208489 -0.00846648587061712 -0.227995827932416
0.164172965580763 -0.0282181626079709 0.150382269866565 -0.191742008287776
0.147419878175683 0.08757042167262 0.19304374750788 -0.143927617121901
0.0968541637254071 0.124420054702869 0.100023729709923 -0.0444318476617042
-3.34805515594111E-05 0.0821798168432073 0.0216894715477715 0.0467922947746704
-0.13003663697836 0.0108209744257772 0.0462814641864652 0.0996215259811332
-0.246356762051807 0.0515188697130815 0.119473806449532 0.0513117584392902
-0.231775719265616 0.158837627898445 0.191168093855646 -0.0805783465137845
-0.108491461758957 0.275640017362511 0.182478496167658 -0.203145353018583
-0.00854031612091997 0.323837371032841 0.126353578453588 -0.295509332140793
0.107025032285006 0.259395855237002 0.0450624183568074 -0.287241890898642
0.121780561984538 0.233491769909911 0.131929932556335 -0.178650735863954
-0.0524651104773302 -0.000544172671796922 -0.140912403566942 -0.0967681501503041
-0.0308791065799148 -0.127335855373416 -0.117987241839971 -0.0560725274368187
0.0468011078870462 -0.115140540374154 -0.0652629120121799 -0.0511148497134696
0.122735316961388 -0.0433064378175827 0.116874877344704 -0.105263346470438
0.102531232028002 0.017571793227631 0.263144865304488 -0.0147009193436575
0.0643537514318064 0.0817587950585901 0.291077629601641 0.0078223014220493
0.0500090171732444 0.0960225023893256 0.169423034433053 0.0431077699366462
-0.0113528505135986 0.0556251994687411 0.0176400370372963 0.0757107699091069
-0.107487580186781 0.0119529305970485 -0.0403226638627473 0.072118293616639
-0.179156829751728 0.0619632231680099 -0.0348788718250422 0.0178088444977553
-0.128493690894831 0.119057583930174 0.0180191746416724 -0.064724384629225
-0.0255345954560828 0.176719698114458 0.0403697334845861 -0.161552622148977
0.0329484719840644 0.180494292169605 -0.00687712817791905 -0.279393753400245
0.0981697795499404 0.13800543138898 -0.0819585168996999 -0.343322095056956
0.0953990467858995 0.137330185191542 0.0512444958659649 -0.252640566878545
-0.0178458050286281 -0.00296032627777066 -0.0297292356623141 0.272607294949872
-0.0163288647272603 -0.00299298420068342 0.107037705052668 0.351355670684281
-0.0133479430402163 -0.000447797299329088 0.0730912276800566 0.254793708056978
-0.0133016225942815 -0.0175531088272901 0.0172874995411772 0.134193547446039
0.0161990236463479 -0.00587406250284831 0.0436680323720776 0.0618307047258652
0.0284729601248312 -0.0207951328381293 0.0942503434671597 -0.000436639622189715
0.0239035577910373 -0.0254598225833878 0.0769907647913496 -0.0514635481527705
0.0144905977132034 -0.0236938991984312 -0.0257335867260456 -0.104228158416511
0.0171491644254649 -0.0201520783376672 -0.199592944816788 -0.107914821747558
0.01904163322026 -0.00932222244148315 -0.309495484997518 -0.0999186156507208
0.0089882512982012 0.00319500341498014 -0.27930485782755 -0.0898996074418061
-0.0178686823090692 -0.00236013286377749 -0.143719637803726 0.0474963207661847
-0.00568356188420255 0.0146774503963728 0.0520383628943789 0.0244907979611123
-0.0154914428859349 0.0237495225885821 0.122298007950117 0.0308855818390291
0.00552829012615699 -1.37008103867445E-05 0.119586974863085 0.0675956357161946
0.0607764801291228 0.123375053075188 -0.0496235868772217 0.250471984071274
0.0646660235992922 0.144066500429303 0.0777711410766468 0.341210488600953
0.0321037169136684 0.175402689280769 0.054032253523119 0.274040138858021
-0.0332437266580289 0.157841918521425 -0.0053363568418086 0.165267568878787
-0.101716135121563 0.125289476698543 0.00736831895227191 0.0844394778578277
-0.127377555534233 0.0272570856146167 0.0546740874161838 -0.00453779676974823
-0.0627451411786305 -0.0247284413767724 0.0508557608068482 -0.068410618336698
0.016364500599864 0.0183720786138968 -0.018409840494001 -0.100212037375719
0.0774214147503243 0.0665011867468993 -0.172713990748601 -0.0841537645176074
0.101284894726366 0.0770460418474371 -0.294519700690198 -0.0677065015802968
0.109729603159847 0.0469698301388512 -0.281584722730716 -0.0350556910363758
0.0951734560619087 -0.0222430624451059 -0.145796784993222 0.0918555622789439
0.0522404514271425 -0.079532483413337 0.0572778946470742 0.0704546646573536
-0.046533764548537 -0.0856316658795061 0.13016685424257 0.0608400704984526
-0.0409435115654167 -0.0112348479264545 0.130168294652297 0.0835224053267885
0.104861655482414 0.216366915384237 -0.124413634318268 0.176707269766443
0.110403761866835 0.258093322964507 -0.0277334981354591 0.300529740133384
0.046614367443966 0.313070471201664 -0.0422218644387514 0.306523168936998
-0.0631886433758926 0.277422368880175 -0.109359582012182 0.229828460478703
-0.181599282432078 0.197113111356668 -0.126985637787361 0.12780802609739
-0.206101243948476 0.054948201178412 -0.0751986374528278 -0.020656751684094
-0.10034343678469 -0.0119680641136051 -0.019195624827214 -0.107039302260095
0.0175847119343516 0.0562496679444669 -0.00792374479770284 -0.0827599420665193
0.115568843778397 0.122784751613434 -0.101799803268786 -0.00589015578602734
0.171785450736008 0.115906046761028 -0.220952894655062 0.0718437076178483
0.192686938631125 0.0333863323405407 -0.226308120687015 0.150151123030328
0.156108448214636 -0.0901595210926101 -0.0834149690796538 0.234919463219356
0.0418427647474315 -0.154195939310827 0.117048252602252 0.162524309376562
-0.0933232858184432 -0.129280955876217 0.170376672601372 0.115869205573046
-0.0687252915938637 0.0177724802701954 0.16989400913799 0.11224246903731
0.0859043195562547 0.249777949065918 -0.211901205622631 0.0661519867192923
0.0747117434595479 0.291340444585213 -0.174688258654098 0.196191569635732
-0.0134465898420305 0.33989605317405 -0.208316769071075 0.262656014315579
-0.113391706526937 0.252754976397291 -0.28083908297409 0.20877489526115
-0.18441634420434 0.135947600464812 -0.294352247295544 0.0889966871124523
-0.153741911154019 0.0363749841754552 -0.200912578251235 -0.0871100906887137
-0.0631658338423794 0.0157944841745936 -0.0781047957748417 -0.148836728847744
0.0197389904880173 0.0837828093885964 0.00604934053045913 -0.057512114940254
0.105144677458329 0.123746479545251 -0.000469232829587284 0.0815266582935888
0.168061190852808 0.075084715382128 -0.0388145060023555 0.22094792740024
0.158751109472327 -0.0408930957189689 0.00814714753071583 0.306037081584913
0.0684433802032607 -0.141335954799669 0.136200198302528 0.313660715670881
-0.0657923912133465 -0.1070205714263 0.256303748237304 0.179440809694877
-0.130260024748066 -0.0405755246762079 0.236202215341099 0.126589990437693
-0.0559323163649556 0.102971127758649 0.222093649948556 0.111096078501625
0.0209892204293901 0.213137942392812 -0.261970504279277 -0.0463847285820909
-0.0280127017825554 0.195009119657596 -0.277393707770386 0.0407017803196993
-0.103445022394975 0.184985097933196 -0.339275777359568 0.096562520946378
-0.108810289015213 0.0626420806956877 -0.383988114040498 0.0145376811889247
-0.0707892943541972 -0.0103017364716151 -0.329673088621407 -0.0929435696916935
0.00353804303555912 0.0125079102444309 -0.192025573944869 -0.195027618712863
0.0199755170745205 0.059729570621328 -0.0724225651478533 -0.164124248496336
0.0174016406274942 0.0982546332510425 0.0174203161536636 -0.0251646152955371
0.0334810147337309 0.0805312194722421 0.0861210100379965 0.133076863794393
0.0306272638788516 0.0115533284084124 0.176658186289071 0.249953745412916
-0.0358042997726612 -0.0489857065001006 0.302800468396972 0.236592855502845
-0.11416001801607 -0.0211603895556248 0.368915282116335 0.152643836767183
-0.153823605391158 0.111052462161668 0.363807409016938 0.0214413597419563
-0.0886172031817289 0.146132060275652 0.268616864105317 0.0249510159201399
0.00549056267078497 0.209070395099255 0.247329049521185 0.0480864464830673
-0.0440548465731877 0.123602202297093 -0.248447496832991 -0.117384661512526
-0.105143823637866 0.0090594773177331 -0.26442630222364 -0.0854359630975554
-0.104102020372563 -0.0526049261696706 -0.298703181556418 -0.0838979661467877
0.0138517856541088 -0.117855701528853 -0.250716428877062 -0.212315714547192
0.0966003857575145 -0.0787881205608225 -0.116922907509274 -0.251965049294573
0.137196716297988 0.0413386225595687 -0.0108555469858954 -0.238707815012364
0.0883021641364715 0.106915095631828 0.0033632661462939 -0.126909477473832
0.0121106572784692 0.0973964091923347 0.0225203348890815 0.0114228356002786
-0.0667643237815259 0.0320765375092727 0.107156625727488 0.131064099933526
-0.160007540264784 0.00726344610174303 0.24118195716358 0.151331187485565
-0.218025232037253 0.0631514478352778 0.363109193118308 0.0265125370681171
-0.185814926060931 0.194568784755631 0.36272448413534 -0.105351823496723
-0.110660150328314 0.316237454824086 0.299650113049538 -0.197829748308979
0.0217019814341751 0.279117719427574 0.193466269354314 -0.150086659987737
0.0819308125633007 0.265625579276896 0.213784044752865 -0.0644336810028274
-0.0702381370124498 0.0362735059620539 -0.19427655835378 -0.12694452578004
-0.0890895032908593 -0.128679630827453 -0.180704562221914 -0.105604333129752
-0.00573843232306497 -0.16485224572926 -0.153522493208016 -0.118971626892042
0.136734259351617 -0.123669273421111 -0.00393020372506433 -0.230665852366385
0.165847560728405 -0.0243664138546723 0.156474429196748 -0.189209694812157
0.147304476649749 0.0921181981452378 0.197005444321308 -0.139748380084659
0.0960415336661109 0.128250087746947 0.10204430645285 -0.0423579393172813
0.00225598751574883 0.0826303617600841 0.0227331641945807 0.047683445644388
-0.128011409095041 0.00897328294092681 0.0508611848208603 0.0989704856858303
-0.245690552028141 0.0462163619425684 0.124020479555513 0.0499644401555578
-0.237046859616847 0.152685315599364 0.19446073669235 -0.0832336225941341
-0.115736099941067 0.274442496728103 0.185417926131223 -0.203958332410031
-0.0122479699534737 0.327163174977278 0.130109629148005 -0.297987833327991
0.104390014616792 0.262961688960961 0.0471572391637561 -0.288900038372932
0.121389741472669 0.236360266074028 0.134396069151442 -0.17809120089771
-0.0530521848411414 -0.00182539500307596 -0.140986238639619 -0.0994301162894518
-0.0304583411643398 -0.12974729256458 -0.11893696088562 -0.0594106599602243
0.0498353523023105 -0.114204925240107 -0.0637805701655027 -0.0519875613935465
0.12412530564767 -0.0417084870331803 0.120344101069743 -0.102300838034354
0.102661636034448 0.0204153622287022 0.266503024165311 -0.00719833123659874
0.0637953620449598 0.0845530155711459 0.292620627656559 0.0165700540477399
0.049869164345073 0.0988177404818793 0.170499967920121 0.0475041707635641
-0.0106418160451438 0.0556647236466625 0.0192988346091371 0.0778082165329969
-0.106647525608342 0.0104811158502568 -0.0358527254184515 0.0687626587456188
-0.178829968907236 0.0579119665268492 -0.0321105664887878 0.0126621971205896
-0.131830650854458 0.116000669846382 0.0174528463064058 -0.0688482039682902
-0.0291139781171973 0.176659285278229 0.039964749048589 -0.162745107988823
0.0306874624702401 0.182638424489761 -0.00616934158392759 -0.282840002414631
0.0972637678076649 0.140246990970388 -0.0801419581775318 -0.346030090929173
0.0958726396570759 0.139577507212234 0.0540848581995188 -0.254683509094287
-0.0186703294424654 0.00466217580974695 0.0519053918059866 0.279782176550974
-0.0179256721748683 0.00367513506376894 0.211660055983739 0.316486397523617
-0.0130093013293598 0.00554748952099585 0.150251741739998 0.23057642125355
-0.0197264988045864 -0.0119024578359049 0.0593097380644283 0.126836180790907
0.0148955812654441 -0.0113871054955989 0.0639050498790065 0.0501352767565291
0.0227919256897746 -0.02742462420307 0.0901422783103104 -0.0228987355348586
0.0155272840610697 -0.0316479521781753 0.0552321253751506 -0.0690189064333171
0.00673181773582178 -0.0279856056532895 -0.0603476221756642 -0.0944655880074345
0.0119503071135083 -0.0257574875326473 -0.23060921835856 -0.0490569120563192
0.0152474731850066 -0.0166920622232952 -0.333768468132297 -0.00972376319054342
0.00919074153713503 -0.00119841537651627 -0.304228492108263 -0.0100758562778828
-0.0191460936888262 0.00351640169839809 -0.129591078479423 0.0862128887182824
-0.000664889040617087 0.0163382880700403 0.0545163595187726 0.00823580339790382
-0.00850670502239781 0.0291072153364061 0.130944728052197 -0.00495880783924871
0.00491136468520462 -0.00100781306113117 0.140615416643895 0.032534011753366
0.098620720136918 0.106403060626342 0.0246568508400719 0.262218264381693
0.107319927967608 0.125801683239602 0.178523888885264 0.314640842478937
0.0838090823760948 0.166089681573539 0.13678928492774 0.254781503133955
0.0117542632883426 0.166378281205265 0.0457528836027234 0.163038204705535
-0.0635372810661374 0.152736524690376 0.0352540774300438 0.0836797142768573
-0.11699667366497 0.0640989334664348 0.0513479538539197 -0.0165355247233007
-0.0687383664895096 -0.00667728275709831 0.0261174008065149 -0.0778686434019441
0.023663751272883 0.0133608226686524 -0.0511049271483276 -0.0927970919720777
0.0965201064531545 0.0424921884997821 -0.196098265902137 -0.0327532685878982
0.122452186063145 0.0440711366790986 -0.310461490167071 0.0176851234054479
0.121780631137939 0.0128608899848604 -0.289856991125184 0.0464536681267388
0.0874323823305359 -0.0500445262048841 -0.119314185608578 0.131737384964623
0.0283082791315617 -0.0939021843229494 0.076353305599343 0.053226644230116
-0.072575188443662 -0.0698158570104902 0.149407514108284 0.0226070259396026
-0.0450913614816498 0.0013613759439064 0.156184391296287 0.0448863611588934
0.169242144360781 0.185247291021244 -0.0712268565457049 0.210564062501512
0.187869028387527 0.224215807899037 0.0611653017533605 0.305160817777829
0.137669855009974 0.297891436175397 0.0492967968201168 0.315022389503156
0.016183330938935 0.293437871468544 -0.0385202048155619 0.257764326588601
-0.12220530031478 0.244974130549993 -0.0853122589191962 0.166220651205038
-0.186219260826892 0.11266741434026 -0.0803845529326238 0.00560899638143315
-0.100200406044788 0.01654346006899 -0.0541736347553907 -0.0948388248183551
0.0372808136981821 0.050223395531764 -0.0342837720154039 -0.0779490524156897
0.151348786757615 0.0876644368842911 -0.101923950120461 0.0234424147555383
0.202998883327161 0.062363576008937 -0.19861555322686 0.134117508808289
0.199005685598539 -0.0245298345475897 -0.180993899448316 0.213321373031771
0.126011267879109 -0.135237688062225 -0.0133294714642168 0.257913276658868
-0.0054136155571116 -0.164102743807374 0.165319647106483 0.126959743454293
-0.132747838296729 -0.0976404361253381 0.205205857118874 0.0647997076114847
-0.0638649620877794 0.0386485511314636 0.2042498875618 0.0608358287205074
0.159844672988632 0.222074711741807 -0.191401725409113 0.126479907117609
0.160974018361058 0.267491356230216 -0.116218728027231 0.244837610443951
0.0870540279108277 0.340926269785358 -0.129280976194372 0.322983722041093
-0.0415096371605537 0.284185710481784 -0.215355537113369 0.291044669493445
-0.143519343392618 0.185846934175447 -0.2637747301025 0.178927182129146
-0.14063615300472 0.077269316518623 -0.224500528530883 -0.0218520672857144
-0.0546672450672314 0.032000849728817 -0.123819456287361 -0.119116618157563
0.0476116642878203 0.0767268959845175 -0.0120151537361683 -0.0578596238162485
0.142295884298221 0.0907345522131325 0.0223834685931797 0.0799669872131169
0.187334615567922 0.0236239927234118 0.0265259463151243 0.227776240074838
0.142515110173612 -0.0877152182081553 0.0976765429100693 0.298957678502858
0.0230043322385143 -0.157587566658112 0.228482584776677 0.271358758686009
-0.0988628683254996 -0.084952455803806 0.309611275890534 0.102590224403545
-0.142322214719568 0.00280168683516412 0.274351168704872 0.0554112595350949
-0.0254649122471651 0.119834249088081 0.255382032102798 0.044258278019957
0.0830980818216729 0.203872190986859 -0.274589760435617 0.0295546591111246
0.0291483808248206 0.200525738046369 -0.264132536177348 0.119560240804062
-0.0497259474054274 0.214446048971428 -0.309765908057958 0.195578693046457
-0.0917200908843092 0.0927217982138913 -0.375111533141152 0.128755609346976
-0.0739154455582303 0.00856122602983486 -0.35329700529263 0.00922533755037393
0.00760073007339331 0.00710894907012796 -0.248248230501244 -0.13181353437535
0.0408042836163918 0.0514303539357746 -0.121685225065366 -0.13708725751404
0.0508453542176335 0.0899885880665459 0.00891470007833588 -0.0292242907048784
0.0584385889174398 0.0688452644204676 0.124714982744339 0.103421028770777
0.0345092181357462 0.00274384836481866 0.249627597484261 0.192467763533061
-0.0502573047200595 -0.0366119676857756 0.369969333861966 0.141890138700864
-0.120302916258315 0.0166836940997786 0.409994943862352 0.039208574327948
-0.118281996565389 0.1593776831723 0.368333399811217 -0.0909790917044844
-0.0446980975253386 0.175330784414486 0.273231525245639 -0.056354493378737
0.0682762338429979 0.205285195749701 0.258420350231491 -0.0263324301468316
-0.00927459957948831 0.134867048682223 -0.282035006107675 -0.0445012412799717
-0.103008678280117 0.0391059124163139 -0.288421475286594 -0.00769425375901288
-0.119072184336623 -0.0219731887302487 -0.32205408212801 0.00521922650935576
-0.0212142923946117 -0.122669778618636 -0.311369239597315 -0.135753822861779
0.0735298691415169 -0.106909303098367 -0.190153982983519 -0.212238115012937
0.150132005719291 -0.00199570398770701 -0.083491674911135 -0.228865303149294
0.12030057200464 0.0797596311959244 -0.0357077105679622 -0.124390676702157
0.0447515095601644 0.0913004270850021 0.0252791264436205 0.00479689952309197
-0.0542924909566302 0.0505806555972102 0.146787103329669 0.0942096800962132
-0.153444501514371 0.0536720327222542 0.285778188610168 0.0728361102287237
-0.196944257628749 0.127239043725503 0.366998152061789 -0.0865979694705529
-0.124990443431449 0.249071282018748 0.32451066473852 -0.214883630989571
-0.0121390829914815 0.350077361907461 0.233502920718321 -0.289759853558203
0.106505758393906 0.272692748930771 0.143335327223726 -0.207301066072454
0.161737449935674 0.237286452565214 0.190103567608992 -0.128341697229104
-0.0612434452742731 0.0556447775791984 -0.22994780442467 -0.0688557444011436
-0.129053225023128 -0.102455264215258 -0.209938997525875 -0.0525124706309741
-0.0552288118934017 -0.162125513186582 -0.186371127964677 -0.0729575231694182
0.100619953681157 -0.164321924153051 -0.0719177880811558 -0.226051823548142
0.158075373979407 -0.0718480209275505 0.0986517717218989 -0.231907400207051
0.175108245296651 0.0476672746349846 0.150330012186368 -0.193871337796268
0.134209423979854 0.0983943024941498 0.0863855953447128 -0.071682927783814
0.0290819707448194 0.0809073088849906 0.0380115205083425 0.0406034379480404
-0.121032987445 0.0461463089410309 0.0827793920185165 0.076864403390648
-0.2265416507584 0.115927458655307 0.14039766275624 0.00586063089580169
-0.188285765944311 0.220731619607362 0.165821828317168 -0.145437159066364
-0.0317653784216987 0.306437442478059 0.117772116889507 -0.258655559733825
0.0884754010051525 0.330436326582199 0.0337966261288868 -0.335809696154866
0.185094082173973 0.229666660810694 -0.0442506124133018 -0.299929659388723
0.19302310479216 0.196732926896406 0.0770176184762504 -0.217750635918491
-0.0560213234571934 0.0137916332452737 -0.169260080303382 -0.0569578943186565
-0.0707068736722043 -0.119847421616051 -0.135995524632146 -0.0250017409649515
0.0157770155001121 -0.127958242091177 -0.0758722216729114 -0.0329945055551921
0.112079965315239 -0.0779293330493683 0.0895909430363855 -0.13529072957288
0.107823026713809 -0.00832494008050187 0.261849151466152 -0.0846714441399057
0.0902582409525431 0.0668011850722819 0.292106967182555 -0.0698899347230888
0.0795840297161462 0.0831846326079931 0.180999590115266 -0.00416990832702316
0.0082359343915984 0.0582271947189031 0.0454836167789716 0.070796407257892
-0.100113607350636 0.0416605755312419 -0.0101383349284606 0.0728555466022445
-0.157610527478301 0.107941002706539 -0.0248668155525118 0.0146817537974163
-0.0963117616614038 0.152050533221727 -0.00556667531662464 -0.0775732936436434
0.0233429262584555 0.182349697600183 -0.0130957891809965 -0.172822826343324
0.0871001258215481 0.172366578204061 -0.0938313935984519 -0.2784054382209
0.141914609666281 0.10885377723512 -0.187124128241465 -0.31916482099607
0.138900004169152 0.107947783692122 -0.0258292089438259 -0.270498266722684
-0.0184892404868546 0.00695037290461603 0.0662439985910401 0.285473034766513
-0.0188237037399494 0.00377880898434708 0.231018347899511 0.316275022747532
-0.0123067919910959 0.00688730769277867 0.165383149376244 0.230046005725304
-0.0212232398040452 -0.0112327832813492 0.0675886385289509 0.126609777919521
0.0159008402219181 -0.0124543493868733 0.0705429053826875 0.052470957375131
0.0223860121891931 -0.028529761196115 0.0910956719637404 -0.0204225016769423
0.0138135521228966 -0.0320971084248199 0.0490400754410697 -0.068375835259923
0.00590826456311433 -0.028978728575305 -0.0698719927194817 -0.0945436960927951
0.0118641871769201 -0.0271472752569374 -0.241544556594858 -0.0439238799956126
0.0151314699203505 -0.0180249930380407 -0.345156518357901 -0.00180383314206787
0.00911694173539182 -0.00102184186284064 -0.317778756821298 -0.00315708797981626
-0.0192133920101993 0.00542940114629661 -0.132280536454374 0.0910635198817367
0.00115130010931552 0.0171789011753741 0.0527912102846428 0.00568579606787964
-0.00680445190542445 0.0298270328601044 0.135501307511509 -0.0088568696447514
0.00456733627202657 -0.000941344941605206 0.145695254985506 0.0283534317164389
0.10659507082858 0.105999847441921 0.036507049851099 0.268732508502096
0.115153877243102 0.125056961581659 0.198023061639041 0.317233650502812
0.0919757800865925 0.168650399148775 0.152934868978299 0.25576355330534
0.0159606610784134 0.170128897222874 0.0549757927441021 0.164609720961129
-0.0599400649181136 0.158137404094539 0.0412046434237546 0.087781371914005
-0.117831495453702 0.068199345796421 0.0507160553440241 -0.0131650412377752
-0.0710479553235461 -0.00522312927921651 0.0196716441569647 -0.0767642675350884
0.0258090117628607 0.0128650882091426 -0.0597014794205915 -0.0930436421178977
0.101623982919215 0.0415373995140129 -0.203810447140482 -0.0281274721297358
0.129034719590153 0.0408840004103149 -0.321152239793764 0.0270611208687637
0.125214075386235 0.00958689099066877 -0.299961726487719 0.0541948167128255
0.0895111549439905 -0.0529398389163976 -0.120072003450853 0.137767172976134
0.026873148457523 -0.0968069279576222 0.0779123398380197 0.0513558141778347
-0.0766968816845876 -0.0687911010828727 0.155572947958206 0.0184989704198774
-0.0465121397692781 0.00328329706166149 0.163226739377517 0.0405356386898177
0.181543068729243 0.184287916808841 -0.0641831709039018 0.218650746181208
0.201777545787459 0.224891120494693 0.0762912325769397 0.311791435947912
0.153679632807936 0.301871656850412 0.0649141590278681 0.321335527230058
0.0245549334552795 0.301280762583392 -0.0272788460032407 0.266426544543898
-0.119131892902283 0.254926896448246 -0.0802224241841522 0.178448517855807
-0.186621901214829 0.11938243635019 -0.0842711435605531 0.0128117553986078
-0.101346507724218 0.0185951331996964 -0.0632960299311289 -0.0919146074415014
0.043095687998316 0.0504562528756649 -0.0400268313572944 -0.0792446957462218
0.159982495197805 0.0844302802835269 -0.104080649969352 0.0267494507650663
0.212386310959005 0.0567662045185089 -0.202091057155079 0.144188271856044
0.203723429560808 -0.0314327129253595 -0.181439489817061 0.224662784602259
0.1262549012097 -0.141972314484056 -0.00609130767870801 0.265497015469582
-0.0106630020291047 -0.167627207507983 0.174402071505615 0.12539390844756
-0.139818931818609 -0.0946138990370475 0.215140276927867 0.0598993106449524
-0.0652224862155273 0.041945989187167 0.213282679583 0.0558618109689766
0.172455761258282 0.22285754663872 -0.191297412299442 0.136594745078767
0.177120869225729 0.269147961512004 -0.109732818214295 0.255882454984972
0.101845878837176 0.348326335063697 -0.120106038973049 0.336293155445224
-0.0339598853054402 0.292833359961807 -0.21032515821719 0.309153793209586
-0.142898787959636 0.194743488951152 -0.265340115843196 0.197461812041725
-0.141692665656027 0.0810343876777847 -0.233851574510388 -0.0118302017786987
-0.0529115962084244 0.0329296447954439 -0.134692452817043 -0.115624286682676
0.0549359968240783 0.0768853001146022 -0.0161028785081349 -0.0585481505958723
0.151404629208658 0.0881407098035721 0.0266144569071125 0.0811483479508914
0.195974308726041 0.017362774249885 0.0350454277509538 0.233315336447762
0.144450289898838 -0.0944111935846776 0.111995842952727 0.304568993711199
0.0185016753449354 -0.161611226169402 0.245340846692652 0.270121707216047
-0.10406717163237 -0.0830347570386153 0.324454587456192 0.0936255663338499
-0.146690184237679 0.00952177800217481 0.285978252293352 0.0469506905410843
-0.0223886878882455 0.123152518015609 0.264814741327079 0.0371241679398631
0.0929287503732497 0.206595197785519 -0.280971260733966 0.0406950163611779
0.0379921396122488 0.205772336695109 -0.268238170326497 0.132787970592079
-0.0427782361932787 0.22232279906294 -0.311604489912706 0.214184177482417
-0.0917930809867406 0.0989043148994928 -0.381907470867774 0.148513449899631
-0.0761977628414033 0.0107654495554238 -0.364978654192989 0.0249188124163154
0.00895173111270387 0.00494968457644472 -0.261880233881939 -0.124920802832356
0.0461613742376643 0.0513947681663711 -0.131771709426852 -0.135060498068981
0.0584695096815922 0.0906004851662903 0.00744985653029432 -0.0300358603739794
0.065658651877375 0.0674175034105718 0.133380982761309 0.101500942387011
0.0376651708322058 -0.000221629331881872 0.266086651991777 0.18760786654127
-0.051980907395752 -0.0367610063327984 0.387826663227727 0.130243203821876
-0.123524386201845 0.0212643094244522 0.427983549888918 0.0233874771502319
-0.115631641910545 0.167881925128627 0.376919785774673 -0.107735117524195
-0.038499387589025 0.18299776611014 0.279451674316397 -0.0695440990005385
0.0766843907675102 0.207873488414838 0.265248488162171 -0.03675454285274
-0.00543703037246689 0.137943861151844 -0.291941731333017 -0.0348919799650341
-0.105105132988834 0.0437344696331291 -0.298665191002379 0.00235831887924364
-0.123345119801536 -0.0176976626239106 -0.331169679667117 0.018193816382088
-0.0253804566705907 -0.12581314815316 -0.326019782241957 -0.129477466679915
0.0729036514517558 -0.111450084956079 -0.203376681602347 -0.211493410229905
0.155667893985262 -0.00720336723129726 -0.0943779363557188 -0.232656537398419
0.129240291972722 0.0779314445441419 -0.0405666125275267 -0.126176773240235
0.0524811020984573 0.0916007132895914 0.0270820519166166 0.00487514772944067
-0.0505514842427147 0.0526407498795013 0.15752121432639 0.089112778172144
-0.153693501545186 0.0575092614506521 0.300009134936345 0.0611226501414935
-0.199469224908331 0.135733320679228 0.375930273446583 -0.106935342826131
-0.122752299150673 0.261227183331398 0.326941158475871 -0.23554871147383
0.000505519262534651 0.360565776908893 0.22919315214766 -0.307656219298697
0.12030028416418 0.27780587255349 0.139270865549039 -0.219056575811002
0.175348422810532 0.237296821239243 0.190997515529737 -0.13979161850013
-0.0622663999188823 0.0593360966141212 -0.24019272317275 -0.0626325640551084
-0.138244444342014 -0.10053755917608 -0.220294270079321 -0.0469377220686711
-0.0619560160387357 -0.164517200980734 -0.194030982819339 -0.0695064818748238
0.098254840451656 -0.17162887968466 -0.0806763791255526 -0.231694922342449
0.161923321091686 -0.0776238899100266 0.0968999126523473 -0.242623938143876
0.182323392611522 0.0451026051517104 0.149705138424547 -0.203294824270089
0.144064110880889 0.0979861499935156 0.0874034533984328 -0.0762789986863232
0.0356093257344402 0.0815755024055471 0.0423089419986376 0.0408263373458392
-0.119901559939044 0.0506604734267187 0.092140585320377 0.0717711720441715
-0.227454298277939 0.124041138962024 0.14870119617202 -0.00350839656908878
-0.188193413432097 0.23102995429726 0.164437287203362 -0.160546704145239
-0.0240817760129056 0.315372227870055 0.109585091317199 -0.272019989751535
0.102215888224624 0.337937312716991 0.0192964343704019 -0.347506748773277
0.199814599015489 0.230474747338002 -0.0585758259712128 -0.306664522692936
0.205917356552711 0.194945563049593 0.070175541173787 -0.227002406304449
-0.057405848126641 0.0165345044718879 -0.177367270684317 -0.0530449754666878
-0.0791540090479653 -0.12105175430733 -0.141838979389715 -0.0215309244302094
0.0126845406535635 -0.131886241721491 -0.0770410610577321 -0.0325659049237249
0.112496252107547 -0.0837343638075468 0.0893412790859395 -0.140749589315748
0.11056325077583 -0.0117348009020503 0.270317877480742 -0.0940427192985376
0.0963097315661552 0.0670835369779294 0.299798824225824 -0.0800937603248407
0.0862075984309972 0.0836669648956434 0.186374368506121 -0.0108699242880533
0.0117254921842694 0.0600853700297894 0.0529794162619204 0.0712994772364145
-0.0990698544169976 0.0453569963621505 -0.0025549767840744 0.070053577961865
-0.157533152024947 0.114672605713916 -0.0226855510456585 0.00981966181862111
-0.0954797149793929 0.159258817600481 -0.0112015068916562 -0.0830102822486468
0.0297741530678462 0.187271409627001 -0.0216463203838672 -0.17687462398544
0.0958869430215354 0.174451705958204 -0.109967842933943 -0.283141123548621
0.149833961992746 0.107346202598578 -0.206186156040795 -0.320761449353834
0.148011125493457 0.105646369028856 -0.0380453942196022 -0.277849337121261
-0.0179490664474686 0.00759228948418859 0.0817309636209513 0.284396970692509
-0.0200648379248995 0.00500995847215908 0.249327064066761 0.306660602922977
-0.0108676756657502 0.00680994779656768 0.178134661277303 0.222013279336597
-0.0222380714881234 -0.00965086658990723 0.075443991217332 0.123699935801125
0.016250205754099 -0.0134598817383197 0.0776258853274813 0.0516870966668195
0.0213954681035846 -0.0295307205900745 0.0900031472249111 -0.0172796155351233
0.0114171788728583 -0.0320461304937866 0.041134763367824 -0.06710391455892
0.00430121786716054 -0.029744647889165 -0.0787211467326617 -0.0912980237513737
0.0107185995830086 -0.0280149375485326 -0.245983311692236 -0.0349570884717299
0.014886718111004 -0.0185594702974905 -0.347674074500979 0.0102992877008523
0.00861759206404014 -0.00137901996170542 -0.323215316265135 0.00839240911019564
-0.0180927575193987 0.00670299974700751 -0.131724602264377 0.0942963537220866
0.00330624032603371 0.01724721748482 0.0486689942719045 0.00352872403419708
-0.00566525462339225 0.0299746077622024 0.137373278746301 -0.0145017022045999
0.00433114745027619 -0.00078787826653908 0.148935188461838 0.0219617596800527
0.112016740062865 0.10181965855953 0.05039723845609 0.26752122396025
0.12155680022354 0.120397934052383 0.216350113867759 0.308852931547578
0.10014181853394 0.165663594361031 0.167535517836859 0.248030959824681
0.0216613647505929 0.170681125602437 0.0653652824751684 0.161799427612015
-0.0536634188955073 0.158306676450914 0.0497681868099647 0.0890591640426275
-0.115004098480594 0.0714685162933352 0.049153328395038 -0.00993506681999288
-0.0709588646358842 -0.00204877275085968 0.0119555831066582 -0.0739362614404219
0.0285355897746263 0.0122085553860122 -0.0664470005872821 -0.0916181048136142
0.1044352265582 0.0368759470693043 -0.206613536112396 -0.0212781496181889
0.130946970418298 0.0357766544293087 -0.321319575815006 0.0382755180498305
0.126583119479018 0.00575860743202101 -0.302375478348703 0.0650448816567794
0.0881439596452335 -0.0557141872768131 -0.117385455189034 0.141581610753678
0.0239784391367231 -0.0981420411328205 0.0775871384171345 0.047360287239537
-0.079794756976101 -0.0652782078339258 0.157816570062721 0.0122249250428363
-0.0472802897518745 0.0056216026878981 0.166836952737827 0.0329795266719409
0.191112113316202 0.176209732249468 -0.0526861910645796 0.222317463514567
0.213198874794812 0.216288162401283 0.0928879638495814 0.307921716961373
0.166850444292575 0.298130643539196 0.0823825067875248 0.319889507653788
0.0359636232784986 0.30107398245728 -0.0138062307350148 0.269735355263095
-0.109674159684602 0.258177851529421 -0.069633677869325 0.187462770569258
-0.182410789032415 0.124826198711024 -0.0855468182186009 0.0215575169158948
-0.0995046652028024 0.0210257638071648 -0.0709370990088493 -0.0858904030208941
0.0481667189445339 0.0490748343346201 -0.0454611332482895 -0.0782201121675226
0.165864477221482 0.0786576015116644 -0.104140277237319 0.0300117280652204
0.216236595469863 0.0485411015076297 -0.197577726927452 0.15205114849055
0.203241967104581 -0.0383623095155227 -0.174518956812237 0.232122024214211
0.121757261489773 -0.146217981310365 0.0043634885882338 0.265613647690244
-0.0171799295271514 -0.167195239162942 0.180371609719754 0.118062074268567
-0.143864041474422 -0.0879158266486407 0.219826673628163 0.0510582608946114
-0.0641902169183325 0.0453504423453085 0.218106004747556 0.0461012738879297
0.184617401048721 0.21571384886388 -0.185142156019402 0.146776671795693
0.191325246147849 0.262574059984237 -0.0964826032541454 0.261840664947102
0.11721233511029 0.346948101989244 -0.103741233732241 0.343603785384923
-0.0243733829367925 0.295737032810456 -0.19671132667761 0.321719742066674
-0.137446185754409 0.198903477874196 -0.256924782170559 0.215320714007826
-0.137457370343354 0.0832815580950339 -0.23759475831552 0.00226772855185945
-0.0489796988875161 0.0336942592897263 -0.142389162622368 -0.107395659211467
0.061864154089943 0.0749891996160605 -0.0202044365612706 -0.0584080463414745
0.158189811333947 0.0815353841955969 0.0303038770088634 0.0798120792708605
0.198602850237126 0.00924235607795207 0.0453531347487489 0.231681980711433
0.141886332327839 -0.100766528695494 0.126918826238994 0.30166177681735
0.0121745904550758 -0.162099440909856 0.259192152896887 0.260257282138265
-0.107737302566821 -0.0786843385252723 0.331059256860536 0.0788792257122089
-0.145704906499919 0.0169089192320562 0.290906461905531 0.0337047257476976
-0.0178663100211909 0.125056865439817 0.26795067724648 0.0249597977361976
0.102257922415746 0.202639557647164 -0.279984685550771 0.0541290660051594
0.047253340054469 0.204463055269798 -0.262438869305966 0.146112957223234
-0.0324193678496951 0.226891444179785 -0.302372215533556 0.230825569485904
-0.0889184070590773 0.103779969190538 -0.37681205565033 0.16781897727532
-0.0764650790988277 0.0129939303149754 -0.365509845928787 0.0429538607757687
0.0103855620574752 0.00224039100485797 -0.270412844484791 -0.112810022786702
0.050710724029561 0.0487423583045618 -0.139430714878371 -0.128866079415252
0.066319956861175 0.0880819494618302 0.00597517137675995 -0.0300791507633589
0.0721591578888749 0.0639832862720716 0.140091239080862 0.0944686785067938
0.0398152215322012 -0.0035253328528881 0.277277778230996 0.173788372710988
-0.0541715094091853 -0.0360736751751562 0.396847907090401 0.112412108775844
-0.124562116171888 0.0275664978248366 0.431612202463864 0.00286797667337985
-0.106811142373771 0.175266605760307 0.37306523443091 -0.127085236084563
-0.0307865579305442 0.186834854088374 0.278690157950324 -0.0826571804566988
0.0875773382568087 0.205380802765438 0.264628737066375 -0.0488297834131601
-0.000816660661935863 0.139372450445034 -0.295078901414735 -0.0213135960523319
-0.105133379108993 0.0494784106654041 -0.301327821901723 0.0160689107807344
-0.123749780152294 -0.012134655631327 -0.332742189106423 0.0326493796148137
-0.0303087512324798 -0.124858772830106 -0.333804157482724 -0.115269834539065
0.0691085016335483 -0.113853375264295 -0.211975652227363 -0.20443595242591
0.157246534164029 -0.0133714699821928 -0.103791687098702 -0.228778218372428
0.135450203358495 0.0738518559777672 -0.0464932405318108 -0.124512326483669
0.0602148047329788 0.0891575354732468 0.0283086995675312 0.00422926467709773
-0.0453212347603088 0.0536219558472532 0.164182414863266 0.0792404644216115
-0.150234722457491 0.0616221454504865 0.30790846737279 0.0440932092664017
-0.195573572858307 0.142386477971314 0.373645821194685 -0.128574116625663
-0.113346960772899 0.267542264399304 0.318486430903651 -0.254556480327747
0.0177222482864325 0.362574383928141 0.214614955514594 -0.320683007936767
0.133772798845342 0.274185307369211 0.128845231027109 -0.226857541919308
0.187611894432736 0.231389730078724 0.184811475880436 -0.149028060971632
-0.0612193336793987 0.0626206370253514 -0.245026291193999 -0.0515503442860664
-0.144237227110432 -0.0942387849485295 -0.22519344309348 -0.0379371604917413
-0.069423702230925 -0.161635157726893 -0.197124615519776 -0.0627035022721739
0.0921741568512638 -0.176276032344579 -0.0911168253750963 -0.229606661335446
0.159027243044073 -0.0830754637377319 0.0884578778692419 -0.248581714154024
0.185094870729279 0.0387399941873776 0.144352051604993 -0.210272926918016
0.149582858299901 0.0930577283992327 0.0852042695034044 -0.0805649431888587
0.041877982882737 0.0800436809623595 0.0472118661136268 0.0396716902943402
-0.114605748828997 0.0542833271420723 0.0985981087408905 0.0633898851989462
-0.220768007350354 0.130852526598369 0.151686992826905 -0.0169151042977534
-0.180581260646172 0.236913405294985 0.15615974673786 -0.173132825065664
-0.0126619007449979 0.317565181270642 0.0964734103248823 -0.278718348602175
0.118132982623505 0.333813758836897 0.00105449367375195 -0.350399036368518
0.210794782586663 0.223353113001888 -0.0741447550193448 -0.304935855845219
0.216843633399399 0.186162012951825 0.0592560851184133 -0.231558279300158
-0.0570397820711144 0.0203916373472263 -0.1803693277693 -0.0451805440774647
-0.086018746519778 -0.116096169814455 -0.144226593338952 -0.0165388424270328
0.00748334281683321 -0.134126372551955 -0.0771939038448766 -0.0308652414532829
0.108759841993841 -0.087982097246307 0.0854542417322964 -0.143837837355585
0.110824365519711 -0.0152239087563387 0.270212969690077 -0.105840193619894
0.0997534303882837 0.0644531620978748 0.299905269930636 -0.0909745220457748
0.0915162414342913 0.0806723863559926 0.187561304669567 -0.0178091789412841
0.0162003553388854 0.0605181236920776 0.0612606047148763 0.0689582226748907
-0.0942888390497248 0.0490588674529293 0.00470419999726338 0.0650572670881854
-0.151626056831419 0.120149450974268 -0.0210603183368979 0.00353087695027161
-0.0905613766007405 0.162841423110329 -0.0180854434142838 -0.0861936744035539
0.0368608692449971 0.186814342688771 -0.0320886364411548 -0.175741203647706
0.103217407126373 0.171069779457951 -0.126537373026374 -0.278790323603576
0.155532707861909 0.101134301617042 -0.22467646087516 -0.311491762532694
0.153674159729495 0.0994193372116333 -0.0520797704477475 -0.277275283750196
-0.0174093060863659 0.00881332717218113 0.0903776435819461 0.279696486593255
-0.0209029697915004 0.00566336189252647 0.258285524834578 0.297873505234866
-0.00983286736492514 0.00652259751651683 0.185241329108909 0.213178684450146
-0.0228110487534345 -0.00783827174663707 0.0800852455940386 0.119346844920374
0.0154856581198649 -0.0150633636665332 0.0813071197297452 0.0509423609138942
0.020687199762611 -0.0289862857096952 0.0887785554034364 -0.014283860872448
0.0102147050098368 -0.0316593867699933 0.0347564240263292 -0.0628964526411623
0.00246223278448754 -0.0292305014930374 -0.0856054789672576 -0.0875963115350499
0.00962582516925657 -0.0281664257177746 -0.246826457327007 -0.0303823907683408
0.0141870349166105 -0.019544016092049 -0.345836659195372 0.0159426291802167
0.00881073087921865 -0.00148109225162503 -0.324336645512438 0.0134361127621871
-0.017449068522191 0.00808725876654798 -0.13106787072638 0.0938362360010337
0.00419297559569019 0.0162112101558068 0.0441382795348924 0.00298816975284614
-0.00447869906259981 0.0297791941233453 0.137477755318035 -0.0178179897504122
0.00398819230770347 -0.00101507704448137 0.150050896910503 0.017713719943761
0.11453904757659 0.0978710050300743 0.0599415800946154 0.264009745382152
0.123392320264242 0.116910614967845 0.225813689499412 0.300114397511221
0.105662594522754 0.162767039598412 0.174997050331042 0.240896123929801
0.0239881991445093 0.169052808536736 0.0712361540225067 0.158502685116845
-0.0504168687550305 0.157064579347189 0.0552355998977394 0.0901569623949058
-0.112130934500594 0.0727706278226084 0.0487778870719792 -0.0050818636349286
-0.0702002278368525 -0.00189548681580974 0.00622902561693084 -0.0693762206633835
0.0303851385596949 0.0110847215709833 -0.072705759764389 -0.0883160109496308
0.104849099838497 0.0341591611941474 -0.207161938720491 -0.0172459876365231
0.131176866376579 0.0323106507671964 -0.319508051730504 0.0453845375328111
0.124975893367846 0.00411538459082733 -0.30215365257731 0.0698019209344442
0.0876601349724993 -0.0564941438607109 -0.115296782894868 0.141641249151386
0.022105218146297 -0.0984171708488182 0.0753820590582994 0.0452270200494615
-0.0807726240159335 -0.0631483356829425 0.159006075042539 0.00833993575022317
-0.0480973448733876 0.00712372856918035 0.167384728249726 0.0283483117582608
0.195708575362099 0.169189394385752 -0.0455272050671367 0.222456020677171
0.219745193521619 0.209599538295047 0.10512549024902 0.304049031205688
0.175255965075491 0.292259718242396 0.0927814553857069 0.314214389824931
0.0408885300375413 0.298690629587855 -0.00435802529930465 0.269544446505076
-0.104106111882097 0.257363995522658 -0.0618830044913572 0.192680340828148
-0.177831217350429 0.125236201089881 -0.0862778088496306 0.028960855610794
-0.0971075328149237 0.0220477847950653 -0.0758838094853782 -0.0803043081976177
0.0528125738263005 0.0478600828409835 -0.0496687109328997 -0.0763525161834812
0.167244701340932 0.0738153485863956 -0.102754569279708 0.0313894520205489
0.217185714417719 0.0426415346750123 -0.19396676576711 0.155485404469408
0.201392280209975 -0.0419268235963765 -0.169783318205548 0.233900043891119
0.118783766932793 -0.147543653806436 0.00862069178035104 0.26300125808061
-0.0206607224992411 -0.165775694110107 0.180962285235992 0.112615671414648
-0.14545693955693 -0.0831725704344687 0.220979642829415 0.0457653693754462
-0.0642960814240768 0.047540535761376 0.219677404457235 0.0405239572753896
0.189891963140854 0.208931787955107 -0.179188154391698 0.150191644934047
0.198574629647401 0.256813829958106 -0.0865025930941755 0.262523108200603
0.126640992595047 0.342855423121549 -0.0914814206736577 0.345865538641346
-0.018117547691074 0.295088308100408 -0.183988233131005 0.326921963976448
-0.132928384879297 0.199824375044108 -0.248627752816495 0.225248879557501
-0.134283023890182 0.0833172331808797 -0.238505379803099 0.0112039334765172
-0.0467332985479289 0.032908555022994 -0.147165798604542 -0.10076493554798
0.0678977888233512 0.0722013284885588 -0.021794120086758 -0.0570029926622629
0.160984489061011 0.0759632512289816 0.0324203283960039 0.0774501842815552
0.199179955560437 0.0042212564146886 0.0506211471016495 0.228851487339058
0.138924115353869 -0.102369687527245 0.133342545819094 0.295534737216949
0.00860749458655338 -0.160771854455864 0.265544559133539 0.251811506009589
-0.107784069762382 -0.0748010202538979 0.332311606902804 0.0695796945289679
-0.14416869905592 0.0219169791209764 0.291178464571655 0.0254241966924472
-0.0152265456584579 0.125193955042655 0.268775042251419 0.0176143578367121
0.108016218029876 0.198987732478547 -0.277541653586604 0.0614820908482408
0.0536605032727468 0.202134806672393 -0.257785221167856 0.153418098406872
-0.0252755588024728 0.226338079850465 -0.293978233165743 0.2394135611226
-0.0859142356099478 0.105813385509003 -0.371240833958084 0.179478610774617
-0.076578320738292 0.0147002340722058 -0.363645268154692 0.0556065520008673
0.0108898180403984 -0.000879678992419264 -0.272745831090842 -0.103987364896314
0.0545680956721162 0.0468199258362429 -0.143385259929839 -0.123031506178835
0.0726783898735441 0.085407931667654 0.00517497907348126 -0.0297659788305159
0.0760121747754743 0.0606153692817463 0.143577569538479 0.0895063110052074
0.0412907412018692 -0.00576974830554705 0.281508007253686 0.164040740568579
-0.055464127898623 -0.034920712032403 0.399705257812574 0.0991768571446826
-0.123200152994678 0.0309771308440989 0.430757311288077 -0.0112558197535844
-0.101317876086748 0.176746902359772 0.368647654849387 -0.138149225826433
-0.0240443752232535 0.18734199527565 0.274657527644596 -0.0909614536888025
0.0919169441710369 0.201156404850201 0.262148722338868 -0.0557066553743646
0.00305487721847082 0.138687496147797 -0.294537365248992 -0.0130868212755682
-0.102736146075722 0.0526429692929589 -0.301244076709876 0.0246168466650043
-0.122313806870002 -0.00769104865290634 -0.330747198435492 0.0420614921652565
-0.0333436204010608 -0.122369787557921 -0.336872853588239 -0.104237949920823
0.0674492681500373 -0.113581268065622 -0.21738254907723 -0.197482198099832
0.156611372894841 -0.0176392546157844 -0.108432768865513 -0.22466129595579
0.138844322969141 0.0704107055183583 -0.0495671871104845 -0.121876832734638
0.0655552362506332 0.0868664305758077 0.0294493542178541 0.00479944364509549
-0.0401918979068157 0.052443544904036 0.167741642877011 0.0718056850173208
-0.145946622610441 0.0619167384287501 0.310761057257016 0.03173173805167
-0.192245572558363 0.14388579130264 0.368385648277668 -0.143310801882234
-0.108723472787521 0.268679871356642 0.310221359023919 -0.264201204174608
0.0272900854670045 0.360757646516853 0.202932880188809 -0.325638583878066
0.141772668921837 0.269633262521852 0.121250887862808 -0.22795501612842
0.19353248396289 0.223829764470536 0.179974148533732 -0.153393120686073
-0.059591361964457 0.0653313463009411 -0.246008429903309 -0.0441013485566244
-0.147185447426616 -0.088108081294153 -0.227734725740106 -0.0314394111920134
-0.0724225433997343 -0.159246202103276 -0.197900062600222 -0.0582003804243255
0.0872449556703665 -0.176515412566968 -0.0951221018963018 -0.225689927031262
0.15809602547878 -0.0854547772809499 0.0822680846428123 -0.248762984619643
0.186667146172322 0.0359179078372902 0.140874113930731 -0.211804480242338
0.152656830995283 0.0898046197409931 0.0827238886536968 -0.0814080615693813
0.046126663262779 0.0781812302938007 0.0509773601124512 0.0384873331248062
-0.109700340460264 0.0548794447965718 0.102733425859367 0.0556830214725036
-0.215410910804055 0.132939790395066 0.153480065516416 -0.0267695116272201
-0.175600605901469 0.238117028797268 0.148739704234041 -0.181096402172441
-0.00645692352115751 0.315085727694543 0.0870647209679821 -0.281656797149147
0.126575594712238 0.329861139698145 -0.0114203849131525 -0.349375165127728
0.217030007679693 0.216663059959306 -0.083348772394361 -0.3009632445345
0.220723769389166 0.178820572417984 0.0515926881356428 -0.232894418153635
-0.0562159977681305 0.0222872158408872 -0.181790030365211 -0.0388649283973808
-0.0894629378919308 -0.112589223035159 -0.14632249088022 -0.0126870855641666
0.00365804750123351 -0.132675904934082 -0.0747668415071263 -0.0298188135989289
0.106651247878531 -0.0900623845954024 0.0837883000843495 -0.143472611515235
0.109675649913645 -0.017536467407879 0.267919323357561 -0.10919278663628
0.101623554198018 0.0635010308386106 0.298758005723151 -0.0983777366323453
0.0934888653775319 0.0784451769923465 0.186109627872028 -0.0208810458935284
0.0193072983927368 0.0597192341471901 0.0661893954622723 0.065871806325525
-0.090648089118419 0.0491199211748525 0.01046811210922 0.0591819710780735
-0.148263001664772 0.121129788471581 -0.0196571597338047 -0.00310634148146918
-0.0875838364940524 0.163659976704935 -0.0236827434379286 -0.0881862753432377
0.0400520488833747 0.184642783437532 -0.0390941780185073 -0.173484124856064
0.107201244874234 0.167463656567298 -0.135968773294445 -0.272826633359247
0.1568856281224 0.095895325563154 -0.233264620563045 -0.30233798113235
0.156063753978011 0.0937793770784771 -0.0615748122775015 -0.275280185441695
-0.0176630341461643 0.00369338332355912 -0.00884115907700546 0.298520185738438
-0.0228617090070683 -0.00160143993689659 0.143673633896137 0.371655720035731
-0.0106723029245631 0.00204335763946202 0.105598428015228 0.264328468212906
-0.0195608558274767 -0.014550617347673 0.0384178898802056 0.139201300772066
0.0195741950742185 -0.0102309424820475 0.0629454650933848 0.0780114771516206
0.0285440908374855 -0.0199027986068564 0.0852690933528835 0.0231516221516592
0.0194777160441046 -0.0257379242649578 0.047200012181692 -0.0441193885074405
0.0120091228669851 -0.027693104876993 -0.0559370562425611 -0.111571835849058
0.0183406953807328 -0.0254805946146198 -0.223284721120167 -0.114356958180225
0.0185931569914401 -0.0147244263386921 -0.331857090803321 -0.105471387274661
0.00735706142801247 0.000824033593280059 -0.313511238091159 -0.101541824169859
-0.0202757031270367 0.00288811199937543 -0.156966208252711 0.0406543072320562
-0.000721750915299994 0.0170810172479914 0.0364694614783576 0.0164380875940511
-0.0145981761086341 0.0273191531588862 0.137337241735235 0.0302913937995629
0.00483879517807622 0.00102647210906913 0.137667769708396 0.0680209856089582
0.0781717949404937 0.131733269403504 -0.0324683037749831 0.27233951062644
0.0784810676961593 0.151965092514396 0.112526810155728 0.363783306327202
0.0468810754709052 0.187240715844897 0.085690833801195 0.287980316761093
-0.0351985718883728 0.167254461725409 0.0160210147404778 0.173945645900972
-0.0984394643687749 0.129591822961357 0.0247057452608509 0.106666668294149
-0.129324067308332 0.030202368106942 0.0442789680033485 0.0173842916336319
-0.0647653408852053 -0.0253943342738574 0.023270151833435 -0.060472594101088
0.0260842379567853 0.020872209748245 -0.0411046562692409 -0.108251824172705
0.0875401590128833 0.0666037902644509 -0.18876689720608 -0.0882083064340995
0.112376115971899 0.0723347312475186 -0.316496740959449 -0.0657022404102888
0.115608667070713 0.04561116197151 -0.310150665176926 -0.039835746147384
0.10242987719206 -0.0229161792521491 -0.158983198325649 0.0931756475295874
0.0557015581118323 -0.0855871309622809 0.0531834648620947 0.0681210136201418
-0.0557452897568226 -0.0857693996980646 0.149796318769167 0.0618018736407668
-0.0473221368977746 -0.00813641743684057 0.152476638963512 0.0844693793444492
0.131305686525818 0.226755923894307 -0.117961957346012 0.196460163166187
0.139799441979849 0.271568180921957 -0.00414735199995372 0.325355451576355
0.0694681402440171 0.335239155103139 -0.0179766493052704 0.332290434605944
-0.0626860721204447 0.295437851350176 -0.0933840779723755 0.254467968321999
-0.182971087617228 0.205175761533097 -0.121650689226389 0.165022386714036
-0.208320556951133 0.0557774881867911 -0.0941292908374732 0.0024345806891405
-0.0967294353526226 -0.013070512694149 -0.0481447048524806 -0.0985527891052388
0.0376850445281517 0.06338700093901 -0.0228118599981288 -0.0888990842967909
0.134653809914356 0.126455203304863 -0.106797830988938 -0.0064862878971454
0.190097471752739 0.112604855640743 -0.236516030470012 0.0813233155214912
0.203603137078139 0.0297955085357368 -0.240175155754729 0.161399881780917
0.162158952101115 -0.0964983853696409 -0.0818063850106692 0.252668331026362
0.0377392482149556 -0.163939711890453 0.134600820712356 0.168572684995219
-0.109330084041467 -0.12552777630461 0.197024566248552 0.118275514914401
-0.0749975271463055 0.0246259918508822 0.198116469126442 0.112526140368827
0.111488579453203 0.262772845036135 -0.222134475185925 0.0823896582061406
0.10452807641321 0.308630753927699 -0.173045064252945 0.220901358859946
0.00840502288838466 0.365769877840701 -0.206039518181193 0.299478984157929
-0.116108621014606 0.272154110646615 -0.285602739060526 0.249778869616137
-0.191897150413985 0.141974657230997 -0.312475575344218 0.133839958085254
-0.153151330049125 0.0299286404251934 -0.231381227319947 -0.0656950414971719
-0.0512026566007953 0.0148352550186583 -0.10646539379762 -0.142127278405366
0.0434563042067675 0.0916949611650075 -0.0022269508340488 -0.0610799312566164
0.129056940669164 0.12735658657703 0.00519705030017275 0.083503781971259
0.187365583027095 0.0705164335057981 -0.0291302828591495 0.23322849288252
0.165749775400922 -0.0484162282037938 0.0269634636214553 0.323712955187589
0.0627970521503765 -0.145192648964907 0.16804182157176 0.328932445149784
-0.0759395208256433 -0.105346238758845 0.293795887297643 0.17778034366885
-0.142355480366978 -0.02401125800101 0.26982156179592 0.12255415775318
-0.0537093423481899 0.115278643421976 0.250934760546723 0.10696720761442
0.0353147050236068 0.225683149222979 -0.285233813141496 -0.0365349439105449
-0.014479579371071 0.209188866726949 -0.298383348338609 0.0578455421081368
-0.0977172791508428 0.206881006611447 -0.363750729916632 0.127664264373073
-0.115333573043845 0.0715581017243288 -0.413423006177116 0.0455554534772167
-0.076284279463599 -0.0118313802603809 -0.363351034343155 -0.0675337994851263
0.0114904626670621 0.000820048656064117 -0.223865373749174 -0.186730395017838
0.0392953697311833 0.0622186631861645 -0.0942928879831675 -0.162877660963327
0.0436923150968508 0.105823499938311 0.0150384048357071 -0.0250619882584891
0.0551330403703549 0.0836429060522233 0.105901667020829 0.131794531224236
0.0428143153247468 0.00797498508358268 0.213740971781892 0.249780417710236
-0.039145823452491 -0.0498043836531446 0.346571945615699 0.226784959705876
-0.124940816301356 -0.00931976985709839 0.413981318031012 0.132449009525958
-0.151959636919223 0.135033156449174 0.397065005808399 -0.00799468124001381
-0.0819265224435639 0.173395402948848 0.291325941526189 0.00584104064213223
0.0227646508672661 0.221779402892761 0.268334623442452 0.0347617266559595
-0.0446170157470237 0.134076879805608 -0.27700047997295 -0.11311498724803
-0.115305718882089 0.0159952890268522 -0.296285049587313 -0.0814268693068663
-0.11312018641498 -0.0470667172738728 -0.329367193115719 -0.0745233190365003
0.00998385313984104 -0.125924167641732 -0.282639245557274 -0.213617160952586
0.102373627386705 -0.0844177678335807 -0.138513000017386 -0.260003605400003
0.154205517496836 0.0350247708458429 -0.0267105134300528 -0.245906139457536
0.109154140589911 0.113562036108222 -0.00548708688684298 -0.130373723113148
0.0363895174889862 0.104490283309243 0.0275023812231588 0.0154957080580425
-0.0514891791894832 0.0370958017787046 0.136062088499938 0.122294262747631
-0.154963275081148 0.0079915158636394 0.286701109706658 0.130409346323216
-0.228267560321198 0.0707292111260417 0.396661990014664 -0.015791182361576
-0.189184493857807 0.217773351331171 0.381294313476296 -0.148252921978042
-0.0907911511564778 0.352522040442502 0.29864731925246 -0.243880196169279
0.0489315815403227 0.304696405676274 0.189393002197168 -0.176164812012462
0.113333015467633 0.275867904172592 0.219642082991525 -0.0848022107570744
-0.0798680609760974 0.0440748593191764 -0.219717953439712 -0.125878380378158
-0.111343091344556 -0.131955096256899 -0.205934329974228 -0.109678691452063
-0.0160317239483242 -0.173833575806418 -0.167027707232954 -0.124889652829739
0.142107242011163 -0.136684868576291 -0.0119921685776383 -0.245178991192144
0.178219351915509 -0.0273602771098631 0.164263372479395 -0.206020413062444
0.16482145890557 0.0967950725363103 0.204151231498541 -0.151159646357637
0.114961796458043 0.136930965840169 0.105038116124145 -0.0461170499555748
0.0199796500577245 0.0896821357287071 0.0372999917090074 0.0552819367461631
-0.118373424110857 0.0158360296660167 0.0816989533417174 0.0841516120787818
-0.244560602100844 0.0515181553384083 0.157190439468422 0.0204636271796263
-0.245507776338058 0.165065159832459 0.200754465471267 -0.126370297156394
-0.110045839961171 0.294391495264499 0.17436695245961 -0.239108409494092
0.0112820027125365 0.354348234861798 0.102588193409117 -0.336731975494971
0.136498887363996 0.275697418818506 0.0174402917952772 -0.312961975243482
0.154344336645522 0.240601597827114 0.124783880109351 -0.204439649431924
-0.0614581828921572 0.00367557002618155 -0.1604696346089 -0.0998074609389455
-0.0486986057062384 -0.135510903258435 -0.134867534990293 -0.0640082278734708
0.0474414320997151 -0.124710841341957 -0.0586369964648151 -0.0548467865164296
0.130744475637801 -0.0482451917601695 0.130806637795005 -0.103383804492443
0.108642505117086 0.0205259522384479 0.290866316361818 -0.00934673357463598
0.0750913119037311 0.0949829535732795 0.313454198941747 0.00878300896057575
0.0630388575150048 0.105052374843246 0.18028881534918 0.0462427972353132
-0.000316614949915111 0.0635270390182034 0.0446103923069078 0.0852841940590432
-0.100398424151976 0.0160365200903436 -0.00470470389295104 0.0549408067609255
-0.178071618689916 0.0633166511502253 -0.0142036991658511 -0.0160724652020025
-0.138003407713998 0.123951194686829 0.00461369634549984 -0.0959212651367968
-0.0229770465598251 0.186112221427326 0.017681155510118 -0.178333772728088
0.0457807893238564 0.193455434870882 -0.0414488823889591 -0.304927261415475
0.118222247498281 0.140805482684036 -0.122793846441329 -0.366604911816277
0.118550442072949 0.136985524696925 0.0318010337746765 -0.284018738462524
-0.0174016323062854 0.00508329549074399 0.000153668299287972 0.306051165613422
-0.0246988226146012 -0.00105363743670838 0.157623237376558 0.376822932450712
-0.0106335302176514 0.00165567728787892 0.116122869578994 0.266078564396114
-0.0203547073151558 -0.0131145840911005 0.0457596491135948 0.14209924710252
0.0197459576197818 -0.0120267157570165 0.0690658710819388 0.0819728736375089
0.028589873288309 -0.0204356200335062 0.086195535538181 0.0279557571922463
0.0190337101705998 -0.0265574439765113 0.041049065328295 -0.0434585964722342
0.0108392711645341 -0.0287459661759167 -0.0635551955043996 -0.113000902587722
0.0181738385183139 -0.0271545849335851 -0.233234600522678 -0.113821849464207
0.0187309791364763 -0.0158806345618291 -0.340970681125721 -0.104370052979897
0.00719418587578219 -0.000101316299874263 -0.325588867614085 -0.0999975954044314
-0.0200387136080444 0.00360031440110189 -0.162464073281629 0.0403650884339931
3.66226812724322E-05 0.0170155921815736 0.0333043371177149 0.0161159344140392
-0.0140888658442311 0.0279457224638332 0.142076505403774 0.028845958544823
0.0048840479536569 0.00112530481121177 0.144705218996909 0.0672878012035838
0.0832058708483447 0.133346672206741 -0.0246521592968125 0.279593226459918
0.0843076238499662 0.153520698682568 0.127491173891431 0.368080701008517
0.0522231091813917 0.190171009114473 0.0971393913957949 0.291068945813
-0.0333175657259841 0.172372445289764 0.022968758357209 0.177613590476627
-0.0988631482800299 0.131631778588942 0.0303960042916261 0.11158855210825
-0.131067492764217 0.0323666090541141 0.042683622217386 0.0237558797941402
-0.0654662696135796 -0.0248970807819309 0.0173176854873875 -0.0596589233619238
0.0289110887768649 0.0205272976964082 -0.0487204371491422 -0.110896516598358
0.0907789447888454 0.0671449493553034 -0.195243984001014 -0.0886218626574594
0.116518680686117 0.0726663972763268 -0.32472575615488 -0.0646118737502434
0.119230344502167 0.0449154411939151 -0.320919132200105 -0.0388974348102448
0.104831861272578 -0.0249636378757943 -0.162938093167595 0.0956215873836461
0.0554416673890274 -0.0889021797182776 0.0530894002011288 0.0679100874624422
-0.0593012749767413 -0.0871049739559818 0.155968498422767 0.0611125350499033
-0.0486851187107239 -0.00706735565966179 0.159130557998194 0.0831487307972403
0.140714374759845 0.228935742035945 -0.114898295336362 0.203821322338384
0.150156338930945 0.274474448101514 0.00649845804206473 0.332875869935244
0.080006694079255 0.341381834615932 -0.00883901380608666 0.341262942442799
-0.0590518830955575 0.302537341638065 -0.0882697973436238 0.264108478839665
-0.185158775485135 0.210890862018022 -0.118952829521677 0.176193050557988
-0.21134598787832 0.0580170441682154 -0.0994076835965988 0.0100816474853311
-0.0964612215964073 -0.0123277400374409 -0.0562478107421128 -0.0979775137801459
0.0432161649083812 0.0639973372616032 -0.0279177412828965 -0.0918695176908941
0.140975503226442 0.127343917014204 -0.109115582926716 -0.00679110035832807
0.197375883789613 0.110726071524055 -0.240872515807795 0.0876341340595459
0.208604034987219 0.0283437959295566 -0.244111871194233 0.167689392051547
0.164652895036323 -0.101413328124839 -0.0800552701872259 0.258677063411696
0.035686872542962 -0.168292251815183 0.1403402064894 0.168751369858079
-0.113885481471073 -0.125006182741913 0.205474229295997 0.116984261123755
-0.077117189267979 0.0272097754780783 0.206587229510389 0.110218673801018
0.121015011414016 0.265770398604404 -0.224668216142511 0.0895999048285604
0.115930860671787 0.313519350638618 -0.170355857911235 0.230632218053356
0.0178195749619355 0.376168545965154 -0.203266037043907 0.312510528003771
-0.114637790120432 0.280271842679041 -0.286706513211416 0.264732701373759
-0.194308918552117 0.147333718984701 -0.316092098802989 0.148214973230229
-0.155021626004846 0.030504875010557 -0.241878382251992 -0.0590245937666006
-0.0499334246833817 0.015819768231031 -0.115829414936041 -0.14170586769703
0.0508977400294595 0.0931916660245194 -0.00541936713708096 -0.062748133543583
0.136694711926738 0.127802624083855 0.00745581274987436 0.0843198090217634
0.194640937793094 0.0675891659827665 -0.0250701042827765 0.239627787600954
0.168858002363183 -0.0511692965615349 0.0340139525212205 0.330336959107441
0.0623161442506205 -0.148935585470586 0.179700063340726 0.333704908614342
-0.0792173357588651 -0.106470429758454 0.305317246605206 0.17522255855245
-0.144556163531777 -0.0205816002297312 0.279684089728604 0.11897961436398
-0.0534603183835253 0.119208819008933 0.260473072676852 0.104855650836661
0.0426061302578545 0.230791858015587 -0.293558235723009 -0.0290498853423247
-0.00861838384347664 0.215228263581661 -0.304193584145072 0.0666510507123847
-0.0936782572544888 0.21431039994387 -0.36970204344544 0.140534785566244
-0.116961367063272 0.0757567244307407 -0.423865175332976 0.0570182698932181
-0.0779592473202334 -0.0111066536458559 -0.37427278211564 -0.0584950748346806
0.0130645675535127 -0.00123027195052022 -0.2355435048212 -0.185694934093996
0.0445924480734392 0.0628664871667061 -0.101977749111869 -0.164227997922964
0.0512903928351492 0.107694512736868 0.0141385172632587 -0.0258606093768815
0.0613031939900702 0.0849580100558268 0.111975800377235 0.131440569103428
0.0468456886248761 0.0057559101764592 0.226330581096208 0.24974482154852
-0.0405829327100928 -0.0513941637403518 0.360660603026084 0.22339219543565
-0.127935779464959 -0.00722267204516406 0.428679791553551 0.125440123347275
-0.151506163413399 0.142436927621754 0.406642013436405 -0.0175754730371686
-0.0783800682565946 0.180158645037353 0.298305185107576 -0.000909557604331582
0.0296961920475936 0.226423945707706 0.274948200670596 0.0300229456044061
-0.0414933919709725 0.138922973079772 -0.28674460479075 -0.108508407466739
-0.116893493560898 0.0194646956325061 -0.306643740419397 -0.0759616907898821
-0.116260573441631 -0.0450289642863051 -0.340465851396528 -0.0678563854532305
0.00856514055986959 -0.128557549048301 -0.296278099823967 -0.211450129933611
0.104298034261524 -0.0869886797719642 -0.147758080862865 -0.261926457619222
0.159572739967482 0.0337868540383759 -0.0309253160664462 -0.251754901142306
0.117341038163764 0.115032938398443 -0.00903434755118014 -0.132096700958384
0.0423134200247828 0.105794322242346 0.0295264401952395 0.0165428421376739
-0.0476159215454361 0.0380366672083376 0.145214731833013 0.120691770209609
-0.155363491283752 0.0092511207554715 0.299576439553913 0.124763704338054
-0.232008669859535 0.0752382302119771 0.408447071243551 -0.0278099818610512
-0.191813792795626 0.226198078116276 0.388724873736384 -0.162872368678436
-0.084970350741751 0.363845305840592 0.298527739200229 -0.256857181546048
0.0573750799807811 0.3106312977683 0.189509389062365 -0.184423551441269
0.122833979049972 0.279377862092886 0.222525143000159 -0.0921960016238094
-0.0806310085201564 0.046905660935405 -0.228369506892456 -0.12320552227274
-0.117432166283974 -0.132502013578567 -0.216375421711902 -0.107591039318426
-0.0209171555017092 -0.176529510925836 -0.172950799019589 -0.124882598528762
0.143123717021646 -0.141744548845026 -0.016470985733804 -0.249752232845974
0.181107701780157 -0.0311112649966598 0.164675754113749 -0.212826065227096
0.171336320354769 0.0976239689002466 0.208206688968689 -0.158874772571919
0.122124240132818 0.138080042610679 0.106007344771206 -0.0483374843600839
0.0256739664793742 0.0920070043791706 0.0428727813260823 0.0567006599322497
-0.117243181619469 0.0174157447438988 0.0896110326000756 0.0817407223651443
-0.247212320861186 0.0545074637436454 0.166515914200788 0.0115454362899404
-0.24862535502963 0.170312363728875 0.201337478766668 -0.138904874867338
-0.109726861569123 0.302557556429029 0.171901734266826 -0.25065022423217
0.0192344360719003 0.362934235646099 0.0933373803721534 -0.347436423995975
0.145893896700894 0.278174503116317 0.00983631510542652 -0.320187633355722
0.164480129906742 0.241593530203881 0.120870325168472 -0.212509316457321
-0.0626351116507183 0.00529241129955711 -0.166566404911673 -0.0978454549753813
-0.0538990942207918 -0.137035121748623 -0.140813054084207 -0.0622157486744305
0.0454538086069927 -0.127835710123289 -0.0585343088943283 -0.0556338011569455
0.132194631014634 -0.0521377398933502 0.134997426943534 -0.105522438160685
0.110446166041339 0.0187840270854231 0.301272940850639 -0.0129382472370606
0.0801747854863511 0.0967849566047727 0.322097949548106 0.00357965543811452
0.0671608069499102 0.106643982785522 0.186638272092806 0.0448663639938036
0.00304561852628632 0.0657650184332151 0.0511244537187343 0.0867283538508577
-0.0994981935152181 0.0175197742740545 0.00183293963250092 0.0538825738053304
-0.179009254607117 0.0658365919303438 -0.0117904263149655 -0.023259922638627
-0.139906922274019 0.127878937366014 2.93029402792666E-05 -0.101377176623152
-0.0212265970362964 0.191319107515906 0.0118445004701339 -0.183190913363999
0.0504954199678173 0.197326472779641 -0.0523204372131462 -0.310629476120435
0.123238083498403 0.140588092490981 -0.135584478519248 -0.371994914967648
0.125064555012019 0.137085825368387 0.0234013242148299 -0.291647055938233
-0.0169683441251459 0.00682148582666897 0.0167110595239874 0.311831326120864
-0.0252749010744198 0.000835088656402895 0.180455890341777 0.375793695467352
-0.0103879465478712 0.00143493175507803 0.13290829335425 0.264023492744272
-0.0211923168441412 -0.0121116564589982 0.0563967299652098 0.141159007852527
0.0189038143618058 -0.0139432573282182 0.0766820139902799 0.0832585603696873
0.028435759422454 -0.0222058435891189 0.0876507926254678 0.0312585824073882
0.0175404306106208 -0.0274864503642302 0.0334581279416779 -0.0412335130184348
0.00832198342297434 -0.0297940399011782 -0.0747187144028477 -0.111433301554855
0.0171047168187033 -0.0292968099370885 -0.243356107113193 -0.106911819441947
0.0188524407272442 -0.0174361659128265 -0.352019382064281 -0.0947809025013091
0.00756381092095128 -0.000589400834252289 -0.339526474606164 -0.0910516841729044
-0.0207434327677692 0.00429100000847065 -0.16648439819809 0.0443216447112096
0.00174021092679364 0.0164005455876477 0.029636556448758 0.0157581126012462
-0.0141502669400115 0.0296688278147375 0.146756138542046 0.0232536671173916
0.00465557119907172 0.00116766478079892 0.151486335136277 0.0619109392111092
0.0919781989460379 0.132513273999513 -0.010711168223468 0.285526231450457
0.0922665877993602 0.153048797983394 0.148687562728592 0.368808050441129
0.0614265698826812 0.190840039524586 0.114323295739483 0.290223248490311
-0.0269470299075539 0.176897500189968 0.0352627506736495 0.179134176860099
-0.0951980753132089 0.135722643988209 0.0384852004680358 0.115572327321762
-0.131849559918788 0.0374679494785337 0.0430276153579905 0.0284318954059973
-0.0669909651432648 -0.0227781851619778 0.00884777707581692 -0.0579605521751545
0.0315278923980216 0.0194652932569653 -0.0585305316572369 -0.110995179943504
0.0960785235412027 0.0646793108556227 -0.204014609837568 -0.0843590793018199
0.121953726686723 0.0682018918899064 -0.335243523274981 -0.0539203085305609
0.12364601720717 0.0427053135473291 -0.332179318271776 -0.0287511934846691
0.10692418396596 -0.0293634346183813 -0.164379790668907 0.100865730372143
0.0531600697656739 -0.0928284125160167 0.0524192408898014 0.0665260842414019
-0.0638857861978482 -0.0850799552406703 0.162941401230916 0.0550561592780321
-0.0506165310992944 -0.00471895036094897 0.16769298231576 0.0769096331344661
0.154827953255539 0.226797683591531 -0.106236503313942 0.213562232614076
0.166372623074172 0.272024064437507 0.024277463558996 0.337275055929409
0.0975026383418868 0.343833163507475 0.0085040288129731 0.347220829695859
-0.0480072169972411 0.310587207783331 -0.0751247265294841 0.27478392169483
-0.179396615861487 0.219615719315575 -0.110107233275454 0.189038760046379
-0.211099616262141 0.0661402348825335 -0.104242611312167 0.0207680303350897
-0.0966161020985345 -0.00834103343957635 -0.0668064274962864 -0.0941245192093726
0.0501137826901935 0.0636538672495299 -0.0352829343179676 -0.0932075247092494
0.149927722358585 0.124907449683883 -0.112428470720251 -0.0037634623027729
0.205520359928513 0.104899273924831 -0.242507866981324 0.0980580643444277
0.214586052330848 0.0219167713816813 -0.244701940722299 0.179911237425862
0.165095541986106 -0.108570916197059 -0.0727604351263646 0.266947598420514
0.0306650394097412 -0.172686550622259 0.148955674823497 0.166205415381037
-0.120636357538721 -0.121992796473551 0.216143224428644 0.110748211918978
-0.0772701374729776 0.0317478359478861 0.217014246581364 0.10246036244819
0.137401695116816 0.264356001513381 -0.223733346655475 0.102104981064208
0.133647306600575 0.312928624665713 -0.160537644600372 0.242925469562749
0.0370427937548705 0.381063013869658 -0.190971148906438 0.328787532613251
-0.104292586093691 0.290720349163015 -0.279319552585675 0.285703386563913
-0.191510242455952 0.156061026235842 -0.314940345626954 0.169635624722452
-0.155318144205724 0.0353110687393646 -0.252818195784421 -0.0455157493177456
-0.046409350207569 0.0179904073827633 -0.128262934141963 -0.13790549581
0.0604508707788643 0.0937222303682472 -0.00980476146780461 -0.064296553998872
0.146988344077233 0.124649224833487 0.0120186146620168 0.0840718283397187
0.201819714097572 0.0615003597010087 -0.0150307678784834 0.244928806680979
0.170642882354777 -0.0580776249231541 0.0491012180673766 0.334247057006348
0.0583024481464798 -0.152824368650327 0.197911149224716 0.332394869237043
-0.0838962591321192 -0.103693980244965 0.319186829320871 0.164883448042139
-0.147640039748082 -0.0141152539406056 0.291786731226399 0.108897478279119
-0.0476887562996255 0.124018327192527 0.271338169825557 0.0945830888465492
0.0551531689686016 0.231798944567403 -0.299759295841602 -0.0160441539099347
0.00219501913437739 0.219215584611871 -0.306973327549417 0.0824210966937009
-0.0848635893370879 0.223489965794111 -0.36996139404843 0.163361462075267
-0.115598195038318 0.0825517605432617 -0.429890783517305 0.0811569574768542
-0.079272598630614 -0.00833149007622294 -0.385038202693432 -0.0397231857748428
0.0143156864315343 -0.00274442806348694 -0.249738041423276 -0.177800276122771
0.0515204380060904 0.0628157954301211 -0.113370302663517 -0.160941227127097
0.0614319531440563 0.108013613022814 0.013610220684559 -0.0265428107622451
0.0695636711087673 0.0834390568457026 0.121418101170307 0.127676615490899
0.0499447325037889 0.00290520160112981 0.243034335631346 0.243120026331284
-0.0417929648264987 -0.0509021624985449 0.379308258173438 0.209126724561951
-0.131227059077165 -0.00116671903316599 0.444267275713357 0.107361074261942
-0.14675568578732 0.151278716216851 0.413324682311909 -0.0378243913161344
-0.0695139609999384 0.187068774474131 0.304523685075864 -0.0144552603823828
0.0418413704979597 0.229549782451301 0.282020638598846 0.0180545105689089
-0.035633270773424 0.142648677640103 -0.298025098501324 -0.0960930474234466
-0.117819123401552 0.0252356056709287 -0.317858969593011 -0.061945590668281
-0.119585622885781 -0.0394984158128522 -0.350875899973055 -0.052739904418361
0.00450902090522692 -0.130158395381648 -0.312884225455193 -0.201050297703842
0.10350112725072 -0.0924884610668548 -0.162247010456759 -0.25911785464712
0.165256785973513 0.0288777000955236 -0.0433848283867943 -0.256449049184278
0.12713687720821 0.112255103337446 -0.0165855621061903 -0.133953032095653
0.0520669755853482 0.106739291104773 0.0326577865798133 0.0166128945513431
-0.0429243314111029 0.0400334354537106 0.154470538835974 0.114919691099278
-0.156012528283997 0.0126449030247142 0.315905525503536 0.110195436653688
-0.233759806161172 0.08392038608856 0.415227117549537 -0.0505700813414961
-0.188083470408263 0.237437936568405 0.389159381423304 -0.186486157000867
-0.0695293703468375 0.372677608283457 0.290023966845991 -0.276690594938072
0.0742783596161264 0.31369057092298 0.183706263488552 -0.196638424754686
0.138575670877415 0.277839521307508 0.221653044989785 -0.104513400774697
-0.0794159297301005 0.0513408980064529 -0.238425334511971 -0.114154864214994
-0.126443673069429 -0.12806105306431 -0.226850299717264 -0.100081621465161
-0.0286007061238863 -0.177169123257827 -0.181058259043274 -0.119755917406818
0.139796000447031 -0.149785103390027 -0.0270543760229286 -0.251405490450331
0.183670121722108 -0.0376031240065971 0.16101549263784 -0.222311362870604
0.179938425134778 0.0939067507055243 0.206260661273837 -0.171362891848337
0.131860036861082 0.136538039797032 0.104908245601583 -0.0530673657448131
0.0331361593626715 0.0933275771830244 0.0492417534362953 0.0564356654352053
-0.114186319277127 0.0221575057653208 0.0991935777313487 0.0766217284917811
-0.246190014689873 0.0627944899907251 0.174192743142105 -0.00173409096103761
-0.247346642055207 0.180380308772101 0.197742954352704 -0.154350680607656
-0.100637974067906 0.31303582267085 0.163305282856992 -0.265886074437405
0.035941889287498 0.3685986687789 0.0769720142625113 -0.357727611657537
0.161258787128708 0.277026253175073 -0.00675663046511556 -0.326121568725545
0.178631155560936 0.237708789615995 0.111556328269611 -0.221811917740762
-0.0632587470119382 0.00867404047607627 -0.175694817387022 -0.0923954990483622
-0.0618728331119584 -0.135915365191545 -0.147890093316185 -0.0574268524153418
0.04075489802664 -0.131263173847445 -0.0605165197720281 -0.0545879335392445
0.13262232443464 -0.0583940945870915 0.135994985545513 -0.110422322297129
0.112226280254845 0.01476271364214 0.307521098262117 -0.0222986331628649
0.0863435948991199 0.0961171950814818 0.328232392712462 -0.00874933829170459
0.0737873089587745 0.106009582606156 0.192013832444255 0.040083539673134
0.00810023150061297 0.0675048360761438 0.0605065403932996 0.0864154529219307
-0.0975432725489336 0.0197517562136695 0.00895907621212279 0.0504852218237443
-0.17854307320948 0.0729500454555032 -0.0103641325445522 -0.0300439773761178
-0.138833322988556 0.135156586061382 -0.00726810339854725 -0.10705580935371
-0.0136475814063726 0.195086551340238 0.00177522652111152 -0.188167801848469
0.0602799857223722 0.199805096700177 -0.0702409330703826 -0.312827147697352
0.131608771139904 0.138092126822365 -0.158444291711639 -0.372156704845668
0.1339828402583 0.132913887314155 0.00857705868658347 -0.298847947284097
-0.0155477096746022 0.00825132772086351 0.0363132578559915 0.311075177359613
-0.025365479283189 0.00331650527690517 0.205190487675234 0.364844238712132
-0.00973093838552205 0.00191483802125385 0.149118302972448 0.253323629112049
-0.0217895873139919 -0.0101150937007151 0.0674655506367203 0.136692448077333
0.017599924347523 -0.0153277292607793 0.0838837065824604 0.0822551589643163
0.0276944786190344 -0.0227706843738327 0.0880233679874153 0.0338629561411761
0.0155886284522342 -0.0280503949560033 0.0244328694494593 -0.038909446053
0.00563367864720378 -0.0299942029342427 -0.0854810790431853 -0.106220548814707
0.0152094858418695 -0.0309709425849114 -0.250995872586779 -0.0948828788625367
0.0174321384142231 -0.0183457805112277 -0.355974129643391 -0.0808691904474948
0.00734043710114733 -0.00127215124566752 -0.347577525010558 -0.0762360151863795
-0.0197071695167285 0.0058839964337755 -0.166513121963632 0.0494498856229413
0.00286894868642298 0.0158420625580265 0.0251741016778399 0.014785544583208
-0.0126733094654796 0.03052270662932 0.149122421302997 0.0163196898915698
0.00462882570988076 0.000700183636278547 0.155226161662007 0.0538981729650058
0.101196652096782 0.127066719624978 0.00728243901249724 0.285986639751933
0.101285529503269 0.148039410654711 0.172579825375722 0.358625723423907
0.0724563632360894 0.185528980308019 0.132885292477559 0.281575230515752
-0.0180353194237767 0.177924726635618 0.0486392282012962 0.176892322000277
-0.0882205404615891 0.138859454195376 0.0482881919534754 0.11643351024218
-0.128847259833612 0.043815113756699 0.0431107546223255 0.0329519570399919
-0.066711143968982 -0.0198023075958258 -0.000132358015595075 -0.0551452391267815
0.0336613767567653 0.017363059384918 -0.0693047200386391 -0.107912362641538
0.0995032974679435 0.0602492031881369 -0.209225494688175 -0.0748309843515651
0.125047267423034 0.0618188787955245 -0.336912205287565 -0.0395820834379693
0.126335707163946 0.0372530476817385 -0.336610895613983 -0.0151456512771627
0.106462451424943 -0.0336356889912505 -0.162138126719656 0.106278513507228
0.0491160838652679 -0.0958326551821745 0.0519564333577453 0.064606046885371
-0.0690341745391591 -0.0807295364975622 0.166323516562906 0.0466698362392083
-0.0510585990360727 -0.00197506285940675 0.171857734487339 0.0671642880489224
0.168251108720202 0.217030959510922 -0.0929249669837645 0.21824126546608
0.181858712292577 0.262194096386559 0.0448842926031273 0.334951755643158
0.116531214899422 0.335636661561177 0.030240281136412 0.345371542634532
-0.0318879381711838 0.312824082577059 -0.0563955813807768 0.277993699041297
-0.167982681800565 0.226400977607345 -0.0983068021129794 0.199004263256805
-0.205819301719744 0.0753287720593103 -0.104747455821259 0.0331517774119914
-0.0939053735497137 -0.00426021199651982 -0.0768553191866615 -0.0870970817489284
0.0563541683505153 0.0607022655544221 -0.0438325561885388 -0.0915282244092951
0.15787290722704 0.117565027379767 -0.112745830200086 -0.000175310205821255
0.211094733020489 0.0935144513198505 -0.237436183010605 0.109877414769157
0.216118358803923 0.011867389745883 -0.236963600412084 0.189673866919491
0.161294240495475 -0.115898740261161 -0.0608630727534954 0.269230559852827
0.021316386341636 -0.173157647612659 0.155392522933403 0.157929764243178
-0.126928156195621 -0.114490723846955 0.222914152756788 0.0995075344209679
-0.0764898034212649 0.0366219834588817 0.22430641088626 0.0898723570151055
0.152455954950654 0.256754386227114 -0.217315108071185 0.1153324036592
0.152641948117092 0.304350986138775 -0.144985356717601 0.250388597269994
0.0583393604313891 0.379030460762096 -0.17093238398127 0.34085319003507
-0.089735316950483 0.295247193685319 -0.261745841702217 0.304005293946078
-0.183991657683906 0.163784599251055 -0.30522751794543 0.191384412862086
-0.151678973879579 0.0415541195139048 -0.258013113014024 -0.026174741917296
-0.0415376422702212 0.0192064225180825 -0.139383375964031 -0.127955518811445
0.0698708799173251 0.0904661587680569 -0.0150510625201087 -0.0633358007966457
0.155895985782917 0.117037137383775 0.0159039821229538 0.0812882694118849
0.205456799545082 0.0500018821523305 -0.00219389136629387 0.245624104768548
0.168880748190017 -0.0654458912959354 0.0656093562771597 0.330762653916894
0.0517063452134795 -0.154763645787708 0.214881254923946 0.321196953034094
-0.0883532917645076 -0.0982359566746447 0.328349517924164 0.147162161166176
-0.146221912239538 -0.00548523472843404 0.298465905920259 0.0934111794915807
-0.0408714786994256 0.126724301222332 0.277057462466323 0.0789632647360702
0.0686973999181311 0.228054565288646 -0.2996387691262 0.00202542405462396
0.0150368334196548 0.217718087888503 -0.302024918840612 0.100109054566045
-0.0703689423193026 0.228312563345864 -0.359438243647191 0.184492436938412
-0.110264300751261 0.0887193831905218 -0.42580683787512 0.106785992691209
-0.0786383464542014 -0.00517451860951305 -0.387288770691836 -0.0147320700160549
0.0163413896798696 -0.00468749908828283 -0.261228862032861 -0.161236938766966
0.0588905539793422 0.0594568946917132 -0.124731795462797 -0.15323677082851
0.0714693632923075 0.104400972984121 0.0115630374274939 -0.0268918481570096
0.0775407446499962 0.0795158085793706 0.128936888181641 0.120202663873156
0.0523350247270235 -0.00124582282283148 0.257766577235565 0.228671263455545
-0.0441284785476523 -0.0491679820717008 0.391833716331804 0.187224065667489
-0.131245139510869 0.00589664117789962 0.45206113556521 0.0818666656281507
-0.136653158501922 0.160172960200878 0.410092764498375 -0.0630363747045517
-0.058039911579973 0.189713667883954 0.304101205074944 -0.0311918483430339
0.0545021512157482 0.226163418833979 0.282651282916531 0.00177194594268962
-0.0264826513681109 0.144202713035034 -0.303344218160936 -0.0787570950631815
-0.11635104541318 0.0319533971191778 -0.322831182744205 -0.043747508203482
-0.120430873183893 -0.0316940731139781 -0.353416435922457 -0.0323546657275217
-0.00111011841697461 -0.12970764335333 -0.324741559721931 -0.181959240437192
0.0994000767734458 -0.0976635565243078 -0.176183483182786 -0.248732988215069
0.168130034341505 0.0203339028440043 -0.0580209181805555 -0.253358024793028
0.136030409466975 0.106035491062588 -0.0247070077238517 -0.131129814839184
0.0622353465435102 0.103979745708513 0.0354473699714968 0.0150712787279525
-0.0361927948691407 0.0419551026647123 0.162948101694501 0.104163501029135
-0.152915844137278 0.0176835807331008 0.323610480737878 0.0890664272819692
-0.230279461015236 0.0935836445529298 0.41268011781668 -0.0776182923844147
-0.176041695568682 0.247629786793513 0.379194237006477 -0.211418540848057
-0.0483024663155242 0.375320861136395 0.273261463346464 -0.294000981112193
0.091617201018435 0.308922131615573 0.172320076306119 -0.20652338955454
0.155147725209484 0.269892278499149 0.214187074833554 -0.116551711621659
-0.0758912337587543 0.0555785606245496 -0.245731443122991 -0.100541560536903
-0.133628138571891 -0.120070709897647 -0.23479934612285 -0.0865883115135903
-0.0372469637042246 -0.174334046358923 -0.187192644840143 -0.110456510910338
0.132932511641447 -0.157026782244806 -0.0395798133046795 -0.249434572496368
0.180491418597065 -0.0463718344944307 0.150552372045288 -0.228933036474189
0.184810363494385 0.0853592840423558 0.196373155753192 -0.184405467260296
0.140910995915295 0.128902326362101 0.102465626166386 -0.0561828058436002
0.0410050716587958 0.0924022010423022 0.0554756664871008 0.0544248829376138
-0.108977991351369 0.0264135629014535 0.106472786411844 0.0679781262409176
-0.241534297999877 0.0713218961980459 0.176704908885428 -0.0176919446854856
-0.239956371871217 0.191572542313589 0.18804410415596 -0.16985253367422
-0.0850628684595553 0.31663642982497 0.14628271545785 -0.277083182078598
0.0562313533753245 0.366380971359784 0.0530588114505115 -0.362715143070076
0.175983104504133 0.267779637303264 -0.0273356374275921 -0.324416709948685
0.193249783381482 0.227638095785342 0.0973505988237605 -0.227539679672771
-0.062262711747367 0.0118539342344575 -0.181397064950201 -0.0823180310104565
-0.0691977951568361 -0.130746297503582 -0.152740163314243 -0.0487715913542433
0.0341113969005503 -0.132412370890867 -0.0609137314534399 -0.0525221877749421
0.129253657393902 -0.0647468405874109 0.133466093217933 -0.115967017067949
0.111094176090871 0.010061404365643 0.309298754679704 -0.0349765991325223
0.0908649820416776 0.0917824211538818 0.325646184181864 -0.0257573851389439
0.0794882690270173 0.101280281441092 0.194418283313465 0.032210642981408
0.0140827063354208 0.0673029416743668 0.0685781031818438 0.0832314872438216
-0.093863204661194 0.0244522202464764 0.0175973847398427 0.046531244801535
-0.17334490152692 0.0798553766170253 -0.0104094374995886 -0.0377510198342342
-0.132879835014879 0.14093267719094 -0.0167517049812182 -0.109803576943763
-0.00424435497493871 0.195850721248311 -0.0118722226264242 -0.18825123747252
0.0703350023299743 0.196125263085053 -0.0915899301101447 -0.306927703671993
0.137565432653682 0.131491781983037 -0.181191881584084 -0.360221763764442
0.142051415367115 0.125159883674122 -0.0105344736154603 -0.299375036711807
-0.0133016537913325 0.00173146923688552 -0.0962633845013533 0.293670625517177
-0.0216941687668947 -0.00656841913609529 0.0291516764917652 0.414158142977624
-0.00795826077663481 -0.00211891538125427 0.0291859914256477 0.288269159010714
-0.0147037743014391 -0.0164835320107436 0.00495268222640267 0.150384304441886
0.0213198466983734 -0.00657912436071525 0.0418811093553758 0.112784555054525
0.0344500253784104 -0.00778867426610517 0.0590744045968538 0.0714566559237294
0.0244991840577268 -0.0179359406081625 0.0295330012378532 -0.0222278583439278
0.0168609351893038 -0.0252706769085882 -0.0343274203542417 -0.130639856592077
0.0256218603151998 -0.0229780975677406 -0.179980697803173 -0.191171653822457
0.0214563208328229 -0.0100450899907873 -0.277548568435556 -0.223806857630577
0.00558089750022418 0.00161251565429668 -0.273905567771336 -0.216842230164732
-0.0207208042733151 -0.00257235062938181 -0.168624387079326 -0.032118129310803
-0.00288708721894231 0.0145298226139304 0.0114457859858403 0.0231006815018464
-0.0232870612939173 0.0228270915148541 0.125144190340378 0.0774276364565682
0.00505651995575225 0.00204888197927807 0.116271901576271 0.112012938516638
0.0404507948280175 0.155286731515415 -0.113376020646632 0.259741800528941
0.0303772426403267 0.173631243197979 0.00393940723651886 0.393099714384423
-0.0122098187391053 0.193863343495016 0.00213873245017875 0.307390599888605
-0.090054358619965 0.150275678955429 -0.0280206502995544 0.177130127259651
-0.135429772035403 0.0836595928239783 -0.00514559876931385 0.127563413354482
-0.130223124788764 -0.0153470085264246 0.0193190972042324 0.0522023896073949
-0.0492108348687908 -0.0450279467982115 0.0158527686504285 -0.0477830220439934
0.0233280658077974 0.0302506211286686 -0.0181749039196132 -0.127490311952635
0.0623186458074406 0.0936537364031045 -0.151298512226182 -0.15669079476086
0.0810405796601368 0.10564646021173 -0.277787380268994 -0.17801894758688
0.0934484892023786 0.0860982320125527 -0.290724982584559 -0.158403947615047
0.107148661901763 0.0160036904434924 -0.188049119770532 0.0220902653514147
0.0831467216728801 -0.0642567008664659 0.0164145695121504 0.0780347189902637
-0.0276852442223782 -0.0991411085253621 0.128008829058336 0.111303985577705
-0.0430717102025368 -0.0218721792831682 0.125718689392503 0.131506960049176
0.0625621466701926 0.264439020874105 -0.174755620075845 0.157131978839565
0.0557209064053969 0.308209389416929 -0.0983369064829037 0.319253646057535
-0.0345057394445284 0.345653850878583 -0.116408577655441 0.322565189533451
-0.159441285979998 0.261900950922111 -0.166162008706419 0.224495537380503
-0.241728927584207 0.128104973551002 -0.170757669179428 0.13898206766163
-0.210976726583181 -0.0210316971889292 -0.110621748676655 -0.0109007675748174
-0.0777899563446492 -0.0431567753167136 -0.0359700656585433 -0.108681168571493
0.0273712790358099 0.0787823743968087 -0.00123832445813658 -0.101457298061776
0.0894414291113625 0.169923889113566 -0.0982285280050996 -0.0502344655764351
0.143175548116852 0.171036378666764 -0.254057178165305 -0.00348897671579437
0.183367464580243 0.104089262172204 -0.289911979122704 0.0640804411231597
0.188996724290138 -0.0327547666774299 -0.167067408024961 0.210282279890343
0.091570331134327 -0.142259600367831 0.070414300011293 0.204362628073514
-0.0646484977130253 -0.152696954967069 0.157496933054461 0.180495987016227
-0.0798710980705583 0.000557186767870026 0.162236968763279 0.172581397099627
0.0318341624605765 0.293116018215595 -0.24291058346619 0.0122210151205219
0.0113112238998824 0.333531917083438 -0.236290260715594 0.16147463469712
-0.103308594543363 0.361078763370798 -0.295876874543785 0.234271357359613
-0.203161567147997 0.224686913188677 -0.362291863944158 0.16115232013892
-0.229354820683583 0.0674189862472514 -0.351720241994342 0.0434625549538799
-0.14842046908338 -0.0293318834428632 -0.219332873407802 -0.130788679555091
-0.0410981504229823 0.000544151781126688 -0.0712844236735151 -0.171431994227176
0.0267707920883635 0.110924457416579 0.0128906799948689 -0.0636010981212977
0.0892017033069498 0.171786109068571 -0.0200053106748594 0.0767173973012139
0.15945553103967 0.132211253198472 -0.105547530886171 0.214350688478181
0.176000948380886 0.0164359400788705 -0.0804945435236565 0.317736573648665
0.109809891809096 -0.110718721661177 0.0560918046782665 0.371555008013702
-0.0360639998839292 -0.12134544701696 0.230065469543407 0.267039704308657
-0.125377187036322 -0.0628903755654231 0.226535733379662 0.206888516603874
-0.0852285875553393 0.0942657639119731 0.212670138213593 0.184916534072798
-0.032503250574104 0.233803791728529 -0.270004101418374 -0.124806800100303
-0.0759374130827815 0.200618427323655 -0.313137491030607 -0.0389901288710773
-0.156233397616832 0.17521288533588 -0.400769737073454 0.0153936114781801
-0.134771166854646 0.0332645205108821 -0.425599895418916 -0.0826511891909444
-0.0667548157469964 -0.0372105394004431 -0.337779147617547 -0.175077310577437
0.0174991548114776 0.00168791604639939 -0.165016828445997 -0.25261319557546
0.0302323130413838 0.0784289967802535 -0.046989587324855 -0.186930204375987
0.0225890177415171 0.124855365868945 0.021845887359705 -0.0188131707801317
0.0383793308766673 0.105651639348012 0.0635065185224666 0.159726261101181
0.049982293441023 0.0224238508360565 0.133078848119914 0.307217171724754
-0.0146859462974123 -0.0600762762704254 0.2677783303129 0.328268736238051
-0.116597670474162 -0.0466269515832746 0.364873521856794 0.258691435671734
-0.183839999246954 0.0864394127178647 0.388492067309838 0.114158478651065
-0.126873572200169 0.145520631063749 0.281082877676116 0.0989674773571955
-0.0409422477301342 0.220875496568187 0.247403789669159 0.119863123493514
-0.0843293864020779 0.119503492656174 -0.239307202336215 -0.198357922876152
-0.116871582840253 -0.0182591608590303 -0.272542415768418 -0.177059799417813
-0.0934186953009368 -0.0746933875825227 -0.301778846941651 -0.179051710029069
0.0531166191291629 -0.115434328983217 -0.211917553269901 -0.298389789249109
0.128037599981924 -0.0435153907662674 -0.0511714317680552 -0.293667824094981
0.141261448101908 0.0885311120213261 0.0549879986839437 -0.247520025235781
0.077281534253296 0.152033628953998 0.0314733647148385 -0.1249792518228
0.0138494837800973 0.12058842390586 0.0258561222638838 0.0293920890265464
-0.0441530285626652 0.024690167344693 0.101784172085675 0.160256844172849
-0.136263269972795 -0.0485126127435709 0.252517764144748 0.209983850742509
-0.238126646383761 -0.0160850270319221 0.396457535139433 0.102053058100473
-0.257020358832403 0.143745974727137 0.421131963048885 -0.0299003176196125
-0.194761563990313 0.312382232213747 0.360137465730222 -0.148365461896973
-0.0438373353666276 0.311226565182757 0.234905485383529 -0.109772312480782
0.0285984216777528 0.298889945746525 0.236133976288497 -0.0139046507851931
-0.0924389316810283 0.0205374672078396 -0.178539530939198 -0.194227871415343
-0.0705323692636937 -0.15984285360677 -0.174005406002253 -0.177469822393945
0.0386382076929331 -0.167724290103255 -0.119738933117838 -0.179708724858796
0.182894094324041 -0.0829821825522704 0.072034451102308 -0.236144666724016
0.177959475751779 0.0355127983188032 0.231503636776045 -0.136605803577059
0.128634029073882 0.153001234253286 0.249530018276885 -0.0793952321702931
0.0707162109333258 0.174491403839827 0.112430307739226 -0.00372204171782499
0.00013930897595898 0.101389166803673 0.0280009312092477 0.0732877222425789
-0.101883613589293 -0.0207823553173229 0.069154606404915 0.1033657568446
-0.237176378673388 -0.0390333252779376 0.168160999345315 0.0529361184356575
-0.288741207291408 0.0654657489997301 0.235623990856728 -0.0756343748401145
-0.206622026651502 0.241240800987881 0.242502304063891 -0.185383582605246
-0.100797543346867 0.345864976822526 0.193861653867102 -0.299063881283214
0.0462697798233626 0.309060812110046 0.107358237734046 -0.295923276826478
0.079020168486504 0.276235114537033 0.178384437817496 -0.160489664907225
-0.0608891124911556 -0.012746903400834 -0.1280234762695 -0.150335275692972
-0.00907347085066327 -0.143497279287425 -0.115416169999414 -0.10818769135536
0.084461984909577 -0.10225643534651 -0.0295053627942725 -0.0733186918738227
0.141618510564843 -0.00288484490175471 0.169988111690954 -0.0416859093167479
0.0933797431759424 0.0564637231643045 0.289736199919088 0.103450927073496
0.0432929322785687 0.120184208329355 0.294882098667695 0.115883143854647
0.0277565764304115 0.124072933470711 0.156064058838281 0.113773958298682
-0.0141401981479791 0.0679881647763998 0.0292137229233633 0.103880374947239
-0.089457837192694 -0.0180019861589675 0.00259700697298682 0.0468268934257622
-0.183650887707105 -0.00403121198453593 0.0103688025464678 -0.044330546667598
-0.175963609586129 0.0665676374453303 0.0301813174785168 -0.107144841761787
-0.0843031238327891 0.169197858279169 0.0637630918323443 -0.171890630267911
-0.0181014222480651 0.201186106985832 0.0426391615172034 -0.309743749732065
0.067854451451197 0.17190974002831 -0.0130524339378448 -0.393441743528175
0.0735577931090287 0.164581318303415 0.112505839576381 -0.268943517438016
-0.0123720436005464 0.00266945773187525 -0.0896781427769422 0.293048029681438
-0.0220154358006675 -0.00548390994299525 0.0373328136340984 0.408487119557599
-0.0073283485222024 -0.0024915154128721 0.0348918584168707 0.282841171246774
-0.0149207189094931 -0.0155691390147656 0.0109148299630841 0.148292220641225
0.0207332159897339 -0.00744674304292331 0.0446804274610381 0.115008495867192
0.0344463830514648 -0.00748423181256019 0.0549913293821543 0.0755604442171536
0.0231762520511169 -0.0182577228937588 0.0214929982052492 -0.0203005541884003
0.0146206182174771 -0.0248929924624361 -0.0396589301386199 -0.129308539661969
0.0246907349056103 -0.0240149930185403 -0.181387236940558 -0.187648445413854
0.0215275411363447 -0.0102475623979156 -0.276255442822482 -0.222075987981633
0.00553248669754355 0.000910186469799198 -0.276045436731639 -0.215082141878621
-0.020094144614626 -0.00222918600464337 -0.168295952010561 -0.0346325843814663
-0.00290444414107461 0.0135120692575885 0.00687747654594967 0.0218862557982702
-0.0233847922603537 0.0232474179592221 0.125141333479605 0.0754879353846283
0.00451332578634623 0.00251096294061164 0.117080967658941 0.109430458583989
0.0440525346752114 0.1532936827828 -0.106983894362399 0.25838652137735
0.0328736228478846 0.171775933735896 0.0115842984253498 0.386777923950952
-0.00894154615470055 0.191038391894709 0.00914434142261912 0.30354742919148
-0.0874129239280082 0.148914601282115 -0.0221770451825874 0.174685231829945
-0.132592249754804 0.0825932830940907 -0.00209800822127605 0.130525470185741
-0.126713580614075 -0.0142815453144378 0.0160948276078039 0.0564796759686663
-0.0476477991971504 -0.0435908972820383 0.0079677057758841 -0.0458383252791551
0.0242215865204362 0.0291572722863937 -0.0241001952127717 -0.126444378997859
0.0630600002806047 0.0923436765873354 -0.151820687836687 -0.154957925100575
0.0813761535160241 0.10399847688006 -0.27561280943718 -0.175208676138363
0.0932959237158262 0.0846300171892837 -0.291516999877183 -0.156543610425986
0.107384522324422 0.0146806555907875 -0.187884561821766 0.0197319788980364
0.0821820924696224 -0.064446943276274 0.0133267099711464 0.0758428324985757
-0.0284519673280892 -0.0968107571589747 0.128715324377561 0.108334851470928
-0.0426105821153336 -0.0214851461628702 0.127269201695693 0.127433740403967
0.067304825300266 0.25937590644797 -0.169052871200484 0.157846163218247
0.0597987903086252 0.304223651650513 -0.0917271073852446 0.314940404715394
-0.0299605039681545 0.341808412716564 -0.107739178328968 0.320329991397302
-0.154387070745336 0.259804719568172 -0.158532430060724 0.225554147335642
-0.236423083165995 0.126642014528322 -0.166335117275605 0.143760578215752
-0.206010729177298 -0.0196010682825088 -0.113462560924274 -0.00502899481240902
-0.0743693489228373 -0.041212265150588 -0.0422416141085484 -0.106280666841288
0.0301039802259051 0.0786641288952247 -0.00547920250724099 -0.102251266190097
0.0914228558166734 0.168500466995499 -0.0978328988489127 -0.0505527637927969
0.143195297333048 0.168135903320309 -0.250286209256589 -0.00197756079222606
0.182707411290577 0.102048865953331 -0.287207650814245 0.0631734069997283
0.188337332348351 -0.0329349072410979 -0.16414273170741 0.207139400535138
0.0888723596298614 -0.141326371344298 0.0709163429848199 0.201015489306866
-0.0651541084303493 -0.149130143220796 0.159046401762977 0.176544304677041
-0.0793081009567263 0.00246930845776861 0.163012115479573 0.16744004639509
0.0365493171117642 0.288005176004721 -0.239376096701348 0.0157710276915035
0.0172596757741436 0.328392338928417 -0.229572980330385 0.163233421478998
-0.0967357858622773 0.357058823407193 -0.287666551217242 0.237320909760147
-0.198424175948944 0.223643111424569 -0.35416444131342 0.166628236844889
-0.225432003616563 0.0658152414095581 -0.346919417610077 0.0528296989695625
-0.144477059173693 -0.0280831751235719 -0.221148455740378 -0.123346969339961
-0.0375988611239917 0.00169903527902353 -0.0769539284449308 -0.168239308474638
0.0326180557520056 0.111141584565957 0.0104352064606668 -0.0644093531342261
0.0928564943657531 0.169962878869664 -0.0192633199471422 0.0746672713479119
0.159225354588559 0.129599184773824 -0.100162328616848 0.212486641047593
0.1749007743352 0.0160657636291837 -0.0764892547561005 0.312666714309518
0.108440968123251 -0.109310849625151 0.0605965374616472 0.366423421529649
-0.0349182010651179 -0.118317594742567 0.230643543733167 0.260774111222587
-0.123673415689363 -0.060208454112176 0.227521219606021 0.201855976905698
-0.082381497029096 0.0948878250879139 0.213983109499085 0.179357983337135
-0.0280956194387909 0.231729348224495 -0.269120019187817 -0.118376404306378
-0.0715148018394973 0.199050200043325 -0.311264554209441 -0.0350184416579404
-0.150680243412423 0.175352087928713 -0.395196327557374 0.0213437319087328
-0.132177532981867 0.0347618245888807 -0.42246838669543 -0.0734669650707904
-0.0657816359710021 -0.0353822165262718 -0.336350343927934 -0.165240945386765
0.0200190572972016 0.00170786646018838 -0.167563802983612 -0.245869694470897
0.0336542514065094 0.0778975759550303 -0.0512946137508043 -0.18365542091131
0.028438748864314 0.125043305071887 0.0214955714166257 -0.0186849357876862
0.0427778797646588 0.105989716164235 0.0659927684730454 0.156157022603818
0.0512527166148947 0.0210581648910449 0.137453902830554 0.301482826246703
-0.0149802318961921 -0.0597725131757329 0.270972837990822 0.31934237087749
-0.116474480234809 -0.0438974225240331 0.366364308182955 0.249277705506065
-0.17954507245043 0.0879971794312356 0.386437064028349 0.105618509175808
-0.121763605353256 0.146513111761293 0.279348994269333 0.0939400272994339
-0.0368123945269807 0.217962543622113 0.2465847597814 0.11364471445103
-0.08058289138586 0.119240444673181 -0.240105232148381 -0.191680829984858
-0.114999519028548 -0.0154310718988853 -0.273846432023341 -0.170063384460152
-0.0920421089400462 -0.0710426956790015 -0.30236576783603 -0.173437278829647
0.0512124733324984 -0.113582036788762 -0.215796891537865 -0.290189714259651
0.126140156602375 -0.0429514457270467 -0.0533566799777879 -0.289147984532775
0.141494532587462 0.0874061992037136 0.051056534416669 -0.246206419104563
0.0801617426181697 0.15131795049205 0.0282415860816559 -0.122153902753831
0.0189068762166291 0.121246689523186 0.0276243914129699 0.0298219389773245
-0.0388051047118906 0.0257499267208988 0.104721028551376 0.156046560692003
-0.13213353254673 -0.0482053582469055 0.25585446429115 0.201322929330866
-0.235862511588484 -0.0155653409170658 0.39700669055411 0.0910171162574282
-0.252880845007307 0.144329635700369 0.418837063279034 -0.0392693328910105
-0.187913253693291 0.31166204735755 0.352917457527389 -0.152524494953405
-0.037597018192631 0.308202251870485 0.23078328719953 -0.1121574360272
0.0351327548921424 0.294955425594033 0.231340481234828 -0.0168401453728667
-0.0897062468986216 0.0218004256789299 -0.181117161828461 -0.189357576662751
-0.0717247838155797 -0.155954711206933 -0.176045150865888 -0.172619638907781
0.0363931489399927 -0.164087028390024 -0.119640450237031 -0.176450141044214
0.179835386249844 -0.0832149031011312 0.0694659255048879 -0.23204006626682
0.175217483340277 0.0344534450029477 0.228718340363769 -0.135592155328896
0.129340034900754 0.151333823008818 0.244229558142894 -0.0811892096585283
0.072402281078876 0.173585924262054 0.109784707903737 -0.00266282042521757
0.00476329311785122 0.102204203330041 0.0313767663827831 0.0731926626429981
-0.0965192821034398 -0.0188768690607674 0.074951612513473 0.100569914130939
-0.232895886424354 -0.0380590652283063 0.171191511871928 0.0459834734633412
-0.285564243310735 0.0653277468521109 0.233207451710905 -0.0827737085192993
-0.201896762948992 0.240376994276885 0.235755653785047 -0.189770713911945
-0.0951522011882769 0.343293660011244 0.184054941899221 -0.298789070680026
0.0496277431381282 0.305772303021109 0.100878226264406 -0.294454967905918
0.0820504410584662 0.270802657481078 0.172104466826165 -0.16208800816132
-0.0602677720125265 -0.0119793623492332 -0.129860632045707 -0.146897533854589
-0.010139506456323 -0.141180667808171 -0.115631043898587 -0.105234625829396
0.0830606538974795 -0.100969757104758 -0.0285231308759409 -0.0713309580003559
0.139150507036277 -0.00412694686759816 0.170373659320795 -0.0389931757421191
0.0912560025759912 0.0563139775901576 0.288240181526679 0.10227547428423
0.0434025951185366 0.118480374501217 0.290696874651392 0.113567563625901
0.0290292544445189 0.122308168287214 0.155268066448269 0.113225034426556
-0.0108542798711112 0.0681762217548053 0.0336860020604 0.103598040859956
-0.0862393094833348 -0.0178883847530747 0.00938523902648912 0.0443373239202234
-0.179540255586281 -0.00381392577984916 0.0140687929163194 -0.0494952401487218
-0.173938406951223 0.066989376307394 0.0274871442192981 -0.110592519844268
-0.0819170503315525 0.166680113538984 0.0579005305527063 -0.172027436141064
-0.0156655331406254 0.199291965140903 0.0347129100084297 -0.305871927841084
0.0689912671187085 0.16956315615114 -0.02129182705866 -0.388523435788652
0.0757141699044097 0.161622010521965 0.105089807697312 -0.268129612240394
-0.0117017646406779 0.00291465304633191 -0.0860159583370494 0.296386618267576
-0.0206205988311788 -0.00548495461143579 0.042689047045744 0.411200466419649
-0.00716515022025722 -0.00239688997945468 0.039801481405056 0.282666309868693
-0.0146078399235224 -0.0148018218083796 0.0146656234039686 0.148758137260061
0.0206657322715111 -0.00767875094674714 0.0474819311353693 0.120451377977688
0.0360872715002484 -0.00796220151331744 0.0511864712897249 0.0815692357433751
0.0230208940138814 -0.0181437811150431 0.0127334809761785 -0.017965087765933
0.01374330517096 -0.0247975302077407 -0.0447165070093598 -0.130092946151493
0.0248520026943042 -0.0261575295108814 -0.184166544631061 -0.189500783667135
0.0220839736883321 -0.0106314862140254 -0.278664303328879 -0.225643677493022
0.00586546554791077 0.000923608113108077 -0.280233252717359 -0.217365395308401
-0.0198349162776252 -0.0011685936641412 -0.171194043714544 -0.0391590061700623
-0.00262835638638861 0.0136606830659018 0.0022117028469272 0.0216314167021931
-0.0230259116209276 0.0238179609104086 0.126789153996092 0.0757065757581401
0.00478234981818971 0.00244122263301632 0.119849259962759 0.110653668851907
0.0463128062863546 0.152947945941083 -0.103452489405491 0.261010709943736
0.0336035388153394 0.172301720061502 0.0161617912773804 0.389828229400778
-0.00817439015800904 0.192316081598252 0.0146655207293116 0.304062670927418
-0.0870518685431638 0.14906007923338 -0.0182814402772959 0.176087771385322
-0.132535684630589 0.0814765772801715 0.000684733174320252 0.1354380997598
-0.126053874810308 -0.0139620991101498 0.0123121489677724 0.0626701721550913
-0.0466562529721838 -0.0437154182840994 0.000724730498063358 -0.0444907160488697
0.0250393568295234 0.0306780048382946 -0.0284662088818522 -0.129321861161519
0.0636289066619317 0.0926725652110604 -0.153649245013529 -0.157736174047247
0.0815426279101943 0.103751767502162 -0.278111154916702 -0.177634731718086
0.0947243694489521 0.0862438231169759 -0.296053644520981 -0.160756025640203
0.108731437181805 0.0149383520383325 -0.190965478223052 0.0170909166425812
0.0819091196482444 -0.0651876528443205 0.00997857738252149 0.0755068618960127
-0.0293088236337709 -0.0966744908728212 0.129928860253283 0.109128735596588
-0.0431011235820475 -0.0212104431497672 0.130546095720895 0.12884214196806
0.0706235284527907 0.260330968989126 -0.166952826878687 0.160176219364469
0.0632823909450854 0.305408625951861 -0.0875591154051068 0.316670522629727
-0.0281898706239567 0.342123005539256 -0.103484796619189 0.323909360988315
-0.15488999285918 0.260294973887148 -0.15560729167532 0.22900600675674
-0.236545297446285 0.124924076155062 -0.165176029732411 0.150067539663107
-0.204608150749629 -0.0197914325807214 -0.117606212687138 0.000496067455750017
-0.0722312963133901 -0.0404040680777626 -0.0491173477718414 -0.105832706923562
0.0338383193973699 0.0806535056836149 -0.00870291082375357 -0.104488555812074
0.0946653031356611 0.170980467497646 -0.0988461572365387 -0.052995038681947
0.144910794040578 0.169551046494948 -0.251254950545224 -0.00195619576222799
0.184843668274054 0.10369684036526 -0.290654567231944 0.0634810077457147
0.189572032421479 -0.0328344200326722 -0.16539564143368 0.208352823053457
0.0890071413569962 -0.14184412712683 0.070475792386275 0.201533050271235
-0.0661953023865734 -0.149502762306991 0.161339492014334 0.177137616442057
-0.0795864624448415 0.00316596539208305 0.167264133710156 0.167596689733985
0.0407583393709771 0.289353185214681 -0.238944305037238 0.0182004378248835
0.0204231058177798 0.328815585241893 -0.228620824015911 0.164107435033785
-0.0941369404229105 0.359904250788409 -0.285213176862566 0.242581875691208
-0.197895529767593 0.224211716519061 -0.354934866132853 0.174040025932997
-0.22568438035142 0.0663447558610837 -0.35030053071 0.0588711028667976
-0.142693751558733 -0.0296856852773799 -0.226802606008696 -0.119120567625467
-0.0335821941136005 0.00297178429886981 -0.0827086872281515 -0.168779166037572
0.0368697433471443 0.11367821436828 0.00879005446117259 -0.065896099905079
0.0964391441842058 0.172002276624394 -0.0172397039169742 0.0734248170365152
0.161601029289783 0.129796379928817 -0.0989431052636016 0.214768754392604
0.177714630030801 0.0171262393333676 -0.0744455382760072 0.315261984684183
0.109638767743755 -0.10836995000818 0.0635648646551995 0.368759683434293
-0.0357624514234243 -0.117940118916779 0.232818154175796 0.260246290026877
-0.123771781347195 -0.058534261711683 0.231029648257839 0.201429333675842
-0.0819903163277498 0.0962412429715164 0.216965758982677 0.177707843978029
-0.0245664820370692 0.231889832285307 -0.271570168687096 -0.117168263896135
-0.0699162625397421 0.199988680836264 -0.313156511964486 -0.0327213756262916
-0.149526325890561 0.178112313188289 -0.398108420811929 0.0243441480205774
-0.131858059669379 0.035568561450171 -0.429068354835397 -0.0685861078622966
-0.0652908612845459 -0.0356534506709231 -0.340635059213013 -0.163188601458318
0.0223966207440259 0.00158394913895716 -0.172835153571699 -0.24559435128193
0.0376427040186417 0.0798670564224846 -0.0555143397467569 -0.183740961036472
0.0330398477440073 0.127685305599644 0.0214883934794471 -0.0193858534418307
0.0483685560448679 0.108059413601921 0.0683319852112613 0.155569587352817
0.0535713930945339 0.0212260289623417 0.143750458233504 0.301956903811673
-0.0142491154572985 -0.0593621526842925 0.277361884518773 0.319030025769695
-0.117110667215469 -0.0425686834267808 0.374490398674168 0.247758050581454
-0.179197876742669 0.0903712925967219 0.389136859724796 0.10296325531653
-0.120673362771597 0.148691831575531 0.283005299027147 0.0922419986974778
-0.0345045021574339 0.219597264766644 0.249123118173215 0.112962407203551
-0.0786133007679029 0.120240695778524 -0.24340190217906 -0.191327967524556
-0.115818413643978 -0.0149382929389243 -0.277271513492442 -0.169627613725069
-0.0910842454036822 -0.0700359810551412 -0.305632696010175 -0.171676103085077
0.0522043327248954 -0.11281743721361 -0.219740619317663 -0.287733435678683
0.126935165789961 -0.04175521020938 -0.0561084258607102 -0.288505932823531
0.14419092490243 0.088929877998487 0.0483491892957969 -0.24826350278202
0.0844321750978086 0.153702918897275 0.0269533068718248 -0.121182549759984
0.0235317776569167 0.124071944310696 0.0293321639556637 0.0306522626086497
-0.0342614865506908 0.0271890760657431 0.108990641291572 0.155575144205934
-0.130998713534983 -0.0489038669060093 0.263566175804856 0.199830383465215
-0.237069418487044 -0.0164680177854357 0.402072373175653 0.086299283101823
-0.255107181672742 0.147254361684745 0.423639468908461 -0.0456740657830066
-0.1876604325863 0.313765384657989 0.353446175008296 -0.158040219656301
-0.0341732041863831 0.311965747071564 0.230919782921533 -0.114082263887424
0.0373399876519546 0.29603999089808 0.232596810530755 -0.0186135438158625
-0.0900365196482767 0.0224961478110681 -0.183861767516054 -0.188268248037007
-0.0735035945837791 -0.155864649625858 -0.178288284130417 -0.171762688883327
0.0366282919976425 -0.163704096319624 -0.120442797238968 -0.176808762742235
0.180181740132438 -0.083898233550217 0.0706007574851155 -0.232177127701207
0.175719727245436 0.0351285192319164 0.230282009880548 -0.135186826605091
0.13131577461175 0.152804786050122 0.244599734888882 -0.0835801772947057
0.0745205203291589 0.175754332443097 0.110503013314347 -0.000736679959170482
0.00813793452151716 0.104742497368719 0.0349657077144819 0.0745628687357415
-0.0927762174059482 -0.0185376932357279 0.0806884519443808 0.0997330901046729
-0.231699813737544 -0.0394133600072193 0.178694159206775 0.0394660904161118
-0.287887462032478 0.0650810585878333 0.234537971569555 -0.0896662209336863
-0.203732142114873 0.242215313650742 0.234783415018214 -0.196461698880673
-0.0936245993596037 0.345089988389633 0.180000942942204 -0.303007996733651
0.0531126384072468 0.30794985882247 0.0985172567627731 -0.296709100244748
0.0857271734302381 0.271452940756007 0.170584297160935 -0.164454282014235
-0.0602956734763181 -0.0118373456443332 -0.13268647680808 -0.146785384102977
-0.0119157350062314 -0.141348860400365 -0.117140197874559 -0.105506382926184
0.0836623140618151 -0.100786965190092 -0.026860574987366 -0.0711599604380506
0.140186533670897 -0.00391068944458809 0.175261462607955 -0.037604860230046
0.0918278539713544 0.0576168792292588 0.291738466125978 0.104168228573865
0.0435294222846347 0.120031274800285 0.291020714252772 0.11375824879772
0.0300955669533698 0.124137057103028 0.156669820942314 0.115083386068344
-0.00806949263998293 0.0697207142339406 0.0380176200631884 0.104626803024335
-0.0838154174880699 -0.0181364685034545 0.0162765318213366 0.043332400677486
-0.179324852970575 -0.00320485040303382 0.0181552130380548 -0.0555836208449163
-0.175303617933713 0.0669514582473122 0.0260610658376182 -0.116549567736536
-0.0815504326557695 0.167307636329337 0.0548517755635609 -0.175311883418502
-0.0146155494288109 0.201324459561561 0.0299839029580196 -0.307692979610304
0.0710945899939099 0.170853201638766 -0.0260596926195135 -0.390733221798025
0.0779292268980379 0.161319101781296 0.103207646330552 -0.271657258386743
-0.0104119048860556 0.00306712254360165 -0.0768624951111878 0.306200096483333
-0.021700205605204 -0.00521731066423074 0.0589153755794431 0.418768273216939
-0.00650247360662685 -0.00217838595371936 0.0513361704766286 0.28555137395672
-0.0149837018869113 -0.0143620273837446 0.0232020577948047 0.151549362195547
0.020413539305369 -0.0083251579045337 0.0552009222252504 0.126251500973861
0.0368581861145002 -0.00916615239481718 0.0514348386607392 0.0883278380499891
0.0223078350249673 -0.0189023610300834 0.00538767885542413 -0.0159761736673686
0.0126555988196878 -0.0259240170021437 -0.0534869910607332 -0.132377891138817
0.0236376762546948 -0.028736616456306 -0.194289963515636 -0.188803698853756
0.0222830899619821 -0.0119023515876626 -0.291515074428957 -0.226252717338003
0.00555719240890824 0.000525358199293565 -0.293453959417572 -0.217293711882707
-0.020543675538256 -0.00129132736604976 -0.179445811863985 -0.0397774284130915
-0.00148254473954867 0.0129634334485591 -0.00192022494709438 0.0229969935772953
-0.0228965321254636 0.0255682805757242 0.132001953811867 0.0751269516868444
0.00503419201689424 0.00155213331727547 0.126657452387527 0.110764611331282
0.0529993445277618 0.154621739145469 -0.0956097648040142 0.271106227206271
0.040405965182718 0.174924922396345 0.030173992406075 0.396321283052882
-0.00316341254968318 0.19552252210581 0.02675643097968 0.308360424820281
-0.0844443581607048 0.154073064525382 -0.00996279401880776 0.179871897828975
-0.132412993667167 0.084484184205849 0.00722515686167409 0.143312331054899
-0.126014258313782 -0.0121399655910456 0.0107676160127329 0.0704393888693047
-0.0472522869233747 -0.0433559180634972 -0.00777908637778464 -0.0435634747038721
0.0271201191153334 0.0309945422338145 -0.0363489294689594 -0.132098110077042
0.06767096137679 0.092478385490866 -0.161820821938783 -0.159074722465726
0.0857883808038918 0.103754967023648 -0.288061594138184 -0.176404595770599
0.0997898628860238 0.0851339609614233 -0.309681812716682 -0.15903694581748
0.112678655956235 0.0125781010343059 -0.196738508659703 0.0183133452881405
0.0824990205594304 -0.0692681934512546 0.00848033894990515 0.0766017280202164
-0.0330452111489054 -0.0967507275062006 0.136188614344048 0.108722136978543
-0.0446380150609105 -0.0201352232173009 0.138167219743302 0.127727231639684
0.0820949045469373 0.262804419536695 -0.163699071949499 0.169786673461901
0.0735990415336952 0.309086967527163 -0.078201839173579 0.326113706841407
-0.0196173549337692 0.349739165277295 -0.0917982611005771 0.33288902740066
-0.150572280534079 0.267616077086133 -0.149151308236151 0.240402766800965
-0.237613918052046 0.131318002462209 -0.162461488824994 0.163290332830514
-0.206517804019569 -0.0169896355228423 -0.123423730271495 0.00964592835513467
-0.0718276319649598 -0.0394986790024699 -0.0589054792189866 -0.104570686892938
0.0392092240904643 0.0826653337556276 -0.0149202595251617 -0.108383393270049
0.102179563427885 0.171749382899999 -0.102211718984305 -0.0538413027736535
0.152557245170971 0.16891048437663 -0.256032187530205 0.00398135588594045
0.191437488111942 0.102157732431354 -0.297970204325771 0.0712081977323686
0.195142087108767 -0.0373345420501095 -0.165576735216788 0.216345533582571
0.0878589874447018 -0.146931102954919 0.0749259214961828 0.202895698967552
-0.0723056634993979 -0.150075183728976 0.171160654670299 0.177791821828272
-0.0815447672226242 0.00570120359722116 0.176641833759225 0.166015931673293
0.0515532452950677 0.293974537802459 -0.241973537704689 0.026177053774651
0.0317436606409994 0.335814714940156 -0.227464073337138 0.175447068894716
-0.0856366258210199 0.369302997721945 -0.28137252598615 0.257084475679835
-0.195643374634848 0.232970260904811 -0.356788854669653 0.190417340140564
-0.227592770138849 0.0722542635526643 -0.355892968625953 0.0749274974067427
-0.143454738077549 -0.0272434005058507 -0.238435213790139 -0.111824782473955
-0.0309604079252143 0.00472662541860125 -0.0941465042637325 -0.167555760316563
0.0441101061660342 0.11670127749942 0.00594625868789131 -0.06926294859956
0.105752260079441 0.175182472065969 -0.0158754931815636 0.0740913522905247
0.169136329816188 0.129164121309384 -0.094076224138058 0.221909252594848
0.182290889021194 0.0141677660158429 -0.0679244899885672 0.323824001768981
0.109993912724642 -0.11306666226374 0.0776594405027432 0.37421213488104
-0.0392481840580999 -0.117911912500841 0.246486237068944 0.258032669893524
-0.127136731051275 -0.0558012547951265 0.244656304683184 0.198704455055662
-0.0808114831180098 0.101435788547962 0.228827425282477 0.175372193498106
-0.0168426541752018 0.23623969900713 -0.280615436189702 -0.109648383818392
-0.0637490217222814 0.205887831974704 -0.321400897633442 -0.0237549114676821
-0.145900510962462 0.185649015280822 -0.405010900351293 0.0383920433458572
-0.132716611306591 0.0393478699049638 -0.440433645213089 -0.05395975375682
-0.0664441431063036 -0.034649922191199 -0.354272112944599 -0.15369195999755
0.0248065986426508 0.000822326009435924 -0.184719649131404 -0.244499990351391
0.0439081043795238 0.0820889154971679 -0.0637538262351059 -0.184232236754851
0.0410750006540231 0.13141351511947 0.0215387032558785 -0.0202788578881573
0.0568511749975511 0.110925326060666 0.0758293540994727 0.155452851147752
0.0565979499713631 0.0199710550839197 0.158340835651564 0.303252796384315
-0.015439512954103 -0.0608467311763484 0.296556859339548 0.315312885452845
-0.120520781186599 -0.0387219982884827 0.392614346757529 0.23900826632249
-0.179934589770314 0.0987155834365211 0.400705417459386 0.092463379960938
-0.116746892419819 0.156376109967301 0.292687230489971 0.0858627581633536
-0.0278535159088751 0.22620168692147 0.257262692511588 0.107859085240216
-0.0764885016596929 0.12447761609722 -0.254591772598271 -0.185869065023221
-0.118303705997302 -0.0118064972465625 -0.288809307069859 -0.163078461418724
-0.0941592556475354 -0.0673624038421207 -0.317906987038781 -0.166398831021687
0.0513003351091545 -0.116276389374421 -0.232689426162185 -0.286181910984701
0.128861909692148 -0.0450176777840399 -0.0650983593013833 -0.292312642263411
0.150715793933202 0.0878370504421808 0.0417830715276185 -0.255123191233436
0.0929202970464715 0.156427503254569 0.0232453017170045 -0.122216932136195
0.0313650060957382 0.127299329738379 0.0326887829723914 0.0318079678902015
-0.0291036467098708 0.0296369599056609 0.119718630214461 0.154752803342053
-0.132499905047686 -0.0477181761929304 0.280421539613533 0.192939913536538
-0.241829226257175 -0.0115577290764413 0.416866619464353 0.0723217499899618
-0.256195268353442 0.156861168227442 0.433373987801729 -0.0655043873315094
-0.181054238401794 0.327215574207328 0.355073744154605 -0.173467197573015
-0.0253838217448163 0.319371140817878 0.232975923562619 -0.124497565881783
0.0487474923816295 0.301127023326631 0.235928347676138 -0.0265271942111542
-0.090217301692149 0.0255368646020082 -0.193786517206751 -0.184739717202013
-0.0807643496499319 -0.155827850067479 -0.18835803218236 -0.171087057131489
0.0336230337924772 -0.166905020137243 -0.127767991721643 -0.17781035989427
0.181425659598589 -0.088669578399707 0.0668825739645943 -0.236993345527867
0.179361277688322 0.0335523183242723 0.232308103549722 -0.142383365418245
0.137959830586843 0.153248007570754 0.245992011586584 -0.091264691056733
0.0833808171771856 0.178561997201465 0.113242923113385 -0.00149377457278844
0.01453864109034 0.108220001975654 0.0407222419652419 0.0765116072790304
-0.0907386332683848 -0.017407997973019 0.0901933079828067 0.0986055405583013
-0.234803797490155 -0.0353996940627757 0.18781382978169 0.0297835727869426
-0.292460140285311 0.0716270367925569 0.238478138835576 -0.103496735799875
-0.200912308656291 0.252310422591577 0.233789732802875 -0.211187890774948
-0.0850256861713917 0.356194057914061 0.171706442683403 -0.315770842250468
0.0644912493363693 0.312947877370915 0.0903255699877616 -0.306065173509585
0.097105824842305 0.274446383938727 0.167966315126892 -0.173681741207415
-0.0618959853409114 -0.00957826506243729 -0.141189945119083 -0.145550680429117
-0.0176978757321503 -0.143393392019961 -0.121977926240778 -0.104965828583801
0.0830154538988918 -0.104897324605441 -0.0263997432764908 -0.0718290655355765
0.143149338354547 -0.00666453262393675 0.180751934046187 -0.0406517958204601
0.0944407027280154 0.0570843656919734 0.302573953529455 0.103461529180918
0.0472284386667722 0.122615822952447 0.298851204576432 0.111066641845913
0.0346222089818288 0.125720545290527 0.1636291111261 0.115886732800002
-0.00478037909279051 0.0726776526106508 0.0452136015143852 0.107259914292419
-0.0841591365526184 -0.0172940832435895 0.0251350338820147 0.0421115524025511
-0.18135761008614 0.000364676355189436 0.0208280533874417 -0.06346312900191
-0.177257778513287 0.0726724658205304 0.0225056253107335 -0.125595902964355
-0.0782870454842309 0.172984598716808 0.0473924794574887 -0.181821889373239
-0.00864209094803731 0.20542498063383 0.0176902281559536 -0.314690566222027
0.0781456640258356 0.172244119590705 -0.0409881397446629 -0.396692011370637
0.0852738642106531 0.161159324910347 0.0949878038570056 -0.28218829544689
-0.00921448050782641 -0.000253353440685774 -0.0390518146818314 0.317684934771431
-0.0250824285235533 -0.00502054719868371 0.108512392496328 0.415277259940172
-0.00780714234816296 -0.0027427119559424 0.0869024441241452 0.278674720518756
-0.0171069044533134 -0.0122558098675661 0.0420907775266259 0.149287506031654
0.0181309533015752 -0.0103400522154758 0.0721806995995774 0.125114811666901
0.0356858425974749 -0.0132361254228636 0.0567009139232799 0.0897045224702014
0.0196904676915893 -0.0204635789026302 -0.00339900455462662 -0.0114297747333377
0.00911215343352739 -0.0260608268388592 -0.0705551108304787 -0.127663791168396
0.019588246678852 -0.0322757129987492 -0.213119767824777 -0.173616359838736
0.0217212842851549 -0.014608773295828 -0.314213117909421 -0.203722037236301
0.00461199706784205 -0.000215210123773644 -0.318169520379104 -0.196317445908074
-0.0204040467383729 0.000731740708840521 -0.187689454443102 -0.0284084923358265
0.000420889623777633 0.0116646123723427 -0.00457224790549311 0.0242802701104953
-0.0190564962044979 0.0288178568234713 0.140246590681313 0.0646724842931573
0.00601573324322558 0.000722682650045817 0.140265460663144 0.100208751800711
0.0709363492449925 0.143959835446467 -0.0623027068139121 0.285379635227768
0.0558603674223109 0.167140591988485 0.0773470024625022 0.397830749818509
0.0150769868095792 0.192585188524685 0.0650259584167796 0.307163389304938
-0.0702522283229691 0.160055685200108 0.0123634225181438 0.182171915491213
-0.123976989997834 0.0951243491058505 0.0252504798688266 0.147671233953142
-0.124394076052437 -0.000875911016137916 0.0146938238339913 0.0745294746387359
-0.0499456360382979 -0.038660022245513 -0.0187950070532668 -0.0391972561786282
0.0312474919772825 0.0292185054952497 -0.0539368451021187 -0.130120506662285
0.0754305779658317 0.0861865278447204 -0.176756126832161 -0.147119317820754
0.0950282288337293 0.0960875959882845 -0.305443834434811 -0.154615511431084
0.106640876962592 0.0765614643467836 -0.328279695589085 -0.135531411282675
0.11263430212216 0.00257301305514104 -0.198965962822322 0.0319647538046525
0.0756767238022796 -0.0767870716889631 0.0117044552710297 0.0758339656134438
-0.0426523106218162 -0.0914874874922528 0.148542854539958 0.0973806489316635
-0.0453572810837575 -0.0158354436755742 0.152194319968956 0.115019398595689
0.111850140677381 0.24929166895253 -0.143928746887836 0.192080247622787
0.105390230357594 0.294928728553727 -0.0420900134116119 0.339407761199992
0.0152666230338967 0.346832784970571 -0.0523609069194752 0.347553457280496
-0.124412712882791 0.278919812263091 -0.123248337810216 0.259804657327467
-0.222867846170752 0.149140402939951 -0.144908201168013 0.186811946483628
-0.203762840671955 0.00104388164605945 -0.125808980078013 0.0264773195449494
-0.0711403041102816 -0.0321358257165003 -0.0749102675292365 -0.0965035653201808
0.0500288209025465 0.0794881262711909 -0.0278072878056751 -0.108829722642775
0.119112866243753 0.163340469647142 -0.107963210126498 -0.0474112857964215
0.165933632320491 0.155734273095593 -0.256838203418377 0.0253432255097285
0.19985141478673 0.0862930272924154 -0.296537066940955 0.0947306523025955
0.191374906180909 -0.0540459314707077 -0.148280604837247 0.230236422444344
0.0737015270621676 -0.153130720233733 0.0943941010839984 0.197064302700571
-0.0858907600979337 -0.140125091390263 0.18940603958019 0.161535442739136
-0.0789218139735749 0.0132679040692116 0.195544440534281 0.150137484704692
0.0874190807977211 0.283936906709848 -0.241115189801895 0.0570166632465383
0.0684405223977969 0.326172098967415 -0.210979012823218 0.204823422709623
-0.0462033223730111 0.372467585844711 -0.254415983439676 0.293400413293685
-0.171586962106096 0.248118231559013 -0.33741007591911 0.235687314940941
-0.218165701424248 0.0897005448328725 -0.350338862154802 0.11813286072254
-0.142005680882405 -0.0157689149568694 -0.25316744290671 -0.0847477712991938
-0.0256981720139452 0.00733544629414025 -0.113812442261437 -0.157458299629536
0.0600909468730357 0.113106875596518 -0.00272451278223095 -0.0715674417307982
0.124723480470414 0.165541091389195 -0.00871298115210244 0.0738165059672722
0.18051387318161 0.114621023365044 -0.0735313966817323 0.229967019327248
0.183275719812526 -0.000653162012368858 -0.0385325927734736 0.329621483369067
0.10133224719269 -0.119073293748877 0.112496923894853 0.369446415142002
-0.0479522415268428 -0.111810515317379 0.274001278785572 0.235245671079
-0.129411664519517 -0.0415605455305304 0.2664515602392 0.176858327743758
-0.0684169293875673 0.107265242886807 0.247849008337296 0.154969847901023
0.0138267656478267 0.236733127760439 -0.295860021847592 -0.0758157691777296
-0.0377718308361446 0.209529837594711 -0.329590938206079 0.0127517389946958
-0.12323669942344 0.196950070197227 -0.404369210723307 0.0880236907030538
-0.126225168095694 0.049094006855359 -0.449944049597447 -0.0030805144757021
-0.0667946799296639 -0.0301016514730068 -0.373403511929009 -0.113926834470083
0.0277668868586712 -0.00302197168888353 -0.211813768304234 -0.225353217399983
0.0568190763521392 0.0786686073901528 -0.0842598229714108 -0.176412779027059
0.0606218202029644 0.129432161691348 0.0193569096065757 -0.0235985469149613
0.0715881037054472 0.105502970725299 0.0918672899115397 0.14845038180844
0.0609773985670441 0.015476106462033 0.189988824810104 0.288467190095002
-0.0190173938932052 -0.0582685634320998 0.329425678434681 0.289275362786642
-0.120259459908582 -0.026059290157139 0.419748727806929 0.202565981119331
-0.165337322557963 0.115444880330178 0.413096589379619 0.05379066945028
-0.0961510063043041 0.166566979327564 0.303602740361497 0.0583550982803807
-0.00326982723232659 0.224378108645633 0.270460454950289 0.0850523567312752
-0.0576219420006279 0.131906851500288 -0.280341414118301 -0.156351050622832
-0.114884485222602 0.00116846839514848 -0.312382034348297 -0.133791687835778
-0.0972379596657771 -0.0569268020120519 -0.340767345627744 -0.131954672299657
0.0427717644343024 -0.121374149658874 -0.263729039351251 -0.25995654939028
0.126034509654489 -0.0553085480396113 -0.0964869145661656 -0.284876054092625
0.160051094298961 0.0728057378214449 0.014293388912243 -0.258823330512474
0.110911323181511 0.147840473637907 0.0109013341647579 -0.122479599785454
0.0483905492284964 0.126548450439017 0.0373457002897908 0.0286545610717331
-0.0199986180581592 0.0328367048086149 0.137120459207324 0.14482215424097
-0.133414468004398 -0.0375820874397398 0.30389844744888 0.164429126745262
-0.241517569410326 0.00900320402867801 0.429636750341012 0.0309149807885388
-0.239616079054314 0.178889372723065 0.429870493676235 -0.107824758812057
-0.145443502149142 0.341045719872626 0.33818156417296 -0.208950486721211
0.0107731430398028 0.31885079734513 0.221903602714547 -0.146860677449883
0.0785311968140473 0.290766898589147 0.235682032626018 -0.0476346377974567
-0.0839662291335056 0.0365431128841925 -0.218729589596668 -0.164152194446287
-0.0948400084465649 -0.145310197476067 -0.210507318673336 -0.153634823915054
0.0187417272583377 -0.167820518031833 -0.147721704589582 -0.166301011863536
0.175165913700184 -0.104529200466085 0.0462055949371248 -0.242689636422209
0.182038812827568 0.01945064565341 0.221414465295625 -0.163969602132934
0.15275737507942 0.140438007476205 0.234774388926016 -0.112843908992566
0.100774245245096 0.170553379816286 0.113060234984133 -0.00990926080874675
0.0297292803097626 0.107776890140319 0.0521587360511986 0.0733028906711161
-0.0872484303502021 -0.0094859075514598 0.105301015559012 0.089411150123162
-0.235412532427134 -0.0163404147860445 0.1959966775858 0.00753297183323453
-0.284515168806546 0.0969275729077822 0.231705043674338 -0.130861811149073
-0.17614546730757 0.266513741874546 0.212811293178149 -0.236243782604176
-0.0479438573464751 0.359885865120049 0.138556802998757 -0.334193102878069
0.0978136417509807 0.302165162399538 0.0605217914544159 -0.315155132220932
0.122975567445062 0.259328192877759 0.151804624237467 -0.190111374956128
-0.0597276345356565 -0.00167621275849238 -0.159827731234442 -0.130585641694126
-0.0330235829554986 -0.138926655603379 -0.134539902309859 -0.0951353951257772
0.0725385593948179 -0.112683039241689 -0.0313486056619831 -0.0701101043428406
0.141992946629672 -0.0187061133867789 0.182514998610161 -0.0557227937620309
0.0981135260533653 0.0506930969641563 0.318070289050826 0.0779062354432805
0.058369080437235 0.1192045785592 0.307592086849702 0.0840501641858035
0.0464654549927336 0.122846353022801 0.174415846921693 0.101984147471802
0.00544568019313891 0.0744811957580888 0.0597634108873884 0.104004500409119
-0.0836089048927186 -0.0105265683177964 0.0360666458643246 0.0375266635259197
-0.17935051105143 0.0149218689299539 0.0181300803801311 -0.0725925808368483
-0.170512157642102 0.0874471408626755 0.00887310642931833 -0.132372677797213
-0.0620873808210163 0.177098205627335 0.0270549307745995 -0.18740034092061
0.0113168016244279 0.203040079928009 -0.0170617535578579 -0.315825053526692
0.0952109171312289 0.160806179488148 -0.0810425576923672 -0.395061856630541
0.0994432920672591 0.14879149970937 0.0667505933152851 -0.292217609213749
-0.00883922906810716 3.41300362571564E-05 -0.0228080306859589 0.313755633770302
-0.0252470452542598 -0.00428020580005429 0.127225515421615 0.401427300186845
-0.00653858991139109 -0.00354173469984717 0.0983141540789317 0.26746591110334
-0.0160179430166093 -0.0114703206800233 0.0518301729793943 0.143433856875426
0.0177401306807972 -0.0113112809440915 0.0791451359449517 0.123044009638156
0.035075722400355 -0.0154038891952065 0.0566225428561224 0.0930134690602503
0.0182151629521235 -0.0207934205693183 -0.0103641815394556 -0.00756892164189015
0.00734934828240592 -0.0258517209625293 -0.0782411309167094 -0.122104337189711
0.0169459443751353 -0.0333667524439867 -0.216159969684594 -0.16156934364564
0.0214518377203505 -0.0156531082204267 -0.316312950652335 -0.190183058567486
0.00522396102121678 -0.00106575188403124 -0.322201702074791 -0.182509641744181
-0.0202163906408806 0.00157431284291142 -0.18894865147437 -0.0240916680117776
0.0012058562029993 0.0107695768175911 -0.00741892920597025 0.0252762858638377
-0.0176729983423668 0.0295620937099851 0.142039039868599 0.0580044862062204
0.00546257516781247 8.15028326769424E-05 0.143576311250673 0.0933106782964569
0.0757796982335574 0.137338576614371 -0.0474123974224618 0.28197039722523
0.0625571560271937 0.160945587276962 0.094801462449239 0.388010320352542
0.0229542990992275 0.187425376010704 0.0796247857540554 0.295757655674687
-0.0629441627761131 0.158496113478828 0.0218827184699239 0.177598558968744
-0.117975540960869 0.095964904260703 0.0345159671951741 0.147552258903609
-0.119949258812971 0.00244720346023346 0.0150662311930378 0.0800651819475518
-0.0483332090994174 -0.0362054094166459 -0.0265214824159882 -0.0339107865541173
0.0331169585870871 0.0276556747921437 -0.062325111008391 -0.126001001410426
0.0774534446423485 0.0811002417543354 -0.180974559016932 -0.138052014642893
0.0966428590475508 0.0896951197794905 -0.304146160782165 -0.140502899698406
0.107871812701849 0.0707565560892568 -0.329346995863253 -0.12206353558464
0.111805015426116 -0.0019840601289755 -0.196895745258116 0.0361442181812664
0.0715861950594854 -0.0780600543527379 0.0113349543687949 0.0748766447809364
-0.0455136693106668 -0.0870462579584123 0.150399044418868 0.0897289701696779
-0.0453139199980892 -0.0137113869539871 0.155957159599528 0.106814990321848
0.121765633273444 0.237710455029962 -0.131677318836742 0.194418756856916
0.116082415054489 0.284527434066484 -0.0251162979623098 0.334018012261252
0.028254986160978 0.338614175876991 -0.0333892512329996 0.342684719106499
-0.112420303638208 0.276373792382905 -0.10693046317144 0.261187946334888
-0.212640474596763 0.152288213724206 -0.131161358388804 0.193732965295121
-0.196985783111211 0.00682335020037395 -0.125614858693722 0.0368836667214148
-0.0680155769438203 -0.029248066844828 -0.082876431190677 -0.0893182384357481
0.0556050523543202 0.0761322758114036 -0.0358511212405575 -0.106204630154884
0.124196150099595 0.155363154024707 -0.107406320385749 -0.0441189134137863
0.16868228981539 0.146629943638378 -0.249801836160415 0.0338958879983062
0.200041212864386 0.0767962854764014 -0.288286140387249 0.103540596659414
0.18693925701309 -0.0595141898759753 -0.137869658809082 0.229697858429278
0.0663013347656718 -0.152228610670897 0.09840445877773 0.189524511911717
-0.089697905591734 -0.132974044927803 0.193657511276969 0.152524738415425
-0.0770088698492203 0.016169606559675 0.198952984541238 0.13788811592775
0.0984896245896957 0.273444319433758 -0.232379120622786 0.0669936804595969
0.0820354919450848 0.316654035203944 -0.198175111099181 0.209761546969608
-0.0307134395080453 0.367047455388409 -0.235256324310135 0.299399149295127
-0.159406551431472 0.247959045106625 -0.320175914499502 0.247345570964933
-0.209200900257215 0.0939053664551238 -0.337499481815668 0.133160299437798
-0.136695088985147 -0.0120164966196967 -0.254291176482617 -0.0686866607634468
-0.0208366255380781 0.00857075424910997 -0.121233887135101 -0.147628227074463
0.0682464027162882 0.110290121886494 -0.00737864642101538 -0.0707539753793915
0.132032363680438 0.158234290191197 -0.00571375592277784 0.0706009658915669
0.181362593587182 0.106650549227215 -0.0606989358276829 0.228165410102955
0.180489196809358 -0.00690351706411273 -0.0237059134102279 0.323825746268069
0.0958234260667473 -0.119242784761982 0.125701719522542 0.356351346696253
-0.0499072129243655 -0.106204037702119 0.279247420310957 0.218583482894415
-0.127045052439147 -0.0353616485784435 0.269052349008878 0.16269270696878
-0.0617769061519138 0.108347823650059 0.250455453836983 0.13989201728793
0.0235150648261837 0.229143563021332 -0.292114934321581 -0.0611032317259135
-0.0276059647376061 0.204935531945588 -0.323038743331193 0.0279976746076882
-0.111607636918088 0.200010354815747 -0.394471833850704 0.103457219168508
-0.121348325879347 0.0531898735424279 -0.441929445966268 0.0186531601402029
-0.0646435566988227 -0.0267606638890692 -0.371617359884883 -0.0947265227840773
0.0294365771915305 -0.0043263239613976 -0.219821850881002 -0.210554476634594
0.0627574394951683 0.0755669425956837 -0.0904872748288928 -0.167311443278398
0.0684063075024791 0.124420852658728 0.0177395764643052 -0.0239063328823321
0.0788043157782614 0.100686101359274 0.0963808473635558 0.140690006924141
0.0621470634206214 0.012967350104061 0.200825168540218 0.272971929506487
-0.0202128762694718 -0.0565790491508681 0.337651424512806 0.266016398147314
-0.117827051923501 -0.0203456931316322 0.42094732181431 0.177248179456483
-0.155398415163502 0.120929702829182 0.406986371620021 0.0341863317926286
-0.0855287510252636 0.166734293540403 0.301302334833109 0.0435692407048666
0.00756914332489121 0.219753535060649 0.268747442334204 0.0709274866642059
-0.0512706321633425 0.130175089796133 -0.281618130096134 -0.1402356347202
-0.112283500398884 0.00624676526997386 -0.314153419882085 -0.117421545308008
-0.0961562714464953 -0.0507828539886358 -0.339721612900808 -0.115031286184557
0.0379438436466769 -0.119625017312002 -0.269592001907112 -0.242290266250874
0.123068814159082 -0.056991135228974 -0.105474332626047 -0.273375251559683
0.161146088329749 0.0661578549809209 0.00207777138435936 -0.254079361054659
0.117572831623607 0.141614365063126 0.00494660569744586 -0.118621227122635
0.0575057130858493 0.122315114625956 0.0397573374672934 0.0270109236353195
-0.0129737150663588 0.0314584957302588 0.142944229207314 0.134249357708707
-0.128979771529689 -0.0327125107044486 0.307273028271437 0.144011275708147
-0.236043803054201 0.0177579034902504 0.424254077978031 0.0058825507580141
-0.226671547117223 0.184983523650159 0.416142852585727 -0.127787762710701
-0.127945815238922 0.340603879181521 0.321543359291364 -0.221724291408528
0.025661490550993 0.311001947299373 0.211520373206946 -0.153300419977044
0.0905447895872597 0.280487013440157 0.227937740524141 -0.0568500520651034
-0.080985478592484 0.0383507193427102 -0.221891099343682 -0.151148577828101
-0.0992872472017475 -0.136923348688254 -0.213784080559037 -0.142745457701021
0.0134748757991743 -0.164240136448245 -0.150449080812623 -0.157705260537426
0.167882866652362 -0.108453966349193 0.0382998478697483 -0.238783109230812
0.179015503698924 0.0145390091901874 0.213028751245053 -0.166790565009322
0.154375582386107 0.133396204622308 0.224376573757853 -0.118330204159706
0.107343203515695 0.164051715040502 0.110653922662971 -0.0124018691605204
0.0375760405876335 0.106044422761647 0.0562222569965417 0.0706932421300686
-0.0818339968840518 -0.00675529631321031 0.111270077040489 0.0817087126601096
-0.227852400452278 -0.00885794366852066 0.194963210633174 -0.00754591637161128
-0.274554767070753 0.105148891806994 0.220003460781058 -0.143134585883102
-0.161252288656934 0.26686786438195 0.196242174321614 -0.244141892071609
-0.0322843589149353 0.354910852004215 0.117719592420418 -0.332922483125965
0.109016432036384 0.291681831115603 0.0439393421619535 -0.312611090931033
0.133017192479074 0.248331908399242 0.138821852400868 -0.193587010113756
-0.0583679624922992 0.0012222711852579 -0.163409217811326 -0.120883755038285
-0.038458262561505 -0.133756603417803 -0.135673462646186 -0.089061933361248
0.0675756342791512 -0.113311359653503 -0.0313299616866636 -0.0682110837558187
0.139015538093499 -0.0237587495732544 0.180589461522082 -0.0592930778840776
0.0970958053957457 0.0467834630085426 0.318246477139697 0.0667945968157544
0.0617245210569046 0.115546833919584 0.302870290503178 0.074786566748861
0.0500106800729352 0.118803098135598 0.175113505177941 0.0947830109427687
0.01054527440792 0.0731407287936276 0.0664357029759395 0.100629192510549
-0.0802607665168669 -0.00785260875390738 0.0439736743704875 0.0323052141053833
-0.17406430162089 0.020752600457195 0.0177580878785881 -0.0785821478559216
-0.163295552470221 0.0915962129893454 0.000136408933384355 -0.134879620448661
-0.0534458261006085 0.174559898337708 0.0144513806989401 -0.185783674537744
0.0193115972545308 0.197948150184775 -0.0331506901816488 -0.307237123600056
0.0997395501902831 0.153382546285455 -0.0986471230930515 -0.382541955267264
0.104282196899356 0.140993061518362 0.0510590580021432 -0.290799956016533
-0.00832484275487409 6.5576546296194E-05 -0.0183428231670702 0.306172789713551
-0.0246584175537462 -0.00376054832128135 0.129788664417007 0.391544641982356
-0.00617029047120836 -0.00460203838451151 0.100248620119352 0.258764512769472
-0.0160314021160633 -0.0111419150337863 0.0549520154284818 0.140067342939068
0.0169478347690287 -0.0116804359725885 0.0812814863755648 0.123571306815094
0.0346141001414351 -0.0157337152710417 0.0531128177730607 0.0973362019950506
0.0172409955034592 -0.0194800468724698 -0.0173453228369484 -0.00345464210784234
0.0064852182247282 -0.0244603820484987 -0.0805082633075776 -0.118405452071683
0.0152039967739189 -0.0327517656792756 -0.211357696261025 -0.157668029924647
0.0217999622741735 -0.0162173246689273 -0.310338634918083 -0.185399123009994
0.00523228948185979 -0.00146909821891512 -0.31651489136119 -0.177108782879977
-0.0185195361278084 0.00156649871433608 -0.187362784426203 -0.0272314235380888
0.000957334689639753 0.00950704020528071 -0.0112741293271171 0.0262582098582279
-0.0163891734113936 0.0302425825423435 0.139481657749544 0.0565334483381755
0.00508831382543281 -0.000279862718903126 0.141823948672054 0.0908374545260531
0.0765721356708692 0.132269249390391 -0.042261904345963 0.275785778513817
0.0613552175185699 0.156026630488346 0.0973159936244264 0.377264931246098
0.0236644482273427 0.182146956753753 0.0827686336138588 0.286016298405987
-0.0613813446586255 0.153695068221076 0.0262478227348578 0.173059412271395
-0.114990308143013 0.0913658070712708 0.0375837506678467 0.147909563959603
-0.115409234727512 0.0002085722989734 0.0132007346497302 0.0851206184580232
-0.045818543911389 -0.0353555065166876 -0.0330616529255172 -0.029422536222633
0.0329828152496709 0.027399370674673 -0.0652218143280093 -0.123967771693397
0.0754748337716862 0.0787722009398109 -0.17720290286848 -0.135491990650206
0.0946371133349684 0.086983051462999 -0.297612609756875 -0.138290359391707
0.105445726865267 0.06810068838338 -0.323977708332068 -0.118289099475251
0.108755797019305 -0.00270774834420442 -0.194540228850619 0.0332155715353272
0.0699933544396704 -0.0771433281650487 0.00775087466604599 0.0737708980183126
-0.0457177716599079 -0.0834809689601489 0.147853765374017 0.0877735810590476
-0.0444851543156427 -0.0132192433025167 0.154604160137954 0.102679407338215
0.121229559718146 0.229135790875989 -0.124893154335345 0.190857063852772
0.116724468378114 0.277073723466138 -0.0207392641028674 0.326456956313301
0.0294244918661239 0.331177979827139 -0.0273559072242357 0.333712579048346
-0.109689234159478 0.268575774896209 -0.100447654618472 0.256692506675859
-0.207118292793409 0.146324864504836 -0.124591043521653 0.194049560162589
-0.189665349124381 0.00456525115569845 -0.124841263642354 0.0431648035869012
-0.0633082708728823 -0.0284964016766467 -0.0869941427677549 -0.083955934322253
0.0570582812929839 0.0753777184713301 -0.0390715885306858 -0.105336380373428
0.122348952598406 0.15198922652614 -0.10563852501174 -0.0441447309094916
0.164326204497909 0.142904347120367 -0.242926891222738 0.0330427207890151
0.195462333010002 0.0753769705484632 -0.282926711783517 0.101516099260417
0.182407711355229 -0.0593039899707582 -0.135343808972993 0.223750855109802
0.06496089109823 -0.148069492459951 0.0949282094935834 0.184393871913041
-0.0882678063222527 -0.12930631154243 0.191774639242642 0.148220386050427
-0.0743777350228277 0.017003612487618 0.196577102210432 0.13240860181825
0.0985275100560239 0.264358204086546 -0.225594664164307 0.0672804271885682
0.0824827286352628 0.307611001991573 -0.191929977306383 0.206898155018828
-0.0274254445509143 0.359278121196798 -0.226457199897365 0.295719521307542
-0.154815700026492 0.241388845407801 -0.31091352365374 0.247458498389348
-0.202673293963474 0.0901881860927004 -0.328401149627958 0.137242212280575
-0.131265055113514 -0.0130988224380003 -0.251954177044518 -0.0613271465431929
-0.0162667023320023 0.0084894359091022 -0.122409481062558 -0.14166845542709
0.0710305318147182 0.106337770115039 -0.010024168526614 -0.0703568907420791
0.131932578057538 0.153772956136706 -0.00523702914991993 0.0674365632006483
0.17857357369698 0.10415038033886 -0.0567926291125619 0.22224877237918
0.176237207974796 -0.00567116646756456 -0.0217661905993356 0.31416915591526
0.0936915882769446 -0.116157442628722 0.126092923032165 0.3458659300808
-0.0481557707976045 -0.102363136036064 0.272987730300088 0.211807472468742
-0.122249257868031 -0.0336757929226013 0.265191139679491 0.158001997481672
-0.0591994120470915 0.106759505518299 0.246346456464996 0.135070224448586
0.0262712173865122 0.222966706585852 -0.285835252612066 -0.0567759633564558
-0.024869883569163 0.201233192454049 -0.316426137735161 0.0302680661306419
-0.106885548246626 0.196805601466244 -0.384876353718062 0.104859159873187
-0.117594605088651 0.0518965123998547 -0.431639654157818 0.0238430491342781
-0.0617527593301637 -0.0261670084217791 -0.364118716746476 -0.0871909444631073
0.0317201231376842 -0.00526407427187009 -0.216697413137346 -0.203169711774381
0.0654740994820616 0.0741065682632373 -0.0910657493704795 -0.161359829207649
0.0724974467085577 0.122506944886465 0.016907313292509 -0.0233154682087075
0.0816478919940398 0.0978886033684092 0.0964002322558766 0.135357466953484
0.062783819686899 0.0123761112646051 0.199798675761573 0.263321627120282
-0.0191886822312958 -0.0543389744733735 0.333753776876987 0.254577934833119
-0.114458361083111 -0.0175397057721242 0.414953223195757 0.166902777747383
-0.150281862691732 0.120113111546423 0.398427537680057 0.0282144470107808
-0.0806609358252968 0.162998810157014 0.295533507373717 0.040013948212237
0.0097438682462737 0.215557266488873 0.263788495559592 0.0664504456338075
-0.0487686902392402 0.127276664465528 -0.27568346714334 -0.1350188039505
-0.1087431859198 0.00720127728746554 -0.309205066199277 -0.112384046815128
-0.0923994115569741 -0.0481155006145906 -0.33444269067495 -0.109946327708395
0.0390355983790742 -0.11620307250506 -0.264486827812136 -0.232989114779923
0.121365652867375 -0.0536139312830035 -0.104614723091981 -0.264380184181084
0.159273236947676 0.0648674775983245 -0.000559704754559248 -0.247210915250016
0.117716780549897 0.138960624820128 0.00468031728139402 -0.114276534766554
0.0623782021449743 0.120667200176602 0.039977126443618 0.0263006513454544
-0.00790226957636044 0.0297695600984178 0.14308107536944 0.128694294912986
-0.123260824312019 -0.0321500952490405 0.305516628755102 0.13426557415369
-0.229618866041579 0.0170951695861151 0.415428539068506 -0.00305690327411678
-0.219242123584992 0.181294978926228 0.404751198148193 -0.132794925416492
-0.120802647426949 0.33409932683947 0.309779205930157 -0.219590979922386
0.0294238440892225 0.302642023708123 0.20494022631581 -0.152811800674923
0.0924071015773335 0.272142853302696 0.22147024694019 -0.0580149031442247
-0.0781650104725085 0.0381553335217458 -0.218874098421553 -0.146446698357348
-0.0981729389664071 -0.132160940596142 -0.210901558709332 -0.138461482778915
0.0142234987172806 -0.159960037361939 -0.148789538090795 -0.153434201451552
0.165112907777252 -0.106150204704382 0.0398362001294734 -0.23148445531536
0.174511523954005 0.0159366680861414 0.21028888431896 -0.161635363452761
0.152076513059699 0.131001271829375 0.217348013425417 -0.115884072196378
0.106586216445006 0.16168968923338 0.107758102685326 -0.010462481151905
0.0403314172176049 0.104605205347835 0.0581541072427023 0.0697283170009562
-0.0756976037591942 -0.00811185401778359 0.11392373455997 0.0769294800827227
-0.220761724890894 -0.00962002213816533 0.194109728026752 -0.0150548043993906
-0.267729431626302 0.101970624747712 0.213046151886352 -0.147309572611925
-0.156220144198089 0.26056096416943 0.185912337761982 -0.243511683448052
-0.0290224384967864 0.345828490670327 0.110405065144114 -0.327008984106225
0.109326239669159 0.282255750104713 0.0392983221595459 -0.305171279251798
0.133500075039951 0.240740942451781 0.13228151407345 -0.191123407445905
-0.0556947810405315 0.00165629273340441 -0.161857838702848 -0.117333700500871
-0.0383508937752313 -0.12866036479857 -0.132582012522937 -0.0873783893725309
0.0664420166561798 -0.11138489586308 -0.027843289815157 -0.0652839838208239
0.136283440732739 -0.0237810081768449 0.181653096883056 -0.0573013125380688
0.0943390852529337 0.0460581071259066 0.314154959106828 0.0669698802315562
0.061103712883941 0.113993054315296 0.294646314210916 0.0742039869343243
0.0491019689416113 0.116616503995532 0.170223922885186 0.0945053370496212
0.012758464759091 0.0722785938867446 0.0688762166027422 0.0981859821699388
-0.0767970755462085 -0.00816275806948843 0.0497244060965921 0.0282362024825866
-0.168305147356904 0.0199148271297995 0.0197133597587238 -0.0837086703997318
-0.158563709253953 0.0889761801194215 -0.00315951677121635 -0.136268561214736
-0.0507275407414602 0.168838012819691 0.00856337892740466 -0.181655512121568
0.0198488692202063 0.192374732725373 -0.0381993512686983 -0.297630692424141
0.0983900989167734 0.148778956507584 -0.102080365150761 -0.371001788726818
0.103529320134337 0.135289979130083 0.0445870436352327 -0.28459689286116
-0.00696655433819505 -8.17635795638456E-05 -0.0190432841140516 0.306614038863372
-0.0244858562902535 -0.00321770953186446 0.131072988408986 0.391567589732256
-0.0051849400185772 -0.00558692300232786 0.0999526679732388 0.258103733129389
-0.0155932385086995 -0.0110226906752125 0.0581322661308367 0.139546605404238
0.0169004303593166 -0.0123635409809177 0.0841537192379855 0.128113195680481
0.0346545306203343 -0.016427218994106 0.0496302597708415 0.105579906546934
0.0185382532832148 -0.0198783265287806 -0.024426663222138 0.00103539192831002
0.00574819234139929 -0.0240936355357156 -0.0830517911948764 -0.118848446071965
0.014053902361126 -0.0325339498910827 -0.209029563311106 -0.159455756311013
0.022146307351485 -0.0166423665495808 -0.308777923901167 -0.190991591719124
0.0053535936606277 -0.00219515939555001 -0.315986923804488 -0.183220596415485
-0.019074757697664 0.00134222741809857 -0.191469889362634 -0.0325981459220932
0.000987787864850372 0.00826147829505983 -0.0158290251577455 0.0277585822817792
-0.0154827777175568 0.0308133373276904 0.13987629639485 0.0577542632160999
0.0054989195484561 -0.000622062730199247 0.143498243416286 0.092715458916303
0.0761904076109775 0.132010885562115 -0.0421129165157203 0.274494669690327
0.0599380441347353 0.157216424749632 0.0995444796579236 0.376862216944856
0.0215613088042692 0.181370030698464 0.0829442316232216 0.283952284539399
-0.0634517909416939 0.152668091634031 0.0288867414794314 0.172805145416773
-0.11600409107174 0.0887534624004173 0.0405877857002745 0.151730816330795
-0.113484026581597 -0.00273579582947907 0.00984423105134474 0.0918417423318427
-0.0437351024805277 -0.0353915660826379 -0.0399145973669839 -0.0262532107352375
0.034233302544203 0.0290187413826295 -0.0685203062239758 -0.125167302046366
0.0736505366477995 0.0798642939493359 -0.175540868960538 -0.137621999031809
0.0933041960505369 0.088383372064954 -0.295876443872271 -0.143686347470037
0.105111435825112 0.0697644290080145 -0.325063306368015 -0.123627827546801
0.109275488239532 -0.0016350408299254 -0.199172782199528 0.0278988537885597
0.0707340079467387 -0.0764966353367172 0.00226448647636261 0.0745795058843183
-0.0443124031615057 -0.0823563061902924 0.148592526162848 0.0899291284105586
-0.0445842491218638 -0.0134752393473341 0.155691323509902 0.10453887871515
0.12051136685002 0.229604817889056 -0.125005000911386 0.190316895779895
0.113511289860015 0.278369991403188 -0.0210126153659723 0.326969882591369
0.0267321702110812 0.331629263187068 -0.0271278906628464 0.332066266593644
-0.112851117231233 0.266355234046767 -0.0997505425129221 0.257674842248327
-0.208627376337278 0.14111207448074 -0.124265435446991 0.198625538597801
-0.187303237365273 -0.000686691873523207 -0.126900927106894 0.0484006377675437
-0.0597274910859636 -0.0297921034090247 -0.0919171333243434 -0.0821892698149398
0.0594906646633351 0.0759864407755019 -0.0419671006115607 -0.106865452944767
0.121967989531644 0.152799539116101 -0.105429500078465 -0.0469413995725855
0.163015171285548 0.144402082184797 -0.242302517204481 0.0294560133836502
0.194808139592655 0.0784133255202016 -0.285630481558044 0.0984255488334588
0.183461877239854 -0.0566117275797793 -0.139106802039073 0.220751458170797
0.0667442523446896 -0.146653086897376 0.0914487175290581 0.185595580964841
-0.0873641498760351 -0.128605410633329 0.192911128525304 0.150891959477179
-0.0745821174939497 0.0167880592741877 0.197376449956436 0.13439598252288
0.0975654861573279 0.264083513994944 -0.224853996390773 0.0661464116501098
0.0808426060395138 0.308435674784181 -0.192506195359117 0.206452771256262
-0.0291077694523854 0.360627032141808 -0.227386099262234 0.293973582007346
-0.157767587682618 0.239790261962878 -0.312303273628716 0.247696456253792
-0.203522584046778 0.0860609205097654 -0.329796836496256 0.139371107730572
-0.128568303288148 -0.01643677002022 -0.254222650822706 -0.0597457122863617
-0.0115586466762374 0.00881252312381032 -0.12544115206232 -0.141001854784699
0.0741281497075278 0.108233243020751 -0.0110427835167699 -0.0717559326051365
0.133282305704308 0.155269848515912 -0.00526403482220505 0.0651588279369226
0.178403451260554 0.105776777809363 -0.0573311071615975 0.220029621380115
0.177586415296044 -0.00292001298443289 -0.0240813419066377 0.313506831983032
0.0955253778012776 -0.113438832048163 0.123404215825424 0.345126042750417
-0.0462379887369361 -0.10074641731188 0.271261651866065 0.212995958078968
-0.12166758499299 -0.0343105839196269 0.267083136233116 0.159803472535111
-0.058697845539106 0.106663856218773 0.24747415612102 0.135329358430747
0.024456525256321 0.222740871697499 -0.284675229094033 -0.0593530971749445
-0.024840350338666 0.200324489065357 -0.317773107326915 0.0301909499368584
-0.106314318631614 0.196927303251058 -0.386482306573086 0.104103137690241
-0.117088843248165 0.0510275234173915 -0.433595358017511 0.0254435072816974
-0.0598894061333647 -0.0273177198049005 -0.36455775642017 -0.08691272568302
0.0334175805943918 -0.00521979941967194 -0.218898090557128 -0.203892509802839
0.0690164571184508 0.075123788925079 -0.0911900105794596 -0.161211004814652
0.0761514075789303 0.123426816528675 0.0165094442995186 -0.0237919770989467
0.0844726512850121 0.0978616738518196 0.0955779143014587 0.134515232768952
0.0637035204324755 0.0129961414933415 0.199027402441675 0.262209240557221
-0.0174205509733805 -0.0540370275013399 0.334000361406493 0.253330532125135
-0.112665284780872 -0.0179164976956528 0.413920372667946 0.167553053729943
-0.148633344335543 0.119970472207974 0.398012710498196 0.028239407963838
-0.0799922256110808 0.161786143798442 0.295685714158795 0.0408278567145901
0.00994894959268571 0.214980845676588 0.263670595751206 0.0678681488958013
-0.0493957788154037 0.126754862069605 -0.275958486473601 -0.135959151524516
-0.108784684122895 0.0069619547662423 -0.310834053390762 -0.114034621383916
-0.0902480449203981 -0.0473491114975933 -0.336277023498792 -0.112528367509921
0.0411311417597602 -0.115484255603693 -0.262108722100589 -0.233546441113428
0.122950479586806 -0.0508872483557124 -0.102104005959249 -0.264370098122846
0.16004926861925 0.0676987703939019 -0.000253057612919169 -0.247604177600755
0.119528815374534 0.140760159683926 0.00565065120167994 -0.112478302161378
0.0654033266827193 0.122212048018266 0.0411683656373517 0.0273661830656724
-0.00375658483430423 0.0286693413718791 0.144859399296143 0.127849763658761
-0.120119790202104 -0.0342030644221154 0.305888896543591 0.131517923133732
-0.228611987257579 0.0142505692912709 0.415211681346288 -0.00592388748664132
-0.221168489849169 0.178476911474977 0.405090471893579 -0.135138925823526
-0.122540643655005 0.333492564996203 0.310780097333543 -0.219237927528664
0.0285206246540514 0.30130788254478 0.205097354532886 -0.152708570369239
0.0933586010029102 0.273377695387245 0.22207184594436 -0.0574058330547917
-0.0782661959828237 0.0380663513281502 -0.218815558272915 -0.147853691377072
-0.0963308011922661 -0.13163850601528 -0.212149744784246 -0.1404177538047
0.0165769608368607 -0.1595338329464 -0.146494428523342 -0.155306039636595
0.167231310679744 -0.103483542392118 0.0457118012755746 -0.231292317640838
0.175060671971347 0.0199032267133365 0.215341402450182 -0.15828871542222
0.150831758707272 0.134066624911861 0.217684744892008 -0.111318605207415
0.106887186150928 0.163485681189781 0.108984586333951 -0.00725177391162763
0.0435906400050184 0.105441249798264 0.0600642332945678 0.0707666414181836
-0.0725373888650137 -0.00971151184145343 0.118944362141135 0.0753977286844682
-0.21674163112858 -0.0127120031010918 0.1971111300429 -0.0195331218534314
-0.267718555880626 0.0969219744265421 0.212376261327179 -0.152240811651777
-0.158604184104768 0.256926414999059 0.183924079069792 -0.244524330624016
-0.0308226586268249 0.345545844208508 0.108385492069341 -0.325942351026178
0.107548112170906 0.283232435590755 0.0391550558893249 -0.305158488299856
0.13396575025189 0.239738060520191 0.131870451300873 -0.189757340362495
-0.0548084314130974 0.00182513076148094 -0.163100247106272 -0.11889714711162
-0.037357801700815 -0.128110210103528 -0.132952442869707 -0.090077413939052
0.067401326308108 -0.111518991513703 -0.0238959138977824 -0.0659391382927814
0.136533480488001 -0.021965817419752 0.187687502459762 -0.0550209524084418
0.094076313296431 0.0484691167299059 0.31776531230945 0.0726564991007703
0.059965043027938 0.115995800621823 0.295669137151062 0.0807188331068835
0.0482807616954074 0.118223221252827 0.169236486989438 0.0989685789899902
0.014708222160008 0.0726046719058467 0.0710099903878875 0.100151722884678
-0.075556145068851 -0.0096734271391091 0.0563662876228505 0.025285756713002
-0.16577319916532 0.0169422234890208 0.0225260698976643 -0.0907071899610385
-0.159563837596376 0.0868877398597672 -0.00540101605454429 -0.140992633508438
-0.0525715265658015 0.167156002294528 0.00639467475525681 -0.181797549605969
0.0182671235860764 0.192181612479332 -0.039617540875145 -0.296933573380147
0.0969269197240205 0.148623860122642 -0.102233688504904 -0.371993771221834
0.10271114285312 0.13471646860543 0.0432698077424955 -0.28535492013976
-0.00670672299070249 -0.00194489622928191 -0.0761609312334266 0.306698700900933
-0.0247465645976937 -0.00697856980112755 0.0601144643042701 0.421534494336176
-0.00402398676003196 -0.00651300190437094 0.0541824618859771 0.277818730893869
-0.0131314314232045 -0.0120858251579269 0.0352945239197258 0.152438065796626
0.0188695205744132 -0.00882855516083084 0.0631780239438751 0.150735534790387
0.0392394830943289 -0.00961818587380414 0.0246863625913701 0.123554421843333
0.0215822909582386 -0.0156460557682498 -0.0322882623672219 -0.000476295827503871
0.0100568019128212 -0.0226313039090082 -0.064018396550244 -0.137200872458368
0.0197852328399941 -0.0312935286709256 -0.182878852473834 -0.206108772884748
0.0256128924629601 -0.0132055572493356 -0.27803760565975 -0.258677101244907
0.00493196596710375 -0.0029348197826263 -0.290379816142427 -0.253892007889304
-0.0195951573992858 -0.00290463303144987 -0.194886667350088 -0.0758187709930983
-0.00107526715708252 0.00696840700033961 -0.0265397278106039 0.0264308943087233
-0.0215543636780879 0.0293394133770757 0.131848850738319 0.0870081427552055
0.00553305559253143 0.000925618617772509 0.130941382706389 0.123156371434868
0.0526709353157064 0.145474763995314 -0.0930888014392892 0.270408842025
0.0302525499648989 0.169426206227367 0.0309579552648996 0.403194715215962
-0.0133639667819195 0.185171832200042 0.0329392067859826 0.302814265890421
-0.0942688339613673 0.140614373715769 -0.00191247291047782 0.181589557016535
-0.134352757900378 0.0644331690137414 0.0145132244217281 0.166206914830265
-0.112545001051424 -0.0265173785657512 -0.0120562063314651 0.101124004548577
-0.0355924446143631 -0.0450044308558808 -0.0421441243476419 -0.0322820820223681
0.0295673984801482 0.037335958980541 -0.0491637912418292 -0.141609972314894
0.0582149691437674 0.0965047897484612 -0.151225049317379 -0.17919507953635
0.0751125864022214 0.108132946879129 -0.273570224839944 -0.209198310803968
0.0914166348417466 0.0913222157912706 -0.310883828049399 -0.194042622684353
0.110319583391147 0.0202643194857873 -0.213127783156571 -0.015031249376165
0.0873351585215769 -0.0634136384976569 -0.015897516317488 0.0766067824062024
-0.0279421879873304 -0.089405752273347 0.133906771275735 0.120738118042052
-0.0415191298718821 -0.0223856688325624 0.138913644535141 0.13744154210338
0.078529901952432 0.251438850417928 -0.160792036267721 0.168203224131964
0.0609353305790328 0.299657592621055 -0.0805762215438757 0.328789574723316
-0.036795958519251 0.338017509743677 -0.0865044114128207 0.332636901205854
-0.167802976027807 0.244785073907063 -0.148728147391501 0.244316505022658
-0.237520777895235 0.0989475380795219 -0.163403325079427 0.180662335803378
-0.186185354413674 -0.0396769185361917 -0.142869094459982 0.0286977920485608
-0.0513119707006461 -0.0421302239718181 -0.0819398621463739 -0.0999660379000026
0.0477087126734917 0.0895453586799956 -0.0238512557702223 -0.11910715070096
0.0934925416185312 0.181261063539456 -0.0970780024618734 -0.0730904280642219
0.133541149992482 0.181349677033751 -0.251908333820133 -0.0209855722477631
0.180577489521966 0.119632790041077 -0.314312752253883 0.0409593981557477
0.197412584520195 -0.0187969073002538 -0.188140188214311 0.19713996389432
0.0986824874696459 -0.132627263141741 0.0551477126276247 0.207273264223634
-0.0616668457032336 -0.144243475604823 0.168143069500529 0.192447704836975
-0.0778822868037692 0.00241895325537428 0.175862008615395 0.174927410119946
0.0502831617444263 0.282165048745392 -0.23919739304038 0.0249907186477924
0.0229589749378419 0.324122058254018 -0.233564109678004 0.17556932982518
-0.0980131372677518 0.356379021281838 -0.284353190140712 0.257756293237573
-0.207888829195097 0.208800783172275 -0.363937034328175 0.195844501740992
-0.222248627104869 0.0447176242561975 -0.362547703974427 0.080434128694589
-0.124029996363168 -0.0450711433372433 -0.24845277415691 -0.108163730574681
-0.00922109092355088 0.0060847856499865 -0.102434531764318 -0.166924619202015
0.0574634193089968 0.125704448287316 0.00117338903637102 -0.0769434809078892
0.10605734999102 0.185294619591684 -0.0182874195738444 0.0625799912844019
0.158485651709208 0.146162407149943 -0.100164357793531 0.211476876063735
0.18046408202291 0.0361422607457808 -0.0869702687527807 0.315004138070305
0.121006069421138 -0.0925542975308821 0.0608744695949746 0.37863211110637
-0.0234233824829152 -0.108620131966759 0.23662275800564 0.268895791942028
-0.115076891635824 -0.0586113918369185 0.242231038355268 0.215272465683745
-0.0806412685965736 0.0957057832802826 0.227712381305896 0.187551577886684
-0.0161576604760404 0.22639062680327 -0.276908889016128 -0.112380802267757
-0.0627172003616362 0.195655037492886 -0.329556029012464 -0.0288052949441082
-0.144035469442274 0.179126114327626 -0.413627585919194 0.0350721100937405
-0.129017556740253 0.02669311002312 -0.444676501380288 -0.0555238555002394
-0.0545387934067547 -0.0396810236577351 -0.354740213267347 -0.155978756375693
0.0363191359354938 0.000474664218516476 -0.182295415092898 -0.24765086513403
0.0583377434933525 0.0898710178280754 -0.0613631369772804 -0.180005180517156
0.05699347479674 0.141466307969225 0.0215118167399668 -0.021629830255559
0.0708234801287745 0.11808079482819 0.0729503931468036 0.155089585107316
0.0651938553413639 0.0281420433212876 0.15586465112994 0.306315848916023
-0.00466002634754836 -0.0557719852678855 0.293841229404074 0.322045488547214
-0.107548670012761 -0.03845156460669 0.394073978533461 0.248501475509061
-0.171631695272425 0.0929779134858225 0.402536243841822 0.105060570906209
-0.112188547178875 0.146472461975138 0.297673447928829 0.100424577286269
-0.0334699262245221 0.217710546968464 0.257916572524704 0.121639384677847
-0.0733530657384361 0.117870673104949 -0.252904461945216 -0.190088213342596
-0.109585365589966 -0.0131662738636203 -0.295989513624257 -0.175636656003713
-0.0797885049844358 -0.0640093460347269 -0.320667573751032 -0.175544459132101
0.0642351770174524 -0.109185449743753 -0.217334399046263 -0.286436077249968
0.134494519634008 -0.0262666068020849 -0.0500021519402439 -0.28575725140381
0.148272063363546 0.100673593334303 0.0481878336828808 -0.248165885488971
0.0943524841123351 0.167364974413325 0.0277542657904267 -0.110843877747239
0.0461456738273898 0.138518501174981 0.0384817401810184 0.0354504864486162
-0.0052398850882816 0.0290156669285707 0.126145302706384 0.159392434110275
-0.110903257847072 -0.0601963848952601 0.292475624829964 0.192665434485146
-0.231129514158499 -0.032065393888141 0.431048666276223 0.0718859616977124
-0.257034183852459 0.136148265796253 0.442540758279486 -0.0630560915839642
-0.187626974067168 0.310444167614047 0.358807945410012 -0.164931327376613
-0.0315819774357594 0.3078954802738 0.240730917698113 -0.114918650505309
0.037257739808515 0.292135696430845 0.239527239577212 -0.0147906836305668
-0.0843242510249806 0.0239876168481376 -0.195625446882836 -0.190224600164792
-0.0714690437055767 -0.149002153117421 -0.190497009951954 -0.185276310783818
0.0487624838149299 -0.156096602384512 -0.118305950790205 -0.184998419962657
0.18842169719935 -0.0720422650126813 0.096843710894889 -0.225048883373474
0.172805185613035 0.056715758054432 0.25253405423136 -0.114660774302579
0.12637777412113 0.16692604975583 0.241357209076382 -0.0670663039174079
0.0752869777196813 0.188658926099651 0.11077359195637 0.0170098541584754
0.026925982252167 0.117676154095279 0.0495283164604097 0.0846417365813566
-0.0683306148077868 -0.0251708191735631 0.112009132864337 0.100644558459129
-0.214280977115111 -0.0584027337292706 0.209924332768223 0.0140888598745561
-0.289672403913999 0.0426457177797632 0.249005787917404 -0.120190432153653
-0.211217734301009 0.22484034566054 0.234129099630514 -0.218259423105985
-0.100383564833418 0.340936475536255 0.172046540163644 -0.311588531804358
0.0521332632609377 0.305475636145484 0.0993404125777025 -0.303372577557223
0.0850772900997296 0.26679866465578 0.172994547022219 -0.167986928654429
-0.0538560268330975 -0.00824581846852242 -0.144699521077017 -0.150937177821486
-0.0125639518721174 -0.133588917058552 -0.118683610119206 -0.119135595026858
0.0894804764570534 -0.0990489492992597 -0.00674463592967871 -0.0713096285959768
0.142153233564976 0.00493029296050957 0.204152389311455 -0.0163586327629861
0.0853483216521468 0.0680725628575997 0.31115904452961 0.138414485777119
0.0391500439478261 0.130522796828529 0.279627880172707 0.144096799308511
0.0250157543008445 0.130662505053235 0.150496304478897 0.137085147610907
0.00345476117616881 0.0776076890074201 0.0560887593344022 0.117744746101207
-0.0734486851089965 -0.025030537008858 0.060698686304661 0.0350981217401576
-0.169607589540225 -0.0185064816843855 0.0448000237003626 -0.0944327956736341
-0.179585744856598 0.0534617237099123 0.0207121486630323 -0.150459344121794
-0.0868089336997317 0.156000335989794 0.0377604242300344 -0.185951607794755
-0.0199553863509521 0.194879747427379 0.0127238917902974 -0.308349128826194
0.0679880961740082 0.168636499315005 -0.0341160872878262 -0.397555557424293
0.0747440775872457 0.155376061591428 0.0990289491397319 -0.282849973079805
-0.00596552216817294 -0.00276703840178206 -0.0645079247426681 0.32275244943063
-0.0254265358695851 -0.00619309162265281 0.0823608764646085 0.434952668543004
-0.00383383501108107 -0.00788990845010376 0.0686978243858223 0.28351885713455
-0.0133153331774463 -0.0122307250691914 0.0477840687592497 0.156739576678478
0.0186042823962429 -0.00964429022408321 0.0752767610098561 0.158499329083029
0.0401981954425982 -0.0129627824133763 0.0271859671863449 0.135120396034469
0.021903806388982 -0.0175140476155019 -0.0416264295290671 0.00432435023999215
0.00982099329367451 -0.0227746943481316 -0.0743390539808651 -0.140942469750345
0.0179509007480039 -0.0325571679676877 -0.194848891281708 -0.209273162882382
0.0265695656293851 -0.0161025686391925 -0.297084309326374 -0.262968787330297
0.0049482274966116 -0.00374772463863067 -0.310482938727635 -0.256379483530727
-0.0207175403323255 -0.00233877536902445 -0.208682590851872 -0.0771863108350442
-0.00216254323362298 0.00635188420077768 -0.0308003506746393 0.0298893174233277
-0.0200044918888146 0.0316739122792606 0.140361343869622 0.0860951674465604
0.00565738845558529 0.000657383392393486 0.142845676860087 0.123650884510596
0.060481974325781 0.147271212681207 -0.0846995797849185 0.284303135415597
0.0386488148104532 0.174888467592165 0.050098517711494 0.417144694968185
-0.00804286437880589 0.192536996704484 0.047985747749192 0.310368016238038
-0.0934740610767794 0.148268769685451 0.00876035559041701 0.188673802346513
-0.136982344945895 0.0693644203643707 0.0234256335487063 0.176421555464233
-0.115294831043865 -0.0257656960115404 -0.0126388391123068 0.113867085016897
-0.0367385276276108 -0.0452680484059546 -0.0530273333446258 -0.0284832447663201
0.0334260729858291 0.0390253270993492 -0.0599637821247328 -0.146371299467793
0.0630925800367934 0.0980341272410918 -0.161999150539059 -0.182233202150264
0.081112173839042 0.109472406901222 -0.290471606521159 -0.209992944927921
0.0979966040456234 0.0921732846729168 -0.331323637672764 -0.194017542046962
0.11544862154812 0.0169967782199424 -0.225225908790026 -0.0131840778459045
0.0880847380448874 -0.0693443477191658 -0.017656519841044 0.0807622084204166
-0.0310744834859839 -0.0907384034301946 0.144352587314047 0.121260329680427
-0.0440023755351607 -0.0214362895049531 0.151475305502218 0.137080605242536
0.09309562235799 0.257035301017395 -0.159164544104755 0.18209407525269
0.0752621537847399 0.309341559577861 -0.0686443837977273 0.345506287453548
-0.0260501634761357 0.350965115282843 -0.0748189225737378 0.348810168141541
-0.166678552236856 0.258451349526409 -0.143416208522926 0.261606551330277
-0.24228265606653 0.107347903173394 -0.161947605389436 0.200221091068017
-0.191697671557151 -0.0370953310170991 -0.150719960381791 0.041032016020094
-0.0507287322123532 -0.0418961890478457 -0.0955120408669096 -0.0983451170338572
0.0557032538554679 0.0932354815210454 -0.0334463156599343 -0.124203499667207
0.103130370533111 0.185109845849776 -0.10400019692731 -0.0749338800585032
0.143964888043309 0.184586867184698 -0.260353802445988 -0.0147971294714901
0.190892311849198 0.119582866626449 -0.326046923121778 0.0513641913039894
0.203700901798818 -0.0254864128621403 -0.190767838048993 0.208782525000528
0.0988451723981451 -0.140976725560502 0.0618545219034888 0.212627958128793
-0.0692680119854401 -0.145917953731842 0.182786216831188 0.195036767845171
-0.0805952015068584 0.00624203013049316 0.191020647751745 0.175482249655667
0.0640103425305853 0.290428099707981 -0.245966234692498 0.0347648416444491
0.0374672681378553 0.335967170981808 -0.235195924501274 0.191992131937115
-0.0884405230610256 0.374415753563419 -0.284528455450132 0.281814302681701
-0.209409591940386 0.222418164296421 -0.369212904179097 0.221613759459161
-0.228461004677556 0.0511903922820461 -0.374197684477133 0.103954104229142
-0.126795839800374 -0.0435982904153909 -0.265764487534341 -0.0990955742274919
-0.00493100605638801 0.00711196341805497 -0.116369324468862 -0.16794823991036
0.0686648143063817 0.128669643193001 -0.00460998836824011 -0.0811611680504686
0.118324279421925 0.18920139063379 -0.0166957176368328 0.063871597538658
0.169480510963456 0.148817463959403 -0.0959498222063163 0.220989189819503
0.188688565860773 0.0339846218776263 -0.0790080349656638 0.328067483302688
0.124072163752825 -0.0978209060658197 0.0756730245608023 0.388874227152463
-0.0260495804846107 -0.110476914578808 0.255056777100159 0.271935869869315
-0.120591502719114 -0.0560894330846165 0.262161780400346 0.215341261352245
-0.0783634296989337 0.103507722457233 0.244578341302563 0.184268731811246
-0.00739616662335203 0.235553430836741 -0.291693647111733 -0.105985422145858
-0.0561713796744745 0.20548767352916 -0.345025731357526 -0.0168299673225158
-0.14055409108881 0.191309406172847 -0.429070221407309 0.0546801279019163
-0.132546652749937 0.0317958710669153 -0.464409229314852 -0.0357646846552522
-0.0554475518383809 -0.0396722529100341 -0.376100133471951 -0.146345952039798
0.0403488116899663 -0.00101692885329799 -0.200958638185475 -0.24983357988448
0.0680176935328171 0.0922670940254229 -0.072609991673769 -0.184155027410929
0.0690267521358209 0.146214643264194 0.0209456188729017 -0.0240347616814122
0.0801803989115398 0.119628764028437 0.0821389523575922 0.157040357157899
0.0708174001909384 0.0283537587569559 0.173466614457878 0.310206037553885
-0.0046640906145676 -0.0562856726632845 0.31840156257702 0.320176160076682
-0.111178667427105 -0.0351343550946109 0.421069073474276 0.241536486633128
-0.171585255323402 0.103572977945756 0.421892094516278 0.0936702923496054
-0.1090747749105 0.155696313218911 0.312553437343832 0.091702907397069
-0.0247020477955606 0.227426669713253 0.273259764492667 0.115800828206027
-0.0706204567234364 0.126194232617387 -0.270942789529546 -0.18692107966293
-0.112864316248003 -0.00935274713549556 -0.316485188660421 -0.170722893948332
-0.0830626783034724 -0.0618762833873546 -0.341674916804885 -0.169325379061842
0.0642004230372869 -0.114721172410285 -0.23549090286315 -0.28843351773067
0.140856974786355 -0.0294779545040262 -0.0609261241447856 -0.293436157170926
0.158656396703699 0.100150083893872 0.0391546320501872 -0.259413177489048
0.10665914858772 0.171399575237794 0.0246734164408441 -0.115267480702035
0.0579925002571546 0.143212292401742 0.0418963266624795 0.0364488629494683
-0.000222497682141103 0.0303519668358813 0.139550003561446 0.160104889344169
-0.113750934354524 -0.0584853654134499 0.313617913965451 0.184993307123194
-0.239693088526508 -0.0269295411989669 0.451482887296163 0.0531956334529787
-0.26096793595154 0.148614226555925 0.456014439736321 -0.0863115076096827
-0.183250544896732 0.329930026538963 0.364776221984398 -0.186581710439219
-0.0199448899983006 0.320312526108454 0.243951452878465 -0.129996843945492
0.0526076354905849 0.300780489396746 0.247604616088634 -0.0253326953478972
-0.0863768482873122 0.028392980184189 -0.211385750428522 -0.190476953545837
-0.0789535040334038 -0.151114955802677 -0.205923987594373 -0.186561511307966
0.0462871022124544 -0.163790467811281 -0.126838758319991 -0.188259347353489
0.194036742193827 -0.0802834945453216 0.096364888005416 -0.237636924150576
0.181493891682338 0.0554844042025344 0.262733533936358 -0.127043043131473
0.136686217160799 0.170469376157391 0.247670543011402 -0.0755187055339369
0.0857918011594605 0.1941262188609 0.115596275436661 0.0160609026869908
0.0366075759515804 0.121377123832729 0.0582086108106004 0.0876088434042962
-0.0680413751129116 -0.0235016091941093 0.125506572833835 0.0985061813084157
-0.220234486323861 -0.0559402232964554 0.22268524321044 0.000462635194001461
-0.29740799050987 0.0506005803649854 0.252577083754917 -0.139985832599114
-0.211943457008456 0.238375302028065 0.231008106572538 -0.237718282126583
-0.0913204738099768 0.355727396303472 0.162842703740961 -0.329686445704602
0.0653618032456583 0.314396563968356 0.0890094511116457 -0.31864339236108
0.0982782568231182 0.271947901618787 0.171483917959829 -0.181981796868999
-0.0547332483053854 -0.00678845348900707 -0.157560204145176 -0.151826467439128
-0.0180879441595298 -0.138348960233313 -0.128065682833598 -0.12268878731116
0.0894529618997438 -0.107544851606541 -0.004811436234502 -0.0748800694675241
0.147709978911241 0.00076004767457779 0.216432833616567 -0.0234325281939482
0.09005634042231 0.0692620737653185 0.331794071840951 0.135957168228042
0.0449015351308894 0.135413428231794 0.295543126906231 0.143287782840359
0.0297980919493681 0.137120241718265 0.160872438486349 0.140621657964858
0.00776955764866993 0.0818721163596693 0.0657393245320891 0.121226019230724
-0.0750200375833207 -0.0233072928419102 0.0721529203765681 0.0312636457434408
-0.173720273018486 -0.0153614216163156 0.0468409752351375 -0.106411240260942
-0.184224307327223 0.0598120123309377 0.0129345198974982 -0.162287445724909
-0.0857094551073491 0.162327312526076 0.0287066413128937 -0.194905828309215
-0.0148107327324847 0.202255144233385 -0.00228970638257957 -0.318444633081461
0.0766811282201261 0.172736261419067 -0.0529196354878875 -0.410470764778867
0.0841688542573039 0.157354718078845 0.0891428963261134 -0.297387348345869
-0.0060894940790235 -0.00257300686691973 -0.0457338907150071 0.332042444669974
-0.0264631319262916 -0.00449580636329735 0.110729458783025 0.436229574917461
-0.00483863433062216 -0.00838837278771319 0.0875959743613836 0.283531843296349
-0.0135753618072374 -0.0115396435392042 0.0619852000214083 0.156085696328143
0.0170622256208852 -0.0105653843062556 0.0892652638764346 0.162022905456751
0.0400144888784879 -0.0165923165694228 0.031753795569467 0.143970071209209
0.0211471653272259 -0.0181011370038603 -0.0494393621265398 0.0113221271742832
0.00891828722439592 -0.0223830717740084 -0.0861174869713155 -0.140747216063516
0.015098443904021 -0.0338423342124335 -0.207878550282481 -0.204976930013248
0.0265054679047928 -0.0184347581234727 -0.315417213699861 -0.255734401316766
0.0050629535457667 -0.00410786555327067 -0.329141342005746 -0.250130488481267
-0.021196244623981 -0.00171424898574878 -0.221200064042438 -0.0728494992869155
-0.00259643290787728 0.00543549582770226 -0.0340610072944226 0.0331930363052981
-0.0180661715483622 0.0341232897177801 0.147811596208258 0.0810387897301709
0.00594705424842402 5.79252020407131E-05 0.154479999155404 0.118588297190931
0.0696938585131307 0.146957194270076 -0.0682298482700216 0.295505745864618
0.048529147323617 0.176158253082346 0.077494560667061 0.421136041850794
0.00175784324702166 0.195492676987143 0.0685253409535076 0.311128703919818
-0.0888875182216585 0.154796328565772 0.023935939146391 0.191338075092035
-0.137059147199121 0.0750539374199869 0.0363750742589564 0.183142239612106
-0.116980191661983 -0.0225200752088957 -0.00913545645584805 0.12481853713006
-0.0370771485134655 -0.0444616636067725 -0.0631875327500856 -0.0209877627619016
0.0376952394706886 0.0395362225651124 -0.0721730404439293 -0.146783758164296
0.0684997445772376 0.0977876528582258 -0.174648519623154 -0.180442099876788
0.0868957760640007 0.107166479039017 -0.305005514251144 -0.202229095236773
0.104199829166252 0.088934826346469 -0.347579256207399 -0.184003759969136
0.118504007044621 0.0110790597759255 -0.234140175945319 -0.00597543455625079
0.0867408990870212 -0.0757645504568705 -0.0188673567616977 0.0837540945929535
-0.0352729363220042 -0.0888230676700299 0.154381083761859 0.116854743179836
-0.0453522941475388 -0.018536933147426 0.163266863734864 0.132429183105549
0.108044223374806 0.254853876499893 -0.151029842928304 0.193735245872252
0.094667850618225 0.311443123512892 -0.0489074220769727 0.356149087568462
-0.00852653428870945 0.358170384674066 -0.0545871116947213 0.358263301271753
-0.157446694318197 0.270582769681048 -0.127725632413308 0.277039892067307
-0.241369644336028 0.117368365221085 -0.152575112857666 0.218484560799874
-0.193429598362879 -0.0312489655331553 -0.154245154442998 0.0568011690944195
-0.0499189212038556 -0.040496116220878 -0.108484865538487 -0.0926659642509036
0.0646483066293511 0.0928179060808483 -0.0446933724766535 -0.126233135583668
0.114927924194069 0.184308296563249 -0.109804214900534 -0.0733241078646132
0.154400201719392 0.182305629006399 -0.265363285640815 -0.00484291478091086
0.200599362646025 0.11336647250142 -0.33150425165637 0.0674174916917679
0.207963637623325 -0.0354013676162643 -0.186019847936023 0.219598495719236
0.0941806593593439 -0.147913180042585 0.0702965949067191 0.214141782971208
-0.076972039987349 -0.144215937090632 0.1983689588505 0.189423058619632
-0.0802586453150414 0.0110399701248769 0.205239102545304 0.167250614746629
0.0815949288898333 0.291053441593556 -0.247998340095723 0.0501410367995671
0.0577661936959691 0.33795169513031 -0.22858109659332 0.208958159631634
-0.0687170751076243 0.385580082082377 -0.272722087619004 0.30436194960579
-0.202499214490836 0.235625999671086 -0.36363552016778 0.249669007678844
-0.227262481575191 0.0605915895339556 -0.376621150926966 0.131459096737137
-0.128171324952895 -0.0400537592398117 -0.279236418430455 -0.0828708537216419
-1.6405460640267E-05 0.00757659458207108 -0.132440740880365 -0.162997683070292
0.0809235068101223 0.128585967325439 -0.0118520373691173 -0.0831644431832362
0.130672325107493 0.187317629614597 -0.0141749738819604 0.0636550237906351
0.179803785222491 0.144524032347199 -0.0853649469364027 0.228365512534121
0.194181880060356 0.0275013405960035 -0.0655851260752901 0.336675714796828
0.123205884840388 -0.104230881019327 0.0969177396125598 0.390529656269738
-0.029535487027825 -0.110246373086908 0.272730962422111 0.26220064329409
-0.125173648819478 -0.0506735443677151 0.279694850974444 0.205091781045366
-0.072432644130268 0.109744098136542 0.259478195352423 0.173684680025611
0.00650874874201755 0.239674001767916 -0.302847494962372 -0.0909678194346208
-0.0442785288088111 0.212666262880511 -0.352283551940797 0.00193160270739889
-0.130759837122018 0.203913725113589 -0.435257853857684 0.0826544007043558
-0.132372203554035 0.038964824868528 -0.47363412452748 -0.00810227248970754
-0.0565382168812299 -0.0382249411858628 -0.39124072909963 -0.125540180841567
0.0435179652298526 -0.0031383571837132 -0.221044444899052 -0.241407447609002
0.07808739761121 0.0908840875120306 -0.08593066043558 -0.182360648963649
0.0829732645056686 0.145977465194162 0.0196463240779627 -0.0253861038890295
0.0914294005639869 0.118888656736239 0.0921522090972916 0.154249887681187
0.0756845919208003 0.0265228306942098 0.194664761981982 0.304439801665217
-0.00583465447415896 -0.0567129632803979 0.341545829802675 0.30629633899238
-0.113100998347484 -0.0294284267633324 0.440439887568918 0.222265769953092
-0.165892909232892 0.114486809353112 0.432844619764926 0.0706446723773823
-0.101705512409564 0.162889896588498 0.324150807688944 0.0758610262886078
-0.0100648673632782 0.232164596898883 0.284322425665971 0.101442525771283
-0.0641458182682899 0.131872875838352 -0.287654968469807 -0.175281790688723
-0.114603448376597 -0.00333306649058729 -0.333326815191407 -0.156012505055054
-0.0846354291156197 -0.0576730939182784 -0.357816816048771 -0.152897280287471
0.0602695774983228 -0.119360544329314 -0.254501103219309 -0.281236644859967
0.14336206506819 -0.0352243380825381 -0.0757418782251117 -0.293687503126143
0.16805916873594 0.0968353262968699 0.024546083092648 -0.265623685717707
0.120660453669072 0.170763924707307 0.0186681199484334 -0.116781050605541
0.0707894024749868 0.143270213808504 0.0457376710383335 0.035371853044636
0.0052311108261743 0.0304810762676324 0.152782299812827 0.154910808300294
-0.11479518476636 -0.0547534888369312 0.331262025809922 0.167855589391335
-0.243314833878921 -0.01721337567538 0.462550220036213 0.023969640652026
-0.257503847711789 0.162263047384491 0.4595522231783 -0.115646850149439
-0.16662687454884 0.345120037802388 0.359206714638486 -0.212322590076956
-0.00277788488614608 0.325206148331518 0.24182011755194 -0.145396609433375
0.0710786040823486 0.301175299508828 0.249384750642819 -0.0400761650060709
-0.0854321102299912 0.0338678120341913 -0.226908576920582 -0.181116883149786
-0.0883874910892216 -0.149296496087763 -0.221791520096323 -0.180767813606061
0.0397139936224362 -0.168781871393304 -0.137369540394304 -0.185498499588291
0.194573592217258 -0.0908684459685474 0.088407128556538 -0.248021996802885
0.187521348005035 0.0495761567888705 0.265491891358649 -0.142879405341562
0.147933079767025 0.168493786108569 0.247544335066996 -0.0884338758864017
0.0978432804771586 0.1944949390478 0.118902141579097 0.0129510015352626
0.0470213138740379 0.12271192138299 0.0668051612223383 0.0869338484468514
-0.0671693990245036 -0.0205420864511768 0.138638032966911 0.091839738243834
-0.223788501032249 -0.0478126207727892 0.229841022701494 -0.0166307093619876
-0.300180302934879 0.0633818157470361 0.24992804477161 -0.162233791045615
-0.204858798470279 0.250458478443701 0.220468464052694 -0.256455578237036
-0.0750285233799694 0.366630615022501 0.14460785560184 -0.342819006016825
0.0828765086235987 0.315207528342874 0.0721411063062191 -0.327897813907731
0.115473114660423 0.269497443300179 0.162664296710572 -0.195301597420137
-0.054936201924433 -0.00526265689138506 -0.170795128011042 -0.1450042542916
-0.0261642168370661 -0.138321658817131 -0.138059901998797 -0.120540406186278
0.0850271800484628 -0.114493556903756 -0.00390434238620749 -0.0776812472340526
0.150774414888344 -0.00555056049754047 0.223498400166961 -0.0335050181479847
0.0941451661837076 0.067654932881395 0.348580627716308 0.122804635334957
0.0530991430846359 0.136614519279843 0.307875805374711 0.134975581331943
0.0379013195706629 0.138937426012915 0.171083767458459 0.138247401066296
0.0144720300757643 0.0836751115339108 0.0767042344819425 0.120700339892376
-0.0758291073785589 -0.0196750304830633 0.0824709234755514 0.0243434413697708
-0.175017973306405 -0.00915017629197234 0.0455312128965558 -0.117803249210766
-0.184717397973419 0.0680076561259947 0.00233004139471519 -0.171813462556201
-0.0798542873695828 0.16733827284415 0.014776716528029 -0.199533216858208
-0.00497691570993766 0.206276742312265 -0.022322392518673 -0.321304132041073
0.0870817496131854 0.172347495076506 -0.0777915477515227 -0.413508987670994
0.0931209853216643 0.154948216593692 0.0714238189529382 -0.307936006298318
-0.00580337471958046 -0.0024768266563031 -0.0269583364305001 0.332250709486133
-0.0262394618093371 -0.00289837326292337 0.134525532690471 0.425760520201085
-0.00532410029624706 -0.00943175879012957 0.102843225631514 0.274254429789901
-0.0138058461226597 -0.0107446910814 0.0740617249184067 0.149794456934021
0.0155701977529934 -0.0113214707283708 0.100439107864752 0.161004621929071
0.0381522872704885 -0.0189264735255549 0.0354996018337969 0.150145486630518
0.0198288549822709 -0.0190307862425833 -0.0555136417532208 0.0188436237827475
0.0081753748860627 -0.0223149322432374 -0.0955375657339287 -0.136089143786788
0.0131455909614737 -0.033355149763218 -0.213247546699562 -0.195494297992524
0.0265950853488608 -0.0205126517589193 -0.323830824682414 -0.243373638510421
0.00527851544965805 -0.00499538723081473 -0.338929640336169 -0.237112407702466
-0.0211845444846401 -0.000466332574543842 -0.228878904256816 -0.0669680523805077
-0.0039323503025177 0.00539505221554478 -0.0366375416282215 0.0360527439364067
-0.015320621181885 0.0348089888389587 0.149946242232452 0.0734607486490751
0.00561664185050087 -0.000980883637285602 0.162247230541774 0.110336766837586
0.0763080682553945 0.141216633108584 -0.0525989003624023 0.296937313190446
0.0574344837121466 0.173671769062347 0.1008421465503 0.411470367747946
0.0100705707540233 0.19384278025573 0.0861349909457767 0.303029022329666
-0.0806155566875715 0.157151663532029 0.0376794356436632 0.187903161209392
-0.133480862165124 0.079279227949695 0.0494094475717826 0.185501680613851
-0.115376635801511 -0.0199046695494427 -0.00550322505891995 0.132288889307564
-0.0370979994062118 -0.0420198472314608 -0.0704371403542569 -0.0134076642125297
0.0408311767001208 0.0390500933602908 -0.0828793922017912 -0.142891104162115
0.0718445638975299 0.0953583476826076 -0.179700104851702 -0.17464505579008
0.0905920944336888 0.102932365691727 -0.309638908269387 -0.190780485817715
0.108083787974184 0.0840460732243345 -0.353544946571408 -0.171471364016095
0.118647481067162 0.0065309000581924 -0.237433957693639 0.000291055658631272
0.0809634514899208 -0.0789961385563666 -0.0190664543348817 0.0852494839144567
-0.0380458913226863 -0.0849882654048816 0.159393375602377 0.108881462242897
-0.0452022811324694 -0.0169706538025408 0.170576269948927 0.12385717241233
0.120297997740901 0.24632602387334 -0.138955648460797 0.200288852784462
0.110347885737508 0.303060561645682 -0.0290067819036368 0.355543420129375
0.0085667004132302 0.356849722858563 -0.0334283556192755 0.356988539789352
-0.145662878286098 0.273558449631064 -0.108925337012795 0.283741823092017
-0.234546530109458 0.124920276367481 -0.137677992221626 0.230145674453939
-0.19086344122251 -0.0252906693064724 -0.152981234660429 0.07130636422671
-0.0481755135523279 -0.0384251974221527 -0.118885206940763 -0.0832461910646892
0.0714347332022917 0.0901536161881826 -0.0543531579208732 -0.124062277848281
0.122126473489255 0.17882011288494 -0.112651667317818 -0.0715418911927406
0.160614452135943 0.174906272007567 -0.261995782457304 0.00397637133060541
0.204713297061572 0.106116422453133 -0.328724348253043 0.0782515315150388
0.204915721594861 -0.0430424374032279 -0.178870093126346 0.224289836890303
0.0883736078215741 -0.151414532329563 0.076697420912727 0.210390392432689
-0.0829520296764745 -0.138003193682934 0.206194472832902 0.178859925509428
-0.077163308143794 0.0148863524624491 0.212359795871083 0.155925318897065
0.0960009131692199 0.282865716024259 -0.243138815231035 0.0622667387724818
0.0757988473428247 0.332101910262254 -0.21521554134606 0.219433131431007
-0.0473282727367793 0.387526486137468 -0.2543015966392 0.316781654911705
-0.1904451054237 0.242449697506863 -0.346783174061071 0.270982845584688
-0.221986056958534 0.0667364827846374 -0.367513642649895 0.154368858654731
-0.125453432882074 -0.0355848296942324 -0.283977024596204 -0.0643214498428558
0.00490044203595382 0.00747453505773469 -0.143859505549111 -0.153708320127908
0.0897335926961107 0.124923317334896 -0.0175908318976011 -0.0831097205065537
0.139715370862085 0.181012955481195 -0.0114125820644922 0.0614461591691661
0.18550310501869 0.138426368384508 -0.0744679685135577 0.228985684834222
0.195404649828896 0.0212845584063113 -0.0508000528520603 0.334910636325175
0.119215023298465 -0.107903130557384 0.112144540447205 0.381789632802081
-0.0312469802722698 -0.1076675409011 0.282313006204396 0.246915678101371
-0.125230367868742 -0.0434575440654892 0.289645805699602 0.190974887420601
-0.0648815804971179 0.111702281184714 0.266631225116915 0.159113684414622
0.0191157310595556 0.236550459754162 -0.305002729291331 -0.075384718897843
-0.0315476735650806 0.210750046864366 -0.350368750978846 0.0227302787644878
-0.116343229712813 0.208375949721975 -0.427444374431013 0.107426361893097
-0.128658025232113 0.0449341606596493 -0.470356619508779 0.0187161359908703
-0.0553161019707034 -0.0359734838613138 -0.394308406097481 -0.10036055013361
0.046051769695073 -0.00471150874080432 -0.233164043550854 -0.227252614336253
0.0853960352665179 0.0873668844358674 -0.0957601922460782 -0.174874345684332
0.0932905457199103 0.14192536927699 0.017354619960197 -0.0266762623394538
0.0985226978242531 0.114662334772263 0.0989605149047808 0.146812026343516
0.0787529641443168 0.0250446751581463 0.20784212100521 0.290979333754385
-0.00638072133387101 -0.0546985226490283 0.351921977811275 0.285562997417002
-0.111294588936597 -0.0249960750434334 0.448536866102414 0.196280154930378
-0.156808586119032 0.12115315195403 0.433211898389252 0.047602184545491
-0.0922243858180949 0.165903953112583 0.324130409569172 0.0583541150726581
0.00314419632772786 0.229649469024646 0.28722278396454 0.085395654901402
-0.0563592255838004 0.134225716384509 -0.293890755981875 -0.1585955913427
-0.11282374458648 0.00211141201133533 -0.340263666479994 -0.137247814024306
-0.0840502628218027 -0.0529992612222541 -0.362902478336968 -0.131463661847521
0.0559934576937545 -0.120625354273439 -0.265693959073165 -0.266203622903506
0.142793444716834 -0.0394049238958653 -0.0866205053511003 -0.287627297837194
0.172677246499576 0.0901997606522655 0.0106740114355984 -0.263407064167715
0.129838032483172 0.164718354818492 0.0130755543344855 -0.114391355801963
0.081555124054873 0.139533057663667 0.0491940803747857 0.0333388655292483
0.0108519214930013 0.0301803343297354 0.16118573144762 0.145439256795961
-0.112467029248259 -0.0502988534102267 0.338569813283324 0.147171152730245
-0.240767593850366 -0.00795181549327719 0.461637871560655 -0.00251010480115005
-0.248251424096213 0.170297423428412 0.44996636081086 -0.140192014065673
-0.148662274726096 0.348927044420987 0.34365871697704 -0.227322523991506
0.0131104256616285 0.322067246090409 0.231877650601707 -0.155910681447531
0.086267150054632 0.29315350912187 0.243614677274544 -0.0531347544082809
-0.0818572845462519 0.0375609773822806 -0.236078350767249 -0.168663893553891
-0.0951127655124278 -0.142471630096899 -0.230243121888565 -0.169137657003328
0.0328506943200091 -0.169707916739139 -0.141792494010014 -0.178615335999375
0.189006235227552 -0.0974643919703664 0.0794283735056029 -0.251681254042458
0.188406944957099 0.0436637542534186 0.261023456531552 -0.153881040074119
0.154646029012478 0.162910520983402 0.241156239815499 -0.0968820485620919
0.107516316992961 0.189891710568487 0.118811286360306 0.0110501696650575
0.0558400434148664 0.120227250956578 0.0739427151050121 0.0841616171129322
-0.0633102149228762 -0.0182798541256017 0.146780365183146 0.0819774790335736
-0.219995414456305 -0.0403958191277582 0.230568860943171 -0.0337163340444127
-0.294095495073072 0.0735777756569807 0.239035268080593 -0.178422206883006
-0.192885591646786 0.254760179993733 0.203939322041211 -0.266947542721778
-0.0571785030962187 0.365223253087431 0.12320579445909 -0.346838955862254
0.0967931263666509 0.309586092290161 0.0540889617940256 -0.32897987030018
0.127884805414443 0.260739647248222 0.149714073194114 -0.202087773901981
-0.0543937373769696 -0.00319143691194916 -0.178598464804111 -0.135540677321622
-0.0329698905312234 -0.135083532344363 -0.143857333978042 -0.115554877272311
0.0778723841058484 -0.118301189654506 -0.00223732029302203 -0.0793096285872526
0.150008974380507 -0.0122296961333234 0.224886381906426 -0.0422497490257363
0.0955488014786648 0.0641615180845029 0.353922347423414 0.107192362787807
0.0595669109107741 0.133737574403728 0.310352160819065 0.122205060308821
0.0438920515377499 0.137579167692766 0.177114232182538 0.133221305683534
0.0208297172126345 0.0828289135428932 0.0856235494938928 0.118520932493093
-0.0736193064177433 -0.0161991518550055 0.0908283076842136 0.0166966669330894
-0.172570448250861 -0.00426953880058126 0.0428154454552157 -0.126179822132471
-0.180203441958295 0.0732770404376227 -0.00918507920249406 -0.17426254434162
-0.0735849140814744 0.167901358809791 0.000690833752264286 -0.198638015008276
0.0034886564928247 0.203696878988583 -0.0408493970132193 -0.314296080100221
0.0941943403979115 0.167191800849886 -0.0996087715933724 -0.404792785370023
0.0997931972813514 0.148729174111171 0.0530714575751498 -0.308617212153453
-0.0084026086025258 -0.00121879778775018 0.0778162621289101 0.325199685857739
-0.0285319106766074 0.00615600561750162 0.258395558912889 0.362469215186894
-0.00932616062670861 -0.00763638181569128 0.181839875491891 0.225754559972495
-0.0162588913331284 -0.00580636600227217 0.119210305130553 0.117238613111492
0.0109822104707378 -0.0144390184641231 0.150105321014218 0.124539912426821
0.0307562993811825 -0.0301279687756023 0.0799130692395564 0.140958974157995
0.0136433406677074 -0.0239294391519545 -0.0524698134204512 0.0410274994676526
0.00152498498923557 -0.0237252987187626 -0.134043895683459 -0.101414032173345
0.00163017241916372 -0.0363400278574392 -0.263355848346789 -0.124018574998437
0.0182557081024272 -0.0304185565958398 -0.382638817043804 -0.134917517385875
0.00144612271273446 -0.00807308973655875 -0.397973573697635 -0.126138347166927
-0.0219434627975643 0.00491412598946475 -0.24413024217684 0.00497499106382087
-0.00321327811771364 0.0067072635946888 -0.0266301424831009 0.0488026821151469
-0.00207431628012656 0.0376364763923949 0.167176054400743 0.0254804756810392
0.00469624587723616 -0.0017275307771177 0.191197141446162 0.054600886906638
0.11122394131261 0.111794079309586 0.0433653276609665 0.299236328598809
0.101653976991983 0.149345101199874 0.225723855468164 0.360656343133184
0.0626216521762503 0.180864459794821 0.174313527290802 0.259887018213955
-0.0339241357771585 0.172129067055361 0.0969315656977883 0.166477778754552
-0.106322128562636 0.112425996131478 0.108574357457043 0.165107603147079
-0.115468083655387 0.0114184437951084 0.0340116467091644 0.136727575623293
-0.0459469066500503 -0.0307527130707803 -0.0759613924009476 0.0143620386311232
0.0530277988036768 0.0251263616620855 -0.126027856296143 -0.111409263807396
0.0964744552305992 0.0700076651101358 -0.225255891448947 -0.114108117298404
0.114883386070315 0.0706735512124288 -0.352239132561698 -0.0901544828053548
0.125630758433394 0.0473632600344346 -0.391914559146547 -0.0570355554200444
0.112474232036613 -0.0280274872888884 -0.231231068510299 0.0710799435324064
0.0536297147554001 -0.0974844253720986 0.00419886728444565 0.0891589960107909
-0.0587171908075473 -0.0683275934556112 0.185316718135515 0.0556132883479064
-0.0468973850494326 -0.00328975811020927 0.202359040475996 0.0661143545174025
0.183522331804339 0.198509482839938 -0.0686074422919789 0.23406582844024
0.19032556005251 0.257418725789716 0.0847570921150647 0.346362458162871
0.109681152445114 0.335637467989079 0.0802610862494297 0.349205758212735
-0.062448904217225 0.30045596709565 -0.0144387971606816 0.305191687091464
-0.190551830715612 0.182728976354789 -0.0565830973753954 0.266538501478357
-0.188057055797917 0.0277641870860014 -0.12610040111514 0.120757273630665
-0.0537169122683606 -0.0246996625932152 -0.142951356455127 -0.0386412982118632
0.0985348390989681 0.0650550142480115 -0.0924772393190871 -0.10227356470007
0.168638227693506 0.135304860322768 -0.130447467467752 -0.0362051005096353
0.20312509240381 0.120665104896759 -0.248165058479559 0.081571450962189
0.225023334811685 0.0430762401059482 -0.290276239417533 0.174540483391036
0.181085659853063 -0.0982885731587982 -0.104580580443744 0.265739958449641
0.0411594295419857 -0.167460682489233 0.136033032788569 0.178303639360403
-0.115348860486774 -0.10466228203326 0.253027535373769 0.10631107225401
-0.0681721504976482 0.035519794187868 0.251320731642575 0.0843262227266999
0.172622641625835 0.239623424586341 -0.210171620188951 0.133507996250632
0.167030373833684 0.292293760669862 -0.135280154299469 0.276653687061058
0.0653945964935715 0.37991390277685 -0.141660880636647 0.380057740907504
-0.114099758590354 0.282025166813452 -0.244604137398075 0.367797342526742
-0.192393391451211 0.122792618488905 -0.300148165591966 0.265319282737406
-0.127767449354739 -0.0011214791752554 -0.292554271985585 0.0291382338125062
0.0111291986157303 0.00348138721596674 -0.186092033397195 -0.100979245256382
0.127110597638545 0.0915020326463322 -0.0454223182990706 -0.0737198205332942
0.187807142753582 0.131957056117511 0.00670988616327759 0.0598706347249085
0.218657963438241 0.0798428957888311 -0.000848054478516157 0.238355115340792
0.194237599900477 -0.032848384310518 0.0537918946733505 0.333799476741341
0.0846910015629017 -0.134029705861188 0.223815901144563 0.326438208916795
-0.0567978935186992 -0.0924789007835541 0.345098946151698 0.148240569197698
-0.128555781822728 -0.00377125566391191 0.33538524832664 0.0917491533278527
-0.0273206970494864 0.124268381043074 0.304451475602251 0.0708660170741009
0.0873921829883838 0.21722437902106 -0.312520254707553 0.0218605424165508
0.0310144498068095 0.206364717096023 -0.326564618089198 0.129574212408593
-0.0480823952966162 0.229632857063209 -0.37183324782742 0.235380756239293
-0.110227244999721 0.0783749965593463 -0.441629307706262 0.162619631174066
-0.0610874252387406 -0.0199845933013019 -0.40512483076439 0.0256161150705472
0.0452179151045609 -0.0183377881356451 -0.290801180848022 -0.144977112014127
0.110879283949908 0.0565651258602492 -0.143894794635132 -0.136345036470349
0.134584850658733 0.106605408522753 0.00821069844302938 -0.0311458099976435
0.131261542698317 0.0794162963345676 0.139727409428968 0.10936519958674
0.0858496641586976 0.00127930379886904 0.286853059903093 0.211155344157133
-0.0175899670751967 -0.0491411672123198 0.424177080405172 0.160022768617299
-0.108435754282347 0.00975086926712364 0.484585693726035 0.0456431908151261
-0.108748962539135 0.158846527125327 0.427140865336059 -0.0889320755693868
-0.0371365437527309 0.182581422798158 0.329091626838324 -0.0443986985789751
0.0690861828192816 0.215917706065508 0.301883451839506 -0.00612837948610411
-0.0130117018261944 0.141938128373235 -0.329750247728793 -0.0602359783073404
-0.104823300708419 0.0310737120442757 -0.368365924825838 -0.0269799461800222
-0.0912191243956007 -0.0279845585567035 -0.384304294216519 -0.0150799751631892
0.0207793991699981 -0.130816974600754 -0.330841345621133 -0.175238807976158
0.128345297770482 -0.0773511172706535 -0.166630116932547 -0.247699352610839
0.193180541954829 0.0371090930349932 -0.067839154966047 -0.252480383743792
0.174472712622639 0.121243974934476 -0.0212445325513278 -0.110793702059605
0.12311879143975 0.109247819975633 0.0585205002712508 0.0176114666071667
0.0233736179122632 0.0245982155781391 0.201415682029149 0.0873401821925785
-0.117110197453972 -0.0161134379760472 0.368724550420421 0.0322266494668577
-0.228154832018105 0.0606052201659643 0.43691955174539 -0.148985349096774
-0.183720110717358 0.230708010517525 0.380877667006971 -0.274209903629362
-0.0371768585262859 0.369525821114749 0.255809599622044 -0.322153240262829
0.1061961512717 0.298449153019852 0.173162789970157 -0.220775951345093
0.166007352841131 0.253574369049603 0.219076794970202 -0.125320294818128
-0.0651332557134888 0.0574395588505684 -0.278533930131516 -0.0870084558938599
-0.129502534115307 -0.109628337656592 -0.275644155498217 -0.0923804181722854
-0.0152505505890858 -0.171991154740583 -0.187910036625268 -0.130560682324829
0.154034297013369 -0.146201056584372 0.00364108267166097 -0.266983727833972
0.194323356182388 -0.00888705211415146 0.205977915445331 -0.226960730656361
0.195978274465403 0.111448816368717 0.203247422428589 -0.159846805418415
0.158993861435566 0.152655551741779 0.118697417617766 -0.0217778605255043
0.0923413539383617 0.0981539108084312 0.0990324746747204 0.0585077427047048
-0.0620194473573851 0.000936784748248773 0.169963562846453 0.0295329542556006
-0.217865957379335 0.0231592667651806 0.210366321462085 -0.109158262015694
-0.258272679697584 0.152756366945075 0.169030184082069 -0.247901979203491
-0.109730490809312 0.294242200451602 0.106080467928001 -0.317045660578005
0.0507105664880791 0.360375411952938 0.0092007770018304 -0.36530235502523
0.181362741809139 0.261364755858702 -0.0499550073255512 -0.328828442352589
0.194679445885314 0.210998947527154 0.0820084496714126 -0.239218307322263
-0.0514865130673295 0.0113267742340593 -0.212781789990519 -0.0730797728197206
-0.0684034150760037 -0.118838795162279 -0.17618321375895 -0.067786564038074
0.0389957098801768 -0.134446545106762 -0.0246500554298689 -0.0801735880898169
0.139944170439489 -0.0539576784096563 0.206003163248065 -0.108609116797912
0.109163855468884 0.036690042490526 0.371859823698483 -0.00390509596148172
0.0949505368012454 0.111181186541123 0.334502836741708 0.0307050164211061
0.0821639966937182 0.121544490838847 0.210086251282313 0.0783201387191581
0.0462339731066491 0.0740026314094881 0.120825301235897 0.0870520391610433
-0.0721587069748304 0.00594497815332352 0.0972101498995453 -0.0179141399934002
-0.164115815707922 0.0435098706419623 0.00243947185110244 -0.140668614905894
-0.15078278485803 0.120037371784678 -0.0671491309049196 -0.167161878280618
-0.0222754932112812 0.177485710000285 -0.0641921535121817 -0.18685212648404
0.0606050938942182 0.19128589463221 -0.137100617321636 -0.281760022460008
0.136608213504502 0.12797328275006 -0.221283703231972 -0.352304232830779
0.1363615962013 0.112164801614963 -0.0447505405327034 -0.311055772277976
-0.00778420799024099 -0.00141038383578186 0.0892896760908659 0.325388530770088
-0.0284380796454627 0.00708378349072776 0.272229866286884 0.357148782472846
-0.00935826662408323 -0.00735641884310395 0.189430514819238 0.219209876520612
-0.0160891366524661 -0.00555800839301278 0.127315857268098 0.111582922933796
0.0107853322177564 -0.0134529075002702 0.160762164860509 0.124234312637642
0.0286219363260084 -0.0314948349070248 0.0848104869085842 0.149448470173602
0.0129199565583474 -0.0245167772569081 -0.0561116434393432 0.0494791464285148
0.00154408875971482 -0.0243354040576381 -0.141266644519353 -0.0994584834118595
0.00174063066930872 -0.0368363870936513 -0.269121147124243 -0.1219240306393
0.0165702056629308 -0.032334348209754 -0.390580544711969 -0.131030146151309
0.000381530374885903 -0.00813056786992729 -0.406708242210869 -0.121512945609304
-0.0218896406789463 0.00590159581490245 -0.253119906840534 0.00842564743944928
-0.00414904394215628 0.00755177456247353 -0.0296673135903594 0.0523668682246016
-0.000141793922856993 0.037212805076438 0.169244823770819 0.0227675220789232
0.00454214872687704 -0.00175254434327379 0.197346759390598 0.0491512514497551
0.11493172050918 0.109608237433771 0.0537462329341786 0.299886224997793
0.106698475809409 0.147827693588953 0.238256607852703 0.355425002736608
0.0677115751774347 0.179874736921391 0.183688678309858 0.252797128202231
-0.0314798602966489 0.173461138865912 0.105637561534168 0.162682452551508
-0.105548515477263 0.113919424946931 0.120005001614541 0.167126209901716
-0.115954119642058 0.0116859724152009 0.0393309290946062 0.145202680941548
-0.04475513434821 -0.0300941481201079 -0.0807959402805253 0.0230110388293888
0.056305027657195 0.0234899306371768 -0.133559381609395 -0.109018625565009
0.0982592912286404 0.069673314930774 -0.231676960081509 -0.112765932098153
0.117708534441036 0.0689111199760308 -0.359533054119001 -0.0880261493360626
0.128002602033952 0.0446088729003085 -0.3996794107123 -0.0508748834530719
0.11321762335662 -0.030933529598527 -0.238641308729643 0.0755267082241308
0.0512413298326599 -0.0994158863724981 0.00267615792317617 0.0929391692244215
-0.0590436255946626 -0.0662709766512432 0.188994049689458 0.0532797141410432
-0.0473972650105912 -0.00240315179020651 0.207175820457597 0.060099494315428
0.191037773856935 0.194726221337021 -0.0613639975977927 0.236858961820235
0.198283269837834 0.252880150951674 0.0974185143302685 0.345974962381642
0.118158084158055 0.334947152245112 0.0918147910095746 0.347244932704897
-0.0572738543112172 0.303912157974954 -0.00159087619321169 0.30791022309355
-0.188224232150038 0.184712363316485 -0.0450262494704846 0.275595447849809
-0.186367415676687 0.0275685228290307 -0.123617325696054 0.132341199410731
-0.0511455036350331 -0.02476437237045 -0.148283170627162 -0.0303488979094286
0.103997335362038 0.0627859808814831 -0.100285037685109 -0.100200933456545
0.175275960882387 0.134111767551019 -0.134064550915734 -0.0362948124548982
0.207821306317294 0.118917447135745 -0.249612627987469 0.0836989160180624
0.229025552604563 0.0392364400852848 -0.292476416576288 0.18125798564792
0.182009626822028 -0.10291791201905 -0.104951818334288 0.271173412931977
0.0388011429383751 -0.17041037606926 0.138414614147675 0.178682932470385
-0.116548447160237 -0.101659501324428 0.259490551255038 0.102261517183802
-0.0665335295301246 0.0374365379772392 0.256724878377838 0.0778941816864219
0.180170411130409 0.235488483198341 -0.207633592183593 0.140794492782292
0.175915975722933 0.288413371982129 -0.127417127584651 0.281404984529109
0.0777514160515513 0.379968139937641 -0.128991464401916 0.387242327777488
-0.108263702598209 0.287389014399854 -0.233321037713226 0.380158808894899
-0.191124232240518 0.125436249557405 -0.291586652523866 0.279226661823625
-0.126091603969187 -0.00161138392477239 -0.295447538087899 0.0412243667251628
0.0152119896039334 0.00231886428861524 -0.192332782486541 -0.0936349979749158
0.133817676996353 0.0891909559007129 -0.050637347655088 -0.0733521616944466
0.194626341091507 0.129485585569078 0.00674307237404982 0.0586434821348682
0.224039852579498 0.0780673831703544 0.00432205183216005 0.239222007870469
0.198196029020474 -0.0360121255174273 0.0592540601094221 0.335351268767137
0.0841616326220112 -0.136472635974914 0.232459286766311 0.324383376351352
-0.0570671664489881 -0.0920537421737947 0.350503746272922 0.141218231741468
-0.12831140117085 -0.000164619070148306 0.342319797976422 0.0832862775714047
-0.0233345355743283 0.124287931477955 0.309236467452608 0.0613867894236812
0.094714025914112 0.215422661416631 -0.314783557076304 0.0312297300382661
0.0371017397174737 0.205140700617666 -0.325787571937469 0.141585024066495
-0.0388668738179299 0.230410967954314 -0.366168078983952 0.24858885915746
-0.107996133502687 0.0814789560188838 -0.440033074066056 0.179011329134466
-0.0601250932996414 -0.0203099528794468 -0.405266541483157 0.0408896102812926
0.0492442728430709 -0.0206542847332186 -0.298342287904319 -0.136826022993415
0.117252040686593 0.054709211080948 -0.150505341843927 -0.131781900434849
0.142491569800831 0.102882308624879 0.00657095890461929 -0.0312663934142876
0.137213895406697 0.0768700218412269 0.14391868482302 0.104960544244819
0.0900577800670567 -0.000542286436730926 0.29540997752831 0.204586022715467
-0.0159162698011607 -0.0490757072758032 0.431040649809702 0.148930434965211
-0.107778772626428 0.0113151816377834 0.491590166647583 0.0307545327437097
-0.104794980475403 0.161812756471481 0.42754040185265 -0.100823645105055
-0.0326462363916843 0.184525782079754 0.331527916260089 -0.0533684645128657
0.0766187258998532 0.215263544908849 0.303340269026324 -0.0150213673800133
-0.00849141497210635 0.14166177913734 -0.334559672494964 -0.0504470085983959
-0.104153218668622 0.0342243310580364 -0.375590573647999 -0.0146083085582488
-0.0904608628836076 -0.0272718020225774 -0.385874481797581 -0.00491096372334012
0.0196188772315734 -0.131091493357426 -0.33809831546853 -0.167234797935061
0.130410322119132 -0.0787631818314102 -0.17283066790943 -0.246172406792704
0.197703760665946 0.0340839553999754 -0.0750399236592657 -0.250950108569921
0.18079361128986 0.118195738813151 -0.0231158922643273 -0.108780541818568
0.131015074605618 0.106205339571232 0.0610026923718212 0.0152598256871426
0.0285527640012904 0.0229066480529366 0.206897700945122 0.0809485440339655
-0.115284142519262 -0.0160871166810034 0.374897140776618 0.0206033847218781
-0.228133375782711 0.0627317251034473 0.436223199737957 -0.167559986475896
-0.180680166321973 0.235468968407313 0.375763588126118 -0.289434184098076
-0.0286555179114838 0.372444976993061 0.248344226097664 -0.331498234007425
0.115108382313153 0.29716776200518 0.168540346692577 -0.227635434229015
0.17455814800261 0.249163726117024 0.215948898577377 -0.13230677890298
-0.0632666691784595 0.0590742286909051 -0.283641015527888 -0.0785311887495573
-0.132905643953653 -0.105310309895499 -0.283386885570221 -0.0846341497045117
-0.0194252664085483 -0.173271160604786 -0.192142887846295 -0.129558296256281
0.153113219486287 -0.150501271174661 -0.00155724305668256 -0.271147103331656
0.196957019305589 -0.0111583682333906 0.204019404436905 -0.235404470591455
0.200114733662463 0.10995152589068 0.200088147878446 -0.163399136748097
0.165358441426391 0.151762922825037 0.120968103571848 -0.0221672903866311
0.0991684493095781 0.0964164007919429 0.104762413717941 0.0559530932583818
-0.0586370581278461 0.000914482985474819 0.17707716297401 0.0216946002931452
-0.217715570906411 0.0235056045809637 0.21108737611953 -0.122112460210641
-0.258121760904702 0.157023102729221 0.161160924332727 -0.261516467546714
-0.106173824667454 0.297155756356848 0.095737979062885 -0.323434489348825
0.0589894516419238 0.360794189117067 -0.00164570015074194 -0.365504693146826
0.189138850645563 0.25912645797991 -0.0600234212314268 -0.329920010975258
0.201921087069796 0.205922945157988 0.0749845706817454 -0.242630226277117
-0.0510503509846008 0.0118109748593083 -0.217927809866295 -0.0667776737699026
-0.0709846380324047 -0.116311335712182 -0.181883704096973 -0.0640379203860633
0.0353574072338034 -0.135623286779619 -0.0256068873466956 -0.0833202299599821
0.140369012832735 -0.0568218135001453 0.209670107373807 -0.114735284895107
0.111078215589177 0.0358399221178884 0.3766458312094 -0.0104928763331388
0.0986006210978888 0.11056306529633 0.339007857687571 0.0262304223649506
0.0866690855172981 0.121081037532279 0.214067832530714 0.0772499504335384
0.0512724307805655 0.0730841081833391 0.12737366332978 0.0850046782678483
-0.0701666846877125 0.00703290237703211 0.103172467201602 -0.0263600864871068
-0.164004147259108 0.044605963384941 -0.00188849152031036 -0.151303887861451
-0.15004084671851 0.122731743432213 -0.0769606992136506 -0.17173816290182
-0.0206737614838532 0.178553873440825 -0.0742359984085587 -0.18609816240311
0.0643747998458008 0.190893920042233 -0.14667111036018 -0.277145088687788
0.140355904666692 0.126351201741338 -0.231859216898534 -0.34863953557652
0.140505314269397 0.109805780906135 -0.0559134421555109 -0.311720631434056
-0.00769910601090426 -0.00118316367522745 0.106801861064697 0.326969329013585
-0.0284091381813403 0.00915560561899314 0.293520131138913 0.348520358643668
-0.0104297470928925 -0.00778797226047168 0.202883470270134 0.21320569150551
-0.0162456964397575 -0.00485291390597997 0.137471335404557 0.104325204768293
0.0100607744133869 -0.0132498048866844 0.174960072102639 0.122768318956826
0.0260141120200555 -0.0333965771437727 0.0938008390251788 0.157194504967295
0.0124543615237473 -0.0257198773394238 -0.0596125885189165 0.060336837052045
0.00146062802405989 -0.024452722649029 -0.151365659144269 -0.0969144900876194
-0.000179254185488676 -0.0368311296117368 -0.278315599184589 -0.117351754474701
0.0152737878760526 -0.0350457942696369 -0.404770451577313 -0.122413807277094
-0.000582318797113489 -0.00864011937981258 -0.42424970216441 -0.113325428456549
-0.0221606896313209 0.00672227123116803 -0.265505513833151 0.0174550945430443
-0.00482682015312319 0.00830601451059896 -0.031455879145878 0.0582842228707009
0.00164797667596207 0.0377252625616315 0.174306341961877 0.018694757728949
0.00445008740485819 -0.00224370251665706 0.205816042245666 0.039619948845212
0.122243743676673 0.106783482351694 0.0700663209495589 0.302157622965525
0.115115245606149 0.145862477735549 0.25860883158878 0.349306003085486
0.0755242213774247 0.181065161460199 0.198754042829948 0.246637199100098
-0.0258392737561553 0.178103998592177 0.118013519789159 0.157815193085061
-0.104536386748519 0.119051689572462 0.135797310171036 0.16751831701175
-0.117674971315324 0.0132466410727936 0.0475254463509993 0.154796478800969
-0.0449147288365156 -0.0301282575485424 -0.0860663001371537 0.0336215185075063
0.0603995823526226 0.0219071525856906 -0.14380349466199 -0.105743136029392
0.103737496513883 0.068699773260336 -0.241410357225236 -0.109410045740878
0.122138510169588 0.066213314563357 -0.371536785472609 -0.079563991942261
0.132270120229878 0.0407010054190033 -0.413226718809132 -0.0409940854664443
0.114567098117385 -0.0350577487510579 -0.247076377985826 0.0860136979919685
0.0488013897189879 -0.102541625204445 0.00303709218523382 0.0983652438129604
-0.0608399800913985 -0.0652162843559019 0.196195348754852 0.0482832402358772
-0.048280500451389 -0.000837450961950085 0.216105723040961 0.0521963104843477
0.20182362771789 0.190375605092184 -0.0509573480845966 0.243510298455521
0.212367144993097 0.248936832659253 0.114471434029679 0.347055068276305
0.132971734883302 0.336057867343712 0.109960887779584 0.348727863947988
-0.0491019103386016 0.310387508011365 0.015715615472709 0.312971483859894
-0.186913274930644 0.192327318721446 -0.0290830690553004 0.286885934261069
-0.187887177063504 0.0310854893127032 -0.12031592456349 0.147489837261747
-0.0494502244573908 -0.0242154992556911 -0.156453734338681 -0.0200865156216959
0.111678979791132 0.0597997938332304 -0.110249706484066 -0.0976422851114524
0.185172419612887 0.131744616918749 -0.140962144575198 -0.0349773263024393
0.217129894904801 0.116696434493248 -0.251998858268288 0.0914626485999571
0.236926256582279 0.0331304810309809 -0.295303489399008 0.194536467056041
0.182840205257414 -0.110775215812822 -0.101450204140376 0.281916857925536
0.033873364494323 -0.174004573298747 0.145456878673642 0.179498737602681
-0.121025144507992 -0.0984481559409787 0.270132582098867 0.0945578094345784
-0.0649051485243342 0.0404239982216842 0.267518458914729 0.0680971477832882
0.193247128247743 0.231174720381166 -0.204188096838132 0.151627171116817
0.190411846478269 0.285642838909246 -0.11731652574172 0.293186236899628
0.09528792500378 0.38233500811268 -0.112679955428722 0.400465689557151
-0.101437243221279 0.295802557962024 -0.217407951174588 0.400921789829385
-0.190637032484806 0.131034557698962 -0.282849911244534 0.302770996246202
-0.125203730272647 -0.000311747694198034 -0.299638896823973 0.059532092521008
0.0195197486744267 0.000846483604024954 -0.203165511079618 -0.0837041612559738
0.144459298833086 0.0850916649430118 -0.0572069904179488 -0.0719324877179613
0.20665918671583 0.125876343316503 0.0072758276601033 0.05773366398268
0.233195140512963 0.0731995153687727 0.0137518143159061 0.242237507526604
0.203411736108251 -0.0423691077011707 0.0720731767551602 0.339613531792991
0.0832289184521056 -0.142222619211711 0.248373591285083 0.323284626769691
-0.059735161380402 -0.092657291736529 0.361345224743481 0.132475954755477
-0.129041867298144 0.00447908398971435 0.354552740426023 0.0709982246592613
-0.0171037325800801 0.127102812832769 0.318389645171592 0.0502456920223219
0.105866463435616 0.214910331462954 -0.317687418705852 0.0457024976208872
0.0463182864646243 0.207297642052173 -0.326964971923263 0.158707757751224
-0.029026508912735 0.235128399917002 -0.360711983148686 0.270289867869703
-0.10579150927952 0.086228570179137 -0.439316561381219 0.204203992480166
-0.0595810456274953 -0.02056945883867 -0.410413046423448 0.0593307250922264
0.0532789194798896 -0.0245702832699808 -0.311517444919102 -0.124525094475472
0.125420581303424 0.0510480241268451 -0.159452523241872 -0.125875191799883
0.154048544104266 0.0985913867597022 0.00499049243177131 -0.031800140176625
0.146928726712768 0.0732686816168114 0.15107367139549 0.100671940720376
0.0958578418355589 -0.00363443711263546 0.310345232668634 0.195222024358546
-0.0153055974730284 -0.0503628448554057 0.446246637267753 0.132650199966531
-0.10832642274535 0.0149746464442566 0.504401977631504 0.00929052462735278
-0.0982279193052768 0.167298251214115 0.432212899661143 -0.119361249396191
-0.0249670395636212 0.188759279278666 0.33625738803219 -0.0697812874934826
0.0877832061957331 0.213188008917895 0.307315863296408 -0.0277276506160669
-0.00188225828911619 0.14387139656415 -0.342502708914356 -0.0358533677001922
-0.104320920594672 0.0386181136992026 -0.385342584214733 0.000485399988150848
-0.090373472508377 -0.0257565362452279 -0.393182377400106 0.0110367557787419
0.0171945232870943 -0.13416277055067 -0.351003501626843 -0.157534357071816
0.132772111078657 -0.0849781745187657 -0.184129245537034 -0.245184166746474
0.205661094579389 0.028035074713354 -0.0875393476891711 -0.251227098318213
0.191760298380845 0.113765365317706 -0.0268204606080134 -0.108526130363943
0.141562317479179 0.101981352902685 0.0639907436194452 0.0135894876410574
0.0343625770646539 0.0207960722753662 0.217245284954116 0.0726847163665135
-0.11460279374612 -0.0150127259457134 0.385924621034275 0.000633650491594787
-0.229975626029951 0.0703389130887511 0.43647524741147 -0.192519537481673
-0.177077517817669 0.245779321471862 0.371654343605582 -0.315431949766359
-0.0151508689319386 0.37902838560185 0.237505847694796 -0.347364845993836
0.129065544202526 0.297643211980754 0.162449098002708 -0.238969551657395
0.188872266430338 0.244224700816689 0.213565393810035 -0.143884399464344
-0.0611697787785505 0.0622974093561321 -0.292353476916452 -0.0678516050777833
-0.137640700989859 -0.101155083591844 -0.295474958515807 -0.0750323824698312
-0.0261005397729372 -0.175381182789451 -0.200337976696159 -0.127850980720176
0.152080268911006 -0.157686145697724 -0.0102581329758132 -0.278445690673832
0.203371589591167 -0.0170939255291865 0.201433909964741 -0.248477938135102
0.209279759060931 0.106212794105724 0.199676008161615 -0.172129397462541
0.175506827224432 0.149388768757613 0.123889622165744 -0.0253958172787992
0.10799523925303 0.0932106958019882 0.111196459119891 0.0528467653185583
-0.0560862716974187 0.00148761244927562 0.18625842691664 0.0104837420379714
-0.219412578161263 0.0278882261158644 0.210848465576568 -0.139725422230284
-0.259172437292986 0.166673094927184 0.150152505451322 -0.279012715048066
-0.0995444114207383 0.30626913431982 0.0813628071072809 -0.336323227702049
0.0731130247956123 0.364609382310896 -0.01854867511442 -0.369171728140486
0.201517092791901 0.258202557991036 -0.0753411047640412 -0.332768655954412
0.214634406357307 0.200220862811021 0.0640624745791714 -0.249843160916105
-0.0510921108996007 0.0132851747169106 -0.226492397471504 -0.0578247404266062
-0.0744996652638524 -0.115301249851175 -0.191046446438156 -0.0583190215983254
0.0297970524686068 -0.137868306096353 -0.0284052763878509 -0.0871741297416071
0.141676504353302 -0.0636730469821167 0.214197612296891 -0.125156072717779
0.114872367950155 0.0333041380917709 0.385814205206753 -0.022947173526587
0.104478802588839 0.109342478782399 0.347802158890819 0.0171349384441397
0.0935414446221075 0.121731291628691 0.223983521054231 0.0751725652744118
0.0580788581016902 0.072273614527095 0.13766338164045 0.0812532263520358
-0.0689371657899502 0.00859095593880675 0.109666815728728 -0.0377254167447963
-0.16541872480297 0.0485927240380064 -0.00703561756646497 -0.162601392298036
-0.150247001271134 0.129411287227766 -0.0923435001215071 -0.176582392956409
-0.0156168280307823 0.182627055187985 -0.0875472323854384 -0.185250648174804
0.0717540736313463 0.192016147561751 -0.161022433109641 -0.272629639751728
0.147991961418422 0.12326242043816 -0.25267069311805 -0.34413268642654
0.147777343265631 0.105216138931011 -0.0725573886037894 -0.31397621643795
-0.00730976231803386 -0.00147402976306426 0.129216917564427 0.318624382673165
-0.0279464147133772 0.0109694963496599 0.315958124915756 0.328543654998354
-0.0115125055775315 -0.00760956527158992 0.216429263592772 0.19684136843084
-0.0163822820483951 -0.00403346784588644 0.146529689514719 0.0920314055774282
0.00902894686186529 -0.0128790669190737 0.188496805618779 0.113014445854308
0.0232580912871498 -0.0346848886439584 0.103956916214028 0.161235034259832
0.0107861180274314 -0.0263101914136141 -0.0598607399594907 0.0707257748043799
-0.000249790272376433 -0.024789480518339 -0.159313354561913 -0.0888467173030814
-0.0022282707641304 -0.0372424580229475 -0.286263038751203 -0.105203134092813
0.0128557558709461 -0.0369162050310644 -0.414526992156021 -0.102904012480786
-0.0010599067607675 -0.00882455542313543 -0.436207606875557 -0.0928434384121454
-0.0221805538967794 0.00871787415108601 -0.272295170326126 0.0327363294022852
-0.00503842122444812 0.00933119616562669 -0.0315434639681944 0.0634938096888167
0.00482458290280055 0.0374411423740407 0.17715845747693 0.0101852249155169
0.00407981332259652 -0.00241753857517487 0.210568310200315 0.0261779330994586
0.128386368435741 0.0990937481321969 0.0900605322432778 0.296776029199815
0.123694055823998 0.138863668723301 0.280860659218078 0.331101165517404
0.0851057448790143 0.176895573055914 0.213741454665136 0.231464070100031
-0.0174936812260366 0.178933274014644 0.131094586512224 0.146919870974305
-0.0998240266125637 0.124277857313582 0.152180597450962 0.161338634768603
-0.117343214274091 0.0178811907285443 0.0581205849115804 0.160078544868007
-0.0448479522048389 -0.0282478048152783 -0.0877786896295836 0.0455056455911126
0.0642853913022942 0.0187865413279372 -0.153578487436172 -0.0978424188642194
0.109465428361372 0.0639079050232739 -0.24990486798617 -0.0981275524058336
0.125143341834308 0.0607685115496048 -0.378240802802888 -0.0629586279803858
0.134429993917838 0.0340969223349118 -0.421901364631633 -0.0199808143984313
0.11291769759121 -0.0416443119018049 -0.249609571095898 0.0994824746968583
0.0420761436869942 -0.104051459197339 0.00521660418599188 0.101744913868406
-0.0626633463943227 -0.0615798506054583 0.200928284954927 0.0383385544871713
-0.0482485961006118 0.00198209616342159 0.223073311851403 0.0377632792761041
0.212909340516572 0.177226905368361 -0.0353629661868024 0.245093207910547
0.227326127612037 0.236237450909063 0.136774199773761 0.338578290644999
0.151291920221214 0.328599277708933 0.132538692387394 0.34037733766673
-0.0335836379601154 0.313599396679976 0.0390437769652786 0.311174627100954
-0.178180588924065 0.200279810762147 -0.00518863554188118 0.293240878385685
-0.185192293873585 0.0384710519133023 -0.110796073934964 0.161746073409089
-0.0474982946539575 -0.0229311983016598 -0.161437500835808 -0.0048072205395015
0.118463790278387 0.0526756994403337 -0.119194650456256 -0.09007125947051
0.1943928715842 0.12343200343514 -0.145678262048525 -0.0293232060595514
0.223721529838047 0.107095028596773 -0.248505013700021 0.102951609668375
0.239844288282616 0.021152525633764 -0.28815652154235 0.212212990579297
0.179211443360372 -0.121746365316356 -0.0897815325594344 0.288667649666361
0.0245726977312746 -0.175901243726065 0.15444849233359 0.175209690877899
-0.125140742286052 -0.0906425141471286 0.278642956091026 0.0799937127416855
-0.0624386023395935 0.0433977882379766 0.272532369099867 0.0510841536500614
0.206505736628984 0.219195788364643 -0.194240166342781 0.163554870957042
0.207590753789213 0.272143302499386 -0.0981814499443438 0.299595983500271
0.117150509883602 0.374084043665035 -0.0864305585988129 0.409325797421675
-0.0853876951114834 0.301383123426443 -0.189533597441685 0.414488863915118
-0.184394342036445 0.138449981784717 -0.260352383470125 0.324587432940259
-0.122756252323269 0.00273970406792116 -0.296460438737502 0.0821081734245779
0.0237854884418685 -0.0018055010596172 -0.210104534910206 -0.0678218407675557
0.152576743555752 0.0763300714731684 -0.063983298141896 -0.0684388383925945
0.216855664500007 0.115430542313875 0.00851495093366545 0.0557389215386109
0.239300882991564 0.0625960464485684 0.0268439686367082 0.24084121526654
0.204708369746731 -0.0528088991511673 0.0917202098271212 0.336381706363266
0.0777266486161866 -0.147128017104924 0.267182061221726 0.308346265636378
-0.0625231574221315 -0.090304062766748 0.37036970786162 0.113180185812966
-0.127760310126217 0.0123077962156534 0.361190500992238 0.0500812367137699
-0.00840617889679603 0.126623009007613 0.321814273279525 0.0291609971257347
0.119215131777845 0.206632438388736 -0.314198373705272 0.0657277860614035
0.0591756202251395 0.20316459440185 -0.317622999160651 0.180178969128204
-0.0141474720463923 0.233882069371914 -0.342291918227235 0.293710506569832
-0.0996763655231767 0.0918930086428253 -0.426053707664138 0.233092524484434
-0.0592908261847749 -0.0195598194754253 -0.403801407749652 0.0861587931669588
0.0548921642881146 -0.0293677814726901 -0.320694881181459 -0.103224127041083
0.13203151071599 0.0429788722813597 -0.167142113230363 -0.114495818801873
0.163441994785711 0.0899734385765449 0.00277535878622609 -0.032119606076094
0.154514290790339 0.0645404298257121 0.156991368235339 0.0908574899127136
0.0990880685631387 -0.00905199687600565 0.324106997562912 0.176215765697033
-0.0154251595990192 -0.050453258237305 0.456339913951965 0.103309940413781
-0.106324426195212 0.0201616435437641 0.505725520584391 -0.0220211824507031
-0.0865859649258235 0.171025950575856 0.424727193598463 -0.14604229918902
-0.0138453485651957 0.189386594553724 0.333724622540563 -0.0905293603847799
0.102037132817586 0.20674049947592 0.30540314189996 -0.0482758634253394
0.00717877442559252 0.143684313850336 -0.345232018938583 -0.014692091306925
-0.100313273726763 0.0452244265951578 -0.386371093265007 0.0250864985063643
-0.0903929312436942 -0.0217874052344204 -0.39175944281742 0.0338018996607226
0.0126165887456164 -0.134190986778639 -0.360769945156288 -0.137099230888126
0.131606255667938 -0.0915036566563199 -0.197662268289552 -0.234633032846764
0.21020559039058 0.0179848202769397 -0.10229744566723 -0.243900901067502
0.200906112492693 0.104021090635437 -0.0316738302270338 -0.104770178096116
0.15116285395631 0.0929558150990549 0.0668440783691062 0.00936858080057107
0.0384919131605466 0.0175109556931238 0.224206818529383 0.0576184790727462
-0.113268662209739 -0.0112996678732107 0.386971147296935 -0.0258536001143136
-0.225231454218153 0.0806339388558358 0.425222641650769 -0.224953372385331
-0.164898359810122 0.254965799894904 0.350223146491552 -0.34155308371193
0.00691041748465473 0.37940790313271 0.216796806248536 -0.362094909732168
0.145762520219847 0.290037866526142 0.146708732726883 -0.249350201865792
0.202810663654082 0.232612113828709 0.203111060126758 -0.156933891037139
-0.0561102685002256 0.0653625823456643 -0.298169533098167 -0.047760844333085
-0.141773895827127 -0.091935113589241 -0.30327747624739 -0.0560516797271028
-0.0358274609445468 -0.174195462150813 -0.208514246818413 -0.119297549955854
0.145139029728875 -0.165827771359097 -0.0242664779519926 -0.279669561084822
0.204287523834256 -0.026281036647005 0.18858091052565 -0.26029924807163
0.216432776697024 0.0953644783918868 0.190887202013191 -0.180602317957206
0.185995496940878 0.140618642487575 0.124483813539526 -0.0304448055436034
0.116491257731917 0.0861822418165336 0.117225308028597 0.0458930054796848
-0.0524270581006513 0.00238117227680156 0.191667241024175 -0.00551669699513203
-0.216308062526495 0.0368835372079223 0.20395696757933 -0.160100096704222
-0.251095395467215 0.17935655313057 0.12872928326545 -0.294876027310438
-0.0845781374064389 0.311222970144081 0.0557967297677305 -0.343940115012992
0.0917397402014489 0.361034018011787 -0.0422025599381886 -0.367835532833538
0.216722083523665 0.245890160432511 -0.0964597119163137 -0.328791601033694
0.227390766295638 0.186035696123525 0.0462318578419689 -0.252948709473369
-0.0502901782760622 0.0152624252401168 -0.231038470064971 -0.0423102011610299
-0.0800539681713048 -0.109868298120033 -0.196302179446963 -0.0469663875110552
0.0208857413845701 -0.138074414466761 -0.0316249041897191 -0.0888960466354423
0.13797026227722 -0.0724729462030867 0.211777683335556 -0.137511287656257
0.116997662945682 0.0285267507489836 0.38849977865788 -0.0415011875228241
0.110542663803965 0.104387031629906 0.351550841649867 0.00106268713836936
0.101610263331114 0.117759444766285 0.230635229569745 0.0654177114705075
0.0649465455035901 0.0688445524012933 0.145241463073877 0.0733611620170991
-0.0660059735817964 0.0117760496247752 0.113163257309718 -0.0513499189717597
-0.162435473790933 0.0553560277704498 -0.0173995508061458 -0.172751803359149
-0.144004195160319 0.136982199333169 -0.109489538550949 -0.174909244376945
-0.00659699917282424 0.183612158323912 -0.103372962706882 -0.178908160416398
0.0815119019332775 0.189099305737071 -0.17749814564099 -0.259741306864999
0.155689244468201 0.115274697261818 -0.27469642571604 -0.327047728137527
0.155555885338157 0.0949865596405865 -0.0939169503049254 -0.308117289293367
-0.00912119489968986 0.000384529783522099 0.183752716660923 0.282046387747424
-0.0261164214796993 0.0181763247791303 0.363862974128529 0.256071858538165
-0.0139584267018335 -0.00472972975677346 0.244379848164063 0.146189968633071
-0.0159705453215284 -0.00121451928384135 0.159411569313444 0.0583315972306882
0.00641096685498212 -0.0130497771363545 0.20761712153914 0.075288251644832
0.0150222297991386 -0.0374639648288628 0.13180136612907 0.145457283499838
0.00612062373381611 -0.0275274188261472 -0.0473768710781038 0.086419841059917
-0.00455289475909803 -0.0233968686484067 -0.172984846410512 -0.0576827266715201
-0.00894173551259259 -0.0348130538253785 -0.294798823299755 -0.0534758027438946
0.00406096740678121 -0.0362497747996114 -0.418030602483359 -0.027910262078762
-0.00399765472697092 -0.00576747965244447 -0.439883981507659 -0.0148638355056079
-0.0211768086198831 0.0124947542431786 -0.262159594453706 0.0799588724361409
-0.00331364977370797 0.0115450044576902 -0.0202085059823463 0.0706503330554008
0.0135692914735381 0.0341037353217287 0.173061981168017 -0.0227121177924345
0.00477379543699688 -0.00309911117687199 0.209938248917057 -0.0153997309234915
0.14079189419828 0.0747202152647484 0.141648024346485 0.266016075196298
0.141049440485999 0.116588679827931 0.332394372414354 0.262948575318276
0.111163279704974 0.157227118645991 0.248255836661414 0.180007742720023
0.0133638931676325 0.176203564660601 0.155931090184326 0.114065634929715
-0.0765714067844066 0.136600751955786 0.182626066664204 0.128732228540014
-0.11227309569669 0.034671250265197 0.0866898670539722 0.152599094157987
-0.0452202265778993 -0.0215434032898577 -0.0791787086361684 0.0667540376819207
0.0668912526810069 0.00670208771673111 -0.168742896707689 -0.0654938860663321
0.116056576325556 0.0445352396254909 -0.257239463571569 -0.0538613271292373
0.130013763009111 0.0392196599727883 -0.376713795840021 0.00298910092641927
0.134100645747096 0.0125356108918564 -0.412265824150593 0.0540143536451796
0.10033823933348 -0.0565877080741456 -0.228486440025446 0.140597266302483
0.0237459732055424 -0.10613081836453 0.0213200691836212 0.100028828392017
-0.0675685316260828 -0.0491331197726106 0.199853598807175 0.000235242271678282
-0.0441261739613966 0.00876843536910224 0.223068126366072 -0.00509853957040643
0.235942590031899 0.134571600241145 0.0140652358317425 0.238849182827988
0.25890002317686 0.190546000411027 0.196251142111168 0.296156643245519
0.201533261621852 0.291788506889161 0.192454989027452 0.298091980956759
0.0193264400380398 0.308843442810519 0.0992170082864335 0.290349239943461
-0.141403509671391 0.222849080449581 0.0552405576401804 0.283977587173356
-0.174312710298453 0.0645724338477607 -0.0767918598752637 0.181919250149481
-0.0461216437191367 -0.0165607950687773 -0.158408035390668 0.0296343464665621
0.126583570824373 0.0293918796528619 -0.134283146935216 -0.0646143795167452
0.209130725319985 0.0879676135546121 -0.146319964280868 -0.00407499653999326
0.235752361768861 0.0682676895434868 -0.223190176660326 0.140182212458238
0.236657264377006 -0.0170809127825889 -0.241842496741025 0.254510212522571
0.153211377453906 -0.143898741160999 -0.0397732250427714 0.294620721834507
-0.00366132375397651 -0.173482489175734 0.179211725414272 0.141836199642466
-0.131068353645954 -0.0664517645964921 0.282212549425697 0.023753017941745
-0.0502513838227419 0.0508222557300501 0.273125331524049 -0.00119270045435272
0.238433772153687 0.175122992196461 -0.153837655569118 0.190266988123248
0.247845521934128 0.22773776542653 -0.0366603686050357 0.304004823251418
0.178159964982236 0.341018044825389 -0.00312782425150834 0.406256139473467
-0.0322095990564102 0.306001714683404 -0.101805608402662 0.434166183729425
-0.156135930350606 0.162562003409495 -0.185743097962704 0.36112979095948
-0.117231179242403 0.0195341127456305 -0.271340596602609 0.136315433175736
0.027635182675003 -0.00858393873889146 -0.215596828574535 -0.0248283224042142
0.164525986961212 0.0458811537239557 -0.076259141997071 -0.0534650629264496
0.229424709995419 0.0756983506617445 0.0163807459490849 0.0506330718778428
0.245377108605954 0.0218715356616544 0.0681733278373145 0.224257056474006
0.193124323677892 -0.0851409685294431 0.14535908939988 0.306262373805853
0.0562024755521724 -0.153671786068263 0.309045418745829 0.24816978693064
-0.0719008096807549 -0.0781309984117102 0.37537941362016 0.0398172408233663
-0.116106129968809 0.0330615128578726 0.357049997453845 -0.0201617325176788
0.0164198313854873 0.12197467738252 0.316841709317292 -0.0302667534522073
0.150974780035676 0.17708658040347 -0.288251933904466 0.119507910104524
0.0913568974465275 0.184557082555671 -0.271435020553736 0.231464113090895
0.0274052315793056 0.225135836274877 -0.272432343901161 0.344840903831394
-0.079760195700315 0.105437626334439 -0.361928239462481 0.302586260561978
-0.0589305776611487 -0.01173600717971 -0.370704720188478 0.156314773266653
0.0520615564355081 -0.0401303434011098 -0.325918498557341 -0.0413154627401953
0.139374781901613 0.0180305705858222 -0.181100037666877 -0.0784824358790882
0.177970289316221 0.0564046995424165 -0.00395567428639793 -0.0316506342363952
0.163462098872101 0.0349797043784279 0.165865002239633 0.0584354268186607
0.0993972426079445 -0.0276046844709131 0.342557498706655 0.108470125720734
-0.0192378005004571 -0.049951803307932 0.454735812113926 0.0148876060921656
-0.0953304204044955 0.0342970524735147 0.477600848769976 -0.113249634157398
-0.0513890029863343 0.175732681070037 0.377977921410915 -0.21966347746995
0.0215505641080777 0.182642767334153 0.302560167017935 -0.149103155676235
0.135440172325927 0.181163029621219 0.286409932081247 -0.101777059128666
0.032885672779078 0.135296205959027 -0.3333389949092 0.0493175142466263
-0.0890322305352471 0.05921020031245 -0.367454209440085 0.0993134302135818
-0.0892758051400511 -0.00937738624343817 -0.369265684196509 0.103502964046201
-0.00810678090076421 -0.133904216148733 -0.371236772035758 -0.0680328530080893
0.116136491810225 -0.112170928095864 -0.231442969457516 -0.191787816524384
0.209725751407087 -0.0181140179369909 -0.140056089199227 -0.216055205622219
0.216086516400512 0.067554409896553 -0.0472468701028379 -0.0937590968169289
0.166886751592766 0.0621122976070592 0.0676066159417433 -0.00477025830538143
0.0443156403866427 0.00731268855149765 0.227372128580518 0.0125732452451139
-0.107017634619855 0.0025483045779715 0.3676853666142 -0.0995534357863634
-0.204471493400397 0.110609394853052 0.365220151851182 -0.298858251285748
-0.116339116477927 0.268632775183371 0.270252705474989 -0.392228848894599
0.0707793303892531 0.360478832460236 0.137918793508247 -0.387136177651631
0.190253809078875 0.252053109861812 0.0944749389249575 -0.266938500687592
0.236691129010863 0.188255469104978 0.166870026413246 -0.188471357212063
-0.0418161088509948 0.0704988471333279 -0.294323940956041 0.00969652199428698
-0.151683146271459 -0.0664291579101374 -0.304640544860681 0.00450902467486663
-0.0628562336454008 -0.162957537906476 -0.222443670513618 -0.079423008716936
0.114202501222197 -0.186133011770553 -0.0719240139642796 -0.267312408031612
0.195977117085297 -0.0592479456356053 0.137574052054663 -0.282537642572311
0.22699699642453 0.0582212626800067 0.155273078575569 -0.205078495565144
0.2063615320256 0.10692758407607 0.116758201925844 -0.0486310607174513
0.131525963546821 0.0613806625139666 0.123647724153153 0.0222031256728995
-0.0468972443398475 0.00834853328318631 0.186399506869355 -0.0442579956031658
-0.201456161840644 0.0669045303437667 0.166533989172245 -0.197364388734145
-0.213676511815942 0.211839732430775 0.0656870810231611 -0.309933550361983
-0.0335254886237043 0.309294478274376 -0.0123407099978117 -0.338168519915738
0.147991953378712 0.329929320949108 -0.109686151530148 -0.341685321748836
0.248238291942838 0.197417200118794 -0.152911403784046 -0.29593979573487
0.249183028426356 0.139981683748566 -0.00165451684681397 -0.251177215616366
-0.0447666452400406 0.0217806792319218 -0.230412872733082 0.00391728098264736
-0.0951538407668655 -0.0939877982151842 -0.200554122059212 -0.00881193458093615
-0.00238394980839108 -0.135283758594198 -0.0461486633905666 -0.0832470848946542
0.121302228720181 -0.0933506849752008 0.183140346318135 -0.172080428947588
0.118629409502265 0.00947406274458037 0.369743068083023 -0.105994735604204
0.124789862030969 0.0839176566064573 0.342415376060735 -0.0559287435023674
0.120238101722524 0.0983321805294721 0.236242907698397 0.0254420850267481
0.0772384606418895 0.0536508435708635 0.156536136514678 0.0445818707220815
-0.0592616591558793 0.0207326120167444 0.102039150560464 -0.0779531152618374
-0.148872432648888 0.0777138813054571 -0.0501735392852732 -0.170017535583996
-0.119045308438957 0.155581992530084 -0.143424836875385 -0.149706108447497
0.0206318404907161 0.175841836651866 -0.134949864099134 -0.149114565015624
0.108109700274855 0.167949630894876 -0.217786024500683 -0.211405593082325
0.166553909427787 0.0828375350983748 -0.32303157176407 -0.261059630664036
0.1629756749251 0.0642163033882495 -0.14808643003967 -0.278734414453554
-0.00819641406799059 0.000382474072742501 0.186361314007946 0.26572196408559
-0.0249960904121176 0.0186922891280016 0.358022561574952 0.234246783312394
-0.0135250433923466 -0.00467650021854017 0.238711064754529 0.130882466253751
-0.0153547450748596 -0.000350299168471895 0.157881187863192 0.0467400011748199
0.00671720037811516 -0.0117962264656058 0.208924226663678 0.0669737867050034
0.0124278910474658 -0.0356522294493763 0.135557684818124 0.145209542753546
0.00468301385566835 -0.0274837329303882 -0.0456915093873101 0.091740334965527
-0.00490041047571609 -0.0231154212180301 -0.172158119758684 -0.0513794135578432
-0.00929467261215161 -0.0327651981271357 -0.286967039758239 -0.0465333660372906
0.00268442139575222 -0.0362250679150088 -0.406640741396869 -0.0194519143554204
-0.00430265160892679 -0.00507938489727934 -0.430492324750786 -0.00477356630986843
-0.020053451390163 0.0130590399269266 -0.257848959294219 0.0849028270825242
-0.00275251223698299 0.0121691350668791 -0.0200075070838296 0.0725754777783856
0.0137655421202891 0.0317484242381661 0.16806339590969 -0.0254500615895964
0.00426740405097556 -0.00302622044255197 0.203828792813521 -0.0228014924945469
0.13786216317276 0.0669191983260147 0.146068301295484 0.252441226737506
0.139530997697542 0.107811873961613 0.329345073167519 0.241777802073419
0.10981841368331 0.148344374671956 0.24453754319606 0.163532690636285
0.015648133415161 0.169257075991181 0.155977655208836 0.10172380975057
-0.0720800705787629 0.133537189636125 0.187092644104957 0.118932072697356
-0.107888191538897 0.0343912240616828 0.0916985698918729 0.152836923530316
-0.042799872656182 -0.0218719194759261 -0.076809535720405 0.0735815966891838
0.0664226591083979 0.0045111066364699 -0.169032674742842 -0.0591955086496104
0.114475476357802 0.0415392616806464 -0.252023713928612 -0.0471787975531988
0.127126484986265 0.0355777419462882 -0.365618623774548 0.0095918118731608
0.1296837437541 0.00911674832039662 -0.400827463801742 0.0599343840819641
0.0956366244162285 -0.0572174234530023 -0.223302035444951 0.142980776824854
0.0208156923221746 -0.101642477946395 0.0216291977632569 0.100115779288782
-0.0644470061927295 -0.0467095336412541 0.195686327055292 -0.00479940275293709
-0.0425953282298583 0.00951681403367405 0.217740092830467 -0.012302862442195
0.231215759648592 0.123570124327844 0.0208787645421635 0.229550096818699
0.253871566824478 0.177248958147568 0.199695471950676 0.278504028539673
0.201059239825067 0.277819203755072 0.194570486278112 0.280847429792202
0.0239998006012421 0.297219135198464 0.107565115997693 0.275618749047538
-0.133817607956952 0.216714936583002 0.0676969638881396 0.274774709361429
-0.166184206582771 0.0616122623108954 -0.0666098513922719 0.185213097309102
-0.0417833144190209 -0.0175341715525454 -0.154217584822681 0.0380569959473339
0.125949018362267 0.024783541426565 -0.134146364442329 -0.0577109121516429
0.205987136255904 0.081541834251153 -0.143909542597277 -0.00263804182935564
0.230195600524989 0.0622073616701299 -0.214349982842453 0.138233277998471
0.229006163865405 -0.0213713304688166 -0.230529777859091 0.251851620704599
0.145196828541676 -0.142478452953849 -0.0337486232593845 0.288088290689629
-0.00681413388017319 -0.167298557592581 0.175843681795763 0.136292156641474
-0.125591712358755 -0.0614878994666644 0.276110871489076 0.0160186054935663
-0.0472298051176018 0.0498616389877543 0.265439652094609 -0.0103399151993389
0.233826988494392 0.16165719959624 -0.14354668962772 0.186923339973161
0.244756649160946 0.212087243917176 -0.0256605061996897 0.294490040465193
0.180406359269275 0.324219479070355 0.0107042715217635 0.391551242645265
-0.025087766613494 0.295413808636088 -0.081251381565275 0.422360211432313
-0.148299123168729 0.157567584560722 -0.165269874778484 0.356125016166599
-0.111149609674779 0.0167070862884865 -0.258176008195577 0.143933866977674
0.0299589231884909 -0.011287366152488 -0.210636018135706 -0.0147892937361081
0.163273582179052 0.0389160385844044 -0.077001273103343 -0.0489416456940351
0.226851276564738 0.0680084450648282 0.0152197037663391 0.0479097598834077
0.240591298333252 0.0158512241553344 0.0714809572589844 0.213453011449179
0.187720530743249 -0.0865622993165589 0.148368158101579 0.293748354088471
0.0518628558675794 -0.150801630016044 0.304229560834376 0.233603884292668
-0.07047513776916 -0.074228421597449 0.363586398441853 0.0299579676612314
-0.109227416688953 0.0340265607859796 0.347061020466207 -0.0299662173929522
0.0198924895077949 0.115973723322134 0.305007806796775 -0.0393378765185738
0.150436625042516 0.166447722487951 -0.275473451668618 0.122689572507346
0.0931471195292971 0.175096642387146 -0.255830712549671 0.233649013669596
0.0332222982818018 0.213939708647677 -0.252130064918233 0.341525406722804
-0.0731087986668526 0.102274664026521 -0.340535659427302 0.303357614408033
-0.0563016257057077 -0.0125129420269176 -0.353003471357356 0.162463960337181
0.0516952452068102 -0.0423514933187749 -0.317268357463993 -0.029044973865379
0.139429726500007 0.0136633051942053 -0.1767563039928 -0.0685066589289964
0.176922055294661 0.0486162982470429 -0.00525563066769513 -0.03023278462962
0.161510695725221 0.0284636928204397 0.162197969280456 0.0508446256480865
0.0990551621518297 -0.0302815441872622 0.334719497595938 0.0933911772399425
-0.0173252141961654 -0.049326773491921 0.439014938152708 -0.000534901381421896
-0.0897126672372949 0.0344602700638921 0.457778313124963 -0.12580363446511
-0.0449092665139512 0.168868925478801 0.358391863766538 -0.223329493230427
0.0268756872972643 0.175498218462488 0.290669788453727 -0.153256598697388
0.135948218030543 0.169165874223597 0.273530989522052 -0.106593139116567
0.0369927813903169 0.128304377870559 -0.320611865542876 0.0587350689816101
-0.0829972066236153 0.0591718857153194 -0.355154467334758 0.107457806551257
-0.0857139980297736 -0.00846844538004888 -0.355489280899786 0.109046714207802
-0.00803078422912393 -0.129697710175147 -0.359503975139299 -0.0551917404771839
0.112480261172835 -0.11158521958016 -0.227338303655769 -0.178655829689567
0.20492548257901 -0.0227729839711911 -0.139961919143008 -0.203178012216256
0.21339079699041 0.0602069330939261 -0.0464075720675684 -0.0876212920742317
0.16561499736874 0.0539317851715087 0.0656956307185624 -0.00661645394214098
0.0464200698055017 0.00422084768693403 0.221640862426449 0.00370438707219144
-0.100720810062258 0.00115158494825436 0.353578597077473 -0.111537014677776
-0.194025163704783 0.108889877540877 0.340849714275691 -0.302958823358687
-0.1070974401223 0.260716262333762 0.246155931886396 -0.388633522396061
0.0767213611034646 0.345267349903944 0.121793101437799 -0.376458231568855
0.189742034463767 0.239040109729744 0.0836706491637341 -0.259595896081762
0.233462740898968 0.173726593883542 0.15486855870019 -0.186068145242071
-0.0373648824472018 0.0682157295582493 -0.284139563836777 0.0193847446926982
-0.146191443938715 -0.0600517150368769 -0.296897384649002 0.013009759931711
-0.0646826871759607 -0.154926113341818 -0.21879624631457 -0.0740138103870442
0.107410936896558 -0.182652941095463 -0.0739452079890308 -0.257374550273778
0.191195587017191 -0.0610666246134125 0.128799380283143 -0.278463809689191
0.222089983731382 0.0523751025593658 0.14687072178977 -0.199252853204401
0.204283404612721 0.100374634182787 0.114913977822272 -0.0476433970075729
0.131924722916343 0.05471544318209 0.122280782817383 0.0172750944918368
-0.0417278663935148 0.00700342136791319 0.180882529106615 -0.0538777807307021
-0.19262402101887 0.0652882740703631 0.153727832293379 -0.203026696927378
-0.203004666451229 0.207389472053144 0.0476457637954346 -0.30603871947644
-0.0272225699149073 0.298917422395159 -0.0274728357098925 -0.325548496600407
0.149954134583549 0.315899591638141 -0.115791743680342 -0.325133493638656
0.245372817558257 0.184744035021 -0.157848859599048 -0.280697213631726
0.245028849152144 0.127364508152826 -0.0104629123159846 -0.241423287423649
-0.0421456174210081 0.020875734793256 -0.223318571069101 0.0110472734088815
-0.0930437025452159 -0.0890875639898921 -0.195116279447424 -0.00361104156335308
-0.00497040326057721 -0.129593963964797 -0.0454938413947289 -0.0823175621170943
0.114577891700162 -0.0930085997750254 0.178077038362496 -0.172260740014415
0.115321784867085 0.00781027354857475 0.360381130075199 -0.110686932844352
0.122556905520625 0.0781809916644591 0.332019710801241 -0.0603942724983452
0.11978531977319 0.0936846182249873 0.231611382133347 0.0213934084637406
0.0780400454675423 0.0485437057668472 0.15571761622354 0.0380630658524424
-0.0540891794619594 0.0208545750607766 0.0996507208936466 -0.0861518254692855
-0.142484780226328 0.0762774254836018 -0.0558752534060899 -0.172280055924638
-0.111731471147815 0.15173265444223 -0.149203072869365 -0.141607097249057
0.0222006602700779 0.17000072404602 -0.138336519153573 -0.136364740765194
0.108265847206502 0.160477599476513 -0.215936262516011 -0.195821699638208
0.162626420740279 0.0757945342618562 -0.319994293402978 -0.241138999628128
0.158853297429228 0.0575208718762198 -0.152583635214293 -0.263066103427817
-0.00795840300075577 -0.000490724123837442 0.186621315402801 0.258589823770952
-0.0230650417813146 0.0196602492923016 0.354594377708317 0.224106499170287
-0.0144522611463941 -0.00460451988169476 0.234706150074392 0.122888968025052
-0.0147709873239649 0.000343393123221339 0.157832088239156 0.0403779165247535
0.00766370884909353 -0.0112628103580487 0.212058839001502 0.0645536221060618
0.0107337656021672 -0.0347377177005397 0.138554881092442 0.150676962359313
0.00378889387732358 -0.0273880350217855 -0.0462717394566262 0.0979290741368261
-0.00460052416687996 -0.0229770362620629 -0.173695486163618 -0.051029091282286
-0.00983740684380211 -0.0322473161254549 -0.283409836406731 -0.0474940710163312
0.0013075163927008 -0.0364773391071594 -0.401492196636155 -0.0191161920101561
-0.00450932552383935 -0.00562124691936761 -0.428892169211199 -0.00384487102754951
-0.0200221150804188 0.0135876795532062 -0.258066031373672 0.0865426284518413
-0.00213138602702199 0.012936716362225 -0.0216460548257093 0.0751404444631857
0.014261003716216 0.0304116440369105 0.166655723207827 -0.0251899823526261
0.00485301361815039 -0.0026988990511772 0.202429011821375 -0.0271838095457168
0.136108458058167 0.0644440389636 0.145277878810227 0.24595364222845
0.137849943816566 0.106685496518084 0.325622576751146 0.233454254652437
0.108095339102174 0.145276390567309 0.241804124610753 0.155067887651179
0.0148634814533067 0.166126849452957 0.156101653174093 0.0946920381192721
-0.0716107116730097 0.131150305531321 0.191627134114554 0.115733972170157
-0.106587706403326 0.032392827116204 0.0947067739647706 0.157879321878728
-0.040662262129898 -0.0230445470934731 -0.077303170272776 0.0802888497637097
0.0672530102733572 0.00400547086796744 -0.169629071780191 -0.0567815368204088
0.112911817370022 0.0401320104469954 -0.249149743792932 -0.0476773429651474
0.124688022320869 0.0342818895428614 -0.361929022035436 0.00891245756393705
0.127258007164636 0.00892375942803801 -0.397808305121856 0.0596366466867274
0.0930467713208636 -0.0557872284988445 -0.223668473517783 0.143552485259388
0.0206812023967274 -0.0992334193645515 0.0201904433912661 0.102789398755227
-0.0627874758775304 -0.0465643529423921 0.194265433210293 -0.00540817372250848
-0.0412172210882121 0.0101830872917493 0.215233984931739 -0.0162649428145272
0.228284730303987 0.119814565608864 0.0225986862757102 0.224036795127297
0.250733961129897 0.173553377413406 0.199600952641734 0.270272274041397
0.198554950244432 0.269457439573301 0.195108067799314 0.272570227189149
0.0232421199505028 0.291382365259499 0.110287246799399 0.268013741983169
-0.132280609989757 0.211630657410545 0.0750292624387976 0.271069474167355
-0.163086808175756 0.0581259779550347 -0.0618438413922026 0.189392878709642
-0.0381670285241026 -0.0202560467510511 -0.15368863016577 0.0442175418001301
0.126125668852566 0.0228256392351399 -0.135227584325517 -0.0546412177798639
0.203933755044277 0.079738379664558 -0.142915172713748 -0.00276996187045127
0.227749590061585 0.0608356403995191 -0.211479875050134 0.134692462564988
0.226070544881421 -0.0215463175936102 -0.228530398386681 0.24900816529866
0.142744567434808 -0.140614202487788 -0.0336730186972557 0.286297221588372
-0.00626989427255496 -0.163162315687628 0.173269437501204 0.136967679597274
-0.121957822304936 -0.0602796220844637 0.27539737102017 0.0132236501986101
-0.0451568911152065 0.0486909315419474 0.26193548949263 -0.0139932709729122
0.231156371865529 0.156321683228866 -0.140038541203212 0.184713392249232
0.240834134749289 0.2062729413576 -0.021923573297191 0.290820459507243
0.179230490163353 0.315742230549332 0.0154529941731716 0.38550591431585
-0.0231967355293092 0.289645075628734 -0.0729369824687956 0.416863718978947
-0.147141608035046 0.152294719419454 -0.153668652950071 0.354583851786652
-0.108207785187128 0.0130676249453316 -0.251495713597704 0.14909173314945
0.0331533331372157 -0.013691320516154 -0.207696364736177 -0.00951803160639931
0.164198386034284 0.0360526048077033 -0.0785399693780701 -0.0464993599186667
0.225314377144526 0.0662796260308116 0.0137955925056785 0.0464698258836847
0.239523710673541 0.0153995698120962 0.0715280057135145 0.206823681046623
0.186163617171586 -0.0857562584679344 0.146363767552568 0.286803474899852
0.0524333853203746 -0.148162362958914 0.300224377782154 0.227911374908106
-0.0676685520034746 -0.0733056869597523 0.357829705374285 0.0284931433334275
-0.105875209478429 0.0336379223242231 0.342835223569511 -0.0331674433244089
0.020581243518293 0.112478920137095 0.299454371613538 -0.043260351481962
0.14982832343586 0.161593901575957 -0.268682893888967 0.122945505140899
0.0941427075158907 0.170278128000441 -0.248952389230669 0.232554079120062
0.0348046512574273 0.208464902567885 -0.243823383599543 0.338057603340764
-0.0702524647907854 0.0989200441475838 -0.330932125595954 0.302827270655234
-0.0538132427950208 -0.0148024481472946 -0.34406195082934 0.164524834629235
0.0539550763061928 -0.0446171757146979 -0.312314078200284 -0.0227054204046378
0.140334806311389 0.0113475560506803 -0.173274294300095 -0.0644050975652779
0.177337853667777 0.0455901684465502 -0.00601870644997822 -0.0295512268710472
0.162368279429618 0.0270551106497647 0.159741601601936 0.047098174676599
0.10072507054612 -0.031655598474871 0.330702912929983 0.086429130069083
-0.0150723146008999 -0.0506786077919236 0.430490694217532 -0.00670240616086801
-0.0868044418494402 0.032967995616491 0.447926022452252 -0.130532761855485
-0.0427856629209703 0.165906086047481 0.350421016075684 -0.222219234642767
0.028279465205306 0.171493479689808 0.284127827312899 -0.153936429900499
0.13564760457594 0.163320757628681 0.266159678957948 -0.107547330220337
0.038362830291012 0.125047698744424 -0.315616687587683 0.0602835092818515
-0.0789438690584454 0.0581283468360271 -0.347847232376243 0.111245813645184
-0.0836389939082604 -0.00881116321504818 -0.348569979929981 0.109279941261839
-0.00589958072466791 -0.129092785925674 -0.353225175988234 -0.052043572663215
0.112805068170026 -0.111086747853007 -0.224219368738902 -0.174697348455453
0.204353402679523 -0.0232096134723219 -0.138248061857936 -0.198050631585903
0.212502881862343 0.0591278573914919 -0.0441143583731665 -0.0846329870844278
0.166274499974023 0.0515718740255759 0.0652928033317723 -0.00705637790005925
0.0491380249866785 0.00222899232000351 0.21861194312893 -0.000823731309816168
-0.0969228846968613 -0.00121088191931512 0.347445936937511 -0.116237450692243
-0.18992490390135 0.104762551650191 0.328937463671655 -0.305915101468625
-0.104639419617385 0.256407012674731 0.235097531031943 -0.386918552941887
0.0772777751625345 0.33829525998675 0.115007120569266 -0.371211311467309
0.188525088282546 0.233041221912688 0.0789148827396819 -0.256507268213703
0.231227121344983 0.167537093751827 0.148975352156425 -0.183080228762182
-0.0350859636628664 0.0654369318780198 -0.28009390399432 0.0217871933182377
-0.141479040886523 -0.0585058889068259 -0.293629124067549 0.0174813156867314
-0.0632626292688459 -0.151310535602903 -0.216313395535441 -0.0741478110009939
0.106299698402504 -0.180392695094609 -0.0726381524207383 -0.255904394637641
0.188897576747997 -0.0599335897128562 0.127942847478558 -0.274345297373739
0.219544311002092 0.0510142855894542 0.145613188245661 -0.195505717879066
0.20392961328865 0.0987756669712596 0.115249202375749 -0.0461868240918308
0.132791000832817 0.0518871454420278 0.122097279521875 0.0155589202001775
-0.0379747110570034 0.00526126291889338 0.179393090879217 -0.0595405261284867
-0.188084142414799 0.0611488926276862 0.147588440224847 -0.209021819292912
-0.199351558175713 0.201682712036568 0.0377431216886332 -0.304354201577768
-0.027514910678911 0.293554037156563 -0.0350114539494135 -0.31891800671433
0.148181818035487 0.310460899556447 -0.117364842179901 -0.316842108484615
0.2420575353374 0.180082948098791 -0.158004749450585 -0.273491404365582
0.241833068486472 0.121839045432715 -0.0138122531656344 -0.236038524389502
-0.0413482096395522 0.0188199634390178 -0.220298798012264 0.0141527862877347
-0.0907644848564339 -0.0873143362293639 -0.195102386180688 -0.00250998591921693
-0.00490243737573286 -0.125768908436821 -0.0447819126891812 -0.0840185504232066
0.112482682121674 -0.091020601924673 0.179789043472082 -0.173216762925547
0.113163247214252 0.00854115850797887 0.357867890618894 -0.108921685491752
0.120052659882547 0.0778343688243592 0.329512772307909 -0.0573747104416706
0.120071351593028 0.0919887163086016 0.231740070504662 0.0229474174926622
0.0790702894609142 0.0467617884157968 0.156242187541024 0.036517012465557
-0.0507395446190918 0.0192017007036265 0.0992523318541537 -0.0934652187624744
-0.139832135772959 0.0733211592785428 -0.0590307893031517 -0.176804246887088
-0.110696907858651 0.1486050381892 -0.15574484996965 -0.140088959782465
0.0214078777250879 0.165397990583952 -0.14127399247023 -0.129779168285024
0.106929808081629 0.157255735951263 -0.212481237705087 -0.186461994854439
0.161293778592851 0.0735792253254519 -0.316963810607252 -0.232726998445376
0.155388428253124 0.0540877395794139 -0.153143817973152 -0.255647668688863
-0.00794652812004495 -0.00090684000521272 0.190837317986478 0.256996892341234
-0.0219428377550469 0.0200892549697171 0.355542924877704 0.21886135793735
-0.0145656011358843 -0.0047603952346235 0.234963513310067 0.117629663434799
-0.014634103801021 -0.000149359248302436 0.160104493811861 0.0340399103868807
0.00811536364972649 -0.0100226328372081 0.219709030281846 0.0631044452417439
0.00946831348008568 -0.0340712486399223 0.145246249718611 0.158222809996432
0.00296956245566848 -0.0276578278662603 -0.047019560210762 0.106210756943863
-0.00531225137485864 -0.0230575274203886 -0.178817683254786 -0.0502866345968278
-0.00940146570127068 -0.0326963108471668 -0.285222491164381 -0.0500981381658943
-5.42203669222432E-05 -0.0371390056615908 -0.404257498205287 -0.0198799466714346
-0.00538767321365939 -0.00488961625164808 -0.432943200228631 -0.00419008677516994
-0.019444505943451 0.0135589910475849 -0.265014073421625 0.0905319385629786
-0.00193162853015195 0.0134823298051853 -0.0228711781725387 0.0797906960128401
0.0147425342731257 0.0300119545920383 0.168532229823177 -0.0245846033934857
0.00440637710276578 -0.00268968935999094 0.204424605230239 -0.0308204847712633
0.137200102700885 0.0631641822158833 0.149215383398713 0.244426146716088
0.139299755345281 0.106224451104369 0.32814453538727 0.22738236725127
0.107832315106652 0.144868017539226 0.242416108344896 0.149843741991227
0.0144449688299508 0.16633291034731 0.159360043712052 0.0894490895893499
-0.0720917761088748 0.131319514298305 0.200308462885816 0.114244025028843
-0.107876564667292 0.0303448375334727 0.101114538631926 0.165480229889138
-0.0393077565407361 -0.0251732147811054 -0.0780646955709141 0.0881505150750042
0.0693053213632734 0.00322120701272659 -0.173753395704559 -0.0552956016461305
0.115158307789838 0.0414308001139282 -0.251499428957205 -0.049097929165972
0.1247427161395 0.034457135886542 -0.363408828765 0.0076958329114742
0.127056837421899 0.00783969887530993 -0.40164273169568 0.0606399016301399
0.0933446628531909 -0.0559190428019677 -0.228892408744277 0.147457023558755
0.0215040876915902 -0.0985859949370809 0.0190316426691265 0.10680782185962
-0.0617239934828527 -0.0469769334710458 0.196723451585663 -0.00549647444971545
-0.0411240914455673 0.0103474375305317 0.217705815732216 -0.0205362658684414
0.230054386302684 0.117578633668592 0.0245707510508775 0.224202853227585
0.251790332976262 0.171522512775417 0.202241367330013 0.268321844326261
0.201151904750198 0.269221761247372 0.200287297682383 0.268619135171004
0.0221008836006457 0.292017217800613 0.116679261273358 0.26565271754416
-0.134596891188635 0.21128988574959 0.0838044982131505 0.271671174260283
-0.16390139677158 0.0543708890660161 -0.057095388737963 0.196673306831642
-0.0348098201640439 -0.0231518347286866 -0.155786423422934 0.05080419174889
0.129830083276954 0.0218880036334751 -0.139202709185903 -0.0534285035273663
0.207028778829378 0.0803892683431036 -0.145158587036782 -0.0038171979567186
0.228982777974279 0.0612000179580857 -0.21263684100001 0.133733505062299
0.22703160787595 -0.0218646471486334 -0.230663105823842 0.250678180393693
0.143091148569752 -0.140309017443315 -0.0364635559619587 0.289168305503285
-0.00574051528294845 -0.163358156785387 0.174221204192088 0.140258948060497
-0.12122474938609 -0.0611081840032581 0.278001279585904 0.0106679236560499
-0.043762860552642 0.048294838361766 0.264314897500303 -0.0179908746412114
0.233515078411018 0.154732392188272 -0.137934967279756 0.186050409261291
0.24292505857302 0.204280069527142 -0.0182943767320782 0.29054887317729
0.180017875891725 0.314732235621535 0.0220420266743378 0.385495924842228
-0.0236133694745027 0.28839483746594 -0.0656040861293488 0.4193030206522
-0.149185246848782 0.150416935276642 -0.147463555869489 0.359125313819664
-0.106324798318818 0.00910081593977167 -0.250088249398068 0.155717060685805
0.0375481196976937 -0.0160980906187341 -0.209916085636559 -0.00495566114779306
0.167554508467007 0.0344717529471396 -0.0811663185639483 -0.0449214299210519
0.229439625794696 0.0667268580953738 0.0123121176441163 0.0452063644397089
0.243368291746865 0.0156054449556765 0.0718886167894245 0.205522657096054
0.18880956430246 -0.087214230199129 0.146360983592694 0.285969234615971
0.0534696464124133 -0.149077699830715 0.302385540423534 0.226955965910314
-0.0666891954454324 -0.0741847132825475 0.360223787115 0.0292944228942893
-0.103887598761833 0.0333215371373587 0.345665950484775 -0.0373535014679427
0.0230851481600122 0.110928001038525 0.299335988561519 -0.0460604802259991
0.153110087662289 0.159966027650208 -0.269539009493511 0.126809958844723
0.0962714631808857 0.16844660652283 -0.245714529315744 0.236680903680714
0.0375106880181677 0.207423808447801 -0.240344251948916 0.340810340471765
-0.0681030859623843 0.0971355120689114 -0.326890883975012 0.307955799052733
-0.0532960146201262 -0.0169932643096406 -0.341099717148367 0.169729592322868
0.0564876963208039 -0.047953445589776 -0.313263661812743 -0.0178793158432794
0.14570382485929 0.00958977499058361 -0.173737025354165 -0.0618804585791862
0.181471763162909 0.0433978043129177 -0.00733263647596063 -0.0296846324585293
0.165712068897681 0.025913776204828 0.159448324630233 0.0456069833826714
0.104418883244746 -0.0330806790217047 0.3319780732975 0.0819203129469518
-0.0131308565373998 -0.0525576973925098 0.429209366046271 -0.0128023664540316
-0.0850374550498662 0.0325080797038066 0.44576402216809 -0.135513674485878
-0.0405448564503231 0.164330875132808 0.349524839703624 -0.225059885520218
0.0307964894339785 0.171080727970314 0.283544293963187 -0.157381140903443
0.138025089997244 0.161111147493185 0.26531356597682 -0.110600543402164
0.0408731024680645 0.122908895333679 -0.315357423856134 0.0643021204656634
-0.0770668448873799 0.0574478575252733 -0.349416606459217 0.117052673878882
-0.0822973586430681 -0.00838350561636818 -0.350053209266321 0.111685150997637
-0.00398456052907807 -0.131315888774054 -0.353945079574703 -0.0496367199828572
0.115038264911855 -0.112375652451918 -0.223739168077771 -0.173855212504496
0.208247299109783 -0.024013666234146 -0.139303709158629 -0.195024186669653
0.217201540975513 0.0593865116338954 -0.0436023380325042 -0.0832966586795861
0.170089897537266 0.0490274749086513 0.0657940141655345 -0.00814299357543886
0.052893815763702 0.000123731406602715 0.220268220303753 -0.00533378279361709
-0.0944778327985873 -0.00422183521527229 0.346203273876718 -0.124496201359197
-0.189520829957518 0.102339044341463 0.32270243937522 -0.31275421982985
-0.104329089290913 0.255779426386364 0.227093393069734 -0.391656157788763
0.0782727414203325 0.337743923343897 0.111979673869047 -0.372831924108764
0.190452210081125 0.232899651442592 0.0755548221082126 -0.257899653150554
0.233235021005718 0.16425024488534 0.146332572141105 -0.184249465447626
-0.0333438587351397 0.0636956046042688 -0.280430423087506 0.0254585742483489
-0.140477583183832 -0.058314227306973 -0.296657453580634 0.0213178661018024
-0.0633654017068351 -0.15017808076821 -0.218503388068306 -0.0754073695422931
0.106640798484993 -0.181506224316798 -0.0715281203929092 -0.257820101477261
0.190743868878187 -0.0594900535298669 0.130367102934497 -0.276980698548573
0.222016841335588 0.0530691675478423 0.147134103344435 -0.194291898555333
0.206918154556519 0.100079398105385 0.118213723044105 -0.0448034237929994
0.13587580149612 0.0504428650025498 0.124737551896505 0.0142267759843849
-0.0341265091125796 0.00319948547189778 0.18132001997208 -0.0668632309755699
-0.18713575282712 0.0582091801557271 0.144954725698164 -0.217296682461497
-0.199662922846112 0.199890650307985 0.0291184987997605 -0.309053310924623
-0.0284687005739791 0.292937208515554 -0.042965810961915 -0.317027531953885
0.148935033228718 0.309558021689667 -0.121799115431654 -0.313983326144609
0.243962917644868 0.179069484000247 -0.162167209432198 -0.272081111270957
0.242114786330723 0.11909368108819 -0.0168873841767196 -0.234495209724046
-0.0416419817922021 0.0171510792306361 -0.222416613006235 0.0168889350590676
-0.0907667980306468 -0.0870799995092148 -0.198095726524194 -0.00134621136723281
-0.00416318414409476 -0.124340854674127 -0.0438373410290268 -0.0874062403098962
0.111666291411146 -0.0906452958725324 0.183685422491949 -0.176493152760004
0.114098708650442 0.00928563792397365 0.36367725282817 -0.110589918133479
0.120136863146493 0.0783398497323736 0.332649350593314 -0.0566463594690005
0.122241596592964 0.09281450723076 0.235468425063069 0.0235305527559066
0.0818875116900406 0.0453638757848759 0.161206513568819 0.0357740904191155
-0.04733879897026 0.0177126513284594 0.101306695815147 -0.101441037701818
-0.139933184051899 0.0724984665432357 -0.0651023669407711 -0.18426687199326
-0.111172829796471 0.148574401227384 -0.163887050923169 -0.139364065470275
0.0200790807501054 0.165589531394623 -0.145807929640376 -0.124534938456046
0.107144730981514 0.158072733609261 -0.213829181048719 -0.183201907725834
0.161412238122007 0.0736319140652573 -0.320647853758418 -0.228118838481808
0.155680189940788 0.0527011311941281 -0.156636236491843 -0.252776339589083
-0.008358865060579 0.00235006616824897 0.27855716382529 0.167679059479618
-0.0104261141947109 0.0283759182172511 0.416280486293069 0.0699719467574346
-0.0158259838113936 0.00298951252942557 0.262024660062275 0.0185832298177258
-0.0128909261816045 0.00589413280833866 0.16287994376474 -0.0330118793103281
0.004932866704362 -0.011871304490492 0.236445232540737 -0.0265841659062327
-0.0045245650158465 -0.0336885401081844 0.204017779760759 0.0995356676991993
-0.00875977365978175 -0.0268673033802659 -0.00381008591036723 0.124070719547324
-0.0134651938064008 -0.0210176105588344 -0.191007507850584 0.020803450409671
-0.0225200690589194 -0.0275082700872796 -0.289357305388563 0.0576846586912751
-0.0172395905579653 -0.0345355998037474 -0.389779227757561 0.13122232968191
-0.00763382652311834 -0.00113839519940578 -0.415973868894756 0.159147835385987
-0.0147488354628817 0.0229470159304342 -0.220149582371355 0.186450105403679
0.00445169173844328 0.0145412023037076 0.00818752269747905 0.0873240968569195
0.0255306362299986 0.0206209674948152 0.14953981701549 -0.0862675889068678
0.00444140678131743 -0.00618641367433795 0.182655846477843 -0.107884423993161
0.151333117734718 0.00733241210896715 0.233603984290905 0.171520457697128
0.170792130783018 0.0494704148130822 0.393455575530818 0.0868367157103375
0.15207338985541 0.0968925045493643 0.28230880736068 0.0460625051595895
0.0725712194384349 0.150496707598081 0.184186094981488 0.0189250287938266
-0.0185073730336736 0.150602314629515 0.237833825100569 0.0292430703926803
-0.0916371543307547 0.0681341875737643 0.165869719943437 0.122607836129294
-0.0466188917484548 -0.0112122994057211 -0.0399715971667226 0.118670872452248
0.0671671347858375 -0.0247201613445366 -0.187590831444476 0.0153544588635889
0.123614676925489 -0.00368072184168411 -0.258519238621257 0.0454570511750045
0.128461912040251 -0.0142251295345081 -0.343142277144656 0.14381368159213
0.121754672775183 -0.0372557030768991 -0.360752014857415 0.209155981192404
0.0668729937130239 -0.083672301143447 -0.165079293480081 0.227251642734674
-0.0138825071036974 -0.0991565269684073 0.0579039322171861 0.0973756355032719
-0.0732141990400159 -0.0245324481257965 0.182331161391002 -0.0788118039507663
-0.0339803020367587 0.0224648620931026 0.198427692061291 -0.102440147656843
0.258087691923275 0.0230546383762788 0.107349473127978 0.199320349668201
0.300074665032545 0.0674710399712144 0.28945334168823 0.171852720716495
0.282835744372216 0.177046098890563 0.28824743038995 0.17105904557225
0.124970094378065 0.265161713091491 0.212366344025966 0.199979509457347
-0.0504704418602176 0.246934977556103 0.187884306585525 0.221578942858253
-0.135579581395456 0.108633626814954 0.0258739319957988 0.213049364104716
-0.0405420274825417 -0.0125394831251073 -0.125753181716168 0.111648182555597
0.131690825922704 -0.0303603121017167 -0.152437887336483 0.00449181699654478
0.226606986330039 -0.00255972731451265 -0.142132382865525 0.0504149500654658
0.239201085768787 -0.0273949283975465 -0.152659063184419 0.204662078768416
0.207147204420045 -0.104155807649318 -0.125744060322467 0.323401672229476
0.085144768469466 -0.183640878966715 0.071746833845596 0.289863549062018
-0.0623226172218605 -0.152106240989049 0.216606496334912 0.0683378797637225
-0.131952843934593 -0.0169896137287774 0.265181492785243 -0.0952657538867386
-0.0222504340678045 0.0581179605039115 0.242894955930904 -0.115880085522659
0.275623769605193 0.0554168035108483 -0.0599829550046769 0.225332332720259
0.302553025647328 0.100298893350276 0.0916844213408333 0.276971716922134
0.281648646592025 0.224332189798518 0.167281823286231 0.349068606312605
0.0796458753163099 0.27728081157878 0.0998514454294661 0.416074545346944
-0.0864810192556431 0.194982112176468 0.00116731333034271 0.39235952685239
-0.0978866924360772 0.0440633994317792 -0.173850597951277 0.246087315072462
0.0314473425395962 -0.0340976645134543 -0.198238933098501 0.0772976555105146
0.171797165907754 -0.0331771311476928 -0.0946859150952543 -0.0106014569800353
0.243633095925383 -0.0240434274706522 0.0259029160516127 0.0378322538201126
0.237944193278325 -0.0772458621767907 0.143763056484284 0.16433835421042
0.149060216585479 -0.153703489657752 0.244039851756983 0.215772278714963
0.000412918110438922 -0.161694389722065 0.369369189683367 0.102703559830744
-0.0868241893799896 -0.0488008494075245 0.347480132206732 -0.107328262321128
-0.0813737767967389 0.06458287096149 0.30936251973351 -0.164952795204293
0.0638131452121436 0.0910344447360497 0.264741428920392 -0.155880275328137
0.201717623897729 0.0899777640363789 -0.205715926513026 0.218055450928155
0.15189801256904 0.119750242237108 -0.142597669540171 0.313968186788682
0.108958327685267 0.176284941740155 -0.0954208980862087 0.407799444079467
-0.029993250706588 0.112002640184139 -0.188729867491059 0.412470422750162
-0.0581516947457864 0.000405462551778767 -0.254563294729194 0.287238113593148
0.036595488359859 -0.0700962886937155 -0.301296888555174 0.103524125894435
0.14381777517887 -0.0487829889683214 -0.185702841993671 0.00806709219963657
0.188636891450734 -0.0293043676546719 -0.0187877144197319 -0.0241937413543378
0.170734375953712 -0.0385377415974901 0.166345965547274 -0.0187782839447774
0.0896800970380453 -0.0730405507097254 0.34176995811719 -0.0517988026880162
-0.0293113329769876 -0.0497035251123051 0.397720956430664 -0.174647529162032
-0.0658476384189791 0.0567644881489299 0.36632665750409 -0.296105528802858
0.0234329579043133 0.163733298903773 0.241169609054328 -0.342461851587501
0.0928116456810023 0.145146879229026 0.205425010145156 -0.254262874930132
0.189263946990372 0.0957389876638644 0.207907443199835 -0.202821513393455
0.0845142372823665 0.0968770455135089 -0.272054092913155 0.179201335053723
-0.0511786557852703 0.0795832523648293 -0.284077525599618 0.243075396449419
-0.0792204855330143 0.0189136152205152 -0.288030913908142 0.236392138167403
-0.0514922148975537 -0.125023747020477 -0.351590515836801 0.0852881628717761
0.0685419444718529 -0.1506560761705 -0.275427730302097 -0.0807247370767514
0.188423959331267 -0.101782128109541 -0.203822081947771 -0.130495179496808
0.230518918155842 -0.026872491383169 -0.0704005466895328 -0.0620145131338892
0.180967684095856 -0.0208632722021402 0.0588204819155839 -0.0327317406922436
0.0547693095190883 -0.0230743608561677 0.204417483140298 -0.0915157085419388
-0.08734431630777 0.0259082753318679 0.275341838377802 -0.253690732307056
-0.14121862223715 0.161616088454255 0.178939633918278 -0.418673376306829
-0.00638362722985151 0.274778427979459 0.0627095110291398 -0.453798369464873
0.196938133219633 0.283905285814054 -0.0381977442765045 -0.389963273893118
0.262524526463023 0.144631342626338 -0.026607213522158 -0.268970447195848
0.279046399782022 0.0654422190090855 0.0683091693585598 -0.227697732379867
-0.00846965758057694 0.0690695632527258 -0.254210408589925 0.13031904364165
-0.152839165673744 -0.00409633029511102 -0.270967949985879 0.134548897123869
-0.111918303519037 -0.117064055401983 -0.237011558988931 0.0109207076745547
0.0351972366938752 -0.209011941662189 -0.163527569961931 -0.218783173913675
0.159147484297768 -0.126985887859451 0.0201824835750171 -0.310989997794475
0.22969463091465 -0.0321740723889889 0.0683627827776757 -0.238169557160278
0.235574907298238 0.0180746799466081 0.0967721033048506 -0.0850435648268721
0.148396104999812 -0.00597122837431016 0.123628953821308 -0.034231324571802
-0.0274679641656001 0.0118808659456117 0.144873096626399 -0.138314480492697
-0.154089158762165 0.120181993115835 0.0498365942076979 -0.265406703454288
-0.116029668774858 0.261264726253158 -0.0963418748295086 -0.302401493013805
0.0773258913480332 0.285550440059198 -0.164452833097755 -0.279749750584961
0.250966790634479 0.234152162601798 -0.231051788475129 -0.245423554821833
0.292099016024669 0.0787253007782445 -0.253634601285024 -0.191331691679078
0.269918949136239 0.0224098854466102 -0.103973257688178 -0.214971866411522
-0.0344355298526587 0.0300890011916029 -0.203171448910356 0.100632145953064
-0.117627739804926 -0.0480821333953029 -0.188395903557211 0.0755368042194831
-0.0473898417640034 -0.113370835227492 -0.0742955022798641 -0.0688306365430543
0.0724699809489819 -0.123426283348869 0.10979657891144 -0.238831788507339
0.112362449438091 -0.0311328000368654 0.304899366861579 -0.239495883218126
0.14302256519795 0.0314513052441537 0.295550765901141 -0.177191782361614
0.151892688373144 0.0426645123303191 0.232875077587049 -0.0643682640460758
0.0958942173484375 0.0109333824401436 0.167119389698419 -0.0276046836909335
-0.0358097588469877 0.0302778968277348 0.0555427856655094 -0.143140620746559
-0.105171806534363 0.117715380383585 -0.136715724627302 -0.155193417040825
-0.0512880450437705 0.181460714631661 -0.212864567562123 -0.0688225605197523
0.0766974317728378 0.148398363485705 -0.186196154356877 -0.0574980176321586
0.156479657721967 0.108576615257317 -0.266489352605242 -0.0861169320711977
0.175079246337795 0.0110646694628214 -0.383297523955004 -0.0901905950564823
0.16255664262455 -0.00725672008135969 -0.242311990374781 -0.178530855975584
-0.00893698162295474 0.00210081575977455 0.284431250234915 0.15762939160988
-0.00924866424240164 0.0285774457631678 0.415904866525648 0.0555266536647761
-0.017017626359483 0.00364026105305736 0.259915615761903 0.00779043385440173
-0.0130194545998425 0.00627964135682178 0.161325316630656 -0.0437433349906094
0.00532807449517499 -0.0112195195373313 0.24118660418939 -0.0370658064451193
-0.00587650449109174 -0.0318761023997365 0.215288648711378 0.0989103679814782
-0.0107039710091685 -0.026165867147066 0.000247485040435384 0.131802346151073
-0.0144835423539836 -0.0206253880788537 -0.195580015979847 0.0278211556606386
-0.0233050695913452 -0.0271820621319314 -0.291749702586026 0.0614186485309938
-0.0185206744467316 -0.0341577544117456 -0.388592380970662 0.139600126280838
-0.00738606053902211 -0.000517745078901846 -0.415781286620025 0.170136612506353
-0.0131676362271881 0.0236321854526218 -0.220414339690824 0.196906364193794
0.00520192847198727 0.0140313900493479 0.0103194805122921 0.0913666507207351
0.0261156828648964 0.0196623623716047 0.149579002864455 -0.0890565033006753
0.00429008717342472 -0.00630533652255702 0.179396704881347 -0.11690886440036
0.151022800638712 0.00321394914149944 0.239538236390621 0.162838491173463
0.17327225078805 0.0444387889126003 0.394275942758741 0.0728837081043738
0.153399484620016 0.0934917268664168 0.281872679883845 0.0336652007035858
0.0753322610079467 0.149169309939873 0.185097098866136 0.00798411821333804
-0.0157810739378554 0.149643913845721 0.245727621360809 0.018587898985061
-0.0908152212729595 0.0690147293219125 0.176078887761077 0.122638717810838
-0.0464505730746652 -0.0122024634763075 -0.0351250385753993 0.126616348287562
0.0683412807451428 -0.0282180961091455 -0.191396859031164 0.0225861174325541
0.124607220223703 -0.00763132696673357 -0.260224051649973 0.0494963637837451
0.12813446866276 -0.0159315907537833 -0.34101432953593 0.150020775217098
0.12114805929258 -0.0390757793218799 -0.358900859673849 0.216315300791817
0.0650875241498652 -0.0839900611527623 -0.163170638288698 0.236135999194374
-0.0155906076360707 -0.0993029472973187 0.0614367076295084 0.100236576190641
-0.0735316290803103 -0.0238782042993066 0.182448544979009 -0.0849402731829464
-0.032309731666383 0.0220987386823465 0.19618745497979 -0.111587500789595
0.258986029406016 0.0147044291037319 0.114489569658652 0.195270408839733
0.302128398783254 0.0581688084028856 0.294945152205664 0.160599084744961
0.286738594921911 0.169590796879469 0.294226145534513 0.160255730966624
0.12982954532351 0.262334862480947 0.220865043975939 0.189959961696473
-0.0469255903923834 0.246283210997558 0.202078964098507 0.21450429406428
-0.134657437198268 0.108585176560019 0.0388293741995856 0.216685552828729
-0.0390675380086921 -0.0158503298286416 -0.122599379755585 0.120883521302248
0.133466884986222 -0.0353357561507805 -0.15510331261412 0.0107987099778233
0.228827531297224 -0.00718500827727117 -0.14282545281873 0.0526395927887984
0.239740132578485 -0.0320167373592168 -0.14945058676394 0.206208924028969
0.204990964903115 -0.107557755852601 -0.120099544088165 0.328423368326436
0.0824880877968621 -0.184786871705644 0.0772616696783461 0.291235035123383
-0.0643158891222744 -0.150851585872936 0.220349928181167 0.0664709035455073
-0.13130098063565 -0.0150608117980156 0.263981062951965 -0.103853833148703
-0.0196288206997626 0.0570853729890203 0.239182956670363 -0.125313127636392
0.277152879415447 0.0459321990577249 -0.0527945338139099 0.226752716048262
0.303963691785843 0.0900477096878515 0.101263273801973 0.272343833005228
0.287159330309718 0.215538179558147 0.180338948054219 0.342288292449923
0.0852317961901415 0.275017937115665 0.116489354221182 0.411771460637872
-0.0850291378358102 0.194653952785384 0.0191583431800929 0.392357365427849
-0.0974868048446833 0.0409031727741344 -0.163705084642888 0.255723337311439
0.0335746814590582 -0.0394621080774106 -0.196103412630714 0.0869520363155525
0.174676712777166 -0.0389871056227219 -0.09619034865403 -0.00609641542573563
0.246257387385507 -0.029480846303266 0.0246050474545427 0.0363373047524114
0.238604606782812 -0.0834610060891285 0.144769148113283 0.158971434870661
0.14721074368574 -0.157502010124537 0.247774877724731 0.20923695321693
-0.00203020439782197 -0.16265677990236 0.370519565903128 0.0930681387613953
-0.0866682951649068 -0.0479028000476917 0.346523804809207 -0.116415733138729
-0.0788670280479061 0.0646711462929093 0.306236582716775 -0.176734732512295
0.0665089416975392 0.087784455161931 0.260587026366933 -0.164090437642015
0.205227445146312 0.0822444572427702 -0.197917972149796 0.225722268710859
0.154556816954323 0.113219741734312 -0.131679369238833 0.31919099458726
0.114220443124359 0.171176090878859 -0.0818008945260344 0.410824155668133
-0.0283200239508799 0.1103380969018 -0.173481516795389 0.417925385611492
-0.0577863165799529 -0.000687193126983359 -0.244014772830204 0.295234148859295
0.0358219942215367 -0.0745196284150736 -0.296686495558109 0.11509479016202
0.146201005995745 -0.0553880903378085 -0.185254142978553 0.0147107677412403
0.191233860425057 -0.0370349315393801 -0.0195865910652645 -0.022140483950594
0.172747012389261 -0.0450379407875759 0.165309917094524 -0.0244047803267442
0.0907088256298529 -0.0785664315244039 0.338398873093419 -0.0623566697821377
-0.029289560392389 -0.0515756609864962 0.38934143317293 -0.185554220148318
-0.063803319121322 0.0568469370664792 0.356086088887647 -0.307342528077412
0.0278495353943395 0.162362491143384 0.230452658060386 -0.348773552700173
0.0972464731846908 0.141003180472029 0.198546570207962 -0.261720915096306
0.191614378858841 0.0885883350590618 0.201869383458253 -0.208686094414299
0.0872218937794397 0.0915063631029439 -0.266271715315038 0.188345319417931
-0.0480525010130089 0.0784460463249704 -0.277661154617482 0.254149627994434
-0.0766990429266289 0.0201948001456098 -0.282866775871978 0.244904584505825
-0.054084837296609 -0.12612159388289 -0.348304072160523 0.0940232547590581
0.0668103062981745 -0.154176591098419 -0.276495617211737 -0.0743700155669039
0.189129070554049 -0.107501026622309 -0.205626826589043 -0.124094378951704
0.233418976178247 -0.0334949431653252 -0.0704697738164354 -0.059194545311696
0.182999620616 -0.0272762927080811 0.0581247111780223 -0.0346182634511191
0.0576349490953776 -0.026789209407396 0.202644792556112 -0.1003306207585
-0.085334469220167 0.0238132990494262 0.265218198585757 -0.26549849531551
-0.138770464985842 0.161883258368461 0.160844968067782 -0.424239850013895
-0.00183717463673788 0.273864904409075 0.045669483023344 -0.454787457866874
0.203178908863369 0.278346075380528 -0.051078861477368 -0.387644807378447
0.267508305901722 0.137152785044241 -0.0347396220258118 -0.268253725854532
0.279546472551658 0.0550699473763326 0.0605672519806446 -0.228952746468709
-0.00741313021425791 0.0679384970523114 -0.251120922868183 0.140283615694572
-0.151997697154876 -0.000677354447258217 -0.268952516774645 0.144382285157294
-0.112623009793259 -0.114117731912626 -0.238664386719159 0.0155713110728857
0.0306556727087594 -0.210595119233798 -0.168471194579546 -0.217965804173028
0.158335975443587 -0.129815030110096 0.0146284425882285 -0.313404965663192
0.23186604175168 -0.037378461061924 0.0661808497120875 -0.239117775562639
0.238992841303137 0.0117897913083953 0.0977446703972983 -0.087524886566364
0.151188171529969 -0.0117420489343218 0.124561854021397 -0.0384840399730985
-0.0239644718254384 0.00834626502616821 0.14010575428673 -0.147234529740572
-0.151539354901289 0.119512833948438 0.0373099985506695 -0.27112547848394
-0.112489419066075 0.260925275761181 -0.11310548110509 -0.299607815019692
0.0807824903353137 0.282590610562916 -0.174944002713525 -0.271850597421033
0.255847963884407 0.228476782414759 -0.238798728415598 -0.236189651634593
0.294122843167803 0.0708027258788419 -0.259113355067831 -0.181829650024531
0.269108599877513 0.0135629982099814 -0.112085814569269 -0.210533832307511
-0.0350105828635339 0.0312456814363748 -0.200492397390201 0.109590580656215
-0.117729741381421 -0.0450170184092812 -0.18859259258977 0.0827326901582995
-0.0481995487873456 -0.112535979241818 -0.0774908308421038 -0.0703318337948996
0.0703058686120539 -0.124255486173633 0.105709669850763 -0.246678624441548
0.112407217703 -0.032109596082724 0.303006646579173 -0.250273611671692
0.144791198642961 0.0285791768070457 0.294160569410989 -0.184704024247567
0.154549586309751 0.0389724680179675 0.235436753277793 -0.0705212582477516
0.0982343887726407 0.00661388118967422 0.170594205555516 -0.0339529581475926
-0.033295470333715 0.0281890786187518 0.0503155037148398 -0.15140742238822
-0.10397461623185 0.117139424525336 -0.147346066459764 -0.156966991668371
-0.049050190770754 0.182216390135166 -0.22194203827757 -0.0602841651854872
0.0773771698377071 0.146852552501859 -0.189356194934411 -0.046791945361586
0.157706338013715 0.10557612815477 -0.266727671535133 -0.0761221605891463
0.175604216067564 0.00606883200355442 -0.38392332016451 -0.0765916274956662
0.161544500657846 -0.0112593557078558 -0.248318249339329 -0.169017822651155
-0.00927282854531133 0.00212547407274673 0.286987050143516 0.148842286616082
-0.00682167757292016 0.0276314153574739 0.414125940332916 0.0452408682583307
-0.0165156097415901 0.00479977771261676 0.256090426441049 0.000638446355033684
-0.0121532707004443 0.0061874495787284 0.158064297850773 -0.0529089054692459
0.00649508820254101 -0.0121329566909515 0.245909383461294 -0.0451625698476197
-0.00695517951777079 -0.0296879344833226 0.222942929594235 0.098619235701225
-0.0118919020933032 -0.0250094919581855 0.00451575808436277 0.138318264795301
-0.0148496829249449 -0.0203544253571383 -0.199479304584068 0.0328844097016816
-0.0239680326007463 -0.0275932223365111 -0.291205067082978 0.0626950964142412
-0.0202280861619153 -0.0332036859005814 -0.387337729238805 0.140177463462608
-0.00760717563771094 0.000191399309350377 -0.41656887285828 0.17556344411164
-0.0130033296754612 0.0242259569368451 -0.22061957631922 0.201566848096958
0.00556634263963142 0.0134973608253238 0.0111650964116448 0.0955839008794663
0.0257743462814433 0.0184042039039011 0.14973851379598 -0.0916963769362935
0.00371385018760424 -0.00689573941035963 0.177155111254086 -0.123304280903091
0.150094589703376 0.000207107218282305 0.242368355465811 0.155756015881976
0.174407100608699 0.0399913323019724 0.392568185438546 0.062618031183679
0.153459415019211 0.0919005954079493 0.278278583283618 0.0247311578934992
0.075933495298721 0.147129692143183 0.183218082767165 -0.000755153832330414
-0.014461844626932 0.148215001858512 0.250740491964858 0.0101550070217016
-0.0914513596165124 0.0688182010977878 0.185769984955384 0.123480575793933
-0.0470315649056324 -0.0136429412625963 -0.0320361634248402 0.13301196818419
0.0692488006191817 -0.0306839817350073 -0.194020126078335 0.0266957353182137
0.124548226238653 -0.00885592657155577 -0.260881319490045 0.050748244011158
0.126492963204477 -0.0170713388852765 -0.340293993619977 0.151212666061436
0.119674815543743 -0.0398597965308607 -0.358183552990729 0.220528056981371
0.0641737846963483 -0.0844567525632157 -0.162172948129805 0.240511210894587
-0.016110441937707 -0.0993068540207531 0.0634824752390293 0.102916441108478
-0.0731360869060038 -0.0236704580717674 0.181861277962054 -0.0880318192782914
-0.0312028406175847 0.0221502712948354 0.194115627430949 -0.117203653174432
0.256904266375204 0.00941792004482342 0.119053065987424 0.192212190933288
0.300715420213355 0.0525140687125985 0.296086267024929 0.151678046879177
0.287304214946153 0.164097894958735 0.295827958069111 0.150712069069885
0.131470979566862 0.260190889836959 0.226120706546374 0.180682379477695
-0.0455424651764478 0.245459892137546 0.212778129458695 0.206429776291345
-0.134194268467326 0.105847295904093 0.0483660723567979 0.219948217829237
-0.0381141506341833 -0.0193477110827906 -0.119300205491899 0.127965711333597
0.135596844440861 -0.0387919804616314 -0.156234042949556 0.0141582801610864
0.229972608674048 -0.010054798676581 -0.144139064296917 0.0526768497622384
0.239150609288946 -0.0342905908864313 -0.149389644700589 0.205579340317583
0.202757431328253 -0.109416446637108 -0.117374638912687 0.329055585229257
0.0800850806063245 -0.184323956827726 0.0791118694590797 0.293141114433631
-0.0644525385041193 -0.149984902531299 0.222763949182643 0.065760558715122
-0.130359657410557 -0.0144629180713758 0.263332403990159 -0.109102846220353
-0.0178788307023227 0.0562756653156186 0.237130607666554 -0.130921732244971
0.27654104342629 0.0394884565285599 -0.0464845592966253 0.226798155419886
0.304421277949359 0.0834225259465881 0.107065056063995 0.2682746807399
0.288764051508084 0.208678384263832 0.188752958528856 0.334417388206103
0.0872776747629701 0.271833340855098 0.128146684932614 0.405634858368264
-0.0833684186314927 0.193420426676184 0.0330998703922551 0.389379882209111
-0.0966602805252106 0.0378636768493652 -0.153993973358968 0.261449319534175
0.0356627661902294 -0.0439571012290473 -0.19298282710378 0.0934929198775279
0.176420438314645 -0.0436171897599601 -0.0972971698174897 -0.00314259479862177
0.248222200297362 -0.0344854634080323 0.0222783174014593 0.0353139845362369
0.239002965165377 -0.0862465688610526 0.144025389180744 0.154667506544496
0.146114448789311 -0.158890886091988 0.24810082169512 0.205204216954578
-0.00152886283934005 -0.162977261603551 0.369795084054724 0.0890278324320668
-0.0846334653326754 -0.0480051796662152 0.344733548378871 -0.120226309732543
-0.0761457023121059 0.0641176869111746 0.30285215867084 -0.184255604980468
0.0685946356041768 0.0834909001006536 0.255372262191955 -0.169164402484929
0.206218625243933 0.074898805921111 -0.190864814828353 0.229463461270542
0.155290747727422 0.107939727319313 -0.123972115695143 0.321535995861491
0.116799434391491 0.165586958495424 -0.0707428344529569 0.410723907879268
-0.0266367928308638 0.108230944905821 -0.160342378005774 0.418044259073927
-0.057292757817722 -0.0021838915934257 -0.234055435095314 0.298419560704271
0.0358649429771351 -0.0797891538986024 -0.291062770510186 0.123300492401226
0.148632559732881 -0.0600201149524304 -0.183258615502503 0.0193612662742123
0.193420731824435 -0.0415557177901849 -0.0208642613182091 -0.0216709847551076
0.175610559775493 -0.0495634067746769 0.1627914034925 -0.0263971165280125
0.0921517234838633 -0.0831764430582886 0.332560748551278 -0.0707094734207208
-0.0292133099982667 -0.0540569115275746 0.380684462593002 -0.192038543010118
-0.0614476509656447 0.0553107657722822 0.345623105888568 -0.312632056005983
0.0308613232878312 0.15908020501976 0.222691396002562 -0.351784433535681
0.100096180733165 0.136875726794034 0.192620224480544 -0.265978849764826
0.191940254232985 0.0810240158955482 0.195211121343055 -0.210475976210113
0.0881298291114151 0.0867748451999094 -0.260938091125366 0.193378633125185
-0.0465188964814264 0.0776223249891536 -0.270826482256838 0.261116449275121
-0.0746639946317761 0.019297717358348 -0.276400348634366 0.249799296824134
-0.0552525538625973 -0.126519370194371 -0.345022860046221 0.0986529495766754
0.0665266173221884 -0.156949598953777 -0.276256382514404 -0.0718426324325828
0.189036701111208 -0.111366558605665 -0.204128712411999 -0.117950202988061
0.236713239999923 -0.0384263332044616 -0.0688853217978832 -0.0573436286116205
0.184318418835642 -0.0321863839848919 0.0582393311807799 -0.0358584457786319
0.0604455001886049 -0.0314486562039494 0.199513951795802 -0.105273708475024
-0.0833460544088629 0.0199494148634965 0.256677287737232 -0.271542056593634
-0.13751352940592 0.159159099350083 0.148519911479656 -0.424585975913382
0.000271310122194605 0.271799760456738 0.0339000426400759 -0.451581258000016
0.206335410682972 0.273125939540202 -0.0591806187485801 -0.383733149575678
0.269577716728182 0.13169752022299 -0.0408791462185275 -0.264658843276581
0.278309781430499 0.048346014413258 0.0551024768777353 -0.228292012534252
-0.00744594672275242 0.0656276764507159 -0.246827372419268 0.145480825706601
-0.150539636208143 0.000127567228786976 -0.265710080674401 0.151353779417323
-0.111496892226561 -0.112022428566143 -0.239489543297014 0.0189305156000931
0.0284358531773743 -0.210030371388053 -0.171975860142775 -0.217619479880027
0.157988156206191 -0.131321168407299 0.0112115527593715 -0.31567451525814
0.231716053296735 -0.0384808345578776 0.0648179696702095 -0.238768845445813
0.241400013930264 0.0072902906499924 0.0988573529560683 -0.088455606465699
0.152535816475539 -0.0161783165190921 0.125533597552061 -0.0415040878674968
-0.0205411579132553 0.0047692277018246 0.13701595935885 -0.154138641997392
-0.149928592102336 0.116975162492953 0.0274782435140127 -0.276582972895719
-0.111136249818163 0.258863844013323 -0.124617869365554 -0.29525423083665
0.081131552324885 0.281066020472531 -0.182088615847335 -0.262858212183549
0.256854303001645 0.223601353322946 -0.241803743314524 -0.227960257320157
0.294407177944507 0.0658286021642409 -0.262095468547391 -0.173652433076987
0.266897679716202 0.00782824460720612 -0.116893053718723 -0.204875104329348
-0.0351698982425626 0.0317479646117404 -0.198903482123138 0.115622964951765
-0.116286771689532 -0.042922408131449 -0.186899306362547 0.0873279368480545
-0.0482655060897342 -0.110756545106465 -0.0786895934212626 -0.0728262764160086
0.0693178643633921 -0.123513228486509 0.103249877796957 -0.252115828032903
0.113162009137307 -0.032147978944519 0.301444404242204 -0.254777037485268
0.145796274215861 0.0288412607540955 0.293736886189098 -0.187925933102629
0.155767166772521 0.0369658543879111 0.236687370773707 -0.0733361135710324
0.0993486423134794 0.00326023040152601 0.173649954826287 -0.0378457074583902
-0.0313794028454863 0.0242986159693828 0.045854716391096 -0.159626170612728
-0.103072262471601 0.115776985447584 -0.156157379937798 -0.160143787850927
-0.0479163761635846 0.18054479348798 -0.229046360806199 -0.053306968894003
0.077089493053877 0.146471825909615 -0.189648307129637 -0.0382296407994842
0.157613651869293 0.102513998694572 -0.265272104490317 -0.0676087017457658
0.173797182259753 0.00279307598484178 -0.383441211641374 -0.0665747739546642
0.159561736836581 -0.01415654577113 -0.251105576417487 -0.160599847005242
-0.00975445675991241 0.00146506088157409 0.291432914872101 0.144744269959865
-0.00669599745952965 0.0269954267996255 0.415492295169454 0.0403272615017889
-0.0167990942371643 0.00502362377135311 0.253407042951795 -0.00401703740195151
-0.0121871719510474 0.00642825704200638 0.157214914334532 -0.0602056280382502
0.00704971757411827 -0.0114988875793436 0.253193646189221 -0.0519535519206889
-0.0070085577949714 -0.0286810400936115 0.234824078188552 0.102858329753301
-0.0126041388271456 -0.0242552456855315 0.00641963165037334 0.146028539227102
-0.0157180204866031 -0.0213849753979013 -0.2065059948053 0.0375800221112817
-0.024703876636971 -0.0265978900081654 -0.297601888020929 0.0609332753875905
-0.0221140373569592 -0.0336859977603279 -0.392285187754762 0.140152639042787
-0.00769308123779198 -0.000858982940831412 -0.424845289974312 0.177127331979531
-0.0131192196110371 0.0245028365928622 -0.226127242839831 0.208418110658709
0.00579546893160611 0.0139723825287518 0.0121299915963236 0.101684980994416
0.0263388415519646 0.0178650482268463 0.152936570721552 -0.0928540570537704
0.00387215957021937 -0.00718714739060845 0.177814298540798 -0.129290445222989
0.150565473804495 -0.00183688672370982 0.248431433517969 0.153491612052094
0.176009105389116 0.0392329183487472 0.394459237903899 0.0570470784939222
0.153777028078932 0.0920569496648755 0.278136478218978 0.0200575600774238
0.0761466312590752 0.148717031671016 0.184837021844831 -0.00755291680676605
-0.0152329537304796 0.148955209529545 0.259146476340361 0.00360643918922372
-0.0933190695832353 0.0686879622314566 0.195832987239265 0.127802339445171
-0.0468750047844794 -0.0158901701368202 -0.0297392086750056 0.141913352031996
0.0711551094649127 -0.032871644059389 -0.198865881860129 0.0305174826815931
0.126739138052571 -0.00990660652215097 -0.266079221128649 0.0492804266749046
0.127154204470379 -0.0169785887223426 -0.345813947764479 0.14994446925009
0.120056714968895 -0.039317441062335 -0.365666264055354 0.224872887381742
0.0659535390205544 -0.0841597245174725 -0.166831801471914 0.24725353680194
-0.0153019227155686 -0.100322455839322 0.0650100430085902 0.108259667745303
-0.0732760188978446 -0.0250616153539352 0.185546835622207 -0.0893630430009638
-0.0317058553276065 0.021299556994498 0.195930007503147 -0.122887624643167
0.259308054858812 0.00631270386400391 0.122690595797593 0.190706000323785
0.303017132288837 0.0504533723175081 0.298869698440695 0.148574694189281
0.289975153011931 0.163760944890126 0.299783471077675 0.144522297133458
0.130429676842244 0.26205809106163 0.232361705667147 0.175944610372216
-0.0477721039262634 0.246657020458463 0.224293643077875 0.204196965844322
-0.136978041997739 0.104053185888674 0.0569470813187529 0.225986011842311
-0.0369259085030951 -0.0236404918984082 -0.11823519274981 0.136068836072839
0.138889745393044 -0.0421289137180036 -0.160665251983685 0.0173379576924358
0.23448982460132 -0.0115690903317772 -0.14843023657745 0.0528210279460163
0.242771241915135 -0.0348298856658254 -0.152883722046263 0.205725850542527
0.205897747344112 -0.108588117060306 -0.120287577170038 0.333595703391804
0.0824511403041576 -0.186237783059418 0.0800120240447722 0.298860263999133
-0.0643695600322989 -0.151745374047326 0.226520486049232 0.0684344334665647
-0.130590494868474 -0.0157939133336687 0.267395450399423 -0.113679073501062
-0.0180167399884909 0.0548254231832721 0.238955696826625 -0.135601647021553
0.278533839444087 0.0357272597402193 -0.0436169325243601 0.228408300531285
0.306462551460982 0.0810116462838023 0.111338944193604 0.268796188783855
0.291603281827362 0.206915686232111 0.195358944947482 0.332695107163811
0.0866815546092872 0.274600243907536 0.138491079461304 0.405710817169905
-0.0854679086079931 0.192485590524008 0.0429315390809067 0.391827596421825
-0.099709073486434 0.0328299601112972 -0.149707261367501 0.268585081860505
0.038254285924369 -0.049821878763471 -0.194070305518165 0.099179889774528
0.181121582985651 -0.0469632165894671 -0.0993614186350393 -0.00117657948240454
0.254347215562376 -0.0354096158992861 0.0208832077241687 0.0356551428108708
0.244775403860869 -0.0887454375274841 0.143685845060109 0.153780948011431
0.149909603284103 -0.161407168371553 0.250252672152447 0.207805545738568
-0.000281139719353143 -0.166187285851306 0.373437892708736 0.0892276340559323
-0.0839013324919292 -0.049901795581655 0.34983260708928 -0.122810606202964
-0.075410320576057 0.0627227057016747 0.304827491582091 -0.19116704175323
0.0694781760243571 0.0812529749144361 0.255929478872967 -0.174008555176199
0.207461888694517 0.0707263987593424 -0.19008132923208 0.23268989884136
0.156705404766994 0.105961766788131 -0.120016052850059 0.327562294687767
0.11911408525556 0.165060435588485 -0.0657300257185347 0.414120032279369
-0.0283516398373951 0.10808836595071 -0.155605410185293 0.42293066431364
-0.0574879776938496 -0.00595716161679391 -0.231453165994854 0.301464244629937
0.0368602274458343 -0.0842831418156588 -0.290212092564799 0.128449735645958
0.15357050266318 -0.0656715152663981 -0.18308777731613 0.0224047736152306
0.198167071665508 -0.0453251213656384 -0.0209927429122011 -0.0209453186774271
0.181850566834416 -0.0527116077880211 0.163301933443272 -0.0286365704782112
0.0966784635719759 -0.0882142678437782 0.334322538269217 -0.0744856059927662
-0.02937128115062 -0.0577485558563626 0.380614738840282 -0.195469798206742
-0.0613076612801701 0.0537872732142303 0.346152206446726 -0.316817174467299
0.0324937796328086 0.158425323939107 0.222311696687109 -0.356793696816584
0.102607836460256 0.136433266053753 0.191921041311871 -0.271629230688627
0.194723469130058 0.0788695319292523 0.194686964069498 -0.214453294541168
0.0890090863827341 0.0839012803149883 -0.259654147309048 0.197372367241606
-0.0461388606713023 0.076874470230535 -0.270124813014124 0.268717106715532
-0.0732838808858881 0.0181367092011259 -0.277319639770674 0.254078943280969
-0.0560289440757762 -0.128924413402147 -0.347780308033376 0.100959545053444
0.0697334001543165 -0.160617121502646 -0.277759875225988 -0.0723586791767543
0.192557491569777 -0.114889503667261 -0.204415597768997 -0.117067526020962
0.242160738550058 -0.0412163481291821 -0.06719289592683 -0.0571330877153751
0.189643825279166 -0.0359790453859646 0.059168534322323 -0.0362982008175728
0.0651142448173451 -0.0359377996738359 0.200455572246499 -0.109414748822395
-0.0824793431187646 0.0149790961704251 0.2539162938767 -0.279427152273594
-0.140495458410325 0.157605558423713 0.140828473694991 -0.429853591032944
-0.000535185325261263 0.272865262930604 0.0282799816154746 -0.456319066182158
0.209568694851331 0.274471700140937 -0.0637012322349528 -0.386336184192515
0.272683491313047 0.130526337301572 -0.0439680788109618 -0.266134526562723
0.280132485032983 0.0453720957790122 0.0517878435329607 -0.229531287263707
-0.00741358050960675 0.0652748244918194 -0.248352089417762 0.150097223082601
-0.150508017762671 0.000610864174301491 -0.267747320867008 0.158063532138564
-0.11054901966813 -0.113440099165108 -0.243745811218135 0.0197274836083658
0.0292496703548853 -0.211683085055455 -0.175299328191103 -0.222960318365596
0.162141644796707 -0.133576348729424 0.0118347165758772 -0.320989660425975
0.235428826373629 -0.0385226659795827 0.0664841439218253 -0.240848697362835
0.246441884694828 0.00697498072130303 0.103614858268066 -0.0894491627467145
0.156326883036272 -0.0190410310372015 0.129150337742179 -0.0443513423758077
-0.0178587717047365 0.000467845315951028 0.137008994269955 -0.162555781585546
-0.151834127849374 0.113773567830929 0.0214520592095416 -0.284224187007931
-0.114856129889645 0.259311644514314 -0.135000544642441 -0.296612348248344
0.0785331569252032 0.284483747509656 -0.188630113437154 -0.261306724859257
0.25923017501195 0.224823051214687 -0.245209274611737 -0.22773189490818
0.297760663092547 0.0640979849491144 -0.265641727660971 -0.172478631107389
0.268673422256276 0.00527205056390348 -0.120300404440483 -0.203231974518874
-0.0359656217428244 0.0325862688620271 -0.199488361845215 0.120681225585659
-0.116538796260379 -0.043740847496915 -0.189185215316214 0.0907736436470001
-0.0470238403737646 -0.111545132219049 -0.0809860457991817 -0.0763457381807561
0.0706207942496533 -0.124334769100095 0.105412914985649 -0.259198348184836
0.11523010671712 -0.032548359739993 0.307412248062473 -0.260407632155666
0.148178726312627 0.030055016644107 0.298433839718596 -0.190068713269451
0.159352306339925 0.0364319030720662 0.242390269993584 -0.0746989316477849
0.101593664702419 6.89426934916547E-05 0.179646445581034 -0.041327488275404
-0.0301877033509272 0.021803029338206 0.0426864301735369 -0.169413337936805
-0.104434050785536 0.114658609382841 -0.165907430711485 -0.166602898286574
-0.0505709117632735 0.182148868262121 -0.238591959874693 -0.0502099088067381
0.0756321204745985 0.148987440711036 -0.191653568024321 -0.0322966994093871
0.157578882525886 0.104418397433393 -0.265250945660338 -0.064580321746759
0.176263649436687 0.00214074277089777 -0.385658975121939 -0.0632667854118049
0.161333480092997 -0.0150511916310333 -0.254786809878805 -0.157376580707868
-0.00960257613120808 0.00101375057107925 0.279879259784355 0.187856327536426
-0.00929440416073349 0.0248276809209575 0.418775406313786 0.0994670518640534
-0.0176319950914152 0.00345590153382958 0.257261322179215 0.0287818341258006
-0.0128452099589112 0.00478925086905875 0.168580922199172 -0.0441846191145989
0.0093426215602593 -0.0107727116506301 0.271707573211821 -0.0197038445381615
-0.00311930518169608 -0.0284051314210034 0.232219934869496 0.145573162594426
-0.0114906276215354 -0.0249204340834272 -0.0142135684763898 0.158733924688552
-0.0127812876649562 -0.0242301452283436 -0.221093982125192 0.00983278187215715
-0.0227309565082503 -0.0296064066784309 -0.31289124409017 0.0183393311534036
-0.0182386199454331 -0.0349717864105188 -0.418885380787681 0.0847890803402395
-0.00725927859874035 -0.000542498828593373 -0.462005475173763 0.121300107555254
-0.0164017696376086 0.0260858497103949 -0.264734308799788 0.182324446908212
0.00471140971148005 0.0154440096058763 -0.00358020500038301 0.109264048750645
0.0237866200184288 0.0190391024814088 0.170282112273541 -0.070519340091761
0.00384756325903761 -0.009427082521291 0.200776992339884 -0.108411572423367
0.154367659767344 0.0214017644048052 0.232482600181089 0.189163356114876
0.174261832330872 0.0663236441886801 0.392607261995725 0.113443635328625
0.14045615700112 0.118923463388539 0.279356676957012 0.0562030836953473
0.0513291792627201 0.163683700165095 0.190844614690826 0.0122699415683815
-0.0395252366417313 0.147778086448158 0.272178385998634 0.0367686079884002
-0.107165495004326 0.0543280963659354 0.18973982401542 0.164716344902641
-0.0453848597315505 -0.0248791076766985 -0.0503994677496606 0.148155402135876
0.0792645880428822 -0.0244833202047092 -0.211649809919076 0.00421179727099903
0.12995274285522 0.00954084473888649 -0.280478245662807 0.0106992793180815
0.131545481626326 0.00323644452908563 -0.373453275171882 0.101297305558094
0.129079625404391 -0.0202657181395267 -0.406594853900505 0.176202883870666
0.0808239747859752 -0.0728287952155619 -0.209464313927559 0.230824048346457
0.00119159802584383 -0.104585766285595 0.0503214545451174 0.123299465646071
-0.0708386798110842 -0.0392220551059778 0.202448050060502 -0.0633316157099289
-0.0367690844670485 0.0129551319610647 0.219685605936044 -0.100756678967042
0.263492241789766 0.0474529137207455 0.0989936435968587 0.209379916181583
0.301397129837268 0.0975552379472041 0.283713696914761 0.191645835673856
0.265248462763222 0.212841731776941 0.283478814050464 0.184765186472376
0.0877381160186536 0.287063021546655 0.215811478439982 0.207698690506044
-0.0899318645893197 0.239723799841065 0.208146442939917 0.236612402891853
-0.157874547202042 0.0807749370334176 0.0323666950410762 0.246087314466428
-0.0332609287242422 -0.0340100735462667 -0.140239042265249 0.127321277451016
0.151490646744203 -0.0236212065076207 -0.169323440954966 -0.00400179421561948
0.241038776964571 0.0227556740127485 -0.161599192417035 0.0320332379001141
0.252680322530166 0.00185191799132756 -0.186500954776918 0.185362142131721
0.228251741135083 -0.0787743218129344 -0.172537063540215 0.323673448413976
0.114973943028687 -0.175330261222708 0.0368350413397721 0.318560912728575
-0.0388435549383831 -0.16720481831802 0.221608501376922 0.105570399656282
-0.129569644229874 -0.0404634133095764 0.288280018426963 -0.0787576249694784
-0.0268397492725115 0.0485702504652673 0.265514279785354 -0.105868900025725
0.278156400377438 0.0796021482795964 -0.0775151627437172 0.225013091532176
0.299501400579892 0.12844842456861 0.0740236598118629 0.28773596658666
0.261566585176184 0.255128761111677 0.154211499905548 0.363070565437547
0.0413509931464039 0.291281110018752 0.0881392979782546 0.431034359255271
-0.119708302602111 0.178702659703101 -0.00555082147507392 0.404238039244462
-0.107322623737269 0.0125087164756257 -0.18788195753315 0.258788819559177
0.0493016935585816 -0.0499020060983345 -0.211818719058206 0.0777348191030038
0.195401377256271 -0.0220569534517186 -0.103427868832489 -0.0143518735467265
0.266773894685407 -0.000781884794286893 0.0143866317699888 0.0384648314463696
0.263523554801125 -0.0562197126271526 0.121773278694873 0.173415853169877
0.178816240384764 -0.143516972587996 0.224284235769669 0.246848723254266
0.0284757809401852 -0.171534389204979 0.366620205615175 0.145249931959474
-0.0751671065498571 -0.068707118680758 0.371505782168083 -0.0740526424954425
-0.0860863950193617 0.0476483546964436 0.337477032106773 -0.151976887383706
0.0577956188650659 0.0889463524203901 0.287344925052987 -0.141065868665072
0.199080433096764 0.103456282685269 -0.227498804930804 0.208896293978556
0.142373581697331 0.13199334206787 -0.170358006308942 0.317257786217692
0.0939539264461848 0.18303845470313 -0.125266854989066 0.412563114711405
-0.0473597665725 0.104010169971627 -0.218083331122728 0.40951922672896
-0.0577498818558116 -0.0191087527761881 -0.276274209278473 0.273707811264299
0.0513070251864997 -0.0845172557839159 -0.314215632089453 0.0919539491784628
0.170585898286684 -0.0471505669766067 -0.189741808015086 -0.00147206565405068
0.212214185124044 -0.01825709186731 -0.0196750545389601 -0.0234345126459226
0.196693447285252 -0.0311845541506406 0.167572661610804 -0.00774220401659458
0.11396311507732 -0.0798952251144775 0.346645749645983 -0.0315753920563421
-0.0204798845632403 -0.0667091551448173 0.411861188935742 -0.147272908691949
-0.0710421192687154 0.0399253086405789 0.393599230954071 -0.272786089147449
0.00886634266435925 0.160767599005052 0.275386052945205 -0.329491308791758
0.0830492011459262 0.150968281209515 0.232558276810157 -0.248131394137196
0.185069194065185 0.106184563657725 0.229603481856625 -0.18941087498573
0.0756400559945333 0.0982871350850065 -0.294502965484557 0.164895794367544
-0.0585190957436298 0.0702369640734608 -0.314432781531686 0.238426858181719
-0.0762896930855784 0.00460420236784606 -0.322079181973314 0.220990576142415
-0.0352129041398887 -0.141806113303558 -0.371768964082494 0.0528351657365275
0.098303660661258 -0.154199029115086 -0.273253694868777 -0.116162233834169
0.216650686703374 -0.0883392209114762 -0.1903860895842 -0.149148243695743
0.258737600043314 -0.00716250594448724 -0.0575315064854584 -0.0673571585060634
0.201883298905323 -0.00945924891417204 0.0669609658347411 -0.0284818085400216
0.0758953635799179 -0.031182989503349 0.218304033604466 -0.0877519687511132
-0.0846648145316537 -0.00333524554227007 0.292832762168238 -0.251682966299824
-0.168690571631108 0.135461487546904 0.197525613962708 -0.419711334041701
-0.0472228601619111 0.273602115914186 0.0862055236950521 -0.459149344783933
0.167385360086029 0.307799604502898 -0.0114007005483275 -0.398355438532491
0.256233692280183 0.173264598664924 -0.00715099527922664 -0.275413657185014
0.277817049201283 0.0876612722410298 0.0854676043540421 -0.225137905636048
-0.0200945265231377 0.0647706919582441 -0.277323790216707 0.119521058499847
-0.152056674535447 -0.0242397824238759 -0.297880698860059 0.126363466862509
-0.0914869099960049 -0.133930854492839 -0.254497860391592 -0.0152091512004518
0.0658720139190598 -0.210016460752045 -0.147993634776762 -0.256207605183572
0.18736744824301 -0.108532709223484 0.0594575734682926 -0.327864626810409
0.248486419072256 -0.00155472084580243 0.10645167859928 -0.235957594157776
0.254372222600739 0.0444696176378562 0.122502974160718 -0.0759994207068983
0.164752794081372 0.00166249842090544 0.14039033812233 -0.0268145275589779
-0.0152737939404356 -0.00781292920284907 0.16109857518897 -0.152660650670722
-0.171924110475991 0.0880485580241433 0.0562500855753968 -0.291907779751915
-0.157910417595425 0.244826860366772 -0.104224484062051 -0.319989410874006
0.0324536583562055 0.300974103011778 -0.159119747386813 -0.287775790868757
0.225496407953459 0.26793632116608 -0.215374406209047 -0.261583056775435
0.290519289864532 0.11342322520147 -0.244979207667766 -0.210512253252202
0.272655724184143 0.0482358819653302 -0.0940968018381065 -0.223922366409615
-0.0436120389913001 0.028255272274758 -0.223343477242384 0.0979584173526006
-0.11073183121672 -0.0639160252435257 -0.20817255607073 0.067460046560661
-0.0275521511490852 -0.121506827268225 -0.0719461123371658 -0.093098718836847
0.094371605577259 -0.113767833298811 0.149266213553206 -0.252921342360025
0.123691028368027 -0.0121007321526915 0.355444913209694 -0.220515134491023
0.148010226673719 0.0554166176353378 0.336479724365018 -0.148945754381144
0.159878870762919 0.0621042272889198 0.262123582727807 -0.039695726670116
0.10548466739189 0.0129394503218896 0.193059681348203 -0.0174356719472455
-0.0324694742415388 0.0129798177144701 0.0654017380889031 -0.173881798622566
-0.124140118363658 0.0988140631352923 -0.150976949604048 -0.198328288230027
-0.0809471817516925 0.177007014988411 -0.242754044659022 -0.082827979587258
0.0513929087809078 0.164351522253052 -0.192839576359291 -0.0533782504184599
0.142026766020773 0.132860008048433 -0.256431753174782 -0.0999448189445742
0.177231712054836 0.0330970982316273 -0.379873439287699 -0.117350140302281
0.165025694260479 0.011699969609919 -0.237325391879882 -0.194833511697761
-0.0102491816080499 0.000268566514356298 0.296594321704439 0.178995087319332
-0.00811765478956863 0.0248351621307473 0.433591169843248 0.0821216867394037
-0.0174931174547596 0.00456554292847122 0.262645868657288 0.0155493375656812
-0.0124749628457453 0.00541801180802113 0.169780825663572 -0.0593991521115373
0.00983507205487944 -0.0116268779008281 0.285631590448161 -0.0363526822312488
-0.00430582100618325 -0.0274949762042237 0.255432968071224 0.145487724369593
-0.0132104494966879 -0.0247188792031377 -0.00712451052833291 0.170461298215844
-0.0152626486683883 -0.0255556377200611 -0.232758121558528 0.0224736007088279
-0.0246164007109419 -0.0300116716568966 -0.326228356180066 0.0273727802743481
-0.0219194912389018 -0.0356356816869368 -0.432853148108775 0.102297104065648
-0.00754410743776231 -0.000412331256223433 -0.479419454565281 0.143501655940394
-0.0155168718465092 0.0272223240173783 -0.271720882434669 0.203613677719571
0.00530579211499102 0.0151100467260259 0.000533093597001889 0.118586643951277
0.0249569577530248 0.0176078832364685 0.175882268506714 -0.0803666297152203
0.00334064619211071 -0.0104149071416534 0.202509373462289 -0.125393003464554
0.159820190741703 0.0149340159613405 0.248835413584457 0.182134415338357
0.182046659418669 0.0595292901094701 0.408070582176104 0.0962871230200361
0.148380105683048 0.118325461357934 0.285562358496007 0.0410116743597629
0.0574913073424157 0.16675714418752 0.195833161738851 -0.00261297506383834
-0.0363647516049197 0.15214049640956 0.288747037126285 0.0209814618360381
-0.109356271834709 0.0594396285822015 0.210305593151377 0.168074919758031
-0.0473017035282237 -0.0265271802649051 -0.0447501421584762 0.161702409160442
0.0819943112246792 -0.0308268210370447 -0.22281245951738 0.0155211998448269
0.135670366798668 0.0042320330372205 -0.292953593525291 0.0199408560189565
0.135407926858243 -0.00087642840110826 -0.385953239157383 0.117034338958372
0.132755656527907 -0.0253645517905875 -0.418456748253073 0.197412300064294
0.0819480815691532 -0.0778444383983722 -0.210981363693024 0.250616433828648
-0.0015379667328569 -0.10846463441816 0.0576347170681132 0.130447783918547
-0.0745440895600104 -0.0400350055041813 0.208915806720335 -0.0747037967544419
-0.0368956966058155 0.014132826349165 0.222912579399181 -0.116303569187465
0.273516628960977 0.0352952112219552 0.112758695171905 0.209316482790264
0.314543200255287 0.0865338843318641 0.300218278125946 0.183389646012809
0.280369765222954 0.208987141538123 0.29962712530382 0.174117386099905
0.0987209327099305 0.291701940559223 0.233129327851249 0.199324346532017
-0.0850914385844609 0.249195442516336 0.23165768262061 0.231257998438167
-0.161069901245621 0.0850645096737472 0.0500093111585855 0.257527762305478
-0.0335168831323734 -0.0374513817262137 -0.138925046956045 0.143636370810648
0.157953719548179 -0.0336504231938681 -0.178085828675008 0.00455233150786189
0.252632014344301 0.0134854701635616 -0.168305743135385 0.0381482684145577
0.262419453572787 -0.00588852294635612 -0.18928381323339 0.197372341259316
0.234093486392714 -0.0885284948163921 -0.169052577142682 0.341876641638514
0.114942478473845 -0.184494252523893 0.0497411689464079 0.332407967175298
-0.044739771624551 -0.172204611293911 0.234763491267526 0.101940357827395
-0.13304450256631 -0.0387371600194116 0.296572640337528 -0.0945101568243634
-0.0262880030717246 0.0492264821024958 0.269690077491505 -0.124042163349598
0.290147698432579 0.0680189872809994 -0.0680436535264726 0.233229578662885
0.313251487382356 0.118635053326241 0.0902026004671512 0.293847696421166
0.278511077037964 0.249725385753138 0.176590775475164 0.36455523275173
0.051652513174063 0.298042768773139 0.113501909995324 0.437620478072372
-0.119178172089653 0.185326761674141 0.0159393085783478 0.415605442832721
-0.111131313704474 0.0120866092875895 -0.177869789963843 0.278993992001278
0.0522508309217728 -0.0577754865275118 -0.214517053553915 0.0930895128749786
0.204330619940865 -0.0332394909945609 -0.108807962723348 -0.00903945377817828
0.278953865635537 -0.0122699665012869 0.0130754834638399 0.0389301101738969
0.273245525497683 -0.0681443268516792 0.130716832134299 0.173490920847676
0.182171578935025 -0.154718010928765 0.239796279620783 0.246238162077675
0.0250697897905167 -0.179566470519187 0.385385366502491 0.136557795513326
-0.0781875184190994 -0.0695022215022502 0.382360862891831 -0.0915834703607778
-0.0842676711609135 0.050514942049662 0.342073970895497 -0.174612128191343
0.0633318497643781 0.0862330058789824 0.290402904531031 -0.158225355993524
0.20826615941605 0.0961727926985451 -0.224073708815659 0.225218608173361
0.152481340150262 0.127972496834087 -0.160055498949196 0.336153699970234
0.104601697151945 0.180969513458749 -0.109354784042756 0.429378762521081
-0.0452827219919478 0.107243316069877 -0.202735059012207 0.431380047391448
-0.060498732450424 -0.0211609422559373 -0.271053896432258 0.294197667672042
0.0513207163253333 -0.0929182585310209 -0.317808974865332 0.111813287833949
0.178599459429695 -0.0588135089197769 -0.193383781644023 0.00848596597555834
0.222511240835168 -0.0296957547101191 -0.0214004343835082 -0.0221586473849261
0.206438228017992 -0.0420917478208338 0.172882606290763 -0.0162420467769166
0.117614942852403 -0.0909160112951484 0.355073337020791 -0.0485522503191422
-0.0222177687775027 -0.0706143362494747 0.416909551567267 -0.168671504749889
-0.0715801507296129 0.042004311514488 0.392731157125344 -0.29959737112624
0.0162215764690421 0.1626029704689 0.26881434679061 -0.353038958759666
0.0921931196514268 0.149870119588579 0.228400430286984 -0.268182034565574
0.19442263009034 0.0989226628037871 0.226106007128436 -0.204668508433917
0.0812282054552498 0.0953581028062264 -0.297091816426474 0.183159927081978
-0.0565699079935702 0.0727695072284917 -0.310925860336991 0.261620846777391
-0.0768969613919041 0.00541728599294681 -0.323129569479421 0.243444174321781
-0.0413625047342144 -0.14509191921314 -0.380179087157893 0.0691682456582444
0.0970109623808904 -0.16429907431459 -0.287126885312379 -0.108673816399282
0.22184184684358 -0.1000641319112 -0.200730239963648 -0.143938847708105
0.271214010247562 -0.019191147288252 -0.0589853649585436 -0.0664268897506209
0.211698141244504 -0.0210844208063394 0.0686432679869874 -0.0323143346048775
0.081827303021346 -0.0401466507640259 0.2216615530264 -0.102986704519241
-0.0866516100514812 -0.00681745264441709 0.290610095088419 -0.276440564524414
-0.170873725816539 0.142495717872014 0.180705707866675 -0.441649619395551
-0.0407675882717358 0.284312920921776 0.0664147877721118 -0.476093370915649
0.185103762743484 0.309793333889284 -0.0293636767362942 -0.409017078350009
0.271213329642155 0.16655356704181 -0.0200554787587396 -0.283967357051177
0.289326976610107 0.0767992203714714 0.0769014860468418 -0.233492351811851
-0.0180982399010383 0.0662684775909279 -0.280916811728034 0.137967167410879
-0.156424961136801 -0.0194532079556938 -0.30151314407748 0.146075622272893
-0.0970055913630003 -0.135678695382475 -0.265107280038832 -0.00569615699382912
0.0615774580757451 -0.219619890823298 -0.162708731541514 -0.260848645564079
0.191302769986976 -0.11918245645012 0.0490999575155527 -0.342048554125181
0.259021307141816 -0.0097694859364964 0.103405621370955 -0.24718722650783
0.268685498036173 0.0343006914570547 0.126324020226588 -0.0829522469342742
0.172581198245126 -0.00648087167581174 0.147260160131169 -0.0342463793324135
-0.0124705336077758 -0.0124023816178919 0.15896102151421 -0.169457951351395
-0.174830002149485 0.092431324139307 0.0403734809320841 -0.309496284956948
-0.157350971677263 0.255205861501692 -0.129389141128134 -0.325390892425343
0.0414642985954921 0.311424034847204 -0.180432878684385 -0.28595629466668
0.241846217298135 0.269866796789046 -0.23508952803156 -0.256988206057152
0.304622453976987 0.104515228181555 -0.260639572755326 -0.204026701669704
0.281662454696561 0.0367070284806876 -0.10820670301615 -0.223501549542302
-0.0435651411553146 0.0316110987538984 -0.225742023261328 0.113737823377615
-0.115368845065143 -0.0622412295610232 -0.213750341189197 0.0778846087019497
-0.0311731110198558 -0.124614541060151 -0.0790058410030599 -0.0971821173315399
0.0942139690306891 -0.120204930497525 0.146915721611881 -0.27038963170078
0.127696384454708 -0.0150519432485452 0.364439833593021 -0.24350151223525
0.154972169227867 0.0524434764174047 0.344725189930502 -0.164580764518617
0.168464328137265 0.0575384860281656 0.272217858271612 -0.0509720711543001
0.110984033280147 0.00806343392340439 0.204078799977312 -0.0289123008741449
-0.0319042172544249 0.0111672090149121 0.0590017566911021 -0.19021579594594
-0.1256895810392 0.104058421909465 -0.172056900385434 -0.205342112944011
-0.0781965573038491 0.185227607298731 -0.261613217183554 -0.0723340654542152
0.0567261838343456 0.169023496547467 -0.203001887381008 -0.0406883974870613
0.150747641344898 0.132860007745863 -0.267065045590531 -0.089514061553985
0.183885491300564 0.0262233864491108 -0.394969204788065 -0.100792386678328
0.170713950460733 0.00463053283980508 -0.253685118841194 -0.187664823484411
-0.0106266334441814 0.000180600878369297 0.31027546322774 0.158357470052854
-0.00619876089132382 0.0241659170759193 0.43934824902048 0.0547607799968588
-0.0171544440276059 0.00625335518271473 0.261578455421588 -0.00318163143495828
-0.0122887741855336 0.0067003778165188 0.165021577470093 -0.0752917801147079
0.00963740080617958 -0.0122931219698386 0.291885372856046 -0.0577727719385339
-0.00466934094789592 -0.0251742256361941 0.27616264447844 0.135590319616685
-0.0151113279928379 -0.0233071728016402 0.00406595538466341 0.180886743674153
-0.0187183154030117 -0.0257729698245196 -0.237986871857685 0.0406304742607095
-0.0279257649533603 -0.0288237274364271 -0.333261772239983 0.0432802729989028
-0.0252074107606067 -0.0344350760842172 -0.435775089943109 0.125355483730052
-0.00854398392109195 -0.000308284381470549 -0.481367766252715 0.174185058823527
-0.0141651633010912 0.0289675298191287 -0.268550344752892 0.225545911376235
0.00621390018758073 0.0154685651275903 0.00709720578746096 0.125258194447162
0.0253767755453609 0.0155353652669143 0.176039802499736 -0.0906384972091046
0.0027492588102782 -0.0108135831599657 0.196287379858092 -0.14352139882127
0.161579339517108 0.00430814517364331 0.262703713834922 0.165508610947145
0.186674175315996 0.0477025889747131 0.414666424484027 0.0689870456095019
0.156008637053577 0.110678166614762 0.286606711649015 0.0209270099076838
0.0657158937695571 0.164541176582826 0.196501147540969 -0.0191390639578878
-0.0290593822272223 0.154453941395989 0.298259041886168 -0.00110980035348841
-0.108626913309432 0.0648956321382438 0.231946994099152 0.161424088894554
-0.0492611463277119 -0.0257928433526745 -0.0340824501219236 0.173519381714336
0.0826538254562621 -0.0375916134596835 -0.228009939459537 0.0314324025848944
0.137843582804872 -0.00331787796034802 -0.298262451442204 0.0346952411559224
0.135863218994591 -0.00780869650534214 -0.387485939968889 0.138149374965242
0.132843098003373 -0.0317580049924076 -0.417485130684199 0.2266180748352
0.0790321066177586 -0.082657356958752 -0.203286689377598 0.270014452901005
-0.00732481386834087 -0.110278260244203 0.0675845704594363 0.133117060210045
-0.0772006553334923 -0.0380407623263451 0.208931473547656 -0.0880599236035086
-0.0368065331206554 0.0155720022244449 0.216842237792826 -0.135418455402243
0.2775093635266 0.0181317182211073 0.127663949883405 0.202409337181726
0.320783087127486 0.0675922649431698 0.313718033329195 0.163632053496756
0.29288743397697 0.194718858038989 0.310944277789789 0.153227085298595
0.113769337585952 0.289888577677582 0.248308904733796 0.180673548560265
-0.0751530756997617 0.253233634167018 0.25532332680598 0.214814673914522
-0.15975534666605 0.0914947661153959 0.0743332098134304 0.262054222988877
-0.0336843317811047 -0.0408294029616664 -0.130178951199446 0.16051558593584
0.161371922181701 -0.0456252329812639 -0.182253431589617 0.0182323115945248
0.257663908053409 -0.00090259000002174 -0.171314467172325 0.0479994583762884
0.265413900564865 -0.0209039804622231 -0.183643630731743 0.209554290604941
0.233664537108422 -0.101889077658257 -0.154417128991688 0.3574679083937
0.106712509971625 -0.19399232026826 0.068136584638403 0.337277667885912
-0.0530026020481074 -0.17252495421851 0.246513449179936 0.0929680962519153
-0.135986477209742 -0.0340906816740675 0.29446322395883 -0.11633701459115
-0.0235758417598773 0.049265331357381 0.264090471594604 -0.145412159819973
0.296067183436573 0.0479878998000622 -0.0529261573412008 0.237969680620568
0.322357137560469 0.100908130443305 0.110724634675127 0.289503032369338
0.294222739419474 0.233676218293021 0.200014072324164 0.352002654031491
0.0667428198295157 0.29698505172577 0.145392968993837 0.431442560377674
-0.112196903929134 0.190948871678544 0.0482063691398147 0.415746010500522
-0.112724007092934 0.0128523861150914 -0.158098740684983 0.296546285567523
0.0530549725954375 -0.0668904894900581 -0.209051059993986 0.11118575484296
0.209354898865219 -0.0481141219150698 -0.112542524308998 -0.000515367419015635
0.286056949018868 -0.0294311692580083 0.013736380524987 0.0383553346656458
0.274998666431074 -0.0856132956279834 0.139298947926653 0.166887051185235
0.178487627368438 -0.168053197605101 0.25544569110617 0.235983323310911
0.0177883962164123 -0.184150873413109 0.397846446466938 0.116991142711889
-0.0810188246300922 -0.068836972250785 0.383304587853898 -0.115246310371898
-0.0810684548465881 0.0535719895911348 0.334903611325091 -0.200403646775558
0.0688233337936428 0.0802341057449675 0.281455134654675 -0.179128051968825
0.215745214513468 0.0801444307672874 -0.209881045136217 0.23924675769805
0.161544687162661 0.118684707193612 -0.137097786788655 0.348984610073604
0.115802612726792 0.174848690662724 -0.081789487879178 0.437422550934383
-0.0403794277019029 0.108981079611988 -0.175009221414389 0.445556937262743
-0.0630153383818249 -0.0213227271732395 -0.25357933937877 0.31237303988165
0.0470039224974042 -0.10111238927957 -0.31062920699581 0.133564970080958
0.181782949869055 -0.0738921684966242 -0.19291772341537 0.0217449694341471
0.227643533609593 -0.0449460909596968 -0.0236247886098861 -0.0204966886651094
0.2111167671975 -0.0577882580664624 0.172209132230214 -0.0274103596623912
0.116627996035399 -0.10318675194835 0.353848695696834 -0.0727680290427968
-0.0257358555732851 -0.0741220723144039 0.409317168923598 -0.19739676594348
-0.069670147874564 0.0449764048409246 0.376717726311909 -0.327691319602644
0.0271577752774541 0.161090729635524 0.248443107636747 -0.372248045085283
0.103609623359819 0.144276588749085 0.212650008032504 -0.286307928294405
0.201492200179581 0.0846532005746986 0.215014684685643 -0.220433111388969
0.0867088721796888 0.0887857589588565 -0.286600128077702 0.204635070587408
-0.0504559278411781 0.0750300501249182 -0.298577434211397 0.285606758175567
-0.0743553188529291 0.00787066735850701 -0.309943503872036 0.264020692745718
-0.0480850088257905 -0.14491523469491 -0.377615311296639 0.0926456464229193
0.0900078838392366 -0.173472507092182 -0.295713785891493 -0.0928276942592792
0.221646415305129 -0.11470370306317 -0.207680137354278 -0.132729628296677
0.277052725812017 -0.037965287162149 -0.060654060817505 -0.0634399666995871
0.21625343415462 -0.0350381353749861 0.069284172251042 -0.0359871099758145
0.0845226054626537 -0.050255017286203 0.218027278541781 -0.120545703936255
-0.0878406083184416 -0.00852354192702948 0.273237982719024 -0.301552671484966
-0.166827887305619 0.149814398967513 0.150315684196782 -0.459220258069889
-0.0260886391769716 0.289424237059485 0.0337058316558468 -0.485634950789022
0.202782852948131 0.301842831767028 -0.0580858101916484 -0.411053084884669
0.283951433209994 0.151578027468885 -0.0392882001662964 -0.284115063239357
0.29494988490544 0.057840708108654 0.0615816708638723 -0.238955344877473
-0.0148717060711737 0.067388753182103 -0.273775081821069 0.159821561744366
-0.156957728396273 -0.0128291795936287 -0.294993444299134 0.167621148047354
-0.102884604220788 -0.132734233723561 -0.267662064589412 0.00983968634396439
0.0524604353673636 -0.224887404184524 -0.178721780407305 -0.256018473198984
0.187346755856449 -0.129822932597844 0.0330881271560612 -0.34908512469608
0.263076438240006 -0.0234838833459644 0.0930411320367303 -0.255380991634069
0.276528126005215 0.0188127839483475 0.126768586183328 -0.0913707836819369
0.177358637163627 -0.019178466239817 0.150557930230108 -0.0444295162070944
-0.0104378869438985 -0.0176567230533571 0.148801769712257 -0.186866006595151
-0.173039880005578 0.0975989459677764 0.016959693133328 -0.322097913723819
-0.148535847006155 0.264852023619355 -0.159719270113729 -0.320137381825521
0.0561723230326905 0.312308914937171 -0.203897297349638 -0.272801075156929
0.258218057652514 0.25880848382919 -0.25313751002635 -0.241309399272677
0.314425727933947 0.085948553570964 -0.276684111069821 -0.187426893897143
0.28543790825087 0.0196711668919402 -0.123262494655632 -0.215964365769517
-0.0424860102471161 0.0343142068978187 -0.219485000196869 0.132336898219304
-0.119704252325266 -0.0579643925575273 -0.211890536475754 0.0931562628592677
-0.0371902177231755 -0.125065780423521 -0.085535636886871 -0.0969820107937523
0.0899495393868785 -0.126737516396093 0.135471223755389 -0.286374623349825
0.129035426320216 -0.0215066781788686 0.358386179296956 -0.268675127548505
0.16091398560985 0.0449589488245373 0.339861130696053 -0.18679607125067
0.175864379061474 0.0476888997331031 0.275163867568488 -0.0672196942438631
0.113997957110281 -0.000599896541426879 0.209031768117514 -0.044070696236344
-0.0300202059866257 0.00870818214271607 0.0466219840340775 -0.203639648495905
-0.123226302671785 0.109388177189317 -0.193922879409796 -0.203826252292373
-0.0707282412049978 0.190940130766925 -0.277512295213276 -0.0538452195578751
0.0652631594275206 0.168837522307138 -0.20783322200617 -0.0222461575552463
0.158605784851133 0.127132326292341 -0.272104102384027 -0.0703315823343335
0.186626216858155 0.01563816481318 -0.4036788864751 -0.0755179977831279
0.172613310683182 -0.00662766733838585 -0.267645820320523 -0.170749004822709
-0.0106330438708549 0.000518755716124462 0.312900019540234 0.138417152591598
-0.00548689730427472 0.022845321119175 0.432233129326796 0.0307970707053108
-0.016109967849276 0.00675861445532409 0.252375987735641 -0.0186824807565844
-0.0110476911901891 0.00685532495313876 0.156351546313855 -0.0874075240065384
0.00956777335548576 -0.0123559454936534 0.291684887479644 -0.0765928640765793
-0.00548044226003569 -0.0242832750459894 0.288797195092912 0.123837401964856
-0.0159646359650689 -0.0207137186694354 0.0137848336780114 0.185501925265703
-0.020054754557024 -0.0244372841231284 -0.238932393646985 0.0546027677346283
-0.0289153553090018 -0.0267239683241029 -0.331462079344196 0.0576374763768619
-0.0272263684748154 -0.0325808811989871 -0.428699536381649 0.142440844773593
-0.00804154654845499 -0.000594976558163564 -0.473191651092885 0.198125880855896
-0.0118599207073905 0.0288890499683871 -0.258753727260593 0.240665211162886
0.00695243105370854 0.01573682783789 0.0136756395402133 0.129348456708953
0.0248391223128994 0.0134167329898466 0.172420635936971 -0.0986331710057169
0.00217001072604719 -0.0115367110280072 0.185240125192049 -0.155972315051439
0.15873202723035 -0.0049473269352767 0.267520546951035 0.147184009202399
0.185410068512314 0.0373449690023039 0.409493043387914 0.0463314183260689
0.158280739751168 0.10317995340784 0.279763933255638 0.00305876454378892
0.0704747635907973 0.159832159522841 0.189574584188647 -0.0351311705012247
-0.0230017466695631 0.151472445380466 0.299542248437162 -0.0217345399378026
-0.104738678788596 0.0675266145225517 0.245933117859749 0.152721883384218
-0.0487145549990379 -0.0255907836615812 -0.0245485325385124 0.179597461436494
0.0800842652086281 -0.0435753020319943 -0.228128659918761 0.0455258302679411
0.137186290099683 -0.00987363430661777 -0.298202501848983 0.0464480563864665
0.13474008346504 -0.0130997301159376 -0.378947463905145 0.153320203352644
0.130365883295313 -0.0375322506547339 -0.407188310102523 0.243807974762609
0.0757129912743766 -0.0850776841228167 -0.191008477575141 0.280984110940827
-0.0121202256802656 -0.10943793170156 0.0739902276902539 0.13324430768972
-0.0782978219419214 -0.0358264861086428 0.204496302760863 -0.0970803884141844
-0.0354669453690335 0.0161003877657209 0.206951572331834 -0.148252044354623
0.273956939643052 0.00253337372115314 0.136604302582699 0.189953518724534
0.31889172745799 0.0497491199529153 0.316024282054417 0.142704631407262
0.297320686489101 0.178144460545362 0.310554651065277 0.13070881598957
0.121872335685076 0.279583417432978 0.254892131675925 0.160609975775756
-0.0653724715570111 0.251433081925574 0.26844488025442 0.193910943944952
-0.155274161520804 0.093953953272314 0.0941827875376799 0.259897106694367
-0.0335782859849808 -0.043119086707145 -0.119905381804732 0.169773859180328
0.15986486539224 -0.0562751270807274 -0.18285698066235 0.0288145720726042
0.257414199196851 -0.0141642328832622 -0.171093615851615 0.0548789070393686
0.263067998070004 -0.0329258046773249 -0.176497637678306 0.215048596219773
0.228458069486617 -0.110293471955244 -0.137515108415002 0.362294972849853
0.0989668220740299 -0.19664672294674 0.0831241006313564 0.333405009971397
-0.0600387729729227 -0.169319469220138 0.250773108816912 0.0817084309464198
-0.134899886953307 -0.0292952027913991 0.28605805302903 -0.131790272700466
-0.0206772794387883 0.0480455130560035 0.252461138514279 -0.159362690163194
0.292691307064587 0.0305796426734436 -0.0386979178645359 0.235250855270975
0.322094923471926 0.0809884903838159 0.124785570852975 0.277884597481083
0.298856457686793 0.21568197072347 0.215668141674852 0.333195843061196
0.0763773423158639 0.288998357712591 0.168997646108646 0.414129601542868
-0.105215428988148 0.189567987879457 0.0740308714205802 0.405429818889279
-0.112350420790083 0.0136533002557553 -0.135934989406076 0.302997062140291
0.0518824542396052 -0.0738873474608215 -0.199020859247268 0.12364665613142
0.208239400735738 -0.0610481260866062 -0.112421253067011 0.00692155405188108
0.284797560086873 -0.0453157440458851 0.012582400069704 0.0366308907082088
0.27140801262939 -0.0994789024545661 0.142749026230495 0.15737695282453
0.172285154737185 -0.174881586417415 0.263094176130017 0.222596637919201
0.0116196351323268 -0.18385624967967 0.398597045790862 0.09721766779911
-0.0819543753521884 -0.0670552649181483 0.373482653961387 -0.132948030171057
-0.0751822957874791 0.0540995422268055 0.318765029599774 -0.217445133329505
0.0713902778763545 0.0731743322139551 0.268002350115943 -0.191670381858649
0.215180029846166 0.0662240901081055 -0.194055580614117 0.246050438798468
0.164910258195304 0.107011354572413 -0.11534028854948 0.351067107926117
0.122945584344059 0.163531385324273 -0.0570111796871221 0.434425542637864
-0.03536098767507 0.107979325014431 -0.148068712409448 0.44852407275405
-0.0637521270266196 -0.0212066943614925 -0.232366515362503 0.322314279728571
0.0416394275350066 -0.105623478363145 -0.295592756315838 0.149815416811248
0.179084021154293 -0.0862330335136384 -0.186872953527645 0.0317447363217727
0.226368516789374 -0.0587661570990196 -0.0242515878973884 -0.0175917568455754
0.210125040303879 -0.0714968168173277 0.167986339745474 -0.0375287384259064
0.112515973715831 -0.112912596679795 0.343868823837253 -0.090711765775426
-0.0276555299913867 -0.0746605008006804 0.393810329658749 -0.214774192597113
-0.066499409845607 0.0457618434620043 0.35384770582471 -0.342266022412438
0.0351393612286229 0.155046442402972 0.224840835903021 -0.381294447579302
0.110130602223563 0.134344995507694 0.192720779862631 -0.294767421458666
0.202272113623963 0.071314699213305 0.200063567605683 -0.227171411625749
0.088888718888258 0.0814571020750231 -0.271763912159915 0.215433276152112
-0.0455393325033699 0.0736047461744843 -0.278019657093026 0.299224501558622
-0.0716494854288125 0.00801580584745987 -0.292346301808114 0.276559274845532
-0.0522217154340122 -0.142355062967763 -0.366790569279256 0.109906005211971
0.0833850656522344 -0.17656036641032 -0.294987678892773 -0.0770991897364078
0.215559220479511 -0.125195527337172 -0.2080878460956 -0.120567644507234
0.275794108293767 -0.0540585692141054 -0.0592901043890585 -0.0602206648095205
0.215066338053265 -0.047790884085458 0.0681649584768876 -0.0388803408649266
0.084887861408117 -0.0593996623256337 0.208866112545302 -0.133620779386773
-0.0870986744375566 -0.0115344680763301 0.251503535067941 -0.316762467344206
-0.159961980306126 0.152624695543032 0.118779381198617 -0.46177253276549
-0.0150297331547134 0.287083027698909 0.00356248560824947 -0.479841327288744
0.213709105265904 0.286911418122059 -0.0809461283965058 -0.399859647920161
0.288516542994773 0.134134796043555 -0.0549489804725936 -0.278073827421595
0.292903478135377 0.0402504073396398 0.0483698470346626 -0.2367002834455
-0.0119553542955083 0.0658679255676923 -0.261175942744329 0.173336340799466
-0.154013808287166 -0.00765493706927642 -0.281697933542298 0.182558106989751
-0.104616481376073 -0.127576262219189 -0.265131494814976 0.0212542599618239
0.043416106086808 -0.225025280150649 -0.18794926469362 -0.246895816192219
0.182189952637957 -0.136701819432599 0.0178219379607907 -0.348657983707339
0.261256663939235 -0.0344956421676257 0.0831155835875121 -0.257002328761713
0.27635375671121 0.00448821247511756 0.124347821510176 -0.0969629580986455
0.176629209755115 -0.0296611394959846 0.149232271688977 -0.0527088017523427
-0.00867542682871381 -0.0225817259468541 0.136956718780203 -0.198727052683059
-0.168114834066337 0.0993281329299413 -0.00618700371928137 -0.325914959538025
-0.137430670024836 0.266931451711455 -0.1835373454798 -0.30640612493582
0.0679065691359736 0.30734732345075 -0.219893974678066 -0.253941716752935
0.266401150171005 0.244545898116507 -0.261232405224084 -0.222061912992571
0.313801132985568 0.0694651501715269 -0.28160087551424 -0.167879121388408
0.281280793419898 0.00302251802968591 -0.133212366224928 -0.204350665003781
-0.0397275497981519 0.0359577646597611 -0.208460518515011 0.14461739579658
-0.120901984577602 -0.0529325091718307 -0.205614532252495 0.103721972907862
-0.0422146658527497 -0.123554727772292 -0.089785993873939 -0.0960062242699985
0.0847407661083145 -0.129173789826518 0.121757018275169 -0.293863243363821
0.128408408089556 -0.024972708076625 0.345907453673371 -0.284703067205372
0.162347677529614 0.0382492004988995 0.330520488088098 -0.200170178341353
0.176932679027985 0.0391718386482638 0.271152582591231 -0.080278573824478
0.113711478919684 -0.00840841611946601 0.20848173280589 -0.0569244867715563
-0.0283691282357396 0.00611326460297023 0.0325620579340684 -0.210159437710178
-0.117495505736865 0.111052542314876 -0.21109014963831 -0.198123972612625
-0.0638631206644263 0.191502831548224 -0.284482474248503 -0.0344952584871855
0.0700929119487523 0.164730216479213 -0.206440503232864 -0.00383995955607231
0.162648141926011 0.119397187444027 -0.268846726289188 -0.0528736857209783
0.185229937466692 0.00592476230500105 -0.3988101049446 -0.0524109475717565
0.169571367100273 -0.0159744910412546 -0.271883905938597 -0.151503624817838
-0.00923035162491364 -0.000242371796949279 0.306234821591309 0.145729035738446
-0.0043096847563759 0.0209242066436551 0.423721674486818 0.0450434865701651
-0.0153232916053222 0.00548235364617599 0.246172984937741 -0.0113335586996493
-0.00982383985248662 0.00570502680140666 0.155264205064893 -0.0859155883345992
0.011399683867037 -0.0123371444808071 0.296641723397228 -0.0672025636555311
-0.00217336577853067 -0.023043898497552 0.289589903443179 0.137755782350106
-0.0141968675300569 -0.0196802196058321 0.00516647544159995 0.191133573258326
-0.0211354100823603 -0.0246542728214054 -0.240972444257995 0.0464560161550655
-0.0278852351305709 -0.0272703174596672 -0.331502670254998 0.037181112932155
-0.0259710130627282 -0.0329295896100203 -0.429171941320539 0.11416542993293
-0.00831063605037268 -0.00117695888873832 -0.478355961431841 0.169689318170678
-0.0120300207858536 0.0287007328055115 -0.272226023557197 0.226785246728835
0.00660864759075231 0.0156282662238279 0.00767219390009146 0.133175626186408
0.0219941135488702 0.014172182988095 0.178163757321913 -0.0880588134005517
0.00156392114226225 -0.0122083604626945 0.191340027127249 -0.149063749882711
0.15832974450376 0.00138744562425371 0.259666613328544 0.152479914451807
0.181586205698182 0.0442180594044994 0.398953941332839 0.058190492912339
0.15102181550306 0.110094204273961 0.271320878808266 0.0113276952709572
0.0606264709262751 0.161344032698117 0.18693856801205 -0.0333330938501972
-0.0319838777429628 0.146582213471021 0.302086222259048 -0.0141882512773285
-0.106353182235151 0.0601618245372321 0.246627179145065 0.163638422492402
-0.046069291471285 -0.0285731946924272 -0.0318610418842158 0.18283819062597
0.0809239408235429 -0.0417797783230474 -0.23112853305808 0.0377268753081749
0.13469294445085 -0.00185140484515728 -0.297078951842051 0.0285498243643267
0.131993409314125 -0.00444965223154815 -0.382046716837859 0.127430177339203
0.131403356534894 -0.0283751227874181 -0.416114782191369 0.219799820845975
0.0810623291985558 -0.0778033392119562 -0.207095421091886 0.270300441118726
-0.00509430204793598 -0.109105366010649 0.0666900834090105 0.138536114143443
-0.0769861736087996 -0.040428016378413 0.207612282978358 -0.0857681742031772
-0.0376803912719354 0.0132957087257929 0.212695373574142 -0.141129950382794
0.270477501210769 0.0140619389799755 0.127810457882737 0.189824615344806
0.312096617463104 0.0631336747009358 0.304127203333546 0.148545602299951
0.282574156488773 0.190567307953508 0.299431450112838 0.135793120970542
0.103304310395934 0.283011399181696 0.246086875523778 0.16189304022604
-0.0790947410119285 0.240562233522377 0.26334439719362 0.197904265206567
-0.158419204445148 0.0818568866131795 0.0903956950623723 0.263327991612365
-0.0295351372222187 -0.0484682034989011 -0.125565687401676 0.167339509243106
0.162053746269508 -0.0512318659699732 -0.184124966875395 0.0230553621456785
0.255238182933935 0.000358500473778763 -0.173778299258839 0.0426907299627689
0.260367943801357 -0.0174279000692324 -0.186446470867162 0.199304412657309
0.232757407772197 -0.0960353120406399 -0.15654877525057 0.349042878848302
0.111432419357576 -0.188318136744343 0.0636990965115733 0.334587877100505
-0.0496490397529946 -0.17304447036857 0.243782178656699 0.0948614436628855
-0.132611717349808 -0.0386546270723213 0.288045410701453 -0.117103475211855
-0.0250724611971474 0.0448390580949844 0.258480820389905 -0.149475092593777
0.286783572366755 0.0431858954506765 -0.0475142686756565 0.229116629671236
0.312193764287361 0.0938076535389878 0.112742545479912 0.276115787370299
0.281850767931516 0.227191294154857 0.19979191224465 0.332810505365055
0.0594832389036305 0.289515184103508 0.154598815135016 0.411989796429835
-0.116522265946539 0.1785124857901 0.0615829471380731 0.401618736603538
-0.111582279463316 0.00382145322838746 -0.140704353580742 0.297939135932111
0.0568821752671727 -0.0756294337378673 -0.201015903115365 0.115116960873186
0.211875898879944 -0.0538491967887519 -0.112503731722503 0.00393655428914276
0.28453160775965 -0.0308460041198578 0.00755691582330214 0.0356839546998294
0.273167066588179 -0.0831036823033842 0.128394156369777 0.159892364667906
0.181620705719886 -0.164356744981554 0.245155907595198 0.231786891618503
0.0241674215342989 -0.183009905006302 0.386881483399278 0.115610752683188
-0.0770557324793846 -0.0736790140378959 0.373656971759207 -0.113327964411751
-0.0771753325894629 0.0463857419088418 0.323574393411957 -0.200517986663814
0.0656398244325687 0.0741517778791833 0.274949503909759 -0.179440736808242
0.207302389673242 0.0751347635804273 -0.201071519190565 0.235922500573441
0.157508594240204 0.111901814006517 -0.12710627615588 0.343513588888214
0.111817184518146 0.166965175859357 -0.0713068306231745 0.425604582471218
-0.0413600998222157 0.104917916755305 -0.160797150730913 0.436621722946083
-0.0626776056677076 -0.0281536477204674 -0.240573431340745 0.306852742376175
0.0470059447776469 -0.105710774094452 -0.294895555941831 0.13717477153439
0.183611226165853 -0.0815467331107632 -0.183548878917085 0.0234358194046201
0.229837568452756 -0.0514270220077806 -0.0230254373735499 -0.0171116427253618
0.213568195417035 -0.0629465743364718 0.164012695110113 -0.0291356407000037
0.118696042973704 -0.108072868752581 0.337564069699965 -0.0732307976570938
-0.0223555601487861 -0.078632107578207 0.391767899786683 -0.191168902542651
-0.0678423331565115 0.0384971058419114 0.362089256593721 -0.317955403414352
0.0253137688156419 0.152850927690311 0.237182072686533 -0.36144207041968
0.102380873893163 0.137309004044999 0.203041373791972 -0.280183813510303
0.196259854905534 0.0800175282284692 0.208982128253552 -0.2154436241411
0.0814598582650712 0.0841386610113474 -0.276511366980382 0.206137181504411
-0.048170461532981 0.0695021647252022 -0.283242365402421 0.286970585550242
-0.0700810457676004 0.0028630444813241 -0.298789274966382 0.263219991500816
-0.0444843230272365 -0.143802028029246 -0.366811367542423 0.0926710542827615
0.0917554864525001 -0.171349587838504 -0.287297594045564 -0.0905081766233144
0.219224693153848 -0.113477474242948 -0.197425096602837 -0.127622248684541
0.277337788272042 -0.0430824409951574 -0.0521709084106009 -0.06222161793918
0.218380007405694 -0.0408713680912056 0.0695992260060194 -0.035015866180789
0.090445785709911 -0.0594735023934118 0.20951275235587 -0.123279551763914
-0.0841041977881038 -0.021436116796314 0.258315791725323 -0.299282336314838
-0.167974365782301 0.137590979230197 0.132847458436371 -0.446646246587964
-0.0337552512182335 0.280626489432725 0.0209473311510942 -0.468373116265493
0.195164836075637 0.295196671765739 -0.061175986720297 -0.393687326820414
0.278308524277945 0.148057008161562 -0.0408683453854654 -0.274746980981766
0.28880046448055 0.0549617247061635 0.0585415973297169 -0.231339484919353
-0.0164956483855126 0.065079239229609 -0.263700628891042 0.164906217679184
-0.151502300304823 -0.0153128798532062 -0.28539570405115 0.173845572352594
-0.0962142486545722 -0.133183656047747 -0.264334747295014 0.0104065455728604
0.0550747233926392 -0.220398293286954 -0.175841316518344 -0.254880516011604
0.188089007155318 -0.123962462256354 0.0348772183111572 -0.34444381242647
0.260935255312201 -0.0216034057904199 0.0952238507148097 -0.2506842115217
0.275111609939836 0.0154818228255953 0.130662280248547 -0.090280120176675
0.17854777100763 -0.0240385801236464 0.152394185345983 -0.0465949324781665
-0.00443670426649037 -0.0287398949926234 0.142152157733631 -0.192272906147324
-0.170963766141623 0.0828212010805662 0.0041342373702963 -0.323828361725894
-0.153679458704785 0.253023729027938 -0.173441066783391 -0.306885963869225
0.0453809007824305 0.308169842734633 -0.205379146296696 -0.253345444289318
0.248921128546666 0.258582314085855 -0.24443372202379 -0.226940101754406
0.308180769129173 0.0867441048907524 -0.267357703689705 -0.176033422784604
0.281326051333553 0.0188309413073758 -0.123402461852798 -0.207661409226025
-0.0412023636781015 0.0357187946482285 -0.210393287623989 0.13929697417318
-0.117154658438525 -0.0579205721616111 -0.209659864424551 0.0963142621836142
-0.034868010277351 -0.125284931748718 -0.0863941216907598 -0.102601330640828
0.0915004190399015 -0.125069157388335 0.134555866454606 -0.290802580999108
0.130973062515302 -0.0172407568872777 0.357307501460594 -0.267628006198134
0.159254490170626 0.0454955124336242 0.336807137217041 -0.18167252282799
0.174352532109078 0.0467756296203964 0.274039971092666 -0.0652744636114689
0.114216855115234 -0.00473121874772535 0.211793633592824 -0.0498562049217783
-0.0266408115182031 -0.00058224219739836 0.0403633941815224 -0.21083947161664
-0.123125766300958 0.0997107875777848 -0.205928672470862 -0.208888116733538
-0.0759914062044608 0.185206307269213 -0.285379400585805 -0.0441248730157161
0.0580048664589286 0.167704982003683 -0.201907035849025 -0.00679272066779231
0.154938643775744 0.12876456819762 -0.256418230872334 -0.0614987737327031
0.184305755842469 0.0169595756677965 -0.385518669364544 -0.0685472474835334
0.170326487969568 -0.00566384777391349 -0.263939241784984 -0.162463007286927
-0.00994984813418811 -0.00092577928959018 0.30840422252457 0.138630770248624
-0.00428045759340559 0.0206814094483189 0.421366700400453 0.0373774780469582
-0.0137226545052913 0.00509472954431334 0.241639593421735 -0.0178167928852695
-0.00919615284532391 0.00542459809174537 0.150783484337613 -0.0929646773983472
0.0122063800211507 -0.0126151629098631 0.301417412311048 -0.0776687298406004
-0.000881684948103431 -0.0217479027308677 0.301057951669149 0.135943891878772
-0.0149204780027639 -0.0178458377089542 0.00958778798421705 0.199934426971486
-0.0223615244020704 -0.0243433862693902 -0.246762298966079 0.0546305350759349
-0.028626493642779 -0.026871588989549 -0.336880230969793 0.0409577244982534
-0.027108476614464 -0.0314081556070282 -0.431436429287634 0.11825239537709
-0.0090562651534632 -0.000605028919665226 -0.482412061243269 0.179630664413597
-0.0112864481796262 0.029327730355482 -0.274116141662979 0.237978034747578
0.00723093044085397 0.0149983545789948 0.0100578794220847 0.139801616358693
0.0218230651379167 0.0138144062155935 0.179665102759367 -0.0916684031975381
0.000847673550525105 -0.0124784640740372 0.187918611408252 -0.156415010990456
0.158584128187769 -0.00183661040628585 0.262717776953278 0.145386570731905
0.181950422927879 0.041653896913837 0.397551303880632 0.0503469102002174
0.151992296079946 0.10866027663483 0.267119261262973 0.0038370513686684
0.0617697246112374 0.161366539059019 0.184043266717251 -0.0415755157054537
-0.0310306908840266 0.145738637637051 0.307609093764549 -0.0259267747139634
-0.106132089494021 0.0599404073629456 0.260208664264072 0.164945741612262
-0.0453737266545799 -0.0302957405138535 -0.0291315486077524 0.191877789287185
0.0811695722997035 -0.044420871044806 -0.235430912328763 0.044437222622223
0.136251771585094 -0.00359565923529219 -0.302384822816631 0.0315490690041632
0.13202805232617 -0.00514507997424171 -0.385945762180194 0.1325381773886
0.131354443000056 -0.0296900349249099 -0.418407717303895 0.228725086861605
0.0817983134594175 -0.0795771670038264 -0.208335343492987 0.277449457135375
-0.00609941735510736 -0.109263559911337 0.0701076888864381 0.142725999443313
-0.0780109781283064 -0.0404227083085221 0.20896177526952 -0.0898468900714832
-0.0372327841607138 0.0132728526204173 0.209417674860774 -0.149860303355521
0.270397989755795 0.00783385458311392 0.131768496495892 0.185378949746607
0.311688270039781 0.0583455539290709 0.305810876269173 0.141514622379183
0.282802099303142 0.187241972990702 0.299305700793388 0.127805842294781
0.104611945934171 0.283638937931053 0.249380821626059 0.153662469023611
-0.0808157224243462 0.23950669149389 0.273320187581389 0.189461973274937
-0.159853541458185 0.080706398123439 0.102464011835998 0.266769458189243
-0.0288314450841369 -0.0530737749449107 -0.121717688748598 0.17609023214742
0.164430600196811 -0.0561501693732022 -0.186975262013158 0.0277575205077285
0.257605291354484 -0.00385614306021312 -0.177298934504951 0.0456168174871445
0.261830508881138 -0.0195023720918168 -0.187153346888055 0.202203342435002
0.234147546030254 -0.0994967354455217 -0.155172294066247 0.354246732964958
0.111922498444086 -0.190036439561975 0.0678035921817664 0.33824081719405
-0.0509476927647915 -0.173325216670514 0.247660574851631 0.0932809148767907
-0.131873295286038 -0.0392796269963533 0.28807758040213 -0.123958670907598
-0.0238275184181416 0.0434753683319837 0.255467702050147 -0.157015026428935
0.285962821490897 0.0356602164661114 -0.0431863999620478 0.228411394001072
0.313282221406475 0.0884301818500019 0.117848122394143 0.273285349821641
0.28351085229578 0.222459641318004 0.207482985590614 0.326002484429255
0.0598230541510185 0.288526535127104 0.163352261725496 0.404843108709404
-0.11696168129285 0.177148770715815 0.0739276933244941 0.398763082019538
-0.113453292069372 0.000236081401906181 -0.129802888782367 0.30418554929755
0.0591603329478704 -0.0825787309165211 -0.198585392271202 0.12190990395326
0.215587989242795 -0.0613469137339826 -0.114372821055983 0.00790739802599758
0.288378487374277 -0.0368858754291194 0.00562333055126802 0.0353514513622825
0.275803544060196 -0.08911964235386 0.128983303174645 0.157953480965802
0.183426803366006 -0.169072988037201 0.248954055746234 0.228663155231521
0.0239749575512874 -0.184904678229988 0.390159237923052 0.110251315764712
-0.0766660262272863 -0.0750440972475019 0.373230302116747 -0.11958889906299
-0.0750493779199529 0.0450456112761619 0.319143991673189 -0.209311798369183
0.066871752993994 0.0706090834125905 0.271326036096253 -0.185828406485789
0.207585258464637 0.0696119270402782 -0.197921897602536 0.238132855952453
0.159420298296632 0.107323946441037 -0.117960196824218 0.345068207574735
0.113650165429176 0.162604561164354 -0.0632284578332542 0.426871614653846
-0.0412002517006033 0.104445010550375 -0.151768143281864 0.438620279384624
-0.0641839220793012 -0.0301555751864579 -0.233808248335055 0.310943001658729
0.0465464962734001 -0.109957053585302 -0.289351804371263 0.142233521501676
0.187291920946219 -0.0896809281032499 -0.181168767085655 0.0275149073537785
0.23436467837282 -0.0582740026324652 -0.0227572659633428 -0.015529213381507
0.217726963890951 -0.070740320221695 0.161977513273644 -0.0334363194078868
0.118489075604088 -0.114796089152612 0.335760150806633 -0.0822342577458276
-0.0224923654226865 -0.0822026647822487 0.386416850390815 -0.19995991700533
-0.066902278882503 0.0374415779003336 0.353359467086884 -0.327406707455624
0.0278084687660334 0.150091430448829 0.231301283752297 -0.366805808658125
0.106121899490086 0.133649210838229 0.196621285797674 -0.286549642621822
0.197463904341601 0.0738956364190802 0.205388359247796 -0.219339695683877
0.082039978573205 0.0806275702344914 -0.272516864989424 0.211671437507617
-0.0466673141125401 0.0674064529888233 -0.276480152542884 0.293836398949375
-0.0676751238362056 0.000428797747292561 -0.294765287189354 0.270139372115024
-0.0441916017254699 -0.145130669584794 -0.365489346474485 0.0974980010992038
0.0921639438145256 -0.174537954476985 -0.288228247178777 -0.0869390035793106
0.220828209362417 -0.117536261132728 -0.196753489752943 -0.125821061313943
0.281285583169292 -0.0504861580896238 -0.0504889202136911 -0.0631973850126051
0.222239531456534 -0.0462474054782407 0.0718650169620698 -0.0366940061306975
0.0939414225599129 -0.0666114880817894 0.206824645759532 -0.13110633573207
-0.0849587819753919 -0.0269221153328826 0.250024921776134 -0.310218621753334
-0.169689025499371 0.137134378634424 0.118782563115988 -0.450417930066529
-0.0308486376130204 0.28158562546895 0.00723015674011251 -0.46708197757157
0.199208001772268 0.290901668188265 -0.0689693512188426 -0.390743110022589
0.282534325332115 0.142418914197126 -0.0469986798012074 -0.272093591313557
0.289119051708589 0.0481114255261435 0.0539359168790579 -0.231321894804235
-0.0158932547962808 0.0643811587631275 -0.259613661550632 0.171916164800763
-0.151754681363449 -0.0149889949755141 -0.283016917059187 0.180512640914682
-0.0967633942369348 -0.134257324531547 -0.266310022648532 0.0135257386655238
0.0558371787123851 -0.221090475257 -0.180631287368678 -0.256429915651014
0.189864237689516 -0.126035572743773 0.0333340111596384 -0.348561096034652
0.263542078240863 -0.0234692165772456 0.0939182276841605 -0.252746666141663
0.279050592626375 0.0106466563322581 0.132369205726127 -0.0936190827362785
0.181656997764188 -0.0296674345672196 0.155711989441227 -0.0512124612315083
-0.00162267102887294 -0.0349514954499196 0.137092246428097 -0.200811020462022
-0.171911032867376 0.0812867695825652 -0.00859948612896371 -0.330518830919393
-0.154081507744159 0.254394863073093 -0.187491483882795 -0.301484457843247
0.0474454654861607 0.309564889661984 -0.213398186705602 -0.244119036702169
0.252669635304704 0.254692999415072 -0.248401982611321 -0.220040535015021
0.310235338388765 0.0803311025424912 -0.269391008753544 -0.169331887294409
0.280722654800155 0.0111760481109973 -0.128442741524892 -0.202720849007723
-0.0403842621779107 0.0354524396092358 -0.206428356286351 0.145584517982016
-0.118320933861652 -0.0570461206216973 -0.209924695674822 0.100328008305919
-0.036625192470463 -0.125660279157978 -0.0893306087663437 -0.105731198106755
0.0920463819984209 -0.12588735749148 0.132746473673994 -0.297135723902245
0.133287458594896 -0.0181085889872343 0.360093377669005 -0.275717228153219
0.161698980904051 0.0449406084121368 0.337079012027673 -0.185618357630116
0.17702580699099 0.043799516295537 0.276154764088327 -0.0693221395668321
0.11645419780293 -0.00851700916603081 0.215621192413945 -0.0568126118893284
-0.0253052071425389 -0.00497332251614389 0.0343743209612933 -0.219078040211236
-0.123179531183717 0.0992107766581704 -0.218705581553109 -0.211345226195147
-0.075156139113233 0.186866180094644 -0.294231693382875 -0.0336898398057669
0.0586628132429895 0.168764332448121 -0.20232452298695 0.00430885162095976
0.157817153870612 0.128204549469196 -0.255520348973015 -0.0543174029643698
0.184585679885641 0.0137504391294414 -0.386066309026161 -0.0606688294069318
0.169673003544626 -0.00937661220780497 -0.267327814819215 -0.154792401663355
-0.0107332692929595 -0.000836636808159867 0.317934188200999 0.127859032770082
-0.00430236690200194 0.0206806595068811 0.42725414771944 0.0237404894821768
-0.0143019121268663 0.0053315023168799 0.239418948846698 -0.0260975156922989
-0.00768740147215557 0.00595337512952708 0.148044814988691 -0.104347345473035
0.0134751867118738 -0.0132697598407698 0.30968446939666 -0.0941306620105139
-0.000711228172501275 -0.0210259630537721 0.319292717883341 0.132156526557765
-0.0149171788859215 -0.0169599827597309 0.0160474368266258 0.212349280052669
-0.0239754605757393 -0.0228257451974669 -0.254921677581604 0.0662845816876936
-0.0296019159222114 -0.0263383999309158 -0.346272860858794 0.051254930992364
-0.0289154952644893 -0.0310338629364074 -0.440375045809924 0.133012721201373
-0.00926929409763478 -0.000525354394667959 -0.491423983061015 0.200243538376331
-0.00965096118158349 0.029489614048075 -0.277149269413023 0.25566576606712
0.00865535893189415 0.0154802428684975 0.0150987186688186 0.148234831353375
0.0215070464350832 0.0139656903686453 0.183636695654287 -0.0999973346532491
9.04151966367641E-05 -0.0124967043902886 0.18563772650457 -0.16850745519848
0.160081101059804 -0.0073822442542626 0.271377663612118 0.137841111203407
0.185616966708473 0.0369955810881291 0.402232752342551 0.0380055383838045
0.157306084948131 0.107209042311534 0.267411222454487 -0.00592223568526683
0.0653410140174676 0.163512283862396 0.183540330033146 -0.0521646724839684
-0.0300167640061574 0.147684920896563 0.317662177091703 -0.0417424669498457
-0.107235647381952 0.0626024381605563 0.278211911105083 0.1614244581348
-0.0463042572768509 -0.0322343472909662 -0.0219704331820253 0.204006261869159
0.0819269364468767 -0.0496143325272675 -0.243602278048442 0.0546937754204715
0.140353479451475 -0.00683976425382361 -0.312610729095626 0.0408397477707515
0.133990420064848 -0.00735294787580687 -0.392622332157082 0.145261328434144
0.133926171984918 -0.0337965526452404 -0.424071737665505 0.247324161623543
0.0827376638201849 -0.0838011662909094 -0.207219466036854 0.294754809610996
-0.00885738988195812 -0.111401905330803 0.0765989245559244 0.148768085530416
-0.0803876948848624 -0.0395710990773059 0.21174716844952 -0.0991403230360466
-0.0370359764104285 0.013713675972134 0.207475084115235 -0.162785351413017
0.274908437808962 -0.000632696427145692 0.139082303023217 0.183001087844233
0.318260191012944 0.050452410315348 0.312913391108086 0.13186633443658
0.293512450635063 0.183601906105158 0.306503411560105 0.118234948305561
0.111812212442427 0.286323790289462 0.258676485816305 0.142581002913691
-0.0795141442295697 0.244619685937269 0.288140277821355 0.178027036062724
-0.162166482126335 0.0831665529586448 0.121911626484513 0.270784974113097
-0.0290795813873365 -0.058269787499549 -0.117935608548853 0.189880994950219
0.168388024200587 -0.0652872871634095 -0.193744254209072 0.0364759201203164
0.264564909621106 -0.0125368831721798 -0.18280434041639 0.0517219220623711
0.267052183279821 -0.0270054981359608 -0.188854767421214 0.209824516575176
0.237866960368311 -0.107397824614932 -0.149468506361202 0.367679438078407
0.110289955597051 -0.197419358069796 0.0791893110971868 0.345167384187921
-0.0554027434443407 -0.175865339627633 0.256819751022823 0.0889883524890192
-0.134609854677315 -0.038053811678737 0.288862158293239 -0.136715964208344
-0.0223498690633728 0.0436802843367498 0.254133467896142 -0.170678394173386
0.291943861952982 0.0271268446285923 -0.0367233003466748 0.232025078791537
0.320104968753209 0.0790687188026441 0.129217001072898 0.271460506206632
0.294274654883857 0.217989186080851 0.220305808065352 0.322190590841287
0.0659560962543882 0.291770918560755 0.182174274100875 0.403629117571962
-0.119525913752409 0.17988613134996 0.0916213519183661 0.400559070996322
-0.117159210234993 -0.00123749503188348 -0.117053189351214 0.315439080351668
0.0603474419386596 -0.0914689304924851 -0.197967285303651 0.134274972090083
0.222315641388632 -0.072151261306771 -0.118271232605958 0.0127968184237653
0.295910818778833 -0.0490511318909385 0.00323758642548857 0.0362443126789756
0.279486454669891 -0.0999149640227245 0.133221003009592 0.155198639550874
0.185101912485798 -0.178728711916102 0.258327517980565 0.226085790571784
0.0217111169237892 -0.191514135703193 0.401652030168499 0.100396331582432
-0.0787760852170855 -0.0761657143594537 0.378115759568991 -0.13377209016699
-0.0733540062541025 0.0442089074182767 0.316389589946793 -0.224923065834446
0.0698397139919288 0.0672260946511975 0.269438769013722 -0.198859586424578
0.211852206285196 0.0612719502468879 -0.193197947581752 0.248658549949607
0.164808042099949 0.102106764441838 -0.107418101529174 0.354474536240059
0.120957068708939 0.15880946651685 -0.0492783246127408 0.434782471219948
-0.0389996871008374 0.105878799811892 -0.136956980244995 0.450137453438491
-0.0675982661921659 -0.0325714376440317 -0.22567693783288 0.323518434482666
0.0458218621353771 -0.116414526978123 -0.286496195800946 0.154392626605771
0.191689124969408 -0.101849503423971 -0.182620888170426 0.0335322492162857
0.24194983176921 -0.0693355004439923 -0.0237184606141181 -0.0143989610326442
0.223390915625301 -0.0823225212165332 0.161760569526088 -0.0408650697731523
0.118981139528397 -0.125304549435864 0.335805205006407 -0.0962271610390848
-0.0252618161989318 -0.0868097850733077 0.384649531744016 -0.217095167178266
-0.0661200441042531 0.0383189201811599 0.347076625934656 -0.343779866557206
0.033271631790338 0.149538527014627 0.221402966496106 -0.379133817817888
0.113755351363188 0.129044921146732 0.188164274065711 -0.29874945686798
0.202539306744654 0.0667192776929406 0.199545046019368 -0.228908045318261
0.0849721453295903 0.0787187078817057 -0.269655628085994 0.225196255296733
-0.0460217010067406 0.0671137935470224 -0.27085951399053 0.310375328417857
-0.0683229254426547 -0.00118699730169324 -0.291814968448891 0.282820018537683
-0.0472046413994548 -0.148330445317778 -0.369604327664831 0.109238126515437
0.0909122084296735 -0.181768368937258 -0.295356812057044 -0.0797837166467529
0.225475077057611 -0.127014881357728 -0.201308980797972 -0.123018178591421
0.289386392110819 -0.0624373700448385 -0.0508247904181183 -0.0639410965033272
0.228885029430585 -0.0574778535100493 0.0737399846576983 -0.0393593972261908
0.0966205563258428 -0.077016192738712 0.205190994170841 -0.14310420920344
-0.0871203401233754 -0.0317454517070061 0.239018710893056 -0.327789940620844
-0.171513013069399 0.140214793800781 0.0980829642776048 -0.460398068669629
-0.0257741225657051 0.286572876893728 -0.0126653115440327 -0.472956286732799
0.209735129299119 0.289480079399005 -0.083925044897657 -0.393721745453415
0.292549359235631 0.133879024535943 -0.0576783937680215 -0.274079970312363
0.294682801956184 0.0381756689731718 0.0457017805398958 -0.234099523032411
-0.0142457396422923 0.065786475516895 -0.258460119775912 0.185264315399252
-0.154361510441873 -0.0127643528453468 -0.2819516284471 0.193338632520684
-0.100145926986178 -0.135933652104642 -0.271669475972157 0.0195895299175054
0.0532109790228472 -0.227915673286936 -0.192758705282651 -0.258365511560734
0.193886559167372 -0.132885958781534 0.0247911454960138 -0.357690619542554
0.27075005925552 -0.0298948002310597 0.0915059379574368 -0.260046216295337
0.287333726905906 0.00180496039976112 0.134567121532791 -0.100184052948771
0.187107459523896 -0.037961759622266 0.160541939154297 -0.0587453405135297
-0.00118388110518076 -0.0416360399424716 0.131959630684519 -0.215054525468858
-0.174389035948412 0.0819033574084708 -0.0276858010706572 -0.342047106612901
-0.153960717894374 0.260852871908797 -0.21036032184573 -0.297638122323282
0.0547700598724173 0.315579366331642 -0.228734611112154 -0.235667206989267
0.263684078629728 0.253833784239499 -0.258649532691914 -0.212819092090576
0.318311332528256 0.0715756218352391 -0.278360444336002 -0.160941631242961
0.283923505529481 0.00228954884742764 -0.138113707427197 -0.199251789443885
-0.0391890390265637 0.0379612528746441 -0.205997432466161 0.156898206331171
-0.122590502270027 -0.0549166934454398 -0.212741427065135 0.108927170975694
-0.0405950942850297 -0.126602536639901 -0.0965174391796195 -0.11110835918935
0.0916493300615063 -0.131432604199768 0.129350861284438 -0.310551942504778
0.137262949582207 -0.0214043081728368 0.362087578311804 -0.292801728210798
0.167505483560146 0.0427721567009837 0.340580650723876 -0.197091524450459
0.183458839126998 0.0402746278560155 0.281551427321648 -0.0773274862899188
0.11944832438695 -0.0140037489664849 0.22163628335323 -0.0677982458354987
-0.0256245189709065 -0.00940023685581789 0.0250664582746053 -0.232171297092477
-0.123595085739352 0.101595221225756 -0.240412129183704 -0.212925446321477
-0.0739828093922889 0.192053694075855 -0.307924552681569 -0.0189071670286265
0.0624896239588884 0.172138450608148 -0.204329430976006 0.0174330112194386
0.164912087546074 0.127560382163507 -0.258523898339507 -0.0452851936995514
0.1879045107838 0.00861004848199666 -0.390869047433283 -0.0471370598101133
0.171337890820928 -0.0159877320802107 -0.277427386801189 -0.145191496425558
-0.0119466855888445 0.000499870310101802 0.3276229441314 0.109502810602656
-0.00304778841957372 0.0208847826082288 0.42889879898863 8.04078829116132E-05
-0.0134899678729655 0.00615071038981548 0.234946280779693 -0.0407766610385791
-0.0075129629681483 0.0058653908552767 0.141149514788784 -0.117940688830765
0.0133625989692326 -0.0145547961951279 0.311107392441231 -0.118115550496917
-0.000318405312557815 -0.0210546611913489 0.339056292403425 0.118944212118465
-0.0158163896074646 -0.0155569755651372 0.0289123123628782 0.222019062954224
-0.0261335797579274 -0.0215087949578343 -0.258211403210217 0.0852151418419071
-0.0307307820502372 -0.0246835092997277 -0.350513452133437 0.0689630149586005
-0.030588005004334 -0.028794168634713 -0.441634766477698 0.154617534099781
-0.010388485692516 0.00035457455293903 -0.489628708399755 0.230877659791363
-0.00762090308684744 0.0308619740659964 -0.270458410928432 0.278886204004222
0.0101045421560781 0.0151811798867095 0.0245868169119531 0.15523177422306
0.0224822467661949 0.0130521482329114 0.182973385420934 -0.112319007447986
-0.00071713197415442 -0.0131230246728689 0.175023794244895 -0.18392065429448
0.160618782383174 -0.0156311589562266 0.280528905307868 0.122393504910122
0.188775204029628 0.0294593920764356 0.404565473650619 0.0157058868279029
0.163498471936699 0.100901621134899 0.263531763296993 -0.0219648646186625
0.0724527201992921 0.163012009921076 0.180205578821757 -0.0669540367234572
-0.0247672760153706 0.149206266208195 0.321841990919484 -0.065491535993698
-0.105520780322196 0.0682175332968021 0.299413745063697 0.149942492396498
-0.0481513768139843 -0.0327514064762296 -0.0101801590784169 0.215586920466744
0.0809229739790258 -0.0550363816531228 -0.247461800504607 0.0710901700866782
0.142102624784989 -0.0149145392042269 -0.317595885552238 0.0568133578237129
0.135219427929807 -0.0124625122550614 -0.391974185357789 0.16491543439464
0.132945874292483 -0.0403260109701518 -0.417747450148472 0.273380259194657
0.0808033346986882 -0.0886849534770621 -0.196983475530615 0.313013726292905
-0.0134798180838741 -0.111794186847166 0.0874465288141123 0.150889564095973
-0.0835723766809991 -0.0366216903664955 0.21079089380365 -0.112553461249727
-0.0363969986505223 0.0151932513338054 0.198511675680296 -0.178267561296565
0.277115023662264 -0.0162147088203885 0.150749608234548 0.175271056527184
0.322198629190596 0.0350239187739574 0.321179008916837 0.115240283895373
0.304066237413518 0.17188959954465 0.311595980584745 0.100085810443576
0.123740815514359 0.285766460302696 0.268418521813646 0.126416941885588
-0.0726331404778112 0.24882034924297 0.305520089929388 0.158310134554469
-0.162196151191066 0.0888026642122868 0.145594512082239 0.268572978819919
-0.0303962918883358 -0.0627077775063323 -0.107776142869935 0.203625202472038
0.168495219536428 -0.0783647397375925 -0.197431624891867 0.0490649712747845
0.267413773838785 -0.0271110589222987 -0.186158265137916 0.0618241263904833
0.269733914920281 -0.0391562290801793 -0.183373682258932 0.22195399751322
0.236288129196358 -0.119735192702224 -0.134699493978297 0.380867745348574
0.104250121223054 -0.20583412325447 0.0970210359854734 0.348274666308924
-0.0630039925850055 -0.175706238133173 0.267071068895498 0.0785734722694945
-0.138338759043709 -0.0349138655131699 0.283976514452388 -0.15568245298339
-0.0200903120353923 0.0434702904399091 0.246177335328536 -0.18879574905091
0.296076582234475 0.0112401469987769 -0.023784170806756 0.234905371539189
0.32497750150044 0.062399976763528 0.14629525492335 0.266161981498284
0.306280933149447 0.203636555026475 0.239374741239826 0.309931148371633
0.0790577778168871 0.292465943461105 0.206996181082571 0.395010313843477
-0.116240392395677 0.184443952974469 0.11814703959155 0.395670814236594
-0.120128534087866 0.000175229616261919 -0.095265388724982 0.326205819751783
0.0592244558222393 -0.101995601250587 -0.191271638852886 0.148968446720046
0.223641731281553 -0.0893650440584728 -0.119932381674727 0.0209342807106326
0.298794076814822 -0.0668150718279849 0.00187486509014323 0.0365155096063124
0.279444695976441 -0.116231329624403 0.139727481481608 0.1495666852605
0.180642205330363 -0.190788672599689 0.272655444653191 0.215412999055205
0.0156476703343236 -0.196647065287767 0.410043615859125 0.0804085989496045
-0.0823442441714013 -0.0759932986406948 0.375220033283616 -0.155020259987499
-0.0706844687517473 0.0443021394432335 0.305349918734244 -0.246496527622451
0.0745088683288572 0.0613058130127847 0.259225824209105 -0.217167429298902
0.215244823595419 0.0499143493247463 -0.180243743186633 0.261983505309966
0.169855781633008 0.0914235252053029 -0.0873256576135617 0.364401648867943
0.129355352513379 0.151198645904167 -0.0255218015749885 0.440706480260932
-0.0343570577107081 0.106637120020421 -0.113730487792539 0.459846171020785
-0.0716348482280452 -0.0323172708563855 -0.208222892112599 0.337721570157752
0.0410554054145805 -0.123490183034105 -0.278603510222735 0.171455875552913
0.191401463974817 -0.118746520268829 -0.180970467198032 0.0433024727223546
0.244295306346497 -0.0872435274053469 -0.0243625657569484 -0.0125531991325558
0.223497134814591 -0.0988084850591413 0.158721212824057 -0.0502026475025056
0.115195037776446 -0.136673699063156 0.330176029459693 -0.116842065929436
-0.029373574852036 -0.0895048207462474 0.371374668550715 -0.238083909624705
-0.0647698301656873 0.0391585282937245 0.330422108265879 -0.365279574564884
0.0415820381751485 0.146473752925401 0.202856070982968 -0.393531852568998
0.122613820317095 0.121081019037077 0.172556040664985 -0.310747680218492
0.206422718581636 0.0536095968222367 0.188236284033381 -0.240965129273943
0.0886306872303164 0.0730794630516801 -0.259956015531121 0.242809718553067
-0.0426698238603425 0.0667436632389089 -0.253687631315854 0.328538998768488
-0.0679202447028149 -0.00145397985473134 -0.27999546722218 0.3023607144203
-0.0525350253260937 -0.149176459604449 -0.367782710365361 0.128408397373406
0.0856685191470703 -0.190374920906602 -0.301861264707021 -0.0657580562611151
0.225077820698746 -0.139857696758471 -0.207781334771987 -0.114660767608408
0.292732652451563 -0.0809506431268393 -0.0527147997649033 -0.0630357996445076
0.231655779184175 -0.0744144826244294 0.0746623984896079 -0.0442962341046837
0.097134235738976 -0.0888542212117787 0.196800556936553 -0.158404258863923
-0.0905170348359641 -0.0333612394804411 0.218992014077001 -0.347819825675489
-0.168977066666418 0.146918787184612 0.0676659316398934 -0.469572386183998
-0.013867464422866 0.290678860770067 -0.0422046062732942 -0.472736454426989
0.225491777338075 0.280236773252912 -0.107156220370039 -0.39019897706802
0.302765318664307 0.116805665588993 -0.0727918050658701 -0.271592997918559
0.297539147583539 0.0203206691105369 0.0324276685717506 -0.236397621985142
-0.0101887769298388 0.0655658292883131 -0.249733179219845 0.20238997907398
-0.155974167983267 -0.00727670488177966 -0.274237382616676 0.211190145587552
-0.106933831977039 -0.133860042966055 -0.275776315037534 0.0320570795904414
0.0447335109508568 -0.233508053477321 -0.206429776524394 -0.254186115788371
0.192984145537365 -0.144310480660807 0.0100352067296094 -0.364386771688992
0.275140854215404 -0.0438391567426694 0.080683492854476 -0.267601357589917
0.293466010077585 -0.0144757479172699 0.132912932021049 -0.108524761015193
0.189714557624559 -0.050356980163117 0.162769641289418 -0.0699839148908009
-0.00114529449278543 -0.0497382872623812 0.117889324221885 -0.229084965774699
-0.17412170991232 0.0864454291339861 -0.0557432934173267 -0.348594887187533
-0.145660325807938 0.268942028950347 -0.236618466320534 -0.283939633463803
0.0689215941437913 0.316030845316767 -0.244672089082287 -0.219183742821662
0.277717173538392 0.24258312727813 -0.270745657706532 -0.198302693205563
0.324565504509359 0.0537117612644518 -0.28853736249848 -0.145215741472702
0.285765512800234 -0.0140375435442185 -0.150106998302922 -0.19096141766884
-0.036071959646144 0.0397992624519118 -0.198671351614419 0.17053115683508
-0.126047344431135 -0.0496186730928783 -0.211550645799087 0.121658641831001
-0.046440592242558 -0.126100117564232 -0.104836925741895 -0.111484488923464
0.0885518542028205 -0.138245809828666 0.116805570547929 -0.325011924003096
0.140911385262217 -0.028313853094338 0.355920026149386 -0.317106706420649
0.173015408253096 0.0361446387742693 0.335433672376668 -0.214111479977723
0.189088427063477 0.0303188160706336 0.283771768026295 -0.0917716037365088
0.121455573460637 -0.0215085396321255 0.22555845064046 -0.0849743424636008
-0.0269332774678529 -0.0128772273984136 0.00933862946580643 -0.241895077897718
-0.121670742779122 0.106790341152279 -0.264655232270726 -0.20735344533874
-0.0665777110490886 0.197082246361865 -0.318866371695741 0.00391089465934085
0.0707581904773764 0.172245174963861 -0.203389366866127 0.0361734958699656
0.172311706295191 0.121284338846535 -0.260425129616768 -0.0300146740556341
0.189249489746871 -0.0019300359497973 -0.393535221101695 -0.0269719034435116
0.170854768761687 -0.026185682882682 -0.286484231058392 -0.127184797448108
-0.0100116400201867 0.00556768697175063 0.330135217395103 -0.0729282159496825
0.00800073130728857 0.0175132196828967 0.362681367416669 -0.209800959999975
-0.00799032277055698 0.0100250868471635 0.174423430434377 -0.148720664570731
-0.00207267752596961 0.00691340348113528 0.0562310076853152 -0.172624703686185
0.00623644351093106 -0.0208326606199122 0.209347218677245 -0.260860436482645
-0.00795806995715954 -0.0191933145464462 0.356490628354669 -0.0672509292987098
-0.0207191576431026 -0.00494425879514544 0.138226841476222 0.181163967175926
-0.0326458617607297 -0.00421046127415252 -0.181110037226024 0.204890325490956
-0.039146732502735 -0.00547414971216637 -0.270796509861404 0.231500750341065
-0.04043490123435 -0.00799884252399845 -0.304891946273909 0.348386403635518
-0.00811500716104962 0.00716884838963034 -0.3097546667564 0.441537776612518
0.0102236364365253 0.0306200147545958 -0.095667173550755 0.380133310439841
0.01711281389699 0.00732303040299699 0.102355560983358 0.124891092802285
0.025491076285773 0.00165275347936123 0.102129119960608 -0.189127510131039
-0.00975820602809655 -0.0110803955371333 0.0547703114085513 -0.249072118496614
0.129965879537027 -0.0925594620543619 0.297157191828202 -0.0375909303849381
0.175980046843669 -0.0660359268962308 0.348005027725564 -0.182333740184112
0.189328764733982 0.0104471877875203 0.207793253863949 -0.146496929920471
0.139860454873343 0.107191256809046 0.113796513644696 -0.148164661079132
0.047733372513817 0.139857599111056 0.24247573576751 -0.221414091498435
-0.0590862888739699 0.106933077823734 0.336827313070609 -0.0238090118241057
-0.0580537642464803 -0.00773630756861035 0.101831777585516 0.194300683594163
0.0422584095937002 -0.0870580056201031 -0.178492526979039 0.188274950012924
0.116356778890387 -0.0808823317397989 -0.248306160279354 0.20556366722994
0.111960047145163 -0.0731816233907245 -0.258985192055675 0.334217836059782
0.0978045359142061 -0.0968584914914901 -0.228098106105417 0.44543748520666
0.0300631674145569 -0.116202413238866 -0.0146290663572355 0.373563278402209
-0.0648344564261495 -0.092199629640366 0.15172833747345 0.0896757262813755
-0.0916248060193345 0.00801079314983888 0.127621101614648 -0.201612113543695
-0.0265486905068494 0.0297899020434214 0.0776282903049107 -0.257599115774819
0.229539828115069 -0.147762802361819 0.213323599431783 0.0736488311640882
0.292901119949811 -0.124125100097509 0.325953993984138 -0.0577413857455573
0.343904891856905 0.00481324597388912 0.308414352404709 -0.0686851334564669
0.242308241108342 0.188598826415173 0.285389147653994 -0.0295969961936448
0.0517907266485147 0.249613352272541 0.338156495117003 -0.02199939041422
-0.0988183784200437 0.151559120234485 0.264555361579107 0.152995002087562
-0.0579579585628166 -0.0442970692895473 0.0115361997056636 0.230715583630693
0.10683765528502 -0.151859010485319 -0.146473314677028 0.142329322523771
0.220275268329015 -0.15294134904275 -0.133420275398785 0.146084396545044
0.216897675279463 -0.162323417878081 -0.0527194490262075 0.282414539205534
0.1494398052427 -0.218285118083585 0.0699533816907148 0.396184013163977
-0.00526956766499766 -0.230826161097763 0.255371313372327 0.255173247150509
-0.139625774503689 -0.123966038290927 0.269946313808742 -0.0639301646318493
-0.138357315179033 0.0340025271652814 0.16700134508723 -0.274371509897845
0.00129619035685812 0.045350720575425 0.113419902571832 -0.289625480419908
0.258387128435464 -0.133858124666688 0.0962939653718302 0.211736345652565
0.309021241022389 -0.101940239511827 0.253154501741666 0.154045415716281
0.360249375842037 0.0322309700154438 0.35158580198974 0.145198725705799
0.207120671106267 0.218785948087229 0.368318526673594 0.228230674738424
-0.0159693285581358 0.21595915176202 0.295402407591706 0.273461747793733
-0.105577461338539 0.0549563411559191 0.0851747909774755 0.321426866857008
-0.000107892467411193 -0.122641635311443 -0.0879998976138836 0.222918264713356
0.149262947459469 -0.189591661246252 -0.0924279788152055 0.0791936735343889
0.228134959710965 -0.205199328025348 0.0162285916945257 0.0331232850881459
0.188661993544708 -0.237405248480672 0.189203360319189 0.0624551273051161
0.0655819149724968 -0.255379540528041 0.337344778760121 0.0528061590001247
-0.0809895747896456 -0.182709516284598 0.390784654373214 -0.132545940176402
-0.109657216269203 -0.0292139631031881 0.244753317032392 -0.318101970254876
-0.0420243030990776 0.067998012691272 0.137546700785806 -0.361238241773898
0.0911284951587611 0.0145234436247379 0.111919092050689 -0.318050295162412
0.208246499370173 -0.0604821014029355 -0.0225535761179107 0.312443609159448
0.188635394364149 -0.00324099108237199 0.105465698664325 0.351678603097019
0.181411151112901 0.0686030029027687 0.19454111613517 0.386314861043069
0.0215781358274098 0.110464090985971 0.130128221752306 0.443147400425696
-0.0804198699779154 0.00530347856844753 -0.0117975729454478 0.389177856166496
-0.0240408001983986 -0.128838235375507 -0.150481258158449 0.281029117635139
0.106902288342224 -0.199791523512808 -0.131758322123492 0.125597465382712
0.167332064840259 -0.198879100767337 -0.0257039845652302 0.00284706671196638
0.147611034107215 -0.200071064496767 0.10887553853475 -0.118685011982891
0.0326880981776819 -0.179847540822233 0.222528792325674 -0.260761895523118
-0.0711855824139962 -0.067007900139223 0.199242405365448 -0.384340821420178
-0.040306988535451 0.0616120647321825 0.0990114415080962 -0.475173814730652
0.103366266638672 0.105663984130267 -0.022740342437165 -0.43653038116135
0.162945724286138 0.0414786073339376 -0.00860123230722495 -0.349748714112312
0.203620585364525 -0.0565877012859261 0.0387365360453823 -0.3011170458457
0.110873742296841 0.0209087350200834 -0.0970525759568562 0.335045129975949
-0.00577846174162966 0.0773611864432096 -0.0516150453229144 0.40491899071353
-0.060999278158319 0.0292726950829379 -0.0888064742036695 0.393433881364738
-0.116702034426601 -0.104240361252752 -0.248446694961686 0.289739503804003
-0.0170597193118725 -0.207042321349016 -0.288325151548945 0.091508855829332
0.128351952000891 -0.230345597628941 -0.232536743651793 0.0033252160596885
0.21308323412056 -0.21559832332473 -0.0746094562022267 -0.029365604788661
0.164094642733092 -0.179831716643645 0.0443031791520385 -0.074908173138822
0.0399483390223119 -0.132333148420902 0.088021680107129 -0.232527817100216
-0.0993175300377253 0.00827004193062597 0.00962248031754957 -0.404964715602251
-0.079511920831532 0.207484868389211 -0.177914343963438 -0.430362648174023
0.123508888432648 0.259566863629572 -0.271770484029758 -0.379895978775292
0.328431331485182 0.134777912836085 -0.285663858376674 -0.278236806330477
0.317912718404201 -0.0469541283593032 -0.19781282080297 -0.194005604046688
0.266464616149834 -0.129677498104559 -0.0925907214527002 -0.218162760402192
0.0241694403736417 0.0617217656480875 -0.109163335052712 0.296384028829829
-0.137686366398698 0.0685671674143453 -0.12728633100433 0.315127903146306
-0.157049472588799 -0.0664929462205875 -0.220685220439793 0.16156053906939
-0.0725353617296991 -0.225719095550213 -0.301356103935959 -0.116584951665226
0.10075682810107 -0.219628290246455 -0.167492679126375 -0.317874603891768
0.218476958170792 -0.17131867878322 -0.0602248160843904 -0.267598151772869
0.247087957654818 -0.155519785522144 0.0630294736297288 -0.159718396956379
0.140068469031948 -0.137905410456559 0.105953789109785 -0.142601029490616
-0.0274816426511398 -0.0493045479412857 -0.015502075752935 -0.257065211236865
-0.114962552221729 0.15540391932612 -0.228062563755387 -0.271229935641567
-0.000609569388663985 0.304567265904139 -0.346718826442245 -0.119255187310034
0.209388478358407 0.245601782499676 -0.316300248180795 -0.0609781532916039
0.35762583432124 0.0791650977294283 -0.328611716763783 -0.0337926447323968
0.307376296675942 -0.109997538522508 -0.317143517715607 0.0190467548095173
0.241358063686947 -0.151999198394307 -0.22538581509794 -0.0848395389964383
-0.011298301452922 0.0517592326576177 -0.0825919759359027 0.244936760050696
-0.131316637102859 0.0181798582349647 -0.120444999299139 0.208485868066201
-0.0993060495145377 -0.0868635280818769 -0.148061167337393 -0.046885636000877
0.0100271974817564 -0.165224421850416 -0.0603195354376877 -0.33943933459676
0.110031573970789 -0.0941443117450685 0.151308799421754 -0.44966909995902
0.167374092648396 -0.0534544651913868 0.184319806048308 -0.345736523025245
0.179399974853416 -0.0646350410576574 0.200180260026682 -0.216169451349435
0.0953981836994651 -0.0792892820413588 0.150838675000417 -0.187592156325101
-0.0335335047770358 -0.00247923242737836 -0.115177461653569 -0.216945362658196
-0.0583693030812019 0.150655691866998 -0.3385929567366 -0.0449159970097369
0.0355318574556479 0.205151923787888 -0.273316735431724 0.168518352560944
0.145227444711569 0.118572982101758 -0.151271295310567 0.135643253682562
0.208405906338197 0.0236178913313924 -0.232765484169504 0.103128678880893
0.163619222757669 -0.0921150688110823 -0.347458120599676 0.170718263199338
0.136427620193882 -0.104844874286627 -0.309649532331622 0.0372984701680481
-0.0101695043833584 0.00722925812071507 0.315879103922809 -0.0836881836699355
0.00815557218669159 0.0171789812320858 0.3432123807377 -0.215226467517255
-0.0078316944736862 0.00967540599826616 0.160190755879936 -0.14872296474198
-0.000671748166851815 0.00591439020184696 0.0433192667273885 -0.172097317117246
0.00566694577969413 -0.021362148772704 0.195869876262758 -0.266972153865802
-0.00764975875942622 -0.0183983974124832 0.351990543891962 -0.080818603768973
-0.018889161452495 -0.00364594378987764 0.146050762491957 0.17784345953298
-0.031430542020238 -0.00104469276790564 -0.170025869509542 0.210852687041286
-0.0380787030323029 -0.00387063989676691 -0.259785058466295 0.235442907691651
-0.039085301054623 -0.00580252490215782 -0.291577633935285 0.347828739195433
-0.00665153473154009 0.00831715803953701 -0.29031750714596 0.442568552420454
0.0111985669016283 0.0289584621685577 -0.0813477561679429 0.378694449847497
0.0163338871003325 0.00579351374184861 0.107420578190533 0.122323647389946
0.0254991182127425 0.000684828235155755 0.0956105797258141 -0.190332633263497
-0.00901522785274195 -0.00993146142744982 0.0419323078482893 -0.245781567484179
0.121677381041281 -0.0935341748755589 0.286153670435611 -0.0485385989648419
0.168680110557035 -0.0688088018918155 0.32941235805036 -0.188378747265685
0.183541738876197 0.00451707965166152 0.192053727654328 -0.14843418379268
0.138946205362465 0.101008051035869 0.100656879831533 -0.150707928739407
0.0480215077873973 0.134588066150737 0.228068896586178 -0.229648074465808
-0.0554536836371378 0.104375151988664 0.335502377800281 -0.037906094828133
-0.057851230877233 -0.00872745935405677 0.11147880677975 0.191597344948275
0.0378906260548221 -0.0869956331773463 -0.168768403592775 0.19440764380569
0.111096064341698 -0.0822375260639146 -0.238699133512041 0.207726085433327
0.107869510294648 -0.0739362582958766 -0.245208161961125 0.333499568942795
0.0932429227773926 -0.0960504505038799 -0.210452667061986 0.44235347861346
0.0274881063163753 -0.114785404894369 -0.00277371170788383 0.367906103074454
-0.0653077250661243 -0.0886050047430716 0.155168078059 0.0852649277058654
-0.0890001026441627 0.0107026165012301 0.11900623243903 -0.202717116792193
-0.0254064509999797 0.0289799628982808 0.0637873079502844 -0.254379744635224
0.216927197827678 -0.152313649376346 0.209898658267143 0.061641127498316
0.280880343964714 -0.12919541452762 0.312639341852465 -0.067649665455136
0.333216589098156 -0.00413476254710921 0.29368371643084 -0.0778776847423177
0.239714917374602 0.180496793927612 0.273135739447596 -0.04227921426261
0.0535318403101041 0.242879719458519 0.328516682596623 -0.0391626087766831
-0.0952174463319607 0.147624295384489 0.269143095572588 0.136720423842153
-0.0599486370629917 -0.0465288821096844 0.0233978446732093 0.228980482569154
0.0992092097533869 -0.155307204224747 -0.139419870157206 0.147816810158407
0.211279443043375 -0.15692734447986 -0.128378218171217 0.147669596222183
0.20758045627646 -0.163379919561641 -0.0443300369114101 0.276532276851478
0.141552738321021 -0.216741320807895 0.0798115163871034 0.384480558648719
-0.00977574349728813 -0.225449481626958 0.256282581600944 0.241638143561972
-0.139302680846558 -0.118275749416231 0.263246201615314 -0.0697460557448716
-0.135373931193773 0.0360811262876453 0.151564387153965 -0.272906213722417
0.00181989484368995 0.0420099496695544 0.0976585289760627 -0.286475209922889
0.245343686404886 -0.139424994465398 0.100776932250171 0.201180045838582
0.295192784280762 -0.109231774690662 0.251032887756061 0.140387476613464
0.349238547473463 0.0199604742185623 0.345428903398279 0.126949743502936
0.205730828107571 0.207644866519529 0.366462178489497 0.204592110851362
-0.0144148680030819 0.210930205394451 0.29923693282319 0.251317637284809
-0.104705668937596 0.0534771301987024 0.0983902934505041 0.307965262738869
-0.00550122399493541 -0.125959420132603 -0.0758652369300844 0.222099168822002
0.139350698571139 -0.194359544184065 -0.0883160450202821 0.0833073066542871
0.215978825726231 -0.209305001290989 0.0148231549080686 0.0334250394576444
0.177507257020928 -0.237732072527592 0.183633006646741 0.0556546603658434
0.0574887381488478 -0.252923920924411 0.328335605584123 0.0427038822807022
-0.0831839620744322 -0.178443002812682 0.375633354034987 -0.140887023206241
-0.107695808048042 -0.0273614014376518 0.228526918645682 -0.317496626313175
-0.0409131450058342 0.0630976448199611 0.119363693233261 -0.355325989102389
0.08759789401985 0.00886776553397663 0.0959234613713997 -0.31304736924245
0.19912805569854 -0.0667428487404515 -0.0106045853699188 0.303538970344788
0.18088007364003 -0.0104868592080866 0.116786534214798 0.337150947552578
0.175851157001833 0.0586531183416145 0.202154139909522 0.367485934220054
0.022642592463726 0.104911010562774 0.143056078772555 0.425882268532277
-0.080283031309319 0.00634347641293314 0.0045028053357179 0.377922462294805
-0.0283526930838234 -0.12876490070112 -0.134922085144022 0.275474687107531
0.0977226409932266 -0.204948946547313 -0.122917974860741 0.125579123497433
0.157046300948924 -0.203837255653514 -0.023483127631051 0.00362819313047418
0.136643723692087 -0.2044858466695 0.100644405167508 -0.117416759249209
0.0245458101149153 -0.178983856842695 0.204374042232298 -0.259750679130414
-0.0724177926846136 -0.0658635220849199 0.178830419751766 -0.37695671443878
-0.0391213368979168 0.058882317899183 0.0804356480995942 -0.461891670427562
0.101537936312648 0.0981132934285041 -0.0361240998860076 -0.423088915658806
0.156784925579033 0.0298541898211935 -0.0204835673327282 -0.338001038019374
0.193121447300427 -0.0636988605707648 0.0277828349617821 -0.292516663318613
0.10800237617792 0.015023227671068 -0.0811140374178312 0.329571954609821
-0.00443277729394296 0.0728643749523831 -0.034702821857564 0.394530060040311
-0.060425547873211 0.0272241953225902 -0.0742114016559964 0.386510860549939
-0.115807648621706 -0.101861441058328 -0.23164045172556 0.289854473368784
-0.0216123350443746 -0.204326574662799 -0.275417979933437 0.096780277570038
0.119578783668802 -0.232050437401972 -0.225047157846888 0.00821717191665151
0.200834822775485 -0.219886509250887 -0.0727319057496457 -0.0280820643828953
0.155036004196481 -0.185129395152268 0.0424600254403108 -0.0766869912879934
0.0337172850529757 -0.136264335406647 0.0757493318760531 -0.229384605854308
-0.100621967737372 0.00643964189016005 -0.00920653783067373 -0.393510371313863
-0.0765116578615867 0.201894803915132 -0.190138935785179 -0.405204489357023
0.125342595070303 0.249219825269233 -0.276661532901785 -0.356359764420277
0.320125433554059 0.121954051463006 -0.286696160684609 -0.2595822369432
0.304445075715294 -0.0586149326488717 -0.197942937592106 -0.180643992388798
0.253405852842291 -0.134777626759537 -0.0960494935733542 -0.206158953381983
0.0242695273340917 0.0574534741539574 -0.0940844097257957 0.29281921201085
-0.131949808982676 0.0686657839045172 -0.11285825731901 0.311276689216951
-0.154586414933513 -0.0614774479905755 -0.210754174501979 0.164164280454242
-0.0764179884794008 -0.222128583161209 -0.297909492260196 -0.106602218340859
0.0926582109120845 -0.219008532763055 -0.171659456722979 -0.308734329783585
0.209923046881271 -0.174504338168216 -0.0650985373642493 -0.259671850722324
0.238149594989573 -0.160880475302497 0.0586622622151744 -0.159561329352229
0.133225619655236 -0.143238112584365 0.0992130932283616 -0.147177798523399
-0.0315972064705996 -0.0544542309697884 -0.0272104129164619 -0.250426368528636
-0.111872350522902 0.15081931364734 -0.23932549195714 -0.254749629165715
0.00388078250035449 0.295458343397496 -0.344014235617648 -0.094990946731611
0.208240693931387 0.235384222034775 -0.307443170541551 -0.0426007710514081
0.348892542859046 0.0682620774156659 -0.316818653301298 -0.0203358661909438
0.293355231386113 -0.116852494485233 -0.304599445717881 0.028190631256923
0.227730677758283 -0.155421658148581 -0.220032398051111 -0.0727096079843792
-0.00909437825644081 0.0490778228784971 -0.0699823315128383 0.24275985966706
-0.127355731936102 0.0208773918528277 -0.11125721056887 0.209814978217175
-0.0979071736808816 -0.0820330939580928 -0.150264890164392 -0.0435840653848652
0.00562746680639685 -0.16254468182364 -0.0701362281267213 -0.334670242106964
0.105367174190389 -0.0954678780242422 0.134588082058623 -0.447327038610999
0.162962667080899 -0.0557156853930216 0.173161170299554 -0.342131467695622
0.174329201237784 -0.0686951015051932 0.191165163988192 -0.218216352243311
0.0913679379647231 -0.0826064714143261 0.140349042688098 -0.192676360487821
-0.0358771196704949 -0.00481894270201043 -0.124417089122298 -0.20994303680116
-0.055241086553351 0.146406415266694 -0.3407536815214 -0.0290725190872805
0.0387325683264824 0.199661720659299 -0.262274898969449 0.180137772733588
0.14375881375799 0.113503304441366 -0.137986418650971 0.141520302999434
0.204203599921831 0.0172354063839395 -0.219283722803489 0.107205191887828
0.156385738158409 -0.0935068582827285 -0.329602828554067 0.175207581063814
0.127799644127481 -0.105663151642183 -0.297269210460195 0.0480749840547146
-0.00990626360981081 0.00831391191700098 0.308500701199892 -0.0877285055260004
0.00769447075941537 0.0165117607052095 0.333080417130101 -0.214117386879218
-0.00860241396657546 0.0101691007095735 0.15060171048984 -0.146442982730045
-0.000526022513958353 0.00489221833366991 0.0354732166036533 -0.171446059420614
0.00523882815964412 -0.0218992353127845 0.190570628211216 -0.273579320718908
-0.00694240597310402 -0.0185242291318315 0.353569565710738 -0.0858856775839025
-0.0179487734329636 -0.00277325132548747 0.151578205180198 0.180308536196447
-0.0304296362647361 -0.000687561876100996 -0.167050997033379 0.216859061266708
-0.0374739809726166 -0.00388294983351912 -0.256933329394379 0.234951287231649
-0.0387230116877141 -0.0056980880881874 -0.286913671391832 0.34407571461496
-0.00557791853476425 0.00901562251262769 -0.284648200243071 0.442396955472754
0.0113400302689279 0.0275903509511023 -0.0760829768282004 0.380461655528571
0.0165517495142774 0.00508987906324931 0.112933544546807 0.123062761722351
0.0256641127422592 0.00162060972458531 0.0938621251216188 -0.191376615215556
-0.0105712388580074 -0.00985555742373483 0.0351293392916287 -0.243408541153935
0.118426357272999 -0.0930914963592922 0.278873975326045 -0.0544394406447982
0.165610481375877 -0.0693010384350174 0.319854470025714 -0.186888017648532
0.180433954081621 0.00470570549086092 0.183156614220209 -0.147938883727878
0.137213284424474 0.0994551004079017 0.0922695421613445 -0.152352984403974
0.0452353124314869 0.133078113584272 0.222539265299098 -0.235511759046182
-0.0551411102603245 0.10192197285011 0.336763644133841 -0.043894368316606
-0.0581885548937537 -0.0106594653873391 0.117153340329876 0.193442857943129
0.0369255154589854 -0.0878960392461402 -0.165342962135583 0.198684571266172
0.10966390453494 -0.0817248824043263 -0.237097918714406 0.207462854896185
0.106577550114786 -0.0718603606832696 -0.242451672009467 0.329944478428279
0.0928358239139179 -0.0945532193364126 -0.20680767153521 0.438397666414056
0.0267720967411471 -0.114151161656372 -0.000175151861734614 0.368191823194183
-0.0641248897055183 -0.0875406249939892 0.157338111646276 0.0838448340369401
-0.0878748452468618 0.011776154124046 0.116792100826568 -0.202156605984668
-0.0252703724972399 0.0273275969654862 0.0572877659973434 -0.252859784997906
0.211225394631468 -0.153171222918337 0.206577576730399 0.055551608752209
0.274571984200849 -0.129187591905863 0.305710630925703 -0.0697210766516884
0.326366724056572 -0.00477082848022177 0.284388819315416 -0.0812694639961567
0.236360393491543 0.178292088166863 0.266548408213808 -0.0489108312440268
0.0495420692086658 0.239357309406594 0.32442640955561 -0.0493399729144213
-0.0961586443417189 0.143851105709128 0.274811253570871 0.12960152876242
-0.0619371483585226 -0.0501627330693625 0.0296238029454324 0.229558928341076
0.095842924859289 -0.157039789833296 -0.136529346836247 0.151785350675656
0.207784886758777 -0.156248836341153 -0.127733906234558 0.147907286603291
0.204333122045491 -0.161925988581693 -0.045601745177492 0.273930173073358
0.13991649381047 -0.213420565324483 0.0800221349167943 0.38008717892573
-0.00976862550013714 -0.224622390462023 0.255206280133136 0.240068954485291
-0.137155330843272 -0.117298995384457 0.261452670512835 -0.0706552871483551
-0.134286537635182 0.0354375238094047 0.148754718032526 -0.271205624217643
0.00108703702005771 0.0396676632645278 0.0893663476934162 -0.284431629555754
0.237000705228472 -0.14098355595585 0.102260731782418 0.194683907181614
0.288620127066847 -0.109944970951762 0.248652422885519 0.133427994777438
0.341749977797037 0.0174121172764088 0.341418551413068 0.118950251233613
0.202299053354352 0.204773556173892 0.363765876761612 0.19261090258304
-0.0176976619600833 0.208285983848107 0.300037431059872 0.240922360943892
-0.105596700385473 0.0491467509819831 0.104806015759697 0.299551845564738
-0.00873680263337523 -0.131053387512202 -0.0693211304282151 0.221448657806689
0.135127108186093 -0.197407322203044 -0.0853820849978159 0.0851291481427632
0.212522535919712 -0.210750029204198 0.0132577518152874 0.0348657274807398
0.173147118740957 -0.235904512614379 0.177756708159019 0.0549839522616162
0.0567784931222372 -0.251917085163245 0.323673975224271 0.0416424474612997
-0.0823740577061007 -0.178974812416885 0.368370998303426 -0.141845528275365
-0.10678195933126 -0.0287770428814819 0.22310551665833 -0.314963150708024
-0.0435594832766486 0.0588531121057485 0.113984363746453 -0.350229323296475
0.0840437423806674 0.00581228627318162 0.090908944210064 -0.308925352539294
0.193919499596729 -0.0699250882803968 -0.00417318290921707 0.298452203482098
0.175950612418643 -0.0136581506217479 0.120633908149136 0.328521261709154
0.171053840511794 0.0548541851305888 0.205574281457996 0.357428001374351
0.0206852629879259 0.101818823277744 0.147312999633376 0.415603350696005
-0.0814738099166934 0.00434210889193234 0.011780642394683 0.369877286556908
-0.0299687540854661 -0.130455784172329 -0.128244786160883 0.272292382679677
0.092981562052199 -0.208079704280971 -0.119060389762576 0.12534766402029
0.152948912147043 -0.20771024632701 -0.0221067028700924 0.00365668171425164
0.132378415700548 -0.206825658497817 0.0958876144934664 -0.115336914859119
0.0216352046218041 -0.18052460764702 0.195769010957165 -0.256684327277564
-0.0728191082920312 -0.068467742635953 0.171164904251978 -0.369234299592866
-0.0389419388688852 0.0557943721218616 0.0725544885654525 -0.454717310162371
0.0991673188672707 0.0939536624903371 -0.039277831855138 -0.414268829917152
0.150334336296172 0.0250658375963028 -0.0260465506708244 -0.33050802573143
0.186507503368087 -0.066386055574708 0.0249170664358309 -0.286134050014689
0.104769674028939 0.0114837925062772 -0.0746151547318139 0.325420118177328
-0.0056647357889989 0.0694492367393947 -0.0279265646083697 0.38805170023923
-0.0603772488768846 0.0236779789957112 -0.068146390436709 0.380858100975909
-0.115496710380882 -0.10346282346173 -0.224960518240625 0.286742675117033
-0.0224477879662013 -0.204764708565488 -0.268563605772535 0.0942419692237479
0.11805242705316 -0.232639975593555 -0.220290833271055 0.00918141813874899
0.197088771273635 -0.22283305656873 -0.0708096519481888 -0.0287793334258914
0.151902516570022 -0.18870937103282 0.0426843027296757 -0.0791151090398967
0.0295848098058168 -0.141595824198438 0.0696644812991865 -0.22642614762325
-0.103501014487543 0.00271235866141708 -0.0183957947004018 -0.385441277860257
-0.0783651745591106 0.197572876710886 -0.194289952738454 -0.391294286950363
0.121992391226448 0.245349568746026 -0.2763352690457 -0.343432351845437
0.315008120047978 0.117929862359611 -0.283491204295527 -0.250714404657106
0.295893463735273 -0.0620073479272407 -0.196377402079601 -0.173707956297171
0.245274106948774 -0.136245059209921 -0.0956852430863741 -0.198818379152007
0.0239581995955168 0.0544412389904988 -0.0866499463051467 0.290886056408567
-0.130275421969135 0.0664956839612871 -0.108543976627012 0.30849790047243
-0.152550048747956 -0.062064681752063 -0.210350370088259 0.1638485970266
-0.0761210387970361 -0.221167807315475 -0.296083023930198 -0.104975355061196
0.0913130330007982 -0.21795435236893 -0.171941568042496 -0.308084862561035
0.20833601485517 -0.174253195231733 -0.0650101187015344 -0.256263472439665
0.234360957206057 -0.163524609279487 0.0573591444190788 -0.15953621359824
0.130749797748842 -0.146009565522154 0.096968616067668 -0.150079519996365
-0.0351982801193694 -0.058785219747144 -0.0331154770018127 -0.249493746616955
-0.113274959958426 0.146085923238488 -0.24658300420813 -0.246219028834751
0.000937134782085016 0.291975532571436 -0.341661587252738 -0.0823105624911691
0.203835880835867 0.232623656103877 -0.299860644339111 -0.0328298001544437
0.343197420597085 0.0656549980578711 -0.309636101999829 -0.0158031322377611
0.286166823405147 -0.118052389406255 -0.297446901727189 0.0319334923722599
0.220625062047459 -0.154099923120726 -0.214788231482371 -0.0664585575181521
-0.00887514612988794 0.0475974182680437 -0.0644853575884584 0.242425542927404
-0.125102651388231 0.0214154400612286 -0.109800864402298 0.210663272461689
-0.0968377166162121 -0.0808049478687041 -0.154120218766421 -0.0437959202400959
0.00402670952656331 -0.161428273957543 -0.0739745209497413 -0.334379643153877
0.10384941128596 -0.0953454642170007 0.128529699366711 -0.448034361572895
0.161651248798222 -0.0558572724422736 0.170906134237449 -0.338249319726383
0.172755652931843 -0.069982078013143 0.189110673050274 -0.217540037651615
0.089309356053742 -0.0849676389558534 0.136715172791971 -0.196778486793131
-0.0378220287652518 -0.00668161538581536 -0.129743940507687 -0.210403626237035
-0.0561352414204622 0.144180526854288 -0.346083784853812 -0.0225521133674673
0.0371405325141825 0.197448503354986 -0.25764568320669 0.18844663532841
0.141676884294625 0.11233305687112 -0.12871476713944 0.143543371935134
0.200804342632289 0.0162255109079942 -0.210534459916074 0.107423662641946
0.153387695528646 -0.0928977119079208 -0.31969724631741 0.174229800972634
0.123136086548206 -0.104530074913739 -0.288801320820762 0.0518327973031122
-0.0102711097659673 0.00961646991903949 0.305651739122222 -0.0936484055971569
0.00795111479069319 0.0155391095392279 0.332148417363154 -0.217557465618149
-0.00880920361390692 0.0107201202857434 0.143291134534004 -0.146464888685783
0.00073339920092798 0.00340984762903129 0.0273009883739969 -0.17528264770183
0.00536141687108852 -0.0226948136870439 0.189181886263515 -0.285568057587298
-0.00576577201774093 -0.0188693825493142 0.362763920536016 -0.0938241432925831
-0.017225367521768 -0.00202651423398344 0.161871161847793 0.185675741715576
-0.0306615908040341 -2.42317123881701E-05 -0.166068229867225 0.225274589305298
-0.0383032159469054 -0.00356461094162875 -0.26064121708732 0.238427784434531
-0.0384591645169835 -0.004869279509605 -0.291415027559093 0.348637016895476
-0.00521711453389128 0.00910845555415608 -0.285603097605277 0.449923914066404
0.0108465096926686 0.0272929256803789 -0.0738452920431823 0.390721405230397
0.0163795463222457 0.00497433551250806 0.11982007505701 0.126070742263495
0.0267938447887245 0.0017058543824985 0.0932773563594381 -0.196525807590572
-0.0107647648568552 -0.00947407139376329 0.0298164657151583 -0.247502799243633
0.117213259402399 -0.0941766849804393 0.278740308345094 -0.0596043245265901
0.166149104172944 -0.0702281055933555 0.318666892419991 -0.191166735466871
0.18189978644103 0.00589684821199598 0.177329058774016 -0.149651784289962
0.137903854311401 0.100182538120254 0.0852357529814807 -0.156558059272047
0.0433751673326959 0.133772218838991 0.220687132170491 -0.246421545205674
-0.0565652120882191 0.100931022875212 0.346346208727722 -0.0516685822556873
-0.059399678194213 -0.0121009440656851 0.126681019869083 0.199743914970518
0.0359660031601479 -0.090032998459442 -0.166263194383411 0.208705669123836
0.11024909694292 -0.0833088862827406 -0.241037398920897 0.211782072058882
0.108397584330246 -0.0724832073520256 -0.246538309243296 0.33369918812366
0.0943729573169438 -0.0943251105942778 -0.208051370685246 0.446691934180359
0.0265495973314677 -0.116562508291781 0.00204044271375816 0.377803640544336
-0.0647811284586086 -0.088495489587912 0.163554265480277 0.0866742903397681
-0.0885681212577618 0.0127263879374442 0.117525624491843 -0.206914548972731
-0.0262759028787313 0.0266633273262406 0.0514827025137409 -0.257285724099582
0.208008152599116 -0.155783739482726 0.207143956173349 0.0507749593801697
0.274535934501414 -0.131227184612254 0.305951242581309 -0.0737613563297561
0.327999473721553 -0.00510335781685281 0.281624611494218 -0.0855471100421207
0.236102166522292 0.180764775424788 0.264652056313748 -0.0565182219132224
0.0471409786365916 0.242671756472656 0.327037376720675 -0.0598469825769123
-0.0988836474017241 0.143277747264669 0.285144502915181 0.122982095835786
-0.0656593456798418 -0.0559147915653594 0.0374261839636447 0.235316041161278
0.0947192021340551 -0.161875173053938 -0.137936822128836 0.158499207837919
0.209286614563633 -0.160641309575107 -0.130464095303822 0.151303675958482
0.207155626026754 -0.162430306624786 -0.0469415349012568 0.277665300332636
0.141687873964345 -0.216109896218034 0.0803829858044342 0.385969720727211
-0.00951854067105368 -0.228571142433494 0.259635876308255 0.243936991990388
-0.13855035666214 -0.119586803317982 0.266292263494964 -0.0725907142215939
-0.136118403305856 0.0347638215597499 0.148091254658708 -0.276639239680453
-0.000123180589401235 0.037164946092538 0.0847011392662716 -0.288093885423865
0.234939810694996 -0.145630510514927 0.10470915738369 0.192054414306704
0.286646391886015 -0.114009651764504 0.25201229066001 0.129515570677413
0.342478558461478 0.0150249472067396 0.3431290724613 0.11386424605353
0.202710470258171 0.206012792553922 0.368061485281736 0.186050166560372
-0.0212252399191439 0.210584065053434 0.30700952757228 0.234612251364668
-0.110017925891575 0.0466595499181506 0.11397197884279 0.298768510375408
-0.0132561722479324 -0.13812399144804 -0.0648858287789464 0.225873460740118
0.134357531834355 -0.204736924386625 -0.0866416567610612 0.0892043382499251
0.212724502720886 -0.216085281119963 0.0116326201705294 0.0373109908055035
0.173856830492612 -0.240141668650072 0.176856922690649 0.0560573896414156
0.0573971953215852 -0.256648563599452 0.325451222930278 0.0409720709897235
-0.082862994602636 -0.181557872136693 0.370815134716143 -0.144655530627816
-0.107567376134603 -0.0306191059901886 0.222439931042547 -0.319640622833447
-0.0454929311169189 0.0561730696298243 0.109650493527973 -0.354095177124158
0.0815807692936872 0.00246112426693475 0.0872774084078211 -0.311269754329716
0.190708987446923 -0.0739767907815558 0.000379206644276908 0.297680142092089
0.174204832335274 -0.0170813309327907 0.126244423712599 0.326586905839419
0.170262281629351 0.0513579096849946 0.210891409470886 0.356380025781309
0.0196790576366476 0.101021630123226 0.155553128751642 0.413254582504725
-0.0856755168308279 0.00304030744476537 0.0176506192965011 0.369616075175012
-0.0321866014742164 -0.136643468225765 -0.123727096882228 0.273661646449468
0.0910515364834127 -0.216990538505209 -0.117560744719612 0.127378728432483
0.152840373282716 -0.215228170828903 -0.0209977292414587 0.0037178336092633
0.13149356118611 -0.214880062497308 0.0936640607652552 -0.114542696811875
0.0195510758400224 -0.184885766601037 0.191877479586647 -0.257199017701905
-0.0755626889493062 -0.0724432572313054 0.167582626981767 -0.370505862485871
-0.0405590574356012 0.0543485866262402 0.0682270309964731 -0.456572601315749
0.0986538322457579 0.091489399167646 -0.0441315684287939 -0.416384879919573
0.147378607326348 0.0205011312880407 -0.0302601820000757 -0.330987432660087
0.184658098627671 -0.0709049269875481 0.0223411829055979 -0.286461809336182
0.103958298828808 0.00862895043987459 -0.069878968219443 0.328151400088148
-0.00678374919500396 0.0673738335379638 -0.0217232120528241 0.390302362841041
-0.0621089307166621 0.0217992499686453 -0.0636966288332086 0.384274788370392
-0.11822283373533 -0.106445315683181 -0.222008526534358 0.289428253380827
-0.0242494507070262 -0.208785150020062 -0.268673276773898 0.0969163375896525
0.119407481184094 -0.238060345964957 -0.221098097478331 0.0099392545149714
0.197939141818193 -0.230516658796509 -0.0712599458382627 -0.030061129099468
0.152081559762927 -0.195645881035326 0.0434316448916043 -0.0826436470608871
0.0261735671074043 -0.149019976760507 0.0666810347399778 -0.228793802791954
-0.108669456669185 -0.00138433473117008 -0.0269073693012791 -0.386359325827389
-0.0834943014043862 0.19694186486046 -0.199906803417899 -0.386840031343437
0.121008833917808 0.247311886564766 -0.282310841723355 -0.339329544040015
0.315779795179065 0.117878516849205 -0.28731534972332 -0.246832591948751
0.293662293845997 -0.0662773420211136 -0.197492597083719 -0.171381145665025
0.243125976743912 -0.141198657132655 -0.0963439085375434 -0.196027990219634
0.0239484190308073 0.0533835971623228 -0.0826472119087317 0.294790245695045
-0.131051793918492 0.0663852031790794 -0.105823736961686 0.314895470269145
-0.154072664525703 -0.0633757808115813 -0.212663227185171 0.166571797015062
-0.0772642862888806 -0.224018651392809 -0.301871434350472 -0.106055442032475
0.0926520126415507 -0.221711198437349 -0.176318883084424 -0.312787178437922
0.211031973348362 -0.178351676851251 -0.0657865424467925 -0.25821634330609
0.236382731931436 -0.168099540833187 0.0578242987338265 -0.163585900919218
0.131419409122431 -0.152538084140162 0.0964216283770397 -0.156658859057968
-0.0389462649476824 -0.0637781990020225 -0.0391440409884225 -0.253069478155944
-0.118645556945002 0.144330365626942 -0.259176009511289 -0.243047271223569
-0.00288674734469675 0.294364674659992 -0.346693929121813 -0.0715135404204762
0.205834797976506 0.235652698774963 -0.299211927660875 -0.0250935294654703
0.345269884281087 0.0659767059591315 -0.308223544096262 -0.0106429267136649
0.285100686621231 -0.119456224152245 -0.297560735560844 0.0342923699779419
0.21927107811986 -0.157515807380672 -0.214780169364566 -0.0625126735374776
-0.00874670773129801 0.0467179709254355 -0.0598685169128103 0.247792030809155
-0.125933250991572 0.021509775002989 -0.109747741436641 0.215081533688444
-0.0968175852495494 -0.08135911518153 -0.160346850417994 -0.0451367207916799
0.00250441824796512 -0.163835714580293 -0.0791283847621258 -0.341897512421845
0.105966775529073 -0.0962269963703325 0.124902583309118 -0.455777141574378
0.165129093547942 -0.0569359233483322 0.173031201168155 -0.342799693267328
0.175392422988447 -0.0731590455504176 0.192117385227371 -0.222873625165979
0.0891725493604278 -0.0891844373227686 0.135586757888394 -0.203548744469006
-0.0414045789793533 -0.00890290213502925 -0.13765646508359 -0.214184579964923
-0.0585459372545112 0.143911807418151 -0.358000548380771 -0.0162392602227722
0.0364684780641066 0.200715966131016 -0.257657328008188 0.200754364995574
0.142754595404559 0.1140753711234 -0.122176486026738 0.149739787949525
0.201980683674179 0.0168496709399609 -0.206360330354758 0.110169810591386
0.153158037837605 -0.0935656947716216 -0.31779665600308 0.176336591237383
0.121777188640745 -0.105088949432719 -0.286135758362799 0.0571510292813165
-0.00912551572202098 0.00671711166782254 0.3121025196627 -0.0771348013364874
0.00667474012882307 0.012898622815669 0.346253006807548 -0.197305070029581
-0.0100085031209602 0.00822266415874601 0.150934770475623 -0.137270251566691
-0.000629861835927254 0.00104088072752572 0.0335565906492321 -0.177544290315613
0.00801903524867971 -0.0259936774634447 0.213498232136515 -0.284973374112839
-0.00210810638437121 -0.0217227912953498 0.382008087810999 -0.0723941380983658
-0.0154520015978352 -0.00299991041154685 0.156815836995348 0.20595541355273
-0.030659574340168 -0.000706573067648243 -0.185722835140496 0.221297194813446
-0.0391877449527632 -0.00360913341757951 -0.282261702317352 0.22433129700852
-0.0381166995398524 -0.00596567309479687 -0.321618588817635 0.333252865070068
-0.00495157725374993 0.0109819392981477 -0.322257853454534 0.439804201002933
0.0126190467985489 0.0289797940190356 -0.0991863690562902 0.396978879254405
0.0163690706862936 0.0045824795833755 0.117725963244301 0.139739645118038
0.0259381673323419 0.0037541325865539 0.108864221456902 -0.195692062811777
-0.0129709077551716 -0.00831259830942852 0.0410803885710928 -0.253002774430379
0.1268206782564 -0.0892302632942699 0.282891690715477 -0.0448474097168285
0.175045077084603 -0.0610384323976545 0.334328756644733 -0.169886065817176
0.184340494102413 0.0205920792776189 0.184036840567698 -0.135985906563379
0.131149576082648 0.114313554033936 0.0916180842485105 -0.154275817286588
0.0318558797913997 0.138262734140494 0.241712581038121 -0.243360004332401
-0.0649015999089316 0.095305192623106 0.363024422732742 -0.0325480085701596
-0.0604097132913146 -0.0188978456652014 0.119304017304724 0.216269590038875
0.0439648747522339 -0.0881589412478611 -0.184813778937168 0.204733171070749
0.118880437236335 -0.0747115118170482 -0.261452049656646 0.199388490622261
0.116105497830268 -0.0618493730290414 -0.273839452965107 0.321545840488898
0.104282845639475 -0.0865879582327646 -0.241337145282304 0.442029514956934
0.0397621645065414 -0.118015032597525 -0.0224157163465933 0.388536055384087
-0.0592763726955582 -0.0969924270786574 0.164381673599624 0.100592353524338
-0.0921702038858659 0.00587646931520084 0.133839509622315 -0.20456846271396
-0.0320069619553216 0.025430523450689 0.0638629972907699 -0.261528684915064
0.224566992287193 -0.145410762938804 0.204835525488961 0.0631314314034609
0.289932125499749 -0.113170492014206 0.313459979212338 -0.0522313406450229
0.334531929102763 0.0231330797291354 0.284949501427144 -0.0654012095180492
0.226612912677088 0.205508331324735 0.266157531302745 -0.0417248958504363
0.0247070506177984 0.251337620669073 0.336085047525409 -0.0451412629621679
-0.113709749276122 0.134507956507784 0.28654131125542 0.141355777192244
-0.0637605732077677 -0.0654320104612753 0.0250873318109821 0.244288222014186
0.109190532371999 -0.158932269007646 -0.151166811354536 0.15553154605769
0.225538330101789 -0.147587157498497 -0.144881081085104 0.147796777187734
0.224923667693966 -0.148363574429278 -0.0685042316518057 0.279148893660225
0.16246594605544 -0.209197798049143 0.0556687870865315 0.399539915655751
0.0101646306000147 -0.236539191549209 0.248626133060787 0.266957638821076
-0.131803818242114 -0.134938680651885 0.277179019372028 -0.0565945072735421
-0.146048397264065 0.0239180063936888 0.168043189287342 -0.272170602538961
-0.00663488068494424 0.0374856942093357 0.10077994679334 -0.290175886046833
0.251921879807244 -0.132786374004796 0.094276953794854 0.199664343163047
0.302123628058113 -0.0944360404194558 0.245765793616487 0.148447254058906
0.347635453299512 0.0443117895086477 0.336582836961693 0.137408532892719
0.190371839605479 0.229364437919965 0.35844459981747 0.209600086522618
-0.0413800882763822 0.212909711319695 0.296412594127735 0.254415668526137
-0.11839477132456 0.0354685620073105 0.0990718401253259 0.307671261440324
-0.00441264191336208 -0.146309279346703 -0.0782773808107463 0.226183983661074
0.151096757947239 -0.201180164283477 -0.0933501081176652 0.0864639326938768
0.233692327559037 -0.206606853038951 0.00733016945469451 0.0428281016950334
0.197218690581408 -0.232669872647551 0.17346858293374 0.0711269520935355
0.0788743495213986 -0.260733872249094 0.327369758768335 0.0651389612679496
-0.0718460093555895 -0.198577963980559 0.385665623741437 -0.122184418537355
-0.1097779508146 -0.0428195341915365 0.246365270792109 -0.311269097240671
-0.0576965416163355 0.0517869615026825 0.133501987870174 -0.351058991350383
0.0780459146270985 0.00595040282670509 0.104679954165838 -0.312348424289608
0.202025381739533 -0.0616819288822757 -0.0183080324289625 0.301358045339086
0.179157548898958 -0.00463131981153194 0.108165359971635 0.338062399206451
0.169946390220224 0.0667360183587894 0.189269685180106 0.37538977520031
0.0127232623882245 0.105939796853891 0.130589768097331 0.427052449376049
-0.0892404840831179 -0.0042154175193017 -0.00558384042620619 0.373039213808634
-0.0232176076190196 -0.144896309065539 -0.141951152432202 0.266767661358281
0.1074687323093 -0.21769389749922 -0.12564237037685 0.120613116445091
0.171178830184789 -0.211512874609048 -0.0206752276937239 0.00258530977424724
0.148669854946657 -0.214575521664536 0.101124129618133 -0.106518732362052
0.0319471319309307 -0.192389623392986 0.207759097042494 -0.2457954445607
-0.0741688466336465 -0.0845705960927242 0.193170512157321 -0.361516935934482
-0.0507559573545098 0.0488747607349974 0.0965119771022735 -0.456281664690027
0.0906642471870696 0.0995935047130279 -0.0201785871442172 -0.423134677388424
0.143085217168908 0.0296226635198172 -0.00868915622003552 -0.334989580359106
0.188276748096727 -0.0624771963523563 0.0392508192953565 -0.289428794039784
0.106897946348968 0.0169581324074869 -0.0879801029978302 0.32822430942629
-0.0112392294213704 0.0672047493563727 -0.0473340387256484 0.394653426728423
-0.064714227288504 0.016116464121282 -0.0908224970659558 0.385880106041869
-0.111951641931427 -0.119495060071518 -0.244555521105052 0.275126250410426
-0.0076442921113304 -0.216735735821369 -0.278510474119059 0.076166315725406
0.140731212768543 -0.236814252441376 -0.222992625709657 -0.00675188758398189
0.217471002848996 -0.22321402382326 -0.0683233635647014 -0.035982599880708
0.170029175320952 -0.193431241802498 0.0516474299720426 -0.0823388856887574
0.0350017879142026 -0.157539178542198 0.0805316188561281 -0.226248967285058
-0.115450727760393 -0.0151810406385481 -0.00878421022232796 -0.391379890995196
-0.10509552692026 0.192157080765044 -0.181859152504319 -0.399748377527399
0.0987864862461772 0.262598462926433 -0.266863148302914 -0.355746384955809
0.310693784583853 0.14615584926733 -0.276588858444687 -0.265459022830695
0.300640528178301 -0.0463265827568975 -0.189147068738395 -0.183573862173318
0.25423584712176 -0.128676294291101 -0.0869144240515269 -0.202544395525058
0.0218835135501724 0.0559346815203625 -0.0987971282091667 0.294860640172401
-0.138151167266884 0.0584668680147476 -0.128430143654448 0.312485838141363
-0.151880321784338 -0.0785208590503301 -0.229070123502768 0.154218434645394
-0.0625711515234071 -0.237748426423518 -0.297343661264488 -0.132084207554599
0.112739511484406 -0.220514229365603 -0.156868695918775 -0.333321079449419
0.230439001866716 -0.168797553725503 -0.0457794332875113 -0.265655174771679
0.25466785161088 -0.15565937485488 0.0734102044616618 -0.160913151668968
0.146274421454397 -0.1500299554138 0.110623854252261 -0.154668746899986
-0.0393924132320852 -0.0740831833943657 -0.0249880356048138 -0.260199436874731
-0.137366419161025 0.136163212302078 -0.256156176821143 -0.261182605078651
-0.0298085706391814 0.300181630282976 -0.349075927565908 -0.086658753350311
0.19005250743884 0.258919919565275 -0.298684186190522 -0.0393591593988007
0.346978743031828 0.0961624016576231 -0.310799654969345 -0.027766123230304
0.299967675940633 -0.100217284145217 -0.301379092614055 0.0169595452840571
0.233548776378253 -0.146881139014516 -0.213613311153523 -0.072000259569712
-0.00991262244332456 0.047911086109817 -0.0723363853106901 0.249634168626586
-0.12845575223853 0.0141689033777206 -0.127150880026969 0.213218087203806
-0.0918764607119417 -0.0914381450199378 -0.163617864890763 -0.0579141875622597
0.0143169923796762 -0.170341180961796 -0.0577966086148092 -0.355453247282959
0.117401114553088 -0.093099223930172 0.16063280576592 -0.456540292091397
0.175049159920907 -0.0478336883553084 0.203775056951552 -0.332897977437534
0.185737140243901 -0.0633508477554151 0.2144356284409 -0.21151238627018
0.0983497073207304 -0.0878559945612813 0.152014920802064 -0.198890715453591
-0.0453660431829912 -0.0146066982963907 -0.129818698743681 -0.230347179294149
-0.0741426580552358 0.141911470161817 -0.371200056414727 -0.0359444761637699
0.0200594621491665 0.209128549173725 -0.276679433643013 0.19512303982857
0.137709110094957 0.129852345468225 -0.127798894738318 0.147248731204534
0.206838574301613 0.0335661290464979 -0.211901067077975 0.0989099994506194
0.164992551202867 -0.0832019578098527 -0.330624182106617 0.156599925976734
0.134015307408939 -0.0978971085887827 -0.294136723783506 0.0446096236915139
-0.00818048241627335 0.00771327620658256 0.308177266087311 -0.0926412961437916
0.0072445598136203 0.0117446382729863 0.33800313644602 -0.211527970714159
-0.00934330427112291 0.00966137267017899 0.139072689822604 -0.141891417106569
-0.00144064776247464 -0.000228043109841649 0.020015054661646 -0.181456446044983
0.0063469479366435 -0.0270637380569027 0.19936699222269 -0.304822194626918
-0.00239794097772542 -0.0229174317545603 0.39025371544343 -0.0930179574957626
-0.014185404078578 -0.00176303754844826 0.174246502428537 0.205818348326204
-0.0303316564939384 0.000984656325828469 -0.177739238896466 0.237486389584396
-0.0389775819204363 -0.00185484658591318 -0.278968292501444 0.237899645576001
-0.0388040580720226 -0.00391661445747226 -0.31475900756644 0.350828406195854
-0.00424287319326159 0.0117183611470312 -0.308024343892341 0.460509342920183
0.0138195457051446 0.0281261023520136 -0.0824017945106598 0.412172277078213
0.0158527388916336 0.00389446469641322 0.130402248728989 0.139008810713999
0.0277171900668709 0.00209252996683698 0.102589384867013 -0.20465936511354
-0.0144115527045864 -0.00745582786308425 0.0263172273379275 -0.258625251034691
0.123224955782815 -0.0958554732490151 0.279005527855755 -0.0594871785277329
0.173589749740723 -0.0692366109833749 0.325235574665905 -0.18459899778561
0.186420496574201 0.0156728072811202 0.172221100092532 -0.143436844012964
0.136082731983448 0.110625620706381 0.0796483530358376 -0.161439484697433
0.0347032724705871 0.138242359587409 0.231468118246836 -0.263285553411367
-0.0632844080617982 0.0966186233634123 0.370614021098499 -0.0536295076120386
-0.06167490650238 -0.0190258637043676 0.137101853682564 0.217849566294345
0.0402218401009113 -0.0922289178441528 -0.17727425259925 0.219672546584283
0.117568375546155 -0.0804169135725125 -0.258414398530619 0.212211672066938
0.116659225880729 -0.0663209998603936 -0.267253259060621 0.336452132742771
0.1040993379136 -0.0912386776111692 -0.228363212645163 0.458548539962206
0.034551638443406 -0.121295555031084 -0.00595100590578669 0.399587721573285
-0.0639830803918026 -0.0964950006772016 0.174517928558653 0.0980897000244456
-0.0926674884998768 0.0107121277998311 0.127826450623753 -0.214436174672546
-0.032441180847378 0.026014649679268 0.0493722451800567 -0.268667452162745
0.217901670625103 -0.156989351431588 0.206983259169157 0.0518529825531206
0.286400465450536 -0.125168210964014 0.310954159218637 -0.0684600543399799
0.336790915179189 0.0120459602987611 0.279602895313134 -0.0796987179282653
0.234894116457752 0.200599548544051 0.262419332789218 -0.0583066127612921
0.0308261030321863 0.252535080535502 0.336435113443642 -0.0680248217941316
-0.11312647677961 0.137431595697275 0.302128335547281 0.124279898207813
-0.0696577048646845 -0.0677982633438449 0.0415374813261917 0.249276756997314
0.102182267149307 -0.16791175716648 -0.145880407810838 0.16866302029233
0.222396863971607 -0.159266123317664 -0.142973391302242 0.157381832815766
0.22357871252559 -0.157452217017618 -0.0606484833136659 0.286388461571837
0.158470241382834 -0.218562567857206 0.0724650980049068 0.403068397361201
0.00122410904596199 -0.242339605321383 0.262730283826427 0.26330585657994
-0.138345947453381 -0.133366919308159 0.280144433100521 -0.0690739618435894
-0.148035001102931 0.0297927228052992 0.158763670424728 -0.28326790892212
-0.00692581433070651 0.0359483381074606 0.084887205910898 -0.298165691841532
0.244025742135921 -0.146356750582477 0.103163054498587 0.193207385655884
0.297786806020152 -0.108485965392628 0.254275816373017 0.135775292898716
0.350293787986656 0.0316096037113504 0.343867278695702 0.12093645513581
0.198091332559005 0.225145536008356 0.371048345934687 0.189532449592649
-0.0382573837850354 0.216936125858861 0.312601709727409 0.237174450036084
-0.121220272660236 0.0360297480530265 0.118464601644218 0.303176502806008
-0.0143706504687274 -0.154225581177199 -0.0659045429984363 0.233625410297997
0.144122555481979 -0.214146895379025 -0.0905432160067987 0.093800940781791
0.227058389483907 -0.220838423693883 0.00758863511475206 0.0454424651033695
0.190770336361614 -0.243136978725642 0.175883021270812 0.0658758682861924
0.0704426213316283 -0.26888919607127 0.332675674510401 0.0528085392161301
-0.0795778097703924 -0.200507649329916 0.383324007288735 -0.137940985030764
-0.112465389248474 -0.0427786910511795 0.235536894664905 -0.324834693421543
-0.05928503614948 0.0528151438078794 0.118628923925306 -0.359410045387137
0.077019151926601 -9.19479218448264E-05 0.0901359247962414 -0.320074345717135
0.198458671863127 -0.0730910768774227 -0.00236976052235166 0.302110500135611
0.176836676415721 -0.0140924005500957 0.124745420207295 0.334166319776019
0.171334949753538 0.0574719778400436 0.209213214527034 0.367282161888407
0.0146822250566886 0.104191245981457 0.153211136325322 0.421533769437073
-0.0931788818364839 -0.00269621830875148 0.0134055803856577 0.373933130708257
-0.0301417745683862 -0.150621044727035 -0.129571645243592 0.274298034644432
0.0972266832025793 -0.230167744341938 -0.120000749725901 0.12750089472569
0.163320750894453 -0.225658016354844 -0.0200454754191955 0.00363341324533006
0.141169231055896 -0.227777308885172 0.0967895252618733 -0.109982291235591
0.0234471725102013 -0.19923453570204 0.196527604160178 -0.253655996434912
-0.0800848218607125 -0.0855024026081569 0.178889536601004 -0.37065902356845
-0.0519200495932735 0.0488397068256959 0.0745431171394 -0.462974533551594
0.0938220314005523 0.0944251697107051 -0.0397725567823887 -0.425385486589967
0.140891757762703 0.0220659585943025 -0.0242041892404545 -0.33485581287981
0.182745659444967 -0.0732339393849608 0.0266649833796732 -0.291629697802715
0.106038209171594 0.00923749426394563 -0.0721507073955648 0.333826811225518
-0.0112663276351814 0.0658377249843623 -0.0287551817192344 0.398575123057591
-0.0656705925479763 0.014912542927521 -0.0726434531598159 0.393265444013728
-0.117805220423113 -0.118484215296024 -0.233267033307769 0.286865676617115
-0.0167324252917902 -0.220364340289851 -0.276240475908426 0.086942793313401
0.133820807153765 -0.248638865659237 -0.224175450822891 0.00264813869176279
0.20993938771573 -0.238761842811771 -0.0691920829663427 -0.0349337360513913
0.16322821113459 -0.207029061910064 0.0486529969596462 -0.088326347087564
0.0268763133318995 -0.166424985388787 0.0698362993591056 -0.232501156309154
-0.120641115232878 -0.0150360757580723 -0.0311128699364143 -0.393309520802995
-0.104181564238292 0.19641510281886 -0.201985053684331 -0.388434564852274
0.107180626005769 0.262971751252724 -0.285434816249941 -0.343020565372966
0.318254639356293 0.135207014828098 -0.289099725800136 -0.25313687652982
0.296785280376947 -0.0597037334346497 -0.197741141910074 -0.175587470849118
0.247820249955299 -0.141208801325179 -0.0947938808765806 -0.197384778018611
0.0239569843427213 0.053381066657578 -0.0832754443253251 0.303144918657905
-0.137835843892652 0.062935795322455 -0.114179612952675 0.322377040799215
-0.156498565252446 -0.0745845583973905 -0.2250243665311 0.166041428960442
-0.0728115627726029 -0.239843603770619 -0.309389900843517 -0.123672687119158
0.107245843187318 -0.229231318755891 -0.172592838926661 -0.332323452920583
0.227954332945258 -0.18060292036202 -0.0551701712597509 -0.266110463769134
0.250891493916551 -0.170439572552168 0.0690853182815072 -0.167895451986302
0.141388257783425 -0.161894210460733 0.104366565484126 -0.164183058717703
-0.0461300995799432 -0.078475116765156 -0.0415224346675007 -0.264905378404767
-0.138458835549261 0.138727828513571 -0.277048328879805 -0.248615915973504
-0.0234503902732253 0.304959372170903 -0.359127348035441 -0.0643850875664113
0.200226903828491 0.258004592444306 -0.300180342705352 -0.0204532481804819
0.354007129784227 0.0845134152921632 -0.31051261100059 -0.0123498920329119
0.296002984071905 -0.112886877893648 -0.30036135535671 0.029530220907562
0.227610955503383 -0.157454457467771 -0.216323051983394 -0.0607570370410256
-0.00817247643398334 0.0464421721815976 -0.0596485761852062 0.25698476588971
-0.128678477864343 0.0193952412089738 -0.118450511336034 0.224242091306611
-0.0958988311452248 -0.0895738396800255 -0.173440723924398 -0.0527151731323097
0.0068927319172152 -0.173875704329393 -0.0766306220540297 -0.362748423372946
0.117126644522347 -0.0981496759521111 0.142489635938149 -0.471280439234368
0.175705931269013 -0.0554356306807764 0.195216699290345 -0.344016615482091
0.185707880411941 -0.0733068081547364 0.21067568659594 -0.22334926118828
0.0950095238081932 -0.0969572227335368 0.144204249610888 -0.211525751326811
-0.0491466365235405 -0.0155808442953789 -0.145791090838832 -0.23102318987078
-0.0727511569424028 0.145550323096367 -0.384281571320666 -0.0158712298345422
0.0273067504954424 0.211692786937567 -0.270831097222812 0.21645333408269
0.144215930243932 0.12702137876352 -0.11611242716744 0.157986929954288
0.20995872475572 0.0265605227367615 -0.203980926191008 0.108241184336488
0.162359469660555 -0.0898093363239975 -0.324708827123443 0.171286788916681
0.129848120384315 -0.103810787748784 -0.291713213451884 0.0594901891155684
-0.00695613950571233 0.00802404575998408 0.299197687424615 -0.105790078473166
0.00729427567208885 0.0109996553341022 0.32237288341937 -0.221646170156585
-0.0084599272264024 0.0103289464503059 0.127444828825553 -0.14161637246512
-0.00179521864174039 -0.00128273210544992 0.00719665632830395 -0.182095817189421
0.00529077307299424 -0.0273025576475189 0.184085101761622 -0.31614559570004
-0.00227200189389249 -0.0231717794287767 0.39254367807279 -0.110867193401676
-0.0134924299031232 -0.00144289008169677 0.187567119914953 0.202575551753518
-0.0300157493552964 0.00217586220025792 -0.166286386182999 0.248132561883995
-0.0386103394625972 -0.000307192999798355 -0.271719976590683 0.247629710435058
-0.0389489595055042 -0.00257449892099592 -0.30477793769446 0.360568668021787
-0.00297812637204356 0.0114499848970632 -0.290870844571306 0.473254434532909
0.0140334413503126 0.0277076419495105 -0.0645754181786203 0.418692182669117
0.016215182596806 0.00369119225237639 0.140529535064014 0.135924278644584
0.0282431502017774 0.00133500853120583 0.0945213122446378 -0.210482992594415
-0.0152415394088848 -0.00652517394718273 0.0125959594884619 -0.259674732674675
0.117886414076878 -0.0986112890086794 0.271981357363382 -0.0718682301741207
0.169957908344918 -0.0741493821231619 0.313316899662708 -0.19502828413314
0.185447130741715 0.0108901962123361 0.160602919544089 -0.14620742755522
0.137768085622039 0.106897684564759 0.0669782068223315 -0.163665406907535
0.0357475744627247 0.137653528320824 0.217858337006482 -0.276954184554071
-0.0613843187170974 0.095909037081747 0.375106303235035 -0.0719435830320955
-0.0639022600885642 -0.0195563772061739 0.150590751862083 0.215800245955612
0.0363381446166314 -0.094303328063494 -0.168432455281313 0.231336624625688
0.11501117501785 -0.0842767620815354 -0.252671610168105 0.221862378931708
0.115620948471914 -0.0693012413167127 -0.256498024200074 0.344458157766384
0.102295730799508 -0.094263840563612 -0.212591976099019 0.467513184257885
0.0303349849770413 -0.122666218236362 0.0101451433574491 0.404053283052331
-0.0663772927446123 -0.0942960515078337 0.181167189359837 0.0924865088745649
-0.0909083409585065 0.0128514840773572 0.121582538726343 -0.221112140188076
-0.0316372822746643 0.0258602394335438 0.0349083637867322 -0.270226840585696
0.206766920379189 -0.164173761366817 0.204950933766242 0.0394007412246017
0.278447203782739 -0.135257003335007 0.302844891487651 -0.0813537610764131
0.334072730433149 0.00227742160049053 0.269349093380878 -0.0896504260885743
0.238430625965025 0.193560748945051 0.253820191907077 -0.0718545701309357
0.0330307867037262 0.250931746234745 0.331047119841572 -0.0881042888600653
-0.110524530082496 0.136099813851933 0.310217331336913 0.106789224220196
-0.0747727051566147 -0.0696136683675669 0.0567898685224362 0.249448123575737
0.0944916652856928 -0.174248955782816 -0.139643550253709 0.177817660724903
0.217174405752158 -0.167033742334805 -0.139433948031944 0.163473583364186
0.219142168815916 -0.163710316852843 -0.0526899958698545 0.288167723652756
0.152676239429642 -0.223568653536807 0.0857267851619419 0.400071801995616
-0.00585612414850498 -0.242486747969265 0.271494838982307 0.254607255598579
-0.142138193090333 -0.129733474896543 0.277574395681719 -0.0785703720362491
-0.145888447855157 0.0342601957615741 0.146581147348533 -0.288517006588365
-0.00706917951697908 0.0335506676751189 0.0691591612187264 -0.300817458458435
0.233892135061493 -0.15564995742052 0.108842294458806 0.185451582001256
0.28833780771445 -0.116590602769293 0.256229340657795 0.121694223469073
0.345618006289691 0.0183185883693595 0.342791378679164 0.105106817796615
0.202832168204522 0.217716452730309 0.374809685062445 0.168678515332954
-0.0365500338108235 0.216287724129664 0.320397528610756 0.216449327292363
-0.123065900025657 0.0353913566584901 0.133076264723233 0.291384620566428
-0.0220243026604101 -0.157660124392026 -0.0525924202453572 0.236716760309793
0.133683762083763 -0.22321438828652 -0.0861136771180775 0.0991024383325778
0.218662302532719 -0.230280998311462 0.00712417816825501 0.0468137426920969
0.182524426048734 -0.249305027025402 0.174908454977234 0.0619446149488356
0.0620390689006046 -0.272803666797372 0.331798591793679 0.0415654795814212
-0.0860872812251283 -0.199694182912015 0.37448708448263 -0.151969357810481
-0.11297169911964 -0.04221136402739 0.222142768987813 -0.333191827967612
-0.0603310128140545 0.0525376341044049 0.103941953865499 -0.361397875222383
0.0733074113211572 -0.00564281378271773 0.0747638924356028 -0.31951359907177
0.189713952098743 -0.0820945041710441 0.00892202119548218 0.29733694504667
0.171779052417885 -0.0214667973602348 0.13774658881521 0.323500614725061
0.168325787497471 0.0491533445105596 0.222503012939349 0.354733868821273
0.0159964639524454 0.102225667363037 0.170714835088166 0.407550284215607
-0.0960749316408796 -0.00145272638550504 0.0301818282199541 0.365970141895312
-0.0378946157392756 -0.152598384203426 -0.116321829672461 0.274939135090177
0.0876458040074993 -0.237742762309768 -0.112828632264394 0.131168186438581
0.153259707741145 -0.234857730347054 -0.0199663911051483 0.00366153216204533
0.131351557287481 -0.236292331802784 0.0912475959243537 -0.112022543861618
0.0146848729370083 -0.202049129655872 0.183206009738882 -0.258454025664185
-0.0853154224194549 -0.0866257302522223 0.162335401328421 -0.372003754870082
-0.0507388958966413 0.0483796954974212 0.0555432469111132 -0.46200685649806
0.09570836091195 0.0881480306700663 -0.056838490317592 -0.420762073256855
0.136191825697135 0.0151019781707519 -0.0370823854771032 -0.330714461616335
0.174852688620581 -0.0806925430550799 0.0159591967380232 -0.287961330514497
0.102630897737381 0.00279033912335164 -0.0561670709530464 0.333369630353094
-0.0119068085507025 0.0643746797677047 -0.00987654666305036 0.394899894499248
-0.0664444164079966 0.0143357416301631 -0.0554461506863889 0.39086552321288
-0.12188032977997 -0.116663036574657 -0.219349787227207 0.291555638017587
-0.0245803439072148 -0.221159104013558 -0.270012700841478 0.0938175962769274
0.123070300908427 -0.256286642835523 -0.220427061632777 0.0105548698157228
0.199711256913555 -0.247937264643951 -0.0690518090349183 -0.0332815713501324
0.154573363893902 -0.215927615743967 0.0443987321850244 -0.0920716210716366
0.0183810552777611 -0.172055621599863 0.0582039678484408 -0.233257875816901
-0.126156945736251 -0.015044770228156 -0.051138542682224 -0.387183971686334
-0.102076500220099 0.198399756648671 -0.217916028267175 -0.373752225307959
0.113710914373446 0.25845325075403 -0.297732599813125 -0.32433370666604
0.31916293475461 0.122407616988319 -0.296031087211233 -0.236471973247339
0.289377562611548 -0.0698410924159098 -0.201926630374019 -0.164919340711339
0.237424299070722 -0.151377050470835 -0.100327204478555 -0.19014700962112
0.0250205846415656 0.0492098033310084 -0.0680743108010164 0.304340845310174
-0.135049387072775 0.0663917317856961 -0.0994569365622669 0.326869886813522
-0.15731372955449 -0.0712892651355062 -0.21959256249734 0.173552634715459
-0.0812944856471254 -0.237734339127107 -0.31328288719422 -0.11429978534592
0.100341860199678 -0.232083270815069 -0.185553365046219 -0.326589948628537
0.221427738195589 -0.187863545551609 -0.0621335714377302 -0.262488761834658
0.243723752261783 -0.180801325418202 0.0631940689809681 -0.170472022619784
0.13413377623633 -0.170224683868256 0.097530851786996 -0.171290867598521
-0.0525089551601502 -0.081329012728026 -0.0544286320194219 -0.26374448725326
-0.138636904959351 0.140436369688103 -0.293064437310128 -0.232997875272499
-0.0183022033254373 0.306143499768706 -0.359507641625699 -0.0419909772374765
0.206705982507879 0.251756921337591 -0.295213980891324 -0.00411802967211272
0.353398984753911 0.072561595298319 -0.305570661774537 0.00213680453802777
0.287670255487893 -0.121522834358392 -0.294999076033165 0.0407778193033114
0.21901358064456 -0.164488321942663 -0.214155259104647 -0.0494336374098061
-0.00678255254917717 0.044986817047268 -0.0444379815641457 0.258707527268723
-0.126690959031807 0.0235735106773503 -0.108147345525771 0.229768636619807
-0.0978470301486948 -0.0861700914750562 -0.178987836566244 -0.0468394252530635
-0.000130706648692434 -0.173158619605473 -0.0933812066791128 -0.361939124515937
0.114865828455085 -0.102593233677791 0.121980633529874 -0.475465441087127
0.174607410706143 -0.0610820463593909 0.186751276688664 -0.348533252374952
0.182343734905421 -0.08121966465187 0.204381875494333 -0.230638449334256
0.0905574739775991 -0.102268025737266 0.136113508000468 -0.219642435198146
-0.05201600932722 -0.0165303536589955 -0.160219031297024 -0.22774376713818
-0.0700865364345782 0.146471087436945 -0.391319856796011 0.00369705593697807
0.0324412741803399 0.211332346588957 -0.260314466705818 0.23575670968802
0.147208795140629 0.123484650302243 -0.103094630721049 0.164455895757917
0.209285819027694 0.0203706813083103 -0.192939518157449 0.114585157265651
0.157820925716179 -0.0950697648049045 -0.312932586930482 0.179745682090674
0.124305518981323 -0.10814750291541 -0.283342568476123 0.0713155426459266
-0.00579395244573206 0.00952237944780177 0.290514922108218 -0.113130305695285
0.00650264443045696 0.0104720452627697 0.311580481645691 -0.224973710675123
-0.00814418837167737 0.00983595609660453 0.118303129932226 -0.140034147753608
-0.00260522769128412 -0.00175114630220918 -0.00311727626792226 -0.18154405598612
0.00469149580878358 -0.026206527208028 0.174233036052282 -0.32687420097276
-0.00215813466890101 -0.0233151902077623 0.393550023593706 -0.12191299027418
-0.0131441347267148 -0.0015149915364484 0.199243749441896 0.201410287242961
-0.0288407936647066 0.00363902697862409 -0.159235109541005 0.256028314053949
-0.0383013232390415 0.000811094010762124 -0.268081488063098 0.252407762977898
-0.038848737836767 -0.00184428523356817 -0.299418264129054 0.364209244837849
-0.00197818345341801 0.0107371146628247 -0.282441053766285 0.481867471008119
0.0139248962099481 0.0267911041536414 -0.0535130690189239 0.423485559672756
0.0159766494593926 0.00382561154688789 0.148954097361464 0.134731534702105
0.0288575379820657 -0.000570026802883256 0.0892561542550819 -0.213399516718706
-0.0160584494265253 -0.00548335680805355 0.00203665401228566 -0.259352534784828
0.113278456377557 -0.0988095497768707 0.264279374003264 -0.0801761507414161
0.166066268397875 -0.0769791013548005 0.303249166023311 -0.198316081809869
0.184031532413542 0.00951390270629548 0.150738076986978 -0.144462252399632
0.136994881659884 0.103736967959995 0.0580141288288349 -0.16602449048905
0.0347607439226475 0.136529513098575 0.20828158535412 -0.287016671968896
-0.0613890581916056 0.094344459319877 0.375294472892043 -0.0834883869833154
-0.0655587139410858 -0.0202422127888897 0.162262533904671 0.215125676624161
0.0344027000656585 -0.095939868488682 -0.161759044497983 0.238864155246658
0.113738181313512 -0.0868766067138584 -0.249445031541481 0.227645251769487
0.11465652473018 -0.0701826019974423 -0.251041836867156 0.34904065234488
0.101195393968026 -0.0958081479657796 -0.20259059145692 0.472665141727149
0.0275952855258953 -0.123114978142468 0.0220664057241514 0.407660765447162
-0.0690576992785159 -0.0924204278241471 0.187267255971207 0.0898610557246606
-0.0885726965462578 0.0145135049041769 0.115571568195712 -0.225211671868357
-0.0329589716420136 0.0253552603226649 0.0240650383367469 -0.27048246711316
0.199476157957439 -0.167568614380022 0.200805050902329 0.0323535888481506
0.272818119781314 -0.138165049671271 0.294839504900527 -0.0879986941783866
0.331462217609655 -0.00219131732656931 0.260229987621483 -0.0945633488064038
0.238183350716201 0.190048870016308 0.246685878860017 -0.0811430326577488
0.0324445848437934 0.250191434333312 0.324732176474311 -0.101608239922023
-0.112052618488 0.134816840433796 0.314989156118271 0.0943446542199877
-0.0780108435900248 -0.0719823376516143 0.0677398443723055 0.249060914066747
0.0893582895643898 -0.177731880500773 -0.135061707957211 0.1843980214956
0.212932793158265 -0.171776179893845 -0.136304558759223 0.166816610914592
0.21738273670734 -0.166234353898182 -0.0481055372132998 0.289414601690609
0.149932785970132 -0.226083459427428 0.092562485655731 0.397296817668105
-0.0105428981264385 -0.242888118314894 0.277880797450553 0.250641995185764
-0.143216573865049 -0.127930048362497 0.276079108761417 -0.0844957240816517
-0.144771030358964 0.0360958293557261 0.140230723882173 -0.291734978573005
-0.0084768785167155 0.0313471505672279 0.0587988837751545 -0.300631342736745
0.224220313934762 -0.160271283657664 0.111081939538358 0.178651024421108
0.282186314717716 -0.121496558944248 0.25362558068404 0.111700984760868
0.340854847220906 0.0116170131092767 0.34103328626139 0.0926849389225634
0.202828504281133 0.21329065045586 0.374178342710985 0.152521516843398
-0.0378702099503607 0.216809816482332 0.323626897950689 0.202259422584583
-0.12660978269855 0.0334195578401164 0.142042022001794 0.282224904315553
-0.0287306738578697 -0.161781252715684 -0.043214668564397 0.237990858924193
0.127080571044541 -0.227267731483551 -0.0834907587838527 0.103177606803385
0.214084996431834 -0.236184059280379 0.00788782842829405 0.0492708635591541
0.179556304232439 -0.25370927363452 0.172500310735841 0.0596601955306444
0.0576858080139164 -0.275510876817619 0.330202845173533 0.0364668053521883
-0.0899885137846431 -0.200193771549613 0.368152736394278 -0.158276096183251
-0.114456918764031 -0.042857665246965 0.210974285093809 -0.334343909987868
-0.0613953986032558 0.0522120538748832 0.0922254602309612 -0.36031537681679
0.0696577848487251 -0.00926876109480702 0.0658340371384245 -0.318919248469886
0.182778813838521 -0.0874901782633862 0.0171070400700362 0.292264840748806
0.166686862132178 -0.0256623759390316 0.14374494313575 0.314568169901082
0.164971752363957 0.0434118202396194 0.229806495192868 0.3432638260793
0.016280589694295 0.0997227546105553 0.180336074981503 0.396124767213926
-0.0991576923496727 -0.000696003372279299 0.0411305328771637 0.359962132769645
-0.0433183833910251 -0.157670594883691 -0.107026035267958 0.27384694929371
0.07825912010081 -0.242215780877714 -0.107028633515989 0.13353592948902
0.148212214804713 -0.241575329823313 -0.0200783452574796 0.00390992778119089
0.124990863213543 -0.241546082666613 0.0874781231672184 -0.110745911476861
0.00901327098579052 -0.204518821700254 0.173940455283901 -0.258196094730207
-0.0886493695917463 -0.0874943999099924 0.152026790177442 -0.370114157866655
-0.051163033978745 0.0480160166373152 0.0422555795554427 -0.456263584875318
0.0953321929742671 0.0825369623101935 -0.0674260703686993 -0.414031142618017
0.132572324438064 0.0116508225091242 -0.0454030403863057 -0.32604808169947
0.168918397351073 -0.0861343105721353 0.00836380120199564 -0.284983274385736
0.0997824847184227 -0.00201387111639652 -0.0455044291840977 0.33161790326943
-0.0127012123784895 0.0624957891406131 0.000535775677061486 0.393507100798087
-0.0682322659369672 0.0118385627154583 -0.044146357344628 0.388897119813353
-0.123743689742272 -0.117256576336889 -0.211275467737372 0.291787248507116
-0.0275692761936451 -0.221149437730502 -0.265927339954494 0.0963118722377231
0.117947491668175 -0.260245646287981 -0.217316879442456 0.0143218947237385
0.193219532440242 -0.25514198445276 -0.0682968049464073 -0.0325253141468278
0.148369117442431 -0.222049281403392 0.0424679678695946 -0.0945123838202307
0.010682618227917 -0.176929118308937 0.0510027449125484 -0.233704253383828
-0.13034242638698 -0.0158662545123697 -0.0655728780406848 -0.381233853347458
-0.103826754264104 0.198649214622086 -0.226826893330677 -0.360609716892541
0.116785951983875 0.256747287336618 -0.30345628546356 -0.310291093097619
0.318250220035663 0.116703092282238 -0.298280403844651 -0.225774336465419
0.283551520128459 -0.0754657165789185 -0.203216643087046 -0.157604869186627
0.228730229278619 -0.154342627034177 -0.102460870970335 -0.183660523457939
0.023795975214417 0.0461466270903683 -0.0563271063829638 0.303940586336261
-0.132377020832813 0.0669475904786974 -0.0892554208857276 0.328112648020319
-0.158088353863929 -0.0691018991376192 -0.215808245350968 0.175934765113177
-0.0853966723434717 -0.236038419367756 -0.316467448697371 -0.10893433246665
0.0977527757895445 -0.233268159826969 -0.192102550193623 -0.322338104760399
0.217059372373224 -0.19212635367373 -0.0641040379700204 -0.257977350940605
0.239332187371893 -0.186565874260536 0.0614304941219758 -0.172422838900148
0.129213688536038 -0.17636427636757 0.0923564195603692 -0.175337660350134
-0.0575778755249858 -0.0840893698424728 -0.0632923960636202 -0.262589541158738
-0.138855471255903 0.140785870964285 -0.303776682919122 -0.219946895033961
-0.0174670174877916 0.306146047386316 -0.359393809646411 -0.0255904337870486
0.209018222097169 0.249185946989721 -0.289857826790805 0.00941474263839439
0.351852518688583 0.0663783630522041 -0.298506193109159 0.00921167303787754
0.282350863079373 -0.126437981282178 -0.290361898877102 0.0466091613252905
0.210925160979771 -0.167277670996471 -0.210021069227938 -0.0412596051556427
-0.00618322856338754 0.0430456047428622 -0.0341311904243344 0.258886352761605
-0.124141766012284 0.0255882937518195 -0.103050399704897 0.232104275127194
-0.0987157676216835 -0.0842650677890165 -0.185325718546121 -0.0423590904996794
-0.00371911338395849 -0.171080430640262 -0.103269823147623 -0.36129273048661
0.114284599931867 -0.104706688638008 0.110462976098218 -0.476109371103602
0.173697567889487 -0.0645218184158506 0.181693255772677 -0.350224232515077
0.181172137256534 -0.0859092198960861 0.201120456892501 -0.234807728672277
0.0864900152960457 -0.106815260434793 0.130049670908364 -0.224409954416088
-0.0545907038238146 -0.0173286160723605 -0.170588959812979 -0.22560580585804
-0.0704306466977735 0.145778531829075 -0.397855204264811 0.0188014536538873
0.034402475808266 0.210700500833301 -0.25373895749422 0.247575364018423
0.149082227931009 0.120943503673208 -0.0921001167335763 0.167960174360666
0.207974152973691 0.0179777952813907 -0.183330513595895 0.116397892960827
0.153595423952285 -0.0970779025082605 -0.305035502008673 0.184096638369436
0.120397033730931 -0.109305736126374 -0.276570712836567 0.078546940486343
-0.00836303265450322 0.00652624745585077 0.300780685744948 -0.0771966311020771
0.00249747491665483 0.0101038556047546 0.336308189858694 -0.182143454985976
-0.0102013704005098 0.0082762707919757 0.13062049579678 -0.120519758241336
-0.00344399658804281 -0.00347947692488673 0.0141735128335714 -0.183531272812195
0.00778847592879863 -0.028460689103519 0.216336553294586 -0.311869881621469
0.00118184448182102 -0.0264394224534571 0.417856323272046 -0.0750992602757728
-0.0112761115738942 -0.00345260155382937 0.178402572905113 0.232020620503769
-0.0297968717672826 0.000970614862463868 -0.192558700717602 0.240295560285342
-0.0379836728910411 -0.00321244036166124 -0.304172911373565 0.213637744799837
-0.0372939631998941 -0.00531073490838969 -0.349520495214263 0.321121838925109
-0.000862134168859249 0.0118456082958043 -0.34514881397484 0.445033437240063
0.0124373375541387 0.0275536442531377 -0.107644769840271 0.421430702900371
0.0152686497480774 0.00482101708290192 0.136495097663532 0.15459283456555
0.0286376172544363 0.00311349292857965 0.117062358179433 -0.204360019559455
-0.0175576746804003 -0.00548528954726686 0.0293081747799763 -0.260580241662816
0.12479973562227 -0.0870292675357353 0.269141351053394 -0.046473748169227
0.174809236333331 -0.0557213337747473 0.323855450051387 -0.156750906942398
0.184513236745318 0.0353386755797265 0.163532058894692 -0.120590593226252
0.121974311194873 0.124005936889132 0.0737122180494989 -0.1600102090533
0.0135259394056587 0.141825027936447 0.244917628957803 -0.267574479717223
-0.0757722082646677 0.0828032228724861 0.391701133125993 -0.0395543085510046
-0.0623585633733378 -0.031358448249596 0.138860756231059 0.239852757167974
0.046947019491833 -0.0915543601883263 -0.193259449628098 0.224192134490998
0.127132750499582 -0.0699331217350199 -0.282405126179164 0.192816480394665
0.126937634250902 -0.0525827395021941 -0.298557887377557 0.312090490970944
0.117836711369408 -0.0817050284172908 -0.266903597310997 0.445708865087379
0.0458813539527195 -0.121394708749284 -0.0318046471945444 0.413083923933793
-0.0559252064351324 -0.103496647209767 0.178757915723761 0.115988565999063
-0.0908207485350966 0.00298038488628533 0.145515011105919 -0.211057408111484
-0.0391027708244073 0.021804096647861 0.0517706029384871 -0.269285315926354
0.220603824170806 -0.144457048174891 0.1927716906351 0.0558004246124206
0.29145971472961 -0.104549115411475 0.302997294895388 -0.047527131954468
0.333306302471192 0.0442593107310817 0.266677472269359 -0.0583478580366795
0.212517219144594 0.224059140724502 0.251260678355636 -0.0519046437485312
-0.00557805448853213 0.256585110425345 0.338555203608415 -0.0672170374403891
-0.133163972746774 0.115834812049675 0.308695916469885 0.130088548339955
-0.0704786312743748 -0.0871383802905437 0.0394980096029223 0.260088015779252
0.113602488052774 -0.168796366858502 -0.158324895208508 0.171273680965486
0.239585240790954 -0.142885463673225 -0.161891725075174 0.149984807419506
0.245138437645275 -0.135374009179639 -0.08877812382075 0.281527308466106
0.185054722782895 -0.206941053548812 0.0376127000783104 0.410339152432264
0.0232614356485833 -0.248793555226539 0.244496797377482 0.28879899454149
-0.127519703982624 -0.150058038686054 0.286550111225641 -0.048052307901904
-0.151248001289518 0.0174058524674295 0.176520397406541 -0.274459827151499
-0.0156306221995617 0.0296144903918849 0.0901574706276865 -0.29513981252723
0.245794030574424 -0.134862374804918 0.0869608035450082 0.189402857883979
0.299226739268282 -0.0879146355855826 0.237610101378882 0.144257306070903
0.341009811610122 0.0587107251900148 0.325386685631366 0.136362687013785
0.175452498013641 0.243097584548615 0.352892035385263 0.196980901451853
-0.0710741362608065 0.213263684635494 0.299706591638599 0.238414628003852
-0.134284321490129 0.0117683967748963 0.109888073105769 0.297919337249296
-0.00870452768684889 -0.171395679815446 -0.0717561954145802 0.232663126896698
0.157261075294421 -0.214241073500408 -0.0966950003617883 0.0945055898841134
0.247794655946921 -0.209320822516584 0.00026126278858336 0.0530525432908763
0.215639530094615 -0.230630256931114 0.162020949341956 0.0837309642101783
0.0962880564061535 -0.271512021570416 0.323751329310951 0.0803300719904552
-0.0641633093080615 -0.216229785031169 0.384588323030323 -0.107584281383851
-0.110710451319069 -0.0615326093496791 0.252540148761652 -0.306640557179272
-0.0719450826177318 0.0442997342691034 0.137618365487648 -0.347231577558337
0.066668026991696 -0.00136593760829 0.101195904515414 -0.310887314386853
0.194681699149929 -0.0676129165795729 -0.0189942409878759 0.291746237589366
0.170070898175474 -0.00612202972663823 0.104137332436597 0.331341059322124
0.158863759717546 0.0638971487350101 0.186763716982805 0.369909331630173
0.00402015948179614 0.101944063633121 0.130762237813071 0.413045071030159
-0.101594731254973 -0.0141186306159521 -0.00350505648046915 0.36009241888811
-0.0247812084464454 -0.168209831710217 -0.139809730820489 0.257349763584996
0.111172467967068 -0.237229539033027 -0.12225933372216 0.118146790890052
0.177985647032646 -0.226993909582143 -0.0202473986111253 0.00166321895359171
0.157614970457405 -0.229835476799657 0.101213083490142 -0.0969129113040667
0.0355617322496208 -0.206728424167806 0.20434501761721 -0.231795183891029
-0.0818198937437714 -0.103373982343176 0.199076783068722 -0.347243978848902
-0.061510188513331 0.0404679821122087 0.0989474842604129 -0.445674334458184
0.0825251918787007 0.0949464246669244 -0.0143851611830564 -0.419044844351904
0.127846607583834 0.0295015314197575 -0.00296628216563119 -0.328075108354208
0.1769172669063 -0.06638071586895 0.0416136960321829 -0.282705405911519
0.100882102762758 0.00610240636037465 -0.0842023302265577 0.322351135874928
-0.0205222844684936 0.0591842907502445 -0.0470507934273646 0.390710119757562
-0.0706055749184459 -0.00028635424512331 -0.0921434878703567 0.380183362440388
-0.109340974356555 -0.135758963899781 -0.248027831230636 0.259053501278213
0.00160052541658694 -0.227801842659729 -0.277488141620255 0.0599617765901028
0.151751087078399 -0.249252551211426 -0.217212080275043 -0.0130388710236711
0.227426668205841 -0.233836059185778 -0.0616928983053679 -0.0427141027772077
0.178446352141961 -0.208569594278941 0.0548459119698255 -0.0913716225842307
0.0331054375313851 -0.181888158944108 0.0811695817313193 -0.22562446429288
-0.133890584454254 -0.0385015563017059 -0.0189573490071463 -0.384274582483168
-0.137927085931655 0.183458758997491 -0.180744150255853 -0.382661403465758
0.0775334761362432 0.275358841299754 -0.261407768766889 -0.342064788192795
0.303154304402479 0.160692714453483 -0.267859491138025 -0.25799049794639
0.292493618291562 -0.0382508719406784 -0.18068834033786 -0.181126617920165
0.247604016787777 -0.126593685997105 -0.0789316254766678 -0.192960598652795
0.0201138069953962 0.0454028101669543 -0.0896917983750761 0.295373929250849
-0.141083212193433 0.0494769031589849 -0.129859308151765 0.316227572304399
-0.150479957988048 -0.0930109721714924 -0.239225209803117 0.146907874456312
-0.0556934861724824 -0.249653644451106 -0.303609034111644 -0.153260131119092
0.13045590304208 -0.225613421305947 -0.150600759961858 -0.350619809683878
0.243567374607016 -0.167228725822832 -0.0267616683209579 -0.266857963261732
0.265554293349907 -0.158682484134374 0.0868188872811971 -0.164896219401136
0.1523095427578 -0.164039819458231 0.116281733442769 -0.16594566487983
-0.0505763119277209 -0.0976973015498665 -0.0313853696517042 -0.272001483505257
-0.1650337030798 0.119368290324595 -0.281152857899009 -0.256710408412943
-0.0645615982036101 0.306333234069193 -0.355457547960596 -0.0633920162086963
0.173474019789772 0.281768198838504 -0.284005475191249 -0.0235708585727665
0.34561729019962 0.117454849294838 -0.294546478319007 -0.0260705696719391
0.299142554402328 -0.0885921396392579 -0.291688116314861 0.0082372106817794
0.233622453337616 -0.141183484405423 -0.20355598416541 -0.0635086041646402
-0.0104011601986553 0.0397328681574798 -0.0622740525191276 0.253826071257219
-0.126299802680156 0.00866258960886362 -0.132232815572598 0.220051547933834
-0.0871598622133884 -0.0985019073180306 -0.183278784168485 -0.0674330819631336
0.016838191570988 -0.173752511503431 -0.0577003980184854 -0.376870776456036
0.128417016529321 -0.0944662228425314 0.174670554298479 -0.463250197454093
0.183607713594214 -0.0439099139646432 0.231891532268146 -0.325856340953931
0.192811955272911 -0.0645016076579981 0.235325393403893 -0.208856538501611
0.0996390170119616 -0.0995146161292935 0.159468221244236 -0.211979097426529
-0.0557930854371579 -0.0270875173776907 -0.143551218926465 -0.251795147491697
-0.0939572229135607 0.136777456791016 -0.405726261223011 -0.0296173578852626
0.00524694424198575 0.217690790086659 -0.28466817746949 0.222567035975384
0.132038753070947 0.142511264012488 -0.105856178622217 0.157501835331005
0.208490824758863 0.046663396512362 -0.191127957421474 0.0917067243840587
0.168818795370917 -0.0772100632359833 -0.324870656855003 0.141446302729149
0.135904046984662 -0.0945012721176638 -0.283722427734625 0.0475209076498484
-0.00805277718269314 0.00700382696676662 0.300641862478297 -0.0883224902935449
0.00244474296068758 0.0107196985885406 0.333241489289945 -0.193131544358508
-0.00956681875641987 0.00862700898062392 0.12408318888058 -0.123512780859008
-0.00464545937611212 -0.00387240461772649 0.00238863047854517 -0.189794046810251
0.00838563680189544 -0.0290944534086985 0.209961760303404 -0.331452807254922
0.000685593108812234 -0.0273374969434058 0.431264443399922 -0.0917738528362964
-0.0117867302815769 -0.00314450705317028 0.195604420649602 0.235192778398664
-0.0297874281904068 0.00242324984394354 -0.188005660445689 0.255989926874993
-0.0386861083841246 -0.00221569266073187 -0.305636142348796 0.226955868287846
-0.0386672862474443 -0.00478690657158399 -0.348655157596515 0.337186992731502
-0.000349492987191094 0.0111492563862628 -0.340844156663541 0.465322322289348
0.0133216042071129 0.0275987762676126 -0.0946009290508993 0.437889782290124
0.0148957983888601 0.00542328263917334 0.150400438745084 0.156353469794044
0.0299315684805191 0.00126872412629096 0.113970275472629 -0.214211589460313
-0.0191104372123236 -0.00398209837190827 0.0164194383441949 -0.267440568053714
0.125013309068083 -0.091318138576758 0.269231706463697 -0.0579590099586527
0.176007621889554 -0.0614189262094668 0.322257029598419 -0.168071675481754
0.188857200796369 0.0326032210751159 0.157301186074708 -0.124658670255989
0.124981918545094 0.124378783915103 0.0646084046251849 -0.166533769340864
0.0148454725411582 0.145281934056051 0.239827903577848 -0.28871436441423
-0.0774714134555921 0.0838586547708203 0.405890878523957 -0.0556965658840399
-0.0664789376352778 -0.033036853445414 0.155816684412083 0.244412517648363
0.0452529745433365 -0.095647431377417 -0.189110715076653 0.239929783567027
0.128642391938112 -0.0756692513525293 -0.284530006453041 0.206010260099594
0.130130324416252 -0.0565399327819841 -0.298587870265299 0.327858057335599
0.119430927434402 -0.0865932986235577 -0.259658631035687 0.465270210227012
0.0431635558190144 -0.125676458387518 -0.0180036519783148 0.429037174057577
-0.0605156446483972 -0.104483376219988 0.190073746715169 0.114330844629245
-0.091712510508255 0.00421199075958228 0.142714013992074 -0.223619425456828
-0.0402104428379606 0.0223805689297753 0.0398617708316393 -0.278026922086016
0.2176547459044 -0.153863073918939 0.19527593725069 0.0488517804070518
0.293736435086045 -0.112634341007577 0.304649176851008 -0.0583286135255556
0.339718186898509 0.0379230403527796 0.264913256133184 -0.0668706699211162
0.220361090585303 0.225654296641112 0.251484342720557 -0.065044740518874
-0.00461763625610966 0.263399262337503 0.342547929802074 -0.0863103764983253
-0.137725584078386 0.117571922312103 0.322174898668892 0.11912504362117
-0.0767186726135829 -0.0920024646369626 0.0533143666085251 0.266841456054996
0.110600184208473 -0.177190224042251 -0.156675943168296 0.184463840772996
0.240689666985413 -0.153307466889503 -0.162331577441513 0.158955587396864
0.247840345281222 -0.144221585534763 -0.0849818099162306 0.290011095158165
0.184349754878497 -0.217975440205357 0.0504299426950384 0.418243619083981
0.0173478083421145 -0.255281956061573 0.259177252858802 0.290182180813146
-0.13388866155569 -0.152129007070763 0.293894235295767 -0.057432271612477
-0.153632240943449 0.0210603754412222 0.172184953557786 -0.287548646373897
-0.017555506722112 0.0282761665767343 0.0788671856015703 -0.304040780627191
0.242468265375743 -0.145115600360325 0.0925920528302414 0.187611353569489
0.299798861788729 -0.0976168701210836 0.244893681936725 0.136099428180313
0.346358966011658 0.051437212612599 0.334335678109983 0.12511915460678
0.182013608263194 0.244387836164656 0.364806348169374 0.182960552522522
-0.0724880571050146 0.219716005910994 0.314138585776795 0.226684689435666
-0.142190637170793 0.0106808610746987 0.123777427336519 0.295731316221901
-0.0162008300179038 -0.180620177602181 -0.0619663085533156 0.240206248549599
0.154466630997647 -0.227535467314886 -0.0962318562000169 0.10230936606826
0.247424312368595 -0.222967229481701 0.000589298244976076 0.0551117055382455
0.21614154619204 -0.242356010180658 0.165560672901902 0.0822636097424168
0.0915144200989758 -0.28366300941157 0.33061399531299 0.073450503329605
-0.071132211820529 -0.221972012095928 0.387617431650998 -0.120434572391845
-0.115016148186252 -0.0634817424586696 0.247384382097259 -0.319522278385023
-0.0744089259216008 0.0459550518476038 0.129085619366164 -0.357574683041614
0.064796588886764 -0.00680737033560975 0.0911174959463508 -0.319036543063524
0.192337228819406 -0.0771018235118964 -0.00891402032990502 0.294990935015894
0.170525674892886 -0.0118835788937887 0.116633630183909 0.330872985138012
0.160745941321571 0.0589082456156234 0.202527668501634 0.36627383598413
0.00457003061985539 0.101585916490812 0.147339444857539 0.412828608035125
-0.106369819056625 -0.0130074060640727 0.00843229511781739 0.362845100415581
-0.0328005972994853 -0.175504737199612 -0.133029514275207 0.265127457262023
0.104263122638727 -0.2508377125414 -0.118670763174575 0.124260042852617
0.174907625124839 -0.240325248264654 -0.0208707407637523 0.00251336550577203
0.153657787074008 -0.243542756465423 0.0990261495297178 -0.0998257840102426
0.029135109802424 -0.215682601640137 0.197553396560338 -0.240237687740276
-0.088727631022049 -0.107415391971726 0.191365981511491 -0.357899218780076
-0.0629748010440305 0.0412412091363917 0.0835889147823263 -0.454601661948739
0.084964995662208 0.0912282885832111 -0.0303584855239825 -0.423639747869639
0.127598993998228 0.0250943474157009 -0.0150883623749932 -0.331806850541336
0.174470721137664 -0.0745850062029814 0.03373697002794 -0.286797493288832
0.100031393159038 0.000713287634525558 -0.0723420713495652 0.329047479153003
-0.0219482426615746 0.0595278610526061 -0.0334762060365667 0.398043823861485
-0.0744845323224359 -0.00166577990881219 -0.0819417745632859 0.387827517162208
-0.115683422907277 -0.138851451145468 -0.245204299834082 0.269290593348397
-0.00364181364740512 -0.23484727006413 -0.281211167561502 0.066578566233172
0.148569100979788 -0.261493065552457 -0.220269668621681 -0.00818430423147764
0.224079167798709 -0.248935804926671 -0.0629258795715099 -0.0421411409818324
0.175855535850868 -0.221887759064228 0.0534123981686975 -0.0963513900006275
0.0252139276714596 -0.191771932561486 0.0741615371548779 -0.232601127094228
-0.142019692421938 -0.0387770571040194 -0.0370825231903574 -0.387877684534281
-0.141395380182635 0.189928138152831 -0.197489720456645 -0.378079140138458
0.085093383844536 0.27965041996909 -0.276988312320944 -0.333965457772089
0.311668564870444 0.154784291249834 -0.279692246403579 -0.251591819986575
0.294146091629725 -0.047421089124842 -0.188862796553105 -0.177963683616128
0.245011391392214 -0.138371302533357 -0.0839980163018636 -0.19120226059269
0.0196272064159318 0.0436764790178018 -0.0793684448418045 0.303486651166694
-0.142557386554685 0.0534356954277182 -0.120541974884838 0.327302791376096
-0.155641861406493 -0.0922662696554314 -0.24221276016567 0.157182117837421
-0.0626677602869911 -0.254534886342535 -0.317193598831294 -0.148946046625567
0.128818679205187 -0.236199045675286 -0.16553437605469 -0.35331115048382
0.245452379765193 -0.177523928020971 -0.0315766569369595 -0.270954174078284
0.267055603292309 -0.171931868954068 0.0859432573839649 -0.1714754930222
0.151352758199671 -0.175631154250268 0.113316309729488 -0.176697967566824
-0.057956114460869 -0.101979132384122 -0.0440344450978061 -0.278477736098193
-0.169716968322367 0.123720880677111 -0.301260854958144 -0.246983320393822
-0.0618505606591873 0.314457380402285 -0.363918241506509 -0.0457070645383095
0.182422757002509 0.284684831528184 -0.285916333781878 -0.0090198064589058
0.354875249837539 0.111343118885078 -0.295861378930403 -0.0152180051519181
0.300169243482798 -0.0973648167055744 -0.295165964569725 0.017530707259847
0.230817037425652 -0.152285001670899 -0.205990046857706 -0.0564422269377386
-0.0105804380063412 0.0386743221256292 -0.0515453758617163 0.261970994746469
-0.127210595243612 0.0113539417319072 -0.128543938387038 0.231302123157806
-0.0911332522785135 -0.0979706058426367 -0.193678502384565 -0.0632550593067284
0.0121092392053342 -0.177193277732394 -0.0725144841396129 -0.385468055998187
0.129751181492251 -0.101167606526245 0.165548884462422 -0.476714194029949
0.187305565464581 -0.0515634178722521 0.231567300759542 -0.338769817863607
0.195709109391262 -0.072621442345516 0.237231811903545 -0.22072588937328
0.0981626976581551 -0.107137795209472 0.157071894861945 -0.223060554017471
-0.0603652448436016 -0.0277769138599627 -0.160111712864943 -0.256032678137023
-0.0950013190830105 0.141080994080646 -0.422576165477197 -0.013019026899726
0.00927192928145395 0.222364696931582 -0.28349300725324 0.244868909830792
0.137676722357859 0.143209701870025 -0.096466597598337 0.166938139927108
0.213117608739162 0.0434140991818701 -0.186151383076739 0.0977292280172575
0.167662730231544 -0.0821992905593223 -0.324090499869984 0.151552963318252
0.133797684070977 -0.0996911110509606 -0.282876531876785 0.0592506520780242
-0.00684535017075456 0.00722942550552091 0.296811950288328 -0.105428938353566
0.00197501088522439 0.0109207806553576 0.325109972002772 -0.209096828774748
-0.00922044564344943 0.00991518027635813 0.114750928145316 -0.126311901033842
-0.00490612164694327 -0.00459484782018358 -0.0136615961721605 -0.192690382052279
0.00711971267457969 -0.0302072331828947 0.194788947315992 -0.352540285684664
4.82750975590186E-05 -0.0280904759447269 0.4415395843843 -0.117065615335367
-0.0117687734046172 -0.00287424705920212 0.218025309418212 0.232903951778394
-0.0303664933095895 0.00443660475798748 -0.177184385165384 0.273354842938652
-0.0399135005020315 0.00013187227486976 -0.302541617881539 0.245765775542394
-0.0402478238454013 -0.00309667875495277 -0.339756980212444 0.358831949735895
0.000911389345490661 0.0109858607473369 -0.32218498561263 0.491921508636287
0.0134299831007919 0.0278077092100266 -0.0728213560122641 0.454544948500141
0.01485972629682 0.00447207751325643 0.166714724509469 0.152545655478697
0.0302400391864349 -0.00113433203652133 0.104832369639638 -0.225267531037336
-0.0197459655864618 -0.00179314748042032 -0.000927577507657063 -0.272969433116169
0.120996585956661 -0.098355381071174 0.267662218656874 -0.0721288187549573
0.175221368696929 -0.0691050141655492 0.316104535826789 -0.183570924840394
0.192701542273354 0.0266792999311534 0.149031650008811 -0.131150649997424
0.130402670632013 0.12287309552986 0.0506411112257817 -0.174731997055687
0.0190678656894714 0.147881947714284 0.227657561078775 -0.310687481447476
-0.0775475964029823 0.0858459610155317 0.414845776921416 -0.0797787396874394
-0.0708014004071731 -0.0336448421334254 0.176171674746601 0.243322056796006
0.0416140868516177 -0.0998365441352585 -0.179493533892906 0.256631247486525
0.126786047739484 -0.0842030964533718 -0.282221619469108 0.222290085283267
0.129386352005549 -0.0637185061571722 -0.289448153761354 0.344878687167082
0.118409891384778 -0.0938072513046924 -0.242637766982107 0.486606450407624
0.0378439250034091 -0.129556521703269 0.00354500540075303 0.440674019050827
-0.0655615277314939 -0.103196833912298 0.202449175720359 0.109103740041273
-0.0920299686822321 0.00727642402807371 0.134324715965138 -0.236445098853915
-0.0423027528095175 0.0242359168630802 0.0220270899715855 -0.283720917739524
0.210418554622221 -0.165855834783808 0.196896522517585 0.0378699248708997
0.290539612103828 -0.125396247639388 0.302626434292043 -0.0735388793414682
0.344543865250924 0.0260401271923604 0.261117142496175 -0.0800869687646851
0.229300472810197 0.22183359040724 0.247244276497824 -0.0828924590677141
0.00275697506413274 0.269195759825004 0.341746790854233 -0.111248481992169
-0.139579659876001 0.121556667939693 0.336340430293544 0.101966018070297
-0.0850883893301959 -0.0944805764479837 0.0729989684446341 0.27024944598034
0.103508112429262 -0.187181605318764 -0.149998588134491 0.198403470652432
0.23760452825838 -0.1684271217802 -0.158059546491932 0.170150813767521
0.247491886148422 -0.158111968737577 -0.0738999240203542 0.298679338607543
0.17856441299982 -0.229242743117243 0.0691287272212965 0.422812785515393
0.00616741746708875 -0.261571951235782 0.277912086215751 0.284281729160083
-0.142862098206685 -0.149560626734599 0.29665824635682 -0.0712768297383238
-0.154534818673096 0.0277967953096226 0.161425387392179 -0.301258010928393
-0.019032565124417 0.0273040082967097 0.0609225057851693 -0.311945252285986
0.234060433601343 -0.159284338588746 0.100819882147175 0.183230886819903
0.29654149650172 -0.111913615742101 0.252545658996322 0.123270259048627
0.349627629139899 0.0374367586727428 0.341334371548394 0.108817190057294
0.192061444411747 0.241351668724593 0.376586363045454 0.161597266772081
-0.068501252912682 0.227665748024506 0.329170386037926 0.207713784963284
-0.14878418677566 0.0127483551093592 0.14217749348775 0.290639512539009
-0.0278265159160442 -0.187949624503343 -0.0480085435732534 0.24761896278934
0.144553216127123 -0.241150457146705 -0.0914576257367792 0.111582046910187
0.240613600112933 -0.240538143627417 0.00231114993620193 0.0580682908168773
0.210603940803061 -0.257426031866846 0.169508431667153 0.0773174620187976
0.0801117952538657 -0.295043949519851 0.33727182664814 0.0591850534704785
-0.0816601563557196 -0.224836143516604 0.385046226764309 -0.14011960064358
-0.119919711740442 -0.0625510165599806 0.234179172703811 -0.335301875990079
-0.0745624946412523 0.0485018945958924 0.113138687876192 -0.3687669516475
0.0616334163843972 -0.0130975547652815 0.073939073793818 -0.327518152468237
0.187084379717488 -0.0890149878063253 0.00561552079362347 0.296847815170572
0.16965315481061 -0.0203974353350849 0.133651034369064 0.327266662623092
0.161604616026965 0.0504814412487671 0.222996237778518 0.357556210985108
0.00640382601948282 0.100868750213212 0.170450298100655 0.405513277924508
-0.112093564262696 -0.00981476285179982 0.0266969756020129 0.362464673919536
-0.045418435545453 -0.180247105670826 -0.120296049014743 0.273023897550785
0.0916229622801868 -0.264930702456761 -0.111791310626216 0.131340562261248
0.166559000864853 -0.255666050617734 -0.0211074058691204 0.0039237266974063
0.143201607165649 -0.257509265077634 0.0943939578416805 -0.104736494566475
0.0196463445466423 -0.223193727980919 0.185253653701823 -0.249384160121658
-0.0981016915470061 -0.10787115394104 0.175209360406253 -0.368110214266195
-0.0631626353238513 0.0419186209728284 0.059270696103504 -0.460966856964283
0.088179021306353 0.0850729742566448 -0.0525000872913448 -0.424910865531248
0.127080270170217 0.0189156227112098 -0.0313771259070635 -0.334425912110635
0.169977923526637 -0.0857459502986924 0.0202413154742848 -0.29105221038918
0.0971496065713423 -0.0061860592135098 -0.0541331070271182 0.334688812653543
-0.0208717084832684 0.0600953428171748 -0.0146383602854413 0.40439527760288
-0.0781965597040236 -0.0011892776562838 -0.0644315157186859 0.394794712808847
-0.12432049420813 -0.13910779475002 -0.235704075944416 0.280950958468125
-0.0139132856658052 -0.24089218276868 -0.281830938797671 0.0792502994298955
0.138217153738554 -0.274459650017628 -0.221316606936046 0.00199656070684771
0.214792377027736 -0.265681700340327 -0.0633844609521845 -0.0407807535251423
0.168340914858483 -0.237549524860339 0.0482485112141866 -0.10250250263112
0.0134482469610165 -0.200358262533047 0.0615686444320714 -0.239050873365833
-0.149737191236651 -0.0365321895369742 -0.0617051496988307 -0.386306450511934
-0.140535969850361 0.198259747412839 -0.219958898084413 -0.367457777406353
0.095530934191658 0.279362597175944 -0.297668186728489 -0.317894958815276
0.320700242236045 0.142079959236383 -0.294780546107779 -0.23718064555624
0.292135805194503 -0.0603033073895548 -0.199384383381589 -0.169069483258192
0.238243002368864 -0.152568198777419 -0.0921367413596425 -0.186706846326267
0.0188819108803015 0.0391915814306454 -0.0617347070187064 0.310175906512081
-0.141190108090363 0.0587148677737549 -0.104975144386344 0.339664133822775
-0.160804325570417 -0.0891357205748226 -0.240976758161902 0.171991242793799
-0.0758914953472129 -0.257779563996239 -0.332077630211707 -0.136177122869977
0.121740264370117 -0.246127880110821 -0.185430481470973 -0.351354591436691
0.242648059841316 -0.191791716113512 -0.040433935598151 -0.272767810565662
0.261290470068148 -0.189033803676205 0.0811139427905292 -0.178441558522754
0.144444975859395 -0.189659089376833 0.106214058714535 -0.186738344305017
-0.0672225896428531 -0.104588422567356 -0.0619625681127768 -0.281847118747411
-0.171500518753118 0.130225394163739 -0.324518584299333 -0.230764309251308
-0.0541235643830321 0.322857844869648 -0.371100672953304 -0.019432952164818
0.195615922428016 0.281294734660576 -0.285195320643862 0.00984677872379121
0.363644958398524 0.0984705629094167 -0.295713417044457 -0.000549026246437808
0.297772669398824 -0.111057816168972 -0.296363385266247 0.0313259707768071
0.224088839450531 -0.16538551778533 -0.207125998662939 -0.0445751409106721
-0.0106586343915947 0.0377413888656955 -0.0354757934229875 0.268485592521769
-0.126944709867244 0.0154538770167109 -0.11794142558758 0.243114963925979
-0.0953916532576078 -0.0959566396610112 -0.204456732198558 -0.0541725621171746
0.00408240575809269 -0.180878449765798 -0.0943437409083047 -0.389796533995246
0.127542013860287 -0.109389401310692 0.146108476713967 -0.493205572824826
0.189123529823925 -0.0611825916452775 0.223758923407551 -0.354097327118103
0.195123874714122 -0.0831664986491482 0.23300499832531 -0.235270615615388
0.0933322521428871 -0.1159655677109 0.149445962517211 -0.237694666315904
-0.0648183780333657 -0.0275399315561654 -0.179741028527798 -0.25491172601762
-0.0933656836725962 0.146082561161114 -0.434929204460389 0.0134357040304042
0.0180176846934296 0.226167754015134 -0.273007569032964 0.270496290039444
0.143647887532767 0.140900190066339 -0.0824745770718366 0.175165874418299
0.218305391745237 0.0351140534773442 -0.177982900102494 0.105578950675929
0.165631989948348 -0.0889997457226756 -0.319214592921932 0.167255986834037
0.129250874489581 -0.107413169539868 -0.278227515155137 0.0751792154774391
-0.00633723821607408 0.00764369459731152 0.287259795320609 -0.119471913251649
0.00203526541024033 0.0106158977738475 0.311417209571794 -0.21969529291496
-0.0090795487594869 0.010191991956493 0.102813879002189 -0.12599156859181
-0.00578216014098148 -0.00408236039634172 -0.0292241326954022 -0.191015199602032
0.00648280608691698 -0.0312709938273097 0.17333106227142 -0.367106515364017
-0.000613707775160715 -0.0278073458031628 0.440058788965774 -0.14457370653052
-0.0124368249043214 -0.00203085178686485 0.234323870421171 0.223561518837662
-0.0293921016166202 0.00676653120669423 -0.161862113661836 0.284286571304833
-0.0398119316165262 0.00161973110835254 -0.291117608594176 0.257798622505911
-0.040799619649136 -0.00126517948822481 -0.323575923023097 0.373853135748291
0.00156522649800956 0.0101655841774771 -0.297129444463365 0.506512686644933
0.0147778918667258 0.0269314093463618 -0.0457178847731376 0.458231831820461
0.0146440272528104 0.00482347667897355 0.179300307510539 0.144587388455668
0.0287369248622707 -0.00326293101464459 0.092953094321239 -0.23174084885656
-0.0197629409579704 0.000728913536534794 -0.0185705064522489 -0.270659445992201
0.115168579081794 -0.103114926755989 0.258044644591471 -0.0857135512144977
0.170217666648826 -0.0751094138784553 0.301963712750031 -0.195241157735278
0.193417171028727 0.0192616566574546 0.13654416139557 -0.132562154880254
0.134083698316921 0.118148362772666 0.0354007707342097 -0.177358383313882
0.0230877181960312 0.147392928393662 0.208994744646379 -0.325368688839937
-0.0765658114027466 0.0870609392064688 0.413886461564612 -0.104988206509104
-0.0744422271392561 -0.0322545692550013 0.193584420042211 0.236914517051015
0.0362073724676449 -0.102217516822577 -0.164105289873874 0.267833333918034
0.122094231879089 -0.0897675235677797 -0.271599513159222 0.235491318906327
0.12666416400405 -0.0688666397344743 -0.27408460674337 0.356531535175562
0.114221774309481 -0.0993729913690704 -0.217684917553315 0.498206410184893
0.0312257356127695 -0.130125187493318 0.0301814684676466 0.441797201492648
-0.0700822837480945 -0.0999397744165217 0.211205983252264 0.100724627227782
-0.0896283625386251 0.00969620470617728 0.122734803951159 -0.244247984074433
-0.0424652068780889 0.0258199567900454 0.00264331403291066 -0.282388997966063
0.1994826571053 -0.174035775288629 0.19438493780185 0.025937193306496
0.281393282781784 -0.137281922223962 0.294209143964566 -0.0881102980667367
0.344050434091137 0.012267614049994 0.250529603812756 -0.0911128785849123
0.235976732237612 0.213489603918155 0.235741001487391 -0.0988688248317188
0.0095506578465087 0.270139021209663 0.332183872781593 -0.134960104480243
-0.138460700720905 0.124010586750211 0.343818067786606 0.0791472912068823
-0.0925984973672557 -0.0939945000458545 0.0902256128365591 0.266980306580778
0.0936905084283818 -0.193090058114519 -0.137820828112191 0.208986841188541
0.228135511880551 -0.179648714260384 -0.151148505767407 0.177958683895718
0.240677190245078 -0.1693884231076 -0.0612603983173339 0.30047494823667
0.167735919488429 -0.237619104063549 0.088715779323055 0.417798239221125
-0.0058100766367518 -0.26139897552111 0.291638045792144 0.272067456963343
-0.148181684185294 -0.14401152763963 0.293859205181379 -0.0839097606325043
-0.151525475906405 0.0323261328306449 0.14579846541397 -0.30936172857395
-0.0202488307217717 0.0252095209846206 0.0398352796465372 -0.311757546684024
0.2214303445425 -0.170057446290046 0.108056859927661 0.174186674347877
0.288241406879501 -0.124487396279933 0.254955430972994 0.108207249175911
0.347663079516013 0.022714330455201 0.341586141604145 0.0882169299897264
0.199052094873673 0.233910708859474 0.379271362987693 0.134001972042804
-0.0641422280767076 0.230717057077716 0.336418028119158 0.184942847614258
-0.1533306025464 0.0151930646284014 0.156880888312511 0.278602119714506
-0.0419020354450941 -0.191021978319243 -0.0313229821514735 0.248557062978011
0.132233004443569 -0.24954419015695 -0.0855759506171349 0.117936786562308
0.227493652742888 -0.252279404941383 0.00330087805573582 0.0589897687990625
0.198471828339346 -0.266368271438102 0.169524244229286 0.0702650520053899
0.065725083753746 -0.297459078418015 0.336252719212523 0.0424255463239354
-0.0917904333129922 -0.222006043132494 0.374811596184595 -0.15553677813812
-0.12217161073649 -0.0605477106751171 0.214933927770668 -0.342694424525223
-0.0739545256860661 0.0503536733230729 0.0931302762106428 -0.371867342953597
0.0570699592684395 -0.018722369838451 0.0548821600492534 -0.326823354604582
0.176845153991667 -0.098322696319575 0.0203118670863377 0.29198020223267
0.164039155159422 -0.0291634214772099 0.149686064508892 0.314279673308734
0.158943026942511 0.0419286937676189 0.239957679525135 0.339086116515203
0.0078744457162787 0.0991336095653944 0.188177702619557 0.388507284385935
-0.114068115761479 -0.0057411504608509 0.0442933621890211 0.354901789340564
-0.0562962365984115 -0.181860022531637 -0.105582346330835 0.275390425631258
0.0755901242054908 -0.272929695913806 -0.103046268922619 0.135422885357241
0.153321648774306 -0.26667372323521 -0.0212909716781547 0.00565477191673007
0.128813872831195 -0.266943152727351 0.0885351511748048 -0.106607617720253
0.00856749380585176 -0.226287214337753 0.168629499946758 -0.252955708852107
-0.106687306924237 -0.104384380627718 0.154013235634019 -0.371173098161706
-0.062147866274215 0.0417628351042392 0.0344105067309362 -0.455916357107707
0.0895446372568234 0.0772694444116057 -0.0742733893410988 -0.416523001344789
0.123499157586329 0.0110146542037059 -0.04685822118124 -0.328842434827425
0.159899279089689 -0.0948016165988003 0.00715321789000706 -0.286373119987739
0.0926732843396154 -0.0135635727387575 -0.035072297304243 0.333325307998068
-0.0187101431578471 0.0584408465161756 0.00780664802638039 0.402243013651567
-0.0802145167817468 -0.000520132067257864 -0.0429948572602832 0.393285635341517
-0.130579656290209 -0.135700207650423 -0.221508223009652 0.289626602566534
-0.0251682693391448 -0.242042502329054 -0.276611615796321 0.0906944380999047
0.123450796050246 -0.28172626716916 -0.216969274449714 0.0124826961799539
0.19963868845054 -0.27765328545955 -0.0625143548517662 -0.038191327003162
0.154915601956594 -0.24803516902559 0.042244070911563 -0.105687157604789
0.00167950037945699 -0.204038581534936 0.0483164032950321 -0.240771936755494
-0.154930795159454 -0.0333595895318507 -0.0846625192126615 -0.374232870465669
-0.136776286209471 0.20346988043073 -0.235507401553756 -0.346928080115902
0.105559706421263 0.273494580690869 -0.309247779428895 -0.293862716363185
0.322903614060038 0.125073773490216 -0.301897736151242 -0.217801089824662
0.284097301903556 -0.0732742542167665 -0.204650011904706 -0.155957020562246
0.224984950684583 -0.164398280852222 -0.0980341123685769 -0.178033382850157
0.017648833823001 0.0352595053698889 -0.0423694845015879 0.311561420332717
-0.136810398118898 0.0627897801165376 -0.0857304135809117 0.344815200322269
-0.165200056651032 -0.0833230786696149 -0.232837948316303 0.182536436168064
-0.0869746426354996 -0.254987387841428 -0.338709648898919 -0.120402475282368
0.110614527919186 -0.253196113699122 -0.200279305161176 -0.340789816453111
0.23362830324615 -0.203939921627376 -0.0494839325786487 -0.269422049160867
0.250882311846384 -0.200642831766343 0.0745065437203071 -0.182986200036009
0.133406641838868 -0.199493558867938 0.0956922860608327 -0.192850739962869
-0.0753135931457672 -0.104422385193134 -0.0775637393979105 -0.277215881787333
-0.169683271457485 0.13426243091853 -0.338929261914131 -0.206988570551202
-0.0442054633149955 0.324389645994349 -0.367475680227685 0.00768422841275616
0.205225553067781 0.272436333927048 -0.275928321364867 0.0282135761483407
0.364669874354661 0.0822815765164998 -0.287404951451217 0.0152835531758433
0.288602618321793 -0.123511155352917 -0.290936129198322 0.0448802209887856
0.211603676233805 -0.175424270480264 -0.202824012060613 -0.0321510270642484
-0.0105566324191527 0.0361397040646304 -0.0169394920543921 0.268789616429036
-0.124317606725835 0.0190955537461279 -0.104280857437569 0.251913883683423
-0.0976839519974181 -0.0924291271884187 -0.209855726952126 -0.0419216567362667
-0.0041639359546908 -0.179528513184075 -0.114211110876862 -0.384551898550997
0.12268272427829 -0.115180887928926 0.12228348236837 -0.496976321581039
0.186704115185 -0.0699516659202125 0.210721736548458 -0.362980296543215
0.190200014075348 -0.0929277956296176 0.222986774650883 -0.24675076666425
0.0848341985653266 -0.122649160665901 0.138093546197168 -0.245840327715434
-0.0677008746935569 -0.0258904456055653 -0.19779825111642 -0.24558259278972
-0.0893619451354365 0.148641127466311 -0.436757525063798 0.0418322045158378
0.0260257978210351 0.224282919054441 -0.253320155570279 0.289863438706833
0.14909872425816 0.135464755739727 -0.0659940328621669 0.178545331846029
0.217553545550004 0.0256810630068771 -0.164846129725721 0.110903046320363
0.159441968678821 -0.0952651403209436 -0.306468957342941 0.178959318081871
0.121214229840052 -0.112231725710958 -0.26895307638174 0.0893756955916409
-0.00866297529873129 0.00654294531841691 0.295118407486972 -0.0636291472922771
-0.00101085331347337 0.0111465438980157 0.33751514927558 -0.149595770539869
-0.0102268313461661 0.00771826930848223 0.117499783571574 -0.0986843213191051
-0.00551264089424003 -0.00623743298140562 0.000978503232190609 -0.190251023989656
0.0127733665837756 -0.0300749286793152 0.235003297662923 -0.330758835864069
0.00448000979570227 -0.0285789588100897 0.45823176183765 -0.0603736309623602
-0.0124469384506411 -0.00361258036851383 0.190013980693549 0.265508858894
-0.0301759663778976 0.00101174669751344 -0.210146883216834 0.248381269621306
-0.0384441904874944 -0.0057687541881579 -0.334804163588609 0.191447504708649
-0.0387598754145519 -0.00913019337874459 -0.385517796096255 0.298212473125889
0.00104230983106008 0.00786415149027118 -0.384570409779812 0.434169390727629
0.00856872680420267 0.0264794901967651 -0.132613241330265 0.438844923877411
0.0127054916651617 0.00719890771268969 0.151022942900596 0.173586110284212
0.0293596370479152 0.00277863897929495 0.133177278933721 -0.206037227507513
-0.0188126836339005 0.00153765296563766 0.0267613504136841 -0.264290673585733
0.129666959887555 -0.077727532191578 0.260845909909194 -0.0347151488634941
0.179137381783326 -0.0394255700039449 0.325473821068978 -0.127158171041292
0.184568444122326 0.0590514182590399 0.152214019242559 -0.0983832157639981
0.10401346542538 0.142661913258422 0.0606325312654637 -0.165546715760345
-0.00896447166306619 0.149519092226347 0.261670892930583 -0.285247115060388
-0.0941871880502126 0.0662535129359219 0.425994885212588 -0.0279876044940637
-0.0684791162249418 -0.0488350684415058 0.14766090394954 0.268735713061218
0.0550356862595041 -0.0929426371810752 -0.208846243060795 0.232947871335994
0.137136490410136 -0.0634752900104331 -0.311821585750736 0.17650238800768
0.138408223759395 -0.0422961670377357 -0.335147994454477 0.290784820802101
0.13250397648743 -0.0769906929060812 -0.308842400036434 0.443203704478426
0.0541931508488309 -0.12412776337038 -0.0558281452050393 0.43775827825389
-0.0504939510611904 -0.110924277971471 0.188631910709827 0.138707183163489
-0.0882639217401946 -0.00711329316249108 0.164971212558269 -0.214465706257221
-0.0471583199066317 0.0202742858803999 0.0497751694100073 -0.272744925248898
0.224594890044295 -0.131658014613464 0.178911532200187 0.0604954512237533
0.299037291175861 -0.0780407321285628 0.297006286676178 -0.0274969275446136
0.331443269949915 0.0819854588731335 0.254379189859319 -0.0380428673681952
0.183855746913004 0.257183884331449 0.239642816644759 -0.0540716561206011
-0.0478762456874035 0.268092530755052 0.345696069559135 -0.0761455336680642
-0.162750083652931 0.0886657634021686 0.320255873124724 0.136627256181893
-0.0744420936530834 -0.114867977115244 0.0407089438573251 0.277731761909164
0.128154878795186 -0.171071662261154 -0.17221545461691 0.181050930996279
0.25954385545572 -0.131567272693815 -0.183469210467706 0.145470598095269
0.270513576346988 -0.118373415362081 -0.119038430304438 0.278605321530771
0.211180204631981 -0.2014370113544 0.00320915134932129 0.42422588316007
0.0435627346065161 -0.258815169142563 0.229225118687805 0.322093013836696
-0.118545511599771 -0.17002383203493 0.299692813509115 -0.0245772658899085
-0.153838848872851 0.00413862347022009 0.198424200112969 -0.271912480094378
-0.0270381496431916 0.0225471157168711 0.0919430281495277 -0.293080881331133
0.24439188548338 -0.124690916708584 0.0700797929753066 0.185323831943538
0.300602904035541 -0.0649356663285884 0.223981494446715 0.151630752501204
0.33152177602506 0.0913496910210532 0.310436924206362 0.149317339223985
0.144980731995181 0.266515339132537 0.336768517591486 0.194700645137393
-0.112473216042244 0.213174136821967 0.290672901139598 0.233687033635565
-0.156286804419313 -0.0201606866302204 0.102026828397376 0.29426384176568
-0.00556386326331104 -0.199298649112902 -0.0758109483018538 0.235044381283115
0.176676127703541 -0.219421084722627 -0.104654522342065 0.100737464459763
0.273253258378219 -0.204989889125581 -0.0079933877330944 0.0609014811106675
0.24811757393726 -0.221931306275029 0.148239257947021 0.102918316048477
0.12133253130932 -0.281454126544609 0.316993547571328 0.107534344397591
-0.04695989595678 -0.236196526240908 0.390841455443885 -0.0776685481859907
-0.109250469494709 -0.0849143452751382 0.270217466347525 -0.287232158256478
-0.0806155261029636 0.0368229148301239 0.159995400526231 -0.339052239939219
0.0563748213036848 -0.00639600857645886 0.108947008253945 -0.303866854288416
0.186893474621834 -0.0656385397032362 -0.0336194751697195 0.281893553403305
0.163679164912438 0.00192098915524914 0.0861061831282102 0.330424142522335
0.143811555238207 0.0700024765197887 0.167791524316183 0.369733166821342
-0.012691083264119 0.0959594475782111 0.107778507440004 0.403389486454023
-0.112655226330816 -0.0302955879564561 -0.0212983934750024 0.348327352133991
-0.0216599523130878 -0.19230782308443 -0.150520093604318 0.244192942422327
0.124716993130339 -0.254928272357828 -0.121743324713272 0.111130616276239
0.200939025236061 -0.232361220891989 -0.0214201154581194 0.00204010140321318
0.177818102338563 -0.239482328972471 0.10577610065036 -0.0849633129988567
0.0510828256740088 -0.221035825916376 0.208765496421087 -0.208902928891708
-0.0871915527674907 -0.124188037903874 0.218141338490871 -0.328419168316206
-0.0694839448395958 0.0289923848107886 0.117381284336587 -0.431555882004618
0.0721051403935265 0.0913996831504412 0.00643966240831086 -0.409976646758956
0.117650768762426 0.0362382829357396 0.0161857275622211 -0.323107816715995
0.171026024727277 -0.0629335960894375 0.0577048637177236 -0.272409818548731
0.0896432745588886 -5.54490528410618E-05 -0.0940722026449839 0.312776016319127
-0.0298615135972719 0.0500789914484865 -0.0655491979649787 0.388386750256134
-0.079153465745948 -0.0193638315830778 -0.115420072096124 0.369975090079609
-0.100671701857579 -0.159977026679212 -0.268170092018486 0.234298823372693
0.0240251524206974 -0.243599480466336 -0.282585897617379 0.0349913478352133
0.174787630239682 -0.251960238383229 -0.20826284903893 -0.0285957727916695
0.24736935002412 -0.233741872281837 -0.0500874776665082 -0.0496632141511593
0.19985150493108 -0.215078698915453 0.0622611872510113 -0.0949758647285149
0.0394481701142098 -0.204428855662216 0.0915227795753306 -0.223257657573846
-0.14809277881294 -0.066619776317322 -0.0144381808419358 -0.37437770151359
-0.178228386420969 0.172587115154041 -0.164760066944277 -0.375442401516363
0.0488670717301934 0.28961764750975 -0.242362749098402 -0.337755284245397
0.29126831560233 0.185102112761612 -0.247382910792738 -0.261631831524787
0.290998780706131 -0.016548708835067 -0.16686791017354 -0.18820827373736
0.248446772593511 -0.118675055228951 -0.0605061383672949 -0.185912683633126
0.00775556000546232 0.0330750068749633 -0.0947065568731465 0.290148709910908
-0.144466409173548 0.0309586308006091 -0.144733695208381 0.317573453099584
-0.143396069969819 -0.115609440032533 -0.261214541547313 0.132753335047553
-0.0343366166673848 -0.265759364708644 -0.302959594929318 -0.180403046945066
0.15822703960508 -0.227130115980984 -0.128549873470079 -0.364955197771168
0.26697106090535 -0.15221420494579 0.00761509957609232 -0.268191642207443
0.283096218338174 -0.146359874479247 0.109870982971359 -0.163045114726865
0.168166038706124 -0.171095941414079 0.130618579962922 -0.169906639536272
-0.0566079996313624 -0.120888698407626 -0.0247425934463492 -0.285308932952444
-0.195430135087358 0.0955783466318882 -0.294504699664313 -0.260652309122921
-0.109300859149938 0.310018086828739 -0.358341529523912 -0.0545233301898431
0.146510485415106 0.306957236374769 -0.267531708093526 -0.0206811671268424
0.339870865463277 0.150699073602665 -0.274423124972962 -0.0386321550773563
0.305658702693742 -0.0644050092505088 -0.286393550831642 -0.0131374697515278
0.2376333283247 -0.132560317337131 -0.187065201187427 -0.0647523327578584
-0.0177058480333365 0.0300286628253759 -0.0632479998387166 0.255676969846497
-0.123766047354578 -0.00859237825376896 -0.146026485704381 0.223171887316134
-0.076860429871002 -0.110048991706249 -0.196718359548993 -0.080736870275623
0.0296420554585868 -0.175309717021403 -0.0374883190127024 -0.395002660710222
0.142191446387715 -0.0894424852405269 0.215450468369358 -0.458900583657629
0.194316891059556 -0.0329293826562541 0.274924962705951 -0.311303702379952
0.204296556155922 -0.0534819450939286 0.265259335169942 -0.196690358029981
0.105094061074526 -0.10488560361251 0.182660212165314 -0.214109237185222
-0.062837754900049 -0.0409776787500581 -0.148684182157117 -0.278012335515078
-0.117730643315214 0.126392760052357 -0.437444011716188 -0.03917835195302
-0.018567492255324 0.22417825982494 -0.300621250675199 0.239928866497808
0.117836612446626 0.160814612558753 -0.0915670812079018 0.162244893661283
0.2078271082966 0.0669028034842666 -0.172886671706707 0.0736506970921175
0.175056226950189 -0.0638230000036127 -0.32559992122881 0.110800817818135
0.140502490204774 -0.0891342331433425 -0.271983424790754 0.0381547368103612
-0.0081251414792467 0.00700559761363589 0.291135630909974 -0.069430219628521
-0.000704792577890382 0.011409753046638 0.331737362400709 -0.153909373590002
-0.010524785554052 0.00863895662253603 0.11036274058502 -0.0967211721004759
-0.00609214675171903 -0.00620174417449271 -0.00957039486464876 -0.192155064810467
0.0133383309180014 -0.0314012152052159 0.227055312423829 -0.343803127033021
0.00345335644729987 -0.0289934823305478 0.465090397351718 -0.074008350424511
-0.0130552077003731 -0.00304903956949173 0.201115368526991 0.265313778159243
-0.0296559309214172 0.00205942501462294 -0.204843928035289 0.256235765804912
-0.0384921178099929 -0.00452462393446578 -0.334259054068427 0.197201799746055
-0.0399098281983333 -0.00840373843056332 -0.383079278164442 0.302785324380088
0.00140758073229645 0.00692615765617381 -0.377167409969516 0.441518688932293
0.00833523457047997 0.0267960949623065 -0.122403445379366 0.445429912646542
0.0128185290253389 0.00747545047512567 0.160028952501643 0.172783129147841
0.028762677149046 0.00110196484329164 0.129429730855835 -0.210977628735695
-0.0178130810083184 0.00292810734786037 0.0177514870807849 -0.26458967401638
0.12688007872246 -0.0805155371415459 0.256344878987015 -0.0419090819357511
0.178283573506527 -0.0401390841837419 0.319111632522175 -0.132482964085818
0.185403920965058 0.0574948953794961 0.145836662039777 -0.0987408097986151
0.105113878340792 0.143524239682346 0.051293749089256 -0.169080122132843
-0.00868067386729687 0.149738460890156 0.254420072648299 -0.296705851444619
-0.0959015349106654 0.0649483756707008 0.430686364067408 -0.0391050584393793
-0.0714574608160821 -0.0494677743606768 0.158448696050776 0.270865196214567
0.0542723322637914 -0.0952374310464737 -0.203605379420411 0.241139669494225
0.136846217358477 -0.065486851151313 -0.311667754593154 0.180656539198333
0.138670856375383 -0.0437116713591635 -0.332247950908941 0.295057948454039
0.132374597427457 -0.0793200931429203 -0.301615265893485 0.449015505452671
0.0522026584936143 -0.125443734047075 -0.0455841468977947 0.444301261071147
-0.052154442888576 -0.110370015399485 0.194768989056845 0.136445476095384
-0.0881866667350546 -0.00809552371558094 0.161575339350008 -0.219932578594098
-0.0474054563312583 0.0207445476192292 0.0398023717754032 -0.272740302726704
0.219644199750802 -0.136075063662139 0.176818912812472 0.0553251484431664
0.297766176337554 -0.0817297569040084 0.294114434732184 -0.0338330228901134
0.331963290663449 0.0784363510830934 0.248761795904567 -0.04153265212984
0.185015608538807 0.256827932615098 0.233377356082342 -0.0631921634925516
-0.0484442011381009 0.270701209751262 0.34244590681243 -0.0903042764622018
-0.167019490894731 0.0872921673677555 0.328855365675763 0.126806938211446
-0.0798095139524944 -0.118275649327706 0.0504014926256783 0.279536511123486
0.126098828911317 -0.176121930248472 -0.168358019057026 0.188061535167841
0.257960490062516 -0.137375658567825 -0.183016341038337 0.149353988822969
0.270454797582847 -0.122602379761821 -0.116229387703242 0.279338248491362
0.210031177835236 -0.204873272619985 0.00937319537193061 0.422796120756894
0.0400829368598674 -0.260957701903128 0.235658244896342 0.319692632252632
-0.121165459313418 -0.170533269558159 0.300735991549571 -0.028312265564533
-0.152750595691445 0.00419322605985812 0.192761016994871 -0.277702302531813
-0.0285111413917486 0.0202201727130627 0.0820858063942825 -0.293763032209657
0.237906989845915 -0.130414846303455 0.0716506518401753 0.181401214342439
0.298181038500377 -0.0703833746797531 0.224911776638362 0.144765045319671
0.331029233402506 0.0866750102961521 0.311430013411149 0.139525304147732
0.146207098294532 0.266404806327722 0.337683812868182 0.181584760858511
-0.113916518157965 0.216483884002233 0.295892883281689 0.222791487674666
-0.161469028748944 -0.0226474879406431 0.110779409961901 0.289668314544799
-0.0118796024443024 -0.204623767957915 -0.066812053784919 0.238880985578818
0.172728793625584 -0.224564188397905 -0.10298368886192 0.10543922691601
0.270348748340196 -0.21204975480341 -0.00929916954983392 0.0621103397082821
0.247551919619764 -0.228261996577238 0.147826763164191 0.101312913443551
0.117076935826466 -0.283332435180158 0.316137156633967 0.101305868608402
-0.0508531980731883 -0.238846373122045 0.385621479010456 -0.0816600396211754
-0.110967795728172 -0.0862215017210413 0.264451873399942 -0.290468559895738
-0.081314223455336 0.0355874955269769 0.1536756508947 -0.342709461335222
0.0527459017626897 -0.0110984236982277 0.100513220690426 -0.304391761302585
0.181645265982571 -0.0713282192468855 -0.0282159804088376 0.27998916350404
0.161508493158256 -0.00296738306398644 0.0920862447590971 0.32562572965002
0.142073089963005 0.065668343268994 0.174699487465989 0.361950084128946
-0.0136337018276704 0.0943943803820328 0.114924656946736 0.394846712976624
-0.115644026174634 -0.0297932702592629 -0.0137587294321064 0.345079479452298
-0.0282203650714747 -0.195946204966623 -0.144324873398348 0.245499931824366
0.11804585113698 -0.261636264702736 -0.116863004109462 0.11296493021378
0.197111719933194 -0.239177650524012 -0.0209872433391519 0.00286181254730939
0.173212441795358 -0.246046395115312 0.103890790355011 -0.0850964530836851
0.0474664463787265 -0.22551871072437 0.202737654490289 -0.20841087826767
-0.0917030992164929 -0.124808381579711 0.210407636682762 -0.328216210757285
-0.0704636113259684 0.0275239978791162 0.107832914281335 -0.428124998550168
0.0714107347052187 0.0868851824800316 -0.00234394595149418 -0.406958943587155
0.116516648647692 0.032680906804039 0.010100290729312 -0.321227980240145
0.165883135709715 -0.068976751356015 0.0518410845095535 -0.271630860545317
0.0854941739182686 -0.00525899759449377 -0.0855974057427265 0.311660379589495
-0.0294087448436624 0.0474846802731587 -0.0556715276791703 0.389279442155502
-0.0811845911128585 -0.020699649556386 -0.108315316571181 0.369941454557164
-0.103435562373887 -0.162269788956297 -0.264144960834365 0.237709013964151
0.0199607877261053 -0.246267407118743 -0.28044900766169 0.0397296713282582
0.171148519666346 -0.257463765959332 -0.205730737265302 -0.0248584447653709
0.243562045206072 -0.240394846609111 -0.0486124067407164 -0.0501383881303681
0.196246246099767 -0.223057265554506 0.0595462637169454 -0.0973320431521538
0.0343283734812136 -0.21081901095032 0.085356415407305 -0.224258627750822
-0.152857993405872 -0.0680140207974663 -0.0263466808168517 -0.369493816066175
-0.18233404625697 0.173708061238184 -0.171724710065459 -0.364715207729726
0.05089047646217 0.288866796200292 -0.2466954270123 -0.326275223774079
0.292014709467969 0.179667798226787 -0.250011627361192 -0.253627660494312
0.288683913914633 -0.0218016714887596 -0.168881289219867 -0.183025304489564
0.242367399673517 -0.124534143182433 -0.0613285918009989 -0.181731919617406
0.00528029228661783 0.0301722112422567 -0.0853033577763647 0.292306039758189
-0.143135529678569 0.0296339881037877 -0.136078453382766 0.322006699903575
-0.145167953330297 -0.114703372195054 -0.260013520205966 0.138687739998367
-0.039677507807944 -0.267588711858397 -0.30724331794603 -0.176201954967734
0.156588709904207 -0.230951710257578 -0.133223713425372 -0.364654276919231
0.265658392475518 -0.157671300216163 0.00666434254188815 -0.269211938920545
0.281115827044034 -0.152269439395584 0.109320167823521 -0.166515947662162
0.164842802272177 -0.179102025754557 0.12847553931124 -0.175112758585774
-0.0605494548273001 -0.123718345013432 -0.0332894833323632 -0.286638954248922
-0.198119291732828 0.0960434949479641 -0.305029694597021 -0.24915056216441
-0.110057166294434 0.311167781001944 -0.358638482828153 -0.0378820782277874
0.148132418872298 0.307572389521328 -0.262179591771704 -0.0101264604721167
0.341329014599854 0.147296699284019 -0.270060560296715 -0.032445275190388
0.302758786872244 -0.069104431449667 -0.285786576743723 -0.00790965796057845
0.233017742857418 -0.137229263335748 -0.183590210237566 -0.0592055618581264
-0.0193323651386289 0.0282426559989571 -0.0530070177692789 0.258577622886365
-0.124424229183723 -0.00832163526510653 -0.141165801715967 0.228562002464595
-0.0769924246444039 -0.110235499462981 -0.201833845903744 -0.0768578839161723
0.0267730316077738 -0.176443612180483 -0.0453552973870359 -0.397682620802329
0.141052373890931 -0.0914314126824305 0.209566085705856 -0.463568219718943
0.194698321235391 -0.0363249943132734 0.274644690822345 -0.316896863701958
0.204455936871768 -0.0580803323953581 0.264231493792741 -0.202280347379274
0.101623200674056 -0.10855203850635 0.17991879758107 -0.221444203913519
-0.0653623372445182 -0.0421787954679539 -0.158286492309295 -0.278592829594717
-0.119159000127849 0.126999625859678 -0.443988435531551 -0.0259724895210126
-0.0184232943653151 0.224270204654132 -0.294232787267204 0.255184299551185
0.119096930497874 0.16056923049973 -0.0825817743451439 0.165533340522964
0.208431546598081 0.0645275463463851 -0.16561306967106 0.0744357362050005
0.172889815303195 -0.064946209815043 -0.323600976365277 0.115688143176011
0.136559412698832 -0.0903709140258064 -0.266560988824597 0.0441919322878191
-0.00748471388340109 0.00721499894476271 0.291250302015537 -0.0806768590247735
-0.00108997316686055 0.0119429501826187 0.330867853986813 -0.163332335851976
-0.010407489208452 0.008389196172869 0.104261345119649 -0.0970949372281119
-0.00681645936534001 -0.00642027572499501 -0.0218824617252381 -0.196091236234151
0.0129067995505809 -0.0339318137970097 0.217507084470173 -0.363149786520527
0.00286466241838486 -0.0307870398626262 0.479294161444607 -0.0936690926481737
-0.0131440143745206 -0.00181857727257497 0.219189280885735 0.268707944178063
-0.0299563930432337 0.00302537090933934 -0.200744336621784 0.270546106093109
-0.0398201426666152 -0.00389336410921356 -0.33809960112622 0.208735648394928
-0.041566405533001 -0.00704953398864377 -0.383725932413446 0.317663804108122
0.000797143141458609 0.00580608790466623 -0.37383331487252 0.460142157848056
0.00895720777138491 0.0266227315426947 -0.109803955601088 0.46153603058618
0.0135766464179401 0.00785028931860033 0.173156541077673 0.171931362375959
0.0282304055027745 0.000137486887825064 0.125792279791733 -0.220347383596966
-0.0187743169792488 0.0052688219432818 0.00725214214658424 -0.26938990523102
0.12647806690537 -0.0848934751197993 0.25587270428575 -0.0496556482134418
0.180178350048057 -0.0448499552463089 0.319167116624869 -0.141844554190711
0.190770030887111 0.0556779051494488 0.139405737666543 -0.101090116273883
0.109259877191815 0.145576941355625 0.0412084335311386 -0.174507652751402
-0.00667649223937672 0.153311514868713 0.249384707331791 -0.316955422013702
-0.100037642879304 0.0660685129552055 0.445774476475061 -0.0568232707519349
-0.0753098451791317 -0.0506688454965891 0.175697820625282 0.275330764768558
0.0524793438180617 -0.0993076240406371 -0.200244104008744 0.256590496339367
0.138156380002126 -0.0711844208547819 -0.316050181346962 0.191935274042551
0.139920584333774 -0.0478178127842393 -0.333135419368921 0.306920227607211
0.133745285556326 -0.0853841711926605 -0.296205462997509 0.464789298095573
0.0497333917707302 -0.128504509089648 -0.0325925156846502 0.456903701707727
-0.0547858874548824 -0.11089102602574 0.207433440980536 0.135312192484314
-0.0895663659390327 -0.0079512700653441 0.157986897873878 -0.231673678192372
-0.0496500632410994 0.0214957491392675 0.0280422779383444 -0.279045759680622
0.216888379244809 -0.145035151021727 0.177961586518701 0.0487968532117282
0.298887278912902 -0.0893504008206613 0.295702605930888 -0.0428911833090755
0.339927678666523 0.0745122656055257 0.247010129073856 -0.05076683922642
0.192779325703173 0.261094271374841 0.229819359324093 -0.0757973946341546
-0.0463273772448077 0.276577722829644 0.345414663455899 -0.109001502679266
-0.174110853337119 0.0889192395203506 0.343226915791602 0.11668669990745
-0.087824125310843 -0.122359069871281 0.0636293092575617 0.287020562947613
0.123722787988604 -0.185575775985878 -0.165390337995623 0.200434211370524
0.259478724006405 -0.146691850621282 -0.185483851145482 0.157047045785521
0.275313638551908 -0.132560597653261 -0.114101521727846 0.287792280022924
0.209971191645542 -0.214079787382531 0.0180799836648497 0.432267735778608
0.0348933159335643 -0.267910393966264 0.249172431154966 0.323233727892102
-0.127336805758448 -0.171917909785624 0.307152267014511 -0.0353588445092652
-0.15481213851056 0.00590622108833112 0.188643202897757 -0.291956614380933
-0.0319031154615417 0.018622930347499 0.0711390528765973 -0.299438400302888
0.234435332600576 -0.139711194377794 0.0768980030889495 0.17975777802499
0.300532231327937 -0.0787966795807575 0.231007236117723 0.139020950826996
0.336363439608402 0.0799022236750649 0.319031038385401 0.129806308188589
0.152572384158291 0.269168568661244 0.346234316433126 0.168082421927205
-0.114678859981775 0.222701290912289 0.307605883362053 0.212119105466974
-0.170261777561369 -0.0236432018002082 0.122765133646779 0.289839084777218
-0.0203201474048516 -0.213392582894884 -0.0585050183821433 0.24480387694245
0.170314880493142 -0.237517891192011 -0.101558568864386 0.113081577505482
0.269900913315618 -0.224107176911391 -0.00925261500801705 0.0658885695373306
0.249628969557648 -0.240015076177995 0.150737890885977 0.100874736305439
0.114263721465322 -0.293421039690609 0.320573117609291 0.096693240826029
-0.0569240990753682 -0.245257837187257 0.39011681974122 -0.0904861125509168
-0.116855336155959 -0.0898207829571173 0.260157442885807 -0.300228986472162
-0.0824111290934867 0.0362781965260029 0.143836115808854 -0.354217083591901
0.0490085764633128 -0.0164774695416851 0.0919648378095197 -0.311491675202847
0.178021773396937 -0.0798228752704948 -0.0205225825195562 0.282175599146317
0.162397073163202 -0.00979529206410587 0.10449461509708 0.327157869579536
0.142581664759821 0.0613617668396917 0.188960126551065 0.358604618886839
-0.0140038757654341 0.0949694518238787 0.127810859931701 0.395630324884716
-0.121444945616506 -0.0291895422718622 -0.00367786940426069 0.348898131241324
-0.0360963650505366 -0.203281366031666 -0.139320182627069 0.253972547037211
0.111492527099261 -0.27354954956084 -0.113822513449517 0.117609833422449
0.194838705002874 -0.253740925118234 -0.0214494081800159 0.00441801953481342
0.169941239216353 -0.259371906988582 0.101834151661838 -0.0882715456071287
0.0425909119579181 -0.235014198357461 0.198246902136681 -0.214267162617803
-0.0992111191635375 -0.126769696376631 0.202910735261484 -0.337826870863082
-0.0729388941106713 0.0268019404733465 0.0960803612842957 -0.435514561596414
0.0715624439892285 0.0829489121680519 -0.0148542468022708 -0.409912334610991
0.116753246112596 0.0288244241151838 0.00012378632583795 -0.325388361215598
0.160895129540624 -0.0781461663301545 0.0462693499585477 -0.27508762714408
0.0815059880290999 -0.0104720991624974 -0.0745071499162934 0.319007096190274
-0.0301427680049066 0.045119125852968 -0.041991011839874 0.397125380471303
-0.0856409016933285 -0.0219762221943531 -0.0991597032842839 0.377971472772921
-0.110868308055019 -0.166584473483738 -0.261802357655247 0.247765997868577
0.0149887104542061 -0.254732453135309 -0.282534730058743 0.0470602661351422
0.167192215236429 -0.268909120619155 -0.207472880258433 -0.0208119998698918
0.240638915929701 -0.25445393248056 -0.0495110467019524 -0.0513721159955073
0.194128791943483 -0.238454934066112 0.0574915213722231 -0.10234814773428
0.0273090080024621 -0.220008190081347 0.0790026482646676 -0.230638178124445
-0.160830692262353 -0.0705359192887765 -0.0388178476154964 -0.370488862579557
-0.187680113543539 0.181041124020218 -0.185654265289187 -0.359556483312954
0.0556601847766177 0.292474808800875 -0.257221121926617 -0.319035588077565
0.29903399407747 0.175492871455624 -0.258928893972746 -0.247071335426306
0.290037178764816 -0.0295114637588951 -0.17685152755405 -0.178968470305489
0.23800906810374 -0.134676430797486 -0.0634760525189172 -0.180773234943854
0.00321586080636992 0.0275383360325034 -0.0736317481994124 0.30042836947413
-0.145180465321691 0.0296422826446326 -0.126334405575748 0.332405244506143
-0.150914404757918 -0.115777317795638 -0.263201050992256 0.149452342979575
-0.0464758391254666 -0.27401372544358 -0.319985456867341 -0.171941193016369
0.153402097481546 -0.240682575792421 -0.145641148455313 -0.367500464409156
0.267379255809688 -0.168161927990603 0.00329650729258976 -0.27444509377806
0.283323071137003 -0.16567644686196 0.108935307415344 -0.174180842566634
0.16206032903984 -0.191123476516601 0.125972480666113 -0.184990688033838
-0.0676911902126193 -0.129650453579419 -0.0442849989769424 -0.291879297133629
-0.204255348317741 0.0981293166727762 -0.321950807293689 -0.239720280366808
-0.111527908957488 0.321256634778185 -0.364983273585041 -0.0218311500474915
0.155423991828224 0.310893621401747 -0.262206048027818 0.000459222789565647
0.348508908869559 0.14284441100327 -0.270084031832994 -0.0246135520048654
0.304330761033733 -0.0752856377944731 -0.288995173185603 0.000575947665725775
0.229335370107199 -0.145146076318314 -0.184769047819051 -0.0534224556826264
-0.0208719797112528 0.0281017981232226 -0.0416922929624962 0.265890772981188
-0.127853555413977 -0.00766742870571937 -0.13514586646172 0.239534842545486
-0.0802014201337135 -0.11196212825761 -0.210595198940837 -0.0717262648401689
0.0220127195740349 -0.180160500963156 -0.0607536920570557 -0.40754036800053
0.141641177844896 -0.0975743619047357 0.202430604790185 -0.479351322229263
0.198420944823166 -0.042608575855857 0.273705253802505 -0.33152743749513
0.2074443315245 -0.0663047918803416 0.264799605418785 -0.21403603532972
0.0994423935235997 -0.116102095846557 0.178247052446808 -0.233578365632076
-0.0694878917264215 -0.0435492584384786 -0.172280998134785 -0.28139059404234
-0.120809269150647 0.130926864522643 -0.457904089755139 -0.00900887920574949
-0.0160575769445131 0.22911633131988 -0.290395427829082 0.274663136478945
0.124339647108966 0.162309704763195 -0.0726426074952937 0.172631189509429
0.214059844487531 0.0621954392151236 -0.160072513038338 0.0770345981039878
0.174321248282115 -0.0690706081695595 -0.323812443234857 0.125383990805565
0.13526223629309 -0.0936114527734059 -0.265027538249557 0.0523974067269524
-0.00713037006319634 0.00704815110633726 0.286437769534211 -0.0973158697451489
-0.00072740922632691 0.011816718393744 0.324900102009142 -0.180403169764621
-0.00916893566403225 0.00910845388263899 0.0959631354632085 -0.0985773496447368
-0.00817911749833009 -0.00667387708840907 -0.0399492728891729 -0.197821483653414
0.0112750269829788 -0.0357626137303861 0.200388495040021 -0.386082589065116
0.000224173821932653 -0.0312830844002139 0.488703327356333 -0.122211552665873
-0.0127058890795031 -0.00102774237310024 0.242384331453439 0.264090096598865
-0.0298311688854609 0.00500090160659761 -0.190744738459197 0.289258794192637
-0.0400381938075656 -0.00189683506004839 -0.337713206424136 0.227442263146374
-0.0430265858389134 -0.00470017443536614 -0.378600858397194 0.338491631254894
0.00173834963090955 0.00396682775947626 -0.359591911387173 0.486472447780122
0.0102085091143385 0.0269834991700432 -0.0876760055038987 0.478103436977603
0.0155852812416573 0.0082372884187333 0.189856693969501 0.166318229102601
0.0276064127915021 -0.00247691336292028 0.116782715187952 -0.231641375028588
-0.0182965097354978 0.00691834090281219 -0.0093575595622152 -0.274135620064407
0.123626787840736 -0.0916039983169433 0.25292147933279 -0.0644205561224448
0.180256886700423 -0.0525783644157738 0.313697646102438 -0.157940257155836
0.196731443802111 0.0488321359056352 0.131605154944513 -0.106190279303647
0.116425975417228 0.145127066050654 0.0262703197258758 -0.18051310477281
-0.00220889698623603 0.15552266856357 0.233422177394406 -0.341855050263529
-0.103271628572075 0.0690638392561267 0.455754084636532 -0.0838168850325252
-0.081373117875831 -0.0502863457018397 0.197741039280171 0.272791091253651
0.048687020711899 -0.104315866587497 -0.190374153282892 0.274021800128114
0.137733315135543 -0.0785828008747709 -0.316031111439676 0.210421761923399
0.14150529869229 -0.0542505928329154 -0.326173281375903 0.326404847520851
0.133150992473503 -0.0934199169003699 -0.280885778570204 0.487707229030984
0.0444831072144779 -0.132405825116174 -0.0086099183406226 0.469321731240141
-0.060340336194315 -0.109787580160669 0.222220263897601 0.128644267371927
-0.0911997434403567 -0.00624946303926264 0.148799596943688 -0.246078283280479
-0.0509105192300501 0.0234632415318763 0.0105941610538566 -0.284046143721916
0.210366657573772 -0.157471572556169 0.179259707103202 0.0390455973619366
0.300134987116709 -0.103942553385543 0.29428516425444 -0.0584913525437528
0.347144884096186 0.0614253088784518 0.244312021337633 -0.0632252232265087
0.206073351207419 0.260086931328242 0.223077731469767 -0.0920287728620436
-0.0394122262291137 0.285285379905342 0.342523791580073 -0.135544160035004
-0.179398195877187 0.0949814778614432 0.357436929189719 0.0981141869022314
-0.0993788199399802 -0.123822825951011 0.0844864098943679 0.290089618096754
0.117122546000446 -0.195773137040963 -0.157834813372937 0.215822454673753
0.257644632077727 -0.162220347149324 -0.18339892639294 0.169316411051134
0.275519028360871 -0.146822340127398 -0.104993508818385 0.296946471366376
0.206718453302699 -0.227750171538568 0.0362275880384643 0.438654159331625
0.0245772604209308 -0.275286113620145 0.26986498698098 0.319448048805979
-0.137139387040614 -0.171256862699731 0.312801110101777 -0.0501652206094827
-0.156937517911079 0.0104889394612258 0.175400354038694 -0.308368925240504
-0.0351495800717661 0.0178545223115917 0.0530676869862865 -0.307403494895757
0.22704271163898 -0.153776299962876 0.0838230064483268 0.176014630612278
0.29892319559555 -0.0939166560251526 0.239331039810111 0.126228993053444
0.342167558334274 0.0676743723493835 0.325958638203969 0.111602986894291
0.164023688075395 0.269367415991084 0.355589722074206 0.147100146022887
-0.111133731414714 0.233093729748873 0.322597472080998 0.193690929237633
-0.181036943910658 -0.0205128359200072 0.140777152182907 0.285058897859467
-0.035470838368456 -0.220005887679007 -0.0439447579590708 0.252075601180369
0.162008452452984 -0.253377411412258 -0.0973783500670601 0.123220236556639
0.26527636677233 -0.242548038557431 -0.00867808629515814 0.0680404706819285
0.244863314296843 -0.256924954779718 0.156064135922271 0.0974896403139151
0.10281792306079 -0.304634347532763 0.328349433301055 0.0842965888362691
-0.0681661631813653 -0.249727835007357 0.390248154847689 -0.108843890188545
-0.125027449688132 -0.0892429633730816 0.2491107542121 -0.316559281636491
-0.0829440742047198 0.0384520498821338 0.127884541794345 -0.366756996127707
0.0432538785228897 -0.0220673180218975 0.0762428620204812 -0.317846296096331
0.1725632799048 -0.0911336038704728 -0.00565118557074275 0.285545340406863
0.161290695135936 -0.0196081667116795 0.122565300410856 0.323349930894116
0.144004682927263 0.0548807251756987 0.208634976449921 0.350204543052266
-0.0130010663523526 0.0950838813032162 0.149760784880203 0.388986493215253
-0.12714443077194 -0.025326662764043 0.0145122648986752 0.349323649467729
-0.0498931652719497 -0.209769590551175 -0.126173074105932 0.262891850163729
0.0971751104655795 -0.28706431872349 -0.107600395816303 0.123557774918343
0.185641775501745 -0.272794235102293 -0.021464355979615 0.00663007261045475
0.160557099180222 -0.276216190931313 0.0975726991677119 -0.0931379117679286
0.0333345288746985 -0.244614736278034 0.189495280786483 -0.223066163985881
-0.109227102487452 -0.125699380565143 0.188636610578621 -0.348084155317859
-0.0745278228045295 0.0276582878364245 0.0759001636524643 -0.441319517653578
0.0730346417254413 0.078183328611208 -0.0345945103228765 -0.412993301018446
0.117609075718251 0.0215843079445113 -0.0161676668797082 -0.329455640580414
0.153759034301645 -0.0894461297916553 0.033031319840279 -0.279958185543829
0.0776123928033374 -0.0165304454523287 -0.0578001353763986 0.325513486760801
-0.0303288836144894 0.0435105653959498 -0.0187432934465995 0.403594886199883
-0.0899695021971891 -0.021180585654403 -0.0816617951145475 0.387314174310136
-0.12162828439969 -0.16753513108253 -0.255017015813187 0.264035393558989
0.00370870329355201 -0.262164007205414 -0.28400901382823 0.0597585281189444
0.15738588331979 -0.283940433606745 -0.20946899840962 -0.0115147220641012
0.231676265549355 -0.271811310775353 -0.0507540482702682 -0.0520392463753887
0.184741396934131 -0.256455203999569 0.0526378780291949 -0.106874524180234
0.0161917738668157 -0.229813408756608 0.0685187312132537 -0.237484821535707
-0.170502667789853 -0.0686971950502402 -0.060222913346079 -0.369641361766685
-0.189461753182337 0.193564849759068 -0.205922506389157 -0.351274114954873
0.0646420607022293 0.294330187767689 -0.275647909608604 -0.306139446555752
0.308406790863572 0.16530769857604 -0.27241472310752 -0.236397844126199
0.290275425549927 -0.0422814021560092 -0.187581306437942 -0.172073583648535
0.230516771290161 -0.147673544077177 -0.0711790918608468 -0.178549900312744
0.000888316694200269 0.0260209624112367 -0.0552834054421315 0.307451721378857
-0.146441189029318 0.0339283068363977 -0.108403754774125 0.346370668444499
-0.157758767026775 -0.113082466637543 -0.260315630516048 0.166671812995031
-0.0606260988460706 -0.277686066271961 -0.336033434005656 -0.159524249847055
0.146697406713879 -0.253424353125122 -0.164199639030109 -0.367012271207587
0.265660280475608 -0.183638205692355 -0.00520621964780445 -0.280484242130897
0.281513513564327 -0.182894846492306 0.103512024728078 -0.183284811472691
0.153609444024146 -0.206691851589998 0.118720374187342 -0.19643789613208
-0.0771850704341131 -0.132298523132804 -0.0601294144015522 -0.295685941213379
-0.207901492890543 0.105595931978552 -0.34306711597137 -0.222930750066419
-0.104191963252702 0.333657748132249 -0.370200938386449 0.00298936871735302
0.167711987233056 0.313119573467124 -0.261120407294491 0.0180696797414911
0.359025373055219 0.130327062507715 -0.269747405178919 -0.0122967187374951
0.305245445394246 -0.0893599556337323 -0.292285406869495 0.0161048840728692
0.222987674010174 -0.15718608365411 -0.18622668996138 -0.0447044652820355
-0.0207158354641368 0.0284624720526738 -0.0234183166842898 0.272054773056078
-0.130489071453659 -0.00365018122776242 -0.124585154430692 0.251170364230081
-0.0861989860746825 -0.111535667115374 -0.220389431552359 -0.0613471314511065
0.0137349069694616 -0.183101886819869 -0.082289819331206 -0.414369188972915
0.139682439107993 -0.106664214326436 0.18462401439666 -0.49803233425132
0.199947755080798 -0.0520489406254387 0.265123673042967 -0.350723364222763
0.207833877314178 -0.0801637529068792 0.260783841269694 -0.230829713479486
0.0936322786349556 -0.124338975410164 0.170073060930137 -0.250275050273424
-0.0748170149507565 -0.0438801461198537 -0.193118357870061 -0.280836352547792
-0.119919752083795 0.136446262687117 -0.471211260439843 0.0171765117082021
-0.0101586462374466 0.234087294089311 -0.278675043297128 0.300248312756502
0.130919806137739 0.161414635586594 -0.0596575108042297 0.181012302091962
0.219430255042127 0.0544463097732637 -0.152331408194797 0.0826052707795922
0.17326258403877 -0.076391177055997 -0.321083618221704 0.140537063205261
0.131530645109243 -0.100332630362251 -0.263095163466628 0.0666078547999741
-0.0101382336315745 0.000388681823369657 0.286032464380992 0.0838145291318087
-0.00767083182353635 0.00835753000974316 0.364356540533007 0.0423884129409903
-0.0130531668157419 0.00177416662877535 0.128227588300015 -0.0238115929767116
-0.00443977061887228 -0.0102344128140039 0.0742066091373023 -0.189399578918021
0.0291958411548967 -0.0259255410751078 0.385191255984129 -0.211014537362654
0.0165623411634407 -0.0265374479131358 0.476832312784125 0.176850293420974
-0.0100994331443678 -0.00829530305122584 0.0494639333481238 0.360200407437347
-0.0267871320242105 -0.0131665367244847 -0.323325629540516 0.129373150259737
-0.0311527613842247 -0.0234261582830465 -0.408760292361236 -0.00949359698663483
-0.0320907491612345 -0.0272529946585807 -0.50084953545445 0.0569161788762905
-0.000780550602905493 0.00349286353361674 -0.571824432723931 0.193053094400637
-0.00648365985075581 0.0283184297760109 -0.34412826867419 0.343500714607016
0.00777455703931675 0.0160102038185497 0.0630299458548463 0.246572497497552
0.0250826379625449 0.0122228011475468 0.228334046332831 -0.122415415542595
-0.0186220293933233 -0.00463304668102731 0.144507864914602 -0.229146618151969
0.153219695847306 -0.00514918922670257 0.240899136280362 0.091230199657881
0.179048983260855 0.0614313694632785 0.343081594333258 0.0543093654391446
0.131022269720563 0.156523119787109 0.162265356344021 -0.00818273549119318
0.00532371646404508 0.188120625103929 0.119110472265344 -0.136855080639209
-0.0954929971401864 0.122973208840096 0.386839717057637 -0.153811238109101
-0.128064253224661 -0.00911138219577659 0.425862006679512 0.188510404580173
-0.0372324392314721 -0.0904659931357486 0.00679883369065114 0.34204819425615
0.101892893011069 -0.0572720023494096 -0.314244426157739 0.11831164214828
0.15815555813775 0.0146013303386518 -0.379732936814291 -0.00936246064572016
0.147362286422806 0.0381028739203368 -0.452133238861797 0.0758533848711157
0.163703047793222 -0.000490878897154497 -0.507929847872032 0.237163226257946
0.112949664405852 -0.0824285815450294 -0.276140033228229 0.381705498977346
0.0148017474054932 -0.124832957029086 0.109765253503004 0.23436554128498
-0.0687950835783393 -0.0600813035652699 0.262387675640145 -0.116033244565815
-0.056126152006399 -0.0112229289822352 0.165811969178198 -0.22379990476222
0.261432706452085 -0.00834774199453435 0.121814764012027 0.132019743661332
0.304773567452996 0.0902624405273798 0.271568216206541 0.121701566590914
0.246080101909878 0.255398078060646 0.232041724688957 0.08865945017581
0.0111358890083152 0.332233463135434 0.231929268095151 0.0486764429619201
-0.202344338397759 0.207185203767931 0.35913914951937 0.0772133743660649
-0.204799576296677 -0.0342479093830665 0.240785520646818 0.282535888071197
-0.00920340125366593 -0.16401930786875 -0.0949903925874802 0.288708148689783
0.210587784386164 -0.0943142820873174 -0.25323791843227 0.0882198767697027
0.303584763552919 0.0146869892260318 -0.247891142134355 0.0324416163718026
0.31214005075758 0.0394617692133573 -0.254563038024779 0.178452115224027
0.300833916782603 -0.0683824781131222 -0.221099767292255 0.376829826876077
0.178600866531936 -0.212122361693192 0.0365580877363088 0.414467781402093
-0.0135063550126016 -0.219835090697418 0.282483814382942 0.139702895393033
-0.130839328620055 -0.0843527525478461 0.318448717530427 -0.151352469538057
-0.0399103856654673 -0.00943008310040669 0.212292829100521 -0.219212918592797
0.274402129262174 0.00266221488115523 -0.0313827265777758 0.189869996973816
0.298412463390057 0.0961996133390151 0.122671634907469 0.238792375770265
0.238540044866742 0.25507912516099 0.202462965242538 0.275359392365073
-0.0269486643428433 0.314413665278545 0.205699954668809 0.318613971523898
-0.228375015281629 0.123424304417526 0.156812680453715 0.336137208536752
-0.137265266483149 -0.129859272734063 -0.044474630181107 0.311663885929758
0.0989437769665004 -0.205758970528476 -0.177684776855441 0.1813605625387
0.281057717743156 -0.114903740580055 -0.149570404985994 0.0450037154419581
0.356702140565903 -0.0482170752004715 -0.0472913650822373 0.0510209080147544
0.350138854950184 -0.070053960248869 0.0702197727174575 0.167337410008879
0.260718923272476 -0.190682506165982 0.217307359676924 0.254427945823027
0.0888912350808212 -0.245818711533118 0.376663337842777 0.134709604957298
-0.0503537900033788 -0.148426257294167 0.381540389659126 -0.112825660716576
-0.08804861450027 -0.0206368321456577 0.31288181010016 -0.22459858466444
0.0467530358295698 0.000973359996437259 0.237463735083344 -0.214086422957721
0.193019009866149 0.0214421069526139 -0.166020619842899 0.227239765134298
0.14376751530565 0.075763380330945 -0.0836218784711147 0.333091358943836
0.085126142706729 0.127288156244518 -0.02727428568195 0.401766233684921
-0.0658611633502074 0.0678929726191345 -0.10136020517503 0.398292205076692
-0.0891075933420843 -0.0967881809558916 -0.183708717561219 0.291016646920196
0.0805802011620159 -0.205099873502577 -0.250930116299032 0.142534777306473
0.246593328125982 -0.181687022752476 -0.155662014167432 0.0384753639838968
0.310392493710013 -0.118013555373038 -0.0209411950814505 -0.00798018109590723
0.289840293953406 -0.137111131201078 0.131469449867131 -0.020135884477664
0.169150361682443 -0.184839736212561 0.277578254484763 -0.0723600894097488
-0.019595028892785 -0.168257449849594 0.348139542896375 -0.174794943276775
-0.077958348490344 -0.0232741458835932 0.308314224324413 -0.31390208072239
0.0149191724019088 0.101961906027441 0.20479861237126 -0.352161617806419
0.0838383000548655 0.0818040964758602 0.173242274810698 -0.274859078148437
0.174238339230171 0.00905643731582383 0.183272798650052 -0.205478894129084
0.0729248199967643 0.0269916713194581 -0.228929833040365 0.230623732303565
-0.0484565439484695 0.0131296254018652 -0.24499621842466 0.317470400066772
-0.0597441621158473 -0.0719654071580709 -0.288685766978789 0.266572274413994
-0.000585125291610962 -0.208820642010836 -0.358567652547688 0.0664442105263105
0.156044931190104 -0.213080050209839 -0.263790942080371 -0.114192507444235
0.293439698288793 -0.14175552938305 -0.159434772474621 -0.128300147911822
0.347690405479416 -0.0896266305420133 -0.00767851034146333 -0.0728477983482485
0.300882644870732 -0.106253627537805 0.106651796985327 -0.0592072434696906
0.144658885248238 -0.183918778357174 0.189795007337295 -0.155656748868621
-0.100785455448387 -0.159273601140397 0.155199090554456 -0.330940413802796
-0.269936323879578 0.0475193032674288 0.0269793468873827 -0.395843761362888
-0.119192746339645 0.277416619905966 -0.0519203451532266 -0.398240270660544
0.156703372237597 0.31075743308924 -0.0871319180833178 -0.341256020668667
0.261657698513144 0.130816037714634 -0.0541217297174375 -0.244603462530727
0.270227060324495 0.0060458857886025 0.0434990351996641 -0.182027418666483
-0.014129627083078 0.0175178536732992 -0.216590437862208 0.21852259856337
-0.137245000351666 -0.0604935133532219 -0.285043707981898 0.219885587049273
-0.0610670100661287 -0.186594417722034 -0.310517397591401 -0.0153300196423838
0.112030339277813 -0.260645558808659 -0.182397119865062 -0.326213225316482
0.266357275587617 -0.123152165214315 0.0784623491321718 -0.395236194706689
0.324581846927411 0.00453398804487587 0.160357875966348 -0.231931918902936
0.335956607295442 0.0138682909468025 0.19368268611052 -0.0898908972587481
0.245415703090278 -0.0831162535399885 0.211662007519788 -0.0948354886419413
0.0122394951706896 -0.15670880769238 0.117001986214567 -0.278729546238312
-0.233376746119609 -0.0376477947021103 -0.15949419987847 -0.3730801890461
-0.28056882585767 0.212146898498994 -0.306799814741998 -0.19820972832648
-0.0454875711741623 0.351531515622891 -0.21982178881804 -0.12656673063064
0.218097845598996 0.314388547529423 -0.207455475998253 -0.160467114196212
0.299782224897305 0.102595191114312 -0.244089868555624 -0.153603422366821
0.27083197992779 -0.00476597555255949 -0.12429250824928 -0.138301490806224
-0.0329662149086868 0.00885469197290838 -0.170457566471437 0.209335328567156
-0.103306554973345 -0.0800121784183662 -0.245837806493859 0.133967036734306
-0.00405667504456936 -0.141867248586021 -0.147503538250994 -0.178772167943729
0.116265155641987 -0.140953355140091 0.170523549986104 -0.390359122584418
0.17573372018115 -0.00828231422050286 0.437482434440547 -0.303168689006197
0.192556776269298 0.0725168106309813 0.421854531877642 -0.135098936328594
0.215417233624076 0.0544640844621305 0.349508432918111 -0.0372694268046937
0.147392212983917 -0.0485992315070714 0.286766254132253 -0.11014290863127
-0.0370381648943175 -0.0805775667049872 0.00129561846767345 -0.343689458251607
-0.17862950375959 0.0403977725815046 -0.400727803738936 -0.250192105384703
-0.143777421982394 0.186574914460057 -0.399499530809514 0.0955436358589819
0.0134975862207541 0.207804504545537 -0.146208568989462 0.118459051410283
0.147555628890908 0.17211728897877 -0.16328328695567 -0.0192104227063603
0.185451279477038 0.0380005649516696 -0.337916632040183 -0.0710969775029087
0.163495598719262 -0.0073894906487379 -0.248081981941371 -0.0931634946266945
-0.00918716807890215 0.00121066957129209 0.280324411229029 0.0658544245243805
-0.00695907516816606 0.00777301689305604 0.351751387478892 0.027149495648403
-0.0118316947131315 0.00294959992026024 0.116115214441802 -0.0273275552960162
-0.00453098718417714 -0.00965339678960681 0.0556974450386858 -0.191412837714519
0.0278755583340203 -0.0268959557758897 0.365631922644293 -0.230818131625433
0.0142839962224441 -0.0272114082054267 0.481299738578604 0.150581390973594
-0.0101595436842244 -0.00689530580523543 0.0659905903237002 0.354879174184569
-0.026107992055427 -0.010888626152561 -0.311661378234016 0.145188592091331
-0.0304949071340458 -0.0216527181088971 -0.401035715919839 0.0067225310913772
-0.0331751996979299 -0.0244512823711674 -0.490046764433215 0.0746285602025318
-0.00128973193791939 0.0021061976511263 -0.551739397080503 0.212951903610875
-0.00507651360685533 0.0280156637365494 -0.320884777686273 0.355555024392619
0.00965943988790002 0.0154717831268717 0.0773341272917691 0.239890484008684
0.0241292088457055 0.0103315098319104 0.217954360374493 -0.131200653478741
-0.0181981149708772 -0.00229172449943678 0.12654693021321 -0.231292293629626
0.148000714554871 -0.012036506324963 0.236146849750181 0.075636100527038
0.176652120409845 0.0529529022919587 0.332726187266699 0.0374820038880025
0.133977287064725 0.149224209830466 0.151578830236129 -0.0149828230103068
0.0108110846375643 0.184652593994612 0.103715200629631 -0.143785466801618
-0.0905286709391236 0.122257948100765 0.370526091940275 -0.174966559191478
-0.128435854332049 -0.00631418296258935 0.430341424608104 0.164576364421553
-0.0406181202986853 -0.0897220688144494 0.025029779236979 0.338453360747745
0.098380116315221 -0.0615090681330114 -0.302597781214933 0.132276790171393
0.155328421789961 0.00791116762977177 -0.374387477616512 0.00593568531049418
0.145995203707509 0.0320961001787862 -0.440046250484462 0.0893203336615273
0.161241276309986 -0.0077278832199377 -0.488475310174107 0.253257312860457
0.107763476275142 -0.0849234044726322 -0.253001567338432 0.390572840351971
0.00976646061851573 -0.122207021579805 0.120558823463415 0.22780731021522
-0.0695601920496155 -0.0576313922913808 0.251874691933168 -0.127282577678623
-0.0562906060846517 -0.00900431267624854 0.146565515712225 -0.22750431227333
0.25235085078461 -0.0208349818341924 0.122452106187729 0.121666802894034
0.300702487293988 0.0747680431992425 0.266523616037202 0.104385517912346
0.249725928905891 0.240129007681887 0.225662343746124 0.0738650481200907
0.0206501117575535 0.32758766236229 0.223897683344282 0.0300461064011838
-0.193219379628273 0.209353884068342 0.355687151816743 0.0522544903222127
-0.206317372952528 -0.031010232908447 0.252230196252373 0.263701024961854
-0.0159287529102054 -0.164317369019096 -0.0770977792899089 0.289459177414598
0.202709226948388 -0.10201653086072 -0.244231367560078 0.101290922593914
0.299552218533386 0.000430799852125865 -0.244169726193798 0.0425452813096661
0.307620727352838 0.0266737227762821 -0.242832544094202 0.182933362124381
0.293573788921658 -0.0791460220103343 -0.201220287338069 0.37760221938095
0.16768644498592 -0.215033120342817 0.0524697423919771 0.407126274571488
-0.0210728356209938 -0.21552847174856 0.284109271179409 0.12635644523434
-0.130239292876647 -0.0795617655812083 0.303658858565608 -0.164979631034121
-0.0423574464244127 -0.010627521393146 0.193435190536844 -0.22446384187131
0.263044790780851 -0.0131612622023399 -0.0231603742389988 0.182684237983459
0.293557887470822 0.0794179425030498 0.128420655391079 0.223934394189986
0.240982787932679 0.238872033292743 0.208368207983886 0.255311891100931
-0.0166977392878659 0.308684552335923 0.214666980386745 0.293534946294612
-0.222467453821108 0.127821811587657 0.169562600974426 0.315452069579883
-0.142889326953855 -0.128282146994933 -0.0263627478795417 0.306503935128036
0.0876309577071915 -0.210373614298577 -0.162385929171118 0.186762397700682
0.271214269239992 -0.127411024599228 -0.144791901439363 0.0538848786430689
0.348616694238411 -0.0640044787266462 -0.0460992290446368 0.0521803807156493
0.343631988561376 -0.0844110964079045 0.0738989390189757 0.160255526938593
0.248692037278759 -0.198312734919855 0.221422915365319 0.238703657471472
0.0780620166139716 -0.246735100069656 0.370916849625675 0.116812385381192
-0.0551780446544878 -0.14609564761481 0.365784584015264 -0.126770153302
-0.0859579798110327 -0.0198165023493645 0.294311274736543 -0.233930724283168
0.0410157459794634 -0.00579134724820225 0.218540778384531 -0.21969238715829
0.184574430022914 0.00759568029921639 -0.148655983164353 0.226518992096604
0.141632680824326 0.0632200704630041 -0.0655877958980635 0.32511499546302
0.0862468831563121 0.118710805719017 -0.00729029586785308 0.388178287842853
-0.0639078372722022 0.0667012525347309 -0.07957217709401 0.387976529054864
-0.0923020882509856 -0.0934788663681914 -0.162946645572126 0.288939512384954
0.0686560920366357 -0.208948547723934 -0.235699867011292 0.150325931830003
0.233058864277263 -0.191176413542033 -0.148263893084549 0.044153543610069
0.300869252460464 -0.132542084967135 -0.021841869884117 -0.00610420155285983
0.279786655745021 -0.150937050861779 0.125946861490569 -0.0242207080041439
0.158390456569712 -0.191868740595938 0.265687040803282 -0.0802158951321637
-0.0269253664502316 -0.165797147998835 0.329525781675614 -0.184889170476353
-0.0781188757839447 -0.0227652157297848 0.283899176885056 -0.316282131173108
0.016846404495787 0.0959006695756506 0.182388345190935 -0.349126905389045
0.0833870883668122 0.0735244486107154 0.15567974356252 -0.275193905435591
0.165834693663643 -0.00316271654884851 0.168927913487656 -0.207478053978318
0.0685785405638202 0.0184519839767062 -0.20911624356705 0.23407545846183
-0.0472059648576427 0.0109917117834273 -0.220457938579946 0.321947399923866
-0.0608461669989528 -0.0705739011513088 -0.267563049429045 0.271440480296155
-0.0103953553981228 -0.206859756939748 -0.346673912994184 0.0791281810911056
0.144685446302968 -0.216728653497797 -0.260492904424811 -0.100569159303754
0.281976448604862 -0.15152549081469 -0.158562638189464 -0.117350202491165
0.336676562237902 -0.103595411271501 -0.00862412926959771 -0.0717432847865047
0.290322123343517 -0.119871304162783 0.100961551454724 -0.063934647797185
0.13365908074208 -0.191052989401378 0.177869893887545 -0.1613735459534
-0.105950065228138 -0.158345831325728 0.133238726206946 -0.326570294590341
-0.266575486880961 0.0556657701113629 0.00611946261484575 -0.384373640124958
-0.110411721825198 0.275305058199026 -0.0693059026034848 -0.382813350719851
0.162356371756762 0.295406108106747 -0.0986550474403623 -0.324973853968559
0.258813429956869 0.116211603329788 -0.064301312490567 -0.233551233620543
0.25975795544892 -0.00806615971573954 0.0356038487377422 -0.176505499219361
-0.0151014149513477 0.0147145004312238 -0.196417630842944 0.223193952801399
-0.136011054600579 -0.0571057258620106 -0.264593886618082 0.229323119841031
-0.0666437651218593 -0.181536624393533 -0.304976383741154 -0.000781082681434666
0.0993543392880906 -0.261021835896367 -0.19463809022274 -0.310575200801602
0.256272390296365 -0.131317017993354 0.0609373648769858 -0.38764812433456
0.318245701153572 -0.00878065746796656 0.150057020225824 -0.232359229257875
0.329777451206104 -0.00254177709457456 0.187798120549138 -0.0971643330713206
0.235635958278916 -0.0943770154735971 0.203992948933804 -0.103803153043379
0.0047546055663336 -0.158414082009198 0.101736908194849 -0.280000873357474
-0.232389950957576 -0.0328884852896225 -0.177940485770875 -0.355714974078429
-0.270865017355738 0.217432795927089 -0.311001738776277 -0.172557587496178
-0.0346796316962537 0.346726859306237 -0.218559664538465 -0.108234394827139
0.223682932196112 0.298781833531214 -0.205148514355783 -0.14555635773933
0.295184852809075 0.089001469860983 -0.244319699303511 -0.137914586735908
0.261053634344942 -0.0168553134680384 -0.1244981921622 -0.126957936062738
-0.0320615113933662 0.00798769508576115 -0.152418951876686 0.21404421161142
-0.103902351096339 -0.0748748483044797 -0.23291184126247 0.142873017984175
-0.00949749376900403 -0.139778924504581 -0.15413478642021 -0.16895531604999
0.108039362081438 -0.141359565289797 0.147815282709685 -0.391904711647736
0.171465573769742 -0.0153949571241408 0.416339089092656 -0.316041950265938
0.19156820154124 0.0622184859475685 0.406688132424134 -0.149571996728287
0.213197299989246 0.0426843338545833 0.341167317606246 -0.050721034631939
0.141299208497582 -0.0553188099657167 0.277781999789516 -0.122286285139671
-0.0386686412787214 -0.0793181994615748 -0.0166364974083379 -0.340597568604864
-0.174527914813378 0.0442583953005381 -0.408245796651214 -0.22676042532356
-0.136249338211849 0.188144545200405 -0.388198554074521 0.11785720481142
0.0189428262880411 0.203957393987747 -0.132812203633033 0.12599960030804
0.149835305303304 0.162842776573973 -0.154647291767015 -0.0127910188394219
0.182545340083076 0.0300551125230384 -0.331165160404597 -0.0540486332234073
0.158208365630173 -0.0148336950888712 -0.243221974186446 -0.0773709476205545
-0.00814609949011176 0.000338302517259957 0.272956534445703 0.0556532304040561
-0.00636879159878964 0.00744299330377447 0.341055187883312 0.0186543486583931
-0.0112349035797781 0.00276647886466558 0.10605136187908 -0.027960462277646
-0.00464653182424994 -0.0091782795973876 0.0431147363152466 -0.190937948629098
0.0274311716429831 -0.027879316468136 0.352291019440694 -0.241077871632285
0.0128463675205641 -0.0264821393783972 0.481720667780026 0.133182704336454
-0.0107364939285757 -0.00542407639078141 0.0763644102657047 0.349901731735957
-0.0262852493278018 -0.00954769178529417 -0.302607274903996 0.153111833570604
-0.0304731061552287 -0.0203310382605706 -0.396872816973427 0.0142885950066703
-0.0335045342450677 -0.0226482662946146 -0.479478977568064 0.0821816809764777
-0.00130765554959975 0.00127514893604054 -0.538606700645202 0.222079031315741
-0.00421266181559279 0.0280189920170499 -0.304629235528195 0.36072403722582
0.0103971142935486 0.0147560931215722 0.0860624636981897 0.23565672332251
0.0229024343003278 0.0090991421316002 0.210713891840392 -0.135152338315406
-0.017834885719316 -0.000104883255389792 0.115383197715007 -0.231403307855441
0.143335939341568 -0.0149076716815768 0.229782245409789 0.0660965744045653
0.173978832213759 0.0485699419748075 0.321958314157381 0.0297308013355677
0.13520007814591 0.143642970364824 0.141632500571062 -0.0175207341683362
0.012710707561385 0.181666036071777 0.0909468256406807 -0.146854343104085
-0.0885688362037367 0.120882234829605 0.358672641316624 -0.18671763348761
-0.129272765824022 -0.00718717546064763 0.431833292701383 0.148712894274868
-0.0434108937190038 -0.0894926628150473 0.0362415464382722 0.336350862085652
0.0961829331606983 -0.0631745610625025 -0.294810142332991 0.14081952653814
0.153100599699229 0.00361260048073716 -0.370191002708685 0.0127356281425437
0.144310440410753 0.0294546334523107 -0.431113993517156 0.0956889134745773
0.158585949691557 -0.0116450467043148 -0.475735761181695 0.261022623060278
0.102570540850712 -0.0858351619336596 -0.238679844154212 0.39308915282415
0.00810608063211195 -0.120078536769855 0.127581615881312 0.223256051778559
-0.0695322617772783 -0.0574654378758664 0.243674629360762 -0.13345632617504
-0.0567873790148402 -0.00827750156012805 0.135241759597241 -0.228227743916982
0.243442959661993 -0.0271656144134891 0.120650161772646 0.113277807436151
0.294858606788926 0.0667480919361901 0.259972511081735 0.0937970820497787
0.247505213852331 0.232344182609784 0.218295000096711 0.0658969570633912
0.0232365707798045 0.322338234443615 0.214571449555321 0.0170688639862629
-0.189250029433858 0.207928885438979 0.349958396610543 0.034362935301737
-0.206902543047972 -0.0310973405457101 0.258657997341231 0.251007338809478
-0.0200401105571328 -0.165296389650402 -0.0659709988756063 0.28923938140079
0.198232503820166 -0.107552898532653 -0.238044668423716 0.108547653353852
0.294504993619077 -0.00544628880254462 -0.240487955847212 0.0475730663842348
0.305161362452 0.0200534609758094 -0.235826608534787 0.183249307212794
0.289190144356458 -0.0832079048952374 -0.192514592310221 0.376165681136488
0.16114306316357 -0.215431854643993 0.0604774921914704 0.401362648441126
-0.0240559377258965 -0.211357871984224 0.282394879309572 0.119427143838601
-0.127950327841159 -0.0782078338652963 0.293501484030635 -0.172102959926825
-0.044418332088057 -0.0128479888448778 0.180256865531744 -0.224300753527158
0.251858261748406 -0.0209861560894688 -0.0188525480359973 0.177178742354536
0.28613097056687 0.0700816655785834 0.129535475436045 0.21327166779485
0.237419589854546 0.228278250722214 0.208474941029399 0.238830837460008
-0.0133263532547941 0.303419270847538 0.21456988547761 0.27511051481423
-0.219450017217372 0.127399533830804 0.176444979801274 0.298573922010796
-0.147577516830955 -0.128234801785767 -0.0146545937308311 0.300068547496722
0.0802596909699121 -0.213098810468784 -0.153133943365779 0.188563625938517
0.264799147095576 -0.13442880720485 -0.141416189918468 0.0587137759552054
0.341215696287639 -0.0714783074747276 -0.046660801242684 0.0537329471678899
0.337602421770114 -0.0914483938697682 0.0741337065228046 0.15660723240443
0.242673236023657 -0.201000619064172 0.219250684933263 0.229318160974019
0.0733974322256911 -0.246443113874158 0.362683298107747 0.105854421761035
-0.0567933766404757 -0.144248792276145 0.353560426502591 -0.129161158914325
-0.084419659576152 -0.0205266539773503 0.279964882308478 -0.237149879717082
0.0362543011993473 -0.0111142805259568 0.206370566486791 -0.219308373855381
0.176064994709862 -0.000404147229727292 -0.13916305649747 0.222175456857159
0.137306642776879 0.0553869692057214 -0.0538391649816107 0.317614682430249
0.0847534938759742 0.111067679916887 0.00324234548108691 0.375992534329261
-0.0636996363408358 0.0650520532266005 -0.067676403675621 0.377359148992559
-0.0930936418427898 -0.0926192953736309 -0.149790276028052 0.283410053417358
0.061286879862945 -0.210671694662957 -0.224321981524716 0.152952405334419
0.225348636004941 -0.196794418380175 -0.141762035768769 0.0464226836898014
0.292786823424594 -0.140940647837802 -0.0213744021830379 -0.00419802456849161
0.272040883657188 -0.156690249273742 0.120957800020858 -0.0256794407635423
0.153129375987888 -0.195628961078352 0.256306813735541 -0.0824281643736186
-0.0311310545813609 -0.164299832965522 0.315896868555089 -0.187265757530761
-0.0788726156228019 -0.0242559534395689 0.268555287800905 -0.315613261272879
0.0162902174724377 0.0903427267204999 0.168310178688489 -0.342757085349048
0.081925284202413 0.0675826241957748 0.143786398820783 -0.271719222715675
0.157844462094368 -0.0104069558931284 0.160041531736175 -0.204641306633635
0.0634763493851461 0.0125316231888185 -0.195265657799492 0.232563881375792
-0.0466638815860524 0.00776172014246121 -0.204356497937331 0.320134947333887
-0.0613798450387623 -0.0712620610835703 -0.254861880716549 0.271967723529677
-0.0135737993880252 -0.20509466094257 -0.337115269499828 0.0863442217262361
0.138338765188986 -0.217496817401567 -0.255125980039749 -0.0930211447917623
0.274042389927154 -0.156596944699275 -0.154135027541763 -0.110907656292677
0.328138256393483 -0.111744125375578 -0.00792880818136495 -0.0706216111556794
0.282892693840423 -0.129292549974836 0.0966614474190724 -0.0649390352534376
0.127503047904904 -0.194796741231456 0.170143360167345 -0.16264133491928
-0.108621712559515 -0.15848014043472 0.119104954075316 -0.321668387832484
-0.265519477174818 0.0582567030675745 -0.00603040877349578 -0.371666500857466
-0.105755696581437 0.270854231509005 -0.078144783894506 -0.368547935121679
0.162238015445856 0.285605762986598 -0.102815861319714 -0.312588638458265
0.25327799307692 0.106477278724687 -0.0689572550504144 -0.224687610957878
0.249245833361741 -0.0163934104349865 0.0318994926888721 -0.171567839024194
-0.0168452399789565 0.0114141851945011 -0.182576592686946 0.22364150614082
-0.13396544518711 -0.0554169161041813 -0.250925557048641 0.231428926865486
-0.0680745354045089 -0.178191215910969 -0.299218075978626 0.0071991765207687
0.0912875563108779 -0.257421562538079 -0.197216656433033 -0.299533882190292
0.249291883980965 -0.134443930753691 0.0515857231361168 -0.38113496257434
0.313067346990014 -0.0151807235082763 0.144119827333379 -0.231521541154178
0.323610989044019 -0.0120961363780151 0.184081421003881 -0.0993483595027088
0.228506381931714 -0.100976592194499 0.198638640479886 -0.107732945193992
0.00134864331741441 -0.160257902883733 0.0919354162730042 -0.280419962018697
-0.231782691984487 -0.0324096900918452 -0.187740694253693 -0.341049333783516
-0.267290732548444 0.218432499301259 -0.310624979396101 -0.155465825754942
-0.0309629405030435 0.342894578014563 -0.213674575793435 -0.0952978506433808
0.222455364842024 0.289775096102715 -0.198848141497565 -0.135389588532343
0.289923186282132 0.0814329523270871 -0.241715978539614 -0.127269301620382
0.25199546056672 -0.0225275711367704 -0.122620848446078 -0.117853900215912
-0.0316869521753994 0.00721618657306525 -0.140566268340816 0.213192563936566
-0.102532773607624 -0.0722306273992393 -0.225024876453696 0.146440015563429
-0.0118325603610567 -0.137531536629015 -0.157653305554109 -0.163058242985079
0.102923449512575 -0.140377594232758 0.136193844422537 -0.389474758727689
0.168901060371529 -0.0183582247866375 0.400662206090794 -0.318514906984305
0.189557278710138 0.0576608443308835 0.39696541407892 -0.155816983181554
0.208743363667346 0.0358803619789878 0.334878452602138 -0.0576527215997169
0.136942320484955 -0.0583345503026351 0.271739132429799 -0.129543023929598
-0.0394776986071068 -0.0791111766468179 -0.0261068343179981 -0.339277808469274
-0.17261869170559 0.0438935647478401 -0.412165807107273 -0.209646442845525
-0.132249724023709 0.186903967050847 -0.378446628690681 0.132647678281801
0.0209106881881276 0.201123599550007 -0.122596305955581 0.131221026132924
0.149463929840364 0.157691985166504 -0.14510313747943 -0.00970871528153002
0.178748859705052 0.0266502533597969 -0.321322143132442 -0.0454570370048805
0.153611809683826 -0.0174829025889073 -0.236585932813696 -0.0689427787441264
-0.0077414247887372 0.000798134291640391 0.270087389714379 0.0490459028427948
-0.00614150666830586 0.00650891701958788 0.336839835293618 0.0174261327975786
-0.0101844284618816 0.00234924524311101 0.0977921096201714 -0.026275904037919
-0.00450946514921681 -0.00896746658742094 0.0324495352613027 -0.192201056903383
0.027180015572365 -0.0292738913581769 0.347147574744077 -0.250096165442534
0.0125948862189037 -0.0243897283332004 0.488739226729324 0.125158939397123
-0.0107659911505977 -0.00510223469225419 0.0833996804617584 0.353733164991634
-0.0256461324338887 -0.00964892319481714 -0.301358328455357 0.158321230828446
-0.0305156890251728 -0.020567435904521 -0.398264324294048 0.0171515460177922
-0.0345783239309565 -0.0225919338651524 -0.479482036478961 0.0840139295750678
-0.0011662633139721 -0.000172280978522591 -0.53670080759571 0.228160747121338
-0.00429781748515862 0.0280410065589617 -0.301265541459153 0.369319815800627
0.0110421619293995 0.0151687353621634 0.0931705997714152 0.235503526141274
0.0221389460790974 0.00817794689422048 0.209469185545013 -0.138309018387842
-0.0172404557983644 0.0013892218531501 0.1092099250523 -0.234051559616422
0.141743742594341 -0.0171959425797732 0.226456143038797 0.0612699775697332
0.173145180128992 0.0464915360942877 0.318946312985759 0.0276951831432669
0.135833277377048 0.143817935299456 0.133494231149532 -0.0181669168569129
0.0127293063669035 0.182963030870942 0.0806022135742153 -0.150594953639584
-0.0896365024423731 0.12012145099709 0.354495210827878 -0.197481968766407
-0.131807775276301 -0.00755338713386113 0.439284531677477 0.14201305239832
-0.0443570302615953 -0.0906141130556122 0.0423286576736955 0.339979313390756
0.0958008628393196 -0.0650644774425136 -0.293007471661323 0.148503282696481
0.154166120953611 0.00181152134195081 -0.37302482841714 0.0165089665049367
0.145248146638591 0.0281819274478238 -0.432061928992068 0.0982188690658307
0.159230069838429 -0.0144662518797596 -0.473956372554244 0.266101933534817
0.102449370877517 -0.0872738036437244 -0.231704552044338 0.399774465861223
0.00822315899928188 -0.119850747385937 0.133999163315772 0.224093849822432
-0.0690543440652175 -0.0579459755837416 0.241788594517202 -0.138713509943312
-0.0582869651173011 -0.00816994275354454 0.128212566655493 -0.229392265804453
0.239037168124488 -0.0309512642943615 0.119342431335396 0.109404233901206
0.293572439210785 0.0642388025141092 0.256872370785298 0.0904978566284868
0.247136805739324 0.229970187215366 0.213218953181234 0.0606547164513698
0.023248830382307 0.323046563084098 0.208677545306135 0.00871091218148113
-0.190771240974288 0.207527179358222 0.349790133708742 0.0244647565063283
-0.211787085898766 -0.0343720488192465 0.265809469701604 0.246069813537856
-0.023159897187737 -0.168995587077132 -0.0604050715483238 0.293737696290457
0.19815878363326 -0.110761520776367 -0.236875248267583 0.11430469738932
0.294267644767697 -0.00956581254934805 -0.243891076196249 0.0500368412913187
0.306332089518272 0.0172624646730185 -0.236165203198175 0.183537401886187
0.290947321260393 -0.0867444410090193 -0.189780000701121 0.37788232482954
0.159692087725471 -0.21747954713622 0.06487329796214 0.405297193652716
-0.0246590695232805 -0.211844684586326 0.285193515314267 0.11771205884602
-0.128658635280787 -0.0788325946776758 0.290109877496581 -0.177725644915384
-0.0477745267942871 -0.0141062285922449 0.172676242143206 -0.225848856383382
0.246472941800979 -0.0248626733563705 -0.0170329933318581 0.173849407856964
0.283585658565772 0.0661268836083296 0.130930428671123 0.208646854971464
0.237001639418331 0.225425686801822 0.208070692989567 0.231755112776995
-0.0150180637975396 0.303501824790684 0.214572480603127 0.265174760723485
-0.222699994743499 0.126379107022735 0.181163263899532 0.288894666552019
-0.152568007370127 -0.132736698053196 -0.00789164975587789 0.298225051519523
0.0776264863161738 -0.217684632064354 -0.148182554750867 0.191523880946431
0.263926574569148 -0.140217987692531 -0.140808722405201 0.0630262055357212
0.341919428634434 -0.0773249096793501 -0.0483509661087459 0.0553689169898039
0.338569110454749 -0.0959123543371373 0.0740918991910171 0.155206261245775
0.242613726722588 -0.202847104770434 0.219840660192187 0.227150663233193
0.0720251533053237 -0.250367984785863 0.362268575229165 0.103322876003311
-0.0573616933106922 -0.146873472995169 0.351169472536341 -0.131128098023295
-0.0843915035112945 -0.0234335333884108 0.273313809542783 -0.241911228986708
0.0312577181240675 -0.0153074909921337 0.200233786274211 -0.219377588743202
0.170579807247077 -0.0055279682305726 -0.134138305738115 0.221259637465943
0.134457401566874 0.0509654087102046 -0.0472317437329964 0.314023647628525
0.084123755232787 0.107241129095775 0.00808889010478145 0.369586640788502
-0.064549946099283 0.063837104376642 -0.0615406749403569 0.372292006996198
-0.0957346012025916 -0.0945969859517904 -0.142970252967491 0.280882505239106
0.0580546299352021 -0.215200430423917 -0.218269914635186 0.154191135715426
0.221963672755197 -0.202480845416436 -0.138248989007224 0.0477692259003351
0.291987545259431 -0.147059585916217 -0.0219412749101887 -0.00291563509911281
0.270926325889547 -0.162800908937338 0.119999635551717 -0.0257896770760565
0.153965875653692 -0.200105896831315 0.252538729090063 -0.0829939124837971
-0.0329465963716738 -0.166051347241374 0.31154973314901 -0.189299620303331
-0.0799509781415578 -0.0266524158542156 0.260507324222409 -0.314361032501876
0.0151852612907428 0.0870523615199436 0.16328088895318 -0.341020511080245
0.0808870795689061 0.0637218740373307 0.138223118954249 -0.271573697629274
0.152626714999073 -0.0150072817210605 0.155931027824323 -0.203791592989655
0.0596536691143792 0.00884464020969716 -0.188586409975827 0.233269485117028
-0.0483000121187113 0.00386507088605144 -0.194540649166318 0.318623866315391
-0.0625636856174673 -0.0746090155522342 -0.250083420701378 0.272086736377996
-0.0154829603877944 -0.206878503520371 -0.333741858059702 0.0898196067904886
0.138212643034576 -0.219807691069708 -0.25321664621247 -0.0911597805515937
0.272815984211798 -0.159771035761273 -0.150970989019777 -0.109087415355075
0.326383381784858 -0.116659100493075 -0.00637606411777305 -0.0716925256996557
0.280715471949617 -0.135024929463391 0.0964139903833047 -0.0660835220225909
0.124899317671802 -0.200855654863432 0.165661018890793 -0.16552349894764
-0.111928791298654 -0.162805521913561 0.110939796522971 -0.319373352219998
-0.270562784148921 0.0593575243133295 -0.013356021429249 -0.36619569434837
-0.107410540058705 0.272410964302771 -0.0838042881056184 -0.361433942403552
0.161670382689754 0.283522621887709 -0.105324285786576 -0.307684275018351
0.251488944837635 0.102942505201489 -0.0721797860148597 -0.22021144871724
0.244508025586668 -0.0205086084716737 0.0311088681341503 -0.168296814431358
-0.0188708345564259 0.00918730055696386 -0.17557239713728 0.224493221969471
-0.133676257303643 -0.0566731023021388 -0.24360349009638 0.234206002373832
-0.0684945675172305 -0.178839658774871 -0.300191627412714 0.0115386437827389
0.089193669739397 -0.258359200809692 -0.199742089677444 -0.29676054013277
0.24887508609033 -0.136094693539847 0.0493290706107177 -0.380905982361657
0.313343822476186 -0.0179797809469883 0.144596640661053 -0.232333726414007
0.322550583825903 -0.0167433337803517 0.184048590306574 -0.101751429530428
0.226734478531862 -0.106245662547204 0.198080449425437 -0.112823078617005
-0.000797327213319184 -0.163507656083269 0.0873754904774735 -0.283808772232535
-0.234985976052707 -0.0344394766284397 -0.195747512674699 -0.335066995304236
-0.270020995796602 0.220772097558088 -0.313691601488592 -0.144449492513315
-0.031324207780155 0.344713867676629 -0.211977522564888 -0.0869874670175838
0.223125135743429 0.288014886770423 -0.195891089009192 -0.130244840221278
0.288687359602087 0.0786279842557868 -0.241484884152599 -0.122246767805025
0.248139856351511 -0.0258825742512351 -0.120400063111436 -0.114285097428415
-0.0316665004539402 0.00536786990325448 -0.134005474285877 0.215540522161434
-0.10315948670013 -0.0716672778831905 -0.222143164409973 0.149904185459023
-0.0123468356371566 -0.137267164968855 -0.162067249277538 -0.162107641294279
0.101502375859936 -0.139563527735446 0.130417937573052 -0.394276252990464
0.169077141881937 -0.0200120820601542 0.399402759476251 -0.322018580536678
0.190914627015023 0.0560211485039081 0.395206704139684 -0.160002520998945
0.20860783753865 0.0332153759341066 0.335969571922389 -0.061271473954487
0.135980071000958 -0.0612530976911118 0.271730698167069 -0.135908772734758
-0.0395203210953383 -0.0813007811999429 -0.0324775472202865 -0.343231303705532
-0.174233309366172 0.0427433716514692 -0.420739883151795 -0.202737931518326
-0.133557969774827 0.188320493859571 -0.376913758281869 0.143988046258941
0.0213822937788368 0.202060275283126 -0.115069054864372 0.136335470647072
0.149531261025726 0.157485943972373 -0.138382846453477 -0.00842949986138162
0.178679324589071 0.0257832970192856 -0.320096715190573 -0.0419546118380994
0.151961883157127 -0.0192306369280538 -0.234695585785777 -0.0635478560756273
-0.00936589520950597 0.00205889067482012 0.272263868358361 -0.0400574299224208
-0.00643437011604946 0.00637889885201207 0.325737921137788 -0.0890496715789851
-0.0089885352062992 0.00521586759621862 0.0797502293486746 -0.0506406067043908
-0.00768708710528169 -0.00753419625627323 -0.038508500950862 -0.194633894633286
0.0147223474187093 -0.0397448410204191 0.248116216822871 -0.3595233741442
0.00442973994289707 -0.0282035643388948 0.511448613656386 -0.0446276140030432
-0.0110881630221259 0.000442149790629405 0.198743629340887 0.314725088159829
-0.0273379915375068 0.000629983580304688 -0.235609963083042 0.254093774281588
-0.0350776060639742 -0.00957558456567079 -0.378716628412638 0.143128915569216
-0.0404695781797989 -0.00990735556180834 -0.433452880192517 0.231843084238393
-0.0028454873074207 5.09052562303308E-05 -0.439874008837888 0.391898979519511
0.00473492928850784 0.0295593236039901 -0.166294434384646 0.451753518695443
0.0172251068738705 0.0111561362520664 0.170457567677396 0.193263670899538
0.0245972463584891 -0.00110596956184231 0.155801324457471 -0.199396921479497
-0.015928219728907 0.00671357237308652 0.0253334563043869 -0.258161928310289
0.128652151316155 -0.0644443462240346 0.235796256324458 -0.0141484134613954
0.181640436297346 -0.0149251709249542 0.313049174880107 -0.0732608665514268
0.17891200321677 0.0939308170593869 0.118229503055943 -0.05578144819727
0.0705803561657219 0.175148158830669 0.0226081233687222 -0.170767595890653
-0.0511067993903784 0.142520365598388 0.271741349913113 -0.310726953221547
-0.133257697965327 0.0340805723342421 0.468943557906931 -0.00974050429931876
-0.0729346513637626 -0.0736931847276208 0.155039685596932 0.315729209926919
0.0712409221225274 -0.0948078351468253 -0.231445634974777 0.241286521152857
0.148467617979528 -0.0476254956969032 -0.355573545663722 0.135970973235595
0.148270639727791 -0.0187149739080895 -0.383209994679629 0.228983017454319
0.145480794447371 -0.0659316124669992 -0.368150004736226 0.408748676385884
0.0698448316781865 -0.114039621212462 -0.0919579377386282 0.460549181995969
-0.0297889050896224 -0.116911115091255 0.20534622150297 0.17028036211147
-0.0846698833532985 -0.0358994696593666 0.185582068681613 -0.212061159609813
-0.0597717238328043 0.0104655991486556 0.0455180921999704 -0.259390630569165
0.216797083302672 -0.110420197617865 0.149108850331938 0.0654822184642935
0.303274645168114 -0.0380253312159324 0.275721311601826 0.0074310941911314
0.316167171486647 0.140854736485083 0.22078441564963 -0.00926181769032475
0.126849969175431 0.308018331959988 0.198050327605052 -0.0605420634953208
-0.120558318987283 0.261201240500775 0.340336336284029 -0.0980296459307929
-0.219470504798901 0.0327875605550931 0.337528269221068 0.145406443524364
-0.0792320442227095 -0.158035848580755 0.041585051716821 0.303617163387353
0.153877359815694 -0.173138940227307 -0.188160935722124 0.191512256404322
0.280292534264519 -0.104600058484993 -0.219229757613979 0.12776140829223
0.300469528400263 -0.0825399003913314 -0.168727801526716 0.249630836362792
0.25062832228818 -0.177230736254183 -0.0614910080822489 0.421913890536861
0.0829775289403632 -0.260716209440995 0.193309932956244 0.367989726934395
-0.09162460842239 -0.196827687857595 0.313319199384928 0.0204473607628231
-0.147946751332992 -0.0399840303083846 0.217664763611686 -0.263756427630755
-0.054320899487276 6.52804177772356E-05 0.0892468310821152 -0.268173051039776
0.225617260343972 -0.108768517202553 0.039670001055967 0.170759263132938
0.294576279364737 -0.0341620528072332 0.192965425239592 0.158202811990769
0.302011908050152 0.138034417591604 0.273253496735258 0.152296001620215
0.085382927698744 0.299057824862869 0.288435306370107 0.18172107444158
-0.175662247373712 0.193613373046248 0.266453795166485 0.211486025035551
-0.194552278096132 -0.0810468362932439 0.0909085479371056 0.285457235365894
0.00124426601464757 -0.237619361854412 -0.0776205562401607 0.231961380357504
0.208109370145758 -0.22377477629003 -0.113596703002373 0.109227435459996
0.302876888904093 -0.186331609463897 -0.0301167485315966 0.0698624745349672
0.295805131482852 -0.204005157403911 0.117725450275664 0.12460794979712
0.167540498075309 -0.27464386970819 0.279765474737306 0.147543732246291
-0.0108718170655417 -0.265245421624887 0.378403846338558 -0.0144979534455995
-0.104036849236562 -0.125801599517482 0.291232319943714 -0.237160518966543
-0.0893913562051019 -0.000640161997536042 0.182459225202608 -0.318642440722619
0.0194191525104875 -0.0276183905201746 0.117818783029816 -0.271060603044977
0.158792727938402 -0.0656305694515492 -0.0572577214432061 0.252379933834718
0.145420130509403 0.000417460832894965 0.0569006767143999 0.316417825323849
0.114891608270166 0.0727085680610357 0.12736710097014 0.347741648066327
-0.0405784111760858 0.0811791287365371 0.0601438874104526 0.375707783442098
-0.125165836354967 -0.0610485546079172 -0.0445723572313317 0.310793896570245
-0.0166361049844183 -0.228394295610958 -0.156005621711675 0.216420928144181
0.144960118357162 -0.269473596095761 -0.11651784898031 0.0892007502874475
0.231790205833283 -0.240476432258246 -0.0217664494897108 0.00582080764386362
0.206791107258711 -0.246678322976303 0.104837525476439 -0.0618673294247435
0.0821554855054613 -0.246019133278403 0.213424490528783 -0.157566808487777
-0.0869679601728156 -0.149616398247434 0.23423795216491 -0.276930231615531
-0.086739610129624 -0.00226918313442909 0.144710076765093 -0.381008372521509
0.0414308956529837 0.0740283157365938 0.0430305349715909 -0.37360965034965
0.0958219301693762 0.0294341104879325 0.0428985430995745 -0.300227604810763
0.133163709754696 -0.0674421446504286 0.0829387437187718 -0.240270248545497
0.0576997053100532 -0.0155121485240743 -0.104942022177037 0.281792846638265
-0.0451794023093112 0.0162849116053841 -0.082604405711115 0.368166563724343
-0.0846221545843007 -0.0536535601977986 -0.152360502594879 0.33989672866472
-0.0819538030563632 -0.194982719760841 -0.290275312624169 0.191542178930531
0.0591566565953223 -0.257025742310528 -0.271183688783158 -0.00652859040306764
0.208691974425256 -0.243120306042024 -0.175857731695514 -0.0563654602847646
0.275360464048372 -0.221496391966385 -0.0282221989854993 -0.0688740353471298
0.224897723872265 -0.224819086239471 0.0706261431007455 -0.0956179780468329
0.0536281797641027 -0.237306845209616 0.104801026087186 -0.210805108454009
-0.162286617682825 -0.125179669081223 0.00269265481984748 -0.336661604780842
-0.242099081204451 0.144200155243815 -0.130573682020717 -0.339464427720401
-0.0192704929009135 0.295058841737329 -0.196927142005503 -0.313933497653788
0.243733871634081 0.216300373211656 -0.198677909245335 -0.254069773442194
0.271508978837215 0.0153551033811 -0.139555320226692 -0.183592930342376
0.221044156227805 -0.102239373728431 -0.0226558596086821 -0.16581457577691
-0.0170368620889688 0.0113278961166448 -0.0936392143374278 0.269734414198464
-0.146735018027147 -0.0120117457696658 -0.158027006842515 0.302637625386252
-0.124989499261867 -0.150513675867452 -0.285344850120225 0.108279911067508
0.000155528239413066 -0.278000533031971 -0.288440360919293 -0.2237274022046
0.193483478707797 -0.21391072409825 -0.0746428413718986 -0.382132397087055
0.29541084514732 -0.120632800599332 0.0650127747905482 -0.269968015720319
0.30578379062847 -0.121296661271262 0.14483325754575 -0.159779685132957
0.182463309705325 -0.179087565397401 0.153306627921589 -0.174572006142031
-0.054990159159958 -0.160601520329752 -0.0099792822061815 -0.302184881636293
-0.239959638876043 0.0387761812857751 -0.298723574784463 -0.252312901681679
-0.190459103863082 0.300626925657389 -0.344969879916933 -0.0291268799251483
0.0772670169620945 0.342684983028949 -0.226427683771114 -0.0106816532430869
0.305572146685276 0.204708640362715 -0.225282250081659 -0.0600023886016944
0.29973110862843 -0.0173287396553461 -0.266852667224006 -0.0379364334082182
0.223577111358384 -0.106640441763141 -0.147702930459016 -0.0668723758736617
-0.0296193647427056 0.0141342663022193 -0.0557058249943326 0.250416776887748
-0.121509275264021 -0.034530872449988 -0.167303315561152 0.215646534943943
-0.0571234193849355 -0.128251738151027 -0.21064376675794 -0.103378962578606
0.0500874743344033 -0.168434532072956 -0.00386155510460142 -0.425087604076781
0.154993621914234 -0.0763100842159735 0.279196582069476 -0.440834120208019
0.200337525795195 -0.00986106647810419 0.325542489318315 -0.281213784914516
0.211454648368758 -0.0371391850730839 0.302894330127107 -0.16741121857911
0.109471567637071 -0.104724747409019 0.217238363347774 -0.223729885765718
-0.0655408341075635 -0.0685403821614166 -0.144357014207098 -0.321860967268057
-0.15613072347787 0.0956604482442307 -0.470407799608825 -0.0548268269670717
-0.0684046074281149 0.224362775508593 -0.311154431029506 0.265083598511723
0.0840556476107541 0.189496048871998 -0.0596055883275079 0.168665883971849
0.193912854626842 0.103074295056219 -0.130016596578909 0.0339335628314857
0.177203107699036 -0.0323381233732468 -0.315514647286067 0.061161334872767
0.13463095327525 -0.0680835713244286 -0.239569865793322 0.015717553317805
-0.00892948255080214 0.00179046842027551 0.268637261230759 -0.0513839393078744
-0.00645314884592846 0.00606562415454748 0.322016804475842 -0.0983613022287267
-0.00872022500263969 0.00432455086558134 0.0729783751918739 -0.0473560466391768
-0.00707869790109423 -0.0074811714299773 -0.052832010440904 -0.192355264661524
0.0129430436756352 -0.0411268836438509 0.231506359575554 -0.378098153375167
0.00341086809908664 -0.0285132319903455 0.519964503235959 -0.0687756814436938
-0.0105054556306021 0.00179366190597157 0.218657490644594 0.312620805465276
-0.0274877010950369 0.00184349526141257 -0.227637426788292 0.267544368473087
-0.0355863239785642 -0.00895054064748306 -0.379080331916176 0.160245320488305
-0.0414303701284726 -0.00737163002459804 -0.427987511711788 0.25068935891338
-0.00467170615235051 -0.000453558772161067 -0.427715544312568 0.413796301212586
0.00600735113507623 0.0302454574925958 -0.14622067644388 0.465187525125008
0.0185725830399138 0.0101744051394732 0.182586502504644 0.186751283665541
0.0233336476632295 -0.00226609478378382 0.147914398807598 -0.209456432004699
-0.0139987283308786 0.00797663947088595 0.0112511658638722 -0.260944237285052
0.125381021616181 -0.0698806104500558 0.233583696134599 -0.0250052430626792
0.181034457030146 -0.0215533213511978 0.308850313914359 -0.0830027842288156
0.183720524634809 0.0892555955133536 0.109948854037327 -0.0552844551056362
0.0771311051856427 0.175344884013775 0.00797302621887402 -0.171213745426972
-0.0483568146377829 0.145106827239105 0.258005924149159 -0.329913023387182
-0.1354257849805 0.0387107071963771 0.477697812438586 -0.0338066026767673
-0.0773030496231423 -0.0726644352698818 0.174229769553835 0.316083886961834
0.0685309504840191 -0.0993137876683369 -0.223435648671391 0.254541972107027
0.148021860149324 -0.0546685868229609 -0.353144844929542 0.152572268954313
0.150248517608639 -0.0240068597882748 -0.379110440606967 0.243630545734145
0.145228622533529 -0.0739397651593849 -0.354364599787357 0.427344127047614
0.0651392947753927 -0.118424944464944 -0.0690943722101412 0.470644493345866
-0.0336369736882339 -0.117785918681021 0.217681130578098 0.163634228839189
-0.0877809122944354 -0.0351297446744001 0.177324511451126 -0.222511729050515
-0.0596086405211304 0.0136418904933365 0.0308848080350285 -0.26241903402173
0.210724227429239 -0.11911556517757 0.149931603486684 0.0584237784281889
0.302239082468349 -0.0482090568240137 0.27478959229257 -0.00369088112431232
0.321334271691731 0.131523264989243 0.215111354219914 -0.0181441706635939
0.1379895947978 0.30900386431983 0.190022745971492 -0.0717586480924979
-0.117032199446801 0.267531704698979 0.336266115349995 -0.119438382855376
-0.225936796256486 0.0390507582286605 0.349146999840318 0.130115028850615
-0.0876780201278469 -0.159434399440872 0.0580432635951704 0.305204093965725
0.149509699240268 -0.183329131273218 -0.181141115541879 0.202266190208753
0.278280441304395 -0.117636055564819 -0.217435442690793 0.139231600327564
0.301008764573679 -0.095658078407382 -0.16306888054103 0.256275295065525
0.247181446560661 -0.190740066746615 -0.0456053998337866 0.429317010041967
0.073405586144425 -0.266096277772904 0.212043112215882 0.365591601438148
-0.0999313140740959 -0.195876304858768 0.318690107922564 0.00856892020570189
-0.151900132473146 -0.0364911771377704 0.205589628520563 -0.276846338087069
-0.0567226666743332 0.00253437086607798 0.076463601764247 -0.272285631476301
0.218297858453992 -0.117448363898906 0.0453256786596092 0.167636674839087
0.291885799885995 -0.0444448358934842 0.198133570137908 0.148600475101705
0.30611823966257 0.129287180365776 0.275347814257309 0.13906503201546
0.0940594534855568 0.300055968192229 0.293908496040514 0.166331826858009
-0.176045996604784 0.201713640393601 0.276204767235174 0.195524982994718
-0.205008281858908 -0.077137436607521 0.108544854258822 0.281755959718562
-0.0116595265723915 -0.2436747614744 -0.066436683776664 0.236897552504277
0.200720617666338 -0.236424707205577 -0.109207445188775 0.11760103556793
0.297925924603638 -0.202048119634913 -0.0288688840283564 0.073617734671135
0.291898117107241 -0.220085610455294 0.122030912373906 0.12080842482134
0.159417986578692 -0.285050688426456 0.28480943080642 0.137771496899778
-0.0219883850882129 -0.269621143533575 0.377974484194845 -0.0267784938784395
-0.109351962372777 -0.125214041121862 0.283213620093703 -0.248788096615099
-0.0907710551313269 7.1142471395026E-05 0.167906587223805 -0.326862011620478
0.0135224039117193 -0.0300024152247564 0.106526792448243 -0.274257872959245
0.151627027022977 -0.0726945141531667 -0.0471660024808264 0.252412637442355
0.142479918986205 -0.00674373736658871 0.0709145257381103 0.311265916959447
0.114553161759787 0.0676236684164917 0.140467245890899 0.341173015403497
-0.0399821509268464 0.082305034739792 0.0756056817693893 0.371540279548371
-0.131352710169962 -0.0578426504820628 -0.0320697184601524 0.310263451931937
-0.0295801831503424 -0.232399423196003 -0.144671639865218 0.222641238750858
0.134309455611956 -0.279805912844834 -0.111906849697645 0.0932341511717962
0.224805593258743 -0.254052399414321 -0.0212709412365633 0.00759277168632703
0.198155496296017 -0.26018498739453 0.102135276957819 -0.0655686210855147
0.0722788882406644 -0.255550447013074 0.206974288553592 -0.165689331217244
-0.0944521684558282 -0.149452634978423 0.222286609222759 -0.286096682316177
-0.0898140973819095 -0.000714308430606603 0.126655144124645 -0.38556373746177
0.041553367449929 0.0719805964981567 0.0283058116555381 -0.374940888893622
0.0957408389943178 0.0242273087127385 0.0297909942563106 -0.301004909612388
0.126182674456503 -0.0743714503351879 0.0734414012905108 -0.243419325584701
0.0525228103233468 -0.0189253054102854 -0.0914328070003638 0.284699169705723
-0.0467201003979583 0.0150903083379466 -0.0652540094217337 0.369475319001193
-0.0883625643550256 -0.0535711246302018 -0.139053959968693 0.347872826941386
-0.0900934609472464 -0.195408747667502 -0.283073955439327 0.203588015655483
0.0495907900674059 -0.263615001483178 -0.270537053910517 0.00161381531699791
0.201750014527123 -0.255435823398048 -0.1765699860859 -0.0520269295628373
0.267954000993468 -0.235038416819725 -0.0299223686956567 -0.0705524570708348
0.217187569529194 -0.23852300143724 0.0671067202322758 -0.09961574104912
0.0437565560357813 -0.245187027592834 0.0953804293677677 -0.217083208005994
-0.17235817952011 -0.124288692856486 -0.0148476948094724 -0.334309453996479
-0.243045120650234 0.154243015755325 -0.147587986939954 -0.329908780451407
-0.0115232312367304 0.299563341931717 -0.210577011939035 -0.300945989769663
0.251216095093048 0.210346582077344 -0.208412548796374 -0.244139121017671
0.271906293016148 0.00493332629195535 -0.147131846431982 -0.176792366935354
0.213833825035642 -0.112453960588503 -0.0269129504502274 -0.163704539501589
-0.0196885084682081 0.0105800666891983 -0.0802973515430866 0.27431845382568
-0.149710324335164 -0.00879339819296173 -0.145507792706542 0.309004286427944
-0.131022942948315 -0.149522211685985 -0.283300836360839 0.122198646395481
-0.00964378099211152 -0.280434299243446 -0.299734851563513 -0.214898190387717
0.188175888288582 -0.223736200224175 -0.0878598973910698 -0.382660374190997
0.293913366782114 -0.133469809607806 0.056820572536659 -0.275665761493196
0.302952396033436 -0.13539023893387 0.140699425057113 -0.168020004120999
0.176070265693728 -0.189697084829359 0.146820325148595 -0.18398537051858
-0.0629720991233166 -0.162729993775945 -0.0255290367746769 -0.306722179412585
-0.244594588618392 0.044618103783801 -0.314742736891632 -0.237530444457145
-0.184423653277246 0.311556281936055 -0.346729003928353 -0.0071262533974419
0.0886826377550325 0.345455060508561 -0.224081502166642 0.0030381617850807
0.314601473327379 0.196278418730656 -0.223378281373791 -0.0516559410735876
0.301182286180378 -0.0274656387706117 -0.268231077104578 -0.0256790740877099
0.218248706625641 -0.116289279735356 -0.148725816091868 -0.0604529463822151
-0.0304710699354741 0.0129951831201707 -0.0419629045754989 0.253990789622763
-0.123412337879245 -0.0316881755032999 -0.159739518896773 0.225511438396474
-0.0616962661087345 -0.128242684253733 -0.219159332832263 -0.0966489082459177
0.044938067169618 -0.171222604384578 -0.0250315000085341 -0.430236485039333
0.153376937487547 -0.0832161524750347 0.264854240297308 -0.458037699757711
0.201005885707421 -0.0179241207110957 0.316609559624153 -0.295202921583016
0.211737597299068 -0.0455555944343022 0.298521320235949 -0.181431774288909
0.105577421314141 -0.110913901564984 0.20925366343471 -0.236641079891937
-0.0697287061739184 -0.0695994339580335 -0.162529152135451 -0.320797401045593
-0.156872817128438 0.101423852511306 -0.478713819388166 -0.0311568688092756
-0.0626981991653834 0.230410363317965 -0.298687228373142 0.287317615124575
0.0907531243545419 0.190034407089664 -0.0475201913161091 0.173448402810318
0.199393676482944 0.0984670118074556 -0.12375475279086 0.0356427016931198
0.177363564096951 -0.0379676833930108 -0.312211866526408 0.0723131055818213
0.131499216548019 -0.0718074946333178 -0.23706776239613 0.0264189062759422
-0.00842988615146602 0.00155053754916475 0.259491584037236 -0.0627516705140939
-0.00749805572954474 0.00619917118912442 0.31356235004096 -0.107239523906278
-0.00785282658565897 0.0040346668150608 0.0654542214008272 -0.0432040659792725
-0.00657795713366686 -0.00895825970662215 -0.0664760669523384 -0.185879731391623
0.0103982801338451 -0.0419327085866938 0.210404946606173 -0.388993941181579
0.00254579337711105 -0.0284443185134393 0.516430882080574 -0.0951777564856026
-0.00935594214240253 0.00285289852590126 0.234640751701415 0.303573725878573
-0.026493361358294 0.00296192333364097 -0.215033739371175 0.277648723239731
-0.035775208468879 -0.0073432595331059 -0.370232809169314 0.174887607930457
-0.0414574668770124 -0.00589021819693148 -0.415928140180947 0.265819113396516
-0.00546255141069838 -0.000489467869942745 -0.406255762711863 0.428606122986275
0.00773856432799827 0.029011419892655 -0.121821773850091 0.469605807311325
0.0187973233461292 0.00811162255338429 0.193025982661538 0.177009546000377
0.0233822294860067 -0.00327689564677503 0.137475582276716 -0.213685695456422
-0.012996700068606 0.00896186996613883 -0.00394773340362904 -0.259027914734695
0.12013895385264 -0.0741906111253189 0.227430446290231 -0.0345973421124424
0.177438642177833 -0.0273289951839991 0.300594772816831 -0.0925985866097914
0.185201166917315 0.0828996873804804 0.101314769279504 -0.0542536248369684
0.0828114417491956 0.17261940903589 -0.00586610815469897 -0.168522113243656
-0.0468418503754193 0.146371893017946 0.236580174826755 -0.34347577202447
-0.136285276472162 0.0430909767649334 0.476140272458094 -0.0568314257460454
-0.0799473755259546 -0.0701325939895988 0.19091218085333 0.307964115778397
0.0642562707091985 -0.102155842530573 -0.209510934931499 0.265808513476796
0.143442899336965 -0.0607458593422086 -0.346011947564324 0.16784368412633
0.148379652232915 -0.0297536375992834 -0.368846187893273 0.255280284730807
0.139144497667584 -0.0804429426465551 -0.334075382060338 0.440083155082869
0.0607195736498176 -0.119555529021258 -0.0442631908105624 0.472950996783368
-0.037288231594835 -0.116040128769451 0.2269494308675 0.152547278094069
-0.0890613665865357 -0.0326946303723355 0.165132743636903 -0.229514232449779
-0.0586744236427641 0.0160326811277565 0.0166597757111432 -0.259836327544348
0.201393591922232 -0.126626492043832 0.148104041277874 0.0506883957820147
0.296238140722393 -0.0595274371122002 0.269808668071933 -0.0141045829752641
0.32370812119189 0.120692778280479 0.205735797288074 -0.0247537530240992
0.145786293666841 0.304474581904601 0.178149111730345 -0.0799521086384272
-0.111824084848333 0.269867993593758 0.32472306865306 -0.139569528996725
-0.22874966170791 0.0462871867352233 0.356124999647599 0.111038810162764
-0.0956594090013445 -0.157683431566643 0.0741117592902588 0.302651913574913
0.141079280596267 -0.19023231798157 -0.170051582666401 0.211527993218947
0.270622597088713 -0.12907002485598 -0.211969679100333 0.14906834085177
0.295592289563993 -0.106972591265337 -0.152525748707623 0.258989346542679
0.238739694872283 -0.200292492852312 -0.0293938388056539 0.428452366729205
0.0616839411435507 -0.268555913176557 0.227771334171264 0.355515574068172
-0.10498743870467 -0.1922632455054 0.31800582244796 -0.00386427746005473
-0.152029266260828 -0.0329420510904533 0.190819727949304 -0.282540043228899
-0.0590976545282957 0.00391153501160847 0.0601757777284429 -0.270782509752705
0.206804871844698 -0.125565658788525 0.0508572718580674 0.16128474460963
0.284953183149319 -0.0555747821712173 0.200345812058712 0.137269815136886
0.306170535106376 0.117705355050406 0.272973485256134 0.12369947703741
0.102144305154215 0.296540082316644 0.293499643175207 0.147572247072085
-0.172410064689352 0.206697318470025 0.279090777498698 0.176053290445601
-0.212261456960894 -0.0713685430755923 0.12089138538974 0.272084776917586
-0.0224400764532492 -0.244585991336476 -0.0529063987735139 0.237916191828867
0.190027624577954 -0.245271394622914 -0.102570739607944 0.122289892284931
0.28500735328596 -0.213472102218679 -0.0267341785185957 0.0761988092455158
0.280998717009375 -0.232041755040363 0.124134122267137 0.114371106053094
0.148015267613636 -0.292046727733763 0.285396595066425 0.123840572432835
-0.033024900622934 -0.267987339313907 0.371465558364313 -0.0396302233335511
-0.11414746227201 -0.122140304765414 0.27009145173366 -0.255950543656269
-0.0911799321154872 0.000176540461988841 0.148932068654003 -0.329372913158665
0.00767105380939777 -0.0303749561934563 0.0914195221053316 -0.274264168351195
0.141354935016927 -0.0789280461973125 -0.0354569757406597 0.249013762396629
0.138218774361521 -0.0137948962186156 0.0841753990234709 0.30128053474236
0.112760033599056 0.0618262177491205 0.151757113241283 0.327856215902206
-0.0393355337865942 0.0823047683308668 0.090537643391659 0.359472100274846
-0.134935855649411 -0.0544010497225905 -0.0196683584765702 0.304563730495628
-0.0396310951311753 -0.231623924478955 -0.130194367300315 0.22374402600857
0.120583635405496 -0.285011555861157 -0.105530687828177 0.0953771197339137
0.211500629442185 -0.263830824267997 -0.020491781073806 0.00851268392127575
0.184399112359164 -0.268865876173949 0.0970519805510034 -0.0681267205677372
0.0603168618585687 -0.260430615639217 0.197493517948226 -0.169917959685372
-0.100664628539784 -0.145982028191784 0.204946753051827 -0.290120926711484
-0.0912206077174225 0.00112453023748792 0.106292482530749 -0.381518430699966
0.0417303252011399 0.0682848248026782 0.0118445603527237 -0.36813569311355
0.0936805411603827 0.018345772526696 0.0163121142475213 -0.295563566650855
0.115677505670092 -0.0795055923996479 0.0628084996465485 -0.241932086697437
0.046129036441126 -0.0219866638653444 -0.0780450381152113 0.28314033811541
-0.0484329180885612 0.0147715166061948 -0.0467105521847618 0.365479086478731
-0.0915311097208072 -0.0521635951904691 -0.122077167800651 0.349778600944506
-0.0984426898033408 -0.192155237533602 -0.270679548098701 0.210387194007338
0.039239202940631 -0.26434584061428 -0.26551010594227 0.0114061975429228
0.190101709145243 -0.262552891565659 -0.174455374346859 -0.0466643778177749
0.256446444254548 -0.244410819352152 -0.0321418840061495 -0.0704785605067633
0.205254861687474 -0.248495674267828 0.0620429855362051 -0.101882915999571
0.032624578326721 -0.247637467816323 0.0835814602260204 -0.21967609406135
-0.179591657325859 -0.120789586545051 -0.0296018434599823 -0.327421059718125
-0.239066278215849 0.164662240479222 -0.159524163924053 -0.314845594925316
-0.00212560767425451 0.298007843551244 -0.220804558778099 -0.283151582946476
0.254462146285777 0.199972240248038 -0.214333797341144 -0.230395422068161
0.268247494027254 -0.00561646030823835 -0.151272901996846 -0.164350727623853
0.202013797345541 -0.119905729187369 -0.0319260678006427 -0.160045358169866
-0.0220967106899718 0.00985267523370214 -0.0651106239362673 0.273327106238281
-0.148794654907824 -0.00497124188984344 -0.129932725727515 0.311160070576789
-0.134600782297525 -0.145139950437447 -0.275197796576625 0.133124248473524
-0.0201739187580969 -0.277798912606602 -0.306833862812817 -0.202267522849033
0.179381131561562 -0.227465888590431 -0.100109068703515 -0.376764678645923
0.286069100765518 -0.14347038702095 0.0463135307959693 -0.276614634704032
0.294874928442308 -0.14613766582176 0.1333193043911 -0.174450957681848
0.166654053484212 -0.196753117075984 0.138539410742952 -0.190021074483834
-0.0697706942868164 -0.162509831552367 -0.040739812157618 -0.304588439449869
-0.245851646888135 0.05132519951837 -0.324521670649821 -0.216257687247137
-0.174513656172592 0.318767683040909 -0.341589577746871 0.0144236933542382
0.0997052220477168 0.341185923490169 -0.217202470938131 0.0155596248470702
0.31852929970779 0.186216720623316 -0.218578144623895 -0.0425288033327709
0.296950193805218 -0.0389239791513979 -0.263819174106722 -0.013422488979248
0.207483397041577 -0.122682536631804 -0.145928649217618 -0.0525285452967377
-0.0311850834704728 0.0137522115277022 -0.0274353243398491 0.253093675659625
-0.123842085642414 -0.0266064061025012 -0.149466441207493 0.231483906428433
-0.065488269688618 -0.125986700374463 -0.22240802015183 -0.0869826015826874
0.0388886343639074 -0.171046936024754 -0.0460234069739301 -0.425817060337471
0.149939304745761 -0.0882990719292499 0.244536782852032 -0.465849152171526
0.197877883350405 -0.0243433960055937 0.303702816211147 -0.303571173900036
0.207408953162256 -0.0542612051758078 0.289564038418562 -0.192952342439154
0.101037514146936 -0.114366552775958 0.198541227686033 -0.247241240306047
-0.072903121785302 -0.0692526293061155 -0.179706396956984 -0.313826906045315
-0.15483845497173 0.105504946145099 -0.481067051430751 -0.00557632015408148
-0.0549756008378293 0.231390861197715 -0.28031736518622 0.304183464275566
0.0973576290479784 0.185783513459407 -0.0343249014870117 0.17588471087908
0.201242365216389 0.0911074377583641 -0.116041359908964 0.0363396611544432
0.174286217729857 -0.0433849144083439 -0.303360118283666 0.082722139134664
0.126474737146379 -0.0751984698419249 -0.231002653183957 0.0358941964582818
-0.00809275882319077 0.00185981241712498 0.25114965258894 -0.068373177810441
-0.00782480752193608 0.0069538434467618 0.304371598421861 -0.110387181451853
-0.00844021781222439 0.00332995395788275 0.0604706867898503 -0.0367730050219766
-0.00704933112877887 -0.00990607905943019 -0.075314381389019 -0.179064609508268
0.00967638086306392 -0.0420833727753353 0.193884478473014 -0.393730810455587
0.00225785847624739 -0.0274048282966052 0.511356202240758 -0.113321321471379
-0.00840856476813157 0.00337266528569912 0.242617277058398 0.296914265615117
-0.0261813019388646 0.00420926069167597 -0.20483197941012 0.283021817013362
-0.0363224318431992 -0.00750808757628819 -0.362490689888464 0.181784702535507
-0.0411787005771609 -0.00367644245570921 -0.406100354414349 0.269221406972622
-0.00732712095507524 -0.00153127345601778 -0.390041195609407 0.434826819072577
0.00872980344879763 0.0285155648778536 -0.104010183380795 0.467962933254287
0.0185226391166466 0.00709138355277002 0.198902619994128 0.16890213252694
0.0221549091163738 -0.0036905808457075 0.129897811377115 -0.215431766875026
-0.0108772963227518 0.00928781695890816 -0.0136193012645465 -0.256168175312807
0.115558710997043 -0.0759108835808301 0.219571844758291 -0.0407116315853603
0.174129108033331 -0.03113427064442 0.292748908140526 -0.0955062601953154
0.184865940281325 0.0783814185142059 0.0938099859437914 -0.0499606807419294
0.0846193845851985 0.170624736394875 -0.0169760979756428 -0.164463402108789
-0.0466171703543681 0.146102300261576 0.219780198473426 -0.350368855403767
-0.137257616975416 0.0451962183074917 0.473214203308472 -0.0729069867185216
-0.0813725818402408 -0.0694235714197757 0.2013449265729 0.302289136461246
0.0607414852803324 -0.103907735566764 -0.200652059805133 0.27011272556047
0.139668218500479 -0.0636485159069052 -0.337839306590287 0.17492495047696
0.146142618533031 -0.0330886832284607 -0.3606771236151 0.259179541722228
0.135216623239091 -0.0830033092876751 -0.31848175026903 0.444629964402268
0.0560246706396757 -0.118771579826674 -0.0273045571067311 0.468583203879891
-0.0386885679886412 -0.115286946053293 0.23142644311562 0.14517942458356
-0.088883382041269 -0.0313952208203007 0.155952233961537 -0.232317164275334
-0.057658594567317 0.0168095477829307 0.00613237645763206 -0.256860994491613
0.192593819619193 -0.129573539580016 0.144481985850905 0.0435861817347571
0.290585553744355 -0.0657078092676952 0.263724015248523 -0.0201002732733232
0.321581623563913 0.114184339279389 0.197030405496197 -0.0262126098397956
0.149796162188581 0.301095683733462 0.166457694594846 -0.0856375830973221
-0.109781732810235 0.271795460544524 0.311998010407602 -0.151246127251851
-0.230704023219824 0.0493387010747846 0.358864376274177 0.0963599765696628
-0.0993670641574031 -0.157297106177214 0.0847372611668465 0.299343583292605
0.134641672904925 -0.194095688230623 -0.161084298745493 0.215268991157636
0.263233650055696 -0.134885951582117 -0.2066447243335 0.15434388627063
0.290417360630789 -0.114286472880523 -0.147515783343358 0.257644091726002
0.231193941832559 -0.206490232160775 -0.0197025623016593 0.423863631529869
0.0547547144121453 -0.26660747147827 0.236672843625269 0.346213398722409
-0.107250082732592 -0.18869383935703 0.316416050346327 -0.0115474396624535
-0.151691045964363 -0.0320963042819056 0.177166301838507 -0.285567501119492
-0.0606358138123791 0.00483727150199087 0.0500935953046761 -0.267616951072365
0.196561886328211 -0.128733681479903 0.0528091179395465 0.154575373699464
0.278966690949532 -0.0614305338227493 0.200900146711015 0.128336915428747
0.303017379611792 0.111654150726726 0.268531514542754 0.113620107622411
0.103978479777266 0.292600868028425 0.288123033825257 0.133604958778292
-0.171780620693544 0.209544597794722 0.278638133698704 0.161611930344253
-0.216931654768173 -0.0684368277503047 0.13074978625678 0.262566176690771
-0.0292040723491744 -0.245010127989697 -0.0438865308065568 0.237071485226829
0.180855057162352 -0.250429065682381 -0.0967494977429953 0.125774818945995
0.277626054443112 -0.220041509787918 -0.0260913988253657 0.0771297505527046
0.272512776155037 -0.238343537917646 0.12306976561248 0.109730822712826
0.140841944991512 -0.293929787656301 0.282740396120772 0.116836554061191
-0.0394354873068811 -0.265652448592839 0.364358684163117 -0.0452371517130703
-0.115737514950376 -0.120192865087879 0.260361973584817 -0.257556432117243
-0.0920757777388535 -0.000978196064547424 0.136254650141841 -0.328463079916472
0.0020108685664614 -0.0311798851511905 0.0816545411086104 -0.271228195710774
0.132327412256198 -0.0813075992317654 -0.0292119198246902 0.243256837140745
0.13318559857784 -0.0179225151705778 0.0908812724986627 0.29119246625299
0.109974960224201 0.0582199652561586 0.155639306232669 0.317540802727739
-0.0401773783638158 0.081830226791214 0.0980683024061291 0.348882095143614
-0.138408512097411 -0.0515251727239001 -0.0105964341528644 0.2974633442602
-0.0488561673184737 -0.230838720754054 -0.12068645867545 0.222805727134584
0.110942683728193 -0.288957490582562 -0.101297928038355 0.0951525510682578
0.202639361137159 -0.270058328650246 -0.0196588222577627 0.0111062570230309
0.174123737592593 -0.273610561507052 0.0932993338753598 -0.0680282783447
0.0513113425067799 -0.262618472726789 0.188864796091512 -0.170512206759005
-0.104386467720774 -0.143152698063614 0.193301716250488 -0.288276867858342
-0.0923712467459774 0.00236262524014758 0.0934001618174508 -0.373272816866912
0.0408544570006297 0.0653775530866861 0.00349082370639181 -0.359728147065283
0.0909183970851702 0.0139313771887319 0.0071572850585133 -0.290207444740497
0.106801322904362 -0.0812362659373134 0.0558911321526457 -0.238012998353236
0.0399026957075029 -0.0243248028163573 -0.0679109361812352 0.277936345778944
-0.049636319592919 0.0125189344216243 -0.0360818725089145 0.358091129992416
-0.0935307492807603 -0.0526472581984935 -0.111327771796222 0.346839280861271
-0.103023345057501 -0.189315846952267 -0.260589250519884 0.211835482385976
0.0336585486110297 -0.263751914758375 -0.261058385527569 0.0146537195059413
0.181682346361278 -0.266581773760375 -0.171861837951633 -0.0441956701345541
0.247911764524207 -0.249501653932823 -0.0329969974137559 -0.0712659854181247
0.195282460487054 -0.254368465238415 0.0583635616401344 -0.102951685029676
0.0246268979954061 -0.248849557171784 0.0756063251992707 -0.21930682173691
-0.184195146240712 -0.119613308624293 -0.0394834299350882 -0.318373830295809
-0.236320228249904 0.168308385554901 -0.16555175031233 -0.300505685958412
0.00157570183555888 0.296721253096481 -0.223647761528082 -0.267541549868925
0.254544688136025 0.193501420010046 -0.214214101620339 -0.219842411512858
0.262853203644645 -0.012058159606296 -0.151569368654253 -0.156428607626474
0.191418796280206 -0.122661512984697 -0.0328488689379948 -0.154602215362295
-0.0253158847676436 0.00922668370257203 -0.0548488629230313 0.270524455810467
-0.147410604613193 -0.00358009332911335 -0.120287208084165 0.309570500948602
-0.1364664547524 -0.142341197959287 -0.267767024384307 0.138318033695207
-0.0253544483112644 -0.275619376842919 -0.30883454923667 -0.194310931293677
0.17418749414411 -0.230205488896335 -0.106240769021157 -0.372488419718302
0.280878530074929 -0.149092716500665 0.038996717480944 -0.274955658606575
0.288376765365512 -0.152924088591453 0.128618384342879 -0.177100949715596
0.15919099950495 -0.201493644485246 0.132021969021932 -0.193652220184794
-0.073880589086198 -0.161977810230208 -0.0507483291537721 -0.30113270692663
-0.247015915520931 0.053663294117288 -0.328863851766911 -0.201063278529364
-0.16813903402439 0.321050054687765 -0.334714329418492 0.0293855752223473
0.103867125897398 0.338216357898052 -0.20870914080365 0.0252247826761645
0.317063625491538 0.178584026242965 -0.212334446332115 -0.0377228969719581
0.291991083344681 -0.0438437334345863 -0.258134289748614 -0.00653393732241945
0.198731866075136 -0.124818086122085 -0.142275056809354 -0.0475022404245185
-0.0315518894332794 0.0134742555628071 -0.0157229429069561 0.25031768393417
-0.122604734340734 -0.0243475939666614 -0.141277882862859 0.234728346724294
-0.0664285730376114 -0.123718837899436 -0.224657743767301 -0.0796993821239898
0.0350418349732631 -0.170485320347002 -0.0576698196276781 -0.420353967913426
0.14648106793707 -0.0914568997431833 0.231580861672509 -0.469067681101551
0.195928251452189 -0.0276963795544454 0.293702407909185 -0.304904273906207
0.203397497217762 -0.0584886253625182 0.282110003584684 -0.198159292528955
0.0958361524965365 -0.116819143516443 0.190223914853748 -0.25267528804817
-0.0744256829561844 -0.0694549937280412 -0.189044329541573 -0.308770626577944
-0.153901863176789 0.106385783772361 -0.476645123562334 0.0110011451421106
-0.0512079775600907 0.230408678294241 -0.2651861444415 0.312298612246426
0.0991387148253068 0.183321957906946 -0.0223562689226541 0.174826887215046
0.200794476279174 0.0872885930924307 -0.108989651454438 0.0341801466604732
0.17156741524978 -0.0469349078097358 -0.29659345824446 0.0876233162725292
0.121632339732648 -0.0755243120548933 -0.222876096711957 0.0410485596626574
-0.00842972327071844 0.00351936147595368 0.236093255227195 -0.0984547810278853
-0.00805824482734829 0.00780689668533153 0.286878739108077 -0.144847412039207
-0.00699788310932212 0.00408010111641546 0.0537204625004995 -0.0369336620397756
-0.00913369236956789 -0.00843683795414534 -0.104344714251495 -0.163700998836198
0.00171045012680193 -0.0435487758910564 0.132794263671289 -0.418070684059518
-0.00111783467470959 -0.0270240338771631 0.491437251608591 -0.182445120101357
-0.00693055640356846 0.00520970068017286 0.282446381142031 0.262079313676667
-0.0243167659528169 0.00687673273876446 -0.164224397492273 0.30960785970933
-0.0378027151488096 -0.00232058296862782 -0.338627487815222 0.229620606886667
-0.0412597848326828 0.00231024496208728 -0.36745080313617 0.319636021974035
-0.00908893791289409 0.00126346048528725 -0.329039408311753 0.484484850406425
0.0122470381760395 0.0258720354906086 -0.0369556393553921 0.480373969581129
0.0195982780868252 0.00361701064887639 0.221348267080955 0.138709165952352
0.020784446195882 -0.00671658035989 0.10141422707015 -0.230363070055269
-0.00837985163351316 0.0110049106964721 -0.050448264059886 -0.249487594555121
0.103116836234956 -0.0907796396932846 0.20973923136569 -0.0678522293161038
0.167899941112952 -0.0529604535839566 0.278452218336045 -0.129866955267466
0.194252631019516 0.0543731942360164 0.0844619743151881 -0.0547514051486793
0.106616201503288 0.161378189487439 -0.0440613228678249 -0.158224991300564
-0.0313069065273909 0.15178669494741 0.166810143996138 -0.379958060898001
-0.133388991568963 0.0616217396331586 0.460017561992904 -0.137847302955348
-0.091112073480356 -0.0593820453853285 0.243923786140806 0.273230994049894
0.0469014892246327 -0.112209365863339 -0.160280179449678 0.297131774478146
0.129586855624947 -0.0827323934259985 -0.314406465728959 0.220777380328283
0.141673165213557 -0.0524576539934465 -0.324461396403722 0.305252051476564
0.120857874642683 -0.101314925942905 -0.255626519699524 0.483728706053473
0.0389423721259133 -0.126676434284938 0.0400241955372207 0.470579382273158
-0.0547962321735722 -0.109476246812806 0.250603987679994 0.110289211560141
-0.0938185217715268 -0.0190831090437474 0.122185951811653 -0.251234415563291
-0.0538464415903051 0.0257242523821631 -0.029749265167438 -0.253202904561521
0.170136932272345 -0.153620901976742 0.14727675638439 0.0242133941690973
0.279325006862723 -0.103671282936235 0.258990421674555 -0.0537017103371909
0.334108844939867 0.0730879974749897 0.187894555565732 -0.0493303885444823
0.187969689888353 0.284010392026457 0.14763200844321 -0.107555911175838
-0.0792599743101746 0.28514152477642 0.284343102050347 -0.196300161035475
-0.228838893851282 0.077162672318429 0.369376637593229 0.0439556341459986
-0.121856318913248 -0.145183537297787 0.126994010018083 0.284053419540837
0.106863963679063 -0.212317986279293 -0.12838451193026 0.236920133609468
0.243753161425262 -0.169461394740458 -0.184411080147436 0.182353853173543
0.272642469117086 -0.15389642733505 -0.114439657742719 0.275334882808297
0.201771250335726 -0.236075444933693 0.0381185426803386 0.424315749865104
0.0163859104731576 -0.274656904023358 0.284311568567166 0.314338495530806
-0.134091455183468 -0.173062713463586 0.313553197185221 -0.054816765121904
-0.156782726482861 -0.011486028972719 0.135209785259799 -0.306817762358052
-0.0605741216943567 0.0128441013966604 0.0130465467767313 -0.268686876545177
0.172319334962024 -0.154973661033207 0.0700581117762408 0.143794148136002
0.266363374547258 -0.10042652978275 0.216236643488921 0.0990258034751472
0.314168926337197 0.0723956049226259 0.277813618336325 0.075375118921152
0.139771871343885 0.280768946552025 0.30018430640503 0.0908747976535602
-0.148471883334717 0.231416230627152 0.293921055677166 0.116279963415815
-0.229534282105574 -0.0427011037800899 0.165506845052995 0.237571297423166
-0.0635829270958336 -0.242475648409034 -0.0100251576172934 0.239294858353195
0.145278971826177 -0.275011559093223 -0.0779161210537496 0.138518621091456
0.246731050083742 -0.257431325008303 -0.0155590957969361 0.0825895416741911
0.238235508914445 -0.277377950038298 0.134176826724731 0.0925668445300217
0.0996177910852391 -0.312532336633474 0.294000802466779 0.078695034362126
-0.0777501517610481 -0.261100504411986 0.355478756536038 -0.0917021144204026
-0.132925998069132 -0.104764686224305 0.223805491911996 -0.287947601935377
-0.0940118139127646 0.00960139252456816 0.0896940658585664 -0.34129642397525
-0.00649497581042264 -0.030270045883761 0.0453193629521532 -0.274403631371956
0.114358407102261 -0.0998485058611337 0.00258361033648078 0.240974677190289
0.127051447739993 -0.0377500614912374 0.128379170726702 0.273240930272944
0.114293067984462 0.0428544147972317 0.195390141244223 0.290949116028832
-0.0306921611246945 0.0872147249568635 0.141813674589174 0.328426799540963
-0.146572337707582 -0.0331139243778644 0.0283859475583145 0.290422847021149
-0.081421045734619 -0.225095005895876 -0.0882738979932931 0.230336699293567
0.0720649895429315 -0.303333665320363 -0.086218170109818 0.106173026212001
0.163391150631692 -0.296526136058056 -0.0177252947398313 0.0143053360058953
0.137141939632618 -0.29821748616302 0.0831313112433913 -0.0780288540980941
0.0136931005472562 -0.272381005052519 0.163017736798969 -0.192709571871072
-0.125357633341118 -0.130209507158011 0.150700798735325 -0.307402134309166
-0.093591808692825 0.015301182427877 0.0413369507877455 -0.377181380839105
0.0488470675595786 0.0586931507656031 -0.0443199938694192 -0.353359378458673
0.0898117603563672 -0.00093023598016633 -0.0295380802900727 -0.284725679607152
0.0886755656118907 -0.0946263192708939 0.0266487478013186 -0.238813559638922
0.0303446100745884 -0.030576565947175 -0.0308298373594445 0.282431817603346
-0.0506740254161706 0.0156106961208639 0.0116686962704472 0.357949295186929
-0.101772456181984 -0.0416013795328013 -0.064524615810198 0.355662472462944
-0.127369306728654 -0.176252990234703 -0.231611807035319 0.241474216499967
-0.00142396308157299 -0.266335347842672 -0.254963972188612 0.0479058828079036
0.145140390381005 -0.287730613976994 -0.173830942410204 -0.0240723084834087
0.213335673421895 -0.281724158540528 -0.0420866402630291 -0.0682495394190648
0.158714181776944 -0.279814935447231 0.0446465992575629 -0.109661782186189
-0.0100241151079584 -0.256136722530738 0.0438898310925889 -0.227281029856982
-0.204127603448258 -0.097353923062726 -0.0827980202897002 -0.306579761003265
-0.215557843208159 0.200181195703472 -0.203632431179181 -0.270097228718526
0.0386661521796304 0.297876778381829 -0.255477784916867 -0.228321149287493
0.278698913498568 0.15687039228073 -0.237059912173404 -0.184492883758875
0.258469536784823 -0.0500679097939728 -0.16848426825299 -0.13104418605821
0.166157564327754 -0.147405150451868 -0.048466881968805 -0.146490925923649
-0.0277365677764637 0.0110253010639152 -0.0168212059392225 0.27295898906572
-0.148046949982016 0.0136583021218403 -0.0782925769567424 0.323445250768433
-0.154738543048092 -0.12545883903514 -0.247700383881403 0.171304066666285
-0.0605828939398793 -0.271411223860635 -0.334934077081379 -0.151640692425539
0.142851546983981 -0.252053357056316 -0.153410315593796 -0.355190932194991
0.260497715301604 -0.182546507568554 0.00417119547238735 -0.276110127514842
0.266691161932297 -0.189873391986031 0.102042004267263 -0.193192658005301
0.129900596322911 -0.221581042978594 0.104367731071136 -0.211219485662919
-0.0975630126853908 -0.156440450709648 -0.0940849955667893 -0.29348695100135
-0.243402138060671 0.0844531999528052 -0.352283296026266 -0.149496593917675
-0.127252699829444 0.34393314838696 -0.324748597355418 0.0793966598277027
0.147710263048184 0.326512559666587 -0.198285520450693 0.0570917557386326
0.34025002291124 0.13390127425215 -0.209740746158762 -0.00850953711805178
0.284306022473044 -0.0855895728209738 -0.253545284414955 0.0283746260577084
0.175284442620628 -0.149268729894462 -0.14167308607622 -0.0280876171538527
-0.0315691745583974 0.015945394801675 0.0201670301180098 0.248267602301333
-0.124738313004837 -0.0090514603209733 -0.109633076205546 0.252584828392506
-0.0838057127168622 -0.115311596357907 -0.236754990495636 -0.0495270555960035
0.0118836111739181 -0.174548736528691 -0.11736585863809 -0.411669302331027
0.132779663433532 -0.111243085535957 0.16541653606682 -0.495692094751179
0.19099462177935 -0.051303088190463 0.251333647104354 -0.336228347213356
0.194510018057952 -0.0851864080085848 0.252440738318843 -0.231539374338879
0.0802287651087725 -0.128873645154113 0.153150716657303 -0.278788157217822
-0.0860545215066415 -0.0632866486732176 -0.234345540089135 -0.282039964632479
-0.141444898998702 0.125541464284344 -0.473592772861543 0.0803496350046223
-0.0214443381941612 0.238180132790075 -0.216934945919632 0.349643744513617
0.122884890456 0.171315398843952 0.00811017384028109 0.17701444389318
0.212582355741412 0.0588833353921944 -0.0989750705930821 0.043176062051567
0.165371878075892 -0.070334334365336 -0.27957096748274 0.122952052043815
0.109504824234881 -0.091049957531637 -0.211090276739122 0.0687630950028893
-0.00893647174755885 0.00272748761811293 0.234377475357944 -0.105552750638532
-0.00810866482565674 0.00911653486346973 0.28633464187754 -0.152032599189953
-0.00708908701675475 0.00395284751792305 0.0524357764355158 -0.031326196278002
-0.0095165888206399 -0.00994416125961805 -0.114788323406082 -0.161046804338987
0.000230438381961607 -0.0452337146438649 0.120531017111798 -0.433013584647339
-0.00137275467119405 -0.0270268155813895 0.497247041859943 -0.202479912190123
-0.00635336923607718 0.00592852337099538 0.299695055208218 0.262919886952569
-0.0249537157628716 0.00777970341596916 -0.158329362471109 0.32272973933762
-0.0389112183155541 -0.00156111429115775 -0.339132459859223 0.240550005038111
-0.041174076594399 0.0039381995077374 -0.369345958526764 0.332141717692011
-0.0100772591095981 0.00145083181805003 -0.323573498644727 0.501701568026224
0.0130388697412658 0.0258470160349013 -0.0233968534381178 0.490150328769815
0.0194833836917656 0.00271873611725999 0.2314170103506 0.134437608818824
0.0211498703525448 -0.00747381799715044 0.0954149490982964 -0.23839841180142
-0.00704288117482886 0.0107894232183212 -0.0598049236786274 -0.252565515630693
0.101605924032479 -0.0945983690838982 0.208721426632441 -0.0741134074044005
0.169959389078853 -0.0577461058220824 0.27697950949521 -0.136934047377065
0.199981143987598 0.0529843235142073 0.0813048464702467 -0.0508649570282251
0.111459048830248 0.163218279023729 -0.0559803155894823 -0.156453500408073
-0.0313404108516824 0.157358195874323 0.153801502506379 -0.39526791345919
-0.138275060015235 0.0667611765226828 0.466386643863217 -0.15915401411699
-0.0961276438688194 -0.0594362868439552 0.260323320826258 0.273776975639243
0.0447448116587887 -0.116949681172389 -0.153981851052369 0.309481696886674
0.129101689895342 -0.0862567382400627 -0.314289145161663 0.232624446337182
0.143239414155171 -0.0566331281066013 -0.325814161408562 0.316423336391329
0.119234249605473 -0.105899710059209 -0.248310938059739 0.498349080461213
0.0367570731943631 -0.129292396686511 0.055355376922078 0.477495160596008
-0.0573840380852271 -0.111897294996184 0.26082321533816 0.10466555400544
-0.0962005252284001 -0.0188326272533744 0.116158913073686 -0.259680707336999
-0.0541072534434044 0.0259830556936279 -0.0400509732490945 -0.255941419950295
0.166980348774819 -0.159272282995245 0.14660250030075 0.0197969135803123
0.280448154803856 -0.111428997967098 0.259388761052518 -0.0612702642414336
0.343047208881503 0.0701551814707431 0.185403125236171 -0.0510637849668786
0.196899576389382 0.289844769076446 0.13985865027719 -0.112257290442465
-0.0802007609577087 0.296090393365034 0.279493886840243 -0.21254029112688
-0.236747486678519 0.083842962476854 0.37913937217054 0.0289378814881165
-0.130503366325032 -0.148706468617535 0.141148059993462 0.287046954004639
0.102956826631652 -0.221599282399864 -0.123874461980826 0.246359965555885
0.243932404493564 -0.17818080544971 -0.183598545189695 0.191737087599089
0.275304795632933 -0.163567389609447 -0.113875722225102 0.281811075030517
0.198845432823321 -0.246391492353445 0.0472660064869235 0.430173753967107
0.0106281554290175 -0.279379019964993 0.298772623313971 0.311326556357579
-0.139420976630303 -0.175759792426062 0.320013773247923 -0.0653740102544619
-0.161724891249351 -0.0105453578827002 0.126559451097224 -0.314733436757573
-0.0642445248338683 0.0146893347493325 0.00428509192455129 -0.270785397513121
0.166014663095697 -0.159187215342373 0.0723104389054552 0.142188250354441
0.266549832682201 -0.107325180379135 0.219884935348271 0.0923401406108185
0.31972482244722 0.0686242417121514 0.279724649980802 0.0691935948707879
0.148585848929738 0.286780714454011 0.301376261126694 0.0814871336133386
-0.151294192563211 0.24266358276531 0.298976546652701 0.10599195170752
-0.241875118641834 -0.0384280255081915 0.176653916567405 0.233109706028024
-0.0730596715277283 -0.249627381244732 -0.00177787834373057 0.243345831444968
0.141393904455229 -0.286117829140745 -0.0741344591239266 0.144096139476199
0.243845952968605 -0.26899743903247 -0.0138203897055983 0.0864291390964032
0.234752064790052 -0.289169704007646 0.136026203127211 0.0913123087375962
0.0945837147823445 -0.323073858741756 0.296968942152693 0.075348324396028
-0.0847423622041599 -0.264255123489318 0.358960227420552 -0.0982081329273141
-0.138585764163846 -0.105989459761503 0.220858053073263 -0.296527521025994
-0.0979693939692314 0.00939146250419334 0.0797827452493388 -0.348615481853961
-0.0123245242859661 -0.0308137007563932 0.0375314911052169 -0.278696540863198
0.107683856374696 -0.103094370497665 0.007053677331367 0.241420256752713
0.124690017262057 -0.0431937708484979 0.137813795600528 0.271087015103066
0.114260904917269 0.041524948909469 0.204032407207594 0.287707581161161
-0.0316296543538844 0.0902890203544089 0.150694251867177 0.326298749675044
-0.153022261986273 -0.0307454025051008 0.0369944531098667 0.291414360027942
-0.0923002894401119 -0.229872715304778 -0.0812914736815931 0.233110023104595
0.0636891784093776 -0.312547763834367 -0.0844569206693113 0.10895938859478
0.158060154363058 -0.309114217006691 -0.0168373824584685 0.0150951349027646
0.131716607970401 -0.309310275809949 0.0822001817692542 -0.0798794436183706
0.00524405178737562 -0.28086472492045 0.159570003627281 -0.198380516527526
-0.132362241384454 -0.130565280319595 0.14481080988696 -0.312404324143582
-0.0969307278311951 0.0176087670926282 0.0325632698942441 -0.379056316438594
0.0488966639633941 0.056876313350549 -0.0522760295890856 -0.35413228020605
0.0886970513207858 -0.00512141387884187 -0.038038005240056 -0.286447913043956
0.0826244221000243 -0.0965195197428093 0.0216891356315242 -0.242354275968501
0.0247904515510159 -0.0308685431869401 -0.0223013863589081 0.283773094726614
-0.0542058144436388 0.0139836483272665 0.021882087802006 0.360602446418173
-0.106134850956764 -0.0421817916676705 -0.054489353011262 0.360656351907753
-0.134611814497825 -0.177166710875582 -0.22909385269129 0.25003949626422
-0.007346053032397 -0.273834690864248 -0.257200794797161 0.0520574516706322
0.141189737929428 -0.297472347499789 -0.176234539420046 -0.0227244212423215
0.208566557842473 -0.294817475400345 -0.0451519181532137 -0.069581595896445
0.153480809399211 -0.291191089654001 0.0426613987171457 -0.114024773361356
-0.0177198633308455 -0.263601089722778 0.0370205642723846 -0.232379286581454
-0.214447297470585 -0.0981036485914579 -0.0926030735927561 -0.305930301572573
-0.217964546413585 0.209409054467076 -0.212769240655476 -0.264003718076967
0.0443277427607997 0.304936319170063 -0.262610706725361 -0.219137261223407
0.287234062607258 0.155393576396963 -0.242686335060766 -0.180454731961619
0.260487022844658 -0.0574032485479012 -0.173013750610252 -0.126570111365177
0.161699184881373 -0.151087901116954 -0.0501248019355093 -0.146490495119441
-0.0307854567990931 0.0124185621308969 -0.00675899118518257 0.274992255782201
-0.152125106226082 0.0149559609009391 -0.0703970575064392 0.330802378622755
-0.161943382276745 -0.127250529089827 -0.247733386182681 0.180586359948504
-0.0688844152344158 -0.276464409728769 -0.344914364852718 -0.145723974545685
0.139977541545948 -0.261908452575315 -0.16520555358243 -0.360670389187486
0.261179258090951 -0.19243249411359 -0.0016232800739458 -0.280866348926665
0.266554608135185 -0.200683586273787 0.0992280082630385 -0.200024584666075
0.125914034438423 -0.229908982403997 0.100818123065263 -0.219995195704297
-0.104530320017418 -0.160709922161449 -0.106907015006157 -0.297465318829828
-0.250511129225889 0.0887646851745347 -0.363481825701363 -0.13850411942413
-0.124657212237777 0.354296626553913 -0.324014759744167 0.0945186717011196
0.155728353736883 0.331706031197869 -0.193251806006771 0.0656254446445634
0.349505357067366 0.133076698675307 -0.209020043256297 -0.00627507454196299
0.287164766709526 -0.0913359588500657 -0.25439946761147 0.0355418668225589
0.172534294594694 -0.154225142855209 -0.141217960181377 -0.0244605366885833
-0.0329224604612183 0.0160935565959668 0.0309994668085223 0.250406174296202
-0.126633761920896 -0.00777397270365212 -0.103203331480234 0.261758547678593
-0.0876799052151068 -0.116646438199816 -0.244622121532434 -0.0445123311014421
0.00845764466904834 -0.178419534901691 -0.132760533748996 -0.415498426283232
0.133350815366618 -0.117231375440138 0.156011067908634 -0.512151047956143
0.194009204739387 -0.0562955122382982 0.249381487573087 -0.346760333515102
0.196346007454583 -0.0920641555353302 0.252303545007456 -0.242027883897378
0.077769908186817 -0.134792527960383 0.147911912441668 -0.291794778529604
-0.0912329272749435 -0.0649174731409972 -0.249357012395945 -0.282559367433425
-0.145278932545967 0.13074755227536 -0.48129532532574 0.0970909257294824
-0.0181315726349712 0.244593679206081 -0.20744928714017 0.365470556726816
0.127980604506596 0.173133525411575 0.0188418966764432 0.179151693942509
0.217502011338246 0.0575208323323204 -0.0958678343383178 0.0405547106419339
0.166624011624702 -0.0744635126795376 -0.278717364652694 0.128939144682217
0.109061122106234 -0.0937803996061971 -0.209543436560885 0.0747286446376367
-0.00941902870318189 0.00293717110078687 0.230757830433995 -0.117548881457452
-0.00761928558145227 0.00967517139484387 0.281629666381391 -0.162945026170446
-0.00610804478191216 0.00444053255910121 0.0508506544677286 -0.0272680707682817
-0.0107440894523268 -0.0089861360954326 -0.128320493515318 -0.154059347911487
-0.00187750363749209 -0.0457092957544177 0.0955646221090906 -0.448789567131323
-0.00161855671508137 -0.0260812890897593 0.494558030344049 -0.23447418660201
-0.0050928777451842 0.00655743268383781 0.320859809419889 0.254665818733828
-0.0242203694716603 0.00977204768985187 -0.14540080429877 0.337946655747733
-0.0402634256733253 0.000908122906827912 -0.334929561972651 0.258977873278975
-0.0409509722532355 0.00659955782297261 -0.362057693630819 0.351172614013326
-0.0108421951409471 0.0021347541126799 -0.302417901736744 0.523289147938747
0.0146816196077045 0.025625808111532 0.00324461170071452 0.49850029701018
0.0197394392292005 0.00106770640967519 0.242995050784473 0.124318383043094
0.0204245369992739 -0.0086581344454647 0.0860580894369326 -0.247018220754288
-0.00571438898621966 0.0113315271396962 -0.0784305979330528 -0.251383002010625
0.0975039688997183 -0.100504416392007 0.204405926673947 -0.0847532837074711
0.169932558710212 -0.0642487780939785 0.274459554030255 -0.149236107673156
0.206319194514222 0.0462470845734978 0.0783686280342897 -0.0489540439075672
0.119968176212688 0.163125410881896 -0.069351965726081 -0.152493926292184
-0.027955831944719 0.163245891564871 0.132986359750625 -0.41147268210183
-0.140269564135589 0.0752147844908635 0.467712253278442 -0.188483978475382
-0.101851186391843 -0.0571454729958447 0.281941555150452 0.265538870222236
0.0396521747456698 -0.122739048194858 -0.140933168590649 0.323279939870617
0.126416015873106 -0.092897192337079 -0.308246475550776 0.250657951657965
0.143437679809336 -0.0643394809552862 -0.320454309620365 0.332795836879901
0.115622082164652 -0.112064233739113 -0.230889941056414 0.518667543317649
0.0313495548009726 -0.132052525412099 0.0821479254144657 0.481289432755042
-0.0631896956043045 -0.112010363156462 0.272830930293928 0.093026128734929
-0.100156049778022 -0.0164794421804716 0.104633104520588 -0.268990306659074
-0.0546564588117298 0.0282030927725174 -0.056418755833203 -0.255798820434077
0.15838871141424 -0.167524728476354 0.145729520928627 0.0128704547457863
0.279135747150536 -0.124084813201596 0.257711666967381 -0.0735643672476351
0.350937910870398 0.0591107870346432 0.181279855081389 -0.056081661265791
0.211759885157448 0.28916353397864 0.129857950806224 -0.118896005220668
-0.0715509631546413 0.308993636089112 0.268048250888587 -0.234242206616701
-0.242573745506152 0.0965831635417681 0.387589823789412 0.006298490494283
-0.14151829115517 -0.14744190510998 0.161365775587483 0.285549138373743
0.0943409501331479 -0.231024470766221 -0.112635994993145 0.258163456104367
0.237705353008703 -0.191936403223961 -0.178340526468556 0.20400538481046
0.273217658113962 -0.178322131889156 -0.107261043284332 0.289120543221185
0.190383594705909 -0.259499478835572 0.0649197555619917 0.433951133406834
-0.00102788311366503 -0.283544673507322 0.319643237284877 0.30322525813379
-0.149154401757274 -0.174338326085025 0.323411819764178 -0.0798736276475225
-0.165283967491252 -0.00586930282584175 0.110822742063667 -0.325284741436235
-0.0668642184063588 0.0171774028362238 -0.00967761537868427 -0.273078457900734
0.156881110057332 -0.167324166697992 0.0771937316020492 0.138799115218095
0.263820169983542 -0.120709889976668 0.224204994083984 0.0816759889043234
0.326397972906976 0.0589660445608734 0.282716340710265 0.0564328669256489
0.161711799089073 0.288213742034758 0.302682066576518 0.0663264393826169
-0.147128757675781 0.25611742456577 0.304966951117388 0.0883120100916268
-0.253782372168734 -0.0283126953110947 0.191990411316355 0.222695406360216
-0.0892167924243355 -0.253473025024056 0.0120957678875719 0.246861681068571
0.128184233606287 -0.299300451735422 -0.0675160736773901 0.151831740302181
0.233863586912566 -0.284295371391538 -0.0104159126015887 0.0901907484015254
0.225970295717631 -0.303842014252493 0.139041532948838 0.0875260542950487
0.0816222498818049 -0.332908496457709 0.302028092355772 0.0645130666283439
-0.0980138185926677 -0.265580713633093 0.360042757117293 -0.113534627318034
-0.146485631212324 -0.104536934649863 0.211024593883937 -0.309407838812808
-0.101081629222131 0.0105536488689809 0.0629286577853075 -0.355410850765625
-0.0183368533549454 -0.0287973519002625 0.0252889050731968 -0.281233121234928
0.0986380956223807 -0.106593668118412 0.0170473950800475 0.241203577372182
0.120020422803337 -0.0508711662977416 0.150149806546824 0.263656163463896
0.114701603834372 0.0367745191744435 0.219127329669237 0.278821869019376
-0.0292093297064326 0.0935702496521153 0.166429981801702 0.320082991363091
-0.159762441688621 -0.0236633229256732 0.0492568062799826 0.289455924541368
-0.107762159969167 -0.229326004357635 -0.071094185735847 0.236012949731017
0.049184521878389 -0.323756478968302 -0.0804845608583876 0.112902743661535
0.144653052119366 -0.323168308609233 -0.0153061744954186 0.0164930825662454
0.118537827838204 -0.321629375253775 0.0797287663515473 -0.0833151191862904
-0.00983664618981975 -0.288457634385766 0.151740888461906 -0.204559982765524
-0.142147677320429 -0.127655594671774 0.131298068032799 -0.319435726290734
-0.0999266816792067 0.0215275315351157 0.0169024060031128 -0.379556686668629
0.0499575873363312 0.054666602537753 -0.0686914267859112 -0.353903245452289
0.0861899144670173 -0.0113671452602042 -0.0525000082468134 -0.285426430412114
0.0739639151884835 -0.0992460639007478 0.0128009928987556 -0.244195990241686
0.01807942604043 -0.0305511204204296 -0.00837335457829205 0.286121184365297
-0.0587331608482836 0.0145294682664411 0.0397039626315484 0.361409082993587
-0.112229278662974 -0.0402088770073829 -0.0375490343428768 0.365855708218823
-0.144691530553876 -0.175872287573589 -0.220211569554674 0.262250177417695
-0.0189462467008394 -0.278249495631484 -0.256701197914036 0.0612815267921439
0.1293572540668 -0.310228936529824 -0.178736883980276 -0.0173033301827904
0.197846374407346 -0.310129574467649 -0.0494103894346327 -0.0698047887282712
0.140861353294212 -0.304630998335996 0.0375895016977177 -0.118734865625805
-0.0308111815649731 -0.269804531161461 0.0251557429097485 -0.236906732315522
-0.227656986726253 -0.0937742203643398 -0.106996765783662 -0.30127836743333
-0.217156936777473 0.222715816978734 -0.225942102085233 -0.253921292830774
0.0551575860499543 0.310368312058651 -0.272086999538292 -0.204864681834914
0.295893146971416 0.147161325767766 -0.250694982499231 -0.170824307867374
0.259395474429706 -0.070140827842459 -0.178674310749202 -0.118433059825578
0.153155934414917 -0.157650311846919 -0.0538595810621854 -0.145630467517915
-0.034046462569033 0.0145031347115472 0.00875251036756242 0.276906288943267
-0.15552221391601 0.0196712201813364 -0.0546929324913702 0.339289694201237
-0.170338562001139 -0.123780263465159 -0.242707133691969 0.194003466284392
-0.0812806192146074 -0.277495815464674 -0.359045481999967 -0.133723482333568
0.133009631091366 -0.273119949806752 -0.183925227856202 -0.360747823807261
0.257211601421828 -0.206864750791745 -0.012746672590366 -0.284841745105225
0.261449859634418 -0.216951875831736 0.0909254888213081 -0.207227200622884
0.117100974763886 -0.241069431386443 0.0912499079900571 -0.231554522764851
-0.115223737095313 -0.163743837165957 -0.125256054115855 -0.297470573003834
-0.256739891071535 0.098474366743663 -0.374500513611162 -0.120153995203289
-0.115938812100603 0.367322237024088 -0.319565418442714 0.115806779823118
0.170681845943792 0.333117035125109 -0.186707943649388 0.0770554601190414
0.360857849912502 0.122952314149899 -0.208515602897381 0.000362015788484702
0.28681534934135 -0.105845867724103 -0.252571594929086 0.0471006886961255
0.166579486260223 -0.160982332047747 -0.141072761712662 -0.019599689976305
-0.0333782201388661 0.017115419519729 0.0466220906227838 0.250230789810065
-0.130094202598201 -0.00266570150535854 -0.0913870353421093 0.271427894959375
-0.0945372099764068 -0.115626380801098 -0.252573579245577 -0.0334524072556946
0.000544689455387238 -0.182114369940093 -0.155504382927562 -0.415159560958467
0.129233430326203 -0.124575314356095 0.131300784845542 -0.528589000180729
0.194455780520132 -0.0654122180440846 0.239551047032389 -0.36276999583939
0.1941897177894 -0.102381465678655 0.245307530207762 -0.257235503573347
0.0723947635423516 -0.140768668718418 0.135277303483785 -0.307266467928987
-0.0981060760872797 -0.0649795040383415 -0.27141712118615 -0.276536603591412
-0.144774685605459 0.138069363005927 -0.484658173262199 0.124225326568882
-0.0102606031478139 0.250754488033689 -0.188246840866193 0.383965867789554
0.136077109091947 0.172723097347161 0.0333729576556841 0.179157961338798
0.223203390995249 0.0510041521359126 -0.0925827096046697 0.0394682430574535
0.166428442293205 -0.0829794400068239 -0.275863229553977 0.140282205820581
0.106589353148305 -0.0988120297035245 -0.206928738372222 0.0842290627935479
-0.00852656428625144 0.00300086611414195 0.220534984035967 -0.128748270604589
-0.0068162480188816 0.00974206160663891 0.270966100432892 -0.174254192761576
-0.00527727465415633 0.00403816545476233 0.0491366991484912 -0.0226147536950851
-0.0109302026288934 -0.00961851825759784 -0.140839289839866 -0.143159305919559
-0.00495368905911555 -0.046463830820469 0.0651864520753958 -0.454827204580615
-0.00273270837680084 -0.0255289679983688 0.480528126561088 -0.266660443889853
-0.00383857474887925 0.00694615014654687 0.338479113391786 0.237270947267765
-0.0230775893879507 0.0111005469022364 -0.125466644353961 0.347297195191005
-0.0396988444404698 0.00274347685761216 -0.321055931074958 0.275570774421903
-0.0403188030523268 0.00834020152140479 -0.34512333735469 0.367098672363493
-0.0111067650401412 0.00324517917835711 -0.274614183805471 0.538021945149699
0.0160369334247581 0.0247897243566454 0.0310362333996937 0.497271485793787
0.0193103088738649 -0.000373085080398491 0.250931718161902 0.107617285070138
0.0191104454538702 -0.00948354003618734 0.072657497451426 -0.250708289165468
-0.00418644681143909 0.0106423757485056 -0.0961408727695183 -0.245420617728391
0.0908253565352239 -0.104526744658672 0.195592157476481 -0.0947030841421806
0.165930294805267 -0.0727985895842648 0.262456341295292 -0.160290352084612
0.209973052256156 0.0363832868925516 0.0737125116265403 -0.0454196274297551
0.128276057956845 0.158245237157506 -0.0823915089685054 -0.143958087699011
-0.0213430273540416 0.166668611146681 0.102950924702226 -0.421539199832296
-0.138096472012869 0.0838281493944583 0.45654110171534 -0.221867810610197
-0.105545051477095 -0.0530508025324513 0.299700284403628 0.251717399965766
0.0328552574045916 -0.125636340532543 -0.120677967015085 0.332777119484655
0.120631208296566 -0.0982711506930051 -0.294735017667971 0.265812212952231
0.140615217833946 -0.071383241982539 -0.305604878526821 0.347716824032158
0.1081112941582 -0.117988401893827 -0.200682213643586 0.52784500100718
0.024736457779556 -0.133045559403531 0.110335020150931 0.47453158601535
-0.0692230915455581 -0.110107197439515 0.279202442802372 0.0754275646512475
-0.101464683852011 -0.0117718045608924 0.0876640963473704 -0.274248564531735
-0.0533062159814129 0.0305057245231718 -0.0719522168997136 -0.250184311306569
0.145808615910659 -0.173230461406666 0.1433715601157 0.00503901040606358
0.271256694468374 -0.138007137233472 0.248971488028387 -0.0864487352216181
0.354062863894636 0.042722924111766 0.173726764423357 -0.0613578831917452
0.226538626014646 0.280639590181341 0.116170056976955 -0.123824212250089
-0.0589669284781241 0.315659298134969 0.248262158255238 -0.251675823236175
-0.241204023881947 0.110269780211484 0.387930497878974 -0.0220936078020469
-0.152185003731679 -0.141975971147999 0.180119494277056 0.275543081387309
0.0803849372828132 -0.237500321551342 -0.0965389796436913 0.265233123245917
0.226703314322102 -0.204730007760928 -0.166468824885185 0.214534615921274
0.263026068193531 -0.192453406515155 -0.095824180817668 0.293455484592049
0.176495618109021 -0.269493170757344 0.0856051924953525 0.429924628530667
-0.0145669351561422 -0.283280269350055 0.338079601984854 0.283422371271614
-0.15839268586519 -0.169283862315543 0.319735548104884 -0.0970596929639206
-0.167248632135087 0.00024688502576673 0.0913423756511751 -0.33083689803907
-0.0680964112814974 0.0207034127867114 -0.0275174134160244 -0.269143176982286
0.142123733142948 -0.171975956221357 0.0807369079095656 0.132427573186113
0.252035960578898 -0.135453212533853 0.224569834763483 0.0662586757337861
0.327728936731979 0.0448214072958606 0.2806093764194 0.0402926515402364
0.176070421635769 0.281605027892251 0.30012482986783 0.0477097944896162
-0.137330006964529 0.266917470435328 0.304783874062512 0.0654899553214102
-0.260538790029762 -0.0145402120242139 0.203919578129812 0.206367902660031
-0.106115041448255 -0.251045139725029 0.0281867269646476 0.244184940977772
0.109694469386006 -0.308160277359419 -0.0568281233575348 0.155397586645047
0.218000426812469 -0.298018409533932 -0.00602640487802711 0.0917008937181841
0.209465481102286 -0.316736263880577 0.139638529634222 0.0817532136815622
0.0643238475116507 -0.33906676774239 0.302213852622303 0.0511120607234571
-0.112506234760872 -0.260764370974698 0.35331754292233 -0.128984990455508
-0.152678747458839 -0.100327221692398 0.193591600139207 -0.319056596195306
-0.103782362853108 0.0129101213547576 0.0414238782758294 -0.355871201434442
-0.0234141517615943 -0.0264954122748267 0.0101077136492158 -0.279160278835618
0.0865027589547386 -0.108746803620241 0.028539500818846 0.236541210308743
0.112004618008025 -0.0579067237894451 0.163171004667798 0.249170475811128
0.113761182268955 0.0308396355335425 0.232157723387647 0.261768484343626
-0.0257399179170475 0.0944694684982558 0.181010914899124 0.305546744660581
-0.163805378314691 -0.0133675348045066 0.0650117332315103 0.281714722209808
-0.122691467120893 -0.223590120002006 -0.0580429518806138 0.23525900136521
0.0296150015071467 -0.328782936054945 -0.0728723440164189 0.116078015778175
0.124864242899444 -0.332592222169226 -0.0135279093292407 0.0178694756436386
0.0997538652607482 -0.330090928814174 0.0737933887917198 -0.0857450533432854
-0.0273341309256237 -0.290559196678354 0.13977571185872 -0.208205274765294
-0.149658618322135 -0.120905674286868 0.112732386318157 -0.321375487599762
-0.100256245677323 0.0266133171285557 -0.00219843638032306 -0.373117186767051
0.0498929740683452 0.0507111919718534 -0.0867397164825295 -0.345352804786871
0.0818300018545141 -0.0177113422670229 -0.0671122731163751 -0.277978333576796
0.0640679807464318 -0.100764723254545 0.000771379431370813 -0.242111510249416
0.0119981127214057 -0.0294078517886347 0.00760569300422471 0.281922279877128
-0.0623155275644201 0.0157225057667588 0.0595519148694592 0.354545407995664
-0.116623265064215 -0.036325781793793 -0.015395602129668 0.364445946529838
-0.154764751252246 -0.168813838249987 -0.204473940221067 0.270219614119824
-0.0340654885200931 -0.279151379465559 -0.251981408696098 0.072100324094498
0.111227337251296 -0.315912460086466 -0.178808830890226 -0.00916354627618249
0.179238569674442 -0.322297355617405 -0.0532817029002988 -0.0688147071322377
0.123305598616418 -0.313623271908942 0.0314085518440243 -0.121203333517187
-0.0465905972171479 -0.271723594564478 0.0117550275630017 -0.238008527092946
-0.237747002402247 -0.0843598795145708 -0.121279952866614 -0.290733822712818
-0.208155794314853 0.234898698124372 -0.236439735637678 -0.23437619524905
0.0687622193168324 0.309078651664794 -0.277591771201408 -0.184169117468456
0.30104798924887 0.13299681894531 -0.256100534744219 -0.154392513275806
0.252345331881766 -0.0838391755073423 -0.182529121472714 -0.105612646353872
0.141133770054613 -0.161980646664445 -0.0595054288443459 -0.142251104945776
-0.0365847358397816 0.0160437395549689 0.0265876490839066 0.272742230750838
-0.156411171487586 0.0260633061667959 -0.0326063272479846 0.340213146132115
-0.178342137243349 -0.116080996238004 -0.229929683014307 0.20582837316424
-0.0951469541804962 -0.273581034584458 -0.365821256210463 -0.113278748187768
0.118597691896415 -0.281092678133096 -0.204046502245018 -0.351025554629174
0.246176940368508 -0.220707407848849 -0.0262858626252677 -0.283004435973117
0.248009324611372 -0.231302916048469 0.07884121205982 -0.213250308977363
0.102399974666412 -0.247985856806848 0.0772502311168956 -0.23730351335676
-0.126438930574124 -0.160793915067263 -0.143870674316449 -0.290838644825282
-0.257090813269672 0.111152598429024 -0.378562032328858 -0.0959832545640452
-0.099617988586154 0.374847021880905 -0.308355297740023 0.136699702701351
0.185709870778729 0.328113565334373 -0.175987796027598 0.0884314618630987
0.366100197919237 0.106272132645181 -0.203910010231004 0.00846771092291822
0.279473281877326 -0.11992912117337 -0.246757515031945 0.0598249824310557
0.155626817594444 -0.167584962104342 -0.139015437369029 -0.0122425678268264
-0.0340316236213295 0.0179417856794698 0.0637667226752396 0.244158740528408
-0.130173387751937 0.00344034934985283 -0.0740062547874127 0.275908704957589
-0.100585326288215 -0.110652952507756 -0.256566589482188 -0.0174913882363116
-0.010061292757246 -0.181188275233091 -0.180837098060229 -0.406027899391946
0.123278086879144 -0.132272682989621 0.100174631349169 -0.534136099371991
0.191058478663128 -0.0750147992713939 0.22153077275006 -0.373480162540398
0.187201836213648 -0.112661805135511 0.230394555649637 -0.269869066022978
0.0645052633503094 -0.146172662391606 0.11563086166044 -0.317797775452589
-0.103655390818503 -0.0621425436690315 -0.288508685358486 -0.262475582267517
-0.140870393117045 0.145665444162986 -0.478686903257452 0.15403525026914
0.000181495980932525 0.253370253512449 -0.161716909379455 0.395956741488362
0.144738068537164 0.168007361690345 0.0496466429383483 0.174875528811982
0.226091566604452 0.0419093269058466 -0.0874601176551742 0.0378083209003507
0.16177665486101 -0.0905881275624931 -0.264860331806722 0.152049819762109
0.100534248931196 -0.103204050341144 -0.198802009204069 0.0947674773236134
-0.00768693953731576 0.00588823235665311 0.178968267781472 -0.174809240276097
-0.00549764428992089 0.012465002465397 0.219750570368779 -0.225851258546931
-0.0039870366644416 0.00395210651177078 0.0438139835526926 -0.026417563586658
-0.0135693476676998 -0.00645013111362618 -0.171731525519434 -0.0998556328474462
-0.016248372324245 -0.0427881734263682 -0.0471686944251133 -0.449818876270667
-0.00531489702074054 -0.0233716087731778 0.399854503776165 -0.366388049971861
-0.000272942580583375 0.00719555808950871 0.381042478615797 0.152414284559292
-0.0198370772002887 0.015761143463726 -0.0407816889888402 0.3636679220577
-0.0368016338701483 0.0130587932289399 -0.24609499439344 0.33555923265912
-0.0360102447724919 0.0175828989604901 -0.247934249692589 0.426388260251558
-0.0105425972183452 0.0063226393277263 -0.138829759380855 0.57547675607201
0.0189623848911686 0.0212762199758828 0.146296719756279 0.464872474125839
0.0182350613504996 -0.00359950511418341 0.264872339361669 0.0431686237840439
0.0162406519516588 -0.0128990398092144 0.0113584909315199 -0.256039724622126
0.00056196602761362 0.00968831981943049 -0.150667194730323 -0.210529421703425
0.060931853565329 -0.119033914891547 0.163750843381617 -0.136143136680859
0.143028737799787 -0.106853128171342 0.215366947039337 -0.213675052375676
0.212047284794409 -0.0115111355326496 0.0617911387528213 -0.0540423226654335
0.159160843030197 0.125978818189522 -0.114600510814931 -0.11379828233662
0.0133397383218172 0.167909121812969 -0.00464912355788051 -0.424137964063946
-0.115875622496181 0.111561839691027 0.38748560354707 -0.317036710343878
-0.114173234737728 -0.0302771588463779 0.34799664546455 0.173375298890661
0.00334658930580013 -0.128760233446836 -0.0387393430738669 0.346925836424976
0.0922156181138128 -0.120077103711874 -0.220251020272356 0.319257929049765
0.11870606087323 -0.0981269854354732 -0.214453481608885 0.400344723001605
0.075304054380554 -0.134324827546523 -0.0720504252707493 0.547971019831515
-0.00669574719919013 -0.130352429755991 0.214668355621077 0.423611222019659
-0.0903079098748505 -0.0881000608908544 0.283953729838505 0.00503168670082125
-0.0995349648250305 0.0110894890627439 0.0196242043736913 -0.282388696450344
-0.0433505273827711 0.0383809117972952 -0.129216771797537 -0.220197894560098
0.0984460437721505 -0.197778946783948 0.13600320779582 -0.029856725621686
0.227875576958417 -0.193741314417569 0.219427092128026 -0.142007958176637
0.352526464209868 -0.0365435844943838 0.152847736177136 -0.0949280758040227
0.282964109954937 0.222605748748914 0.0787588149549013 -0.141013262377873
0.0089448605411866 0.321596241314404 0.172776441571955 -0.299159956383821
-0.213745718481809 0.160052931135032 0.365061738694085 -0.112039880781703
-0.180493811427286 -0.105837291187999 0.238279876230087 0.222595389210271
0.0235832581881913 -0.247449497135782 -0.0297522999238959 0.277867456523191
0.170445552833796 -0.245261010784995 -0.109199883397016 0.241725486321121
0.209028406919836 -0.242026159504026 -0.0268530789368416 0.301649961428293
0.105435174184188 -0.294894150815105 0.179147397434279 0.388428686834442
-0.0780350981412779 -0.26488014466365 0.38619545473507 0.191541404823152
-0.188631799693195 -0.125949148925552 0.282846098316973 -0.168530152413162
-0.160040436987889 0.0362505168903755 0.00826083464181611 -0.334866037545247
-0.0607245664612839 0.0342459857834154 -0.088135042409214 -0.249083816505223
0.0932824364397725 -0.194650308787939 0.106327962473795 0.10655705157238
0.207272918031596 -0.185845880808149 0.228372248211056 0.00741527698839961
0.32442834227586 -0.0299850263487815 0.275678453302561 -0.0252027491237558
0.232101105472284 0.233604394602987 0.294381466842322 -0.0236213998151583
-0.0763443420410826 0.291071431095407 0.301631993394523 -0.00955657222434029
-0.259524118510808 0.0422915259297363 0.239999479597196 0.146783966500934
-0.160539229666825 -0.22176027513914 0.0838531710418446 0.225912455308241
0.0367454201328832 -0.322530031088638 -0.0170586445023393 0.162314484184922
0.14164643010976 -0.334949650811368 0.0167685591190141 0.0896183311375821
0.128395787033595 -0.350358863803763 0.149574325827564 0.048510288803532
-0.0149701231082584 -0.335925233659625 0.297813064986156 -0.0187539274852896
-0.164052969985076 -0.223230927239603 0.307777152617914 -0.201848789983803
-0.168077215326418 -0.0631085046209692 0.111992726890206 -0.345254914871257
-0.0984091490369409 0.0336162984497807 -0.0429282848750163 -0.345114755430845
-0.0304952131430959 -0.0191185732439451 -0.0537027647621582 -0.268778721986211
0.0536163338320334 -0.12131639864497 0.0808955095398475 0.218061790756251
0.0882624640312827 -0.0816558689421143 0.213798333499206 0.197758830446264
0.114554209620529 0.00399396836515786 0.281437774012566 0.195190755518699
-0.00461631468230812 0.0962538475542863 0.241635700699716 0.248536529668252
-0.162339195429596 0.0245550796855001 0.123242738639659 0.250035750884277
-0.170108868839849 -0.189620284496084 -0.00304912416414556 0.233714368329314
-0.0467062954189674 -0.325732727968112 -0.0426256574484269 0.125259570187289
0.0446691093830197 -0.350457019536428 -0.00712524955330457 0.019952555572165
0.0209410708104682 -0.34089447692629 0.051609624823511 -0.0976312501183505
-0.0944115136777151 -0.272625544741701 0.086062408715398 -0.227744939965195
-0.171370221552022 -0.0817536441605124 0.034829333704767 -0.326571150330869
-0.0906631704740785 0.0475967259040523 -0.0837293728442733 -0.348182025271955
0.0573535505637103 0.034786288868605 -0.15856446744017 -0.306625934640362
0.0701500465619192 -0.0363002609837184 -0.125000452680408 -0.246900061817916
0.0355520166695263 -0.106702953255071 -0.051906854870575 -0.231230411717372
0.000723571361041785 -0.0289295379842756 0.0726684614333202 0.266819516085277
-0.061238088837034 0.02857751197008 0.139420876848924 0.322817586013251
-0.123154491102186 -0.0101370712087525 0.0685696742617693 0.349314991470072
-0.188084504140495 -0.129399803050622 -0.135575910643056 0.303298724198436
-0.094379982218861 -0.261452803583237 -0.223632926763493 0.1224726300183
0.0391575902984147 -0.33002441879415 -0.171520196731938 0.0293851960555643
0.100983397271853 -0.350291640320445 -0.0662430277496401 -0.0540732276976077
0.0480457843727015 -0.329571747253506 0.00387197482853778 -0.123311294951796
-0.108796294091941 -0.253969499288438 -0.0433979972455244 -0.227149304582885
-0.252716717754718 -0.0293269793319869 -0.180542937750919 -0.246117471641576
-0.149110642005724 0.271755863888119 -0.273844066341495 -0.164853896905488
0.132689405945976 0.281857050083636 -0.300105249355514 -0.107501748051182
0.314518212219583 0.0588301944996435 -0.275049785279095 -0.0863718853836861
0.217840398122677 -0.136781576086521 -0.193144663806963 -0.0582297894654671
0.0954153550249586 -0.181015796143007 -0.0850203004999184 -0.123709917622206
-0.0336328503545227 0.0244899858000076 0.0900881484718147 0.251146518607837
-0.146570613412933 0.0593022361254552 0.0478077788701364 0.333491187548109
-0.198983059565549 -0.0723460341456998 -0.174977012139503 0.248622299158012
-0.153004428362761 -0.241743444210866 -0.377895288688207 -0.0258082844115532
0.0517050087400979 -0.29734806007582 -0.274927261740131 -0.290650675244907
0.190370149324075 -0.266439370121219 -0.0855912886005027 -0.26481045039493
0.187862769957049 -0.277300699969649 0.0269610758111971 -0.221319088762759
0.0430225719125866 -0.261619826029417 0.0197463981205442 -0.247002210111055
-0.16182013208636 -0.128493595441976 -0.204861842229159 -0.242781851103114
-0.227992125145102 0.163737816644155 -0.380912647436135 -0.00220898515597196
-0.0140711896478627 0.383173990737405 -0.257083731250887 0.203942659584007
0.249735575482326 0.274801833225449 -0.140182343820352 0.125484330708295
0.370894781076653 0.0210820374332355 -0.188527510939111 0.0516064381979018
0.238156591706986 -0.177412598078073 -0.217775850036729 0.113204419580033
0.109293053919349 -0.190375423767385 -0.131404731323968 0.0180159720262331
-0.0313769820392873 0.0236716280848792 0.119908933793244 0.215671715256839
-0.124108373658302 0.0312493542212715 -0.00580322081316798 0.283220384825821
-0.123129919898081 -0.0834094343861423 -0.252938343537193 0.043071270257904
-0.050690492561825 -0.170973705365035 -0.269811295590613 -0.346159899964456
0.0882038338638296 -0.15395288161796 -0.027257002919645 -0.532359272272551
0.170174106760262 -0.112925070301404 0.131197561956277 -0.40545760668709
0.156488656810158 -0.149915806501111 0.161470363148571 -0.307328982641238
0.0296145012683928 -0.155735279517288 0.0363202026854281 -0.331444210479802
-0.117856826965189 -0.0378133323510545 -0.337560878781796 -0.18371643522533
-0.10627685466427 0.17139840603596 -0.419111800933337 0.258164244997125
0.0554388100545895 0.242783813381831 -0.0586472755060961 0.414887706271039
0.174306704449766 0.130525305360858 0.0926375868018393 0.151472662231145
0.225390378906363 -0.00939082303735746 -0.0741636622868888 0.0496115829885367
0.132521970629142 -0.122910423286373 -0.217278862139072 0.202578590675026
0.071283129855617 -0.119996728122237 -0.165038890380617 0.133763271747086
-0.00826191937668813 0.00565522443797738 0.167719655975556 -0.174559298131169
-0.00467690013823664 0.0120105458782154 0.211397251598337 -0.223605827666417
-0.00367776182863217 0.00224245612515678 0.0444569963506004 -0.0212566809947451
-0.0143776131742379 -0.00655729850784781 -0.174240402078939 -0.0896461198754915
-0.0175245829307835 -0.0417979681550094 -0.0638296048743928 -0.442292299045251
-0.00451061494160897 -0.023398023577923 0.382168202569025 -0.375790927194714
0.00089535115697713 0.0066709005001397 0.384512413146138 0.139003258777425
-0.0186300896216808 0.0153527721691004 -0.0268212123430542 0.36060191295861
-0.0359873356586969 0.0143643988126082 -0.235142437878509 0.33627418265876
-0.034269272089296 0.0183790357179777 -0.237144137024614 0.42760555455817
-0.0112218421778819 0.00723731544197762 -0.121139052155765 0.571531721773151
0.019375292277164 0.0205565357021336 0.157758625588945 0.453724155644577
0.0171836859375414 -0.00434015401765181 0.262563961299836 0.0327886851515596
0.0150760027493188 -0.0123887519638023 0.00500507754140745 -0.254614241721996
0.000994150197731289 0.00839506213441808 -0.157176595842233 -0.200165304551771
0.0561132947094933 -0.117883239531167 0.154252289339951 -0.1368916169416
0.137932097829989 -0.108323032585744 0.205827949263165 -0.211879958645139
0.20987349221761 -0.0160104301975821 0.061377314566253 -0.0484515122727801
0.16024935531995 0.121947064244296 -0.119163881779028 -0.104028054728491
0.0164542012159056 0.167453438313116 -0.0215100952826941 -0.418803992588493
-0.112754424941025 0.113644645795751 0.370076625274208 -0.3277445381112
-0.115103518794856 -0.0272731780110825 0.353310262116036 0.160316939399551
-0.00061176849478626 -0.127749874705733 -0.0255585556685618 0.344346523678936
0.0895199618180141 -0.119212387903115 -0.211904577194553 0.320914067718086
0.115299052294713 -0.100624024656437 -0.205175662539183 0.401204201870063
0.0705247295923023 -0.1337312974139 -0.0560946508936254 0.543744271289249
-0.00876148452621328 -0.128682310024931 0.224619225437511 0.410404322025253
-0.0920873201027295 -0.0859645324484873 0.281692494527614 -0.0053523332338362
-0.0997936308578952 0.0136038742970332 0.0100719939720644 -0.278055101667774
-0.0426321546154708 0.0390047441122747 -0.135641080732281 -0.211716085477503
0.089737207099904 -0.193967172315499 0.129452877793617 -0.032292201140295
0.218954864566059 -0.195733995718271 0.208367422655701 -0.14397903128635
0.348062075997518 -0.0432421378398432 0.146284902687581 -0.0923329419089186
0.284594259939306 0.215235310526901 0.0685122739522522 -0.137600740854628
0.0165653167233343 0.32110159791788 0.155203956947081 -0.301058652290906
-0.210331406041684 0.165782126096055 0.353229377544876 -0.125705968497682
-0.184870346560004 -0.101686179248054 0.244396478111712 0.211056373448722
0.014315602287558 -0.245884783345269 -0.0197704240965747 0.275636448419731
0.162169632884927 -0.245473670575655 -0.10187421479591 0.243058773710146
0.201123624665436 -0.244676641720963 -0.0225590731442617 0.300089775400089
0.0971022869469975 -0.294887406044547 0.18546004960829 0.380474024590472
-0.0823918979548098 -0.260011230989667 0.388595872275393 0.17811849154682
-0.190595941567237 -0.121788085311989 0.276676763168401 -0.174425617877391
-0.160030257734349 0.0384595125682046 -0.00298931834087103 -0.327828432307544
-0.0612399309993069 0.0355908589954258 -0.0941526877818821 -0.241118291082724
0.0844776496786074 -0.189676698721383 0.1038961365711 0.10116415382721
0.196252060309511 -0.18681437031564 0.221430146340734 0.000116734967671335
0.319398417463915 -0.0345749500004431 0.268089812397519 -0.03088024513632
0.234908411416214 0.227092693933192 0.283807143110684 -0.0309564249446796
-0.0703062440504449 0.294248359062549 0.290974971941698 -0.0211902229184485
-0.259133616972515 0.0509793195236707 0.239289760134673 0.134095735839876
-0.169164179047568 -0.217269956267264 0.0914982442874757 0.219983622941547
0.0253368859919227 -0.32111797443369 -0.00988470917122163 0.161867436483922
0.130489865511529 -0.334157647306572 0.0182037980701292 0.0894349480690608
0.118018381458336 -0.350629717786178 0.147278721846849 0.0451520904464716
-0.023941450620824 -0.333423937582116 0.291611557285091 -0.022321291905228
-0.167902713903653 -0.217633827347629 0.299301525380346 -0.205096261412238
-0.169710877266659 -0.0605884011129086 0.102542002266076 -0.342415515272952
-0.0999249521480955 0.0343710253084044 -0.0528550054756138 -0.3353470632286
-0.0349305446936213 -0.0162635857512528 -0.0588484183202912 -0.260616712181403
0.0461787092434343 -0.116739477255681 0.0838398264621703 0.210693911248874
0.0795969512213581 -0.0808683049864272 0.212027473926115 0.184695263495543
0.110109893795276 0.00188285804693586 0.280157928688678 0.182422195737656
-0.00413390805348764 0.0950551851789754 0.241893994967637 0.234332677476961
-0.161136494152457 0.0285570599672165 0.126642010186214 0.239279678912268
-0.176477099327221 -0.182375564813643 0.00242398188692556 0.227779138887926
-0.057081767009927 -0.32154136217467 -0.0384068459378412 0.124451878428721
0.0324690531179671 -0.348109181567557 -0.00528545039933207 0.020600932758169
0.00830158106557899 -0.339252818850047 0.0485373556494478 -0.0961641871904454
-0.10361391387829 -0.268605105360763 0.078666161505812 -0.224209402136529
-0.173130616202138 -0.0779678538230245 0.0264092698304931 -0.319312220040207
-0.0892504327936983 0.0494012490074576 -0.0894196070965229 -0.338159275201172
0.0550598701063013 0.0328571633316589 -0.162234821181006 -0.295096861040132
0.0639605694919346 -0.0383444145398563 -0.128940211830979 -0.236366976091909
0.0282934592191317 -0.103617866883308 -0.0560526396325072 -0.226710463242562
-0.00317538414748087 -0.0263990674851226 0.0787346518007005 0.256774802406859
-0.0643984271900661 0.0303419993352113 0.14575930555842 0.309359140441814
-0.124724737249074 -0.00721206962188522 0.0766510814461576 0.338717864966614
-0.189518971900666 -0.124707982949745 -0.125624861718265 0.298799176076757
-0.100874759088239 -0.257297111583661 -0.217444837831431 0.124272793627619
0.0273681932462478 -0.327047889979876 -0.168316773994586 0.0316207164012133
0.0883267515739292 -0.349412278099884 -0.0682705300265918 -0.0516452019460674
0.0363116260836821 -0.327901906294089 0.000491164481984176 -0.123225825460049
-0.118261931909712 -0.251891788901087 -0.0509819041180546 -0.22234468179501
-0.256307334842037 -0.0227510845105032 -0.182852315427055 -0.235356828058715
-0.142920506128699 0.274727894183954 -0.271871933175863 -0.151131284259429
0.136493892583701 0.277939174134532 -0.292772415589522 -0.0960929466839313
0.310659973645341 0.0531342465071087 -0.269907527423076 -0.0780931680533361
0.208560740816687 -0.139922727701872 -0.188610085227748 -0.0505270508739939
0.0864005518354175 -0.177528772221731 -0.0851644097453316 -0.119942823028265
-0.035493040023211 0.0255452317952295 0.0972776012507455 0.241408535851097
-0.145075598899612 0.0614961296788614 0.0586208289034108 0.325802915728592
-0.198328799099911 -0.0680360304171785 -0.165639784015132 0.248522206026494
-0.157815337098234 -0.23498395494153 -0.374652598101963 -0.014529956297878
0.0433694307883139 -0.295552060555279 -0.280049403641565 -0.279872742094679
0.180482501360026 -0.266598729608004 -0.0908357331474112 -0.259044467651663
0.176358923476955 -0.277982882517323 0.0207431785895616 -0.218428689329497
0.0346465961203075 -0.260092983994736 0.0102769451673989 -0.246398804441589
-0.168361909625127 -0.125300144673998 -0.211676758005898 -0.233716854585059
-0.226510161849971 0.167827463427027 -0.375626698038665 0.0102099788807668
-0.00676634071047807 0.382416736601771 -0.243765972503406 0.211634471221773
0.253470443473364 0.269633565368158 -0.128149390838709 0.126062826666452
0.369711061504885 0.0136479513847372 -0.182777991144767 0.0523098497389617
0.229199943815314 -0.179829760688573 -0.209481508366563 0.115757203923915
0.101762079048696 -0.187884108804254 -0.128284887862129 0.0200074117295282
-0.0323448071536948 0.0234939724678114 0.126661833627465 0.205698254194626
-0.122160004003191 0.0332351515951677 0.00378499432708626 0.279175347559927
-0.124534961277722 -0.079917540715662 -0.250249203431303 0.0513134422253421
-0.0539829115620778 -0.167151209704995 -0.278418838709479 -0.331711398928218
0.0823855575178903 -0.154105545020791 -0.0423479874962566 -0.523792411409687
0.166179986089582 -0.115066942621467 0.119690511862518 -0.402416829733031
0.149118756966401 -0.151014528062858 0.15197012622895 -0.30687126255
0.0241410490727429 -0.155063276631606 0.0227700284254392 -0.329773018253183
-0.120953397213663 -0.0349880763428556 -0.342277399410394 -0.171928245895927
-0.103602977380773 0.173936535762958 -0.406963366614402 0.269598813857467
0.0595208660455298 0.240952641739125 -0.0412958514487807 0.413251665170696
0.176165727939078 0.127255898589831 0.100419985259135 0.143192380847495
0.223920899887142 -0.0131949841692295 -0.0717081147909941 0.0446403766338695
0.127902064279213 -0.124642933261548 -0.209392194708859 0.202435667373074
0.0679515654866236 -0.118535867658183 -0.156214205984683 0.135227275033941
-0.00832138870454211 0.00637696133654312 0.160174071932669 -0.175562398032451
-0.00419003854918531 0.0133405330990479 0.206165128447627 -0.223955081847726
-0.00430086217810025 0.00167367851296818 0.0464069890317002 -0.0166559530853666
-0.0150246418193418 -0.00681491423498997 -0.179470325710528 -0.0815974211015629
-0.0184719728878564 -0.0412438611840938 -0.0802208756118355 -0.440264621578978
-0.00401122074375199 -0.0242347401397079 0.370316604405382 -0.387430065618847
0.00103211384275684 0.00660471318588448 0.391511132601994 0.129595367440857
-0.0173708062645512 0.016032282152382 -0.015644624419182 0.362755451895524
-0.035648230755086 0.0155082904845011 -0.2300785653693 0.34287371893591
-0.0336604114857609 0.0190563154860021 -0.229904141413769 0.431986206797785
-0.0106516258152622 0.00729936112191711 -0.106643431910138 0.574065927416344
0.0198581241618043 0.0191936717854487 0.171443609452877 0.448802187401716
0.017399041668289 -0.0054316418843808 0.263964038629716 0.0249968967546935
0.0144270422172269 -0.0116037217536652 -0.00220188340282134 -0.255784076409751
0.00201729078517559 0.00707753944574149 -0.164702898613555 -0.192695148259585
0.0528697442743628 -0.116711663274767 0.146867625183978 -0.138591295099579
0.135827298825745 -0.110020973820882 0.199957379099662 -0.212889255802849
0.210635729551413 -0.0202732535751527 0.0617299771009026 -0.0436522719483953
0.162405291380637 0.119743631061099 -0.123382340032594 -0.0955850265182026
0.0185157456357558 0.168553114663752 -0.0377856446029424 -0.418391806323379
-0.111073557730448 0.117030942819999 0.359007899157128 -0.339213001445472
-0.117815114319692 -0.0263507820307708 0.360447048312302 0.149932430383484
-0.00424035056078043 -0.127710372608312 -0.0150786161983142 0.34725163767405
0.0863946398618094 -0.119759178045018 -0.2037870667396 0.326074824093885
0.11301610672095 -0.103907595938881 -0.199011140498708 0.405968765776662
0.0662992278990933 -0.134599954251098 -0.043769439253618 0.545818343659152
-0.0115227826363733 -0.128044440859716 0.236038901187329 0.404276534343831
-0.094744435577868 -0.0846772743725704 0.283269683531049 -0.0131827626679337
-0.100908267406532 0.0165706165585304 0.00228221133416995 -0.277853693477396
-0.0425589720403511 0.0384209458170073 -0.142341891285852 -0.206353072948087
0.0837775482860658 -0.193090831745011 0.12565624404556 -0.034368159522599
0.212897954793502 -0.198463174476743 0.20148102603499 -0.14576555486284
0.348038796372925 -0.0492259537140127 0.142648908249358 -0.0900632510983967
0.289105677025181 0.212558602836187 0.0613726471041321 -0.133767007568854
0.0210917786379925 0.324781264346052 0.142265658832537 -0.305177033765265
-0.210367716733486 0.171069756905803 0.348840282135123 -0.137633135859881
-0.191373660951796 -0.098453670712807 0.252961492120145 0.20497166187626
0.00800854583459017 -0.247521170449685 -0.0101480192884902 0.276051901784437
0.156651581492205 -0.247229687602102 -0.0959583427904027 0.244311348326555
0.194544247276528 -0.249649535728711 -0.0185379185198339 0.302446973660837
0.0900250838896789 -0.297068596092633 0.192699114155851 0.377003384018019
-0.0877086377540311 -0.258927034813492 0.393942691380699 0.167099726331388
-0.194262124589833 -0.119440882250976 0.272628505106461 -0.181870757188763
-0.162075514103079 0.0411595638641311 -0.0117971898338112 -0.325219665996843
-0.0626676281095304 0.0369382162888764 -0.100271922181174 -0.23653998816736
0.0771402913346101 -0.186666017103202 0.1039271806484 0.098084675875848
0.188785746750057 -0.188725589096973 0.21649439435229 -0.00521131977039731
0.318135954049016 -0.0399784458019962 0.263153843131162 -0.0363680028788465
0.237994440252515 0.224418539038541 0.276829751905199 -0.0371240056873528
-0.0657203580219554 0.298286175184916 0.284942483685005 -0.0317031478826985
-0.264370143085854 0.057732682653894 0.239755552757839 0.124027157503486
-0.177075227895469 -0.214450459499665 0.0987423951742431 0.2153623388643
0.0151597954111363 -0.321407693740063 -0.00440257124647105 0.162204897742195
0.121031420074841 -0.336918327258305 0.0208675534735611 0.0897833638382225
0.107731404883236 -0.354379775153181 0.146596168501688 0.0444981697756143
-0.0322416359305458 -0.334763133201141 0.289551034939123 -0.0272333769789852
-0.173409930601823 -0.215013609487524 0.294431787238843 -0.21071353456791
-0.174032694118966 -0.0588930821646269 0.0969855501564919 -0.3433350350042
-0.103021645458049 0.0346004980541649 -0.0613752278235369 -0.331505267440002
-0.0388728898368004 -0.0138525873058694 -0.0663516746549334 -0.256993338673321
0.0402068415456847 -0.113779089801493 0.0875722460594334 0.206923117191606
0.0718351655051675 -0.080725464367374 0.211380117091132 0.175978674598236
0.107027110823952 0.000259021654179422 0.282575516185168 0.171599684328868
-0.00419821879151638 0.0953788555581227 0.244072405929441 0.224303574316741
-0.16196711873401 0.032885033555985 0.130012530374282 0.231846847302865
-0.183647756768696 -0.177933557634395 0.00700690474990088 0.225007844845692
-0.0690031868627436 -0.321269635102329 -0.0345585183539845 0.124060674086723
0.0210036052446118 -0.347847605666745 -0.00324816675318314 0.0203397569890446
-0.0013232601262067 -0.341509963224511 0.0459416792301643 -0.0956125389872048
-0.113661685799507 -0.267472016703995 0.0738334613249255 -0.222658482181904
-0.176948432756053 -0.0742528348542646 0.0209577339638026 -0.314887651319971
-0.0897628316760051 0.0519475858345118 -0.0931767232471576 -0.331484679337498
0.0526786820245966 0.0314040624594101 -0.166467415856291 -0.287948204938908
0.058428499310494 -0.0399323433600672 -0.132496746935125 -0.228849927657575
0.0221161994535505 -0.100516203026944 -0.0601126409984247 -0.223389192754379
-0.00668380260823937 -0.0229545105715926 0.0845466366363382 0.251053951600876
-0.0685325451973555 0.032268570161855 0.15177550237193 0.3024379935348
-0.128066862450937 -0.00635651730801021 0.0845530751907687 0.33189796898732
-0.193374295699717 -0.121387529293777 -0.119310887464459 0.297495863083846
-0.106978609097579 -0.255299444270872 -0.213100308307797 0.125832026978183
0.0186474342270349 -0.327916837019998 -0.165715836722768 0.0350406894586546
0.0780507720032617 -0.351280213366443 -0.0694862518564408 -0.0502858928526898
0.0265087045602489 -0.32861099119723 -0.00326212534158721 -0.123283156922155
-0.127770245178924 -0.253104643438329 -0.0561880367912226 -0.219628317901339
-0.262907163391736 -0.0169322375143706 -0.18734518254964 -0.228020619050987
-0.14053297715683 0.278963446815275 -0.270921247840678 -0.140242472959158
0.142176648853096 0.27852531677414 -0.289101539448768 -0.0853635027292007
0.310917035552998 0.0485502341741089 -0.268526527273011 -0.0718738230881427
0.20305881386925 -0.143079086544227 -0.185623677497373 -0.0444314119169574
0.0802075265627812 -0.176524031067726 -0.0858842759110352 -0.117354913590588
-0.0376941423556517 0.0264666644860905 0.103761427082102 0.234655085036973
-0.145788467464716 0.0639809600402229 0.0676733538660269 0.320105146300176
-0.202053052665416 -0.0648969698593767 -0.160170420462468 0.250808073400441
-0.161138349674266 -0.230494213581081 -0.375740099217513 -0.00432247518579723
0.0360938746882824 -0.297087485373854 -0.285884669299464 -0.273603936024536
0.174518910838155 -0.26935944703937 -0.0943262806324693 -0.256001679885123
0.168720083927341 -0.281291292344888 0.0151720916038286 -0.218336427711304
0.0271649740099682 -0.261615290073465 0.00235817866739379 -0.246743067520341
-0.175763909619317 -0.12501705637548 -0.220228745927018 -0.22837676338673
-0.228243140797741 0.174668544550005 -0.37340873444805 0.0221548371627357
-0.00178952518607398 0.385979017902979 -0.233441284528059 0.220047089370925
0.25830126883798 0.26853943822758 -0.118942988155132 0.127927798240061
0.370098900521675 0.010174818344849 -0.179654166547711 0.0521445148107803
0.223831590930098 -0.184707129629878 -0.203052964129705 0.119257305254813
0.0967466911913347 -0.187494723845865 -0.124387081303209 0.0218196217530062
-0.0339773431816748 0.0237303063100473 0.131917792450035 0.199264896545569
-0.122112502553269 0.0360350796860282 0.0134341379878287 0.277706222056593
-0.125817079639583 -0.0776521926784783 -0.249296322791953 0.0585581429783307
-0.0574187560612525 -0.165071652416399 -0.286596248898161 -0.323028750722627
0.0786439585997195 -0.155245191164518 -0.0564567897891561 -0.520240727949887
0.163884442688468 -0.118671564737167 0.113338821982776 -0.40332716747802
0.145041472584736 -0.15426227488434 0.146151857051635 -0.308616812691985
0.0198859075561059 -0.156448779571449 0.0112975412983787 -0.329790938824397
-0.125407849552876 -0.0331948637004891 -0.350116336807656 -0.162954768696377
-0.103689475342469 0.177328314880344 -0.400456564369716 0.282460604375076
0.0640573226031224 0.241424686598894 -0.0252581956222234 0.415652444833705
0.178530781470384 0.125774904311613 0.108880733434833 0.136852339142347
0.225295291624856 -0.0161579341562775 -0.071306761241681 0.0401124672637353
0.124702935161288 -0.126267875513989 -0.204006235912537 0.203667173978093
0.0652337368246353 -0.119959485953669 -0.150383289848604 0.137255240657485
-0.0078742534512769 0.00584989967791004 0.151537390023799 -0.179408041061931
-0.00457431810890007 0.013680655781348 0.197832975768912 -0.227958694470838
-0.00402852557494692 -0.00011031831971971 0.048863340688496 -0.0133287611395554
-0.0159837130067647 -0.00645646952696502 -0.18569611364464 -0.0689892994943527
-0.0199330158496919 -0.0406152077198353 -0.102815757003706 -0.438021215940437
-0.003566276822753 -0.0241843964689566 0.355350294981687 -0.405803832137324
0.00289307934007188 0.00638118502481504 0.402038480075675 0.115941582642798
-0.0170654871344014 0.0159584706742492 -0.000513621463773414 0.366270178204148
-0.0344232414896565 0.0166540895458608 -0.219787222130132 0.353715749019874
-0.032826947792434 0.0203484057170561 -0.216759454429107 0.441682890393387
-0.0108029726022025 0.00916168948331114 -0.0832900923083634 0.58049100187462
0.0209287077098299 0.0193277657556073 0.192182006210384 0.44374924843792
0.0170105460979554 -0.0066293481024617 0.267202136133689 0.0127392707266561
0.0144659570166385 -0.011140558353773 -0.0129190173044928 -0.257085440024033
0.00150731708430901 0.00635487997376081 -0.175538616887633 -0.183596221316818
0.0485384489742022 -0.117262316192759 0.140034282780701 -0.142057289162944
0.131976722361537 -0.114041833914266 0.191646621828622 -0.216458989559783
0.212206351477845 -0.028303737274581 0.0637746891119521 -0.0392430807191919
0.167038953022826 0.116170063915772 -0.129541782839452 -0.0870680642375647
0.0232482011628342 0.171096371864648 -0.0588003230528963 -0.417367688184362
-0.109177783269367 0.121554215207112 0.345662192573796 -0.357834346669471
-0.120531520427227 -0.0226225807980713 0.370926043187218 0.136748311900739
-0.00986880876674212 -0.12944041164725 0.000312180622022379 0.34904785826794
0.0833735989747709 -0.123097593159706 -0.192985629883082 0.334646735225968
0.110500187356717 -0.109360038412733 -0.187459271482103 0.416108607357308
0.0613557519923563 -0.138008426744614 -0.0221453527230712 0.548024327901025
-0.0162017039379654 -0.128269370826653 0.254868307776712 0.395012044252052
-0.0982355508398403 -0.0818125790444466 0.28431168499218 -0.0258245536857106
-0.101779894463593 0.0204605203705352 -0.00855863114051638 -0.27926251106982
-0.0427128691398831 0.0399839040529735 -0.153109637524218 -0.197911060439726
0.0763678946927674 -0.192802430913627 0.121524818486493 -0.0376866988966587
0.205316902734079 -0.205178925971121 0.193850301685965 -0.15113414864591
0.348529131464205 -0.0593951411789042 0.139297377650568 -0.0907319225046847
0.297198082545954 0.206501823957555 0.0521433533415003 -0.133028127218395
0.0306828333416653 0.327680396849092 0.12402366137217 -0.311798566021116
-0.208750262100822 0.181506602407105 0.342372815879077 -0.155042442835255
-0.198996568388569 -0.0935922693231792 0.263985191967713 0.193131780869853
-0.00256745657074684 -0.249256094661638 0.00261321596868358 0.276664121249193
0.148427646471359 -0.253137529336708 -0.0878220052326798 0.249770402966942
0.186306499500906 -0.257838753227146 -0.0103140615061214 0.305903274218025
0.0792681336007352 -0.301291762452817 0.207138681185988 0.371931450462048
-0.0964527805091227 -0.256894958912915 0.401835831987423 0.151229495032445
-0.20067032598663 -0.113798331674834 0.26686917060139 -0.194026669709692
-0.163494299935184 0.0470151785584015 -0.0258252346929653 -0.32274101802363
-0.0645868798965485 0.040064076164348 -0.112258989096241 -0.230148028524921
0.0688721512856432 -0.185985889610991 0.104410784747422 0.0938384662310228
0.179578265535507 -0.19334807368712 0.211092713435186 -0.0114657412779655
0.31724473962194 -0.0493225075430974 0.259509298629264 -0.0447767955631574
0.245909852018099 0.219853050159616 0.270775712915949 -0.0475157877941419
-0.0579275879082614 0.304571872756803 0.278698837170532 -0.0446442613989281
-0.266282356399725 0.0684115435423102 0.242963318332284 0.111956553407916
-0.190852644395946 -0.208744542084146 0.108922270354946 0.210999053956802
0.0018732914892365 -0.324107632096703 0.00419759120176185 0.162212026108939
0.107675183886505 -0.342221876709061 0.0248938007511941 0.0900886966645241
0.0937108359799292 -0.360213170420439 0.146140444027663 0.0414145756685597
-0.0451719736995489 -0.337425647312582 0.288563781935107 -0.0351173888215856
-0.182130209587432 -0.209852808561356 0.290746676942309 -0.220406574030062
-0.179061484836503 -0.0551524887927834 0.0846854387988414 -0.34645889027594
-0.106849077804668 0.0381085408681514 -0.0742700870617195 -0.325678921094723
-0.04344761990397 -0.00996502143576147 -0.0767955447599891 -0.253461338630167
0.0335656383458434 -0.111279981669635 0.0941394609885519 0.202102341014562
0.0652973319809867 -0.0805815052957089 0.214515634499921 0.166668657917624
0.103813345922278 -0.00272275501897669 0.286476666717954 0.158056633340933
-0.00304421582030592 0.0961077193295506 0.249284021817498 0.212346927636074
-0.163200789693521 0.0393974044799914 0.137001941215075 0.223589919533022
-0.194166785616076 -0.171868317336687 0.0139273213263209 0.22257792109908
-0.0854590102912717 -0.319681394100743 -0.0294946789830479 0.125269977258553
0.00624973010810559 -0.350220012171341 -0.00134482043094775 0.0200649542246492
-0.0167537060978924 -0.344389012913975 0.0430393515058097 -0.096572668271163
-0.128007402727203 -0.26478462488411 0.0663283009629863 -0.22460043274485
-0.183235202972095 -0.0679828358259072 0.00887003357491963 -0.313557205094251
-0.0894583124948701 0.055486477842441 -0.102322309086997 -0.325187546595178
0.0503787212551664 0.0294633821350725 -0.175220390238347 -0.279537771811389
0.0527016757902276 -0.0416826971466463 -0.139100187863963 -0.222137674861876
0.0149139105317454 -0.0984040756129353 -0.0682452678221559 -0.221203886254235
-0.0105460171896853 -0.0215558574422499 0.094296091775416 0.243674779225125
-0.0715961192806501 0.0353072331034194 0.162653127549518 0.294241066759873
-0.131704315655112 -0.00214399457128197 0.09568977683647 0.324436390515316
-0.198531922517399 -0.115575334365769 -0.108753159488474 0.299343057384406
-0.117073315447417 -0.253876911883263 -0.210005183883042 0.131354180998377
0.0058037812689921 -0.32791136195316 -0.163610263802879 0.0403306343305531
0.0621769553069146 -0.355329556795214 -0.071701998901175 -0.0474773315976652
0.0122416984112773 -0.330745702645243 -0.00786432239876623 -0.124333978235615
-0.142749205595483 -0.252053164763537 -0.0659826297268803 -0.216885496613514
-0.270137845487357 -0.00714322962883957 -0.193890305624859 -0.219833046517587
-0.133840441688329 0.289234218024755 -0.273574944953523 -0.12652628140152
0.152385958078009 0.277794047215071 -0.287302453488489 -0.0723808444468425
0.313864588902861 0.0398874704722117 -0.268680853758792 -0.0617581859516263
0.194719190828652 -0.149883382297202 -0.184851762636875 -0.0366398852359683
0.0712013289237369 -0.175907266069828 -0.0884014105160769 -0.114430944042126
-0.0398932799175039 0.0282273682869981 0.112839152861553 0.226382477003347
-0.145797119967193 0.0691952483490617 0.081116270154785 0.314926184175703
-0.207573409080075 -0.0587587063803738 -0.153036318377518 0.25657644404051
-0.169213250851919 -0.225934088354365 -0.376601467194897 0.00824399159878514
0.0266283314786394 -0.300302998013483 -0.295394017298508 -0.262770192061838
0.16536545105258 -0.275299480410501 -0.100736003137168 -0.253522316411928
0.156927867522805 -0.28774529392477 0.0075534539025341 -0.217850089800254
0.0162018194874181 -0.264254299871012 -0.00920833459750281 -0.248431800725371
-0.186377298626087 -0.121053012702494 -0.231998931385216 -0.219455373940601
-0.227822393278429 0.185476874962024 -0.3726693156514 0.0394214728422469
0.0110654471167094 0.391068291411454 -0.219323459583778 0.231749988464479
0.269888340418272 0.263892598091013 -0.108151422761389 0.131333007063281
0.37386315196154 -0.000168977330493468 -0.17611828160699 0.0554855575655316
0.217481974849254 -0.191524723895067 -0.196971589503937 0.124856658363586
0.0887770575033056 -0.18938810794088 -0.12077518277672 0.0263206508450085
-0.0354365329855776 0.025468487973433 0.140829082548995 0.190716285419311
-0.120292483265219 0.0393547945191073 0.0243283496863531 0.275494830496195
-0.129790707027742 -0.0727209131639082 -0.25032685454089 0.0696649511495399
-0.0635974705924656 -0.164168037430042 -0.299700048961343 -0.309925939206073
0.074274691493365 -0.158341466659468 -0.075824521848571 -0.517996875060336
0.161319219777652 -0.124129526326586 0.0998376384750967 -0.407869276088174
0.139271350474415 -0.158515145970225 0.135382006280513 -0.313506868263966
0.0128380790034176 -0.15864642583439 -0.00319965090461651 -0.330808003303143
-0.131260063233064 -0.0278856666323983 -0.362368537353937 -0.150097549283828
-0.0998714934923782 0.183363572363322 -0.3899166206154 0.30144976295912
0.0718065661710011 0.242398043350163 -0.00522745613589048 0.419399936400759
0.184721450263954 0.123198487427504 0.119457881240966 0.129654812114093
0.227730003007885 -0.0229930885855071 -0.0711631323111515 0.0368325355728993
0.120783614689229 -0.130589155878575 -0.197073720325284 0.209220195248821
0.0607724937693146 -0.121725188490977 -0.142918596807292 0.142235021552554
-0.00981200127688565 0.00434660424225363 0.205209697021144 -0.10049835909002
-0.00969540667768919 0.0117088539980193 0.270396228346592 -0.121231192979527
-0.00486168994158531 -0.00366750728444303 0.0491686037341854 0.0130000745009859
-0.0121554099505975 -0.0125246319452305 -0.142154275260998 -0.135061534980307
-0.00211453131225648 -0.0444575246349982 0.0833057494621201 -0.43721544134832
0.0077895221764699 -0.0231357353608452 0.487261242779776 -0.219889992697774
-0.000927468564480255 0.00728258946702277 0.317012941467447 0.271685561217517
-0.0230080694343642 0.00672594112439994 -0.150793649738736 0.33108063055954
-0.0367243733563696 0.000212901022156025 -0.347618791078141 0.222788554225122
-0.0354449079680741 0.00271428380584606 -0.381392863185324 0.302859819114058
-0.0121685124358087 0.00276069917003208 -0.316064407693706 0.483578668998153
0.0107273377009448 0.023568860743584 -0.0107451178215942 0.475267515549585
0.0164852753328163 -0.000248758283235324 0.235998570094955 0.120436097190195
0.0169612968497075 -0.00202833741825561 0.0943353624206811 -0.237303725353297
-0.000955406723739876 0.00710462040668366 -0.0861845572147676 -0.237851556103545
0.0905229478215626 -0.0838856165777021 0.180622893586579 -0.0724341802418577
0.163886282017929 -0.0473668472074213 0.259327645031987 -0.115082470175548
0.202472705045662 0.0615396394249785 0.0742598485988485 -0.00497198357071659
0.102402872087413 0.17582091239765 -0.0845389002395884 -0.126810178815536
-0.0532811401474815 0.166247166188548 0.113356183258164 -0.400407161937044
-0.15302404723779 0.0647333236479997 0.45760651613458 -0.181536871896027
-0.101291700760224 -0.0727569239829942 0.281064135454525 0.277746015385611
0.0438987777010385 -0.122858388959323 -0.141678246684941 0.3152450278639
0.127033224660218 -0.0737978116221752 -0.314611658907301 0.216997037712359
0.146598781290002 -0.0528504319235344 -0.345080153231501 0.293233175296412
0.11295570518594 -0.0968699083175293 -0.247854950695218 0.479578327807224
0.0402776663574877 -0.123699541937306 0.0645416866061335 0.457879544798444
-0.0559416680012916 -0.116380617909537 0.266917639465307 0.0917994662105802
-0.100971923867458 -0.0226910004395931 0.105516727656367 -0.253839024870563
-0.0562053205982324 0.0175059004613463 -0.0592204433830274 -0.242062033888454
0.14497484632805 -0.139882057741612 0.121905157377665 0.0129852791456391
0.266683860483337 -0.0983867161107615 0.234249506059837 -0.0572966325540017
0.338770488446886 0.0900684618760105 0.161587292191577 -0.0215987606906093
0.182820385171737 0.311275051922517 0.0971024597927883 -0.096780741178978
-0.112337512464239 0.310326335208903 0.233134314460214 -0.232852152467149
-0.270007059779785 0.075299056369033 0.370996433609889 -0.00278061026523835
-0.14514175216987 -0.170562654076514 0.160528124550448 0.282480482468792
0.101085060312986 -0.228682365248551 -0.110094366526354 0.252283702664324
0.240261431611379 -0.163214724007607 -0.183605470462587 0.186861295830707
0.276617564098791 -0.153185635490574 -0.141588925548439 0.269236486891404
0.197836285499572 -0.237892022980458 0.0274919370780037 0.419687485464926
0.0217771211001818 -0.272918024404949 0.296375230667326 0.302199039762997
-0.135094724983178 -0.187305736454159 0.319837913270095 -0.0647613898201845
-0.168486525346008 -0.0264099288150024 0.108477464071681 -0.299721438831327
-0.0780828859312408 0.00906983433406719 -0.00728005771270703 -0.254490850994945
0.133548178369393 -0.137489393493918 0.0549957471481612 0.124308639567164
0.235819081208313 -0.099237748212836 0.193524503412643 0.0722232389007516
0.303946100317284 0.0860786218714787 0.250273047223978 0.0635086082702287
0.128705757989634 0.301289519380568 0.260348689933617 0.0659791158912292
-0.181480468524718 0.252577177241926 0.264817980703732 0.0705563220859505
-0.275339774824965 -0.0514597255272707 0.171827606527647 0.198091942497423
-0.0890073738817159 -0.272362296797909 0.0132002195205224 0.233552430692397
0.135856783680345 -0.293696805912599 -0.0624404540701425 0.149583689670602
0.240843949738617 -0.261529616048469 -0.0158380760508956 0.0927481871747348
0.235512624308406 -0.284579776815079 0.11078556751448 0.0997073511309517
0.100326908563739 -0.322305023395465 0.270416397308208 0.0919326599635669
-0.0746658750527449 -0.26734285160148 0.350565992056439 -0.075616703217965
-0.140768878864347 -0.12552549877897 0.219385804950688 -0.273310629063482
-0.115474716150723 -0.0110556471819439 0.0675502836306744 -0.319616332062034
-0.0395247127923479 -0.0258422169691793 0.0354843136174921 -0.259762944327623
0.070591188986655 -0.0860796403947561 0.00346943702480804 0.216079246499811
0.0855887063850961 -0.0458660916828406 0.123235435113053 0.233010310031956
0.0918996244159846 0.0393672027187875 0.19220982770043 0.253574421247965
-0.0443400128729508 0.0849839403781249 0.136720615007592 0.287830204545412
-0.164747880055848 -0.0328255596207912 0.0301538312175591 0.253254528719108
-0.106583206683813 -0.239056633603984 -0.0783046427349154 0.203427003657958
0.0548204952158244 -0.328683237708371 -0.0766080646485184 0.0991472710381492
0.152667323614189 -0.31494681918018 -0.00845655617068298 0.0178792997277979
0.127469643014967 -0.319724603010179 0.0781698922636313 -0.0667384846223731
-0.00650174165881639 -0.294076185212805 0.152280072783625 -0.170365664756287
-0.138360268914161 -0.138229872710095 0.138688208924015 -0.271974100005553
-0.104870902211639 0.0131234764008087 0.0454388290013577 -0.327724897373021
0.0305057447329997 0.0472070680759556 -0.0414408897701705 -0.320475371453586
0.0606482050355867 -0.0157338434975448 -0.0321612680305561 -0.254088813324338
0.0494494932843202 -0.0799816980795379 0.0302981452084239 -0.22665649174069
-0.00680714094762317 -0.0248510498957527 -0.0114207236754098 0.254468137200608
-0.0829942045125472 0.00178372831092094 0.0274242513496052 0.326516537114034
-0.119280223335661 -0.0591930538348217 -0.0457280748521357 0.326929510479739
-0.130689132119095 -0.187895824527349 -0.220541145114025 0.223307878660316
-0.000264084963669723 -0.278431421293417 -0.241738260776793 0.0301340911697644
0.143858069486101 -0.295382758474784 -0.162383602122219 -0.0318362706077416
0.202890503103832 -0.294826345539429 -0.0443708641540086 -0.0716170595873679
0.149864263814103 -0.295096892442515 0.0434818170238489 -0.11604600152715
-0.0262111133840923 -0.28909796027033 0.030821051960228 -0.220057474900107
-0.243635104374299 -0.121418018083345 -0.0814599363649295 -0.275047464344572
-0.244270233659495 0.203724830020077 -0.188960191170595 -0.221905825103631
0.0180494980481628 0.315991977009165 -0.221738136246494 -0.180261633083944
0.263365014629202 0.168119496610431 -0.212732989692384 -0.16477297770065
0.234782034423081 -0.0519750885916902 -0.146887581526456 -0.108072902779857
0.134634930543948 -0.125335114120671 -0.0313914950578705 -0.140350890802174
-0.0524373692473434 0.00795204368659367 0.012942807386273 0.247120969204414
-0.161476076876548 0.000427697912576626 -0.0528315353632559 0.314890189207021
-0.162507493915864 -0.139019660018456 -0.242041111793526 0.167993704746929
-0.0578042652210732 -0.273871031522704 -0.344185533956377 -0.144342862186959
0.147123456335942 -0.259126485869527 -0.157516107611302 -0.35883075257583
0.268585487694402 -0.176827150792189 0.0165593811597153 -0.268198039050652
0.261660208660597 -0.191840844813169 0.097318665180732 -0.190431815500541
0.124271980877745 -0.234024004799942 0.091301474388857 -0.228073656540361
-0.120218687938054 -0.189684444945709 -0.117211746195095 -0.293154304231777
-0.286869752493387 0.070079085857219 -0.35061586607072 -0.11937954545539
-0.156721746057808 0.355337767457669 -0.289114935421698 0.120945341075615
0.131116235457975 0.354091842159582 -0.144034734291133 0.0741158210750888
0.336269013004157 0.158537650429343 -0.177407305952938 -0.0272067087689623
0.274439515367723 -0.0799818086643884 -0.226430418875277 0.0285728593050568
0.158540029000048 -0.130261431770725 -0.117902424364813 -0.0272538644853748
-0.0462449860758268 0.0067095916362492 0.0535127044615052 0.226343984815849
-0.125123294887475 -0.0152188503487291 -0.0888227993992169 0.257946208813322
-0.0864820427734407 -0.11882864839972 -0.255262067856011 -0.0367417373999534
0.0100194444665496 -0.173168690418975 -0.146653263694278 -0.399301625307831
0.130320549926353 -0.112637224441246 0.141996838363333 -0.495470901805705
0.198732737778364 -0.0428995103945727 0.260284367969339 -0.324237830783979
0.19224213044714 -0.0835308404627042 0.254284118009955 -0.223733968642713
0.0776293828994504 -0.138711003453183 0.131214310852269 -0.300583510746697
-0.108035423510123 -0.0816558105038911 -0.263562675827443 -0.286702919002862
-0.167360020228983 0.122098882965531 -0.476461764231413 0.108235357332677
-0.0382923176534218 0.247685846541201 -0.174053480962819 0.375849100747254
0.112881978480556 0.189864129995471 0.0599221195611798 0.163769358056419
0.215133699849949 0.0753093196172306 -0.0769967194657792 -0.00272264156890666
0.163127128051599 -0.0658217752490106 -0.263124559414575 0.103075146025937
0.105849015335484 -0.0820046687935408 -0.185813753477127 0.0678263205210817
-0.00937661774436831 0.00386870743996295 0.192954439104236 -0.103689140988605
-0.00889814854120873 0.0128485606910002 0.257213491256127 -0.122773795742435
-0.00570568402356225 -0.00474188798824535 0.0486261588215984 0.0165265022786051
-0.0128200782909149 -0.0114314167423193 -0.146458314443627 -0.124140897749045
-0.00345023140423665 -0.043390324679858 0.0604058473366004 -0.428748281405438
0.00781533847324467 -0.0219889637443121 0.467079789007719 -0.233611694418753
-0.000144159926869867 0.00738619915400848 0.32011630458104 0.254664773885894
-0.0220643192387375 0.00669825297300036 -0.133315197866429 0.327789588382828
-0.035169859390973 0.00119089171596616 -0.33034325528092 0.227609127358068
-0.0338102247534509 0.00345684899338504 -0.362901024583413 0.306647307635923
-0.0123791360413117 0.00363358553287148 -0.289066568963836 0.480620213584899
0.0114339709015551 0.0218013452601423 0.00942502040691584 0.462601507349222
0.0154591477401906 -0.000617601615957152 0.233386227452518 0.106743561290561
0.0164307193195943 -0.00207276873931991 0.0831006155809462 -0.234939303186589
-0.00132954460877813 0.00583465201577482 -0.0957313740323364 -0.226114704249422
0.084682194736701 -0.0834669524939116 0.169726195266744 -0.0754726641857272
0.158241575601714 -0.0489712614108558 0.248366709964138 -0.116492173733674
0.199500991973452 0.0533737605441196 0.0721611420719285 -0.0017237492604206
0.104932103033682 0.170381536325732 -0.0896114428233869 -0.118017028358188
-0.0481491269864774 0.164580282905096 0.0905749675454665 -0.3942712398685
-0.14777784502759 0.0670331855372609 0.438916279769988 -0.194971196673277
-0.102588624429671 -0.0686263296086917 0.28604286910186 0.260346981327665
0.038057407307556 -0.121812325435122 -0.125996312238436 0.312307294106766
0.121941103445298 -0.0757839944414127 -0.299788793000729 0.219963956102086
0.141154021012987 -0.0566654735616639 -0.328881774273514 0.295661841193
0.106119090470256 -0.0969356214387695 -0.224243820283967 0.475098259077098
0.0351882351895305 -0.120900118102247 0.0803628037414941 0.44191680371857
-0.0577691611366743 -0.111127272070775 0.263579990784465 0.0782283779560298
-0.100036566652299 -0.0181114051675385 0.0936068173376687 -0.250254105391909
-0.0551546191812495 0.0177015905629591 -0.0701179927748498 -0.232200733813629
0.134690273198905 -0.138682579964155 0.11575059613522 0.00854266631814418
0.254699363542644 -0.102608277740814 0.222856059730187 -0.0615554771196976
0.332632319599364 0.0791304473872441 0.155693729457268 -0.0220254537395985
0.186737050532173 0.301605701864392 0.087485075297335 -0.0953746857026623
-0.102470596736797 0.309286552747919 0.213719695204245 -0.235638157566556
-0.264250637117309 0.0824601200845949 0.359770693838363 -0.0179117694987027
-0.149124358621029 -0.163830122136186 0.168522494251064 0.268745426268695
0.0896008730958566 -0.226326150475685 -0.0967047950073916 0.24936459154522
0.228598717522409 -0.166117654830606 -0.172387803912513 0.187753408729799
0.263837504924809 -0.159369573548311 -0.131672139901411 0.267807096059026
0.183619032575229 -0.238308487312753 0.0394816174294819 0.408675615598973
0.011977308427044 -0.267280762903595 0.298938219717657 0.281815814217869
-0.138059865627593 -0.179357480165255 0.309335746094036 -0.0753874344464618
-0.166229123390025 -0.0205846762375287 0.0931818101551127 -0.293806572664275
-0.0784384480239959 0.0114200245907309 -0.0185147069019852 -0.245786311838534
0.123170218320143 -0.136187815742251 0.0550471267832259 0.117324253638213
0.223809218943772 -0.101226428631652 0.185770305801987 0.0628258061231086
0.29747370948792 0.0763140012038574 0.2421014511839 0.0541085402774297
0.133904586759389 0.292091755998075 0.250577870501486 0.0540237961725206
-0.17150645195484 0.253752110955533 0.25529137579892 0.0556808001656628
-0.273909718622247 -0.0419259305824844 0.172837904904582 0.183233096804052
-0.0985790568448187 -0.264632021222828 0.0220067568797706 0.225929960395554
0.122273893011508 -0.291615180623968 -0.0531858359703889 0.146864012938867
0.224480441280644 -0.262707634145429 -0.0129494440719954 0.0914681676604089
0.217800812016109 -0.2854485533711 0.108813591023864 0.0955660770334391
0.0856771623474138 -0.317397860241701 0.263200079996142 0.0824794375044575
-0.0812031596013457 -0.258847272158414 0.338838407286926 -0.0839576569791466
-0.142640431837163 -0.120291963090658 0.203664963422516 -0.27219156802394
-0.115906151380268 -0.00900968609201627 0.0538363801853249 -0.310495181020898
-0.0432272258340235 -0.0229839418120771 0.0242562698513675 -0.251661884944198
0.0628770521509552 -0.0847131193223181 0.00931111554563634 0.207402505110292
0.0775327750070565 -0.0465156315645559 0.125740251593734 0.220513520794929
0.0877063847204263 0.0345221689017896 0.193634328104249 0.235079170883496
-0.0412089642794787 0.0835685096592634 0.139034169326205 0.272804102706694
-0.162663156375857 -0.0270435700954903 0.0366966999591798 0.241804522298631
-0.1140764553991 -0.230514733031938 -0.0686955298969209 0.199578252082263
0.0390483017417282 -0.321481862416856 -0.0707640370534711 0.0988917528918093
0.137028344187899 -0.31213952012004 -0.00747425817892447 0.0179328113573793
0.111288798186737 -0.316995297530427 0.0730699781958332 -0.0656643307330132
-0.0184253818788942 -0.287131683386614 0.142334281760299 -0.16838448812955
-0.140592512088144 -0.130887305516037 0.124436022727019 -0.265008543812801
-0.102667429891059 0.0161042777071319 0.0340028906081383 -0.316647596108211
0.0288891471091881 0.0434476474685042 -0.0495957296737818 -0.306324088304797
0.054441619480705 -0.0189122695665025 -0.0382794577970342 -0.241598941973776
0.0413024479595602 -0.0771587485162562 0.0222309992132796 -0.220694316452296
-0.0103098686630736 -0.0227151633212408 -0.00270417289391282 0.243834369839152
-0.0844226613305894 0.00308771969583717 0.0383350117643814 0.314647319128348
-0.120961908534992 -0.055703842278255 -0.0340807342580033 0.315065801081138
-0.133544805132753 -0.180490682822764 -0.207678248553839 0.221248884127895
-0.00859776323678936 -0.271854562257549 -0.232326078642636 0.034990817106184
0.129547629475415 -0.291352806565726 -0.156770686736624 -0.0253632606521256
0.186434760146796 -0.292159256833212 -0.0448170940548842 -0.0676695502074606
0.134924466808632 -0.291644877480538 0.0378820684019641 -0.114564873783677
-0.0385699579834332 -0.283539798435108 0.0209791246886225 -0.214257557891694
-0.246687386733002 -0.111654095887614 -0.0883413726513334 -0.261616641135026
-0.234699451066789 0.207308300240053 -0.188854491925111 -0.204893517102478
0.0272205681675647 0.310396059538113 -0.218031950819587 -0.161971299603109
0.260338478940241 0.157309807633663 -0.209835343133192 -0.151802356452339
0.224185169698974 -0.0588692207727452 -0.143093113354719 -0.0984348731965992
0.123776990113289 -0.123385337008552 -0.0327883273644791 -0.134861656682584
-0.0542164776671303 0.00905650538648081 0.0215802419875743 0.235974561388042
-0.158138968531847 0.00435407270319164 -0.0398068817629027 0.306717137971281
-0.163180357664825 -0.13210908611458 -0.231643086417316 0.16982185379774
-0.0641032863837335 -0.266043798399085 -0.341023713315832 -0.128169128991892
0.13549420940285 -0.257641006605303 -0.165042957774615 -0.342971638425608
0.254708171354449 -0.18016127795039 0.00886021650502103 -0.260645190970901
0.247485762905663 -0.194258454395703 0.0892445473158765 -0.186987212054503
0.113640851579616 -0.232856198322911 0.0806482026527017 -0.225200907159029
-0.127393958952343 -0.1830783524958 -0.127430841349149 -0.280871095505127
-0.281423773831548 0.0766023374201245 -0.345493486704826 -0.100366931390441
-0.142936885863731 0.353284619494918 -0.272091202628436 0.132067044628483
0.137619313290818 0.343629320977075 -0.130841593770923 0.0782292289726684
0.333129327748844 0.145241829524749 -0.171473417494994 -0.0231210240852402
0.262982455832971 -0.0869436128457591 -0.215914592736139 0.0352094391097113
0.148196981075229 -0.130521187955755 -0.113024154742219 -0.0221268473200711
-0.0470717078604156 0.00756540226141952 0.0622601754947741 0.215846945777317
-0.122987005476911 -0.0119732616909835 -0.0768751607360124 0.252235719290485
-0.0884220691308561 -0.112998620995352 -0.250927669355112 -0.0255736918381919
0.00379684705258476 -0.167721622600136 -0.155982780789224 -0.380969413761967
0.123403904400527 -0.112982674246204 0.121563224927369 -0.483754150501954
0.192843218284817 -0.0478230514182815 0.245155906188406 -0.3218726908688
0.184397634157583 -0.0864502964727695 0.240646786364159 -0.224140091993335
0.0701521992611148 -0.13858742697369 0.116589630675848 -0.296371850569324
-0.110966179473624 -0.0761622079947002 -0.269781566474491 -0.270159949266144
-0.162210543836998 0.124556102739687 -0.459298534243403 0.125603015881136
-0.0303502044257096 0.243310118547503 -0.151516170120539 0.374477811529159
0.11618336030722 0.182854049679893 0.069838667502608 0.154604248746202
0.214316949423792 0.0685132228296708 -0.0746354614240742 -0.00591709662488458
0.156601991057464 -0.0690635372306054 -0.251253330645616 0.106394457443524
0.0992132804073683 -0.0832730244522224 -0.175178426793875 0.07196431054422
-0.0093536549922283 0.00370028206098676 0.185120740953526 -0.100862291001916
-0.00879109742751779 0.0128863260500416 0.250976642655904 -0.118827578008287
-0.00673482040184987 -0.00556732901540303 0.0480927096545129 0.0207799085380308
-0.0133162137238525 -0.0112146749288495 -0.147215951959815 -0.116746276609197
-0.00337247503736236 -0.0417652227591432 0.0518495932786805 -0.420276895684486
0.00841630989476532 -0.022940549947608 0.452966224632754 -0.233642127457465
0.000204565553447715 0.00757857934705377 0.318373620937981 0.246317651051623
-0.021345309059693 0.00725957856018448 -0.126268447550684 0.321905803299472
-0.0337888741420334 0.00160857410933821 -0.322218147705186 0.223958841713514
-0.0325811220264008 0.00342290715139832 -0.353177561889556 0.301240012300867
-0.0122274570010287 0.0043199863801855 -0.277151077853422 0.471282030337491
0.0111867116039865 0.0220016587300879 0.0152357788352078 0.448914852339449
0.014772570153209 -0.000898720492998086 0.229213999254959 0.102253711417164
0.0163255269018162 -0.00137326663780888 0.0783994605543374 -0.230899354810289
-0.00063483706372987 0.00524554858864261 -0.0980248569001394 -0.216799329182507
0.0813217898755702 -0.0816828367780275 0.162529221829068 -0.074102900099915
0.154713769146911 -0.0475966367256753 0.240150973692417 -0.11283609454933
0.19574427548575 0.0513744648438977 0.0709726533877937 0.00191711868343088
0.102914789272336 0.168039909250954 -0.0917859312096174 -0.112076999331881
-0.0490652319140014 0.163352613972322 0.0807682250332566 -0.387409473937945
-0.145428415142547 0.065578627011829 0.427326964648858 -0.196691032216754
-0.102159589069965 -0.0667027436269317 0.284856512644936 0.253091302764114
0.0361406694564342 -0.11956018048773 -0.118843662400126 0.306877117361629
0.118595968211524 -0.0750554439485426 -0.290761821173231 0.21685025189233
0.136704674220311 -0.0573413206346194 -0.319112338451604 0.291356575389069
0.102214635678062 -0.0947284544400752 -0.214279486564609 0.465388104006016
0.0330549994993182 -0.117930773754774 0.085414325275545 0.428697402711627
-0.0580006612462798 -0.109308240326045 0.259282349637903 0.0731920918395902
-0.0982580515944819 -0.0167526371808698 0.0882421728980405 -0.245283712213395
-0.054799186796374 0.0172953324679371 -0.0735116160913111 -0.223282619502645
0.128910657488817 -0.134197756281126 0.110401193357699 0.00808613400802195
0.248009107538517 -0.099361290763971 0.214353412711466 -0.0595764027953785
0.325951073603301 0.0748924082253203 0.150339505490882 -0.0198953708088809
0.183859760511938 0.297291711412729 0.0812226007530114 -0.0923595324385387
-0.100753382546169 0.3055418476755 0.201391414232026 -0.234422425622049
-0.260845691426672 0.0817268060404932 0.34986265778182 -0.0226668608849513
-0.150789348483132 -0.16040697470318 0.168646103794567 0.261275588843723
0.0856768396121489 -0.223026607515528 -0.0918020975166006 0.244494898358612
0.221195581996678 -0.162993776766543 -0.166973622035053 0.184152222095707
0.256425479660567 -0.158154702159088 -0.127970930674978 0.263569164655577
0.176644407975996 -0.232639766776177 0.0417613012741136 0.397693497689202
0.0104561723517382 -0.261050743303405 0.295860441376659 0.270428235976428
-0.136984699344686 -0.17650587940443 0.30168729332289 -0.0762713930926456
-0.165505634517869 -0.0203127984464431 0.086647902295986 -0.285432054140599
-0.0788067374534975 0.0107856883557649 -0.0221959850846133 -0.237717396983341
0.116625553688363 -0.130929183616233 0.0518385346794512 0.112847797406365
0.215772082621493 -0.0991969968214162 0.178557274197557 0.0607512443530012
0.29052917745689 0.07351107881308 0.233371210718262 0.0499126762846962
0.131472150364876 0.288013623809016 0.240864964146667 0.04907692977505
-0.168369028144709 0.25027306827821 0.244888347673629 0.0497727555493854
-0.271808109589202 -0.0406004172709576 0.169397431665009 0.175283606560266
-0.101680616255657 -0.260174171975123 0.0253421767349681 0.219772217855363
0.117255465324056 -0.28678052701901 -0.0495848535181632 0.144287414728555
0.2170075182295 -0.258606921120286 -0.0119760490450107 0.0904573306366621
0.209748735930008 -0.28081912215271 0.104688429583708 0.0939292870469544
0.0802224618639418 -0.311889552415117 0.255715446163819 0.0800140590846062
-0.0805076945137719 -0.253461336423774 0.32935429622849 -0.0833315685466974
-0.142215545629111 -0.118382714092117 0.197511792278409 -0.264742098045223
-0.116104649176103 -0.00964776322520687 0.0496655473094729 -0.29991940271307
-0.0459669242566081 -0.0213353606481505 0.0207203365831652 -0.242615373703497
0.057147639170583 -0.0817419800467434 0.0093354274818411 0.199009569431918
0.0720600047168132 -0.0450852691565142 0.121911338585023 0.211903859474915
0.0839248481737349 0.0323958149908595 0.188183121150884 0.223709743815607
-0.0411405440787026 0.0820223273531229 0.13632502119955 0.261052916567249
-0.160229059133361 -0.025122767991666 0.0356046492189526 0.232578175154876
-0.114174758608513 -0.224854393703196 -0.0654477728928951 0.193057728741841
0.0335501490930281 -0.315222323387414 -0.0683099571118261 0.0966323413822483
0.131507350677931 -0.307260539767994 -0.00599909669044345 0.0168435996299059
0.104205779819988 -0.311997765727323 0.0695993395302411 -0.0642467660275422
-0.0236026969972626 -0.281804445942205 0.135768994021448 -0.162829296885094
-0.140114015864331 -0.127796391289894 0.117586580301966 -0.255428025632049
-0.0990501433239192 0.015781884676843 0.0306950817250796 -0.304468867957138
0.0264603249438897 0.0417507196466879 -0.0501299668007164 -0.295080353258411
0.049822715353097 -0.0202947432673256 -0.0379302088259157 -0.231989193863506
0.0357451049027882 -0.0742556883477902 0.0195320652875611 -0.212332959574824
-0.0144031580055895 -0.0219216061729957 -0.00140604641037824 0.235155711226206
-0.0848271571131654 0.00288063111056234 0.0399496327296424 0.303767967981556
-0.119682146053999 -0.0551608702574872 -0.0330608150941987 0.302871197886316
-0.130639315053673 -0.177222176928932 -0.202905777187053 0.214907521969432
-0.00964041494589963 -0.265992902235462 -0.22610139268489 0.0331509561389909
0.124249328841517 -0.285543193562439 -0.15168591249585 -0.0248099033154549
0.178182781055485 -0.28690493303862 -0.0437227267564503 -0.0652141639786501
0.130213010181794 -0.287780029326885 0.0357309008993545 -0.112961782969627
-0.0432625531505163 -0.278392432821246 0.016634900038895 -0.207754032686811
-0.246640674164461 -0.108154180288005 -0.0887558548228069 -0.251771428053553
-0.230035095816882 0.204818874343902 -0.184051387113988 -0.19209535087937
0.0279679179264449 0.304050064854309 -0.208759597203403 -0.151765613012827
0.255047707651321 0.154345930597448 -0.203418831705252 -0.145301758959171
0.215104880899397 -0.0590300576484819 -0.137719390435507 -0.0929335198270023
0.117005104329969 -0.119086207118256 -0.0319464262867622 -0.13029964985814
-0.0567431147141068 0.0089722962186773 0.0241860156679662 0.227916007862586
-0.155530470896273 0.00370390523050677 -0.0363628450858945 0.297888116368407
-0.161021226848479 -0.128328104025452 -0.226159776956045 0.167296785003972
-0.0631802728665995 -0.26038322444765 -0.33382690886922 -0.122592842642558
0.130933093419327 -0.252596968855352 -0.162319163062632 -0.334250511908048
0.248884905626457 -0.17589962578511 0.00982594191279447 -0.254631426733978
0.240111637599411 -0.190513056659058 0.0865290819610956 -0.182884611615162
0.109533216095642 -0.230192861794799 0.0760639557961233 -0.220295443551347
-0.128841495878486 -0.179191809042874 -0.129371392574805 -0.272573802440392
-0.27874343662049 0.0781694774423854 -0.336462137229084 -0.0922672699110715
-0.139612266276491 0.348918838367663 -0.259964162863835 0.134954523387453
0.135815406376318 0.337361696770882 -0.121423382100872 0.0777666541385553
0.327287124858576 0.142761188097751 -0.165279955482497 -0.0240854306060593
0.255189978022285 -0.0858113059928171 -0.208216577268768 0.0350849511105997
0.14197537390385 -0.126132043271745 -0.108059638753221 -0.020928528004313
-0.0485503671669707 0.00787614106084929 0.0650031455192575 0.20806571814954
-0.121023120926891 -0.0117979822565827 -0.0727308171245921 0.247395171351176
-0.0871665819747624 -0.109361446729645 -0.246033412063115 -0.021148632263014
0.0013069203531888 -0.164008505663011 -0.155433014697231 -0.369258047316023
0.1199539856072 -0.110706423714313 0.114491041813967 -0.473746601617212
0.188535559356494 -0.0468422461903279 0.23816420201409 -0.314281946619253
0.178193451860167 -0.0849486416750187 0.235459960187297 -0.220303183566181
0.0655790461016269 -0.136716215337635 0.111564981842443 -0.290794642730039
-0.110722505579904 -0.0742764333865641 -0.268731158033381 -0.261455117577224
-0.160239335834013 0.123374048447312 -0.447874145037959 0.128768884765711
-0.0298556966723455 0.240389206090519 -0.139924311779836 0.368901460929521
0.113313113815164 0.180046686918738 0.0747046415470472 0.146629303975522
0.210723426814594 0.0662377486885133 -0.0721948387535218 -0.010313247876237
0.152292400475722 -0.0677921535813333 -0.244256086147984 0.103746369618088
0.0958759504092636 -0.0810854859390153 -0.167275538414579 0.0715368297420493
-0.00936689984710644 0.00442431718152896 0.182442109722755 -0.100407314745976
-0.00857270172268908 0.0138906726652005 0.251786059725523 -0.114286187865869
-0.00864119086854056 -0.00623157728851627 0.0486797855025136 0.0247511031803225
-0.0137253466593587 -0.0113822504287569 -0.151549917392372 -0.115569382245799
-0.0025327296180247 -0.0417379259086514 0.0500059807805486 -0.422705005555742
0.00867867682489008 -0.0239530297284835 0.45420472453502 -0.234107534217886
0.000972971319950544 0.00785932936832773 0.322012075645811 0.248964096192564
-0.0220739414970876 0.00804227499627279 -0.126366301289329 0.323767765398579
-0.0335418635052329 0.00128278911211562 -0.323615652624967 0.223659830730373
-0.0324199473853985 0.00350529078136208 -0.354169055200129 0.298295608377092
-0.0129489569226879 0.00443505365111458 -0.274439764922594 0.470680293852414
0.0111931232231719 0.0218994002786928 0.0173769708648242 0.446849771930508
0.0147568179867131 -0.00125608417548003 0.230073531661768 0.101563347439228
0.0169548464896909 -0.00120375631405312 0.0793234445448972 -0.231477168075503
-0.00128904776382113 0.0050759436848827 -0.101594232169423 -0.213436645642095
0.0804585693919725 -0.0799903984691175 0.159558146492699 -0.0738152164366515
0.155004442175938 -0.0455782652315119 0.240474550445131 -0.109463363377343
0.195181801415742 0.0520713473729272 0.0714150500420619 0.00683992105757948
0.102026007583974 0.170458550804293 -0.0949889510685724 -0.111055542908869
-0.0507187092889556 0.16401044293052 0.0781119670952664 -0.389546811551983
-0.147787947969867 0.0643450629168728 0.426215719537966 -0.198298559992382
-0.103821313166144 -0.0673952970289704 0.287353306627145 0.254331965009832
0.0359012055941696 -0.120224520158212 -0.119492711561061 0.30723392895905
0.119280893785154 -0.0739303594604286 -0.291938929937001 0.21555934917945
0.13691031178444 -0.0568559343250779 -0.321710781161479 0.291382116418196
0.102315328635856 -0.0936494309191735 -0.213394559718143 0.464987176246752
0.0340215719362718 -0.11795488189449 0.0854574481477512 0.425805124066438
-0.0587138157214477 -0.10986417841041 0.259192775181177 0.0714509044144096
-0.0984672777160693 -0.0165638877162472 0.0886112982569145 -0.2449414270444
-0.0569282164444936 0.0158800858687621 -0.0754815824755183 -0.221505497821466
0.126959487475042 -0.132080385987866 0.107292122770995 0.00822709770077206
0.247959623140182 -0.0978186483248929 0.213076683394143 -0.0569650773560323
0.326543582680272 0.0781110850587609 0.149698638832826 -0.0159276855642617
0.182345205062745 0.301790283628488 0.0776823693325286 -0.0920252483433715
-0.105086681528537 0.307926110516102 0.197462699837683 -0.23463300477763
-0.265451151110876 0.080600479246314 0.349188412168965 -0.026268240123922
-0.152867540408138 -0.162478319058262 0.170870894260625 0.26169573249177
0.0864617088201381 -0.223781621769995 -0.0908279400236415 0.244570915417972
0.222341834251527 -0.161729039797201 -0.167287414354664 0.183089979891656
0.255901603452364 -0.157013017567664 -0.13011983541476 0.263820473038799
0.176773068024863 -0.232530584140742 0.040319896042296 0.397710104395347
0.0110683780085325 -0.260593279964738 0.295783734877823 0.268297793040626
-0.136539542198096 -0.178000954746412 0.302430271754643 -0.0760221757170218
-0.166438588827649 -0.0206961108666231 0.0862325938705666 -0.283924332252666
-0.0815638811939349 0.0102896483028107 -0.02392130681756 -0.235579861439369
0.114666619621009 -0.128853003155186 0.0487919203971749 0.112276365887018
0.215085576729279 -0.0972395003407907 0.176190392526524 0.0606089115383554
0.28978005647284 0.0757991214391515 0.231488564347729 0.0493929603411546
0.129662936112497 0.292784762054055 0.236846324857365 0.0475713553633602
-0.172257442113994 0.251777191890895 0.241688025329082 0.0477242076848205
-0.276246287032566 -0.0418727121931672 0.168897078970652 0.172362843435954
-0.104448205263184 -0.261801022864318 0.025827512114312 0.219060761465486
0.117523521628312 -0.288342969954954 -0.0493149955687401 0.143949517560467
0.216032414082973 -0.258399711469159 -0.0122480202802361 0.0908495859742529
0.20921980865355 -0.280577528615617 0.102037102073822 0.0952845362788555
0.0809478277114343 -0.311570633219003 0.254134338012588 0.0821647312049047
-0.0796720387814527 -0.25525688875914 0.328951231564996 -0.0815825718230664
-0.142945670133246 -0.121332864911662 0.197653032065805 -0.264147739090749
-0.120044226868036 -0.0122492488026365 0.049146335202342 -0.29675808996975
-0.0491954967809317 -0.0208353116124601 0.0194343947754774 -0.242120698079186
0.052872076471825 -0.0792614912233576 0.00655755282946197 0.196314737049412
0.0691903877669815 -0.0442277772650163 0.119722244356763 0.210461993060208
0.0815188484140218 0.0324157215953871 0.184003275644781 0.221153974336387
-0.0423118734009148 0.0816191038600039 0.132308369792841 0.258030069788825
-0.161841320671561 -0.0259548131240359 0.0351947999811459 0.228912770107695
-0.117040774765679 -0.225332522540296 -0.0662573581205221 0.191675314198227
0.0328538747261807 -0.315945849249953 -0.0685013757937642 0.0954821957738241
0.133250500026606 -0.309387593995318 -0.00634834476480606 0.0170702009261648
0.101964901894724 -0.312416460880915 0.0690073853762866 -0.0625450557600307
-0.0260019183798505 -0.28286693001638 0.135163904625018 -0.159766840145599
-0.142074555720927 -0.127947856961734 0.117653764042742 -0.251704115584717
-0.100012933511768 0.0149157171795334 0.0322761031697961 -0.299075077531063
0.0251634240250304 0.0404623517881993 -0.0476457434642324 -0.292093087865442
0.0458811025102996 -0.0211616461164424 -0.0355067808627501 -0.229567466734282
0.0330899693477927 -0.071937889099493 0.0197615143643581 -0.211298470216908
-0.0184817988444652 -0.0207272803644332 -0.00305534169018667 0.231483074485463
-0.0889715710386428 0.00244056375348683 0.0381103034947276 0.301161835025296
-0.122326141481284 -0.0578221003165107 -0.0355790516790097 0.300648625627924
-0.129802013483545 -0.180775101982486 -0.203757610471829 0.212183529654433
-0.00917913599088958 -0.268098875404276 -0.225299920475376 0.0301433656346525
0.125126742799557 -0.284406168861196 -0.149560201514144 -0.0254152125660925
0.178745525491958 -0.284968643477597 -0.0433431553008686 -0.0655725809775115
0.130362226979586 -0.289613794086749 0.0354609621251895 -0.11222500980784
-0.0454050794728434 -0.281274065474277 0.0153392071083715 -0.205878534707356
-0.251278193661846 -0.109068223949409 -0.0884136232028653 -0.248526596488061
-0.233168330171657 0.206733624917101 -0.182340316072846 -0.18742413362966
0.0264625491612033 0.305501697455678 -0.203984312844905 -0.149110757719092
0.254851643550787 0.157096888397604 -0.201536627138994 -0.14418844694154
0.212883070503576 -0.058035074455468 -0.134995136252949 -0.091885401939449
0.115003000057339 -0.116686724955507 -0.0301911907840696 -0.128857537840184
-0.059700273387408 0.00955685603819925 0.0247767533080801 0.225041622663199
-0.157932738018702 0.00135389851226226 -0.0350896780196313 0.295715400701313
-0.161734302715234 -0.130507126745138 -0.227610126959623 0.167174312722498
-0.0621509748735368 -0.262924623829923 -0.332934341764575 -0.122507574165911
0.13254089293419 -0.25209169960511 -0.1619303142912 -0.335370571132839
0.250911601698031 -0.174618468071226 0.0140867055690291 -0.253910204170101
0.241232836226094 -0.188681880437916 0.0880294668268446 -0.181416421834625
0.108654250735027 -0.230365425668915 0.074658431036914 -0.220656165006039
-0.131558758093089 -0.180941242651461 -0.130878872065033 -0.271984911587471
-0.282873798899047 0.0770944937999629 -0.336313217190801 -0.0900613834826884
-0.14329246761192 0.349581794643447 -0.256070947193372 0.138668656889573
0.134641590014609 0.341920201571945 -0.114977003161835 0.0778141923041675
0.329152002112939 0.14701358158207 -0.163765844588419 -0.0265689882541076
0.254345252487829 -0.083567407048391 -0.206031031118865 0.0338020472964327
0.141052598086561 -0.123949320667237 -0.105276970599832 -0.0208225281938304
-0.0508069889392194 0.00730331908611191 0.0664771466509341 0.206055031433209
-0.121453555440027 -0.0125426031833621 -0.0725451785502381 0.246512540329957
-0.0876661419652442 -0.11102183624978 -0.247849577751251 -0.0208768135689982
0.00175971256973664 -0.163431275307819 -0.153423084392806 -0.369568779201866
0.120108729992622 -0.109506033946388 0.115282923284208 -0.4717808940001
0.18984449180816 -0.0460197106239883 0.242010401897053 -0.312062881392805
0.178248408892239 -0.0838677870252773 0.237638575980406 -0.218058285083775
0.0657655647482806 -0.136748515668841 0.110479726252425 -0.290787051311119
-0.112956903578812 -0.0745664831413314 -0.27218574914813 -0.262691259288723
-0.162561389991318 0.123654280578315 -0.446800193608737 0.130041473768657
-0.0320728519881934 0.241035177013889 -0.135863831460717 0.369814423992696
0.113252283757051 0.18327300565942 0.079511926927079 0.145161463333731
0.211797400957771 0.06801232698061 -0.071837483896253 -0.0154180142851571
0.151919955376869 -0.0664347577749436 -0.242899391013897 0.100478278194672
0.0954155854335228 -0.0800798389780741 -0.164304103383836 0.0708724365128483
-0.00540904833055963 0.0098343761667873 0.14532218849603 -0.148246881359493
-0.00146325272524017 0.0191673747674295 0.213715069140824 -0.178578831544461
-0.011605591313034 -0.00339274575785717 0.0564224355521457 0.0150616454986984
-0.0165985364608371 -0.00805983402382365 -0.183854222264349 -0.0662069312333689
-0.0128669487942893 -0.040522008369224 -0.0737736483875945 -0.427038432623763
0.00694321992600691 -0.0257506419692766 0.383747344438735 -0.357574760611642
0.00464526667455527 0.00966506702028684 0.388138151404796 0.157240738380933
-0.0187335698561136 0.0146690280047733 -0.0331192440874233 0.35277926678691
-0.0334428429207863 0.0120008761387794 -0.261511703476296 0.309013122325249
-0.0303701397431516 0.0132063324634847 -0.273741879052267 0.391548464622209
-0.0106652057886499 0.00991304078888637 -0.14597121424839 0.538815142015088
0.0190319858763426 0.0209370961127513 0.138053143154421 0.437113915603092
0.014562593075547 -0.00555601741278073 0.253098081682204 0.0367300651068507
0.0168041647294304 -0.00665545652829992 0.0145556906407829 -0.250139535337137
-0.000859129345703034 0.00406079318737216 -0.160767247746298 -0.18147949792489
0.0588807031976653 -0.0969354663034823 0.131067373336394 -0.115511772824017
0.143443573009863 -0.0850659868988268 0.202890943639407 -0.172081984303857
0.206902979519147 -0.00139526618171589 0.0740805552138934 -0.00985519899491406
0.149102842316301 0.141761811279466 -0.125574936998806 -0.0788621558193778
-0.0039432369728559 0.178912591080118 -0.0351014709248374 -0.402573062251722
-0.127900986520247 0.106253612597359 0.364146948441759 -0.315045302827252
-0.121427514834809 -0.0364469974574198 0.355847688361343 0.171241835360125
0.00122052905509887 -0.126891545441167 -0.0308881696634099 0.33476940847756
0.098549416632389 -0.104632757628838 -0.232210033951578 0.291998586968271
0.12001186584241 -0.0929811443257322 -0.24175982616193 0.375281078462789
0.075252475572396 -0.117409339641885 -0.086349153745411 0.516040945860239
0.00389535092716075 -0.123833772329217 0.199034244347083 0.395673481769806
-0.0863224847042466 -0.0923907742286298 0.272654869914804 -0.000338563611754194
-0.100861456792282 0.00882195829285313 0.0197154315196219 -0.264340450002659
-0.053927123232689 0.0299778278669529 -0.137062180510522 -0.19561306063185
0.0883947321965823 -0.16069863299239 0.102053924807166 -0.023004207471616
0.218395283581782 -0.161438279017241 0.188819461644529 -0.115335406456769
0.34501512875363 -0.00944523785705995 0.141494414507555 -0.0577347831354416
0.265731817681201 0.249510422937059 0.0470507968148352 -0.110438354088006
-0.0197891137548168 0.337154476294159 0.122430524151616 -0.286343871333087
-0.243568439306812 0.154615585317131 0.333648474651551 -0.123123600166714
-0.198561586830406 -0.116537081861337 0.242260447277792 0.210111535440264
0.0214649043189345 -0.245208007109924 -0.0200087640662433 0.264673244519927
0.176243978701953 -0.221087198670225 -0.116240815670259 0.226394600002512
0.211362437482841 -0.225465935577885 -0.061046923842727 0.296342247576258
0.112850509195056 -0.276107895219044 0.144418583097152 0.383086818188559
-0.0558982249163929 -0.262440754966886 0.361575282847557 0.186015779271524
-0.18286011993057 -0.139871576070464 0.275810858808986 -0.156111403740325
-0.170972316714212 0.0223370809326798 0.00854339240677753 -0.298427137891779
-0.0811051840896168 0.031759552564079 -0.090001250104345 -0.224235486716671
0.0720295527197932 -0.153688181858001 0.0746741065991121 0.0936040977547705
0.182258076396225 -0.15084803711627 0.184283336303077 0.00765348839342939
0.305860390722031 -0.000898271032707159 0.236173198582882 -0.0177029871603268
0.209607149827804 0.255766420412314 0.2405448004754 -0.020617408706347
-0.103457970390313 0.300331467398446 0.246713357170543 -0.0232646180779008
-0.290245726398289 0.0368998791290132 0.210377163863005 0.121180516427352
-0.178760921397116 -0.228141457957563 0.0864827411916062 0.206511446008032
0.0360040814168456 -0.318336407920272 -0.00827168877111517 0.155061834141712
0.143060645373111 -0.315338069067701 0.0127362111502766 0.0936283031770835
0.129848470198032 -0.335970007390893 0.125398319435684 0.0680101103163811
-0.00356947001792181 -0.331024537155546 0.271369793985043 0.0153540727587283
-0.145006263320888 -0.236169888546633 0.302873939600626 -0.167263165014408
-0.175501361246882 -0.0847427930360536 0.123285954333785 -0.309568661713695
-0.12420975667429 0.017998552541268 -0.0307529273803174 -0.301948998922772
-0.057195126891284 -0.00653169642574254 -0.0467122375424305 -0.241793369033838
0.0227930092825611 -0.0876432324891469 0.059166987012079 0.186720755143685
0.0507075816484752 -0.0583264837552212 0.173328714167392 0.167904613886302
0.085074128534479 0.0129151652764541 0.237383650160167 0.160084835114672
-0.0208520272675304 0.0935155093075819 0.197290132474631 0.212585338662802
-0.169351497227905 0.0188210689362961 0.0952640653638923 0.211650859346343
-0.182071985373634 -0.191391226967579 -0.0124768253061986 0.204416862387241
-0.057418322161331 -0.32065577515582 -0.0387091410001822 0.111397751549626
0.0447918758238894 -0.343210314584848 -0.000640873817471597 0.0185113052232234
0.0126244812600971 -0.33987744784934 0.0521882326853524 -0.0796315411765664
-0.105884123292406 -0.273689133599487 0.0902070114483188 -0.192889371333214
-0.176694735416147 -0.0886517366390799 0.0493644694280752 -0.276289922014642
-0.0965283711553589 0.0390534508608824 -0.0443402371709354 -0.30211799143285
0.0330573267804221 0.0312833812625794 -0.124235778160564 -0.270904560415753
0.0345290764008308 -0.0355449039025032 -0.0944416039228679 -0.213958195542642
0.0106826650663394 -0.0775946198075628 -0.0369716280591155 -0.212424282546017
-0.0316351581984 -0.0116843975316948 0.0615481945813915 0.22349597714448
-0.0934672605762891 0.0294258753626293 0.121256083104734 0.280124124716685
-0.142591703070145 -0.0241228429153698 0.0459087635269407 0.301967288483046
-0.180915550412067 -0.145101939272779 -0.143448731322758 0.26406555313469
-0.0835621367118845 -0.264300066392598 -0.212918548372749 0.0892376821233411
0.0462507264937842 -0.3172880983575 -0.15219750871323 0.0144028520034662
0.0972162264365505 -0.331171090107142 -0.05873278481374 -0.0528911097340624
0.046929146702474 -0.322819902011632 0.00269498247828375 -0.120362236926095
-0.126997972589987 -0.267310261110859 -0.0404099968136578 -0.207475075714198
-0.283373753227568 -0.0390436671771443 -0.154801246976894 -0.221279821907129
-0.178165599031752 0.269242820429477 -0.227570321504077 -0.131820394606593
0.105582374452598 0.298145400024025 -0.234089144424129 -0.0904068285007811
0.291768554039427 0.0864518768325365 -0.232724133336754 -0.0883883229609747
0.189565765142908 -0.113681119285471 -0.153761716958067 -0.0557218658307686
0.0811285747346895 -0.144143378100706 -0.0638477835786568 -0.119903163806235
-0.0637401428487046 0.0291222795153642 0.0886570190768422 0.208704500119451
-0.160618126117398 0.0463621584826853 0.0492530077290828 0.296814301064225
-0.199271934890978 -0.0864600527452743 -0.177728998933313 0.227480943569737
-0.134419261145303 -0.245188461248486 -0.360375742581628 -0.0249093476269599
0.06262627579701 -0.287533352598222 -0.251519799749038 -0.283625638721872
0.203461283957516 -0.242980663858171 -0.05261488826426 -0.254119122571399
0.187088623503254 -0.252823009203291 0.0385307024501401 -0.202001779711166
0.0418952877717478 -0.25894611426581 0.0122823162199372 -0.236671571721497
-0.186376199917548 -0.143833367136217 -0.203965813305394 -0.233314984640712
-0.26321473087666 0.155800653781835 -0.358830355827223 0.00312812796087638
-0.0489352836692839 0.387019970328712 -0.210716245071297 0.210560634105616
0.224874164315323 0.307160920137737 -0.0844504717477337 0.106348686200359
0.363101749417633 0.0572765293222052 -0.166301386654107 0.0129542760163739
0.223552355180985 -0.148842025895806 -0.191985198775552 0.0846158581407116
0.10515589759117 -0.158266243798033 -0.108576903702289 0.00733904607305394
-0.0540327676552324 0.0251168577608674 0.124933804462392 0.176808130122615
-0.127391238197883 0.0217408817148816 -0.00049560327153249 0.260463872688449
-0.118745527671366 -0.0876280022185205 -0.248567813968999 0.0517075373749107
-0.0421500555166425 -0.163879849927155 -0.253126475502883 -0.316626768685159
0.0902577795945649 -0.140793212361405 -0.0181583672987601 -0.49198452834445
0.179022064239533 -0.0992436844896014 0.154970506315726 -0.374612126156517
0.15485136294876 -0.132747279666486 0.175641274724975 -0.278016642711014
0.0253396282360437 -0.153922347755935 0.0284925272411549 -0.316109354142575
-0.136177675203896 -0.0426184326609521 -0.342792556537217 -0.187538059290409
-0.129005817582454 0.169154965506574 -0.410014587192957 0.25322902744907
0.033400123654243 0.249501772741375 -0.0289744537600791 0.406141566499742
0.163004622175025 0.1535042967439 0.124576475464769 0.117830741309571
0.226932217376586 0.0104596816733252 -0.0755700870347675 -0.0023003049063453
0.129513380982616 -0.103967107164848 -0.212791523147731 0.16003961000689
0.0715773636671702 -0.103363824503029 -0.140556133906061 0.113143322075238
-0.00530252981377415 0.00929116002411786 0.139788744810824 -0.154531536718255
-0.00092075455960811 0.0199971211988453 0.212988745326506 -0.18842455646666
-0.0136675429953166 -0.00294013683891136 0.0603480069285929 0.016877232163769
-0.0181113670228557 -0.00785162012241317 -0.193117355858024 -0.0560166604517469
-0.0145838215076648 -0.0411722153932039 -0.09733688288382 -0.433788847260498
0.00478065079962677 -0.0279075348808465 0.374670027381049 -0.381823409861721
0.0063101286608796 0.00928499316652317 0.406023225332664 0.144251797213061
-0.0194013558209724 0.0157057264604171 -0.0181661170172044 0.362200693872339
-0.033790183854874 0.0127084392418182 -0.25453910577322 0.326446038652099
-0.030177469886903 0.0138956295832347 -0.264108828452459 0.407414887871086
-0.0103001746180551 0.0110354885157051 -0.124943412449243 0.552487157593632
0.0201377352953882 0.0203305166189416 0.160753502422612 0.437244346372022
0.0142290153924067 -0.0064914537716838 0.259712496344517 0.0258981254661643
0.0175456035777837 -0.0068964299543347 0.00335750144310581 -0.256043300659793
-0.00153036140452022 0.00433182351957305 -0.172373534315533 -0.174127146644384
0.055334752643636 -0.100882673091835 0.126124845812637 -0.121580881860344
0.143929180949303 -0.0910136345016824 0.200807762867092 -0.181515009224233
0.210941526905531 -0.00893232375097278 0.0777134622385843 -0.0100384702283986
0.157868276477066 0.14072909030211 -0.135208180661906 -0.0717991213128842
0.00280539660188433 0.184771142656674 -0.0577165747009318 -0.409072763872923
-0.129436177934196 0.114198620760507 0.357089898806701 -0.338181153386745
-0.126786359871273 -0.0329380949924173 0.372514478499853 0.157772189609454
-0.00456735815809111 -0.130580848795431 -0.0168001039169473 0.342101961855242
0.0965569402902832 -0.110276365059917 -0.225452434739103 0.306307917129845
0.118039635009069 -0.098708809309056 -0.232443982258799 0.392038827201767
0.072090101363142 -0.121805489367337 -0.0669546974432905 0.52589920320579
-0.000716071215935078 -0.126865250901787 0.219679567859789 0.392722676808833
-0.0924428385523509 -0.0912760583976471 0.279261655915189 -0.012715216499747
-0.102787887010724 0.0132104379267737 0.00900586193886823 -0.269714000289396
-0.0563361611809937 0.0324132978248509 -0.150805945624952 -0.190515180977248
0.082716579639753 -0.165225590712527 0.100344095336607 -0.0264247915009414
0.217331987355164 -0.172125704414863 0.186606883711256 -0.123666408364443
0.353026854818955 -0.0229229552042843 0.142388869039559 -0.0610244336736769
0.282861691814869 0.248693874627633 0.0384094053123139 -0.112203103631738
-0.00918094510155767 0.350018376963282 0.108200219601219 -0.296656951285461
-0.246617265186446 0.168961831313419 0.335125923484504 -0.142066320293381
-0.210838812723927 -0.111141294275614 0.257618354606529 0.202422975601612
0.0114094388986637 -0.252530457708308 -0.00889790244914903 0.271821198491706
0.171051698399654 -0.231017613915152 -0.11084253838486 0.235523336790943
0.205182715525938 -0.236770033640664 -0.0516478819623941 0.305111545170962
0.104140764913049 -0.284771178849431 0.163274487136379 0.38313110115943
-0.0670245265153134 -0.265935412039272 0.374491482176405 0.171841082692481
-0.193329332759797 -0.136176894088133 0.275094449466028 -0.170851910758027
-0.17468835811472 0.0296285698598532 -0.0038818511482019 -0.302712656615056
-0.0844075529682273 0.0367002860398247 -0.102646482823743 -0.22168922219407
0.065941025312579 -0.156328414474952 0.0780935054809005 0.0930332807390875
0.178647017753929 -0.159908161685377 0.18544439305239 0.000991077506757876
0.311255063636557 -0.0114378645253325 0.237747132542913 -0.0267373012521894
0.225764334701434 0.255105450774083 0.238266429278202 -0.0314084687571929
-0.0947287854616479 0.313701421469948 0.245397734606534 -0.0355775032526373
-0.298713578683004 0.0499894776847397 0.218958541563769 0.11253263907555
-0.195119076058049 -0.225168266512521 0.0984437811150617 0.206147836673395
0.0228029692708537 -0.32757295511471 -0.000354737816234936 0.157965185055207
0.133556898251152 -0.324828914372295 0.0154855806722744 0.095207165316016
0.119009082800961 -0.348028122359848 0.129301612081923 0.0668672796279197
-0.0178040544705263 -0.336558663737723 0.274906721816485 0.00746394595177483
-0.158355338125268 -0.236213971058816 0.300268118650199 -0.180707066367204
-0.183904957517904 -0.0818592797107533 0.114265760147298 -0.318636089876028
-0.129893452354448 0.0225814179237757 -0.0431991840286858 -0.30379820227779
-0.0615063902765795 -0.00251329437784079 -0.0585769602150817 -0.240598606815516
0.0176607928231251 -0.0881840450209806 0.0658692710460958 0.187565951715779
0.0460302144985036 -0.0602188077986283 0.180845399613737 0.163438802834505
0.0845603215761393 0.00940504230643988 0.243945606357945 0.151664080933597
-0.0187741775520358 0.0955900228422763 0.205497729682939 0.206471821996211
-0.173737957059723 0.0253800554436011 0.103351876454131 0.208976890998794
-0.196861409940903 -0.186935213797321 -0.00515849356418206 0.208023271081835
-0.0732174886428209 -0.32433364252704 -0.0346585772978831 0.114100598798789
0.0313863249827422 -0.354084605212198 0.000473396437565894 0.0189880209873836
-0.00195249473836521 -0.3463505984299 0.0493769128720087 -0.0822888736093482
-0.121548835901713 -0.274485665696269 0.085304603821334 -0.196398362221538
-0.184869526973875 -0.0827044910791509 0.0397110950758256 -0.277654767001934
-0.0973937837218661 0.0421573189729919 -0.0552867199039981 -0.302020449826031
0.0331831973949673 0.0296847620578621 -0.135899224664232 -0.26873345763559
0.028690377102604 -0.0368376526634912 -0.102320378523795 -0.211857034648821
0.0046688140992004 -0.0765961658692727 -0.0459698690234558 -0.214119891702493
-0.0363197707318639 -0.00812819827313055 0.0705962264075349 0.224243118578774
-0.097914412158072 0.0337751325605857 0.134941071767382 0.277776975067517
-0.14993313836807 -0.0197033987891128 0.0576578512791371 0.304042829734398
-0.191496206993373 -0.144076041058172 -0.135618064356466 0.274559942355101
-0.0954750458600413 -0.268117646121918 -0.214991216292386 0.0984735688458187
0.0344219936209322 -0.324365534005795 -0.153172156923198 0.0201485107163108
0.086274097165853 -0.342224543416177 -0.061584204206169 -0.0516005849726524
0.0355616888353482 -0.333495301215801 -0.00155536947448273 -0.122455821852655
-0.14282892660197 -0.267511366879156 -0.0507100017800171 -0.208297033674244
-0.294650452872875 -0.0279250897404822 -0.164724740103743 -0.215548026533139
-0.17362587770704 0.283038719663199 -0.232357855527621 -0.119785295323846
0.119770995662924 0.301894668954683 -0.236349570628417 -0.0806837229059737
0.300926409520162 0.0773712773391035 -0.239056215352914 -0.0792635244332126
0.185559844932497 -0.122522720866193 -0.156046033476649 -0.0503677358691404
0.074613041704512 -0.146676265780995 -0.0682086282940214 -0.118300658926201
-0.0658393430273507 0.0334202931063227 0.0994556666278659 0.206566186136692
-0.164817416036531 0.0539401937843588 0.0636387279670944 0.299025883351478
-0.209256538276699 -0.080260149740648 -0.17243207733466 0.240064845078071
-0.148055966553994 -0.246754951960959 -0.367196555565985 -0.00923321387315437
0.0523827684433109 -0.296545767582397 -0.268142517534263 -0.278234340434745
0.199621774410768 -0.25584940021053 -0.0617007182228373 -0.257369538534681
0.179742988830393 -0.265347675077842 0.0326984346277646 -0.20640973817617
0.0315039823655174 -0.266888403762617 0.00245014069706831 -0.241414630015632
-0.198366718962616 -0.139428822917091 -0.219630352048664 -0.228532144473708
-0.266499485115776 0.170089704514973 -0.363735441638915 0.0194352895514864
-0.0368641493936274 0.39950998849995 -0.200527271103482 0.22490035231169
0.242080787720534 0.305878925611803 -0.0753816131908007 0.109903871398271
0.375261321045301 0.0455594660056811 -0.168033294085494 0.0173557654077409
0.221284484437263 -0.159436440191509 -0.190418453786569 0.0917824142226638
0.0996167079074359 -0.163521575215121 -0.106241688217845 0.0113728815669323
-0.0566933756177571 0.0275731332456943 0.137078187747676 0.172378943726945
-0.128724920301708 0.0270063541228892 0.0113110488354893 0.26570892831965
-0.125739780641438 -0.0837618615039012 -0.251491709076549 0.0638022759541444
-0.050282741816181 -0.163883360991641 -0.270704405845755 -0.312373233697931
0.0868817237439235 -0.148219296163238 -0.038777443964137 -0.499987046642811
0.18020310887474 -0.108969093821619 0.144641188852976 -0.388016259024374
0.150933538640242 -0.140956070313262 0.169404985409029 -0.290611650178779
0.0189413665375732 -0.158685814711014 0.0170020831149227 -0.324199568392873
-0.142770896653127 -0.0383566664151595 -0.358789059039393 -0.175064043659214
-0.126586820237854 0.178336410483397 -0.405918190085772 0.275955536244387
0.0424057035638097 0.255487540550357 -0.00799002696970822 0.41475711970689
0.172799619459018 0.15196995458387 0.136627956718962 0.110159300352764
0.233524236112734 0.00107960939488341 -0.0786120439670679 -0.00360099967971433
0.128404777133164 -0.11018308430594 -0.210998285049786 0.168929731724574
0.0682078169151112 -0.107065607953211 -0.135226722107035 0.119002590779512
-0.00443901953655586 0.00936178573227507 0.129343416247494 -0.16031653052999
0.00128089334916646 0.0203652823020345 0.204929394946031 -0.196199142532446
-0.0149923060838544 -0.00118291438422879 0.0637291297878747 0.0176428558755024
-0.0185975016310171 -0.00667643763115212 -0.196962005713154 -0.040975730763026
-0.0165265840397789 -0.0410178323327339 -0.123871477130508 -0.426022071099744
0.00314068498364474 -0.0279715952386913 0.354447083735713 -0.402468345790021
0.00769435939619995 0.00856611240638103 0.416522508407002 0.122388000647834
-0.0188277425196799 0.0169844586351573 0.000388085358357293 0.362727488010675
-0.032871529080557 0.0137227369605248 -0.237286406079921 0.336446928117697
-0.029273934534796 0.0152286061417177 -0.244703326418172 0.418151532422555
-0.00992041563451997 0.0124643680014459 -0.0964554579185008 0.552781512913877
0.0201993852170042 0.019038008734316 0.180215462793469 0.423398753136058
0.013172511998381 -0.0070256292946715 0.261065976351855 0.012461583905859
0.017380837148426 -0.00790109746959552 -0.00990288086263983 -0.256291676585762
-0.00220990384769001 0.00423699083547147 -0.181314131276191 -0.159718546247931
0.0495711613432907 -0.102413212932326 0.117241167699637 -0.126109995413387
0.139746213379647 -0.0972877955542479 0.191882844710119 -0.188087505103325
0.209649081565372 -0.0192997286685468 0.0788779484729183 -0.0101451453296943
0.165915375398271 0.134097564419425 -0.141103689575886 -0.0605652259077821
0.0111828674600273 0.186191111944976 -0.0844438459749664 -0.404704161179851
-0.12576082949393 0.120664642648533 0.337660704315167 -0.357884982832339
-0.129619049434509 -0.0270752693576724 0.382928953192125 0.138714236621389
-0.012545745330382 -0.130186998253635 0.00230736275304378 0.34138262909034
0.0912652532426806 -0.114407249628922 -0.209355994368217 0.315395363319868
0.112449704784725 -0.104711447448766 -0.212923025721076 0.399416820028675
0.0665753501065324 -0.124160318555553 -0.0410587833902896 0.524592121957767
-0.00641957587826484 -0.125762585755908 0.236797682229488 0.377505745138362
-0.0983599126494235 -0.0863192617819604 0.276988873404759 -0.02777048096675
-0.101911928692426 0.018772669517808 -0.00550042210701411 -0.269239101207689
-0.0560709729021585 0.0363616310415299 -0.160671769230929 -0.177398690090705
0.0729176968672682 -0.166831107531984 0.095925378155674 -0.0303231091284981
0.207858786302198 -0.180928930515103 0.178333677469341 -0.130641445488463
0.352534170382225 -0.0396312048209444 0.138742798239514 -0.0649747096886332
0.297015499975382 0.236418853612474 0.0279179798675139 -0.111144310054794
0.007300552819402 0.351921124099283 0.0865777186249041 -0.30139771443137
-0.241802898035194 0.182009259153712 0.323509616743755 -0.16028294741457
-0.217576062081105 -0.100040983547043 0.269464059935313 0.187780442400823
-0.0033599185768119 -0.252972980356844 0.00565060743096912 0.270481111534814
0.159996022375331 -0.237821674984666 -0.0984364914796776 0.239352558847881
0.191632226201471 -0.246226743479482 -0.0377998485320552 0.306404777781461
0.0890627718521643 -0.287294144923785 0.179916910415474 0.373760109799233
-0.0797692031374282 -0.261726399513292 0.379694137362372 0.150795281179485
-0.201050955251749 -0.127452814595542 0.263498731803139 -0.18472937967856
-0.174157558192418 0.0380722370239924 -0.0187147447362228 -0.299722904713552
-0.0847259663609725 0.0422072725722 -0.115254335130787 -0.210945443851387
0.0559915523100514 -0.155939849348357 0.0795075467677524 0.0892459274089605
0.168311199662017 -0.167376310459354 0.182057420744241 -0.00767286391812837
0.310313882470399 -0.0262539262402424 0.232233467926968 -0.0390821753519086
0.23905943237504 0.245431108543298 0.230681838496009 -0.0432885849225185
-0.0814982717257418 0.321056383883133 0.237180445260933 -0.0499397680176627
-0.300511221209224 0.0672062680823909 0.222552408348155 0.0988579206004416
-0.208273308902141 -0.214905771693735 0.109779052456162 0.199303319872154
0.00471394351847485 -0.329422476036146 0.00881321367080946 0.157033598662225
0.116891862284377 -0.329439518690062 0.0197314706238246 0.0950598405421614
0.0998656289608372 -0.350793752599498 0.130895986376733 0.0618639596170272
-0.0337375810406807 -0.333830904755665 0.272747619348692 -0.00233338540451564
-0.168776295568959 -0.229441845075934 0.289753027835122 -0.193897985646864
-0.189579872498001 -0.0738594843593101 0.0983407197600097 -0.321463910006532
-0.133040085345553 0.0291257271200651 -0.056108949806613 -0.296024678173258
-0.0649271076231616 0.00329279235734243 -0.0705054700798496 -0.235466025503471
0.010458665186241 -0.0849213503461758 0.0733957488429839 0.183203798568903
0.0395081151565686 -0.0607888120512888 0.18478231380575 0.152169656544252
0.0827377484038382 0.00627799289119234 0.247775517789011 0.135990187425501
-0.0152651493106157 0.094666373653002 0.211713393639604 0.193679516749972
-0.174170627332308 0.0354847167247874 0.11070855818153 0.199739311979797
-0.207634817736677 -0.176017622408801 0.00616135968885457 0.205659928170053
-0.0921537025663894 -0.319650759278001 -0.0276821979513443 0.11529914045765
0.0108060998915957 -0.356796662987242 0.00234348690505 0.0188483958669748
-0.0206831848409551 -0.344772584419577 0.0447167418005628 -0.0814577398842082
-0.136283157327976 -0.266904031084832 0.0749210349222965 -0.197659911631863
-0.188290614362284 -0.072941428907154 0.0272412381778308 -0.272971817764301
-0.0951966558224176 0.0462438239714689 -0.0671425653207883 -0.293882609622448
0.0329321673154987 0.026660719663026 -0.145611308038068 -0.256344952444458
0.0217292306070283 -0.0372844698117635 -0.10950710727374 -0.202966800847589
-0.0017866654897148 -0.0736237470733571 -0.0563180950819434 -0.207822391630597
-0.0391791360632309 -0.00386472478718014 0.0818318725590592 0.217977534927999
-0.0991453647394473 0.0400885834680778 0.146191970229772 0.267304692251457
-0.153580464420786 -0.0129615614803267 0.0701399579153072 0.298635096289288
-0.200083322350397 -0.136718830308759 -0.122119890112868 0.279658452553427
-0.109761550069523 -0.264011405301226 -0.210073880190738 0.107328592426155
0.0186511695074201 -0.325421220048634 -0.149526573976368 0.0268615087265872
0.0680346512880498 -0.343717597662781 -0.0626790389714622 -0.0483610460877026
0.0159357968486751 -0.336324047806311 -0.00844457806530214 -0.121367311217066
-0.158867183043522 -0.259519207760257 -0.0613857655994037 -0.202176140330603
-0.299796780252456 -0.0123039203229528 -0.173825990162999 -0.204329853594355
-0.160540876842047 0.292791983665036 -0.232615046101525 -0.103682971685387
0.134010189703957 0.295948191246975 -0.232854648422166 -0.0666438278981428
0.304962649439182 0.0627628478237588 -0.239306389086006 -0.0651683203350933
0.175989318554771 -0.130241896542608 -0.154532379439571 -0.0418644884757978
0.0651437582236867 -0.14683451034942 -0.0718483011451765 -0.114366558386676
-0.0675017891528398 0.0383219438213307 0.110591117252128 0.198189439208163
-0.163045507934779 0.0621681433650405 0.078342660922492 0.292548710579764
-0.215351842006167 -0.0705345246475997 -0.159643964023074 0.24899733578579
-0.161628531188538 -0.239845777756427 -0.365430389754082 0.0102765592756736
0.0373567843896189 -0.29877569395126 -0.280153694541925 -0.262592064311916
0.187231964620303 -0.264974941501744 -0.0725989917927492 -0.253645259365133
0.166810142742175 -0.272672513518233 0.0236519079037149 -0.206034227610902
0.0165363819105631 -0.268773586920162 -0.00934193068791052 -0.240608201648162
-0.207082521310866 -0.12971498264998 -0.229300240877304 -0.214212617941165
-0.259882639216386 0.182548905814809 -0.36087348248393 0.039836799534379
-0.0195212881112304 0.402072981666277 -0.181760263412027 0.236946451762917
0.25619562400474 0.295835034790896 -0.0637388349220996 0.10991678447221
0.378160019193185 0.0281893431843705 -0.165885606761332 0.0229989038262522
0.211929472286936 -0.168801956106479 -0.182990340714909 0.0999946912842948
0.0904208057740187 -0.165829997319558 -0.102276133347922 0.0152016686724875
-0.0572825226610541 0.0314168173740956 0.146284734100988 0.161192148645545
-0.127353845434555 0.0334374269736715 0.0247248830009758 0.264815215610805
-0.130438380226506 -0.0765683816825297 -0.246350071114312 0.0781473798039387
-0.0593724761434623 -0.160433896020027 -0.284509658565938 -0.296913682619266
0.0791442295915288 -0.152119246901649 -0.0608039651570675 -0.493102840796567
0.174532613454284 -0.118107597124034 0.12557618946707 -0.393148306783056
0.143447519884047 -0.147401733039462 0.155829946822715 -0.296674669467461
0.0097689015852301 -0.158395319444531 -0.000152072999001375 -0.324909654481561
-0.145675985280275 -0.0312501840154139 -0.367947348094491 -0.154599228120572
-0.119473356460616 0.184675130371766 -0.390099391276523 0.296794373972755
0.0535588826670037 0.254021374995151 0.0180261904689906 0.41322334581842
0.18007012393959 0.145069191167891 0.145378904976023 0.0974760385733086
0.233663271906025 -0.00985560117668139 -0.0802942328508613 -0.00427470591349183
0.122241359324414 -0.115108110043978 -0.201628094285834 0.176057045776282
0.0622782573546121 -0.10978294083722 -0.124774064073473 0.123423888752553
-0.00445641854594325 0.00870730453923819 0.118832292216214 -0.159134511908838
0.00287038269311931 0.0202752467447452 0.195700254549875 -0.19572103402638
-0.0154510516609717 0.000161260013224136 0.0652270211140079 0.0182461554125242
-0.0196000214597731 -0.00624231507017357 -0.19699248311158 -0.0282137399827323
-0.0181315981686597 -0.0403502061672272 -0.141054406027839 -0.411494564546182
0.00240256943508845 -0.0275069332038345 0.333187564517823 -0.407258624985168
0.0078296562608075 0.00777757323819365 0.415862231199706 0.105847773328684
-0.0177766921305599 0.018431288352736 0.0147050779998586 0.355223585949761
-0.0315333302047075 0.0138175395146072 -0.223309638013133 0.337269953525475
-0.0280337569905367 0.0149842600215815 -0.227129028017583 0.41511543184953
-0.00894187694496264 0.0120459901274942 -0.074277239594385 0.541860508106873
0.0212543122212678 0.0177246146259867 0.193087011278508 0.407959085433626
0.0119447295955094 -0.00721793217126987 0.256469692235491 0.00215734004258535
0.0170330333365881 -0.00856614474997515 -0.0197436890856072 -0.251546957616619
-0.00215529754155299 0.00463849077919524 -0.183444979812394 -0.147234869954971
0.0452829536715048 -0.101116244442256 0.108533322442147 -0.126227892352424
0.134659088624658 -0.0996787474071649 0.183294626879546 -0.187942047200096
0.204569713618866 -0.0255106943547533 0.078748645932341 -0.00943040717770745
0.168598538597567 0.127643057100175 -0.143548395655255 -0.0509539345366788
0.0165492209918553 0.18395517933767 -0.101168399495119 -0.391545872231704
-0.12116509771342 0.123622058991181 0.317205060356919 -0.362592548033142
-0.128405345970516 -0.0232782740688021 0.381980583827616 0.12275159476138
-0.0178440176891806 -0.127551953839327 0.0158681178144785 0.334279298782841
0.0849594602743983 -0.114889449687271 -0.196285808790674 0.314693138556597
0.105545938409174 -0.105301446471464 -0.196693851400616 0.39698221951706
0.0612815808552421 -0.122798007111461 -0.0224738583784321 0.512382690271334
-0.0103479210542178 -0.123094622598809 0.243007009250653 0.360394949218646
-0.100459281890996 -0.0818962509988482 0.270210028539829 -0.0382823843007698
-0.0989929306146547 0.0216630420157305 -0.0153765681961867 -0.263510327438643
-0.0555122484315827 0.0384228499650541 -0.164312666505313 -0.164833286418006
0.0652840192999358 -0.164557577019314 0.0911948976064919 -0.0312954858312159
0.196941367622103 -0.183996018593767 0.169617066943197 -0.131129152720092
0.344627974374923 -0.0500078564238023 0.133607084913149 -0.0660673249208779
0.301741104499393 0.223329255811503 0.0197177617371181 -0.106653429640005
0.0177873589137835 0.347721965948531 0.0698626669968878 -0.297465232109156
-0.234281333093047 0.189403769932421 0.309317063476046 -0.169828348958167
-0.219446940492995 -0.091644600059918 0.271914900722822 0.173311341696455
-0.0132288183379794 -0.249525535671341 0.0163787217802013 0.263894295154118
0.149939695992516 -0.237338405651127 -0.0902746105707585 0.236439559024956
0.179567354182695 -0.24623605752502 -0.0286752458105765 0.302812394525319
0.0781671432655219 -0.283032242227524 0.186886413374305 0.360108029209475
-0.0862459783813458 -0.254919830588618 0.374567880125206 0.135093929921352
-0.202545545918163 -0.118347380449983 0.252181126649136 -0.190382806609446
-0.171497459428907 0.0433049772271453 -0.0293666254633038 -0.291898052262516
-0.084450389683056 0.0445826974332825 -0.11948353035627 -0.199442957159275
0.0483677414980426 -0.152162163221305 0.0790909286820755 0.0854731188037206
0.157668841117669 -0.167146876362675 0.175625626860002 -0.0121240686569371
0.303530837452449 -0.0351387352210825 0.22319116617155 -0.0460592587662517
0.243779440448594 0.23427447603552 0.219303051394265 -0.0493397288866274
-0.0705373030722912 0.319361386247335 0.226074503571726 -0.0586256613075343
-0.295047194029194 0.0781674697107412 0.219046751610366 0.0894213972987841
-0.214812437012658 -0.204304183522138 0.115797445228141 0.19079933517584
-0.00855666700979787 -0.325400053072625 0.0137674850412799 0.153561020782657
0.104665528047014 -0.325896498440253 0.021573943725965 0.0928040078949051
0.0864345773191385 -0.345800406291414 0.129292598727642 0.0590473679351046
-0.0437770373232961 -0.326212951845427 0.267014157877646 -0.00721034294631592
-0.173196905235755 -0.221128092563261 0.276312334392843 -0.196775070611479
-0.190871605539951 -0.0672522628002592 0.0870677492959513 -0.316686986381893
-0.132936695652811 0.0337343398340337 -0.064093849821915 -0.285733978037656
-0.0658054871843675 0.00773469521293515 -0.0772703286339662 -0.223552133929184
0.00531887123724273 -0.0808374318794407 0.0767327273456065 0.175980679589853
0.0331850684952719 -0.0587257474446368 0.183822489222737 0.14127726776164
0.078648845288774 0.00355991540563998 0.243920800144258 0.122639998449227
-0.0138248150918441 0.092605589408245 0.209603929521608 0.180946467335906
-0.171568894162657 0.0410206157835416 0.112732186649183 0.187936924582876
-0.21170033209756 -0.163880055984806 0.0134312311423329 0.199981945043896
-0.101590926126336 -0.310391644592261 -0.0229585931945657 0.113275884676304
-0.00315522334217035 -0.351426889515788 0.00230162311665489 0.0184754133342679
-0.0311616843096147 -0.336224130927115 0.0410238974613903 -0.0802646626695899
-0.145505732565326 -0.256901334640702 0.0681079570676439 -0.193359912954497
-0.187846953191017 -0.0653242022775682 0.0205933847832557 -0.263282870852747
-0.0929387911340479 0.0473085942222531 -0.071439120948972 -0.281614652719143
0.0313698361575303 0.023718071538961 -0.149363571941184 -0.243936944632858
0.0162289460097311 -0.0352129504127567 -0.112112757266181 -0.193628865132232
-0.0072769600895764 -0.069565925603063 -0.060817778426896 -0.19925375799731
-0.0411738681844278 -0.000189607836410844 0.0875970394659762 0.208423249090956
-0.0988038916764283 0.0431391900350661 0.151759489986491 0.254380616480189
-0.154139337590993 -0.00792202002934284 0.0766033070529138 0.288872527536661
-0.203920940965546 -0.130495546856577 -0.109810899614209 0.278242345748157
-0.116636039621571 -0.255612847206444 -0.20325266348462 0.109691371215807
0.00757091833265217 -0.318689024236588 -0.143697846160827 0.03026225224579
0.0554764291442424 -0.338988294005721 -0.0622500050106468 -0.044100823682255
0.0032699329298346 -0.3312449339626 -0.0124628129858336 -0.118193720119172
-0.166562303368315 -0.249872338335205 -0.0671593890574313 -0.194130308534956
-0.297199223938734 -0.00201032620950299 -0.174852720557343 -0.19170457493618
-0.149330579510513 0.293233838590998 -0.225383444360786 -0.089814745136216
0.140246346398594 0.287997484167504 -0.223495078387853 -0.0566686450761517
0.301285841369752 0.0514433396903727 -0.233273933618792 -0.0552155169036276
0.164997453225084 -0.130778357041927 -0.148940071860469 -0.0365419788450393
0.0571322216302492 -0.143440774689547 -0.0718538317014401 -0.108878614015742
-0.0675768182986319 0.041461293657119 0.116077062579317 0.187339970201642
-0.159128561866344 0.0669127068647879 0.0865195658605808 0.282633905597563
-0.214838365318122 -0.0621090739711664 -0.148402631859245 0.249838954369219
-0.167563188683694 -0.230897297972617 -0.355660465194942 0.0228257203846809
0.0272018705015744 -0.294195781396824 -0.283544951622634 -0.247160820923965
0.176657286993173 -0.267588719370958 -0.0766891273730691 -0.246510408551141
0.15393678344903 -0.272680821351398 0.0176164660400428 -0.201859574528887
0.0056872175133708 -0.265242692543634 -0.0183239998221806 -0.234849595159836
-0.209546231347244 -0.121410680458046 -0.233124741740282 -0.20112818059543
-0.253532925083108 0.188954535188916 -0.351283168268664 0.0522216823017486
-0.00770662860552128 0.396568977280031 -0.165140519441033 0.238558802997979
0.259515573343012 0.284614292715215 -0.0525815393265 0.107368463691215
0.37304194255781 0.0145067097674845 -0.161186280298722 0.0266322881820735
0.200876675164808 -0.170724261732879 -0.174151954705114 0.101500632450485
0.0821116485299909 -0.164315496767376 -0.0970451202942915 0.0166038240611251
-0.0574297641953191 0.0342311485658755 0.150601150544071 0.150146083739735
-0.124182180002966 0.0372402641328161 0.0343618095794554 0.258230550347421
-0.130246169636532 -0.0698966480490016 -0.239197052287616 0.0867111586102906
-0.063633935741753 -0.153745280046066 -0.288736204220587 -0.282914877213478
0.0726498527953493 -0.151832820628295 -0.077713097091691 -0.479420243045107
0.166524755918114 -0.123457248296949 0.112179639267601 -0.388977477103072
0.136005509429431 -0.147787861203378 0.145074000515148 -0.294687872690124
0.002340547487223 -0.156448171716701 -0.0127824992883571 -0.318698843588161
-0.144751362180331 -0.0261554039777382 -0.367780876970853 -0.138944619923083
-0.113449136345995 0.185903892855431 -0.371503583459381 0.304043085424233
0.0596825755436476 0.248793200706131 0.0352177657840826 0.403712764626606
0.181413139445539 0.138293559009652 0.1492277721095 0.085329361159898
0.229972541068393 -0.0175989131737733 -0.0810706131485004 -0.00553718218725062
0.117379207244202 -0.116650242272172 -0.1928484291052 0.176580383350644
0.0563044616627796 -0.109189415260904 -0.114704486068173 0.121936225899663
-0.00811587875125475 -0.000620164318531017 0.177947518977547 0.0693103074960128
-0.0180736245161005 0.00959664758610374 0.234693891882827 0.136970842666904
-0.00464160382442197 -0.0155250170317088 -0.00384532086869229 0.0695642967291189
0.000889721510093798 -0.0201631178832065 -0.0305000181944982 -0.195708299775028
0.0335155771846437 -0.0277699407194428 0.351568870784784 -0.245544219243325
0.0290567461780653 -0.00317839511951648 0.478637306136154 0.211918616203707
-0.00462038879076759 0.0114833851167767 0.0075684968638335 0.428146800517672
-0.0223695164438322 -0.0114284623478706 -0.337277495140119 0.107762278360845
-0.0227840851827277 -0.0252203039552421 -0.379827155038199 -0.124711289354128
-0.0235055798266888 -0.0218131796148176 -0.455594644884255 -0.107877866250044
-0.0158314518316334 -0.00187482564554207 -0.533654310553366 0.0722666295817688
-0.0110461367814729 0.0267103366312082 -0.334976193120055 0.291685344087785
0.0108010056194453 0.00873693523642696 0.0659459041735909 0.243752111257802
0.0135608326005131 0.0120863871513584 0.232797999074752 -0.0866552418187648
-0.00606220030817824 -0.00239110206787597 0.0876575264377267 -0.214994558991062
0.108210279739635 0.0183827269021019 0.144593647054803 0.0673351228608963
0.129248705778629 0.103831045047218 0.223964876876595 0.125035491999281
0.0748565878810464 0.189526425565555 0.0282557166189785 0.0738563889781369
-0.0802140889934547 0.195099206776585 0.00577376466519554 -0.150816096088306
-0.175773285703823 0.0631517540922518 0.34482559049819 -0.203753115376672
-0.150990879205848 -0.0850175485392865 0.429640053353051 0.208571573048059
-0.011048375691414 -0.128800993918985 -0.0158006739386414 0.399896549343855
0.116731896614073 -0.0502880185239386 -0.315113679351484 0.102806172713357
0.131050327540256 0.0533985327975629 -0.351313370257259 -0.104020364908618
0.125892762820237 0.0739634078795014 -0.431536072206587 -0.0824306363099826
0.130267537842027 0.0298265408113696 -0.491208713780885 0.113235162486062
0.114691260315344 -0.0405893332271236 -0.276678521945765 0.325342529602449
0.0520956940941737 -0.11639890140472 0.106392603094143 0.246525105853332
-0.0445435548852595 -0.0912953164202362 0.24450396286497 -0.0833908378922381
-0.0526341401906025 -0.0467809634074959 0.109741471075763 -0.200715097530714
0.170763642330854 0.020501652467213 0.0510145656822525 0.0747463699713515
0.224079879807702 0.142071240007151 0.166452942135563 0.124331190432092
0.13429724622241 0.315620603628476 0.0968357521494099 0.108574957535732
-0.138399358471861 0.347532592794222 0.103046763057303 -0.0121782814763827
-0.333553438166008 0.106222235686817 0.299521070756578 -0.0165394307497202
-0.245385523202151 -0.178937396471011 0.242722250379756 0.249870220813796
0.0299793388387101 -0.235069568276766 -0.0923855911774128 0.306830879274846
0.234692589271137 -0.0787481444545757 -0.245829003244378 0.0863591220562134
0.264536992366392 0.0815430524883713 -0.249943654477311 -0.0238087547718027
0.279613064310044 0.106852165957033 -0.296732610685331 0.0527503802408307
0.288832941922824 0.00374981816409818 -0.293540639963038 0.27139537998691
0.223032427217848 -0.148542237261367 -0.0292636671567973 0.390271191380952
0.0631464124966531 -0.225317053413836 0.246299400087218 0.189093784776045
-0.0839320888109606 -0.155774517504222 0.268155603189094 -0.102058960634064
-0.0670597427462103 -0.0730386160950803 0.153759699089825 -0.167567197509775
0.1531696322081 0.00693644384194752 -0.061484190162422 0.0929273928507077
0.196718962042913 0.105794070606102 0.0559810791424786 0.160133161446561
0.109737071438736 0.279817648159215 0.10160049518338 0.196262659110663
-0.162655421112486 0.293450083373979 0.102289909482792 0.190553059326595
-0.328870391952851 0.013375452541052 0.114351889773865 0.194187163753113
-0.156248937450948 -0.266507690701364 -0.0275671329418224 0.230829631389296
0.139692239970464 -0.261027298967813 -0.148972650999033 0.161619679362135
0.309526009091293 -0.0947095888211365 -0.140420058225184 0.0560078408110404
0.337773173149534 0.0145039224858797 -0.0838231828843842 0.0463199690953169
0.351641270167794 -0.00860222184257523 -0.0235549817611359 0.138979708630661
0.299235562055283 -0.125695988692948 0.0755400699721965 0.252015764994763
0.168082208055824 -0.223982221699153 0.258045390986652 0.210059182247737
0.0169333518618098 -0.202447786350937 0.320961373480329 0.000346609846004324
-0.0676188308332571 -0.124136156871388 0.25255249011078 -0.133225449037141
-0.0270728803898559 -0.0654999336018216 0.1899626114372 -0.132645159966134
0.0735532457738361 -0.0170699040431093 -0.145238214876033 0.116201473693319
0.0604021365867645 0.0140747331188055 -0.0853314541403422 0.208027119561961
0.0156854162196697 0.0733292418228561 -0.0514950381522863 0.25821259150881
-0.0917582901092376 0.00830841244276782 -0.117141891925013 0.244034563320817
-0.0836188734335795 -0.155938034355467 -0.148428088260252 0.152910843418507
0.100493092683929 -0.249085125692266 -0.186089652856876 0.0640465694168448
0.270880944653904 -0.18073768389998 -0.111457285921436 0.00926311315620721
0.337504403338789 -0.0961501671226493 -0.0154446948244171 0.00928311296857382
0.31182826940841 -0.119758293127221 0.0859294558129413 0.0191928101331219
0.205821277388537 -0.206867009138526 0.200483941815457 0.0135229867079631
0.0130157749753139 -0.19742190528567 0.252014103620601 -0.0470299601273615
-0.0686687117293529 -0.0786294502697919 0.246842174338008 -0.139304419997791
-0.0138116148802825 0.0322150412447092 0.189642576542012 -0.201622080063344
0.0348960963545538 0.000389792792222353 0.153544736175043 -0.154479614933453
0.0616877576314666 -0.0269191413078876 0.170760200855896 -0.109025545086682
-0.0147691119979142 -0.0420069471309662 -0.172759157202716 0.136080064969015
-0.0684533628606156 -0.0856144690342194 -0.199736643140804 0.209677297529816
-0.0327071679838022 -0.152123259991061 -0.254244180823075 0.145737504272154
0.0729068362764108 -0.231563976005286 -0.292472142953604 -0.0318775777176584
0.216522675647335 -0.179342417587481 -0.155374349641016 -0.165024012122062
0.310834178770142 -0.075998517215629 -0.062986880155942 -0.127762843450197
0.340178082366638 -0.0355141814007151 0.027376033348166 -0.0682484207022817
0.318307626553816 -0.0852121825444133 0.109887872894867 -0.0415836532717408
0.193371198303318 -0.227459152274338 0.167619121385738 -0.114889496696115
-0.0787886444792047 -0.287967355664397 0.134695327439016 -0.217127023109105
-0.320713153548296 -0.0680859359755446 0.0236382743499952 -0.232379376231174
-0.240198671052232 0.209173135123711 -0.00434931097274023 -0.220946854144626
0.0278908607663559 0.299333463186691 -0.0093188521427848 -0.233289450257302
0.161814790016009 0.120822100086216 -0.00343151319246962 -0.149159414561386
0.149970733771731 0.0162179455865015 0.083919352205089 -0.0961047159929308
-0.0605947779419111 -0.0556109829913429 -0.144818282199237 0.158153008360749
-0.104667318551108 -0.136316183056168 -0.243857610906995 0.156426773688431
0.00368049817683232 -0.222148309736769 -0.277666507796235 -0.074983149297661
0.177036515002252 -0.221004786699553 -0.114443367720954 -0.33026637142779
0.290658233976092 -0.0502432739919373 0.159841274757455 -0.332428251209338
0.306317424222585 0.100775894808594 0.217562376874757 -0.135376604238339
0.302583677214374 0.0771572933871031 0.197829317982851 -0.0328950589472456
0.255310956022723 -0.0653556015041684 0.219947322785383 -0.0778991674375821
0.0588697443992221 -0.234952458106912 0.12983151828568 -0.27679629511157
-0.250537125757108 -0.195442273842397 -0.144555431500932 -0.319962456394762
-0.382605220549308 0.0961860673225713 -0.270106636009447 -0.0864921168465718
-0.205763225267532 0.324706550966491 -0.110030777769918 -0.0163259816792521
0.0811647472175503 0.361015993199777 -0.0649181468532923 -0.145449671505649
0.209380646113924 0.148875464942157 -0.139506559804954 -0.138093063943473
0.175540647142438 0.0368984999071809 -0.0408164135004554 -0.0854798725825037
-0.0507722509385947 -0.046999932549697 -0.0993141516368483 0.181204769046255
-0.0663763701867026 -0.108958003538138 -0.235533559693675 0.101300119065834
0.0330995555676823 -0.141809745699933 -0.145380759960685 -0.203912147887441
0.129207509205334 -0.100417014507894 0.191797820699532 -0.349146027503752
0.164289827704255 0.0297365106691041 0.435128406455493 -0.19766381525882
0.163914801385109 0.128548820960884 0.401028946980397 0.00776821468669013
0.179101317519238 0.0926750788056684 0.318496114875792 0.0653268198462713
0.151036592149203 -0.0393736030774007 0.300668899131654 -0.0950095013567973
-0.0146750822997959 -0.148077156105336 0.0347485883186107 -0.388888660199512
-0.209722642529665 -0.0603894054168452 -0.391345569649997 -0.272592135809158
-0.223415373530285 0.124000983110437 -0.372310982633447 0.146013910886039
-0.0849696825344507 0.21073236105559 -0.0350947348817536 0.166227471991421
0.075529849114867 0.215356509328153 -0.0126621088095046 -0.0814240125412821
0.138103484649806 0.0839324980066537 -0.21713317068865 -0.138892304815687
0.116644744297325 0.0271825822457147 -0.144651357147668 -0.074048306018272
-0.00754427453430984 -0.0017908281590136 0.177784097198178 0.0660045255646786
-0.0177508921114822 0.0103302670206102 0.236194121215659 0.138641191401912
-0.00641058800743385 -0.0156322489169283 -0.00665507667915874 0.07242798648297
0.000213461611480853 -0.0206474997005067 -0.03853810753985 -0.198313106829686
0.0345802321758986 -0.0278020246929001 0.352163449220018 -0.256069259976379
0.0296317389960901 -0.00438422202157166 0.487746174278376 0.208822945483412
-0.00417951364113032 0.0119424911976455 0.0140156237422322 0.436468817470868
-0.0226281449365457 -0.0108181740840756 -0.338802159295625 0.114907294053589
-0.0231243560270507 -0.0254484070214397 -0.385541087036756 -0.123064497072021
-0.0231555628689095 -0.0218286351660944 -0.461455926634267 -0.106748053038707
-0.0155970665364008 -0.00216652467793401 -0.538081476051901 0.0753615041528867
-0.0109776805062212 0.0269359417580932 -0.335415498385394 0.298348811370506
0.0107054055002096 0.00866584563751414 0.0697526836168342 0.245895239872255
0.0142216062351268 0.0120492165158157 0.234645958120565 -0.091046784064437
-0.00592720353587574 -0.00260495330186335 0.0836745265926848 -0.217030247277579
0.108477378364854 0.0168306476525186 0.143765717135376 0.0645986029836251
0.132172716156127 0.105527731905174 0.225891645306271 0.126798845861618
0.0771911677993392 0.191613646365196 0.0255972064588196 0.0765735233907313
-0.0800143988096746 0.19893214694303 -0.000885867086665518 -0.153564031113938
-0.179185865483574 0.0657270206939363 0.343015303485728 -0.212582988761889
-0.154829919743402 -0.0862251539875386 0.436596334234227 0.204503041652072
-0.0126791196306649 -0.131785245843269 -0.00922166985151194 0.409164002629129
0.11816972569735 -0.053513062009984 -0.318234066524911 0.107512087788566
0.132953196400687 0.0533308625255584 -0.355983888874239 -0.104738692419955
0.127645897775859 0.0733914038889981 -0.435926857098262 -0.0808664676094877
0.13107523545656 0.0293885017743593 -0.495359143663939 0.117698970293924
0.115735148992046 -0.0422495402008865 -0.276780043930112 0.331647283069883
0.0508336030262543 -0.120089600479448 0.110785460417458 0.248598744128125
-0.0459480690675435 -0.0921521018581681 0.246549038810487 -0.088068514907607
-0.0550301564622894 -0.0484845160176731 0.105906966914231 -0.203609661394856
0.172287581959362 0.0197554252848284 0.0501128729289901 0.0724200233438156
0.226934382687195 0.142123227847407 0.167544993562954 0.12501111628275
0.138402001086653 0.319659876375371 0.0966141878565068 0.108644131025247
-0.137957685413546 0.355101997609524 0.0992001625559641 -0.0175715473844966
-0.340814233871249 0.110991472999458 0.300500092765486 -0.0248150818710029
-0.252712803184647 -0.180405444487401 0.24764591111506 0.248519927257929
0.0283606446093731 -0.241435584067652 -0.0883234159854764 0.314623040644034
0.236808831541114 -0.0839022498270157 -0.24731277316311 0.0894629552636946
0.268502171768323 0.081312969586026 -0.252939747649908 -0.0225805907723597
0.283808703436386 0.107154157184697 -0.300440605656347 0.0550802420897282
0.293266472584273 0.00196492534619899 -0.294820629709471 0.275364289464702
0.224839136627056 -0.15194403187126 -0.027173993550027 0.392448415450116
0.0614946620633542 -0.230776638137763 0.250655778584258 0.18928588149555
-0.0871445216906832 -0.157994261654717 0.268662910926361 -0.106339013762904
-0.0708546842858326 -0.0745009225008118 0.151697454982065 -0.169940041319408
0.15268542029815 0.00537967666092859 -0.0615463442270352 0.0922555082233307
0.197591768744556 0.104913962592149 0.0565064094628767 0.159735619495377
0.111680408242139 0.281616180650326 0.103330441662328 0.193447127795455
-0.162925424943456 0.298931023950814 0.102931053851576 0.186808366459296
-0.336851734215435 0.0163914473226444 0.117693719338892 0.190214603662565
-0.16301986275499 -0.271012787444417 -0.0243929975115566 0.231107243810408
0.138074515750898 -0.268309030639996 -0.147501365641889 0.165565552824231
0.312207252477835 -0.100291063747718 -0.142469184105776 0.0577681871041967
0.341985003169949 0.0129030544603903 -0.08500981498157 0.047671406675608
0.353385856553095 -0.0112546138685553 -0.024129772830472 0.139634179587243
0.302343662152713 -0.128774662286186 0.0758700551469825 0.255496205173954
0.170859901722045 -0.229664854843566 0.260908350127987 0.211680071533571
0.0165824605845528 -0.208685710344135 0.323440305973495 -0.000852454609051597
-0.0710071763431547 -0.127810947989338 0.252458113238942 -0.135147642847038
-0.0308949901603519 -0.0679256732622806 0.188262898573712 -0.133690692858458
0.070735507079383 -0.0199093414283532 -0.14507311534007 0.117052592573984
0.0589052427597096 0.0124829288742245 -0.0832923181332387 0.208846391877956
0.0151224126258783 0.0716345875522247 -0.049660684450644 0.256344688798741
-0.0937166099245129 0.00742074051550908 -0.114929549913529 0.243113180755929
-0.0878415579445896 -0.157821502420522 -0.14658776150152 0.150951321133864
0.0983069779697097 -0.252869819697718 -0.185095734548683 0.0655784677773838
0.271850487430647 -0.186651843439983 -0.111235233484529 0.01160623749295
0.340234597068057 -0.102726489891777 -0.0153361616233609 0.00905329460634659
0.315203018305677 -0.123798472607841 0.0852976203075416 0.0199370235909072
0.204549559343029 -0.213550561945253 0.201384447270012 0.0132697046055697
0.0122049271369046 -0.200814336915453 0.251947727772478 -0.0461791526682523
-0.0694725780120307 -0.0799139670177618 0.246652383655152 -0.138893641697935
-0.013169997089529 0.0301188877402963 0.187134000515491 -0.202733378831136
0.0314546260116324 -0.00323139067127358 0.15357793342237 -0.153935491272008
0.0586730219601608 -0.0292914684739331 0.17124615218832 -0.10996646386768
-0.0185221404449645 -0.0444389505027547 -0.170986232948667 0.138045000306613
-0.0714460539976389 -0.0879030503695302 -0.197775631732184 0.212483659119574
-0.0349553555823248 -0.15685847746814 -0.254667651000044 0.147419845916065
0.0717619370019663 -0.237471161134353 -0.294833421759408 -0.0301672219278066
0.218057359142878 -0.184324978758526 -0.157663572001939 -0.165852108720193
0.313385585291218 -0.0777014681038119 -0.0624985722206717 -0.127386232947857
0.343342813795089 -0.040262485578396 0.0275299487951187 -0.0682258158028059
0.320581948813015 -0.0917874755436158 0.110437661968081 -0.0430922886428661
0.194926079605246 -0.233522115270183 0.16686968250807 -0.1165620462698
-0.0834780620154395 -0.294678337985015 0.132742646365205 -0.219475824244718
-0.3276416527844 -0.0687582461555092 0.0202921071615276 -0.228504922842949
-0.242967417078354 0.21427391602205 -0.00520728278448722 -0.21790578706492
0.0309700761140769 0.303851404680906 -0.012098320351359 -0.232768804065701
0.161588624334396 0.120076359469577 -0.00311478713471687 -0.148324492501731
0.148775000237004 0.0149610443734953 0.0840334958716097 -0.0950951257224229
-0.0649529735461426 -0.0581648470141928 -0.14208864947101 0.16091576927002
-0.106369323594468 -0.138169477352493 -0.243858559269188 0.159664166409523
0.00207548928513887 -0.224501170051459 -0.281991305342381 -0.0732674286537902
0.176058147889571 -0.226510530891415 -0.118022974534099 -0.332058591467761
0.293961660541795 -0.054101440419932 0.158741521675213 -0.335964054990811
0.311265379753897 0.0995789085539481 0.219711364551068 -0.137420400313312
0.305700278031342 0.0742987868886387 0.199970878589969 -0.0331820686917512
0.257866063177033 -0.0701175586291656 0.221231158229836 -0.0804501109525335
0.0589642511668657 -0.241368303684953 0.128350476114702 -0.282071155480504
-0.256411635461117 -0.198660259758098 -0.151613487896531 -0.322459808681447
-0.390529027902459 0.0983165409605875 -0.275124560054622 -0.0798503301101355
-0.209401467975649 0.332128733891976 -0.106787961134953 -0.0106169428018024
0.085382649372939 0.367487617807014 -0.0659715332440129 -0.147593821633671
0.211606209044707 0.150238959287874 -0.140510090700931 -0.138360172712938
0.176465687096399 0.0353220681195187 -0.0390959155068936 -0.0832939377720505
-0.0536010349088758 -0.048210689979069 -0.0950802929998824 0.184915460145214
-0.0669969805481989 -0.109753345451259 -0.237011683239878 0.10462056741037
0.0313920884204126 -0.143792228201805 -0.150527402675251 -0.204314693100601
0.128282208176264 -0.101802055136217 0.190167841974707 -0.354263526167265
0.166128899218675 0.027514712028202 0.435707153580653 -0.200845089797204
0.167096837793568 0.128230547898311 0.404648613673414 0.00565186343237241
0.181877150750454 0.0918123132163929 0.32257486094314 0.0637692736775616
0.152382218217214 -0.0415804084963949 0.304091589702619 -0.0987881804367252
-0.01537376265411 -0.151423327931024 0.0307967733830327 -0.396087729849859
-0.214041993688094 -0.0612466315564081 -0.40035799746425 -0.271593811457824
-0.22764928974696 0.126732981786297 -0.374369718491231 0.155308387818213
-0.0864921765523969 0.214156068057835 -0.0286927604735809 0.169817757806434
0.0778226287071932 0.217739536516341 -0.0109233645220758 -0.0849803358363154
0.140167604506135 0.084826138959853 -0.219877581709281 -0.140182277524115
0.117427802592093 0.0264395764394954 -0.143387050371513 -0.072782242726645
-0.00851798312783116 -0.00188952243663258 0.180894767458827 0.0606584796601618
-0.0170960281913761 0.0116824265876705 0.244293514264021 0.138238950158414
-0.00774427046103739 -0.0150150030576059 -0.0083261450307689 0.0778633537641266
-0.000380244643335339 -0.0212669420410382 -0.0513260740486572 -0.202324568241776
0.0345618634902964 -0.0295282626900608 0.349038625518227 -0.276622852382456
0.0306574206013368 -0.00523537966732608 0.506259432952489 0.197798792417739
-0.00349987921682863 0.0128796544367013 0.0304142975277584 0.449132044189259
-0.0234473404016928 -0.00965549892902498 -0.344088247701772 0.128696334034135
-0.0238854063696823 -0.0255112622541427 -0.397874287886654 -0.118125909624503
-0.0241277044536194 -0.0229623889736225 -0.474433005561167 -0.0991572813862785
-0.0166197034209179 -0.0013534765293097 -0.545445181625366 0.0937798920851678
-0.0105125865845069 0.0279856530289112 -0.333165145662758 0.314719759793664
0.0099626524104091 0.00795599362493328 0.0799826516472019 0.250263390890486
0.0151455689300608 0.0123434702929229 0.237170645131222 -0.101167247967324
-0.00699882029013659 -0.00235341356234175 0.0755080290878017 -0.224312507814157
0.110916178537226 0.0123099602979543 0.146439346989827 0.059843364535653
0.138860983026149 0.105081612923985 0.231213929044214 0.124076705250738
0.0830560630812686 0.193862881961839 0.0256865667238762 0.0799703497362655
-0.0768041564836122 0.208028496871756 -0.0113543957433316 -0.158019023621219
-0.183493481348094 0.0736791067778151 0.342323494096375 -0.231989781507833
-0.162168561877575 -0.0847960723813381 0.455670874364692 0.195596338462878
-0.0162599423893395 -0.136160468580007 0.00460590169322591 0.422673608841237
0.117963581724544 -0.0583292056014916 -0.320960227122548 0.119850103972879
0.138068468228683 0.0511174391745409 -0.366385085732247 -0.0981245556804482
0.132267832634733 0.07141911024941 -0.449186185342588 -0.0722733383327923
0.135297435043674 0.026804027644618 -0.503357466483354 0.134196563999316
0.117245214210845 -0.046209685169946 -0.272880635340706 0.347185681373871
0.0484578844970886 -0.124939687827921 0.120844555896509 0.250618380238504
-0.0491489890891934 -0.0925956821177312 0.248301141407115 -0.098098926208281
-0.0583214025198564 -0.0489721263289531 0.099722267712968 -0.213284615957751
0.174568687696779 0.0143415775111535 0.0518026625549566 0.0702982850094963
0.235343659879046 0.139260115732655 0.172076190274424 0.123381365908099
0.149734045908038 0.323488352626145 0.0987860702748052 0.107757573662141
-0.132782292504595 0.369515601924572 0.096028551605607 -0.0233831666061037
-0.348981504783472 0.123918135345915 0.303972209648112 -0.0397041231849894
-0.266406221880843 -0.180163735797679 0.261922024982688 0.245182827511102
0.021643901316156 -0.250775729610486 -0.0798755905619495 0.326303814098771
0.239084943684403 -0.0942902001805378 -0.250603104450986 0.0982069377559379
0.27856114753662 0.0767139144630002 -0.259888870000362 -0.0171885338669539
0.292261731040079 0.101604864926268 -0.306661118964413 0.0626083527574881
0.300657027170742 -0.0049530132725548 -0.295338021682826 0.290453812837396
0.226370005261429 -0.162315708144349 -0.0164634831631566 0.401731291352274
0.0560327516068265 -0.240550532653108 0.262360429166603 0.18585430766234
-0.0944188963684951 -0.160790010800308 0.27019937193118 -0.116542449312769
-0.0776323588353629 -0.0765279548325342 0.14746370415713 -0.178741802554665
0.152756439823803 -0.000271501556588515 -0.0611674586416117 0.0940752426378904
0.202733875238544 0.100981613926551 0.0609313816877716 0.159683167267158
0.121389744180756 0.283705796437178 0.109789453336341 0.190457462311577
-0.159642763932092 0.311330729138416 0.10723623973136 0.183001947788098
-0.347577631753067 0.0271706756864565 0.125475387068687 0.184666746080102
-0.177607952247296 -0.275148715827693 -0.0174800816483858 0.237018225739504
0.132119990859179 -0.280162487717365 -0.143940533826153 0.175044507554377
0.316660738624586 -0.114010522495777 -0.14241519031672 0.0632620067603771
0.352503206319887 0.00472357150313446 -0.0870034229752023 0.0512857027576125
0.362385954519069 -0.0219989279873613 -0.0223273846138417 0.143670266811455
0.307384884130638 -0.139466486563026 0.0829092917614987 0.260375052256571
0.170113812123298 -0.241414290657865 0.272058553014414 0.208781964967937
0.0115019622233869 -0.217874267896228 0.330389924586272 -0.00928939280464025
-0.0782014364638515 -0.130359811320758 0.253624895172264 -0.144724340133706
-0.0366969309107889 -0.0701004842566663 0.18598403526656 -0.142023469975511
0.0678793801627594 -0.0238117773678647 -0.145156943953829 0.121786522415288
0.0577067596749356 0.00928715522461067 -0.0776924552046137 0.213636035583256
0.0154620405101338 0.0696179743492933 -0.043073031838102 0.259177820139511
-0.0967449765598524 0.00805542202593982 -0.110692520170552 0.248389284823829
-0.0962156288249876 -0.159398275879801 -0.143837815090223 0.154625672407404
0.0912829129720596 -0.262657008909882 -0.185544446074345 0.07352852605427
0.271208402676719 -0.19984556143633 -0.112215712812052 0.0162535428656884
0.34559540028547 -0.117884258933406 -0.0147069092485289 0.0104465473516738
0.320640903698041 -0.137493554425494 0.0867266698129158 0.0177570258776577
0.202828332651634 -0.225969466994532 0.204985294490679 0.00868401624564038
0.00625373201419651 -0.207311033006757 0.254565050800844 -0.0497399338806525
-0.0731319478910949 -0.0810226873130125 0.24698320308108 -0.145149867425817
-0.0121840477370351 0.0282300780876736 0.184190129507824 -0.209099786446466
0.0282592544538438 -0.00639049193051737 0.151713030887395 -0.159387250716941
0.055754900652466 -0.0337254129761558 0.170943072156022 -0.115693149145138
-0.024915135987512 -0.0470123828608972 -0.169134303084305 0.145868169060494
-0.0778157737511678 -0.0902001302180813 -0.192973225175498 0.220805204493831
-0.0424488463559359 -0.161789367933159 -0.255328910517807 0.155366771982798
0.0653386222440346 -0.248893602130085 -0.301316266988958 -0.0219873040427047
0.219130856229914 -0.194768635159438 -0.165596430690731 -0.167210498901019
0.318423502279646 -0.0889885404416181 -0.0652999635259826 -0.126323442649552
0.351180584072472 -0.0513581279675978 0.027769632837668 -0.0694846238535103
0.326394619151827 -0.105506069779166 0.111085417659823 -0.0474304490147008
0.19427423823692 -0.246945781592119 0.166333929755208 -0.124218220544995
-0.0958687775318159 -0.301718732777203 0.12851073705048 -0.226772783957097
-0.340031081973044 -0.0619566325259016 0.0137042778525151 -0.228865382155667
-0.245636000300224 0.226012494389354 -0.00911309741179771 -0.216986579951091
0.0416746863763578 0.310092155678439 -0.0190324643809781 -0.234814334559342
0.165184297268537 0.117512446911508 -0.00657552227306427 -0.149108541708325
0.14997706194829 0.00988173082853634 0.0847339419763171 -0.0973589398877979
-0.0711589035051594 -0.0596924145066872 -0.13660314997009 0.168926308826016
-0.113324939728215 -0.139348651369637 -0.242143182659654 0.170349324023905
-0.00570228893505512 -0.23147399399399 -0.291534777413636 -0.0655173864449313
0.172964210759446 -0.237146594215189 -0.131066895876333 -0.335168089855875
0.300493593771171 -0.0637148928051094 0.152452961447339 -0.346816173151254
0.322098888639985 0.0937480511144768 0.220421489640702 -0.144527709020047
0.315093271748438 0.0670713614681735 0.203805890713686 -0.0376899473562981
0.261788318304881 -0.0809373798834448 0.223319906894704 -0.0886852769606575
0.05365572720451 -0.252208839410117 0.12283488039902 -0.293324265977997
-0.270460672921985 -0.19988050546523 -0.167161088653378 -0.323651188873713
-0.401721225361239 0.111482907407329 -0.282779054533864 -0.0674114854589199
-0.209494426434535 0.347519851251457 -0.104588727089171 -0.00394544509530251
0.0989607885474392 0.374926985436334 -0.0694913030973008 -0.148915843396873
0.219442260499833 0.148419214993993 -0.146656338437234 -0.137543357542219
0.180158007725255 0.0302174968802784 -0.0409309734256925 -0.0825839542490404
-0.0589359615582825 -0.0480324641600529 -0.0889622097566026 0.191434548260842
-0.0718705319803164 -0.111358452302761 -0.239366407430813 0.114452778519945
0.0271618595698254 -0.147325800067732 -0.161697585059555 -0.203854612869865
0.127674931569402 -0.107491665634176 0.182933779281614 -0.368787462643085
0.17061717506072 0.0231267773357474 0.438931547090246 -0.215550979488449
0.17546757736535 0.12593416855863 0.412826007029005 -0.00473983196246117
0.187332781784779 0.0890203213182623 0.331719333973069 0.0574469952943487
0.15526868481956 -0.0480992779597959 0.306508427236349 -0.111113863151769
-0.0206072196157582 -0.156771261206596 0.0190531818202095 -0.409140026544781
-0.221623640430277 -0.0577084776736647 -0.42123701608951 -0.267486845499848
-0.23249336640628 0.13654067485114 -0.379784257671146 0.175545709420183
-0.0845854080876765 0.223862472208354 -0.0182250837747977 0.176324182983478
0.0866535397506046 0.222005733582873 -0.0116711308932698 -0.0891882342071013
0.146465740903017 0.0837643087301295 -0.227779016743019 -0.138305209121541
0.119585156931897 0.0235589213416654 -0.145825387081511 -0.0688873985292234
-0.00935130153901924 -0.0027871292943877 0.182685791895816 0.0513783033528061
-0.015341147311405 0.0133018791415526 0.253353116679047 0.128389151276411
-0.00920321325034656 -0.0157975845678972 -0.00740274300008677 0.0823428727583547
-0.00140976191147144 -0.0216199600271649 -0.0685546674103556 -0.199952420110493
0.0349553061054684 -0.0320438760241 0.33466957429361 -0.300335257648507
0.0309171749670209 -0.00784512031497988 0.523708351302045 0.172410104177081
-0.00223463030486474 0.0132082973710568 0.0562724395548537 0.454502899141522
-0.0238766405127381 -0.00828314671527791 -0.340003284315363 0.148821370285814
-0.0245812587055423 -0.0245935378174514 -0.408037576540774 -0.100233447520173
-0.025217454190743 -0.0223010542318087 -0.485006573258753 -0.0771673470889176
-0.0167880355231282 -7.6191942648355E-05 -0.54512741476917 0.122792562297607
-0.00833465285347722 0.0288481464249772 -0.317617254713642 0.335265453492964
0.0101775252378698 0.0067954607611943 0.0949101037868158 0.249097120347994
0.0170286547816123 0.0111043886672634 0.232225602317023 -0.116993922913811
-0.00770912278178888 -0.00170681854768372 0.0606771661517971 -0.231155889079501
0.111740126472632 0.0065386351336511 0.147627904643607 0.0506701520641914
0.146550624097731 0.10048328520145 0.238776655939647 0.115719527421313
0.0927378063444673 0.192580750886085 0.0274731534852954 0.0818620420662625
-0.0673937255288257 0.214936052664935 -0.0256682333669833 -0.159894891552746
-0.182233325443399 0.0836372393860904 0.328747843212774 -0.256319251312724
-0.168399870905896 -0.0794741829232897 0.470308318417341 0.174064823795829
-0.0233774601713678 -0.137753197147016 0.0297089280714807 0.427805046272437
0.115996026422307 -0.0657485411508511 -0.318706246212588 0.138720324984125
0.142343229443937 0.0450640989728822 -0.375703595838264 -0.081841407484432
0.136494886383459 0.0645472007456836 -0.458211780334253 -0.0514438740764056
0.137982633952162 0.0209989924989782 -0.501536088586704 0.160958858149145
0.116835375197896 -0.0533456659228308 -0.258018902501194 0.364093632796851
0.0403502252306555 -0.129722163183748 0.135778793750727 0.246680486990845
-0.0545412862685459 -0.0909435199523644 0.246054087030231 -0.113177815383302
-0.063707620243708 -0.0476329055257634 0.0861702187196049 -0.220517721831867
0.174666863437228 0.00526953515027821 0.0531019934248786 0.0662102891899846
0.243894612216117 0.128733156708335 0.179040935707795 0.115698058772915
0.166168706120079 0.319243185015449 0.102855241267658 0.102557698619104
-0.115625607178795 0.381853818760771 0.0905208858530661 -0.0312415931709618
-0.349704022767066 0.144709942324922 0.302799310677966 -0.0616778572418477
-0.280591845618876 -0.169939021589152 0.278781709063081 0.233271046511939
0.00828086723835428 -0.25727331939665 -0.0595735287275437 0.335226673683517
0.236364046311781 -0.110139465111599 -0.246803143025516 0.113279535760987
0.286632217562327 0.0637831591109378 -0.26449914950921 -0.00457872611302264
0.299951975961981 0.0876363282320933 -0.30796409254695 0.0774797481969493
0.30333040317189 -0.02001349481068 -0.283043614001089 0.307471772329405
0.2214634098491 -0.176826071078821 0.00263052324976325 0.405414885487919
0.0423070323042283 -0.24777410263938 0.274298219846229 0.173046218368905
-0.103898686541316 -0.15796760986971 0.265601456440767 -0.131400053422398
-0.0847684836119335 -0.0751749664451938 0.136986623065845 -0.187691823391087
0.150705790584983 -0.00888840746506386 -0.0579156393616766 0.0961202633251466
0.207085105780716 0.090480934111817 0.0686499924683911 0.156640277676108
0.134932603949433 0.280158499310245 0.11900508790927 0.18316304489669
-0.146166406230148 0.323869647169591 0.115657329644114 0.17398972475764
-0.352766372245907 0.0452817745155932 0.135169109305187 0.174139376016705
-0.195526186324856 -0.270720166911059 -0.00475808661711088 0.23791485354798
0.11798924223234 -0.293116389208574 -0.133398740834646 0.185898274491047
0.314235793595741 -0.134537092444522 -0.140089740314905 0.0711517309417962
0.357545435728994 -0.012896189477918 -0.0862892552773724 0.0563893242696999
0.364114122293919 -0.0413009335501424 -0.0163204149711259 0.14615981770835
0.304317914869278 -0.157364155209606 0.0951306120447604 0.25965586805477
0.161233109536772 -0.253718357242361 0.284428921231308 0.197183032353286
-0.000749932542877784 -0.224197971071595 0.330841154803013 -0.0246730382134851
-0.0879968181779616 -0.129521127448943 0.247742902059093 -0.158307496736643
-0.0447960136189593 -0.0710429568225605 0.179026798391614 -0.152792182062425
0.0624975333201366 -0.0291885068731152 -0.139034482446252 0.128969047832662
0.0556874735678214 0.00410040089739616 -0.0672556909993824 0.216808251677391
0.01665094033201 0.0670103291804754 -0.0298607335026462 0.25869058916228
-0.0984265340309955 0.0112791572581203 -0.0989515113761204 0.253564758723867
-0.106437524787178 -0.156514877449913 -0.136287780976571 0.158366820920221
0.0773502405263903 -0.271287059568019 -0.180811127180507 0.0831147894268637
0.262872043716139 -0.219060796464578 -0.110569656964453 0.0227700494435533
0.341862202703025 -0.138719329230026 -0.0151852327668789 0.0113564722487282
0.317443246535547 -0.157278274363195 0.0871112070235514 0.0145138230376445
0.192461848588228 -0.240718722828067 0.20541098937701 -0.00188478953425588
-0.0046938077171616 -0.210775256543752 0.253036304302426 -0.060125045056818
-0.0772242347327577 -0.0790095720757097 0.242379913202459 -0.155951472611397
-0.0119231366629717 0.0263643154745232 0.174045373318544 -0.216557046734623
0.024697964895674 -0.00995710459440655 0.144804783277769 -0.166275429124249
0.0514050617383681 -0.038055056920747 0.166064329422089 -0.123991259407618
-0.0320724192879273 -0.0476534621479218 -0.160975305860383 0.154798527898259
-0.0850898367828628 -0.0883157084052612 -0.181071738535076 0.231104888839803
-0.0528048063077193 -0.163509274816125 -0.249375100221894 0.169420019434251
0.0523845169346347 -0.257204739643619 -0.304033934013451 -0.00738091384092895
0.211527706522107 -0.20850740653458 -0.174024499288921 -0.159964051579636
0.316580977346526 -0.105992788002155 -0.0698321405457469 -0.123680788108553
0.349727067751198 -0.070733768351272 0.0253167572382977 -0.0711129717001696
0.324214142105242 -0.125131633894114 0.109276036696567 -0.0528639377929404
0.183741559647343 -0.262924945971599 0.160377026035267 -0.133757289237046
-0.114476878365347 -0.303973592737355 0.115904507295972 -0.235327112215421
-0.350293873003565 -0.0468116656296287 0.00166088195487073 -0.226143648822296
-0.239169117298464 0.242078311131479 -0.0180572743003426 -0.212795578499186
0.0577763622023983 0.311104724314189 -0.0318904644378236 -0.232360045589307
0.170460469131369 0.10962973464754 -0.0131387540293474 -0.148383628911247
0.149562689903231 0.00104149264833765 0.0818726034166192 -0.100812107126372
-0.0787601645294012 -0.0567053447583107 -0.126421243397006 0.17713789537929
-0.12211638780359 -0.135872046140351 -0.233778503735114 0.183569556456763
-0.0184862310072924 -0.234746051175482 -0.29780647453006 -0.0496486079799214
0.160351199537742 -0.24982561106117 -0.148421176589261 -0.328908187227372
0.299059304848209 -0.0812478385412265 0.135349629636914 -0.355524686637966
0.329984942828228 0.0772778662785527 0.216326851590179 -0.156521062046435
0.321115551993738 0.0512084763806518 0.203979584458558 -0.0478120999953014
0.260374622746863 -0.0966935563265593 0.220906861534585 -0.101689985044414
0.0413993766400273 -0.260844841324226 0.10716593389303 -0.302968545053506
-0.286554424791006 -0.190325516259162 -0.187480611362196 -0.317722539928334
-0.405092203475584 0.133425577063338 -0.288038100453522 -0.0475166875994852
-0.195479852068517 0.36489202462498 -0.100009213613734 0.00407897148141276
0.119504931891882 0.375464503523169 -0.0765306044526116 -0.146237334539644
0.228693826067022 0.138038534406676 -0.152815788997139 -0.130421067217176
0.181150842044334 0.0206438403036034 -0.0427325636686004 -0.0801310094582614
-0.0636298693081871 -0.0456863813512428 -0.0750951848569246 0.198071025060712
-0.0770209044055801 -0.109406439513896 -0.235774018958954 0.129196482914728
0.0189597478496906 -0.149247354820295 -0.174964799874144 -0.196440750291716
0.12262022290359 -0.113945410771915 0.164539574681736 -0.382174152642853
0.172900492126289 0.0136819715728713 0.431145845752674 -0.239917360600889
0.182637652315279 0.117335987133172 0.415134302685092 -0.0235450505457712
0.19387357138619 0.0802785131005129 0.33878753606235 0.0429618764935163
0.154077348216785 -0.0573031852885714 0.304077020300033 -0.128759048275349
-0.0284639527489144 -0.160192273914848 -0.00335623461617018 -0.416755513067959
-0.229401521540319 -0.0492567605176834 -0.440938224077112 -0.244983403022456
-0.230699419872906 0.150580347127626 -0.371954414660916 0.201884675702781
-0.0759942782580797 0.232646167870487 -0.00301923292960556 0.178730247883582
0.100079788442699 0.220682839183628 -0.013922835734682 -0.0931968039154739
0.152650619396853 0.0772036602456867 -0.236527310925819 -0.127856581520204
0.120813223510999 0.0176531089924696 -0.148052349796235 -0.0602713389114977
-0.00864176158361087 0.0063894033986065 0.154963656511183 -0.098560593936343
0.000660063214529133 0.020623678951103 0.263503460695617 -0.0988062834018546
-0.0186051001558182 -0.00251552716822036 0.0563410877420319 0.0645269860630378
-0.0161465677383142 -0.013167950574962 -0.196755597571512 -0.0758445826776409
0.00174686393965851 -0.0451280324486319 -0.00856067494207278 -0.446291273614281
0.0144520399863447 -0.027884884002304 0.473153604393605 -0.280281966167026
0.00812800750840179 0.0107395605853446 0.376438964153796 0.256587280640443
-0.0226092171929256 0.0124699044685299 -0.112089270542019 0.349661643243214
-0.0340989265885164 0.00140636384818141 -0.34152973121475 0.231328242275583
-0.0329672152080289 0.00235441198845707 -0.377603803647212 0.301873953131333
-0.0104945210622757 0.00968708687497587 -0.266425936267258 0.476724279487354
0.0137610196933626 0.0224327935311853 0.0369196830415532 0.451085448482012
0.00957616983863656 -0.000915778152888305 0.244288802242657 0.093399862673086
0.0205158587787694 -0.00310693779087949 0.0663339031166437 -0.245962463331719
-0.00405116793570508 0.00513919432460416 -0.132661317124395 -0.193070271720921
0.0778437756134676 -0.076690152857625 0.130516239594686 -0.0734194528147031
0.171419713043544 -0.0403553190522247 0.243653088308544 -0.0994417067465365
0.203676129469708 0.0620020338322145 0.0785279586781561 0.0372701192879442
0.114891647918798 0.19263081477056 -0.137912378217208 -0.0816211640820884
-0.0572492689355967 0.194597377055177 0.021210388651305 -0.413733531438359
-0.174698716011777 0.0744203246425174 0.438833345439162 -0.237699746529676
-0.120088868578849 -0.0749248061321747 0.339165275700964 0.25836072586236
0.0272152760030891 -0.130062907923864 -0.106933849786613 0.325824293590673
0.127435776861382 -0.0748835436157145 -0.306804949356903 0.218558167407154
0.136981779963637 -0.0584482975707707 -0.337353798418769 0.29841704245308
0.106658967918346 -0.0884578116005682 -0.211702387690644 0.466769311504558
0.0359315314035672 -0.122200450093294 0.0960841257401395 0.426045310674945
-0.0711982316565544 -0.112462754130955 0.268147740984368 0.0615056167724632
-0.102514629977931 -0.019643773432396 0.0770775382485209 -0.252222747473496
-0.0770397519465205 0.018051327994849 -0.108045999520735 -0.204482595832995
0.117034462964172 -0.12297594818139 0.0788967964845094 0.00564864684882461
0.256932350890537 -0.0928508874067479 0.201481164260118 -0.0556541188717813
0.345001048563705 0.0936406461966697 0.142507207489471 -0.00734806384481784
0.205441262126909 0.340316693578418 0.0335467512352808 -0.0858637315074634
-0.124942254870646 0.359208330865175 0.148474591782537 -0.265396363883959
-0.318079719333944 0.0978542902256638 0.357512181695449 -0.0527082225251631
-0.188156167000021 -0.176358249534997 0.209736120418888 0.26478470319837
0.0731221634742446 -0.247804150876178 -0.0797530483688394 0.255788945102076
0.236565378791105 -0.16781839798358 -0.176558411433442 0.187154251274604
0.260641904095921 -0.161863677667354 -0.145021372268563 0.273904953567464
0.184869370203425 -0.23450705429904 0.0355023976127951 0.405115548050658
0.0134582231426281 -0.278476755711073 0.294307984158436 0.262899354029154
-0.1553945465657 -0.192129624882541 0.303963757569561 -0.0870516503172411
-0.185122616924322 -0.0275278893097708 0.0775135349897181 -0.278263120539885
-0.113326190909749 0.0154050405814517 -0.0508129442054365 -0.221193356688388
0.0903899094472324 -0.114475498422495 0.0292164605290106 0.105461456736198
0.20219536812766 -0.0906141546927767 0.158467336322268 0.0511378120046766
0.293088851286756 0.0904103384141476 0.209657073760158 0.0298130861177232
0.140784103097841 0.324570427555348 0.201333041307394 0.0282008256033771
-0.203387831684824 0.294484124418505 0.213448925710412 0.0124469208591341
-0.336302133900543 -0.0337867595791606 0.173912561900782 0.161128199923079
-0.141333785974375 -0.282662735843224 0.0494744318294916 0.21883516414688
0.106762744611882 -0.322711525736164 -0.0403618511782943 0.149139703892342
0.225710064241669 -0.269927757370347 -0.0149719314549014 0.0987630950191014
0.209970464752453 -0.292400357928854 0.0935932825532916 0.105991664540519
0.0861170058485214 -0.325423013728353 0.248763086425926 0.101280984500463
-0.0808014939648158 -0.285226434307271 0.328949347105174 -0.0767746573489411
-0.165802698474715 -0.146816723256913 0.197721736014443 -0.255703189010202
-0.15490455581119 -0.0202052633057273 0.0469607931765037 -0.280920975915875
-0.0848051813736953 -0.0118292438207293 0.00469435328236092 -0.229707748029329
0.0142431406375717 -0.0619485845221672 0.00170498007859809 0.185561436562167
0.0353905446197795 -0.0370169755221229 0.114689359992063 0.189416140448772
0.0545814420750061 0.0330016827198013 0.167824779922333 0.19001745886781
-0.0612633749403722 0.080223026266393 0.120665972145644 0.237417557465335
-0.188892463359328 -0.0249153121906154 0.0257346026006321 0.204172946810166
-0.152950542135776 -0.239038515915694 -0.0570085552234137 0.189991273571111
0.00984932818877274 -0.339959098842394 -0.0559119899129306 0.0946981246599222
0.123262118076313 -0.345567346156343 -0.00296894609070692 0.016695140542252
0.0934714675913704 -0.336478043040389 0.0672245056979991 -0.0542901766827273
-0.0504387332197626 -0.298355488342777 0.132028048016591 -0.15004452067694
-0.157881280484514 -0.134250401860415 0.122899410221513 -0.218432950905827
-0.108469853108021 0.00421406601256851 0.0475786503983737 -0.274941456456007
0.0106432235383853 0.0237479429479871 -0.0420508428254281 -0.265579984888621
0.00746542393071404 -0.0226512030935936 -0.0241303705070047 -0.21363347704239
0.00285263049961956 -0.0596026134747495 0.0185023984523694 -0.201695059840554
-0.0619145816200676 -0.00492579222973063 0.00877556912349482 0.218189019589165
-0.125522967041207 0.00344562112746254 0.0511064227759928 0.283289920386989
-0.159232173702309 -0.0728782150640077 -0.0411025619771837 0.294535170900953
-0.156019200203288 -0.210513738723152 -0.205098965160932 0.219415763962966
-0.0146537312044438 -0.297676387612596 -0.234642494039372 0.0236676385438924
0.131647981232655 -0.307917077257349 -0.137746398390302 -0.0311347001678392
0.17705089884528 -0.305869865328486 -0.0360802253955654 -0.0669880464228461
0.121171945504311 -0.322967820742363 0.0315067766872488 -0.115815156295334
-0.0732503961173595 -0.309256637391237 0.00559330936881173 -0.204343387063827
-0.300597363688489 -0.11681129228831 -0.0979075817780242 -0.23464960314952
-0.26744371253343 0.226098622230281 -0.157904160178636 -0.142824739739619
0.020794258775922 0.335891538070215 -0.159533332221503 -0.124894597712455
0.265300379313219 0.160591531856208 -0.18515638698354 -0.127319200089535
0.192811089122161 -0.0499667450115628 -0.113648015594999 -0.088255900614904
0.0968057722202978 -0.107653443468054 -0.0189843659045944 -0.126264667185284
-0.0985762521221471 0.0231418205201495 0.0487084561738203 0.208234986427725
-0.184028105013546 -0.00301736850555644 -0.0184586567795762 0.293674800000562
-0.185689936708401 -0.14380478401708 -0.233169797923491 0.189253042910254
-0.0752868530348593 -0.283464376125207 -0.341623711859555 -0.105848282484207
0.139562823889431 -0.274366065886669 -0.173582852096412 -0.334278856526851
0.278641406965438 -0.195143387352221 0.0260662062878516 -0.2658436698072
0.250705326162607 -0.20268725653704 0.0989517693321887 -0.182748165848174
0.0992071513791986 -0.256709224125675 0.0703933657960523 -0.229535865073472
-0.166119868620601 -0.204573275187746 -0.155589567362059 -0.277112369695708
-0.33109012461335 0.0812021332914841 -0.356920743398461 -0.0670976441479421
-0.172518107393037 0.381910300470428 -0.214748201790395 0.183541702110897
0.136188428566287 0.386212714400555 -0.0546882474399713 0.072920826963013
0.354853406152838 0.157736330211352 -0.15390823851824 -0.0425319640474586
0.254334648386603 -0.0745397276798756 -0.193479534104941 0.0231275707765435
0.135287841326652 -0.119060880800649 -0.0838024739710077 -0.0226100769449594
-0.0779729986289061 0.0187541527002518 0.0977781098209707 0.182627982093073
-0.132674920524851 -0.0174718301548193 -0.0594862709520331 0.260773172473012
-0.0957941436342655 -0.114544714232849 -0.261797075860584 0.00104541359487625
-0.000646701985645444 -0.164545659960724 -0.176955263493189 -0.370514170613202
0.125730169220697 -0.115277536266745 0.107208838296844 -0.47535425695153
0.208700469789541 -0.0580507186598426 0.256180405288414 -0.324869909365078
0.187741741681011 -0.0888408918467698 0.254004203046241 -0.221395920987351
0.0592253177508986 -0.150964108459746 0.104172255413819 -0.310073997009279
-0.137665236070883 -0.0855713322943012 -0.310537202002393 -0.270896312783296
-0.189042473406166 0.133176538811695 -0.46931963048923 0.165299193050625
-0.0440936534003756 0.267395335285816 -0.0900301886871228 0.406337298413507
0.119086152809998 0.211380293501181 0.134417684969483 0.114514016795616
0.228493308176048 0.0722053355255248 -0.0763422293203126 -0.0540366338512098
0.158782164609193 -0.0617498451876688 -0.249052045324921 0.0854737315359489
0.0939860365099274 -0.0786360918461776 -0.138350339444454 0.0675053359166612
-0.00851463729700773 0.0071791601103468 0.14602036817477 -0.0998673494336038
0.00146796937336032 0.0192590134342269 0.255054301020168 -0.103075087550377
-0.0172866425108584 -0.00156684673685655 0.0581022399665663 0.0664831331903414
-0.0162882611438561 -0.0123461098558363 -0.196995336346348 -0.0629680775582127
-5.36757760655027E-05 -0.0453181668918795 -0.0270995936477522 -0.433107508804984
0.0126892858866638 -0.0268001692690421 0.451585995964817 -0.289913862706512
0.0088880594209833 0.0103345278438355 0.376945419332295 0.238671171337341
-0.020939438213025 0.0128602381508246 -0.0976978486269523 0.346115720487607
-0.0338727096499009 0.00112229854337607 -0.327224130099012 0.235786646176611
-0.0324385239901344 0.00313075672131294 -0.359220761028399 0.306481651475503
-0.00957004691873414 0.0103447705482078 -0.245577674015483 0.47251931399342
0.0141931588759448 0.0208819097560489 0.0522472588159467 0.437790312545053
0.00969725575893347 -0.0003547152436834 0.24139942839753 0.0838722965565591
0.0195815745637207 -0.00467776499567209 0.0549900669656522 -0.242901275083506
-0.00351752425608997 0.00556752583788388 -0.137641788426143 -0.180946047973422
0.0717890267362462 -0.0760557058395962 0.122384327577676 -0.073410190279283
0.167208463012378 -0.044874992535535 0.23599085512277 -0.101875140474659
0.20121633218384 0.0546196851335817 0.0778678601499662 0.0382540525769369
0.117619175900006 0.185560699082296 -0.140552476435118 -0.0705177168855668
-0.0506128992237906 0.191605430047635 0.00331988062530743 -0.402936728963672
-0.170327885880035 0.0784229955281602 0.421578980519341 -0.246847016627439
-0.121328005405815 -0.0698424307442647 0.341149056713568 0.242231388108359
0.0218423252953309 -0.12751181180991 -0.0943772598005368 0.321896429765116
0.122867897446769 -0.0776690467427661 -0.294392398822488 0.222210946831832
0.13080635126049 -0.0602440765231289 -0.32189022573137 0.300995937651942
0.101547429229919 -0.0895939716079008 -0.191025701624788 0.461395307566222
0.0310221289694092 -0.121348959670763 0.107381203187376 0.411501848118904
-0.0740973374894971 -0.105926216680939 0.264618863413835 0.051731040094342
-0.100424206858015 -0.0160613422262809 0.0665439325391226 -0.248926460505522
-0.0759289251916398 0.0201994150392012 -0.114288707771441 -0.193276954508076
0.108139794131171 -0.122635687269404 0.0749374868654332 0.00460966583140923
0.24816333873631 -0.098490954815232 0.194988676135071 -0.0585931688023425
0.339031704154453 0.0830957576215649 0.136354972472439 -0.0090662896146052
0.211796312003501 0.328112976050711 0.0256246060426455 -0.0813306388123589
-0.11262062483017 0.3578581695272 0.132181597420262 -0.26427555094563
-0.31053272730142 0.104083224420391 0.347550200876492 -0.0633095771604511
-0.191231046441088 -0.168204393373007 0.216193064881628 0.249238922435285
0.0625508052516498 -0.244351166893114 -0.0692653830575683 0.252546990869757
0.225948289727652 -0.171302845940547 -0.167476883910928 0.187769330066523
0.24876889482505 -0.165306209604003 -0.134393446197117 0.272061133955238
0.174111712206144 -0.235096926965176 0.0474104116225763 0.393362727789951
0.00433246395047421 -0.273917406953618 0.295126848722597 0.246967060814294
-0.159422496799659 -0.182370725804501 0.293973231565312 -0.0929782088017035
-0.1819651131023 -0.0217570765429604 0.0668641558444263 -0.273390088077888
-0.113210734654962 0.0197333884345312 -0.0584927592651628 -0.212158137327562
0.0815712391878846 -0.111555592240942 0.0298536316743619 0.101795305481545
0.192399755192158 -0.0932699770865001 0.15428971867654 0.0444179475004827
0.287665651842837 0.0813718639515632 0.201817503002439 0.0232257513855938
0.146214792123267 0.313143097864763 0.191936485113797 0.0215925706211974
-0.191492028208326 0.296092786861523 0.204642526340813 0.00380141932735306
-0.333622227036842 -0.0227137328503798 0.176456746300078 0.150634087776722
-0.15020323328186 -0.271590111430811 0.0570914718130457 0.21101315347376
0.0922730376881191 -0.317641831038072 -0.0345757701401778 0.147252861788432
0.212553105099956 -0.271457447414286 -0.0116779354731208 0.0976904736866476
0.194975929675902 -0.29020218146992 0.0939493639362806 0.101374216190639
0.0739363873403814 -0.321332792012283 0.245732262454161 0.0922263978321529
-0.0887605135522019 -0.278008205482708 0.317224403413242 -0.0835836677259632
-0.16985283663481 -0.13943205069617 0.18630338752208 -0.254596469568333
-0.154814063497958 -0.0144983738571185 0.0382126849769541 -0.27415621508611
-0.0872689367145492 -0.00719438577272151 -0.00348526430478724 -0.222150696244893
0.00926408761616218 -0.0576972791584839 0.00676643745027942 0.179445039830931
0.0308596798607918 -0.0362047381828334 0.116230439269767 0.178498380488254
0.0517470864223585 0.0322411335544499 0.165726641145878 0.178462803428697
-0.0591878729093605 0.0798556575346461 0.121666534095136 0.225879376912433
-0.187687419627731 -0.0187125386622291 0.0286949509827537 0.196606318987596
-0.158696281432394 -0.228653169732875 -0.0483688406096785 0.184485530701186
-0.00198110358683806 -0.332107283808908 -0.0499417440226056 0.0918948584200989
0.10731995830132 -0.341913789301747 -0.0020214422674669 0.0172061164552314
0.0800883519556228 -0.332190390708896 0.0646767386066542 -0.0539508651528292
-0.0611788475988077 -0.29004392039212 0.122493562951815 -0.148728196636748
-0.159575493072394 -0.126628966798849 0.113843762822837 -0.214547308103215
-0.106684867128509 0.00615504841729889 0.0409672513507428 -0.267664872146518
0.00734280888061342 0.0217500787382721 -0.047207277938859 -0.253857626842852
0.00416308531577228 -0.0213476226813327 -0.0281584013537818 -0.206284398087057
-0.00343415769444291 -0.0565682671472826 0.0126767121880639 -0.195691576252823
-0.0633453539519624 0.000769987902480386 0.0159838816980411 0.209787418858801
-0.125411147935545 0.00730190653379826 0.0580129109366365 0.271814837378809
-0.160722338712452 -0.0654726467519558 -0.0309949097460166 0.287478600027879
-0.160346781830832 -0.201039719944124 -0.192218461799886 0.219383179203245
-0.0244862656807435 -0.290221599459613 -0.227131276460197 0.0282342149424045
0.119226729669327 -0.304313331852927 -0.133118157697819 -0.0273391146521358
0.164238505206519 -0.303009186404921 -0.035902391812927 -0.0647704414006099
0.106026340000821 -0.31929585606183 0.028318160387093 -0.114291067334471
-0.0837899258930284 -0.301677699644904 -0.000432461833746353 -0.199216099204996
-0.30133282541478 -0.105088705538073 -0.102584351745719 -0.225168794023863
-0.257643068800646 0.23092276396071 -0.15406434564268 -0.13147686428075
0.0298204912772996 0.328898855748954 -0.15497585061754 -0.116741766305621
0.26331226506269 0.148940284138367 -0.181724512384295 -0.115934068960435
0.184814270819627 -0.0527679899822753 -0.111313842845592 -0.0824422444326951
0.0889089351757592 -0.105877538215658 -0.0204127247281259 -0.121583784050148
-0.0964727585957049 0.0276529493898301 0.0554844353741086 0.197290225619497
-0.180154239295896 0.00237097161658472 -0.00845184646287636 0.285758994135137
-0.187109142695918 -0.13451078775179 -0.221504609155782 0.191440879821012
-0.0828688629403071 -0.273886955839948 -0.334769223755875 -0.0929281501095871
0.127293091622341 -0.271648398332654 -0.175783243196434 -0.319832651315009
0.265676878372977 -0.198403586293326 0.0198945153496445 -0.25869635885886
0.238814960191416 -0.204670579460968 0.0931072961998085 -0.179968200881038
0.0883439543592836 -0.254344380334405 0.0616460521063171 -0.227091068242126
-0.172247769270359 -0.195139395188144 -0.161006370703937 -0.265242862442347
-0.32439532664338 0.090441674828378 -0.350965713911027 -0.0517741275725849
-0.157792798583549 0.383222017608957 -0.199733290468133 0.189078971570218
0.145992447705935 0.37643086462977 -0.0453469963619399 0.0709139698987418
0.35246823488028 0.143853630610523 -0.14948750662553 -0.0380191323054407
0.246093452214122 -0.0799761701010899 -0.187401756396527 0.0277825402979237
0.127074479855783 -0.119075461043162 -0.0800865730311171 -0.020130508897374
-0.0765051037765861 0.0217661084493632 0.102157463347991 0.172464545283552
-0.13033107169868 -0.0139779099193067 -0.0486544922563615 0.257148609221921
-0.0964305379530464 -0.108361846393877 -0.255061909244804 0.00926634582349087
-0.00501274058478033 -0.158511736163905 -0.186187009513928 -0.356853252477009
0.118771286179113 -0.116028444062185 0.0888422637890706 -0.46698728953488
0.201646148755681 -0.0620678874591133 0.240680426951506 -0.321939847297223
0.18083488254471 -0.0922778725279955 0.243810950536971 -0.222604852240061
0.053170260768528 -0.14924141368904 0.0918726046115735 -0.307095652797236
-0.138691821865091 -0.0804851094323869 -0.313359474274956 -0.254875171588349
-0.182080904036861 0.135367774853354 -0.453506215242694 0.178010484493649
-0.0352683130235602 0.264131198038 -0.069597862182683 0.400440388934476
0.122532589772363 0.205213807053939 0.138311260500696 0.102529141722008
0.225408419572662 0.0633005195586087 -0.0770941902409782 -0.0547968269058021
0.154295960153065 -0.0652937245456808 -0.241026229861939 0.0907300205284745
0.0881221551149234 -0.0787906817189264 -0.130522677818091 0.0679257849435958
-0.00826429711892618 0.00781978122268948 0.140049543796844 -0.0994457076802295
0.00231936186289616 0.0177131883069127 0.252379758162379 -0.104309895383794
-0.0165777032673859 -0.000807658089324124 0.0596214184614308 0.0696039950286464
-0.0169508671065896 -0.0121904847836041 -0.198106720510247 -0.0546230780185269
-0.000775423068663121 -0.0461332802348477 -0.0376772302365031 -0.426517299839567
0.0127299626343111 -0.0264828606929367 0.443007207661389 -0.293605564232339
0.00893476068695225 0.00962631855531144 0.380105348867558 0.229831878078436
-0.0204515603682202 0.0129292935463659 -0.0902875697479395 0.344365620921175
-0.0336710991297061 0.000963448253257862 -0.320743997023537 0.237475918262479
-0.0316399300131232 0.00319866263475465 -0.350980455254337 0.308541866874887
-0.00877974641111961 0.0100114244134249 -0.232346027286102 0.468259308601958
0.0147255932967761 0.0203994131402176 0.0606342270013662 0.43044323397633
0.0091454596799267 -0.00032313351986352 0.241298158126487 0.0778466151673717
0.0193948484254398 -0.0050474358037525 0.0491542454416362 -0.240178804613074
-0.00295017269236954 0.00552559678467855 -0.14051018271071 -0.173065105791495
0.0680794507287676 -0.0748521791786192 0.118278690717105 -0.0734212459412067
0.164349927141302 -0.0475581198724647 0.233326923431958 -0.103481425720613
0.200388924647159 0.0525608193898126 0.0782896176085257 0.0416628570054721
0.119773663070629 0.183418340965294 -0.142786020140831 -0.0632555119448088
-0.0482342367611168 0.190583363018855 -0.00792813861145917 -0.397144137064885
-0.169681211449276 0.080067945790742 0.411812340574899 -0.252105782920359
-0.122666898160139 -0.0682294229773226 0.344928758068689 0.232272933710189
0.0191474531812278 -0.126315930587698 -0.0872709234941241 0.320824228151722
0.119708216684068 -0.0801138523910271 -0.288372383869566 0.222647300357332
0.127953958686595 -0.0606039492465756 -0.312986693642315 0.301865534431506
0.0986201656763198 -0.0902050727679962 -0.18150275112822 0.457008634356379
0.0281131561957682 -0.120512662286225 0.11507583419259 0.403584590221078
-0.0759791280394049 -0.102127122003938 0.262003677404419 0.0452649878874201
-0.099052185865334 -0.0154409016841294 0.0599300364316135 -0.24661576565205
-0.0760064592187873 0.022065669479441 -0.118432634375565 -0.185135707431934
0.103784065858796 -0.120982973492149 0.0720024910099555 0.00455985096554018
0.243108507045532 -0.10070002673833 0.190790797004153 -0.0598833019371789
0.337190957587151 0.0781893089269691 0.133449053905875 -0.00738917724246766
0.213621433243835 0.323317033703842 0.0196717340077427 -0.0774996410433054
-0.107427528390966 0.357345155554129 0.121461301001576 -0.26209236459006
-0.309781663717967 0.107526124187216 0.341988573572287 -0.0695649415420503
-0.194805726286481 -0.164654735886927 0.21988824822942 0.243337985813916
0.0564455189409441 -0.243540895494938 -0.0641784273380197 0.251304851689505
0.221430176185718 -0.174357940861329 -0.163287168146426 0.187645430562183
0.242633744948051 -0.166912690693604 -0.129660445079971 0.270337568853404
0.168585403078045 -0.234762815628406 0.0525507381072601 0.387150394497686
-0.000106226678391915 -0.271693132559015 0.294390956099041 0.239380482959102
-0.162554393456523 -0.176584456752285 0.289604954866808 -0.0968681012278108
-0.181269427897615 -0.0190069258990278 0.0609187565551284 -0.27002402896744
-0.113462735538341 0.0228667092201528 -0.0619607342192683 -0.20609520364687
0.0771017336087473 -0.109336624167331 0.0292856954959825 0.100531167997776
0.186991280745745 -0.0942513933252834 0.151268392446117 0.0410929976695878
0.28306152229144 0.0775544317853001 0.195084038629512 0.019744862217441
0.14892465234549 0.30908894534851 0.185366409794309 0.0194912289490986
-0.187221883033471 0.298021344248531 0.197057820629452 -0.000357018049266541
-0.332846409176186 -0.0172378675771066 0.176827918126734 0.144184032948678
-0.154297230162849 -0.267726096073631 0.0613069833829438 0.206048425235567
0.0830301528429225 -0.31681534294075 -0.0314832224180798 0.145796011219711
0.205790010505376 -0.273504753336851 -0.0104823460517155 0.0969165099528243
0.187486222106006 -0.289761757814643 0.0933367666142512 0.10010344995094
0.0682896536038505 -0.318972615762689 0.244390803592026 0.0892145051235961
-0.0929292818102022 -0.276106163481988 0.311230857291093 -0.0868899152563819
-0.172298888392615 -0.136597381385802 0.180893199285956 -0.251767151087109
-0.154871656626605 -0.0121863482864672 0.0335468647369444 -0.270482760831898
-0.0899141829660291 -0.00291203707434 -0.00800682990224732 -0.216870409549837
0.00617380788640736 -0.0544478797534443 0.0083889703500437 0.175381694394649
0.026389884204296 -0.0355284415888706 0.115878203391969 0.172845824720878
0.0479907776980903 0.0321229575217269 0.163210547976888 0.171390629996512
-0.0586148743011986 0.0798389911016748 0.120758763307346 0.220537381633041
-0.187159092562281 -0.0150405360386316 0.0286983322422131 0.191421010393108
-0.161692781854122 -0.223562543815208 -0.04315995407007 0.18102759094726
-0.00794974427780138 -0.328024324630253 -0.0475701804839512 0.0905451916498158
0.0982931650654152 -0.339680823741459 -0.000955123106723632 0.0178855625574206
0.0732109015531633 -0.331966179812592 0.0628165023330478 -0.0529955681826191
-0.0674551202835767 -0.28570415651161 0.118876393026465 -0.148266308917987
-0.161349622257101 -0.122435534303924 0.111409669426037 -0.210447748173386
-0.107498227740847 0.00652976841105228 0.0376057248606136 -0.262905082640054
0.00499378441091167 0.0207102185058644 -0.0477838533289254 -0.247216554478085
0.00060796956888672 -0.0206993706594157 -0.0305190555435054 -0.201881638671401
-0.00785185189727264 -0.0531571702958167 0.00990096915261213 -0.191640995368924
-0.0643285448617614 0.0035468405597805 0.0188514257089343 0.204044162204962
-0.126226750921009 0.00817709900940268 0.0598131261752873 0.264715183472216
-0.163385407264056 -0.0614820887254594 -0.0274948215796079 0.283046660328197
-0.162843637979588 -0.196685368389775 -0.185626465888827 0.217998089341604
-0.0297805160458305 -0.286611804393521 -0.223048934784981 0.0303687174672821
0.114367122118137 -0.302800180360161 -0.129314299076698 -0.0261624002503218
0.157631964389273 -0.30335125716567 -0.0355269288215865 -0.0635251389622527
0.0986201603220538 -0.317868789799846 0.0264536488564395 -0.11303263244827
-0.0896531487665098 -0.298932723741333 -0.00449075860472092 -0.195828269947028
-0.302471647744988 -0.0976420594264439 -0.106122328430924 -0.217795730664034
-0.252761139296302 0.23454047138811 -0.149527974808055 -0.124166827111505
0.0343135621299377 0.327493099942595 -0.150367977303269 -0.111216483603237
0.262132100964017 0.143663930866387 -0.17875376426315 -0.109725586505922
0.181035884920692 -0.0542575867833052 -0.109670370252059 -0.0798332040551323
0.0835544922217972 -0.104609330053307 -0.0200425240450551 -0.119150071316605
-0.0962100087499392 0.0310441714507015 0.0585246990119852 0.190677553676438
-0.17903937081069 0.00352123718964713 -0.00406775485077142 0.282149889879391
-0.186939633800489 -0.130002082435563 -0.214702266097312 0.192343277356818
-0.0866877284913855 -0.269629125759933 -0.330665328123931 -0.0884844619782599
0.121928651541911 -0.270461800975985 -0.178884265774187 -0.313330407414931
0.259323284222144 -0.200221990921244 0.0185591489183479 -0.255091937369159
0.233124084777288 -0.205308668114386 0.0898406551675077 -0.178930381561058
0.0825845414189918 -0.253082966905439 0.0571909347214642 -0.225697314717165
-0.175658596695129 -0.192161712771181 -0.165487374031783 -0.260681780002166
-0.322201653689803 0.0951457759719526 -0.347268997734898 -0.0420701047997265
-0.153005905570822 0.38574980589101 -0.187409759035688 0.191576713605777
0.151201020032291 0.374129988377535 -0.038960169962046 0.0681814226329004
0.351494640525402 0.137970086281865 -0.147434127980041 -0.0368507506669473
0.241640776946937 -0.0827318918721506 -0.18371108736751 0.0300859282011469
0.120821809509947 -0.117896430830038 -0.0763823833209012 -0.0195851070147242
-0.0763618796388808 0.0235023641026971 0.104727556714652 0.165669997766882
-0.129102655702261 -0.0127517362311117 -0.0426861667921657 0.255742196091428
-0.0968227996441294 -0.104939285421964 -0.252334760935451 0.0140639695938783
-0.00717157988840225 -0.156349323695194 -0.189139809010913 -0.349604392732307
0.115546154524124 -0.116402166345573 0.0821239417032215 -0.461877496914083
0.197582761652697 -0.0638032212219846 0.234726432662101 -0.319221008741158
0.177027315093816 -0.0933737112564386 0.239388988943646 -0.221733431889031
0.0493040681806755 -0.149621370477942 0.0858414178879046 -0.304735347662426
-0.140449297035661 -0.0776974236874628 -0.316824723621237 -0.245803395981259
-0.179608231813845 0.137462693278783 -0.445402668827819 0.186467171290142
-0.0312625670889348 0.263687191548493 -0.0568686818586896 0.3985874232594
0.125664827961961 0.203749671969967 0.142099976955165 0.0951939379713761
0.225082954842317 0.0593635922075853 -0.0773323209943162 -0.0560231405092181
0.150990712219725 -0.0668364315256402 -0.236510063816698 0.0927681419403584
0.0851115763922015 -0.0782459513746482 -0.125537211666707 0.0671384068947721
-0.00841242594455146 0.00793436015212946 0.136326060166303 -0.100574196725191
0.0021795489079402 0.0176676345845101 0.252059758115738 -0.107527472278472
-0.01612006517158 -0.000765991616910712 0.0628660002365837 0.0734692167915987
-0.0169976841810694 -0.0126464416602854 -0.201370527185272 -0.0450584185259815
-0.00173545870031086 -0.0478868734331318 -0.0497434892579849 -0.426769316467448
0.0131246433677658 -0.0266418543590589 0.436718920339665 -0.3051376595929
0.00945012369816134 0.00948774633367272 0.387371633627234 0.223681006034316
-0.0203336332485648 0.0139492798746044 -0.0838752260159224 0.34715438717031
-0.0340169356733045 0.00192414219341849 -0.317305535203047 0.244581367824454
-0.0312726076512699 0.00412674231627614 -0.346228901395191 0.314342448750984
-0.00838835623760363 0.0101234240927896 -0.223336095094727 0.471446946506837
0.0149554254258181 0.0199389545143652 0.0702760820131635 0.428367778034389
0.00909992538539078 -9.10095737126724E-05 0.243458154121381 0.0727921660319051
0.0189038989350182 -0.00603235871147742 0.042273564035609 -0.240842512564852
-0.00239518193568112 0.00579746391703097 -0.144761899386821 -0.166572266008298
0.0666454227172653 -0.0747174315811215 0.114600447880064 -0.0738513715702321
0.165291803367732 -0.052215249349234 0.232407831794888 -0.107752138147454
0.202951007043148 0.0502297161477579 0.0794395281410901 0.0445799928885306
0.123991594833461 0.182882519675954 -0.147441462317211 -0.0559155961981208
-0.0456212382472742 0.192172858795672 -0.0204563754580597 -0.396218997567542
-0.170949105504612 0.0843566772201797 0.408026218656486 -0.262539820968193
-0.125155961456427 -0.0665857967334289 0.352975648981104 0.225756870138349
0.0153711221412438 -0.126457676008392 -0.0811153060532202 0.32287669444162
0.118226796821258 -0.0832439955259279 -0.286599804795313 0.227551390888127
0.12699946948267 -0.0628559799654624 -0.308499523182425 0.30801560567768
0.097390446834188 -0.0916190156321492 -0.171541006271171 0.460482618849228
0.0260024302798486 -0.122399712779538 0.123081472582124 0.400289775501359
-0.0779658704451285 -0.100195326956226 0.264292787545065 0.0404145493827992
-0.100208657668862 -0.0144265477028629 0.0529924873753317 -0.247269478833952
-0.0765315052798472 0.0251962677801006 -0.124162100515814 -0.180296249101429
0.100133540907835 -0.122140897986752 0.0694490732402775 0.00425838199299856
0.242026725030905 -0.106156771607338 0.189407327024643 -0.063334969019026
0.340874702014849 0.074473740614278 0.131986959084059 -0.00742893994587113
0.221822286033789 0.321837301198458 0.0137495888824274 -0.0749069209182643
-0.103357245171286 0.363561450275607 0.111635787575543 -0.26559458744053
-0.312320052242759 0.115340290540482 0.341783541597361 -0.0791510860589667
-0.200739555091324 -0.162102600314676 0.227357515737334 0.237639858806033
0.0506730388997974 -0.244982594779553 -0.0602139598031056 0.254635549220719
0.218428885727733 -0.179245435730145 -0.160926579888488 0.190633679279061
0.238659123136786 -0.17014540815974 -0.125204223269072 0.27282574214277
0.164006127430067 -0.23894044781529 0.0607130110328112 0.385949630702191
-0.00604877398617204 -0.273346043333537 0.300085444583517 0.233846875101849
-0.167694164530502 -0.172912260617141 0.288079760614342 -0.103036052913976
-0.181881695141334 -0.0167795574642571 0.0546502277298459 -0.270763135854548
-0.115908042450582 0.0267022400239782 -0.0686799713227494 -0.202750288004621
0.0734098755608533 -0.108629463028929 0.0296319801212749 0.10051306216354
0.183970896329826 -0.097441992324932 0.150678377987531 0.037967015329245
0.285179273583978 0.0755973940456313 0.192977885098076 0.0173765023440541
0.155293076664433 0.308317364382816 0.182552631748516 0.0175344650554157
-0.183807736394491 0.304684689722706 0.193192032569182 -0.0050130662276017
-0.338142582811388 -0.0111496016822988 0.180420767384376 0.139379868960264
-0.161831423845647 -0.266206219492738 0.0671322836749907 0.203914580757633
0.0763533578726018 -0.319151206713628 -0.0285337758423825 0.147117821132389
0.199343084421221 -0.280456086377046 -0.00858443581389147 0.0979099149493767
0.180565358500546 -0.293329483879598 0.0939544825204915 0.0981633394468667
0.0615809983090202 -0.320901522760346 0.246042478217019 0.0842586961969897
-0.0987588338698001 -0.277171620908384 0.308380475242977 -0.0910183827746793
-0.177941630415166 -0.133271646053639 0.177066930572811 -0.253478086974141
-0.157463666842521 -0.0104993019423854 0.0278216252523727 -0.270218580597961
-0.0929724709747152 0.000919013675278054 -0.0120134542891111 -0.214474215856741
0.00230539343126856 -0.0511462860185901 0.0109645575113667 0.174768303935199
0.0234525294737883 -0.035688666366724 0.117631971565899 0.168031624417647
0.0460200421420763 0.0336969041876875 0.162829435042804 0.166980656201585
-0.0582219325539413 0.0807048255725447 0.123860797389791 0.216987078945451
-0.188867532944959 -0.0113616782960047 0.0295268047223707 0.189125053328696
-0.16750283269922 -0.220666964544769 -0.0377171851100115 0.179750709235493
-0.014726018483139 -0.329841526632482 -0.0447556610379649 0.0900385556259416
0.0907693499857727 -0.343741520394478 -0.000274920070066653 0.0182726665261415
0.0658335947307415 -0.335381729915849 0.0621749413925883 -0.0534624005362196
-0.074685473389356 -0.284004056683626 0.115943281995176 -0.148187402949235
-0.165073028893847 -0.119569224565027 0.110621522861338 -0.210616301090683
-0.108808533075689 0.00760704476215888 0.0344801368312615 -0.26179183341059
0.00325133618861583 0.0197329977110126 -0.0496118186235778 -0.242644563332932
-0.00157220430564324 -0.0196601147854959 -0.0323019721618621 -0.200295082438922
-0.0128101871118655 -0.0510549740694814 0.007817538418948 -0.190214085217756
-0.0664731531080874 0.00820322405607855 0.023487085518664 0.201847315408195
-0.129132910157074 0.0100996182670459 0.0640735131065273 0.261687544525504
-0.167099184287619 -0.0585397296001953 -0.0238315936952883 0.281516911082575
-0.167352662879605 -0.195306866728006 -0.181351047818985 0.22066378383136
-0.0350448959652238 -0.287581761886605 -0.223996807524512 0.0332876503857629
0.109455324923854 -0.305376206481055 -0.127720629794994 -0.0255720228838302
0.151996601470866 -0.305643543878277 -0.0358108607451011 -0.0630532579065767
0.091784102449654 -0.321960893570514 0.0246361176142276 -0.113273103765764
-0.0984451108725383 -0.29987701725533 -0.00909342321707803 -0.195245293721461
-0.308482054468801 -0.0915351779588579 -0.110552675184961 -0.213684016793174
-0.250082837135939 0.243016252537249 -0.147614564119621 -0.117690952051546
0.0400308649445736 0.329890499390846 -0.147608873632528 -0.107351198077628
0.264814465331451 0.138793364406372 -0.177113925083765 -0.104893370196953
0.178945175536726 -0.0576040705078975 -0.109701843720029 -0.0771060187876865
0.0779644379692687 -0.104152667601703 -0.0198278488302059 -0.118717852760826
-0.096831111438782 0.0347203167377371 0.0627489567972178 0.187596133487593
-0.181188493476342 0.00610385766082911 0.000961221978918081 0.282309190784145
-0.190586709393563 -0.125675349148942 -0.210785028853258 0.19654771306462
-0.0912473440196861 -0.267564980866957 -0.332698914516919 -0.0822565097503087
0.117586943408584 -0.272099201019722 -0.184009264444864 -0.312037823384086
0.257331015035788 -0.20524878305917 0.0150410786154925 -0.255372384494828
0.229969787734536 -0.210210584351021 0.0879399497249185 -0.180446309639058
0.0781510924723723 -0.255493004453843 0.0538558300124234 -0.228241955531568
-0.182513476166171 -0.190960923624657 -0.172262748898821 -0.256476677965846
-0.32509052810818 0.101557012789406 -0.34853610735748 -0.0324394329170244
-0.146400994289486 0.391840344065452 -0.177430576730953 0.198308395863504
0.159240262218102 0.37437998699102 -0.0332235383041803 0.0660195245302396
0.355828873635389 0.131383528215882 -0.146605749666628 -0.0345453335887144
0.24002121045751 -0.0862107743070225 -0.181928863220731 0.0332416361762968
0.117653365706325 -0.119718994623476 -0.074884359763378 -0.01926003111886
-0.0766072981588303 0.0259696827668722 0.108923008235289 0.161089896172915
-0.130748265781108 -0.0109609945476439 -0.035925625783774 0.257330495378643
-0.0984399096554628 -0.102694423293558 -0.252864067210147 0.0201113677705001
-0.00986866962771039 -0.156016687126591 -0.197098809724702 -0.346672155677708
0.114380041617522 -0.118867283008291 0.0729337249379531 -0.463346217978793
0.197871533516396 -0.0668371478438876 0.230290048089729 -0.322346651485743
0.175530517338364 -0.0968093907941875 0.237226284789046 -0.226837215902155
0.0456799033302757 -0.150606571927177 0.0805137175823121 -0.309347361218192
-0.144366708515943 -0.0756986273971087 -0.32487299117722 -0.239042453546218
-0.178762904436442 0.141143156222962 -0.442315978367023 0.198855018294035
-0.025673239673835 0.267667310690908 -0.0432772879416115 0.401541697608861
0.131861100838871 0.203708967271931 0.146782051317885 0.0864187566002454
0.226109843251061 0.0554964071037553 -0.0800389486384029 -0.0581777810570256
0.150110544874859 -0.0698563241562312 -0.234805441697405 0.0962530108239932
0.0839675084813948 -0.0799718513641329 -0.122424292649927 0.0678484632242623
-0.00793805946463958 0.00699837073196608 0.143211676660598 -0.0814359208522833
0.00179254643454509 0.0159063375674998 0.262659911840232 -0.0756229271854522
-0.0149040940487402 -0.00238861238086521 0.0545755193539716 0.0846719588212
-0.0176800070130368 -0.0137246499720909 -0.196988712890227 -0.0621190811204723
0.00100152057195831 -0.0511567681692152 -0.00776893833977182 -0.427218720123153
0.0182486912353927 -0.0296174005837303 0.467066838787482 -0.259364933552236
0.0117133659906663 0.0104123191451127 0.361407120887317 0.264043622426625
-0.0202444295771965 0.0132577722073491 -0.119964562384901 0.337001417240223
-0.0343699458679244 -0.000898608308813898 -0.344868940345658 0.207187628941985
-0.0325118856136561 0.00156755240371318 -0.381017374259915 0.275506090756999
-0.00969001762900599 0.00984024004811635 -0.275044947153194 0.446731127071274
0.0121479319902426 0.0202081629091822 0.0259222634855239 0.435824874338377
0.00890318196489321 0.00162973898834408 0.235762901725017 0.0981092534733754
0.0202209971477069 -0.00449581659112836 0.0667161958832847 -0.235037797521068
-0.00171720821393365 0.00533552674183059 -0.129690609352397 -0.179398737027602
0.0749017544877012 -0.0678491700781207 0.118889479038758 -0.0572040013069322
0.171480289959389 -0.036586572229535 0.242650946312117 -0.0778815482364315
0.200303821650968 0.073418878261409 0.073922907533795 0.0581965625727581
0.103622114110321 0.197933316350964 -0.14389461435998 -0.0666808091212041
-0.0665064474695073 0.187516761958241 0.0199256565624164 -0.395605783007792
-0.179473540623645 0.0648550962757657 0.435158763855311 -0.219806527099238
-0.117372190232148 -0.0806783504281334 0.326975776386174 0.261759963654152
0.0292111123540679 -0.121819833457841 -0.115122915798443 0.314193835738241
0.127249124801338 -0.0692923943200948 -0.313448759447776 0.194703621183323
0.132711881400788 -0.0476111634874622 -0.342487684411323 0.27326021316047
0.107817216971544 -0.0816781575941228 -0.224657689941236 0.439731347511125
0.037050067147258 -0.12079898457985 0.081892664985658 0.415088767490022
-0.0691137367392074 -0.105615173682837 0.260008081812324 0.0685934912206192
-0.0989151633190473 -0.0252564551264155 0.0792974416475596 -0.241605880606301
-0.0798371496831937 0.0189667885348391 -0.107059975541605 -0.190815599617223
0.112402211676554 -0.109807519455785 0.0657143510186238 0.0147488724855222
0.253282609892009 -0.0814541012261768 0.193674007743336 -0.039604031710757
0.336163964165924 0.112735566071608 0.128997124759489 0.0116085845106837
0.187521564292377 0.346189759370716 0.0165284164948287 -0.0690462738259719
-0.140920587172871 0.353758393598002 0.133303808501693 -0.251745944805603
-0.327220295742982 0.084425562466338 0.349016531119405 -0.04458992595744
-0.183454033828743 -0.18386027937274 0.201663965891379 0.259538443561833
0.0750510212742448 -0.2376624985651 -0.0866632249036459 0.24631664037029
0.238299043756236 -0.156642167789039 -0.182063490601222 0.171969540387469
0.256838015353701 -0.141560468705337 -0.155575952820912 0.25903276762007
0.190068735307002 -0.220737386519655 0.0156863572588174 0.394365212886888
0.0202737605575945 -0.276954290154148 0.274826468165607 0.266497373943107
-0.150808226330761 -0.189145930150919 0.299574724435117 -0.072560082706595
-0.182757562632996 -0.0368855474420903 0.0827886779712845 -0.265373492201499
-0.121197736869906 0.017976450615838 -0.0496909313553923 -0.207876178375785
0.0824258279878339 -0.0984258694115351 0.0147759514817524 0.103484465461434
0.19268836589294 -0.0785990315100996 0.143335658341612 0.0538144421489274
0.278419814541731 0.108649187727471 0.183888218984418 0.039247588221098
0.122755511958663 0.326166158289192 0.173018209880314 0.0382265939805656
-0.214662711396396 0.288153317111403 0.18657059799269 0.0138915741876855
-0.340568240691842 -0.04338689600975 0.167882823827834 0.155123486587071
-0.135003830548304 -0.282673789987355 0.045990630508236 0.207777436606597
0.108387719678794 -0.310624445218445 -0.0438461782839233 0.143619077394928
0.23051417333304 -0.25986356073123 -0.0192289134982186 0.0963380034946348
0.211638172180382 -0.273731562450803 0.0822921526227677 0.109842423305662
0.0972101430551664 -0.315658309323425 0.237260747798269 0.114800665908793
-0.0712712788787425 -0.290191437136139 0.319859102089673 -0.0564574704959949
-0.166171260324097 -0.152862674666315 0.204792032309195 -0.233353749817599
-0.159060502850371 -0.0277250551609412 0.0569815015389264 -0.266260465002204
-0.0969682295637904 -0.00508169807404772 0.0100914218455875 -0.214517721983906
0.00586287833323371 -0.04782219816847 -0.010375609703318 0.171415049929422
0.0249214347382168 -0.0329534195963316 0.0947766888126267 0.17710097429935
0.0421916720009461 0.0404393069508947 0.138315067717581 0.181684722121173
-0.0670470907948443 0.0748878440913872 0.0962137247572928 0.228110571928004
-0.187933400140376 -0.0284280480916306 0.00549508520460963 0.187715297313515
-0.14787420336859 -0.237529644156445 -0.0548099808476155 0.172942163829881
0.0187062653476913 -0.331606180252945 -0.0536431826550663 0.0839432091733817
0.125701672554018 -0.333329928776823 -0.00129976268836883 0.0188127624411859
0.101201276689018 -0.331326225237819 0.0689387241490926 -0.0465151303346608
-0.0468077434002923 -0.292677159521944 0.130985912367438 -0.134641061305608
-0.153512642233192 -0.137724788005743 0.13631303598991 -0.195353358452222
-0.110654395568191 -0.00416608229930528 0.0645998194699402 -0.256841886210107
-0.000132918759400679 0.0183534102252356 -0.0205910491051902 -0.244206609398954
-0.00130148359700139 -0.0212125148601947 -0.00935392199527737 -0.201870579447149
-0.0115444295264418 -0.0499183829716904 0.0283130550158987 -0.187987833970285
-0.0690007881231454 0.00495017638448714 -6.45619239638679E-05 0.199176110374978
-0.131885965462771 -0.00278725418985177 0.0315851050507757 0.262958754008856
-0.161957678727048 -0.0743486425177552 -0.0558365843110597 0.275606876329342
-0.147540965792172 -0.211896359069344 -0.201622357337531 0.196085535846345
-0.00693190480479897 -0.290345868910909 -0.224509880877543 0.00794465029164693
0.138472290647978 -0.296984844001026 -0.121975384611128 -0.0394109527315121
0.183506201979375 -0.289463728477849 -0.0276411375099897 -0.0658331980320265
0.124383741860769 -0.312784573652443 0.0376224944318582 -0.109417562669722
-0.0690878474078465 -0.313482279595453 0.012994838988746 -0.196085665186696
-0.303377306920494 -0.124881170275206 -0.087684130332581 -0.224070276765235
-0.279358998528858 0.217657806082366 -0.129135821700744 -0.132815612629494
0.00588875640244294 0.336863715488322 -0.133672620002813 -0.12430045445139
0.249989073759835 0.164641417020386 -0.163818011126237 -0.121113237391538
0.184708603344898 -0.0390281364264411 -0.0998358642049578 -0.0867798672178685
0.0866476282924379 -0.0949624374175186 -0.00529725434591018 -0.119785885395168
-0.101309001038283 0.0267504499637365 0.0419717912704223 0.189421155252044
-0.183023796923072 -0.0128600392058028 -0.0301375868204006 0.277799487945301
-0.177823704481766 -0.144189035479015 -0.23096368402714 0.170964616852878
-0.0637564130434415 -0.275179941812277 -0.318610071673682 -0.120355126542167
0.143735286321458 -0.261177309028996 -0.144680289423852 -0.326567940026015
0.279132122405985 -0.183052684223461 0.0432679091930409 -0.25051102007583
0.251322407448466 -0.187615594715661 0.108686830363867 -0.167057296448829
0.104632417020985 -0.247340846984926 0.0788921582922729 -0.221300535395131
-0.166743586865098 -0.212331086511418 -0.145416322184118 -0.275449908784655
-0.340235144025121 0.0682507225682883 -0.3467801172358 -0.0676707465091231
-0.19121821388332 0.378244610197103 -0.194278792679968 0.178732614886373
0.120950320921695 0.39745814596358 -0.0369975256450441 0.0586449411512103
0.343667867048688 0.167651196407408 -0.141896190693869 -0.0506980800571603
0.249842642477141 -0.0619914273549973 -0.183860649742613 0.0140222437030326
0.129120155273415 -0.107910270428191 -0.0699618657276776 -0.0268391772170494
-0.0786970606360403 0.0196632510464884 0.0892073877963341 0.168789323891256
-0.129620173459222 -0.0233695692966509 -0.0637579047409332 0.251000893458166
-0.0880998634643015 -0.112743937215004 -0.252370746483799 -0.00886289969358349
0.00404678319210319 -0.156435974549065 -0.158381430436015 -0.365196191918736
0.12481429051955 -0.109694598043194 0.123769148921613 -0.447244786645708
0.205922806557983 -0.0513550299213749 0.264648876887696 -0.293201482406902
0.185066526850823 -0.0788285857478325 0.261581364796775 -0.197067420093127
0.0609639943514767 -0.147220850547789 0.113053135188138 -0.299230551984347
-0.139424953747684 -0.0918296806307915 -0.30058084144133 -0.275589540631059
-0.197600513920858 0.12319741606204 -0.464492476147121 0.153369157075173
-0.0556978351233543 0.266136886356723 -0.0841747971342054 0.39655907835483
0.110809800037386 0.221325206531436 0.139727373582868 0.0974353075435957
0.221531094062091 0.0797446690631166 -0.074995565742003 -0.0690879488020875
0.157525240480208 -0.0547675853440937 -0.245510248088902 0.0711206184641629
0.0916582150922733 -0.0725239116213481 -0.126431915629562 0.0546486538389791
-0.00735684013985152 0.00745697883755914 0.135732735246631 -0.0846700225362985
0.00274198702361178 0.0148536728204222 0.256755343420148 -0.0836142232252739
-0.0140767483845256 -0.00153410268212255 0.0591990369832538 0.0856734814050195
-0.0183687974657954 -0.0127413041588966 -0.198866782884021 -0.0484213882168778
-0.00250188563590692 -0.0515319990191961 -0.0287947013318047 -0.420750282705478
0.0170434272943012 -0.0294134969036856 0.450517606873923 -0.278464932308995
0.01285427200779 0.00961386537511196 0.371718930214392 0.244915238052947
-0.0184592300472767 0.0145987775818882 -0.104481366585914 0.338419469918047
-0.0341901150253295 0.000691947082605704 -0.33277504153306 0.218000577224813
-0.0313916395605264 0.00362073422574686 -0.364910149943004 0.285202383347794
-0.00817054977451446 0.00982409298859381 -0.251698122791986 0.447885271341077
0.0131813855578953 0.0198383571950687 0.0452400475135263 0.425563326489099
0.00926960124049066 0.00241721199132405 0.237197605969731 0.0858744477276081
0.0194509374165574 -0.004556329635769 0.0542817649136886 -0.234396437351386
-0.00138810828554003 0.00566536533252265 -0.135778576092763 -0.168026267312108
0.0704114685186859 -0.0685236848905329 0.112951435375772 -0.0595534437467475
0.167510180002614 -0.0440480932940898 0.236087049672298 -0.0858337401149123
0.201774372839527 0.0645357947119039 0.0765318796861762 0.058952623949767
0.110622111680732 0.193197425652459 -0.14634431049602 -0.0547040542547858
-0.0602047177989454 0.188118618546548 -0.00268854364443406 -0.392342230792317
-0.176178069993697 0.0725787783269888 0.41941657944676 -0.237512420754465
-0.119794840920439 -0.0749981332242989 0.335884141657075 0.243471311131245
0.0232693181923277 -0.121545745371385 -0.101481128907428 0.315069299844386
0.121765081959847 -0.0731611808311817 -0.301331143479935 0.202462554261528
0.128537830242432 -0.0515304112355223 -0.326520609129336 0.281522112152366
0.102944143887331 -0.0852233948139039 -0.201725296183572 0.442378016521041
0.0302343913504076 -0.120455111748086 0.0984999018974991 0.402588286790511
-0.0720080300915999 -0.0996144915356588 0.259184141408234 0.0561043358992312
-0.099773218479254 -0.0216201832656381 0.066322180647141 -0.241510317201591
-0.0783147093025851 0.0230987654159102 -0.115292021208068 -0.180528394572262
0.104338450941442 -0.110930665624022 0.0637044184536399 0.0124415438423786
0.246054841095952 -0.0913132348730016 0.188517221209297 -0.0473732809077184
0.3372955478855 0.0992190895680117 0.126230709070269 0.00963903753316836
0.199881629490167 0.336818401462926 0.00926925215722481 -0.0645317377542087
-0.126041304861199 0.357082001970819 0.11647539981002 -0.253833994593048
-0.324089634357293 0.0972823564909684 0.342926502644804 -0.0610205184766779
-0.191052828556265 -0.173717418676861 0.210795970296916 0.246498710825578
0.0638808551624196 -0.23688376927021 -0.0756533760758758 0.247668625398223
0.226298102814614 -0.164505092333605 -0.173629152594157 0.175699552389685
0.246667015074334 -0.14906349567795 -0.143493252873596 0.260693248544591
0.177835880418314 -0.2254038198471 0.0312713350642126 0.385359969960052
0.00795662669891802 -0.273364793531805 0.280865864329843 0.249813514216957
-0.156909826101654 -0.178571969589798 0.292180017072894 -0.083019637581038
-0.182898654544359 -0.0296333200944031 0.0704720830667722 -0.26357955030426
-0.119854103607246 0.0248034881347326 -0.058520025586241 -0.200526696453857
0.0756105520366518 -0.0980649435380283 0.017541708261327 0.100273743912254
0.184318094492022 -0.0850958668002268 0.141149481991076 0.0467971072654681
0.279581872025475 0.0973914029914756 0.179997864578655 0.0328187118219622
0.133981930629406 0.318521096999658 0.168532827545948 0.031568686648086
-0.201351584618039 0.29549861484635 0.179880474951859 0.00611112842062321
-0.341956087660477 -0.0273192693745677 0.172783366832932 0.143120959300261
-0.147133010247477 -0.27400455879366 0.0552609127311681 0.202722220227053
0.0932704132972371 -0.311060606027693 -0.036572561481554 0.143903747050943
0.21567008156419 -0.266320466993134 -0.0154280142710194 0.0955868023154742
0.196383856813778 -0.276922399042418 0.084155351171625 0.104404882414363
0.0831002458166358 -0.314446137927039 0.238129262367998 0.103734475143272
-0.0839309440856116 -0.285029480930654 0.311884766094133 -0.0679386732865638
-0.17165270179335 -0.145147074651964 0.193950591934179 -0.236693394331374
-0.160776012087043 -0.0223997856658374 0.0451112863022618 -0.262865839770606
-0.0983390614117975 0.00156259307338426 0.000604684752826699 -0.210253784479134
0.00207862984865759 -0.0444035138214757 -0.00465186466824975 0.168478338442441
0.0196915808492782 -0.0327314017456857 0.0983422734221724 0.167995295965768
0.0416207811774372 0.039086734282902 0.140490939813628 0.172343210131706
-0.0647530417481077 0.0764744589636296 0.103047583109521 0.219452560513245
-0.188335298086469 -0.0198817964232043 0.0114972791133049 0.184321760701452
-0.158823069266805 -0.228264021386527 -0.0452249128277268 0.170958232063326
0.00346289931250715 -0.328557326706563 -0.0480578436098773 0.0842499548514639
0.109469845218664 -0.336084665151814 -8.44013484183313E-05 0.0185020407675444
0.083321502641663 -0.33160758019768 0.0656198675452285 -0.0473986269750016
-0.0594150312236183 -0.28499384417035 0.123673429773361 -0.135717103554731
-0.156947758823739 -0.128251639099879 0.129008255534217 -0.195325932070812
-0.109734516069341 -0.000779565805326105 0.054204564988966 -0.252702996169466
-0.00266090361550026 0.0165669119052903 -0.0286115302940068 -0.237428972806987
-0.00524459956100616 -0.0217535101450043 -0.017968771984114 -0.196310930168879
-0.0163143638381566 -0.0457122580820343 0.0218167703421666 -0.18473192314285
-0.0689537979955684 0.0100367774649035 0.00760567548269492 0.194031873909808
-0.133708393838178 0.00191949407404848 0.0416132354663812 0.255816575048873
-0.164691603535294 -0.0659764423249893 -0.0450574992398396 0.273613523987176
-0.15610643453848 -0.20400383340826 -0.189886436845027 0.199055221229543
-0.0177816950666919 -0.28642308204013 -0.22101168527274 0.0164485614110887
0.125200646690736 -0.298309793650628 -0.11999058644141 -0.0347238457565135
0.168668847760978 -0.294700551060654 -0.0293099167661018 -0.0639054260166576
0.109083442404301 -0.314731756478643 0.0334725999435029 -0.110215722246235
-0.0857140253216434 -0.306706889656668 0.00367974809193678 -0.19260014508996
-0.307442516448775 -0.110620665362247 -0.0958815877910349 -0.213479930876179
-0.267341775572118 0.228050753903152 -0.128540519646946 -0.123418139525388
0.0198523655897913 0.33407026360844 -0.132832181060756 -0.116559516888675
0.253154632316251 0.152030870211159 -0.163075737322113 -0.110372358206216
0.179430837688897 -0.0462720728709587 -0.0997603095324642 -0.0812038089360685
0.0785423316569582 -0.0944589677833966 -0.00821491752496145 -0.11745154199188
-0.0990691167948831 0.0324895452138997 0.0489395267374621 0.181638081687992
-0.1815975474115 -0.00527524207219468 -0.0170747953097739 0.273837258306092
-0.181633975175545 -0.135027373526563 -0.219393499769641 0.176755687043182
-0.073798392183665 -0.269812431552075 -0.319248895605179 -0.106540366628793
0.13177038279045 -0.26395224271066 -0.156170964234582 -0.316173534746387
0.268439803817188 -0.191901499394737 0.0350290073154597 -0.248899421918141
0.238705553627188 -0.194069238932602 0.101211255746415 -0.167836487492571
0.0908186336309617 -0.250679929389634 0.0686133112367492 -0.222744431676905
-0.17553738363724 -0.203537410200889 -0.155834472926667 -0.265321906119905
-0.336081281125448 0.0811111107441002 -0.344415096489176 -0.0502972572098147
-0.174085972737794 0.384199710700312 -0.178248131184274 0.185920362052081
0.137702320435294 0.390768523213952 -0.0308100106652328 0.0558626321262528
0.345992840598298 0.153038328534484 -0.141057942873888 -0.0453692346685156
0.24354734443056 -0.071929812078754 -0.179976382608404 0.021231258249948
0.120554837406498 -0.110496173716818 -0.0683856038386733 -0.0243351927986056
-0.0775354678145538 0.0234293129592066 0.0965120281463653 0.160338096057922
-0.129075593949688 -0.0181080164872538 -0.0504905685894611 0.249858931637885
-0.0904555338198998 -0.106856202684336 -0.249852398775104 0.0016184495613647
-0.00237305455881235 -0.154473298808362 -0.173227445266823 -0.351135769041442
0.118285409460505 -0.113185594877108 0.103994839045925 -0.445113244135834
0.201701934715646 -0.0588147096062854 0.250360366251881 -0.298281828011209
0.17995692180089 -0.0850223788726938 0.251337252253588 -0.204155457792519
0.0526698044030054 -0.148270439093237 0.0989811734329928 -0.30089799805487
-0.142635562414987 -0.0856625166006911 -0.308849897452109 -0.259252885987786
-0.191224621493422 0.130144462593089 -0.452635328236618 0.171650247710605
-0.0436852086008289 0.266838490192538 -0.0612678087420338 0.396869547819014
0.119860764282453 0.215829921485764 0.144095891822022 0.0853982149551492
0.222651411404825 0.0709056717805608 -0.0773503908577705 -0.0682887929238061
0.153916758126529 -0.0601298627126719 -0.238258785277054 0.0784803740171984
0.0863195590964097 -0.0740488038566731 -0.12152030523487 0.057072034552429
-0.00710717453277372 0.00791521438823498 0.128517036039117 -0.0852004841986013
0.00241160872823819 0.0140071028802427 0.249423852001896 -0.0890328200649294
-0.0134624364471317 -0.00177707134238491 0.0620194553308999 0.0866740369366844
-0.018753088800368 -0.0107485712170695 -0.197511550102913 -0.0374407990760961
-0.004470203418785 -0.050487942531298 -0.0437925209331291 -0.408293366813935
0.0161190133983937 -0.0292073205158069 0.430457775120257 -0.285509030812055
0.013151027607907 0.00932946103772433 0.370245500641024 0.229780193323111
-0.0173767132284988 0.0149269622618542 -0.0907927005779233 0.334014019491338
-0.0337085848964744 0.00210184529512265 -0.319194266085658 0.219467841564039
-0.0301880232299142 0.00387528946751284 -0.34845956540277 0.286325698343844
-0.00737494375458543 0.00998114386706278 -0.232356319902479 0.441610067151234
0.0129676733595058 0.0182494735001913 0.0557820952716765 0.411051347579751
0.00938001411906419 0.00247604392348029 0.234683078732738 0.0775915854675857
0.0190904299268156 -0.0047063409279303 0.0453541844899347 -0.228672949973333
-0.000853460929465619 0.00522982979288251 -0.137507965014173 -0.156956128321876
0.0660383136215253 -0.0683967940777511 0.106877678162364 -0.0601754254745716
0.162223827543961 -0.0470835526427344 0.227973997352617 -0.0900310535600083
0.199874196300715 0.0581890805204903 0.0775937606084586 0.0603767436689523
0.112428074463641 0.186925528695224 -0.147053087208516 -0.0450554693816927
-0.054326569314214 0.186607899657751 -0.0176673269310206 -0.382165558891239
-0.172187074101666 0.0759445432101988 0.402477309268772 -0.24583170441998
-0.120345922932984 -0.0699209715213188 0.337369878897548 0.228849431067841
0.0190507592572962 -0.118963250615946 -0.0906216151427125 0.312138713682533
0.117041697731273 -0.074942186471586 -0.290148516965838 0.204685950456346
0.124351750968233 -0.0523326401818278 -0.309711828553801 0.280304939644881
0.0985681513278412 -0.0852900666650527 -0.185358873128301 0.433462218552832
0.0255525012914585 -0.118299081738013 0.107516872493521 0.389800535087518
-0.072571689660123 -0.0939480417258798 0.25441338806725 0.0468704973473967
-0.0984843889746735 -0.0180355020526825 0.0571135097327679 -0.237488583878196
-0.0759178130738586 0.0252024842145854 -0.118163458945532 -0.16956855982963
0.0984454626679677 -0.108653796171571 0.0609806508679841 0.0118432611049139
0.236771026734777 -0.0962639747409346 0.181629306024641 -0.0508890273668944
0.33488520796435 0.0895175031725932 0.122704128635884 0.00917683897874733
0.205527420414598 0.325852141390925 0.0043041534913448 -0.0597020169952554
-0.114302914391738 0.354689682967711 0.1024368098926 -0.25141400021403
-0.316682470067559 0.105439020274386 0.334134732495386 -0.0715222888703771
-0.194331228423906 -0.165376232481701 0.214721469777728 0.233632898833666
0.0547732262446729 -0.233434858908057 -0.0676886271019935 0.244504866989067
0.216365783518811 -0.166049333036147 -0.166512449074252 0.174644961124169
0.237107676282911 -0.15013220990707 -0.134596449104072 0.255928147830599
0.169132471809256 -0.223963687196045 0.0390609801375157 0.374059534356751
-0.000775594013742484 -0.267592165673797 0.279188433664259 0.236636386182337
-0.158893318013295 -0.169549565302741 0.284295276075442 -0.0893080224551352
-0.181265340886979 -0.0251699348377981 0.0598839762817916 -0.258859637030218
-0.117873560826578 0.0299830667016925 -0.0637877309102176 -0.191149709788619
0.0690701571946585 -0.0949722528006653 0.0169302952499196 0.0984026223887996
0.175445868746135 -0.0872118751449039 0.1369923008309 0.0408727195477597
0.276617176702971 0.0890994857822949 0.173270364331034 0.0276232610678038
0.13911267664815 0.309131661191851 0.162354736425871 0.0273071153766045
-0.189454470018604 0.297039754227883 0.171620398108687 -0.000730250463249272
-0.338572437245345 -0.0171353543144981 0.172389439634349 0.132556334275075
-0.154481784908647 -0.26511744195433 0.0600565907918819 0.194669274162575
0.0820099970847125 -0.306847611801431 -0.0323662781810367 0.142429830612158
0.202452950873155 -0.266030480366596 -0.0137015272366625 0.0936330072671574
0.184412622153291 -0.274130465963256 0.0829723014491623 0.101764143396637
0.0733003332458308 -0.309309926655154 0.234300286796764 0.0949696607966045
-0.0905568979185578 -0.276771556746413 0.300728718808572 -0.0729552800320447
-0.173635587950323 -0.137815032300408 0.18452317357683 -0.233937348363246
-0.16007407541715 -0.0185737110255155 0.0361882903550521 -0.254932099092561
-0.0973637636504655 0.00675763004013671 -0.00518061640239362 -0.201897979734408
-0.000844328620565185 -0.040847962432209 -0.000689968864274642 0.162929134434526
0.0143820620368479 -0.0321527502772356 0.0983225396388312 0.159900835964091
0.0408479674768411 0.0386346877939063 0.138492417060881 0.164379312853011
-0.0626133966631257 0.0760317403707222 0.105683090596197 0.209781825929037
-0.184520788022646 -0.0142965668297704 0.0136665917619392 0.178803942612537
-0.161868101629436 -0.217662762177342 -0.0385654139371809 0.165031239311986
-0.00733650676722498 -0.321688948048893 -0.0446301029288308 0.0831179652743957
0.0968207480066921 -0.332555443816153 0.000846443113359218 0.0183376493599809
0.0707108151920753 -0.326812952205448 0.0624131327968669 -0.0462639772037603
-0.0672005802771941 -0.275742274644923 0.11573951986821 -0.133695975592761
-0.156169440223072 -0.121109414649237 0.122284479832683 -0.192289481957681
-0.108056276521254 0.00138159534834203 0.0471124280244026 -0.246066176509652
-0.00411877754376186 0.0152419501570452 -0.0314886391104394 -0.227444950513126
-0.00901410505608207 -0.021783958361403 -0.0210626755123126 -0.188715644845874
-0.0197389424629018 -0.041502831356213 0.0178473161143136 -0.179526909235487
-0.0677267689132057 0.0135989848632066 0.0126229785916843 0.186499510139368
-0.13325943807106 0.00506557812974984 0.0466365547337428 0.246636544917824
-0.163570067872106 -0.0602076203047083 -0.0370728693654248 0.26610344913873
-0.158130921890648 -0.196637198454897 -0.178471188173383 0.198304734387794
-0.0250964093210933 -0.279603783844343 -0.215216376696359 0.0221838123741921
0.113477866921765 -0.295698535390777 -0.115995210248364 -0.0325197629482975
0.155556789805946 -0.291936075805478 -0.0287800493476792 -0.0610697377951588
0.0970462609754432 -0.311357960627083 0.0297421402798183 -0.108691177538216
-0.0929618977590245 -0.297912897397622 -0.00200183709007234 -0.18631741322376
-0.306029919173786 -0.100035381732564 -0.0985054567764332 -0.20337558181379
-0.255820412384671 0.231441905984845 -0.123418751653436 -0.114423769528733
0.0289374799479653 0.327610879632872 -0.128548408929571 -0.110095297808322
0.250232388691219 0.141296864696866 -0.158278775119779 -0.102334969347245
0.171728129702245 -0.0500146479748722 -0.0977397410455405 -0.0753958440734625
0.0718311618833615 -0.0911850285421833 -0.00935951282294588 -0.11476323731299
-0.0966768895042516 0.0354650839896926 0.0530922044003073 0.173577071744173
-0.178615407095507 -0.00124705606442577 -0.00893674854002136 0.267575846209318
-0.181183030162309 -0.12660661041388 -0.209801775721046 0.178253291697227
-0.0798168026346202 -0.260440809952564 -0.314567332646187 -0.0957465275527346
0.121752625106436 -0.260742802965635 -0.159992087016663 -0.303811363738485
0.255392460910748 -0.194856296086021 0.0305994651172474 -0.2426635902652
0.226932178155607 -0.196115865654698 0.0969520662368034 -0.166763468358976
0.0809124827827723 -0.248040452713606 0.0615358636280993 -0.21986109419192
-0.179933140534486 -0.193301447728278 -0.159568704074642 -0.253498676932275
-0.329085817036543 0.0880029681133677 -0.337306010886637 -0.0371951929642853
-0.159557689539978 0.381338936711233 -0.164003859765307 0.187216854255838
0.145910440059139 0.379965857104387 -0.0252464540756412 0.0533916789909399
0.342712920680529 0.139483739950786 -0.137572809977953 -0.0421970435185828
0.235486438693063 -0.0751893779340821 -0.174029837357992 0.024401792498141
0.11338274217209 -0.108749895430762 -0.0652131289304911 -0.0233763011055084
-0.075704403635412 0.0252764797307776 0.0991416181448848 0.151386028617953
-0.127084925538655 -0.0146209248819421 -0.040997766024985 0.245175464584473
-0.0914443341561105 -0.10236788206591 -0.24517788065803 0.00771391897728018
-0.00633238105529987 -0.149008016890111 -0.179936919692507 -0.337473550171355
0.111994643789852 -0.113932059713525 0.0897347257821435 -0.438052702417951
0.195492802235159 -0.0620440862344822 0.237056044328682 -0.295966253569426
0.173865541925051 -0.0875211881535841 0.242974188976258 -0.206158166721346
0.0473322615662918 -0.146882272552534 0.0886334250170515 -0.297700746365189
-0.143334064659691 -0.0792681707535373 -0.308945349660553 -0.244736617034954
-0.184905206940391 0.131440388986635 -0.435245762252313 0.179826964147948
-0.035957619071404 0.263548273413493 -0.0422973059657423 0.387226653839214
0.123657967460003 0.209153526344343 0.144591672362016 0.0749058547080509
0.219889559793523 0.0642438104431329 -0.0787867655646746 -0.0684745304590546
0.148197334790796 -0.0620219802755845 -0.230020706896426 0.0821322905911378
0.081219926159021 -0.0737770030331942 -0.115735853393336 0.0568156676859763
-0.0071040895015548 0.00825734234358895 0.12386281356461 -0.0836256271469368
0.00236090064242167 0.0140429518590175 0.244553594667855 -0.0880089686959534
-0.0131729753586763 -0.00289292362436683 0.0642861715053953 0.0892234905458604
-0.0186762235403573 -0.0098086292741054 -0.195461114073925 -0.0305310476856466
-0.00657287142078133 -0.0503494660625698 -0.051683678235574 -0.39961485874687
0.0160626713739529 -0.0280339410637769 0.417778686992593 -0.284289862541505
0.0131014645577055 0.00905781309620047 0.367820938761329 0.221120412109634
-0.0157587854472147 0.0153187687592931 -0.0853439350016428 0.329927468854168
-0.0335121201434908 0.0025682445071456 -0.312601066938922 0.216378936594232
-0.0288501475500795 0.00373271129150109 -0.340494611744893 0.279938378320027
-0.00699050983013822 0.00894181559924657 -0.223871034300034 0.432297291472387
0.0129499647835473 0.0184519394101685 0.0593377298319261 0.401195964476721
0.00930283977635431 0.00280004148425771 0.231422995746382 0.0736399732111053
0.0182600363045473 -0.00400072339944231 0.0412781156637646 -0.224773105938982
-0.00146241037324771 0.00497407016969414 -0.136844112226106 -0.151045369085289
0.0641234312754327 -0.0657655313214335 0.103196121885038 -0.0589446762479206
0.158699555786137 -0.0483125702717788 0.223724035802064 -0.0907248267971421
0.1976580637027 0.0557190617040335 0.0785864335474889 0.0628276556570189
0.112653536184338 0.184388925298716 -0.145653885200729 -0.0391933871904277
-0.0537193455165509 0.184347116781517 -0.0241662176098999 -0.372989762423036
-0.170168412227038 0.077811303490562 0.393466437763089 -0.247688769734568
-0.120083393188328 -0.0678568793323248 0.335029610588692 0.221232755813826
0.0183281718658575 -0.116556951175946 -0.0850917716709452 0.308529913291012
0.112569152421412 -0.0740480802411822 -0.284228900696476 0.200946917411449
0.121916481461298 -0.0515706889925724 -0.303450810536348 0.274634755255448
0.094699825857234 -0.0850468170240165 -0.179124062186331 0.424083922097223
0.0233200708969579 -0.116143814233567 0.107828356463334 0.379173852067486
-0.0719675601457612 -0.0900294411590341 0.251278017004743 0.0442076242376321
-0.0977444169913891 -0.0163326405600171 0.0531205836654333 -0.231999793193751
-0.0738958229540869 0.026932305323774 -0.117966575189996 -0.162832961987777
0.0949468835119964 -0.105930941966248 0.0569211613676965 0.0121452678069349
0.230013121361807 -0.0947502810631366 0.176635448458239 -0.0513945200071527
0.329167585520929 0.0856747721840257 0.12091938167639 0.0117493923301992
0.204000622032116 0.318999525854908 0.00106142753792746 -0.0557659129246183
-0.110275867360517 0.351418831766193 0.0940271014118499 -0.247032637745967
-0.313698243720179 0.106753527399965 0.325647786813232 -0.0755604079714465
-0.193766632229036 -0.161177600523593 0.213980699388344 0.226222088287089
0.0515709253830814 -0.22978809267933 -0.0633247463346213 0.242475711426315
0.209445635328014 -0.16365185839747 -0.163088198363681 0.171548599837616
0.230860975276984 -0.146768235336736 -0.13192384838282 0.250600147587535
0.163204404052214 -0.220039802119083 0.0388092357421317 0.364392799774664
-0.00436447252347658 -0.263244323234655 0.274239830743464 0.228957186400773
-0.156866422281486 -0.164612559544555 0.277633688599606 -0.0891795346162539
-0.179792693983457 -0.0231464991718737 0.055939269008217 -0.253544439768846
-0.116354964144584 0.0312155736437541 -0.0644167451242053 -0.185109839395418
0.0663802397746921 -0.0923194150111903 0.0158880794487101 0.0962961120903092
0.168464720097448 -0.084858925801203 0.131970994197267 0.0384424406094178
0.271685466789859 0.0871935676535018 0.167639743038825 0.0278894385460002
0.138488466114189 0.303784570901416 0.156442141613641 0.0267734545171585
-0.185009175141778 0.294002407046046 0.16411446147671 -0.00263100463161511
-0.335555848743854 -0.0123726379707014 0.170531680019149 0.125486437760524
-0.155402465140216 -0.259506434120651 0.0616083837456279 0.189650430423472
0.0761579024845557 -0.302086271986779 -0.0302968536462183 0.141164247477295
0.195852735836522 -0.262338117700086 -0.0133040737962844 0.0920715973235315
0.178923291638122 -0.267610794165606 0.0807509467415854 0.0987733449860397
0.0701506271948559 -0.304528203650408 0.228974657229432 0.0913526389092729
-0.0923894449814429 -0.27132758618984 0.293055844986081 -0.0719885088782489
-0.174056698951966 -0.134201937880799 0.179959642474737 -0.230295887717888
-0.160124928491145 -0.0179998638158731 0.034280729553395 -0.249184005949797
-0.0980868267287128 0.00965245828770896 -0.00553805378308917 -0.197416811819522
-0.002672669911303 -0.0379020043125952 -0.00126321581958067 0.159521938955416
0.0105540417771928 -0.0306494212413265 0.0956844893513612 0.153855260474196
0.0393894594405631 0.0387253548138396 0.134446655233377 0.158944576133142
-0.0620446360856681 0.0751866073999449 0.10319590179395 0.203465067617058
-0.181309334637674 -0.0118931230367912 0.0126303857349609 0.175272239400271
-0.16274787375538 -0.213275491530479 -0.0352687609543838 0.159479371322843
-0.0114593622107775 -0.315504608728172 -0.0420545534964938 0.0814699423842511
0.0901804887269565 -0.327644650568741 0.000927459304217876 0.0185213757874668
0.0649658252341877 -0.320744692811127 0.0609823952290161 -0.0449358871857484
-0.0694050839565701 -0.269618565204214 0.112373537271312 -0.129621460382671
-0.154238587676129 -0.117737836963277 0.11923286852908 -0.187411497904326
-0.10751006050091 0.00152380250793186 0.0464932414955128 -0.238836846122476
-0.00641827376772802 0.0141807555046871 -0.0293822819902987 -0.22116043190366
-0.0125769834149558 -0.0219676270492022 -0.0210105175388646 -0.183220558436373
-0.0208475548410059 -0.0371876994512081 0.0170177972643026 -0.174867713181656
-0.0680478158275847 0.0147764040530537 0.013642164093339 0.181010659597353
-0.133465105574842 0.00606874697017754 0.0473183837882996 0.238841889362608
-0.161337501481992 -0.0575351841912948 -0.0360239479591491 0.26050414220209
-0.157435131905717 -0.191607522729951 -0.173748338558858 0.193979610199562
-0.02633298880258 -0.274829269095362 -0.210917756281291 0.0234709193909141
0.110005698365163 -0.291031027931373 -0.111702227092995 -0.0326395079977525
0.148226083297132 -0.288869867619975 -0.0276909769650929 -0.0587435763871461
0.0915909947025914 -0.307463535349533 0.0280279887651446 -0.106808900397588
-0.0966448283390709 -0.291894133913904 -0.00250617174940962 -0.181453714211539
-0.303304090639301 -0.0950753691039035 -0.0967722598473961 -0.195808510129704
-0.249830320787141 0.229057711847227 -0.117934990903386 -0.109300174129688
0.0301770361285149 0.322787782136107 -0.123309658591285 -0.105595485622967
0.245194522761097 0.137564991745202 -0.153938690116311 -0.0987206324398178
0.166480368712478 -0.049877315937786 -0.0939182314964415 -0.0722220635616615
0.068382192962321 -0.0875052421401549 -0.00830561832271446 -0.112876183941818
-0.0951807525032092 0.0362606318564605 0.0537670964389985 0.167572065687846
-0.177145127282298 -0.000489187412468181 -0.005994432375961 0.262210285909529
-0.178328734863269 -0.122270818254616 -0.205483033969878 0.176031900023237
-0.0815596651308416 -0.254442851665918 -0.309739413198377 -0.0918601916907395
0.118057083017059 -0.257756814528561 -0.15815815928638 -0.295738491232203
0.250122911721699 -0.191804043051277 0.0298095833187666 -0.238234591049423
0.221245759686511 -0.193447503048895 0.0948629713695758 -0.164146594713094
0.0756667653682318 -0.245276061346726 0.0582689459075794 -0.217602387342638
-0.180823981112566 -0.188932146627593 -0.158433387784827 -0.247015915179891
-0.325454436170174 0.0880485036957331 -0.330285932677454 -0.0315210623258554
-0.1557114974859 0.377585395913803 -0.153018468738606 0.185583975039123
0.148378605549476 0.37361863084578 -0.0217116671693358 0.0496266789630054
0.337073871691798 0.134727499404892 -0.133761954322477 -0.0409750799008599
0.229322952279853 -0.0756438244396147 -0.168695732284243 0.0250429552029144
0.109932232455147 -0.105897889021686 -0.0626784769628536 -0.0242341237644778
-0.0749134652313019 0.0255937298767753 0.0997922762322013 0.145389336586256
-0.124824390060156 -0.0125565064184238 -0.0362973440885672 0.239817614181526
-0.089567389234497 -0.0991478641719767 -0.241430455212718 0.0120439827100751
-0.00724926783680198 -0.145182241397145 -0.181204706399994 -0.328589328607668
0.108469579160294 -0.112890949621351 0.0844046732185366 -0.4292481991545
0.190228206218329 -0.0618700524052534 0.232622110617877 -0.290202177519462
0.169862075809221 -0.0866351010434157 0.236533418610874 -0.204656287079411
0.0438509812107861 -0.144700170255393 0.0840072031636526 -0.293724049613995
-0.142405375179901 -0.0772437429504415 -0.306318201820852 -0.23743384526421
-0.183118329823478 0.13042324512838 -0.425656814842463 0.182465722997787
-0.033910743088128 0.259630548111025 -0.0335792320638504 0.380000795548125
0.124105889241712 0.205815514495336 0.143585538845217 0.0683268339174357
0.216682137829306 0.0620671983840788 -0.0783887185309061 -0.0691032542075236
0.145542693632349 -0.0612006519099871 -0.224966162165162 0.0815664008406246
0.079032061874847 -0.0716471816096919 -0.111699434614447 0.055195420544946
-0.00218285919299224 0.0087968792240966 0.0591040531739795 -0.134804717954873
0.00923504743968148 0.00751637049947737 0.161022834070107 -0.204065196490216
-0.0134026893880167 0.00328778923588479 0.106192324327971 0.0420955008216874
-0.0208667211422379 0.00381869774542686 -0.179484289205389 0.0836435485070575
-0.0350794611828241 -0.0379206935022547 -0.260472521611643 -0.305077695323723
-0.00202269440909803 -0.0347530516911728 0.196114607360677 -0.467633279883232
0.0168219254198129 -0.000887433772612209 0.430660129941133 -0.012186387001276
-0.00461135901430459 0.0205228321117335 0.108608565179631 0.322095105210308
-0.0255466973911067 0.0190980913312839 -0.143666656296061 0.352945440506075
-0.0211994931140013 0.0160091083212069 -0.132031076210742 0.420133316710247
-0.000583479068561821 0.00861134857321081 0.0482196969592363 0.483378335093037
0.0196297692452803 0.00616826012398054 0.268177304421754 0.301210027788844
0.00835245495667504 -0.00369103007321947 0.233782180024049 -0.0649609123137267
0.0124735067674436 -0.0128048726021084 -0.0875875181053602 -0.210039874151766
0.0020711862690506 0.00552353599077426 -0.196444799608841 -0.0503538571552362
0.0165477606144048 -0.0908309842911775 0.0550505018116663 -0.102150371042638
0.10572240564792 -0.129124450921952 0.140348857666211 -0.194617549742274
0.198116922518898 -0.0617640009008877 0.104129347027477 0.0117945632822481
0.196488474358556 0.0959199105917602 -0.14115601125821 0.0501704917207899
0.0536854727918488 0.184620550153676 -0.224628427879659 -0.296644736594246
-0.100281926738055 0.158304185913931 0.192577771558915 -0.421190594575066
-0.138165253162881 0.00764910985812932 0.400480020100697 0.0043091363551616
-0.0470140051233102 -0.107736673899406 0.0957920283569186 0.304269084712251
0.0541430510114236 -0.124191034049768 -0.129974180835526 0.325548295063209
0.074809074792068 -0.111158570767028 -0.10356097956863 0.394081329366383
0.0330848505037398 -0.125919435598185 0.0814583040645179 0.45312446748325
-0.0467575000113254 -0.110407793359533 0.297907783654537 0.256288720076766
-0.108870041719464 -0.0351939111759555 0.234283778119461 -0.101158000511817
-0.091471062022908 0.0422703743687532 -0.0822806646982423 -0.223310191070944
-0.0470889358448279 0.064975654894749 -0.187040172227866 -0.0699926775577185
0.0211695209801073 -0.140209270337284 0.0538566602904104 -0.0184576298386541
0.140155274898389 -0.206163321548509 0.120741560457999 -0.137356085227455
0.327018251386588 -0.107680384326184 0.109647871556287 -0.0535321632640968
0.348278549336006 0.158968476464571 -0.0273707532455877 -0.0437963444160509
0.0986112255727737 0.354577208080689 -0.0577607180555602 -0.253792785575006
-0.204205474698985 0.2645961520547 0.230360758049167 -0.242231355651722
-0.252145415897395 -0.0297015282606008 0.301068145300982 0.0733666885479424
-0.0812736872179167 -0.220482239789821 0.0772807432683802 0.236812037927455
0.0850896467206264 -0.253058112603238 -0.0448480734847613 0.231390714298169
0.114071544556178 -0.25030241874912 0.0257819261443949 0.280358946075425
0.0145771451284282 -0.277159445950421 0.231505310278506 0.285356767525367
-0.150515309125959 -0.216690888333877 0.356971974662843 0.0424311837628969
-0.222856830943911 -0.049798597640122 0.184343102138216 -0.22597284214381
-0.166509894171011 0.0822291353365985 -0.0904250417933175 -0.242742686216361
-0.0799927396387242 0.0938759628662205 -0.154269897608724 -0.116806683755404
0.00739957407307241 -0.112005705961294 0.0638664637285252 0.0742621752902229
0.0940647108294851 -0.162627057640952 0.129544821150559 -0.0377791142641184
0.279069184259779 -0.0749251201553586 0.154920831721322 -0.0650765151604264
0.281394171900587 0.17954390443988 0.146048944699403 -0.0594964952486068
0.00695000649865237 0.348133172666478 0.134117190213704 -0.0869807198813145
-0.290156835175948 0.177380890144623 0.209603939424431 0.0116004544880243
-0.273237690113221 -0.13329703007068 0.152330738560194 0.12460001080638
-0.101387049986994 -0.29649162906798 0.0507395254871703 0.134266319364609
0.0177988547916486 -0.327304533554483 0.0387105918011614 0.0836782422632334
0.00334906485607014 -0.321213152505589 0.120909203003922 0.0388881233246465
-0.109452647677175 -0.293786519162648 0.242880892442483 -0.0474902787015118
-0.228851838459838 -0.175826159085825 0.207324984616076 -0.219561849542609
-0.222056206581386 -0.0147542591397288 0.027717277010736 -0.291571093667395
-0.148269218962332 0.0761933510137166 -0.10403478468311 -0.227150649361463
-0.0767762792633833 0.0663357920791225 -0.112315748720532 -0.159415872149272
-0.0210249338910098 -0.028345968042828 0.0826681341612911 0.135596847196301
-0.00841885068837409 -0.029657626318188 0.159917084265461 0.0791557468177027
0.0553820184868504 0.0116803471797269 0.196025033441314 0.0631748224655041
-0.0118235267136745 0.097566387160517 0.19513109387862 0.114007799728975
-0.157753366547326 0.0899749992854902 0.102635172806697 0.141811196410228
-0.254472138874677 -0.0862205097137076 0.0558959563937351 0.150352751401623
-0.183392885114466 -0.259742683966195 0.00830231549778579 0.0896957699482259
-0.103386999844157 -0.324791023662898 0.0103053305485005 0.0145338811312977
-0.123447971788836 -0.304345865949798 0.0263363272155887 -0.0716133345486936
-0.206685823975865 -0.184898103041518 0.0222945131351674 -0.167383769616919
-0.194171091806402 -0.0130771903702721 0.000429252827563346 -0.222944958048893
-0.0887905379471638 0.0615570311292769 -0.0885150472766424 -0.224870171651399
-0.000956679830522818 0.0173528445010541 -0.14066492192073 -0.169208615012823
-0.0262076568681413 -0.00830630542050219 -0.113166409644697 -0.142250791310823
-0.0394944176959618 -0.0151718186967032 -0.0795232202850725 -0.155979011745141
-0.046670517373505 0.0516198275919347 0.1062516463499 0.144774475096981
-0.108722028194226 0.0780246060097297 0.164849049061968 0.17691634502421
-0.167070123999649 0.0395962404318147 0.108006388935758 0.239660397092227
-0.237451695985932 -0.0743311998397824 -0.0430128611942243 0.254579741800989
-0.172006913919816 -0.215062252784462 -0.163535535373248 0.132517289669708
-0.0697572153376825 -0.302954745347695 -0.110572450005238 0.0304051344866466
-0.0333452058804691 -0.321502070528479 -0.0549896788869947 -0.0360739052963868
-0.0916556527691199 -0.309024402898347 -0.0346208990647397 -0.105998827989472
-0.242859889605721 -0.19116419437255 -0.102608085688882 -0.149902973531808
-0.306468562541521 0.0902711048190423 -0.187300526335873 -0.106520001581461
-0.0826545552368497 0.331507324857985 -0.154764097858732 -0.0291262430304683
0.205606361761975 0.253601972938132 -0.159835148214438 -0.0223467982712818
0.279238464762157 -0.0181104211841473 -0.178566219700088 0.000598943396555373
0.108910489475501 -0.131483311850325 -0.115123374704117 -0.0100863211539413
0.00677730018964568 -0.107717560169858 -0.0660783369435211 -0.0911485351072564
-0.0582316692493774 0.0832575170325233 0.134076434730823 0.111669170836387
-0.147589567706186 0.0973003356612946 0.13409108638909 0.224475842311715
-0.215245681849694 -0.00529759690280879 -0.080162609859491 0.260136915990067
-0.206260342866585 -0.167127813874909 -0.311085380068277 0.089886217618384
-0.0433850469858361 -0.278076196271233 -0.289758598317081 -0.163362960206719
0.101291483298882 -0.29973067546865 -0.102474498080671 -0.217058379733521
0.0811159501955425 -0.281536202760762 -0.00706877073696282 -0.190493184816368
-0.0705807677963759 -0.24669410212041 -0.0702359367912528 -0.215007272286678
-0.256106435694951 -0.0584450864199013 -0.269800547421577 -0.118420496980657
-0.224151226953328 0.253167760312665 -0.290888063566709 0.157740068326765
0.0780923108208223 0.401366960111164 -0.0228300782811695 0.236628315995438
0.331863737028956 0.232864189312902 0.00863768643198311 0.0498448156998196
0.35768354366367 -0.0719697891002665 -0.133841400539319 0.0369416275898559
0.151905774940466 -0.189333194527505 -0.125450357997693 0.110533263160898
0.0327154846566406 -0.146641755511461 -0.0643690253994664 0.0131853966210889
-0.0467157503176187 0.0631163854707642 0.160449574501985 0.067114198702241
-0.110194247888845 0.0580458472809137 0.0981740479247042 0.221468050479044
-0.129591015591041 -0.034194703049215 -0.197700745908732 0.140382084151563
-0.08678695445613 -0.115761797302699 -0.330154253434914 -0.175359921719442
0.0265457247555981 -0.15298736793249 -0.157863846411271 -0.406369791490956
0.124543452114398 -0.158313453177484 0.0390529549120416 -0.368811939680073
0.0949886586233595 -0.165329556389644 0.0892589796052774 -0.298753734822041
-0.0422826681248066 -0.144258160420143 -0.0898588733233935 -0.292150456696124
-0.161283981922709 0.0145649520651677 -0.387458923800267 -0.0297158263615694
-0.0809338477342163 0.208599810129907 -0.253630153806309 0.388694079817597
0.114900149837934 0.234543068664193 0.184035325535685 0.333206354984377
0.217691143268393 0.104588497701545 0.155957685264484 -0.0253511538038952
0.21645651732491 -0.066289359905117 -0.106218411566079 -0.0167821970893185
0.0896653007601373 -0.131724673751714 -0.145495687008224 0.188760189049536
0.0272542137188051 -0.102558247351508 -0.0612361140475536 0.10567204740943
-0.00155606867618583 0.00909683345948151 0.0560214911568313 -0.135700463206221
0.00892434729630003 0.00702101209786898 0.160850527984819 -0.208557480501994
-0.0141430178549169 0.003196575101018 0.112356779289474 0.0412854273888226
-0.0200097675696217 0.00421100253612832 -0.178384520026845 0.0920349373837132
-0.0377880322023402 -0.0371066531329352 -0.270071576829224 -0.300559422994668
-0.00242631573482784 -0.0357339860590804 0.187365320838212 -0.477533653947945
0.0177295600238508 -0.00192915943771075 0.436887599664476 -0.0213133856518347
-0.00397136671328184 0.0202847086644905 0.116575743313618 0.322706530864535
-0.0258126690915997 0.0201999318092411 -0.142345959638203 0.357411708884515
-0.021236615204061 0.01628038200756 -0.129019964836821 0.426377612996523
-0.000915647416256091 0.00740310498243761 0.0567686549328278 0.486618312205691
0.0191863885669899 0.00590962999026253 0.275032610697733 0.298179917380986
0.00846707738780379 -0.0041538836681563 0.23639963999521 -0.0714459932555601
0.0127539805433868 -0.0132203143050088 -0.0927175862770084 -0.209234762369996
0.00105650476919927 0.00586192603451493 -0.197807894256222 -0.0451050704958417
0.0164791637421428 -0.0904246906825744 0.0532851935596005 -0.102442995975286
0.105273739894107 -0.13161270889802 0.139331961295309 -0.198521184217932
0.19928905224768 -0.0663209539378233 0.108997474688858 0.0114349204245718
0.201754652384074 0.0946911912970385 -0.140739331711281 0.0570763469835678
0.0562401158705496 0.18723959028545 -0.23457291186756 -0.291239617506288
-0.0994310754098516 0.163267109028344 0.185286537618186 -0.430304678317681
-0.141002090200152 0.0103314554318865 0.40594628736199 -0.00405913494099921
-0.0493887272782457 -0.108125786983771 0.103491973430494 0.306138440146864
0.0518570594157064 -0.126298128449408 -0.127666212744064 0.329869818198343
0.0750172607295681 -0.113180327327499 -0.100683755599323 0.397658512440982
0.0307712244453425 -0.128010028463138 0.0879595617943132 0.454389883810204
-0.0495070787758027 -0.11018628713033 0.304122163655951 0.252469461206274
-0.109656093858231 -0.0335706023937425 0.235625963172104 -0.106362599072987
-0.0911539876202518 0.0456350977088023 -0.0882696389196793 -0.222704821012157
-0.0474905044270019 0.0679792739455839 -0.189515833222468 -0.0653854337404059
0.0197543085794975 -0.139926494661197 0.054769905577064 -0.0184777387525727
0.137296017248794 -0.209197954080234 0.118008046284522 -0.139439864095817
0.329703440962812 -0.114352364444734 0.112193193953998 -0.0538765298108132
0.356212659534235 0.157626064877946 -0.0277703101169151 -0.0400104111891102
0.105773350068396 0.359437949066741 -0.0661303390209744 -0.252473386523534
-0.203891327513777 0.274387543222319 0.226454063321497 -0.249612311018514
-0.257865055117498 -0.02394107254838 0.306894081204751 0.068270654256165
-0.086718641049678 -0.221397818178755 0.083876468631353 0.237969738885649
0.0804360759821322 -0.257061654599769 -0.0441440626976242 0.235550657435025
0.113276475926059 -0.253464006110293 0.0274926608850954 0.282346801706863
0.00934712464140722 -0.281024364345918 0.23625191940217 0.283867628067295
-0.157258384919811 -0.216593985337469 0.358452166506703 0.0376273019721438
-0.225924496553811 -0.0457256739537715 0.182333888332474 -0.232655928650792
-0.167773998629813 0.0880214268569057 -0.0950592652276291 -0.24212607932142
-0.0789897317228823 0.0974724268813807 -0.158170719851781 -0.113631817172349
0.00439746550204046 -0.110292194658503 0.0645693320027357 0.0749418880221695
0.0912783787032662 -0.163974805755195 0.127420454188769 -0.0399981693580071
0.282528509678033 -0.0798382465825948 0.154500840860733 -0.0662482643741385
0.289178857215796 0.178390741622833 0.144748363762052 -0.0602422666578132
0.0129757627633582 0.353729180916183 0.13029454854097 -0.0877132614597107
-0.290719631243673 0.187485484774601 0.209803013963978 0.00676667165889988
-0.280211257647392 -0.128859828533687 0.156382267994843 0.121717963427768
-0.109345551220918 -0.296501464581856 0.054689678787086 0.135017523981822
0.0126115943719862 -0.330450306973658 0.0398923134151905 0.0844256625649372
0.000604895514551478 -0.323650998316732 0.12185274387029 0.0389125021184903
-0.115693698586528 -0.296305614040748 0.243621206108137 -0.0507298476265237
-0.235929610227379 -0.174988623161079 0.206604181623151 -0.223087908216845
-0.22582102361347 -0.0120137223079394 0.0248891752386473 -0.294782121961927
-0.151347136966636 0.0822053876160675 -0.107497405028076 -0.226425281592466
-0.0768407084605103 0.0703082537000747 -0.115723734371009 -0.157798307375877
-0.0225304231618642 -0.0265052044234765 0.0841391401844834 0.135799804552975
-0.0117375242626515 -0.0275159181343174 0.16046858885521 0.0771607018004582
0.0566443957086337 0.0108178440721315 0.196813940021735 0.0619927184418292
-0.010652398997574 0.0999663597969963 0.197124876879027 0.112219271937119
-0.15829701636615 0.0933540062185684 0.105930726080515 0.142241461230646
-0.259144989268411 -0.0808989136069532 0.0573672420690778 0.14842482195668
-0.19183083833291 -0.257225129637373 0.0103172970517187 0.0901854651323521
-0.112230733605298 -0.327071752770317 0.0121492226548688 0.0146844250595652
-0.131355718254155 -0.305348023357521 0.0262563837629242 -0.0725254321567513
-0.210838261223462 -0.182897466544658 0.021735599020643 -0.167918365854837
-0.198456627550295 -0.0113847860146291 0.000331249780306079 -0.224609194736718
-0.0901394196082274 0.0626249123820998 -0.090524401954169 -0.223432455185137
-0.00342353579846646 0.0181509769501995 -0.141120086239855 -0.169964931156811
-0.0295900319119851 -0.00515939073218675 -0.11405310002823 -0.14051105382821
-0.0407984311026092 -0.0113047702874425 -0.0817233572651853 -0.156840349346638
-0.0476754415588968 0.0541965520045127 0.108879492286516 0.144813763678621
-0.111881007878958 0.082616939768613 0.16771855387183 0.175302006914364
-0.168535195104128 0.0432429679631184 0.112402645128745 0.239558515325538
-0.242287776361717 -0.0702247032466478 -0.0406998562829514 0.256571823240558
-0.178326692679234 -0.214927706848252 -0.161367408553218 0.136286057440492
-0.0750105299397633 -0.30461833820667 -0.111072138708312 0.0306709782048316
-0.039206141650727 -0.324671542290591 -0.0543766309263355 -0.0357883556715731
-0.100459821747437 -0.310721957376076 -0.0369081048484995 -0.10616388597108
-0.250917215939883 -0.187337106105939 -0.105262772695844 -0.14868288786961
-0.311560234417552 0.097403616137099 -0.188529813026665 -0.103448940623201
-0.0779042858845728 0.337422697384594 -0.151262841085558 -0.0288601590526148
0.21243364414823 0.253786593187245 -0.158205109147258 -0.0223461046122133
0.282035396198714 -0.0238721503142883 -0.176808589570484 0.00303475658357923
0.106920831930732 -0.132515061769084 -0.113725091109466 -0.00936735618285358
0.00580148602656595 -0.106884925300188 -0.0666343634850955 -0.090883614753856
-0.0591239026305257 0.0861185186160293 0.135377861378796 0.108741141091775
-0.149341528125652 0.101408078650902 0.139862021819365 0.223172350807666
-0.217980260455065 -0.0021170243690521 -0.0753917226939194 0.264163932543015
-0.211572810473472 -0.165758513766429 -0.313014177552925 0.0963106909155548
-0.0501185176763735 -0.280883545013756 -0.292927575184462 -0.161690329469785
0.0982648367635909 -0.304346451202184 -0.105383990609545 -0.218886798278547
0.0758252954067387 -0.285795080473252 -0.00893532086842485 -0.192111584103206
-0.0782153724753838 -0.247900688946676 -0.0747804939361268 -0.216395169207764
-0.261358281734883 -0.0540256424446698 -0.274548355738279 -0.116261484274344
-0.22687704894068 0.262049488897829 -0.289712702788952 0.166343805629266
0.0851708716587445 0.406800727577962 -0.0150482883324074 0.235604684979926
0.342713065889411 0.230999749703337 0.0107034049868357 0.0472084094639175
0.360824143884532 -0.0779387197170486 -0.135323340616344 0.0376565672420139
0.150034908918373 -0.192756967793506 -0.123903842670892 0.112117544782617
0.0311051746330537 -0.147333370438985 -0.0639467710428778 0.0135108176891979
-0.0479940880398921 0.0653486864339313 0.162733167242263 0.0632352723467427
-0.110718227001905 0.0614915319756248 0.104250491188983 0.220250232869943
-0.131948666280227 -0.0320869672302933 -0.197565008603893 0.147427862881932
-0.0891164729552409 -0.11612806244214 -0.335656075121981 -0.168936808595582
0.0233734155675817 -0.154251392216648 -0.165985024522059 -0.40699441950946
0.122869485013221 -0.161850747260213 0.0349421372581591 -0.373369210360046
0.0932364084023318 -0.16883954329623 0.0857017574126404 -0.30426322753941
-0.0458958622416446 -0.144204392842735 -0.0970189640204931 -0.295294682465898
-0.164628057087966 0.0173079767619675 -0.39387231711211 -0.0246003723975301
-0.0807376835056241 0.212779533927704 -0.250157127822287 0.397416414669544
0.11953330489925 0.236831827499165 0.194258775504158 0.330492818826489
0.224732553857196 0.103105035619082 0.156083789876869 -0.031731749797504
0.21824062163714 -0.0704774396875552 -0.110036921393464 -0.0167694186224392
0.0886332322801309 -0.135034057056307 -0.144153202467215 0.190921204708203
0.026632633128392 -0.103337232137264 -0.059067688900717 0.106784531198527
-0.000158379782863053 0.00934715263539244 0.0505723589677109 -0.135686205173117
0.00905120557018057 0.00695077214733937 0.155698726563323 -0.214093375879245
-0.0154394327555729 0.00349857526360469 0.117694652268071 0.0390579455483261
-0.0190372727887791 0.00532038829959285 -0.174721279558566 0.101778664245959
-0.0402493214598738 -0.0350155849319948 -0.2821894254991 -0.289373435755477
-0.00369810307773402 -0.0368857351769219 0.172590629269113 -0.484944264952962
0.0176993931049949 -0.00288585201948953 0.440319644376167 -0.0362547538506517
-0.00276339849957498 0.0207500476431025 0.127137781477093 0.319540672134897
-0.0254379018673716 0.0213678539952647 -0.133267300014186 0.364891301450808
-0.021342115866246 0.0164129008325626 -0.117449654962537 0.431432084795827
-0.00156277737341539 0.00783866136377943 0.0697981799249875 0.484718843121891
0.0194827171602875 0.00495715826003952 0.28400588514193 0.289681286232806
0.00839293282572515 -0.00483713638025639 0.234565543211214 -0.0799128251362185
0.0129134499893362 -0.0136473867179396 -0.100093764655708 -0.20446874362938
0.00160101129325128 0.0052570714354349 -0.199311095595014 -0.0382193978944508
0.0135030856166918 -0.0893474862075344 0.0496776909953882 -0.103619703074946
0.0998991303983693 -0.13561849423702 0.133771942754907 -0.201688847057361
0.198919268166234 -0.0734391299049972 0.113967476086221 0.009419996615305
0.206824634074804 0.0898507967260391 -0.137117041173916 0.0655432447034973
0.0624057752440877 0.189645365959543 -0.245762324707905 -0.281739316728462
-0.0954520986684491 0.168627142453113 0.170875342559873 -0.437865247319324
-0.142024663438156 0.0152332278235405 0.411408613504364 -0.0179740347585248
-0.0526152021262101 -0.107168230723929 0.116052766780459 0.303825926171251
0.0484368093524054 -0.12674889743699 -0.120451809208855 0.335541964338382
0.0726554196248505 -0.116125476705511 -0.092829571997913 0.402386061053601
0.0261742936507645 -0.128967282923426 0.101453484458016 0.453830640926641
-0.0539128969660374 -0.107848597392496 0.31287125063399 0.244770602303963
-0.110112404933865 -0.0297864927820799 0.233824699610446 -0.114788150363414
-0.08988542350531 0.0491706164359873 -0.0958740621737043 -0.219137756219964
-0.0454724874541603 0.0696091250373235 -0.190990102552961 -0.0578272719089862
0.0150868440014384 -0.138798600123296 0.0536580073668363 -0.0189839243248765
0.131207172477158 -0.212941951067631 0.113173429072844 -0.141988448538284
0.329772704454328 -0.127268822122133 0.113084334803492 -0.0564949917490594
0.364678505758826 0.148447424132006 -0.0288369796366399 -0.0358859910365851
0.117369279183952 0.360647304399789 -0.0778995350415393 -0.247571896568297
-0.196042496167595 0.284025369961429 0.216956373606422 -0.258205374506178
-0.26030111471313 -0.0152115845237349 0.310199944307288 0.0568249267879352
-0.0942621156406481 -0.218880954985092 0.0928109342968988 0.237801686256281
0.0730770418722097 -0.26011549172475 -0.0379900975449265 0.238989696260025
0.107798045509092 -0.258058192578441 0.0334647291057129 0.283024770498031
-0.000262609354106578 -0.282943266527596 0.24353194354069 0.278637969003903
-0.165556019835546 -0.212471122828783 0.360950349703301 0.0277010719250507
-0.227199620606808 -0.0389994713401521 0.175850874896814 -0.238888503091556
-0.166324837951596 0.0948716486729964 -0.103720267421754 -0.240125029396176
-0.0768419213875234 0.10143903432995 -0.161613845413252 -0.10766600321642
0.000991578396352715 -0.109461707000844 0.0672005778683397 0.0738329921785961
0.0841691521852519 -0.165134920630883 0.124439782222037 -0.0421989307868851
0.282266705436679 -0.0890789628499825 0.152581871937709 -0.0692542434665542
0.297097040635085 0.171668056958217 0.141766926136063 -0.0624683587008395
0.0240024157636266 0.357155908699024 0.125536301071062 -0.0900876639674663
-0.28845904743753 0.199780930786146 0.20828312832337 -0.00199021497804264
-0.287596081627745 -0.120736939043726 0.161094432556328 0.116699747177188
-0.120142162516702 -0.295458959058099 0.0601889744382538 0.134117619519304
0.00115413393512286 -0.332162030447004 0.0419670392002842 0.0843956906132895
-0.00780934311640593 -0.324663410112592 0.122131974733931 0.0363613832751518
-0.125436189341006 -0.296678771567401 0.242555033276466 -0.0576217398758049
-0.242663515453087 -0.169559877189772 0.201716683649627 -0.228821301845608
-0.22867182255715 -0.00395859590570701 0.0170758359262147 -0.296746799064549
-0.152079852832775 0.0895184449119318 -0.114169759520901 -0.223949335471854
-0.0756695804650563 0.0758064661252697 -0.119994759299039 -0.153586423271768
-0.0242868270454467 -0.0247015127474044 0.0885344110007996 0.133848804567936
-0.0155314221935171 -0.0243742291135222 0.15954301004843 0.0726530009353825
0.0568777906920952 0.00917291813210949 0.196910144721129 0.0576376295370626
-0.00797715493493216 0.101409267042809 0.200143093437354 0.105860333675821
-0.156443337098019 0.0981227031815225 0.110918623849469 0.140116949294771
-0.263422716331109 -0.0718355128582516 0.060402621497425 0.144801274280428
-0.202413165909412 -0.251141607279206 0.0135937080177237 0.0888045606339262
-0.125758239297778 -0.324791970567571 0.0130677267445338 0.0149563330943211
-0.142764204034034 -0.302515695844124 0.0240913981837242 -0.0728309823775115
-0.218280248187557 -0.176655353150967 0.0179405509459599 -0.166510140966009
-0.199599169698181 -0.00526413833468154 -0.00456106518424208 -0.225246888409775
-0.0897135641229278 0.0650437723944583 -0.0947743084798633 -0.221713359683995
-0.0051358179430003 0.0186834814426694 -0.143155080213549 -0.165471095850075
-0.0328285055592638 -0.00217422009861965 -0.115873880276755 -0.138093049734988
-0.0425235998656927 -0.00780650484176708 -0.0862637708931738 -0.153964653091956
-0.0475551817455706 0.0572250929969429 0.112386862917725 0.14091149782205
-0.112555546008696 0.0879325614413489 0.173026797575794 0.171077154868311
-0.168236488498224 0.0478607055471397 0.118306279501236 0.237603164711116
-0.245143345242919 -0.0628679049195546 -0.0334146290937573 0.255613543298479
-0.186226025556108 -0.210589689279088 -0.154276320223567 0.140872856871431
-0.0857838279578362 -0.303086316948062 -0.110679834567444 0.0328353350583802
-0.0507633893520181 -0.323507043883469 -0.0552590947911916 -0.0349195088952894
-0.112335016153485 -0.307388560228255 -0.0397507259964786 -0.10487660115051
-0.258909956422704 -0.181435062352899 -0.109539650101696 -0.146690810576237
-0.312506523191937 0.109221922403465 -0.189312049455415 -0.0963100639786585
-0.0689446605221743 0.3426673667324 -0.148663051191554 -0.0268340103867571
0.222966642905685 0.24851563492623 -0.156397423870936 -0.0189836713156597
0.28031406712047 -0.0315367565324336 -0.174225394023831 0.00748432176933146
0.101635321072179 -0.134148159476447 -0.112254112610938 -0.00637242014697092
0.00244229037436839 -0.104431759236815 -0.0682816095873859 -0.0898954430726679
-0.0586985794611806 0.0891120460560615 0.139200678532453 0.104064728863063
-0.149297191925406 0.106866746490438 0.148314411900699 0.218550749069601
-0.219547197279124 0.00392534781263715 -0.0668415898010161 0.267146112554064
-0.217228571717493 -0.159512007320917 -0.311157800956182 0.106083613680305
-0.0582853623255976 -0.280072344788014 -0.297314921914518 -0.154254137495128
0.0893707157455568 -0.308469175856324 -0.110410901224566 -0.217320747349008
0.0679268155146416 -0.28844707626079 -0.0134690134134097 -0.19320086119484
-0.0878151649215756 -0.245628899980774 -0.0820748248958392 -0.215121789349216
-0.26626930916269 -0.0455332835932949 -0.279437266698861 -0.106837016735525
-0.221108307608325 0.272302661060764 -0.283454177630527 0.175470948309974
0.097987292797223 0.408936207901577 -0.00291829724293618 0.233209126038968
0.353572040104398 0.223268010293789 0.0132742353410747 0.0437869931946565
0.360188085408735 -0.0887192703400125 -0.13337839414354 0.0404753612746684
0.144697860771946 -0.19801807062674 -0.119748511335112 0.114984140883173
0.0263789414511976 -0.147251082259168 -0.061885840720571 0.0136217891955861
-0.0468408424435918 0.0683931985176374 0.164288927874785 0.0566512866602944
-0.109318795712321 0.0653427377462763 0.112024649692705 0.216309555250363
-0.134091020975088 -0.0279242609121251 -0.193193579656447 0.154536994358445
-0.0929610951648349 -0.112848695931984 -0.340937918843582 -0.157673999818369
0.0175929297165734 -0.15505538569804 -0.178330408854288 -0.403416280975634
0.118556913344564 -0.166403588459045 0.0265277724746897 -0.375433779060917
0.0888580626526837 -0.171428756858258 0.0775492910239508 -0.307839610064263
-0.0514247064144135 -0.143333441278901 -0.107486380291606 -0.293183625415447
-0.166436128118779 0.0233375353417951 -0.398582112127079 -0.0113045284338302
-0.0771724562753082 0.218345583391439 -0.237907419719281 0.409325405381766
0.128035687371602 0.235803281374919 0.209830009644912 0.322128539808057
0.230205147238201 0.0978241009242408 0.154786269647319 -0.0394574792652279
0.218751181327962 -0.076823283275334 -0.113386655191913 -0.0154158868229244
0.0847083643769204 -0.138994740025682 -0.139194844874865 0.194750511708805
0.023697787071458 -0.105112577771866 -0.0546621051975509 0.106928296679178
0.000425936285639718 0.00974677337207013 0.0449854715538423 -0.133488969591844
0.00921782763781369 0.00625905021857017 0.15098534864391 -0.216147144875213
-0.0160112257903099 0.00447809804179568 0.121744294350025 0.0362408658058489
-0.0182519037225471 0.00555533262526011 -0.168750314040085 0.109592272967944
-0.0411078948733128 -0.0326124086030924 -0.290442507095967 -0.278122200549029
-0.00403277506912678 -0.0376238125910318 0.157192384067138 -0.485931562658889
0.0172535293155383 -0.00491359813969652 0.437462550879033 -0.0491127598641325
-0.00195578048553123 0.0199640476590321 0.137120535326738 0.314691630590845
-0.0253025315221697 0.0221598316766712 -0.123953610814669 0.365018130348586
-0.0213182488260102 0.0164553603567065 -0.108690167524748 0.431147417888146
-0.00121686432243808 0.00771479064868771 0.0828410755047612 0.478661941035344
0.0185813795811013 0.00495307952405706 0.288022879997729 0.279260653468228
0.00855448112818918 -0.00484349529460589 0.231343762844242 -0.0874091016984081
0.0135591040694206 -0.0141295828313491 -0.105267126332477 -0.198979971546613
0.00130973119362292 0.00632359919212162 -0.198957661278745 -0.0303449857781735
0.0113220702388613 -0.088238273256171 0.0456528937887354 -0.102839046374301
0.0969979285143631 -0.137449579455209 0.128181355127439 -0.203314830223145
0.195414749549303 -0.0781484236506253 0.117386269911838 0.00719333693090747
0.210232613765159 0.0829914357562596 -0.132723519179835 0.073114786465999
0.0661296251850162 0.188197510507049 -0.254695988975908 -0.268967951059006
-0.0901516801477271 0.170373540016594 0.15674371957508 -0.439879609316135
-0.14110299258495 0.0195439483053881 0.407708751447447 -0.0304977570871803
-0.0545402743201213 -0.105065747416146 0.124782163060044 0.299347842492964
0.0443528748590665 -0.126630916260026 -0.11283227569508 0.338190700437488
0.0697073732851652 -0.117404392535284 -0.0835811589628714 0.401287970535364
0.021702538406494 -0.128440687531199 0.111977953376892 0.44694132552829
-0.0570507868106667 -0.104863511266881 0.316754243438023 0.23358495784224
-0.110132359828429 -0.0259829711227498 0.229669260253317 -0.121513892957481
-0.0868753815342105 0.0510810365497536 -0.101997423162027 -0.213424667847315
-0.0440794594376919 0.0715552593797052 -0.191541579733381 -0.0502374810673913
0.0116294651304257 -0.13782950138923 0.05204903639778 -0.0188809286924373
0.123525647423716 -0.214268045839495 0.107353895668734 -0.14206752803674
0.325231518249092 -0.134794694276751 0.112378364513549 -0.0566347768029414
0.369913646767503 0.138382189203954 -0.0291715906534947 -0.0308177168069594
0.126639680205977 0.35712158725848 -0.0855217469582789 -0.238810921374851
-0.188526409235472 0.289977011070478 0.20744534973848 -0.263008104524495
-0.261681193815863 -0.00614396774969171 0.310724564710773 0.0465647435439799
-0.100203119923277 -0.214977144054341 0.0995809226768978 0.234052969719163
0.0649216061038347 -0.25870868310032 -0.0339195694521357 0.24038026870909
0.101902731379331 -0.258963092178465 0.038783168925498 0.281666811320455
-0.00700850162117507 -0.281447612142094 0.248508782091588 0.272212753743391
-0.171134412550721 -0.206062356981645 0.358623093059877 0.0194998319454846
-0.225672285104364 -0.0325629978001656 0.169017532069284 -0.241894290056421
-0.162089740606073 0.100787212369012 -0.109257839169051 -0.2337533837172
-0.0735585868466875 0.104744530546519 -0.163526447177521 -0.100207226730955
-0.00295355319599178 -0.107007290302729 0.0679499801386193 0.0716020416364255
0.0784112905218402 -0.162530150348433 0.119994972416922 -0.0437375206777401
0.27889156179881 -0.0974894624599394 0.148690990518384 -0.0704240320375059
0.302291864387667 0.164477800197099 0.138183913133403 -0.064619854327915
0.0330993379942342 0.355855513589442 0.120501222597375 -0.0903479694697666
-0.281279622416768 0.209208330561908 0.205101206577451 -0.00849552067330531
-0.29071684439331 -0.109858825149829 0.163254509211061 0.109703361758908
-0.12821724395128 -0.289019566565652 0.064293605930559 0.131458773062848
-0.00838066344966881 -0.330193437326582 0.0428179527587699 0.0838672831588531
-0.0150615396172726 -0.323273673639407 0.121259074930103 0.03498232754155
-0.13346501201248 -0.290443032624078 0.239644535749729 -0.0626835292524966
-0.248295573959641 -0.162702405381534 0.194432679853352 -0.229217181742867
-0.228779857875448 0.00222659723040257 0.0100485664803807 -0.296385280486872
-0.150532771987572 0.0964200393976985 -0.117774330570048 -0.21791177430974
-0.0734206416230424 0.0791644653267031 -0.122586684766688 -0.147696834032331
-0.0261167616163608 -0.0206916484114546 0.0902546546507883 0.130150765558623
-0.0186783611716106 -0.0208805797645372 0.15775947606131 0.0679505563758893
0.0566336754858994 0.00784299926405777 0.195236741016968 0.0524015408980378
-0.00492659926336576 0.101123494013475 0.198550726256581 0.0992328710979931
-0.152423220325071 0.101708787256922 0.113514016473465 0.136013448041265
-0.264277073899751 -0.0632956038341472 0.0626142021287742 0.141598458786195
-0.208082173742213 -0.24365750613752 0.0160192190815544 0.0867468113284594
-0.135029972071475 -0.317519458096251 0.0143439164891646 0.0144973722524969
-0.151317770569454 -0.297539043902555 0.0216746155279433 -0.0723385080957954
-0.222335486525552 -0.170174303300721 0.0147236392142924 -0.164933831230174
-0.198840242108104 -0.00110931234065862 -0.00817047877612097 -0.224889575371911
-0.0891859756878844 0.0663097590690676 -0.0978434783208976 -0.216580965608451
-0.0062479974980108 0.0204311144324338 -0.143459447438326 -0.161355916992649
-0.0345215351097348 0.00217718853850604 -0.116418990664326 -0.13342970651295
-0.0420958924472324 -0.00401350376142448 -0.0879774845315831 -0.14940300711398
-0.0466005568787256 0.0599969440815622 0.115807161648873 0.136188608224628
-0.112988939850431 0.0940099970722413 0.176134464559309 0.164460092791896
-0.167244683806101 0.0516386066297773 0.124720573755967 0.233037576498784
-0.246708247343395 -0.0568061531361217 -0.0274049744211959 0.253480772531001
-0.190217988500116 -0.205266266152309 -0.148062203411951 0.141519806800202
-0.0924303132274974 -0.29912798818578 -0.10914022848267 0.0337634821578866
-0.0596163524392612 -0.318604597117027 -0.0541873752283785 -0.0348207362395182
-0.122055907606006 -0.301716008837597 -0.0412789707859775 -0.103880062293578
-0.264003992642103 -0.172113843109562 -0.112657948993023 -0.142206507276916
-0.308668837716814 0.117782783313568 -0.188796031641165 -0.0901228566338832
-0.0601260906515769 0.343739297031862 -0.1446662855991 -0.0251144296330665
0.229165946503733 0.241378055872541 -0.153332485352501 -0.0158978785117878
0.277350403719618 -0.037863085741543 -0.170765068786628 0.0101652416943624
0.0965628357258295 -0.134482411606196 -0.109432097493403 -0.00515072928296083
-0.000974907136186343 -0.102250744149167 -0.0696110547040885 -0.0886082405860617
-0.0566274458364621 0.0925450960107484 0.141089818565481 0.0979692351444877
-0.146891266543604 0.112010067824644 0.153438613977845 0.210856618770609
-0.218386033954733 0.00969506352763768 -0.0586221226489618 0.26786266924371
-0.220494314027417 -0.15358369509712 -0.304871089744152 0.113796572911212
-0.06564745560367 -0.277223177622315 -0.296835998226509 -0.14658734406492
0.0804340960377757 -0.306950459602373 -0.113643923589137 -0.212881641502782
0.0588650556266292 -0.287137109532867 -0.0174404653402478 -0.192378148546443
-0.0950619295193769 -0.240236281505387 -0.0882364459277724 -0.211237980534074
-0.267994555166639 -0.037890983154847 -0.281664753854521 -0.09912954866955
-0.216068140561021 0.280067437187616 -0.275376461758032 0.184219851219122
0.108707019134795 0.407014077673216 0.00697923856097083 0.227961237187676
0.359094559708043 0.212274539690452 0.0157332156398556 0.0407482791646748
0.356698938507716 -0.0974582629325529 -0.132332842627327 0.0419763518471654
0.137920109880541 -0.200356859562926 -0.115730775709096 0.115841741203394
0.0224279098482527 -0.145330588173757 -0.0602725663334264 0.0138885923921959
-0.044710570427711 0.0711364424858288 0.164043824744367 0.0509969655856831
-0.106903477723538 0.0680671388505634 0.117344227220739 0.210046284620416
-0.13529884155543 -0.0243909825753199 -0.18614535905925 0.159499221093142
-0.0954161189165811 -0.10911813763869 -0.342027700304288 -0.145249404798217
0.0124577982373719 -0.153002017375339 -0.186754674576207 -0.394928585396592
0.113300135874527 -0.167586033234534 0.0196117065780785 -0.372112028351331
0.0832702451276891 -0.172098542034223 0.0700233769427014 -0.308074582512944
-0.0552100410008126 -0.140051704723706 -0.11606576926973 -0.28926679937551
-0.167082192811556 0.0272646712137189 -0.397323093120463 -0.00198680850680342
-0.0732161790119158 0.220536220088879 -0.22506107992375 0.414323286719495
0.133841264745327 0.233542940590972 0.219596778288943 0.311449508877748
0.234057863584092 0.0908997784377817 0.152049386296386 -0.0467781515189879
0.215778597969844 -0.0820112926910167 -0.116303313331922 -0.0133562495474044
0.0801403153135079 -0.140316230183278 -0.135009887957844 0.197057706870097
0.0204615674084285 -0.104013633065347 -0.05034075296074 0.105455042752553
-0.00382357199614886 0.00719887466831535 0.112708194033176 -0.0780049819201133
0.00523142242793606 0.00828186478222099 0.249311588026422 -0.0811088284908655
-0.0164835385897562 -0.00569914031315814 0.0778612125878299 0.104321681091781
-0.0182815626373451 -0.00615715037574053 -0.200382571346886 -0.00792808431269551
-0.0152274690962982 -0.0511697881288613 -0.0698115808150404 -0.392490239143475
0.0186039186336629 -0.0355388596559128 0.411950246525199 -0.298044528356519
0.0181198501722234 0.00550272961915774 0.381254614786806 0.223523486921349
-0.0113100993950634 0.0144807825872969 -0.0765514213268945 0.331975172605659
-0.0318087201072349 0.00351108630653512 -0.316732199652348 0.216321273383218
-0.0256732157029053 0.00109951407453693 -0.341916647757669 0.276561030405927
-0.00537491042881419 0.00485334377048777 -0.219570994637184 0.427008978635038
0.0123889461175129 0.0149898919928757 0.0631267580225113 0.391974161054985
0.00998300195413765 0.000325111605029153 0.236096648695383 0.0675555278332862
0.0181296830623209 -0.00520773902365081 0.03700355582296 -0.218455352114252
-0.00346229559034555 0.00676621190353058 -0.140192625310114 -0.14206444747771
0.0621384706733923 -0.0637244712506616 0.096310296786374 -0.0546913831959176
0.159485999449857 -0.0539381008365248 0.225083340076928 -0.085268836927892
0.204501460843832 0.0546384280756302 0.0940111492367195 0.0773138539885482
0.119254036051129 0.192697271005058 -0.147363108189028 -0.0156234029545494
-0.0608130353843698 0.189663252271873 -0.0471563962791021 -0.360445935416637
-0.174217446131953 0.08254918278111 0.383460814811685 -0.260384365492237
-0.124510268806611 -0.070380485826525 0.343913347958043 0.218801296968457
0.019814474289303 -0.116907226528142 -0.076879934443699 0.312710002873578
0.111062819837064 -0.0735643359935192 -0.290517790321195 0.200736744030812
0.127321395835955 -0.0503526703922427 -0.304443623338684 0.266156126124527
0.0945858053461407 -0.0892223072658203 -0.179372094131826 0.420121011596233
0.0160328689509148 -0.117272204928215 0.112091379705536 0.371677029111764
-0.0702206805006261 -0.0865240170080104 0.255552984598003 0.0401609029578502
-0.101115392270492 -0.011345994961457 0.0461068319881197 -0.228957174316494
-0.0797023930593197 0.0330636906164403 -0.122510309245939 -0.154107467905517
0.090399455964389 -0.101620373135122 0.0523472695024566 0.0152455346117811
0.225922725380897 -0.097899027689625 0.170673469316271 -0.0499552578211847
0.342446513867719 0.0869999690855287 0.127164821093279 0.0230514431377381
0.214955633720787 0.330564784672369 -0.00294173384574513 -0.0375565184052534
-0.111272569048602 0.360823005171189 0.0686767581738875 -0.237125038148416
-0.323962426995128 0.123098944647637 0.316554545302143 -0.0895727758101611
-0.204342690040291 -0.161651102883735 0.218633636118584 0.220213655496924
0.0483390739436374 -0.231555725384372 -0.0576979482815749 0.244985209210904
0.206151927404836 -0.166165539604974 -0.169654787768267 0.169270180078624
0.237155259214076 -0.144711061466383 -0.136922572188118 0.243641833596294
0.162607290279331 -0.227534440412068 0.0336399463026182 0.362439097508087
-0.013947589097534 -0.265394221504192 0.27229152037028 0.230211083335046
-0.160439416503312 -0.161623172878007 0.279598505042651 -0.0915029983918985
-0.19227039086049 -0.0163021815677168 0.0541906899861685 -0.250497413102188
-0.123892323285864 0.041831322760578 -0.0717478555196643 -0.175772982398038
0.0600623346669361 -0.0845700000601943 0.0105149805996271 0.0972971839611808
0.157016894869232 -0.0821836897469939 0.119764834376557 0.0352682589113405
0.283335791098588 0.0898711791754063 0.161543334449714 0.0325196623526027
0.144241015146891 0.311945149588358 0.148869295741723 0.0323750927145142
-0.18255893339826 0.304212394341264 0.144945704149263 0.00431637977643674
-0.349982921845532 0.00389236689885133 0.16532660273348 0.112234340816437
-0.167894415264633 -0.260756815945886 0.0637105613953249 0.182326919994084
0.0690018782804252 -0.308909539274977 -0.0259088807216093 0.141593915370325
0.189840389535962 -0.26660320723333 -0.0168531380116472 0.08954141089104
0.181784653713838 -0.264405908114532 0.074004807079124 0.0988697083058085
0.0685690547374994 -0.313022948283988 0.226921762410191 0.0937607874016347
-0.101351923533699 -0.279125246066011 0.291815973603386 -0.0645056025991202
-0.184695595531664 -0.13655052450617 0.186563007319371 -0.22843899303665
-0.180191974149289 -0.0130326715846891 0.0387130161270575 -0.243174193392619
-0.108997748739193 0.021714726506784 -0.0103388476760856 -0.189481129640306
-0.0102872893267868 -0.0291874378221289 -0.00575723157852949 0.156838519089346
-0.00573098006224182 -0.0250007769230141 0.0821349169079131 0.14743256267183
0.0419940651613741 0.0398850990650605 0.123942030021378 0.158515872859613
-0.0645409460989927 0.0787080472260782 0.0994280428851715 0.194785866926303
-0.183058324794875 -0.00815711341424789 0.00867105299730503 0.175632423482151
-0.175005839524595 -0.204061385150588 -0.033755192981956 0.145950412752456
-0.0221704429731379 -0.318119057824668 -0.0386038008455353 0.0754359782168049
0.0803589736777148 -0.335018537549592 0.00373574948302737 0.0186284630060613
0.0560211675525664 -0.326097273834785 0.0596570494322787 -0.0460447348318694
-0.0760656850437952 -0.265995208127467 0.107722427189235 -0.121163130152157
-0.158696424088053 -0.120021527016015 0.129303498148628 -0.183497993431887
-0.110498171411921 -0.00184967593482566 0.0526436544281621 -0.227571650845261
-0.019723315399656 0.0110829520685028 -0.014819407707291 -0.213026670316037
-0.0328724246912843 -0.0178646986607586 -0.00912771681547115 -0.175253860222396
-0.0332141294508395 -0.0260931592133015 0.0194912590825945 -0.171185524292708
-0.0748108133425787 0.022784778499042 0.0100505264631766 0.176206018815646
-0.148481812631875 0.0105559683436398 0.0402597643165574 0.235232857936749
-0.165002514352258 -0.0579535361759984 -0.0395526767689086 0.259555857276646
-0.163587887130105 -0.191484673759362 -0.175388941437504 0.182548019672146
-0.0318317902130076 -0.276730663463932 -0.199239126074757 0.0214083538782397
0.101836436606903 -0.293655107270817 -0.105232858041368 -0.0407003030875212
0.141260499407216 -0.288968305051644 -0.02027683020254 -0.0620725943517905
0.0805050469044046 -0.315255252946944 0.027831591461831 -0.108780641661867
-0.108399382488161 -0.294988925144709 -0.007967652381511 -0.181101522856187
-0.31920828830014 -0.0904844400012393 -0.0964621441224934 -0.18008581118049
-0.254385672198467 0.23895371524436 -0.0966432430794943 -0.107771015551647
0.038245245520343 0.328297497534168 -0.108723792707962 -0.103302541355423
0.241237738542215 0.135514886965266 -0.138707650883848 -0.0925245476770532
0.154616524129225 -0.0495150342054253 -0.0810993597670302 -0.0698206252434107
0.0574150471499556 -0.0803929330831998 -0.000837991575369986 -0.112083129129781
-0.100888841132317 0.0421741635029697 0.0542807120830102 0.160417126675149
-0.183780483137422 0.00514224981969755 -0.00398988557802516 0.259889097499649
-0.182079757600328 -0.121943045796969 -0.206143775374822 0.180130514658726
-0.0863342059191045 -0.252746360510624 -0.312957695799297 -0.0915949479749724
0.109208495975215 -0.261003877093549 -0.146560796772651 -0.297038479159125
0.244766997540725 -0.200393193428753 0.0393563302748212 -0.238123359998248
0.216972270070101 -0.193148936773965 0.103927675597862 -0.16459286787138
0.0652820447987094 -0.249707547814799 0.0557744033435106 -0.222362170283766
-0.19282328378313 -0.190572787032531 -0.167942250124203 -0.246676462273097
-0.342536168565625 0.0948157524054843 -0.327569504457112 -0.0136700357324715
-0.158757745704801 0.390154324450731 -0.127154723775189 0.182986409576668
0.159638734673193 0.384914967118652 -0.0102470076606431 0.0396582074175416
0.342243992848864 0.134859704173353 -0.129338979328247 -0.0464358879464032
0.228665483205019 -0.0764242592192196 -0.159348783073531 0.020284519107182
0.103623849022371 -0.102537105455607 -0.0543905437072102 -0.0255701624716154
-0.0780023077262005 0.0321274764820978 0.101255501571319 0.136786977187239
-0.125133563957354 -0.0058463338946106 -0.0313112033143173 0.23736118424461
-0.0958449449068418 -0.0990337396141844 -0.245317833265464 0.0177929571988526
-0.0124990367165664 -0.14307800533752 -0.18879358004108 -0.316511940248824
0.0988389065901034 -0.11600337937076 0.0849668036733416 -0.426900316517871
0.188988816450908 -0.0701417457688162 0.239419980170023 -0.284181608602142
0.168286600328712 -0.0898474083693427 0.241976518253799 -0.201939882937418
0.0375769090677187 -0.145186260514399 0.0787042088215111 -0.300984663650593
-0.150434612996552 -0.0769868882911044 -0.317074974920226 -0.235866397389947
-0.190974473427619 0.134291733832966 -0.421941365239319 0.199112725918578
-0.0322441024763538 0.265061474899355 -0.00800334228699637 0.375732834694479
0.132215564780499 0.212585066468736 0.149283148095134 0.0497107258665114
0.221176858662018 0.0647399925991295 -0.0857445497915639 -0.0821596955200414
0.146976866629681 -0.0626484195704094 -0.225176965866989 0.0720152080157806
0.0776509886191539 -0.0714576167243687 -0.100339933438554 0.0522938471325359
-0.0034045237203038 0.00748240604728824 0.11053419933176 -0.0789645388686692
0.00523814137368274 0.00842128920540199 0.252456214484334 -0.085596615238241
-0.0175066071533851 -0.00582824000924367 0.0822043670546874 0.107576169427667
-0.0175154721172815 -0.00646974323924959 -0.203053625923643 -0.00153572617216243
-0.0175234488611349 -0.0503664417754128 -0.0785575795040139 -0.393347405950411
0.0185135622173284 -0.0360665934598455 0.41003894356595 -0.305791602565282
0.0182857286863129 0.00527832714439135 0.38954308927382 0.220018920802955
-0.0101732333695832 0.0144841503042715 -0.0724055326747147 0.335761317429349
-0.0320601693261688 0.00363771393383464 -0.316870730872344 0.221061170456202
-0.0263962308110702 0.00046657257133889 -0.343244684949472 0.281652179879376
-0.00515346313398953 0.00504855261690599 -0.214887214541685 0.432127230045325
0.0121155202760931 0.0145256200250457 0.0693613611402848 0.392795450596542
0.0105949224156425 0.000533720400103399 0.239146897977073 0.0643300009656408
0.0187995795018302 -0.00581047981337865 0.0327924193600473 -0.218926386760198
-0.00425346119318652 0.00738029925016952 -0.143438810787654 -0.140286270014245
0.0621751359159031 -0.0641067239926527 0.0944142043864025 -0.0557623624319185
0.160108586122138 -0.0566436896719783 0.225666125572039 -0.0879684734307634
0.206403333310748 0.052468297366767 0.0985119245380621 0.0795736805993836
0.123538983896749 0.193763517002948 -0.149909732856016 -0.0109067106374179
-0.0604278382621833 0.193680389864915 -0.0546845856403228 -0.361109946000049
-0.175537685363849 0.0858410616569237 0.381457851237218 -0.268467642303425
-0.126258732625059 -0.0693658584788253 0.351752459584967 0.214791604329454
0.0192531945095977 -0.118535427208175 -0.0734917647760816 0.316942705934965
0.110630292451703 -0.0740426349333895 -0.292634980967326 0.207742244595552
0.128462672358905 -0.052871568334076 -0.306623411949435 0.271270183722496
0.0932349298723016 -0.0916661376767486 -0.175363532600683 0.42525123953187
0.0123153163929216 -0.117706872377994 0.118453507826068 0.372059200778056
-0.0717411487179672 -0.0856974634751874 0.25886702224501 0.0359903236666174
-0.100533631311778 -0.0100930337193379 0.0440450662667098 -0.230543646015218
-0.080504946009797 0.0346448050713894 -0.12680504411942 -0.151247593950741
0.0884964206678716 -0.102316196307387 0.0515453385775028 0.014546578204498
0.22593825498436 -0.101560319113787 0.169339611071837 -0.0510114305763456
0.34908869229951 0.0828095079481623 0.128953423482465 0.0234444339140682
0.221321532099074 0.332731678409185 -0.00519014341085368 -0.0360231478430917
-0.110073901960452 0.367765404508527 0.062458220196687 -0.238288408154589
-0.326763328613511 0.129977298085145 0.317378256198606 -0.0958121493439789
-0.210478574960034 -0.160945694151187 0.226095031275988 0.218371187060248
0.0451538835517006 -0.233688453674174 -0.0543152947259211 0.248266768997669
0.203905528330139 -0.168306839593592 -0.171642579483102 0.173789235637437
0.238613361411351 -0.147500896781255 -0.136958522041752 0.246599824752722
0.160041863986708 -0.231750594497894 0.036680995405946 0.365381586166096
-0.0201905033004688 -0.267368232076764 0.277160835394266 0.228294360074805
-0.163494718217607 -0.160407150982501 0.280552017071614 -0.096948926056379
-0.193678758807984 -0.0135981083395305 0.050370957667518 -0.252585776566486
-0.12502395772241 0.0440409145571225 -0.0744745942506945 -0.174887096593018
0.0578626843162185 -0.0836291978517368 0.0107924334640266 0.0974186765747982
0.155982940264215 -0.0821198951145042 0.1187268734619 0.033905632833765
0.28825896892241 0.0863174007045791 0.162356067240185 0.031621986773425
0.15033994539394 0.313483532403423 0.148641348391467 0.0303115475212593
-0.182421089235914 0.310763731853424 0.143554933035114 0.00228829977447621
-0.355265368234054 0.00972143736492701 0.167149125751093 0.108242520090088
-0.173592028352285 -0.261027335311006 0.0676471569446583 0.181793856840543
0.0638512534575821 -0.310548270917843 -0.024116458919341 0.143934769774301
0.186358564282458 -0.271349660687718 -0.0175314241838454 0.0911655370877958
0.180584039327907 -0.268562853674309 0.0738067625429293 0.0990921482639009
0.0644430391938985 -0.317231794425421 0.229406393221665 0.0925766930340685
-0.107500157347941 -0.281299110260441 0.292570980769447 -0.067098970871467
-0.189088463943174 -0.13521738290774 0.185472428482525 -0.233505119675446
-0.1846406777485 -0.0100692533184582 0.0364273862879614 -0.244973428440243
-0.110411143667423 0.0250945465633294 -0.0130293150329454 -0.188985846988435
-0.0122770661311269 -0.0273260761460589 -0.00410637201134056 0.157115079180277
-0.00924831698397595 -0.0223936530157303 0.08240977844118 0.146950860594047
0.0423068850080023 0.0392861894171042 0.12608955670303 0.15741857704061
-0.0640029383796446 0.0801881191798633 0.100626507935565 0.192434551409239
-0.184347130333923 -0.00645601129295895 0.0108213408768389 0.176016454812945
-0.179860352830776 -0.202803519995697 -0.0331410435324873 0.144769496287014
-0.0295464945740545 -0.319965618734686 -0.037062779374482 0.0763341746960776
0.0750512202663824 -0.339810784603066 0.00467404622428815 0.0184599980745145
0.0505997564214302 -0.330968402164458 0.0580578671131507 -0.0473497854481189
-0.0806697958952935 -0.266866405577598 0.107840984844986 -0.122259466491607
-0.161973892386474 -0.12042741406086 0.128278013187237 -0.186860885591398
-0.112952748174957 -0.00193887735248999 0.0519338595946339 -0.229048231856092
-0.0213716999055736 0.0110082069067353 -0.0149763954029331 -0.212576793396058
-0.0362238856258045 -0.0172488382263324 -0.00966419302559951 -0.175423387523176
-0.0357653856610477 -0.0246150306809952 0.0181168139886535 -0.172756889949353
-0.0781363348421866 0.0253278368211454 0.01383990128549 0.175947157931058
-0.15277860608917 0.0138554186020149 0.0431809425601134 0.235869546442617
-0.168548374815082 -0.0578375628075744 -0.0363556486500456 0.261603094495558
-0.167591425067023 -0.191635994729104 -0.175052290226743 0.183726275517344
-0.0353643591735776 -0.279060133606105 -0.19830233667877 0.0218231218915532
0.0988048975161712 -0.29726140651273 -0.105107125479146 -0.0409834468047615
0.137813060031963 -0.29203965689458 -0.0194573418842321 -0.0629143349160347
0.0761316199936588 -0.317745643812201 0.0277280051476243 -0.109659187149332
-0.116046563522611 -0.295497147314301 -0.0106095663618673 -0.182442315161221
-0.326515485923653 -0.0860091977731112 -0.0983492558511449 -0.178614497088902
-0.255421823947604 0.245144726430913 -0.0958064651003675 -0.107816754472392
0.0424433918276468 0.331521375570882 -0.108733670567932 -0.101807032189057
0.245065243142078 0.133560489128564 -0.138145299691538 -0.0905533031669402
0.15311776685624 -0.0513932167763423 -0.0800231634780166 -0.0695428802744762
0.0560880883286361 -0.0801624155540636 -0.00146858110074926 -0.113225370615713
-0.103686839541771 0.0452405659407368 0.0570042136396139 0.15915097819548
-0.187460953103267 0.00814398487951557 0.000929848591585959 0.261805352359042
-0.186296841943074 -0.121490551743894 -0.2054395062281 0.184627379216396
-0.0907539839916671 -0.253500103962345 -0.31885435714553 -0.0879662969258439
0.10649471454172 -0.26358130175464 -0.14850345967472 -0.298195656528126
0.2444031331554 -0.203932702933085 0.0391592478518066 -0.240092403262296
0.216434560954034 -0.197775570948954 0.103690401078629 -0.167081900168196
0.0617565063000734 -0.252008374731437 0.0530500895803617 -0.225651397431583
-0.198589031837883 -0.190040734946621 -0.174334546088237 -0.245600332699931
-0.347511249643502 0.101946882523449 -0.32856206148587 -0.00716367030488286
-0.155843358001514 0.39740714234268 -0.121388523232127 0.184911099407233
0.168998903141079 0.387840689505639 -0.00658405945354559 0.0383587989246571
0.347194136472864 0.13447555762068 -0.130388480822258 -0.0457128315584649
0.228055778364991 -0.0802174884129673 -0.159096891886596 0.0206932213010324
0.102122251504568 -0.103945217039324 -0.0528927493689555 -0.0259937518676909
-0.0786819659867297 0.0350987318882414 0.104759360577059 0.134750451013025
-0.125901952505956 -0.0050090318225075 -0.028018257974421 0.237918240244848
-0.0989140589080508 -0.0982051704726417 -0.247398395413289 0.0208364209884994
-0.015515222744119 -0.14304612602875 -0.193922328510455 -0.313747465437622
0.0966083692829683 -0.116264577720152 0.0800036692956999 -0.431266658403716
0.190353041053134 -0.0727675275410201 0.239374943598976 -0.288260108112041
0.168553213298379 -0.0920850231572502 0.241711765231248 -0.206179911234045
0.0352496345611645 -0.145773557770164 0.0746806935183083 -0.304108827767917
-0.153973413187496 -0.0754822824815023 -0.32567406633627 -0.234373495797639
-0.19317725055073 0.139228808742324 -0.422352673271329 0.209300924775943
-0.0300757158389226 0.27071928301777 0.00212783120586356 0.377897770149741
0.137467390180369 0.214248364572312 0.15221791522014 0.0444908957935289
0.225632894979707 0.0633361827365424 -0.0887037477083329 -0.0840534205844931
0.147592215030316 -0.0655397907877479 -0.227368031741188 0.074017610913633
0.076684080571549 -0.0730594677072301 -0.0986853808925483 0.0524853351198893
-0.00295850554217118 0.00686210357326422 0.108710973469434 -0.0820713166453515
0.00498747256847216 0.00830786187184081 0.255765575178177 -0.091965431094671
-0.0192536986980127 -0.00549764531225683 0.0895834917868774 0.109413327236405
-0.0178455360926816 -0.00623094370784049 -0.207066625614746 0.00787829831228151
-0.0196757467622272 -0.0503610669104873 -0.0926563628337198 -0.397386979485637
0.0189759707884799 -0.0378501896190928 0.408466812672264 -0.323360247175086
0.0189790231467582 0.00445877845972055 0.405414076750043 0.211828962309018
-0.0100335255745736 0.0150634567639217 -0.0628176248069805 0.344001840571828
-0.0332891585632361 0.00563836219700412 -0.316841999471466 0.232958687724286
-0.0264264673696144 0.00107089575341168 -0.340452319922876 0.293451940982512
-0.0061490793904627 0.00498517436329875 -0.205597481689319 0.442672220387463
0.0119366696793948 0.0142648931026148 0.0831179914140007 0.394707113497653
0.00990961842743723 0.00067255953341781 0.244637251440633 0.0564639259388058
0.0195851052810296 -0.00671762097198139 0.0275819579999858 -0.221701060383896
-0.00453255981879393 0.00823041255814752 -0.150442713064218 -0.137920565822208
0.0610669738785369 -0.0661344734224524 0.092406405784265 -0.0589964940620752
0.161004493277569 -0.0616019223410028 0.227455606777109 -0.094131757612964
0.211971382938047 0.0478074383903198 0.105540380143767 0.0803966407339922
0.131741765388058 0.194900284228638 -0.153172951587363 -0.00351093112702916
-0.056646491581631 0.200839167371845 -0.0679861041164748 -0.364797341808821
-0.176750047370503 0.0922074258973753 0.37824580933123 -0.284800563135987
-0.131170950643319 -0.067571207268377 0.366345210894877 0.207844441683442
0.0157190656961 -0.120742974755932 -0.0648711548378129 0.323820260664667
0.11009455748648 -0.0778335225137631 -0.293799441743817 0.220051321747613
0.127922781717893 -0.0575929371786561 -0.304808203339301 0.281895482579309
0.0905949963195152 -0.0957090665809945 -0.165923130683223 0.436052087953841
0.00731921444868837 -0.118638688702012 0.131741474498254 0.374743735024334
-0.0752496346377464 -0.0839644186308705 0.264411247544822 0.0275462036026459
-0.102810905140057 -0.00725870506142364 0.0375252211040148 -0.232543463641604
-0.0818354004146856 0.0384861526281117 -0.132971279656559 -0.149323663963141
0.0870966740890547 -0.104982974535554 0.0509099742038609 0.0136996631010268
0.226086248421979 -0.107064501596226 0.169720112797376 -0.0557767968733637
0.357832086445381 0.0759332072762777 0.134059119416765 0.0219252489594053
0.236351989770675 0.334765612843541 -0.00866819605607179 -0.0341304625793262
-0.102514494414286 0.379278711677662 0.0544691493277846 -0.241823603611027
-0.330451811085978 0.142508917781817 0.318862629954357 -0.107397691966305
-0.22102190564334 -0.157989975416079 0.235819440875196 0.215000533143701
0.0393503936853658 -0.238533096313175 -0.0473867040009023 0.253138416765443
0.202580809529624 -0.175837509769726 -0.171001669194621 0.18233529767414
0.239945269324772 -0.157020925672788 -0.134500483894276 0.252198171163508
0.155271912020886 -0.240713925488077 0.0461449207618135 0.370865283070862
-0.029674025148896 -0.271560196858358 0.288785360801847 0.223597561606993
-0.170573736633373 -0.158132543129821 0.28309214743415 -0.108607275388429
-0.19767702412993 -0.0080023295529203 0.0438231612246801 -0.257488414563643
-0.126913998834542 0.0504874245446455 -0.081576947289158 -0.172947936451391
0.055503224544856 -0.0851728832169655 0.0117239640800377 0.0981622821881026
0.153894052728538 -0.0852590741400953 0.118462010730981 0.032614350713471
0.297135714062361 0.0807754864118743 0.164853139166313 0.0278585029310721
0.163391556731729 0.316286621058466 0.148796965682279 0.0269379439910072
-0.178367413152485 0.323131996382815 0.143487558683845 -0.000853525633378372
-0.362934498482993 0.0215836994533665 0.171361442251192 0.103833649263352
-0.186999824496631 -0.261067839275011 0.0741580799474119 0.18126532114343
0.0551415889488321 -0.318239730446214 -0.0181755122135704 0.146933299512134
0.182148862297827 -0.280351094406453 -0.0168743191478916 0.0939261972365164
0.178431979035324 -0.276725142207521 0.076929826750329 0.0991117458120645
0.0576946783769183 -0.325338861264008 0.232601324678852 0.0874628993035136
-0.117852843376225 -0.284316217300252 0.295428429839728 -0.0756035255249697
-0.198176963383918 -0.133186538601714 0.183737313238519 -0.241983473682908
-0.191277088952025 -0.00412472622165461 0.0305487909868664 -0.248512014014291
-0.112513680509776 0.0299862223244468 -0.0196211259510789 -0.18968486604869
-0.0153330865694131 -0.0259905782601638 -0.00135005799708288 0.158167524572702
-0.0137884548025453 -0.0187020181908433 0.0855685514889642 0.147012223542525
0.0432030885737476 0.0379281496377273 0.131133811075557 0.15474696609866
-0.0627244351497983 0.0833456894772857 0.104644541268782 0.190303100901553
-0.187998192991122 -0.000622932139494963 0.0153737282898263 0.17727846202583
-0.188726857549882 -0.200311318509099 -0.0312134390736594 0.146096943378752
-0.0399488858607701 -0.323231305481131 -0.0351845594530913 0.0776586551440897
0.0647055295360142 -0.346511973168161 0.00624341680280394 0.0189522925001967
0.0409145840260325 -0.33728231989684 0.0568367650880622 -0.0482127444088347
-0.0893177915255513 -0.268276727192711 0.106796140461613 -0.124537491766621
-0.16906995452109 -0.118244187157795 0.125954344217243 -0.193376119805249
-0.115680547879106 0.000191653029839863 0.0475991103020551 -0.232779870725073
-0.0236207560580964 0.0107819557326782 -0.01981745807967 -0.215385260758608
-0.0404591494561624 -0.0146544288947708 -0.0128656731903442 -0.176959325574743
-0.0380794309893772 -0.0211319205957339 0.0141294779285746 -0.174714356976682
-0.0810275892885627 0.0293979309427782 0.0183604051647084 0.177090632102363
-0.157475592032758 0.0207050401921775 0.050034555963791 0.237901084360559
-0.174136290929363 -0.0557875132522533 -0.0288118884023575 0.265118077768988
-0.175363414477734 -0.191535517644226 -0.174457739936188 0.189817761367757
-0.0426136499013018 -0.283874338081298 -0.198989049853736 0.0253455570075297
0.0936710406061444 -0.303972814208942 -0.106848426833154 -0.0398778849777734
0.131800210221094 -0.29985821282385 -0.0214283271413078 -0.0639314255320418
0.0661664849584973 -0.325040739613676 0.0259445056556727 -0.112609403835936
-0.127539348786037 -0.298915864633967 -0.0172705220627519 -0.183926506003409
-0.337012188410994 -0.0770048505219102 -0.103344381332199 -0.176405588335017
-0.255059845562964 0.257889264678498 -0.0975005616190702 -0.10683009078325
0.0538455357493096 0.337463568994095 -0.110142216160574 -0.100858946112223
0.252141405261791 0.130247974091199 -0.14098780076058 -0.0882095352068425
0.151808925338896 -0.0553692481291189 -0.0807938995497613 -0.0686575148191063
0.0533093392078208 -0.081805781492202 -0.00276678262639305 -0.114837074161191
-0.106746504370638 0.0503813743177744 0.0639185516930301 0.159325495206427
-0.191513152583532 0.0135746821009783 0.00908020437144807 0.26500075453527
-0.194015468750378 -0.119460364876878 -0.202170443246954 0.19220858457693
-0.0985999299814336 -0.255187515769272 -0.32620974772462 -0.0801143809168017
0.100625782500128 -0.271027199691907 -0.158674976086742 -0.301738614920987
0.243595257715151 -0.213598397746023 0.0352316523634616 -0.244412099625846
0.213947600582065 -0.205708953888104 0.101235226916916 -0.172744419245938
0.0539113015501185 -0.257717967398642 0.0472485393059911 -0.230929360403382
-0.209475693187424 -0.188005360864155 -0.184034071885083 -0.244961277819288
-0.353913700282279 0.113955165687701 -0.332408598381591 0.00434139749514331
-0.147916328874849 0.410800187697806 -0.114079395901146 0.189606674132566
0.184376434693171 0.392277332314312 -0.00284509504907558 0.0377327578943684
0.358758269598828 0.127512977078132 -0.132943021828519 -0.0443183462206613
0.228940928097748 -0.0870863925251624 -0.16066974821321 0.0242083806328904
0.100234221537725 -0.107998292374919 -0.0523285137767971 -0.0250036056806038
-0.0799207265559707 0.0389852306272189 0.110844973840428 0.131838442069469
-0.127657142323328 -0.00134765380418106 -0.0213241021511609 0.241213915726607
-0.104053711491288 -0.0965438820656366 -0.251077043658518 0.0293720667439116
-0.0200869095554191 -0.143820789079455 -0.205279104558851 -0.311655019695334
0.0932741802970022 -0.119917294406917 0.0683161767654199 -0.439547431974313
0.191382097144207 -0.0781422816006759 0.238420339144883 -0.298280861922132
0.16845743804176 -0.0976995873867053 0.24109480720155 -0.215807728148615
0.03071036662825 -0.149319420554803 0.0668848410084551 -0.313822429250812
-0.160690263602559 -0.0727597263178925 -0.338877266047155 -0.231403884293668
-0.195180131073182 0.147640807515922 -0.423074055042869 0.22587892764431
-0.0220715480772099 0.277793156419409 0.0162493168339127 0.381187363876354
0.147926220142684 0.215722273388609 0.158696552966866 0.0377013260909408
0.232415344688077 0.0592842962587756 -0.0937570594710066 -0.0856248172189064
0.147766037790973 -0.0691255873836287 -0.229491100370247 0.0808462707227187
0.0746541785801995 -0.0754752988660672 -0.0965669365338759 0.0541843491329498
-0.00283022474696558 0.00706425464973037 0.103489791111694 -0.0859831255510383
0.00516478492342579 0.00847555045798527 0.255130728260057 -0.104223786497475
-0.0217654491107848 -0.00390214845090272 0.0993814814870276 0.108430038651257
-0.0178869826483632 -0.00548670266358194 -0.208768210231149 0.0224345606848282
-0.0235676430036907 -0.048141376780233 -0.114164749761285 -0.394423999509645
0.0166114075736213 -0.0399248080537553 0.39555034684678 -0.344774772907296
0.0191978859828213 0.0028221496127839 0.41983680879432 0.193752415192662
-0.00926976858618833 0.0147866504376989 -0.0464388270918724 0.348959945470928
-0.0331814308222881 0.00788017423554746 -0.309269718592284 0.249560884835225
-0.0275512224105275 0.00169411320491753 -0.330125992682015 0.311443246491784
-0.00658230035638972 0.00564421813686155 -0.185236381129836 0.454721316703638
0.012326910938851 0.0144976056376003 0.103617562180976 0.391027412707915
0.00900062001863321 0.000209230669428884 0.249482947484158 0.0442972948221763
0.0191340787325964 -0.00933732639454183 0.0173038938335498 -0.222070650217594
-0.00427644072338858 0.0090210982896671 -0.158526154022326 -0.130410329601818
0.0575945628333666 -0.0684832253969368 0.0892907151013275 -0.0617835785651353
0.158887895645753 -0.0695754016024558 0.22669114301207 -0.103829611311193
0.216739418447705 0.0391645128674421 0.113533846434991 0.0783522577802153
0.143751696398947 0.190878257134447 -0.154561158596712 0.00729888697022878
-0.049446928956951 0.207328354957508 -0.0882320114031848 -0.361733772817063
-0.174578488521244 0.102764872321761 0.368432497763273 -0.305416181410388
-0.137236800315364 -0.0619017008554375 0.381507005041554 0.192833743189765
0.0105374368006792 -0.12276340238489 -0.0483461530367298 0.329092807357396
0.105881789324912 -0.0829374278799413 -0.285430871732519 0.234999632758414
0.126569899059926 -0.0649193796447776 -0.295615090231698 0.297175016785046
0.0848773355128769 -0.100169121133103 -0.145369444893261 0.445867025801327
-8.7957849560491E-05 -0.118173682620081 0.151551227566337 0.367949984950609
-0.0796643305845561 -0.0808254715814793 0.267128077310045 0.0136648951785614
-0.103524124179609 -0.00317824609597476 0.0260299565793872 -0.234942558635179
-0.0818534143184679 0.043144331611785 -0.141212082635192 -0.142042688513418
0.0811986583715725 -0.109143843417164 0.0502822421174948 0.0112853715741825
0.222600119984834 -0.11677230314596 0.168049525225097 -0.0621105379613807
0.366863769960553 0.0595235599425175 0.13720041051616 0.0170031861257169
0.256100714386981 0.328260187588034 -0.0115962182539328 -0.0321353570133305
-0.086745898860233 0.389893246860794 0.0407147280689729 -0.244534794025026
-0.328191428033787 0.161723874151939 0.314333868348724 -0.12489057815209
-0.232164646230763 -0.148293782540523 0.249925473979204 0.203850051986005
0.027720445436175 -0.241691563386763 -0.0344615068472597 0.258905415429844
0.194428329855356 -0.185170000168321 -0.1653773486535 0.192843904261092
0.234817828583361 -0.168919671072311 -0.126151195302675 0.26045349513342
0.144094680406733 -0.249088922328419 0.0620855801149503 0.370246735876957
-0.0451556712371652 -0.270035227251764 0.300917123127012 0.211199598792059
-0.179335435116468 -0.151118272671082 0.280093314940062 -0.123112126835465
-0.200055556491838 0.00235617004865191 0.0321473375523005 -0.259723713668528
-0.126514449500359 0.057293152300573 -0.0911101644934923 -0.168552286256524
0.0501052139711493 -0.0867555649488119 0.0147364463131432 0.0976086997295272
0.149364476268633 -0.089411603249447 0.118400938411648 0.0277207463364978
0.304466450838896 0.066962966384366 0.165577583778283 0.0203364950850108
0.180316953771908 0.313544339362772 0.148388323168891 0.0202701534315728
-0.163995682537916 0.335494223956524 0.142809127181018 -0.00731743628158225
-0.365670694206457 0.0409608904109006 0.175423930058395 0.0939025745915637
-0.203613932233642 -0.252054050369946 0.0832375852663802 0.178053269696857
0.0391534304258515 -0.321103739373962 -0.0107937901105661 0.149601891280052
0.167804292493177 -0.289347435669509 -0.0138643177425901 0.0968616038376979
0.168017936955455 -0.287634586738561 0.0799484106168841 0.096643984488257
0.0420296580413722 -0.330810333109987 0.235943325132641 0.0781224810381997
-0.13366571413124 -0.281305783875242 0.293086621021321 -0.0887674245265364
-0.206820724572335 -0.125341495311067 0.173629253749805 -0.252206569642509
-0.193671770814348 0.00768592803800332 0.0191594340453155 -0.251161396733131
-0.113431403091671 0.0370770248441449 -0.0280962644384527 -0.188365586434522
-0.018969520786107 -0.0232351491683934 0.00456660003322763 0.159021747896946
-0.0166076127054828 -0.0146379975406394 0.0907646759822526 0.144163657446478
0.0439568984558237 0.034384827508102 0.137163842778787 0.148072113992139
-0.0590692420788363 0.0867197903365725 0.111368555972892 0.185058003909454
-0.190079682085353 0.00763285730418895 0.0238861681814017 0.176508448947391
-0.199916434223198 -0.193077874300699 -0.0255988303448814 0.146328667219715
-0.0571202341987029 -0.322364517175901 -0.0314587799099806 0.0783980824147443
0.0477340740330883 -0.350060298229664 0.0081799836120626 0.0189046843881216
0.0242239408300418 -0.341913750666126 0.0536745411942708 -0.049313444262658
-0.103526170080418 -0.265663833036238 0.101565369025157 -0.129865830496894
-0.176892266605605 -0.110864149007142 0.117733297854234 -0.199189085851552
-0.117203795279623 0.00567770503174011 0.0387595487900918 -0.233982440007199
-0.0247155452857438 0.0120065601179172 -0.026908190292953 -0.215895380627012
-0.0447062420277508 -0.0112087429447308 -0.0194096410267725 -0.178506133455167
-0.0406157587516997 -0.0188185606654707 0.00606850895377471 -0.174666969742778
-0.0820304597503843 0.0355407842655509 0.0269629837744218 0.175163328342
-0.160082605056539 0.0314918217398681 0.0614380927627019 0.236156149033149
-0.180810524561056 -0.0489976458880813 -0.0176453479866168 0.26587273205299
-0.186461080526137 -0.186012261367155 -0.167566537070385 0.198580342934072
-0.0559433225596946 -0.285388079589662 -0.197982687705018 0.0323421347811186
0.0794556190744679 -0.310727456355225 -0.109177735026794 -0.0372551763756461
0.117377055776526 -0.306541908976122 -0.0235728365409938 -0.0636980415202586
0.0496834243867568 -0.329371027370357 0.0210304832392745 -0.114897046895355
-0.144668609243499 -0.296075547267423 -0.0260537634491809 -0.183226652911274
-0.346062104007648 -0.0606656975419061 -0.110488411848346 -0.170397494027288
-0.245485271123362 0.273264214013536 -0.100076803652669 -0.103914881227516
0.0712545280892358 0.338241224027034 -0.113311860396794 -0.0955252273411017
0.25930208622936 0.119687444140919 -0.143448648411701 -0.0813469016238205
0.148132235468094 -0.0610697204489466 -0.0831985882502335 -0.065785823687951
0.0485554592381391 -0.0840455388949345 -0.006195279912769 -0.114704247858162
-0.106750597558262 0.0578510859250346 0.0727584014718494 0.155285459355851
-0.192883593828916 0.0233292817400921 0.0228926787038844 0.265229233786475
-0.202406026436741 -0.111695164944474 -0.195311694066814 0.2035997595075
-0.112102439574891 -0.252633615834013 -0.331719241210699 -0.0634667632412768
0.0880326257182199 -0.277885731367063 -0.173008770644953 -0.297915589804106
0.235410860902381 -0.225913930780862 0.0273958676188825 -0.247700560940636
0.205154697460966 -0.215119797098356 0.096097508193371 -0.178400040040134
0.0420254284685655 -0.260916826388971 0.0367514067342773 -0.235822508942478
-0.22239981211201 -0.179535220822968 -0.199345435339139 -0.237384474411286
-0.354183021979334 0.134507468849783 -0.332342480724973 0.0211720281627042
-0.128964431478398 0.42379977707323 -0.101281751593514 0.195070802929438
0.205619016699678 0.385990505199013 0.00142808905072388 0.0356153942846962
0.368992994934672 0.11286846145038 -0.135332805382253 -0.0396093658462618
0.226137560147422 -0.0974671972401709 -0.159876359688217 0.0304084086847282
0.0937194947596183 -0.112733901146595 -0.0518553147489096 -0.0245350939642079
-0.0791847357758105 0.0442547027656638 0.119047740111144 0.12634899431933
-0.129301035967148 0.00415658781627722 -0.0104131660891389 0.242743052827801
-0.110207446477191 -0.0913980749629068 -0.252260272130047 0.0428969679213738
-0.0271515295762077 -0.1428417730314 -0.22021109062924 -0.300804331391693
0.0869681761886814 -0.123742059363272 0.0487441961695943 -0.445432488967926
0.189088303836941 -0.0881827188653877 0.22880330357362 -0.309757827930881
0.163691280267524 -0.105754120048122 0.23362079000563 -0.226932746186179
0.0234761334116697 -0.151577284718383 0.0518193449452264 -0.319709946439221
-0.167314475442442 -0.0657020995349844 -0.354467174916991 -0.21716273503527
-0.192471135098534 0.158786123989941 -0.413678368783324 0.249311198859971
-0.00966755637816426 0.282664656880206 0.0402281591122508 0.381659586784809
0.161371718440617 0.210916033110199 0.161415201793868 0.026410081416257
0.238223496263088 0.0491872154060559 -0.100306717713185 -0.084095903638633
0.145982785390354 -0.0764344830360136 -0.228413388946893 0.0914843425438183
0.0701089526622064 -0.0797687495727902 -0.0920459635629617 0.0568116350459713
0.00226040731218515 0.00774719990130276 0.0462385902646336 -0.121934593918457
0.00909377771799187 0.00561616097545059 0.171718397995631 -0.212466836140143
-0.0214715961905497 0.00853282631716834 0.141768785601193 0.0450941321196271
-0.0193913786939351 0.00214120156489017 -0.166443479386064 0.123280115244816
-0.0425853743499402 -0.0307151976752867 -0.288677135857848 -0.281217734472144
-0.00480594000609984 -0.0446399079888918 0.174989568106451 -0.486952840785981
0.0184130183185106 -0.00769531699767176 0.456796488435475 -0.0312442722494602
-0.00125041338953256 0.0176113125899466 0.12612772348257 0.32257479747314
-0.0258436407686459 0.0231573759764367 -0.147770175195513 0.361693673367666
-0.0249932591407528 0.014989864683961 -0.139334151526875 0.424768245235907
-0.00515405769815196 0.0096911678564375 0.0530943091410805 0.47891607119195
0.0173165564376574 0.0108456289325638 0.272472345004874 0.287381554765311
0.00946279452789534 -0.00443977984077212 0.235338606388311 -0.0800213194870505
0.0090970772905987 -0.0187789019365867 -0.0874171071767463 -0.200819420594901
-0.000330563962127259 0.0115063643669274 -0.199566703836352 -0.0348316403147482
0.017241850913313 -0.0852326602670806 0.0448347158935438 -0.0948218443480566
0.105007118131089 -0.134380985833813 0.145741703394523 -0.198988033904012
0.205988717673999 -0.0691034186951779 0.139089970379931 0.0118433250893845
0.214631609111384 0.0962059969126543 -0.126829870561705 0.0822544654539808
0.0566507385668513 0.201589081662867 -0.25010935340328 -0.268018939366407
-0.100126274951835 0.170505419765748 0.167975319541979 -0.439964383277356
-0.146999033519389 0.0112681293967724 0.422466514042352 -0.0147258811873748
-0.0503985394840683 -0.109918899102542 0.115533738904037 0.307822273111764
0.0519162434943216 -0.120830259759629 -0.135537108244503 0.338866968206709
0.0778252566294773 -0.116921693430346 -0.118548779181961 0.394107447154777
0.0238331779234185 -0.125313704176282 0.08345617636284 0.455731052054661
-0.0562203100799336 -0.0973852993540944 0.302514371705963 0.245846012447622
-0.105222457393905 -0.0324625047132973 0.237556007453359 -0.114027464112555
-0.0932496784494008 0.0448731938039726 -0.0850304428997331 -0.213974744522656
-0.0510545531838675 0.0787187187585953 -0.189035310123922 -0.0544634742768321
0.0170900287863654 -0.130257216855045 0.047326444240018 -0.0135227620187569
0.136222715387386 -0.205341502663107 0.114810134548313 -0.134544429975158
0.346429151376269 -0.123971616714846 0.12795784227868 -0.0514229636684843
0.378620355466336 0.160915253068588 -0.0249755767048871 -0.0223473663120502
0.112889490002438 0.377989595224871 -0.081072688739606 -0.226807390632641
-0.203479480710819 0.296215469496914 0.208861289847912 -0.259010246121306
-0.270063690138832 -0.0163798311417648 0.312555363763457 0.0587709427827354
-0.0924566112823263 -0.220755953969411 0.0929922372469083 0.240527740666496
0.0796292805197683 -0.252722026268943 -0.053281484076143 0.247782266773382
0.122178096796355 -0.258065531749086 0.00919094772898258 0.285283939680745
0.0059710498083747 -0.28269279582738 0.225379822406842 0.293182095783404
-0.164767070867202 -0.210385374563841 0.358644105642506 0.043519920485912
-0.226157526536969 -0.0469676300019332 0.185547252657754 -0.236872602101507
-0.174227443489267 0.0960781413535506 -0.0922885019805981 -0.238432191036887
-0.0845118985262864 0.11270780587198 -0.15545969311153 -0.101921063989549
-0.00054699245969521 -0.0960098585514881 0.0585281927528891 0.0770646189784186
0.0859380091438985 -0.145158805796236 0.114675560464876 -0.0320381705851221
0.29530518826322 -0.0875615231458704 0.150836509142333 -0.0624524488359425
0.307101394737995 0.184146387434806 0.134728622184561 -0.0552035247212128
0.0187586970732007 0.36916077474551 0.119658114565565 -0.0734687825552751
-0.292696445384727 0.213805852074356 0.19508115102624 -0.0029727898895194
-0.296844279359557 -0.119108898617824 0.156066144863255 0.114636756093821
-0.120624129374205 -0.29590461120974 0.0608550173221904 0.134067582966838
0.00666253663824405 -0.329791158385843 0.0320150509273934 0.0934065589539976
0.00897580425530672 -0.32857779998293 0.112223627071836 0.0489564549858518
-0.120322007358279 -0.305826359823186 0.239841122830315 -0.0406623349577376
-0.249098326725653 -0.180370155663257 0.214184347370292 -0.210337355375439
-0.239410665813677 -0.0120598820799953 0.0338081567206339 -0.298470392707189
-0.167459023173317 0.0990473945098486 -0.0982005136328314 -0.227767886804683
-0.0820383180784122 0.0879256831891648 -0.111785509109618 -0.148765397930594
-0.0291461763163642 -0.00802170948961044 0.0802821994441437 0.13476201415591
-0.0219386602403733 -0.000798611979423488 0.146514125755555 0.0809878734754197
0.0534877834757981 0.00958877394266212 0.187115874857516 0.0607564378337754
-0.00942970694986158 0.10367753105863 0.181610208378984 0.105091815172279
-0.158962829786261 0.0983166164969988 0.103930804581283 0.139125983289135
-0.263035374765001 -0.0656428329273012 0.0460437245681077 0.13916870800826
-0.202193673837577 -0.249264314847935 0.00977583192401251 0.0829020793151334
-0.127286206636807 -0.325057216368955 0.0159370770201006 0.0130584226660684
-0.143322521007251 -0.307444294596681 0.0217186323926388 -0.0648627634653476
-0.21521907007231 -0.18105410459668 0.0281005213979321 -0.155863060327296
-0.206749405641203 -0.0128536261837422 0.00988015618611205 -0.228867116147998
-0.100046949064253 0.0584184642299155 -0.0738577981698549 -0.219859245897587
-0.0178501017426559 0.0212939706173233 -0.121971092307093 -0.173501028758296
-0.0468912213278487 0.0135214707560005 -0.0981595168353339 -0.145620613391421
-0.0459240435687518 0.00517758081777324 -0.0755662547947423 -0.15372394231363
-0.0558778710709099 0.0735806237948032 0.107949973059244 0.136658393729704
-0.124384627262147 0.105718029559204 0.167024085378619 0.173849506178858
-0.182924542622342 0.0454666001375291 0.112241668027621 0.236517384194156
-0.250860492260495 -0.0719992029591159 -0.0497895482499857 0.253056260655349
-0.18629759720882 -0.219221146738314 -0.15630296713185 0.120326010974978
-0.0812599352107269 -0.302955746567274 -0.111323846225942 0.0204310813619077
-0.0436103406582688 -0.319405940782422 -0.0499179428019112 -0.0444242563334282
-0.114874342381624 -0.308085623066054 -0.0358480734230808 -0.10837598062866
-0.268065235229671 -0.186697717587262 -0.110061953363525 -0.142345159465149
-0.329549548819307 0.114603383021973 -0.171427137905403 -0.0938212048334714
-0.0849844863900984 0.355344498731837 -0.13191415881949 -0.0468569721321782
0.221289412977544 0.259090982046588 -0.139908968381776 -0.0343896686945776
0.281371602070755 -0.0194653512093238 -0.161465830097531 -0.00557748533900334
0.0974070715175012 -0.120889886493688 -0.102799668333172 -0.0198764905543454
-0.000442537370908638 -0.094540478843021 -0.0595445813306123 -0.0969450768325442
-0.0655995711466249 0.103855839227398 0.136991405554608 0.0970227741017292
-0.157017345190115 0.113375450655394 0.148199035672016 0.216069027044789
-0.230259681481763 0.00115739689397407 -0.0692052794487518 0.268973360801776
-0.218691292366543 -0.167217716314424 -0.31412981464145 0.107224512772165
-0.0578396468650905 -0.281210775703794 -0.294014292449194 -0.173591460132336
0.0917362889172652 -0.308312824719651 -0.0929507875133767 -0.227113112952564
0.0762673196861274 -0.282971746963634 -0.000797996120762921 -0.199782628267412
-0.0888843777241483 -0.244543388576636 -0.0804254508994941 -0.220977056233735
-0.280673700666134 -0.0493080028571001 -0.284976896403587 -0.109617534130798
-0.246230277910202 0.287266033049279 -0.270230404300085 0.175412262021438
0.0876288296690961 0.432007396095753 0.00759461558719248 0.210739640600527
0.364237192871428 0.239376470636176 0.0179956649209413 0.0237465069158372
0.373112336714805 -0.0771240574273306 -0.137708396229341 0.0259702845371495
0.148053955269441 -0.18957758281402 -0.127461342615755 0.0997783888831994
0.025040566448938 -0.14032731652575 -0.0562311308995437 0.00243926095094211
-0.0474667454344505 0.0779524098180012 0.163759998998529 0.0488865789583863
-0.110632148063252 0.0657197838557091 0.109676201155774 0.213379880751648
-0.141204088802248 -0.0261640110062601 -0.193388352202262 0.159588311512943
-0.0911872696497271 -0.111719640641298 -0.331847049806583 -0.151299214435699
0.0163493316397831 -0.146511523323195 -0.173062915026305 -0.404089401882897
0.118110949047543 -0.167599830790544 0.0508073521883772 -0.376561049158662
0.0904972239071935 -0.170287540075317 0.096540050556039 -0.306408436308819
-0.0515824212973 -0.142493887934735 -0.108501483522829 -0.300480286424474
-0.178402227324635 0.0227113883756387 -0.41051869579929 -0.0181450654517162
-0.0928380430172967 0.232059888880191 -0.23464778765025 0.410714834613498
0.125530407244591 0.252746153287523 0.215036562149769 0.306131794911852
0.24289124228585 0.107101272985312 0.15050491997143 -0.0583668146653289
0.22977477530362 -0.0706976909146302 -0.130142043185793 -0.0277051506751087
0.0895351137152906 -0.133224252987384 -0.158944951505517 0.186506319938121
0.021516550888647 -0.100109440412992 -0.0530317249147572 0.0911878938706
0.00180547487884385 0.00727084197194229 0.0413516866563178 -0.117892071879206
0.00797574115594427 0.00571211831450463 0.161995563990293 -0.213105969772142
-0.0219214499156157 0.0105497029526003 0.143088605122416 0.040145217082447
-0.0195053194542642 0.00266781310846845 -0.156177430806623 0.127495626218178
-0.042344301516046 -0.0281760167857814 -0.291854232295684 -0.264382365407954
-0.00634792562889005 -0.0446328325937552 0.15532566340102 -0.479985919443554
0.0176116514881395 -0.00877373381628498 0.447496576214559 -0.0442217418304601
-0.00138020779707222 0.0167325265157323 0.13295122448753 0.311315683070292
-0.0239740500680544 0.0228396820394264 -0.134794660706784 0.356444156428877
-0.0247031490091444 0.0147818830574854 -0.125313137028861 0.417160277521025
-0.00448894878514675 0.0101107902608245 0.0659684822189796 0.463642357510678
0.0173025556033881 0.0104410349085122 0.272665963322768 0.270532950943275
0.00899208414188632 -0.0046086224596796 0.227088184363073 -0.0849467781055709
0.00688908364793446 -0.0196822994671482 -0.0893146324602075 -0.191634027463524
0.000151580279305895 0.0111042882912773 -0.195732939572888 -0.0272692781799578
0.0141286720029803 -0.0826138776024754 0.0397412616575089 -0.0914854988400609
0.0977791655840165 -0.134329698075856 0.138528926552483 -0.197098527667396
0.198474788761555 -0.0734510012890909 0.139605390455448 0.00636637748807739
0.212612436736399 0.0877907427662312 -0.119650621432747 0.0869043391698918
0.0606497782783194 0.197209573920729 -0.251997049070594 -0.251445633304262
-0.0933958968516285 0.169737362612536 0.151355884246938 -0.433754686754813
-0.143950938059528 0.0152453715788786 0.413090059839531 -0.0272566888159577
-0.0526026617749652 -0.10579718063838 0.121777829553081 0.296428015592055
0.0472729280448594 -0.118413559645444 -0.122670769491773 0.335395422639866
0.0722123233674643 -0.115666298967353 -0.108165627882723 0.389125002017772
0.0182192514163405 -0.120795292670032 0.0935603139229193 0.439841030981837
-0.0571164724606115 -0.091936124706936 0.301307610478168 0.229024377466495
-0.103022809319688 -0.0281340305171945 0.228288638026398 -0.118541201031138
-0.0903318047089143 0.0450653148173285 -0.0875065736767824 -0.205218745279844
-0.0484451641679 0.079873123907575 -0.186064157625108 -0.0461413873774301
0.0124472151685939 -0.125460466611314 0.0446001536934863 -0.0130753614735497
0.127906234845489 -0.202880332949007 0.107970345709009 -0.132242380416963
0.334915702868654 -0.131566709139549 0.124820178081135 -0.0537195942862945
0.375358983185846 0.146526744953877 -0.0251516067964374 -0.0173263748984919
0.121541699221768 0.367687774854894 -0.0870803195699808 -0.216958351568013
-0.19038191737177 0.295471665830113 0.195044095662494 -0.257557242473232
-0.264243734673222 -0.00755373591728955 0.307757844301635 0.0475188883876741
-0.0965211500049964 -0.211763216676354 0.0988216237072259 0.231105067033475
0.0717090588525382 -0.245987448071352 -0.0458853574944324 0.242944215355026
0.112626451755299 -0.25469203166273 0.0141658410065926 0.278954638874941
-0.00373852170348019 -0.27389856034966 0.227542566871206 0.280748382448423
-0.167187569471325 -0.197612402372373 0.350974854863084 0.0321994178845668
-0.221160076097733 -0.0397056660697251 0.17342091813878 -0.237004897321501
-0.167486528630495 0.0989241202708168 -0.0959240806273078 -0.229518412405479
-0.0798729280797313 0.113369790661435 -0.153852377414811 -0.0932914520862639
-0.00372399443386096 -0.0908196416823228 0.0573833755001659 0.0745028050353986
0.0808784655085567 -0.141833465049464 0.109840642146347 -0.0329544166833456
0.285625616092443 -0.0955894481017451 0.144408813820275 -0.0637914728563557
0.3065975663196 0.170634148334897 0.127091565250214 -0.0552768565502941
0.0299203769884079 0.360034874334442 0.112734128718436 -0.0734463991880572
-0.279144753189998 0.218792192807344 0.187495106905172 -0.00879231402129437
-0.293648583683667 -0.106201144634924 0.154922050588929 0.106987497790929
-0.12633435646691 -0.283493376954482 0.062680029437573 0.129435613591413
-0.00180711309272555 -0.32039665846843 0.0338259580244593 0.0920244193081656
0.00180517860970348 -0.320304134979499 0.10934858262278 0.046311905217115
-0.12628432059043 -0.2939971262308 0.230441602615339 -0.0445293022111089
-0.248941977036244 -0.167292212984407 0.203785740041069 -0.210553059754292
-0.235068235424636 -0.00490850043663192 0.0242442432253149 -0.292785546174606
-0.160928881379206 0.102573844816416 -0.10188770762039 -0.218451288901305
-0.078639305755546 0.090167836209799 -0.112363224037362 -0.140260892462088
-0.0297259873312299 -0.00370746937358035 0.0805801720083266 0.128711671145841
-0.0214751112981205 0.00234531244199942 0.143394067193609 0.0754230871188199
0.0509548211909232 0.00786489281939825 0.181174798302753 0.0546050478563221
-0.00669856763960532 0.0997161082557186 0.177366900516671 0.0980370920469489
-0.154003269599669 0.099714913191282 0.104235184869671 0.131649106203214
-0.258585101301436 -0.0558759423507008 0.0482423125849841 0.134592938513085
-0.204727638441971 -0.2359853981548 0.0112756696499517 0.0795857918392475
-0.132789702833638 -0.311575121325294 0.0158393057409651 0.0119315461434454
-0.149255957484752 -0.293746914109214 0.0198900499576065 -0.0625103533867354
-0.215098934404614 -0.168818318347707 0.0235956613106619 -0.152648854237277
-0.200824149585075 -0.00576949212890063 0.00318593695343856 -0.222523015816503
-0.0970887287277691 0.0594865511204931 -0.0757332792156919 -0.211621439504239
-0.0191137630811442 0.0214074411494422 -0.121063211081395 -0.166381289366102
-0.0456204666123357 0.0168645438002951 -0.0988285764760853 -0.139888018181155
-0.0457651392451861 0.00771268229187301 -0.0770046946046483 -0.147627656606576
-0.0524616063251986 0.0757558881802324 0.108021745606122 0.12996069386281
-0.119154590544177 0.109051652905732 0.167159560237783 0.163191132693253
-0.178950209471207 0.0488169195991726 0.114555135547789 0.22716627440138
-0.248573234617998 -0.0647608604460234 -0.0421070500332721 0.24724062246225
-0.187762955644095 -0.209350883774786 -0.149132267437868 0.11947135605899
-0.0874262069784512 -0.293788428375531 -0.107040514620096 0.0223040191253386
-0.0506474964677535 -0.307368788456864 -0.0495871544799599 -0.0421220557830335
-0.12118143424755 -0.296328439065783 -0.039004368884202 -0.105569154935575
-0.268181037017333 -0.174334267428151 -0.110535778565728 -0.134176229850703
-0.319243494063492 0.123640068413368 -0.166753646755609 -0.0862679755915726
-0.0725180722837096 0.350164034830905 -0.12862938007508 -0.0436702712621847
0.224212821131072 0.245907492644924 -0.134807764591027 -0.0310317959828272
0.274217384730415 -0.0266299045788194 -0.154148532649198 -0.00254634001902293
0.0909712424579663 -0.118504671977019 -0.100582578183672 -0.017263060201259
-0.00378839433823864 -0.0899960718442139 -0.0590974925029177 -0.0925312738358893
-0.0610335087168231 0.104665502407814 0.136686347316326 0.0889498048958323
-0.150989516448178 0.116158531823208 0.150546252861512 0.204714268345565
-0.225622753433167 0.00889486441597446 -0.0599758981360331 0.264474773582305
-0.218821206875935 -0.155448160391204 -0.301427061947616 0.113727769578983
-0.0637066578408882 -0.272639951524125 -0.289963204812771 -0.161559977711209
0.0809173872556281 -0.302884541063121 -0.0949160178301858 -0.219070822073839
0.0660051051868844 -0.277310662945809 -0.00545499187367506 -0.194987545984324
-0.0938946733974435 -0.235770380130326 -0.0867131418382169 -0.21335917407106
-0.276891278659499 -0.0407745943057882 -0.281081286921949 -0.0973017761326921
-0.233516962454368 0.288572082784833 -0.256984719253609 0.177802148314384
0.0979009326130281 0.420736159356645 0.0148361101454162 0.202276574155073
0.363322389713137 0.222977012488717 0.0195457691334477 0.0203786028634819
0.362910937674685 -0.0859258803132833 -0.132913812237791 0.0283705199793231
0.138769375790964 -0.188407254991458 -0.122268927538312 0.100175222814005
0.0203932514122402 -0.135683646339661 -0.0533347328702556 0.00215461516060412
-0.043962086061985 0.0782928206041503 0.161189278493884 0.0406776853154018
-0.10662695253734 0.0665952085934238 0.112479447125895 0.204464173896987
-0.138046484126019 -0.0193405555609676 -0.183269373093443 0.161171933150757
-0.0920655212244698 -0.105161377022939 -0.325359086963306 -0.137357790084709
0.0122411046617424 -0.142363807176388 -0.179148630925543 -0.387462122782621
0.110989517972627 -0.167074763871128 0.0411490881805718 -0.368993113225787
0.083270021868975 -0.167531983346189 0.0867784154256977 -0.302078217590105
-0.0550296350214438 -0.137097229427042 -0.114915254858726 -0.28978123197422
-0.174572302396308 0.0281377380042121 -0.401655301311101 -0.00422437154940463
-0.0861627547053381 0.229509857416783 -0.214966218507035 0.407167470584609
0.130032195080081 0.24283568001545 0.221470016710766 0.287730931339827
0.240352501591556 0.097411893455674 0.144543754104529 -0.0635418531588046
0.223100418147488 -0.0757795210043125 -0.129874366517322 -0.0246675069296065
0.0836629951141987 -0.132678787091837 -0.150483474742848 0.185716942921363
0.0176322169213916 -0.0968985457492663 -0.0484732771077243 0.0879398378249422
0.0018742025967677 0.00715112455625422 0.0389109250862762 -0.111832298507936
0.00792166292444751 0.00474992682525959 0.15916346156886 -0.211090200343508
-0.0219593685694469 0.0119488577540765 0.144315122572505 0.0378390273520553
-0.0194081608703442 0.0025529832977766 -0.149713322580219 0.129808655866307
-0.0402362703135289 -0.0269728229948691 -0.291058151199728 -0.255433832591374
-0.00747437643301545 -0.0441865590363351 0.149255171458365 -0.473292984343319
0.0167131442194118 -0.00926797914749875 0.442703994101666 -0.0506281435257289
-0.00148366481205435 0.0164913447812362 0.134753844954602 0.304879919999595
-0.0234681845601176 0.0225023546362379 -0.130326917534434 0.350964163382679
-0.0247982190856538 0.0148234653809326 -0.121608118822562 0.411360221716317
-0.00574025148302522 0.010327655516129 0.0677269078182313 0.451980182519526
0.0169794506431597 0.0108352007295061 0.269026310915777 0.262038655250712
0.0092589583344278 -0.00354522906366416 0.221519545015233 -0.0863896375421548
0.00589656566664977 -0.0192606260190103 -0.0882964814996912 -0.187768106734186
0.000522736514420833 0.0112801124506528 -0.193240265904543 -0.0225876554916494
0.0133462391743829 -0.0805464349930843 0.0372560512017277 -0.0876622534122339
0.0955301378192107 -0.132071621779712 0.13455047742487 -0.194798510315861
0.194596184539908 -0.0739876934087948 0.139770437751615 0.00556555922512868
0.21083910361726 0.0841824483053444 -0.116012915450563 0.0899033239532437
0.0622692085526029 0.195733074543612 -0.251086144981286 -0.242070593483454
-0.0912119642784123 0.168015905442095 0.144646153269963 -0.425949686717107
-0.142605160683569 0.0157366967852142 0.408257547321916 -0.0318554391418942
-0.0531932247618711 -0.103192433304042 0.124006909844611 0.28936743870685
0.046361391275463 -0.115601612223745 -0.118951290037968 0.32963189400652
0.0688073475921197 -0.114880688406231 -0.105371116551943 0.383359592556137
0.0162610522084847 -0.117602332165965 0.0941690739993362 0.430639639529015
-0.0573453631631513 -0.0877527533324465 0.296657296719738 0.220853553532324
-0.101126486450715 -0.0264375679737266 0.222343141036363 -0.119494854593925
-0.0888837252415821 0.0451170909325129 -0.0867493507535276 -0.200499998377069
-0.0469037533753414 0.0801258322337465 -0.183178333177363 -0.042434098535858
0.0111339068963524 -0.121402029719874 0.0421456544392386 -0.0114220030686285
0.12455854152598 -0.19995323519522 0.105627476809759 -0.129766375386166
0.32883072119523 -0.132627244723117 0.123243441831749 -0.0543220964547751
0.371652375042779 0.139605564446307 -0.0252478691939078 -0.0140463763051121
0.122055309949752 0.362656764240346 -0.0887390710797791 -0.210658944102127
-0.184832980643221 0.294644736853645 0.186685226074128 -0.25490501982201
-0.262534871184437 -0.00484493254139932 0.304891774813173 0.0432826200559313
-0.0967634488691573 -0.206974796861465 0.0984202463219619 0.226887906165608
0.0684444115482972 -0.240400917919769 -0.0420731406116378 0.239997801303283
0.109910693238345 -0.252441455509003 0.0131909838503379 0.274519067853992
-0.0069799656020121 -0.267709125506159 0.223945402228709 0.274732873433949
-0.166798969676687 -0.191586674349516 0.344584352487983 0.0283294675287198
-0.217872886085793 -0.0367862783319517 0.167782184470291 -0.233861299742274
-0.164366921594928 0.0977260931052911 -0.0962644615760879 -0.223539535580816
-0.0785102785231934 0.113982842732485 -0.152703325270904 -0.089412265745007
-0.00480117746600303 -0.0866839433072499 0.055028998207 0.073819885687672
0.0789589255274089 -0.138338190154563 0.106255545709102 -0.0318005334773591
0.28073517488387 -0.0965094883006357 0.140302202871526 -0.0636565686068478
0.303770551736197 0.165914415586033 0.122868294018281 -0.0532975240992614
0.0320668020540431 0.357581334350747 0.10890066306581 -0.0730195304323934
-0.273751934943049 0.21899795527743 0.181969470350404 -0.00910842841265382
-0.289114618149553 -0.10048099426965 0.153758281555692 0.102982613164144
-0.125726223538411 -0.27616379231717 0.0638089831350635 0.126746649560857
-0.00475673160358104 -0.312411430505795 0.0336010615113108 0.0913640664103674
0.000465078720957114 -0.316028802524129 0.106901543314456 0.0460742564182823
-0.125932871322891 -0.288441659774383 0.225211712917382 -0.0446034827665771
-0.247159009755411 -0.162603271517936 0.199245616844667 -0.207400916744959
-0.232320929074461 -0.00355787502744808 0.0216125976171564 -0.287030742746019
-0.158665150592285 0.103687167032173 -0.101443619519784 -0.212867460261488
-0.0772602909246635 0.0915772338231267 -0.111294551191318 -0.135834437785526
-0.0296265153489613 -0.00129088156939818 0.0788769562007574 0.125547846532493
-0.0205126234400421 0.00479297506446154 0.139893656385272 0.0730347916957548
0.0483275865524156 0.00737487741845477 0.17676770990112 0.0524461824887216
-0.00693792000004536 0.0966319232138325 0.172240623354221 0.09465450909746
-0.151654544265002 0.0996496659611758 0.102719122887341 0.127398544041193
-0.25442474327551 -0.0522394668991971 0.0469996552916313 0.13159534570384
-0.20290228821547 -0.227850223672596 0.0121631529381425 0.0784570415436319
-0.134252345184965 -0.304371029824534 0.0156520838458163 0.011199848325011
-0.149000250300623 -0.287136137581584 0.0193960228531993 -0.0601230293717995
-0.211711442147292 -0.163152354871673 0.0228953556937721 -0.149375861512
-0.198722425023631 -0.00374631266351198 0.00174121160316999 -0.217894322354946
-0.0960649998846499 0.0591039106195287 -0.0736951021731992 -0.207058162443811
-0.019808421100414 0.0210869431858997 -0.120152633987486 -0.162007974077508
-0.046292993775289 0.0191531662382068 -0.0965809055043489 -0.137460775570537
-0.0462058438404248 0.0110909183730775 -0.0756811508564583 -0.144022797275435
-0.0521676011210289 0.0776616458616361 0.107441200651244 0.125630592529672
-0.116782553032774 0.108782218615518 0.164736726592899 0.158089976612356
-0.177562658730374 0.0498954340532278 0.11266309499338 0.222004402966346
-0.247131222860654 -0.0624231108193142 -0.0401383214458648 0.243728153789142
-0.187787667545189 -0.205159110224713 -0.146644030592643 0.116291465289625
-0.0873660250435652 -0.288315647013389 -0.105311069323266 0.0223647739659008
-0.0512629110525742 -0.301080610394719 -0.0480066989122888 -0.0420155485419483
-0.121607737941313 -0.289028336528833 -0.0393375941936362 -0.103196116839912
-0.265853957714075 -0.168758534714899 -0.110003236905174 -0.130154940112538
-0.313880233823264 0.12531850012497 -0.163140766044974 -0.0839474044301097
-0.0682126884164451 0.346225145257798 -0.124928460743078 -0.0430367205565971
0.222024587234825 0.239968167296939 -0.129533280982668 -0.0300856596895813
0.268784885391329 -0.0287531829561238 -0.150031366797272 -0.00103540257465232
0.0879792326503679 -0.116356176026196 -0.098289151238153 -0.0178312373866154
-0.00519281641827079 -0.0858914377643422 -0.0570098812210126 -0.0916505497817074
-0.0588951957059468 0.105135003510293 0.135087041666558 0.0850420559999141
-0.147963357902015 0.115036732647833 0.149214365902451 0.199230744722992
-0.22254786314189 0.011145633881115 -0.0557227665752778 0.260451015388526
-0.216370546065264 -0.150833219300818 -0.293534762430665 0.11544338408445
-0.0658981923710364 -0.266583057311057 -0.286599953745453 -0.156659924465708
0.0785779564428829 -0.298154476669641 -0.0925761614722428 -0.216683445143837
0.0636850380094052 -0.273146519777369 -0.00514643559286714 -0.191470961056783
-0.0945338228811351 -0.230085950944554 -0.0864834187527952 -0.208625907624838
-0.273742039784704 -0.0371250691797884 -0.277470600319878 -0.0924887027736926
-0.228713412531361 0.288858892883996 -0.24923684724818 0.176794607484427
0.100632849636305 0.413495056739247 0.0185790264913805 0.195845030804388
0.360831834838329 0.215076634555874 0.0203553080763785 0.0174722334041848
0.358079871889028 -0.0880154881428911 -0.130230381354089 0.0276870550802652
0.135379872993863 -0.18568900758299 -0.119233857126861 0.0984927539096267
0.0174726378903332 -0.132174061815661 -0.0511769776325726 0.00100757339605733
-0.0423501468733669 0.0782539592128241 0.158840452641053 0.037382783868114
-0.105002434716326 0.0659636572532193 0.112275748755712 0.199828311182673
-0.136435792156252 -0.0175810120396093 -0.177600216356105 0.160793063475512
-0.0911334480004096 -0.101146699328108 -0.318541205033096 -0.131646570942136
0.0116704069176291 -0.138608460500169 -0.179647250477992 -0.377100612950742
0.106317745884962 -0.165331471371211 0.0400719075402069 -0.364305027264316
0.0805727597834114 -0.165901016980019 0.0850861187061217 -0.296216596071713
-0.0558368646928465 -0.133813752894352 -0.116539419396747 -0.283784606628595
-0.172531477540201 0.0297880284035734 -0.396486415098649 -0.000655897446128505
-0.083288906557794 0.228246080893794 -0.20757988488485 0.402094429454958
0.130627038401045 0.238505866745814 0.220560859006238 0.277215549074241
0.238909339957848 0.0926531035143051 0.141138451987038 -0.0665999410011977
0.219875007924927 -0.077808310377614 -0.129960310895523 -0.0237143206485926
0.0814428220558761 -0.131264231845492 -0.147152266245792 0.184344059939274
0.0163157532426209 -0.0933560818643108 -0.0457102013387485 0.0851975792995387
0.00234685526989073 0.00608517931369893 0.0377581881232936 -0.109618072143442
0.00843135459220387 0.00470803641746018 0.159776707003211 -0.212465628683259
-0.021671453474403 0.0125889258329765 0.147667821504946 0.0366856317137568
-0.0201440376487432 0.00203646610740699 -0.146762154938585 0.13323589698703
-0.0401690340183301 -0.0261281890138378 -0.295230457016984 -0.250519914304289
-0.0090444883523054 -0.0456911983636507 0.146233131836473 -0.475768137271056
0.0161493536693978 -0.00905532833665921 0.444243323613621 -0.0551933441306713
-0.00116812620531955 0.015678205538362 0.137447174806016 0.304275783689844
-0.0230913337264654 0.0225588785199045 -0.129809449376732 0.350027223662126
-0.025541030235484 0.0147395813155745 -0.121780430994869 0.411316526203036
-0.00596834055081281 0.0107629573883494 0.0712512869540455 0.449896271556968
0.0179244697308173 0.0105242885326358 0.26918658439273 0.257677320217074
0.00897972728536013 -0.00379716430688972 0.220063966441702 -0.0893827212122677
0.00487868039773393 -0.0195184874205728 -0.0881092015952794 -0.186573438013489
0.000828779717084911 0.0117862831450089 -0.19256324534896 -0.0178089068606264
0.0129859518565339 -0.0792250158937145 0.0358175572813544 -0.0852336633938694
0.0944973792965683 -0.134253500764438 0.135064359640226 -0.194970467167576
0.194901507468979 -0.0749228307994887 0.142427650094613 0.00299851827793742
0.212627416582138 0.0826347579093646 -0.113433417455635 0.0934301835668081
0.0645108146794505 0.196377768254095 -0.256124390705735 -0.237424136002211
-0.090804036390682 0.168891394106908 0.139222265961972 -0.428598235957476
-0.143620303793197 0.018135900288381 0.410807714206325 -0.0366549485847439
-0.0534206199991569 -0.102632154234358 0.127924378800837 0.289350575733959
0.0462692246180365 -0.114462448641435 -0.116541180872068 0.329798578830007
0.0673012390177057 -0.115917079772943 -0.106022815516496 0.383876049924469
0.0143365031813882 -0.116615700089593 0.0980843992398963 0.429633370037994
-0.0579746770876708 -0.0854105966492762 0.297620039546786 0.21782260990454
-0.100584639474298 -0.0243599062482692 0.220880879696992 -0.121882432168926
-0.0899509362220919 0.0459865542728587 -0.0871566913737001 -0.198414060009753
-0.0460051254752191 0.081487820922059 -0.184687491206919 -0.0385930058511213
0.00970949413314176 -0.119163257193967 0.0403478019573222 -0.0100715869908865
0.122999679993381 -0.20013798076025 0.105228654206462 -0.12979890080032
0.328614995114137 -0.135711351381545 0.123635795466766 -0.0554017454605629
0.375313001243133 0.135813056551201 -0.02557133678966 -0.0103231801366421
0.125552984820116 0.364407152639353 -0.0919438511188873 -0.20821465641945
-0.182173274684016 0.297082718573553 0.183933298686813 -0.255729869730646
-0.262111566803749 -0.00177468551377625 0.30628408003894 0.0395276339340397
-0.0983884270341317 -0.205727869135411 0.101524470348746 0.225184358019716
0.0680106282227073 -0.23974232947898 -0.0408730060437768 0.240699817248347
0.107448543970636 -0.253375496896833 0.0132075641948567 0.27632651089965
-0.00774500680094531 -0.265553909047672 0.224684275233102 0.274532710958386
-0.167495491724626 -0.187801577731634 0.344219319491262 0.0261338186944653
-0.217915367817396 -0.0349213149910552 0.165511821526449 -0.235600380352126
-0.164035092183306 0.0998519896446661 -0.0986380472705746 -0.22158130277959
-0.0778026328487192 0.116741722856759 -0.153359450933785 -0.0860679058573235
-0.00611213281165363 -0.0837624670273737 0.055370507806865 0.0741963503633777
0.0788774030832315 -0.137605750365977 0.105799763635617 -0.0317395971250576
0.278915208224157 -0.0988922268017706 0.138475508014473 -0.0642671176568321
0.305121243950059 0.161662280802446 0.119948520311338 -0.0523794245109161
0.034677028752824 0.359811836972408 0.10671287360542 -0.0734803367536055
-0.271145466880404 0.222877930832611 0.180363408064811 -0.0103733980267839
-0.290686273513264 -0.0969238681593842 0.155358389158335 0.100719426263149
-0.128243943541776 -0.274791042845169 0.0649251888474309 0.125654326105116
-0.00606588158605637 -0.310723679243821 0.0341751675087739 0.0919429287885667
-0.000646765327756505 -0.316279138790437 0.105721461579619 0.0466044071912641
-0.128477630612628 -0.286235334370471 0.223744555930996 -0.0440085615318706
-0.248182630747663 -0.161067428080792 0.198013635734466 -0.207803902912395
-0.234143019035732 -0.0013850628179515 0.0190243335086127 -0.287178104175034
-0.159629972051476 0.105516606103249 -0.103887985259579 -0.212198660749382
-0.0774706018601819 0.0947012471338027 -0.111626115015277 -0.134925994111639
-0.0295377459630119 0.0028394296781527 0.0785614165080949 0.125179226142497
-0.0207365427900157 0.00739200730738784 0.138594077317973 0.0721205024778164
0.046874687698228 0.00659464601403229 0.174320010506788 0.0512551980719624
-0.00812281357649653 0.0966639420753683 0.171078505932136 0.0938609650545814
-0.151662774062274 0.10224450682022 0.102840577832503 0.125358985727855
-0.253798371958656 -0.0500043954229289 0.047006253528835 0.13188573372182
-0.203976138477639 -0.22568486911862 0.0134596784473247 0.0772652940342475
-0.136714778072898 -0.302576746673943 0.015651422746864 0.0114312702874496
-0.151699574577357 -0.284989043224218 0.0198548079178697 -0.0600821719665631
-0.211573789524765 -0.16220620086652 0.022521759572065 -0.14954957796281
-0.199157129156951 -0.00183328459358696 -0.000274314211247355 -0.218012619144759
-0.0972188571555926 0.0591643205360641 -0.0733504611049581 -0.205427686074621
-0.0213630974477788 0.0213276344623752 -0.118507345570371 -0.161317786653678
-0.0469648044449666 0.0211521711755557 -0.097071593608255 -0.136596885495945
-0.0467222914167183 0.0138466767571265 -0.0752154628292932 -0.144093709587769
-0.050641436086906 0.0803336684996012 0.107780938196635 0.123775904592342
-0.116863391036469 0.111054466413821 0.164814569752168 0.154822048196051
-0.178800369616332 0.0516801302353601 0.113930794751424 0.221183856361747
-0.249570963829216 -0.0618482247380986 -0.0390917851456597 0.242892907672951
-0.190274635958546 -0.203858661412528 -0.14659043297399 0.115162858037296
-0.089168954745083 -0.287824669749614 -0.103329084695481 0.0226483939448191
-0.0527908248190621 -0.300806243220708 -0.0481061693824338 -0.0417058805525432
-0.123864314466896 -0.287547692468445 -0.0403419312554738 -0.102532279420571
-0.268472521842512 -0.167548314865257 -0.109987429772521 -0.128453204743624
-0.312986645198928 0.128898376185009 -0.162315266014401 -0.0831745274714294
-0.0655765126132855 0.347951583239204 -0.124071560141623 -0.0435104878663644
0.224582700016231 0.237800495537661 -0.126971813980072 -0.0305469132191811
0.269122865840635 -0.0312190572822493 -0.147461555438352 -0.00120964837212728
0.0864643356903657 -0.115186384413403 -0.0975519364913881 -0.0182888450494256
-0.00698778025109791 -0.0841300771303134 -0.056483384961063 -0.0923417276122779
-0.0582422565954461 0.106914653335023 0.135592848517758 0.0820392391722564
-0.14750464973005 0.116891456835959 0.150515144844219 0.197198313988978
-0.222543577262078 0.0128713979505599 -0.0535035642135604 0.26156014801349
-0.218461805460628 -0.149507549116707 -0.290940254634083 0.116449568775645
-0.0677857907649628 -0.264830751164943 -0.287445095326184 -0.154038957827662
0.0763552060995326 -0.299291394782873 -0.0923972780063425 -0.217464754392143
0.0621273848719858 -0.27324627728177 -0.00665811001094939 -0.191539108210043
-0.0959653796421254 -0.228938479946191 -0.0892555595917537 -0.207215807592415
-0.27598735756052 -0.0341654594219205 -0.279281885827438 -0.0888436578770298
-0.227229207793149 0.293083813051801 -0.245287283409617 0.177851552902729
0.103539334367504 0.413831412850825 0.021695832585017 0.1928474401868
0.363735157664193 0.213437752895246 0.0222154824830349 0.0150047972530487
0.358726011175447 -0.0931823654330648 -0.129437249034195 0.0272459863855942
0.134121946528874 -0.186357564795152 -0.119280704027954 0.0985967742361707
0.0151586496954031 -0.13075678865503 -0.0498076286163585 8.24958134868434E-05
-0.0418219547744712 0.0784465809995874 0.159231876974003 0.0345776461893413
-0.104439133028361 0.065538809197609 0.113826526730345 0.199031779889198
-0.135862099211714 -0.014644209147719 -0.176209660033264 0.163270112738656
-0.0909964330724539 -0.0997787343964048 -0.318212808615986 -0.129428527040896
0.0118128259183762 -0.137616537256429 -0.181542981094365 -0.374464291902564
0.105434080739464 -0.166150021595895 0.0395030372302332 -0.365372373298705
0.0784827357477267 -0.166575080734847 0.0844702189920625 -0.297800826790218
-0.0566291530060498 -0.13388742686916 -0.120642568142925 -0.281896887053568
-0.173423889441457 0.0319163033810075 -0.39809553871914 0.00350265649320776
-0.0821826405532296 0.230773224723689 -0.203474551296646 0.404947921833789
0.131457953235486 0.237752196219742 0.223857758116955 0.272895588240179
0.240531265262632 0.0906948084345389 0.139508626977809 -0.0708175833960701
0.220797349495165 -0.0787283853566543 -0.132281942243472 -0.0243888727737478
0.0809080351352145 -0.131780721423744 -0.146894120386541 0.185340543489437
0.0152616994826719 -0.0924607028395305 -0.0442890983524162 0.08332538208739
-0.00395065847784791 0.00456488000710019 0.110716510070101 -0.0294217586105898
-0.000589837639432657 0.0104208915151936 0.270731719890057 0.011590137768317
-0.0251021075816494 -0.00883735433088408 0.0555674308676179 0.146174176250828
-0.0124995596961691 -0.0157579536675447 -0.195998921023465 -0.0426414432268284
-0.000830414374249083 -0.0471019274028158 0.0398754885229713 -0.387831106408566
0.0298545314608908 -0.0365997579926671 0.478985278772278 -0.146272062859791
0.0163904849650488 0.00603785175989167 0.298667420222849 0.344196678117079
-0.0131652374691846 0.007616428221709 -0.17689903090702 0.286400648046137
-0.0315336117363136 -0.00674363851010902 -0.364512843483201 0.088283326961466
-0.0258455639642981 -0.0141003046081656 -0.410838970606763 0.131676700266764
-0.0116903303712914 -0.00144245550655003 -0.334017562970552 0.311535661007884
-0.00106540454443924 0.0203431671154414 -0.0619251917934243 0.368096414784614
0.00732086408414623 0.00635426363802578 0.197755192706354 0.131856792462265
0.0177358161812081 -0.00628521272697884 0.106362509606854 -0.178521090838694
-0.00844622367216097 0.00858737226250967 -0.0969310005096788 -0.168710993214914
0.0731050137351968 -0.0334710435930792 0.0894818457985851 -0.0187268964241074
0.163652925921455 0.00397836067583852 0.243433099280409 0.000905093783270729
0.172614061068166 0.12186453843069 0.0821299860733091 0.122386920141637
0.0525944520691108 0.225761323536559 -0.143555809899675 -0.0400910129371308
-0.128935234201625 0.166494074733244 0.0537597139870266 -0.34766935021997
-0.194503007453663 0.0151290856363228 0.435667447494883 -0.123974857964063
-0.0969668578205174 -0.114207479411111 0.26409466068333 0.325280873015492
0.0563491214708399 -0.103739449726418 -0.169582853804939 0.269969821423102
0.12281385840056 -0.0243405798654991 -0.341186463986106 0.0873076867514959
0.134927023552538 -0.0106718481268806 -0.381348622702598 0.127361188432762
0.104988737415774 -0.0548377369028478 -0.302837707085851 0.323538745681374
0.0371831684549056 -0.0946246344072758 -0.0140313860168107 0.368632374095334
-0.0352837892032847 -0.0967755581047778 0.225145557858538 0.114125813547738
-0.0894191391382906 -0.0495123820972482 0.116602654574367 -0.183687338424071
-0.0938037877025156 0.00905641571357492 -0.0760196171270192 -0.171938773402062
0.103056633348854 -0.0580812920357756 0.0299290209794334 0.0282099765665525
0.235539940639973 -0.00984118989447564 0.169884764302392 0.0132791287428789
0.301882438953973 0.198927303445232 0.118828890652845 0.0725806996952939
0.0984406190165609 0.39281504122391 -0.00640981928401756 -0.027676409690015
-0.236543678150769 0.313581024032993 0.12191426752833 -0.194225432691328
-0.351931743422334 0.0125766843518113 0.315931381648135 0.00822073140372618
-0.147763837847496 -0.223532307947277 0.139378451536278 0.2796775315059
0.116388186473236 -0.198346050105969 -0.130074123760419 0.212730227652541
0.237520147296545 -0.077376822287121 -0.224845993285113 0.101282787536965
0.273712106690824 -0.0533364249089272 -0.226360854953085 0.163004336283262
0.216425141376247 -0.1572539444217 -0.103912359012797 0.340301582906838
0.0628970413089518 -0.244780438748269 0.170237735152803 0.300369571483724
-0.0930061639904837 -0.202274344181564 0.287753577514036 0.00499688177929115
-0.176647677602477 -0.0823596984474928 0.128928862386495 -0.204027146620662
-0.142613564062394 0.00214940672811138 -0.0185770415879925 -0.175213520399304
0.0635693453428669 -0.051769553541544 -0.0312523553256816 0.0890171881499439
0.157669218347967 -0.011294099619354 0.0864601783713072 0.0691823881700303
0.242241971398882 0.179027392919383 0.132778033329002 0.0774734218331843
0.0377431156205605 0.348563581265933 0.111218909986557 0.0679282190919288
-0.282049862049515 0.233229055687063 0.12148702271554 0.0482398379594646
-0.33853150606633 -0.101189674403022 0.108355838451367 0.144981178305024
-0.0816827959578878 -0.299005299077535 0.00247830071264318 0.186724056413285
0.158012024131707 -0.262626820824482 -0.0679195713184473 0.12488487868541
0.25585942250232 -0.179842448644754 -0.0585450794136303 0.0793269680161497
0.265396617570775 -0.178191682207273 0.0179387540422123 0.112810199091656
0.168102458071879 -0.267371124655707 0.159562996551296 0.160654354245745
-0.00426839921717163 -0.298991739391998 0.282604530851528 0.049123331110834
-0.13105037866924 -0.198348700569467 0.247606893330681 -0.144528987983432
-0.179334075226769 -0.0749212593018833 0.117814332608333 -0.203067582426512
-0.125920269674604 -0.0100163240772557 0.0466429481115269 -0.168377216193758
-0.0221931077951509 -0.0222463399185361 -0.0593378940325179 0.137519309812611
-0.0204423412753476 -0.0128029529009365 0.0193012270613987 0.157076892223263
0.0187747081303423 0.0423290683404761 0.0559887043256856 0.173661442200301
-0.0856496652541365 0.0461567638885345 0.0175451932922962 0.19428542427543
-0.171662493979436 -0.0690875036354081 -0.0461073606016291 0.15505352524078
-0.100591834496576 -0.237564693251891 -0.084106896476006 0.113890599316512
0.0758152524922433 -0.29746496677888 -0.0569531662577318 0.0540807799048999
0.176010610630187 -0.284255866543742 0.000515929317237218 0.0185934593923563
0.151732694967069 -0.287810983254057 0.0584587061136985 -0.0169218869006999
0.0165997428074517 -0.268033592198487 0.135239356314338 -0.0647021304902562
-0.11027764066271 -0.166097109558727 0.18016336520021 -0.121988611847477
-0.104016455361427 -0.0482442285620592 0.13080786362722 -0.174351043520632
-0.0304626733341158 -0.00720812948626734 0.0679498592935872 -0.188029500277632
-0.0463404177739619 -0.0268740377876239 0.0595404790479272 -0.157369551217838
-0.0403378036792836 -0.0301643707029252 0.0746822721280284 -0.143806034142627
-0.0984677363202829 0.00474655245408584 -0.0402401555883388 0.160612908957989
-0.161191169038966 -0.0357805438253941 -0.0353488290809101 0.225911903046844
-0.146765756788078 -0.122494178530958 -0.120374719915095 0.21991775902057
-0.0911387915672897 -0.246557816084032 -0.225953788057007 0.106011489835006
0.0625439065216288 -0.273457420763614 -0.179726390947082 -0.0590800699528491
0.190375610836403 -0.234294221211279 -0.0749977866413954 -0.0736202145105519
0.223949047223934 -0.212310321908799 0.00860380834224915 -0.0639466159944757
0.171699393720492 -0.266258453302343 0.0635932453729362 -0.0924354102430577
-0.0137755576351849 -0.320102177741245 0.0429523915683253 -0.162686140443536
-0.285500375974494 -0.187549667998345 -0.0213463900825586 -0.178888046235557
-0.328712585062246 0.139882416896324 -0.031856573744979 -0.126265316932827
-0.0773575931238287 0.321319000812091 -0.0420089388903695 -0.121938702575422
0.176842440542799 0.208416587819693 -0.078324115179042 -0.122840271122143
0.144706904007019 0.0097724771439554 -0.0394534990245405 -0.0924839270771218
0.0646438233885991 -0.0521442074811879 0.044434468651866 -0.100335082757157
-0.123241590798431 0.0131752334485811 0.0109544892513831 0.159920236898574
-0.182270353298471 -0.059968936613701 -0.0777291478808715 0.23954457304561
-0.137844582898164 -0.181143094529193 -0.248769212923682 0.105034714559182
0.00127286319968476 -0.268176404648264 -0.263628836963291 -0.175176979801697
0.181568683882479 -0.20430429874301 -0.0337985554133464 -0.330695657188519
0.290722118159534 -0.104376551241544 0.132759487162536 -0.199160158713552
0.264688642459725 -0.101265122814118 0.158613544500825 -0.112580762769361
0.137797253074155 -0.210272281499177 0.123060808262918 -0.1923745299896
-0.127953760887129 -0.252039587902141 -0.0853836285694417 -0.28188650667657
-0.3739977814098 -0.0254999659684001 -0.285527248888887 -0.101735242683219
-0.29074436163093 0.318231583790642 -0.14432890090637 0.128418465550247
0.0244171963730338 0.426007019403082 0.00659814044531721 0.0248063950914524
0.278827725889604 0.249955204784346 -0.0935557620108448 -0.094987110345458
0.230859617681101 0.00970138814050105 -0.150675800800481 -0.0473230820359811
0.116380970629628 -0.0590320077568608 -0.0281158421773039 -0.0427830734827696
-0.0900129716656477 0.00946480146620413 0.0639286686465651 0.151987950329749
-0.114447932627995 -0.0521517100489533 -0.100950019449359 0.21065978299151
-0.0653053288584874 -0.122856486355437 -0.237096424479153 -0.0516175394119016
0.0331010412636231 -0.131836392962558 -0.0736900616172186 -0.336907411920329
0.120307380955082 -0.0664072266928844 0.20784205978217 -0.362261918441529
0.195359995497626 -0.00928798217120045 0.329387074658533 -0.171072156729158
0.181201456315145 -0.0275698285971223 0.298440790034189 -0.0942664330345728
0.0793655054068902 -0.122731698637618 0.168340064321672 -0.260247336063741
-0.126154714650459 -0.127500476702696 -0.229306057393039 -0.33047690171409
-0.240192371996719 0.0595918463341732 -0.448104478284993 0.0622062058758007
-0.127144630058898 0.241719476456129 -0.098314239147154 0.342362302426672
0.057991396483463 0.253038434578077 0.141762717245304 0.0737504401527007
0.191334905734172 0.142369142670059 -0.0550549534027023 -0.127501509681246
0.157201078231033 -0.00542695749629351 -0.24011733582244 -0.0195730654662105
0.0855896524136526 -0.0385832147423605 -0.0943675694249514 0.0102834323420966
-0.00419210292649975 0.00523484207271067 0.108406401537538 -0.0304602001971268
0.000158635468919853 0.0101622947189559 0.273426145041051 0.0042521789582839
-0.0266025249761676 -0.00725492367343687 0.0614642112183846 0.146067755934163
-0.0129196171611353 -0.0161320479100461 -0.198384232260346 -0.0338485835501352
-0.00192996768729013 -0.0468427085527159 0.0228480853087984 -0.390208854773445
0.0278991579317062 -0.0393188930610774 0.47731179687438 -0.163778751521959
0.0162993044663133 0.00583029323500507 0.313431244528074 0.334001933248302
-0.0131980584018093 0.0080542939422689 -0.167437242289516 0.291480338286384
-0.0310268448102735 -0.00523936014762422 -0.363632893798369 0.0978054274479722
-0.0268931855183214 -0.0140430637445739 -0.408947142701072 0.14236926659184
-0.0121054987605365 -0.00151460546252125 -0.324773315354858 0.321273142080823
0.000282165472414292 0.0204368036353718 -0.0505994682620396 0.369419500853343
0.00819150175279409 0.00647260004237495 0.201842056753266 0.124779453934557
0.0174230343980827 -0.00730606509108471 0.101785695437399 -0.18091981726564
-0.0081424975324248 0.0103652977363008 -0.105344725026245 -0.163318691730951
0.0714019858044516 -0.0355240648087174 0.0870930852549901 -0.0199473960110132
0.16386243889881 -0.000682589331626602 0.24554891228985 -0.00615041965027339
0.177031556029593 0.118756732719518 0.0865275341458924 0.12044892526601
0.0597814675883031 0.224702261132498 -0.146014872546919 -0.0336005439320014
-0.125808225941051 0.172704031551863 0.0406310043659083 -0.349486807281518
-0.195142940876639 0.0215021372429709 0.43067652119746 -0.139331040057754
-0.101330212067691 -0.110631806850918 0.276859048856432 0.317320466024568
0.0532107135752836 -0.104868033276217 -0.159858839624476 0.274704613518211
0.121952146399175 -0.027313273238423 -0.338072893459706 0.0969991879757705
0.134204739111284 -0.0149083463795445 -0.37945952224227 0.136695343375498
0.102440800634404 -0.0571381409374173 -0.29181484731438 0.332208941728455
0.0328278061763565 -0.0954020750417155 -0.00301843397687465 0.3674037394716
-0.037886003519967 -0.0956892609490554 0.228278190011069 0.106575738708498
-0.0911165324450658 -0.047181132405536 0.111620063173761 -0.186080767854359
-0.0944213188453938 0.013286877109699 -0.082683079176462 -0.169243286883484
0.100853399081479 -0.0588537357976922 0.0287623529506704 0.0271852289201085
0.234620625035854 -0.0161096301754352 0.169912612461873 0.00843402334309902
0.30861214449945 0.190939126843071 0.121533194535651 0.0688789563275425
0.110709264635558 0.392162325338168 -0.0103055616727934 -0.0255063846036547
-0.228457230076091 0.322704729994373 0.112658099961961 -0.199507731195125
-0.35448598764491 0.0247398421156986 0.315112207292658 -0.00143613220876913
-0.155601802062448 -0.219800057206439 0.151192046705931 0.275488562943009
0.11047052664265 -0.201580239119122 -0.122970508348306 0.216918625114605
0.235162872479082 -0.0823838897276618 -0.222615643013537 0.107432621020305
0.272412057824469 -0.0609784524297013 -0.223677895951515 0.168878997529134
0.211491744397719 -0.16211802039932 -0.0954284673004555 0.344707278098156
0.0531051391580325 -0.245335120313942 0.179340541517547 0.294067860527517
-0.0988516386458335 -0.199021426322005 0.287881794128684 -0.00369273421181233
-0.180487395149163 -0.0776612006596362 0.123692434778362 -0.207859743598456
-0.144523684559934 0.00882249276817389 -0.0253559005267427 -0.173395105326772
0.060153754820036 -0.0507680100920701 -0.0301109843078447 0.0893632901469312
0.155699697674278 -0.0149202661874337 0.0874081307914572 0.0658838634913752
0.247950895856793 0.170924184493605 0.134773883114673 0.0723786256463659
0.0478842080938598 0.347565488518007 0.110014437803829 0.0645148008554387
-0.27711505492903 0.245745319314865 0.122102535383695 0.0426304499254023
-0.342778256349707 -0.0904854742642648 0.112004593766045 0.140257264375135
-0.0924627909890591 -0.296559669288881 0.0102182016411756 0.187337987385181
0.148700415416922 -0.266930994166243 -0.0637693498145098 0.127324522234531
0.250634342396152 -0.185588024439868 -0.0570088724923428 0.0816735745979081
0.26074812955268 -0.184934236526164 0.0194218413956347 0.112867337568565
0.158919357825451 -0.27187676067252 0.162818711669645 0.156251924118106
-0.0148566121309574 -0.297523451366125 0.283631143368824 0.0414312929053347
-0.138195292165594 -0.196358933556015 0.244868348768819 -0.151933740370947
-0.184078444981101 -0.0697208094856768 0.112437290579939 -0.20658859381413
-0.127726506572616 -0.00513363401898014 0.0405553960488439 -0.168958364770768
-0.0249027860169093 -0.0195215266473827 -0.0559465280836829 0.138798058989669
-0.0236488546048096 -0.0113923998426931 0.0233272911079284 0.153840370559609
0.0186474917762688 0.0400927330797762 0.0600404056066009 0.16875746184845
-0.0866439191079324 0.0475599701125092 0.0218271113648663 0.191445971421049
-0.174465744174997 -0.0632033740111921 -0.0412193824649808 0.154228081247918
-0.108892719980033 -0.234405004657179 -0.0802594907525623 0.116821752312883
0.0662302272588438 -0.29945305246609 -0.054310031051521 0.0552115548099202
0.166123932586132 -0.288841617176653 0.000624815019288658 0.0182607529519473
0.142788486776994 -0.292055103415225 0.0576608095201632 -0.0179257085865314
0.00882895111857917 -0.267331028135683 0.133004485460366 -0.0687116357461213
-0.115833262511072 -0.162929161695863 0.175899295040078 -0.127898731615853
-0.107285978863175 -0.0463385998385455 0.126676130709904 -0.176129371028913
-0.0325612645049008 -0.0076067092706071 0.0644577777864276 -0.188694323056079
-0.049773669002285 -0.0252227534073527 0.0550530894818872 -0.158693185932058
-0.0443528294592791 -0.0272937871277191 0.0716135037533398 -0.145626299520472
-0.100328728073671 0.00894659266928698 -0.0348076072139677 0.161040789497891
-0.164856570245217 -0.0308742089302417 -0.0281630975863402 0.225812005456421
-0.152172594592381 -0.120672859312069 -0.1144176456445 0.222805841925914
-0.0992866062244122 -0.245177604150288 -0.222810798014552 0.111604202755153
0.0538668225205858 -0.274265227981348 -0.180948278909244 -0.0569521574233258
0.183109998619356 -0.239190335587001 -0.0758375197651773 -0.0706972307892125
0.217526451153521 -0.218187755159113 0.00848325294762657 -0.0643860127545398
0.162620268465422 -0.270374254320004 0.0603316518912075 -0.0950331867105268
-0.02395771203369 -0.320138225312811 0.0376176481556043 -0.164045745919136
-0.293120339584348 -0.179556855003718 -0.0258902425468377 -0.178196121447178
-0.327421961832081 0.150840778523995 -0.0339834046776867 -0.12537987008221
-0.065977736436486 0.325970336032153 -0.0422595929424753 -0.119647595117076
0.182413419033419 0.202019925940746 -0.0792924095687534 -0.119733790196285
0.143548950861389 0.00642497312131344 -0.0415037953748289 -0.0913086362674432
0.0605433506687155 -0.0534301469257647 0.0428988578917336 -0.100323617450281
-0.124691295916013 0.0177595925754301 0.0170452480922059 0.158475602610784
-0.185070918272135 -0.0552596912742007 -0.0703510227809922 0.240880185063594
-0.144206294751499 -0.177867564806586 -0.245210236461737 0.113252481430826
-0.00678599019918939 -0.268076795191027 -0.268120877555846 -0.166426883245825
0.17559311261657 -0.209057442636625 -0.044746452011444 -0.32868824513187
0.288529395167966 -0.113696078496919 0.129176021775857 -0.202161577530414
0.260830866209701 -0.107873628492133 0.156053942794347 -0.11638165457875
0.132027084863576 -0.213572793010138 0.116784590301012 -0.197156083692701
-0.137335369432063 -0.248719679628273 -0.094039324757772 -0.280127885965334
-0.377453944816709 -0.0134495606465923 -0.288307510977345 -0.0920469191719547
-0.283386308420184 0.328257704992612 -0.13781352782011 0.13211617067401
0.0364904972704753 0.427447874269062 0.010296821855375 0.0241361159964459
0.288030953099818 0.241655884572933 -0.0947724356653725 -0.0934915560464902
0.232208371865553 0.00176804741402371 -0.152365536884016 -0.0431710119296637
0.11265667150872 -0.0624061595983639 -0.0268799324905683 -0.0417237821618455
-0.0911853090393555 0.0124011445321535 0.0704801232701578 0.149053009091802
-0.11638229580651 -0.0495355424912242 -0.0940674410672141 0.214693568347946
-0.0691194672177381 -0.119040517262011 -0.238005855995642 -0.0441091710576766
0.028419719550322 -0.131013814202074 -0.0843046076061663 -0.333416330863414
0.118079162415514 -0.0678587797592755 0.19494666243141 -0.366441771070458
0.194902759553333 -0.0156919886548275 0.326921306991775 -0.180078161076379
0.180126837986646 -0.0331246416478361 0.296341789500051 -0.100933949737881
0.0761075541050945 -0.125092145275767 0.158736859583992 -0.265548691019852
-0.1298194069743 -0.124157011670879 -0.239813817896995 -0.323664832233676
-0.241094858414794 0.0676478065133488 -0.447264186811217 0.0762428029803692
-0.120770034729862 0.246652263684649 -0.0847155043557579 0.344084827244737
0.0670012151989599 0.25256946513832 0.146116870548005 0.0674639362926831
0.19781233305621 0.137446746639923 -0.0590600453102047 -0.128361184297508
0.157058332469047 -0.0104238066298253 -0.242317445557826 -0.0118171172981864
0.0840164754769975 -0.0397720098367198 -0.0905043632587267 0.0119463058849467
-0.00375456545972793 0.00458691373457945 0.105191290441213 -0.0305219982243439
0.000440191440498708 0.00999117398049181 0.27329046216859 -0.00204563735643514
-0.0265685944402751 -0.00455964591853853 0.0656674668182903 0.146403156095935
-0.0137511209382238 -0.0163929233166826 -0.198907037857627 -0.0263825771506843
-0.00252848365341074 -0.0460562588325616 0.0110955598782155 -0.389037887445587
0.0253899769313474 -0.0393189282570809 0.46877673234341 -0.175746239886902
0.0158319496578833 0.00514778864499519 0.32148955299628 0.322934344501523
-0.011925752037816 0.0081239220460954 -0.158023799721142 0.294255374937338
-0.0309155594118503 -0.0039208481361137 -0.359342816110578 0.103710390935993
-0.0281780539443235 -0.013338833907969 -0.40312997051088 0.150459830127429
-0.012409007721716 -0.000367507997268687 -0.312090337332509 0.325417137931576
0.000358636309277923 0.0208869940183369 -0.0405691870773101 0.365849508842851
0.00882914862901308 0.00661262215517846 0.203145843921461 0.118412082483405
0.016410945735143 -0.00757043228907226 0.0969263064727192 -0.181596638585745
-0.00721492060729853 0.0114441151116739 -0.109419815441257 -0.158434071323223
0.0694930460145368 -0.0348581827058964 0.0836378665597893 -0.0211506210639609
0.162498644175374 -0.00397913859835837 0.244620502436237 -0.0107471699570507
0.178313116302994 0.11498161627576 0.0905701838965297 0.118965622257711
0.0643669821016727 0.222947743247497 -0.147271193241708 -0.027234416317201
-0.120447897296382 0.175956086877015 0.0280003740526751 -0.348236878229467
-0.193800042663689 0.0252651975616237 0.424683957124926 -0.148014328720473
-0.104961587820141 -0.108732385516638 0.285928814092066 0.308183715331992
0.0500346984474478 -0.104771591172285 -0.151255006326663 0.276698196884593
0.120399458717651 -0.0287730204670386 -0.333819776675125 0.102892019701453
0.132491095439518 -0.0186571658840216 -0.376126342223415 0.145002337261127
0.0987230068923936 -0.0578449003738449 -0.281982081481171 0.334978298416495
0.0295149052104131 -0.0924768495129122 0.00654018316820271 0.36291065069617
-0.0393319012737542 -0.0928493222509218 0.229567276857155 0.0986298808637554
-0.0921599326443154 -0.0439589142920651 0.107439919273649 -0.187046420186183
-0.0940177543447023 0.0178854077515999 -0.0879322287869286 -0.164475780779581
0.0974269480360876 -0.0592810089730472 0.0268264101019672 0.0268198642159688
0.23240713999447 -0.0205396358952234 0.168800850271311 0.00458350520684128
0.312455351968656 0.183791228682259 0.122949730818165 0.0651970730685627
0.119445887161104 0.387952468876433 -0.013269115705369 -0.023841071370542
-0.220720673828491 0.328403602731382 0.106043724359451 -0.200848204234465
-0.353119002463822 0.0333444230224334 0.312231324721629 -0.00992632220202899
-0.161831418147025 -0.214444709910204 0.158486506255324 0.268502626407327
0.104768481195349 -0.201298276602863 -0.116697869875695 0.218880349697668
0.231139657635162 -0.0859107454166025 -0.219231024940179 0.111474658098542
0.269227561640101 -0.0680882646144737 -0.221197675435911 0.172809636257846
0.204995970277949 -0.165029983035874 -0.0873817219638031 0.344748349070311
0.0450200860820199 -0.243562030652685 0.184720146512406 0.287740942532302
-0.103955209503483 -0.194451978835729 0.285195215910545 -0.0123637645359697
-0.182888743376751 -0.0722610157888362 0.116875983898006 -0.210295710487438
-0.145140546515035 0.0134453838937614 -0.030983511427114 -0.170572530690787
0.0561293846133184 -0.0498752728519103 -0.0297314918356014 0.0888157796506166
0.151460247038363 -0.0162768715888761 0.0869531435713357 0.0625840803531669
0.250765063141555 0.164304564304636 0.133518264971946 0.0680666784193297
0.0546243099361494 0.345488212350651 0.107833060300064 0.0612457166802031
-0.269498122653161 0.251511035033235 0.121932912398199 0.0372810124866051
-0.344251341583141 -0.0801298487975588 0.113837864124203 0.136150335834149
-0.0999114442833179 -0.292285214185632 0.0159127236319344 0.184790037435983
0.140854514049861 -0.267715952368678 -0.0599092663120134 0.128257559640946
0.243815849978112 -0.188943588033057 -0.055248067329596 0.0837177197446359
0.256295602333372 -0.190362176869041 0.0205364077826431 0.111808556385989
0.15204683998659 -0.273343168697658 0.163571897710341 0.15116829939462
-0.0233777479646878 -0.295791982307255 0.282373432468226 0.0355249202541168
-0.143301464456734 -0.191684918132304 0.239219387487956 -0.156569386648106
-0.186892138410061 -0.0647933607985781 0.106054523462945 -0.207451790417292
-0.130672813501463 0.000245320186266911 0.0358376615149001 -0.168013329852383
-0.027324575863738 -0.016177459284198 -0.0524878719746353 0.138815463223796
-0.0262482321419686 -0.00887239452564828 0.026118739005932 0.151078329397432
0.0181955683619129 0.0385110166897353 0.0620304724275593 0.16445934329845
-0.0857305062898814 0.0481168009025203 0.0234519999570027 0.18862713439674
-0.174490787088737 -0.0573936580702746 -0.036621756097578 0.150921879924618
-0.113365123195959 -0.229720744032486 -0.0753902367801043 0.118319349366709
0.0584889841337301 -0.298533684538481 -0.0514428388912922 0.0554508143583657
0.156959926152293 -0.290399246000866 0.00217596174612527 0.0178752219205451
0.133848954756549 -0.293309243350209 0.0571538236584724 -0.0180715312206522
0.00255812744281978 -0.266052191742229 0.130875022719423 -0.0707139304928346
-0.119399527775152 -0.159250651141751 0.1717538173575 -0.131453276994999
-0.108108662128083 -0.0432883053334368 0.123027728088754 -0.176828585940183
-0.0346011699788615 -0.00807923441136339 0.0605190837813026 -0.188323495856238
-0.0528642917555934 -0.0239259192011255 0.0520798468804446 -0.15827313495221
-0.0484350801016837 -0.0251395648410762 0.0678784626753665 -0.146182856857539
-0.100167555693475 0.0132666062097092 -0.0310228332312476 0.159953400245273
-0.167118039019462 -0.0277519927178863 -0.0238211478349496 0.222799153432416
-0.155760757070742 -0.117231261766295 -0.108492246926523 0.222138232878127
-0.105746079341649 -0.242784679968823 -0.219151235921141 0.115089520481945
0.0469249549588877 -0.274238519343057 -0.180275662249698 -0.0546111706764081
0.176470040025456 -0.242334122205867 -0.0742583640235019 -0.068777310483265
0.210372935668299 -0.221587712687911 0.00701893627747598 -0.0637801117328676
0.153987430824716 -0.272588064057259 0.0583470715023405 -0.0948252708038573
-0.0330378499145235 -0.31892852334382 0.0329604050171399 -0.163826661668595
-0.296804664597366 -0.171150848590324 -0.0292431659253507 -0.176238475341607
-0.321925615603594 0.158441776598938 -0.0352498186650905 -0.123267206491388
-0.0586492233743992 0.326285526999 -0.0410011590102958 -0.116940510137764
0.186472899393931 0.195872570185817 -0.0789376883563454 -0.11662207720959
0.140280319320846 0.00336689894165572 -0.0426034578649698 -0.0896123957985417
0.0551094611659418 -0.0528937637001515 0.0421306848823851 -0.101467089930929
-0.124468860111314 0.0217810574319871 0.0224783477234394 0.155763338760686
-0.18687229151659 -0.0517598678338314 -0.0633086124019856 0.240150638431061
-0.148974948405909 -0.173306365272611 -0.241347029419374 0.118455909518399
-0.0138067633715043 -0.265333883912447 -0.268464857539006 -0.158616774030689
0.169664179720054 -0.21110881895336 -0.0521343851310251 -0.325098715578452
0.283372380837739 -0.12003850728729 0.126186802215374 -0.203916484495458
0.255394655271996 -0.112398197430226 0.152326084567196 -0.117826604525838
0.125077321775192 -0.215747713769453 0.110814921953957 -0.198326239704087
-0.143840887499946 -0.244943887652202 -0.101668351688734 -0.276240877428909
-0.378667512413882 -0.00409815018477368 -0.286668847698882 -0.0847411076886187
-0.273146573570419 0.334458337522025 -0.131832796810889 0.134103216637699
0.0488394517539164 0.424819120361283 0.0139904364394208 0.02275408360346
0.292638945099853 0.234980601295018 -0.094832964586956 -0.0915874946038528
0.231432572152637 -0.00301439487371285 -0.152644586907707 -0.0385344513855085
0.108381710482871 -0.0630452448606416 -0.0254090154847386 -0.0411823745089571
-0.0909217321200252 0.0153636977663861 0.0741046189720163 0.144687426790505
-0.117325058172536 -0.0477010119820423 -0.0873036833591865 0.21594736471573
-0.071452550781874 -0.114914642336419 -0.238262733590785 -0.0383733164945278
0.025781409866086 -0.129736634072192 -0.0896141352251425 -0.328264570192055
0.115639326960168 -0.0696717952534985 0.183857904794413 -0.366639119360772
0.192934962447614 -0.0208113570286615 0.319808515259105 -0.186288333587768
0.177224919838479 -0.0368393609430635 0.292592128135736 -0.106013802163724
0.0720467501330961 -0.126037702182004 0.150453276436772 -0.267122368149708
-0.132941588646278 -0.120125535815454 -0.249622580784935 -0.317123110260152
-0.239367392823208 0.0734451668324827 -0.442804789012326 0.0861044230958149
-0.114636043539002 0.247564565657367 -0.0728849316450395 0.343433856688257
0.072444994387028 0.250407234072664 0.148906001304532 0.0602463887377894
0.201074072563628 0.133271442667832 -0.0621463501294703 -0.128829830061875
0.156313389420446 -0.0146130842591222 -0.242262234696238 -0.0073217746030294
0.0819423523721224 -0.0408037261896092 -0.0870777429527989 0.0131859163589062
-0.00419110384855046 0.00432714858762041 0.103903793006524 -0.0295209296147854
0.00160172103159337 0.0103805854020261 0.273407308345354 -0.00643782148114903
-0.0268956674904167 -0.00385684854253395 0.0686028347184516 0.147509230935262
-0.014379782650761 -0.0161441765034743 -0.199767074282073 -0.0210590705824184
-0.00230061417829014 -0.0456781045125207 0.0019998568135091 -0.38560541731513
0.0246458349655008 -0.0400767119410693 0.464515006890729 -0.181179086787731
0.0154599147287982 0.00542603594518948 0.328024372115466 0.318761817575935
-0.0113936806212954 0.00810019721948135 -0.152894512236366 0.295248755511353
-0.0301382931555558 -0.00328116766433105 -0.357118297303071 0.107254013434451
-0.0290387048435683 -0.0131268994124953 -0.401056447372232 0.155373408473963
-0.0137664997664995 -0.000107140420030846 -0.304331375146444 0.327376480971728
0.000370743041523499 0.0213208493435975 -0.0341737869782989 0.363357934365142
0.00928454330963638 0.00594251658248824 0.203170910300911 0.113841352221576
0.0162552346212065 -0.00802619040274159 0.0944243717887425 -0.182221040503377
-0.00597915296310639 0.0113557751619121 -0.112907273886535 -0.153696633015347
0.068906630698069 -0.0349646201228219 0.0813520289927835 -0.0202109488929108
0.162477081984305 -0.00578738042513568 0.244377390748032 -0.0144107297265902
0.179666778161225 0.113011540176902 0.0932525102149803 0.118590520896776
0.0673612595072535 0.220864102918075 -0.14871173206629 -0.0224595144032786
-0.118179742555247 0.178419581322603 0.0209595125760267 -0.348362970125343
-0.196048994272554 0.028231926836841 0.420589240393714 -0.154296537103745
-0.107686556559742 -0.106056065622843 0.2910686563147 0.301267766898309
0.0485039330200715 -0.105637131770785 -0.146156461814651 0.27872432906397
0.119233991219143 -0.029163133896326 -0.332560283002277 0.106290803349902
0.129903890150658 -0.0205673357271998 -0.375002488387823 0.148607697344902
0.0965103242531122 -0.0585784456713066 -0.274728547708628 0.337525502223769
0.0264991763698673 -0.0912106005618952 0.0115060510540576 0.358831470684588
-0.0406409181856152 -0.0909201225214711 0.229475946899309 0.0942076763458698
-0.0933786046390314 -0.0420441992527483 0.10400082569643 -0.187752926934771
-0.0942072605152835 0.0196373078019934 -0.0915851498749987 -0.160797628117885
0.0950065008483117 -0.0581940374746781 0.0253021362629621 0.0269429398001171
0.22969081883672 -0.0218803968462963 0.168025143579606 0.00221722058063717
0.313418154509732 0.178879805786734 0.123673319000523 0.0634048333696701
0.123567952177779 0.386393390075462 -0.0154469490714111 -0.0223958608065645
-0.216529639740917 0.332589633888082 0.100159147083687 -0.202947667304274
-0.352896594918428 0.0387942651182059 0.30993783520499 -0.0152314937625413
-0.166609712052878 -0.211935660307399 0.164028528905737 0.26485732814375
0.10147459941618 -0.202046192350149 -0.111318373208382 0.218620041000426
0.228684600760821 -0.0866755634607563 -0.216948638955754 0.113633174361784
0.266897715826967 -0.0720215428641191 -0.22050709888112 0.174447501845559
0.200517858902296 -0.165965547068722 -0.0828826516127723 0.343360473090033
0.0393442402641012 -0.241812596672941 0.188241351805904 0.283242865889589
-0.105721156558493 -0.192414389545593 0.284470925732017 -0.0167921134659287
-0.183874653770279 -0.0685468857518483 0.114423083513381 -0.211381162331988
-0.146254102391235 0.0166943363499508 -0.0348762399874139 -0.168118941007207
0.0536686358618122 -0.0482858034926361 -0.0300052916297758 0.089612089420939
0.14907261877308 -0.0172060046215407 0.0862623234742265 0.060350208115108
0.250675140761855 0.159885143558391 0.133216731312248 0.0640223603444175
0.0596858601292344 0.344242976542879 0.105325125948218 0.0591686219079651
-0.265862348180796 0.256303251960422 0.120453377577207 0.0328160087189971
-0.345839296742546 -0.074996561012584 0.115142090267212 0.134903406141026
-0.10536912059747 -0.289319814782178 0.0198594458759518 0.182680003869451
0.136989153940609 -0.268238827928371 -0.0557835223629143 0.128465035465097
0.239398595222238 -0.19032559400915 -0.0538876485760829 0.0849473138765876
0.252392625652524 -0.193264358643743 0.0202639685110812 0.109517787806954
0.146289004360672 -0.273433013884806 0.163658185901061 0.149626753591115
-0.0299834075118483 -0.294071494761843 0.281799216134882 0.031553562158794
-0.146606712756384 -0.19083791870476 0.23616700284598 -0.159103063218189
-0.189701844223735 -0.0608373022778783 0.10325396052699 -0.208192888768153
-0.132762630415884 0.00355118718105889 0.0319981430308242 -0.16703181905091
-0.0294738238717888 -0.013550673194559 -0.0512464239302541 0.137912696597228
-0.0291100560861789 -0.00859473369534253 0.0261465988960687 0.147773976175073
0.0166249970577686 0.0366602640612125 0.0631995592978219 0.160755647472898
-0.0867893126447708 0.0484971301950763 0.0244653087039394 0.184707166934356
-0.175842899659733 -0.0539435658238457 -0.0347749381205966 0.148117800999891
-0.117361305124097 -0.226856253929537 -0.0721973823655468 0.118292056247506
0.0527607766741547 -0.29739440432334 -0.0487348743160359 0.0556973987125978
0.151906837814391 -0.291220211987304 0.00232434034447923 0.0180019721487411
0.128467944559687 -0.294229449315802 0.0565283135417896 -0.0184367938598166
-0.000857730628491763 -0.263555619204656 0.129268692033957 -0.0720409832933404
-0.122181076394038 -0.156483012255629 0.167473891697892 -0.132796716000204
-0.109431474309301 -0.0413444941361191 0.121672540544356 -0.176901630678564
-0.037052033443462 -0.0091710354467925 0.0606121027319363 -0.18723890866693
-0.0558847441291528 -0.0223530700150942 0.0508475982149822 -0.158290806945811
-0.0524436457064454 -0.0225107524242516 0.0667873455559394 -0.145442617996393
-0.10196311695866 0.0156035608509099 -0.0276003007551915 0.157802126736435
-0.168864993967194 -0.0247645822800251 -0.0202311183236666 0.219734098860236
-0.159473929662234 -0.116006960935269 -0.106066570043604 0.221041966595298
-0.110472570958808 -0.241257230683633 -0.216637855310674 0.116077335445731
0.0422817868694369 -0.273528389940461 -0.18018798303754 -0.0538975814364804
0.172612515187728 -0.243779600192381 -0.0726945390785649 -0.0672126517606821
0.206183737247504 -0.222545450415544 0.00701677408914823 -0.0634424970244086
0.148801156388247 -0.273445398830407 0.0564257883086885 -0.096133872198268
-0.0389289828274218 -0.319177286142546 0.0305248966286987 -0.162979575145544
-0.299801077424114 -0.165950704551596 -0.0308738516883444 -0.175488831804541
-0.320901060559151 0.163337932399081 -0.0356188262670917 -0.122527710727798
-0.0535344598962532 0.32794047988755 -0.0406339770742079 -0.115486361930545
0.18770787117518 0.192856494546026 -0.0771739881556923 -0.114264960657525
0.138790008158383 0.00175388656953089 -0.0426662539091862 -0.0892642959029244
0.0507397166205219 -0.0520998922725478 0.0426993410768013 -0.100516112298277
-0.125393859939373 0.0235353396121277 0.0251989369886731 0.152940652643062
-0.188494043049505 -0.0497061147752893 -0.0590842724491274 0.239149692408987
-0.151143285548887 -0.169972091911585 -0.238254153760726 0.121020462297369
-0.0176695100334167 -0.263584301224257 -0.26878211368315 -0.153774900899302
0.165108659606962 -0.211396727365002 -0.0578624137416152 -0.322425897333949
0.280259642026605 -0.123198666945366 0.12483436266837 -0.204394237628332
0.25347523487856 -0.115627126537727 0.151075513816707 -0.118482306647978
0.121395003445285 -0.216936120360959 0.106522230574117 -0.199110507006414
-0.148329702017621 -0.242584200332297 -0.107416290016485 -0.273990865914457
-0.379803278251204 0.0023529965201254 -0.287217972906043 -0.0805644396875337
-0.270331364519318 0.337498765529087 -0.127171458090186 0.136352603875524
0.055260280359235 0.424575958483134 0.0174547326622472 0.0209690991859817
0.296683720876123 0.229392566390909 -0.0946593621629151 -0.0908664063644552
0.229910840689079 -0.0066324989138589 -0.153423056377134 -0.0371725942665294
0.104939570478406 -0.0628346981294179 -0.0231487104021116 -0.0407152669480056
-0.0907407008162901 0.0173368900921641 0.077332371173456 0.14237715095386
-0.118389730856047 -0.046767521021015 -0.0830176072596086 0.215434173011864
-0.0731306617850595 -0.112791933310089 -0.238063708779408 -0.0332443043037264
0.0244472524279464 -0.129141628367609 -0.0926205957703277 -0.324318672087399
0.113797550783123 -0.0694067972838564 0.175656179412638 -0.365120585712189
0.190366823053987 -0.0249422689837959 0.319460322707255 -0.188482288960052
0.175262396373317 -0.0386434932889603 0.290693843719479 -0.10760214008891
0.0695099341598155 -0.126653528753451 0.14483114344 -0.26830657526857
-0.13465329982024 -0.118056185590536 -0.255514586326387 -0.312066790771723
-0.239523843681736 0.07779509508357 -0.439393777088829 0.0940733928996956
-0.111043376329024 0.250728694719147 -0.0658417449853914 0.341923979322757
0.0777483043636814 0.248015148187976 0.151785652773241 0.0562907450321539
0.204515286258308 0.129532332735372 -0.0639973247090206 -0.129796130633381
0.155566178311793 -0.0165908942059651 -0.242279400279164 -0.00290779565685316
0.0808336119155166 -0.0409579588303921 -0.0842083849135555 0.0127973596785141
-0.00102642939596877 0.00617242497048636 0.0675341477522377 -0.0832063841510393
0.00618116412169471 0.00794306188639369 0.221552424821513 -0.167004511239286
-0.023993908605412 0.0143059180080125 0.146115863503932 0.0821001005539966
-0.0217910098501614 -0.00525062701901015 -0.176213086442943 0.104179511473948
-0.0294193974210452 -0.0355177710933045 -0.22722151063834 -0.319042785377766
-0.00595795220930962 -0.0478148572997214 0.280459602927283 -0.423351668819683
0.0154166300557755 -0.00488367792618757 0.461902076360597 0.0713383062522513
-0.00504092679361675 0.01321406700142 0.0452726220003794 0.336154417112392
-0.0278341550970784 0.0156269061502066 -0.236149048755004 0.29510581380952
-0.0331439558789368 0.00712786309195961 -0.241381314908567 0.358009523920988
-0.014353645312788 0.0102919114523037 -0.0612210160941797 0.446644927606976
0.0136259381866435 0.0212130023249348 0.182790952935388 0.318027432815966
0.013013061985587 0.00115326536517904 0.233322563498274 -0.0263594048256065
0.00972139821258447 -0.0179154300336416 -0.0290699191853084 -0.204826089411853
0.00215980252783541 0.0105699784986989 -0.183080194749604 -0.0551837093457265
0.0366978271796113 -0.0680130703249145 0.0543179119024062 -0.0625681036858506
0.130706323226443 -0.0975607833244966 0.19184712781105 -0.157427709693699
0.216565522553013 -0.0109546968150636 0.148944018556257 0.0422698653737558
0.184888026579949 0.144175870839516 -0.136477619089932 0.070302843430593
0.00531131402296603 0.218710815930118 -0.189195358113077 -0.300187716200932
-0.149975239586769 0.137444373725604 0.257323396576865 -0.375212764664046
-0.153024140886795 -0.0259971829146825 0.422557708899906 0.0786181508119714
-0.0203806674264194 -0.116389199009972 0.042397728987093 0.317181241108527
0.083841694466113 -0.0910873526837572 -0.214590835454327 0.28043830504099
0.0950430697274055 -0.0901220597520966 -0.224930699370906 0.340275383827937
0.0436454682252902 -0.0999485064987327 -0.0309549911101561 0.437832223754933
-0.0289711131322685 -0.0857699072437136 0.218775245467715 0.288685195735751
-0.082638874544344 -0.0522294669315521 0.243286436464441 -0.0578194305551089
-0.101550731941861 0.016160436133835 -0.0232126398305311 -0.215953802132648
-0.0657280748097336 0.0696359956085385 -0.169251147419591 -0.0743462568597647
0.0436960016397878 -0.100813252340536 0.0355146686053118 0.00800962539025216
0.176948156133517 -0.150039051824391 0.138431478377919 -0.0985447344730947
0.365214038306732 -0.0343201074581915 0.13881929749762 -0.0228060938139878
0.328186846306273 0.246804984316712 -0.0281051693203593 -0.00806424501492136
0.014661798205729 0.403895943806644 -0.0377431308657719 -0.228043769398165
-0.273700007712655 0.237045515077338 0.24906916052342 -0.19451967787592
-0.263811382744801 -0.0801112109195422 0.294262538457427 0.12424904987895
-0.0337390714601681 -0.22659847352036 0.0360692330317409 0.24730997374783
0.142312981902954 -0.202316836379378 -0.115012062979203 0.219957689675794
0.180281208045459 -0.211656999718538 -0.0841519675670433 0.27267271457418
0.0714378059456488 -0.249483214579258 0.131196516540225 0.333117713798212
-0.101477602189043 -0.219946652553238 0.319079184532481 0.125686371632042
-0.194776604710556 -0.0997699808111872 0.223559931940435 -0.179193953146924
-0.192873745556383 0.0468319848813405 -0.0284732388459369 -0.239551550875207
-0.111470246381297 0.0994592218659431 -0.126877370553217 -0.114993742700112
0.0162834081175216 -0.0683224288356313 0.0272203905204122 0.0904497466910262
0.112349917287159 -0.0974014182509792 0.104543368241524 -0.00190518322675079
0.299402770753482 -0.0142381981761841 0.14463752970637 -0.0283228293243933
0.249220544183501 0.249731071848171 0.117939347959275 -0.014109166882797
-0.0711501782128363 0.36947724262472 0.117706223309183 -0.0456732785865498
-0.332543424832873 0.139486446251006 0.175278054224534 0.0431195069312803
-0.25843659419906 -0.180668711903829 0.126624553407966 0.139965429208928
-0.0423539686039099 -0.302261693521902 0.0287232135319694 0.139312573274596
0.090651933866184 -0.295526958809515 0.00275837021527841 0.102022781878272
0.100679607783019 -0.307915080496893 0.0780544179860381 0.0810353094046344
-0.0328827986719519 -0.310653770291054 0.220672166941385 0.0305755988370343
-0.189184140098028 -0.229248589875335 0.252348845728072 -0.135226030273235
-0.229680413374074 -0.0758156336986032 0.101875480945817 -0.268277786503714
-0.194099254144735 0.0562822475618143 -0.0353681673734151 -0.230859014135647
-0.109079605148814 0.0811345179440458 -0.0719386454260538 -0.153878572921722
-0.0329761819713869 0.00777431971934981 0.0394929611694236 0.14222372867106
-0.0311061357037783 0.0126370923771084 0.107250391568577 0.105870847664705
0.0326201738189012 0.0209354746592602 0.143055773749979 0.0947154385516932
-0.0439148720752033 0.0905654908964733 0.12672922633259 0.137359861732188
-0.17709297650735 0.0581725877724878 0.0564071431287066 0.140100461041003
-0.228770376757802 -0.119689337638912 0.0110152678915946 0.139516747962241
-0.130215956480957 -0.280046766026266 -0.00730328300197487 0.0753719960427361
-0.04344214042172 -0.331002894802769 0.012686679112871 0.0138538318187213
-0.0633390397866808 -0.319921439556413 0.035988322875599 -0.0463806521894181
-0.153553572867718 -0.221298566522929 0.0643581365054003 -0.132726338822465
-0.191265105082504 -0.0620566076659673 0.0610773593811716 -0.206072920642373
-0.115225604008553 0.0254877351552864 -0.00098950271778874 -0.215425869484825
-0.0371004919308579 0.0115495854917747 -0.0576450720200941 -0.189355671261424
-0.060854188343295 0.0132027144166406 -0.0497847476062876 -0.15946099565324
-0.0564862721064804 0.0140779777159224 -0.0309436290577306 -0.158325440810225
-0.0753925603587621 0.0734203725095275 0.071106896321533 0.144133326804789
-0.157662944200158 0.0788754462687678 0.114118011813638 0.192254566890715
-0.201661289193347 -0.00245998214278196 0.0416747923522906 0.24471905882648
-0.232008678818529 -0.134068905376675 -0.109755520473842 0.224070582370476
-0.122378367579301 -0.251055023786922 -0.182462017135478 0.0611291037449816
0.00224787562258821 -0.301258173726517 -0.096940686275166 -0.0141208744000986
0.043868963538044 -0.306199006342341 -0.0298157782567489 -0.0568213129217759
-0.0360331008274696 -0.315153655800808 -0.00913757027509983 -0.112856906817483
-0.218257228372901 -0.243604460484001 -0.0696460528465883 -0.150430681001584
-0.346929758690849 0.033953847191304 -0.125264002534399 -0.125803539518566
-0.174461027748196 0.319800381208673 -0.09767554005838 -0.0801338286602034
0.141704950946453 0.304044655714975 -0.0970807436480851 -0.075314989031903
0.264545313596598 0.0519278243107167 -0.129666359380018 -0.0528640397983646
0.115464586822367 -0.0782000505827086 -0.0888727292532772 -0.0487373664317606
0.0117303648409698 -0.069727518905086 -0.0243129722251215 -0.108590124857162
-0.0896067153942541 0.0942204744105082 0.112176249464308 0.108979661164269
-0.18684806554008 0.0676599781670363 0.0943006090967863 0.231631735597233
-0.225379791947751 -0.0529996481212256 -0.124548485570153 0.242032787132013
-0.167865697130431 -0.206504776850705 -0.309474371891465 0.0325092640452971
0.0141846899652515 -0.270331180636864 -0.237169763553197 -0.229067326157134
0.159383673215915 -0.264878021494564 -0.0146574728223943 -0.243182718434022
0.145129484470421 -0.243701517815318 0.0587716994047777 -0.18568249948433
-0.0260604839246124 -0.252613746299678 -0.02852272254524 -0.228035690487954
-0.266690931821201 -0.116915479701979 -0.247749030005463 -0.163306557212015
-0.318674516859641 0.221126949674537 -0.279814730217102 0.100511757672265
-0.0335125759058428 0.438184555375528 -0.0214017814062898 0.184055354981691
0.288656019723199 0.324889115054016 0.0285877823630959 0.000973604352162978
0.37810731791855 0.0202052601252224 -0.133525049809116 -0.0246790039130557
0.185993688921186 -0.137152177629133 -0.151344014204756 0.059622111836347
0.0506947491987726 -0.110531851251663 -0.0433990576088995 -0.0209811128864046
-0.0655443197175859 0.0684962099740758 0.148321573533109 0.0684083701381473
-0.126643582366858 0.0302507719099544 0.06090814923908 0.226769636450084
-0.126314207331516 -0.0502064114361406 -0.213773244589784 0.11417592054154
-0.0549430047070197 -0.120339672380141 -0.265125094563707 -0.21176574763431
0.0539900982537844 -0.122788276350709 -0.0661287373992946 -0.401489291176956
0.14056821040914 -0.130724273882911 0.156767131771726 -0.342379786780683
0.123161198883823 -0.133701349221888 0.181805249849638 -0.258964922654047
-0.0159517535721318 -0.147335335407501 -0.0368108502209744 -0.30808478627229
-0.182712260899332 -0.0209120192366022 -0.394828672886115 -0.109837690815696
-0.157952175857042 0.20467893878839 -0.304489175493408 0.331924375618078
0.048729130824456 0.276061874116134 0.148266182061225 0.317909373120202
0.208478362798978 0.164779005972824 0.156978538412793 -0.0464022608737122
0.245051256831973 -0.0113380745836613 -0.133419916046293 -0.0724571146470805
0.117513318807962 -0.103600001039475 -0.204943580459735 0.141833527731605
0.0432129147985883 -0.0798492718499236 -0.060915082222717 0.0587285896601902
-0.0018783847411099 0.00662053612971244 0.0665335549155024 -0.0853708183977637
0.00689752160209067 0.00726947928922012 0.221080278069294 -0.178125006209864
-0.0231317675810778 0.0147715313402404 0.154187547995268 0.0800899129780687
-0.0230651583324549 -0.00421587676067314 -0.174198208193379 0.114685033744168
-0.0309734702271519 -0.035542299439375 -0.243532451508924 -0.312665192845963
-0.00894239926368973 -0.0473404642479706 0.268691762105254 -0.439325524994423
0.016076119711364 -0.00490263373471567 0.472442948251324 0.0549680601124318
-0.00413083661144765 0.0125702297039254 0.0589778517372364 0.339467392132587
-0.027051810956397 0.0161189869443302 -0.230936369931122 0.305112889485761
-0.0336568992128617 0.00943697326583081 -0.234222425819354 0.371889016247769
-0.0142811954819819 0.0114387311602048 -0.0470222704512309 0.452708705668212
0.0145531911929779 0.0212906785092377 0.19486252786323 0.315200403504802
0.013335723355446 0.000857255546253228 0.235141962269134 -0.0346301947825851
0.00803378563537686 -0.0178880364975104 -0.0357542036879128 -0.207009640402625
0.00361569202873619 0.010619279334163 -0.187806401588355 -0.0478483557151327
0.0345975963561236 -0.0697226639642965 0.0532778846151714 -0.0630898916003234
0.130089771273292 -0.104350805986121 0.190435513497516 -0.167495618983908
0.220603514978635 -0.0185409340883176 0.154122866344122 0.0387043167617193
0.192346649326392 0.141191909471555 -0.135907994508203 0.0796775559851271
0.0126073069840424 0.222574944201082 -0.2051972046426 -0.296619285199375
-0.148685863297387 0.145530384869225 0.249564833115354 -0.389220696346421
-0.156708295926198 -0.0201588082897109 0.432550129072344 0.063303646499111
-0.0250581671254152 -0.117155535401248 0.0537131099333149 0.319185459913937
0.0825479060180561 -0.0959930928547161 -0.208703242425792 0.289392071896715
0.0918408263424697 -0.0942110901406866 -0.218895078040133 0.352968803183884
0.0413496552388355 -0.101960698147107 -0.0165457867773569 0.443209007846458
-0.0318151284927294 -0.0836370181424126 0.229175748559319 0.283291280904215
-0.085519372665045 -0.0491495557298527 0.24443321800134 -0.0664285456357841
-0.102656251978087 0.0204663270371395 -0.0303660991791359 -0.217642956208844
-0.0634363583429327 0.0741867027397922 -0.175467588958041 -0.0663774168684828
0.0417333868405746 -0.102245850622054 0.0353518386727969 0.008800657329612
0.175306282249456 -0.157019798611809 0.137734105896103 -0.104427555391655
0.370984445890445 -0.0466785254265849 0.140626084246757 -0.0271423833675614
0.343171150885702 0.241343438480402 -0.0295745093592296 -0.00483924829772766
0.0278576326674517 0.411985079108982 -0.0504934161148546 -0.23078879705453
-0.271298089798711 0.251962857841176 0.245425844383279 -0.204005134016784
-0.270827695286597 -0.0711183617953941 0.303818105309064 0.113249451660136
-0.0409620068655688 -0.228512841411975 0.0461071635910155 0.249134629415605
0.138293823060078 -0.209356399178613 -0.109959377375505 0.226794191482131
0.175160285846447 -0.221237699814792 -0.0780993379631496 0.281631522106009
0.0634388495393765 -0.254095971017869 0.142142883506739 0.333372963350147
-0.110168105896781 -0.21713080178079 0.327992952146053 0.115389949531951
-0.201526088286524 -0.0941806615419721 0.218215423359613 -0.189731386936099
-0.19544155183498 0.0549658775731851 -0.037876060240988 -0.241756864849127
-0.109009529881748 0.10650996391468 -0.133366475080538 -0.10945185975394
0.0133597631137915 -0.068507819764239 0.0297587748253609 0.0918175720633936
0.111136607944556 -0.100096710647316 0.104849006716026 -0.00524925582007076
0.303754262129542 -0.0248320313096791 0.144084206215155 -0.0335495400249619
0.261215130287156 0.246917180086176 0.117006605805977 -0.0160161903739052
-0.0602860333638099 0.378871495365391 0.113697418579934 -0.051347055618616
-0.333795132024903 0.154860750872962 0.179399051443501 0.0383381167404651
-0.269305018868437 -0.172463229369403 0.132940137362925 0.135858151667011
-0.0534944858494504 -0.303874873859279 0.0335582975566263 0.139821158268457
0.0812846212748976 -0.301078340024938 0.00702814378324457 0.104510842894646
0.0911285551875284 -0.315608356795524 0.0800459200763998 0.0800145957571127
-0.043906532754709 -0.313591935879147 0.223144243582443 0.0245725509439597
-0.200890879100179 -0.226064177085871 0.251569537479044 -0.144610599063053
-0.237182140156905 -0.0698051279239166 0.0943076244229562 -0.275277723297166
-0.19752530871227 0.0659518455236135 -0.0433256890472645 -0.23359727914721
-0.107753300512676 0.0893484326383976 -0.0766869789364801 -0.152716552856491
-0.0349374466728215 0.0111026320406196 0.043744390504984 0.142588099126179
-0.0325750870804282 0.0181735690295148 0.110609825668452 0.103287031131941
0.0315176995947218 0.0214312441728292 0.145975800343564 0.090201138454555
-0.043526292089052 0.093736193367795 0.129917306652976 0.135900239114452
-0.177112098287349 0.065417818007229 0.0588072611846038 0.138266196812427
-0.2368645140666 -0.112411731821658 0.0171793277323821 0.140166111287229
-0.142023924161155 -0.277782774529626 -0.00394329681881934 0.0754556915894505
-0.0556705753144422 -0.333457454557226 0.0140705947970522 0.01233705338914
-0.0760636923033602 -0.319601828809865 0.0347082826839327 -0.0478731773787475
-0.163395122643975 -0.218130979054851 0.0609656829739909 -0.135961105869904
-0.195256619535624 -0.0559929998259712 0.0549492046290897 -0.20919905522697
-0.115998111819917 0.0308016085175475 -0.00613830592719244 -0.217823662135927
-0.0388710290750038 0.0127746185740637 -0.0637217212119136 -0.190971919574718
-0.0634722560038987 0.0165935011293916 -0.0551271999173611 -0.159927260105452
-0.0574364034812008 0.019526919381501 -0.035892984223578 -0.160215784880833
-0.0749781297023348 0.0796452126266176 0.0767346901260239 0.142907029373744
-0.159615698749488 0.0876920378772307 0.120874461494696 0.190738201715907
-0.207147596388658 0.00429819170779834 0.0494614107395918 0.246358846064293
-0.241361540846029 -0.129162530847601 -0.104933888144787 0.230528849945867
-0.132723264304447 -0.250879689086934 -0.183677969912572 0.0677394990883559
-0.00712810635813031 -0.305881440181289 -0.0970579889145849 -0.0131104540355531
0.0337876849306002 -0.311566735302025 -0.0311684238326474 -0.0568580943825058
-0.0470724115949184 -0.318308325887273 -0.0132361748125644 -0.114018010266038
-0.23036318082154 -0.239015716949165 -0.074918680906868 -0.149000481693376
-0.351955303306779 0.0480209788284637 -0.130560135832727 -0.124202367897576
-0.167195594683946 0.331676550899133 -0.100550507511377 -0.0785207062568335
0.155072170615588 0.304558646450841 -0.0982942734833445 -0.0745212585427543
0.270104593038753 0.0434232927078771 -0.131030291921369 -0.050916993471012
0.112987518796877 -0.0824560923405895 -0.0903090540086785 -0.046584257689362
0.00852826261584424 -0.0676881476544926 -0.0268747914695466 -0.111200647341149
-0.0873307832765167 0.0997283569561912 0.117542785887345 0.104844941307977
-0.189109750724557 0.0771263923164322 0.102974176212777 0.231498079619469
-0.231350486576222 -0.0462919912587295 -0.117399170816032 0.250039107771036
-0.177943530059869 -0.204119005975137 -0.312202062500428 0.0426325318025546
0.0064421515882154 -0.274455800065573 -0.247077606270736 -0.223971324273775
0.152573421491268 -0.274026237550055 -0.0205115582666134 -0.247169340164691
0.138804004068668 -0.251912308012367 0.0551230348146902 -0.189702322785705
-0.0353639138816574 -0.255218146623857 -0.0362503025354674 -0.229258235015596
-0.274389055578623 -0.110062743191818 -0.258105064569531 -0.156191004317756
-0.316364125196889 0.238006358117846 -0.279974140564386 0.111478049866418
-0.0192625170398127 0.448770424061759 -0.0142151119822173 0.186670456695415
0.305604355599863 0.320293179050005 0.0299121479667188 -0.00215085701040557
0.386122682280377 0.00692266568655283 -0.135996499281641 -0.0221018183295459
0.184005860319884 -0.144901275412033 -0.151605161725538 0.0664596762822102
0.04805994888265 -0.112021262927448 -0.0425954948540971 -0.022347851460898
-0.0640334107763342 0.0724357258122899 0.154141532412883 0.0637294276395396
-0.128275407960548 0.0359447213380237 0.0691009848997382 0.228868104064707
-0.128777064549823 -0.0458141170466336 -0.212556650224512 0.12369408259222
-0.0606917532529951 -0.120110746535943 -0.274198269460542 -0.206245739375823
0.0509579263763698 -0.127013432991 -0.0791866569030624 -0.402200886007106
0.136958533506452 -0.137044920659808 0.14640053579328 -0.35240912486689
0.120644808037585 -0.13878735004248 0.177739344209575 -0.269377844059162
-0.0216159734116006 -0.148823841802481 -0.0474806888860825 -0.310258866635002
-0.186160293515121 -0.0153913287821066 -0.405382977464646 -0.0965441779599425
-0.154049353887265 0.214560808260137 -0.297506993173972 0.347902911570829
0.0584241176152389 0.27960274662897 0.163802165753506 0.316886784166165
0.218585736114936 0.160325373341488 0.157573788032495 -0.0558415117241039
0.249685138626338 -0.0211810495634762 -0.139916653868163 -0.0700956438436598
0.116423768475296 -0.109421531011727 -0.203479444175463 0.151724953612194
0.0418377769600285 -0.0825126410072064 -0.059734372611155 0.0578123917580289
-0.000708507944981886 0.0066038431575796 0.0638305569090621 -0.0875511402690734
0.0072542362504246 0.00585877514570332 0.213583986183756 -0.190409444498857
-0.021234143894179 0.01637569068841 0.161964666235116 0.0730006187304735
-0.024189762768956 -0.00295582833258097 -0.167626539413787 0.127493556078026
-0.032836230542444 -0.0358591463673315 -0.263570677625177 -0.296345954642419
-0.011200642234762 -0.0467044167272443 0.246888788063638 -0.45410031413679
0.0170094391630436 -0.00570411786819934 0.475797517232597 0.0300775491764663
-0.00391526320687175 0.012098331364252 0.0765077622844012 0.335568247702792
-0.0255554427171077 0.0156413915926795 -0.216074372727111 0.317851550579228
-0.0334897169278302 0.0108172749484147 -0.215708125132671 0.383622353199699
-0.01327642442565 0.0128461800289608 -0.022777223771623 0.454005310178948
0.0171269866725835 0.0206210198110258 0.210462678577621 0.302973020278991
0.0129127325011014 0.000305281162452296 0.232478780900888 -0.045750360738655
0.00690035732670784 -0.0188958343156244 -0.0463502481260678 -0.204767137732425
0.00474085784570575 0.00953870990491929 -0.190178842641481 -0.0361065086001937
0.031933392734147 -0.0710610791622675 0.0499278496240176 -0.0640692863414681
0.125377170507813 -0.111531996918515 0.183632129966022 -0.177927096210427
0.222772417293729 -0.0290173440204749 0.159080623951296 0.0318728578566091
0.200727452786316 0.13235381307177 -0.131585852608958 0.0910985824642866
0.0239335133051353 0.223267673316533 -0.223183242842009 -0.284760541214
-0.142180633322501 0.155225439796969 0.229937754077586 -0.40243056259166
-0.158384903975591 -0.0116030212890771 0.43646325884392 0.0396641362938442
-0.0312060787581096 -0.116437231315537 0.0704452795791708 0.316845902681577
0.0781373071948211 -0.0992639425414983 -0.194585031801139 0.300309695777768
0.0856935553042031 -0.0977761362460749 -0.201039995949359 0.366309369313833
0.0353484339177734 -0.102292572649885 0.00747774223181571 0.442453837799016
-0.0352679376187435 -0.0806987616289103 0.244612705768587 0.269262592671514
-0.0876611523540751 -0.044576501203821 0.240130611162877 -0.0792204232307142
-0.102184956953897 0.0261222097352623 -0.0419008798484109 -0.216589944258531
-0.0590756403918831 0.0778385927165661 -0.179005691012889 -0.0555965867028041
0.0369853656188398 -0.104508277389166 0.0357235021844576 0.0092973635529747
0.168146982081482 -0.165194633961704 0.132123291805193 -0.111324638501885
0.371998376186658 -0.0673495625120296 0.139111448967947 -0.0338221127040872
0.357486559118232 0.225663402908041 -0.0310058854005044 0.000611945350815556
0.0492566571214794 0.412267487372598 -0.0659918059875783 -0.226463336159353
-0.260325797392882 0.267013556054142 0.236071349854399 -0.216828319683824
-0.275555033605537 -0.0563275664818569 0.311597598885908 0.0956663045769836
-0.0529697048915106 -0.227505532049747 0.058517311047424 0.246128633992608
0.127789195115907 -0.215745445362796 -0.098005395553013 0.23359220663504
0.161986112800013 -0.229733056370038 -0.0647490751534175 0.287048685938643
0.0510615646651182 -0.256220328875947 0.159260042536429 0.326587258792327
-0.121294992895825 -0.209972930695357 0.33344438065676 0.098143225613888
-0.207966688100735 -0.0839057761456318 0.209402639346905 -0.20083311402794
-0.193547260219986 0.0666765086100926 -0.051039594846801 -0.240145353459617
-0.103419472221086 0.114386824593999 -0.139126986324667 -0.100073154802019
0.0098861124055705 -0.0660307329862232 0.0334768903492596 0.0911764471131625
0.106404026199927 -0.104025502752154 0.103535802246975 -0.00918488226560642
0.303804826908512 -0.0402781276579209 0.139841286438011 -0.040109048980102
0.275556771568789 0.234580547752961 0.11420928212552 -0.0188610444308309
-0.0404609479580704 0.384019255763655 0.106861823120303 -0.0573112992717379
-0.326296835118254 0.172791070190497 0.181677595400039 0.0290101481104594
-0.278780062871893 -0.158176231729851 0.140873303737661 0.127861809922727
-0.0688400703948108 -0.301597396053988 0.0416775159032171 0.13764605276595
0.0659933160207157 -0.305222503532748 0.0122173961534661 0.104075618507505
0.0749673071299721 -0.320161297421877 0.083988324998965 0.0772089626807722
-0.0600803287430417 -0.311652219515497 0.223826999922214 0.0156563336582466
-0.213318998222224 -0.214784732419876 0.243621314738068 -0.157160805174237
-0.242394292196577 -0.0580599695911625 0.0804551583324034 -0.280116201224863
-0.196071070323203 0.0773135075024882 -0.0562239177693992 -0.230875290964495
-0.103277459220911 0.0986445942091231 -0.0853480513031322 -0.147377782000856
-0.0347263648987902 0.0155695811696855 0.0504445671900792 0.140609599618399
-0.0322997947453698 0.0226612375491085 0.113938408331029 0.098280739480744
0.030700971758992 0.0200634751590403 0.14781179192903 0.0836092729483194
-0.040119815566033 0.0968915563097468 0.136021754120095 0.131149878310322
-0.173657688043868 0.0745037952282435 0.0614300634183015 0.134466123207575
-0.243124408196054 -0.0994547098097925 0.0254934342588368 0.138011572758992
-0.156411531244554 -0.269977012563975 0.000542156299797706 0.0747847678610592
-0.0724442961453745 -0.331034120213713 0.0151049824506116 0.0119962857482234
-0.0942196393561069 -0.316307234877887 0.0332088097643309 -0.0486379500361183
-0.174732020636977 -0.211009573356722 0.0533998320338525 -0.139258805591941
-0.199420537370085 -0.0452346580453168 0.0448786230774276 -0.210425466837917
-0.11494568378875 0.0363056326089031 -0.0152097336919407 -0.217143788671478
-0.0412064454982966 0.0147570111657062 -0.0707182665763906 -0.187808161239135
-0.0645089200422988 0.0220776498891245 -0.0625972743504328 -0.157737339903813
-0.0572017801266222 0.0270793747671182 -0.0428858401077571 -0.159372024676281
-0.0722253781852057 0.0850011491593758 0.0837381918507711 0.138018193587658
-0.157619190132129 0.0987528103324606 0.128908397448983 0.1852406389137
-0.210268319618147 0.0157598270124814 0.060744092325457 0.245334911826858
-0.250281141393087 -0.116154334576596 -0.0929574533440222 0.236574488554674
-0.144775256218959 -0.24395378036309 -0.181956887743221 0.0777606037944932
-0.0219113768449747 -0.305098057830056 -0.0963842453327466 -0.0109029405734763
0.0186575752368665 -0.312834054247365 -0.0325293733179857 -0.0554159863757456
-0.064043588825466 -0.31588894663316 -0.0193185445458804 -0.112538134415686
-0.246438853753847 -0.226652288093743 -0.0830163610767043 -0.144789714958798
-0.351925101425533 0.0671768719292687 -0.136838378478643 -0.117094802280456
-0.15076707631674 0.343250506208277 -0.102738622139488 -0.073096841813164
0.172363158533206 0.297220171405702 -0.100671904360093 -0.0708410519579933
0.273691441445983 0.0295222049286884 -0.131966484328941 -0.0450791276337441
0.107140521530907 -0.0866915384184646 -0.0923085804946796 -0.041719455618584
0.00552425736834041 -0.0652972147610151 -0.0317689873914136 -0.112403482532603
-0.0830331921329449 0.10618422161029 0.123389955689506 0.0979221443946189
-0.187578934465678 0.0872055758326425 0.115200481155345 0.226501020724178
-0.235099514890772 -0.0339257523547534 -0.104046239548619 0.256740005744832
-0.188061996069864 -0.194834067686659 -0.308296958039658 0.0582209961698579
-0.00713652467867367 -0.272777666502373 -0.255988447841511 -0.209933218321143
0.138898555012939 -0.282335582382598 -0.0318417096652604 -0.248069730767431
0.1271827636323 -0.259009793523038 0.0471199221323311 -0.192715012249876
-0.0483161703235163 -0.253562664222256 -0.0478201888743615 -0.226651951339732
-0.282156058618 -0.0950803276063788 -0.266404822928352 -0.141690181319157
-0.304945368076777 0.256487022124868 -0.273915176211166 0.125766124589941
0.00330490732285263 0.452646347612865 -0.00232379566568773 0.185862228038408
0.324537368708489 0.304886480383789 0.0315018205486027 -0.00672151307919666
0.389655171430132 -0.0135449573363607 -0.137578158687424 -0.0170316393569469
0.176577283638115 -0.155926802612782 -0.147977346006965 0.075739406549518
0.0428266873572264 -0.113680380716672 -0.0438116253196523 -0.0232109315976462
-0.0597820853914743 0.0768612899080562 0.157059248474974 0.0530938220145245
-0.126982511421886 0.0426964895183412 0.0816481007062692 0.225035149718515
-0.130632849088645 -0.0392648454038501 -0.206647268225794 0.134541702725939
-0.0670399702443801 -0.11766487607044 -0.285493318102603 -0.191702825320243
0.0447809251657798 -0.129438691062384 -0.0968895872801205 -0.397344189093871
0.129307669693824 -0.143599148194775 0.130975761798906 -0.362314642766387
0.112898191311811 -0.144401374036713 0.166033997307356 -0.278247289391826
-0.0283552268302143 -0.147999085330766 -0.0644622109082532 -0.305365076356609
-0.187482707388916 -0.0060210822583977 -0.413434738616236 -0.0735526352279843
-0.143413320001848 0.224714812557702 -0.279205010912576 0.365178306396346
0.0729285975211788 0.279104949133793 0.181560356442393 0.306144482057355
0.227962582688399 0.148562262408869 0.153468938184761 -0.067302152724588
0.250900274682883 -0.0366740981253863 -0.146543441188225 -0.0634828861788023
0.111377439163323 -0.115887179932641 -0.195303332992887 0.16465728712277
0.0371812261561562 -0.0839703841116442 -0.0565081113536105 0.0587872949039421
-0.000935292473086036 0.00655020354626889 0.0589238057827484 -0.0870790442289178
0.00634006939502071 0.00568863186251917 0.201316218775133 -0.196242234692963
-0.0200139422164479 0.0164835426362414 0.163704054199575 0.0659173443179065
-0.0245490476600686 -0.00130518682781037 -0.157081935008095 0.135859456246656
-0.033394050321089 -0.0338128716789221 -0.270021899417412 -0.275165881057954
-0.0125106201822098 -0.0444567055718126 0.221273620570937 -0.455081808936555
0.0171310610057208 -0.00689287518125688 0.46662092032977 0.00701432360643312
-0.00269032242393437 0.0112522785703685 0.0891779831518163 0.324473287197441
-0.0239902070303786 0.016021349708029 -0.199290409873767 0.319468834472159
-0.0322352461190687 0.0128878129625464 -0.196506008147352 0.381867627513867
-0.0122545616748382 0.0140728054914338 -0.00468433669769732 0.442881251006757
0.0175792205247423 0.0198121584261855 0.215981737889709 0.284605152129985
0.0130210046048325 2.47815186453395E-06 0.22464224608625 -0.053779045545438
0.00603898906366588 -0.0185535781701562 -0.0526757379047453 -0.198741320434058
0.00596610989926992 0.00812083041733945 -0.187047725719594 -0.0246561090821394
0.0284293472140133 -0.0706329265912205 0.0456012561145632 -0.0635869858122456
0.118916089173931 -0.11453026584847 0.172014127643169 -0.181929926955679
0.217847237778034 -0.0391637623793439 0.159176614667833 0.0240589906349541
0.202739447543597 0.122118927934991 -0.124048263191221 0.0976903351186955
0.0330348020579867 0.219123152065176 -0.232460478501861 -0.265158565396948
-0.133567955703583 0.158339191553595 0.208406286564783 -0.402038982985012
-0.154555774267078 -0.00407722549397434 0.426738654594253 0.0193443148025579
-0.0344432621941482 -0.113033639254171 0.0810905995896495 0.305420837107074
0.0726499396218227 -0.0999585098834965 -0.178635589999584 0.300711078798225
0.0792346348813254 -0.0978659534339674 -0.181430187802414 0.366989213006272
0.0298884951965344 -0.100016334429921 0.0243892407076746 0.430047576900323
-0.0367976773686006 -0.075955145359988 0.247188898378562 0.250873125819102
-0.0876523869391266 -0.0398375182796103 0.230321601341423 -0.0871492942277246
-0.0983774913839517 0.0304273552270996 -0.0502322972908757 -0.210063238013283
-0.0534506269184744 0.0792846157399196 -0.17704153170824 -0.0440662243812648
0.032530319943428 -0.10254300886585 0.0342335242371445 0.00866075153243623
0.159387866219966 -0.168090409248828 0.124386463090284 -0.11443233137378
0.361936317197113 -0.0814988243301555 0.135698339511576 -0.039130065966182
0.360881717799594 0.206845583553757 -0.0302960329314615 0.00561407262013838
0.0644974380270898 0.402612315067322 -0.0770818122944135 -0.216006584272645
-0.243563065489286 0.274509676448065 0.22109654597061 -0.221258862637217
-0.271718835319312 -0.0421188678012955 0.307163935573342 0.0798013663145087
-0.06011519915239 -0.219366694905112 0.0669928745161526 0.237168212529207
0.116935942751442 -0.214511613313258 -0.0863007885686383 0.231012701114961
0.147946735391882 -0.22985190414726 -0.0527926874341218 0.284138542070881
0.0399161462667042 -0.250929441029666 0.168438292287526 0.312796485618018
-0.12644150718904 -0.198871899639062 0.327748845475626 0.0811730885609154
-0.206260848171302 -0.0734343850316042 0.196145040155259 -0.205098690205199
-0.186495617512793 0.0744246629223062 -0.0596638961479945 -0.232506808519233
-0.095085609334534 0.118085172608896 -0.140326271088572 -0.0897366601710186
0.00743546842058151 -0.0633419944351486 0.0354353334596784 0.0892360465567213
0.100159626018806 -0.103501765693254 0.0996648010780144 -0.0128010585144952
0.295547157000303 -0.0519677937410827 0.13263561947256 -0.0444912729668123
0.28009540269555 0.219280517224169 0.109115395294884 -0.0204653473370093
-0.0234617437383822 0.377488185721988 0.0972593270260919 -0.0592466699516347
-0.311859938989176 0.185148859103569 0.180397044439764 0.0198695615180923
-0.278679289242089 -0.14135344574494 0.141856377477619 0.117815756935426
-0.0779595640761008 -0.291189662634901 0.0452262842937882 0.132231695852973
0.0520590699571921 -0.298784505544454 0.0165177745672811 0.101421380676912
0.0587454556907615 -0.315335390620587 0.0838050110727606 0.0729116935483339
-0.0709835024932728 -0.301033156504622 0.218122625593951 0.00753636968556698
-0.217605160885968 -0.200886330710395 0.231708730228194 -0.162610431703071
-0.241315098304566 -0.0472549365407264 0.0666141812937897 -0.276116122575831
-0.189409477187247 0.0868473398762127 -0.0639740167337842 -0.222892357174861
-0.0961472753008462 0.103432714338682 -0.0896106684889506 -0.138921311656586
-0.033638129723731 0.019049436872928 0.0541286574315377 0.135026441750132
-0.0312501267951516 0.0266769066288354 0.113578689001847 0.091051216711321
0.0285577730518226 0.0188311159107554 0.145083452201428 0.0769137686198735
-0.0355480918194844 0.0969091259043165 0.136198662425076 0.123998375070519
-0.165597277573114 0.0798051665393032 0.0623727598739948 0.129491157530229
-0.241690438794076 -0.0863018702016063 0.0318490138693682 0.13233709170107
-0.162068221665346 -0.256646885728284 0.00413405165175457 0.0712102977025931
-0.0835389632469746 -0.319148118462288 0.0146011186510157 0.0108727280618253
-0.105724006209078 -0.302847455744281 0.0311437581408062 -0.0482108991495218
-0.179549835087377 -0.198093005173641 0.0457508325489782 -0.137578745656844
-0.196170375479152 -0.034640816336837 0.0353966520842151 -0.205670892308137
-0.111329306834596 0.0400797991443504 -0.0220200159390487 -0.210454743750236
-0.0410096815659715 0.0173749846021929 -0.0758356784087244 -0.181734806308071
-0.0635962445273424 0.0264345107483329 -0.0662824751437452 -0.151131593192183
-0.0544153537969283 0.0319490193842486 -0.0481702612433059 -0.153451582860692
-0.0666955216790276 0.0883876775556503 0.0867962751592053 0.129671977618486
-0.150499065579987 0.106438800782792 0.131981755229263 0.174908128299613
-0.208021092073288 0.0257884086571111 0.0685518984968816 0.236807662433317
-0.251272047429363 -0.102703908917843 -0.0808568804866592 0.234001060751733
-0.150764524004628 -0.232551431908351 -0.175345369884719 0.0833284973996155
-0.0340340490803978 -0.297598482791742 -0.0928168095779471 -0.00950715743940142
0.00628096764189011 -0.305902179378902 -0.0335064218972949 -0.0530591372846053
-0.0754342347445015 -0.306141235489442 -0.0234371829555963 -0.108851981383232
-0.249705231854125 -0.210024196856284 -0.0873687264988575 -0.136187324548894
-0.340758477433691 0.081224364273519 -0.138535649984262 -0.108962915769718
-0.133293254014017 0.343537780905007 -0.10130948270497 -0.0676115121242983
0.181831140938238 0.28252980033486 -0.0991439286253382 -0.0664734945911282
0.268209185978726 0.0176949837422639 -0.130248310608877 -0.0404695738348789
0.100562475107229 -0.0883230359741607 -0.0909234121802571 -0.0370706342798942
0.00298500040970259 -0.0607285884287318 -0.0350126472371696 -0.109928379145102
-0.0764980776897402 0.108651912311883 0.124109457737279 0.0889501170111653
-0.180418276214968 0.0962123687015891 0.122480640222087 0.216214557274253
-0.231306160884019 -0.0222093157129883 -0.0906836044114312 0.255685888478732
-0.192722989932223 -0.182718203622651 -0.298711800616241 0.0680724305561843
-0.0178108546100661 -0.266455772876603 -0.256390950025897 -0.192384327828408
0.124901927592436 -0.280509929277198 -0.0403611673362587 -0.242978722969314
0.113403871297764 -0.257398993397928 0.0402905665494703 -0.190770739616666
-0.0580663062547081 -0.245696418419957 -0.0563445108676878 -0.218447569084761
-0.279835734915031 -0.0807537409105133 -0.267360703821453 -0.126075567506442
-0.288617058138784 0.265047407730998 -0.262781939372319 0.133743870017173
0.0199006182067619 0.443711250656746 0.00654643713323631 0.179597579761528
0.332037990144467 0.284601729781981 0.0311197023956222 -0.0109378171110186
0.381429573419385 -0.0308163946757364 -0.136246390837773 -0.0113019234038139
0.165677238706778 -0.159664870487991 -0.141120390784124 0.0800584364926949
0.0373225954554694 -0.11131094470782 -0.0433946462735606 -0.0239556561513965
-0.0542176892384401 0.0777451074757475 0.156278707087842 0.043183010536052
-0.122463770341308 0.048152007467269 0.0912763726312707 0.215882759594893
-0.128894803351209 -0.0325368834907408 -0.196337078508986 0.141450898175987
-0.0708863231128168 -0.111608534723695 -0.286016372109098 -0.175630862494186
0.0389957897266049 -0.128433852294666 -0.108665860730697 -0.380184130485062
0.119640376791656 -0.144300508778429 0.113370726495116 -0.358472694702209
0.105123603503366 -0.14487501574977 0.15290928723998 -0.279310730348326
-0.0348218154631387 -0.144220311674339 -0.074319541815902 -0.296065960186918
-0.184107604148927 0.000578262301306701 -0.406509692991011 -0.0539869336906085
-0.130728287352821 0.226367713739276 -0.25615859773828 0.367103487458426
0.0838257824372996 0.27074247928838 0.190232493381758 0.290499209976449
0.229220580175881 0.136800923516197 0.146808298145755 -0.0750598318303126
0.24445087698177 -0.0469382564304538 -0.147699892600394 -0.0572110455701966
0.103693013950271 -0.118942043331693 -0.183959259902482 0.169789907555248
0.03404060441602 -0.0832681396676735 -0.0540312783102949 0.0569615810730139
-9.30419848017459E-05 0.00578281742204242 0.0534867977298485 -0.0850216090978732
0.00739991358660955 0.00264418978750373 0.18923205031053 -0.19633314411583
-0.017082854408467 0.0165620893382531 0.16346981532252 0.0577039311967326
-0.0241757444954854 0.00134214660518661 -0.145134089407169 0.138454524928365
-0.0355324067251816 -0.032946979038991 -0.273549586402769 -0.253730270512517
-0.0142222569591324 -0.04344268243095 0.198773093238524 -0.450787752263701
0.0170419432817478 -0.00762749639263207 0.456994661773456 -0.0115154914057973
-0.00332670758551428 0.0111827549634535 0.0990120342230353 0.312078685409809
-0.0241810543633393 0.0164696092269858 -0.184019494796954 0.316723084848575
-0.0346095541665206 0.0119144772234048 -0.177264541356004 0.377276449114174
-0.01522540988616 0.0145375338344638 0.0133245433803673 0.429446496260281
0.0168027207718078 0.0205218731385677 0.221008693725709 0.26805325103869
0.0133110669447161 0.00161171131072291 0.215403387583276 -0.0615571269252495
0.00577779967719047 -0.0176570935497786 -0.0598289588864972 -0.191656315982186
0.00802793290625558 0.00581691534345309 -0.18232609930314 -0.0128050353484616
0.0265456771570372 -0.0677123824634174 0.0414246541603149 -0.0616028738643762
0.111690474234734 -0.116257165014384 0.15904801986791 -0.18273096762659
0.211973575127343 -0.0450535652893374 0.155975208807293 0.0162630419884648
0.200544850563231 0.11447462795576 -0.116323194934095 0.100862231058461
0.0377640263344838 0.21130177449459 -0.237667528928755 -0.246248027409384
-0.12608661008747 0.158922307655833 0.18897645805245 -0.400074556613429
-0.151189773498068 0.00104622708681933 0.420200523943626 0.00112571410176288
-0.0380717493366597 -0.108783432310973 0.0911300132962561 0.293603646268808
0.0686695477320684 -0.100701514843808 -0.165139794085286 0.297389096614888
0.0714072570830196 -0.0979621629867355 -0.165157255071815 0.362185181335156
0.0228429543034368 -0.097329223707269 0.0407242906883241 0.416599822860734
-0.0385905058278952 -0.0699642642545071 0.250938058814575 0.234933553129056
-0.0854011474786693 -0.0342039649028645 0.221277355633181 -0.0961153801603258
-0.094282292700813 0.0333394630068976 -0.0576979310983613 -0.20436851506993
-0.0468207254376638 0.0771964070790867 -0.175322399743281 -0.0324215469013199
0.0293048157449584 -0.0973258236883483 0.0322685275016012 0.00838845879077073
0.150282294611096 -0.167694097844763 0.114577596228605 -0.114204634113037
0.349966082124577 -0.090426843183569 0.12859157750808 -0.0439544769280615
0.355742270973469 0.191218580145585 -0.030387715049417 0.00908513855793939
0.0784428470122568 0.391020823668161 -0.0869608025658238 -0.205806688058726
-0.228930383627482 0.274541014890433 0.206705782819491 -0.223408854424181
-0.26701826164481 -0.0320822256393721 0.303476378204482 0.0641925370563615
-0.0669455766549946 -0.212273063396769 0.0737889399075658 0.227153166465913
0.109593330777556 -0.21377334828015 -0.0770601110838481 0.22807150669215
0.135954913110574 -0.227968729220087 -0.0428918218288464 0.278835645587679
0.0287537444603167 -0.244200737631367 0.177157962791624 0.300569768870234
-0.128796362251984 -0.187504513349318 0.322502994943811 0.066352537868122
-0.201696453951877 -0.0647562419648583 0.184138647558932 -0.209985003193224
-0.179733330274184 0.0783866102867678 -0.0685603243822878 -0.226669214072357
-0.0858658903864374 0.118955619390255 -0.141196123247356 -0.0796921096387891
0.00559541826359384 -0.0589372949108947 0.0359605757822556 0.0853600108039319
0.0964410295395454 -0.101312418261731 0.0941292805486187 -0.014890881347488
0.285958691885151 -0.0596048201014596 0.123737126529205 -0.047445675476242
0.278809362243094 0.20397044455539 0.10272206691871 -0.0210718381952341
-0.00815740774567678 0.368935785952954 0.0882640846135438 -0.0595081564967671
-0.297308457828546 0.192479732049069 0.174995487075153 0.0117683715614721
-0.277927096436441 -0.128678968473716 0.143714040242089 0.107990906655212
-0.087151875868853 -0.281331583335021 0.0490927031559332 0.126616267890833
0.0433763095636333 -0.294503238600406 0.0187590158557005 0.0997657818251763
0.0483466973911257 -0.310298703220781 0.0822512003793504 0.070174980609954
-0.0781825668402286 -0.290491303923937 0.214230734342957 0.000971313289652848
-0.217383211660927 -0.189000756626527 0.221796274921748 -0.168943377481857
-0.237547467771457 -0.0379777882092998 0.0564659445076525 -0.273901114015821
-0.182294255119128 0.0915672260351651 -0.0723853846340674 -0.217552228815777
-0.087646902655269 0.106619852526896 -0.0939015900170786 -0.131035845326155
-0.031191761928117 0.0228714067289052 0.0555399196081989 0.127581273071312
-0.0278946931933379 0.0298901256203456 0.110630429756895 0.0849227637004137
0.0280072193606704 0.0184890381636512 0.139606089022015 0.0692142489121519
-0.0310868495097121 0.094983538289737 0.134406205241322 0.115114918906972
-0.156855376395656 0.084075431813965 0.0621229063010552 0.124325617364013
-0.235822734224265 -0.0753203401723904 0.0354830304041139 0.124754059669091
-0.168333171680346 -0.244112965455604 0.00805473046425235 0.0683394407022917
-0.0932081167809699 -0.309492784413968 0.0135794939874129 0.00951529448221516
-0.111218466940992 -0.293633239654837 0.0282554942964951 -0.0462253612634759
-0.180890570797423 -0.188698739021682 0.0405185013897951 -0.134408040478363
-0.191958381743201 -0.0275633308863305 0.0274508790330555 -0.201331417075163
-0.106902984747401 0.0411851885071379 -0.0283348345307125 -0.205626069832718
-0.0391136567962329 0.0168355253237313 -0.0815667033444941 -0.174976620005884
-0.0624335275707565 0.0297058103497437 -0.0704561204986799 -0.146192934187265
-0.0495624469359646 0.0370169831254345 -0.0546606920022761 -0.148052755149246
-0.0604992156505061 0.0899614892536011 0.0871756707986362 0.120703153622921
-0.141959005680685 0.110981521781085 0.133240759735566 0.164517573862836
-0.200610995791734 0.0336312852650043 0.0723856097885083 0.227836821841148
-0.24597727896502 -0.0912427656557856 -0.0696302621323498 0.227615029887407
-0.154039456217988 -0.220354689937327 -0.166689438703639 0.088593625338087
-0.0411597618650446 -0.287630704432118 -0.0903577987912395 -0.00807348335798451
-0.00395110340548686 -0.299287901152428 -0.03299417263597 -0.0518503201914763
-0.0845632631581495 -0.295627957553376 -0.0278923532099211 -0.10560972062036
-0.25166955505338 -0.198764648226974 -0.0901707335333896 -0.128525265894071
-0.332154993211649 0.0894559662966595 -0.137997588574388 -0.101218283825071
-0.120373291643968 0.342407806343237 -0.100554014096877 -0.0639148385985097
0.187460152107705 0.272481773113746 -0.0994252754468615 -0.0633797402722938
0.263830619355385 0.00779885251072508 -0.130393377747323 -0.0335778071889633
0.0951793370338522 -0.0887508418823258 -0.0886108466149763 -0.031810568126798
0.00251704834577194 -0.0569212432296451 -0.0395393171287642 -0.1064138541914
-0.068640090065676 0.108042674000313 0.122610284811294 0.0789845198353619
-0.170695316572914 0.100297495055401 0.125264182450124 0.204185778966009
-0.225245063471751 -0.0114771727466045 -0.0793580058951351 0.250041536132549
-0.193766190085127 -0.169159139967798 -0.284809291406271 0.0753055565403001
-0.0261169920100815 -0.25772989095677 -0.252442827300039 -0.175968806154914
0.110486431847303 -0.276403372802544 -0.0466317575601786 -0.234855097081283
0.102067462948794 -0.255417051679924 0.0345115829005724 -0.188492960786058
-0.0652265774735003 -0.23790321790808 -0.0642523057370363 -0.209981913766621
-0.277772564848264 -0.0723002607084944 -0.265269786161718 -0.111218041290146
-0.277450349507276 0.267672036239256 -0.250163418281937 0.138353672898102
0.0324454935351602 0.43832084177307 0.0143439254587049 0.172747105536811
0.336727141991652 0.271901179743497 0.0271592656480443 -0.0147549196957838
0.373315608605428 -0.0420584872305861 -0.137259242523246 -0.00335441224601015
0.157236936780833 -0.161116586890391 -0.134229666853574 0.0873663711978129
0.034286552767455 -0.108415118320496 -0.0433274762123495 -0.0228522063625156
-0.0477279571298774 0.0780729888520289 0.150908273156837 0.0348332667735363
-0.115674853822769 0.0513061789017998 0.0953028795321323 0.204893468260623
-0.126124285367322 -0.0249902296625872 -0.183721710162386 0.142752178160661
-0.073957132856777 -0.105223304966708 -0.281166251259864 -0.15991667511865
0.0330264359968146 -0.127315691810762 -0.116567543329121 -0.363440387564702
0.111528527465019 -0.143738411658669 0.0982493937754532 -0.351718977239086
0.0976865232925922 -0.14370926097516 0.140361426550111 -0.277666424718256
-0.0379529290144936 -0.140192979801432 -0.0862868083403538 -0.284683245724435
-0.181810854676841 0.00482811890142584 -0.398881606492845 -0.0377245227405064
-0.1252951485845 0.226652328447094 -0.236620346625508 0.364699608636427
0.087606252696387 0.267200882680356 0.197841889560851 0.272874236721239
0.232245944377715 0.129279497606726 0.137701529157465 -0.0818175360242598
0.23843887530175 -0.0552664069702068 -0.151849617974971 -0.0469835896310133
0.0975511690746235 -0.120313447881811 -0.172865993341226 0.176925087879965
0.0305752732390078 -0.0827899335287022 -0.0495097252832194 0.0566878832668009
0.000774151210299111 0.00639701971231186 0.0519658951698379 -0.0830346999599407
0.00784969723519518 0.00238048652177372 0.185148247749055 -0.196548877804253
-0.0162195924094134 0.0173105052806559 0.164346651851761 0.0564455443240642
-0.0234199128758536 0.0025813157912311 -0.141817015675806 0.140835518383079
-0.0358317729884378 -0.0317869509675256 -0.271936107243324 -0.246311048404842
-0.0142064784295718 -0.0422885183079625 0.191731878403757 -0.447030830024334
0.017558095009388 -0.00761418311552913 0.451525335470772 -0.015016721600615
-0.00331573913925331 0.0114388272339734 0.101295981295158 0.306943555136756
-0.0241993698758775 0.0153672464690261 -0.182151687083193 0.313109310930252
-0.0337504057781275 0.0133374335128036 -0.174233018917223 0.372621196099651
-0.0141964570896949 0.0151307748809104 0.0141257539695624 0.421590070412862
0.0172515643388966 0.020332540186823 0.217122724234257 0.261615286856412
0.0133755400563637 0.00211180696064116 0.212841044951873 -0.061679340186829
0.00509469849047232 -0.0169062177841862 -0.0592159576977534 -0.189504394808926
0.00843052524463774 0.00473478105640535 -0.179917853688697 -0.0101599568877125
0.0260058552879147 -0.0665556153266314 0.0404697171205964 -0.059780145574164
0.110145287256973 -0.115332015106484 0.157196668526334 -0.182195582183878
0.210345711591866 -0.0457943587841013 0.15524354490998 0.0140266470597044
0.200579335201147 0.113552195775874 -0.112582745112472 0.103626370326657
0.0383673598275328 0.209383416431492 -0.237513364235676 -0.239007718784242
-0.123670079730609 0.158821384641251 0.183762502074788 -0.395042469502682
-0.149459094387555 0.00147620264967764 0.413591351862081 -0.00207607586219274
-0.0377522914920589 -0.107261478875895 0.091751326484016 0.288276477308076
0.0678629647742681 -0.0993101229125251 -0.162929539232501 0.293223613845673
0.0693817389856176 -0.0950677383752898 -0.161594713227048 0.357394152500177
0.0223033999954475 -0.0939778468804903 0.0409824159045842 0.410881942080604
-0.0372906705978084 -0.0673514682795502 0.246708473635374 0.228701559176207
-0.0844614480563617 -0.0324112986234312 0.217492309600216 -0.0962430845466465
-0.0927363165635484 0.0341927711633725 -0.0583746578781812 -0.201088573986254
-0.0448194612808047 0.0774150863214413 -0.171620505449284 -0.0291084223841171
0.0293990192542881 -0.0950307443208115 0.030907108926127 0.00911292151028316
0.149073726452007 -0.166590819815307 0.112385590912417 -0.113593393595098
0.346402724456659 -0.0935984485910005 0.126416659903798 -0.0442235876704673
0.355043994997058 0.187378925571214 -0.0298515954161627 0.012296543643919
0.0793721618476549 0.38788896061256 -0.0898248351280237 -0.19874686815068
-0.226366350864619 0.275307034171634 0.20349238724701 -0.222277004052332
-0.263866673440939 -0.0297403099123713 0.299751853800623 0.0610776945727597
-0.0656550402244693 -0.209890707509484 0.0741895109717872 0.223456115432697
0.107983591432924 -0.209873535771923 -0.0766870245066556 0.224672877675698
0.13234101934109 -0.224602302661868 -0.0428384903181513 0.276055543296163
0.0281811129258356 -0.239448624537187 0.174604378812339 0.295375122695771
-0.12723327732502 -0.183273549361536 0.31822683077739 0.0624368325359632
-0.200512595665764 -0.0626570333466981 0.179681211540926 -0.20900793597816
-0.176233760429385 0.0800160492187197 -0.070274348915729 -0.222532279804473
-0.0839969254424697 0.119281515770595 -0.139276110473 -0.0754574836087881
0.00587177135822654 -0.0562994565152455 0.0350813510568903 0.0848006362175781
0.0958817171170008 -0.0992102778210691 0.0914725613286562 -0.0143804949977343
0.282489624839373 -0.0607502002979212 0.119759463364603 -0.0470403992731518
0.279353776477737 0.201341496360658 0.100584945949236 -0.0199634102267488
-0.00585588789811061 0.365390772262397 0.0835656204062481 -0.0562251730735967
-0.293402914749438 0.192656428468547 0.172747134448588 0.00897267356438058
-0.274040353478735 -0.125298685167629 0.141821719860886 0.104411473743955
-0.0869497597888727 -0.27714035879977 0.0484082349790079 0.124790276240263
0.042658238340299 -0.28826909995014 0.0182891619423809 0.0981678231027222
0.0463720566639797 -0.305088902047853 0.0802987617808326 0.0696237987749814
-0.077641536677673 -0.285425938483566 0.209840812917118 0.00257385824408756
-0.214274135636822 -0.186307554990973 0.218188694077701 -0.166629454133458
-0.236267951914163 -0.037062746246893 0.0537151749696895 -0.271621711816956
-0.180823906866952 0.0935549195185311 -0.0730744561766015 -0.213979729462689
-0.0853438752031258 0.107941874024029 -0.0930420826016357 -0.127144264647386
-0.0305284323423483 0.0245476788610264 0.0544116832002155 0.126134644516275
-0.0265565073687292 0.0321692488702396 0.108380776970991 0.0843758461060427
0.0271243112896414 0.0196559251217662 0.13549361235326 0.0682706621374329
-0.0305119817990933 0.0945423976370541 0.133026800014163 0.113724232987934
-0.154482623335087 0.0837573206922705 0.0597447544726508 0.123532922048234
-0.232817916448567 -0.0725454503936468 0.0358601677974236 0.119749815286925
-0.166202058830473 -0.239396356385494 0.00794781274182502 0.0664764850338638
-0.0924888171214524 -0.303682629577278 0.0137322722955658 0.00901464518921086
-0.11107308470868 -0.287547223725358 0.0276811787919529 -0.0454530591182318
-0.179886305122546 -0.184576698752756 0.0382800978081481 -0.131204740311034
-0.188742834260686 -0.0259795867193451 0.0275864322762683 -0.196911057284379
-0.105311777429662 0.0407670431824145 -0.0269201114903915 -0.202753168641926
-0.0402760776017874 0.01665282924698 -0.080192510687987 -0.172347794181791
-0.0636772460639017 0.0321838604513004 -0.0697882396413494 -0.14527597250183
-0.0479851341261919 0.0398576954062679 -0.0542905474467105 -0.146607168237321
-0.0587936186516543 0.0913215567001019 0.0862388226037896 0.117575745658322
-0.139507722037712 0.112791957657807 0.130872267168543 0.161052381807372
-0.199631697856639 0.0354040159915483 0.0720464026920239 0.223997960087059
-0.243468837343988 -0.0885159769614612 -0.0680004990482316 0.224014942967534
-0.151986532367424 -0.216327764525141 -0.163641543554672 0.0870947794991666
-0.0407794812902458 -0.283809835152182 -0.0883694242681093 -0.0105002496393772
-0.00446632086737728 -0.295602211076291 -0.0316157030098099 -0.0523131214252795
-0.0838012164793874 -0.290801847563611 -0.0279673908234771 -0.10404135244451
-0.250409382863799 -0.193129646788913 -0.0882286709167386 -0.125973816822723
-0.327800306999261 0.0902743389680377 -0.1364181155866 -0.0984994818568477
-0.118627638369126 0.339063814773116 -0.0984184904628671 -0.0639092056812616
0.18651893305078 0.267569707523898 -0.0959350210561312 -0.0646459947164887
0.260301860759997 0.00676642963959868 -0.12898742822929 -0.0329958472178921
0.0923663479580939 -0.0857290406113202 -0.0870353944483386 -0.0313704821931149
0.00345610202348009 -0.0533408456011785 -0.0393916735832839 -0.107055643870609
-0.0664867536102201 0.108427687532268 0.120709486473718 0.0756404617135993
-0.167228577881903 0.101981958768932 0.124847803920236 0.199771126327698
-0.222298234629165 -0.00843790254555652 -0.0773221909378156 0.247341174042933
-0.191887368414821 -0.165309998376928 -0.280970836446917 0.0756722433337003
-0.025433973651252 -0.254309269148905 -0.248447081241718 -0.17432189332753
0.110349534388249 -0.27268360442157 -0.0455459033969695 -0.232844667544493
0.0997136322851923 -0.252663839348371 0.0343208330423849 -0.186293489880385
-0.0656613306344322 -0.234664858271928 -0.0641829602754996 -0.207051539289339
-0.276740895944065 -0.0703846153230316 -0.262877444782702 -0.108195721245509
-0.273561096105388 0.267333333508649 -0.246505017264955 0.137355927542077
0.0339290001242155 0.434889396495449 0.0159208864674648 0.168578460863233
0.334200782914693 0.268241487805276 0.0276951880387042 -0.0171753744699971
0.369851966030991 -0.0442419581914842 -0.136699849344777 -0.00361625298718115
0.154194237056614 -0.158542932583036 -0.13183416559255 0.0872725564011141
0.0332147020269161 -0.105870866839433 -0.0433153434668423 -0.0249219878078647
-0.0464150104840566 0.0779072685021826 0.148585589886547 0.0314861903052364
-0.113294596474816 0.0525565795121838 0.0950992737849384 0.200447524846084
-0.124300970605079 -0.0228902013459906 -0.180916924090443 0.142588135331228
-0.0739846778612807 -0.101912571739989 -0.278607616815493 -0.156571754289431
0.0322274268300474 -0.125107341015077 -0.114407783426262 -0.358525898124745
0.109763736054202 -0.140573880168498 0.0954534416805775 -0.34745926244344
0.096293478030189 -0.140984563400615 0.138836238505212 -0.275578698217846
-0.0389892712376352 -0.138017201111077 -0.0863325191358851 -0.281137703845418
-0.180402822691236 0.00470753059657369 -0.394618189551421 -0.0327111496909059
-0.123108231733538 0.22459130801569 -0.232255612237889 0.361271540478438
0.0883967936421114 0.26437041331777 0.196757979465601 0.265889854545734
0.231345810875661 0.127321102799417 0.134588728446019 -0.0849550642564881
0.236464392725644 -0.0567444098831952 -0.152854492364077 -0.0460370003451169
0.095125915163175 -0.120284132817244 -0.168207757569712 0.175911711700402
0.0301185719296702 -0.0821555673883704 -0.0502534835420801 0.0542407723511346
0.00128807548277831 0.00727555806173276 0.0517175734482282 -0.0827448808463509
0.00711109718740901 0.00298068664835229 0.184172962997289 -0.201036917895916
-0.0152335888806464 0.0183449723876594 0.168735626064815 0.0540605624439101
-0.0236618075116472 0.00404534306125482 -0.137942312455912 0.145532802512748
-0.037435338795354 -0.0315348857601055 -0.277466893550632 -0.240817886681072
-0.0142514164765374 -0.0415429356024289 0.186629171624226 -0.45259560988781
0.017791327879061 -0.00850488808086969 0.453456645369465 -0.0212909635517042
-0.0038889332891339 0.0106584469676096 0.105400871286154 0.305711240764243
-0.0234705636806254 0.0154590384782358 -0.180027988290325 0.315082323543251
-0.0334258211412838 0.0141800920083874 -0.171433854638394 0.374536518266749
-0.0140844845973569 0.0161825209835382 0.0184418338916099 0.420041494090605
0.0180763772603547 0.0201675457377496 0.219873145720612 0.257486230091171
0.0139822951748051 0.00310768987452093 0.213067005193823 -0.064883144563912
0.00461388301198547 -0.0167635860998366 -0.0617276435794397 -0.190841384522894
0.00855930713805361 0.0043551774403246 -0.180327630648089 -0.0063489728888817
0.0260912494669528 -0.066618001112899 0.038893955685015 -0.0601041997935146
0.109191751098209 -0.117739712039339 0.155068719506581 -0.185941909331777
0.21220286672447 -0.0489884704047833 0.158147032428976 0.0118325690163726
0.203550931237611 0.112170417918059 -0.10979813570233 0.109419338943111
0.0410876412256349 0.212261688479177 -0.244687897399781 -0.233819581662776
-0.123444291675892 0.162106729139405 0.179879255968934 -0.402426302996056
-0.150265316228135 0.00418398341916592 0.416090037033694 -0.00876841135608832
-0.0397782417809668 -0.107175999752447 0.0951682428934646 0.287235331803218
0.0671936309517651 -0.100718085770533 -0.161454540797942 0.294679742094742
0.0677116893188867 -0.0945605190815662 -0.158218456965962 0.360324181690217
0.0217920671828014 -0.0931701456013793 0.0446248498029534 0.408694365523578
-0.0374782727983075 -0.0662255664656917 0.247937147415074 0.225401122855429
-0.0851342796850221 -0.0305226276912045 0.216919118895794 -0.100328850082746
-0.0934965027296018 0.0366793351166013 -0.0612065940891978 -0.202072360708703
-0.0434231920512927 0.0782478363619592 -0.172710303337728 -0.0251864329143621
0.0281144331834785 -0.0950816723344902 0.0302334861992212 0.0103777238487506
0.147508771290695 -0.169389670698842 0.111463044339304 -0.115659282037543
0.348117403102126 -0.0997538145055685 0.125750346020549 -0.0459616406148153
0.361828264229505 0.183858240964776 -0.0290812071172166 0.0161638708484949
0.084835709953376 0.39009389477097 -0.096013006717649 -0.19589308812485
-0.223782641466513 0.280326902247203 0.200872038612343 -0.228471422596363
-0.266136016144693 -0.0266771450363602 0.30175081062433 0.0562336244810663
-0.0691159977056527 -0.210044470392954 0.0771342755941103 0.22361318074956
0.107149174996596 -0.211319309019838 -0.0739475634145747 0.225629318991575
0.129126246703516 -0.224923473267568 -0.0411150144602239 0.277895774643472
0.0259015238879334 -0.239359546516829 0.176646317780169 0.294216626828548
-0.129432944092523 -0.180382444957111 0.318222668931677 0.0579189436464926
-0.20273499619991 -0.0594466002887418 0.178122782505743 -0.212024767367345
-0.176484363533648 0.083741679044344 -0.0736330992151531 -0.222745601597481
-0.0814597218459125 0.121657674260035 -0.139964026079022 -0.0725848264187414
0.0046200067020166 -0.0550047832091974 0.0357124244025074 0.0853574198303529
0.0955311840288262 -0.100348562741815 0.0909486126433101 -0.0154289706566167
0.283540367382819 -0.066250140237069 0.118043726012327 -0.0480191913141509
0.283521357852286 0.197366398720477 0.101071187342027 -0.0183004467939968
-0.000767866050267719 0.369021037179022 0.0804615468434899 -0.0555868055757845
-0.292625908541173 0.199491124519717 0.173045733497891 0.00537699760293338
-0.276502176126677 -0.121651639382715 0.14390249808738 0.101587926899813
-0.0895128946810718 -0.277421724212107 0.0502624090643459 0.124281438140365
0.040907566153662 -0.288574357370897 0.0200755192739141 0.0980655639427572
0.0419673132389705 -0.305743676036771 0.0796218614820191 0.0702550518726006
-0.0798223316059889 -0.285561483110846 0.210059309875947 0.00156837101908701
-0.218080842836425 -0.183453338744763 0.215864400659357 -0.168087035441404
-0.239208787656645 -0.0338042596292386 0.05033481361979 -0.272043216031085
-0.181528908417402 0.0984757630951374 -0.0768856385895913 -0.213448043696988
-0.0843267735306654 0.111441934887662 -0.094135123816681 -0.125858999131386
-0.0310836382417363 0.0273560159739613 0.0564539052482738 0.126211312463927
-0.0255300254945815 0.0356566286485655 0.109324558115912 0.0837825390230146
0.0254454263484895 0.0197015648539496 0.13563113248536 0.0675329917101755
-0.0304494268761582 0.094565481587277 0.134429926700298 0.112804575041851
-0.153894037803609 0.08618124324186 0.0601490881125697 0.125648232842268
-0.234613955901514 -0.0688385082613359 0.036879905366705 0.118008325935333
-0.168982069301296 -0.238104206169883 0.00881032389699854 0.064597232461701
-0.0966740874944186 -0.303957931834589 0.0134519477140023 0.00994504646154846
-0.115872579886411 -0.286194075054208 0.027338949475818 -0.0456307107698154
-0.183316536929454 -0.182346432968539 0.0362284925566895 -0.13156960895273
-0.190041697216935 -0.0226589299899832 0.0258918585414515 -0.19660260923297
-0.106663682377634 0.0422489466638733 -0.0272248776912242 -0.203118714841076
-0.0423778677216264 0.0173651646849337 -0.08153147150314 -0.172053058275196
-0.064149461580293 0.0360712825961587 -0.0709417028127877 -0.143974651558445
-0.0471377033331526 0.0427386224980121 -0.055977374172456 -0.146815295726865
-0.058416412131771 0.0941543129603485 0.0891617822911469 0.116636568580087
-0.138758683572527 0.117479376017611 0.132995316003135 0.160526802193886
-0.2019641310562 0.0402152562912547 0.0752500994332998 0.22426527492984
-0.247541353141936 -0.0849771104912316 -0.0659162122478988 0.225242098014586
-0.154892543854296 -0.216565936940553 -0.162089253103117 0.0900274860419919
-0.0447504470053026 -0.284250997130694 -0.0892957196035215 -0.0115747318764812
-0.00925684581218338 -0.295931931183704 -0.031305364181496 -0.0540293059254172
-0.0880644708059428 -0.291223094218008 -0.0284598855439421 -0.104167063944143
-0.254652352047979 -0.190519874453149 -0.0903634740460032 -0.124628001121492
-0.327839687975052 0.0977595364723888 -0.139181469082731 -0.0972900496819099
-0.11415364415745 0.343581522688294 -0.0977466970473325 -0.064371492436918
0.191157269498279 0.26774434663925 -0.0951078850722089 -0.0648719876043353
0.260833875201023 0.00262271245759734 -0.128551960776526 -0.0321760871272496
0.0910449508468698 -0.0857426387948416 -0.0874152216617294 -0.0305950902661699
0.00312433913192515 -0.0518784003203266 -0.041051174918087 -0.109749488829686
-0.0657543646193997 0.111385962120319 0.122825679731724 0.0725719507458393
-0.167618080581132 0.106201181545755 0.128564579029488 0.198856213922268
-0.223827661924502 -0.00428177569694516 -0.0727614867956814 0.249854341832198
-0.195699412023923 -0.162035013004032 -0.28110030649732 0.0783919659829324
-0.0274580645367515 -0.254245122687637 -0.248489849194904 -0.171270738947564
0.106641680586907 -0.274885614249217 -0.0481743580692657 -0.235660155727875
0.0969438157964066 -0.252791410706917 0.0334386148277513 -0.188444378950347
-0.0693137181493917 -0.233820320250997 -0.0670816137625456 -0.207958015804122
-0.278664130629035 -0.0670458604273054 -0.265207535038151 -0.104262617465014
-0.271855190868206 0.274529569719874 -0.246300548217744 0.141195227493475
0.0395274876460356 0.438641494603899 0.0187456680617462 0.167510463877937
0.340567919134279 0.265351008504504 0.0284129333295604 -0.0215451973008148
0.372380848688387 -0.0511391022319935 -0.137838422681346 -0.00308769284939224
0.152725905816667 -0.160317993051272 -0.130023501212526 0.0895339799733194
0.0321866458710413 -0.1056328721732 -0.0443487946950829 -0.0271465321101997
-0.0454141595665845 0.0800071073199303 0.149257470799121 0.0272737222139916
-0.113528673840734 0.0550739434065001 0.0982901931325717 0.200270933559531
-0.124460317292423 -0.0205557417514084 -0.179322008146382 0.146153347902772
-0.0756024717663126 -0.0999486452695039 -0.282372378983024 -0.152115243208799
0.0312527716315915 -0.124961813462446 -0.117752475462551 -0.357098087193523
0.108401761515703 -0.142240486465741 0.0927655319289932 -0.350272714307778
0.0957156626476352 -0.141321488953638 0.137393975730516 -0.278703755525378
-0.0408638461186152 -0.13808883481816 -0.0903468985190815 -0.280760080605079
-0.181906428868576 0.00706088772837213 -0.397466685437068 -0.0266255292850459
-0.119630174248701 0.228974555216928 -0.228811680143438 0.364941294443939
0.0931668618549919 0.265646170968372 0.202267670126054 0.263735151042515
0.235371252755664 0.126218542715697 0.132680111506362 -0.0905752629496237
0.238505179864688 -0.061066920144528 -0.15705976142411 -0.0451067432300496
0.0944154300981931 -0.121663997749801 -0.167143043613543 0.180363713611142
0.0285666998739634 -0.0825453969233567 -0.0513279536527494 0.0525602869589192
0.00154995574169301 0.00716186129428499 0.0490996346345795 -0.0838040869925892
0.00770944269196628 0.0025703876005307 0.179925911965332 -0.208829128758776
-0.0152968594466685 0.0194843546634371 0.174933672707775 0.0495897319584864
-0.0233406200336156 0.00612202671759329 -0.132225759979741 0.152948228636154
-0.0380772414264016 -0.0303396332574632 -0.286958954512975 -0.231406083043233
-0.0153467372225194 -0.0410823481571441 0.174174894272931 -0.460770486481538
0.0183482729025328 -0.00901914587492241 0.45602819532515 -0.0361165268475591
-0.0036909918899187 0.0120304657179969 0.113887277381657 0.304422929767465
-0.0250641126427856 0.0159112153717369 -0.174202220752936 0.320474582648295
-0.033372797666101 0.0162525656135109 -0.163148254158577 0.380777323279269
-0.0136500858851444 0.0164333652152545 0.0284269203067589 0.418651671121861
0.0188999082413814 0.019932583328053 0.225783882708229 0.251386255412918
0.0141952641167205 0.00349993671077943 0.211414308622702 -0.0706285189688691
0.00370315652250207 -0.015540551602307 -0.067719526491681 -0.190610576073535
0.00822523681460458 0.00283090914605696 -0.180281306802774 -0.000151014487286353
0.0247632212006827 -0.067706692348397 0.0377881157566113 -0.0587310895010856
0.106831965535091 -0.121910036060454 0.151513783632599 -0.192853345666596
0.212281683489586 -0.0553823040199945 0.16089064752721 0.00722346471777973
0.210734620061673 0.108720626706825 -0.105417917384447 0.11611702634194
0.0469296290696922 0.213901184774325 -0.253743326686797 -0.225379044333646
-0.119067608556177 0.168489511657932 0.167661184760262 -0.409812879592951
-0.151550952300484 0.0082714880037341 0.418358677104516 -0.0218392463327887
-0.043840987636514 -0.106558549448523 0.103904805367069 0.285110125926083
0.0651947795086778 -0.10228787034299 -0.155927480359027 0.299831981692262
0.0651194941994918 -0.0950352299310115 -0.151119102057274 0.367406499994009
0.0202890093973163 -0.0926213657005958 0.05627402092903 0.407416598633148
-0.0378447502971951 -0.0638024814146124 0.251983524865984 0.217969664607497
-0.0860337948868115 -0.0259168033130748 0.214312141736548 -0.105958580574677
-0.0926287132930427 0.0410867688700535 -0.0678613778003542 -0.201668825488308
-0.0405239317444886 0.0810128488068565 -0.173068772842682 -0.0192732433413498
0.025635654109052 -0.095805158502198 0.0300240323316361 0.0116741344694787
0.143787863806602 -0.174453160321111 0.109473416279006 -0.119497097922689
0.348862001451216 -0.112056010255666 0.125079858701847 -0.0495292510528733
0.371848723423552 0.175765637759672 -0.0274248707261561 0.0192243197534471
0.0971398822635828 0.392754904123815 -0.104483787799104 -0.190834318555515
-0.217856486314949 0.291507672258568 0.196193986006348 -0.235974408449829
-0.26811616235214 -0.0179211390855539 0.305344521387747 0.0455035609742351
-0.0756085318896766 -0.209809746942497 0.0835647029115787 0.222209586733295
0.102384365505352 -0.213716728508177 -0.0699485791675104 0.227900024741042
0.123873265954713 -0.226448120421545 -0.03539161305017 0.280731741476028
0.0202317592753305 -0.23983053954735 0.185633024573945 0.28977700820986
-0.134171917155553 -0.177514777234204 0.319649178699998 0.0507066770318419
-0.20655674711237 -0.0527190567968939 0.171796749361187 -0.219289456477447
-0.175014061971299 0.0911646857851224 -0.0809121946750214 -0.220586543521332
-0.0782006333203191 0.126202383641041 -0.14282979254539 -0.0682931633107053
0.00327191226471713 -0.0536644189554555 0.0369139147795716 0.0866264387150841
0.0936481148738413 -0.10291807317594 0.0904912683108271 -0.0171555425323751
0.282204748344464 -0.0756836825511752 0.114734088132598 -0.0511216502231781
0.291838888192843 0.191655726023774 0.100273364996845 -0.0200507475790963
0.00895860063787506 0.373291109972283 0.0764040571900872 -0.0542684293844919
-0.288157951412397 0.210572656498477 0.174274264772151 -0.000414624896590512
-0.28284585441174 -0.113713662591772 0.14750540542784 0.0967512659114004
-0.0981228316153303 -0.27674372855175 0.0547239578392583 0.124411445695723
0.0339455734968428 -0.290796444883012 0.0220452978287285 0.0983630682863224
0.033259085452589 -0.308138822109653 0.0811177852506379 0.0690091610108851
-0.0867942083240626 -0.284609511616207 0.211941054847667 -0.00271795214301033
-0.224365041090704 -0.178359367832717 0.21371858999045 -0.17488348277753
-0.245290403542661 -0.0268525847953797 0.0436250559120904 -0.275347812629568
-0.180620559080995 0.106770713213224 -0.0837016974284354 -0.212270839796526
-0.0805996139272137 0.116973097581961 -0.0975652646641801 -0.12354453182217
-0.0302180873042603 0.0307465209189815 0.0603362804460154 0.124858073660419
-0.0252685351180328 0.0389251430964629 0.111086889672387 0.0809944223270676
0.0255384426076648 0.0202681612734057 0.135870737367535 0.0647874530117068
-0.029148588586835 0.0965823250984844 0.138114687286043 0.109501566329432
-0.151786580397417 0.0914070872850699 0.0632906826886461 0.126014421589095
-0.237926799403257 -0.0610907875088105 0.0407317829486592 0.114716707762905
-0.177803444732867 -0.235252740207384 0.0102999776249134 0.0626809781438834
-0.106098468753767 -0.302455917679603 0.0146422214010711 0.00917607695513561
-0.123784466598841 -0.282754896949082 0.0270388592160465 -0.045902377303913
-0.189292565350459 -0.177794705568876 0.0317383569463127 -0.132894129979541
-0.191409803890975 -0.0178966637933331 0.0224473471190099 -0.19795610126728
-0.106049697610301 0.0447969380110832 -0.0308651748985896 -0.203744306801031
-0.0448208800002288 0.0189211506805904 -0.0850347691866484 -0.17061559059119
-0.0645087668357932 0.0408013172665543 -0.0753301644242581 -0.144030587486596
-0.046572393957375 0.0462990658235742 -0.0583442445946645 -0.147456670155679
-0.0563584193358629 0.0986019967899877 0.0923233018384275 0.112594866430443
-0.136173546923831 0.12544833365601 0.139490300618533 0.156542307668067
-0.203533998821201 0.0479433026773319 0.0823322455638401 0.223616431117272
-0.252980633656921 -0.0782805627030616 -0.0596715532993142 0.227684910943014
-0.160709047343058 -0.214278281310122 -0.159617546700965 0.0952337326577722
-0.0521809542963854 -0.284196210338083 -0.0893045138413893 -0.0119768172930655
-0.0173020829771848 -0.297273234365596 -0.0316711001402555 -0.0542475029795691
-0.097534442650417 -0.289874820831494 -0.0318896827117709 -0.103463519244408
-0.26262047407471 -0.183834975944877 -0.0933293345979984 -0.123117918851183
-0.328280518750846 0.108136366699292 -0.141944427079514 -0.0938080807457736
-0.10649899420603 0.350734256331787 -0.0975585047092245 -0.062981422785547
0.200181817601659 0.264888973371712 -0.0953761764257348 -0.0645959818288851
0.262319581307777 -0.00512922585012083 -0.128340349745145 -0.0295159409526151
0.0881321662375898 -0.086676897378785 -0.0875964427312309 -0.028284987264552
0.0013153357382029 -0.0501293284154341 -0.0444864114950045 -0.111550057716764
-0.06215319300218 0.115443287889239 0.124694846611476 0.0671939176485563
-0.164943995353289 0.112899469074557 0.135046943365533 0.19517619381826
-0.226541292282982 0.00447292336979183 -0.0643025087280062 0.251922746542181
-0.202826562238967 -0.156582626327125 -0.280431846397237 0.0856984735409293
-0.0340554219313894 -0.255670497927919 -0.253381932641025 -0.167240611871962
0.0988839313212843 -0.278061035243691 -0.053820244131186 -0.236663353254672
0.0908433403213806 -0.25604842231858 0.0306741992181146 -0.191209172268066
-0.0769766169809873 -0.233472619553112 -0.0721843811615906 -0.207296284626138
-0.284185224537614 -0.0591999712896357 -0.269117179721638 -0.0983052912493447
-0.266351157522847 0.285125237760155 -0.244276863421357 0.149155309266115
0.0514799276770116 0.441672378295586 0.0257923395920315 0.165962645800401
0.350084161113924 0.258130168677111 0.0289043719269814 -0.025470300000982
0.373893701726234 -0.0631475040596863 -0.139522011874247 -0.000370609676836997
0.149047718508103 -0.165699106465351 -0.12806342862837 0.0937033061251542
0.0290884275816009 -0.105762706111219 -0.0472896659483917 -0.0285896534916742
-0.0421192325051864 0.0824817089919403 0.150361220920177 0.0216425010197942
-0.112890087717139 0.0593880105652333 0.105073128564582 0.197145174602665
-0.125610807397777 -0.0152801707722678 -0.174671498370018 0.151597480423091
-0.0790125828854873 -0.0955748262046017 -0.286997347840268 -0.145442731053491
0.0275387486990232 -0.125528723347726 -0.125460398919994 -0.356762386985703
0.105215455162411 -0.144208498881948 0.0849449115657385 -0.354839658919334
0.0924094214987548 -0.143910976910842 0.131482629377298 -0.284438978527886
-0.0454608127293194 -0.137164931361703 -0.0987369322066653 -0.281211324126334
-0.183027847553487 0.0124870514657347 -0.401340339306983 -0.0156738880156383
-0.114489949485378 0.235394885638992 -0.219432078709031 0.372012301506577
0.101491597354918 0.267283751454439 0.211225298021099 0.257052096333958
0.241174462826619 0.119876783602405 0.129826871984266 -0.0974895256271326
0.239203632339361 -0.0695474151184775 -0.16185121279911 -0.041456110680271
0.0912077502442012 -0.124812583229918 -0.161178976250892 0.18663747350376
0.0263680089372953 -0.0831201162290603 -0.0516483885767498 0.0521042603225925
-0.000220248617159539 0.00497832531881006 0.064837714657231 -0.0678716267974481
0.00396234465116963 -0.000491980746741198 0.215803668428353 -0.164535792969541
-0.0161941721588254 0.0145384995732564 0.15975024268265 0.0840366678314863
-0.0225192479208484 0.00401945468396445 -0.156818056051448 0.121926820265934
-0.034798778344918 -0.0338248705165319 -0.22987185922668 -0.275677854377616
-0.010490236371725 -0.0431124059053155 0.25917314177165 -0.411231842683862
0.0179553335635975 -0.00798262289135149 0.448764187931252 0.0530654552199969
-0.00588643882694426 0.00985333826457642 0.0527395087020868 0.314114454253692
-0.0265589339354539 0.00939083127759933 -0.230972406326952 0.276389007798166
-0.0344884006756673 0.00779025060341216 -0.229992450542567 0.335182510146819
-0.0159537691397765 0.0126953771720729 -0.0476346050766128 0.411263194365353
0.0132195235611857 0.0218144985611171 0.172803389422119 0.284856604040686
0.0116879276574933 0.00820671402357447 0.21839860543379 -0.0314546670679322
0.00718316356479761 -0.0109189525625138 -0.0308965030749055 -0.199631840632383
0.0106076275846449 0.00384867902134125 -0.174988755539867 -0.0288518941443408
0.0370945149127744 -0.0617426548493036 0.0481197147102018 -0.0464564561914849
0.127374213471291 -0.100656061431645 0.185573996291581 -0.154844606663906
0.220254338451905 -0.0121545143803695 0.153768614863134 0.0392484232501868
0.184957659170128 0.151069660985103 -0.123064234101183 0.0925024448128405
-0.000306730885129919 0.219990979013943 -0.2011088216336 -0.263052656801155
-0.153036497144888 0.139251500057031 0.243730155936149 -0.362585926777315
-0.150816096906383 -0.0241686351106377 0.409107057810867 0.0570856771827086
-0.0208746502584724 -0.112783024702428 0.0456125607002981 0.294727402032421
0.0830401473864192 -0.0879433812561748 -0.208243587494751 0.259544265177759
0.0814225933435793 -0.0798103899410296 -0.214822947365922 0.326467823678909
0.0372210744081799 -0.0875706506156919 -0.0185045164377905 0.404244655166046
-0.0269006901695445 -0.0699867310471158 0.206293506798413 0.256861075987864
-0.0800815889145426 -0.0392982610759867 0.227044164740146 -0.0688111611152319
-0.0970045040585088 0.0258044133754543 -0.0301902099137615 -0.210478543516465
-0.0504081880658546 0.0711231964556062 -0.166295493112144 -0.0481385221051853
0.0454184750456944 -0.0870512782979351 0.0253215394960098 0.0186246777046022
0.175383754942628 -0.141938549065523 0.128182987294187 -0.0930202219522825
0.362646545451317 -0.0406161181110742 0.129168376004076 -0.0225299746836682
0.325533409261066 0.247729572337378 -0.030058652827878 0.0153113426368851
0.0142381512461041 0.401953776320488 -0.0649736704003975 -0.200314156706825
-0.270970928597373 0.238139996868188 0.236184967628128 -0.188380392882647
-0.258993152767546 -0.0742142455585313 0.285922300656893 0.101852089646382
-0.0329304451026435 -0.218828334154024 0.0376546916707876 0.229589794743543
0.141998147150976 -0.189881427150431 -0.111763952755391 0.206994264221697
0.164432806185833 -0.195292126182485 -0.0867285968072763 0.267023900472191
0.0645834937122078 -0.22912804924869 0.129304418656393 0.316053830167922
-0.0988573045366062 -0.195370469098415 0.305078768840451 0.105759873557672
-0.19297506951588 -0.0874106287827356 0.206181485803177 -0.187580277545187
-0.186351036804498 0.0589825540679833 -0.041783259044213 -0.233645625582161
-0.0961507706143891 0.110510129398474 -0.128190072167032 -0.0907992204812762
0.0154332443241531 -0.0492412439757185 0.0174641111968829 0.0905793967072858
0.113347280171809 -0.0802460033951344 0.0893398769454537 0.00221823940929853
0.290044893415814 -0.0188042261384042 0.118392972273194 -0.0248744360476974
0.244576465720652 0.244631851984638 0.0991801448047756 0.00268940732777065
-0.0656028335872554 0.363787865145688 0.0829447416156401 -0.0334200644364751
-0.32119489213947 0.146709558184262 0.167267799635805 0.0325455715343039
-0.25194587915451 -0.168656218464927 0.123570104319112 0.120765404804826
-0.041730165010474 -0.287873388294588 0.0282965083642547 0.12886080627066
0.0884746616475814 -0.276118078721281 0.00311044097347923 0.100276356916243
0.0914447163878541 -0.290794006530861 0.0652704677577958 0.0845321521563795
-0.0313403843516643 -0.292793760122833 0.209299729585499 0.0366047407561337
-0.188049030085347 -0.215646024426849 0.242841473385018 -0.133035988969903
-0.234594778562782 -0.0682847618261498 0.091820544586405 -0.265359673230678
-0.195943236975104 0.0740025211311982 -0.0454853582130546 -0.224961582482559
-0.09743939713379 0.101924094019306 -0.0749288237053973 -0.138209580481464
-0.0343830855207211 0.025046907871048 0.0323632910784419 0.131326283713046
-0.0298163300476644 0.0328787184527401 0.0899112481299183 0.100474939803715
0.0199135176238325 0.0231824268930229 0.115863099884783 0.0909750189921263
-0.0473133565391459 0.0868155379500585 0.110070488474379 0.13392486983629
-0.163587868400942 0.0571588194495328 0.036359034090933 0.135651869687035
-0.216690608195336 -0.106800840668153 0.0156977169493465 0.116710354300051
-0.126229591489694 -0.263566803187223 -0.00177592773412987 0.0612999919713591
-0.0450789918437298 -0.31495004327061 0.0127898638676363 0.0114164424637106
-0.0671407721640944 -0.299484254722336 0.0358027503344151 -0.0388223481142539
-0.15121774061638 -0.207749054899388 0.0572278155651482 -0.121688214385665
-0.18229299826753 -0.0521822067402263 0.0589085029923651 -0.189575840646067
-0.11228987446187 0.0246187846459129 0.00931120476765793 -0.205668322747494
-0.0488511952305505 0.0109971858108593 -0.0523002375932343 -0.182470490512833
-0.0712525597798168 0.0319550403260555 -0.0477479653341601 -0.154798475573936
-0.0523263250562685 0.0408651470262087 -0.0332598736098117 -0.1553582910703
-0.0732880624041491 0.084572760030073 0.0661012543771122 0.124630191821695
-0.154795018665011 0.0945428515634252 0.101160708514053 0.177937888491434
-0.20533126906457 0.00683626246619572 0.0340854721166713 0.231830192473372
-0.229222885708072 -0.126624709456083 -0.102457890579402 0.205949209061713
-0.111388466063456 -0.23788364295204 -0.1694313429474 0.0595727976648465
0.00642164739714261 -0.284244693744779 -0.0830590838716177 -0.0316023554974949
0.0416872046142338 -0.290870936677376 -0.0196383054097216 -0.0607420771549257
-0.0406903731777902 -0.300960849841338 -0.0104506780664544 -0.106592104743183
-0.222388813455378 -0.228598420234664 -0.0653635825074349 -0.135258020189725
-0.341153390437206 0.0444289567261059 -0.119870483304476 -0.118710373437415
-0.169532625927362 0.323793451453028 -0.0856120911773484 -0.0806081722205133
0.147067256063007 0.295978553730301 -0.0830892521461315 -0.0804732642190388
0.255264891325159 0.0431859430646181 -0.118612093438211 -0.0476766942582971
0.101589663255258 -0.0655164203306755 -0.0786904748972396 -0.0425201475196398
0.0112491955703076 -0.0444920376802071 -0.0236513238921006 -0.118462071795134
-0.0820591050974388 0.0995476398851969 0.105544877352918 0.0874412889173673
-0.180558705675538 0.0761142513561398 0.0908585876801517 0.2141987630543
-0.218520580840052 -0.0375081274930414 -0.112931205756742 0.22897732149692
-0.165389917350642 -0.188091013696682 -0.285057838144681 0.0243550986685372
0.015686653621976 -0.251762207118209 -0.205923410140247 -0.211647004850916
0.149070653028181 -0.248456891131349 -0.0038268723288632 -0.240453955188813
0.137785673297285 -0.229698329964739 0.0688379573660429 -0.180587792744954
-0.0307782568723835 -0.240513225199609 -0.0311932416906629 -0.213896091249844
-0.266784887664275 -0.111268405303726 -0.240564676491427 -0.145521036736682
-0.313447212234616 0.227364076935738 -0.265450306510666 0.0950976629149118
-0.0323620820726087 0.442951792291184 -0.00769992886633165 0.164045440058096
0.295286101319874 0.318320529771413 0.028885736896079 -0.0186813026337765
0.376691261504572 0.00743348255679884 -0.134713445291044 -0.0196222100964485
0.177281195595439 -0.133513576540873 -0.139055416241442 0.0716098711285914
0.0482589848013126 -0.0953707323139565 -0.0404603469678202 -0.0376098414382113
-0.056160327322667 0.0693076031733584 0.139162665742533 0.0492073409265998
-0.118348347338073 0.0346569377359493 0.0608182978295941 0.210220919990099
-0.117417179349585 -0.0353181414363203 -0.197766565671712 0.109698671254965
-0.0597503728674568 -0.104240363942692 -0.24558321931622 -0.197086303421132
0.0477481029389021 -0.114393711587168 -0.0491975619784459 -0.365672296629431
0.12767485044863 -0.118267180296368 0.153294242865014 -0.325500504239973
0.116897012273583 -0.120389760046565 0.183923005277962 -0.250931118331955
-0.0188425028072362 -0.141128561994184 -0.041739848948908 -0.290184377674307
-0.182365521719068 -0.0230813303181426 -0.386421765229958 -0.0913134788925522
-0.156734613990749 0.207103042990556 -0.284026158655916 0.318436676425522
0.0479915594771132 0.280051391451556 0.160014863691521 0.287903209715083
0.213481680699283 0.163958633800096 0.141933554363215 -0.0722896462054029
0.248633510696595 -0.0239449461795713 -0.152525169907416 -0.0660804839158759
0.114196718236606 -0.106835093045199 -0.189826604468269 0.15527658157109
0.040973225570567 -0.0759946368693843 -0.0599351646269237 0.041540474417933
-0.000660775857680943 0.00515842073485665 0.0629151669330232 -0.0670899801943756
0.00385265079793144 -0.000953155965356041 0.206563850702648 -0.166198861718941
-0.0156659833177896 0.0150341391532558 0.160707370280893 0.0785079441883104
-0.0212412511324972 0.00453038386438899 -0.148245675315875 0.125745536885969
-0.0350621071808351 -0.0311762185046393 -0.230723629535351 -0.26297668657547
-0.0114846311502139 -0.0420493716229038 0.242246560733085 -0.408300435583868
0.0175390444200737 -0.00854444696340168 0.441022467096617 0.0403812889864516
-0.00558341159423654 0.00925123657833699 0.0578315102511804 0.304561330675874
-0.0265285543033697 0.00942156731424441 -0.221477886030009 0.274425634767977
-0.0341774023489292 0.00901931909482585 -0.219744069066201 0.331520177548339
-0.0154227699502107 0.012346121931803 -0.0384870642711163 0.398850235889834
0.0141488997048638 0.0209811300643024 0.172885789141124 0.273602609256468
0.0124403336816812 0.00856535091846758 0.211675204228051 -0.0347036845296393
0.0067342631503612 -0.0101964613602073 -0.0348786550411084 -0.194565274601804
0.00944063884758369 0.00311938651448399 -0.171173280299907 -0.0225164725795648
0.0351006230838994 -0.0604327910915422 0.0459686468911498 -0.0445965762523362
0.121703392358169 -0.100636251065983 0.176135776476853 -0.155610059083682
0.215809919369131 -0.017876702465417 0.152803923157608 0.0352586610901672
0.184917721550351 0.143525989441859 -0.116249198651027 0.0959586847309066
0.00548893777909846 0.216193614416238 -0.201611037396778 -0.24942978494328
-0.146595913798158 0.139592303582227 0.228878046994926 -0.359505377863296
-0.147082341978896 -0.0205648633122377 0.400480483392956 0.0470510505487243
-0.0235222922823096 -0.109996302521014 0.0508385994015144 0.286496707426548
0.0790173779230381 -0.0879512052841346 -0.199798402630969 0.256577676870059
0.0779112360496526 -0.0773297655987853 -0.204510461136501 0.322511479587379
0.0346181278904706 -0.0852536090512784 -0.00965186679463671 0.3930514722301
-0.0258403545997947 -0.0672775744674312 0.205074144779256 0.246079453971556
-0.0792251079603272 -0.0349733683653045 0.218944978563421 -0.0712379282332839
-0.094235150735376 0.0287764406792603 -0.034012668879574 -0.204079282211033
-0.0476821205006737 0.0703551237813097 -0.161837609315999 -0.0406786006803743
0.0421672912878555 -0.0850217897028807 0.0246694768032982 0.0199394302468514
0.167976225788039 -0.142152227394873 0.122390835232785 -0.0936287647554257
0.352829682382848 -0.0481056876049175 0.124593736708928 -0.0246507002973606
0.324714608963618 0.235695851423829 -0.0283873548613687 0.0181745864872522
0.0230256488170927 0.392823616374847 -0.0689048792018682 -0.189907645016999
-0.260713876873435 0.239595955891667 0.225619448761896 -0.189656373037281
-0.254085882309699 -0.0659837277652936 0.280996516336096 0.091952336482269
-0.0363727307549067 -0.213888872196548 0.0422627163288852 0.223264893774668
0.134947662339164 -0.18825773352687 -0.10561623324223 0.204226384086361
0.156404340022975 -0.192322142787874 -0.0808009727596136 0.262401214185203
0.0592360434852239 -0.224166802447576 0.13086786255339 0.305267581594812
-0.100521598450607 -0.188063770573689 0.298115914271826 0.0978015284387212
-0.191324262366089 -0.0794928071148159 0.196335306857876 -0.187619580622815
-0.180425288532156 0.0624118060395832 -0.0471680537677689 -0.224794350717186
-0.0903090909904517 0.111187842159356 -0.126508240588843 -0.0839849153718436
0.012832619684102 -0.0471142720668594 0.0184328618793467 0.089448715981951
0.108610511345268 -0.0802246735317143 0.0870763468290048 0.000368103497813318
0.282758696705545 -0.026685030488428 0.113002923124961 -0.0264521340213129
0.243959491325669 0.232319478110827 0.0965727065978057 0.00220644253100152
-0.0545846965749403 0.357049746181886 0.0783727779181209 -0.0314408335020247
-0.310755789991212 0.149614706059737 0.163331186941562 0.0268353342686148
-0.250175709916989 -0.158870976381742 0.122723741139202 0.113573689245921
-0.0457050544924371 -0.280645565146405 0.0306567042287403 0.126463088243874
0.0819101269920864 -0.271015811269606 0.00451775865772969 0.0976557194795859
0.0832170793905387 -0.283545567013948 0.0641888208004481 0.0825194727733064
-0.0355651500751857 -0.284964975516989 0.204326058251181 0.0325167038247927
-0.186412964240233 -0.205750200609019 0.235584155406203 -0.134781852171571
-0.232061652410583 -0.0614629775847127 0.084040533334113 -0.26028347042587
-0.188780834846734 0.0782678466518995 -0.0490755255074904 -0.215829994682182
-0.0926765137357884 0.103045481440678 -0.0761362895041283 -0.132064380933374
-0.0337210273540483 0.0269057132240139 0.0351025321190825 0.127040629204038
-0.0289532096857563 0.0335639043978451 0.0899754832050655 0.0959763285503652
0.0186060594125188 0.0221513670236104 0.113077600625275 0.0863572227950997
-0.0461367110118838 0.0848086327676217 0.109725000675166 0.127614565965383
-0.157893538890666 0.0587301721314247 0.0385081951979936 0.132921391085285
-0.212418965940507 -0.0994580779540804 0.017365922591207 0.11245240387685
-0.128883022974187 -0.254344851959653 -0.000512539086148171 0.059634193349598
-0.0507865203449491 -0.307006885145299 0.0133002620734429 0.0116825772523411
-0.0721996253720918 -0.290058207722347 0.0351993287675921 -0.0373413674487813
-0.152666089860555 -0.198349875515548 0.0530016870946779 -0.118908470802972
-0.178753787249081 -0.0468169267652044 0.0548081578645099 -0.185684674823194
-0.109944475809631 0.0251000502653349 0.00635237400740792 -0.200669872850758
-0.0495711007773611 0.0118031564190715 -0.0523644284366402 -0.176298404924384
-0.0699880736990157 0.0346752582624316 -0.0492484931053152 -0.148899990049886
-0.050291409164362 0.0435804374886137 -0.0357777242162812 -0.151088469737824
-0.0711374826763514 0.0864079583216581 0.0676782268726112 0.118973087996241
-0.149522691305117 0.0961837236488773 0.103281772035314 0.171056747226416
-0.201323135204647 0.0124832343532057 0.038262561323064 0.224846751384751
-0.226848117727868 -0.118842770416664 -0.0947616178498549 0.20151516950676
-0.112769586598003 -0.230352434268384 -0.160944304127894 0.0613364432128752
0.00120149394734496 -0.277150710781334 -0.0813125181182952 -0.0304576216390346
0.0336306329777293 -0.283652419608864 -0.0195497196288049 -0.0590521679566815
-0.0457961617530603 -0.290983712971234 -0.0108373439139506 -0.102997941126735
-0.2223217160707 -0.217725353777627 -0.0664256602706035 -0.130652583948414
-0.332957928469039 0.0512767771705223 -0.118899117107891 -0.112635104185693
-0.159168163506298 0.321983008935154 -0.0838515346136111 -0.0786723544394899
0.148829891964609 0.285277349713249 -0.0803907782323255 -0.078903096163419
0.249363125406215 0.0366380695803858 -0.115094074704323 -0.044039746250353
0.0976761640963044 -0.0650797622369115 -0.0759193900613687 -0.0392916427771726
0.00955841606384389 -0.0416532379455816 -0.0260490548334989 -0.115831295253031
-0.0781986550566372 0.099309188333501 0.105101225475387 0.0801360591360874
-0.174394972827711 0.0794637178067701 0.0941753717567599 0.205368109777371
-0.213272143826717 -0.0306551586055459 -0.10424702031794 0.224438265628134
-0.166642329586178 -0.178477694054763 -0.276703644858207 0.0302061901721547
0.0111962906233086 -0.24475828435992 -0.203110869101488 -0.202353982350345
0.141283508455076 -0.244505829818106 -0.00794550936023789 -0.234893172982134
0.128358641927295 -0.225470899889739 0.0653228054352072 -0.178481616255595
-0.0374908301063735 -0.233587602410531 -0.0341020439846177 -0.207424492214867
-0.264613200235961 -0.10346422649242 -0.238840506281567 -0.135838889125474
-0.302899570248946 0.229664432727838 -0.257165741845069 0.0999190189165914
-0.0225386569343423 0.433941502040438 -0.00295998128381087 0.160365432894434
0.295746594559661 0.306011849188591 0.0292931963487497 -0.0220104993539313
0.368568761293753 -0.00145684729931363 -0.131951235387737 -0.0168989442221161
0.169050466975416 -0.133948653500348 -0.132510699193044 0.07261272212956
0.0440428898044193 -0.0929036157078141 -0.0413803469703643 -0.0372940271961124
-0.0522890212572749 0.0696812105046395 0.136329573812066 0.0425819482287094
-0.115281859569933 0.0372249525020583 0.0646795468835725 0.202888860170638
-0.11485068461177 -0.0305705270049872 -0.190366068321762 0.111401132292216
-0.0601504366618438 -0.0985853947932809 -0.244148529315664 -0.186612821834283
0.0443365107203585 -0.112198850056043 -0.0557853773132054 -0.355725541144901
0.121134894555469 -0.116973979926714 0.143979875010274 -0.319573416723829
0.112407706375777 -0.119410766667 0.176236937764033 -0.247982687380647
-0.0218464029587859 -0.13703336388504 -0.0479470666529302 -0.281709444024529
-0.179989688647359 -0.0200562445917415 -0.378204623774888 -0.0801232965729427
-0.148515310494538 0.205771658791829 -0.271304389588753 0.315451947224945
0.0532241245374576 0.272622388595623 0.162299043536729 0.276794104006734
0.212774407041577 0.15615866757347 0.136053016017322 -0.0762994252998262
0.242216734263514 -0.029917523782792 -0.152561497859073 -0.0612811525084207
0.108631272370194 -0.106597463620859 -0.179957049704651 0.155646998686434
0.0378023514709284 -0.0743350539182344 -0.058431491577275 0.0404002113061466
-0.00113684887258994 0.00447339979283946 0.0622986992245278 -0.06417816739315
0.00332045874850884 -0.000124119935611846 0.203074737723601 -0.164005142639581
-0.0147740020827965 0.0146369412971841 0.159823273429735 0.0774408087015912
-0.0197531844652177 0.0050392385390949 -0.14271482624302 0.126092368824375
-0.0351010763368184 -0.030445739722912 -0.226514701233702 -0.253845465094803
-0.0107165795337224 -0.04098833900863 0.235952492303515 -0.401633370711474
0.0175301528117282 -0.00828843703403457 0.432405511168422 0.0405528052538136
-0.00579627801220539 0.00887993308523266 0.056471527838799 0.298224900165491
-0.0264427397740652 0.00974457116324647 -0.217466004655843 0.268179359507492
-0.0335428294086952 0.00905742222250422 -0.216580836774063 0.324492590835791
-0.0136528919283441 0.0112439531218216 -0.0385267285342895 0.389066583079539
0.0145645336004777 0.0195754635993412 0.168680467109542 0.267798065314052
0.0132949914135528 0.00798808197043426 0.207737916141746 -0.0343888194368928
0.0060206460128233 -0.00884764471408037 -0.0350386357083836 -0.190199089768932
0.00987396504961985 0.00166569955642217 -0.166643989064629 -0.019690122280324
0.0345036448242321 -0.0598143574910588 0.0452944876656344 -0.0419634400959633
0.119238400667152 -0.0996735033945422 0.172245539144969 -0.15383740293845
0.211267254505047 -0.0186905914886122 0.151130180615593 0.0344697857457383
0.182891083507745 0.139666523217922 -0.110852261365377 0.0960450668491985
0.00529607668977372 0.213761475911371 -0.200485318735725 -0.239724576327241
-0.143733010566433 0.138294440461727 0.224564009283169 -0.354313343289752
-0.145058609510913 -0.0207098139053821 0.393596313854306 0.044830503140488
-0.0237815242139308 -0.108135328305709 0.050008373495538 0.281195009486041
0.0774770004669964 -0.0856455446730869 -0.197740364013816 0.251858731007114
0.0761609253965488 -0.0745969394987679 -0.199168506368002 0.317029578107951
0.0347410763070947 -0.0828803378079614 -0.00913150795256393 0.384130237728379
-0.0252049120962153 -0.0651241228740978 0.198538038090621 0.24079678179942
-0.0764742172890584 -0.0332143999016178 0.21385593464425 -0.0696992797445006
-0.0913338123897465 0.0284630542704546 -0.0342807913085832 -0.199590285545564
-0.0459392146260417 0.0696584675509175 -0.159222971173699 -0.037891734779786
0.0411116973789726 -0.0833352442318625 0.0243989644942844 0.0220690325738941
0.165282758835444 -0.139465489624918 0.119960883469938 -0.0919825435370196
0.347462794025743 -0.0501756582178005 0.121734561703804 -0.0236774377647946
0.320864428502489 0.229159795370544 -0.026357577602339 0.0208647275940573
0.0236308277227503 0.387729097302899 -0.0691536599356314 -0.182539222619981
-0.255500149275321 0.236755392169505 0.220647779864711 -0.186324509404158
-0.249903571345853 -0.0646613999554457 0.275646530306785 0.0893887446245183
-0.0375603533456778 -0.209914321894438 0.0414951166934828 0.219802978984273
0.132089116170631 -0.184177138957428 -0.104151784440116 0.199642259390636
0.153237498973633 -0.186795963717061 -0.0800728127084442 0.259380916815482
0.0598436201720141 -0.219693163758898 0.128589618288377 0.299233395446393
-0.0978978912035545 -0.1842272135747 0.291499844952549 0.0955071193577755
-0.187169647651383 -0.0761478968737379 0.190310578687257 -0.183110307220953
-0.176885860568616 0.0628379631439758 -0.0458904376578204 -0.218661735797363
-0.0875209390679621 0.108927213402342 -0.124240711728597 -0.0804439164606991
0.0130019038963508 -0.0451230592333083 0.0178341428005584 0.0886598859956965
0.107200468753359 -0.0788800152260303 0.0849490684721885 -6.73907052736512E-05
0.276815728876807 -0.0269105199568872 0.10834406142201 -0.0247412346650677
0.23983729926697 0.227319530165716 0.0943018370997988 0.00363635523568591
-0.0531491958874463 0.350989425421742 0.0755087166346777 -0.0278655314887495
-0.304112396697065 0.148305348725031 0.159818054579722 0.0257572069940712
-0.245982394229518 -0.155286350606604 0.119694041157227 0.110707989048161
-0.0474065251718467 -0.276766984379061 0.0307753315569809 0.124310804981054
0.0815550501294118 -0.266129336405842 0.00426481447925031 0.0962754531608734
0.0828538363003299 -0.277635243675297 0.0617081179205155 0.0827216592481103
-0.0336775425185644 -0.280129149620937 0.200009463313071 0.0344857918193904
-0.184474506807182 -0.202252915579308 0.231537206702479 -0.13067762799027
-0.230573265425829 -0.0592764901502298 0.0812575171219363 -0.253380998716229
-0.186081277911786 0.0786579610079833 -0.0497760502606325 -0.211313653475829
-0.0908914468389002 0.102199414881405 -0.0742958669617507 -0.128158999486933
-0.0339428905140876 0.0280501852042431 0.033273595834011 0.124151729419074
-0.0286442779956845 0.0339444183551359 0.087110269103533 0.0931114432952958
0.0165858243588 0.0218462412903229 0.109413184474264 0.0848551087955085
-0.0461404757280654 0.0830038791867638 0.107970981283858 0.125237122846245
-0.154977435184895 0.0573364887855416 0.0387096295987328 0.131370060460303
-0.207617986209762 -0.0969899572412108 0.0173087175087149 0.1082109427357
-0.127609955056616 -0.24839683332615 -0.000596814989689081 0.0574208461246545
-0.051933774791368 -0.301396195061631 0.0137821984699596 0.0122157283499855
-0.0696689011742216 -0.283045596693401 0.0351883562075435 -0.0365818449744989
-0.149293100868835 -0.194862475619143 0.0511757732580625 -0.115137143495413
-0.175653470238675 -0.0457760208822721 0.0544191401516956 -0.180812016562531
-0.108468612562356 0.0244042716960526 0.00804027484137635 -0.196139270443074
-0.0519417929470506 0.0122091992256197 -0.0495750966694079 -0.171863262534353
-0.0692917737115598 0.0352828557640587 -0.0479648237014315 -0.145599475675952
-0.0490394732896607 0.0442762690939281 -0.0349945831537687 -0.147889202862101
-0.0699514960332409 0.0866163657856309 0.0662737166081665 0.114690025636887
-0.147176487221627 0.0958779415455906 0.102041744430206 0.165817247241407
-0.199016568079481 0.0126237204329634 0.0373009120923681 0.219274374119111
-0.225393566228824 -0.115795970610044 -0.0915783982141422 0.196657402107812
-0.110795008248421 -0.227667651071085 -0.155014498064102 0.0588474082723947
0.000704452337947162 -0.272094137449215 -0.0787025774004881 -0.0320928566710187
0.0334974036188812 -0.278008467070037 -0.0183269059940258 -0.0587548620712178
-0.0466598474816107 -0.286392134997932 -0.0106680686654578 -0.101259520979627
-0.2186816880828 -0.213954788389124 -0.0643477317479398 -0.127392981444738
-0.32814481129147 0.0513051392966689 -0.116084406205767 -0.108937375369528
-0.156765663225256 0.316613561705916 -0.0800982781772486 -0.0769870803129091
0.14721369409865 0.280105455807614 -0.0763481965236911 -0.0788702820846867
0.242889681804337 0.0341847920101137 -0.109974048999781 -0.0436023305409403
0.0944242965115084 -0.062534785753545 -0.0737859986388632 -0.037589613074315
0.008744386017822 -0.0400015005663333 -0.0263127133964006 -0.114257906314971
-0.0763102846513918 0.0993886460145328 0.103584747580914 0.0762876143503051
-0.17281553839543 0.0798398346367846 0.0935915932318472 0.200717861699246
-0.208908876023932 -0.0286036973113818 -0.101528997248021 0.219747292887287
-0.162695905928615 -0.173481330136357 -0.271133448027124 0.0286549984091579
0.0107194374689807 -0.239999901914897 -0.197202287618701 -0.200102793466219
0.137431405886606 -0.239235931506992 -0.00665689700655847 -0.230418002018713
0.125484717139122 -0.220359299659884 0.0652362114097506 -0.174971625562219
-0.0362964399773693 -0.229257063377481 -0.0339955750637524 -0.203880957275279
-0.260812997148512 -0.101739523937348 -0.235162770235692 -0.132540450541544
-0.297258686272164 0.227293421507261 -0.253123501821459 0.0987714318068503
-0.0224496415828163 0.427920999747178 -6.21485307321685E-05 0.155239634477244
0.291708971968483 0.300091607654698 0.0288994217869686 -0.0245783803729874
0.362170807561063 -0.0041521228034752 -0.130038840005125 -0.0163765727011542
0.165746745876165 -0.13207040198001 -0.128251808466704 0.0717808679173513
0.0426495483524155 -0.089992571282017 -0.0412625337309084 -0.0381242193298332
-0.0508647171963675 0.0683944174061245 0.133393089779577 0.0400829788963741
-0.112688080355953 0.0370472999476756 0.0638542733252462 0.198107090259837
-0.111660853817426 -0.0290796017430993 -0.185790413386803 0.1097055110784
-0.0585106434805524 -0.0949184877485646 -0.239731023609929 -0.18057041265882
0.0434583348081275 -0.108661967858102 -0.0522100703134406 -0.34733644031593
0.11923105419201 -0.113810192128902 0.14097818331971 -0.312793128070528
0.110499973807153 -0.116004727552479 0.173287652876696 -0.242446060424048
-0.0216121253051964 -0.133937263358084 -0.0478236027925698 -0.276456511734307
-0.177602924175413 -0.0201272475276569 -0.372475552000938 -0.0769116489470338
-0.145667430535816 0.203931383815333 -0.265868864122374 0.310090812861556
0.0529288036537249 0.268363677040824 0.160989307156755 0.269611823266619
0.209943680803442 0.153109606525887 0.131718184766795 -0.0773217128049597
0.237870613147721 -0.0312475263301487 -0.151957518431813 -0.060053814458157
0.106698287618593 -0.104824329210553 -0.175300587619441 0.154119380507308
0.0362251145920416 -0.0722191378211554 -0.0588624665736407 0.0391680041151124
-0.00112552964504042 0.00525684296146735 0.0634651362263056 -0.063514364935568
0.00379585885953511 -0.000289929893322429 0.204707847302755 -0.163313798963663
-0.0141811403198794 0.0154153869983512 0.16410522719337 0.0789348260870828
-0.0191200563449191 0.00519483217121973 -0.142226824996493 0.126977317191483
-0.0345284354575731 -0.029486237025401 -0.225967894037414 -0.254381673383484
-0.0110257289238716 -0.0414771069766003 0.239371435964498 -0.401846463507656
0.0179948307966588 -0.00926670630875553 0.436213760413592 0.0418162383718977
-0.00623817889243678 0.00928019865497734 0.0549175880748475 0.300188709420926
-0.0274935634625151 0.00980061667709256 -0.223032878888754 0.267757549593642
-0.0337629723883758 0.00936325452181779 -0.221071911272684 0.32430819672178
-0.0136912170995765 0.0111005540973259 -0.0409336882403667 0.388912342515493
0.0149592256284701 0.0198523211667 0.16622456064112 0.268797119309783
0.0147368572010425 0.00712506276664042 0.208016322735413 -0.0328387328547702
0.006918772581847 -0.00800949793161681 -0.0338292934429265 -0.192381343054257
0.00934986602986192 0.00182531709082707 -0.166925549620495 -0.0182549341860464
0.0353237910353262 -0.060345584834968 0.0470477613956284 -0.0399749634714853
0.120421730792831 -0.100251124934888 0.174878763257273 -0.154719403980561
0.214470935070079 -0.0181540208337693 0.153381196526794 0.0368924222948757
0.184051686098732 0.142051743533325 -0.110478134937831 0.0988826291467752
0.004342276981252 0.216559555577792 -0.200873373858811 -0.241067150385928
-0.147174203069583 0.138090596225458 0.227011832382735 -0.354473382173012
-0.14614024720164 -0.0216988834039432 0.394718170002026 0.0471575014116172
-0.0241744068268991 -0.109202049259838 0.0487251558512156 0.282302924520162
0.0785846565218071 -0.0855641080697573 -0.202196441566408 0.250127285746423
0.077809330894682 -0.0734291096640189 -0.203801617548175 0.316119778111762
0.0365172044826382 -0.0830187815329868 -0.0144882951206524 0.383311888323874
-0.0231869444471301 -0.0650573322957198 0.197077156729212 0.243090152982274
-0.0752063765391696 -0.0328525697970363 0.213807491730331 -0.0677487617630056
-0.092488437293707 0.0296564450404514 -0.0332175561099426 -0.200838758084793
-0.0455709132171793 0.0687467306374224 -0.158905552006582 -0.0376147204943819
0.0427670731968694 -0.0833168882299714 0.0244424885705508 0.0243505697071416
0.167297254068092 -0.139242828977238 0.120302523771611 -0.0918499917730254
0.348940638460903 -0.049148098134179 0.122239255331163 -0.0217653351176622
0.322593667929179 0.23165186504421 -0.0256260575375142 0.0231241963315593
0.0209870613684555 0.391740739454374 -0.0702115524233098 -0.179967049088886
-0.258230353703328 0.236633320566721 0.221891196488576 -0.187267754899951
-0.251733146246399 -0.067197882873243 0.275602509463198 0.0913757896187237
-0.0367736119271548 -0.211145512345575 0.0401755471319107 0.222048477347125
0.135555997587971 -0.182772104344002 -0.107688439418664 0.200075188129886
0.156118635089673 -0.184986538457026 -0.0844532301032875 0.260685287958475
0.0629810291813948 -0.220839392611657 0.125068868491971 0.302507661194729
-0.0965604452890601 -0.184580135690979 0.290398664566274 0.0978533171465489
-0.188130353445655 -0.0772703201865564 0.191383192014262 -0.181910957151528
-0.178157413469284 0.0632794516736614 -0.0452440972772004 -0.219112618126342
-0.0880786676437833 0.10978912697131 -0.123813465273704 -0.0803601352793808
0.0129515001269029 -0.0440355144865384 0.0165124108521201 0.0911151540643103
0.108087001900919 -0.0776861900115303 0.0837737961113464 5.83782062787103E-05
0.276498729054385 -0.0267566958150898 0.106969574206061 -0.0226342658388283
0.239836530879835 0.229665122878773 0.0953479245295257 0.00603295024813567
-0.0539173923928622 0.352615268170547 0.0755872489737107 -0.0245039047588331
-0.306130019358089 0.147698464031305 0.159928820113402 0.0266980590474812
-0.2460629577908 -0.157686885659943 0.119304588505521 0.110965384648953
-0.0465360956114813 -0.279623046146258 0.0306866735658481 0.125631037843572
0.0847687236845616 -0.265921636880428 0.00291929279038352 0.0974000142959092
0.0859791423288824 -0.277646210857864 0.0600914587007896 0.0840445207721147
-0.0304705387727881 -0.281341065206075 0.200770230766317 0.0375112248967234
-0.183623415725899 -0.205325600082544 0.234105958498972 -0.129243029523846
-0.232920900283365 -0.0608964920423657 0.0844699911432347 -0.254519034484183
-0.188741551888279 0.079402179593765 -0.0480633284748094 -0.210583742714986
-0.0914455417476867 0.10365333532127 -0.0737051578017597 -0.12786280563439
-0.0348183600790581 0.0304211237532329 0.0325539463661561 0.12495578988076
-0.0299324141117935 0.0360858497748358 0.0853177993042134 0.0930441727548105
0.0149291170872084 0.0211407620671827 0.107092864936744 0.0865467464724595
-0.0479607609862127 0.0827127576118186 0.107525536947547 0.125916957176905
-0.155936144825152 0.054674745975723 0.0395082115201956 0.132390370506992
-0.207498368832228 -0.0988483781020023 0.016538887619197 0.10823053029134
-0.125560088471307 -0.250642775582803 -0.000789070831913713 0.0571296216030272
-0.0501699541028312 -0.302966278841508 0.0151448127559618 0.0128997548605722
-0.0674691461952855 -0.285008680541185 0.0350330069681186 -0.0357303102603924
-0.148864070389623 -0.194839296631079 0.0523219363337158 -0.113777197152187
-0.176034067244376 -0.0467233929289064 0.0567310793345727 -0.180220707772042
-0.110328527097538 0.0217922597308911 0.0110849077609002 -0.197436199814485
-0.0543821061375979 0.0120768410226468 -0.0472154056133074 -0.172586529316793
-0.0708094237815976 0.0362898652942304 -0.0456946361671999 -0.145596991370534
-0.0501390536248424 0.0455459243235649 -0.034834535764526 -0.148461385862228
-0.0708552326957858 0.0876933143122622 0.0649037410589752 0.114045241183927
-0.149639129002464 0.0964701717137878 0.101406835939798 0.16663475071727
-0.201364874938636 0.0120539685800289 0.0359598843873045 0.219323174299504
-0.22608006991285 -0.117130999435989 -0.0933323492034921 0.194976044798946
-0.110235937187634 -0.23084876546008 -0.155070793130396 0.0561850283052358
0.0034344363398786 -0.27345078324251 -0.0785157457207831 -0.033987072117946
0.034813650487277 -0.277748669311582 -0.0173079022678785 -0.0603558821772434
-0.0456432925305119 -0.287091678423667 -0.00868234333868373 -0.100592799080918
-0.219169148895778 -0.215643650396332 -0.0637333860945132 -0.128374122799806
-0.331320950377984 0.0507859812893498 -0.116976177083146 -0.109090599059404
-0.159769217952687 0.319947495430143 -0.0783418029035557 -0.0780680671750566
0.145888002914777 0.2833371707022 -0.0759867352578512 -0.0820466542916324
0.24328926651889 0.0360144168172819 -0.109316816625575 -0.0443861754103411
0.0948277197091218 -0.0622549787185768 -0.0719637276978562 -0.0375478871658569
0.00898552033771345 -0.0383082236546892 -0.027122331377392 -0.115371130631477
-0.0767247482783804 0.0990980286418198 0.10128287753431 0.0759841530668911
-0.174229803685803 0.0801241964599608 0.0934200915891913 0.201037670681268
-0.209454606858344 -0.0288393402665102 -0.102473277993753 0.219459717556838
-0.162083161440549 -0.173805181163425 -0.271950270925062 0.0264064422143166
0.0123956460078835 -0.240822083425879 -0.195001557272314 -0.204051656253104
0.140261642415955 -0.238512125536055 -0.00305649663149795 -0.23261280532495
0.128289628460884 -0.218658310818139 0.0675359553946425 -0.176094026219961
-0.035316993814556 -0.229640753117573 -0.0323171356860924 -0.204553509950547
-0.263796872953507 -0.10504676037419 -0.235166484750235 -0.134109127048006
-0.301981741869612 0.227488857029613 -0.255792992911347 0.098512549309817
-0.0261011147737857 0.433034332064329 0.00066319219109936 0.155110304269996
0.292551657866219 0.30541337184679 0.0295028908882579 -0.027834332675817
0.365115593816035 -0.00369358791032753 -0.13063852682051 -0.017914902915565
0.166816479803625 -0.131408476487457 -0.128190140244698 0.071706159863991
0.043389477037584 -0.0889716311054399 -0.0423703405396282 -0.0395641315728912
-0.0509468637118212 0.068111629292369 0.132214127058471 0.039785624777271
-0.113975630088966 0.037587632687323 0.0629312825049205 0.198716294433723
-0.111006935957968 -0.0284114366151269 -0.187595128051099 0.109380468956352
-0.0579533535011774 -0.0940442394249923 -0.23840554209348 -0.183222424910287
0.044695545248919 -0.108209518320523 -0.048975262363914 -0.349120007915894
0.120810918170574 -0.113781897384144 0.146053721683667 -0.313211371216081
0.111937378349995 -0.114317697892057 0.176617768868126 -0.243547781478611
-0.021176339416592 -0.135009169635795 -0.0467488518096648 -0.277746121171821
-0.18039010331954 -0.0217023077655564 -0.374253147228029 -0.0798734104200764
-0.147805346961214 0.204756400237245 -0.270243748023854 0.311842013199212
0.0516098858434781 0.271414776192568 0.161944949948741 0.270697886689386
0.210724124895888 0.155801011709514 0.132583992352983 -0.0793521426551013
0.239587831956174 -0.0316692372500059 -0.154438568028758 -0.0611161911244974
0.108218598005328 -0.10518146967654 -0.175899856788642 0.15302576512523
0.0372280836158161 -0.0712479303851524 -0.0603497816432802 0.0375405169929359
-0.00166181165258964 0.0041144742873159 0.0647565348707644 -0.0644347208252041
0.00229874391562961 -0.00393852794165809 0.206462021718116 -0.166612134790694
-0.011504987399542 0.0156221395714365 0.169069973577038 0.0788380016888844
-0.0181384378684767 0.00773769930995302 -0.14215350883919 0.131856648773704
-0.0380543155625278 -0.0288228592527896 -0.231446201521323 -0.255004711241145
-0.0141678006114839 -0.0426929029226195 0.238276639576429 -0.413426188532728
0.0185442184544215 -0.0109361171705962 0.445238594935874 0.0353388208037157
-0.00645871916798667 0.0100456726630362 0.059573538693246 0.303037795384588
-0.0286564221710873 0.0109236898346603 -0.223572970427487 0.27382778618903
-0.0341377007856173 0.00977281402142591 -0.221200314324539 0.330564563998348
-0.0146645035202354 0.0115959315629441 -0.0351582340457 0.393637598741207
0.0162895140556574 0.0184935822788902 0.171680546610002 0.26902959295584
0.0145043661873831 0.00812142203903536 0.210215195025089 -0.0385170796350097
0.00716225238704493 -0.00574722384412707 -0.039660626009058 -0.195546079831247
0.0116305566512844 0.000683620640131865 -0.168349955753671 -0.0119135391872685
0.034546276552512 -0.0621193428576934 0.0485013756904131 -0.0391695969923662
0.121936495267114 -0.106192795268357 0.175209009217056 -0.157090679938612
0.222224233853636 -0.0230027135296859 0.157140689401094 0.0366151951183705
0.191574324588232 0.145263828176835 -0.109979596327291 0.102285653074815
0.00479921293802612 0.222187638014539 -0.205835259239254 -0.238465994652423
-0.151752779993735 0.142405218170714 0.227300162216739 -0.363914814672162
-0.149213965745892 -0.0206910846809386 0.403990246694591 0.0430019986390754
-0.0259756283820682 -0.109303374870623 0.0525494846520383 0.285838586109365
0.0789931273085723 -0.0880898175058833 -0.202557128041085 0.256654406288328
0.079429907195752 -0.0754840141539111 -0.202730233294404 0.322502213654814
0.0348881942671579 -0.0851597880434603 -0.00578038545870556 0.388041848409239
-0.0248000981753458 -0.0665043349670796 0.204238376857372 0.242917014580072
-0.077908294014563 -0.030713275022995 0.214645867244458 -0.0749509654695464
-0.0939885393004316 0.0350876484074791 -0.0404762884775881 -0.20608509021169
-0.0428756090462574 0.0715254209353481 -0.163494860160493 -0.0320711535209694
0.0428407489255581 -0.0841898418396713 0.0252070368355271 0.0256385352203366
0.17036192310629 -0.14689667957029 0.120243814065259 -0.0943518794463737
0.359194096846836 -0.0566235455049258 0.122422480554279 -0.0220580201577773
0.333316906050949 0.236257163779435 -0.0252049485829783 0.025260951056849
0.0247012993170291 0.400540076796167 -0.0721289882198382 -0.177782664098353
-0.264382790324065 0.24400341772198 0.223099914472269 -0.192255406234466
-0.258230177607097 -0.0650270555831156 0.280606453803504 0.0884111347842797
-0.0413084321742257 -0.214412707987797 0.0434908660588836 0.223321939566485
0.136915477817559 -0.189534822853453 -0.108294984533507 0.204313964435951
0.158824282831758 -0.19030761277795 -0.081842013554642 0.266494305973271
0.0598254044829074 -0.226538201265752 0.134240306873166 0.302615413604339
-0.102075378215022 -0.188041817538519 0.298539731075857 0.0923355525072017
-0.194997749798578 -0.073371145168788 0.188922313897965 -0.193693497051033
-0.182388297890666 0.0718905553454936 -0.0545317165952509 -0.223399105474445
-0.0859103568200559 0.115709573604714 -0.131417105048517 -0.0769909906729153
0.0142765401717597 -0.0433647269712252 0.0169902212575639 0.0932747757034406
0.111012971833953 -0.0812041623263463 0.0820254705246108 -0.00124153194527211
0.283351433281722 -0.0315972533305402 0.10572390144253 -0.023083512074756
0.250276746854726 0.233724746301022 0.0958566403209974 0.0060654416570377
-0.0510415694863352 0.35922203183772 0.0762035187259824 -0.021872332366926
-0.312305378788293 0.151974893268928 0.16197068763283 0.0257056017614853
-0.25368149563029 -0.157267063289875 0.121155348390221 0.110713786228134
-0.0515588624752786 -0.282275468044021 0.0319419517117035 0.127204964439558
0.0843437925226985 -0.27389622571648 0.0040128404446149 0.0992791830058732
0.0851229956669183 -0.284799952908959 0.0622460483099277 0.0858709422243656
-0.0349764494140535 -0.287582200068788 0.205703224033394 0.0334221385081563
-0.193468984398236 -0.208578226057163 0.236950275952831 -0.1393892086439
-0.242944312536794 -0.0560364769304338 0.077986574870015 -0.263480323001595
-0.194345164488282 0.0882638060651055 -0.0564468864915313 -0.215760977991701
-0.0900988711101621 0.111291314012074 -0.0821566013585837 -0.127408540622227
-0.0340330242837791 0.0339173635680828 0.0326084122291688 0.125716078925671
-0.0285872822008055 0.0369296874207326 0.0848447153825443 0.0936687177161388
0.0150432788896577 0.021693190846639 0.10677033753008 0.0875725190447393
-0.0473937358504566 0.0849117345837338 0.109684769008062 0.12556762638774
-0.156870209790444 0.055916925857044 0.0410571582522204 0.135047199479627
-0.211896194604373 -0.0998157479372936 0.0156641124674233 0.108755904821641
-0.131497090819693 -0.254274897837969 -0.00152723225707601 0.0566237198594266
-0.0561394249820575 -0.307966982391779 0.0132872552153575 0.0114667366734557
-0.0736541510691325 -0.291487575120943 0.0357165773568135 -0.0365224160241248
-0.155037491718703 -0.197179847088708 0.0518937783527347 -0.116633143948939
-0.179663403866834 -0.044662545400248 0.0535266001845568 -0.185746741338834
-0.113441375217399 0.0250413978316758 0.00757650872614748 -0.202757059234265
-0.0573742507555216 0.0142903783353881 -0.0519743908836571 -0.174270691306561
-0.0736136574770737 0.0418429693911123 -0.0502491230768019 -0.148129573338234
-0.049232851876728 0.0514427419122627 -0.0422349677261288 -0.149798312862912
-0.0703014760479278 0.0920845314372116 0.0649255023720573 0.11416842990881
-0.151699907759264 0.101052659675614 0.102124956957916 0.16623232342276
-0.204492168499441 0.0157540909758423 0.0354273555091894 0.223096011627865
-0.232082252249935 -0.115828172795671 -0.0934926312762972 0.195931156230572
-0.113548508611436 -0.232955397699787 -0.155691356296235 0.0553687343169359
0.00249084510614701 -0.278487756548894 -0.0809512059067102 -0.036143315807581
0.0332683206588967 -0.283321278836053 -0.0176514671831039 -0.0629207763816623
-0.050990787786876 -0.292032162573043 -0.0111924560263181 -0.103568207824382
-0.230080139823802 -0.218591730339194 -0.0661298056730941 -0.129993490898927
-0.339756918942397 0.05785711672245 -0.120608779823967 -0.109667593444483
-0.158310556035726 0.33320309261006 -0.0840212070830681 -0.0781591778200635
0.155902772830601 0.29009961779518 -0.0809118734735566 -0.0796663251627941
0.251803535690215 0.031656097637702 -0.10880736952637 -0.0380389539237583
0.0975221264896554 -0.0639306055021711 -0.0718315191586338 -0.0363143855655097
0.00797289586942031 -0.0360204956377358 -0.0301928981241711 -0.116938841305855
-0.0751101385007845 0.103284749386075 0.100898552034718 0.0748819568983539
-0.175168713775605 0.0836655423598515 0.0950291600819132 0.201593620420372
-0.213406833214158 -0.0243350634321051 -0.103536162582358 0.222114952474039
-0.16858359923126 -0.172767783485192 -0.275613699480984 0.0270024986731531
0.00923424917455197 -0.244696791177351 -0.198644486571001 -0.207923371020925
0.139430554723992 -0.243077526790201 -0.00414475932007847 -0.238431613482243
0.129476179834818 -0.223735701118744 0.0671411875836168 -0.182496175968592
-0.0400517696439844 -0.233231571568793 -0.0370952838758882 -0.20909278364708
-0.274299522847984 -0.103726441092811 -0.240949697047238 -0.133622737829327
-0.307616060967781 0.239367870002879 -0.259743621211036 0.102473623761969
-0.0188145662184961 0.446039423115579 0.00205773765379691 0.158037541451879
0.308379432374026 0.310103332985821 0.0263133413064532 -0.0256467548407125
0.376807373610837 -0.0116115475903795 -0.129584136212866 -0.0103270885409423
0.171723190760254 -0.138969061077781 -0.126170962560333 0.0781727333651267
0.0430155824100482 -0.0907472190565216 -0.0430548500179413 -0.0392604654160744
-0.0489701168510367 0.0693152358884654 0.131990006781347 0.0395187325066634
-0.113088991101764 0.0401199131043895 0.0655500447426131 0.200426661781091
-0.113777614986192 -0.0234114434112055 -0.189581451181397 0.112571938014127
-0.0607425106679811 -0.0934101899956621 -0.242117142977862 -0.182170425278791
0.0429639948393344 -0.110772491628519 -0.0518687929205285 -0.353175066763501
0.120271273449136 -0.1163715515671 0.147577307343469 -0.32196223967623
0.11289000779447 -0.118028264208636 0.177778540821815 -0.2520674351124
-0.0233944319507986 -0.137569568652291 -0.0534043649494552 -0.281710519167877
-0.187735349056506 -0.0206271803905576 -0.383114634386051 -0.0742624147864159
-0.150684690656737 0.212815832648377 -0.27329642759372 0.320195629075406
0.0569143827858321 0.278934465881976 0.169774806254248 0.271303556826057
0.221413611285332 0.157818339028978 0.130310217006046 -0.0830177628307803
0.247789881399541 -0.0390063570490257 -0.159329392326519 -0.0540282827399897
0.112083730279436 -0.112827826274551 -0.174370419955811 0.162579240782758
0.0381374601696353 -0.0744003830487835 -0.0589250981590558 0.0405751494283374
-0.00170961923297717 0.00486515953732054 0.0641429999837893 -0.0675812350916009
0.00225601043178719 -0.00355121891085686 0.203597388408581 -0.176764628160352
-0.0103727123017285 0.0161698556488918 0.176951393628284 0.0745657888083645
-0.0172242409434405 0.00878627183809863 -0.137361262622578 0.139510346878691
-0.0383584716065429 -0.0276389307196752 -0.243598272820444 -0.247645730038202
-0.0151878370164629 -0.043160201247023 0.225052501550531 -0.426466072767693
0.0183216056440097 -0.0116062871173301 0.452599198874816 0.0192901377878275
-0.00689901535657423 0.0108428751009041 0.0700484509309181 0.303811264992645
-0.0288053024227747 0.0123221286180434 -0.219334805502719 0.283943682654423
-0.0339266474748805 0.0115013984478285 -0.213019876921829 0.34183769729846
-0.0143252585840149 0.0124155941190768 -0.0215740453815242 0.396916159147349
0.0175552394269157 0.0170732600099493 0.182263806488273 0.26611038804811
0.0161139881413042 0.00777900666773263 0.21091832937399 -0.0453099734680822
0.00767005251997125 -0.00520462764774586 -0.0478452447008241 -0.197342137349571
0.0112712105465032 0.000135313324778921 -0.169752222867131 -0.00554376087971312
0.0326120091711711 -0.0636131771070187 0.0485531696720536 -0.0417500736120176
0.119684644404977 -0.112816547862129 0.170739875289139 -0.166018227256701
0.225887880911307 -0.0310069702690765 0.161829429489744 0.0317741680973659
0.200017314221927 0.141195025956845 -0.106393151766704 0.108662084327647
0.0142106133847597 0.226686896525904 -0.218400852225001 -0.230859627355329
-0.148614657592884 0.149832477510684 0.21604164510112 -0.37879543065087
-0.152281275435174 -0.0151061026089638 0.409851507328056 0.0275958781472925
-0.0310232227096482 -0.109093179543534 0.0627100401896891 0.286788210231875
0.0775312137800281 -0.0920288069227668 -0.198050108216409 0.265718404193296
0.0794459989513563 -0.0780519503963904 -0.195825439934282 0.332911695842157
0.0324165911072786 -0.0868764094524624 0.00627012327404215 0.391400638214564
-0.0271006933765478 -0.0663175983662927 0.214197192571176 0.237192847881302
-0.0781566842125002 -0.0278532578498322 0.213780879488614 -0.0837575449976112
-0.0925385416722084 0.0411483817640512 -0.0475435217563613 -0.206195324033463
-0.0408629958284846 0.074038091862404 -0.165822492443806 -0.0247466885382122
0.0401012055720291 -0.0855177656017207 0.0270827478255319 0.0261735253234539
0.167396153631646 -0.154224670124132 0.11611867496812 -0.0997510075932546
0.361852976727889 -0.0706354428914079 0.122523557269287 -0.0256466974463893
0.34831162043709 0.22857624176981 -0.0235081964261685 0.0281266412928587
0.0407014562396463 0.406572059706346 -0.0813626133101628 -0.173978375214205
-0.259163005942291 0.257984953821546 0.218308451347257 -0.204103123706929
-0.264357381787573 -0.0566321195693179 0.287005319451305 0.07848128615746
-0.0493835196379527 -0.214746531014353 0.0522868999495268 0.225498454680335
0.132868615532104 -0.195924138058516 -0.103394275122652 0.209681970079635
0.155354278755935 -0.196659143213315 -0.0750909684973166 0.272368484969318
0.0541639537789163 -0.231352851410967 0.14574738188093 0.302496225261146
-0.109203532268071 -0.18661296840753 0.30413625113803 0.083555375849858
-0.19942729729951 -0.0662009972773755 0.182976381914689 -0.201415978347609
-0.18193386577401 0.0810973740250991 -0.062102152198147 -0.223684524280058
-0.0816929482701204 0.121605845781142 -0.135536205166433 -0.0715311055016641
0.0131055472744265 -0.0424577928194795 0.0194008276482462 0.0946775517817284
0.110878121139055 -0.0848466590905973 0.0806579429695667 -0.00438332597408432
0.286790224653105 -0.0421182850661371 0.104853979899572 -0.0250454280135504
0.261629178613266 0.229201080432906 0.0977267719645765 0.00376689521022513
-0.0389857420295428 0.36726074922265 0.0757401574715737 -0.0231794170999913
-0.309541855454576 0.166547307700912 0.164821652066397 0.0196297047458508
-0.261892036964829 -0.150640882588244 0.12604881185087 0.106871027493486
-0.0624539869771653 -0.284893418370091 0.0368378429523767 0.127858113472369
0.0755659201282022 -0.279305191398134 0.0069863982994112 0.100028759845011
0.0787050460650611 -0.289162666393764 0.0642875692808219 0.0854634377197106
-0.0447076628251041 -0.290912621872554 0.209092072060507 0.0279199696288452
-0.204233623246301 -0.203385569189714 0.234319231363828 -0.148656063257717
-0.24881364681971 -0.0464955799024104 0.0693361007037359 -0.269228005511645
-0.193875402362197 0.0984381576018326 -0.0645206297277224 -0.215752022816204
-0.0864446613530633 0.117449169619134 -0.0876962539766344 -0.124950187808444
-0.0337633389361195 0.0367757146718389 0.0366834537155972 0.12595578705099
-0.0282284245338449 0.0404693748126037 0.0877272662652193 0.0910410264272216
0.015084118649582 0.0224517955218769 0.10941566969506 0.0860533720537804
-0.0464462026038302 0.0880351266421656 0.114849132362123 0.12132307575571
-0.15663849273409 0.0623314762256375 0.0475154322780044 0.134519862999995
-0.216837585184519 -0.0924981928169961 0.0196722770973702 0.109001297134847
-0.141432482892958 -0.251895256783396 -0.000256612586790635 0.05616514823249
-0.0677194279876589 -0.309322752026658 0.0155550399190435 0.0115514148421533
-0.0843611963640849 -0.291870262839543 0.0343448428509644 -0.0384587978546038
-0.162111208646904 -0.193385800376882 0.0471904800543109 -0.118088072477778
-0.182044177070945 -0.0384534730262504 0.0473786513331851 -0.188871094635411
-0.11493903625301 0.0290054753209483 0.000613499143002887 -0.207451738664099
-0.0592797801853533 0.0170559368060076 -0.0569149042294129 -0.174570708590203
-0.0735932368230202 0.0471574132667103 -0.0557393196401464 -0.14800092105484
-0.0477816364809576 0.0559734231637138 -0.0481531513649207 -0.150111002432935
-0.0670681457448486 0.097381986979524 0.0690805044575091 0.111813150337049
-0.15075132556813 0.109645727619131 0.108839090636751 0.163471844329421
-0.207971669867998 0.0248368440242397 0.0435494053513913 0.223795018553442
-0.240621132246835 -0.109233113881597 -0.089492332566681 0.198842617927504
-0.123176753346545 -0.234235406668834 -0.153748218267747 0.0588005975029842
-0.00670473211197974 -0.280439488482535 -0.0828349746098104 -0.0349875959653118
0.0232909444914163 -0.286494806828696 -0.019393346056161 -0.0643186245647877
-0.0626688411448427 -0.292430435181673 -0.0148084412730874 -0.104169250989893
-0.241420142390155 -0.212116897847154 -0.0719780953465133 -0.12862907849529
-0.341747326525608 0.0725159797760923 -0.126698204369032 -0.106086567797332
-0.146518989793221 0.344447379831896 -0.0870573368755467 -0.0768478126968405
0.169797944213907 0.288526814396081 -0.0842516263653788 -0.0794882576853629
0.255069257965105 0.0226239059126096 -0.109530707229741 -0.0358620057451741
0.0946407772177947 -0.06723388755974 -0.0722458884833049 -0.0348589189153092
0.00732191254996303 -0.0353395103619978 -0.0358712718807858 -0.118630826545375
-0.0725753866232108 0.106625074134623 0.104505543924248 0.0710724739624629
-0.17467306379359 0.0922458861975809 0.103478402914977 0.200106923115384
-0.216472032548728 -0.0163693487959532 -0.0970679270303682 0.228534790907341
-0.176523383134648 -0.167603001912557 -0.27949785332062 0.0363678164444137
0.00132511193271698 -0.248439807021288 -0.20659053197191 -0.204978849998923
0.132717061990689 -0.248383613061724 -0.0112669719148137 -0.241729881255945
0.123037345852853 -0.230095790685718 0.0637845939581178 -0.18806430707187
-0.0478739701758517 -0.233592679127038 -0.0449751884012217 -0.210287239161694
-0.283423842466707 -0.0955045400690935 -0.24978544379122 -0.126279827490057
-0.303097768914426 0.255739461190097 -0.260554963107827 0.11484787650775
-0.00261151054603333 0.454914335710803 0.00937575302832276 0.15817701168497
0.325843668349538 0.303957810101781 0.0259329121729673 -0.0300501013529272
0.379681246697782 -0.027245590655417 -0.131726662997584 -0.0066675681355815
0.169184083977881 -0.147134672299468 -0.124117120842126 0.0826630434761636
0.0402628574630748 -0.0920727315508558 -0.046446416291357 -0.0394534925942972
-0.0471632636919347 0.07122853619606 0.134877944016125 0.0339121592267359
-0.113313932132996 0.0455378964406918 0.0739020456621848 0.199536409126217
-0.114545995283292 -0.0188465196847237 -0.186564130305584 0.121007596198468
-0.0647820383493363 -0.0908457021904952 -0.250147665298034 -0.175820602358539
0.0394972673938433 -0.112897025766698 -0.0653781827420554 -0.355188005410135
0.116761213670025 -0.121488655152862 0.139370947554046 -0.330795234591637
0.111170026491849 -0.123017090505322 0.172708529652048 -0.261245287231317
-0.0288198488014291 -0.137369406905788 -0.0629869627140426 -0.283689721660317
-0.19233671494089 -0.0132871232476355 -0.390961871664543 -0.0618383066564243
-0.14434593788787 0.22157995954475 -0.265416130771754 0.334272114267347
0.0689774148007653 0.281603393362146 0.184133438030687 0.266842422278914
0.231393186366033 0.152074191992777 0.128010135333356 -0.0916059995677338
0.248605015417269 -0.0493773536907921 -0.164871020970481 -0.0491281833509011
0.108346857290757 -0.118901417648463 -0.170537614001369 0.169946875269057
0.0352256166289173 -0.0752674511104239 -0.0597072766455995 0.0430312906554189
-0.00186883719671829 0.00637081063911602 0.0601789260991828 -0.0699227706382364
0.00166009402655164 -0.00372012515261187 0.196492232953671 -0.182356142037765
-0.0093209631828017 0.0171518122274666 0.180716416876185 0.0663217913867342
-0.0152050858778089 0.0089568189989156 -0.130769419199202 0.143302487428813
-0.0386876642442365 -0.0254711774866379 -0.249982512255704 -0.234721489572147
-0.0169099549301209 -0.0413448654731995 0.206345657786262 -0.430014053345039
0.0178003669636537 -0.0126189982266527 0.449075042184441 0.00142709441656324
-0.00669608161163311 0.011537519399373 0.0799476015662384 0.297142863998911
-0.0269821614656835 0.013660835881115 -0.207460848381937 0.287784023577765
-0.0331037075158905 0.0132705190954617 -0.199558350807817 0.34533902527011
-0.0135820812959739 0.012426567051093 -0.00821802251894577 0.389929437946198
0.0174887782537644 0.015883118482169 0.188861850221733 0.254699897737609
0.0160823033970581 0.00707806891449224 0.206062048504374 -0.0514763896403326
0.00853395357975627 -0.00438128466577034 -0.0548250169415725 -0.193078382338199
0.00990789354733541 -0.000101091673258219 -0.167111337808603 0.00131862871818915
0.0296326729070814 -0.0619955013427675 0.047936844767078 -0.0435698349226782
0.114581991852834 -0.115023208343432 0.163304683744313 -0.170553828321448
0.223343381377871 -0.0381323448122325 0.163307302156804 0.0254000222315605
0.205323904563163 0.133439495001431 -0.0994126784845919 0.111849197960571
0.0224673022178902 0.225318652565085 -0.222865329978207 -0.217100875594778
-0.14164511676756 0.154754227821776 0.197715584916195 -0.381584504055041
-0.151893268894392 -0.00990379052025788 0.406881291046577 0.0118818378419603
-0.0341014981266483 -0.106317844212294 0.0712266489940968 0.281392867679691
0.0740718492045308 -0.0924379770542681 -0.188722360677443 0.268900862965327
0.0762224241730387 -0.0779610031108275 -0.182581896723683 0.33616861841531
0.0292016188952892 -0.0869032047329379 0.0189674770106605 0.383688092200501
-0.0281194692123781 -0.0641439911549095 0.218496854385256 0.226686804987451
-0.077897750222469 -0.0241958054733632 0.207527229385339 -0.0899633327013869
-0.0893173775092793 0.0456297758508609 -0.055424868659713 -0.202786846690027
-0.0372642811221195 0.0743427477100622 -0.162965935962813 -0.0177498472104459
0.0368832268735692 -0.0853846004655559 0.0276785247721338 0.0250432217581144
0.161232318250817 -0.158716823995716 0.110558468254615 -0.102144562366394
0.35790210585224 -0.0824238431196581 0.120304886434747 -0.0287340931976351
0.353822124202135 0.21321404892776 -0.0212972936051953 0.0302241131982291
0.0565539954460184 0.401915407482029 -0.0866241837931059 -0.166345620851386
-0.247228692552197 0.264836983357623 0.207568039624332 -0.21012205128199
-0.263291870991727 -0.0466546671093506 0.285318366528212 0.0667724042979368
-0.0568117260821807 -0.209485383339805 0.0583397038925755 0.220522851629371
0.12486868729664 -0.197422956565821 -0.096934532836617 0.210946906092707
0.147888842338765 -0.197597898705109 -0.0668992418002254 0.271943806599419
0.0461272708567288 -0.22985895637142 0.153049724152749 0.294454844003458
-0.11402221660129 -0.178367913108358 0.301558622820368 0.071528756867425
-0.198443930750789 -0.057089026504807 0.173244128002437 -0.20486145600868
-0.176175609242855 0.0889426558480096 -0.0700843919866207 -0.220309563899693
-0.0754670667515577 0.123800783004054 -0.136169809346673 -0.0647024271568475
0.0109867004163353 -0.0406538515627292 0.0227642216806222 0.0928539321328842
0.107111843189999 -0.08645896344152 0.0780621286600536 -0.00662848098482288
0.28168414129586 -0.0513135222754935 0.100355460159373 -0.0271776004747937
0.267709210024453 0.216547850072385 0.0961283084842284 0.000123484500216748
-0.024820072673145 0.365120411095335 0.0740021116476428 -0.0237365894103923
-0.299560764793129 0.176591064267999 0.160964011699205 0.0119608577119002
-0.264034273120246 -0.138710267614031 0.127231099215545 0.100356523889384
-0.0720365466421738 -0.277751307380226 0.0413067736429792 0.124291634711863
0.0663614509845999 -0.278024241100395 0.00959058377068266 0.0986515017530699
0.0689888929306486 -0.288074921455143 0.0647975877948497 0.0837003749761823
-0.0518430313056337 -0.285967049823304 0.206826958958331 0.0217837695191959
-0.209212356985117 -0.193244694989705 0.22634337897623 -0.15549873730127
-0.248909975721168 -0.0367768140935985 0.060522190037163 -0.267553578299815
-0.187895648736243 0.107083391873321 -0.0711781736607611 -0.210614091211247
-0.0807901158701571 0.121316103120829 -0.0918942807428813 -0.119868385829394
-0.0309799212513771 0.0401305806000444 0.0405671504408757 0.123466921098647
-0.0262281017228428 0.0434048305067649 0.0874179765346557 0.0859050931305117
0.0144515799280454 0.0219851984038035 0.108765471267531 0.0819267754694468
-0.0439307008187534 0.0891025929489685 0.115802577083201 0.114524352660764
-0.15280421988427 0.0664249251746296 0.0518086473273768 0.129378657103046
-0.216080777168329 -0.0837599947450601 0.0221885405652751 0.104752109327754
-0.148429733129369 -0.24176886005347 0.00169687916402982 0.0548560146368087
-0.0770802215988706 -0.30255545489835 0.0161159055118924 0.0104046635479323
-0.0940330270311648 -0.283450808861806 0.0325053654992002 -0.0392078238930939
-0.167392480639929 -0.184637465155783 0.0417316476712226 -0.11730005217138
-0.180565222386301 -0.0315249292468227 0.0405593943998225 -0.18776459786072
-0.113740268802516 0.033003541406892 -0.00594560385779919 -0.204316818836728
-0.0604654198785746 0.0195137478682135 -0.0608692484419919 -0.170717622432965
-0.0715250295250241 0.0512392427135112 -0.0589951490406921 -0.144152272136203
-0.0454346005124566 0.0590546217777782 -0.0533454072023643 -0.146923464038694
-0.0642539792307045 0.10018808276335 0.0712695028350393 0.107744484598532
-0.145533528970011 0.116130331663059 0.111441370929566 0.157496496033532
-0.206009013076916 0.0323509567024534 0.0496907847420766 0.218858613973574
-0.242058989713365 -0.100149531755041 -0.0831966419846468 0.197924620912423
-0.131817855728942 -0.226632067441491 -0.149287695548409 0.0610133763035618
-0.015390341667877 -0.27582042805556 -0.0824211334039776 -0.0337352955652452
0.0140742221528451 -0.281651808046155 -0.0209965552645001 -0.0638536034593094
-0.0714802710306379 -0.285771156730635 -0.0177991862721926 -0.103899884186052
-0.247521790226331 -0.200295771541325 -0.0758371006034701 -0.123936823346593
-0.335147776140316 0.0853145649845949 -0.128674269717168 -0.0988946378661049
-0.131222594783217 0.347486036977677 -0.0872235726246688 -0.0741051321846902
0.178107000194858 0.280640145536255 -0.0848477025939213 -0.0777869230889483
0.251804956765275 0.0133061787075844 -0.107689272906268 -0.032653341540622
0.0915834210281206 -0.0681402087658281 -0.0709940268924269 -0.0316840594409975
0.00541136671188766 -0.0327530241547643 -0.040180427264709 -0.11680658100428
-0.0675301988958433 0.108456204450374 0.105655446027039 0.0659659434577196
-0.169488989011551 0.0987501999680075 0.108257211253418 0.192241892445091
-0.213998643659333 -0.00699959077063315 -0.0882333480802838 0.228797093353371
-0.180269334814452 -0.157911117142014 -0.275887526573768 0.0453114223655207
-0.00707763499559021 -0.244495869167341 -0.21024659769019 -0.198005290115595
0.123236310292354 -0.250352360031014 -0.0183730133025974 -0.239731686111934
0.114401104340237 -0.228939858165864 0.0572671506877423 -0.188547492057267
-0.0565864271688619 -0.228214336141347 -0.0515208714946519 -0.207028993685541
-0.285688081836414 -0.0827441879479985 -0.251192656930201 -0.114684714326884
-0.290846439360584 0.263868654964189 -0.253023298482127 0.123550796732934
0.0138994847294559 0.451864062380203 0.0167512433251353 0.153753791594735
0.334167114232201 0.290099387791774 0.02459017779679 -0.0337505219003315
0.374835433428502 -0.0403479607124984 -0.131168058872176 -0.00335432970623108
0.160725537849596 -0.150705012788137 -0.118114268129475 0.085344064014459
0.0365964754213624 -0.0900345961387772 -0.0485250470987219 -0.0380452022715203
-0.0450538071124471 0.0727241988824744 0.134239396823097 0.0281845460051194
-0.110109493531249 0.0507066378167023 0.0805691946292111 0.193414200737296
-0.113225240352873 -0.0130821836793672 -0.178586646543684 0.124934546431683
-0.065927162683341 -0.0855913718029474 -0.253445673233104 -0.163807165955094
0.0357583129993985 -0.112046645047418 -0.0747456017762027 -0.347703433007806
0.111187792385613 -0.122717101304926 0.127100714710374 -0.331226113419974
0.105855303552276 -0.124166146700697 0.163532186760435 -0.264000180065346
-0.0339340838831809 -0.13440852600142 -0.0729025076889665 -0.276796963936234
-0.191852296616552 -0.00547554275713615 -0.388494284566372 -0.0466309900939582
-0.135200120580093 0.225246609019056 -0.250278567710634 0.340012960632396
0.0783126567458607 0.276700343065572 0.193112740565943 0.255141192418259
0.235824444971125 0.143058889449387 0.122678245481206 -0.0978172215308496
0.24370546680254 -0.0586558541990947 -0.166829005307735 -0.0432009629153495
0.102491730905298 -0.121212471219196 -0.162195055906913 0.173147154324544
0.0321289521226861 -0.0743863692728688 -0.0578839721334182 0.0438224481942227
-0.000967367047670484 0.00793003969280013 0.058053263376748 -0.0698418009471771
0.00181054746345385 -0.00327122059370776 0.190939122204658 -0.183869950409045
-0.00805331816462567 0.0177378886856994 0.182111059541797 0.0621033947870054
-0.0143339909183376 0.00971375528093561 -0.125705343660447 0.144021000596489
-0.0388474867046392 -0.024882259760483 -0.249201833853362 -0.226542310720467
-0.017775340639268 -0.0397386472033919 0.196194187690015 -0.42599976007141
0.0171512121437422 -0.0130264777169585 0.441613411709257 -0.00426386121575757
-0.00684177182677334 0.0115010429398176 0.0819255868820431 0.291865093163118
-0.026906693811127 0.0136879295310666 -0.20173969820749 0.28511559843919
-0.0326115315983489 0.0140423932570973 -0.1931802859298 0.341388652667903
-0.0129401133078212 0.0127885959859164 -0.00475073899338855 0.383010522908759
0.0173927602373742 0.0138185614750876 0.187237595623585 0.247419064264784
0.0163899909253968 0.00683568149027486 0.202566036082003 -0.0531900848534149
0.00903799453881138 -0.00427082868498039 -0.0569483367529824 -0.189659435909586
0.00965992749316922 5.28595083770585E-05 -0.16236830288126 0.00305363074875233
0.028960583452034 -0.0606028642531339 0.046281047144084 -0.0446830320152274
0.111240645296466 -0.114332164946202 0.15877262562076 -0.170681317576183
0.219947204363192 -0.0403108849880545 0.163811747829144 0.0224815979492063
0.204823260076026 0.128302075289265 -0.0956891457999907 0.112540660283968
0.0245284751228771 0.222259763499153 -0.221752585270464 -0.209352255233536
-0.138200599022546 0.155393671300439 0.189559883441825 -0.377706999870649
-0.149331152089867 -0.00718267369557015 0.400024996800893 0.00619912959036667
-0.0352044872437489 -0.102380204558568 0.0726038971912917 0.276522678042488
0.0715381838806448 -0.091284886729066 -0.184432794919833 0.266463303742853
0.074672309651777 -0.07625537455983 -0.176762011928103 0.330814706030164
0.0285793125291615 -0.085925988940344 0.0220564363336612 0.376680120153577
-0.0288781192841527 -0.0624087170333723 0.216002729677875 0.219359449590617
-0.0753569224062323 -0.02167224263698 0.202046121025625 -0.0901993484102149
-0.085199414743034 0.0475054887259339 -0.0575959670718057 -0.1990232346904
-0.0360094255003587 0.0735533211601432 -0.160007273813022 -0.0154400475382088
0.0351465604242419 -0.0820041530315899 0.0278251271274661 0.0239136411059514
0.15677295308802 -0.157788796316818 0.106431844788421 -0.102605094218506
0.352034794799358 -0.0863044057123436 0.118762440376971 -0.0286819397346655
0.352984657457689 0.205672828165688 -0.0208472031124379 0.0306459423115438
0.0609012377597424 0.395712551613156 -0.0868115526868936 -0.159450935587596
-0.240151572496309 0.264373300048623 0.199825284934413 -0.210686077929891
-0.260394314631268 -0.0418795446202471 0.281171507613907 0.06179992638389
-0.0595087132317905 -0.204155230592757 0.060094092495457 0.215599361815399
0.122035891589069 -0.195746446792661 -0.0945428390799725 0.207622476990784
0.145254087522704 -0.195149895614666 -0.0637425819276648 0.268340334248552
0.0430919028852279 -0.226335104542143 0.153001616713519 0.286988485480725
-0.114217846764906 -0.173354788070075 0.296013020903905 0.0665969453617412
-0.19608628712194 -0.0526879866826404 0.167522665206611 -0.203734003117809
-0.171471651198183 0.0912190853552221 -0.0714765587674346 -0.215955446814054
-0.0721279352247083 0.122721772716892 -0.134739822800352 -0.0610818876866553
0.00981955284618633 -0.0381434418706406 0.023741971804139 0.0921882327604258
0.105783277427514 -0.0853772117075751 0.0740241512797722 -0.00696452480501006
0.276465919332997 -0.054993079289938 0.0965436529849639 -0.0267862360574224
0.267893790567522 0.210511922560522 0.0938766710101731 -0.00101598241770035
-0.0191044652006726 0.359778065840899 0.072722591486482 -0.0228434887589461
-0.291662306474751 0.17877354962819 0.157222747409958 0.00902345941725962
-0.262684541038197 -0.132438708061083 0.125286917213257 0.0960858968974095
-0.0755294089653497 -0.270754452685347 0.0424894835528533 0.12119286247428
0.0632150384954294 -0.272517079126309 0.00926692337422598 0.096567045495472
0.0658551198843739 -0.282640439089645 0.0633038270155687 0.0828719216619685
-0.0543891424364841 -0.2816993719639 0.202483593402054 0.0196324841529453
-0.208844221314592 -0.186897748328798 0.219249651894952 -0.1550070284377
-0.246069923391348 -0.0323008463912665 0.0561561564752282 -0.264057409570353
-0.183105075746409 0.109650008093392 -0.0724308877770923 -0.205846140923922
-0.0773177257871434 0.121230463390835 -0.0911876726361909 -0.116197014389463
-0.0314724688392527 0.0422765942213968 0.0401944777673645 0.120668720879046
-0.0250646899074023 0.0452130267213188 0.0846186925656727 0.0835345968220506
0.0130119617330241 0.0220598701847456 0.1071608674421 0.0794425027635653
-0.0428547640584862 0.0881043404090238 0.113160332974337 0.108574763905441
-0.14954480376673 0.0667481084274328 0.0522255883722065 0.125523871847678
-0.212154890729848 -0.0802841755720801 0.0225919902313032 0.101890528391938
-0.147924962639646 -0.235948777143316 0.00164504850536025 0.0525637860225454
-0.081149187302298 -0.296025655396949 0.0161697473464177 0.0095918358712339
-0.0958681947252507 -0.277103302821743 0.0306039200299866 -0.038589095843265
-0.164795218495197 -0.177621709993033 0.0392413429227534 -0.114282252546802
-0.176098406010926 -0.0285600110848521 0.0377688292642926 -0.185285235657119
-0.111338577419983 0.0343085323688232 -0.00780065866590153 -0.201595059133859
-0.061606836123045 0.0209092599511925 -0.0599075346341018 -0.167959290423711
-0.0709192728248839 0.0537057851765065 -0.0590260746776128 -0.141400258490129
-0.0443039552871057 0.0602467548594868 -0.0543868614388987 -0.143677519742701
-0.0613858982959777 0.101339145274319 0.0715325592334758 0.104097845375883
-0.142569906141465 0.118291305254713 0.11018564946024 0.152856340209504
-0.203576095150253 0.0349198820177367 0.0508401984577941 0.215132456183527
-0.242132876754405 -0.0941346851545214 -0.0809277283564362 0.193811841542002
-0.132638639508444 -0.222396094262057 -0.146217447473454 0.0591354891402832
-0.0168172209062869 -0.271933747995276 -0.0812867294497937 -0.033295021508064
0.0107928705543816 -0.275626075177311 -0.0208335448741366 -0.0635292603271158
-0.0746086906018393 -0.278538143345873 -0.0181752938453628 -0.102869532870943
-0.24712975280272 -0.192479046793175 -0.0763149293942089 -0.119807962197119
-0.328406579135556 0.0895696496348455 -0.127481993829551 -0.0944934554279127
-0.125078600162452 0.34577501208012 -0.0855059642364996 -0.0731839264381766
0.181141637663754 0.273131620692228 -0.0836361901813651 -0.0770778109017338
0.247067106515157 0.0096645172916864 -0.103930783951682 -0.0320911401898826
0.0882605717169859 -0.0677333798500449 -0.06936645891012 -0.0310983628766179
0.00473102210602328 -0.0303983502848611 -0.0414732491244841 -0.114969640521289
-0.066329643375576 0.108795296249629 0.104095693974386 0.0618250228391891
-0.166778730985592 0.101105767896521 0.109487147473568 0.187307266372397
-0.21085699948823 -0.00372742766644508 -0.0828924144187799 0.226286341875506
-0.17914682946223 -0.151619202463704 -0.27093679615934 0.0469045865281925
-0.0109217424279475 -0.239580243599288 -0.208538390515248 -0.1934619027353
0.118569152122948 -0.245768468143994 -0.0184839913996586 -0.236627238345753
0.110166420163542 -0.225720801859208 0.0555068191556038 -0.186663579665947
-0.0596678296754082 -0.22275843533769 -0.052861578341556 -0.203391956192953
-0.283177024162558 -0.077475602739466 -0.248432035011825 -0.108700433802369
-0.284497916844538 0.265344086578671 -0.246691077273031 0.126801143293044
0.0209729843209289 0.447642381122494 0.0205367379956581 0.148699763052544
0.334610738525393 0.28121662738175 0.0230183373113704 -0.0354813342850674
0.367992657943548 -0.0448790623869397 -0.128666189552221 -0.00265988358388386
0.155097101863738 -0.150793020273778 -0.114175390988398 0.0846984923119475
0.0345949131667211 -0.0879043737055401 -0.0493314352697331 -0.0383309953944392
-0.0434499697461472 0.0721576327157685 0.133220011993166 0.0247504173764442
-0.107283450481667 0.0514371652688422 0.0819931794550719 0.189168964645677
-0.111685360610833 -0.0105878444412114 -0.174150631453677 0.124746763291819
-0.0651082667767871 -0.0824828854443735 -0.249729105038943 -0.156598583876382
0.0339359798169194 -0.110248637160989 -0.0763219072675262 -0.341006184019367
0.107302469518362 -0.121082849739225 0.122676323905191 -0.327743231368387
0.10288737771868 -0.122327569497539 0.159077531952332 -0.262284216934541
-0.0357682973823459 -0.13071503937214 -0.0755328534203858 -0.271731053546251
-0.190676372947877 -0.00208410067004488 -0.381854256716548 -0.0406365633296402
-0.130346253282659 0.224542032379076 -0.240521331342947 0.339672594454972
0.080781718560132 0.272728499312034 0.194866218435205 0.244767892104465
0.235165692361709 0.138022107637212 0.117766711136759 -0.100042583482061
0.238155431930855 -0.060765627830605 -0.167328911720324 -0.0405571498135583
0.0977590732404943 -0.120541562433142 -0.156479835060982 0.171924859451041
0.0305819158013277 -0.0737661654810244 -0.0571282013694261 0.0426621059488906
-0.00036559225704273 0.00855169114645931 0.0534875038275057 -0.0727656546035106
-0.000367577732653659 -0.00144431449072358 0.180448826505134 -0.193485928040873
-0.00690370101161996 0.0183628163566187 0.186597611875249 0.0503310094675429
-0.0120865202755126 0.00969372389116758 -0.116756840953243 0.151486527048549
-0.0402813858587884 -0.0213574786244396 -0.260357944734745 -0.210563102853368
-0.0227897129360728 -0.0359509311029302 0.173532296615607 -0.437667242845218
0.0143682137384598 -0.0142130475891441 0.441065566188451 -0.0296816562622209
-0.0062394313218261 0.0120936921731589 0.097149143722673 0.284496839068341
-0.026058953636158 0.0153756664538626 -0.188682910760551 0.295011867726837
-0.0312015357294397 0.0165105804164654 -0.177016073446836 0.347135629729281
-0.0114639401735976 0.0148518528176341 0.0132441730356888 0.376589698562292
0.0198118961242352 0.0124185410305677 0.19678416713299 0.234713662098089
0.0175223886521088 0.00395316957663688 0.196342513110938 -0.0638450694525544
0.0080873150978731 -0.00297052776045309 -0.0655557296992522 -0.184586450075729
0.00893313846754325 0.000535067666000487 -0.157984755143187 0.0110905086210304
0.0266067272048803 -0.0612876004331291 0.0430139847248905 -0.0459752421307536
0.104587709590977 -0.11881687390568 0.147179066688654 -0.178086123394218
0.219348805086411 -0.0524108911198768 0.164846638853217 0.0138338451242515
0.213589847753332 0.119495450711215 -0.0881197150594377 0.11816469691772
0.0365668429742899 0.223452732133619 -0.231219570288497 -0.194057429512175
-0.133393738483798 0.166852476608823 0.167609757728688 -0.39011078730504
-0.152507067090498 -0.000239954891210994 0.398651201142258 -0.0166215532717926
-0.0406384716878867 -0.10078625459834 0.087088628433444 0.270577196658848
0.0681667422099742 -0.0955519306421029 -0.171954251259344 0.275408918903352
0.0725375209329525 -0.0796335782896741 -0.159479246598812 0.337782211562562
0.0249801093928055 -0.086292956292072 0.0398461913430726 0.369725308933363
-0.0312483785182503 -0.0620298377031675 0.224492495989601 0.206692484476094
-0.0761723620640053 -0.0184748085746791 0.193027371811923 -0.0992515097116952
-0.0833571814165347 0.0546592106704068 -0.0688794002679823 -0.194385861892492
-0.031816690944636 0.07750935123118 -0.157293149372956 -0.0064145923992894
0.031017075773218 -0.083691620259349 0.0291222978530358 0.0229121215267824
0.150268308986097 -0.164581199316491 0.0984979527718755 -0.107031953509646
0.347751805183181 -0.105311060660487 0.116059992300513 -0.0335233257804834
0.365258454787971 0.189288712295199 -0.0188561008146886 0.0332581585358842
0.0809876242846345 0.39508292825965 -0.0949234951927714 -0.151772638814717
-0.228477413804961 0.280441683537657 0.186146801702059 -0.221454152421212
-0.264525072701979 -0.0277423515869838 0.282272209039797 0.0449142292819578
-0.0694875093261326 -0.200079473971583 0.0716368928241837 0.210876275101968
0.113101099759085 -0.203030033205599 -0.0851093010578976 0.213696564846004
0.138636806379169 -0.204402392187953 -0.0507517599233969 0.27142699118484
0.0331651281787474 -0.23003286425242 0.166874914916018 0.275376435378346
-0.124047481898053 -0.169840540700181 0.296354503169452 0.0489498388954073
-0.200257637020026 -0.0419746660181471 0.152489753804446 -0.210902343624498
-0.168504345292429 0.105106128270143 -0.0842606949687185 -0.211029063703869
-0.0649780610713159 0.129977026987669 -0.136193071248153 -0.0527335350450665
0.00833830172889836 -0.0371936445103415 0.0283593457706431 0.0899016459579602
0.101698033418938 -0.0896669954712783 0.0717095702948413 -0.00997803664868505
0.27374705179184 -0.0688520935497137 0.0941811311002593 -0.029861696176102
0.277691732603656 0.197509331448909 0.0910437595341551 -0.00556069988609236
-0.00192989840360515 0.362325897767578 0.0710965135199143 -0.0249320426369624
-0.284465052448739 0.193808227575559 0.155910195354861 -0.0003331838978142
-0.269685091011067 -0.118121777315058 0.128803059872073 0.0881129243047936
-0.08869760947825 -0.266050765310987 0.0490950681529523 0.116983945776596
0.0483357097085309 -0.278099736624358 0.0144501935160931 0.0970137212506897
0.0533775096890634 -0.288825753286985 0.0678940741632561 0.0807952947544254
-0.0680451686724027 -0.282979434245988 0.203135859772242 0.00832669137599785
-0.221957363161905 -0.178383070590304 0.211556025745143 -0.16933009166776
-0.25200077270754 -0.017317010634947 0.0389862444393874 -0.2659201299271
-0.181368339899734 0.124951294800467 -0.0844560128883683 -0.202523111488426
-0.0692452297651812 0.129552047753631 -0.0981196961422914 -0.107366807527906
-0.028763383755458 0.0454264177013723 0.0469116289903333 0.117319223321405
-0.0228433471987042 0.0475844797998317 0.0864603922462901 0.0788116837380313
0.0133308214846276 0.0214001157984098 0.109353595993392 0.0736174931120856
-0.0405243943161751 0.0902648429575584 0.115029204111823 0.101152401050663
-0.146652512322561 0.0728726921817276 0.0583116369656646 0.12192339829008
-0.216416977165457 -0.0710657214040686 0.0257347562128888 0.0991550063434701
-0.160709825527835 -0.227029234744572 0.0039359449303201 0.0508584904717893
-0.0961375647767286 -0.287975552393028 0.0168577011281793 0.00772013516551926
-0.113167242531985 -0.272288322572882 0.0302027129227953 -0.0400407267312469
-0.175292594413206 -0.169952540391983 0.0348538201238758 -0.116216397410693
-0.178944092621948 -0.0207511624781323 0.028064199755019 -0.186497850984906
-0.111895215851702 0.0411445658183585 -0.0178297383280103 -0.200541635743583
-0.0633056698093219 0.0249167018432547 -0.0663118881573248 -0.162949359261382
-0.0703542706868759 0.0612978655055485 -0.0658291881923349 -0.137540413128476
-0.0403991887431702 0.0662420202954617 -0.0628021219294976 -0.138209533335133
-0.0567100607068389 0.105267009636174 0.0754905014369472 0.0979910968737448
-0.136565464072627 0.126225273568487 0.116166408376366 0.144850284854525
-0.202404225563728 0.0457597830701395 0.0616699874663315 0.208854827969875
-0.247914435740059 -0.0816455747604708 -0.0722437330586889 0.194451696129437
-0.141510034992069 -0.216010199444826 -0.143013512542504 0.0635255123323397
-0.0303248059485168 -0.272620101381328 -0.0827560201852566 -0.0308427361192882
-0.00338023027681632 -0.275654237670648 -0.0241381998719688 -0.0639024139906268
-0.0895940696907126 -0.273420616359719 -0.0242435185463048 -0.102675621554116
-0.261108397506092 -0.176967923182395 -0.0808039170519956 -0.118058978099746
-0.327055049158564 0.109920907023365 -0.131360828224329 -0.0893573032627027
-0.105216296554053 0.35544951957371 -0.0897013334527972 -0.0683161421476398
0.198887780206564 0.266792207392639 -0.0876110217157465 -0.0704043612895874
0.247034428527306 -0.00404102369566931 -0.101823238195203 -0.0245008575919894
0.0842905340328435 -0.072072411368722 -0.0685558517200918 -0.0266175388672433
0.00275711581176907 -0.0287703632989033 -0.0472045579575325 -0.110413451555966
-0.0611862853855779 0.112076758381457 0.106349805626077 0.0545000815454433
-0.161952791850058 0.109817032710616 0.118776425217121 0.178779844577666
-0.210463683564609 0.0067677516794718 -0.0698642676565572 0.227458342318252
-0.186071488336438 -0.141751152883998 -0.266432106530179 0.0613248279952237
-0.0215793942165327 -0.237603964338238 -0.21683068655918 -0.182960336115135
0.106330396342199 -0.250568047937416 -0.0300025869886656 -0.236678783057359
0.0977995402971092 -0.229556533573162 0.0460502126568296 -0.19143249021869
-0.0713987616223712 -0.21811683712867 -0.064506749174464 -0.200181085174141
-0.292174531222755 -0.0584788931759393 -0.253330602782549 -0.098169956356875
-0.272588799408718 0.285663093143684 -0.240625867037702 0.13709245934459
0.047740868816527 0.45228544603242 0.0263598427683684 0.145618622427637
0.355825227301365 0.266384658907269 0.0196902152892868 -0.0339542147213179
0.365711450407674 -0.0673401866222417 -0.124385008490771 0.00682274684601812
0.148487170451691 -0.160450280957167 -0.105343391391 0.0910198350942145
0.0291446810119069 -0.0887444380397121 -0.0489066309350879 -0.0347062583133457
-0.040566084854305 0.0743093452976804 0.132327786996799 0.0149818611778433
-0.105227300685976 0.0558231462668676 0.0925835566525066 0.181605165553271
-0.11077991259119 -0.00423811837665634 -0.164154071198164 0.13177564716793
-0.0686351796645721 -0.0775811401983322 -0.254763447098865 -0.14194450143897
0.0274705530689355 -0.109313599283809 -0.0924188817350429 -0.334867278968669
0.0983786650622765 -0.124262686915859 0.105932055662229 -0.334885837490791
0.0959233714669905 -0.126563265486208 0.145437543892433 -0.270122905696062
-0.0444597977246746 -0.127722902012199 -0.0899214512362332 -0.265953271470583
-0.193346947430149 0.0110542635360187 -0.384147807479197 -0.0220025281705779
-0.11958794499775 0.236035017266286 -0.225624869286688 0.348084310383884
0.098004210114825 0.273697287295779 0.206100149907974 0.232444241647092
0.24626448004495 0.125291142533096 0.110333367230163 -0.103379922920976
0.234452416902611 -0.0748435405865252 -0.166279371103268 -0.0280039906359413
0.0929821187313606 -0.126963628922241 -0.143914394762366 0.179742296517341
0.027460292275395 -0.0753588787173106 -0.052135198173291 0.0447099718721396
0.000996665591098569 0.00827361403011391 0.0536274453357631 -0.0753786363079024
-0.000329585385355442 -0.00188466020018995 0.184243552208196 -0.201151138747176
-0.00615220222602258 0.018565021798283 0.194100354977917 0.0482016886410771
-0.0124163891960104 0.00858088962996288 -0.116866298171185 0.158244066446865
-0.0421617021435666 -0.021098012284684 -0.267476335473929 -0.213548955843673
-0.0238035240977387 -0.0360628007387088 0.174084563877834 -0.448405892117172
0.0135942897129943 -0.0156867071199414 0.453088515486361 -0.0325392505695734
-0.00573562143803577 0.0126614324608537 0.101448279283655 0.291598500517526
-0.0255186634582713 0.0162944517353751 -0.192077260823014 0.302416863908181
-0.0319535142841877 0.0171780349958272 -0.180528073271073 0.355661708452936
-0.0119858693498563 0.015483769177997 0.0160806179284889 0.382694119076454
0.019810512699674 0.0109126234306424 0.20194039425625 0.239357470070199
0.0191023895367465 0.00392748097948345 0.202085551134119 -0.0648653644349903
0.0090211567529996 -0.00325272078552567 -0.0697867811900464 -0.188345503036086
0.00809397289945511 0.000457947661323484 -0.160258418101401 0.0127444208197966
0.0263644403925061 -0.0621975269395223 0.0434209818501151 -0.0471637606903242
0.107368683111432 -0.123476602598812 0.150502277145748 -0.184478551715267
0.225071311696176 -0.0568775715753787 0.171852378200675 0.0120914084709449
0.220620645628703 0.120700564910426 -0.0885331088673497 0.123660463009955
0.0396178253911345 0.228873723009598 -0.237155451648437 -0.19582496036314
-0.135731914998327 0.172264565325989 0.169259991920611 -0.399744311674897
-0.155489511063298 0.000353576449089318 0.409084604029627 -0.0208018520931265
-0.0421079551404435 -0.102117712752086 0.0910070082730143 0.277248194571922
0.0696416248610276 -0.0980722678776236 -0.177318710402769 0.282440774104751
0.0749267101936465 -0.081823076021015 -0.163348964889404 0.345881886989287
0.0251672551364977 -0.0884444028110474 0.04281085973598 0.377566495851488
-0.0325615979224644 -0.0632031564279396 0.229601596392317 0.208596301706087
-0.077053155200014 -0.0182175661081877 0.197477461679864 -0.102310918900542
-0.0831192949255489 0.0572830229340913 -0.0711460163051827 -0.198802107491891
-0.0323811649183084 0.0794122659162406 -0.161291636739188 -0.0047808998022735
0.0320648553321888 -0.0839963196012123 0.0298230872351214 0.0237350729198384
0.151942894097041 -0.171079921417893 0.100129274086401 -0.110788441647254
0.357198108823992 -0.112116159086906 0.119851845324934 -0.0348441300559301
0.377034347777872 0.192050972515173 -0.0187036672754932 0.0361279013777669
0.0865556139688273 0.406282026457607 -0.0984348046561145 -0.151889369529243
-0.233280150960237 0.290443736426427 0.189312322628243 -0.227572244521473
-0.270452115191289 -0.0262965144011997 0.289756161450706 0.0440729810363248
-0.0715047462063921 -0.203268583687275 0.0743631257159913 0.214678786295565
0.114615770506266 -0.207511579976311 -0.0870603968928899 0.219641351659235
0.142782061886736 -0.208226999315427 -0.0521699232747582 0.278241069549233
0.0334001698620242 -0.236013519701291 0.170495607222766 0.282058988930871
-0.127809124792054 -0.172247054852046 0.30292883393048 0.0495660862703456
-0.204554845442202 -0.040373703363804 0.154170162823532 -0.216045071888895
-0.170424208868818 0.110350652892241 -0.0884050513409382 -0.214692482186047
-0.0647034518646839 0.133395923918458 -0.13987850133124 -0.051867098441938
0.00849918780148752 -0.0366841059767523 0.0297764742649655 0.0924380370950593
0.105105069525943 -0.0926484032590859 0.0716925639553322 -0.00984038738287582
0.27991496658348 -0.0739996360072385 0.0951972256966978 -0.0295853292895958
0.285874281457803 0.201727542252942 0.0919128910711092 -0.00582204312345286
0.00101319169746838 0.371509717365797 0.0728167174862906 -0.0244395227594568
-0.290780883386526 0.200064020856534 0.158798312071224 -0.000829739053678187
-0.276830852704065 -0.119026688331395 0.131246005977774 0.0892106506874544
-0.0935251901157377 -0.270024040160609 0.0510206561677044 0.119673026711962
0.0493405364809947 -0.284375837077589 0.0137107588621135 0.100032229670789
0.0543361691794948 -0.294496270776954 0.06837160797056 0.0837646271295875
-0.0702850785616217 -0.290054587689414 0.207756007295216 0.00904361996176524
-0.22869345110077 -0.181479971417274 0.214124200524291 -0.172197731556701
-0.259631304183517 -0.0157286428312377 0.0393276240907453 -0.271995365786097
-0.184013040820288 0.131662514086849 -0.0874380193170505 -0.205781353559261
-0.0692765141463668 0.133526113615389 -0.10161865578905 -0.108743437889439
-0.0292269364715374 0.0486338871095118 0.0478416817608809 0.119489512281175
-0.0228118790022302 0.0499918026415802 0.0870117071995437 0.0808469199913404
0.0120381490288095 0.0219792206665726 0.110724761177174 0.0756706953539645
-0.0425627431389032 0.0938446578167794 0.116370124039101 0.103454184833254
-0.149269726762691 0.0750161564359076 0.0603162881868096 0.123650432467361
-0.220906478253015 -0.0716727208805766 0.0266902848307733 0.100471282242293
-0.165562664242385 -0.230942606521367 0.00331927164399573 0.0522083627285852
-0.100843815252481 -0.295049539242238 0.0176229204274497 0.0070200484691388
-0.116925510659633 -0.277318554330395 0.0304656511829915 -0.0400754565580713
-0.17946101183414 -0.173240532039178 0.0344999176642168 -0.116944524582579
-0.182635231845269 -0.0208594046354965 0.0284485863507367 -0.190008440263216
-0.113977986792443 0.0420715648137573 -0.0181501430059817 -0.20490649869987
-0.0668153807127283 0.0268038231588457 -0.067935892746025 -0.166943329015071
-0.0717568913889995 0.0655103338901554 -0.067406437391463 -0.141571206235736
-0.0398382353313516 0.0692264960579237 -0.0662854668622573 -0.139704370904581
-0.0582572491742078 0.109554218852717 0.0780306814617478 0.0988661760351004
-0.139668446194581 0.131834013736078 0.119809025722599 0.147941567101296
-0.209425927515339 0.0479526656996032 0.0646751363879141 0.214460641193463
-0.255309181771321 -0.081210114150617 -0.0749486052283059 0.199722591302773
-0.147039339778801 -0.221300283051796 -0.145775340109753 0.0636676192924086
-0.0307069896975308 -0.277903727437021 -0.0839778966962556 -0.0317174515092974
-0.00365147000968691 -0.28071425118774 -0.024256314183578 -0.065972926927059
-0.0937646405892224 -0.278094121568641 -0.0253823782137735 -0.104873092987656
-0.268949613564149 -0.179025605605538 -0.0829929730583965 -0.118810506191298
-0.33467788490817 0.115052995841495 -0.133393333773992 -0.0894832779541043
-0.104821268314597 0.365999870590073 -0.0919143604050786 -0.0707119400970697
0.206756600613266 0.273018820206209 -0.0893525120634731 -0.0731043672049699
0.25096392491075 -0.00589083523289841 -0.102386892731262 -0.0256823548329288
0.0848761416559092 -0.07180142585505 -0.0689862417130069 -0.0276983530477141
0.00234414205425797 -0.0282869453334639 -0.0503587929388362 -0.113379806095505
-0.062374380992005 0.115917544212685 0.109335194125268 0.0544937443802515
-0.165396280775092 0.114390088962118 0.123842540522347 0.18131943501678
-0.215904750963604 0.00925791399681613 -0.0692347010576588 0.234156928455226
-0.190184120715114 -0.141847780321121 -0.272598522218806 0.0647719089336348
-0.023957464149558 -0.243480610933865 -0.222477457714137 -0.186885253861895
0.107309529624112 -0.256745455097989 -0.029738629289781 -0.244239938013286
0.0997870721145087 -0.234249145725554 0.0478081493872195 -0.196827101706439
-0.0755491778737457 -0.22196734707974 -0.0677275547145654 -0.204135022524181
-0.301053687841451 -0.0576486053691789 -0.258605508535894 -0.0986382341735009
-0.278182031127052 0.295824851740592 -0.244326741716166 0.142743873624439
0.0509194168740539 0.464322584386836 0.0294553360587806 0.145903087239487
0.367569646567204 0.269330506438909 0.0195184896258215 -0.0372706919656913
0.374442343454419 -0.0716272864665508 -0.127806572596087 0.00767150013909254
0.149912810044157 -0.165898350761633 -0.106264500154434 0.0942872915685058
0.0289319786262806 -0.0906161139931069 -0.0517356364942249 -0.0354536267714625
-0.0421443028601509 0.0769097969069268 0.136805766829317 0.0146423720718764
-0.10777553621705 0.0595577883884062 0.0959558326174976 0.184898702285225
-0.112451727700769 -0.00202115482242192 -0.167386872213297 0.136779018147328
-0.0692868422174347 -0.0785079299440744 -0.26102882793569 -0.143431955858774
0.0266336722423676 -0.11230442690962 -0.0942542397968483 -0.342691175970168
0.0998477705459453 -0.12731087413066 0.109470508084084 -0.342915444045428
0.0978335557559079 -0.129471139259455 0.14819642111009 -0.278764728342121
-0.0466847447718949 -0.130221248528163 -0.0931056257663872 -0.271362844038903
-0.199815870485516 0.0133304958363213 -0.393972494356448 -0.0202485500844303
-0.12085791565568 0.243768072148642 -0.228119557783048 0.35976096801738
0.101967771982401 0.27881850569817 0.212918458559928 0.232936973179175
0.255068861627965 0.126712435003936 0.111677874139341 -0.108907384543684
0.239976303196326 -0.0777476903046711 -0.172021837205465 -0.0277961280001425
0.0932117560197229 -0.13012511107782 -0.14578639805311 0.183657216772942
0.0269712241827993 -0.0772192323408811 -0.0533162337942162 0.0467143681815959
0.0016924716596454 0.00856117123918605 0.0521593957205914 -0.0790560694073682
-0.000510125211640263 -0.00243780576145303 0.183143575110885 -0.214670871908909
-0.00480615438951786 0.0189981720980049 0.204660302497486 0.0425933090444163
-0.0116107466207802 0.00891773064003029 -0.113492653815616 0.16943885764041
-0.0440688463382528 -0.0197390917780855 -0.283586919858908 -0.208584494274071
-0.026497832694545 -0.0358739613378187 0.163417055323538 -0.466811521330196
0.0134868994003456 -0.0177845571088778 0.46473037416584 -0.0494455143781135
-0.00523386363674211 0.0127224915381004 0.113480796992892 0.297732173727369
-0.0266102337106836 0.0170315911694623 -0.189464553412728 0.316243234402128
-0.0324397833562772 0.0195989731721103 -0.174974112073506 0.37190876254162
-0.0109663348345124 0.016020309740205 0.0277771853079643 0.390702395183795
0.0194779753096557 0.0106774989520162 0.214096827060149 0.238755821945449
0.0198611957825883 0.00318841100909395 0.205721700065337 -0.0743004480944366
0.0100607128092372 -0.00360825409476177 -0.0778313971588278 -0.19074851437179
0.00786499503116708 0.00127247576571689 -0.164988667682336 0.0186207265211484
0.0268318365533162 -0.0649439340965979 0.0425196034222563 -0.0507063334351866
0.105610842162198 -0.131703892856227 0.149256429251434 -0.194911756088921
0.231335004122343 -0.0680185302988736 0.179479500257441 0.00538261277778554
0.233558228932721 0.115118330376788 -0.0857318133316576 0.133013810424406
0.0491299761200567 0.235620976082864 -0.251427868811002 -0.190404912337395
-0.134067941831925 0.182747556454761 0.158958592575924 -0.416947933867421
-0.16151151134425 0.00592471934824087 0.420852374794425 -0.0345860332643247
-0.0463495275818673 -0.102966090267186 0.103147193234916 0.28227036007882
0.067803353012441 -0.103367122907018 -0.173825127348301 0.297269196292318
0.0754171264583966 -0.0861499027781858 -0.15707291002533 0.36070089124294
0.022617477253434 -0.0915501646321059 0.0551613678990252 0.384434595496261
-0.0354547753069222 -0.0641550475672293 0.241865891147072 0.208315695806177
-0.0784694138225028 -0.0161297113715752 0.200419028487115 -0.11131605672436
-0.0814743681370735 0.0619170908203663 -0.081000965547307 -0.201454049075332
-0.0302715856972404 0.0827470640364099 -0.165302964853958 0.000524256265962791
0.0307013270726787 -0.0873978840136555 0.0310516845719618 0.0242332008573836
0.15233200054843 -0.182369292694122 0.0991143689641692 -0.116654056656512
0.365769902272623 -0.130310638238908 0.12286666578898 -0.039818909204377
0.397541839886891 0.184542732207237 -0.0181238391819753 0.0396474606146233
0.1027720101191 0.415625440415512 -0.10525776181479 -0.151113985942106
-0.230142192001195 0.306599585129797 0.185602808514525 -0.240857978378126
-0.279838430879172 -0.0180154540539279 0.298945056927314 0.0368451361804312
-0.0803085845926555 -0.20643796854957 0.0840561404723958 0.219734062298393
0.112453346247395 -0.218084044319818 -0.0841569700108983 0.229333998232447
0.141808196824082 -0.219097882907906 -0.0457998436478072 0.289504693590877
0.0262518534221579 -0.243676725221055 0.183175232356646 0.284843806958063
-0.136042064173115 -0.172884550940922 0.312208775286366 0.0411322665006262
-0.21138166028354 -0.0345343848639221 0.151586902054269 -0.227014399924276
-0.17012968763205 0.119849264170357 -0.0991797167652623 -0.217067046121367
-0.0605877966178133 0.138764719597161 -0.146411647628766 -0.0469242221924113
0.00819410765063222 -0.0361636013085678 0.0334452474385979 0.0944961881205142
0.105999408824435 -0.0995006756265615 0.0720223120686933 -0.0110817862779164
0.285796170605327 -0.0869808646231152 0.0966169495457343 -0.0325803317149675
0.304361407200889 0.198347061141995 0.0923692644505509 -0.00819757129089944
0.0147858501954809 0.382671009911908 0.0742225849076317 -0.0256994545403147
-0.291805681087784 0.215479889108089 0.161987282809197 -0.0063408059542061
-0.288684320054068 -0.113177285942929 0.136944352777585 0.0878370135946354
-0.105007453583028 -0.275228566008898 0.0565653592610889 0.12163911489788
0.0420451132381796 -0.29342734183982 0.0161523527983595 0.104117442987817
0.0488494426722055 -0.304779573451237 0.0713942233886418 0.0860737204110819
-0.0815623418820459 -0.297351053787017 0.213731507633071 0.00400085833372946
-0.240660579042072 -0.17906162123622 0.215161797493562 -0.18364268517159
-0.268341002829871 -0.00608922505242416 0.0326603002781488 -0.280444252225885
-0.184105536487998 0.143641885591808 -0.0979101282566267 -0.208281915593033
-0.0655566064892133 0.140718411373492 -0.108361886151028 -0.107068073867365
-0.0274660530447156 0.0534955036978516 0.0536118274596693 0.121677736187558
-0.0208084945516387 0.0526974658407822 0.0908881295192662 0.0812818912221939
0.0110477747672087 0.0219195696218413 0.115473465035044 0.0751648811039168
-0.0408880506877834 0.0998722044474307 0.120076401016268 0.102344128665164
-0.15160283981638 0.0812072226325857 0.0650050650888722 0.124012971157722
-0.229094682688062 -0.0669881288654016 0.0297296484553392 0.103213665153284
-0.177245351068488 -0.231701206333099 0.00487673985320093 0.0537927962629325
-0.113355013722354 -0.299161253666467 0.0179632132551185 0.00652587329301087
-0.129774855034449 -0.27994538803156 0.0299466079014435 -0.0411885421632884
-0.189148361165933 -0.170685304035142 0.0321125968858884 -0.120639416415339
-0.186910537088259 -0.0169304244161267 0.0240173435106194 -0.195686459639308
-0.115722889546021 0.0467243761940989 -0.0257424292101433 -0.210672744823321
-0.0705291496440556 0.0313178069103697 -0.073634882839354 -0.169276123229552
-0.0719906023635414 0.0721006013880739 -0.0737327151493333 -0.142096269705105
-0.0384096082057834 0.0743061313157485 -0.0731439070257652 -0.141048738689721
-0.0554494884238035 0.116567817367483 0.0834682288351038 0.0987034354096491
-0.140040202324571 0.141774033179265 0.128017528120574 0.148316083727007
-0.21487567463689 0.0578694309676954 0.0736994094596385 0.218171952028883
-0.266939601457942 -0.0713146681298888 -0.0723209520167873 0.210019453999705
-0.157859691467331 -0.224236028374414 -0.148824643317405 0.0689914112021513
-0.0406075239218838 -0.286410664195992 -0.0867216938022986 -0.0308321742343184
-0.0123707833350847 -0.288086692948158 -0.0267966200092109 -0.0673624811634049
-0.10710330651984 -0.282996214921202 -0.029506917823566 -0.107644597813655
-0.283721721223485 -0.175284005563636 -0.0884303881910725 -0.118846012014945
-0.339431274262983 0.130317522031266 -0.139123457122651 -0.0869073279557491
-0.0950704695135831 0.380463007926834 -0.0946788599527884 -0.0708980332605502
0.223631102935772 0.272347162871419 -0.0934503611156271 -0.0725954977467856
0.257502052799994 -0.0141592609780322 -0.105486381372698 -0.024425813024401
0.0838348617837902 -0.0764535301409648 -0.0699908800582016 -0.0266873556887077
0.002241805098463 -0.0275841143098338 -0.0573955759063663 -0.114472188396284
-0.0606490774565463 0.122262867485628 0.115293662439183 0.0518649191332031
-0.166827210515699 0.124519061324687 0.134405823418692 0.182750023850781
-0.222095849453294 0.0190758262493656 -0.0630997306788195 0.242635463771178
-0.200520115057813 -0.137955284478679 -0.277931748032267 0.0770715259096295
-0.0321896176519742 -0.249657402397666 -0.235084198075989 -0.186538922439487
0.102362296482472 -0.266712704638306 -0.036638536508302 -0.251151726000331
0.0959295907599291 -0.242793469424034 0.0435166532323464 -0.204352049867535
-0.0867500462239479 -0.225739512913269 -0.0761187752635633 -0.206759801978148
-0.31389669443315 -0.0481081599758566 -0.269215646049803 -0.0925519195609768
-0.276810130941558 0.314680489773222 -0.245985639771606 0.15582133864733
0.0683811194125045 0.477926977295468 0.0364233938735498 0.14719734910661
0.390251624905185 0.264106025398608 0.0190358017671258 -0.040748047508821
0.382868967715241 -0.0862917808643558 -0.131752220738104 0.0107347255464254
0.147839159727721 -0.175875616942781 -0.105039895864519 0.0996524117869696
0.0266475741235203 -0.09306639735346 -0.0550366734707791 -0.033749852797298
-0.0410159828720744 0.0803903666264166 0.141405075097255 0.00936276011376945
-0.108951244052166 0.0644473286466993 0.106594841370783 0.186814355664725
-0.114539935085679 0.0033027646986795 -0.166667947002223 0.145819427783084
-0.073349177818063 -0.0787669659747798 -0.271580374617034 -0.136438020078436
0.0240305414092711 -0.116588785346354 -0.107064042513443 -0.348532987417646
0.0980892442952612 -0.132690621039408 0.102695663492376 -0.356791600744087
0.0969261610408737 -0.136279610180027 0.145190282141509 -0.291541755724848
-0.0524703962390442 -0.132090426200362 -0.104264445514247 -0.275533246299554
-0.207240392932223 0.0210614393815083 -0.403753836914096 -0.0073703412631608
-0.11611985524739 0.254983821293938 -0.221510155311538 0.378449533775567
0.116223322706233 0.285559282938091 0.228577394510423 0.230748699492746
0.267277296169209 0.120653963029189 0.109482340258481 -0.116806795763692
0.243929420459656 -0.0896598801658001 -0.179857162217969 -0.0208605579317615
0.090722977207484 -0.137841347224745 -0.143502859154735 0.19458703181675
0.0245116700686328 -0.0804168769428062 -0.0527604694773393 0.0496184962152135
0.00363172854726375 0.00818317324038555 0.047982237404735 -0.0814507154247341
-0.000151478695393947 -0.00238650456412738 0.174091370153208 -0.227372971685119
-0.00221063243085999 0.0185818146702744 0.210890720970579 0.0300234888190954
-0.0115199722044226 0.00813685642401483 -0.103618031235375 0.180255997087351
-0.0459212083856013 -0.0168694681318107 -0.297607318803304 -0.193924808782364
-0.0278145562077456 -0.0345272782535068 0.138194939512181 -0.479952208386721
0.0120014528805509 -0.0188447250800929 0.468323223926748 -0.0765942671021556
-0.00421873860363766 0.0136341832057009 0.131243877678507 0.294625202502243
-0.0262572458659098 0.0177046930702443 -0.175358955373834 0.330686381904298
-0.030840127047866 0.0206808841761467 -0.156191012681527 0.384330127698143
-0.0100976251278993 0.016338482697002 0.0484143270676815 0.391196620816539
0.0199249284197486 0.00878598088589639 0.22853048388801 0.229235651770379
0.0199765419332545 0.0013857456930088 0.204005847184378 -0.0865339954289996
0.0114908787647399 -0.0054564588074461 -0.0897500640248568 -0.187244221909057
0.00779720458501448 0.000882281961822762 -0.165715111223624 0.0287107884748442
0.0235045960194389 -0.0674040138399576 0.0387229306727815 -0.0524322506059386
0.0996779549967595 -0.139395258630242 0.138067247736269 -0.20718408050392
0.231076560863441 -0.0841356614196677 0.183675346028095 -0.00548431816062134
0.244602354059482 0.101898849235203 -0.0780888132353113 0.141338725607021
0.0630310221572337 0.23636581862882 -0.263571621677704 -0.177457334347008
-0.124545821897473 0.191725712493457 0.135567961254471 -0.429517030329134
-0.162820018421334 0.0142845849989028 0.422815464904374 -0.0580666058494515
-0.0519222012628102 -0.101381921422251 0.118776100907008 0.280262960799332
0.0635030185889434 -0.107912449111442 -0.159245777588722 0.309406596216449
0.0718994244499727 -0.0920522248778815 -0.140172991165038 0.37333277171049
0.0182530119464449 -0.0937640958245485 0.0746946136613632 0.385454198256739
-0.0396029659301688 -0.0617817956292959 0.253599038917622 0.196908742824816
-0.0790505780863049 -0.0116648729646996 0.196170243876721 -0.122687506216362
-0.0771850692373442 0.066860679100295 -0.0943549663759349 -0.197199692520324
-0.0264411068305314 0.0852413969617226 -0.167562088960912 0.0122524157792057
0.0271345832928633 -0.0897385964685869 0.0321038785806023 0.0231014270358648
0.144173485433974 -0.194849441520579 0.0919530436175091 -0.123240127948756
0.362801198385525 -0.154164583818252 0.122905860253178 -0.0462204397186084
0.415012826610325 0.163280210550757 -0.0159771410782681 0.0422696649006648
0.130272667203116 0.415509246345125 -0.114405114307991 -0.144223765053006
-0.214414883006629 0.323094797795197 0.172817342447534 -0.253139253222522
-0.284496793164075 -0.00330508837101965 0.302564898275954 0.0195762744521152
-0.0922207770178993 -0.203693974169995 0.0959321713147433 0.217276370959058
0.101603785638917 -0.225672055636098 -0.0749121435197928 0.23727900468592
0.133137552943379 -0.229712804830885 -0.032160783712807 0.296115843696185
0.0135529652343428 -0.248943938648435 0.199557020318827 0.277470188821555
-0.146542098891062 -0.166248426476331 0.315466678121463 0.0251974507164047
-0.215030102630596 -0.0228828957354962 0.140380567041802 -0.237072357318106
-0.162309447428577 0.131385019831092 -0.113306114604648 -0.212638812679001
-0.052570912822405 0.143061691546568 -0.150225522747607 -0.037248267309129
0.00756770299857591 -0.0356874488185668 0.0388508333801263 0.094479292017748
0.101284442035793 -0.107162703465419 0.0701930992940575 -0.01400288766577
0.283359204256649 -0.105298394687152 0.0949988218216162 -0.0372722423338418
0.320083507347339 0.183590452440379 0.0906532986808418 -0.0114482663921342
0.0370770566282829 0.385568377959741 0.0737447251516897 -0.0287776658782475
-0.282483019744253 0.234399885663352 0.16167169759015 -0.0153481323665931
-0.298098343777647 -0.0987087544791835 0.1420588470932 0.0813627613232086
-0.120932652633449 -0.270014576592591 0.0636011121637831 0.118738367490773
0.0279740566943324 -0.297692277379684 0.0215134450916763 0.104494963930557
0.0355481734223529 -0.310103346303046 0.0754574985340838 0.0847777998186215
-0.0976350465158988 -0.297298911086937 0.215115994958933 -0.00628059340306995
-0.253164251387101 -0.168165700624152 0.205109097554686 -0.195624794067903
-0.273158200006331 0.00972249211503791 0.017012466429132 -0.284730978464495
-0.177356769550626 0.157161637335937 -0.110459128820279 -0.203829743027532
-0.0564362819454787 0.145866275941287 -0.116608609531491 -0.100525328596406
-0.0235702252653771 0.0572500630067444 0.0609174760359437 0.11987167550889
-0.0176277918647758 0.0557491969908637 0.094710199859777 0.078816259848017
0.0111902150537268 0.0214743756909314 0.119713080292855 0.0700639619856426
-0.0348296479337982 0.104344599142963 0.124376190872093 0.0974290584480068
-0.148868320337109 0.0895382781825625 0.0733377550997754 0.121599820591825
-0.234088415288975 -0.0559330626695581 0.0358428437717861 0.101693235755191
-0.19040104685122 -0.22341909901429 0.00694608867851092 0.0540916029746729
-0.131715196538417 -0.293832934951227 0.0184090266251279 0.00526767497316511
-0.144033836286631 -0.273314575990287 0.0282120175450568 -0.0423224666041752
-0.198186539969449 -0.162734246057279 0.0256192226339088 -0.122296257130786
-0.189217641170929 -0.00787882365055889 0.01334729273923 -0.198079907529396
-0.11437037357684 0.0518352268322422 -0.0365310133759168 -0.211145460720433
-0.0709670237896719 0.0367786885594152 -0.0823099512251952 -0.168576487623269
-0.0685068772858293 0.0795547598054606 -0.0826115755002371 -0.140490817799734
-0.0334757413996211 0.0778021894284652 -0.082975744329214 -0.136451446046814
-0.0487026857170446 0.1220423784766 0.0902150705395726 0.0949523610850846
-0.132606724065821 0.153021576812489 0.137565209282324 0.142749697808358
-0.215422053119312 0.0712061036477954 0.0858687744493828 0.215883988728424
-0.272969222399779 -0.056133594466141 -0.0631880503259314 0.217246547554136
-0.173173971875846 -0.218919187465376 -0.145811074107141 0.0759783920814751
-0.0566899273048231 -0.287035118492677 -0.0885586249161792 -0.027514024757373
-0.0263680320172736 -0.289318737423626 -0.0300481683117352 -0.0672581227747459
-0.123282067281589 -0.278706131848889 -0.0357653635253908 -0.106500896922648
-0.29473135735232 -0.157850143135434 -0.0954078442584088 -0.11428799444561
-0.334843392024492 0.151138794695804 -0.144426258995565 -0.0788277766573795
-0.0749021782602732 0.39056899762558 -0.0992537761377654 -0.0683914155985479
0.241529773651543 0.262103460929492 -0.0982792344977915 -0.0698368075868253
0.258743087967996 -0.0294674304442444 -0.10662315286722 -0.0196497454272013
0.0801577269671648 -0.0807444638537492 -0.0709980253508773 -0.0231913096215519
0.00161091294371101 -0.0266413420752403 -0.0647871140997958 -0.11054809788845
-0.0548494510195788 0.126625180745668 0.118700262600957 0.0451497571575858
-0.160783544944021 0.135669539932354 0.14714019214024 0.176097904630521
-0.223042604394571 0.0326469543394349 -0.0500172853257408 0.249739758739288
-0.208663249954735 -0.127590811538758 -0.275686860879912 0.0959828308234704
-0.0465697008724949 -0.251208972348243 -0.246224464291621 -0.176557304462315
0.0898845112715985 -0.275240022149868 -0.0491091914133194 -0.252724709001032
0.0860825484450938 -0.249547174675504 0.0350535413572454 -0.209279417871566
-0.0993783120318102 -0.223029071889988 -0.088685957285382 -0.204618580017173
-0.320046445614292 -0.030078948724701 -0.276946607220486 -0.0776807673413355
-0.262175966003887 0.332930189631673 -0.23769756912038 0.171926274341167
0.0975446936594623 0.48017935931192 0.0449993282122499 0.144487811768667
0.4106805504246 0.245609443991468 0.0162711939184538 -0.0439828851720654
0.381695506779437 -0.111239367345389 -0.133233852784083 0.0185735367076898
0.138579693438239 -0.185463588964026 -0.0993076338509348 0.106274548217689
0.0215702901093039 -0.0946922412095081 -0.057814487758905 -0.0309724864941782
-0.0367910297410251 0.0826736777596117 0.144403694610906 0.000164080929773705
-0.107261235980724 0.0716727498959658 0.118966903613653 0.182281620441224
-0.114122243267063 0.010405174442805 -0.159527735052715 0.158138719439702
-0.0777647332987307 -0.0750384544268626 -0.280653383519533 -0.120717447530183
0.0173535449655498 -0.118802905854728 -0.126441714340633 -0.345845563734993
0.091736014354408 -0.139213114498172 0.0854111078339048 -0.367239669128645
0.0909713242295156 -0.143571513296034 0.131217724738507 -0.302018248649022
-0.0603939069885688 -0.129836195778877 -0.120515857421381 -0.271501425222331
-0.209258045655348 0.0332587734178367 -0.408879266601434 0.0146493627564241
-0.104183735455644 0.264565062963101 -0.201834518018961 0.395857206229733
0.133369276151668 0.282404977043679 0.244863970657404 0.217745781633712
0.277911583834075 0.107126171333907 0.10271950049651 -0.12631036989425
0.242703014725982 -0.106195321564028 -0.184529153974707 -0.0100049805194181
0.0834663029313115 -0.144883095966843 -0.133562650275583 0.20552466539918
0.0207012801915712 -0.0822651275121567 -0.0514083850309583 0.0534177863478649
0.00495968778643047 0.00753603802272394 0.0385547651284263 -0.0831311553534551
-0.000518919147308937 -4.79694870214441E-05 0.149850169750917 -0.239879348715857
-0.00141157417582758 0.0178175062391411 0.210994251010979 0.00885685726391334
-0.00924009705508864 0.00660624138097678 -0.0836203864424589 0.188852335979731
-0.0436873814290494 -0.0109284858575814 -0.308250033356539 -0.161947579314085
-0.0315923217593722 -0.0279830608905363 0.0902233847985223 -0.482087391814066
0.00901510947077101 -0.0201423749806072 0.450121838467699 -0.116937859867331
-0.00237592633424843 0.0121732250992477 0.152961085045456 0.27491313213361
-0.0226196565415362 0.0204190682342196 -0.142498682264056 0.336624965804575
-0.026902015302858 0.0243720599093407 -0.120625596257454 0.386117358730125
-0.00507192587527136 0.0172017062536367 0.0789945548938089 0.372410985544781
0.0231884976547993 0.0048332899576841 0.238373612762744 0.202404124608442
0.0196550125334394 -0.00318507566577106 0.18959520442276 -0.0983032365749826
0.0102460752689072 -0.00555874891857038 -0.101296459426198 -0.172695810721533
0.00841410917803203 0.0012924167695353 -0.155699453442249 0.0411081117035999
0.0194381427450657 -0.0683966181142734 0.0334998824542528 -0.0539884169391618
0.0870708780884821 -0.144009013260232 0.117220076572148 -0.215378801779142
0.22174725820576 -0.102609117459541 0.181356600507749 -0.0219970422002491
0.250430883684097 0.0780007132448308 -0.0620984114270671 0.148288273242128
0.0846698968617862 0.227759837760661 -0.273981388144413 -0.146600789643683
-0.106368474672694 0.204320325401685 0.0912645081553315 -0.431030385334627
-0.160589739194662 0.0278394502762359 0.407196382803488 -0.0947722394673513
-0.0588401354366192 -0.0947812228670896 0.140735906992537 0.262654011191266
0.0532366255451093 -0.111559501057249 -0.130311910180036 0.317826351883697
0.0656802838335814 -0.0967016752883468 -0.10492818521791 0.375819529563229
0.0124494270049001 -0.0937281906048601 0.103626419479955 0.364608825097018
-0.0427741419933919 -0.0591776473225177 0.261734855268497 0.169814013422323
-0.0790503022708255 -0.0060667024228202 0.17829887738041 -0.132991175771677
-0.0679521021863461 0.0742701056179502 -0.107339975656913 -0.18260031881636
-0.0162822923060409 0.0874980648151552 -0.160697240655104 0.0256319223228721
0.0197226526013864 -0.0900180740585503 0.0336354622565683 0.0206334382270243
0.126408203379367 -0.202244818158019 0.0794306955209577 -0.128276106221808
0.344808883146825 -0.18386872579324 0.116940150824525 -0.0561951540410614
0.425055598079492 0.124975005871697 -0.0115549955551461 0.047022087043171
0.163302968914834 0.39872780538711 -0.124830254736262 -0.127866140569124
-0.183490632031461 0.339787236219488 0.142107395024173 -0.262742062111759
-0.280862720011995 0.0219876872110071 0.296496485197234 -0.00842837426119678
-0.107400572482802 -0.190816123345517 0.112222916708054 0.203103528777437
0.0804873780781703 -0.230978996223149 -0.0518211174801974 0.240358728607949
0.112919991423083 -0.238555221077724 -0.00540910325975574 0.292948347152261
-0.00645339753273685 -0.247639839519764 0.216401863731535 0.251900340282433
-0.159537415037585 -0.152845668883345 0.307557865290971 -0.00148799626522838
-0.214429759232509 -0.00350499827220745 0.115281604142107 -0.238533049239031
-0.147046557686291 0.148133750881156 -0.128703227186608 -0.19558979752574
-0.0358306795413811 0.146863450973186 -0.147850365004998 -0.0220804298494824
0.00437713257659445 -0.0351299129124014 0.0468243115432062 0.089836521508137
0.0913925990951013 -0.114362583064473 0.0670878665257223 -0.0192390640782612
0.268754927486325 -0.128746391849594 0.0888995779358273 -0.0441098780038086
0.332374310118858 0.153871126842116 0.0868179270297838 -0.0160929668297342
0.0683314449008545 0.37612982195942 0.069339589899449 -0.0331205491605198
-0.257251873279124 0.256620941802635 0.154100815501804 -0.0296704602642303
-0.300691326528966 -0.0708984929365733 0.144857739916684 0.0662773862839696
-0.141413869352762 -0.253052637198443 0.0717247147857721 0.111024252681469
0.00116600104121379 -0.294751528013134 0.0325681896794412 0.101623678355453
0.0086567240721214 -0.310939654674145 0.0816459795893637 0.0773962260900887
-0.123932210457777 -0.286501740498794 0.207046008526656 -0.0256240372218944
-0.267379890398894 -0.143867440291118 0.182443836808113 -0.208821719233002
-0.27013424205464 0.034736596028337 -0.00745427570735162 -0.27515004826288
-0.159854433347823 0.17728835980246 -0.125728952315532 -0.188120173044676
-0.040764601370147 0.151510894232423 -0.12020245331821 -0.0856937856856239
-0.0185689820290174 0.0592986491779156 0.0698967532163156 0.11222944994621
-0.0131854287391934 0.0566535945285217 0.0986121057344004 0.0696306894032982
0.0102643290207925 0.0207823784444637 0.120555904563837 0.0584491767022565
-0.0255491629428688 0.106418496214989 0.128149386975448 0.0859856166677375
-0.139278621373171 0.100599151981423 0.0821250636501154 0.110976439081603
-0.235611001922768 -0.0351593684799601 0.0431002213980683 0.0948191971011032
-0.205167990744798 -0.2034998514375 0.0117908347240501 0.0512085560769985
-0.153123431324462 -0.275497471851486 0.0186258052022771 0.00305920367254763
-0.167349874303482 -0.254541223245307 0.0254186793985127 -0.0444624262480548
-0.209375396462957 -0.140464115932072 0.0148206121834243 -0.121082538857167
-0.187916555339562 0.00849216284304967 -0.00425702192714725 -0.193705742008183
-0.110585195659146 0.0620129128866237 -0.0533506741676345 -0.202051569365663
-0.0695732223133343 0.0440354477313441 -0.0920563543758818 -0.154982983788427
-0.0598689039639934 0.0898280698509582 -0.0916658196912394 -0.128656995653819
-0.0240926192444557 0.0825552170913584 -0.0909005988819057 -0.122855240560439
-0.0387652732579585 0.124089163220197 0.0963924152812891 0.0845732466587717
-0.120247710755242 0.160932158065458 0.146462300839098 0.127529447584916
-0.209450645425794 0.0885409824616688 0.100321918287599 0.203586731083633
-0.272469534701696 -0.0330867571998583 -0.0437176142731209 0.218474447721558
-0.18797373533653 -0.202101378339828 -0.136235131723149 0.0845672017923298
-0.0789367665229088 -0.277688972931064 -0.0871148649599808 -0.0217017967377016
-0.0493730882351904 -0.281410043134185 -0.0343595239954755 -0.0629104332273134
-0.145688179466905 -0.26051184786295 -0.0441089536048412 -0.0997944816806944
-0.306283239611802 -0.125295513608901 -0.102487848929054 -0.104140182080849
-0.314494843021223 0.182954426234738 -0.147957759405388 -0.066196302017161
-0.0362898812686222 0.392182965022965 -0.103558677592851 -0.0569325871102545
0.263771254554462 0.234845341547814 -0.10127296428677 -0.0582388905976867
0.251491845335246 -0.0508505756484351 -0.101544321270392 -0.0106449161452929
0.071823027524747 -0.0857726794256597 -0.0686532769879955 -0.0167283742224626
-0.00158255860817006 -0.0247014621110482 -0.070776519520317 -0.100721252357381
-0.045259193444589 0.128826846863646 0.120366074905724 0.0329372059042341
-0.149157709187603 0.147222017090755 0.158388848226783 0.15871061372649
-0.217730522765807 0.0508274659496685 -0.0287399994247284 0.248476939940135
-0.213558214496037 -0.10879892051699 -0.260909856808141 0.118235357348677
-0.0657909948368498 -0.241663047899511 -0.255540162877229 -0.152216457702636
0.0646123329112596 -0.276948731312258 -0.0692454755171769 -0.246208405481485
0.0633814251204605 -0.253111999797208 0.0157588124488402 -0.207867261805265
-0.117723902820478 -0.208020917227165 -0.103723314845793 -0.190148329578554
-0.319030037001861 0.0058741599110318 -0.276650952574881 -0.0520389869629361
-0.224542832465732 0.356163508302058 -0.217620073326122 0.188036116757105
0.143966731635928 0.464580866910489 0.0555070877304597 0.136119698623188
0.432079983767034 0.199639350830257 0.0117877368994738 -0.0419701582549073
0.366439304311239 -0.144083969155735 -0.125169293262153 0.0295177286842892
0.119499597417873 -0.196452500610919 -0.0850297042168362 0.111247189669296
0.0134104987222277 -0.094367134339493 -0.0569603121668876 -0.0246779046809051
-0.0308836295627408 0.0853899269929422 0.140427890819804 -0.0133860424550369
-0.100816930428341 0.0788143587166994 0.133315773821984 0.167569520883274
-0.108566650161965 0.019372267411581 -0.143133753841622 0.168089180023837
-0.0803758677304437 -0.0672686534954772 -0.284238591222576 -0.0938869803799167
0.00817550797355935 -0.116350375828323 -0.151628055283688 -0.326411011725717
0.0770030530606685 -0.141540723778941 0.051034623161027 -0.368742064137738
0.0767206572305211 -0.147656102924162 0.101284124224035 -0.306065119395546
-0.0715674232789009 -0.120972981148112 -0.14095504725931 -0.253054991965165
-0.203931954166156 0.0556777528619221 -0.397588242018026 0.0503668320052507
-0.0745059218542243 0.272750706746502 -0.162979067073171 0.402006865979574
0.16009236529405 0.265391243907754 0.254110215961637 0.188536838977288
0.28543613955849 0.0744309377080673 0.0881217851665248 -0.130095353624303
0.227901592380754 -0.125863149967347 -0.178294149533064 0.00763706865559973
0.0709463925499088 -0.150617632762322 -0.111084256776356 0.209181008762635
0.0122545033161065 -0.0833765985070155 -0.0443524472321356 0.0551344132062205
0.00571501290256329 0.00639631517551674 0.0347894215186399 -0.0814733834646489
-0.000995882351573003 0.000274174225339718 0.139480708978031 -0.238762969334284
0.000836671580966571 0.016094391953836 0.208062028917063 0.00150897123135755
-0.00864549153847136 0.00507578756710349 -0.0746383771836963 0.187785960705812
-0.0427059597048344 -0.00931556335687934 -0.30625177429235 -0.14775106585582
-0.0304177819827007 -0.0260869449417109 0.0742767341990394 -0.471382218580956
0.00791940764176606 -0.0202977284683815 0.436880192018084 -0.12773266461987
-0.00141602570610485 0.0120510860695759 0.156962278679833 0.26418690388745
-0.021313217113777 0.0202409385485211 -0.131372380000257 0.333802874176916
-0.02489054834943 0.0246474656810942 -0.108251316705352 0.37978088547955
-0.00404165950599652 0.0167947882841005 0.0862865389807366 0.360162402379708
0.0221838833160314 0.0035267083457196 0.23651536232473 0.190035558445581
0.0203121562301947 -0.00488303469665292 0.181589708097417 -0.101538789384628
0.010864729100492 -0.00696153482593514 -0.102423836094733 -0.164005662109041
0.00837650540812959 0.00128612505033743 -0.151734967304448 0.0459474652972816
0.0184092481127917 -0.0675349346469034 0.030635646176935 -0.0528229028788027
0.0797232884040096 -0.143100018992712 0.108587116192934 -0.213743661628265
0.213644802350872 -0.108252681522766 0.177258490495516 -0.0276834789586683
0.24801813780396 0.0673980074169618 -0.0552410999314811 0.148733434645186
0.0896302208036679 0.221350705461908 -0.270680101262649 -0.134396938868614
-0.0981214829997689 0.202184300875189 0.0766141593037012 -0.423075511409481
-0.156965135728771 0.0313611828949493 0.395170446699818 -0.104691903663623
-0.0590933519324561 -0.0910634561393905 0.145287093770411 0.251470595763942
0.0488495531951222 -0.110369531242394 -0.119014174355079 0.31416253558054
0.0618979798528855 -0.095815429646599 -0.0940229630876012 0.369280545660603
0.00954124188487897 -0.0920316816783495 0.108750588057532 0.351829994442075
-0.0428352322721133 -0.0561892246623345 0.258072711452375 0.15852625809314
-0.076064330363623 -0.00499601784273381 0.169744337968698 -0.133560146244259
-0.0629723460382622 0.0738005651301864 -0.110094969837892 -0.17360047563405
-0.013130470099034 0.0856591336134213 -0.154685833155446 0.0309933751729707
0.0174267845456496 -0.0887922424272514 0.0327522027443208 0.0201924150879161
0.116414353778079 -0.202284175603753 0.0723197283432819 -0.126956364864588
0.329876306644952 -0.190673254096067 0.113277437896783 -0.0577692497358009
0.419678112140538 0.108250074157955 -0.00957194104791037 0.0480704308086162
0.171618169267759 0.385308349937745 -0.124898522154256 -0.119829092397146
-0.168965211255675 0.336266879076135 0.131691659571534 -0.25942645443463
-0.273552819184628 0.028662210055519 0.288472478537814 -0.016293883801031
-0.109466020582314 -0.182207453632824 0.115030279809361 0.195750704159695
0.0738183294481005 -0.227142736745365 -0.0445220021756528 0.236592509507468
0.105289106509731 -0.235752461837755 0.000695401216773957 0.286004411036746
-0.0123804121248208 -0.241545017056211 0.214801550230193 0.239561067200942
-0.159037869161994 -0.143437896115721 0.298821894235204 -0.00834861738309032
-0.209031676502066 0.00247171610492508 0.105476109509891 -0.235066394042838
-0.13700603291078 0.148427087029627 -0.130366692834877 -0.185450099297539
-0.0305702402033075 0.145271257896357 -0.14406757450214 -0.0156779233006774
0.00491398879743285 -0.03333375670932 0.0473118439035482 0.0865075150059852
0.0862055525883294 -0.114142341413867 0.0633680257391143 -0.0192385662304508
0.257549324775655 -0.134411174475539 0.0842338401432757 -0.0442955248130028
0.330367704875957 0.14015429053227 0.0835343316004826 -0.0160888534387147
0.0781324525317894 0.365927098890985 0.0673029726183044 -0.0342650512974851
-0.243415682892096 0.256590737132901 0.14846673850988 -0.0324118767639528
-0.295346079206534 -0.060239566780826 0.143207164958546 0.0613126894547549
-0.144073818774948 -0.241871147612292 0.0728038728298768 0.105911983897181
-0.00495408444828692 -0.287568532828694 0.0332878276008071 0.0996333825037528
0.00270709505965338 -0.304025275627018 0.079864909901485 0.0756909821863743
-0.127463044752501 -0.277754925973447 0.200855325039318 -0.028664631380306
-0.264150519824545 -0.133629559918059 0.17169957980587 -0.206712481637079
-0.264879171786097 0.0437591240276193 -0.0146243941515344 -0.26872004706391
-0.148586564942751 0.177924891189175 -0.12896732021083 -0.178792587592427
-0.0341671964446226 0.147712998828936 -0.119219864722726 -0.0780287999783889
-0.0158768208745576 0.0603537491216274 0.0702583253264162 0.106686956167869
-0.0113692306687536 0.056224112279291 0.0967310902725454 0.0656278788144041
0.00855249389257954 0.0208319382247548 0.116748651797523 0.0542461666360097
-0.0212903951454318 0.104931932005635 0.124634446552204 0.0816442641564676
-0.133741120134985 0.100405487613306 0.0830455201312754 0.10535250621588
-0.229235521552833 -0.0284269523177441 0.0451415018982228 0.0908647559362882
-0.204527257895344 -0.191229451125456 0.0131793573810649 0.0498111735037005
-0.156505822339621 -0.262718868905252 0.0179786114982421 0.00182957524128527
-0.167514359179398 -0.2433032468191 0.0232659246476747 -0.0434400803001255
-0.206215506335804 -0.133095026985306 0.0103817243463769 -0.116949142618377
-0.183587258186994 0.0129316522659876 -0.00906430760440288 -0.188634875648156
-0.10635580960689 0.0628685588696931 -0.05687483412252 -0.195945424951011
-0.0681637196885203 0.0465051775829973 -0.0933275517449959 -0.149237130179365
-0.0549778791219478 0.091090081169488 -0.0926533053737407 -0.122747645861617
-0.0204869014847285 0.0814364861591117 -0.0923287580619046 -0.116195870386284
-0.0341166640087447 0.12332772487642 0.0957161120330007 0.0782265929509398
-0.112015869448879 0.161894546570623 0.145803660675304 0.119689640077412
-0.201880617665661 0.0936272986976799 0.10126160488375 0.196583045488565
-0.265880789079466 -0.0242220397842644 -0.036446153499387 0.215423822805231
-0.188877592702731 -0.192072063349656 -0.130868374962367 0.0835325838181419
-0.0838209501749732 -0.269584744605001 -0.0844030491260177 -0.0205390827534408
-0.054378904042003 -0.272572643049258 -0.0346114124471325 -0.0615661121831902
-0.147301947394427 -0.248373185625375 -0.0461316225895766 -0.0968052286383891
-0.301498569361038 -0.112844121363381 -0.103266272504796 -0.0987760556893578
-0.301269793645447 0.187536035851163 -0.145337292341789 -0.0596230546737632
-0.0243618291248522 0.384042830892992 -0.101955088421759 -0.0547605312615916
0.263780417722426 0.220878663435197 -0.0991498409225786 -0.055537301533989
0.242167562252579 -0.0569178342825406 -0.0987144775780887 -0.00745840864247344
0.0669251805989861 -0.0841651495963388 -0.0666642300559522 -0.0158685381704904
-0.00120790734699277 -0.0221857701594098 -0.0722092476551384 -0.0948689574532135
-0.0401324392420505 0.127828053169264 0.117783309259141 0.0274720889261133
-0.141597784162672 0.147792666565967 0.159180369769871 0.149036570504558
-0.208915727592005 0.0558221980796384 -0.0210012717259056 0.244247551419665
-0.210377094206244 -0.0997227109651913 -0.248800327389936 0.122918055858002
-0.070484895884683 -0.234589709150124 -0.253116492298384 -0.142696318973588
0.055381662718871 -0.271343570084321 -0.0722487446683246 -0.239047732099835
0.0562283384935049 -0.247592335499151 0.0103519320926409 -0.203187828151945
-0.120306445670454 -0.1981255151434 -0.106029939097656 -0.182345743723836
-0.311659038241702 0.0140745008494752 -0.271101903383156 -0.043733056848961
-0.210854608671933 0.355024655019178 -0.206266258517298 0.18884325597801
0.152926443835756 0.449503977806628 0.0574780945772046 0.128987436889948
0.429134904010987 0.182947721809012 0.00970919269760044 -0.0427225664605235
0.353516494953242 -0.152843001563546 -0.121128761269832 0.0324351921826606
0.110506570774649 -0.19398734895696 -0.0786510542197203 0.110139406973721
0.0109940001605896 -0.0917851855951687 -0.0567381392014799 -0.0215211231823373
-0.0281500936481065 0.0838832836571926 0.136271177115082 -0.0183388031657782
-0.0956745599908035 0.079980915068923 0.13507423009906 0.158660228764365
-0.10278463370543 0.0213069314932274 -0.134190912228065 0.168518496023808
-0.0800727524215667 -0.0638981017703492 -0.277340637557061 -0.0832415713652321
0.00529798933240395 -0.112566054953339 -0.156786452503176 -0.314615245936958
0.0711660472625188 -0.139728851061696 0.0403559523592276 -0.359789948598989
0.0711884436351168 -0.146210989825311 0.0924499091782593 -0.300688411025322
-0.0725201720208875 -0.115397700978108 -0.144520813616237 -0.242191148376126
-0.197687601714947 0.0606129933274911 -0.387787359609828 0.0593844186417553
-0.065537845029832 0.268789184421919 -0.146042500311849 0.399138991180795
0.165306620056625 0.254333329616374 0.253281770387548 0.175402272440508
0.280836576444937 0.0638931676100693 0.0802262650574913 -0.130722682475334
0.218949562543731 -0.129934562688239 -0.175247626216778 0.0141241099058537
0.0642648882899886 -0.149217126778069 -0.103075908438927 0.208015144892228
0.0105698128016664 -0.0808086589393502 -0.0416788622568206 0.0559553572078332
0.00590998910031141 0.00536218954338985 0.0333098390011855 -0.079278848593868
-0.00111831740550612 -6.09595142511549E-05 0.133700657373629 -0.237125680004063
0.00151296311644929 0.0134911796472353 0.205415057998468 -0.00295573485406125
-0.00905425066462561 0.00413128077890595 -0.0687329847304372 0.187861312173232
-0.0420215498273743 -0.00795611776411354 -0.304301064425716 -0.140418638281787
-0.0302436443172598 -0.0260041479760233 0.0687125673675273 -0.464411654464771
0.0066346107657655 -0.0198781349143017 0.430631430705896 -0.131369120346991
-0.00156561902112032 0.0111618175966207 0.158063173192512 0.257453772032317
-0.0210283712055397 0.0202545484644363 -0.127939823566286 0.329515503136321
-0.0239120250552252 0.0245581014457493 -0.101966832561105 0.375155694792069
-0.00368293450795976 0.0157033448064127 0.0884111131797051 0.352191736097544
0.0220643203309806 0.0029249439984004 0.232224757175064 0.184038139629016
0.0198449099901221 -0.00609950122317369 0.177214827496089 -0.101415374679568
0.0104244984304892 -0.00818694098889303 -0.103861158663263 -0.160005159936977
0.00879101584743277 0.0020223157810546 -0.147999175523282 0.047899202385902
0.0165896340514964 -0.0671048382415302 0.0295203535940073 -0.0519519885922245
0.0766603631880244 -0.142815665872593 0.103504563946412 -0.211304857311374
0.208022833564192 -0.112184764602693 0.175475978994451 -0.031705740553967
0.246066150361344 0.0626751619524406 -0.0510191952291254 0.148776143978514
0.0914718551364302 0.217651517695449 -0.268469461432434 -0.128513194586419
-0.0946766967882634 0.200668701967679 0.0700605052221445 -0.416511985484113
-0.154091782049051 0.0342395743162935 0.389490795145635 -0.108023610371285
-0.0592407433256348 -0.0882380214240045 0.146992076362228 0.246523776902251
0.0478228169001949 -0.108738861936881 -0.116167457570575 0.311518941576812
0.0605957214213353 -0.0956101234239766 -0.0888544979881732 0.363424501564843
0.00816514948335067 -0.0905704963518735 0.109921952741708 0.344154070392623
-0.0428139002216619 -0.0533190442769474 0.253814776896974 0.153597802306999
-0.0736439904036096 -0.00400471744244175 0.164608558290521 -0.133464954687503
-0.0589613139702054 0.0719780634422341 -0.110375952826704 -0.167143998916226
-0.0122743605106915 0.0848049499608838 -0.152939234162722 0.0338510104793547
0.0170442737537794 -0.0875039456102852 0.0327657434496127 0.0198498536175539
0.112692459507047 -0.20072464238969 0.0690008720152043 -0.12524962318896
0.322242599208531 -0.194900840265219 0.110090678629582 -0.0586812129799503
0.415514369372476 0.0996917564314253 -0.00745425564496643 0.0495215677583485
0.175512979634999 0.378517680330076 -0.123921626306497 -0.1152621687041
-0.163390791767724 0.33359072470993 0.125943272989252 -0.255817954210449
-0.268641397763544 0.0327572289739601 0.284022349942895 -0.0197601969549823
-0.109596753486385 -0.177667612410793 0.116473883249929 0.191246921514156
0.0704922739587512 -0.224502217738685 -0.0418395891509661 0.233908450057373
0.102986453543123 -0.235656797229589 0.00309565303576965 0.282989714066615
-0.0155929350841356 -0.237686917874828 0.213376859196424 0.233910426252158
-0.157799202767394 -0.138387507776877 0.292295526535519 -0.0120767890167785
-0.205423219174281 0.00586434025784471 0.0997676210457198 -0.23278295892406
-0.129839857167496 0.147500049680041 -0.130769858423306 -0.178274919531059
-0.0290103134430014 0.142340476418694 -0.141776815301244 -0.011781943903346
0.00552030459678412 -0.0318556704203064 0.0469910978386742 0.0853713471483558
0.0829681207473633 -0.113618637169605 0.0610275264797414 -0.0192210486550705
0.250695550609197 -0.135229684099808 0.0807687377846974 -0.0440289131988948
0.327428306975447 0.132765343691638 0.0814182673259559 -0.0152033429148002
0.0816198477698785 0.359709609309584 0.0660306614983769 -0.0342097628190696
-0.236785816544271 0.255443115008912 0.145310595731232 -0.0339599832929055
-0.29086989729407 -0.0544985435560402 0.141722497969724 0.0581666228831634
-0.144102014070515 -0.234822744427525 0.073102408872972 0.103353099685176
-0.00706312302740392 -0.283095189078379 0.0335003027259294 0.0979833144740354
0.00186426584974365 -0.300142046170631 0.0786308086478019 0.0753342561635374
-0.129244366837862 -0.272408320320176 0.19647528651079 -0.0296033003239047
-0.262946522090265 -0.12838521931311 0.166995591675334 -0.205226510229486
-0.260054045334468 0.0478065659318652 -0.0186915791624874 -0.264112220046519
-0.141968692823387 0.178001605678915 -0.128714493001159 -0.172584114205659
-0.0315328119255124 0.145857303424542 -0.118552242845003 -0.0737093561151927
-0.0138526465783594 0.0605843466340146 0.0706199535410245 0.103485831382618
-0.0104294309667994 0.056619166846151 0.0951489057806829 0.0635280539273136
0.00635832220469505 0.0220779850547917 0.113834861817551 0.0521198569309212
-0.019028571599897 0.102880303645873 0.122676632850149 0.0797077361916702
-0.130920519902749 0.101364585895703 0.0826901097607334 0.100549905683342
-0.225455372936991 -0.0253549404476075 0.0453168673932174 0.0872963307516277
-0.203309863548204 -0.185337130618486 0.0136704107367989 0.0478713904654682
-0.157202495356935 -0.254960750413385 0.0175999934163139 0.00172934100181345
-0.1666024929604 -0.236841131208765 0.022547080147868 -0.0423780692681145
-0.202916347187948 -0.128546841479407 0.00918172998810993 -0.114170150160426
-0.179956158509807 0.0137485325941822 -0.0116355562111075 -0.185880126831107
-0.105389906713608 0.0623013125343123 -0.0570752670771745 -0.192988003621651
-0.0683701128797935 0.0484780618943921 -0.0921948082838773 -0.146507817336876
-0.0521412521002077 0.0923404331944101 -0.0926851153384905 -0.119954148365881
-0.018901625061058 0.0815856839546251 -0.0920453676594355 -0.111494987996971
-0.0319484813531205 0.123531627761804 0.095109369668305 0.0745248570514396
-0.108300164945848 0.162775718473003 0.144109858080979 0.114691701933356
-0.198457782716475 0.0963954328033776 0.1015371532547 0.192437333499576
-0.260933662552938 -0.0199397260022249 -0.0329172097286909 0.211690266948594
-0.18969922904471 -0.187281821611892 -0.128528878338726 0.0816535619058605
-0.0854444112923234 -0.263196006428224 -0.0828860693204613 -0.0215901505737739
-0.05487395753836 -0.266683753107363 -0.0339608914286889 -0.0607444192750116
-0.148582279398685 -0.241345080125649 -0.04697809828959 -0.0948277174499712
-0.297555149040437 -0.106069903358564 -0.10166248761777 -0.0964546738136277
-0.294079197631093 0.188547122472187 -0.142971447813622 -0.0579553333365679
-0.0192261643324667 0.379182615064997 -0.101425935047723 -0.0546973954145154
0.263053159458512 0.214086277681858 -0.0977828265192436 -0.0555612661612296
0.236731715545539 -0.0579063768775925 -0.0967546525030083 -0.0071257324118988
0.0658362267513985 -0.0818473155820675 -0.064964424048314 -0.0155547119399608
-0.00136866122244727 -0.0210545614719672 -0.0728013276548396 -0.0908201484960438
-0.0380307928340234 0.126828460694168 0.115765526040294 0.0235240776850892
-0.136759235169579 0.148671597347066 0.159206635660682 0.143845942768174
-0.203372170294109 0.0590284611359759 -0.0168173975910769 0.240589841508172
-0.206284463246036 -0.0952902092898416 -0.24136563980334 0.125050055952402
-0.0720315591681995 -0.229000566796152 -0.251147854974984 -0.137630617624529
0.0530279983941984 -0.266340375351077 -0.0738111067121786 -0.237027652415858
0.0538054941739896 -0.243763954538436 0.00866904908781735 -0.200863059619485
-0.120763445790179 -0.192551008310051 -0.107281500433748 -0.177695931115991
-0.306559096519453 0.0200657326534474 -0.267227493734649 -0.0391001702647517
-0.202312372959919 0.352106633223345 -0.199350350178233 0.18889218751578
0.157525451976854 0.442534973771711 0.058205265320312 0.123748274498735
0.423008236658929 0.175586052580859 0.00816505048476747 -0.044753228132092
0.344151432018871 -0.155578455967788 -0.119357352471205 0.0337610577570245
0.106237210392741 -0.191608861721112 -0.0754815348507737 0.108672612855029
0.00913283851179268 -0.0892523223251449 -0.0562556580654437 -0.0194005067400404
-0.0261331173321605 0.0830958463626441 0.132881771153357 -0.0203813449794599
-0.092716246983205 0.0805217929655129 0.135133139711123 0.153249602292389
-0.0974123564715738 0.0213997523440127 -0.12954173005921 0.167688610212034
-0.0794264629027703 -0.0615906673282281 -0.272385394071151 -0.0774323520951391
0.00374801187665007 -0.11047760698941 -0.157811670809956 -0.307382102224523
0.0693569415019598 -0.13734713110745 0.0358141208791584 -0.355071413991653
0.070157859757492 -0.144929226016163 0.0876952458187758 -0.296565434128961
-0.0730798983080066 -0.112086180246219 -0.144727772879577 -0.23547183357415
-0.194834650106267 0.0624883587857887 -0.381190306010491 0.0639372757271951
-0.0613195084393127 0.264799757916934 -0.138801815423489 0.395118269861507
0.166545205556468 0.248496187160398 0.251064091947553 0.167243882772968
0.278851346143134 0.0594034489568141 0.0753610485740367 -0.130523313379631
0.213383590296478 -0.13203716098996 -0.173304054535775 0.018357385334208
0.0612963676512913 -0.147657446234228 -0.0988642425484657 0.20556380943691
0.00942513286942944 -0.0801168875621229 -0.0395391107385231 0.0559492865753865
0.0056446289822279 0.00457068687196553 0.0316777167189148 -0.0782868905547953
-0.000446848801645573 -0.000433424084255616 0.129556625011467 -0.24067125083611
0.00223667813927214 0.0128567689571359 0.206097602121486 -0.00830536506244756
-0.00938313514677724 0.0033994851621382 -0.0628637733919911 0.189625768245521
-0.0408958411040455 -0.00713649815920883 -0.306892963655567 -0.133144291143872
-0.0295174071342957 -0.0248077489452292 0.061057969188451 -0.463279687226226
0.00682343786381976 -0.0199537847828888 0.428313646694781 -0.140000773690442
-0.00175913531398943 0.0117506204453997 0.161616116419362 0.254986708004105
-0.021154990589532 0.0203052802021772 -0.123256129864624 0.330728364076876
-0.0236155954522915 0.0251444392970031 -0.0971496795261722 0.375674175737529
-0.0031813292290941 0.0149667584622491 0.0919693989409464 0.347959015430781
0.0218093498639587 0.00273344592511806 0.233570242885721 0.180203790725419
0.0202875906910328 -0.00706849540112415 0.174336839312368 -0.103436468051613
0.0104485836211703 -0.00887897484932623 -0.104729212973757 -0.15694150904023
0.00912129695008179 0.00230277040921557 -0.14606208671615 0.0513162686691932
0.0155139655860152 -0.0673953386001706 0.0282854103507212 -0.0512968743428305
0.0745238115402845 -0.144428040868158 0.0994019274554773 -0.21307028204415
0.2064449116711 -0.117037543369501 0.174603323713248 -0.0355585926982081
0.247230970080804 0.0563806999907287 -0.0463593432819946 0.150325834798926
0.0964898891851932 0.216341097805253 -0.270763039820477 -0.121927137688437
-0.0910519393702311 0.201132003474562 0.0635288922480281 -0.415452425527656
-0.153603623766285 0.0363301376615699 0.387281316580051 -0.115181814702259
-0.0599494843855171 -0.086949824356485 0.150632881871298 0.243453223683985
0.0463589711564675 -0.109334866325881 -0.11149707425235 0.3121260855204
0.0597927061742818 -0.0964615692247731 -0.0832901126918527 0.364060398338128
0.00667268051372916 -0.0905487338642588 0.113553218056904 0.342759178703455
-0.0429236737493968 -0.0509223076267474 0.255208414578859 0.149871959975618
-0.0721792372776995 -0.00214797856256371 0.161883187084 -0.135609683522959
-0.056736490022077 0.0714470661870107 -0.11210553943988 -0.16404350602166
-0.0102128663526761 0.0848837703219631 -0.150304906091415 0.0370940872513419
0.0155616901116766 -0.087554446797976 0.0335801400875918 0.0202227563633786
0.108940339369435 -0.202906554672721 0.0655184491533997 -0.125529479276271
0.3170730188198 -0.200258623451142 0.108760148642567 -0.0602096991118428
0.417778540640233 0.0924121785816058 -0.00636020925043793 0.0512553106780641
0.181510369830121 0.375523522248272 -0.126059044074819 -0.112649065911796
-0.158129104503311 0.335325002797507 0.121295755596784 -0.256411653178622
-0.268495408573128 0.0374856304811952 0.283422214953183 -0.0239081732674351
-0.111681850566661 -0.174588630409358 0.120103611944869 0.189112523887771
0.0670988863399136 -0.224933771740885 -0.0389588441475381 0.23496697947915
0.0994152399843184 -0.23644310642531 0.00570269165769269 0.283054167925199
-0.0202812368149516 -0.236782037892819 0.215827260398106 0.230785746770918
-0.158591377758123 -0.134993908415675 0.291297331562461 -0.0154420732882706
-0.204338826547469 0.0101150122232358 0.0961602190364256 -0.234156297398194
-0.125283315212331 0.14846671383457 -0.132706610294607 -0.175032172766795
-0.0264385063957121 0.142014013639703 -0.140493573850474 -0.00873922329070473
0.00486722557465097 -0.0303008204054906 0.0487378949527503 0.084384200975679
0.0801904213084071 -0.115055294533259 0.0585117207279779 -0.0192265605199924
0.246534227325872 -0.139832562140053 0.0781461018975719 -0.0448465111062308
0.330304468027134 0.126199617265697 0.080313491324051 -0.0154419404428706
0.0884584338339282 0.358283664180585 0.0654706852138907 -0.0357363363370062
-0.233185339122339 0.258821807372626 0.144786724213432 -0.0361041935497879
-0.290770822599852 -0.0495832707388758 0.142206708938267 0.0560865102462033
-0.146430479897194 -0.231103322893001 0.0753785979914596 0.101385092310986
-0.0104047552266909 -0.281001603567498 0.0346925108125625 0.0977271840390163
-0.0016791370987522 -0.299919589284277 0.0792512702499447 0.0755945680000774
-0.132354183923168 -0.270122114508218 0.195811213121147 -0.0322262277767388
-0.264545926191912 -0.123427118487202 0.163073672807591 -0.206272098291646
-0.260243043175395 0.0539148252189645 -0.0205704516318684 -0.263258485733913
-0.136764067677965 0.181105931086673 -0.130280476013839 -0.16879677130233
-0.0296896901029108 0.146544329456852 -0.118197802678561 -0.0701285309644879
-0.0127552337130952 0.0619182762717107 0.0716293237638663 0.100580625898534
-0.00936828889168188 0.0576814294829603 0.0948228096851828 0.0623182962092515
0.00518193212791375 0.0235011025449136 0.112954716084255 0.0511313190821493
-0.0169636581896798 0.102800285092755 0.123228372249184 0.0775607714214347
-0.129695736062839 0.102765198403316 0.0829614028135768 0.0968107678848608
-0.225356483385451 -0.022709306841832 0.0469315637716494 0.0852524467270123
-0.203847748994964 -0.181423889942505 0.0144385399586194 0.0468164818181471
-0.160257510987097 -0.250214387684809 0.0177486182675046 0.000725662075781227
-0.168497655808301 -0.232832946486757 0.0211877319064329 -0.0423328209732179
-0.202714442370338 -0.12522240108102 0.00803606924107582 -0.112842320031894
-0.179606118807187 0.0161006296969599 -0.0150790988445077 -0.185426581255715
-0.105382654420099 0.0636155250722384 -0.0597588085008847 -0.192987842825281
-0.0687180147007298 0.0512761669932357 -0.0929896489980175 -0.145896761191778
-0.0499223555632544 0.0941884459298078 -0.0933054276217009 -0.118384986062592
-0.0179770588812715 0.0826472900008141 -0.093536176690556 -0.109359852307644
-0.0294537600904108 0.124380373999178 0.0950053138587716 0.0712866548547817
-0.105142007222755 0.165594416534162 0.144746111615203 0.111104486530794
-0.19800270244361 0.101699234477484 0.1042357498583 0.19060873925029
-0.260305720074491 -0.0158660156600054 -0.0287403846111732 0.211617914070227
-0.191887550707941 -0.182859209913569 -0.127634679103955 0.0812967962608505
-0.0886724180725933 -0.262016249381881 -0.0832578580687727 -0.0228194895149764
-0.0577120103022139 -0.265893420090636 -0.0343623982694634 -0.0615105681960964
-0.152145937599864 -0.235917813596846 -0.0487404028847672 -0.0936430111009028
-0.29747709621143 -0.100968306623351 -0.102985666538601 -0.094036253864372
-0.290911547622626 0.192533348362733 -0.142237678333482 -0.0544943944593784
-0.0118984848420769 0.379638304019428 -0.101906699523458 -0.0544170989532753
0.265788563154272 0.209738337172233 -0.0987168956644106 -0.0557020826093274
0.234193194769966 -0.0610839783316087 -0.0952197138254715 -0.00677014835434889
0.0644338807822559 -0.0809778648343252 -0.0641936488894787 -0.0148051190906503
-0.00166852728763784 -0.0194655381162858 -0.073733482661811 -0.0888925924399954
-0.0363932589140005 0.128312509631856 0.11512959098944 0.0206103806781965
-0.13385229066969 0.151758386060905 0.160401564494876 0.13930759168368
-0.201541290138326 0.0628026667539169 -0.0123678519857835 0.241151191804114
-0.206832518327157 -0.0912896077348438 -0.237731639175039 0.127381449358991
-0.0762601765232111 -0.226728789860091 -0.252228475946467 -0.134924194545101
0.0494952511315055 -0.266016261907233 -0.0771427673180566 -0.236566490566703
0.0520053197820289 -0.244293195538092 0.00666910356690614 -0.201393369649944
-0.12238040418426 -0.188376768865268 -0.109989295546323 -0.175160673782309
-0.306797525054236 0.0248243266424918 -0.268096074876913 -0.0357081703458353
-0.197443062439666 0.356297982166708 -0.194432362425606 0.192197306180549
0.164884161868485 0.440894342036703 0.060064553705222 0.120918811918319
0.42688705309008 0.166339068240904 0.00590630965541799 -0.0462091467950241
0.342222807486238 -0.162008661009004 -0.118106824293447 0.0361097982639329
0.10249481556613 -0.192860935084919 -0.0728837629070309 0.108604650544695
0.00750866751981452 -0.0889465064535066 -0.0559453878810351 -0.0174200872079649
-0.0251313737541728 0.0832302634825445 0.132626389492591 -0.0228845034022201
-0.0905112217099809 0.0817945561746663 0.136799812683227 0.148954732948767
-0.0954079872974539 0.0221799180638815 -0.125342264791499 0.170033924092555
-0.0800674994545797 -0.0595612485194971 -0.271238326394146 -0.0727674753148353
0.00106492585126706 -0.109617899519109 -0.162330955260182 -0.303184741970619
0.0674238497324775 -0.13764105024101 0.0310032804317812 -0.353857692452579
0.0683159209978852 -0.145160376818276 0.0848937663184081 -0.297679893617417
-0.0744777118966434 -0.109961197736833 -0.148932523040584 -0.231159705831186
-0.193594829460771 0.0676957715017918 -0.379462303196651 0.0695141251893107
-0.0576128539181064 0.265784216422818 -0.13150730974047 0.395469727987104
0.170669352057095 0.24582839836031 0.253402235659723 0.160301594554331
0.279441470552876 0.0527358280513837 0.0714938691016348 -0.132397827746264
0.211609061189115 -0.136288187237518 -0.172688740865956 0.0222154787095744
0.058655268839519 -0.147688342569887 -0.0945898923005361 0.206427375719249
0.00720927310730313 -0.0804006648812258 -0.038661806343285 0.0566173993391997
0.00426084958611151 0.00702656142349676 0.0449805638944889 -0.0718009944275515
-0.00231499098964004 0.00499707236665437 0.168945943503114 -0.217520912479274
-0.0030063133186266 0.0117280928149127 0.205515043129839 0.0266645166108724
-0.0100439531309504 -0.00120588455388741 -0.0920769025068168 0.17854615086589
-0.0363349015423865 -0.0130358987061273 -0.278072360584278 -0.182144836657757
-0.0259743830234943 -0.0247483439099012 0.135511370537764 -0.443889905636006
0.00533099856689193 -0.017329075270605 0.442506279576591 -0.0642119995308575
-0.00328882165969457 0.0108494693342062 0.114944995191717 0.276539668773268
-0.0235640886935577 0.0175181782344831 -0.177423572716795 0.301333151783953
-0.0264850516485858 0.0207485741596717 -0.159946282579475 0.347697979210174
-0.00501879074575998 0.0141527530791514 0.0290477919957652 0.351370500599724
0.0210731968552216 0.0046883938358928 0.195414418010432 0.214430648563115
0.0207865482165053 -0.00445731753145551 0.187031022990564 -0.0704291999806034
0.0123732983928955 -0.00732178323441909 -0.075903431096339 -0.16989367510942
0.00919962058667089 0.00271747421934944 -0.148618570207739 0.0259626693166885
0.0260553617137782 -0.0623565875962092 0.0368387891552205 -0.0467420429468543
0.0944889719057425 -0.126604327970371 0.13454835438178 -0.196458967154635
0.218974992914356 -0.0827321469855334 0.180787011942875 -0.00742977107060344
0.235124771889875 0.0925892721716372 -0.0672108675573594 0.142838077604346
0.0621909048764518 0.229661152719563 -0.244223312491597 -0.162309404164624
-0.122028906921163 0.188260771516982 0.129547219361072 -0.395513609444025
-0.160402449600646 0.0114141148527842 0.399289863719686 -0.0483069512632201
-0.0446667287787853 -0.0957548510637462 0.105966881999976 0.263733888587222
0.0629686149871846 -0.0991225123838103 -0.161503866366204 0.285524510342964
0.0751799076011453 -0.0857463422981408 -0.144594849405561 0.338568926270995
0.0220270520449768 -0.0870916130094768 0.0512598044698611 0.347861005505228
-0.034887074328911 -0.0576467675963159 0.220506382558114 0.187124682087652
-0.069812927956391 -0.0150722193115133 0.179516193952136 -0.102428044074259
-0.065165781114804 0.0615824181684278 -0.0819072005255466 -0.176886926698973
-0.0230105996234264 0.0816229011276596 -0.151795982016522 0.0130218301690132
0.0281451958618407 -0.0827543517036534 0.0289591600752666 0.0241983542357588
0.137488002966351 -0.179578789142745 0.086396021024745 -0.114830271715691
0.342255732836721 -0.145531028589952 0.11957228700937 -0.0429123078736167
0.397769286798435 0.156695366271124 -0.010604518152562 0.0526243819825794
0.117879654278759 0.400550949203043 -0.102986204568693 -0.12775158015946
-0.20921261831471 0.309023993283184 0.159116045824189 -0.229759250937734
-0.272897520922526 -0.00753956365720959 0.280731298093403 0.0237840108136843
-0.0799641842186497 -0.189257905056827 0.0851496834131818 0.205331262827224
0.103302463990397 -0.209291416868011 -0.0774789047348965 0.223010668973629
0.139011097971217 -0.217596115256964 -0.043045225431118 0.275809699722126
0.0203488448724524 -0.235472531068873 0.166868220107529 0.258144790433766
-0.135968205667866 -0.157137772050259 0.283131289240468 0.0334020217457751
-0.20318913077268 -0.0229920320070062 0.130296678943442 -0.20906653136956
-0.145092404649859 0.127478186520785 -0.101648609636317 -0.189177262781333
-0.0478155725669604 0.13579216448872 -0.134926856256621 -0.0285722677226934
0.00892303731560094 -0.0300632735145589 0.033819857596365 0.0904894411362924
0.0960130967827804 -0.0982636360032409 0.0610166137260255 -0.0100137744758682
0.261488739402376 -0.0976981725768753 0.0849905343299792 -0.0313321101919714
0.304558476554817 0.176937106973918 0.0832884075211993 0.00172098260387632
0.0262271565484574 0.367424790931844 0.0697799269592145 -0.0215554622723925
-0.27350257081169 0.219621623864352 0.145496844751043 -0.0111084875564926
-0.280646901766435 -0.0969213143198471 0.129104467565273 0.0786781928496446
-0.105818720337142 -0.250930583787491 0.0563986234850538 0.111514999050365
0.0359445060658787 -0.277295258823365 0.0181669207983222 0.10017182416283
0.0497016505644226 -0.297197648973657 0.0635074127306875 0.085977067010479
-0.0868889799511902 -0.288376050729906 0.192377573029873 -0.000199028780742858
-0.242397307817592 -0.163649201929852 0.190483936047142 -0.174711105775981
-0.26629867140206 0.012656989906935 0.0220008027024241 -0.258819516754232
-0.162201706383959 0.158573620173604 -0.100295488945529 -0.182835668947874
-0.0513786076430859 0.140165468773924 -0.102288937410963 -0.0848506274945042
-0.0241621591075611 0.0575757708770626 0.0524691266635497 0.111600268700978
-0.0216327637907955 0.0553734139902791 0.0819539759458459 0.0776411359476781
-0.00363677517294342 0.0249503809948337 0.100280925239319 0.070540033842481
-0.0356952627048552 0.0976391018570052 0.106534542644756 0.0983164067394937
-0.14636378099829 0.0791179507694204 0.0629857924147374 0.106999180564532
-0.219736842733024 -0.0584269184842839 0.0304417510600334 0.089319339829946
-0.172090383706699 -0.2111437628928 0.00671986217180636 0.0471486557341478
-0.114936138351201 -0.270457364230488 0.0177541160549797 0.00311795550782354
-0.127221929447503 -0.256045292945285 0.0288742895640602 -0.0392744949321348
-0.178049483380285 -0.156924025189623 0.0252422116749379 -0.109674673377603
-0.180086434763891 -0.0141205753581617 0.0148864005283095 -0.181341726119072
-0.115567910975663 0.0456777519821737 -0.0257280384956039 -0.197313180601832
-0.0789453642565513 0.0415721265903719 -0.0639150190561462 -0.158009414042069
-0.0629611415420405 0.0873799747216766 -0.0712071218409066 -0.129679091154601
-0.0296047921541583 0.0798215240452509 -0.0710460771907661 -0.118452427924066
-0.0518731411505707 0.116771605483662 0.0809415724383827 0.0867604071265462
-0.133670300161064 0.144981525669682 0.122414618542261 0.135592140618969
-0.215024705728766 0.0685477886575583 0.0670777505562563 0.206245721625329
-0.253198617208365 -0.0595151839324837 -0.0655770288992524 0.202261064600823
-0.157800277507436 -0.21189177499729 -0.140053583405608 0.0541399653017708
-0.0449770602421591 -0.271231341511734 -0.076699871900127 -0.0409694969007072
-0.0120926200299573 -0.270029612375048 -0.0227531238825008 -0.0678317999878982
-0.10994632367127 -0.256241858571082 -0.0311541495965687 -0.100734793860314
-0.277434589665248 -0.145114520745255 -0.0857551348492973 -0.111128283327088
-0.318211131415409 0.141864927041268 -0.131396511084357 -0.0758705848738031
-0.0742303429651851 0.372398874047371 -0.0905065585719759 -0.0671849828851724
0.228316228181267 0.248332523746413 -0.083809093784817 -0.0693602848866688
0.238205095766355 -0.0207015154762776 -0.0861620924974804 -0.0244494940100213
0.0761693556680145 -0.068723124864681 -0.0581325880415732 -0.0273321936304036
0.00160274609354548 -0.0180480036192996 -0.0555427046225405 -0.097829297843485
-0.0588700487990232 0.120067175706682 0.108744561697067 0.0403976929643287
-0.160330143184043 0.12608970215184 0.133033355104733 0.163891492497128
-0.207044981661417 0.0260611154926423 -0.0537882284708116 0.235196468913822
-0.185546126347278 -0.124292949989817 -0.254457742501546 0.0836965303749864
-0.0350791538832966 -0.233298564682365 -0.223883362550054 -0.176980696395243
0.0926148762770483 -0.251678588184246 -0.0355291016389857 -0.248515714593932
0.0921734945832128 -0.229989895708261 0.0419717094546524 -0.19668685399123
-0.0894488405350575 -0.204346421131814 -0.0777452251209696 -0.189394798577956
-0.306179846516819 -0.0222464391120629 -0.257649450100313 -0.0807379310903109
-0.251569327198797 0.319520230468655 -0.223408885927565 0.15610138339849
0.091868392916725 0.461873011588012 0.0395874835887842 0.129488809510469
0.394269404215772 0.232364755428231 0.0175705190055349 -0.0420823815073391
0.361182388195276 -0.102886006140972 -0.116772627593039 0.0130091092982825
0.13156586077281 -0.17601395021854 -0.0868958196138567 0.0909456481747445
0.0216462464445365 -0.0870938942129975 -0.0498912345636284 -0.0265184848524133
-0.0399348771371717 0.078570923820082 0.133265479204054 0.00012700710601082
-0.105474097941182 0.0639896956045684 0.11000270654891 0.169186810009616
-0.0934367326696495 0.00224838035978893 -0.151686377374745 0.145664185758462
-0.0657950263228066 -0.0704706278397376 -0.253409769652533 -0.117343353178362
0.0211576202002138 -0.104629573572845 -0.10629775773098 -0.323450146805253
0.0889626394185166 -0.120797408666383 0.0899576226409412 -0.343060233773452
0.0916216066865334 -0.129999973550132 0.135293727306264 -0.275520401093536
-0.0554063305174215 -0.119768614339825 -0.106986079794546 -0.250164224117065
-0.202813808818572 0.0371127503001452 -0.38412451692093 0.00271788049280364
-0.0993807755568386 0.253267210455106 -0.196816886602233 0.365528152859683
0.129264997639203 0.269017063832228 0.220687137657368 0.198692313144034
0.26692201686798 0.0961996722038556 0.0931764071896621 -0.114603312415018
0.230066804155988 -0.100721033317195 -0.169340064324921 -0.00786595411027882
0.0816955221232389 -0.138629060855816 -0.125028639076404 0.183592023808721
0.0192313959516054 -0.0790761892937184 -0.0448902568293726 0.047224062259455
0.00533906713187896 0.00597243738838099 0.0421530404272451 -0.0716053282244508
-0.00239758258416384 0.00461567395770833 0.161482905223855 -0.219542139208281
-0.00351476588724574 0.00995851754336746 0.203806609994066 0.0207103932002408
-0.0109020321768616 -0.00184511775884191 -0.085135343061962 0.17906391001024
-0.0350600235771263 -0.0115292631456708 -0.279210385145833 -0.170267396691638
-0.0249634343954652 -0.0233277715431596 0.123439723915501 -0.439662317381025
0.00540418418501948 -0.0172056651765821 0.435741258374494 -0.0753217397042956
-0.00212664436367653 0.0103205454281258 0.120417320845167 0.27000811709916
-0.0226004896880302 0.0171380416123922 -0.16918549425468 0.300200491393637
-0.0252311739880981 0.0216658808557486 -0.151639927668888 0.346254077179467
-0.00364206852882284 0.0132784910267124 0.0348305788194188 0.344409305933314
0.0201403104657902 0.00383738862963116 0.195872004584687 0.206438715811578
0.0210327063651564 -0.00571406891913743 0.181344786947711 -0.0721645223159655
0.0123808205992324 -0.00837783844453599 -0.0773272466694262 -0.165102352505956
0.00983367375507428 0.0025893234637435 -0.14600359147852 0.0296271661247936
0.0239212307062546 -0.0622318599543635 0.0350900264952801 -0.0471781914941338
0.0899191858223604 -0.127335094522312 0.12875469369046 -0.196939092712999
0.213175069058228 -0.0871781472993079 0.178857092572092 -0.0120012141222243
0.233968608344742 0.0856630187362417 -0.0610642440633627 0.143758119344483
0.0674259292659444 0.225411768677689 -0.245036212121235 -0.153383599335262
-0.116628869777351 0.189204538298846 0.119085002872711 -0.391128810840172
-0.159000030991779 0.0161361164457467 0.393166004744027 -0.0566417588139374
-0.0454851506949157 -0.0919039113907018 0.110992553688022 0.256884841139266
0.0599794940859018 -0.0985442379169188 -0.152855574076969 0.284068954540669
0.0730747197601044 -0.0864351461774677 -0.13652344327421 0.336263191835096
0.0198444357306336 -0.0865967088309648 0.0579632640334017 0.341506403762748
-0.0350872647976017 -0.0545808961240729 0.221473691412427 0.179909297617182
-0.068825459546538 -0.0127928627477882 0.1727221304992 -0.104448609427571
-0.0621141535184901 0.0613963864470118 -0.0832581124358365 -0.171701053958683
-0.020132367256698 0.0805946266134113 -0.14790074739453 0.0168767318462717
0.0258051291925936 -0.0818434500782447 0.0290832870179224 0.0233393322660157
0.130585052413955 -0.18004333828957 0.0818775465676207 -0.115534597190487
0.332878914237275 -0.153450212894976 0.116473694692895 -0.0448409096686384
0.396595187665399 0.144241451940843 -0.0085746644577229 0.0535399050948378
0.125517821024751 0.39286123017156 -0.105257784163705 -0.122920313611333
-0.200483668797482 0.310588156130464 0.152132918313635 -0.229686648412637
-0.27064799918956 -0.000315785356418221 0.277850544614673 0.0170010050622977
-0.082451601640587 -0.183061311329902 0.0899242683218425 0.199392632396385
0.0971384225565284 -0.206852738643518 -0.0714681456407308 0.221306054074025
0.132731284122562 -0.21853299592552 -0.0370019068554193 0.273227775084435
0.0146915443059575 -0.232642237755437 0.170031398476396 0.250255810485738
-0.136858980341318 -0.151783373282136 0.278602775182946 0.0273241884749629
-0.199382553074623 -0.0162284663494372 0.123438157973707 -0.209012398113193
-0.139323894874554 0.127893326042717 -0.102491595702715 -0.182991798667386
-0.044270031619405 0.135172496076364 -0.132643619393951 -0.0239686181408086
0.00768475493307459 -0.0289262871667609 0.0349190660395736 0.0882871471066157
0.092398282655007 -0.0987728013218376 0.0587953791709064 -0.0101998932943271
0.253792824010779 -0.10083464414443 0.0808840680759586 -0.0318727651577419
0.303604273709203 0.166782602352157 0.0817371679072755 0.000260183033735303
0.0342771799726118 0.361970836322859 0.067833844704093 -0.0236686401698281
-0.263605240079115 0.221762973755196 0.142404009727317 -0.0143119228502657
-0.279672072352706 -0.0887397346120679 0.129516709644602 0.073895687482593
-0.108494405052213 -0.243350218166975 0.0588793788254385 0.10815701097128
0.0304693291745269 -0.272672741291514 0.0196309772660412 0.0988266104374319
0.0431676023956478 -0.295217369865917 0.0641825861368137 0.0857497009994657
-0.0911012859755561 -0.282354933657363 0.188402034802151 -0.00246200938322358
-0.242035053274803 -0.155677596885173 0.183816663100584 -0.175116022747334
-0.262529024116388 0.0206303211999736 0.0165087486785759 -0.256136711368508
-0.155180871215071 0.160600957400833 -0.101519628965359 -0.176990075937879
-0.0488105986320856 0.140404226711268 -0.101919754945429 -0.0795228848793699
-0.022389819261622 0.0586088600020181 0.0544164370245869 0.10854300914789
-0.0204204418984771 0.0567378339971863 0.0811883008389325 0.0751645988983764
-0.00479189927548749 0.0260137863676429 0.0990192777877218 0.0676262708463558
-0.0329774347831248 0.096389662601574 0.106131016647631 0.0939015926764758
-0.142478202635947 0.0812570567228727 0.0640825451079536 0.102773499113309
-0.218238344155993 -0.052306841386729 0.0320293397441233 0.0850549304004841
-0.17441431270708 -0.204875202370293 0.00826698087684773 0.0454147949617085
-0.118069363222919 -0.262768306018993 0.017642597888825 0.00162937795686303
-0.130407052633724 -0.247469657390803 0.0273283781740484 -0.0391176949145108
-0.177626194135048 -0.151916680283256 0.0229010218544537 -0.107129544808563
-0.178156025010408 -0.01010977427645 0.0101888140010768 -0.179609256635073
-0.114152980591655 0.0477761710716639 -0.0303983908069279 -0.193845891192061
-0.0783240437552486 0.0451296322002453 -0.0649593481965338 -0.154819273445548
-0.0588664677816175 0.0885487231159543 -0.0712950922965818 -0.125592205579847
-0.028220038648778 0.0811676943274596 -0.0721187865830122 -0.113519822785667
-0.0486598820483208 0.117099572587463 0.0810972915243968 0.0823183721577045
-0.128842002887076 0.147932494013476 0.122732589763707 0.130549865390626
-0.211365943959169 0.0734865216859422 0.0706603682756285 0.202516263057087
-0.250412400101065 -0.053151298618109 -0.0604376162781755 0.199573654534381
-0.160907443753409 -0.204743875753177 -0.137632522822257 0.0542347692453915
-0.0487906386867281 -0.266615416751132 -0.0765235427770324 -0.0412040681973914
-0.0167158937432004 -0.265137837686322 -0.0229170360392158 -0.0666253229267154
-0.111946542473217 -0.248316320808882 -0.0323271320909872 -0.0983488217770402
-0.275343741420725 -0.134918616801737 -0.0866058244789295 -0.106494504945198
-0.310025960239446 0.148831175523924 -0.129523833566251 -0.0720677504283486
-0.0649489214623193 0.369319536766622 -0.089861762905345 -0.0649823160490747
0.230048452195293 0.239587061489587 -0.084143313442389 -0.0678589678844105
0.233750458248658 -0.0246183807202604 -0.083506505004461 -0.0231929055645601
0.0736013982017699 -0.0688399459787582 -0.055983025553886 -0.0264065569145291
0.00140805768916898 -0.0166298586724128 -0.0557978170101675 -0.0931813566931546
-0.0552245075465269 0.119557949250855 0.107736493954809 0.0364037703513942
-0.154045092321707 0.127863240086948 0.134947629527868 0.157999739982829
-0.202260687077342 0.0312226601315199 -0.0467188071120717 0.233086387986986
-0.184894941503214 -0.117665708486487 -0.2470637176457 0.0888346502508401
-0.0400331437215324 -0.22725229334765 -0.22415833359135 -0.170390688281844
0.0859119315807341 -0.248501145272428 -0.0399231599957112 -0.244138642526985
0.0869672234555638 -0.227979915976725 0.0380200538359586 -0.194926660446064
-0.0911989426876843 -0.198397191143703 -0.0817509487200519 -0.183953656632516
-0.302120331408564 -0.0138891032799199 -0.255051312138785 -0.0734621506986393
-0.242087946644357 0.321596127771187 -0.2154702755844 0.158932454337496
0.101702463191223 0.454115057923194 0.0416802357687831 0.124691717009083
0.395889703249059 0.218704259138122 0.0152837910345334 -0.0432213565135257
0.353422167373796 -0.111348696771919 -0.113447585495843 0.016119877578145
0.125506038222751 -0.175153298826892 -0.0828438400230616 0.0907534698911868
0.0189021665315225 -0.0843626298121856 -0.049322092872853 -0.0251281004689259
-0.037610605790266 0.0780850156182692 0.132390126126881 -0.00319717697286576
-0.101203118476523 0.0661253573297809 0.11194875337817 0.163791832689364
-0.0907953593613667 0.00316331597185487 -0.145046568837359 0.146656125213593
-0.0657719407967631 -0.0673435545886129 -0.250145575848298 -0.10819093925604
0.018008516398877 -0.102976242882398 -0.110977496904792 -0.314846869855324
0.0857591578353293 -0.120699554420501 0.0814557603886098 -0.337176731604101
0.0879896666407807 -0.130078336267114 0.128212452991111 -0.274428462601341
-0.0567994224849787 -0.11646217426858 -0.110098491336138 -0.241828893866382
-0.198927351366771 0.0421412813166724 -0.380500194019224 0.0114435957174278
-0.0922393157062467 0.252176915384513 -0.184695814400706 0.364191719203109
0.13369717146696 0.263525286998701 0.223052855399958 0.188156560695102
0.266597060303835 0.087050333986897 0.0873447534668614 -0.116344578054197
0.223848284983591 -0.104981670721288 -0.167992546784475 -0.00199379616214972
0.0758271713729459 -0.139623142324141 -0.120222275734029 0.183752459987344
0.0168173320400064 -0.0775460400680577 -0.0428348261843036 0.0478694592534012
0.00545302007909143 0.00590504204642774 0.0406955892325649 -0.0692571538892217
-0.00227115347410167 0.00441815971702169 0.157545948673293 -0.218884757615798
-0.0034339710450004 0.0086865579519509 0.2022897840806 0.0180706502229145
-0.0110239936294771 -0.00267216557738595 -0.0790487512635899 0.178428305826707
-0.0340034808985313 -0.011529882695275 -0.277237360368795 -0.163508722470721
-0.0248360154815462 -0.023307288086052 0.119959995042639 -0.429897289519098
0.00461019366271027 -0.0174142229566299 0.428290129905609 -0.0764276940049671
-0.00208983905039766 0.00959325118314838 0.118952499473986 0.264669465035479
-0.0226101839292052 0.0167990015858621 -0.167696655931031 0.294787231485705
-0.0249402659081613 0.0209795497096692 -0.148745648335412 0.341584689520702
-0.00408937024464122 0.012351653237739 0.0365023244099482 0.337224902822743
0.0199229941726049 0.00396555875538902 0.192634880119966 0.201654554879852
0.0205515920550366 -0.00743980784457659 0.178129441810645 -0.0719133713060464
0.0123689434066739 -0.00888913567451475 -0.0767624028884748 -0.161279348293378
0.0105594114255111 0.00267449991205499 -0.142397146570931 0.0315335849364722
0.0232235918301241 -0.0615392757636924 0.0336526984855829 -0.0467921212344021
0.087643135448695 -0.125140031672817 0.124805270453999 -0.194916263794853
0.209036825921403 -0.0877184204133185 0.176563298937455 -0.0135179112204796
0.230499185284891 0.0819198514737618 -0.0577497657121379 0.143384596387395
0.0683276988838828 0.222072336494489 -0.241827485114786 -0.147657303274968
-0.113268454440041 0.187097680188023 0.115292384355514 -0.38510699938013
-0.156864848600801 0.0161720878302833 0.385614756141435 -0.0572135713251896
-0.0450883068671602 -0.0898885771445502 0.110394706012331 0.251464424852135
0.0584727466403376 -0.0963504882939463 -0.151057031295787 0.279885598067262
0.0708515808127887 -0.0862534171791539 -0.133511047330798 0.331397168698692
0.018304209221057 -0.085856285153645 0.0580441916434716 0.335446122426401
-0.0348634176675242 -0.0519009476350279 0.217243150986153 0.174110401238776
-0.066572675419939 -0.0127029949537514 0.169408242307537 -0.103424182433377
-0.0594585739087506 0.0593229136789721 -0.0817298782609848 -0.16761283221022
-0.0188315893126951 0.0802392308897821 -0.144991410506996 0.0185927144741492
0.0240127186911981 -0.0807096925524676 0.0287752708941154 0.0225174637366544
0.127782821881672 -0.179109022900306 0.0804351887328536 -0.113339946882941
0.325005180977174 -0.152695316246173 0.114142971230888 -0.0441725077592777
0.390647101037293 0.138805477215106 -0.00746447912596828 0.053873909139286
0.127659605406145 0.385910796886069 -0.104663188716559 -0.118876329720747
-0.196267967905431 0.305174382903358 0.147530386151139 -0.226267373668859
-0.266428047210052 0.00223757656677762 0.274027534751984 0.0146111925993389
-0.0813178003908106 -0.17886120540206 0.088633881232146 0.195502779597655
0.0951629058309164 -0.203918440641587 -0.070474321972449 0.217423686687026
0.130041461227309 -0.216761815759571 -0.0367790807293358 0.269203085751579
0.0122663222479822 -0.228619812276889 0.167519980130842 0.245319306440368
-0.134753548591598 -0.14524313283446 0.274516660858697 0.0263855854931257
-0.195819778099331 -0.0140342649951342 0.120045518687421 -0.206557283915934
-0.133909001534959 0.12588426574353 -0.101169088326589 -0.178441049861234
-0.0431950584381961 0.133972499797232 -0.129077375620588 -0.0215792546204248
0.00707198539099613 -0.027504884232027 0.0344191512026465 0.0866958237793337
0.0895277233724613 -0.0978649035627843 0.0565463842872939 -0.0089330951100883
0.247429951181609 -0.100887609737577 0.0782998842945206 -0.0308406256822605
0.30048850026003 0.161412617947238 0.0796219880702461 0.00128833524944251
0.036583495084551 0.355522891950355 0.0657112020628852 -0.0242655298563323
-0.259585587067522 0.219753670240279 0.140355648564258 -0.0145179642493382
-0.275486854464304 -0.084998892285659 0.128067485823128 0.0718161717605589
-0.108382020936589 -0.237242192016769 0.0592787307667377 0.105966525203975
0.0291663460747837 -0.268625956462354 0.0195051710460417 0.097710635265734
0.0415624821067808 -0.292074455495784 0.0627975413595712 0.0848488237958225
-0.0919540871209504 -0.277268257217711 0.183809505821753 -0.00226168186468084
-0.239862930776157 -0.150344371466425 0.179401628896885 -0.173387022969321
-0.258482266848161 0.023586912885165 0.0156486956513824 -0.250779119961825
-0.150098679626346 0.159250364599109 -0.0997550681745359 -0.172303877302814
-0.0475322255299203 0.139078024625414 -0.0999226992015994 -0.0766564540421469
-0.0227450289470771 0.0587529708137716 0.0536472392193681 0.105255519024169
-0.0204592763941559 0.0564259945764869 0.0790252099881791 0.0741062590420795
-0.00645279883888476 0.0278450622867836 0.0960989580995246 0.0669489868737866
-0.0330885306975556 0.0946460211456615 0.103297547810275 0.0923233361426256
-0.13993910014931 0.0804026795954284 0.0624791246479756 0.099267521741207
-0.21363920410109 -0.0504783381127112 0.0311189834588004 0.0815767802980122
-0.172012929158428 -0.19902166505074 0.00954778072273958 0.0441893761238754
-0.11628486526006 -0.255192001161376 0.0180339726495597 0.00134380671636472
-0.128693338395112 -0.242675418103858 0.0270490047272503 -0.0380256842101215
-0.175522548979138 -0.149084396733349 0.0220642180193251 -0.103791953916335
-0.175380555222254 -0.00872418300132873 0.00811424921244644 -0.176399852561933
-0.112382069996488 0.0480225810202517 -0.0308676338069047 -0.190906560880161
-0.0782296377797424 0.0467101537389103 -0.0634553928792235 -0.152922466033214
-0.05789092161922 0.0882686221419985 -0.0695285535859223 -0.122949705281828
-0.0283601027547778 0.0816673867578835 -0.0709987574605956 -0.110159766886287
-0.0476582681490526 0.116165590724105 0.0798827659014066 0.0805707858399221
-0.125248692936763 0.146311333893146 0.120746094102186 0.127311633934287
-0.207125115425895 0.0752926350852796 0.0711494088299524 0.19935521347645
-0.246833367731803 -0.0506621569455477 -0.0591169203566785 0.195942206022525
-0.159349224326642 -0.200201131828415 -0.136066448205707 0.0529291971121953
-0.0487484637711142 -0.261083863866953 -0.0755125776768361 -0.0411384514079339
-0.0170141996268905 -0.259676501482619 -0.0217337284555889 -0.0664668460070211
-0.109919511329066 -0.2422694707918 -0.0323031541967982 -0.0963063366089179
-0.270845883299754 -0.131122442870177 -0.085879446949629 -0.104369776836735
-0.305168534793751 0.148265752906313 -0.127012481392983 -0.0700295330452401
-0.0604448794691692 0.365398323192542 -0.0893501063805443 -0.0650414294660802
0.227972998032343 0.234426519733592 -0.0823902500318499 -0.0671525123089475
0.228723231007404 -0.0249234949096924 -0.0807235395247989 -0.0233263546351196
0.0719591162747367 -0.0676336124750004 -0.0543304093282937 -0.0266468447683891
0.000257959324468245 -0.0150392062594623 -0.0544106402149374 -0.091148966382943
-0.0544231464505048 0.118453203742684 0.105981983885154 0.0350119899844324
-0.150578893447412 0.128172689918543 0.132477205383138 0.154419229276848
-0.197883695696962 0.032467671636571 -0.0439614003902287 0.229821214936182
-0.181477276658115 -0.113730234734233 -0.241807183008587 0.0878802113870202
-0.0401625339955367 -0.22267084217629 -0.221448245155652 -0.167372586399335
0.0856673996271841 -0.245152686996523 -0.0401318243507087 -0.240735590008391
0.0860369606308902 -0.2251084738117 0.0365288606858609 -0.192197505746162
-0.0902967062794382 -0.193986462770511 -0.0805019450718569 -0.179269991723647
-0.297065820046242 -0.0108225702329276 -0.252761874300399 -0.0702911705143445
-0.23689554183795 0.31688429394887 -0.209536087848437 0.156954784826067
0.103324516056613 0.447077769301808 0.0422324093855027 0.11970048603572
0.392089324773657 0.210675513763008 0.0142464339273397 -0.0438366389801002
0.346441584742346 -0.11192615462878 -0.111021597207906 0.0163976725557204
0.121777043354967 -0.172862603109828 -0.0817684321500546 0.0892655622868367
0.0182672131287487 -0.0817419034055301 -0.0476760730338179 -0.0235699102069487
-0.0361875378043043 0.0768360758783308 0.129102251640833 -0.00396011820116558
-0.0987209103166051 0.0660151082247806 0.110490482140556 0.159146693384178
-0.0879116664893122 0.00224043617639031 -0.141123458374074 0.145116331731177
-0.0649957251412618 -0.0656483258440933 -0.24470361427437 -0.1040847797012
0.0170346296037654 -0.100382629259361 -0.110468346033854 -0.307545743889214
0.0841913377648388 -0.118958983605304 0.0784354908603363 -0.330419371436023
0.0869256708069574 -0.129160225745968 0.125789247682748 -0.269688300616412
-0.0566990744582314 -0.113870154948038 -0.110206150223593 -0.235755938628195
-0.19555320368463 0.0426815263416956 -0.374313929314082 0.0136592636335274
-0.0906752816850141 0.248791388846053 -0.179028153570791 0.359911459495169
0.135483228380094 0.258160449102968 0.219497654692318 0.180921182553377
0.264520552805806 0.0835060720366516 0.0839558838858636 -0.114857964576864
0.219964972957263 -0.105054006047757 -0.16516119509751 0.000335004421414065
0.0741126182215869 -0.136899321314072 -0.117392337754109 0.181455971972193
0.0159880708764789 -0.0762730601032638 -0.0410153179505435 0.0469668655977141
0.00552965564133202 0.004872274067816 0.0408326046216786 -0.0688248141304729
-0.00277895081085697 0.00424265846470837 0.157809144852622 -0.219040230098568
-0.0040617651906398 0.00769033581738296 0.204429955465433 0.0182438739849177
-0.0118374524547702 -0.00250746865257867 -0.0783384484404076 0.179326986303811
-0.0327528250707954 -0.0114233497812989 -0.277221145314868 -0.162268563284593
-0.0239328781624739 -0.0235889075400322 0.122496542851727 -0.428609111834201
0.0046933311977007 -0.0175423822250334 0.42981420982541 -0.0762455949141048
-0.00154206379394665 0.0103013974704006 0.117731648839838 0.264038067343509
-0.0229247456228796 0.0166426291824532 -0.169960879641929 0.2932201578164
-0.024801393951003 0.02008526384681 -0.151138924190903 0.340777617299547
-0.00477010292243989 0.0118533759740071 0.0335831536816604 0.333940805235254
0.0201907165537672 0.00353298693848752 0.190157760123075 0.201483033832225
0.0208516937574368 -0.00797394913384714 0.177763237294939 -0.069691774435306
0.0113538670362627 -0.00907295577252435 -0.0758116092326272 -0.161073866999148
0.0114746526532595 0.00197658346181964 -0.141819677372177 0.032143231145836
0.0227038305971293 -0.0610567318495549 0.0330350396234658 -0.0453528614641639
0.0878671106252242 -0.124368438049813 0.126218475229293 -0.195928462598901
0.209442092146709 -0.0876181324332439 0.176907957463766 -0.0135512243573542
0.229420837402861 0.0818914703475439 -0.0561977865757065 0.143633444538953
0.0679220005945289 0.222327621727338 -0.242623123320308 -0.145700936781582
-0.113934068465465 0.187418996418938 0.118148333085888 -0.382196590466667
-0.155935903802994 0.0159670551433312 0.386482643945823 -0.0573359255960448
-0.0426999595612408 -0.0889062206272645 0.110134917493831 0.250644430558536
0.059335677273014 -0.0954520707605774 -0.153382999941769 0.279234176165442
0.0709705271768491 -0.0869305535908275 -0.136613254110153 0.329793856508234
0.0180507162779081 -0.0852234212559058 0.0556403665404766 0.334266689311828
-0.033793547190935 -0.0501808493292511 0.215132036745055 0.174628070512938
-0.065528173544128 -0.0130036517014227 0.168752604930849 -0.100578794288638
-0.0589002216503557 0.0586252025974734 -0.079914891660276 -0.167722210823648
-0.0187554649388662 0.080243290660801 -0.144472477939628 0.0186269677816843
0.0238487529523979 -0.0792726335249517 0.0278957621467108 0.023359215625284
0.127759004786579 -0.178549462671217 0.0802968056360411 -0.112981381647134
0.325765209600407 -0.150408161210321 0.113989145003877 -0.0439622851263551
0.390411157884713 0.14038548032095 -0.00695619550775078 0.0556583648739497
0.126861408824553 0.386822567075826 -0.105014063770437 -0.117269589331384
-0.198330554254466 0.304556060874178 0.148499631262602 -0.224639584595264
-0.266122275007708 0.00158705235169115 0.274275447713142 0.0152575463103182
-0.0788283870634638 -0.178145428055657 0.0892077811492557 0.194407167836677
0.0960813681869985 -0.202853657405319 -0.0719155646691671 0.216344437314263
0.130717702073648 -0.21699164914684 -0.0393778775704807 0.269509177632977
0.0129385292338989 -0.22797665759981 0.165195293023189 0.24722323798457
-0.13442096478099 -0.144960686897801 0.27147090833543 0.0278237282779091
-0.194191647910197 -0.0142151047324939 0.118906796430223 -0.204278786718352
-0.134182419912157 0.124085605111271 -0.0994212102352391 -0.179115890280754
-0.0436677899623779 0.134397300117365 -0.129553584518476 -0.020469363214647
0.00693193540954247 -0.0267023536271128 0.0338241197217608 0.0870577698487146
0.0889132737692786 -0.0960731847254272 0.0560686583889866 -0.00819301279190752
0.246768725499264 -0.0991005201165689 0.0767201995689755 -0.0289370268971856
0.299333880439838 0.163384427526189 0.0787828491798448 0.00344794191212312
0.035818735056427 0.356919767432848 0.0638796638670729 -0.0235880739334497
-0.260962421731959 0.219069799100349 0.139752044878275 -0.0147147050855374
-0.274827593069257 -0.0856844249089685 0.128124112349196 0.0723256354432524
-0.104670819859611 -0.235595933782327 0.0594781525526043 0.105543499582492
0.031032855180135 -0.267805293260861 0.0194123591504056 0.0983097202981925
0.0436813294989442 -0.29280553621 0.0603052931186172 0.0872781682966511
-0.0911766833713229 -0.278193087463619 0.183019940739295 -0.0009054061387075
-0.239125880619632 -0.150599893470206 0.179408714415032 -0.171686479715786
-0.258433421490525 0.0235867407183654 0.0170113873584764 -0.250942931123943
-0.149674500138063 0.156289250616815 -0.0978332249261118 -0.171991025414428
-0.0482792361450929 0.140274129164074 -0.0987476386945011 -0.0756532460504746
-0.0237009466608828 0.0596802944062624 0.0525594743444264 0.105357104405375
-0.0216694637467728 0.0568351443063251 0.0777003766064237 0.0757369654413689
-0.00834276447096937 0.0287518158168722 0.0940331811292765 0.0689835240577803
-0.0340382307464226 0.0952298305206275 0.101497288699606 0.0940667934721274
-0.140628027296924 0.080783917910982 0.0602837706885702 0.0979546238616448
-0.213471724619176 -0.0514213574278688 0.0308683073928605 0.0809163631832389
-0.169144592362773 -0.199522548153067 0.0096825785695659 0.0434579984295044
-0.113313700638268 -0.255076956639668 0.0186773815240057 0.00116046914201921
-0.126922999812013 -0.242025978772616 0.0273241619859568 -0.0369961058492074
-0.174213325038012 -0.151501368208904 0.0225799573058304 -0.103142409585126
-0.17526849453713 -0.00909691382664624 0.00929818970505537 -0.175401751210107
-0.113491688887939 0.0472254494248418 -0.0295085336164557 -0.190896143196477
-0.0792752795491427 0.0480281121150813 -0.0611827289503462 -0.153292279436238
-0.0579703338553747 0.0878250429076193 -0.0672139231990035 -0.123153598581399
-0.0290629643161142 0.0829801811505313 -0.0683537134301681 -0.109442349251497
-0.0489554112777754 0.117444522863309 0.0792345745744475 0.0792680817869807
-0.126943736525936 0.147485446984603 0.119017138579746 0.127183604637155
-0.207732784354766 0.0760926260269688 0.0685153463120415 0.19960115354957
-0.245516102716902 -0.0513354904752558 -0.060534240564739 0.195369886275453
-0.157808556227627 -0.19987865133465 -0.137164544447074 0.0497005533096635
-0.0463978125955378 -0.260723099989029 -0.07583591865097 -0.0437068091308551
-0.014136954778452 -0.257826827823111 -0.0204722334034843 -0.0675457843042611
-0.106690070849983 -0.240929240775144 -0.0323653182999483 -0.0959769842041298
-0.270729408967745 -0.131864611710431 -0.0850634701764786 -0.10289513972587
-0.304405952144138 0.146216148571418 -0.125625914016425 -0.069669041518532
-0.0620510056904293 0.364954515821306 -0.0896056425029997 -0.0658372883667157
0.22732440573321 0.233764905679259 -0.0822048855063565 -0.0678856459801966
0.228466041464705 -0.0227621282652142 -0.0790330280993016 -0.0245346725910163
0.0712991731259134 -0.0667325146277669 -0.0539662120512069 -0.0270898857170967
0.000183541152843658 -0.0123765668747826 -0.0529193329957674 -0.0908800911580798
-0.0554066655424372 0.118551193529677 0.105314155032004 0.0347986537799784
-0.150889901010211 0.127420620258834 0.131867361863074 0.153806057940049
-0.19668295046411 0.0310673507615958 -0.0440643243294885 0.229579837658774
-0.178426659741083 -0.113825649658041 -0.241551519371186 0.085827882729534
-0.0386156874552583 -0.222635211003445 -0.221102376108717 -0.167483703164124
0.0873917810019808 -0.243352742677636 -0.0387621138449714 -0.240919532056274
0.0889872299697049 -0.22304104872654 0.0392166259034903 -0.192196063731317
-0.0878610249262608 -0.192904790971036 -0.0810693497962946 -0.178289904580263
-0.297590789858808 -0.0127865802978243 -0.252256957515654 -0.0700352843462572
-0.238437860681023 0.31693885087786 -0.209872429729924 0.155903444933335
0.102718966587771 0.446868275836173 0.0409222595642525 0.118082611451459
0.392586271179311 0.210897871177201 0.0134758462270208 -0.0443225916723793
0.346643539180428 -0.109531897277418 -0.110784348471817 0.015957437605902
0.121545453762514 -0.171776240961904 -0.0822440894084965 0.0878514106328023
0.018584232064353 -0.0808040937346509 -0.047548065087409 -0.0231023803513417
-0.0368242150092542 0.0766451972213298 0.12947811597647 -0.00451205558626595
-0.0979514719369899 0.0660737539338583 0.108806306149744 0.159538456158168
-0.085981060465311 0.000681108814071948 -0.142166774145047 0.145173481328663
-0.0635004151032036 -0.0656261683281979 -0.242216036478257 -0.104347201858076
0.0191083218734049 -0.0999509225789513 -0.109401194522677 -0.307296182773366
0.0852975288775692 -0.118700163576594 0.0816139678604553 -0.329738088571792
0.0881344771001591 -0.128598217045048 0.128418067826049 -0.269435050899416
-0.0540251200623841 -0.113216217047836 -0.108785235128649 -0.23527453813867
-0.195210074450971 0.0422504933431769 -0.376105328526263 0.013769706442497
-0.0917916685398798 0.248479922035783 -0.179352491289228 0.359000576353625
0.135389097072646 0.258212217791035 0.217300151700712 0.180470550512574
0.26545645726472 0.0821600455564791 0.0837045344796791 -0.115699834807356
0.220111137425489 -0.105913492188303 -0.165594798445595 0.00102376863721699
0.0752050164263326 -0.136229534597324 -0.119665815638225 0.18141398555962
0.0170371856673263 -0.0759931078363635 -0.0409295365877634 0.0472227967716141
0.00626822945825906 0.00466598427870971 0.0341660095094708 -0.0743008740739553
-0.00156702884636406 0.00795080076273581 0.135631340759305 -0.242838925810079
-0.0055671786451289 0.00897060395449926 0.21047986368916 -0.00478799957691251
-0.0134299931952324 -0.00324343131857927 -0.0578515026369175 0.192304741778862
-0.0323031582379571 -0.00834293368831555 -0.297454532888013 -0.134984955229841
-0.0240947269387481 -0.0179009056774301 0.0784109124947611 -0.447416438212905
0.000860582422417579 -0.0158113880561339 0.425707299456434 -0.121844647276677
-0.000449984087690381 0.00902628105339578 0.14484697052163 0.253810913335313
-0.0207008740702987 0.0181207986623971 -0.144601377632658 0.312366396710621
-0.0213577595703262 0.0215420006058964 -0.120786709749503 0.359780394664292
-0.00343098989185208 0.0103570133857053 0.0643969734842093 0.33301786744295
0.0175907885449992 0.00017005706478473 0.211726557632647 0.18334760586375
0.0185965220129272 -0.00983061338955154 0.172870575968714 -0.0881421675443859
0.0142878588587899 -0.0106791369582551 -0.0951996608795692 -0.153801035891787
0.0130474091355784 -0.00228642029252074 -0.139773572721766 0.0481432756733381
0.0165196360260288 -0.0645546484007872 0.0278186813528876 -0.0503459663092997
0.0764654987147432 -0.134224823039364 0.107262151883134 -0.216272054365232
0.201446189251053 -0.11317011933243 0.18098500689273 -0.0341213541230503
0.242320873576872 0.0570848381042281 -0.0395747536291477 0.154259315684017
0.0947141473740997 0.219886722190374 -0.260524962269341 -0.121595892318622
-0.0943394602935223 0.206253970428728 0.0777200410539685 -0.398769011557083
-0.159825134877346 0.0356222680415441 0.384662194133789 -0.0990883406396871
-0.0520266098745671 -0.0866821963984616 0.136168837377839 0.241113306090822
0.0501363962409916 -0.102937503094387 -0.127592967917188 0.295535564131142
0.0636044703859545 -0.0967176665123181 -0.107792705014251 0.345316819963833
0.00838722848510515 -0.0886385530945872 0.0869997969470868 0.328131086468212
-0.041973977667417 -0.0474972680941781 0.23322846400116 0.154427737424256
-0.0674386644185592 -0.00492547437599369 0.159061402121862 -0.118995150443455
-0.0488515549208792 0.0643351618443001 -0.100669337291154 -0.159447917816763
-0.0080607746215199 0.0793588019661006 -0.143174573207235 0.0369215431612655
0.0156415249656322 -0.0822153168478624 0.030401743662587 0.0206606774749387
0.110330522773709 -0.193263347060822 0.0701083209599346 -0.124794645553874
0.313982838780248 -0.190212815831293 0.113385039577311 -0.0565116775848336
0.412559655256932 0.0986290317970532 0.00152697974539695 0.0600958321570849
0.170941889686088 0.383493497371996 -0.119691255344764 -0.105652817213567
-0.168750166952946 0.335502159400989 0.125317332151146 -0.241294858664893
-0.273528508192644 0.0324078817533145 0.278158200069899 -0.0131821765447073
-0.0974333576635853 -0.172495044459243 0.110768249806141 0.186536160156416
0.0764152310673307 -0.214141010319598 -0.0515700946200284 0.223804003624206
0.109141536421694 -0.236428371822397 -0.0148930491643933 0.275650717128377
-0.0117337682689404 -0.231627015014896 0.187059385474332 0.231325450611441
-0.150736699405048 -0.129543019650196 0.27509224550526 -0.00107097903256748
-0.194962408729943 0.00886476914933775 0.0964489148839416 -0.216944185302009
-0.115779352081762 0.139710277883102 -0.120455816823596 -0.167375519008835
-0.0260528304917432 0.137076661584539 -0.131286809292664 -0.00419804003487975
0.00230157240721857 -0.0267805579600977 0.0430469382251897 0.0846882268923
0.0778802396865417 -0.107887921065377 0.0559408829431575 -0.0142438219202595
0.237548532707796 -0.126501694805703 0.0751381593732095 -0.0361770535079341
0.321980348260276 0.133827870641571 0.0811064791070329 -0.00225074115864661
0.0729455455894588 0.362171377380477 0.0611140670947077 -0.0285037679638036
-0.241381598109491 0.251369387740766 0.138151924530199 -0.0281142188225862
-0.290846814306304 -0.0565659072040431 0.137005045290987 0.0587982356947139
-0.129237538681759 -0.228899566535183 0.0699256557914596 0.0993805762881473
0.00343577180455901 -0.27453344486469 0.0286755072231415 0.0949330058192453
0.0132441468034966 -0.302489267753375 0.0681346137994585 0.0805124014313414
-0.12205185714919 -0.270810184353119 0.179829083428136 -0.0194461481834797
-0.258812089474943 -0.124392449008596 0.159347002355618 -0.190525930784423
-0.256376096024898 0.054103301559121 -0.0128152234539789 -0.252369377361263
-0.129593464026317 0.175209956641133 -0.117495312787204 -0.159752135461895
-0.0303915277405579 0.145793789240876 -0.105843270040551 -0.0627556921192149
-0.0185223754014574 0.0649036723659955 0.0646233630251606 0.10100636632135
-0.0174135988225459 0.0618544963426673 0.0857208064728777 0.0688215675419675
-0.00820543102550027 0.0316579325753153 0.101602051208972 0.061587127731002
-0.025965446046577 0.0995585833812348 0.111990926663754 0.0860574119247314
-0.134805862503907 0.0966795668409569 0.0680406248397222 0.0921541494371709
-0.223257898816905 -0.0298288202274474 0.0379175420772189 0.0771743686611784
-0.193674686248358 -0.184693788996776 0.014197605925264 0.0419860808673702
-0.140672764338956 -0.247975162174478 0.0172026180093305 -0.00126063513344504
-0.153843721997622 -0.230528050036442 0.0229255441112294 -0.0409016349713837
-0.191816095371387 -0.134133474460715 0.0112921331600476 -0.105027143856792
-0.176611308272235 0.00885262808553592 -0.0106171075386498 -0.17547187430342
-0.110217867847751 0.0610386813878245 -0.0497273606712968 -0.187820137193556
-0.0744648332065928 0.0591909218283219 -0.0766415624253906 -0.148830389003903
-0.0469112503763465 0.0963128697032711 -0.081562069159487 -0.115294116577815
-0.0177290877917758 0.0876586557949269 -0.0795606884346182 -0.101704316720739
-0.0380931849351545 0.12556938545215 0.0878190456454062 0.0723865845854199
-0.115682660915396 0.165196138064986 0.133821619776296 0.118421818898415
-0.205580777603546 0.100492490987206 0.0908171390481953 0.196677067367
-0.256332529219804 -0.0274908428113924 -0.0418399643278538 0.2036235869071
-0.181610965801568 -0.188696417268887 -0.13554145530021 0.062566237089447
-0.073993716399337 -0.261441260422024 -0.0826477771872805 -0.0387263399937303
-0.0400946739221821 -0.262754087197564 -0.0268156745749504 -0.0676216747471227
-0.131980733163675 -0.233108221195781 -0.0431804600941255 -0.0932718842160243
-0.288111688337333 -0.102221365252876 -0.0980650923876822 -0.0962549224688635
-0.291254828463103 0.181381107909879 -0.13524234053435 -0.0550627735701162
-0.0230701183704744 0.375745882148659 -0.094041734274438 -0.0534067514423332
0.254509151007647 0.211585949572131 -0.0856249290077874 -0.0596251221917042
0.227231539187266 -0.0460293516996107 -0.0781683782236508 -0.0209482234792118
0.0649272098632079 -0.0745191457756794 -0.0566623790959866 -0.0242067935388486
0.00121504918799821 -0.0116420409934422 -0.0616661143197567 -0.0856768371952195
-0.0431916184835709 0.127303844182424 0.110021776059329 0.0237092999135718
-0.141014589798647 0.147880745805859 0.149605050802762 0.143205007077174
-0.196666046366075 0.0523053145346313 -0.0220175091712442 0.238372407235314
-0.192110675999098 -0.0988114948445366 -0.235653675971766 0.112199400554652
-0.060416699820123 -0.221798944131876 -0.240741564390458 -0.150385088707469
0.0654272017497486 -0.256188677030384 -0.0632781739067256 -0.241907923360463
0.0690936763632753 -0.237594389545 0.0208587989535506 -0.199674130213152
-0.107742621479238 -0.185387538447704 -0.0997031864383639 -0.169767607273303
-0.300737528529786 0.0209579115778345 -0.26369387160355 -0.0446898348786796
-0.205095549961608 0.346296731894068 -0.196626179978239 0.18185032963719
0.152860022104995 0.441095438799509 0.0571575245414662 0.118135185721438
0.41840244208132 0.171934299219322 0.015574228880409 -0.0465224982386514
0.337747285927306 -0.147310481671967 -0.105890537326826 0.0226138830421758
0.103189099627115 -0.187534062811714 -0.0729746620942702 0.0956362984694409
0.0110050379675911 -0.083349103946707 -0.0494916280040648 -0.0199642661488967
-0.0282881957694454 0.0827081153100701 0.130647222485886 -0.0193381132229262
-0.0925738737700018 0.0772578191491863 0.127430700652671 0.149578163287611
-0.0871068410055089 0.00683285627470872 -0.128991868734774 0.162614544875297
-0.0679856555385015 -0.0594176501431262 -0.255408935479899 -0.080459899404956
0.0116598711511309 -0.103015900838308 -0.140113088540345 -0.299049596874889
0.0753413756177149 -0.127719099273966 0.0488628474854241 -0.341612375682053
0.0788317264883322 -0.139521828729162 0.103257236992656 -0.285241323566073
-0.0646343045572644 -0.108243420945779 -0.133391051620778 -0.223931960651397
-0.191408315217066 0.0649111290529525 -0.379311824503519 0.0527524730724854
-0.0644127663189665 0.259081785912466 -0.146128526010843 0.382394524802969
0.164019339015424 0.245717848622709 0.238591536609976 0.160544120087891
0.275189119509923 0.055568465475453 0.0753656786789794 -0.125361161188836
0.212389396533959 -0.130937435426955 -0.165439662237431 0.0162983455230575
0.0599619398731266 -0.14923442088363 -0.100718613166378 0.196676349928256
0.00785842752700892 -0.0800634174651132 -0.0368885654619587 0.0503124313180048
0.00658047894899606 0.00498605305477855 0.0324867495574511 -0.0763430452924605
-0.000917367576210418 0.00814185279957504 0.132115001389126 -0.252990266822784
-0.00676807230730869 0.00977127041399176 0.216964347801288 -0.0107199582335564
-0.0141232670524016 -0.00267041990876549 -0.0527557319487636 0.199286184572209
-0.0326950301455818 -0.00835477537256626 -0.308736672522374 -0.128166153416732
-0.0245130161663643 -0.0173415898498074 0.0714594422799286 -0.461453233375942
8.67627502037314E-05 -0.0147658766954578 0.433605008559601 -0.135522075125777
-0.0002605531153273 0.00945275414628668 0.154895505717809 0.255885142226561
-0.0206024348686936 0.0189187840054623 -0.142547710216654 0.32270924163391
-0.0210975689212122 0.0233251116013628 -0.117134006313564 0.370539674448717
-0.00283099723934934 0.0113843989775525 0.0719249794933442 0.337889887204174
0.0191935262096111 -0.000252227343735986 0.219170913126598 0.182815365318911
0.0192596844928843 -0.0116986720059143 0.174384989155295 -0.0935025994072584
0.0138241270964108 -0.0117828732902764 -0.10057916738777 -0.154855627923493
0.0142266076939832 -0.00315991571886555 -0.141703874031843 0.0532302470603849
0.0148925863786608 -0.0656242689228498 0.02722795028991 -0.0519023355713482
0.0736278106632158 -0.138392086296035 0.103419225668598 -0.225597630563628
0.203166788880548 -0.121483974424337 0.185371661744599 -0.0405432616400913
0.250297020056208 0.0539331770098824 -0.035104139367416 0.159962883956805
0.103516459947848 0.223900150652139 -0.270989360518914 -0.116328800057791
-0.092115816023679 0.214070180711093 0.0720905913362438 -0.411258244797144
-0.163479979670859 0.0406326733154589 0.392185385788741 -0.111541697527914
-0.0540120596955131 -0.0867624672614558 0.14585716949097 0.242219767339118
0.0501912173734106 -0.106219483529653 -0.127218177937442 0.304488747150958
0.0626997506408527 -0.100387745550325 -0.104274763052529 0.357953636187866
0.00545324335211605 -0.0902482759642389 0.0948110745296708 0.333842468237699
-0.0431388845034095 -0.0449275631415655 0.240859644299131 0.151555179335117
-0.0680785879239722 -0.00291074893800577 0.16007926867585 -0.123496323086218
-0.0481959313392079 0.0664113404671484 -0.106033225595572 -0.16160702398096
-0.00543291534186291 0.0817032237981995 -0.146669889997081 0.0426026292324587
0.0144509591604976 -0.0842163773015184 0.0303556871535267 0.0206802598604556
0.108494868062042 -0.200269934055941 0.0679968864543135 -0.131515963876057
0.317503994821162 -0.202449423362914 0.114223319374566 -0.0607688278038314
0.427093998343161 0.0917829844130829 0.0035164487168571 0.0629225378781021
0.185046485395658 0.390432197602473 -0.126393039794613 -0.103805190420403
-0.166290210234721 0.348275238310619 0.123480144346971 -0.250250455452163
-0.279432852396938 0.0399551745873944 0.285330625000511 -0.0205510424667344
-0.101277645229027 -0.173285519728869 0.116321503130645 0.187258787007904
0.0747376382579163 -0.220159624924104 -0.0489399983669217 0.231025089501121
0.106600598614877 -0.243901836945132 -0.0108113696487401 0.282407965106187
-0.017086380863509 -0.236498656794267 0.196194706421686 0.232440352498641
-0.156348524056822 -0.127339150414999 0.280014058086332 -0.00717913418848359
-0.199374251056806 0.0151140325888773 0.0935454112425657 -0.22410718283716
-0.114244782303013 0.145092788684011 -0.127327232432302 -0.168809445002531
-0.0236902454322967 0.142192348503202 -0.134875302768972 0.000318176311446697
0.00166532313199271 -0.026416294777244 0.0455995442954408 0.0863306761912224
0.0781832999114728 -0.112509139413271 0.0558859966654302 -0.01580334315315
0.239762354519385 -0.135894775264339 0.0744109040087877 -0.0373350579369823
0.332761137648927 0.130734909055721 0.0827925818935141 -0.00266222821832587
0.0842806381651962 0.369591259481226 0.0601746334372922 -0.029480515653855
-0.242740423212516 0.265230310516816 0.140857219603856 -0.0328412537495597
-0.298031912303851 -0.0503730759492525 0.141880364282555 0.0557076677647954
-0.135258283992622 -0.230848246324058 0.0736705267418617 0.0995220236266084
-0.00166012188184082 -0.280054967426878 0.0306184698663644 0.0976447290545621
0.00640832294007702 -0.310962305945204 0.0709443350172601 0.0828342386132467
-0.130901619203438 -0.274663039208269 0.183464031565838 -0.022182144902456
-0.267547244206659 -0.120894614605407 0.15869033376991 -0.198256277645591
-0.262159890780441 0.0632918514146818 -0.0183431985943469 -0.259897713289545
-0.129059623568407 0.18174489618796 -0.123457840103827 -0.161378155639299
-0.0276226411715914 0.151492773138974 -0.108815705987026 -0.0613365544529693
-0.0181563197190782 0.0680087118520683 0.0682159646230449 0.102139741109451
-0.0163679791625239 0.0646835837164115 0.0894337396664152 0.0698153443746311
-0.00894017294169535 0.0355684580694393 0.103761697591731 0.062498843116737
-0.0247143050823947 0.103432801226429 0.116387581988141 0.0862955294411166
-0.137301409400911 0.102326341007412 0.0704256051029689 0.0922485144226202
-0.22979891664636 -0.0243242502429057 0.0405169802066039 0.0781706255657976
-0.20101608163535 -0.184838657974381 0.0159366730190965 0.0418121122376941
-0.147840127341673 -0.249610025077246 0.0178919441741463 -0.00208595437783513
-0.162653804445824 -0.232601220914214 0.0233488821789032 -0.0423537547448445
-0.199089687642845 -0.133792878134425 0.00915802400899987 -0.107128585789739
-0.181624336343516 0.012977525964994 -0.0151954609270551 -0.179110981540887
-0.112419556803943 0.0653639599762963 -0.0552882542927257 -0.19124002150997
-0.0760170328029977 0.0650163688405418 -0.0810772789080557 -0.152116676169464
-0.0460931462731523 0.100221278950302 -0.0849159588468436 -0.117422845880285
-0.0156353406926262 0.0921170941397938 -0.0825261443581387 -0.10188027088151
-0.0369668537385734 0.132008447763567 0.0915446893881629 0.0713820672543706
-0.114794760045963 0.17393281444884 0.13933699942215 0.117652389127831
-0.208454712236384 0.109911113227275 0.0968371271532704 0.201034433069459
-0.263544621052908 -0.0227515946372986 -0.0374494257880799 0.210308840051098
-0.189449054230144 -0.188235527057397 -0.138285385764229 0.0658232168188335
-0.0797789551271258 -0.266270058433997 -0.0849837662333462 -0.0401621433896657
-0.0444607730374987 -0.267402992213708 -0.0287413522941021 -0.0696484043155736
-0.138180559205852 -0.236034580467417 -0.0459285972527558 -0.0937771760702484
-0.295929093337782 -0.0982970477369009 -0.101785832398871 -0.0953382949438055
-0.295199499379482 0.191819790402643 -0.139052135471573 -0.0540389852955287
-0.0141914923150549 0.386322756346374 -0.0981122926894285 -0.0538505843322598
0.26692207175244 0.211344280131898 -0.088556885467294 -0.0602329754381948
0.232052403287233 -0.0514861049206108 -0.0786051404473937 -0.0214096405649816
0.0649507055359026 -0.0771743468894001 -0.0579854797923187 -0.0231104757820928
0.00150925295564799 -0.0100202970627775 -0.0646872865513237 -0.0871113904711151
-0.0414523443377522 0.132757395801737 0.112548251025514 0.0206371405293729
-0.140429264894441 0.155959017953909 0.155845812450757 0.142397235758177
-0.198501474226099 0.0587913803797315 -0.0165518842117301 0.244759146918615
-0.197802216039142 -0.0965832221634729 -0.238040037739728 0.120091773120567
-0.0644017056226723 -0.224951094308123 -0.249901227425068 -0.148006444622824
0.063853283978611 -0.265199398462923 -0.0704569139952215 -0.247239427217146
0.0674964426997764 -0.244566669166192 0.0172918730226247 -0.204679009798168
-0.11333090694475 -0.186945952792949 -0.105184632468776 -0.171225123181184
-0.307615117043361 0.03088123189056 -0.272345486709053 -0.0389819868607201
-0.202249062886179 0.360305178563092 -0.196962320962331 0.190373848047807
0.168067358369385 0.449571329505415 0.0599832042438906 0.118036102561035
0.434288169343867 0.165598642287799 0.0141231892902366 -0.0489125501176856
0.34472076642583 -0.159441526149786 -0.107865218763587 0.0248130223799248
0.101636787771339 -0.19467442527438 -0.0728692535939035 0.0998988008847353
0.00982217858563654 -0.0846867438144503 -0.0508463651749076 -0.0200004128975141
-0.0261842989139698 0.0857341393191578 0.132161212171062 -0.024412669148308
-0.0922624786736354 0.082016697609383 0.132152603338246 0.149876088986479
-0.0879252598840784 0.00942185049062962 -0.128138060444767 0.169433985697391
-0.0700958910392714 -0.0583598757285939 -0.261858990001853 -0.0760570104428744
0.0110060255232825 -0.105421911170306 -0.149938100794148 -0.303205344461988
0.0756779695078951 -0.133280259508941 0.0445202800180701 -0.351964025795406
0.078179481736183 -0.145405794871431 0.100527452490877 -0.295360623168655
-0.0681465837777636 -0.108770596202769 -0.141321029552687 -0.22512688461051
-0.193824177752898 0.0726103714024883 -0.390493870047799 0.0631861714382179
-0.0596504258642128 0.266924741037998 -0.141662941385147 0.395556479571079
0.175333971204791 0.247820968595492 0.247910228760335 0.157135705853278
0.285989019642948 0.0488070624580015 0.0724976727975275 -0.130928838695096
0.215642306401771 -0.14067906648442 -0.17056326524995 0.0205473348709446
0.0589299374006139 -0.154611626648575 -0.0998309410062239 0.204840940281442
0.00790489902583908 -0.0813476183348586 -0.0364700041994447 0.0517929475356937
0.00735398034100521 0.00488758081307752 0.0291915811527275 -0.0785069863786807
-0.000718215880024919 0.00881761182861332 0.121210146954705 -0.264201969682563
-0.00713394152544351 0.0104827079355734 0.22106897062785 -0.0209619076178817
-0.0141915840850806 -0.00213302782535784 -0.0441077918508944 0.204143138261427
-0.0327662849114649 -0.00701134534372956 -0.317939750454186 -0.116721032497104
-0.0249571273553267 -0.0169110461522374 0.056792108391207 -0.470747995099958
-0.00101479651808545 -0.0144967361920666 0.434817377609596 -0.155617928531375
0.000941391039456281 0.00964862872559794 0.164244710064374 0.251736215782375
-0.0202131808350876 0.020608909500294 -0.135282002460669 0.333034635013399
-0.0199688732700862 0.0248257181377978 -0.105719989996436 0.380400190135329
-0.00268364155731957 0.0118033562660394 0.0839938459368511 0.338158976948091
0.0188644319102287 -0.000455822095641614 0.226997082677116 0.175804232758353
0.0187628547021177 -0.0128186676673574 0.17313332644706 -0.101081893980351
0.0133087238215273 -0.0117647021345923 -0.10783778735877 -0.153291603026408
0.0148394466351578 -0.00322583345815897 -0.140650928731361 0.0604520969537571
0.0125301647425227 -0.0670035880618674 0.0247610454288639 -0.0538633033820002
0.0691543204910057 -0.143292565856191 0.0945327244199917 -0.234112970421465
0.200982139495861 -0.130820474898713 0.186506947314226 -0.0493945792280205
0.25607578899218 0.0444212511426418 -0.0278940955519386 0.16440021992325
0.115757019269555 0.224084065841951 -0.280052094813928 -0.105362076623298
-0.0853151250056653 0.220640114243431 0.0582498422489431 -0.418931202181542
-0.164308592178385 0.0489936309855693 0.393822344598765 -0.129074672380305
-0.056301684907377 -0.0866203928057362 0.155333103019191 0.239058674418451
0.0474608428134387 -0.108006466169235 -0.118720232970618 0.31389725393072
0.0592333368833276 -0.103421270941813 -0.0930350669629433 0.366418000875067
0.00178217402205404 -0.0900145803290538 0.10719868509954 0.333360705569027
-0.0436866896471955 -0.0421232890085611 0.248582956521774 0.143793606872727
-0.0683996435998975 5.08184658223377E-06 0.157349496202214 -0.131135978393139
-0.045560211386943 0.0687813354525077 -0.113519481880112 -0.159910266514223
-0.00153848018030383 0.0830274913796019 -0.145819299615267 0.0499394901078506
0.0107515373833169 -0.0852781357068545 0.0312502300743232 0.0197102829460955
0.101804483101218 -0.207067893987826 0.0617993146529542 -0.135722270429784
0.31275458691115 -0.218912869650302 0.112711746868835 -0.0659554626038301
0.437123453019186 0.0785288614778702 0.00624451617648141 0.0648926747499956
0.204467097276829 0.38930321195505 -0.132732752854992 -0.0990978921992132
-0.155298318072326 0.360588250807132 0.116608125571483 -0.258201351388273
-0.282517165665636 0.0522330878811577 0.289001661232001 -0.0330831429046912
-0.107351432631672 -0.171269573217683 0.124733690713662 0.183975285282116
0.0683752956930332 -0.224578870463949 -0.042025659402442 0.235315495065256
0.0983495399677822 -0.251311228433608 -0.00179764182109295 0.288169815600227
-0.0270294303930746 -0.237245943845568 0.205855581203717 0.229256073929717
-0.16205389193359 -0.119997587967348 0.283807088576326 -0.0173067907049479
-0.200140143257452 0.0240764438789799 0.0866263873835747 -0.230579645236225
-0.110119427391359 0.150899020775883 -0.135038375159622 -0.167772146722773
-0.0171855483075265 0.145190659935661 -0.135764308460715 0.00583819162400835
0.0007202099146255 -0.0256697072892453 0.0495113499422367 0.0850204575025651
0.0739221519190056 -0.115953953446169 0.0555099818015398 -0.0182096677458471
0.237202491273991 -0.145634495880641 0.0737641223202152 -0.0379903260654905
0.344854648208307 0.11909285053529 0.0838807211850976 -0.00387204993382294
0.0998153963538503 0.373072846077566 0.0592647952151002 -0.0315933319276733
-0.236089827931352 0.278649056243976 0.142019123859438 -0.0385859014022775
-0.304603116243388 -0.0384512384030042 0.146173148960963 0.0516144066884778
-0.144634972670471 -0.228199587199577 0.0777001315416555 0.0971429569532222
-0.0109191469118598 -0.282835161856283 0.0351943905159884 0.0981764386393911
-0.00431929459595008 -0.315900503084186 0.0748753939298912 0.0834444928354798
-0.142854254474782 -0.273353665806705 0.183672803346531 -0.0277590525919758
-0.274063820900306 -0.111786152783618 0.153600160852521 -0.20610290112102
-0.263162413226661 0.0758288526274684 -0.0284950997883359 -0.262738545713831
-0.123976080413455 0.189598931282166 -0.129995223423573 -0.159227765857836
-0.02221685123103 0.155762675760014 -0.111953802241801 -0.0572327570943572
-0.0150964249257459 0.0720536867410375 0.0729465782070177 0.100034713083681
-0.0153120097865499 0.0670986925193779 0.0922616393994523 0.066767799623433
-0.00871056067127616 0.0381985147294071 0.107029365339416 0.0618218861304679
-0.0215133779836804 0.106196417653813 0.120586279932763 0.0842026211386955
-0.135130220395412 0.109496165940512 0.0729990596896585 0.0910074934025444
-0.232995926828858 -0.0176872541028587 0.0437835819480165 0.0760971804347316
-0.209402830402139 -0.179169642584602 0.0178112355149114 0.0400922808895024
-0.156889125322142 -0.246357089103491 0.0180496410246371 -0.00276994537977624
-0.172230071048036 -0.229914795387848 0.0222227744230201 -0.0425763617128825
-0.207139013793965 -0.129626529752886 0.0064939072807232 -0.107472973109913
-0.183211532858193 0.0201784381340254 -0.0222669826339466 -0.179337031339025
-0.111452235238025 0.0700273675716898 -0.061812674882196 -0.191236766888116
-0.075258221817744 0.0701643882033385 -0.0867661997782901 -0.15317639812613
-0.0441118224760373 0.104638699549217 -0.089221600668455 -0.11666184087308
-0.0120706625175933 0.0962008736770522 -0.0866855430453797 -0.100560563925838
-0.0321161062058007 0.136826676706593 0.0947691956602596 0.0675619015929079
-0.110176720375403 0.182694591656779 0.145551485272881 0.113841174175695
-0.20692028667932 0.121435170988347 0.105669885790293 0.200242927958342
-0.268109204051815 -0.0126094615884908 -0.0294699682103011 0.215311411905056
-0.199802567578497 -0.183963437575363 -0.139064499461483 0.0718118181647375
-0.089254979632907 -0.268378982068456 -0.0874977334964062 -0.038601750466165
-0.0526405011504064 -0.269469722199576 -0.0313541538790639 -0.070920760232404
-0.148235650500726 -0.233135081344706 -0.0496551022385322 -0.0924815921280663
-0.302489264340409 -0.087258707727289 -0.106470787376515 -0.0921501232137308
-0.291718146692112 0.206595570427827 -0.141977512807066 -0.0498246395832253
0.000727832604826212 0.392217760606358 -0.102608777353112 -0.0512546232194423
0.279120644380602 0.203599687248175 -0.0919011810808651 -0.0586256566835565
0.23271395363761 -0.0600519356153326 -0.0790554047805269 -0.0203008574767487
0.0613870967299401 -0.0797419581659524 -0.058310115959815 -0.022232315556907
0.00176636893034209 -0.00851040216190986 -0.067738327304873 -0.0855535503531478
-0.036456553948156 0.137843371090309 0.114475245397485 0.0160632013319383
-0.135334559604369 0.16531082946676 0.162422146298136 0.138139829672846
-0.198229214698492 0.06785432326218 -0.00579918825953996 0.248198849008047
-0.202528921023262 -0.0912562597976196 -0.234967995936833 0.131068949055212
-0.0726129406287775 -0.22528194702922 -0.258564044704976 -0.140163131431979
0.0561252932418053 -0.270815562376875 -0.0805078674486217 -0.248509327676707
0.0621672146269813 -0.250185384340963 0.0108541666292243 -0.209219060614277
-0.120217269184238 -0.185543723488617 -0.112917080542857 -0.167757743599402
-0.309027464401531 0.0433403513636122 -0.277702035832425 -0.0291950447852219
-0.191649191930354 0.373184309836581 -0.192523343229063 0.200015956054677
0.188758224347016 0.448642057393232 0.0638053044635728 0.116025850059534
0.4485324475361 0.150309555763914 0.0111820034065312 -0.0507769299630917
0.343727220535903 -0.175029553625844 -0.108703218863114 0.0289247096665034
0.0949361430907594 -0.201606733466055 -0.070330937874061 0.104464674453386
0.00709008733626028 -0.0844212289387918 -0.0519068863563536 -0.0188786924583953
-0.0229366960608376 0.0875896339082673 0.133242631988987 -0.0308830646071906
-0.0885245510290626 0.0873118942188501 0.138013224072386 0.145829923191994
-0.0879622316417484 0.0127971910037412 -0.123466963482987 0.175250254248124
-0.0728807790459592 -0.0561982006855762 -0.266470295850777 -0.067224869934686
0.00780018833970168 -0.1070046048945 -0.163890813936192 -0.300635858072384
0.0722741292827519 -0.136740359570973 0.0324571832900773 -0.358743066619667
0.0745516950567637 -0.14921579694224 0.0908854207739011 -0.301971498613306
-0.0711863114098117 -0.107264916206567 -0.151061164528359 -0.222779931483326
-0.191751461506041 0.0813030415909522 -0.394580523527046 0.0793519151770117
-0.0506015199969131 0.27381311641286 -0.129499456046349 0.405894512454205
0.188241806457855 0.243393327411611 0.254953819834347 0.148275787846988
0.291340174263028 0.0370724492021945 0.0670829352385373 -0.136518018818848
0.214028985441855 -0.151412548944278 -0.172466883690487 0.0294945142571482
0.0533759481147025 -0.159101796835139 -0.0935838530747308 0.213373015591669
0.00457389439661561 -0.0820328727693703 -0.0349702532836076 0.0536478903738058
0.0080321592167457 0.0046257317915148 0.0248438062969697 -0.0799901288447618
0.000283510650445448 0.00941820109595512 0.108815827386701 -0.26984729525994
-0.00697363506160853 0.0115564511627655 0.22100713747949 -0.0303565895488396
-0.0144024654601319 -0.000906464956217253 -0.0332184637643627 0.205781165713078
-0.0317912103695261 -0.00628839626068392 -0.322185042298004 -0.102996003300915
-0.0244203844263487 -0.0158548707333953 0.0398364726860017 -0.471701964321568
-0.000989516905719074 -0.0138240503856237 0.430060340194604 -0.172629942490613
0.00130964927616828 0.00891592150003653 0.172385900585137 0.243570103115892
-0.0198226461564023 0.0219714201600711 -0.12431341973562 0.337743681201531
-0.0192350285389895 0.0265964879020664 -0.0930269743678573 0.383012523240926
-0.00264005486950102 0.012401866832568 0.095171178708575 0.332483284650209
0.0190791702781907 -0.00112624916243662 0.229630840368221 0.165600464842398
0.0176500051302104 -0.0140281879643545 0.169110056178756 -0.10675769139717
0.0127638470834018 -0.0127283080673883 -0.112994252876015 -0.148342598549659
0.0153716570233477 -0.00290401442358546 -0.137276885088869 0.0653910217297843
0.0093226826947084 -0.06591318526793 0.0214768628661081 -0.0547124061603349
0.0645717951724214 -0.14528884683931 0.0843382836692805 -0.238956849751158
0.196203857873648 -0.137660424615875 0.185443783579994 -0.0569032160869352
0.257800060513197 0.0364598540871242 -0.0201300551633321 0.16569813385514
0.122823426106408 0.220028555493193 -0.282770705602324 -0.0935187337215499
-0.077106977842957 0.225207053353774 0.0419970873217687 -0.421860763878811
-0.162824470339893 0.0554894670037678 0.389514069666934 -0.143938772886446
-0.0578977141575768 -0.0830442998576288 0.161966548497 0.230952798969855
0.0434367803973052 -0.10764688048497 -0.10912300495484 0.316147934492405
0.0548300970630884 -0.104381837196121 -0.0816177742621933 0.369608495900028
-0.00193855816836515 -0.0876138054632957 0.11779572767923 0.327049438203051
-0.0446884477184147 -0.0389028252995416 0.251516335971925 0.13384989176537
-0.0676281902043687 0.00283296139987304 0.15236763294305 -0.136582099189413
-0.0418752350436392 0.0701567858656251 -0.118602484011801 -0.155762811080246
0.00249137999724665 0.0831722895659951 -0.142398794603079 0.0552166689162224
0.00720888816998172 -0.0845557384187091 0.031388299734757 0.019033486115394
0.0928464306169881 -0.211709606391623 0.0556071976268951 -0.13943304346443
0.30463020187799 -0.230518780364825 0.110074655871435 -0.0690447594527701
0.440832410911072 0.0617478495930254 0.0101604934740249 0.0663980716084844
0.218905848814968 0.382374578371238 -0.135340348882446 -0.0914607425237206
-0.143756048259038 0.367210824994905 0.107896001293475 -0.262429988849848
-0.279207205615907 0.0635915270820066 0.286719384432336 -0.0439028880243518
-0.111782208747069 -0.166677157688636 0.13110019932046 0.177428748020242
0.0607891714469056 -0.225349032700053 -0.0350463333581504 0.236490257983743
0.088091155977569 -0.25394265974783 0.0087703498614418 0.288715192847454
-0.034544837824778 -0.234707588792551 0.211329015394127 0.221490957770278
-0.165286440935789 -0.11232867300099 0.28079676968616 -0.0271648838614135
-0.199190053019237 0.0323917510735533 0.077405693924422 -0.233464112360739
-0.104480454271827 0.155738711797037 -0.140132292204412 -0.162219389629084
-0.0120048446161726 0.14663255687026 -0.134567872295753 0.0120533917687144
-0.000457271380521128 -0.0235907682491024 0.0529038151877268 0.0836194197679388
0.069161862893491 -0.117997929285438 0.0533630626164296 -0.0193142937435054
0.230509290598773 -0.153510810505138 0.0709275436111909 -0.03932255285521
0.347448704091194 0.106539758645069 0.0832891553478962 -0.00553591970153848
0.113302150176223 0.369784906519526 0.0572786376140421 -0.0317209617025795
-0.227089875507798 0.286975689816661 0.140443985196968 -0.0441696767461277
-0.305273259560899 -0.0276234576521322 0.147593512658958 0.0451033860289219
-0.15103816527371 -0.222323840408024 0.0814622077232657 0.092990100077054
-0.0208181329818968 -0.280060718698838 0.0377971683338837 0.0969477994730713
-0.016509844308315 -0.315904513863262 0.0775798332183625 0.0813175399925586
-0.151541714819795 -0.267419546363595 0.181768172151979 -0.0321507552076585
-0.276961577839493 -0.100662731783164 0.145972563429551 -0.211111268249161
-0.25954402254379 0.0878318288329735 -0.0373082438921402 -0.261348298173882
-0.117294824553929 0.194892407871623 -0.134372096392976 -0.155198243954832
-0.0150785262580173 0.157014574137312 -0.112874421055682 -0.0524218903206756
-0.0125492701006828 0.0746095070659806 0.0756416303455769 0.0966092356260385
-0.0137857634589956 0.0696072207257704 0.0936948525965107 0.0648538468768286
-0.00909152716736097 0.0407050920544315 0.108629974390108 0.0594433051720026
-0.0181072472119455 0.105849734037477 0.123971299443543 0.0805682519794186
-0.131435162138982 0.113924711112893 0.075964861673523 0.0890266116023201
-0.232934315990967 -0.00945990628494896 0.0469495438672582 0.0735960531926724
-0.214621826790058 -0.171696372044222 0.019295398998703 0.0383637229455406
-0.164892544440751 -0.241389865194237 0.018935128080046 -0.00303944834083549
-0.178807102798811 -0.222424878529176 0.0214960551778445 -0.0424944649076664
-0.211786129733958 -0.121876954799551 0.00291895535166842 -0.107016122904521
-0.181280036824864 0.0261410949907354 -0.0282922544850128 -0.176154642347156
-0.109298560544771 0.0742826604970628 -0.0684235147215584 -0.189324021857021
-0.0731901130889931 0.0756870054435831 -0.0904158429952309 -0.151172126938658
-0.0408992946184115 0.107204399687752 -0.0917836537827623 -0.113011385268889
-0.00865294809179431 0.0976880191741525 -0.0888297248526627 -0.0973089670614104
-0.0265063428317293 0.139280163097827 0.0968916768111971 0.0635358228883431
-0.103092443789312 0.187990364457474 0.149017044122793 0.107534040380667
-0.202232795464842 0.130028337910084 0.113902943266826 0.195681359804683
-0.267581431833025 -0.00357805466050651 -0.0207305033974083 0.215490866089074
-0.205592263459191 -0.175935529306308 -0.136592940341572 0.0768466017957525
-0.0981261826483214 -0.264005755529103 -0.0885685349168719 -0.0365297652250867
-0.0615278379727728 -0.267700770675225 -0.0336097598413528 -0.0708739781824811
-0.155294540032886 -0.227929345094193 -0.0525866526674833 -0.0895427498698184
-0.303601698644372 -0.0751362814957124 -0.10886269492435 -0.0871649234867794
-0.283817518891773 0.215781221775812 -0.142628780666945 -0.0459947742119039
0.0163280073056787 0.390953618695093 -0.103876400034967 -0.0472651462712503
0.284878324322701 0.191901952043571 -0.0931619940732798 -0.0562114193926613
0.230048972923368 -0.0688060300551135 -0.0786419014882987 -0.020035546425935
0.0575342149457136 -0.0811613785530388 -0.0580585530043012 -0.0205554508050947
0.0016015541064242 -0.00746696005080433 -0.0698830904159074 -0.0835896155325561
-0.0316049442476814 0.13987155054512 0.11451147861113 0.0103516336112391
-0.127334877756434 0.171071036946403 0.166642870985389 0.130353118518875
-0.193344950722871 0.0748138196125351 0.00468482317508649 0.248085923885819
-0.205601431408796 -0.0831279303149586 -0.229019334127128 0.137954809962351
-0.0797571487051873 -0.221937430069426 -0.263839546201813 -0.130987749521328
0.0469202703368263 -0.272392961604006 -0.0885167762097725 -0.246909689624052
0.0538105671622569 -0.251230127439438 0.00402470948085303 -0.209652245651078
-0.124517300463414 -0.17984960265871 -0.117833384046254 -0.161949937911702
-0.305923148587246 0.0550970770849539 -0.278999616048009 -0.0180945912823671
-0.178591616011585 0.380855899075763 -0.185017087224518 0.204710360474218
0.206530025089979 0.441862629350904 0.0667528981099939 0.111164909631464
0.453646127232691 0.133760801332927 0.00850802530156081 -0.0524035545994109
0.336592310201986 -0.18924900579682 -0.105940547134213 0.0323660717642072
0.0876832959139826 -0.204389813707303 -0.0659396131346301 0.10685584411796
0.00466211892429258 -0.0840981234254805 -0.0521221698340547 -0.0170295640157826
-0.0198258417385235 0.0886565016563452 0.13044235215035 -0.0363667463498684
-0.0831060647138442 0.0914241735182122 0.142430707321625 0.139891053544728
-0.086386677689491 0.0155657709431327 -0.11657597640404 0.179677057587175
-0.073566802817813 -0.0526913942897146 -0.266850800362044 -0.0576055841099922
0.00480928950070882 -0.106933481892484 -0.173341298086703 -0.292274136126728
0.0686088348838934 -0.138704599524598 0.0193307086098523 -0.3593256665761
0.0694749872805996 -0.151534941282488 0.0822031987764752 -0.305127603463578
-0.0740536824396174 -0.103995112247416 -0.158342118534882 -0.215385894757085
-0.18792541561701 0.0878888217092189 -0.392198418078334 0.0941823389850107
-0.0404256088911497 0.276918759937126 -0.115081175561878 0.408917506777727
0.199114409916489 0.236110155619459 0.258384199927148 0.136757102102211
0.292151588765846 0.0264020028133832 0.0610009143148866 -0.139188626797321
0.208128870300122 -0.159136009859285 -0.171480652632306 0.0362093031666061
0.0480246455445308 -0.161274095938988 -0.086739517448074 0.217386524674044
0.00244848474149612 -0.0819416180731945 -0.0332121129245369 0.0544611188357325
0.00998854948243076 0.00423622080331056 0.0113267033028158 -0.080792073624546
0.00354990330465341 0.0112498362164435 0.0640476462315897 -0.280859296781324
-0.00571574875246211 0.0139449065167506 0.21393340323309 -0.0650079092337788
-0.0150293117002412 0.000453951774649543 0.000968903012579592 0.20599820339387
-0.0319390619884911 -0.00188106374076778 -0.331048052393638 -0.0507126655803918
-0.0217550569648399 -0.0105534892395389 -0.0362173797956285 -0.468419821548296
-0.00308911084052774 -0.0101037274571096 0.395039821040918 -0.235059831905925
0.00218775346709712 0.0093118158354607 0.206159623285442 0.212995059926715
-0.0153887738318497 0.0240652904471561 -0.0738150469681243 0.351884132339226
-0.0123782750402557 0.0256235256973213 -0.0339929601783143 0.39294556436177
-0.00160512510108051 0.00929739294345085 0.141317333368539 0.312111547927541
0.0140254226732824 -0.00568791831928777 0.250450738975679 0.128043985871465
0.0139336619770595 -0.0138311826171195 0.149099837643805 -0.130698805409745
0.0132644082196586 -0.0138801572132697 -0.13417536956176 -0.128444620321581
0.0153921961287555 -0.00781022390839758 -0.12599824658202 0.0853519962519357
0.000404968701153751 -0.0646365932319096 0.0115236877018609 -0.0561709669871284
0.0413501480490366 -0.152164538456976 0.0437869346272752 -0.248071816791603
0.168875346225436 -0.166836743914174 0.175514040932034 -0.0857033534408868
0.259723820425573 -0.00721863441361752 0.0097440243547731 0.166174294365861
0.15903108837539 0.197649863817614 -0.29197750709705 -0.0462882018096029
-0.0359277339928899 0.235210410392574 -0.0219094204714422 -0.418490845766487
-0.152719309175665 0.0848748668053567 0.359073897936175 -0.201919292639573
-0.0707391255739128 -0.0751476765009973 0.193781093745249 0.202018785759779
0.0267242237615455 -0.113280995631603 -0.0602748419741145 0.328416137137527
0.0376485408748532 -0.114526724973536 -0.0275563102420454 0.376892774277469
-0.0172894211413047 -0.0879917240220173 0.163408745477042 0.303503164216347
-0.0523736637349668 -0.0315139671472652 0.266924167231604 0.0933009023522031
-0.0665918921205912 0.0152948106093138 0.128508330896993 -0.156913278591332
-0.0263845422074688 0.0756266381858644 -0.141116709755001 -0.135006199954181
0.0172928953576981 0.07871667228855 -0.131604406283554 0.0778298178389675
-0.00697775196594497 -0.0818392795369262 0.0325398226164566 0.0133570253272207
0.0579218060624235 -0.221045570336302 0.0323078762325798 -0.145828951194143
0.261180210901823 -0.274654271434793 0.100054072750098 -0.0850090739726257
0.445345083734708 -0.012893795141509 0.0238988094302486 0.0651865092807631
0.278739012484421 0.343266084528579 -0.14643560718598 -0.0655448315011662
-0.0772887469841767 0.387954720832165 0.0651481887547672 -0.271815497363826
-0.267216863855294 0.110779931627199 0.274831257163303 -0.0881048957654666
-0.136239570609795 -0.148810257871625 0.154565980890378 0.15415047239109
0.0253212348982042 -0.231448011377243 0.0011466121654869 0.237985055210883
0.045047111661221 -0.266537675040847 0.0481736987597912 0.28377552668245
-0.0732727508346733 -0.226658280334393 0.239277357809467 0.187823054541102
-0.182425865117386 -0.0820172208293705 0.270711909245444 -0.069974515434809
-0.187648862130684 0.0668605469314921 0.0386635035740961 -0.23986315671128
-0.07400390690151 0.168717477074793 -0.163528269640521 -0.136947790499256
0.0132015898163279 0.14315300292643 -0.129137999293647 0.0339737497801845
-0.00493811552387236 -0.021045419560202 0.0633097309663231 0.0734353441109399
0.0472953274524675 -0.12614495187049 0.0489270757459696 -0.0270556008288115
0.199420382933918 -0.188294934706033 0.0654105863382132 -0.0474984283720941
0.36157716725187 0.0479088123882046 0.0833500902798433 -0.0163632653953356
0.173190493731211 0.349165540545347 0.0520770551142415 -0.0364510025126794
-0.176391188913591 0.322831795802446 0.130999453388981 -0.0642930021419818
-0.306661207404064 0.023482673127248 0.152817150728916 0.0206872815297148
-0.183895432511906 -0.197151905862233 0.0938140509093975 0.0797454487293577
-0.0641742906246658 -0.273152034345516 0.0512565282855136 0.0893375036261741
-0.0669077570840909 -0.309104635058511 0.0866644017779594 0.0708458818156429
-0.193516295495949 -0.238392191842146 0.171628943943404 -0.0562555999517504
-0.290726887621935 -0.0503210430611223 0.108872450346459 -0.22794715924492
-0.238582802262017 0.130410823165125 -0.0779404730021159 -0.250324462484514
-0.0805920207659658 0.210598708550539 -0.156024251767555 -0.1301634247204
0.011823823559896 0.15565900587445 -0.116624652890466 -0.0331598612151209
-0.00128177506773022 0.0771242792685824 0.0884288423107363 0.0835036844768209
-0.00376637356470684 0.0723875033179603 0.101221207796277 0.0501719722127325
-0.00276066968606932 0.0435181232083741 0.115536612103336 0.0436291910078702
-0.00210258908674522 0.107919824489925 0.134290893794352 0.0605871166716304
-0.112102120474378 0.134238345653517 0.0871443253536477 0.0760102691686259
-0.232192053912605 0.0282492031707518 0.0561828335502253 0.0640569972773424
-0.241049306009316 -0.134477557506383 0.0254787669408525 0.0337640791177899
-0.200272834091108 -0.214588286674854 0.0186015597372226 -0.00541194183146291
-0.210315109448794 -0.189128413918194 0.0147976577534754 -0.0447854968715482
-0.228664965894776 -0.0863783935555084 -0.0132000525465347 -0.103712627926499
-0.174088922663852 0.0560192409956635 -0.0532080664676451 -0.166551193371239
-0.095122198603581 0.0931558876527964 -0.0951009542796071 -0.17511068882788
-0.0585346153689638 0.0884880314672186 -0.111379983813762 -0.136451855935675
-0.0222017839764889 0.113965845758605 -0.106245069903477 -0.0975002778140602
0.00958939251309954 0.0978749663260796 -0.100175419831129 -0.0826270605016435
-0.00465618763372887 0.143159559352143 0.102445057857287 0.0478386537988675
-0.0724128868371035 0.203823970343835 0.161167848847071 0.0834464217561184
-0.177617109639128 0.163008805401559 0.141057300111133 0.177292336544354
-0.266805979585564 0.0388371031621602 0.0126792747042978 0.212180730024522
-0.231570003295394 -0.142344026916495 -0.122880950902167 0.0945834056826822
-0.14038968546586 -0.247695807281345 -0.0928586121368526 -0.0236867736122823
-0.102669456459117 -0.256061548111875 -0.0435091527828659 -0.0648569615315748
-0.188311430088161 -0.20240905945438 -0.063967084851366 -0.0783975521497848
-0.310383504098915 -0.0250540171455286 -0.12129774961132 -0.0676753437810775
-0.24430841164479 0.258563238405754 -0.146421552430436 -0.0213145450449892
0.0794593249420726 0.382189664201929 -0.106856653398156 -0.0307961834199677
0.31269175803878 0.143591555289402 -0.0962888363609656 -0.0422741892296927
0.216322472806698 -0.101750168657781 -0.0794649777212216 -0.0131523325298945
0.0433419559142089 -0.086963813083604 -0.0599931915936291 -0.0128384588111488
0.00244348575554934 -0.00569900109934591 -0.0817680397673675 -0.0724603879809839
-0.00767564711980667 0.14426844436777 0.11229053949195 -0.00637572363394004
-0.0984143956563985 0.191242700538564 0.182522404150694 0.101477888869537
-0.177649789656654 0.104820999979112 0.041036637261622 0.242287419340543
-0.215365222554859 -0.0495959929785907 -0.202169992326824 0.168628776534269
-0.112604358022499 -0.208123580092289 -0.277497034330142 -0.0903862767514096
0.00436173203331341 -0.277130035616599 -0.125397245971106 -0.228067344880263
0.0143117833434176 -0.2589233606834 -0.0281765545771903 -0.206097229437458
-0.150064919964029 -0.158507768294422 -0.140451265499681 -0.139271186024553
-0.290081428286327 0.104156098272295 -0.277493439483006 0.0273938703946861
-0.112334067110873 0.402103521394335 -0.149670547448123 0.231338734514093
0.273023398096861 0.401999734467856 0.0849692503382629 0.0990921155490396
0.468735534944328 0.0590770087200313 0.00392971932911282 -0.0566720163349782
0.303650137490427 -0.238446796982221 -0.100064641773215 0.0429139282742626
0.0525191743337636 -0.213991931817372 -0.0494020727983334 0.113973172459663
-0.00612665096772784 -0.0829634943490575 -0.0557781592963391 -0.0111373046499585
-0.00336777900114983 0.0910418111447307 0.121681985064242 -0.0566301673918399
-0.0667568259926083 0.103917963677205 0.158938418875675 0.114832531829571
-0.0814205767715624 0.0283813367977813 -0.0877771781289851 0.193201560614933
-0.0795910295928496 -0.041176876795711 -0.268821227689573 -0.0173846494373537
-0.0112362924872907 -0.10658049284368 -0.213465082518338 -0.260066199446563
0.0481262152568305 -0.146622493950548 -0.0365401914826998 -0.354589651046021
0.0459868316340959 -0.15969592091607 0.0336054507117256 -0.312598951616999
-0.087362727523014 -0.0908824817159711 -0.18843443354487 -0.186066599903305
-0.167859795989962 0.117411027042524 -0.373540278665438 0.154465732979072
0.00647703457790823 0.27514519169432 -0.0518749794120488 0.422343555180032
0.230265789128199 0.200134717220116 0.27514913992768 0.0942147658859482
0.291814435959758 -0.0186559334715152 0.0399131545190294 -0.14882515719705
0.181315798436304 -0.191261428125531 -0.164260105329557 0.0589219801739584
0.0213984881074629 -0.168792128250866 -0.0530555937249546 0.229019607903743
-0.00948640836663752 -0.0808964948162619 -0.0267299561875089 0.0579240070074676
0.010936988667682 0.00360288734488538 0.00888657359421529 -0.0811422417193389
0.00481032994953148 0.0113185494840139 0.0559079535222085 -0.282387938532405
-0.00611787743447309 0.014860521701686 0.213298087398164 -0.0734919086269017
-0.0157407749455605 0.00207569246637252 0.00773308050491336 0.206365082994274
-0.0314323808252181 -0.00197929870427669 -0.333259578412301 -0.0400285839497234
-0.0219494648838795 -0.0101346583457884 -0.0468801173107101 -0.469302599181504
-0.00282162933130374 -0.00955137081780666 0.390019275026134 -0.247261241033526
0.00324066191631818 0.00825978722409483 0.209637472803521 0.207525206521372
-0.0151122409142573 0.0250522277866473 -0.0667109445440213 0.353594364046507
-0.0120800119863524 0.0263391921535603 -0.026480839413232 0.393384425887597
-0.00120141832762379 0.009505567563283 0.14613951031004 0.307816387186074
0.014278855610617 -0.00546699898021922 0.251794426823786 0.122092011558939
0.0129980499270326 -0.0151366794707485 0.146339773707067 -0.134293668354599
0.0130240663389574 -0.0143064163156884 -0.136984515711595 -0.125656789396783
0.0166178138251288 -0.0083174687418154 -0.123063394234412 0.0891635007949823
-0.000995727397065272 -0.0652600481176177 0.00932540593682466 -0.0567184496040191
0.038016537213702 -0.153762117160831 0.0371034811886681 -0.249893846040788
0.164867352490572 -0.171640805451611 0.174433873928292 -0.092180793576318
0.261372657574654 -0.0136321844062665 0.0155364234525699 0.166708554223335
0.165331445548833 0.194502857735401 -0.292954097534277 -0.036457257041351
-0.0302602220013567 0.238680394456468 -0.033357887862702 -0.420336845604149
-0.150418262841515 0.0898906078403345 0.356089406828345 -0.214129448121179
-0.0711554467305225 -0.0740349202781905 0.199058469170934 0.195282911781128
0.0247085372975686 -0.113372329004117 -0.054964673447781 0.330277541314503
0.0346151374202994 -0.114382569911601 -0.0188590686466525 0.378570255395586
-0.01896845688088 -0.086432291640739 0.168455237405252 0.299587913907009
-0.0521565653653252 -0.028776448830902 0.266935902585102 0.0864427337393835
-0.0654154695084525 0.0174623272546073 0.125168710069841 -0.159038122326226
-0.0249459863864484 0.0759512025631436 -0.144848156161175 -0.131765210982872
0.0196857769468999 0.0785366992904437 -0.129366929639051 0.0803791264735349
-0.00844051994039247 -0.0804946484374253 0.0328973971211471 0.0129729458645332
0.0519015525158657 -0.223129240594207 0.0277085923647545 -0.146724116332861
0.25418843247808 -0.282429110153655 0.0988263143140393 -0.0869497332843186
0.447431598696348 -0.0237580211208851 0.0269985556748307 0.0668743537199752
0.289806709977942 0.338734326435454 -0.147517704172314 -0.0600610536115087
-0.0699404891243637 0.391094481096185 0.0583047587977795 -0.276134675810312
-0.265545227982336 0.118922711463662 0.275106890738532 -0.0966424572755608
-0.139550944089467 -0.146958108583584 0.158376503668212 0.149581123498154
0.0215202039491412 -0.232012804885775 0.00578476223225265 0.238847951247542
0.038707561458027 -0.267468702037109 0.0547057218775822 0.284712995846864
-0.0791105952667539 -0.22408516073793 0.243246688629336 0.183357130842881
-0.18367281203156 -0.0770926873598408 0.268201006943775 -0.0764682097322976
-0.185144397733104 0.0728459337033764 0.0337614572720147 -0.240259819775979
-0.06952727279472 0.170976518538245 -0.167753612968392 -0.134407691880334
0.0178906904758815 0.143730858093972 -0.127065716163074 0.0377430403816986
-0.00498475440898198 -0.0198540366332614 0.0657220927176821 0.0734841728114581
0.0433552446645994 -0.127027777625755 0.0469319952176867 -0.0269609356279998
0.195318078829361 -0.192380024414311 0.0636898096783633 -0.0473200846318695
0.363547588497665 0.0379999986470113 0.0838391441016062 -0.0170156511612728
0.18248364095499 0.34566968293368 0.0513028509470639 -0.0366213393456818
-0.168986261139852 0.327764725409165 0.12970842709353 -0.0674743020256061
-0.305783478916775 0.0305965290384361 0.153550012124279 0.0168163603186197
-0.187042000723603 -0.194470667570108 0.0960053911113921 0.076692515200295
-0.0695284331724558 -0.272831861463854 0.0543331502093553 0.0890797648647335
-0.0754028374615255 -0.308114872654598 0.089733193817681 0.0704455938857591
-0.19946493188057 -0.235121730719845 0.171157468903212 -0.0580465690086104
-0.292693199721777 -0.0440901249594571 0.10513072858927 -0.230853048639035
-0.235458071652948 0.139085595842162 -0.0850627145871336 -0.249493955243572
-0.0757296613317853 0.215078382964795 -0.158699461192787 -0.127641748195922
0.0152418593309203 0.156474888296498 -0.116199556659302 -0.0303148401587661
0.00052263025881981 0.0793685763616909 0.0904225157657293 0.0820515878718245
-0.00245122654451151 0.0741094328239342 0.102112500132668 0.0495690410390126
-0.00244773057887296 0.0461400548119641 0.118468237473662 0.0436364577812237
-0.000334789677016655 0.1075840282757 0.136796288808977 0.0577092295998195
-0.109209823000905 0.137787441891868 0.0900610207306035 0.074369410588961
-0.232815503539673 0.0334197811985059 0.0578886495286684 0.0610147147266668
-0.243159006419025 -0.130241357111002 0.0266129398128507 0.0333641088409674
-0.205179302961882 -0.211292513950637 0.0188447809601563 -0.00569640480669014
-0.215038175914944 -0.185620770794064 0.0143835528680138 -0.0443184607526412
-0.231882350131361 -0.0818689285273504 -0.0151710675348013 -0.102869735621753
-0.173645881798593 0.0594113120911367 -0.0565921177678585 -0.16419614850954
-0.0940295599304494 0.0943662787517474 -0.0983667611944515 -0.17257475555736
-0.0556157998219704 0.0917671623111709 -0.113362748546837 -0.135729083793647
-0.0198714819198925 0.116100677133555 -0.107640840650541 -0.0956765044916297
0.012393564657185 0.0987676705158331 -0.101594650864024 -0.0805960830828792
-0.000490974859598684 0.145621295574642 0.103376445176037 0.0450895159981922
-0.0664120469320968 0.208878899367789 0.163161886482434 0.0797979953973939
-0.173243917487264 0.168883001192879 0.146864778927375 0.174468955271175
-0.26711575269606 0.0451596299142523 0.0193059829352247 0.210666905270668
-0.234902792522141 -0.136889098783645 -0.120191485221555 0.096857135183416
-0.14572577038759 -0.245786699013569 -0.0942538281545454 -0.0233030567891723
-0.107062785978362 -0.255461716507674 -0.0445617158303057 -0.0647277207116049
-0.192335162530766 -0.198652085688536 -0.06471519049961 -0.0767818932995761
-0.310028446778405 -0.0163454469046168 -0.121639393100599 -0.0634035621476828
-0.23871568215335 0.265054303315115 -0.146523883906803 -0.0179921412612688
0.0897032655958052 0.382035709111938 -0.108114155423519 -0.0283369777542856
0.316643528998182 0.136447100163576 -0.0977734946290883 -0.0409508174786137
0.213854587292454 -0.107574989678562 -0.07903313692802 -0.0124722272498651
0.0410506923360588 -0.0873863377415516 -0.0593803904955211 -0.0121233136360112
0.00293622059094917 -0.00526547778478497 -0.0832153528975232 -0.0712678388884022
-0.00273752794221971 0.145824848566268 0.111242461564238 -0.0109281618582463
-0.0914861378265712 0.194992821937246 0.184854398554524 0.0971990160359419
-0.174665348603535 0.1100161501174 0.0476055979787572 0.241066855398034
-0.216834770418291 -0.0452983174154751 -0.196596150268066 0.172081978903102
-0.116824722680421 -0.205057661628946 -0.279563696526796 -0.0835040181596108
-0.00146203629566947 -0.277225333335619 -0.130582679291579 -0.227051909360544
0.00932614887011961 -0.260478716851152 -0.0325546364060675 -0.206741475096259
-0.152316959634681 -0.155401906533955 -0.143073376512246 -0.135279179519533
-0.286506432588376 0.111205878912357 -0.278520467884333 0.0349380477960784
-0.102936571381283 0.405642693816701 -0.145673776918044 0.235424528802402
0.283775312634167 0.395569782182243 0.0858210590277107 0.0960269878734987
0.471525727792601 0.0468480652401123 0.00159222935420213 -0.0569895564284984
0.297287017823915 -0.247163112134353 -0.0990850404424656 0.0438999157848662
0.0474161269096405 -0.215555803779844 -0.0463816518136398 0.116277735846103
-0.00789340217591486 -0.0821140732550086 -0.056481567024941 -0.00952211916585322
-0.00018664771022481 0.0916923266319538 0.117786918338547 -0.0609491601351353
-0.062028016765372 0.105807272184098 0.160390481158445 0.110199932254354
-0.0805751906227952 0.0302625416922197 -0.0837889003615364 0.194847615887704
-0.0794143344571666 -0.0383358634567502 -0.268697794540624 -0.0120773960144902
-0.0125461025724965 -0.106879097648794 -0.219886368984738 -0.25406833963399
0.045751164342932 -0.147250931293122 -0.0445619421193665 -0.35428719320491
0.0426445817167722 -0.160131955588632 0.0273869160771963 -0.314848222503138
-0.0880722416948251 -0.0898939615638372 -0.193556430662346 -0.18106133647037
-0.165351034151749 0.121670181918401 -0.371980820272544 0.165550852160255
0.012817563224576 0.276883146274661 -0.0413506660542054 0.42364047486028
0.237188378379346 0.19480311066518 0.276565413547351 0.0868279577009766
0.292498016080798 -0.0262056232625691 0.0338098211215349 -0.1516435833844
0.177073015200404 -0.197596168677618 -0.1641080356824 0.0640400150231645
0.0173066763664476 -0.170300688637046 -0.0475582085733141 0.231368524011119
-0.0113851305872219 -0.081373247721346 -0.0263966261105532 0.0585598591688605
0.0122366274789561 0.00214333177543543 0.00443123176940559 -0.0810155465504898
0.00518719852121274 0.0104478524575545 0.0459387682982008 -0.285731971205067
-0.00442099250205252 0.0161639567393745 0.21362502272014 -0.081566273954934
-0.015246638643912 0.00309663853532274 0.0164504413582642 0.20684347224161
-0.0311053787483635 -0.00120801451705638 -0.336076209424577 -0.0260414900232844
-0.0217131530199941 -0.00897897214888569 -0.0614086288221974 -0.471416402496212
-0.00255248171349991 -0.00925538691014536 0.383618743754047 -0.264011398524624
0.0032565169296471 0.00725824408886892 0.215070637720633 0.201797149780324
-0.0144831548718793 0.0264016137294793 -0.0587657969821898 0.359799195127955
-0.00945508039363411 0.0266443070680533 -0.013642510634786 0.397974163915906
-0.000717778680659391 0.00994110456146083 0.155000061687457 0.303838619261151
0.0145132144855392 -0.00641570837118086 0.254207145526526 0.115380141291262
0.0129486349107148 -0.0154970498458251 0.143255532974519 -0.138924809548818
0.0127571232281059 -0.0142929509808131 -0.141485684699524 -0.120882906039557
0.017099574931484 -0.00922965060892159 -0.121229457585134 0.0933838107929214
-0.00203962773723745 -0.0646743590083685 0.00652232895571557 -0.0559621274031022
0.0327260010240461 -0.155352332753599 0.0272760145995596 -0.252522172115817
0.160466944198342 -0.177585025577808 0.172540704193913 -0.0996513676368606
0.262734598779731 -0.0227151595320062 0.0235624914476679 0.167130293328043
0.173561137180228 0.1902771273732 -0.294969489784844 -0.0259599861828968
-0.0230694137774579 0.241334347667084 -0.0466303703533194 -0.422908167343611
-0.147743605581989 0.0956344562884131 0.350512323519449 -0.227461895810659
-0.0744199136871599 -0.0731322014261508 0.204590214649045 0.188164924581721
0.0226117611380392 -0.113727851567332 -0.0465047659250058 0.334292556037408
0.031362294700566 -0.115239414912053 -0.00750819495321294 0.383494038759303
-0.0223581940152591 -0.0857440053446218 0.178615028257983 0.294966711934574
-0.0514873779380389 -0.0258983420720889 0.268601861705033 0.0782930118661937
-0.0641732436341874 0.0190545527096461 0.12068117530754 -0.162429397373086
-0.0216840374504964 0.0761843748435848 -0.149387620425439 -0.127492211132996
0.0224483112551739 0.0773741675836942 -0.126451894646212 0.0859682351834142
-0.011202239952217 -0.0791275260732528 0.0332920564497091 0.0132979133861164
0.0435938500914947 -0.226165685050235 0.0217628169398271 -0.147148068818307
0.245287647473624 -0.293403810027638 0.096985925502614 -0.0910462948174883
0.449641124299196 -0.039983734864912 0.0316793947349346 0.0665412317979427
0.303513374584362 0.331217742607443 -0.149167786366974 -0.0533743687923296
-0.058796196126415 0.396895942794578 0.0512573196533338 -0.279846429824185
-0.261942886687336 0.128589853722907 0.272467959839405 -0.105783973154198
-0.143214120528312 -0.143473090500391 0.163491805530709 0.143731554935895
0.0154026591345112 -0.232383021665662 0.0124689438783963 0.239903762741617
0.0297125121761906 -0.269205765164832 0.0640928501341402 0.287087827982068
-0.0862495354143881 -0.22218896390934 0.249609817579207 0.178146177787122
-0.185485061596617 -0.0719537631620644 0.265255228753898 -0.084870791858845
-0.18228484030081 0.0798462036855938 0.0255072169518441 -0.242036612609905
-0.0638587711355728 0.174226325336982 -0.171626826855619 -0.129451765219922
0.0227169541896203 0.14342703194381 -0.125148299881395 0.0419884858552064
-0.00598678025576709 -0.0190227363752966 0.0684930360229988 0.0720019040515451
0.0387401636272285 -0.129459672475287 0.04609922879173 -0.0273619291809526
0.189062389530791 -0.198705059442832 0.0631201227707749 -0.0477894469461349
0.368221684627039 0.0254360435489908 0.0851320731603493 -0.0183232384463283
0.194875088066082 0.341158535550233 0.0511097015485254 -0.037391884682987
-0.161324839194732 0.334703083507656 0.128833717437178 -0.0735883068925021
-0.305564859522071 0.0414818953003208 0.154438170154782 0.0112785451263448
-0.194623985467664 -0.189998865276685 0.099203319359614 0.0726680463583076
-0.0762329762885978 -0.272329944014718 0.0568374257025673 0.0887375993592513
-0.0858360796001883 -0.307940487911133 0.0920306533076363 0.0692085083997072
-0.20847025398928 -0.230505069873765 0.170750603986989 -0.0608994940347339
-0.294722207114068 -0.036258183454664 0.0978827742760528 -0.234882473527578
-0.231283285010112 0.149385739139273 -0.0929650972478208 -0.247097085132024
-0.0693179278177901 0.218467497157402 -0.162659438296349 -0.122590118830848
0.0206273630798534 0.157080453613548 -0.117458752653054 -0.0260435738864981
0.00324169103853007 0.081063508467753 0.0945206787124559 0.0793016154063701
-0.000967409689446534 0.0761812553477144 0.103304664642229 0.0475672865156477
-0.000666979377147964 0.0473249703737288 0.120037420921518 0.0411714623291068
0.00232005651448855 0.10658205976103 0.139491601202376 0.0531450490968513
-0.106257810770272 0.140908304681927 0.0931921318108815 0.0717872514755387
-0.234056430340124 0.04009642083665 0.0607130466770271 0.0589692787254011
-0.24802526932465 -0.122522438317842 0.0284450105777714 0.0320486943035161
-0.212099301483304 -0.206361989991509 0.0192148500943443 -0.00633711151575993
-0.219827022773639 -0.180674365343641 0.0138025901059641 -0.044011457810138
-0.235744794612484 -0.0741735473002931 -0.0174722190886636 -0.101736629614337
-0.172599445355104 0.0635678926796861 -0.0612523079154482 -0.16293572627816
-0.0924707544459567 0.0970111641136967 -0.103664538875117 -0.169417767278713
-0.0532655575169159 0.094948668799768 -0.118711160432539 -0.134630931494832
-0.0161737704924784 0.118481010757712 -0.110297490278457 -0.0930694180492367
0.015283552783399 0.100215131092937 -0.103916609258229 -0.0778044526985027
0.00513347593106072 0.147730507756316 0.106139119458849 0.0414380348641399
-0.0593909256688315 0.213716520791172 0.166003813392064 0.075061342670765
-0.168024603640526 0.1762334745753 0.153184949496711 0.170946792347738
-0.268073928369946 0.0524278076781542 0.0252778417626898 0.209393182921871
-0.241280507940552 -0.130979713179413 -0.118010763791094 0.100069605058594
-0.153247036585691 -0.243197746995555 -0.0954505804782123 -0.0219036486806144
-0.114941866290101 -0.254405965319621 -0.0466023053481106 -0.0639553099019739
-0.198578566913758 -0.194427361102507 -0.06601770609597 -0.0747176071183024
-0.311201193486209 -0.00824599680403098 -0.123577124924438 -0.0596314208979371
-0.232461281009849 0.274835889152953 -0.148096017561078 -0.0137365057214451
0.103053857892448 0.380696653147508 -0.109540434201134 -0.025746936809403
0.322608578573104 0.125409700488999 -0.098970023916826 -0.0386094605124936
0.212081352192835 -0.114360449768852 -0.0792239763584441 -0.0116857447546311
0.0380141866803909 -0.0870919384637508 -0.0594567551026038 -0.0110888267125344
0.0022758644552523 -0.00400240179465606 -0.0854218285811454 -0.0687960153047884
0.00315213442526089 0.147073240781594 0.110914619631029 -0.0150036188544486
-0.0831299307600857 0.200363244790326 0.187152620991866 0.0916502461735477
-0.169148359388015 0.115233872450879 0.0562222203912706 0.239973157702312
-0.219141422300956 -0.0382246596720157 -0.191770290934845 0.177160357346916
-0.123204693259229 -0.202171279369545 -0.283421704296497 -0.0761622231419513
-0.00991892440188206 -0.279200838324739 -0.137658767656194 -0.224840485469343
0.00242794054452562 -0.262881477331358 -0.0383238937962832 -0.207282033937998
-0.155732760862748 -0.15228096580956 -0.14647366263509 -0.130112977120245
-0.282604819700256 0.120676979112632 -0.278368962837881 0.0461762227398759
-0.0912348148062483 0.412504423583275 -0.13923027146575 0.241096950342712
0.300281620336457 0.38988721820187 0.0871348655622218 0.0935224189135365
0.476424384548468 0.0299205443495965 -0.000527565431931426 -0.058308735241329
0.291488123093066 -0.260877785398594 -0.098591541365267 0.0468349138303655
0.0403789285019468 -0.21710272938465 -0.041969316638992 0.118082183875139
-0.010410968748633 -0.0817750412449884 -0.0572055531654012 -0.00757407435381214
0.00404406723473367 0.0919069598647461 0.114638345326467 -0.0656569897351948
-0.0561377087321953 0.107708821974012 0.163287050152112 0.106243160977815
-0.0780511845109365 0.0333820449878601 -0.0774182000913868 0.198068002916468
-0.079399811419207 -0.0349366555366833 -0.270575322042297 -0.00426829919245766
-0.0146694685286376 -0.106835625749495 -0.229080290541957 -0.246288851057981
0.0423942735643655 -0.149037901333384 -0.0552683401241192 -0.355515303412376
0.0384521601664414 -0.162504271159048 0.0175876284831997 -0.31772306511115
-0.0891833681601448 -0.0876747809213414 -0.198780666277208 -0.174107790470355
-0.161265054984572 0.126650304564224 -0.368757671289995 0.179182590218997
0.0226415228526736 0.278272114358031 -0.0290937582369849 0.427810651084621
0.24588209714639 0.188163926472626 0.277718540672559 0.0790579097247843
0.294270202090079 -0.0357944963329343 0.0276642326590174 -0.153663385400037
0.171596757325424 -0.205413270145308 -0.164535029861463 0.0703160004756887
0.012432623640986 -0.170824478336111 -0.039331486712439 0.235016325740337
-0.0126214419511804 -0.0812056952729738 -0.0244491334691625 0.060018319114023
0.0131780018173124 0.00081637805101645 0.000480927509739259 -0.0789499379667852
0.00552402705714354 0.0103189787248905 0.0328102890752406 -0.286918448891526
-0.00288324763704776 0.0163961741052003 0.207831008713631 -0.0916089564397315
-0.0152676991808894 0.00344382669443306 0.0258247645297114 0.2043230879947
-0.0307530346178394 2.91456331887232E-05 -0.33241568831891 -0.00993462708940378
-0.0215365288339837 -0.00850626664766699 -0.0811078830264273 -0.465391534677785
-0.00209216711129776 -0.00875756906852266 0.369960586984529 -0.278710059384093
0.00368367343215704 0.00737193102696163 0.220321285978325 0.191958904923596
-0.0127171345673307 0.0265483445657108 -0.0447474393636368 0.360432693588794
-0.00788533362112648 0.0263043855828719 0.00124612817558712 0.395672699361052
-0.000227679940681681 0.00986068587996608 0.165854063183234 0.294342170278385
0.0150790281161613 -0.00654256053876654 0.253721657055378 0.104636621869695
0.0116490534325623 -0.0171308403078353 0.136930228804815 -0.143193894559882
0.0114896581527253 -0.014961816688797 -0.143332107774128 -0.113795832961824
0.0175104629876222 -0.00968792197144095 -0.115666604971372 0.0986226486907535
-0.0043388290225231 -0.065204592118056 0.00346677181220835 -0.0544352400587739
0.0253979792608175 -0.155304959693167 0.0163313506564026 -0.251028461721694
0.151476638408137 -0.183435815807114 0.16746585073537 -0.106904150394341
0.260877726688963 -0.0326416504863272 0.0320582998567837 0.165225347181941
0.18036814058355 0.182285478755294 -0.292803881983149 -0.010025776006986
-0.0133709657001197 0.241731295431801 -0.0626224845595679 -0.419333766612601
-0.142362663278189 0.102029243266236 0.338715864304638 -0.241705932801048
-0.0755901639762457 -0.0700170568413101 0.20800916401788 0.178689996436895
0.0185765412417644 -0.113364625588618 -0.0328968266692748 0.334052274604131
0.0264771627406121 -0.114946681232195 0.00817689183860415 0.381292745137759
-0.0250335820051997 -0.082660117712679 0.187046803660252 0.28493045020974
-0.0501114707893711 -0.022990983500666 0.267517585621966 0.0676687120901
-0.0617655589021042 0.0220151197968081 0.113485089537581 -0.165966053472666
-0.0182293126028368 0.0770763000933783 -0.152518126508634 -0.120347367555621
0.0261348856373459 0.0758486652761777 -0.12180521777271 0.0912980519730123
-0.0135699732058285 -0.077266763990348 0.0333601662431918 0.0129538636766959
0.0345441826721156 -0.225537413146229 0.0141122202361685 -0.146513256943374
0.230332905077459 -0.300639465526622 0.0928080873061143 -0.0936762339064464
0.447509731018321 -0.0577373093903154 0.0365379302313953 0.0656653568054679
0.315795367684911 0.316572639270319 -0.149174971872586 -0.0454453395701502
-0.0433044740883484 0.398333213875929 0.0393909220103988 -0.28085920042126
-0.252713782050265 0.138581588156239 0.26654337629441 -0.117617158373729
-0.148222268339033 -0.137795252859644 0.166555662333401 0.135559788653966
0.00802461465402103 -0.232051950293738 0.0212131666099501 0.237815048979264
0.0187573142480576 -0.266844919655124 0.074365328132618 0.282948817152444
-0.0945798495228859 -0.21664114972481 0.254811327810175 0.167045173824879
-0.185068551824011 -0.0622060009480947 0.259210404023643 -0.0945159127223473
-0.176215524454632 0.0861625131140384 0.015982026357994 -0.239973347297435
-0.054897550685234 0.17478972422367 -0.17591122469779 -0.120892673536772
0.0287590899172461 0.141015031184958 -0.121791688418405 0.0475018454957808
-0.00604578880119613 -0.016958460324789 0.0712105348798681 0.0688932722650778
0.032465476772569 -0.128114045303422 0.0436339432948428 -0.0268030183357093
0.17963987953533 -0.205151758949901 0.0613508016150989 -0.0477955908040806
0.36563883539673 0.00856677108014456 0.0857691552021894 -0.0210780743571819
0.207971011424939 0.3319047079213 0.0493905330210442 -0.0378515119908435
-0.147303490015436 0.34161190454299 0.124656776151494 -0.0791643670905094
-0.301044870926367 0.053503759498707 0.153822806640901 0.00403878370431492
-0.199968567718787 -0.18155378409936 0.101082471897219 0.0681496977843625
-0.0847117072723184 -0.267034018705529 0.0608770827457508 0.085280505309582
-0.096791553487887 -0.302223960932276 0.0948548177484045 0.0669882516740812
-0.215772450987948 -0.221410108241205 0.167665411104951 -0.0652584434346945
-0.293562089890322 -0.0231652986011451 0.088270100683593 -0.23527446604441
-0.222420309640345 0.158050327833193 -0.102713444155066 -0.241653326840082
-0.0583119485636418 0.221053257956899 -0.165756598906501 -0.116436986231618
0.0271633506204161 0.155261951790889 -0.116326719296551 -0.0201290788506199
0.0072003372824165 0.0819556842696312 0.0976858465006018 0.0752952630878121
0.00200556881637567 0.0773681709777071 0.104215988536392 0.043876482368402
0.00113668933293835 0.0483115334998186 0.121069581410819 0.0380435115613928
0.00596531936155884 0.105998163564772 0.141010446848909 0.0462010795924517
-0.0995199673742176 0.144024604660448 0.0952287669127384 0.0676384865471282
-0.230633224731173 0.0490661358569391 0.061557464637945 0.0547524949518991
-0.24917079569644 -0.112481200804574 0.0287624360960283 0.0296601724078452
-0.219147224977505 -0.197002505671528 0.0197136359753264 -0.00703652085658416
-0.224392384978542 -0.170729988335287 0.0138176086236457 -0.0444312590818065
-0.237179265577011 -0.0646651130399426 -0.0204228294267008 -0.0994424916800934
-0.169481724547153 0.0693627911242587 -0.0665890476154704 -0.157279912159692
-0.0888190937637396 0.100072986935235 -0.109139198923943 -0.164372085074932
-0.0489610933175592 0.0975537396951877 -0.123153512393269 -0.129734883205211
-0.0118873065316569 0.12034083755199 -0.113144637762005 -0.0896808947423707
0.0190370786735476 0.100192047956236 -0.105944305974816 -0.0722504912458794
0.0118247969843981 0.148352036048795 0.107577129463243 0.0358636512983331
-0.0485159221793114 0.216777172970751 0.167070326119249 0.0686557272705772
-0.158004038237742 0.181301497972326 0.160297425674836 0.163024075444498
-0.264389102335364 0.0642309108417936 0.0336962802055314 0.205680859090299
-0.243972252376856 -0.120167879976683 -0.112875967194136 0.101689631011569
-0.162235785554967 -0.237135676333204 -0.0957513607535396 -0.0187630046770202
-0.123521251413296 -0.248914431540806 -0.0486340982835885 -0.062567835340581
-0.204534410770143 -0.185100359516778 -0.0675366537247055 -0.0715786303757462
-0.308202091669329 0.00364575110151076 -0.123264710915067 -0.0535898438857863
-0.220115030443883 0.282080353608737 -0.14737693778437 -0.00734541094885966
0.117251265633759 0.373524930638484 -0.10986745682743 -0.0210510535449638
0.324735062932191 0.110654627615917 -0.0992523893984389 -0.0354953092976711
0.205593356996958 -0.122545561855257 -0.0795889144440681 -0.0110267394920975
0.0335047180942892 -0.0869252010967295 -0.0584646430308189 -0.0093065877902091
0.00306280047592777 -0.00320936028137202 -0.087448192387572 -0.0652764014884269
0.00954073542909361 0.146660710191423 0.109257025347973 -0.0203359489525151
-0.0709431520434129 0.202352721277568 0.187086100183944 0.083076581054223
-0.162338657621475 0.121316299443923 0.0655819257208895 0.235053153799296
-0.218371798030783 -0.0293696895526472 -0.184147509367035 0.181898638853491
-0.129395232673406 -0.196541270667048 -0.284526762744248 -0.0645576253644243
-0.018849207723665 -0.277976799607293 -0.145791912748841 -0.219209818900116
-0.00693663194586508 -0.261731499265729 -0.0461108303335841 -0.204840351948421
-0.160187871047998 -0.145411998674971 -0.149015153970699 -0.123266357355392
-0.275306581834644 0.131618112720123 -0.274722794150836 0.0575885832481912
-0.0752082161085149 0.413149295585941 -0.130064490405567 0.244514756507349
0.314419936408855 0.37434390511234 0.0890752845382455 0.089649973384909
0.475162099690804 0.0103689525358697 -0.00364855514287277 -0.0583423459135487
0.279220127786023 -0.270832590273622 -0.0963975970465233 0.0493031775862875
0.0315001613348082 -0.215949297909036 -0.036147258914661 0.11806205347835
-0.0128415638831055 -0.080401908151627 -0.0571896354009611 -0.00489109923669734
0.0086423182356894 0.091402585190049 0.110129708239604 -0.0709185852026208
-0.0493318988905836 0.108303388800164 0.164238155471644 0.0980862211199787
-0.0751947369011858 0.0363123294737505 -0.0692719763424301 0.199277079218864
-0.0791722511948009 -0.0308149862078743 -0.267929100538927 0.00629405240152552
-0.0173057230649296 -0.105279969710229 -0.236796271714842 -0.233816963157907
0.0378268789859587 -0.149237984736366 -0.0691473716009596 -0.350400873356336
0.0329351277950208 -0.16245972318251 0.00519987741705162 -0.317182796944613
-0.0904055729565562 -0.0838669924611694 -0.203508146598445 -0.16355408707879
-0.154262842259285 0.132775400502197 -0.360554291148268 0.195252870346789
0.0349417282555824 0.27622947020574 -0.01230514258116 0.425394750147975
0.252922807436665 0.176563908518956 0.276971071449893 0.0660701310370133
0.290212053269904 -0.0479462903188938 0.0200151702614819 -0.154322621932833
0.162069279928235 -0.211252393442035 -0.16118624812179 0.0779636423797259
0.00459493366784271 -0.169963054575211 -0.0291943103646879 0.23615884091563
-0.0142683186969475 -0.080315891912503 -0.0224415244659312 0.0598252541251533
0.0118044415772951 -0.00577182366928176 -0.0165319464552072 -0.0718886651244075
0.0077439963670995 0.00106231035240809 -0.030896895413166 -0.27471360043458
0.00596125313721888 0.0123664056111096 0.176815861194375 -0.13202563413265
-0.0118795576984354 0.00997483894271332 0.0698786328572858 0.185433011544589
-0.0317935759172288 0.00663464249147928 -0.316147115967282 0.0645437067902528
-0.0225801903338403 -0.00653470362821291 -0.180378543782563 -0.421955225993611
-0.00131691314449647 -0.00974929877673124 0.287559044489059 -0.346399781105371
0.00489394089512669 0.00575132133007668 0.251555088434341 0.134868562599039
-0.00514000799204877 0.025995288831609 0.0366693917641765 0.355694663128807
-0.00293531181378278 0.0247565669737408 0.0898564130833106 0.380982560160566
0.000585411597891525 0.00810429454421058 0.222936243413417 0.246934245760177
0.00975639773834549 -0.0089264487525261 0.266822667500528 0.0447756377191549
0.00651543215593022 -0.0169298562940877 0.0989402394004903 -0.168463426591819
0.0106546009798751 -0.0162809663794136 -0.164916924393199 -0.0774070870857461
0.0165010376722632 -0.0166799782152286 -0.0919469686235549 0.123363946065575
-0.0184844501331838 -0.0616351875532952 -0.00962298178218272 -0.0505362940532
-0.0119509826898575 -0.158767461107845 -0.0401245174860151 -0.241464318681661
0.104000457500832 -0.211116858621159 0.136276412494404 -0.140899483821669
0.23968527289375 -0.0895701677396571 0.07010647949389 0.145921526431358
0.209437590311115 0.131887076412694 -0.275262877778017 0.0560613518706323
0.0427397217504283 0.227872629235567 -0.152197952879388 -0.379557325676795
-0.109051413308753 0.127631748595101 0.265897805550642 -0.304577617936509
-0.0873982732805141 -0.0507816378172387 0.237107309368271 0.123972157901674
-0.00716469446068308 -0.114596321719789 0.0427078557692738 0.327421985742
-0.00305475189138595 -0.116703659361803 0.0930181796691603 0.365085780633675
-0.0435342742649783 -0.0738014929579903 0.243283238771013 0.232636749213736
-0.0550732228977439 -0.00971304153472385 0.272016704820984 0.00581567032330269
-0.0541039116496571 0.0364377683744816 0.0720103790853583 -0.185883244237325
0.00363455051150545 0.0766769851919342 -0.175790302699809 -0.080443109208876
0.0440144666120408 0.0632585337766254 -0.0974834587991986 0.116432331630276
-0.0293747801338762 -0.0702232393545476 0.0321147616049211 0.00516287001489404
-0.0206851940790933 -0.224102972853297 -0.0192544816824141 -0.141560722688882
0.150627334091103 -0.339772578917304 0.0682728046430441 -0.112961921378894
0.409318714746284 -0.158203215430866 0.0550383418156812 0.0498193058040416
0.369636738746514 0.229103929623867 -0.145603538579157 -0.00708190897816924
0.0511212229883066 0.385111954243934 -0.0235882834595993 -0.271288040671882
-0.206989968731169 0.189833645071074 0.225229302313857 -0.169690377172212
-0.172375028149759 -0.0984009901297566 0.187915113589602 0.0926984529115848
-0.0441636851081604 -0.223740988280846 0.0726274062389132 0.222572617953103
-0.0445096396398567 -0.259144423147774 0.134559830021497 0.257364611398757
-0.140742272229634 -0.18506063717338 0.282525417415423 0.10627867287702
-0.192097885607706 -0.0155006462695759 0.228774670344896 -0.147310462088842
-0.146931881358643 0.125942724047322 -0.0393846943500021 -0.234576380532062
-0.00798437111590875 0.179958133066807 -0.198018424980611 -0.0768602309718072
0.0608823854079317 0.127270323056465 -0.107282995600658 0.0738913540782765
-0.0062299645099087 -0.0125397397586811 0.0801640746801576 0.0494047571837718
0.00235586811578783 -0.128088396137014 0.0343401868710486 -0.0345892757247634
0.123884339193769 -0.234377930877777 0.0481054644104386 -0.0605504804029179
0.347334183007631 -0.0777753379886146 0.0810801880735349 -0.0397492349440734
0.272397341609778 0.266013605992918 0.0431200237741457 -0.0439564932246437
-0.0605805222165066 0.354099042537774 0.0999236015203089 -0.100229148921424
-0.272301209142271 0.120014176879386 0.145615361194654 -0.0297476868847254
-0.231352147052889 -0.128777208206617 0.110398294053361 0.0424599857619122
-0.141062826276408 -0.235244651113354 0.0769168789069903 0.0686849785072004
-0.162475553826508 -0.265836609626141 0.105607029456858 0.0447043416408182
-0.257166970782327 -0.162911490500453 0.148832473311553 -0.0983834476834959
-0.286221855439899 0.0455962540846585 0.0324085155309011 -0.245428759364757
-0.173478978859135 0.204396329931502 -0.15363840587795 -0.210414967370887
-0.00115031629207732 0.225940661881504 -0.186942311155292 -0.0734597296910253
0.0639566814155373 0.143471127337069 -0.116991948349671 0.00596074850492665
0.0301682727076388 0.0777968618173978 0.106371767016489 0.0500198716863379
0.024734324856208 0.0757635424678604 0.107445991814934 0.0224688190019001
0.014760343672094 0.0465188676513095 0.123347805464465 0.011949939317384
0.0310325411918984 0.0983587730411719 0.143159696662848 0.0140000136318133
-0.0606681687095386 0.1594630327678 0.104162449216249 0.0454521953376682
-0.206013306841545 0.0996580601089289 0.0682261589381899 0.0387100965932828
-0.262217759217109 -0.0517054411576047 0.0325011715070615 0.0212351667749884
-0.251789981391235 -0.139060077354296 0.0172489998812266 -0.0110584629142555
-0.250743345583044 -0.11221240381058 0.0028570346777424 -0.0447035922471945
-0.239974553198066 -0.0077277860319175 -0.0408629393637772 -0.0899434525335699
-0.145877197190003 0.104731031258537 -0.0975485629255178 -0.135456260775424
-0.0612485688128356 0.116503845783696 -0.141171204257893 -0.133978138531513
-0.0231178910505917 0.105941405942978 -0.148535489121608 -0.0983843376196001
0.0197358910613518 0.119379372740294 -0.129349913486595 -0.0614149872473586
0.0441806230378963 0.0922613115488758 -0.118379409167387 -0.0470382978072459
0.0496187813143298 0.137481986977759 0.108700596834308 0.0125658880156781
0.0101662256518387 0.217143729040919 0.170656850819248 0.0329287639682723
-0.10351658194421 0.209884663241891 0.185097351834506 0.122340741883941
-0.233266496812735 0.124494139935292 0.0713939834209128 0.186841249591504
-0.259846080333397 -0.0579741751408274 -0.0888828091124635 0.119972790373694
-0.207724101454851 -0.185194514455668 -0.0978635261180382 0.00214502767115287
-0.174378229321412 -0.209755954454281 -0.0611198803343779 -0.0497903326416821
-0.236298098740112 -0.131162409875553 -0.080114589079993 -0.0527964513054578
-0.289788216048305 0.0718277699131313 -0.130005020097388 -0.0218766769081305
-0.145388933186789 0.318756003556133 -0.141985808164329 0.0273368231697872
0.196975159370776 0.330193712089735 -0.11035540073951 0.00364651332173952
0.338019620728872 0.0315368119778083 -0.104317393618711 -0.0133686658688682
0.170247301338512 -0.164732844808217 -0.0809272305275669 0.00475289999118145
0.0140498283089088 -0.0891910324637262 -0.0592310318461997 0.00369700610529914
0.00475541105050926 -0.00228658828991848 -0.0999067148475379 -0.0437115578566097
0.0474590437487304 0.135327649632797 0.0980425772414406 -0.040138494312607
-0.0130818088952095 0.207848054757345 0.19214152255622 0.0418821811038293
-0.121477874853739 0.154693754984229 0.10987846127548 0.208786249133014
-0.213283409759425 0.0266433677849907 -0.137776832947811 0.210416117473902
-0.169950632486775 -0.15655102369041 -0.286137623416058 -0.00200193625691717
-0.0826285425142001 -0.258892485866113 -0.187294207884888 -0.176487456434904
-0.0662575464731234 -0.24800865962159 -0.0893102763140858 -0.185825012788276
-0.183223838698018 -0.103649118222874 -0.169198406564873 -0.083458412863041
-0.229415758976581 0.185134772610518 -0.250390023662944 0.119335988734666
0.0224269812525182 0.410319226588411 -0.068887491597511 0.264945148643854
0.3851923358751 0.286569392260024 0.10516761476266 0.0655738038701793
0.457293946776554 -0.097573860746798 -0.017928864590327 -0.0588109663487968
0.207366792238054 -0.324639272973179 -0.0845042379635581 0.0689278311809703
-0.0190031660584465 -0.216274374401083 -0.00815316759145703 0.123225049968337
-0.0289945927713842 -0.0740559217539783 -0.0582525479916269 0.00856328607392154
0.0315531701637026 0.080110302130873 0.0870672265949463 -0.0885064505123595
-0.0159196886684277 0.113559839532447 0.173829380789727 0.0591791899567706
-0.0620722446589277 0.055927930864342 -0.0240932645068372 0.203020962091815
-0.0839488266300342 -0.00912318198250291 -0.25120498109172 0.0626656943705783
-0.0432597079085315 -0.0980475080355135 -0.27447136548169 -0.170121116677716
0.000938698965892393 -0.152764216931034 -0.143139026716367 -0.317620536155766
-0.0046449191533582 -0.162657123011485 -0.0649276265870583 -0.303375217524666
-0.103996201733885 -0.059979018735023 -0.229371328959417 -0.108738608429911
-0.114437337104731 0.15844831299001 -0.301308674941439 0.270719184554387
0.0943261049274158 0.254051648551952 0.0837283517602771 0.412786475817348
0.280916929748346 0.113889006853985 0.28090171752844 0.00137369648672891
0.268638345661648 -0.11132329770101 -0.0188955422535685 -0.155215346167611
0.109368016722615 -0.241459255395985 -0.140426533548541 0.112175695224774
-0.0346509183244007 -0.167489972067847 0.0253901743232334 0.236349120408751
-0.0327691525983693 -0.0746374771395061 -0.00952207041847306 0.0648799462440069
0.011474054216264 -0.00708040947338055 -0.0173596169650662 -0.0691793151192184
0.00789687786806929 0.000342935329306112 -0.0360060580150321 -0.268692767300708
0.00700832404008864 0.0128090828980488 0.170910961847329 -0.133583672705399
-0.0113262501116091 0.0102568248721429 0.0716337550445456 0.179893024216834
-0.0308658894776005 0.00650437062313674 -0.30455519316984 0.0682897672218303
-0.0214068752783826 -0.00687832936139494 -0.180534499650068 -0.409918763498304
-0.00102740445010516 -0.00933065711025475 0.274819687614209 -0.341932885185582
0.00476883892518033 0.00501866373857801 0.246507500022546 0.127674284054329
-0.00444486221078531 0.0252227163352331 0.0392356035508679 0.347924963323237
-0.00179090408172335 0.0238928989746529 0.0932770273248887 0.369801319418505
0.000842692298608162 0.00794631019617626 0.219142189132466 0.234893433748832
0.00864248550756104 -0.00971611958211693 0.258977935056765 0.0403820189413172
0.00550441412281056 -0.0172302180884852 0.0943602328829948 -0.165035272359827
0.0101859893267335 -0.0156919570981124 -0.159999682002524 -0.0733131123916715
0.0166541384022934 -0.0177738986022404 -0.0863749790900054 0.12158165822598
-0.0193225770721328 -0.0600911923756237 -0.0100809054397275 -0.0477597930473839
-0.0143649594801665 -0.155974750472437 -0.0437033573393123 -0.234789185902085
0.0981043859916701 -0.208198958111275 0.130733874731695 -0.140907362639561
0.232898534290914 -0.0904798858037156 0.0725289529060231 0.139506553209965
0.206761137813974 0.125302341497914 -0.264729550765219 0.0609220130034656
0.0443237086700925 0.223491908784065 -0.15290157864975 -0.370421681924155
-0.104492070100316 0.126046558423273 0.253385018660772 -0.301450838059126
-0.0857768685056009 -0.0484136675443731 0.231806523152203 0.118140503776843
-0.0073103849025323 -0.110371460344936 0.0434070160765465 0.319366383656913
-0.00416901189730293 -0.11354152302679 0.0965370113413599 0.355459259907061
-0.043289871600387 -0.0703719342985397 0.238974340701188 0.222300008448125
-0.0532975098802922 -0.0090955351909848 0.263639259914843 0.00304686991563977
-0.051464392882349 0.0359590108990316 0.0680176543313868 -0.181212864993298
0.00434446373050222 0.0747139099417793 -0.171426182211205 -0.0768087488879142
0.0435491507969454 0.061330764241482 -0.0921147955185895 0.115455633342465
-0.0295056024233879 -0.0674367395479126 0.0317380041658936 0.005385792564179
-0.0234111927549199 -0.218395581203278 -0.0215501780642928 -0.137206429781923
0.141693367555486 -0.333495357504467 0.065478994412773 -0.111080546940757
0.396599305215794 -0.161104598867768 0.055645948132691 0.0474060834629307
0.365571377591834 0.217864073289538 -0.13989570138484 -0.00306582083248172
0.0552869290454642 0.3765670733895 -0.0270871493836645 -0.264985831908002
-0.199364099953968 0.188174137443708 0.217110102452046 -0.169365249868758
-0.16806672669216 -0.0946762097469422 0.1842420519107 0.0871379129752033
-0.0444449019159931 -0.217596557364331 0.0737615467981531 0.216407394035743
-0.0468712962513736 -0.251691097676089 0.135528018812987 0.249629651663666
-0.139710870910143 -0.177802656198046 0.277276560803086 0.100583192880158
-0.186333117166121 -0.0123833293717242 0.220455769446507 -0.145854085057834
-0.139648474466275 0.124834683294411 -0.0418474158597358 -0.228147617232296
-0.00467878653487963 0.175291042307695 -0.193752112844815 -0.0725344412880456
0.0616895035517937 0.121803711872918 -0.102038341418835 0.0752269145648633
-0.0056997640901767 -0.0108487395250704 0.0788596748070294 0.0484410157041754
0.000898961289346719 -0.123565771909206 0.0326144403938435 -0.032556009311584
0.117385682929805 -0.231524542853376 0.0481075052779793 -0.0590199122561815
0.338392114125102 -0.0814078790311972 0.0790382775194804 -0.0406168034859245
0.271492110447265 0.255683018121667 0.0426272795097547 -0.0422467144309918
-0.0538551547265897 0.349029113371039 0.0957036697442834 -0.099282773264621
-0.263115082694914 0.121126515422082 0.14068589096723 -0.0312310342825964
-0.227989169384019 -0.124197796645066 0.107184686528579 0.0393676610465441
-0.139111517663917 -0.227356173175461 0.076122112569314 0.0657495317823224
-0.161265993842868 -0.256530796422411 0.10527324256983 0.0431115270172959
-0.253521085735769 -0.155669130863276 0.14468963452069 -0.0948577856633345
-0.277733787081424 0.0503938337840543 0.0280777949502401 -0.238688299122942
-0.165110027656305 0.202291470924283 -0.152684071238361 -0.202685585976581
0.00364085098273139 0.220653486618247 -0.183946028277013 -0.0695652007254703
0.0652793499954144 0.139885316392295 -0.113355069199541 0.00843784733370931
0.0307751950492143 0.0771918739972281 0.104359230815042 0.0472041606861918
0.026698502856588 0.074935661657207 0.103745921798664 0.0211477245263559
0.0149329691255545 0.0462723303842554 0.121795173484066 0.0109000187439257
0.031235979373929 0.0960880772608419 0.13893065051624 0.0118910016297626
-0.0570853575448742 0.156312155103114 0.101746999300899 0.0417484476874719
-0.19921322799358 0.0998396090378353 0.06639552271131 0.0357392983897015
-0.255611043462741 -0.0459420598604152 0.0319836766622298 0.0205930243341471
-0.246778059728899 -0.13275517197676 0.015845380113205 -0.0113517245716469
-0.245069156116622 -0.107149679937416 0.00353387364493092 -0.0435781925755484
-0.235350582373896 -0.00388203481480103 -0.0408992539284845 -0.0860023449236082
-0.141094071495419 0.102702316456263 -0.0964841394167324 -0.130211083503172
-0.0580475238350916 0.114760185221149 -0.139438145711916 -0.128268253388991
-0.0200776437299442 0.104903646249622 -0.147800445744523 -0.0953979749352906
0.022485060944657 0.11717794814857 -0.127249558767479 -0.0587611317583676
0.0452962737288994 0.0897882016522176 -0.114559797928325 -0.0428125660263961
0.0519161068858374 0.13419541617094 0.104871792601687 0.0100517417062415
0.0171690565388694 0.21287910479528 0.165630295543149 0.0299389748645503
-0.0972624764993931 0.205625671995309 0.182247096434626 0.116909739544697
-0.226168296492194 0.124997389831773 0.0715666095961648 0.180014214989932
-0.254529386515451 -0.0539195782488033 -0.0858349712972152 0.117390865581757
-0.205238377030724 -0.180633253949606 -0.0958095076582075 0.00150520397989448
-0.171182146047525 -0.202570624123514 -0.0603327390689357 -0.0482774103038223
-0.230366911120737 -0.124567281165428 -0.0784087864158335 -0.0499904069688529
-0.281401236256189 0.0735451773009852 -0.126750815952656 -0.0196356852503771
-0.137306261460238 0.313438306459472 -0.139243694660768 0.0284754578560653
0.198082656477993 0.319785348042244 -0.107297135269329 0.00632712353946342
0.329131509494557 0.0255037354565232 -0.102052870980215 -0.0125546575501601
0.16418367117881 -0.162879229664741 -0.0796640231605142 0.00494654840563861
0.0141580864751261 -0.0863474038205135 -0.0571639163194688 0.00241767272987233
0.00593243110591984 -0.00126825949877521 -0.0967235477748292 -0.0405206790239755
0.048487826623056 0.130370484195289 0.0940488913869804 -0.0428701499020517
-0.00731526629626056 0.20220726895162 0.18795692010533 0.038858602988309
-0.115779695335952 0.152592414890336 0.10919667562973 0.201501606051959
-0.206475107849899 0.0292129904141471 -0.132126619413609 0.205901381650922
-0.166169700561201 -0.151303253391028 -0.278826143453226 0.00270517112978303
-0.0838405786819348 -0.25269575125123 -0.185640689001603 -0.16969482915706
-0.0677361714723769 -0.241545757056374 -0.0894304129723325 -0.181540331034357
-0.17985928752546 -0.0991946615244506 -0.164626686026514 -0.0791935066484696
-0.221430469826194 0.183593374799453 -0.241774878424762 0.121553715368389
0.0288680685900954 0.401184694510305 -0.064369194387506 0.259957234244311
0.381574246073487 0.275340336255213 0.102483707441192 0.0626894218011063
0.445786747023973 -0.102660549664873 -0.0196798900090085 -0.0583738051612537
0.197997347718745 -0.320904758478217 -0.0819307093656525 0.0680997523207097
-0.0206086116347397 -0.209790726328645 -0.0058761264550788 0.120750637171099
-0.0289868365730164 -0.0721674527356726 -0.0563611451034082 0.00874892938954329
0.0332307143043754 0.0775167218410819 0.0824915900435323 -0.0876611524638362
-0.0125328521075107 0.110636362867736 0.169003109622942 0.0555230966345739
-0.0578274750954161 0.0557942785782712 -0.020847159330185 0.197838689816184
-0.0810385927389983 -0.00758212947449376 -0.243752581899161 0.0637429575566392
-0.0428293382232963 -0.0945977532337934 -0.268480242008033 -0.160550122379747
0.000964405914732212 -0.147753720003793 -0.144164235212958 -0.30791826720971
-0.00490249545799331 -0.158236222692994 -0.065986071601938 -0.296530380795655
-0.1002697689787 -0.0584558328712928 -0.224913083548103 -0.102487539034384
-0.108477055089812 0.156140103635273 -0.289571150317914 0.269221178479109
0.0961961097814912 0.247380852596547 0.0868446634123448 0.402186836174678
0.276283201434062 0.105864541078852 0.271856837677019 -0.00298011801615681
0.262244947355725 -0.110526248797539 -0.0220232251002545 -0.151509423420122
0.10324135147656 -0.237183397390273 -0.135892818824968 0.112225799732751
-0.0356100863401453 -0.163213226418693 0.0304077837290193 0.231039688971849
-0.032785750856248 -0.0725268872072087 -0.00887773545355749 0.0631926479854121
0.0102150850786161 -0.00860489640547835 -0.0173158551947323 -0.0672673268302587
0.0076655741140563 0.000881994440497133 -0.0364249138828557 -0.264657726802402
0.00700796772778176 0.0112486628922744 0.169419057632007 -0.133455083414262
-0.0103435592090047 0.00983613688150909 0.0705791420942578 0.177298757958953
-0.0301184047756241 0.0054676417890394 -0.297931070519191 0.0687002929424541
-0.0199569842374123 -0.00709291207920444 -0.179428834742529 -0.405806945710894
-0.000275457381885824 -0.00963384149060951 0.269309786401537 -0.339318053959655
0.00443072663712057 0.00506823786610362 0.242250998997558 0.126042702008897
-0.0045330795220531 0.0252593491936526 0.0384679812606139 0.344214103825706
-0.00178221169806264 0.0226527691990392 0.0921748062426157 0.364967254079804
0.000804129490305274 0.00752173144777739 0.214447978702125 0.231580081054827
0.00884922341152248 -0.00986465469735182 0.254002172535997 0.041436237348608
0.00460812608729949 -0.0176320205153682 0.0933227053375028 -0.161012322739267
0.0100001557701809 -0.0162298799674749 -0.157568877461793 -0.072526091971
0.0159457950431455 -0.0182363733976977 -0.0848326661747909 0.120214210758476
-0.0201070612845234 -0.059820060093272 -0.0104006528799954 -0.0455815265327534
-0.0150167738067279 -0.152917504744877 -0.0438480407831814 -0.23113836717342
0.0963810501264376 -0.206392561860522 0.129424754946072 -0.141238071697809
0.230916413576157 -0.0894542171451102 0.072873393777349 0.137487483278053
0.204182675766542 0.123772902547521 -0.259707065812396 0.0607312361808694
0.0451291155593447 0.221238001886825 -0.151030901851839 -0.365363515355179
-0.101954268107385 0.125318697564521 0.24899780873247 -0.297692194018416
-0.084846847220217 -0.0478509204093032 0.228082498571135 0.115859680145731
-0.00631211209969753 -0.109359555041693 0.0424061621393892 0.315744784939246
-0.00375873418838673 -0.110326757282088 0.0966126468726595 0.351470813320627
-0.0430340032628055 -0.0691557738350748 0.235485705088138 0.217859530328897
-0.0511278632805406 -0.00902751661291045 0.259329401915972 0.00302078338096518
-0.0502264994803164 0.0355018941436072 0.0681385273053365 -0.178801480074254
0.00504621565000668 0.0731327097770298 -0.169266327625863 -0.076393973460038
0.0432744218562187 0.0598320675526335 -0.089388040277265 0.114083868986753
-0.0288215844861579 -0.0661081638483806 0.0311278474684392 0.00633288909183842
-0.0237188256234333 -0.214617626797322 -0.0211195766462136 -0.134724711818173
0.138158351265771 -0.331403339861635 0.0651860535691212 -0.110777012922953
0.392725568910675 -0.159734178220933 0.0561458379352839 0.0454335278238412
0.362246459340064 0.214697850126868 -0.135783965325356 -0.00213480225914003
0.054713932804952 0.37376123910771 -0.0273128623934715 -0.262624772792087
-0.19628811382138 0.1860247794537 0.212517526167523 -0.169280450072419
-0.165870847252371 -0.0931278252368151 0.180394670104051 0.0850536780535912
-0.0430523174426533 -0.215476719958267 0.0711403196743769 0.213659018777784
-0.0455349531365699 -0.246422636852781 0.134203197918969 0.247223903718304
-0.138111514982003 -0.173938132182593 0.273759878245321 0.0992659251548759
-0.181337383746543 -0.0123500676025375 0.217840574559598 -0.14309529474412
-0.137328117779801 0.122513772525025 -0.0402635407746614 -0.22523929714467
-0.0039290383591683 0.171477514781082 -0.192589199784397 -0.0714874480485286
0.0607269052720524 0.121581075552783 -0.0986243954169299 0.0729067744308946
-0.00512017521843345 -0.00926991933044727 0.0777160866335921 0.0478807369821985
0.00146530653117151 -0.121924051687076 0.03293596022149 -0.0305257522330482
0.115224798394018 -0.229378447518956 0.0474982041107039 -0.0576287226442468
0.334181351357364 -0.081700365750659 0.0789000584038706 -0.0405310493887395
0.269091013856565 0.252993365584429 0.0432843821388793 -0.0409382071490145
-0.0524235174956848 0.346135208816468 0.0940190812607996 -0.0989852000640536
-0.258159595596865 0.119807776083137 0.138444109809766 -0.0322066787920992
-0.223646219259002 -0.121196959567681 0.106249141450507 0.0387259816506538
-0.135365259662459 -0.225340509766964 0.0749902523002998 0.0644790812415991
-0.158822084836502 -0.252906970718984 0.104217026339823 0.0440313606805082
-0.250135019112228 -0.153146051661776 0.143478585101287 -0.0924906779750412
-0.274104895215099 0.0484567443918667 0.028324142384539 -0.233942728081586
-0.162282472451421 0.200027966695094 -0.150804047352422 -0.200426359800401
0.00494912564184989 0.217523716159339 -0.181137229792239 -0.0696747749657539
0.064031193947496 0.137565924286164 -0.109586399600914 0.00798364008693825
0.0318727734172733 0.077146573704897 0.102619350028902 0.0459992098826681
0.0286927195014294 0.0742001654629024 0.103138561176075 0.0230689005026483
0.0150923326729638 0.0460072166153415 0.120563578467636 0.010659085166329
0.0300520029425469 0.0952657164946516 0.136850302206975 0.0110891985080113
-0.0557077319542555 0.155029844379133 0.100567695439661 0.0408276925322488
-0.196847065123987 0.0981702163821516 0.0644734745883888 0.0345365788896735
-0.250782096584827 -0.0475506230324613 0.0314612220235816 0.0195264450294648
-0.24255525352197 -0.129768902574764 0.0156774658204633 -0.0113223817651233
-0.240630349512405 -0.105947393064595 0.00341270954795497 -0.0432609564264395
-0.230863801155433 -0.00359911337483549 -0.0403066292559384 -0.0840124454715166
-0.1386118544337 0.101435168120689 -0.0942848901587272 -0.126208074109891
-0.0586959119528703 0.112253501390951 -0.136519988516032 -0.126987837587141
-0.0189133867555523 0.104369834341868 -0.145724846450267 -0.0948377974852206
0.0237348170117104 0.116415186381033 -0.124723990964304 -0.0588407839798748
0.0454428534198089 0.090454506985047 -0.112424161989257 -0.0422214736195162
0.0526616685146836 0.133604373673065 0.102944636377194 0.00819838943545493
0.0192850606137401 0.209652652805712 0.164163698594082 0.0308976224776341
-0.0946237560644146 0.204332791672769 0.180457260529802 0.113875798099595
-0.223821842314924 0.124241147696471 0.069030998113377 0.177547411535175
-0.249588863176758 -0.0533216763674796 -0.0860211047132853 0.114565792352704
-0.202294279269476 -0.179470711363574 -0.095668566486472 -0.000200224466356123
-0.169256430641645 -0.201786303689743 -0.0597536421632743 -0.0480462942016337
-0.225978076822538 -0.123798633862574 -0.0769337958177142 -0.0506133848921989
-0.276166027850787 0.0724371683321159 -0.124341908198815 -0.0194983313409657
-0.134206925812338 0.310515043667781 -0.138553578145609 0.0290994569259648
0.196181277089893 0.315136043012321 -0.106796669159773 0.00681650580971481
0.32550131515643 0.0251098630796181 -0.10092980668851 -0.0132035406907822
0.162143920925067 -0.161841985684739 -0.0793481458690845 0.00362731486255065
0.0145344660341179 -0.0845475196613893 -0.0565448154156006 0.00271332179982374
0.00568586304872013 -0.000735935847456451 -0.0957752516752215 -0.0397775299179711
0.0488857847522326 0.129511899706027 0.0909301059599267 -0.0429756619086599
-0.00537278509520374 0.198039453715815 0.184734013921358 0.0374884813611575
-0.112564747558147 0.151303071128003 0.107397591371968 0.198537245127637
-0.203584593218272 0.0302677200347227 -0.130863979677596 0.202734852311279
-0.164154985041757 -0.14919364203968 -0.275183149404488 0.00205123874661906
-0.081224796154035 -0.249003010450887 -0.182496083266999 -0.170465179414947
-0.0655372963650501 -0.238438588016618 -0.0882217018736862 -0.179872909749453
-0.175918852853606 -0.097715714169981 -0.162363558113247 -0.077336960253756
-0.217883117987667 0.181115465456331 -0.237906039393107 0.121185466500529
0.0299438807620368 0.397910995475116 -0.0637005361165063 0.256946932127109
0.378718912305834 0.270664243442312 0.100152399853525 0.0614355389610579
0.441150407418973 -0.103092221368048 -0.021053207324051 -0.0583995623667021
0.194990845864496 -0.31707259823589 -0.0818322988895492 0.0666934350886493
-0.0195624373702342 -0.206510781399275 -0.00620128468224081 0.119043860770857
-0.0279347703224268 -0.0709505079299321 -0.055452521361867 0.00925334159863444
0.032543147313973 0.0761144666255721 0.0796268587876873 -0.0874444499002006
-0.0108324035395133 0.108541112700511 0.165242803532233 0.0553195983121415
-0.0551297320930147 0.0547182477987903 -0.0213373032951273 0.19522124921599
-0.0785219441246169 -0.0071431487270714 -0.239707655812053 0.0625991716951452
-0.0418363266375039 -0.0936709660060272 -0.264052809154273 -0.158287564655241
0.00199882695773795 -0.145383885669084 -0.141827665975266 -0.305538187103465
-0.00418466112548406 -0.155623862878201 -0.0663259706026565 -0.29462192318889
-0.0989907440743985 -0.0577307026927917 -0.22025326765334 -0.100346897222233
-0.106757632158181 0.155083502992993 -0.285377461407896 0.26776126422439
0.0969795801150853 0.245197605203874 0.0842587943792933 0.396638041434392
0.274081641128277 0.10376162177358 0.267143287178849 -0.00320373355685795
0.259574552119664 -0.110146818075368 -0.0233480003399762 -0.150391677097208
0.102001048319001 -0.235457673070601 -0.135603350878959 0.111383994996017
-0.0359515951413417 -0.160764110867811 0.0302456132063803 0.227478080835148
-0.0321419064242326 -0.0704018045587318 -0.00924241069209237 0.0620360229454784
0.00994288848322095 -0.00950944165549213 -0.0167752253086689 -0.0670530710237131
0.00781556010386008 3.19897471959592E-05 -0.0391854478020905 -0.267409322261187
0.00720593682351378 0.0117736705965755 0.170643421259694 -0.13756591158153
-0.0101309816811644 0.010596818734786 0.0731568285869215 0.177597829824769
-0.0313870425755601 0.00528422556017177 -0.297149642380312 0.0710002594297625
-0.020954801704175 -0.00782746289600875 -0.181753378239187 -0.40780801020797
-0.00131395740521548 -0.00984287810232634 0.268228687653878 -0.342015874109893
0.0038063741063433 0.00437030799080787 0.242597786830414 0.127185692611326
-0.0042311093646353 0.0254949450782783 0.0387422906713365 0.346846133389154
-0.00124506681681818 0.0230325350883348 0.0942017862351963 0.366200612091886
0.00139328932841203 0.00816527047934004 0.213622187590251 0.229260191487184
0.00912188311953065 -0.0100258089001427 0.253948894327019 0.0417280642984246
0.00359273474464718 -0.0177928389006604 0.0929958328592343 -0.161313433071779
0.0100573927892038 -0.0157568813357179 -0.157906154184968 -0.0735653695260896
0.0166272868315121 -0.0189988691530441 -0.0839661653825989 0.121404436714186
-0.0202952927196426 -0.0594721311280759 -0.00943843964035891 -0.0444259218711733
-0.0162963993900082 -0.154657195796814 -0.0451262863403932 -0.23328624271166
0.0952419845032778 -0.208319480366911 0.130085563844966 -0.144285013266357
0.232101067462761 -0.091518211254533 0.0755126663931924 0.136879886247621
0.2053338622262 0.124102505477378 -0.257768712696727 0.0631748427993706
0.0457575316788338 0.223120554003348 -0.154208860504669 -0.369383248160095
-0.102361824187345 0.12475948536148 0.249098381533334 -0.303334698415783
-0.0849536436016496 -0.0485772626031758 0.228318908786022 0.115700941101819
-0.00641562447579535 -0.109855158980962 0.0419789183971445 0.31661304107678
-0.00419888127381519 -0.109820343987778 0.0973147913610432 0.352298202794583
-0.0434863269006494 -0.067308012237255 0.235584752670929 0.216253896480952
-0.0503513546344728 -0.00753756204959675 0.258838197013793 0.00273225908955455
-0.0503026817471759 0.0359169806433985 0.0675029578994651 -0.179267503476054
0.0050923645391122 0.0727317347203063 -0.168824739800337 -0.0768640437803511
0.0431887422448704 0.0600635626548595 -0.0875018846278489 0.11555572268345
-0.0300500299006316 -0.0654291943174304 0.0323600864954163 0.00753681573017325
-0.0243422804325966 -0.217731775910175 -0.0227278326912791 -0.135044144319421
0.137038125770637 -0.333767309787702 0.065298309378388 -0.112021711468378
0.39335321184638 -0.162549514569426 0.0579351230879304 0.0451667090518888
0.364221882372664 0.21572602269946 -0.13390362764253 -1.29457964024328E-05
0.0567850899537481 0.376925280172531 -0.0285255324413656 -0.264946448052248
-0.195644441933518 0.188248988755141 0.212684175436414 -0.17079975272615
-0.166389030985222 -0.0942329478830609 0.1790856110613 0.0843416340709426
-0.0426479205449139 -0.21610581296207 0.0712516230377031 0.21390848821374
-0.0462702887339257 -0.246563711903677 0.136927929561516 0.248621206666229
-0.139075472064392 -0.173961851042703 0.276244787907755 0.0986146147021204
-0.182202756179219 -0.0112566999656745 0.216506720448334 -0.143442652040247
-0.136267379174939 0.123882330800345 -0.0413064715187099 -0.225851256953444
-0.00264547735023555 0.172122502641857 -0.193381882897638 -0.071761643577832
0.0609809201235698 0.122673851399731 -0.0971543333482214 0.073720426003867
-0.00426032030897448 -0.00820210780146519 0.0782207851947575 0.0482247456670143
0.00155769234315857 -0.122688889208353 0.0327136672340254 -0.0296748150063565
0.113877061558376 -0.230640030240234 0.04777561694597 -0.0574979043923331
0.335898444304167 -0.0843208195851324 0.0792267901838016 -0.0414316216784246
0.271901466496939 0.253834240647279 0.0444256371909541 -0.0407616061165358
-0.0514429467561615 0.348976897194403 0.0940331850114698 -0.100217076431672
-0.258315108155211 0.119903238791891 0.138803925155054 -0.0326968777962448
-0.223135613186708 -0.121571818530474 0.104804187017382 0.0381074358556321
-0.135176433325284 -0.22547130539464 0.0739546484041586 0.0642233227377197
-0.159870134918413 -0.252983848435119 0.104609745879702 0.0457021876295833
-0.252235997928691 -0.15285914977118 0.145319861203135 -0.0923780520348885
-0.27383973746495 0.0490267304968465 0.028678140190198 -0.233706071989654
-0.16030517940322 0.201794865813934 -0.152398034187835 -0.200145618165111
0.00643090948033461 0.218226092904955 -0.181761688196321 -0.0692467645431918
0.0650643324021299 0.138998367732668 -0.108918680173106 0.00874234059058496
0.0345050400854878 0.0790999383471645 0.102531132542171 0.0457120693434123
0.0313213448068286 0.0749734920409171 0.104913011189001 0.023475796740629
0.0163321807531888 0.0472086257223287 0.120942293575712 0.0119355877647974
0.0306857288550725 0.0954536360808595 0.136336941957809 0.0103050100916058
-0.0541431229182335 0.154468619756512 0.0998887713661673 0.04064513356541
-0.196730842676772 0.0996480696416294 0.0631601092485433 0.0331293984635041
-0.250985364929682 -0.0473554650641155 0.0311514949669926 0.0184588490579226
-0.242682349337896 -0.131094001315236 0.015739542013875 -0.0122384770458937
-0.240827690264678 -0.106416289911654 0.00369651306446494 -0.0438508881437319
-0.230781267915799 -0.00260308028267983 -0.041008860414621 -0.0833579782905333
-0.138812105150754 0.101810925608535 -0.0945028556389404 -0.125605631435862
-0.0582837792726027 0.112674434274858 -0.137423049845086 -0.126605021772422
-0.0180576338046273 0.10558655754623 -0.147690157488855 -0.0959457051543738
0.0253960490689447 0.117849799222425 -0.125612552013662 -0.059382960037532
0.0467696229007243 0.0917017199386192 -0.112739511609587 -0.0421789742906451
0.0543657399522659 0.133928613225929 0.101864304366712 0.00711721955791369
0.022733816260616 0.209399956966651 0.165028811215428 0.0303826623847926
-0.0945677008958939 0.207004518642159 0.180404876768404 0.112876576549958
-0.224965095087101 0.125733319937303 0.0681030739229848 0.177316142056828
-0.250346162739861 -0.053384570635571 -0.087281034007803 0.1142752616417
-0.201874418681364 -0.179290790219342 -0.0969044175063263 -0.00146797451046628
-0.169867946086298 -0.202847928527343 -0.0594102094642969 -0.0489730049496247
-0.226016516112674 -0.124701949548513 -0.0774694924083825 -0.049857617000154
-0.276694569136917 0.0737348474467584 -0.123212592845893 -0.0188736725562993
-0.132407433934012 0.313346061237332 -0.139126547926313 0.0297582063866942
0.199021461968632 0.316572579908884 -0.107530163945494 0.0068748282596932
0.327217618511116 0.0225320673927318 -0.102006001075411 -0.0134518885988533
0.163383461278858 -0.16241887039534 -0.0807807369518157 0.00301007485603038
0.0155937443329843 -0.0839854007786424 -0.0569589347102415 0.00169480749800847
0.00597552058265871 -0.000377795182029859 -0.0950925792903911 -0.0396981511863702
0.050078121127285 0.130667507769699 0.0897916486112637 -0.0447255036601942
-0.0022786560152884 0.198439863658615 0.18507317519872 0.0374675513683443
-0.111098477610944 0.152725281747334 0.10832429607155 0.198322957381789
-0.203814275276667 0.0304459120118142 -0.130759068730252 0.20253459681949
-0.164811872799238 -0.150291684725001 -0.276703621712854 0.00252636704355737
-0.0818551694047587 -0.250049064301173 -0.18428693559522 -0.172613806229152
-0.0658116192646201 -0.2391297974118 -0.0885894686346061 -0.181171968324474
-0.175360661370942 -0.0983791711446369 -0.161394473667503 -0.0771554425628893
-0.217025090967328 0.182591426997677 -0.23817931935409 0.123226043465319
0.0319450286254652 0.398916611530131 -0.0644286829011732 0.258824989338764
0.381419354098361 0.270592508292677 0.099546133729504 0.0610763850056579
0.443526488612772 -0.103483265600689 -0.02194727533299 -0.0593693245631939
0.195237612993459 -0.320562602123537 -0.0833540579658473 0.0673060042845446
-0.0198307235720841 -0.207206647073596 -0.00510970977061191 0.118463036915831
-0.0281038078017707 -0.0697142266173074 -0.0560013921896898 0.0089237590397267
0.0320185796673604 0.0767135696134416 0.0777942910071109 -0.0896542663202586
-0.0100985549744551 0.108548026666134 0.164840248604245 0.0544259070099551
-0.0541752460278952 0.0550233800918198 -0.0199458804381737 0.195336358796852
-0.0781996839311971 -0.00553204575642775 -0.239490502160995 0.0622538894646614
-0.0426659835773621 -0.0934857348967903 -0.262565291223589 -0.158273867827352
0.00179819157615745 -0.145409322959955 -0.143975561775919 -0.307003179570002
-0.00322877288857918 -0.155485223663465 -0.0670721306414486 -0.296177076829458
-0.0988946735769455 -0.0590347957367687 -0.219260050734245 -0.100222388075137
-0.106850849099414 0.155958366257755 -0.284669328816628 0.271323620485382
0.099112152564039 0.247067684422175 0.0872597995163061 0.398810984309775
0.275261361163795 0.104656675130523 0.267235360540467 -0.00515802153339281
0.261032428796386 -0.112410540724779 -0.0264802845562597 -0.151104744694008
0.100877268381821 -0.238876385853278 -0.13635569151222 0.112967023074258
-0.0360059615857652 -0.160765076808203 0.0315889511958644 0.229175926966023
-0.0323426042354663 -0.0710324978852972 -0.00910452083627438 0.0618727351686027
0.0106466857937088 -0.0092115105828863 0.000278175283820529 -0.0667739807610282
0.00669076299839314 -0.00677687722475267 0.0234992888096802 -0.263869343504257
0.00857217272960234 0.00796272441483442 0.196081867011908 -0.0955070624922759
-0.0103845163377667 0.0109727682673911 0.0312891826160728 0.188041193959409
-0.0347160945611935 -8.41451722407519E-05 -0.304865838203662 0.00231988758400843
-0.0195385927094214 -0.0145961176853906 -0.0880734786390626 -0.437210190211727
6.18158731736512E-05 -0.0103550608575821 0.335460302345475 -0.278408325724058
0.000938385728357111 0.00438249866855771 0.211591199593671 0.177556462808416
-0.0105995827329084 0.0204398718133675 -0.0342734575313088 0.353205230443913
-0.010042746788878 0.0178507319549729 0.0186089313571859 0.384376820830952
-0.00555073629207449 0.00567910992076922 0.164004820586224 0.273545756348316
0.00498626789357204 -0.00675375406076355 0.243959643184087 0.0958724857560657
0.00523377342835975 -0.0132203864911636 0.126336680369475 -0.141383243592098
0.0161444086034727 -0.0134212330094501 -0.142731364419301 -0.106210677754118
0.0225917137651406 -0.019260773146701 -0.109410662483645 0.10532321624443
-0.00761773610026258 -0.0630560256172883 0.00040239354334205 -0.0441890735422004
0.0185570394884014 -0.16026741329323 0.00616847633543173 -0.236438672671339
0.142191368468913 -0.186044947220951 0.157813251204224 -0.116033362562907
0.247420453739147 -0.0350067419112516 0.0452553802399198 0.14380846249372
0.170589415971017 0.167869177660128 -0.257088475408472 0.00448871763430941
-0.00428386647694299 0.226994422164676 -0.0652063021484196 -0.391172770198347
-0.12685992735604 0.101696103042249 0.307441039305169 -0.238829395264491
-0.0757553798557714 -0.0675167483222227 0.198615599775671 0.162021816605066
0.0165677115889395 -0.114394816097846 -0.0246581862766669 0.323720669213309
0.014865429449037 -0.113573284610158 0.0256915021520562 0.370063138477256
-0.0356322787327606 -0.0782363616474203 0.189223473416154 0.265567857857863
-0.055181465363538 -0.0172812749140033 0.257867196319481 0.0590627795232054
-0.0588593025065654 0.030063708847619 0.105830296380155 -0.164520599647473
-0.0055336220298818 0.0735136181004246 -0.152254595929413 -0.111875726315171
0.0331751926930069 0.0659567774216798 -0.111830375730273 0.0971254303489942
-0.0128654208581601 -0.0679479023091916 0.027049175584294 0.0146139857884487
0.023927514131292 -0.219586785076943 0.00548048982987281 -0.138769991419903
0.207109962351084 -0.296609846955699 0.0865421400949392 -0.102053089887664
0.4199451964383 -0.069751145055505 0.0531036917706152 0.0487585780121745
0.308303533504363 0.291159622021661 -0.119184871170938 -0.0303611438664856
-0.0263044492695704 0.38060292258248 0.0354329811269672 -0.261475849281561
-0.232136228374616 0.143118562777484 0.24414932910445 -0.11961480618594
-0.145560594827491 -0.12961294314938 0.157966290571856 0.121462996174639
0.00245305269886147 -0.225575117072774 0.0249747390037236 0.226945671743385
0.00181469873560416 -0.25737836369432 0.0824274782218702 0.277331040317688
-0.108108404888042 -0.203379631980599 0.255202803224871 0.159310859882072
-0.183143485194897 -0.0453580930169531 0.24791278165127 -0.0950508227824276
-0.158898583962246 0.100489438720733 0.00766801432965462 -0.234098170158281
-0.0322063204270838 0.170634173888449 -0.176730774635628 -0.111970482757125
0.0386727846597843 0.133356005303212 -0.112246134026306 0.052657586058871
0.000299768947702739 -0.00498166008178678 0.062816138553244 0.0637396114456099
0.0307146121252008 -0.118657373885277 0.0359497334690759 -0.0226960441143355
0.161956819940186 -0.198381448509002 0.0578054195103461 -0.0493183459333835
0.345720411448532 -0.0081568834519453 0.0910942145405863 -0.0281484367171575
0.212170627755907 0.306712847621071 0.0607605696782622 -0.0280462097717681
-0.124328751552887 0.32969255875791 0.115415226401795 -0.0737502716497129
-0.27774294905259 0.0643252867454869 0.141371126403288 -0.000135942659969152
-0.194788464450111 -0.167906152392556 0.0946867181524951 0.0598552259788103
-0.086114415482691 -0.255076757772569 0.0581509804396373 0.0798619856251338
-0.10781065761608 -0.285872861530851 0.0941667904697573 0.0699829389539071
-0.222007005614817 -0.205822515413534 0.165550984766673 -0.0572478329841066
-0.286159574407558 -0.0035189460599797 0.0806187091352186 -0.225986991030292
-0.199227146336804 0.172605145528667 -0.107922023023303 -0.232305331038912
-0.0331753177615459 0.220107218799528 -0.167044735757806 -0.108155021318456
0.0402714997325274 0.152757298828279 -0.110551793452093 -0.0154961822572179
0.020720038303135 0.0868256743512248 0.0881613064926645 0.0680089173449835
0.0166636853059042 0.0800952463374823 0.0958571270123589 0.0489744917953468
0.00823038286914967 0.0502902500158149 0.113908045312629 0.0406928090776483
0.0101802233356952 0.0983973593491656 0.128094855220961 0.0419187507099451
-0.0852658048224666 0.139094593223816 0.0883407264854049 0.0639088483407492
-0.212021329847604 0.054307190455097 0.0517133521138088 0.0485652128059663
-0.235166434975324 -0.0997493543686285 0.0238595420941031 0.0252976709715617
-0.211022029133941 -0.18194280789048 0.0160141292160058 -0.00814343230978018
-0.215280874723995 -0.156808077220693 0.0120307068792997 -0.0417270200254741
-0.227236212809576 -0.0508631967304172 -0.022595702702594 -0.0883066297696057
-0.15720848030073 0.0736676374000657 -0.066677813712799 -0.144627592742997
-0.0781748715221218 0.103529897141663 -0.110215970696215 -0.155754253128059
-0.0358997188638465 0.104324372473038 -0.127731794063475 -0.127587099177633
0.00603416321675897 0.123754584920936 -0.112779651954948 -0.0864008484897961
0.0317281337270426 0.102693319809854 -0.10293374777825 -0.0665169060119815
0.0266125956145446 0.143935353922042 0.0979254257824237 0.0319162809785699
-0.0187987050707761 0.207857808641275 0.15410468933819 0.0715212253397511
-0.131192372949216 0.182086532116535 0.147761365231749 0.156888094413641
-0.24428547219086 0.0750851471540389 0.0201959944337486 0.190263676775726
-0.232609786451903 -0.106187358543537 -0.11573282252148 0.0911816902547017
-0.159911121520648 -0.218079737028674 -0.0993746114353544 -0.0248740327624957
-0.123782363023802 -0.234694419443853 -0.0494453908579774 -0.0621923774157332
-0.196214440740463 -0.170925707825043 -0.0655553450695419 -0.0657021564613745
-0.287515392500253 0.0142422435718917 -0.117734346444748 -0.0418122843705718
-0.196089553837059 0.284808528732148 -0.141235768521362 0.00176444342357274
0.136615993499561 0.361378773398265 -0.10767505609508 -0.018244906686299
0.327014905738207 0.0916298026259676 -0.101778487370363 -0.0390005405846395
0.199686582293654 -0.129825541024959 -0.0840177830128256 -0.0145497868854569
0.0351886261987975 -0.0797580037364486 -0.0575390452979102 -0.0102165986588092
0.00884560498332894 0.00320630197796604 -0.087283419885379 -0.059958310403924
0.0224845831399741 0.135452409882591 0.0973886331373385 -0.020675062028185
-0.0405047961329534 0.191973185940885 0.17014204395379 0.0827375608861926
-0.136628422434934 0.128681580327631 0.0584293457639271 0.22020794226515
-0.204960882325739 -0.0105194204731912 -0.176663041232222 0.166818447441182
-0.131151401831161 -0.18268143760962 -0.27306980796331 -0.0613627491071263
-0.0263700774414384 -0.262500127059365 -0.144656245395743 -0.211193442425347
-0.0139694718145004 -0.248448691363354 -0.0477407901042982 -0.200849292541325
-0.151819037325225 -0.134523189725568 -0.142195138664434 -0.109864156901282
-0.252365930646044 0.133037711209123 -0.259267474475569 0.074964719990577
-0.0544017508830184 0.403352135975128 -0.114681041026936 0.242937088890771
0.32454789197952 0.355358034763329 0.0864697005787856 0.0772508401978486
0.46915688475159 -0.0106850974049007 -0.014865430104958 -0.0695852246031149
0.265260110550075 -0.284470930655004 -0.100976689894884 0.0502995568537084
0.0216546422978875 -0.213236386181686 -0.029460052884712 0.119561382102737
-0.0135503690031226 -0.0748948690913223 -0.0573802271884114 -0.00155601285625799
0.0162294175153611 0.0784133850166678 0.0951613842594097 -0.0658533030419442
-0.0282712295266386 0.104901063875989 0.146437734498634 0.0929043991265099
-0.0632155014631438 0.0473928110732038 -0.0639290079902313 0.183763290041904
-0.0789142307040575 -0.0205933126442408 -0.244841823544988 0.00420920193347402
-0.0247646769953624 -0.101398172733408 -0.220633398878282 -0.213070949949888
0.0322934605622527 -0.141797343652509 -0.0730047766164273 -0.332725163608056
0.0293438580775635 -0.15376312333965 -0.000679971820532471 -0.307743188654564
-0.0837837510174917 -0.079702735835318 -0.193111988545065 -0.144645651191142
-0.138447305754968 0.129064211272593 -0.337969241320684 0.212296302299673
0.0421601735092645 0.263191692157658 0.00361498806463536 0.411933054190906
0.249504435665422 0.165379509954661 0.267907984029462 0.0464847285657429
0.287412892775919 -0.0528426653001069 0.0010905480006831 -0.15993634359638
0.153044581001138 -0.221235281838467 -0.163421825190643 0.0872310148634756
-0.0056230183295368 -0.173350105052329 -0.0135483510182056 0.238229679347097
-0.0190845462242204 -0.0773559070331404 -0.0221487722939045 0.0612316032003481
0.00981052974879359 -0.0103307277674071 -0.00128515325176727 -0.0662818211539648
0.00627964863134962 -0.00746995196992385 0.0151253285914242 -0.265710519926911
0.00887333957029514 0.00741378606225488 0.195926805026667 -0.102192287543253
-0.0109077748707455 0.0109085265095491 0.0369088804620031 0.187884391492657
-0.0362915594434613 -0.000183844964327794 -0.301074070346065 0.0112216305070753
-0.0193325057477627 -0.0148716067641831 -0.0982281176909604 -0.436852167766457
-4.40652961488514E-06 -0.0102042217896301 0.331171012576476 -0.284862035522004
-0.000127503664117355 0.00444694571693199 0.215730759495676 0.173648613779012
-0.0111827781827388 0.0207154046587578 -0.0273147203753984 0.354314763174223
-0.00959370803691549 0.0181712642349917 0.0276799627948129 0.382868615677491
-0.00580465183055344 0.00631944734181781 0.169528765924025 0.268417045246112
0.00389190220809955 -0.00822161092774783 0.244799007466368 0.0911034708368145
0.00395978920266779 -0.013864494282622 0.123578181088067 -0.142965005094214
0.0157149792072438 -0.0131904447478645 -0.143551440302481 -0.104142942958906
0.022451004997333 -0.0208589308605632 -0.106944982096121 0.108886450916659
-0.00923660941492016 -0.0623393936405236 0.000640666109119702 -0.0433938232748333
0.0126755474146888 -0.161858265869451 -0.000722644994643001 -0.237174929801976
0.136748984928545 -0.190277907487786 0.15624463807323 -0.121188613697227
0.246540501842917 -0.0422563004084693 0.0503910899716718 0.142623557747546
0.17389928007304 0.164586480306034 -0.254967076859773 0.0104574144056192
0.000128985109285374 0.227888994892027 -0.0749889519944532 -0.390850500588314
-0.126116460465947 0.104073346745427 0.301917766098702 -0.246695712509998
-0.0774215011937153 -0.0668372161781534 0.201575902694215 0.159273525586163
0.0133995482433629 -0.11487818095663 -0.0191287534109275 0.325795134996712
0.0123176319053065 -0.113848039127829 0.0342441536189338 0.369920020981695
-0.0367904508934414 -0.0759597953434156 0.194704314391232 0.260352747878289
-0.054503003698009 -0.0156816485379615 0.257991757652404 0.0530650059792087
-0.0579000150529878 0.0309568724622353 0.103587983775946 -0.167019185239675
-0.00386344348328917 0.0722050611639029 -0.154602647155657 -0.108986015192815
0.0345361934831634 0.0641993505572617 -0.107363976679067 0.0997412664728753
-0.0151663339213249 -0.066597500947409 0.0279727825961744 0.0152925265193983
0.0180842797924663 -0.220608041761598 0.00158738578789961 -0.13888611582381
0.199668123032187 -0.302731563681496 0.0851357440325221 -0.10437834762774
0.419250622137033 -0.0813085131868559 0.055616489840372 0.0463425368736864
0.315766566992064 0.283393516611591 -0.118435566624705 -0.0265752017208422
-0.0170887219587858 0.382264919353662 0.0293557866661782 -0.263171628428929
-0.228533910720426 0.14856917094198 0.24127642070627 -0.125992180073492
-0.148797592880791 -0.126025117979283 0.159652134212199 0.118083764586436
-0.00135495286464585 -0.226664943857625 0.0283795944114782 0.227227248489652
-0.00393727985878671 -0.255394941095518 0.0888061320323948 0.276062716886347
-0.113282635129742 -0.199507894711365 0.259744611562372 0.153620301352746
-0.183817259333494 -0.0408762419557389 0.24631823407298 -0.100215159285282
-0.155811943143133 0.104968105743931 0.00327291808970073 -0.23424605268808
-0.0281705576801308 0.169733712597119 -0.180170961507888 -0.109058097272213
0.0411896843635666 0.131759937685337 -0.108287779874632 0.0552610092361151
0.000707113375665133 -0.00297928444143553 0.064938490927317 0.0634038092422204
0.0262265443911747 -0.119186069353137 0.0352482045992755 -0.022562188613571
0.157553035186157 -0.202854521272464 0.0567034099353018 -0.0492884270947717
0.345899304404522 -0.0169079571086778 0.0902637811827912 -0.0305698781081245
0.219631197046235 0.301975372677908 0.0615404772032173 -0.0285367677584944
-0.116361926214739 0.33478684574562 0.113085352702311 -0.0768411635471934
-0.275990485282656 0.0701095624691416 0.140556358831385 -0.00417318682978606
-0.197789878409208 -0.164541652060382 0.0947102362310882 0.0575357588923436
-0.0913536717563276 -0.252630161857431 0.0595340284372432 0.0780542216835032
-0.112981367962937 -0.283467866909342 0.0959585639349125 0.0694017828468355
-0.22657685926725 -0.201496127533017 0.16526712900233 -0.0588561331163084
-0.285091740530454 0.0027763563007627 0.075555823088348 -0.226927075170615
-0.19411598933482 0.179110068586894 -0.114679065153392 -0.229373315076445
-0.0265583933807687 0.220510210288015 -0.170178780075417 -0.10526012209573
0.0435309191781418 0.153195545791621 -0.109559908052585 -0.0128682640842671
0.0233835890326381 0.0872403615186518 0.0890993742445674 0.0662810756649869
0.0187671410776218 0.0804705139642683 0.0965511300482946 0.0472815133822643
0.00978092372520409 0.0509624808040566 0.115054295029129 0.0385257657274503
0.011680142016628 0.0982123422597846 0.127849858914361 0.0385316411091932
-0.0812326647895247 0.14002014389919 0.0897008917906494 0.061080011480724
-0.210677967306996 0.0584431783136634 0.0518594380892496 0.046802420809795
-0.236362223357265 -0.0952973208001368 0.0244616510434153 0.0243182430094832
-0.212973643030197 -0.177128334132242 0.0159153919865591 -0.00784065313215797
-0.216698709873063 -0.152846317918973 0.0108551231619606 -0.0423894329575166
-0.227018097034085 -0.0460902658717145 -0.0251204011637226 -0.0864507325540024
-0.156222140833439 0.0769786390494648 -0.0695087040650634 -0.142023187436233
-0.0771960169742891 0.103382970323857 -0.113309122137905 -0.153086889899352
-0.0331875154324912 0.10505373101581 -0.131825508563788 -0.125135631894823
0.00991857127334694 0.12513475218592 -0.116093539940306 -0.0848455513665549
0.0348801153752771 0.10337179890753 -0.104309434134879 -0.0646285223663398
0.0323978857496561 0.143831231240607 0.0966436179454687 0.028577017577501
-0.0129264592685838 0.208416387003218 0.155157263773774 0.0682589737716678
-0.127002967992102 0.186823194846241 0.151605790170628 0.153176967687657
-0.243842265599062 0.0805114305253291 0.0238688441791106 0.188963014401768
-0.234577905668255 -0.101575439808945 -0.115155029378557 0.0930718215812453
-0.163946854446296 -0.215314884913839 -0.100900204822198 -0.0238406121892584
-0.127244508745785 -0.232852040249497 -0.0500807043609399 -0.0629083167092053
-0.199008832098657 -0.166902604808425 -0.0666976356769257 -0.0633270268785332
-0.28650362314565 0.0196461437561609 -0.118617511719855 -0.0398959299754433
-0.189525662719487 0.2896874572613 -0.141863463961966 0.00673516333023079
0.14554974666741 0.356519277655461 -0.109167906103606 -0.0159075397142825
0.330265429431928 0.0840846523233287 -0.102862593692537 -0.0373300772018274
0.196693745822614 -0.134519590859988 -0.0856861913358574 -0.0143229048217836
0.0335204838489396 -0.0814327402860369 -0.0576064086196372 -0.00921099416405856
0.00873618534759563 0.00365767206885368 -0.0876434725735969 -0.0580951603841799
0.025844640417975 0.135698183929814 0.0959413225989527 -0.0237819540921912
-0.0338455843606974 0.193299543275865 0.172117317842087 0.0785903954209863
-0.133085712311761 0.131489961802256 0.0629900486309385 0.217747354177593
-0.205590020037078 -0.00517822230035487 -0.172759350637045 0.171393630893867
-0.135596485029863 -0.179322060881824 -0.27513681743848 -0.0560386614530949
-0.0315560953538705 -0.261042403744605 -0.149502819815102 -0.21013104837148
-0.0179453327603902 -0.248053096876434 -0.0507300040009987 -0.200853111838572
-0.154671778328157 -0.131632050563389 -0.142571422325365 -0.107911022487918
-0.248667822797182 0.138375639336559 -0.255905920984721 0.0814283391462506
-0.0438267578846245 0.406380697249221 -0.109160633404241 0.246655231918048
0.33374871976195 0.347766886490827 0.0882178321357544 0.0753764233512507
0.469786397771679 -0.0209430435804596 -0.0179347509003581 -0.0705345285192235
0.258487725637703 -0.293043609671193 -0.101719030872971 0.0520546483724902
0.0165395749530702 -0.213983044777887 -0.0268711338640945 0.120340148762638
-0.0164532515796493 -0.0735334875846018 -0.0569067099360312 -0.000337534115851734
0.0173260091594742 0.0788985594770149 0.0931162530603836 -0.0698671939903803
-0.024834756205317 0.105665384360809 0.147498931325125 0.0895778021995889
-0.0614749238447032 0.0477178705450391 -0.0596714600799824 0.184417875448195
-0.0787101958635569 -0.0172258328230276 -0.24269970299456 0.0094026806971844
-0.0282478531239121 -0.100917748687572 -0.223944738183326 -0.207617621548278
0.0299649478040975 -0.141839245840953 -0.0799868280292619 -0.331780031906453
0.0264441806122271 -0.153345285896016 -0.00746963396366272 -0.307849890912544
-0.0862491701097673 -0.0768790738483902 -0.193850503368298 -0.140903834319723
-0.135831926893683 0.132357355274842 -0.331215448241903 0.220700906356889
0.0487854467404671 0.26334311528249 0.0137510269708602 0.412481718405668
0.254513522025078 0.160700893345428 0.267672598079207 0.0390024764335646
0.286557049697116 -0.0591255370123227 -0.00268874029458862 -0.161491045460398
0.14722012070356 -0.226132899560739 -0.161480071370723 0.0914143594491768
-0.00954617634423179 -0.173237172827191 -0.0064656969435863 0.238320935359027
-0.0211533482892913 -0.0758833548478971 -0.0199575063202263 0.0608399621313655
0.00834068832607259 -0.0102337566829403 -0.00170355560489741 -0.0654943242536609
0.00625744073649433 -0.0075167406979386 0.0107954028814987 -0.264641416076591
0.00830453698574169 0.00589730454638853 0.193728085084772 -0.107322315527929
-0.0106501768628677 0.0106439903805836 0.0411414184734835 0.186351124635444
-0.0369307254861862 -0.000155438946567226 -0.298529985206918 0.014760629835143
-0.0204635731138148 -0.0151089287648228 -0.102885468277443 -0.433095861124976
-0.00190890648839201 -0.0103361135880352 0.323830846042301 -0.287048976219618
-0.000515094959612675 0.00343905481288206 0.216870574928536 0.169889908200128
-0.0109141928613595 0.0206257543763997 -0.0236968911354884 0.354035450331744
-0.00858813287357264 0.0177180931535821 0.033110917553678 0.379366530796949
-0.00556217797804363 0.00578445876965107 0.170096283606665 0.262857606483869
0.00310283885668444 -0.0078924126332802 0.243154036884997 0.0883053220729522
0.00213842947881923 -0.0141431336917797 0.122802172048309 -0.142986943314791
0.0142770532169027 -0.0137789301482666 -0.143406820003129 -0.102430908808329
0.0213476783574004 -0.0222187524670664 -0.103483170190702 0.110942582491263
-0.0107862847130927 -0.0624790581375735 0.000879573212208418 -0.042937523635212
0.00909191495884375 -0.16167222357689 -0.00491743450788711 -0.236113930516893
0.132123535579586 -0.192178274489776 0.154615981420238 -0.125001731342169
0.24543694387559 -0.0460429036155922 0.0543790582335852 0.141186071952471
0.176093854375645 0.159831902803173 -0.24995948750788 0.0150968917448303
0.00299299698372724 0.226593770689522 -0.0797814347966316 -0.388544068113276
-0.125570919200364 0.106036738751491 0.29657608755782 -0.249203267081203
-0.0792253561844412 -0.0667012477001695 0.201498365589348 0.155192300455813
0.0121115764845241 -0.114790531558338 -0.0164700956058589 0.32383294263833
0.0107669994509971 -0.112340392554299 0.0396466227681528 0.368384053853219
-0.0384086605014284 -0.0740260970910274 0.195610992347278 0.254298377542197
-0.0539187161674776 -0.0145473645874745 0.255838735351058 0.0506162503617964
-0.0576057391988342 0.0315658496929865 0.101666870056436 -0.16689982632738
-0.00422871702577762 0.0713462989506658 -0.155212858124683 -0.106692571155409
0.0345151332999564 0.0622415490748779 -0.104180753509424 0.101394874391846
-0.0160887246964253 -0.0647196608957536 0.0296805025750802 0.0152924657116418
0.0133482602715528 -0.220889385565932 -0.0013838457976421 -0.137823356727388
0.191899326431081 -0.304819828610365 0.0839059323661322 -0.105842310405593
0.417376020625851 -0.0902397617389855 0.0564564784103656 0.044936752792246
0.318451780440161 0.277394040212286 -0.115200427022073 -0.0234704827920403
-0.0124744209862836 0.381858486413237 0.0246971014456981 -0.262474566214519
-0.225889892616667 0.151027037392947 0.237887969114085 -0.128032699602049
-0.148882403283587 -0.125518812813817 0.158602180647225 0.114723487780062
-0.0038551549959013 -0.225024297703401 0.0289821525612506 0.22619422626688
-0.00622143002856887 -0.253745787627631 0.0921968195471502 0.274838855155441
-0.115492067589417 -0.195802020511612 0.260234030779061 0.149189391540708
-0.182440507303948 -0.0379421355570558 0.243176808734984 -0.101566329820474
-0.152564384220109 0.106257669813428 -0.000603813362954081 -0.231652876833964
-0.0256064695642098 0.167880652102108 -0.180008620768991 -0.105150762780194
0.0412215262677734 0.131208952794962 -0.105395862574158 0.0565342727118948
0.00215132704020174 -0.00252392188494132 0.0654758878327713 0.0624473521289784
0.0237597615189374 -0.119641695763674 0.0332703870296254 -0.0222441592229153
0.151590184984084 -0.204555948790971 0.0563644571392063 -0.0490051476342895
0.343921600097942 -0.0234075199259892 0.0889999359062069 -0.0311699918902719
0.223760191456961 0.296461245912666 0.0619974595535929 -0.0298674290093051
-0.110478245580336 0.33598945601685 0.110287142971065 -0.0789022830420777
-0.272573863637734 0.0732467099030184 0.139853293807391 -0.00685844326579117
-0.197799691554518 -0.162346937269136 0.0950932202931128 0.0561602084901813
-0.0929162172894605 -0.250772930256313 0.0590018213111806 0.0772945439794499
-0.113749569404509 -0.280354280166184 0.0961319109238555 0.0702430230692478
-0.22810284643484 -0.196931178081803 0.164552927357656 -0.0595883244392718
-0.284119122734297 0.00604220536838056 0.0733566419213412 -0.224841091720216
-0.189549704012737 0.180835555842328 -0.118137073498512 -0.226313100168887
-0.0217465505317622 0.218831156585965 -0.171712548626434 -0.102358304191962
0.0460020751977374 0.15246130016381 -0.10786383783502 -0.011211857942301
0.0267162581349328 0.0874428734525761 0.088379922249463 0.0639366178622101
0.0210568886390425 0.0800657751640074 0.0958632767712555 0.0457643779061605
0.0107417687661999 0.0513828140496163 0.114740967060095 0.0383636027041075
0.0124056750903094 0.0980963169132366 0.12698673894669 0.0362988997679403
-0.0782225836560153 0.140765167289268 0.089268730300516 0.0592528735102974
-0.207739987267818 0.0611419934821564 0.0499668141043298 0.0446804448875243
-0.235407787755208 -0.0924508312931866 0.0242869100933517 0.0234145003292226
-0.215021946663504 -0.173432338801185 0.0162532469749749 -0.00893970678756975
-0.215079054019525 -0.149386056072445 0.00953730986794136 -0.0423341415654349
-0.225177193907934 -0.0433692079774246 -0.0255325635383405 -0.0838474830295247
-0.153192182755825 0.077522855790866 -0.0703143928798491 -0.138790654102685
-0.0747121607554004 0.103385581349884 -0.114085583626686 -0.149232638092572
-0.0305833634356759 0.105253393827196 -0.134114976467113 -0.123222357527449
0.0127289231001886 0.124308571969363 -0.116813930708101 -0.0826023516730223
0.037313039935908 0.103673143048327 -0.103607242531719 -0.0614636703212791
0.0353521509296834 0.143260459567849 0.0955722454890841 0.0266969715592033
-0.00893783149500691 0.208833847086514 0.154047760361149 0.0660104752563666
-0.122599488247452 0.188314715587897 0.15273052179686 0.150346678577085
-0.242804639197143 0.0853611135976922 0.0251737119698775 0.187756770688733
-0.233861472892932 -0.0981754414724292 -0.113307863571221 0.0929567010079978
-0.165335163142639 -0.213535982674078 -0.101551328486878 -0.0235708208315878
-0.129156503291858 -0.229584534300154 -0.0498710994050265 -0.0630715267360023
-0.199076304050664 -0.163910278832001 -0.0660089166262295 -0.0628382891913493
-0.284141560926036 0.02360969838194 -0.117837382944859 -0.0376435071545306
-0.182971964377065 0.29020404717161 -0.140809770310829 0.00942193852890027
0.151424934854353 0.352115094483873 -0.109422655447683 -0.0138873913858286
0.330106951907527 0.0782099616765761 -0.103104990392774 -0.0364511664735345
0.194623764431405 -0.138030806968621 -0.0855885555731437 -0.0137802249233861
0.032884665603982 -0.0799039601956419 -0.0569561359281847 -0.00920624533598719
0.00976756608893163 0.00566679025807598 -0.0872703227469969 -0.0572110396357663
0.0280037910817205 0.135689094298102 0.0937426393543144 -0.0264665742359452
-0.0293850921520436 0.191892588189431 0.172280988772292 0.0749403985670973
-0.129588644105755 0.133044001104678 0.0666358406877393 0.215465108598484
-0.204926237235902 -0.000936573609334471 -0.169083919458066 0.172333545366724
-0.136904965356956 -0.176102610782666 -0.273666489947231 -0.0519743788965321
-0.0352501226872946 -0.259448162339872 -0.151309039979125 -0.208054152643346
-0.0210856578617095 -0.246043155137946 -0.0524828034856873 -0.201158365086403
-0.154868892788632 -0.129494960478606 -0.1412232462355 -0.104614853595386
-0.245997768048135 0.140469545832734 -0.252385530443761 0.0856668035114385
-0.0382366736324064 0.405768903921564 -0.105322218122742 0.246903347418974
0.338745954945555 0.341385665338946 0.0889112129068499 0.0731726367940738
0.467390644671398 -0.0284740311819994 -0.0190443147937444 -0.0718360700061825
0.251472216462053 -0.296498456530469 -0.100442557777101 0.0525681559200358
0.0139319587501272 -0.212906081729601 -0.0235584219260442 0.119703698708636
-0.0173343377092812 -0.0713012494972105 -0.056073398863951 -0.00026709110755607
0.0180074861041747 0.0786895005987267 0.0913186730045688 -0.0720428549472537
-0.0221628494807434 0.104788677636765 0.14814692709012 0.0870176259086357
-0.0604274419066749 0.0483104211690891 -0.0558283283196518 0.182675698111486
-0.0774070301504438 -0.0149329221587122 -0.240407738309768 0.011694254679152
-0.0290850175004578 -0.0987190976177917 -0.222593753931582 -0.203242425889513
0.0273489044446587 -0.14165490313478 -0.0838132726562248 -0.329975103838389
0.0240781030745913 -0.151539880494132 -0.010866263058567 -0.308236688611286
-0.0875973206912193 -0.0769572608219041 -0.192084779362776 -0.137411095843876
-0.132909685334017 0.133554823124523 -0.325439952431087 0.22252157850077
0.0516432956560385 0.262293503388941 0.0195875885364642 0.41024340981149
0.255370561460487 0.156798857495522 0.267927011905577 0.0337014098204075
0.284554417038082 -0.0629003687613757 -0.00719823028038238 -0.161274747092134
0.142608273873072 -0.227494538149222 -0.159744109160813 0.0944797729454266
-0.0132678695622552 -0.171741858866742 -0.00117031662908004 0.238214217482726
-0.0237528314008736 -0.0734848101250814 -0.018995887758119 0.0601171040827287
0.00681632159670654 -0.0114885685179241 -0.00206653970096309 -0.0660607184495979
0.00513977520039716 -0.00786658561381933 0.00739818866829128 -0.266588285866743
0.00784385817999283 0.00566661227151996 0.192421965456842 -0.112582544241497
-0.0110294222041972 0.0101269988046654 0.0439000864696015 0.188084941903261
-0.0378810867553194 2.76385640518035E-05 -0.298929824708617 0.0166710765482977
-0.0209773369277936 -0.0156467510324755 -0.106202384857061 -0.43548788534767
-0.00232283049202416 -0.0104711663732515 0.323091353069344 -0.290259526491313
-0.00204259135325398 0.00402890714322359 0.217925365951066 0.169041182034259
-0.0112094931384023 0.0206309975542897 -0.0231708914641235 0.35458517608876
-0.0083305150562169 0.0171344964781676 0.0367217897616473 0.381681736989766
-0.00604141452517162 0.00602719466763643 0.170301633249717 0.261522687134665
0.00309569482666851 -0.00743846390529726 0.243385503433382 0.0880410662842213
0.000659390484589576 -0.0141929114420662 0.122045479486812 -0.143491640843333
0.013565221965599 -0.0138194375129336 -0.14352531896047 -0.102916573629223
0.0197471457106289 -0.0237246100190776 -0.102288435408064 0.112543996664734
-0.0122399865419418 -0.0629422472233972 0.000833676561590439 -0.0422318897080732
0.00607298509362866 -0.163549513269746 -0.00741010593676653 -0.236869008713923
0.129969416609645 -0.195012489757931 0.15451645306653 -0.128825725925667
0.245967956918582 -0.0490356157567472 0.0573700358925966 0.141313469672196
0.176276533126519 0.160077660325314 -0.249167170457632 0.0164796150829002
0.00407011196037705 0.22742301605208 -0.082841473595815 -0.389398253399446
-0.125457317796804 0.106228035107017 0.295911585575832 -0.252156622737566
-0.0815030441540179 -0.0672171990568138 0.202769023530653 0.155394496184299
0.011139775490872 -0.115070649914846 -0.0144432936176045 0.326188039972449
0.0107195739133453 -0.113045361042731 0.0426200971115987 0.368196792387815
-0.0392076791333708 -0.0739238509605326 0.195562122814946 0.252888077229449
-0.0539483332468541 -0.0140619575435774 0.256021986170165 0.0494277340932048
-0.0565840871703273 0.0328578999380899 0.101727856293038 -0.16772609336395
-0.00463164543252056 0.0702268407045413 -0.156083238427332 -0.107358878243096
0.0336679085785932 0.0618687319891205 -0.10250109331552 0.102504660985382
-0.0170695641426298 -0.0644712358539678 0.0302332127935144 0.0160980055578228
0.0091136389204817 -0.222053725019404 -0.00290954613760464 -0.137857797858771
0.191064738356914 -0.308452133004829 0.0844616295399999 -0.107358870520745
0.418004170399089 -0.09513036694663 0.0583114261033462 0.0446978572506482
0.321892120765962 0.277894517521444 -0.112231007597745 -0.0236878333717309
-0.0101715141160184 0.382922118948822 0.0241702600147785 -0.265065328235118
-0.225103148339689 0.1517331923072 0.237843057281211 -0.130575108094686
-0.151023128287648 -0.126683100184426 0.160155436090451 0.114382523288599
-0.00447445137625896 -0.225745867308299 0.0302919760921743 0.228820766978985
-0.00763673823803039 -0.254204631834018 0.0960357774018552 0.276134136446417
-0.117260076123816 -0.194416385036966 0.259895951858706 0.148042512326304
-0.183068357559131 -0.0378459922991112 0.244064104222012 -0.102295220788497
-0.151924008304668 0.106992048903299 -0.00083196782490824 -0.232364446580355
-0.0249346860662174 0.167980920204166 -0.182072561948285 -0.104346961456939
0.042384152660397 0.131806894493823 -0.104135978081084 0.0574544012468232
0.00338927490785054 -0.000590384943908455 0.065414174409814 0.0625561976977231
0.0226475207127243 -0.119424017813087 0.0319417887294645 -0.0208651014748752
0.151483833541573 -0.206598777586978 0.0557527172269456 -0.0488125296597114
0.345430734366406 -0.0279529110720704 0.0878482088386297 -0.0331911672719679
0.227891726153927 0.296062045619342 0.0636993600012682 -0.0302853973039934
-0.108295143862077 0.337271619970008 0.109448954152407 -0.0790436025585101
-0.271396886462371 0.0734535304378574 0.139975890831753 -0.00787370991889268
-0.199859955590836 -0.162395182954421 0.0942533634099444 0.055838638007118
-0.0914497931984137 -0.252379207568505 0.0587521890315254 0.0787299902621174
-0.116084492250062 -0.281746278238925 0.0964062096749897 0.071712291802617
-0.229414355494501 -0.196956084065785 0.16540559021623 -0.0597141929075198
-0.285146088425975 0.00833346493676241 0.0718086047059546 -0.22382014923608
-0.186688556802861 0.182831880475622 -0.119793350432473 -0.226081438182701
-0.0205986273152733 0.219155837944258 -0.17405476499489 -0.101998745792641
0.0463155858595279 0.153470115406742 -0.107654733448057 -0.0111569086431867
0.0285417618057983 0.0886599487145796 0.0882008811830842 0.0638571845424765
0.0226261727991319 0.0809482924674721 0.0950284841625031 0.0472143912896043
0.0117533698186805 0.0526662312983194 0.114968724396786 0.0383796541563802
0.0124155670619696 0.0992098422741834 0.12501093389172 0.0357772577262659
-0.0761328836271557 0.140262855812864 0.0888926462208141 0.0581660331406689
-0.20685367582047 0.0616585499347608 0.0497834633949301 0.0443280294875836
-0.235846058668653 -0.0922002534436272 0.0242767262190424 0.0220184636506272
-0.214091711396883 -0.175524416018223 0.0148619717743051 -0.00897596571460861
-0.214866468754282 -0.149854904132558 0.00890695715133401 -0.0414889970706763
-0.224213815294882 -0.0430243911520345 -0.0256997613561268 -0.0816887483467349
-0.151747286697498 0.0764122621230619 -0.071226345919957 -0.136857588001023
-0.0750266351928293 0.103422330852742 -0.115083768017342 -0.148584934331286
-0.0297076986975839 0.10642696501603 -0.135457026761029 -0.121721610767831
0.0146988616120237 0.124837086180921 -0.118015760137528 -0.082826065550497
0.0378202029321287 0.104533562644957 -0.103890833759507 -0.0616038542428007
0.0379570811300996 0.144686811790735 0.0948641978800694 0.0255270221001355
-0.00520523593272689 0.209465614711832 0.154816256321239 0.0653041252588722
-0.121027561415671 0.190673732794378 0.15446533000883 0.150948178221124
-0.243223816107876 0.08852413322151 0.0243480291026441 0.18847806372621
-0.235377438583924 -0.098316526037721 -0.115301585013456 0.0926655347383561
-0.166448156972355 -0.213221558830337 -0.102890070427311 -0.0231293211521371
-0.129203967019973 -0.229640124216571 -0.0502657504735563 -0.0655809206665898
-0.199388193115636 -0.164513977032062 -0.0660735913148937 -0.0638346467457457
-0.283459250836506 0.0242688972222057 -0.117741868365222 -0.0363616648247197
-0.181662131253781 0.293385102426595 -0.141213895258013 0.0121530896108031
0.154972218472659 0.351649578288726 -0.109828233504312 -0.0121444047769104
0.331353727337661 0.0760425739917231 -0.103795074786281 -0.0370334019801334
0.194732984675653 -0.14057747468296 -0.0866738843711012 -0.0141697523097601
0.0333876206109625 -0.0812258237554306 -0.057697913471693 -0.00893756778165705
0.0107084943482505 0.00653282198435549 -0.0870191320042523 -0.0568653200487485
0.0302240204319585 0.135960772630216 0.0925149277198092 -0.0271061946238054
-0.0267029559302799 0.192567334628918 0.173094999649932 0.0750778849574248
-0.12686448337424 0.13425705924942 0.0694731297194074 0.215238314895174
-0.205460384199749 0.0022129159379504 -0.168114780736419 0.173024143956347
-0.137432320813863 -0.175520111019805 -0.27451884859772 -0.0508610627659727
-0.0365512314954994 -0.26026869902727 -0.152185869908567 -0.210138723906293
-0.0220588580401141 -0.246693375407943 -0.0527305576441468 -0.203846952808991
-0.156044068391122 -0.130522882761596 -0.140962354110724 -0.104696375388425
-0.246535966420025 0.142130028977469 -0.25213981137199 0.0871780844479253
-0.0356077118291895 0.408200092336962 -0.103188321085629 0.249835927606695
0.341447627132529 0.340690710617533 0.0893705163522701 0.072541846298207
0.470865073998222 -0.0316463662327684 -0.0205269669481153 -0.073105578218876
0.249292747624885 -0.299131684599725 -0.101530283569141 0.053088186445779
0.011358167393196 -0.214534184526136 -0.0212543544497502 0.120554682515976
-0.0181370737624413 -0.0695102503388399 -0.055462989828014 -0.000323300680161397
0.018116718882708 0.0792020678615142 0.0905466877467297 -0.0736863717074611
-0.0210308772691988 0.104417075795306 0.149313996359889 0.0863724916795381
-0.0595938470356802 0.0492438421777523 -0.0541798843328197 0.182919928535992
-0.0778824628455114 -0.0141315699707688 -0.239709698583855 0.0131457689446573
-0.0306700745702741 -0.0975479079958723 -0.222548216280146 -0.202476452340769
0.0260131121718781 -0.143108856687568 -0.0856246597753908 -0.331716113989191
0.0237999122951917 -0.151839511048789 -0.0118677041079158 -0.310520600664506
-0.0889233026281477 -0.0762564396103412 -0.190572547684844 -0.136900676193002
-0.135824450981977 0.135036118495901 -0.324063315785905 0.226248244224356
0.0534881258456538 0.264368007578623 0.0216498249858119 0.411879609008156
0.257574873753614 0.156900237791952 0.26817436692648 0.0322111326137996
0.285009222390803 -0.0654321092499696 -0.00898110563823843 -0.163207437642561
0.13976271783137 -0.229701869612333 -0.160542029219541 0.0956476691375183
-0.015823010042516 -0.17273405793097 0.00261903313755973 0.239586404242754
-0.0248698440350131 -0.0719154289128111 -0.017810283907495 0.0597257562193568
0.00442162169700676 -0.01333656077884 -0.0037439531898441 -0.0656341059196874
-0.00209151824041865 -0.0143194549470416 0.000400413236077678 -0.269848973347121
0.00718142752239642 -0.00201192160023463 0.192717130624925 -0.120942023231734
-0.00675601234640135 0.0110037211376818 0.0511184770841124 0.19145936311441
-0.0406115174793377 0.00717527939813265 -0.302180263737745 0.0283318810497801
-0.0270844760662766 -0.0155869083962972 -0.124108632339645 -0.438222790776389
-0.00358280897548821 -0.0122715064870467 0.31724932964122 -0.306898901470369
-0.00326433054208367 0.0034480250929203 0.229761192248336 0.163179527626076
-0.0112254505214095 0.0194649151704296 -0.00441796723419626 0.364580166950883
-0.0100693704512679 0.0186806301694638 0.058751381084921 0.383693699646108
-0.00870109694053427 0.00687109307971885 0.18672413758855 0.256297151926932
0.000731353226648615 -0.00584741310512101 0.251155342340956 0.0770055396971428
0.000419362897114388 -0.0122990061152292 0.117481597702242 -0.15081098285881
0.0149146177590126 -0.0167006173850467 -0.150031170429604 -0.0965649487922272
0.0165654646814029 -0.0285126969057449 -0.0968013952509512 0.120031605173453
-0.0150806755214583 -0.064378296439313 -0.00183956636855935 -0.04140289867896
-0.00230682972209862 -0.171289665412732 -0.0190864928486514 -0.238859268083182
0.127305491393907 -0.208188160697646 0.147973573509093 -0.139295999641331
0.252845635500944 -0.0555599955295775 0.0626726172700072 0.135056731939514
0.182631222851299 0.163841163008177 -0.246468010767254 0.0218837302535055
0.00729563641126492 0.230482530725858 -0.0932409790967012 -0.39180988156209
-0.122595956504343 0.111395917583162 0.290740531040428 -0.264358882992621
-0.0865900746712092 -0.0665813962027872 0.212748184686649 0.149278952442228
0.00629450182477616 -0.119919388171951 0.00111487179998045 0.33366171853651
0.0029386030496122 -0.114470004925799 0.0618090483771163 0.372402149345389
-0.0470218140059392 -0.0713896835125826 0.212897776642877 0.24658960194696
-0.0562867405650948 -0.00932274520633658 0.264535075020168 0.0388580453609828
-0.0554728022570281 0.0374010505056629 0.0958254864975389 -0.174184283181186
-0.00149221510813259 0.0683504995366835 -0.160546340830957 -0.10045298622193
0.0335281649449783 0.0582822812179384 -0.0954343985654086 0.108427830206938
-0.0165688282012143 -0.0645284314398653 0.0287090889891835 0.01639447680539
0.00173894987544258 -0.229143226284369 -0.0145224957322485 -0.137547490733768
0.186170592552423 -0.32274389233058 0.0737267013235285 -0.115391164327938
0.425764603277709 -0.104865380957824 0.0595019918975937 0.0322156347012419
0.333510831929663 0.276256862274831 -0.10593019622536 -0.0252975497614038
0.0014467227713624 0.388196020163091 0.0196392552663516 -0.268568054328037
-0.219389422549017 0.16197156767194 0.235466770565581 -0.137621656247268
-0.159136157297543 -0.122039273101442 0.166149430262951 0.109659139825825
-0.0140676915530718 -0.230433179311413 0.0402609633698824 0.231521201545984
-0.0199006788303429 -0.258081218395865 0.109903575034654 0.278068500845763
-0.131074727456729 -0.191682047926807 0.273523968004877 0.140519330021642
-0.187495499670459 -0.0278797160545969 0.242807491112546 -0.113297467393305
-0.147976821817597 0.115944529221701 -0.0097817301829209 -0.234066881656736
-0.0185453260685294 0.167330119719264 -0.186927425928048 -0.09634345816642
0.046349632888088 0.130673883313751 -0.099731413772767 0.0619448682609008
0.00639050097739844 -0.000891462229044498 0.0680111541764717 0.0623780610175841
0.0215758097775489 -0.122749907799429 0.027903942534264 -0.0207936088242357
0.150089838983264 -0.21540842263039 0.0497836745848661 -0.0541624746490384
0.350324019387403 -0.037031980434949 0.0873665159189674 -0.0446594307860508
0.240201117875921 0.293813909961091 0.0722089410043418 -0.0372194668534707
-0.0979705185712527 0.342852295190354 0.112257855757842 -0.0822098469520625
-0.269934115286848 0.0866363248595502 0.139426847792583 -0.00981867374083435
-0.208380548416588 -0.155513542356051 0.0962925061414098 0.0521763570086553
-0.104014884800835 -0.253160830097202 0.0615102976633524 0.0792546212111725
-0.129296980647708 -0.282795574337497 0.100320221855369 0.072597872708731
-0.242783167585168 -0.19128920342868 0.166024011619435 -0.0632745723306191
-0.289422016053055 0.0196950923800662 0.0643942927773837 -0.228153592250956
-0.183097611204792 0.193392230439088 -0.128592457036951 -0.220169955329904
-0.0120209731445404 0.220744925781471 -0.177660783101631 -0.0942388728900949
0.053730528535999 0.15340732184306 -0.106779863512584 -0.00694118251656814
0.0355809609975517 0.089845225965324 0.0920601748649705 0.0612809197443111
0.0281449867772035 0.0820755404695826 0.0981200231082357 0.0463252656656184
0.0161628297151312 0.0516173303367771 0.11825577238616 0.0361259257904412
0.0165215687982359 0.0981976423315707 0.127677810634745 0.032671407299455
-0.0714456186517786 0.143026917328861 0.0935575107119036 0.0570905346379638
-0.206219168050585 0.0685574690958787 0.0498486573495375 0.0476482606288932
-0.240102839193508 -0.0831225581152219 0.022315340668984 0.0224240304577764
-0.223460843892966 -0.168257885664573 0.0135889418643867 -0.0104295262044101
-0.222565546070765 -0.142049664147 0.00576990667235298 -0.040703622729507
-0.229470867340465 -0.0352922508854181 -0.029110263559257 -0.0778732006238465
-0.151415486241613 0.084224214555542 -0.0777186890100217 -0.132063735714382
-0.0714367269896714 0.108109445749288 -0.123941748503391 -0.144636905478467
-0.0245059500335938 0.108229051066311 -0.142106962660411 -0.116987705455831
0.0217115702739695 0.125413700955132 -0.122530938524941 -0.0779891563085393
0.0458964793530151 0.10483396738751 -0.10753119866148 -0.0588206454025636
0.0431810614236708 0.144925606376022 0.0989299629660099 0.0214966372904236
0.00382169105553849 0.211786416426399 0.163285463958976 0.0632330198323698
-0.112241641954661 0.195253184198693 0.165069388310206 0.151097344747528
-0.240901848101408 0.0976804758320393 0.0292800915409319 0.19604818758801
-0.240128241530924 -0.0912322987035051 -0.119654903564565 0.101590059156535
-0.175116300823636 -0.209648163158897 -0.110280664065602 -0.0188564189247385
-0.139577030412218 -0.22752444096927 -0.0565929152620004 -0.0661533671172075
-0.2085894394992 -0.157522447650711 -0.070661516005905 -0.0614504338538528
-0.284408191845687 0.0366194212861505 -0.120762283925544 -0.0289510716974031
-0.171397019807735 0.307656180403154 -0.137868302960438 0.0198391332424572
0.175799837531798 0.354019097526312 -0.110640064997293 -0.0110913562209367
0.34513850334263 0.0618058537453391 -0.11171317368751 -0.0379789014512915
0.195568511611108 -0.152898867309515 -0.0944891371742062 -0.011497362686431
0.0324619614880003 -0.0841600834653675 -0.0587821105931564 -0.00521126856850369
0.0134569209485456 0.0070006794851047 -0.0912636510799837 -0.0532587700757638
0.0335873935419293 0.13629062453993 0.0961027412447024 -0.0317317443501269
-0.0187031809061322 0.193238630223787 0.182595791989898 0.0722251774652588
-0.120129594896547 0.139944350821618 0.0797932880238386 0.219824917379324
-0.205898752377828 0.0124523982767142 -0.16595232618036 0.184257808998302
-0.148018393058791 -0.169844397535906 -0.284726820248525 -0.0411283345523726
-0.0479429142226266 -0.261092183406561 -0.166549362940819 -0.209264235969702
-0.0328569754683778 -0.248641052824763 -0.062843063597001 -0.207882677791191
-0.163029780128782 -0.123338644295252 -0.146692379556593 -0.101358961618787
-0.243241700349044 0.155564902306847 -0.248518278917212 0.103516257861881
-0.020025496327588 0.420047937093195 -0.0888780951431433 0.256978934778905
0.366952856768102 0.337986996157186 0.0957470728321892 0.0607011313694911
0.481355440116119 -0.0521086657904781 -0.0315372787209399 -0.0822239568947211
0.245512442094884 -0.318599968841621 -0.108126852894907 0.0581021635466595
0.00259720037060311 -0.218931280822392 -0.0176199589820083 0.125384509418474
-0.0207182138328573 -0.068692972150396 -0.056304475606898 0.00275182100365163
0.0185266470892845 0.0778575616896224 0.0921112488638889 -0.077807189984345
-0.0141144875342479 0.105093154904207 0.156915972591224 0.0835131841119004
-0.0559796663785063 0.0548388079454292 -0.0487916387222354 0.18728559974559
-0.0814603105785499 -0.00653969345940347 -0.24044226016196 0.0201184445363204
-0.0401238961575613 -0.0946776121194403 -0.23308901407229 -0.197316605102737
0.0180061304470317 -0.145751604665315 -0.0999011014598299 -0.335245399021697
0.0160654108735833 -0.155637641282009 -0.0239430740272731 -0.315917531679707
-0.0939112299103554 -0.0714691084033395 -0.196979656185056 -0.132899375954653
-0.130640383857427 0.143372459780211 -0.315267562614727 0.249166496360518
0.0636899170958033 0.269090486036901 0.0457794766169751 0.415184867193249
0.271065085269323 0.152595996187238 0.274144365284813 0.0113421618919278
0.290982486225659 -0.0783900867847288 -0.0235315910718508 -0.170266890801508
0.133961931936391 -0.243194853677451 -0.162369739650469 0.107696925317793
-0.0278927450273582 -0.175196657660385 0.0151204538954176 0.24308407449806
-0.0296220020345089 -0.0712945979741634 -0.0144706872985666 0.0615132356159835
0.00266175571983548 -0.0140552199419739 -0.0059364828966113 -0.066281627612538
-0.00204984854779578 -0.0146144470588543 -0.0080003432067447 -0.275552161248594
0.00748577859199622 -0.00202282297671237 0.193344026204305 -0.131227835773952
-0.00705745028326859 0.011374424065949 0.059776293004208 0.194600925967917
-0.0417543640068279 0.00832622272841603 -0.30811316025523 0.0372964992312666
-0.0287245441432554 -0.0167654149437567 -0.137854139395409 -0.445696435976771
-0.00358039707297359 -0.011706323850796 0.316242104831802 -0.322094651470256
-0.00488244652434355 0.00429655588098569 0.238495437054177 0.160942873286643
-0.0117188634935298 0.0198420070651471 0.00477919849950082 0.374122384525698
-0.0100427790709999 0.0180762194198085 0.0706603043932618 0.39031977065109
-0.00933784770702488 0.00750488356966809 0.195687937340016 0.256015181759281
-0.000216992417413256 -0.0066129812745835 0.258220154252658 0.0735251603824152
-0.00115912002338886 -0.011436763896486 0.118079839275007 -0.157847731273365
0.013509232592436 -0.0165075945706382 -0.155665867448786 -0.0951692744675003
0.0148654802169611 -0.0295439290161085 -0.093676252297107 0.126178611937772
-0.0176975687062795 -0.0656608062039672 -0.00266594932345473 -0.0417358510581138
-0.00900693100047297 -0.1750061169944 -0.0277446017771058 -0.244602967188937
0.122355850009397 -0.217747411061303 0.146423661115329 -0.148504210220396
0.257585737835887 -0.0649318362283822 0.0688286641151675 0.137994329463289
0.191278017354482 0.163013226253529 -0.25049765037768 0.0284878545570997
0.0125677863592709 0.236510771637803 -0.104786686103425 -0.400466625242664
-0.12240844844003 0.117091556724843 0.290587743706119 -0.278327311139839
-0.0924015276178867 -0.0648714469609065 0.220622378310196 0.147473284344478
0.00291724073249521 -0.123576413010644 0.00863657380769041 0.343385020075421
0.00071765583283927 -0.11789067640618 0.0749934107553895 0.379824757841233
-0.0497635172341017 -0.0713031288475582 0.222368161460001 0.246517495233615
-0.0577919198022614 -0.00743766979150976 0.271023811693337 0.0342289311732603
-0.0549762792409163 0.0406833666544909 0.0952734991762003 -0.180441796692869
0.00011273434561071 0.0695455444846496 -0.167214850929645 -0.0980980104722436
0.0353615827277972 0.0587362331612271 -0.0925452360664293 0.113375617816581
-0.01839382950519 -0.064103425137811 0.0305216608439412 0.0169463360151883
-0.00595550463072663 -0.233739987811127 -0.0195576399878861 -0.140064203095071
0.179020213730618 -0.335876823247236 0.0722725406169917 -0.120345396265526
0.432747101620882 -0.12038006194922 0.061740803779141 0.0321425215429384
0.349742492813097 0.275010861204852 -0.106887026324054 -0.024239060193023
0.00974372679819148 0.399803011728522 0.0131691811370969 -0.275059329798672
-0.221009430279759 0.171956910848322 0.237807327422483 -0.146906296492266
-0.16730820549409 -0.121942383266672 0.171827197122921 0.108364326202105
-0.0203012722814172 -0.237568628608056 0.0463673666113156 0.237622304235624
-0.0257363599768031 -0.263944811431995 0.11891227422469 0.282932019329469
-0.138074859854423 -0.192497922528278 0.282535835210733 0.138468358819236
-0.192062219626698 -0.0238372729005112 0.246520594156205 -0.121543206977173
-0.147700630618639 0.122431670126424 -0.0167344291462415 -0.239043656851221
-0.015214636232851 0.171473930916033 -0.194149862318748 -0.0935354987423054
0.0500452819003136 0.133102285667853 -0.099597331153006 0.0662503858222752
0.00879231898253406 0.000556455230694796 0.0712157173545055 0.0625028883653446
0.0178957001649602 -0.125642150883782 0.0268378468418756 -0.0202489879702949
0.146186811526488 -0.225609255640142 0.0484927944680327 -0.0562501036942666
0.358477643399978 -0.0480451655257083 0.0870147412559404 -0.0472138917116592
0.254858514053833 0.294358243168762 0.0728198532576564 -0.0412238965326952
-0.0896225499481662 0.355423932811274 0.112239676819906 -0.0864944509978353
-0.273316254732075 0.0952742495531759 0.142443785960936 -0.0139677622896132
-0.217263497005678 -0.1545227358925 0.0988449475484209 0.0510576525896478
-0.110811311915156 -0.257295806423835 0.0646513909589264 0.0804659476299703
-0.137177082549532 -0.286615181955549 0.104848384297962 0.0736921470712745
-0.253239796628118 -0.191037849758038 0.169001660797324 -0.0670399304758885
-0.295215218814569 0.0269376587855469 0.0615316632911339 -0.233431277443025
-0.180325239036578 0.201901981366352 -0.137567987251738 -0.221149788211092
-0.00536903362342168 0.226374754777095 -0.185396686296145 -0.0920874563240249
0.0602324777482495 0.156776140141602 -0.10893433134975 -0.00417390715684178
0.0411146385200966 0.0921588936828203 0.0953617386254334 0.0600812734109391
0.0318721078602397 0.0834449188418385 0.101469175880857 0.0466706016371174
0.0179032647689111 0.0532850173531629 0.121253610928053 0.0344182550251843
0.0205639255240387 0.101861607413206 0.12852211151685 0.0307077990682833
-0.0682266749026103 0.146723788769929 0.0953197043775578 0.0541769337671208
-0.207656554385988 0.0762064680135019 0.0510335706116256 0.0471879298153872
-0.24616943241808 -0.078582592805149 0.0220077100523622 0.0214846292994801
-0.23268147663766 -0.166711166391662 0.0130834721634676 -0.0106438759651044
-0.231067331083916 -0.141775597944513 0.00412980995744604 -0.0416144687154325
-0.233337769833436 -0.0317187220865539 -0.0317904559517852 -0.0767011492045109
-0.151372759696069 0.08888673245444 -0.0823717573708573 -0.131670740200929
-0.0703430090951547 0.112010715304133 -0.130372652658777 -0.144532200816067
-0.0212962166833235 0.112396514166555 -0.150184636765753 -0.115936321104652
0.0272950441662889 0.126632620426709 -0.127013570878296 -0.0760182386955146
0.0517085170791217 0.106824237211612 -0.111555251011374 -0.0575941185088852
0.0491917729107428 0.148804095876497 0.100816628774148 0.0186575218284308
0.011770122739886 0.217277645448497 0.169070838057801 0.0614356092390257
-0.109483925551136 0.203135642316562 0.172867271720796 0.149707734872518
-0.243536520140932 0.108142478521312 0.0333916998448558 0.200078300180295
-0.248448466392355 -0.0875875052256948 -0.121585082064337 0.105729134145317
-0.183958810526741 -0.21056202874183 -0.114515890429811 -0.0182220569084281
-0.147452740870474 -0.228497560811226 -0.0601124164887501 -0.0679402352018152
-0.216276781171578 -0.155453965846437 -0.0736219717126414 -0.0627652264542899
-0.288939392389577 0.044191509183316 -0.123346379085826 -0.0268432945933384
-0.166517033681314 0.319534179248927 -0.140249690205889 0.0248986329669009
0.190198436886268 0.356979155007897 -0.11317030664669 -0.00825162140813785
0.354248103272166 0.0550623882675518 -0.116494828770188 -0.0363618932715415
0.197313930608619 -0.162632062439423 -0.0971929136169541 -0.00935305263315453
0.030536877282806 -0.0870175023714402 -0.0604164562991111 -0.00462601066501366
0.0150296540173644 0.0090995435418946 -0.0951017364779799 -0.0522561213688281
0.0372754220605424 0.139410356746238 0.096637943081473 -0.0362949288681366
-0.0122016072591124 0.198284639625082 0.189166938745974 0.0688202976770376
-0.118209605276766 0.146587405948781 0.0876665934095715 0.221239676395387
-0.209881832137524 0.0201894114382731 -0.16475425760582 0.192240029904641
-0.15585521099852 -0.1701240169643 -0.291665779825663 -0.0340297368437442
-0.0558203871919152 -0.266644212754378 -0.17485451762206 -0.212938917307986
-0.038505983914535 -0.254064574744544 -0.0704824366767231 -0.213522928521519
-0.170111381234644 -0.121766268933755 -0.150753219472059 -0.101023231070946
-0.246360307214756 0.166123993899672 -0.249874778905067 0.111648517953845
-0.00930493057820382 0.431852977405503 -0.0831299875687941 0.264903335774851
0.384490191128308 0.33773645646362 0.099057227132947 0.0590448548319994
0.493738724583001 -0.0639391687829566 -0.0352635014406184 -0.0839731092232503
0.242932492260251 -0.335084141768704 -0.110173467229279 0.062453384042383
-0.003858252925611 -0.224525157917077 -0.0123329289765143 0.128185175275254
-0.0234706938161798 -0.067388411473838 -0.0572328521848041 0.00346044067432599
0.0199050875351182 0.0796691114278323 0.0911341847602266 -0.0836702923244736
-0.0119723093531293 0.106261086124993 0.163204624927854 0.0805807285475604
-0.0561303519843095 0.05785088203954 -0.043739708137204 0.191070703756177
-0.0837960093709458 -0.00402800007167963 -0.243903566289888 0.0250070112629812
-0.0438140009769552 -0.0948849530080144 -0.241623686788229 -0.196107913306887
0.0133617449632674 -0.149807385917509 -0.109708097394912 -0.342151417937985
0.0129853446757391 -0.159475069333858 -0.0315197630146423 -0.323682601442492
-0.0990331245062476 -0.0697058359173652 -0.20234792143068 -0.132599731006317
-0.131280379749799 0.150470383903942 -0.315015743302616 0.261438764999449
0.0724296572121669 0.274417898281741 0.0573633216806074 0.423691397368057
0.280149561755102 0.151262473230083 0.281491242228588 0.00359002603645025
0.297179318877305 -0.0874402813336113 -0.0293332992422499 -0.175086366032543
0.128031393911217 -0.253241120738871 -0.163955283068527 0.115058387346414
-0.0340394497130698 -0.178969458487058 0.0253546442936537 0.247673490075251
-0.0324392713982403 -0.0709288729192511 -0.0117894990640419 0.0627261882125809
0.000586420631697689 -0.0154406087910873 -0.00897703474181181 -0.0661828761908621
-0.00361965825719623 -0.0150403403520713 -0.021292415560702 -0.280117129387486
0.00596808061342767 -0.00264832537748622 0.189911896575956 -0.142335569544062
-0.00847219375806689 0.0116106135589927 0.0701308505140134 0.195651054648471
-0.0426216032087001 0.0102051743170255 -0.310523794370029 0.050866910944547
-0.031437646720321 -0.0157790456703244 -0.157907544137438 -0.445530124795412
-0.0039250665241014 -0.0111644234416595 0.309500890787938 -0.338508608165495
-0.00607009580019548 0.00546290031204831 0.247778047635696 0.153995602464859
-0.0113901906138474 0.0203708978586365 0.017511904236281 0.379358934034066
-0.0107192111379866 0.018409857164007 0.0878882199506911 0.392794898183568
-0.00992103701379404 0.00774570074186651 0.206200928425782 0.250431928610111
-0.00143345188418745 -0.00684393520275546 0.264256279277555 0.065040776727248
-0.00320643643545661 -0.0115121969946274 0.114406904077988 -0.163382788726755
0.012345561739922 -0.0176660527667098 -0.160900188394369 -0.0915699631535376
0.0118503328528899 -0.0309118384661488 -0.0878458434768171 0.13084145741834
-0.0206663515741022 -0.0661024697294968 -0.00359857978528023 -0.0409624899052258
-0.0173930094189755 -0.177134127426883 -0.0389519265044631 -0.246310293138317
0.114467091096364 -0.225546872300916 0.142983684589334 -0.1575121867893
0.257071865889449 -0.0773314940017951 0.0776787282571399 0.1374399446778
0.199431996542003 0.157905769278258 -0.251050632634393 0.0396221524032483
0.0217975662609304 0.240898926393492 -0.123723929604536 -0.401812845712131
-0.119831785985661 0.12417195244155 0.285269000684236 -0.293919138989253
-0.0970484081455206 -0.0625440906366066 0.227808325037223 0.142828809190423
-0.00134338748476781 -0.125613506253906 0.0207366439722158 0.34844809855661
-0.00402891989534269 -0.119514417189668 0.0918364722650172 0.381999732077977
-0.05360031195541 -0.0695435057740941 0.234610177884174 0.240965202053496
-0.0585851073678429 -0.00610234177308666 0.273747187873736 0.0254474460077522
-0.0547589189782398 0.0431027165638811 0.0895504776769697 -0.185990723583296
0.00272056031223084 0.0700713839578585 -0.172387632947995 -0.0930045990723321
0.0363497391907661 0.0577885888499723 -0.0879111827268896 0.118991705621616
-0.0217302329366224 -0.0642119992375428 0.0324548831065338 0.017123591135776
-0.0178586276540507 -0.236022364687387 -0.0258276071650639 -0.139749545894077
0.166864944656645 -0.349093319358249 0.0677261191538641 -0.125368016788715
0.433192770342975 -0.141292603265021 0.064290671529429 0.0313854971646101
0.365443745757334 0.264049125624696 -0.107702415679377 -0.0214877966282255
0.0263989291995664 0.406027540277588 0.00213083417434825 -0.279276072027625
-0.21737529789041 0.182738426332395 0.234120015678694 -0.15714465730976
-0.175124809785081 -0.117109152659167 0.177199805427686 0.10338508887125
-0.029254849019702 -0.2409526320765 0.0551378831575741 0.241815338890273
-0.0362280203046364 -0.267282249552346 0.133047199535074 0.2835842346178
-0.14812837089905 -0.188997922156334 0.292176207748629 0.128527745404605
-0.194101079192222 -0.0174665590205352 0.246506972224212 -0.131719071529715
-0.143065508727987 0.130416654744934 -0.0253014620519702 -0.239616577828597
-0.00940579497008399 0.173124120563253 -0.200182210033875 -0.0852772380135087
0.0555500114115477 0.132547322830413 -0.0961754422878444 0.0714119134454376
0.00955644696147204 0.000605429065245261 0.0748075981725351 0.0607472875381382
0.0131878647225467 -0.127774078851589 0.0256855094050321 -0.0203867641204218
0.138209734258434 -0.234238967168535 0.0465618255960173 -0.0573841636032138
0.362903914347162 -0.0648106448642758 0.0839095589529579 -0.049787559033207
0.268964149077743 0.287952085705685 0.0720112841163447 -0.0448905767355791
-0.0774726763563366 0.364598340580047 0.109387605605006 -0.092203460843059
-0.272680161430133 0.105662063571472 0.142144029103159 -0.0200836391647647
-0.226116347682607 -0.148533110430985 0.101301666763536 0.0486799071884709
-0.121371655450502 -0.257936156339486 0.0667249389253 0.0804554996882043
-0.148977144162057 -0.287336046466343 0.109719185326731 0.0732968030526755
-0.264226150478338 -0.183675353088844 0.170233090157646 -0.072902069096958
-0.296996951136834 0.0385865637700928 0.0537689586631428 -0.237593982746079
-0.173692755651603 0.21227107033025 -0.149080791126464 -0.218379600335646
0.00395509620171242 0.228881332130917 -0.191480159668604 -0.0841887452235321
0.0676575688275189 0.157239089415516 -0.110215839955456 0.000172803021888575
0.0470753441106175 0.0925628470418948 0.0980651721453332 0.0568731511896366
0.0378769924528711 0.0842439617790498 0.103991802122869 0.0452378246442548
0.0206800748131591 0.0543659873144164 0.122803386297623 0.0298822508736416
0.0255932038463081 0.103388866686038 0.128071689445647 0.0271235768834517
-0.0627318189479964 0.150493502689316 0.0966427352865204 0.0502545754976971
-0.206199046369544 0.0855267193180892 0.0527228375936546 0.0444933107026816
-0.249398098184511 -0.0711156603985488 0.0222470555924826 0.0198933700186225
-0.240771957074866 -0.160563557113451 0.0117927081195258 -0.0122427883228512
-0.236210969897895 -0.135930634254947 0.0020619176380427 -0.0411019814904432
-0.23616278430002 -0.0241128301445077 -0.0342974544731599 -0.0750055194882076
-0.148704456531485 0.0940663829271925 -0.0880747551154047 -0.128947747030212
-0.0671709591367373 0.115839245821001 -0.136791995904234 -0.140365454790552
-0.017007943716992 0.114453778152076 -0.157189381391567 -0.11114158429365
0.0328780307582151 0.128134570475852 -0.133025510249109 -0.0721735436466943
0.0576968245304531 0.108116888052072 -0.115869033166302 -0.053223349203911
0.0573189442446021 0.149313583114766 0.101020128301375 0.0147503586570812
0.0229651120025432 0.219652336528882 0.174518806083143 0.0553685610309678
-0.100667576156112 0.212176034875613 0.180866628263107 0.144616162864932
-0.240055807390379 0.121032254738017 0.0392807665372759 0.201940833530857
-0.255085937143783 -0.0804635631158634 -0.120009923082947 0.111332146344632
-0.193429821299578 -0.206093581101791 -0.11732426133498 -0.0157310591578686
-0.156383758259102 -0.22702409855924 -0.0644867533205751 -0.0684866258472264
-0.224597793271745 -0.14926001306267 -0.0765197542036545 -0.0614737232867931
-0.289885257729938 0.0550349472346076 -0.126146887574471 -0.0228182904939609
-0.15583186758995 0.329269548028636 -0.141141629321202 0.0316998998990051
0.209016324380322 0.355117399992594 -0.11572042772945 -0.00351282310901025
0.363509993864121 0.0416504576936498 -0.120004471547852 -0.0343300919892578
0.193059629520899 -0.172486142716523 -0.100723753539891 -0.00697587418087757
0.0287067377488064 -0.0879652572110752 -0.0608091947004639 -0.00325126888453381
0.0173971752436057 0.0101633953618263 -0.0989510121180701 -0.0502649869981808
0.0442554336981008 0.140316593223638 0.0961559427151827 -0.0419036364292484
-0.00286441004510475 0.199623941383147 0.195672077026471 0.0618591240057907
-0.113342703494095 0.153510832495905 0.0994881696206648 0.218763371496433
-0.210795793873236 0.0302294627172614 -0.158783643926844 0.20043979494971
-0.164265291271635 -0.165993405534968 -0.295825969516052 -0.0233022369412313
-0.0658178081733746 -0.267470430868694 -0.186061563572847 -0.211031845988354
-0.0486326694996387 -0.254412401255759 -0.0789970508192009 -0.215209488086316
-0.177730622197338 -0.116867112481721 -0.154738669982225 -0.097811719792688
-0.243320505177955 0.178675474472003 -0.248429123445377 0.123121884965105
0.00888975014184979 0.439571481856737 -0.0741366598149264 0.271982752118212
0.404251549760467 0.326466120132313 0.103446519502752 0.0547237648224614
0.49831799853499 -0.0862982955632515 -0.0408323849172951 -0.0853505215956105
0.231363870262409 -0.349488845201665 -0.110381336742548 0.0668416877236116
-0.0143263751579492 -0.226589008522024 -0.00593656551784939 0.128162398507787
-0.0261943665978644 -0.0653584150928881 -0.0571353701762905 0.00412888212565772
0.0220576570647922 0.0810157667785364 0.0892340989443667 -0.089555527301706
-0.00758949361422907 0.107938375790807 0.169250266534947 0.0737596920565018
-0.0539531803546168 0.0604934570122273 -0.0363600235781097 0.19403256779331
-0.084395581983473 -0.000441356119634358 -0.243852419749515 0.0333720368524708
-0.0492942569727121 -0.094459136775566 -0.249588190392432 -0.188782477027285
0.0075565741537777 -0.150971870515121 -0.125248376262991 -0.342606144132976
0.00752765077336293 -0.161041395929046 -0.0435648419085074 -0.328191467287039
-0.104716435799295 -0.0675237028042093 -0.207472672786794 -0.128763722784784
-0.129306606790757 0.158008595407102 -0.308212898324423 0.277725073579822
0.0827103521737809 0.276355954088114 0.075090784105134 0.42828352258027
0.291104257643487 0.142704115396051 0.285176238362074 -0.00848413854957078
0.297405133150093 -0.101093981580532 -0.0383832737610771 -0.177644003878128
0.118161267165818 -0.261173495735197 -0.161540243101904 0.123794115454223
-0.04374753263195 -0.178648297397278 0.0374334047620464 0.249143016518374
-0.0362003448001549 -0.0681842230842016 -0.00800718758628878 0.0622123281457249
-0.00189588084230721 -0.0141978463321598 -0.0110085697729911 -0.0655900016425332
-0.00512851220517085 -0.0136897355720351 -0.033526697058409 -0.278528158406233
0.0048997540332436 -0.00317994061186831 0.183126997504776 -0.15292863679125
-0.00903447447823012 0.0114897973562844 0.0808829971634475 0.191422537516342
-0.0431222285450646 0.0122147245710977 -0.307111272519875 0.0636520629249382
-0.0325513878700613 -0.0136212692248397 -0.175679560852134 -0.439969145741796
-0.00485555485988077 -0.0117331065086793 0.296963474749324 -0.3517051744335
-0.00548442519192863 0.00605468045346841 0.253629194076963 0.145040544762665
-0.0123486824310658 0.0204274128380401 0.0335884254429642 0.380021927890628
-0.00975177939423637 0.0181805786354744 0.104855858582268 0.388794605394303
-0.0106532140213834 0.00808027696967567 0.214389095196403 0.241435297806574
-0.00301969152655305 -0.00704318900126129 0.266131544957975 0.0563259708924776
-0.00555525431574222 -0.0103914159005754 0.109156047469341 -0.16840332331425
0.0112579313032977 -0.0168891050359529 -0.163545342010787 -0.0856644335291554
0.00903953270701362 -0.0317275370028672 -0.0812475386985281 0.134198151685429
-0.0258452256266623 -0.0645092462450879 -0.00481125637354505 -0.0397650183571213
-0.0264690804799542 -0.175208721880968 -0.0502213429099527 -0.24441052552122
0.102735037833361 -0.230797939808107 0.135455505077644 -0.165467492749907
0.253232274549765 -0.0892226956299123 0.0840894636400972 0.134264800000654
0.20658978800168 0.151204168473405 -0.247624607459525 0.0486728005435281
0.0309628463942931 0.239775394046397 -0.140791327517541 -0.397239512948584
-0.114713571808767 0.12875030716872 0.273576277731324 -0.304961796357888
-0.10078509381943 -0.05792682541234 0.232680575242634 0.133813697629586
-0.00716102440161811 -0.126114447181123 0.0333131822799852 0.348984362718861
-0.00907725852040073 -0.119345874944088 0.108227178915691 0.376809948950034
-0.0560558476264779 -0.0661349434254512 0.241366082686126 0.23083764083923
-0.0589399102526889 -0.00382193115312436 0.275245096479349 0.0147124098793153
-0.0528276435291397 0.044922192072184 0.0831231301047462 -0.189709206342063
0.00540464776441492 0.0699822594035044 -0.176158482199142 -0.0853296457034922
0.0369275828069044 0.0558058315496256 -0.0813520163301687 0.121826151134615
-0.0239803341965165 -0.0628726402471231 0.0338290144661123 0.0163475377232007
-0.028025754412987 -0.234715686712482 -0.0321095497481587 -0.137230512484975
0.14990598590499 -0.355472374966719 0.0625094426058397 -0.129057931722554
0.428238484639613 -0.161838000970062 0.0669445133913668 0.0292757540180396
0.376950915690183 0.250451791248028 -0.10710255655191 -0.0174830571814603
0.0441610901077892 0.405922253856071 -0.0100107179452459 -0.280860361928816
-0.209893439249994 0.191095710760313 0.22800365805639 -0.167811606885438
-0.180959669812965 -0.109887783071041 0.180238587808334 0.0977544496458494
-0.0371312671654581 -0.239693038401671 0.0637437069579375 0.239554281435915
-0.0466927756930732 -0.265898194997909 0.145787223710606 0.279382617752885
-0.155102380576839 -0.182012288508177 0.297324049193596 0.117446610488894
-0.19371736167905 -0.00888687937490452 0.239760481769907 -0.140811378832563
-0.1360194316937 0.135906714790766 -0.0348966577709512 -0.238432464867
-0.000821592646821002 0.172473047735189 -0.203312091719753 -0.0764300092619937
0.0601609194794766 0.131244258677581 -0.0927734472726388 0.0751848012583799
0.0114804219680748 0.000391031355984047 0.0773515548766628 0.0582987454757589
0.0074693918502822 -0.126910117580287 0.02508038623859 -0.0189560958380143
0.126750429310542 -0.238797525891541 0.043722062318972 -0.058413124987364
0.359478693164061 -0.0809164892636645 0.0811912201741646 -0.0510355108598572
0.283332793206336 0.276902968038813 0.0704979977163428 -0.0490448293164163
-0.0609252597430486 0.3681010991184 0.104484511489007 -0.0968524952880253
-0.265203283405039 0.11713096227339 0.14079876766994 -0.0264514165115626
-0.2306592297757 -0.140421272029355 0.101981030856225 0.0449605336080327
-0.129200998923623 -0.254996993624217 0.0690570760702575 0.0790927975811081
-0.159480955116553 -0.282554362748305 0.113561114598774 0.0703639465193078
-0.271083656437898 -0.173896401161571 0.168125590305209 -0.078648044107757
-0.295139547223905 0.0503519858059145 0.0441062834574628 -0.238761418769125
-0.162578132284067 0.218823664900031 -0.156628001166368 -0.21080401549548
0.0143316888926011 0.2274194642277 -0.19504987371408 -0.075221872466793
0.0751323888734578 0.155054793411819 -0.109934205575376 0.00482682811272953
0.0526524503361381 0.090599191972342 0.0988424400251643 0.0534121614829601
0.0437221763009794 0.0835729237613972 0.10607685728765 0.0428984793161686
0.0237872758538395 0.0543206509757797 0.123651364205321 0.0257413921760761
0.0308627949770877 0.102363732505773 0.126184160942092 0.0243545509537246
-0.0561903943983147 0.15207524297997 0.0965947426337232 0.0461472766331142
-0.202038401882598 0.0941347736738933 0.052785354559966 0.0419791289041554
-0.250098926082233 -0.0621873125786745 0.0218164263373973 0.0182919398324859
-0.24540629805508 -0.151668162583901 0.0102922851968063 -0.0123117578724204
-0.239417476804399 -0.128659275868178 -0.000293531101858094 -0.0408905113949173
-0.23581445421557 -0.0163596299381988 -0.0373910321226198 -0.0715823219998344
-0.144630512535052 0.0979454249618093 -0.0925437471895878 -0.124599317168985
-0.0612665630874027 0.117658520322726 -0.142636804538797 -0.135535208156343
-0.0109001539171888 0.114292510990863 -0.16138305149902 -0.103743166502903
0.0397821301449101 0.127031099175091 -0.136284899787739 -0.0667196304566722
0.0639866228118324 0.106988883167611 -0.117788780679114 -0.0490189518514529
0.0662315798164196 0.147533833528533 0.100656463283626 0.0100103150975435
0.0351939970414217 0.217603833235414 0.176652419917418 0.0487344527766909
-0.0915240908886546 0.216548167588362 0.185575046159458 0.136680787189878
-0.233544520435332 0.132310737025875 0.0464890138859905 0.200908762455212
-0.257287382094627 -0.0706213673405515 -0.117941424439538 0.115797256066099
-0.200825867589569 -0.198596276705114 -0.119091079811101 -0.0124292454584325
-0.163387040976074 -0.219576193724694 -0.0682004071617981 -0.0682478468752621
-0.230470047531201 -0.141139084209055 -0.078664615219919 -0.0594126090896945
-0.286826279119238 0.0661704038145623 -0.126867535165655 -0.0185935693521831
-0.140801727962808 0.335187179736337 -0.138731163067489 0.0383590134965578
0.223892631517465 0.348066512188334 -0.114819981250268 0.00111806356584223
0.365138232312947 0.0267261547108451 -0.122135560553741 -0.0302209944780476
0.184712306876208 -0.180411290156431 -0.101161699520462 -0.00342926279727924
0.0257501974418901 -0.0881499579367692 -0.0610055060323228 -0.00128462813419854
0.0196034032611068 0.0111191948089415 -0.100825989765538 -0.0469393547385307
0.0506335559570232 0.13878006026473 0.0932646754258218 -0.0473081382490009
0.00669324377168546 0.198064687175806 0.19797427337022 0.0515632805063353
-0.105143338912603 0.158138094476693 0.107329879235069 0.213642447045627
-0.207480109220751 0.0394811058727369 -0.150194836006767 0.206222525065724
-0.171269495488011 -0.15805196322217 -0.295061845344637 -0.0129969723896705
-0.0769425845743628 -0.263839605398672 -0.19522965341128 -0.205794138041568
-0.0579732898942536 -0.251740741391575 -0.0881527520530877 -0.213955086438567
-0.181918653665962 -0.109469409609098 -0.156761508673123 -0.0938579312262072
-0.236517854438966 0.187983140673821 -0.241332789851343 0.131797927695239
0.0264221976396895 0.440321966476603 -0.0620328534413554 0.275852619999554
0.416752284840006 0.310892870114555 0.105245926818552 0.0498022296769277
0.496229797850493 -0.106398716213403 -0.0464974298894024 -0.0854040100274874
0.214594461739924 -0.358198135363647 -0.108919007329498 0.0708530138179891
-0.0247443807404357 -0.224908289370269 0.0013034329507932 0.127382848300466
-0.0279550878908441 -0.0618446501298177 -0.0562532705799513 0.00567001319131367
0.0246559407819788 0.0803680020793466 0.0839072610534254 -0.0955969150290176
-0.00401247125106928 0.106608402854286 0.171627494499754 0.0652562906216392
-0.0519395418756161 0.0625860092748614 -0.0277629691259881 0.193987763570462
-0.0850228211870223 0.00454649157855542 -0.240192135131825 0.0414451040176591
-0.0540213456398011 -0.0909080190470885 -0.254628867820448 -0.179946479356737
0.000266539161190369 -0.150704606551399 -0.138747586744374 -0.33817614272455
0.00109569081235942 -0.16142187701404 -0.0562173410018844 -0.327808346906448
-0.1079978006317 -0.0632249743660004 -0.209258338999843 -0.122062773973739
-0.124338192857241 0.16433811650219 -0.294261872329176 0.288399518173464
0.0936893766437521 0.273647165563579 0.0932360252439714 0.425340725685358
0.295724752520163 0.13258400654569 0.283888592085353 -0.0225456688588836
0.292516870576415 -0.111692000770432 -0.045685417665786 -0.177458036641344
0.104934898645065 -0.265491930700858 -0.155997486473441 0.131744601846422
-0.052602749855333 -0.175440595460316 0.0498400848366342 0.244747800436164
-0.0391789272345166 -0.0646720775017123 -0.00487953673948513 0.0616252742767097
-0.0044651827304024 -0.0131574085193685 -0.0119869391221138 -0.0637890093845019
-0.00991095856187414 -0.0141889172364785 -0.0412619404822436 -0.276859201128306
0.00224804473265677 -0.00572127853699131 0.177491573799421 -0.157666506785731
-0.00782651144260864 0.0115300855043924 0.0871176771005479 0.188953242167045
-0.0435058813666024 0.0155906935981246 -0.302628273771204 0.0718302973475755
-0.034105561998166 -0.013456631851124 -0.182349025267405 -0.429816585079941
-0.00514206396392501 -0.0115025840967751 0.285814112400292 -0.35299641689075
-0.00697738497213295 0.00734687456823085 0.255243612399836 0.135919274837649
-0.0121088683151541 0.019513686629286 0.0429858270107997 0.3738328801621
-0.0102722043157536 0.0211281111584024 0.113761386712047 0.375513039365927
-0.00915372283225916 0.0129368697155101 0.215485582311875 0.229074246633395
-0.0014637709369777 -0.00270914286163355 0.260789833396023 0.0477439434533377
-0.00304529651617393 -0.0113863360815039 0.102715293310035 -0.166304650522901
0.00780187444530749 -0.0213842409140584 -0.160009804053446 -0.0791962199233311
0.00231272752011247 -0.0291874042394297 -0.0742966264926442 0.131952672020075
-0.0284319530400624 -0.0652817208784947 -0.00520437380549111 -0.0369193718411502
-0.0338633353828709 -0.179979564649298 -0.0583357746500203 -0.235870134027864
0.0981384719989914 -0.241111165096862 0.124330322061997 -0.165150772335399
0.258299073822282 -0.095076043709518 0.0836396080835593 0.129697791280916
0.212273274339077 0.152496964301487 -0.245121209423901 0.0492711190739022
0.0358407228144948 0.240178798934247 -0.145745044342361 -0.391640341622672
-0.111019977291799 0.130760392948527 0.265933837793313 -0.304891797379179
-0.102933114229994 -0.0535975849741883 0.2337054977379 0.127023535887478
-0.0103529893015222 -0.124584960630858 0.0429306810263656 0.344300568589891
-0.0118603254295429 -0.114674794944568 0.116443320663458 0.366102999626438
-0.0561797708733907 -0.0606312965269431 0.241486269765412 0.218629056106093
-0.0538590727068735 0.000392014440994108 0.269203050379628 0.00814593591982691
-0.0486096881360749 0.043862437013875 0.0797477047792978 -0.186939870599307
0.00178518435011835 0.0654375251594201 -0.169868909353795 -0.0792434467752284
0.0324443892282228 0.0580838043639333 -0.0735900693525547 0.117361940503536
-0.0245050438326408 -0.0641640509602865 0.0346441844265995 0.0183526842779318
-0.0339174626385746 -0.241084218244807 -0.0396412118692205 -0.128446054051968
0.144811199744609 -0.369196492124593 0.0506217410450562 -0.122739597893936
0.433527649316195 -0.173455543805579 0.0579186626129981 0.0260360546608732
0.387419302505285 0.248042546509308 -0.108030922353257 -0.0227778271695873
0.0532230157330662 0.4063524793066 -0.013182865344687 -0.280774463570962
-0.203007939604054 0.194575012877532 0.223062832671953 -0.169457235814064
-0.182250852349278 -0.102331934347493 0.178983600817915 0.0925257989249134
-0.0425712063783655 -0.238242185690791 0.068278334620142 0.237108095427301
-0.0517014180073883 -0.260798838487195 0.149697198867937 0.272580111434374
-0.155671487271028 -0.175684632474048 0.293830636317419 0.109587004400695
-0.18811135881485 -0.00608340196809663 0.233766523201326 -0.14155513094733
-0.133359180527871 0.131470601876472 -0.0347025386374827 -0.231374838615171
-0.0040052311872877 0.167639484329769 -0.196406122209385 -0.0710465525834165
0.0574232857097406 0.131361771328935 -0.0843307713699506 0.0706795286610789
0.0134877661500093 -0.000398287597011076 0.0771409468221241 0.0566336464558168
0.00692902353746746 -0.129933964177827 0.0220822593339212 -0.0145993161939533
0.124986263793451 -0.247654412831458 0.0349556040831509 -0.054211410294847
0.364975964853409 -0.0893244542651676 0.0709144079110201 -0.0532090599191661
0.29244872509901 0.272896613451432 0.0676758787772733 -0.0565483136196383
-0.051006138217417 0.370035728471579 0.102419952172584 -0.10039254914655
-0.258729243663005 0.121813613676915 0.138600225123611 -0.0283296157068351
-0.232128327212782 -0.132701531529597 0.0998374425938032 0.0415940783463032
-0.133142572888552 -0.250054937049766 0.068648831178253 0.0777429333917572
-0.162489235589766 -0.277812190696113 0.114342771579684 0.071045463275903
-0.272058824653964 -0.169067652578659 0.164525514453928 -0.0760683207700026
-0.293357652640305 0.0504304480535239 0.0432698461410951 -0.231230615624297
-0.162548106561311 0.216293225156229 -0.150720587899082 -0.201856337790501
0.0122513720384773 0.224075027058022 -0.18766760433135 -0.0717280938526429
0.0748561023873826 0.153240262472846 -0.104005107054031 0.00296763446793118
0.0579469705480424 0.091252173361669 0.098349900508767 0.0477032119035553
0.0483999195006179 0.0834412594623955 0.10658795995504 0.0382834593263514
0.0255040759613733 0.0545499548159139 0.121863510258733 0.0223512947456549
0.0338717260457414 0.102017292522046 0.124357344187984 0.0224615917477274
-0.0519557599826956 0.153096168755807 0.0980869173130474 0.0421194667329086
-0.197897613304708 0.0976277372278264 0.0538641209115792 0.041151910865385
-0.247942082959882 -0.0553276452171677 0.0209534019774051 0.0172736383202247
-0.245666242130976 -0.14200508163828 0.007707438331392 -0.0140553316545384
-0.237232124853832 -0.122832022508014 -0.00323757442465632 -0.0385643555956666
-0.233601566661418 -0.013174090223117 -0.0356350526113369 -0.0667278771297968
-0.143227866797848 0.0980943131027681 -0.0907199157176628 -0.117164241555643
-0.0610749866367459 0.114376012570059 -0.141009908273189 -0.127752025012772
-0.0116669717650046 0.111981612449948 -0.159083119417388 -0.0987549910700895
0.0395534507592963 0.124105519086784 -0.13217181584295 -0.064659773950908
0.0653837844098405 0.103850150947263 -0.115122364975416 -0.0473948291256157
0.0715182403184774 0.150265596548219 0.0990535470592651 0.000735624961203445
0.0407954028791944 0.221245742034378 0.17977106179057 0.0385335378806577
-0.0881365070110102 0.221496426817602 0.191398834705286 0.12768514346315
-0.233343792566701 0.137492012646361 0.0540179124951301 0.200612545916853
-0.260255930270842 -0.0666821506016006 -0.11395034290837 0.120535323871551
-0.204249994486694 -0.194618939642759 -0.119318005441688 -0.00958407768403091
-0.166001372234717 -0.215589791044157 -0.0711313936365411 -0.0668663007730672
-0.230288497223746 -0.132071796533914 -0.0814801096228979 -0.058581345493869
-0.280442872436956 0.0720370289637733 -0.124677817540496 -0.0134537227244981
-0.132484068642218 0.336560385023413 -0.131960079333645 0.0393089160493851
0.230363159253098 0.341562869763006 -0.111800902092705 -0.000765561225815227
0.366208095866843 0.0189897313431523 -0.127345286746938 -0.0313608841797975
0.18245831996908 -0.186487160094325 -0.106613103754213 -1.43073955986693E-05
0.0245132122337134 -0.0893541120536594 -0.0602817110535369 0.000322824831003856
0.0198348242828558 0.0089474249468114 -0.0986745441470241 -0.0436694243399372
0.0528328810210489 0.142920862431518 0.0921390584953148 -0.0553029288072213
0.0105363997955532 0.201118229826363 0.201308972317796 0.0415681682168986
-0.101986799474719 0.161546470229503 0.117016737821836 0.206800312339093
-0.208371611775751 0.0457139599223617 -0.139275683880916 0.207874192665337
-0.176670154189015 -0.154974821804653 -0.292454865078716 -0.00383673357845494
-0.0829532440551659 -0.261920131995606 -0.199510341153461 -0.198746145412911
-0.0633086819825521 -0.250560104939135 -0.0929099598359714 -0.211025756769786
-0.183117878449149 -0.101668714136777 -0.156655869762252 -0.0915080939150947
-0.228282551108724 0.192825690549075 -0.231949323624742 0.136848996670026
0.0363052614427336 0.440585514795859 -0.0505585754456261 0.269510319666293
0.426482364478738 0.305708718383574 0.102998299425019 0.0371211647577893
0.495459392810852 -0.11754633864096 -0.0581586335477563 -0.0872070901545764
0.210038397622818 -0.365523009424765 -0.113562527565986 0.0764416876028151
-0.0303224140257478 -0.222578636554957 0.00251954349674929 0.126769611583883
-0.0289973987085839 -0.0610926645390896 -0.0540913536033942 0.00822068192452312
0.0237066601477516 0.0836547376988299 0.0817969758419419 -0.0995077339979147
-0.00244360405871601 0.108594808183427 0.173722276845985 0.0575966531868728
-0.0499310454812551 0.0651638397907163 -0.0208468609478045 0.191740823491643
-0.0873427618272784 0.00912253157320203 -0.234431895070979 0.0454893645396526
-0.058737001561683 -0.0878064024768943 -0.254637710129745 -0.170883374859643
-0.00493997277721419 -0.150430824075144 -0.145523393971799 -0.32999790125214
-0.00366019017981406 -0.162430246639735 -0.0614415830362217 -0.322076406298279
-0.109134308522034 -0.0581368542608376 -0.208902450044889 -0.118124058307237
-0.119686442726267 0.166292466799734 -0.279363117396852 0.293244401151846
0.099808077273727 0.274231089003562 0.104309623709653 0.413161290712207
0.301538513113264 0.127925472606862 0.275005893885396 -0.035166374440577
0.292972757368955 -0.121699527714954 -0.0574522369094908 -0.174534870420915
0.0979846291457846 -0.267614031700843 -0.154192876948098 0.136087491255559
-0.0582065453484989 -0.167831415153022 0.055598489520867 0.239701351270158
-0.0418562563995934 -0.0610131484372308 -0.00242763825599226 0.0596452457377655
-0.00652868021429272 -0.0120646464735747 -0.0133631871014048 -0.0629545591252009
-0.0111016455136383 -0.0129908885073321 -0.051533764806627 -0.273854218960507
0.000149838979233296 -0.00571870732059398 0.171717335434589 -0.164156640301769
-0.00788664916562854 0.0134803474554098 0.0962596584101135 0.185885342100314
-0.0452611677554132 0.0176799189211001 -0.298033827289991 0.0810184317150874
-0.0344019319154298 -0.0114083342189955 -0.193823779232511 -0.424908225830564
-0.0057988345728099 -0.00986589124763524 0.275357948491022 -0.363046104526623
-0.00737043768343104 0.00755426782571259 0.259741241435815 0.127286291265319
-0.0126017561518546 0.0210756125895077 0.0539232108025819 0.373267065237815
-0.0112101705816633 0.0212930384363234 0.126434787554244 0.370303168186345
-0.00880516776974902 0.0132649789043257 0.220229338511315 0.220332954355833
-0.00230565811840502 -0.00237825126245326 0.261248593436037 0.0396847112120881
-0.00451493264252487 -0.010345526645038 0.0992763070640172 -0.169048500455882
0.00673427794489348 -0.0210045659900951 -0.161494175716084 -0.0742416019582845
0.000529561448536604 -0.0277946799597614 -0.0688794728246945 0.133181929601685
-0.0309994011535116 -0.0636577475613909 -0.00530580897277442 -0.0359918347530977
-0.0390735155772867 -0.178152478229374 -0.0670433919523119 -0.233170941016369
0.0889168201505044 -0.243734959169134 0.117856887384361 -0.170638244482881
0.253771909944537 -0.103690166232965 0.090119127242268 0.127235965959961
0.217991292231612 0.145662231233851 -0.242967138138237 0.0572697558494123
0.0432037188471989 0.24024279539053 -0.156635394081627 -0.386103923503638
-0.106463103979648 0.133509981986447 0.256098193351504 -0.312955688178492
-0.104956920402636 -0.0490588521015278 0.236264019071985 0.120040115190126
-0.0147741173159599 -0.12483665943734 0.0515071569709784 0.34432819533488
-0.0154582894585939 -0.114567526276128 0.128497829461509 0.360536417958365
-0.0571539699301224 -0.0567149897977169 0.245971673384978 0.210212301833668
-0.053520686955898 0.0031883081542081 0.267453604448721 -0.000136191672468889
-0.0469410952526561 0.0453014918207969 0.0734177070260487 -0.188688032750444
0.00407437075981209 0.0649795414647 -0.171409200944921 -0.0733556931456445
0.0328288280619429 0.0581845426445642 -0.0690402125656557 0.118565675726082
-0.0265359280626792 -0.062912725042719 0.0356250673311519 0.0179401485100286
-0.0425340819097518 -0.239060991505452 -0.0441070157808224 -0.126081252938297
0.131508490691386 -0.371445865129376 0.0464992994672462 -0.124428588678699
0.428430599297987 -0.187869206962905 0.0598587852231188 0.0250649765346373
0.395895158827606 0.237302482928814 -0.107415071651107 -0.0198929565959516
0.0671286087468148 0.404801467814264 -0.0226353027281014 -0.279392116012845
-0.19581256269004 0.199354479608978 0.216864977274763 -0.17600673226903
-0.185461753371914 -0.0966184405230508 0.1804851474805 0.0876289739838521
-0.0492506675904228 -0.238044487903684 0.074808580436962 0.236109412432443
-0.0599830256397234 -0.259067907927006 0.157936066406428 0.268627968000399
-0.161235912130291 -0.168616584381229 0.296089676660858 0.100874718132121
-0.187454733836492 -0.000833439351861199 0.227927677112399 -0.146861451495334
-0.1265105325149 0.134921733048723 -0.0414930163387994 -0.22907896615533
0.000899415295961619 0.166600723995616 -0.196978479388835 -0.0644593511389817
0.0614285455960491 0.129800700309976 -0.0814785120459463 0.0726991922266686
0.0147805916376264 -0.000592735518070281 0.078978713608896 0.0550631978516024
0.00245011615090174 -0.129820131797267 0.0211565252926651 -0.0138043572548928
0.116254744880566 -0.250554723839219 0.0327689239895145 -0.0541263612466828
0.361388571491036 -0.103156750724249 0.0687600262873324 -0.0539762169876084
0.30210459356119 0.264973452912981 0.0658338358436044 -0.0596248416543301
-0.0367386892534019 0.372351659516844 0.0991809414892046 -0.102309395810954
-0.25328081507424 0.128793664265132 0.136545678468424 -0.032301645296147
-0.235070940240122 -0.12533026466903 0.100584415938152 0.0397232856318207
-0.138582898749801 -0.248079477302314 0.0704722874734297 0.0772843132769877
-0.17139232582273 -0.274011625080976 0.115701436016496 0.069781463839945
-0.276897207836579 -0.16111642018924 0.162760763143389 -0.0793815531914471
-0.290924546020337 0.0579937168408486 0.0374013908288216 -0.231163264499006
-0.154572160817656 0.219435256516841 -0.157268688508558 -0.19626317492008
0.0197898781277045 0.222966353032792 -0.189639215056688 -0.0647249864697796
0.0801754444723395 0.151009132162308 -0.103379253036509 0.00659792524203801
0.0623228292128324 0.0895195356814487 0.0991377608160947 0.044309300847689
0.0524378405686934 0.0822205200433258 0.107754185768434 0.0360656232835862
0.0273481872983472 0.0557047879585822 0.121725489054806 0.0201285083899343
0.037965452644491 0.100521228872274 0.123609927758422 0.0209165768913409
-0.0473622634452275 0.15284414746438 0.0973942366742167 0.0386924424851268
-0.192365080842098 0.102417771539744 0.053276762234307 0.0390100132071619
-0.247072109491619 -0.0485031862659601 0.0203480968515839 0.0161563032710111
-0.249665010835937 -0.135267243098279 0.00631061146638788 -0.0139694099397775
-0.240625507842546 -0.117286930811159 -0.00352944539760233 -0.037774161113964
-0.232193738121051 -0.00804294810355671 -0.0367523456595931 -0.0643246751263052
-0.13899030244678 0.101609484035873 -0.0941642704318007 -0.113488165072697
-0.0580762600972218 0.115052730691584 -0.14408713730788 -0.123571921705081
-0.00785457184291873 0.111916566450741 -0.160959862775757 -0.0939956097116954
0.043983291623616 0.122708514816017 -0.134126395945664 -0.0600385570759565
0.0708811164466293 0.102270814870064 -0.116342750741198 -0.0437902853738761
0.0767176396021173 0.147683558211738 0.0977789998389788 -0.00141375215759731
0.0483681281822505 0.217935046995566 0.180769583836972 0.0328561836296961
-0.0800033899528313 0.22480217712249 0.194763216159942 0.121367106001277
-0.227528700824865 0.145116261503308 0.0590350990755771 0.199857302577391
-0.261716707233995 -0.0590350957961488 -0.11129087054516 0.122763276557645
-0.207785274530035 -0.189171440587416 -0.120203248179476 -0.00684193630760458
-0.17025033312615 -0.210322665646492 -0.0736618347412994 -0.0661216525454292
-0.232773451471752 -0.123809071997389 -0.0838192284679918 -0.0572149826891555
-0.277772181302405 0.0789823970613215 -0.124872378225064 -0.00980315214867314
-0.120832555334746 0.339267369888175 -0.130094393973599 0.0428136739529731
0.240760650136711 0.333370208133916 -0.110845624289326 0.00239683491956001
0.366459934975284 0.00630332615053466 -0.128504027657251 -0.0269661867219838
0.175984218977151 -0.191249144684941 -0.10710107407961 0.00267247041994639
0.0217926027993063 -0.0906381267476098 -0.05932655210053 0.0010176498412436
0.0217575173314233 0.00960875085611368 -0.0999825086772612 -0.0415593454574556
0.0574210054782284 0.1423842212792 0.087996084659021 -0.0583533136403619
0.016871034204906 0.198308847366107 0.202160199347469 0.0331485013418718
-0.0968159306622336 0.164784553127097 0.123255886056707 0.20184734979499
-0.204971669954507 0.0526390870760143 -0.131784579693288 0.210770875621706
-0.181482680612566 -0.148339129895064 -0.290731212193572 0.00360023439989902
-0.0903856688549395 -0.259368565508476 -0.205293358785477 -0.194081428127793
-0.0698842242984768 -0.248973606391331 -0.0986433482589762 -0.209687232194849
-0.185586522109458 -0.0958854255322405 -0.158837341940342 -0.0881639303579213
-0.223579481447192 0.201287511430446 -0.226176768649867 0.141956426695744
0.0488522420603005 0.438809075565081 -0.0417278220066902 0.269689793463785
0.435298876575186 0.293168697169852 0.103468752788513 0.0327800002860265
0.492412425024308 -0.132080512642971 -0.0625600154764949 -0.0862590864944173
0.195877014516469 -0.370846098876305 -0.112014001910999 0.0801835977232076
-0.0376405671385026 -0.22105167509876 0.00776715152354784 0.124579456257499
-0.0291234823287778 -0.0588010977659529 -0.0535296357465556 0.00862457571984115
0.0257555025070174 0.0838206793669316 0.0772622373207095 -0.103655949579305
0.00051543691897421 0.107023383418913 0.173765743381501 0.0512990001682223
-0.048363517573445 0.0663919202513645 -0.014285572585545 0.190650474240897
-0.0864299512439781 0.0128829864531689 -0.230845040299051 0.0503531609415385
-0.062849311832199 -0.0850271915129328 -0.256070185897164 -0.163300765038198
-0.00981463564022364 -0.148239760850904 -0.153527523248977 -0.325704149433187
-0.00900744435786082 -0.161492276721999 -0.0698306326463305 -0.321481444580214
-0.111264686407238 -0.053227255231394 -0.209975456509084 -0.114120167970364
-0.115184504146625 0.172488048096199 -0.26878159564698 0.299897821538346
0.10708661582091 0.272494271412373 0.118920899212357 0.408981935874666
0.304487885713701 0.120652631391656 0.273251537914884 -0.044794275176588
0.287434078886771 -0.129227818439992 -0.0640484472854 -0.173443274747847
0.0881118709821296 -0.269103806913003 -0.148607030789776 0.142852987829723
-0.0649866608252076 -0.164840158943872 0.0647412145958264 0.235975756529215
-0.0434511913450687 -0.0581667325473154 -0.000180141120526611 0.0588115872920532
-0.00767051419704449 -0.0102841906965908 -0.0165273046551894 -0.0627054351218485
-0.0119176289190738 -0.0124276437091384 -0.0612688689052601 -0.271508875120745
-0.000160915964110287 -0.00546878112569576 0.16395330684465 -0.171722294668126
-0.00847183615510646 0.013291908774359 0.104472280071075 0.181324413849204
-0.0441426098460742 0.0194881357747091 -0.294722451132013 0.0917149022018932
-0.0351785701740954 -0.00958768283096162 -0.208481096908451 -0.419650285811177
-0.00627728108976671 -0.0101843701865742 0.262936140600994 -0.37222814108315
-0.00763979336833679 0.00942186232310474 0.262806272285133 0.117963648091535
-0.0122982403416738 0.021833819833386 0.0672303645692 0.371539965998881
-0.0105655719559903 0.0214846716635346 0.141015094686328 0.362533457464448
-0.0100450025864341 0.0145632115633578 0.226033712297387 0.211256420769475
-0.00353876305964062 -0.000763806286614755 0.260329253374762 0.0308690223409173
-0.00572245070540995 -0.00840538017205128 0.0939200370293809 -0.173255632163402
0.00607826272639228 -0.0204971163194794 -0.162981676914482 -0.0704729899656337
-0.00118210407819409 -0.0284538720756321 -0.063179067582687 0.135959253373704
-0.0333502169205393 -0.0607631628936167 -0.00681708519206058 -0.0354074692683184
-0.047082352411669 -0.176361478430773 -0.077236518541485 -0.230586140231717
0.078509893485155 -0.246059643916751 0.110675724726703 -0.174614818327622
0.250141392155774 -0.113377281808223 0.095668594569297 0.123878278726715
0.223715930584224 0.138457042653421 -0.240689096862151 0.0652950079484589
0.0533239093137852 0.238868171973443 -0.171115770807046 -0.379486173843491
-0.10009319997349 0.137277073284486 0.243841916810491 -0.323162619100286
-0.106272224315878 -0.0443160077699771 0.24044047668466 0.112122808458667
-0.0195681504476651 -0.124360747619131 0.0632358349036657 0.343387867157934
-0.0195134227022853 -0.113910428483847 0.14044360077574 0.353536571001438
-0.0595576449238459 -0.0535755762880716 0.251336284797642 0.201164799154514
-0.0525176363581319 0.00589926825840341 0.265617928846432 -0.00790055701255001
-0.0441342781219268 0.047407737371613 0.0667598376742098 -0.190698009628557
0.00624822460209974 0.064279833923489 -0.173551985989662 -0.067593025887128
0.0348064011559501 0.056341856115992 -0.064624722520709 0.121269474980635
-0.0280093893107525 -0.0613215915485022 0.0362712929768642 0.0167761022105024
-0.0519470620987264 -0.237540130624016 -0.0498680120582743 -0.122290556981994
0.115725667096657 -0.37604966057393 0.0406344207628652 -0.125402488359402
0.419197269018581 -0.204925881687727 0.0620119903963913 0.0234862481129875
0.406328936808731 0.221275130701513 -0.108345489657398 -0.0162555240818553
0.0836167378358626 0.403056536979707 -0.0330278705352005 -0.277440895892629
-0.18586917722187 0.206068258617757 0.210115058946577 -0.183348583629256
-0.189225217985005 -0.0894907690878893 0.18285749009199 0.0821256232970961
-0.0577096604738857 -0.237096278255722 0.082114228467368 0.235567811818597
-0.0689956596529232 -0.256899586176184 0.167487181442497 0.262868471814114
-0.166810637509977 -0.161443590784876 0.298383390489275 0.0897869689312863
-0.186668640981129 0.00583875908426206 0.221429401614549 -0.154519174952967
-0.120898168216388 0.139486109892106 -0.0487973310315297 -0.226631353444119
0.00786412595564902 0.164721407218695 -0.199606883971499 -0.0554170288408237
0.0672723937431001 0.127517087894413 -0.0792596409119802 0.0753500552715315
0.0160369084904201 -0.000872495717308267 0.0813743362848732 0.0519423970233235
-0.00200225969684428 -0.131033860208392 0.0200005152499019 -0.0119444554271474
0.1059171073643 -0.252393931495905 0.030855486140027 -0.0540815368574222
0.357660430611891 -0.117219084761962 0.0679040215165235 -0.0542221329372409
0.312523160317368 0.252135381583671 0.0634305166583565 -0.0623406774410686
-0.0214768513776408 0.372560587505938 0.0945662796264834 -0.105614538049212
-0.245532269320846 0.134216042168522 0.135134397414206 -0.0371195887818313
-0.238366595560647 -0.116723567258025 0.101009503114051 0.035872526911397
-0.146195401676673 -0.244351867388197 0.071905479042561 0.0763233297904406
-0.181545591761259 -0.26760424707503 0.118947169230335 0.0670255740441642
-0.281362209104336 -0.151038719582683 0.161278548060113 -0.0840531149892287
-0.289140385587285 0.0669860298900484 0.028897809461429 -0.23080796861455
-0.144532439992879 0.223965419793624 -0.163593224241103 -0.190146081225432
0.0288618553166871 0.220888683116205 -0.191787004085577 -0.0564186227104631
0.0866076793827054 0.148405842758592 -0.102893473609177 0.0109571194140324
0.066617715501413 0.0873686312820776 0.100061245495451 0.0412472963192157
0.0557845916806948 0.078745141271779 0.108915468805178 0.0332010491859354
0.0289682458801382 0.056394375267259 0.121519952173662 0.0172217255336328
0.0410604177424342 0.0980207396292025 0.123664450036806 0.0188249585857684
-0.0412784938659126 0.153681885913794 0.0969837083553053 0.0340762301875293
-0.186968072836813 0.107654888502467 0.0537313020280317 0.0366342026992096
-0.246077381764915 -0.0421759603254912 0.0200627358804612 0.0149572909992657
-0.253641387273382 -0.126440882522788 0.00496702267898535 -0.0138658288893346
-0.244191538857427 -0.111303114122336 -0.00539357992831689 -0.0364658224255571
-0.232525463771586 7.84300536281327E-05 -0.0378445369443581 -0.0620849225878857
-0.135749650717308 0.105102779377511 -0.0965053080002543 -0.109087351642963
-0.054383844879446 0.116846163238611 -0.147635039772399 -0.11739254999744
-0.00417232461934262 0.112106033971397 -0.163783353538073 -0.0877581743854769
0.0491344287309777 0.121197188377908 -0.13654040702548 -0.0549395736057513
0.0757423524594578 0.100189949688483 -0.117882996988512 -0.040485355274811
0.0829217310874986 0.14520077171697 0.0957654605720294 -0.00549130470386783
0.0575632536513129 0.214663761494751 0.182310565504305 0.0255791156759061
-0.0723242110162516 0.228438073823326 0.198617342483153 0.114954805728269
-0.220901505961328 0.153376953770201 0.067117241464556 0.198361508852451
-0.264804241670483 -0.050584542704083 -0.108758279304804 0.125369854973865
-0.212812272844018 -0.182791443656705 -0.122222713797791 -0.00533151181652753
-0.176872432428116 -0.206739586729239 -0.0770959475074701 -0.0652717601356254
-0.236154930540546 -0.116137522221817 -0.0851396665348215 -0.0548122149009796
-0.273762798449226 0.089099247169618 -0.124351144760536 -0.00590045386452708
-0.107675793693421 0.343238732869604 -0.127580482103545 0.0480224764565304
0.254388412507308 0.325048208784154 -0.111063288052097 0.00531059424853724
0.366549819266294 -0.00737585105806518 -0.130393134041874 -0.0233306377580212
0.166864264751072 -0.197976184358639 -0.10733266103511 0.00610425394139635
0.017563761272682 -0.0892003700789131 -0.0584046151085052 0.00145919147882127
0.0232202221148268 0.0102652243515633 -0.10128957836631 -0.0387305773211116
0.0627753592068264 0.140505912535396 0.0842382222506391 -0.0622293304757887
0.0239962566370755 0.196250905618033 0.2027299676502 0.024322298944912
-0.0896216117022935 0.16883885495018 0.131027735223185 0.196548194694807
-0.202081730362442 0.0601702487112943 -0.122813578407255 0.214262244205358
-0.187219011563498 -0.142108938993647 -0.289168157284755 0.0128042200126057
-0.0998541936335289 -0.255942032817555 -0.213663901319029 -0.188026755489244
-0.0784722677436654 -0.246058483563873 -0.10661763704714 -0.206237820307646
-0.188669132212319 -0.087855037824405 -0.161186052882516 -0.0840299903306631
-0.21716825419349 0.209492165246541 -0.219802484763021 0.148730965964605
0.0657941757736981 0.437772076884684 -0.0309827603834478 0.271743220725112
0.44706044201133 0.27879333645435 0.104357055964931 0.0278499688994774
0.488103902802656 -0.151796732480558 -0.0661294695779912 -0.0850404743405415
0.181502002263142 -0.377549007858334 -0.109245690853306 0.0840611909742447
-0.0471503489618655 -0.217629430862724 0.0134427434004868 0.122109381437567
-0.0307279649763137 -0.0555059938129986 -0.0524586252188716 0.00822066182193052
0.0285156118842165 0.0847301928601589 0.0723261057991224 -0.106540080056953
0.00423818247429981 0.106672270613044 0.175810824892012 0.0442304585072382
-0.0455970546438432 0.0678210093476982 -0.00691477276726885 0.189338936387372
-0.0862082248206672 0.0173986471657119 -0.226252562549372 0.0562263145089439
-0.0664708755122856 -0.0813518408923404 -0.25910821078558 -0.154126844470807
-0.0167748274100131 -0.146802822065762 -0.166487023098488 -0.319752938114296
-0.015344654550978 -0.161270684830625 -0.0807443779550444 -0.317968506342226
-0.113474274457253 -0.0488474661868042 -0.21154278134709 -0.108547256347532
-0.110139873309687 0.177663042254279 -0.256283024413817 0.307779920019154
0.116637899563171 0.268618748904019 0.134367719110196 0.405755404456921
0.309500752798851 0.109873335382089 0.271238379145441 -0.0562283970505149
0.28263235857815 -0.140392509389308 -0.071059083259928 -0.171369078494852
0.0774819608470035 -0.272021992920444 -0.142526779838016 0.147626653475689
-0.0721769776956689 -0.16174511465068 0.0749492252569862 0.232579947720932
-0.0449214823497664 -0.0549956493737365 0.00257819936772649 0.0568913434626984
-0.00799909235868863 -0.00878125044379214 -0.0188066421612777 -0.0608800249757987
-0.0128829929998343 -0.0109238279926093 -0.0754426798992869 -0.264922576500194
-0.00248372491960554 -0.00504880156747603 0.152755964660979 -0.178146680278087
-0.0076149121987497 0.0149838723551188 0.114612128947191 0.173421039022179
-0.0430964149041037 0.0212926448369432 -0.285055633721379 0.10479126767641
-0.0354028053243207 -0.00734543092361375 -0.224881499108728 -0.404360043415338
-0.00611166662635318 -0.00948093589690845 0.242151106225265 -0.380314547841124
-0.0070068824515031 0.0101748133130541 0.263307836958282 0.10457338960863
-0.0118563251600281 0.0231096581127413 0.0823070733952561 0.363699252903208
-0.00977277111355896 0.0223276689503942 0.153953912997464 0.348345845663853
-0.0089586803790685 0.0150318589554977 0.229471588934379 0.197169954333917
-0.00273907529455691 -9.01017466948539E-05 0.257494779791559 0.0192940183310958
-0.00664104649015527 -0.00674976334128588 0.0841765606941079 -0.175267765632239
0.00495378368394892 -0.0189872816319676 -0.163817874432068 -0.0628507523509221
-0.00234144318892363 -0.0274652396051154 -0.0554502937835542 0.136529263022695
-0.0357068876570942 -0.0579995569864404 -0.00820237401834093 -0.0348557003284414
-0.0557061161783343 -0.171294549357622 -0.0884742741385076 -0.222208418184524
0.0656158416740665 -0.245568469157865 0.0995096378181164 -0.178039475221005
0.242667745136 -0.123872820214219 0.102130261230217 0.116970462550111
0.227468765984081 0.125373992513187 -0.234247085252515 0.076176306678497
0.0647179800863054 0.234094920404215 -0.185314691921945 -0.368217460452816
-0.0924977827395767 0.139548138367667 0.226624777858666 -0.329248270165679
-0.105989605447061 -0.0384428946428544 0.241033913779373 0.0999101940169921
-0.0240028980379258 -0.121795636035079 0.0766575510331683 0.337511421981885
-0.0239537508465184 -0.110848024974586 0.154666317273325 0.340946382288076
-0.0609123016524991 -0.0483136612222905 0.25376795296919 0.186643006674381
-0.0505262086444834 0.00829835056634479 0.261110658444707 -0.0183510799188587
-0.0411892594916171 0.0488816530559779 0.0585563272680661 -0.190697221253525
0.00941660671334313 0.0617400216583645 -0.173467678263773 -0.0585690289164952
0.0378608896218948 0.0544028534870362 -0.0577567058958901 0.122427894915491
-0.0298960663799179 -0.0583278743225934 0.0375233176585293 0.0153436255597545
-0.0626305869778829 -0.231490955044692 -0.0557183282011709 -0.116448961735148
0.0960839296287124 -0.375670707438652 0.0334267215355494 -0.125866828499603
0.405209821021465 -0.223384772299791 0.062970440598322 0.0207159070742703
0.411700175790247 0.200442799283403 -0.107644373783213 -0.0113068743341638
0.102074321928155 0.394116098375822 -0.0453730653354084 -0.271998475000101
-0.173154372214335 0.210014270502432 0.198425961179623 -0.189348504529197
-0.189747203608051 -0.0791721109461373 0.183708288145054 0.0743495389577259
-0.0669284935583251 -0.230660266271705 0.0902246856254347 0.230746706328989
-0.0789105917079446 -0.250426919778592 0.177508580497638 0.25311526172949
-0.169648506742096 -0.151605036632303 0.297024048095979 0.0770294663001983
-0.18192568170739 0.0146342379664248 0.211895335969413 -0.159386231536669
-0.11074981535998 0.141129487732189 -0.0584071542181638 -0.220538181808249
0.0161972456711946 0.161027362532668 -0.198746735394916 -0.0450853488839041
0.0725771362628374 0.123056038836338 -0.0739974805443119 0.0788688127747362
0.0169589833420575 -0.000378504490588586 0.0825458911922276 0.047992417902385
-0.00832643046215224 -0.128469306500678 0.0186921764740868 -0.0109463768160653
0.0927876967362817 -0.253111486987214 0.0267855641404587 -0.0529943932138528
0.347869506907005 -0.133388009607118 0.0647518108809057 -0.0548248259140766
0.320226706537632 0.233716812696189 0.0587789129321618 -0.0646106910860635
-0.00345722659886596 0.36748277742232 0.0880163660576637 -0.108087590051456
-0.235127171693717 0.14300799607234 0.130176831576464 -0.0425058571574587
-0.239820768050082 -0.105264366395335 0.100033087180262 0.0325087625596436
-0.156028711424017 -0.235469287176325 0.0743265864819673 0.0737404317502793
-0.189545349806733 -0.257779872082906 0.121090810694386 0.0629254302853573
-0.283932657150199 -0.136664480605378 0.155831486341709 -0.0882121558230737
-0.282658724726212 0.079439434324857 0.0202831971616039 -0.228744219892143
-0.131981182730066 0.226656557647449 -0.169067826842669 -0.179241560045914
0.0399019406674757 0.21451156416638 -0.190782113566527 -0.0458796497963942
0.0924519078971375 0.142797953783003 -0.10069249175861 0.0151688338703197
0.0709225161396877 0.0835328060859604 0.0998234289201726 0.0368574806858068
0.0589142848358324 0.0746974148214555 0.10936038966449 0.0281336109051422
0.0308581999012038 0.0556100443055183 0.119548433802735 0.0128479886627306
0.0449782006124872 0.0950787730300809 0.123739509471437 0.0148871539112717
-0.0332759138381008 0.152917524951203 0.0946185915845153 0.0287399932013238
-0.178184039991763 0.113920468940442 0.0541489932560458 0.0338607474755072
-0.243969402963172 -0.0326787831402489 0.0198981029723727 0.0132641725680432
-0.254083380447468 -0.113262263571877 0.00445563841988663 -0.0140401516321765
-0.245159597718172 -0.0998282637397713 -0.00733233579791143 -0.035307165142648
-0.229858508299428 0.00972028486471377 -0.0395850360174531 -0.0584433262981046
-0.128377705326114 0.108772922450703 -0.0987407308034051 -0.103160423899651
-0.0504720866908678 0.116751123326582 -0.149323051316789 -0.108885050744311
0.000777571894641935 0.110128814445224 -0.164512704228525 -0.0795023855161279
0.0546902343192867 0.117382983968992 -0.136166084780153 -0.0491112311227994
0.080254729072767 0.0960726087181504 -0.117896578215327 -0.0337997403539853
0.0893134686487927 0.139908039940397 0.0930595882030935 -0.00968451305959617
0.066136117354072 0.207791991355877 0.18022324717008 0.0159681254807284
-0.0591286296553536 0.23039291864856 0.199787773166752 0.104686079143776
-0.209809722463058 0.161112004575914 0.0749088594697898 0.193250126879574
-0.262831136293405 -0.0389880370699825 -0.102383591624336 0.127238919974582
-0.218026849875542 -0.172313724915165 -0.122820188148293 -0.000868885466654197
-0.181387719245502 -0.196472693747922 -0.0804595239194109 -0.0616101671866859
-0.236469600034689 -0.103728470830845 -0.0868612910316497 -0.0512410493321648
-0.265875184546946 0.10011188273786 -0.121818402677635 -0.000930785092210945
-0.0899991029853169 0.345347535220173 -0.121823379150465 0.0537727915236417
0.26628080048797 0.308381123229218 -0.109329332868719 0.0104597878021741
0.360658844794665 -0.0261557163785398 -0.130310970955821 -0.0174924232096237
0.156301490485719 -0.203057655892423 -0.105722189560666 0.00938154849344185
0.0140392700482941 -0.088189236956265 -0.0578680261698283 0.00277839697543765
0.0251933032291907 0.0104864455912583 -0.101231461524607 -0.0343876547363159
0.0688772832402735 0.137155905351642 0.0793945936643175 -0.0646405348424312
0.0323662911168256 0.192191883340204 0.19982143240494 0.013626794715307
-0.0794658202692973 0.170752420765595 0.138143928690013 0.187470696188884
-0.195080037087215 0.0704898823448377 -0.11091939124602 0.215785665225966
-0.190782177783402 -0.12947363359783 -0.282978515989425 0.0243191880819159
-0.109684261407952 -0.247632210417245 -0.220087946977563 -0.176140393067702
-0.0870603686477598 -0.239894956646573 -0.115105333607481 -0.200381792729854
-0.189539805343015 -0.0780733898346671 -0.161110887670901 -0.0778537054339923
-0.203615512458331 0.21815556934332 -0.209095663334982 0.155666624926258
0.0861130870530739 0.430290987170027 -0.0176616404645019 0.268480425936926
0.454767049479849 0.255254676477706 0.103873638517253 0.0223098532261903
0.475361115548867 -0.172338408668198 -0.0698258669040853 -0.0807876158966239
0.161981731337655 -0.380262937212218 -0.1047210980271 0.0883909194444684
-0.0565287139076777 -0.210633232598237 0.0195346452756082 0.118138203257064
-0.0319754091912772 -0.0520298743562927 -0.0514088573707553 0.00912546388844357
0.0317429041352901 0.0830112036487254 0.0652819016858803 -0.108368410026345
0.00863184564297557 0.104488957853629 0.174916238169181 0.0359945821140924
-0.042364024135294 0.0681199540130616 0.00175173946739716 0.186780432019017
-0.0830904514079673 0.0221101660473744 -0.219328101523935 0.0646120726838109
-0.0691550660554547 -0.0763532827088367 -0.259716258976225 -0.141621655874858
-0.0231643051720228 -0.143064135388114 -0.177225333812576 -0.307345796830356
-0.0227938475208755 -0.157741599292096 -0.0928793659956681 -0.311420162181841
-0.114786909999768 -0.0427432016085247 -0.212868492390588 -0.0993337388488592
-0.0997167831814118 0.182038387383722 -0.237384658115918 0.314618763410761
0.127174545571366 0.260169570253412 0.152202208173343 0.39453987864617
0.310010438633964 0.0955496207418485 0.265313833648749 -0.0681932109659258
0.272070217123199 -0.151444593920234 -0.0788440202778997 -0.166036767404793
0.0622007223616255 -0.27215191201583 -0.132573942752431 0.153937567109094
-0.0788816599082048 -0.154454195328866 0.0865062654169822 0.223565781505467
-0.0470796006046759 -0.051496919979043 0.00574341234406989 0.0552791768531629
-0.00676773802041408 -0.00661547859810985 -0.0204511409811483 -0.0584136811403147
-0.00851254247966198 -0.00627631235174334 -0.0818102406521691 -0.257852804740548
-0.00347717058654461 -0.000339734785244263 0.14365821368851 -0.179919647049602
-0.00995348331612698 0.0138272206449116 0.118515906621358 0.164734268136147
-0.0385422244950286 0.0216804890716334 -0.274584949209068 0.110368566548306
-0.0312443854048962 -0.00432263665356987 -0.224346508672924 -0.387875516268798
-0.00412307929730417 -0.00794250367828092 0.225966890756808 -0.373034348497122
-0.00723888761858364 0.01120781982643 0.254528005324909 0.0942011361926361
-0.0101863642579437 0.0213861076140169 0.0864593505846625 0.349983086072874
-0.00759227390708269 0.0224761259140987 0.151747315411739 0.328370306084446
-0.00711297141682149 0.0166362026197095 0.221183969221712 0.182190020561786
-2.75963781202954E-05 0.00227675424531261 0.244148972190535 0.0147784674650494
-0.00518538981171667 -0.00788281781153958 0.0768874415367149 -0.167321330961539
0.00107095523764091 -0.0204596324761681 -0.155705524503407 -0.0576305931463197
-0.00794366997689683 -0.0213296761123631 -0.0481996332938888 0.129464562613738
-0.0374933571223776 -0.0558583385451164 -0.00650096642126722 -0.0314969474824661
-0.0612509529976625 -0.167708694231624 -0.0891953390841106 -0.209658556951744
0.0533536075042336 -0.247267543401351 0.0921880912266127 -0.169136483666889
0.235603579521815 -0.137026486821292 0.097887250800173 0.118025098618219
0.237015485650573 0.114468297388056 -0.232748865557795 0.0811023022269874
0.0758518504863883 0.228668658229746 -0.191635485445415 -0.354616515946924
-0.0825767465733522 0.139447977897965 0.211407757658749 -0.324949581432595
-0.103757346709672 -0.032992588456863 0.232485037725139 0.091916243321427
-0.026352883062829 -0.116943932550615 0.0793613488090244 0.32348160773204
-0.0250429552912926 -0.103982578142316 0.153592373314839 0.32143058074868
-0.0565953116488593 -0.0426221915144241 0.242600431774017 0.170836177988897
-0.0427763875012065 0.010900158376129 0.245559229581436 -0.0215456652279629
-0.0345393952230328 0.0448348152622689 0.0503289545012663 -0.181890909024248
0.0079458331550982 0.0556302969738096 -0.164376613467676 -0.0521805565525424
0.0331708655046008 0.054409897500286 -0.0513303636252501 0.115821270707567
-0.0324450411706846 -0.0584078335985735 0.0386222652462496 0.0168892768930367
-0.0730330502345537 -0.229756989342092 -0.0526287307676962 -0.103784779970385
0.0780372410542797 -0.381341729610012 0.0297739595155203 -0.109461855605317
0.395585793548596 -0.242399928470176 0.0533659137311718 0.0307943134089509
0.423079641606336 0.180010898395359 -0.116204720517471 -0.00882068370191471
0.11810689767543 0.385539566478974 -0.054684285262748 -0.265890219553669
-0.159285094715001 0.210767191166855 0.186804023974342 -0.189327856144941
-0.184167545449802 -0.0693142528289589 0.176441890623966 0.0665670110330804
-0.0693344776862854 -0.220508270457619 0.0907861731521496 0.219022298033954
-0.0802418571867737 -0.237192682594875 0.174257767743794 0.237499607276741
-0.163463383977188 -0.137133790448564 0.28282353147427 0.0659778251205561
-0.169029742985165 0.0175375934096082 0.194722340077631 -0.155877720860869
-0.101140595585171 0.13344860601724 -0.0612200873283286 -0.205105489218165
0.0159808865241688 0.149219527237694 -0.187475326447045 -0.0361419720684971
0.0699517113671589 0.116863019385115 -0.0675795127201022 0.0759441589119867
0.0160546379493552 -0.0020504017835501 0.081263200405565 0.046231733696034
-0.0149124470806809 -0.128838689081704 0.0209812063692743 -0.00536112036446209
0.0795261158012587 -0.258468675097486 0.0245578247147507 -0.0406629775445199
0.34233562141996 -0.149809761959333 0.0536360188153091 -0.0456267984414685
0.33023341760576 0.219074821204452 0.0459480447372321 -0.0671054629695464
0.0115742862580337 0.361934499161307 0.0799172529705583 -0.110668165328954
-0.222487745655532 0.146836889463788 0.125802616654922 -0.0458204040109779
-0.232929910544666 -0.0923448924742631 0.0957997036786393 0.0288250713621954
-0.154104458564173 -0.223295317833103 0.0717476986747817 0.0693962908084128
-0.18867238722039 -0.241538652449009 0.117552729154366 0.0557102073644811
-0.27325559303394 -0.123033371198895 0.144377495014249 -0.0887574672843418
-0.265916774553519 0.0811477737428349 0.0107838819025283 -0.2167927513394
-0.122177487042443 0.216637049143028 -0.165819710660503 -0.164004436795362
0.0390479012599518 0.201480934015342 -0.181197193570374 -0.0361639597908123
0.0897590646748194 0.132795707016608 -0.0938953700343508 0.0183226836925296
0.0744612591318095 0.0818451735765594 0.0935976077048784 0.0319704371186244
0.0607915070113888 0.0738783102011383 0.105144038788145 0.0238027129213668
0.0323506812369986 0.0582821646560373 0.115450876544738 0.00936917458679034
0.0473968099614248 0.0923509375384583 0.118466021671309 0.0102285165643026
-0.0289902637211819 0.152844451732926 0.0909241244974667 0.0213046546235671
-0.170882976424687 0.117564186576791 0.053378952864656 0.0270810441649869
-0.238924202632039 -0.0244357669453661 0.0203298636161067 0.010752483206363
-0.246958108224182 -0.100350396607062 0.00225371228868633 -0.0147252854996478
-0.237986525492405 -0.0891441380832189 -0.0086908660556148 -0.0346788367163966
-0.218828859003301 0.0141265232302364 -0.0393582048004108 -0.0553112638973206
-0.119982600183297 0.105964185614881 -0.0971021428389671 -0.0943951208652721
-0.0464394547933749 0.110816801094979 -0.144900564836624 -0.0993202953167277
0.000987068636332485 0.103738811322599 -0.158111558147034 -0.0721821111003699
0.052544269180065 0.108850797348914 -0.128254652353841 -0.0430849329448738
0.0765507535443336 0.0872592030498817 -0.110754752098276 -0.0288364602071755
0.095347230773151 0.139752636581409 0.0845563892180564 -0.0155249196582912
0.0746203749793572 0.208653224620419 0.170803549968568 0.00285925305355003
-0.0519513104388682 0.236270399895361 0.197131844152891 0.0880326626807213
-0.205965828039286 0.167934352499156 0.0828185617535244 0.179258790884669
-0.262423051126246 -0.029954003350463 -0.092151911623853 0.124088079575208
-0.22052031757884 -0.162787472492348 -0.116143282512123 0.000782444597514282
-0.184219909991204 -0.187462145828524 -0.0771264154346444 -0.0591275424493684
-0.229936549538191 -0.0919667298559237 -0.0852040952058708 -0.0492123090006223
-0.250434685716048 0.103229356889814 -0.120006878478049 0.00109333813056926
-0.0761437211695928 0.332761411450098 -0.11818026930664 0.0548638583456533
0.265161827079816 0.285884366529912 -0.102730733152791 0.0162446551496507
0.341439829154748 -0.0370216656114717 -0.120274947473999 -0.0136643192635524
0.139164997548404 -0.19860247300683 -0.0986330175517513 0.0090148139278812
0.00876853526248212 -0.0843308801623125 -0.053871361492917 0.00133586654896358
0.0229241844744831 0.00792014331126312 -0.0954496458969024 -0.0313784237841774
0.0751378696911471 0.139055099331135 0.0698252840704246 -0.0702382636388192
0.0380075124488883 0.193542167496085 0.191274843790504 -0.000459520188359901
-0.0741107388588659 0.173379615329566 0.140893280461617 0.170749431844798
-0.190704267320201 0.0746208778303687 -0.0976871810043701 0.206412245372424
-0.191856445630213 -0.121301595929457 -0.270541764997703 0.0302399493526604
-0.115257075662582 -0.238711221372481 -0.215595141901122 -0.16395027674136
-0.0928265374993019 -0.232409800364249 -0.114240598840702 -0.189916765517923
-0.183483612467304 -0.0681532796431324 -0.157165670327891 -0.0727656086984951
-0.18711600993658 0.215474185441141 -0.200201343841601 0.153479694217077
0.095961666585049 0.409901540136348 -0.0116769059671574 0.261056895879925
0.4455489855785 0.22922247781032 0.103439106488646 0.0210197880016153
0.448227315239803 -0.182132118535023 -0.064722094720481 -0.0769616582022616
0.139129132943299 -0.367005507168559 -0.0935882386867056 0.0832725262312525
-0.0601725265825811 -0.19561384610396 0.0214546858153738 0.107824758265143
-0.0322869994111822 -0.0476633600004674 -0.0475059809246996 0.00725230542803694
0.0364410474745623 0.0865477128454958 0.0579107499943508 -0.111551357351087
0.010561329634456 0.105824498435435 0.169632566154201 0.0266700394186782
-0.0405363004782257 0.0678487604138003 0.00743412086453663 0.178817570890756
-0.0785306676818254 0.0246630726059467 -0.20985641230586 0.065535621405604
-0.0684320523882026 -0.0708837588948602 -0.252983384820938 -0.129870731619674
-0.0249370781443773 -0.13806067894765 -0.17614472316395 -0.290521346575505
-0.0271762556781145 -0.154937005550587 -0.0944105564986384 -0.297739278709601
-0.111261645240177 -0.0374242709218518 -0.205420421391449 -0.0931733991397159
-0.0887506232148145 0.177409457518536 -0.223339988226125 0.307498949710663
0.130180094117186 0.245871960818004 0.152825834174389 0.377984397904247
0.302197290750445 0.0808902763890281 0.253692488528471 -0.0696922895705713
0.253829988555093 -0.156326249246964 -0.0768481221855261 -0.157473270426526
0.048247968954735 -0.258372869261275 -0.121566135662785 0.147086827006764
-0.0792222902173847 -0.137648616830765 0.0870030862213801 0.207193164548208
-0.046334205706876 -0.0446928142447459 0.00618666999748686 0.0509833869006238
-0.00638373133732383 -0.00568973669544465 -0.0203023271360947 -0.0553420667307011
-0.00832959957071405 -0.00490097852375359 -0.0829625424505649 -0.247413858118296
-0.00375133777738056 0.000855155359103337 0.135792847511991 -0.17425706433803
-0.0091071117316233 0.0135375218218492 0.118110571885308 0.156647293142569
-0.0368435753910644 0.0215834827627917 -0.262764869347555 0.110047562855993
-0.0298206922371459 -0.00458680031467235 -0.222404145446052 -0.37267777117748
-0.00376078338393624 -0.00725015153568236 0.215148676786935 -0.363427433493386
-0.00622316623153613 0.0109444933278372 0.244925832131448 0.0880432741090628
-0.0101662721937066 0.0216164058695251 0.0863137163419184 0.335668183290453
-0.00677547016208779 0.0218534036202957 0.150394405740891 0.31371951209615
-0.00595071235095582 0.0162664781939435 0.212659378515731 0.172897252696102
0.000886506896986961 0.00232616624875866 0.233644152882046 0.0133906365643311
-0.00525896027779944 -0.00545466911467101 0.0735917908491497 -0.161469425288162
0.00155912758766835 -0.019826233407843 -0.15147995200702 -0.0548358195158574
-0.00723025915339339 -0.0204634215186368 -0.044640108300238 0.124747574445675
-0.03502640500571 -0.0532991748801927 -0.00765437600543033 -0.0287280770136864
-0.0600313636512815 -0.160633001357379 -0.0901119038692794 -0.200506337717035
0.0483314233708885 -0.239327725396274 0.0852770220188722 -0.163135043163847
0.227005394816625 -0.134599217298269 0.096781804871942 0.112593426486354
0.229731828465337 0.107335501943556 -0.222925465058488 0.0808480667089748
0.0767941884166673 0.219929770389037 -0.188697511880534 -0.340339972243261
-0.0761927084903539 0.13516861713745 0.200474434777329 -0.315408779149461
-0.0993279444518413 -0.0297891293354294 0.224565958198742 0.0874643154528851
-0.0262329156902308 -0.113293313233919 0.0791277851941262 0.312797273418024
-0.0244861225947887 -0.0995332281871408 0.14997808604823 0.306900055150014
-0.0531432094401741 -0.0389422007652816 0.233497927871672 0.161866268389758
-0.0385599956219811 0.0117385508762561 0.233840215639582 -0.0213467995377116
-0.0318036126535539 0.0435496592198955 0.0477424053573379 -0.174660873579499
0.00923761775421449 0.0521849190996405 -0.158583513570106 -0.0474597222295419
0.0336578616939679 0.0514679495609225 -0.0483441995917019 0.112084217293881
-0.0314628701889036 -0.0554199843284857 0.0372027925891439 0.016587876334004
-0.0729995982414401 -0.219922366748623 -0.0522861638791734 -0.0974314416809563
0.0718685561638564 -0.367474961824563 0.0268206493170778 -0.104516243392243
0.380129971629707 -0.240630314957462 0.0535089380475473 0.0298716760093766
0.410475156827482 0.169029732510326 -0.112429017209792 -0.00627695583655735
0.119793724170197 0.368722581684937 -0.0557192794017759 -0.255289654023301
-0.15134542666099 0.202059412873737 0.178658551272476 -0.184865054633783
-0.176250332230425 -0.0660115028187333 0.170407051917595 0.064191314110955
-0.06806767361564 -0.213621074700848 0.0888318316670467 0.212335527643206
-0.0798794274417061 -0.227750843866393 0.169898291725725 0.226902188853002
-0.157292591470091 -0.129834065161129 0.272469489029518 0.0610798609197116
-0.15994778325992 0.0182577821624744 0.185149557836103 -0.151238448623427
-0.0940060618774777 0.128585406847883 -0.0612646692379126 -0.196633007548287
0.0171785890156854 0.142015351779998 -0.181131290022687 -0.0315395469044059
0.0689127348802444 0.111117349888699 -0.0643681910975631 0.0747885490739702
0.0163311042427082 -0.00143161757428478 0.0794369698027535 0.0434400340708384
-0.0161296158506124 -0.123483999225467 0.0196980358871054 -0.00326059266854959
0.0752945380950073 -0.248209340275375 0.0226374924178371 -0.0372280916600606
0.326580776885669 -0.149811042346918 0.0517089721981945 -0.0433046436844448
0.321655383464587 0.206614108282765 0.0427708471401876 -0.0656993096105171
0.0154951499319402 0.348109994735681 0.0755159151513847 -0.107965079572431
-0.2126401579672 0.142051372122075 0.120568219933359 -0.0445793558280662
-0.224828572178034 -0.0870613823166799 0.0916205886646147 0.0271063285606534
-0.150284368566256 -0.215121807235322 0.0699139985085007 0.0674694142670367
-0.183438514517259 -0.231498362557323 0.114142568475152 0.0545761085485117
-0.265085646901832 -0.116169927652071 0.13916995607982 -0.085862806270163
-0.256042888252741 0.0806625580266513 0.00876882379186585 -0.208747369183625
-0.113508573402285 0.209232215940098 -0.160746268356708 -0.156431493188917
0.0404761660144965 0.191805465658364 -0.174377238063364 -0.0339265900048716
0.0894573187888418 0.127141761609352 -0.0900939993111958 0.019332212331183
0.0726577993545709 0.0788994558360139 0.0901190316785985 0.0300456321590458
0.0587401901867448 0.0710774450464618 0.101123972319445 0.0219590751395913
0.0329298045585584 0.0570319291236373 0.110639089711204 0.0094479304310471
0.0460243509636364 0.0883735437173926 0.114607934223694 0.00984701615926585
-0.0262931777084423 0.146519697873747 0.0859209778589838 0.0190095138474019
-0.163489554549487 0.112611481458604 0.0514590414102002 0.0253608844812242
-0.228688572515763 -0.022784913981622 0.0185124255701228 0.00905130624327841
-0.237368353443352 -0.0941177829077315 0.00257765529565768 -0.0145302017602641
-0.228211813705628 -0.0848682630150745 -0.00835786922424454 -0.0329514827984042
-0.210188428082353 0.0151068126676159 -0.037865142360273 -0.0521901212730051
-0.113537054349071 0.102387604545015 -0.0933939484755925 -0.0902252361478273
-0.0452787087804229 0.107149609222365 -0.13903896058601 -0.0948756545456471
0.000937671705173644 0.101141861042319 -0.152681900351753 -0.0684740967545664
0.0516690587589737 0.105112703613062 -0.123721881213841 -0.0408372193935766
0.0759447254774822 0.0847737021835077 -0.107204014581915 -0.0268333130008378
0.0939041222017739 0.135220950119724 0.0806708954574351 -0.0163782800732259
0.0726443106103538 0.199792341080036 0.164485223283994 -0.000340686236014571
-0.0444599487929986 0.228803712534621 0.19076192905986 0.0832680039582423
-0.195156229953115 0.164970412827164 0.082013845439349 0.171036261789022
-0.253002649060723 -0.0254298634723284 -0.088210947102033 0.119366541802619
-0.212927750619052 -0.155941339968669 -0.113220879907022 0.000919466561944589
-0.178286507048395 -0.179625448918552 -0.0769465411700192 -0.0567140725575024
-0.221653904208708 -0.0862822536166538 -0.082767510013886 -0.0466664184672237
-0.239775548524122 0.101491455129137 -0.114866950128956 0.000902738876688364
-0.0688424304297289 0.322001126852063 -0.112365164727801 0.054197792166132
0.260099765403152 0.271267776788948 -0.0989930087925429 0.0157653338897148
0.328298141840481 -0.0405621596776021 -0.115896026088129 -0.0123873166666948
0.131075838098856 -0.191956634737626 -0.0954840857388359 0.00893029590151603
0.00841315490762509 -0.0796008107181371 -0.0516566022124758 0.000223655496217004
0.0245980619397744 0.00780484199437146 -0.092514101260803 -0.0305353546037489
0.0741495947654263 0.133879528454223 0.0659904532575571 -0.0682153889353869
0.038278518618407 0.185293200940055 0.183888534095999 -0.00248549759146494
-0.0680091021896527 0.167701438457455 0.138266380056345 0.16273241383556
-0.181573254787405 0.0742017386000852 -0.0915407300048763 0.198063830176765
-0.185063913436327 -0.115224945192992 -0.259418547845201 0.0307745454071419
-0.113651195563481 -0.229361530986568 -0.209092350591947 -0.155861420807104
-0.0917606833133747 -0.224724286686229 -0.111824449636988 -0.183114600194088
-0.176172425163369 -0.0642132673803854 -0.150884010480371 -0.0695062019015464
-0.178070567839627 0.210202305806032 -0.190046304149938 0.148403096343303
0.0973453318008874 0.39461956420549 -0.00884930710558611 0.252374957162598
0.434183615251804 0.216905660735616 0.0985465928153625 0.0183573390766554
0.428518306429462 -0.179429963269026 -0.0647367781596082 -0.073659735754963
0.128342145829147 -0.355129757503095 -0.0902668148015169 0.0803298277395354
-0.0598483815678514 -0.186308255700329 0.0223573543192878 0.102301418770781
-0.0302039549050949 -0.0447445359583454 -0.0465324482262326 0.00641681793568784
0.0353954202513437 0.0831532859512991 0.0535433677263753 -0.108687354989611
0.00976222562337475 0.101405728410839 0.163138379840996 0.0242658463272234
-0.0380994632364264 0.0646285086101549 0.0102926364936879 0.17185035603415
-0.0737048570731994 0.0253528962028636 -0.199560467522199 0.0632649915554315
-0.066097145721422 -0.0668757949505724 -0.243123589198306 -0.122543771342818
-0.0255840821346646 -0.132708485500456 -0.172414754806994 -0.276661710758504
-0.0281761630002968 -0.148724966621554 -0.0931109237086175 -0.28526599109414
-0.107393904967402 -0.0340730156642805 -0.198148594981851 -0.088593512444273
-0.0835988912547703 0.173114420245546 -0.211232511706522 0.297436443400302
0.127679424469196 0.236722733277357 0.152637298471199 0.362635420642433
0.291382678853959 0.075617205026324 0.243708579437141 -0.0708515024250396
0.242041158806908 -0.153042876904406 -0.0771325130005868 -0.150791913059663
0.0430558519581609 -0.251061221596982 -0.113843758645917 0.144098045597141
-0.07806748655136 -0.13049070305048 0.0871840457477928 0.197707033822604
-0.04414505373899 -0.0425883099149613 0.00688289019548245 0.0478126965149991
-0.00623878054104295 -0.00488234147792573 -0.0202865776307069 -0.0535230300107434
-0.00813938044115802 -0.00481535769849306 -0.0800154462475318 -0.242841671782252
-0.00356593927187396 0.00137511432098661 0.134707559284055 -0.169733717029043
-0.00999849745631826 0.0134878365083249 0.116085856372785 0.153841566008614
-0.0358061652752476 0.0215598435040322 -0.257876978912699 0.107195136240563
-0.030225792515208 -0.0048168454418263 -0.213732760457456 -0.367565619848178
-0.00343386482421734 -0.00690035824041196 0.214434732413218 -0.354624001610314
-0.00542961084284213 0.011948954294355 0.238174247414387 0.0893484748290783
-0.00952582842858919 0.0209078068767258 0.0815418685975677 0.331119877383397
-0.00695636067880897 0.0210879156518255 0.143689389020292 0.306342301937829
-0.00619489361051561 0.0159507932971503 0.20395024416714 0.171628793181512
0.000767931121019734 0.00293257570677962 0.227296029181619 0.0168015077696926
-0.00402016867375193 -0.00456905681014045 0.0737917390165941 -0.157707027690535
0.00271556293437431 -0.0191085223085671 -0.147841234149706 -0.0559912676902446
-0.00669456671730187 -0.0205020765505708 -0.0433470853646643 0.121481007396996
-0.0334090961450297 -0.0520658874949543 -0.00766866378066548 -0.0279256105621405
-0.0567848471909795 -0.157187996672644 -0.0876499429952255 -0.195081162055225
0.0499665772156016 -0.233410624438061 0.084008233129051 -0.158553887662197
0.223610444569889 -0.13093821401412 0.0953293764108255 0.110818145844555
0.225324478846417 0.107890172891696 -0.219644190912534 0.0790004007227827
0.0736702482034615 0.215404518563954 -0.182100217653449 -0.335992368753943
-0.0769187836923452 0.130334872780723 0.198522010950953 -0.30676676223713
-0.0952832220056623 -0.0305561371932693 0.218153843805919 0.0884163055256093
-0.0232976949519966 -0.109826568601207 0.0738713747679489 0.308885703084213
-0.0225203089237075 -0.0981559175187525 0.142844241174413 0.300585719353908
-0.0510819382953976 -0.0383800177068768 0.226012246827653 0.162358173429636
-0.0361567199537387 0.0101213147547748 0.227751242680204 -0.0170112485700573
-0.0299502378713081 0.041810575984915 0.0477393093656168 -0.170377499746872
0.00925880345988882 0.0504957097825802 -0.155135403634559 -0.047683857846795
0.0341979831193484 0.0502497980785782 -0.0474173860588432 0.110227259613276
-0.0284909141138172 -0.0540181593275678 0.0362190702765812 0.0173660641300188
-0.0692259662493382 -0.216106754385085 -0.0512414228085714 -0.0936938514514288
0.0740925423364391 -0.360544888179648 0.0252683082217259 -0.100822486829873
0.37513573861765 -0.23331986221107 0.0528376812719717 0.0294737532676344
0.402769969757578 0.168948259422006 -0.111405601754663 -0.00612239851792981
0.114310603311322 0.362367008779443 -0.0527332749997737 -0.249928534255233
-0.148745522705101 0.196014258770736 0.176057360333067 -0.178805300636848
-0.171880253114139 -0.0666722793923192 0.165247465443291 0.0661053378458751
-0.0647498597169742 -0.21063072604952 0.0853101182070064 0.211585961464954
-0.0751117633197199 -0.224935419321256 0.164118987576632 0.224029749835426
-0.151364322189725 -0.128834109997348 0.264189121319902 0.0639725930339775
-0.155497451269083 0.0163509501784988 0.181319614712461 -0.14465517880835
-0.091618751349551 0.124775437994075 -0.0579458159257609 -0.191909238975414
0.0158314328581861 0.137236362852892 -0.176879565992241 -0.0313176842594217
0.0673068270676951 0.109028214127895 -0.0633825410901639 0.0741517201406545
0.0175841264444267 -0.00115181843862532 0.0773951911913054 0.0435535073137199
-0.0155007579698288 -0.120655040321714 0.020668141487888 -0.00202537830510104
0.0752877747108029 -0.241752330674677 0.0224611764480417 -0.0348304862440121
0.321817908998703 -0.145445193631054 0.0516442576709483 -0.0412388491483553
0.312660932855821 0.20423132861989 0.0411191266941227 -0.0632806584461562
0.0129530014395549 0.340261633649116 0.0750817837299251 -0.104850570267861
-0.20969534678667 0.1349610392522 0.118074139407643 -0.0445721725525183
-0.217460348479056 -0.0868095351867958 0.0892827819748091 0.0273791215700735
-0.145183722599461 -0.212312453908172 0.0679746695897707 0.0685455213610025
-0.177084157622717 -0.228854419017121 0.112709342117704 0.0560368267416296
-0.256322161759682 -0.117964395923929 0.137385254943192 -0.0816589939357038
-0.250308843137451 0.0761711821686666 0.0107291422159645 -0.204042321781089
-0.113759292260951 0.203465173009736 -0.155243695436558 -0.153981151387888
0.0373104394731854 0.187531345651556 -0.170416786389116 -0.0325893531075611
0.0870356276157158 0.126019338827932 -0.0881204449890389 0.0186246605455506
0.0712633293941046 0.0794691106607695 0.0884260992742286 0.0295397157461706
0.0569480107232746 0.0706907582624484 0.0998930900205645 0.02331854129803
0.0329824420488358 0.058355468024323 0.107988269842603 0.0121864345620597
0.0436172460683439 0.0865143698026555 0.112447817479557 0.0111621435517353
-0.0282110380966178 0.142130944046135 0.0812803263906682 0.0190712939382799
-0.161597931307874 0.108324550559339 0.0493769371564216 0.0234559850854557
-0.22386422147781 -0.0270244214946383 0.0183317901821935 0.00795939445631639
-0.232083982334734 -0.0940068710027156 0.0020895556241012 -0.0137460053751537
-0.223553026931848 -0.0864279517144381 -0.00794044268026457 -0.0320670367644683
-0.20640179060364 0.0121249261944129 -0.0347434326275993 -0.0509663163570782
-0.113058570798218 0.0975215270279105 -0.0897392079992532 -0.088001192311409
-0.0466355820434893 0.105139441531504 -0.134553951055227 -0.0947216845009313
-1.46664654393008E-05 0.0994961055077552 -0.149042192928 -0.0695350896155046
0.0491702875267267 0.104167676179632 -0.120077950840167 -0.0415369425762938
0.0747694628288153 0.0836087925863762 -0.104438836096938 -0.0273395104331541
0.0912531059105466 0.133580866882679 0.0791148596825419 -0.0159271069835924
0.0683047843203387 0.196871285586965 0.161449288803987 0.00112714866794906
-0.0435694348919806 0.225245907920462 0.186867299472194 0.0831200902519448
-0.193956487785176 0.158246842767151 0.0786134444991748 0.168132291114968
-0.247684051370057 -0.0283277083914436 -0.0906140110462267 0.115293114286694
-0.207533418845115 -0.15560502749256 -0.112934938981169 -0.00209450732895777
-0.171813519801052 -0.179018183408338 -0.0756293099189305 -0.0578225732969748
-0.214828563838944 -0.0869235147353143 -0.0806444209500779 -0.0472000765799779
-0.235882351894453 0.0958650950839734 -0.11223298228495 -0.000261577249003966
-0.0694446897402886 0.314676781415102 -0.109193333047511 0.0516705211569394
0.252059340402295 0.267096427606752 -0.097168155162073 0.0141743488748374
0.321953862678362 -0.0370351890040209 -0.113245159735952 -0.0139227320130258
0.129876888877599 -0.187202572875319 -0.0937800649550187 0.00678928349412415
0.00868735167660849 -0.0770117885481993 -0.0501748483421623 -0.00172343295472668
0.0246111614506236 0.00935774772466502 -0.0911366603424676 -0.0312555515724055
0.072317752059595 0.132005166091137 0.0650996332293711 -0.0674509249146767
0.0354235556299765 0.180195148199989 0.179371374554134 -0.00154332032153465
-0.0674481126423539 0.163351506257941 0.133772840472655 0.159504402995634
-0.177841900278309 0.0708794366968698 -0.0915364335894415 0.19174920487269
-0.179801872180977 -0.11385486075141 -0.253818359998013 0.0256740414740319
-0.108462839948507 -0.225260205015242 -0.204440192817703 -0.155284478789578
-0.0877480384384061 -0.220729014516263 -0.107413022609679 -0.180809494178375
-0.171015511505881 -0.0645686153367952 -0.146972768929372 -0.0712277809561458
-0.174518283821742 0.204458046033935 -0.188063378039404 0.142498028946995
0.0916244693053189 0.387996395290386 -0.0114537169207234 0.24659536940405
0.423271627198928 0.216105187499374 0.0958829348480497 0.0183913492560474
0.422574226207559 -0.172722118388838 -0.0632427623585667 -0.0735204701899903
0.127972854246702 -0.348357801087525 -0.0888185338800802 0.0784156717972286
-0.0572347254053575 -0.182158865862692 0.0218441348602368 0.0989419734021925
-0.0282898111424954 -0.0445840785463403 -0.0459904212140195 0.00600733475998593
0.0345477977074614 0.0822690516471757 0.0520059733316228 -0.106389269989448
0.0095368005636712 0.0973140390299471 0.158432238553261 0.0255106494577911
-0.0378683624900069 0.063199609302882 0.00862225322380941 0.167365301575443
-0.0719012253287173 0.0244367470972621 -0.194646608348802 0.0584978493850869
-0.0646253502382807 -0.0661233512520095 -0.234313535065435 -0.123245881157533
-0.0237283201463735 -0.12979637222504 -0.164432312881475 -0.272793957739532
-0.0256793954050011 -0.145648876928045 -0.0878762756641817 -0.281612785932236
-0.104808214045788 -0.0348610396996652 -0.19278225916951 -0.0900722283040667
-0.0832425060883349 0.167631894654149 -0.209993141272976 0.288793771652064
0.12219297539678 0.233835327880005 0.14581566281514 0.357249063318852
0.286405879964122 0.0768014419760013 0.238594920278917 -0.0676003518316428
0.239206857265431 -0.148267462165949 -0.0749695515431295 -0.149263604310591
0.0425394995908992 -0.244591208186833 -0.112253018849125 0.14073269270286
-0.075236995489436 -0.129426201699727 0.0844069572724489 0.19356239962028
-0.0433567057041168 -0.0420474156021192 0.00692564944067038 0.0477664594662909
-0.00562321767269261 -0.0042064814805901 -0.0202013765506026 -0.053639414272984
-0.0078992778859891 -0.00538313220696393 -0.0793385357637522 -0.243617930189016
-0.00428903746782794 0.00207907567141005 0.136640179511889 -0.169386417388663
-0.00902751775605899 0.0135189981227554 0.11604512940032 0.154214207108377
-0.0354621587218315 0.0221389217385876 -0.258340385015231 0.106340373504566
-0.02947583894058 -0.00419836141104904 -0.212022552174745 -0.373466170698577
-0.0027097661294207 -0.0064141819533901 0.216733604645998 -0.354763260884863
-0.00532786797759291 0.0120842135047152 0.237605096627739 0.0932208417698639
-0.00937835361641029 0.0216163750131923 0.0770377446093374 0.333277561415638
-0.00681036752422855 0.0205315348053055 0.139098937734443 0.305750736859692
-0.00618365324496445 0.01630295674437 0.200693575907447 0.173399778804259
0.000762521047527158 0.00333037226689555 0.226898842529646 0.0199796565964136
-0.00418866513087239 -0.00320523269853931 0.0758823714122015 -0.156598597845528
0.00315563004768828 -0.0195620435712814 -0.147838057299937 -0.057302589107058
-0.00710800671002269 -0.0213230214043796 -0.0437777164564752 0.122605282960279
-0.0327508513702321 -0.0520439885118675 -0.00730691764833975 -0.027233295787616
-0.0557989913402009 -0.158394387367285 -0.0865190784855496 -0.195654756638495
0.0530676435966703 -0.233290126307875 0.0848085196636046 -0.157701864560092
0.226216805509551 -0.131578855530819 0.0957685827447532 0.111457828862019
0.226736253825269 0.110727719230813 -0.221529785178297 0.0785203781636368
0.072861194305446 0.217635317280048 -0.179520371430784 -0.338071552223794
-0.076727832528246 0.129545120751556 0.202020265009584 -0.307389177905568
-0.0942937614519402 -0.0306996866297129 0.217722626031556 0.0924125162166088
-0.0223545296980061 -0.111101384178414 0.0705017107847091 0.311597351289654
-0.0217176152199375 -0.0985364683371734 0.139529333571301 0.302154355764346
-0.0494053553322603 -0.0387390126241751 0.22196668092781 0.165577140895445
-0.0352761300763613 0.0095747425514643 0.226754205699361 -0.0132396263071075
-0.0289389902784254 0.0425038324472848 0.0493081193185253 -0.169802819452842
0.008971748054963 0.0488245550578763 -0.155168184002484 -0.0494328839479946
0.0340969719638355 0.0496104973345561 -0.0491093702498859 0.111034846756091
-0.0268043703968344 -0.0556395669634329 0.036427978161782 0.0186368817270172
-0.068625725300587 -0.217684554191949 -0.0520889033025191 -0.093054188239266
0.0784920614109338 -0.361241407280979 0.0252405133299614 -0.0995682447073982
0.378391427285211 -0.233965417015325 0.0532825993177962 0.031121519575356
0.403586036041225 0.173974713653382 -0.111643010828394 -0.0069311465709779
0.111311054234009 0.365245034338747 -0.0506300839701537 -0.251932741539664
-0.151274626586326 0.193755359363925 0.177666797012948 -0.177660673195185
-0.169871918169492 -0.0677378773303789 0.165198167640287 0.068974947934161
-0.061665018519258 -0.212511630145335 0.0818286856588699 0.214294431243022
-0.0730115224795056 -0.225002512853905 0.161246827931555 0.227252151732309
-0.1499245632465 -0.130518303091039 0.263971944949731 0.0682832897270029
-0.154291793603305 0.0137233043255754 0.183281900629681 -0.140873635254241
-0.0922913015282215 0.123509249369248 -0.0558868717035252 -0.192487338995251
0.0139794941854992 0.1355829260699 -0.177269698617965 -0.0321387059222168
0.0679121775636663 0.109368150597869 -0.0648392737221741 0.074298831324899
0.0176216814027955 -6.31122305175934E-05 0.0767604567490862 0.0451173308776566
-0.0147722902152133 -0.121142779057458 0.0207772834705794 0.000408805232903364
0.0787046561980437 -0.241884919998051 0.021760795365365 -0.0324999505458293
0.322611969028466 -0.144387714237053 0.0530864520741218 -0.0396254630732804
0.311878705719239 0.207936538851106 0.0403847471713733 -0.0628834546738891
0.00811727062441175 0.34040009421134 0.0752656752258911 -0.104754266849519
-0.211418160815598 0.130188741653178 0.118652172640415 -0.0430570427587089
-0.217169855292162 -0.0895352894254803 0.0898804279067922 0.0289640852076637
-0.143096420407737 -0.216862072063385 0.0672396235797827 0.0701595379616782
-0.175808607006857 -0.232917748187297 0.113432207050335 0.0591043771007326
-0.256029944323102 -0.121514385459282 0.140409532955705 -0.0794408284837381
-0.252418575237898 0.0735501246122849 0.0134966591876134 -0.203476829733959
-0.115157369552961 0.202364191305416 -0.153884090489573 -0.155561649283455
0.035641790661996 0.187791847423174 -0.170066062189633 -0.0336841731615134
0.0871745349335529 0.127453928077889 -0.088131969064307 0.0184753614090766
0.0713203261765235 0.0805208297438528 0.0885508064121286 0.0300454787339057
0.0556326076964 0.071986712857216 0.100984643091655 0.0239173357185256
0.0331956815347828 0.0586511666954912 0.1085802231039 0.0149505957939261
0.0411718846134986 0.0865131743292142 0.112905890615776 0.012680028446893
-0.0301702403358421 0.142410114267463 0.0794796863943361 0.0201772159681918
-0.164081560770067 0.106747416291973 0.0481638986139291 0.0231604715878423
-0.224544811468217 -0.0321764411951663 0.017281018054328 0.00622170904014847
-0.22988406931022 -0.0971946254068702 0.00164259865951199 -0.0149028730020748
-0.223538370057032 -0.0893992658266123 -0.00766011096803323 -0.0318506852058089
-0.20664877940283 0.00936434188055656 -0.0333032151580406 -0.0505784336374753
-0.114467239633947 0.0958983871244074 -0.0878716652408145 -0.0882913183503157
-0.049887378985089 0.104772799896098 -0.132838699169219 -0.0961348978033441
-0.00162846388293157 0.100791920297247 -0.148339426252032 -0.0726556534939368
0.04799494455338 0.104511618963487 -0.120047492431356 -0.043882549308532
0.0745519295030805 0.0861575835522366 -0.104007683542909 -0.028789883376551
0.0924083948731084 0.135892596973833 0.0779910912154223 -0.0152086158367239
0.0667198393749172 0.197220762013982 0.161112395428329 0.00179003296861613
-0.0444216459659344 0.224200544255592 0.187428883596095 0.0845478121794353
-0.195272669347981 0.157598050224246 0.0779571199901457 0.169168159653692
-0.248220206080663 -0.0311375110909097 -0.094049333710729 0.113900338507771
-0.206908433391467 -0.158506656951072 -0.114617926027981 -0.00373728030424875
-0.171557359172764 -0.18308705069588 -0.0760334581782261 -0.0592526284652746
-0.213652866054773 -0.0887781339515965 -0.0800452348603973 -0.0489671703496501
-0.236658435199507 0.0934690414025103 -0.112799021041561 -0.00352952673570568
-0.0726990786608067 0.314302507340989 -0.110282215464159 0.0515130739665105
0.250341439165389 0.26965780391596 -0.0976647397519011 0.0134525743380429
0.321299749495499 -0.0335434924209382 -0.113431252358619 -0.0148555910794321
0.131073518888238 -0.185731090872671 -0.0945069931078657 0.00518542869252349
0.00918167122543496 -0.0759043039001426 -0.0496571351796026 -0.00397680926802118
0.025967806210626 0.00970323985479046 -0.0913641932999267 -0.0321393759294447
0.0731726920621939 0.133595806744702 0.0636776572855676 -0.0675497382617462
0.0340047220742362 0.181170680769198 0.178259553119878 0.000368239647730031
-0.0666484569982556 0.160685710118195 0.133422681686177 0.160474085494641
-0.177978101014541 0.0699501197755619 -0.0926051028389418 0.19064249882785
-0.178818723446944 -0.115930235891344 -0.2555562161264 0.0219462889046846
-0.10710896766472 -0.227691478940742 -0.203995704398399 -0.158572043997838
-0.0859755294618136 -0.222697563057642 -0.107390216378337 -0.182140107777433
-0.170029984313989 -0.0664055078932382 -0.146036951878754 -0.0740004343956146
-0.177200441677835 0.202290423078628 -0.188774115362371 0.139976027468635
0.0870020109606345 0.391493172883757 -0.0123962430284798 0.247201247304368
0.424481466773409 0.219757093386036 0.0948554120124627 0.018790829847231
0.425513861988012 -0.169531706339037 -0.0639147918482521 -0.0745442611486114
0.132665472155929 -0.347627134627312 -0.0899417284412263 0.077537509486705
-0.0553975446008158 -0.182177593085726 0.0223306340567231 0.0983462436992863
-0.0266971899357302 -0.0444687691249502 -0.0464606891295441 0.0051242325064896
0.0347923807573381 0.0829799934625547 0.0521665390160734 -0.105738184458014
0.00893352134155431 0.0965851495253545 0.15814881899624 0.0278364889989123
-0.0382941086421186 0.0617179001443745 0.00690266869779025 0.167049485314843
-0.0710085340033337 0.024323575841932 -0.195002488539357 0.0542807461911075
-0.0644968263712621 -0.0664205362718062 -0.231995491587619 -0.12488460158317
-0.0215779582097407 -0.130942795869929 -0.161003651135194 -0.275249398501743
-0.0239522873196968 -0.146302742224736 -0.0836148239504249 -0.282852021685324
-0.104837038701376 -0.0357391613879685 -0.19174042340263 -0.0941949364894412
-0.0849927971589362 0.168012454808354 -0.212888973100928 0.287058519441705
0.121540928152711 0.235171038261025 0.144379309299736 0.359976755478434
0.28643258995053 0.0807420273683704 0.237645779265365 -0.0653772559927764
0.241655081109825 -0.147119958646724 -0.0757523480452676 -0.149435367743338
0.044823470909648 -0.245417347430938 -0.112757793611919 0.141200515211378
-0.0742892127333936 -0.129446751883988 0.0847973454395604 0.194134406184176
-0.0425229606256754 -0.0428601920553838 0.00741253190353595 0.0473413056552956
-0.00465698721790119 -0.00220301733910796 -0.0155000293655274 -0.0568062974270361
-0.00131494938836021 -0.00042501498496163 -0.0614987670516522 -0.259964497396298
-0.00438186254375812 0.00729279430416352 0.156280323715031 -0.163470970769284
-0.0137693479559445 0.0123436576968854 0.1072394985145 0.168924617935762
-0.0357139571438801 0.0148033189952116 -0.272496900422992 0.0849129075437355
-0.0240549866895652 -0.00833678855903866 -0.1776496137993 -0.400031078257227
-0.000241611373548481 -0.00652460699404195 0.256226065098756 -0.337033133342413
-0.00569561027674365 0.01165317369282 0.227646255280242 0.119224891687128
-0.0104369982657343 0.018596173195806 0.0419656916080904 0.344837992128915
-0.00381513363922729 0.0179929430340003 0.104210740706986 0.322611171865866
-0.00345434659078759 0.0133407464631198 0.178794394935227 0.195708405208684
0.00352317597476837 0.000279628633767602 0.22268286445439 0.0475292752415685
-0.00468955837157239 -0.00556723588525641 0.0951691629638783 -0.14709854050773
0.0023232681668407 -0.0172384638955319 -0.140922696193481 -0.0758196621727487
-0.00455259493374866 -0.0177591903428089 -0.0570795665805091 0.11597683871615
-0.0300492886489425 -0.0554860470393217 -0.00295611852466799 -0.0276044352153496
-0.0442384711150338 -0.164409225610554 -0.0668310910383887 -0.208758454351148
0.0686749950435823 -0.234700072292217 0.106505742117248 -0.148258615787871
0.240903859886856 -0.122131067204417 0.0878164270507884 0.131875218834552
0.229506093403582 0.126246317737709 -0.237660311305482 0.0634308343627806
0.061454770671528 0.228834467400746 -0.151699544805189 -0.362028065613053
-0.0885649888303649 0.124537445648887 0.236490208281978 -0.291075704384989
-0.0908674313470849 -0.0403935268859249 0.207707863535872 0.115982612705499
-0.00907475592617655 -0.114779224885449 0.0361809947924871 0.321984794018569
-0.00751816692512633 -0.101140812183399 0.103593540742158 0.317264492108155
-0.0402042341258972 -0.0447301046812135 0.198937577890322 0.190057220296244
-0.0312639964752926 0.00228156100475103 0.227338003524948 0.0152110431495872
-0.0330131121262075 0.0361004500656777 0.0684289772775078 -0.161470240365668
0.000900475323493525 0.0486799595176514 -0.148062982757148 -0.0654534922502555
0.0273228568853331 0.0546254272819935 -0.0597098780069528 0.107684961230649
-0.0248058901811425 -0.0594057233645982 0.0390295959644773 0.023878821514454
-0.0570879637448156 -0.22811760438201 -0.0368341843092733 -0.0971793753907003
0.104227219989553 -0.367560670120739 0.0434536672055174 -0.0885727974205406
0.407409804739981 -0.218842719052608 0.0505067443380933 0.0506862250597983
0.407024863473489 0.205275830914517 -0.121895012606941 -0.0116977092319956
0.0893528637012358 0.383319206183249 -0.0313691396370348 -0.263504780616454
-0.169398391515579 0.183129661649609 0.198370770255026 -0.16251777682139
-0.16259832477852 -0.0853409880327549 0.158036087794185 0.0885353504819166
-0.0395823188247213 -0.220053100154621 0.0590807499038211 0.225207829926121
-0.0465202750055778 -0.232271996823944 0.135215039919947 0.243801687783865
-0.130724050872342 -0.145839583210658 0.250259808850214 0.0962784637942594
-0.151785334679436 -0.00485451708161704 0.194875701683734 -0.117567311984566
-0.105179967884088 0.109002380746662 -0.0361070587387422 -0.193758257560569
-0.00319549653334315 0.134764021157877 -0.171159365215265 -0.046954139703816
0.0540245774574689 0.114705868383608 -0.0700192763135513 0.0706360949844419
0.0176733229934297 0.00121005604404075 0.0754768518081387 0.0559652176773523
-0.0099449193814242 -0.126240112007251 0.0254523620368475 0.00566731961373378
0.0952792362575729 -0.244831176243674 0.0314850737181651 -0.0215071689692543
0.343880082828574 -0.126929472815328 0.0551795817662529 -0.0253826786278524
0.307670779721509 0.237278791709671 0.0371489317532923 -0.0577473115110425
-0.0180508267962109 0.350167115658073 0.0841634894318084 -0.10195889089393
-0.226041707497991 0.114269674986763 0.12483723727163 -0.0346702292216088
-0.208283878528892 -0.112315130494858 0.0864716314990271 0.0388753604685934
-0.121915423885695 -0.230766731061212 0.0585148535276657 0.0780489458835449
-0.149820967505137 -0.248338039795109 0.104301093624268 0.069886588437344
-0.241141764604507 -0.147451131211376 0.143101450474526 -0.0634143793008882
-0.258243760934951 0.0444796743497716 0.0319001702468542 -0.198727601339202
-0.138004147164723 0.186328891001921 -0.13800354630972 -0.167624557149164
0.0114419865187417 0.187100183808249 -0.163041415669537 -0.0467702296952297
0.0697568726607096 0.133123820594729 -0.0861157047552918 0.0128439761433995
0.0674405190525536 0.0891765071389184 0.0841519520912581 0.0404656217436462
0.0495602178973344 0.079102701430047 0.0992550980849147 0.0347167198855156
0.0286295597091839 0.0657602282529717 0.108938941901511 0.0266006673726252
0.0332500821397688 0.0942817301534667 0.11268084165309 0.0229045970778638
-0.0438662488943339 0.145283235417499 0.0749880193570455 0.025467734673701
-0.176751133201721 0.0947516183410269 0.0459777913393969 0.025419362006988
-0.226127418462259 -0.0531423018396752 0.0180332662503664 0.00676941134507839
-0.220280238197367 -0.12121355476075 0.00434537000231225 -0.0144539858926805
-0.214488651041506 -0.112032526672116 -0.00592920986783283 -0.0325946936416599
-0.205629953646397 -0.0114833768397316 -0.0297712123104286 -0.0531010325122218
-0.124953526991709 0.0822796749118984 -0.078879167432741 -0.0945813812528001
-0.0632669710946551 0.0981372064481935 -0.12195593017278 -0.108441322727993
-0.0155002319683335 0.100963437179012 -0.139213683053178 -0.0870185534198544
0.0327267131720348 0.108820461517751 -0.111404143418735 -0.055471383176299
0.0613985048681665 0.0922607541436066 -0.0976274243866543 -0.0378617624480326
0.0871379175168354 0.148750884432271 0.0749804617059732 -0.00805321358385923
0.0535914428982232 0.212102109070595 0.158997301749979 0.0138342638343266
-0.0636180149582131 0.230448688837292 0.180758436140615 0.0986111192989427
-0.218571193805457 0.147874777953266 0.0641114043834775 0.172422208579928
-0.253591852069742 -0.0534630480012054 -0.104916395019767 0.103716576508223
-0.198353669912595 -0.179688533542533 -0.112719418625997 -0.0174794584447842
-0.158528228330219 -0.20173016686697 -0.0686914811611194 -0.0683074232835907
-0.204600833902359 -0.111140366077548 -0.0743172270878712 -0.0577508338278857
-0.245678302474552 0.0696219227820312 -0.114952867879535 -0.0142720705191653
-0.100793338550149 0.305582345910248 -0.116134543752094 0.0450208302437975
0.220329157010526 0.292486239241329 -0.0910042393368434 0.00708662031063124
0.316306282500952 1.21908612898452E-05 -0.102750574560271 -0.0321816736771536
0.145945154664791 -0.165677429167201 -0.0922000247116618 -0.0139149317993078
0.0155223252920243 -0.0717938232444041 -0.0491773775281879 -0.0143739583278447
0.0228102411677961 0.013189631201117 -0.0861277522010353 -0.0428737917358565
0.0688748635338756 0.146374596916926 0.065257521184918 -0.0635716139658067
0.0207980742776711 0.19232351237103 0.177831786763659 0.0141117627756269
-0.0833988793364929 0.159977531187382 0.120253898212038 0.1708711402341
-0.189690629275849 0.0558374332158211 -0.110257048492434 0.178960274093581
-0.172319333660268 -0.135497328792634 -0.257765059150106 -0.00337731900332944
-0.0867109855115686 -0.242638438459464 -0.188024367293835 -0.180209727790813
-0.0673728408247696 -0.235070748724926 -0.0869558340251535 -0.194887753163093
-0.163641790644932 -0.0841353577202774 -0.138265567944964 -0.090511271563402
-0.195397194580914 0.185353776965063 -0.20743139055577 0.122551685472065
0.0531803989453064 0.395863207267845 -0.0383637348275984 0.254866753752172
0.398182882097132 0.257733015144743 0.103330324672659 0.0315478576078936
0.431305344386851 -0.126091183565659 -0.0458359476094555 -0.0894231234506467
0.16326713213338 -0.324067937596692 -0.097824038275903 0.0556903920409395
-0.0337689359954842 -0.18195102310875 0.00849635976042672 0.0940736615930352
-0.0216906704205821 -0.043706634511843 -0.0472186626166865 -0.00210584031959128
0.0318855075597072 0.0918637029197059 0.059784371576311 -0.10403007585619
-0.000823091116723662 0.101460074477035 0.157597396358691 0.0423627798617358
-0.046443948530247 0.0568491506595674 -0.0092891915357948 0.169479994112526
-0.0713183025948005 0.016264865030414 -0.204095203480519 0.0348578572256779
-0.0566291084930771 -0.0734541533207536 -0.220714771246398 -0.149763673920957
-0.00773926826507605 -0.136033093667229 -0.133923709933219 -0.292447248005003
-0.0111481719005878 -0.151582995532412 -0.0519250443697442 -0.294194665930019
-0.101656194343295 -0.0461973074197353 -0.182790934767572 -0.114866875083256
-0.0986133457378567 0.160617246680521 -0.24685455667149 0.269442535204253
0.101110672702335 0.242296079466913 0.108219572192791 0.384180619439147
0.27649448472428 0.102695939260226 0.252201611845531 -0.040453225671646
0.247503466037505 -0.120883998346952 -0.0551702119420703 -0.163777536535693
0.0694545126127684 -0.231660574481883 -0.128948506083426 0.12110219426234
-0.0545445587550906 -0.133131345336763 0.0595039853672083 0.200233567988439
-0.0354707586664268 -0.044597238157125 0.00113309112634569 0.0466281395967872
-0.00313630638113206 -0.00382012504587985 -0.0173166358348403 -0.055826359731743
-0.00194169650428512 0.000582106223730313 -0.0691464939194457 -0.26080406324091
-0.00419733857158744 0.00787933460078062 0.153650533282029 -0.167427237278606
-0.013943745281531 0.0127649505639571 0.112810612415365 0.165933706645895
-0.0343925767012902 0.0161663404548658 -0.271688097718528 0.0926167113311135
-0.0243401393485079 -0.00847991552399097 -0.18850329081943 -0.399662432980401
-0.000616084235904235 -0.00679773946002711 0.24915897619923 -0.344554902698248
-0.00416986307494633 0.0114978032011321 0.230813630107683 0.114870766593223
-0.009056396102342 0.0197234266008033 0.0476604829516175 0.346432251858657
-0.00439341199531882 0.0179109100223189 0.109679409814041 0.322037075303017
-0.00310431466263692 0.0135937861438821 0.181472835836927 0.192969828116497
0.00467709199706346 -0.000392050603467234 0.22379969364969 0.0440636456667807
-0.00427610875286228 -0.00528700630482365 0.0914442001763297 -0.149762075221651
0.00275186209786561 -0.0181364619309623 -0.144472845635649 -0.073128610394506
-0.00556573094522295 -0.0183695208556579 -0.0540811565776541 0.11864712229078
-0.0300093255156293 -0.0548556329297714 -0.00455222647458933 -0.0272129684696786
-0.0482525826113215 -0.164194141399698 -0.0731224940275537 -0.207761488526101
0.064220344151752 -0.23858146743987 0.103494279525027 -0.151046593383552
0.239084704713082 -0.128486585300779 0.0920305864334156 0.131096340951979
0.23487358615072 0.121283614529759 -0.236770949011912 0.0714992745748254
0.0678923879355027 0.227951929241288 -0.160425476376598 -0.361414114491239
-0.0868326542756459 0.127845514444087 0.230353762342565 -0.296627719590451
-0.0910419905761805 -0.0389022829427887 0.21154610698323 0.113454413081644
-0.011108661828196 -0.114514073800011 0.0428966998783007 0.325212619163374
-0.00887490732554558 -0.10242276126547 0.109127726660673 0.316364498043261
-0.040756146501426 -0.0437682567577196 0.201807702625238 0.187005816666076
-0.0304919301714942 0.00289230832886273 0.226542830973736 0.0115510299801586
-0.0305066702309366 0.0366571099272275 0.0652049694901967 -0.162742535403822
0.00252443529513898 0.0482569605057628 -0.149848488717552 -0.0624176169161466
0.0288305355116297 0.0532562468412433 -0.0573069179929434 0.110022536660297
-0.0253058045391439 -0.0589493965094039 0.0389585003649369 0.0237160883297333
-0.063223070063091 -0.228536721170279 -0.0397459282335693 -0.0949679209643731
0.0949002794120942 -0.373489452224518 0.0408787960026395 -0.0892143778230327
0.403872535385471 -0.23124004345889 0.0536758308262673 0.0510660878488714
0.415056884919551 0.197217919619104 -0.124014959985341 -0.00771689518611328
0.0978035663736031 0.383163505006068 -0.0376875685375855 -0.2633327063886
-0.1670823094834 0.186388124968299 0.19534178511406 -0.168617077918802
-0.164394993021763 -0.0824606625513885 0.161029823750343 0.0846562985068668
-0.0436616794915874 -0.220378147363421 0.0628148484388803 0.226922558082012
-0.0508870966088698 -0.232217903581722 0.139834887870793 0.243428898532965
-0.134149056822191 -0.144613204547069 0.252555036528428 0.0936076343902224
-0.150732686564721 -0.00299880291156355 0.193103203036601 -0.120578194180056
-0.101915747867693 0.111942041334936 -0.039991354595798 -0.193413793323393
-0.000636427774788027 0.133895900183697 -0.17235936738237 -0.0430163926253828
0.057466932267871 0.114054847247245 -0.0686761808827705 0.0735666115282595
0.018317969168112 0.000179709779254642 0.0770006115062812 0.0539549619682804
-0.0143116485562543 -0.125962906258825 0.026090677630725 0.00686746276253788
0.0899946979046233 -0.248147404047247 0.0318247538143234 -0.0207437167364106
0.341140513204247 -0.136624586395236 0.0556247684684316 -0.0251751021427539
0.315190725679697 0.231811748860771 0.0363524093303951 -0.0575900796588794
-0.00907480647760929 0.351412713255584 0.0816359494027122 -0.104205312011408
-0.225952026750833 0.117985678882023 0.1240972203882 -0.0379542718836136
-0.210587799727499 -0.108618596032294 0.0879526211820577 0.0371549560643395
-0.126549485879573 -0.23089716118524 0.0603622509597257 0.0789243021390624
-0.156296257917079 -0.248033849674919 0.107029388297405 0.0690922522536452
-0.245778152350955 -0.144196820632104 0.143667427115049 -0.0650292471904478
-0.259393292613881 0.050769050490591 0.0295175780107218 -0.198677231816537
-0.13370758707017 0.190714586464268 -0.141042754098236 -0.165154279256159
0.0146105519862168 0.187465337732485 -0.164056039571924 -0.0433055426190345
0.0732584646757891 0.133015268497112 -0.0850254784031368 0.0153590577083849
0.0710435864623573 0.0883835166043747 0.0858703261387531 0.0394004881997253
0.0518117688151249 0.0795330862128741 0.101351349267944 0.032789122405532
0.0301471685334366 0.064740980135617 0.110735230715511 0.0260090147290374
0.0337095668719857 0.0940864866904764 0.113904130310377 0.0214014987548921
-0.0411909588229785 0.145578177757302 0.0747697014798587 0.0248288863532912
-0.176430935587128 0.0991053868493267 0.0458049642798707 0.0226649037744296
-0.228421558312149 -0.0510463270697497 0.0173450285124758 0.00573056823127598
-0.222269356442137 -0.117722370816108 0.00374357811156595 -0.0149940582705001
-0.218515835769766 -0.10951293993329 -0.00672046947655051 -0.0316465798607205
-0.206828871764972 -0.00725322108275457 -0.0296921572785153 -0.0519329904324551
-0.123358223709944 0.0846111436735496 -0.0794770741333294 -0.0921073166237983
-0.0630945397723285 0.100653192283814 -0.122871817190897 -0.106506206962163
-0.0140644436500539 0.102302733195032 -0.141300617251406 -0.0853508048864471
0.0349837005844098 0.10916986337441 -0.1131412855295 -0.0539280034558823
0.0650389541823603 0.0913642670823317 -0.0974433368099818 -0.0351823235270466
0.0924539860220416 0.147655843531062 0.0747452761262985 -0.0102238074982754
0.0583482663054169 0.211929394466205 0.159287600837672 0.0107094578823909
-0.0580745811585006 0.231848384314818 0.184036431146825 0.0950130111242306
-0.21648791325268 0.154730010966595 0.0680909700653784 0.170752654443992
-0.256762178834067 -0.0487964373992829 -0.104303296132688 0.106395220838038
-0.203371887503965 -0.177199920430388 -0.114518666191074 -0.0157638208216775
-0.163706153156086 -0.201253743961457 -0.0722311865100925 -0.0674862851091632
-0.206199626635834 -0.108283612852319 -0.0756022536937483 -0.0574250388050519
-0.244918070024465 0.0761423902428516 -0.116010119049705 -0.0115264396935349
-0.0955555582913441 0.309045145603853 -0.114475542269444 0.0475690938113346
0.228550679823941 0.288530978429155 -0.0917206836350585 0.00909039293596033
0.31696564672575 -0.00729139312306701 -0.103870796450906 -0.0307120580899192
0.141618471433448 -0.17020303684066 -0.0931812508256406 -0.0121296282744262
0.0133070002029487 -0.0715251016019349 -0.0487801957699847 -0.0144152070311407
0.0237113085793732 0.0135505405878477 -0.087576951516477 -0.0414447071440215
0.0741008443079433 0.145375352581805 0.0633345610766591 -0.0649445788893572
0.0254412781907225 0.190806724094532 0.177717977466741 0.0106583219607853
-0.0798984507569531 0.160323065500213 0.124830376429299 0.167625912756558
-0.18727470071984 0.0610486215792197 -0.106717171121613 0.1807905347398
-0.175371866513958 -0.132196192093275 -0.259735556536857 0.0017774834479108
-0.0920810656018744 -0.242475648310264 -0.192128286790229 -0.17715922189737
-0.0729803812994191 -0.234618027267239 -0.0918490942684451 -0.193499693907117
-0.164980590491705 -0.0805020318198863 -0.140173172625314 -0.0889896035281375
-0.191602994317356 0.190250613013009 -0.206537714488025 0.127333515992658
0.0618832663481584 0.397167076745983 -0.0332214716568039 0.25772148404488
0.406746285396366 0.249406268612383 0.103385577959186 0.0293496141922636
0.433022550117351 -0.13746040121249 -0.0495029709778461 -0.0895694189649378
0.15659767718589 -0.330361763202804 -0.0960138806982798 0.0580378492984167
-0.0374871872477958 -0.181469001612914 0.0106847216682082 0.0926206511180931
-0.0225236853022179 -0.0442661452902105 -0.0469485031789725 -0.000883466446327301
0.0353269224825421 0.09147881538305 0.0557331414044039 -0.105496211369626
0.00124058431603 0.100500187552138 0.15911641581242 0.0409152200995955
-0.0444070375105922 0.058050501626338 -0.00562509931394766 0.169893955906582
-0.0695692175898334 0.0186650314178703 -0.202863866922587 0.0373447228687297
-0.0597239700212751 -0.0725111327998274 -0.223452278741683 -0.1462083770273
-0.0104353729909122 -0.137890409532901 -0.140035530568731 -0.290137142643176
-0.0139090355056338 -0.152513127009484 -0.0576084657778381 -0.293743701916043
-0.102353452529305 -0.0444024546534153 -0.184827649981754 -0.112842953275199
-0.0954632819205044 0.162837156514696 -0.243076194079045 0.274970526086
0.106673942024859 0.241669084707156 0.117450821423012 0.383994925007457
0.280905639655023 0.0969976656290765 0.251976291767955 -0.046422587069793
0.246989650349658 -0.127573092486618 -0.0598731245138595 -0.163318219892043
0.0633873360092682 -0.235261433526593 -0.126662045414536 0.125009065480907
-0.0576590755792839 -0.13316015192506 0.0643398208438552 0.199240689094364
-0.0367299437880632 -0.045054943543091 0.00330220883172517 0.0464629708695043
-0.00222686274284823 -0.00316474748440534 -0.0190461142727321 -0.0543094032271288
-0.0016058163845421 0.000139634594474162 -0.075118559090631 -0.25719398390315
-0.00422649164722831 0.00927663152655037 0.149202628816823 -0.170344780502909
-0.0135568466139537 0.0125919403610652 0.116499659803445 0.162537371024084
-0.03328906528589 0.0159049482010904 -0.266088728089279 0.0974826360615545
-0.0239492476168922 -0.00762363568536176 -0.193711314964434 -0.394220197049142
0.000121366633586185 -0.00657753985077639 0.242368666688887 -0.347441842099426
-0.00361126656824824 0.0111264284783377 0.230574600021384 0.110988606541594
-0.00896237327314612 0.0200549885251181 0.054054250616523 0.345149658714484
-0.00361701055125657 0.0166891899323258 0.112571207477604 0.316835085663395
-0.00222022205777328 0.0136770118959727 0.181260004144453 0.187790677262601
0.00570954648762185 -0.000757220019065065 0.221344686840121 0.0422914931224023
-0.00335706404233071 -0.00479766203752181 0.0889673921973718 -0.148892235089502
0.00240533251125598 -0.0170120637414867 -0.144707110181709 -0.0705728514132299
-0.00636924693156064 -0.018119543658766 -0.0506242400910731 0.11801789549707
-0.0300374998374835 -0.0544134747923797 -0.00524725943685631 -0.0258755349118548
-0.0507822126083452 -0.161892675612662 -0.0777458510937888 -0.204691296070146
0.0596899175008239 -0.237189242578166 0.0995865141238642 -0.151188459158021
0.235733238118121 -0.133145215285839 0.0949457211159214 0.1281070169607
0.237301850609252 0.11719033650476 -0.233288631260146 0.0752204461397979
0.0716844159051906 0.225745210543212 -0.16661574430435 -0.356919690787189
-0.0836336981201809 0.127203288026297 0.223271750534406 -0.300564283982221
-0.0891768356539233 -0.0375611602435783 0.211732501651994 0.10893000967313
-0.011571417533045 -0.11327949798299 0.0469975568794646 0.323295283193194
-0.0107987234647748 -0.101245590601932 0.112300351079371 0.312254819747391
-0.0400416581923536 -0.0423223529893949 0.202075629260949 0.18240580823022
-0.0277328203937393 0.00405238648010383 0.224127397035101 0.00977966149166071
-0.0280639655711479 0.0363009957943152 0.0620962882388337 -0.160981368565392
0.00367998508159621 0.0461063209577629 -0.149132885416159 -0.0604685951555867
0.0300683712791496 0.0519027572030659 -0.0548278960135184 0.111005145624683
-0.0248443079594767 -0.0580901206876071 0.0393133314675652 0.0235511934158986
-0.0675591627535836 -0.224803278888592 -0.0420553377452947 -0.0923440261668221
0.0873473275869797 -0.373037500104382 0.0392429771706641 -0.08719652075869
0.396420680643826 -0.237027293099416 0.0548817863504471 0.0505131671409332
0.417333224712196 0.1884653266594 -0.12125586543047 -0.00427673520737679
0.105135589568135 0.379680220210899 -0.0422645220406808 -0.262139274488374
-0.163562226700725 0.186790116023988 0.190133224310335 -0.17103468697841
-0.16307529694245 -0.0797444351408605 0.160667663023205 0.0836080656727217
-0.0460045746531088 -0.218998413752075 0.0672890742400735 0.226047387111114
-0.0547954635563081 -0.229966327203669 0.143306801229992 0.24104705880309
-0.134304124282705 -0.140142213815334 0.25147793175406 0.0891780339194687
-0.148691534741849 4.0914480947265E-05 0.189009214755411 -0.120214266186031
-0.0978905196682684 0.11063848758743 -0.0425902582458159 -0.191323971863092
0.00117708835749577 0.131356589393962 -0.170352734230296 -0.0382333584669155
0.0595086910550105 0.112173181105428 -0.06657567700501 0.0759783499126098
0.0192839211452299 0.000717516010178321 0.0776767570751003 0.0534712181405789
-0.0180773463343634 -0.124105954840009 0.0256302476336013 0.00733107473303004
0.0852598549963061 -0.248375308212609 0.0314432692444248 -0.0188905041394981
0.33520503151152 -0.142096626947384 0.055618024488262 -0.0249161212479172
0.317289761282982 0.224022922986245 0.035636926499844 -0.0572908944084149
-0.00314498451563316 0.350176551919604 0.0793003211976171 -0.106167766254087
-0.222611419604408 0.11801921730357 0.122415431187964 -0.0400635785088281
-0.209647466698431 -0.105925918717183 0.087626666776841 0.0366150191312274
-0.12927497147628 -0.228034029667237 0.0621097046807023 0.0792945307402942
-0.158325907587294 -0.2440243772601 0.108597193062848 0.0692085570529569
-0.244989154834121 -0.139719668151729 0.142908813173678 -0.0657332057714586
-0.257634904063813 0.0544996115651 0.0267232104578468 -0.197011326331838
-0.129001004032687 0.192157671901086 -0.143177320944064 -0.161877801465295
0.0167861452833648 0.185349686674684 -0.162464610809887 -0.0394228413314164
0.076242188134834 0.131598718237151 -0.0838925961957989 0.0179054941264505
0.0729146374924351 0.0868643291410199 0.0856636493681475 0.037099117564667
0.0508083354348982 0.0783376718207198 0.101541014595467 0.0315933582769707
0.031942604846261 0.0638237012424108 0.111321071358697 0.0258761963165044
0.0329938225439803 0.0931549266485501 0.113618095986482 0.0195125862604168
-0.0392504915221852 0.144991128068455 0.0736463915839362 0.0243698381223833
-0.174043652559766 0.0997047021787 0.0452710741827357 0.0212038275088376
-0.227927419286197 -0.0491077644697286 0.0166643969139946 0.00386777623833636
-0.223999869550188 -0.114779744922999 0.0035298883696695 -0.0153971287567603
-0.219268084481285 -0.106285477685258 -0.00630351585504144 -0.0311426177853946
-0.205494180852158 -0.00416176182847986 -0.0287558492848098 -0.0507916198454437
-0.122143874289075 0.0845630322322312 -0.0790056326515818 -0.0898937133183721
-0.0629805893189152 0.100609727017393 -0.12246361302358 -0.104863476875144
-0.0133420928275767 0.101413689370016 -0.141454142995576 -0.0833070998121377
0.0351510382835733 0.108019568140997 -0.111734290758406 -0.0523814467531251
0.0662554220288299 0.092164402928063 -0.0970444185562507 -0.0344383681266257
0.0947825862553586 0.145923948532291 0.0735678808112848 -0.0109000519467791
0.0614138330822761 0.209558878340235 0.157798003445781 0.00749519273910676
-0.0530365491252662 0.228996873626621 0.185247289574981 0.0910342573301746
-0.212496351474878 0.156707905929452 0.0707389975142428 0.167014899849563
-0.256105870858323 -0.0452036425318945 -0.102993016094567 0.107558620946908
-0.205304893932928 -0.173370704240121 -0.11580856074749 -0.0145260710779257
-0.166363119454412 -0.199525286382472 -0.0729714133698417 -0.0661440137535609
-0.206605779086214 -0.104645339389588 -0.075962770791614 -0.0562758637333714
-0.242321459054384 0.0772025900714477 -0.114659872044511 -0.0101405628417269
-0.0893065317877349 0.308306942116465 -0.112669606877168 0.048542077988024
0.232091738422615 0.28069990457371 -0.0911573264214892 0.0105111065959035
0.314780285880077 -0.0134999680797995 -0.103828435191604 -0.0291319679731815
0.136335470864118 -0.170812094513235 -0.0923298563742925 -0.0103718090989147
0.0124889222578604 -0.0698519500873155 -0.0481107628088549 -0.0154632167325639
0.0244547043986488 0.013753816601685 -0.086695571072751 -0.0403062474748597
0.0767688486957167 0.142525805846835 0.0604031323939996 -0.0657180616686853
0.0287506209318916 0.187741549573801 0.175197546583463 0.00919626156837709
-0.0760718482651244 0.159207781251274 0.12618714063812 0.163565390929491
-0.184242094600118 0.0639859205124969 -0.103633019935511 0.179610339474415
-0.175822212809754 -0.12864815592515 -0.258537336918026 0.00516457993579181
-0.0956269827661747 -0.239673088303715 -0.194331500266869 -0.172477843969336
-0.0759322871956767 -0.2330425536751 -0.0939219796950476 -0.190359833498273
-0.165137022948629 -0.0786362793687814 -0.140678946798225 -0.0871078914154445
-0.186729171766217 0.191643258631565 -0.204226166253677 0.128751611413751
0.068826276995624 0.394804618388609 -0.0277686318365694 0.256472783140577
0.409147865446005 0.241446595341333 0.102688252686862 0.0267562327911366
0.429016106650133 -0.143512008457397 -0.0520219855448304 -0.0884167219980418
0.149293103229204 -0.330090436693944 -0.0946574948018615 0.059548871283663
-0.0404720724781116 -0.179529785828624 0.0126874543477402 0.0913704810278618
-0.0223163211750402 -0.0435703447602559 -0.0467016657532041 -0.00087975921136835
0.0380357955655385 0.0890644187401497 0.0526741575303989 -0.105818485533259
0.00421363975078149 0.0979783198687545 0.157361939309037 0.0390479157746252
-0.0419587258124777 0.0579026303139535 -0.00404520502231094 0.167615258592142
-0.066341889501977 0.0202983297633745 -0.200861168221419 0.0390000322291388
-0.0593189850643992 -0.0694480725102424 -0.223569823470135 -0.141269337619462
-0.0125598637747749 -0.13608538775154 -0.143306993142603 -0.285086356731336
-0.0155504488776271 -0.151515734382691 -0.0607348228886977 -0.291564990094249
-0.101691559475892 -0.0426305833658042 -0.185683494070046 -0.109767500271901
-0.0914435163590889 0.163945578008281 -0.23749378079061 0.277468426838092
0.109012320390197 0.238716824517671 0.121992387022213 0.381463080300282
0.282418458887882 0.0907679516741738 0.247542413337879 -0.0493918516634892
0.246005063332998 -0.131852083591071 -0.0636081832159512 -0.161187603438722
0.0580125768058691 -0.234408687761673 -0.122761593647881 0.126300514300964
-0.0600900219873752 -0.130650746196495 0.0685418797204456 0.196585894598395
-0.0360452651222675 -0.0444484919315103 0.00422498685568774 0.0455904462888892
-0.00189045116018471 -0.00283350415104844 -0.0196567128629779 -0.0532414283088652
-0.000840288844969804 2.59430816496472E-05 -0.0766278290440588 -0.255837009989946
-0.0032685165913709 0.00922145335727888 0.148516372442131 -0.170809666882113
-0.0132887910649246 0.0119702696947769 0.117051790830816 0.159965093915375
-0.0325402313634527 0.0164820807602297 -0.262911836587481 0.0977886220685611
-0.0232836625331875 -0.00868898946034318 -0.195296902029178 -0.392320385498481
0.000944552844377486 -0.00701567311258919 0.239761899069202 -0.347406339198421
-0.0035059505445297 0.0112516942862697 0.22888949045307 0.11162324220018
-0.00811077009273179 0.0214675016064038 0.0505610566446339 0.343521619541804
-0.00346659239744167 0.0170638367761877 0.110061846865963 0.313560792699468
-0.00231709353433224 0.0139323781690899 0.17804630258817 0.18761736585578
0.0061524693956986 -0.000115267659140603 0.219899889087873 0.0442935027397898
-0.00264160849811345 -0.00387215920743566 0.0894126494963076 -0.146551217090614
0.00381091236565635 -0.0174074755959292 -0.144325776772621 -0.0698376939242741
-0.00630582747160304 -0.0186068884766448 -0.0497091328299831 0.11740531757832
-0.0295116473689671 -0.0543672303221674 -0.00543780976203913 -0.0243703004657391
-0.0514565508163712 -0.160852211726584 -0.0794006812035461 -0.203861626015094
0.060554541330079 -0.23719614015834 0.0989304149130981 -0.150503105661113
0.235460085261577 -0.134306436358588 0.0964907763122346 0.127614634928105
0.238611164565232 0.116675972379281 -0.231194494256631 0.0768533890239735
0.0734025535208273 0.225852914706275 -0.167662627434728 -0.35713548593338
-0.0833476152264665 0.127396420427175 0.22184050219671 -0.299330075424831
-0.087766813630106 -0.0383495886309245 0.210705767949365 0.110753684201993
-0.012209464428296 -0.11191971226785 0.0460813098396973 0.322692426253371
-0.0107883604160035 -0.100584680436556 0.109563789332444 0.310343942806238
-0.0389509976635824 -0.0411040748430037 0.199109281647771 0.182126405299051
-0.0258598459923717 0.00417993168173456 0.221765051300978 0.0127595502415748
-0.0262347556897467 0.0361783066459227 0.0616635041113148 -0.159477338075129
0.00396409912957405 0.0457212418167675 -0.14780580787773 -0.0597716973293043
0.0303242102024631 0.0510528694911594 -0.0539120738036445 0.110289932871341
-0.0237872383451988 -0.05730311009274 0.0387204468992347 0.0243682022008944
-0.0683597576700892 -0.222966970342975 -0.0420002799842884 -0.0909431217000976
0.0884182144425332 -0.371150031090397 0.0387913228179763 -0.0859346149451426
0.394671531166772 -0.237234878791269 0.0561746003842592 0.0505462634085456
0.417482131590848 0.18827783606978 -0.120375201002931 -0.00261221665480592
0.105176213182951 0.378656950534441 -0.042147335711849 -0.260262642540055
-0.163230556919368 0.185227146275829 0.189502930737855 -0.171315495664757
-0.161726954641281 -0.0797690506792144 0.159946357803988 0.0837372076389525
-0.0453011611815145 -0.217928773317835 0.0663050613187577 0.227548566606937
-0.054535929880396 -0.228675016147383 0.142182835784577 0.241835697828735
-0.133384921920717 -0.139672711166107 0.251710393620689 0.0905896653724101
-0.146990413531363 -0.000142132956220116 0.188569696814089 -0.119611119500832
-0.0949038984604651 0.111047737068135 -0.0434488649700429 -0.188817564928649
9.54387844989612E-05 0.129632025029716 -0.168738351788557 -0.0388626314818974
0.0597681893003736 0.112018795499062 -0.0653811760042454 0.0759842044662513
0.0192886914288653 0.00095268665178543 0.0773574860872223 0.0529590407120925
-0.0190835039499315 -0.122893714529285 0.0265659622524506 0.00846523225400614
0.0833391774854336 -0.247054561990674 0.0326173939252915 -0.0163588353058327
0.332080677453853 -0.143420901986635 0.0554865408646685 -0.0235598744897982
0.315424705062661 0.224327035578766 0.0354549226140541 -0.0566837335898538
-0.00281416732379553 0.348386336589321 0.079560361583685 -0.106904672338399
-0.224925760934904 0.116712515827161 0.121671361121771 -0.0407239440927147
-0.208247009311827 -0.106506759237302 0.0877523209175695 0.0367127715764908
-0.129454335920515 -0.228390844306513 0.06263739710288 0.0799693632189616
-0.158093300086756 -0.244152434024454 0.109752899535658 0.0697175920453986
-0.245025781967627 -0.139899282540466 0.143484978174644 -0.0642486787600388
-0.257369101955061 0.05426426006364 0.0278302594304792 -0.196480331608205
-0.129115093818298 0.190718572062699 -0.142336491744556 -0.160509148501064
0.0146775884082864 0.18435643824686 -0.160518481836271 -0.039365606855248
0.0757476362710828 0.131403909313937 -0.0822486448167315 0.0180331181981791
0.073692163646697 0.087956325377973 0.0847527797252857 0.0372060618867803
0.050176446695824 0.0796786315783106 0.101224658474323 0.0315556410035518
0.0309836844973969 0.0641453570980851 0.112631877085882 0.0270769986286797
0.0324454584816903 0.093620217057658 0.113267186510852 0.0194984828099407
-0.039734043715551 0.142586401155737 0.0731423049343247 0.0249286686210808
-0.173395596858323 0.0991460541165801 0.0453339671351239 0.0190982881256697
-0.228969337311339 -0.0505526959523153 0.0163655187660897 0.00370592615138385
-0.221259611632791 -0.114539212114782 0.00415283398795638 -0.0149539639223109
-0.21805434068259 -0.10700618694969 -0.00475325151735978 -0.0305776221376369
-0.205940755349309 -0.00566915033032596 -0.0268278544648329 -0.0499407019659452
-0.122717660812741 0.0834815758724012 -0.0773262130167235 -0.0895024957084419
-0.06482803576862 0.100513960753776 -0.120050220456552 -0.105155442632133
-0.0137229469847333 0.101705154305957 -0.139651401080488 -0.083413584061491
0.0344094331475066 0.108467965398533 -0.110347299676042 -0.053346455503479
0.0671467685132499 0.091671991732884 -0.0954666040195049 -0.0345379112178336
0.0955413721966373 0.145204523868906 0.0728577027263165 -0.011008824977384
0.0598493854087205 0.208921939679877 0.155817804582172 0.00776378246711223
-0.0531956342473625 0.227316944534695 0.185283261445399 0.0906914734724428
-0.21150321811492 0.156760959514806 0.0700015879263619 0.166631127291497
-0.254461925159609 -0.0465634708225397 -0.103027600145396 0.107709736698006
-0.205414828074206 -0.173018535075331 -0.116576649857769 -0.0148121206427779
-0.165861231702259 -0.199732257180663 -0.0729453337816865 -0.0658678522412439
-0.205241924540817 -0.105439871197317 -0.0745818661447271 -0.0568596547958437
-0.242280302972116 0.0758466861249547 -0.114511821072583 -0.0105035035415758
-0.0888617562473492 0.30839691878733 -0.110966771840917 0.0481767684643275
0.231428909254973 0.279601416174282 -0.0898615049375592 0.0113151176954601
0.312262350267408 -0.0133389791107 -0.103122277070615 -0.0291198547291248
0.135160489845818 -0.170733433378582 -0.0912728152232738 -0.0114394567450569
0.011137362762941 -0.0691113262892279 -0.0478014171695883 -0.016871016459602
0.0250129819469443 0.0140246710004278 -0.0863574799612052 -0.0405838887061773
0.0778064908657716 0.142335417089141 0.0595619174698207 -0.0655160601310624
0.0280465992011787 0.185321028478105 0.173574882399016 0.00983061815856868
-0.0750149140366071 0.157114712769499 0.124881800405676 0.161328219673297
-0.18110150935972 0.064510212801064 -0.103542858726222 0.177498721833511
-0.174656438723172 -0.127497405065531 -0.257406333724848 0.00509184458732978
-0.0947284217035466 -0.239052813069792 -0.19390622944849 -0.17212281891119
-0.075453800819988 -0.232025541874329 -0.092699936937071 -0.189520618768489
-0.163010948711484 -0.0794839545482265 -0.139834207394154 -0.0872295787973972
-0.186520602182839 0.190526324753965 -0.203186507105446 0.128265955924951
0.0684035810559399 0.392547427275104 -0.0275665278071572 0.255875922948464
0.41034100823383 0.239235962364783 0.101451441955762 0.0269228891065542
0.429060734252311 -0.145374926348584 -0.0531851948602593 -0.0883269017247447
0.147259761124464 -0.329974090858767 -0.0929306674356416 0.0594775564080699
-0.0387498116159655 -0.178406709500088 0.0136557919001342 0.0897946262618446
-0.0214336709741558 -0.0426240176422318 -0.0466368771023698 -0.00102509721020181
0.0395654441942185 0.0880002844755844 0.0514911857276431 -0.103714632732099
0.00292556045466266 0.0967137365187811 0.155545592075889 0.0399337744396407
-0.0401511441693387 0.0578374305835841 -0.00458084372840256 0.166306959236369
-0.0642594118620327 0.020716844753611 -0.200511147119334 0.0365712857884071
-0.0585631626969883 -0.0686719511628365 -0.221381096606749 -0.14026388228824
-0.0125014469500012 -0.136864968224954 -0.14299880685859 -0.283299711825402
-0.0155609956960718 -0.150660901233476 -0.0600720539759678 -0.291021674754626
-0.100032199988519 -0.0428283546762467 -0.184230638952522 -0.109917930597137
-0.090866664202026 0.162496252221023 -0.238576574909699 0.277356179999051
0.10983417668606 0.239129834545012 0.122525098511584 0.381171564888515
0.28264628209729 0.0902130864616374 0.246351384944934 -0.0490405823462813
0.246661072577798 -0.131666070082727 -0.0663658850014514 -0.16029193437609
0.0581671667250198 -0.234924220973802 -0.121510478985214 0.126418287190266
-0.0587346464928537 -0.130300715640607 0.0691401238577082 0.194765583771208
-0.0358437389370344 -0.0447634313124115 0.00472624727789868 0.0451486845979063
-0.00179518497729751 -0.00121719105555776 -0.0262729844833854 -0.0523197445738705
0.00226815430672954 0.00544499580204219 -0.110606317226371 -0.256267627748454
-0.00399464366386294 0.0144377444847115 0.133764403404116 -0.194907564889276
-0.015461343605915 0.0127459750705339 0.13974374438892 0.150748229866653
-0.0267841428936803 0.016341566844044 -0.258710538637677 0.129927148374328
-0.0202342965650833 -0.00620394333100696 -0.24075843563254 -0.38348543880342
0.00145742369262534 -0.00614536680015745 0.210130532088997 -0.378917749861714
-0.000972911580743964 0.0116631036280745 0.241319104484157 0.0922198271033961
-0.00419254466936618 0.0211719673264707 0.0833732308350543 0.345349040659454
-0.000433727856159638 0.0140101045964559 0.13801087416353 0.309508036105713
0.00119288886634547 0.0113725990588101 0.194140593640072 0.176139293233136
0.00630969005719746 -0.00293600867908724 0.224517553909075 0.0275728778689281
-0.00452132963516394 -0.0048174116603236 0.0797372048103191 -0.155931134084348
0.00117240582037398 -0.0169854257409665 -0.154241396040178 -0.061186938687527
-0.00774834233727121 -0.0155196273560897 -0.0406213574880297 0.121815108211271
-0.0363757551156627 -0.0498382967473922 -0.00816107930536627 -0.0256037117553743
-0.0706090460329351 -0.149820048688223 -0.105574907378127 -0.204236057857453
0.027855453486222 -0.241942840170998 0.0893856316177527 -0.167710982913202
0.216883446864449 -0.167201299069125 0.118656109179328 0.123254413353594
0.258171649608798 0.0850059360733145 -0.227888318362326 0.10726567965349
0.10408485424058 0.219762190283027 -0.208693127746614 -0.346484596276636
-0.0683092643186736 0.138670551365362 0.196137334022237 -0.328031027602199
-0.0932742576268253 -0.0295308874241211 0.223410750806506 0.0937605008136331
-0.021822952802479 -0.11162290117242 0.0765561645263922 0.322343580128829
-0.0195293970454991 -0.101432866089847 0.137270347298362 0.304432122830946
-0.041373713446127 -0.0394413306653512 0.214353357775543 0.167894435166154
-0.0242847470367173 0.00515141136111868 0.224193439271155 -0.00420817871726254
-0.0228653167309242 0.0382970831059494 0.0500461215478828 -0.165094851136729
0.00751524407810242 0.0459784813135582 -0.156259392473663 -0.0487758156757038
0.0355713680705592 0.0489590706501154 -0.0431640904517961 0.118662784766864
-0.0319872102097318 -0.05560117748366 0.0435343690654876 0.0208670032380882
-0.0990330892107372 -0.211872619562404 -0.0517618410958499 -0.0919724577384069
0.0376691501172865 -0.382529362673228 0.0377820486503487 -0.0932866197222736
0.36547017832146 -0.291562939770367 0.0694347869968946 0.051476529054559
0.448373345045874 0.137401720537142 -0.123520759010231 0.0151059093740202
0.154236021908815 0.371557703425283 -0.0731675061276477 -0.26261391449352
-0.145306393173211 0.206502433403842 0.175154065284903 -0.193634677189823
-0.171631634396128 -0.0649617033840705 0.170002820324624 0.0703136901423194
-0.0673192938556249 -0.214900544012719 0.0868723494259973 0.221775722866066
-0.076945972124025 -0.224786484755351 0.161437271099139 0.229324145574984
-0.145344184394063 -0.128209828085045 0.256871273985094 0.0702543178992085
-0.145516333350392 0.0125953506452263 0.176883035833298 -0.134012420172345
-0.084933054471395 0.120206032731584 -0.0600068549448157 -0.183945481412388
0.0121860933435063 0.131604263200547 -0.172355844315235 -0.0216201129452175
0.0703353552712145 0.105445904169823 -0.0565173461519744 0.0868296121700092
0.0188236417842086 -0.00374649832544461 0.0867578897266924 0.048181071440809
-0.0377084949517767 -0.11855788746827 0.030177816519825 0.00522366260679891
0.0500483727533667 -0.258571951295972 0.0376281315915959 -0.0183755093347777
0.315043645586835 -0.186882638284664 0.0597515918250139 -0.0258026747722485
0.346567009159239 0.186469310253338 0.0299204528526773 -0.0575490418784159
0.0393095905122636 0.353503465094325 0.068025188468408 -0.116978857280182
-0.213847290681165 0.14203531482152 0.119035809800173 -0.0545703183521743
-0.22282526285951 -0.0866612224080095 0.0916813986979944 0.0295227968732824
-0.153179936538988 -0.217104982416122 0.0689773579785908 0.0737526226289868
-0.18177241628824 -0.228739124693334 0.113613168899657 0.0595505565230585
-0.259602200444882 -0.116336089512068 0.135153857991843 -0.0757451788009394
-0.251679237852798 0.0810687695236337 0.00629145061043849 -0.197692408659268
-0.111895597050105 0.20440305677348 -0.158800753335675 -0.145029931160501
0.0310831179302201 0.183946646878336 -0.162776887095806 -0.0217678130481682
0.0882245529306008 0.123801594005552 -0.0775465842569956 0.0292263252753768
0.0844987932633032 0.0758236214413162 0.0915352963374023 0.0333010104607925
0.0565819538606591 0.0738259656137783 0.108380196483247 0.0233433896414537
0.0355369929105922 0.0604281405052664 0.120343951862087 0.01751319607758
0.040614171883336 0.0909644834051762 0.118872534884353 0.00920691738807431
-0.025730194950396 0.149296569919711 0.0751270420955785 0.017401835655057
-0.165550508370924 0.119812453872829 0.0458097151759464 0.0144141256313678
-0.238208729685803 -0.0271379883661054 0.0160691021337053 0.00133046787135488
-0.23824047645176 -0.0950082390061778 0.00255515212542402 -0.0154398492250013
-0.231292586140604 -0.0866721550714109 -0.0106808946685582 -0.0294657886928847
-0.205467874990883 0.0150825532483405 -0.0345633680422401 -0.0456941517232199
-0.115520825197816 0.09495570282775 -0.0851886598657693 -0.0800584012526781
-0.0570127208646481 0.107781851184656 -0.130210807161791 -0.0939186453751069
-0.00529709346389624 0.105356480025117 -0.14773747302561 -0.0706031804209087
0.0420482331825753 0.107000321860285 -0.113517917912632 -0.0433633023498522
0.0746364149103277 0.0860534340079682 -0.095214878255898 -0.0249158944198432
0.115003367352892 0.13220548051969 0.0723314271188849 -0.014513668520237
0.0835756399613947 0.202561531453399 0.160995654796999 -0.00605182910375276
-0.0289414753459671 0.233779457441569 0.198929983975868 0.0733018650363031
-0.195436246528694 0.183775364290774 0.0883743299285143 0.160813141514933
-0.263034473205313 -0.019048694042777 -0.095629372443327 0.118229017348509
-0.226310880042671 -0.153487536102128 -0.121944757489402 -0.00669832263712223
-0.191072652207025 -0.185841767332772 -0.0802066013354217 -0.0605548651932017
-0.218748344242957 -0.0877737374222514 -0.0805150664326967 -0.0515511555794159
-0.235587885257564 0.10108738743014 -0.118916457594891 0.00333433597085181
-0.0571104428186372 0.316310641971113 -0.106900093048125 0.0663138437734092
0.259708217423571 0.254980728105186 -0.0811765522306905 0.0227655461088814
0.307810987530875 -0.0450345197519391 -0.0979360370678317 -0.0250524238743662
0.116298862687558 -0.181597368788891 -0.0917219545696133 -0.0117075509064549
0.00339555103177932 -0.0683220382540373 -0.0501207202973073 -0.0170205291976399
0.0266572903024063 0.0121181389022897 -0.0898952903034147 -0.0349877244719412
0.0962790507810464 0.132086055400227 0.0524819307757664 -0.0700403313039981
0.0479683049881827 0.182760334430917 0.178880760322175 -0.00690733927345049
-0.0566677689757174 0.163598761500565 0.144280397298668 0.152060828240442
-0.171720006756067 0.085083223767506 -0.0909087909863917 0.192060874715423
-0.187709481946582 -0.110895048480576 -0.263501814553999 0.0302823303598794
-0.121173673703411 -0.233006223793563 -0.215992594302273 -0.157879815047587
-0.102695099432794 -0.227312772161135 -0.112827624783526 -0.186042113287932
-0.172019759558173 -0.0647439107115592 -0.149712397946962 -0.0765612358359262
-0.165230604263204 0.210462265161688 -0.195690597018652 0.152391397034803
0.111152594859506 0.384464538416287 -7.56593407537678E-05 0.270738500872549
0.433940223126012 0.193857905007198 0.11562182733839 0.0196706781612792
0.409116060528044 -0.188244543783379 -0.0523124448459995 -0.0926305557553748
0.114495379168243 -0.342032047814441 -0.0900955913672661 0.0550635201290849
-0.0556884858539627 -0.173156830698899 0.0176386787380282 0.084395778141708
-0.0244185195262019 -0.0398895509952873 -0.048268075566405 0.000972890771065969
0.0506221613120591 0.0839928636317893 0.0404952869872406 -0.110794944602537
0.0123211948867289 0.0940342943695238 0.164996489663855 0.027541772132993
-0.0321489667135863 0.0594677435973604 0.0124858887231877 0.171595659031681
-0.0562133851137265 0.0255316509676996 -0.203968332082156 0.0585684385589578
-0.0619955540360148 -0.0619862596015731 -0.239994219749563 -0.121310168383508
-0.0255282672010896 -0.137593553618009 -0.173193262871861 -0.274564579051718
-0.0309814848485811 -0.150763362042312 -0.0886484481797757 -0.291837971341543
-0.105067625031145 -0.0341420717712332 -0.197536955977552 -0.0955017215439936
-0.0720580913062229 0.172023330670954 -0.216059936851855 0.306830866077418
0.135006808746254 0.224405273926095 0.16313429078469 0.382095871040674
0.290324968973922 0.0580542104143063 0.250723676331368 -0.071001734152028
0.230914921130929 -0.157009943804186 -0.0765165769267197 -0.1616371114808
0.0353931755203818 -0.237789137534739 -0.114855392819871 0.1320313126671
-0.0684986525473076 -0.125382587015855 0.0829612271936451 0.190347179773178
-0.0389684654939205 -0.0409157966251156 0.00719169970859047 0.0444111948255125
-0.000714668952076701 -0.0021518196826986 -0.0290216546625536 -0.0520596512051301
0.00332525550135765 0.00622797676312702 -0.120437334752269 -0.26433743510409
-0.00343353406553656 0.016018036070799 0.13536760703579 -0.205602760594681
-0.0160321221091095 0.0129693637869214 0.147901137345096 0.154075066837227
-0.026757775381967 0.0168670469307694 -0.264636069652933 0.139014476813238
-0.0207651732169331 -0.00634030142113734 -0.255721385037845 -0.393247476780607
0.00234656597947231 -0.00601642757377214 0.210431006176497 -0.39467738053991
-0.000817377603126561 0.0121980422076837 0.251305583642482 0.0924240154472838
-0.00331221075535338 0.0223593946379127 0.0918054688518952 0.356191238263285
-0.000306349323534525 0.0143165992334713 0.146105296115276 0.317224457246471
0.00202621475769677 0.0121628586652486 0.201084938005176 0.178693583166908
0.00767718831313895 -0.00271814448112449 0.232360878909753 0.0264081314029135
-0.00445441462427212 -0.00456460168229457 0.0822729684916385 -0.161848257631072
0.00263230979636649 -0.0171605393899145 -0.159841381689359 -0.0611002303181905
-0.00821339678490038 -0.0169928924900716 -0.0403019933785147 0.126712640344497
-0.0377684960681384 -0.0505148564958672 -0.00944872773879438 -0.0254095099596537
-0.0751579467972408 -0.152758049612394 -0.113707302190948 -0.209195068482803
0.0261966440701271 -0.250541945054864 0.0901405647114499 -0.176351866060946
0.22173473651025 -0.177217087503284 0.125992495734754 0.125591488095638
0.270076592816326 0.0830080860876352 -0.233526285217264 0.116068422966801
0.112475811591797 0.226400789712166 -0.223106144127799 -0.357079723475232
-0.0692192838890466 0.144251974794903 0.195851825597726 -0.342296658121125
-0.0956219568843725 -0.0288117466236302 0.233369475597419 0.0923157262936882
-0.0232571778297304 -0.114720031588288 0.0841305284679395 0.335124142930002
-0.0219805047065188 -0.105371729145971 0.144334617594801 0.31207784617323
-0.0422523673173954 -0.0391314352364477 0.222000846750899 0.172245432898276
-0.0239695424537753 0.00520102525055422 0.231621597938183 -0.00679692351716643
-0.0205677902768059 0.0396834082600795 0.0501715742220462 -0.170354645882188
0.00812476192663379 0.0475813764949353 -0.161918249412447 -0.0489920196045853
0.0367290008887335 0.0496303672010911 -0.0428149557467246 0.124094678931226
-0.0344885507813694 -0.057518906042805 0.0463830246135928 0.02187971207883
-0.105236252997463 -0.216148070457379 -0.0562170383412728 -0.0932693125030564
0.0326040179375944 -0.396135644155851 0.0382124417785749 -0.0967913450855367
0.37337135961492 -0.309734470168485 0.0748746263897526 0.0525202302133469
0.465663644061373 0.133217072545768 -0.126777585303645 0.0180998683012623
0.167825736841111 0.382905745511501 -0.0792933126861742 -0.271087950992043
-0.146201028297713 0.21620563748206 0.177444742437891 -0.203668016346739
-0.176982272501981 -0.0648108924146284 0.176363235643583 0.0710537421364669
-0.0718363936103291 -0.221413681545828 0.0934009020721685 0.230628513438666
-0.0827804714011441 -0.232937648419183 0.170933001267175 0.236604160822349
-0.152114869446714 -0.131217686556843 0.266361789085209 0.0712540108955315
-0.149392635298809 0.0169197383812734 0.180940187349477 -0.139615916705694
-0.0839913251705222 0.124598578429093 -0.0656045057713798 -0.189865671706552
0.014049502284572 0.134997004075791 -0.178400118269944 -0.0217413095803607
0.0756192287426458 0.107523237772226 -0.0563081508467453 0.0915787482415623
0.0205785153223428 -0.00485290223924795 0.0910707602959195 0.0486859318663717
-0.0418448290156117 -0.12120282109812 0.0324551997195837 0.00683608640892535
0.0475711344726761 -0.26833197483229 0.0392748800417589 -0.0175332719870577
0.322524479172153 -0.198811270782489 0.0625865646785675 -0.0268031686134056
0.362264938849415 0.187453660099866 0.0298545077753321 -0.0594471825084031
0.0471100095088939 0.365311111646424 0.0674396388489765 -0.123510614128704
-0.220136790676797 0.149304882063713 0.121587731260262 -0.0576615540338822
-0.229916844534427 -0.0884687582036274 0.0953394066421849 0.0296204027384245
-0.161993984942756 -0.222435419665726 0.0732992850467926 0.0770314853012968
-0.191691579676835 -0.233802017506168 0.11935797641601 0.0618582835698883
-0.271839068057393 -0.118055285964655 0.141145282091196 -0.0789032317267605
-0.260975126490741 0.0883334144125492 0.00350833707562231 -0.205122871349574
-0.1124169288012 0.213926644751756 -0.166228194700713 -0.14795762932594
0.0346691313183494 0.189883436525703 -0.167702430029099 -0.0205533486240344
0.0951611629263435 0.127413680298478 -0.0788802041289586 0.0327130270074229
0.0886426851857236 0.0776426472165947 0.0957355193264318 0.033036915628345
0.0580200788486163 0.0780382211739109 0.112829547336185 0.0245837643753775
0.0363343083578834 0.0628179002929604 0.127434512229516 0.0170215477867717
0.0421040831882478 0.093599053627454 0.123947817403731 0.00779970125773314
-0.0252553141655159 0.153604229979817 0.0784040149947036 0.0180065298895433
-0.168784309040921 0.126521615879236 0.0464738959088242 0.0132014438190529
-0.248471723910224 -0.0253162210111333 0.0169329518679116 0.00120687405947937
-0.246504394446711 -0.0941117561170953 0.0026752067676947 -0.0168550656216598
-0.241181730947856 -0.0862731608523085 -0.0102409387339858 -0.0305109587396102
-0.212686757630829 0.0186504264359199 -0.0341749379385694 -0.0469092692731103
-0.119229513714953 0.0985355169792722 -0.0871666703189098 -0.0806681464401816
-0.0588942095018296 0.113470466638205 -0.134873018056537 -0.0957234451710883
-0.00511007599271087 0.109793390051407 -0.153432605732808 -0.0728298090584226
0.0445944065015588 0.111450125391479 -0.117391482886539 -0.044130271998506
0.0800489524583724 0.0876288287479348 -0.0976318011109627 -0.024421035025545
0.122286443244406 0.134822215247465 0.0749339041671628 -0.0167451658896198
0.0894744691628917 0.209333935223448 0.166999649732157 -0.00806923356006968
-0.0273324531964513 0.242305838449172 0.208267152712329 0.072413530927926
-0.199184947276367 0.193638881664696 0.0922403457599925 0.164207277081129
-0.27382936861246 -0.0160587365044908 -0.0982120231797906 0.124585894788368
-0.237226175569522 -0.157489256461757 -0.127797803906642 -0.00479913653970136
-0.202085194785037 -0.188347451790458 -0.0838788285816422 -0.0612863724687151
-0.226570958149655 -0.0882806032179431 -0.0837713560464982 -0.0522164927031204
-0.24214539516261 0.10767748521 -0.122344289511941 0.00532430598838925
-0.0537614055390447 0.327388700110399 -0.108856433444922 0.0709316090456552
0.273074167540669 0.258756406021279 -0.0836663088293972 0.0250332776897481
0.318455391488976 -0.0523249752379477 -0.102760905427383 -0.0248211658925708
0.115998800347813 -0.190900763048606 -0.0950418368113905 -0.0122000012062223
0.00228802233049858 -0.0701036468389906 -0.0512115229513531 -0.0187069519668926
0.0283893667142814 0.0130723640820702 -0.0930723446533786 -0.0348472446899399
0.103475226908824 0.13435618328062 0.0532072275231056 -0.0733111456455775
0.0526294074244407 0.187736035202257 0.18558984828992 -0.00870053982599574
-0.0564216069328524 0.170391647344238 0.151191553581388 0.153809900234432
-0.174189083587123 0.0893095385243991 -0.0912516173609524 0.198378835211977
-0.195958653377826 -0.11126310297627 -0.273012740035662 0.0348752271813366
-0.12890024101467 -0.238782598538276 -0.22637145711019 -0.160519141548031
-0.108916404464662 -0.233244644846568 -0.118738959998183 -0.19165010060611
-0.178048572425991 -0.0650315369234207 -0.15616725738228 -0.077836004110639
-0.167802971522231 0.219121118920677 -0.199832194365664 0.161146179419155
0.121027837948634 0.396380481919007 0.00543029073817324 0.28132909700989
0.454518511092828 0.195419269353284 0.11914126013183 0.0197818309347782
0.422495767028359 -0.202976454689871 -0.056490328540343 -0.0955339331741825
0.111324130978799 -0.357643632806671 -0.0922925234725535 0.0588090106517503
-0.0616592104779486 -0.177936678191836 0.0204055542228599 0.0852704389209704
-0.0258945679802165 -0.0418906669619347 -0.0501887761893974 0.000584142052383696
0.0546484312098178 0.0854936565517411 0.0389153822920292 -0.114825720087759
0.0145271893750802 0.0968748083698849 0.171021812986628 0.0262961038124974
-0.0313168398050516 0.0607203920428081 0.0143252046309765 0.176523947710554
-0.0552248113263788 0.0265772993725437 -0.208897990958358 0.0635572552467335
-0.0645628068861782 -0.0633387967707804 -0.248054501878686 -0.120471388676944
-0.0285834353522292 -0.141471833903792 -0.183203875110817 -0.280770118728508
-0.0331931790146897 -0.15615150381139 -0.0967655412925932 -0.30185593238051
-0.107943901891861 -0.0338769597091093 -0.205859527857302 -0.0961239386909139
-0.0708938217865201 0.180223015400217 -0.220543766664727 0.321713910957855
0.145142273778546 0.231635647910445 0.174688724484856 0.393746816457284
0.303269157931538 0.0544790667592904 0.257796580180737 -0.0780286561974921
0.237796807407762 -0.16728036978192 -0.0839117638544218 -0.165228067773666
0.0319496253228758 -0.246930811487455 -0.11699991317273 0.139844445937015
-0.0727441879016233 -0.128868755751599 0.0897217963178007 0.195383849822166
-0.0411634067249063 -0.0419155289850958 0.00851509037124395 0.0451132646760794
-0.00073675994165235 -0.00272874889652409 -0.0328214027250131 -0.051853926577219
0.00417928994095651 0.00680794827421638 -0.138138234512405 -0.265008323312748
-0.00176104689700159 0.0163219536186745 0.13053735332648 -0.219153223310229
-0.0163935947877931 0.0151123191691305 0.160338071929161 0.150575493344159
-0.0262563284368992 0.0182000994181125 -0.26550984438933 0.155241828477698
-0.0207106469706193 -0.00615011132256044 -0.281248817505602 -0.394323013115584
0.0030145768501452 -0.00675327021301352 0.198648384801626 -0.415615225820687
-0.000270600005072724 0.0117057468099551 0.261330054170622 0.0835803257913625
-0.00201380933644624 0.0233382165206098 0.108048061630592 0.364712370553072
0.000169309459274935 0.0143139684393453 0.162368180041928 0.32012232503601
0.00276661368132039 0.0124261401435781 0.213660545411804 0.176089618490456
0.00795652037183882 -0.0041148135360475 0.23985370817554 0.0193522673294331
-0.00359215271257455 -0.00384830474311925 0.0783907106660773 -0.17019216201449
0.00208465361457499 -0.018928434716584 -0.1682259212843 -0.0558929583166699
-0.00928044760527016 -0.0168648605100108 -0.0359272797714753 0.132015229072392
-0.0407076474724299 -0.0510820156116445 -0.0109399900264314 -0.024484386115224
-0.0838306622583821 -0.15387627877386 -0.128317272082021 -0.208771606098117
0.0157235657379714 -0.25966231971181 0.0845023697209975 -0.185066650370865
0.221297319791399 -0.192821532276145 0.13709085179301 0.122124907341037
0.282950314073002 0.0734095333786977 -0.233642121022505 0.129841855355288
0.126925688755193 0.227876347911193 -0.246978469509881 -0.357423340504932
-0.0644421774927282 0.151676942198147 0.185469521789992 -0.360766033903905
-0.0977759903410318 -0.0267576266306313 0.24474143246501 0.0851415941689185
-0.0277048334056374 -0.118344745754509 0.100232659157373 0.342835377844488
-0.0262392954887664 -0.106320131327016 0.160965552936382 0.315995154429774
-0.0447860848337963 -0.0385826420328407 0.235572553598734 0.168599105813778
-0.0216205835759948 0.00627535017352874 0.238155928374079 -0.0143636087774873
-0.0172967383339886 0.0408182428751147 0.0456249545997064 -0.177300876544953
0.0118895382710743 0.0480999864117394 -0.16980511889908 -0.0434952106699573
0.0404695023126854 0.0494878871838178 -0.0388272251137401 0.129122493220472
-0.0371421831965735 -0.0574148291982042 0.0489731024467656 0.0204879414761526
-0.118642234237378 -0.217663431028987 -0.062585907255419 -0.0920738826669522
0.0173015910180011 -0.411367271529663 0.0365231015404875 -0.100120060517066
0.372733691591339 -0.336230581858659 0.0815554320703562 0.0507005476332741
0.489220223546949 0.11845015379012 -0.129066241308161 0.0242120980972289
0.190166402390598 0.38719810119357 -0.0943205836257425 -0.277023460496172
-0.141671063977649 0.228237413091372 0.172852762338552 -0.21691471254572
-0.184039458851856 -0.0601491523628039 0.185611657601591 0.0660943132555655
-0.0837067371137571 -0.22445676947596 0.106750053131904 0.235477129104687
-0.0945412666459408 -0.234638905505065 0.187126280453189 0.23823444759272
-0.161730826460121 -0.127897186815651 0.278548659039019 0.0622036899631205
-0.152146102779964 0.023762327442853 0.180603065297919 -0.151488018276993
-0.0801079467510316 0.132482451189896 -0.0743966707869872 -0.191359287596025
0.0200465901601324 0.138393894334621 -0.184704139370132 -0.0148455272147352
0.0831910668019679 0.107825730815139 -0.0526794004800325 0.0966443297038752
0.0217042611961484 -0.00567525089454594 0.0972710553752257 0.0466427740257071
-0.0499316848273587 -0.119605796634904 0.0344587848560292 0.00716152658949229
0.035949346116725 -0.277592419255625 0.0416501842126285 -0.0182863873116698
0.322110325741384 -0.219114513215526 0.0652123421701317 -0.0286615252606284
0.38126488852346 0.177909921556342 0.0285679382384458 -0.0628055455176356
0.0643133679046974 0.373910359782867 0.0627531380374352 -0.130568801762252
-0.221538494241094 0.16182604887632 0.121301689904427 -0.0649355672424762
-0.239740703843463 -0.0823562442545248 0.0999948736588075 0.027190991695161
-0.176584155880564 -0.224130366070868 0.0799159492770287 0.0768019304393004
-0.206632326068243 -0.234137651344099 0.128432836211204 0.0606595051112431
-0.284492821791362 -0.111122755233728 0.144264218327427 -0.0866774652939088
-0.265545605677378 0.102196618465944 -0.00381515580260166 -0.210861326188293
-0.105959705651576 0.22528844880043 -0.177755479213987 -0.146185928889966
0.0426262603696685 0.195339370393428 -0.17313127063937 -0.0145320949340285
0.103243233865163 0.12734964281667 -0.0786713534410383 0.0362186009950488
0.0958843482652173 0.0754430161504422 0.10136557226228 0.029967376967861
0.0627145213658013 0.0803387590786101 0.11796383783871 0.0214755967526285
0.0389223847179995 0.0633536935566056 0.133228205059306 0.0125976533503841
0.0463490643659427 0.095032199841053 0.128592209416859 0.0032948335357681
-0.0204166156644188 0.158758328321181 0.081777087689363 0.0154350679345426
-0.168271194732347 0.135627339919698 0.0474374251199845 0.0109518041948183
-0.258933386822583 -0.0168693916664828 0.0162091660192307 -0.000257618771090489
-0.257479249980571 -0.0896631715078174 0.0029828973057102 -0.0174627616273207
-0.252815415425613 -0.0806386436188719 -0.0110448879632156 -0.0297593172328934
-0.219254549150397 0.0263679999323627 -0.0352494988810719 -0.0455214940382792
-0.121337237425944 0.104966692531122 -0.0909990230313685 -0.0790876870791681
-0.0584449944699954 0.119537347786002 -0.142227695501631 -0.0940597721944592
-0.00140943377056983 0.113930032178564 -0.160767471157534 -0.0692805291107092
0.0502686614384689 0.114006543179699 -0.122510049567226 -0.0412974612699307
0.0871870120033861 0.0866620198578157 -0.102744154853699 -0.0212538833065671
0.132422817261267 0.133097099106338 0.077104264646525 -0.0202182333347827
0.100439338265316 0.212247974958086 0.172318662218263 -0.0143642706078389
-0.0193662437749049 0.250512982200991 0.217390548267539 0.0647579352270155
-0.197375165547707 0.207725398854815 0.101931498205489 0.165168723292898
-0.284514155442567 -0.00553786801114489 -0.0964345316847333 0.132337514942177
-0.249718533267522 -0.152433150867296 -0.132836871095605 0.000935694313193909
-0.216420286521137 -0.186062144568186 -0.0885732955176703 -0.0616205356580608
-0.23778420568732 -0.0824330789761798 -0.0874667045100365 -0.0509662351041629
-0.245658746799326 0.120617284353118 -0.126049603637584 0.0108098190186613
-0.0409309970814648 0.339292048876161 -0.107829726761706 0.0781056146828074
0.292155465792188 0.254132813997105 -0.0839352433558435 0.0303867364105761
0.32503669256449 -0.0680325107133051 -0.105960376710925 -0.0217978559335938
0.109695586653892 -0.200736573952232 -0.0979592715962519 -0.00941641562342259
-0.000897030024051678 -0.0716060643401374 -0.0533164277794265 -0.0187475796254073
0.0302751685096099 0.011644625784921 -0.0975884273087912 -0.0314895282901
0.113626775532333 0.132644008060923 0.0503959850528229 -0.0773842812321089
0.0629254573876797 0.190721260675556 0.192197009628259 -0.0157316041007192
-0.0501776249215773 0.175083550843949 0.161266498585367 0.151579365159444
-0.173305142841035 0.0979666095206536 -0.0862568147784901 0.207159684604584
-0.205725883854227 -0.106944670957909 -0.279176980228507 0.04636358202185
-0.143023440960199 -0.241182429704064 -0.23986065503769 -0.154300194808314
-0.12140617719856 -0.235926073788451 -0.129206908804031 -0.193043209328713
-0.185065056104857 -0.0603778401845472 -0.163669341038543 -0.0738941623883898
-0.163533212041637 0.233167218429245 -0.20091770687626 0.175332367803606
0.141848850876752 0.405482646472809 0.0180830680919197 0.291479889258987
0.479085459988312 0.181170890182009 0.123168147112344 0.0151480411452929
0.428072828768213 -0.229874669434927 -0.06333109323115 -0.0963439721384044
0.0981521699158424 -0.373057661757024 -0.0934553106991444 0.0638905517872543
-0.0711823753085626 -0.180177274498868 0.0251305141226727 0.0860081583461494
-0.0281207680626396 -0.042043354772279 -0.0519258791731223 0.00319426273328551
0.0605344540210133 0.0832980862842931 0.0338103589996192 -0.118868491269907
0.0193281587586939 0.0973042072931014 0.17823975990204 0.0207900417132431
-0.0279772510920323 0.0626646942028769 0.0205000679571208 0.180613457469204
-0.0536418052012432 0.0287375488408344 -0.214151330651 0.0731580178224029
-0.069358022957306 -0.0621500734701014 -0.259503644533441 -0.114976146175576
-0.0345152000965198 -0.144960467371163 -0.201570694417812 -0.281815323640387
-0.0393762325091302 -0.159442185391289 -0.112691252183765 -0.306694472198635
-0.112140235825973 -0.0311741532195516 -0.214506712931789 -0.0908027715036051
-0.0658478329217603 0.187667751031229 -0.216650749214694 0.342197756186231
0.159539763494662 0.232695676564446 0.198290856410455 0.400640383600748
0.317493773227592 0.0435660487630043 0.261263072567273 -0.0900034924823293
0.239658594428879 -0.184815045130437 -0.0949234108032553 -0.167128278016394
0.0228209822387289 -0.256762785459211 -0.115836842886033 0.149082890769131
-0.0805042039830338 -0.129792360513458 0.102004468098359 0.197142909576832
-0.0437164325212255 -0.041882261732687 0.0109247000715958 0.0458470921399388
-0.000366070923183924 -0.0024511545116425 -0.0363609785554352 -0.0482605013425343
0.00530518141083971 0.00641423742985699 -0.156802547449886 -0.257966008631149
6.74714720212653E-05 0.0172473253208879 0.117178423213051 -0.229961839093457
-0.0158228574741007 0.0158235475508727 0.170832585373804 0.14050336049272
-0.0248599937364025 0.0191505889677915 -0.255692346232485 0.171461193397458
-0.0212276662801213 -0.00401439990357592 -0.307929104674692 -0.379768946508664
0.00287480545283677 -0.00672642218239443 0.173585344598533 -0.429176952291127
0.000892712444944569 0.0122202426017344 0.266916753227259 0.0680237783781354
-0.000270511001004257 0.0245893895729127 0.129603501864269 0.360830541602201
0.00133484910719157 0.0147231085698047 0.180750960659306 0.312156428401101
0.00424728567441701 0.0117897371891438 0.223483983645436 0.163575683588726
0.00856626157378476 -0.00528493283395868 0.241400006972902 0.00733613586150964
-0.00215599117631158 -0.00344951429582774 0.0707744964294409 -0.175402529135985
0.00133903893151771 -0.0193266547449502 -0.172228193244117 -0.0461664633689999
-0.0108707908763821 -0.0164601282249608 -0.0279431595436846 0.135114514648594
-0.0435837824446796 -0.0491556987683734 -0.0125709768371035 -0.0235236674637936
-0.0923704219963098 -0.148573421612879 -0.143682128948729 -0.201427561501882
-5.18534529367481E-05 -0.262493489311855 0.0734720716111627 -0.193262710658023
0.210379751854975 -0.207030177394991 0.146561761918655 0.113289998376616
0.290416875970127 0.0572599972088439 -0.225782336669893 0.144310912686429
0.14239480550246 0.221553942703878 -0.269880756601585 -0.344527737084672
-0.0559268884045836 0.157045905988925 0.164425696259304 -0.374049450700957
-0.0990512542872189 -0.0207844018750774 0.248415460692161 0.0702783997511061
-0.0341011380281938 -0.115834762466849 0.119908173707145 0.339585228001922
-0.0334043951836151 -0.105838010748322 0.179702255633414 0.308125015138786
-0.0458025251866609 -0.0351081599028343 0.244822100500945 0.155083288181644
-0.0194124141889002 0.00738225409112467 0.239350421587268 -0.0267537584201529
-0.0134350664441437 0.0410943291175427 0.0359951524532482 -0.180247560992808
0.0142581402056137 0.0468181166484036 -0.172539958045513 -0.0341661944603165
0.0434253014798189 0.0472230843270378 -0.030464413992518 0.132361852060174
-0.0413968197569662 -0.0557632563102348 0.0497044378972798 0.0183158599484564
-0.131416405656885 -0.210812440559272 -0.0691873610282162 -0.0864430735557093
-0.00793031029051838 -0.415130765356711 0.0304613847518878 -0.101866112235366
0.353228199523142 -0.361202282489358 0.0868745597829833 0.0456238282618815
0.50053227349307 0.0886973467267016 -0.127453083853228 0.0325629338904806
0.21598944544334 0.378023663882645 -0.112862759341006 -0.272140470387454
-0.129709708806781 0.237783144146364 0.160063726184851 -0.229270645707633
-0.187106788481932 -0.0511169460196571 0.188805164653903 0.0543363582686031
-0.0966678025760614 -0.2210327864571 0.121106513461706 0.231355664370693
-0.107915021310196 -0.230904150597523 0.201931696531592 0.229646703121516
-0.169478975113213 -0.118840191333821 0.282805443481296 0.0474984875658979
-0.149539655288741 0.0333320643055854 0.172279968220862 -0.161218955001249
-0.0702732071585542 0.13675794835219 -0.0871995642489911 -0.187972439828373
0.0285324457558969 0.138361241639471 -0.185777906901471 -0.00457900319531122
0.0902846277264054 0.103237871683021 -0.0470281682389972 0.100755568438393
0.0218698268448255 -0.00774528599765167 0.100855721972352 0.04106281514759
-0.0569325639750142 -0.116143345319717 0.0341572706121608 0.00737015775706395
0.0190112122819882 -0.28149622531353 0.0425569153238615 -0.0201985679545301
0.308745087811048 -0.239888719362765 0.0656075933154399 -0.0328804996646792
0.394244663568924 0.154356919035564 0.024929423376503 -0.0637810600042607
0.0880931006336114 0.371339123852674 0.0552187020362446 -0.135487567960026
-0.212931143154757 0.175470185799549 0.116915072694813 -0.0730092802044979
-0.244087276511697 -0.0699617316915408 0.10147972785532 0.0213861528127744
-0.19060856164607 -0.214302089318725 0.0860881516261916 0.0743983494740875
-0.2219677468568 -0.223933080021973 0.134722962714367 0.0551787070192177
-0.294075482008207 -0.0957701325554048 0.141037785647591 -0.0956184967750373
-0.260879750561315 0.118536177714612 -0.0161181128680257 -0.2123687863065
-0.0924097964246383 0.232784352056398 -0.187333117820855 -0.136258668077864
0.0539285012731393 0.194893638709388 -0.174397647059305 -0.00387256992273349
0.112002049687759 0.121715168187349 -0.0756837430606195 0.0417797348761975
0.101565509268366 0.0689526027132456 0.10383180176048 0.0239205455561123
0.0690807574268394 0.0786120823663004 0.120641333772492 0.0158179126372826
0.0419653723258298 0.0621045269428416 0.136707800273482 0.00512702873386682
0.0503601965141998 0.0927284674088877 0.12956410037054 -0.00360729216191082
-0.0119706179308857 0.159075297053229 0.0829293694411059 0.0112253634473075
-0.161587433887768 0.146079082857267 0.0470816299630353 0.00875946120978832
-0.261220788997184 -0.00210703291838107 0.016625516090036 -0.00225545153309727
-0.262844544357742 -0.0761581177576163 0.00232881706400595 -0.0179699214780025
-0.25989279165667 -0.0668847400990479 -0.0115735678461118 -0.0285896700777359
-0.21892457448891 0.037910801452196 -0.036318318676908 -0.042946300360874
-0.117900781761077 0.111818647217964 -0.0940603257043704 -0.0735475633645195
-0.052495843616171 0.124143489481233 -0.147658246561842 -0.0864984342120636
0.00374518525981318 0.11511475713323 -0.165523348063643 -0.0615806861643204
0.0567411579142919 0.11242505149059 -0.124904037875625 -0.0357552265940894
0.0932086812907613 0.0824309205040531 -0.102849985548358 -0.0152525245838477
0.141799553550944 0.1249032830242 0.075863247476177 -0.025375482788462
0.11426846597477 0.209119937477456 0.172811799834224 -0.0244688426786422
-0.00591060777873728 0.252681113261656 0.222876608527179 0.05092758392897
-0.185587432595754 0.21921062088366 0.111448067712141 0.158690454657804
-0.287145370692069 0.00903872013589408 -0.0892219754914827 0.138799358311152
-0.261375082056337 -0.139114722363665 -0.134037652272109 0.00845375929812212
-0.229436695432818 -0.174403256541158 -0.0912080478120673 -0.0575117563450565
-0.242564635993105 -0.0694776505122843 -0.0915415497724056 -0.0467926016244276
-0.24051513285383 0.133775594187191 -0.125929047480378 0.0183998204723869
-0.0210361269656223 0.343280545146768 -0.101686656092734 0.0850659740190618
0.308620639194186 0.237472301559513 -0.0818178965303853 0.035991954663143
0.321950707400023 -0.0900033479423316 -0.107534358802939 -0.0170283076077533
0.0972168230856187 -0.209066806596962 -0.0983612230861942 -0.00592123397263217
-0.00525502624458139 -0.0706480894644611 -0.0542842525266083 -0.0175932391367327
0.0317700732867679 0.0102269300220992 -0.0984734314541481 -0.0264023795200405
0.121889862296801 0.126127684106135 0.0453531094584231 -0.0807323694584206
0.0744485011092704 0.18764172017172 0.191796805737064 -0.0258961310149768
-0.0406275457740644 0.178125310740348 0.170448911269472 0.1416471338568
-0.165790916484727 0.108273169768783 -0.0752833104356078 0.212092336828441
-0.21371380849861 -0.0953078735094488 -0.278154649473686 0.0640076570046756
-0.157751333571241 -0.233614688940174 -0.250648575749181 -0.140493931936922
-0.136331301467941 -0.228062467707478 -0.140643295543344 -0.186671594599866
-0.187780627297082 -0.0510212679170839 -0.168669469856841 -0.0660726450645719
-0.1503826689007 0.244248955299968 -0.191943054421168 0.189460195500599
0.167735674386844 0.397763020300741 0.0367222874181384 0.292500357617786
0.493667781477592 0.152079656264949 0.124798760571864 0.00865400673408237
0.417213904243338 -0.258928220175474 -0.0707055106572388 -0.0929757545866637
0.0755355541812529 -0.381834861531751 -0.0903021576144045 0.0693910997010005
-0.0818296576094249 -0.177822153176499 0.0304577726787634 0.0830601027816155
-0.0298849353284788 -0.0412562588521934 -0.0518621413239184 0.00628779422158877
0.066075330872068 0.0791476772933746 0.0255603247158602 -0.120112181004828
0.0270211333311159 0.0962288824504883 0.18038450578631 0.0111170608979273
-0.0237706835187516 0.0641404586623493 0.0303281398248414 0.179142748493431
-0.0494054204443845 0.0311000305956674 -0.211543075407088 0.0845691232830303
-0.0718141363687947 -0.0573854142382896 -0.267963060004175 -0.0996638062775024
-0.0434476982643206 -0.143307812073351 -0.217060216381915 -0.269299449276571
-0.0485617883600975 -0.15798084200874 -0.13022190381989 -0.30128429610406
-0.112592447564294 -0.0251914197107339 -0.221982783931011 -0.0797088711609676
-0.053349627840196 0.193153671186553 -0.197051398652378 0.357799242778412
0.17570507256194 0.224726290585959 0.223810320075442 0.389966739903701
0.323427600623344 0.0237416174115727 0.257397663286953 -0.107056706192113
0.230606732563176 -0.202919492132638 -0.107485604770136 -0.16176565531073
0.00781107374791923 -0.259382539653588 -0.107323055979469 0.158235830363709
-0.0885535777261492 -0.125746272852608 0.114020159134833 0.191056063955413
-0.046819841641346 -0.0407061846106868 0.0134507283611283 0.0456178126551815
-7.62669451899362E-05 -0.00237257976418425 -0.0336782174289402 -0.0482420041123188
0.0100416356191316 0.010991173509811 -0.144977389619068 -0.263838795007853
-0.000760621420064254 0.0213970600480479 0.126903937403639 -0.224767425627319
-0.0199402172563158 0.0142650874251544 0.163741786596843 0.147354022882543
-0.0231284622459945 0.0116591101168027 -0.262535707860284 0.157719091167992
-0.0143128493573806 -0.00687568748977692 -0.287175865016085 -0.393311485347613
0.00641592386777952 -0.00470838029351548 0.195496051814715 -0.41496648761351
-0.000487267953104993 0.0120461004495111 0.255563458778594 0.0835529328320355
-0.00100607100563402 0.0223804331395072 0.102148122189385 0.361714770389855
0.00043794406398117 0.0123936400730475 0.15326549891033 0.319463166802172
0.00531951431812037 0.0102442121307291 0.204151633867416 0.178199438532168
0.00921161894305554 -0.00584198689720294 0.237305747339499 0.0273637663428047
-0.003109777354432 -0.00480495953884554 0.0833991482614087 -0.166911560336367
0.00135455969537697 -0.0177342239211622 -0.16621535354073 -0.0594441009711423
-0.00788835020530805 -0.0142555520651669 -0.0378926109928092 0.130538791956922
-0.0400558912024056 -0.048980089479434 -0.0115590770961516 -0.0229628541121793
-0.0782100117426385 -0.14648102211547 -0.133041269393101 -0.207302658734263
0.0157893088111947 -0.251953500593122 0.0853331702373567 -0.188383116354699
0.213124157880198 -0.191102659469106 0.142934154566092 0.120988855418462
0.28447185222255 0.0665291917049807 -0.231303540603122 0.1345239583153
0.132504166675603 0.225625653119765 -0.252798078083525 -0.358653872202188
-0.0615737233191662 0.151985805885644 0.183255727937196 -0.361718616841483
-0.0963349198426588 -0.0273502552006862 0.238427126589324 0.0842072533941275
-0.0246726010623112 -0.115474301548758 0.0961746863310612 0.339136539476978
-0.0254053179370844 -0.10464851075447 0.153120790635148 0.314099691056261
-0.0402896438332741 -0.0375336667372296 0.226061152430339 0.169857094575105
-0.0169510445787112 0.00434530761380978 0.23621444648547 -0.00695768858149576
-0.0138002058226071 0.0375810446511622 0.0500765760985121 -0.173357697383137
0.0109981921852167 0.0476849059205269 -0.168806916367233 -0.0480900881633535
0.0416061316401651 0.0498596854804442 -0.0390160121745959 0.128987516406164
-0.0372388993033651 -0.05686381065902 0.0490864016091354 0.0210972313364489
-0.114161816088359 -0.209604218288107 -0.0642587421837432 -0.0890505130078311
0.014340364826672 -0.403153726749625 0.0393593091185513 -0.0992458745501752
0.36187322635451 -0.33341898478651 0.0878911499563493 0.0525261563582332
0.486981616537506 0.1124466840542 -0.129003563010682 0.0298113607189215
0.193696662685616 0.383259319636503 -0.100822690533043 -0.276706011859199
-0.14058065361063 0.22747251548321 0.169646573648309 -0.218548505706569
-0.179308945465886 -0.0620736464760265 0.181054887273853 0.0653809529407755
-0.0795092315660861 -0.221911935210116 0.103628797402571 0.234558141634456
-0.0911482928318475 -0.231545950109324 0.182251401213803 0.238249854009393
-0.156296528806787 -0.126507680338862 0.273847621298684 0.0682000982946092
-0.144514763180655 0.0231886224895199 0.180101231086103 -0.143981529440016
-0.0736760959493214 0.128274044721464 -0.0728367879325175 -0.189942340383562
0.0209263605963416 0.137722878817326 -0.183672218192228 -0.0180784957654041
0.083573518376146 0.105707085854762 -0.052859429607841 0.0986555824785382
0.0190146590826278 -0.00762915240534907 0.0980272703741116 0.0477203091529567
-0.0484533273502692 -0.113975141506622 0.0353770626769744 0.0108713184293573
0.0321874318715022 -0.272653323412678 0.0468235777436656 -0.0150553654222482
0.313483565863361 -0.217297945757088 0.0696315444814429 -0.0259534079520506
0.379256585750413 0.17395502252565 0.0275847941382151 -0.0593909240874043
0.0655433647675742 0.369559894062769 0.0601214915372771 -0.132762038361919
-0.220141676499116 0.159580161218222 0.11974011220522 -0.0671562016709246
-0.234430884389569 -0.08440200959715 0.098643228170167 0.0268304291813209
-0.171580053690752 -0.221931854599011 0.0794574444714417 0.0789005709911632
-0.201436975128122 -0.233647348980089 0.128352377657345 0.0630144460211352
-0.282366156572398 -0.111052737949592 0.146491142607382 -0.0828420279567668
-0.259668212909471 0.103036531592993 -0.00230155940099831 -0.210120486181959
-0.101931508132078 0.222351881483207 -0.176340016854175 -0.146753822807007
0.0427173646395504 0.194169883343572 -0.17187553411626 -0.0158312176716656
0.103562825595315 0.123645705981713 -0.0770752580430456 0.038048430223546
0.0922494470455312 0.0718952308983355 0.10294459108476 0.0315225556226783
0.0600330949897009 0.0821903216350062 0.119777612706474 0.0244701789254482
0.0339004451062262 0.0635711591891534 0.136959006187974 0.0140913205992301
0.0416523226825439 0.0936137892977668 0.128610695503315 0.00355223512533114
-0.0237036572765178 0.15527547866036 0.0811000285196296 0.0151592903443077
-0.168037327550175 0.131041587160476 0.0452704226719186 0.00962314600235839
-0.257675523575341 -0.0184186898389464 0.0168758011484137 -0.00170303294620334
-0.252457662253334 -0.0935611222247606 0.00453332126015011 -0.0172987417292017
-0.249132952771371 -0.0828344994737827 -0.00879158131072791 -0.0278361738447646
-0.213865622223921 0.022681299977818 -0.0318908817981515 -0.0449337112188733
-0.121338881197107 0.101256907224208 -0.0857574424122961 -0.0795229036726182
-0.0603243247490468 0.118322849463951 -0.139272483648821 -0.0974593304859959
-0.00295574529312249 0.113573905547561 -0.158509798860659 -0.0728296751402563
0.0490581159735696 0.115812528300545 -0.119680740911799 -0.0445301139238714
0.0853415130059436 0.0857086075867412 -0.0995585597077814 -0.0209293435581946
0.128193218728264 0.128696059728237 0.0768416892548584 -0.0189099282187728
0.0972703193038779 0.211582382731353 0.173240213871454 -0.0139875738568599
-0.0242540191752608 0.245319209546129 0.218197220070799 0.0627534486995769
-0.196405754189006 0.201603237028177 0.100432819043908 0.161458733734907
-0.282803495243958 -0.0113668644228266 -0.0957652453479366 0.131471269414049
-0.247181749049047 -0.154519042949196 -0.133501173549566 0.00115654369709829
-0.214332599030278 -0.18601699938776 -0.0865136397405335 -0.062231165140417
-0.233021136888686 -0.0852921496469607 -0.0853540283493994 -0.0516573818654224
-0.242771601114765 0.113018936505588 -0.122874895780397 0.0106470047989385
-0.0406124263547134 0.33077169090848 -0.106399902476537 0.078304593975156
0.285921877153261 0.248013972799839 -0.0821987036557056 0.0318815966693098
0.315528567985452 -0.0706711082648897 -0.0996959181302252 -0.0244646824782212
0.101776292860348 -0.197208885204388 -0.0942945500527473 -0.0157208472097135
-0.00252867935434541 -0.068113225363013 -0.0519209721112161 -0.0237115573430336
0.0287136627584661 0.0119907521999607 -0.0946692898444506 -0.0331628034087238
0.110833719098239 0.129753531616259 0.049622999030084 -0.076905524592334
0.0592501779227509 0.187783790193478 0.192749858329184 -0.0165029493336957
-0.0526762550796183 0.168939478433192 0.160531259248315 0.149134447495726
-0.166629817990135 0.0903376378872479 -0.087424878109997 0.205157883534402
-0.199718737600817 -0.109658190124309 -0.278524329645086 0.0461771758777942
-0.13740033187915 -0.240014923529883 -0.239348967262218 -0.153746854492803
-0.117326163346757 -0.23162295258365 -0.128563719500701 -0.194666277759902
-0.180500138616716 -0.063376060463986 -0.15988952288909 -0.0758394509037516
-0.16083581628312 0.226392435982965 -0.200292289353012 0.173675078814599
0.141339046974779 0.39701021309832 0.016433484090867 0.293377356301764
0.474240797165339 0.175089990234306 0.122056159332987 0.0208504031117304
0.418489944773249 -0.230836574088251 -0.0575250495877729 -0.096624786642432
0.0896688806543932 -0.367280041060706 -0.0920201711658432 0.0583313796057297
-0.071025098624509 -0.176365425442123 0.0238131473952103 0.0817810176631513
-0.027781047548366 -0.0405794021822326 -0.0517906670762351 0.00139897248473897
0.0590299388948315 0.0828156302726584 0.0312128787595381 -0.117311106379681
0.0169218382142709 0.0951944443517301 0.178348035989864 0.0206377413441584
-0.0264869081362285 0.0572352804841944 0.018343867452419 0.179353314813131
-0.0452152835494917 0.023990099529655 -0.214764672930509 0.0710820675843032
-0.0616486869582513 -0.0615732160309311 -0.257939352695167 -0.112679862577087
-0.0307081425573614 -0.143566569884404 -0.200256108479172 -0.279187149237553
-0.0350687944108418 -0.156357459438268 -0.112365880549788 -0.305888438699151
-0.107743764397628 -0.0318619558347757 -0.211703017392707 -0.09258499821719
-0.0614235428289951 0.183760271339002 -0.215117553453071 0.338215981474041
0.158308211496912 0.22894029850695 0.192514339843986 0.402407464048883
0.313120768811609 0.0388119463187755 0.259196005048641 -0.0828113439617368
0.232520347934965 -0.184619224290478 -0.0920305372650714 -0.166499772309017
0.0216012560770219 -0.249985991243792 -0.116623115815966 0.146376299542801
-0.0771523858562903 -0.127502802791406 0.0975521776176778 0.194263369280278
-0.0422967929983625 -0.0407657671354009 0.00949939163452159 0.0446422068826896
0.000801805158267446 -0.00209073092954779 -0.0341913272407143 -0.0449170801730963
0.010476927905183 0.010662423501303 -0.151220716789561 -0.252599020079944
0.000331004691586945 0.0207742594224844 0.117360715023429 -0.223989991359621
-0.0190999091484253 0.0159375450072453 0.163710460462821 0.138441498968868
-0.0225660986929531 0.0129944165684274 -0.249116671141757 0.159690647930158
-0.0132000507951533 -0.00644184401621255 -0.290125821344078 -0.37624865482464
0.00601290437357375 -0.00466980459951097 0.178255033612413 -0.409455549765372
0.000368304441343934 0.0110558274113979 0.248699257159201 0.0751457804539406
-3.94080609550582E-05 0.0223472093763914 0.108502057803516 0.352187910395572
0.00101338909808884 0.0126845194415612 0.156570253649004 0.30542728975076
0.00597452377766577 0.0100492985389653 0.201027869429796 0.167812914206719
0.0095081036992271 -0.00675132519876667 0.230976255354206 0.0215797230866189
-0.00209473933094867 -0.00478673934838658 0.078242098579745 -0.165021861073272
0.00143223995905507 -0.0175249933406855 -0.164056543969693 -0.0536351823209391
-0.00793824808344079 -0.0140629434210946 -0.0343193682539529 0.128372830294129
-0.0392865889860692 -0.0467898764949714 -0.0118223421483199 -0.0208305572233522
-0.0797604148734922 -0.139899902646646 -0.13869575003302 -0.197911324762106
0.00812032574347573 -0.245936460896989 0.0775193968740475 -0.187537821365742
0.202301277219655 -0.191188270526334 0.143356667733397 0.112684277555045
0.279241732292095 0.0577269811218449 -0.21994256774555 0.136718995763211
0.135904347357835 0.216246921959737 -0.256582775155998 -0.342255779520822
-0.0552853104310158 0.149744246757194 0.168999915064554 -0.357694478216252
-0.0928172530996724 -0.0250771223738557 0.233103660720612 0.0763575236217144
-0.0258543695088647 -0.111268138038448 0.102528966620316 0.328374224542708
-0.0281063308781452 -0.100812630213786 0.15675865658094 0.301193791959942
-0.0394298944761989 -0.0350831034025392 0.223419711485049 0.160157423474482
-0.0151515682314404 0.00423573724934849 0.229475019483986 -0.0106253875942298
-0.010900268308892 0.0366915712319622 0.0457388326185052 -0.170213976035834
0.0130644581292651 0.0455115471456296 -0.165853732243501 -0.0425541182004314
0.0413939308107615 0.0469016383871505 -0.0346821577816383 0.127051301482739
-0.0366419615817739 -0.0545748360043452 0.0483627342606351 0.0203788193750997
-0.116725073524323 -0.200107423854221 -0.065568735071122 -0.0843837515132999
0.00270829084792019 -0.394019501608334 0.0353819465719268 -0.0972926832265736
0.344762197350857 -0.33633362679498 0.0881155153395457 0.0476190568319791
0.479041444069955 0.0955944196762133 -0.123073387662045 0.0319701607825009
0.199893964065949 0.368345953331301 -0.106071905782455 -0.266753787751381
-0.130046339964719 0.223554869262558 0.159097242867811 -0.217257034634702
-0.175157822230256 -0.0573568611760708 0.17770698811941 0.0592343381850717
-0.0826590311180522 -0.214425371685113 0.107528895085951 0.225937312026921
-0.0947290807890256 -0.22296468219402 0.183902604612924 0.228503139091005
-0.15496352708776 -0.117719102100891 0.268263121328475 0.0605465571766465
-0.13833426518708 0.0272656434368329 0.171347109809195 -0.14366305671928
-0.066651402812736 0.125863536261449 -0.0745401295655214 -0.183407837318278
0.0246197657319941 0.132836367628267 -0.180290610664742 -0.0131377520621662
0.0858171640821294 0.100538708260572 -0.0482454121340015 0.0970022325130992
0.0195540393189846 -0.00779453812109281 0.0964880285332943 0.0431408048323949
-0.0501364713757151 -0.1085872467805 0.035802835607185 0.0116400772778071
0.02391340396039 -0.266333690097479 0.046589992454329 -0.0151679304862412
0.299587131545716 -0.219873180333162 0.0682237771376716 -0.0271393187079944
0.374600689651645 0.15871306650419 0.0256752265827616 -0.0584787545235375
0.0740027313413573 0.357194826214131 0.0533477364052328 -0.131099529728449
-0.210967041325283 0.159843100430015 0.113135291323792 -0.0678499268330141
-0.230053592923116 -0.0785767184465946 0.0962075694267348 0.0244925298772194
-0.172635805303116 -0.212313443124011 0.07961578848063 0.075660305161848
-0.201686374225968 -0.222240579699594 0.128237108767416 0.0591635243187715
-0.27697882026523 -0.100890513216166 0.142486479811893 -0.0834704906858922
-0.251618423444866 0.107288033757128 -0.00814843766841285 -0.204416644647462
-0.0926792316683665 0.219440986669626 -0.17618818365783 -0.138049094847573
0.0462713619110449 0.189989574580147 -0.168140708298306 -0.0119380679863271
0.1056752599629 0.11833182646691 -0.0732641904299932 0.0391208964206207
0.0928686805854804 0.0667392160342901 0.100887767652292 0.027623249119824
0.0620007991722701 0.0793490121461758 0.117920859364662 0.0217884497979538
0.0337971526275004 0.0626302055514248 0.134698985265301 0.0104259366071132
0.0418697395196379 0.0904574754285409 0.126205300186295 6.14503700210981E-05
-0.0205099023422595 0.149940729480718 0.0785320525858726 0.0131346335322104
-0.160350220330762 0.130475094857925 0.0434308739436473 0.00725217903647821
-0.251552641546071 -0.012809380792581 0.0155411426362978 -0.00233926773393557
-0.248729688200234 -0.0854416586079236 0.00389800219519039 -0.0168722571191837
-0.245169293467739 -0.0755441794726915 -0.0084170432138953 -0.0260164710242952
-0.208876503236664 0.0263102817246783 -0.0302142309263174 -0.0417665940796433
-0.117714337367031 0.100785880305545 -0.0835217314206503 -0.0746316752266774
-0.0569227823867783 0.117414171099735 -0.137835645527608 -0.0912523305622079
-0.00163930032413963 0.112184733388449 -0.155681465241068 -0.0675549227523158
0.0499830067338799 0.111610084169439 -0.119025520718238 -0.0414408421288019
0.0862833356855592 0.0804272706966995 -0.0968523932547815 -0.017261783963975
0.128941423191752 0.120482341149173 0.0746166698168624 -0.0203263719453225
0.100717737799482 0.204394112381372 0.168738005324941 -0.0173346592325691
-0.0179334106236907 0.240236218537003 0.213827095905961 0.0540868453360596
-0.185347140242943 0.199979174912935 0.101265800001534 0.155334020199566
-0.27754329423758 -0.00540679359395383 -0.090885684491222 0.130375023259694
-0.245493521608889 -0.14612005526243 -0.129199715652203 0.00306504076112675
-0.213131811875463 -0.174832117687578 -0.0858010774905001 -0.0598829845732029
-0.229387354471281 -0.0787192285177932 -0.0839270091674904 -0.0489165137103586
-0.234204235853813 0.115504906382946 -0.119556952214608 0.0147008279289096
-0.0301585426286129 0.323470981829719 -0.0997565834187806 0.0792408080527425
0.284214312665443 0.232988949545089 -0.0789334757277808 0.032515722238335
0.305062945724185 -0.0788890593011084 -0.0979923461130531 -0.0223782816415422
0.0923121000048055 -0.194197711196709 -0.0924519251975661 -0.0141395300888718
-0.00498495850783305 -0.0642592716288045 -0.051260819001967 -0.0234365316961921
0.0286883236603742 0.0107549387086853 -0.0929665422505684 -0.0302346178097858
0.110912308605866 0.122715665023605 0.0456875504937445 -0.0757518462419409
0.0629132701329376 0.179991707137137 0.187045575921666 -0.0206981112322144
-0.0476141216457493 0.16626470081725 0.159149910590536 0.140144856591128
-0.157575106192635 0.0910899243569122 -0.0803558397132916 0.202218945897768
-0.197286240052732 -0.102834780923309 -0.269831096619942 0.0520576863764788
-0.140366831892677 -0.230105159378703 -0.237139435007363 -0.143855839891171
-0.119231281911806 -0.222376609560544 -0.129807798554861 -0.186807063033385
-0.176872788648818 -0.0589367506863475 -0.158047814644905 -0.0706446340759977
-0.150402249608002 0.224191439052444 -0.19093324536867 0.175541486395532
0.148608279097014 0.383724385370523 0.0252332609107625 0.284258620294261
0.46701369651431 0.155185643383575 0.118211352096205 0.0174673947105494
0.401958217044318 -0.238732100752981 -0.0596659575287378 -0.0925423095715342
0.0781913977869919 -0.361023461631917 -0.0877752922415763 0.059152677310172
-0.0744695470736337 -0.169228112899453 0.0255709015170307 0.0760173988557553
-0.0275616399491731 -0.0384799545792363 -0.0499073185444766 0.00167042864053345
0.0603173247456435 0.0789363718696525 0.0261525654540897 -0.114520815389193
0.0197629267689074 0.0911367631898385 0.173619806822792 0.0159068347030677
-0.0225806353422966 0.0563497663762845 0.0206646710785821 0.173462949203156
-0.0422176644556715 0.024396735627148 -0.207882326085266 0.0731664959802309
-0.0611066128464997 -0.056951241420717 -0.254933639469017 -0.104738415478088
-0.0325196432719239 -0.137738786656758 -0.202773980997126 -0.266624195823157
-0.0363450269106484 -0.150640878882686 -0.115978726526248 -0.296281243520274
-0.104051517278412 -0.0290424824281913 -0.208699196449173 -0.0860941039592444
-0.0542891615811134 0.180726300988268 -0.202666701749089 0.337870033554944
0.161725545958718 0.218796865877605 0.199560646574902 0.387629836276286
0.30971054788848 0.0283960192168053 0.249201067305889 -0.088554101183593
0.22331873083657 -0.187307562600408 -0.0969763420938549 -0.159922139036514
0.0143604175996788 -0.244461904468754 -0.110210248358936 0.146196273069707
-0.0780617016741831 -0.122778897983402 0.101362820504453 0.186921220752324
-0.0420262819611606 -0.0381485287784281 0.00996725300625321 0.0422241931651724
0.00084111567261909 -0.00213465198237911 -0.0336233946190184 -0.0425427064135281
0.0123997829482859 0.0102177826779587 -0.15392455281454 -0.245843082546267
0.000991599010078835 0.0203899846259213 0.112389794455863 -0.224544291372154
-0.0180869291870621 0.0165816055098062 0.164045022884067 0.133863472037759
-0.0206220504144922 0.0125354156919392 -0.242398169929827 0.15968822452182
-0.0126809938480292 -0.00671202569395428 -0.290340226374213 -0.367931939048692
0.00654291323001358 -0.00431147628717518 0.170050771244441 -0.405260423360284
0.000467758987512412 0.0113732310504141 0.245343509242555 0.0734533879345014
0.00167368411054562 0.0224009866818227 0.111619919957862 0.344493926442451
0.000945158526775298 0.0123318385580155 0.15678177963706 0.299477926174493
0.00549115765069949 0.0100560931051338 0.198882355366093 0.162057734585174
0.00970672275350575 -0.00679794435828782 0.227739327890203 0.0199636796406887
-0.00135339417713701 -0.00448464239361767 0.0761702391643775 -0.164061449489642
0.00132422262226554 -0.0175719885326297 -0.16240735460434 -0.0513877107147628
-0.00861321020873682 -0.0128494053764263 -0.0314299957234725 0.127220172148481
-0.0394322211773937 -0.0453246026829653 -0.0117308853288375 -0.0188583947511729
-0.0790617824569967 -0.136574309653235 -0.140109957513833 -0.192196155814005
0.00503484058701197 -0.243231566792589 0.0734306589770016 -0.187674342834582
0.197426781785253 -0.190595541625278 0.14316447827169 0.107967723830445
0.278844991381909 0.0539939551788422 -0.2135958957956 0.136720360138074
0.137533142176614 0.211959694013012 -0.256637534882893 -0.334910565630734
-0.0524792754970928 0.147787856623562 0.160340892365019 -0.354060294268195
-0.0916854629217674 -0.0245277932324432 0.229048912726557 0.0732683065778136
-0.0256257291282999 -0.109134838829517 0.104780226559075 0.323417691553124
-0.0280270675436889 -0.0973096889075148 0.157242920655071 0.295719365810989
-0.0384933447576271 -0.0339508099634931 0.220867584912838 0.155348718981892
-0.0134385686390042 0.00480870683878401 0.225706415096255 -0.0127935184300803
-0.00789044215470436 0.0355971486245786 0.0438396577637749 -0.168753474832479
0.0140386428385997 0.0438836554262046 -0.16478915170167 -0.0405844105091708
0.0416599947805023 0.0459436602497903 -0.0320826333026663 0.126421190733847
-0.0364372335557289 -0.052321047893482 0.0481336021722442 0.0204521071737255
-0.118022058404698 -0.195775196895706 -0.0663101406341144 -0.0801356704344643
-0.00200788443944411 -0.389729344315317 0.0341495875416186 -0.0963248954259616
0.336200828859107 -0.335394200109375 0.0874650489858336 0.0448041107594598
0.47582348452705 0.0884074070112317 -0.119911737279482 0.0327843642055596
0.203612803254443 0.361696500753264 -0.107774786424535 -0.262792929558761
-0.124866567666461 0.222364739885426 0.153450729062837 -0.215922176190839
-0.173002255272886 -0.0555847667388439 0.175091406503028 0.0568211856202364
-0.0816587448093205 -0.209756016179033 0.108889588006878 0.221277979580146
-0.0947573793363198 -0.217758686663671 0.184631297645917 0.224440250600466
-0.153344446709475 -0.114029290311818 0.264514919867338 0.0562077134399187
-0.133912974648797 0.0277403212702654 0.167737811719863 -0.143622488565327
-0.0615293230363793 0.123828328708371 -0.0760255993735127 -0.178823574135809
0.0262349206070517 0.131001382103445 -0.177550360409638 -0.0117936616323742
0.0861778572705691 0.0980051609438866 -0.0459399047700045 0.0962469499956801
0.0188125214391325 -0.00786366193622173 0.0965141336411891 0.041893993208701
-0.0509534718709093 -0.105686567363933 0.0356746399008965 0.0128255317039371
0.0199521500551226 -0.261875039919139 0.0468180269025397 -0.0152584380882935
0.291689245577363 -0.22218754073975 0.0675125032154044 -0.0283327212952731
0.370922798921865 0.151892708906184 0.0253670089834097 -0.0589679713707248
0.0781996024505994 0.350785448414899 0.0504530267134718 -0.130008460312476
-0.20616162382399 0.15982568922025 0.109666973576924 -0.0683087215137863
-0.225885816965557 -0.0764459505015147 0.0947530903676164 0.0239274883906784
-0.17168440772204 -0.206892740719164 0.0803032671719319 0.0745233164155534
-0.201471169395602 -0.21672920745873 0.129667112844441 0.058389778691107
-0.27474115534861 -0.0969550888851674 0.141330222493187 -0.0831766790221465
-0.24502311092608 0.109820259001022 -0.0105576569665282 -0.200657760795522
-0.0873693376961376 0.217403576195888 -0.176166632723861 -0.134808944945096
0.0486761748186323 0.186727630349751 -0.165532072430419 -0.00969211524098604
0.10577607909676 0.11467133576113 -0.0715189777650743 0.0391390411863852
0.0925961536560266 0.0644202363803281 0.0999000043670713 0.0266479282636938
0.0617488999226803 0.0788347538825187 0.117893673800419 0.0210980292446739
0.0334407717854164 0.062493704065265 0.134432631523119 0.00942238920687689
0.0406958876778502 0.0878840034357353 0.124587108941196 -0.000546177673421102
-0.0199101015407303 0.146947610524203 0.0777518924514585 0.0117534680077993
-0.156939771456901 0.129789872912801 0.0413143263883434 0.00672600126391703
-0.248421067179464 -0.0102995787401747 0.0146407106443586 -0.00296356772056936
-0.245640723014217 -0.0840406021107392 0.00386299063411412 -0.0166180272858008
-0.242664779289951 -0.0718359917354409 -0.00648515844616647 -0.0260214620335605
-0.204547904106184 0.0272843839501347 -0.0282277650128606 -0.0407146792763943
-0.116447455908192 0.0996483355047598 -0.0809220732961503 -0.0726534983488686
-0.0555344772556477 0.116799112665863 -0.136478143293296 -0.0892213346111833
-0.000268830400141277 0.11077307453969 -0.155005606546493 -0.0671099170855485
0.0505970748973601 0.110166155849309 -0.116849999625697 -0.0411402694399876
0.0869591516395258 0.077826488290584 -0.0946586245481063 -0.0159638616379335
0.12829016015579 0.117615508985435 0.0735284736081205 -0.021607215418407
0.101847257585255 0.199554028660408 0.168202201452561 -0.0199299320064733
-0.0155592019107871 0.239312182712361 0.212858614722246 0.0504921546854924
-0.181878330251756 0.19932988074784 0.102042009822126 0.152087388422458
-0.275119339113905 -0.00285591535259389 -0.0879961541345128 0.128662997858221
-0.244575763497787 -0.142355402451572 -0.128387721323401 0.00380867484059947
-0.212580039177643 -0.170460773276652 -0.0854569904019676 -0.0586131052308784
-0.226317999242104 -0.0777407825045241 -0.0824538444724279 -0.0474731393339762
-0.230236652967822 0.116089836146989 -0.116375367168415 0.0159983575772949
-0.0252696015423208 0.318370521370519 -0.095409792492965 0.0795395397121692
0.283568425535956 0.225171619029884 -0.0765079148251973 0.0346527011942035
0.300325592687743 -0.0811064369643714 -0.097262425539531 -0.0201872556911849
0.0874251775188489 -0.192579391697361 -0.0912325702017918 -0.0140412380934609
-0.00680085667666727 -0.0628037369485635 -0.0507263145293801 -0.0235314336191241
0.0288694707909013 0.0101624150898606 -0.0920242709014085 -0.0281960798508996
0.111327322044299 0.118794142029149 0.0429259105391869 -0.0754024718815967
0.0643313600532031 0.17693420818957 0.185209951715003 -0.0222043636368638
-0.0440678430788597 0.164999397282843 0.156793911631242 0.135250340133421
-0.15276671681527 0.0904220755362551 -0.0777899403306299 0.19929265519589
-0.196004377255857 -0.0992302741256758 -0.265716273578343 0.0537335683454344
-0.140429841555135 -0.225518817589799 -0.234524470859895 -0.139864470721112
-0.118064319205599 -0.217376080953803 -0.12929052242051 -0.184108752183013
-0.17436704104009 -0.057095417120803 -0.155557189272077 -0.0682333011022276
-0.145090994123486 0.223677100815086 -0.185936166116073 0.175405978343135
0.153825848431218 0.376165519382408 0.0287265039777516 0.280488848756336
0.462631683638582 0.14727333052211 0.116664363349936 0.0164378192146349
0.393010573752739 -0.241000517381951 -0.0616914808398156 -0.0907215187473941
0.0716162353062509 -0.356004686887217 -0.0858981437602792 0.0592531484127334
-0.0755966163184559 -0.165352115854874 0.0261182996808272 0.0737196222357508
-0.0280379018828882 -0.0381818582989281 -0.0489106694851735 0.00232022872874842
0.0610423496975021 0.0773908486629331 0.0238453635000975 -0.112431834671466
0.021798586963765 0.0891183171649023 0.170448568817713 0.0144587697136234
-0.0199297351080503 0.0567286222513919 0.0210759031593572 0.169721734774674
-0.0395335134022503 0.0240761308054664 -0.20473056511996 0.0734958761406285
-0.0599735745036864 -0.053827408363182 -0.251229147901972 -0.100276023767637
-0.033311960694465 -0.134454432373019 -0.201423028289889 -0.261210917452104
-0.0359981319022051 -0.146861552246626 -0.117543116705844 -0.291487651626192
-0.10102301537767 -0.0273748387024183 -0.207724588134519 -0.0835239599172144
-0.0495977320602559 0.179147107728676 -0.196223540181308 0.336182133668989
0.162477306508103 0.213784825025201 0.200749434812948 0.379085912203204
0.306500202965687 0.0235818055674337 0.243405568949702 -0.089178928523941
0.219686335789669 -0.188273870790496 -0.0986758394063771 -0.156110714905454
0.0121976818534264 -0.241858969743793 -0.107177657328527 0.145593899102234
-0.0773979235077987 -0.11873027978625 0.101876377546002 0.182125392319249
-0.0425969381380219 -0.0367209345477425 0.0108212858747277 0.0403163816796023
1.84169006765479E-05 -0.00150953627500907 -0.0335338923090413 -0.040054813010004
0.0133200206689907 0.0102127512703338 -0.158897475936886 -0.240180099399462
0.00103231499540713 0.0212972581918098 0.106030158389633 -0.227330688394612
-0.0181915229786959 0.0174381496063573 0.165634706176688 0.129804284225147
-0.0196428483803291 0.0122630987033663 -0.238875393596869 0.16059521064317
-0.0123954537019437 -0.00678094200415803 -0.294387046747035 -0.361907467926169
0.00662321325817131 -0.00427376512666155 0.164517933232336 -0.405149156228989
0.000570273718656685 0.0113284224354134 0.243601464325374 0.0687238273929704
0.00242944230078893 0.0227029669827066 0.114066631594459 0.34207961975344
0.00171700685367757 0.0118738480892237 0.158551358076895 0.294892015252766
0.00681059300783629 0.0101864179883554 0.197827009372673 0.157166187519098
0.00944780026005339 -0.00698577730140343 0.225582532675846 0.0171873036947532
-0.000720514994838024 -0.00405940403525666 0.0737435501825199 -0.164322594003487
0.00129073554841281 -0.0184699327749957 -0.162953130888055 -0.0478518595798419
-0.00845896232514457 -0.0125794296319738 -0.0284560285890919 0.126946715545935
-0.0399617803290448 -0.0436569499953144 -0.0112375398013049 -0.0174102377658391
-0.08055081124894 -0.13445056477643 -0.145103594394915 -0.18747722540755
0.000984800703126381 -0.242292577919646 0.0698309769771612 -0.188185137586901
0.193943296909124 -0.191868524634888 0.144957137313919 0.104904702479515
0.2788487805864 0.0494553238524987 -0.209590702362457 0.13840733847521
0.13931845441223 0.208677534208216 -0.261124923246418 -0.329492564542404
-0.0490863547596791 0.148163701391916 0.155175992995694 -0.352905293651028
-0.090742186141875 -0.0236153821465302 0.227330408442602 0.0694222129431667
-0.0255191141045193 -0.107074927179605 0.108273757022806 0.319665839835354
-0.0294196260987022 -0.0957045534832839 0.158627633621513 0.291005369994069
-0.0377978632116849 -0.0319900553105451 0.220260961695107 0.150817895068398
-0.0112993239817292 0.00425339890130967 0.224228000552761 -0.0152815784172648
-0.00633262462071984 0.0339240308264668 0.0416597348795398 -0.168451375715375
0.0151156351876387 0.0418957930307253 -0.165411831237511 -0.0383355887054899
0.0423113052704532 0.0451064125110702 -0.0290977694370553 0.125223969812209
-0.0376703038927858 -0.0517055962359939 0.0479032360573483 0.0196989328450571
-0.120263808025992 -0.191637397149582 -0.0681819245979813 -0.07693031815551
-0.00902221949763726 -0.387466398858936 0.0329906455170876 -0.0966495300314156
0.330221159314791 -0.339347836607572 0.0892825097949915 0.0426846017377197
0.475497592808593 0.0825357498511483 -0.11747522883209 0.0330054506916105
0.207923532429064 0.358272999310134 -0.112078893341948 -0.259826462180435
-0.121772448328596 0.22237293094507 0.148505608751789 -0.216563009702837
-0.171253234674456 -0.0536039698038631 0.173718121228326 0.0546715303182998
-0.0834597910813397 -0.20652960512564 0.111832629144759 0.219674595958915
-0.096211122642166 -0.213085343902009 0.186454358136684 0.219932329739533
-0.15362601072468 -0.11128177828776 0.263610821264606 0.0531888108657269
-0.131295644696645 0.0286587923181484 0.16412857487849 -0.142746816257564
-0.0572813184769442 0.122831482920945 -0.077292063441292 -0.17659307910493
0.0283682971908747 0.129752407192308 -0.177656084462504 -0.00949673170739511
0.0880771421820155 0.0957797347675143 -0.0427544704219406 0.0963225478073293
0.0190426625641306 -0.00763955091339028 0.0965067779591437 0.0405435329759565
-0.0512956249288476 -0.103329006629656 0.0358413739284767 0.0138587366771055
0.0151435839692225 -0.260080938401112 0.0477103855918512 -0.0142854666347714
0.287290830731314 -0.225186086248236 0.0665657816985025 -0.0297316418306524
0.371148385601507 0.144921210480697 0.0245053875346594 -0.059359619644831
0.0824143047232023 0.3478590120047 0.0467244165777312 -0.129897547375318
-0.202659365580683 0.159741616836442 0.106964731839532 -0.0692014504635101
-0.225511785227614 -0.0744849340280155 0.0943651581241884 0.0225783660803904
-0.174070230489182 -0.203496136706363 0.0821381637050409 0.0723096080415273
-0.202682585140772 -0.21378091981523 0.130938110688325 0.0567167064893998
-0.274931214430395 -0.0923396776934296 0.141018928705316 -0.0849135195339328
-0.241945533436726 0.111504886503696 -0.0122961057487981 -0.198658855856228
-0.0825283561027524 0.217912264966702 -0.176510448809778 -0.131953336447183
0.0510095351759392 0.185621889672207 -0.16516650320682 -0.00850776903462579
0.1083642257356 0.11233491189435 -0.0693345679898631 0.0411098667229168
0.0930447101890906 0.0635363902983894 0.10036733393044 0.0241773483816473
0.0622304599324944 0.0779889150630382 0.118554769421138 0.0203418306855391
0.0331158049447529 0.0626884891324891 0.134146618733901 0.00829100826904655
0.0409876484815036 0.0868046098060497 0.123222285201082 -0.00227730266107288
-0.0195075062622785 0.145333839065015 0.0768863378461804 0.00968238943607501
-0.154990681533141 0.129429503252809 0.0399730628801325 0.00599379769143309
-0.248414574946061 -0.00762441120742567 0.0136557784838579 -0.0035563645804398
-0.245387234823594 -0.0823950076535243 0.00392019455034465 -0.0162390315079556
-0.243431971004063 -0.0693379778999575 -0.00641724435116685 -0.0249207861753922
-0.203008746650627 0.0280063178179899 -0.0270236983222984 -0.0387480014833594
-0.114792496515058 0.0993835791116353 -0.0801154492840075 -0.0699429044379149
-0.0545360422054825 0.116620248017644 -0.137517792009379 -0.0868289728480804
0.000433044603584 0.110654716533672 -0.15572181714762 -0.0649119639319208
0.0520913478747192 0.110299098881402 -0.117886261055937 -0.0392317465494975
0.0879933455837272 0.0756400453151179 -0.0933563633750416 -0.014416119208683
0.129814838638091 0.115202352074129 0.0729534715916518 -0.0236875676364213
0.104294936323911 0.196719718769016 0.167751023381998 -0.0215161125940633
-0.0120828403438081 0.239318197989869 0.211726101602919 0.046934894180928
-0.178697871158889 0.199608845947216 0.103534759136714 0.149816476816743
-0.275046169718923 0.000514218219816785 -0.0874906102037716 0.128228510427334
-0.245636073211361 -0.139338836391833 -0.128286229923321 0.0048435930973106
-0.212070199179847 -0.166604572303784 -0.0857940743782202 -0.058386540569484
-0.226870914255756 -0.0761503609035426 -0.081725666360008 -0.0466131933282408
-0.227339271563336 0.11876304572049 -0.115004737223636 0.0184695123323582
-0.0218042383160923 0.31609378465692 -0.0921138450497372 0.0805458911382817
0.285550923679271 0.219865409194691 -0.0732787135689578 0.0360803309808678
0.295328129882073 -0.086291735620514 -0.0970849990827719 -0.0203560782701832
0.0822343870893259 -0.19314926558772 -0.0906133289909151 -0.0139557013319073
-0.00678741693419734 -0.0610915125378714 -0.0508126572862061 -0.0253104189092493
0.0288787691214651 0.0089290504180874 -0.0910052806443865 -0.0276331096876614
0.112567691886303 0.11558746789815 0.0409841314343364 -0.0764023390450734
0.0671368187374333 0.173878707255972 0.184356409712121 -0.0251197266766858
-0.039148886214706 0.164260046499859 0.156901650698 0.131378131952394
-0.150078437829312 0.0905901256595921 -0.0753130841808986 0.197567239359689
-0.196026273076615 -0.0945846527376827 -0.264766147088521 0.0561574460197577
-0.142592787024237 -0.221248969274231 -0.235182880767514 -0.137022157665138
-0.118594252901508 -0.213226042547796 -0.130968018202865 -0.181953888010024
-0.172964508853675 -0.0553767662498717 -0.154984577478377 -0.0677351212773137
-0.141184202249043 0.222845867617883 -0.181712089096338 0.177939396912069
0.158714428558315 0.37212909658973 0.033118804290499 0.276971807718194
0.462714710339039 0.138476272052013 0.115836509494651 0.0140783693510452
0.388102283513831 -0.248033812141571 -0.0641877880288812 -0.0894951454816212
0.0636250054017292 -0.355249887233289 -0.0860232277878011 0.0600421051495479
-0.077769370054825 -0.163054583394111 0.0272789959472359 0.0714466150005083
-0.0292647440058112 -0.0360160134724125 -0.0486349161124746 0.00225051696033384
0.0626959996512504 0.0759817678636335 0.0205735271718347 -0.111734902353832
0.0227823773760558 0.0879130839861101 0.16962458079283 0.0119212128612764
-0.0170704179799199 0.0561291284662323 0.0207639863660348 0.168284865942446
-0.0377381676391094 0.025157458538118 -0.203196265777061 0.0737445803538486
-0.0587565926542529 -0.052222098160027 -0.250477708949242 -0.0971782209946052
-0.0345311043322627 -0.132147689433358 -0.203549326832269 -0.256060173823132
-0.0352843207997735 -0.14533937145863 -0.120116020817709 -0.288894982122226
-0.0995145795638345 -0.0256779607959669 -0.206312231619463 -0.0822635167307913
-0.0454001067644938 0.178899540921873 -0.191734050295025 0.338302298280857
0.166244632036939 0.21108374892874 0.206495716017519 0.37322040984748
0.306031062171578 0.0179333549791471 0.239031864552294 -0.093073070749127
0.215234198410576 -0.191471829601689 -0.102365010566964 -0.1527659649612
0.00856000713415654 -0.240653353007523 -0.105211798939573 0.148387251018427
-0.0793832343275431 -0.116684822214391 0.104377273896293 0.179133872648889
-0.0423116916428627 -0.0348973252834387 0.0108031806858882 0.0388330728041428
0.000525339244311355 -0.0011918762943364 -0.0378598414832388 -0.0355448797379105
0.0166430770626169 0.00880240773058708 -0.188911928355373 -0.214978756384785
0.00421105295882941 0.022409759997631 0.0755088038606172 -0.240087894776966
-0.0163852148283869 0.0211137674479384 0.181134038882972 0.106247018448217
-0.0178041808264325 0.0117057636718741 -0.214806515742566 0.189215679027181
-0.0121812712192615 -0.00650030206846643 -0.341707810240448 -0.317577845690343
0.00643999778396311 -0.00600437081807746 0.108321335908795 -0.422974338785729
0.00156103842971197 0.0113610224922325 0.24695283782503 0.037957107727054
0.0052853781626508 0.018107133256683 0.156816405909414 0.325289594347265
0.00282318181281099 0.00865479805533876 0.193046780513175 0.273968872245952
0.0080027606941757 0.00585703292845258 0.213469528286584 0.13259366361093
0.00708029544938239 -0.0108978253861951 0.226623940518416 -0.00971005419374158
-0.00358477653154247 -0.00410212506089252 0.0544817678689741 -0.173023540776091
-0.00218934902038134 -0.0157000197509197 -0.167224647036583 -0.0290255316907388
-0.00834081202789436 -0.0111934139452176 -0.0127111349234648 0.129885890584202
-0.0446591781851498 -0.0362746694132376 -0.0131357641017089 -0.015971382202115
-0.0957211272886117 -0.120042375521906 -0.168639359530647 -0.164112735938266
-0.0333308892460044 -0.236636801861994 0.0442229678954553 -0.196669008949151
0.164295641583236 -0.214875404548052 0.157446245004096 0.0829328025622043
0.280523063491507 0.00837465873687309 -0.187093120432658 0.162425018132139
0.166477361068745 0.185228008364838 -0.303107800103915 -0.290049767723534
-0.0286851559920444 0.151192082930067 0.106810026234436 -0.370080203489307
-0.0924799968382138 -0.0111241809458391 0.231405140923714 0.0393507048603469
-0.0387801457488782 -0.104045315138197 0.147212881014724 0.30211496296127
-0.0422883731019247 -0.0908521213712015 0.19464175397294 0.270549837827186
-0.0426538372599981 -0.0276997224523448 0.235445586121472 0.123281996750684
-0.0112554816505288 0.00345578797889456 0.220482194209597 -0.0408563605331178
-0.00154985328770351 0.0336564585431516 0.0209811997988445 -0.173208393550238
0.0211214226373717 0.041416673970388 -0.170197161316652 -0.0184321527723548
0.0504817430489973 0.0383115775140216 -0.0134796201315629 0.12926088029606
-0.0442992117384133 -0.044697103903203 0.0496012952145206 0.0136012253624793
-0.143049599310352 -0.171460354703193 -0.0780275940945801 -0.065959372127584
-0.0628740952743515 -0.377961131449032 0.0199536489012668 -0.100340201770477
0.275816986033186 -0.377598710311591 0.0948997671320563 0.0285495855429467
0.479745644908062 0.0139545791698972 -0.110540878565625 0.0468369255079845
0.254949737649758 0.322056082013592 -0.145980152857896 -0.242820509310081
-0.0889421203066522 0.234207659210184 0.118477514601621 -0.232471644186635
-0.173971821334446 -0.0307505321472164 0.176803680655066 0.0327293368480811
-0.108936040090081 -0.192744139151499 0.13724145099121 0.202941019235808
-0.12464601117792 -0.197203273833641 0.213451335021411 0.196356703893251
-0.167717475382768 -0.0879940124679289 0.270693124750656 0.0201227027647357
-0.125201000081656 0.0457172421664251 0.146254529945353 -0.162880152824028
-0.0376803585889116 0.130505900122726 -0.100097925785606 -0.167088678280436
0.0493031250893285 0.125699763029202 -0.181509771939799 0.0115143358984715
0.102930603844059 0.0806400520014176 -0.0308155110212511 0.102550695271134
0.0175515063117821 -0.00966560525602421 0.100806007226672 0.0274780491849869
-0.0649845198343631 -0.0928919556338802 0.0382079158822549 0.010699728554715
-0.0217972522293858 -0.257040269494827 0.0466845875978985 -0.0203596751690595
0.248343019983685 -0.260583527788155 0.0635471939446971 -0.0389502245821652
0.384092472152314 0.091143547362374 0.0174071819465902 -0.0628734751926029
0.128771329827854 0.329455233873571 0.0284309697295249 -0.136407028252156
-0.176895584563393 0.184517006593794 0.0976818006729827 -0.0817833858740188
-0.229615898292856 -0.0452684896956312 0.0950824759139438 0.0111723403610742
-0.197966987148917 -0.176889898940864 0.0906682858597244 0.0632821838616856
-0.228890969799848 -0.182686683573086 0.13872507389626 0.0407089539103099
-0.286125504253837 -0.0515419477887587 0.132900409161093 -0.10203861508805
-0.222163966920472 0.146116205293526 -0.0376053889120954 -0.19801624743519
-0.0485205549531764 0.228787602711722 -0.195526672192036 -0.111528568718815
0.080628087371098 0.17780311242671 -0.168439274052791 0.0109816861816813
0.12462557594722 0.0948334102151862 -0.0638875282525865 0.0506606981868367
0.0990306013357564 0.0501818148318561 0.10269879511816 0.0109371390948711
0.0726311728893475 0.0689753728760815 0.12145595824416 0.00663391414570547
0.0405922895605785 0.0582258901428651 0.135200363313915 -0.00859662274748117
0.0491825387789627 0.0795683015641195 0.12223732501213 -0.0179857652711368
-0.00064175171444476 0.144962448104695 0.0764969644493651 -0.000585482568029155
-0.134544651121238 0.146893802193292 0.0393485617073859 0.00046979860662653
-0.245476677867318 0.0251156411339378 0.0129383032437789 -0.00427324569112071
-0.251836958027312 -0.0494593775425313 0.00200823830151464 -0.0154865026199055
-0.248049819013086 -0.0357474695044338 -0.00765064327666454 -0.0231001602745224
-0.195718613885479 0.0540999498758732 -0.0297548802117739 -0.0354664685645546
-0.100330438373073 0.115108457808629 -0.0864511522053041 -0.0610777468973377
-0.0372347060547696 0.124624597800619 -0.148216669838292 -0.0701480029238411
0.0163353660895796 0.111846526756263 -0.164524080872516 -0.0470606457951333
0.0681677452715179 0.103947436946412 -0.123714103969433 -0.0266703100891266
0.0969142447894937 0.0630322022733933 -0.09567475506021 -0.00213980549696567
0.142529410182174 0.0954218326352145 0.0689944380138995 -0.0326502365560565
0.12816536972437 0.180137499793676 0.163874373456061 -0.0427622159283963
0.0212228226983805 0.236349534538827 0.215408421238013 0.0192578542891928
-0.15168445087235 0.21922983694191 0.120898401939685 0.135587965298135
-0.271900177962524 0.0366984956390126 -0.0706719352860718 0.138529059773866
-0.259944167358414 -0.104450934788146 -0.127642629652672 0.0220676256302567
-0.230662363669501 -0.134546598229867 -0.0929769682194948 -0.0459486219447571
-0.232934207154819 -0.0455627665607497 -0.0862958334699271 -0.0360830297942336
-0.207664127736356 0.146900737434363 -0.109435063579938 0.0333345006201056
0.024000783713704 0.311997998001839 -0.0813966939839737 0.0908023343917251
0.31264820274742 0.173075262399158 -0.0693880366794366 0.0457964304249425
0.275136540947679 -0.127856381944124 -0.0990676849297545 -0.00608423971726247
0.0506461702391792 -0.199963799562486 -0.091462557590122 -0.00300874882316448
-0.0175772907210303 -0.0563479459241405 -0.0536804269813855 -0.0204625541779466
0.0289403540509279 0.0074299151336406 -0.0938691701504437 -0.016933490975686
0.12690298017927 0.0993034890350666 0.030810043279962 -0.0812501303786601
0.0881146551299225 0.162503504458471 0.17892420807608 -0.0492961890983142
-0.0162148981904861 0.166028297052198 0.170954601077276 0.110671280538994
-0.135229664544715 0.107558954036707 -0.0484212509702936 0.20359432850707
-0.204471026824628 -0.0669324065037425 -0.254502038870029 0.0907739895339915
-0.16974796957423 -0.197206586334526 -0.252002850961173 -0.103256032407476
-0.143538086064405 -0.193455190285803 -0.154075708820112 -0.162953882138868
-0.177435524254615 -0.0312432982994821 -0.160848871878036 -0.0486033217434722
-0.105832904928128 0.237487124596446 -0.15656494861781 0.199618770756417
0.207527303222582 0.33987303355478 0.0681466507168316 0.271665760067
0.475775219670074 0.0673582226692521 0.11542569341459 0.00324922477306835
0.343058488858038 -0.301787892357932 -0.0740366641216417 -0.0793899843475998
0.0095669996105554 -0.358287739367074 -0.0751132800606669 0.0703101219332713
-0.100338072920233 -0.147843091023442 0.0379874003620243 0.0655182105754539
-0.034130381553929 -0.0289594680997236 -0.0481366496823099 0.00745654076847505
0.0714784309078818 0.0671535691038728 0.00638259792079352 -0.113659596896494
0.0350269700936682 0.0840969026550729 0.168172547481663 -0.0104758898859065
-0.00804385241954968 0.056656188208464 0.0404441267465399 0.16325285054311
-0.0315012580107479 0.0280531462600957 -0.192006862593261 0.0974208126607323
-0.0614928986136526 -0.042428429626681 -0.25950588232977 -0.0622984448843655
-0.0508594460067036 -0.124335551794017 -0.236645909988347 -0.225671468165158
-0.053182532032674 -0.138256848100715 -0.157641534562188 -0.270392914124564
-0.100139268143058 -0.0125016860138425 -0.213709121546715 -0.0550331689601302
-0.0179664644827946 0.178876660825528 -0.145306284147437 0.358816143745568
0.192987002491626 0.179690218063993 0.251007905500505 0.345839478551771
0.302812299856049 -0.0296244862346736 0.224962220297491 -0.119291839551936
0.181122970805137 -0.217936798969234 -0.121282331887503 -0.137662002810233
-0.0263199748952974 -0.236793144889522 -0.0848320390221964 0.161190741488173
-0.0926309013401991 -0.104331355238035 0.127517345949909 0.164940482465809
-0.0457748092664389 -0.0269083071080638 0.0162049597112835 0.035653221927273
0.00014574626134354 -0.00105141797636606 -0.0375354878543437 -0.0339194313323756
0.0169688562554018 0.00719355903207018 -0.19103641833894 -0.207135332650819
0.00520201207396145 0.0229451549605894 0.0684656280267099 -0.239661559833821
-0.0152409537745202 0.0217374878321411 0.182435247942034 0.100991835531029
-0.0182528296205662 0.0109406383786859 -0.208456769257601 0.191471432943378
-0.0133963154873925 -0.00586246627124872 -0.342417466356193 -0.307893004502276
0.00672702177947896 -0.00655004380750501 0.100212476993857 -0.419648105196485
0.00150552623237185 0.011668678956704 0.244371261542111 0.0343736784083594
0.00643181776526169 0.0185851593318949 0.160182516173712 0.31860129376116
0.00312664694120086 0.00785645391179245 0.194500793542877 0.266828702051423
0.00812308047768414 0.00596164702042567 0.211174811079436 0.12672325814173
0.00688550482252522 -0.01085709115916 0.223599905155702 -0.0128431062165476
-0.00320084065680391 -0.00359027488271257 0.0507593543846089 -0.172401614595589
-0.00319614136108015 -0.0162530358228498 -0.165277149501997 -0.025137541428852
-0.0096618701658726 -0.0101886132319535 -0.0103959527371924 0.128413053158894
-0.0452522465793526 -0.0350326868808529 -0.0131060590033655 -0.0147669329850518
-0.0972183509434221 -0.117042604824353 -0.169398837761976 -0.157742103767959
-0.03732106722371 -0.233315258442357 0.0394269608267835 -0.196303442809043
0.159250233335082 -0.215189896766299 0.159111977524657 0.0775516972541505
0.278236279402817 0.00236307857934204 -0.182222416184168 0.161620327001108
0.167991647756312 0.180353215211829 -0.304525820148471 -0.282837314052485
-0.0255300896293209 0.149557334681048 0.099105059021543 -0.368724196226383
-0.0912580106537752 -0.00995694506315197 0.228942566030332 0.0357765234632363
-0.0388824919769816 -0.101648829801855 0.151961552369492 0.29564915942319
-0.041888980110712 -0.0889245504795313 0.195102201918129 0.263971123988433
-0.0416195256828933 -0.0260125814421778 0.234331601301828 0.117582073683521
-0.0102116702291198 0.00218645914523776 0.217496184710636 -0.0439402341899127
-6.75222583855495E-05 0.0320740078333221 0.0190929954795275 -0.170994432107186
0.0214988708341393 0.0391284121614716 -0.167969589077766 -0.0154910136632876
0.0502082407366587 0.0373034572201437 -0.0108003354614468 0.12702414369849
-0.0444218851384148 -0.0425202234768011 0.049516468519727 0.0126051264571801
-0.145158589272421 -0.165431925570941 -0.0779933307590458 -0.0609288642306711
-0.0693298039501172 -0.372891199448659 0.0193256103108789 -0.0996501537217954
0.266896678305604 -0.379554383508784 0.0956508871185497 0.0253452147504533
0.477431368460768 0.00484921279785832 -0.108393203853519 0.0464683851375248
0.257826801825866 0.313027606719615 -0.14906690717675 -0.238020185780035
-0.0841864129992232 0.232385226866988 0.113019498368871 -0.232046338731443
-0.172471530716636 -0.0283228048101 0.174875065353889 0.0300356294077346
-0.110356364191603 -0.187680483886587 0.139080890384783 0.198086558892247
-0.126029891253484 -0.19222735459894 0.214065535558486 0.190013638953442
-0.167329315772929 -0.0828379204373296 0.266960279081828 0.0152514480721419
-0.121668522808006 0.0463261821271833 0.14226106641549 -0.161333604597839
-0.0337551262798073 0.12796465616734 -0.101912080274456 -0.163279748049598
0.0513124255916649 0.122696305543243 -0.178156474744395 0.0144929702978157
0.10316642605549 0.0783572733700903 -0.0286684762340336 0.10150236078186
0.0172439952844459 -0.0107948648975814 0.0997164251594383 0.0256531524625147
-0.0652699381550018 -0.0883706899199097 0.0385800172317637 0.0118863517032573
-0.0264307380448348 -0.253531109438458 0.0477271866055184 -0.0195965693741093
0.240662153740549 -0.262967977219471 0.0624141151670585 -0.0394748263315452
0.383477675980394 0.0830140560113456 0.0157393482403995 -0.0633266460271333
0.132971873044708 0.323168705504182 0.0243643009173054 -0.134339714490635
-0.174486420135565 0.184817303007345 0.0937324869499193 -0.082011098619602
-0.230332049889632 -0.0421362763163998 0.0946818248357554 0.0096297619880151
-0.197758691772306 -0.172103794165014 0.0913522227324028 0.0606773377565249
-0.228969095988389 -0.17759791894573 0.14012680735318 0.0385296930380308
-0.284787892448979 -0.0462970468605491 0.130755588895538 -0.103423619782458
-0.216033666771829 0.147464608867183 -0.0399622657206443 -0.193535602737486
-0.0430868777676755 0.225029854146131 -0.195049298515647 -0.107059025566095
0.0831062634047279 0.174473804945348 -0.166452364121829 0.0137279039976761
0.125541795790937 0.0906695223485024 -0.0620292640725246 0.050508073350993
0.099242015128174 0.0471434827365146 0.101227743864602 0.00763005076989844
0.0728741751456154 0.067273104779647 0.121025341477133 0.00499846323493894
0.0421405339434265 0.0568794841567576 0.134251745400541 -0.0106372938755064
0.0483942901246639 0.0787708319602809 0.11934148957937 -0.019760601431393
0.000327002273464779 0.143913176991921 0.0752660286913182 -0.00203672453256288
-0.131900371339887 0.145127313640748 0.0376164044444691 -0.0001481622550615
-0.243567674368907 0.0286345642268832 0.0120670270846393 -0.00351528197627446
-0.250553662396963 -0.04737115400226 0.00104446860153968 -0.01505196350095
-0.246606342159081 -0.0308093610038637 -0.00710549396757182 -0.0215505168291632
-0.193304509952988 0.0554013375983164 -0.0280377047548028 -0.0341813717602471
-0.0990187225254671 0.114189519165531 -0.0841563101730861 -0.0589070554805634
-0.03700637136617 0.124474117545226 -0.146900875115814 -0.0672037919037399
0.0176363207756819 0.110234061054669 -0.164405779011281 -0.0442516319398559
0.0697832870395021 0.102561920649136 -0.123146791028333 -0.0245070961361494
0.0975066935999156 0.0602090742847316 -0.0937182817250174 0.000493989221114488
0.142917238219169 0.0918012466320736 0.0661125331784338 -0.0340174544374599
0.130639573309232 0.175453589005411 0.161723133868894 -0.044958616861983
0.0245529643278485 0.233400369841735 0.213278414088733 0.0157138726416663
-0.146666796630442 0.218996625839753 0.12152184999448 0.131004278627638
-0.270309570104945 0.0409301623038106 -0.0687399301186493 0.138006193571096
-0.260001755735313 -0.0995469375850541 -0.127222157668082 0.0235291328151578
-0.229402046262361 -0.130204977828025 -0.092855439504635 -0.0442760585504083
-0.231717109762014 -0.0424952189792418 -0.0854883811648558 -0.0347274933162219
-0.201673271772107 0.147552887888083 -0.106837576307758 0.0349411862544816
0.0285256018172703 0.306577671426031 -0.0770501328119856 0.0906379359667435
0.311118405374616 0.165196465035601 -0.0671182221424573 0.0470108799877911
0.269168345239497 -0.132791999484735 -0.0981839899832147 -0.00534947474423432
0.0444484219371375 -0.197434739681492 -0.0911419484346694 -0.00332606658242897
-0.017759262688791 -0.0538893643597786 -0.0537941810129455 -0.0217367028404628
0.0278255587702767 0.0076568762532217 -0.0931093761069714 -0.0142751319644914
0.127306375565458 0.0958142692253152 0.0277769331001901 -0.0807742878651725
0.0898951129257701 0.158787546209281 0.176855288959382 -0.0524015012079509
-0.012133398533664 0.163561515176981 0.170165599609963 0.105596608468214
-0.131458973710073 0.108448491015199 -0.0454156185334337 0.201618582915275
-0.203206658015077 -0.062265991726537 -0.250802431970814 0.0932939806657163
-0.17022966066692 -0.192642018468085 -0.251073808182337 -0.0987579532929928
-0.143423687644778 -0.189054354935883 -0.15520349585303 -0.159713899879925
-0.175004343875292 -0.0286975750338153 -0.159779668679837 -0.0458772300767909
-0.0998272695504683 0.23598271428656 -0.150734873820336 0.201258579946608
0.212672784525548 0.332865818392183 0.0727620716077457 0.26526377060937
0.471544054352782 0.0568694520442362 0.113830144072544 0.0024856825740969
0.331837693410143 -0.303867659349892 -0.0760680954230058 -0.0774663784071635
-0.00016851590464582 -0.353763342307223 -0.0728645331929663 0.0710784029816584
-0.101904654021456 -0.143238275900702 0.037884827029797 0.062759332793132
-0.0344161490858509 -0.0267444000780687 -0.0471508203058537 0.00758159262050788
0.0727610670246791 0.0649489471251372 0.00310879941187565 -0.111316956139389
0.0365998400103654 0.0816918641594804 0.165027539516215 -0.0135239928571618
-0.00525026637388188 0.0555339061890341 0.0403395117078279 0.159907453042009
-0.0284442369542006 0.0277409780095808 -0.188803944053001 0.0989617611270795
-0.060260189443117 -0.0398612320685428 -0.256475945847159 -0.0589066541974029
-0.0505272608827891 -0.121902622651029 -0.236638115805692 -0.218603653202923
-0.0526809305881685 -0.135080888706968 -0.159571729840312 -0.265674724865852
-0.0980971770425246 -0.0110993677371757 -0.211240790007585 -0.0528498719297023
-0.0143271820193132 0.176433725861726 -0.137109711125453 0.358331959152366
0.194812386890019 0.175287708368703 0.253877187387056 0.33765315014719
0.29856079386296 -0.0351666412200222 0.218694473926375 -0.121587636654118
0.175211734094846 -0.219380121031382 -0.123988105763034 -0.134184619573735
-0.0302927366962337 -0.233813231457854 -0.0805887955714287 0.162643872596861
-0.0940577560933391 -0.10182578985588 0.129023173769178 0.16017519291549
-0.0464553250499348 -0.0237583384766236 0.0163001742097499 0.0348176377353437
-0.000395109435631682 -0.000907930317621334 -0.0364353589224453 -0.0324414766207957
0.0159452043275463 0.00586812805394076 -0.1911094422918 -0.202501863951181
0.00536801879727516 0.0226065319168067 0.0640782862424175 -0.239243088906814
-0.0147677328837575 0.0211032783348575 0.182485033092023 0.0973077993944986
-0.0183569084546921 0.0102426234719894 -0.205095258291916 0.189976322480395
-0.0132413255165411 -0.00659229938578065 -0.340823147027526 -0.303403515331843
0.00728398056771514 -0.00663912257776145 0.0974270441512003 -0.415863523521843
0.000889197211983213 0.0112297105756398 0.241720145991655 0.0333122411263202
0.00695881160483815 0.0172814455337434 0.160864483366068 0.315307891064582
0.00309438701535795 0.0074570353503767 0.195047486364512 0.261776140982934
0.00840507616942754 0.00581392532723015 0.207836726020241 0.123626936491581
0.00607342729178831 -0.0111801977480838 0.221318346826508 -0.0126372405534014
-0.00295726419643712 -0.00302297775456971 0.05048411657951 -0.170455019655347
-0.00352947257623867 -0.0162543167831443 -0.163239150046129 -0.0239104295148093
-0.00944311248620745 -0.0088969731154482 -0.00831243788331139 0.126207191195628
-0.0450833937026767 -0.0332080545634872 -0.0121288433413412 -0.0144447889567355
-0.0975272400666941 -0.115682334258337 -0.169839375675265 -0.15284102093388
-0.0385625304389115 -0.230135818654407 0.0373359068015441 -0.195709062501439
0.156548878662317 -0.215409903807501 0.158560775123827 0.0751056958554062
0.27662852998709 0.000448044843864081 -0.179062427187963 0.161042217899044
0.169086960068103 0.177109858805422 -0.302922921818145 -0.27754927109019
-0.0236142028580779 0.148913086696442 0.0962711426938387 -0.364841478845854
-0.0904244904426952 -0.00931663423444114 0.226166267977457 0.0350307680748597
-0.0383626689616763 -0.101608482767538 0.150944443616185 0.29297257698609
-0.0422226747435169 -0.0866078693688349 0.195484039608249 0.259211146419585
-0.0414114264581301 -0.0243390501035141 0.231164956535513 0.114094833361236
-0.00984542955642487 0.00196593951976114 0.215293589356631 -0.0443369388737085
0.00125082624562168 0.0306090543266215 0.0176873771799229 -0.169435390559351
0.0213467520703212 0.0385432060483073 -0.1662695341411 -0.0142781613753458
0.0495930706423323 0.036438786851017 -0.00798880428104429 0.124512431924062
-0.0447882794150217 -0.0410903061477263 0.0504134533350079 0.0125105564448214
-0.145971065637819 -0.16193342425465 -0.0769702890409724 -0.0576682534855712
-0.0717929918336969 -0.369270203814343 0.0190826704674755 -0.0992109388464033
0.260451050952895 -0.377897838039685 0.0955928358479182 0.023506374503663
0.473336552997727 0.00075698542611941 -0.106899994131081 0.0454340385967194
0.256220119608555 0.308783886337245 -0.149586558774468 -0.235375243964923
-0.0829843994258973 0.230622952711018 0.11090972381225 -0.230901857741118
-0.17065367247831 -0.0278728377061168 0.173962896927184 0.0290628011422738
-0.108407738001443 -0.185306677654566 0.13988122045236 0.196018611902761
-0.124825505843022 -0.188461395336562 0.214167657507323 0.187356255285578
-0.166616648837258 -0.0802250677150949 0.264324506130035 0.0130495388753551
-0.118664236059332 0.0462507897849979 0.14111420408349 -0.160635333693583
-0.0314168779974387 0.124293312390996 -0.101180395965818 -0.159190327769059
0.0517137541059991 0.119925413544874 -0.177128251814002 0.0152745055316373
0.10237694740982 0.0766469595780522 -0.0262991516636801 0.0998101135176053
0.0171852520608767 -0.00961612905362096 0.0984576618600342 0.0250149067573191
-0.0654018771905895 -0.0871632395908402 0.0399010547313627 0.0137751148835438
-0.0286905737444648 -0.251825118438509 0.0483064654478877 -0.01958328296688
0.234805445853929 -0.262226939746359 0.0625646949815983 -0.0401439538823703
0.380982678724287 0.0797015912126277 0.0147508262711939 -0.0643810726771662
0.133639208821088 0.316859956174861 0.0222913348842839 -0.134165806085828
-0.17134439128927 0.18331785725299 0.091947309442489 -0.0813957747733567
-0.227180935273396 -0.04132016634897 0.0937877598213056 0.00994738250818937
-0.196359240184328 -0.169562248171712 0.091653526351918 0.0597338905756741
-0.22815859598761 -0.174761317452594 0.141343042599789 0.0376865047116815
-0.28285392846929 -0.0442972216570998 0.130357907730851 -0.103401494459137
-0.214538249325524 0.146742859534099 -0.0401860986294421 -0.19141666272481
-0.0404754003041636 0.222242057959125 -0.194057163809741 -0.103639793817261
0.0841858053842929 0.171921040232392 -0.164746161375989 0.0142007306463549
0.124658748841016 0.0883734165886305 -0.0595467451834925 0.0513361967392401
0.0989291541131646 0.0449003644581266 0.0988770637513401 0.00732633577486916
0.0736240722870623 0.0672121081515533 0.121828340356652 0.00502033170177314
0.0413906721349659 0.0565320118744765 0.134501709440312 -0.0119114860164418
0.0464230646350075 0.0778924209154835 0.118984784897838 -0.0202966847104155
0.000435102994913818 0.141642759071387 0.073372503597595 -0.00341565269789645
-0.130684378133508 0.143442204331576 0.0360382261561719 -1.76329742322841E-06
-0.239500253199261 0.0282816098705589 0.0120258155386111 -0.00434931141821513
-0.248994392395149 -0.0467863658982417 0.00151531718278966 -0.0144173659762946
-0.243516242471197 -0.0305585670712213 -0.00518671470569358 -0.0212883475360991
-0.19095824473093 0.0548358025291499 -0.0253475359820657 -0.0335607250471335
-0.0989658619965954 0.113146320696047 -0.0818304878991585 -0.0574718336022152
-0.0368820134938289 0.123797363378861 -0.145044960027412 -0.0652419743239013
0.0173817160849062 0.110218576681644 -0.163116234369086 -0.0428412744216768
0.0700816262089416 0.101897566145705 -0.121465753476712 -0.0238536394875052
0.0962119960676714 0.0587954528809024 -0.0912975899171916 0.00138055603267682
0.142050726745836 0.0891428602430699 0.0642630593947985 -0.0344679104806436
0.131142060897081 0.173333389077331 0.161054038265338 -0.046422852576251
0.0266307462942275 0.231480275796977 0.211719333265922 0.0131699636173127
-0.14513598175467 0.218710150182097 0.120548790147029 0.129463027180155
-0.268669435637674 0.0408717952344525 -0.0690753146560406 0.137618806120935
-0.257532693595398 -0.0975551121025186 -0.126434847875997 0.0239478454614566
-0.226727680194632 -0.128471847463 -0.0924134471115886 -0.0443665858571581
-0.229978014024829 -0.0414684556161496 -0.0854396662180551 -0.0344212267701351
-0.200386586049741 0.146690453125272 -0.104225408441939 0.0352675240134243
0.0292018085639761 0.302050837110254 -0.0745411199248606 0.0903481950771408
0.307699645098148 0.159723142742194 -0.0655640190737327 0.0473276719230825
0.263911565058749 -0.132789727625242 -0.0970165579241431 -0.00422599098289707
0.0411560776118229 -0.194968274161145 -0.0909961146792678 -0.00290385272412558
-0.0176454795648088 -0.0532081606763564 -0.0534859914875609 -0.0220841362692115
0.0268924258837292 0.00759532659372239 -0.0912739272571355 -0.0138447214728191
0.12652407490057 0.0932777392951544 0.0256206364601562 -0.080284359165413
0.0911419254038474 0.155938890413582 0.17427759091965 -0.0538640619099687
-0.00860835579000667 0.161643066007002 0.167416527116502 0.103337771769427
-0.128701555610218 0.107613541881559 -0.0448138519172291 0.198296498592359
-0.202017008995668 -0.0594805932579418 -0.247900853930421 0.0936533945949813
-0.169218895381504 -0.19028647681889 -0.250677844907392 -0.0975420551887413
-0.141539344916938 -0.186096957131872 -0.154563683708183 -0.158573640883373
-0.173859980120296 -0.0280162966363712 -0.158628279281841 -0.0455447974789519
-0.097309650042161 0.233021745874981 -0.146905944487007 0.200060743519293
0.212571382370683 0.328122199321082 0.0737080790429416 0.261856453746239
0.466884582067505 0.0517967559883223 0.112137534342977 0.00149860194562811
0.325419642171292 -0.303619310625509 -0.0767239040812298 -0.0757213160782422
-0.00260470689125253 -0.3506814082727 -0.0731938637158315 0.0705691802341118
-0.102515664041116 -0.140780103308496 0.0374657611367023 0.0594713642996747
-0.0341356731353807 -0.0245211125149868 -0.0462418755617289 0.00725551289511589
0.071885126242509 0.0632575970940727 0.00251532286961532 -0.110535073318506
0.0364621398248266 0.0797493169499853 0.163143456168235 -0.0134359746003992
-0.00260405691141561 0.0536102565790044 0.0406554400162445 0.159170899642585
-0.0268274984563129 0.0277916386988628 -0.187273451010974 0.0977038551083245
-0.0588561788274138 -0.0379500123748803 -0.25361060679499 -0.055644370280297
-0.0500520584182901 -0.119126806287787 -0.235898077997753 -0.215629886177064
-0.0518904502438858 -0.133421838246521 -0.159479200685838 -0.263219386060364
-0.0965042049998869 -0.0109180136603704 -0.209785575693524 -0.0522485086801314
-0.0118709872909177 0.174634811013059 -0.134187472944156 0.356281321407138
0.193771007402665 0.173111837509907 0.254552046613029 0.332035495813324
0.295613095977202 -0.0378632151467758 0.214961814549438 -0.122025276540142
0.173119002220809 -0.219509839317645 -0.124964977541321 -0.131450111653162
-0.0319268672197374 -0.230300642894733 -0.0778164081032127 0.161389563275414
-0.0944119832979532 -0.10050460252823 0.130187082638245 0.155905040167804
-0.0453695429443787 -0.0215489483036079 0.0156933725803224 0.0328718257797566
0.000406985401331734 -0.00100340674508848 -0.0357022559001703 -0.0323828156188854
0.0162861420552075 0.00561991430592851 -0.191634918021771 -0.20169676154295
0.00595264709917781 0.0232003944177385 0.0629807657458559 -0.240155861140055
-0.0143426938286014 0.0218898417510403 0.184024627847507 0.0964240672188523
-0.0192691886807017 0.0102413988377483 -0.205360995079512 0.191581948870715
-0.0128696380864988 -0.0068473392098311 -0.341185453689534 -0.304646385888175
0.00673324498922454 -0.00603768943247992 0.0974970242483377 -0.417751524633366
0.00147991188252278 0.0117252985691931 0.240704889302732 0.0342910032639489
0.0072044869009644 0.0175212893966595 0.160822257438443 0.315986238021271
0.00194194748616705 0.00729072647809645 0.194457816887142 0.262785656435565
0.00856333416403298 0.00601076007460392 0.206033659590653 0.124644740754775
0.00580766141014648 -0.0118889881760118 0.220540871043271 -0.0110980365727898
-0.0020202978747092 -0.00386843183409766 0.0511553386664975 -0.169546844100289
-0.00368219903032448 -0.0169672587127938 -0.161731443364919 -0.0242575917533582
-0.0102852942590934 -0.00833436284039565 -0.00708903980440445 0.127860207093428
-0.0457380129647709 -0.0327786053743978 -0.0114156862942071 -0.0138165714426055
-0.098153907073188 -0.115435633775215 -0.169842173839046 -0.151546866364686
-0.0398989114330633 -0.230825832862372 0.0368252199932663 -0.197418180807113
0.156348030459888 -0.215826808015223 0.159871331490031 0.0725390808884619
0.277215459843996 -0.000366846983968256 -0.17873197518659 0.160689258976441
0.169220531717247 0.176717403993672 -0.30370854370307 -0.27871230348387
-0.0242678922935085 0.149065650348953 0.0965833388587843 -0.36642777682861
-0.0905894490251178 -0.00872702409589122 0.225993504559194 0.0352614193811417
-0.0369833253739511 -0.100810081919134 0.151193537727388 0.292680734714426
-0.0419050352346962 -0.0869354820098225 0.195469123267721 0.258948004704419
-0.0410199818823151 -0.0234089474004495 0.23036238753596 0.114625608018332
-0.00973024889251193 0.00181573610705128 0.215639283717394 -0.0421850546053453
0.00253061183601285 0.029680410322062 0.0191282899107988 -0.168792741045346
0.0210951723722125 0.0381196212987396 -0.165338760972106 -0.0138773963286534
0.049283184631731 0.0369142349801719 -0.00773323198292546 0.123949076794729
-0.044364736336098 -0.0405859213347793 0.0506269965595995 0.012697588553203
-0.146524463365298 -0.161335076674547 -0.077192592148132 -0.0562042849591907
-0.0748538506996465 -0.370835724908838 0.0201149732616327 -0.0993398300887649
0.259974602348447 -0.379775480674869 0.0964566511599427 0.0230649964319632
0.476120864399313 -0.00160143867237787 -0.106868231554481 0.0443714733669674
0.258612717536903 0.309915111176996 -0.150304406808306 -0.236254541990929
-0.0827909880898197 0.23105475709602 0.110062883197303 -0.231140454709889
-0.170261122947588 -0.0289491662826216 0.173077357407993 0.0293979354147489
-0.106722133822474 -0.186415961046462 0.139769768187771 0.196441498377847
-0.124606506290464 -0.188562267891085 0.215338688020744 0.188051429315318
-0.16529129287776 -0.0795415024546838 0.264673335932371 0.0139187985105368
-0.118919064365326 0.0455223978619567 0.14097325266679 -0.159031736679247
-0.0290604641348233 0.123250809580266 -0.1005186675299 -0.159277713962751
0.0512707737020374 0.119194526290049 -0.177622946776873 0.016120504330955
0.102383303565706 0.0761986915162116 -0.0249536579311006 0.09968390541207
0.0183969821844723 -0.0105651512077819 0.0988753095512872 0.0247970417814762
-0.0656624792452968 -0.0866896547320407 0.0417407492999246 0.0157549227392147
-0.0302583440250337 -0.25176435619659 0.0495297621872998 -0.0196279580663685
0.234587459863544 -0.264160711778141 0.0625255388646485 -0.04041354520456
0.383060845194608 0.0775177908203919 0.0144064963760862 -0.0649691268089011
0.134055159244506 0.317451794134192 0.0218981439138402 -0.133709733408764
-0.171818967719383 0.182277330336053 0.0920700916275571 -0.0817804117223599
-0.22758749472147 -0.0442172304033038 0.0936458224569901 0.01079726845232
-0.196214902122361 -0.171215127312703 0.0925631259253655 0.0602717294005229
-0.227665526869731 -0.175823089976602 0.14286272375308 0.0384583909509542
-0.282931135888692 -0.0447773563286167 0.131494817533131 -0.103468137241051
-0.213646955904287 0.146920801408312 -0.0388075478032927 -0.190582424775187
-0.0396664853340028 0.221956468862797 -0.193324218341524 -0.103638623364113
0.0846817069318704 0.172645698132161 -0.16477689630007 0.0143627541988936
0.124912179116873 0.0891415969570221 -0.0585708885073891 0.0512168650331585
0.0989746687832094 0.0454776606180085 0.0980147801775494 0.00790477465119046
0.0737797620181852 0.0676241098919078 0.123747127049132 0.00616693344694378
0.0409595053489637 0.056867399269016 0.135790327127203 -0.0108201399835507
0.04431126657049 0.0778487247914789 0.118490093471514 -0.0198794935774233
-0.000835022169455862 0.140812312169592 0.0715386492250342 -0.00294967993449331
-0.131499062188722 0.142760782471698 0.0344544539983772 0.000840522038063367
-0.240442041535669 0.0278965007879947 0.0111868981748113 -0.00392345164496825
-0.250053265343246 -0.0480431780152318 0.00160827015768717 -0.0147874146973411
-0.243677711034028 -0.0320158317960004 -0.00489269135214829 -0.0218796490357922
-0.192775735074581 0.0530945650955624 -0.0234442694701269 -0.0332671303338118
-0.0997377732432242 0.112236810412719 -0.0806335802373392 -0.0583054088069432
-0.0386573778232179 0.123482532258021 -0.144773123823359 -0.064669092410851
0.0165956106545359 0.110119245543017 -0.164121599423197 -0.0427558710339646
0.0707279637315905 0.10256415778831 -0.121918087499778 -0.024088385710545
0.0966618944872574 0.0588986630522999 -0.0902499738733526 0.00122323965765623
0.143177024037984 0.0883238744566817 0.0633590856279664 -0.0341755044893733
0.132024156072217 0.173910794296407 0.162073574813963 -0.0458100416497954
0.0274363773447769 0.231639028367349 0.21165952770644 0.0130485591273847
-0.145171019152661 0.21941036969666 0.11959801640215 0.127652402288406
-0.270642798412564 0.0412129856339122 -0.0707141021140862 0.138310116086373
-0.25907540783489 -0.0993959726675307 -0.12906626359938 0.0236849831073878
-0.226196376062694 -0.129196732512701 -0.0935155343003543 -0.0452465845972036
-0.230892952217159 -0.041581616317154 -0.0852135371465006 -0.0355366157044223
-0.200232975412939 0.145383517986229 -0.102423453427335 0.0357974305110158
0.0293736009973807 0.301403756918317 -0.0741916651467 0.0902055812102212
0.307850497651094 0.160299846370861 -0.0644984404803389 0.0471746530810464
0.263305583314084 -0.133302817334419 -0.0980724934094896 -0.0051762713879451
0.0393881729273908 -0.194591514731063 -0.091606053057611 -0.00361368661741065
-0.017588948190913 -0.0519599111979648 -0.0545666106470645 -0.0236589434701237
0.027445366054162 0.00861145822545836 -0.0910387761902054 -0.0139829458192791
0.127521271320421 0.0928636050168409 0.0246837630538192 -0.0793637703230313
0.0917105861342002 0.155017728844976 0.174200827196684 -0.0550329606229692
-0.00784425131600529 0.160690837927978 0.168042437377306 0.102929384021713
-0.128286567442846 0.107950040632424 -0.0457679642282948 0.197634329213166
-0.201700615116006 -0.0594579958077609 -0.247800281563852 0.0951038681633472
-0.169950553084483 -0.18913277920353 -0.25079343173151 -0.0988934693570962
-0.140054591118321 -0.187310735183583 -0.155123277432208 -0.159884353165145
-0.173585666278795 -0.0287911894833226 -0.158881822194096 -0.0471025149787378
-0.0973736149268768 0.231948875132894 -0.14627578335837 0.201167239172477
0.212741049353938 0.32795248073901 0.0723374148232773 0.261942888982763
0.468973897003396 0.0520134788689971 0.112398879660788 0.00154325280549027
0.326950448833887 -0.305755893773571 -0.0772426895070894 -0.0757193867940891
-0.00424242475931129 -0.350213525101298 -0.0724943879105796 0.0700346170549178
-0.102338301705247 -0.139740859156989 0.0371830396040082 0.0589444072055644
-0.0333721953260182 -0.0227150344287274 -0.0460979366717551 0.00632111110174607
0.0728864909232404 0.063384675211142 0.00179731353165698 -0.110399169557373
0.0371895447792559 0.079987474071131 0.164057397004483 -0.0139039015439373
-0.000996505834380408 0.053133012522059 0.038968231756701 0.158359478279186
-0.0253824447571424 0.0281044171960118 -0.187798298846261 0.0955581413599652
-0.0582604938907458 -0.0384690005088757 -0.251914019404144 -0.056111497869988
-0.0489419279354743 -0.118709932291651 -0.235068651489708 -0.216631740150284
-0.0505201591242397 -0.134516694734267 -0.160225529412609 -0.265507025745008
-0.0969985905781988 -0.0120618961021226 -0.210253019037137 -0.0534148951612539
-0.012004108363018 0.173750955632552 -0.133022359726443 0.356871831670816
0.195722723607787 0.174066789216093 0.254296178557965 0.332585068273543
0.295957107060968 -0.0384217821955177 0.214932468908861 -0.122204558812872
0.173091776730286 -0.220297764847891 -0.126127824792615 -0.131709169685471
-0.0326331641207551 -0.230212336422965 -0.0772578995300311 0.161757146516624
-0.094008505365594 -0.0997443375116778 0.130444723468534 0.154404015306318
-0.044727317404946 -0.0207525372202902 0.0154706274718365 0.0323150372135835
0.000142853911897114 -0.0013924557781096 -0.0363798576491044 -0.0318024279155254
0.0149737311459057 0.00185922413725028 -0.193298919836513 -0.202952716060743
0.00657174783428964 0.020663062403811 0.0640277074885383 -0.243726914053633
-0.01293725980165 0.0222571917020817 0.186497030305434 0.0991415284250632
-0.021550509506801 0.0113881945956055 -0.209349721523452 0.190185533591508
-0.0168242382599989 -0.00993191813751901 -0.342252556412567 -0.309891861207735
0.00695798806059311 -0.00685565100044714 0.102053361421167 -0.423300736903088
0.00133065148751499 0.0123825798961035 0.241647890092603 0.0385960610384357
0.00581348689808988 0.0150106830958975 0.159097645743489 0.322284703657918
-0.000307625751352955 0.00592716426907597 0.195410069273227 0.267802938500285
0.00737797472592022 0.00414359176513153 0.206062877889046 0.128233218169861
0.00409443196961391 -0.0119193001854921 0.223850983282745 -0.00723994772145926
-0.00391263396185644 -0.0028238560767323 0.0548068474566599 -0.172607697992878
-0.00487776099494917 -0.0158607515150095 -0.164291720015954 -0.0252057172821872
-0.00773193518968536 -0.00885395346369214 -0.00743513740153762 0.129906287639745
-0.0454387479147862 -0.0327439970272232 -0.0111189469991082 -0.0134846888212829
-0.0991969954349595 -0.120124220407294 -0.171475972364126 -0.152544846922265
-0.0377451536396082 -0.233518331651019 0.0380934676517112 -0.200551612602605
0.161798596810522 -0.214400458284657 0.16222450461063 0.0736130284912542
0.277647491812562 0.00294321680271584 -0.181483807186229 0.15989377412781
0.165012734772396 0.177421305711429 -0.305420779653977 -0.282762369728978
-0.0264291123340991 0.148190826206043 0.100341294536242 -0.370406148613042
-0.0907840826316659 -0.0113738008923926 0.22601570569224 0.0395432851720783
-0.0364707452259232 -0.105415816544303 0.1508822326048 0.298733945663535
-0.0440512849551437 -0.0893319500528195 0.195645329710557 0.266245340151831
-0.0427920718497026 -0.0248077224146262 0.231283966348235 0.119124982085256
-0.0109986042466891 0.000400225429416805 0.219393962516284 -0.040478516000221
0.00304290083786125 0.0298557981668231 0.0218668529344023 -0.17307633609381
0.0220833230631959 0.0396307157349595 -0.170428093902677 -0.0153164679940249
0.0536159940646644 0.0387122553506378 -0.00875485971933516 0.126091692998397
-0.043507079260576 -0.0399162323034764 0.0507147529302724 0.013792479643571
-0.145171229444876 -0.162977515913019 -0.0777403603832857 -0.0547282748385261
-0.0717526225120659 -0.372856202306075 0.0200631009827075 -0.101884051565908
0.264956570718537 -0.378832980006167 0.0986480348759756 0.0208804017945359
0.477249070687031 0.00402926879388102 -0.108023407805322 0.0432094020433413
0.255123806621419 0.310507409596218 -0.150496634266038 -0.239426343542823
-0.086161143773608 0.230943678653555 0.114041362819568 -0.233818554346622
-0.172375955747965 -0.0335643994428261 0.174620503707874 0.0324944458365261
-0.106908111334818 -0.191690693867755 0.140410789912266 0.200813357314481
-0.125744146814411 -0.19407805807255 0.219973705326179 0.194181843441683
-0.170380816899873 -0.0810496977944321 0.27135364352169 0.0164231068163632
-0.122221111845174 0.0462456241754228 0.147608508519159 -0.161525930537778
-0.0297456468053975 0.126212056739622 -0.101596022559269 -0.165616944727293
0.0550194307870383 0.123009673857329 -0.18428635581393 0.0142049697983362
0.106919263033412 0.077847043725278 -0.0280212494021707 0.100805611804331
0.019184873076043 -0.00905031679987965 0.0994577959514035 0.0264988784516083
-0.0652022861657448 -0.0857750620811161 0.0429541051943563 0.0185212488654355
-0.0287167764836067 -0.2530687272804 0.0507470075819942 -0.0196112435610159
0.235907894901606 -0.262428660910434 0.0630966337939209 -0.0419585014314085
0.381447286330318 0.0816579937584925 0.0152543007325645 -0.0664311950292395
0.131948384100129 0.317678285267536 0.0223684160871585 -0.133636551783953
-0.174968252398348 0.180382286987972 0.0932287475078802 -0.0814491037253217
-0.22985733035698 -0.0483174466429511 0.0939713013991768 0.012794231445325
-0.197495914460241 -0.176300266139838 0.0944081544925927 0.0623001444691954
-0.230546089540666 -0.181788117123863 0.149263926067119 0.040661761807422
-0.290312358419368 -0.0464559861404178 0.139815879371812 -0.104797562370058
-0.221338191053229 0.150405979861811 -0.0351738566932821 -0.196929288018293
-0.0395619717331736 0.229903377547235 -0.200081631531286 -0.10888016236491
0.0905984586318214 0.178156588739251 -0.172726915561953 0.0119653075856949
0.12893608662686 0.0911889322349738 -0.0617929344944079 0.0515655832550655
0.101724938410133 0.0456719382559745 0.0989224450330821 0.00922087142252214
0.0755771501160428 0.0700533436777818 0.126110375164064 0.00811103701440679
0.0421963323260356 0.0575231978380169 0.138229871545203 -0.00922192286765961
0.0435188545865389 0.0791436988980549 0.118880073926026 -0.0181699101746576
-0.00427480341162591 0.141357933895158 0.0711351616933113 -0.00118111527206083
-0.13358597785594 0.140584691424334 0.034091625318034 0.00224286686148895
-0.24281019346774 0.0245501074812278 0.00997123649358328 -0.00375205985173736
-0.252753276787646 -0.0527328744384442 0.00177983987142519 -0.0143101828138861
-0.247355762681985 -0.0362979478118692 -0.00188738385416124 -0.0204256537044914
-0.195828784688686 0.050664825344416 -0.0206619262147311 -0.0346595125385076
-0.103518336201959 0.114497277789351 -0.0797586459088468 -0.0614663152410741
-0.0406775987515153 0.127534428416045 -0.14726867371146 -0.0688820736826085
0.0178652066905887 0.116075916694392 -0.170543023422342 -0.0461266538995214
0.0753714351823765 0.106983644157086 -0.127705983066766 -0.0275863802257954
0.100463211658713 0.062433346076139 -0.0932654840849255 0.00121418957741071
0.143734763630559 0.0883916464001026 0.0641757940469043 -0.0332914107862996
0.133184437047498 0.17515157956557 0.165447771914824 -0.0466288053639241
0.0270852216179737 0.23198350857701 0.214681544549811 0.0165383531933489
-0.147725510745006 0.218898969672839 0.118195450277805 0.131398142937548
-0.274206040209347 0.0396009297405631 -0.0741780631072353 0.140587354178314
-0.260274913664947 -0.102949638461128 -0.131669219675635 0.0239002715643156
-0.22621135948629 -0.132696262215902 -0.0951280268969193 -0.0483813932454954
-0.231974245474501 -0.0476136150491132 -0.0860693931976486 -0.0363417408154698
-0.203771429663358 0.144511762705756 -0.102387496557556 0.0343918524448127
0.027736005575752 0.304888071354997 -0.0756449958866393 0.0888187639464647
0.314112244876145 0.164566867073065 -0.0688699868850993 0.0484278234906972
0.269175033120742 -0.136329789341736 -0.102245909396485 -0.00232750861218106
0.038946727927309 -0.199229576643408 -0.0926044027368928 -0.00157259267733721
-0.0179621750375923 -0.0516793978086137 -0.0567654501779871 -0.0245592245382861
0.0288136534585281 0.0112458764699651 -0.0926062496334712 -0.0139561979913604
0.127066694248762 0.0935750535225767 0.0256825616429463 -0.0807515445925353
0.0929892123669032 0.156319090673299 0.17673783314984 -0.0544954978844835
-0.00565163881225449 0.160423467742598 0.168018515759477 0.106112924238189
-0.129052267649591 0.107771557905104 -0.0501555272200591 0.199381139826473
-0.202702327911557 -0.0614677316603909 -0.252230155286357 0.0926582193802968
-0.16948146976915 -0.192525147124335 -0.253184574137077 -0.10158140024732
-0.137216606036731 -0.191776494857672 -0.157243853025863 -0.165436102193531
-0.174256450528372 -0.03262805337892 -0.160118374151391 -0.0511743536628037
-0.100429797799739 0.2320296790547 -0.148269004933459 0.200506103522939
0.211812855426541 0.333918307040308 0.0687934528986216 0.264714147304375
0.478573316888749 0.0546639131671874 0.10994447133845 0.00634869004413931
0.334577610194298 -0.314269225265973 -0.0818588004965058 -0.0728673917930846
-0.00659058927957452 -0.360720221389794 -0.0708540136808845 0.0765749534610756
-0.105799727767386 -0.143258274909946 0.0407983295896181 0.0597993877463444
-0.034008593298238 -0.0216308005820216 -0.0460118140859295 0.00580708865796729
0.07149179010897 0.0635951356452556 0.00356758388469424 -0.111574523240957
0.0397049649380164 0.0804590833892015 0.164813494634527 -0.0126710295438013
0.000389154948384682 0.0537492856560891 0.0361578825480595 0.160454217276273
-0.0249685661962493 0.0280291704229567 -0.191305676128251 0.0946197857040903
-0.0582993747062512 -0.0374280248280716 -0.252411147680106 -0.0607497520418929
-0.0499986348755761 -0.119700037160125 -0.236543760798483 -0.219016472224278
-0.0486230106602567 -0.13637546534344 -0.160574144386121 -0.271049500907832
-0.0960416754554043 -0.0149347809889441 -0.212366217042644 -0.0588712982093505
-0.0124356555196615 0.173435485314653 -0.136349428435964 0.3600181452231
0.196372921059997 0.178278441132979 0.253038299710115 0.340466367147933
0.30239499174015 -0.0366702661918085 0.217928619233878 -0.118284315518099
0.179565010728539 -0.224596127249928 -0.129426681529686 -0.130544512722589
-0.033125856081364 -0.238837072390346 -0.0759296508221825 0.167991849570851
-0.098443134412712 -0.103983177745834 0.136456004501643 0.157732711433763
-0.0444657601247112 -0.0202656733055963 0.0160301352855513 0.0317371541052965
-0.000321767558728589 -0.0027966019414729 -0.0370300905734558 -0.031271576618912
0.0151629951605887 0.000531976830085729 -0.20138379448038 -0.202776310698721
0.00727143921235815 0.0215564782983917 0.0588035575611227 -0.249905027687772
-0.0119806012937431 0.0232021401098917 0.192077852506843 0.0944941064167867
-0.0223690937681079 0.011187030299359 -0.208515432420363 0.199023384947306
-0.016870601276677 -0.0110030347100542 -0.355429595186251 -0.308489891002452
0.00769388022866594 -0.007815121123118 0.0940451222772876 -0.432448122215428
0.00163518251201434 0.0129818605907347 0.245940548155813 0.0355159038460028
0.0071847130640387 0.0147513748345792 0.168516954272157 0.324784317928154
-0.00209380232792862 0.00607772524182925 0.203352007075744 0.267908516445719
0.0082926295006295 0.00407796064221377 0.209211579873644 0.124717080721317
0.00383102533787281 -0.0123406892900044 0.22678732423346 -0.0113976222693642
-0.00268032729064241 -0.0040565341209369 0.0530854876282556 -0.177262341291887
-0.00525930895648436 -0.0156966782586754 -0.167046131873047 -0.0228346090164897
-0.00881837312315053 -0.008953193186265 -0.00397533208227955 0.131182549560026
-0.0462618076928159 -0.0316848300422119 -0.0117455474755342 -0.0131434091320631
-0.103719245224249 -0.119808201336027 -0.178772511449099 -0.149673330267709
-0.0436901328713435 -0.238089586097905 0.0338583416448323 -0.205745179007675
0.159654548241402 -0.222379262526879 0.166600241762923 0.0687009165433509
0.28279827865177 -0.00212326394272028 -0.18133702114459 0.165789871832937
0.171553516682302 0.177904344048144 -0.3160005244359 -0.28298255539703
-0.0239537847848872 0.150674607564643 0.0946829852626414 -0.377816863781431
-0.0920199026336017 -0.00950665202750267 0.230966513089121 0.0366440675373324
-0.0387725729173419 -0.107298934888637 0.1563022960331 0.300623148825338
-0.0456300324717824 -0.0887465229464451 0.204250021633832 0.267393320115158
-0.0443310296635404 -0.0230598680879826 0.236002039579348 0.116790928820284
-0.0099685650814045 2.73057339145602E-05 0.221657570724222 -0.0454264996866122
0.00436963699611136 0.0284202218763223 0.0204523794835424 -0.175445559150424
0.0227121265824671 0.0381790603435234 -0.172954353922932 -0.0126464849963852
0.054164390003079 0.0370707848177976 -0.0060996499540658 0.128444307656914
-0.0447915883198305 -0.0382496812313273 0.0525826163672028 0.0131581791659531
-0.152076947066146 -0.161990121934265 -0.0788324635582008 -0.0519604491004216
-0.0823909660241502 -0.377526667037389 0.0189516416084178 -0.104438883796501
0.261972005237546 -0.392007802467022 0.100328222625798 0.0188206629266016
0.488297874363129 -0.00505632768435354 -0.109117503304013 0.0453986998270675
0.267219699983383 0.310094493190063 -0.158103544076559 -0.241902226616169
-0.08362237737956 0.235158463128128 0.110614490427148 -0.238363403787086
-0.176546994463995 -0.0309216105193397 0.177329291586725 0.0310789306034942
-0.110733805391703 -0.192958397361946 0.145647892387119 0.200234775033013
-0.130839494563063 -0.193814491054627 0.2275237364232 0.193835125679984
-0.174481681160915 -0.0777183402020179 0.275906902096468 0.0128804437822384
-0.122600878916977 0.0485851646300374 0.146653964695021 -0.166062519224434
-0.0268754401032372 0.127072794561565 -0.105889417084497 -0.165375824346293
0.0585955333594505 0.122334243267122 -0.186427819026337 0.0181300193408662
0.11038774209104 0.0768787947386529 -0.0260576155336994 0.103485509194631
0.0196372237669913 -0.00935946196920787 0.102202879099873 0.0254792822623204
-0.0672507556483997 -0.0846346863901694 0.0460745393874585 0.0194833755305158
-0.035035011757395 -0.257549531574551 0.0520451132802401 -0.0202090022871681
0.235658694137845 -0.272940802061973 0.0630863015938449 -0.0426740952005347
0.391654864463513 0.07241732823705 0.0127587500336683 -0.0686277324461882
0.139699783577259 0.320433020379408 0.0189492962309538 -0.136659763184628
-0.175096466337192 0.185824828610085 0.0931583054804482 -0.0847569055241155
-0.2347225871057 -0.0457858461672111 0.0957808100617021 0.0121722584487981
-0.202910348721294 -0.176715814062963 0.0972015524921858 0.0624704984918946
-0.237538163667168 -0.182389964014245 0.154026903330426 0.0382097296082113
-0.297501319077113 -0.0413534229723338 0.141261648009012 -0.110200555788063
-0.222749651087209 0.157219249209699 -0.0394495779776547 -0.19903546150856
-0.0358565141715204 0.233294206670749 -0.205621765169001 -0.106169022945143
0.0953975790098752 0.178593831622634 -0.174943491160392 0.0169758622192941
0.134252404298581 0.090086369817333 -0.0608606105263009 0.053817387367329
0.103856437232422 0.0439818621818605 0.100734517729651 0.00802831657167384
0.0795726075734324 0.0708530272149294 0.130585541082824 0.00698154335727925
0.0446843247719958 0.0576062761602615 0.140139318049603 -0.0113749773132944
0.045112219980536 0.0795175689680888 0.11902652567273 -0.019389724693326
-0.0018457778182298 0.142525356979716 0.0708825521533798 -0.00240228046059851
-0.134117891004934 0.144093629408331 0.0326152567090335 0.00206160645028317
-0.245820515174413 0.0281116070515724 0.00959376174573042 -0.0046456073344513
-0.258414134164325 -0.0505094606919779 0.00114129995492571 -0.0143471046934186
-0.251984365969972 -0.0331241042679857 -0.00173753237945595 -0.0214014208750807
-0.19927210522746 0.0529991333971832 -0.0198149960858971 -0.0349426846669251
-0.103772455977772 0.117398575594362 -0.080344721451042 -0.0603828044208834
-0.0393263854581911 0.131425885991195 -0.151784522017092 -0.0663576517989497
0.0198965231241249 0.117892006506921 -0.174628966729945 -0.043959774264575
0.0798771912138263 0.107345987798891 -0.13158694596892 -0.025448352896309
0.104053096847206 0.0625026030053571 -0.0939894358947555 0.00259764862279791
0.148291665068492 0.086210433264368 0.063570426381039 -0.0347531020837199
0.13951002986752 0.175607723675729 0.1672430810003 -0.0505004481570385
0.0329193224818297 0.234847383491044 0.216457813647431 0.0119345273557784
-0.146584273570138 0.225878034096435 0.120678439092277 0.132594953156261
-0.278033464135124 0.0454551693266713 -0.075335264552989 0.144362350965092
-0.267457756141005 -0.100848050714628 -0.134932480299364 0.026380906904374
-0.231065914663291 -0.132887621413809 -0.0993498363881883 -0.0472299178962041
-0.237013807317645 -0.0437118221251962 -0.0879427604034023 -0.0364432788345825
-0.203765139658301 0.148752577572598 -0.102981511710601 0.0367418775600274
0.0333597749473933 0.308962335610507 -0.0746257539406305 0.0914800611155886
0.323361535420127 0.159901329058337 -0.0682679627918675 0.0509123489964419
0.271502326155625 -0.145181024156323 -0.105201990890319 -0.00105941740270155
0.0356924370337007 -0.203068862780098 -0.0945752619845141 -0.000641228841983956
-0.0190097093291095 -0.0519930109792052 -0.0590119633473087 -0.0247818004039901
0.0304315298165852 0.0125898179125651 -0.0938135326430068 -0.0128767830678595
0.130932844630152 0.091863026757049 0.0238449535052298 -0.0821783231391007
0.0986646272340311 0.156136738056296 0.178086760825007 -0.0600817264010447
-0.00200177858781937 0.160968230443164 0.171823050178268 0.104531240548516
-0.127109674046492 0.111201679407998 -0.0480880772218525 0.202909256967227
-0.207101789660602 -0.0559946524838329 -0.254521853283953 0.0991514855562368
-0.175333514173281 -0.192326285029385 -0.261196690103682 -0.0989178207710952
-0.141657285319773 -0.193359767873266 -0.163173240427573 -0.16575677756851
-0.177111562730331 -0.0299682421696595 -0.164687981404403 -0.0495617322033525
-0.0984264554968657 0.235886051489881 -0.145831694356018 0.206811163805713
0.222395642226118 0.335857044590924 0.0752489587068899 0.267969635995136
0.486973692968645 0.0437863343567709 0.11240264301175 0.00490798316601862
0.336515225603663 -0.326413152317921 -0.0854698083294987 -0.0726850256957003
-0.0137690558280676 -0.366513204501358 -0.069941812740461 0.0786856260112939
-0.111403064720164 -0.143213291277034 0.0409519738539016 0.0583964112867136
-0.0332786205351495 -0.0195823568050715 -0.0466210058576798 0.00627032807481796
0.0741366618526911 0.063561354005761 0.000447142655447429 -0.114034082878918
0.0420633961542791 0.0800492108695942 0.167548042877509 -0.0163173144967105
0.00309614885597301 0.0529172085211327 0.0393326722511016 0.163124989169014
-0.0233744046176227 0.0293747129617453 -0.19226184363122 0.0977746003826288
-0.0591213088547494 -0.0367284283998059 -0.256593706139302 -0.0565631264516363
-0.053031264797073 -0.12034115384965 -0.244902645248079 -0.219269367622111
-0.0506549670963336 -0.137185519210584 -0.167531975273948 -0.272762063834152
-0.0976410360280395 -0.0134461124479714 -0.216696473315756 -0.0572275590585051
-0.0103201277112316 0.17579620252765 -0.130567836925063 0.369500393949017
0.204072004784281 0.178614229419267 0.263981863196007 0.34089682678843
0.30696638374417 -0.044076584076149 0.218305123435904 -0.123817948415729
0.178694360020068 -0.233161289668638 -0.136510880669984 -0.129685297528918
-0.0386224791908091 -0.241455867719603 -0.0736427245737261 0.17272126502204
-0.101511302039833 -0.103249118052399 0.141799403305068 0.157292348678509
-0.0442506420481033 -0.0185182951529731 0.0173812164808378 0.0301622192654686
-0.000113553462449996 -0.00242346483970725 -0.0374785777621182 -0.0287732728816721
0.0156729956577706 -0.00103886351644759 -0.209767344662905 -0.197197653138131
0.00799262220200932 0.0204364924407058 0.0504807780763286 -0.253289674488482
-0.0104056625995655 0.0223826924601119 0.196129581728787 0.0892843933782755
-0.0235011613555369 0.0118204813894996 -0.203290914626254 0.207478403404805
-0.0174803224786002 -0.0101365254765193 -0.366299731435461 -0.300895682912713
0.00822591777519137 -0.00777061093283505 0.0823200386355984 -0.439978275182622
0.00195120166529281 0.0134542651702112 0.247927730758344 0.0318089133734666
0.00827272921191714 0.0140503915267219 0.178415956762906 0.323042204081178
-0.00178436868107615 0.00591532061714191 0.21142203597618 0.263726578213264
0.00845577280944438 0.00293010601166874 0.211997463899497 0.120992897442165
0.00409919677642931 -0.0129714771295721 0.226438940874441 -0.0151593877763111
-0.00251823246519122 -0.00449688717832882 0.0511005020935015 -0.17870121578109
-0.00580272198010059 -0.0160892037633955 -0.167792430062296 -0.0195125398439313
-0.00840805790289498 -0.00776280775711236 -0.000799275466257921 0.132702793390669
-0.0470001749687049 -0.0300784504719897 -0.0117046394297597 -0.0119625051171055
-0.108030868089246 -0.11657010182206 -0.184636531037725 -0.144093798280963
-0.052103343153747 -0.238602913307452 0.0263409055312414 -0.209442922608322
0.155333284673655 -0.228864576393313 0.169519093310688 0.0638675599325934
0.285740006012121 -0.0105034832879369 -0.178900800994065 0.172462835522596
0.179206167426264 0.174522213483785 -0.326666392803218 -0.27842445445747
-0.0204221194112976 0.152416969213084 0.0849515323579159 -0.383124647545948
-0.0927793343462374 -0.00663595110710291 0.232224972415913 0.030879360796078
-0.0406866377666084 -0.107309283416852 0.166427555168142 0.298564464372169
-0.0481333788400039 -0.0878836741090091 0.212274051972093 0.263044081221997
-0.044059957586578 -0.0207213431193902 0.239105590095769 0.109471767373826
-0.00958472497883907 0.000266927099348939 0.222314587663594 -0.0499249658502026
0.00645022054057022 0.0266367744585035 0.0164051497465775 -0.177118982844421
0.0235882346854161 0.0373583546448305 -0.174109511980167 -0.00856886018613849
0.0559568436174894 0.0363666155976135 -0.00249659708490181 0.129118615494901
-0.0452712110934404 -0.0366328212319998 0.0525144131579611 0.0125220085207981
-0.159215900165111 -0.157794096000691 -0.080538318070293 -0.0483993198369741
-0.0953176919110646 -0.379131893879043 0.0162849300139649 -0.106225160006617
0.252938208034071 -0.403236511494048 0.101028845430998 0.0152371748273313
0.491337212580715 -0.0221670348839729 -0.109134709068769 0.0480146597417951
0.277797656506628 0.305880074760452 -0.167125063671429 -0.239108458059295
-0.0778068174679081 0.238561970713314 0.104596023407086 -0.243253348765191
-0.178090673792645 -0.0268036399755923 0.179626145297299 0.0262699052213713
-0.115951428456344 -0.193005657629516 0.152215984551454 0.199509323412665
-0.136499181002614 -0.191288775340545 0.235641239905803 0.189844842613775
-0.176684370694033 -0.0716235996136049 0.277661740593583 0.00493479344251479
-0.120470361487173 0.0518312995554584 0.144462227735293 -0.170313576170989
-0.022548343450052 0.127453940694579 -0.110970053226844 -0.162409471553934
0.0619475342673806 0.120293415603486 -0.187466347233299 0.0236834090323617
0.113462375162668 0.0736855921408903 -0.0229874164538354 0.103540863629977
0.0205363167566065 -0.00983799083142184 0.102961293468723 0.0225339348584007
-0.0690532318250512 -0.081022106129608 0.0491786805538473 0.0196783246093258
-0.0437047539583546 -0.258219284297699 0.0527608121273971 -0.0209983087568086
0.227049273842093 -0.280587245947011 0.0619124321205563 -0.0441636290905383
0.397336550977857 0.0619953204175097 0.00922440240497108 -0.0686947971627954
0.149684060389104 0.317094684085705 0.0137234783934306 -0.13817498689239
-0.171103034428572 0.191611622255401 0.0908124828836032 -0.0868290676762637
-0.238390117474004 -0.0407403515755714 0.0970795140742691 0.0104874060629705
-0.207362982868749 -0.174091176769665 0.099925552561056 0.0602518453876465
-0.243567471912748 -0.178302452881744 0.157806174255701 0.0350108786554085
-0.301336385113724 -0.0334931269816217 0.14000069909671 -0.113798309132235
-0.220321193617403 0.165162791837145 -0.0451142891728717 -0.19920766099279
-0.0293186435439933 0.236034264222494 -0.2098477219913 -0.102087889889238
0.101366548513695 0.177093090318259 -0.176553307686409 0.0218436223099166
0.138706576220411 0.0866857230848207 -0.059837007273737 0.0560588927493725
0.106637688697548 0.0407162853203295 0.100864257971835 0.00541719972225718
0.0832420947510822 0.0703964876692753 0.132511769216398 0.00284408289335485
0.0462168327368224 0.057850494908669 0.141227969665609 -0.0144549629238406
0.0461977050703862 0.0798217371573341 0.118170075032315 -0.0222209136058736
0.00117777713276635 0.142928117150572 0.0686325827731054 -0.00454922442569295
-0.131096048242892 0.147019514777392 0.0318438193935391 0.00221000841115914
-0.248001363278415 0.0341782824193009 0.00882529825330233 -0.00479380150663256
-0.262119556492128 -0.0448731478373347 0.000746228836080019 -0.0141885243839744
-0.254501287407827 -0.0276931073169547 -0.00193049567006536 -0.0211561831683366
-0.198921198729394 0.0577126065834314 -0.0202006220811545 -0.0343592264442483
-0.102083887024928 0.120098082829601 -0.081335292748452 -0.0600592972000683
-0.0378564245052671 0.133726958506351 -0.153729678742345 -0.0628823142069037
0.0227952929741527 0.119666128931404 -0.177866071751477 -0.0397449209709737
0.0839525748709944 0.105975966754481 -0.133355947147317 -0.0222799942277325
0.106706386917076 0.0603469387399017 -0.0941241849041844 0.00597845038345458
0.152224748002678 0.0824130647157017 0.0625753025222222 -0.0361053920282886
0.14677334515554 0.172968067440936 0.167231363791843 -0.0562033662472556
0.0417517009134214 0.235585800609253 0.218639589375729 0.00592908960434286
-0.141530119405979 0.232344460057225 0.124621880781122 0.13117820187358
-0.280159852037485 0.0545386921782743 -0.0725915329370701 0.148225247206669
-0.272087311673675 -0.0945422245736804 -0.136401114262744 0.0301202336863258
-0.235666025478345 -0.128977712170613 -0.102299858628494 -0.0459549816934159
-0.23941662420784 -0.0376192094505363 -0.0905514757222785 -0.0352507724302291
-0.20262533247827 0.155563316265539 -0.101311728013038 0.0399837230010277
0.0413723629966217 0.309323089805125 -0.0727330202044698 0.0938178809530465
0.330778023818662 0.150509249472635 -0.0662057708335769 0.0531196257062888
0.267936470386588 -0.153826368365755 -0.1066741413134 0.00123467832856924
0.0297271974844355 -0.203931820915669 -0.0970755527186484 0.00134951460529305
-0.0193529357708867 -0.051696988407478 -0.0610142745360934 -0.025286021005666
0.0319708449187431 0.0131744880557224 -0.0945786346247121 -0.0107777775715447
0.13506712885074 0.0881707436847721 0.0219327895026479 -0.0831607584264474
0.104689151133545 0.15457837626835 0.178699698970932 -0.065722119884701
0.00361266678179662 0.160294218667218 0.175458992103385 0.0999697962881588
-0.122849525898628 0.115617536614271 -0.0440701110830291 0.204565753958828
-0.209037110046041 -0.050343383354776 -0.252229526790671 0.107375522668427
-0.181771879394222 -0.188014303221314 -0.267101195698862 -0.0935595003200966
-0.14644900166572 -0.19172139758034 -0.169956119277092 -0.162876833996052
-0.178960903541722 -0.0259933137416856 -0.167848553646116 -0.0472183260545572
-0.0925052116785548 0.239834103015215 -0.140403723642726 0.211634694905399
0.233941297175896 0.334274839901979 0.0838108785435771 0.268078504575033
0.494136751353711 0.0309312563059244 0.113162721068757 0.00224338003406744
0.328092583131116 -0.340054160768379 -0.0894885851274392 -0.0708598681866758
-0.0248796949680281 -0.367471122657977 -0.0694361131914578 0.0803773539749339
-0.116361304743214 -0.140459520449144 0.0419713682226601 0.0561022609135537
-0.0327648942852352 -0.0177025386682903 -0.0470577040825723 0.00673056052702392
0.0771012446255784 0.0624754218885389 -0.00400045777110677 -0.115181710225874
0.0455777556403106 0.079102496824095 0.167825299606505 -0.0215445414218203
0.00572531559900982 0.0514734089883099 0.0431026241732799 0.162775205551474
-0.0206896112087764 0.0296497320716053 -0.192007362222864 0.1020898924654
-0.0591204697160271 -0.033799325557706 -0.25842549153846 -0.0500239213791656
-0.0561316975076784 -0.119057231503309 -0.252576539251375 -0.213594576229794
-0.0538625112167957 -0.137877910636923 -0.176157656624953 -0.271058130909463
-0.0980592421784626 -0.0106924296037069 -0.220254204748797 -0.053079099161902
-0.0050647528122595 0.177052471113579 -0.1208779760931 0.376080195889374
0.210432010735401 0.174965774376864 0.275229354291946 0.337762962060804
0.308064460789717 -0.05464365924154 0.216439755520569 -0.131226149520676
0.17353682252967 -0.24034361428062 -0.143470849611601 -0.127139016674598
-0.0455682611517628 -0.241256043587558 -0.0695579574277271 0.176155497840929
-0.105431716675476 -0.100996781880513 0.147481356043023 0.152881570481231
-0.0446719067374572 -0.0168314281269642 0.0177758444698867 0.0288455774186741
0.000443376494428671 -0.00117984977715854 -0.0385842191230805 -0.026535509763602
0.0158040488611907 -0.00105706241108297 -0.215648883014868 -0.192278657275569
0.00937473098806823 0.0216920910138382 0.044331247636161 -0.257051175258644
-0.0103924008260489 0.0231480899851249 0.198861809857071 0.0849255160992976
-0.0220974642490692 0.0131366306462581 -0.199268088752329 0.213242314584601
-0.0182232330891046 -0.00968597067904456 -0.374423215569293 -0.293003249670192
0.00831193346883619 -0.0081650345767042 0.0740519821273063 -0.44295301227998
0.00307202015503367 0.0137992244522286 0.247575745612985 0.0260439866106995
0.00811354710870414 0.0127735424938974 0.187271079365065 0.320676145772031
-0.00235714275772634 0.00697668695905696 0.216572606192457 0.258737471543795
0.00825440675999631 0.00325570770069401 0.213124629176095 0.115763269795777
0.00348313470128547 -0.0131257818114354 0.225962595890241 -0.0195805307951996
-0.00154936260651101 -0.00445528026971773 0.0480265800989245 -0.18076996050769
-0.00652099692821848 -0.016398987004633 -0.168146019376504 -0.0168921740099574
-0.00831968306319598 -0.00669145940362248 0.00385628575356614 0.131732075949774
-0.0472849848333995 -0.0281494066431315 -0.0121775653118122 -0.0108222183137342
-0.111073713332932 -0.115090581543063 -0.187370240828628 -0.138177319250509
-0.0594386661454831 -0.23772316085761 0.0208063141430948 -0.211764708333116
0.150899229746453 -0.233608397265061 0.171986235535553 0.0592282916013611
0.287475624036701 -0.0175661209308215 -0.175751178819193 0.177009864095385
0.18338313799443 0.171127661236064 -0.334479351744912 -0.270516413588096
-0.0171540779782132 0.152305846049814 0.0770195770553951 -0.387688581547845
-0.092856227349924 -0.00496095796310139 0.232278432811484 0.027075466782034
-0.0420002674669308 -0.106929198874666 0.172377117169449 0.296436659132383
-0.0502622187901972 -0.0855892395882069 0.219491691497044 0.257760727645148
-0.0442295998902456 -0.0184457700636337 0.240533940288514 0.104425477742355
-0.00871433152556209 0.00077020436385877 0.220882122746501 -0.0535995084820221
0.00708908023048611 0.0243804149311647 0.0141756383375584 -0.178291997005353
0.023867609329923 0.0366261575096012 -0.173802140576604 -0.00523308868220369
0.0568530735271307 0.0355940019405917 0.000279052252487278 0.128074397945154
-0.0460643492166355 -0.0357598127556946 0.0534967434171078 0.0107842848164182
-0.161926118068821 -0.153976830669147 -0.0806125875284589 -0.0445466518736725
-0.106851063886816 -0.377288228382462 0.0135500706800135 -0.106756764520278
0.243784195937831 -0.413078726540045 0.102070503483919 0.0125335863508162
0.494932472125832 -0.032553090065035 -0.109336190811535 0.0502780563836912
0.285490261770148 0.2986918479357 -0.173592641241665 -0.236949638288713
-0.0726755028246134 0.240313639113315 0.100212505195562 -0.246382676536736
-0.178802686468692 -0.0228569727698256 0.179886602327208 0.0232762583464523
-0.11940389406363 -0.191026458527206 0.156191287017667 0.196363442478352
-0.141244932639262 -0.188266058119139 0.239803860794861 0.183478669963396
-0.178385405301127 -0.0669607584256881 0.278894321248194 -0.00232405541560928
-0.119197736741175 0.0543473875834 0.140880223116555 -0.172515620499636
-0.0191932292244672 0.125945627655802 -0.114031546697865 -0.160182341964171
0.0637948360417595 0.118821197370423 -0.187255505466999 0.0275379281182253
0.115155597561551 0.0725504542075032 -0.0200184141475185 0.104503194109
0.0214981362031555 -0.0104229704938895 0.103068297654314 0.020641718415171
-0.0708904583170293 -0.0789033126977635 0.0513754425948563 0.0195478060209348
-0.0522914415487072 -0.256708106260571 0.052850946219398 -0.0213342057280498
0.221001999111403 -0.288757191302592 0.0608935241377908 -0.0447214524361776
0.400556007291252 0.051231507658554 0.00653672233044169 -0.0692566604393717
0.158213364005926 0.31568416132219 0.0103752540149554 -0.138603257770576
-0.168206672125452 0.195019828725992 0.0883313516210275 -0.0889908180022587
-0.238695672874648 -0.0364288828700321 0.0972168282260263 0.0085733575524314
-0.210804810766619 -0.170929252693232 0.100740347884706 0.0580837868123412
-0.248428679074156 -0.175563627575719 0.159928055174463 0.0323658763990144
-0.303840167887051 -0.0263110460941283 0.138769516478192 -0.11841245627412
-0.217915928160466 0.170308233469592 -0.048300381520065 -0.197156940702751
-0.0247306327101847 0.23597105144276 -0.212998808590172 -0.0969662958853413
0.105910838268569 0.17577402280581 -0.176546303530398 0.0252381348611283
0.141681450787898 0.0831098578506333 -0.057678455252245 0.0565009194388069
0.10784419522776 0.0383674754051172 0.100724278989173 0.00390704591605705
0.0858331991047133 0.0694093843177443 0.134708206732589 0.000228894940588815
0.0469240100536545 0.0573689547589503 0.141129001554233 -0.0166219288252368
0.0469072513109004 0.0802501461208321 0.118029336213883 -0.023129117920578
0.00389925184094324 0.142950677647077 0.06652010201131 -0.00465116628762897
-0.128534419881673 0.149044099946482 0.030179347011027 0.0011172823867306
-0.246604657794444 0.0383716688534676 0.00730832046243596 -0.00570259398851669
-0.263046701967345 -0.0387628298484223 0.000425886724105062 -0.0140103263398155
-0.254709586883689 -0.0223310519439735 -0.00152019231940557 -0.0215284279283818
-0.199967479943057 0.0597321535040158 -0.0196246242438544 -0.0345667206230053
-0.100738409831234 0.122782074174443 -0.0820416777586003 -0.058363156915716
-0.0361702035290224 0.136033369987371 -0.155909708277245 -0.0598351681732746
0.0248285444380482 0.119827363532772 -0.179157652556712 -0.0357943287935336
0.0870289923318989 0.105851545809966 -0.134527265590319 -0.0197003178387843
0.110078431570981 0.0580449748099572 -0.0937645572994523 0.00806220438340662
0.154640478940081 0.0783260173473775 0.0611092439165931 -0.037702460724795
0.153092830706233 0.170493448924351 0.167690737583152 -0.0608726391182486
0.0473944691871923 0.235190510393227 0.219626123578504 0.00195248257236683
-0.136424464204568 0.236631499427497 0.126840927109165 0.129250327585845
-0.280639276632584 0.0611733906771321 -0.0710351626309116 0.151552590925844
-0.275941152504198 -0.0895260832847768 -0.137375616373233 0.0336047930448084
-0.237100990377139 -0.124627939014533 -0.104736533055054 -0.0446390346798641
-0.240645294202189 -0.0323650004863801 -0.0927230854369933 -0.0342919352036167
-0.198892881222786 0.158489126189648 -0.099499844117643 0.0411129336684679
0.048075999484988 0.309775805174504 -0.0702399847402349 0.0955499698296387
0.335107300747683 0.1426076318149 -0.064770072979206 0.0537956296466252
0.264849098198614 -0.160738400851094 -0.107976085461157 0.00285437768869264
0.0238271188961229 -0.203538132005904 -0.0984277830157995 0.00311358178608171
-0.020893415694714 -0.049978444018567 -0.0637145857565258 -0.0254630020296699
0.0337470495166126 0.013422326682967 -0.0954813016699712 -0.00944948251404749
0.136009651074158 0.0857392596463076 0.018982085604834 -0.0839147496740101
0.10941671602414 0.151530066020793 0.177355138977273 -0.0713729754284589
0.00755391282862817 0.160759545930345 0.177528368485031 0.0970822418474829
-0.119791191322349 0.118637558964043 -0.0409001263131998 0.205922214078569
-0.210492783668136 -0.0441720963294639 -0.250507338076004 0.113432259678429
-0.185823090247986 -0.184333269847407 -0.270250901312352 -0.0885590263771422
-0.150131169862936 -0.189190056323807 -0.174850851871823 -0.161495209303331
-0.178309017111701 -0.0224710846022215 -0.169791128573549 -0.0447910944672419
-0.0874794788930825 0.243140457683484 -0.134270673091385 0.214620766743552
0.243013631042127 0.331106603650179 0.0887408435667532 0.267417210332796
0.49749381095158 0.0164102230083822 0.114607965122148 -0.00067473128385614
0.320498193090729 -0.350125040979804 -0.0940369545189509 -0.0694576539528912
-0.0339852941363438 -0.366619118961815 -0.06911660344082 0.0815625509984886
-0.118898888402228 -0.137296353460243 0.0424553737845582 0.0533856009081031
-0.0320040739054352 -0.0149288913112871 -0.0470726276430455 0.00728128888932307
0.0793532477424219 0.062039756188382 -0.00700212654086348 -0.116187188567528
0.0473565252723968 0.0770614524122477 0.1667523142208 -0.0266368910497762
0.00806441183650223 0.0514596862233575 0.0455936452860827 0.162182603290351
-0.0184768586390617 0.0303648359275205 -0.192126771930701 0.104529097896132
-0.0591699929011803 -0.0320705639581452 -0.258316075607822 -0.0452224262274868
-0.0586606440853272 -0.115943797689272 -0.257924021006209 -0.208101386653431
-0.0561835046035049 -0.137171573563363 -0.182927403974991 -0.269576625493961
-0.0982982027579148 -0.00831354912720741 -0.222563343751496 -0.0506757692589373
-0.00103972620208621 0.178121243314641 -0.111844044644509 0.380109261042506
0.216531298388522 0.172050842109711 0.282493373536044 0.334270706977236
0.308263628583104 -0.0621010132392574 0.213709363920646 -0.13645251882832
0.169076555344222 -0.24590455328893 -0.147746480919166 -0.124326420821381
-0.0514774790996227 -0.241387750566555 -0.0661039101604753 0.177990589276388
-0.108490774979992 -0.0986050229833192 0.151101059077403 0.148015020362756
-0.0437979766117923 -0.014204451521474 0.0175232289960891 0.0280100114136035
0.000582071481792596 -0.00221683891875474 -0.0404425243075111 -0.0229016759738756
0.0128394750112797 -0.0055505053412931 -0.230934744994053 -0.170077994006134
0.011445602812518 0.0187144932854653 0.0216408039676395 -0.258786170778539
-0.00641677145386312 0.0253153632705148 0.204671667651651 0.0690454262385808
-0.0220177896727915 0.0177978372025725 -0.182959210255557 0.228332698247956
-0.0215218978085256 -0.00922194917997972 -0.395934242803535 -0.26515127586787
0.00687837269273766 -0.0103420431929837 0.0408913496254135 -0.450868770071255
0.00441107311964882 0.013128882057813 0.249843489438477 0.0101194642120862
0.00773239938946295 0.0109560973651876 0.210549737030845 0.306915874501942
-0.0043420476499366 0.00628096747625151 0.238037556009476 0.24115633174915
0.00727829687952557 0.000921434967518998 0.220755915495687 0.0997969205542792
-8.87783073469997E-05 -0.0130145801035036 0.22700505934839 -0.0365288371913228
-0.00421201239783886 -0.00173997906517823 0.0345002485503744 -0.186364801582022
-0.00583761068575334 -0.0137972766401654 -0.169499373430172 -0.00349677649682522
-0.00808239367255158 -0.00733976114971894 0.0149559130966502 0.131095146569307
-0.0495393772526293 -0.0247576736569515 -0.0131155972940815 -0.00968256178367992
-0.122773408120219 -0.108176331738425 -0.198898394430525 -0.120744237553113
-0.0764311371344934 -0.232392856322274 0.0026289052565787 -0.21347848501902
0.133367432984754 -0.243925005479283 0.175558936483737 0.043935944869292
0.286064141831881 -0.0377783136952996 -0.160692468968737 0.189604724398079
0.192762221977478 0.155503658680443 -0.353891812560195 -0.245235147524469
-0.00731796572313406 0.153070630579502 0.0461415428344496 -0.39514757597849
-0.0932731770576341 0.00073747143033082 0.233707987375369 0.0117668230029072
-0.0520559935966168 -0.107488592572786 0.194951217361108 0.284990047817756
-0.0583378123578143 -0.0828141264128354 0.24038480499263 0.242460503860592
-0.0468823632318931 -0.0155244952514009 0.249073022050837 0.0871553030350095
-0.0115769012524932 0.000921203743799595 0.218908812696176 -0.0701567235561324
0.00963659169624036 0.0255585935748427 0.000331838401234285 -0.180634700338674
0.0290293456036608 0.0348484426460845 -0.176410090491254 0.00869934844495883
0.0614360859635188 0.0305402700713267 0.0104561176746791 0.127613468059442
-0.0471947969547372 -0.0310051608935827 0.053863902819304 0.00667196777212616
-0.174523733136144 -0.141156621154088 -0.0837867021807453 -0.0367764476358111
-0.136244543247521 -0.366317127511097 0.00497951475341604 -0.108776571776029
0.210202811419888 -0.428180225565324 0.104265832721278 0.0020280387484404
0.489172390896955 -0.0714551649829114 -0.103461247832842 0.0580713261892564
0.306171410836276 0.274823630456968 -0.19176063288329 -0.220874939325079
-0.0560726037601298 0.243385051294461 0.0809206476810256 -0.254141459416121
-0.180221666403366 -0.0100000557636259 0.181282048863914 0.0111167616961596
-0.134294991840897 -0.184419257968971 0.171018558021491 0.186645169924432
-0.157107028468127 -0.180472263142113 0.257491304819345 0.166504491899235
-0.1879307297526 -0.0538103246286591 0.282356582681434 -0.0221950491507771
-0.1192475572969 0.0659487384058078 0.131563375525366 -0.186023324810026
-0.00802568248187044 0.129254603441246 -0.126852914167807 -0.154431544510214
0.0757562416751637 0.114886333002507 -0.187052156992875 0.0422213118158058
0.122937835148922 0.0625333512745563 -0.013229425040834 0.104971193039203
0.0210662942984432 -0.0110940166635877 0.103952726003532 0.0124409247311644
-0.0754127340004961 -0.0721478285027197 0.0532740223041266 0.0155315517988856
-0.0721085107675229 -0.250043728640679 0.051512505135109 -0.0263527215289277
0.19540800131861 -0.302280955139292 0.0583216838783048 -0.0492773765221129
0.401195039723769 0.0189487225759944 0.00168822078199949 -0.0683933040582297
0.180433528964073 0.297903049773618 -0.00154093463101806 -0.137871513812724
-0.152671593679196 0.206101372341846 0.0810341608528009 -0.0963794086829687
-0.243105277613806 -0.0192282412639734 0.0982862326416827 0.00237724725409597
-0.225748875861425 -0.156765827685127 0.107093294496858 0.0520808660644791
-0.264713447975582 -0.15768492826916 0.166229922799046 0.0204519268130367
-0.311479155676309 -0.00223812096446503 0.13533314921994 -0.130331810647236
-0.206462204714171 0.192277670693274 -0.0613465376672725 -0.197432009012128
-0.00213777982358207 0.242584822748972 -0.222490968289573 -0.082240529742866
0.12341868380989 0.16923325910481 -0.178918480355473 0.0387193764761195
0.150817469599369 0.0742211387437104 -0.0559868372348352 0.0607538203621714
0.111826378938819 0.0297150416156159 0.100405614661363 -0.00378063353893795
0.093758593677559 0.0629797531390261 0.135329917757458 -0.0106588974085065
0.0522482214401195 0.0548584633786054 0.140384200887454 -0.0262901292646119
0.0530468388278224 0.0772752170011636 0.114620290174386 -0.0295829757385246
0.0145285091458701 0.141288837310643 0.064332722031579 -0.00771538371843073
-0.116218191536375 0.158858678888209 0.0280856210474172 -0.000249352146281492
-0.242649726576969 0.0575427849937903 0.00490384308989743 -0.00721443480007812
-0.26706250774851 -0.0193592133434314 -0.000892500296299645 -0.0146292952255964
-0.257320914964942 -0.00513247528815146 -0.00177054320764263 -0.0218319489760931
-0.196750971377549 0.0735994814121512 -0.0191548419359786 -0.0343526694920818
-0.0940061040579735 0.132343186307836 -0.0852466784108193 -0.0542356793100682
-0.0247978284311453 0.143560098999593 -0.161110292365269 -0.0492364678599107
0.0370844588789914 0.122232892353695 -0.185528760361342 -0.0234319702729695
0.0991133838093712 0.101365328491571 -0.141104190182489 -0.0106950050245529
0.118178641520259 0.0517388227260117 -0.0955776022204286 0.0149717409996422
0.16064962630156 0.0659194386484526 0.0574185968179297 -0.0421759804636382
0.168307689703682 0.157003975888629 0.161223744764355 -0.0745997735405065
0.0671421354146192 0.229744687285366 0.21768106219869 -0.0135659827297272
-0.115853745761029 0.247884035259422 0.133792182482388 0.120480896150006
-0.275125492739285 0.0840875384853772 -0.0621770658164119 0.156706171093931
-0.281314300110569 -0.0674983715098887 -0.136406596684891 0.0428504003589758
-0.246866350123158 -0.106466202862065 -0.11005785148971 -0.039083776736385
-0.243162784901648 -0.015505235158502 -0.0961147057876176 -0.028341940049028
-0.188028365775939 0.173658242747027 -0.0947288506090891 0.0469676249177108
0.0715320213301275 0.308120624807881 -0.0634805157546385 0.0987771658182704
0.350386023260638 0.120205555880682 -0.0635956164004076 0.0578859982708035
0.257875140143524 -0.181250671042864 -0.112134928889423 0.0134217006359151
0.00958190475879614 -0.205379895858189 -0.0995957595078465 0.0136763275967823
-0.0240294505048824 -0.0460690843642361 -0.0671871892254382 -0.0200650417810276
0.0376750922746544 0.0129632657707652 -0.0969229968387169 -0.00243488024796448
0.142572958024344 0.0742185428738897 0.0119282165402465 -0.0861528192109265
0.122891384115878 0.140537540296998 0.169780016783347 -0.0856578283468458
0.0224191098712789 0.158120243333362 0.183045994178432 0.0828719988556188
-0.108406665955622 0.129262682108185 -0.0261664065402454 0.20669321815074
-0.212937917167356 -0.026054182457337 -0.241832006179108 0.129054630059974
-0.199832291146192 -0.167828519812708 -0.276642852639408 -0.0683290585616181
-0.164577003850278 -0.176622893115034 -0.188194848692508 -0.15023959257731
-0.179411244502864 -0.00911999285836712 -0.17387880177829 -0.0343875150088284
-0.0704146300491298 0.248922497408335 -0.116360137341479 0.223356485820408
0.268218700132177 0.311774471854992 0.109449282186085 0.260195696908234
0.502551601797831 -0.0177179162075012 0.111553801130298 -0.00880888717093384
0.300374558946159 -0.376645811295613 -0.104412937671988 -0.0568154448158185
-0.062621962966407 -0.367575919086629 -0.0602913580475562 0.0930472074749447
-0.131506343841292 -0.12901144090189 0.0499199835573335 0.05060415604064
-0.0313611300096984 -0.0112612242684569 -0.0461861143721825 0.0100799910519563
0.0841959577646182 0.0557318926490508 -0.0166999539788471 -0.114824925304805
0.0551846828854883 0.0715968593171777 0.162847383124094 -0.03995744305335
0.0130013389546586 0.0500607525469153 0.0562402098036232 0.157022510235046
-0.0159472456977099 0.0321796205522449 -0.1835499940457 0.11648677201043
-0.0626756173219307 -0.0257028167117498 -0.258320822289083 -0.0280757269230924
-0.0683431880401929 -0.109813610117596 -0.272223127248132 -0.188311257942829
-0.0669713418080604 -0.132005543124709 -0.202222634307036 -0.25875464293133
-0.0982323417168332 -0.0016317431776545 -0.2272613527814 -0.0366976327518784
0.0113734273548697 0.176440691263176 -0.081842887749652 0.387400395604941
0.228724926285645 0.154870981497229 0.309419209304633 0.311957176453843
0.304363692878542 -0.0844218795191673 0.203236397279157 -0.153092191576513
0.154440620718508 -0.258827060374825 -0.161815360029157 -0.108754706554018
-0.0687163331403617 -0.240747200657975 -0.0483193913499493 0.18749137411823
-0.11943788117817 -0.0930484522397712 0.167837501458168 0.135744417330008
-0.04398282820611 -0.0108452282981477 0.0216334022136756 0.0252166924843531
0.000245758818187689 -0.00278168098079787 -0.0398515518267084 -0.0214218725411757
0.0112760972420684 -0.00645039303301116 -0.238831975302875 -0.166419890419863
0.0129045369232152 0.0187560859831499 0.0154291649146359 -0.26304453113296
-0.00523725599748502 0.0262754859096464 0.210113592237764 0.0637860253091356
-0.0220002047893658 0.0188332745956922 -0.178811259814235 0.234423525350832
-0.0230026483218947 -0.00872594454845841 -0.406269106572024 -0.261517192592085
0.00566027621589913 -0.0116538784431887 0.0293566927927592 -0.456508225065587
0.00549542220014297 0.0133051513069812 0.252800946707288 0.00580031292745535
0.00813360211173379 0.0103045084337466 0.220095342682099 0.306341428928283
-0.00434093210237306 0.00696409499478534 0.244186151919257 0.237778340296135
0.00700284750690143 0.000652430179893479 0.222215875051816 0.0985450066908521
-0.000714317888537441 -0.0136135495464413 0.228393079568896 -0.0393189048996424
-0.00328295167889558 -0.00213728150671738 0.0323585028678776 -0.19031180573812
-0.00666841707688632 -0.0140432412939336 -0.171612397462039 -0.00140694304089114
-0.00758861324067526 -0.00632682571630293 0.0179916560196573 0.132483127062542
-0.0494305324589535 -0.0233959504215462 -0.0124167315127605 -0.00952875989130132
-0.126671781925494 -0.10590384414643 -0.20276149750194 -0.117058036092124
-0.0836833882995591 -0.231962165444653 -0.00239483401152255 -0.217128234045079
0.12994244395154 -0.249548008405204 0.17971351486849 0.0404742549856675
0.288043938365889 -0.0441780407595676 -0.157800074501904 0.196032909789235
0.199098075738333 0.153543993288788 -0.36311582512541 -0.242555667276767
-0.00429960086183236 0.15376451785898 0.0399749795841276 -0.401307137827252
-0.0938916005089214 0.0023319932026363 0.235698043967419 0.00864398150850336
-0.0538887080291641 -0.107162921211907 0.20224723325289 0.285513907793303
-0.0597614395583758 -0.0818221655487327 0.247744521431797 0.237877779307593
-0.0478638599203606 -0.0143644669152837 0.251783869743426 0.0831892810878292
-0.0112868722877326 0.00135619767300741 0.220049787372747 -0.0746948766125337
0.0097121371067173 0.0246279899012172 -0.00140447533943921 -0.184657256851519
0.028980891389503 0.0342545232533657 -0.177471529222205 0.0120709870093224
0.0629593457874877 0.0298544216408689 0.0133664361146846 0.127582317212708
-0.0481967641065421 -0.0294752942881628 0.055364573355616 0.0070136879860332
-0.179908367646564 -0.138256663498494 -0.0836396938047099 -0.0343436509052817
-0.146837517041694 -0.367867239773292 0.0029338980116647 -0.11011729570605
0.202850864424872 -0.439143189545049 0.105066143282892 0.000272448455929803
0.492898523866899 -0.083113626311248 -0.104249854440926 0.0614779979501689
0.315566827800241 0.2722258040025 -0.199241470672728 -0.221576345233078
-0.0528199104389349 0.247831899277393 0.0766211523339522 -0.260582551270979
-0.183295483939665 -0.00704406805207379 0.183515147045248 0.00774751456411849
-0.140089804537584 -0.184807377355603 0.176536200148489 0.186579293324652
-0.161137347399274 -0.178940579346943 0.263885812033095 0.163225331803747
-0.190267727812739 -0.0488733902459882 0.284718826360872 -0.0278764157217844
-0.118689947317977 0.068388913517516 0.12984649593355 -0.188926360091543
-0.00561849272646127 0.129690308612242 -0.130975758270679 -0.153511548899134
0.0793747347416225 0.114900620782279 -0.188798280819358 0.0460959086349123
0.126573398128181 0.061061533958229 -0.0110781000808131 0.106518482244183
0.0213597666593445 -0.0108854206427773 0.10591967213509 0.0112892745196049
-0.0774747957903593 -0.070453086139139 0.0567015969010734 0.016286207695956
-0.0802735751491575 -0.249987422991491 0.0521745101612887 -0.026864255209925
0.191156839213053 -0.310357517387803 0.0573421587266256 -0.0496648560643598
0.406797456277389 0.00959159934143513 -0.000938528560482973 -0.0694749108927425
0.188236884586786 0.298725137248073 -0.00571263343227978 -0.139032689739867
-0.151703483910142 0.211562355634302 0.0793914527112644 -0.0998357677634639
-0.246491341842853 -0.0148468456463816 0.0989966526152619 0.0011880000128744
-0.230290281061474 -0.156073666756152 0.109866964682556 0.0522352221564581
-0.270753479297749 -0.15538206208277 0.171124369482808 0.0171443684321108
-0.315710824424626 0.00358053682048604 0.136288313242759 -0.13458196148728
-0.206310972528178 0.199271543593547 -0.0636538028910424 -0.198222892408159
0.000736832560943274 0.245013911020275 -0.226789815659215 -0.0788458905767511
0.129176594502866 0.168657862673685 -0.180433171912745 0.0416332726851399
0.155372104463406 0.0716700296312218 -0.0542407099325493 0.0633203464536311
0.113024722348099 0.0284055776980042 0.101893278710641 -0.00629310686560009
0.0979419362802523 0.0625242418797104 0.138938212575 -0.0143087173362859
0.0537877223360978 0.0554633352258243 0.142347407277607 -0.0286295016996593
0.0539598104094252 0.0783548552543965 0.114602426187928 -0.0313572764200943
0.0166240735068482 0.142298315059379 0.0633802021932963 -0.00739643300469686
-0.116835589398923 0.161631416090523 0.0267914508489279 -0.000722837673490359
-0.245456031385381 0.0620188930241558 0.00311624666761469 -0.00786192659575516
-0.271580148294685 -0.0147732602737592 -0.00157681402304259 -0.0149099012635958
-0.261451682134185 -0.00118335876270482 -0.00121871401229955 -0.0222269034869945
-0.198358144949399 0.0779951986940332 -0.0182232001685711 -0.0351806786055767
-0.0933144891458802 0.135605248306527 -0.0853994101246836 -0.0544290504445328
-0.0225603556193249 0.146660635322733 -0.162873239275368 -0.0461476146348918
0.0393276580832195 0.124554717386389 -0.189380421999593 -0.0196256828022162
0.103658249211082 0.102563743777478 -0.143852579617834 -0.00829429990949826
0.121515743328265 0.051126506180966 -0.0961203586293912 0.0170587571905886
0.162731713956316 0.0643603552523768 0.0569675892378747 -0.0441065799643598
0.174188914445862 0.155438181623145 0.162399201094021 -0.0804312821245993
0.0721930700747095 0.230394038817992 0.219938307949204 -0.0179723109420494
-0.111967773807636 0.25449456985305 0.137895274219221 0.119456205073285
-0.27713036167491 0.0905163841357231 -0.0597270596467126 0.160665557419541
-0.287816002316074 -0.0627078185229964 -0.139536154359974 0.0450019606316318
-0.251587154052234 -0.103233943483194 -0.113664325046416 -0.037878244360842
-0.244817797777939 -0.00936974953212721 -0.09816729520576 -0.0274640329095181
-0.188123017356288 0.178533203897905 -0.0941102092137814 0.0482864157968655
0.0788237560123679 0.309239732991489 -0.0605737470776264 0.10093432812128
0.358272407671278 0.112639026643589 -0.061953057220843 0.0597379993007368
0.256639152131954 -0.188486083201074 -0.113383706069154 0.0154527657265443
0.00465036443046898 -0.206426228983199 -0.101633224729979 0.0154665862386222
-0.0245686553125182 -0.0446876376711151 -0.0703315265411059 -0.0199392624039188
0.0397752578478081 0.0133837841562408 -0.0973846869198415 -0.000402538920415104
0.145889338653416 0.0728738979364848 0.00957775293419708 -0.0874680805852218
0.127160368808315 0.138960848428147 0.169512372032969 -0.0918241354898523
0.0268859965236951 0.158568136504408 0.186943344780512 0.0800282468515384
-0.106127601550977 0.132400673134076 -0.0242461550395157 0.209126883720858
-0.215962536589735 -0.0207171503415082 -0.241547507269135 0.134293769278086
-0.206254864022721 -0.164496837378579 -0.282665657984039 -0.0657366700634536
-0.169812675537889 -0.175939535892274 -0.193427541374936 -0.149020121408524
-0.182131777041151 -0.00597604643929137 -0.176487803726262 -0.0329106880965281
-0.0666700387445519 0.252740278997217 -0.11192456100195 0.227569410069403
0.27963163361779 0.311568147465207 0.113534127010094 0.261032522712404
0.509986133745913 -0.030189535248225 0.113707783958655 -0.0118311892329963
0.296559001214645 -0.388883037123015 -0.108346472609477 -0.0566118876531421
-0.0707873763996919 -0.370850890032177 -0.0598190957509217 0.0943791461781151
-0.136702144573303 -0.126065598956986 0.0503969341316963 0.049230654391743
-0.0304648787074584 -0.0100153129417947 -0.0460820469183112 0.00951296390301535
0.0868345652206523 0.0544251108861385 -0.020339457156778 -0.115912709113342
0.0564586583739626 0.0699454245977157 0.163261722970322 -0.0430934958503491
0.0143211028701614 0.0497897080520599 0.0600103233337153 0.156797091168323
-0.0150659233644126 0.0334861910471336 -0.1843478898196 0.119531598981231
-0.062565620503034 -0.0242326915006807 -0.260284440673192 -0.024017579212096
-0.0703375094573945 -0.109089613078709 -0.278467719127715 -0.185494604696124
-0.0710627445931235 -0.13225292267595 -0.20952099282121 -0.257675681834797
-0.099607026145294 0.000532583881424646 -0.230028213945025 -0.0335645207471507
0.0145280130492868 0.177649541268238 -0.0737637500943003 0.392980619523208
0.236118333674227 0.152088367090856 0.321550357298244 0.310654741641753
0.306707721087764 -0.0915305874896169 0.20251991603069 -0.159451842682272
0.150392645168521 -0.266845253691116 -0.167939554403919 -0.10651211820117
-0.0753283326305765 -0.242613816189496 -0.0457299978346697 0.191876552950224
-0.124154891195382 -0.0911399812780792 0.172228603442809 0.132605179141717
-0.043763490269433 -0.00895471047009811 0.0220990997844451 0.0233220664323917
-8.84774109806631E-05 -0.00209496750418792 -0.0407060276280417 -0.0201991864667171
0.0110182371129987 -0.00686788059454336 -0.248506231449264 -0.158043232577335
0.014166835446978 0.0186667539597188 0.00535035786935276 -0.266498228219488
-0.00456634322071458 0.0268542340464959 0.21651880435311 0.0579980079018745
-0.0217723455544596 0.0204021225995594 -0.171404432902517 0.24320182316705
-0.0240174129332742 -0.00779891080430319 -0.41749571902098 -0.253742282679927
0.00522213182937449 -0.0120008310904098 0.0168690257568956 -0.461113234794578
0.00573152555662363 0.0135188985055831 0.255107679344542 -0.000309141293102796
0.00775043570444226 0.0097470122473324 0.232152452989107 0.301537563416028
-0.00406369437682503 0.00731949422758137 0.252899053487426 0.230919327550449
0.00689902799504042 0.000976373793329276 0.225434006089863 0.0917146113192385
-0.00150883381970338 -0.0131093481186841 0.228810733010335 -0.0445512057976385
-0.00401510755025092 -0.00183195843551764 0.0287198072820485 -0.193778708279102
-0.00804158877551553 -0.0137352124697026 -0.172887344610295 0.0022671507594085
-0.00802954767666589 -0.00627886738432883 0.0227758254044471 0.132431329099468
-0.0504290757713994 -0.0202869515780362 -0.011419914830037 -0.00759168711225999
-0.1329728794404 -0.102366136763492 -0.210109578143195 -0.110302079191719
-0.0931369869209021 -0.231925830918629 -0.010574696769426 -0.219072331518706
0.124144613863781 -0.258222278564757 0.183903817673995 0.0354572937368254
0.291296942218746 -0.0551547964740166 -0.152789909586378 0.203913704829885
0.205500272890361 0.149945818990658 -0.373908321664285 -0.234597589113707
-0.000923461883418006 0.15515996757768 0.0278320827962746 -0.406218500134823
-0.094412936914424 0.00569265575768614 0.238487696673944 0.00343612760174942
-0.0573895812929328 -0.107518689360597 0.2147521770502 0.281868617256261
-0.0632213246833159 -0.0808854321201108 0.255772757362783 0.232629727579215
-0.0480808009637315 -0.0114321828329237 0.254583542814221 0.0763570120467647
-0.0102088395305232 0.00113540896017602 0.220658395528104 -0.0808984595329676
0.0104911837481705 0.0222180219658485 -0.00618270156933568 -0.187419712115031
0.0302479014938676 0.0338609116566197 -0.179436512214999 0.0159762021806834
0.0655113080341664 0.0284735962528107 0.0182905772587186 0.129319033422441
-0.0503355563708717 -0.0277410299452391 0.0564505169995942 0.00547844532809808
-0.187439575888055 -0.132087704705655 -0.0840728520806439 -0.0305619948305068
-0.161996834841086 -0.364981495313129 -0.00061613893823822 -0.111227040253572
0.189738216702205 -0.451331036372483 0.10757551902151 -0.00300603659936048
0.49591148142911 -0.101899134713658 -0.103028739583396 0.0660497891615496
0.329027172402617 0.26452807692789 -0.207760431026078 -0.217472225735015
-0.0468635985373069 0.251021500749074 0.0693445490704197 -0.265611907470469
-0.185635954905789 -0.00325021871403831 0.185825517692884 0.00347700132304365
-0.146362548345703 -0.183064834107748 0.184597064977967 0.183992538469585
-0.168322660607773 -0.176673435214923 0.272308676605063 0.15640982355956
-0.192265563273855 -0.0418815149384514 0.285225818023567 -0.0359586185307514
-0.116856721284502 0.072618066268008 0.126871836430069 -0.195758338257334
-0.00133809534365554 0.129035136966894 -0.135483222054017 -0.15125032078041
0.0833696073350167 0.11119640354206 -0.188889405040874 0.0536022424132476
0.129763510821959 0.0576489970346281 -0.00734160277173347 0.107906701961677
0.0204752565077309 -0.0116244783974032 0.107457714389248 0.00765651355040203
-0.0804206236049705 -0.0677636058650472 0.0612074810431854 0.0146362395472149
-0.0899668911333955 -0.248927788925451 0.0534278133796191 -0.0273541169373346
0.18090948358988 -0.320861027564923 0.0578696050343348 -0.0508546526158237
0.410765009010385 -0.00429721806349686 -0.00414719741428619 -0.0682780766899191
0.199155880058232 0.294589119651575 -0.011265048234703 -0.139662648123825
-0.147068902591042 0.216840188247158 0.0769072170947159 -0.103650750984634
-0.249706180553868 -0.00816304663498448 0.100601040602141 -0.00169176827967635
-0.238767013788446 -0.150406581364097 0.113118516329198 0.0504873332904729
-0.279948069599702 -0.149776757068441 0.17439353691269 0.0122143241818889
-0.31761678072031 0.0149063947143873 0.13376249546012 -0.14012627934942
-0.202168450528383 0.207971236096297 -0.0687840473955826 -0.196710147493525
0.00942920969031063 0.248027335898642 -0.231866422455668 -0.071732791921293
0.135312844675894 0.166399255478015 -0.181877769979159 0.0482059596037324
0.159520128198008 0.0677475445160925 -0.052519027205292 0.0653428684555289
0.115051716235718 0.0252477453878796 0.102431664105813 -0.00906783138054877
0.101603490173435 0.060619999985363 0.141231802723087 -0.0192568608053549
0.0561730666423668 0.0557090213680405 0.144397293918071 -0.0328407910779445
0.0565285449648855 0.0790595872563947 0.115987398591639 -0.0335853635261461
0.0200016087394553 0.143518152600117 0.0628285804292449 -0.00902023279789801
-0.114403387071557 0.166209879443324 0.0263494305450074 -0.000972376669506336
-0.246570419308584 0.0690448919947721 0.00182630048447444 -0.00855853696548676
-0.273803490380599 -0.00642206586969633 -0.00167653480850539 -0.0149850235790854
-0.26344139648176 0.00572419757366851 -0.00168839475150388 -0.0225077993074116
-0.199530438988247 0.0836466705019078 -0.0176997901743667 -0.0359770258275914
-0.0898877110585646 0.139367976024526 -0.0859674559488411 -0.0530669389917023
-0.0201875989508912 0.149767734835941 -0.165392496168436 -0.0420690454164423
0.0435946643773445 0.126005485032985 -0.192030899336874 -0.0146294243320763
0.108240029013254 0.100565864145377 -0.146768267612276 -0.00352091742066386
0.124378749486074 0.0477327078866554 -0.0959346639118051 0.0197419492629153
0.16626182795516 0.0605046277186213 0.0555908036341063 -0.0470554467464877
0.182225941925917 0.151425398184935 0.161326136616951 -0.0878854743489018
0.0821232990494715 0.231690220777901 0.222694947157521 -0.0248880394539529
-0.104760089090447 0.263173987093137 0.143300197630722 0.116398474361263
-0.278834783592567 0.101201348960778 -0.0561911916640038 0.165139008423833
-0.293730186528668 -0.0539425744121126 -0.140300637635336 0.0492052975801932
-0.258287661502016 -0.0975958657408653 -0.117662877446046 -0.0358543133504195
-0.247920333514786 -0.00281925834585969 -0.100327629543297 -0.0259069862745536
-0.185135746668814 0.185915011283769 -0.0924365640642579 0.0510781136161282
0.0877440420789289 0.309584857306771 -0.0573871776662576 0.10340240750243
0.363843435963364 0.101182931917622 -0.0592649348169581 0.0616194335113778
0.251456729736053 -0.198894765524015 -0.11503817845174 0.0188966722440362
-0.00259236915117054 -0.207101961756263 -0.102672514818829 0.0177818205623293
-0.0250337506926461 -0.0431808949144253 -0.0724433814994186 -0.0181850017616302
0.0417915880724771 0.0137353553078092 -0.0979235346602273 0.000846891391490751
0.149106342560015 0.0688558181298864 0.00568858712222325 -0.0892671034128805
0.132897079825902 0.135164747106514 0.16736088781576 -0.099221771041122
0.0324396624426582 0.156971250081548 0.191826634524899 0.0748248017833004
-0.101684550365618 0.136293591028266 -0.0172424874105506 0.211065221724986
-0.21836966220977 -0.0133864203980097 -0.237738220202106 0.141738379189298
-0.212939056416666 -0.159991726187061 -0.28862823410833 -0.0568508582746439
-0.177508986567704 -0.173899785849171 -0.200242329444395 -0.145839458811714
-0.184390822974228 -0.00133789265546149 -0.179595481945886 -0.0294098186222392
-0.0615574452801067 0.257068343965444 -0.105439977313155 0.230664785232843
0.291642142429857 0.306454603694228 0.124999829545306 0.259840176545468
0.513017783198253 -0.0466466988697091 0.115024062596474 -0.0156549539997151
0.283976880820705 -0.402811904104903 -0.112519398224161 -0.052868224016039
-0.0847833008268831 -0.372546954798633 -0.0576999398696519 0.0978230645056167
-0.143645013527542 -0.122722350186724 0.0511553214621959 0.04761421947344
-0.0307199647117938 -0.00835757898623505 -0.0462698193658275 0.00951345953898464
0.0898943902350154 0.0517658866927129 -0.0245622081916939 -0.116153858971519
0.0584314400356841 0.0682990510797221 0.164308466457524 -0.0492194072144338
0.016653441860768 0.0476800879770334 0.0650844463364845 0.157055004837948
-0.0128974651761063 0.0331926315477627 -0.183322217189334 0.125988125849937
-0.0634183617094275 -0.0212308027827625 -0.26135698928197 -0.0169101895037732
-0.0751011945513356 -0.107086072744595 -0.286548863419347 -0.176421034153534
-0.0750978975477979 -0.132117576851852 -0.219381169707361 -0.255734451104932
-0.101119164885535 0.00318596757560782 -0.233154393717458 -0.0287584977004103
0.019128829477562 0.179120520199295 -0.0602485141885402 0.397661358183394
0.24305187593947 0.146059950311746 0.334507831312991 0.304088635000532
0.305829360289035 -0.102399109770933 0.198965643568146 -0.16834823080712
0.142223500505807 -0.276266030293156 -0.174716188997921 -0.101063961126363
-0.0838227881121212 -0.241407184651451 -0.0390677357870536 0.195461057221723
-0.130445979344786 -0.0869472489163641 0.180244695578802 0.127783527783241
-0.0440467773961387 -0.00755171418580786 0.0229211172543399 0.0214251334358078
-0.000740238100685536 -0.00254111206953282 -0.0400906624408742 -0.0180799727762409
0.0102067714004323 -0.00728762581420982 -0.253762116742532 -0.147844999787385
0.0148070864452408 0.0176832229524196 -0.00592550279039722 -0.267711465206867
-0.00308864202964381 0.0264084187217841 0.220687778210472 0.0483462879776087
-0.0220621614432555 0.0212022659204749 -0.160737673120812 0.251279422138084
-0.0242660892692219 -0.00617615008817451 -0.429343107419284 -0.240195603052289
0.004706386200917 -0.0135815111134084 -0.0028041227131015 -0.461454681814592
0.00605293543742445 0.0127671162240568 0.254502943652077 -0.00797245991395231
0.00747318832362665 0.00907369470231335 0.24427338702242 0.29231594081146
-0.00411350585107334 0.00825476718294233 0.261716617034181 0.219988354426922
0.00630402188955662 -0.000286435717452951 0.226055068623186 0.0831640677567687
-0.00235794445546997 -0.0144394364557056 0.227373392815214 -0.0511717506325209
-0.00324826274454303 -0.0031834224745241 0.0215387124802663 -0.195309765193571
-0.00986262158834311 -0.0126816160708855 -0.172293445629753 0.00850560719232024
-0.00844958905771382 -0.00616733490448367 0.0282476756441537 0.131636268077123
-0.0512101312823038 -0.0195552273499414 -0.011519800443631 -0.00692485799545613
-0.13770383156534 -0.097020994900947 -0.21267425644237 -0.0992959623174177
-0.101541095689343 -0.228654817908941 -0.0198674852877252 -0.218431940450462
0.113396767798475 -0.264911325485364 0.187214798670878 0.0270270324527251
0.289419604485585 -0.0677890048013159 -0.143552139019639 0.210595268320568
0.211351913051802 0.142232562609012 -0.383797649566385 -0.2227999676687
0.00372694144471044 0.155903647523949 0.010865043202886 -0.407266300395306
-0.0941941637572563 0.00836978075748691 0.238156498259391 -0.00429150436126063
-0.0620936288499567 -0.105482892715717 0.225026985121637 0.274770926788201
-0.0654074170332701 -0.0777690708841784 0.265435329956853 0.220577856969039
-0.0470009061542028 -0.00925566743273002 0.255642547951265 0.0672000903102455
-0.00966961434914209 0.00100886897844252 0.216939590422265 -0.0874752117974919
0.0118467269478319 0.0203235610544573 -0.0127572580745354 -0.188176535639672
0.0307678665300485 0.0310942221946003 -0.177216087557577 0.023045514571224
0.0662108533866553 0.0256118399884147 0.0237879172335321 0.128174537128636
-0.0511520816382981 -0.0257656330894621 0.05773063391266 0.00340929952228107
-0.193482380676617 -0.124455521325423 -0.0836018701804104 -0.0256251202670899
-0.178287232600551 -0.358611736360319 -0.00389315045746369 -0.109904083309742
0.172142466809889 -0.461621537197793 0.109580387483999 -0.0065875608405758
0.494900873325559 -0.124374292932547 -0.0999940973349468 0.0710320000220755
0.337896449054533 0.252531638857612 -0.216292947381242 -0.211027878338978
-0.0382273751275444 0.253099366822828 0.0591942314004369 -0.268671675875705
-0.185307101471217 0.00268340998489483 0.186532777974361 -0.00285431640716219
-0.151261443277141 -0.179471420218089 0.192078874841985 0.178507705181635
-0.175441880263339 -0.169505447754545 0.278369261801983 0.145258702543372
-0.192224071061401 -0.0332419910817311 0.284248931666355 -0.0473770920059068
-0.114189465965645 0.0758020454961871 0.119651608375313 -0.199074661752328
0.00348149101328615 0.126828269745673 -0.141472614294861 -0.146278067808726
0.0873049968837729 0.107176476327988 -0.18690905961656 0.0611369864286304
0.131828191679417 0.0515165636003107 -0.00174453288033498 0.108447005250897
0.0208065348761696 -0.0121139848867909 0.108430859897087 0.00369629834114661
-0.0829895506215759 -0.0633272493814827 0.0631260335964691 0.0132260715226634
-0.100861857626267 -0.244702227074875 0.0538631936523296 -0.0284046180549737
0.167074553219384 -0.329137558114159 0.056797332051929 -0.0524253773069515
0.41052109458599 -0.0230212342112274 -0.00793493372003755 -0.0669329527421768
0.211543113227973 0.288433522824868 -0.0164382710319654 -0.139424063950987
-0.139908218979706 0.222257060755277 0.0717301333729284 -0.10623400638105
-0.251117072880492 0.000847308140652042 0.101386588726507 -0.00447468470920823
-0.243714153944304 -0.143376898093359 0.116598026401066 0.0460221522724833
-0.284816296548872 -0.141350241579313 0.176754914746467 0.00451409619734806
-0.317602970967282 0.0276794987774173 0.129899113569031 -0.145541409611633
-0.194603760111866 0.215592449854871 -0.074909973161973 -0.193759015083508
0.0183264074165097 0.247148947283165 -0.234008466930283 -0.0625674392485916
0.142968709710264 0.160306629941528 -0.179951092668968 0.0563831079566456
0.163081150691052 0.0603088662167699 -0.0480409086738255 0.0675947135623781
0.116776414830867 0.0209407476027915 0.102048936550205 -0.013692306341428
0.104417742894029 0.056179072503776 0.142457684085302 -0.0260895316646155
0.0580912234057954 0.0544926653531027 0.145057104356752 -0.0377455445120954
0.0587392835329611 0.0774112890997548 0.116069559024277 -0.0365391022260275
0.0240143244332739 0.141741269686909 0.0611335750971963 -0.0100768112342772
-0.109131245903622 0.170078495442186 0.0256213626331114 -0.00153892663474972
-0.244038460782299 0.0776621946091862 -0.000252778932761472 -0.00847724613703754
-0.273831498617863 0.0042336612291497 -0.00243980913778433 -0.0149421395920392
-0.264642127168934 0.0143134137861376 -0.000679747982586819 -0.0227921838490012
-0.197438641802755 0.090503957302192 -0.0173415909648582 -0.0349234894915016
-0.0861160318926609 0.142892477340698 -0.0879888457819293 -0.049651945646303
-0.0140696213738081 0.151303829539611 -0.16623652394258 -0.0357583413205498
0.04935457498398 0.125628679850966 -0.193375810493309 -0.00673157973990083
0.113109358725705 0.0980682720325982 -0.148168037441172 0.00121507853336809
0.127537284925815 0.0424751342121298 -0.0949475330364319 0.0225803258387318
0.168081692111113 0.054087792343626 0.0534306889756654 -0.0496081175838933
0.189077192014179 0.142989716270395 0.157481576483123 -0.0957448809586095
0.090879058022369 0.228453528518657 0.222728210068161 -0.0341929710382057
-0.0933097942581231 0.267998163842814 0.148043814731953 0.111354686275644
-0.275813054124068 0.112973100497132 -0.0496407922757875 0.167426748722237
-0.297700594131533 -0.0431494132979062 -0.140161846948891 0.0550177125916945
-0.261801091291132 -0.0879345758912261 -0.120144724674351 -0.0308768142187169
-0.248421045311742 0.00551706947291323 -0.101435174297404 -0.0222421266563225
-0.17938249700936 0.191337265325085 -0.0896049379771056 0.0533953248509468
0.0989933763139704 0.306098947043455 -0.0526127372513748 0.10577205754673
0.366665327969602 0.0869872761730156 -0.0556674170034586 0.0627636801026
0.242583339073708 -0.209498912717119 -0.115400593043931 0.0229549790110154
-0.0115309722399304 -0.206870212255457 -0.102876553836512 0.021643760452804
-0.0277295409237619 -0.0407960910407418 -0.0744909740257238 -0.0168982022814182
0.042721692648519 0.0124180506187447 -0.0979110477812783 0.00429586653068902
0.152033868395681 0.0642518802160483 0.00193721626763527 -0.0889214080658015
0.136797720638986 0.128784895072821 0.162265354293236 -0.106635562494627
0.0387247283013663 0.153980502891712 0.194636501644171 0.0670839323186845
-0.0949237790317215 0.138982723280342 -0.0102586062058656 0.211133767332706
-0.218626593687177 -0.00350122990656717 -0.231269672490201 0.150457409725335
-0.219436880949687 -0.149684749537695 -0.290859960533118 -0.0469473314310553
-0.184198893765816 -0.168542461720437 -0.206377287395705 -0.138681740395571
-0.183768934563875 0.0044877244629115 -0.180979160882423 -0.023677455861814
-0.0529506048423314 0.25957627910422 -0.0944330012854624 0.234305411858326
0.304213493337768 0.295492608947201 0.135537708786335 0.255610002508401
0.510728187877372 -0.0675503533547324 0.115564992183093 -0.0211635114479361
0.269736717174247 -0.415770835845508 -0.115819969845324 -0.0477258227029155
-0.102040927378775 -0.368299986243571 -0.0541788876864569 0.101225972529857
-0.149187880709884 -0.116022641063813 0.0527423937504776 0.0452771920340992
-0.0298074033920525 -0.00636412972137096 -0.045691754589168 0.0102205970881939
0.0922937752351174 0.0483634690403095 -0.0297093876992455 -0.114704300583301
0.060779222990693 0.0655479169083625 0.161410947571542 -0.0550054488054643
0.0184127820673908 0.0455386841432945 0.0696765800042644 0.153974150604222
-0.0110695995591841 0.0325683269862169 -0.179010488673663 0.133138996511298
-0.0639485316933683 -0.0185719393332139 -0.260491402347191 -0.0087170546493258
-0.0776981147228445 -0.104147335006732 -0.293163040349284 -0.166230189021767
-0.0805107623378207 -0.129916377111991 -0.227619587046174 -0.24616603995158
-0.101064758388274 0.00695929459608726 -0.234349297464119 -0.0206021521927461
0.0247870985460882 0.178944457664945 -0.0437598226547218 0.399181726071145
0.250104359788095 0.136958924119978 0.347887590922533 0.291928063190744
0.300633280941635 -0.115583250602936 0.193173637364985 -0.17739888187734
0.131647713389203 -0.282330941919407 -0.178792779792161 -0.0934347279562469
-0.0951823504690024 -0.239996625163104 -0.0302350791643993 0.198616945773358
-0.134330465305431 -0.0804457581399002 0.187254454037081 0.118998341356297
-0.0431330917732443 -0.00521124802182696 0.0246949923644749 0.0190169575934623
-0.000423404096554391 -0.00362602958876412 -0.0378312297845052 -0.0172824860428765
0.00689406067609226 -0.00932385708558756 -0.246576585241189 -0.144709901227677
0.0163582560112093 0.0148477161060938 -0.00209626621184306 -0.262117641770321
-0.00208150315297307 0.0267493293392883 0.216147846376034 0.0501902694700573
-0.0227760898719885 0.0199772557324825 -0.162247967328818 0.242317735309861
-0.025029555760093 -0.00708727617502266 -0.417379311366657 -0.246347884758566
0.00369599807357301 -0.015646378188032 0.00790572462108325 -0.457144987671317
0.00577864417406004 0.0127457628781611 0.251264377793104 0.000999267865074488
0.00326760911141946 0.00813849784979282 0.233810480963434 0.293851329811556
-0.00840449172409134 0.00822044699063775 0.252838100982632 0.221301558847259
0.00345406708603924 3.17701167084818E-05 0.221997908465327 0.0889068095436553
-0.00478602267705654 -0.0125753021994645 0.228531530266901 -0.045978904752943
-0.00311678494624858 0.000197598533601177 0.0268037638251004 -0.195375714134392
-0.00613675719401549 -0.014906384672533 -0.170897119418711 0.0043219994467645
-0.00930649173771228 -0.00930605588266802 0.0281022263478615 0.130702070276546
-0.04970465957148 -0.0209261877834211 -0.0108414830949341 -0.00714039009257013
-0.135958505075444 -0.0993352984410624 -0.207459029982984 -0.0993219974445673
-0.093723485257071 -0.227719956594282 -0.0160401412963741 -0.217962120602785
0.117875347679231 -0.256290053804768 0.18742418395839 0.0276436832239267
0.28396339449713 -0.0601929458408638 -0.141936619856783 0.204799745072043
0.20342746624233 0.143318113074867 -0.372686428173346 -0.225350900847841
-0.00106815434143849 0.150455049978601 0.0211384853984248 -0.402152140235139
-0.0929832161662115 0.00559137753382393 0.235321853323711 0.00273656469175616
-0.0625249609441381 -0.107507922566456 0.214909633338508 0.277463109051885
-0.0665685631278299 -0.07855376844264 0.257524713592774 0.223928722870771
-0.0491266024318952 -0.00874208850571454 0.252552650706883 0.071593289609898
-0.0116618951502309 0.00269777882354867 0.219011261455826 -0.0822869333201408
0.0125839639843247 0.0215648430896936 -0.00757347160553889 -0.187202900843
0.0317521897448396 0.0291611480504292 -0.176479954622249 0.0203159798139972
0.063357505038416 0.0249215843075645 0.0215121868187707 0.127472558685866
-0.048487884588948 -0.0258835517259639 0.055870568019128 0.00479187816969475
-0.187694325651802 -0.125466635841204 -0.0804355191117125 -0.0273222107579253
-0.166334169890777 -0.354382370747365 -0.00133370803121955 -0.112703251263072
0.178630377045877 -0.446438596615354 0.113095460449323 -0.00877936731168187
0.486594977479786 -0.112208381647698 -0.0941091246088165 0.0697703002287149
0.324496206011302 0.252799018612399 -0.208152132169256 -0.208632622065191
-0.0444814876109519 0.24585734070285 0.0622529673949448 -0.262312162076192
-0.183827155007988 -0.00158827286849932 0.183516327101521 0.00370491601501224
-0.149215809761471 -0.181962839327554 0.185695884708237 0.18207690785633
-0.171679552723763 -0.172992506244085 0.273926243528021 0.150144090824343
-0.193274642233217 -0.0358891100821451 0.284131840732532 -0.0403705145162407
-0.11411426089663 0.0766233829024043 0.124331697343962 -0.196531562944213
0.00343298588389419 0.125640412835196 -0.137034755261544 -0.148918451253514
0.0861854512658987 0.106127237273269 -0.187758947973565 0.0577004099767328
0.128439494291592 0.0525590157506264 -0.00417509896631603 0.107417925024029
0.0205052687321451 -0.011099413572321 0.106407521339111 0.00582237207653253
-0.0787167082550041 -0.0621679011350541 0.0639365295847553 0.0129205249248914
-0.0932568876789845 -0.239468294314521 0.0547175745864692 -0.0286361804096842
0.169934282400784 -0.315731040717577 0.0621408274620536 -0.0516906539841575
0.401851646510518 -0.0146196952164551 -0.00192110723455985 -0.0629418917873175
0.200162407350871 0.2845966328542 -0.0138820702319173 -0.134539656610501
-0.14307924791566 0.213710964136208 0.0702232146815191 -0.102394254746187
-0.247018666565662 -0.00653595744753552 0.099106653507322 -0.00271514683083224
-0.238148004347899 -0.147835154676124 0.115117199197934 0.049323197360206
-0.280928537346708 -0.147105452759657 0.1769232203736 0.00961519172767109
-0.318682771908142 0.022287515249706 0.134555353243455 -0.14239294402393
-0.197375445294408 0.212459735302 -0.0695573346896285 -0.194525026446682
0.0155558149837043 0.244982545061213 -0.232560127957641 -0.0669224073340668
0.139561588801225 0.161711089602135 -0.181057676180134 0.0535921481151207
0.160646128435466 0.0636875938578342 -0.0489706393143593 0.0667293523877883
0.113499398361305 0.0234132653241003 0.101080350941629 -0.0102861890982052
0.102472525025884 0.0582279358577103 0.1406938669978 -0.0212202101468266
0.0564422847116011 0.0554731974593974 0.144924380693629 -0.031592839551702
0.055623809900611 0.0783628277786831 0.115689224083799 -0.0305985362978088
0.0184863873943633 0.139199994288367 0.0596320023070611 -0.00514727825691477
-0.110741796505319 0.163957837542225 0.0230387597155208 3.73223608089564E-05
-0.24122094218736 0.0702922566951882 -0.00349027268053923 -0.00851228653096288
-0.270695557311183 -0.00255273752183939 -0.00272789125987194 -0.0148900053973213
-0.260942125861197 0.00706181611714814 0.000499440483888962 -0.0225850105199486
-0.199506480060459 0.0830544331250116 -0.0140198852946524 -0.0358113819783556
-0.0906990848563505 0.139839876979642 -0.0839679010871426 -0.0525658523510426
-0.018011334570142 0.149725883679197 -0.163930277214827 -0.0392583333782848
0.0481170247062687 0.126551927405059 -0.193316206550898 -0.0103196738581991
0.113438499495195 0.100921414579644 -0.148037714691346 -0.00198134125236309
0.128176121912325 0.0456720399131213 -0.0945962525214437 0.020526033593312
0.163427913751607 0.0568176222106404 0.0540215606416275 -0.0468019321531407
0.182147321355068 0.143929682366734 0.155089886873291 -0.0895346401723126
0.0849394746153559 0.224260886060799 0.219799231517535 -0.0257224233481665
-0.0962693306496279 0.258506511708396 0.139975216150552 0.114566211657358
-0.272441573293731 0.104025900954356 -0.056048318678504 0.163259033775839
-0.289373428185523 -0.0479194189256616 -0.142000703717489 0.050338986946239
-0.253867762007788 -0.0912835392332566 -0.121500298141571 -0.0348339860673449
-0.243911916154715 -0.00196674617290145 -0.101046559624452 -0.0260162261074659
-0.18235878129303 0.183966266062061 -0.0889676145084837 0.0494579593841973
0.0898249302274782 0.304745102701181 -0.0532125053457813 0.102977628976811
0.362973793699828 0.0931289954039362 -0.0567412504322119 0.060262312959983
0.247770475663105 -0.203292369710076 -0.116461783068629 0.0220601396390985
-0.00415963352888761 -0.206378676445225 -0.103713592463321 0.0200512724769321
-0.0245753060295955 -0.0407121158960671 -0.0757568303520729 -0.0177766048597597
0.0459607694118154 0.0135889765356115 -0.0970971901925728 0.00184711387518852
0.146995662440579 0.0652425295695471 0.00413334333272583 -0.0856049757198409
0.132818434978042 0.12837155551481 0.159974904558479 -0.0998764831665451
0.0347074877755592 0.150206034086622 0.189303740743298 0.0706186312821604
-0.095302458039502 0.134009291100475 -0.0168970469643358 0.206817098685946
-0.212827327926091 -0.00907103771647947 -0.233075793111073 0.13896718349151
-0.211216468507761 -0.152056901395214 -0.286676645717377 -0.0532165281244047
-0.177089603416004 -0.168824206915654 -0.201381177354873 -0.143480491650784
-0.180946445491666 -0.00114897587859461 -0.179170843071823 -0.029168583852314
-0.0600593950745224 0.251729196613559 -0.0985206576701006 0.227671523708023
0.291737427695647 0.298478334661141 0.129902552649098 0.258070079897784
0.510994114573044 -0.0549911878637704 0.114807755867829 -0.018950842634343
0.280842683622788 -0.410643234355929 -0.117399843050201 -0.048161710126446
-0.0892020709463084 -0.372145322113723 -0.0550911230932947 0.0998617628902259
-0.146910307682549 -0.118353841962613 0.0529333347462302 0.0447147984350825
-0.0271972225313415 -0.00706632676593436 -0.0452660996251834 0.00878473627823968
0.089431503534196 0.0479201397529225 -0.0270868257594677 -0.111923196396811
0.0584816913387817 0.0640836723992685 0.159123739904901 -0.0504974943392483
0.0163921651572989 0.0438446989701149 0.0648657629347764 0.154221410007677
-0.0119201297688586 0.030482036916256 -0.177475037812601 0.124397103924408
-0.0622367013501269 -0.0203415787103331 -0.252965555380696 -0.0167075892194411
-0.0741624849082453 -0.102949423615644 -0.283754445537629 -0.169227938689015
-0.0762225999450678 -0.128918983818427 -0.217546107792946 -0.251084152855431
-0.100052734662209 0.00438387692900638 -0.230809958039746 -0.0294998790146599
0.0169579828195383 0.173815656033839 -0.0505297694359642 0.392428598563495
0.23966950362332 0.141742059086248 0.338738510311282 0.297349991959513
0.300676938480003 -0.104712892796215 0.195081617763014 -0.173157396979332
0.141207143881319 -0.280385350873827 -0.17859386087743 -0.0932418263664232
-0.0883380277487867 -0.245457593916177 -0.03291518203969 0.198516217023748
-0.137729446604377 -0.0845712450659903 0.186672813003927 0.12096739026136
-0.0429139696518981 -0.00709696226173663 0.0241863900125241 0.0179094122605006
-0.00146045225986629 -0.00458712532549223 -0.0368782389154183 -0.0155210708707262
0.00607434402035823 -0.00921099590852211 -0.24571470625586 -0.136792051084877
0.0168246627401856 0.0136941741721559 -0.00783179811915097 -0.258237741534861
-0.00124962743919164 0.025500349390479 0.215745225390829 0.0446668697938974
-0.0229052334178847 0.0203551027889123 -0.153857923961093 0.242502941652138
-0.0236576227672398 -0.00738029007365565 -0.41741756314973 -0.237338082537706
0.00153870801900221 -0.0160090788565961 -0.000262223928324397 -0.451055650783104
0.00653888717940002 0.0112563107693264 0.247446524546987 -0.00137833519703542
0.00215131536177728 0.00713967020436882 0.233621981236138 0.286687767401199
-0.00864870502705069 0.00862059777059512 0.251949341113646 0.213130576747348
0.00288283451239504 -0.00064108122561124 0.217039563687204 0.0840676860452513
-0.00476992534783365 -0.0121365452740199 0.224024566457828 -0.0462510768121569
-0.00362784035525606 -0.000422449699550827 0.0244007061968823 -0.192612789486964
-0.00732357456228194 -0.0149427516475914 -0.168868650978356 0.00598842135396689
-0.00897872737188207 -0.00879901028986449 0.030255258160661 0.128621372747411
-0.0496542659446359 -0.0202251330283786 -0.0103796105268966 -0.00554533023481626
-0.135703744706305 -0.0952003389126441 -0.205958850168422 -0.0932179194028705
-0.0959190744652589 -0.223141927598559 -0.0195627722912302 -0.215452124319633
0.111762859081579 -0.256425949316822 0.185741503018532 0.0231432345275533
0.279429253067833 -0.0652347653488937 -0.134452755044798 0.204021597003398
0.204362971183473 0.138128455214881 -0.373012428448729 -0.216676716482754
0.00138473377376258 0.148844460923516 0.0128135952286977 -0.396864116810095
-0.0912211412109467 0.00562183133763405 0.231540322005705 0.000766689895379972
-0.062735267088015 -0.106459876711065 0.216509600086954 0.270189955439716
-0.0661021663836151 -0.0762558229203468 0.257189889284615 0.214875195643219
-0.0468574170498013 -0.00791605394032412 0.246967304956845 0.0682448369896351
-0.0109139338674534 0.00205186486042504 0.213300233369809 -0.0827138857248606
0.0123019301783487 0.0189377604836244 -0.0100887580687954 -0.184346498718146
0.031446602203269 0.0276546838198934 -0.173515848060912 0.0218337642209446
0.0629398174790855 0.0228679424031541 0.0229604303776316 0.125269197611167
-0.0480732234439377 -0.0249628472905768 0.05543862933613 0.00450287613734425
-0.187260407833752 -0.118509087842226 -0.07849263891219 -0.0239518952404059
-0.170832474309538 -0.345468552057699 -0.00282987730637713 -0.110272077503481
0.16625583642016 -0.444764639722586 0.111861937575221 -0.0108931743058711
0.477604981842496 -0.120179856716893 -0.0910471415686933 0.0708965806681427
0.326466700587374 0.244218004794606 -0.210496258198762 -0.202152014196043
-0.0391282540573874 0.242836118668805 0.0561309387251508 -0.25951342650675
-0.180053818144705 0.000831634774790333 0.180452010372897 0.00234473052419423
-0.148665582660456 -0.178003910562566 0.187077202794222 0.178153425783503
-0.172026780901469 -0.168633578966226 0.272502288311546 0.145413426513978
-0.188692473079712 -0.0317574278610735 0.278894597746017 -0.0433345204299029
-0.110645903009445 0.0754471789970558 0.120269497852179 -0.193102497291928
0.00542658655989867 0.121568387359991 -0.136845833542499 -0.144399400533051
0.0870303001138609 0.101840993822278 -0.183536863097929 0.0606391158620708
0.127010276881877 0.0490645980740697 -0.00161586805168361 0.106962936913622
0.0203242124084938 -0.0109690255687302 0.104930287168908 0.00394882773937642
-0.0782479862930544 -0.0582381432065965 0.0647353904160755 0.0117862455463431
-0.0970957928974861 -0.234020925920065 0.0559876611209127 -0.0281383362757272
0.161044627640441 -0.316307787582695 0.0615447936224505 -0.0513420864260413
0.394333091293363 -0.0224522226675689 -0.0037025649566869 -0.0613660709529845
0.201195885400829 0.277501822706781 -0.016174101425249 -0.131777948437635
-0.13810246184088 0.211984918412579 0.0656499832837804 -0.101882852268698
-0.245019336445002 -0.00202889165272768 0.0973981630127034 -0.00316769807358736
-0.236940315402059 -0.14360829489213 0.114073165636652 0.0485176833487666
-0.280502935027033 -0.142271907456815 0.176188842449181 0.00601667596095748
-0.312514419333049 0.0267111419098901 0.130787763852569 -0.14168910820858
-0.191894390998889 0.2123151695379 -0.0700870733388956 -0.19103560843441
0.0204501857249576 0.241072418608747 -0.230326293068109 -0.0606723328765695
0.141963805473969 0.156229323187916 -0.177587549208577 0.0568229470546693
0.159045327049589 0.0591087168395263 -0.0461260019947825 0.0660642779001378
0.112109964364111 0.0206384896156223 0.0987401026929858 -0.0121304718029444
0.102703000459476 0.0568434161718195 0.138276879094578 -0.0251465204019455
0.0573921633661088 0.0540753174802647 0.143890633356481 -0.0325187336897778
0.0557055494997421 0.0770749990767067 0.114352167510132 -0.0314803414994837
0.0190711984532774 0.136893385274731 0.0577118609658207 -0.00454781573618381
-0.107691688757821 0.163681946139294 0.0218458001302279 0.000628636987032787
-0.236600484982065 0.071560471396333 -0.00555933585302635 -0.00766842567090751
-0.266497191840949 -0.00103821986430531 -0.00350875100495966 -0.0147114584835117
-0.259233029261899 0.00989784238678108 0.00114793995051484 -0.023064910662306
-0.196047994854734 0.0843365526797088 -0.012403802545367 -0.0356879058220215
-0.0868033471477878 0.138968438623822 -0.0817108363004824 -0.0509968281743034
-0.014812102120417 0.148957262140869 -0.161739430853585 -0.0362124211051001
0.0498345089499028 0.124853306626686 -0.191243555095369 -0.00649404656528491
0.11456422799107 0.0971369559734002 -0.14803471967635 0.0012856745312868
0.127529204893058 0.043177196179864 -0.0917495982443208 0.0214616976719053
0.161803561539672 0.0529491460040249 0.0512500893642349 -0.0458022047302864
0.182474678049444 0.137479749652372 0.150400343355261 -0.0918728926771707
0.0872326196094515 0.218036236597013 0.216842839540854 -0.0296182712075548
-0.0894084663860025 0.256672098781413 0.140196998216077 0.111259890773701
-0.267296281406629 0.107931775744516 -0.053576614915726 0.161110040800314
-0.287043226606267 -0.0438827629316598 -0.140747735491787 0.0517623334204752
-0.252187352596791 -0.0876176824628114 -0.121993489784423 -0.0318278147009747
-0.240065882683701 0.000240000147563996 -0.0999523569727733 -0.0245200287827118
-0.177606432224094 0.1821542150116 -0.0852556734567859 0.048971375738816
0.0925026138764969 0.297939835499255 -0.0488762440983688 0.102144932750471
0.358187354949316 0.0856592012834664 -0.0534080562581361 0.0598740484295536
0.240060847086876 -0.20535268005143 -0.11540958299188 0.0235861198465283
-0.00842648620010572 -0.202341883361688 -0.103282325964627 0.021202753681533
-0.0235443354070586 -0.038731436969512 -0.0754448435271226 -0.0170087588095167
0.0463601687884578 0.0129661714778817 -0.0955909809084531 0.00283847071098133
0.145610186296362 0.0610932471855232 0.00136703669143235 -0.0838581260153457
0.133452149230754 0.121965406966917 0.154440126969857 -0.101402427839647
0.0373403123779804 0.144149615850374 0.18851895155729 0.0665484923537443
-0.0906565682564164 0.132581232432543 -0.0135459433471452 0.204443944034266
-0.209731353642088 -0.00570287090445213 -0.226317830015304 0.139211445946791
-0.210276036563369 -0.146986302577249 -0.283579162199601 -0.0471143697142254
-0.177650653303078 -0.163307095245511 -0.20127603826674 -0.138259066554542
-0.178701554669787 0.0006864415080941 -0.178131961223804 -0.0266810957810576
-0.0556452053557742 0.24900520736993 -0.0926139272201772 0.224369783249804
0.2929042331127 0.289906287044797 0.132748499871618 0.252660205830154
0.502193436253269 -0.0629741918904212 0.113650232153641 -0.0212115991873261
0.269124482419558 -0.409747352196189 -0.118055082011294 -0.0439232203262867
-0.0958520950537904 -0.366080119843472 -0.0527750989239632 0.0995752880186524
-0.147329320471528 -0.112946769859269 0.0530328673525207 0.042647356449664
-0.0258623490551127 -0.00647634122614084 -0.044485599889537 0.00862302816254388
0.0880651685444046 0.0445259654448429 -0.0285356370661335 -0.108240624630821
0.0580288868326253 0.0615252922341492 0.155685174292957 -0.0511569821074212
0.0174945749690064 0.0406310203939658 0.0662912442332289 0.15105016900992
-0.0104376584641258 0.0285726470920312 -0.173622583488966 0.124761026092751
-0.0616839595463531 -0.0195241313458729 -0.248405545268063 -0.0140400063018377
-0.0741818349022669 -0.100098769523427 -0.282156027751173 -0.161499701036255
-0.0771984082334476 -0.127208054148729 -0.219321530773906 -0.245301808304731
-0.0989070909779213 0.00487987708471333 -0.227912134860065 -0.0248585738383186
0.0194276653792664 0.169897118964809 -0.0417382269933817 0.38730356144765
0.238251372130155 0.135360859228653 0.340626209534609 0.289113472185573
0.295434626108639 -0.109427836793733 0.190698925631658 -0.172648363778792
0.133313665665432 -0.28030989400237 -0.177646805552035 -0.0876004050637897
-0.0918631010205406 -0.241926212471085 -0.0280660208541149 0.197401950949988
-0.137102312580602 -0.0798885553578719 0.185963184958575 0.114785789750968
-0.0423620675675138 -0.00580107158164883 0.0242663285473902 0.016390447293506
-0.0019611135258802 -0.00561187015142052 -0.036038785028397 -0.0141596343612876
0.00619531070829641 -0.00969155554956951 -0.247348799069254 -0.13144083049891
0.0168348583560944 0.0129806293489978 -0.01261390047146 -0.257890893110963
-0.00111275724028794 0.024177991805769 0.216676051820934 0.0404236046552222
-0.0222776246852025 0.0204459355381342 -0.149312059170869 0.242887773986166
-0.0256977628639564 -0.00683533445075618 -0.418157373319321 -0.233803961865302
0.00111923788017514 -0.0159660412535035 -0.00411712613028382 -0.447521557123173
0.00696086818003093 0.0108972241972788 0.246740981560364 -0.00175036941521931
0.00234163590568303 0.00639887149343713 0.235018925936721 0.281593549499824
-0.00884417146156364 0.00892122269094525 0.250638508347489 0.208977982273578
0.00301551296756874 -0.000757021060939058 0.215088366399106 0.0831069939911985
-0.00482385172092732 -0.0128376720765784 0.22328151136113 -0.0453389792534974
-0.00404041982973916 -0.00229316747433154 0.0240494643263783 -0.191221182361327
-0.00818488735617415 -0.0140209368464455 -0.167506955593837 0.00639345676519522
-0.00857029077079015 -0.00955279160141732 0.0315923967120492 0.126960713984251
-0.0490742892644889 -0.0196757825926332 -0.00934764117193478 -0.00425888313322189
-0.135802611652071 -0.0930322262125068 -0.206108740543298 -0.0897815179984826
-0.0985317350761706 -0.221321716729385 -0.0229553129557718 -0.214758457630285
0.108658455390613 -0.258654830998208 0.187504997797226 0.0200333302550492
0.278854513721409 -0.0687395921321441 -0.13257499631623 0.204862461717924
0.204273269845187 0.135224667525079 -0.373755144791364 -0.21381939091771
0.00104898192279704 0.147124522590171 0.00890798624914817 -0.394968793722872
-0.0895822979170051 0.00544296118922736 0.228997028407318 0.00105977390803095
-0.0626132193660077 -0.106410032148768 0.21732601878827 0.268340584451485
-0.0656347912783444 -0.0746609939834732 0.255731547249576 0.212066359010623
-0.0454821869181327 -0.00684622261699564 0.24445817528675 0.066624451049726
-0.00943734153006529 0.00133046441787042 0.212337525705454 -0.0801953237770731
0.0126173120181426 0.0166739838674169 -0.0101581441272324 -0.18341765148733
0.0312240479683629 0.0257011335247994 -0.171465109357162 0.0242305378334843
0.0626046387699769 0.0217464011241354 0.0248590886487611 0.124334504972646
-0.0480797035806842 -0.0233360652361389 0.055138253802171 0.00411263077410182
-0.187741801622332 -0.11466662320639 -0.0773442869829633 -0.0218243661590979
-0.174105648679041 -0.343030405306638 -0.00361418369006682 -0.109169377290902
0.160976654894536 -0.445876187253492 0.112411974615663 -0.0107775016094554
0.47540072647306 -0.125333409964178 -0.090169175574648 0.0714510102551301
0.327545617870755 0.240058221535128 -0.211792156575975 -0.201071768310624
-0.0390727431072516 0.240522038702995 0.0528273648082714 -0.258786887119811
-0.178643413806056 -0.000134031228852582 0.179443505169122 0.00176398882380841
-0.148956278110883 -0.177528731100645 0.186516735219501 0.177192285947071
-0.171736493367877 -0.166544283502918 0.271012931267533 0.141780786420995
-0.187084632080852 -0.0299453780134159 0.276969250012759 -0.0436540588836177
-0.109284602162746 0.0759148585902446 0.118647361010573 -0.191650089238132
0.00641981015562611 0.119923776882185 -0.136979768233109 -0.141966898122521
0.0871753054781703 0.0993535058433443 -0.182995535249822 0.0625034436872963
0.127045212590143 0.0479863273930103 -0.000108567713627248 0.106744699532918
0.0196885431310921 -0.0111513863841454 0.104510596453276 0.00354163544370439
-0.0789770960187081 -0.0559393780175833 0.0665749890805119 0.0119470302720703
-0.100250182956057 -0.231297028462536 0.0579086273490769 -0.0268067244890552
0.156752738105249 -0.316224414697527 0.0618883274084198 -0.0509435487262346
0.391995285838021 -0.026814364191828 -0.00456561672727335 -0.0602414985446788
0.203798368106681 0.273621367052671 -0.0182222737111748 -0.131508424549229
-0.134485440102832 0.210858331529121 0.0640776489187894 -0.10110285068345
-0.242557743018135 -0.00134352773930724 0.0975304546785589 -0.00263991993451575
-0.237159718637542 -0.143073579299829 0.114474434964879 0.0474845169910435
-0.281435835014396 -0.141337625661773 0.176197812895163 0.00529322813919808
-0.311167925151919 0.0283846413542714 0.129985461688836 -0.141827722981242
-0.18889634260328 0.213008498578763 -0.0695553594422443 -0.189160218163855
0.0220939006635146 0.238357403700291 -0.229180987585762 -0.0581931012164207
0.142693618917212 0.153642462776512 -0.17624318902047 0.0582722615514842
0.159195188008061 0.0578321390033048 -0.0448577542518413 0.0664158564275237
0.111271294030422 0.0202754210285333 0.098037238855249 -0.0124767703809512
0.103048038844512 0.0563714733246862 0.138514573520588 -0.0269270029936004
0.0573669222352219 0.0535890203811632 0.144887894548928 -0.0340209511127812
0.0564285477143848 0.0765674510913415 0.113480944284554 -0.0317111986340449
0.0189165163282869 0.135439876132405 0.0561641140410911 -0.00449471230926456
-0.105997527403117 0.162166689150639 0.0204297885477368 0.000555071194315208
-0.235497579917294 0.0741526075678247 -0.0071290729321333 -0.00640087326019384
-0.26543725659257 0.00057763314933675 -0.00325179611418529 -0.0140819227243068
-0.257870523392911 0.00977397123278387 0.00244086855387509 -0.0222923574718554
-0.19654400847118 0.0838304563828847 -0.0110929231882566 -0.0364258772077013
-0.0864121060896739 0.137413559149088 -0.0801824483580631 -0.0504731582822166
-0.0150327621636948 0.149984075069489 -0.159798638779962 -0.0350332183531577
0.0500297976943949 0.125185893589285 -0.192141963926129 -0.00497057168280165
0.116361303288591 0.0951127163314139 -0.147295823609566 0.00197311612601243
0.128512527190089 0.042200903158216 -0.090549890533926 0.0224230454392444
0.161061861339586 0.0508882628443509 0.0497226451711436 -0.045533456318779
0.184356288993545 0.135021009970465 0.147846011103791 -0.0941295804424691
0.0903097964033926 0.214319142961679 0.217044704038756 -0.0315525479460865
-0.0871137712576712 0.255952114834463 0.13952712171499 0.108846713374865
-0.26711801550506 0.108616444389128 -0.0528565746362476 0.161969968671182
-0.2858092241542 -0.0416310276884418 -0.140800085792057 0.0526985110748947
-0.251774596521338 -0.0863788887206253 -0.12263087752933 -0.0298146702400558
-0.239516191951324 0.00144395659018973 -0.100762878465396 -0.0227720664747388
-0.176516297892314 0.181567827533834 -0.084204907044273 0.0490341207559516
0.0935627215877488 0.295814494714428 -0.0469766631575452 0.101512609112005
0.357297844552514 0.0823061436147751 -0.0530032316707757 0.0591766562649047
0.238280378511677 -0.206288557538911 -0.115817946415253 0.0248090245177139
-0.011338714511608 -0.200264120317526 -0.103235590296284 0.021727039602513
-0.0237564371838509 -0.0379182524182305 -0.075386994188619 -0.0168053592246514
0.0482443745333307 0.0139404381892316 -0.0952631461550381 0.00288914897407327
0.145359335221766 0.059601331056161 -0.000781534719900557 -0.0825312406272442
0.133382756162171 0.118607140054398 0.152141986437628 -0.101974143878952
0.03783813445315 0.140645917429289 0.188116572769697 0.0650774415659294
-0.087670398262367 0.131281843966828 -0.0132026665542304 0.202036725228405
-0.207752199392863 -0.00359411447954432 -0.224407672712197 0.140610875057515
-0.209117498139131 -0.143925314471382 -0.284050315287393 -0.043717580859231
-0.177091009712844 -0.162495490288652 -0.201954192929932 -0.136607981406217
-0.177117085426301 0.000114865465241227 -0.178099708521393 -0.0248149852921161
-0.0550718328411301 0.248037254468769 -0.0900050542765408 0.223187675028493
0.293448684314752 0.287059380252139 0.135328206680845 0.25000716697196
0.499147985397463 -0.0664033224094955 0.112951974759683 -0.0221467959220221
0.263342485639706 -0.411341168121005 -0.118793954541495 -0.0418522794778251
-0.100792207099213 -0.36293563205907 -0.052261586260593 0.10025525365727
-0.147629089791313 -0.110802450001939 0.0525098824365976 0.0409220519157412
-0.0251196269633737 -0.00620831940804696 -0.0444458066611156 0.00798300518595168
0.0880683656160272 0.0416434870707822 -0.0300335022054662 -0.106130134735061
0.0574488759665594 0.059758089493056 0.153751726275344 -0.050712751285386
0.0177900563211648 0.0384317883605707 0.0679783815051724 0.150696470310301
-0.00931443518921715 0.0280996130233769 -0.172626649872491 0.125765031670984
-0.0611225104872509 -0.0189573804157986 -0.245882732712312 -0.0127539089715295
-0.0744570856317175 -0.0984590790371894 -0.280137511829467 -0.157843344459918
-0.0772656963443036 -0.126451285512427 -0.217871503267936 -0.243094146170138
-0.0970516110656205 0.00513194286504932 -0.227330991351148 -0.0248876130656784
0.0188547929810895 0.17049495646196 -0.0387105636859556 0.384021155762597
0.239162111862727 0.131857520227638 0.343423190368301 0.2854061327244
0.291958036731214 -0.110338946587526 0.187121976684069 -0.173430502448814
0.13051321479897 -0.281635672566614 -0.178071787329341 -0.0838185948877041
-0.0937258747918049 -0.240829940229873 -0.0246885432342155 0.197406502054912
-0.137724141225049 -0.0773391405121184 0.187379150955863 0.110018821265625
-0.0420982648892676 -0.00594580032827831 0.0245621481191638 0.0150337340092522
-0.00214097778399373 -0.00554466118722764 -0.0355992759296526 -0.0127886468082508
0.0049114035083788 -0.0101523179564972 -0.250909716230474 -0.126608613273226
0.0171551792657136 0.0121805558108966 -0.0167703456182795 -0.25890678661404
-0.000143831787263876 0.0238486044921141 0.219420903225382 0.0366379356226331
-0.0210321317058358 0.0211499949301327 -0.146496442042162 0.246727252560844
-0.0252644562517638 -0.00776385710627596 -0.425333555340228 -0.230510827770005
-4.572161121241E-05 -0.016835301603823 -0.0120490297185095 -0.449324108109807
0.00752330989228185 0.00999058666308125 0.247869036223855 -0.00310052500380726
0.001514671014962 0.00613064406140126 0.239618536874852 0.281238799773231
-0.00898974212303637 0.0103581278644515 0.252801258773843 0.206027502051249
0.00298100246174779 -0.00138175119910276 0.213646473139646 0.0812575440622791
-0.00489442184713288 -0.013777675057437 0.224134640470053 -0.0459142829676564
-0.00474483093995589 -0.00269001418951609 0.0225860024723642 -0.193062558933215
-0.0086895584240193 -0.0142938737956711 -0.16781998399185 0.00741116153520927
-0.00999400842531294 -0.00886771440034464 0.0341951173469947 0.12696302275306
-0.0498008423653893 -0.0178909946765101 -0.00886684143272418 -0.00359798876317802
-0.138845461497729 -0.090387706279586 -0.208694542031537 -0.0846569050977916
-0.103146437973265 -0.22259792398079 -0.028200826071365 -0.215682491653031
0.106806818333511 -0.262871042322366 0.188775772292998 0.0173900073138903
0.27987454650562 -0.0748036298797394 -0.129767842324839 0.20830108192514
0.209999461071678 0.132755110256082 -0.381075686429831 -0.21211072912291
0.00288471937397465 0.1477225408365 0.00389310236187833 -0.39675541624019
-0.0893094208995948 0.00584211585712017 0.230448023010313 -0.000204266825586317
-0.0638604655894946 -0.106722713152465 0.22077742839889 0.267849148882719
-0.0660459436173642 -0.0732867290538228 0.259156010064908 0.20910505293163
-0.0439827681664905 -0.00584550320088047 0.243442139807222 0.0646987209158233
-0.00890030525544648 0.00134523390691221 0.211587762782173 -0.0829093331830296
0.0126337307525223 0.0142287581711504 -0.0126790684741723 -0.184569707883961
0.0317524022890282 0.0246015481295285 -0.171906952135503 0.0260061187450892
0.0637545607787226 0.0211115439590674 0.0267059841818842 0.124947316801279
-0.0485550269225612 -0.0216449282823334 0.05595006127222 0.00396337311692688
-0.189169725399394 -0.11113111440791 -0.0764767827980791 -0.0188422916207936
-0.182252939097141 -0.341878217588908 -0.00483715293308744 -0.10978741708615
0.155092423017848 -0.453539117428684 0.114087614599384 -0.0132575917990324
0.47721245819284 -0.13561465550257 -0.0893467057263668 0.0733732911627363
0.334592664272627 0.236755449047315 -0.217699613064084 -0.199346283786398
-0.0357352324730671 0.242730485383985 0.0483409026917172 -0.259914808364631
-0.179583080748902 0.00191485389199769 0.180444429510207 -1.89937624155075E-05
-0.151075719016766 -0.178846751840561 0.190636312295341 0.178535112630387
-0.173801812981315 -0.164764387853696 0.274204938566266 0.13887166548494
-0.185167383296743 -0.026802060243657 0.277174682502158 -0.0471919471193312
-0.107851651801385 0.0778666007013875 0.118183669420784 -0.19413422069382
0.00892552983647281 0.1168648559512 -0.139682331560628 -0.140028023544132
0.0888149489162152 0.0965916209805028 -0.1825176078443 0.0661666076525899
0.128100521269731 0.0451768419990746 0.00301877687983457 0.106989808061518
0.018865862533095 -0.0093590381944869 0.104398905797757 0.00269691613967061
-0.0794592414483326 -0.0533269194236774 0.068007666948861 0.011892650392124
-0.104423826369309 -0.2299218198887 0.0590169229765597 -0.0281728226824804
0.150995629661508 -0.320508263738132 0.0619375114467573 -0.0518317612649185
0.395179467786503 -0.0346344026155958 -0.00593954069210589 -0.0597372157303978
0.209606515583528 0.272064867919038 -0.0215280061434461 -0.131544763278531
-0.133290251507 0.213778874692304 0.0610775278851399 -0.101351889448348
-0.243517749530537 0.000729238401094565 0.0977635092777192 -0.00442803409948438
-0.240273930920579 -0.141591401876299 0.116987230770063 0.0478025057659194
-0.285138942306711 -0.138189379001576 0.17858712737904 0.00204987243509082
-0.31139769744774 0.0311660651499539 0.130495906214826 -0.144245665952231
-0.186602887400047 0.217285403734033 -0.0708226012093629 -0.189251850845913
0.0269964557980054 0.239066819429908 -0.231295555992457 -0.054009545798791
0.147477638209804 0.151722125156156 -0.176363881319049 0.0613984642957434
0.160281486170156 0.0555114635793599 -0.043128117714979 0.0680732744949571
0.112131309051372 0.019565431286449 0.0969624074652161 -0.0147652017240428
0.106540891880603 0.0563318788267745 0.139060886659512 -0.0293349414661656
0.0573783773352163 0.0542973591381505 0.146842745773863 -0.0363598692381552
0.056557901853202 0.0765012512541429 0.115099306032471 -0.0325516653953193
0.0201041545400879 0.135553422369436 0.0552317620865979 -0.00370924997234867
-0.104404268863725 0.164522727497344 0.0190288130964687 -0.000229525037116377
-0.235528139482837 0.0757253334914201 -0.00860656511927474 -0.00494926121064106
-0.266766075257465 0.00403899731652078 -0.00446300902783635 -0.0139540867075147
-0.260344609669322 0.0118882666974558 0.00255893743797552 -0.0224460089406951
-0.198063445818298 0.086224361418328 -0.00970562157947201 -0.0369774360022382
-0.0872847766534428 0.138950677312819 -0.0807476349911353 -0.05063864820479
-0.0145657731402523 0.151224359285438 -0.160770108508512 -0.0340812754222432
0.0530382271747793 0.126366121372495 -0.192666573174884 -0.00221012039334473
0.119864632940404 0.0947480646216384 -0.149068211894336 0.0043854073927487
0.130877970764248 0.0403172765245631 -0.0898030660199808 0.0240428709544362
0.163912047976309 0.0490454024208239 0.0484989233543213 -0.0468257204950762
0.187596975824858 0.131603128620549 0.145830322942612 -0.0962102455590754
0.0939520620154156 0.213499883152973 0.217962801323706 -0.0358323601130847
-0.0823832057527997 0.258076145180826 0.142316904460261 0.108619994801452
-0.268432480530139 0.113929663747463 -0.0512756202605019 0.163630088470174
-0.286989585808245 -0.0385992222307655 -0.14336955245017 0.0543659599929648
-0.253318910306329 -0.0836154612517302 -0.124647713927102 -0.0268417550521235
-0.241263822056373 0.00333399816556816 -0.101994247395931 -0.0215447444627694
-0.175945762720304 0.184758891349777 -0.0835414850340623 0.0486167017006062
0.0984149004394252 0.295598885363563 -0.0453518984561647 0.10190908375647
0.360026388177651 0.0774790553302929 -0.051793469926311 0.060051050541655
0.23485672538822 -0.212864833134506 -0.116399212010361 0.0281708643817763
-0.0148012648041234 -0.200489352026735 -0.104475365182308 0.0236277707793959
-0.0235996073415575 -0.0358213667570816 -0.077466745853452 -0.016050322448703
0.0493309456938581 0.0129315354105372 -0.0955378255883846 0.00378205267848365
0.1469290702534 0.0570046915435939 -0.00233235587030573 -0.0822878822408502
0.136623550787892 0.11543049635094 0.150011628804369 -0.104085388770934
0.040489003974861 0.137684582083502 0.18916940489924 0.0610317062473842
-0.0860783694757961 0.131954230364753 -0.0110114943001793 0.20400929746361
-0.209719989742104 -0.00111795455816048 -0.224038328543514 0.143535993635274
-0.211524291394896 -0.14169456668789 -0.286977472270649 -0.0402585873287878
-0.179385989391921 -0.162219234323204 -0.204292481545653 -0.134646484112097
-0.178396396306046 0.00241077323997373 -0.178549157904697 -0.0237067684941756
-0.0536422181384628 0.250077033080662 -0.0876008386821209 0.224490026417581
0.299608146166877 0.285485387649786 0.140101634039374 0.250096197137051
0.501509614543682 -0.0740154413280772 0.11363802703019 -0.0239882229294835
0.260342383761653 -0.419768084964025 -0.121104088849149 -0.039141745230441
-0.10704154771088 -0.364450533280844 -0.0505566831965423 0.101487148866533
-0.14978271372506 -0.107256443562925 0.0527856399530392 0.0394987667216108
-0.0241944538780036 -0.0051110644678763 -0.0443888502480116 0.00744286976760842
0.0890963912298038 0.0405514129350041 -0.0316311162766252 -0.104350032430835
0.0587948452605253 0.0568905537072239 0.154230761859674 -0.0521552581985597
0.0175323796512147 0.0353596194506046 0.0692330827097015 0.149653882610859
-0.00769562691056091 0.0265680162397569 -0.172849936513624 0.129038539534115
-0.0616818055194147 -0.0176679376143143 -0.245541234863304 -0.00995480671440063
-0.0757263389049997 -0.0985091039747077 -0.283234790831968 -0.153804847119896
-0.0802168035585827 -0.127186173147868 -0.223444033003581 -0.241627308625408
-0.0977032218673101 0.00676341771218955 -0.228128328538543 -0.0223384503689974
0.0215454327851829 0.169850421036728 -0.0335137812138668 0.385611023070666
0.242666489878482 0.12850793095399 0.349084371115417 0.284906939330278
0.292938761129317 -0.115681293785408 0.186801015796564 -0.17627468537789
0.12594399525343 -0.286299564177048 -0.181818393545603 -0.0807865277061952
-0.0986699353627324 -0.241590935692674 -0.0214198206609655 0.199613827260148
-0.140392207330892 -0.0740688987934719 0.190528758707408 0.1070490826078
-0.0417867706014409 -0.00477664068185226 0.0242840337813896 0.0139835357901581
-0.00159524326377564 -0.00617133790162474 -0.0325747102979588 -0.0182700607739316
0.0076209789867852 -0.00887400100109567 -0.223547622601181 -0.165092126018996
0.0165985105149454 0.0150042313371923 0.0270420640382623 -0.25814059084747
-0.0054230359110111 0.0245628105318748 0.21050316931284 0.0738041928509664
-0.0253588918346457 0.0152646477997365 -0.187009488613399 0.217353058784577
-0.0249464735127418 -0.0120852281681682 -0.380404333213556 -0.30240226280627
0.00128028159968468 -0.0160389897191237 0.0712271486041702 -0.447905944523223
0.00567246676036804 0.00997291896572498 0.245281407931695 0.0457622643421407
-0.00243957494823887 0.00692346811074081 0.183310843444841 0.319807018000989
-0.013001007247408 0.00981246246309539 0.212590540930566 0.246722408702618
-0.000215729232965122 -0.000207351446441111 0.195399734645582 0.118798539288174
-0.00513509973203934 -0.0124704503932684 0.230873617217324 -0.00457232910652132
-0.00271038892250535 0.000355112661233559 0.0582171211053921 -0.189743181196437
-0.0042654001620058 -0.0160896036505441 -0.169117074312974 -0.0235410970352776
-0.00899834679704486 -0.0126945192495287 0.0120186672619281 0.1318961245476
-0.0452197009100537 -0.0262949164632924 -0.00987675000048872 -0.00504268459857354
-0.119720289241635 -0.115589722047082 -0.19038079009085 -0.118364683178383
-0.0595660879419265 -0.239019938613043 0.00904885896879216 -0.219542156170789
0.152594086086197 -0.239722490148144 0.185092346192589 0.0453258997629052
0.291569899219963 -0.0220585228688312 -0.161951249548171 0.183585923149777
0.180766587635291 0.169338351194228 -0.339207556127379 -0.274636953026397
-0.0262129351445342 0.147287961729209 0.0746451876157356 -0.391353846351825
-0.0884677078020021 -0.0123705158291145 0.227348643680549 0.0462699264508775
-0.0450564238292759 -0.118189402321645 0.169258519233393 0.304177957122052
-0.0549053148087538 -0.0832951441590374 0.217208954405326 0.253164925378963
-0.0451848683759915 -0.0119482009839518 0.228197616858368 0.108966448726654
-0.0102598779411854 0.0024479717356383 0.224733396732852 -0.0427267369708773
0.0120574092833616 0.0179817260509763 0.0220375968652537 -0.186086085387895
0.0289833008778021 0.027736506347308 -0.175401377367503 -0.00670788482772
0.0576132394116681 0.0309665444654581 0.00416453061328564 0.129169746456027
-0.0439539351977051 -0.0283678756648419 0.0526386933276111 0.0142877108510623
-0.167534394876756 -0.144077645412048 -0.0725068694289365 -0.0329611332607639
-0.117706553442731 -0.369511246496154 0.0139434071014268 -0.112570938111251
0.237079039064387 -0.418505505251489 0.117300921888924 0.00231543947386764
0.496082771750075 -0.0447760375912773 -0.0971463766252814 0.0565614482630572
0.286236502065091 0.295047335135129 -0.179131598883388 -0.233203489682874
-0.0819801911560769 0.232369061384445 0.0944416445056582 -0.247262000277394
-0.177236060093552 -0.0334212588311678 0.177795280341832 0.0345956859510162
-0.116621431572712 -0.204462281173845 0.15527222041698 0.209830694344206
-0.143746467114143 -0.194239954260468 0.244968020166429 0.187737515624451
-0.179598905934017 -0.0567453575424516 0.283130971458534 0.00464105118380732
-0.119902187885603 0.0599932963498011 0.151468458033827 -0.170467605512907
-0.0100438384814874 0.117822381463864 -0.113089654247423 -0.163582173542963
0.0724690766476012 0.109726951043547 -0.193829729971629 0.0342097293438034
0.117408661167443 0.0682957333613637 -0.0168888117734009 0.106899161644339
0.0198844351135904 -0.00354573193437613 0.101537288440483 0.0210503462920931
-0.067422107202908 -0.0650422893308354 0.0660368516172058 0.0223195383064034
-0.062812108014965 -0.243792168276595 0.064689680711595 -0.0189037119515096
0.206671814325064 -0.286843648645211 0.0728818353862443 -0.0416725332595341
0.394870374104986 0.0396372610843017 0.00800725173028105 -0.0591275938897588
0.154885881975677 0.304207827544571 0.00134701148817754 -0.132395154767087
-0.172735628216211 0.184315109189905 0.077536149399117 -0.0872751225643839
-0.242052807654114 -0.0457566844582675 0.09753833910595 0.0146659689119734
-0.211420440355863 -0.185557731971736 0.106402187541875 0.0693947656502784
-0.256883178758394 -0.190039025749922 0.176284510513331 0.0357694048129445
-0.315765412297638 -0.0227838814727751 0.156358509908956 -0.118820433221336
-0.22335820044074 0.183963600486156 -0.0355272631938341 -0.200252987876299
-0.015346970322382 0.241567528224755 -0.221734639100098 -0.0942349188980465
0.120424882339302 0.176001366053495 -0.188230886678545 0.0317038533176134
0.149338422111027 0.0845437773099296 -0.0544145959090377 0.0603552939043546
0.105617303353114 0.0416792930922138 0.0987837755402493 0.00420228495624094
0.0961961086260689 0.0765505287534736 0.143021771328711 -0.00337881509599782
0.0461076973080924 0.0651714539288673 0.153291678211397 -0.00861143125969436
0.0416854647966882 0.0869093914856029 0.119744689124185 -0.0105443696093711
-0.00759527398091015 0.137242428226947 0.054169158089602 0.00826142580764221
-0.133567665784725 0.140582648420016 0.0167643773012268 0.00374718185154848
-0.246074332191034 0.0290965361958714 -0.0101668243242427 -0.00540166375018132
-0.264729721816564 -0.0466527899555503 -0.00175271998025268 -0.0141995346129872
-0.25914496446597 -0.0374199490788697 0.00710432652906457 -0.0215545228640478
-0.212147893837528 0.0475356996969351 -0.00225132822549279 -0.0380819730559342
-0.112188460610326 0.121670813497428 -0.0700434486260891 -0.0647502928595517
-0.0411479112954501 0.147411208679323 -0.152884190508688 -0.0620348428981813
0.0307698474153687 0.135220046275652 -0.192620470968218 -0.035292942550291
0.104801939926138 0.115655697102493 -0.150116176413651 -0.021464203145395
0.124322121047891 0.0651950420451107 -0.0932347869868446 0.00808314476264994
0.152045488048885 0.0800111121126542 0.0560630652336681 -0.0366986497045566
0.16314554594014 0.164485324738128 0.160407044660891 -0.06605603994956
0.0530623955754409 0.228585140299935 0.221461109428272 0.00531983453871728
-0.130069900811428 0.239169049704988 0.118507034154898 0.134919354104193
-0.286063529978835 0.0606671081005726 -0.0837233118883862 0.152132522435127
-0.275661484856828 -0.091595508696307 -0.153260039338736 0.0286166410606642
-0.233390774235378 -0.130645633681104 -0.119907365156333 -0.0499794966105073
-0.239058705142434 -0.0431993646269974 -0.0984384781674868 -0.0403182544888413
-0.208791488607743 0.148149965585001 -0.0901190966017131 0.0325275977549114
0.0404653362173077 0.308366922053583 -0.0611190486778327 0.09290900392844
0.341977450457174 0.140222735513275 -0.0615393413535721 0.0496107202334952
0.272160926906433 -0.168531765840124 -0.12041668215528 0.00626862353119116
0.0235805545699678 -0.202834391198701 -0.109805451433733 0.00389632505638356
-0.0144880388627586 -0.0392979631620345 -0.075850950639539 -0.0303872924337674
0.0494657336884376 0.0225148199262292 -0.0951617615147278 -0.0135671359256276
0.135842545075055 0.0830235504880933 0.0123770032348285 -0.0799669393387148
0.114464368138931 0.137211381859752 0.16508578775206 -0.0733162515647959
0.0128160487982278 0.141506078221155 0.176335708792008 0.0945468641667521
-0.108621544643835 0.112219384048704 -0.0489045092410075 0.199148676162086
-0.207141773700099 -0.0411967484430903 -0.248507640025403 0.099801497679158
-0.181955758236787 -0.178426473020996 -0.276144791644639 -0.0895164399086465
-0.146086017614153 -0.193651378434069 -0.178760693126928 -0.171982450986466
-0.177639733841613 -0.0316086275042805 -0.173921797524603 -0.0573377299756078
-0.0994803321613172 0.234731747525489 -0.126423417927582 0.203946865114777
0.240712339479123 0.335974347739055 0.095956760692994 0.274037726389266
0.510208138523146 0.0201546333140359 0.117864419746699 -0.00419751037324114
0.336372432500024 -0.368337512498481 -0.112330330196759 -0.0601152862511942
-0.0376138892947958 -0.384781854565324 -0.0694956807487137 0.0911231043484729
-0.129957307666707 -0.1333863223165 0.045444629463328 0.0469883662258384
-0.0211799239921524 -0.0101385401332575 -0.0455809913266807 -0.00132562176873312
0.0814502530201545 0.0554868546604158 -0.0115556029222304 -0.107925666531433
0.0470742118041803 0.0670547476771437 0.159567305718566 -0.0217725243050769
0.0100649066796613 0.0366626441208639 0.0404698518051372 0.159538542075159
-0.0122810862112108 0.0237079764681842 -0.191606145093304 0.0955401016148406
-0.0576166543268838 -0.0295454772122997 -0.240072281105519 -0.0550999323751588
-0.0565033638352484 -0.111671508420763 -0.251105604468089 -0.198980055523319
-0.0559329056776671 -0.140741205357578 -0.176069291995609 -0.281864720495754
-0.098000383175501 -0.0127157016409582 -0.221824531348313 -0.0674614731283264
-0.0132333753130567 0.16935718010155 -0.102379284823823 0.373846534026502
0.210554142997524 0.17420062902736 0.295419085494769 0.344541953060297
0.310257775399305 -0.0572401328088558 0.217439295315688 -0.142842894229419
0.181063630524031 -0.26194417162577 -0.166217491198189 -0.111638442456973
-0.053621764295783 -0.262927313569529 -0.0558218157344056 0.194819914564423
-0.129997838044211 -0.100435866510552 0.171499937157095 0.138391347417579
-0.0409552726442009 -0.0127179277407883 0.0221714094512665 0.0176371149581439
-0.00203051022192139 -0.00583689808303868 -0.0322956611055016 -0.017575495332204
0.00785686710267152 -0.00896362927479719 -0.22758191876826 -0.157354275771994
0.0174705834369649 0.0141377590143501 0.0201234094857633 -0.25855591003567
-0.00456582401279142 0.0234437192695685 0.213334145897655 0.0667466092082134
-0.0240918612604178 0.0158246360198354 -0.178426719966929 0.220731734727354
-0.024867938713937 -0.011576633497804 -0.388437381128147 -0.293557980118985
0.0015233413366666 -0.0169760437224164 0.0592939822585471 -0.448764804080747
0.00643913326254267 0.00886506383033203 0.247008431982225 0.0406478946343229
-0.00214444515443557 0.0068485393626075 0.189728327731459 0.314209644513832
-0.0117277967219734 0.01108668595377 0.215415594517543 0.240484497377557
0.000473102316923086 -0.000443870174632563 0.194373309001714 0.113684967531398
-0.00598735811719526 -0.0121718942399363 0.230295241977449 -0.00842655840577115
-0.00287143721523356 -0.000513445859105694 0.0546389687887435 -0.189887470885421
-0.00494259834479997 -0.0158829367016936 -0.168935459246481 -0.0198629207465621
-0.0100618001716666 -0.0124815530578672 0.0151285799677784 0.130671140198462
-0.04568120122828 -0.0242391041789995 -0.00908278304700455 -0.00457392620945706
-0.122503504882636 -0.110739991028211 -0.192853598952146 -0.11149174159677
-0.0660258430579118 -0.236534099423342 0.00247935894519871 -0.219837732833642
0.144816904720801 -0.244258821115267 0.187330717720648 0.0402835149361704
0.290046335759418 -0.0302870570153647 -0.155689747518006 0.186435824650909
0.185765827576203 0.165097624034425 -0.346552188587906 -0.266891329525675
-0.0235195970649059 0.146596237391353 0.0640128411036495 -0.392415190894133
-0.0887756122055927 -0.0108432615200207 0.227505659044293 0.03976358353689
-0.0479053992149869 -0.116058436064278 0.174788222147529 0.300174318557804
-0.0550569960833159 -0.0799578677938703 0.221902993597164 0.245686995145034
-0.0438946538539378 -0.00987571271575213 0.229027601678464 0.102751715048601
-0.0105058981682673 0.00173037669529956 0.224106753049715 -0.0461266790426157
0.0128203459790492 0.0166628589946802 0.0178221686907512 -0.185459172389638
0.0290052350327235 0.0261241774914883 -0.174585309612894 -0.00174739220878906
0.0569150400800882 0.0295266894021067 0.00805168283017517 0.127764034204481
-0.0440125879311484 -0.0254067608236427 0.0532249448927697 0.0136174434279258
-0.169575966434927 -0.136499491835676 -0.0718447084960828 -0.0297199928661388
-0.127358139467801 -0.365216786146447 0.0114612881569391 -0.112522610332108
0.223716450287545 -0.423949832824579 0.117345862085831 -0.00126687917080565
0.494113605146082 -0.0593458436413757 -0.0954794360576497 0.0587554995506119
0.291976209833959 0.28600265071701 -0.186120314269607 -0.229197780101026
-0.0765072394276242 0.232857246696334 0.0870021519902007 -0.248219236190159
-0.176281430406449 -0.0295287316012033 0.177822261115899 0.0306718992066984
-0.120601388926729 -0.202325149172796 0.159651961172335 0.207146552377202
-0.147491693527711 -0.189891029958949 0.249470328751105 0.181008746634704
-0.179555189055834 -0.0514440358276925 0.28188017155056 -0.00081302571810705
-0.117481977486361 0.0627535333901043 0.148387304739752 -0.172122759211096
-0.00644212204130449 0.114965127315686 -0.116824828191022 -0.159303021275209
0.073990383273921 0.104632872746911 -0.191784804107267 0.0399417288747903
0.117577438804294 0.0651441179502064 -0.0125834116105116 0.106417569579715
0.0205185318962849 -0.00261614885889104 0.101533926669803 0.0193143998805372
-0.0681461993120547 -0.0620499339567945 0.067453087765192 0.0216867864771124
-0.069602134831183 -0.239766626883253 0.0648796712370298 -0.0197785013688148
0.197973864844713 -0.291738690122701 0.0734241862970594 -0.0432966847583735
0.394274776697963 0.0276485714250376 0.00526840972332493 -0.0585938394606408
0.162884203013099 0.299499354627351 -0.00324754619500637 -0.132399284548017
-0.169004317498236 0.186851431964633 0.0742368107388586 -0.0891789001876898
-0.241420971158233 -0.0397875153042677 0.0973079739049923 0.0124287888085416
-0.214314460085481 -0.181910999200074 0.10841159197235 0.0677386855979474
-0.260883825320541 -0.184108389510773 0.178896733046394 0.0311593434026239
-0.315061740297565 -0.0146951495652409 0.153909731321816 -0.121757569729317
-0.218349101515083 0.189882232200355 -0.0393701268537603 -0.199240654753234
-0.0084081214585999 0.240472917842858 -0.222752144027938 -0.0871378342045777
0.125244293425614 0.1708784296846 -0.186473063804282 0.0366017521583004
0.151028810449914 0.0809025046172061 -0.0511533281368149 0.0616260394340429
0.106054752602498 0.0400221203152635 0.0976020820245893 0.00223455237153962
0.098657255331862 0.0748145518633375 0.143103232457397 -0.00728832591618285
0.0469088562273824 0.0659381594086606 0.15383068765173 -0.0127414495442346
0.0422431095632701 0.0855332391605764 0.119946116103206 -0.0117216546446544
-0.00489580149410143 0.136918865811097 0.0534479535855049 0.00807542765415158
-0.129212394236328 0.142468350065254 0.0156190782962529 0.0026669105292721
-0.244094522457516 0.0339322873657819 -0.0109158374413355 -0.00466874092660019
-0.264738001407905 -0.0422513460298142 -0.00209105877478205 -0.0136613581578135
-0.259896596934523 -0.032342035469396 0.00725389309456989 -0.0214631761514873
-0.212568259683576 0.0509339718936835 -0.00114929552236323 -0.0379245644921021
-0.109453320941062 0.12264100220653 -0.0700266161907561 -0.0639761366354652
-0.0376133388159487 0.149146089317238 -0.152975617277429 -0.0589877848398755
0.0343265316425831 0.135117413657052 -0.19297533566238 -0.0301486314479949
0.107752111076443 0.113324284050993 -0.151123911640826 -0.018837418679877
0.126182822065038 0.061591108782045 -0.0916900140734009 0.00958166099405503
0.153007067674135 0.0761303961499655 0.0540563310635457 -0.0364994544871143
0.167564759848027 0.158313678245588 0.157267790551693 -0.0705361285044746
0.0570365294182452 0.226594691440435 0.222059203008213 -0.00125799171020501
-0.123433229515858 0.24094944662837 0.122551148807924 0.131104775936687
-0.284675321572789 0.0689323071853244 -0.079698456174896 0.154982009353624
-0.277654871335407 -0.0846936091551531 -0.154402570048289 0.0328009778182725
-0.23516216708094 -0.125990332906038 -0.122019194608533 -0.047048508339166
-0.239011802211993 -0.037571742734601 -0.0978404050739289 -0.037281992021294
-0.206078301018032 0.151609746748755 -0.089440531154833 0.0327024614867506
0.047467919265992 0.307063501804539 -0.0571531938276907 0.0932772952832073
0.345347712230899 0.130390862669603 -0.0587703075384788 0.0496197369246381
0.26640071499804 -0.175492979278059 -0.119660233358588 0.00965885538552777
0.0172282559546275 -0.201174273722269 -0.109123880033649 0.00715547798411381
-0.0154070194343444 -0.0375261929705107 -0.0765635144325846 -0.0292068027720329
0.0505566591356512 0.0221507808171408 -0.0952069789551371 -0.0121286260648254
0.136829495425231 0.0792560155039777 0.0101463624638583 -0.0801291487219401
0.117306533915083 0.131615890176747 0.161693411059964 -0.0760983755304859
0.0158386936749699 0.138439345203046 0.177666991730803 0.0889359970473837
-0.105408308066194 0.112955625178849 -0.0444316230777592 0.199844493513727
-0.206690729112546 -0.0351828004250314 -0.244636648789201 0.10475080007861
-0.184712838635986 -0.17313882956278 -0.2777919704151 -0.0818698478892958
-0.149896138476778 -0.190185019160341 -0.181990331923509 -0.167018889936297
-0.177847202978398 -0.0279210146195059 -0.174390287405106 -0.0530386148809169
-0.095229110937798 0.236770088292148 -0.120634809501662 0.205553339828819
0.248591392389932 0.328893643340129 0.103262775634597 0.271174154384589
0.509159283853515 0.00638922220656799 0.118523808282996 -0.00779857039284262
0.326377354092437 -0.378675633814917 -0.115013865785363 -0.056851724992418
-0.0489457271037871 -0.381324711296102 -0.0668115123372817 0.0922134326801964
-0.133176729746575 -0.128641211179779 0.0458640958679466 0.045011637515514
-0.0202931959026641 -0.0082295183702227 -0.0445681124494038 -0.00167292378870206
0.0817930554902264 0.053004526736617 -0.013617963468812 -0.106078861976997
0.0483044913526466 0.0635566077694997 0.158054401739964 -0.0252354822620305
0.0116917552171514 0.0349494663771405 0.0434164091036191 0.157669509560015
-0.0106532672135053 0.022592315340951 -0.189133247001657 0.098758348692852
-0.0583552262403438 -0.0264873622202671 -0.238989186620666 -0.0498013032167612
-0.0581286640410174 -0.10849358536363 -0.253507632050991 -0.189993493763454
-0.0588962404332799 -0.139077638074496 -0.181894540216308 -0.276251550251182
-0.0969631644423962 -0.0109850406562704 -0.221720886902732 -0.0619648423650711
-0.0103392474032896 0.169507432806211 -0.0916354505785629 0.373992396091401
0.214696349980028 0.168041251948335 0.304649859139795 0.337696688650907
0.308320133857738 -0.0642656955986526 0.212669243697928 -0.147175693204385
0.171781193468398 -0.26689358178415 -0.168248051061176 -0.10598332548034
-0.0615042243115687 -0.260908309404797 -0.0494796665064951 0.195648292483786
-0.132155206579256 -0.0949100604455134 0.175366237781784 0.132827623376092
-0.0403290008239647 -0.0111114653592161 0.0229924652126271 0.0156543354727943
-0.00351319528024314 -0.00616279437419721 -0.0314593340374451 -0.0164730845628379
0.00845831139888059 -0.00902591468973566 -0.229462640046778 -0.151091925490414
0.0166390154402389 0.0121703988911402 0.0154757322939828 -0.257082075115913
-0.00489447403594683 0.0240729057380133 0.213987411375108 0.0609321335702947
-0.0238260456604763 0.0159573369413526 -0.172519594002183 0.221911742210868
-0.0254973015809783 -0.0116517958499556 -0.391497902119046 -0.286277166177691
-0.00124487604924167 -0.0170123704764167 0.0506521274690187 -0.446217717950687
0.00510282788593073 0.00878053174767875 0.244693067988086 0.037973607355064
-0.00336350803314571 0.00627027636219656 0.19186153314037 0.310137041414629
-0.0119898320614095 0.0117706402189799 0.217831979137281 0.234390650991662
-0.000176683319690908 -0.000846472760220079 0.19216028858409 0.11171878501249
-0.00709713156058258 -0.0131596670706202 0.229383220242772 -0.0106255252297756
-0.00382244008937347 -0.000724165525234827 0.0521042388737377 -0.190417426690568
-0.0056748215827423 -0.0154335081131479 -0.167260562374631 -0.0181720787630691
-0.00949413676325241 -0.0122122499979468 0.0178527429976876 0.12802065207129
-0.045492812103393 -0.0228228370948358 -0.00914096173112175 -0.00355600558170974
-0.123292396815225 -0.106469891408878 -0.192252225496106 -0.106511812624556
-0.0708172374885418 -0.234671179138734 -0.00209232492435631 -0.21886269323825
0.13937543634403 -0.246157962014846 0.188257276989177 0.0359666296419216
0.287702309924527 -0.0358972015115756 -0.150035899940387 0.1878308073992
0.188519234273364 0.160417708194485 -0.350530261533514 -0.260689334215813
-0.0210336626445397 0.146931318702614 0.0576928008128133 -0.391482533253806
-0.0881741193529651 -0.0118442819070325 0.227882904789466 0.0387318490461613
-0.0483417760554756 -0.115696537111339 0.177543248436195 0.297390604889469
-0.0558911588490629 -0.0788379448565565 0.223603256109127 0.239061749773234
-0.0426890787008634 -0.0081584250489977 0.226250803948877 0.100099546310683
-0.0076318880290664 0.0017152134944344 0.221175654536979 -0.047776158553543
0.0127981070310168 0.0145865505167405 0.0170734506857037 -0.184814158651199
0.0283489459591471 0.0236584843334692 -0.172540730835493 -0.000244839356015523
0.0578946270935696 0.028420437200625 0.0107078600057935 0.126632846278391
-0.0432889487553399 -0.0232006043730588 0.0528194507388376 0.0137503582467665
-0.170207441251061 -0.131589096341096 -0.07011428270782 -0.0269542014568206
-0.133338793224642 -0.359346258420159 0.00994036356556938 -0.111812955404677
0.214625098898233 -0.425443281654049 0.117916120290488 -0.00352998186153008
0.49081469594123 -0.0686781016375307 -0.093095721219128 0.0606142317909762
0.297263050703361 0.278545766759465 -0.191152750833305 -0.225504993959087
-0.0730138496493394 0.232014757000285 0.0825402522036543 -0.248533590106181
-0.174803930258409 -0.0275105705645988 0.17728598975434 0.0295998383233671
-0.123159576176842 -0.199605779948472 0.163156744907458 0.203800664377917
-0.149675333623394 -0.18659643421251 0.250938623603577 0.176514138622706
-0.177910585463105 -0.0477766764805948 0.280393155326505 -0.0050097539120021
-0.114202880898657 0.0647552717263363 0.146122346907504 -0.173409871523767
-0.00474810776318863 0.112446481741743 -0.117055482064718 -0.156483289100172
0.0750235261362663 0.101356376964958 -0.189484024225434 0.0413375840296188
0.118372644918692 0.0631996502810441 -0.0106976059289823 0.107490476804176
0.021003081757615 -0.000426591826791449 0.100339214591385 0.0182157954506653
-0.0688288932764459 -0.0575271984496385 0.0693947424547006 0.020180908914901
-0.0749060529363656 -0.236300174442613 0.0655662184177054 -0.0204363568308388
0.190175057936428 -0.293322596791453 0.0730063872727954 -0.0435237557641257
0.392289087489998 0.0203026717900118 0.00302816176159595 -0.057370381309002
0.166114311194995 0.293786739225018 -0.00708561327850985 -0.131761989350743
-0.165830183472133 0.187404400952896 0.0716844378258255 -0.0886904369646108
-0.239204764291571 -0.0371459325623163 0.0974464598588258 0.0113899979998508
-0.216958147748231 -0.178074117808582 0.109915179795864 0.0667868960763372
-0.264100217856658 -0.180319726212647 0.178885910416032 0.028643691225123
-0.313079778547545 -0.01116238767536 0.152198651029078 -0.121960482270253
-0.213835886268646 0.192043048599849 -0.0404820391174464 -0.198209594631042
-0.00447755714697469 0.238455596322029 -0.221970741002512 -0.0831379853708255
0.126009881059054 0.166806126542743 -0.184741082339213 0.0389727180460419
0.151002052913663 0.0786662111115589 -0.0487820079167866 0.0615184936370895
0.106187433702244 0.0400669370239622 0.0959620562955984 0.000994048873781664
0.10084560342815 0.0725811552804311 0.142929846914503 -0.00977733756841215
0.0468799213986226 0.0645035422667097 0.154191937958414 -0.0150628857833062
0.0423271113644319 0.0851518644719935 0.119982600905028 -0.0138124673892032
-0.00434030255323081 0.133807633791351 0.0516435414376626 0.00796435124732171
-0.126520587986042 0.143519816287106 0.012676069903408 0.00256917765513529
-0.243215376706019 0.0358493896948785 -0.0119477064531994 -0.00391934933607869
-0.26326099958752 -0.0378203165310235 -0.00123259179674414 -0.0133198923063186
-0.26167814182577 -0.029684769774507 0.00836104811329787 -0.0230604452512077
-0.21123594363158 0.0528263915423941 8.48591967238409E-05 -0.0384883886653213
-0.108285318152411 0.122684458985879 -0.0690427317354679 -0.0625051666717516
-0.0363834149243958 0.148986099212908 -0.152534404007644 -0.0565016114442878
0.0354847635963253 0.134314274831631 -0.192611404366598 -0.0266259347677437
0.109060598287622 0.11156572821571 -0.151707716536661 -0.0165724266913456
0.126342899758009 0.0614916361556585 -0.0898985915477203 0.0108754022372265
0.153539776767855 0.0736618396511573 0.0531282621117372 -0.0370579514075333
0.168443677330146 0.153083384960491 0.154405238252692 -0.0721006146547232
0.060853713585258 0.221872625250941 0.221551125798368 -0.00529980132736713
-0.118831755922922 0.240957908036362 0.123184422722694 0.127616925872969
-0.28222818343868 0.0723743817047933 -0.077796853766086 0.155829316325639
-0.276741956849565 -0.0810196800422111 -0.154434213702713 0.0352704602989559
-0.234848545117701 -0.122652917940023 -0.122495591449103 -0.0445728096542232
-0.238066847652315 -0.0345945828851112 -0.0974877262844949 -0.0354519540322318
-0.204217326711847 0.152834749212514 -0.0877244885408256 0.0324506174790482
0.0518015992233074 0.303359545144153 -0.0546718401528817 0.0937167255680424
0.34361782947744 0.124473498454052 -0.0555922300810246 0.0499534279046411
0.262017680406529 -0.178638067547897 -0.118693705071584 0.0120205954286546
0.013113704682703 -0.198609199783282 -0.109101617496681 0.00838461935205269
-0.0140333754594256 -0.0361057980302536 -0.0771620813661538 -0.0296395411768193
0.0517709174626065 0.0216944294043801 -0.0943499486655897 -0.0116413119505028
0.137437506252109 0.0770972025391936 0.00855006528828749 -0.0789477817523249
0.117695783351482 0.125675006626654 0.159657529440607 -0.0778431211088042
0.0159926053779304 0.136170170658296 0.177174260515793 0.0834356773413367
-0.101690096572116 0.112925910683785 -0.0414163439994382 0.198949848115141
-0.206063340090956 -0.031271262835623 -0.240821222787456 0.107455893048966
-0.18577895857583 -0.17007569601658 -0.276593676891959 -0.0759309698788007
-0.152295577455323 -0.1875767343484 -0.182685884887086 -0.163545021453609
-0.176355819854932 -0.0268837894240836 -0.173862764796361 -0.0510596163780698
-0.0920740227315581 0.236049553953146 -0.116203594017559 0.205334444387691
0.252051325271032 0.324375974999819 0.107207372768673 0.269013065919423
0.506266915098814 -0.00172900828425582 0.118702053161418 -0.00998869953851414
0.316272706150394 -0.383236911487726 -0.114791534900834 -0.0539613309342651
-0.0565928755358104 -0.378546933042079 -0.0645213149389895 0.0923265962023703
-0.133889715393508 -0.124852539057417 0.0459906493295835 0.0430273193456304
-0.019489730487687 -0.00761196952724558 -0.044453578937025 -0.00162860425391309
0.0819636107189913 0.0514266906037464 -0.0149222517724653 -0.104780035326359
0.0481809346708701 0.0613298044435861 0.157146174362794 -0.0269940788205529
0.0105796170303314 0.0323024938340967 0.0454515297773704 0.155670768050191
-0.00903209284481487 0.0216293126245095 -0.186518759907521 0.100412654040339
-0.058310943163793 -0.02429608353867 -0.234838974197326 -0.0452110588231029
-0.0594044633500529 -0.106454702292299 -0.251815087820245 -0.183841111779798
-0.0609304237144186 -0.137783546359004 -0.185108178555042 -0.271767132832616
-0.0955541321177215 -0.0106015818232703 -0.220902680101398 -0.0589481728125327
-0.00832205558805249 0.168992402191569 -0.085440891154777 0.37208909671077
0.216556155591607 0.162497998761948 0.309941937084247 0.332694845666386
0.306040841384942 -0.0703151405694257 0.210557333224813 -0.149090076711791
0.16742602425265 -0.270434818276711 -0.169435876013304 -0.102325100326721
-0.0664271237722902 -0.258883392502283 -0.0445595628747772 0.195012636332725
-0.132811352454727 -0.0916469590675696 0.176526789264392 0.12935055337736
-0.0402281052327622 -0.0105341892038311 0.0238072332515141 0.0133735871146927
-0.00360506308412947 -0.00600527090218333 -0.0319056491566097 -0.0152704589410428
0.00769495631320211 -0.00957282201613615 -0.231268580073095 -0.147470160934905
0.0162546657492672 0.0118009503323196 0.0125166924685411 -0.256394832504568
-0.00565564375383142 0.0236232843138958 0.215882704466621 0.057232361817928
-0.0237160320539251 0.016069351565187 -0.168191380444807 0.22300606069201
-0.0259469130731994 -0.0116274035671666 -0.394648197313771 -0.283332278699314
-0.0013573086419292 -0.0175843719946212 0.0481088577084992 -0.445375041917774
0.0052206858594865 0.00782399239160126 0.244486076057759 0.0380094578310711
-0.00381544485612745 0.00711631041400082 0.193490870250988 0.308641372596437
-0.0109499337510432 0.0123529465653028 0.216568626508223 0.23052050065352
-0.000145831869055056 -0.00116011594355868 0.190947323469339 0.11091705530471
-0.00672002841513437 -0.013717108638654 0.229574748343883 -0.00979696593015122
-0.00383445548173191 -0.000509788526822926 0.0534651487895269 -0.190134138840704
-0.00569751189777978 -0.0148173140074234 -0.166720454993327 -0.0191350740459615
-0.00962149431669237 -0.0113694977217689 0.0196589178716579 0.127479580659474
-0.0449982795498062 -0.0221489881501003 -0.00880681201915108 -0.00179709457170756
-0.12489721411384 -0.105307873402918 -0.193346121078758 -0.104011609210493
-0.0731365739659363 -0.233909086876707 -0.00581004270845088 -0.21852285069255
0.136590876058663 -0.248554016713952 0.19020334133652 0.033611804114363
0.288635935914998 -0.0399624677354106 -0.145815321490402 0.190007627852361
0.189705008391266 0.158397653034995 -0.354106087144436 -0.258692109235639
-0.0211019056007046 0.146028050856344 0.0541359046340076 -0.390879397220145
-0.0871805842166307 -0.0115411628365784 0.227426028284671 0.0380886778242809
-0.0495165103402544 -0.115547011054462 0.179517656330036 0.294421701016787
-0.0559881455845891 -0.0780304029354286 0.224579732950695 0.236610612508108
-0.0407205938277181 -0.00732376895391901 0.225650543855093 0.0974862196283245
-0.0077966260028252 0.00192130022155939 0.22195462460156 -0.0463245699452201
0.0127552895966546 0.0126249744828129 0.0159488878766755 -0.185536774064003
0.0272867639899049 0.0226662473835807 -0.171513485073796 -0.000775693529341387
0.0584741575989587 0.0273502731720358 0.0113985611579471 0.126904968646374
-0.042720232163471 -0.0212587999672831 0.0528339813647912 0.0139450952234863
-0.170946091476474 -0.129200551547645 -0.0685962318877782 -0.0259522947388554
-0.137636947592758 -0.357288693213793 0.00837287413225785 -0.112265416117897
0.208797782156596 -0.429926877594048 0.119312733359957 -0.00509513422558071
0.487874481848918 -0.0740995983257003 -0.092128747710497 0.0612549974899228
0.299544936598498 0.276148723134161 -0.194695769049188 -0.223368970169218
-0.0727462731708059 0.231671955743521 0.0794697282948001 -0.248231210689093
-0.174180842054665 -0.0270136950255727 0.17711792378264 0.0290399485784265
-0.125135902675853 -0.198946074152155 0.164901774077464 0.205630414423385
-0.149904954041567 -0.185018841774043 0.252588460292496 0.174550543914243
-0.176115841000247 -0.0456837011171959 0.279368589193994 -0.00725882483085349
-0.113181052470576 0.0662037464405242 0.144396172127641 -0.173075381589708
-0.00360545705057947 0.110567291868039 -0.117429417383932 -0.155683477863801
0.0749897757145314 0.0995731394969931 -0.188094866076904 0.0430699638977331
0.118720183811907 0.0629079278609527 -0.00946621237341261 0.106791555578029
0.0216846781735559 0.00126180493507174 0.100139679283882 0.0180485863597625
-0.0673663847101043 -0.0557790883856848 0.0713039100857447 0.0204504355884792
-0.0772516576208427 -0.232703263757355 0.0674102614640248 -0.0200038001963346
0.186133033159402 -0.294554424704277 0.07445397975608 -0.0442866774183281
0.38937665323249 0.0151055187935322 0.0028470151326814 -0.0566375899111762
0.168064768669469 0.291161595498111 -0.0105612750325659 -0.131800699473764
-0.164165582837599 0.187548865043491 0.0697357555719201 -0.0888576485730495
-0.238773864993434 -0.0360842310997471 0.0981693039934496 0.0108604350328336
-0.218559178119402 -0.17794416497385 0.11154435529054 0.0664548150841584
-0.266308872893456 -0.178910573397269 0.181100394622989 0.0277971614581797
-0.312932704404989 -0.008213438802641 0.152814129531502 -0.124457829152061
-0.212948483379369 0.19444959357078 -0.0404979175181958 -0.197381151035459
-0.0020300360496874 0.237116036392103 -0.220880328751584 -0.081482741033509
0.128078491190013 0.165079216193382 -0.184527322145746 0.0390000927438965
0.151774842975582 0.0774957583934643 -0.0468600833004623 0.0616070909833317
0.106479897098464 0.0396599169272155 0.0954000150675106 0.000748391276028953
0.102211444907057 0.0728766497251347 0.143576469791694 -0.0106320990103821
0.0471496125591494 0.065386397603575 0.156340969073801 -0.0168247272903872
0.0423556188123027 0.0848558157894901 0.120188257481018 -0.0142308499352598
-0.00511116819021832 0.134086013186003 0.0512685113260275 0.00854731817152265
-0.126114401499979 0.141872320932236 0.0100336167504122 0.00290413422356081
-0.243003426555092 0.0362817760636314 -0.0138690317792782 -0.00371164883732288
-0.262871913720214 -0.0366924604145892 -0.0017448262976819 -0.0128388549542054
-0.26379641679597 -0.0284104872670681 0.00852474718183906 -0.0220683041024655
-0.212034204432291 0.0530461459905164 0.00136463389740514 -0.0395375436018435
-0.109130575981425 0.12348818824655 -0.0678881974402575 -0.0626303145731909
-0.0372943641727765 0.152204372155344 -0.152542277335155 -0.0558114148949707
0.0354887657715878 0.136075375520628 -0.192759720697274 -0.0251790661557408
0.110848693364989 0.110842521447548 -0.15165825177215 -0.0153160078845164
0.127351507070357 0.0601262173175469 -0.0888932741954598 0.010526154950503
0.154311435688198 0.0729724500833113 0.0520906933489175 -0.0371843745586786
0.169232135292984 0.150542973565395 0.15452079084818 -0.0727539972117581
0.0607591948283006 0.220566999992691 0.222088247893447 -0.00859725241719673
-0.117548980303968 0.241569189537613 0.123643844925685 0.127019806999919
-0.282904645896773 0.0755182279407684 -0.077084327190072 0.15553979617365
-0.276595148285335 -0.079956029062734 -0.156046754364974 0.0366912058247327
-0.235718657376568 -0.121639693169134 -0.123245639595633 -0.0432087358435073
-0.237732573150437 -0.0331227936454495 -0.0969625225798312 -0.0352326249486214
-0.204164366968689 0.154643613137228 -0.0867439506875033 0.0332771053874809
0.0524005598183726 0.302562324637724 -0.0521318586300009 0.0943939832249597
0.343104780741587 0.120306166141442 -0.0554770245685692 0.0503365348762841
0.257654802121886 -0.180538557836903 -0.118288401746289 0.0126300725878911
0.0105953720842192 -0.196668812446505 -0.108535082253693 0.00834354311827538
-0.0142785351470443 -0.0345925525753166 -0.0786509800689034 -0.0288908230054886
0.053069913872432 0.0221263105676372 -0.0930528467029989 -0.0109313531585654
0.137952334795132 0.0759230048739623 0.00811571627330424 -0.0783958731007081
0.117345649358822 0.12236786683169 0.159222131047941 -0.0778966825162151
0.0170401279164254 0.132978181081723 0.177452170561094 0.0815964255203609
-0.0995774289387611 0.112199584251714 -0.0395094579486522 0.19869658203464
-0.205851002299752 -0.0285318880577967 -0.238897748255296 0.109024333005941
-0.186956920104464 -0.166900718487047 -0.276697456569417 -0.0728888200644254
-0.153226245427168 -0.186714150972759 -0.184290167224944 -0.16246668201196
-0.17608846530483 -0.0262079814316027 -0.172557302237464 -0.0501992881242087
-0.0921954278161321 0.236982313055428 -0.11456207625635 0.204139059703102
0.255552792160723 0.32163899433245 0.111776023929448 0.269606850477293
0.506473210972057 -0.00660669069814684 0.119148949963322 -0.0106584214603164
0.311007161713671 -0.388706909999556 -0.115560471072916 -0.0520368604567079
-0.0614018201295653 -0.377715051848182 -0.063660210781206 0.093359427633722
-0.134274184481412 -0.1224607949543 0.0461344847431847 0.042059073168242
-0.0186813944621728 -0.00723163558950936 -0.0441727649410672 -0.00323892552522248
0.0828952943585169 0.0503410178074133 -0.0151488484600929 -0.103841164031688
0.0477841440018628 0.0587808825553103 0.157843605671951 -0.0269286430121615
0.0103750959188325 0.0305658618208787 0.0449840060966365 0.153678830008901
-0.00861217381076504 0.0202419877944314 -0.185344966197136 0.100857928940817
-0.0584417429971248 -0.0242023093844444 -0.233351243670598 -0.0452788876486072
-0.0584139516325424 -0.106344399575303 -0.250677220705639 -0.180640300547128
-0.0612513898897536 -0.136964140700627 -0.186434343692005 -0.271494948125659
-0.0960583790615365 -0.0105254312276378 -0.221837106587094 -0.0577106353568324
-0.00786882936540707 0.168589437749281 -0.0824860506511761 0.371940649658878
0.217604171662735 0.161621777045691 0.313471867828706 0.332291301533234
0.303541779957823 -0.071696705925238 0.209122712165653 -0.151505673632045
0.164964735400292 -0.272979823088189 -0.171156216547553 -0.10040894092046
-0.06895330900112 -0.258727197375894 -0.0432809433168838 0.196447642749894
-0.133561666746523 -0.090510555343546 0.178237642469917 0.126612931893664
-0.0397906410891186 -0.010840164499987 0.0241900660139739 0.0120102288526599
-0.00377646258695787 -0.00529143022521273 -0.0317211129489879 -0.0123938980587791
0.00732016153464872 -0.0118523717706923 -0.241222669667235 -0.134089433243761
0.0165298898361984 0.0102333640039652 -0.00454034736696644 -0.261089025029135
-0.0046396906307469 0.0248762372877675 0.222662883385001 0.0430334497472952
-0.023693964955267 0.0169776769510804 -0.155908831030518 0.23791404128439
-0.0275356981264927 -0.0119986605370314 -0.418350575334585 -0.260420525870234
-0.00313370023722759 -0.0182540163883381 0.018571154583443 -0.453867666816073
0.00569888959142821 0.00653755192495818 0.249471190813673 0.0246054336749404
-0.00541398390698544 0.00816988885311074 0.211960581809042 0.301860497654418
-0.0106660052265762 0.0157131575904472 0.229333317913578 0.217889879921274
0.000391966428973023 -0.000183992819081671 0.198364850160239 0.100755482676571
-0.00849422213036646 -0.0122785607247678 0.232310534684916 -0.0221032072346776
-0.00411161934881443 -0.000774892217084011 0.0418305786628258 -0.196520815021135
-0.00745275504119229 -0.0161552294674687 -0.169652536869333 -0.0092580718789933
-0.0119349196532042 -0.0124641298430414 0.0291005674566178 0.127078097705036
-0.0466727118395591 -0.0185501507516112 -0.00865940384342478 0.000161843491594526
-0.133096288839874 -0.0985768654114248 -0.20172070598213 -0.0919678662385337
-0.089818321130141 -0.232747260689322 -0.0193778331288567 -0.220727397946407
0.124257882671468 -0.259393325736838 0.194074506409616 0.0195039633894651
0.290163359126013 -0.0597247542196072 -0.135320523338749 0.201758395237633
0.202670370752194 0.146357678605986 -0.376597285196279 -0.235927588087668
-0.0115794062600957 0.147562010685977 0.0290475158190364 -0.398390528839724
-0.0884006189897998 -0.00702089143002566 0.231785245880962 0.0258570283505598
-0.0590381242152673 -0.111527925005559 0.198092191234201 0.28770026406152
-0.0615032993634358 -0.070392307424012 0.237637293731462 0.223030061264831
-0.0401821833268268 -0.00301664843546678 0.231215119594684 0.0861474711389486
-0.0057125887037716 0.00171593169952088 0.220257314852702 -0.0592865438879819
0.0153910425961949 0.0108326700919539 0.00518817163913357 -0.18812243901921
0.0290297941096349 0.018378916481022 -0.173638226397361 0.0112748650496533
0.0604819451202414 0.0226295068623646 0.021636474179584 0.128228597811827
-0.0445024538032153 -0.017932475185512 0.0546816304981214 0.0125568807546438
-0.182581460273366 -0.118885246307872 -0.0695583153763428 -0.0209529714756766
-0.163642462047537 -0.354311968193879 0.00246719615928642 -0.112940176443034
0.183425817293431 -0.448317150379636 0.12049233108387 -0.0135736964345135
0.492102756136135 -0.107949879125797 -0.0900169661168868 0.0679084449982585
0.322002355791612 0.258717559773265 -0.214032371536495 -0.212284908705619
-0.0593270195527032 0.238476671243366 0.0640470032522468 -0.256908575470094
-0.178294625204259 -0.0177094592729396 0.180630963084306 0.019806310797659
-0.138708442349462 -0.191675116224589 0.179314322829929 0.197772590734452
-0.163123760978386 -0.173417678498849 0.265394065800854 0.159111803067165
-0.17707958566096 -0.0326687739755233 0.280794179116872 -0.0235893194831936
-0.105327049746611 0.0734840351908 0.134540016592185 -0.182373839192699
0.00624720398220281 0.108975739851301 -0.127546593002493 -0.147719727513141
0.081355878334812 0.0916469646089009 -0.187102367327622 0.0581207391933264
0.124194825557699 0.0542035686301724 0.00014028717301369 0.110340513271873
0.0220538347469679 0.00144252649898127 0.103314199002556 0.0146487246282582
-0.0724132133070497 -0.051802617828907 0.0754442632664604 0.0163818087574956
-0.0939134472633531 -0.230347250917923 0.0679484794963518 -0.0239827275044121
0.168710702426122 -0.310483033013743 0.0714866204199705 -0.0486676390995647
0.397394460050486 -0.00945505822789145 -0.00127352945755962 -0.0568532063842437
0.188781914944012 0.282962041582291 -0.0225204891202691 -0.132519384824195
-0.155993998427286 0.199067736984261 0.0627350702975634 -0.0933084358542469
-0.244484074210044 -0.0223990360246223 0.0989685508723911 0.00590083059780211
-0.231496776715425 -0.164995078786949 0.11720115496765 0.0612640757270705
-0.278988241958937 -0.161322462072095 0.184411226544171 0.0158555565199821
-0.313081875735177 0.0129207036322476 0.145562269691861 -0.133321510333575
-0.197141323789772 0.209134113676195 -0.0549266249412718 -0.195241035084744
0.0150593402405452 0.235772541009467 -0.228965293016384 -0.0629014209484591
0.139068121253621 0.153718602596356 -0.182746338127151 0.0566767506986944
0.159183435076417 0.0663309996333324 -0.0413599958436682 0.0665597937854223
0.111188391489139 0.0364816465120063 0.0968065680796474 -0.00354317960365291
0.108629549880051 0.0678446502679889 0.144762779185844 -0.0189636005441757
0.0509874132027153 0.0659529745491916 0.158099303756396 -0.0260260792521799
0.0464406434166753 0.0847020638549682 0.121115097967787 -0.0214330700967641
0.00115788366554936 0.136845453390925 0.0515710115695636 0.00756431432804608
-0.119255348616537 0.150424974515106 0.00818842407790287 0.00218787174246011
-0.24374781322321 0.0502293745814208 -0.0142707062499931 -0.00110938089147863
-0.269131227049269 -0.0210546004009538 -0.00204159568472603 -0.0130339642835162
-0.266016095111183 -0.0128998668046424 0.00831049777613779 -0.0233428053050745
-0.210875790394411 0.0663748826078342 -6.24747287261842E-05 -0.0411055563014357
-0.102625349347514 0.129922462769209 -0.0718604683674644 -0.0584542036470386
-0.0256783848242557 0.153765318064025 -0.156189816715823 -0.0457695454357718
0.0459864137926114 0.132811519481575 -0.196588118549637 -0.0111995840649437
0.119501265174201 0.101983646980008 -0.15408507988435 -0.00321784425727124
0.134170418855721 0.0517262325505005 -0.0870831118094976 0.0178509233129251
0.161767657048561 0.0654096186427463 0.0496454897197267 -0.0398915450106949
0.181981934539866 0.140973871966436 0.152541378295922 -0.0822008498902517
0.0743548889643271 0.220371996303082 0.224662832705375 -0.0227569616779573
-0.106273573070787 0.25159686863103 0.132677441290695 0.120588640844606
-0.285082261467371 0.0936204382894234 -0.0693499109514442 0.164879006709055
-0.285453304764079 -0.0635387391404219 -0.155106299191323 0.0474768930150391
-0.246640911318338 -0.110139992154237 -0.127702889767819 -0.034685588178737
-0.243415814832731 -0.0199903672031337 -0.100488832525354 -0.0300930177304943
-0.198465817106075 0.16746644843052 -0.0857888801523094 0.0371091453135243
0.0712448469379688 0.300416571104213 -0.0464785244323756 0.098200778880103
0.352177915577115 0.0965347449855025 -0.0504030472190623 0.0553578525739614
0.244893927598635 -0.201815611250759 -0.115250019302804 0.0192754943380807
-0.00470005785026321 -0.198458721167929 -0.108797188398627 0.0127445479795936
-0.0161620207733114 -0.0339014687608189 -0.0829790869824931 -0.0247729459465116
0.0568284993195292 0.0192711211048598 -0.0948276174037892 -0.00617190716625091
0.145887564877967 0.0680730949883868 0.00304542813007778 -0.08053992264739
0.125767290683458 0.115361938626291 0.15638630283241 -0.0879116524604623
0.0238893467352734 0.132152816751503 0.182592790015773 0.070791987178851
-0.0944758737962973 0.118432105049857 -0.0284270521799058 0.202052561758218
-0.212477615748744 -0.0169839576415072 -0.235194039591716 0.124999875720536
-0.198162538198428 -0.157998560064685 -0.282353240608499 -0.0551268165679618
-0.1659570107633 -0.179383460647063 -0.195689786056287 -0.151269621152689
-0.180270180926229 -0.0161664854753463 -0.177273041864165 -0.0416957973349461
-0.0808638604571478 0.24430460965581 -0.104926840368977 0.212619142957894
0.275808567142414 0.308615998338158 0.129858668931536 0.267624125260731
0.51008919830329 -0.0428465551214167 0.124048101158054 -0.0171156751235673
0.287141448100562 -0.413733169315265 -0.116853518064913 -0.0479801286359639
-0.0888383809462313 -0.377102113852442 -0.0583755923832581 0.0937885444055145
-0.144596196649555 -0.112362381630573 0.0479844010810823 0.037134531463939
-0.0185537439538933 -0.00540257854643801 -0.0455087519943274 -0.000913046237528784
0.0878067200968035 0.0441892098043906 -0.0216784765478947 -0.1052606653668
0.0506511350337987 0.05522140192321 0.157188671175045 -0.0350743675263753
0.0121220465559727 0.0290213581221151 0.053996745976562 0.153397305488344
-0.00730870657343319 0.0187617755938592 -0.180638618455155 0.112532001645329
-0.059967284505457 -0.0210590494094951 -0.238595447775843 -0.0313495105549725
-0.0661361411878551 -0.104140142981112 -0.261635998789038 -0.16494341854773
-0.0715769116154013 -0.136381206548271 -0.203651991974497 -0.263248559189975
-0.0974165951389968 -0.00628446841963781 -0.228325577083284 -0.0477968315118823
-0.000234386964028097 0.170137633193212 -0.0623368898757484 0.379062172906647
0.22771072079963 0.151897207149199 0.337978747502666 0.317099578264512
0.302014240810948 -0.0944405844986733 0.204807742024649 -0.164660027914573
0.144899945961581 -0.288858891731078 -0.177521323822143 -0.0919688745268848
-0.0914654411876215 -0.2572740808474 -0.0296219344863065 0.197921756299326
-0.141135397986272 -0.0786295809618374 0.189063895675647 0.11272307551607
-0.0407716626622589 -0.00726456310737123 0.0245353172921897 0.00819535596333227
-0.00356054692608177 -0.00538661721891592 -0.0323264647855111 -0.0107725617608956
0.00733952812931266 -0.0130048618465977 -0.248864613631416 -0.127982321287924
0.0181475868701693 0.00999771630420665 -0.0116488723449236 -0.265116516029311
-0.00394815912498506 0.0255300081449185 0.228067602344504 0.0368360497495376
-0.0237731039069896 0.0161293738149334 -0.151259663045771 0.243367798915943
-0.0278852715969874 -0.0123422022843043 -0.431396714944971 -0.256407293671666
-0.00366357406511178 -0.0182238706226104 0.00977035877668187 -0.459650842517828
0.00504689157936282 0.00590458953006352 0.254054178900686 0.0229129394897864
-0.00521466929164885 0.00874934272682009 0.219442154046655 0.3018209750092
-0.00938271588146342 0.0161294650125308 0.235570967855185 0.215980910623755
0.00101480723396555 -0.000602200781702526 0.199809580860694 0.0989274370399019
-0.00854536558845324 -0.0134589574500357 0.234324102622875 -0.0256645056380317
-0.00410537457137661 -0.00128129467453776 0.0391601008857555 -0.201480473530914
-0.0079809235325253 -0.015522117681716 -0.173499510770367 -0.00630520589126401
-0.0127761281249019 -0.0126319512596835 0.0332462500400961 0.127561966546311
-0.0476608921892926 -0.0175260378831275 -0.00832926122830678 0.00212078017267824
-0.137235729469458 -0.0974537140651573 -0.207149480461218 -0.0870776124091589
-0.0964135602426441 -0.234826480415682 -0.0254435806927796 -0.223844036988138
0.119273336826665 -0.267355226963114 0.198353583732905 0.0145465339736203
0.29462037930208 -0.0681027694412446 -0.131802067655918 0.207007514454008
0.20942306996387 0.14443504006336 -0.38956398881212 -0.232625158524384
-0.00821230492794237 0.15066509969246 0.0207720633176746 -0.40590107738548
-0.0908664627027292 -0.00739331353741237 0.235629033818783 0.0242000509370772
-0.0610129680344193 -0.111766845756435 0.206462388038808 0.289693792164839
-0.0625055258190747 -0.0705171325683052 0.244466102151845 0.221894481398526
-0.039202322415692 -0.00126467174241587 0.234330096668091 0.0832644816395605
-0.00520889902159434 0.00243146256734759 0.223880229577085 -0.0628993070356998
0.0152695251890197 0.00851207875830635 0.00285423995333452 -0.190726711592243
0.028263586805388 0.0165184084071923 -0.175905914217649 0.0132218740776797
0.0623252094930676 0.0213351006664141 0.0241990654688522 0.129348367720357
-0.0445393429899668 -0.0166751267573381 0.0562422333960596 0.0137740287418149
-0.187147185419595 -0.117042721553867 -0.0703428951372747 -0.0184643955589722
-0.172489483683872 -0.355700355095043 -0.000728390913619398 -0.113656663427858
0.176146859157892 -0.460616252591791 0.122933118685931 -0.0166764146733523
0.49834200605921 -0.119646818488815 -0.0887370353811577 0.0717592866963829
0.332557426016592 0.255183155841587 -0.223396227615724 -0.21007624942519
-0.0558685415263778 0.243560174405285 0.0594687042744833 -0.260708563444526
-0.180000256743715 -0.0160607696210509 0.18369850794512 0.0177341769956789
-0.144682976093531 -0.191897978924205 0.185336543071799 0.198718413142675
-0.168327231472531 -0.172433380333906 0.272287708311119 0.157291737998062
-0.178732192797081 -0.0294676963782493 0.283974867347962 -0.0287489729804288
-0.104261034645303 0.0768447240697613 0.133559521495515 -0.187100331468656
0.00865060177328639 0.107404042473885 -0.132005624411419 -0.146870215494398
0.0829232716774828 0.0902436262160624 -0.187912112967741 0.0629115160695597
0.127155647127532 0.0523387956851194 0.00355445163820726 0.11278273435175
0.0236059418201546 0.00213827745379669 0.105533314915865 0.0136194220784881
-0.0725919757881621 -0.0497897196794875 0.0784427943884095 0.0155540036053121
-0.10161830827988 -0.22922061392296 0.0701991421656416 -0.0248535451845913
0.165092970613521 -0.318762230566086 0.0727429100266588 -0.0516340402628492
0.40254996645616 -0.0192327437581973 -0.00242778865307121 -0.0562429240153075
0.198157724647711 0.281443170477438 -0.0270135490583633 -0.133234031183062
-0.154779603248333 0.202998501981156 0.0606767977389938 -0.095552369650442
-0.247626197248986 -0.0190724227548143 0.100477556959239 0.00350462080034628
-0.238430477352159 -0.162467337403695 0.12229652446277 0.0612534429996157
-0.286878845909616 -0.159365448047593 0.189798804692708 0.0124330040923106
-0.317505812367594 0.0188318593852317 0.147420534732645 -0.13906446295287
-0.194548420588995 0.216967895334685 -0.0582679471319431 -0.197896123369023
0.0197712018539834 0.23780564361315 -0.233446421838897 -0.0591493299250892
0.14465566924683 0.151965924188835 -0.184147595561303 0.062085767306716
0.16408712283396 0.0644048155190783 -0.0393434297211571 0.0683496367345099
0.115801685735338 0.0360781631890784 0.0974699987100893 -0.00393470614885128
0.112574322477694 0.0675107999070415 0.147971899780346 -0.0222267091927453
0.0530756457749584 0.0675670043516558 0.161960347039693 -0.0296208149792793
0.0467800158902442 0.0860685410644309 0.123296470796112 -0.0242339852247856
0.00341674878312951 0.138914283922966 0.0523221347094404 0.00817858514778132
-0.11907839284945 0.154460799641061 0.00584185994281778 0.00337221864971407
-0.246919125470858 0.054942458548649 -0.0159262371939544 0.00109881970712909
-0.27417450833316 -0.0153941428007945 -0.00186166025587043 -0.0131093836524792
-0.271094046009291 -0.00609173592556392 0.00885345558372344 -0.023274499445932
-0.215478066056445 0.0700496082995291 0.00071567111416343 -0.0418696146297703
-0.103283272903478 0.1338170606665 -0.0731439921330752 -0.0580649636073349
-0.0243038242049716 0.156854001222037 -0.159156414025553 -0.0436690945091806
0.0491195819586165 0.134999067719885 -0.199713600952673 -0.00741656114914055
0.12502021187267 0.101099913591646 -0.157700181347679 -0.0002753982899201
0.138931880807082 0.0491342056291361 -0.0875735332722729 0.0195729875703922
0.16829460300636 0.0636126602847283 0.0487627174384257 -0.0412844514025711
0.187643916386788 0.138208960828363 0.152899290018608 -0.0864493613769846
0.0792127049779317 0.220647356468668 0.227105001898243 -0.0295439714259124
-0.102059692257124 0.257229010244951 0.136704829943359 0.119877903333422
-0.288110814219636 0.100720979329161 -0.0667498743945046 0.168489666439996
-0.291046463570927 -0.0601643446469026 -0.158570903555578 0.0531659994566184
-0.250837012589591 -0.10697488882527 -0.130585966271885 -0.0315769392285341
-0.24707429556084 -0.0170802843105871 -0.101559047553115 -0.0282076782309034
-0.198655162703987 0.173513875641368 -0.0860897323863105 0.039223261977015
0.0776615214715468 0.302751928720563 -0.0435673348809343 0.10085499665554
0.358950892738304 0.09031354229996 -0.0492676616569694 0.056756488526555
0.242562923146108 -0.209845897811837 -0.116586646344514 0.021898727712708
-0.0091178048053541 -0.200263387262001 -0.110946652007335 0.0156015212835499
-0.0161089680670055 -0.0330129047462193 -0.0855736556960024 -0.0244023644109398
0.060187510521684 0.0182986153139428 -0.0965252975684577 -0.00427583572266626
0.150742859831698 0.0650113271926521 0.000795370246682209 -0.0811740207899216
0.129767634993284 0.113415685222108 0.158201593860584 -0.0922389359736664
0.0256366190759155 0.131775001016837 0.18666725991889 0.0678249111842375
-0.0925847771729325 0.119574476377131 -0.0259100483801242 0.206021041958113
-0.215414671173157 -0.0131344889650904 -0.235819029708663 0.131236580366367
-0.202665442962149 -0.157945989899201 -0.287731407192105 -0.0492165871628779
-0.170255243516033 -0.180430944804122 -0.201722627081165 -0.150939023836781
-0.182045182300338 -0.0147697797840124 -0.181055109329049 -0.0396060944144551
-0.0777781588109905 0.248099051190316 -0.102740303466711 0.216539003022142
0.287416184884368 0.306895514274381 0.138548957511962 0.269391761903018
0.517578572892309 -0.0537073729284165 0.126069332593627 -0.0200682221960968
0.280134007876194 -0.427768763874635 -0.120120331399993 -0.0455902051204416
-0.0995359690279985 -0.380507280034228 -0.0572351791410235 0.0964490275109252
-0.148385777580447 -0.110210633465131 0.0493341663055158 0.0360599347298094
-0.0178822382804318 -0.00503615914373787 -0.0468072891788284 -0.00113619702744006
0.0904275409916278 0.0434440260726095 -0.0243270722951418 -0.105139699660367
0.0524600038343857 0.0538955417221425 0.159951311611933 -0.0373101260012768
0.0121787204478508 0.0275301303249597 0.0563202987323873 0.155462685240947
-0.00654663424165455 0.016504096740063 -0.180693683647991 0.117017759471951
-0.0608722740990587 -0.0189785647302141 -0.241111864166397 -0.0284808255851945
-0.0688316985204333 -0.104718034355046 -0.265944176343655 -0.161280451232736
-0.0740029217317616 -0.137285710380724 -0.2115097919349 -0.262647759114762
-0.0985087152769365 -0.00523761012674239 -0.231803805558788 -0.0447683167541357
0.00221711386564781 0.172993921179357 -0.055456721217848 0.385510210013401
0.235123344355803 0.149853604234715 0.350370462922132 0.31664077888515
0.305748361722397 -0.102976797486868 0.205277750973615 -0.171397204269261
0.14126834488707 -0.297645905692766 -0.182723797738541 -0.0880786421462953
-0.0986069949588432 -0.260385043642495 -0.0250883577752814 0.201658910046862
-0.144979528332978 -0.0765798931344577 0.195007861452807 0.110170243485777
-0.0405441200942539 -0.00610556927869465 0.0249886148935638 0.00665214954598077
-0.00331234146699372 -0.00584871502025712 -0.0324046575469009 -0.00925423333164078
0.00665052767022032 -0.0132528127707173 -0.256978531504893 -0.120323615087705
0.0181750627849046 0.00912560830389736 -0.020822784345062 -0.269610368329689
-0.00282206843207711 0.0251720442745449 0.232695321133223 0.0289961346675819
-0.0241718803480223 0.015413039726942 -0.1444254814327 0.248980754208706
-0.028537522929522 -0.010898490512387 -0.445739376915871 -0.247302428369355
-0.00466736800335738 -0.0180858772331432 -0.00277722405886575 -0.46595779609922
0.00476547741543436 0.00449842675851729 0.258529455069894 0.0173818524810879
-0.00420622335364098 0.00973413931246203 0.229712710870974 0.298513282788319
-0.00819990241988092 0.0156865478902498 0.242690794613033 0.211911830350282
0.000490069510139602 -0.000931326911488841 0.202399437617626 0.0961453760873595
-0.0108910175222106 -0.0134069131526225 0.237559195969722 -0.0308124519966545
-0.00544778913983011 -0.00144921935871789 0.0363133968701638 -0.205493731663477
-0.00870045149434881 -0.0149377058953678 -0.17642282186622 -0.00322972537631156
-0.0127308104841137 -0.0124059787210021 0.035682752841291 0.127402325013185
-0.0473654730441371 -0.017050676119459 -0.00691379362121387 0.00378630632435631
-0.142294072114622 -0.095133093174679 -0.21272877121283 -0.0810680106695051
-0.104654587693073 -0.234031203691883 -0.0343610597470184 -0.225832161571752
0.113993268521897 -0.275332533375707 0.202099241866067 0.00739518736051118
0.295826158006648 -0.0782109577302192 -0.1264161242281 0.21361844961347
0.216364019500393 0.139591684410145 -0.402717337257464 -0.224866351106641
-0.00575571650581182 0.153308168652141 0.00765306639102284 -0.411652958514841
-0.0911125807191677 -0.00636836188540888 0.239514588572096 0.0188206709389149
-0.064334604733413 -0.111162045815386 0.216467691076577 0.287483382980121
-0.0640017098969118 -0.0684449096507976 0.252198651669344 0.216268452813311
-0.0386567820056798 -0.000746924885244391 0.237161669940112 0.0789812574505423
-0.00465713814540587 0.00158388200243822 0.224819786870476 -0.0674355621214299
0.015896995737029 0.00703080712025741 -0.000988054080870949 -0.194606175758011
0.0284505620506542 0.0155281986126196 -0.176780032587047 0.0173188181414296
0.0638467150151718 0.019576363904038 0.0286237452683213 0.130121972373724
-0.0434444129487513 -0.0150593915314787 0.0574710047481237 0.0143354056398247
-0.192479036918289 -0.112137873969634 -0.0708083388571455 -0.0164959906595583
-0.187716542577927 -0.354028448949706 -0.00362638279366105 -0.114777746861642
0.166459156428566 -0.471827154620814 0.124696497015897 -0.0211640437653409
0.502063451111915 -0.136945455935712 -0.0869658932672262 0.0760227755263823
0.343518553163303 0.248899312944582 -0.233785789084623 -0.20619705419564
-0.0507080912550396 0.248091453805753 0.0509918234603787 -0.265943336233496
-0.182129781687649 -0.0128672407824408 0.185746220134433 0.014495875737354
-0.149992902476519 -0.191520873826429 0.194741741066235 0.196933284606326
-0.17488126600972 -0.16892695184906 0.279330638226261 0.15113155439844
-0.179918015525765 -0.0242560951989214 0.287096227244326 -0.0369325486589661
-0.101407642168297 0.0797587136618845 0.129883243793958 -0.1916652656138
0.0119833715900722 0.106199872532083 -0.137343974165255 -0.143364894917035
0.0863828877433804 0.0874202045676261 -0.188686971655656 0.0686268846890166
0.132678020842333 0.0493794330354978 0.00647482239948491 0.112929257414423
0.0256660754205884 0.00265933744011801 0.10602930204554 0.0121508098720559
-0.0734548879198106 -0.0459943310041073 0.0806554429439625 0.0132812492527092
-0.108903641988675 -0.227938268166387 0.0719036855436549 -0.026793535388452
0.15552626426754 -0.325418315484794 0.073822953201977 -0.0541273279705465
0.405918945654752 -0.0317964837825231 -0.00348375994624398 -0.0556171119523842
0.208212130047432 0.278420186688058 -0.0337672158629248 -0.132319423429546
-0.152235753597893 0.211215457696688 0.0569602736042544 -0.0971386302454511
-0.250088062434461 -0.0145995043749483 0.103203955443567 0.00264123955940596
-0.245328348640047 -0.157467303191716 0.126351748435773 0.0582060752112434
-0.295751780762987 -0.152856965876712 0.192901920071912 0.00786811732082018
-0.322465020722087 0.0279856703845197 0.146161609397993 -0.145341175430721
-0.191127408408874 0.225939871417092 -0.0646751522073239 -0.198866689790083
0.0267418661806243 0.238951470603484 -0.237995166029632 -0.0529016634294698
0.150175492809296 0.148926412223242 -0.185343014504857 0.0688005348047577
0.169748396827963 0.0617440659977671 -0.0372014168030447 0.071280855554061
0.119543286403485 0.0329044414194678 0.0984758789879798 -0.00650026747747415
0.116384616425844 0.0651031329342639 0.149941612243683 -0.0268823901856446
0.0553375217788171 0.0677486689425019 0.164397836388328 -0.0358123334565136
0.0497320314618866 0.0872224356882635 0.124304298003319 -0.0286536830698979
0.00519983687403585 0.140109402748886 0.052526952367089 0.00701519926815248
-0.116031685487413 0.157026379528251 0.00462946755975311 0.00525660043874585
-0.248936311395673 0.0611581416426178 -0.0173783233130564 0.00222520350638594
-0.276038337175404 -0.0113958349255888 -0.00141308355638556 -0.0132049261752881
-0.276040322393078 0.000723344999965265 0.00950917612088178 -0.0242245758104647
-0.216659977037541 0.0769025387871613 0.000718951828477002 -0.0429638361867024
-0.102109504689775 0.137260673709279 -0.0743024812366294 -0.0569141124336031
-0.019858416373487 0.160809809436024 -0.162536134286709 -0.0405211954628744
0.053894589989268 0.136291373397204 -0.203382069130358 -0.000821324849311616
0.130454969005379 0.0986172215134573 -0.161094425762863 0.00410912505841806
0.144294952803805 0.0469007509353897 -0.0879341227568327 0.0213956948370916
0.172918534653248 0.0586626707863815 0.047796997225432 -0.0429050628600721
0.193778713454607 0.133280312707308 0.152191378252782 -0.0916293998325648
0.0863501981088543 0.222139250010948 0.229760199061309 -0.0379126666389703
-0.0962139452182266 0.263253738218481 0.140864036897496 0.117502645216463
-0.28810337661935 0.11065950280295 -0.0643673107422008 0.172936653528417
-0.29676614767301 -0.0541699696624001 -0.160200360201222 0.0597827475422186
-0.256286671203632 -0.103047584873537 -0.133515525150972 -0.0269979832331535
-0.250485656740594 -0.0110511610990823 -0.103460321330254 -0.0264421157146165
-0.197605262907386 0.18211329519127 -0.0863062859804521 0.0419281686127833
0.0859334530089114 0.303718191733513 -0.0399788723563353 0.103007420571784
0.366138741927057 0.0788727425439529 -0.0471810151792477 0.059090045110629
0.239794007659662 -0.220645923281299 -0.117719768534802 0.0254608707096727
-0.0150061683019672 -0.201244129935597 -0.112661076228668 0.0184152623757465
-0.0159089515954321 -0.0326865622907655 -0.0887837400006853 -0.0221939393621334
0.0629744224379678 0.0167418859831807 -0.097853658336668 -0.00169006836624425
0.155497268769139 0.0612254699541242 -0.00305757335792688 -0.0810263184681295
0.132787599005249 0.110419248591478 0.156513502225024 -0.0973427066899927
0.0296133034117085 0.131616653638685 0.189333265826164 0.0627894216171241
-0.0893582133102244 0.12217752334179 -0.0218722171511362 0.209496803315263
-0.216993312122086 -0.00578559159594591 -0.236164167447718 0.138496199758212
-0.208916689762981 -0.154732831006699 -0.291319815902067 -0.0411957069606384
-0.175141201141499 -0.178975137975582 -0.209176590215172 -0.146569083525885
-0.18517407047398 -0.0115755330017706 -0.183297640241816 -0.03587854128678
-0.0719923431667522 0.254419153901193 -0.0977859229660226 0.221573408946441
0.298742061111215 0.303400353223275 0.150396015418792 0.270283504094674
0.523638016231739 -0.0709566846461499 0.126885874838885 -0.0240485061046708
0.270509368110487 -0.444289616641663 -0.124757034587705 -0.0421721745737972
-0.114051729992479 -0.383257364542941 -0.0551591843616864 0.0991080814327538
-0.153543678584089 -0.107408971604135 0.0512980917404921 0.0351997678443825
-0.0161137102979351 -0.00375744567679916 -0.0476564220043332 -0.000367773188312467
0.0932520652838029 0.0393950094515226 -0.0282979589497214 -0.106041435982801
0.0525877815762921 0.0506312043571278 0.161260330025874 -0.0418914543014779
0.0140854840853166 0.0256988213262536 0.0602421734383937 0.15616063603922
-0.00616327180530372 0.0158253751729879 -0.180753664240619 0.123241478856342
-0.0611688853721739 -0.0178152563308346 -0.243466154411332 -0.0225597708465452
-0.0719250951544555 -0.104698692891593 -0.272511979146886 -0.157040551086797
-0.0772050391952418 -0.137517238951893 -0.22100553611633 -0.261695424422523
-0.0993820935337035 -0.00443253044862731 -0.236239296499232 -0.0402284882371317
0.00702302530816665 0.174355297678981 -0.0467533406049881 0.392490071794706
0.242597517292486 0.145016679339553 0.366735346662595 0.313804755792503
0.307999145086642 -0.114098302611642 0.202645022223738 -0.180694469069764
0.134382253761396 -0.306426088220967 -0.188848894061628 -0.0817978772382186
-0.108492443028318 -0.262484286607216 -0.0191461026200207 0.20629484442638
-0.149539832720309 -0.0728027161076927 0.201595727885518 0.105216681339974
-0.0406414456423693 -0.00462086821082468 0.0242282493736611 0.00482321329653306
-0.00386585727493537 -0.00585887686136804 -0.0321468643144237 -0.00880007888310115
0.00599712588379006 -0.0143706439354727 -0.262425094571866 -0.110768962290589
0.0192224319013787 0.00909782386272646 -0.0295693052097439 -0.27061572004811
-0.00183273713120393 0.0260273013142572 0.234549214384466 0.0199202841022555
-0.024108268045514 0.0162409302394011 -0.138088241154962 0.252164503584081
-0.0286365548698006 -0.0108835264006573 -0.458367057966702 -0.235143909908719
-0.004458409728027 -0.0174273088429086 -0.0150991719588405 -0.466838844157283
0.00465006061349037 0.00484494216524207 0.259548635549022 0.0109297287405413
-0.00287631201981734 0.00984788588888179 0.237080713466331 0.295138054839206
-0.00550945287640996 0.0158199625972515 0.246887929229261 0.205051706426365
0.00104602139892053 -0.00210219098985067 0.202882737473341 0.0910108214124009
-0.0107249122111937 -0.0139049076562817 0.237438677487199 -0.0363210024884519
-0.00568382749092653 -0.00117427248479768 0.0313146828039371 -0.20778422151747
-0.00823433444881828 -0.0139910088655387 -0.178197988742885 0.000575061141972637
-0.0134841974973848 -0.0120185864203146 0.0398828318380018 0.126404519920204
-0.047501808560596 -0.0145848211956486 -0.00621214811305835 0.00428522055439379
-0.144765326086963 -0.0904525065647391 -0.216727055166282 -0.0740970118163806
-0.112734361628936 -0.232919897634046 -0.041640253318782 -0.225056638169568
0.105846512841401 -0.280602276333307 0.204687205912874 -0.000695888655447759
0.295004719285979 -0.0891635827418014 -0.120158764596751 0.21703058162859
0.222985697517788 0.134546231453609 -0.412004055901358 -0.212922716163104
-0.00161348753364589 0.153803224594843 -0.00366517824966842 -0.41408456158129
-0.0925257284943867 -0.00601228302947337 0.240903504053395 0.0146118013738916
-0.0669005204715828 -0.1109886022202 0.226075397463857 0.283939880260457
-0.0646936751647925 -0.0669354961374387 0.258653565981089 0.209523333804372
-0.037028327839179 0.00144530251114836 0.238562622167701 0.0730778320975054
-0.00333634899288654 0.000685446975963696 0.224088006734742 -0.0731629402464669
0.0163594498308469 0.00459855022927603 -0.00639909616710414 -0.194273897993744
0.0278113554071677 0.0147783060901985 -0.179190441102996 0.0210281248960477
0.0649868184510485 0.0180993283040609 0.0326742322431408 0.129077786888347
-0.0423426963398443 -0.0134839040687903 0.0592675466706475 0.0138968374493301
-0.195511244498653 -0.105809534645165 -0.0705099256321986 -0.0131287847030121
-0.198347539171476 -0.349021955488678 -0.00664048440700154 -0.114414575615702
0.152886952426329 -0.479240790761941 0.126236263572811 -0.0257789350176349
0.499446993793203 -0.152709416215914 -0.0843503142336366 0.078947003919179
0.354093235809077 0.239757957408155 -0.242232371615424 -0.199537536126745
-0.0437210620586653 0.249813332576348 0.0419435435156997 -0.268523571504935
-0.182136913756737 -0.0100543880801724 0.187941982052545 0.0109589796711057
-0.154466535326273 -0.186997671133034 0.201666448334484 0.192879371511653
-0.179599607332565 -0.164757470697882 0.285619305560206 0.144004623222649
-0.179293182812067 -0.0197556195800808 0.285804823219511 -0.0439968849568769
-0.0979144181749707 0.0825637872599308 0.126247759756298 -0.195551890783538
0.0145467669607169 0.103724013486528 -0.141748337587565 -0.140290929705929
0.0877414818845561 0.0842583147938154 -0.188599557954475 0.0738753089728074
0.13494557180354 0.04607128895046 0.0103610020603886 0.113921854671579
0.0283366779225296 0.0027270791217334 0.108078570460159 0.0101882782208808
-0.0746735214500094 -0.0435240634575866 0.0829157280711176 0.0117808457463886
-0.115891571545797 -0.224363081660674 0.073680437423625 -0.028911697462831
0.14525259748658 -0.332041747809151 0.073149092428954 -0.057239604201824
0.407164027840267 -0.0436831655721394 -0.00524675913589099 -0.0550038571527564
0.217236951406208 0.273247100404026 -0.0395797452838786 -0.129848213299332
-0.147220484181 0.215044146210796 0.0532219943483365 -0.0975264093240187
-0.251426983938192 -0.00933439377955967 0.10317833979621 0.000113702381916099
-0.249909945530511 -0.152161676081531 0.129109398830062 0.0560683673235152
-0.301668569394695 -0.144344890019387 0.195750394563538 0.00130890384023282
-0.321161306566585 0.0378762701356292 0.144480345133616 -0.149341515044193
-0.183800261427064 0.232728815060402 -0.0697512328263482 -0.199328670988999
0.0340664114580956 0.238570737578139 -0.239879925389505 -0.046120955233997
0.155845058668356 0.145053335907209 -0.18589659090825 0.0755383475680813
0.173180153544102 0.0566344929781267 -0.0343797033849437 0.0729585645831528
0.122129485327785 0.030335127550065 0.0982002322412363 -0.0084188581203168
0.120783417957688 0.0617265856407409 0.14885443370095 -0.0321466209209253
0.0578596126946062 0.0683338222210242 0.166082840583332 -0.0422960784922254
0.0515937969017548 0.0869380388932775 0.124737145638211 -0.0322281827888198
0.00848139097677859 0.141244279209177 0.0526368691622291 0.00766128697434176
-0.113188146828052 0.159374679708718 0.00218357403700697 0.00756688313839084
-0.249824752413694 0.0679090980107347 -0.0197151840475129 0.00414226596899979
-0.277893030392005 -0.00386496310789445 -0.00183534669299834 -0.0127276177518752
-0.276878007733031 0.00933350196581465 0.0095240268255928 -0.0248518785004751
-0.216582276417058 0.0830776965893293 0.000655544646271904 -0.0439160266452034
-0.0998612125654742 0.139951290195097 -0.0754936234865124 -0.0556549919784399
-0.0164704568399829 0.162544000127778 -0.163578041925447 -0.0361905020782994
0.0587851830604086 0.135672172207608 -0.202914006675514 0.0047768177544403
0.135021801571713 0.0964386693965354 -0.162986818132803 0.00920021116861643
0.148042494282028 0.0431635165280424 -0.0875109540982018 0.0238295465594969
0.175006426590878 0.0532529633409697 0.0454552791219272 -0.0433714887916376
0.198618065090615 0.127964279916786 0.150619177903911 -0.0972124084366099
0.0917163093413065 0.220154245907387 0.228095183508272 -0.0456051822084832
-0.0893512320632633 0.26652985742464 0.144033149243627 0.115640193129397
-0.286100772856628 0.119773212332753 -0.0616274355020016 0.174985613770179
-0.298512319538588 -0.0488876275558544 -0.160908165157347 0.0660466057674079
-0.259294311871543 -0.0977340709125708 -0.135469168081026 -0.0236198754589072
-0.250667497056044 -0.00526357588935393 -0.104797034972439 -0.0238075070276411
-0.192897847885188 0.189053260094978 -0.085543440423685 0.0442397823395872
0.0945031451152474 0.30314945704508 -0.0359018715672825 0.10387021469401
0.369546108511996 0.0690288041850806 -0.044222858560332 0.0599452945129328
0.233207830637543 -0.229841292749221 -0.117914564087174 0.0295401111106551
-0.0218371699871518 -0.201474758112187 -0.112985446144763 0.0215471959279012
-0.0161124209618326 -0.0324660223494356 -0.0910402928344261 -0.0199591936849758
0.0649282586428001 0.0150708957849202 -0.0990487046643014 -0.000246294957988545
0.156605978818592 0.0555407931814551 -0.00604522651471045 -0.0808292411310108
0.134936795768244 0.104603324718627 0.154704054518721 -0.102244566365349
0.0321446639458813 0.129908430953581 0.191125576267307 0.05798486965301
-0.0861520764191633 0.123871959958867 -0.0160636280953949 0.211609422051847
-0.217597265776854 0.00152832443456867 -0.23434281916174 0.145625022360644
-0.213184321567604 -0.150756816971395 -0.293163101142337 -0.0329043610234114
-0.179160584711987 -0.175819815619807 -0.213878188432873 -0.143354053616526
-0.185053127765908 -0.00746985232968721 -0.186626034779095 -0.0316843855656434
-0.065110570800237 0.256586275031979 -0.0927124829886925 0.22464226971028
0.30883481517047 0.29512448979754 0.159447644921549 0.266812075443107
0.524898796658922 -0.0874187901442645 0.128283575983034 -0.0296496746857539
0.258763469106328 -0.454907816917451 -0.126039008946741 -0.0381367176406758
-0.127199286475716 -0.381269222961132 -0.0525151701350423 0.10110682098795
-0.156405728601506 -0.102982512169708 0.0517529405817708 0.0325270263658886
-0.0154456750035395 -0.00343791746193722 -0.0488670571586333 2.81507207403176E-05
0.09402049447765 0.0367475307926655 -0.0317401826400816 -0.105528958211977
0.0542598610370596 0.049311313715788 0.160514613307564 -0.045314337907789
0.015284002430803 0.0245801791391494 0.0636475262676892 0.155453307075653
-0.00541940149253243 0.015246471841798 -0.178355962339071 0.127506109804615
-0.0607962511334896 -0.0148997501457188 -0.244496333124129 -0.0160155929194902
-0.0749541345355644 -0.103097216765416 -0.275957660496057 -0.149169053114942
-0.0799333535170313 -0.136389147542697 -0.228337826277215 -0.258823823035631
-0.099166923123531 -0.00360854342626418 -0.238864471640391 -0.0360952477766192
0.0124367960735182 0.174601036605385 -0.0349852465057642 0.395528309193483
0.2497601596721 0.137941872653358 0.380061819173113 0.306346691665115
0.30391677348542 -0.122554082242693 0.197944094609081 -0.18714124328686
0.125628014217362 -0.314339615031 -0.192152074645672 -0.0759960474173009
-0.118056996955104 -0.260358481719946 -0.0129089759485855 0.207252855364492
-0.153067267118667 -0.0690827111060562 0.206287944741016 0.097945076823638
-0.03956922972045 -0.004127079969849 0.0231410745339134 0.00341165290876128
-0.00270178872072636 -0.00573238028448344 -0.031974257445765 -0.00967927777318138
0.00593596236494678 -0.0119824449503324 -0.261062984848616 -0.120319174546758
0.0182233675776999 0.0103772673892038 -0.0211196551048354 -0.274572236805053
-0.0036859062949698 0.0261497298190858 0.234934202086021 0.0269760105210079
-0.025240600446475 0.0140067141593297 -0.146370005870354 0.248425443817483
-0.027915371588591 -0.0103432054198187 -0.451231887941291 -0.252038342505589
-0.00704064636003154 -0.0162346804545239 0.00139975776646698 -0.467891205753596
0.00352908754742368 0.00533696544452786 0.259668704314966 0.0233343517350367
-0.00432172978099274 0.0117256514356546 0.22501908074226 0.30621055995383
-0.00445424666760499 0.0188061361811789 0.235881231011449 0.213707312772798
0.00147784047337219 -0.00137888979433649 0.196708234653558 0.100727885988062
-0.0102084293283265 -0.0126993219702489 0.240764065475763 -0.0260667671725217
-0.0048663313413685 -0.00145716314374228 0.0395492351648878 -0.207968471671042
-0.00908674658559563 -0.0136614955511913 -0.178894080896248 -0.00763739183248554
-0.0140149835894323 -0.0114087903981295 0.0357472623463933 0.127768745591078
-0.0459278595415809 -0.015746824606372 -0.00489538495410519 0.0052209479796533
-0.145353460708026 -0.0931497190594919 -0.213724501958217 -0.0813325993156089
-0.108309721204797 -0.238444671357904 -0.0317510627282219 -0.228117104649149
0.114283977116128 -0.281258797389701 0.205481967166857 0.00875497137901083
0.302559543769103 -0.0833190357771584 -0.129783910157182 0.214971759033186
0.220887641870576 0.142946319641788 -0.410798012554433 -0.227813685988004
-0.0090473006680729 0.157231010182055 0.00973186898803638 -0.415047607150865
-0.0917440398561752 -0.0103352807138094 0.24136986531543 0.0245112458175323
-0.0625328669104574 -0.112698020497728 0.213165466978189 0.294433059780325
-0.0595446604215827 -0.0655785195902917 0.247457966350805 0.21904873050699
-0.0340834657395621 0.00142886706232675 0.232939550334706 0.0838907709002038
-0.00154712104505918 0.00206462550831116 0.227747084509485 -0.0624068753583912
0.016684376510058 0.00328664137560666 0.00279016409848541 -0.196401742998706
0.0262182426528162 0.0153845904223465 -0.180204731588414 0.0134022540029913
0.0650083394888945 0.0193363189607658 0.0289476570493992 0.130862428355049
-0.0407220058089341 -0.0131599885858528 0.0619629307185156 0.0168481235069255
-0.194328791024281 -0.109726732320477 -0.0690285092175228 -0.0153816752208358
-0.192162148527396 -0.358295741365171 0.00140407826786619 -0.113552319351616
0.16641296247043 -0.481109318698242 0.127125678802603 -0.0168259009256405
0.511359819791583 -0.142090705153557 -0.0908892950288348 0.077755349058785
0.349232062367386 0.252023806584268 -0.241339982182108 -0.207163380356274
-0.0546501666276101 0.251969139013521 0.0500442931176222 -0.26869785995908
-0.181709883761819 -0.0190074156782909 0.188379199124063 0.0186016120171367
-0.147079646577605 -0.192596449693106 0.196741996492373 0.201599528308636
-0.171271011655229 -0.167698657401547 0.280565382444191 0.156724412657388
-0.175586699617102 -0.0232609453117732 0.28856645600026 -0.0317889806926566
-0.097189522440711 0.0786407284800584 0.134560472310859 -0.190197643590077
0.0114877163143362 0.101409063143255 -0.134610094449068 -0.146455231038399
0.082632159098865 0.0867787592087288 -0.190128430342388 0.0672171433516997
0.134636987963542 0.0495437522969941 0.00701180841307529 0.115068184423046
0.028761177433389 0.00391031578351221 0.109898958204301 0.0159865567800692
-0.0723501118074985 -0.0449035015313717 0.0855839618337765 0.0155133945607396
-0.11066228739101 -0.227856851952058 0.0794035950430256 -0.0244621648286716
0.154143349406891 -0.330844393651713 0.0755597639993566 -0.0506556966583694
0.413487365506745 -0.0317401914559162 -0.0059700288531359 -0.0536852050573391
0.207987984709717 0.280118685995614 -0.0392178895987193 -0.131415167265731
-0.157219801544689 0.212503736233206 0.0564621100369133 -0.0952880982239284
-0.251503896740641 -0.0189463141262308 0.104904350513201 0.00371402748747667
-0.245483115347685 -0.160970756087016 0.129566973042787 0.0618883515591927
-0.296566961149867 -0.15505305590734 0.198435634580212 0.0092394872615486
-0.322662341906041 0.0271960975765952 0.152916997193532 -0.145395713980867
-0.190735918623046 0.225879059572543 -0.0616703987960235 -0.202754412941934
0.0246290076991654 0.238031943971491 -0.238095711535195 -0.0539610244183013
0.150718410744272 0.148982709359295 -0.188098902162341 0.0699080166653426
0.173330858559812 0.0614646016893522 -0.0368525724802981 0.0711521751774731
0.122783665327836 0.0350051160766245 0.0989539210911523 -0.00398623120379526
0.122250587264576 0.0652442325145512 0.152470784354022 -0.0260533811893439
0.0558184331876022 0.0728411809437038 0.169632566599166 -0.0357795643535255
0.0476925846535993 0.090592682364919 0.125182818746122 -0.0289724569442274
0.0022949132089208 0.143454777001079 0.0523345441986776 0.00887211695416516
-0.118927477876173 0.155008407508212 -3.10128049772575E-05 0.00792350638514503
-0.252875171484419 0.0589216121758497 -0.0185619012103835 0.00355064805292181
-0.278148634479597 -0.014175059942351 -0.000450980237422127 -0.0138930427100773
-0.278993217749046 -0.000993815751628853 0.0119218289696289 -0.0243707161048428
-0.221470048457461 0.0752998905192721 0.00504741597362126 -0.0457888135507427
-0.10511094036822 0.137372133821684 -0.0714181913267038 -0.0606773835713231
-0.0226822923499756 0.16322169131257 -0.162667767033316 -0.0441180011309693
0.053652418336606 0.138823695435876 -0.204452438735747 -0.00349112489645158
0.131301230146863 0.0999855989030162 -0.163993784768205 0.00403325244687609
0.147747667120045 0.0465082950142135 -0.087842326018888 0.0206234557330904
0.175506018573702 0.0586868043375143 0.0453326138621256 -0.0417260213366484
0.196743558760073 0.131741846538108 0.153406383325299 -0.0923932853925891
0.0863498234873054 0.22561665539166 0.229520455266836 -0.0396110791540732
-0.0997732495590144 0.267644256612396 0.139735838407867 0.117999976187077
-0.295258679350424 0.113059378141698 -0.0674653689966584 0.17381684121668
-0.298335202669359 -0.0595484032257823 -0.162685728498224 0.060765933861263
-0.256266766154251 -0.107625775646517 -0.133924349912729 -0.0285219591509932
-0.250545106446831 -0.0147148731425837 -0.103185651872616 -0.029407817702317
-0.200876996252267 0.182505878939937 -0.0869029407254353 0.0387335964839151
0.0834576989448025 0.309189079712058 -0.0390642618046311 0.100890800696121
0.369918336919803 0.0800754861084198 -0.0473504672870846 0.0576928152474693
0.239306922956994 -0.222642201144932 -0.118871464845984 0.0247614886674878
-0.0178186077844291 -0.20142004662747 -0.114781876878175 0.0169400713581993
-0.0146574649112687 -0.0312745238117107 -0.0910275778340539 -0.0245942529257937
0.0668489826134794 0.0171913020657711 -0.0991882092100638 -0.00437986071458701
0.156957130546905 0.0592935476142205 -0.00478974472219104 -0.081688834563298
0.132831112210146 0.10647072889866 0.158861896331612 -0.0972493971475467
0.0284429697035975 0.130719862384782 0.188116485854716 0.064718169263906
-0.0892626070204727 0.121504736265815 -0.0247865941314274 0.210996398044942
-0.219940957094728 -0.00585358801386012 -0.240866518304982 0.137271535753875
-0.207518257533798 -0.157523014233905 -0.290359012116818 -0.0433842590506573
-0.172473790185466 -0.182108961013339 -0.207204003058792 -0.151652136434189
-0.185417320592849 -0.0149357593634433 -0.18651519865876 -0.0404652705220293
-0.0753911529788874 0.257107940461215 -0.102396864824919 0.220450287315946
0.300835494924997 0.310383779821265 0.149812373545628 0.273438450878996
0.5308949657601 -0.0736441804616243 0.128861635000516 -0.0243486844697748
0.273293528085143 -0.451292000817652 -0.125634455525918 -0.0418936345042909
-0.117646065216704 -0.386808448437251 -0.0571476215216246 0.098570074490722
-0.152640469824074 -0.106452202235249 0.0498937230130009 0.0332018062742194
-0.0134734358512624 -0.00350942965325706 -0.0501905060085514 -0.00307634434014858
0.0934801961086432 0.0390108558191902 -0.0293814896192346 -0.108667567097523
0.0532784686469137 0.0487359017595092 0.164087602262436 -0.0387108064913231
0.0148251859902579 0.022472382337805 0.0567971659428378 0.159479181815648
-0.00567875163560919 0.0146027801812797 -0.18338204374787 0.119098009550491
-0.0601617082807547 -0.0163426441648918 -0.244397675666987 -0.0261393469151323
-0.0701809907881425 -0.103813980478657 -0.268677861631276 -0.158252312026711
-0.0753654606761524 -0.138152902560399 -0.218940005379691 -0.26773221625861
-0.0989161440976467 -0.00677463219297426 -0.237898117297073 -0.0466805001513543
0.00555493082041049 0.177273719624572 -0.0536642432627357 0.393843658664978
0.247434479361404 0.152301775504879 0.368678869713283 0.32265416192666
0.312759900315314 -0.115144709446994 0.205591425052053 -0.180618485737535
0.133738331890295 -0.314645222814416 -0.1909422659049 -0.0834007638824466
-0.112009765389839 -0.264641610886713 -0.0210276184399388 0.207530313668987
-0.149922651981285 -0.072144192281187 0.20362306665594 0.103760990288502
-0.0382256365683572 -0.00460344744867904 0.0218459343064976 0.0028342897000579
-0.00330278222472923 -0.00586702033160767 -0.032345862444004 -0.0080343970489337
0.0043252286101239 -0.0126430651857938 -0.266913701766016 -0.112414127617947
0.0191726009912345 0.0103718250826092 -0.030148732792357 -0.276781698467218
-0.00306842280441478 0.0268005388016005 0.238430251373494 0.0180168610934672
-0.0258691418900434 0.0145628143465803 -0.140558370415551 0.253410281088761
-0.0283480167996814 -0.00841274081615211 -0.463784556441301 -0.244543213880418
-0.00730442496454847 -0.0158303674483197 -0.0117732050656271 -0.473019853148428
0.00381690848103461 0.00522108800388336 0.262767463281022 0.0171533153181517
-0.00328753894008194 0.0118463496528932 0.233107940410678 0.304398245632133
-0.00338318078434397 0.017644610087524 0.240571078886824 0.208942732928546
0.00230090757154685 -0.00107709295903789 0.19791482226658 0.0986781009892837
-0.0119636601156681 -0.0127214260407286 0.242624101462311 -0.0313680295932411
-0.00546672158039008 -0.00015496257113534 0.0355293693981477 -0.211885129586267
-0.00951371250852424 -0.0128879168217188 -0.181399557583097 -0.00447824156733819
-0.0138287334783128 -0.0101100431195667 0.0387782241520113 0.126967882029609
-0.0459946511282758 -0.0145577583820659 -0.00410137831795702 0.0062081229706569
-0.149780044441386 -0.0893438620444907 -0.218792576612406 -0.073387443870935
-0.116927496379987 -0.238039120603742 -0.0393124738071082 -0.229139180572452
0.107626522144467 -0.288567370411687 0.208739567652255 0.00151862456963528
0.303036834734715 -0.0924707899422529 -0.124109895087554 0.219163487054264
0.227619196781242 0.138177706286427 -0.422380426075171 -0.217719243352176
-0.00403551917463739 0.158705409985591 -0.00142404141630383 -0.42015764510928
-0.0934388172570023 -0.00807705246614281 0.244394279213428 0.0198773340823349
-0.0649462564968691 -0.111864807140292 0.223689678192738 0.291601116473701
-0.0611140130223821 -0.0646053952676535 0.254089597085394 0.214936182237713
-0.0335816115436428 0.00304351355753208 0.235082626371509 0.0794349567608082
-1.07977614087276E-05 0.00172001658115118 0.228439155066982 -0.0678073413527559
0.0177290091890683 0.00140754049532837 -0.00226338685460506 -0.198249654699796
0.0266487372443138 0.0139731490653601 -0.182437541177598 0.0162071213457765
0.0653828280154913 0.0178843856773032 0.0324201947545788 0.130467174990007
-0.0399242637846899 -0.0120802418133411 0.0639925673553744 0.0163584326394483
-0.199536956497477 -0.103015492207975 -0.0685563402763706 -0.013001440100824
-0.20512519124382 -0.356287858013387 -0.00136419176385712 -0.114388031986793
0.153054268663858 -0.49271770190306 0.129496247476239 -0.0220917175301268
0.512686780039648 -0.159366144306591 -0.0885284687401588 0.0806704661026861
0.358308866873434 0.246211937937313 -0.251498324701504 -0.200553923036289
-0.0494048676754372 0.2551092719792 0.0423406669834126 -0.271736961813861
-0.184029790924355 -0.0153295172008164 0.191086915711029 0.0149193904188169
-0.153141963840654 -0.190946070052432 0.20312834822688 0.198107205377824
-0.175080617154518 -0.163247278828415 0.285900863764238 0.149491610255262
-0.175411538391932 -0.0184987306052545 0.290179648752279 -0.0398170924221908
-0.0940120547426712 0.0826114468272431 0.131833862043529 -0.195223869198863
0.0137793998890611 0.0995975579483311 -0.138983238320977 -0.144362325207754
0.0855398561934929 0.0843504017908369 -0.190431037513334 0.0732715618625494
0.13770532237996 0.0450978929965683 0.0106866965409223 0.116314985066387
0.0309079349946222 0.00446553827333801 0.111434477769358 0.0139229552101716
-0.0734582639905191 -0.041789736012014 0.0878877046746109 0.0126458831035031
-0.11940230164171 -0.225714505198714 0.0809012178671325 -0.0278753203568966
0.148046294297686 -0.337455071676519 0.0751426042637281 -0.0541872120504586
0.415835481590939 -0.0438836464581859 -0.00801242602761723 -0.054818029235395
0.216968394074019 0.276454846916859 -0.0452223163220376 -0.130006640948085
-0.154184648846518 0.217618531279446 0.0535206037545521 -0.0976323867267499
-0.254875702052527 -0.0139504513408436 0.106139953761037 0.00180697847863651
-0.250530855241917 -0.155437748328386 0.133527247122513 0.0583599588080334
-0.303131935933195 -0.147501292423297 0.200809700523951 0.00394117843773852
-0.324070495973959 0.0351759252544834 0.151353512072823 -0.150472158414751
-0.185311112832796 0.234022693639031 -0.066613030102672 -0.203175393017364
0.0315901443493881 0.239874067609942 -0.241487618333362 -0.0485731014339981
0.155482593389946 0.145891112013225 -0.188008505243455 0.0756108583216862
0.177431445824413 0.057016604290074 -0.0351400334903345 0.0726882617778773
0.126145393279632 0.0330366978905468 0.0997895513699624 -0.00635543197591413
0.125264296386923 0.0635858942993271 0.152866928199985 -0.0316685845968727
0.0587903642704363 0.0742144786086691 0.171167060537297 -0.0432177542619312
0.0501250928845844 0.0930280793369893 0.124755765972082 -0.0324502679152428
0.00465954200361563 0.143942285726771 0.0521083300506914 0.00820633856334019
-0.118534390699251 0.158132388565912 -0.00175797668407512 0.00936376522210736
-0.252802829690901 0.0659225923139326 -0.0188761393101047 0.00556140035748649
-0.281099952222122 -0.00802457784911901 -0.000391146660993973 -0.0136945757546001
-0.280486527431532 0.00576167201166251 0.0120610250187681 -0.0259094712682705
-0.222968135250369 0.0815569825923748 0.00478731124404622 -0.047072429381455
-0.103860876460553 0.140229307639332 -0.0727274145605926 -0.0599774775649729
-0.019893967607021 0.165649696804057 -0.164882960791456 -0.0407863136648737
0.0577040142796371 0.139923672932064 -0.207226095568039 0.00163690865600415
0.137069986812444 0.0983440222531195 -0.16683879134255 0.00839783834028129
0.151380988337677 0.0430438926193303 -0.0880623179896089 0.0227627643084521
0.179789449391651 0.0554438319965372 0.044093018314136 -0.0430314834640227
0.201193825975516 0.127775856518781 0.152592335451833 -0.0984688624482664
0.0927909863438152 0.226878620238278 0.23019449886848 -0.0475299486216918
-0.0931095631120783 0.272282635834111 0.144081762983785 0.115051843428639
-0.295980699577457 0.122023210448503 -0.0642301457864951 0.177858167279608
-0.302626308899998 -0.0540092744269525 -0.16267568567504 0.0674281634973298
-0.260505896950781 -0.103670770388114 -0.135736093634728 -0.0246083037912511
-0.254310233201938 -0.00804700283021236 -0.104876482253409 -0.0273925726732932
-0.198311172501864 0.189484932993275 -0.0862834022719102 0.0412098592830407
0.0908533315056034 0.307715717182561 -0.0365415307291927 0.10304347374561
0.372619099345277 0.070253228604749 -0.0458588223373653 0.0578684658182842
0.234836721497263 -0.232712133469637 -0.118753366491082 0.0281689164317136
-0.0237901427148826 -0.20196765655665 -0.115834246538476 0.0191601112002104
-0.014967970197452 -0.0305443774590495 -0.094353011544573 -0.0222476386786776
0.0687165748865399 0.0156088415209762 -0.100362998249676 -0.00208366467371128
0.159811690154656 0.0552972252655192 -0.00826865822827017 -0.0816720134430434
0.136000515984478 0.101798052469257 0.156861694890506 -0.102633630017967
0.0323004141720638 0.129935875662231 0.190303209849852 0.0594225720123277
-0.0865062838542625 0.123820368696163 -0.0186967894348209 0.213515258366348
-0.220407765432472 0.000934967618824823 -0.239789351856585 0.144917176212063
-0.213455585757939 -0.154925560520876 -0.293859173634409 -0.0356494264098043
-0.176953123733694 -0.18198779367902 -0.214441389757216 -0.148443738132275
-0.186551685998438 -0.0120342411886386 -0.189617027170675 -0.0371973871752959
-0.0702050496683131 0.261429259930839 -0.0979998328977722 0.225544677412101
0.312541673567391 0.305013678601237 0.160816274920196 0.272654391327525
0.533182049131416 -0.0892131732331715 0.129511513807821 -0.0296750310692404
0.260884824773667 -0.46512587361629 -0.128911891565519 -0.0396064431148909
-0.130734931383758 -0.386213471898298 -0.0560307229261369 0.100497408804682
-0.157470526467545 -0.102380656611177 0.0507658475516713 0.0308180176135247
-0.0121433770549907 -0.00314612470912678 -0.0514365734914793 -0.00206459320716674
0.0955573750913762 0.0363311476751524 -0.0326460083607307 -0.108514345346992
0.0546191621789441 0.0459807738987454 0.164560092052734 -0.0432420604300372
0.0162633070236596 0.0210141695555678 0.0591494365694495 0.159436661080281
-0.00486260975190273 0.014837425647215 -0.183102999603617 0.124609835296653
-0.0606996479712122 -0.0139939535339621 -0.245775020164948 -0.0190071010384823
-0.073014901573994 -0.103014198374294 -0.273707195920977 -0.152473853573121
-0.0781712985526477 -0.138628903214166 -0.228146767416592 -0.265083414376079
-0.0999951737451868 -0.00733661403423742 -0.240848139917167 -0.0413899190931742
0.00996132482675434 0.179568950221698 -0.0430460312694785 0.398560627649472
0.254308664698791 0.146556328305525 0.38424312856751 0.316455130651953
0.313043272733497 -0.125663323715295 0.202757421561961 -0.187054444839229
0.125361435544053 -0.32189650750693 -0.196596131921569 -0.0783252540649493
-0.122791969003332 -0.263909215283116 -0.0155409000206473 0.210210372345748
-0.153024426857801 -0.0676034931612424 0.208653180653428 0.0962430446251144
-0.038322537024943 -0.00344229151648279 0.0215139333091445 0.0018019174964699
-0.00441726573594343 -0.00613965266269415 -0.0325172642769329 -0.00734517952626551
0.00358430760990576 -0.0130072314512005 -0.272102181301092 -0.101496955689077
0.0193353674219984 0.00909357684120109 -0.0434171105287799 -0.279536757118827
-0.00116135728160003 0.0277187738836362 0.241243489662138 0.00640266518972415
-0.025793531687337 0.0155612854401728 -0.132901681417035 0.259507987963859
-0.0286433711765543 -0.00789100111652349 -0.482091687424559 -0.22822694231105
-0.00823761637087661 -0.0147642687863148 -0.0285111798926217 -0.477779730570843
0.00320287091117077 0.00516283668612279 0.265403776513414 0.00831156161673066
-0.00338629393669614 0.0111634677707638 0.246841870787692 0.300545954206696
-0.00246013677206614 0.0168466279003005 0.249551602360956 0.200972063177652
0.00146786970383245 -0.000916688001627849 0.202544263203247 0.0924378527704414
-0.0126863452900923 -0.012492390122467 0.244129825267158 -0.0384633549390175
-0.00520262089143322 0.000437814720703544 0.0287799678739367 -0.215761377767137
-0.00937629594970073 -0.0122933482087661 -0.183239189183576 0.001839137039573
-0.014403703872208 -0.00943981428974865 0.0435658191475475 0.125641955284262
-0.046276398452692 -0.0120104909616581 -0.00343502616730872 0.00719718054394782
-0.154809738199685 -0.0835912289746985 -0.222888180389329 -0.0634438498084747
-0.128356242503324 -0.235856498541709 -0.0497882527959638 -0.231001551917511
0.0966560823591431 -0.294998164829697 0.210273697823039 -0.00871266793465949
0.301579016043822 -0.105987235690945 -0.11685194318891 0.224606519997684
0.235726525705944 0.130718369083418 -0.43768161199707 -0.202680266561185
0.0008307228652042 0.161135780953126 -0.0186067804897817 -0.423711022013194
-0.0952549546069035 -0.00727153649974387 0.248244207538071 0.0119378403173553
-0.0685075320975135 -0.111603383054383 0.23650941014625 0.286999689085593
-0.0622040258969853 -0.0624802606983649 0.261081955569462 0.205633595601408
-0.0311028048151393 0.00446311038768425 0.237900413076933 0.0722096971065777
0.000883580754668815 0.00117858249547292 0.228936435590549 -0.0746171088809516
0.017388535685396 -0.000898230032045269 -0.00898708437354219 -0.20051143518747
0.0263157529654805 0.0130447895323403 -0.18374169203355 0.0225754456840035
0.0675206656144015 0.0158457845345731 0.0373079139304601 0.130932514130745
-0.0395149381111171 -0.00964951639141498 0.065603552894274 0.0153525121651597
-0.204716769360436 -0.0954461468614158 -0.0686432477240994 -0.0092834120475241
-0.222390077332521 -0.349893707021562 -0.00476050753445467 -0.114834748391075
0.135357608259605 -0.501962300374935 0.131013916969609 -0.0284771629586276
0.51279749242026 -0.178856756948405 -0.0859242891925252 0.0834583035368039
0.372035066628435 0.234809648480945 -0.262152637655124 -0.192534713362973
-0.0401497549993003 0.259523847129654 0.0323124913152734 -0.274505206811782
-0.187829263747585 -0.0105614788571845 0.193237464384051 0.0093268828709882
-0.160060842611181 -0.18780415332457 0.212391136986813 0.193554985730992
-0.182368814818591 -0.157881228859048 0.294688259827524 0.1393165143537
-0.175600813888212 -0.0120225955835456 0.290759790794835 -0.049955577731907
-0.089973781228033 0.0864876395462858 0.126147017760319 -0.200335113541433
0.0176731147742116 0.0982530286308792 -0.145529735813367 -0.140979781424632
0.0886677995940809 0.0811625677606216 -0.190562955470006 0.0809270256368321
0.141071166021283 0.0410020443203604 0.0159417461793792 0.11618956678826
0.0331171172541409 0.00467876954943452 0.113515307079399 0.010645477963147
-0.0746299239488961 -0.0372534648576699 0.090831607041629 0.00939709433006109
-0.130165605731961 -0.221245135329579 0.0823219665373855 -0.0315241322110625
0.134572636775972 -0.346864398278964 0.0739402880716921 -0.0588534472950313
0.417660424591284 -0.0610189288556879 -0.0102241644511742 -0.0547333197934576
0.229631271290724 0.269802606496773 -0.0520738418727588 -0.12802052967538
-0.14853358055176 0.225339832830428 0.0488381260092913 -0.0977456950032769
-0.257828157023295 -0.0060944768789514 0.107401208402019 -0.00150092594131799
-0.257705549811255 -0.148166698745917 0.138256801597879 0.0550432134541524
-0.311091395340748 -0.136563120379524 0.204790984957141 -0.00521896541759137
-0.325734932183307 0.0464425495561491 0.14930891185756 -0.157317031226083
-0.178025393151195 0.243074871553808 -0.0748364189896509 -0.20340647952145
0.0403063446384709 0.239892922045466 -0.245090655895432 -0.0401594408708235
0.161306925506504 0.14095649577412 -0.187335999313384 0.0840476609975304
0.182698726272932 0.0505556244445941 -0.0311153210222477 0.0742477301011085
0.131188102271298 0.0298015104849873 0.100598279386065 -0.00963351119412022
0.129065015404668 0.0598638018584277 0.153579196743186 -0.0379381375976783
0.0620801114655395 0.0745504840919152 0.172135977769051 -0.0499048316659732
0.0522845944509604 0.092822026756427 0.125139083625866 -0.0379213895341263
0.0103101089198884 0.146080002100767 0.052845370890287 0.00614292196862224
-0.115793050577879 0.163524564637761 -0.00124969766752604 0.0113398300402493
-0.25392205221388 0.0748230321407898 -0.0195946682068652 0.00779264398275931
-0.284750925233635 0.00185898347985553 -0.00108212785015725 -0.0145615379100206
-0.283644941599222 0.0174762362817325 0.0125708999542072 -0.0266321882340644
-0.222118594283232 0.0906062533716864 0.00474689182525978 -0.0487962777653954
-0.101679826155221 0.145004846023895 -0.073857321060033 -0.0585190720427774
-0.01364866861342 0.167768971643866 -0.166742055525229 -0.0355647668403554
0.0629151321533191 0.140008845107824 -0.208949748530568 0.00985046605716427
0.141770831629744 0.0943048938956642 -0.169063752458271 0.0155132907657954
0.155778170611058 0.0380570413045983 -0.0873266674578661 0.0259967176195548
0.18416587458038 0.0504297167499938 0.0418648432983436 -0.0444867945540988
0.207647167790756 0.120774524918122 0.148792157228834 -0.105036418710554
0.101847173394082 0.22667466701698 0.230399589590024 -0.0580053363403621
-0.0845818020906003 0.278907920978264 0.148946201020446 0.111674455518653
-0.294913589206471 0.134520147260161 -0.0595346087022115 0.182116638902351
-0.308952544270546 -0.0444480809879508 -0.162266588584963 0.0746178393177202
-0.266506192678239 -0.0954860948941926 -0.138782628915163 -0.0194768819197561
-0.25624437067546 -1.92620482158835E-05 -0.106779393190673 -0.0249002644048564
-0.194103014330722 0.198883487817087 -0.0858339274963264 0.0443693313295501
0.103748147512258 0.306320295859433 -0.0311718973182996 0.103923521765624
0.378913241230467 0.0559163350491509 -0.0434411170046936 0.0592557560778577
0.226718661484396 -0.244797135719515 -0.119064776557605 0.0315937452580103
-0.0324154811964508 -0.201452501038609 -0.117192168171163 0.023093227784488
-0.0153613940304581 -0.029187310309716 -0.0965190217409702 -0.019213224904113
0.0724258128960193 0.0137397657694247 -0.101994987630861 0.00206804379919367
0.164185048046316 0.0501505248298278 -0.0126600823061594 -0.0818250271013964
0.140046010905549 0.0956375361875633 0.153814388898075 -0.108492462176086
0.0368510276102093 0.129438239674728 0.19274099910682 0.0529886133303009
-0.0822810665201171 0.126112224650184 -0.011328328460011 0.215727117035557
-0.222628459316155 0.0106120350151947 -0.236810563561848 0.156027317522936
-0.22015855319621 -0.148668376485952 -0.296959491783473 -0.0255816162427541
-0.184237509802533 -0.178750355350005 -0.222929214817919 -0.142127047461782
-0.188515764281531 -0.00577013831890017 -0.192513601343087 -0.0300987674231147
-0.0606126320349963 0.266762780461634 -0.0905343435340392 0.230215017762875
0.32742760165228 0.295302495756111 0.174843940919028 0.267706009318314
0.535248671668602 -0.110000485758992 0.129453104900988 -0.0354027427715573
0.245138422401339 -0.481549937932412 -0.132556577762998 -0.0347452411078083
-0.148692218829317 -0.384990332167761 -0.0532198051839188 0.10346675337854
-0.161940410969418 -0.0964405550139801 0.0521157750813717 0.0277995703800599
-0.0111768284841139 -0.0028987633805141 -0.0515401356789638 -0.000416083662177586
0.0978019642114092 0.0319233364530003 -0.0377666221817677 -0.106769491606768
0.0555604316168791 0.0427296551563207 0.165480896192695 -0.04824887673695
0.0165271130626383 0.0189686710227922 0.0634166522988909 0.158304849384818
-0.00362100475262788 0.0150032040402651 -0.180804964678656 0.130712214968832
-0.0612528935649863 -0.0117878595913331 -0.247109655776503 -0.011580901238938
-0.0763588405201423 -0.100607553900389 -0.279623200771758 -0.142932027507923
-0.0828128668705812 -0.137932662600349 -0.240887464944626 -0.25949887341636
-0.101185052409816 -0.00409300963002387 -0.245878198502722 -0.0350498974763033
0.0154497951306675 0.180900251984717 -0.0283851912194819 0.403380758181758
0.263186447249786 0.136773576196949 0.402384813916946 0.304276716170924
0.310488488440755 -0.137580226206939 0.19724984516949 -0.196836416752032
0.11376241163284 -0.331852283272846 -0.202423133447368 -0.0706950386694953
-0.135491705716568 -0.261772019072366 -0.00642823493142113 0.214444063906306
-0.157641595043878 -0.0617559850538196 0.216999003684385 0.0879827500553894
-0.0376268760612943 -0.00091139531244643 0.0211008088646557 -0.000637058512170746
-0.00388344456073727 -0.00590256044233122 -0.0325763436989083 -0.00509254110285518
0.00407025328930727 -0.0126304156140633 -0.276608477079692 -0.0866228518265543
0.0192791998240963 0.00747894051527741 -0.0580380437269794 -0.276311306369881
-0.00142349756642949 0.0272347108805327 0.240433255912037 -0.00508156569558522
-0.0255735455253439 0.0166188098934247 -0.120695603553902 0.26364842331423
-0.0287266218128836 -0.00641361154158636 -0.491232947089761 -0.206634865167127
-0.0083308820786859 -0.013659460469726 -0.0507958828500734 -0.476582042057408
0.00258748401193467 0.00602473634415058 0.26526602701907 -0.00103523707681439
-0.00221415179196665 0.0111871839940798 0.257346020486864 0.289077469810413
-0.00111368380222844 0.0162457034546441 0.253782396298927 0.188917005637929
0.000927807326855424 -0.00108213036546515 0.202889022072139 0.0847478883419958
-0.0148121228920225 -0.0114771075955001 0.242286255848047 -0.04655655011994
-0.00560546859955348 0.00129937220214958 0.020218416113101 -0.215657002492709
-0.0102370144996169 -0.0118911950494838 -0.182858366682846 0.00893461104723097
-0.014883060412203 -0.00774964427846015 0.0476066620502799 0.121915360797089
-0.0457516641656042 -0.00952425607680705 -0.00201480397847921 0.00779517019230995
-0.158299207491373 -0.0748034401968806 -0.224604452136421 -0.0519754798160218
-0.13874809316585 -0.228750753017235 -0.0612568668617744 -0.22666592523706
0.0829241616911896 -0.300253257492978 0.210276583131171 -0.0205180879942823
0.296003187076943 -0.120122182520296 -0.10603614788235 0.228348979800486
0.241453581349402 0.120187919930313 -0.445204316176201 -0.183525713907984
0.00871760644445237 0.160377884798066 -0.0382278631160955 -0.420972434324632
-0.0952521681002509 -0.00372989850475518 0.247577201635657 0.00379525249117576
-0.0720508257958032 -0.10898268640336 0.24719015334292 0.275091908825437
-0.0639162498841849 -0.0606764978452311 0.26711947110051 0.193173698733908
-0.0304215169278473 0.00575383466762426 0.237356105157176 0.0631804430962105
0.00187381110388275 0.00157493097030424 0.225926879989935 -0.0821096608166917
0.0175880729285693 -0.00287540426303167 -0.0157694170191011 -0.200134673616917
0.0261047762140065 0.011869365051715 -0.182384828147065 0.0300346707253275
0.0678760883685015 0.0120492716509415 0.043386021790328 0.128350440219007
-0.0388793701280864 -0.0066947897945125 0.0668966026887651 0.0135752010702088
-0.207460083384066 -0.0856331562348926 -0.0679455372144305 -0.00534015384622638
-0.238540044728185 -0.339710619968292 -0.00963409988657487 -0.114999862812477
0.112239765392925 -0.506250916228955 0.129653893329696 -0.0358348734967623
0.50281960160522 -0.204213141294159 -0.0817084333045298 0.0869238333275555
0.381130907991956 0.216909593993506 -0.272777894373716 -0.179795600936122
-0.0293285235992017 0.260821560952653 0.0189649131749831 -0.273326355631405
-0.187385638438826 -0.00425131862454794 0.192816936017091 0.00148988132021782
-0.165361409517781 -0.182148171146259 0.22138797195266 0.184351871448087
-0.186864491600535 -0.148077912927942 0.298407571672227 0.125986690166309
-0.174815252349431 -0.00523265970471047 0.287586347338196 -0.0606294203908583
-0.0852606215104021 0.0879808369244669 0.118504744724361 -0.203610778414844
0.0216632761571176 0.0944950455913589 -0.149152428863624 -0.133682078656128
0.0906636655470193 0.0757566383306545 -0.185931784299191 0.0891234008213875
0.142921635367085 0.0335677733802259 0.0218849437382314 0.115479109514285
0.0347400999776057 0.00434524071356756 0.113065130421112 0.00697713025525639
-0.0745051780297663 -0.0329030415842384 0.091478471423654 0.00562856573144343
-0.139127086371738 -0.213428633276245 0.0830323599839196 -0.0359619794435107
0.117828985262658 -0.349907802373202 0.0718964533777073 -0.0623514791486115
0.412972439992841 -0.0796347381533384 -0.0126157485059526 -0.0550300593004193
0.239694771598276 0.260480273589003 -0.0584444095805548 -0.123426579439223
-0.138510428704342 0.229909371945613 0.0446571451263117 -0.0986834999460766
-0.256563851293397 0.00398611502133932 0.106589904885329 -0.00658127520632228
-0.261045111328374 -0.137575048934996 0.140931918958168 0.0480592293728768
-0.314377835844168 -0.122829796800743 0.204649953676719 -0.0145220659402447
-0.322315641412794 0.0597170562036309 0.144191629267518 -0.163308036226213
-0.166513741268273 0.248710401344247 -0.0818331003320148 -0.199000667242319
0.0501229117707802 0.236073507793505 -0.244736907280111 -0.0279927716026202
0.166762321951436 0.133363752466808 -0.182787664039753 0.0918926992942189
0.183867353493577 0.041519003625238 -0.0260487279481981 0.0755354052012279
0.132724954017046 0.0253091552705193 0.0990067379324176 -0.0135694815227233
0.133318208412489 0.054713577942117 0.151504753534726 -0.0438367678925833
0.0659403516895768 0.0745540060508811 0.169930737380696 -0.0603674086451303
0.0555024686009832 0.092805530366426 0.122942254029479 -0.0429324685551358
0.0137418558902181 0.14434218547526 0.0514520646699601 0.00447456590734082
-0.109833749866791 0.166947116367762 -0.00180001485199887 0.0139788353268084
-0.250060219923305 0.0837716105861541 -0.0189336152526515 0.0101402050178067
-0.28202822414106 0.0127285107056959 -0.0010915670385522 -0.0151940235091381
-0.280966373501566 0.0280207616655176 0.0127993605242292 -0.0275363591862654
-0.217325485776917 0.0995261093860097 0.00399880269432183 -0.0504968432493453
-0.0967108249822996 0.148464320409069 -0.0747071698765451 -0.0561210307147548
-0.00812384014634148 0.168910752041526 -0.167546547480758 -0.0297844391517816
0.0687450037534385 0.137912144689497 -0.208160494042802 0.0182476036290918
0.145558451980141 0.0874180225117764 -0.167889848416482 0.0231116227364675
0.158460342606176 0.0305351970077837 -0.0851998916990445 0.0288476484144474
0.187200649745544 0.0417639238822006 0.0386586299624637 -0.046034981017874
0.212199853630866 0.109707327342626 0.142502308003656 -0.110951919415824
0.109916040958547 0.221672446463517 0.225933933637848 -0.0675162887081214
-0.0719315288867657 0.282298743971683 0.15261322039085 0.105441604880986
-0.288632532390075 0.147152027022469 -0.0542832279643754 0.184228086096281
-0.3105215418002 -0.0310634166027235 -0.158228562226881 0.0827398266007421
-0.269376828465624 -0.0869721818612639 -0.139912552842873 -0.0129510777847521
-0.255002355314648 0.00931213411779876 -0.108346822655711 -0.0204151309649097
-0.185178307326715 0.206204832762602 -0.0825367902036969 0.0476835280798777
0.114777923987247 0.30073101594097 -0.0253269321932803 0.104212063285509
0.377823246049994 0.0386748445935522 -0.0397106584576992 0.0603692944704151
0.213543591818537 -0.253121983718076 -0.117864005446847 0.0361804017073214
-0.041854586929371 -0.198140328111287 -0.116777275326335 0.0272322023441477
-0.0156918418214968 -0.02759714761286 -0.0981579523962277 -0.0151107720657649
0.0741730878471509 0.00993433230711668 -0.101304766235822 0.00519958781120881
0.166209746223393 0.0430675192121151 -0.0167581979957073 -0.0801583816508296
0.141944389007686 0.0877249760894342 0.148562911010401 -0.114967505683229
0.0411568552398954 0.12542610505562 0.192983022406867 0.0448625895862628
-0.0763982506531379 0.128771642217802 -0.00334201743910867 0.215856415333346
-0.220548905661525 0.021090632649114 -0.229284122046592 0.165728551098662
-0.224954049616917 -0.13928936826387 -0.295704526470634 -0.0127700592770032
-0.18902540241532 -0.172200166971919 -0.22835801411416 -0.133493916056199
-0.186736940261946 0.000559142888555376 -0.194554605548795 -0.0229428225715009
-0.0486711734254027 0.266684913719097 -0.0798935804632667 0.233714536316374
0.338797746045257 0.280516771352725 0.187397939771143 0.258861181413286
0.530260322910015 -0.132659147128978 0.125910206158226 -0.0408221787987766
0.222072962328279 -0.489940339847858 -0.134511871667695 -0.02808077921936
-0.164651033752627 -0.376442786995644 -0.0488869640687134 0.105411519090822
-0.165850256486789 -0.0881116641548076 0.0537644332509912 0.0239354561659147
-0.00949914094442832 -0.00173601927268963 -0.0525432613113893 0.000303606438190655
0.0990749212131215 0.0271222818901961 -0.0430667160360068 -0.105064082662151
0.0557298112349706 0.0382639818484952 0.162603997640998 -0.0543340537540446
0.01857913545872 0.0164508278370625 0.0679061966490225 0.15634207961272
-0.00207524639705308 0.0145243063204975 -0.174310990635892 0.135713855652485
-0.0613311124269897 -0.00671269241570068 -0.244540670949319 -0.00151476947161066
-0.0799081915958936 -0.0971104000037547 -0.283831179278288 -0.130991661736217
-0.0866295154359404 -0.13452622553022 -0.250915705184361 -0.250677561854012
-0.100171678893921 -0.00212920648729158 -0.247319385821053 -0.0248393986372933
0.0233195592373661 0.178730133958394 -0.0115324291510848 0.403735759278059
0.268381405126218 0.125926181035629 0.415167729125554 0.286320704341342
0.304406281608052 -0.150206679659316 0.18720150822788 -0.204883427259063
0.0975479042903522 -0.335663807309067 -0.206790575843339 -0.0609949772102242
-0.148220477279396 -0.255564126423893 0.00289295004334674 0.213407865068062
-0.159481193678025 -0.0526095813863755 0.21964816300014 0.0760500539004212
-0.0361799192384702 0.000119078749813952 0.019896979717735 -0.00230805122177178
-0.00524078198948928 -0.00489622752915419 -0.0326512360345437 -0.000240215913152723
-0.000777040657519641 -0.00985836879407526 -0.28082583833146 -0.0452413709734211
0.018837031783624 0.00480153995013366 -0.0964200839707274 -0.263518932608592
0.00337278559978723 0.0261235806579742 0.234092597503199 -0.0379921191567765
-0.0229942777851137 0.0201743970906688 -0.0833319199304252 0.274268727778654
-0.0295298802024681 0.000639944515058486 -0.505412281635309 -0.13435392063872
-0.0116746622759898 -0.0101496803069775 -0.114742571979345 -0.457390030891913
0.00355824756971569 0.00486215533928728 0.258526574389948 -0.0354351613535491
-0.000224856321972279 0.0138314131220316 0.288893066296401 0.248213732889462
0.00405002942346116 0.0164257965603166 0.270100276141089 0.147851283945079
0.00352040367185388 -0.0010036260133611 0.205805758681917 0.0559537564616445
-0.0135728878825765 -0.00896443230019056 0.227919045674385 -0.0786594945201576
-0.00534802067611919 -0.00121371813135271 -0.00919107493514288 -0.211900065188909
-0.0138198388025172 -0.0089139558177203 -0.175750768121944 0.0321749718883667
-0.0156493695526713 -0.00441325006714539 0.0643906697781472 0.110453295685125
-0.0449762842487388 -0.00272631381151348 0.000609062528781751 0.00835850583971278
-0.16631372198562 -0.0457571096417132 -0.225893865510778 -0.0186777549827981
-0.171985839663908 -0.201329146113492 -0.0916283690758032 -0.216541795347374
0.0348854840430112 -0.305584010198991 0.203852854627657 -0.0477766067648148
0.271917743155729 -0.161960741295147 -0.0712735949122258 0.239332797316336
0.251236269370675 0.0834217762603638 -0.458860980949682 -0.11413259701976
0.0293575356702948 0.155227767119568 -0.0954054440186583 -0.40471211225374
-0.0946035188874032 0.00769496632333788 0.241548036569133 -0.0284800059716627
-0.0837303389398792 -0.0949766094386868 0.277100734556435 0.235647195655554
-0.066913479401331 -0.0474274357942337 0.284736751057681 0.151401763401656
-0.0240337979194974 0.0113415164610931 0.237765459004808 0.030221522707101
0.0054481973461542 -0.00215237235326402 0.207967542947441 -0.110165719517132
0.0156473436094149 -0.0103739322185234 -0.043041811871318 -0.190139857686174
0.0241641926069671 0.00751270228223259 -0.17270762038427 0.0531159082532166
0.0693045848968159 0.00171640098045201 0.0604610894648889 0.116550167915253
-0.0365474604363725 -0.000781575483726912 0.0695938492944645 0.00480189910066537
-0.214311661756395 -0.0485923786472014 -0.0665667764985591 0.00419122297872869
-0.28441359583834 -0.292821117474167 -0.023623899418611 -0.113411424430307
0.0332419438055929 -0.510675087873269 0.123714531033084 -0.0519102127263161
0.460264050657195 -0.271970959815955 -0.0682487087465519 0.0980184093669289
0.39928026307917 0.155529744209149 -0.28967849306734 -0.134354854858563
0.00778086460439658 0.257178228999756 -0.0200310699199181 -0.269055531384643
-0.183031165138397 0.0193988733345258 0.188212693637318 -0.0237490279073812
-0.184367633941817 -0.153702526912254 0.24108161269089 0.148956471938452
-0.198852313633873 -0.116396120923249 0.307842552295421 0.0812632016325297
-0.165958643592942 0.0210558321946375 0.270940931486355 -0.0985860488545801
-0.0654797925041214 0.0947687063716553 0.0868558901565047 -0.212682948132742
0.0323738950358628 0.0866443649336357 -0.162665605309201 -0.107803392802484
0.0964730628807052 0.0616976762491524 -0.167785931226135 0.111295645846142
0.145293982172124 0.00927681078679484 0.0375440591314956 0.108094805826035
0.0377448578225843 -0.000998811187157294 0.114146241122482 -0.00938641693134567
-0.0755998824192072 -0.0207406333966037 0.0916510322157584 -0.00728385698847574
-0.167771125298263 -0.184691172674676 0.0787965013070621 -0.0485338666462402
0.0605198880261041 -0.35685372290009 0.0638427947054452 -0.0693340367141951
0.389968076397623 -0.140190850501733 -0.0212940378266951 -0.0505236290842925
0.267470435033429 0.217270002620786 -0.0739430989748042 -0.108667191043602
-0.1032174849714 0.243796230664033 0.0303436134931035 -0.100501904399082
-0.249633099757968 0.0376861478182559 0.103619950749862 -0.0201113962716817
-0.272504574428017 -0.0963763501656747 0.146290477686598 0.0265046884498226
-0.321597821682968 -0.0749216712965501 0.199243093346436 -0.0439005507036026
-0.30415924922066 0.105101012291265 0.11944022786044 -0.180477841260234
-0.125277489480779 0.264531414342076 -0.108136818183547 -0.182762833314753
0.0826658964605622 0.222301428211193 -0.241056394439261 0.00591911683022692
0.181336671549157 0.106253778122772 -0.165153503745019 0.116368805095727
0.186652556409743 0.0115185539168601 -0.0152804337066052 0.0763286839969178
0.134668279988316 0.00469790781577287 0.0946804347323435 -0.0264528969832216
0.138769027345505 0.0321450940647938 0.143302519471633 -0.0644798485150902
0.0762473262311612 0.0631399877682539 0.159427374281083 -0.0827825294639577
0.0666397527498412 0.0819730477945012 0.112630732588178 -0.0572729325630269
0.032908878357417 0.138985671377623 0.0488759751616754 -0.00198005586430472
-0.0840618668411133 0.17654712808701 -0.00133417185547518 0.0160252538532935
-0.231670552318574 0.116531403392414 -0.017180126080264 0.013716190880536
-0.273642794758728 0.0500276486079582 -0.00347937747396943 -0.0144663880649246
-0.268257450411622 0.0683818037033013 0.0100973166704623 -0.0300033062326923
-0.198263331204925 0.128129014441569 -0.00158433541666562 -0.0516303751136895
-0.0741833654091077 0.15791417758441 -0.0785750396762759 -0.0464130047043956
0.0153662405532305 0.165986998182428 -0.166618724482642 -0.00680391804495373
0.0847967344944625 0.126467939653272 -0.199326884558556 0.0463909149700906
0.154235424313562 0.0640058699576721 -0.161199942683187 0.0472858976972117
0.159733972492524 0.00504697578637893 -0.077943060165918 0.0408366164516097
0.189079684439776 0.012202560961981 0.031316624805806 -0.0479882040839396
0.221209904680338 0.0728012261631755 0.125087115259139 -0.127075184281588
0.141802290266667 0.197782976379662 0.210147006847107 -0.0969407717129788
-0.0265631512596986 0.284159787324732 0.161415396889147 0.083310072180513
-0.258791536079317 0.188045534812052 -0.0297201696247992 0.187868449756173
-0.305583662699941 0.0142082912461719 -0.142669819779122 0.10074402589008
-0.273268209702847 -0.0474081124490738 -0.138157455721701 0.00744010019405823
-0.246922574045719 0.0434666508030102 -0.108483098089563 -0.00647967578484487
-0.150337643788106 0.227153262123375 -0.0744838836140395 0.0557776955196082
0.155410016170764 0.277978434195887 -0.0109454046900281 0.103116073566425
0.37361144443688 -0.0202746612056383 -0.0324629391199368 0.0655734079733118
0.165904832952132 -0.279654180861548 -0.108107805351146 0.0535375833424118
-0.0735685505814148 -0.185367439148948 -0.110050970609809 0.0430089831451407
-0.0210574478536219 -0.0237939799559999 -0.0981085242212252 -0.00187774205592101
0.0750680591430767 -0.00173473274689259 -0.0970879396546432 0.018944189302227
0.167889912973909 0.0145603392227082 -0.0284464912803989 -0.0752827704412775
0.148348877165221 0.0609880545044746 0.128878069876433 -0.131034882642148
0.060567331373552 0.114086535068936 0.193009134529757 0.0194412445786584
-0.0527314749959345 0.135839964007088 0.0255417934805229 0.209626316726896
-0.209193934396987 0.0555825583140474 -0.203120238118833 0.193083835531163
-0.236105685729972 -0.101317608700193 -0.288779332384285 0.0261623822354618
-0.207291518435193 -0.14225156069119 -0.240600344117034 -0.0985645955351384
-0.181952318341255 0.024622360957158 -0.192786962341589 0.00350725523739285
-0.0104841954501009 0.266972124041066 -0.0477200118290825 0.236674064832211
0.37231044343069 0.226601988608297 0.21630179381801 0.225780429122024
0.496789070480937 -0.213251485478138 0.113951022520549 -0.0541661124947313
0.137753741215248 -0.514110673848458 -0.134365338280031 -0.00379633150686785
-0.22283725890164 -0.340382409396966 -0.0320819283161203 0.110005296672833
-0.174396077323628 -0.058624302247365 0.0549487456537841 0.0143540390886021
-0.00799889378253099 -0.000255536669214728 -0.0515401841427943 0.00718261500972259
0.0988587099333798 0.0102727620225756 -0.0578279239707119 -0.0967425794602856
0.0588058614585517 0.0256695361059153 0.152864973685449 -0.0737778926123589
0.021278467529358 0.0100471935221819 0.0876395638788112 0.145265883759957
0.00116801991557069 0.0153710556191753 -0.15460235427941 0.155188121611437
-0.059384932675775 0.00348534151878246 -0.237231218996038 0.0315946690686255
-0.0898477480867716 -0.08180626674105 -0.291868121007608 -0.0907994843954179
-0.102982619620386 -0.118990024063318 -0.279031009622297 -0.21020155089315
-0.0992005796909329 0.0108566609993306 -0.245443229717218 0.00678140660336214
0.0485005756440723 0.172569447692173 0.0415500359301312 0.392254944973941
0.284727086127961 0.0850349951397445 0.443332744113373 0.220865281437974
0.275513063710718 -0.196909461179406 0.151348019677997 -0.222267085777494
0.0398770614422139 -0.34508370543821 -0.208385991589268 -0.0265933407516904
-0.184725535204956 -0.223542501880349 0.0350134304261897 0.206704435084451
-0.159446041064701 -0.0263307567643434 0.223015356593759 0.0394125830904907
-0.0345323297727548 0.00590384045601922 0.0183432618331079 -0.00619971452961339
-0.00496099278227018 -0.00590847310462001 -0.0316211090203051 0.00178638304025484
0.000199244884189117 -0.00992410074421354 -0.276131423039081 -0.0373639964146744
0.0179872854016531 0.00470137627967287 -0.101716475843922 -0.255487307878172
0.00363255986602202 0.0261758017500669 0.227426646743732 -0.0436559035630587
-0.02322393557652 0.02073469052166 -0.0757499746399884 0.269307526877026
-0.0279861305822047 0.000564608176626105 -0.49896438363038 -0.120689344123055
-0.0104452503901697 -0.0096807598557075 -0.121228779533899 -0.44482022919585
0.00257417200245408 0.00532693032755259 0.253442425380505 -0.0393192454194001
-3.4554789122886E-05 0.013027974783637 0.285983465479608 0.239166230122663
0.00435680388852063 0.015423059305875 0.264402770104888 0.139622573513799
0.00343818605231672 -0.0015495120788068 0.201233355485353 0.0517251727823044
-0.0131726978124699 -0.00846561078885192 0.222151776362477 -0.0796813549759233
-0.00410221753237517 -0.00112768666708205 -0.0129754024788326 -0.20724803543736
-0.01363575100944 -0.00904516885484756 -0.172115909594355 0.0339977827821416
-0.0153789264188074 -0.00381765142192188 0.0646138878594431 0.106728895184676
-0.0437016694529938 -0.00236227324315301 0.00158896855597554 0.00891912067414252
-0.162665883339868 -0.041451067493131 -0.222337440920029 -0.0120298262043906
-0.171994111521126 -0.193779771309698 -0.0956791272945119 -0.209590246491068
0.027180283666601 -0.300525212431497 0.197095140535426 -0.0527114998393644
0.261749893880719 -0.164518644388802 -0.0649904354681445 0.233730200051078
0.248545708121997 0.0747472666710861 -0.452020460884062 -0.101841138894773
0.0322813280026991 0.152111637871982 -0.102798314155583 -0.393803267803512
-0.0926468812814648 0.00951986986578657 0.2363610041906 -0.0324621476383716
-0.0835093195443659 -0.0917741238412325 0.27565256186796 0.226415122160958
-0.064930785299502 -0.0453281159966777 0.279792569882992 0.142833750497048
-0.0223701218987517 0.0115404947547597 0.231245772346843 0.0258949275997726
0.00608981091726167 -0.000644696349296611 0.202013409256999 -0.109624430135107
0.0151159517227984 -0.0116761344340182 -0.0442865527983281 -0.184839204289465
0.0228769003318282 0.00661342512842474 -0.168256499513608 0.0547547175230222
0.0672483480596185 -0.00042709824144273 0.06164557864622 0.112867070701463
-0.0335829626524001 -0.00052673016219235 0.0697365397068391 0.00361429873234439
-0.210477155644547 -0.0431434736787996 -0.0643301430013019 0.00697851088449934
-0.284863940537854 -0.279414052974169 -0.0255292547887746 -0.111338201502888
0.0193702026365649 -0.501092430287332 0.119467724697121 -0.0545009741868092
0.443157781000571 -0.27851926051612 -0.0646981694825157 0.0961896731528725
0.395565874621625 0.143837277966682 -0.287680552393134 -0.123900248793721
0.0131935571624951 0.252048176135194 -0.0255055673043214 -0.261847146813063
-0.180185557022735 0.0203340216393364 0.184051480996661 -0.0259675743924522
-0.182543666492462 -0.147667392937202 0.239267700751954 0.140887186426119
-0.19538720037291 -0.110127401213183 0.303559250266366 0.0734602177353917
-0.16072523973449 0.0239559894367277 0.263282182738743 -0.100900269204252
-0.061891308660383 0.0938317421124067 0.081680232420825 -0.209828074535201
0.0333526060914522 0.0812020916090603 -0.160347746505793 -0.102116850120339
0.0954800754750391 0.0569393343428086 -0.161594074027531 0.11286795727387
0.142748950912134 0.00606303959656316 0.0404359767668659 0.104956516605501
0.03863913775114 -0.00148957634742136 0.112088258817246 -0.0107402081242133
-0.0729931757561711 -0.0182771392380144 0.0900062912193775 -0.00867635933247539
-0.167735049455825 -0.174794662599723 0.0768653367106014 -0.0497794517901312
0.0516936128398489 -0.349567569963685 0.0609333238748037 -0.0679615511483409
0.376842940387391 -0.144783592486291 -0.0219273816211837 -0.0481568983394235
0.264672935492581 0.206306579637789 -0.0755836691272603 -0.102197602472783
-0.0962727629664817 0.23953863662607 0.0266904728864917 -0.0969738657207457
-0.245165412135145 0.0405370675487961 0.101534375978719 -0.0221699579376644
-0.266913844685373 -0.0907775681659493 0.14435364995425 0.0226748110166716
-0.316341460702017 -0.0672925735836037 0.195346361336288 -0.0472473365065413
-0.29542889442218 0.108354905782047 0.115171669388249 -0.180380478973406
-0.116637741412307 0.262186886305567 -0.107474804221072 -0.177590923787733
0.0834633253363132 0.216366794039207 -0.235550692877498 0.0110216171520457
0.17867358680197 0.100400302831811 -0.158873091803681 0.117099269154176
0.183963410193269 0.00631625782757331 -0.0119903153350292 0.0751174775087276
0.133922834510009 0.0024046579667253 0.0923002006109371 -0.0257518628404466
0.137929491006011 0.0289522571066372 0.138765775706308 -0.0646589244376247
0.0776836390228189 0.0615766384621789 0.153552371057109 -0.0849076515832927
0.0675194596968794 0.0806964301499344 0.109504148715167 -0.0569136698657599
0.033909859536869 0.135630621158745 0.0466213059347914 -0.00152417813754745
-0.0805020277766287 0.17529491232407 -0.000830518959334138 0.0175855426587722
-0.22455288598627 0.118211589021838 -0.0166016040867342 0.0147450315875534
-0.266191736225885 0.0529514705896276 -0.00336429138799862 -0.0146038500121038
-0.260604955308556 0.0718186393148458 0.00970018469128285 -0.0296189319267082
-0.192411898472196 0.128933146300142 -0.00197702192936631 -0.0521509462017548
-0.0705344511686618 0.155889552088518 -0.0772066672014869 -0.0438813899030527
0.0175724417730517 0.163105768450468 -0.16253175063511 -0.00414273113963209
0.0865896894566745 0.123377253963884 -0.194291960841212 0.0496982357102368
0.15161199596709 0.0596906617829458 -0.157647781939646 0.0493336564636191
0.157119950329752 0.00110350364829386 -0.0756070707194331 0.0404490864542323
0.187648972802929 0.0062131798552845 0.0289137378393795 -0.046951004778531
0.21832813185937 0.0664498949634056 0.118991247833665 -0.126550964721788
0.143720268407348 0.191661337212502 0.203649172908507 -0.0995562475668575
-0.020135309623561 0.278256128814584 0.159168784105884 0.078441834512198
-0.249958963347267 0.189491149629694 -0.0262794926936304 0.186348065522435
-0.298563051413899 0.019283865716238 -0.138532013198072 0.102319176421448
-0.267547735510372 -0.0428826251398864 -0.134601015761362 0.0101654539515976
-0.238654799464075 0.0458200327919062 -0.106622710530235 -0.00415632392077015
-0.142407654953427 0.224714386739589 -0.0715891690307447 0.0554046934169184
0.156090891994361 0.269348982216675 -0.00834884517132687 0.0989817510966194
0.36440112238097 -0.0293351599066984 -0.0298143655062564 0.0638754698740342
0.155738036577112 -0.277061988577496 -0.10643193816584 0.0543502809431756
-0.0761583311145994 -0.178809706057109 -0.107939376059491 0.0438123939796646
-0.0192441679885923 -0.0220958798240343 -0.0974753902740989 0.000131841708788742
0.0743302532977275 -0.00374942856012783 -0.0940456031937421 0.0198413458332189
0.164433300376545 0.0110515933319563 -0.0304591035181303 -0.0712918029521122
0.14542865225214 0.0549527932719009 0.123344729973328 -0.130119347425459
0.0624292363282243 0.108493449927636 0.188898907836585 0.0153099686966959
-0.0479154205135276 0.132291778256084 0.0283644655991665 0.20410651319537
-0.201724097530358 0.0606526165800273 -0.193808410112183 0.193400549492364
-0.232665022886012 -0.0959411556708997 -0.282413808676581 0.029880254379185
-0.206304392378614 -0.135958801276238 -0.237996791071097 -0.0906194509036061
-0.176844406846476 0.0256063919668513 -0.190098271413329 0.00624022612407766
-0.00414873135513036 0.26197909383126 -0.0428967952805914 0.23262946820052
0.370199538353728 0.213801923396815 0.217002081020506 0.215856051650832
0.483341474975801 -0.220533748084574 0.110221897983735 -0.0558479655017483
0.122020471830059 -0.507662115975071 -0.13336622405103 3.24660618216158E-05
-0.22505224239176 -0.328122198446648 -0.030078356257995 0.108455318722194
-0.170167621976438 -0.0532432764359742 0.0523188575451865 0.0118136675034391
-0.00694159003651967 -0.00114010492601845 -0.0502192925645721 0.00734230467183149
0.097003359839742 0.00784022860886844 -0.0583557120126672 -0.0925373469156714
0.0553500313974996 0.0224177425983663 0.148923430140985 -0.0738987294050983
0.0206188355412415 0.00808755209222095 0.0867841610234922 0.141892125590563
0.00228424247651434 0.0138557169060689 -0.147790172575926 0.154773294869717
-0.0568303915236652 0.00582465940602875 -0.229317648733693 0.0336493241336549
-0.089398922145796 -0.0788398133747917 -0.286376161270891 -0.0832465703752887
-0.101936433759929 -0.116165018963141 -0.276761106341011 -0.202035608295895
-0.0966852288342363 0.0112306312525553 -0.241345025028166 0.0116490081529734
0.0508540845254689 0.167028466832482 0.0484064501101933 0.383853851991957
0.280914510794868 0.0777539979104151 0.439851712595895 0.206582883864097
0.266792183870025 -0.198266899389215 0.143641575284637 -0.220539734395633
0.0313076379559536 -0.339378285860362 -0.205406303208049 -0.0197735226568445
-0.185966292215496 -0.214361054046774 0.0375379635705586 0.20224934796383
-0.154785263289224 -0.0217707065970027 0.219085674085219 0.0325319263538066
-0.0313113443543166 0.00657372063405235 0.0166859181949357 -0.00677012534950317
-0.00612760961204969 -0.00533471893765675 -0.0320400670619661 0.00285931638178396
-0.000965873411508998 -0.00945496015577191 -0.272335970928945 -0.0327951532816819
0.0178345401678583 0.00448439329354961 -0.103775889148059 -0.251179353839112
0.0047773567611764 0.0256245451011706 0.224561249799776 -0.0458863846641162
-0.0232358023836981 0.0199429261274592 -0.0720344564729894 0.265589287923233
-0.0279434606658416 0.0011622173053404 -0.494435655091182 -0.113681784192627
-0.00882134149864666 -0.00936801371065201 -0.12495475544828 -0.438257139670527
0.00244189701563139 0.00602968560484859 0.248452817857467 -0.0394674967502598
0.000171742323022538 0.0133509152372807 0.285303868742572 0.232691367588519
0.00371091796817979 0.0147291024958565 0.260262991335362 0.136196310532769
0.00296704371160661 -0.00187920587556187 0.197687717821842 0.0519536703867757
-0.014000562844858 -0.00736825616513289 0.219620812141091 -0.0798882754680932
-0.00376833514061195 -0.0014917991579819 -0.0127752706903169 -0.205166562037602
-0.0131754215144644 -0.00772608505091634 -0.169456818549438 0.0337612087606647
-0.0141085771380176 -0.00409970387639279 0.0635559423439695 0.104520433312422
-0.0425824273869635 -0.00287432280820466 0.00278054854269146 0.00946032864336194
-0.160140901924098 -0.0379816361910682 -0.218003358730735 -0.00787328227360827
-0.17306904275976 -0.188630961646748 -0.0976314771713881 -0.205749129040478
0.0247762875337716 -0.297624183147853 0.194284176949864 -0.055269168472201
0.257044876022977 -0.164807821428518 -0.0618543136547233 0.230046941796106
0.246743000757186 0.0719826565838271 -0.447807865752378 -0.0954534833428256
0.0331676595177512 0.149842125969254 -0.106304162747414 -0.386014253859888
-0.0924780072567408 0.00938446741086142 0.233663561445642 -0.0321020150435131
-0.082507234761365 -0.0902556422852752 0.274777491564897 0.222066577535917
-0.0641215605859693 -0.0443595239368523 0.277266944339891 0.137976420158075
-0.0207681280884337 0.0110832438580853 0.226461503761665 0.0253911051237801
0.00697993467513279 -0.00250558315302909 0.200019478392249 -0.108869260779749
0.0141711888601341 -0.0131231724810573 -0.0448259993693733 -0.183251689284512
0.0225736832301127 0.0053876635644967 -0.1663849717313 0.0551635666805501
0.066160623222044 -0.00192784172624391 0.0617896396831262 0.111038615758441
-0.0310425078271168 -0.000976405009342938 0.0687579821884395 0.00209145851997307
-0.2051524528372 -0.0393527229998349 -0.0624830170401209 0.0086144114706242
-0.283484243531641 -0.271158146058184 -0.0262605615386672 -0.109285678844819
0.0156123105161133 -0.494813489252734 0.117914778565859 -0.0556763428578458
0.435651971888245 -0.279124423917037 -0.0637216252464374 0.0951194285869051
0.392466775294757 0.137543048088314 -0.284818164413055 -0.117901295094577
0.0149279819038309 0.248202999618043 -0.0279314325027816 -0.256146582747059
-0.178585347105321 0.0207449207602108 0.181992215399595 -0.0263370695274245
-0.180399794535797 -0.146306999119515 0.236990745596535 0.137880322391951
-0.191959542647697 -0.10739189485106 0.299299687736244 0.0694648546913743
-0.156042380899165 0.0251185584578237 0.25883231236162 -0.101287753981807
-0.0591081468783871 0.0924001952970729 0.0801207579461165 -0.206683519723428
0.0321086377913896 0.0784937395422699 -0.159625972847985 -0.0999944570199634
0.0933166999216723 0.0550168321350948 -0.159365127907035 0.113916128381417
0.141069689597837 0.00363069109011636 0.0406628513142274 0.101949669854487
0.0399132466760201 -0.00241439221900942 0.111660478948135 -0.00978576275655106
-0.0699767794857887 -0.0159901887841509 0.0909373469661549 -0.00964508048745825
-0.166758588464537 -0.170585879202414 0.0764937709944722 -0.0510112465857319
0.0483258140911028 -0.344482252072784 0.0595744951177415 -0.0682145414718845
0.368768565927869 -0.146929674903556 -0.0228751592147451 -0.0469292008769017
0.262257265628608 0.200732504320343 -0.0750471994663838 -0.0980422779521895
-0.0938293458024392 0.237209413619553 0.0258053376055091 -0.0952121586541332
-0.240872804478606 0.0401238420559437 0.0991706578905204 -0.0222854562006952
-0.263566242568691 -0.0891899915858745 0.143432366795859 0.020919544564892
-0.311679909298831 -0.0635399175311154 0.193329665523397 -0.0483143575861508
-0.291679184793321 0.108310907068719 0.111567548801559 -0.179583499875502
-0.113324361482208 0.259768439755272 -0.10797674267718 -0.173934889425918
0.0835609145290978 0.211762383260484 -0.2325389933155 0.0126779595676742
0.178284584368913 0.097088646263825 -0.156410147673194 0.118948341622953
0.181883625741405 0.00455630927830178 -0.0110210465396211 0.073200611487438
0.134962151475076 -0.000116179757407748 0.0905407926379162 -0.0252680682621147
0.137080211686871 0.0277850140675655 0.136265814808969 -0.0654905238966086
0.0780179054205596 0.0615767382940352 0.150432070850941 -0.0863161064721073
0.0670972068005283 0.080855602061188 0.106456824685791 -0.0566457167474845
0.0335235779589194 0.133817204639425 0.0436633163710713 0.000575184446062357
-0.0784453399125173 0.172676395160276 -0.000434436972373422 0.0191074828039375
-0.220935382327899 0.11780098405246 -0.0155064530831937 0.0160692986397373
-0.263545780921264 0.0549558718860495 -0.00418845377791978 -0.0146632734447269
-0.25562997058423 0.0718451969277225 0.0104972459816251 -0.0310129179429012
-0.190656124958731 0.127990834572402 -0.00149546077138961 -0.0529243300734762
-0.0713329928986005 0.154361336605299 -0.0749075971499957 -0.0440115976872756
0.0188683030255264 0.161516637540747 -0.16110942819 -0.00400449486725462
0.0863446281009166 0.122475294083666 -0.191794598102082 0.050193200283189
0.151365989256822 0.0587206761209615 -0.156873378895847 0.0509435878985993
0.156555136296499 8.50865211088122E-05 -0.0735307817671784 0.0398496335531708
0.186767000626082 0.00428232143042798 0.0275377728733719 -0.0445781821697427
0.215499410387109 0.0630430900645453 0.116087634948097 -0.125828437200397
0.14422794889913 0.187823462743805 0.1984798088431 -0.0997831905409942
-0.0166616875229932 0.274990302064412 0.156849239409391 0.0769024164333673
-0.243738395007646 0.190634263129573 -0.0266550536074553 0.185478512816861
-0.295651375914307 0.0198412282885313 -0.136350083982164 0.101940735052249
-0.264091291500685 -0.042208967428878 -0.133636916382973 0.0113553748420495
-0.235268214626934 0.0453275493292236 -0.106447298383778 -0.00373977204713237
-0.138457992721494 0.222921685847914 -0.0698261003320569 0.0554097120756853
0.156197019933602 0.264172895404944 -0.00660971837525884 0.0970004904864687
0.358468518195007 -0.0314456813419315 -0.0293070301214125 0.062484472780749
0.149622239254342 -0.274888763603189 -0.105324307306389 0.0555767609328562
-0.0773558521721173 -0.17357102059209 -0.107590461571468 0.0439729311272766
-0.0177193334840213 -0.0206965682147232 -0.0994959995575932 0.00129421450221484
0.0754905545460889 -0.00453560035105486 -0.0941732720407144 0.0199400039870193
0.163583806617252 0.00832439064450531 -0.0309295224424721 -0.0697424033857835
0.142649789333457 0.0529550507618764 0.120803695672603 -0.129152078681066
0.0623190541881137 0.10431215396625 0.185212186067533 0.0143523248310484
-0.0447018498499102 0.129846458250374 0.028400561193593 0.20012871604201
-0.195826261625857 0.0619996644290501 -0.190379181510277 0.193052697354644
-0.228913699010026 -0.094133539727327 -0.280188234600183 0.0312341420624373
-0.202439769982695 -0.134699523570814 -0.236835913197062 -0.087631561650285
-0.174166251826077 0.0250707280949629 -0.189236713809013 0.00729045589337265
-0.00212109678129047 0.257893928851684 -0.04080188991523 0.228976639301243
0.366250589226466 0.207630819189591 0.217226540945234 0.210052423493278
0.47659019450623 -0.222321345655675 0.106830366714817 -0.0560095443463981
0.116864278854949 -0.50406040816943 -0.133004510549563 0.00224507561933067
-0.226725034117066 -0.320526031759108 -0.0300615906712001 0.108227882305899
-0.167888760183636 -0.0507467499644274 0.0512496544679058 0.00979740083491091
-0.00345957324229924 -0.000516577897811464 -0.0508219770947868 0.00694850068394376
0.0961838416626029 0.00652829750684999 -0.0597900008120659 -0.0898563840447498
0.0541612304593079 0.021107703960245 0.146112576221647 -0.0742548121904711
0.0207947324900061 0.00567309316518066 0.085485696698229 0.139914022651431
0.00434413845942392 0.0136081860621783 -0.146422563295318 0.151892006159392
-0.0533261446486225 0.00686122172565889 -0.224060913643997 0.0343484803268439
-0.0875389499586112 -0.077267556906465 -0.282801654038041 -0.0800338810317665
-0.100922748459505 -0.115791749080866 -0.276627730029554 -0.196178233567001
-0.0954274807311234 0.0103253260640727 -0.239352149589193 0.0126857286984232
0.0513231012996591 0.165143483512993 0.0505419944842727 0.378586652962652
0.279395719609022 0.0744513950292876 0.436971602386268 0.200880631426394
0.263156819553744 -0.198280743449008 0.139465566606031 -0.219142364655796
0.0271275995863005 -0.33747660223342 -0.20497979581547 -0.0157429857945215
-0.18613030358195 -0.211120349581874 0.0392337824588798 0.200271245415248
-0.15240560986107 -0.020123713345661 0.214913525854494 0.0286888361062816
-0.0300971970981346 0.00629156848341922 0.0138089406808229 -0.00901864788445824
-0.00586399696826647 -0.00614551849488228 -0.0313371218394677 0.00378400947165468
0.000205457191085706 -0.00897922270205572 -0.272668767526416 -0.0281324734309922
0.0178791672947857 0.00426414094414119 -0.107406137003226 -0.250942557583327
0.00428163881692929 0.026562207076286 0.225219878844564 -0.0476704992448788
-0.0225399284170758 0.0208783119146549 -0.0710810287753786 0.26586742435921
-0.0271989438854669 8.82651057757412E-06 -0.497615296456401 -0.110198552528832
-0.00769528064931435 -0.00984622566267694 -0.129427278845566 -0.439597608823246
0.00287902155770511 0.00677418685729235 0.249187288083905 -0.0403642605260551
0.000746695641275046 0.0124078489777521 0.286080691856597 0.233749001585365
0.00328041127145716 0.01450428736717 0.25988571945178 0.133798579509273
0.00264002230098665 -0.00270388033551598 0.195924408916855 0.0521031382500159
-0.013836435936419 -0.00644566788360386 0.220375562267794 -0.0803844800537555
-0.00350448007760821 -0.00190637924260773 -0.0122369548548052 -0.205263680627392
-0.0127964154923738 -0.00823045196548204 -0.170881742638193 0.0348504955913821
-0.0136651729724724 -0.00215353387555116 0.0641612620936381 0.103009226516098
-0.041454401757478 -0.00239000620294613 0.00322581027929765 0.00938657685965234
-0.159466079617278 -0.0372107837486669 -0.218454997961052 -0.00485611646876521
-0.173903775679551 -0.18762482061248 -0.101082298462603 -0.204192877258863
0.0226887673021544 -0.300040685640533 0.193408352626253 -0.0578678469272317
0.255744342739642 -0.167739676204658 -0.0613297258637087 0.230142983947415
0.248153548800035 0.0702626075097035 -0.449570296914848 -0.0926278748336788
0.0330931249862145 0.149104527664169 -0.108017099393793 -0.386118601226789
-0.0931292391627891 0.0102903241984106 0.234754872899181 -0.0331898513915453
-0.0831695055737668 -0.0914110950536004 0.275830769340316 0.22139797039447
-0.0634061188928389 -0.0444473069373029 0.275770889958136 0.137096288531874
-0.0188293158979831 0.0119491875588072 0.226089994310791 0.0260819302790826
0.00744782959949712 -0.00241448465288515 0.201116403758002 -0.109593116372894
0.0137802253180281 -0.0148138878575881 -0.0444634831477683 -0.183064198805497
0.0209439886282043 0.00487958069421405 -0.167283641321471 0.0551305809030155
0.0664668321936207 -0.00305890933144495 0.0621289245306156 0.110063052281534
-0.0297712432904095 -0.0016371829089646 0.0711404648505689 0.00349123027434299
-0.205485699360455 -0.0373599813366404 -0.0608778906812228 0.0100656168804451
-0.287513641476306 -0.268857248240371 -0.0269187489883672 -0.109068719266892
0.0120322283280735 -0.498241993576935 0.117610950857356 -0.0571317354900997
0.433843295752344 -0.282701313589047 -0.0640486378595214 0.0953323907861875
0.393984101446723 0.134152018398162 -0.286016592861219 -0.115281887163292
0.0154979676945954 0.248214666471504 -0.0301790591840465 -0.255589698031179
-0.180025183290389 0.0214611485828964 0.181003505985419 -0.0274589709851883
-0.179955679569005 -0.147379320794667 0.238589907677536 0.137735678183596
-0.190587995959005 -0.106409851273028 0.300361610727387 0.0673670194942182
-0.155039301016804 0.025804876674268 0.258807107736749 -0.101871055020491
-0.0576934123576365 0.0909680462012302 0.0796661424802639 -0.207260331835935
0.0319418180808654 0.0768789416550559 -0.158847426993416 -0.0992284417684321
0.0929000110010615 0.0536434489608408 -0.158228397029212 0.114936983935472
0.140547721351627 0.00218067882957537 0.0417907541923444 0.10200967966959
0.042709804471216 -0.00239113611502758 0.112309280421723 -0.0101858102443965
-0.0676408077928287 -0.0141938876308934 0.0924239481099896 -0.00815754390281339
-0.168114752781966 -0.166846574175757 0.0758877947986612 -0.0520949547074017
0.0454242523730281 -0.345003673989527 0.0594130331504532 -0.0681528014882498
0.369100143990914 -0.150003598847961 -0.0246023927907849 -0.0456341808235779
0.264593972872736 0.199417302847803 -0.0761917180551114 -0.0967935172480175
-0.0923282842304843 0.237414296301634 0.0252258272603086 -0.0930238188345097
-0.241774779818537 0.0410872209020998 0.0995969973045354 -0.0232874158735041
-0.26292471623535 -0.0901686678353628 0.144448625670881 0.0198188947680985
-0.312461854022616 -0.0623629668878363 0.19412375275716 -0.0512812780231324
-0.292418692787852 0.1118325333252 0.113590132306642 -0.181318720468806
-0.111825151972676 0.262509861922163 -0.109412822554343 -0.174441389657764
0.0849362785603847 0.211380675833806 -0.233046306429335 0.0134238372882562
0.177788345291509 0.0955947959769342 -0.155653389378464 0.120252794105535
0.182277171160454 0.00252876702497775 -0.00987321110196164 0.0732172654355978
0.138267248585933 -0.000583975124218066 0.0913520423442555 -0.0254049224100728
0.140006938066535 0.0274094615744151 0.137949917949015 -0.0658391650468707
0.079227853184866 0.0635035792856676 0.150036305696858 -0.0883609547533115
0.0676754181328555 0.082922146891697 0.106346503323092 -0.056023071191554
0.0332842344021049 0.134564492035831 0.0423658674736325 0.00217777231460375
-0.0777047035822652 0.172673782798221 -0.0011623216905312 0.0201360403938704
-0.220322824518741 0.118274096810409 -0.0155160194477013 0.0177996928878368
-0.262457222328226 0.0555103450354107 -0.00395743816290303 -0.015300911274645
-0.255737681526992 0.0727401948998018 0.0104274733163898 -0.0311262801365382
-0.189834905127527 0.130148952689326 -0.00070746960364442 -0.0543043095056296
-0.0723369260120121 0.155011004824176 -0.0743642928312431 -0.0463313327702254
0.0185576979901908 0.163651971599497 -0.161319801760504 -0.00327956660428452
0.0871407435375305 0.123673109531744 -0.193574530300013 0.0511280251056179
0.153839825765364 0.0572860009631072 -0.157875959560793 0.0537152409460303
0.158595799719892 -0.00161304272827195 -0.0728342302797035 0.039490283453394
0.187764928654123 0.00249992679538712 0.0262415751361388 -0.0451205015698148
0.216627281117662 0.061552679403074 0.114973243335337 -0.125973326849536
0.146522671026598 0.186840603980102 0.196614817289928 -0.102080949473335
-0.014519126514778 0.276999945052477 0.156816887908654 0.0758706822456869
-0.241831088284482 0.192313330868826 -0.0271546684536125 0.188483911068235
-0.296422491242047 0.020888802766608 -0.136621456140407 0.104343161064416
-0.263558822880497 -0.042396307690712 -0.133719178430155 0.0129228098325891
-0.235052222833384 0.0456573216968766 -0.107710894170609 -0.003180342081291
-0.137792477741604 0.222475547472953 -0.0694625628822286 0.055000574342117
0.158095116127366 0.26322641121696 -0.00621698450651755 0.0951710525012458
0.357938986370701 -0.0338582785721461 -0.0289569965483366 0.0625245487049451
0.148884647666999 -0.276536977580408 -0.106986309182329 0.0554290313651147
-0.0783988736738794 -0.172170280481848 -0.108848413827537 0.0448806368505351
-0.0161359567302901 -0.0200256772228896 -0.100361800836375 0.00241118067652408
0.0779509421801848 -0.00443288888514356 -0.0945036984865704 0.0196648036565819
0.165400572322859 0.00595000181426825 -0.0332871022178452 -0.0682354193020051
0.140605486752535 0.0514640448299811 0.119537413879133 -0.130339902183193
0.0624752949607553 0.103441398327418 0.183937730946934 0.0141690071210421
-0.043250129137614 0.129272564956301 0.027656279011032 0.200117169673184
-0.193187006990365 0.0634479028103667 -0.188602806951553 0.194625374506822
-0.22964617425271 -0.0932863833078834 -0.279659984143224 0.0330462993085835
-0.20336633688687 -0.136282483681065 -0.238538031297095 -0.0873716212021697
-0.173782946607471 0.0244272691594717 -0.190408568254489 0.00883578032353728
-0.000511523539236754 0.257751572362862 -0.0390762771528981 0.230144356512858
0.368722257370472 0.206427940382677 0.2186218215013 0.208005248306094
0.476769534741955 -0.226251887284702 0.106430897621356 -0.0572108717370976
0.112048135496741 -0.505838701160693 -0.136271723084588 0.00467784831147873
-0.229368399180018 -0.318580693039139 -0.031021817929032 0.109587927965863
-0.166504190907914 -0.047740081685502 0.0494444567233394 0.00902778268551619
-0.0014033226983543 -0.0007922617782042 -0.0528563555899573 0.00590064940404664
0.0960311677510593 0.00531147172427779 -0.0611003321063938 -0.0896869192618354
0.0523452942110473 0.02077362213218 0.145351595471586 -0.074571243397169
0.0201582884589633 0.00416129879222253 0.0841210018859064 0.141391177724189
0.00489734417451547 0.0124677733743784 -0.148497800409518 0.151627576317493
-0.0519735333343442 0.00845536207909696 -0.222751049358392 0.0335201782397467
-0.0867185151909902 -0.0760534193764795 -0.282720699492501 -0.0779779581042586
-0.100113271593793 -0.116897238076579 -0.278891905312052 -0.196593566457692
-0.0954310582953879 0.00975019642543624 -0.241097470200643 0.0131986557422018
0.0526988369981591 0.164429006873933 0.0526820571292231 0.379380666836248
0.281039131307258 0.0730108950244823 0.440638738734021 0.196524298334796
0.264749567929848 -0.200595353535017 0.13789930009965 -0.221054073411639
0.0241472301449756 -0.338538818133666 -0.207401883411582 -0.0123753529254933
-0.188410497051985 -0.209189151189702 0.0398249644609518 0.201798680282734
-0.151064147891129 -0.0185436098887203 0.215799446214164 0.0246345070062992
-0.0281750099169631 0.00597069468908788 0.0125000642269726 -0.00919730719902334
-0.00591080982942624 -0.00646673355410268 -0.0313261824287365 0.00350586366703632
0.00283048458941218 -0.00894279227960741 -0.272540945447051 -0.041391572759051
0.0172708467542995 0.0071311626860347 -0.0978716364731692 -0.258877419247338
0.00225984365898539 0.0266013049215581 0.229454870586952 -0.0375988531683022
-0.0247819457957321 0.0182007254146618 -0.0859759153458999 0.265828130937634
-0.0228929031405572 0.000422552874664795 -0.498254082491065 -0.137810053586264
-0.00819440679493558 -0.00645298266574568 -0.110192862381858 -0.450351275328623
0.0020638491010101 0.00731275476879142 0.253866412996268 -0.0246990715382145
-7.80478215023361E-05 0.0143343902023146 0.274986947890357 0.251602852031621
0.00385793707863628 0.0149452465445401 0.251815418190222 0.148893692167453
0.00348245526174961 -0.00391112103474259 0.191450766551696 0.0645165533852694
-0.011493923721815 -0.00740190971590263 0.224805479474128 -0.066716666267741
-0.00416146167454502 -0.00392168866433098 -0.000710919047249008 -0.205808590789059
-0.0147058076667422 -0.00603312147207495 -0.172339565195879 0.0238659870992498
-0.012568264246106 -0.00128090126128425 0.0575031606648812 0.105488455104703
-0.0405920041704244 -0.00505825992719061 0.00231025772863586 0.00955177467705818
-0.155810322017727 -0.0439710204222439 -0.219866011205859 -0.0146085627251398
-0.165919276176538 -0.195170452064578 -0.093198895104092 -0.212334238660174
0.0361397592285372 -0.298913643950018 0.199727403882202 -0.0491555418435448
0.266220674342862 -0.157243984206244 -0.0720087676691371 0.230218698699839
0.248758227133741 0.0839878817036451 -0.448954631738029 -0.114868925243881
0.0261144050798239 0.155616767582037 -0.0912408333973778 -0.396209840091964
-0.0954543688064383 0.00396004871396692 0.238279102966927 -0.0193929396231811
-0.0777483711166605 -0.0968682727505664 0.265814554992262 0.238745707770493
-0.058831878452667 -0.0486197112154718 0.267608928974383 0.153281788967202
-0.0166581640947463 0.0107829028423541 0.223093388184969 0.0401712694294834
0.0102863506984364 -0.00384618165128981 0.206856256157256 -0.0973662664996725
0.0141239541114814 -0.0179300265131783 -0.0329299299994568 -0.185129159582575
0.0180016510138874 0.00722064435939071 -0.168362430913732 0.0449327807119945
0.0676835098440623 0.00234355431740212 0.0552391131591158 0.110693475385301
-0.0286350091225488 -0.0019900995945177 0.0724500232531156 0.0063850723273345
-0.202136759116025 -0.0460019657338153 -0.0617253322538007 0.00788688400458891
-0.274283742494367 -0.281932582170052 -0.022793307123087 -0.114216067808743
0.0347181277667832 -0.498438958990227 0.124343893076218 -0.053002212298461
0.451763850514502 -0.265378972844885 -0.067880410390742 0.0940181491311525
0.389522989095276 0.156573306226573 -0.280675801701104 -0.129567284206884
0.00194017898715036 0.251506440892815 -0.0174865938065537 -0.258467040429504
-0.183313588995901 0.00997312398272956 0.185753544611539 -0.0167006850032266
-0.172718216355214 -0.159312622955389 0.233299940686481 0.151761853311434
-0.183536816926209 -0.117065157561937 0.295231468002423 0.0844690732946228
-0.15446503651176 0.0177217340351275 0.264123880086461 -0.0876344168805356
-0.0605432517965517 0.0851856486774149 0.0923235709439263 -0.20067478644833
0.0255145306981275 0.0763621123638711 -0.151163190009087 -0.10783689202794
0.0871958370912338 0.0606302663685107 -0.163839175232124 0.104508846253786
0.142464726122305 0.0109834616127591 0.0363260964918777 0.101177645519098
0.0440542134699331 -8.66407226654056E-05 0.115614272970538 -0.00519124776776785
-0.0653352160191639 -0.0185716103912803 0.0949531796469424 -0.00469014543629839
-0.159550969097326 -0.172638036243148 0.0795630883029255 -0.0495052412740787
0.0603102262851748 -0.342207852903822 0.0659437330570836 -0.0656651234609805
0.378935234386678 -0.133391453846184 -0.0221503438553152 -0.0456493648230727
0.252848334716788 0.213526791732336 -0.0709157692305821 -0.0988887528565199
-0.107219699882155 0.234392116177345 0.0306219361716172 -0.0916720810719393
-0.247138925854222 0.0271595949248888 0.102005165697283 -0.0176353023572887
-0.257808217173206 -0.105222944181354 0.144486067034481 0.0275419022895006
-0.310125026349434 -0.0807769046837069 0.198240263315699 -0.0397249997689009
-0.29939684898918 0.094716258063839 0.125503142044072 -0.175647415676493
-0.128585365811274 0.254662701676365 -0.0957792195657493 -0.179718069801449
0.071859856601504 0.218994732920599 -0.230574514340466 0.000404511482300071
0.171538526877582 0.107478813968189 -0.160907496805426 0.109691557232046
0.183682368363189 0.0139857596301215 -0.0135163907161504 0.0682537505198389
0.138289502428178 0.00719032778897657 0.0940265013492685 -0.0211731129023817
0.138776443323413 0.0346610677117516 0.143782460493867 -0.0588266051971839
0.0767809181297299 0.0695447230246333 0.155726870410274 -0.080879003790192
0.0637152684741545 0.0885778512204456 0.110402161885298 -0.0491262249700857
0.0268394827737519 0.138250731755126 0.0404629787188486 0.00661996944612654
-0.0891010386939881 0.168374294366127 -0.00254554268368309 0.0227123490101955
-0.226872593657027 0.106906302414928 -0.0163031247530721 0.0170360085728936
-0.267116994035434 0.0410781481401561 -0.00392265808555948 -0.0155202902328512
-0.25967676601849 0.0577982725211931 0.0130438467669207 -0.0316653816978695
-0.200025197405912 0.120116512061387 0.00408829969696012 -0.0552760867220911
-0.0841357804312274 0.152126350592053 -0.069883446527041 -0.0518259183649795
0.00694290305360404 0.1674524645292 -0.160004472727448 -0.013553682529774
0.0795497842311845 0.131915724168891 -0.194918569080583 0.0388067385408124
0.149581715188461 0.0684226158974023 -0.160243268650011 0.0438890457445632
0.158254856544761 0.00880276878633181 -0.0750897017966535 0.0328356972215308
0.188692001044663 0.012044666658262 0.0286351651450009 -0.0431718789303095
0.212102871320999 0.0717044396829764 0.123015229045072 -0.12070298574932
0.136395146645698 0.194733588590053 0.203100075596744 -0.0910059623523818
-0.0293062426231771 0.274774258743533 0.15192688419891 0.0866842217359888
-0.252784154324674 0.180101939621729 -0.0391091652144848 0.192299586224033
-0.295795010075307 0.00247966246343589 -0.145986383698034 0.0972794341217249
-0.261277015032426 -0.0574751959660796 -0.136244503365278 0.00447927542383529
-0.238170131089395 0.03184954844168 -0.10938838134476 -0.00861544234612112
-0.150996844436041 0.216311833476412 -0.0730256194175901 0.0500921682299003
0.14349090730361 0.274782049036077 -0.0101795090038732 0.0927875213783298
0.361367141162355 -0.0159964068389353 -0.0337349715770031 0.0581460189460464
0.163454950415822 -0.268176486296078 -0.112689615188698 0.0486959590159282
-0.0703837911369994 -0.174012881601852 -0.113712677836589 0.0396859937416856
-0.0151922110217827 -0.0193883947128503 -0.102556859805469 -0.00290597922968479
0.078579390639909 0.000664083140029865 -0.0961047839061388 0.0138828018008072
0.164774512986264 0.0135844633609998 -0.0305029495495253 -0.0707787479134811
0.136434135097754 0.058010224896095 0.127953494986891 -0.124970048030284
0.0565555801669992 0.105335035483158 0.184478059744895 0.0239872005541342
-0.0477228931378725 0.124138027196699 0.0146150243574919 0.202382314107839
-0.193707274754616 0.0538267461161688 -0.202614785109805 0.186279437932938
-0.22190359140509 -0.10633633955169 -0.286044618657261 0.0174226231552542
-0.194568461761465 -0.148785005696304 -0.236703521013574 -0.102687813141983
-0.176101455849726 0.0121680554571952 -0.193818714651885 -0.00250918241282301
-0.0162763144647879 0.259434550133531 -0.0527381716891745 0.228030906779333
0.364804594549094 0.231993442706517 0.20921315515288 0.217855811032393
0.494318805211685 -0.204890950704368 0.105043993648206 -0.0525783902384332
0.137268831436903 -0.506247134581246 -0.140589836976293 -0.00118724789305146
-0.214692251502888 -0.331002767395744 -0.0388951279792223 0.111789810763761
-0.162762925132532 -0.0570412949111099 0.0472704596624461 0.0120789305795103
0.00105625386493137 -0.000848499069684871 -0.0545000431573409 0.00212992853624327
0.097332817671434 0.00859592455397093 -0.0586988577786724 -0.0931617743884675
0.049893006666678 0.0226933109833232 0.150415709474355 -0.0667188818541163
0.0192591097088813 0.00264027539867811 0.0762559167990841 0.148773706429872
0.00807058964994928 0.0116187528484293 -0.15992922783109 0.143349008630446
-0.0490144651250982 0.00657100357735935 -0.226561150519985 0.0211510603667169
-0.0793688459207103 -0.0811875472280525 -0.279996818022237 -0.0953674539989001
-0.0926708305466479 -0.122306935918326 -0.272218182447966 -0.214874433295611
-0.0961578411980735 0.00318234786604836 -0.245050231153256 6.4284376713431E-06
0.0423824614435298 0.169548209161145 0.0309044196766386 0.384664022376253
0.282748583938546 0.0922963702309254 0.434004742831672 0.220976074800448
0.27873759905165 -0.190554791280745 0.147857302390046 -0.213926270283753
0.0400572132963515 -0.339589717011522 -0.20965662224504 -0.0216750422970108
-0.178608083889759 -0.21890464900565 0.0288704272448047 0.20625831691802
-0.147073562779427 -0.0264062308975214 0.212939734722514 0.0351785248455118
-0.0261358283204393 0.00382858467330955 0.0112256237682754 -0.00989000449417629
-0.00614465754505894 -0.00637356257458315 -0.0319121977957685 0.00497793257814734
0.00230445583791686 -0.00842532376914311 -0.274023849348491 -0.0336167835122783
0.0175769766268738 0.00745043843773218 -0.105770666579758 -0.256630079650845
0.00360497844525275 0.027176331277435 0.228716331759685 -0.0436620178238794
-0.0245978019004609 0.0200583416726133 -0.0801532645422124 0.267522602856221
-0.0225646507698806 0.000122606534238221 -0.501920521585185 -0.127390822865521
-0.00758956512584896 -0.00607501122163124 -0.120616199302052 -0.448846900543262
0.00261055510468824 0.00751609671850633 0.254028666908857 -0.0300512351273435
0.000531466462687187 0.013646335892745 0.281352553858352 0.246479868502084
0.00383780797427698 0.0145856067408626 0.252930760265768 0.143710414718658
0.0031655292145071 -0.00250435018825731 0.191254935444584 0.0608179856404301
-0.0127040301848431 -0.00636075058176239 0.223656715194387 -0.069691638078718
-0.00403520661216647 -0.00425882328478613 -0.00399688275183498 -0.207156287707606
-0.0151056798817211 -0.00618759406584207 -0.172660349289835 0.0273655716048495
-0.0126304229831804 -0.0011608173267905 0.0598255374465186 0.103751647300746
-0.0407223916674662 -0.00477518881647895 0.0042669633986162 0.0104720827758218
-0.157298946979428 -0.0405391635234659 -0.219652154176376 -0.00856897192992292
-0.172000519809447 -0.191680489948152 -0.0995341830102326 -0.210939120209989
0.0292067112394414 -0.30128356895002 0.199303332180067 -0.0548391435461106
0.263166780206387 -0.163682182748335 -0.0675804080133633 0.231364479426643
0.250017471814574 0.0783025862535364 -0.45425712057653 -0.104703004765675
0.0292014937545666 0.155889370383907 -0.0996039483156601 -0.394620666283291
-0.0969010664428195 0.00674341616813329 0.238589704907528 -0.0233413809019965
-0.0804908413102768 -0.095646763971893 0.271197302576638 0.234365732391915
-0.0598378875270139 -0.0460892950474914 0.270603577006983 0.147268522460183
-0.0158886967687506 0.0118184594670445 0.223310114346746 0.0358233486641314
0.0111448972812206 -0.0034440906607628 0.206172349657853 -0.101622544544494
0.0134235280496828 -0.0194931258874216 -0.036724938598775 -0.186153549941346
0.0169244996752109 0.00666550997296926 -0.169046424419353 0.0478734745850036
0.0673703648351004 0.000956772083853788 0.0576171816804259 0.10997571615099
-0.0275298788602456 -0.00213826268824617 0.0730055139035693 0.00425711496345133
-0.201633957162385 -0.0420940908894216 -0.0598640710517928 0.0102994191074668
-0.281634846501754 -0.276095350436413 -0.0255542140054717 -0.114164053452368
0.0223236689418511 -0.499556877680879 0.123448501603653 -0.0559476250478864
0.446685440800233 -0.275854928593134 -0.0661131174083129 0.0948597685240563
0.392867477706077 0.148210166840402 -0.28573736123748 -0.123372949145826
0.00672994653174659 0.251955306507211 -0.022131627618927 -0.257676970241947
-0.184665276979128 0.0135444515864518 0.185108846016975 -0.0204151210594599
-0.175896328586074 -0.156009514650645 0.237022294914409 0.145988624323888
-0.184009176269117 -0.114080052532869 0.298384985671163 0.07772132979769
-0.152234953389425 0.0211865612083467 0.262549147680761 -0.0930312862131048
-0.0581442658597603 0.0864980973713925 0.0892777170123174 -0.202921941891497
0.0267549016768586 0.0745565994168919 -0.152836496072446 -0.105149301106482
0.087031659486308 0.0579913253981626 -0.16145330599764 0.107646954238816
0.142666397288597 0.00753058774684027 0.0388355730380254 0.099398061159118
0.045828415604873 -0.000982731719142613 0.116088327228099 -0.00669730501032048
-0.0649571196985246 -0.0164097164725173 0.0971367845284032 -0.00626933473994601
-0.164661854432243 -0.168302209653019 0.0800113462919583 -0.0523564377971867
0.0533405979521458 -0.342944974367702 0.0651230211530814 -0.066975625716847
0.374523270814813 -0.141998504625198 -0.023145521755314 -0.0453447486473569
0.256836132695632 0.209797662055969 -0.0727681761114151 -0.0970598912592847
-0.102004990192514 0.237356409240139 0.0289451739557396 -0.0918179230598688
-0.247347551652943 0.0326393533087099 0.100898161185485 -0.0201966473632974
-0.260510355596184 -0.101781161384123 0.147366273655237 0.0243439617986186
-0.310642414870866 -0.0755384127344109 0.199087688174779 -0.0454421226923208
-0.298721729672428 0.103044894144206 0.123379294443114 -0.180315067049074
-0.121746835896867 0.258783340358143 -0.0995731209752557 -0.178573029236728
0.0756393765219924 0.21776771473869 -0.2309061673497 0.00504109846570573
0.173729313190263 0.103083180262501 -0.15866247670019 0.114160972535345
0.184706865207091 0.00860163819225106 -0.0113534431456155 0.0683017306010415
0.140932392741931 0.00472992676715554 0.0936168591041091 -0.0225018306185287
0.141592719349464 0.0319072198143165 0.14336347746066 -0.0635661129132751
0.0787407747492339 0.070618385895074 0.154903712972864 -0.0849217780383109
0.0657316324451392 0.0887030100807127 0.109647003868766 -0.0507983847466432
0.0266861205378667 0.137086471382586 0.0410052658761624 0.00824642538972557
-0.0886889575506845 0.17085856310617 -0.00232377023723274 0.0227854592071688
-0.225609691234318 0.110622626815742 -0.015538367776141 0.0173497553754064
-0.266621604652813 0.0458691879198702 -0.0047293852544458 -0.0165941416708179
-0.258029723071377 0.0627918388170472 0.0127236352498678 -0.032756249818996
-0.198632856998983 0.123727345854502 0.00333477468279102 -0.0571306203477808
-0.0816580142189747 0.154571904129432 -0.0699394839168826 -0.051339107835015
0.010425503249907 0.168694833941699 -0.161449700130224 -0.0102040684833631
0.0829706112302638 0.132942866062496 -0.1952985265068 0.0438986361427655
0.152219935192461 0.0652416657063528 -0.160787612024779 0.0475103369301342
0.160702329632254 0.00460017883255591 -0.0747468100123068 0.0342711809141305
0.189347126892784 0.0076676436901065 0.0276628573225425 -0.0431549249606347
0.214712899674321 0.0677078712876002 0.120689407231028 -0.12433130532841
0.142061375358129 0.192017857293075 0.20085034052614 -0.0957020767500919
-0.0221270397508601 0.275996156333604 0.154474777963862 0.0846186264221629
-0.249109877420993 0.186439030621708 -0.0347118528571016 0.194430643401692
-0.298090386648559 0.00936548182298876 -0.144435431170887 0.0996505088959162
-0.261821455618184 -0.0534996843715819 -0.136480985508448 0.00722818458709321
-0.237303110987772 0.0358590867048713 -0.110263194619555 -0.00733054662275552
-0.145315124915087 0.21986572766878 -0.0717568437902312 0.0510020613164427
0.150593557215113 0.27358263145875 -0.00766746346170198 0.0921849473365311
0.3605513857267 -0.0241981677439219 -0.0333302767930899 0.0579742178577087
0.155116977675705 -0.272289233812374 -0.112830371910886 0.0514468585679884
-0.0733604620844226 -0.170466406179253 -0.114654897447239 0.0436060755114499
-0.0143028108364634 -0.0177916773760308 -0.104918706667344 -0.000576985744792592
0.0822480075325776 -0.00118350105150524 -0.0976947265397169 0.0138242991870869
0.166610391527619 0.0101479480609664 -0.0329194537841313 -0.0700801881561101
0.137187332671999 0.0551907168210157 0.125569490847817 -0.127384960645658
0.057928927951815 0.101891113092014 0.184166734102519 0.0205086237279999
-0.0439242496447438 0.124285230146778 0.0169373634254933 0.202657690505819
-0.189653934086725 0.0574647111487475 -0.197802941847832 0.190811171261922
-0.22372093396978 -0.102265260968324 -0.286715815061094 0.022625156981962
-0.196421091836818 -0.147393044896186 -0.240554634080676 -0.097868506699486
-0.175809390367236 0.0148619892140493 -0.194713001552522 0.0026681367249598
-0.0101530028506624 0.260014510823776 -0.0478042852694359 0.229402007053632
0.369949107859676 0.224492264258442 0.215846777265026 0.213231322974986
0.489679266708983 -0.21674229465043 0.104235296081133 -0.0561749850396664
0.12472710385659 -0.509109453307103 -0.14231072457433 0.00352839681139714
-0.224106945988334 -0.325176596250256 -0.0367646473354908 0.113880491166497
-0.163792644127062 -0.0519949251195611 0.0460600470026345 0.00968811795457075
0.00369632077732275 -0.00130811945469274 -0.0562130917092105 0.0027347121976138
0.0971863504473564 0.00717975922361937 -0.0617994044558911 -0.0910890503474913
0.0490983960851696 0.0213089563865416 0.149878174994345 -0.0697481544851645
0.0187703317387196 0.000949891188960494 0.0783244463780416 0.146993465697162
0.0100717637491504 0.0109797538230811 -0.159500761319005 0.146807849212103
-0.047683699172657 0.00879621576459121 -0.225176058605173 0.0241243028042242
-0.079906117593674 -0.0790298975051611 -0.281657374806681 -0.0886149162244698
-0.0961463425120346 -0.122123478162959 -0.278291815839201 -0.209757475027116
-0.0975165894689219 0.00442165769826157 -0.247092740131725 0.00344461226516584
0.04762064347937 0.168934650569637 0.0400935038105999 0.384544124441308
0.286778731250258 0.0853260323056503 0.439741779898626 0.210370092985579
0.275813903944276 -0.196923367372824 0.141148529118858 -0.218150831929829
0.0313771817781952 -0.342001102151903 -0.210822235889566 -0.01411996628199
-0.184099925328623 -0.215579841410414 0.0337039509624989 0.2077756666615
-0.14787811087075 -0.0233020410921455 0.21238097406535 0.0280720021619633
-0.0243342162319798 0.00437529643494588 0.00988605106628988 -0.010362108078127
-0.00709170808135219 -0.00591093533411867 -0.0312798647549343 0.00732560035438495
0.00198370231335644 -0.0092313323461575 -0.273029092009889 -0.0260296930418198
0.0180113861640689 0.00694858173511759 -0.111844266148981 -0.252562534882176
0.00512020035500785 0.0269377498028605 0.22818720248474 -0.0498544605654109
-0.0243149857988914 0.0209112400545059 -0.0724039782507438 0.26708003828666
-0.0217317681390063 -0.000304504758031197 -0.504155308932278 -0.116881428775352
-0.00542388855004476 -0.00717209182117262 -0.130739303318453 -0.444681163504328
0.00290660634616977 0.00848863789914582 0.251269850776247 -0.0323734321776171
0.00109537986399174 0.0139191597913812 0.2847118681451 0.240426835433516
0.0026356311470318 0.0138237909879479 0.253171153881003 0.136299344757431
0.00223248762200494 -0.00344359393523944 0.1894669928619 0.0569394517986766
-0.0129436259493737 -0.00471932363031314 0.222268398086334 -0.0731385555235703
-0.00396346110663802 -0.00445530772035423 -0.00747287239711748 -0.206899801191415
-0.0154629923806161 -0.00538530137134638 -0.172119007571577 0.0299240671095732
-0.0121522570741777 -0.000602347814253711 0.062460595821732 0.102175596546677
-0.0406291086234586 -0.00431835111736103 0.00514331737096605 0.0107190534265969
-0.15742949871688 -0.0364277287265652 -0.217764671263022 -0.000788508973501728
-0.175593894010962 -0.186801954395998 -0.104682654125167 -0.206668370224868
0.0223213678005951 -0.300943477779897 0.196489505991018 -0.0598249682505892
0.258672569884676 -0.167561027161504 -0.0624289266971332 0.229893416337146
0.251375393140443 0.0727904860645891 -0.453034750868611 -0.0965910144297551
0.0321121094969378 0.153784780600989 -0.107720598265231 -0.389931333937561
-0.0968156027331126 0.00845010432363683 0.235922518049762 -0.0279889802139999
-0.0824530423145155 -0.0948837841307088 0.275142667292832 0.227470056191488
-0.0590145724973894 -0.0450794080354893 0.269251655958902 0.140005066136225
-0.0138364514239711 0.0133430316440344 0.220919938658833 0.03137257350098
0.011986129414561 -0.00411139332883154 0.204374479823736 -0.103651172984242
0.0118121851412609 -0.0211112443549463 -0.0387679818278388 -0.184894192730786
0.01571898878375 0.0052094001945534 -0.168397260575364 0.0500905262413806
0.067040365081392 -0.000359428053533946 0.060680977598233 0.107802475435966
-0.0254869477035994 -0.0022172272436512 0.0755521133173114 0.00395301847019667
-0.200889961870015 -0.036076463646165 -0.0576398347035725 0.0125953899665108
-0.287614812762794 -0.267820766645402 -0.0275295583304013 -0.111487651722239
0.0120589014709967 -0.498639547235328 0.122214367185991 -0.0603307624013647
0.43766236011275 -0.284778991223914 -0.0638371840370743 0.0949848597529473
0.394585632737733 0.139001467065204 -0.28708964102011 -0.116764320053813
0.0100927400323797 0.250615747640617 -0.0281036095051432 -0.25533965016272
-0.184988782780859 0.0173261469162524 0.184621838874397 -0.0225985052657077
-0.177535058694223 -0.153905729905214 0.239747565354426 0.141201795766098
-0.184936813152475 -0.110052631634278 0.298087999248144 0.0714578020084835
-0.149397714318248 0.0241467332305185 0.259413030986248 -0.097973543891253
-0.0546437220800151 0.0869730770551707 0.08581687384481 -0.204222863260663
0.0263333793305456 0.0710396692413003 -0.153530906462868 -0.102217244497101
0.0864862032548353 0.0548876928757365 -0.158220939502191 0.110668037549132
0.141348597680244 0.00289794654612945 0.041760548058778 0.0979519991984505
0.0467622082030158 -0.00249241059897444 0.117635792879828 -0.00962355053596452
-0.062768480781686 -0.0146289148438446 0.0977760975800908 -0.00871884489358123
-0.166846608058718 -0.162162903784451 0.0793759408894134 -0.0541427879765401
0.0456056026867822 -0.342305217045617 0.0648807055709944 -0.0679444693215067
0.368829437749643 -0.147730124081875 -0.0237104303911194 -0.043550631717433
0.259893377309384 0.203037922878157 -0.0744624513035809 -0.0936095698330845
-0.0976422240808944 0.237861747977853 0.0275475209894325 -0.0919982950507234
-0.2447669476842 0.036522578650403 0.0996862587464409 -0.0225298602429369
-0.261103550730833 -0.0976363752508323 0.147491492603374 0.0208958688791312
-0.310744124922436 -0.0693326544577967 0.197854175457986 -0.0497612952239247
-0.294981895973171 0.109235510527771 0.118967058053717 -0.183075073181548
-0.114935200124778 0.261380289297603 -0.102633339261737 -0.176235071310235
0.0799658697822374 0.216000658601672 -0.228709644195029 0.0100403623970338
0.174162978541107 0.0996462678839084 -0.15551011524383 0.117859736694208
0.185596562040225 0.00525189761083172 -0.00966366631228409 0.0676790244872813
0.141017355978169 0.00123950358853077 0.0933358824984402 -0.0240296532182858
0.143463078576899 0.0285143818602733 0.142665602969078 -0.0671679436988377
0.0822578899337165 0.07021482631524 0.153077614709355 -0.0870999921411285
0.0670289730158539 0.0884754169170509 0.108919741916253 -0.0523864365325668
0.0275982253179932 0.13724185462669 0.0409409233086098 0.00983134957013186
-0.0852559069777218 0.171442670003282 -0.00162189422258409 0.0226821100638543
-0.222885554166372 0.113915381154611 -0.0160525492910113 0.0182087631285622
-0.263987734888169 0.0500215908598483 -0.00672276914763764 -0.0172952123533465
-0.254927354496633 0.0670316026826107 0.0135185391910363 -0.0347299187038181
-0.195397259671075 0.128861561777649 0.00282570727001849 -0.0579674505287843
-0.0802242681181284 0.155843262388376 -0.0696568710922244 -0.0521019437186299
0.0130283708541578 0.169264100525324 -0.160574708144695 -0.00840871377858636
0.085423892279676 0.132657894836498 -0.193982103960898 0.0468797262743736
0.153586611294653 0.0628821057369005 -0.15942285420564 0.0515694081723164
0.161281500269416 0.000984128839152745 -0.0741346265137998 0.0342558185200915
0.190804866888123 0.00315034583595418 0.026105859259461 -0.0433836267664634
0.214169734013073 0.0621710825019535 0.117814733505421 -0.127405598591579
0.144535244999344 0.190883625751275 0.197110215661804 -0.0986279177527634
-0.0170540329281111 0.275821101377087 0.154767492441604 0.0807342667656606
-0.243354958988942 0.189353009105057 -0.0307221077705444 0.195516180319562
-0.295240616939994 0.0148904165024812 -0.144489386577513 0.102323948675643
-0.260065876047912 -0.0509530832294926 -0.136720641118356 0.00919084088955745
-0.234985142962407 0.0385724276299053 -0.110428934723011 -0.00514692165680338
-0.140778637215834 0.221406984158091 -0.0696201487630783 0.0512066998261276
0.155281826124393 0.270229667345989 -0.00524908399611038 0.0909145724487239
0.356334224848639 -0.0325999710319897 -0.0317190546152381 0.0576679108395582
0.147493647852611 -0.273804414593153 -0.112372036925122 0.0536249988123823
-0.077096480182936 -0.165777671878035 -0.115531874154058 0.0458698722463331
-0.0134715013667515 -0.0175518668060481 -0.105196083838531 0.00150266775010468
0.0836440100676776 -0.00295704483339561 -0.0977058446469247 0.0159847050698804
0.164909639457963 0.00521627442987091 -0.0346305630610772 -0.0685499182803041
0.136061854637978 0.0513291038202489 0.12211669872957 -0.129243029165538
0.0599141098810679 0.0998724641223168 0.182141413427802 0.016649003931933
-0.040662554641296 0.122830095517573 0.0208002724728976 0.200324847423657
-0.184951720814889 0.0621182381323553 -0.192238878900192 0.191636707388344
-0.224577568219416 -0.0971986569886449 -0.286863157342078 0.0283196778345925
-0.197899567606993 -0.145317691746998 -0.242396013742831 -0.0927562120309731
-0.174998124097383 0.017309273057122 -0.194187814582288 0.00599519445140547
-0.0053074038911414 0.258534673797685 -0.0424468411936246 0.227906429935211
0.373447144712684 0.216490172779048 0.219380895111265 0.205494784672135
0.484474805969468 -0.226686327072839 0.101388182256851 -0.0584679951776964
0.112610244307774 -0.510283563970956 -0.143244520647636 0.00828512108283878
-0.230000027643136 -0.318705008388831 -0.0359908230712366 0.114994710146787
-0.162412872877815 -0.0471733758228108 0.0448893900219182 0.00842514597527356
0.00611235668954528 -0.00189142931008288 -0.0576195305710184 0.00386499357145812
0.0967084592997462 0.0051173327183327 -0.0642521309787148 -0.088945768404156
0.0480298515864874 0.020290626298155 0.149226455440798 -0.072147243634836
0.0180972523097419 -0.00083179182863109 0.0797890988007312 0.146365575709267
0.0116670810978274 0.0102338145618417 -0.157932574988032 0.147677403969709
-0.0446157938348002 0.0112976908337131 -0.222114332446446 0.0256062532536173
-0.0802584492573493 -0.0768880364135028 -0.281037495341146 -0.0824490713010086
-0.0974243036707001 -0.12154732931588 -0.282928702003412 -0.204070221797577
-0.0962507022153663 0.00591760028696092 -0.246336358385855 0.00855384473963041
0.0513679010377892 0.167209653805869 0.0484856310763468 0.381403678432318
0.286808869678656 0.0794766567758588 0.443615812495515 0.196997638830885
0.270947614347532 -0.203531499065914 0.135557142512262 -0.21981320019598
0.0226390025319914 -0.341947279728299 -0.211929380339503 -0.00784898346809897
-0.188486155974663 -0.208893154552468 0.0390555828231334 0.20716818176551
-0.147384320149305 -0.0199882777339505 0.21109898956559 0.0216656918565647
-0.0231828173622267 0.0036295486681276 0.007543826766321 -0.0114095028623456
-0.00893930318172432 -0.00611916695562609 -0.0305468930297841 0.00862237962454291
0.00153954235005431 -0.00965313538430601 -0.274197834444059 -0.0222442157686838
0.0174729610429187 0.00636425998771864 -0.115923105635592 -0.252119299821288
0.00637975202573585 0.0278203315179053 0.229260680242827 -0.054300522955675
-0.0244160157956647 0.0220337526682188 -0.0707540954482303 0.267281343836118
-0.0208779434425999 -0.0014382187403846 -0.508372053872426 -0.113596672951933
-0.00550891972987728 -0.00761254029933643 -0.136103394525822 -0.441909135316852
0.00430566414779883 0.00870388493480175 0.25123003430018 -0.034017550206536
-0.00027593201510904 0.0130164207263531 0.287772474657654 0.238867700734244
0.00259538910587841 0.0141822349334137 0.253277990203987 0.134284080031799
0.00150157185253437 -0.00314955356033657 0.189794711358219 0.0577031627445318
-0.0133342420031313 -0.00332753483946725 0.222742132832928 -0.0737020406530944
-0.00393890220156409 -0.00415589862557664 -0.0074828140382723 -0.206573778112709
-0.014573604954556 -0.00596832679222105 -0.172915178424593 0.0303346510254818
-0.0118264562208292 -0.00040753208983971 0.0629937876014188 0.100827549760222
-0.0406941260930085 -0.00376204746959811 0.00614268808266906 0.0107191929153821
-0.158770169492236 -0.0351107458062672 -0.217201165936776 0.00260485673298174
-0.178128164234656 -0.185218185149487 -0.107483581145891 -0.205657218045028
0.0195714507605417 -0.303606153721927 0.198065625020854 -0.0625852360620767
0.257800933254288 -0.170680604098191 -0.0611444126404519 0.230761131725347
0.252736776873556 0.0696442948998285 -0.456359085118036 -0.0945769214200122
0.0332311786384613 0.153137064665244 -0.111066602802213 -0.388558695148897
-0.0971831350157819 0.0092692384314872 0.237467632138081 -0.0285509608566541
-0.0829084536535008 -0.095184942769133 0.277205543011553 0.226062770286829
-0.0593327457214622 -0.0448125726392716 0.270394008150249 0.138214218982656
-0.0122081228201092 0.0129161982631167 0.221229971709468 0.0315435593005804
0.0128210106317259 -0.00354338280481111 0.206001533147093 -0.104064456297444
0.0117509205528986 -0.0230873738987483 -0.0385382922377988 -0.18649540464967
0.0144487765876606 0.00580060682668409 -0.168218882957818 0.0514893264778504
0.0663673700239094 -0.00237170013792715 0.0613395713913183 0.106515800953604
-0.0257115536727345 -0.00236477535079738 0.0768400017055145 0.00258882506836792
-0.200762347225158 -0.0349317290707362 -0.0549847139921009 0.0141040513134419
-0.290914945314723 -0.265745784232339 -0.0287326605203315 -0.111861072290319
0.00601141677493621 -0.501321443471233 0.122130884659221 -0.0620233552919781
0.436225506857886 -0.28905694614412 -0.0638311130005362 0.0950741822472714
0.395253051636416 0.13741653526398 -0.288102660736096 -0.114906267462844
0.0113180922080717 0.250729071264293 -0.0305384549906821 -0.254812521205057
-0.185824037635201 0.0184194211178314 0.185172173994135 -0.0239575853804319
-0.179646488270787 -0.154960451038728 0.241268393303111 0.139401683382775
-0.185331248346799 -0.109967278444297 0.299562827723435 0.0687363153886675
-0.147152699048868 0.0260081117878554 0.25914774009355 -0.101023856440588
-0.0531692622471983 0.086864601449675 0.0875724237421807 -0.203735604160311
0.0256386982069414 0.0709283224560964 -0.153707169377591 -0.101506080532778
0.0852098496169738 0.0547688135005407 -0.157963504301305 0.113074990344754
0.140887988990159 0.000777206520183566 0.0422495464950723 0.0973522329755517
0.0493206606263708 -0.00211604839282398 0.11817844792109 -0.00997042681447278
-0.0626258358203393 -0.0134425556933468 0.101137956026517 -0.0097520578662416
-0.167576616315277 -0.158505456011854 0.0797487663930583 -0.0542456738813604
0.0425503139121554 -0.342960462052034 0.0648878004164448 -0.0688855211032969
0.366582730267342 -0.150335469550412 -0.0243545589754047 -0.0427499808813235
0.260489975161346 0.20297994454691 -0.0751840952434284 -0.0930829417118332
-0.0972863278878888 0.238206973047645 0.0276294926535297 -0.0913962444400825
-0.246105993920765 0.0387767815838657 0.0995665030652884 -0.0230832007306844
-0.26168668682405 -0.0978204555696625 0.148558234933804 0.0199695197636742
-0.312121873652283 -0.0672818338127519 0.198370809419615 -0.0511382185883274
-0.295349564529602 0.111732678129319 0.119607044364164 -0.185224602417562
-0.114246093040504 0.262912253835429 -0.104241541563675 -0.174740422278985
0.0802979780059223 0.214333200903649 -0.230216902341666 0.0114753053572493
0.174017065030686 0.0980545513512621 -0.15518338791153 0.120320626889349
0.18485804703276 0.00224670033698124 -0.00874049980611548 0.0666263320788715
0.143764556643471 -0.00133955043418465 0.0940470987312811 -0.0245609594334919
0.14560030894569 0.0275136900809074 0.143895734093492 -0.0701402513674564
0.0848406866145196 0.0723099357166236 0.152692219876436 -0.0888077389952825
0.0677451471994555 0.090308539424584 0.110506888585429 -0.0527463793099594
0.026391704708458 0.139866447007652 0.04140167269083 0.0111191829616217
-0.0857029404191633 0.173982953439338 -0.00254069896423823 0.0230148019306945
-0.222327763931642 0.114232780297085 -0.0146865232966227 0.0187987949616839
-0.2637645293175 0.0516660494655063 -0.00732535102025341 -0.0169434517866196
-0.255397102991997 0.0679229034337518 0.014106289170757 -0.034707081804764
-0.195523617477493 0.129771065858977 0.00411756297886846 -0.0597083173443982
-0.0822022293655765 0.158720272739185 -0.069597867124095 -0.053290057902951
0.0134217015065301 0.171164945158576 -0.161274448265389 -0.00774291565701436
0.0879415650471765 0.135229351500429 -0.19599300240571 0.0487073293986704
0.155566134767287 0.0627479089373657 -0.159871313006151 0.0541178416475112
0.163800406918831 -7.53368743289522E-06 -0.0737004066236981 0.0355473843061545
0.192452912979738 0.000930888205460026 0.0246613539246213 -0.0430036964200411
0.215870620556505 0.0614223344430272 0.116444216230486 -0.129300771768769
0.149045692860629 0.191153194285035 0.197108804170325 -0.10147141889779
-0.0142086386057477 0.27659076842837 0.156986409165538 0.0800941716252696
-0.24319847463147 0.193220017969895 -0.0298468253832488 0.196595332422714
-0.297611337711224 0.0181099294079533 -0.144513992916184 0.103650399326594
-0.262122776239829 -0.0512445128208322 -0.137682231664144 0.0106601095202752
-0.234962808110104 0.0396743413133594 -0.111616701446312 -0.00375762834097286
-0.139238517198258 0.222166857557589 -0.0688422766737874 0.0510946146427122
0.157459665966993 0.268743663100992 -0.00433093719745157 0.0889596062442992
0.355450966306251 -0.034433684347611 -0.0306238968990471 0.0571419316001779
0.143626404677962 -0.276075880249814 -0.113217202882692 0.0546036911301739
-0.0782789471538314 -0.163933610512655 -0.116463150341437 0.0466117680124979
-0.0122839926785704 -0.0158961905751411 -0.106824206920265 0.00222181918606098
0.0864580380696525 -0.00509780184515849 -0.0990553869902443 0.0151366030621043
0.166625979074237 0.00442955690013915 -0.0363326187512662 -0.0675582630204147
0.136206550327156 0.0497961186540885 0.120769810662904 -0.130996333710144
0.0611072039571995 0.0990370147897034 0.182645895657258 0.0155257286765877
-0.039332162248947 0.122622856658078 0.021205245020492 0.200724952909838
-0.183288578468792 0.0638380423351885 -0.190856206189526 0.192938190883895
-0.225089155754737 -0.096609695136009 -0.287288341785944 0.0306177470648377
-0.198774000278684 -0.147025301728957 -0.245182479124928 -0.0920790104529471
-0.176037592427781 0.0166513216777128 -0.19457652512639 0.00668377730895719
-0.00390150170300741 0.259197265049425 -0.0406873253048088 0.228385980574349
0.376487822703392 0.213128952819664 0.222041194464373 0.202555127239114
0.483071706690796 -0.23193513457513 0.100033818405328 -0.0588877846150276
0.106776711238158 -0.513641437309838 -0.144670436772265 0.0111815497977504
-0.234928933974776 -0.316498992644372 -0.0349105141238752 0.116645998302718
-0.162252479205784 -0.0462408998263227 0.0436601790579788 0.00721902502535092
0.00772175786465001 -0.0036437436249252 -0.0591514530420957 0.0037898275656064
0.0978597236182668 0.00341679258791543 -0.0667924468942974 -0.0875362848473031
0.0474716517583781 0.0198931628888049 0.149233908237504 -0.0735276892748835
0.0184747207025448 -0.00282779309633996 0.0786942490040363 0.147200477507427
0.0130824296611296 0.00899535699762182 -0.158268719412883 0.148308851773573
-0.0412658996226237 0.0121337559333749 -0.22161901618997 0.0252639377802775
-0.0804137660233138 -0.0763932630161203 -0.281830417550609 -0.0809829655824252
-0.098250833920066 -0.123130597742621 -0.284683375903361 -0.203144287609422
-0.0974904958389452 0.00571340140994713 -0.247889666694101 0.0102383098507424
0.0516004793021129 0.167410732610583 0.0505522194086177 0.381464472057535
0.289885585510205 0.0786737716053391 0.449450863486381 0.193776721751058
0.272600266592321 -0.206156154056096 0.132844700369718 -0.220944481324504
0.0191417427972606 -0.342436188157188 -0.213285141149584 -0.00396902029789969
-0.192877964242479 -0.20906004651488 0.0427632858392299 0.208415605493755
-0.146756455972334 -0.018276142539184 0.211478786516329 0.0173203587068286
-0.0212981952258171 0.00277000458143411 0.00707476349129536 -0.0122205174068969
-0.00859888007270601 -0.00717594438031776 -0.0317797298436138 0.00905119655359834
-0.000755683365087029 -0.00867201147856831 -0.275142686433522 -0.0392494369112705
0.0169357970781632 0.00656927255293663 -0.101858544623389 -0.262998948846727
0.00646440726861381 0.0267284366471098 0.235569642419451 -0.0388661678945017
-0.0266866906756128 0.022367916845291 -0.0897158041136107 0.26543058588868
-0.0253376632926986 -0.00514053158631806 -0.504468227145931 -0.149559217693942
-0.0070845472809934 -0.00948177994278255 -0.107082943126401 -0.456855472442001
0.00344261575269473 0.00814940550410584 0.256987040431523 -0.0145772654540074
0.000871050500821372 0.0135550321258701 0.274188960460949 0.26489981444647
0.00261225485110363 0.0137822743794893 0.244664387864204 0.153567938732509
0.00213767878686575 -0.00373511408274605 0.185046733861118 0.0727394235183787
-0.0115919625010808 -0.00431874410030106 0.230279351200196 -0.0563479814506105
-0.00468531841347697 -0.00686895466105625 0.00855978399476285 -0.210209005078786
-0.0161415425863112 -0.00618856425682406 -0.175606734959058 0.0173816551374088
-0.0111008756889113 -0.000516948150408812 0.054311798656534 0.105184781258331
-0.0405375262461117 -0.00693406388169531 0.00571882339544639 0.0131490053326963
-0.15781431122937 -0.045041202148178 -0.218774634797188 -0.0103069487560036
-0.167243104040018 -0.198872874739324 -0.0956042072177804 -0.216271339108236
0.0419896869607807 -0.302986659771822 0.206168377596282 -0.0506639858459675
0.268677520035471 -0.152730723918291 -0.0763381517736921 0.22877245881129
0.247760508057288 0.0870863322324957 -0.454612457635389 -0.125622078274689
0.0219613899647231 0.156156316501646 -0.0868160631446087 -0.400057298583378
-0.10026032272467 0.00112170650201217 0.242784029990469 -0.0106117634814704
-0.0751880711573513 -0.103438845903813 0.26616627429417 0.250184698639349
-0.0545661710380295 -0.0517411324451592 0.262279395440974 0.160424343152944
-0.0114955758005383 0.0106489946592374 0.220959119315703 0.0489976749569148
0.0152062129789898 -0.00498028043168928 0.215459555299492 -0.0894234329672007
0.0115304334650931 -0.0245399048188816 -0.0246571396237356 -0.189910883643907
0.0121088922330109 0.00764830813184834 -0.173629369548502 0.0397240977664038
0.0672748891812869 0.00429687503897048 0.0522922691030388 0.109496342076426
-0.0235960576825847 -0.00411510902309921 0.0784002309329485 0.00795541108360122
-0.199310498601418 -0.0486913036802502 -0.0555067717323753 0.0119740377853346
-0.274023647332005 -0.287622167610992 -0.0212656461464573 -0.116885618974242
0.0422347845002124 -0.503922006068314 0.131094802929992 -0.0556957513914527
0.456978097315313 -0.262917822025749 -0.0689073957844313 0.0918865552753613
0.386277670856913 0.16460916504276 -0.281939251761413 -0.135708819486196
-0.00643435743055583 0.25375922067106 -0.0141237816357301 -0.259590401392602
-0.189755098668494 0.00307369046239302 0.189803918005267 -0.0100601413799241
-0.16922365433267 -0.171765993343858 0.235182241972033 0.160715578774933
-0.177377371542385 -0.128103958252959 0.298236082693958 0.0941858254437948
-0.14905768580531 0.0140890366555609 0.270529413114008 -0.0809203204977037
-0.0594853586481768 0.0816148091169597 0.106323630748798 -0.19755492696325
0.018170862953871 0.0721469000068723 -0.144885114207315 -0.114551446309035
0.0787633494607353 0.0630103348994794 -0.165418908898085 0.100890740711459
0.143214221286908 0.0136721814422286 0.0347101107107084 0.097185023620565
0.0518275796358891 3.64458339560136E-05 0.121596070398053 -0.00275889698012341
-0.0590703222918118 -0.0180575956187353 0.105031579128735 -0.00317002221061553
-0.156123021793583 -0.170177902203496 0.0861296904861141 -0.0500717772034198
0.0660452578439207 -0.339931762173149 0.0737620665557469 -0.0672194175692112
0.379126453916393 -0.128082724303042 -0.0206195588944774 -0.043581235348797
0.246635621083543 0.220123201020603 -0.0681637407963662 -0.0973809619850995
-0.114435278525364 0.23238548943166 0.0332195448806201 -0.0898491169234346
-0.252392880223357 0.0204711040349941 0.103043174754996 -0.0159468624689527
-0.257225632761442 -0.120887938529161 0.15121837286071 0.0312063333833981
-0.311379158501318 -0.0941001426971405 0.20764600075388 -0.0372313822556083
-0.309665413962518 0.0908078887665264 0.138716259155116 -0.178267012835993
-0.137126106864715 0.256933202755697 -0.0845288179116506 -0.184408978140299
0.062416675284699 0.227471171525117 -0.229067404341791 -0.0080000947520288
0.167564369734229 0.114964077160943 -0.163487154389032 0.106338113118122
0.188283531778658 0.0185181824447224 -0.0146506578307818 0.0633554905181751
0.146720059825808 0.00942820126902799 0.0976671788315953 -0.0180768218707816
0.145650589245196 0.03726757756629 0.151934022620901 -0.0600490143975955
0.0820336513986902 0.0797393232629146 0.162511403379362 -0.0779372710051053
0.062630566526568 0.0965099115116866 0.117516049780122 -0.0447726441646133
0.0167622497651574 0.142608599538902 0.0416812469787658 0.0164347178370933
-0.0995593337104063 0.168533358995931 -0.00544543543258127 0.0246726414100285
-0.231652067160979 0.097606670902211 -0.0168947130100017 0.0180497759835593
-0.269855123411681 0.0324043456153455 -0.00604831316463549 -0.0175986311442793
-0.264196019949079 0.0477447538885567 0.018047681201364 -0.0339005916638921
-0.209231092483599 0.116557953427018 0.0116513013745404 -0.0613074620120387
-0.0958187999387733 0.155955894532599 -0.0620656522399625 -0.0603048626447719
-0.0017637412580255 0.176688304516502 -0.158953118134554 -0.0209709729091698
0.0788116435083705 0.147034882287446 -0.200182705823071 0.0316675116910195
0.152113696813696 0.0776160001081469 -0.165313304256719 0.0407862559014203
0.166735821811399 0.0135199835034525 -0.0783402944680903 0.0262202059632999
0.192998573363851 0.0147224704664426 0.0277844076101253 -0.0418681157594402
0.211779996845354 0.0746231005704689 0.128281175717712 -0.122185855194085
0.137939938685425 0.200815480932297 0.207026388716169 -0.0872889315785362
-0.034684059142575 0.277044805487384 0.151780202033558 0.0933865738120464
-0.258149152095216 0.181448565409208 -0.043497152857526 0.198753064796408
-0.300634697289645 -0.00300988832675971 -0.155177784326206 0.0945184001056907
-0.260353113014127 -0.0700221405536802 -0.139735861569844 0.000865608927265498
-0.24076794152369 0.0218894752591621 -0.112295423554384 -0.0122045547899878
-0.159027083400281 0.21451148649828 -0.0716017375534985 0.0448385074652333
0.139541414661294 0.286076073915994 -0.00885115631550925 0.0853525513717758
0.362868801790549 -0.00667285497919407 -0.0385335854449921 0.0504814243889939
0.166888383255614 -0.267389359959897 -0.123148387698685 0.0467426554148497
-0.0663670843659821 -0.171050030780957 -0.123920850307978 0.0418597159478275
-0.0105065876527294 -0.0166331125816921 -0.108848972731529 -0.00373182800444009
0.0888444586039565 0.00197417585854248 -0.101708740042798 0.00654050569635302
0.166322814605061 0.0148682034405924 -0.0334916233260894 -0.0700634447486815
0.132372432166509 0.0578471807039669 0.131154100027538 -0.12265097220469
0.0557494762716685 0.101433285094196 0.183372250708435 0.0302338702448114
-0.0480824259209732 0.119456559136493 0.00386892112571968 0.204076351702842
-0.187902947270485 0.0536109612415225 -0.207121603512156 0.181303213010655
-0.220258743814375 -0.112160019046186 -0.293194964937938 0.0101753876190256
-0.192001259097264 -0.163618267249128 -0.241702448232961 -0.109796453553376
-0.178853217132356 0.00269502099511777 -0.198397762860553 -0.00665565898693897
-0.0235413748332185 0.263953173099306 -0.0571292015152056 0.22540575358713
0.370666815496104 0.245702506372205 0.210293284467429 0.216295879395237
0.510144514774161 -0.200725588585832 0.0986595077894837 -0.0560834287417411
0.147369047477842 -0.512893119238343 -0.154724418667501 0.00368416351697105
-0.21378051322782 -0.340296340842103 -0.0462445008168272 0.122702857529
-0.159741740746591 -0.0595824996598187 0.0435370180266233 0.0117313004983263
0.00889366431926407 -0.00300314799297618 -0.0607068840383503 -0.00168694053156042
0.0969905709328072 0.00916217366008409 -0.0624415072437912 -0.0924289942917046
0.0459380296506995 0.0216762062997723 0.156869297162476 -0.0632364015756064
0.018371488961651 -0.0021957061946493 0.0673447564008305 0.155889306674202
0.0122483751600384 0.010146475527608 -0.173302190497223 0.137155364715835
-0.042580911173861 0.0108108888027614 -0.224272642589929 0.00799666392712948
-0.0764811088367077 -0.0814672161654087 -0.27628206399726 -0.102080909878798
-0.0920758497030365 -0.13083302888217 -0.276035746864217 -0.224632110151181
-0.0992304028645817 -0.00114380738941475 -0.252642756652105 -0.00870729399514144
0.0408709740618975 0.174506569099805 0.0253578901005765 0.389687423682127
0.292468941423557 0.100153333936858 0.442040626303258 0.224471835941457
0.291879409623999 -0.191474993137734 0.145805221269131 -0.216299419375759
0.0438522342335379 -0.345476532305051 -0.220372045715623 -0.015692735619422
-0.179077850549165 -0.225758977344733 0.0282440208736727 0.21799967752934
-0.145450060603012 -0.0311333848060647 0.211321110665944 0.0330872942531457
-0.0210190743302089 0.000805182699344769 0.00689045649214005 -0.0126779899293674
-0.0101732767387889 -0.00674630754924567 -0.0320220538385943 0.0116383107269231
-0.000729781379355157 -0.00889295109557094 -0.282602159956145 -0.0321500994584363
0.0179162908741849 0.00687540101870413 -0.110817855813497 -0.26646059301323
0.00769319562226237 0.0272236188584541 0.241297998120293 -0.0471991463647631
-0.0271042633852419 0.0236096014568246 -0.0861052829374297 0.274211649817814
-0.0250424976960206 -0.00498048455906171 -0.523063225142586 -0.142584537383592
-0.00635497494099024 -0.0107615677663573 -0.119349557533452 -0.464466018833229
0.0039952686416193 0.00792229728868666 0.26229949822083 -0.0176070107430302
0.000732660523865461 0.013315770271625 0.287860951535896 0.26413819744942
0.00171666347422853 0.0138833287042781 0.252239271713672 0.150869680995192
0.00157590850789041 -0.00388969758932378 0.188934515803719 0.0704634164739132
-0.0114145574810341 -0.00366823484329338 0.234450920529863 -0.0614094970187427
-0.00487729683241841 -0.00735861517421895 0.00604382225529005 -0.215932027980414
-0.0156102482730046 -0.00468769368986443 -0.180800471564003 0.0214758203531522
-0.011749029255763 5.78119526758959E-05 0.0577004314051297 0.105727332666497
-0.0418605038278781 -0.00636683114997706 0.00702497574452984 0.0130922122351314
-0.163583685061967 -0.0417857174792386 -0.223804515962364 -0.00353047099375519
-0.176562756283662 -0.200445332596231 -0.104455389652886 -0.218923155870269
0.0352424154018023 -0.313088123805198 0.209893181097387 -0.0585832486078626
0.273548633889169 -0.164915975751852 -0.0740708784978237 0.235102295247813
0.254996274041293 0.0831062085949936 -0.471399351970613 -0.121881044746331
0.0258959577428793 0.159456807367613 -0.0979329168069435 -0.406870733484124
-0.101460451544665 0.00346915037230321 0.248485696513252 -0.0144477968791137
-0.0794984676918402 -0.104917631273648 0.277812613113868 0.250236642808934
-0.0568320766693884 -0.0514818243016016 0.27141619086748 0.15751641782277
-0.0102389954134387 0.0123681602615579 0.225268747646094 0.0457338766457561
0.017586885984736 -0.00397747751316082 0.219535488044906 -0.0955949887425443
0.0112484823781397 -0.0276916902552685 -0.0278595828398538 -0.195258960608862
0.0106089900225316 0.00756431623488046 -0.176788603820036 0.0429959579062197
0.0679819099860403 0.00263030051979456 0.0568965868898957 0.110988766918086
-0.023620823794561 -0.003982864936585 0.0820967932167862 0.00625627967926949
-0.206086799885231 -0.0426005385156026 -0.0543853332513905 0.0143200937699419
-0.290557217146974 -0.286775565368548 -0.0234675902469688 -0.11817720366834
0.0313862931422777 -0.518406674471919 0.13366681661135 -0.0621863810134003
0.464448515450377 -0.279539360727934 -0.0702347050807481 0.0950750863120211
0.399561734186949 0.15917686896682 -0.291904505467986 -0.132419087679388
-0.0022687288849997 0.259436473844666 -0.0209729389136439 -0.263647268999698
-0.195130403894097 0.00797538183398145 0.193815016682404 -0.0132974378893762
-0.176895417828845 -0.174160485049362 0.245762506920479 0.15919359255692
-0.183375308686924 -0.12720867133043 0.307983116769268 0.0897107015025801
-0.150885009264021 0.017956519809665 0.274679247754044 -0.0885934876279102
-0.0578718001006972 0.084898949590421 0.104910376807334 -0.203409371328168
0.0183715024619711 0.0725039969327326 -0.150650011467574 -0.113973328865881
0.0804324654465341 0.0621870156871166 -0.167428445226142 0.106566651083514
0.146717015062079 0.00953994930697476 0.0386847732833888 0.0993303470121996
0.0547217135615749 -0.000562418516150935 0.126693089314584 -0.00589444808074011
-0.0594706436095063 -0.0162304991689675 0.110598937377319 -0.00600143075395738
-0.163289887015968 -0.167852521812718 0.0890921786505453 -0.0532360193912441
0.0599469220206787 -0.349692462254635 0.0761932929716008 -0.0698531028692821
0.384773248231836 -0.139874556964 -0.0223822572283968 -0.0442707759051764
0.257107135654424 0.222082311173211 -0.0728846849233121 -0.0975266936437185
-0.114389184616011 0.238947266888523 0.0325547634703253 -0.0923409836408855
-0.258284795324696 0.0255196887667167 0.104800711209523 -0.0179526784479444
-0.265811322370283 -0.120358389585144 0.15654675233175 0.0291900333646355
-0.320255145023077 -0.0906182714212696 0.212876091240028 -0.0428342387964359
-0.31416271471056 0.100577751491416 0.139149690610834 -0.186540354936641
-0.134483470501402 0.267148845157707 -0.0900627202642571 -0.186853367656951
0.0676743359209556 0.231976700782889 -0.234972304929002 -0.00274283691673063
0.172538009528254 0.114111138284306 -0.163831812076528 0.114999066502178
0.193090464230536 0.0135311757178516 -0.0128936082571529 0.0648655616950835
0.151482498980894 0.00588518091148 0.100411755486578 -0.0201036712390757
0.15056879337803 0.0351561390111529 0.156650225262888 -0.0663809786111435
0.0879856136666795 0.0811782272713305 0.167294691609117 -0.0845447443886106
0.0652322740438126 0.098712952877641 0.120212467202854 -0.0481488230669907
0.0182743727975648 0.146557999311874 0.0426387971751146 0.0167479845343881
-0.0997482925634243 0.174348944285769 -0.00523429525690921 0.0262531315703372
-0.236858945810037 0.104399331112966 -0.0166896715698862 0.018302359025652
-0.275264854285568 0.0385010555783776 -0.00695458008813234 -0.017898524608454
-0.269493960451378 0.0533332145653647 0.0187557114390091 -0.0370419687059704
-0.213290178979903 0.123292128363947 0.0109423596357615 -0.065092563313941
-0.0983720631477877 0.162767965721404 -0.0653495345448308 -0.0623146389440347
0.000955779659470902 0.182718175631017 -0.164636402432629 -0.018091849535729
0.0838693651526494 0.151110649606296 -0.205653577254079 0.0379387144663129
0.157361039639615 0.0771974635896437 -0.16854074702482 0.0468562003454231
0.172573211515234 0.00838303512967689 -0.0786864758616626 0.0279307680050505
0.200078092303913 0.00955467387439917 0.0277104788856307 -0.0419163780483667
0.219011353065878 0.0711583849792968 0.128020382949692 -0.129224398914059
0.146902204703215 0.203632061124554 0.212094189403911 -0.0947223133506494
-0.02850403560523 0.285729153781876 0.158333299890629 0.0925482697115334
-0.259893647807248 0.192547245847043 -0.041046072722068 0.204950662527116
-0.308121981978878 0.00334206506751939 -0.159124515659777 0.100965379382213
-0.267491100483609 -0.0704912260662027 -0.144741084754217 0.00291682410081299
-0.245185292382272 0.0261418709218187 -0.116833427583587 -0.0106991737348961
-0.158009439105843 0.221604305979224 -0.0720457849662652 0.0460838450253262
0.148967837005382 0.290537623078607 -0.00633861580957503 0.0854754572407324
0.370618171430615 -0.0155496146781177 -0.0383763439287463 0.0523336971669765
0.162433845453445 -0.27813851400953 -0.126141712352222 0.0519184448901871
-0.071962010234083 -0.172228260797129 -0.127036258220633 0.0463796917952911
-0.011249637456395 -0.0155803842590962 -0.113432232111243 -0.00176964578819296
0.0931791535948123 -0.00102456671716207 -0.104809106324354 0.00855946108831554
0.171144952568642 0.0092582660027969 -0.0363770936083922 -0.0699915179950813
0.134384580066572 0.0544805302524656 0.13253879285188 -0.128980915603807
0.0589369380057319 0.100924439701621 0.188869103460624 0.026383345154204
-0.0456724206531405 0.122680205950918 0.00692343937867054 0.209244489551985
-0.189246230355811 0.0599514909892231 -0.208126289297219 0.188149960252626
-0.227389359682905 -0.111370564032369 -0.301210110987367 0.0168494851388414
-0.200324741206944 -0.166332320861361 -0.251446907616361 -0.108352600955906
-0.184180125114672 0.00524794866947777 -0.203539749295903 -0.00366821139910306
-0.0199549659372273 0.269474979872996 -0.0529991903791686 0.232516185793114
0.385828514113266 0.244413502211102 0.219960915771984 0.214880417708422
0.517828465780223 -0.218229038167977 0.100181919396092 -0.0587906759686874
0.137024483943116 -0.528198046875228 -0.159626238883192 0.0100089278665116
-0.227691430420408 -0.341955610828317 -0.044409783111691 0.12782006083281
-0.164860349341987 -0.0567288020661875 0.0431879178012784 0.00969883838794728
0.0108544327937502 -0.00472750689873468 -0.0640001947951541 -0.000552529427228474
0.0992537991431301 0.0062454141558104 -0.0665886654590923 -0.0926186714132518
0.045154803743149 0.0202010743849967 0.160121099940091 -0.0679867324881999
0.0191714042613962 -0.0038730869694224 0.0718592113326047 0.15918520701517
0.0134453249296371 0.00886039458191921 -0.17692266873331 0.143580193006398
-0.0407348297150451 0.0127682214950066 -0.228892349444727 0.0120409221202985
-0.0795451433839271 -0.0810707553351477 -0.28480254635501 -0.0978982569953954
-0.097926687311129 -0.13381014722398 -0.287898025324005 -0.226586788241798
-0.102860485989536 -0.000911343259551553 -0.259633813256495 -0.0039150185007227
0.0445421158714716 0.177223477643069 0.0338607348749497 0.398308863278961
0.303192949933272 0.0963016644837596 0.457824887151781 0.21835476473801
0.295626993004748 -0.203282083810346 0.143719668326914 -0.224753264164698
0.036495937050734 -0.355753723557036 -0.227105892879885 -0.0087759346707158
-0.191639244648137 -0.226957704206656 0.0358296755689394 0.22399894212852
-0.149343108179803 -0.0282032407042024 0.216203753232938 0.027588579847826
-0.0207399349012609 0.000516722485615171 0.00556668270014759 -0.0134878341543802
-0.0107268425524207 -0.00671563822377998 -0.0313957686901128 0.0164419355604781
-0.000780247907608848 -0.00904661553696778 -0.28805358123032 -0.0186710651779001
0.0193401238163364 0.00605353379753377 -0.126660054100508 -0.266252644695806
0.00986427625099933 0.0270361012553249 0.244304532399274 -0.0602492108778636
-0.0275002073101094 0.0255928674541213 -0.0769232759461588 0.28176119870545
-0.0269453702378442 -0.00481211380504749 -0.539898920845374 -0.124573567508379
-0.00675221579478783 -0.0117845331484233 -0.140559523909305 -0.466414345094607
0.00449222588714459 0.00694707644698835 0.265858331974838 -0.0264413325685939
0.000656759029675562 0.0129075547532001 0.301886902653987 0.256187056057139
0.00210567729067107 0.0145340375648065 0.260724572642734 0.14181851674591
0.000872414914257139 -0.00234022943240342 0.193617458353281 0.0662117326770274
-0.0114238314378606 -0.00251408776010924 0.236011357048557 -0.0691535807868785
-0.00480584357528962 -0.00714494825942402 -0.00129893391208648 -0.219608292596328
-0.0159613054814029 -0.00400787622796489 -0.182215210551921 0.0279388785687594
-0.011611350944377 0.00119441244394765 0.0628137258209002 0.105035027182098
-0.0427249298724491 -0.004633624776505 0.00797078186976138 0.0140906810222399
-0.169015394168122 -0.0347277617047563 -0.225648136313708 0.00717521081681449
-0.189105443655837 -0.195551222643397 -0.117079541091713 -0.216506684254997
0.0221235250473733 -0.320706963493758 0.211748887329157 -0.0686541131543075
0.272476123442361 -0.178632114344061 -0.0667941556688212 0.24241604512409
0.26312888392632 0.0743350739545916 -0.486388466141862 -0.104674955245333
0.0325506106332926 0.160255904169892 -0.116637792762819 -0.408442614509103
-0.104281146075166 0.00749313121116341 0.252196085284349 -0.0225692183513186
-0.0848022170202216 -0.105100382483797 0.292773864752847 0.242609569357739
-0.059483828456319 -0.0495717572920192 0.280492484781407 0.148172626897753
-0.00872048969297144 0.0138674777976794 0.230326554250031 0.0384717524729739
0.0181368868069907 -0.00527643772994549 0.220152990337724 -0.104564132634064
0.0101694877156412 -0.0302160708629215 -0.0358028390616172 -0.196937979720057
0.00965147803999496 0.00633637113471015 -0.177896497144196 0.0507430586185983
0.0688925500631437 -0.000703258565206826 0.0623687933503333 0.109924176152295
-0.0239691804162134 -0.00345776693149799 0.0845041699684546 0.00299860505610087
-0.210051165039874 -0.0357483552447332 -0.0521272379745839 0.0174056388513638
-0.307256201636495 -0.277824430753638 -0.0277961007715256 -0.119130520485595
0.00799493537961507 -0.529634048544467 0.133437073524971 -0.068520174691642
0.460569288576799 -0.304756699529029 -0.0676485437073783 0.0997846035028214
0.413867691324832 0.146934385608741 -0.304610615525382 -0.12252703355528
0.00776542593770618 0.264089077932024 -0.0304163335420684 -0.266898381976824
-0.198824216162574 0.0159818127470936 0.197548965538825 -0.0214477255093698
-0.186054180244979 -0.171279553505741 0.256411668797534 0.151579141660962
-0.19043129162385 -0.122733882635283 0.316203423540651 0.0779490397748632
-0.150445542432745 0.0245941780045979 0.275457274965994 -0.100383543609264
-0.0539646197503226 0.087595097135691 0.0995170209414639 -0.210741590290557
0.0225709303870267 0.0713759283952026 -0.156514678546279 -0.111095934811101
0.0820730500477259 0.0594104005348397 -0.164065324410157 0.115543221950429
0.148552763731664 0.00284182928627204 0.0447509225988768 0.0986905885660988
0.0571414650680043 -0.00293304069583516 0.128227052674287 -0.011629023869272
-0.0607832748847472 -0.0133953756506734 0.114179345706935 -0.0114373545895139
-0.172530690324408 -0.162638594688736 0.0913569569587824 -0.0591936163694929
0.0443129940392413 -0.357672644178026 0.0743522482207072 -0.07480906849464
0.384519571122897 -0.156501380518247 -0.0241529544417028 -0.0428908918547791
0.269538219822047 0.213764610120589 -0.0782366318986168 -0.095507262692722
-0.106982315161015 0.247084085403368 0.0300685389481223 -0.0938459660645133
-0.261342218926091 0.0360210572549995 0.105415190648062 -0.0215487883289212
-0.274622708964897 -0.112855426125539 0.160956949067152 0.0227140407546293
-0.329564707302986 -0.0805819683297766 0.215059658417944 -0.0537682444602599
-0.314521187116184 0.114294471686937 0.134041229571283 -0.196437534503305
-0.125440370106096 0.277188915965919 -0.0990803528117062 -0.186237414632462
0.0793596650430458 0.232714884799415 -0.237291963923899 0.00730877004456156
0.178283860274437 0.108742956937605 -0.160581893503658 0.12407826769347
0.196981701102866 0.00412543019913218 -0.00952281706817901 0.0659094865911066
0.15499847017551 -0.000644526360837923 0.101531599657581 -0.0257128429284803
0.155739399315821 0.0285059129682643 0.157030573401267 -0.075142788408322
0.0946589323859623 0.0811572026840501 0.167693237616816 -0.0948524089436128
0.0701937342671963 0.0995836421127578 0.121278535539142 -0.0540535622837073
0.0232448291815208 0.15126118539117 0.0444357693578132 0.0172383611172965
-0.0946367056750956 0.180710062822939 -0.00565429687449389 0.027460808365002
-0.236926347766471 0.112710841526909 -0.0163142489691563 0.0199910798256266
-0.278635588328703 0.0489070682488631 -0.00897492195744463 -0.017760946051386
-0.271189232708093 0.0621932282404629 0.0191327229595688 -0.0396460598868056
-0.212730486290088 0.132873190430269 0.0104308715905179 -0.0679923067273463
-0.0952154956065903 0.169762137395154 -0.0684127281891061 -0.0623368659821009
0.0068894897831204 0.187224689080949 -0.167145673336824 -0.0125491491034404
0.0916554274805607 0.151014798419545 -0.207697865230323 0.0477450105313648
0.163102744461944 0.072200834694093 -0.169298987203255 0.0558311868241171
0.176793239273454 0.00162828209923567 -0.0787676343016304 0.0313387868472302
0.203486759757859 0.000307068152546834 0.0255733703381637 -0.0437128147013816
0.224955762671151 0.061190281614113 0.125826361548632 -0.137099793547916
0.158900007597217 0.200103118957333 0.211772889011485 -0.106275167982664
-0.0168074927936044 0.290642967524326 0.164049816926529 0.0866736153148654
-0.255754786577472 0.206806454902243 -0.0331793211482323 0.211351147357618
-0.313540178801196 0.0158569507929735 -0.158407253727261 0.11039018091848
-0.276608874837551 -0.0632376135312709 -0.146864763949719 0.00935146961658305
-0.249079538577444 0.0343778706852051 -0.118741656098452 -0.00559404468028729
-0.152420841739479 0.230503789437393 -0.0706732480929276 0.0481211048519591
0.162679092812583 0.288754854391157 -0.00347753500202873 0.0845496429631918
0.375442099348697 -0.0305169370967943 -0.0369134956460277 0.0547350304551456
0.150890127774716 -0.288006361704476 -0.127841348163257 0.0590992784038096
-0.0795796871979216 -0.169435531278612 -0.12865623922195 0.053048629778744
-0.010638457655959 -0.0141822518781246 -0.115275254665449 0.00355515635413756
0.0963629821129971 -0.00505456318381029 -0.105694244724212 0.0133190994140703
0.173417644960367 0.000736516514924107 -0.0406018257554533 -0.0684330238814616
0.13675623724676 0.0496064700936322 0.129779312798547 -0.13737266523184
0.0639002561808035 0.0980472004865361 0.191474740261119 0.0192858192408289
-0.041346827833258 0.125379465578437 0.014547557173308 0.211660404997756
-0.18700749058886 0.0682884292965238 -0.204850638833501 0.198804383150818
-0.234983059399011 -0.103672970279022 -0.305299781012427 0.0300809666921852
-0.21155407657087 -0.162991940158266 -0.260592377993754 -0.100763728249713
-0.187721270805522 0.011345926247724 -0.206809148568424 0.00532028682211104
-0.00938351120852194 0.273438472588358 -0.0452386213372838 0.237139954504379
0.402688046057159 0.231640145582107 0.231717193570322 0.208446464888742
0.517582693669298 -0.243548006992657 0.098059890453349 -0.0639947168141008
0.116275262114213 -0.543377810221501 -0.162632691843429 0.0186367435270498
-0.245190368049358 -0.336768820826632 -0.0394747953631328 0.131729029427096
-0.168552779513486 -0.0502694482252471 0.0436222644822553 0.00683019436354489
0.0129295756306919 -0.00592517623972965 -0.0657770057536846 0.00226018510504443
0.100578373910183 0.00160052884990293 -0.0714750111744084 -0.089601731012892
0.0464451279473704 0.0187835117487333 0.1594423155057 -0.0760388903456138
0.018487738176037 -0.00682380042670183 0.0786547668020456 0.159524766137155
0.0156571134547139 0.00778673761992002 -0.176466419103856 0.154414115349909
-0.038086603735804 0.0140054478650144 -0.232159902770389 0.0191564575802212
-0.0833947987813748 -0.0800267166319051 -0.291713114219915 -0.0867460887986227
-0.10557021487309 -0.132991565763554 -0.303228504305535 -0.215745554690797
-0.104835827154281 0.00301201329463903 -0.264303997755916 0.0062625124298579
0.0517378884036786 0.178146059228286 0.050484435927404 0.40187829649465
0.313120493534228 0.0849966633400938 0.474433730637066 0.201803907807016
0.291658371199649 -0.219429040972119 0.136680759911619 -0.233094342485854
0.0211817853401473 -0.365490982959639 -0.231478494774957 0.00411789052495287
-0.204509719951691 -0.221041427820457 0.0470629199888514 0.225200455051695
-0.152116839334441 -0.0226954005983681 0.219912244484366 0.0155088966217221
-0.0201003711917552 0.000610438481343761 0.00335622072424274 -0.0147592222399005
-0.0112914935040439 -0.00531998208264801 -0.0298572994980623 0.018766022887226
-0.00222530957608643 -0.00910528729190776 -0.290575855804318 -0.00192736788832563
0.0194187502022791 0.00533071819771841 -0.141759745931384 -0.259680092072792
0.011118786003302 0.0259657505377365 0.242447708045453 -0.0742011640649213
-0.0256903517189819 0.0267368995322113 -0.0642932743417929 0.285975141553107
-0.0273745297098215 -0.00403863088973803 -0.5510754336543 -0.0983297486498989
-0.00764593714761717 -0.0120227463027582 -0.166150686068402 -0.461782913892374
0.00472874033734426 0.00776703844295567 0.267264997004706 -0.0363227502793681
0.00140927116050692 0.012873318620888 0.316843150975177 0.242859277962925
0.00230264350551495 0.0149749154329759 0.265563429082801 0.129857713323629
-1.12698448469506E-05 -0.00281437792185426 0.195587282706215 0.0573498082815577
-0.0104187596974464 -0.000160417208499103 0.235030824956592 -0.080045693586517
-0.00544210180983764 -0.00752106848477671 -0.0108179218435472 -0.220227950898297
-0.0158667672879371 -0.00306895715381913 -0.182900781350876 0.0358756772382854
-0.0116271320296022 0.00178012541383613 0.0671288427613004 0.101641894190825
-0.0427643955447578 -0.00210507057395392 0.00970939648051627 0.0145919531683562
-0.170915618791104 -0.0267696358599036 -0.22404471813702 0.0212010163168277
-0.199697002640798 -0.186354654731591 -0.129240095901747 -0.210568411241116
0.00684006768324138 -0.324920791224434 0.209827865383298 -0.0818359511206903
0.264649411982375 -0.193573517589559 -0.0553323774081556 0.245757238140146
0.268587577906245 0.0607095376594435 -0.494868438549071 -0.0809079424166049
0.0398365667785964 0.159029881346107 -0.138092695735073 -0.405055881929533
-0.104280975074725 0.0121886374883396 0.253561224242902 -0.033416050802216
-0.091845940624162 -0.102474195041111 0.305266715105023 0.229231307188998
-0.0622702413192514 -0.0462418696545236 0.287713477363788 0.1346029862992
-0.00602398839349151 0.0156459823010338 0.231755304059154 0.0280775687405809
0.0204144809819567 -0.00682584144311898 0.217470687161716 -0.115385444911879
0.00783997362127748 -0.031806389813008 -0.0438875662138677 -0.196819514625069
0.00910428765466226 0.0068747541614955 -0.177151532385998 0.05838967251714
0.0677915565419581 -0.00504197407212092 0.0682509695625269 0.106288314619417
-0.0231290275820068 -0.00252054126686553 0.0860465114227284 -0.000871793683826417
-0.212767208239341 -0.0229861629967148 -0.0487232594689651 0.020982587578506
-0.322763885828467 -0.261879057059858 -0.033774804438009 -0.11774211714827
-0.0186882251564627 -0.5325407151174 0.131695973131676 -0.0757859689783475
0.448206676555463 -0.330226755128248 -0.064220006694507 0.104417080626321
0.42374083368762 0.124162137681624 -0.312402745672018 -0.106807539326849
0.0194815670907663 0.26504861127079 -0.0450124000515511 -0.264994434345616
-0.199685252511332 0.02468339058987 0.198002302421272 -0.0293262928953551
-0.195900520138251 -0.165284879735789 0.265455312487066 0.139727162102165
-0.197602127492763 -0.113901897014259 0.320621801812044 0.061514946918423
-0.14732443724987 0.0323818673477817 0.270851060048325 -0.113643008852518
-0.0479202883151477 0.0895977764995636 0.0917510888397562 -0.21735827519292
0.0241612453334475 0.0698036929341832 -0.160631896659006 -0.103902491484784
0.0834744879711808 0.056367192081886 -0.157967379016094 0.123875835160941
0.148559132485007 -0.00579012618824148 0.0504513965861984 0.0958462903950796
0.0575759244162012 -0.0069290708557131 0.129081166222099 -0.0180037573090704
-0.0608250729012426 -0.0107894995016238 0.115399280070101 -0.019009446663801
-0.180995814233685 -0.15349519806065 0.0909231447734346 -0.0639934750578758
0.0264385127455257 -0.361479888975366 0.0720956900110438 -0.078881498386366
0.377532535598511 -0.178144945136264 -0.0263107143622399 -0.0410795167578183
0.282680251953806 0.202675927816693 -0.0841666716507642 -0.0919665642093993
-0.0975266490007237 0.253641202312668 0.0252420059790922 -0.0947822431163524
-0.261797724068984 0.0483520524429486 0.105223015318947 -0.0271280046462581
-0.281844980729538 -0.103297488088922 0.164051793803246 0.0145986381237942
-0.335528654690705 -0.0661358337322108 0.215062217994552 -0.064661001845756
-0.311279045032392 0.130891783685562 0.124796810640381 -0.204583095254527
-0.112575073141037 0.284906637430026 -0.107059376278349 -0.181122159515485
0.0905806588921751 0.229688553560877 -0.238246163976637 0.0195038557616475
0.183047963989968 0.10074755541601 -0.153938418845593 0.133871882509523
0.197301861800669 -0.00635650520449169 -0.00440444748623049 0.0659185267966638
0.157127650829423 -0.00849922487233597 0.10122753897616 -0.0294441532363789
0.158066388847372 0.0210068814929917 0.15394661672443 -0.0846758808045153
0.102296174818496 0.0779695971890359 0.164865695776509 -0.105382687616938
0.0763416817138013 0.0988679710099796 0.120594460249482 -0.0612918211462527
0.0302496559970363 0.152030386013702 0.0465626518096541 0.0167200176646775
-0.0872818629151788 0.186491722937225 -0.00400969519058974 0.0290950281525723
-0.233358600508856 0.123456230588583 -0.0147130705707513 0.0211626124659178
-0.276652498082975 0.0618993224878581 -0.00906214574052398 -0.0170299829493003
-0.27100725528051 0.0738595715875807 0.0198065069705364 -0.0417012482155633
-0.208155991217078 0.142501575951812 0.00753809134004309 -0.0710640597835572
-0.0885310600111411 0.175522626753695 -0.0715660209344103 -0.0618337584604693
0.0154585398185162 0.19005962378795 -0.169574687197988 -0.00441159526156358
0.0995498644241623 0.149373350830498 -0.206226572849319 0.0585211118969132
0.167232307694692 0.0643285240749795 -0.166200997728515 0.064883923200829
0.177454837193401 -0.00760852401852803 -0.0763139860096705 0.0344360518880575
0.204911158797402 -0.0106189951702368 0.0232679001440316 -0.0445915812507313
0.227896182572524 0.050942740317997 0.118125610262734 -0.145702449184772
0.171567349646094 0.192540358825823 0.207829448297254 -0.118851215556023
-0.00289834285279698 0.29419903713338 0.169002928313027 0.0778208752820766
-0.246666316454271 0.22209417351178 -0.0223908160907648 0.215309129565404
-0.314874747311687 0.0297840893501269 -0.154553207936104 0.11930389182251
-0.281639750368844 -0.0530359637871325 -0.147540602989626 0.016678601689403
-0.248698966332048 0.0450657547336871 -0.119394092309746 -8.79085052819735E-05
-0.142959320765 0.238195886918145 -0.0682466559032579 0.0499233463258091
0.177177306829608 0.283649953642234 0.000511190885606503 0.0834695807681996
0.3736849740501 -0.0494525864911914 -0.0345878690150841 0.0550512279476671
0.137084102246925 -0.29561164671779 -0.12550277240586 0.065283403569204
-0.0872846682730183 -0.16350336306906 -0.126868883812055 0.0603450045963003
-0.0105879363385563 -0.0122488609099081 -0.116846325312943 0.00946997458773797
0.0978506508618293 -0.0109385158317555 -0.105949323207678 0.0179802987514133
0.174876515180868 -0.00858225452685197 -0.0449210461096579 -0.0664039635035297
0.137878152618225 0.043070117884585 0.12345682923295 -0.144736148016741
0.0682715244959774 0.0945770583236653 0.192820657174137 0.00930840123779202
-0.0349080921444004 0.127268218320655 0.0233706601801667 0.211013690267304
-0.180816056252452 0.0780586418403755 -0.195608472954967 0.209252416670809
-0.239936966694896 -0.0922135404348166 -0.30613753933343 0.0458996514533099
-0.222022992366121 -0.156134682873501 -0.268139447219545 -0.0878902007156649
-0.188506692248068 0.0194176250100451 -0.208030325853638 0.0146547309814387
0.00262342872707262 0.275357797562849 -0.0343346367586599 0.238634705705003
0.417665590075123 0.214621541111367 0.244034535983233 0.197038945719989
0.50571492424105 -0.269969146964706 0.0951780782524434 -0.0686755190343457
0.0861903002998278 -0.554253391350132 -0.162148124507753 0.0294608729974974
-0.262847860166321 -0.324761058943666 -0.032308410313303 0.134427999679995
-0.171597354214587 -0.0407779851224971 0.0427808419118058 0.00335284609169816
0.0139600520988959 -0.00790258422212823 -0.0668028901448926 0.0053819353314749
0.0996888418219578 -0.0048870523767576 -0.0753082146851911 -0.0851820164688825
0.0448417220573251 0.0168978675012188 0.155595857087292 -0.0839337401741683
0.0172723380956701 -0.00914767367928208 0.0844131332201066 0.157498707173989
0.0169198641575217 0.00620197189041895 -0.171649343213434 0.162658246268224
-0.0344734984167776 0.0163952993466466 -0.231364340177892 0.028065180902052
-0.0868146678032688 -0.0748314322120469 -0.296380220173885 -0.0739779524204429
-0.114016743271443 -0.129690681353296 -0.31589041132748 -0.202779296472853
-0.105441021433683 0.00803900013310366 -0.2642648365121 0.0185711595709035
0.0604573617050221 0.176045465951095 0.0710065958722323 0.402053390618499
0.320578630909083 0.0706328426528909 0.487564433747327 0.178877245458612
0.283634043718019 -0.237044814589003 0.125346615176711 -0.240274951123392
0.0023816223793224 -0.368080839899969 -0.232199852054324 0.0175868447678989
-0.216320581011641 -0.210759723829523 0.0593128008309818 0.223549087132301
-0.154192023556601 -0.0142600376547109 0.220568252928555 0.00315365580663489
-0.019172008067782 -8.62919804384358E-05 0.000596665403912515 -0.0158625232343555
-0.0123209776340294 -0.00417143091564768 -0.0254203712858319 0.0252927251861585
-0.00288046124336194 -0.00853817277980324 -0.284765491085138 0.0427728454324132
0.0202312974220205 0.00302771451191347 -0.180209274710251 -0.231990977217047
0.0140032654161381 0.0220822095213022 0.225053459045151 -0.111407567884084
-0.0211118848503464 0.0314704392815245 -0.0188294633439098 0.28829076305014
-0.0298572654809225 0.00286777910858214 -0.552403985145927 -0.0135787859620264
-0.0114345775466017 -0.0110863640225272 -0.229857586288497 -0.424447724215603
0.0065181251172595 0.00590312272224729 0.25795688129784 -0.0716592557289918
0.00266564550900393 0.0131775875911533 0.343569890245998 0.190360342075388
0.00575573930994135 0.0147113352963799 0.276515369263427 0.0859302612458285
0.000764766132349034 -0.00108898631314294 0.196409040226683 0.0279366875794657
-0.0076313851848693 -0.000198910357558402 0.218408913423385 -0.11150001517984
-0.00649502625173432 -0.0081772930846221 -0.041163782509724 -0.213684134246349
-0.0167469273640769 0.000334465005620244 -0.17178029228472 0.0603450033283584
-0.0104045333668185 0.0042942204294944 0.0797964405452385 0.0885411163429667
-0.0418954637887458 0.00334767218847503 0.0130511927445644 0.0150057270889543
-0.17012635295648 -0.00179238580029366 -0.214901439458297 0.0544375269395531
-0.222256229400407 -0.154558868580709 -0.159709025908583 -0.186268530983158
-0.0405827035759777 -0.319408026100613 0.192579071088733 -0.114559120882803
0.230708913761617 -0.227404398591686 -0.0164552965056028 0.246866755081333
0.268808204046049 0.0230818339091414 -0.493254250754039 -0.00548883250741065
0.0594320269329592 0.150221896168117 -0.194368034635853 -0.373694713157395
-0.10131980971383 0.0257254319830004 0.24412195424095 -0.0674594537651713
-0.103698489160343 -0.0868493900063971 0.331363402508523 0.179090538819685
-0.0655120079769884 -0.0363178513353366 0.298436679571858 0.0892661098792657
-0.00171422782970052 0.016233438295658 0.228695663957474 -0.00555394631253248
0.0223698307478117 -0.0110327510124271 0.195300331458785 -0.143070567829888
0.00190037638781735 -0.0341464097375004 -0.0712034867596325 -0.184615895599905
0.00877233631618791 0.00687280813643513 -0.164539395241737 0.0822223373012698
0.065790236035386 -0.0124374704287781 0.0807818471540395 0.0924892731256669
-0.0231454294033303 0.000562158457614296 0.0847176204734133 -0.0138861901771193
-0.210726757804959 0.00737055841254355 -0.0419236424851539 0.0280348050245266
-0.35340055608168 -0.209211284991453 -0.0513385240783802 -0.109900222223514
-0.0963191478910146 -0.518744925046499 0.117706656240904 -0.0969844696108744
0.388871789699794 -0.387524498974543 -0.0467879611026404 0.109873800089319
0.429322465322565 0.0636695953247933 -0.319853136781799 -0.0583176623378726
0.0540360098801937 0.256020881242833 -0.0818963750180584 -0.249811457740522
-0.192592184665941 0.0524283746688849 0.188427337785155 -0.0566041871244741
-0.216027434462199 -0.135495807449767 0.280784439239351 0.0988963290551596
-0.207694427644657 -0.0844505313819418 0.322384591681199 0.0136456849630252
-0.136733819434329 0.0515202219457909 0.249191390986979 -0.148941108206802
-0.0325249226563905 0.0925343629021576 0.0605892391300607 -0.224371157091139
0.0320918436427034 0.0636377758484205 -0.172124171304 -0.0781824896417849
0.0863374719512343 0.0468539241671271 -0.136495971793578 0.141823235222106
0.143162606762958 -0.0248428824264195 0.0615890785101595 0.0827375421386669
0.0565347041146581 -0.0141813607944001 0.125376918876994 -0.0376382529718811
-0.0605180902461169 -0.00156066886971237 0.112266077207023 -0.0361616361336377
-0.197509503413678 -0.122202567489034 0.0794455064519366 -0.0781423555301875
-0.027066868465291 -0.355412930211232 0.0608735185879441 -0.0900038495391086
0.342217582090433 -0.228559759350981 -0.0306685265846745 -0.0365807365044477
0.300694326478399 0.157440157126115 -0.0939807514472828 -0.0764926138906693
-0.0603675881114106 0.260019818349937 0.0119394560118397 -0.095309710483377
-0.248472109792501 0.0831646931041019 0.0987912593978472 -0.0410992025565287
-0.291036981441844 -0.062113398090695 0.164345809271599 -0.011115563096389
-0.33780877101298 -0.0178344959493127 0.203521152737358 -0.0938409232016955
-0.284797257382048 0.171140641873387 0.0960963998255857 -0.217862152736513
-0.0704278559869082 0.29292072504935 -0.124668940653748 -0.163470476589009
0.120479050771499 0.214253867777791 -0.227579511380374 0.0508396384964209
0.191431986535254 0.0771044458871961 -0.129036890587357 0.149326097473072
0.191672102973984 -0.0326999526290069 0.00407199581307145 0.061702095376599
0.152773661735463 -0.0297073886492715 0.0950566132687656 -0.0442141997054644
0.15762244555191 -0.00117005132857193 0.139516297570094 -0.108820389768623
0.112502864156929 0.0629265826318782 0.148280237492529 -0.128659794254025
0.0878444111397952 0.0861582675536443 0.110658090579535 -0.0779114122058308
0.0512960277112823 0.144692373132654 0.048454569848752 0.0113601435542113
-0.0602878693837131 0.193755573710661 0.000210336104463817 0.0302556484460993
-0.211474019368311 0.152967451061953 -0.0117663794675132 0.0232486427120496
-0.261703109854961 0.0988776872121905 -0.0116494462969574 -0.0146854468072545
-0.253334512615595 0.109140909685949 0.0143504098268574 -0.0456766161740245
-0.183521190910292 0.169489078632763 -0.000947895528344081 -0.0723147760871712
-0.0641390231410218 0.185933789268164 -0.0752360528329087 -0.0515134320091832
0.039625182575099 0.184693710486915 -0.163169110116812 0.0182072643738468
0.119336993154376 0.135259667854177 -0.192651602340883 0.0850140782495821
0.17149335128181 0.0432822340141817 -0.152525861707708 0.0859553855682308
0.172458680580596 -0.032351493447348 -0.0699614367085315 0.0420916546718461
0.199025700490194 -0.0382569182928283 0.015847895308295 -0.0465799956869996
0.228223200836094 0.0186963648933382 0.0940755617211766 -0.161852465788751
0.195437329761935 0.163856274277989 0.186035656006671 -0.148409026980964
0.0390937772431543 0.287118811553744 0.176480080028233 0.052050477674156
-0.205902138850038 0.252712635046276 0.010521016788644 0.214944544588691
-0.303940205363136 0.0737039661895902 -0.135511976216872 0.139669827082222
-0.283457910344951 -0.0115371105151389 -0.142651309727452 0.037387584034183
-0.236907688851531 0.0792336088930703 -0.116498324741424 0.0168239839403395
-0.107536260000879 0.251658091299743 -0.0591903533598946 0.0571188049082904
0.212202884131125 0.251142135458017 0.0114315544159181 0.0781187523038566
0.356393913743246 -0.100185987824232 -0.0298465852166743 0.0570214704460153
0.0907218378103165 -0.305112616093949 -0.117302934940963 0.0840194251634251
-0.109163080470585 -0.145819966432509 -0.114737214765353 0.0809063676371255
-0.0119034855368943 -0.00923283840316807 -0.112930919692138 0.0266687775440851
0.0943302666192464 -0.0248150192339938 -0.101927877747873 0.0311724979610346
0.169131741082963 -0.0326743191807606 -0.0555115206610464 -0.0574969420924849
0.13827099103273 0.0227168415348391 0.0987716848426825 -0.160823892642237
0.079745946326496 0.0801756401867364 0.189412604722439 -0.021012333144682
-0.0146558205729995 0.127470282232554 0.0517499726398285 0.204761331629207
-0.161582391910009 0.102230131153793 -0.160204436001867 0.23349838708436
-0.246616553653081 -0.0547134646435734 -0.290182963156281 0.0886682178029003
-0.240672833203502 -0.119208202817973 -0.275539885958643 -0.046127253906845
-0.182342326262121 0.0450758692794697 -0.200430571177892 0.043932357768708
0.0393798239795009 0.268221570961374 0.00165349048380072 0.236101870300338
0.437348819545491 0.149505704629923 0.263116321341482 0.15160864568941
0.457007126528876 -0.337049941037614 0.0755522073080259 -0.0805887981770498
0.00607899357217137 -0.55045799252047 -0.159413434882182 0.0583805146049107
-0.304138008839143 -0.278024934708306 -0.0103383240664221 0.142243645413158
-0.172080403214774 -0.0158543513872021 0.0424321431231657 -0.00160551591861069
0.0124994503812021 -0.0105041550826711 -0.0656783580476956 0.0146517654259102
0.0967126730223447 -0.0185475672550619 -0.088277038388212 -0.071249179331756
0.0451382237783401 0.0103237461925434 0.140465596824015 -0.105214959403739
0.0149916844019863 -0.0123192794196171 0.104938051116721 0.14323334799692
0.0191705394315715 0.00242858754411659 -0.144620223467867 0.185640460617832
-0.0292447395684347 0.0214679639195286 -0.220941106458728 0.0606900344373839
-0.0944272243331677 -0.0594292847624664 -0.296615154679218 -0.0287407678386812
-0.131121419459341 -0.108730626417385 -0.338150409796848 -0.150171632182269
-0.101893752813931 0.0224333586952273 -0.257340550432363 0.0559375711754421
0.0828287128127567 0.163854734894642 0.128551744143561 0.380089361526707
0.324513596865249 0.0213925919394265 0.497667983051561 0.0974728732786866
0.242098900725171 -0.272005051682294 0.0819165509510745 -0.251633412722184
-0.051450293533804 -0.359200861741171 -0.227276371130391 0.0571120060166158
-0.241758836734311 -0.17420387074119 0.0934228138388914 0.213397209833042
-0.149364894993564 0.00665025139396807 0.214496454243485 -0.0304743939909459
-0.0181378105776425 0.00258855607855913 -0.00258891520778172 -0.0153241443119247
-0.0119661596751569 -0.00265214326337694 -0.0216250991782509 0.0272414130980151
-0.00267732226978106 -0.00789184121003725 -0.277258883515633 0.0544101125980773
0.0206205219043253 0.00137516924961034 -0.185822999306207 -0.220989637217005
0.0136947520737577 0.0210896411719019 0.216441111199692 -0.120536610286714
-0.0181386580808231 0.0324442705717055 -0.0100823767464578 0.283958988555059
-0.0303624368188327 0.00238704286580609 -0.545364637998798 0.00632657468028258
-0.0133968014536291 -0.0107147787750861 -0.241456753424767 -0.408908918074957
0.00628121992668722 0.00598337082212377 0.251943324138436 -0.0788490634440127
0.00224920006801927 0.0139033843218298 0.342973147143328 0.175675301048389
0.00498902837944698 0.0145667588592796 0.271331125215187 0.0760141123161577
0.000350107422175945 -0.00147343006228881 0.192226483926758 0.0224336801257955
-0.00632781989734232 0.000389667274109347 0.212075381552985 -0.114860663282552
-0.00645321680587862 -0.00763069660927051 -0.0460572787304868 -0.209451271461123
-0.0167595310321251 0.000665184067208045 -0.168260176572405 0.0643725838522673
-0.00916185609861269 0.00488740836187225 0.0801687266965239 0.0840880079907028
-0.0417055682861814 0.00543286946802384 0.014514887749715 0.0148625141263641
-0.166904781687484 0.00570774519936218 -0.207274183728479 0.0628586757588543
-0.22445947037748 -0.144785399145745 -0.163468467125167 -0.176345422018517
-0.0522544199495531 -0.315239900888609 0.185136006263102 -0.12076046691602
0.220281390508642 -0.232076774796599 -0.00916883887558913 0.244207971849436
0.265532552141255 0.0118634558877282 -0.487275007717039 0.011034355546209
0.0621248705558303 0.145380063860264 -0.204430499450666 -0.359284219482005
-0.0981075925281476 0.0292648374865869 0.238443021146965 -0.0747276700535424
-0.104880551752048 -0.0824268906683351 0.331657019740669 0.164977989521227
-0.0658563839529152 -0.0336433959159761 0.295918938913668 0.0782678384660668
0.00127920057778331 0.0160916940711354 0.223765001189609 -0.0110030269612825
0.0232659551184032 -0.01205637109782 0.187783162370789 -0.146127268448061
4.11377741362264E-05 -0.0356338232875473 -0.0751926103866679 -0.180598713844303
0.0076643023158135 0.00655109426768992 -0.158350828659876 0.0849115279835686
0.0631450547896927 -0.0134947177162863 0.0815608708490297 0.0870573932363346
-0.0212783964026198 0.00077430122533973 0.0836220723386291 -0.0163475605351031
-0.205351630418557 0.0152344988813648 -0.0379260330573325 0.0280426716319529
-0.354540393100722 -0.191934415928156 -0.0539810025511467 -0.105875786911247
-0.112691277372622 -0.508254091673507 0.112937760070242 -0.101321413902498
0.369121841959711 -0.394824379123406 -0.0424821768542933 0.110130038879758
0.424260605490108 0.0472932710593213 -0.317520321905147 -0.0451979051128334
0.0625197069030688 0.249466537634024 -0.0893632355319738 -0.242740583710232
-0.187148002195883 0.0577240920261386 0.185166390617946 -0.0612062143519593
-0.217069774439891 -0.126195772302729 0.27935742475251 0.0869695947420377
-0.207282729677904 -0.0761107725813711 0.318072235810836 0.00349527215830838
-0.130273889415628 0.0555883738450901 0.238924838269483 -0.153802018164596
-0.0266551041688465 0.0905188443218073 0.0533844747355876 -0.222115586105123
0.0327744042084639 0.0596381809510794 -0.169940005923282 -0.0712718137026213
0.0845763874321626 0.042740456777431 -0.128214103846457 0.143467919238131
0.139275954570695 -0.0303032469799904 0.064516475879504 0.0789424103387626
0.0550195155204188 -0.0162599467385494 0.122633397812376 -0.0413911980156304
-0.0585938807907979 0.0022561877107493 0.111377181387229 -0.0415458704178706
-0.197277094747538 -0.111926722086324 0.0765861069310879 -0.0804134384127282
-0.037578957785269 -0.348687135795952 0.0570276819184402 -0.0922539928336495
0.32842023149155 -0.236006263600348 -0.0318034743821412 -0.0342105861921886
0.300302160177838 0.144090363695568 -0.0956257320071018 -0.0710694695392982
-0.0516969495372691 0.257635970293608 0.0079769495208959 -0.0936547128925259
-0.242200422117749 0.0894353190711792 0.0968222702707412 -0.0427311979731722
-0.289253616650932 -0.0536205319061119 0.16147331293498 -0.0166224789825289
-0.33209165234193 -0.00662857686543447 0.19677759352789 -0.101569451965507
-0.275461147466708 0.179193393339629 0.0882311185911419 -0.218166206319204
-0.0587976665324953 0.290792953639525 -0.126668031914749 -0.156258787437897
0.124253712521082 0.20594291419015 -0.22067268443332 0.0566076441683954
0.188925745747602 0.0697961978814985 -0.120011708109421 0.151579601414909
0.186087297979273 -0.0395798491138639 0.0068849063839616 0.0592610876020437
0.1499125991222 -0.0354245495456044 0.092207718762511 -0.0470095790272185
0.15506617500679 -0.00616324616584303 0.13287931930509 -0.112581672531327
0.114331245119009 0.0581981413036333 0.141720363589844 -0.133052378332119
0.0902096295314808 0.0825333206123924 0.107179862770708 -0.0810598399096904
0.054419337905056 0.14194380517154 0.0493662713889343 0.00914540968277308
-0.0541599836515614 0.192333878173885 0.000184732676854589 0.0305956186464393
-0.204702143852613 0.155910622774354 -0.0109492670463913 0.0235896377329345
-0.254821921580663 0.105480489862969 -0.0111743230897988 -0.0138200644261942
-0.247267688986195 0.115006174467509 0.0135402767208953 -0.0459477664829352
-0.175982419152796 0.172782737899871 -0.00297901998335465 -0.0733855933676973
-0.0589633609382341 0.186401723703332 -0.0757362823245634 -0.0502312899356437
0.0452583088294629 0.182451255514933 -0.158726277919918 0.0232265638121957
0.12314894975351 0.129187456891532 -0.18656581390012 0.0904113927642703
0.171148079990899 0.0374381928463328 -0.146253544133656 0.0905496715517267
0.169038654310743 -0.0383767550367087 -0.0665883629637724 0.0427113934288145
0.193765738010702 -0.046167442034548 0.0133114997011772 -0.0456092462627407
0.222926020833781 0.0105371691066125 0.0853270968064416 -0.163210356914939
0.198820815843747 0.153182806308367 0.176895682076235 -0.154258935815997
0.048183587706291 0.280728830258146 0.174995901372208 0.0448131274320567
-0.192937867924683 0.253924921609744 0.0182043479101154 0.211807812303856
-0.295950694179033 0.0829446272318966 -0.129397078586793 0.143834129068492
-0.281094752971719 -0.00397126296447398 -0.138972987784231 0.0425078666305042
-0.230138785928153 0.0837254427448226 -0.114007577021919 0.0213154788605466
-0.0985564757732973 0.251732539110722 -0.0565259786378638 0.0567225665767197
0.216920222951849 0.240043688896485 0.0143501311923543 0.0741365908120649
0.346178345417992 -0.109367164624151 -0.0272336117176102 0.0564515150130366
0.0759509895629103 -0.302711691496439 -0.111849158150401 0.0883725436208165
-0.110247238487352 -0.137445801578096 -0.110631073243068 0.0843196153152212
-0.0106270051858694 -0.00710016000617203 -0.110958753249695 0.0298027171246437
0.0929607797653838 -0.0286664746373329 -0.0986724936073461 0.034747827957466
0.164237058447301 -0.0385717585244727 -0.0571766989396121 -0.0534711724306937
0.134439220912301 0.0190657947262169 0.0910812459942738 -0.162853839821863
0.0795865825523437 0.0739427458482221 0.184694248846524 -0.0266782317243087
-0.0103017853756191 0.125377713024274 0.0562190317051054 0.198716107917948
-0.152770701973161 0.104647995154413 -0.149644654801052 0.234422427144087
-0.243405718927878 -0.0444505047232455 -0.283671092429914 0.0988818353681128
-0.242351983826244 -0.110268611013538 -0.27207541434115 -0.0352182960872688
-0.178628352441094 0.0498717947843742 -0.196486249677281 0.0487556906251535
0.0476126411952284 0.263705708725244 0.00954262363120145 0.23102422357776
0.437438776709789 0.130936838938432 0.262576395421207 0.140505995028407
0.438560636575085 -0.347153908754724 0.0726620847792804 -0.0817449824875549
-0.0144815029970136 -0.542975693204744 -0.153944249667265 0.0643365372976576
-0.309279063301563 -0.26083475463212 -0.00566381668167484 0.139496196238162
-0.167952269515174 -0.00875620828083617 0.0396876811334998 -0.00399815487657963
0.0126173680215053 -0.0123195011031352 -0.064651219772282 0.0159538876138627
0.0936494529357707 -0.0220127247127298 -0.0903973682740786 -0.0663326051157715
0.0438852254115953 0.00867698584279492 0.134486979745893 -0.106731167111276
0.0132578032765176 -0.0126296508737579 0.107391512661691 0.138596375639123
0.0197885685454259 0.00169504253696111 -0.137508496699619 0.186905071393666
-0.0253967585200681 0.0219806641004054 -0.215953964409257 0.0656771629482735
-0.0926487300649288 -0.0551666909186545 -0.292604798974223 -0.0182392420796458
-0.132873058213076 -0.102689224840377 -0.337943931776385 -0.136503911823859
-0.101007136029236 0.0250974552207122 -0.251314880800131 0.0625199476526725
0.0869240936696182 0.158223601221149 0.13944492644503 0.369608978508041
0.320046931190718 0.00980760502802239 0.495248372572358 0.079591702411523
0.228777998740559 -0.275912510727422 0.0719780725014587 -0.250079009102236
-0.0638647265713845 -0.352272706066434 -0.221078044985024 0.0659114447672296
-0.244555270148522 -0.162355827504235 0.100301180698782 0.206147336874452
-0.146185550879314 0.0129569791819081 0.20844415004694 -0.0387819079820892
-0.0176897253538748 0.0021469276604274 -0.00358366062688393 -0.0150724077148575
-0.0120053517319522 -0.000671246859977745 -0.019703753080723 0.0272792974212854
-0.00297143692238308 -0.00756913630427223 -0.269289156819764 0.0606463653394132
0.0210509723893079 0.000349533390065349 -0.189507459849046 -0.210164620388548
0.0138949646750849 0.0203938523285483 0.208708354885613 -0.125475929778557
-0.0165082553768591 0.0328538012020463 -0.00330317407222982 0.27902180113464
-0.0304963390812685 0.00315541175492486 -0.536828850624202 0.0194324305641361
-0.014723561073376 -0.0111055931180163 -0.246029592436915 -0.393770437697081
0.00653557755245897 0.00444955020240531 0.245864672007165 -0.0817623771575073
0.00198754790286714 0.0137645108910317 0.341366352707586 0.16301968214592
0.00548684537927231 0.0147597130599488 0.265528848374126 0.0668295475672579
0.00133525019405912 -0.000483617524672922 0.187409784798911 0.0183733431239003
-0.00523629468412821 0.00102036484069935 0.206548773504291 -0.116675487172275
-0.00680220420865426 -0.00845814036015404 -0.0487843258983223 -0.206413895733187
-0.0155381225534185 0.000897222485748633 -0.164015379330224 0.0653921247281381
-0.0087474488676865 0.00576268112912158 0.079476831530403 0.0803027675315437
-0.0402050531854565 0.00629763332535893 0.0163761694309918 0.0148840666873753
-0.164020198033062 0.00915921060840447 -0.199839883299278 0.0669349977123201
-0.222857318918836 -0.135211433134457 -0.165578010578835 -0.16779565245689
-0.0602937407977876 -0.30645514396798 0.178688220726164 -0.125091560938242
0.21036222719256 -0.233492718603807 -0.00279281626782665 0.240765713832193
0.260106011841275 0.00603384400821184 -0.479262349024117 0.0243680119304095
0.0637972039763636 0.140422451644011 -0.20857136257279 -0.346601366413133
-0.0959873534012422 0.0308830268879894 0.233312128407778 -0.0777580884907039
-0.106300095884762 -0.0784650256224181 0.328901147762859 0.153961016219789
-0.0644384360943325 -0.0300072034183716 0.289333312649142 0.0677247612513308
0.00352078434649949 0.0164987498506391 0.217146817416514 -0.0158090649024309
0.0240296497531971 -0.0129803216084279 0.181426407103107 -0.147311628643337
-0.000977571192574501 -0.0372733166151491 -0.0753316642118064 -0.175707794280234
0.00679796467728954 0.0064949412957599 -0.153915413646925 0.0869162041865936
0.0608064645289046 -0.0143335215768623 0.081844776787575 0.0829885271481685
-0.0210331890693584 0.00202923769242893 0.0830770331740115 -0.0172277956987329
-0.20027387598319 0.0209212729947071 -0.0336017107487921 0.0276792691481642
-0.352942364598329 -0.179891933552715 -0.0542700492507428 -0.102131488319688
-0.124976256896403 -0.495639141719614 0.108550880532782 -0.102603587617352
0.353637168092423 -0.397813802297125 -0.0400803594415041 0.108828451544207
0.417430136329329 0.034767120192313 -0.313271856854011 -0.0368270608898066
0.0665181138107376 0.242997039432639 -0.0917611325901005 -0.234509978859146
-0.183278057685087 0.0606312788906021 0.180712817781156 -0.0640860978134254
-0.218111092066197 -0.120317793625451 0.276406958481921 0.0783929003210961
-0.204355385234279 -0.0698864476211952 0.310214249487071 -0.00453145094144058
-0.124901414447937 0.0574902213624438 0.230135488286195 -0.156807876084756
-0.0225308191799647 0.0880508014439656 0.0489318344770616 -0.219429508900997
0.0333108164427297 0.0560182095957622 -0.167328081900136 -0.0664491990259527
0.0827291027182744 0.0401881983812432 -0.120995497926384 0.143856048555374
0.133507653431617 -0.033447658148764 0.0642528070626893 0.0754635722162932
0.0552318844192086 -0.0175757681703922 0.120572654276849 -0.0433302590696371
-0.0558931662722696 0.00323169975870392 0.109139771943093 -0.0442565000758677
-0.194256471247117 -0.104254571605672 0.0747640899098051 -0.0816933137677852
-0.048004988256905 -0.34002337984946 0.0550848543878329 -0.0920218537117915
0.314224867232065 -0.240540960429949 -0.0319466049890058 -0.0327037731481269
0.297679330589463 0.13322376981212 -0.095528520533203 -0.0664798688252929
-0.0457859767273579 0.253552950441064 0.00664188458387606 -0.090517156749748
-0.235589556154762 0.093236497082937 0.0947160790717578 -0.0430291695953336
-0.286602245776982 -0.0469262684214206 0.159156984902184 -0.0204130652859299
-0.326167519271855 0.00205794497872818 0.191192194424927 -0.104789055967053
-0.264304439551024 0.18312323694699 0.0806483077851112 -0.216392535772216
-0.0493122994148902 0.287209718657217 -0.127885788822016 -0.150320527596903
0.127991335943444 0.198375723800814 -0.214020398962069 0.061597504526618
0.18654559580968 0.0644561592558006 -0.113119468177237 0.150984526215263
0.179699508874459 -0.0433735294994066 0.00914820154467185 0.0570648356540405
0.14640472341573 -0.0393572580061539 0.0889040357419522 -0.0473431694951517
0.152646561062176 -0.0102459705968816 0.126880152377498 -0.115091210036224
0.115083275677354 0.0532633252375772 0.136338699956601 -0.136310195294382
0.0902356721112309 0.080399507433867 0.103016995238916 -0.0834227328871259
0.0556438701473755 0.137785548166077 0.0498919231282133 0.00923773540219159
-0.0502604125533958 0.190225608723052 0.000924883290663622 0.030951068368582
-0.198293467220703 0.156943811868266 -0.0103541171222616 0.0242471863756422
-0.247684673519389 0.107583982974066 -0.0106984778027835 -0.0125092427718054
-0.242095452084656 0.117813316177428 0.0126124655129746 -0.0468072248112947
-0.170224042396231 0.172469780800896 -0.0041880110147675 -0.0730852954922597
-0.0542131146043693 0.185708735371148 -0.0745526115101333 -0.0479924483310566
0.0473940648608871 0.179373421861061 -0.155124198331865 0.0262729458039917
0.124879016310786 0.126329119869795 -0.179782855648752 0.0933442745149287
0.169117237854099 0.0342100468581452 -0.140746650120296 0.0912508541478329
0.163886191843519 -0.0417796712055073 -0.0641455548990524 0.0424067230239071
0.189546901504829 -0.049538247017592 0.0122643173291538 -0.0448013485201594
0.219124460537928 0.0055143233486015 0.0795897450753346 -0.161972534430518
0.197871280408755 0.142534937806334 0.168614405739722 -0.155913439555496
0.0547444669311501 0.274670845130652 0.171488763038397 0.0382800800853972
-0.18332317375233 0.253408606118961 0.0229109365600522 0.206754840517766
-0.288317110743859 0.0876809282651058 -0.122774673697392 0.144302625192751
-0.278258223565792 0.0018736525740483 -0.136254513933047 0.0455229296916289
-0.224495817885016 0.0877663499410674 -0.109948798665548 0.0231161158933646
-0.0914817162235582 0.249106235830255 -0.0539822101716704 0.0552378920416351
0.218635376811845 0.230268450747844 0.0158285936634606 0.0721702436867237
0.33561723699988 -0.115664311369262 -0.0246452550357632 0.0561183230643695
0.0660840965294539 -0.296778984981651 -0.106755929558025 0.0905274274606962
-0.11125939495253 -0.131321507189808 -0.106496017351895 0.0856743485773034
-0.00865392111166861 -0.00581968093577151 -0.109134097857352 0.0316430285758139
0.0903669526927499 -0.0312647903456285 -0.0957406822766834 0.0344520956671642
0.160174594348065 -0.0428512765908978 -0.0586419167008296 -0.05045337011325
0.131172986983812 0.0160674447245982 0.0845651217225854 -0.160954406501271
0.0776625646474216 0.0694186358946906 0.178361817626626 -0.0303535410246164
-0.00576048868718401 0.121678331246422 0.0584765935298298 0.194302446181779
-0.145748280223198 0.104718259286989 -0.141635236111799 0.231670236876828
-0.237988459682176 -0.038606201831153 -0.276460228316327 0.103852192095769
-0.240893340742705 -0.102299478541778 -0.268559834507965 -0.0267024924052634
-0.174482702150475 0.0511598904805026 -0.191021613551757 0.0518889683391982
0.0522106038098757 0.257604039642117 0.0134732375476362 0.225694236005501
0.432989321725381 0.118015953381966 0.261985333778837 0.130907808169146
0.421614834615416 -0.351199125696226 0.0695711135978538 -0.0808329483421691
-0.0303093963413765 -0.53177644299582 -0.148503223704199 0.0688543258567302
-0.308896655605391 -0.248904354098395 -0.00184149064461102 0.136865874726457
-0.164462562947433 -0.00457299485165476 0.0365913467685589 -0.00637012204772629
0.0137103641134998 -0.0132375684694078 -0.0640381681861364 0.016960163887161
0.0903636980477968 -0.023865617236444 -0.0896514182593546 -0.0615330448697605
0.0431340112224816 0.00741712738701976 0.129476635319589 -0.10697418132407
0.0115453544248379 -0.0133524656045393 0.106898837512717 0.134976366806952
0.0202105097757657 -0.000327411531103713 -0.132594179413058 0.186907857111438
-0.0225000638828217 0.0223463171476734 -0.210350714748538 0.0674652640796693
-0.0913816679231257 -0.0516896882868521 -0.285542501940427 -0.0116027658423368
-0.132624075712963 -0.0978116927676704 -0.334779886187043 -0.124240724473291
-0.0978060889158471 0.0251062346879784 -0.245284188266165 0.0664698385865438
0.0882394811794098 0.154211692934215 0.143342116450823 0.35747189570903
0.314711895432648 0.00158071200523177 0.48575413097502 0.0639354557122205
0.218548544324632 -0.278392669976086 0.0651387112712624 -0.246364255429902
-0.0720371296936978 -0.343643310112712 -0.213772621428471 0.0720429329881407
-0.243706135115905 -0.152055165554156 0.103723133896319 0.198731200107495
-0.142800531018009 0.0165432376140189 0.200375905757721 -0.0450806723698119
-0.0168028199264928 0.00199391428750522 -0.00506684150003864 -0.0152462705802065
-0.0126265893877148 -0.00128636522510765 -0.0162877482822783 0.0299144479329563
-0.00362895764526571 -0.00710572891547552 -0.26242628120612 0.0683118710120185
0.019996561225368 -0.000215211300458432 -0.190577488513119 -0.201810111241469
0.0142072760718818 0.0198884826275229 0.20096112206916 -0.129530026723793
-0.0159274761451988 0.0331475096457166 0.00287698394636922 0.272569084353638
-0.0307036691500203 0.00357187315893323 -0.530302754347434 0.0328120636642755
-0.0151766682665142 -0.00929449352558811 -0.250564590098608 -0.379368564967721
0.00667137006576385 0.00458014025996206 0.241146095552546 -0.0841916017173163
0.00262322876711981 0.0145983175644011 0.337697375524125 0.152951016931934
0.0060198199166779 0.0155937063164351 0.259235123106733 0.0596990585561082
0.00113001488670817 0.00030030678932518 0.182439001028737 0.0154503704694746
-0.00421824835899272 0.000674171488524812 0.201909297622751 -0.118103872978197
-0.00709055948600649 -0.00941571811347376 -0.0495122358091712 -0.202253432502759
-0.0149636177832764 0.00165427582022887 -0.160591204699257 0.0656997967504082
-0.00773152241960336 0.00634600334855328 0.0791278478427073 0.0774845715269606
-0.0389082748073138 0.00816465213156073 0.018152384492588 0.015205022798068
-0.160388400659378 0.0145811650681858 -0.19340104911209 0.0719341830638969
-0.223255592941119 -0.128634366217341 -0.165462345004364 -0.159381499829342
-0.0671819273701805 -0.300762485307943 0.172779000919649 -0.128463212342047
0.201390124446758 -0.235534541030227 0.00198714661476085 0.235892017782029
0.255614272768259 -0.0022707781001341 -0.472496455585517 0.0345987306764379
0.0649777197313243 0.136818758760371 -0.212529772995915 -0.33427379047638
-0.093849834826697 0.0329626039937524 0.22709515684914 -0.0802717540214043
-0.106551768905803 -0.0748455887927572 0.325352677027956 0.144235059118882
-0.0636611581067662 -0.0278687323478622 0.283787875288836 0.0611311221179191
0.00653839278164458 0.0152038349666189 0.212384566403288 -0.0198777563664971
0.0263300098378365 -0.0152789711110179 0.176014265989742 -0.147571763583582
-0.00369262594761578 -0.0381048216963516 -0.077168570821359 -0.172534003245609
0.00642649041524146 0.00626702292447933 -0.150215792853531 0.086563802964864
0.0590000490337157 -0.0150194654043691 0.0818001182511407 0.0798489509282132
-0.0190816342158911 0.00163824037551029 0.0820662741075041 -0.0182168069597706
-0.196482970978862 0.0257220192538004 -0.0306908211120814 0.0281083028681361
-0.350003198697216 -0.166833639868484 -0.0550636065790344 -0.0986953908202492
-0.136388566470607 -0.4852510155472 0.104245947178842 -0.104183704241769
0.338060568017129 -0.401318775118523 -0.0370608426282419 0.108640766810347
0.409683949525476 0.0245759036169372 -0.309801294428461 -0.0279755071248443
0.0695295535231798 0.238403995062552 -0.0961324170963801 -0.227628061012636
-0.177775752078858 0.0629657947675626 0.176458188155275 -0.066655660534841
-0.218006247101812 -0.114148433223905 0.273366564517937 0.072082322217665
-0.201920896658276 -0.0636180381091712 0.303800231987116 -0.0115601706007864
-0.118224266422834 0.059575162778819 0.222968193259796 -0.158827043518175
-0.0178441174092367 0.0859845941301176 0.0441137066554538 -0.216268723925431
0.0319789762099048 0.0520987551193903 -0.164647106608126 -0.0608703936872741
0.0815904386865168 0.0398628076369457 -0.116406785875164 0.143008443169726
0.129645260040097 -0.0353000020639544 0.0660225618501125 0.0710381530137264
0.0553257707147957 -0.0189900779961026 0.118028334249468 -0.0444953905728494
-0.0528805294608016 0.00561824706600355 0.10749104200947 -0.0470081937307144
-0.191959092596037 -0.0977164133781841 0.0720417284704584 -0.0828655817681035
-0.0549119255769835 -0.332305337386035 0.0534225993277131 -0.0922166146360247
0.301921977700787 -0.244444051351135 -0.0321928937190881 -0.0306340315765062
0.294452911381648 0.124208447660015 -0.0965167457547592 -0.061928568905624
-0.0402059743987122 0.250869461579398 0.00454703846109138 -0.0884412841031676
-0.228903911305851 0.0946853504970892 0.0924706175906525 -0.0430591849998781
-0.2857565919044 -0.0407282182864259 0.155372604074194 -0.0240199605775427
-0.32090764025918 0.00851965752723901 0.185115876029698 -0.107973177989588
-0.255588607668775 0.18534300888263 0.0762305457809962 -0.216114549116432
-0.0414241381814781 0.283481561088449 -0.128117194318052 -0.14584997291134
0.129190241060587 0.19188599026797 -0.210030622462176 0.0657517487837811
0.184699984516927 0.0597318496136315 -0.1068911178995 0.150996746620654
0.174590404832829 -0.0477287340922891 0.0107560479812137 0.0538202487892752
0.143405034229636 -0.0429392133546348 0.0871454582207648 -0.0496404917824785
0.150427824831034 -0.0125393401627594 0.122259428849173 -0.117171001627125
0.116377326164804 0.0493449977165071 0.130775005738405 -0.138057055379693
0.0897307042627262 0.0767736209112351 0.0997931156372092 -0.0849640736490382
0.0571875794301962 0.133909264971387 0.0495823162241151 0.00909173098175696
-0.0457664894237627 0.18669532917115 0.000507700740771423 0.031172891291972
-0.193399900879155 0.157257641400847 -0.00917899577063947 0.0243982318154587
-0.239534314770098 0.110869569665155 -0.0112187947147276 -0.0117813490792623
-0.236043241216361 0.120804291317358 0.0111157239048231 -0.0477801284652887
-0.164331107526359 0.173873448069759 -0.00600673648553993 -0.0729501311522508
-0.0508779516439432 0.184619093000087 -0.0741158598374496 -0.0478730387408378
0.0512498368635554 0.176246839431268 -0.151237460163326 0.0291133631295374
0.127310257578109 0.121650106239825 -0.175678022766728 0.0973495232486948
0.168134662573986 0.0296119134565807 -0.13573269250263 0.0936536696564485
0.160745999285781 -0.0457725542356812 -0.0608605577941886 0.0422438575379125
0.184122989712727 -0.0541067412420948 0.0107216798612559 -0.0432330140563887
0.21348078229739 0.00190070827044638 0.0734955238295012 -0.160913533600274
0.196706554502521 0.135606078369945 0.160685640222489 -0.157776980359966
0.0594353302578906 0.268302653094523 0.168041482589075 0.0340595846104408
-0.173756310078281 0.252601285536116 0.0272947611546032 0.202125106233437
-0.281693216743685 0.0919546053653721 -0.118663727793622 0.145687015590156
-0.273752550998082 0.00685144939811453 -0.132568944367152 0.0488115677464939
-0.218731922176999 0.0894327960540825 -0.107725218850137 0.0256481785697199
-0.084928399122808 0.247217865137157 -0.0522142845641917 0.0544477808838557
0.218821346926583 0.221011723676708 0.0166306775094733 0.0694888582587051
0.325579939505728 -0.121048978361348 -0.0218507653767661 0.0556495059402845
0.0565447634267202 -0.292142980989853 -0.10213965553862 0.0921427066838506
-0.110831986119387 -0.125225513826241 -0.103063993909201 0.0863976206054988
-0.0072583781411727 -0.00399850450964978 -0.107052498816513 0.0336186136199967
0.0900178920251603 -0.0339909114092976 -0.0935780172278212 0.0360088400125959
0.155271420518995 -0.0457556236199291 -0.0587427528723827 -0.0463988958733615
0.126892753192095 0.0132572999080756 0.0781510421590285 -0.159174824210728
0.077475716739103 0.0658736187267283 0.172552101839531 -0.0344751479213157
-0.00326063023085118 0.118743780971624 0.0607234086281999 0.189464349727426
-0.138069913374088 0.103892389860146 -0.134603823086764 0.230106092571591
-0.234335986273971 -0.0328332513593279 -0.26808151936128 0.109181268376462
-0.24043694843742 -0.0950312626639474 -0.264132370480638 -0.0194120259870932
-0.170898946289548 0.0538011902683728 -0.186749968937772 0.0549766008108928
0.0558746657775246 0.25340219851845 0.0171889191226876 0.220966528531139
0.428153168336718 0.106392444239374 0.259659913688225 0.122679508439969
0.405596803978757 -0.357162211084065 0.0674475552369989 -0.0813911684652386
-0.0436864032680588 -0.522434597738089 -0.143995860291094 0.0732884587997762
-0.309012232210486 -0.236865590202576 0.000836326554774556 0.134587977263481
-0.160492772261367 0.000268272194186335 0.0345853764614729 -0.00714863266579079
0.0139586768071377 -0.0147467896538697 -0.0630041737632331 0.0172283610913907
0.0876458263977738 -0.0267683279099445 -0.0888003881791984 -0.0561394524418366
0.0410857186233278 0.00646476890902497 0.125474169584771 -0.106845753506794
0.0108073909783069 -0.0141540649460372 0.106781275958161 0.132117363597415
0.0208807608817745 -0.00270637890668403 -0.127177469968269 0.186337019532137
-0.0187530565280829 0.0210934621859495 -0.204626084807103 0.0694783539639772
-0.0887329134961855 -0.0492022669433784 -0.279601698071508 -0.00389615983432498
-0.132522394012742 -0.0926861890393999 -0.330105821352355 -0.114974244669243
-0.0968487159324941 0.0265198208590208 -0.238319923245482 0.0705673951504415
0.0900143840016938 0.149876867353625 0.150174885758324 0.347757346192993
0.310597405769301 -0.00717744164487515 0.480547116401285 0.0519262939582776
0.209012012826366 -0.27926017957616 0.058260188172076 -0.243449090545922
-0.0807618193512836 -0.336124905299312 -0.206986680752096 0.0781077608158369
-0.243086176070704 -0.143463133826878 0.108014394091652 0.192844228905636
-0.13984511936387 0.0192536730206901 0.193977536028764 -0.0500186618189993
-0.0157261663089959 0.00172421270715339 -0.00711182365104298 -0.0154674444215896
-0.0128266427514595 -0.00153860829009433 -0.0166040308191416 0.0285049064796929
-0.00413768629190793 -0.00667061460525729 -0.261247804983252 0.0518314391599022
0.01873062184119 -0.000126765602776795 -0.175003409670523 -0.210431188128782
0.0141428787815947 0.0187658562111417 0.2051000180976 -0.115013478917874
-0.0153835950092201 0.0327374867973814 -0.0150781199263748 0.268033353122422
-0.0350750942650362 0.00149773047007943 -0.521836297168461 -0.00288310853967725
-0.0161679589867695 -0.0101657848989581 -0.220523371287129 -0.387001514190206
0.00619647716085343 0.00438751124003207 0.243914245558651 -0.0655991009105709
0.00167183563926095 0.0157326241996987 0.31784413147255 0.173310076341597
0.00526201970128104 0.0154732490379821 0.247118728754951 0.077386993293715
0.00180317174751609 0.000264306068305669 0.175205313749461 0.0289382695356325
-0.00348689473109338 -0.00234312749477888 0.207182942794281 -0.0971960677742195
-0.00883192049367676 -0.00915017487211374 -0.0319156392093178 -0.202268866974102
-0.0140782831589199 0.00234062825880235 -0.161535452340861 0.0513736978198405
-0.00609258536547519 0.00580810532898087 0.0715512229751949 0.0804766396305436
-0.0385678536713352 0.00601300036828293 0.018004642003557 0.0166102786039125
-0.15894879330512 0.00473784597855416 -0.194581611574566 0.0590850297972035
-0.213196598556824 -0.141274277273929 -0.15409836767355 -0.166378918843311
-0.0442534853961187 -0.302193438697042 0.1761892098122 -0.117696973722275
0.212102986545875 -0.216950124557624 -0.013586061082873 0.230743615555138
0.246955068276227 0.0161604783874907 -0.465827590311052 0.00355048191116585
0.0531150135639132 0.139095167477131 -0.185495155070903 -0.340137583108892
-0.0948986099679184 0.0237290213161155 0.229180636554831 -0.0623987094658416
-0.097863688558245 -0.0799642294671926 0.308891295345998 0.164362888095185
-0.058279242201848 -0.0320915555716592 0.270635518535074 0.0789236456722476
0.00851098235512576 0.0145555794062534 0.206858215068584 -0.00343736623829756
0.0286381676776871 -0.0142693100241227 0.185570210539207 -0.129103437047852
-0.00292023955990994 -0.0385398742023164 -0.0610475659380692 -0.173007901421383
0.00537933961722197 0.00864739690349998 -0.152637307888812 0.0728053521224305
0.0588349559873219 -0.0101452092063606 0.0733483780529977 0.0823999988044953
-0.0172794947485105 -0.000145801861328231 0.0838002193741291 -0.0134301898346599
-0.1923463375685 0.013630172430511 -0.0308913059452167 0.0258443027155758
-0.332143878923265 -0.187234033013378 -0.0487887087968659 -0.0993057857637118
-0.101344103504714 -0.484869802419996 0.109266987399074 -0.0993639012636441
0.355352829629723 -0.37012040558212 -0.04217332293917 0.103793550461413
0.397230748689456 0.0513678550109819 -0.301161706734926 -0.0467428658142325
0.0508987740636076 0.237643926615031 -0.0771994435699516 -0.22670602287532
-0.179185468413471 0.0478052410542675 0.177741187949401 -0.0513721092887539
-0.203282987421788 -0.128078643060348 0.263674734985815 0.0889406340544087
-0.191247838836141 -0.0784674268576521 0.297981590896233 0.00936516052419972
-0.11643015702729 0.0466725497562137 0.229441429090718 -0.138761817349575
-0.0241737330817551 0.0813576414850122 0.0621565108742005 -0.207975147640841
0.0257561495894624 0.0535287033591363 -0.155431937977108 -0.0709706143982206
0.0775038614483612 0.0466054228776686 -0.12337312612863 0.130389277819705
0.127580054343201 -0.0239897754935642 0.05860687261541 0.0732667801296379
0.0577375079728003 -0.0151236906271707 0.119747403748132 -0.0382556573710217
-0.0501313556716468 0.00106649256058953 0.110488560249416 -0.0400462676434688
-0.180442698948004 -0.107454294485304 0.0766557664111755 -0.0773971327734866
-0.0312815244260898 -0.330102686226575 0.058227095281211 -0.090631160026231
0.310346701688371 -0.220227012671232 -0.0276583136332883 -0.0315266076862103
0.277306044967059 0.141350020967615 -0.0889461341666863 -0.0659024095157685
-0.0575037827116458 0.241617121026008 0.0114116777978074 -0.0856169073668251
-0.232228353967435 0.0766371203296218 0.0922611817914297 -0.0364483576316845
-0.274844149775242 -0.0629448407725106 0.155130342712188 -0.0138136530503645
-0.314528541232172 -0.0160075970610219 0.189664621430469 -0.0946206115464729
-0.262115171628523 0.161645254666228 0.0909148139929237 -0.206703827878988
-0.0614806331177253 0.273610909566351 -0.111935577497622 -0.153102331518817
0.113900642444092 0.197972210076016 -0.207871497772791 0.0485861179289727
0.176959683779137 0.075728292365578 -0.113327390697563 0.138357210619111
0.172932789524403 -0.032850227742798 0.00646069668784971 0.0529535553309594
0.145677233632345 -0.0320190526255012 0.089542043878999 -0.0426181465368754
0.149781903240953 -0.00290606677541976 0.128909331906765 -0.106192959019228
0.113282235736765 0.0547704715724395 0.140469845056886 -0.128460900089481
0.0840137098146016 0.0822067768918211 0.104949042336439 -0.0765976629461534
0.0463497585921731 0.136033466593052 0.049559337873988 0.0134994945824747
-0.0596590168186665 0.179703182136754 -0.00179397827738246 0.0333879937398919
-0.201867398064194 0.140510700534267 -0.011938039639816 0.0243545873047735
-0.243981306079573 0.0887895262267599 -0.0104990741707619 -0.012324366144352
-0.240033955535969 0.098696577703122 0.0144608443841331 -0.0471410373478009
-0.174840494161575 0.157389878148447 5.7909792263103E-05 -0.0742295696831641
-0.064746808199439 0.177322044327942 -0.0682823235351092 -0.05398425982929
0.0354585424853185 0.178218966715425 -0.149586065288708 0.0165574535948694
0.116763347212457 0.130786824063441 -0.178699837656913 0.0815374812523676
0.163577324089405 0.0449506026166266 -0.139153815375701 0.0813137217705613
0.160224549618724 -0.0314247936176607 -0.0624539432774096 0.03533317974937
0.183775701988339 -0.041134662427852 0.0129873870584726 -0.0402979565439478
0.20809478915819 0.015104513215519 0.0826238417269257 -0.154129569902505
0.18413270408333 0.142640490962862 0.170040391975948 -0.146446999807817
0.0415186698540596 0.267242076298235 0.162823377782705 0.0473493546054831
-0.185747944881535 0.235967913297479 0.0131150103993587 0.202549951428233
-0.283872399664837 0.0709868420782375 -0.128218584879685 0.136114241403077
-0.27014088871997 -0.0128155637062619 -0.134285301162148 0.0391209965463374
-0.221034738513352 0.0701962600784195 -0.108598468201655 0.0164732339067864
-0.104196909383701 0.235410858044347 -0.0561592166437402 0.0483654063258173
0.197482874042211 0.231556452826162 0.0106194218173374 0.0692002922343996
0.327252749810255 -0.0930293885981635 -0.0254729990042262 0.0535028385679438
0.0764331982800801 -0.279050114624892 -0.10665490124005 0.0833984836063961
-0.0970276227123035 -0.127625738769623 -0.10768649054633 0.0776702856523233
-0.00566530552173891 -0.00280300484957679 -0.108394237015856 0.025419282405168
0.0904432240260173 -0.0262291248405812 -0.0936846042871555 0.0270188364197331
0.152296475414793 -0.0357841860470781 -0.0544200125640313 -0.0473960896997052
0.122643298039055 0.0206890815627455 0.0891170767079279 -0.150733526617719
0.0701765504434673 0.0673549466011727 0.171263638732357 -0.0216495134012908
-0.00978821362790617 0.115661168211479 0.0451657313421708 0.192432804189633
-0.141717982865571 0.0935792953918867 -0.149590742779413 0.216269524690413
-0.227040932232752 -0.04751655214795 -0.270859589948887 0.0886163394811106
-0.228426586439351 -0.10852422639969 -0.25769029619591 -0.0375543673614792
-0.172300730132974 0.0398230419521618 -0.186349287749744 0.0402857809180695
0.0358183439984003 0.254223252352275 4.29477398443952E-05 0.217172443248099
0.412375967488892 0.134238756438518 0.245668390255987 0.139523728856834
0.422886268611067 -0.319815735707064 0.0711696051265389 -0.0719969981291931
-0.00325302659417893 -0.51258452013731 -0.145324773743892 0.0629228401886261
-0.282782683796341 -0.252261924155054 -0.00753407125189553 0.132293375668007
-0.155267055262712 -0.0113262506837087 0.032257628230113 -0.00455702238757526
0.0147999179501416 -0.0135748566908809 -0.0634599316386459 0.0113703643794199
0.084975917738726 -0.0212916315837603 -0.0834410111358343 -0.0591330201758389
0.0393902413049315 0.00797865607906336 0.13086774607381 -0.0968693126646626
0.0124456022286077 -0.0142189016955386 0.0936660704113986 0.139730968674295
0.0200342862661026 -0.000541463410750859 -0.13870903364468 0.174384460818769
-0.0189136981300454 0.0196165889125821 -0.206393605298044 0.0536780054368563
-0.0833562047368409 -0.0547520173060937 -0.271047508172399 -0.0234597108545467
-0.123965375433776 -0.099890453593407 -0.315576452070901 -0.133693457190298
-0.0966524970105322 0.0188060944543931 -0.23905348401481 0.0512948393526937
0.076905488840863 0.155238898428648 0.121485905305575 0.350703353919938
0.306285692821341 0.0136657209007966 0.466054076927171 0.0868032636298314
0.223713238143871 -0.259455779198732 0.0742171493392183 -0.231711855143272
-0.0543389294476557 -0.333754084266072 -0.208826252726061 0.0633673581918401
-0.225194692130203 -0.15753584302917 0.0930847018774138 0.196717776869772
-0.136943361788695 0.00579028763662572 0.190366652478887 -0.035509327510337
-0.0151172487252943 0.000183521330274932 -0.00728103522856012 -0.015988105877599
-0.0127896184059106 -0.00136839778002782 -0.0140904431157246 0.0285864365963479
-0.00504682518541984 -0.00465653089727028 -0.256075273054382 0.0556331071380501
0.0181160420873576 -0.00074992828393395 -0.174239145729635 -0.204945495342925
0.0141715414125702 0.0184705334440773 0.201406796710915 -0.117645461917777
-0.015780195424583 0.0329089695760894 -0.014235409301305 0.263678528218692
-0.0341156419867144 0.00236495962668678 -0.515912723282775 -0.000711779436933415
-0.0163745337842011 -0.00956444565971457 -0.218762164642147 -0.379072519785935
0.00605311804971917 0.0041119553926549 0.241190445848443 -0.0651183645720888
0.00154403036578122 0.0154876319841039 0.314532256294886 0.169121335673768
0.0061625556276696 0.0153300019834516 0.241080737500856 0.0745661641104331
0.00265971428414181 -0.000284746871079536 0.170047541111919 0.0291360357125116
-0.00218699805522426 -0.00269960573276947 0.206038228264584 -0.0962905076102739
-0.00987694769839597 -0.0104191805698577 -0.0308833133301652 -0.201009092895989
-0.0144850957541702 0.00198616590346441 -0.161494106187044 0.0497169173007902
-0.00506595252716941 0.0063218638668105 0.0700182303591793 0.0796086864078275
-0.0366247173717741 0.00597949672069403 0.0188323401295865 0.0167251154369971
-0.156855343737428 0.00610884024602251 -0.189092596271695 0.0615655138459742
-0.211598540467844 -0.138177566989815 -0.153099845036454 -0.162721731569799
-0.0480596689874409 -0.297137105147494 0.173524637419134 -0.118403581929459
0.209780612391786 -0.215818772949052 -0.0119006843704634 0.228197013191073
0.243009214499343 0.0133783274604301 -0.461712380134598 0.00561032566139891
0.0524176654331875 0.137719357289515 -0.185243150326886 -0.333288083478155
-0.0921778264424803 0.0235171473123094 0.225918925810175 -0.0614093467626452
-0.0963633529542152 -0.0779462785749888 0.30443939215141 0.159624854425333
-0.0566757561978864 -0.0305184176173238 0.265796121301881 0.07762157165608
0.0103392770665399 0.0133983270753381 0.202363807344404 -0.00419237552673016
0.0293597015461792 -0.0159297178946834 0.183075169225852 -0.127881498438361
-0.00565597576952905 -0.0401092107589726 -0.0596402937680194 -0.171481540931389
0.00482515394012189 0.00821231176957998 -0.151384635845439 0.0723307711034195
0.0578377166265606 -0.01015028596096 0.0717538944859517 0.0818045480745799
-0.0155815531249389 0.000406361171602959 0.0830392659299287 -0.014079112300492
-0.189011544855232 0.0143605399539627 -0.0288698108242076 0.0256288015163643
-0.330095089929344 -0.180109040216336 -0.047384523565901 -0.0978099631385508
-0.104134621218942 -0.479263460175619 0.107553023437033 -0.0994399016062139
0.348360983579182 -0.369127459728937 -0.0420607023111242 0.102729733889967
0.392700234118104 0.0480845208749683 -0.298190726224677 -0.0437851171127345
0.0509137057646971 0.233740218051287 -0.0782472110730014 -0.223053079918406
-0.176419473189074 0.0479054187517653 0.175415579689602 -0.0509014394859742
-0.201918565617451 -0.124820957380694 0.260300359619878 0.0862983812141361
-0.187186944052567 -0.0753615555120999 0.293994889018285 0.00805712634571916
-0.111431390422783 0.0452959625866452 0.225218887712711 -0.138026101803401
-0.0209806041742371 0.0789292336717029 0.0598187341075781 -0.205285508504399
0.0253589685876607 0.0504113967487891 -0.152552910952405 -0.068396716846766
0.0762814890370157 0.0449052282076893 -0.120785087215825 0.12851813854085
0.124749492496479 -0.0248170822072634 0.0583300102463995 0.0707155425418139
0.0580073027719279 -0.0158785022248274 0.119372956625897 -0.0383170140603086
-0.0476654575013874 0.00149505450296141 0.109631486420288 -0.0417006788631295
-0.178399041803626 -0.104890313571484 0.0780359686004625 -0.0769722069577728
-0.0348076770923069 -0.326075531480206 0.0574602756829845 -0.0901249557701598
0.303568003891918 -0.218840417190034 -0.0279975649372744 -0.0297223569354126
0.273196777769104 0.136910663698295 -0.0890015964928178 -0.0625440020647732
-0.0560857051710486 0.237878150862937 0.0103113552098272 -0.083539491451534
-0.226993195676867 0.0754868183339453 0.0922537496641926 -0.0350692531227184
-0.272518480620351 -0.0599006048640189 0.153422432670225 -0.0146315591403516
-0.309683360857953 -0.0144505641470695 0.187022486549858 -0.0944333082012255
-0.255868309982776 0.16190020018927 0.0895515772816699 -0.204259519403007
-0.0574168810806145 0.269513959012592 -0.110002653041876 -0.150958956118903
0.11354936770269 0.195559146752376 -0.204428498136168 0.0504218911187259
0.174962572748824 0.073119987945811 -0.112425543768378 0.137578255703155
0.170573425012289 -0.032656828239321 0.00757576487744332 0.0501986931632166
0.144651263448563 -0.032782870866304 0.088499837623283 -0.0430662495675513
0.148006044723378 -0.0033923767146583 0.126797150310671 -0.107553111359441
0.111549495065663 0.0532573253010082 0.137661928571273 -0.128581638185387
0.0829062381675348 0.0815278571706672 0.103145301272502 -0.0768647953693426
0.0446738526962558 0.133527633591971 0.0494476480148727 0.0146882510753441
-0.0592197664228978 0.177128891669994 -0.00281036345913769 0.0343409361172633
-0.198595862963692 0.137364381886136 -0.0113776546048075 0.0248427415463854
-0.237495408253259 0.0871695391982606 -0.00932770376600762 -0.0108034650396255
-0.237328275444188 0.0976519585447431 0.015051143765493 -0.0483803583702435
-0.171709980447888 0.155942295108879 -0.000550569266432378 -0.0741926917424531
-0.063856530284273 0.176353441088588 -0.0668605208705874 -0.0540012337437164
0.0361709732045664 0.177886997778083 -0.146665638350291 0.0167534344285783
0.117611650955212 0.128702193918941 -0.176035163741794 0.0824410189665993
0.162499949668093 0.0434525456508788 -0.136543897647718 0.0814336734561434
0.157691488608346 -0.032176436754229 -0.0610090420669144 0.0341402070176795
0.181085388817872 -0.0417519424997242 0.0124792398526036 -0.0388650743877245
0.204845613339544 0.0150599038423017 0.0790297962569637 -0.15282626513055
0.181048788346852 0.138921086497609 0.164870958497294 -0.146544415720845
0.041106048937961 0.262637137870345 0.160480127384603 0.0446767807722442
-0.181680651636738 0.233072564200292 0.0136174685158087 0.199078566776008
-0.279763681200576 0.0696684065422744 -0.126633144682144 0.135703346911822
-0.266987810234645 -0.0117624796763 -0.132968576872471 0.0394326033542733
-0.2180108407061 0.0690652049071679 -0.10602392678306 0.0168185462743534
-0.10116559537507 0.233910595607838 -0.0547250515428108 0.0472175407358289
0.195228910417542 0.228739698725128 0.0104841679519562 0.0669340748141828
0.321454964118513 -0.0944023829936305 -0.0238920735301003 0.0515226402415802
0.0726998173369135 -0.274616544900178 -0.104382162131447 0.0827916107663492
-0.0967862793920043 -0.124224743220855 -0.105534789782092 0.0777048873341466
-0.00311641220267193 -0.00177698489210405 -0.107703691273051 0.0264273519253542
0.0904232395691405 -0.0273208233007262 -0.0926402016840857 0.0259947230477484
0.14941035595673 -0.0353395665338934 -0.0546121672037987 -0.0440188511494613
0.119310293751628 0.0201624314957559 0.0862263991368114 -0.149854551649847
0.069458270988459 0.0649302734308124 0.16639501121209 -0.0217355021635018
-0.00903002319801536 0.112745910870218 0.0440088066712078 0.189982168088516
-0.137404582722573 0.0920748340463888 -0.147077999734714 0.212489374764176
-0.222803426844068 -0.0470276000307576 -0.266473606460538 0.0895736432361417
-0.226071143864164 -0.107605176548154 -0.253786688820411 -0.0351927587517332
-0.170873424058243 0.0390697993215964 -0.184391983109513 0.0389904893779531
0.0366560468836569 0.250262135541233 0.000711003852253966 0.21269986569596
0.407289164666412 0.128764711846085 0.243135791569257 0.135576563858167
0.414517838107598 -0.317903079488005 0.0704620477049801 -0.0717476867411293
-0.00976395488970831 -0.506746803220364 -0.142763482855039 0.0637762728303127
-0.281049084111915 -0.246481724585164 -0.0066443880603996 0.130415797344465
-0.152126536946117 -0.00902466394008807 0.0300348410417067 -0.00540343177677717
0.0157118854306134 -0.0141631324905538 -0.0632705235609187 0.0112089555501842
0.0816268429288894 -0.0208937997796339 -0.0821275759369895 -0.0567531169326098
0.037606353569848 0.0071191497879947 0.12928116513575 -0.0946552361411635
0.0115722664144247 -0.0156657391875862 0.0921079026205958 0.139007488512399
0.02084724949383 -0.00169934147202589 -0.137906422414721 0.17287254204316
-0.0167025435874872 0.0184483884758229 -0.203673524255423 0.0545022654571507
-0.0818432945770798 -0.054429001351815 -0.266235652467948 -0.0217631399876359
-0.123010378984859 -0.097570989543955 -0.311410293643783 -0.130724896042796
-0.0958340352279335 0.0178348888369116 -0.235751485012161 0.0502621778907113
0.0763739705384078 0.152695664252686 0.12129162693777 0.344997243956384
0.302417847306328 0.0106031067282871 0.461073214571361 0.0825055006004025
0.219230775613569 -0.258098517027374 0.0710178209192965 -0.228319596242691
-0.0576638252787533 -0.329542038572958 -0.204292653855034 0.0652925506708686
-0.224030752279077 -0.154195844000693 0.0943254243050734 0.192133843613602
-0.134666601749183 0.00773194282291285 0.185663602346984 -0.0375481444963638
-0.0140620697174191 -0.000313770304710957 -0.00836578380672355 -0.0166765179228848
-0.0136160709500225 -6.56853123649212E-05 -0.012493565244083 0.030531078094753
-0.00400060569992623 -0.00484007840784997 -0.254401741287537 0.055837272887084
0.0181525960386631 -0.000775902570760668 -0.173895471355541 -0.205489464354132
0.0129435219223974 0.0184255456202054 0.200283341442043 -0.117977483608771
-0.0152106647195888 0.032478849618296 -0.0165431439195778 0.264139351596481
-0.0353856009448046 0.000916142298880334 -0.519457683871163 -0.00184486063201094
-0.016074010105636 -0.00859171112016865 -0.217021375546655 -0.379455279046239
0.00519400232569097 0.00379852630881511 0.242202250583244 -0.0607513675076562
0.00175954274043622 0.0158262889773439 0.310627558440175 0.170121519221191
0.00588959311626411 0.0167011894127248 0.238769245034573 0.0757718856633836
0.00248933196596734 -2.55046281253737E-05 0.168429676330167 0.0300510050069771
-0.000889221731084273 -0.00311539369839415 0.208590882600367 -0.0952525874339753
-0.00985927971880029 -0.0103021671966394 -0.0280451719738771 -0.203498760184288
-0.0139780801095774 0.00190180808164675 -0.16301746485549 0.0481505187701721
-0.00384064013192939 0.00578051287938211 0.0695240019298732 0.0787915177678787
-0.0358943179762819 0.00594417378585988 0.0195981970438542 0.0165901666368713
-0.157694426021554 0.00591802620144186 -0.187379316497064 0.0598192594998553
-0.211027841972371 -0.138664128685351 -0.152026625963451 -0.163302912923895
-0.0478037979035984 -0.298180237337019 0.17327442181564 -0.119077037452461
0.209697349000004 -0.215883212291525 -0.0123718597800388 0.228097080998976
0.242204183454289 0.0153707399883673 -0.462414262519891 0.00400776838101185
0.0515292573332272 0.13791769443432 -0.182971005484845 -0.332719336979881
-0.0931372690753361 0.0226661939782253 0.225891194482678 -0.0581083926547255
-0.096040164764962 -0.078742377258168 0.301779121241111 0.160337479307052
-0.0556033034485317 -0.0303861282043406 0.26414576590198 0.0779045849329368
0.0124090757519416 0.011932833622894 0.200034894945552 -0.00152788906143078
0.0307627796413851 -0.0178272443752126 0.184325451937776 -0.125916005334879
-0.00660414043159145 -0.0408116163514264 -0.0563584498260473 -0.173314947656422
0.00407785680417566 0.00793194283149243 -0.152507209181242 0.0692542750272844
0.0580533390035764 -0.00935193844970716 0.0719257562980372 0.0815946079947864
-0.0151084823908318 0.000152471443911097 0.0835993473082796 -0.0132366484408837
-0.188497142665391 0.0138538033335362 -0.0268325229599068 0.0250504468020061
-0.329687258311261 -0.18434153619851 -0.0448727333371014 -0.0985519554523555
-0.102947327423476 -0.480008770290476 0.109145848411931 -0.0998616071038202
0.351678213415356 -0.368216734792669 -0.0426184346707898 0.103427321708355
0.390636713800112 0.0505007581104599 -0.300125822094147 -0.0448583797360901
0.0485618601409424 0.233882750544162 -0.0764100729821462 -0.222217908719985
-0.176372326444402 0.0458101979037561 0.174457533623537 -0.0497340072725394
-0.202287443090935 -0.12748035753278 0.259285604364512 0.0868858374491927
-0.185918931547224 -0.0767226089407707 0.293621437820028 0.00879113144296712
-0.109638042212692 0.0440823692974032 0.225441593299042 -0.134738437950961
-0.0186378456015637 0.0762815295392224 0.0630950263222187 -0.204560619204616
0.0225623353786429 0.0488126432549536 -0.150408091236301 -0.0692877779438735
0.0747806228977743 0.0456105064773785 -0.121343323809283 0.126955214490112
0.123899906255504 -0.0235818200243322 0.0582108372867996 0.0710959431242401
0.0604039064935101 -0.0160058506794044 0.119451756079118 -0.0363674970189774
-0.0453395435695102 0.00118801932155045 0.11101456962696 -0.0416728401377932
-0.176167402815334 -0.104449530670687 0.0792177687012154 -0.0784159984019025
-0.0334377199489554 -0.325447055387771 0.0589908342746299 -0.091018166544845
0.305590274737829 -0.216114821517788 -0.0276144165598503 -0.0282355170799934
0.269668830773484 0.137837881586062 -0.0890551512028505 -0.0626949868674587
-0.057932700185694 0.237261147105578 0.0105896672088564 -0.082286271866343
-0.227288397312731 0.0734536904436158 0.0927618193106218 -0.0335760266593798
-0.271187384175733 -0.0636629615629943 0.154420968123759 -0.0144035046152624
-0.310724330265456 -0.0160921394513503 0.186969767087646 -0.0933905224260973
-0.255558451963359 0.158086384346185 0.0902066903719225 -0.204601408991844
-0.0571810173215 0.268905874835657 -0.107669808114286 -0.151291123470942
0.11093851057918 0.194142377239912 -0.204230573651338 0.0498173436164925
0.174197643637999 0.0748311129975228 -0.111353825612507 0.136773013007804
0.168676987864265 -0.032339265781614 0.00763524520039818 0.0488935877528309
0.145878373375215 -0.0324285032877037 0.0884054972341685 -0.0412961209892804
0.150246690108391 -0.00294840975384121 0.126619388651426 -0.10711602608766
0.112963205349751 0.0545206979823488 0.139333750719988 -0.130601454636693
0.0825529787882886 0.0825311365867283 0.103701353915578 -0.0769594176135593
0.0435629263401545 0.133979576041345 0.0492962376479206 0.0146693570619262
-0.0623319388591015 0.176665115801055 -0.00405449540774644 0.0358801035008497
-0.200600225261532 0.135182584548892 -0.0118011386712793 0.0248757700456349
-0.239311126530488 0.0850983469345222 -0.00915479794086971 -0.0104428040787078
-0.238465795070823 0.0957726846885348 0.0154084357676803 -0.0488246294753776
-0.172245317958123 0.154967538663485 0.000215923426565656 -0.0753180262046932
-0.065799655840123 0.176304995173237 -0.0661053129273723 -0.0551209953797592
0.0357131270602849 0.178892383448314 -0.146301290885012 0.0155483990074035
0.118142965460503 0.130181502323333 -0.175562987349919 0.081824019494243
0.163647054901551 0.0454645930345454 -0.136439729909944 0.0812355799457361
0.158192250933082 -0.0310613218043234 -0.0615170251292632 0.0325803158749191
0.1820329125071 -0.0408986343376404 0.0125463480909669 -0.0380949719666518
0.205498753276295 0.0165988651589188 0.0794102966289067 -0.151580148322525
0.180540552447809 0.139779241054422 0.165239814584799 -0.146068561787795
0.0406355599011094 0.263241849188332 0.159166296549092 0.0456390162135184
-0.184029705246041 0.230932622757728 0.0128780095650134 0.198657439191123
-0.280284298332279 0.0674213958985405 -0.128138860014739 0.137075143338303
-0.267338133308061 -0.0145376327702147 -0.132833414684936 0.0401564659793646
-0.218900195708212 0.0659213575326856 -0.105538286160478 0.0158161783777893
-0.102172308088333 0.232326830387802 -0.0550205199067467 0.0456005358077205
0.193055739926766 0.229243923158766 0.0110946634688974 0.0662468025071114
0.31953143904812 -0.0927073126794282 -0.0235235906794407 0.0513353659311244
0.072154035787256 -0.273050672585719 -0.104687606625729 0.0833945721121192
-0.0948782028026658 -0.123914979946618 -0.106944609873155 0.0781401626259282
-0.00149914461162998 -0.00149103714968265 -0.108641494505132 0.0257515388570604
0.0914314758014872 -0.0276164687944485 -0.0939216583877125 0.0236176877090825
0.149144542128227 -0.0350721842454299 -0.0536887228084791 -0.0430428290626701
0.118012595118382 0.0222087909538349 0.0861983045420818 -0.149261118389526
0.0675588776600931 0.0643827616287424 0.164675570994761 -0.0203669778150093
-0.00937146652554296 0.112461140121156 0.0412254649636154 0.190088693299553
-0.136339306509993 0.0894867073803056 -0.148455660960613 0.211322041699811
-0.221023226409685 -0.0482788726038352 -0.266048950836662 0.0880011334344825
-0.224572758510684 -0.10825999847067 -0.252455883720235 -0.0359934410111562
-0.171520987852377 0.0363906346247793 -0.184040758912855 0.0361126874809416
0.0352488041304018 0.250093256171948 -0.000485008253387567 0.212782106047036
0.406578285349353 0.131495375656112 0.242924604463057 0.136653353424096
0.415922853158652 -0.318098689199989 0.0711819201341929 -0.0704422010503785
-0.00891099044491473 -0.504318712453617 -0.141970259281039 0.0642212751590528
-0.280800621382441 -0.247424595342763 -0.00739925892923015 0.129919553895203
-0.150221831814171 -0.00954312927837873 0.0279023427041704 -0.00522483806746982
0.0167963536004901 -0.0155568106332659 -0.0648801469048322 0.00899053594214396
0.080856784604599 -0.0188810726858147 -0.0809613705900491 -0.0563662057344117
0.0365763578987055 0.00675017889115482 0.129916198923984 -0.0934398886513146
0.0113879148389456 -0.0172145115963246 0.0899162584175704 0.141740076268716
0.0221890311665393 -0.00261597714539316 -0.140300350069826 0.172656689852662
-0.0139572094920002 0.0176480105264736 -0.20221430321676 0.052154567999492
-0.0799658108413489 -0.0549173448128867 -0.263743040341346 -0.0231966259725031
-0.121576323432377 -0.0981611390256633 -0.310312878307749 -0.131143192652102
-0.0965836473615827 0.0169539581458875 -0.236201019021739 0.0476412082879561
0.0741698654200425 0.1541515809149 0.120515144007544 0.343574800370716
0.302372876901745 0.0118354932162243 0.457984861332694 0.0833661547766156
0.22117557175381 -0.256969499703531 0.0723013278449337 -0.226975459845756
-0.0562220357275791 -0.328462170440366 -0.202255466200339 0.0659412521093512
-0.223240256912478 -0.154435772904642 0.0938280946428959 0.191682566349352
-0.134445033164393 0.00671579373384989 0.184514703909837 -0.0374852688980116
-0.0138987476449465 -0.000733086871473584 -0.00965752462414995 -0.0174454637185832
-0.0136823381166316 0.00052742108246148 -0.0102646813367405 0.0321703640643242
-0.00418096194313509 -0.00473148088737615 -0.256500612648817 0.0592117761686138
0.0185260513403503 -0.00229349127139096 -0.178695936683164 -0.205776937351075
0.0127984075666088 0.0185463376260395 0.201310408193079 -0.121465797001043
-0.0148801043761221 0.0313590845460803 -0.0158239855724857 0.265370655201417
-0.0358109867326442 0.00246927912358205 -0.526305557305711 3.28851156085481E-05
-0.0171263201875119 -0.00789033057490188 -0.219613339804638 -0.379392132255853
0.00489843200338519 0.00358147739923227 0.245781259930125 -0.0618465602472063
0.00098358599459417 0.0171805867222786 0.313429964763633 0.171161732780799
0.00619920766680039 0.0170889113504007 0.238291013475033 0.0757303798571169
0.00286896598796517 0.000107121666532975 0.167481537628004 0.0316153921236812
-0.00151669426963509 -0.0036793028269018 0.210517548757076 -0.0958274131345569
-0.0116716898254808 -0.0099614068368468 -0.0285311159463758 -0.207665604216551
-0.0142926460998262 0.00255034789044088 -0.165229725153844 0.0480203963296543
-0.00392236895988637 0.00596869331631373 0.0705730565822008 0.0801656457779831
-0.0362508179711049 0.00537159447994085 0.0214432240119402 0.0179830028347709
-0.158169145453136 0.00842763120409154 -0.187740938063404 0.0617235919646134
-0.215776308308703 -0.140032733112107 -0.154963932040542 -0.163585393094212
-0.0512171951356733 -0.301290328545409 0.174700831858785 -0.123238838722502
0.212509901388732 -0.2195766564489 -0.0128560098418678 0.230878520775283
0.245246395530687 0.0136477371393555 -0.471972008355936 0.00761020004021745
0.0520007558794173 0.140121963190422 -0.1863757288427 -0.336165150943901
-0.0946085102903646 0.021859125775084 0.228800906542974 -0.0580696035718704
-0.0973553619560875 -0.0791286018367423 0.304408519352618 0.161514196897731
-0.0560769153452948 -0.0294767376042356 0.265070751506 0.0767786678101751
0.0147069821067975 0.0109673846609974 0.200349191624441 -0.00241879445316723
0.0320521245871858 -0.0193366585995013 0.187091492182481 -0.127283281831733
-0.00886679874299408 -0.043222827220699 -0.0558061815843703 -0.175435255865915
0.00301202717201381 0.00749821742012373 -0.154467897069662 0.0713638502393893
0.0592859543358932 -0.00908704446977728 0.0731292397255137 0.0816762129739543
-0.0134868841525333 -0.000499514847855994 0.0853589241009527 -0.0128539440675689
-0.190067334085134 0.0156642394370298 -0.0251460287585969 0.0245667107093666
-0.334779344129444 -0.181954023682277 -0.0453560427522168 -0.0991385957245608
-0.108265378286237 -0.486500330906684 0.108998172943137 -0.103551997317202
0.352753630259922 -0.37609468195268 -0.042460866806911 0.106655507357053
0.394659395014353 0.0478701883720115 -0.304534632119847 -0.0430684675596146
0.0503688695723678 0.235576560007605 -0.0795671350197761 -0.223745049504989
-0.178447235777582 0.0457156888072644 0.1781300290892 -0.0494914306590496
-0.204838483142812 -0.128398173585023 0.261428563728016 0.0864443380124103
-0.188471072410651 -0.0761878418377231 0.295510526010424 0.00821016852355323
-0.107501630478026 0.0432038042269946 0.22609506380052 -0.137722150814286
-0.0175140627338718 0.0750951785820431 0.0643945988296321 -0.206489891013979
0.0228622232788005 0.0476562630352445 -0.151575508589478 -0.0706647675767147
0.075344381726632 0.0457559709251285 -0.121600472903193 0.129399136915071
0.124305626313488 -0.0245664844694835 0.0595762029551302 0.0711113086430658
0.0611955887624027 -0.0176794648371488 0.120218215282943 -0.0377156520190823
-0.045713101406737 0.00153992106655368 0.112808630610321 -0.0436692508493409
-0.178891718663913 -0.104465360109277 0.0811474075714652 -0.0804263450692538
-0.0371708228779924 -0.328808376939901 0.0600419410029988 -0.0928370960165238
0.306863640213902 -0.222305328083859 -0.0277734425545865 -0.0283503252317643
0.273990915628727 0.138300752162045 -0.0911385209737759 -0.061774610277359
-0.0595249665748749 0.239627041013691 0.00994150241277127 -0.0817568266424285
-0.229912070265797 0.0720119059491015 0.0939347762301142 -0.0336835630646938
-0.275669881701665 -0.0641766032070246 0.155456170771214 -0.0152296227966568
-0.313331607452685 -0.0147763027359747 0.189903450206688 -0.0965052989159559
-0.257251006926993 0.16156561144426 0.092373196573816 -0.207781640851183
-0.0562982391768388 0.271069651846127 -0.108745872629661 -0.152938919273181
0.114079436186604 0.19537301091405 -0.205447087082547 0.0525634872138777
0.176091876353521 0.0746968860442847 -0.112131615529047 0.138612772890866
0.171289086686088 -0.0327640661712859 0.00818103489743799 0.0489609783313544
0.149192500291443 -0.0346491570527884 0.0889443032431338 -0.0412754275768002
0.15314162201832 -0.00389784916675749 0.127235973436622 -0.109053929733871
0.115934248294156 0.0544929309116238 0.139981926807547 -0.13410504916256
0.0831994949942308 0.0847588845653192 0.104029919537444 -0.0798981798829992
0.0419818598617712 0.135453530102836 0.050213629476264 0.0160884875530933
-0.0627018777966272 0.177905576617604 -0.00386860752623123 0.0372980365139405
-0.203740820268318 0.137198288850075 -0.0118851122864149 0.0272032174158707
-0.241309776668981 0.085438302693372 -0.00802156878416892 -0.0109993272278516
-0.240503644915235 0.0974778679259294 0.0160350502524696 -0.0504768665502992
-0.174305013812956 0.15765831020138 -0.000410167698160646 -0.0770283407220771
-0.0671307129963091 0.179227641765498 -0.0673589210637936 -0.0570811228595969
0.0364615615947326 0.180930259096636 -0.147973301607542 0.0164199649425567
0.121413488210414 0.130940019956511 -0.179414765247399 0.0850922820478109
0.166981915132124 0.0453764871857986 -0.138223542884379 0.0839151413191887
0.161031107007823 -0.0332316553032125 -0.0619549012667159 0.0313438553847415
0.183414328780631 -0.0440600949975629 0.0114864936077694 -0.0369472082562224
0.207966849948682 0.0150563476619227 0.0794741982414725 -0.15398300108641
0.182656330959168 0.140300297777746 0.164235568695348 -0.149745692272465
0.0411373477218107 0.267137194726955 0.159339645619524 0.0455157899982143
-0.185712919063275 0.233704300934682 0.0122750466796371 0.201292322442207
-0.283787593518173 0.0688801037657606 -0.12906186708361 0.140836431694149
-0.271936192903016 -0.0151525147279395 -0.134025855070542 0.0422303198273709
-0.220781952836095 0.0668789306152039 -0.107273870933169 0.0167309867444498
-0.101999748531989 0.236173137953187 -0.0551263345824838 0.0446402331095149
0.198260575436119 0.230076637496573 0.0109305937567394 0.0650711808672943
0.321352082766888 -0.0943053152920444 -0.0226340648569645 0.0507637320306751
0.0697515499779036 -0.275183411696997 -0.103845441792706 0.0848269097939585
-0.0957264566198497 -0.12423558859755 -0.107715928470478 0.0805387313935394
0.000666896219149581 -0.000785451436001395 -0.110184013230637 0.0276758783567237
0.092876290603051 -0.0285681383017041 -0.0951916100435086 0.0238937015003926
0.149448106868995 -0.0356200869532938 -0.0539631081756289 -0.0428561558589894
0.11833155750202 0.0222115807628769 0.0858049358841008 -0.150443956754512
0.0668146790345319 0.0634529779603295 0.165191093011172 -0.0202139129742345
-0.00846477651214332 0.111813245931094 0.0415602193014352 0.191898096353843
-0.136968073878075 0.0892557648432914 -0.151491840563936 0.214934415171718
-0.223550209387644 -0.0490311186477701 -0.267820242614367 0.0903770993774693
-0.227981041904892 -0.109590133531498 -0.254111517857596 -0.0352817402579146
-0.173717299900102 0.0367038318381996 -0.186412386530703 0.0367579341258882
0.0355741110534362 0.253280667486613 0.000231854889284212 0.212980167050233
0.412967584488069 0.129560116852535 0.24693698519321 0.136491092153187
0.418374188633112 -0.322853318029775 0.072315923881398 -0.072418413918868
-0.0138817991694915 -0.509919948400747 -0.143065060167169 0.067422028477888
-0.285907204898887 -0.247769517006881 -0.00705107968807001 0.132062923401704
-0.150481304374134 -0.00769154723965535 0.0270478132425563 -0.0060846738324548
0.0176645079801824 -0.0160653653110953 -0.066593548712559 0.00881646133947917
0.0806847672863797 -0.0202590542624679 -0.0815275485631208 -0.0562768909164161
0.0354838836401537 0.00645032494495645 0.130616435663503 -0.0941894926366104
0.0110897904969577 -0.0188462999585104 0.0917082736226321 0.144573334711262
0.0232485279236299 -0.00377275443788267 -0.143397313221885 0.175605832161229
-0.012983512462292 0.0169074346169569 -0.204261072750408 0.0524252773179587
-0.0799258539276591 -0.0559829010078234 -0.265100216883455 -0.0222078793339068
-0.123748416735582 -0.0996990491999017 -0.313709641436158 -0.131431014412674
-0.0985601913135248 0.0164370071141264 -0.238768032478409 0.047309373572827
0.0755278183287315 0.156292793127694 0.121331900277697 0.346907246673529
0.306224716805984 0.00952726571337923 0.46500243668263 0.0817488029112444
0.221976515505703 -0.26194601040334 0.0724917809712332 -0.228774234842613
-0.0593947444362884 -0.331384774723838 -0.202576466389932 0.0688041189144312
-0.227486777912937 -0.154918355294644 0.0974439386703218 0.19254643550555
-0.135242306974022 0.00783616469192969 0.184692957191507 -0.0406422377135579
-0.014051255061918 -0.0010949809006319 -0.0113838459753603 -0.0189116517057175
-0.013631311366541 0.00100602473824784 -0.0103191920635751 0.0346284118561957
-0.00294935117962032 -0.00244816772712024 -0.264983530667716 0.0524476279325868
0.0174784692476487 0.000514177736103781 -0.177563079843059 -0.219137784818282
0.0123305077329954 0.018865081928713 0.208722368845267 -0.117680638068532
-0.0154218235410888 0.031408237282134 -0.02615294830597 0.269898999691418
-0.0388256035377473 0.00414101177379644 -0.538460299025523 -0.0188144835020699
-0.0185121747624809 -0.00669029275139214 -0.208392650861403 -0.394588852121864
0.00367423084658452 0.00352602811473026 0.254513537362052 -0.0505300948813013
0.000589849032393041 0.0185752094677929 0.311973438711094 0.189494495039139
0.00558015586257148 0.0171425541892221 0.239786420745346 0.0889754770349035
0.00166979718135212 -0.000945832423886202 0.168883466910521 0.0415589584539085
-0.00309608829993851 -0.00418662710143968 0.225973747047004 -0.0886902195233778
-0.0125679454349309 -0.00848444837423435 -0.0169258781332505 -0.215697451024531
-0.0118563611152819 0.0024436677749372 -0.174537418551281 0.0399326512363388
-0.00355641084256963 0.00449972682831707 0.0681996544977238 0.0855985805631082
-0.0363736104639476 0.00436648929092835 0.0230495090805712 0.0204839203437013
-0.159627071605861 0.00366041195151925 -0.194254495180386 0.0574930126288022
-0.216357895974528 -0.149838395130337 -0.153753980658148 -0.17300055708293
-0.0384123432298961 -0.311075310930741 0.183143668272279 -0.121495265821466
0.224968760226043 -0.21595665133572 -0.0214814606461518 0.233931089356369
0.246704100413793 0.0268447157112113 -0.481680596543201 -0.0118248577499801
0.0465849980842179 0.14487346405243 -0.176067417325342 -0.347432829214781
-0.0972727795623214 0.0182259624832609 0.237159155672555 -0.048778912899784
-0.0971445017993088 -0.0849412907158232 0.304000117916457 0.178371681808468
-0.0549495424114449 -0.0324404465261421 0.266625061747155 0.0913622059252349
0.0144764509675435 0.00964312713188653 0.204916950702176 0.00877930271240478
0.0325765691323227 -0.0198279350810963 0.202211207101944 -0.122031621177956
-0.00869261397710637 -0.043272086828991 -0.0462724375883437 -0.18416828313729
0.00479848605908147 0.00847647596381976 -0.163465582164109 0.0646189072342234
0.0590871525159131 -0.00786715320378549 0.0707290851070563 0.0882806156042117
-0.0132897871299144 -0.00189641869328074 0.089160776179315 -0.00981380505483865
-0.192369125108655 0.0084052833324952 -0.025353457775098 0.024082221071205
-0.332351132747845 -0.198185354599421 -0.0420449270946681 -0.103974654878646
-0.0886532481982984 -0.500209438616956 0.114832898902784 -0.104254259323457
0.373840722903292 -0.367942274072401 -0.0462232451010804 0.106110796842107
0.398309100436048 0.0669065810058226 -0.3096938655707 -0.0568042820544857
0.040027047664123 0.2432925811602 -0.0712473383621195 -0.229237940750785
-0.184064197199441 0.0388209285487121 0.184467871167381 -0.042919659711263
-0.203540031808558 -0.138084224187967 0.265218606247737 0.0984844440928014
-0.188180083894368 -0.0847082172487146 0.302919401285543 0.0194005898703858
-0.110679779899224 0.0401186646686754 0.239699079563568 -0.130918312522181
-0.0184903178490203 0.0744508973227892 0.0783703958567865 -0.210303358475569
0.0209341075385814 0.047661405009015 -0.151116995675829 -0.0794918893230811
0.0759784131006422 0.0476842442727854 -0.132862939525747 0.127629249955263
0.125344901857666 -0.0199179641390808 0.0578061945089489 0.0758900184579232
0.065419463760373 -0.0150159646640746 0.125400285555283 -0.034234459354617
-0.0454448449437851 -0.00142943636052958 0.120034114183392 -0.0416202522289983
-0.176829192618108 -0.113723807100513 0.0872025581385616 -0.079733503750159
-0.0227062241821623 -0.335764456383591 0.0643642851083444 -0.0958133149346225
0.319427926914239 -0.2112034751258 -0.026813626628118 -0.030326652620813
0.270392055483883 0.151916402766779 -0.0909585801733724 -0.0658485209612412
-0.07104814753676 0.240526204451498 0.0133638679842168 -0.0809799738854014
-0.23632760828162 0.0637317829016669 0.0969703335929252 -0.0296975576194519
-0.279002193792527 -0.0761825123145077 0.160707981639582 -0.0112020141007966
-0.317933246028597 -0.0265778855123711 0.200100571717601 -0.0930932183327102
-0.267170794877236 0.157685978311707 0.10310855781263 -0.212827513509787
-0.0639712601616521 0.275101642222947 -0.105783333350019 -0.164754857005381
0.110923374696038 0.200481497061493 -0.215406446893387 0.0449188798474096
0.178214335077409 0.0798793385345522 -0.122033127229364 0.140220135318062
0.17268130917532 -0.0268808001067641 0.0067563680364834 0.0515508803167294
0.153548806156886 -0.0282740092714144 0.0927991669895454 -0.0378497504017866
0.155824088974963 0.00214681304600578 0.135826749848591 -0.107987529869635
0.115097231066716 0.0596241160699818 0.148039888763559 -0.13469361854583
0.0796707585186143 0.0907500251183189 0.109554171956821 -0.0788864689271789
0.0363985051165514 0.140439719328194 0.0511344114651953 0.019784227045933
-0.0723183468377151 0.177833357678415 -0.00598677139118381 0.040551333606157
-0.213092259667029 0.13034120365108 -0.0125884208135368 0.0284779261048749
-0.248964699264766 0.0749472623930054 -0.00760477205186659 -0.0119232940225001
-0.248679478810569 0.0903095936388961 0.017487196211004 -0.0538114653273494
-0.183286478748957 0.153937228990152 0.00327944833923097 -0.0814618172023564
-0.0736310869711669 0.18170284905864 -0.0677690278553217 -0.0642697082742393
0.0329676731555452 0.186893755421378 -0.153282027449202 0.0104192593093764
0.121396611247987 0.136661406786229 -0.189285643491771 0.0799822554802116
0.170047757117594 0.0514855186797464 -0.147127431286946 0.081825453734068
0.163920547756512 -0.0273251238414727 -0.0660123970057187 0.0291077080230058
0.188724897371441 -0.0340316875515696 0.0134705355818397 -0.035528518503696
0.208517240684249 0.0252684747680747 0.0880733607744331 -0.154973348109365
0.176808584989455 0.149278806640442 0.173914482039014 -0.148659484896594
0.0295194120152179 0.272658474002615 0.160767946348583 0.0525738892186357
-0.199182221273557 0.22964209817024 0.00442317603247545 0.207553349123738
-0.289653529082097 0.0576248590018412 -0.138252000112688 0.14115014148884
-0.275912788459276 -0.0268655147500793 -0.137797458929188 0.0385508644914784
-0.22849322999835 0.0566784248433043 -0.109731366605279 0.011524580427038
-0.114065251406608 0.23491746430754 -0.060718839080521 0.0414987852025002
0.1921624615929 0.241858630992464 0.0072018639308204 0.0679149656684269
0.330065001522063 -0.0863618459192155 -0.02522043253362 0.053752570826311
0.0790748386867152 -0.276852991664719 -0.109822680259172 0.0850410274493733
-0.0913310632757406 -0.127822495308401 -0.113112132035186 0.0765269415813808
0.00378355836555896 0.000377126701387398 -0.116240523396822 0.023556114487421
0.0970020724466245 -0.0253488695521643 -0.100813138850444 0.0188776330546648
0.153457742740757 -0.0280672416060824 -0.0546496255732949 -0.043411353955157
0.11568175063018 0.026655777438298 0.094517844612195 -0.15206890780824
0.0636283469253607 0.0652183406205165 0.168946108387111 -0.0140583513931975
-0.0116797008240867 0.112750755035451 0.032581365876129 0.199635043204216
-0.140442853357529 0.0843834573044454 -0.162714437812048 0.213003649438214
-0.22235115622459 -0.0582332338298414 -0.276987530723339 0.0822183518351177
-0.226561149452517 -0.121180013188136 -0.257650102452896 -0.0451730406273982
-0.179325727940497 0.0287787749462242 -0.19211190182733 0.0285062612676312
0.0273013183691929 0.260727715578798 -0.0107172448522471 0.218397844304254
0.41491642456908 0.14609606458553 0.246643014669926 0.152906956889077
0.437194225586521 -0.316039902466662 0.0801938714423484 -0.0663237980718891
0.00442103688634466 -0.518301782421705 -0.146408967184841 0.0648730516209973
-0.281235598089826 -0.260505756612366 -0.0100062682672246 0.133422536842714
-0.151149098345073 -0.0127109535741492 0.0271667146887017 -0.00648706310672775
0.0198794195215242 -0.0159679754807474 -0.0705767120516701 0.00653643896518475
0.081563520118242 -0.0148758003389365 -0.0811582394608999 -0.0594698956610076
0.0327802953274851 0.00741442465131976 0.139714370848753 -0.0901826126059085
0.0116981576119136 -0.0206696362769138 0.0869547971950727 0.154678828432501
0.0248465395593534 -0.00361046332488974 -0.153908854425215 0.175088336821708
-0.0115501187875044 0.0167192916380881 -0.209647717355928 0.0456143088137846
-0.0780879037602808 -0.059629299799437 -0.26692170266468 -0.0342126182705768
-0.121307961152636 -0.105516038469877 -0.312668488978852 -0.147277190194501
-0.101789762361442 0.0121259644776695 -0.246611861161756 0.0375450796579893
0.0714598618586942 0.163087392241724 0.108979160265305 0.359499464022046
0.309109866592709 0.0202890519139102 0.476250088195291 0.107357388855964
0.232941456483237 -0.2578704621001 0.0882212354423421 -0.229238191978367
-0.0486970114247168 -0.339388535514004 -0.209892312185964 0.0632551970848166
-0.225799222609753 -0.165846536190918 0.0938186823217082 0.200066386522559
-0.137528266442626 0.00258363343436334 0.190972946338951 -0.0350313104418569
-0.0135301434533201 -0.0019351555891083 -0.0120191258875644 -0.0214189763169362
-0.0139450706608004 0.00195664536034291 -0.00713223059200465 0.0365563066305093
-0.00311150486048606 -0.00261936949195009 -0.265598557868472 0.063434629186638
0.0166140089406962 -0.000835168322599908 -0.187420254909305 -0.215988231461612
0.0120857336697269 0.0189379167580147 0.206228338775389 -0.126353224342375
-0.0146905391416629 0.0312669446949432 -0.0196204472138239 0.274637366980891
-0.0400056482467585 0.0040072349468843 -0.548970586529231 -0.00272202394613193
-0.0177995716230692 -0.00540021559489995 -0.221539024860173 -0.394300596170232
0.00298165038467755 0.00316894265158371 0.259215440416625 -0.0570293593696796
0.00138196266737347 0.0192935715711356 0.319677155259273 0.183851290027306
0.00730049217909813 0.0181905090842473 0.241867234783275 0.0831030843640993
0.00190408650014343 -0.00097909504221066 0.169363138713777 0.0389831877169656
-0.00321469126876891 -0.00477120070494979 0.227577506725882 -0.0952432237102737
-0.0145655738346626 -0.00843501958551933 -0.021323956909547 -0.222150842803345
-0.0124988935895506 0.00197236338541306 -0.17698320957117 0.0441953653752609
-0.00262026290569445 0.0046978184983761 0.0705478707627337 0.0840288744447246
-0.0364504097441346 0.00615413380018807 0.025022475026329 0.0218852753623729
-0.163365632571368 0.008463140416814 -0.194809112893257 0.06438705921123
-0.223590123651473 -0.146137123283331 -0.161234642528931 -0.171285831884936
-0.0503475375455498 -0.315081277549198 0.181520708516004 -0.130214181996803
0.223286528840313 -0.227319900303971 -0.0144410570690862 0.237738361014635
0.250813070653408 0.020818558496011 -0.49134674715118 0.00346427569308722
0.0501514563171757 0.146874734376669 -0.187054513165587 -0.34766905469893
-0.0989964858550485 0.0207496295213947 0.240302537718288 -0.05541940738248
-0.0999533358784642 -0.0833006463420396 0.312002507187356 0.172754215581961
-0.0559897377670797 -0.0305736492204918 0.270666694211128 0.0844371970825861
0.0168647838973626 0.00782992231186457 0.205209349125355 0.00330236574477036
0.0344703066989435 -0.0222477168064832 0.203589205099979 -0.127155327929323
-0.0117711696053719 -0.0448233194525998 -0.0493690493965011 -0.186577510594198
0.00327101293143346 0.00769024957274771 -0.164910654652928 0.0694998242322791
0.0601234559241539 -0.00872876391701568 0.0739322031321671 0.0876281594914882
-0.0118254724080614 -0.00206091029141289 0.0912615154762732 -0.010704090629163
-0.194770722134286 0.0143535728067807 -0.0236954411378778 0.0241240879302125
-0.347114032959228 -0.192456442519042 -0.0441826225007204 -0.1050593644757
-0.107780808211142 -0.504925669018094 0.114284494361109 -0.111016741235937
0.368980408649674 -0.385076761978615 -0.0438659511133169 0.108955920470413
0.405659723130794 0.0564159592540521 -0.316558819379759 -0.0465374414209512
0.0460701518865959 0.245413164130561 -0.0775539828497422 -0.22962707200504
-0.186621992490063 0.0422142517710396 0.186435005613717 -0.0468053199864432
-0.210499738768776 -0.136008796301917 0.271462337053964 0.0938449752821546
-0.192872274079574 -0.0802602367057136 0.306784630328771 0.0127048781095341
-0.109003491754694 0.0419538467176768 0.238020455186368 -0.137888083969916
-0.0145567850908087 0.0739422717244986 0.0749976777755584 -0.215446204709868
0.0206550168245165 0.0475511888731736 -0.153464022892958 -0.0754149854824135
0.0771112420549044 0.0452341573925227 -0.130631562178437 0.133307681931956
0.126271585407103 -0.0233878170570858 0.0617438462114503 0.0745638803543627
0.0673194425768694 -0.0186824653338335 0.126165821885729 -0.0368991878140945
-0.0436471551908038 0.00115882494904609 0.120470505806085 -0.047442668122833
-0.181835921599626 -0.108805948998299 0.0879510864981193 -0.0867328606933141
-0.0347300187400771 -0.340029124257283 0.0628424070007961 -0.100141049333268
0.31756227829119 -0.225372051604921 -0.0272734706396859 -0.0294116720811627
0.27905959057231 0.146205728848019 -0.0949449357994003 -0.0627236323174884
-0.0676814101564264 0.245901696754785 0.0125171339745564 -0.0818225532672314
-0.239195090361435 0.0684381521828377 0.0986824048594332 -0.0319761484409716
-0.285189883396971 -0.0715263477515687 0.163765105849376 -0.0165710584675098
-0.322736920544524 -0.0195529623346637 0.199666117008014 -0.10028630680724
-0.26540255705294 0.164746668792436 0.099951770226696 -0.219008939370544
-0.0549324282712336 0.278521598639291 -0.109972745519676 -0.164888013130223
0.117682103339511 0.199464013226305 -0.216193929804062 0.052259360378445
0.183520641028441 0.0764774088248593 -0.119410896769647 0.145063360364361
0.173840462365515 -0.0316193714573794 0.00825051454541252 0.050389690205692
0.1559271446552 -0.0345328568266364 0.0928073309396255 -0.040276197174292
0.159929814596438 -0.00179185190564238 0.133269202474853 -0.113181724987613
0.120190884659974 0.0577176871463364 0.147537271727283 -0.142435480879523
0.0838889151576765 0.0911619918254166 0.107972184051351 -0.0830089164218269
0.0383848290502376 0.142177291853594 0.0520160723389167 0.0178396395516989
-0.0706546337795263 0.182540520350209 -0.00608575422510341 0.0432028647613819
-0.21489959737147 0.13627373644401 -0.0121908627405865 0.030682159939687
-0.251182230300659 0.0808776186635719 -0.00808482476195669 -0.0109492363424346
-0.25058594936814 0.0959131964932523 0.0169631845212879 -0.056771036283498
-0.182461738219546 0.160827795994023 0.00128032495747825 -0.0843623137316263
-0.0717335338421457 0.186852980448879 -0.0692510701720992 -0.0645044945784234
0.0377389025511071 0.189771680662324 -0.15509945212276 0.0135709100868988
0.127503354528337 0.135963660870948 -0.188378470114849 0.0876738900524392
0.176922013988571 0.0478180914962455 -0.14645530943442 0.0879781695636137
0.166738093967377 -0.0320597781750135 -0.0663752437097871 0.0308762945247863
0.190008978813967 -0.0414468841997883 0.0127135292333649 -0.0352372667173839
0.212240849524031 0.0204797542279171 0.083938475072174 -0.159662810914683
0.183885629003863 0.146007982213626 0.170231411252778 -0.156766521996556
0.0372555521081274 0.276602763474826 0.161841292214795 0.0504417465911251
-0.196065558175219 0.237682041264942 0.00965432034489113 0.20980760319328
-0.292528850069927 0.066674510052325 -0.136792396360207 0.146631572444594
-0.281329644579819 -0.0218578444961997 -0.138037799023079 0.0430508715099394
-0.231004417907329 0.0626209686354664 -0.109669547812117 0.0134676254359186
-0.110261191459405 0.240997940771082 -0.0603163505875627 0.0425977715159077
0.201750245472423 0.239170987405274 0.00950102937795302 0.0680776582345988
0.33009711340379 -0.0956654211422979 -0.0234958874846948 0.0537891171407642
0.0715840100992696 -0.281504898985341 -0.108400751683624 0.0901667740454348
-0.0960967481705432 -0.126494281229446 -0.112200838664313 0.0811645906399836
0.0061066208634919 -0.000278697668024987 -0.117650835701497 0.0284417902339644
0.099137837011381 -0.0290528604759337 -0.102259739257015 0.0215548226751163
0.153077035758672 -0.0329337960870814 -0.0560545221032033 -0.0418172700400318
0.116578459083779 0.0237408566568599 0.0915764997050373 -0.156235866728697
0.0657417595615323 0.0635824359550787 0.169332178085422 -0.0175940069203207
-0.00796779072488089 0.113779661047072 0.0380739266746807 0.201805654216529
-0.138909776829896 0.0892455931379781 -0.160724838692909 0.220165342274731
-0.225739394646185 -0.0546593140612559 -0.277022387127507 0.0907312412712153
-0.233201989975192 -0.117512763592858 -0.262165072218104 -0.040442586640874
-0.182297692643976 0.0328714261580484 -0.194264111970198 0.0326856481422735
0.0338651387527068 0.262700294787622 -0.00526709482743973 0.219511426854537
0.42430404673594 0.136715128357297 0.255164656226041 0.149475831723914
0.431963654931521 -0.333152262923825 0.0809461165154144 -0.0704650751741147
-0.0123301322664095 -0.525429036336304 -0.144807182694022 0.0708136476428995
-0.293117123665177 -0.25544018401202 -0.00636038210133253 0.135251321126397
-0.152116082186362 -0.00792175537362921 0.0260493052104763 -0.00758451972158879
0.0212340423659713 -0.0167408165052552 -0.0727585056944982 0.0077544007753606
0.0815213298824134 -0.0162040581240808 -0.0834681290514894 -0.0578837478877657
0.0324020333588254 0.0068389254848078 0.14001294086691 -0.0948414883374605
0.010029067539238 -0.0232278050233698 0.0912045890336542 0.156185266052672
0.0262407381925029 -0.00514949335107152 -0.152529653112865 0.18087750120954
-0.00944954200613633 0.0156415581526681 -0.21076596399129 0.050652191654287
-0.0798040758525693 -0.0592521134750604 -0.271019838861317 -0.0267643169618145
-0.125101134674237 -0.103084225607416 -0.321292551000758 -0.1414441389915
-0.103931073398112 0.0149731332263601 -0.248282116141968 0.043253188017833
0.0765638805044666 0.163159989232649 0.120640090972556 0.361227841410592
0.313417917265241 0.0115181985319861 0.483942336542576 0.096855520967323
0.228939284975796 -0.269112534417849 0.0835790624580472 -0.234720097501804
-0.0610206474460019 -0.342022364604551 -0.209440126280845 0.0712784989601335
-0.233819338570462 -0.160332162045152 0.101433605811055 0.200149087252589
-0.138408042066359 0.00684232342364708 0.191011901227066 -0.0423069675216363
-0.0124291405019594 -0.00127594988821588 -0.0138826485486432 -0.0222592866115745
-0.0141921996136998 0.00285013071228024 -0.00369860441346024 0.038024712646069
-0.00277760393128637 -0.00248332963046478 -0.264689838572032 0.0735357486611138
0.0164042214895085 -0.00110589155209065 -0.196124925429471 -0.211073555225853
0.0137483146319351 0.0182009269829268 0.204721957224292 -0.13447734133189
-0.0151166256558294 0.0303285092874976 -0.0125054715227232 0.27664275006271
-0.0411013190538553 0.00737201708690466 -0.559480400966978 0.0141573344912571
-0.0179253435188402 -0.0050523415135269 -0.235264512601464 -0.391126186064883
0.00294460396235541 0.00361313111188736 0.260513241138305 -0.0637855323805945
0.00307300894419982 0.01995833219957 0.327156299211444 0.178029463886837
0.00939333537176992 0.0185708845653341 0.243516584398509 0.0768628737593693
0.00267724924607522 -0.00170452019630609 0.169345028702361 0.036209651630283
-0.00298393830811786 -0.00503783735335756 0.228360906624444 -0.100244653042266
-0.0147813589776063 -0.00806339982846397 -0.0262184721534715 -0.224989209969867
-0.0123311984181795 0.00307550824691718 -0.179264446326672 0.0489703985975079
-0.0018995686397219 0.00324100918081427 0.0743227267111743 0.0839465111763323
-0.036353664467951 0.00601455177994599 0.0273605593534675 0.0222860621374185
-0.162673206840664 0.0131473913270538 -0.193482464665557 0.0732239520460133
-0.232353000968979 -0.140867803919955 -0.167843610116766 -0.16804310414141
-0.0605662905761074 -0.318749118694711 0.178675422244362 -0.138545198493395
0.218337496281223 -0.238717440185659 -0.0084409808212987 0.240721612464737
0.253994283923028 0.0135042282932214 -0.500765413183013 0.0190614679020406
0.0557227039709117 0.147775038602864 -0.197372421731724 -0.345507615874044
-0.100372359973997 0.0223517882680863 0.242541597588392 -0.0603028300859768
-0.103886877442234 -0.0815467600159852 0.318622127508334 0.167676441348768
-0.0555574274145451 -0.0289400488194158 0.273579888856339 0.07829701829221
0.0187312796080853 0.00781242089791811 0.205258531725397 -0.00084176041664091
0.0350428110036251 -0.0262096512514061 0.204083585264398 -0.134179403184055
-0.0149891633175461 -0.0460435813063672 -0.0540225749962978 -0.190100747814176
0.0024083029721083 0.0070072503457102 -0.165001330172612 0.0745105885058048
0.0610419803079462 -0.0108607982414951 0.0775174092500898 0.0855511280230628
-0.0118858123086736 -0.00211862539604017 0.093157978524443 -0.0132613902638566
-0.195905050393296 0.0205071040757359 -0.0222855468063102 0.0245447284893718
-0.355844926383694 -0.182917128142839 -0.0472491294687034 -0.10542938129875
-0.125327011213076 -0.510667764474499 0.111846769633365 -0.118101085071846
0.362888406083809 -0.401760719430644 -0.0414186905969517 0.112068185422407
0.411917367100127 0.0440896261156691 -0.324380289588587 -0.0366928013092453
0.0530211656571713 0.247989176452566 -0.0846297498601356 -0.22985142044428
-0.187688906168402 0.0462222317893174 0.186858567711088 -0.0511506624068675
-0.218097826660447 -0.132287652704283 0.276892456975639 0.087257752982816
-0.196643729018423 -0.0754411165095707 0.309715007970901 0.00431601930086995
-0.106939826000674 0.0440879781281413 0.23767428076945 -0.145652089013462
-0.0103802992076326 0.0738334758193014 0.0719037565822544 -0.219651345673204
0.0207169836359306 0.0457338455644749 -0.154816366606294 -0.0728333054730412
0.0777691228189578 0.0437059248179889 -0.128530534595617 0.138309180714258
0.126523131433694 -0.0266030799867085 0.0643888514049943 0.073073285876387
0.068791523588938 -0.0220025741355942 0.127683696512897 -0.040633550670975
-0.0432189298569573 0.000787334737032247 0.121755032557392 -0.0521087194725182
-0.185835484912209 -0.104585049877256 0.0877087741511289 -0.0917146440754023
-0.0448997336899162 -0.341993525728955 0.0600228321254833 -0.10504115788951
0.313489124401371 -0.238352019018869 -0.0294721102073354 -0.0282429267595307
0.283905202316111 0.139512080724778 -0.0983217752654913 -0.058737824585729
-0.0632901919066963 0.250675344141996 0.0104519069582363 -0.081519984099106
-0.240549958094697 0.0742405339042589 0.0995400340967297 -0.0348648515237357
-0.291170065947627 -0.0645137630370197 0.165222235262965 -0.021461992033231
-0.327006674725954 -0.0109562705999209 0.199887648979405 -0.1063483582425
-0.262932289518124 0.172993867164468 0.0944893137361084 -0.222967395862031
-0.0464958304380773 0.282264649488409 -0.114959017463211 -0.163936993265334
0.125230714040195 0.198265976218184 -0.215315070424831 0.0604279469978839
0.186129968894938 0.0723143024575399 -0.116177225637527 0.151006836315226
0.175233505254315 -0.0366219755447282 0.00949744610522403 0.048761752160546
0.157444017467143 -0.0402132470379875 0.0934117595145383 -0.0428178219992874
0.16224119194255 -0.00756851193295673 0.132873339711912 -0.119318723957951
0.124242534388132 0.0553183130161267 0.144863803256143 -0.150109167914114
0.0874900314774645 0.0911706233462599 0.105623949774216 -0.087954798839733
0.0416395369276892 0.144131939056914 0.0535226645094937 0.0181841704843978
-0.0668773027912344 0.185335555538208 -0.00556117965612708 0.04574456807205
-0.214716789197548 0.14483583361235 -0.0101392370405008 0.0324017327584359
-0.252014773959132 0.0868452415960146 -0.00725462110076025 -0.0103360529192394
-0.251561456863963 0.103884480649631 0.0146087230957668 -0.0589284168766545
-0.180951173343622 0.167797750955651 -0.000498519725037668 -0.0865874635262314
-0.0683742843342465 0.191151491880025 -0.0712116891043616 -0.0652772697829914
0.0431404633459813 0.192377113095386 -0.154921208802323 0.01865461581002
0.134953214529965 0.134751443875402 -0.188763835700839 0.0952395617783092
0.180822739334302 0.0436914470394616 -0.145189200888227 0.0938066927102645
0.16959039440334 -0.036861461907535 -0.0668658814485591 0.031924318153299
0.191034263735103 -0.048267870411086 0.0120851240066099 -0.0344463295845075
0.21345709227541 0.0138258340537062 0.0796324286008572 -0.164031119508829
0.190400452783378 0.142839439330088 0.165635484962264 -0.164404676065821
0.0467173139440848 0.279706757287702 0.163334289281993 0.0473282142997363
-0.191426491444112 0.2467535888743 0.0142510999122441 0.212938836156519
-0.295605239530922 0.0727822799578227 -0.135695337371873 0.153758034949902
-0.287518126532758 -0.0144637525772739 -0.137780049585047 0.0479044921139179
-0.232764819279102 0.0663621652274821 -0.111394779345476 0.0166331286233974
-0.104043516358122 0.246975316028762 -0.060186485922689 0.0440189007712084
0.209644503664505 0.236082399330937 0.0111286211884993 0.067966924517533
0.330412243130363 -0.105052708215373 -0.0223324259378348 0.0528442633471069
0.0637707784415558 -0.284727892983347 -0.105917123663639 0.0940161534789146
-0.100372139375363 -0.124182088128916 -0.112521352492458 0.0862903215505852
0.00713358257927774 -0.000311745912196111 -0.119058454357649 0.030973841213885
0.100587125554136 -0.0323560751879097 -0.103855684374364 0.0244479614475333
0.152820566534393 -0.0383229021290606 -0.0565023085537424 -0.0390913949747188
0.117382873336732 0.021538977788141 0.0883228223197946 -0.160276514819709
0.0667143176808583 0.0602728721075415 0.168982479672318 -0.0213834358108986
-0.0041633798364699 0.114036303921298 0.0427736869471999 0.205067594189193
-0.137031274553322 0.0930860782853013 -0.156334138856889 0.228574068497458
-0.229111750488701 -0.0487848203323279 -0.27801135916775 0.0996711450729365
-0.241382274219738 -0.113347910106028 -0.265579759967532 -0.0339668957024958
-0.184754150274936 0.0361084646880736 -0.19661420864423 0.0378537266215045
0.040494432191097 0.264470479652088 0.00013288282908365 0.221808618074486
0.43259186297317 0.12651454771867 0.262859690823697 0.143042182542133
0.427696297303378 -0.351392601224255 0.0810390634018316 -0.0737091192884263
-0.0297763038618975 -0.531260784197297 -0.143949075638606 0.0763122964046585
-0.304374599722918 -0.249584088219907 -0.00274603175649899 0.136918033680022
-0.153944091045305 -0.00401432586416711 0.0238674674122082 -0.00903791491626507
0.0217269406805874 -0.018770253740631 -0.0737513528145939 0.00869843453552711
0.0812336470215047 -0.018394508489778 -0.0854396062408159 -0.0554957069109012
0.0312556485439862 0.0061636605437283 0.140682273938695 -0.0984681719258918
0.00726219275986215 -0.0249120519829066 0.0968614664008268 0.158721707967192
0.0270440884411589 -0.00734613764101879 -0.150750792556295 0.188232217321329
-0.00714300720456672 0.0151298487450172 -0.210082104054788 0.0564114880862446
-0.0811259506953489 -0.0575608864397411 -0.272819217022991 -0.0208796384369592
-0.128984804539275 -0.102548987121434 -0.327793890066272 -0.134558592131562
-0.105904354332074 0.0164943758699494 -0.251746813520338 0.0480845766685703
0.0798879659620195 0.163498762053094 0.130670552718381 0.362110391451099
0.318981002321365 0.00299689012580125 0.495336206627547 0.0843802244541199
0.223502903171463 -0.280599711567756 0.0787288297954238 -0.239408397744179
-0.07226303595181 -0.344220892660821 -0.207863139445237 0.0780125812912414
-0.240967993400789 -0.156330300454464 0.107931012800346 0.198510534801004
-0.14057673707261 0.0116519915213516 0.190042073317769 -0.0494689462388938
-0.0119700291338467 -0.00187583414615656 -0.0163844132607844 -0.0240237369216579
-0.0143609854412356 0.00429471037523686 -0.000567710248000889 0.0399479737810731
-0.00256005426260799 -0.00196446704290351 -0.261810877837468 0.0834048051308222
0.0150800862226841 -0.00256462335684587 -0.205469513208852 -0.206430688056738
0.0145230863014102 0.0190201106385949 0.200446180773423 -0.142480181337629
-0.0143685879869841 0.0305411328926607 -0.00554556449516846 0.280404812478325
-0.0407584713646394 0.00803469130391086 -0.56379484883535 0.0321310505157239
-0.0175898517218038 -0.0040610030236644 -0.246858432896914 -0.385324665380466
0.00251741580000788 0.00337367684711175 0.261769123146569 -0.0694064983241332
0.00428796873396975 0.0206162516228145 0.331156081196664 0.171837822144134
0.010138446080109 0.0177028364996664 0.244096626740783 0.0709467913198491
0.00320953769768365 -0.00256831806739229 0.168434559696919 0.033638582195265
-0.00331548092354989 -0.00586068195836067 0.228614646403364 -0.107305027839468
-0.0165595762088778 -0.00724979714966052 -0.0315058101000785 -0.228384120650336
-0.0121196939924439 0.00402597297351504 -0.180888174135346 0.0525346301595532
-0.000771581637811214 0.00309020503972711 0.076579194452316 0.0823686358985384
-0.0361743684494073 0.00804120377723279 0.0304938959421805 0.0243178163362816
-0.162870131248242 0.0189139904061925 -0.191060356378161 0.0791969033054729
-0.239970768545195 -0.135647065809576 -0.173816066714456 -0.164920519303691
-0.07216509492858 -0.318398133302397 0.175825615262359 -0.145747044790031
0.212371019786608 -0.247575648166467 -0.00157531991459116 0.242676540592803
0.256425335705317 0.00463443404361077 -0.505542179412734 0.0380134754169958
0.060027350852988 0.147386507332408 -0.210641687217077 -0.338807392663148
-0.101890646028975 0.0255989314140498 0.243755911877539 -0.0660980660895438
-0.106704509851112 -0.07922475621806 0.325280649469291 0.161140203600177
-0.0565902972820134 -0.0277252799120021 0.274901094602748 0.0704812983701901
0.0208112330889441 0.00642019242316462 0.204557840281962 -0.00426266093593153
0.0361040018774602 -0.0283608060856274 0.202226475374635 -0.138922177343451
-0.0187620346260601 -0.0461294012528504 -0.0576949614048709 -0.191330359735983
0.00172430050870453 0.00648278116744952 -0.165371642797594 0.0791644834089295
0.0610264757219431 -0.0140813626385125 0.0795700002164947 0.0836974067773688
-0.0104660610166032 -0.00197333466710369 0.0941128298179338 -0.0144626109741982
-0.194006074665845 0.026777999395729 -0.0200982141840481 0.0260064252836047
-0.364841401116716 -0.172936228139899 -0.0496328969292254 -0.104916072843692
-0.142666546737969 -0.50736885992451 0.108647505942723 -0.123199647030188
0.350720868448602 -0.418781524464971 -0.0380424530721379 0.113458026997861
0.415030983944249 0.0319270646969166 -0.329018323846476 -0.024421528342715
0.0594045710769283 0.247908336282707 -0.09158844468065 -0.227409166185776
-0.188935365682672 0.0496794577945927 0.187810116597182 -0.0552920600528819
-0.222682528718005 -0.128947889324516 0.280713799872865 0.0808725676659097
-0.198813799319341 -0.071066435548315 0.311275714768785 -0.00476593435197107
-0.104265764424283 0.0448768660013291 0.235002660975 -0.151074524831593
-0.00749172786986737 0.0716077999637883 0.0690133091556769 -0.221791490858968
0.0209814152465608 0.0432145153536472 -0.155882858073352 -0.0691308915184955
0.0778422058167704 0.0414552868909204 -0.124709304735253 0.142529184772775
0.126836224452731 -0.0302116298128872 0.0661945171361736 0.0709030270223124
0.0699890635066008 -0.0242523266280203 0.128529533746518 -0.0431851804951532
-0.0419647232747098 0.00249709902929346 0.121950034052264 -0.0565628549865612
-0.189714240060665 -0.0996591649730422 0.0870987274177654 -0.0969730510395245
-0.0570722591970095 -0.341053873078086 0.0567455747483696 -0.108938470964909
0.308452865167453 -0.248702685767776 -0.02909202617597 -0.0266705057141635
0.289205190286957 0.13158148651479 -0.101429487356171 -0.0540487390092866
-0.0569138609318497 0.252892124866952 0.00859172646865853 -0.0817707544763748
-0.239438458430709 0.0796903516546794 0.0999350898420464 -0.037428178203661
-0.2946113081953 -0.0576516678552791 0.166711549253541 -0.026833697395675
-0.328877711801345 -0.00259833250807905 0.198373511660365 -0.113272412892945
-0.258712345043083 0.179772927011544 0.0906113665016767 -0.228745894721677
-0.038170194105877 0.283589318973321 -0.117282081080918 -0.162416010944579
0.130346759550036 0.194954209636587 -0.212782256769086 0.0682022695657357
0.189253758171781 0.0666462786569144 -0.111665287988062 0.156219556352169
0.175675386116411 -0.0412439569740448 0.0107582643757396 0.04827179923312
0.158532043886541 -0.0453531079371036 0.0933505242615549 -0.0437111044634705
0.16454917616082 -0.0123310527182017 0.130340837232687 -0.123823015476706
0.128133770949353 0.0513985082548771 0.140107912328255 -0.156820070134303
0.0919211617008571 0.0910157884408676 0.101625697817946 -0.0912080752917479
0.0449193063653657 0.144530960645955 0.0549697465937471 0.0164349991518288
-0.063147145753452 0.188586986751757 -0.00555703118443984 0.049099594199081
-0.212777517694878 0.151047253827868 -0.00901703840506737 0.0331952571958688
-0.251032094007814 0.0919401356804945 -0.00762936953343983 -0.0104972482568087
-0.250273474066033 0.110266219559337 0.0146828037858224 -0.0604006164144071
-0.177914711395444 0.172765749763481 -0.00283451038332495 -0.0881312338331242
-0.0644582497393904 0.195219422212655 -0.0732163556715845 -0.0650566227209061
0.0484494217359958 0.192905056213165 -0.155427414741786 0.023171026972195
0.139829862910295 0.132774759720135 -0.186413880181758 0.101816891733786
0.184283343066398 0.0380661451900179 -0.143047804443862 0.0998014103545164
0.16912462183569 -0.0424271924773269 -0.066933138858023 0.0329568172293026
0.190966901699023 -0.0559396523607981 0.0123450245924616 -0.0333470636353891
0.215458357027221 0.00799695047672096 0.0749317460535574 -0.165650376342495
0.195987035531393 0.137671819733833 0.159045984165372 -0.170145791346381
0.0554154612555213 0.278596161334338 0.16430286661568 0.0446005169443737
-0.186528312798421 0.254215340966536 0.0193097906173655 0.21498440567091
-0.294274264748743 0.0813751901070861 -0.131930136598715 0.159971646272611
-0.289466144091477 -0.00840255307362174 -0.137457787577154 0.0515523903012059
-0.232768824057326 0.0722420771422069 -0.111094150013258 0.0197606067568956
-0.0990103341826252 0.250097120227371 -0.0601925917900168 0.0445356851820274
0.217635248055492 0.231352578241541 0.0136236999194611 0.0668840957087419
0.327635633858931 -0.115201627686119 -0.0205113619660831 0.0528285338358148
0.0550285546939672 -0.286574792884963 -0.103950532428549 0.0982554964723676
-0.104275660197694 -0.121548517737467 -0.110462773421994 0.09071209542744
0.00944130134325338 -0.000983021348727195 -0.119371675142738 0.0359203712572659
0.102224784469513 -0.0376369017559861 -0.104527324819965 0.0262227525244469
0.15122553146749 -0.0430989101931986 -0.0575197969177527 -0.0359324509344295
0.117178599421179 0.0178729246101079 0.0840356183154254 -0.163449754237909
0.067201156155791 0.0564550268837187 0.167721481808337 -0.0241826811330254
0.000350322265560387 0.113804033585011 0.0484566398581515 0.205919370311094
-0.134121869700733 0.0973019624229349 -0.151687353007538 0.234844476799821
-0.229841431669832 -0.0449145980107804 -0.276742080035469 0.108891009646669
-0.245539608466134 -0.108195667843302 -0.268614323375061 -0.0266444331601874
-0.18599324697989 0.0411265118335742 -0.196976568746965 0.0419711660772707
0.0472363355257274 0.266086866565786 0.00484477803293065 0.223162300086105
0.439793487848579 0.11455998530167 0.269728470901587 0.135921229323795
0.418183853822224 -0.364569310939345 0.0789576630067385 -0.0767406834696276
-0.0453730669472067 -0.531948581329176 -0.141318014679252 0.0821952369939977
-0.314514253383622 -0.240751097681222 0.00135998750575029 0.138427156304508
-0.153799761141137 0.000526515171816178 0.0228856240476093 -0.00985998281419602
0.0221878341361824 -0.021476568715183 -0.0752204158827628 0.0104565820705645
0.0805626080286783 -0.0200076039574395 -0.0863619045074884 -0.0525731327945343
0.0302950775082749 0.00523842347507789 0.139061034010173 -0.102691665310555
0.00415403019130047 -0.0271330357275938 0.101805229682631 0.15937612260913
0.0278509533441734 -0.00909739175984629 -0.146585858452133 0.193746313632651
-0.00625588861045751 0.0151428558923526 -0.208749817897939 0.0622997028169922
-0.0817239900361375 -0.0572643508602307 -0.272814724526106 -0.012626066059647
-0.13218546247433 -0.0999432227360159 -0.333837463831193 -0.125890037851955
-0.107278378436235 0.0193531346546194 -0.252919851226198 0.0536976026546639
0.0848755111968906 0.163604434789068 0.141625499474849 0.359059545412315
0.3206963602704 -0.00601039299445107 0.5002534052726 0.0722906146275756
0.215633830621963 -0.287191108551424 0.0746003671652472 -0.24331167886429
-0.0817308404106488 -0.343327949128823 -0.20606538841267 0.084839403945614
-0.248118844425898 -0.148994664330447 0.115385598636478 0.195427682900112
-0.140964986468045 0.0160386799301123 0.188265836925778 -0.0562588932801151
-0.0114172945085918 -0.00211166608112569 -0.0197555150494653 -0.0254853906971594
-0.0129042942255232 0.00463302804190452 0.00439222159582881 0.0414523782015369
0.00182975468834313 0.000482016404393271 -0.258776938164075 0.105133760271038
0.0154551803919377 0.00114094929834188 -0.224692296271829 -0.195638033116521
0.0126670021001867 0.0173006556689303 0.192007011670022 -0.158459888409992
-0.0104660392900029 0.0298872371486519 0.0111524941997709 0.283617489729097
-0.0376723302945624 0.0181013357481679 -0.568553984606206 0.0721194940067002
-0.0175714094690293 0.000460371072460282 -0.271526934488917 -0.369929282265007
0.00214161924090479 0.0040219041400916 0.261945658420632 -0.0844105824987092
0.00816403765329302 0.0206897093775127 0.34431818922068 0.151499367915367
0.0117819551597805 0.0163553217763828 0.248010318124305 0.0561382646446782
0.00284468569203625 -0.00397166900929317 0.169002333806047 0.0250321502013246
-0.00394473320636788 -0.00477787415991024 0.226746818909558 -0.12425739407075
-0.0165191508671529 -0.00394276097476866 -0.046405764754245 -0.232193720457924
-0.00989458274493069 0.00436509970877276 -0.180455942678218 0.0658906449641442
-0.000873895284072237 0.000882258910678847 0.0822510464826336 0.0789233012350731
-0.0351867732130688 0.00930842194863883 0.0351791225105463 0.0228983180960109
-0.160177602298048 0.0326573403446977 -0.18572376511112 0.097139742782984
-0.252639296883863 -0.118199648174365 -0.18956928125075 -0.153144584376421
-0.0951872830471702 -0.320383934164806 0.16447555909405 -0.160332244819639
0.202491446823473 -0.265424094940527 0.0129013568567484 0.243174130381384
0.262830244348956 -0.00339331328189519 -0.509261394716849 0.0696887358197677
0.0692033803446794 0.148236838129574 -0.232114768348371 -0.328095945218503
-0.102724899096085 0.0315543137057584 0.242624425162687 -0.0795342884320102
-0.111463907587381 -0.0735363775611008 0.336186183383776 0.139201798510326
-0.0563197291625109 -0.0244507262213769 0.281157750581859 0.0525093618145139
0.0223767677987752 0.00256414995907773 0.203645815980669 -0.0167446378931831
0.0340101169358706 -0.0315636448437538 0.197059236333834 -0.154282854982028
-0.0235445939469641 -0.0441884089505684 -0.0693162843632432 -0.191518303418727
0.00233696988257525 0.00560786643793136 -0.16242581365105 0.0914182756987163
0.0597986033260815 -0.0192822581890687 0.0877029294789598 0.081040110002613
-0.0102427042010688 -0.00294376239400639 0.0970028590608653 -0.0207940972757383
-0.194535921562266 0.0397647174485151 -0.0162773389309498 0.0276074759960358
-0.38311261596615 -0.150450344861562 -0.0586734020359643 -0.10230628225067
-0.179635001882029 -0.508369659004522 0.0973022606167423 -0.132729746409333
0.333136573179346 -0.445823396298705 -0.0326052625603282 0.11535208755055
0.421543530254435 0.012767198187126 -0.33488301889119 -0.00306293328864238
0.0747597710490943 0.248042885982574 -0.106383305196856 -0.221692752957001
-0.189603156035644 0.062116143535096 0.185987840464467 -0.0662182055690692
-0.232403800291595 -0.114731657726783 0.287920835826242 0.0611112981785804
-0.203895143842413 -0.0567973410581957 0.312831375588293 -0.0273445088694639
-0.0998199664420292 0.0530115061727155 0.225040977526384 -0.170886702185396
-6.17444049023086E-05 0.0714762825848808 0.0525758750815788 -0.231907327992076
0.023989255997171 0.0409940304995069 -0.161259765686922 -0.0606120911529558
0.0810028254232019 0.0338999426418477 -0.116107421997519 0.154478357994587
0.123968312876071 -0.0394033929728097 0.0730122709813061 0.0691005098442555
0.0693488272770445 -0.0308771683786917 0.127606876561772 -0.0523429908498375
-0.0437698317237473 0.0035251339803684 0.120389088901329 -0.0668616183161127
-0.200295118565286 -0.0880939359371144 0.0804359277568299 -0.104739146153991
-0.0818280476543222 -0.342509404391496 0.0466452065575299 -0.114240764303357
0.295600577379875 -0.26854400924085 -0.0322666916073177 -0.0260246656063982
0.297539207156271 0.116923310241498 -0.106379206335274 -0.0475759513248752
-0.0436127899448533 0.25962214621583 0.00507187866213513 -0.0813115943872913
-0.238015808672432 0.0927945864758919 0.0983833851629705 -0.0434513787320798
-0.300290362961065 -0.039147203123484 0.163980841745858 -0.0407536988338376
-0.330906032792237 0.0216205506414648 0.193125909559092 -0.130945199993327
-0.246579151419213 0.201528357429976 0.075867159428529 -0.240330329240004
-0.0161520979849411 0.288002112535355 -0.132025339848766 -0.156901455154535
0.146080242416769 0.183827227382042 -0.213054138506663 0.0855878030670368
0.196797401315381 0.0510875020289433 -0.102119560142394 0.168806951819476
0.17433086488718 -0.053949093598616 0.014926174736566 0.0497508543501357
0.159769245792051 -0.058122167884514 0.0912295063605497 -0.0501050112270092
0.164730429006317 -0.0242751361303844 0.12255503345886 -0.136163156902206
0.131641718373475 0.0439717232366257 0.130770839091674 -0.170942925534432
0.0966750928892179 0.0879116252053832 0.0964207527012487 -0.0988626018671067
0.0533783716636321 0.143182260912021 0.0568751867597841 0.014511810235391
-0.0542146454692721 0.193561844118073 -0.00154516733709224 0.0530765546736591
-0.206775420548705 0.164016396226266 -0.00601843497718137 0.0358789904213331
-0.248615765350248 0.105895412251866 -0.00741167631576071 -0.00930495036772407
-0.244808946302621 0.126641922077135 0.00752757108009437 -0.063225071901218
-0.166830665693444 0.18638236550929 -0.0109404340175881 -0.0910848680883514
-0.0507125067049414 0.201862554522991 -0.0803934011954858 -0.06332538210349
0.0642876528314904 0.192161544918034 -0.157423208089552 0.0356356479334382
0.152773754423835 0.122216825433817 -0.184345418670935 0.120569194011173
0.191489636651875 0.0247585446880242 -0.137418460653676 0.114024104884697
0.170495076223803 -0.0549940722305143 -0.0647580231088146 0.0388643455342112
0.190567240554147 -0.0679081732441508 0.00961222812999861 -0.0327862959217655
0.216788978533305 -0.00443950516739218 0.0632227797516362 -0.174072116156701
0.202921506433118 0.126047422754625 0.147298746553061 -0.183562260347676
0.0734447726005999 0.27805473054911 0.169469697435976 0.0365972625960985
-0.171358081444542 0.266567282538195 0.0332423052792673 0.218681897960528
-0.291443643774276 0.0988259401407379 -0.122554627624102 0.174830292530794
-0.292577155877067 0.00939981063237668 -0.133394980827287 0.0613942269134313
-0.23057428129815 0.0855393758924204 -0.111700874261361 0.0271622378076493
-0.0815627001332465 0.258670914595888 -0.0591647460999356 0.0488880744239605
0.23596577974216 0.215549017838851 0.0171157918591034 0.0673307080975282
0.320451024740842 -0.141189327382949 -0.0159220825582482 0.0574796760714203
0.0331566844897576 -0.292256233984278 -0.0928292458002907 0.108822288887096
-0.112410518293212 -0.114749942177571 -0.105140497031166 0.0985373434023146
0.0125267499351257 -0.00119722867983997 -0.118442154091195 0.0458869852622371
0.102441016165918 -0.046421605460957 -0.105099799651488 0.0351239512477188
0.150885329974874 -0.0522756175929329 -0.0599873174777709 -0.0309757014121936
0.115594429670011 0.0120566523953827 0.0731274069820532 -0.172241487446836
0.0681479766344965 0.0510209037917178 0.166828440409034 -0.0349904518839269
0.0101080118805933 0.111470861671379 0.0614228791914524 0.207864663006281
-0.123885977084933 0.106877383904628 -0.137567975727972 0.248118898811651
-0.231265683820208 -0.0298302715167471 -0.272127974244669 0.129510151822876
-0.251975183405128 -0.0945077925742935 -0.272660402942515 -0.0092322398800132
-0.186275901273788 0.0522525394593351 -0.197214273620482 0.0544305619049758
0.067351704009285 0.264644996776364 0.01863718673081 0.224556128250469
0.449987283948424 0.0813950835997201 0.281980864003696 0.122282399035528
0.394578368737835 -0.40007298446398 0.0798044237533851 -0.0795135093486021
-0.085847237066819 -0.533443917327305 -0.129823628099545 0.0934435231212604
-0.335720855928446 -0.219510929400089 0.0141424189512148 0.135377279604634
-0.153993047210603 0.0118585829303153 0.0198712553329714 -0.0135780958759928
0.022721121184331 -0.0233576882791962 -0.077985106245353 0.014596926917367
0.0804326126242501 -0.0233547834610763 -0.091994038159499 -0.0461931719163126
0.026033482974774 0.00371223944514825 0.134791292720286 -0.11450657449969
0.00244644132024183 -0.0307676054866665 0.113685560466364 0.158386321683984
0.0317088400365141 -0.0119955756301977 -0.136979265697958 0.206068863019526
-0.00201287334662887 0.0165591184669879 -0.20563650692597 0.0757347955459618
-0.0830716380084694 -0.049920201038795 -0.272761076525509 0.00559076322526714
-0.138601142673758 -0.092477529180068 -0.344737963182479 -0.104984097387226
-0.108200501693101 0.0260139147998786 -0.253628788293327 0.0672084907820792
0.0985567645223893 0.158958625181863 0.167080355792464 0.351175083860997
0.320686331721455 -0.0299935098191434 0.512900846147389 0.0403967997139501
0.195789007341296 -0.306217787468435 0.0628736844601364 -0.247970545264215
-0.108778543472657 -0.340749568236358 -0.197134543696615 0.101374077929628
-0.262790487686956 -0.131810326496656 0.132998131503229 0.18482378429161
-0.141505922026098 0.0266029487304914 0.184461336522614 -0.0727557774353185
-0.0107131914886808 -0.0012065064433624 -0.0245493244522032 -0.0252445912494406
-0.01286636919445 0.00475593979123588 0.00972708022577031 0.0429511442618086
0.00238282651900735 2.64867731457168E-05 -0.253787614771083 0.117587783571134
0.0154626806913119 0.000620840018631686 -0.235613575777904 -0.186219163846083
0.0138351258544356 0.0166205880612184 0.185377699369584 -0.168621297197535
-0.0100193243823164 0.0307640600017066 0.0218454707340832 0.284674533122491
-0.0377065034538332 0.0202894026995468 -0.571843535785041 0.0958901255233779
-0.0167329344641145 0.00105681795513662 -0.289264475122766 -0.361879174496157
0.00196945373309873 0.00513694455289045 0.260462385005884 -0.0956143612647082
0.00925726510827592 0.0204160956841968 0.350785672631747 0.141259564992491
0.0134195340066782 0.014260632025781 0.248715393610093 0.0470187610014334
0.00265149644028329 -0.00319068336980417 0.168484592873251 0.0211974216681043
-0.00449379441811502 -0.00527170820554003 0.225420003957616 -0.133028594981377
-0.0173089645176405 -0.00267147113902255 -0.0546315299417992 -0.235181188236483
-0.0104637394711112 0.00471778206283838 -0.181770598080998 0.070508346536918
-0.000971193305149866 0.000626777732316474 0.0857566578179106 0.076630307853389
-0.0331862015943885 0.010715648216063 0.0389379241086324 0.0225889093476437
-0.159669416375178 0.0383401530500508 -0.183050305232836 0.106853745103819
-0.26073213385024 -0.107965844286623 -0.198647758478706 -0.145895729757156
-0.109863235329545 -0.31976392570127 0.157565818578477 -0.169803140809006
0.192398521582138 -0.277884318606851 0.020862636823221 0.245350018404299
0.264721930674197 -0.014729705285904 -0.511624691936207 0.0943812436415309
0.0760397717081689 0.146590932945863 -0.247064275300981 -0.319444929693939
-0.103050970426176 0.0354136940310706 0.240969560550806 -0.088783331496548
-0.115066370627271 -0.0695914575094318 0.343395656919157 0.130262296900856
-0.0566111449503565 -0.0211100940221519 0.2814858326969 0.042190662980531
0.0245150417594639 0.00100714991298666 0.201896236454013 -0.0238260965021731
0.0347064802787955 -0.0357864670708872 0.194918677731776 -0.163206839183099
-0.0268377157551565 -0.0438195790754514 -0.0754921451563655 -0.192584184314336
0.0017959368383858 0.00531416245324728 -0.160927574922306 0.0963971070606629
0.0591883059859411 -0.021132170511566 0.091180316882997 0.0775202741992199
-0.00992736295356685 -0.00335998746042918 0.0977054028153227 -0.0247658825869088
-0.192757934334968 0.0481991083497232 -0.0138553103974927 0.0292680169440022
-0.39094146722071 -0.135019399970804 -0.0631382465737321 -0.102014867476069
-0.20219463217005 -0.506140245379114 0.0924929208801289 -0.139583188575425
0.317193363860445 -0.465173384424709 -0.0294881327264315 0.117293674494564
0.425068882468563 -0.00536075021028383 -0.338902737786284 0.0120646508405013
0.0844614052816833 0.246842701504506 -0.115893278425249 -0.217715786404809
-0.188941482634232 0.0678677478036912 0.184910814290917 -0.0744533508687402
-0.23871787936774 -0.106501099459461 0.291748996267477 0.0513680637462705
-0.205942716886836 -0.0495643544645894 0.312618199390671 -0.0386877614712229
-0.0967504059004704 0.054809595011815 0.220743163743024 -0.178729564939314
0.00392852466376827 0.0695624641196197 0.0466281104726394 -0.236218221528321
0.0236975728926025 0.0388339755299632 -0.162531523270443 -0.0564357833319344
0.08173192784414 0.0305415930776696 -0.110169248080675 0.160033760190504
0.124022459529616 -0.0451383889461609 0.0766460196842941 0.0655072822615134
0.0708494439408972 -0.0344967441572328 0.126933424042692 -0.0565106789256657
-0.0409812531008925 0.0061527292890397 0.118932805041611 -0.0720096132164389
-0.204115546533566 -0.0800904575100673 0.0779966792985695 -0.11074245908717
-0.0961746079483287 -0.341230729076602 0.0422089711825886 -0.117898740603063
0.286024903445993 -0.284069627254372 -0.033883429285916 -0.0255758996537355
0.303362760680508 0.106249007420457 -0.109078756179587 -0.0404476351964133
-0.0344075654912605 0.262462129213199 0.00149169946853533 -0.0803211075042082
-0.236611175051888 0.101435430326546 0.0979373462704285 -0.0464276011802805
-0.304099117035912 -0.0286568448155874 0.164972221350274 -0.0472617272867389
-0.332833005150834 0.0331079367864404 0.189611888949381 -0.139597053024236
-0.240539825549869 0.21204156687886 0.0669350738801151 -0.245989855527552
-0.00422431943825033 0.288280151151323 -0.137935649601252 -0.154150322257893
0.154549540385513 0.178913544513318 -0.209012899775504 0.0947329089682335
0.199012299476963 0.0440855424190429 -0.0948645572343344 0.174638159993051
0.174993966056444 -0.0612388725272931 0.0164654948868219 0.0486109502466465
0.158732332491864 -0.0658034595685655 0.0908272359563087 -0.0531288499246638
0.166187618090312 -0.0308624260778297 0.118280870044374 -0.142939115424308
0.134499526934337 0.0395772720771606 0.123506542600338 -0.178276766631462
0.10114107810958 0.0860606331687361 0.0921343946185748 -0.102823394275788
0.057507678936782 0.143465710834603 0.0578839090954591 0.0128315611706866
-0.0470848235477346 0.197060961250709 0.000157636109067142 0.0566125756942729
-0.203590390343385 0.173577026460926 -0.00467874347673345 0.0373407580057132
-0.246720519433508 0.114120459689353 -0.00768762876780565 -0.00967432142892003
-0.242779648327904 0.13626126906138 0.0049146191758975 -0.0656416161988053
-0.161059253785814 0.193919794429726 -0.0135721623172666 -0.0927001938464113
-0.0452704166818391 0.206805223184843 -0.083986828223338 -0.0618713978153176
0.0714068767319443 0.192393627202828 -0.156148763435429 0.0403680935149314
0.15996627620176 0.117349832028956 -0.179164301141411 0.128254442137576
0.195043328314515 0.017319616230489 -0.133015834853913 0.120547243313079
0.170692785325954 -0.0642443556709387 -0.065419922800184 0.0406918445611088
0.189418285812448 -0.0776576915610176 0.00976808439676403 -0.0324917190624565
0.218622067238913 -0.0129805370172905 0.0569762349421276 -0.177960842278545
0.209971368114335 0.118231192069435 0.139526051971248 -0.190202340228399
0.0864175773488102 0.275694313389944 0.171493477720537 0.0321287967728722
-0.161995330245638 0.277261501522905 0.0417872794536588 0.220780088791809
-0.288604215632868 0.109827624733427 -0.116448136036452 0.183457836950373
-0.294422695193847 0.020037409242252 -0.133382067655747 0.068327476052816
-0.231529339617719 0.0930931828392618 -0.111013477600177 0.0308757287818365
-0.0737940222265333 0.262898059491505 -0.0593078731815145 0.0502369912876724
0.244925149334015 0.208012130737166 0.0193375878362622 0.0660371319173149
0.316230360799535 -0.15393651695288 -0.0137518973738292 0.0574488411767752
0.0215966313898324 -0.294990874118363 -0.0892158222826408 0.113362805526094
-0.117299233907935 -0.110783891846807 -0.102043268199384 0.104322365347736
0.0142613287754646 -0.00212363707677667 -0.118969523106796 0.0513879665158663
0.102613839048343 -0.0524228144163297 -0.105036324934383 0.0381847991030938
0.148782433591982 -0.0573757713822701 -0.0606700948553757 -0.0275980311243553
0.114565870127679 0.00824908852792859 0.0672927526879984 -0.176141460277868
0.0687498383323316 0.0468684879643624 0.164935999749771 -0.0397253986458409
0.0149561040489348 0.109179068626606 0.0695584126008093 0.208663879715527
-0.118179147244371 0.11186449874601 -0.128937394851536 0.256813295214044
-0.232364620253294 -0.0230595856796955 -0.267350912165097 0.142173475573435
-0.257258461990962 -0.08541641188303 -0.274219395301548 0.00167207428768113
-0.18625763398214 0.0585838027417439 -0.196932519777572 0.0611470341098317
0.0774513782469807 0.263848273537408 0.0273627828191202 0.2254161363903
0.456970224191744 0.0653334967530824 0.29020769722613 0.112099093661974
0.382060537820944 -0.418435477085487 0.0779406043300708 -0.0835302148093395
-0.109983715684143 -0.537267751117657 -0.125568502131038 0.0995890065951885
-0.349018994602105 -0.206939064741751 0.0197477146074344 0.136106885438331
-0.152779764868011 0.0183748170803728 0.0178615239867561 -0.0156433322502778
0.0226879894739641 -0.0264738865734544 -0.078970612612128 0.0173404244840856
0.0799027054720444 -0.0263700325335738 -0.0936740385400423 -0.0412452843338129
0.0239927119586598 0.00353608023227285 0.132560637135386 -0.120617926063702
-0.000303175218029098 -0.0320621433810104 0.119575867790709 0.156243062154434
0.031665301125823 -0.0150618421287761 -0.130310245332663 0.214045012725331
-0.00142272008487019 0.0160847753575249 -0.202628401014963 0.0837792775983886
-0.085334111991772 -0.047665955775123 -0.272041747011536 0.0154079020365649
-0.143797163482575 -0.0873896250124215 -0.351552896533397 -0.0911720584946202
-0.108504158556385 0.0304851627372747 -0.253637883081551 0.077087494575512
0.10454265023987 0.157175094666626 0.181787945405252 0.347777510793175
0.323026649203975 -0.0420577104663644 0.520040698051343 0.0209652204490416
0.184511209594318 -0.317925486988211 0.0546579676401771 -0.254160986424471
-0.124855755890325 -0.339192043167798 -0.194325433601144 0.111555765657273
-0.270400661288403 -0.122358444912623 0.14205418354532 0.180746375932526
-0.140659494039034 0.0329181503878498 0.180254448475857 -0.0816350402756399
-0.0092966444751277 -0.00230369882623868 -0.0288771990807903 -0.0252452189231458
-0.0125355930987916 0.00560211395862519 0.0146669503252019 0.0433045012709374
0.00263235970976429 0.000537230639573732 -0.246698401391082 0.132136638980671
0.0161038696858817 0.000710550205259102 -0.246204934478379 -0.172189464584957
0.0155640153551707 0.015796052844321 0.175216806764712 -0.177792021419248
-0.00954585302442824 0.0310838826538315 0.0339907645982451 0.284028086821521
-0.0345144555230432 0.0216108772483266 -0.569468872162997 0.126491655209767
-0.0157897504844333 0.00173031528344194 -0.30527424395696 -0.346842900286683
0.00188071141932405 0.00567050848232004 0.25754323151667 -0.106939987546173
0.0109204683568786 0.0191052553411136 0.357163293715513 0.126403649960035
0.0147674861932516 0.0134761703677589 0.247705512673759 0.0353758337163353
0.00329777497825567 -0.00488591231425385 0.167469438772812 0.015292937231366
-0.00451112712123815 -0.00588501076337703 0.221943586364382 -0.145080121249425
-0.0175978431642355 -0.000305493750392252 -0.064635717492769 -0.235544125482018
-0.00866156685256463 0.00563674519480091 -0.180930272689128 0.0788746575063946
-0.00036230501102979 -0.000490537789155365 0.0893365548766558 0.0713595020142122
-0.0312068962040445 0.0117667046119761 0.0420282330650608 0.0219875871442943
-0.15691963234372 0.0478841278948049 -0.17483748251244 0.115800211098991
-0.266256498638131 -0.0940276049141362 -0.206064165857232 -0.135782193546792
-0.127452890707606 -0.313652724966129 0.147791172861143 -0.178475855395672
0.176984556281666 -0.287493885372017 0.032324072026272 0.243484208513402
0.263659543816208 -0.0279707260010176 -0.508292904766646 0.123865061272631
0.0831863930239854 0.142214743657246 -0.26225154159679 -0.305725015704604
-0.101345679343672 0.0409722735513015 0.238153423386818 -0.0985929430046443
-0.117790728375965 -0.0636224028644757 0.348362996994193 0.114113077519322
-0.0560603535989478 -0.01964309109393 0.281811344987595 0.0290280855556786
0.0254807661883519 -0.00169241916907706 0.199166044935369 -0.0318489443040038
0.0336296564559843 -0.0393821314884323 0.189517632573278 -0.171109307362448
-0.030316750554724 -0.0422719884404009 -0.0831890921681895 -0.191101943043484
0.00126925152569894 0.0057408971640802 -0.15771844875765 0.103038333320922
0.0584401004235536 -0.0256634855502623 0.0949837958401875 0.0729325795751
-0.00735958868877544 -0.0034455397602395 0.0982647153728444 -0.0273207012426109
-0.188128531006562 0.0589138108842894 -0.0109680574797892 0.0299798314595341
-0.398249198295135 -0.112867496596327 -0.0684961714801203 -0.0993258936119099
-0.230470475176846 -0.494186626838354 0.0840380305097117 -0.145048806190331
0.290378402068288 -0.482137054231667 -0.0245802452735696 0.11975429510903
0.42402265366653 -0.0276321758284973 -0.33871222855475 0.0328179757470526
0.0947344384933612 0.242265901524912 -0.125998215412911 -0.20920269069487
-0.187244479960865 0.0761767448176743 0.182452284532072 -0.0814322961079644
-0.244243689990355 -0.0956669083577444 0.294089998364928 0.037297982153078
-0.206557645549609 -0.0392563136546049 0.310377296188822 -0.053538296508379
-0.0925792757630005 0.0584706131079496 0.213849872901227 -0.189513436253967
0.00833096139902286 0.0663066039507196 0.0377290231753064 -0.238113078031072
0.0243905469475573 0.0372563354858676 -0.163430176665514 -0.048840442767135
0.0807428262690137 0.0267060252850027 -0.103192759065113 0.164744471986733
0.121348910936438 -0.0507929408291757 0.0792552688743455 0.0601523485611372
0.0700319677701741 -0.039917217187598 0.125054467071027 -0.0625703857874581
-0.0391850223008904 0.00833570699156876 0.11599161212339 -0.0779724200240205
-0.207337278388797 -0.069451377359003 0.0716522254356167 -0.116361953923841
-0.114031691420168 -0.335152012002353 0.0350532594750757 -0.119564384509356
0.268865997838617 -0.299635517088848 -0.0359761565047392 -0.0228037594326335
0.307138259301776 0.0908413672051867 -0.111720836190906 -0.0316323686120177
-0.0225265629754446 0.265394691355838 -0.00148821618293784 -0.0784796828217285
-0.232807078615094 0.11047613855181 0.0957507570300882 -0.0514135149881714
-0.306748686473891 -0.014621020732389 0.162175789361929 -0.0567480891077346
-0.330162040643395 0.0479774011273436 0.183595189343811 -0.14911831114839
-0.22866669703523 0.222265593178813 0.0565427238937171 -0.250305830063661
0.0103327333602003 0.288541087182851 -0.144672029032837 -0.149027110286489
0.162331237432333 0.170534058154294 -0.203331555410794 0.104214297017261
0.199740089843892 0.0353850156298392 -0.0850514749995975 0.178076567894719
0.170814169928222 -0.0700307610055898 0.0190844330825953 0.0466807441968681
0.157078612221634 -0.0741943874574618 0.0893324553910719 -0.0562362931473468
0.165710079727928 -0.0383992923588747 0.110985137136082 -0.148182114472754
0.137253810999086 0.032651813153141 0.111659574410861 -0.184568285652493
0.105812592499521 0.0816156725149505 0.0870724672898984 -0.104776888105618
0.0639648183885788 0.141283805900192 0.05728629294217 0.0119893680168662
-0.0386142422980303 0.197836752139154 0.00346414832676742 0.0586949470874019
-0.196320985275314 0.182082591727824 -0.00254754608642127 0.0385932007825791
-0.241064237131007 0.124336866316567 -0.00796056871222724 -0.00894198753514082
-0.235083444610883 0.147467805109515 0.00216967669122021 -0.0668409709187677
-0.152447596892909 0.199766468057213 -0.018217610404335 -0.092435457398723
-0.0351397011537521 0.20947644659243 -0.0868589445264024 -0.0590175621622979
0.0826663369946285 0.190575542724256 -0.153004163002124 0.0482490986758538
0.166529035253663 0.108520071525211 -0.172557746152192 0.137317851992294
0.196598463623524 0.00873184742176409 -0.126252579431328 0.127317456305599
0.168785457888776 -0.0735461812317707 -0.0640436046368359 0.0424792195067773
0.185201607004598 -0.0869454559087998 0.00990106923157533 -0.0322809506054364
0.216902437757297 -0.0234338280885491 0.0474727326201277 -0.180148505953589
0.214595954580929 0.107762863468949 0.128456612029904 -0.195495137618382
0.100436059749265 0.270643723796567 0.172480527634032 0.025473542012075
-0.145253853086242 0.283993130330254 0.0518470988947242 0.220220249236545
-0.284247760393366 0.122629369474691 -0.107176122925357 0.190676288348092
-0.293914241427533 0.0331168825673226 -0.129955989726481 0.0746607328028238
-0.227005952001393 0.102598252052751 -0.109687911817243 0.0364307142242106
-0.0604243980227302 0.266823403572797 -0.0572666948557766 0.0523706863188435
0.254494928994269 0.196079977230531 0.0234108766145629 0.0639967192014222
0.308435093244439 -0.167999957531548 -0.0120572931638599 0.0573216617380743
0.00623127270021703 -0.293904947003973 -0.0829871683389439 0.116670482381127
-0.121382167048396 -0.103232424364842 -0.0978699030735618 0.108911828910413
0.0162122201144171 -0.00293899065439847 -0.117228004713565 0.0572935699948335
0.10199023349925 -0.0582102926352733 -0.104418319380382 0.0428274222816301
0.144773409696265 -0.0644244151559012 -0.0618238446824431 -0.0244273933776109
0.112931837403006 0.00310506422347141 0.0574341778742908 -0.178452754749097
0.0695180068918 0.0433499808626898 0.162429548029742 -0.04552086204641
0.0219890352193497 0.106241762889323 0.0791899700382105 0.205067567636602
-0.11052123249189 0.116422342885007 -0.116988560521158 0.263200336849008
-0.232726100592384 -0.0132330895785404 -0.259821147698312 0.155535507315418
-0.261467638983961 -0.0751059437802434 -0.274474838351411 0.0154260101788637
-0.185335391639446 0.0659961557790988 -0.194288925808648 0.0709848488457668
0.089776118603422 0.260858899119887 0.0376028135271331 0.224017889901144
0.46141430119228 0.0422299111327596 0.296993502749326 0.0975807581293335
0.360769097722423 -0.436625980047855 0.0741591066885416 -0.0887038742521005
-0.13751028222169 -0.529766042905825 -0.120155447740864 0.106336065605045
-0.357361189845925 -0.18879232883972 0.0258048427593055 0.134624608330021
-0.150626954604807 0.0257972822010645 0.0155119732868701 -0.0157270454310704
0.0229427538873404 -0.0289395363787642 -0.0798204007723653 0.0206929447071062
0.077796831153868 -0.0284091385920757 -0.0954325632721301 -0.0359054601523325
0.0229436976952583 0.0025716665170289 0.126832849425143 -0.126760035885367
-0.0033817633418043 -0.031550162712231 0.126677999421186 0.153961663897052
0.0320396061331164 -0.0179500843344303 -0.12103121628483 0.219011463068361
0.00138677144964074 0.0160727398285316 -0.197078863099691 0.0928140798028371
-0.086410417111977 -0.0453099745329164 -0.269944938543694 0.0282584926789018
-0.147000562259465 -0.0816781561309875 -0.354738897225203 -0.0742577612631106
-0.108340946113603 0.0358949476343032 -0.249882270812616 0.0882825112757935
0.111871215263788 0.152967699804651 0.197775232125879 0.33839868012964
0.321370252468141 -0.0586621422560865 0.521952963862623 -0.00492930528443883
0.169428554525991 -0.326526220830724 0.0433553906160735 -0.257280815339767
-0.142183489765588 -0.332040794592326 -0.188069213420768 0.120305416538324
-0.276988428582635 -0.108523369164769 0.149801519390512 0.173252140543281
-0.139112835897346 0.0393554606093323 0.174888218693476 -0.0908688897123028
-0.0086441059900655 -0.00243523861694447 -0.0326328946321963 -0.0243048516681085
-0.0113146499492768 0.00680744718476822 0.018938024811294 0.0421463963703037
0.00358301075165698 7.26029957861651E-05 -0.232372043294077 0.140818945205608
0.0155001218127863 0.000752579034182667 -0.251448026104407 -0.154924751131915
0.0150513690412012 0.0147186012198105 0.162926542570411 -0.182615455943406
-0.00921774362529195 0.0321761163595563 0.0459626625930052 0.277179229362734
-0.0322969372260152 0.0234090999952162 -0.552559330741229 0.153320370484378
-0.0148837381865413 0.00316270333649928 -0.313082670652151 -0.324643619864042
0.00244557179505681 0.00754234545986138 0.248737454221691 -0.115431113706298
0.012119112986713 0.0190945262159511 0.354629009338575 0.109221852136184
0.0145616287349843 0.0122895529238065 0.241111748446746 0.0246621761805252
0.00341066416243439 -0.00532127356215994 0.162144453949168 0.00971484504151922
-0.00506716303647568 -0.0053368005425877 0.212689886499912 -0.152286194210993
-0.017484502709129 0.00111196229694276 -0.0735780729840531 -0.230409336377331
-0.00763714206976621 0.00571087864693102 -0.176650813178242 0.084599853075625
-0.0006570499944633 0.00023604815225285 0.089177449351251 0.0656970940916621
-0.0294081354303435 0.0123479629968909 0.0453787344061083 0.0198235365033378
-0.150537052858001 0.0533209480685045 -0.164208203495953 0.122674197586851
-0.265183990447653 -0.0779138638508464 -0.209630891503051 -0.122363058389393
-0.140035186890541 -0.301400986814312 0.134399842056808 -0.182882980914283
0.159133872050401 -0.290238214653983 0.0421378031444736 0.237975523364901
0.256952335950253 -0.0405685237292334 -0.490964294410233 0.146106263142054
0.087310011737528 0.13620914266937 -0.270115594454642 -0.286556636257296
-0.0977224864481681 0.0440172071064903 0.229379477328762 -0.1065686916824
-0.119150772292716 -0.0584387901645146 0.345671246892097 0.0975653019579168
-0.0542718843423485 -0.0170299444421212 0.273616552794076 0.0152502172267678
0.025805108573939 -0.00368896024280043 0.191403704317045 -0.0376638165721685
0.0313147120157369 -0.0419364729722878 0.17956225463885 -0.177417452330289
-0.032563830777286 -0.0400762638990398 -0.0880633189347345 -0.186575492709784
-0.000530899783771918 0.00645807860023389 -0.151459174158172 0.106325303005706
0.0551859056201857 -0.0274934274995995 0.0957389773085474 0.0660327008366372
-0.00543307031266674 -0.00426141784875213 0.0963226632114152 -0.0310833421900617
-0.180392461350247 0.0663344027336582 -0.0072316771350664 0.0295988333495076
-0.397006267079808 -0.0919366204472997 -0.0718711358755113 -0.0957499056931803
-0.247793386970117 -0.474258220656109 0.0739706281550236 -0.146439261744221
0.258746480769437 -0.486010429668789 -0.0194622872281713 0.118485753218074
0.412273143556816 -0.046091234945653 -0.330651958014741 0.0507731811771707
0.104431698910144 0.23367488483252 -0.132103848688026 -0.198209406281424
-0.17983002498583 0.0837526768056866 0.175302420251497 -0.0871749860067411
-0.24415160072798 -0.0831277404650805 0.29043461213742 0.0230726915894278
-0.202650248587157 -0.0295586572937406 0.300514699447824 -0.0667629857284447
-0.0869538959220882 0.0591224764868808 0.199671828551779 -0.194935031249777
0.0124154894926518 0.0621984454649185 0.0284843796778047 -0.235993569063059
0.0232999303497313 0.0347884328574172 -0.16043165817928 -0.0427246602150967
0.0788135032958751 0.0235952852956 -0.0939833395238781 0.165009495446291
0.115278759905342 -0.0550022002039646 0.0800182250138222 0.0551995207372004
0.0678561898731053 -0.0431915388883532 0.121973592459541 -0.0660983417086187
-0.036139850925402 0.00923169968218055 0.111632578902787 -0.0825407147649343
-0.204617675514748 -0.0580149587108145 0.0641424752204551 -0.119085838004426
-0.127235878333252 -0.322090884226324 0.0281488571943981 -0.119472878618475
0.24855616887936 -0.305587883665645 -0.0372853500897202 -0.0196953288645726
0.303195277373095 0.0749617320248723 -0.110870451342784 -0.0233628092565241
-0.0119035357756092 0.260317838467135 -0.00440469199373589 -0.0757121367718736
-0.224210835694346 0.117313532152045 0.092770210274743 -0.0546636376853635
-0.302145312734656 -0.00196707750628138 0.157125053365801 -0.0635156051861837
-0.320948483927523 0.0610788584878613 0.173641564188035 -0.154708860237974
-0.21471549946168 0.227284358505204 0.0453770657442821 -0.248369573673247
0.025268968106533 0.281749747553368 -0.146361574910121 -0.140738555799725
0.165816587673902 0.160162589756405 -0.19280226440528 0.111407404947927
0.196311570805926 0.0265073518237871 -0.0742452100226285 0.177924370705756
0.164727507206967 -0.0761636140985981 0.0195305301214065 0.0434209020286785
0.151889447972494 -0.080564430334109 0.0858401041151123 -0.0586718719916108
0.162248115164219 -0.0452401309013514 0.101976915765769 -0.149082491932215
0.136979873700491 0.025918789389679 0.0997296797441343 -0.187173080326408
0.107390245685987 0.0767099599431697 0.0788681731214549 -0.105404607346445
0.0677389872877086 0.136919186824573 0.0556087509404671 0.0102205892446468
-0.0305458738842053 0.195041414597162 0.00683615925338623 0.0604258801281898
-0.184407688997249 0.18663540710709 -0.000240749211945879 0.0390250385264382
-0.231248923065828 0.131030065695675 -0.00808712622938392 -0.00946839890160306
-0.224772548229232 0.155003835229135 -0.00264806069701436 -0.0668283099250372
-0.141859452169173 0.20248256430605 -0.020905356019781 -0.0912373801149085
-0.0262442803506242 0.208593487862632 -0.0881197551626653 -0.0556208444019328
0.0879769234792634 0.184779691054509 -0.146953518909588 0.0523819101038342
0.169236192227856 0.0998938465533167 -0.162384446270075 0.143921059699708
0.194869854237188 -0.00111089833652787 -0.118087157909183 0.13099196293881
0.163663915872935 -0.0794621695312994 -0.0619095521644892 0.0432733465542221
0.176568436979696 -0.0937057877602125 0.00960482115028471 -0.0308858491591274
0.211316893232272 -0.0319260947019292 0.0379872473429518 -0.17738791285504
0.213620986343139 0.0964442175737467 0.115470202297 -0.195939992893511
0.110406281325294 0.259919598578427 0.169509231537773 0.0197802610171147
-0.130549570591149 0.284580809541435 0.0596630234508413 0.215029307528948
-0.27311954488598 0.131304677675823 -0.0959668755686262 0.193049127727993
-0.286981130577092 0.0435387125071827 -0.123824188170667 0.0793595014833399
-0.218005826311603 0.109120410485015 -0.105781916051131 0.0390740051792799
-0.0487389720401185 0.263489106599763 -0.0551499293165663 0.0526281235631411
0.258417096574855 0.181052801457743 0.0260923488034205 0.0598976013175063
0.293956185752099 -0.17643068657933 -0.00948718775741456 0.0545491758208222
-0.00758486668328354 -0.287116258967548 -0.0756143904550684 0.118958967092326
-0.122630982207429 -0.0953474495230647 -0.0916993664133199 0.112123604449217
0.0178470987965112 -0.00375853248931637 -0.113115895179346 0.0611234697422749
0.0989007888167992 -0.0632540312510227 -0.101430349611804 0.0452673910613847
0.137718557040911 -0.0688208735915278 -0.0606233135813749 -0.0197811051212899
0.108917124186365 -0.000193901195577304 0.0481399976615517 -0.17611686508766
0.0675493851487291 0.0385808345562469 0.156175612192263 -0.0488337364275781
0.0271267660479898 0.10074765179368 0.0861722163083448 0.198437935005148
-0.0994705095446951 0.117457251279649 -0.10208937750496 0.263569785436461
-0.227354827926563 -0.00544455161741228 -0.24461983533287 0.163716017261057
-0.259143465509754 -0.0629794228932069 -0.26817709602134 0.0271126479442056
-0.179149086738094 0.0726026398177658 -0.189850148329191 0.0758537278526693
0.0995502250936399 0.251242395854241 0.0460006105909317 0.215963278133389
0.45425230006357 0.0212823401629215 0.296102256340097 0.0806989067437024
0.333380761138438 -0.446183875784421 0.06954912211407 -0.090889831327865
-0.159765000155745 -0.513285322223563 -0.112452710055403 0.109475890595529
-0.35898518728794 -0.169026404719684 0.0300288815900956 0.13128257568792
-0.144574108285088 0.032328254939844 0.0126152258278093 -0.016231824457528
0.0227308025834054 -0.0311411925905776 -0.0799018742493231 0.0234132912859308
0.0746650843576323 -0.0303875181465803 -0.0937496923136883 -0.0300302057352218
0.0213308059407104 0.00251401374469406 0.11806421711179 -0.128120765441531
-0.00580279656183195 -0.0307845699525757 0.131052525480769 0.146898237182909
0.0309996037272531 -0.0205488412446686 -0.110618661524271 0.219975353455274
0.00299670752341137 0.0148804059267953 -0.186515424904754 0.0983347251114955
-0.085589435524134 -0.0414409569616068 -0.260420127919965 0.0386834645320174
-0.146985032530637 -0.074500528711774 -0.349133506771221 -0.0552352070824883
-0.104803269821175 0.0402362836671563 -0.242786066885619 0.0953369744395116
0.118079893591719 0.144809461782246 0.206899180596583 0.320956068412275
0.312106832333331 -0.0710671268299022 0.514922152850121 -0.030412810019715
0.151560095122128 -0.32607862613668 0.0325031711952792 -0.255452614926475
-0.154442488254547 -0.318907856790017 -0.176791092443764 0.126190695302089
-0.276558547023889 -0.0951175268946585 0.154631126556374 0.163008219235801
-0.133604554809038 0.0446584381219507 0.165902264912869 -0.097049079224711
-0.0079307795123738 -0.00357533445273761 -0.035712981856958 -0.0224863400778579
-0.00962748299571363 0.00833916657405742 0.0234672275944284 0.0380609723766584
0.00673931621404637 0.00106935577465327 -0.216061432378407 0.152651679582781
0.0162561106781241 0.00286138268090973 -0.254588317912236 -0.133956197510738
0.0146958794658491 0.0139548704012132 0.144508936108101 -0.187023883683116
-0.00462654070118885 0.0308486663571305 0.0605049703550479 0.267757450621168
-0.0264767218827424 0.0275256148343678 -0.527799010696184 0.184529650824084
-0.0138641376693749 0.00607198008857196 -0.321265583521883 -0.298456794073878
0.00276661938592492 0.00709567950398495 0.236955885069537 -0.126518650798331
0.0124463618760674 0.0154412067678042 0.349338750930664 0.0898908196585433
0.0148591717534816 0.00875870242144123 0.231273004811641 0.0118107941693681
0.00110069233966069 -0.00701179404428913 0.155353980419412 0.00329761509613155
-0.00774195659312743 -0.00525360768532055 0.199359124840173 -0.160741772510597
-0.0167433436303288 0.0054113666664559 -0.0839926042621127 -0.222025706309678
-0.00431453218192107 0.0069884906236537 -0.16757225339601 0.0919184992595765
-0.00145629478012623 -0.0016272452264246 0.0890669437092819 0.0579569393798147
-0.0274307593574914 0.013475189906492 0.0475835324234858 0.0148521160696098
-0.141189280191269 0.0646188445235339 -0.147590900387674 0.129354477115251
-0.264765634731117 -0.0549114252215751 -0.210939569572035 -0.105218132336956
-0.160400606076108 -0.286426216797811 0.118079419662388 -0.185631965901278
0.138098928826597 -0.29429126539027 0.0543652489758313 0.229927816349423
0.252429824590487 -0.0511684833305185 -0.470814827671342 0.175423123901402
0.0929761698971059 0.128823497571809 -0.280040981181105 -0.262265998180661
-0.0943874428097403 0.0482091854082269 0.219894312751021 -0.114932597608848
-0.117835812213123 -0.0511920643191236 0.338873075856709 0.0758577782802157
-0.0521572903567108 -0.0146101004670431 0.263219506176845 0.000683411528221635
0.0244050694741423 -0.00734353315723731 0.180756809886933 -0.0446557132743723
0.0276830014128107 -0.0441830351786206 0.166812264925743 -0.1806080961232
-0.0349402825086463 -0.0349173814131529 -0.0940835900361275 -0.177688146737132
0.00165121353983276 0.00606421783269425 -0.142275305091359 0.111465040664858
0.0506508932349533 -0.0308304997040217 0.0959171307430388 0.0575197787472992
-0.0055165527279888 -0.00553813485825801 0.0928057859850783 -0.0365307291804614
-0.171473966557862 0.0773967644925609 -0.00205402491961313 0.0273907460503799
-0.393095011852859 -0.0607796726025471 -0.0737553517192517 -0.0893198322465004
-0.277917557852534 -0.447873421495914 0.0630868223163907 -0.147173387814076
0.2253804279371 -0.492923710881327 -0.0124333471925681 0.119840619749241
0.401454789720246 -0.0662007318778076 -0.320608963122529 0.0717976095854077
0.113898988536026 0.221693410110135 -0.13995413147 -0.183031779477876
-0.171841955468016 0.0895958628733326 0.166763362653405 -0.0940399281486601
-0.24084857283517 -0.0692658896015208 0.283178422376444 0.00452163779676128
-0.196016262170025 -0.0195896422946804 0.286779501669794 -0.0838851615925453
-0.0806095409158099 0.0611712025026664 0.182538272175264 -0.200741567364387
0.0149696882859588 0.0580741463336679 0.0149196090578635 -0.230358391707909
0.0248391182187454 0.0328812852427161 -0.156701156675983 -0.0339308260381068
0.0777376255302927 0.0180490480465897 -0.0807314892455595 0.165273136842606
0.109296151429282 -0.0606939531879348 0.0809946181957269 0.0492858345199744
0.0652576499688927 -0.0502781556668824 0.114452230851921 -0.0700678838282772
-0.0355322268222751 0.0109708608719277 0.104071688985306 -0.088722811381561
-0.204075476583438 -0.0412306360435819 0.0557106494036806 -0.121927798782379
-0.147929910279634 -0.305232194483012 0.0201327182178876 -0.117232042891737
0.222411218819393 -0.311854598595712 -0.0378429231874751 -0.0143438519239046
0.299295650048131 0.0569125060788785 -0.109332362682302 -0.013115425229997
0.00186040205173349 0.253895846092888 -0.00841317571780556 -0.0726485630954479
-0.212750238879384 0.125095207542311 0.0866610251465399 -0.0582443228324987
-0.291746817877319 0.0124808405097985 0.147026503887959 -0.0715854772472512
-0.306486443832595 0.0748340180732439 0.158910504639176 -0.164274827607222
-0.195286284846294 0.233508696080236 0.0288613171450707 -0.247596554347124
0.0392177085720129 0.270718005394256 -0.153046536661105 -0.130017244908774
0.170591567811209 0.143797216374647 -0.180976706097063 0.120599197489214
0.194558143381908 0.0140556845741383 -0.0606658134787444 0.179289174086546
0.156323606906275 -0.0843848479620755 0.0227448683540354 0.0427225487933287
0.143802081152587 -0.0908908641119397 0.0803626891735946 -0.060662881925046
0.154405578449472 -0.0556149827048667 0.0896889092115149 -0.151309113742984
0.134330866224924 0.0173628832097523 0.0826986133920656 -0.189276825409388
0.109834548873714 0.0694561760689202 0.0693509358925339 -0.106935824041137
0.0730421218815483 0.129171158669434 0.0539330827726385 0.00855688423829868
-0.0215259801828704 0.191900431437881 0.0110224337258696 0.0599863197687412
-0.169930411894571 0.191251753088599 0.0028566857635715 0.0372198256832956
-0.220609454877764 0.137991886045071 -0.00800079685379608 -0.00942595003114487
-0.21001239920527 0.159138467486493 -0.00742285139957075 -0.0663358458915707
-0.127562717226218 0.202785781514207 -0.0269869701053492 -0.0904254838791957
-0.0140032264775721 0.204452511682537 -0.0918979964023693 -0.0501962498927674
0.0970288130020061 0.176104711545356 -0.140632644269546 0.0600101468543799
0.172517184435238 0.0858395646337697 -0.149823778560044 0.151371942088772
0.191707050337057 -0.0121774382794865 -0.105326654918383 0.135775327955061
0.156632947956155 -0.0878495435042164 -0.0573722824043153 0.0478678350313178
0.166482756824962 -0.102924608039577 0.00776728587816272 -0.0272814490893041
0.201617619714904 -0.0432217583260808 0.0242469351471709 -0.173746732826087
0.213178642207136 0.0800989460075856 0.0966834131596922 -0.197218424686257
0.124415766418618 0.245216365854206 0.166282091202066 0.00881652351230822
-0.108298709594882 0.284920630049972 0.070122146875657 0.206636948194959
-0.257449616046211 0.141801057536885 -0.0804687652491122 0.193039545473338
-0.276076822784298 0.0579865683590935 -0.114211868232231 0.0833433080615933
-0.208994047193197 0.117273607128766 -0.10098040666112 0.0431903431367743
-0.0337778549946326 0.256716752015124 -0.0525384864870167 0.0530734124562755
0.257933285189225 0.160313536328292 0.0259712108711882 0.0580511347673121
0.274088049877165 -0.188424782803471 -0.00397030501925159 0.0568004413994643
-0.0228371018948873 -0.275773158992593 -0.0613185320540399 0.120524170343563
-0.122954371372822 -0.0849021261734464 -0.0796562966228791 0.112419901024788
0.0208492822282309 -0.00433704358081809 -0.106793115199863 0.067513141637295
0.0943163466407241 -0.0682606178141321 -0.0974586936368901 0.0506111090501283
0.129365040618959 -0.075074257348508 -0.059240080103306 -0.012347218777945
0.102781224679833 -0.00526899249689762 0.0347007619783222 -0.173942634318829
0.0659630227620621 0.0330831700130333 0.148449396888024 -0.0557500359432757
0.0342213063490497 0.0937076164414632 0.0956540224607606 0.187392421656483
-0.0873821719860023 0.119417290898482 -0.0817701127540796 0.26212318519671
-0.21972922268546 0.00770026661206848 -0.227745960429931 0.174008595980115
-0.253875326225339 -0.0468406847919189 -0.258264337575362 0.0430552973665993
-0.171819384169898 0.0798796192335477 -0.180664167304573 0.0838803041142753
0.109502256600061 0.236422263771054 0.0542211570813552 0.207079503262865
0.439190968960663 -0.00612294449858914 0.291493602252415 0.0656921122785628
0.295703210496365 -0.451528390512782 0.0688247000781156 -0.0875901035858453
-0.183534799994626 -0.485922100994483 -0.0935615122899927 0.110822102539784
-0.358531987728307 -0.142132838797473 0.0404135542515286 0.119859918659831
-0.137274003700402 0.0393483663494731 0.00894871491144641 -0.0181141453089474
0.0214855132249911 -0.0320931971399865 -0.0771146754816626 0.0274502382869809
0.07102165649927 -0.0325348516066915 -0.0917474498067063 -0.0206544981020082
0.0179141269153887 0.00234003274548893 0.107890665819458 -0.133889953823629
-0.00956158067458125 -0.0319616083440971 0.138045284861238 0.137028547734147
0.0315250339288416 -0.0226721313357198 -0.0943873601085533 0.220034285688599
0.0060981662879776 0.015410538121605 -0.174618476051524 0.104674655392844
-0.0842678873633393 -0.0343884846230156 -0.248020033886241 0.0514027896506621
-0.146147167501975 -0.062734131453776 -0.340186440329442 -0.0342972666255324
-0.100436695170563 0.0457397986080708 -0.233465702264297 0.105459070498088
0.121627801178674 0.134062872022476 0.217221543674773 0.298593005238911
0.29704459057382 -0.0870637147508464 0.500125063292786 -0.0534425701179081
0.125587794963561 -0.324745932184619 0.0232485793142702 -0.248580244873594
-0.167049055255064 -0.299398921163328 -0.158869104925399 0.130352216994246
-0.275779768650966 -0.0752572554929717 0.160532245786238 0.142708512272681
-0.12918031407209 0.0521256389439764 0.152568501290667 -0.105788338329102
-0.00822142594273679 -0.0032973766882432 -0.0380968728449235 -0.0206634844706103
-0.00929303936111558 0.00809957923199327 0.0262025236337306 0.0365307207657963
0.00710224458295379 0.00129309047782378 -0.206098422182659 0.152404698622895
0.0150761374661326 0.00360309471692351 -0.250105026795435 -0.124028853088956
0.014471297510707 0.012628040562405 0.137876381808831 -0.185036967608878
-0.00576063269490045 0.0313855805122169 0.0618354759564495 0.26026466152763
-0.0257415686024916 0.0269663493500387 -0.513967967489472 0.187483799966115
-0.0135762435717006 0.00501943375800179 -0.31663399607002 -0.285255330665641
0.0030231018033662 0.00852765733391314 0.231608264832716 -0.126328150612293
0.0124337220925244 0.0148456846786096 0.341613267037106 0.0832479143330821
0.0143733841488521 0.00813543171689261 0.223436197948918 0.00842657775639089
0.000924620614302328 -0.00682611314913554 0.149907871986529 0.00452709910340556
-0.00795694411194135 -0.00602442643205901 0.194020559444159 -0.159481269919995
-0.01758537446906 0.00692978084651717 -0.0844745573689214 -0.22005782273426
-0.00347492077097639 0.00532376906549569 -0.165054181433173 0.0912858442746365
-0.00100120384981592 -0.00202119251632421 0.0873904030609483 0.054940770304301
-0.0257203251852238 0.0130813042481181 0.04880463620299 0.0151107089409438
-0.136097632070448 0.0650238555098805 -0.140030221658842 0.127640731269156
-0.25983166085607 -0.048553794681719 -0.207770280946033 -0.0984831190505952
-0.160428266750907 -0.277580784803716 0.112240974965504 -0.183480551772915
0.13083332771978 -0.290260824684512 0.0562014250285363 0.224547769635931
0.244830234622794 -0.0537388751296957 -0.456592265779494 0.179672422372187
0.0925822434751169 0.124385257931165 -0.2744055878192 -0.251791028188922
-0.0905494490776355 0.0490813146269619 0.213573561278823 -0.11378397476096
-0.1155696857234 -0.0485192944572883 0.33280589575898 0.0712265163446113
-0.0499699310119678 -0.0147130716620902 0.254206156935254 -0.00318109287048688
0.0243261528171332 -0.00785825956714158 0.17495622840662 -0.0435029498305643
0.026042846334917 -0.04542382586487 0.161833887868668 -0.180193347183199
-0.0364355178798113 -0.0326099086996268 -0.0928763278074652 -0.177397952334254
0.000193131440497494 0.00650258571579727 -0.139653702786168 0.109729776797638
0.048180134298263 -0.0299172373264549 0.094407700263376 0.0545284088486536
-0.00526501832362163 -0.00660466883529009 0.0929323002509829 -0.0357975897453458
-0.165576251761849 0.0780740419971056 -0.000247175563205471 0.0265898042772945
-0.384210006768079 -0.0522050057586592 -0.0737717220048645 -0.0870185857447594
-0.278129677574346 -0.432437841782643 0.0592895591622371 -0.145280104088886
0.211025695328587 -0.484154976069442 -0.0112026796859731 0.117909879161105
0.390298149825526 -0.0704224666491003 -0.310756728646192 0.077780731342479
0.113467651668594 0.214760103977566 -0.137353328696263 -0.17584768826571
-0.169047410402493 0.0891055818857415 0.161907681798738 -0.0928848525093448
-0.236974960383281 -0.0641469655507939 0.276331959716809 0.00112677551603299
-0.189872050180373 -0.0168453664505719 0.27897458836914 -0.0854593940100753
-0.0773109672531687 0.0589396342364688 0.175425683217637 -0.197992228350875
0.016648687127382 0.0531744462842614 0.0122211747520675 -0.226405450754339
0.0226072040774077 0.0317273407369877 -0.151775948398922 -0.0331109389057993
0.0752717892630922 0.017947152947573 -0.0773025556562045 0.162640941747932
0.10489022365074 -0.0592101126865826 0.0792748865671798 0.0459816936303255
0.06382404404573 -0.0499787106469234 0.112202735726816 -0.0698391033396082
-0.03258234288141 0.0100042061305078 0.102302646345985 -0.0894619502055346
-0.198945932224261 -0.0362441155150762 0.0520120620937131 -0.120843496496819
-0.149692887609579 -0.295041519559191 0.0171470964678816 -0.114820069747381
0.21078605018983 -0.307846200690947 -0.0377687009313566 -0.0112802932881158
0.291325359461764 0.0517994070865509 -0.105370276600602 -0.00847057827683244
0.00474971197014333 0.246730547650635 -0.007570864137544 -0.0694281710356589
-0.207212902146907 0.124215046680995 0.0842297760117326 -0.0576565457900683
-0.286019689173637 0.0151218217939479 0.143299094430389 -0.0728122801336487
-0.298985291063717 0.0761778225571159 0.154097288236106 -0.163954476858097
-0.187890182648804 0.229556149953802 0.0244473197663096 -0.244256021258125
0.0430169960584338 0.262328071180851 -0.150522270447083 -0.126147293627599
0.168740120360641 0.138946494761561 -0.173189058698717 0.120588522261078
0.189486648289285 0.0109507121361854 -0.0555912593576668 0.176234349018826
0.152086616579319 -0.084472277271521 0.021657099465356 0.0404065791694489
0.138215160785203 -0.0923451406327382 0.0794753975397733 -0.0595291692584974
0.152491276505296 -0.0579116490391128 0.0866002525627537 -0.149482608842824
0.132760631051753 0.0159938118731364 0.0772916594360342 -0.18640727988648
0.108341473704557 0.0667643996285348 0.0667820779709551 -0.104057844176027
0.0722484453460406 0.12633905928479 0.0533477685266197 0.00988574444326316
-0.0199211648310222 0.186897058186026 0.0128458614115901 0.061339263290814
-0.16338771951586 0.187767358058095 0.00373506641331643 0.0364744899993902
-0.214149728540388 0.135226043884333 -0.00813660435495364 -0.00857381415393087
-0.20209949296659 0.157293030807421 -0.00861165714010607 -0.065796315289287
-0.121973787350174 0.198690911882588 -0.0270175044845201 -0.0897355589065577
-0.0113077691185342 0.200022010942087 -0.0899446986940407 -0.0496860319532991
0.0988809268975608 0.171381810724328 -0.135494157730747 0.0597670204962032
0.170377566745981 0.082483166636171 -0.143291154742812 0.151352886623578
0.187822216445366 -0.0151784226472051 -0.100883484555249 0.134384683327671
0.152329402481551 -0.0889304107408362 -0.0561376595700877 0.0467776590151106
0.161218547137367 -0.103110613900569 0.00871195250569731 -0.0262417545076533
0.196402139485969 -0.0446033784902155 0.0219317227038741 -0.169868599534989
0.20851095840895 0.0745994456415249 0.0908178055124303 -0.191957348530055
0.125350183902567 0.237629623779931 0.162017718105587 0.0088840250228968
-0.101017057257287 0.279496947111268 0.0729897163728696 0.202044945644798
-0.251038873708248 0.140414077661223 -0.0752949706783901 0.191127210999172
-0.268294323005098 0.0584161708131716 -0.109680592815549 0.0832670961350445
-0.203542807654748 0.115280218566559 -0.0986838634182451 0.043142212289945
-0.0292642550957201 0.249391990498222 -0.0517372559320856 0.0524650147131581
0.253639980767151 0.151855145256648 0.0268163770596567 0.0550425773022919
0.264390555379805 -0.187969804959791 -0.0034216859965568 0.0561308706846772
-0.0274174088407618 -0.267669976928772 -0.0567590505361843 0.117558695544228
-0.120551346649747 -0.0802303932020632 -0.0776455767842142 0.111592433687459
0.0218463474754883 -0.00528522980744581 -0.104531917007261 0.0673004018667437
0.0928488705477147 -0.0693755543621195 -0.0957507699223018 0.0499859064164271
0.125585196614814 -0.0745031250744284 -0.0559616869874514 -0.010984750714431
0.0983555285328307 -0.00534811337420177 0.0313630288332852 -0.169684718261931
0.0628835407373186 0.0302446161938536 0.144250100686142 -0.0543745565292665
0.0347717238033811 0.0886598652144964 0.0960330168843397 0.18312259807843
-0.0817515034457194 0.11674532915334 -0.075999084607624 0.256332900758633
-0.214105259606617 0.00831589460337789 -0.217993071320289 0.171539198987888
-0.248571807289169 -0.0443809456591946 -0.249332663395625 0.04400798062708
-0.167258520691216 0.0800697769591001 -0.176441798875484 0.0845514996728633
0.10989235388524 0.230544118156126 0.0551581407727209 0.200049418083289
0.427591610311916 -0.011496345863965 0.287020312124379 0.0578566962962019
0.281463497791197 -0.445382855849892 0.0661205331386853 -0.0871540968834556
-0.188577223166405 -0.470901419121394 -0.0882294403896783 0.109705582011005
-0.353045341966626 -0.133113257444498 0.0415566251964845 0.11751920139417
-0.133003872381888 0.0404667456255409 0.00731503116911615 -0.0175846656474105
0.0210114924326448 -0.0335760169191381 -0.0771592292627396 0.0263853533955766
0.0693000991107743 -0.0315809936939206 -0.0884530768674456 -0.0186946140871841
0.0162050414988206 0.00228594755191254 0.104977461204855 -0.130490297459278
-0.0106349902415109 -0.0304852792631719 0.136665301656549 0.134186772481331
0.0299632345292237 -0.0238316372030761 -0.0906317914235873 0.216970436662382
0.00754077642729202 0.0151220014442343 -0.167428843686609 0.102668086116511
-0.0821351421057269 -0.033318061216396 -0.239211022457188 0.0513796008997022
-0.144061070709854 -0.0600956285514907 -0.330677945915646 -0.0290802818202566
-0.0980055726039637 0.0455903740610565 -0.227851916634879 0.105039648668202
0.12024217179211 0.13047442450075 0.214708930526441 0.287659708871137
0.288779041720925 -0.0894757297548349 0.489910767170825 -0.0604087416327423
0.117731030824185 -0.318052976854512 0.0198116244128534 -0.244961370034767
-0.169517171140497 -0.289979430583055 -0.152953341679497 0.129164133515766
-0.271009786354056 -0.0700550897787171 0.159252145321722 0.138211515230517
-0.125306624534125 0.0526196481497546 0.145971306816005 -0.106293507764061
-0.00723083138520476 -0.00424479837064266 -0.0391074056505706 -0.0193658995529898
-0.00996383271021847 0.00900070697811439 0.0288669743207251 0.035590145115334
0.00633965996361194 0.000590103981198749 -0.19999348313757 0.152894888623474
0.0157089911744631 0.00366464626962597 -0.249573412731204 -0.118480820062598
0.0142548379104413 0.0121887671285974 0.13424346975744 -0.184211952414402
-0.00521167973562797 0.0317366965021442 0.0633059240297452 0.256349838027493
-0.0258714876908924 0.0275043834365702 -0.504075163069509 0.191132782928867
-0.0120302603773521 0.00557978883623446 -0.313111008852273 -0.277416660290668
0.00365804848188182 0.00910910453618107 0.229374859624222 -0.125886679818904
0.01227879614293 0.015000316242993 0.337420338757856 0.0793662212190188
0.0139023193186803 0.00808325685808827 0.218281537976188 0.00667889041442837
-0.000286036717160339 -0.00714613075027763 0.146806081562799 0.00564035808268829
-0.00883075671310512 -0.00555899817582159 0.191327248917721 -0.160757032809079
-0.016268729579437 0.00782077254289356 -0.0851435135930927 -0.219447335878981
-0.00418218125096634 0.00545754274340479 -0.164345624003248 0.0917919343160542
-0.000999800716664721 -0.00186698951242552 0.0862701793925371 0.0530249358526443
-0.0257058816524657 0.0130487217441616 0.0509335893124513 0.013781215036633
-0.133083120228744 0.0660963538135901 -0.135396713492756 0.127159930961887
-0.257447509162846 -0.0445414256358084 -0.20651930578641 -0.0941323019208252
-0.162211564793196 -0.27253659334011 0.107180688056175 -0.182596938867168
0.123989520545719 -0.287651548675328 0.0573649666171039 0.221257983666762
0.240552176619233 -0.0555287408803849 -0.448594268353176 0.18508263694176
0.0926535199858635 0.121533345223256 -0.271609879071814 -0.243660600489124
-0.0903459069439121 0.0496490495358043 0.211910347165126 -0.114402090816291
-0.115191003856753 -0.0462122291299245 0.329164341051643 0.0668001190099015
-0.0479349374924136 -0.0144023719776104 0.248378306902227 -0.00467292084350725
0.024828317970482 -0.0094522850194275 0.170871711813354 -0.0435116307123075
0.0250282656396958 -0.047080934080179 0.160460254296184 -0.180701557240517
-0.0373969359501827 -0.0317091421984895 -0.0920894158819837 -0.177889528970098
-0.000860222171169257 0.0064637533933486 -0.137997725079756 0.109485230606567
0.0476104730177589 -0.0291602701564973 0.0930387344515286 0.0520643811158426
-0.0047752632598802 -0.0077270694780901 0.0934197306585948 -0.0366986558161504
-0.160972583047549 0.0779444558086398 0.00197999641447911 0.0244317622395946
-0.380975660771767 -0.0463493140834369 -0.0743804864455327 -0.0851877131267882
-0.282092675659565 -0.424575940058174 0.0561801688054639 -0.14450974748082
0.200637379702005 -0.480274317405232 -0.0102195118744107 0.116524008820599
0.381390714126531 -0.0723876095549685 -0.304117089974838 0.0823633808091543
0.112031978465004 0.210941372103893 -0.136606637098725 -0.171034415583265
-0.165962254831463 0.0886533943208688 0.160980329243756 -0.0915803716390263
-0.235197447904667 -0.0617920405069002 0.273553670209871 -0.00178663011062477
-0.186070980042357 -0.0153181451727489 0.272582509028131 -0.0866306722184331
-0.0738258081160747 0.0579265472025952 0.170937763865755 -0.197157767441967
0.0179032520942357 0.049944659888824 0.0122277213846683 -0.225523121436833
0.0212474324348123 0.0303552629936203 -0.148400285748654 -0.0336874641985217
0.0733137276991065 0.0174351578612374 -0.0744728482733717 0.160705718249751
0.102139851619662 -0.060345348366936 0.0785278298553959 0.0434756491621768
0.0633925488454542 -0.0520721330928456 0.113001787636425 -0.0694303652674793
-0.0294544089405285 0.00949894088993829 0.100982536504829 -0.0901699135262314
-0.196387912311524 -0.0336639144835524 0.0489663861917053 -0.1210024190815
-0.150772656088468 -0.288629187552096 0.0159703251096124 -0.11278612708923
0.203058599580701 -0.305024022339752 -0.0367396223121947 -0.0101999714012764
0.285858616532383 0.0485179092022423 -0.102455122156618 -0.00464902121848179
0.00482107475669843 0.244214956608298 -0.00660541502596963 -0.0675137403509888
-0.204796232910354 0.122300216374055 0.0838140228890779 -0.0566326535276743
-0.282008289381426 0.0182469671981281 0.140574823040715 -0.0736657907974755
-0.293421336895477 0.077288633801082 0.149712511425565 -0.163596687849427
-0.181450646394108 0.22753173359786 0.0223852102452191 -0.24181630503466
0.0456886262584584 0.256522032342497 -0.148697216311456 -0.124575625219145
0.168008468426692 0.134524211454522 -0.168793509027677 0.120910038958467
0.18729276282892 0.0102000949394838 -0.0528976623585252 0.174901828085204
0.149832171817226 -0.0841440312457707 0.020986361149451 0.0390820015797877
0.136879822263303 -0.0934465464169833 0.0792961938441389 -0.058451262344494
0.1509802439848 -0.0581218542553017 0.0836064860041713 -0.149505763335321
0.132904328245997 0.0142915970310318 0.0716924570814243 -0.184524117363577
0.107946775470601 0.0660057799318634 0.0647443051678152 -0.101800781403526
0.0725862421820703 0.124979120936069 0.053446284373198 0.0109860280178267
-0.0193662272178263 0.184432276600732 0.0141530314376858 0.0626488686781277
-0.160532844780293 0.186161739469309 0.00445264633712318 0.036751650369883
-0.211032016032164 0.133857926495434 -0.00770564271545534 -0.00874476747763494
-0.199657131424809 0.156355064804888 -0.0102314034574845 -0.0648021808276416
-0.119482798580878 0.196545299154 -0.0275857509427743 -0.0899150300317972
-0.00935890582212902 0.19906656326777 -0.0894707102766218 -0.0492214999768526
0.0993436109540597 0.168922499109955 -0.132338702080336 0.0589868839773456
0.169542450500648 0.0798902669095341 -0.139593733134404 0.151197324723541
0.187355339735445 -0.0165672449750419 -0.097418747972141 0.134420910145195
0.151764919659082 -0.0901868224813125 -0.0564319314114843 0.0457927210983612
0.158630747656776 -0.10280018154502 0.0088807338772097 -0.0254105969396654
0.193402327453373 -0.0459379794956621 0.0201686394940128 -0.168140242691973
0.206386789135626 0.071753944691489 0.0857450460626358 -0.189631133736557
0.126022686212198 0.23262745639342 0.160929409509719 0.00817756707716421
-0.0975424818342588 0.275764333833987 0.0737258821257497 0.201433334995449
-0.248343178111969 0.139907532413036 -0.0717652575559884 0.190693686616293
-0.266306728285971 0.0580913586001721 -0.107962495463512 0.0819993332382409
-0.201216964922747 0.113263877056262 -0.0973272794190495 0.0429174465250975
-0.0278602445021899 0.246280631012182 -0.0513771923960979 0.0517139543477886
0.251059596931663 0.146844038447581 0.027030862224759 0.0519449888692571
0.25923371972328 -0.188401846022593 -0.00297652542702056 0.0538763388697165
-0.0301320153830631 -0.262843765610976 -0.0538104195440911 0.115996342342347
-0.120063454109071 -0.0775052751464116 -0.0741483455154216 0.11193974236683
0.0238506014776029 -0.00613712249669764 -0.10288623923018 0.0681928582335633
0.0927681035485437 -0.0708428167914268 -0.0950586379248352 0.0495763008304207
0.122790290072747 -0.0732942218293721 -0.0541736951723706 -0.00969534407141721
0.0960073578385282 -0.00466170482436993 0.0307032168906493 -0.166298512199514
0.0610745820384188 0.0289612182720788 0.14210310400226 -0.053618463116318
0.0345348946007895 0.0841333713233116 0.0957514082816118 0.180601217901178
-0.0775369658886 0.11424927197842 -0.0710486269488061 0.253565479444401
-0.211037325553558 0.00852698306036561 -0.213248843854775 0.170555933765964
-0.246495639119888 -0.0437180201773785 -0.244764177687157 0.0459104276683879
-0.165838964888584 0.0797776955071315 -0.173824662944307 0.0836519249254805
0.109476546479995 0.225574681789551 0.0555951447782454 0.195969999646095
0.421857408001943 -0.0167774315158487 0.285275732568698 0.052820874155533
0.272962078958191 -0.442450475773771 0.0645829903153839 -0.0881244103457991
-0.194382477948337 -0.460635244334822 -0.0857507177913397 0.1082842941529
-0.352334597965433 -0.126646047395151 0.0424066741582274 0.114956377963495
-0.130351923361537 0.0416754108607064 0.00590687277717496 -0.0170754359979229
0.0203589901056475 -0.0351129356551792 -0.0780051586881289 0.0266123992359872
0.0682301928830269 -0.0312846489954126 -0.0853078506179726 -0.0171053034113716
0.0153811496170847 0.00236426985631161 0.103617011813162 -0.129073523334444
-0.0119644947526002 -0.03028568569542 0.137486654292561 0.13358152428595
0.0303244268162784 -0.0248627216623307 -0.0880827290883793 0.215612627845962
0.00818226926269482 0.0142650669677232 -0.162833604426174 0.100365636756319
-0.0814275775121336 -0.0332435020168406 -0.233523138937115 0.0506138574601644
-0.142460797761881 -0.0602604536295884 -0.324575905471699 -0.0263390946207867
-0.0967309594920002 0.0458582236155308 -0.224862845071972 0.104735319741041
0.119628355861112 0.128162562945943 0.215027963554099 0.27904027183323
0.284467389588274 -0.0915178588149202 0.48448332208804 -0.068461271541363
0.112911979357186 -0.315530298839784 0.0185228558570158 -0.243472954058178
-0.170053614955598 -0.2832395767412 -0.149193299713259 0.129095523703285
-0.270670317433668 -0.065094825658709 0.15880898330685 0.133031253807639
-0.123551190769006 0.0533325978750896 0.141190013632868 -0.107254153640737
-0.00707635517275785 -0.00476462174203762 -0.0417402573980322 -0.0196079815108025
-0.00999644238115844 0.00876674317422257 0.0332382100438846 0.0358017361496433
0.0072100776237404 0.000133144050356752 -0.1949160364107 0.154392139605454
0.0158141877389868 0.00301159558065264 -0.249577729934735 -0.113126014367527
0.0145872898981148 0.0118683174397264 0.131206155836434 -0.184302709128603
-0.00569158520094563 0.032142747361772 0.0646550702540323 0.254733625253172
-0.0257380522054055 0.0262666417257607 -0.49867503679161 0.198897748825545
-0.0119707949256788 0.00503446185921229 -0.313298144796823 -0.273448136023928
0.00420528781398767 0.00944867541641965 0.227699276767732 -0.125656891131065
0.0122837927321491 0.0146370374889932 0.336593471811198 0.0767762628136794
0.0128734038445319 0.00661974161597831 0.213115848794572 0.00691737808473738
-0.00192929078847916 -0.00811060446461431 0.14495464232757 0.007375655235584
-0.00961068098848523 -0.00544302527657402 0.189712612321736 -0.162813249900399
-0.0162172264641601 0.00889021537073083 -0.0870348082845737 -0.220972389123358
-0.00386543632774292 0.00495724310922163 -0.164581468643385 0.0919348462175944
-0.00114685593740913 -0.00251328035884311 0.0856444350184894 0.0518428915995213
-0.0256505223670254 0.0123385699486232 0.0538922060117244 0.0134013055381622
-0.130510204467959 0.0680693508791767 -0.130448689354197 0.127334933657666
-0.257041868045642 -0.0396489807950814 -0.206838238029601 -0.0900838766839114
-0.167032446772661 -0.269127550659863 0.103537152650401 -0.182885040432975
0.119678258433825 -0.286917528732336 0.0584388616910192 0.219159459181833
0.237922762887571 -0.0582963211815338 -0.443589063045529 0.190234997019746
0.0926500855145228 0.119655079416989 -0.27082101913397 -0.238414005438132
-0.0902225987031356 0.050596276103148 0.211825327051161 -0.113790527814167
-0.115283199336677 -0.0445013126488605 0.32753997839104 0.064175158540231
-0.0466900004701255 -0.0148373401538585 0.243681986283115 -0.00679214888645752
0.0254638092715424 -0.0110257600575892 0.167363797522106 -0.0425175148086135
0.0246473946008991 -0.0485930299298345 0.159071743355846 -0.181854823354123
-0.0380855416783343 -0.0300575484641118 -0.0939866520145414 -0.17981988131856
-0.00181198528096419 0.00804711418619613 -0.136539588738006 0.110126433475786
0.0468334142796438 -0.0299778311366016 0.0911295541578498 0.0497164303161745
-0.00467098751509842 -0.00973080782754263 0.0948350418165823 -0.0371678945580379
-0.158132769392893 0.0795053896448056 0.00374657658342879 0.0233319909123738
-0.379513468875586 -0.0407332149432372 -0.0747737283020459 -0.0843928292431208
-0.287568320476536 -0.417502893655113 0.0527820235540224 -0.144353001492207
0.191672648206161 -0.480282762785626 -0.00915955178558617 0.116588459266463
0.378268141964679 -0.0767723612586186 -0.299624770904879 0.0872184186398699
0.112053319981675 0.208967391320236 -0.135006123724472 -0.167139017043299
-0.164955686139638 0.0899563244121251 0.159700920379653 -0.0920043288097568
-0.233421942031702 -0.0581548620260479 0.271268454625636 -0.00502334427369299
-0.182459310471831 -0.014123893543003 0.268175461711084 -0.0894027468149546
-0.071073021081278 0.0562009616309799 0.166813512557305 -0.196953333938978
0.0174653383761044 0.0466566093020557 0.011042809446662 -0.225520561387093
0.0195333124662205 0.0283818312604716 -0.146695117010916 -0.0337224300787412
0.0714312868212915 0.0176857428015408 -0.0737320929521206 0.159777628624534
0.100562056099691 -0.0596490459160172 0.0778607505911744 0.0416255846045234
0.0631895099599561 -0.054640485241249 0.113243476199696 -0.0698441119803486
-0.0273750284670603 0.00853988214003786 0.100877511276425 -0.0924532636972767
-0.193949025687615 -0.0297726228790929 0.0463139659998503 -0.121726267501391
-0.154443645763068 -0.282798788298273 0.0141968097825913 -0.111966938111096
0.197905491749628 -0.304683873627909 -0.0374607180999937 -0.00876050207544604
0.282358134159703 0.0471825129974914 -0.100167318168627 -0.000668800301300366
0.00688095038041291 0.242455100244052 -0.00595996805481868 -0.0657084145349937
-0.203174255436168 0.122890335314454 0.0820648325174774 -0.0566058016740777
-0.279987833586276 0.0195821849254535 0.138440469552737 -0.075378744453767
-0.290270080179681 0.079099258076678 0.14795185482114 -0.164815666469532
-0.178144100223076 0.226609585801545 0.0205895736516048 -0.242581330743377
0.0484019633441843 0.254013547094802 -0.149302434017206 -0.124270795930211
0.167199651268116 0.131350432130827 -0.164186535261984 0.120200620680569
0.186229061522676 0.00825455345506864 -0.0496486058121484 0.17344861528386
0.147760891893788 -0.0856641787422674 0.0209779599260984 0.0380240647110072
0.135359832963582 -0.0958803887682804 0.0796502966945159 -0.0586659767975251
0.150234738349783 -0.0611844558957868 0.0806424323899613 -0.150138582649139
0.133694739330253 0.0127438058004745 0.0681710046203082 -0.184553405897131
0.109019673112747 0.0656089431394687 0.0635712249996006 -0.101051466937565
0.0711416338235136 0.124032084864263 0.0531183361995616 0.0118038300717948
-0.0201251002725133 0.183332463467812 0.0162433123517442 0.0649569452015786
-0.159069628435861 0.185816679725017 0.00581203187054894 0.0367591302097546
-0.208871183374515 0.134055103426432 -0.00800794324169881 -0.00875288531678751
-0.195446533347544 0.15593498242755 -0.0111998081929798 -0.064699696556668
-0.116756634472743 0.196408061725695 -0.0287825922243086 -0.0906259444934405
-0.00791449659860795 0.197522764156886 -0.0900317403771863 -0.0496400268188213
0.101366472676526 0.168463526097721 -0.131465319284125 0.0593635336600651
0.171314513544716 0.0787327074807295 -0.135612444844283 0.152794955978206
0.18778352009786 -0.01882713230451 -0.0955764080186095 0.134682007889531
0.149947107245709 -0.0926829774508679 -0.0566617163990678 0.045379990423054
0.15541130603655 -0.104384611244286 0.00981882770627931 -0.0246719686535726
0.191627512707862 -0.0467576688239542 0.017621065856206 -0.166958416588195
0.206849748814232 0.0686299707397878 0.0818223160211713 -0.188007267855715
0.127423529271411 0.228685761873555 0.161232921934123 0.00732516854859412
-0.0939808969884745 0.273584427059065 0.0760268586365426 0.200742619825211
-0.244408571897293 0.138660793885617 -0.0684124731872304 0.19138298496064
-0.265145458395427 0.0584490841339027 -0.105357045343461 0.0835704745714826
-0.200263280407727 0.113372483766727 -0.0967124392092475 0.0439497551426559
-0.0248545429100081 0.244165217788857 -0.0513458496902255 0.0505144923019853
0.250423173728773 0.142757162009763 0.0283663214170536 0.049647881991053
0.253938799657234 -0.18916430344076 -0.00355142217560819 0.0527290661062336
-0.0329183979025291 -0.257973978244588 -0.0509845849273218 0.115339199941934
-0.120581923695925 -0.0749796696413834 -0.0729265136165968 0.112529164265508
0.0251846003177109 -0.00758603795494451 -0.102035341037132 0.0700029474184198
0.0921000443471437 -0.0741824234358623 -0.0971069877169085 0.0501046153595773
0.121127365470847 -0.0737018046164786 -0.0527514938944568 -0.00874087379070281
0.0935431192475257 -0.00393820826990941 0.028747205206797 -0.164601004723527
0.0589837324672714 0.0264966634584813 0.139896548970404 -0.0522367841472664
0.0344632695052849 0.0816707446286692 0.0970205193223943 0.177718691331121
-0.0751187287877781 0.112523601519564 -0.0666423700248866 0.253127607926389
-0.208775596270122 0.00759068952659228 -0.208444308516064 0.170566818904735
-0.245824495978062 -0.0439145297977759 -0.242226200965147 0.0480205395613285
-0.166750315969686 0.0798316885886286 -0.172026041960425 0.0855941598430226
0.11139432350686 0.222104313654714 0.0565776881369545 0.193652199482459
0.418179885333388 -0.0227628496356472 0.28479546892491 0.0462498090839212
0.264755672969555 -0.44364444530257 0.0635825099461621 -0.0892487366489001
-0.200799246884213 -0.456577976570395 -0.0831031810400102 0.109405429134894
-0.352953130222971 -0.120790599860007 0.0435700339849644 0.113883524282901
-0.127925410336727 0.0428247753607655 0.00378608870077783 -0.0166308357099178
0.0203432813768518 -0.0363530717874587 -0.078866602365101 0.0274739102206629
0.0678549171991162 -0.0317190405766216 -0.0832403969873929 -0.0151566208359874
0.0127367325233654 0.00308158619000563 0.102808878187759 -0.129586256098211
-0.0130525519782311 -0.0300019839633365 0.138302653965108 0.133693109379145
0.029820128699883 -0.0266814997187903 -0.0873617187328581 0.215150569975197
0.010683623254297 0.0138708253621371 -0.159301859480275 0.100173978208741
-0.0818879784833329 -0.0326837017155896 -0.228176035185809 0.0511904268371046
-0.143063532390673 -0.0583664493585968 -0.321997519901263 -0.021681840407244
-0.0968565593096947 0.0470045328767957 -0.223652276958984 0.1055185793921
0.120669424686204 0.125280269230605 0.214990108283079 0.274800255307265
0.281722389459486 -0.0949367806683982 0.482914636255873 -0.0761872235251173
0.109452794633577 -0.315370158311219 0.0160572606245164 -0.24328408034023
-0.174297552097621 -0.279417694250549 -0.145742243122068 0.130390707709706
-0.271188763766707 -0.0608181944460593 0.160157590034675 0.130551013739824
-0.122330298682326 0.0542965327298239 0.137498818880249 -0.108551077609783
-0.00763427786884309 -0.00570989934438649 -0.0442534999186329 -0.0188284265541188
-0.0102807736296156 0.00988746455490004 0.0345459234172324 0.0346437056296158
0.00777496925158922 -0.00276146870617717 -0.191247207107037 0.153542532643058
0.0188972034517329 0.00344100470139285 -0.245705753842301 -0.112292633457499
0.012430120581786 0.0133020698005458 0.131388834670281 -0.181192411831601
-0.00747343904822453 0.0314888682487215 0.0609989197651683 0.254532304190842
-0.0227055364021599 0.0251884623384235 -0.494231153230709 0.194459340256182
-0.0109618929516691 0.00484975234252336 -0.305160394911265 -0.273394152367938
0.00386951636079044 0.00983254712153698 0.229841045143686 -0.120816931377593
0.0120696990485784 0.0141359940593956 0.332835133032414 0.0847976828450709
0.0122878815256608 0.00563257354493505 0.209502180261822 0.0111633283546104
-0.00306655184532405 -0.0084707499669253 0.142905802966335 0.0135753923811376
-0.0109853899953897 -0.00331583732478551 0.195580184874877 -0.159290087256463
-0.0147818671480437 0.012380437236355 -0.080290348782723 -0.224663675624387
-0.00208619385308633 0.0041367469149541 -0.165728248430357 0.0861164213188431
-0.00257612468039203 -0.00398251787303872 0.0828954880973485 0.0541079482601593
-0.0254953116202089 0.0126658160993376 0.0554164686294685 0.0138130305171118
-0.128360452460703 0.0636294349709676 -0.128178023227025 0.124408714505082
-0.252238161487805 -0.0410294913408399 -0.204422670543688 -0.0910166965933756
-0.165011137036457 -0.268189340087618 0.101720238948127 -0.181105721339935
0.120617744046387 -0.285150474858028 0.0551850396002637 0.2174488237768
0.238774681977984 -0.0563007408602941 -0.438829898689748 0.186239529173692
0.0916233254416026 0.121422966557865 -0.262536702615646 -0.237350394909888
-0.0902304068565526 0.0486037990892864 0.213733407747948 -0.108628837549904
-0.113911251830537 -0.0478714955287751 0.323718707045739 0.0714123656092765
-0.0457447648916012 -0.0169004295120201 0.240439828420819 0.00019474099372298
0.0247865204963608 -0.0120786935435718 0.166892735386896 -0.0346774698787547
0.0251717783915318 -0.047715104877101 0.16480768372927 -0.178933666603237
-0.0360564841717524 -0.0287569697359908 -0.0875949124355235 -0.183988788603228
-0.00135938050700194 0.00768740322047799 -0.139101903076252 0.104548712401798
0.0455749408737696 -0.0295385804849358 0.0899962925986417 0.0519415178603915
-0.00330985514340105 -0.00899352903801942 0.0962866079524705 -0.0355311423298284
-0.156431224062687 0.0785419335257659 0.00526449030140577 0.0211982792419516
-0.374188757430111 -0.0410053216941994 -0.0743724646048841 -0.086055166900109
-0.280814046295092 -0.415696755872208 0.0512465528047736 -0.144834002392511
0.196076340646394 -0.474819209313669 -0.0098503421745629 0.116015001786215
0.37807299426442 -0.0725321739225892 -0.295312609116271 0.0866375968253174
0.108753193585463 0.208675733266017 -0.129992707214799 -0.164568960430014
-0.166616516410418 0.0852785492945497 0.160361306795326 -0.0870337158474598
-0.231089279511664 -0.0630727449662774 0.266857152027348 0.000382438480141687
-0.180791912813165 -0.0194817870079652 0.266493068079319 -0.0834597067605282
-0.071166935371251 0.0538219954539036 0.1701659901513 -0.192602589656116
0.0187489162132204 0.0445505456213657 0.0177207911398137 -0.223659030229411
0.019485299024794 0.0291648227794251 -0.142261922240706 -0.0407083780182582
0.0703544802438867 0.0181287202009472 -0.0757992468302913 0.155722419392748
0.101369444334026 -0.0577024110667883 0.0762259517766794 0.0414861131344381
0.0649963945507095 -0.0529829547135099 0.114726956483192 -0.0679339630124241
-0.0262560793698827 0.00923093659896218 0.100641790319794 -0.0924476535931697
-0.189654719894685 -0.028828873145845 0.0449435284639657 -0.121721952532646
-0.149775052723063 -0.280123528189206 0.0139020456719965 -0.111323254146838
0.197058261414755 -0.301137785839419 -0.0356616166987315 -0.008096059948318
0.278823758677265 0.0501641694518213 -0.0965057430755459 0.000268589581504524
0.00166377634012847 0.24146146846342 -0.00408409086082132 -0.0630232822664495
-0.204455906766319 0.117683941651982 0.0819598266175631 -0.0539721490804375
-0.278756704934714 0.0130547713819009 0.137868296103797 -0.0730903460326546
-0.289711253299174 0.0716400041586424 0.148004759624554 -0.162339794812094
-0.180089654587029 0.223626589868545 0.0234114345464302 -0.241960187287837
0.0462685073784352 0.253510175335851 -0.14542903646996 -0.126387895339057
0.164747480014946 0.132489509109345 -0.163719023131894 0.115697498737106
0.186221942778814 0.0112319641992692 -0.0523792130289588 0.17038916827613
0.149363504943224 -0.0828432485984589 0.0195141144420664 0.0361070719681273
0.137456371369339 -0.0937694056606228 0.0810913685045374 -0.0567018378686076
0.150826550178246 -0.0591726491359354 0.0826220405850741 -0.147347343628314
0.13437446346107 0.0151044644081419 0.0683409369142897 -0.181198090760093
0.10715303236569 0.0686658554422862 0.0647797708937588 -0.0979785702045789
0.0679649050443195 0.125426179021752 0.0534903620824276 0.0146253120854331
-0.0233015019447617 0.181875005765767 0.0171627239176484 0.0660264031334702
-0.161940493348384 0.181604456221151 0.00437749491870509 0.0378512082270328
-0.210796622156143 0.127840844306515 -0.00842334135652451 -0.00811030051072821
-0.199004086197357 0.149918573706975 -0.010681053705596 -0.0648465215003454
-0.12125189298789 0.191456201286543 -0.0279940524146892 -0.0922197130940301
-0.0114397076197129 0.198807781757031 -0.0899025811366877 -0.0514912188034399
0.0986597076608984 0.170484650337741 -0.131021596025181 0.0564469006991019
0.170677385503248 0.0796053956697496 -0.136868434752266 0.148955276790073
0.191300473558416 -0.0175374834113977 -0.095131293888347 0.131424088435292
0.153985678676892 -0.0905512575727608 -0.0586651908094606 0.0430409715851447
0.155853660897372 -0.102424216508452 0.0121534338660811 -0.0240798364414476
0.19132531343711 -0.0422730280314065 0.0188238224274724 -0.162947462348871
0.202819811823122 0.0703940165480871 0.0814787914254107 -0.182222566088817
0.121466685816169 0.228285838090555 0.160235170080306 0.0105811484066828
-0.0967744898105663 0.268415518472436 0.0734997026466389 0.201842020788934
-0.246596877939463 0.131908205185636 -0.0679263925688837 0.18936522297928
-0.263722558634514 0.0520115166401876 -0.106150024684275 0.0798739311431209
-0.201574043447161 0.107689278788237 -0.0964283184846846 0.0413252566230149
-0.0303177501812052 0.240701172335315 -0.0527785424801412 0.0509198271537492
0.244337205117238 0.145680588994145 0.0268301790127154 0.0496984837916607
0.254429910601994 -0.18454673661818 -0.0014435410365585 0.0520844720153437
-0.0282427186380216 -0.257910030785627 -0.0517211220967565 0.111348840710969
-0.117105222850208 -0.0768903699288885 -0.0756951461075249 0.109415608154584
0.029136721502121 -0.00890100455690063 -0.103213941410964 0.0670255289001538
0.0946805490284464 -0.0756802653313067 -0.0986726644928905 0.0478723374498414
0.120566249601053 -0.0719271701388768 -0.0498371145260538 -0.00773872136769659
0.092268957899109 -0.000366233939158553 0.0293953219208879 -0.16272112578022
0.0545757107039915 0.0270638065813921 0.13780586835066 -0.048052620331711
0.0318440936270468 0.0773483374695822 0.0919507239571637 0.179381771370258
-0.0735706755333616 0.106503802459189 -0.069083898538339 0.248988974398486
-0.207267096222672 0.00242216376871269 -0.206307563925836 0.16634881216448
-0.24354361642431 -0.0478573484033515 -0.239564587220552 0.0426521413125715
-0.167108874175601 0.0762996621342192 -0.172292473026693 0.0814905715077281
0.104800386391334 0.222733457480967 0.051767936144528 0.193924993628893
0.415591504257734 -0.0164669968800161 0.285330693657117 0.0533104435325628
0.269855607435211 -0.437269694349457 0.0687718752508842 -0.0900883901639286
-0.189257014446141 -0.458762234513652 -0.0837375162636957 0.102848140024371
-0.35076741256363 -0.125584861569546 0.0386274181383009 0.112171417852834
-0.127509205781967 0.0390175288255494 0.0015291229948448 -0.0155693007084691
0.022106895600423 -0.0393849935165927 -0.08128470939169 0.0247103850439263
0.0677351655656254 -0.0310455464923681 -0.0798861769063535 -0.015047209556906
0.0116986232873639 0.00712873649630913 0.103579167065627 -0.125959544573388
-0.0152489568184325 -0.0313481035244547 0.136605456932264 0.136963249987189
0.0308490792661796 -0.0291556993889931 -0.0897189603945136 0.212777614202442
0.0135542910373143 0.0127449399217322 -0.15756267006338 0.0952258119908091
-0.0795410352575555 -0.0346278684537715 -0.224691439087113 0.0468560865211147
-0.141294720421296 -0.0602191864529693 -0.315545018123413 -0.026850299948
-0.0972500406616858 0.0443543959245963 -0.225335603027518 0.101230510574024
0.118253615349427 0.126139445572437 0.207695989477005 0.277323940780467
0.281467193571118 -0.0907743967716704 0.485743592318959 -0.0660976233595985
0.112807674397247 -0.311008598299128 0.0239739685036163 -0.245189533125028
-0.167706996851528 -0.283462867331441 -0.147811600906788 0.123771016969054
-0.270522795242506 -0.0656540980285029 0.15487665049297 0.130657261100661
-0.124845481107542 0.0526879376407658 0.135476324478607 -0.103593672289149
-0.00604711544739515 -0.00716550437242005 -0.0469737142995333 -0.0190396749751551
-0.0100294541144972 0.0108544884280254 0.0379085911277938 0.0334764750719651
0.00712734480649399 -0.00319000559304201 -0.186833362966379 0.155747204105604
0.0186702737777814 0.00372960224286072 -0.245484129978716 -0.106169402776294
0.012845063752502 0.0131112110642446 0.127347501153424 -0.18183573385094
-0.00711293390418769 0.0305698278172329 0.0618655549534921 0.252269907902321
-0.0235866236164406 0.0245643817275022 -0.489332239593087 0.198985724881482
-0.0112583620974345 0.00501845040848547 -0.303940277207861 -0.267393651271685
0.00597631274449712 0.0108650900205743 0.227566642197223 -0.122119353688021
0.0112939574509594 0.0138179580057127 0.3311798363471 0.0805760513067848
0.0111061425169822 0.00491489285333969 0.204009279307096 0.010012478746289
-0.00468800240476643 -0.00851684267075557 0.141127492220476 0.0153545702848077
-0.0124080088970125 -0.00339711060066992 0.191381377834427 -0.161897383745382
-0.0144341583955925 0.0131343265677327 -0.0827675750813507 -0.225908021985104
-0.00250353913291883 0.00406024933835123 -0.165911510707385 0.0869644771960827
-0.00391559769443387 -0.00356932758456052 0.0832790083691465 0.050648728264547
-0.0253226338172734 0.0115626654022645 0.058692525310606 0.0121265734999745
-0.126336703291165 0.0646248316882858 -0.12405223348677 0.125352814688738
-0.251371659504007 -0.0350484932231721 -0.204823930905034 -0.0855130823859176
-0.168254423993499 -0.262101098352099 0.0982801766398003 -0.182393202601919
0.116141108759246 -0.285178872294415 0.0556490148343129 0.216038986236748
0.234829562758692 -0.0587539232845157 -0.430681162470329 0.190466049056975
0.0909633071560659 0.119944990966865 -0.261696674038674 -0.231629382031021
-0.0903048513381282 0.0495204758434593 0.212081376034536 -0.11075386058341
-0.113763198175681 -0.0454105720846496 0.321987865214312 0.0650889825322876
-0.0450878129486283 -0.0166323427074009 0.234677772813901 -0.00186537085502144
0.0254122567134562 -0.012593876113456 0.162446371392205 -0.0336517893492262
0.0236163806902665 -0.0494524679102106 0.162216246151958 -0.180001193652368
-0.0371495231923657 -0.027584333336577 -0.0889226449556454 -0.185636921838449
-0.000983572240863883 0.00790290397636264 -0.138700194147699 0.103728165444364
0.0448376294949266 -0.0292522801145879 0.0882009641334549 0.0492840378043245
-0.00291680905532997 -0.00975354969605723 0.0986909825322942 -0.0370401364340517
-0.152308748992826 0.0784152516728012 0.00659693827383387 0.0201951710797648
-0.371880031506456 -0.0347727546725769 -0.075746450362818 -0.0835782704073491
-0.285561565608454 -0.406862690419325 0.0477856200036275 -0.144819787475236
0.18746257541909 -0.473233247732328 -0.00959539028035591 0.114458919547795
0.374254672568293 -0.0741616104779807 -0.289600178228091 0.0899341143867936
0.108763335175373 0.207886751908314 -0.12964776312413 -0.161780916190522
-0.164867900406748 0.0868200281527671 0.160143699052938 -0.0869457325386915
-0.230480080741536 -0.0598716943415478 0.264963985759774 -0.00376203503693878
-0.17805930514837 -0.0183199731242192 0.261611810498678 -0.0850335146874335
-0.0673046367661935 0.053456790663775 0.164470980901295 -0.19148280805062
0.0198961097910144 0.0420170488565519 0.0166005546322719 -0.223857182892213
0.0185368604654226 0.028570208612276 -0.140524861453113 -0.0412508574184139
0.0702663681047514 0.0175267025363697 -0.0735275602641391 0.154116419575058
0.0996857156894263 -0.0572231243411415 0.0741876515269658 0.0397359598010193
0.0650258814638895 -0.0547202847412664 0.114582973217577 -0.0689360344265838
-0.0233005622728427 0.00890215046244312 0.0993981094931437 -0.093700343541117
-0.187846935077004 -0.0263304236878332 0.0429499564968024 -0.121590445375133
-0.153380384537093 -0.2759945686657 0.0117329948746511 -0.110595128936417
0.19146234333718 -0.298636370279115 -0.0366011313464099 -0.00595918693924917
0.276378968760426 0.0472560797957039 -0.0936514359729517 0.00329583290591855
0.00378828139455966 0.23925950808546 -0.00402712881477294 -0.0629858003025118
-0.202693087019793 0.118223182737848 0.0815795602384341 -0.0537982403146787
-0.275944209866429 0.0157442483154923 0.134901187122731 -0.0740772397305415
-0.286404505993975 0.0726135341426682 0.144099462033735 -0.163344086549651
-0.174518237496519 0.222196481063623 0.0209511826368966 -0.240829076734018
0.048893014524123 0.248887557918193 -0.143698134078716 -0.124490028092533
0.165199890111744 0.129028108021029 -0.159411972037171 0.116212693882444
0.18515275344893 0.00940608680741944 -0.0492899745563349 0.169006929402149
0.1484276808609 -0.0835976056716779 0.0180879392279356 0.0351193483495259
0.136095802346583 -0.0958338841549 0.0809547988592187 -0.0565406650601411
0.151275057586165 -0.0608035208404957 0.0800582980075705 -0.14671997317196
0.134999687597475 0.0135578598590847 0.0630096736773369 -0.179384923631438
0.108002142115387 0.0679051143168077 0.0641424167347602 -0.0972966811358664
0.0676598988111532 0.124209055947467 0.0529910885534327 0.0165780908843475
-0.0241886509259937 0.180964706113552 0.0193363429828233 0.0667848466727563
-0.158367238857538 0.180992662517967 0.00664073446294835 0.0369527556302484
-0.209915383514386 0.128195856295622 -0.00864790446112244 -0.00828730451710702
-0.195151283508174 0.150399013908454 -0.0118060702511811 -0.0644713760659786
-0.117962429372559 0.191062171209412 -0.0290346790461953 -0.0921537397209206
-0.00905643603385569 0.198083090558196 -0.0889420440154915 -0.0509695573671029
0.0998745776518377 0.168903529637108 -0.128135442632032 0.0556401432236784
0.170798158560654 0.0786078480303652 -0.132918948429357 0.149569776354047
0.190157745440193 -0.0202941288753055 -0.0929755128979625 0.132043799596155
0.153238283211845 -0.0937328003449018 -0.0588979247571029 0.0425635664743407
0.153463646839722 -0.102971848376464 0.013309354514911 -0.0223292593404239
0.189331802219064 -0.0442017151310101 0.0174420794474147 -0.162976073015873
0.202591778386347 0.0675888105632876 0.0779508473513498 -0.179381302061084
0.123546054244244 0.22470063194594 0.159120810360258 0.00935633595238811
-0.0924853329488903 0.266453276281685 0.0762079137469734 0.201796229307051
-0.243300163949793 0.132992264840873 -0.0648535725588122 0.189232251424735
-0.261142787825716 0.0522832373036023 -0.10467390334504 0.0808409891144111
-0.20092806563655 0.108764423014114 -0.096021795778135 0.0418547234464423
-0.0284457281218114 0.237116332331069 -0.0523010565717919 0.0495488997715018
0.243333927604588 0.1409205462747 0.0272305033266548 0.0464896268207295
0.248359639118396 -0.185411410787606 -0.00145509866974756 0.0511677825388898
-0.0325797124742716 -0.253087388524384 -0.0484717457007623 0.109818213359641
-0.116313489771028 -0.0727562368282457 -0.0734671634959586 0.11036718936129
0.0307705715284999 -0.00983999345307331 -0.101734324777458 0.0690403650173256
0.0936269524140093 -0.0771978751819289 -0.0993289525232867 0.048167562646462
0.120146042536208 -0.0712525792147198 -0.0480588843847867 -0.00583630380797126
0.0910184501505525 0.000652080898250057 0.0278842550868131 -0.161035524911449
0.0529633738557051 0.0263400634839039 0.138438865087969 -0.0470427115877079
0.031860340045166 0.0734318175535476 0.0933061150789344 0.176527269339819
-0.069848021414268 0.104737050586388 -0.0640876829340766 0.247250356988813
-0.205944946411715 0.00321727592695181 -0.20189365980107 0.166450018246026
-0.24417621548901 -0.0471149351249768 -0.235841966574848 0.0457755205509256
-0.165859690138853 0.076367495865057 -0.17111069935056 0.0829998755409777
0.10658340216367 0.218228377296551 0.0523331097271761 0.189890807184
0.411880344558837 -0.0213023286910827 0.283590308057986 0.0458981586525524
0.261772131430044 -0.436056091991177 0.0678343508849818 -0.0909641230075834
-0.194699869675346 -0.450735422950659 -0.0809473753486934 0.103265892552219
-0.350670989988748 -0.119830302769519 0.0403131762167033 0.110461375281128
-0.124002629277877 0.0405171669553551 0.000642462694832494 -0.0149324529913973
0.0210580295996312 -0.0400288694562716 -0.0828582211300281 0.0246927796932082
0.0678002509740003 -0.0315156345798768 -0.077826101445021 -0.0138556550557316
0.0100700397970439 0.00710821312491841 0.100850960166924 -0.126322410864375
-0.0169389563463872 -0.0317934597093836 0.137437031987765 0.137248490243133
0.0304976754762556 -0.0306624903027397 -0.0877862718714618 0.21330110294534
0.0148330459578588 0.0123883147727951 -0.153758099462085 0.0941848179285911
-0.0792310720337735 -0.0345270099642341 -0.222088042967972 0.0483719968747108
-0.140903746946449 -0.0592976514588164 -0.31206054495613 -0.0238440487465067
-0.0968991188153067 0.0453976274209419 -0.224807332027707 0.101678946594378
0.118022060237775 0.124225878935762 0.206584515289656 0.270699535688784
0.27742697130769 -0.0933814177657045 0.482477455613037 -0.0721003410937212
0.108019375333912 -0.308569457775635 0.0205548947061852 -0.245052755017576
-0.169843112188577 -0.277241336930582 -0.143777530056127 0.125181805380129
-0.270686879567685 -0.0603114388611259 0.154704620413541 0.128376915735378
-0.122041095069322 0.0546018464441929 0.132136994967283 -0.106127749835215
-0.00702393430359163 -0.00741402135774107 -0.0497535497511271 -0.0190619677601709
-0.0100923405903481 0.0111248491896836 0.0419227011158759 0.032908538213685
0.00689318104068719 -0.00408156007790367 -0.181927515872126 0.156148863180583
0.0190570043126931 0.00457896532447628 -0.245198312844457 -0.102700305452774
0.01242636054581 0.0133554297310631 0.123685150846077 -0.182257204703306
-0.00690789611747053 0.0313405261625765 0.0623697155332892 0.25164178682164
-0.0234523081884761 0.0242559009855394 -0.485157472377275 0.200174487015022
-0.0103912381699538 0.00325843885837883 -0.302141097227809 -0.264268955109539
0.00631482270413584 0.011471924491941 0.227940359784971 -0.12264754927622
0.0109864187168533 0.0136027034584091 0.328644368465102 0.0790919624912554
0.00932772623423987 0.00435638933339007 0.200024301494202 0.010749438696033
-0.00689317774585551 -0.00776670123765156 0.138818357750064 0.0165408062264239
-0.0129193850937419 -0.00245747838953815 0.190764818439801 -0.161694110286956
-0.0136387561228546 0.014369704822684 -0.0836210973844033 -0.227601126670522
-0.00234771335861636 0.00396436200271074 -0.166777535913734 0.0869908140358825
-0.00296952786795331 -0.00409876192309418 0.0810086225538848 0.0497145699372151
-0.0238177196007728 0.0132311453394158 0.0614696444431254 0.0120969327727793
-0.125390381371395 0.0649364957246154 -0.119866642088648 0.125334056527767
-0.249293236698412 -0.0319002944637435 -0.204661517230773 -0.0821188172726811
-0.16939025282063 -0.258822520500732 0.0948950340910481 -0.181089427559165
0.112599556361513 -0.283821441416085 0.056299674483184 0.214445788004891
0.232642577975603 -0.0601359893009395 -0.426987747714116 0.192768462964647
0.0911862308314428 0.117792716428184 -0.260588568215954 -0.22938372999556
-0.0895760097709686 0.0505683339702148 0.212809240806983 -0.110781849262317
-0.1122469173288 -0.0442396703032341 0.319975001951294 0.0654108408111439
-0.0442523748524387 -0.0173775705124007 0.229565005375337 -0.00174104039060805
0.0253578918040408 -0.0138346917196515 0.159911440997746 -0.0327761549806254
0.0242468266029823 -0.0500056215455846 0.162283752111406 -0.181296772446382
-0.0378129678576893 -0.0266530884142481 -0.089292189372002 -0.18865346574031
-0.00185961064287915 0.0082290613253593 -0.138160806208682 0.102860998985826
0.0439668241801736 -0.028869804119405 0.0867436231587992 0.0480132183313408
-0.00280563699570289 -0.0112853673666921 0.0998777024524978 -0.0376868763022088
-0.149569440222212 0.0790797900439871 0.0078209347442633 0.0190441031625103
-0.369549050543591 -0.0305156413434244 -0.0772916616001816 -0.0825360858104934
-0.289418228373689 -0.403637887186108 0.0450731764285191 -0.143206305499214
0.183315020086234 -0.471434274059853 -0.0113003970495095 0.11582366027954
0.369144557899075 -0.075806482168518 -0.286189091962721 0.0926972257406036
0.109954022675368 0.206146780730712 -0.12735106668457 -0.158808621638982
-0.164236673537501 0.0871246419123674 0.159372288473252 -0.0857584878205145
-0.227453861663917 -0.0583932921966636 0.261450341906052 -0.00463405215644734
-0.175002783932805 -0.0178479909966886 0.258240687315849 -0.0858045987921522
-0.0657514749889774 0.0520183212157573 0.161357427453431 -0.191358964554936
0.0199939819463858 0.0379140752318049 0.0172036641814959 -0.224727840992781
0.0174436271499722 0.0281020951218726 -0.139472293484295 -0.0439127205222479
0.0686521549175265 0.0186935330767931 -0.0728936757012456 0.152744310021788
0.0987011937134453 -0.0570414188049312 0.0731715948662414 0.0375091868682264
0.0654110574223516 -0.0567949600255523 0.115462559506105 -0.0685336902440023
-0.0224065045436427 0.00736923068907352 0.0980360916227104 -0.0943882578607469
-0.185573174368575 -0.0239452210855651 0.03917000583881 -0.121724725811098
-0.153932632454314 -0.269903260500996 0.0103179278684616 -0.109178980947115
0.186133791458946 -0.296957934416182 -0.037061375070478 -0.00460876963152189
0.273448255489773 0.0478038105558352 -0.0917654296580546 0.00585623920334785
0.00466317519449589 0.237747888325822 -0.00241922507285278 -0.0621106708590981
-0.201659523022158 0.11718091005766 0.0818119458875666 -0.0532302776540345
-0.274318564798978 0.0160190909163448 0.132182368138704 -0.0754802335091425
-0.283744691183383 0.0729833470965793 0.142034068014434 -0.163498114398157
-0.171887738352314 0.22058755270228 0.0187066319009645 -0.240912579470839
0.0501787877987612 0.246016875676233 -0.141798817999528 -0.125412556028894
0.164792868051348 0.127682098269885 -0.15712800636869 0.114686545094961
0.184379494902979 0.00771295430748065 -0.047273231222761 0.167171722956232
0.147667839184774 -0.0845379414883438 0.0168636945045266 0.0341618514570058
0.135511394713484 -0.0966849661050288 0.0818246671305702 -0.0572334635334645
0.150660555565625 -0.0623970682619395 0.0793937984501584 -0.147478371129703
0.136568977695322 0.0121020566863932 0.0595803424803126 -0.178894099399652
0.107062841698304 0.0686237593719791 0.0631951690312157 -0.0961910363912113
0.0658611498469852 0.124957779631341 0.0529181774623159 0.0174058175394707
-0.0249655660934412 0.179921773997826 0.0214186217707684 0.067456379999749
-0.159384298029589 0.179352585563164 0.00645891753928764 0.0369979509084967
-0.208043713972242 0.127479523840497 -0.00878695641748715 -0.00781117157977246
-0.193122720680995 0.147803333041562 -0.0126617962319914 -0.0647361478233057
-0.116711148010366 0.189896494966893 -0.0294878095135216 -0.093558973935357
-0.00785084843293979 0.196455141820099 -0.0898661410768058 -0.0526120967745541
0.100907314824428 0.168877130142958 -0.126661226443007 0.0538490892843474
0.172358150532774 0.0771621748624993 -0.130745915645974 0.149321766887049
0.19137532358794 -0.0217252599938192 -0.0914322028963973 0.130904035368416
0.152088289340421 -0.0949117077987049 -0.0611828310421476 0.0418333629361285
0.152739595857097 -0.10269725665852 0.0145491866471737 -0.0218406656250175
0.187508901850624 -0.0435041218813022 0.016666271803725 -0.1615282933832
0.200596143926853 0.0667743728623301 0.0761058663353511 -0.176920258809029
0.123524512043948 0.221940000088805 0.158173650254511 0.00942275939276758
-0.0911034748643455 0.264737924588434 0.0770161980728715 0.20173339514192
-0.243068632267146 0.13048651975633 -0.0639362573939463 0.189047157518603
-0.262879229613568 0.0516330006069255 -0.103718694041189 0.0808401991996468
-0.199875392257263 0.107929224458128 -0.0945982621052922 0.0414164059747479
-0.0284525898429638 0.235104988384081 -0.0532573971963389 0.0483929973267984
0.240716633008286 0.137159653523211 0.0268862138281496 0.0439701000326388
0.244694520249469 -0.18399496258007 -0.00215283861689344 0.0495036000225846
-0.0336548888500267 -0.249864371494072 -0.0480805164923763 0.10897492239282
-0.115520000779199 -0.0706648404773255 -0.0726129997512305 0.110579200923513
0.0319331554497884 -0.0109613775437614 -0.101374142992501 0.0696528297429854
0.0932861899032083 -0.0778764613581546 -0.100974879999087 0.0478021199262477
0.118588213960273 -0.0720978899438607 -0.0461581657808137 -0.00454036611912975
0.0891631466500813 0.00135169057802553 0.0272535774853721 -0.159215762774446
0.0506393084616824 0.0256569410146191 0.136911526475773 -0.044687652236355
0.0315255062936281 0.0716946641997793 0.0925730042682077 0.176634272434801
-0.0679204800128235 0.102610112623376 -0.0632002781673629 0.245854513775913
-0.204445567731136 0.00348180701229605 -0.198728481084364 0.165545934923163
-0.243703231279727 -0.0474939180662124 -0.234048634490744 0.0461425742562864
-0.166487200286857 0.0759081777759294 -0.171361941564463 0.0823347496531693
0.106048257048286 0.216383660216442 0.0517879004177136 0.187423609635928
0.408691560350182 -0.0231261211085924 0.281292433642881 0.0423601781005805
0.255745078677045 -0.434985158666136 0.0671097098717235 -0.0917212138621194
-0.196093025666425 -0.445227017792498 -0.0796006967141219 0.102932751471298
-0.348798838640917 -0.115297629840448 0.0403864364033054 0.109972038823469
-0.122582803474735 0.0399115240979757 -0.00121967477903263 -0.0146141680513263
0.0206254651218218 -0.0414865863835432 -0.084628723629382 0.0252469409457206
0.0673030532277339 -0.0309467326674651 -0.0764890117506867 -0.012738800966261
0.00976350062505374 0.00910155833698402 0.100446923790501 -0.125358274143723
-0.0184626103570688 -0.0311406031169685 0.139663656237346 0.138350532082219
0.0301274170699188 -0.0318628167337881 -0.087847713290647 0.212747792601695
0.0179039251621166 0.0123429038160772 -0.151431079125603 0.0910228333652191
-0.0792341088155939 -0.0341214296048976 -0.218405184108595 0.0478687536100878
-0.14060791271994 -0.0599439537950092 -0.30881870609858 -0.022891496309152
-0.0972929006125 0.0451090120457049 -0.224705033385736 0.101951900041186
0.117712698228301 0.123033412123556 0.204969535030746 0.267097587296236
0.276063084340511 -0.0939302975007813 0.480624841865129 -0.0784442549110142
0.106564637566567 -0.307746974862272 0.0207867544026122 -0.245546505149606
-0.171125740976139 -0.274223761014659 -0.141965170333931 0.124394941406201
-0.270034679727823 -0.0581338281514177 0.155318506441918 0.126213685832531
-0.121887409162543 0.0547571364892203 0.128982524778479 -0.105627657910748
-0.00659831982604481 -0.0096514078884514 -0.052581079644592 -0.0181349657011162
-0.00901681479294816 0.0117428410969855 0.0453901994007306 0.0319244207546293
0.00640928833925388 -0.00434107811530381 -0.180017936335383 0.157140936408393
0.0201471678121843 0.00407665186934351 -0.246388395586022 -0.100389264979713
0.012232634060199 0.013720086030353 0.124610128005557 -0.184773101769609
-0.00658020166638446 0.0317991486116761 0.0630593166559043 0.254570776994357
-0.0243168554190734 0.0256895722100157 -0.489855372376216 0.204599934673237
-0.0110786542013011 0.00315160985058651 -0.302065532791415 -0.265584940353043
0.00741740988065747 0.0115424993178708 0.230476849386555 -0.12350856594024
0.0112308380374623 0.0134871889703362 0.330487079685122 0.0809662572614797
0.00823507815564461 0.00473184062488121 0.197655638590862 0.0110263183895756
-0.00810589688191631 -0.00709132314395176 0.138182750391049 0.019247129145296
-0.0134979103497885 -0.000692571339578788 0.193559319772633 -0.165433183702356
-0.0128705598970224 0.0148576424699242 -0.0846659333006043 -0.233351928472718
-0.00209861867495139 0.00434019304911125 -0.169837584124583 0.0860544173543473
-0.00365671398148346 -0.00472822470694676 0.0812966193638119 0.0490863054710384
-0.0245775317010368 0.012374755044941 0.0656707338787678 0.010633529452346
-0.125399339617016 0.0652557094938922 -0.11797250443607 0.125842769847468
-0.252359100099411 -0.0300175215166445 -0.206423735012212 -0.0816282523077853
-0.172494889540481 -0.259440614349377 0.0940339091492673 -0.182696016511826
0.112602563736768 -0.285153252915123 0.0544459332150727 0.217088627051786
0.23391887112212 -0.0601595711775807 -0.42965674889658 0.195117230377709
0.0910548168816759 0.118940855610019 -0.261252007775081 -0.231126763079462
-0.0889783598741622 0.0514740011963909 0.217064793150093 -0.109975152895463
-0.113223960298947 -0.0442772278530413 0.321430151591527 0.0655855726320275
-0.0443332333751851 -0.0174912567537605 0.228021345535476 -0.0016710513922027
0.0258102452939248 -0.014850851777313 0.159617380199749 -0.029887004687326
0.024462538067973 -0.0517114718167695 0.165064071534456 -0.182652825583267
-0.0382393565184639 -0.0260584755963494 -0.0905826566663366 -0.194849515979028
-0.00304568851639978 0.00913589789121108 -0.140029044573186 0.101508412779086
0.0436642965868599 -0.0288531126178192 0.0859948657215808 0.0472067543016738
-0.00139008754049818 -0.0120092562646624 0.103698106214028 -0.0385604607783239
-0.148641748321497 0.0785080643446366 0.00988964557570234 0.0175438394971898
-0.372899793953411 -0.0272061837841361 -0.077913921866492 -0.0823342487200242
-0.292357091560016 -0.402382400758086 0.0433960951248615 -0.143552574910585
0.183238757419527 -0.474123100233266 -0.0120388037150806 0.117811726949085
0.370614599214743 -0.0756196923246184 -0.287456057063768 0.0949284256149248
0.108934150706992 0.207040491689747 -0.126142099057612 -0.158803792222756
-0.165692721084331 0.0883548003074477 0.162167573962803 -0.0872427494305722
-0.228330017856458 -0.0578131302696796 0.263487035177932 -0.00546540103866362
-0.175481106899948 -0.01847873561627 0.257586683711944 -0.0853209123389232
-0.0635026635222986 0.0497571599307619 0.162525003343504 -0.189851072355084
0.0209945017659932 0.0355194055780863 0.0176448972627314 -0.227473778682117
0.0166665447430355 0.0295335626041592 -0.140144112436104 -0.0482753956875222
0.0687137941317146 0.020367831188148 -0.0733420773922888 0.15192211078011
0.100057506595231 -0.0569294199431159 0.070906591199803 0.036661649081437
0.0664277897677542 -0.0584957074094733 0.118727763639695 -0.0701213316116693
-0.0207006277225183 0.00679108955922779 0.0993137486828034 -0.0972187618799411
-0.186116317832934 -0.0235470565206417 0.0387272598334311 -0.123351499044398
-0.155489527404464 -0.269769689248196 0.00968467911933969 -0.108880380040208
0.18629301813698 -0.296906667446624 -0.0380001976586824 -0.00201299280316965
0.274393917481721 0.0492905860461585 -0.0906986165224969 0.00679443955298368
0.00328584224483168 0.239475353842542 -0.00174660035868521 -0.0619216743693929
-0.203884279101945 0.117743657361921 0.0822063598077756 -0.0522297985510746
-0.276150439487593 0.0145837848429405 0.132563866113862 -0.07653818325073
-0.283843795097577 0.0718767478475179 0.143188489870537 -0.165284383880994
-0.171669473836579 0.220507803862141 0.0194624338516255 -0.243948511582614
0.0504057606444753 0.244883972939083 -0.141813406522286 -0.128765673835641
0.165146095781536 0.128745721513688 -0.156249868375733 0.11417532607149
0.186030273818992 0.00801632903198698 -0.0464008619491717 0.167153888654518
0.149115346261919 -0.08412504873132 0.0158931262365518 0.0319849976356076
0.13681654687618 -0.0993706368098224 0.0841548865149717 -0.0577641426073249
0.152321140827413 -0.0630917366899572 0.0790017118939818 -0.149808952773113
0.137576091325056 0.0127522964354673 0.0585559199316552 -0.178657245065132
0.109063334723805 0.0703653937328541 0.0636015427295138 -0.0961253602286518
0.0656250195621836 0.127403923180789 0.0541664349884725 0.0204912554341954
-0.0269668494565275 0.181642494752553 0.0222160151244781 0.0690239005004387
-0.161884296211557 0.18012885206306 0.00643368819568342 0.0390821157522823
-0.210359991589959 0.126555664588456 -0.00869510732716397 -0.00831105418205219
-0.195021270669836 0.147793466010245 -0.0130175699693393 -0.0658526642005703
-0.119154804026908 0.189453082144366 -0.0301122221236024 -0.0964922087586215
-0.0106095471358266 0.198292110606958 -0.0901638548060898 -0.0545883301481478
0.102766627887171 0.171259284890676 -0.126296274823222 0.0525271507156596
0.173996552211956 0.0782187361036147 -0.129900813343359 0.150591499069682
0.194160616043363 -0.0226656612335243 -0.0910184759173858 0.13149975330204
0.154565653307853 -0.0955796794884742 -0.0626968335170135 0.0417664419152046
0.153411075551288 -0.103000029783968 0.0158089125253925 -0.0211812047096428
0.188773255484341 -0.0428081607641304 0.015939356479118 -0.162859213594316
0.201092366141196 0.0661845818981353 0.0757633294556608 -0.176533729190715
0.123178513319303 0.223571304043279 0.15921590297368 0.0092154759243811
-0.0922443143474453 0.26566013528946 0.0786191660539708 0.204648684993008
-0.246957376136606 0.130773382869706 -0.0633920053615486 0.190506938234646
-0.267157710360031 0.0517414237228847 -0.104767373285082 0.0831099957488848
-0.20303285772298 0.107321943114104 -0.0961536123748352 0.0411085698719281
-0.0295195313409434 0.234779077354239 -0.0535857726026879 0.0481214218899601
0.241328373060179 0.139366935085643 0.025612186568493 0.0421440423041658
0.244936957203236 -0.183201757393973 -0.00230884293545698 0.0484621593060729
-0.033373092078219 -0.250097550264961 -0.0473634814367894 0.107880709242343
-0.115393328894163 -0.0701898252357918 -0.0718521297110872 0.111552016486638
0.0336297487984102 -0.0118067165635291 -0.102833251642742 0.0707562432932358
0.0949209450051043 -0.0805340703197297 -0.103767580896358 0.0478101996930766
0.120480113691992 -0.0710056230819633 -0.044466188909349 -0.00416437305174418
0.0890607550403201 0.00392933349399614 0.0277121314128058 -0.160040590335247
0.0481575481605821 0.0252696781583467 0.138665753865458 -0.0428204590141497
0.0308100432428795 0.0701328328041039 0.0922648545149737 0.178753990348395
-0.0662765037465144 0.101036422787488 -0.0623193544204862 0.246337860595826
-0.206855561070666 -0.000336477702534002 -0.19938704126402 0.166149058928953
-0.247320079728512 -0.0485040145108205 -0.235108203117044 0.0466366981130205
-0.169045952751044 0.0767446485053945 -0.17285049112412 0.0823942955055678
0.104563139544592 0.21776301113585 0.0507807219721758 0.187386462149686
0.410087037636337 -0.0245837823077297 0.282776388549126 0.0410523352590125
0.258523295764241 -0.43588603457411 0.0665354860312399 -0.0929658665631413
-0.19794244642533 -0.44757168459465 -0.0796119183671546 0.103370669909825
-0.352467614908021 -0.114903106517376 0.0407099835070028 0.11079347013305
-0.122198518035725 0.0403580555670351 -0.00186272871765778 -0.0144621105937221
0.0205305562116316 -0.0430600899260154 -0.0890872076280862 0.0254555211610833
0.0682035953352817 -0.0314076295139276 -0.0740305082973215 -0.0123614906867529
0.00926378474238262 0.0104241782893354 0.101844609150842 -0.124401830204041
-0.0192776721663132 -0.0314797428786604 0.142205732650213 0.140974135581541
0.031091710012313 -0.0332840956605337 -0.0896341252212519 0.215353974848542
0.0203635201200287 0.0112854568812217 -0.151880555282762 0.0894959233627477
-0.0797606979046406 -0.0353248802425644 -0.217642445259074 0.0463911065108778
-0.142702454941493 -0.0602515306307995 -0.308406867845903 -0.0240332946444279
-0.0985045351052073 0.0451743479857447 -0.227406855113095 0.103052291673389
0.117836882761497 0.124667197366915 0.203658364936813 0.266449937467227
0.275081664673819 -0.0957413192998376 0.483447913665522 -0.0807111065618768
0.108263559277827 -0.308891283812082 0.0194438563991978 -0.248019970143845
-0.173588484041391 -0.276940719816552 -0.142529184094318 0.125043431480752
-0.272956255820921 -0.0577113684681682 0.156920261567987 0.126630237036603
-0.121634432664602 0.0556020866454038 0.128385420472027 -0.106936354616381
-0.00710210055230558 -0.0108909265407418 -0.0562601889303003 -0.0194265973119487
-0.0098735055188754 0.0135309813204057 0.0503676434382036 0.0303934326529804
0.00486560037763946 -0.00584767322907416 -0.175282003129839 0.164314705467821
0.0212367766750448 0.00212613345065644 -0.251359123336123 -0.0941321174954788
0.0137788584853924 0.0135324867051732 0.122235414073858 -0.189406646871764
-0.00714217904051806 0.0338605882953212 0.068416894795065 0.257924800470785
-0.0259864983137955 0.0251335006948037 -0.491005464648542 0.217421998602206
-0.0102484790360029 0.00276823019207922 -0.308114889060825 -0.265256487432704
0.00961096827166437 0.0116362419066366 0.233435253247336 -0.128280927277119
0.0106292709859316 0.0148975442452853 0.337469051071141 0.0777908594540251
0.00781899413150387 0.00653735147374352 0.199632962981563 0.0103338507765519
-0.00935060998946229 -0.004895951451485 0.141241373717963 0.0198255159685086
-0.0112425282794098 0.000970792266975665 0.195023929489794 -0.173337306393034
-0.00950732995925648 0.0136040874076555 -0.0897377293086764 -0.240858233028313
-0.00272266215349148 0.00369772107702609 -0.174263680554845 0.0885628211975101
-0.0051533741797895 -0.00256418856833327 0.0816598297334287 0.0492579383940838
-0.0237683009911929 0.0144805560815827 0.0702927200475663 0.00787951468552813
-0.126405381089937 0.067799680947205 -0.114300424492174 0.128646760655889
-0.255154561150265 -0.0266258933188893 -0.211758294444942 -0.076265544337955
-0.178914989224157 -0.261190161514439 0.090522171199478 -0.18692524546994
0.109385687389402 -0.291565481735487 0.0581277412094945 0.220569361835745
0.234067658959654 -0.0638448969765547 -0.431398537835127 0.204540205618385
0.0938103297461513 0.119533273682997 -0.265427093066518 -0.228365696067926
-0.0904654530649612 0.054086270568511 0.220360111329669 -0.115522263241668
-0.114613185885485 -0.0433489742933812 0.326057791770608 0.0646620767226978
-0.044962300258228 -0.0167732919901769 0.23000214448618 -0.00297923276488969
0.0273925523913317 -0.0140797241634143 0.162227080201247 -0.0303943198598682
0.0265773507173113 -0.0525786731262059 0.165610980592237 -0.191495928416058
-0.0369749251269574 -0.0278484577768545 -0.0950278464932377 -0.201709000005256
-0.00595688110763705 0.00973614439336549 -0.143715960021188 0.104021970495317
0.0443037267227652 -0.0279378556449129 0.086219815546332 0.0450562708155463
-0.000877197508901418 -0.012053345977637 0.107055175671674 -0.041747384517365
-0.149397941471613 0.0840708068875936 0.0115352606755156 0.0164558714766307
-0.377222850506559 -0.0212506993044901 -0.0822500789277263 -0.081943539450873
-0.303695296164352 -0.402854064824783 0.0398679021639946 -0.145970233075615
0.178492162928094 -0.484961327691194 -0.011538998775707 0.120614056652902
0.373680216676214 -0.0801577435000104 -0.287342017906632 0.101348905088149
0.112504627841434 0.208734743994971 -0.129263422240044 -0.158982504277565
-0.169084325484765 0.0924755772612148 0.166677678220769 -0.0894887714210931
-0.231444079601452 -0.0574731998072427 0.266171946416204 -0.00711635605111824
-0.176337926999241 -0.0168766377635641 0.2596983768231 -0.0900143431773341
-0.0607496139740859 0.0515202732139368 0.16211041528964 -0.196930000322432
0.0246910353066998 0.0323076357912143 0.0173978635458115 -0.234690055100173
0.0167202513868489 0.0270387154300182 -0.143037054601318 -0.0503794686086602
0.0670862355219128 0.0207554351833624 -0.0726890769033597 0.153604359781061
0.10233498925988 -0.0576806767279188 0.0719885560067054 0.0343114991021831
0.0685694271705477 -0.0603519429641371 0.121188880249485 -0.0742552856132227
-0.0185808362435647 0.00825108193650904 0.0995728139126956 -0.103130627262996
-0.187129761666068 -0.0190720238590167 0.0348392135123623 -0.125286955323128
-0.160757952439293 -0.270475285283342 0.00700196421725973 -0.111519844794076
0.183467702066663 -0.301919522833341 -0.0386639864810223 9.10187941215174E-05
0.276502485965239 0.0479730019413886 -0.0897425329701748 0.00983445334963286
0.00525462129012807 0.243241731330774 -0.00147163344490398 -0.0619365503988234
-0.207788434727475 0.121095307923341 0.0854270039504378 -0.0535650084033089
-0.280100723157612 0.0182023485831923 0.132069382084881 -0.0796907662489155
-0.28856329003388 0.07492879937506 0.142034363970204 -0.171705731925228
-0.170050066003451 0.225510206886392 0.0149045143517739 -0.25024985703168
0.0538599988781119 0.245883543267513 -0.144184886062796 -0.131314542172907
0.167563172779694 0.12922352055572 -0.155534529101893 0.115647729940905
0.188580677644129 0.00895209258048211 -0.0436690528327483 0.16855600043318
0.153042618751472 -0.0876732432371864 0.013494293804289 0.0300604280125664
0.139030784739868 -0.102413299291268 0.0860714935319483 -0.0602171076226709
0.155186841219093 -0.066735300368644 0.0776549359659724 -0.154264069713645
0.142252288983043 0.0108774353911842 0.0555380903087951 -0.182285610673226
0.112504602953323 0.0719764141825519 0.0635494632477949 -0.0989464682677415
0.0665739874394021 0.130677622252277 0.0575489692786897 0.0214027706204246
-0.0265413086347746 0.185006903006083 0.0257531106518398 0.0708389792614184
-0.162966021111836 0.183859681629109 0.00827517497332242 0.0396513699387084
-0.21524169162792 0.128901267444392 -0.00847647780882672 -0.00828945816300397
-0.198270209465945 0.15027789144532 -0.0153973771381298 -0.0672764429594916
-0.121242672662787 0.193278346117407 -0.0322354418559739 -0.0994139504430438
-0.00863339475042475 0.202386672041923 -0.0921780856828756 -0.0551895310134912
0.104750055792315 0.174761616571232 -0.125533043507245 0.053152164420582
0.177683584256224 0.0783511626745962 -0.12850571018112 0.154533624977689
0.198295866092545 -0.0246667791481752 -0.0902445907631601 0.132361830073968
0.157447885412154 -0.100796360274178 -0.0661719458475478 0.040650435028805
0.155450745803378 -0.10744879886756 0.0184144555766543 -0.0210436393903109
0.192027974241165 -0.046130978662514 0.0115578935532136 -0.164864791764729
0.204857651131748 0.0646417687487895 0.0743284954685366 -0.179383189532617
0.128496608769027 0.225099550297697 0.163666903892462 0.00745837183204352
-0.0913412931318003 0.271790332238804 0.0849624757132052 0.207488758956935
-0.250158625553311 0.134942844060462 -0.0605128437836061 0.1950532349984
-0.271352499152565 0.05200931760241 -0.104018367879793 0.0856415159021941
-0.207382590587121 0.10966114137336 -0.0966966952747187 0.0431964434043036
-0.0299697378020143 0.239775568457314 -0.0543282110581635 0.0482533606614424
0.245045362945427 0.139867774553878 0.0276674754371555 0.0400228552638315
0.246334149100217 -0.188608186648938 -0.000919990367120401 0.04771019353222
-0.0379923660357671 -0.251511148723229 -0.046997315419686 0.1095227938607
-0.119918491980196 -0.0702175903377871 -0.0725151711420134 0.115157257142974
0.0345593852787685 -0.0134605909847432 -0.103675963973633 0.0725361992436274
0.0955089803130225 -0.0846157107288145 -0.108009419386731 0.0495209490391654
0.120422664495114 -0.0752513210107829 -0.0422418104227576 -0.00215116902061543
0.0907981572094617 0.00506711253118462 0.02465280764201 -0.162013470473137
0.0472282792209005 0.0255207240682112 0.142116712943398 -0.0451699985769213
0.0312999725797546 0.069850205113286 0.0954748665372475 0.181076199383515
-0.0643102599605481 0.101463649447028 -0.0585857572278502 0.251137299710212
-0.210227091358472 0.000409821395714883 -0.198240583876524 0.171402377111299
-0.252383701750014 -0.0477827410341087 -0.236550629444139 0.0503087559546708
-0.173668405884662 0.0779106826441066 -0.174804433994255 0.0853705721469884
0.106282086281563 0.221588656038518 0.0530038581104569 0.189592250837027
0.41558163435091 -0.0243665646006037 0.290403454726188 0.034605595740602
0.257160485736509 -0.447400446372574 0.0674547977027024 -0.0998357379126074
-0.209077966285931 -0.454602882318518 -0.0804682447490769 0.105454505119842
-0.362146678493553 -0.110554019436195 0.0423414051346893 0.112774322263097
-0.12382292944095 0.0408602831065067 -0.00395489976507599 -0.0132027794771702
0.0204645325735278 -0.0459598454547219 -0.0939901106151834 0.0259334697099207
0.0676680795973416 -0.0340802109822731 -0.0738516983920948 -0.0102730242284364
0.00888161436708562 0.0129661384269203 0.1017016143367 -0.126443312195565
-0.0223186398977356 -0.030677067881133 0.148058651860156 0.142219059064525
0.0302137106196218 -0.0349353083004131 -0.088548153383237 0.221069194509389
0.0234066871152222 0.0091798667602021 -0.151408603190796 0.0916253238269832
-0.0804947687411255 -0.0355730141814161 -0.218001942855159 0.0504760081582177
-0.144852699077344 -0.0608241079840774 -0.311980116388991 -0.0207245312477631
-0.10036646427853 0.0466773025088736 -0.231308123468695 0.106100046303198
0.120416412367778 0.126424233933496 0.210339131686984 0.268463041841562
0.280451490182751 -0.0965856303392891 0.49430896446173 -0.0942205960464609
0.108267615714338 -0.316404690490842 0.016411386613099 -0.258111260176586
-0.181602741000708 -0.281958740063335 -0.145368659959208 0.12999233195034
-0.280906387594275 -0.0534059498063439 0.160625847696823 0.126808724988904
-0.123029684646959 0.0587673599252741 0.127515498283958 -0.110128761590106
-0.00747899479025566 -0.0119425795398935 -0.0614326440515054 -0.0186206984497781
-0.0104276490653148 0.0137034100357413 0.055800973832187 0.0292367866284493
0.0033221945763511 -0.00598226659714638 -0.172828163055929 0.171630674984008
0.0229523478331457 0.000851041253372205 -0.25837087070619 -0.0880523237914123
0.0135862205252972 0.0142330784212056 0.119702593316218 -0.195345900648021
-0.00707614642144315 0.0349602585799649 0.0753996432374082 0.262730964917333
-0.0254132489113089 0.0256384674372622 -0.495718240844529 0.23449643561266
-0.0107101341486975 0.00270508578931004 -0.31963155691837 -0.262953453583723
0.0105688269125789 0.0125699559475531 0.236435230864046 -0.135473479401153
0.0112140524133563 0.0157679936570341 0.346073312201017 0.0741780484190839
0.00744555908156073 0.00695333758624 0.199562149254465 0.00850737609430594
-0.010865790802019 -0.00383220297355941 0.144350799655623 0.0189359145190224
-0.0119731589403865 0.00228219764444574 0.195595080249106 -0.182215890668084
-0.00891280054443754 0.0158318274477657 -0.0991698676364045 -0.247686622057599
-0.00303509060156274 0.00418730311446055 -0.179382802436038 0.0931096375289075
-0.00663894443298066 -0.00318573155810838 0.0829014829490489 0.0463487442853401
-0.0238716905974748 0.0148263543880439 0.075541570122241 0.00568724534652552
-0.128041253285169 0.0726472506125071 -0.110750059135684 0.132669710846914
-0.260195185329986 -0.0200791294723415 -0.217561968741705 -0.0712458884497995
-0.189608374181088 -0.261747284679591 0.0871351432294206 -0.193153247079245
0.104011564849852 -0.299959561451027 0.0629629234183416 0.224195322825175
0.236946978879694 -0.0690168765683016 -0.433274600482199 0.221138841522695
0.0978001616115815 0.120092369290808 -0.27318217558304 -0.227416734573951
-0.0898434509182278 0.0574618201557082 0.225364688184523 -0.122814936226829
-0.118001416488768 -0.0418573927279514 0.33485897046869 0.0585065522436159
-0.0455526867341271 -0.0166485820563771 0.231886771688394 -0.00611934854598933
0.0271812007858831 -0.0157925764941021 0.164339941018502 -0.031971740708052
0.0273275349071721 -0.0559911624746172 0.1664236038704 -0.201633554785524
-0.0385839846302058 -0.0267388813809829 -0.102987577996629 -0.207482155292973
-0.00637592303702124 0.0110475967112069 -0.14704902266976 0.10685521286272
0.044525840249041 -0.0303616632680437 0.0876261947378402 0.043814060590607
-0.000837336637745823 -0.0125752381726066 0.111086551623088 -0.0459705063266586
-0.149552589032637 0.0891884158126568 0.0141879138542861 0.0143331283411106
-0.383280222876487 -0.00986705542187721 -0.0857850847762231 -0.0804984074611428
-0.320042333951755 -0.402978528345147 0.0362644564961749 -0.148926864688034
0.169179609213762 -0.49734944817663 -0.00916933053621889 0.126056756267049
0.379312542661172 -0.0885197836451632 -0.289720151604328 0.111692935638243
0.117098541610569 0.211776298841157 -0.132780322762778 -0.158762364745294
-0.169881445918854 0.0978306832310567 0.169934262893409 -0.0945575638821473
-0.23648356058496 -0.0540782195200906 0.270417409661745 -0.0140131806441974
-0.179873747012827 -0.0163476557840281 0.260991284997384 -0.0960126202295547
-0.0593721861623196 0.051365442045839 0.160197001893938 -0.203999532529775
0.0262188604608216 0.0299021104101229 0.0133673094461565 -0.241673968770976
0.0165117575704576 0.027447779612033 -0.147524460785208 -0.0520406409610845
0.0679275987432664 0.0210157141360706 -0.071350809079831 0.156199898910734
0.103474407039297 -0.0607730376899619 0.0715702143050766 0.0324025043916308
0.0684218128082217 -0.0651770180925788 0.12413853880517 -0.0791383502828964
-0.0180652614195499 0.00773000806058371 0.0997312260627257 -0.108585817974417
-0.189710373115465 -0.0139065280919678 0.0328872023626895 -0.127948927918261
-0.171260211806489 -0.269725054131975 0.00511145558180032 -0.112407561154072
0.179466229181514 -0.31090056939129 -0.0382373420389357 0.0030437913010543
0.282883114413786 0.043954394001924 -0.0877575539934254 0.0125497966293114
0.0092993816573993 0.248233846423525 -0.000858259828927948 -0.0620739325225706
-0.210751789918623 0.127327810120014 0.0859631796207211 -0.0567739578970769
-0.284601566058284 0.0218458942190431 0.134189478996969 -0.0843448855196436
-0.29249236322943 0.0804296236347055 0.141859458598298 -0.179182231666404
-0.168984726492656 0.231435802452812 0.00975680104921222 -0.257841326365917
0.060081873363946 0.247957989139499 -0.148783037462851 -0.13354868602797
0.173309565689083 0.12787764106621 -0.154200723948995 0.119144019099643
0.191353169081962 0.00494529183655739 -0.0412077492909459 0.171703372741461
0.153864665817276 -0.0932203875434498 0.0126023116453231 0.0303369598426829
0.139928152615243 -0.107574524641543 0.0887771334777299 -0.0637184438073054
0.158880936626748 -0.0723481427938557 0.0747202642692393 -0.158903871471858
0.146565492543722 0.00903118901587545 0.0518636912812863 -0.185416558503536
0.116709408528447 0.0723856192152746 0.0641274963235536 -0.102757707154396
0.0694016546247964 0.134490722997067 0.0600922673244552 0.0234976118403198
-0.0255051113799539 0.190492027586279 0.0307035462422783 0.0734041997610386
-0.164040574511595 0.189882198535199 0.00968612063040178 0.0405962101409956
-0.218644142094703 0.135098986322335 -0.00816554971512503 -0.0087317697640055
-0.199631128633029 0.156982007503481 -0.017314781534441 -0.0685334089485563
-0.121731534099856 0.198893539727794 -0.0354846373788581 -0.10350259941555
-0.00554232172454496 0.207851532535961 -0.0964237670978632 -0.0567328377081224
0.111011008585498 0.177086283515748 -0.126224442324945 0.0548094711425965
0.18299799279369 0.0772173627053504 -0.126294156332032 0.159348183509653
0.202372079298753 -0.0304716841321583 -0.0878478691834618 0.136242038134172
0.159108907663129 -0.107679057296102 -0.0679356739681721 0.0420596273651765
0.156383281090871 -0.113539068705271 0.0198889090851678 -0.0222161092037115
0.193014998555958 -0.0492951342442198 0.0084952867988765 -0.167664917005739
0.209546300326009 0.061422086041649 0.0710069890330719 -0.18288940667625
0.136230514641273 0.225747384497105 0.16652395929891 0.00504316376731775
-0.0878984788027198 0.277284930074024 0.0933920122747538 0.212556513935704
-0.254887833128537 0.140523837357856 -0.0560199978740152 0.202246005196224
-0.277866595286088 0.059051736974155 -0.103679989335015 0.0904685777812811
-0.211163649331683 0.114072314060593 -0.0989804852021114 0.0458936653006213
-0.0267606425552963 0.243392633163407 -0.054979590066842 0.0505083334972195
0.250709929711237 0.137390946703164 0.0277222223999142 0.0380888545888159
0.246028628596438 -0.19690298073708 -0.000470090796453723 0.0476884341727901
-0.0442908798879701 -0.254173794921201 -0.0442559226957451 0.111851220977599
-0.123214785182749 -0.0674410396120373 -0.0709882314268694 0.119554218052119
0.0371796758033091 -0.0159831344293577 -0.104420347100896 0.0763038908847871
0.096734927541343 -0.0911372844874889 -0.111919293526742 0.0536986574187374
0.121157450849895 -0.0781611603354249 -0.0407679723811115 -0.00100232506774435
0.0929349352681443 0.00444655637824129 0.022545607029794 -0.164044559545344
0.0469880758596819 0.0262099121583698 0.144511693335894 -0.0470700109526561
0.0324378011773971 0.0686975911878352 0.100808854654526 0.185282161350662
-0.0615064950326023 0.102705170228733 -0.053365686758165 0.255775866083886
-0.214680832948017 0.0042947207573549 -0.197919493688548 0.179252147255454
-0.260122089370092 -0.0443794157979875 -0.23819372417193 0.0561710704656653
-0.177019415574426 0.0830479844697192 -0.177326241457929 0.0910592571826641
0.112617290088214 0.22404262400287 0.0561063104985092 0.191217758888469
0.421650807082019 -0.0341657317018541 0.297168196008542 0.0269693505678993
0.252519840570246 -0.4630617373086 0.0662135546651663 -0.104090473987587
-0.223328794356044 -0.458450647684739 -0.079899546079651 0.108979600765487
-0.37257025905321 -0.103672087822645 0.045555074475751 0.114964723223166
-0.125155733215768 0.0440556250263699 -0.00575584072524527 -0.0133385695351869
0.0201744505402548 -0.0480855339151297 -0.0985489120480585 0.029975532697185
0.0683320545673611 -0.0360543418191321 -0.0727417183845737 -0.00797651469951362
0.00868647269203628 0.0134429169023534 0.102860722620734 -0.128914552653396
-0.024537399744545 -0.0313401726401695 0.155620990009436 0.144854031899648
0.0301855867896707 -0.0382474590978119 -0.0871018685302663 0.228281632753947
0.0265299420962288 0.00764455632323254 -0.151263735207546 0.0941926899031369
-0.0831216199202027 -0.0346858071887929 -0.218245008480195 0.0549768604231326
-0.150500544112831 -0.0610552534157814 -0.315652377152272 -0.016660325254381
-0.103009838762441 0.0490110040022509 -0.233699539648359 0.114009391160193
0.124824390415675 0.126775689734081 0.217333697678095 0.267864089803887
0.284319542493573 -0.103347517332648 0.502889518444895 -0.110093554422529
0.104501033147525 -0.326344475047351 0.0096164517911842 -0.265229475441192
-0.192284473374742 -0.283893141376448 -0.144989450022923 0.135677360881298
-0.288746811714682 -0.045729064705888 0.168085086308958 0.126070246443053
-0.123913254052724 0.0625471864475203 0.126540539512642 -0.114789027300362
-0.00863820221701563 -0.0136027679067768 -0.0666167994821963 -0.0154454993777729
-0.00965423793692524 0.0152469279403991 0.0612071978826675 0.0266516874128528
0.0033032031243255 -0.00546206638638814 -0.166277849763636 0.178226694137875
0.0235705029559607 -0.000675557515687941 -0.263109741177795 -0.0778982856221818
0.0141250225427102 0.014599490842495 0.114585304065264 -0.202667672523408
-0.00717770915069381 0.0364145143585782 0.0854676769439132 0.265501264657096
-0.0262357844735442 0.0272596761035401 -0.494283895098548 0.255154820892746
-0.0117277739752209 0.0018800204488187 -0.329319505183604 -0.254784589975504
0.0122942181977723 0.0109751258883124 0.237626541977814 -0.144211135041795
0.0107049734827502 0.0161627823726391 0.3517094629357 0.0648382891655279
0.00640557876317991 0.00793230807380902 0.199150074107869 0.00490034910255074
-0.0126696013021096 -0.00233186607623501 0.145397765482618 0.0184046530968469
-0.010565431732022 0.00271632794192582 0.19257903611202 -0.191129763520433
-0.00783515031703947 0.0161560946064896 -0.109468249430688 -0.252227056912701
-0.00259028348990653 0.00410082305747015 -0.181886892107707 0.0994686488417939
-0.00639048483918205 -0.00331809888746127 0.0833583891364341 0.0447606092746961
-0.0237093240965053 0.014277876660773 0.080302267111508 0.00251323230262589
-0.12739152018948 0.0783019763376321 -0.106999080978454 0.136597578096843
-0.26569150504752 -0.0123056833673417 -0.220683961471765 -0.0624008076214821
-0.202153731466431 -0.256674748759113 0.082231200285777 -0.196686088609438
0.0947635654401875 -0.307558118150789 0.0704769752185118 0.22887284821464
0.236989074476184 -0.0765763238366195 -0.432709526658977 0.238644639261816
0.101760559510544 0.118175108336995 -0.281528057433337 -0.221413144643018
-0.0894451149418163 0.0606728960140706 0.224957057251067 -0.131618122869121
-0.120350292349547 -0.0380673783618626 0.340191667795796 0.0483301486208564
-0.0455570629767786 -0.0157114112938433 0.230520271430718 -0.0106935157681092
0.0289130224128092 -0.0168006204339503 0.164041828205303 -0.0360558540777926
0.0263708089426958 -0.0592058281566452 0.162806044742773 -0.211114519402585
-0.0403835192200242 -0.0261792310490662 -0.112724939933848 -0.210784754963479
-0.00683567104825708 0.0121588279879001 -0.148797433262071 0.111992567339176
0.0425309367041659 -0.0307556115019775 0.0877800423597043 0.0418476831780805
-0.00168791992793872 -0.0141650997802078 0.115058191364025 -0.052103339019224
-0.14844099425094 0.0926283976716727 0.015908474623392 0.0109146589236476
-0.387726781814749 0.00278410480623331 -0.0887203761054624 -0.076859789020519
-0.33829253828484 -0.395889399463724 0.0318699312007197 -0.151564385533942
0.153706294230893 -0.508814552542885 -0.00564618830260522 0.130514798783125
0.378967538074497 -0.101680465934495 -0.288391957712372 0.122481970918272
0.125452034544986 0.210891316593079 -0.136940015758107 -0.155430793993334
-0.1708497576974 0.104153883923774 0.170871225279113 -0.101505757953786
-0.24197657689176 -0.0483307391088623 0.272378152068366 -0.0218306900739285
-0.181238701216589 -0.012248011674023 0.260538374809034 -0.104497091061842
-0.0575191790939256 0.0518344098298854 0.156862702375567 -0.209956790482865
0.0271139616140303 0.0259175044318377 0.00861329394076127 -0.248728159149784
0.0168833529345766 0.0270739126143321 -0.150971368687722 -0.0526298714812726
0.0687201827006672 0.0202269410926928 -0.0687248161824427 0.158872757483787
0.10150713333397 -0.0636003686067161 0.0718243016813402 0.0304484306894764
0.0670643994519277 -0.0685895223768466 0.126754287014141 -0.0842853634096636
-0.0166874086446611 0.00702766837633703 0.0989058584781544 -0.114552148013384
-0.190542814421401 -0.00774811183920664 0.0282558871701607 -0.128991685796458
-0.181333791259188 -0.266257340992133 0.00246113144379444 -0.113579123182147
0.17052619409703 -0.316545902052321 -0.0372615662882227 0.0073139798657655
0.284952367753854 0.0384824222237461 -0.0873271527723792 0.0174749171985633
0.0152738055789205 0.251495794140837 -0.000972479862482263 -0.0629260445206115
-0.210604904081169 0.134633118420831 0.0867524916612902 -0.0588800874076866
-0.287578327812716 0.0291811001261472 0.132488495235211 -0.0895506599130567
-0.29481394671763 0.0893839980098824 0.137764346955598 -0.186155868389077
-0.163077237654745 0.23834436978907 0.00357844286188694 -0.262785250888675
0.0677103650290733 0.248158941203059 -0.153912203560187 -0.132834277021454
0.178341824415223 0.124232400676462 -0.151756651904897 0.122776167247668
0.194046886212911 -0.00030599392214493 -0.0359655488336036 0.173411389116436
0.153615839439026 -0.0995980798079946 0.0117000206868379 0.0293076327141239
0.137556518624841 -0.115561828909841 0.0898600412754019 -0.0678274225050313
0.158551445031895 -0.0777480527134093 0.0719566792604918 -0.16457704993081
0.149133979209302 0.00354536988590961 0.045131191045819 -0.187740048188944
0.121459621238022 0.0711196328542083 0.0627062905368575 -0.105456093224394
0.0732528034349745 0.13706659520615 0.0648716797501193 0.0244282183804097
-0.0225776437780325 0.195346212836233 0.0345818856611527 0.0751351947361513
-0.16238177798853 0.197009138013229 0.0121439855910002 0.0419354697821196
-0.21869244640024 0.141003330333305 -0.00885688493225557 -0.0078762026362585
-0.200380149882931 0.161953947730493 -0.0196576174919268 -0.0698792412095403
-0.119034950782975 0.204802666791384 -0.0395065911703514 -0.105894445032612
-0.00011389345222003 0.211739567492069 -0.0996370559720239 -0.0556532342609264
0.11850138548501 0.177215625344888 -0.126005909362139 0.0562191777297495
0.188185801023899 0.0725700627589288 -0.120717076990551 0.164520183224055
0.204905942376458 -0.0369090232523921 -0.0847847936978074 0.139725386863928
0.158926446958797 -0.115346376410831 -0.0704868823491155 0.0459690535562059
0.155548039133882 -0.119989948557785 0.0217788701938442 -0.0233262702367734
0.195844254453057 -0.05599276942247 0.00378128133714885 -0.169479729097869
0.212879969948728 0.0555896425959428 0.0669842632980893 -0.186828480382457
0.144039431921002 0.224625100443997 0.169381749029871 0.000805289395670596
-0.0806721850519317 0.283154921087874 0.104221307817642 0.212622199561259
-0.256490249005698 0.150410153613302 -0.0502655021466331 0.208258326636187
-0.282208255075871 0.0671710213998317 -0.1009374238511 0.0953971405516811
-0.212847160087397 0.122142092265493 -0.0980049352514726 0.049565927411076
-0.024085197757581 0.246368564688714 -0.0549009005306306 0.0511853578949674
0.25690724911591 0.132426757928021 0.0280475816099189 0.0351380102856417
0.241634755103934 -0.204732623008555 0.00080836744470318 0.0470472897934193
-0.0522788973441507 -0.25446048283253 -0.0414744632739925 0.112346532961697
-0.125231811757744 -0.0623916437143649 -0.0670117361274702 0.122632710102213
0.0383683895122959 -0.0184511833954718 -0.104181694384087 0.0808380461407194
0.0951707693109616 -0.0961611271491836 -0.114530344817114 0.0572588945972028
0.120479546247108 -0.0839795122619429 -0.0391480019739739 0.000165325018921245
0.0929240552199695 0.00246805639066122 0.0185700779223419 -0.165708812130723
0.0459821626188694 0.0250041549677734 0.144928617118941 -0.0498247904568641
0.0339914067379572 0.0661657708706147 0.10783894057864 0.185900846416658
-0.0580635443489992 0.101534668184319 -0.0453031813269705 0.260833611960581
-0.218847077176565 0.0094707131757031 -0.19308067722308 0.187725720722949
-0.267051559887003 -0.0382161503829709 -0.238460155570557 0.0634947313456697
-0.179209853876471 0.0889746725362763 -0.176726373539784 0.0981574411621673
0.117350058646914 0.22281189787295 0.0605384606348746 0.191268644938876
0.427438652482655 -0.0482076799055716 0.301213180325715 0.0154785043420431
0.242581374801254 -0.476728250494006 0.0648799879822797 -0.107577273734841
-0.243991183085506 -0.4564324861271 -0.0765522420953515 0.112378234317671
-0.381227286546604 -0.090809353238612 0.0512733027172652 0.11411272430807
-0.124907926975458 0.047904477971312 -0.00750241395443206 -0.0126794030907799
0.017931726713477 -0.051148055682495 -0.102089412750605 0.0343238557547271
0.0682408618753194 -0.0385496080852301 -0.0705885994032396 -0.00616297770498223
0.00825542842381033 0.0135906428483044 0.102873734664113 -0.131003757295571
-0.0267446353878031 -0.030715973499292 0.163630443535439 0.144071179205011
0.0296343205177224 -0.0414702796610075 -0.0826230037738582 0.237102547512288
0.0298274004028942 0.00460206911758732 -0.149689738528897 0.098369176256116
-0.0858863903495721 -0.0329033336457328 -0.216263160883302 0.0601724287283099
-0.154762738677743 -0.0566448103591114 -0.317424769903496 -0.00788162622932563
-0.103880521152531 0.0531974447539777 -0.235397155393739 0.123048495347077
0.129887783241043 0.125160873713565 0.225365627257838 0.264605753255254
0.284413945188387 -0.114353603775517 0.507003502403398 -0.129232533419822
0.0968828083362243 -0.3347352397326 0.00170199937279836 -0.270294697995923
-0.20404763118874 -0.280932931207917 -0.142080367300913 0.14222816007633
-0.294677665369548 -0.0356441114167764 0.17517352300726 0.120773968332667
-0.123873758622982 0.0673861217009724 0.124251463916214 -0.120750214346385
-0.00979821907573531 -0.0143791920593703 -0.0716681009461871 -0.0127845631171526
-0.0096582464690431 0.0161480357237062 0.0676159492446542 0.0241649476511775
0.00291355158559698 -0.00497014378542532 -0.160179214148573 0.18416236610585
0.0233267547877476 -0.00210844604429519 -0.264634669674262 -0.0687568475144564
0.0140536485235496 0.014073635771909 0.107386118414794 -0.207573084981337
-0.00623093474835709 0.0365076232144114 0.0944795704221172 0.265684915607784
-0.0264877443880344 0.0286477737488578 -0.490425367849889 0.274445338255735
-0.0114537484384544 0.00213599319343343 -0.336945809988713 -0.246591909118824
0.0129168864590186 0.00995984067203942 0.235749745742633 -0.150910676504816
0.0110899879310253 0.0167501537686942 0.355261781489807 0.0557301084866956
0.00551737114576754 0.00826612373258491 0.198020357436353 0.000640935736396884
-0.0130788011346206 -0.000644234222469767 0.146500423819585 0.015937541819479
-0.0109238435115818 0.00269632311595019 0.187192801202936 -0.200703175550793
-0.00551570204777654 0.0162031602788606 -0.119499914405865 -0.254397332943704
-0.00245288818093691 0.00348501763468793 -0.183941418469475 0.105799447735257
-0.00703360238149627 -0.00244480501826993 0.08295941864726 0.0423686421182081
-0.0236253413354978 0.0151612818117205 0.0851856868471721 -0.00188378686719614
-0.125321574069871 0.0824301273697677 -0.100990837241776 0.140694653935558
-0.266527337828647 -0.00293027499523628 -0.22204449765937 -0.0531115772804795
-0.212480961336203 -0.251812479671151 0.0763198379752721 -0.200765487769772
0.0841962845551967 -0.311789449552396 0.0789733756288437 0.230080615998053
0.235552236802214 -0.0851330237207595 -0.426772228737403 0.256395268488696
0.105713344845038 0.116228298272409 -0.289683815256163 -0.211564148436511
-0.0873745707664249 0.0632304903375963 0.223722466826173 -0.140011496284034
-0.121937953570069 -0.0347123915837476 0.343738506415704 0.0387771906718556
-0.0460194229637673 -0.0155643816148199 0.229521575994353 -0.0155851258953712
0.0293973789817079 -0.0189175027051985 0.163879958718783 -0.0386733443811346
0.024265846186433 -0.0626817046253055 0.15869978848396 -0.219055598114703
-0.0401386386417023 -0.0250112819972416 -0.122592977303137 -0.213359014310117
-0.00652791658648764 0.0131837271260751 -0.149884029047454 0.116620396229705
0.0415487676234896 -0.0322107417328267 0.0882217282205089 0.0398366461599587
-0.00187898496128956 -0.0145944263199857 0.117262042885886 -0.0575608309411209
-0.145443045614457 0.0983321473500927 0.0177816398896177 0.00917248664900358
-0.390307516941383 0.0150042356058964 -0.090425545570917 -0.0728788736368787
-0.352993300058956 -0.388245243593827 0.0273667484134313 -0.154145211377997
0.135757111622524 -0.516552678788854 -0.000426512397045848 0.133415086888642
0.37809000531075 -0.111855096868768 -0.284277490927437 0.134505730911392
0.131916072064656 0.209028225295144 -0.140465415620644 -0.151798820774918
-0.169225642109375 0.110404120922641 0.170140578174083 -0.107096953399176
-0.242668428350771 -0.0424868208981415 0.273679334217717 -0.0304925454169062
-0.181533829048223 -0.00841719835398979 0.257274870566037 -0.112448182327196
-0.0550788227166461 0.0508057132728512 0.150164605719384 -0.216425826143944
0.027178210574943 0.021777248686103 0.00129030275355766 -0.253457495749068
0.0172127500288006 0.0260844862652327 -0.154553538133955 -0.0525756173207623
0.0694766444512653 0.0200798188657743 -0.0662065938281531 0.160306297697309
0.100174764364691 -0.0676978952227578 0.0711167413289822 0.0290298612335864
0.0652048892504565 -0.0727539466252915 0.127893931576419 -0.0904076956643662
-0.0158154209566777 0.00686673283438769 0.0970842235342615 -0.119873276289461
-0.190231799608936 -0.00133836380007801 0.0247005224870266 -0.129963263258412
-0.190825618118841 -0.26041889492647 -0.00151235951153219 -0.115194147752255
0.160072285005179 -0.323082380476133 -0.0352576967691813 0.0111820825996972
0.287011039317336 0.0307172904374476 -0.0848615107546096 0.0216725051439539
0.0232220401193401 0.252723426643992 -0.000234068045422754 -0.0619996328491361
-0.208744404749415 0.141220819598685 0.08705687939876 -0.0622965025223127
-0.289440300958223 0.0354949129621371 0.12968388853387 -0.09415106889358
-0.294644927904417 0.0970365340461954 0.132943677057905 -0.193711142135795
-0.156449005828961 0.24334836217262 -0.00480561871698897 -0.26606755103977
0.0771258388845303 0.246546541511161 -0.159081830501089 -0.13353441951185
0.183177430892945 0.12006891260508 -0.147389821472983 0.125406857662354
0.195631342140772 -0.00551460979930479 -0.0297813419726852 0.173638656382254
0.15198493066236 -0.106024030475889 0.0110149685664865 0.0301968032025176
0.135526072886004 -0.121606127068959 0.0911188110617804 -0.070955275722817
0.158104277817204 -0.0843802511243841 0.0661144882436618 -0.168984951675976
0.15131943771129 -0.0020081212334135 0.0404158549392177 -0.190255981205298
0.12559343426916 0.0693073562448413 0.0598855303738614 -0.107427511285817
0.0775467640227239 0.138399087932935 0.0689260065778204 0.0252193523743283
-0.0187817518029574 0.196855179665 0.0393448372061004 0.0760724672996904
-0.15957044498885 0.203309326612318 0.0155815765902605 0.0419635066349987
-0.218155443194973 0.148691671341454 -0.00828375851901887 -0.00773931629783614
-0.198878465198088 0.168540386122246 -0.0228305446991321 -0.0702747832868478
-0.115141816305974 0.209502030690826 -0.0438223752335536 -0.107240622479884
0.00462444192677412 0.214219698407724 -0.102806129157791 -0.0556888143966835
0.125837463774061 0.176160971867004 -0.126026295508683 0.0577020678136395
0.192524562568425 0.0680824447971279 -0.1159059440581 0.168286486132449
0.206717070660209 -0.0448176247280164 -0.0814761966699896 0.143244161008582
0.156326907119387 -0.123472629168268 -0.0717940662843545 0.0485602580052805
0.152683704448854 -0.125616994459985 0.0234026298003181 -0.0240311741046877
0.194992199272957 -0.0618953452649152 -0.00153449034558723 -0.170614105771069
0.215556073618488 0.0500174112637261 0.0614655337791144 -0.188353385600954
0.151648459811393 0.222207589867738 0.169982898505241 -0.00355461664225793
-0.0715803927333219 0.286585060952892 0.113487051165387 0.211619368586534
-0.25546914266866 0.156916960541964 -0.0420820688372832 0.212794503603859
-0.284020491986443 0.075136990376509 -0.0982305811355462 0.0991664999855468
-0.211532958426821 0.12775413319866 -0.0972209413741522 0.0525461192525424
-0.0177389259458842 0.249961552138624 -0.0549713868100803 0.0533423501087068
0.262018794234605 0.125070565953966 0.0271408807893256 0.032441889270647
0.236902645841539 -0.211702628639807 0.000764521318360093 0.0466370228807998
-0.061005291929096 -0.25167602474685 -0.0377214762402209 0.1139040345857
-0.127189602575633 -0.0583507737225235 -0.0625536748674289 0.12616307715909
0.0389771527132234 -0.0212474946906139 -0.103740462012176 0.0845424317982132
0.0932914698808381 -0.102702889195492 -0.11711107229727 0.0628094193260988
0.118769227905522 -0.0877823092599822 -0.0369980010346358 0.000588277647238947
0.0939579988796221 0.00145665078413615 0.0149892355187136 -0.166255219896124
0.0446786542273573 0.0247244805472182 0.144969244186121 -0.0530006292870054
0.0355241164452992 0.0622767094108541 0.113411496704908 0.186533262256747
-0.0524724222871544 0.0996836708985828 -0.037700915155151 0.262737318874696
-0.221180161207523 0.0150146260659111 -0.187604582570202 0.194739916013693
-0.271242270897519 -0.0310809126704316 -0.236139342473795 0.0711112008237676
-0.178266303235454 0.0943933844233958 -0.174668287578545 0.103660056777741
0.123746726579818 0.222448323159414 0.0654831449809607 0.191017568368612
0.428089212849153 -0.0615578825911036 0.302416825533234 0.00416378037188321
0.227749403264207 -0.486547142149913 0.060220857696419 -0.112406779309408
-0.260400247606417 -0.454639205761958 -0.0731576355644568 0.115039967095183
-0.387447140929312 -0.0780134633548399 0.0555727434961161 0.113255737328866
-0.123261744311528 0.0521144656329616 -0.00814473644193045 -0.0118680308694543
0.017167639537834 -0.0535229483603211 -0.106000828406768 0.0386561867953711
0.0668842172125164 -0.0407867056246737 -0.0691952159672217 -0.00432038955407656
0.00724716961153249 0.0138710969796891 0.10329266952434 -0.132778023611011
-0.0287549818170269 -0.0307503147384371 0.171742985101088 0.143262640754611
0.0277730672835971 -0.0446924149559541 -0.0755967738677959 0.243515757186686
0.0330232546443912 0.000510013961383876 -0.146880467868011 0.102015773822063
-0.0868826443972651 -0.0314823513019329 -0.214218423913926 0.0658649257583596
-0.158507403977938 -0.053296076404799 -0.317890137348585 0.000988739294108175
-0.103739193996418 0.0555558887028622 -0.231876312460157 0.131593059620395
0.134497056245569 0.122489245343081 0.231928449548887 0.259647428404474
0.283538831811908 -0.123553764936924 0.505899336650294 -0.150414674221655
0.0867994081504535 -0.341258546062856 -0.00805730362701615 -0.273316848245229
-0.215936838296628 -0.276993166679056 -0.137566757312412 0.148550331033487
-0.299670970064753 -0.0265496699429449 0.180978466007425 0.115661781338495
-0.123189373570884 0.0715974122591534 0.119323594904195 -0.125821800041344
-0.0103825768320737 -0.0148959801666448 -0.07659477235092 -0.00866203636499122
-0.00984443302415636 0.0165740197081551 0.0703045114994229 0.0248936145244928
0.00492658495806427 -0.00859906680442203 -0.166586912082238 0.176943235111145
0.0281693236519784 -0.00176472712761199 -0.261661556287173 -0.0794236888716976
0.0126154646461765 0.0175695050481973 0.116885831841741 -0.20268885108519
-0.0103423585977855 0.0348409740451716 0.0800923393584054 0.273465540499523
-0.0256981481106968 0.024916269970716 -0.502799831777298 0.24832437092811
-0.0109837401528503 0.00141873244342865 -0.319439782391493 -0.268691503048921
0.012327601202724 0.00920805660740339 0.248432104024793 -0.13860476661107
0.0109873716690561 0.0167145590606898 0.352500658558876 0.0785218733277897
0.00620563831929345 0.0104431538924802 0.194561084442267 0.0154003000913364
-0.0130248771067224 0.000945651686681424 0.14458144997231 0.0274495167560821
-0.00827693582868646 0.00261628672816799 0.200224893818626 -0.190962487294172
-0.00529301631860179 0.0139079891201205 -0.107161524888561 -0.266200479193373
-0.00295161750144585 0.00233581052282218 -0.195248157353408 0.0953323884725378
-0.00747552518621247 -0.00208885078478903 0.0792366061260509 0.0480240817832323
-0.0251266421917501 0.014568064099755 0.0887443196466814 0.000910177448633016
-0.128365511923674 0.0741962024240733 -0.107211778481134 0.134155286454567
-0.26296902102758 -0.0182131130961225 -0.218410895454537 -0.062419796940955
-0.198313841061081 -0.263627820925247 0.0840916122113178 -0.196013790041816
0.103197241752463 -0.312599466074522 0.0654502141408388 0.23761309585721
0.243810291431098 -0.0724039745760783 -0.440153455365909 0.234147308163053
0.0995263049924653 0.123512013862608 -0.274620038194446 -0.230866130554946
-0.0922611509221809 0.0581929900599935 0.236928575369623 -0.127136323458436
-0.118621938686413 -0.0438559583153247 0.341738494282252 0.0606875180148878
-0.0441104524994737 -0.0185485615242943 0.227808709963162 0.000212313623098119
0.0329767390112581 -0.016658715975099 0.165477266800816 -0.0272013596048055
0.0325712488064883 -0.0638147436578093 0.171405750719276 -0.21359373454128
-0.0387165829719951 -0.0300755065446958 -0.110812856819723 -0.225600720455234
-0.00874002673827319 0.012087183928173 -0.16147101402672 0.107289943410862
0.04336345415172 -0.0298275430637516 0.083927865731785 0.0446379328862412
-0.000799432941637486 -0.0142641816579942 0.123937806794037 -0.0536246245407376
-0.15073871602809 0.0902145301507908 0.0181545284457995 0.00838360853097763
-0.388310652108845 -0.00448096912317284 -0.0864818207607948 -0.0760216615949498
-0.332254521780361 -0.407338847377576 0.0333054808587229 -0.151491028527416
0.168191168623624 -0.511956923680213 -0.00715942936695763 0.138583857097868
0.388230236978992 -0.090349531437203 -0.290758909253772 0.120859508731929
0.118878532677509 0.218698969218765 -0.12986826139742 -0.159019243893505
-0.177363953782965 0.0997481078675751 0.180497399871632 -0.0978223376133028
-0.240750834124684 -0.0613533434622908 0.27483064789923 -0.0121386193166835
-0.180280674652498 -0.021158194928593 0.264104529710426 -0.0961764267851319
-0.0538544728751936 0.0442066337327447 0.162639727325806 -0.20685210284826
0.0280276897282596 0.0179018247759249 0.0169423013744025 -0.257789277879863
0.0146502104594004 0.0255632817962809 -0.152550179489031 -0.0651319618898219
0.0678625305290281 0.0244568181655954 -0.0778887229385318 0.155333316870808
0.105782001874543 -0.0625717292108828 0.0664019165999406 0.0325876292332801
0.0697163419954425 -0.0681527966084002 0.135616603089944 -0.0859578301864267
-0.0158071483131168 0.0066754800949897 0.101963552673666 -0.116772933068097
-0.190092721792959 -0.0102263711795696 0.0312040473343232 -0.128185877535691
-0.175665410309477 -0.269671135984722 0.00420560818025032 -0.114905140030935
0.180340303514772 -0.3146054403593 -0.033757726078399 0.0120969049019623
0.286663965053719 0.0510372026006008 -0.0843686699072541 0.0177416437373879
0.00494097069068911 0.254887780672243 0.00540324516935764 -0.0626326491297053
-0.221202922111081 0.128390602354932 0.0936540820356789 -0.0566382360578773
-0.29413807370457 0.015022930762348 0.134604226232729 -0.0849283897107452
-0.301763470384882 0.0748059899176479 0.143507985870723 -0.185954011560711
-0.170611727943865 0.230754720230388 0.00805936540949364 -0.268051989104769
0.0612800820932668 0.249301696251857 -0.150390879529664 -0.146564629797447
0.175951409127787 0.130760190632349 -0.154915614832866 0.113352820823929
0.197575365717743 0.00682679448673778 -0.0411997338668913 0.169850854455618
0.159374783545694 -0.0983591870904996 0.00650669985416784 0.0302112117770938
0.143782923690907 -0.113034092001592 0.0977196066396204 -0.0683119495434156
0.16378694235884 -0.0742007615534524 0.0754004704870448 -0.16577237590004
0.153440311544254 0.0096650393179557 0.0493042218335763 -0.187745084986637
0.120954737087087 0.0795044951165347 0.0655629188900727 -0.10524465037148
0.0685996909072543 0.145666579360338 0.0711008820440105 0.0294268310039245
-0.034035396340968 0.19685678406608 0.0372722815899884 0.0796457913602122
-0.17389979886443 0.193700479498535 0.0144287749213898 0.0429695300468962
-0.230435988905559 0.133596566970745 -0.00716265981705631 -0.00847239798720202
-0.212178017302988 0.155448391281991 -0.0186648984325448 -0.0725274107046382
-0.131820825987326 0.200801069422127 -0.0399526375277459 -0.111859384724864
-0.00970425311810556 0.214911698280605 -0.100849047664647 -0.0621769610647885
0.113611865489282 0.186346934149208 -0.128547669214392 0.0474343374945489
0.190024558791055 0.0800947184174802 -0.124176970723561 0.160026205060173
0.211250087586988 -0.0339856586050222 -0.090009533588882 0.135075036284215
0.165076996532388 -0.116977057334591 -0.0771320431904887 0.0449668306377739
0.161293565430181 -0.117375107386553 0.0276246954703567 -0.0230877359602859
0.200350695054103 -0.0476599249205469 0.00714705024349753 -0.16848699431724
0.211106368447235 0.0656182568873787 0.0705466971412356 -0.185249938578423
0.135711754297932 0.232158541097013 0.170605299102911 0.00623361835150734
-0.0919352681422906 0.281630434370113 0.10517883185753 0.218431272204143
-0.26883984120474 0.139884790719446 -0.0520098988930249 0.211173165481186
-0.290156843267254 0.0572996046392372 -0.102315288196164 0.0928163927483897
-0.223801986048437 0.115103449925039 -0.100608067875676 0.0460035968522974
-0.0365704594299023 0.249243888255706 -0.0599887774962227 0.0487084117187441
0.252508926775972 0.142779178245579 0.0244468974766328 0.0331235563312338
0.24991491605017 -0.196826179708007 -6.52431328053794E-05 0.0455136321574528
-0.0451030458151197 -0.255236420053384 -0.0459310562584224 0.10910754113145
-0.124377678248321 -0.0650004316336726 -0.0706241380554353 0.122756664785339
0.0416129760064026 -0.0206226553330087 -0.109577538817626 0.0787941801840847
0.0997438051690483 -0.100167721249118 -0.12416634330477 0.0570585314602442
0.124248116365492 -0.0814183408183166 -0.0335231510055736 -0.000886338389511053
0.0937372404674754 0.0103913095155232 0.0248526013528633 -0.163584903243926
0.0409656915930895 0.0290934188549067 0.149074991712226 -0.0437741638887136
0.0289871422279178 0.061922098184945 0.104260021209159 0.194204824787365
-0.0585306307140911 0.0923780411350559 -0.0508545772655145 0.262057822517064
-0.223136674725369 -0.00194342622391654 -0.196595738672097 0.185342973630272
-0.27124332689769 -0.0482423558023544 -0.238384137137077 0.0565962015454152
-0.187495748653262 0.0828712817003559 -0.182404025755713 0.0929414328773451
0.10923334357149 0.232570277763974 0.052668937050962 0.19500686910178
0.434456956077988 -0.0329891243722339 0.303803169519089 0.0194821344458784
0.26281411942452 -0.476009939962534 0.0688363374980639 -0.112313999478877
-0.235046278638249 -0.469904674759049 -0.0823259700399691 0.110195968696195
-0.386016245255569 -0.0997787459704994 0.0463184580715361 0.117510438373819
-0.126557895228816 0.0437731655542408 -0.00923236855647027 -0.0110135132384554
0.0198816511126013 -0.0561032258383459 -0.113553134985002 0.0344296747668146
0.06996200611277 -0.0379357249914922 -0.0659406772834542 -0.00798510406802899
0.00513774588485079 0.0185466594255098 0.112768072813026 -0.126647721233231
-0.0305613087108292 -0.0343874852178419 0.166737828182099 0.154767368332208
0.0323784346870029 -0.0476102240747742 -0.0871344605128576 0.242941629154077
0.0360523204484249 -0.00139736456361405 -0.152428141717844 0.0923051253383366
-0.0835567093610668 -0.0389361148968443 -0.214689886453142 0.0528067833042931
-0.156003165857096 -0.0634677841859713 -0.314850213914859 -0.0192737888352437
-0.108446810427665 0.0496810077256031 -0.242321616329479 0.117906133179414
0.128025816482709 0.131967778558194 0.213820472867295 0.276922329096706
0.294659580057238 -0.104779872074766 0.516630650396102 -0.123521507798058
0.110286096054384 -0.341155176809896 0.00685839204954929 -0.277532851828678
-0.203338525884078 -0.293851315762105 -0.148901490125797 0.139737375353499
-0.301101521405162 -0.0426442399971595 0.173902506988334 0.126200190781797
-0.127676154362415 0.065301080270764 0.126384584303535 -0.118045714454723
-0.0112543827274204 -0.0182237883536258 -0.0804938858293265 -0.0112823086474165
-0.00899730363667159 0.0183816244980064 0.0769623444779393 0.0201944527604234
0.00497818324110574 -0.00823791646885826 -0.158515228545574 0.18242516879531
0.0277104757664709 -0.00386234556897969 -0.263160058248621 -0.0695851943827052
0.0137891229040894 0.0164485978229029 0.109983120277568 -0.207104308493135
-0.0100997292170447 0.0350800037033314 0.0902194319465105 0.273620869776759
-0.0255813648285737 0.0261487353194829 -0.496833635736469 0.270124381876587
-0.0117478670461922 0.0020025076819062 -0.328188683893914 -0.258817982611647
0.0133198666399014 0.00898772722518253 0.24587297783376 -0.14581862082427
0.0125257149426655 0.0178001370329096 0.356652722055689 0.0676411708309248
0.00620897698147017 0.0106462110858974 0.192793679150613 0.0108676576100935
-0.013796741442059 0.00326326678749331 0.144666217771725 0.0243838215793716
-0.00651484877129787 0.00396506923391533 0.194040224579926 -0.200290535598573
-0.0033879956280663 0.0137007962212836 -0.119952273330125 -0.268278348021477
-0.0020599060789181 0.0019671281932534 -0.19614432641397 0.102771323638607
-0.00801158143681978 -0.00141096589618815 0.0775639719816653 0.0451313833251752
-0.024317048709108 0.0165953256389952 0.0945105312308452 -0.004618285512855
-0.125622980350084 0.0790541400851927 -0.101021317429365 0.138128129879424
-0.26441790507883 -0.00856510201156044 -0.220884521420212 -0.0529448772798864
-0.209447472846236 -0.257802580037594 0.0770222093816382 -0.199472127177115
0.0913622214741877 -0.316485362572166 0.0750875279752092 0.238659168191197
0.241815521652947 -0.0793072842379852 -0.433672929467722 0.252373985922812
0.103598400872639 0.12074304317458 -0.281264797154279 -0.222028024273806
-0.0902777381470787 0.0612485145144549 0.234391118801346 -0.135878480439489
-0.119879693776833 -0.0402035773469223 0.343100893483725 0.0517317182760358
-0.0438202525225227 -0.0182336075890395 0.225610673808183 -0.00547658078885303
0.0337592621279247 -0.0201943855521482 0.163805773628631 -0.0302395924547792
0.0310650728118507 -0.0668899347363761 0.164593796915014 -0.221154248118898
-0.039210649965257 -0.0294117629710517 -0.122484332473196 -0.22585709200824
-0.00854544237349902 0.0132182430541049 -0.162352484209279 0.113298507067793
0.0420534890464661 -0.0308670955215969 0.0836100206443536 0.0422106347317706
-0.00138430654704681 -0.0152334713274179 0.126305446825561 -0.0595495854939843
-0.146721297664807 0.095318899049557 0.0183617853692023 0.00632935584303371
-0.390161947385108 0.00940161983519676 -0.0883887107931413 -0.0723654437706977
-0.348082259725861 -0.396514067895641 0.0289873880784293 -0.152193359827035
0.14955926227765 -0.520435548436452 -0.00162477353279148 0.141263619016394
0.38736018085684 -0.100764538021977 -0.286435534293475 0.131840596960861
0.125019885249421 0.216078228451807 -0.133209019425347 -0.155465536733037
-0.174922997816105 0.106252039509434 0.180040672953465 -0.103203752644378
-0.24368155004387 -0.0546093703080376 0.273906374295417 -0.0212735006319834
-0.180896601143753 -0.0185120282848694 0.259766126302124 -0.10298547108097
-0.0501806811496496 0.0433319524346262 0.155156542515695 -0.212074344822274
0.0289275341055057 0.0140581521280534 0.00752302400327071 -0.262160775177175
0.014554702418324 0.0244928149611086 -0.158310222808497 -0.064387358357653
0.0681047932759298 0.0227181490518979 -0.0750650182829862 0.157332923833133
0.103683033657743 -0.0668454793416084 0.0665292983666467 0.0309711583895908
0.0675514348706674 -0.0725484896539265 0.136083096802835 -0.0930354746517556
-0.0144625934640928 0.00581260802726778 0.0999308187679017 -0.122745862885692
-0.188479273042022 -0.00345821334224478 0.0276152444813119 -0.129289885714774
-0.18499936470905 -0.26255658973369 0.000617555258777882 -0.115177738055874
0.170532632741445 -0.319482318334485 -0.0316778973258009 0.0150777080178709
0.287079853417676 0.043181346579268 -0.0809659552066147 0.0219235033783852
0.0121232459050749 0.255649748545515 0.00482406810043531 -0.0621939772568078
-0.219199942105576 0.134579932422185 0.0929560703234728 -0.0599166367290317
-0.296248953173332 0.0229282000931325 0.131835781577072 -0.0906142058554517
-0.299951984164558 0.0841258324321083 0.136987695929334 -0.192816097203929
-0.162585528100661 0.237176639373157 -0.00118439609897262 -0.271289620198622
0.068917861095498 0.246687967529953 -0.157877904329972 -0.145428494300378
0.180260348087931 0.124579108767699 -0.151465369968949 0.115887641499918
0.198739873192736 0.000506656434785477 -0.035649281122912 0.170235395585223
0.157775760901919 -0.106073550531849 0.00470403698966567 0.0305873510495532
0.141637167982879 -0.119955305952822 0.0988909330738144 -0.0724779138358125
0.163047159306999 -0.0799226278248984 0.0696813808987566 -0.169708706389855
0.155388022582119 0.00400815508359945 0.0425515326292542 -0.188781043513955
0.125957924465352 0.0785738687147942 0.0620188604411833 -0.107999794231681
0.0731840955030933 0.146018449427602 0.0754701792160327 0.0278355128990967
-0.0306745947860548 0.199911397556964 0.0425791838077358 0.0798935058566448
-0.170968027921808 0.198982625768075 0.016769744153736 0.0427889648453839
-0.228400654714483 0.140247570052436 -0.00627159201115098 -0.00760656276722261
-0.209470517079847 0.160484101872288 -0.0221742049664831 -0.0727231472625581
-0.127667960589011 0.205576650742148 -0.0449212470017654 -0.113644660759259
-0.00368350860904628 0.218130172751755 -0.104226250417174 -0.0613384409510132
0.121556137014169 0.185577369040057 -0.128759779268721 0.0492412147647734
0.194407667854868 0.0749748416205301 -0.118960833164186 0.16182627962669
0.212712134280013 -0.0415216920749077 -0.0868785039347177 0.138907815786781
0.162001310384121 -0.124361391890246 -0.0792798468411302 0.049185160232566
0.15798018307685 -0.124154681818161 0.029961481185454 -0.025020127340038
0.200590409828725 -0.0538307019391704 0.0023565222139758 -0.169562923686406
0.215265742558559 0.0601754409278286 0.0641948265612596 -0.185931067495705
0.143312336900604 0.228149438942875 0.171171945346818 0.00156894821963079
-0.0831817122801523 0.284762549160601 0.115170622034326 0.216533731452182
-0.267617988262715 0.14835218380814 -0.0438980438718198 0.21461297606363
-0.292393186314675 0.0655836466657588 -0.0987569178742835 0.0965108556402297
-0.222648591029429 0.121519504599348 -0.0989587698483038 0.049935266507284
-0.0300832028888093 0.252490571126966 -0.0593082615864357 0.0507528992732898
0.25621377354885 0.135783221884386 0.0240393932008883 0.0296074969836027
0.243012061718143 -0.204651989797079 8.19161440267087E-05 0.0449297365890383
-0.054501048184288 -0.252259342644744 -0.0418227753761527 0.109857089313572
-0.126317238574868 -0.0597110524128398 -0.0657349982843801 0.124857726053958
0.0421102191161104 -0.0234040287391514 -0.10755485888791 0.0826674407856041
0.0973309093545554 -0.106270043630378 -0.127119813324203 0.0629754851445396
0.1227256669276 -0.0868986605965535 -0.0313702974354703 -0.00168474218627504
0.0948335456362241 0.00901082732819318 0.0216292426369762 -0.164297816120759
0.0405277414257744 0.0286891490871317 0.149385459353214 -0.0450582325577639
0.030476743601521 0.0591065016699929 0.110178707068143 0.195089345959762
-0.0549641254488634 0.0902027426008441 -0.0407409442065865 0.264133969646454
-0.223546081610993 0.00414906690539752 -0.189302086197288 0.191168642997288
-0.275123652455145 -0.0406209280183242 -0.236639545104232 0.0632591880402514
-0.186940623853598 0.0897981269083264 -0.180024494154259 0.0994062265541437
0.11625653034993 0.230527036985472 0.0558462148776947 0.194014660246922
0.435033959947699 -0.0474959301830228 0.30444324999296 0.00710956169199018
0.246943827602228 -0.486989772904772 0.0648080220918274 -0.115825949562986
-0.253214624966463 -0.463988040937424 -0.0785538196666183 0.11288733207462
-0.392199214063107 -0.0848060301102155 0.051843517552802 0.115986273094562
-0.125143029707887 0.0481503583722829 -0.0107337400362143 -0.0107755022697357
0.0177180653948102 -0.0586254450027562 -0.116388850894141 0.0407439003789026
0.0694561432561091 -0.0408860276464204 -0.0640068336026494 -0.00618801432108914
0.00438431610087249 0.019112123120243 0.113515799906716 -0.130409410380316
-0.0328077853681819 -0.0341111687295347 0.175498355995171 0.15279103817212
0.031395983042885 -0.0508721589571968 -0.0798368448879718 0.249617722017068
0.0379760412308723 -0.00587050965749511 -0.149562743116372 0.0963466032128268
-0.0843767373073411 -0.0369491302745519 -0.210936387598006 0.0579873357577443
-0.158312753172159 -0.0596024341883411 -0.315711532488372 -0.0115810724573725
-0.108737167542797 0.0525274364686541 -0.23938859459012 0.125685192099083
0.131971967230944 0.128677950566957 0.220232067159256 0.271255378294461
0.291765450472608 -0.115333013047571 0.513544140163402 -0.146308633706434
0.0997093281362483 -0.347319257653324 -0.0026783219498119 -0.281528578417233
-0.214665002090227 -0.289613822576717 -0.144837638887557 0.146009576618277
-0.304184776638171 -0.0307627386247803 0.178622058966036 0.11938808854626
-0.125858642732133 0.0717170722100904 0.119827288583821 -0.124052326015443
-0.0127750243002338 -0.0187163301950467 -0.0859817029796796 -0.00602996185197991
-0.00734468971001479 0.0183326191660142 0.0814915526164544 0.0141848292774079
0.00492760455431362 -0.00789718236728869 -0.149777856678984 0.188769902839138
0.0272563877792286 -0.00474506408521166 -0.263962318083237 -0.0580227525112872
0.0142229261061449 0.0164782376857691 0.0990450175328489 -0.210921171354731
-0.00778640748172211 0.0357540965143292 0.0997377015223143 0.27147016614961
-0.0235942922936065 0.0275162903662515 -0.487031349099313 0.289145405438169
-0.0114247307646057 0.00195605256156907 -0.336101293982389 -0.247037180603395
0.0151478950134164 0.00865100261202452 0.239851184481641 -0.154800723060232
0.0132406291564914 0.0194035994444872 0.357655404085771 0.0532410130034145
0.00625718583534862 0.011684430721999 0.189296296574148 0.00702476283075259
-0.0136076367925983 0.00500449443191245 0.144090027374665 0.0205177307013312
-0.00613744864995895 0.00377772615971369 0.183984120469866 -0.208783044665567
-0.00225468334998372 0.0132792621281794 -0.133607710275737 -0.265095738537287
-0.00221735305282994 0.00172951863431138 -0.195594742412337 0.111778095065105
-0.0088827781354988 -0.000807324190666672 0.0765977713653211 0.0428737447366268
-0.0237796926503784 0.0172149288743714 0.0985601508642056 -0.0121407189411891
-0.122297615335765 0.0842970528029631 -0.0945342008345159 0.141571184218042
-0.2646541457937 0.00326629592188671 -0.218909617325119 -0.0417242559877497
-0.220105726121384 -0.248231607535208 0.069472854824808 -0.200776600393883
0.0767567547882918 -0.319781622355342 0.0838150120603297 0.237497610834593
0.237684415087978 -0.0880925843848297 -0.423682452867051 0.270081479365854
0.10836441930627 0.117129494962813 -0.287547194860286 -0.209571292008526
-0.0874498694783265 0.0638403582176043 0.228295748165568 -0.144945401596056
-0.119604992205829 -0.0351033294102288 0.343908426227629 0.0385206651792546
-0.0446493494100758 -0.0167972279848763 0.222648699777118 -0.010464294766229
0.0338221720494763 -0.0217607296460259 0.160846802095849 -0.0338183341934466
0.0285802120450968 -0.0709505649399696 0.154672611761509 -0.228733320220063
-0.0391578149620172 -0.0286602411265352 -0.134843754615883 -0.22402590464203
-0.00833474693563223 0.0135913059823067 -0.162659889743979 0.120199735574923
0.0403850455151231 -0.0323736545376784 0.0820591713684731 0.0401283543021354
-0.000915347022030001 -0.015848498294635 0.128365058675081 -0.0670700187843951
-0.140783939798836 0.101070023648859 0.0202690644158513 0.00453793849766171
-0.387672018484918 0.0255745185636154 -0.0888163303996516 -0.0679021691959781
-0.363451509251581 -0.382230198223568 0.0215744987475784 -0.152983729431083
0.127449437519967 -0.523468988800118 0.00549164466929311 0.143876242906483
0.381054731926057 -0.115225737186812 -0.278242885783929 0.144683458926635
0.132678069903952 0.211498981260031 -0.136027855024174 -0.150667270837125
-0.171633206822732 0.111919617827593 0.176342368624254 -0.110269704492576
-0.245297502551006 -0.0455651948602017 0.271981467654329 -0.030776133340977
-0.17944690214949 -0.0136277416305707 0.254194394671509 -0.113422194070241
-0.0492213420590824 0.0414129841190974 0.145486273073362 -0.21813056819865
0.0292450162790349 0.00894740784679185 -0.00321748129731971 -0.264981206920297
0.0153604652113777 0.0229857415747089 -0.161517168913589 -0.0618626461116951
0.0681388985578876 0.0206005167489469 -0.0719979866068347 0.158636687858512
0.100444732970352 -0.0712404620415544 0.0649225828254118 0.0293710663507999
0.0659031070235942 -0.0762008582904129 0.13639938098185 -0.100371486576017
-0.0137144311735867 0.00502843272389724 0.0945744601247926 -0.128324046709313
-0.186942049853967 0.00336770065028118 0.0244011911902542 -0.129843851523502
-0.193946106594697 -0.253422785599361 -0.00409421569564701 -0.114027435600562
0.156807427486915 -0.322652138508516 -0.0282439925318542 0.0175512034508071
0.28795715712405 0.0326378379996844 -0.0778296773129037 0.0260083969469577
0.0201972371976101 0.255431687801448 0.00455250562968436 -0.0626631297779246
-0.213706256428653 0.141671584127235 0.0920951730607073 -0.0626006058184558
-0.29432505964905 0.0326551782783234 0.126004357955465 -0.0954845932126381
-0.297676310216384 0.0942534538411037 0.12760683926245 -0.197943580395468
-0.154822761010587 0.239983413936553 -0.0136484244564916 -0.272285037717635
0.0776944229202683 0.241829313655361 -0.163880457678389 -0.142858707076237
0.185249683666019 0.117066698998572 -0.146925150447224 0.119348322915025
0.198159272792937 -0.00742197221990061 -0.0298992742117569 0.170254720827423
0.153794818139821 -0.11341706047874 0.00346477771268563 0.0320886277738227
0.137247890889543 -0.126106929799275 0.0982286638208962 -0.0786762066637439
0.161354877627877 -0.0870060148848443 0.0635313727634367 -0.173068768105332
0.155493600367985 -0.00256668078678735 0.0353839428442836 -0.189248645422108
0.129569351316098 0.0747908733021649 0.0577342355671034 -0.109751479711548
0.0798016289637734 0.144245608230214 0.0796538787719119 0.0257212049905604
-0.0243547024595646 0.201788425151382 0.0480193147236453 0.0796517129129708
-0.164711946188203 0.205369557590379 0.0200525649870636 0.0411992747023644
-0.224555198038541 0.147269032825075 -0.00557947397889767 -0.00679170597843972
-0.205342215277349 0.167353422130071 -0.025550220462477 -0.0725499330338134
-0.12132228237277 0.210397900428907 -0.0506210664778274 -0.113093096211123
0.00368242405897255 0.218462230940223 -0.108733018194991 -0.0586875544932366
0.129678497737275 0.181165973183136 -0.127772648176546 0.0519430851343585
0.198835877819402 0.0669754395749052 -0.110918529909967 0.166218600078058
0.210938769503431 -0.0520164700073089 -0.0804242674820919 0.141596804988866
0.158145071063776 -0.134486484386332 -0.0798650190842331 0.0539170028672613
0.153235933602917 -0.130900547619528 0.0322031605568158 -0.0275857777659316
0.19983311480274 -0.0610495512122936 -0.00452301209280464 -0.168803547751907
0.216244826170626 0.0515973271074837 0.0572037019320537 -0.185942698132118
0.152122894877269 0.223124275993765 0.170718186508037 -0.00380427828065024
-0.0719870218090863 0.285720098613195 0.124572706384605 0.210313662031675
-0.263254296142137 0.158546053011482 -0.0341217076469885 0.217532183024686
-0.291625924628906 0.0761823459993575 -0.0933467073387177 0.100456016779044
-0.218841686302401 0.128140668504892 -0.0969082731323833 0.0532919314578594
-0.0223154428182744 0.251861118963136 -0.0597060704617189 0.051979976734677
0.259349196483598 0.127093470380428 0.0222988863666018 0.0268863153064939
0.235354564561776 -0.212281274251595 0.00125534232313334 0.0436028877427933
-0.0637163641421043 -0.248101334704578 -0.0373196344273822 0.109369183338383
-0.127308724997001 -0.0529389095770446 -0.0614814509168454 0.127873592257038
0.0429899516630539 -0.0262776893662223 -0.105863941388525 0.0868313466677412
0.0939953856887935 -0.113512470429414 -0.128251731077669 0.0703205602482933
0.118959136073852 -0.0911061176115396 -0.0283913105963405 -0.00158816023808292
0.0954800993909974 0.00689540392494759 0.016874828190826 -0.1640456763054
0.0407520576346827 0.0272302336585459 0.148631092345609 -0.049216020875473
0.0318816683828543 0.0559859317850539 0.119111956111737 0.193558823083712
-0.0500555368439292 0.0882344071715938 -0.0297619873394592 0.263724155917185
-0.224519183594148 0.0115931913059605 -0.17824101070622 0.197795154160942
-0.276041491815878 -0.0301544783533945 -0.232169181815153 0.0706990891724696
-0.184730134305798 0.0953684295672971 -0.175654609372096 0.105505387965447
0.123194009636488 0.226305857492004 0.0611802112135184 0.191736389309429
0.430957328534546 -0.0637579898393092 0.301443166087355 -0.00783134453424534
0.228327534795406 -0.498606999987306 0.0591087053866305 -0.118910411355604
-0.271661282002586 -0.451001032694821 -0.0724660418713804 0.113643434861918
-0.394387734504491 -0.0673848370788358 0.0557759733105822 0.113022930314162
-0.122657706265932 0.0530265481002706 -0.0132683630903407 -0.0106354444721548
0.0145929052013168 -0.0617494063843353 -0.119723174205821 0.0479704927425022
0.0682414862639899 -0.043002103238475 -0.0606048684516736 -0.00506994507450777
0.00404444046552364 0.0213269712487849 0.112358094031071 -0.13508026311506
-0.0348347562043096 -0.0332747952090026 0.184164256641829 0.149595986849917
0.03029850122275 -0.0535048796864495 -0.0695440478734764 0.254489406967636
0.0386705534424001 -0.0104011386664125 -0.145522154940125 0.100240566034962
-0.0858136898626627 -0.0346478675037319 -0.205979490698425 0.0633020456746051
-0.161252979806571 -0.0539942627006925 -0.314237945562831 -0.00129375715514684
-0.107394539019846 0.0571202747217811 -0.235200583170733 0.134522186426864
0.136386413079381 0.123490704553207 0.227631432877172 0.263751633146701
0.287551487609591 -0.125479536586403 0.507073524155898 -0.170025170553966
0.0854988270974779 -0.353590384586576 -0.0145391320453835 -0.282194252081266
-0.226557120189371 -0.280004122256502 -0.137890629301621 0.151515767895051
-0.306476433049809 -0.0176262427642736 0.183396279805902 0.112379506296516
-0.122173624673032 0.0767709770965708 0.112900983368002 -0.128525727860712
-0.01421225023682 -0.0186585158098417 -0.0908975780530226 0.000279881385771394
-0.00521901937463266 0.0190542973015357 0.084452039136562 0.00656642095171359
0.00494349894272617 -0.00802357710733883 -0.137819357449074 0.191637952947611
0.0273375844557717 -0.0056723879156129 -0.260134388039198 -0.0461994075044529
0.0144797564275718 0.0155433345551503 0.0899517798053719 -0.211503397496654
-0.00625903841944986 0.0371326953408911 0.108865338998737 0.265458700028373
-0.0229834158015414 0.0282569625830134 -0.467739931714228 0.307461718284985
-0.0111432678205243 0.00206981110414212 -0.339153077170154 -0.23146031280804
0.0160623407901373 0.00691507376579091 0.231534794715529 -0.162172066096658
0.0151235367638762 0.0187319252554716 0.352712615820823 0.0394792026937102
0.00724208462320358 0.0121739255172131 0.184070368710502 0.00227528055876501
-0.0123898957895539 0.00805630790384306 0.141087620258239 0.0169888804667978
-0.00443998679672205 0.00345683600101412 0.172157535278691 -0.213380036303132
-0.000363992118644315 0.0127729828966447 -0.147410265364686 -0.260482004614326
-0.00143126234528834 0.00157274696640659 -0.194028380336509 0.11900550708665
-0.00831326544764515 -0.000618528657303713 0.0740423193688926 0.0402877294298778
-0.0211002564585515 0.0184423183327512 0.10018550410553 -0.019267048663248
-0.115436527604772 0.0889558210465084 -0.0868253585833418 0.14280036860504
-0.262343666168382 0.0146393482291466 -0.216158330360007 -0.033588621322717
-0.227820937165059 -0.235183954889315 0.0588897465524346 -0.199717358793935
0.0636379767946841 -0.317224806196313 0.0920044051093392 0.233225098726106
0.232524916982609 -0.0954549598198006 -0.407385632339918 0.284492079071361
0.109751648201979 0.112179744678649 -0.28823342211132 -0.196081175875089
-0.0829883056510945 0.065150203393308 0.2209031519066 -0.152551013897003
-0.119388493205241 -0.0307042393486932 0.338369257918734 0.0225488738176041
-0.0441792062620256 -0.0157334879320629 0.216508397283658 -0.0158731995189947
0.0337047202765692 -0.0238058230938143 0.155461354509994 -0.0380192831823867
0.0257667179610218 -0.0737340356520828 0.142385369420806 -0.233517932619807
-0.0398000838754918 -0.0278774715267879 -0.145558423381922 -0.218677731976591
-0.00789398612373349 0.0144006327583541 -0.158705959797093 0.125404766319943
0.0376130704491122 -0.0321790003237137 0.0797669003256547 0.0369844201447734
-0.00107036422450116 -0.015805053242761 0.127439889541254 -0.0745608921946651
-0.134749701527669 0.106132593007026 0.0196166098814546 0.00228373510063828
-0.382581847080249 0.0428255578504619 -0.0879655005361164 -0.0638316348341219
-0.375577759408365 -0.361269103553574 0.0154936295568067 -0.15079121155716
0.103798316721415 -0.520226312545644 0.012640053683701 0.142878576955994
0.371697231296626 -0.126233687219875 -0.268510699024479 0.153376571990884
0.137835743635319 0.20452178115025 -0.138346325701952 -0.14387412807517
-0.164632892535832 0.115783067700051 0.170815424302624 -0.116775314002045
-0.242696708015672 -0.0372414515288868 0.266536126172549 -0.0387159552870269
-0.177035543243608 -0.00928695381495512 0.244542222612277 -0.11921101110652
-0.0452282557208393 0.0396486513571467 0.13390849979281 -0.218294663222574
0.0280911132054792 0.00469342850826827 -0.0145234571695167 -0.262783272548076
0.0153620699340833 0.0208463998477828 -0.165208450791128 -0.0574528475310795
0.0683730757876856 0.0182866431337065 -0.0681736733475696 0.159424282686329
0.0943622604212085 -0.0751030635422966 0.0642649905776438 0.02806608530035
0.0627951080245349 -0.079392160787775 0.132877680300284 -0.107406508193586
-0.0109133065539873 0.00529466191453453 0.0882131383357226 -0.131808306597387
-0.183750317438372 0.0104001641168963 0.0192526488934528 -0.129469817135258
-0.201294051064286 -0.241042938932583 -0.00939531554803837 -0.112866038422306
0.139743559556712 -0.322286562934739 -0.0242074535847492 0.018831906121639
0.283498788889955 0.0232884701114767 -0.0729392227078602 0.0291477566106421
0.0274137197601966 0.25052641673127 0.00466220632561959 -0.0625374035558194
-0.206201896395335 0.147730564890524 0.0901924963062842 -0.0659439277773746
-0.290244929423488 0.0416844683507567 0.12095000076632 -0.0988137168059327
-0.291770917518848 0.101513477950265 0.118424845759176 -0.202444799112097
-0.144752795076738 0.239590526066605 -0.0246251423495954 -0.268728726157836
0.0851580499888237 0.233097489789313 -0.169584364842807 -0.136365225499388
0.187331346823301 0.106626129507393 -0.141435804297539 0.12089384141168
0.196448787662855 -0.0158582712061164 -0.0244675302274027 0.168958475706517
0.146327700624427 -0.119442521723185 0.00366965072622487 0.0330208128445248
0.131508839825094 -0.132051015415601 0.0974314750913205 -0.0840732168140895
0.156675803129994 -0.0938704129526181 0.0548454683788079 -0.172881618642535
0.155099371187166 -0.00899030231083837 0.0276431500998686 -0.186712202512023
0.131055313361641 0.0708873238966902 0.0519207419762789 -0.110595613396327
0.082699378652592 0.141526489329564 0.0830029782562031 0.0211289031594226
-0.0190424678816792 0.202038934356331 0.0529855813061085 0.0773007563347915
-0.156284706737238 0.207129213520296 0.0233111426035758 0.0404456805876148
-0.218363978353523 0.153393921011689 -0.0054560270393489 -0.00720197321966959
-0.197488420754655 0.17126373122472 -0.0296478004894107 -0.071053216327903
-0.113600303441789 0.212132520021495 -0.0559266240006108 -0.111719315688498
0.0124817539524809 0.216447068951985 -0.109943153169916 -0.0556630706764076
0.135551128938545 0.174995588161237 -0.126129915699147 0.0534786350707312
0.200059930125258 0.0594805657438038 -0.102836606086138 0.166622095054977
0.207670497120578 -0.0597914538422977 -0.0757345734056679 0.140943036776102
0.151020149788915 -0.140860232154498 -0.0790048944948777 0.0577616347601587
0.147300301199716 -0.13618855824753 0.0328458487174831 -0.0301310345572785
0.196120505453698 -0.0676316076866235 -0.0100815039483164 -0.166618967055936
0.21558983456953 0.043989891369879 0.0488997563908391 -0.183538520395666
0.157876137760891 0.213587640876503 0.168286454614958 -0.00832601845125597
-0.060224163840016 0.283373511366733 0.133851657569941 0.20297834756298
-0.255283779943169 0.165961182627641 -0.0219270017795567 0.216128175957279
-0.285933837131322 0.0849699590231487 -0.0877410247725605 0.1018436091408
-0.213749903704816 0.134743110206438 -0.0934828824008331 0.054665469182277
-0.0140635321486084 0.250388129694959 -0.0574102553661477 0.053023215857891
0.259171553836743 0.116523136079105 0.0198003247925301 0.0241527882056764
0.222959612045712 -0.216722630389736 0.00275838246354306 0.0420852832987272
-0.0706427642926888 -0.240895170932276 -0.0334599906049303 0.108472908664252
-0.126531620830571 -0.0456908713471122 -0.0549170129072421 0.127364830643457
0.0427390414989129 -0.0291910143042768 -0.102498638502529 0.0899593483344511
0.0879895149052813 -0.117590301193579 -0.126412606172708 0.0770827056442331
0.113500423310343 -0.0960994347471296 -0.0263449907111257 -0.00159796672014064
0.0942600641362211 0.00448716752066792 0.0121891834606513 -0.162721879140291
0.0413571593127678 0.0265094427176182 0.147885817310248 -0.051591980098191
0.0332977220751981 0.0531746848133524 0.125793635305009 0.188557879687714
-0.0462199984711169 0.0845820425693969 -0.0193339514946972 0.260031088037503
-0.221228730136868 0.0180850824681107 -0.166979895047887 0.200283204219985
-0.275021862689598 -0.0197209442991181 -0.224653077743262 0.0770703026071923
-0.181225824563437 0.101511593638103 -0.168812915012207 0.109209263218707
0.130179755907482 0.220064718794027 0.0644681073587872 0.187413700951812
0.422107508657105 -0.0785196810520556 0.294647330999128 -0.0208830049841654
0.205161072428635 -0.498976367286239 0.0529479596210746 -0.120624064670781
-0.286257143048183 -0.434647008313713 -0.0674529178461153 0.113911127657073
-0.390564357941985 -0.048685586450311 0.0600956013602441 0.108232674184489
-0.11785910477378 0.0580260079169908 -0.0153235261573496 -0.00909502162922883
0.0114004242843326 -0.0631424972086991 -0.12016870520394 0.0565349498076253
0.0648396037447649 -0.0462587348920542 -0.0577524712113936 -0.00268785058560443
0.00549751934511051 0.0221635848311403 0.110819626029588 -0.138708856316831
-0.0358761362323264 -0.0323853655212151 0.190535155332968 0.142337803074679
0.0276911655044635 -0.0566614375612218 -0.0574421847575418 0.256430979426541
0.0386930640796854 -0.0153613176995565 -0.137616813679755 0.102479531427568
-0.0857876634690363 -0.0314202748700202 -0.198268871243321 0.0678722421653966
-0.162331800353205 -0.0480730792630954 -0.309126609237858 0.00897675918310786
-0.104638371938962 0.0601367612018562 -0.227338298675773 0.141404144937048
0.138919203861162 0.117961278998319 0.231076590669796 0.253663796928134
0.278871864712312 -0.134698874157329 0.489560769847331 -0.189615530682955
0.0697775078164171 -0.352831685413398 -0.0262969662516717 -0.278589597907227
-0.236223933019475 -0.265872270433428 -0.130337018076473 0.155831912057703
-0.302682596375971 -0.00268057914836122 0.185285370509506 0.101256473801038
-0.116302652614284 0.0821417331881973 0.103978684620949 -0.131979275866699
-0.0156088867561074 -0.019557690420849 -0.0936346217807428 0.0078120371249527
-0.00249173611183322 0.0201694373110686 0.086295592018565 -0.00331462845546001
0.00394966284849423 -0.00863743359417258 -0.11923379680243 0.195583267425799
0.0258041647981504 -0.00842392609355223 -0.255809065636698 -0.0266146769589037
0.0157031116764155 0.015018938640778 0.0710817729135975 -0.211214251205198
-0.00458913036755752 0.0391973130623516 0.12648559908434 0.25313921047103
-0.0190133746715865 0.030463870460737 -0.433126991616119 0.335215376168764
-0.0109535463566699 0.00478540788362831 -0.344173287950533 -0.2037906604219
0.0157829065682863 0.00453951661207754 0.218108587853593 -0.175671447878674
0.0189278824810745 0.0177542514636877 0.347998896358087 0.0165601640681263
0.01017563607285 0.0126914138755907 0.177800798280008 -0.00681765308524527
-0.0100739761826006 0.010363974023763 0.137525965831597 0.00864417669579865
-0.00189890179362385 0.00199893949452609 0.15246355023662 -0.22169494529937
0.000517467091099558 0.00915464317628163 -0.164274157365319 -0.246615975187156
-0.00260985757950964 0.0018841739497232 -0.185387753843771 0.131327895118184
-0.00686544677377166 0.000937713688193314 0.071962238926516 0.0348181363220975
-0.0183165033586196 0.0201271826736893 0.099935770360582 -0.0316559536402989
-0.106642402430567 0.0947014281455753 -0.0723215489608204 0.146462326807456
-0.253713481478896 0.030995838983253 -0.210258671405743 -0.0147636368272844
-0.239736267780529 -0.214514182905559 0.0424476679501078 -0.197417622991151
0.0387061206020243 -0.31415793229619 0.108436663985572 0.223812841257835
0.220719292137576 -0.107393249377554 -0.374813332615531 0.306380105128729
0.113613424838814 0.104264831665492 -0.29259479133444 -0.173260339852224
-0.077781676648361 0.069658879006982 0.208106476767102 -0.166924818969697
-0.116721627249124 -0.0233182759182619 0.331549043013916 0.00182856582258822
-0.041692410687432 -0.012759137003769 0.209461825596257 -0.0279339125001836
0.0340276511107034 -0.0267500774707682 0.149611979755711 -0.0468836742327282
0.0216623366800614 -0.0784105031736312 0.120514281067232 -0.239484460556888
-0.0422144739476211 -0.0283577859054136 -0.161116124264396 -0.206421333127698
-0.00880869580740946 0.0164789633695061 -0.151781496487072 0.135340741072467
0.0344830436606822 -0.0330571814363215 0.0792359034990463 0.0311107479014913
-0.000669494313246506 -0.0159544961903323 0.120713922486328 -0.0861996615788071
-0.121650177468056 0.11148620881754 0.0192111150813969 0.00121227998107148
-0.368460146555917 0.0666120454452103 -0.0890112397745308 -0.054488487056398
-0.392805219022141 -0.326967273024755 0.00245156681804677 -0.144840256929637
0.0643617002386432 -0.516223199788923 0.0221236716107206 0.140836574903653
0.355141013217722 -0.147853475720913 -0.248339951836703 0.167923473980275
0.146317251817015 0.193009621201467 -0.141399143436596 -0.131957457670699
-0.153512696553087 0.12429737895203 0.161762558932892 -0.12692439489886
-0.239686450265378 -0.0234638139465372 0.256586040637736 -0.0551636668821721
-0.171802214293552 0.000544020893219474 0.230118479636125 -0.131144504918771
-0.0387074142806508 0.0366948452682938 0.115438283167123 -0.222739859749293
0.0264813683273119 -0.00444707857206734 -0.0337565724729855 -0.259045306791604
0.0127936637140182 0.0165598906077528 -0.16846898897162 -0.0473746213931942
0.0666256094754516 0.0151704292189701 -0.0575306650119407 0.160108563591389
0.0870060451832435 -0.0784651468040966 0.0619060767239523 0.0243269775911921
0.0569016530075638 -0.0840057143590962 0.124519229178775 -0.11780117454991
-0.0086222234938265 0.00548730136624504 0.0757027070622033 -0.136111419305592
-0.176241168445669 0.0233107859023137 0.0102963789256453 -0.126161099708876
-0.212396664765651 -0.220686580826022 -0.0183610665641972 -0.107051930257454
0.116847306439495 -0.324304438533741 -0.0209195153291627 0.020486533979506
0.278186968609464 0.0045374767917057 -0.066366612392474 0.0329667891026782
0.0413864418474197 0.243919042792472 0.00200505762410874 -0.0613053861690101
-0.194226448972251 0.157294334184866 0.0857385496506876 -0.0722212909225301
-0.283663177516734 0.0571329501817131 0.110908942683163 -0.104397950655231
-0.279355788963784 0.116363523227395 0.0999838917751337 -0.205929770200633
-0.123509890730589 0.238955697072424 -0.0448457287347884 -0.261399707088999
0.0974336289485622 0.217578800413791 -0.176647182617745 -0.125029234056039
0.187010900115328 0.0919983234655091 -0.131633560290967 0.125430629398596
0.190249134136146 -0.028018266266838 -0.0139146197113546 0.16501744415329
0.134254977608228 -0.127027588205444 0.00428879926807055 0.0339800741315123
0.119980858137876 -0.138988571124564 0.0900308667862898 -0.0924583605523847
0.147447778636415 -0.101690999896982 0.0409592739652317 -0.174609683194161
0.1528140201224 -0.0189516229573284 0.0134233648755202 -0.184843621841319
0.135733755508614 0.0609105737140031 0.0429047639453776 -0.112023235707542
0.0920363610414751 0.135705559446259 0.0858273101006767 0.0144935366478826
-0.0060791063211174 0.199596878344678 0.0596554426196167 0.0727112026896966
-0.142000577814283 0.213301973592256 0.0264458035394609 0.0384771360310012
-0.205020491775631 0.162517782925386 -0.00521586796481253 -0.00725256595213921
-0.184544593037697 0.180366052366083 -0.0343043905000719 -0.0678050772642058
-0.100425904916369 0.214877921984355 -0.0652365143532446 -0.106096792095338
0.0246867574081 0.210801557965358 -0.113172236787742 -0.046393142298015
0.144123318002965 0.162683844577724 -0.121070753755952 0.059253451577887
0.199245786036667 0.046058301303862 -0.0887969936480026 0.167915413532006
0.199974160567239 -0.0733958729252758 -0.065562894256896 0.14249769424747
0.136214391295752 -0.14970938372405 -0.0756302999798247 0.0644180806189531
0.134341688776361 -0.14293597117272 0.0310133753132672 -0.035896626878694
0.186975418820783 -0.0785566518400082 -0.0206809041490641 -0.162843664484974
0.214210138891146 0.0293875295214666 0.0373939543176675 -0.183556369738951
0.169349953162137 0.199816231740942 0.1653604020781 -0.0186991446571453
-0.0405337969285473 0.28186238116088 0.147185939217368 0.188836535054347
-0.240503891032193 0.179979889805088 -0.00393117248026589 0.214136175607827
-0.273898657889481 0.101790673778797 -0.0772938975942957 0.104703726305543
-0.20159752801062 0.145963956569298 -0.0876486259710329 0.0594973450868539
0.00126229210185858 0.2475934613093 -0.0550717276754378 0.0557818285837562
0.260195268640078 0.0978716866421687 0.0197528394802659 0.0208730066141852
0.202916660984026 -0.226612770769481 0.00492867559112898 0.0380416547747755
-0.0858184752193171 -0.225859961479982 -0.0272673940150517 0.105411688439076
-0.125631281503419 -0.0335327581300517 -0.0443817592124381 0.12651636276432
0.039551513433069 -0.0314819811319577 -0.0956584783206532 0.0947200964389887
0.0747437964275993 -0.122135652883965 -0.121349764284445 0.0877608047951362
0.103569440137273 -0.0997626469618115 -0.0239407219479418 -0.00211917432907289
0.0932377994513774 -0.000882300114906057 0.00408569245780595 -0.16061125008613
0.0407629276294669 0.0236947997558931 0.143303594915069 -0.0594047453021099
0.0354639114753762 0.0484118975420143 0.137756934325243 0.176406202476527
-0.0398431204704521 0.082400900625957 -0.000205755555645209 0.256250084161639
-0.21481941194316 0.0326944500450652 -0.147023274082888 0.206515681316092
-0.268897391171608 -0.00122446369139541 -0.213147615274074 0.088691848031243
-0.172614452546608 0.112426098514537 -0.158919203668075 0.117145654255236
0.139786378494211 0.209231556397513 0.0749153331330127 0.180595137974734
0.409288037949531 -0.105680319577638 0.286260777444969 -0.0432203502090541
0.16342319557053 -0.50340731132355 0.0423813517085624 -0.127756524592798
-0.311473747829713 -0.399908858906391 -0.0599258786743146 0.114215945802396
-0.385380848000579 -0.0165437150462872 0.0639502563896938 0.10117694603981
-0.110677601177023 0.0635401960521065 -0.0179852628478752 -0.00647628801221212
0.00462398838269854 -0.0623598737385465 -0.116518424304619 0.0681182416988513
0.0584277110736629 -0.0491447075424498 -0.0542328833708162 -0.00135104049036092
0.00658823655140667 0.0230042625597825 0.102206925011418 -0.143735930850131
-0.0387940397542592 -0.0289483603451206 0.199255548910336 0.126492981431452
0.0226632169512989 -0.0590120808220045 -0.0364198440439798 0.256022128677747
0.0374621425420409 -0.0202651895898406 -0.126526192604486 0.109156551930383
-0.0851602541674012 -0.0252741601672295 -0.186936133047707 0.0775886783023345
-0.161598471577519 -0.0349289481798214 -0.300013041890643 0.0261980707788095
-0.100196900063003 0.0671731761567901 -0.214291834516938 0.154974394319905
0.145501161130251 0.107051907529182 0.243540039454253 0.235310672222076
0.268341013237234 -0.153668746532529 0.464828307499082 -0.223252118943685
0.0429708329062066 -0.353089838347659 -0.0477057562165608 -0.275166455940052
-0.251103965113985 -0.240670881152201 -0.11817037938229 0.160561106716864
-0.294070014346367 0.0215767353786269 0.185818059217739 0.0859035842256454
-0.106662857040542 0.0867696412426356 0.090698048931649 -0.135464779066338
-0.0179210120941185 -0.0176679724836627 -0.0952552815001854 0.0195922764873087
-0.000995323027936586 0.0198503844690106 0.0874100308764996 -0.0101654624706553
0.00336997808689162 -0.00786426905218492 -0.110705348483522 0.191944397173257
0.0242058455008326 -0.00921977973896946 -0.248995425980751 -0.0210334680639182
0.0150445718610946 0.0146567105551878 0.0665346394983595 -0.207301891254778
-0.00304465393033702 0.0383956885188901 0.129527966369169 0.247150249775082
-0.0181427503472813 0.031788904222302 -0.41777419453931 0.334205944060086
-0.0110654033421572 0.00510312071176674 -0.338048812844406 -0.195485800752711
0.0157488933497372 0.00408733279969436 0.211513941920699 -0.175590995207457
0.0196779994740536 0.016697294513528 0.339201639449088 0.012197975139176
0.00931648196796677 0.0141122544734105 0.172406967637914 -0.00608796265943959
-0.0082817495348796 0.0128993673824215 0.133102932299066 0.00942379992071391
-0.00135574146439722 0.00162255757934701 0.144662381947542 -0.21917751068437
0.00106134761490575 0.00763203523339901 -0.169625839295974 -0.240407759921472
-0.00235225021321221 0.00181650631159808 -0.183405206792563 0.134739110561214
-0.00750353956115567 0.00221591527027184 0.0680575442670971 0.0345565652475577
-0.0167862190160943 0.0198928838915231 0.0994314436323321 -0.0378386893134244
-0.101351399219707 0.0930284320663077 -0.066428238224485 0.143906176540103
-0.247819731545008 0.0358352390535702 -0.204739199228562 -0.0114507724139716
-0.239080654927601 -0.204574722186855 0.0388875909159985 -0.193214976519292
0.0319262210707572 -0.307429750564216 0.110744929632417 0.219661717906179
0.214897029034718 -0.107144302126629 -0.361140832693712 0.307098433520848
0.112294754066265 0.10123465116817 -0.285959957461943 -0.167241064518297
-0.0748393504305581 0.0681455050375918 0.201488097970165 -0.166654994473475
-0.113689282808043 -0.0211028568472097 0.322644804855683 -0.00209789602434276
-0.0408186415227288 -0.0116166679968067 0.20264847918574 -0.0271997534450056
0.0333834547167198 -0.0278604652603629 0.144478157031612 -0.0457833346290199
0.0196544036919017 -0.0783957177746275 0.113260740663458 -0.238186134977689
-0.0411519437766174 -0.0287484395125544 -0.166174150683198 -0.201031131739151
-0.0077230168028314 0.0166710448295259 -0.149952201461605 0.137164449956711
0.0325543718509485 -0.0318382659631627 0.0746001348852187 0.0304450923908205
-0.00123516968294307 -0.0168763304245626 0.120137110230158 -0.0913013528033563
-0.116760301399762 0.111115547706513 0.021367223511594 -0.00102643425285201
-0.358473969432109 0.0725095951918952 -0.0859330772358047 -0.0512126475836554
-0.390201655031535 -0.311911508993603 0.00067047216651044 -0.140686800556937
0.0573781330421071 -0.505054818205159 0.0262093437685107 0.140563999953242
0.344313026153306 -0.147476736976996 -0.239763458449069 0.169717065912111
0.144762989026881 0.186825061817855 -0.137999485654017 -0.127006003335594
-0.149524110477876 0.122902170225766 0.156220640117564 -0.12790720049842
-0.234721290285292 -0.0199310014740575 0.248757858458122 -0.0575620999112622
-0.168653849617603 0.00172710412706874 0.222454795742204 -0.130798278241016
-0.0382867315856171 0.032898740056001 0.107644904670034 -0.217845789262063
0.0247791839188006 -0.00763818362836559 -0.0410788911122514 -0.255925610122547
0.0120791211766067 0.0157661112772135 -0.169518960852795 -0.046427512542963
0.0645663144864095 0.0144675203613358 -0.0581378967746944 0.159181338065795
0.0831924655498201 -0.0775338244293293 0.0590275395561222 0.0244560050158849
0.0548072495018918 -0.0846773450237888 0.121205732863385 -0.122087625117401
-0.00677028219645819 0.00358680555137335 0.0716416558156207 -0.134633359511619
-0.171167061010796 0.0251104399636062 0.0098096987048303 -0.123505567531813
-0.210875716994845 -0.211972214145237 -0.0194716288356347 -0.1036158516952
0.109038908449887 -0.315424189733653 -0.0170172778944099 0.0208599626661323
0.270927814595149 0.0036892403517918 -0.0615666390769368 0.0333536541344116
0.042495544899367 0.240096441051299 0.00289593920043095 -0.0605274356218716
-0.190448373196476 0.155622955358522 0.0844104936243859 -0.0711978737680326
-0.276795400430001 0.0586852918893432 0.106721393160676 -0.103134954728394
-0.272756303133189 0.116027408251427 0.0954693357315003 -0.202487447088652
-0.118862200088296 0.234484172393826 -0.0499800113072179 -0.255324916415045
0.0970298579578396 0.209537725859083 -0.177549071709959 -0.121857872631794
0.184859134588593 0.0878078483434101 -0.128424125528685 0.122368629232754
0.185441295094977 -0.0304731965045285 -0.0123635801923571 0.16143832943408
0.127014351464517 -0.127510007336075 0.00392369304809517 0.034928520134327
0.115467474050238 -0.139607214272217 0.0878565120022441 -0.0961968257104194
0.144382366823105 -0.103964598311502 0.0378280528341922 -0.172779865459061
0.149460690148924 -0.021954675607687 0.0113859252513277 -0.180579935457903
0.13522441256506 0.0592572798702462 0.0403995093008675 -0.108359641465206
0.0911125278395629 0.133890194416686 0.087132455160622 0.0112658718117212
-0.0058465751497125 0.197557872197255 0.0631265583955997 0.070222778547459
-0.136468359298372 0.211003579587928 0.0279487892301158 0.0369756506614017
-0.199969891350069 0.161327722370752 -0.0040544381846467 -0.00709706175552689
-0.180493903275192 0.178790869442338 -0.0354684840654797 -0.0659884171984208
-0.0966345891536221 0.212391512379765 -0.0674876472042378 -0.104182804513354
0.0269014421736668 0.206160709892165 -0.112430540647086 -0.045660992198477
0.145458096646025 0.15753463820791 -0.119282179321075 0.0585017819934495
0.196426223323876 0.0422111630220592 -0.0848415040542024 0.164019567556122
0.194575987473989 -0.0762746229125825 -0.0623008781477211 0.139544324276187
0.129280563597128 -0.150756826240695 -0.0740112945959517 0.0674881574379718
0.128581607945849 -0.142923771350374 0.0313935807439119 -0.03880515177353
0.183755168731218 -0.0811587704026402 -0.0226258976784727 -0.159221460139994
0.210936542347824 0.0240195409291523 0.0352230046290072 -0.17911847249332
0.168549431332521 0.193596809162479 0.162901755668784 -0.0209033535232579
-0.0372708308452361 0.27589000448264 0.148284427896938 0.18139487554184
-0.235399607117794 0.179763974406692 0.00280435819916882 0.208872240006174
-0.269152879756732 0.104288691760492 -0.0731099346798585 0.10347377737089
-0.198312500092994 0.145592852055273 -0.0853164191280014 0.0594831152336301
0.00255213671874159 0.243573923008156 -0.0539113304876864 0.055178816019835
0.254995408300577 0.0925510960889337 0.0167124896936992 0.0193908424465497
0.194529144998452 -0.223188953905902 0.00516531880304139 0.0361388796584295
-0.0857837836813714 -0.218528806029336 -0.0247846163625748 0.10184504212134
-0.122220254982249 -0.0293322533265187 -0.0416721951011335 0.123629022477469
0.0394902741023014 -0.0322096570702611 -0.0941687176606028 0.0952411596001039
0.070495740873269 -0.122831528291674 -0.120441376341583 0.0917850423551856
0.0993517903121666 -0.0989645282255402 -0.0216190449362663 -0.00513941526776766
0.0917784953331039 -0.00125776936738033 0.0034155388660303 -0.158742195479485
0.040090655567112 0.0224231427875109 0.143530985993973 -0.0602235572328732
0.0344594477380389 0.0452121356963034 0.140195533670167 0.17261018126571
-0.0395964532877072 0.077838108560072 0.00511820761177547 0.249968916241122
-0.211280903360051 0.0340217808884903 -0.139130614844356 0.202281216269117
-0.265269103750523 0.00302605867996698 -0.207613776496011 0.0876133093355358
-0.168821851810078 0.114202891266596 -0.155085580263942 0.117390222573809
0.140562369977049 0.205117644450283 0.074247224003116 0.176441664876763
0.397655225851484 -0.107886366171358 0.277184894232236 -0.0482907673746057
0.153926019953905 -0.495058044191473 0.0389432086439361 -0.126505584884631
-0.31265422621704 -0.386150817548474 -0.05790581540262 0.111175680697619
-0.375799816118046 -0.00693352999293696 0.0635155312547111 0.0967748028381509
-0.105471418344654 0.0644322123684635 -0.0195802555250554 -0.00591451308733724
0.00275496778871131 -0.0622988316486697 -0.115228256063597 0.0726651879049463
0.0557663749370777 -0.0481956111083902 -0.0501198637940281 -0.00269687250723845
0.00786422825652298 0.0247534791998337 0.101149537689126 -0.144018670647275
-0.0395397779177281 -0.0281245769052279 0.200726444965354 0.12221098771412
0.0199351923980385 -0.0605316032271639 -0.0293518625933133 0.25159754937818
0.0359595894917372 -0.0248221883215299 -0.120580749292645 0.106953918804675
-0.0844347259976746 -0.0241023613697231 -0.180921965275266 0.075067107162361
-0.159112996915885 -0.032690284092149 -0.292227382371512 0.0282604151776746
-0.0983648420272848 0.0681285915151087 -0.208783932653682 0.154576505134551
0.142683524301658 0.104347154951225 0.240815378325353 0.229901627581255
0.260315010531781 -0.153208471395739 0.450135566357598 -0.228753712537564
0.0362186153655385 -0.347390122436044 -0.0535977445876244 -0.269395163656199
-0.252207841698238 -0.230515984665657 -0.113738198132695 0.158933622262465
-0.287543411766794 0.0278453143051729 0.182676413907737 0.081612338083926
-0.101918122483113 0.0864858923620473 0.0839101617623505 -0.135303977156466
-0.0186967667286995 -0.017267123976308 -0.0951270155967899 0.024833950400709
-0.000113198509070208 0.020982164349002 0.0883027963776616 -0.0162147324254694
0.00320681771539057 -0.00795339931090588 -0.105995937538386 0.191124017818166
0.0236001136304556 -0.00863271514523182 -0.244975054557761 -0.0195247081887257
0.0147102203467674 0.0144651266917587 0.064578220974986 -0.204492433416805
-0.00262895109518148 0.0386820970686434 0.131406242543585 0.246006976367045
-0.0166705762671711 0.0310665435707108 -0.408850008603654 0.337131195012042
-0.0114920548743981 0.00482836845159679 -0.334071043514556 -0.190974857936246
0.0159589584802163 0.00278132815578769 0.207912800094773 -0.17546424708251
0.0201016605463547 0.0173452012609029 0.333229081716027 0.0100291337197943
0.0114236965447736 0.0137383190870955 0.16828079412269 -0.00381595239420109
-0.00580338208001445 0.0140181912987523 0.12997543313106 0.0109536186815647
-0.000960357928799086 0.00123505864146184 0.13851783930488 -0.217886545787164
0.00110853510326081 0.00604201236922304 -0.174423652683311 -0.235541259853498
-0.00254207163003586 0.000845253861295688 -0.182887606068119 0.137730069779513
-0.00614778265965253 0.0027623865271423 0.064767005802057 0.0365667520704974
-0.0154210279846393 0.0191313246473594 0.100890445694214 -0.0429949065104753
-0.0981719241521156 0.0935983079197443 -0.0627635596808646 0.141456080674674
-0.244127852512246 0.0396306288236971 -0.199360741587423 -0.0109118469224484
-0.238623484841444 -0.198699466083413 0.0363522317771806 -0.190617127243666
0.0280385990001061 -0.300620273859214 0.112510607722377 0.218395801656498
0.212092669899705 -0.10668130910901 -0.352898685586207 0.307699887261879
0.111174434126378 0.0989365641618116 -0.282136011996763 -0.162762717021343
-0.0728849282120314 0.0671874340210851 0.197634925481258 -0.16725543497213
-0.111294134128407 -0.0206425003292406 0.317739618141628 -0.00434192078730466
-0.0399769058664715 -0.0122576653647358 0.198696066772878 -0.0253053626681795
0.0330065756850348 -0.0288559100158446 0.140300185913823 -0.042356750702105
0.0185513927033405 -0.0801583523435857 0.1076777705577 -0.236602048709707
-0.0413660400955022 -0.0295621793286154 -0.17003461968699 -0.199103115751931
-0.00815374802232129 0.0162113611144322 -0.149827979534879 0.139977024830889
0.031645729471344 -0.0297900984217159 0.0720228056281259 0.0316242533657066
-0.000701383262197315 -0.0178796128185177 0.120228789961416 -0.0968485428735899
-0.113123203584883 0.110395860535867 0.0221144594643252 -0.00222800709385326
-0.353450224580108 0.076313518701056 -0.0838852048407941 -0.0509217703164539
-0.388437836902711 -0.30376457137386 0.000918427180899063 -0.138300454269921
0.0506066688774442 -0.4979427029566 0.029597559238245 0.140037093685437
0.340527079007898 -0.147788642210459 -0.232626679756886 0.170449449110952
0.144763995638686 0.184818080699622 -0.136020696853223 -0.126474267166251
-0.147184152684746 0.121815534680036 0.155813800579691 -0.129442170639402
-0.232820335171885 -0.0195893570735237 0.244762672196396 -0.057901722266103
-0.167488167716881 0.000802302507777508 0.217687782684489 -0.128638840704788
-0.0379016246301597 0.0309639370445164 0.103908798548935 -0.214243540458735
0.0225205935545299 -0.0113314874476375 -0.0447299971570986 -0.253671452325393
0.0107405923662635 0.0133060688064824 -0.171652940523586 -0.0455005819431585
0.0629215611395811 0.0139266765293681 -0.0581804959297939 0.159573648801976
0.0802532849410735 -0.0771129270624013 0.057878916582029 0.025445077828833
0.0537372000900003 -0.0854706198876001 0.121342367389278 -0.125161437184143
-0.00545459409673461 0.00194592757173626 0.0708467904074395 -0.13495885292157
-0.167749374736099 0.0265984972216275 0.00907199595298639 -0.123213075449828
-0.21058742065148 -0.205873840914895 -0.0204156494279304 -0.100752061886884
0.106441650029335 -0.312195121316722 -0.0138562605375471 0.0207767055568873
0.267493077380783 0.00453341149176931 -0.0573691026308249 0.0339603307039889
0.0418067370503159 0.237721011658196 0.00423355471334264 -0.0599201073505908
-0.1877845647054 0.153376497243606 0.0833151246933548 -0.0730634197515888
-0.274679226875111 0.0587607119560994 0.103721179042255 -0.101451654919899
-0.270263181801186 0.116428037420674 0.0909796724167321 -0.202178807012977
-0.117733206487612 0.230102161650843 -0.0521345790857094 -0.251324375627933
0.0962819296937044 0.20528790703344 -0.179156056101701 -0.119720931551307
0.181632537694776 0.084305528435378 -0.12779717843132 0.120953994026224
0.182895868714648 -0.0319565844263921 -0.0122771477119923 0.160142232035267
0.123617771665288 -0.127069536677559 0.00344491252092011 0.0369755332774492
0.112781708457584 -0.141511453746686 0.0874737326682817 -0.0992950395623187
0.143336989336771 -0.1049270018125 0.0353704072873978 -0.171596694789234
0.148870969456462 -0.0235673006385942 0.0100912484047896 -0.177288126309517
0.135146604523394 0.0579948156438212 0.0388775301673948 -0.106566258069114
0.0915616233235562 0.132442025351411 0.0877161035335173 0.0101788733644095
-0.00618747678227536 0.197688467780574 0.0661813788679786 0.0696991304749583
-0.137513531070331 0.209410195285378 0.0295856195089615 0.0362987833713139
-0.199409469132408 0.160274414936763 -0.00378191120606821 -0.00743332851432202
-0.1788424947827 0.177283880904817 -0.0368150041860787 -0.0655272981210394
-0.0960022989455712 0.210870789008143 -0.0703186882619631 -0.103116044174457
0.0267068243736785 0.205139217928317 -0.114460871450969 -0.0441255853635665
0.143857986765827 0.15542881278571 -0.119093574679627 0.0561834340127337
0.195720728997575 0.0400498505478349 -0.0819130300292912 0.162322241995318
0.192446191188791 -0.0784373348320256 -0.0617178773590336 0.13872101585807
0.12544339782453 -0.150981298842037 -0.0739372556027846 0.0695325226190632
0.125232935191675 -0.142809130363145 0.0321151446898593 -0.0415864990334103
0.181371204449952 -0.0815551339332553 -0.0231696775400447 -0.157659568558709
0.208514963420302 0.0226171324504217 0.0338680073304149 -0.17652065199777
0.168681991786607 0.189887028048705 0.162608033929573 -0.0190466868052796
-0.0361603008516307 0.272935757989826 0.150298642597903 0.17785567309546
-0.23429075071455 0.179351997103092 0.00627692603729861 0.205543688177783
-0.268192065063198 0.105615091142779 -0.0702837225240862 0.100777063781511
-0.196982612956429 0.145779865981778 -0.0841121000097864 0.0582380985055193
0.0027670362537382 0.241507843683655 -0.054972252891677 0.0554265636048492
0.250664752852065 0.0919230552351244 0.0135505367580354 0.0183578977779292
0.19150683400733 -0.219975677325821 0.00389709563990486 0.034351629851184
-0.0859151499070379 -0.212661387094537 -0.0251829927441348 0.0990267261754578
-0.119433273285931 -0.026813445550916 -0.0411183760176112 0.121646096670556
0.0400025903956895 -0.0330922434721835 -0.092584497851137 0.0958475634069133
0.0679002952186453 -0.123853170581517 -0.119822340294273 0.0949329394270685
0.0971011112309331 -0.099541286476921 -0.0196372361838023 -0.00719333141074188
0.0914570492845201 -0.00115757083270204 0.00384454934500901 -0.159224834361953
0.0388675670318244 0.0220651139597255 0.143127323577332 -0.0599607877622479
0.0336466228650106 0.0435953958799734 0.14248225924458 0.170208610298783
-0.0391266051334854 0.0741988750968994 0.00755691049386662 0.245473792175774
-0.209331213644503 0.0339949200052958 -0.134761516579543 0.200061802205292
-0.263231955310941 0.00471805397300134 -0.203075409303169 0.0864434178382476
-0.167148524208085 0.114994327769791 -0.151815981399763 0.115887236001542
0.138127706756606 0.203833091277392 0.0732011935914545 0.175289679438134
0.392494143433095 -0.109346677118338 0.269922555047622 -0.0500041712189162
0.146114509723312 -0.491126621822265 0.0363873483840443 -0.127028661586591
-0.311901418695721 -0.378068567210172 -0.0572792499158403 0.109221347209697
-0.370877988493543 -0.00194331069228542 0.0630092423567201 0.0946804423386778
-0.102418423763294 0.0644468865258249 -0.0213591169833237 -0.00461603920609727
0.00119376375897392 -0.0631232598253411 -0.115804744973927 0.077992701922351
0.0546861123440782 -0.0478046997063528 -0.0470184377401765 -0.00477318058807517
0.00897290151608111 0.0257891703942976 0.101607007067251 -0.147347643112395
-0.040621440974857 -0.0271276488993664 0.203965443519366 0.118758956671947
0.0192825660381276 -0.061945641274943 -0.0247641085469705 0.249372040009911
0.0359010399187807 -0.0279312594571485 -0.117453688119852 0.103532461001271
-0.0829796770758878 -0.0240232735796105 -0.176579169146753 0.0736582430881943
-0.157786762476988 -0.0311910751930903 -0.286786155550377 0.0277441946055956
-0.0973683670706498 0.0684152957650371 -0.204775867080178 0.153208333416383
0.142271590685733 0.103205225823252 0.23734510191323 0.226890931021385
0.255776558295628 -0.153986795957843 0.439587711726235 -0.230963262528629
0.0309358647367891 -0.345362057747357 -0.056385087748054 -0.266810719210325
-0.250836376792075 -0.224696335916698 -0.111016696247498 0.157313170402414
-0.285013807676957 0.0328917036586303 0.180593520877876 0.0782858832770061
-0.0992483295834606 0.0877897903809138 0.0787016470789221 -0.133965687550292
-0.0208650264307012 -0.017112479644652 -0.0968776160200088 0.0316144738803363
0.00251321064693328 0.0200344839717162 0.0899285039353638 -0.022256624730474
0.00364544272317562 -0.00918789245884558 -0.100259324972166 0.1905536464536
0.0228617753832867 -0.00822094945783604 -0.242597846702975 -0.0163164528089294
0.0147061731071027 0.0147253637345546 0.0622128944377036 -0.204028674640763
-0.00270698241505474 0.0390111154852933 0.134522372478224 0.244855785640905
-0.01631832777689 0.0308927802485484 -0.401438683382957 0.341563154032433
-0.0113255859383044 0.00452023340093482 -0.332529059868958 -0.189874008433585
0.0151987811566079 0.00204731326890983 0.206303995455383 -0.177032368563363
0.0229936963372812 0.0183298869540133 0.330556984586075 0.00943482121684214
0.012055191078207 0.0155246527143135 0.165315948324298 -0.00215905084188216
-0.00471313300440852 0.0133074771712116 0.127953763328579 0.0122908764314386
-0.00041979405512665 0.000883599619028894 0.13315750107889 -0.218430005176521
0.00163515777491076 0.00519707949415725 -0.180421290874122 -0.233532822743962
-0.00272295109844445 0.000929852487781505 -0.182808229834925 0.141765315021174
-0.00616911106682106 0.00363479750522057 0.0619782213728727 0.0388161405337265
-0.0138109832923914 0.0187200198132891 0.101254364509049 -0.0494100436410122
-0.096157651267296 0.0936042378364442 -0.0589199371321178 0.14096509224762
-0.2424530912128 0.0434861858776951 -0.197785969339092 -0.00914689274225501
-0.240368698079997 -0.193226423849209 0.0355219819180642 -0.189881106203242
0.0258056443777055 -0.299399066254845 0.117154850197636 0.21834251317832
0.210969688416522 -0.107163656319295 -0.347348264092214 0.312619801173545
0.112275923661949 0.0989160919024486 -0.280995104837462 -0.16151613576226
-0.0721485467703053 0.0672157666834762 0.195515603537512 -0.168136861919106
-0.110180860855539 -0.0208680234206087 0.314124759579762 -0.0042737623560545
-0.0393194284539943 -0.0115784110618308 0.195635908692812 -0.0246276961040797
0.0341526383153528 -0.0306630119929342 0.139018782580725 -0.0415325011823273
0.0172761837164256 -0.083045145988157 0.10314155831132 -0.23692712671751
-0.0416771995564174 -0.0296393142260646 -0.175188163778386 -0.196851756046733
-0.00821726717436044 0.0173537212840536 -0.151276977479417 0.143678054074649
0.0308388832002869 -0.0293766791439143 0.0699939320314973 0.0326052039086142
-0.000138384603125612 -0.0182135113004873 0.11989944721657 -0.103407015185932
-0.109010037655031 0.110053352504782 0.0220366987057831 -0.00320853532295588
-0.349877295908994 0.0813151985387297 -0.082784201102666 -0.0508378145656665
-0.392322518652417 -0.294911440778171 0.00036185106437511 -0.137555580922983
0.045797158647097 -0.496433724026228 0.0342566067426951 0.140127868301398
0.337725027376171 -0.148864123450359 -0.228594323240146 0.171610242716255
0.144622497175911 0.184155370773104 -0.134650031226954 -0.125352368359847
-0.145903220992914 0.120909041263107 0.154111983492075 -0.131789580480773
-0.232790918420767 -0.0188300851422079 0.241494767411108 -0.0575871024070777
-0.167025631040935 0.00168240153380404 0.21388514123663 -0.130174461446533
-0.0378857570794942 0.027394057919892 0.100116393835849 -0.21297688936018
0.0208581656563556 -0.0145929387521089 -0.0484189977375673 -0.253465955310207
0.00929461293312875 0.0121009584767588 -0.174341559561867 -0.0436394575928524
0.0622962134395901 0.0133110870254537 -0.0577399215700336 0.161583134773945
0.0776327520152558 -0.0763251253730168 0.0561519669852812 0.0269204313903631
0.0527296221446655 -0.0867839528306878 0.11995879515374 -0.130420722543876
-0.00386416550700079 0.00148279801006587 0.0693549370816817 -0.135693651604709
-0.166166760714337 0.0273673745424549 0.00899288952185376 -0.122727449874929
-0.21176826092004 -0.20171405048886 -0.0201519162088834 -0.0994331107555985
0.103039211190526 -0.310186964913676 -0.0109313555189928 0.0210791701010896
0.265459058250005 0.0042033309868037 -0.0536438369976347 0.033710375295419
0.042479703874534 0.237824602613732 0.00552348932166298 -0.0608274298901052
-0.186765426165993 0.154078901902919 0.0842745761365923 -0.0741877734020497
-0.273819533626223 0.0588801226561432 0.101814207100702 -0.100863144979784
-0.267963924812211 0.116938382881693 0.0865540994842026 -0.201345155588637
-0.117572936172512 0.228579761330976 -0.0555856411742022 -0.251040031213074
0.0965858167694417 0.202679455774992 -0.182170522140717 -0.11914949018411
0.180949612375665 0.0802862760508631 -0.127885003213798 0.120235424522611
0.18140305138024 -0.0354576832820158 -0.0119654092624366 0.159354237773082
0.119361974129405 -0.128277686604493 0.00323095682459706 0.0388330600917418
0.110301965641666 -0.142934510745563 0.0870342026537964 -0.102514116678019
0.142143355314821 -0.10921739395475 0.0333760145843482 -0.170738821106478
0.148233741903438 -0.0266114539873129 0.00874926272862541 -0.175893220745705
0.136347549639976 0.0581838816621959 0.0386679488555303 -0.105146973267116
0.0917080611878609 0.132914606914642 0.0900622104513289 0.00711728947926944
-0.00578969262425349 0.199080861665053 0.0702548838220892 0.0680595640455047
-0.136324748168315 0.211808342674383 0.0311363093346582 0.0344470090025157
-0.198878687878199 0.16131860453627 -0.00214918408644373 -0.0084825597659915
-0.177013347694625 0.177321423764619 -0.0380317425862817 -0.0644780131986505
-0.0955318349975015 0.211718949878136 -0.0735297153604446 -0.102949359345208
0.0268610267347109 0.205818392717731 -0.115883179127658 -0.0440156074258188
0.146916621932954 0.154732953406737 -0.119763825756617 0.0567903243422597
0.197030954193134 0.0377956269224021 -0.0812468628969838 0.160826250241073
0.191674443588853 -0.0812874914965553 -0.061430330695778 0.140194709289163
0.121998422308586 -0.153778805982506 -0.0731615390808838 0.0743622391564561
0.12298519751905 -0.144169839934017 0.0319202234417022 -0.0442684288305028
0.179577775435762 -0.0840112020091744 -0.0246977539370205 -0.157358526487343
0.207871591067268 0.0204962165237316 0.0331668763825467 -0.17435117599781
0.170615837892438 0.187918015047757 0.163328626000094 -0.0201978445318327
-0.0345876193167634 0.270124314282906 0.152715817599957 0.174356561544393
-0.233350743730126 0.182874112189358 0.0104573555672352 0.20457226744913
-0.267879068011042 0.107175881160301 -0.0676956076329143 0.0994631251654709
-0.197100287228417 0.147010871163212 -0.0830971719819445 0.0585021233954586
0.00365234024582775 0.241597150309368 -0.0553765083396077 0.0564908698049615
0.249054064872192 0.0910200870035072 0.0105313278455534 0.0183487084067536
0.18671138728413 -0.217576720917176 0.00279385596819594 0.0339131273923562
-0.0869204674858016 -0.210465551510516 -0.0264998677546298 0.0968977675730684
-0.11747889048485 -0.024912871664998 -0.0400852381137155 0.120651317736859
0.041400021441584 -0.0353091382533069 -0.0932908118862201 0.0968185214507162
0.0650109161460547 -0.12686355770487 -0.119358779413112 0.101023289052569
0.0937766942862329 -0.0990671002385552 -0.0188507321727327 -0.00969542691330742
0.0910103739506572 -0.00183705686872284 0.00368551461416372 -0.159730847295676
0.0382390440890652 0.0215654248622305 0.144203238094988 -0.0616908090623666
0.0336031159283024 0.0411150136837863 0.146110297994804 0.169227011701809
-0.0387334343618298 0.0712605891923243 0.0113524121319773 0.241961036225927
-0.209529406071403 0.0354588879328502 -0.130862131254516 0.198134679379288
-0.263208887235981 0.00674375552357927 -0.201373996727651 0.0853038038987127
-0.166694086984517 0.116905854000499 -0.150741284852196 0.115913692734733
0.14023716920797 0.202928753782863 0.072143101044607 0.174786663557283
0.389523337307647 -0.110897314475428 0.265465607978323 -0.0530993560576186
0.140706974477459 -0.489741242343199 0.0332689066283818 -0.127828313348148
-0.314884205400828 -0.373399779689632 -0.0570433014202697 0.107622317867234
-0.366613672498324 0.00452460297926636 0.0615619053791413 0.0931596523214096
-0.100480072345938 0.0654338113940951 -0.0230734987049963 -0.00372773896027892
-0.000469604023784602 -0.0640159565367717 -0.116938636895011 0.0841930750623597
0.0532773438378363 -0.0481591379802985 -0.0447741182392561 -0.00601907579021532
0.00939582777135015 0.0259447645648581 0.102984677752084 -0.151801799225614
-0.0421348806583925 -0.0273541037453955 0.208448516107369 0.116323996634288
0.0179530704781726 -0.063966454424616 -0.0197681729635501 0.25027998258571
0.0343687245165102 -0.0301864840681637 -0.115363048097013 0.102777014260413
-0.0828642628636303 -0.02370408135133 -0.17454160150981 0.0725484586247317
-0.158296660860632 -0.0291222258459947 -0.284922540963656 0.0286129408961731
-0.097532878669704 0.0697767618922474 -0.202706542505175 0.154281801369976
0.142013969590189 0.102038340400059 0.237070094095944 0.225131468487868
0.253933491912417 -0.155603397841175 0.431421558001437 -0.234410844522231
0.0267324156837233 -0.34392067295289 -0.0606507982470443 -0.266114442755562
-0.25384070675775 -0.221390744312922 -0.110130113064227 0.156682835904332
-0.28307226193322 0.0385262881146951 0.179689354861052 0.0748631759109927
-0.0968566769560411 0.0883593522951705 0.0742648599036311 -0.133672361130567
-0.0208576492392906 -0.0169586434485226 -0.097762175412651 0.0377625666870691
0.000950607087275781 0.0206707119080799 0.0923081650436241 -0.0187802806743185
0.00424539433137958 -0.0099209826022267 -0.115609220256961 0.177678495158983
0.0248030167769309 -0.00687806006180824 -0.237185125756837 -0.0385495039811641
0.0146000748487957 0.0175439382718643 0.0802701625141782 -0.196082239450093
-0.00772856044388901 0.0402166747848742 0.112797102413016 0.255038637811682
-0.0165240633407382 0.0278439931601061 -0.425561802779947 0.300983897027242
-0.0101154298370887 0.00449401755515344 -0.309029078606575 -0.221710030064572
0.0142252654063367 0.00286638276139397 0.223653785057524 -0.156003697652497
0.0214072609917054 0.0183839012807451 0.326372081330145 0.0417153750154803
0.0116392224579037 0.015618551169851 0.162497906756287 0.0160758837165663
-0.00300032028798598 0.0142513482977366 0.123308683951449 0.0264605062014424
0.000481916515481127 -0.00132474725954047 0.151394502515856 -0.203395690813727
0.00163730407493399 0.00448472946398378 -0.161476170040129 -0.249629627402464
-0.00257832443926054 -0.000795110586006366 -0.198257247121711 0.128213025178414
-0.00671122898599295 0.00411265157694935 0.0556264353276352 0.0473467264627918
-0.0137571422448411 0.0171448848731066 0.104970850288934 -0.0448319311145014
-0.104185109196848 0.0832720558143944 -0.0679203717565066 0.132234688511001
-0.243229004903545 0.0205970299644793 -0.191460925914962 -0.0284308529090812
-0.222129545283921 -0.215177762262728 0.054457868464325 -0.181928373859595
0.0517909996875457 -0.296831162182277 0.0984818737647998 0.230051482380835
0.220893606629587 -0.0874427855712229 -0.370673551740671 0.275113413642755
0.103041166489663 0.111018886818313 -0.260238366254394 -0.189024346103477
-0.0787092989289348 0.0587212601471106 0.210563986285851 -0.149751600057327
-0.106603629938212 -0.0318074954269229 0.31069794558564 0.0261386523210889
-0.0369573201481973 -0.0162610683856543 0.195379728225602 -0.00363219684395276
0.0380253216034519 -0.0299550933934179 0.13972183666045 -0.0260327264522376
0.0233721860327391 -0.0847452922760889 0.12312461772372 -0.225259671288644
-0.0405094374276026 -0.0354895985134192 -0.158974547413436 -0.2130519919258
-0.0099256018436076 0.0147297909791942 -0.167013403484203 0.131308918701185
0.032912422244654 -0.0255509845143155 0.0640561568705181 0.0415078578520635
0.00256806938742629 -0.0195277580925764 0.127765349456669 -0.0957811313184772
-0.117418089326507 0.0991117312621358 0.0244480924365133 -0.0028121086267801
-0.354839150066378 0.0483767105627678 -0.0728650309345888 -0.0584610066969315
-0.363069027167269 -0.331174491755435 0.0156370977966902 -0.132362556656732
0.0897874049507783 -0.489545159315822 0.0213101122965118 0.145397762527726
0.350104222365507 -0.115379959333344 -0.239667419400328 0.14859338511624
0.126152908904696 0.198224473106521 -0.11850820790572 -0.138237485765393
-0.15622679556395 0.107013781532254 0.166069215890482 -0.116512285435813
-0.228662179210511 -0.0412473986692562 0.24400203693978 -0.0334422901301822
-0.16583290205475 -0.0152408794916492 0.222983469116442 -0.107877330037691
-0.0398910487298213 0.0199108178378606 0.117046369042784 -0.200271718697914
0.0200395545396061 -0.0172185786054194 -0.0275784866967625 -0.257049546257948
0.00666468343546318 0.0115563233223537 -0.173965107384729 -0.0620330855073004
0.0600211726781061 0.0175154223208709 -0.0766382152980653 0.156132335157634
0.0821433203225455 -0.069407992561447 0.0528077972519524 0.0349836908541599
0.0614308300688617 -0.083233576932821 0.129970741529609 -0.121587197731309
-0.00152575087352575 -0.000963240684444294 0.0806181971453668 -0.129553735129731
-0.165923162266064 0.0123444036840147 0.0225257578030335 -0.120538825880383
-0.191170158183853 -0.220789899758851 -0.00928539310060508 -0.0978063511206773
0.130118380608668 -0.298945100032584 -0.0126067629010112 0.0207009445915334
0.262309856709202 0.0319457360568984 -0.0541469769201464 0.0273161811571762
0.0178462096068134 0.242092848302963 0.0129386247895659 -0.0605551242965682
-0.201104802473324 0.136375973558437 0.0908883449030263 -0.0676583761936707
-0.279685094231908 0.0332630507551297 0.109081571676917 -0.0900720228678403
-0.278575490264019 0.090956602374439 0.103060863997473 -0.192050298261335
-0.135127498703601 0.213600851861337 -0.0358077316810423 -0.252322883067377
0.0769943262280971 0.205391216965653 -0.172296316558691 -0.136394808653186
0.172339298513938 0.0940915639104537 -0.140370734950202 0.106856090603206
0.182237963766739 -0.0212587865679463 -0.0292298423558781 0.158405222636679
0.127346918496676 -0.117433364728671 -0.000136508213885537 0.0421969437875123
0.123670547937886 -0.133369261534774 0.093746195160789 -0.0952428350718523
0.153386970628337 -0.0965651718910264 0.0476980684280534 -0.1660879957847
0.151175684182525 -0.0122753620945753 0.0248041735221898 -0.172736975218116
0.132220878293388 0.0715821548988469 0.0482794916822177 -0.099627586739853
0.0796358371867715 0.142982317383527 0.0904999198791633 0.0124788306044633
-0.0259086586049341 0.198554717862674 0.0663139172594613 0.0724156589215472
-0.157476155568618 0.196993628321502 0.0288597815054721 0.0366985180687053
-0.214829897437159 0.140640057466847 -0.00160795007377993 -0.00815914316731862
-0.192731685413624 0.160857751823517 -0.0324301034762638 -0.0669912320759354
-0.115278751237598 0.202481181641717 -0.0666900339151611 -0.108689364297399
0.00966030783123664 0.205531146896255 -0.11188528744035 -0.0544653100569174
0.133499842562165 0.165299516717385 -0.127747801419212 0.0452892416527943
0.19234461501014 0.0517701333786379 -0.0965578800341307 0.151172568527361
0.19658896657044 -0.0685733486111178 -0.0746114901469757 0.13413332523862
0.130855600256338 -0.14423672499001 -0.0787132619976206 0.0706316229606143
0.134919241263275 -0.132105780821202 0.0342588650624054 -0.0434085289295318
0.189140638835166 -0.0675186957846378 -0.00973284914296157 -0.157889089196801
0.205037308774357 0.0401335661615033 0.0483333312675605 -0.171108525513494
0.15203895073271 0.203273646481221 0.16491718044452 -0.00510511734453039
-0.0602965190131881 0.267406658351462 0.136837520027911 0.183139070231771
-0.251544858976739 0.158417028894937 -0.0054766748677929 0.202554006259364
-0.275266107547466 0.0814740414184709 -0.0749234405143775 0.0911936794605426
-0.211818815880737 0.12749965272197 -0.0876849870496505 0.0487539459674888
-0.017647480086644 0.241891965618827 -0.0618245181497107 0.0512217101439274
0.238750733787209 0.113758591359806 0.00644829262675857 0.0195509714636794
0.20179258322592 -0.199616483907075 -0.000228001521754508 0.0324737714114935
-0.0679833100939095 -0.212069687074861 -0.0360964408804765 0.0918187872806545
-0.113087224168851 -0.0317502904963786 -0.0520652088323191 0.114321458011438
0.0451523560180797 -0.0344225764393307 -0.102950886586807 0.0896449603667458
0.0739397066923545 -0.122133351963677 -0.127988784839949 0.0942917968867305
0.10302785506176 -0.089319319126912 -0.0173965344251836 -0.0133177328603874
0.0924044747719329 0.00768154395450489 0.0195999600873575 -0.159525454092714
0.0360266315683889 0.0258798505807298 0.151537456798878 -0.0471947375033707
0.0286452202096846 0.0414923915552534 0.131954918369905 0.18166110758373
-0.0473856022167178 0.0645817907143254 -0.00903052073045671 0.238882029545179
-0.210929980742675 0.0145768350268098 -0.144274475312844 0.180941748491876
-0.259987294137436 -0.0186557636268221 -0.206623682784483 0.0639412013286781
-0.177360666661895 0.101512029940476 -0.161207269057576 0.0995565251102134
0.121410492244305 0.214598710672885 0.054721473127489 0.18210156499504
0.395275288165994 -0.0768530117598288 0.266969184179892 -0.0279946680419926
0.178067256714624 -0.471942516566689 0.0448048116780538 -0.125909894986622
-0.283987377553256 -0.390604496991824 -0.0682908782522307 0.0994355839767081
-0.364254188066283 -0.0202519250141939 0.0510520904456731 0.096460912696751
-0.102870938734857 0.0567760254219274 -0.0251343429659506 -0.00477925192576171
0.00371224712928562 -0.064202009575456 -0.124240821885114 0.0781929947490372
0.0573590892426666 -0.0412449312273077 -0.0420864287000916 -0.0134687470730565
0.00846205925556206 0.0283689625540502 0.117552982318649 -0.142290741840736
-0.0416940102469544 -0.0310365073305006 0.199871494730404 0.134912296326726
0.0234834457127417 -0.0637686322405324 -0.0404219136967372 0.244650190408736
0.0372883019872346 -0.0302492483543845 -0.121295944943271 0.0894523822190272
-0.0779501868744693 -0.0318326188454852 -0.177335373277676 0.0531429163831577
-0.152556254916406 -0.0436356726682775 -0.284519387922999 -0.00250587938205295
-0.103253936732084 0.0606338079362577 -0.217825292138538 0.132792279303594
0.133672715087982 0.11412229317632 0.214421313499187 0.248525803994999
0.265424795321156 -0.133841569955553 0.447033839989312 -0.194801933682489
0.0519158550189006 -0.340098846731201 -0.0383852128796583 -0.270915639344728
-0.234486794870275 -0.236942663652942 -0.12480213473151 0.145548287855666
-0.2814553782995 0.0189650533232005 0.169564955267363 0.0911883702063647
-0.10158298520229 0.0814401440523719 0.083286551849769 -0.12652898441625
-0.0199347094775113 -0.0183869503236266 -0.101317573482621 0.0340896402852291
0.00354850681476885 0.019362602164743 0.0927497152859417 -0.0255976500131678
0.00361563034768057 -0.0110061636821723 -0.110848147674172 0.175966964606845
0.0249953730466621 -0.0072417015550088 -0.234313907791672 -0.0359173500377195
0.0140521792417133 0.0177097412465971 0.0784331014772945 -0.19443100105591
-0.00625278976599094 0.0413928719820756 0.116406823370996 0.255072725967799
-0.0161794843018818 0.0268536416994669 -0.418205824722599 0.305524825634961
-0.0101731494837581 0.00463741212795157 -0.308566902796394 -0.219357376116285
0.0156801655635312 0.00376098659902297 0.219543589330781 -0.157330661377015
0.0226802656388923 0.016184686189468 0.321734585716506 0.0402415458352044
0.0133927604375917 0.0163428411547604 0.160548425333365 0.0184097478242876
-0.00106708524989829 0.0141206693566539 0.120976106963329 0.0275894698947954
0.0010665730348733 -0.00260865718217979 0.147049364361542 -0.203439800360114
0.00127076258910725 0.00246377639169973 -0.166182265467603 -0.246469304371845
-0.00233394356675783 -0.00148865082619858 -0.198443648919419 0.132874845118669
-0.00530752526471097 0.00411599366972841 0.0530683115036321 0.0500982472369198
-0.0127914813975967 0.0170922631623786 0.104808505144451 -0.051712949510004
-0.101961238665825 0.0837297810370489 -0.064682004493336 0.130224868145814
-0.240484873980816 0.0237619007689382 -0.188355690773377 -0.0262679088875457
-0.223449060978329 -0.209688963242369 0.0524922509180495 -0.181023230284227
0.0481737297932269 -0.293244776739491 0.102064280189272 0.22754692668265
0.220421869158603 -0.0884950226339329 -0.363161616433966 0.279141012678815
0.10359870227335 0.109914654548151 -0.258591291529121 -0.18778594190896
-0.0792614805321744 0.0602105422951528 0.207898801529856 -0.15109712957396
-0.106574823273615 -0.0327211383450354 0.308655534472049 0.0249570025724668
-0.0366773916351649 -0.0157033931719142 0.193236171341188 -0.00315771205264099
0.0382675773164783 -0.0314691884824426 0.136622366918337 -0.0249161853301445
0.0214546647979801 -0.0869331788549323 0.117294273885792 -0.22553538871291
-0.041738944629397 -0.0357332437925182 -0.165008024971457 -0.209088482272843
-0.00974484305371367 0.0152415805247346 -0.166679570817028 0.13515576638429
0.0303489246606417 -0.0243530482072837 0.060706554379684 0.0442441300400289
0.0034621589584662 -0.0196612886797912 0.126834572913815 -0.101617364700243
-0.113683970086197 0.0986083229869243 0.024955891264282 -0.0049090057763413
-0.348558204051828 0.053020878411983 -0.0722612038243464 -0.0575417963517838
-0.364643303364514 -0.323718756444928 0.0145050576550369 -0.131268136296151
0.0840675704528965 -0.487157470994811 0.0274109725315382 0.14539444911158
0.347490021125321 -0.114460078238373 -0.235210110527524 0.15004993679557
0.126509736756687 0.197989200610835 -0.118277652819573 -0.137997548545013
-0.155598937217349 0.107326718418113 0.162852297978043 -0.119029913843983
-0.228590630964894 -0.0398404974621579 0.241730525055734 -0.0337959303226633
-0.165852308079125 -0.0145858879412026 0.220277644789991 -0.108219004423463
-0.0396351023024935 0.0171309821539344 0.114543293329024 -0.198376407643663
0.0177612165227241 -0.019233825400491 -0.0327272640037374 -0.25583501477657
0.00469241809822181 0.0103848377629545 -0.176304564957029 -0.0591062719967005
0.0586587861813041 0.0179765728223617 -0.076796379581039 0.15871058864732
0.0800406523544099 -0.0681753521084509 0.0521586406259978 0.0364367722349015
0.060141394586599 -0.0846989952684129 0.128835304070154 -0.126949544000479
-0.000653720354656821 -0.00264536370386869 0.0798073837264534 -0.131422968041769
-0.163057797450352 0.0139602480148275 0.020346777403393 -0.119212742211758
-0.192029273070807 -0.213774079157611 -0.00922666917778213 -0.0967810448560674
0.126194362245339 -0.299021526817803 -0.00999957442206162 0.019666386233779
0.261976887823891 0.03039484968285 -0.0509300110592202 0.0272518307568935
0.0195692645145498 0.240985706301067 0.0139644634043542 -0.0591891905259398
-0.199633887918349 0.134140860162018 0.0912890191641573 -0.0681685995922746
-0.278051214011829 0.0354880902070261 0.10806535897607 -0.0895510176357818
-0.277020767039667 0.0915579757192673 0.0992769020575713 -0.191468892539567
-0.134706100727526 0.212907192822513 -0.0392291020251974 -0.251516399799554
0.0782040002556094 0.20271901340378 -0.176125864215504 -0.135078145010107
0.171006513174917 0.0898865870765503 -0.140728795940591 0.107916988163417
0.179743675679397 -0.022489299574193 -0.0284440954494781 0.158542663100694
0.12443358051489 -0.117768661817566 -0.000556885452447868 0.044990627867441
0.12189022384276 -0.1351154342684 0.092077317898206 -0.100337840923219
0.153294917458717 -0.0989389023755231 0.0460357465109366 -0.166339683279696
0.151368101750261 -0.0140854275676297 0.0229168809619519 -0.171785462981479
0.133900395780026 0.0700521970744352 0.0473216973203436 -0.0987296541433761
0.0809518671152082 0.143900046585607 0.090005206251339 0.0099476075078184
-0.0259288975778516 0.200226408351409 0.0705428745210729 0.0697661775529158
-0.155846025162712 0.198593956372105 0.0300866143607044 0.034868079206019
-0.216331585750933 0.14035655411517 -0.000561698018266967 -0.00983635307201264
-0.191481230511276 0.161004849864319 -0.0342158376292538 -0.0656205911522295
-0.113573888247771 0.203331053322502 -0.0695444938114979 -0.107645026047079
0.0103855450420232 0.206031607399778 -0.115441537633515 -0.052464324676994
0.135728171474905 0.163778005938915 -0.12810650882012 0.0442376546068483
0.192620015847332 0.0497847396237453 -0.0954295626270274 0.149738789924862
0.195331415966682 -0.0727904879535179 -0.0744376315770614 0.134069024931225
0.127845060760297 -0.146763852200627 -0.0773716245809448 0.0744590192720587
0.132896033841052 -0.133046321629478 0.0342896926378522 -0.0468628561939027
0.187366238750002 -0.0709207334597245 -0.0118354519793177 -0.156085326412483
0.204779240712268 0.0376625491402485 0.0490549956057717 -0.169219230425007
0.154401247178517 0.200534111273039 0.166137622687514 -0.00613732619220162
-0.0595555269715545 0.266222504187829 0.13775662462064 0.178671862401065
-0.250422744401738 0.161685832737839 0.000127637347954086 0.199323753292184
-0.27511413218501 0.0830957061308614 -0.0735911724024038 0.0895212476481022
-0.210931148189993 0.130085718836175 -0.0875091338873328 0.0484957489898317
-0.0149126539331406 0.242254937948557 -0.0619070522137989 0.051027137841342
0.23890238180224 0.112311639639676 0.0028782916246225 0.0196290257104017
0.199749397733895 -0.199039109194124 -0.000991574571903138 0.0309624826546225
-0.0685354732620872 -0.209727337408765 -0.0364124478361709 0.0900274579624239
-0.110898800251498 -0.0291814647663853 -0.0522313377194482 0.11293532884486
0.0459886040731991 -0.0355247809967082 -0.103076715645017 0.0911109167294434
0.0696270628190103 -0.123583338548325 -0.125906768955438 0.100185724954736
0.0999167627620606 -0.0877368103957932 -0.0160926653966119 -0.0164647345141678
0.0922381802503822 0.00738111226327122 0.0185912033359183 -0.160534751542934
0.0357803048359559 0.0263663527885017 0.152044262953773 -0.0491752873345436
0.0282417971065241 0.0400613984533241 0.1356102355476 0.17894096618001
-0.0470808667706617 0.0617985760099514 -0.00677895793696489 0.236092459466596
-0.210880096445819 0.0171753872327863 -0.141777733925925 0.179432651001267
-0.257962570612824 -0.0166474787983033 -0.204264011068624 0.0635284951795808
-0.177386660020915 0.104692133561793 -0.160003693175508 0.0991306647730715
0.122543381894312 0.213929383208028 0.0546177106821695 0.18128209972794
0.393209611384899 -0.0778434396005226 0.263268059256919 -0.0314228499202588
0.172287195964283 -0.471295599773519 0.0410871819441914 -0.127874861501904
-0.284776744562126 -0.384149945313046 -0.0680691902829033 0.0997078677498379
-0.35950578201837 -0.0148117786927697 0.0506400861445468 0.0953442896741829
-0.0995498419095581 0.0573898871707282 -0.026599486820254 -0.00305799120470237
0.0010029091690882 -0.0637096091072687 -0.123680310208242 0.0845093117374436
0.0564418657893715 -0.0406893281930945 -0.0395285872833245 -0.0161564901884522
0.00893734945094804 0.0298164959150761 0.118689477929203 -0.146720652632782
-0.0425281536361235 -0.0298664577903592 0.203772552274783 0.129810737482836
0.0217587793891498 -0.0652386709042617 -0.0365235392040427 0.242618870233542
0.0356615801470692 -0.0326440110706415 -0.118490970931334 0.0872756074147738
-0.0786191694925325 -0.0302452998092874 -0.174793373080588 0.0530634500924547
-0.153449912721023 -0.0414464706271515 -0.282710670729158 -0.00288410752388897
-0.102448759418506 0.0623855696306709 -0.2165179222999 0.133082330483763
0.133204681931298 0.113126608872469 0.214600335391411 0.248259817904018
0.262475161167608 -0.134068731058972 0.438438885236574 -0.199389488347858
0.0472390154260261 -0.338269937021093 -0.0454119062535255 -0.270958774187635
-0.235955715456568 -0.230407545745036 -0.123837274054494 0.146114374691296
-0.279921457423424 0.0240518105583019 0.168862659176399 0.0876874331297153
-0.0993122575920559 0.0821834920708359 0.0773535742485495 -0.126032874507266
-0.0217182856232434 -0.0187373979176331 -0.101297015925518 0.0399603361311755
0.00470347748355285 0.0198641435509461 0.0922190291352842 -0.0316319823698059
0.00309085610436298 -0.0109365864975131 -0.106674582802127 0.176104116059814
0.0258112283722426 -0.0073984235435778 -0.233228208269872 -0.0357669191289529
0.0149735864260972 0.0191348663731281 0.0779173153879561 -0.195187074318739
-0.00414744268815913 0.04259271466729 0.119394692108718 0.253439507461558
-0.0152368519355104 0.027387123447193 -0.414237767165156 0.307282252829231
-0.0101343321025124 0.0050061935905824 -0.308736024589861 -0.219673958378313
0.0144173183167103 0.00325846970322191 0.218983882153467 -0.157893717136318
0.0252552242876695 0.0173105207572281 0.32151572733995 0.0406482508974407
0.0143398932873492 0.0159614499085088 0.158376135293421 0.0195796618004837
-6.35183074711105E-05 0.013929384330522 0.119719576026408 0.0307022370917256
0.000186573213124763 -0.00350417306888724 0.143292682226478 -0.201517076169134
0.00256184334108301 0.00149597507384409 -0.169881521086771 -0.243826625045371
-0.00273962394847855 -0.00219881826656566 -0.199613510328922 0.136279234648049
-0.00388038316938933 0.00545742558685845 0.0508046868602043 0.0544685668132785
-0.0111857018385686 0.0166190636948325 0.103766363602491 -0.0564902929738069
-0.100158299736158 0.0838999662882649 -0.0616470829035191 0.129517682327193
-0.237896606722143 0.0253853177717314 -0.186945790567671 -0.0264380538236485
-0.223880914317983 -0.205387758294946 0.0529050335491966 -0.182535299438368
0.0480208855687069 -0.291127160116068 0.105032704339847 0.228196900711262
0.219040610168219 -0.0892007955186443 -0.359367010500096 0.280660467968522
0.102536956946295 0.109391617544768 -0.259942543663494 -0.188556201669997
-0.0775712068407679 0.0584135122544065 0.205048468094401 -0.151734551880091
-0.10597645539021 -0.0328072184210623 0.30584494619618 0.0267218396416079
-0.0356304357490903 -0.0151664991210262 0.191525911179545 -0.00171415704161651
0.0383958199753443 -0.0325826076110928 0.135167775781974 -0.0227054154429735
0.0207403309418557 -0.0886965780622392 0.112838212779711 -0.225219534691724
-0.042817392273452 -0.0371431834057571 -0.168398848953826 -0.207328637747334
-0.0104785266215581 0.0156888535812271 -0.168834945003154 0.139278691856835
0.0308771506444078 -0.0237198210676142 0.058751022753958 0.0471233596781034
0.00420445291936722 -0.0206285321464789 0.125046755082558 -0.106504839662528
-0.112395505030659 0.0972615641980206 0.0253864828090502 -0.00626539991157545
-0.347010258455237 0.0563356639373316 -0.0708184837803219 -0.058031831788772
-0.36655729111488 -0.316991165011727 0.0144850561241543 -0.131770506240139
0.0815514791874176 -0.484076573110921 0.0299884558247721 0.144372417233878
0.347632317782524 -0.115546811695844 -0.231123266306916 0.150877862989526
0.127333065483834 0.198179539584679 -0.117598330170262 -0.138228543584638
-0.154523071584417 0.105993616331051 0.16207031594121 -0.120368090598554
-0.228701794338645 -0.0408371540390882 0.239822957152883 -0.0329083967067923
-0.166620516276067 -0.0143999585235179 0.217526989409756 -0.106610799833256
-0.0405642987778593 0.014418723172529 0.111181578541005 -0.195938491935696
0.0163429993455503 -0.0237852471373413 -0.0363332185791884 -0.254563261047727
0.0039968058666694 0.00854215722960802 -0.179495521422198 -0.0571632578917214
0.0582769495137824 0.0172596250112731 -0.0777552363310406 0.161682243864174
0.0791864979195773 -0.0670366931795669 0.0514046294060279 0.0386543544033502
0.0602965691250445 -0.0866436447481345 0.127226905932612 -0.133066557920365
0.00104149593718527 -0.00575683947902756 0.0795643196421523 -0.132194314043296
-0.161635030966777 0.0159544003186218 0.0211126278376755 -0.1196256121313
-0.192429486609513 -0.211668573465273 -0.0086255990293508 -0.0950151776830533
0.12688069161804 -0.295887883082431 -0.00727470407327221 0.0197082033388639
0.26207029042613 0.0326679002101602 -0.0481998374653384 0.0263852668505862
0.020307243976354 0.242852204788112 0.0143029997952813 -0.062522192563522
-0.201033630090774 0.135076650245611 0.0903849102064274 -0.0693178538861907
-0.279101909327716 0.0346212881481081 0.105832578717721 -0.0889991225237034
-0.277726906365329 0.0918140952212092 0.0961946792087443 -0.191079504275111
-0.134664630773969 0.211367652994462 -0.0403876764886473 -0.249278106288604
0.0777701164341901 0.201020688909646 -0.178469122119585 -0.133516456897637
0.169758616615359 0.0885990882430539 -0.142682888997642 0.107293058908491
0.179478389480957 -0.0252890967596763 -0.0295783761919371 0.160123597011707
0.121517315461837 -0.117997462836556 0.00027442126251923 0.0460460162481966
0.119714711651243 -0.135476588605421 0.0907626624097704 -0.104112632059291
0.153668917083456 -0.10230951808875 0.0457521071972569 -0.166287606971437
0.151270813124294 -0.0149732951314231 0.0229210029928367 -0.170844504502287
0.133911637920789 0.0700542608975966 0.0472671006011044 -0.0975333907270512
0.0813047412343439 0.144114595137841 0.0910434096136873 0.00877297883471573
-0.0254725157100428 0.201929201058207 0.0730383602626176 0.0684206153442084
-0.155745955566641 0.200191909194425 0.0317604692258284 0.0340388045614984
-0.216218498079054 0.141428215999139 -3.47146248669642E-06 -0.00997795909710741
-0.193186384960322 0.161187014726712 -0.035071134733501 -0.0659963123125838
-0.114600351309793 0.203991545306519 -0.0737732948362655 -0.106523528289552
0.010825109902815 0.206280376715402 -0.115440153857502 -0.0522824084161445
0.136732863597262 0.164522372401799 -0.130225503136757 0.0447563765430379
0.193269587479795 0.049403875500054 -0.0959649764116566 0.149060390790352
0.194399331612657 -0.0743803843711882 -0.0744172701696235 0.135105596819404
0.124355293983452 -0.146813572129231 -0.0776557109596285 0.078235643457167
0.132138830349929 -0.132549006798367 0.0325794389906412 -0.0505387230968759
0.186110892707446 -0.0710928725486042 -0.0123297622475006 -0.157525544804177
0.204159562153983 0.0365897811041192 0.0480400453747893 -0.169571123326223
0.155208802668492 0.198477723676775 0.167116810148719 -0.00658745006368199
-0.0593288743175404 0.266504524096323 0.138588521281264 0.176868088603617
-0.248671001810218 0.163002278114465 0.0021172158772358 0.197123447711217
-0.274746775165286 0.0843734475666904 -0.0727990677111809 0.0882051532731766
-0.212026618476841 0.131536803702527 -0.0873042052535858 0.0478706789045101
-0.0154468790857939 0.242871023065681 -0.0625684283686754 0.0520328885745576
0.237552638373521 0.112772338623419 0.000223958899396905 0.020633121879333
0.199186857190906 -0.197928779491314 -0.00271371709492353 0.0305472288448605
-0.0668441452898033 -0.207098292788446 -0.0385650537164775 0.0888604029546112
-0.108836037039077 -0.0280715428555565 -0.0522213139666393 0.111707918980908
0.0465875251372399 -0.0376722166043593 -0.103329911411048 0.0922217580909388
0.0680443017183566 -0.124823887549648 -0.126232363369244 0.103521772426615
0.0994164279536234 -0.0885697354935824 -0.0160001180868858 -0.020685963095907
0.0932069030285579 0.00701161580943493 0.0182259987801858 -0.162043220695699
0.0336531243527312 0.0253466292864931 0.154926627937713 -0.0506010071390757
0.0273386716031752 0.0385163046046948 0.137839335928461 0.176445879319657
-0.0485548900234916 0.0598577733079577 -0.00629855221617982 0.233460304469543
-0.21032714344249 0.017210499327018 -0.140313990399311 0.178437246775081
-0.258786949097885 -0.0154854164566758 -0.204145865444782 0.0618540740780794
-0.175861168892285 0.105319166639128 -0.16024767349305 0.0984280432421625
0.12390461249394 0.215746891367954 0.0543270824112942 0.183233613204017
0.39233224001833 -0.0768928713849472 0.258911758636443 -0.0313873353886276
0.168658066094 -0.468788943644077 0.0390010327783411 -0.128420327389756
-0.286422490087516 -0.380442994560531 -0.0710701360011087 0.0982552061821158
-0.356728562145432 -0.00994197968108455 0.0488046525540067 0.0942933062547385
-0.0975944223600716 0.0568458313659763 -0.0284135601249569 -0.00354024976154488
0.000754260359290841 -0.0635308810238475 -0.123869621288541 0.0896064975776251
0.0557233749885141 -0.0399272977439593 -0.038805322410969 -0.0202127768128152
0.00951460536310896 0.0291318625369235 0.118295187518482 -0.150946450794253
-0.0437705261665292 -0.0290575415139028 0.20711574127334 0.127459156078808
0.0213664280590463 -0.0654198676036722 -0.0335892483716128 0.241117251278945
0.0346947758095832 -0.0334209519561635 -0.116306995514891 0.084269218825911
-0.077435206237764 -0.0309699296394623 -0.172050535990209 0.0508428491651033
-0.153372745484616 -0.042081446097296 -0.28252317305119 -0.00380786785246757
-0.102655292457181 0.0643798893231493 -0.215453202869636 0.132837312384408
0.133974470528609 0.114778616452313 0.214018616174181 0.247735562407701
0.262967424673003 -0.135322833520024 0.433926268052138 -0.199530047330294
0.0453964238572867 -0.338488577219545 -0.0468775592378911 -0.269509497825908
-0.236928830095972 -0.228802434156561 -0.124140700735038 0.14659067025076
-0.276981100569802 0.0265134079219164 0.168210528666526 0.0876436799261124
-0.0979561644460353 0.0820563662651167 0.0739663888498578 -0.125229730560311
-0.0205590633496114 -0.0176115782660607 -0.101934952972191 0.0448036630524198
0.00599501519665637 0.0187952398867897 0.0935452708420185 -0.0376854778969193
0.00434357573206175 -0.01038681225742 -0.105030507241165 0.175988206388759
0.0274460265231651 -0.00770347700457686 -0.233467046989971 -0.0367915117572591
0.0161094746846605 0.0187598831415058 0.0793885794206414 -0.197065943581979
-0.00334511930977078 0.0428897108394447 0.122444411461292 0.257723116631607
-0.0154755072110513 0.0269309343499478 -0.415784416240859 0.310207295828068
-0.00972180324222482 0.00562088383340265 -0.310956989241953 -0.222819566788576
0.0146740715176746 0.00206119098949179 0.222068032283263 -0.160305795408423
0.0247543357725537 0.0173935717097005 0.32307256973531 0.0432411941076906
0.0158658980807337 0.0154738918416372 0.158831438987923 0.0237220114244015
0.00236555850539869 0.014674837136963 0.117146531139137 0.0339104140942311
-0.00113769998730314 -0.00377632086911392 0.141471455700143 -0.200948707696674
0.000848625228294567 0.000628271636930385 -0.175542327450086 -0.244549621116426
-0.00379832848394473 -0.00191741418538685 -0.203279814480034 0.141588634762557
-0.00353315848169702 0.00535867151799427 0.05091944893793 0.058829189922457
-0.00981585184785653 0.0165707658539445 0.103390961176848 -0.0621153057606058
-0.10065366396129 0.0842671328672494 -0.0615699446905373 0.128834361610994
-0.240525849686539 0.0267158025502107 -0.187403200221678 -0.0282818389929687
-0.225156624099064 -0.205991878158363 0.0526181891869216 -0.185358756825079
0.0486868867365512 -0.292127708341424 0.109704433639491 0.230277683765675
0.222178790976645 -0.0883580850235064 -0.361531793751451 0.285315933514429
0.105159136333636 0.110761905589778 -0.26000261029066 -0.191804124887897
-0.0786212335932624 0.0594822202634515 0.206447431489406 -0.152911240966463
-0.106115542338895 -0.0340046705416693 0.307831442249866 0.0290239180253218
-0.0349846839762314 -0.0156859424088216 0.192158760326732 -0.000109860983644585
0.0393286660216971 -0.0345240587817224 0.134062356409142 -0.0211411072400146
0.0199594572318135 -0.0913969108715683 0.11258253678744 -0.224495037154801
-0.0408771130184418 -0.0377718909494884 -0.17325313357038 -0.207942568552881
-0.0105100518820992 0.0152850275856823 -0.170640565140818 0.143999285435859
0.0336770813956947 -0.0237416957586331 0.0573763739854043 0.0503675109680685
0.00590765121076593 -0.0213169929605657 0.126022251853305 -0.113627986386995
-0.112584633248161 0.0971539164307165 0.0263869224999433 -0.00810985154022417
-0.349172224863378 0.0580606044475157 -0.0711639972790264 -0.0602353606796623
-0.369405126275924 -0.317152622745837 0.0152005238010972 -0.132669103108066
0.0837926473045277 -0.487902678181795 0.0322011106651729 0.14623955358379
0.35173291459252 -0.113805291373015 -0.233151128310275 0.151751400805083
0.127636049622437 0.19999188996161 -0.11733991706634 -0.141363623203252
-0.157914578528866 0.106848915250318 0.162657593267098 -0.122441027128865
-0.231410139954196 -0.0415482889722954 0.242028359962318 -0.0313018042388448
-0.167010472829587 -0.0146563307059487 0.220080017557302 -0.10571682426169
-0.0417304806788581 0.0128188720170922 0.111338311203111 -0.195130942808664
0.0147716009957347 -0.0256409120811789 -0.0394578024737252 -0.256372917998443
0.00325187881331755 0.00656107695881729 -0.184379064675158 -0.0558813666862572
0.0574289938487319 0.0181399009483155 -0.0806497046916016 0.165103636258741
0.0803879224990747 -0.0673336956085814 0.0499975117498356 0.0421310638739845
0.061607885132555 -0.0878869437275193 0.12703611509971 -0.136938110812369
0.00255882483200681 -0.00763683114573472 0.0796020242196896 -0.133609166111223
-0.163251420366554 0.017173375798971 0.0233957089118652 -0.121183951177933
-0.192729314891486 -0.211629169407108 -0.00889830418633754 -0.0964846132657436
0.128842197123647 -0.294262288300714 -0.00713587831181296 0.0186840391009617
0.264403326151723 0.0371723313726552 -0.046335589853221 0.0252339089484841
0.0202079908437837 0.24409484912665 0.016063116846914 -0.0644094944077394
-0.205604716964716 0.134487392222553 0.0906424474767368 -0.072219392263813
-0.283251008252571 0.0324889110286155 0.106478864619254 -0.0879635985247631
-0.281686263658233 0.0942462666359554 0.0955338498950809 -0.191591451113046
-0.138208147645557 0.212614420488599 -0.0428605670571708 -0.25074409478186
0.076608358283237 0.201180943638243 -0.184843527569635 -0.133692918960674
0.170870502600906 0.0894005518805149 -0.145885667383321 0.108840077468673
0.17832371497417 -0.0247957925531208 -0.0301571431449473 0.162921929535141
0.122439619867856 -0.117889572647741 -0.000247014087000791 0.0500886065222504
0.121450051369662 -0.13803835229224 0.0914731595312203 -0.108279453053263
0.15390712550176 -0.104017922693568 0.045550530275164 -0.167744259575571
0.152189929016974 -0.0152257302944607 0.0236762513360876 -0.172394400357458
0.13763412062745 0.070778117319936 0.049441113423065 -0.0976400993403173
0.081439195267328 0.146700354805542 0.0918858032309692 0.0070783432540102
-0.0261264940496216 0.2072794015084 0.076466416053169 0.0675222659368093
-0.157968519495672 0.203031934296995 0.0317935680323446 0.0330378315420931
-0.219524075452638 0.141951297655241 0.000575907436222387 -0.0117046674791317
-0.195354421807344 0.162049832231679 -0.0357398518783911 -0.0667519305789167
-0.116196556953912 0.205983756190869 -0.0758671481759857 -0.106805831207064
0.0108176937084823 0.210569209853252 -0.118350595324096 -0.0525328564141637
0.137829503737911 0.1663689201948 -0.134586982427782 0.0448475632672005
0.195649982316704 0.0488368785346491 -0.097036374810493 0.150023542069625
0.196561567699394 -0.0760495349273397 -0.0765696908509397 0.137488339931948
0.123923843054425 -0.147390577342887 -0.0778588247130735 0.0819029407909403
0.132306384840711 -0.133269121179036 0.0319177107159604 -0.0536843466351997
0.188416386428801 -0.072564569404248 -0.0113436543834426 -0.159677866611345
0.205653977697768 0.037658342819673 0.0495624630779602 -0.171276856005595
0.156995892868798 0.200480212842316 0.171375748919782 -0.00701742699601689
-0.0613332308380472 0.267376322853351 0.138911655319273 0.177176412667041
-0.253876316870422 0.166643961443813 0.00382223228542765 0.199513805296574
-0.278215800767102 0.0852397270353402 -0.0730472351160054 0.0875149496562279
-0.215841150977654 0.132112304837305 -0.088040809556306 0.0469914063510437
-0.0161377365003103 0.245330656063369 -0.0649263246826926 0.0526300122723637
0.239467823293482 0.117441363585679 -0.00200192347170849 0.0209432412559505
0.201568337116945 -0.197673771142162 -0.00356004612655732 0.0306928861251369
-0.0677813141384044 -0.207754139815553 -0.0424088176670903 0.0894039175376249
-0.106946443429635 -0.0268493720738889 -0.0541928877090188 0.112284320723952
0.0472478835786643 -0.0398941479276355 -0.10505452419769 0.0945849770642365
0.0673748246391397 -0.127172191715001 -0.126539177532857 0.10949716934046
0.0997321135282568 -0.0870207362217365 -0.0164953826165131 -0.0245639053766348
0.0922578630832642 0.0088832963020339 0.0182868194862006 -0.166546822319467
0.0336068972325105 0.025526258152259 0.157972289541207 -0.0521300260068647
0.0261279372491689 0.0370705901911593 0.141573315987342 0.176783795433877
-0.0500997201454637 0.0582962647119563 -0.0055789805513687 0.234469038479334
-0.21283820268018 0.0175788651566298 -0.14051825062911 0.177176550692894
-0.262473070434376 -0.0149436581629395 -0.205115156802147 0.060254780690258
-0.180053223012826 0.108156251132881 -0.162332907520275 0.0970784712993432
0.124802653940137 0.220139840892594 0.0538658673614738 0.185092056339109
0.396166272361609 -0.0763620848420599 0.258332479253523 -0.0312302147374691
0.170066924712241 -0.471486152480457 0.0366537475222502 -0.130681631409056
-0.287032012440484 -0.383582093637405 -0.0729949550016635 0.098452732506873
-0.359174696203038 -0.00898110431607946 0.0483823954470704 0.0951527100815557
-0.098098944232097 0.0575118927948199 -0.0309060668282428 -0.00134510136114877
6.08442937391504E-05 -0.0652043090238593 -0.124507821314195 0.0960112554369005
0.0564420811865888 -0.0393289533616433 -0.0378836931656837 -0.0251057989339877
0.0109798908431463 0.0298438591373893 0.118803405536184 -0.155070705099474
-0.0451945198797827 -0.0291350917682 0.210855018712137 0.125755381100713
0.020480326089694 -0.0679024067568449 -0.0309581702952778 0.241966897475769
0.0351037867779198 -0.0366044537563723 -0.117197523324705 0.0823621509343226
-0.0780788701832391 -0.0314087837571335 -0.172475889066418 0.0488304789681229
-0.154296528113272 -0.0419190904885641 -0.283127840030935 -0.00613011931170999
-0.103346595979621 0.0655312775482344 -0.218217790403017 0.131988827389728
0.136558943544223 0.116817379889242 0.215189878729802 0.251638622201503
0.266509005678952 -0.13621751716131 0.433952521747131 -0.201454584618275
0.0447861702194734 -0.340436228442176 -0.0488235073795597 -0.272130492467387
-0.239980458493517 -0.230200695322354 -0.125833458758938 0.148900438588685
-0.278469191212753 0.029188611762921 0.167994118816409 0.0888253236810986
-0.0973710355105998 0.0835807093749857 0.0719854795909108 -0.12489032169788
-0.0217259975676758 -0.0172214805854067 -0.101409714636621 0.0506036201370623
0.00804628675937888 0.0183031076009589 0.0945446484643086 -0.0391907140251812
0.00284114284093764 -0.0109776867640324 -0.113326726851678 0.173515731035418
0.0274035615443058 -0.00777637728991732 -0.237165067322906 -0.0471452914663522
0.0162512287819729 0.0199827497741568 0.088550476165237 -0.197192307934043
-0.00464142390715871 0.0458798759551356 0.116084645917347 0.268326883029768
-0.0175186036799607 0.0288796884802572 -0.433100415870535 0.298437540892421
-0.0103540211451317 0.00445525137564243 -0.307858720284111 -0.244620896847122
0.0141122988982836 0.0030360236022784 0.236105605760019 -0.154692362386904
0.0269730926550364 0.0159131272778836 0.329343463918709 0.0574305831959469
0.0177417931103017 0.0162437224167652 0.160918859468368 0.0334817940224853
0.00485496543307509 0.0153423538673575 0.11805444299308 0.0436930798296164
-0.00147862769240022 -0.0060921442368382 0.153988753142796 -0.200477189768905
0.000835604499530113 0.000881481771550193 -0.176355906873555 -0.258691053896304
-0.00296959007115592 -0.00449352512711192 -0.215852468165994 0.143036797246249
-0.0031808532560852 0.00331644236448025 0.0502900205690849 0.0664657343718812
-0.00857637478198729 0.0151401039845712 0.106907707126603 -0.0649397034659189
-0.106294264377826 0.081036826063218 -0.0665173670958904 0.126672927094984
-0.244452481106032 0.0193209757819526 -0.187879782512054 -0.0383235770373543
-0.22112590394116 -0.218990267881893 0.0630425172086125 -0.186577613801829
0.0614120179180985 -0.297975597557583 0.107029278265375 0.241951781307275
0.231333575881664 -0.080650067259435 -0.380808248447357 0.273820984472614
0.103657498864082 0.121531644771627 -0.258737355064875 -0.210280358988944
-0.0842312391827589 0.0580723064616107 0.216631966524358 -0.149057106992625
-0.108364056233882 -0.0403653225932204 0.312841866091279 0.0426644683954071
-0.0345499581656828 -0.0181329905986756 0.19670390664585 0.0112341224459781
0.0415239455153787 -0.0372392178206088 0.138018157767746 -0.0117379988374728
0.0231939562405402 -0.0961546736820851 0.122147648559145 -0.226093234831784
-0.0430570512846941 -0.0421208992344322 -0.174403077601442 -0.220986940974193
-0.0113720945044161 0.0148297881752035 -0.18330178972271 0.146553646429223
0.0367444350877311 -0.0214138514457518 0.0574050175060087 0.0574701997736564
0.00722279873731191 -0.02321400005948 0.130395203866196 -0.114535036612128
-0.116534940091121 0.093120477075627 0.0279522727589303 -0.0114003817492293
-0.356975183023554 0.0451738882350308 -0.0664959190106333 -0.0677022295409356
-0.364628264359079 -0.340308332149818 0.025312710913218 -0.132822108357818
0.103698337290566 -0.497324652790185 0.030181491056172 0.1547992488519
0.365483409558574 -0.100509853701729 -0.243819826474418 0.143720194457952
0.123649614332763 0.21393600755944 -0.112135435813296 -0.152118267960187
-0.166505320271996 0.103304603073094 0.171721320279452 -0.119467056714374
-0.236642042425508 -0.0527755116493435 0.25004662930437 -0.0205262019200111
-0.171070232881125 -0.0239097602228374 0.228775462923595 -0.0981997878404312
-0.0468960175498886 0.00824952479519015 0.122064043137576 -0.195931818332952
0.0125287997436433 -0.0291329297720328 -0.0340213797544367 -0.265182485311266
0.0014873862566427 0.00641487094806907 -0.191354757254028 -0.0644892899619626
0.0564166329220625 0.0192642874886683 -0.0895875553383696 0.171593548231507
0.083779079144138 -0.0624504304045211 0.0513002308116033 0.0485573883904415
0.0669511743515591 -0.0899939140150808 0.133683688702904 -0.138456353707678
0.00392519992033303 -0.0103214317385715 0.0861562414340009 -0.135214183924017
-0.164037219509733 0.00950484743470203 0.0304668673037025 -0.125403053470288
-0.188128017333478 -0.223314214406732 -0.0027907721147692 -0.0972795410478616
0.142422151313956 -0.299745231910471 -0.005926885763127 0.0208860796362621
0.271320752833204 0.0503535165115276 -0.047121070833812 0.022552978350786
0.00927476934846583 0.254436057469856 0.0192193810818267 -0.0664513650279524
-0.21829475306394 0.128819706060928 0.0977278345179695 -0.0703737869538332
-0.293971550567365 0.0207763461766701 0.1146673938063 -0.0852173907210858
-0.293914156924888 0.0832717708873337 0.105025009089072 -0.19245312556296
-0.152665747926049 0.209972168712759 -0.035516090147515 -0.25890103359872
0.067653482454235 0.206474095417149 -0.187928106929948 -0.144466465797879
0.170021939763137 0.096185612159869 -0.157085955129694 0.108410111383619
0.183576595870103 -0.0199229078319214 -0.0378499807502354 0.169610593577823
0.128052293573938 -0.114900887232797 0.000875139854343094 0.0544610793253232
0.130327512968317 -0.138353730932578 0.0940446458738198 -0.107202815892585
0.161064017761783 -0.102564036869741 0.052021349864363 -0.168387582614074
0.157817689160441 -0.00732178619362565 0.031517121126925 -0.174378790624197
0.138957568665724 0.078421597828794 0.0542326400744323 -0.0960581895304017
0.080077820759266 0.154525900051995 0.092567706104403 0.00807774606057396
-0.0360720366487147 0.211520981999738 0.077162118705702 0.0690962890898032
-0.172578818574104 0.201590789888709 0.0327081152375722 0.0338449997794815
-0.235723168686624 0.136711497913153 0.00193094376842561 -0.0130412421610618
-0.207331178701612 0.158460708636955 -0.033807588257459 -0.0690086819515845
-0.129052041065423 0.208294631813761 -0.0751758213952426 -0.111111531614879
-0.00023249381625024 0.214137309215092 -0.119467924306729 -0.0588354515341397
0.134375593050645 0.174761372753053 -0.142968717838768 0.0421540451547291
0.198689323493033 0.0571331961055376 -0.106981209657903 0.151899684107736
0.204204773518605 -0.073957179263779 -0.0840518772535576 0.141735305199963
0.131093697407285 -0.146039047003119 -0.0804614584247371 0.0854082904726427
0.140670726033224 -0.131939431661256 0.0336093917131156 -0.0543708193797423
0.19195550951965 -0.0663814498072166 -0.00596887620679575 -0.164921116991179
0.209691498202888 0.0451173930891631 0.0550414602056932 -0.172214621799328
0.153449109144793 0.211758106993981 0.173676449993836 -0.000880903545710469
-0.0706738725425063 0.275321349268272 0.135193839581926 0.18328927751432
-0.267002679543198 0.160855027582263 -0.00234688129696619 0.198486125006281
-0.289315961924439 0.0752629053924271 -0.0782986729075787 0.0843693956715454
-0.228358601291582 0.12778359212794 -0.0930809803672145 0.0431295041159036
-0.0274131207919082 0.252843829081126 -0.0693638118630973 0.051603663924531
0.239478740844194 0.129348976390494 -0.00447297134995054 0.023027608053118
0.212840798677439 -0.192181613849316 -0.0056754878795191 0.0300404193833292
-0.0595623493572284 -0.212255203803411 -0.0482004935825163 0.0893805091483982
-0.107448860376427 -0.0301077624303872 -0.0617324396154054 0.11209969897957
0.0514915652966094 -0.040790205517018 -0.112928771045302 0.094649783768088
0.072138069553381 -0.125934262463939 -0.132459435157496 0.113100803343819
0.106810250061356 -0.0857897635465962 -0.0171365706263779 -0.0269783854982606
0.0938493001755359 0.0135234621769623 0.0251933319643937 -0.171210832250239
0.0327192539980838 0.0282945962890585 0.163909341033703 -0.0491171710592221
0.0249700490862823 0.0386543569186976 0.138334426571465 0.182249121041119
-0.0555400366045908 0.0569899682633226 -0.0136224599666358 0.23702877992566
-0.217901684758525 0.00991500286465869 -0.148972942777022 0.171872700015648
-0.268123820478466 -0.0272612118026275 -0.21415154096132 0.0496974136446046
-0.188940235815722 0.105502435222767 -0.172605156218635 0.0924157881015085
0.120849420219862 0.232739875528655 0.0462695749052464 0.193751507366423
0.407764220190395 -0.0624979913523201 0.265275835464144 -0.0216808242599764
0.189939193077432 -0.473067616363064 0.0431882225283094 -0.134703022151742
-0.277166974142646 -0.399904552614666 -0.0812093154397835 0.0967895408003995
-0.361748222010381 -0.0183699690648737 0.0451538840289316 0.0983041921319363
-0.0993039443395118 0.0551242138197395 -0.0334440971484509 -0.0021931188043691
0.00197878494190562 -0.0661345554973401 -0.128332655778512 0.097945150836093
0.0591078130736348 -0.0377049433158456 -0.0378281247439122 -0.0294944452974508
0.0104058054874962 0.0328942103248938 0.12864514124218 -0.157531626488874
-0.0454675008871556 -0.0302902240557767 0.211741386483488 0.13575395257161
0.0238918078181432 -0.0690100046754832 -0.0404455227136334 0.244791840268153
0.0349093213861644 -0.0383186332666194 -0.120690174339544 0.076482300043321
-0.0786652666487738 -0.0359814397576614 -0.174841902200998 0.0399437151505445
-0.155596307088076 -0.0486476489702479 -0.28991890534932 -0.0219955530864736
-0.10846283502275 0.0657747529215685 -0.231531862254041 0.126223185926137
0.135444328816892 0.125493984167183 0.212612643880839 0.269185480376213
0.27609028992874 -0.131607841774144 0.454216783516664 -0.186846595993009
0.0556639888814263 -0.343805811678966 -0.0408549624433377 -0.283170035544639
-0.235979631289342 -0.240156936459931 -0.136733087189774 0.148175533410658
-0.283909514967784 0.0224799748371574 0.169897768234218 0.0970705833203345
-0.102139299275253 0.0813156980150375 0.0758078488035973 -0.124992588199184
-0.0221615419789971 -0.0177766439687567 -0.105303936422277 0.0545063520701571
0.00946933936468142 0.0187746364299047 0.0969269969565372 -0.0481547271220416
0.00343838067812134 -0.0105851085066758 -0.110691325022683 0.180308717140326
0.0288879674800307 -0.00952208682265983 -0.243988532877221 -0.0441253087171598
0.0181534800759147 0.021379705383119 0.089867390762003 -0.205758195120757
-0.00151873660759033 0.0484764483689845 0.128857015728178 0.274807554550974
-0.0160503912454605 0.029411437647776 -0.438544908764434 0.318410995633268
-0.00939799819224068 0.00505302073988264 -0.325444039579108 -0.247071124488352
0.015046603392085 0.00348469127066582 0.238152435773335 -0.165923265239157
0.0297824224496201 0.0160261727057543 0.339834439793345 0.055725768781167
0.0188619770084031 0.015264174226402 0.164153087113469 0.0324081995820656
0.00740320749992294 0.0146374131354077 0.119165905489013 0.0445260606147612
0.000523735708632898 -0.00707365497043669 0.151347802135626 -0.207164140763919
-0.0019949774255006 2.36370804133461E-05 -0.189105717430839 -0.26085924204097
-0.00427563421034864 -0.0032834918751866 -0.21928337222171 0.155504225731527
-0.00218087751702543 0.00323330030966157 0.0528167705226193 0.0707034800276213
-0.00619545493022803 0.0151375962826819 0.107656100339616 -0.0752492668374457
-0.10620340027301 0.0883221499509473 -0.0630791759547334 0.129773891282975
-0.249939490078204 0.0252959572046764 -0.193147657770354 -0.0359363733555941
-0.232377405407245 -0.218724093051759 0.0609700257625473 -0.191839511083383
0.0561801640002679 -0.307127054575947 0.116105151011531 0.248438317597587
0.238197401010396 -0.0875971117581149 -0.381343940772584 0.291843715972667
0.110009585162306 0.121494708862483 -0.271932363691811 -0.212234706839409
-0.0859947826471575 0.0611625995142082 0.221263435698282 -0.159349688352682
-0.112139108957864 -0.0391672569115279 0.323885070045314 0.0407645406934305
-0.0350531578034427 -0.0186265176841453 0.20109408038579 0.00990565972814858
0.0428402556991158 -0.038767587546091 0.13853400995781 -0.012595158953071
0.0187962051101357 -0.100897060674677 0.118860664678166 -0.232706788610284
-0.0469522139096791 -0.0433287436468804 -0.186332893268982 -0.222248820209966
-0.012324769641138 0.0161095930382899 -0.187013683674256 0.157375127325038
0.0370537003552134 -0.0236934300114988 0.0594870113929143 0.0622175682769926
0.00873410646127202 -0.0263928455567055 0.130643780949056 -0.124964199303635
-0.117969870349621 0.0974592592059156 0.0296555054232077 -0.0130787736291752
-0.36400173854111 0.0552006025710727 -0.0688229987878478 -0.0691282979100989
-0.382948055595427 -0.340226751874177 0.022429544892778 -0.13991112106655
0.0947942593051258 -0.514545185735785 0.0381570584162538 0.158016742440184
0.375526095401643 -0.109602071179151 -0.244024192332935 0.155694050995316
0.133479282044667 0.218469814878793 -0.119044668833735 -0.155741297909008
-0.17128762926268 0.10905565433306 0.174474078229299 -0.126041620775411
-0.244999361649638 -0.0491411792006425 0.257429794274195 -0.0256016110520824
-0.177384567180378 -0.020432643166799 0.232180008795235 -0.105593315697769
-0.0467758712185755 0.00809765039398317 0.118946833066853 -0.200108061796991
0.0111500111210905 -0.0325241410053614 -0.0421820035236004 -0.271006745679842
-0.00146382390459834 0.00624387836740989 -0.201295130341723 -0.0600686125907498
0.0578029220555253 0.0199954473191013 -0.0891642261330351 0.18090260896969
0.0845504734278139 -0.0672881876877539 0.0535447412058207 0.0508993309861072
0.0675221652124121 -0.0962172465239398 0.130721202321227 -0.149122696590733
0.00412087156243272 -0.0139449096046454 0.0842359224090883 -0.142603715320627
-0.166281058924198 0.0150123979107763 0.0291033219261188 -0.129548784710144
-0.196946797858545 -0.22509574866883 -0.00332981662226355 -0.0979966537350786
0.138807986221148 -0.309989708503391 -0.00369427735373246 0.0211940949142639
0.282453255943536 0.0457427853748596 -0.0459966819173112 0.0226632274682576
0.0152599307111606 0.262764546742797 0.0205071194985329 -0.0695908086729653
-0.22409031137483 0.138613654492295 0.0974360897909526 -0.0756192139552904
-0.302638112904369 0.0277685236265301 0.115499612655022 -0.0897788984917675
-0.300050019814821 0.0928001284743904 0.102330086625674 -0.199514244460007
-0.153656143912407 0.219080308332839 -0.0428747560901989 -0.264543347657582
0.0729647157687094 0.209701177435735 -0.198937922765395 -0.143560178165709
0.176858624455093 0.0948657044336255 -0.160372082134165 0.116649397351161
0.18621469740773 -0.0247397635795146 -0.0357424882044014 0.177154727258119
0.127820006446239 -0.122242238625245 0.00408698281914648 0.0600369576271737
0.131134126963815 -0.146757100977118 0.0932640807255229 -0.116126013743716
0.164258454752584 -0.110932032067511 0.0503829493901883 -0.175329972692989
0.163862659216143 -0.0145230426167207 0.029181008524688 -0.179287960106563
0.146964441692819 0.0795427385939647 0.053908434790026 -0.0997497412791454
0.086876896932828 0.157775512663558 0.0944237716380539 0.00729535080779218
-0.0306855267357687 0.220091301538067 0.083591000086547 0.0672806168428869
-0.173921349927887 0.212077685331863 0.0357178616016478 0.0329915493356797
-0.241047229826203 0.146101683999441 0.000859543879197434 -0.0136974096205348
-0.212642324045864 0.167699386315619 -0.0380381810945671 -0.069231651509805
-0.128794632581787 0.219842423434338 -0.0826207993448588 -0.112420120185615
0.00487593233123214 0.222938264777389 -0.127356380924566 -0.0571596520379057
0.143717913609496 0.179425201922331 -0.14675260068496 0.0464362323599131
0.206869221759334 0.0552178199525786 -0.109129855692146 0.157897014044138
0.205254285737276 -0.0814802557287742 -0.0840576605820603 0.149535949627493
0.131673848969676 -0.154905404175631 -0.0798323598165059 0.0929383809151002
0.139959320882795 -0.139034651641171 0.0328548841740599 -0.0601936072201169
0.19818690644246 -0.0732118198642932 -0.00855943983061848 -0.170624577094535
0.216897893304496 0.0425294073031177 0.0553031279341635 -0.178630745102315
0.162037147862141 0.213244412451654 0.181427851700026 -0.00694612807625807
-0.0691084293533025 0.283993426460226 0.143894209423086 0.185166399351635
-0.272009149525822 0.172753186930249 0.00539479851304761 0.202892398304944
-0.299084372031104 0.085409394251831 -0.0770786325717593 0.0862721041641799
-0.234765992084918 0.140356534710491 -0.09480302350415 0.0462382550588273
-0.0223487261361517 0.261594382683491 -0.0718523647800895 0.055074420561362
0.249740975631089 0.129486216921195 -0.00654831531284174 0.0258711258608466
0.215114239938935 -0.201056471149974 -0.00676856373427551 0.0293568094483751
-0.065431588430004 -0.21680509303726 -0.0487573645926791 0.0942450032560212
-0.108137223242044 -0.0280575960318099 -0.0622257446172988 0.116339912077924
0.0517234429230882 -0.0445147745133662 -0.115390476294107 0.102045736616776
0.0696343802311997 -0.131922659689026 -0.13217118656246 0.121770272733813
0.105857884795718 -0.088423052703827 -0.0188854701136938 -0.0307120776206997
0.0969311550798583 0.0119797604515863 0.0218671739693056 -0.179910969137711
0.034174271717644 0.0273412513848887 0.169894902631066 -0.0564055349029677
0.0257645415479185 0.0380003950671387 0.148747754085521 0.18299649496495
-0.0574693970067913 0.0587992335335881 -0.00690123913484911 0.242708316610312
-0.225112765700111 0.0142786496516848 -0.147354474445674 0.17886317980103
-0.277441466154107 -0.0232580102381944 -0.217396482881101 0.0541017324190863
-0.192555167586458 0.114618050449877 -0.176795910254837 0.0977742520907978
0.130577376618545 0.236702596312909 0.0523428269147463 0.199314948621311
0.419551906598119 -0.0728810590039389 0.269893823323618 -0.0258592052791017
0.182937067787533 -0.49467606587018 0.0384267206481247 -0.140980612891063
-0.296413909048406 -0.403364461474966 -0.0818503836083556 0.103963051834729
-0.372761090908295 -0.00883812484516246 0.047665389924241 0.101677720752941
-0.0997178037303671 0.0577748397134513 -0.037072563924794 0.00169513668603213
0.000357775670558571 -0.0662944640559441 -0.12917139355289 0.108926605985895
0.0597812211380203 -0.039333876503292 -0.0390978302532892 -0.0353657698061519
0.0113933169731393 0.0346578691606619 0.130638316500688 -0.16794004288339
-0.0491087463102772 -0.030095428541883 0.22380538916437 0.131869934107994
0.0224681995537709 -0.0734185935933985 -0.0356766211599377 0.250249400183005
0.0332905833444736 -0.0409233209164581 -0.121300595195079 0.0776389251884673
-0.0823562686215138 -0.0331794490941958 -0.179290992405826 0.0414632806030456
-0.161829805216011 -0.0475115622701627 -0.299232637120838 -0.018593083943987
-0.11178025758625 0.070443843801268 -0.23503020148741 0.134258400694264
0.144393485100696 0.125613467778831 0.225112219971759 0.273946922078598
0.280662087544855 -0.14223073199491 0.461373585243874 -0.204456071078833
0.0488106512862444 -0.356004193991105 -0.0527937273167345 -0.290689723187481
-0.248705659111386 -0.24091425634579 -0.138768111790491 0.157018707723281
-0.289101733991284 0.0316087552770481 0.177312050028199 0.0961619444814955
-0.102370075548565 0.0855809131314606 0.0730101013912332 -0.129674235371302
-0.0231577999437436 -0.0178809263091978 -0.106385922117912 0.0635047116777321
0.0107961625990932 0.0175339467823599 0.0940101521993721 -0.0579403634259299
0.00293734643096313 -0.0121580034599509 -0.103194610435387 0.18499760082916
0.0294541468376975 -0.0137595092046582 -0.251780891297865 -0.0362685901579995
0.0204450310165032 0.0204421857166516 0.0850527739542448 -0.214635798513867
-0.0011668653086581 0.0489394203380599 0.144475151248827 0.275251950643362
-0.0160397296797941 0.0302029616423116 -0.436476398380986 0.343153634350745
-0.0101200500160984 0.00628352244166772 -0.341487109778015 -0.243546191271011
0.0153963861705413 0.00188722934984187 0.237444055876626 -0.177892451661742
0.0323640403477431 0.0132434556367141 0.350006467399918 0.0453983215376236
0.0220416974678015 0.0140047892044205 0.169122752367655 0.0309644447996432
0.0104116060100626 0.0135588194421688 0.122129382481848 0.0458766075448552
-0.00206202297378194 -0.00690718054932144 0.145621399485147 -0.215877793937032
-0.00178551441340702 -0.000186968078977676 -0.207084612505268 -0.258307661409151
-0.00504630767747428 -0.00389456087698556 -0.218617225033466 0.170231056382246
-0.00125712611335339 0.0040508177188483 0.0570008334671665 0.0758364249775351
-0.00493723328804202 0.0144771078770393 0.105167194514243 -0.0850237485631143
-0.103780234577001 0.0932076401040237 -0.0588611223997025 0.133197761265568
-0.253937158869633 0.0373634189091727 -0.199590160075017 -0.0319405716740346
-0.245797244429652 -0.213658266535059 0.0551816693093741 -0.200845224707682
0.0482485241630145 -0.317799913012408 0.131654452699503 0.248169914260858
0.241215196383965 -0.0997154632718133 -0.379183134410724 0.31593975549887
0.116647540858193 0.122179436250848 -0.285062022694471 -0.211115362069862
-0.086508038410881 0.0655130633118294 0.220329772632824 -0.171984749321673
-0.113219877565692 -0.0365819094833779 0.330916861016587 0.0309944061184445
-0.0354130245397683 -0.0179584300376359 0.205938384039912 0.00328433648974279
0.0451206931101838 -0.044037394847803 0.141227333542702 -0.0151288590741961
0.0149738924443594 -0.107217104801529 0.110806987454741 -0.238117119572755
-0.052567619951899 -0.045482252366808 -0.200591218639809 -0.21869375729108
-0.012689065516856 0.0183615220345418 -0.186029063409535 0.173336478815458
0.0387574838345431 -0.0239189309310899 0.0635187697575543 0.0666996595949512
0.00810176605109041 -0.0290834681315598 0.126929880022607 -0.138296900838302
-0.115060015660584 0.103853940152796 0.0288580739206225 -0.0163037788845873
-0.368453912841557 0.0715577876156154 -0.0730950578955811 -0.0697927270685929
-0.405034776331791 -0.334118181482201 0.0176841724799605 -0.144041609865877
0.0788400397843287 -0.528126207169216 0.0476243266663327 0.159766298412575
0.383327494810739 -0.126941563596252 -0.245311048258708 0.16799721856465
0.143845896960875 0.21946809526631 -0.128024838044497 -0.154670180141395
-0.17183571496606 0.116685031607861 0.171591911025051 -0.133809492520988
-0.254009942239657 -0.0427912611852447 0.261182409020614 -0.0345869439469341
-0.181815059932085 -0.0149396559787196 0.233064836737883 -0.115191948944888
-0.0488084332362592 0.00836442565846269 0.115831690192577 -0.20762257580654
0.00877390341081127 -0.0368026238077665 -0.0552623442404386 -0.271991829225563
-0.00205326608308194 0.00517904403324515 -0.208298473746809 -0.0521683491482815
0.05803141364187 0.0186149301553849 -0.0849067986494925 0.191251531764519
0.0835921896350147 -0.0705002741696648 0.0579214329511431 0.0546304390025387
0.0653346014370839 -0.104859072188921 0.124869835275989 -0.157948093534983
0.00377515102872188 -0.0146708860433395 0.0828944026219108 -0.150150224281327
-0.168242235479352 0.0225339422048815 0.0243943760362842 -0.134477491579738
-0.210201018723963 -0.222775408592334 -0.00730078322059194 -0.0980588149562769
0.130359503294836 -0.32154894481916 -0.00273896679069673 0.0216711098089886
0.293161196570401 0.0383100170488163 -0.0452766063968609 0.0224873010340163
0.0270077699101224 0.270620924775848 0.0191725280853764 -0.0717245758855224
-0.227584153658826 0.149044541548868 0.0973504574761738 -0.081461359776714
-0.30849124679684 0.0406059972020509 0.116002646076513 -0.0944601928144024
-0.307530181453226 0.103725568222302 0.0978440059183373 -0.205668550596468
-0.150936113449354 0.229136083096885 -0.0545111241314862 -0.265695192610742
0.0827617658629053 0.21082844075354 -0.211274627150801 -0.136050326107631
0.18321217614794 0.0898537205089204 -0.160530982165374 0.125953937149116
0.189917751950414 -0.0328016914155327 -0.0294409786970134 0.185142935547571
0.126477313867506 -0.128981094991712 0.00771966299166033 0.0625428633794168
0.128561908101353 -0.156462249727175 0.0889258647596396 -0.125819108119109
0.16434462199835 -0.121615064120944 0.0456993181152319 -0.181251870831243
0.166386232265976 -0.0205442902914697 0.0234732907419654 -0.184494019400408
0.153682511456055 0.0742999486164129 0.0540436011932819 -0.103699918579991
0.0951271098182238 0.158402889629736 0.0978347556688332 0.00351016531933189
-0.0242452499386489 0.231042816487769 0.0882182566091699 0.0648740890454939
-0.171441975793724 0.222275091069722 0.0379986033748925 0.0307442108224784
-0.243979752686107 0.16012792543175 0.000709112139340046 -0.0142637466517475
-0.211787093769445 0.180219130196264 -0.0414675713229064 -0.0705567364684624
-0.12439122321472 0.229500730666158 -0.0886560858506907 -0.110322532448509
0.0150599364136091 0.229140882225107 -0.130900315513341 -0.0526200606905132
0.156515581691137 0.178712329157787 -0.150698309838518 0.0545921898705399
0.215617010054357 0.0480151192106194 -0.106756568020246 0.165457580462927
0.20649691436514 -0.0916487004119252 -0.0806942960685976 0.156467003532821
0.12648195119832 -0.164550249494852 -0.0735187960786526 0.102052748439297
0.137524805396731 -0.149532169029418 0.0260981615297458 -0.0656754415310086
0.20027443904224 -0.0829861731175669 -0.0157123928029547 -0.176466975574131
0.225003813222643 0.0337838272492894 0.0498577612215401 -0.185710862096623
0.172610709542627 0.210651611249249 0.186013443029095 -0.0141074765237072
-0.0596471441488079 0.294740561188108 0.152746571228647 0.18527931179247
-0.273553178469644 0.187936894956392 0.0123244216245372 0.204628566929131
-0.303032583761908 0.0988053759038467 -0.0767318260111169 0.0894141122793034
-0.235865349287439 0.152219264237975 -0.0972365942580538 0.0500257391848543
-0.0110297522236815 0.271679339911363 -0.0714669235420385 0.0603459063670148
0.261474836450676 0.124962067986505 -0.0066063532415578 0.02733795611041
0.212348073598733 -0.214186366155736 -0.00822367244299557 0.0313077206163285
-0.0750417824649108 -0.217900979250148 -0.0489560923610664 0.0983962013708977
-0.109846962161571 -0.0229952581245579 -0.0603192532620873 0.120441402121223
0.0539180447726305 -0.0490814136295561 -0.114610890584896 0.11233811312061
0.0666797757983638 -0.138980962327912 -0.126777014806905 0.134352861368837
0.10456590187099 -0.0931637084878923 -0.0212229697405266 -0.034943964104919
0.0995903461758524 0.0112059693973112 0.0145351815174924 -0.187204518250021
0.0356432628077485 0.025376481897154 0.173694875232564 -0.0640005491060853
0.0266789675475472 0.0360045320209895 0.161662743207814 0.180639606716704
-0.0579051786285589 0.0616287960466132 0.00188754291333715 0.245579704355681
-0.231697389583045 0.0234204217544345 -0.143806221949569 0.185279899157399
-0.285162449158904 -0.0125324011487211 -0.221573218761701 0.0614111622731447
-0.192723643734656 0.126782547829933 -0.178290628889631 0.106724308050592
0.142621055273766 0.236335721519025 0.061540569165983 0.201808674039078
0.425601538622591 -0.0893399192235388 0.273780410058568 -0.0372155950818345
0.168499642958553 -0.512993563571481 0.0326170604228013 -0.145750776682928
-0.319728228840125 -0.400387952498231 -0.0828195228345742 0.11083610169184
-0.378602203488492 0.0048723342687422 0.0514389030305703 0.102625441373384
-0.100667962669715 0.0613786116924173 -0.038223311892419 0.00296615219664599
-0.00362595692354558 -0.0698776751216569 -0.126152973817347 0.120068448358019
0.059428446683579 -0.0423718339094346 -0.0421143099309995 -0.0365292766307707
0.0123686843115929 0.0349743335851804 0.125833269994468 -0.177605049645511
-0.0519150080733146 -0.0294810672455116 0.235487272812484 0.125840594699983
0.0203603511242183 -0.0773200401063742 -0.0249966141774197 0.256574000883234
0.0337159570048709 -0.0441054979752495 -0.120413683390968 0.0833950222565298
-0.0864337967735508 -0.0332917418283249 -0.181363905346659 0.046838475881924
-0.167346088018039 -0.0426913963628497 -0.307137355848907 -0.0112417361335131
-0.111215131880901 0.0775824876949492 -0.238313384833006 0.145752501574412
0.151778391663604 0.124197513631723 0.240701992907068 0.272001564611484
0.284184139707766 -0.156664956633448 0.461601359075559 -0.224228581049122
0.0327198214225546 -0.366790364830977 -0.0671366807165996 -0.294837509325014
-0.264434556410657 -0.236915726213492 -0.135066280336261 0.166952922327163
-0.293667211961848 0.0443105493553045 0.185804151512704 0.0926459177669238
-0.0984633381499735 0.0908629339790399 0.06594971651345 -0.13312892964226
-0.0252852708124339 -0.0159814938182201 -0.104034758325248 0.0723662661242134
0.0134549062498733 0.0163707368945398 0.091410313970461 -0.067763241483876
0.00132537237004507 -0.0114937642410995 -0.0951312588187438 0.189767569933467
0.0299159968995582 -0.0132890309286734 -0.256315682572131 -0.0272678758337938
0.0231098431788781 0.0213632685498589 0.0762429494142667 -0.223866606420655
0.00207029094984791 0.0488404671271918 0.161214930093651 0.271548046997144
-0.0146480810990495 0.0311161275765608 -0.422588889802026 0.366190576198382
-0.00991792452062425 0.00572829528861736 -0.356915064026487 -0.230753656842659
0.0175955366251216 0.0022755922737057 0.232180418607423 -0.189769658325197
0.0355825599403851 0.0112354983711938 0.354585905528073 0.032864205301529
0.0233118609991299 0.0118145400442359 0.17115722122995 0.0240199261969229
0.011776915217304 0.0114512434615358 0.123785018321754 0.0444595085297737
-0.00150514835932258 -0.00814306945422157 0.136612818613257 -0.222002516451508
-0.00200735849817844 -0.000670444241142354 -0.221772258855823 -0.248979022082169
-0.00639276921153622 -0.00286089415058699 -0.214053872843909 0.187393348291721
-0.00172840470106699 0.00245019746808334 0.0620684709025765 0.0776602435557715
-0.00476794182376166 0.0129829437606233 0.100013118836358 -0.0936474843134127
-0.100836925336609 0.0980891214662004 -0.05286002722336 0.1356431010525
-0.254081812571331 0.047548474300206 -0.204011519890593 -0.0246404767724055
-0.258439013976645 -0.203926514846121 0.0479987777502644 -0.205009277037098
0.0325975543000383 -0.321724241917304 0.147499156885601 0.243855904739864
0.240519721758508 -0.110484133196319 -0.368490107931874 0.336854654457708
0.125135680618373 0.1191718198224 -0.297750189130263 -0.198406573742205
-0.0824657370955556 0.0698761287022293 0.212367625859977 -0.180807202126092
-0.117789294552914 -0.0326311049591515 0.334610080346066 0.0191884877413396
-0.0363980882761934 -0.0171266161064915 0.206216499935074 -0.00508174648444995
0.0427561139626518 -0.0472951552280494 0.13924900528102 -0.0159962461639162
0.00789356363763043 -0.110542519573249 0.100999084673366 -0.243897292884607
-0.0566454429078391 -0.0429900013541039 -0.214565897150538 -0.209764374863753
-0.0150942405743977 0.0181341994098635 -0.18082466125115 0.186883782341689
0.0368642328238848 -0.0255621938615134 0.0675859184146196 0.0669070168660632
0.00832903602551971 -0.0310675794813738 0.118355315686147 -0.147474531696885
-0.1122688787611 0.108605411309114 0.0288811522502412 -0.0191793806433572
-0.369137581730553 0.0894874938866552 -0.0768664481994125 -0.0691149292000299
-0.424766889982896 -0.315856275803711 0.0126138384812915 -0.145829004607832
0.05510301329986 -0.53773289848991 0.0578419490168158 0.158836657372555
0.383522239834604 -0.14590885901006 -0.238136726760623 0.181147417185913
0.15730869955227 0.215515892401302 -0.136040715401203 -0.15122866078206
-0.169384594655726 0.125699838153888 0.166030103222859 -0.144477793895384
-0.260115609226159 -0.0328711861422046 0.263004390587849 -0.0443159684495124
-0.185037548185413 -0.00734093247656835 0.229002335358771 -0.123897366595986
-0.0496688928085974 0.00873586877562234 0.104628488958439 -0.212260476805053
0.0045162762932118 -0.0400393192998295 -0.070268193197898 -0.269908921466739
-0.00401274384742033 0.00290801972244963 -0.215473996395264 -0.0404371673873748
0.0602641404596863 0.0163890394940696 -0.0763242108201421 0.201771370114589
0.0807403028286634 -0.0744982758319044 0.0612891799057225 0.0550804382506172
0.0621884598866497 -0.109420418222455 0.117357494992304 -0.170628636270581
0.00270939063000883 -0.0181337898402403 0.0743084328779759 -0.156504998920989
-0.167415227156412 0.0284234746992531 0.0212127384886759 -0.136818424628996
-0.221894653370352 -0.213059030145098 -0.00890554529275623 -0.099646813673243
0.119287512241148 -0.329831669650832 -0.000667246728899977 0.0225323751840987
0.298557995789691 0.0255721003402761 -0.0436126135523645 0.0248489336890868
0.0388272485972989 0.271527980536136 0.0160859843666081 -0.0753078417596916
-0.222991275034592 0.159502345573312 0.0946416486064536 -0.0867438840301172
-0.312256165364071 0.0534799697593824 0.111970658946383 -0.0993470283993187
-0.305489363173463 0.11984075614109 0.0875715294469914 -0.211957426921345
-0.142218817136759 0.237126795223236 -0.0679877452627257 -0.267154595926101
0.0916043753396436 0.207992944818905 -0.221323906463458 -0.125951637246861
0.188680090616787 0.0813177796869541 -0.158950823406603 0.136660611398445
0.18765791550925 -0.0414592595675027 -0.0218381709887004 0.190942045789559
0.119887143594216 -0.136353254486175 0.0127224120661943 0.0667915965169809
0.120459102965049 -0.165984052760323 0.0810604021406314 -0.133428820166542
0.158086081229903 -0.132903945314863 0.0370205911014316 -0.187555390732005
0.168947384050218 -0.0299245227968096 0.0162249479377341 -0.186936507206784
0.158665947151363 0.0698113214496867 0.0516998064825198 -0.105477595584022
0.102286833113416 0.158066275507376 0.0982247097319721 0.000238035755991898
-0.0144078151532298 0.234539697398698 0.094064380778248 0.0588133386103487
-0.161984076376127 0.235811930180523 0.0406194918928225 0.0284130402125428
-0.240867581375135 0.171499402897224 0.000226524787563989 -0.0163801125494183
-0.206486801243809 0.190744600762755 -0.0458669468753645 -0.0679222293910123
-0.115605030354197 0.238665255586145 -0.0977027227093339 -0.10596506567383
0.0250773532403011 0.232993592070489 -0.137004254690344 -0.0478499028342769
0.165709437663915 0.172406744919887 -0.150550474418465 0.0625428720977667
0.219520390144546 0.0380537138673546 -0.101074548116929 0.171789882543
0.205827002601409 -0.104933013651898 -0.0736509041227868 0.163979087967286
0.119222233423351 -0.172273087539488 -0.0680918804194056 0.109433491410313
0.133218816046644 -0.155273392913279 0.0227483995294735 -0.0701308461138302
0.198548751881806 -0.0918872125536127 -0.0258057890962322 -0.176632706837438
0.227788319892374 0.024671046125169 0.0426983409590021 -0.190300374424034
0.1852211585304 0.206187600362061 0.188665582288984 -0.0242204212864991
-0.0504440073846671 0.297620451513038 0.163650381506872 0.178486908615157
-0.268549783377006 0.203705314553923 0.024378097357856 0.204247157770138
-0.303092543251818 0.113894681239842 -0.0741608598461808 0.0927080564397439
-0.232483268324075 0.164958614189182 -0.0951718080005297 0.0544105098096262
0.000343669907699447 0.273684630807286 -0.0700722409411881 0.0634293515804092
0.271543586332191 0.11637086518036 -0.00794652182357813 0.0293875403221544
0.205405145524681 -0.22400613358213 -0.00776909770702841 0.0316834192234192
-0.084801001981342 -0.215806895569259 -0.0471590027529159 0.102709595010072
-0.110899447071016 -0.0179912710759482 -0.0573878751196398 0.125768667736199
0.0515429467276426 -0.054565809183552 -0.110922686470305 0.118556480295534
0.0603692641817967 -0.144142952947365 -0.120044837057817 0.145658248761102
0.101673219081115 -0.0989260662005248 -0.0250308868739189 -0.0373721028252332
0.100911480432042 0.00696879577068588 0.0055624945629657 -0.192253529758092
0.0345103288531229 0.0242592913866516 0.171725137117359 -0.0747257452316595
0.0266539454176569 0.0341121951807538 0.170712468271885 0.172172711339629
-0.0570286577231878 0.0630202942614767 0.0139463308115542 0.247113430867641
-0.232039524518916 0.034496236567844 -0.136493064857847 0.190633373411655
-0.289106689925072 -0.000240075928787012 -0.220602058984615 0.0694346141488528
-0.18753413010167 0.136889741431697 -0.177068989785911 0.1150887354169
0.156484069759978 0.23481482327327 0.0712319048616288 0.201940826091694
0.428488563022005 -0.111289432552183 0.274250794097804 -0.0490660523298414
0.145885046230577 -0.523943828663245 0.0233892748356707 -0.149071846664654
-0.341086643869577 -0.387481926958715 -0.0786652406473415 0.116299430085754
-0.380713044430551 0.0255006636212942 0.05644748222276 0.101216963106293
-0.0956620765890574 0.0659835787106904 -0.0400602724786452 0.00814890474795223
-0.00673151838143655 -0.0693548347902172 -0.119756631107573 0.132796288300655
0.0580482596436785 -0.0439384735305562 -0.0445732563141976 -0.040543869544007
0.0149102264708654 0.0354429894068008 0.119523489817425 -0.191360428285106
-0.0556677333315667 -0.0251723737664732 0.244884658623816 0.113700063395889
0.0163015888561527 -0.0801256335426374 -0.0116468850962885 0.257961878283974
0.0298379569430411 -0.0472337732165613 -0.117276718998551 0.0840480348902902
-0.0877411206435062 -0.0285129429305158 -0.180215762701679 0.0531168192093629
-0.1712918426586 -0.0349160884548977 -0.311366808852335 0.0010449442757212
-0.108190402380208 0.0836982000990297 -0.234725615678706 0.15751123492947
0.160376877334461 0.118940171086974 0.257940460912879 0.265432911357741
0.279471001175348 -0.172033302765169 0.454891331357925 -0.24682391179029
0.0152576215785575 -0.370880947948105 -0.0830351687102403 -0.294386231992737
-0.279417828913301 -0.224648068784089 -0.129341020860118 0.17552458021305
-0.29328731300101 0.059348212682799 0.19063781146869 0.0843574035783284
-0.0954805591172727 0.0973993122369503 0.0595635686994726 -0.136092592335656
-0.0255091476689466 -0.014171687944774 -0.100152735750724 0.0838237629509015
0.0146873163089226 0.0118230374324789 0.0778170102293511 -0.080802504827224
-0.000344516228612471 -0.00945196610177343 -0.0718601056443179 0.196353850789063
0.0258516171545024 -0.0193565664586246 -0.256195249341819 0.00307439786105027
0.0264098456246342 0.016942336264341 0.0503306437341444 -0.229584985278747
0.00974384424088266 0.0505811380520344 0.192183571252218 0.248162287192025
-0.0119944041820686 0.032894234965364 -0.375789239950694 0.407836148576381
-0.00884101341172852 0.00653124901393169 -0.380673055215525 -0.191495730558908
0.0171411502904071 0.000213321690212842 0.212351721909061 -0.215444241566903
0.0357274426434181 0.00453544576052231 0.357731859180109 -0.00418570464317537
0.0240086071854761 0.00872988921427315 0.172261289365708 0.00829396291341126
0.0142627748024701 0.00642636667519983 0.12865469662245 0.0357544868240284
-0.00573958540386142 -0.00906254703558511 0.111306491452561 -0.23324494987363
-0.000382974250528936 0.00171537531386106 -0.249057904319897 -0.222765659210714
-0.00506355868098251 -0.00206222806789213 -0.192385402618739 0.212049278231463
0.000950050821160437 0.00207529721158917 0.0704985091486478 0.0745674900113329
0.000326824181748966 0.00898773175082457 0.0834381873073473 -0.10594099839124
-0.0914815344414581 0.109621513612333 -0.0375989408605903 0.137447665788359
-0.249177698664826 0.0723230728056465 -0.204057135607128 -0.00427667088327413
-0.278892235531081 -0.176599261039734 0.0234252893664183 -0.208955914559307
-0.00159232711609191 -0.325953212706752 0.177531713422048 0.223883091832632
0.227558836599505 -0.138609342078668 -0.326204404754876 0.371760203855358
0.140034801279295 0.103823548600284 -0.31831972276065 -0.166393053645712
-0.0744283479879605 0.0794766897744009 0.192137324860736 -0.203638336086199
-0.12242755392366 -0.0208370462800008 0.33822195437986 -0.0142762800321027
-0.0377789981057256 -0.0140232908568987 0.204623705734138 -0.023749221882138
0.0368978330490631 -0.0550571909783104 0.136635381506558 -0.0287959947127973
-0.00765030716113123 -0.111991216049953 0.0727095026366453 -0.250792508869253
-0.0600583561227254 -0.036870321313014 -0.237670040300494 -0.183513171972499
-0.0125725093669827 0.0187728198750553 -0.159162740743572 0.208163490726044
0.0358459283099161 -0.03026462780233 0.0748156461513417 0.0625271686739392
0.00755818244544179 -0.0378187798661487 0.0961426091901932 -0.159973169028055
-0.0988598446649633 0.118035405654657 0.0261095740345921 -0.0240899088357267
-0.356335121952782 0.127829375747957 -0.0840226296431204 -0.0616277169945984
-0.4578879009745 -0.268793342533559 -0.00218472817687343 -0.144913035602204
-0.00793225126382821 -0.543240087837275 0.078822285860221 0.150794720539242
0.368061115974163 -0.188160613086267 -0.215920335132991 0.206276526690982
0.182408284170053 0.198985967989855 -0.150829618351774 -0.135717952734131
-0.154434425639302 0.144053743738412 0.150708020550511 -0.161474104927159
-0.264020859023621 -0.00286481508393233 0.257509241575274 -0.0712285216433495
-0.18598146350536 0.0119753759171631 0.215460745443667 -0.146655602220642
-0.0504356902823064 0.013554844278577 0.081956919984555 -0.219647595627232
-0.00301238131391078 -0.0405017592042396 -0.100139370032325 -0.260202259826847
-0.00405128069327384 0.00272084825155602 -0.2188533301776 -0.015344079819952
0.0607084136468946 0.00900522132949544 -0.0550578433214099 0.211858625409938
0.0727270225703616 -0.0842030113563434 0.067644173424236 0.0504472382420334
0.0518525614112978 -0.120976852015819 0.0937453137479016 -0.180883986716673
0.000255770259554458 -0.022668470771354 0.0557919426068469 -0.161610258492375
-0.162570258833369 0.0442966197240826 0.00487539496343911 -0.138966292421991
-0.24310917147544 -0.189583461640617 -0.0189848565801945 -0.0976119471322542
0.0803327358121011 -0.345133523040134 0.00407062517669096 0.0234939147319356
0.302497044204884 -0.0071399022735311 -0.0400484259538777 0.0281300870869229
0.0699466070775275 0.266907524618822 0.00799254057300305 -0.077909000929889
-0.205959702074328 0.184660384984007 0.0846743027239775 -0.0970324023787533
-0.306363828272769 0.0888499223008984 0.101659035484559 -0.109676697592095
-0.293150481957678 0.152947146028095 0.063874619107482 -0.21820583796678
-0.117504474145299 0.254569071902238 -0.0975677011713876 -0.256916825952718
0.112758911533314 0.197357210091021 -0.237336410527377 -0.101148640497351
0.197685107833552 0.059572789350281 -0.143888361031421 0.155255267969513
0.182818624591313 -0.0642018164485446 -0.00093554754957217 0.194110921886992
0.107094144154034 -0.148471977810587 0.0214594502582897 0.0655416806019004
0.102929993829881 -0.180425841924386 0.0631181759665564 -0.139933788398597
0.143177547392115 -0.152881703406467 0.0159881088038346 -0.188962700260261
0.164821247655982 -0.0490824141669521 -0.00255362055315531 -0.188056365208536
0.169311382532052 0.0538809410478788 0.0423356096112441 -0.110018420713685
0.119616268440336 0.147327943890381 0.0984979113210094 -0.00956823030563547
0.0115220552995769 0.236372891499659 0.0998593163812102 0.0444676552361579
-0.137561588431995 0.252368249014132 0.0442461766841591 0.0222877517211886
-0.222155919556175 0.201675128451103 -0.00178935969751359 -0.0169457392832814
-0.186051142547446 0.212562671245313 -0.052937655833282 -0.062257463165718
-0.0889998223860004 0.251684339079011 -0.107774743692191 -0.093697988235999
0.0500060390933254 0.231112925460409 -0.142209742532503 -0.0314830445486833
0.185689668549947 0.155758155414826 -0.145974482114003 0.0794419229828726
0.226580276029779 0.0122185851822378 -0.086346649362832 0.182293592134998
0.192579120537937 -0.129194562617695 -0.0559610562948266 0.172529834479766
0.100594791383457 -0.184391266354155 -0.054404928191605 0.115072948683239
0.116031162326671 -0.170461744558147 0.0136778671878027 -0.0726383343119458
0.185974054766357 -0.114005608628531 -0.0457776262676082 -0.173197924108454
0.228152414884888 -0.00370021650012857 0.0200328882810381 -0.192481891764506
0.209451114093492 0.186005677047315 0.184565525496581 -0.045410471094957
-0.0161544050992582 0.302197960942939 0.18143580088868 0.155962813500736
-0.24657322665173 0.233642959393528 0.047120255772966 0.196180946037969
-0.290770921021568 0.148129257553667 -0.0624921874277976 0.098668734413355
-0.212966351828654 0.194689808451077 -0.0902508433147297 0.0634547831792289
0.0318146135865619 0.272333374502374 -0.0615922711557226 0.0711979746655875
0.283719911339802 0.0862125101918367 -0.0051962974671404 0.0302835642510558
0.180409734323621 -0.246117756883029 -0.00642162602100691 0.0319781470082795
-0.105676986537933 -0.207856017361474 -0.0382188699672065 0.108563115892829
-0.110830926124177 -0.00659341573777278 -0.0460731733990082 0.131751687910542
0.0460137787887802 -0.0620070369376883 -0.0985288302401506 0.132192368753599
0.0428381616948141 -0.150510056946894 -0.100074320080132 0.158993284878882
0.0902537733822933 -0.107931318040767 -0.0303645118253023 -0.0349161629659183
0.102475240408771 -0.00530925931325805 -0.0177025613855698 -0.190817472160897
0.0374609959890833 0.0208742298842352 0.16190212419262 -0.0956613772492782
0.0302706136038567 0.0302492167026385 0.187304942786533 0.148720930753721
-0.0513713470745193 0.0684767673687374 0.0423961622366691 0.238762353733789
-0.227256023675842 0.0593612296441355 -0.112763570366638 0.199373955811021
-0.287880194863713 0.0301534548174964 -0.211163301540274 0.0913496090045878
-0.171669707111833 0.159900400875443 -0.165368077984468 0.133622355025652
0.185480554083188 0.2160285158607 0.0930691019441473 0.194793210583259
0.415371197047571 -0.157140945384555 0.266813380640944 -0.0785192963748118
0.0883202415547087 -0.538107767287863 0.00247749438551682 -0.149657585438535
-0.383127566018604 -0.350621430142488 -0.0678596007804721 0.128138537645662
-0.375666514082822 0.066573752440991 0.0681908215097343 0.0962356050605283
-0.0871663594783926 0.0752748919081631 -0.0386479041062217 0.0139085227266056
-0.015374732738011 -0.0695092467190907 -0.101769600703856 0.145659579568291
0.0514908219754767 -0.0502886710099756 -0.0487843206175025 -0.0376925816184107
0.0193199444404131 0.0314291276952817 0.0958919394401324 -0.203697747230273
-0.0569221295325141 -0.0172391507830274 0.256271008640802 0.0831103057818923
0.00782467453300067 -0.0821636047115496 0.0167560736277044 0.251914797038561
0.0238579537593611 -0.0501193537598346 -0.106940655544348 0.0927752445000342
-0.0912453547931293 -0.0199954281534342 -0.169996839855553 0.0691799550070688
-0.174252075313926 -0.016915405612656 -0.309884374792895 0.0317339048426325
-0.0970909591583984 0.096940935679055 -0.218121838612531 0.182249641109862
0.173778452974843 0.102003925194439 0.287861706375219 0.23640690115245
0.255995176523427 -0.204424423305609 0.425578301202166 -0.293862892227124
-0.02586309353944 -0.368944034502345 -0.1180826376498 -0.283811788525218
-0.302490959537764 -0.19439404211729 -0.109917097446361 0.192893489658481
-0.285620493043058 0.0928003326390636 0.201473780407817 0.0649763317602273
-0.0831731534033044 0.109243384353538 0.0431527173461757 -0.139891315431536
-0.0262694372965359 -0.0115287931678701 -0.0875035167921311 0.0955434444321126
0.0169496673418273 0.00924003591652349 0.0704675796991984 -0.0873261055046017
-0.000205338965368597 -0.00963523830310545 -0.0609524986879976 0.194441315246472
0.024830726465736 -0.0210251542827209 -0.254753312248211 0.0130350942592073
0.028117008711857 0.0161065742156085 0.0400530673304439 -0.231401420434719
0.0111846347072729 0.0491709908511147 0.203345446470153 0.237604616555459
-0.00962860718008843 0.0329886746754321 -0.352860196931977 0.419290216078933
-0.00675905673663788 0.00672808125584878 -0.386193477880202 -0.175599274786979
0.0187639211457971 -0.000938812767592855 0.199056651184611 -0.222687558834453
0.0347117443005052 0.00170806975665622 0.355428914709 -0.0169837978523314
0.0252585515342563 0.00548632165345272 0.170701890879172 0.00388193214005716
0.0150894687436892 0.00458989039332877 0.127147120720571 0.0355208742685089
-0.00647593938338004 -0.00808503319474796 0.101522148094893 -0.23226290837642
-0.00135182756829819 0.00149729187020586 -0.255702561392584 -0.208973001625972
-0.00606674889873992 -0.00189725751266911 -0.181692410288081 0.221439936112132
2.04358608101502E-05 0.00183144733520381 0.0752171538354666 0.0747608192056623
0.000791510640154305 0.00630318907535747 0.0746296095690992 -0.111383352150586
-0.084130558940357 0.112035654834086 -0.0304527276439967 0.136621362206684
-0.243476540789219 0.0823870422940698 -0.202958182748381 0.00488596978796479
-0.282556562506584 -0.163150539271228 0.0146099692570167 -0.20869278938752
-0.0171009334819681 -0.320468718556343 0.188273232187507 0.213860537107817
0.221722114701477 -0.146351469516945 -0.306489376685804 0.385658394884138
0.143142913721907 0.0981547941950197 -0.322868365143205 -0.154418655644425
-0.0703301208182649 0.0806462908891491 0.182070028394562 -0.208213684339649
-0.121463342712619 -0.0150750230634783 0.334334221714002 -0.0274081293316869
-0.0368154978942507 -0.0142125059322722 0.200000575065993 -0.031965864088306
0.0344840523243817 -0.0584889263195829 0.133221171829623 -0.0288129070692367
-0.0121543214557497 -0.111360642948572 0.061732106030592 -0.248888256671032
-0.0635607147768991 -0.0345628182267871 -0.243520616796242 -0.171759220812339
-0.0124511829662099 0.0205693351297968 -0.148826726418209 0.21643219776367
0.0339868010467963 -0.0314533942634677 0.077660953967892 0.0630444681343756
0.00574780032580277 -0.0392384771832805 0.0845979407179488 -0.163930301350295
-0.093168141304878 0.119475487512039 0.0235260871839395 -0.0247897768531895
-0.3453863489643 0.1415820341758 -0.0856203608740415 -0.0599112651761947
-0.462980728312971 -0.245825685129678 -0.0084531769809794 -0.144474154252688
-0.0280821893234012 -0.537295553009163 0.0864137162823285 0.144609587841793
0.358800727014139 -0.201557958154449 -0.204029206344533 0.211207873751224
0.189840479667687 0.189722340047442 -0.155891670130499 -0.130612808042187
-0.148734051940404 0.149951067727449 0.141348516134799 -0.165488620299774
-0.260865401847034 0.00662403634336057 0.252520162498792 -0.079601609740461
-0.182742541112888 0.0184845136137486 0.204829399581534 -0.150942674019652
-0.0500417488526115 0.0149710084439738 0.0719511747217864 -0.218323139643249
-0.00560588040537526 -0.0424326806923546 -0.112053616179924 -0.249647745797802
-0.00613047353594531 0.00165414711912698 -0.218309312354981 -0.00371081110025804
0.060299240664897 0.00760821853630201 -0.0463782887938084 0.213967371222429
0.0696574301788946 -0.0848286547208637 0.0713471548621034 0.0498549569069259
0.0454960627586168 -0.123965637973539 0.082264967414035 -0.1851671217253
-0.000137081757205023 -0.0242281966480532 0.0478427095602138 -0.164923806098126
-0.157627036763115 0.0509527679566762 -0.000483783222612276 -0.140637826215445
-0.248832045999205 -0.176549909555463 -0.0208470080877026 -0.0955827559415732
0.0665120028706531 -0.344433115212464 0.00793961314751128 0.0225629677244441
0.301654047476178 -0.0192017499815223 -0.0383790958553146 0.0288920259807217
0.0800583997040958 0.26288159587656 0.00499882208692792 -0.0779542112384629
-0.197989401029247 0.193079593084124 0.0789063715367315 -0.0996706109652081
-0.301351470346644 0.0996580874119672 0.0965733718032883 -0.113130314941337
-0.283341997768811 0.16363633501438 0.0536766038325519 -0.216570084772723
-0.106416416944518 0.256762061199073 -0.105566225048286 -0.24729112593534
0.120508430970502 0.189882858126416 -0.239246012592879 -0.0894241731038563
0.196219034878494 0.0495283740956924 -0.137863114575881 0.16112343439481
0.177228307242816 -0.0696133950870274 0.00711318685197688 0.194485476452446
0.0985733988637944 -0.151154495732455 0.0262092368135778 0.0657684083904142
0.0946086436727996 -0.186224435310907 0.0530962568494052 -0.142739672692328
0.135335257375578 -0.15915361199819 0.00575744113803259 -0.18980594564208
0.164325998446635 -0.0559812529411475 -0.0113727547772569 -0.185531013737464
0.17015280575917 0.0452943163658932 0.0380983363227009 -0.110996165718639
0.124767567403613 0.141557663456455 0.0961115719783949 -0.0125577896293365
0.0228614709577177 0.23647303065426 0.100552663894129 0.0382320491773482
-0.125102788569157 0.25647923401367 0.0431617687810172 0.0183902852885337
-0.214993507545844 0.207473577748669 -0.00220068974395739 -0.0179016045137804
-0.175082335794206 0.217959256704386 -0.0546369933915203 -0.0587906322984622
-0.0777284152817074 0.254154280777413 -0.111347007997709 -0.0871013197589475
0.0601803748488496 0.22747671353927 -0.142817151805765 -0.0254751158394256
0.191556689291095 0.145963171428039 -0.143327838175957 0.0863662808827476
0.224245613267071 0.00258079774620538 -0.0784048752798979 0.185581798104659
0.185676314249542 -0.137800127551732 -0.0484220776849731 0.174827769883349
0.0914831963193464 -0.188304763033361 -0.0451813476716907 0.117984906464038
0.107728969160977 -0.172906771097045 0.00682831141636466 -0.0728445231126989
0.179587245112643 -0.121026813524832 -0.05389984206747 -0.171195793427478
0.225252142265263 -0.0119269698678911 0.0131783895784229 -0.191284971666679
0.213696454628295 0.175081442462136 0.182200485861874 -0.0550686552801284
-0.00448341735898824 0.30220648275046 0.185968964450194 0.146721343984418
-0.234519553072387 0.241597042902526 0.0529710250931904 0.188958822977841
-0.281150283093314 0.157032835747104 -0.0595183992541978 0.0980196103140988
-0.204231784849903 0.201088811593392 -0.0869078012851459 0.066158351372403
0.0427480335791674 0.268174180369958 -0.0606196425203423 0.073302717118562
0.285047589771495 0.0751328199860498 -0.00622983642010775 0.0325799847172886
0.170050829481568 -0.249642483009421 -0.0072574026855247 0.030874551345089
-0.11251200723787 -0.201035311871171 -0.033814823968424 0.110080033542569
-0.106348632016459 -0.00176951549505992 -0.0414932033921314 0.132396261597563
0.0426165615594681 -0.0654106657918428 -0.09194597258708 0.136770486493727
0.0362509984044372 -0.15229983421862 -0.0897718675903741 0.164123424197334
0.0838027470682247 -0.11103517619236 -0.034202166270863 -0.0350416796614535
0.0992778712739213 -0.00906604727284385 -0.026892507226024 -0.190423512545247
0.0360028316620985 0.0193374357938901 0.157115759305237 -0.102489672228514
0.0307393024728629 0.0282126688102579 0.191148614886105 0.136998391159257
-0.0494959684850696 0.0695628779834263 0.0515804659672078 0.23363970169538
-0.222978688287475 0.0683013772039867 -0.104136814677811 0.200696304776416
-0.285319809118626 0.0417360790986822 -0.207884374152124 0.0974599412573619
-0.16436709094294 0.164259366743268 -0.160151258309285 0.139290535362612
0.191584620388822 0.207678988096141 0.0989359670326359 0.188798056009671
0.406431090475037 -0.172815177045869 0.260246288463625 -0.0861321553018229
0.0669692735787843 -0.53558432795143 -0.00515183283654438 -0.147845830334916
-0.392232164965225 -0.330168333897364 -0.0626999985835919 0.131024672646209
-0.366611377452235 0.0839541382378609 0.0708240553270643 0.092736790837458
-0.0816767719972882 0.0765247576108822 -0.0394415080281429 0.0170235263536785
-0.0173944137619502 -0.0686031074959037 -0.0912049688225329 0.151100053012728
0.0506474931738009 -0.0516571049949055 -0.051418734109739 -0.0390181441805117
0.0204608543245921 0.0306010549837507 0.0843148213733173 -0.208086219142727
-0.0573864982798108 -0.0150083294118989 0.257212959384088 0.0687844332846792
0.00313167646695728 -0.0837071073840704 0.0278853966279197 0.24636121304277
0.0211642125298646 -0.050825804204175 -0.101419960622454 0.0933171234409259
-0.0898548729424731 -0.0167595936448563 -0.165394179880813 0.0720650235977432
-0.174831706047976 -0.00914061019510092 -0.307576018486381 0.0427122909082271
-0.0924360718206919 0.10035713560255 -0.209184038541638 0.190946758124755
0.178095693961614 0.0930492842806954 0.294425013931352 0.222857761993847
0.24539570934319 -0.212580624471848 0.40735340272715 -0.307627889064968
-0.0412891750416231 -0.363517261644474 -0.130946733236344 -0.274038272501891
-0.307463669596426 -0.178503970825865 -0.101557988631834 0.195922727919333
-0.278972930554023 0.1042206767788 0.202576768920502 0.0555550476675258
-0.077808627043608 0.110425485076036 0.0358298618029262 -0.137744310487748
-0.0273932974278637 -0.0103035385203593 -0.0788616479569075 0.100766163466031
0.017490606925093 0.00701876042998899 0.062739931447051 -0.090793140724812
0.00057121378718775 -0.00988549847671069 -0.053037910002064 0.194035356344553
0.0225829532039133 -0.0212588166723988 -0.250017729427077 0.0239431528080486
0.0293707831981025 0.015174335956181 0.030385656988074 -0.230420513357948
0.0134562577174605 0.0477931553236595 0.210796302344901 0.223708986190064
-0.007762893823116 0.0326363800217513 -0.331937596391011 0.427464181742905
-0.00656415820570837 0.00672333236712963 -0.387701644793443 -0.158615365648446
0.0188541878155431 -0.00229007628807056 0.189438760707787 -0.226081139100707
0.0349815188163926 -0.000978305801896536 0.348448570766078 -0.0290592052322276
0.0250339579923296 0.00354804381027038 0.165579145643159 -0.00133197681451332
0.0150751872158086 0.0019838342708171 0.12528990602916 0.0336259918797557
-0.00662214939718356 -0.00673124957447263 0.0909298470741722 -0.231324361129797
-0.00279832707976981 0.00188691394276931 -0.261510877080722 -0.194761290694511
-0.00561629757136963 -0.000120562504834983 -0.168224880006829 0.228152568327476
0.0014686883174681 0.000843016355461283 0.0783698250723421 0.0738576220088056
0.00110898396591787 0.00455738043662802 0.0658902363769504 -0.114198044587679
-0.0770487459080244 0.113298928668026 -0.0253691212054221 0.134348181616281
-0.234699329950853 0.0903971439669622 -0.201173303939349 0.0126545514636427
-0.284551323497511 -0.14897926997033 0.00662361998867754 -0.207583134408971
-0.0273343986136575 -0.316469215033452 0.195006167035374 0.200168564369091
0.21288844569758 -0.153879460129174 -0.283092297359774 0.390860036532179
0.144768161538455 0.0903982835197745 -0.324294546154993 -0.138711558474953
-0.06617983907084 0.0824433063227225 0.171077216880007 -0.210367170558037
-0.119127292045663 -0.0116022790919059 0.326336318535822 -0.0370023681540866
-0.0345302040088064 -0.0129974681830186 0.194838747339306 -0.0350450354862227
0.0307886646871451 -0.0594580259188819 0.12985130182935 -0.0296138662355249
-0.018449818744832 -0.111095038847022 0.0518246054402011 -0.244320491999852
-0.06470864514065 -0.0313735058228973 -0.246643119982338 -0.157937190502272
-0.011314590548393 0.0224481693970657 -0.136149930349457 0.221924531811843
0.0319731435428687 -0.0316916622014983 0.0810888709103013 0.0617391476420257
0.00347882443529406 -0.0413333498330642 0.0730127872300865 -0.16638264679996
-0.0857246671006231 0.120709141468604 0.0217279341850301 -0.0266193917353046
-0.334152371077195 0.152724434153965 -0.0883912077600295 -0.0556538196267666
-0.465030858016622 -0.223650143254421 -0.0135445319223859 -0.142190062393907
-0.0500057577064125 -0.527107013676764 0.0939306843607721 0.13755039646999
0.346783586909624 -0.213898101005559 -0.191836846250176 0.2167669481532
0.195665062654351 0.179451053994029 -0.158837378562851 -0.123615538163922
-0.141388449019575 0.153310141622464 0.132066317747958 -0.167181584162778
-0.255783155220505 0.0174272748031291 0.244446949381251 -0.0850649423299722
-0.178590447640703 0.0254540002008866 0.195921001342724 -0.15558955009322
-0.0495867116171481 0.0145202906970219 0.061804030437451 -0.214008972227946
-0.00927578295678898 -0.0436949992858718 -0.119057833935582 -0.237976077527035
-0.00838194938289813 0.000964258774718227 -0.215028164506367 0.00716726799468834
0.0584154704865426 0.00579245458985906 -0.0359032950762585 0.214772008104457
0.0655190984378729 -0.0862269424367307 0.074151543696395 0.0469517888624469
0.0396851265920037 -0.125631856121355 0.070314844764987 -0.185407424894369
-0.000642904453679939 -0.025379602306712 0.0388233900717898 -0.165413665643393
-0.150774552030975 0.0558110578517463 -0.00758629971039804 -0.13858904323953
-0.251133600840363 -0.162734167554355 -0.023031388153112 -0.0935521280495201
0.053679064815125 -0.339460475954091 0.00941722780576341 0.021558020648394
0.299147666592903 -0.0307853022364364 -0.035488651605973 0.0285769005734233
0.0892195974418354 0.255530355462631 0.00240933046561045 -0.0783134230976301
-0.187560818171189 0.198484240382502 0.0740026810307087 -0.101358838462855
-0.292000481474689 0.10995433366033 0.090631036485386 -0.113783816671678
-0.273100594557365 0.171753296533232 0.0458856552160453 -0.212723672056371
-0.0948765757078532 0.256586658840804 -0.114080495211339 -0.238806082450669
0.124871038531122 0.181638555676181 -0.24018853812092 -0.0761810464194305
0.193861143098128 0.0413793097258656 -0.128774072447302 0.166146867707286
0.171654768174032 -0.074059171209834 0.0160542193114876 0.192856896814336
0.0924045573616084 -0.151867773314724 0.0303924015677065 0.0644859745864694
0.0845877781074667 -0.186806961023163 0.0431136750070025 -0.142930648914088
0.127178186717688 -0.162688578593692 -0.00259002974405746 -0.1879991849537
0.161405159269316 -0.0622560274958804 -0.0187571658371862 -0.182188586567856
0.171404121402969 0.0386194555548765 0.0347071462256175 -0.111212122417864
0.128749711362875 0.13738392342016 0.0959822647271172 -0.0165403916068932
0.033103952397375 0.232561489593749 0.10103112002652 0.0320079754601942
-0.113338603848301 0.256509491855751 0.042737470411766 0.0158785621679377
-0.203687898427379 0.214003471233292 -0.00333611775339876 -0.0187663163151633
-0.164381496263504 0.22131162977126 -0.0561343284897241 -0.0559522013119033
-0.067124227066607 0.252653747640024 -0.113560835365991 -0.0787911422753501
0.0676510235595434 0.222780112345988 -0.141814943754421 -0.0200467149771024
0.194970655276037 0.135871922635507 -0.139333443034114 0.0910165541623113
0.221937209784602 -0.00717155945657685 -0.0702639306342568 0.185930214861176
0.176428949426978 -0.142675456638932 -0.0408579868854262 0.176909548051583
0.0819112143700888 -0.188964464466398 -0.0371712907033822 0.119581491590482
0.0985179296150544 -0.174482987822297 0.00155052562801983 -0.0725098542657205
0.17110735361735 -0.126660951509591 -0.0610992310412655 -0.166519257755989
0.221656650579433 -0.0210974258637181 0.00543872457801079 -0.188735117145788
0.217176232061299 0.163411285643035 0.178000914268586 -0.0630408051229135
0.0059094980358909 0.29784347243496 0.190419595250122 0.137352942101874
-0.221573052595111 0.24941546118623 0.060124312701571 0.181456100301827
-0.270899235242849 0.16548266354422 -0.0553466702415881 0.097284998565382
-0.193085135839662 0.205828175032373 -0.0832637978328292 0.0670394344497472
0.0530097841654837 0.26098095505142 -0.0573604166147634 0.0759007129090317
0.284575822733898 0.0635776043255431 -0.00448340547833776 0.0339820680746562
0.157574549099792 -0.252386713864336 -0.00778119361402363 0.0316736621824026
-0.116853173448498 -0.191480773825798 -0.0302536250483493 0.111714466670787
-0.103501075236837 0.00276708949602734 -0.0359404660275505 0.133593944735149
0.0381475565063254 -0.0679740268992971 -0.0850262621256436 0.140033645513237
0.0291784223822829 -0.151576798274733 -0.0778139450013519 0.16638224201988
0.0787037528847284 -0.111284551182853 -0.0376727197371903 -0.0347797034700667
0.0974873131659901 -0.0120522650846791 -0.0355158636378111 -0.187735648657537
0.0345518064647498 0.0169820055837779 0.149963241292497 -0.108043601573017
0.0298510496635729 0.0246108865089717 0.193764453020421 0.124663847742191
-0.0463507876725612 0.0702246250566478 0.0599188584665882 0.225286558019716
-0.217481665675274 0.075441036629256 -0.0953586177734581 0.198706036108968
-0.280131324025188 0.0510768740843661 -0.202960715800802 0.102230955352065
-0.154218295901227 0.167977775503383 -0.152877047503288 0.142372351380508
0.197208564073519 0.196709748443678 0.105691965858335 0.182645811886259
0.394564743482931 -0.185070049149271 0.251545941512155 -0.0924275688793884
0.0435860022554628 -0.529166945387429 -0.0131843067734327 -0.144589574062047
-0.398752771023901 -0.309815953850225 -0.0564435314857408 0.134331152124527
-0.355957564738732 0.0966558296239297 0.07240812109987 0.0890785662185444
-0.0775686378333482 0.0775723932913924 -0.0380590810583014 0.0195918040790905
-0.0199401229469553 -0.0669258823225857 -0.0798322070122718 0.155239965524433
0.0470883634438887 -0.051071257295588 -0.055458243981407 -0.0395697481217033
0.021224059534897 0.0299052951929612 0.0743836183293138 -0.210131052438711
-0.0573204848890703 -0.012971561303693 0.256146309189913 0.0558778011679227
-0.000841278479137118 -0.0843700348434135 0.0359936460738894 0.239239533997107
0.019325345285691 -0.0521151691225233 -0.0952757708637245 0.0918514107047468
-0.0895447512156963 -0.0130489273676918 -0.159113500388522 0.0747900501955337
-0.172119724051096 -0.00273397326483002 -0.301624167263896 0.0532691774673157
-0.0866489586449123 0.10329871313637 -0.199658535387944 0.195572626917756
0.178556643099127 0.0844795358947023 0.298058295345161 0.207142059352901
0.232458699841772 -0.218922751775974 0.38887652911929 -0.317456732823765
-0.05557232587857 -0.354867644076223 -0.141030482318835 -0.26452784851959
-0.309878468929707 -0.163887769791741 -0.0912098414391626 0.199111014688826
-0.267774566162856 0.113992028991143 0.201949851129201 0.0462623520437616
-0.0708618520709661 0.110956780044373 0.028648498841276 -0.135773172217815
-0.0270639512852734 -0.00850343812222859 -0.0710589090147886 0.105813807896132
0.0171441128847253 0.00581578256770594 0.0546316298583758 -0.0925775959182972
-0.000786081726127406 -0.00970497048621761 -0.0446279808048906 0.187894723047016
0.0214863383897555 -0.0229155253102103 -0.242243896525155 0.0315116132655229
0.0305192296308262 0.0133472467896981 0.0209645621542672 -0.227198622141281
0.0151122730193584 0.0470487585623086 0.213448659387106 0.208590677288207
-0.00763387019978234 0.0313476104208361 -0.308538387238474 0.424873989005852
-0.00633658533910352 0.00568528476935057 -0.383258637912584 -0.141976587505931
0.0195410084667361 -0.00206872405794877 0.175913507192632 -0.22677799276693
0.0336608641880009 -0.00416646704288377 0.338004381313931 -0.0362341557181984
0.0242991674079094 0.00167406357041591 0.160306667208204 -0.00433765211047976
0.0128948057497474 4.69624550222723E-05 0.123719328813177 0.033816122377181
-0.00764814315756412 -0.00572937537136323 0.0822531708063333 -0.223858298460864
-0.00232977915511618 0.00234847979578738 -0.2608196656059 -0.180309512995269
-0.00592267007326419 9.27879285196869E-05 -0.154988225042764 0.229526381554564
0.00121360520556653 0.00082631946200498 0.0814305175283804 0.0716912442326224
0.0013814150490872 0.00252222398193312 0.0565358920124401 -0.116007415309311
-0.0692439700811489 0.112955604284257 -0.0192961322709707 0.130144782359453
-0.22656861882922 0.0961482473689927 -0.196428476119522 0.0174666608600583
-0.279862699265513 -0.134620642469934 -0.000568187313699926 -0.20374602413459
-0.03676617146185 -0.307213473142553 0.196916708292185 0.186429390298718
0.204063286991745 -0.157646171662142 -0.263779301840504 0.389804301646335
0.145022931156065 0.0831016959017478 -0.320334112984152 -0.125155442957861
-0.0616908306635171 0.081246101923523 0.159368212762431 -0.209401567606428
-0.116707534474699 -0.0095111575561898 0.31703329863487 -0.0438274811989713
-0.0337673199426086 -0.0126425718052649 0.187061674553766 -0.0393129579114542
0.0286565587228642 -0.0604225777671803 0.125303467462316 -0.0293661533500193
-0.0225042206040127 -0.10729663538818 0.0441912433702337 -0.236529269996503
-0.066514223503008 -0.0288446574014305 -0.244997506042422 -0.144484631760678
-0.0106991707592786 0.0232894461193426 -0.12444236520671 0.222316678994619
0.0300322295297864 -0.0322118743470646 0.083082652791626 0.0609000803481058
0.00207583527155293 -0.0420568128766491 0.062007383076101 -0.164734348278534
-0.0780180748627466 0.119019161251895 0.0196842665733941 -0.028795049809686
-0.319228517255108 0.159315689905034 -0.0889464551263024 -0.0525382367650902
-0.459088290705648 -0.201396339777828 -0.0169082769638448 -0.140060723578367
-0.0646363325443323 -0.514067181954642 0.0966628336502456 0.12824236245841
0.332673307940038 -0.219781869008747 -0.17853782698846 0.218172086545167
0.197141668712825 0.168269469318373 -0.158091208269738 -0.115293045418767
-0.131823847758305 0.153533452464066 0.123196544768298 -0.165523207969915
-0.248194364474718 0.0247211967528583 0.235865807148262 -0.089786646630241
-0.173246932163038 0.028343900278798 0.185465063557944 -0.155591759706397
-0.0478572744297261 0.0147754208226475 0.0543953222825674 -0.208205199944493
-0.0131825022673685 -0.0431074801792783 -0.122508381371853 -0.226377408324645
-0.00971866913351735 0.000793158202635647 -0.209084605354861 0.0140931566433387
0.0567441216134392 0.00611251584484427 -0.0265210681830828 0.213371919190507
0.0615055282842297 -0.0848046660109792 0.0753609185672904 0.0455933872207838
0.0346750296450511 -0.125557765918337 0.0585809143388 -0.18406166486678
-0.00200855034320666 -0.0261056526482069 0.0316361094978327 -0.163259364388461
-0.143910836956762 0.059430636873766 -0.0116481796732932 -0.135481163511731
-0.246957782100802 -0.148996325374173 -0.023914572736695 -0.0914010942929793
0.0412719786579899 -0.33268765608774 0.0110401104601655 0.0197128494542835
0.291090583917798 -0.0399411224098496 -0.0332628861835193 0.0282807827154348
0.0967925011240174 0.245994757632373 -0.000816136069986557 -0.0768313951524909
-0.178285982274179 0.199427236254628 0.0673093772323814 -0.10118100781279
-0.280712107859668 0.114378995604286 0.0848707934055116 -0.113468870394565
-0.26055843085317 0.1756110355274 0.0368637254631734 -0.207827820122754
-0.0853774286596117 0.252133726216276 -0.118106395556612 -0.227379329161026
0.126817973361874 0.172360305516826 -0.236845252340626 -0.0664393755683362
0.188957118258133 0.0338395130698721 -0.120033294501583 0.166832320639569
0.164633907638911 -0.0768950205858024 0.0228905255088647 0.188689470335738
0.0846829733166732 -0.150200971067069 0.0338233118774862 0.0617591782991214
0.0773328425940295 -0.185262177607092 0.0350214390412388 -0.140823889561449
0.116483537877347 -0.163653187363599 -0.0100918077357459 -0.183361437324252
0.155679301466933 -0.0668446324987678 -0.022828976646355 -0.176219621452001
0.169553638817053 0.0333919769611024 0.0326835484145594 -0.11104165588209
0.129855636132686 0.130193764579029 0.0936246512712158 -0.0195247810698565
0.039553147633265 0.225562860742109 0.0989175016529688 0.0263646437000691
-0.101725204577734 0.254762517561945 0.0412999057495811 0.0135528473962523
-0.192555564444539 0.216271657172089 -0.00373337122405559 -0.0184714920420562
-0.155120192414665 0.219358608424744 -0.0566831585799095 -0.0525235780832702
-0.0588463490951887 0.249128966732507 -0.112807634040369 -0.0725150608419624
0.0728308445112442 0.214970272345128 -0.139504858108069 -0.0144864276217035
0.19449156425634 0.127426427063076 -0.132774126686913 0.0944640736102978
0.216871210021377 -0.0144471566038754 -0.0636192663469374 0.184771888735171
0.167055555320086 -0.145011440918001 -0.0326925943592854 0.174436555502482
0.0726536623028691 -0.185068898446891 -0.0282710258976142 0.118566346475809
0.0902084651954836 -0.172416167530727 -0.0036026993873353 -0.070917601271549
0.161747045285178 -0.127715846369451 -0.0667367880108272 -0.160455640355597
0.213850598793146 -0.0281504246903348 0.000224033313188782 -0.184960617637114
0.216696949444259 0.152408833971086 0.171588743031014 -0.0690066645917195
0.0151344807671993 0.291723807975313 0.190170989951909 0.127805297290708
-0.207151022599047 0.250730226408106 0.0625031860887574 0.172830699648434
-0.25979089268703 0.168403882078459 -0.0526020215758079 0.0958274201705588
-0.181333057909388 0.207148226591737 -0.0795867956776009 0.068035661281642
0.0582813502839541 0.252024896377848 -0.0540836867666526 0.0765228874926309
0.280115829734867 0.0538368209091077 -0.00360266600021537 0.0345706155454654
0.144915422172206 -0.250140194459079 -0.00826693550437838 0.0319013124323555
-0.119786450002392 -0.182830911780559 -0.027160668646639 0.110494888090437
-0.0984290626520028 0.00559582304262462 -0.0330575778241615 0.13146454665504
0.0352338609796872 -0.0684202048206179 -0.0775100947861239 0.14014993019026
0.0215630397651473 -0.148949541146213 -0.067339123731542 0.164919079451321
0.0731608608160442 -0.109636673127928 -0.0383174792738642 -0.0342100264169367
0.0950255711862328 -0.0139344260355978 -0.04207344447945 -0.18248128685981
0.0324247844202357 0.0157442763990918 0.141885456632524 -0.111362724094366
0.0291258194049718 0.0219845252139549 0.191074684742387 0.112794000676169
-0.0452343526398327 0.0692964461421171 0.0646775422708008 0.214097424368457
-0.20938804321448 0.080741673422876 -0.0875173186158599 0.19468982128631
-0.272273444117807 0.0586642237398969 -0.194757542864857 0.104326194039251
-0.144468676529843 0.169199638131288 -0.145420926064487 0.144352127561774
0.198400590637102 0.185623475374712 0.107779570183141 0.175646319021957
0.377357793154308 -0.191725681103644 0.242002094667583 -0.0966210072664064
0.0270218652165085 -0.515455609789309 -0.0187797635904819 -0.138719206472006
-0.397314019772517 -0.289039753642382 -0.0507671046966386 0.133283818120145
-0.34152947297678 0.105444889761234 0.0730279227943767 0.0846780373159933
-0.073264309229098 0.0763797256757753 -0.0375154129438762 0.0226275482875499
-0.0222561082257389 -0.0642669767642668 -0.0704907206007178 0.154278164916562
0.0450771148345156 -0.0503541685171446 -0.0566678332282999 -0.0403772259504562
0.0221361281132952 0.0291118283151826 0.0633880220016972 -0.208870280601945
-0.0568663217476428 -0.00906958297870373 0.250356507208753 0.0445813259129342
-0.0043805363695945 -0.0838038313206477 0.0411731046306686 0.229172370050361
0.0157121473096795 -0.0510961898540505 -0.0895942191508359 0.0889923637419785
-0.0871094867448625 -0.0102781132520209 -0.152797763596881 0.0757992607630506
-0.169657110036655 0.00167158340509429 -0.292438527958599 0.0586391770298218
-0.0808046599700665 0.103133722594511 -0.18978049235883 0.19682575582765
0.176374093288759 0.077709125520063 0.297273418951703 0.192171357932243
0.220441250611554 -0.220182512626575 0.369864125056394 -0.317462851001194
-0.0644020680571063 -0.342722117035597 -0.145394545708177 -0.249613388620763
-0.306962759541086 -0.14860913083634 -0.0819765144982977 0.196654271606787
-0.255966600214029 0.119567618264166 0.197409770786903 0.0381564917311731
-0.0660846845292809 0.109692054308516 0.0227760899418878 -0.130390219233023
-0.0262955551047322 -0.00765682533217197 -0.0631812715657582 0.106230028577574
0.0161195929403941 0.00317560193289843 0.0493956584252399 -0.0914114924999772
-0.00119537435669296 -0.00712998050625323 -0.041200143477424 0.180843484939527
0.0185850820053072 -0.0228450976198837 -0.233431553593501 0.0332771076514883
0.0309540623827195 0.0104419923818979 0.017259323157924 -0.22084844486291
0.0173398171718031 0.0469127368069343 0.209111984823611 0.196839350161475
-0.00752357845003643 0.0319129661828753 -0.291022334555055 0.411188711206962
-0.00665106779481497 0.00487019777684564 -0.373848004465161 -0.131855546904808
0.0191490702131863 -0.00441931821871142 0.167906758415965 -0.223511762191615
0.0306043347975841 -0.00490971970965379 0.328864124700771 -0.0413874998743943
0.0237863674435282 0.000218290375362172 0.154809849533962 -0.00530802059374648
0.0120558208424521 -0.000743542760798412 0.120823411089752 0.0345729346024289
-0.00722444124953109 -0.00660423067856307 0.0776042424630546 -0.21712416378469
-0.0023682326369054 0.000892227510937645 -0.258003177253373 -0.170219686955109
-0.00714931281942287 -0.0002903311327848 -0.144159926428499 0.228926552371485
0.000534186449419678 0.00194860075057781 0.083091304124507 0.0711493720671697
0.000268377233946449 0.000130802261624597 0.0500715625806687 -0.1120568435307
-0.0667712031044506 0.112130077616134 -0.0172159493541242 0.124703098485627
-0.220336655939787 0.0959246203710711 -0.190465819984331 0.0197514322831757
-0.275348666008987 -0.128553175274238 -0.00375005410253377 -0.196858987807807
-0.0397443787736317 -0.297427603552299 0.194490069297443 0.17321385842398
0.196207864042725 -0.154528325684704 -0.24732144399432 0.375723394756547
0.142738934394063 0.0771880361604286 -0.313454902187009 -0.116277581533949
-0.0582350416541406 0.08029390754174 0.15228398257935 -0.205807928049584
-0.114219721421903 -0.00621964120997026 0.307521373979664 -0.0470004536604114
-0.0323846874411049 -0.0124060725679795 0.179640005126745 -0.0388366390055524
0.0253092019225439 -0.0594241742969028 0.120876521489774 -0.0283725369882725
-0.0240100175935247 -0.105671761900953 0.0380981682443916 -0.228702897754176
-0.0662585418770647 -0.0285378176189572 -0.243023698059853 -0.135075917520134
-0.0126910533782537 0.0232175972937563 -0.116028811534014 0.220708945556851
0.0290172065858461 -0.0304964870135988 0.08300177711023 0.0596162384408643
0.00132415472736458 -0.0453487544186838 0.0545941549168923 -0.159110163494863
-0.0740754181770057 0.116522607779727 0.0178278557738501 -0.0274583336042687
-0.307656308637608 0.159243766665597 -0.0880551785721332 -0.0504890529173724
-0.44928341943503 -0.190171028330422 -0.0184088309772413 -0.135233599329708
-0.0730275997307727 -0.497333751253552 0.0977573791085905 0.119403556300111
0.320762744060262 -0.218316461505938 -0.168370212270789 0.211955782823464
0.194867175640341 0.159628443635117 -0.155472840628855 -0.110740649614196
-0.126259138794417 0.153627676561347 0.116091399957243 -0.162765090327195
-0.240511727829733 0.0277834323467172 0.227367847689165 -0.0899862818552445
-0.166173543975738 0.0306233268250072 0.175735359204166 -0.152019395240838
-0.0458844701676371 0.0142902528152165 0.0485171649261572 -0.200773391480715
-0.0145318527690235 -0.0450328195388131 -0.124065085155385 -0.215756931981475
-0.0119266932314569 5.75060361244183E-05 -0.203787126842688 0.0183577584692189
0.0531096436301752 0.00584039736047373 -0.0207539963385051 0.210551167590232
0.0589848558244526 -0.0819428047718894 0.075058096318483 0.0448291372693669
0.0319887319784966 -0.127701328681669 0.0505700748301823 -0.177158628236534
-0.00268184758565061 -0.0283496954354004 0.0285526798763671 -0.157353188836102
-0.138045171907548 0.0578800341175136 -0.0129126421989841 -0.131458154063178
-0.24286352213814 -0.141911038868429 -0.0236566867259693 -0.0889738974467788
0.0349241705387965 -0.322070981573402 0.0137644089054938 0.0172686528730884
0.283971135624966 -0.0422543456781601 -0.0313778709276855 0.0272752488031643
0.0997774721252893 0.236743230993636 -0.00283296352751865 -0.075934123789457
-0.168740219697518 0.198120146213385 0.063813847757136 -0.0991466350023562
-0.271694467775681 0.116588670785724 0.0814351211321227 -0.109740339512519
-0.250430500909991 0.173158983692067 0.0333976484881398 -0.201396142535905
-0.0791958902819501 0.245709846700696 -0.118563529055468 -0.217116956309368
0.122344148447754 0.165487789809524 -0.230745418429958 -0.0582316976893598
0.181844136983178 0.0294618899790245 -0.114180998780414 0.165467642583598
0.157279304605618 -0.0767487862111359 0.0258885852561732 0.184751131487718
0.0800808535754286 -0.146082341774798 0.0347785912460497 0.05908697191867
0.0710869529875226 -0.185805483303706 0.0294743281829456 -0.1356728197379
0.110596144256971 -0.163594174066906 -0.0130181729094954 -0.178069361717915
0.151707117136392 -0.0688397619851198 -0.0237573001388413 -0.171339492768189
0.168026870728181 0.0294053351006265 0.0312628832430752 -0.108808474102727
0.129241145644973 0.125190348193999 0.0909936350145039 -0.0193519903066193
0.0431712003260519 0.219536151182223 0.0942184265349927 0.022516138898962
-0.0949366622681126 0.24828301342031 0.0401386805403757 0.0108054014039498
-0.184453210641149 0.214241042365853 -0.00561222313195233 -0.0183568704306516
-0.146742593029576 0.215643820080343 -0.0547528519203273 -0.0479646065099389
-0.0520001203422495 0.24208684920293 -0.109491440890854 -0.0663705641527426
0.0734318821515598 0.207540529188428 -0.136244081442597 -0.0112844891886901
0.190993635719636 0.122889051510319 -0.127647682217171 0.0951183293426954
0.210532868732233 -0.0165700112504178 -0.0602344493343969 0.182148476487059
0.159122936680619 -0.143345123896196 -0.0284696731572281 0.170882638525949
0.0685520743468734 -0.181256818738762 -0.0252528882227569 0.114055502728777
0.0850834586339013 -0.169886687940177 -0.00591318228498298 -0.06849874077086
0.156661836361835 -0.128807502501709 -0.0675260913229629 -0.153945162745276
0.207644140872875 -0.0323189070294164 -0.00169089378233314 -0.179110843356506
0.215164321771772 0.144980717741429 0.164094924093167 -0.0710403055899867
0.0196290353610956 0.28422608540268 0.185354445198878 0.119716028277843
-0.198671953684806 0.247195345640543 0.0608983715095125 0.163273830240343
-0.25083976352355 0.167643393318532 -0.0508458211408963 0.0929876926457479
-0.172980770793059 0.206246634989384 -0.0775190906578246 0.0682510060155544
0.0606020168032843 0.242842442198798 -0.0497529145363845 0.0754662067318276
0.272127240055903 0.047778414441099 -0.00182430912996091 0.034395545095202
0.137774229577615 -0.242751901171364 -0.00832074017158413 0.0320414298393054
-0.117578300590508 -0.174924530053578 -0.0251038290676849 0.110589180073144
-0.094698614527311 0.0072042136947162 -0.0305675178135558 0.129796020964798
0.0327426186409231 -0.069689431091365 -0.072858939985626 0.139964666298487
0.0182679880501136 -0.145490812600745 -0.0607066419696423 0.160707765550122
0.0695307867550631 -0.107200050678026 -0.0400789703936721 -0.0337645967949866
0.0925418224076053 -0.0144788574582367 -0.0434430055241955 -0.174596344915442
0.031442882432732 0.0132593288643757 0.135649825386948 -0.110310494252435
0.0291515081445204 0.0196481220573837 0.183681190826396 0.104967673032106
-0.0424057932650797 0.0693795430249972 0.0655757947010018 0.202363947011022
-0.202924557815666 0.0810999663532682 -0.0827432049504499 0.185661040357844
-0.265552759942617 0.060050435586974 -0.188792153994878 0.102318415683875
-0.137740135466724 0.167284166397645 -0.140249332449211 0.144547359128945
0.196658361103027 0.176283902476653 0.109788778068602 0.167930718848654
0.364474523274548 -0.194113801531397 0.232581904700797 -0.100814311886971
0.018323682060861 -0.499406754934456 -0.0252255604829212 -0.134280555471046
-0.390084915409777 -0.274838928849333 -0.0478014421029666 0.133922114544221
-0.327377038222686 0.107966487864308 0.072729307945748 0.0827093029738277
-0.0704923279138471 0.0740390642740938 -0.0358365407834872 0.0235827602290109
-0.023592179672843 -0.063255026285302 -0.0635833984699039 0.151797857411526
0.0419899525678332 -0.0502445139799122 -0.0579792508474063 -0.0400275138953419
0.0216111597992411 0.0252429348388552 0.0577880813848417 -0.202632118463915
-0.0536096526170307 -0.00884271329030177 0.242694477523892 0.0384964805339615
-0.005502164257667 -0.0820469195644713 0.0420218385679316 0.217868218867307
0.0135581651034157 -0.050321228800741 -0.0846975108835425 0.0826569956251395
-0.0856608108054256 -0.00952986997054777 -0.146102654525311 0.071946812428742
-0.165709038774814 0.00471630099388959 -0.283266095725256 0.0609735644666374
-0.0768381995224484 0.101910630442519 -0.181767912199996 0.195439016132595
0.172707442945395 0.0720131928865749 0.293794287588986 0.180018304343588
0.211456263601898 -0.215987826196316 0.35349289467576 -0.318623319352485
-0.0667433387730586 -0.331288953797985 -0.149185180828322 -0.238340808456486
-0.299144061291874 -0.137991977238909 -0.0765471257142693 0.196489764078527
-0.245249926099022 0.121509436769524 0.194536076266375 0.0346481465201581
-0.061832035785388 0.107319273175684 0.0198852621582814 -0.126071461055045
-0.0274351211443052 -0.00671516954869529 -0.057282556146832 0.104587155249285
0.0141344783807636 0.0024288409738198 0.0456695386865676 -0.0901449212685802
-0.00161447198160156 -0.00727285776775033 -0.0396903186140075 0.17487170193628
0.0173596588488256 -0.0232049470717068 -0.228058247310965 0.0329730948052366
0.030864433364515 0.00959914912914561 0.0168376362275162 -0.217188291757097
0.017645447768915 0.0479262773081178 0.204475744244736 0.19127717332208
-0.00811995029778889 0.0301631978172686 -0.282198789528942 0.401171637562167
-0.00728788216878113 0.00414056135208794 -0.365767884337387 -0.12904132792477
0.0191061664457917 -0.00492058887422743 0.165244999143577 -0.218222598870335
0.0293118829017954 -0.00544385339669303 0.321210699914046 -0.0377295870973896
0.0222932972927759 -0.000586821092265537 0.150079018596561 -0.00273218670500267
0.0106282306600999 -0.00242914082452531 0.119479778849608 0.038465908062571
-0.00730292208908299 -0.00587051627519091 0.0771756997322278 -0.209362652067411
-0.00330164721290501 0.00100224817171148 -0.251741898009 -0.16568260939045
-0.0071017805735548 8.42941680076949E-05 -0.139267507259848 0.224118341399884
0.000848269065534182 0.000491301516978007 0.0827685581978267 0.0715952518029737
-0.000402431106315283 -0.00156543620921402 0.0468692743715158 -0.110247271179123
-0.0630335783959653 0.108110021073409 -0.0166892613053144 0.120576530227362
-0.214208219657479 0.0943766607012202 -0.186766175525361 0.0188961547297984
-0.267666005231269 -0.124989208122873 -0.00321145037593322 -0.19340198130926
-0.0389057430550656 -0.28893411905001 0.19061506520196 0.167505090460452
0.191024276795544 -0.150974042536091 -0.240128172930465 0.366859228737664
0.138646079007605 0.0746195413362178 -0.307742591151889 -0.114659029971488
-0.0571761266223519 0.0782665824243775 0.151371494542593 -0.200448259114873
-0.111673120474172 -0.00759788673078928 0.30180689330515 -0.0434743512711241
-0.0307237896954792 -0.0130222714450355 0.173980135189229 -0.0359162790560191
0.0250041486867429 -0.0591663344837779 0.117827010771306 -0.0239586432614386
-0.0253171419000026 -0.104088138387732 0.0388344896068548 -0.220767839312087
-0.0666040982263177 -0.0284907561180968 -0.237776945959722 -0.132292885036284
-0.0126497218997333 0.0242977332608556 -0.11273204201283 0.217587398551478
0.0280104157603439 -0.0287433680286472 0.0835218743920776 0.0603664738420775
-9.35520021876426E-06 -0.0458292542240282 0.0518807092879432 -0.156283545169981
-0.0712204844021112 0.113168656186582 0.0170704031994076 -0.0284999840254313
-0.2990959239764 0.155794040228728 -0.0871151564956964 -0.0503916462859167
-0.439020948302792 -0.185909873882647 -0.0172280223760205 -0.133011157955305
-0.0688673484086234 -0.484670068257182 0.0958549073003144 0.114239122918161
0.315906273823696 -0.2139496640672 -0.16245380534373 0.205563759418625
0.190599856419641 0.155478084371451 -0.152829863865489 -0.108955201589618
-0.123186845458547 0.149763593537684 0.1135605438458 -0.15840497326847
-0.235492169158539 0.0268617966990184 0.223187547680137 -0.086767625162122
-0.16130186617423 0.0286723975935026 0.171833993963997 -0.146678218553756
-0.0453800928453519 0.014176061046264 0.0480390615983376 -0.194171446448978
-0.0159655509647458 -0.0439910329649533 -0.120045178782171 -0.209699439015949
-0.0134558329156904 0.000252657912521643 -0.198859332287895 0.0185882335934259
0.0515163201496243 0.00748745893035456 -0.0184288858725857 0.206437342639116
0.0583055395532396 -0.0785691519508214 0.075299911275749 0.0437058997718955
0.0302405593774909 -0.125699411939969 0.0472421516962235 -0.172845218201346
-0.00187469758911996 -0.0290845365829463 0.0268786255034202 -0.154820358813245
-0.133333254718382 0.05652278311496 -0.0135751276680812 -0.129347018038121
-0.235398057135605 -0.137173912009879 -0.0211593636126048 -0.0880707528491946
0.0335386193034455 -0.313532747077574 0.0149123212565533 0.0153338324473394
0.278500306719298 -0.0419160037739432 -0.0306666404147873 0.0247603460427052
0.0973267375248189 0.23059537716751 -0.0033904465353167 -0.0742292801334745
-0.16567673917708 0.195992248220359 0.0611949106218811 -0.0975166196725189
-0.26596910884019 0.11311810046132 0.0790091745391049 -0.107546145996414
-0.244046019045135 0.16954295784698 0.0331716125447849 -0.194495685580381
-0.0786663654588658 0.238916260346042 -0.114979398087912 -0.212145450311586
0.118768229279132 0.161214679050611 -0.226040309379678 -0.0548750653851565
0.175622463141843 0.0289982548845682 -0.111111963114784 0.163196289206429
0.153567681288261 -0.0735779692636429 0.027305866192774 0.182344495310897
0.0797111412905559 -0.141833176177175 0.0355786270713615 0.0570891737807713
0.0689682121250701 -0.18205898178126 0.026801598500809 -0.131748611964294
0.108014015906434 -0.160239039358684 -0.0131536801053406 -0.172589898627289
0.148380100942916 -0.0673356446206074 -0.0220735204672677 -0.168586027765825
0.165647638700567 0.028742235293549 0.0316961405817643 -0.109001634171453
0.126804677746209 0.124217704028039 0.0903821004729333 -0.0194159717231398
0.0425538093049241 0.21505149104935 0.091339795407826 0.0201833222175116
-0.0933766493962814 0.241672530736227 0.0384093118837866 0.0102550382940683
-0.180107792150855 0.210841517210901 -0.00566469469210154 -0.0189154084741848
-0.145187451333608 0.208961217809442 -0.0533422217650688 -0.047366020869409
-0.0512547178972785 0.237328238165625 -0.105540338908223 -0.064442312896692
0.0702891387822345 0.204370800843666 -0.133202961430683 -0.0108106498260067
0.187161039428269 0.120086762017957 -0.125382739239625 0.0936314121989023
0.206674951221957 -0.0162567953475995 -0.0591975531411136 0.178790103595403
0.154257992707127 -0.140120943659494 -0.0263513936018913 0.167310500991923
0.0666155636171578 -0.177617045465155 -0.022416137807729 0.110049654447558
0.082433477120064 -0.165376836720622 -0.00781508469742998 -0.0661664695696249
0.151089693226887 -0.124137978822898 -0.0667821855902822 -0.150597967597358
0.201599421266953 -0.0313193953978938 -0.00198328534873621 -0.175973496492942
0.210994672329703 0.139216653152962 0.159431585551175 -0.070792926177475
0.0181471366008873 0.278946176333684 0.180929283021953 0.116315296587961
-0.193161588704767 0.241583772637093 0.058230553334312 0.15779962317791
-0.246582372667572 0.162376957944881 -0.0503014399110847 0.0896794621008829
-0.169856199057431 0.20030935983547 -0.0759880929412759 0.0670442491210481
0.0585539411615201 0.236228638372445 -0.0481228280194544 0.0742540036474461
0.266516675415565 0.0472630269245651 -0.00217980272775228 0.0346591721863157
0.134527469569595 -0.236553510538861 -0.0102685541807942 0.0314829911314871
-0.113744905296358 -0.169909522740106 -0.0249975036450417 0.109018044855109
-0.0906404649828182 0.0068455252230702 -0.0317915829130574 0.128056672636426
0.0312375897794289 -0.0688651807789311 -0.0707190897685328 0.137399699522605
0.0169248195080056 -0.1429344164247 -0.0567872930588167 0.157397375554227
0.067604946758501 -0.104311111873622 -0.0410588991952038 -0.0336191165689465
0.0906128630772973 -0.013113667347837 -0.0436605462167458 -0.170931917571972
0.0291401341102062 0.0132384635393361 0.131518509945134 -0.109324570521989
0.0268980820678714 0.0166535406192349 0.17762155300747 0.101349715617805
-0.0423228594338071 0.0666131002688019 0.0642000062423019 0.194802425756811
-0.199213460600665 0.0786501335535609 -0.0821098708491778 0.18084879858257
-0.259845703814614 0.0589074829548023 -0.184969084933445 0.0986794079305552
-0.134083359553185 0.163992731558061 -0.136748327953249 0.141461404796011
0.190275560011311 0.171819943166053 0.106681157455318 0.164730102167825
0.356730747857817 -0.189150495553073 0.227969580566998 -0.0965259597499672
0.0196147903598154 -0.488617863194331 -0.0247226367777534 -0.128316624520382
-0.380495918127395 -0.268618175295846 -0.0467798533759148 0.132324411052983
-0.319250651702766 0.104516138711606 0.0702264654228095 0.0810001840005875
-0.0684810106350092 0.0710079486210375 -0.0359715933191566 0.0250136385064443
-0.0238876522350702 -0.0627051272981367 -0.0591433835345972 0.147653786001215
0.0410269394553477 -0.048599631527762 -0.0599702231674642 -0.0410750898041738
0.0214425715368272 0.0253259353326329 0.0560107954519946 -0.199644062794974
-0.0530748094501975 -0.00866003449093043 0.236043524390397 0.0357911822626734
-0.00727182877467786 -0.0816519245330796 0.0399752651572082 0.211260248670225
0.0136523111566113 -0.0498865372933724 -0.0834670804119101 0.0774303158967389
-0.0846206153045744 -0.00971729105879338 -0.141638144932172 0.0684449509146152
-0.1625203560981 0.00326588024753159 -0.27724028288345 0.0572397821271009
-0.0749333501428405 0.0988135670174051 -0.177137945027072 0.191131737509464
0.169335683261956 0.0708740752489322 0.285936474216725 0.175755737316909
0.206704002022135 -0.211515695562449 0.346092678557904 -0.309855866315282
-0.0651258098855172 -0.322823643479006 -0.146562739685104 -0.231994536435986
-0.292474871393724 -0.135764775854583 -0.0746843937130689 0.193920771370798
-0.238641990512271 0.118414335380625 0.189551273775154 0.0345038908544187
-0.0598317444250267 0.104043566008093 0.0186402118720795 -0.121345177007699
-0.0269024617672087 -0.00709810170611293 -0.0529742273378208 0.102871184947698
0.014198575504709 0.00147137386086001 0.0441142602588274 -0.091022351352788
-0.00191757943272816 -0.00749811660121093 -0.040087474793808 0.172793193370733
0.0157556831774212 -0.0231609454859151 -0.227286539669171 0.0312704564341693
0.03133545390557 0.00822393244926275 0.0167491694914237 -0.217267579734265
0.0182548588814676 0.0473731017698478 0.204305578467035 0.191270329512368
-0.00950522569004515 0.030473856117124 -0.284431598693202 0.395452338176209
-0.00767206773567665 0.00350758822824564 -0.364026150544158 -0.128339282689325
0.0198925773066888 -0.00536532285741573 0.164337684918022 -0.214071648338128
0.0275896244128707 -0.00661689678455638 0.321668199363396 -0.0340149220423169
0.0218148609666734 -0.00152887618049244 0.147983131630254 -0.000362956326179737
0.010000819988845 -0.00310865227236944 0.11906140714795 0.0438656478245589
-0.00756007665295788 -0.00442602291886778 0.0804324478970927 -0.204116034400636
-0.00400738318045323 0.00104450260561238 -0.249287870830756 -0.166349250229203
-0.00707972263989829 0.00061996742164613 -0.138854338883262 0.223662340730529
0.000332366693005912 -0.000101106727915067 0.0850922002027145 0.0732174676966459
-0.00173945751855643 -0.0031896598183791 0.0454521233980035 -0.110955999771519
-0.0653563611667018 0.107526237517522 -0.016783906049971 0.118701202350001
-0.215007129479456 0.0914498043447084 -0.186763905980621 0.0174395761040257
-0.264960898299453 -0.12707421611442 -0.00245672741670778 -0.193820293060205
-0.0356312854676562 -0.287428240757416 0.189014871864122 0.168177578996228
0.191578819307957 -0.150662509992101 -0.2410266554026 0.364895849895085
0.13649284314679 0.0759073607158719 -0.30290650489708 -0.117133189915838
-0.0565678663196853 0.0767531479061737 0.151270839663663 -0.196620610429415
-0.111906656924334 -0.0087811515727156 0.302288813634723 -0.0395919498327824
-0.0307353093785467 -0.0147969736726042 0.17194164914641 -0.0328202494368878
0.0247145474374374 -0.0595537673783156 0.118087890747695 -0.0182860203592317
-0.0250740015557876 -0.104602613396149 0.0423150278780048 -0.216243180894814
-0.067377550456305 -0.0288874563751547 -0.234130604257401 -0.133585969129459
-0.0135306690861914 0.0248720976468109 -0.11154046175484 0.218307859179998
0.0278861571091095 -0.0289192201170337 0.0850500920362057 0.0628056472878549
0.000349960092277382 -0.0467508567979685 0.0503194788886571 -0.155608381291273
-0.0726557084653646 0.1114044266746 0.0168777313290268 -0.0287818415531988
-0.298913007165411 0.151914289337979 -0.0868884638672012 -0.0510712546276511
-0.434807069983742 -0.185504831348688 -0.0154509164559976 -0.134347453031377
-0.0646947582492157 -0.482666137051796 0.0958683424995882 0.112797132459031
0.31663109029388 -0.212175686003764 -0.16181996346688 0.202860863383397
0.188959657283018 0.155940402621927 -0.150750167376945 -0.109630800200675
-0.124539096716198 0.147730092613408 0.11473246664864 -0.155670943700041
-0.233944600962341 0.0238518018389826 0.222459186182697 -0.0836005022494965
-0.160361919721541 0.0260642367096746 0.171108804100387 -0.14252788223323
-0.0455516674931776 0.0124688848481921 0.0497714614959977 -0.191095445280015
-0.0181342466670212 -0.0459792075888669 -0.117854536777427 -0.206926329647607
-0.0167716223954148 0.000286878484605323 -0.1972838699124 0.0168779461061006
0.0504793300931991 0.00995135093823825 -0.0177027726738797 0.206694958887715
0.0592439743474938 -0.0776261347326366 0.0756946696904967 0.0455046811925275
0.030063752665712 -0.126646394117188 0.0464572178550292 -0.171596910729025
-0.00291670085456076 -0.0301131098151498 0.0273292466100213 -0.154212756361162
-0.131587085606648 0.0545167363141696 -0.0116679437820303 -0.12983871852991
-0.231969570665745 -0.137895834629222 -0.0195990748062738 -0.0902534967808521
0.0362279514636428 -0.312490038491702 0.0151247363950184 0.0134849104201571
0.278585651805801 -0.0401084291315431 -0.0299165707628821 0.0240214279436976
0.0959666996280412 0.229799498316575 -0.00220245099994113 -0.0744387341952406
-0.167825331559235 0.19282790982271 0.0617702877243042 -0.0962644433776692
-0.266557953600044 0.107808497125955 0.0797386175659008 -0.106457652922892
-0.245361915664286 0.16646903752411 0.0350148293844696 -0.193103893450434
-0.080677816420497 0.237861350040381 -0.111237709647213 -0.210873116670751
0.116843893503727 0.161118070143486 -0.223371584498987 -0.0568260865356892
0.174717819193596 0.0308481313661226 -0.11218085290584 0.161967921178171
0.152096467692884 -0.0706960645872783 0.0277439562254395 0.181550458157771
0.0808058844170863 -0.139619709378101 0.0374829554509782 0.0570156960051107
0.0686586969211404 -0.180128252953069 0.0248976143648466 -0.129522009489387
0.107629724074386 -0.159493903549034 -0.0127690651385111 -0.172183894807634
0.150049683699094 -0.066125455169845 -0.0201869585570589 -0.168094861452781
0.166406806413141 0.0306450140464411 0.0321555982478565 -0.109228017620266
0.125663996451908 0.125685883880036 0.0920494279829276 -0.0189979203776624
0.0411674427216662 0.215194556740582 0.0900572298021961 0.0201898503573585
-0.0955056646810688 0.239042713510947 0.0372817276144558 0.0101888467024601
-0.182211810126219 0.20762273123522 -0.00643243823374794 -0.0194467030144252
-0.147703766337508 0.205583102579447 -0.052536204770733 -0.0473179397436364
-0.0535845229838059 0.234784018085646 -0.104979366712733 -0.0645698925437136
0.0676008547141764 0.204561928027541 -0.132718838827006 -0.0108953239554644
0.185738091590526 0.120620784106712 -0.125622635064111 0.0926713274817339
0.205532153190365 -0.0142251407378557 -0.0612120595487232 0.179282738961541
0.154461888926876 -0.138748946270287 -0.0263113244466852 0.167930944257804
0.0677175450865706 -0.176187835022335 -0.02051882673146 0.109176390211064
0.0839593356335029 -0.164170722650009 -0.00865757582528825 -0.0656397752130043
0.152913377161014 -0.122656625379112 -0.0665261473285217 -0.150076068427714
0.20017587345838 -0.0297643054364961 0.000208424854683267 -0.174534496600221
0.208442850801995 0.13971138642806 0.158564571656638 -0.0696982329483453
0.0150342053609475 0.277295280425724 0.179694286659283 0.116131380736049
-0.195285618371707 0.237834801003699 0.0554752574552084 0.157221085904604
-0.247073189901723 0.159184825699857 -0.0523543277560922 0.0883000841014147
-0.17153501050752 0.197264839577345 -0.0765358375327719 0.0654438999998507
0.0542509716390502 0.234928153073954 -0.0491263412152489 0.0741820336775806
0.264953220930439 0.0500989795787809 -0.00163011010858795 0.0358039703284842
0.137076791048862 -0.233601574153722 -0.0107514293569146 0.0335764020150106
-0.11158802232247 -0.170234105285737 -0.0260870942389568 0.109173908888935
-0.0891747860108917 0.00431665905235892 -0.0329592692818703 0.128482885963345
0.030348766938214 -0.0703239321083535 -0.070560372945422 0.137559328433819
0.0173111299407474 -0.142284028738117 -0.0543798976428253 0.156595001685661
0.0682215680691511 -0.102610859380995 -0.0425873824140831 -0.0334125529897545
0.0903939111354614 -0.0125001686374146 -0.0431699740607126 -0.17179301412309
0.0262227901817145 0.0132631447455106 0.131582139286571 -0.107581695343394
0.025016757192861 0.0151689643986582 0.174917758065769 0.101534411719706
-0.0431857835910257 0.0652269969549744 0.0596621759962037 0.191830215261175
-0.199790990044641 0.0756393776009541 -0.0834068300646947 0.178104090359597
-0.261531433097934 0.0552005149605146 -0.186306236853556 0.096061632986498
-0.13496267730394 0.161351296713217 -0.137479865011831 0.14090636558544
0.188422286804492 0.173559633251623 0.10485049136158 0.164976549387879
0.358604375395375 -0.185290196803535 0.227427951466376 -0.0933970145425514
0.0241892854540302 -0.485490857857247 -0.0237113471182268 -0.126926508217266
-0.378347550250548 -0.269518045557775 -0.0468722868477506 0.132639067977368
-0.317275711113089 0.101776635252164 0.0689832705352547 0.0817345531569758
-0.0688571433031922 0.0681619803359282 -0.0356115856944113 0.0262605709392022
-0.0239865679200486 -0.0620174380613724 -0.0580809304316128 0.146888257648348
0.0410502891842164 -0.0472607887375813 -0.0607195753673589 -0.0415901086338356
0.0217669601469738 0.0254706388242707 0.0562986043326013 -0.19916239195711
-0.0530707936514408 -0.00818079556049824 0.233051540589353 0.0365147492304447
-0.00925435897384285 -0.0832680890647194 0.0371082313315087 0.209777556550083
0.0131321466556985 -0.0503224612676418 -0.0846513576451745 0.0720983099317491
-0.084721688421539 -0.010956438028594 -0.140992695452136 0.0659773294521954
-0.162411788349989 0.00183137466761611 -0.276931008671521 0.0548659390121929
-0.0756483864866315 0.0977332619318099 -0.178852007823151 0.188618729320389
0.168387565739107 0.0722307502758297 0.282745853019408 0.177723559578567
0.207881609502476 -0.208590849894606 0.3465519274485 -0.304405543187553
-0.061540916596664 -0.322343557262413 -0.144139914483303 -0.23093920352585
-0.290719126024115 -0.137172815969501 -0.0745864379766724 0.193160546255837
-0.238850482986729 0.116648128299737 0.189218086121154 0.0346656587835237
-0.0603733760879387 0.10221989225462 0.0192303286582085 -0.119133249590421
-0.0265747263882264 -0.00656448044666486 -0.0505866102605273 0.103358302644921
0.0132886183335552 0.00247699979248044 0.0426530678935759 -0.0922689493147806
-0.00195476945026271 -0.00751790880115753 -0.0408384430620357 0.174509409952316
0.0151092018469869 -0.0242289041543473 -0.229511834988797 0.0304052136619558
0.0320514664312112 0.00727541802798458 0.0172533286870187 -0.220742715617673
0.0184994071275306 0.0479307245987431 0.20638839635749 0.19347709791652
-0.00995225656724789 0.0299636213541357 -0.286893142398131 0.401164452627387
-0.007494818814334 0.00195930268925288 -0.366557868821216 -0.130857482397154
0.0187107704872863 -0.00703623228605603 0.168303254008032 -0.21572597376682
0.0266365105695312 -0.00611432008349636 0.327485280473033 -0.0306175197278433
0.020506624083097 -0.002611835074455 0.14915370654567 0.00373950292967499
0.00859818340616448 -0.00441918669194265 0.12140281761301 0.0496764253564215
-0.0083590489063993 -0.00584019872129398 0.083767196698147 -0.204993658282616
-0.0039101026098567 0.00103625658060537 -0.25045246055962 -0.168506184354896
-0.00772799563099513 0.00110944392733815 -0.139953468530813 0.225724753749725
0.0003959080467774 -0.000304088108097259 0.0886538598843053 0.0774670659599691
-0.00210292556884714 -0.00392342284336587 0.0447302261072244 -0.112591605874741
-0.0657801066282981 0.107350493287133 -0.0177669739332885 0.119609930920405
-0.21793339095461 0.0907942859283611 -0.189054323550479 0.0183349138409752
-0.266468140703973 -0.131659805502539 -0.00182914320641278 -0.197052275542903
-0.0342148011170778 -0.29140293420272 0.19114953483912 0.168677483562515
0.194882815526997 -0.152673914798781 -0.243850371551572 0.367450435457008
0.137989310462882 0.075805833722689 -0.306667540059978 -0.117652929817762
-0.0585728245341179 0.0756881591135971 0.154191602720548 -0.197087476494637
-0.113210612335308 -0.00987970080809416 0.305885063383945 -0.0377264933025973
-0.0315755734479785 -0.0160280342252017 0.174022358059984 -0.0299065057884024
0.0244028975695131 -0.0608952820600584 0.119936489899968 -0.0144077655434465
-0.0263173275405933 -0.106132831982124 0.04466239739053 -0.217367880311492
-0.0692480311665782 -0.0291610760483031 -0.237095074933075 -0.135232628667876
-0.0141977284820741 0.0260613310438775 -0.111617003081935 0.220009861165133
0.0286058497582916 -0.0285872552926912 0.0871322670918977 0.0664808915489691
-0.000754022859800895 -0.049555469931447 0.0495776048522628 -0.157503629780212
-0.073429226637869 0.110130472803402 0.0179868614579159 -0.0287677963550346
-0.30180991131579 0.153718843855841 -0.0885161898029931 -0.0527886302290647
-0.438414823185812 -0.190002357222138 -0.0151481308212384 -0.137210488540122
-0.0637166664101635 -0.487735576128929 0.0959744272105449 0.11227191828908
0.321093521411079 -0.213838675999559 -0.163430590482694 0.203020006006865
0.190153585787133 0.157884797690186 -0.151792520152064 -0.111540914548027
-0.125968940347534 0.1489412538557 0.116087881916211 -0.156110004636721
-0.237236744527227 0.0224404315227944 0.225322630944462 -0.0811188510813242
-0.161768367691491 0.0248003795370578 0.173979631784366 -0.142536972179429
-0.0463699084551408 0.0107104775074626 0.0530412152436183 -0.192360702750266
-0.0201843882352608 -0.0484270728209776 -0.115764727330757 -0.208636971938861
-0.0183234397421458 0.000568425123008864 -0.198946499550933 0.0168945385126613
0.0501617645753469 0.0112413224281469 -0.0172185918941333 0.209075676533548
0.0597392718544711 -0.0775095437427385 0.0789295731200839 0.0463094810368218
0.0300579846024845 -0.129273895352424 0.0461109132195644 -0.173453389802643
-0.00311004971014871 -0.0316686838751478 0.0276546692056138 -0.157130201543815
-0.13105670850555 0.0555749990314409 -0.0127248401806884 -0.132967162373002
-0.231296340833593 -0.139201563816034 -0.0188191103204323 -0.0925009328651275
0.0388482959755241 -0.314442784708368 0.016376351896131 0.0127738114884854
0.28397602004924 -0.0395171413198678 -0.0301374128185438 0.0230619392345874
0.0942615141009335 0.232576608881264 -0.00192239725707361 -0.0755808082642242
-0.171285216220985 0.193208117476594 0.0618827410249026 -0.0968189576076998
-0.271717109349801 0.108198099393815 0.0816314562749487 -0.106909523139181
-0.248630598884676 0.165328118091903 0.036962997358781 -0.194365708227559
-0.0831425307485996 0.240392451485444 -0.112260212852612 -0.214566694270463
0.115416476162953 0.163068317667696 -0.225217519148876 -0.0558074287261008
0.175012184056691 0.0319737277957717 -0.112773238400614 0.164483323590327
0.153939172455506 -0.0695129644187618 0.0294199427165378 0.184717028072958
0.0826186676116577 -0.14070212963385 0.0390092795945584 0.056272815254736
0.0707225988563766 -0.183931316761324 0.0243809899384807 -0.130049104340586
0.108971412529981 -0.161962648710317 -0.0127901241349066 -0.17500850186028
0.152858467198153 -0.0678508776672304 -0.0196681507018416 -0.170194431849178
0.168897198311746 0.0318074391143293 0.0336021149360574 -0.111879741150338
0.127463190858632 0.131008186336515 0.0938850303958007 -0.0197730064084264
0.0404248613826242 0.217453246986224 0.0908159188316671 0.0206073181235405
-0.0979497507892911 0.240546778201057 0.0372126634312352 0.0111639827961705
-0.185666455571642 0.209399474886559 -0.00689308421705683 -0.0191376579845461
-0.15117718935102 0.205491987034778 -0.0528651795834188 -0.0479610465247167
-0.0553127849855986 0.237296074895242 -0.104247048801068 -0.0650784940368642
0.0684614457508296 0.208878769938878 -0.134145185992309 -0.0116723154324487
0.188654624425062 0.123725940071026 -0.127269984921135 0.0941779868274204
0.209136364587486 -0.0138530068255344 -0.0626998515000164 0.180925564070585
0.156197426282067 -0.139729557904192 -0.0248237681569126 0.169432491772393
0.0693449145449765 -0.178279173199413 -0.0194711361000559 0.109612923569705
0.0862136714624914 -0.165650943532123 -0.010334493228366 -0.0652263383312286
0.154708902288156 -0.123038262567101 -0.068092691351415 -0.150870252448628
0.201766433295229 -0.0300656270144094 0.0010173514497356 -0.177045998311927
0.208730637113663 0.141718718765626 0.159545688163615 -0.0708616765861471
0.0141630551743161 0.280710191914707 0.182220189316205 0.117619640163498
-0.198807342800517 0.239517276178427 0.0536973999720939 0.1589132582846
-0.25199196260624 0.159343448226614 -0.0539845603577248 0.0896965093720983
-0.174510940250244 0.198719629837031 -0.0780479220640099 0.06622377608692
0.0522071929926476 0.237653819990005 -0.0498750471208149 0.0747713084115616
0.268146627305355 0.0507970813759209 -0.00178800650388951 0.0373276622386183
0.141140056841372 -0.237263271164902 -0.0118617683199988 0.0355827824965474
-0.112186558557811 -0.173040121663153 -0.0261861662598175 0.112085971516693
-0.0884763849192301 0.00334024126384764 -0.0354678594296489 0.131874356969266
0.0312422393728907 -0.071957037952457 -0.0716464316348237 0.139713435554656
0.01762265709781 -0.144399239464522 -0.053590298752573 0.157403961621723
0.0699142980888992 -0.10323683216702 -0.0449308886002077 -0.0341167118941362
0.0916213877066294 -0.0121928084160894 -0.0443615664058495 -0.173308294955346
0.0247223235584887 0.0138126680774399 0.133352402288797 -0.108798132465915
0.0239242820177154 0.0134230797707128 0.174137380791109 0.104049153957243
-0.0446613887048093 0.0638567796129809 0.0594563429490487 0.193075995180124
-0.203096643616154 0.0743116830899257 -0.0853840023702752 0.179759569286825
-0.265818482029823 0.0542829441168005 -0.189201290924511 0.0964509289107377
-0.137350324162846 0.160220221497115 -0.14053607060656 0.141622040687321
0.189499473307069 0.176055134102347 0.104874890288771 0.167899455920111
0.364461017434612 -0.185990924387279 0.230673363436381 -0.0916234421694441
0.0265241760463199 -0.492375472060433 -0.024002930278955 -0.126534076454229
-0.381406698582139 -0.27397317566519 -0.0471377499956367 0.13520390175643
-0.320226428957027 0.100408254059693 0.0698539011416121 0.084077011019188
-0.0697746192952485 0.0672747051082641 -0.0369124436156178 0.0280472659715261
-0.0232545669181469 -0.0636837459518689 -0.056285433658027 0.14944056566932
0.0417275357509776 -0.0470430091736407 -0.0634517517010871 -0.0432698471234428
0.0202110979904242 0.0248636200754501 0.0566168838344514 -0.201920337120834
-0.054451731835863 -0.00891791261436467 0.235724179113359 0.03802709997842
-0.0104398918651889 -0.0853172480202135 0.0347009919694394 0.210310339847635
0.013968708010768 -0.052993268547432 -0.0853375351112622 0.0693443753167063
-0.0860301691180266 -0.0115139305134991 -0.142087411775179 0.0640094962188998
-0.164734620614381 0.000825920345497333 -0.281497265200534 0.0531373660103161
-0.0765025194336866 0.0972530654474582 -0.181132527227129 0.190419882958592
0.170906188457827 0.0741783812139298 0.284545208237726 0.18197817675566
0.211980645494885 -0.21073332203218 0.353745023633522 -0.306834546227828
-0.0602634896018878 -0.326419616375004 -0.143705336432297 -0.233498914915166
-0.293549622802533 -0.141575914265579 -0.0763832010844312 0.195497652301716
-0.240215846621715 0.116344946120979 0.191123084796707 0.0363392232343295
-0.0620459995369307 0.102330956011994 0.0194859893123904 -0.118660076122924
-0.0270553066026794 -0.00716441720913731 -0.0508494006858716 0.10349583846799
0.0137156630515495 -0.000763906405000621 0.0417108430081613 -0.092643625648327
-0.00193600302955241 -0.00797461540771371 -0.0438008455666652 0.175254019870448
0.0157509031880066 -0.0254659427610909 -0.23371593702165 0.028574412589328
0.0331488126932303 0.00651207777637127 0.0199368109014353 -0.223940761332849
0.0191359613298878 0.0487245319755908 0.207371664199958 0.197431453539262
-0.0107916058389361 0.0272033855885283 -0.300284276421028 0.399661254160588
-0.00696599562231433 0.00109266563169625 -0.370043219689803 -0.140042031886227
0.0196751047104079 -0.00763696095904621 0.174112479744949 -0.216945805088961
0.0251403584025959 -0.00831714870578215 0.333574941791824 -0.0254976230640565
0.019956547757289 -0.00395038314444704 0.151212811996732 0.00860481183674999
0.00775382977037629 -0.00511915379945214 0.123704804601349 0.0570245814700166
-0.00981589801445738 -0.00600015561714751 0.0904281621039942 -0.205893464476251
-0.00530419602077791 0.00224678499328931 -0.254929282885507 -0.175935661701055
-0.00758627947064938 0.000858408961050777 -0.14645318330778 0.229767797648406
0.000960262061772246 -0.00184142502185206 0.091836482367197 0.0831390141291066
-0.0029357066730987 -0.00584326899566914 0.0450783634921617 -0.113239631976399
-0.067582533180777 0.108528686564438 -0.019379557736927 0.119776923088335
-0.224630888372115 0.0911506139648368 -0.191935545896014 0.013595091826916
-0.273464553781987 -0.137333595705613 0.00306973847069439 -0.201909447709037
-0.0320485612491202 -0.298855668894438 0.193017702686357 0.172919735120105
0.203054865889053 -0.15555849854643 -0.255024375182419 0.367649881894158
0.141545704789947 0.0781615469211947 -0.310019888013273 -0.124674265442566
-0.0592629426891141 0.0759044325702329 0.160891739280157 -0.198714369937277
-0.115793003309346 -0.0125622833742689 0.313076284605755 -0.0316604613686548
-0.0323039889884941 -0.0190282196851442 0.175657402125101 -0.0252839624570882
0.0250572422000651 -0.0625000605911817 0.122728449314836 -0.00865577614320452
-0.0270722952011627 -0.109595879099208 0.0503755826582823 -0.219171982494483
-0.0706654984055565 -0.0301931496022049 -0.239384916641999 -0.141090742413635
-0.0150691957930356 0.0268215645666355 -0.115905091284822 0.224299390811485
0.0308013852087421 -0.0289268374122394 0.0898268960099632 0.0717355454883015
-0.000459810012538307 -0.0527219519646759 0.0520423022089225 -0.158612530992812
-0.0750885118329246 0.112211034833546 0.0183476205127667 -0.0311932728898018
-0.309485711103307 0.151656170149717 -0.0882715748227495 -0.0581702501370868
-0.447869911893234 -0.199301092785297 -0.0102243259560235 -0.141809058913871
-0.0603663994808611 -0.499773447930491 0.0982982535592259 0.114819233733607
0.333344466845924 -0.216473362594611 -0.168923083198789 0.20408061775336
0.19060082986282 0.163759648249405 -0.153158001351505 -0.116083742149944
-0.129991083533659 0.149271943601386 0.121833911939996 -0.157083281108261
-0.241336031649097 0.0182397282451257 0.232412287687757 -0.0781153942703278
-0.165887913429292 0.0206157403644392 0.179056297954761 -0.140125120123381
-0.0480211785620509 0.0100585858376628 0.0570998949662191 -0.192281987466833
-0.0217647624167229 -0.0496740855428777 -0.114022879217321 -0.213245041415787
-0.0204773935273921 0.000332369760420105 -0.204617180091155 0.0143437702400596
0.0509926391415302 0.0136800361176289 -0.0204011635894728 0.21547377370487
0.0628198407716958 -0.0759251273597327 0.0810949393267182 0.0499086911084655
0.0300411315557631 -0.133982391384375 0.0492831728626494 -0.173305091340907
-0.00254075747069286 -0.0339770864460014 0.0310432576350111 -0.158637371286479
-0.133093880278371 0.0542519712598218 -0.00994518436292965 -0.137164187511285
-0.235544424089197 -0.145275391337504 -0.0160075794811192 -0.0956727945072575
0.0434381255074584 -0.319614844557129 0.0184797613332706 0.0124066657808631
0.291170668844522 -0.0358184201063454 -0.0318685067922283 0.0228516420607499
0.0928243504983928 0.238345081730374 -0.00261678248564996 -0.0771544440792818
-0.177319488876768 0.196130067194521 0.0646108591489128 -0.098456420307866
-0.277589361539362 0.103807749690376 0.0863261818497428 -0.107020482763106
-0.25614762383644 0.162443799658787 0.0416359602462537 -0.197284210695574
-0.0904508929442731 0.241595244273128 -0.108775941638476 -0.219559308591902
0.11366282356816 0.166639527014004 -0.228418654740507 -0.0593200729518018
0.175174746197939 0.0340857294280022 -0.117769706650864 0.168295468648526
0.157565986858326 -0.0677622009332127 0.0291732061017549 0.18918784949128
0.0863761383367831 -0.140276319638921 0.0396745608869173 0.0589103942169365
0.0740204736534287 -0.189145849864682 0.0261070327674066 -0.129069990123166
0.11319312459049 -0.165626611392072 -0.0110734862906688 -0.176078579696705
0.158587780177297 -0.0684337098972101 -0.0170692427689332 -0.172887848175471
0.175414844013318 0.0344722197189836 0.0344037658577771 -0.113208065676957
0.129123009286299 0.13646193739675 0.0947570536162378 -0.0189066161323511
0.0384647529114135 0.221243143183192 0.0896512763736186 0.0210693617356824
-0.105563810029108 0.242617554075441 0.0365704427972788 0.0107346024547791
-0.191957366428427 0.210989162038031 -0.00726357857943751 -0.0207891679598173
-0.158301660448723 0.205395560410512 -0.0515530749924782 -0.0499153802540701
-0.0610939656470422 0.238341973711039 -0.10421317165586 -0.0685622873748866
0.0642484385114733 0.212590759207086 -0.135612107560893 -0.0136406304501668
0.190419867477583 0.130563588058395 -0.132468166917234 0.0955250454384375
0.213674178800615 -0.0115771264347392 -0.0675064087214836 0.188155231519374
0.16030433490203 -0.140769432414787 -0.0273723255303325 0.174185549220321
0.0736360077045883 -0.179199602573543 -0.0201753733236282 0.110968823022225
0.0893550941023151 -0.169419911229892 -0.0107653493984148 -0.0636490178374744
0.160620651390329 -0.124382079139683 -0.0680159498993146 -0.152467775271337
0.206025732846587 -0.0292092829441491 0.00277950169765207 -0.179607983048368
0.21334443719781 0.146053358287754 0.159979295637196 -0.0694618101274632
0.0111920782778611 0.287724991106205 0.180994756574123 0.121084963172231
-0.207099223623549 0.239731093014946 0.0489116497492652 0.161268273948206
-0.26128984558768 0.157070506622064 -0.0576147753894708 0.0885701868237764
-0.179792242867491 0.198785691444185 -0.0814717553595349 0.0662123589980579
0.0482584335293845 0.241155881149463 -0.0511507322731964 0.0751634283911257
0.271498505789808 0.0549394114537007 -0.00283609188017581 0.037886849154778
0.147214392937 -0.236504754445139 -0.013410031766716 0.0373596685187679
-0.108192628915688 -0.176560167512534 -0.0280689280039577 0.115863820980661
-0.0879370319576497 0.00158935138534732 -0.0386519811467872 0.136294309633217
0.0326531033199325 -0.074151656038882 -0.0753398577153434 0.144109955749654
0.0208547105171674 -0.146063251566992 -0.0562313285667646 0.159347301835662
0.073118355595029 -0.10435819430311 -0.0462194943893618 -0.0344633261127074
0.0953475798976481 -0.0114927353570166 -0.043038699866754 -0.17556048327078
0.024004674125292 0.0151109932289496 0.136194656031616 -0.109213133700967
0.0226309431671388 0.0118804915048267 0.173034328334433 0.107463416730482
-0.0471946471590807 0.0631950102340572 0.0560309988139383 0.193506388731035
-0.209822542906558 0.0713338454829471 -0.0904578909766354 0.177826338921346
-0.272710900314905 0.0502927882137296 -0.195091573548606 0.0927984323672395
-0.141804219079364 0.161903066138272 -0.144236657879896 0.14367401468837
0.188737348776018 0.181124967103989 0.103780619159874 0.17165539648844
0.37145674677196 -0.182034086954762 0.236314626771524 -0.0900895359358812
0.0365740940131934 -0.496915151820365 -0.0236349045384333 -0.126614900209248
-0.380533851168282 -0.28641617061219 -0.0499703910651699 0.139504590923937
-0.324890965918059 0.0987482974290824 0.0695369107913771 0.0870935382884262
-0.0711430705060293 0.0665228648059445 -0.0388366123615304 0.0294548050747482
-0.0238543844811428 -0.0649527400935822 -0.0596946356257931 0.151409058422951
0.0432322933138819 -0.048060439236159 -0.0654189213418024 -0.0457364943252022
0.0206735999989502 0.0264724079177077 0.0590610248917108 -0.204874473888006
-0.0556508745777181 -0.0107486883357485 0.237716696191773 0.04206697874427
-0.0106386408185729 -0.0902100852844431 0.0311247647945653 0.214031791230417
0.0150882504923673 -0.0547708024057506 -0.0881541267849451 0.0663368223707343
-0.0882596254224033 -0.0138235020785529 -0.143663977453496 0.0598962246512676
-0.167909667628102 -0.0024841503822944 -0.286233132863021 0.0485649541653466
-0.0788989458583501 0.0970590575664275 -0.1877292871871 0.193667965145335
0.172468799916857 0.076616109646062 0.285839671902698 0.187401552362675
0.216103380566891 -0.211014457667425 0.364126111851905 -0.305544956705432
-0.0551848388430406 -0.329357378172318 -0.144314162792681 -0.238432505206612
-0.292627547094489 -0.14796626771237 -0.0797797089051313 0.201955839832016
-0.244077359191123 0.113352100858032 0.196007124464555 0.0383932060425515
-0.0639744637121613 0.103224172872973 0.0208038764597055 -0.118564908022731
-0.0269809100334515 -0.00776550547111968 -0.0520266451481166 0.106319851733495
0.0119505051657906 -6.33313343224974E-05 0.0375888737014063 -0.0960186716780211
-0.00221967048818759 -0.00866259407688777 -0.0403487380145289 0.178125680674063
0.0145238441350593 -0.0258623257139606 -0.23665771815827 0.0334917763345704
0.0335916806559795 0.00367764872420871 0.0138102070207832 -0.228177944529603
0.0211029408084763 0.0481795553904223 0.214531817454023 0.19405790999012
-0.0106739288829046 0.0284056584082585 -0.294337987810838 0.414199718397723
-0.00799337426830502 0.00081221965233302 -0.376199274614298 -0.132384822420035
0.0194723786827197 -0.00892053799135649 0.171470436151299 -0.22228751373595
0.0238782823142999 -0.00919325953056099 0.338263193683491 -0.0326660432155542
0.0187061015452998 -0.00488813031688264 0.151315192516825 0.0075960443154474
0.00644293943162273 -0.0061322269597963 0.127249687272126 0.0595400403351355
-0.0105592395034271 -0.00626336462198346 0.0887155555452594 -0.208424105914293
-0.0051336465765448 0.00274804227347905 -0.261164008347976 -0.171267997129532
-0.0069148268699943 0.00111665316100035 -0.14225554853686 0.236697950307333
-0.000210724525540899 -0.00322560310455929 0.0973427344951039 0.082932921013569
-0.00440068679417166 -0.00686235204178322 0.040870458599538 -0.115986095100221
-0.065564310570065 0.110889989292996 -0.0161981863780235 0.12041892709158
-0.225587224245736 0.0971507600852008 -0.19498816898812 0.0187216590075644
-0.27918739105788 -0.134454407825039 -0.00223177131895962 -0.205676842033205
-0.0386962916432135 -0.302345998651197 0.199918983206318 0.169915407112338
0.200540317110231 -0.164101589420468 -0.248225271758857 0.379145492127155
0.144353611301691 0.0760871292652294 -0.317861349733875 -0.119338959844513
-0.0590801983231363 0.0787008622843145 0.159385574988021 -0.203725941263824
-0.118649438064947 -0.0103952183787719 0.317682291493069 -0.0377512891603401
-0.0328716545289008 -0.0197096327005682 0.17606183141477 -0.0268308243647812
0.0233430918929223 -0.0645247143943478 0.125105987434363 -0.00821175220849127
-0.0308898875552263 -0.111209987236611 0.0491092040585507 -0.220738026954336
-0.0746649866634791 -0.0289525182406031 -0.244602214410033 -0.138637339851548
-0.0135474154950676 0.0285138989586015 -0.11186199452902 0.23082464939885
0.0299483849395339 -0.0305678257851625 0.095697879382163 0.0722641646648435
-0.00381010826087663 -0.0538613897966457 0.0471023652262781 -0.162729833939136
-0.0736254899426718 0.113664446793723 0.017969979599206 -0.0329100108716036
-0.309427931797128 0.160278873837587 -0.0921937375989289 -0.0567110301720904
-0.458119950287969 -0.192753621527507 -0.0134094468348101 -0.145730334374979
-0.0720647785671941 -0.505882815766483 0.103627821940974 0.111682547153137
0.332608225175628 -0.227923636221051 -0.16551507000201 0.209260297631328
0.197527639924199 0.160985339899075 -0.156541171226141 -0.114151799329564
-0.128568566847565 0.154758230717643 0.119782095196784 -0.160491448878097
-0.244090526735842 0.0241900662459863 0.233870382912227 -0.0839387235661106
-0.168263347426501 0.0240802173759215 0.178293106860844 -0.14422810028415
-0.0485252045076176 0.010056417444669 0.0537008997238544 -0.194142392790365
-0.02565600662219 -0.0512736066259252 -0.118612718660685 -0.212611610802236
-0.0231189483350431 0.00122108633863154 -0.205258714675477 0.0196783944295393
0.0509350511614863 0.0142679417840193 -0.0131604421768825 0.218104263326877
0.0619666971805728 -0.0777255033957503 0.0848288585879176 0.049520140343391
0.0269251586662707 -0.13803301827806 0.0432826704410121 -0.176821199691973
-0.0034636184598562 -0.0354040705520042 0.0264223035777076 -0.162106170124842
-0.132415671217641 0.0564666691669986 -0.0132460545120662 -0.139415523385754
-0.240509324677157 -0.140477715629096 -0.0178621216769105 -0.0988553570607066
0.0383319481369172 -0.323400045973583 0.0190475597074431 0.0110563549677276
0.29488990440503 -0.0436070118478996 -0.0311693769481225 0.0231318192928228
0.0980811872809949 0.238159848181434 -0.0040136091533222 -0.0784383719339547
-0.175445296061373 0.203025417384598 0.0630724628794666 -0.100692740598498
-0.280364080119057 0.111408047197907 0.0852712962810994 -0.109679909921789
-0.257433375331549 0.169577272126804 0.0381115176529535 -0.200606247834487
-0.0863540861679266 0.246836701284019 -0.116356830786829 -0.219669502321391
0.116746469294719 0.165579538274407 -0.232728657277933 -0.0555873163073744
0.178198100197892 0.0326570760840451 -0.115252024898634 0.174017715626667
0.157696491337793 -0.0705906377110244 0.0348208114945819 0.191447376270584
0.0851512572620174 -0.143363714321263 0.0436363890215465 0.0579641425578254
0.0694708457836563 -0.195115260464477 0.0218143936491952 -0.130646507716206
0.111129774131339 -0.170094260542214 -0.0167019552139509 -0.177692117293762
0.159899444767271 -0.0731245072055033 -0.0219278400722423 -0.176585441172217
0.179380408816241 0.0300596774742364 0.0312757156233463 -0.117236431085364
0.134930395062179 0.136962908498192 0.0969261485157602 -0.0210354308670298
0.0442513679059183 0.223490534509353 0.0897858036596955 0.0199763292127264
-0.101269212581867 0.246399803132122 0.0366516532159094 0.0107178521696423
-0.190568085687483 0.21743890769002 -0.00861317452313632 -0.021031109868939
-0.157719589947768 0.210124206421772 -0.0531747872060995 -0.0501143331857377
-0.0565817787337562 0.242819446245042 -0.106614051706565 -0.0668479290350352
0.0706130187920379 0.214856878139535 -0.137801003518571 -0.0107408562827956
0.195781844897506 0.128079222195378 -0.132446408717851 0.100538713191803
0.216635308682202 -0.0171051033312408 -0.0645417439306063 0.193155491653919
0.159791492403361 -0.145272472142435 -0.0237135245935291 0.177249873769512
0.0708609753500718 -0.184592475837208 -0.0165791102799994 0.111919586125348
0.0871517942512925 -0.173986847064695 -0.0142351060386175 -0.0634506668856564
0.160263912990732 -0.13075927371904 -0.0737181929354649 -0.152939855132083
0.207317644536605 -0.0335199502815228 -0.00145368157292693 -0.182874152636221
0.220091067299947 0.142786987564877 0.158488595688768 -0.0736642589192221
0.0183215456141784 0.292255168078655 0.185691046009576 0.117746146804712
-0.206288926207513 0.249058077034715 0.0535159756071587 0.162242644157966
-0.262574226246956 0.164320035602086 -0.0565011362726846 0.0905983545201348
-0.178253277566918 0.204472959652585 -0.0812443762268951 0.0702050138334164
0.0538028970138789 0.243365782688922 -0.0504725696776908 0.0770736219780393
0.277917216484611 0.0491407615846497 -0.0014734211729762 0.0392021462018278
0.143794036902818 -0.244112821587025 -0.0125856976891475 0.0397083238303978
-0.114097564046038 -0.176299241020424 -0.0261685159878634 0.118704887992966
-0.0866520122271487 0.00283168681511601 -0.0365230613070829 0.140590171036944
0.0313982643132366 -0.0776662445566018 -0.0728044593216619 0.148024121815772
0.0171204884011763 -0.150316219973836 -0.0511533329358989 0.163205884248612
0.0716743230128126 -0.107156818577003 -0.0507693394794957 -0.0332424253442182
0.0957969839525908 -0.0138727341761609 -0.0495959334320341 -0.17639994985617
0.0231066901203389 0.0143424212667427 0.13530329209897 -0.113505732959074
0.0216360767212324 0.00969691804470287 0.17589388770633 0.105703907243838
-0.0460349673801276 0.0630156337068193 0.0609104299575263 0.193045073270227
-0.21125627120625 0.0765368266002481 -0.0872875422064908 0.181027936658074
-0.276298960573806 0.05700251364852 -0.19702497430728 0.0978668088410148
-0.139997721345901 0.166106114608618 -0.142237202032074 0.149692332286786
0.196295241727546 0.179516682029566 0.108464343300639 0.172522686271207
0.37377451937669 -0.193507603200311 0.237091201875079 -0.0951736521867336
0.0260346867407183 -0.505993129697214 -0.0275482758175684 -0.126142629839256
-0.392146872924589 -0.279362292658564 -0.046930581530688 0.143853754517437
-0.325993427329867 0.106355585569668 0.071849170141185 0.0875975392931965
-0.0708527337194857 0.0675527099699305 -0.0385110652814427 0.0336174254754128
-0.0251448868777635 -0.0659497228662409 -0.0553421007671809 0.155587620523676
0.0431048251044762 -0.0491617817139196 -0.0694036583451124 -0.0452683689727433
0.0203452260130226 0.0264035636041584 0.0538661646005381 -0.209446955913794
-0.058241902131769 -0.0107691485682081 0.241763741441869 0.0371317647218572
-0.0140762712039829 -0.0927868185671553 0.0352108768539939 0.214620925335627
0.0135383085720547 -0.0571578640316799 -0.0887092049583573 0.0662476549254114
-0.0904209000676667 -0.0120889939782018 -0.142995160463431 0.0620464481900682
-0.17006861998145 0.00138839376818184 -0.289011394014556 0.0554740990331161
-0.0774946250768472 0.0998907026644033 -0.186092565091748 0.20011267319937
0.176845903987819 0.0735860670881549 0.294523659606437 0.184604217921549
0.21379154707064 -0.218740620988711 0.362041965784837 -0.31902944001819
-0.0624553809142409 -0.334578286510802 -0.15178814135745 -0.236854569706682
-0.299735093331017 -0.142730889122848 -0.0756280089252344 0.207740325550621
-0.244229524514333 0.121899366078091 0.199353119994296 0.0361382960661499
-0.0620138571273965 0.104768240553219 0.0180892581986754 -0.118606745886499
-0.0276480096077225 -0.00747338668144673 -0.0488511578853801 0.109956440811467
0.0115897485641328 -0.00108910280616711 0.0343272740288568 -0.0971563249317586
-0.00320643593523536 -0.00917859292220944 -0.0357260084522484 0.17966748726269
0.0124112932657143 -0.0268800700528153 -0.238575561639766 0.0404960351731667
0.034388124370466 0.00243686103092672 0.0075511273732986 -0.23208898340506
0.0234721751800292 0.0484529015408246 0.221447695267328 0.189796627218392
-0.0112919376837514 0.0280575197024969 -0.284616821229368 0.422868938149172
-0.00820116102249361 0.000831928775557253 -0.382721263892361 -0.123918954214274
0.0191892456292888 -0.0111907061428857 0.16846125203944 -0.226764178854529
0.0238408478915677 -0.00915059531837518 0.340272274281065 -0.0411047319255442
0.0177924078856404 -0.0063157799113376 0.150758108159166 0.00682909359919458
0.00553798219360148 -0.00591095214057805 0.131862232536047 0.0606181075613105
-0.0106502054496606 -0.00657942916178357 0.0864523448950019 -0.210368848976279
-0.00501586281732783 0.00316132048150342 -0.266721760280402 -0.166726176511774
-0.0060126860353202 0.000940306083611639 -0.13777349842978 0.242813374976415
-0.00134923915321261 -0.00292416073601247 0.102261499260616 0.0817974783399854
-0.00487712226227529 -0.00740256617587262 0.036589045060466 -0.118035775837309
-0.0638533350853681 0.112952944489097 -0.0123604878967975 0.120960437523572
-0.224881265083617 0.103253964466147 -0.197040933815123 0.0232407919032964
-0.285192062367986 -0.129612144469441 -0.00734418019957345 -0.208934828358226
-0.0464333474142517 -0.303430598287872 0.205463544503075 0.165060049278326
0.197244413758455 -0.169650440534627 -0.240410459202234 0.385628790792271
0.147211912560475 0.073540376925703 -0.322928682595757 -0.11233559330756
-0.0573465417129004 0.0788839073713222 0.156374942701074 -0.206362413800124
-0.119529940612761 -0.00814011887995409 0.320018639847238 -0.0452666861828435
-0.0346708750117103 -0.0204886037122973 0.175659858336422 -0.0300898908599614
0.0217868985843872 -0.0662439137277861 0.127026381431687 -0.00710287535244698
-0.0351821290736628 -0.112406280682361 0.0460244926363362 -0.222308850914649
-0.0775465678524713 -0.027570002493375 -0.250361588950672 -0.133913364000425
-0.013476048100061 0.0304619712132552 -0.10560088654275 0.235425507361826
0.0292075723922895 -0.0310128242620819 0.101170526274337 0.0721935342882486
-0.00583541669529866 -0.0566368185062536 0.0416318887137705 -0.165916567434204
-0.0715054932742269 0.11482627837781 0.0177733641898481 -0.0348876680263917
-0.308733133283151 0.170107231995531 -0.0942546602837645 -0.0556789536624566
-0.46680271131497 -0.183035776385299 -0.0166118227606674 -0.148220645231332
-0.0858242433721418 -0.506458598605236 0.106755817599137 0.109912021629064
0.329955863053915 -0.237523764911788 -0.161916643061998 0.213991394974663
0.201711006124642 0.158523981771606 -0.161017982146163 -0.11030720866272
-0.126164370916016 0.157706234796948 0.118503376094263 -0.163787710239847
-0.244700664968099 0.0290100111106504 0.233806271785435 -0.089306688163139
-0.168476291718865 0.0275251003080174 0.175900336566919 -0.1471027058898
-0.0484858417906278 0.0106722816405307 0.0491210870765566 -0.194490216828987
-0.0291165486931612 -0.0525926617242866 -0.123114467965863 -0.209745454935262
-0.025568907500341 0.0020912329902269 -0.206146720160868 0.0244472732578822
0.0521609779037682 0.0146756932735204 -0.00722662335379039 0.220633532169533
0.0615951731056527 -0.0789897119630831 0.0880961555049489 0.0481252196398732
0.0223915140278167 -0.13973318801138 0.0386839418420827 -0.17891381545726
-0.0045075647231698 -0.0361184872307877 0.0221211496674424 -0.164617481841078
-0.131569138239074 0.0583814651100429 -0.0165648694770014 -0.141208210872815
-0.244228837145683 -0.136359921544033 -0.0204149141255886 -0.10098669636455
0.0315447033907897 -0.325859854122391 0.0201458924641893 0.0094346479365328
0.294735178976615 -0.0532874172496461 -0.0306243398760382 0.0232772299965578
0.103139401575786 0.237739397964304 -0.0061476942928316 -0.0779873889844967
-0.171378209987166 0.208380695864014 0.060347755568912 -0.103067141359856
-0.280671938408665 0.116700231839799 0.0826090339718341 -0.112543466754851
-0.25559172139087 0.176775793206536 0.0341763197169235 -0.201867796425113
-0.0806372303200618 0.251086047976839 -0.121577109860566 -0.218797812787872
0.12038304078767 0.163483978521323 -0.235104452659349 -0.0490006361114908
0.178985233281188 0.0286950481657896 -0.110216241556635 0.177797032846611
0.156977904951904 -0.0729783687620391 0.0413018118749338 0.191576196354039
0.0824636362034636 -0.146043070574248 0.0468051004130253 0.0557562256898148
0.0650400134799837 -0.197504051071493 0.0174806082584712 -0.131058981004742
0.109637136039779 -0.175402564784199 -0.0222537016179072 -0.178447354525826
0.160510847579773 -0.0780886211475691 -0.0255502929574901 -0.177914866503535
0.183925002335552 0.0270952798265907 0.0282449477784616 -0.119553015453128
0.139064597891823 0.136099045161832 0.0972080304729626 -0.0254796829727523
0.050282713331979 0.223580178064387 0.0907228751587565 0.0174874902499384
-0.0982530441777703 0.250687223980662 0.0361589616935856 0.0094547302240852
-0.186052899337933 0.223294693212905 -0.0100657415978901 -0.0209622326358626
-0.156222925021886 0.215745698643971 -0.0561054585234492 -0.0482684668191067
-0.0519087014862425 0.245576896708053 -0.108581170150065 -0.0652486825512514
0.0746394225508616 0.215946720263707 -0.13920452542641 -0.00750537194808867
0.202096592919122 0.123083181173779 -0.131488156062361 0.103717509958393
0.219165161263421 -0.0215385623496682 -0.0597741201065527 0.196616071290071
0.157761159462334 -0.149730571221214 -0.017585439760168 0.178869576349429
0.0668166426764086 -0.188305854221418 -0.0124969423012831 0.111128953534152
0.0837260432740135 -0.176018911339894 -0.0172569228079757 -0.0625403138807246
0.160202045260028 -0.13500415851685 -0.079385955163393 -0.151429442860399
0.207061755196254 -0.0379936912565825 -0.00636837643692874 -0.184604819555491
0.224974635542912 0.137460930270147 0.155693073172433 -0.0773221998331736
0.0248707185094202 0.294928267865373 0.18909303102536 0.112026693211092
-0.202225472842107 0.255120436826967 0.0572882218459119 0.162546236776756
-0.260769818835751 0.172521921229934 -0.0570287574073649 0.0931570173321622
-0.175148811605741 0.208959519684811 -0.0805483021620997 0.0715981187620947
0.0595222928550524 0.242667136944213 -0.0490990248589507 0.0794204025053226
0.280480703253278 0.042375746720211 -0.00108767390412687 0.0398347640149763
0.138958671988387 -0.24873597552113 -0.0117853423502468 0.0413859194713011
-0.117011237092983 -0.17389811587344 -0.0232441764309847 0.121054535381344
-0.0853338210759251 0.00450651518583157 -0.0346317690426319 0.144714122294943
0.0298819925181374 -0.0806112861834043 -0.0694437445226548 0.152216186457488
0.0133784144932202 -0.151871958060207 -0.0468902032937517 0.165283048349141
0.0706602432438314 -0.108324329707986 -0.0536121739048293 -0.031935468137476
0.096569599725699 -0.0163321518116793 -0.056110784589092 -0.175773579414326
0.0230838304702905 0.0151281263946171 0.132597577981086 -0.117161601199794
0.0197154002992964 0.0078101991118574 0.177915246285069 0.103464841680607
-0.0450136276134408 0.0638676751254103 0.0638734926839978 0.190925581836186
-0.211739590647654 0.0827196741685908 -0.0826218719894964 0.18378781823547
-0.27712186173246 0.0640799975038914 -0.197548986945541 0.102965137967292
-0.136996323421199 0.168901132146341 -0.139956462619798 0.152971036728084
0.202781837205731 0.176318429166277 0.112931663413675 0.171341210523601
0.37093371941195 -0.203611947463272 0.237562099745562 -0.101683775043799
0.015358367630623 -0.510235320045373 -0.0303670485488684 -0.124717543308442
-0.404833029305893 -0.271897577780772 -0.0434877035344835 0.147792521654484
-0.323744894502111 0.114636469967138 0.0742984380780762 0.0873799458095138
-0.0703563304149392 0.0675407044241357 -0.0393645423707283 0.0360177935382819
-0.0264824135997161 -0.0664025685176698 -0.0498354965267357 0.159092358043156
0.0429577987113107 -0.0497642120203875 -0.0727106328588475 -0.0450752686376113
0.0223625320476906 0.026427363815598 0.0476793078391033 -0.212260871252916
-0.0589103069325999 -0.0108149866469431 0.244261832928942 0.0315458197278803
-0.018739857033009 -0.0943261279612421 0.0391712592700185 0.214359505180065
0.0128669113386661 -0.0595058440076348 -0.0891432527083707 0.0647142097806677
-0.0913126300306423 -0.0101380584507978 -0.140895759320647 0.0627642142693622
-0.172273014810826 0.00547540724843958 -0.291128096619491 0.0617847955491341
-0.0755409681156939 0.101204057979668 -0.181880405130739 0.204997488460686
0.180856397136762 0.0698288047026924 0.299845682433754 0.178214114057993
0.211281491274258 -0.225802009853271 0.3576770611752 -0.330388161900492
-0.071352023547147 -0.336355620515972 -0.158977389276944 -0.234461813493033
-0.307181760450859 -0.137597022779263 -0.0699413763390223 0.213233775697848
-0.2427162173236 0.127360137333553 0.201667600013379 0.030974991135961
-0.0601286846525195 0.105948661542571 0.0148303580579936 -0.119017056674696
-0.0273238671527668 -0.00729769947873526 -0.0454121713359455 0.113471725442931
0.0110892770691642 -0.00103242072104244 0.0304288353373695 -0.0988864587397617
-0.00351713314041429 -0.00939341556842345 -0.031074137665114 0.180704077304999
0.0116851422230885 -0.028062904702876 -0.240033883330015 0.0454910135956685
0.0337094321406774 0.00108701356690444 0.00143498192189297 -0.234644073880367
0.0244037692693999 0.0472379827206413 0.227847023903328 0.185758540552221
-0.0123588496640183 0.0286475332322873 -0.279157583946462 0.432038668601957
-0.00877262358815439 -6.91356781360002E-05 -0.388309540542188 -0.116997703044223
0.0184053211734648 -0.0119622997950245 0.165940594041731 -0.231758290825327
0.022924774688677 -0.00968560592649122 0.343318005600757 -0.0466356049951672
0.0173044505417335 -0.00632541547084455 0.151021892004058 0.00643071650897072
0.00451827859891062 -0.00620481685370109 0.135740064547775 0.0616194061254889
-0.0109170218905356 -0.00591469500397556 0.0844847600659808 -0.211455381378485
-0.00530828032885408 0.00353747838224061 -0.273296832445865 -0.163320195141574
-0.00573286600106686 0.00129970954914629 -0.133986514196959 0.249081266887143
-0.00217466637868453 -0.00353095410114275 0.107968669826374 0.0816316591261256
-0.00606444593128619 -0.00808391920289143 0.0325522859875317 -0.120139980711832
-0.0618257029307387 0.114031657309466 -0.0104156322445648 0.120766562622304
-0.225540807434648 0.108801745429956 -0.198846355015606 0.0272390444274411
-0.291298989015709 -0.126050361423274 -0.0128248607112161 -0.212965612273332
-0.0513316499197587 -0.306894423129359 0.210675970965813 0.161851135834402
0.195168129163969 -0.176121083105173 -0.232311464413638 0.392922377122793
0.149709206010572 0.0709116800362345 -0.327086577951163 -0.105515054226257
-0.0571770982774554 0.0796036078232926 0.155219004368048 -0.211819350570404
-0.121206550505277 -0.00639010531468281 0.322612458445191 -0.0505156860849486
-0.0356060522220032 -0.0203224200237783 0.175775688670965 -0.029205912423771
0.0200601649543888 -0.0681653030109665 0.128460545646818 -0.00581373987214118
-0.0396213639509082 -0.113209746195415 0.0442530835078739 -0.223950997143555
-0.0798186016930043 -0.0261295062000122 -0.254880198746303 -0.130056903360197
-0.0133615360964632 0.0318199046513957 -0.101978048199913 0.239622730377023
0.0285129071499163 -0.0309962689138866 0.10597235974333 0.0718060780127083
-0.00768956863225278 -0.0569443554999476 0.0377164866007443 -0.16765693118714
-0.0701935512751023 0.11647460623264 0.0170570868640526 -0.0368213128058771
-0.307331316139035 0.177849145871318 -0.0974435704699915 -0.0545614268966231
-0.473847849673175 -0.175165059459762 -0.0205537842327419 -0.151808058169994
-0.094570400898054 -0.511123842682105 0.11047287283903 0.107493598799405
0.328041144682562 -0.247295060522513 -0.158606500470531 0.219113992698935
0.206381338524254 0.155085334021346 -0.163504523526328 -0.108639554645626
-0.123750895224568 0.161084172622289 0.116568560123587 -0.166733367842465
-0.246526999558656 0.0334532033819424 0.234499422130783 -0.0938669289232371
-0.169922188751146 0.0305712549478441 0.173711242838521 -0.150530573912366
-0.048643440285221 0.0105528060701734 0.0472277817162357 -0.195059848178323
-0.0327649477437703 -0.0538183310485545 -0.125982404246582 -0.208334902935609
-0.0276162042010402 0.00288353021394497 -0.206389169803459 0.0279533213943288
0.0520030002486371 0.0151523349475626 -6.18386684269571E-05 0.223550799671333
0.0606444315558058 -0.0802739744648401 0.0921392354726229 0.0468281895904938
0.0191103776333816 -0.142479889543257 0.0331918650461658 -0.182179094675979
-0.00626803540453006 -0.0379843183105836 0.019485286669463 -0.167931906430051
-0.130142082968525 0.0617569916993868 -0.0196256352681434 -0.143962122060034
-0.249304228653071 -0.132156853336134 -0.0221818312475116 -0.10324855279751
0.0255879564817574 -0.329307047519696 0.021353156266088 0.00822071601119894
0.296681379454939 -0.0594671164858379 -0.0303471858500073 0.0235908088158719
0.108144049247386 0.237483623351376 -0.00685443761988181 -0.0797225916492567
-0.170551043537331 0.212104762816708 0.0589783458425189 -0.104496289950893
-0.281496025287939 0.123005269213726 0.0808925066750174 -0.115413792139607
-0.255014480041061 0.183155395204612 0.0308339010492763 -0.203903548185225
-0.0769391035742397 0.254459789120367 -0.125467802905674 -0.218903751743537
0.123810760719809 0.162153466779542 -0.237691748730083 -0.0444543676893462
0.180187324894223 0.0267682004684499 -0.107350339831168 0.18146888895643
0.158317538819383 -0.0759229008284125 0.0477268528022934 0.192127578904993
0.081474765133441 -0.148990434768015 0.0502339111720517 0.0548670732921058
0.0623686940495815 -0.20131280814457 0.0129418038744968 -0.131567599827478
0.106253260087539 -0.180367120388636 -0.0272692161193037 -0.180367611242246
0.162270606963283 -0.0837010967328914 -0.0313002257146417 -0.180588132675916
0.1885652190196 0.0232089378534175 0.025750793528848 -0.122571477036665
0.145045792389562 0.135940780235303 0.0982492847975235 -0.0279709912122148
0.0532850582436364 0.225307258329396 0.0917412656211425 0.0154357264495795
-0.0949879380818787 0.253980583214457 0.0363798725661595 0.0086218984070597
-0.184914562361081 0.229397069160829 -0.0113095769617043 -0.0212429239513175
-0.154196293648571 0.220372133766193 -0.0574399930155055 -0.0487785519181039
-0.0488653640033627 0.248895168929653 -0.109972070203967 -0.064198561853911
0.0800127071446413 0.217789826127433 -0.140724645675857 -0.00501736884361054
0.207151225166618 0.121071759830733 -0.130031454841139 0.108314745505228
0.222256714246975 -0.0259221813994334 -0.0569919672416676 0.202002348012641
0.156433147984817 -0.154040123441126 -0.0139308005360659 0.181911553345445
0.0631162524012749 -0.191651915425299 -0.00941115190518859 0.111716876757171
0.0821525250414035 -0.179183355566531 -0.0205835051896423 -0.0609499645631706
0.159690091737766 -0.140510611228544 -0.0850522909844627 -0.14958963162256
0.208403043264188 -0.0424562134239983 -0.0121219453301133 -0.188292642265873
0.228988592286167 0.134415375216243 0.154471504244597 -0.0812465226209377
0.0301211152044926 0.29688958732953 0.193426846192372 0.108576748795389
-0.199498632500824 0.261056884840845 0.0601463671355993 0.162753649890635
-0.261952260309251 0.178680971954072 -0.056344718441468 0.0958791733411664
-0.174280980068027 0.214170705295315 -0.0800294830292283 0.0736387016885909
0.0631237875711697 0.244688184325862 -0.0484898864923735 0.0811114507142907
0.284878648611212 0.0364657999102724 7.46253007531343E-05 0.0402449555017248
0.136373670134061 -0.253008019098665 -0.0113303777262169 0.0429913360387693
-0.121326952162385 -0.172511558871087 -0.0217252746390377 0.122665576160575
-0.0851505734410329 0.0057709558125177 -0.0326133965219735 0.147682388890137
0.028383127919699 -0.0823759602267631 -0.0678214953046026 0.156101741943615
0.00981762297929314 -0.15480530703352 -0.0429936271066538 0.16686713151261
0.0705928239219491 -0.109388052198461 -0.0560601338635505 -0.0305296206074484
0.0977470401714611 -0.0190910979120422 -0.0617440690118114 -0.17644186482324
0.0214548303924138 0.0145988448931083 0.131158901174703 -0.122388153261334
0.0178947038644399 0.00561665641090776 0.181149663895492 0.100859988312595
-0.0449627411453455 0.0633818245476506 0.067045571623516 0.190234432165233
-0.213467340556884 0.0875118629960065 -0.0804886072583813 0.185173046900266
-0.279317442612346 0.070436756289432 -0.198524320203506 0.108952844815016
-0.136173932933573 0.171853192962362 -0.137860416801423 0.15705014271964
0.207376073794929 0.173864036273199 0.116759732248865 0.170429017804268
0.372773774736178 -0.215451492328458 0.237428847710159 -0.107740869734283
0.00467024966418417 -0.516423139514333 -0.0328667729548704 -0.124124052766178
-0.412266301620756 -0.267104849205509 -0.0412690076701187 0.150972264311262
-0.324388643870364 0.121515756773754 0.0766251979879746 0.0872013277997954
-0.0699741021895777 0.0684735347856219 -0.039569906204979 0.0388194892142606
-0.0284933455112848 -0.0673474867944837 -0.045978909060202 0.161388659498217
0.0435664642112002 -0.0503151082019247 -0.076657907588485 -0.0443434009357932
0.0231158463210832 0.0266291075385628 0.0442201369795286 -0.214895409060772
-0.0612141775162094 -0.0100014769930085 0.247001423765063 0.027093349492282
-0.0226287047555829 -0.0965500526239848 0.0424016901233232 0.216024863401177
0.0110889198040447 -0.0615103171338561 -0.0897305275639213 0.0637672921668315
-0.0931364132967469 -0.00752288600654387 -0.140837645610587 0.0633357063873372
-0.174160089295094 0.00883086663622294 -0.291319448649776 0.067620915985438
-0.0749611836485329 0.102605490822379 -0.179988798709984 0.209770722092003
0.185078312323916 0.0657829116917014 0.304593444493704 0.175843451660088
0.209427336187265 -0.233707557746256 0.354685811783524 -0.341004668066535
-0.0780166519493837 -0.336458632779253 -0.166512962838567 -0.232696071608996
-0.312176586725103 -0.132586740979082 -0.0661002037101619 0.2183088570159
-0.242121596097932 0.13324547564344 0.204243326771531 0.0258069842773261
-0.0580291705222993 0.108000438332617 0.011783306149211 -0.118229454686041
-0.0276632651560264 -0.00751296895590584 -0.0414138593039984 0.115504500427096
0.0099762816539268 -0.00164256103415627 0.0256498918983158 -0.100621675289629
-0.00334035058458281 -0.0098110286654266 -0.0232060249831041 0.182198204868178
0.010783843452654 -0.0282686820569433 -0.238249664642663 0.0575046783221743
0.0338626319026646 -0.00173019009699435 -0.00953608977539129 -0.238176530011463
0.0284471570489986 0.0463826909571265 0.238255178322428 0.174300267917395
-0.0128347150331201 0.0288923916978728 -0.262752999467266 0.448318070859387
-0.00929386254150368 0.000310099064106593 -0.397379660139296 -0.0996397325239613
0.0171724611862303 -0.0131690412414595 0.154947025258265 -0.242336954581906
0.021788446432265 -0.0108734945867573 0.344288324887989 -0.0651677759805141
0.0156869170613096 -0.00694811456067333 0.15150512356572 0.00200330980127699
0.00373606748009026 -0.00726962248650893 0.142471956984828 0.0595602712001016
-0.0139472702143456 -0.00580069415504467 0.0779445616347983 -0.217902111290457
-0.00567090457566917 0.00608240455179197 -0.283986241861471 -0.150448258825983
-0.00453170651828741 0.00364425188673822 -0.120861353015342 0.258507111504071
-0.00140406297071368 -0.00432150704916922 0.116403454251249 0.0788376825547397
-0.00866750893670743 -0.00981929377467258 0.0279807751803302 -0.122208904237811
-0.0570791128316389 0.118390001992674 -0.00594815785449667 0.121240768520121
-0.224542281017136 0.123474643212249 -0.19934996332198 0.0362714092795155
-0.304754704007272 -0.112310343342246 -0.0218824430442991 -0.21566233365689
-0.0703341406900828 -0.308438372943038 0.221870120714853 0.151349897013403
0.186977550558592 -0.190263009165728 -0.21708723411485 0.408003125596345
0.155693073114311 0.0627596067197203 -0.334929339763304 -0.0915503139748471
-0.0530590197913351 0.0828090782154923 0.144637413675017 -0.222054111223072
-0.123183335521229 0.000186434237221946 0.324103805762132 -0.0672044613414398
-0.0374981560097338 -0.019966552649964 0.174978212364888 -0.0362413190520786
0.0168855530867455 -0.0710343774420344 0.130785598737652 -0.00962340925956262
-0.0492529533983441 -0.1135201422067 0.0358335923636166 -0.228789394811441
-0.0829233913814041 -0.0189713397609358 -0.265124083164733 -0.119748231464915
-0.00940931160419592 0.0346881854985714 -0.0895453802966008 0.247982251779134
0.0281981819033316 -0.0334763439423714 0.113017194328052 0.069009244782942
-0.0144884448532676 -0.0591880249580703 0.0301148299430189 -0.168904630786275
-0.0661838447354091 0.121216136483422 0.0156650500755085 -0.0392251969455779
-0.303673405978921 0.194419168130954 -0.100996267023458 -0.0515481253258988
-0.495981800380085 -0.150933460662318 -0.0263424385614768 -0.154532894074245
-0.126321654475689 -0.512857754995723 0.117847831443882 0.10111084920229
0.317121340445714 -0.271333603532612 -0.148703677789433 0.227850468171702
0.217985402130242 0.14573944922479 -0.17019762529473 -0.102119641354843
-0.117317895774755 0.169780034318399 0.1098505558745 -0.174960020877883
-0.249446953695979 0.0460993936429493 0.23375048144483 -0.105367010421089
-0.17041653321063 0.0381283674661135 0.168966854794356 -0.15965481630622
-0.0503030595029748 0.0123277862648634 0.0388589610282535 -0.19712265528347
-0.0398105177963897 -0.0522014835657161 -0.136742449809139 -0.203849369208413
-0.0299297458753857 0.0053343325040546 -0.207646661169557 0.0399301843615203
0.0548801001485366 0.0139106579631952 0.0129720621935676 0.225276970768522
0.0583146979824523 -0.0850941838513187 0.0981089077071245 0.042534998629084
0.00927694149484282 -0.148487295511908 0.0267429350922704 -0.183537415949243
-0.00958523697934711 -0.0395916698434108 0.0126581953623777 -0.171709899709634
-0.12823346249794 0.0684345814491805 -0.0264165756102799 -0.146077927831482
-0.260208577469254 -0.121162927184406 -0.0266500074881121 -0.105599932545265
0.00619220934397658 -0.334372060690309 0.0231561599319061 0.00627710656848906
0.297518245240597 -0.0766668051390425 -0.0289449975287437 0.024690073102614
0.120932068502564 0.235762789737507 -0.0101808172561119 -0.0801302494969684
-0.158576945342693 0.22519350168423 0.0537931421183177 -0.107852934154904
-0.279780384204798 0.139782014136448 0.0771499411028309 -0.120321189673943
-0.249917928499778 0.197813455855593 0.0218302074007981 -0.208602824735166
-0.0668420749452272 0.261522679655792 -0.139249286532709 -0.214250900271562
0.131892318079502 0.158452690408686 -0.242154334553525 -0.0320976956444299
0.183415708505488 0.0170561319264982 -0.0964455691169492 0.19024700457464
0.156322261275493 -0.0842749018110032 0.0592292542084636 0.18988205906958
0.0754668426522184 -0.155913079051223 0.0552431416177896 0.0510692746511103
0.0501508725183839 -0.209082044278317 0.00804765051890242 -0.131376083551538
0.096628601406043 -0.188891090383201 -0.0340535337679308 -0.179692960930697
0.161136798450378 -0.0939830275218287 -0.0390563043318692 -0.181940160397718
0.194324342199881 0.0123085517542977 0.019880611645814 -0.12423616500188
0.156349640591164 0.130954479339318 0.0982310012106023 -0.0328627944755382
0.066101075004114 0.225863710563717 0.0933662460500798 0.0123246747203985
-0.0843413259643149 0.262622495859373 0.036273629023855 0.00684555623935256
-0.174400772529979 0.2423863962062 -0.0134331604081272 -0.0207799539559515
-0.145476934018019 0.231249550691379 -0.0599621863418395 -0.0472137739961038
-0.0373313289101697 0.25345074065354 -0.11539931936621 -0.0601714420999128
0.0919474895811932 0.217939568675251 -0.142668418901523 0.00137552070864311
0.217004272056245 0.113323263526741 -0.125834596384146 0.117244398105516
0.224268829699481 -0.0396503528026667 -0.045219025281942 0.208340905870516
0.149656342798163 -0.164143998772764 -0.00354742793491232 0.183382188121267
0.054828130787333 -0.197180676263538 -0.00347586353379209 0.111418991565416
0.0737219939997895 -0.186354824548471 -0.0228916614525755 -0.059452971070294
0.153920486820592 -0.150505169057951 -0.0917403757564575 -0.145678472967598
0.209724162283076 -0.0531395363163268 -0.0208562150407412 -0.187853989365346
0.240277213285826 0.122414804274077 0.150243237037025 -0.0871941109278598
0.0492777879564624 0.299010502300361 0.199433356460836 0.100081348929804
-0.189689161466488 0.277141674460256 0.0674980511837365 0.162473806606721
-0.256836614827357 0.194850214876126 -0.0539436454648893 0.099117933153454
-0.163054437237272 0.225650836185418 -0.076962899869196 0.0787951044474276
0.0745257682218719 0.243904217690763 -0.0455134760735874 0.0831099979475509
0.2891112726294 0.0219853933232806 0.00247259891575234 0.040739436289105
0.124719681046587 -0.262361225899605 -0.00786571331124589 0.0441299742400862
-0.130933830610717 -0.167063820031386 -0.0165142545022166 0.125621577994078
-0.0829054140757342 0.00982978230892492 -0.0262511913539628 0.152085171561782
0.0237786917081541 -0.0852877774331285 -0.0607027479438362 0.161747518908802
0.00355360338353706 -0.157525253461325 -0.0346533890058659 0.170053208709178
0.0659806030416021 -0.114163098727303 -0.0581438432564277 -0.0279673756625764
0.0982516453146172 -0.0242007070358339 -0.068732118791309 -0.172992273248849
0.0218225841550952 0.0143195700242232 0.124877868218795 -0.128991534105266
0.0165436079233569 0.00311317711258635 0.184947981467146 0.0937649177310456
-0.0418615054096501 0.0656576807330272 0.0747216721924041 0.185311590958456
-0.212231869530228 0.100670143589271 -0.0731572976321183 0.189175481742016
-0.27882779958289 0.0860411495995614 -0.1973649747634 0.119204661124375
-0.127188327006226 0.18035839212365 -0.129419977430715 0.166248800763597
0.219680139669188 0.163847239753302 0.124757035753163 0.167193313980187
0.36441754287605 -0.239620371950937 0.235273347631593 -0.120525434432733
-0.0224235659200305 -0.524838750099192 -0.0399796874500849 -0.123667519533224
-0.431091247214526 -0.245268377595959 -0.0341398066705144 0.155042105117219
-0.317701045122054 0.14009476004065 0.0796140068800854 0.0848676444177032
-0.0657209802033488 0.0726840643663834 -0.0383567828192584 0.0437162817944039
-0.0316311846583989 -0.0664424389266098 -0.0379364818482929 0.166248741571362
0.0418781501976799 -0.0530920977234527 -0.0803202480913703 -0.0423226401370506
0.0235427027587681 0.0255804100585479 0.035475143262993 -0.219049283173844
-0.0635677913608145 -0.00811063854571749 0.249701470595698 0.0163482636901538
-0.0292655358258987 -0.0974428455381974 0.0500715011862179 0.214199361651094
0.0072938072813627 -0.0653218164614806 -0.0882713306239461 0.0652223802752715
-0.0959016269596035 -0.00305053793003082 -0.13948853681645 0.0675412751147428
-0.175977312945937 0.0183855807394578 -0.292650085212325 0.0812859858669315
-0.0700916250793002 0.107197947239619 -0.170982306953487 0.222056258301826
0.18961324481666 0.0560984891481793 0.315086362595596 0.162442907423247
0.197431444466681 -0.248408148077915 0.342357349985656 -0.363137766663323
-0.0974552953821583 -0.336875759201229 -0.181095935376129 -0.226050410887134
-0.322332998660535 -0.115160556163872 -0.0544562411546504 0.224708400485365
-0.234372302696075 0.145966738449296 0.206098954993228 0.0168500435642377
-0.0534976951959647 0.111578863403749 0.00563656659564085 -0.117237663273529
-0.0276162135584369 -0.00549781667151548 -0.0350494809194104 0.119370984182326
0.00921558252554935 -0.00311232129054587 0.0216231055418807 -0.102394963154546
-0.00356820191194575 -0.00932053820285227 -0.0168570011166122 0.185684439719717
0.00921984720597069 -0.0293532535182769 -0.240720206379168 0.0669468296878871
0.0328464951821806 -0.00404236252815674 -0.019629882881681 -0.241263378652143
0.0307409354395104 0.0459515990185177 0.247807589194097 0.169113400538145
-0.0128598626923102 0.0304594433139732 -0.25118221928915 0.462328444236539
-0.00946800324856622 0.000292093156713316 -0.405467684167494 -0.0881482861132118
0.0163930884282336 -0.0152844804310411 0.150563413308824 -0.249316659717278
0.0208191227293394 -0.0106793813179375 0.34800863659271 -0.0752466425296484
0.0150276628166077 -0.00766208854014107 0.152597015603075 0.000839981398834293
0.00223804330129579 -0.0072042812597778 0.148926042628117 0.0590330971229783
-0.0142386469329034 -0.00413552729807902 0.0738032413856273 -0.222603036648184
-0.00582113161843655 0.00705977601003916 -0.292770505779646 -0.144561885859399
-0.00348440622736642 0.00345207666898535 -0.114837387574059 0.268599021193598
-0.00165400663247399 -0.00416037364220112 0.123435130975556 0.0767151966636784
-0.00941479118791801 -0.00941079471689172 0.0216548448945005 -0.124867386953892
-0.0540203282418518 0.122308963772327 -0.000560547917778523 0.122140527941727
-0.223273084075434 0.132555588852836 -0.201935025946449 0.0438721192917055
-0.315273715570773 -0.104013152821072 -0.0303578972781244 -0.220143619431195
-0.0815053616276391 -0.312437200633413 0.22896947241758 0.145128935080909
0.182100175262831 -0.198999174019407 -0.205248667960404 0.420458850568693
0.158513628638622 0.058775597213634 -0.342524774756226 -0.0812511189257138
-0.0523308054393017 0.0843182620861686 0.142470028800291 -0.228266210859503
-0.125150600456296 0.00361259389875281 0.328158945965875 -0.0778934720789423
-0.0404530492610089 -0.0192485146109361 0.175201620702842 -0.0394303324809707
0.0136383072517609 -0.0736549073292795 0.134448746984996 -0.00999812610216624
-0.0560075731863453 -0.113601122745846 0.0321577684481004 -0.231102582326038
-0.0871150068481766 -0.017110770548285 -0.272388163710368 -0.113262635419725
-0.00855434434183618 0.0363749456633442 -0.0818386786486249 0.25559766796031
0.0265916961464206 -0.0354807276307972 0.119598380127525 0.0658252882471975
-0.0178400627903949 -0.0608493085258088 0.0231438800011384 -0.173154060115389
-0.0647257225031098 0.125026007732862 0.014798128507342 -0.0419010683937644
-0.302827344217629 0.209502544551697 -0.103686953617891 -0.0503322963254748
-0.50827917745831 -0.135745867384073 -0.0319058422901686 -0.157873904116266
-0.145832920730108 -0.517396033813431 0.123615617959646 0.0977728419896495
0.313473305157716 -0.286081327978949 -0.142232509169256 0.235955079099545
0.223888351399037 0.140656047519518 -0.175593859660803 -0.0985458518246549
-0.113235608685219 0.174770947180304 0.107066847957978 -0.179527003163588
-0.251282102690136 0.0539258710475824 0.234725447310174 -0.114174255240876
-0.173072964678744 0.042874650563452 0.167191228835891 -0.164885134027141
-0.051744218970083 0.0130363018536205 0.0339414552624442 -0.200101670521532
-0.045794051375823 -0.0529019878707528 -0.143077673778532 -0.202028300193031
-0.032556011244312 0.00694794100614182 -0.207220039350522 0.0459871716784196
0.0555270657655215 0.013906708974774 0.0214798114255215 0.22777617982117
0.0557542394189957 -0.0883316235918445 0.103371703885896 0.0403891237056978
0.00231604382981027 -0.151337909631941 0.0188615250625502 -0.186497702454297
-0.0120287173848604 -0.040698984410551 0.00656021793750223 -0.174324557752317
-0.127935001002466 0.0730773549641431 -0.0318360052237109 -0.148226270933841
-0.268464603441812 -0.114744554702055 -0.0308461430555061 -0.108284337993921
-0.00332413136969626 -0.339163199739333 0.024850623495619 0.00423055161422032
0.29877537655892 -0.0889730236520005 -0.0281712467334664 0.025963275871467
0.128859162104647 0.23379073592658 -0.0118198004896789 -0.0811423971250125
-0.155405042412388 0.234149447297524 0.0522989396311674 -0.111904121622065
-0.279773730292104 0.149915734863059 0.0749574511565725 -0.124023580409915
-0.248977029744033 0.207481205372821 0.0163578875517789 -0.21238375551237
-0.0599986751172539 0.268200375469909 -0.14690882003505 -0.213334179452336
0.137160609999944 0.156732136468162 -0.245632590798406 -0.0243609386093707
0.184965599393871 0.0114338547657675 -0.0893429749247444 0.196228681405686
0.155409550138044 -0.0902274745059698 0.0686279058305937 0.190292044752529
0.0708192160920244 -0.161002960921951 0.0583568262046116 0.0494485957434615
0.0443680967780148 -0.213784145499481 0.0028549758867753 -0.132704291212621
0.0923762517104719 -0.196998840747276 -0.0413329986033764 -0.181470031578461
0.160176801616359 -0.1015044678607 -0.0456857832991559 -0.18377060685887
0.198587601113938 0.00685190144430906 0.0148298181365583 -0.127401571413918
0.163413721208901 0.130368536757145 0.0993764487113639 -0.0374085885885688
0.0731691276453963 0.227169393364502 0.094456238036789 0.00929453274694577
-0.0787726749667164 0.269591697317015 0.0370492066258292 0.00626893827047834
-0.169887761939735 0.251459910418143 -0.015169288662136 -0.0210326430841572
-0.143824728141284 0.239844293493132 -0.0632266353681508 -0.0464119902391809
-0.0312194255741245 0.258223854872838 -0.117738605771029 -0.0582212907255176
0.0996767269124081 0.217770429467195 -0.144828993093822 0.00564403837209864
0.224049082206916 0.108510859047565 -0.124888120476684 0.1230116782855
0.227456909088882 -0.0474065938072017 -0.0371395225568795 0.214158041778912
0.146950290174783 -0.173328711431045 0.00427637670431397 0.185192263456976
0.0488127969907129 -0.201475642369399 0.00153728877852035 0.112076248145378
0.0701740858798113 -0.192054011237602 -0.0261789788848312 -0.0581912867314976
0.151505355578467 -0.158855974172351 -0.099334705273011 -0.143383177765281
0.210677056402336 -0.060094363413212 -0.0292242554673953 -0.190216212006414
0.246148643842015 0.115716214959438 0.148467320067204 -0.0936482535204536
0.0591162271521431 0.302437674923148 0.204692909326031 0.0940638379154036
-0.184600095725358 0.286320262933123 0.0738492496024712 0.161787521422332
-0.255399473205546 0.204987817139417 -0.0524171471385213 0.102754229864848
-0.159336071187302 0.234562603336807 -0.074966120528471 0.0810203700185616
0.0839855913069996 0.244649835397502 -0.043591624075324 0.0858828542325889
0.29269461532829 0.0124151203306849 0.00351035600652149 0.0400253314796998
0.118762191668107 -0.269474402603374 -0.00651562886041784 0.045808571879284
-0.137054435740734 -0.164852107092836 -0.0127732134432246 0.128716359143325
-0.0829514883527535 0.0124494434939548 -0.0206953853421371 0.156656087564234
0.0201400428096538 -0.0885753055966655 -0.0560666675207698 0.167250988924469
-0.00303202679578446 -0.159837745291993 -0.0277955485706393 0.172246358315618
0.0648643724390711 -0.118055570024297 -0.0611200579373132 -0.0256174691928913
0.0985975251938726 -0.0285820930485806 -0.0757926429874872 -0.173033981218417
0.0210924919570858 0.0140685077505123 0.121541400319145 -0.134576924291464
0.0146404659908094 0.00210896629859648 0.190105083920824 0.0897166311750815
-0.041430951323723 0.0673259699163571 0.0793788576959942 0.183547328086066
-0.212551714095985 0.109009094628284 -0.0678481248235217 0.192910031106114
-0.280533023492567 0.0958871437324206 -0.19575536635738 0.126836314309797
-0.124293602502635 0.186356506509926 -0.12632804429848 0.17117425295889
0.226854370048576 0.159271081028684 0.132783141949339 0.165224422395655
0.362825572251804 -0.254366753494251 0.23392590572116 -0.129877765691009
-0.039141475763931 -0.530967522541051 -0.0440271208253826 -0.12361201995373
-0.444817808615179 -0.234374587775106 -0.0296166225605902 0.159762319245711
-0.316514566189946 0.152951288843029 0.0833438840398723 0.0847459818703204
-0.0660086574483375 0.0753190717102362 -0.038013838294582 0.0471452726046689
-0.0349249588950538 -0.0673577228666697 -0.0313201122806049 0.170456925486772
0.0418007755642137 -0.0548739598979171 -0.0847435527786952 -0.0406365954482875
0.024214590881327 0.0252826520240669 0.0285014504217395 -0.223096032632758
-0.0667398989536963 -0.006103970791807 0.253416429551005 0.00879931157426084
-0.0353816294401878 -0.098072380315872 0.057141243576283 0.217039715776153
0.00462410967742348 -0.0677760519242139 -0.0893326777052511 0.066091299038336
-0.0972806565288937 0.000433901422949128 -0.137390487100612 0.0709140486156183
-0.179266561936777 0.0247793060294693 -0.294775260944937 0.0900261615702455
-0.068659670543499 0.10942005363181 -0.166018783568914 0.229003964671298
0.194224758551097 0.0491025382544234 0.323762076445102 0.155693402542876
0.192153877842372 -0.258207814663828 0.337215330918813 -0.381162359364962
-0.109108498392211 -0.340030709082908 -0.19021620273761 -0.22209140526808
-0.331451938836713 -0.107433035102761 -0.0468100796219266 0.231022911926856
-0.233493049427574 0.156599717136639 0.209931489193098 0.0100362981591213
-0.0508470140395626 0.114261423994632 0.0023780115639496 -0.117287126579439
-0.0291230916886054 -0.00529277715109465 -0.0300339639629876 0.122842431995286
0.00987046024714391 -0.00273888273358399 0.0149555108288789 -0.103952379902727
-0.00452386683996126 -0.00937758456283309 -0.00830726569199572 0.186030007382914
0.00698602002757833 -0.0299537002592587 -0.238300708485062 0.0789453471952983
0.032592585111719 -0.00588434332019628 -0.0317258441705336 -0.241854827900586
0.0339044849697149 0.043715121767151 0.256735947389346 0.157805630626967
-0.0118444533037497 0.0318828191493334 -0.23135138591029 0.475106594801429
-0.0108175056951019 0.00107225968297805 -0.410365860413063 -0.0698788350597278
0.0148372049435778 -0.0164636101143521 0.141911331661697 -0.255993860520001
0.0201354147346613 -0.0113361229818008 0.346162155416124 -0.090402883639673
0.0137478806554552 -0.00847821737067655 0.152424952438087 -0.00201412289205947
0.00100986393406236 -0.0070748726262378 0.154014918601757 0.0572271253350415
-0.0154616849854494 -0.00401876269208839 0.0673957405765716 -0.22595595688854
-0.00545237901331397 0.00676811422333477 -0.300592576035069 -0.132908655755633
-0.00264511309568298 0.00357950146950577 -0.103019307141834 0.274567221038608
-0.00259557429292914 -0.00450967895626271 0.130116698600036 0.0715888579996894
-0.0105570215667045 -0.00873571406456952 0.0158967677743282 -0.126236894131748
-0.0495080164458014 0.125374487834558 0.00447258035147554 0.120987719512197
-0.220432185077093 0.143496811237282 -0.199918004443096 0.0537494219880155
-0.322569037295349 -0.0915673854994846 -0.0416993963337829 -0.220965969033155
-0.0950378581342374 -0.312198012525603 0.237807988941806 0.134358846272848
0.172956471890606 -0.208477995359985 -0.186531725547143 0.431553411296001
0.16195637472002 0.0517617271631921 -0.346437498722681 -0.0662923848730335
-0.0498549615337723 0.0858498150644111 0.135235916137001 -0.234912371345361
-0.125355638260005 0.00804294556889903 0.32803748858682 -0.0916478045681759
-0.0417942232163173 -0.0174760641538684 0.17404761272534 -0.0433038285348816
0.00990471088845065 -0.0746254167581116 0.136482400892202 -0.0115982820231002
-0.0624183300528846 -0.112551064056631 0.0250518486177812 -0.23266013394201
-0.0899918420502394 -0.012548892894858 -0.278184820201488 -0.102136157398803
-0.00684353591450072 0.0369950389024145 -0.0702363657879541 0.260427140766322
0.0251665912747875 -0.03564144811832 0.12744961792146 0.0616721841526438
-0.0226840959343063 -0.0610801041095833 0.0158583147643371 -0.174832129637359
-0.0600353052875001 0.127687362060915 0.012807547214456 -0.0440431991690407
-0.295292469328241 0.222849065623169 -0.106893369556069 -0.0462948004543196
-0.51940112383235 -0.116612377926124 -0.0405649141105671 -0.159922444637091
-0.166610186738125 -0.513604079142171 0.130221024895924 0.0915182003505846
0.300869789726564 -0.300478129053671 -0.130649706694417 0.242493345097306
0.229917985645495 0.130847696762423 -0.178207445097728 -0.0915144302116298
-0.107814455335094 0.178365940551894 0.102183728092539 -0.183971937206993
-0.249727774301443 0.0633921764912085 0.233498182901994 -0.121741909925114
-0.172511175019266 0.0502644371534988 0.161224807709593 -0.170870681775904
-0.0521900776861983 0.0131137706352007 0.0265994642594144 -0.198797395124524
-0.0508220225979385 -0.052573566885429 -0.148970157417014 -0.19692757352607
-0.0354640381865575 0.00815441259933341 -0.205927171680965 0.0548399052923086
0.055947932778523 0.0125975283171159 0.0333113367050647 0.228237460883388
0.0522282952590288 -0.090367383240057 0.109170443112243 0.0358248880505913
-0.00527528252077489 -0.153115228078914 0.0101191038622699 -0.186887739795447
-0.0158435673588291 -0.0416890607111711 -0.00209539519068358 -0.176537822794993
-0.126576210987117 0.0775936715414365 -0.0379359065463799 -0.149450596637815
-0.274228684935384 -0.102881761346098 -0.0366842548157315 -0.110199619271535
-0.0184061369547945 -0.340550825448152 0.0257988199974991 0.00161114924182575
0.295044140367332 -0.101788387943893 -0.0260571194660748 0.0269304575343978
0.137359800515654 0.229880431594821 -0.0149251917729007 -0.0810501299060285
-0.146960339462484 0.240802834440745 0.0480131350657127 -0.113729698544894
-0.276836359698026 0.160813352991892 0.0702436572442091 -0.126396373932363
-0.242230278208614 0.21827917866751 0.00889507498731787 -0.213136932385761
-0.05042361951752 0.271094359189447 -0.15641985036978 -0.207271705377924
0.142045751432658 0.151722989055987 -0.246627011016072 -0.0142471502507429
0.1855799689495 0.00491824779135804 -0.080645568371519 0.200066363528801
0.152766767621897 -0.096327248867448 0.078643420498383 0.187059389073559
0.0641647020557762 -0.163957440256613 0.0622250792177071 0.0455372142673571
0.035205777248752 -0.217258599091668 -0.00419286420757312 -0.132308378651159
0.0828933813370661 -0.202501569442651 -0.0496065332850032 -0.17950756701525
0.156852443776057 -0.109610442847622 -0.0556237967797706 -0.184481929476136
0.200365163981761 -0.00206226298158894 0.00779511151911872 -0.129662149196653
0.17107980869867 0.12456238400038 0.0987707622989389 -0.0435851627672541
0.0821741755579888 0.225110540880232 0.0959627733675098 0.00613453252162916
-0.0685089781795527 0.273743825817607 0.0380538786788573 0.00456481102544454
-0.160756233937474 0.26069360925531 -0.0166210494373389 -0.0208941215867247
-0.135364554130717 0.246493622528244 -0.064771726898837 -0.0439861947505788
-0.0209855530732361 0.260569957671639 -0.12122981984268 -0.0552011927196797
0.109507037387077 0.216771082665478 -0.144403561548724 0.0108115337662133
0.230711608525754 0.10046655709142 -0.120185728629556 0.129154614326454
0.226602158645363 -0.0576447086553412 -0.027382675730566 0.218226902336423
0.140037896882969 -0.179944875571881 0.0120096707806377 0.185631428326786
0.0391988521386749 -0.205826101967457 0.00846828230786305 0.111051325913686
0.063329899636431 -0.196081507810823 -0.0296413244457927 -0.0562386817720004
0.145853619544472 -0.166864826649656 -0.105702892014183 -0.138943078216332
0.209110430986609 -0.0688288780809435 -0.038955709363832 -0.190259776747034
0.253126126037547 0.104943709665159 0.14353000919805 -0.0981044715933069
0.0731920149626653 0.301117867334644 0.20750484352336 0.0848691155053629
-0.173672917923946 0.296136187932625 0.0807706615121553 0.159618859686186
-0.249461906622164 0.216593806998539 -0.0488430460763585 0.106258890476653
-0.151212096190668 0.241423501767309 -0.072674486366493 0.0841691148531073
0.0936488791207359 0.243525328940428 -0.0404061662164603 0.0882522759373275
0.294559215851951 0.000992030171019487 0.00533072567325201 0.0392538828284653
0.107389531487159 -0.276049829083033 -0.00419718374601437 0.0455849020232511
-0.144123095341806 -0.159902793990387 -0.00672615192346889 0.130326574959449
-0.0820101185267851 0.0161167493875212 -0.0147616529843261 0.159475334798548
0.0159437540029142 -0.0905795778130094 -0.0488771172205832 0.170521421521756
-0.0107376203250204 -0.161174446706495 -0.0188888253031682 0.173880138593353
0.0614819300436431 -0.121346785712941 -0.0641624254217292 -0.0221066652207798
0.0977485971808521 -0.0332549900913051 -0.0845234090523952 -0.169341070399844
0.0212349276590288 0.013861116523343 0.116124467808799 -0.138933698219218
0.0125600897627466 -4.60764724011832E-05 0.194411845894601 0.0825996830460741
-0.0401054761035047 0.0671121987694971 0.0849623707525178 0.178768326352441
-0.209385580676226 0.120446846008237 -0.0590131934611029 0.194024700252111
-0.280462058417471 0.109574296131971 -0.191491700446111 0.136026877162712
-0.117821488078024 0.191798419752413 -0.119619467681449 0.17632137125748
0.236251327051791 0.150500563696781 0.139738748333507 0.161307290190462
0.353238659599889 -0.271678950329285 0.229327466318271 -0.139527005018991
-0.0623573013769696 -0.531048317914549 -0.0491336239203925 -0.121532167195757
-0.458662627459029 -0.218713257864603 -0.0220890376787742 0.16223876866954
-0.311985521699731 0.167274962052764 0.0874398785014058 0.0823962263726037
-0.06344721565616 0.0777995173769152 -0.035661758352325 0.0518750709747334
-0.0388446967116625 -0.0662797968411903 -0.0228556581213334 0.171954014387544
0.0391295082193428 -0.0581087349301502 -0.089278764686249 -0.0373181748947495
0.0245348237865542 0.0234597046152538 0.0189218924879062 -0.225800448922041
-0.0685050904323777 -0.00435214815922694 0.25499293095351 -0.001650845124574
-0.0422955475071037 -0.0978211419134679 0.0657180750908011 0.214662401661903
0.00127703734476692 -0.0693154814153787 -0.0887274352872858 0.0669992149255163
-0.0981656796246697 0.00530359909955399 -0.135149429330904 0.0741951310102848
-0.179094384877041 0.0323748439951351 -0.291330479058709 0.102592120604971
-0.0647954582680681 0.112996192505626 -0.157892294954011 0.237135492646416
0.197381265128154 0.0401500055342326 0.330856109278738 0.144889038934905
0.182424052394901 -0.268413081054941 0.321810050049722 -0.39697899746474
-0.124306697128495 -0.338309908282981 -0.201263880078857 -0.215322280744507
-0.338366115432081 -0.0947916902172867 -0.0362399263526926 0.234854996158351
-0.227831692488145 0.168122312979594 0.211864300157665 0.00155483901032162
-0.0468430878438657 0.11718552186053 -0.00175017803930188 -0.116001961684898
-0.028964426216629 -0.00419852219872343 -0.0241753222813416 0.125327736599348
0.00995149070921373 -0.00375507348474868 0.00980006621074259 -0.104094478012318
-0.00520739089762563 -0.00953261478264194 0.000670504519864878 0.18432567791342
0.00583127862484788 -0.030313664120966 -0.232947716527868 0.0884379727247785
0.0313723080915111 -0.00819319561716972 -0.0436151760887451 -0.238863830114612
0.0346990497233674 0.0411892710636748 0.261322647871478 0.144843893060728
-0.0109871754278018 0.0342884000680446 -0.209728035602862 0.480159607738559
-0.0115916309418887 0.00154638803081571 -0.408660427956792 -0.0535169943130053
0.0137861310955433 -0.0170478822713143 0.130044817800168 -0.258500128108506
0.0190725108098884 -0.0116234803026039 0.339113433480496 -0.103574513868751
0.0122510951469072 -0.00742686936914466 0.150342552706767 -0.00501454855055719
-0.000147147268002848 -0.00630827112728106 0.156537644845775 0.0532087139817972
-0.0152393420635849 -0.00230829668035676 0.0601091529732763 -0.224457072962217
-0.00545602556015024 0.00727206703686014 -0.30460310566129 -0.119903330919123
-0.00209313247007488 0.00275892214904246 -0.0899711624696361 0.277970064388962
-0.00396013487882459 -0.00439122707670173 0.13507974110284 0.0658403762530825
-0.0113856564080282 -0.00978941273846483 0.00953084019069536 -0.125446677600822
-0.0432911348003515 0.125366575052114 0.00966018720685592 0.119871673821023
-0.212676963632873 0.153032410453909 -0.196204820350395 0.0623238795858418
-0.324361669112184 -0.0757890505821541 -0.0531797712973352 -0.217955794627869
-0.106949598371444 -0.305528068388422 0.242098366931909 0.121269122121094
0.162210811644183 -0.213574919327141 -0.166303145077002 0.435656871213855
0.162813629753258 0.0438560583764892 -0.345677854613358 -0.0508093156845444
-0.0468711301543171 0.0856721302962912 0.125051480234331 -0.23871434256898
-0.124221111358861 0.0130165126385588 0.321489155755549 -0.104392743093011
-0.0433084955609462 -0.0154710388883739 0.170717189077091 -0.0468963483233928
0.00578497083727152 -0.0746344237789312 0.136269853975693 -0.0141014838407132
-0.0679772595314849 -0.107924035230355 0.0173688097809808 -0.231477450776836
-0.0914201780573106 -0.00812720634297217 -0.281350733053787 -0.0914106830712848
-0.00558714810365929 0.0373411434054873 -0.0588873688433477 0.262489278695967
0.0232164440889492 -0.0356501486668938 0.131869410651918 0.0554459038156088
-0.0261243240856843 -0.0602605624360245 0.0071291355067758 -0.172882313682528
-0.0554469944191143 0.127832660292398 0.0106299619581087 -0.044248396857876
-0.284765087937782 0.234663503114868 -0.107826818100711 -0.0416681705157716
-0.520336815103349 -0.0906862687932254 -0.0491555745465446 -0.157935597043047
-0.190352988397062 -0.502916788025741 0.134024251982647 0.0837258183041022
0.284465067886292 -0.311891074935952 -0.118206355398689 0.245011228264755
0.234003886829763 0.120754843205948 -0.179897833012772 -0.0826834640411562
-0.100100737345225 0.179890276784585 0.0946305143806186 -0.185759302286098
-0.246541085382719 0.0718129254036181 0.226862754713555 -0.12926274637898
-0.171281306311387 0.0564999436015307 0.153456121766341 -0.173225794132972
-0.0517175280347468 0.0135523546758663 0.0199632181438259 -0.195301860711439
-0.0560415434907307 -0.0508266951613913 -0.154660192448729 -0.188660631270763
-0.0372145332274607 0.0104751747105957 -0.200454379003388 0.0616401436142173
0.055747961377088 0.0100755333210814 0.0441865305678518 0.224967693921549
0.0477758326219426 -0.0918230510847112 0.111666537929597 0.0305835024923348
-0.0129906260356063 -0.152496968501542 0.00142492641372721 -0.18523282154477
-0.018414696843577 -0.0417383294456956 -0.00948919574202156 -0.175083109857734
-0.121786271572448 0.082448655879631 -0.0451760358228896 -0.147653644614667
-0.276917735011641 -0.0887515881866444 -0.0419640874456056 -0.109176615707411
-0.0314745086215196 -0.335514086266726 0.0263250145371888 -0.000451076095748116
0.286570445353653 -0.114365248333219 -0.0238310334073756 0.0276413151529965
0.145382880101912 0.222330386358816 -0.0175134389598932 -0.0802058812825108
-0.136467997705922 0.244306778432739 0.0435330774034285 -0.114181172118744
-0.270694098983884 0.171376079583849 0.0651207538352171 -0.127470053918785
-0.232778841978519 0.226788069268333 0.000354354912458174 -0.211555499910917
-0.0397359420983429 0.271033734104613 -0.163011836074009 -0.200017482868652
0.146028509639958 0.143574939886924 -0.244584472485227 -0.00279753919818167
0.182427120283956 -0.00296022951435058 -0.0689270633550771 0.202455857698651
0.147247890894769 -0.102188187250142 0.0882737869088378 0.181545972363649
0.0559421365067123 -0.165712370581268 0.0653779479823313 0.0419858084186691
0.0262314857601757 -0.217813176225147 -0.0104390529263026 -0.129755269859072
0.0735470129038424 -0.204275072078519 -0.0580624645213903 -0.175234911755132
0.151362000990731 -0.11646380788305 -0.0642034806800142 -0.182127472044487
0.199452386676235 -0.0115352201840971 0.00116285314653253 -0.128753565895487
0.176297494630238 0.117623396348513 0.0963456893277051 -0.0480406581872433
0.0892090700101132 0.219610471188046 0.0959621573344035 0.00135603034922072
-0.0589067903707373 0.274945262606398 0.0376675977853715 0.00308908672101
-0.150753623145964 0.264517706112313 -0.0169583058104401 -0.0195724316748357
-0.126191149730891 0.250085931705928 -0.0672039352570201 -0.040392950824363
-0.0123501088416707 0.258068827716388 -0.123212628415764 -0.0509583554177421
0.117658867755325 0.211226229236627 -0.143020795909555 0.0155184864304118
0.234165744506333 0.0893364250605061 -0.114207884453288 0.134334668461117
0.223149838214585 -0.0671514015035083 -0.0177015213488899 0.218532242404784
0.130498770869455 -0.18497217853525 0.0209004831032838 0.183057178957504
0.0289793393353665 -0.206564984245317 0.0135883306993126 0.108653845477469
0.0541846295437416 -0.197735357418278 -0.0327371687524342 -0.0525968489299161
0.137224942648189 -0.172617695895698 -0.111099009848543 -0.130959853910237
0.204123682208298 -0.0777092195132233 -0.0483701963148724 -0.187765406455769
0.253617551179519 0.0926563796016695 0.13756258310967 -0.10244179349682
0.0840319772448751 0.296267699869973 0.2079663900592 0.0746806297324563
-0.161606658034078 0.3010542416446 0.0865323152036376 0.153880585341846
-0.238650876104868 0.227737750536635 -0.0439838517015587 0.106739466432922
-0.141495675347424 0.245581129612113 -0.0698951963212603 0.0855881020454175
0.101475151638541 0.237340318800322 -0.0374264118251151 0.0889776383140858
0.292007568965456 -0.0125835576975213 0.00617743834190351 0.039351788212504
0.0945289541376755 -0.277717097845392 -0.00171063968004679 0.0458136258645497
-0.148879986906467 -0.152124873962901 -0.00237169685723299 0.1304369800129
-0.0781659536178281 0.01887605393599 -0.0068905346735734 0.160952215526372
0.0116808885052473 -0.0905065655948408 -0.0414838098809567 0.172367782061544
-0.01885694409592 -0.160523739481763 -0.00994390364511078 0.172460021418781
0.0569126542397294 -0.123288345634288 -0.0656634051870984 -0.0187169543033606
0.0943027074652775 -0.0374967550431071 -0.0909505019139001 -0.163640700795739
0.0200992666777524 0.0130442356908899 0.107943587592717 -0.142610937114483
0.0102610498984517 -0.00121927316207965 0.195652333016811 0.0746590912354126
-0.0381158225775681 0.066452591268713 0.0895227831975121 0.172598329382978
-0.202487468165641 0.127478132960727 -0.0499784898303365 0.193123585080483
-0.274043561246186 0.121487410410612 -0.184842474225691 0.142363666514736
-0.110656820448533 0.194312468084564 -0.111898159129718 0.179119436727942
0.239920189872445 0.13896458059751 0.144635396339149 0.155354128628881
0.338642864031641 -0.286542634534528 0.221281438814339 -0.148825860020264
-0.0856042293206823 -0.525872733207851 -0.0531417350543886 -0.117852265537583
-0.46476326734915 -0.19611969466042 -0.0145586483863163 0.16369346984647
-0.301203252954011 0.178773853072936 0.0897903472607328 0.0793044197291506
-0.060012156300803 0.0786917240908883 -0.0331564356221481 0.0546976783072553
-0.042719880631701 -0.0647073639874289 -0.0120953449174905 0.171807089923078
0.0377966746547349 -0.0589466497561991 -0.092854924205261 -0.0325729183661308
0.0248291211035469 0.0218662219095727 0.00884828441529144 -0.225635680343949
-0.0703876944163395 -0.00124451788728373 0.253029329987971 -0.0113599775832321
-0.0472347185846644 -0.0954934387212039 0.0727545372046453 0.209478794404324
-0.00233636833151915 -0.0699028304270815 -0.0867474837757884 0.0675653891111398
-0.097088890197938 0.0099150626532814 -0.130656222186791 0.0766118472711568
-0.1767411467839 0.0408244446940126 -0.286095479930126 0.114246515003692
-0.0605592801964532 0.11313271764479 -0.147370841616767 0.241775291057015
0.196991667695573 0.0317166459784688 0.334133456333136 0.131916179306873
0.168676480813819 -0.275085058355879 0.302644900046131 -0.407185476540419
-0.137937111472094 -0.330806489998921 -0.20844611654119 -0.204040534245365
-0.340297907019911 -0.0794929730396081 -0.0240834942153371 0.236280053894583
-0.219055745848092 0.176711091461761 0.210553930119504 -0.00759467858167781
-0.042045956411258 0.117137602421225 -0.0071311966196624 -0.113679666376916
-0.0292187072592378 -0.00315209087176454 -0.0163238727987255 0.125661698096767
0.00828081820352981 -0.00388223743656395 0.0163928641222804 -0.101814655334777
-0.00352523394829337 -0.0123179299651072 -0.0126660937916709 0.181410898284261
0.00708497930626825 -0.0292469445370473 -0.236408976656956 0.0707690421376587
0.0302366282227677 -0.00616174560081786 -0.0273107757127206 -0.238647756245116
0.0329309339106938 0.0401367352147361 0.246363072525308 0.159834159236504
-0.0130832170108197 0.0314861229087084 -0.23988574710971 0.458032537964629
-0.0106217060333971 -0.000927038369516769 -0.397679252414916 -0.0779458341051868
0.0136745556117452 -0.0167339810962076 0.143678287297556 -0.244507177843593
0.0192011105651627 -0.00859507280511026 0.340132860290268 -0.079306546718972
0.0133831764245396 -0.00630372787363896 0.146758970464737 0.00741106296920852
0.000204991947854627 -0.00560219776431319 0.151617359107905 0.0643836515978275
-0.01412458320034 -0.00325795455259075 0.0739679231321882 -0.215062953760365
-0.00574112555273548 0.00504758345289183 -0.291775575921684 -0.135652256600928
-0.00367235348686807 0.00233380461877851 -0.105021776545427 0.267432209150915
-0.00381823547632899 -0.00382296291123999 0.130373690879868 0.0727561649063775
-0.014274044087305 -0.0106006779012394 0.0183916250910501 -0.123423011637367
-0.0485376489187144 0.118761418665828 0.000893462552890998 0.119492444222821
-0.216159929983507 0.139130224064107 -0.198641304131708 0.0489432526055216
-0.317375476288184 -0.0906391490532571 -0.0396116594019107 -0.219551726755983
-0.090256335583974 -0.305703629382187 0.228956345779513 0.134350365870247
0.170872473703986 -0.201906292177386 -0.19383836654806 0.415648036923538
0.1564385375338 0.0521123316554972 -0.333296300739116 -0.072681490523078
-0.0513543494707202 0.0801227907811354 0.137438374884254 -0.225944458054451
-0.121908398615278 0.00499508390536783 0.322059369108724 -0.0814177854006983
-0.0412350823027152 -0.0178404141810183 0.169132708683562 -0.0323765608183143
0.00967656711540214 -0.0735890632149426 0.136189410933698 -0.00226803524588702
-0.0609007789661774 -0.111319652548692 0.0328710782422167 -0.224966473978407
-0.0903564784947789 -0.0155101384905976 -0.269797576137442 -0.1059127345969
-0.00909873626310347 0.0368238641859116 -0.072634572852544 0.254718127140356
0.0255399583872169 -0.0337717621271837 0.127923731900617 0.0635433628332194
-0.0259821371652779 -0.0605245687614896 0.0197208098987955 -0.170432732429419
-0.0612859600602071 0.120991458747706 0.0139967653334385 -0.0431692364269876
-0.290281190970454 0.216162393175943 -0.10494695478194 -0.047491973354085
-0.508139920097512 -0.115160506888729 -0.0396657547811384 -0.161648299077853
-0.16061938394912 -0.50008207537048 0.12527157564931 0.0885502918314246
0.294821056999955 -0.292557777667691 -0.131276271516023 0.232798937494765
0.219906282292718 0.131549012939404 -0.170484561942021 -0.0925011991354203
-0.108431112334057 0.167638781888291 0.10527823139101 -0.175278003708109
-0.24516231666606 0.0546043710652229 0.229829659031367 -0.111809624487954
-0.169933310903232 0.0436516317661375 0.160492476913391 -0.158656393073773
-0.0514237205207429 0.00938511138298826 0.0318937852349555 -0.188072134366889
-0.0539022101413932 -0.054430571153242 -0.139480107618598 -0.19293913491974
-0.0400042490828365 0.00745863741222934 -0.200870882428167 0.0474649444794103
0.0525844152669728 0.0147439757156986 0.030773719475684 0.223297168646777
0.0527088897952129 -0.0858399824089837 0.109931569862133 0.0366017976736249
-0.00825807332636991 -0.150718991853892 0.0152120941918806 -0.182940126660375
-0.0186084189769112 -0.0409931205253685 0.00359583173248992 -0.175076375924679
-0.123699023941565 0.0740537250560621 -0.0356276788430369 -0.150468490227912
-0.268613740524434 -0.101596944564041 -0.0355325605675139 -0.112184331218903
-0.0131265134096567 -0.329653899682204 0.0277375728657628 -0.00129826590227919
0.286016117282348 -0.0960555250202283 -0.02340227479186 0.0250608908134159
0.127133016346948 0.225796196809072 -0.011508161829545 -0.0796547565344914
-0.146739047984279 0.228430324363169 0.0500267211412803 -0.106936982778978
-0.274044917345425 0.149345418634533 0.0715856036146088 -0.120819045372094
-0.242508457418662 0.205082411240626 0.0111410107810645 -0.206388204119101
-0.0570310643776741 0.260264432947212 -0.147388240325436 -0.204445862220523
0.130860507946699 0.147987831040331 -0.237660502551145 -0.0162284831256291
0.175130095638722 0.00889756740812786 -0.0774010299493375 0.194078569658854
0.149112075101666 -0.0886679033310348 0.0748192358932842 0.18221839248001
0.0653738573630206 -0.15934369668776 0.0627437026228153 0.0431515403812408
0.0335690264487148 -0.211736803430736 0.000460771721361648 -0.129383262246024
0.0805853370429766 -0.195225787420449 -0.0438165448169042 -0.179179943877781
0.15393631820491 -0.106340064005047 -0.0502563697056279 -0.185619517823512
0.195635118289445 -0.00117812248284699 0.0102658450837599 -0.127338778792069
0.166415615611099 0.123556959612456 0.09784797131767 -0.0417455367677396
0.0738728318130787 0.221499915879167 0.093982847658571 0.0092720180118456
-0.0759440603350729 0.265309436976369 0.0364729148489994 0.00627233774757496
-0.161865113462266 0.249135580623668 -0.0160280215122049 -0.0192438103598723
-0.138615858424043 0.235445004790344 -0.063749319672937 -0.0448528411459574
-0.0303098174069441 0.251598525129292 -0.1175978785955 -0.0575273737198273
0.0999558650430928 0.214109331162068 -0.140535405924013 0.00732638931737608
0.222826205150009 0.102970352558453 -0.118178970920176 0.126039271956945
0.220623259053332 -0.0503340319611116 -0.0278044840586975 0.212985828859602
0.138528680839436 -0.171153219733622 0.00831110717792408 0.180278516162111
0.0407031932158344 -0.200390207273963 0.00590315598181224 0.104545333506888
0.0642012066089933 -0.190759925577988 -0.0277733568957535 -0.0548630791660271
0.141768317337619 -0.160320701944748 -0.0989407660516427 -0.138643981842967
0.202405087063979 -0.0664289650622403 -0.0355974379054164 -0.187359094753788
0.242995227473892 0.102354858212767 0.143775400132756 -0.0891988834654922
0.0702326547190079 0.293302626078331 0.198559035255567 0.088550588469351
-0.176415477961642 0.287081955462528 0.0741431492733594 0.158603998424685
-0.24852636798811 0.206511603491604 -0.0510562660757388 0.102443908247458
-0.152992267206521 0.231493807200777 -0.0736699441911982 0.0798182680961386
0.084466277764394 0.237650487408793 -0.0420637301884492 0.0849893943457587
0.283489320504411 0.0054900674403112 0.00379124552989681 0.0385805465326782
0.109402830322783 -0.263548526877774 -0.00416051359730425 0.0434023150527993
-0.136116597736959 -0.155051798870466 -0.011015803830054 0.128399351992598
-0.0774969580724586 0.0138664456141124 -0.0166011376008536 0.159032574391032
0.016061865575786 -0.0883283490431285 -0.0521253395076647 0.167434638557405
-0.00848953200690155 -0.158852390345427 -0.0204007913376764 0.168524089322873
0.0629385609982813 -0.116875752217018 -0.064001675000894 -0.0233208086636676
0.0935864456026013 -0.0305887308736585 -0.0777663114620146 -0.168506570611794
0.0171535329494598 0.0130580880236764 0.115895330463379 -0.132702359139668
0.0092087375655404 -0.00264988680090907 0.186106692779184 0.0895700697984246
-0.040642259408584 0.0623943459705721 0.0735481526339039 0.176935800887286
-0.20541383025483 0.114039256542737 -0.0637409069215328 0.184995440730482
-0.274184703182818 0.101508955179151 -0.192191835476162 0.127150278789269
-0.119400415440209 0.182582012963616 -0.121732536292205 0.16814665610941
0.224657167575461 0.148313966827586 0.131299318232445 0.162229766384415
0.348328372250907 -0.258151053583805 0.226409546177849 -0.131748381371434
-0.0506022192216805 -0.519125578989072 -0.0458705770206492 -0.119605295265921
-0.441013090646749 -0.218679735329473 -0.0244377847439568 0.160127838778054
-0.302315139711191 0.156534114962969 0.0820006864158941 0.085712116651523
-0.0639326571587994 0.0731709560215048 -0.0353391978032506 0.0545617860955691
-0.0377675642847931 -0.0660314274226726 -0.0241758962871395 0.16807766033927
0.0398181340242868 -0.0546254609440779 -0.0910113218515917 -0.0393749241160884
0.0217056310421061 0.0242609330266866 0.0249819987739172 -0.222578340250021
-0.0699133713164251 -0.00589143597752716 0.249273064725058 0.00613361558075005
-0.0414468504353179 -0.0979119804906308 0.0559662053454208 0.212297224144905
-0.000635354897759318 -0.0693338175221118 -0.0918592232844871 0.0577826972588954
-0.094323546660621 0.00616731061568022 -0.133252023700984 0.0630965818326983
-0.174061377923821 0.0281101373353772 -0.289479441279062 0.0914454752684658
-0.0669566203827883 0.10595952132534 -0.159011489546719 0.228837996527927
0.188828093766043 0.0426188610610535 0.318927298034324 0.150603296010212
0.181897572335384 -0.257759428104894 0.320401891610992 -0.381868708632855
-0.113066302349058 -0.33337629503889 -0.193522981784245 -0.211311371243396
-0.328144562856544 -0.0966012215109399 -0.0390019206044925 0.231397080499447
-0.221367842521591 0.158094598970463 0.207165363538419 0.0071525126911548
-0.0475486295839741 0.111363480348311 0.00093702007650984 -0.110030087394747
-0.028326007026242 -0.00482262516040382 -0.0247034105245867 0.12388297357631
0.00783757637785418 -0.00409456053173774 0.0133678043369014 -0.100412130487982
-0.00432153406612196 -0.0115099627929901 -0.00766012202064511 0.178094915855582
0.00571000241551463 -0.028304237898116 -0.23015652448574 0.0749006275666689
0.0289687614648952 -0.00642788533409384 -0.033629919412133 -0.23301159588695
0.0336089328083553 0.0384312400994576 0.245935924810742 0.150748295528849
-0.01186196489657 0.0332054489288 -0.227072591826846 0.452933987862932
-0.0105329956747029 7.22787844588436E-05 -0.390740164408757 -0.0699764936614437
0.0120855869268279 -0.0174873531609967 0.137363475413213 -0.24139163415372
0.018966849100997 -0.00809041234473611 0.332499780853527 -0.0841550240969371
0.0129229104077177 -0.00581377478729388 0.14365663609198 0.00784072497912961
-0.000615376973115153 -0.00456803727772902 0.152282181051071 0.0636680318692293
-0.0135054694046167 -0.00245298381255561 0.0703307950793432 -0.212032588373889
-0.0051607717989122 0.00555293508284157 -0.289654129020578 -0.128170091078312
-0.00335211730455966 0.002246613964919 -0.0976167543055939 0.266072510066641
-0.00386802215659124 -0.00408271874199638 0.131246284017838 0.0697030442027721
-0.0139748291816735 -0.0114003460158375 0.0148394522698324 -0.120940672074182
-0.044847536544594 0.116646543014152 0.00434233792429337 0.116459788029461
-0.209756495447801 0.140115159139738 -0.193759198730565 0.0525740584186053
-0.31317670603355 -0.0821550575110477 -0.045001595967197 -0.214700704483322
-0.0946375193325605 -0.2999082540701 0.22771228032554 0.126201513745285
0.16428583886265 -0.20195212354651 -0.181024537478743 0.412412862704837
0.153771629399099 0.0478255919969481 -0.329357390018476 -0.064902190404958
-0.0497158335998 0.0790898869797614 0.130395192718815 -0.224352370981618
-0.11965099108581 0.00702456106479617 0.313651355649391 -0.0861067605931868
-0.0410603906034347 -0.0159031532810957 0.165404683345268 -0.0324079149383603
0.0080815460044486 -0.0723819310728914 0.135155462159137 -0.00134604293346639
-0.0624251380463778 -0.108537022097723 0.028635330048593 -0.2211359119939
-0.0904335026647942 -0.0141840654825457 -0.26780540060285 -0.0999747949944878
-0.00792306601950244 0.0355007881919014 -0.065940490113409 0.253124456235335
0.0243142503022489 -0.0324916664154674 0.129397832856242 0.0590606266128875
-0.0277171933130171 -0.0590083939024866 0.0148915613945217 -0.167241532911709
-0.0575846641799069 0.119578025115965 0.0126966212762967 -0.0432479113252488
-0.280541889964866 0.217084040276743 -0.104760931182047 -0.0442332711760991
-0.501636098762592 -0.10162385890529 -0.0442907633251727 -0.15755486816341
-0.167067828219482 -0.491543548157659 0.125314312472155 0.0831296237873039
0.283199219160686 -0.292906968165792 -0.124728656463865 0.23121622578412
0.217755885930036 0.125310275015893 -0.168537312333536 -0.0879117935286226
-0.104410506011422 0.165090219352609 0.100492254226825 -0.173437729157561
-0.239733531002591 0.0563979256329108 0.224344686900936 -0.113401916166383
-0.166962616439718 0.0459084684435739 0.155460437356559 -0.156306477986589
-0.0510872948909183 0.00919026090709041 0.0293599124336085 -0.183365559010096
-0.0560517100430242 -0.0540137351841249 -0.138683210619757 -0.187368081172764
-0.0418960880952226 0.00803865641159694 -0.195975823650525 0.0497587945089889
0.0519293650216866 0.0141159568196348 0.0356159384756936 0.219592891387221
0.0496866336811011 -0.0854848163593194 0.110770160513583 0.033432144593958
-0.0119856891867195 -0.147936253738011 0.010699719393085 -0.178808932074972
-0.0202469951383096 -0.0406956364683198 -0.000604418142280503 -0.172488379949875
-0.119049221294921 0.0751764505137278 -0.0386050455966203 -0.147539650944291
-0.265111565267619 -0.0930957231581762 -0.0381034055170036 -0.110385052218814
-0.0196242281609517 -0.324638919917913 0.0272075707443604 -0.00334313769445084
0.278510361874316 -0.100278887919793 -0.0220195542952782 0.0255773589818503
0.127364749270047 0.220055372522867 -0.0133706848093481 -0.0777518464473839
-0.14132723233034 0.226077924903028 0.0480264598881234 -0.106082992873955
-0.268389887320461 0.15257866722482 0.0687998880190703 -0.1189205507969
-0.235490260452421 0.20527544475165 0.00884988940518659 -0.204302933104046
-0.0517206795850956 0.257484963530474 -0.14816837140928 -0.196914055953213
0.129791917186396 0.142880162109113 -0.233964544708421 -0.012111593736127
0.171283074456406 0.00616294103565184 -0.0710373653867853 0.191499826400212
0.144960474402983 -0.0897794341921324 0.0787972350446681 0.176439534309513
0.0607157859777156 -0.157072020371768 0.0639618899767962 0.0397725835852744
0.0289956924644058 -0.209994794237548 -0.00269919425964432 -0.125989354313305
0.0746827412815441 -0.194410205850743 -0.047583131600669 -0.174274535082856
0.149604395398424 -0.108029956874527 -0.054452825342484 -0.1818013508509
0.193419207138318 -0.00521366389983806 0.00655079939688914 -0.124907883555925
0.167660490647163 0.120285768508121 0.0966839903709812 -0.0435885287353578
0.0753285879330885 0.218009259394983 0.0935363270200912 0.00740937195118381
-0.0721123304930072 0.262911742344599 0.0362887900752787 0.00493138758778027
-0.156079329632133 0.247533951015564 -0.0163851379319717 -0.0184776730817
-0.133895439867366 0.234959685358901 -0.0631984824505063 -0.0430574351938121
-0.0267204589485071 0.247806669972713 -0.118455351601521 -0.0554118758446435
0.101684107453852 0.210662187750935 -0.138446258856305 0.00804954180166133
0.220736681881232 0.0979416794135207 -0.114783610585177 0.126653010398923
0.217068913939802 -0.0544331602210426 -0.0222320493664083 0.21082973822609
0.133165033267637 -0.171281611827363 0.0126396303859868 0.176380810257535
0.0357858307871385 -0.198303953354978 0.00839955720016287 0.101486526240999
0.0594546700131686 -0.188164581711653 -0.0288952974077324 -0.052319611203675
0.137314808848398 -0.160722321827291 -0.100373702168683 -0.133351211347191
0.197852227362524 -0.0679784287858703 -0.040417129816761 -0.183456192520934
0.240590245186763 0.0956592938824554 0.139389575797786 -0.0901347923177748
0.0740061049968033 0.286965917990705 0.196586884072778 0.0836624954398578
-0.168525181587216 0.286630413664332 0.0773891981899715 0.153443627869058
-0.241596243213465 0.209149981412707 -0.0486749730876102 0.101087346595496
-0.146365919800001 0.230174834783851 -0.0720953326612613 0.0788660118547587
0.0867329923540131 0.231704210235126 -0.0408431451705958 0.0843485888221888
0.278443310994151 0.00101830164053441 0.00360502974671151 0.0368585696288693
0.102751846240288 -0.26055574549453 -0.00316020304127446 0.0425378170792887
-0.136025022664011 -0.150189403084863 -0.00797052490949736 0.12716631459292
-0.0745400928472271 0.0147619403698301 -0.0139316723810636 0.157584947585737
0.0138936169606043 -0.0868413386833041 -0.0466603814643699 0.167116208408193
-0.0129812486152117 -0.15626341870915 -0.0172188268229716 0.164623345590018
0.0610232878495914 -0.115964561822239 -0.0651635807854738 -0.0203639634313686
0.090576611686758 -0.0319494444156794 -0.0794124210167878 -0.163404770273454
0.0155789820376501 0.0128945124774197 0.110740839126268 -0.131392418760264
0.00695190576418162 -0.00419522458536998 0.184502155297734 0.0841416738012055
-0.0395312540509209 0.0607683522509818 0.0748821309119981 0.171796469524279
-0.199154383525724 0.11652045756116 -0.0579935957446441 0.18101056317963
-0.267056728353089 0.106069511378376 -0.186912275185166 0.128921150091841
-0.114249136383624 0.181173121510891 -0.117013547200452 0.167025489035468
0.223263844703405 0.142022208018011 0.130896515787481 0.15738264989377
0.336860409627016 -0.259804614838755 0.219468286611539 -0.133252298131652
-0.0600545215358792 -0.510279498078305 -0.0473424556919536 -0.115576239080649
-0.438988967311761 -0.206028638234928 -0.0206862363253585 0.158325349254363
-0.293801636644836 0.160501563543928 0.0821852587442252 0.0835822756646194
-0.0607523861264669 0.0716718883055397 -0.0333001246972383 0.0559734391150995
-0.0386889336899354 -0.0638544859245426 -0.019370437910361 0.165478057327722
0.0385915497561393 -0.0557706784260435 -0.0919108957175727 -0.0362424663790144
0.021584013945741 0.0239201881482623 0.0184551513544138 -0.21841230461854
-0.0703810872663709 -0.00499032009124614 0.244648727137113 0.00271002825539004
-0.0437008065568371 -0.0950996312549443 0.0570302447468961 0.207216140884471
-0.00127976605610695 -0.069069084972602 -0.0907690912500257 0.0570728678424271
-0.0917386984232466 0.00866089477296076 -0.130134518975459 0.0613766665269868
-0.169825109968138 0.032335383573953 -0.28314779672524 0.0963864322916614
-0.0632408350962095 0.105093304606558 -0.152828516085234 0.227711712529649
0.187053409271993 0.0373873943776585 0.315627653029281 0.144550366912985
0.174183462791397 -0.256766600265891 0.307513355070203 -0.383168072666437
-0.118221939703896 -0.326647525688109 -0.195698281793811 -0.203007924102309
-0.325035431518399 -0.0887597852312826 -0.0329747561427904 0.229446216514459
-0.213767465984544 0.158815889630745 0.204120686157971 0.0038456977353924
-0.0431980310030604 0.10975093529034 -0.00158286041821203 -0.106273749433849
-0.0284188198251437 -0.00482322493781006 -0.0208817159400891 0.123074572798969
0.00809296402993491 -0.00520022065828371 0.0104613810804698 -0.0994506229711782
-0.00428960057736263 -0.0117243428076021 -0.00457675037762574 0.174479648677045
0.0050000521892194 -0.0284418887959831 -0.226926040670141 0.0772211048691522
0.0286654286736874 -0.00730375580791233 -0.0381244346939517 -0.228540915493643
0.0352328612776139 0.0382717423638241 0.243951870631262 0.145229968094037
-0.0107140304693695 0.0329256179935574 -0.217262581770686 0.451945694012734
-0.0101939831241772 0.000973840235127371 -0.385801877936621 -0.0630632400179727
0.0113169562508153 -0.0169025069691435 0.133375002393995 -0.238953520240399
0.0192786965427909 -0.00874269046988399 0.325407506048786 -0.0872363468608283
0.0126396503645919 -0.0053516037762392 0.141934460381 0.00939531570300961
-0.000407794794642523 -0.00347587099494115 0.152576208074945 0.0632115121727347
-0.0129384452451573 -0.00199703623891539 0.0683064925702251 -0.209716630367327
-0.004597676071096 0.00543773347534825 -0.288458592028667 -0.123535089393286
-0.00354427954168879 0.00192563841952156 -0.0921023147396414 0.265007819723906
-0.00370914159463915 -0.00327463675344673 0.131599104487139 0.0661502121079558
-0.0146844852563511 -0.0116756458804051 0.011367625641212 -0.121041186250141
-0.0430155661147331 0.115762260671975 0.00613120362271975 0.114442330164541
-0.203966421870402 0.142513934785687 -0.190620689115485 0.055959492684911
-0.31101069241075 -0.0753396342163696 -0.0498256153550074 -0.211668866107105
-0.0978871975963015 -0.295276178827234 0.226889234584061 0.120945444364871
0.158570022333082 -0.201221287521165 -0.172766320324339 0.409477331004982
0.153052707436655 0.0450604548303865 -0.324066552622703 -0.0582296808815915
-0.0489644317428444 0.0781330302666201 0.12719588982424 -0.221750210267639
-0.117731675436559 0.00812867499993212 0.308743503461197 -0.0883039828605727
-0.0415332554711609 -0.0151071022242721 0.162818201736371 -0.0305299993420395
0.00751664182662565 -0.0715071715123653 0.136070912605061 -0.000488574186607815
-0.0641030361706646 -0.1069790132583 0.0278478859369455 -0.218140266525385
-0.0903473091196191 -0.0127174508222983 -0.267173553882327 -0.0953232952497881
-0.00818266860568084 0.0365419444615237 -0.0599753979661084 0.250739052761626
0.0233258659872952 -0.031966570849859 0.130291513736966 0.0569759222441155
-0.0284147520499006 -0.0601321212083888 0.011479880868583 -0.164904861160418
-0.0561275036957749 0.118527339382792 0.0114885990622885 -0.043359109359894
-0.274048103906209 0.219152804148338 -0.104397013436573 -0.0425592509542777
-0.497699900227216 -0.0930943879518787 -0.0482872522430093 -0.157146914862067
-0.173705837948108 -0.483873268704109 0.125862288054451 0.0785650345016636
0.276082192742783 -0.292396669816761 -0.118370536885547 0.22975416650464
0.216006454497755 0.121078248764053 -0.167756172355277 -0.084907151273005
-0.101910023865328 0.164658884123287 0.0985201703359737 -0.171679849532475
-0.237351538439557 0.0585002072635528 0.220867530027513 -0.113781309480358
-0.164619448055173 0.0478999303005438 0.152478252464051 -0.154903488531397
-0.049886807837971 0.00802929421062957 0.0279792806371437 -0.178935865924037
-0.0583551179087913 -0.0527535624553428 -0.138948109720137 -0.182850622577221
-0.0430322968315229 0.00883369371009084 -0.192203898436514 0.0513739925860058
0.0516395052671273 0.0135177102027911 0.0388141323917373 0.215819747854405
0.0481113638361597 -0.0851827016496903 0.111358534592951 0.0305618768560382
-0.0145797148548313 -0.146961454795712 0.00767778822041017 -0.176557579289526
-0.021489805211814 -0.0410071951065258 -0.00249873927472982 -0.170683028866839
-0.117117921754437 0.0745618260830336 -0.0415167560627019 -0.145487742984793
-0.263333845161447 -0.0878615816955449 -0.0413102923076759 -0.108847418484128
-0.0241707549201553 -0.320149415008088 0.0267126568044895 -0.00490780726728684
0.272032287310207 -0.101507417647501 -0.0211194181418071 0.0253893026165227
0.127090717334558 0.216783169621896 -0.0125718941294773 -0.0777999386570733
-0.137666945391275 0.224248674152553 0.0465229795760935 -0.105089827290894
-0.264367373052128 0.153610975971151 0.0668558631213137 -0.117300882121449
-0.2317162315876 0.206569085167441 0.00600600263459881 -0.200661569692147
-0.0477090897452184 0.254467752873122 -0.149832289298866 -0.192658917091453
0.128469953106043 0.140197594911135 -0.228779007487073 -0.00744220610713406
0.1678930724996 0.00482726685409186 -0.0659813663290985 0.189442328885158
0.142499625238484 -0.0893942426436904 0.0823180033211041 0.173286994326195
0.0576333320816211 -0.155782113828319 0.063769137717652 0.0372784685035545
0.0252891486995699 -0.20890288089694 -0.00440272890992414 -0.123421585117226
0.0702832502322364 -0.193168445576602 -0.0493283362609145 -0.171979270844797
0.14679547381324 -0.108247746878133 -0.0591086558792024 -0.179554005523465
0.191905463897939 -0.00676906348983546 0.00475371420859604 -0.123523090475586
0.168628662816429 0.117936197661831 0.0946132461958381 -0.0451751732364278
0.0762599862180562 0.215089524914955 0.0933838023079535 0.00597164798408469
-0.0700575020686585 0.262649244420402 0.0361453243502471 0.00484068218579817
-0.152726543937646 0.245616121582704 -0.0168965822123078 -0.0179667566776273
-0.131650177571575 0.235232147522494 -0.0636351429728735 -0.0417391410872449
-0.0242237859303704 0.246124731175612 -0.1182368308086 -0.0543005110663255
0.104317906081107 0.20843802201752 -0.137341774007948 0.00909529184989847
0.220097207223346 0.0951837709764414 -0.111400628549308 0.127386249605351
0.214956691781208 -0.0565445695717754 -0.0168815352153708 0.208767286774961
0.129145107172095 -0.170751892468479 0.0163335635070153 0.17401251487748
0.0317360042941881 -0.196239791669677 0.0109402493199188 0.0982826218948351
0.0577093261117534 -0.187069552812012 -0.0294000036424933 -0.0500927790352788
0.132559357315859 -0.160601437661509 -0.101620410846237 -0.129494002150087
0.19453590049115 -0.0692045205415251 -0.0440443639659366 -0.179522063428098
0.238360931728015 0.0916794474794496 0.135809874637665 -0.0895567450729104
0.0768527764766712 0.281940489756583 0.193111847199463 0.0793426661659745
-0.163605065857659 0.286788316597018 0.0787386498822795 0.149322080773471
-0.236794742805502 0.211373697618544 -0.046859723688925 0.100855660513887
-0.142775184664254 0.229315258930522 -0.071395146968904 0.0788539563450931
0.0869345316316072 0.229919380971316 -0.0400787958282513 0.0826646349320715
0.275380819399652 -0.00287939810660069 0.00250613239869211 0.0366418819140522
0.0993940471036224 -0.25741248306497 -0.00253244849415781 0.0418851808318354
-0.135769908461623 -0.145843605083963 -0.00582208758168718 0.125851729314818
-0.071743021786865 0.0152466937536874 -0.0108839252905298 0.157219963552909
0.0119282527533236 -0.086094122940988 -0.042916610919966 0.167203270223862
-0.0157201552899393 -0.154409061370573 -0.0134245297950694 0.161638174070578
0.0597805664088943 -0.116152746200236 -0.066236815075166 -0.0189182551814134
0.0889010270373049 -0.0329210632812022 -0.0816178931654801 -0.159994459579128
0.0148674213753651 0.0137702426335997 0.106391698120771 -0.130023509665555
0.00478148357884666 -0.00387993500808389 0.182818291980973 0.0806197062936858
-0.0381189727580639 0.0594349124386588 0.0740700869489816 0.167212006321161
-0.194165739492969 0.117781466522742 -0.0561070069789845 0.176542587691492
-0.262429196720585 0.10809451994299 -0.183635939218433 0.128843083774422
-0.111027971208921 0.180825092136254 -0.11574872376422 0.165293299682977
0.222992718350171 0.138494222627218 0.131855500148737 0.154454262243884
0.329090208988382 -0.261322192031632 0.214683682804566 -0.135358322492841
-0.0641876356057272 -0.504240674549313 -0.0485618195003626 -0.113677917430763
-0.436865934071051 -0.196533888776444 -0.0186267845388533 0.157751807197463
-0.286930998834559 0.162821586870988 0.082264628697281 0.082314196294106
-0.0589207398192266 0.0718404960135713 -0.0321698245572301 0.0572508936930209
-0.038294633148143 -0.0637983955655267 -0.017122827747879 0.164000070018845
0.0381730527611659 -0.0559856370810025 -0.0926676518982184 -0.0345569913083402
0.0220030713576729 0.0225565649766835 0.0152343230382912 -0.21664979393465
-0.0699221062322012 -0.00307427135901217 0.242189246755626 -0.000426384008910704
-0.0457067507422151 -0.0925528392117849 0.0589265669927812 0.202374956840726
-0.00266561229002666 -0.0690960630959837 -0.0898285041495384 0.0549960447852701
-0.0894095438685649 0.0113207995325258 -0.127653654726275 0.0590464638936398
-0.16745376009388 0.0342900361861515 -0.278001968561341 0.0970414976918253
-0.0621586465466039 0.104740233711174 -0.148803081274667 0.225551204322261
0.185989921028565 0.0348942266888797 0.313160010800623 0.138969390670053
0.168338970112909 -0.256261527132072 0.297323288565299 -0.383303357342621
-0.121779042211887 -0.323674851759023 -0.19686660454557 -0.196781042066841
-0.322970462559124 -0.0830510095252295 -0.027897942859701 0.228529865419501
-0.208442412275603 0.160940692691993 0.201840744306701 0.00108561450573828
-0.0408599501078125 0.108886343241465 -0.00362741414008837 -0.103799701554005
-0.0281414879328517 -0.00456183590351189 -0.018424147387869 0.122552492330198
0.00762788486419878 -0.00465668317663895 0.00749295774391173 -0.0993851817325361
-0.00510971938457742 -0.0105653420384567 -0.00234133304759596 0.171412515353419
0.00361855163564751 -0.0279933248224615 -0.223734758885838 0.0802161741556978
0.0286146103398906 -0.00797401409466605 -0.0418339702206537 -0.226442226897393
0.0354543263159327 0.037605330514506 0.243311504746776 0.139028112122695
-0.00986625091561456 0.0339136852194425 -0.20823534918957 0.45142984774769
-0.0104666445871916 0.0021105306901362 -0.383610385862774 -0.0574228824946921
0.0110923978138628 -0.0165485334829064 0.128524423843387 -0.23932672831146
0.0205351817968142 -0.00865931880879337 0.321776279164755 -0.0915123615440193
0.0118772939326688 -0.00483626578474915 0.139843245058688 0.0112289353176722
-0.000136172472911551 -0.0028480439723924 0.154512183532117 0.0631171397861999
-0.0114189981405912 -0.00170579217416354 0.0672499626972359 -0.209221350993364
-0.00372554474689412 0.00536868616104351 -0.290374111024292 -0.119352623430686
-0.00251838269515516 0.0013859050163385 -0.0867421461813352 0.265500140224241
-0.00363982567328942 -0.00262973685319682 0.133755051884047 0.0634370901074586
-0.0156318775621038 -0.0125003286103959 0.00936922938247343 -0.119473536330246
-0.0414143246576513 0.115230725297508 0.00795299387375841 0.113062303133667
-0.201285852974846 0.145733743410877 -0.188502218467373 0.0574747399059166
-0.309793832602069 -0.0702165050395683 -0.0549783257808786 -0.209938889305584
-0.101657371021015 -0.292342096650227 0.227320463662572 0.115670567525926
0.155287025019456 -0.200906432955019 -0.16573162017694 0.409340077008532
0.152076503364821 0.0424587337237914 -0.323629500267849 -0.0540924903526424
-0.0483210247313646 0.077603041352754 0.122369735570185 -0.221735412495903
-0.116597863123754 0.00982693893490144 0.305084973046674 -0.0901484792457206
-0.0407133824761283 -0.0132702248291593 0.161619686813462 -0.0299672828140595
0.00633380118757095 -0.0704433307967858 0.13661985440093 0.00138279498978731
-0.0664548802593341 -0.105636847485905 0.0254281531185424 -0.217383063186802
-0.0910838426817678 -0.0109076443919188 -0.267369638886498 -0.0906430638197235
-0.00696886698143096 0.0365415075079567 -0.0567784442214041 0.251262646862313
0.0226482371226984 -0.030915223225762 0.132291645418779 0.0540205541466966
-0.0297811923470289 -0.0599509301147288 0.00802352739108172 -0.163675401212834
-0.0541748392080342 0.118109201815807 0.0106366414899435 -0.043894240878052
-0.268185729431339 0.221462606971728 -0.10415235097987 -0.0405790281305675
-0.496919799793608 -0.0832959482881461 -0.0525399899210154 -0.155383053478986
-0.180339544134132 -0.479834356977275 0.126476042557508 0.0750295227365237
0.269074646154228 -0.295107838030451 -0.11263500052393 0.229650861695097
0.216286906102517 0.11800802112321 -0.166378168633582 -0.0822360788617513
-0.101548673722904 0.162935066562497 0.0955641263018335 -0.17172380358145
-0.236027455704991 0.0616763444116202 0.2183767208605 -0.114996157912943
-0.163251221906708 0.0499866795523572 0.149284102158543 -0.154484101393547
-0.0494754571806287 0.00753817437174168 0.0252642657591391 -0.174828872726982
-0.0613920579378847 -0.0520209694965993 -0.138619853559231 -0.178572114103409
-0.0451274693737027 0.0100811802822076 -0.190379431526851 0.0539786393978331
0.0508356861379235 0.0140606242723089 0.0426181484325484 0.212626897590668
0.0472352168653763 -0.08365415721587 0.112769842637194 0.027659896530771
-0.0170239757692336 -0.147486837891387 0.00498688017565696 -0.175125625069195
-0.0216813313419638 -0.0397299689786591 -0.00607561669679007 -0.170682560323877
-0.11349241049857 0.0756063599194811 -0.0447883034309335 -0.145264384202652
-0.262893609137561 -0.0822496360568793 -0.0437677175264311 -0.108363983354766
-0.0282037189197862 -0.316677779792918 0.0277174779955545 -0.0076165213975772
0.26925078130349 -0.104504876709495 -0.0183987023810336 0.0247871047716384
0.128253174609401 0.214657639279441 -0.0131596323027578 -0.0761660745906629
-0.135713862934799 0.224409407599693 0.0457083621089962 -0.103962373773934
-0.261746845547944 0.157149426293503 0.0655650594807535 -0.116346697670974
-0.228109316868981 0.20894957966518 0.00338407321532159 -0.200674623152422
-0.0440470122227551 0.254701262679679 -0.151116785621955 -0.189429990275768
0.128910162334856 0.137318593955956 -0.227424201186677 -0.00498395289251695
0.165722176016546 0.00287849309444964 -0.0611962739580908 0.188267575547016
0.139021685233626 -0.0911541137988632 0.0847484974358748 0.169369419951318
0.0547349965218319 -0.155346724025315 0.0649753866132175 0.0337905933031707
0.0222204734657008 -0.208017696555679 -0.00647765472642971 -0.121708247566122
0.0658338170040604 -0.193721680260754 -0.0517678988454262 -0.170207815877591
0.143864850917769 -0.110040161428324 -0.0622487440117475 -0.177938585050283
0.190764889904839 -0.00906345123958963 0.00246653184350176 -0.122058797998124
0.170047965224464 0.114883283079364 0.0934999818988786 -0.0471984066702429
0.0775507961540653 0.214374225447327 0.0936462292678678 0.0041727443888741
-0.0664191389659067 0.263809972853545 0.0361926312721438 0.00368480141261644
-0.149084590171148 0.246397623322742 -0.0167979238370452 -0.018005393846891
-0.128629813467693 0.236372721398423 -0.0642565473792201 -0.040994786061937
-0.0212658582595916 0.246320738497146 -0.119632892789336 -0.0530399179792638
0.106045099410976 0.207394730808196 -0.137640611460975 0.00977778479552944
0.221586918757587 0.0916901856109966 -0.108608603356523 0.128978081050591
0.213765937867238 -0.0590082967891106 -0.0126986548214372 0.208192677893927
0.125958409282098 -0.171619057348768 0.019250946315936 0.171816478042668
0.028318842278036 -0.195789789388918 0.0131823160852664 0.0957636611043955
0.055114182787232 -0.187658287793089 -0.0307132508030965 -0.0486594930326693
0.128397356719953 -0.161199961253072 -0.102836142684959 -0.126921771698878
0.191729137397917 -0.0711594866165298 -0.0463583473414573 -0.176907768654487
0.236920557687538 0.0871094434141086 0.134125417957351 -0.0901141578534537
0.0815976744646432 0.281231360176 0.192432941227448 0.0762627051463506
-0.157820210380943 0.288319723378036 0.079818333291726 0.144493535036773
-0.23494204575109 0.213925463112847 -0.0454290294023964 0.0997854451850438
-0.139856768413005 0.229964339449342 -0.0705434512407765 0.0778602647247138
0.0900880089345571 0.227389812650996 -0.0393777967006474 0.0828416939319591
0.27176527498497 -0.00593083105656637 0.00233318870418652 0.0356584892108754
0.0948692548813383 -0.257646235513781 -0.00186961164591159 0.0402573557303918
-0.137038146829401 -0.141340266255519 -0.00367894428121239 0.126422484295529
-0.0689529546834946 0.0173379909335238 -0.00827416127193509 0.15709224883013
0.0112338081777732 -0.086573806972369 -0.0403983395321239 0.167170242041312
-0.0181367991125014 -0.152486000264951 -0.0110066197821217 0.16009395309403
0.0574636083564822 -0.116996926718436 -0.0668228322645141 -0.0169028172181448
0.0877587559879171 -0.0330094268094865 -0.0833632417272087 -0.158037851661359
0.0141809841750791 0.0131885936527465 0.103379093539721 -0.129646290984827
0.0036947005704296 -0.0037946243879172 0.181023171717616 0.0770521754139237
-0.0378096516712798 0.05894008943613 0.074833312937601 0.164521700026394
-0.190940911583192 0.120759546915112 -0.0537143624187332 0.173437335060551
-0.259098766378235 0.111529680938314 -0.18155412378107 0.13033237488822
-0.109547545318032 0.181899248227769 -0.113868543468838 0.163715471123602
0.224732868881903 0.134063301299855 0.132492720811767 0.15196209454904
0.323888495996768 -0.264873570406849 0.210767661651831 -0.137852706129787
-0.0722729435242038 -0.500805125200288 -0.049353227204417 -0.112085734195758
-0.43823086309778 -0.187858640298163 -0.0153795627787442 0.15777871455615
-0.280958034001929 0.166265872330294 0.0821040487216758 0.0811803478922644
-0.0571684745484564 0.072734377872559 -0.0313416606205909 0.0588690558015169
-0.0396741358650026 -0.0625400862628498 -0.0141334642498131 0.163266270604214
0.0368714315761826 -0.0561473593300653 -0.0947525063538803 -0.032373406180479
0.0215511875190454 0.0224761110061215 0.0111124919168508 -0.215491996070055
-0.0694896379520388 -0.00146133652283893 0.239787049458694 -0.00294056049739484
-0.046771592946371 -0.0916596775380503 0.0595904851609636 0.199611895249422
-0.00388405490013187 -0.068956002426642 -0.0908723849487277 0.0529713448631745
-0.0873433882529638 0.0129454237003308 -0.126436091834035 0.0580993916406191
-0.164011037034511 0.0363188114938825 -0.275358582161733 0.0999737604617599
-0.0605988125313748 0.105764097772443 -0.145027624281917 0.224338720450361
0.186337541862973 0.0307831089432331 0.314137395529752 0.135556626278099
0.164794221579624 -0.258384610096861 0.289252848354311 -0.386045930191391
-0.126445970209991 -0.32090703395631 -0.198758006786342 -0.191473622341594
-0.322873626052746 -0.0769764242967745 -0.0238427077730818 0.228750389154032
-0.203724559475796 0.162660840692053 0.199982909346409 -0.00276867259757973
-0.039204701882347 0.108602158124746 -0.00550411860936014 -0.102096179986692
-0.0275641067203754 -0.00449113690380024 -0.0159073057407126 0.123319761962249
0.0048232952344858 -0.00508374010419748 -0.0102714573392764 -0.100152267965424
-0.00547788583758477 -0.0110290458199077 0.027140699728572 0.169572218460534
0.00120669655253381 -0.0253976306112234 -0.207697674516611 0.117437597021077
0.0245450943386255 -0.0112274771305968 -0.0809066047909933 -0.215873932579972
0.0422604874439584 0.027329184169526 0.2615335243692 0.0959295987031041
9.40740644054527E-05 0.0365037689719407 -0.130069858922915 0.479365166283651
-0.010046841770969 0.00459840096077693 -0.38654979966436 0.0085243371229197
0.00640089826952652 -0.0174274861638776 0.0847059567034104 -0.254428847055368
0.0199001574986309 -0.0114936353984448 0.297057218430307 -0.144199370659416
0.0118014974183494 -0.00667670427020459 0.138561711783695 -0.0103179130945114
0.000699109785857955 -0.000456134235212931 0.162973214017373 0.0367549041578258
-0.0119459553840778 -0.000732949928982829 0.0313020770627097 -0.215173272358051
-0.00561185600108739 0.00323711674681492 -0.301992925768344 -0.0643113623214556
-0.00425171748883099 0.00579300834312943 -0.0361837556208362 0.274003320800981
-0.00161028670186929 -0.000573049722751354 0.142195195446427 0.0376463018642875
-0.0199836380183547 -0.00772997881993591 -0.0122486872089961 -0.119006599132014
-0.0176771183584637 0.118705443234856 0.0275329174483988 0.109547046219594
-0.168543055989738 0.181379718007075 -0.176316079446328 0.0883340395238823
-0.317318879568493 -0.00899496234783548 -0.0910643128662474 -0.198253719112409
-0.153171037301613 -0.268661913737996 0.243727256144642 0.0750325493790087
0.116515107291046 -0.224713693316538 -0.0921143820749549 0.431410834231749
0.156127398908443 0.0148932445349988 -0.325317068877383 0.00314773387771636
-0.0341265399638522 0.0834759064159838 0.0812914603090109 -0.237852263594693
-0.110404171322149 0.0299447901726552 0.281529623388669 -0.141745951991428
-0.0407940245374366 -0.00533256948353294 0.152447720025699 -0.0550571205150753
-0.00561777461336108 -0.0706378289204373 0.134419377376353 -0.0206137879697588
-0.0840851121787412 -0.0929817471793957 -0.00988649231120664 -0.213975309337918
-0.0955743810196888 0.00437931031081946 -0.274190554518668 -0.0414509385768043
-0.00172845036768131 0.0417225765716869 -0.0108282844348453 0.252372606701608
0.0198193149123242 -0.0333702015355061 0.139537016007148 0.0289952066305863
-0.0451474989652728 -0.0530683350735695 -0.0194427814070035 -0.162527621034632
-0.0309246525027571 0.124618462001414 0.00372857052099464 -0.0470089318554663
-0.220758782472254 0.265773519410254 -0.10970730159896 -0.0237787197811304
-0.500283996344357 0.0123538620494578 -0.0783492629763536 -0.145412518601038
-0.262471211710178 -0.433875520336837 0.137934232438394 0.0520398939895674
0.209085547910503 -0.336181869232602 -0.0706451237970878 0.245716658935315
0.231966276357714 0.0759997102059242 -0.17771319383979 -0.0519443688316575
-0.0693301852278969 0.175857170440066 0.0642898462687062 -0.184854099146693
-0.218243890112168 0.101270221765529 0.194244173482481 -0.15004687377582
-0.149244325333298 0.0791141122089953 0.119323856503478 -0.175503225122227
-0.047015677872406 0.0150413945943281 -0.00256372414776134 -0.173639437435754
-0.0723058072897376 -0.0408435917849257 -0.164183994966874 -0.150318531251144
-0.0473721241656268 0.0195266154149113 -0.174508354755605 0.083885799736018
0.0524429901295168 0.00889861744635221 0.0792098777275677 0.199644487681725
0.0328113840749205 -0.0901501835005101 0.115223839148055 0.00766645056550694
-0.0490641530852724 -0.140512516342848 -0.0242726127176039 -0.17194620968678
-0.0323688808414983 -0.0343884666970615 -0.0346240282591684 -0.167784189794947
-0.0975439856052802 0.0959805651459381 -0.0689501878021975 -0.136364468410358
-0.271282994396657 -0.0290290079844725 -0.0624554580810586 -0.100569858438991
-0.0860353477020096 -0.302361332209286 0.0266231458465189 -0.0131808636301434
0.242260392818644 -0.149691116815615 -0.01303418556503 0.0284328397200416
0.162765858708057 0.187576217463476 -0.0263367753450956 -0.0727162227086311
-0.091786032267039 0.241881422027146 0.0263465798846246 -0.110477262707545
-0.227557766736284 0.199348972911071 0.0448300008631207 -0.127209618611295
-0.185934968296354 0.245177584372118 -0.0313524886029505 -0.196782960850819
0.000470468370039545 0.255484063224849 -0.179429705874132 -0.159846119582057
0.148052082450899 0.112616309911421 -0.222342155792326 0.0351613805035835
0.161064349605872 -0.0249810972836665 -0.0271552729890985 0.19277794842708
0.120205901022407 -0.112670696971055 0.111088271290434 0.150759039600752
0.0258745135727884 -0.162775115530827 0.0695210828211327 0.0228328268346231
-0.0209612630281845 -0.207415775908155 -0.0257773591553063 -0.119107490011559
0.0260436476925499 -0.199096070082801 -0.0795001399677886 -0.159409106611552
0.119142767730992 -0.132110931585218 -0.0938589383815625 -0.164131423329172
0.18335943620985 -0.0431759518004818 -0.0186387621054224 -0.120599623323968
0.185731440130094 0.081253068820677 0.083494047975883 -0.0633948926016571
0.114215020938468 0.19648258200208 0.0939582175820919 -0.0130949464555579
-0.0190010715282048 0.269474517633948 0.035213897751875 -0.00316428914693691
-0.0996033844832512 0.266337128043297 -0.0205165020755186 -0.0162216760612289
-0.0854896755148202 0.253750381909185 -0.0694383104190144 -0.0309186545367343
0.0203788358541536 0.244287405772017 -0.126998483104826 -0.0325135502953827
0.140008197493069 0.186642930562326 -0.133664931609114 0.0309371913870674
0.233210897905827 0.0521667523848846 -0.084307282356609 0.144818802920122
0.198608158168447 -0.0941119659356593 0.0239740193723202 0.204562166698581
0.0908582725392629 -0.189247296440299 0.0487776777841789 0.167339842288277
-0.00909613384171284 -0.196315589655429 0.0296592545477647 0.0925161608376669
0.0175662487966278 -0.19316680915813 -0.0384968129284414 -0.0427101875825109
0.0949005844166236 -0.179599467328262 -0.123989363954688 -0.109243921722484
0.172558666366912 -0.101213161888529 -0.0780103011770482 -0.166421787426903
0.245319385560673 0.0398350396157439 0.116430277494909 -0.111199212283182
0.129203681117822 0.257431758002043 0.200475740330013 0.0420575283861228
-0.101471065995517 0.311085783912395 0.102881728633984 0.126420813905153
-0.188961386947942 0.252326903041096 -0.027871850579639 0.104561758396841
-0.0938671977084272 0.249581767156588 -0.0566756203644456 0.0868963909239815
0.127273582946789 0.207293067452475 -0.0265317736427987 0.0868155172771994
0.264319040957602 -0.0538815463475864 0.00691430961306435 0.0352232940246545
0.0466795783682794 -0.268095782355058 0.00455578367450556 0.0408331735458462
-0.158537465055168 -0.112074351408569 0.0211953948719779 0.124573359001124
-0.0647643492478598 0.0319085505322165 0.0208655501843955 0.153389815924626
-0.00642800159634336 -0.084645177575188 -0.00915167312066338 0.171456829317292
-0.0473739124611275 -0.14460926521859 0.0178007787725716 0.157961303247305
0.0350537076583623 -0.122630718744234 -0.069748145622796 -0.00436170837275917
0.0781044834262625 -0.0457061912071543 -0.109794403776403 -0.141734307456171
0.0130739418886025 0.0116338597660128 0.0795696941242715 -0.145241952264959
0.000546827371944786 -0.00664410931459562 0.192253140059115 0.0456705404284009
-0.0254088001523471 0.0626994407325934 0.09929482176107 0.148292941789947
-0.16028524610753 0.155181150665401 -0.0258977272490268 0.176099859198299
-0.23197585557389 0.156785907525738 -0.156601850757085 0.157453557823845
-0.0727647567608067 0.196772429454914 -0.0839389771369168 0.17942210104921
0.241723772945883 0.0908036069192045 0.152762351157365 0.126483544946791
0.26900949046588 -0.318464704317536 0.18007571267305 -0.168165762988136
-0.162400652932971 -0.479211516758106 -0.0661613470161462 -0.0973060027655239
-0.465144131531749 -0.102366541127062 0.0171267083844253 0.156106349070647
-0.243549916254511 0.216318452025317 0.0957903458057081 0.0620397128813153
-0.0435647845567057 0.0821444147198092 -0.0189840117302474 0.0625356043550249
-0.0513773386687944 -0.0518820955534079 0.015406925349996 0.161700059455264
0.0255302110791559 -0.0593975924061226 -0.100394154498853 -0.01598901835158
0.0226759175524465 0.0200938612682155 -0.026436113988062 -0.215929060815728
-0.0699512527057262 0.00927937091265377 0.236243602337732 -0.0422821278938744
-0.0612334334141645 -0.08231323559887 0.0910700229150219 0.186265058523702
-0.0152037388853664 -0.0655815719570936 -0.0829163452729165 0.0637289755095277
-0.0794189472618773 0.0291006177488791 -0.116195770228621 0.0752117020676221
-0.151538577237026 0.065358376233831 -0.254139882116742 0.143373492239754
-0.0390340652837097 0.113564825700442 -0.103686944062461 0.244397961622477
0.186612721541221 -0.00251000172873404 0.328661096062478 0.079087278273175
0.116340097891823 -0.28221172439779 0.210660647064521 -0.424494994681678
-0.181488074637487 -0.292475650597121 -0.224251273406064 -0.148917257293746
-0.330722908575388 -0.0141468164279754 0.0212137867190915 0.226514548787698
-0.166238715125095 0.198634853240142 0.195306624225217 -0.0409178163597671
-0.0178571900737958 0.112804127064276 -0.0231934049083488 -0.0993587230368217
-0.027639580911564 0.00331381504304487 0.0076733185832745 0.123597240779777
0.00431531135131129 -0.00496649724158184 -0.0124272285466766 -0.0994229547062788
-0.00612694948084661 -0.0110137280547313 0.0292404428273602 0.166974135017741
0.000886175995749092 -0.0240339393849337 -0.205228833390981 0.118998732988421
0.0250763784162572 -0.0115107140082568 -0.0834598947271051 -0.213272851932045
0.0420056137227439 0.0270353688052004 0.261333735914033 0.0928729376720998
0.00206338608353153 0.0370316194180099 -0.123767568856473 0.476774994523141
-0.00992852862285853 0.00582895118644073 -0.383189464453495 0.0133748825414322
0.00609670402532872 -0.0172741865945204 0.0813108248103514 -0.254620110599284
0.019820657320542 -0.0117378382718114 0.291983030312003 -0.14604220820375
0.012343101704776 -0.00596783005194018 0.138176325038779 -0.00951853233499108
0.0012893056954353 0.000698361073520073 0.162800910848921 0.0365215202079815
-0.0111095950864616 -0.000315236059102119 0.0298811830735601 -0.213843362691354
-0.00472387411668533 0.00382694181670333 -0.301280509349444 -0.0610323155146644
-0.00391728504689533 0.00550022437776522 -0.0338658917265058 0.272138559222122
-0.00104090986588405 -0.00055800826092906 0.143801965296325 0.0343096641243991
-0.0214127077724743 -0.00860844632652937 -0.0142373718603698 -0.11938967400089
-0.0170938953149684 0.118808666830068 0.0274716510249024 0.10742930984733
-0.164574612951608 0.182395627027157 -0.173476963087401 0.0903812861477906
-0.315081222022356 -0.00415095785891658 -0.0941157780278148 -0.194822530008699
-0.155823959027048 -0.265399601904195 0.241074289802415 0.0703189679444272
0.113137039084154 -0.22293484517701 -0.0864461229273807 0.428269538330788
0.155433367846779 0.0140320030808952 -0.321618816552337 0.00690372964197589
-0.0344337497421512 0.084320561740126 0.0778810660051346 -0.236070062696899
-0.109415200942098 0.0301642570420098 0.277279942115693 -0.143131920936398
-0.0397250570056534 -0.00416719744353978 0.150238097675952 -0.0534483948025003
-0.00643057533236829 -0.0701338362012793 0.135678622705259 -0.0192895216767176
-0.0858430986149285 -0.092260028248673 -0.0107251322869484 -0.213258434242227
-0.0952474617284394 0.0051506726770845 -0.274218693388818 -0.0395205823690116
-0.000860241570135721 0.0422814731462789 -0.00627607621957724 0.251472766996177
0.0200791866067144 -0.0329325334049764 0.140337185885975 0.0261203154379678
-0.0466834554154666 -0.0526233654057625 -0.0212324344020375 -0.160232045133033
-0.0295111905995282 0.124143984141241 0.00266332971576289 -0.0465614045991399
-0.214942600455688 0.268567139703639 -0.109176430469128 -0.0231640883059016
-0.496362332152079 0.0205077540472702 -0.0824080175864095 -0.143060112084214
-0.267563108926386 -0.428189912266106 0.136459374961694 0.0473443066649286
0.202914997519504 -0.335489880806375 -0.0669062147739681 0.243984378799304
0.230946950411811 0.0743694378956449 -0.17543267242811 -0.0489865318750274
-0.0688160868336114 0.175669643620536 0.063042596511071 -0.185292058780157
-0.215836554763818 0.102689478741822 0.191900709979474 -0.149340476015472
-0.147278599669111 0.0796967677995191 0.117111977172001 -0.175220276800735
-0.047747453404308 0.0140890781742306 -0.00302886042277613 -0.170277184788493
-0.0748562494548103 -0.0401519959598778 -0.162505922019038 -0.146924044258494
-0.0484995845649804 0.0205758257516453 -0.172997995286282 0.0845622052773739
0.0530776079408399 0.00969080773591763 0.0817735451987501 0.197322321773238
0.031814748467494 -0.0890325863070476 0.115205767685988 0.00513050838220075
-0.0514891599964934 -0.139932395897978 -0.026103423103269 -0.170322065208364
-0.031949238926388 -0.034209527233715 -0.0358384913666716 -0.167226025022161
-0.0954883394600833 0.0953388673448149 -0.0704873748533149 -0.135545508894209
-0.268983336698651 -0.0236941089435243 -0.0643433264668687 -0.0988275707106177
-0.0893932387066831 -0.299850550129619 0.0268285788518225 -0.0155070156851959
0.236620821576809 -0.150157250783108 -0.0105097150233518 0.0271470582275839
0.16312628062846 0.185635927503527 -0.0265129524544823 -0.0722010909337858
-0.0915669327101911 0.240286535987334 0.0261123685510452 -0.11021844319875
-0.225908576506547 0.19957826873812 0.0433906365598797 -0.125908117386433
-0.182601477291345 0.246408380061696 -0.0335605291465932 -0.194984607885003
0.00269452884924541 0.25394409474766 -0.18030794595252 -0.156626951576657
0.145619553062848 0.110284019896094 -0.219704778209809 0.0373867872968433
0.158225880112494 -0.0250139560513499 -0.0239566562132628 0.190343287874826
0.118120040278407 -0.11218898289553 0.113566103060805 0.147805247652967
0.0228752811709738 -0.162083951687568 0.0694268320018815 0.0209497612047306
-0.0239946825488115 -0.206655605989494 -0.0264451111593198 -0.11656975463196
0.0233790000741833 -0.198587362940453 -0.0803136336395379 -0.157075368451286
0.11761952313871 -0.133670727952783 -0.0951562643291506 -0.162344348144715
0.182153853371153 -0.044876834595789 -0.0202361475596455 -0.118869217981767
0.186072357811855 0.0792025744957613 0.0814867877906309 -0.0646833527155275
0.115230398289325 0.194944171438408 0.0938213335909465 -0.0143465907042905
-0.0173926629805661 0.269895004464876 0.0358120859224439 -0.00439602324512457
-0.0986454787705582 0.266450222213593 -0.0197523821073182 -0.0153627504028342
-0.0822370680145121 0.253467606631262 -0.0706008737362708 -0.029521611541887
0.0226310610677014 0.243369388704467 -0.12793470651864 -0.0307362882553467
0.141304752116282 0.18429140393865 -0.133089703610953 0.0318529664462024
0.233653298227563 0.05040045861729 -0.0811128474793887 0.145409224005877
0.196730187183374 -0.0951948169028986 0.0277745855350239 0.201789633996823
0.0886627639696117 -0.18855473084186 0.0510891433832131 0.164074676062564
-0.0129669189144005 -0.194303738839813 0.0313080536809143 0.0904112461289589
0.0143712266772892 -0.19197680531753 -0.0376296377092867 -0.0417392013226726
0.0914466431887763 -0.178493240448637 -0.123246535453375 -0.106221223702662
0.170031281709816 -0.101991408086243 -0.0805714577286523 -0.162379716919015
0.242550424205288 0.0389759638009753 0.114380720631739 -0.111143266890946
0.131766687134047 0.253477862331906 0.199585954524249 0.0391289653055518
-0.0955220209262324 0.312028574611788 0.103154532166627 0.122145070141071
-0.185134678278923 0.253471075340761 -0.027387329901773 0.103566869962944
-0.0916452025178069 0.249421944333621 -0.0561118824584944 0.0866811312738521
0.128233429197254 0.20436497897574 -0.0251636203761862 0.0855081900429588
0.261753838874785 -0.0564103927755284 0.00645567793782446 0.0350003517237516
0.0420692403691952 -0.266078502940659 0.00608100342533 0.0389946548704586
-0.158088648772193 -0.108777929719503 0.0225469813604404 0.123020338335917
-0.061849629096776 0.0323119644068837 0.0224948222632098 0.152794519912477
-0.00778304505989952 -0.0839491568180773 -0.00678287088786025 0.170642622711627
-0.0487398116875898 -0.142002354011308 0.0199164087656875 0.155870274071009
0.0342826351873373 -0.121851450581642 -0.0698965770577869 -0.00415495805872016
0.0766686677239673 -0.0456520329141974 -0.111310827221303 -0.140101520231831
0.011985782252756 0.0127414835078383 0.0771824623782093 -0.144715069670054
-0.00104584394690366 -0.00616779043042043 0.190315208666708 0.0429220918994438
-0.0254692692314268 0.062236467666795 0.0993675129698628 0.144789455787726
-0.157229954201963 0.15593447641355 -0.0257666454883452 0.171985473858615
-0.228028337925679 0.159564976928203 -0.154296085293178 0.157106832591563
-0.06953148400842 0.196040208636997 -0.0830013596004818 0.177149601643344
0.242648525115296 0.0871082994161448 0.15300266750146 0.123366216585534
0.263072230466809 -0.318484483530173 0.175545388601493 -0.169835477282838
-0.166695937478122 -0.474368304294405 -0.0667694593859479 -0.0963639853147924
-0.463217677717352 -0.0931718546610013 0.0192151477589081 0.155438175488671
-0.237666496489657 0.218542728190288 0.096070175627477 0.0608223269895542
-0.0421336100604556 0.0824020820448172 -0.0176608331085227 0.0629989344324332
-0.0522913389091628 -0.0492927372128171 0.0191244018273833 0.160430005553967
0.0249015946800066 -0.0581752025695121 -0.101834159795624 -0.0141510022894584
0.0214479442879953 0.0201436949299833 -0.0292117970220638 -0.214885599454856
-0.0697500863579009 0.0108183042934902 0.234469823078531 -0.0450065966377588
-0.0620873670376624 -0.0798354394938508 0.0914210212595097 0.183745848300944
-0.0162558008065788 -0.0645441333645546 -0.0837125260123011 0.0627709799923308
-0.0774374862026358 0.0305366757971804 -0.116045603404612 0.0730886890677173
-0.150217994448115 0.0687326345253094 -0.250526802929986 0.144538737934315
-0.0371088824489153 0.114772111586198 -0.0994649839209405 0.24356063001141
0.186140828379386 -0.00494172349754776 0.327617154907567 0.0758373015897175
0.112512208520393 -0.282170179086785 0.203044728902645 -0.422977141941993
-0.184817917500708 -0.289193754642523 -0.225771254311464 -0.143936030206857
-0.329279116553933 -0.0091476173032942 0.0250840681357078 0.225354666472932
-0.162859587393553 0.198727161036202 0.193925945123728 -0.0433047341645256
-0.0150034746863394 0.112444335591544 -0.0246617865397942 -0.0980474684065254
-0.027677015129266 0.00425766729467006 0.00958732056708635 0.122579116451449
0.00394169105009786 -0.00555076872405524 -0.0148767078284976 -0.099552227172282
-0.0064140382490759 -0.0100083462735278 0.0303521399408737 0.16495666546897
3.90746392794211E-06 -0.0234767244798844 -0.203880672385874 0.121116415987591
0.023752722245747 -0.0112655192443532 -0.0871155493528653 -0.213116983422198
0.0425915822259305 0.0254499579208195 0.26080051954504 0.0896713485385631
0.00237223087810411 0.0370432809441599 -0.120087541647765 0.474999081346747
-0.00903151429368048 0.00630963113836027 -0.381766097793241 0.0149547612701019
0.0056415689144746 -0.0159874691150264 0.0806138416987542 -0.252804116430107
0.0208184096358278 -0.0128081959646235 0.289449154054829 -0.14629682337614
0.0120261590487918 -0.00561923290267992 0.138831856267281 -0.00759037714830162
0.00256489382981651 0.000100142635670788 0.165242323270164 0.037827334419167
-0.0107772219471848 -0.000392548847363056 0.03057170312652 -0.213145811380525
-0.00473136333765676 0.00356566891239789 -0.303245192233861 -0.0598499755088841
-0.0037091319998349 0.00582608407899508 -0.0308470091661465 0.273203490817555
-4.48738621946763E-05 -0.00024466288199513 0.144252278156592 0.033552592596951
-0.0216800459782603 -0.00806615358426103 -0.015806531155047 -0.118851206132037
-0.0156394814287913 0.119537714334062 0.0295818158314178 0.106445803376859
-0.162575214928535 0.185451891734432 -0.174188636619194 0.0908794112418327
-0.315504898826691 -0.00179436664871202 -0.0964494271502451 -0.193276463072698
-0.157938689253746 -0.264384375964873 0.240761122382971 0.0673156223217468
0.112291771301938 -0.222821463746522 -0.0832189072783273 0.427689610448136
0.155447901293684 0.0128104515121531 -0.319149431242399 0.00805678321273732
-0.0341985217493755 0.0836924579263119 0.0769730175190424 -0.236085216296573
-0.108999309719054 0.0304062115352352 0.275524311089218 -0.144957749840023
-0.0396770380480873 -0.00349006823102957 0.151062017334193 -0.0526498077556746
-0.00614278209323784 -0.0698065118587602 0.13685900092735 -0.0182198327816894
-0.0873779489839898 -0.0913963322931294 -0.0112996018148374 -0.21237245053098
-0.096337009586005 0.00614692728203203 -0.275839066053737 -0.0382550306239374
-0.000858888646668535 0.0424906758374502 -0.00439866797357318 0.251281752459482
0.0208158494094755 -0.0319600079447421 0.141675083637462 0.0247590398564117
-0.0480577062134285 -0.0529664937310505 -0.022298324382993 -0.160402425052964
-0.029029210393857 0.124411329188764 0.00251856715348487 -0.0474946290247478
-0.212064566404835 0.269362810998042 -0.110756336032276 -0.0224734961053861
-0.498208897145134 0.0242723864333065 -0.0852243451783071 -0.142507796783614
-0.271063485335882 -0.42544532405295 0.135658846964604 0.0450149444657578
0.199368052625506 -0.335374854417289 -0.0634877152884008 0.242775855806812
0.231304022703083 0.0716371324023826 -0.173918158010091 -0.0479137805057588
-0.0691726914547361 0.175472234163913 0.0627263949552532 -0.184520788784104
-0.216063130944812 0.102947868052375 0.192348702022876 -0.150316612381054
-0.14561468165694 0.0807090371761932 0.115765642922102 -0.174297708834095
-0.0478509152014426 0.0139715758068234 -0.00216931137024626 -0.167799245887214
-0.077052115005559 -0.0394642529439947 -0.163546104348182 -0.145294423084564
-0.0503429161693827 0.0216432692739841 -0.172217680087361 0.0848280179274365
0.0530345238453072 0.00987370018742795 0.0834238027967382 0.195646466380844
0.0322991246129107 -0.0887136726902015 0.1163023752748 0.00317999586411297
-0.0535447332679243 -0.140649095695372 -0.0263366656929731 -0.169114053724905
-0.0317767248722367 -0.0352205954128338 -0.0368702076132732 -0.165757665107649
-0.0950940074739094 0.0965827615150446 -0.0717151764376796 -0.134660647241973
-0.267795684484306 -0.0222530316097142 -0.0661400210687721 -0.0973417740565554
-0.0917121912225046 -0.298802284094513 0.0257156311105453 -0.0167920515185641
0.235039401605956 -0.150546530551262 -0.00899530240254055 0.0266174425905981
0.162738283684628 0.183810905244842 -0.0260533088728487 -0.0716322942457951
-0.0916882723962086 0.241582179154942 0.0260080275257231 -0.110058950151111
-0.225087585948991 0.202273529791297 0.0440296641568615 -0.124741844391604
-0.181129913397761 0.247123386815978 -0.0343089454592813 -0.194690577316266
0.00431902553351379 0.253033014777771 -0.180953553932616 -0.154293170727968
0.146192025937057 0.108690494091559 -0.216713091629162 0.0398943282508891
0.156293603812204 -0.0262226251423078 -0.0217182837030443 0.188635147778986
0.117768940697331 -0.111238595070935 0.11564472333151 0.146531783789141
0.021469367169335 -0.159849138696605 0.0698567841156693 0.0178437953707486
-0.0262245772482519 -0.207320202297101 -0.0265820899632927 -0.115612015466549
0.0215097508953726 -0.198366060456613 -0.0813341814221958 -0.155926730652715
0.116125341131051 -0.134988071816121 -0.0973487507617404 -0.161315806335638
0.182323191471256 -0.0449936524116238 -0.0206476438000722 -0.117885950251299
0.187566625960313 0.0781588672499211 0.0819450044170016 -0.0652624326669112
0.114904603212136 0.19586949525245 0.0949296248082005 -0.0165851031382843
-0.0160734008183641 0.270695252704414 0.0362768287894167 -0.00464657428035723
-0.0983758320692265 0.26764800742812 -0.0195891770260252 -0.0156331232040754
-0.0822101452249578 0.255215223972544 -0.0696210647212494 -0.0290740966458925
0.0216046506014003 0.244351752048143 -0.128276637784567 -0.0300683054346812
0.143129896945126 0.184100930260328 -0.132985041474284 0.0330533130138802
0.235102047573725 0.0478938164616071 -0.078785136227831 0.146180528553991
0.196600473661681 -0.0968880103377359 0.0297937435596074 0.199869909456939
0.0860653318437179 -0.189221612581354 0.053839127236871 0.163348730183635
-0.0152816637919711 -0.193210043887753 0.0318998953189729 0.0883015417173098
0.0137437098244789 -0.192115762963704 -0.0382250320971733 -0.0415325964527033
0.0884389515243162 -0.177755791367196 -0.123711402363085 -0.10563190375062
0.168339788389435 -0.102193962263659 -0.0812824424980562 -0.161217078767559
0.241449473291349 0.0377072007281124 0.114863591589179 -0.112321223808713
0.133450912610808 0.253137833126821 0.198654509481854 0.0377421683914651
-0.0946773229244662 0.313928117718844 0.102252407175626 0.11959241281532
-0.18448143586082 0.25563752580798 -0.0251710264122512 0.102106723659135
-0.090510639081305 0.251283295486918 -0.0564894069671741 0.0865245770998296
0.12929471787136 0.203972437839057 -0.0251968156533644 0.0860596549823986
0.260090573628513 -0.0572572691930578 0.00570126910141161 0.0350468733408011
0.041927192551657 -0.264259086112986 0.0051237013319466 0.0379528497961705
-0.158062050761435 -0.105118189918755 0.024399099456681 0.122345797605843
-0.0607021624731361 0.0324999008215778 0.0242615317078028 0.152731744433214
-0.00814596737642345 -0.0843891627367893 -0.00495753553465639 0.170986241230155
-0.0521549534794281 -0.142431878441562 0.0214259432886359 0.154784062377415
0.0341956924426958 -0.121506224001433 -0.0707802345958589 -0.00379843703830592
0.0758717701451063 -0.0444796749659291 -0.112901176264025 -0.140239712472474
0.0112866760116751 0.0135663764887266 0.0764618215036276 -0.143471236947586
-0.00186316533944034 -0.00529397521959356 0.190343225791314 0.0416116072089266
-0.0252281476030661 0.0630440704085557 0.0985214935417267 0.141721609403844
-0.154000620608692 0.156209206648415 -0.0255187808695882 0.168985375659518
-0.225509822539957 0.160351814147127 -0.153102678741198 0.15676693377856
-0.0693965156808123 0.198101954802684 -0.0823124356106159 0.177327948884001
0.243087851647172 0.0865596419338781 0.154005583762905 0.121276232712578
0.260311013296548 -0.320312019538664 0.172946920707424 -0.170640440704869
-0.169237477217212 -0.472677216278112 -0.0677707009131187 -0.0959851324370534
-0.462580055017625 -0.0873515533525123 0.0212031457535296 0.155135145015732
-0.234848871346373 0.219558209937504 0.0962893582762009 0.0610451111426019
-0.0405491213376899 0.0821158647244977 -0.0169790862034524 0.0643794267624632
-0.0518780686444605 -0.0489116268967539 0.0202884930940997 0.160930317913216
0.0249997199799287 -0.0574156039139592 -0.104174390315041 -0.0137944265022798
0.0222398652219447 0.0200318911797921 -0.0316276415976131 -0.215279697825136
-0.0701279779460341 0.0118542812887995 0.234794034012402 -0.0466770672853447
-0.062006791894225 -0.0807751560653183 0.0913819032870237 0.182390336128861
-0.0160490664694384 -0.0639183499406625 -0.0851937819798643 0.0616747412813159
-0.0741250646935461 0.031589049027113 -0.116438153345561 0.0709243187616784
-0.149130738200769 0.0687989620101469 -0.24906588154674 0.143841678229545
-0.0369575462912063 0.115148596084975 -0.100260164694112 0.242449295158566
0.184868602445286 -0.00548746608282568 0.328434593058429 0.0729256331557484
0.110783655761275 -0.282456726085699 0.199136988575114 -0.424083479230986
-0.187807577785488 -0.287518909412791 -0.226832830320712 -0.141023107420103
-0.330053678229836 -0.00508827112901936 0.0289608568988557 0.225108589619451
-0.160466469545817 0.200833551550149 0.193443170421073 -0.0448766629613572
-0.0144218303299852 0.111920967599271 -0.0257113051102244 -0.0963786462076433
-0.0265170626055615 0.00525537061933289 0.0114040612902822 0.123166287798732
0.00365755901624938 -0.00594244235516619 -0.0169303307334905 -0.0998961307499299
-0.00647948508777503 -0.00883765657246987 0.0321279799650409 0.165308060789517
-0.000465629762553852 -0.0237270509479287 -0.204793869204934 0.123861425437979
0.024670238538786 -0.0117856103729415 -0.0893955713819412 -0.214627406166011
0.0447801454908103 0.0256613057585383 0.262368515948988 0.0874177458469388
0.00382911676484365 0.0375178242540297 -0.117541626571997 0.479097813954723
-0.00888268039830879 0.00616262156448155 -0.381402199468931 0.0168356656222585
0.00538441332450064 -0.0158905487181814 0.0801975789574361 -0.254101991763782
0.0222327307350925 -0.0135725989404659 0.288967705151787 -0.149176643472473
0.0124761897600979 -0.0054549172313151 0.139894788071347 -0.00662041394636173
0.00339968472990816 0.000444852244128604 0.167153309765112 0.0379935372083336
-0.0100113638784638 -0.000514703762934481 0.0305284843543719 -0.214678881280096
-0.00498567343555203 0.00342168630699341 -0.306693810851775 -0.0592858225461303
-0.00341685991302845 0.00582000886911269 -0.028035939764655 0.274344966671708
0.000109531960521107 -0.00123687541526543 0.146875186859114 0.0316926785491728
-0.0226286126390711 -0.00787161693482186 -0.0177354907852732 -0.119107243871958
-0.0146730992755371 0.119745494789843 0.031055272031698 0.10528308556213
-0.16243043886071 0.188346256194256 -0.174981560932421 0.0931663463606065
-0.318191338260107 0.00209962534983852 -0.100190990889932 -0.192930023201593
-0.16084810100616 -0.264052596776459 0.241981217934796 0.0654077404799711
0.111006552868242 -0.225369721703433 -0.0802371628142027 0.429956200664677
0.156015747766376 0.0123979384664389 -0.319303286777043 0.00999785418401853
-0.0351044396943038 0.0851029338176461 0.0764917801125536 -0.235232535398009
-0.108238134373976 0.0308152883000677 0.275589578872559 -0.14599978611025
-0.038833976881128 -0.00315135084627858 0.152068465799842 -0.0515644782160403
-0.00576024905849682 -0.0711386996631573 0.140154550113565 -0.0173610096453129
-0.0889098418538299 -0.092009457409253 -0.0096821120725065 -0.21346643985047
-0.0975834127446137 0.00731146133535724 -0.278390404806308 -0.0361538157885584
-0.000478663202827993 0.0433246009419676 -0.00204323504188083 0.253717266278665
0.0223876332715789 -0.0318141646085922 0.143851969208001 0.0229581008180979
-0.0498098340281236 -0.0544748620252411 -0.0242338640917386 -0.160843070464314
-0.0280626093669263 0.124174554647837 0.00293868705479397 -0.0484028560866767
-0.212327622467069 0.273686882176064 -0.112128319223563 -0.0217095644617877
-0.49968156686946 0.0298730477855185 -0.0876915218105239 -0.140704322532324
-0.277000825145929 -0.426609357657767 0.135426219266466 0.0425907626725075
0.198340237470063 -0.337547472133101 -0.0605114432120054 0.243249014570449
0.232861200910177 0.0712133450866304 -0.174006183672224 -0.0470113177348449
-0.0701510109730361 0.176266010910692 0.0620023262840956 -0.185798714459252
-0.216193818022948 0.105479988025 0.192877254960162 -0.151273988202207
-0.145141861560653 0.0835105294366968 0.115478465221014 -0.173520781892019
-0.0489253660504883 0.013735038087162 -0.00202331847977172 -0.167200618732982
-0.0795473055915749 -0.0404625855725734 -0.162299684250273 -0.144855527965981
-0.0518886485063497 0.0234990802916236 -0.172823725407761 0.0851848124833337
0.0524735335589671 0.0107290468900982 0.0863736412152774 0.195670449643776
0.0323890843762298 -0.0892361212204151 0.117565596909772 0.00239493623050861
-0.0578092470148883 -0.142657261156034 -0.0274944550122164 -0.168609170831079
-0.0345187490467923 -0.0364860984496055 -0.0379214814274662 -0.166550432902605
-0.0944202091638613 0.096201015937619 -0.074147470933502 -0.136013904763582
-0.270574594893118 -0.0193452111555242 -0.0676167904598566 -0.0962198291267304
-0.0951795941518027 -0.298129138867779 0.0254964019467231 -0.0172884951195759
0.235304420706895 -0.151931668479695 -0.00703157331418045 0.0257536658397475
0.16432441144263 0.184272058497169 -0.0256612257200493 -0.0717197304151211
-0.0920836192721618 0.243195187388889 0.0270292010087703 -0.110482626063156
-0.225748887255454 0.204109407693291 0.0450869999562918 -0.124365093367829
-0.181578122744248 0.250209515314914 -0.0360566094777193 -0.194130688112978
0.0054005866608317 0.254075928971935 -0.182490118028039 -0.152075807265368
0.14717739437136 0.108059751630041 -0.216053602252476 0.0413223331549912
0.156163398356018 -0.0260092353132282 -0.0196318513835281 0.189449811081678
0.116891070918782 -0.112340553296396 0.118461350871084 0.146076975222451
0.019543576112648 -0.16195234817022 0.0718002150725767 0.0178377902980619
-0.0310883462735493 -0.209675216643654 -0.0273454118731014 -0.116329398206405
0.0188267341444328 -0.202186213042378 -0.0821461549632648 -0.157462253807077
0.116146648824692 -0.137605020916183 -0.0993578620937862 -0.160582822157264
0.183803062266549 -0.047033456562687 -0.0210048605183684 -0.118951857010618
0.188950655503174 0.0783136962606517 0.0812846098530455 -0.066983236975783
0.117193109458859 0.198158725097684 0.0962524537739996 -0.0194970159166644
-0.0150684809553725 0.273827919431443 0.0374551430736913 -0.00525802771016599
-0.099635212802287 0.270085919689751 -0.0194630480518065 -0.0157831521093593
-0.0812777984260363 0.257923247960541 -0.0696754649021394 -0.0293106653491073
0.0239137173329426 0.245749626111217 -0.129167951222243 -0.0293676652474196
0.14488826105 0.185980783283404 -0.134015106500721 0.0340082376780038
0.236721334339471 0.0469163143819886 -0.0754692180055682 0.146896012462472
0.19786941514694 -0.0986750448966356 0.0334272227441605 0.201717195698565
0.085585072956869 -0.191980918731409 0.056073766153404 0.163484229801198
-0.0174606721949663 -0.194932897059567 0.0323010886828726 0.0871401785088396
0.0121665590169479 -0.194339213566442 -0.0389736539557985 -0.0402638226589619
0.0879998222720058 -0.179219229169184 -0.124681400198621 -0.105892591495359
0.168058562728048 -0.103922824121466 -0.0839983088978569 -0.160639362072153
0.244067395711021 0.0362180310516534 0.115729320053251 -0.114358171355224
0.134935089310585 0.253162640313899 0.200341401405783 0.0356671839021209
-0.0928913430803537 0.31671512437643 0.103379009316413 0.116871602531601
-0.184323698288982 0.259316330567691 -0.0255781923975395 0.102755288883919
-0.0905176703593605 0.253288844845631 -0.0569662439820538 0.0864401051343436
0.131313373102972 0.205142592823947 -0.0250960218077496 0.0850511887661975
0.260622851963035 -0.0603746616995756 0.00497003451531499 0.0355690780183704
0.0391582393254947 -0.265112617939993 0.00539602715880745 0.0378515652686766
-0.158259665445866 -0.10309522044788 0.0263314152029284 0.123632191048837
-0.0589741706303423 0.0329803759530473 0.0259287724542503 0.154765217844026
-0.00946166744360768 -0.0847317389345254 -0.00288798628111819 0.172446893858569
-0.0544569018937704 -0.14167135126256 0.023369518630178 0.155001474748958
0.0344916827218894 -0.121547429041432 -0.0727270254740408 -0.00238723572071402
0.0754986140665208 -0.0439976262981121 -0.115598603588857 -0.142041111770375
0.0109212238318043 0.0148541945789357 0.0767329180994274 -0.145285871938411
-0.00285946063650926 -0.00516821947614157 0.190519985513226 0.0393687803689373
-0.0256201694886924 0.0633492276010777 0.0979433997562118 0.141237712504472
-0.15262017524405 0.159233596175634 -0.0272054132062007 0.168014014861114
-0.226147520437577 0.164305426153735 -0.153538107131588 0.157674893077857
-0.0677984109091234 0.199182958987243 -0.0843850274892729 0.178508898268264
0.2449842318367 0.0851263303651866 0.155732009507289 0.120136020920995
0.259266359942215 -0.322303695401915 0.171625834105471 -0.173596021124576
-0.177314486156309 -0.473425280504398 -0.0695223173550369 -0.0959467936036759
-0.465445096500901 -0.082883265834552 0.0235271322290451 0.156730826651936
-0.233741009117374 0.223953781050769 0.0974188994878622 0.0616744640467189
-0.0395864306484799 0.0830494166838858 -0.0165333361295062 0.0658541942130372
-0.052191965960078 -0.0487370841906473 0.0223540266935085 0.161460074872915
0.0255489223788035 -0.0572377058397281 -0.10646705701579 -0.0118613682196198
0.0229561416468858 0.0213910806914511 -0.0355015051826556 -0.216915437762746
-0.0713613010126238 0.0126541879293817 0.236866758538097 -0.0481697762482716
-0.0639360139406863 -0.0808289079956117 0.0924085156839087 0.183441100165291
-0.0169715396468267 -0.064627241020479 -0.0869611972709194 0.059363314017497
-0.0725042330892497 0.0317811742605362 -0.117851048818348 0.0694947557929792
-0.147911173062876 0.0712314690836125 -0.250243615338251 0.145856325153548
-0.036191208943494 0.116225681335891 -0.100202610515957 0.244002846277984
0.186002047498642 -0.00732327724282755 0.330003548294273 0.0710036438665856
0.109283334196334 -0.285481325670619 0.195921526895482 -0.428594739253295
-0.191741663599032 -0.28679189806203 -0.229619528396213 -0.139466595465419
-0.332277068834206 0.000105258799829096 0.0315334066300758 0.225546160658296
-0.159638479490108 0.204271339591406 0.194099893693693 -0.04736688039769
-0.0131699083753403 0.11327572566885 -0.0270208080200605 -0.0967237231872445
-0.0269140774936034 0.00591123910197459 0.0135432189579815 0.124400728598681
0.00230735906567023 -0.00501041477088208 -0.00316475720855377 -0.102233523586024
-0.00416267240105134 -0.0103976025250779 0.0111528940929602 0.171477365794617
0.00384092911882781 -0.0212387783954052 -0.223434850090241 0.0983301255117084
0.0230000724987726 -0.00760947791904355 -0.0627593742060295 -0.228356910166434
0.0424117938879664 0.0288708904062433 0.252877147149037 0.124085428828538
0.00296592873633008 0.0389340082760601 -0.18178479101766 0.469057617787939
-0.0078828877843699 0.00563649603212846 -0.38570991616989 -0.0348323564919065
0.00748399537805252 -0.0151075017528614 0.111851794687767 -0.244070473142549
0.0244167691329457 -0.0113252879480918 0.307579434770003 -0.112289863953343
0.0139780237925453 -0.00423070584479698 0.141459206250165 0.0140604923895974
0.00507488035228361 0.00169474479049367 0.16415203547624 0.0626716122202904
-0.00929784693756975 -0.00271087617010621 0.0597728906912768 -0.211773681605972
-0.00867546997107101 0.00118446787006464 -0.298633599763617 -0.0955340328537461
-0.00558481676075749 0.00946454230986483 -0.0612016984019421 0.268944554095969
0.00247958335733673 -0.000141584895911759 0.143556870127188 0.0488788373666388
-0.0239447141693555 -0.0112550616999137 -0.00107102260892109 -0.122175849756898
-0.0293455561448557 0.116547643432988 0.018025106721742 0.109136938250184
-0.184555876069278 0.16898737677131 -0.188078576140286 0.0702523849811705
-0.319592337480562 -0.0356672378839081 -0.0768851398230691 -0.205880427381534
-0.128246129760357 -0.286024098661912 0.233047321185829 0.0983507904228555
0.141142957578509 -0.210023397657704 -0.137212193910778 0.421075177684
0.155253332616697 0.031791266939024 -0.321485739658786 -0.0314290205634554
-0.0454386827982897 0.080483783563697 0.106843320014427 -0.22611470098852
-0.11185031139623 0.0169373351649955 0.294076440114695 -0.111025420537509
-0.0373759240664176 -0.00679051652696553 0.158124428476367 -0.0302934393913873
0.00370438173520407 -0.0722348299904084 0.142959167909873 0.00289666955480998
-0.0796050289547596 -0.104390206837356 0.0192262206145938 -0.214180590486892
-0.104067482187264 -0.00569675484744346 -0.272107317007819 -0.0719206245175996
-0.00597518878628544 0.0476215654126719 -0.0326189174287329 0.251885390265822
0.0282400066661244 -0.0292783511396034 0.140806608775058 0.0413544344430356
-0.0471919345814863 -0.0603283933013358 -0.00134960584798765 -0.164480114105525
-0.0441380297127683 0.120300579532815 0.0104960993392383 -0.0490907536236778
-0.247003583748247 0.246488173603889 -0.108967062113664 -0.0371012604984911
-0.503159520279362 -0.0304453461620377 -0.0711903784484575 -0.150981166638066
-0.224619148430756 -0.459804438343251 0.129059486329126 0.0611752348014156
0.241119541028571 -0.314098121981576 -0.0921811116898453 0.235118746694129
0.224131052402507 0.0996823344010151 -0.168482319929231 -0.0700869185965289
-0.0922990555589383 0.166472312668253 0.0862503004201461 -0.177075937664888
-0.231127269869326 0.0785828286655504 0.214801260633044 -0.127433040639301
-0.155183055758194 0.0644204744141115 0.138250877601825 -0.15763983026945
-0.0513989947646092 0.00599219870946198 0.0208805006140192 -0.165736610123071
-0.0775941504517778 -0.0515829748394767 -0.14211917816683 -0.164446077280291
-0.0601338738900059 0.0181566763398985 -0.182617965140184 0.0632526205666655
0.0527301510026121 0.020872753606183 0.0621790823292907 0.206207247833447
0.0452468645158263 -0.0859177255827334 0.118615181577806 0.0176108737994308
-0.0433999545308851 -0.150228803199324 -0.00244736351939296 -0.172314689002087
-0.0314893390045062 -0.0404918603634607 -0.0157886391154393 -0.174028249241101
-0.106899922944303 0.0837206469047825 -0.0574839951064588 -0.146664967173896
-0.267427772402108 -0.0509978278501343 -0.0559335819285733 -0.104351736032438
-0.0602495605831684 -0.309890914514759 0.0264691037324318 -0.01549521221042
0.252457828165874 -0.124100447413561 -0.00838491608059224 0.0234914689194272
0.141103329820249 0.204668067847692 -0.0144688857916752 -0.074757266418224
-0.122477017129603 0.231115211479817 0.0415217716954608 -0.106673529067346
-0.253745458195108 0.177075565835963 0.0621834851426485 -0.120267023024443
-0.214461188665683 0.228655879956966 -0.0124374290523285 -0.1989447857208
-0.0270770052584547 0.256256829644129 -0.164292746211165 -0.176769674640797
0.132772869960679 0.127490940648613 -0.222485022426899 0.0147976945359319
0.158648967683999 -0.00497879880651748 -0.0423791069202484 0.185899114482317
0.131371662434622 -0.0969923321110368 0.100695097812791 0.161604239574372
0.0386110059414901 -0.16095930350632 0.0713775403618869 0.0272348158896068
-0.00702747300282592 -0.213702649781489 -0.0101996778301446 -0.120406658792785
0.0423058151260111 -0.198295681797184 -0.0621559655629911 -0.169461980033262
0.132717620410048 -0.123122326527569 -0.0808290692867324 -0.174268159715271
0.187333970206492 -0.0232597878224654 -0.00481266811643114 -0.123505643886524
0.17720189108994 0.10079687664382 0.0908190285763951 -0.0568444143757955
0.0923462404911269 0.211249821380114 0.102066786131338 -0.00722757704636013
-0.0500750184078719 0.270882036466666 0.0391791890431598 -0.000158198577153241
-0.13173670857732 0.257341388541427 -0.0167459355551226 -0.0179482942913293
-0.115599412698509 0.249143539599266 -0.0665665975599382 -0.0381774307317006
-0.00815516449156663 0.250812991782737 -0.128235712220284 -0.0453071140116738
0.122705737475483 0.205871520999348 -0.141131061773291 0.0152934413593029
0.23390394923176 0.0766614538316919 -0.095652849474035 0.139708285159721
0.211148342260052 -0.0743125180819092 0.00956984954960818 0.20637002872247
0.107784429223152 -0.181298087023864 0.037272247522183 0.172782681591376
0.00291481283288368 -0.197856048216121 0.0244045516388269 0.0921277812608169
0.0356199741477512 -0.191097139031361 -0.0343025396388861 -0.0459923012240733
0.109018423552369 -0.164984296236731 -0.113726554749504 -0.125094865329074
0.180183978932289 -0.0805927789899022 -0.0628161008288935 -0.172622932554737
0.23605036821052 0.065547893995512 0.131952634435661 -0.102030361596112
0.102691456706816 0.268061231141987 0.197977757725884 0.0630011684754349
-0.128015093803997 0.305855710789807 0.0879810613306558 0.130352028582239
-0.214736618498676 0.236797913137599 -0.0393947077840697 0.0995325551662355
-0.120260253694273 0.241902364322329 -0.0694407699705815 0.0792426377269249
0.105998430644138 0.223124446629923 -0.0374092439183384 0.0821678697222038
0.268930419541775 -0.0271476340036966 -0.000393013208727738 0.0364363999021601
0.070928516057733 -0.261829875731465 0.000966866407493923 0.0405188710072937
-0.147351915577401 -0.121983257280525 0.0130907651018879 0.126806365271362
-0.0609960569985934 0.0274356150881074 0.00777815451784513 0.157223842257778
-0.000653125364432751 -0.0839655783260507 -0.0217499718257945 0.173214296331341
-0.0395102958503778 -0.147327254669414 0.00624399448873318 0.15841519727326
0.0507903898622061 -0.115981305375265 -0.0744043426454193 -0.0120436213175469
0.0806435202380066 -0.0301227897504266 -0.0989975038316182 -0.159177504392234
0.00670240526579242 0.0169310393799724 0.0978162933840565 -0.135802641995961
-0.00329767728314741 -0.00814730171465052 0.185958084138572 0.0646662216596293
-0.0316525236923397 0.0591753296241785 0.0797592907066649 0.153940848124791
-0.167728655247 0.141321396595411 -0.0522930744120283 0.163609700977382
-0.243073976618273 0.137065344142844 -0.176475795593148 0.139286786008364
-0.0905208748557554 0.191539256381372 -0.108283569634956 0.16783230156962
0.237632828522445 0.114603390473465 0.139299762631028 0.141191698333953
0.300961827053962 -0.294967992834569 0.193366334740132 -0.149779681935218
-0.120481800840598 -0.498047761301804 -0.0545544305143334 -0.102098503459279
-0.460620127796209 -0.13632501126728 0.0093282511771606 0.159002747014619
-0.258533437471782 0.198836074893314 0.0904084900101143 0.0706931120227042
-0.0499266498894232 0.0792807980918833 -0.0243685119739128 0.0631556737730675
-0.0466742307392082 -0.0522403623559811 0.00415710083232782 0.163328001258197
0.0351988141411457 -0.0514142112339876 -0.107332077877947 -0.0280122562951072
0.0179816710842575 0.027301424086902 -0.00730488655845333 -0.224571664941953
-0.0739433794180693 0.00249967904295154 0.2460227613051 -0.0169807870518071
-0.0512398920451096 -0.0900416137379391 0.0665987382984833 0.195972825135819
-0.00763268941441407 -0.0655340320732908 -0.0984478151318568 0.0457389226352142
-0.0733917847444061 0.0239050318674411 -0.129821060295082 0.0523724537489586
-0.15416562356017 0.0529881585441045 -0.27171041284129 0.112918594066188
-0.0492658615890001 0.111796965480032 -0.13213042923236 0.231629990244732
0.189183188019821 0.0155948957462501 0.321750729564121 0.114801087616078
0.1443374450381 -0.275336278394051 0.247813831994964 -0.402622668304835
-0.160796619183486 -0.314933120728659 -0.2097411709989 -0.166168110303527
-0.335204620528044 -0.0390067140430964 0.00835440451931259 0.229465563290779
-0.180020778346672 0.187450312385446 0.199694447086046 -0.0257127060605416
-0.0258033484870646 0.111149545842152 -0.0164026627905152 -0.0996579466648791
-0.0262696817661092 0.00480876003897296 -0.000739399528579886 0.125222390329823
0.00246448127897548 -0.00519444327182767 -0.00564326439748941 -0.103165024406638
-0.00534161991827593 -0.0100208090921386 0.0149657926664291 0.170513382621263
0.00373636302582264 -0.0214865231773904 -0.223297071904399 0.104177949664665
0.0241096339235916 -0.00707104589055076 -0.0698837581610689 -0.228477629006025
0.0436134687699059 0.0272937381908852 0.257001832606053 0.119684839853173
0.00470511481383621 0.0383133932681434 -0.173902371354918 0.475935380267814
-0.00718745844435687 0.00563728171353122 -0.38844818812179 -0.0277491896913127
0.00651695736924036 -0.0151049750728803 0.109789668013374 -0.246803188408846
0.0253665071774714 -0.0137903695324437 0.307302569103235 -0.11774004489223
0.0140798746331241 -0.00437234883399069 0.142900119822811 0.0137831962178237
0.00571368031576429 0.00165832785804015 0.167952468701591 0.0622290842847829
-0.0101715515713657 -0.00236238027532414 0.0581842805957134 -0.215423209546571
-0.00870577512756312 0.000839614364267898 -0.304252576853618 -0.0918743223149202
-0.00551307289925385 0.00882786087554732 -0.056025105786161 0.273448231938684
0.00253086677279307 -0.000728046699474589 0.146991996540564 0.0470802491798385
-0.025043661614292 -0.0105688015174533 -0.00490516957677206 -0.123628426717027
-0.0267369733031564 0.119241893908875 0.0201048923259689 0.109161321243402
-0.182294550619182 0.175988372274847 -0.188784469827199 0.0756852290396798
-0.323153003380047 -0.0285565875441878 -0.0836613448058418 -0.205472126144844
-0.134633375265699 -0.286915826662636 0.235968054050606 0.0946168490602354
0.139495727494465 -0.215687686054546 -0.127743976360793 0.427079662187714
0.156801569849061 0.0281936760516993 -0.323368799975746 -0.0257288401770335
-0.0447838544089062 0.0825145833820999 0.103663581612858 -0.228912070948118
-0.112254624744907 0.0188289626224906 0.29360608225814 -0.117307610541297
-0.0364670281687789 -0.00615119367853945 0.159555239460072 -0.0304867928841353
0.00280978210410681 -0.0738020606790628 0.146206248780316 0.00346560823071164
-0.0831474625561927 -0.104680106368565 0.0169028131932602 -0.216540722639618
-0.105942481705099 -0.00369719826936932 -0.276981716823756 -0.0678276935657019
-0.00427748849646533 0.0489830480853628 -0.0272225910832518 0.255494918647798
0.028840951279495 -0.0299301663233968 0.145096006639191 0.0388977234578915
-0.0494370527095663 -0.0607669954313382 -0.00532571507605611 -0.166535833183631
-0.0421471478863 0.120587635656212 0.00993434028770549 -0.0507959942189522
-0.242117163219079 0.25416041350679 -0.11242750816572 -0.0348149772291171
-0.508501363163153 -0.0179157128882081 -0.0760965979566019 -0.149737091640912
-0.236329146278155 -0.458320906240627 0.130396487235778 0.0588669743273405
0.235970773005733 -0.323168139983064 -0.0868859643956117 0.237873622914912
0.227710502152346 0.0959792154170432 -0.169085298029196 -0.0668198439072088
-0.0908424968378774 0.170282020314303 0.0836689752723381 -0.179995812891203
-0.231001248673949 0.0837958634461842 0.213684618456712 -0.131318807754758
-0.154487491521217 0.0685205553300552 0.136284597946549 -0.16014627197006
-0.0519187274076495 0.00566039138836605 0.0192482073252619 -0.165208641828901
-0.0805496041125288 -0.0511226242388174 -0.145416119463358 -0.162671819570864
-0.062422013266022 0.0204576452140405 -0.184020889708874 0.0675291029171771
0.0543071269255873 0.0207774258098899 0.0676331680071765 0.207000582095754
0.0446257596797817 -0.0866343886541299 0.121592608592328 0.0145658842699956
-0.0487855454061315 -0.152440497177541 -0.00663485319521172 -0.173575094736975
-0.0336843503645263 -0.0427352612461562 -0.0193471646568205 -0.175646936530319
-0.105885994147594 0.0848464071062108 -0.0623102642018839 -0.146705968343275
-0.269624505417407 -0.0457127724997323 -0.0593258786697721 -0.103129468419317
-0.0663693124764699 -0.310991291187889 0.0254813630427081 -0.0160371356447707
0.251622141439461 -0.130087270484389 -0.00718711785659736 0.0225657734333899
0.145735732138531 0.203734006130002 -0.0146523169833259 -0.0756287003560628
-0.121173779379314 0.23541119547942 0.0404796408279093 -0.108432109840551
-0.253568013614456 0.183403198929905 0.0618486036893469 -0.121207094455379
-0.211657126670209 0.236013369184766 -0.015521067417666 -0.19891120595779
-0.0221790149001471 0.258218243957168 -0.16857953809547 -0.17399283463937
0.135489146282332 0.125030137993517 -0.222379551049948 0.020017156367175
0.15857696082753 -0.00805848051879626 -0.0376056990330356 0.187885563743393
0.131768209507713 -0.100867578830054 0.105752499587808 0.161252076972227
0.0362175028545557 -0.163282862153691 0.0726976739133466 0.0252136236600731
-0.0124317808448493 -0.216883367501597 -0.0131377769118706 -0.119953395445683
0.0366272847916466 -0.201827507285604 -0.0651486935812221 -0.170521506567453
0.131410219382407 -0.127655322484447 -0.0853094402787638 -0.174300189391298
0.189871379782044 -0.0268309188451319 -0.00658220466089899 -0.12336834260952
0.180860605404005 0.0989252541402571 0.0910358810957777 -0.0589402738239012
0.0971734383477715 0.212864046373371 0.102764496297361 -0.0110632546002918
-0.0459142364382799 0.274910858552235 0.0399778332993861 -0.00157451619882889
-0.130241517422389 0.26189078164377 -0.017692634111227 -0.0173236176281152
-0.113433380485696 0.252773660219675 -0.0674709881216687 -0.0370974837640048
-0.00500082552748756 0.253408285637253 -0.130231039223704 -0.0427125823263893
0.128119564253804 0.205690699381202 -0.143024212005378 0.018245380706282
0.238640730807435 0.0721764044662118 -0.0918109614173924 0.142439686684236
0.212812923846086 -0.0802298586416252 0.0148422442942626 0.207836469407528
0.104571159781059 -0.185354464109921 0.0426042882521209 0.174356294860292
-0.00284566445799683 -0.198905657482866 0.0263752877899323 0.0921115753319758
0.0320327069493127 -0.193109148871926 -0.0367722624073736 -0.044858830701592
0.106578939380855 -0.168577031152878 -0.118450207855441 -0.123984147378898
0.179323113420226 -0.0855710744181498 -0.0676682051400674 -0.171492505127082
0.239211402007426 0.0625686153219929 0.130841090827205 -0.105142412952034
0.110515513321021 0.268902137701005 0.201766107062061 0.0597779625944195
-0.123129147691428 0.311653880583094 0.0894699497770785 0.12769320664999
-0.211885701582745 0.24406038613635 -0.0382436148189457 0.0999144418315669
-0.117663479057299 0.24741356433867 -0.0689860750168376 0.0813832423876694
0.111353275031062 0.222931409990831 -0.0369366595775583 0.0826017590879118
0.268630766066046 -0.0331079474745025 -0.00109681943372782 0.0376485349300245
0.0670458291006984 -0.264333573542822 0.000200054562461697 0.0392169227855281
-0.150127802131762 -0.118738789416924 0.0169075183395542 0.12808893585829
-0.0597616618265721 0.0289101410171825 0.0117459750880781 0.159661727862784
-0.00252922066044482 -0.0851389059564188 -0.0173760329579821 0.175531184311977
-0.0434728049800747 -0.147263311835793 0.010005235378928 0.158433586227182
0.0490496927175879 -0.116750844050982 -0.0770988121703974 -0.0102379660198024
0.0808924027000643 -0.0314861935310879 -0.105427736743688 -0.15968411335375
0.00575684164995815 0.0180914387758739 0.0950073819242322 -0.139283835705353
-0.00452903128476977 -0.00828288946661905 0.187955247630702 0.0606197318685971
-0.0312977988591287 0.0599596811600008 0.0822413084378991 0.15159393215996
-0.164818429233295 0.145605217272699 -0.0525056536390075 0.164196551497345
-0.242402482316927 0.142434661885267 -0.176024071271239 0.142021274979922
-0.0877891924758172 0.194875543252881 -0.108029357648899 0.171075529760696
0.239664809143168 0.111505791535971 0.141748878645417 0.139175922516104
0.297197191499374 -0.301516632101755 0.1911637131083 -0.153856558072541
-0.134259848935012 -0.499075210852704 -0.0579185171051119 -0.10093764912714
-0.46796072710231 -0.127109499945266 0.0131448905748194 0.160235501750152
-0.253909953791638 0.206407850341408 0.093084462092295 0.0699137831538006
-0.0485299700745069 0.0812314645080149 -0.0230544782869469 0.065094431548758
-0.0481800192001297 -0.0516182475053158 0.00787038574127327 0.165656466006741
0.0352794322765158 -0.0521303484988483 -0.111035716031076 -0.0251678886677632
0.0190128874692436 0.0273250782000779 -0.0148522976226728 -0.226596874174645
-0.0758384152103345 0.00448569348602437 0.248457616359777 -0.0217351394341862
-0.0546595155415435 -0.091153371625835 0.0689667997666107 0.194605133411011
-0.00758156744230366 -0.0667893522279321 -0.0995572381246654 0.0445550698137674
-0.0710297520080255 0.0250835123818028 -0.130553500774554 0.0529415091308471
-0.153136357401897 0.0577378984507054 -0.273384089798034 0.118784858799076
-0.0470658808688275 0.115187745985697 -0.131172936436211 0.234523845352238
0.190129650596388 0.0118745305491565 0.327119853968299 0.109753007024589
0.14107933494841 -0.280906778325123 0.241186217712386 -0.412466637237854
-0.169383797142572 -0.313534277312328 -0.215464559239833 -0.162077699663051
-0.339689469516822 -0.029887352298816 0.0138192387349361 0.231500465536976
-0.176631499359031 0.192528505260049 0.200671031495666 -0.0312498147056018
-0.0233095285063558 0.111828233743384 -0.0198119330251568 -0.0993795340515405
-0.0259703695784161 0.00601281056522916 0.00223177467500696 0.127561025789064
0.0024369709074813 -0.00595068400711706 -0.00974251770546281 -0.104289731284872
-0.00593632926621317 -0.0088201168598818 0.0197155633416153 0.16966326747305
0.00458925312698491 -0.0218060776587935 -0.222274996525013 0.111294281875274
0.0243752726802523 -0.00821571780857284 -0.0759346270772656 -0.228759122606821
0.0452104273642409 0.0259657562104255 0.261716823409561 0.115249509728042
0.00593605329687068 0.0389153539663225 -0.164503508847765 0.482317159432906
-0.00755787759306936 0.00616875398538601 -0.392390363696623 -0.0210791166284682
0.00699442813184246 -0.0144564886926938 0.105599056936659 -0.250052047175213
0.0251166487219928 -0.0147952810836518 0.303369388018285 -0.122697956131999
0.0148419016879244 -0.00397593899031934 0.145085118633735 0.0135163569226439
0.00689325501330835 0.0007091405467872 0.171345803456267 0.0602676420024312
-0.00970730327424795 -0.0014045369961632 0.0554286577441544 -0.217175003642971
-0.00828366386627192 0.00135206536058829 -0.308680353254478 -0.0841856580070809
-0.00501117590876001 0.00911269781971713 -0.0490548989005231 0.276677720514843
0.0023312807872062 -0.00066778881921832 0.149664203470812 0.0442708585944732
-0.0255292163443007 -0.0112140520066606 -0.00833226092486001 -0.124484740105862
-0.0244567872041262 0.120644102885729 0.023932868120039 0.107453658151045
-0.178489607303909 0.181893570352353 -0.190153054887003 0.0808062061910461
-0.32491819978561 -0.0210068689924513 -0.0892787937492533 -0.204926722126278
-0.14224920598154 -0.285346501830985 0.239895255718277 0.0909244860770731
0.135970351070623 -0.219848788744221 -0.120067542839086 0.431358334841403
0.158542398371092 0.0255192743188962 -0.32455853138557 -0.0207772086788939
-0.0439915682184138 0.0826379217429111 0.0998700714486962 -0.229501398827681
-0.111993316947127 0.0208298600102707 0.291898891568463 -0.12189001539297
-0.0359981673986084 -0.00418384212175245 0.159588579356545 -0.0320870742832223
0.00137737623993938 -0.0748363936338444 0.147965192840717 0.0022815045796122
-0.0861646429774321 -0.103813704773861 0.0138818350991742 -0.217808905567294
-0.108522586983591 -0.00177238081425381 -0.282261902709352 -0.0619653659726266
-0.00389240360096304 0.0488202810561725 -0.0217226374334948 0.257532016470464
0.0295852560288785 -0.0307118839449036 0.148069402256993 0.0364856916595475
-0.0516847088251743 -0.0610147975307386 -0.010011987784432 -0.167009943556792
-0.0394846531958975 0.121486252594098 0.00817506285224385 -0.05186278786256
-0.237136090099347 0.262241198533346 -0.115173339635073 -0.0321944568512705
-0.511314377140403 -0.00598533779970636 -0.081032122926123 -0.147423607098861
-0.246812748446425 -0.456649889224259 0.131460762252139 0.0560315474797026
0.23183215443064 -0.328068628790179 -0.0817145482090123 0.240615015725504
0.231841219404744 0.0910318146063413 -0.170785375167236 -0.0638583932294681
-0.088761488695684 0.173310902428064 0.0806995577063995 -0.181147932645609
-0.23069209388122 0.0887278212270565 0.213749592681307 -0.136157566458819
-0.152649473212396 0.0724655359153042 0.134793688153149 -0.161875835535287
-0.0520037631939397 0.00586964157492904 0.0177780759550336 -0.163519083421809
-0.0842193790335097 -0.0509715916756896 -0.14779101061037 -0.159874046562231
-0.0648379502987637 0.0226193388017972 -0.183873646524746 0.0708031973799037
0.0560176653416576 0.0205390359169215 0.073093423543373 0.206543752686603
0.0436865762453761 -0.0881998418088807 0.122646334510096 0.0119912851029183
-0.0540253455737945 -0.152806467610825 -0.0116915469981871 -0.173941601842849
-0.0358720956515389 -0.0430482698056145 -0.0232620656865406 -0.176870018768552
-0.104716975886545 0.0873715705333506 -0.0671830495590413 -0.145701106691209
-0.271725367506162 -0.0388465957440171 -0.0622141518286042 -0.101513796381649
-0.0743730471882194 -0.310037972220572 0.0247194402030483 -0.0170690340170903
0.251482714181882 -0.134998786682819 -0.00528362159704672 0.0208668973287097
0.15269901248992 0.20161400905838 -0.0161703533936996 -0.0758334686963537
-0.118767767332785 0.239113416213407 0.0390525415658341 -0.10830911455155
-0.250479883312156 0.189500223644013 0.0612103476927112 -0.121976546827224
-0.207155287795247 0.241390598282485 -0.0205899929233316 -0.198994736441521
-0.017658236178274 0.259325790649882 -0.172019442095628 -0.169454253109736
0.137821962646532 0.122356580728717 -0.223377747015755 0.0252121741636768
0.15834613320689 -0.0111533511841908 -0.0341222451904446 0.18938982158473
0.129972949383692 -0.104548761864878 0.111160377476143 0.158943691021598
0.0323544432903489 -0.164658967208392 0.0740111955231164 0.0230763443810017
-0.0189097452635845 -0.2179421172661 -0.0153158873806239 -0.119773824644884
0.0311038506876451 -0.204368295973441 -0.0700079865050239 -0.170889351273229
0.129491743823712 -0.132392806656493 -0.090262045846309 -0.172182636055083
0.19246497794905 -0.0315546512273365 -0.00956695199767668 -0.124400782035866
0.184710896346691 0.0962112959742012 0.0905429459057374 -0.0614798924092057
0.102408026813998 0.212643452666602 0.102820491549817 -0.0145843924914179
-0.0409127026038955 0.277365543908492 0.0407300498538295 -0.00304747496285011
-0.127002206517328 0.267498929705758 -0.0181958855248385 -0.0172365861156512
-0.108447566797691 0.257331225353593 -0.0692074213545461 -0.0362388415130003
-0.000657869947139179 0.256127506456125 -0.131996845979945 -0.0397648789588731
0.133654008636525 0.204574217774823 -0.143364640445963 0.02160738304357
0.242108590539652 0.0673419088717131 -0.0880958232679697 0.145948459404011
0.212849416603001 -0.0866870551144046 0.0210879165062183 0.208622724235672
0.101562147674663 -0.18938297014775 0.0476975818253415 0.173308987465122
-0.00819913435911616 -0.200732871519328 0.0281837799728171 0.0910930638550101
0.0276018680470896 -0.195393134168542 -0.0380497376588944 -0.0438364174398146
0.103116359814958 -0.170445809100579 -0.121873154737597 -0.12254302101939
0.177456821100348 -0.0890548316680297 -0.0714534983461216 -0.170679681289223
0.242202116847869 0.0568860043244662 0.129146293828711 -0.110672736632941
0.115337608124212 0.267875808024602 0.203884214207839 0.0550025546234649
-0.117487745727898 0.316495637081862 0.090661777796235 0.124851421820957
-0.207676853749279 0.250970247603748 -0.0372513161229969 0.10073255408272
-0.114015589113146 0.251887221775328 -0.0687260893062816 0.0831817270395758
0.115222562214407 0.221098116940293 -0.035944785757606 0.083547179382245
0.268345524274843 -0.0385903605170117 -0.00134641174558836 0.0383827362166931
0.061489761000719 -0.266032087831293 0.000326274744466681 0.0393340726780917
-0.151959195938376 -0.116222389363182 0.0206090932309191 0.128182250778937
-0.0581922311853244 0.0301308701713082 0.0172100133480284 0.160216899750036
-0.00415049205433298 -0.0865549200641909 -0.0129219854271493 0.17862885461904
-0.0476100399727329 -0.146756120730997 0.0139291947035139 0.15855334761213
0.0487133527776619 -0.118783591452309 -0.0792253889729316 -0.00721505770058869
0.0811399652328479 -0.0315149474743082 -0.111512421738721 -0.157151621695981
0.00553841519545762 0.0194102591924485 0.0921776119991882 -0.142282945106289
-0.0057583343662114 -0.00836872474340534 0.188991740714325 0.0561962549204875
-0.0296527248732115 0.0615312033505005 0.0841547584005145 0.148207437857183
-0.161100515791292 0.15031252893193 -0.0519117859898242 0.164693608912754
-0.240448128394055 0.149507197898558 -0.175381971091122 0.146161037371497
-0.0837259124615118 0.198355596418112 -0.106553667359343 0.174953173590494
0.243657063384682 0.107437271145545 0.145492138506875 0.136155437163103
0.29126670888025 -0.310621633132447 0.187462574477489 -0.159411623455781
-0.145449504526423 -0.49748985718723 -0.0607091106100024 -0.100588975762934
-0.471974926288087 -0.115026421937438 0.0173776857928046 0.161198725040814
-0.249366760686216 0.213726239735241 0.0957670649316228 0.0690230517995715
-0.0470098863216147 0.0818072629363957 -0.0216946131612148 0.0669436510428406
-0.0491513193288344 -0.0516295119386966 0.0117356379518387 0.16639292591402
0.0352327560778471 -0.0534845988649531 -0.113902148582429 -0.0226821877149594
0.0197983045300763 0.027408153625974 -0.0207407388478064 -0.226836555286089
-0.0769411772730333 0.00643052399332923 0.248599510109641 -0.0271811872616466
-0.057429556080472 -0.0907994792358747 0.0718544183114448 0.193893006974696
-0.00964956752772692 -0.0667688367394648 -0.102891593599698 0.0443729150810429
-0.0684838429406209 0.0251665183457316 -0.131296755168136 0.0539258575635579
-0.152209514943982 0.0616144621602499 -0.272480926042378 0.125223464274112
-0.0445002064005226 0.116279348294606 -0.126721660647492 0.238700381379634
0.191703117609986 0.007953871496 0.330431638198672 0.103020268761449
0.13557756026039 -0.286332373610665 0.231376160732273 -0.418856115866499
-0.178848203544333 -0.311232509157029 -0.220097480529822 -0.157438268531412
-0.340808289173728 -0.0200667302325876 0.0202531821633802 0.233736034188372
-0.172044706363178 0.198450825613114 0.201574408854207 -0.036254795668803
-0.0194697930137835 0.114180446022312 -0.0226947345166266 -0.0985697809178701
-0.0244525402742787 0.00624361306475745 0.00579461513791391 0.128137435403072
0.00133150827743824 -0.00559938849454692 -0.0126807488862163 -0.105268347482227
-0.00573997183107485 -0.00725356243286688 0.0237886468845265 0.168926975451563
0.00418908654128477 -0.0212687933065971 -0.220940533020723 0.116535282953252
0.0253218489307704 -0.00899426472130671 -0.0824741194845165 -0.228509289397038
0.0454703105658337 0.0255514329366599 0.265436889365807 0.110951707682127
0.0073384435209882 0.0390054994497992 -0.156109104505016 0.48846743179744
-0.00708340293713299 0.00596216420673166 -0.393862658342481 -0.0150151266141548
0.00634371083233022 -0.0153688884205062 0.103114650552631 -0.252154820608123
0.0242669574659528 -0.0165347605936647 0.301572442669339 -0.127850608134783
0.0155747890875206 -0.0036544756463566 0.146357615062684 0.0128736100112519
0.00682976955675675 0.00115578112507984 0.174245883913243 0.0595688484930376
-0.00968835326832679 -0.00220966585287629 0.0528534752413693 -0.219565882968389
-0.00880961685887787 0.00071726922931449 -0.314649120593893 -0.0799864602160008
-0.00617152995048926 0.00871217921477118 -0.0445178410200518 0.279337133672586
0.00277799240502243 -0.000818153142010774 0.153613769832155 0.0411476253531703
-0.0262138309053535 -0.0110652642603974 -0.0122181985521288 -0.125931856085862
-0.0213470815798434 0.12170142397313 0.0250745582144043 0.106456961019951
-0.174507703214066 0.18720242408632 -0.19021889811937 0.0862611809820213
-0.326672274961635 -0.0133441391453512 -0.0949253117531701 -0.203324970671399
-0.148079307101937 -0.284005904989184 0.242347712810239 0.0848907486142135
0.133368948013659 -0.22311897669639 -0.113439929821951 0.435878811390298
0.158997831366657 0.0234312583438102 -0.325401827808248 -0.016171422453633
-0.0435915687783751 0.0843300469455958 0.0970840238831313 -0.232960615001247
-0.112280839417021 0.0229963117070226 0.289854980018658 -0.127405740788936
-0.0346489020233579 -0.00332043868026514 0.160349750281246 -0.032828505345898
0.000913336634530854 -0.075634798044732 0.150616395005875 0.0022905668213808
-0.0887723675314692 -0.103690017363392 0.0123456340370232 -0.219066806538776
-0.109855923953248 0.000922237658593867 -0.286523306928648 -0.0570687508827092
-0.00323907805896146 0.0494139454220632 -0.01626267368756 0.260001787219121
0.0295174031006302 -0.031977201937197 0.150995424766453 0.0330417799316281
-0.0543934815187872 -0.0601303573476415 -0.0143087364858261 -0.167392128662204
-0.0379072363297096 0.121835572638684 0.0070521566334617 -0.0529227057397993
-0.231907515647218 0.268090373278167 -0.117331300830181 -0.0293753387705315
-0.512995657807998 0.00568488630229448 -0.0856790856951835 -0.145724163114344
-0.256301635801023 -0.454346845543984 0.13233146078402 0.0549024426690577
0.228434185672855 -0.333622851603913 -0.078181603509928 0.242867691487574
0.234474283869668 0.0874655845871756 -0.171368156901378 -0.0624455178426238
-0.0875903203215774 0.176208295995316 0.0782329832075461 -0.18343477836644
-0.229598694269208 0.092304648592022 0.212265814786953 -0.139783301187417
-0.150799847838993 0.0757787036222961 0.132189020806457 -0.16333645609329
-0.0517185692971931 0.00627577109701436 0.015868324827556 -0.162523686855275
-0.0869676980979815 -0.0506590015481556 -0.150837325082196 -0.15845417275596
-0.065830133254764 0.0245910080147741 -0.184358208527863 0.0750133808866981
0.0565372026028422 0.0195083797486856 0.078838976720377 0.206524665143395
0.0435213494787314 -0.0897565307791291 0.124648281222252 0.00817777225540598
-0.0585898463151783 -0.155687122350976 -0.0140523418956759 -0.174188672040036
-0.0378516496852672 -0.0440454319256275 -0.0254771679625344 -0.178383728168787
-0.102313889529508 0.0887701189673465 -0.0708953717990173 -0.144629588624081
-0.27260103072464 -0.0338807227752119 -0.0647462688937649 -0.0999890665178301
-0.0793050618920869 -0.308941311927645 0.02388147150178 -0.0169733720198127
0.2501970320834 -0.139543031023281 -0.00354880932783781 0.0200125650396943
0.156780313871376 0.200443212686765 -0.0165554132498144 -0.0764899598020988
-0.115873229883195 0.242953165912907 0.0367793746760783 -0.109752769628239
-0.248443197220706 0.193887837259381 0.0602915717265282 -0.123677771310162
-0.20365653033658 0.246229141736504 -0.0243022587804717 -0.197932804954868
-0.0143245942815479 0.260769486707342 -0.175959092049949 -0.165714289432012
0.139529584538292 0.119418909965799 -0.221559256073231 0.0305096363870432
0.158102399291569 -0.0130865554274885 -0.0298258678762491 0.191248223216477
0.130301969688184 -0.106327366731379 0.115620072194081 0.1575692722396
0.0315589639228263 -0.166777428279876 0.0747646002554589 0.0204810488357237
-0.0238393290110843 -0.220756023562657 -0.018413396678593 -0.119393092283385
0.0256593375747415 -0.206083629078623 -0.0736992502488739 -0.170956799925845
0.128523217489691 -0.137378453056918 -0.0945411082415582 -0.170157466452124
0.195051808289887 -0.0344260357307597 -0.0119795399785197 -0.124379415838628
0.187376467512917 0.0940295997247731 0.0898259224746763 -0.0627344459568025
0.105593875693414 0.212843733161479 0.103732301989857 -0.0182712159398017
-0.0366399437110359 0.281207207663901 0.0406712341164423 -0.00415086027197498
-0.123840254087439 0.271617968083351 -0.0182609042845447 -0.0168458892981293
-0.106491241898322 0.260767735120418 -0.0697774058127305 -0.0350456504393987
0.00407029782338522 0.25756577927934 -0.135160668432639 -0.0364707183892607
0.137324697467986 0.204124320470377 -0.144574061089599 0.0244651865486504
0.244451834407573 0.0632023558567354 -0.0848265606609639 0.147164331676874
0.213754846923477 -0.0907442595812969 0.0261295967465971 0.208479939913505
0.0981835357588529 -0.191716952480684 0.052369897510448 0.173024037477293
-0.0133367676051868 -0.200922785774971 0.0303753938500099 0.0896540301743991
0.0248325380943036 -0.196793512681819 -0.0397954600567234 -0.0421010665848798
0.100028463540857 -0.173027118321271 -0.125954452991149 -0.120463473943861
0.177023890754102 -0.091976859312365 -0.0750411527932535 -0.169378953016002
0.244439593534911 0.0524701042131547 0.12746969265365 -0.113829834446396
0.120906752177731 0.268419186803498 0.205330999813471 0.0498594679868151
-0.111584007063726 0.321099052886625 0.0915871115567526 0.124131243875248
-0.205604225584475 0.256696739984686 -0.0369363908871824 0.101201611387597
-0.109995036466657 0.255337302627847 -0.0684456759595012 0.0843858724712115
0.118305667605391 0.219626963361752 -0.0361720002071991 0.0846718005067014
0.269048345995678 -0.0423383249309988 -0.000600064617974498 0.0391753214693396
0.0567253631879969 -0.267045122987692 0.000436447670980293 0.0388008752461059
-0.152989263183442 -0.112449186576246 0.0236283901792029 0.128207959741734
-0.0555225288370188 0.0306638500460194 0.0205355773773331 0.160905287388748
-0.00569695394864558 -0.0877500942410027 -0.0088626583565558 0.180751337909803
-0.0507083998449722 -0.146298193904612 0.0171663254855888 0.158182060496985
0.04867708656687 -0.120117348634506 -0.0803680884864813 -0.00496453048777057
0.0808251086600045 -0.0327083495730844 -0.1169464921098 -0.154567638643984
0.00564924168040398 0.02153380590878 0.0909172189916685 -0.144986701282675
-0.00764173943943759 -0.00867594208487589 0.188975908428262 0.0509251129146894
-0.0284981182603113 0.0625734346467508 0.0854341995214617 0.144202027828674
-0.157099996383281 0.153250926040338 -0.0512559193305332 0.164940667479315
-0.237515392317901 0.155869559326628 -0.174732172608318 0.149883573067657
-0.0813537945073683 0.201718996324942 -0.106047428999949 0.177665980855851
0.246896348137246 0.102711302853642 0.146888448789839 0.133790877392038
0.287706027719751 -0.317482492337468 0.184862235594441 -0.163110753628417
-0.155325014748302 -0.497553034566832 -0.0642290695493079 -0.0997743040846676
-0.47515700660764 -0.103701185762202 0.0210455213469093 0.161842771249469
-0.246101969716238 0.218119894496661 0.0977885731075696 0.0672532837890286
-0.045051889565644 0.0832705007413709 -0.0206982953333519 0.0691358420706132
-0.0502738062292463 -0.0504426168744112 0.0161299527990516 0.16747752608606
0.0349685047409269 -0.054994227292972 -0.117330334153555 -0.0197841482109898
0.0213681926218032 0.0286814077808183 -0.026888869428846 -0.225893256538353
-0.0779150711649024 0.00865395953869286 0.24958887513906 -0.0329223333371041
-0.0598600930479333 -0.0909214499466624 0.0736183941393374 0.193036322836611
-0.00972937237910985 -0.0681695027787531 -0.105320767124837 0.0441536924591927
-0.0664649299699987 0.0257486946721562 -0.131886543467438 0.0538251557190853
-0.149743466129142 0.0650786641611004 -0.27239044460021 0.129531785575892
-0.0424240686189699 0.119062521884007 -0.124964292878766 0.241677771398799
0.19299612524019 0.00479292879930136 0.334147216899096 0.0965473727166711
0.130355371510158 -0.289102350942518 0.222471446132413 -0.424318872519974
-0.185186875638372 -0.309340368588268 -0.225257412099128 -0.151747894527489
-0.343342720882058 -0.0113287893651002 0.0261098364123791 0.233775481240134
-0.168308176946479 0.202612971724254 0.2018087996256 -0.0414268957638979
-0.0174385121644208 0.11498767792527 -0.0263505945952741 -0.0977537120403724
-0.0238563508977395 0.00600882045117476 0.00857555539845057 0.128400560104066
-0.000951382110980826 -0.00352977078316129 -0.0151890275148725 -0.107353608157768
-0.00404360960258403 -0.00768432761673634 0.0281036582012295 0.169316109182131
0.00607045192440306 -0.0202140739185603 -0.221202275125066 0.123765010482241
0.023732588832697 -0.00771830594919197 -0.0890845048999604 -0.230417967742036
0.0472697717605165 0.0221207941707594 0.272524554328565 0.105240334706161
0.0115790578098313 0.0391398201972902 -0.146000897926773 0.498588706344574
-0.00807658256687941 0.00709904201093363 -0.398167847462319 -0.00436947522067037
0.00645323774183753 -0.0145717224206378 0.0970721217237707 -0.256218156157536
0.0251105205637906 -0.0188450585470172 0.299822819756747 -0.135466248968403
0.016322062412173 -0.00423528388081462 0.147371995491727 0.0100923453794595
0.00918458707023794 0.00136099177591407 0.179085225205514 0.0572423918953041
-0.0101314245248041 -0.00395380854531736 0.0478121711913735 -0.223633408686099
-0.0141320073656945 0.000715469775803318 -0.318044384819639 -0.0722971014631803
-0.00632374842871348 0.0146174678994869 -0.0372793320462302 0.281235940331504
0.00453436385314154 -0.00143205944019933 0.156848601297097 0.036743481225636
-0.0299435581933094 -0.00804259628513001 -0.0143027754564076 -0.127837728254384
-0.0176745508055682 0.123235274280641 0.0285980531363515 0.106850908907236
-0.169857988973387 0.195889868574629 -0.190289857909333 0.0919754882363201
-0.332012995345278 -0.003185215060735 -0.101207368656005 -0.201682727864224
-0.15715807878456 -0.283885912357345 0.244939549414007 0.0826409741346871
0.130772217667008 -0.227324184700462 -0.104554988927862 0.443245943142061
0.161350075531658 0.0206192111837968 -0.329377659202424 -0.00950137632790306
-0.0419783372309475 0.0866390923272154 0.0925277373674505 -0.236210380278485
-0.111322357357766 0.0246992930471445 0.28708079151655 -0.134963582583774
-0.0323975453457536 -0.00245456057351281 0.158927057041819 -0.0358493434869195
0.000109576982951136 -0.0767920004738258 0.153347925005399 -5.60461427676962E-05
-0.0951517497218189 -0.103995557982301 0.00739095848487835 -0.220396502359383
-0.117921008556895 0.00418116059285964 -0.289905176303941 -0.0494505665724782
-0.000779009069452549 0.0546559878234503 -0.00949550019089957 0.260564420688182
0.0319615979663123 -0.0335480542357679 0.155134194673136 0.029266302477136
-0.0603503054135841 -0.0586523697543118 -0.0162738276671638 -0.170195383602351
-0.0357484240863715 0.123921699379241 0.00691295694619678 -0.0556126735981712
-0.22804110102735 0.278727499380093 -0.120031736389366 -0.0275599687653783
-0.516979839665225 0.0201934316901991 -0.0893459840022613 -0.142674025458663
-0.271470483394974 -0.452070503774096 0.132863554625664 0.0542993211978086
0.221083587705133 -0.341388776198706 -0.0737741998036174 0.245039640395657
0.238467902332557 0.08218576425475 -0.175058955279702 -0.0594379932521572
-0.0838341741968682 0.17907867436671 0.0750328385329698 -0.186998631275575
-0.229257724205088 0.0985563729347135 0.212035360404331 -0.14689935703998
-0.148530024420895 0.0786553254253496 0.127808063353736 -0.164691389422184
-0.0516833154863525 0.00527165644402958 0.0134477447578603 -0.161530792528142
-0.0934782509216612 -0.0492579971095356 -0.154116105993328 -0.154470438330477
-0.0713003727598792 0.0290940116774548 -0.182676348860477 0.0788250265177712
0.0604946787712815 0.0218769132994975 0.0837267702670012 0.204262063384158
0.0449007469031891 -0.0914677382721176 0.125451171352613 0.00499725332832523
-0.0670093948520951 -0.152994746769345 -0.0176609922883733 -0.176179874021219
-0.0414988083895632 -0.0434148409203251 -0.0312716263455693 -0.180833767890774
-0.101224438098723 0.0922675513733394 -0.0767373373559127 -0.144177321526387
-0.274365056706087 -0.0259376854699397 -0.0675515503622779 -0.0974919096004666
-0.0888363653163367 -0.309653811222038 0.0225890416584359 -0.0155719956399241
0.248348129120098 -0.147070837703734 -0.00432546635325841 0.0183135504519129
0.162207608550417 0.198792576840758 -0.019035453709141 -0.0778306130082019
-0.110297761348967 0.247119743341566 0.0349226939940395 -0.111762479771433
-0.245835653105964 0.201461319585645 0.0585884208913879 -0.127201261189773
-0.200595533754988 0.251872860184412 -0.0285042578338255 -0.196945178549701
-0.00767721178873409 0.262993274856256 -0.181913006897571 -0.161218195818515
0.143320813448032 0.116727965962884 -0.220291069505295 0.0363897470322315
0.159257353797097 -0.0148852262763866 -0.0244457588624873 0.19067261763682
0.131721743863238 -0.109887355242856 0.120885147688357 0.154981770198904
0.0262319735651869 -0.168691993076857 0.0755026087679736 0.0185946328411171
-0.0327396458305783 -0.221099776410553 -0.0212131156173422 -0.119742569363949
0.0200054886380888 -0.207423767775409 -0.0808569586030716 -0.171151899074029
0.126163289621448 -0.1409906780529 -0.102276121986804 -0.168787052512092
0.195879006340519 -0.03866568693151 -0.0157658757415019 -0.12662178149824
0.190074166260528 0.0898478686618276 0.0907078089646944 -0.0661940931787132
0.112331951028485 0.211703303330724 0.105252930442529 -0.0228515242833039
-0.0306023992538663 0.285023652460131 0.0418330143339392 -0.00630597417991836
-0.117794982799701 0.275758712646145 -0.0182687738078275 -0.0176285660878403
-0.0996393972990514 0.266709355197252 -0.0710836684636192 -0.0341341871126247
0.00777858965606188 0.259990476239045 -0.136474004152935 -0.0330215066556664
0.144882844187761 0.202744196908136 -0.145678181407953 0.0283672754886719
0.250809313184013 0.0572303284365568 -0.080084936836831 0.150312379846883
0.21527802881926 -0.0944122320087357 0.0325634012810681 0.206910223856717
0.0961817221548111 -0.196249303627233 0.0574548947622497 0.173042693882738
-0.0182252329139564 -0.202191521502762 0.0328767434151057 0.0897447655349957
0.0195908693531563 -0.197878348053269 -0.0429332438369661 -0.0413267715782473
0.0971776967972779 -0.174429590162698 -0.133000150452274 -0.11979082758142
0.176893385743922 -0.0955958015990344 -0.0812128774458176 -0.169669343849835
0.245954711752944 0.0473639860489919 0.125612578850653 -0.119312348183697
0.12908137609672 0.265909491114764 0.2111622615341 0.0443061593789837
-0.101828525211806 0.32545107539207 0.0955333007175345 0.122156839180146
-0.200169795495429 0.263235152186596 -0.0335143910997614 0.102806355839069
-0.104088644959386 0.260689000953097 -0.0672660950023817 0.0866121988511974
0.125273838359416 0.219936197000254 -0.0355461481604854 0.0850726553174672
0.270699064160085 -0.0487728588873908 -0.00148086702056722 0.0397215322419216
0.0495060450160839 -0.270899794813999 0.00111682395902846 0.0397852038334372
-0.158757950779964 -0.1072644641635 0.0288031113557944 0.127811303838804
-0.053484811767588 0.0336826605266886 0.0257054673483776 0.160401567768533
-0.00812105312455671 -0.0861694121263648 -0.0034584837456174 0.180838257022568
-0.0556483362168232 -0.144318674624485 0.022559357350343 0.159477052243214
0.0481056173884356 -0.120859038855328 -0.0841241931680625 -0.00310816207683738
0.0817137421241964 -0.0315534075657504 -0.124449414317059 -0.154334447519912
0.00270280148965778 0.0227691977859882 0.0888401850752647 -0.148992554895861
-0.010119079769756 -0.0109809415167489 0.19134478407247 0.0475765912832815
-0.0268383093171328 0.062391539227626 0.0878446633464362 0.141940783202029
-0.151571504286606 0.157279175170143 -0.0489234061986846 0.168319364568569
-0.234728081344611 0.162411323548265 -0.171289506631505 0.15641999802478
-0.0761049622410143 0.205561889465411 -0.102525538400829 0.180814392281146
0.253108050835725 0.0986819545039424 0.150274038817702 0.130682143143229
0.282961869482668 -0.330365817608363 0.178783564544936 -0.167781333488966
-0.173047356325491 -0.500721664013531 -0.0656349344699146 -0.0972671877741583
-0.484941930651391 -0.0875421727704206 0.0285230176631855 0.162599033095099
-0.239657489727853 0.228860231798084 0.100861572103475 0.0648050352979637
-0.0435685811093777 0.0866475844566113 -0.018586835802832 0.0703962683209143
-0.0514808810710464 -0.047392634748548 0.0215561763034328 0.166715709475066
0.0355597127399631 -0.0541297886826846 -0.122097867739833 -0.0181415564830443
0.0198741750938132 0.0321291710565393 -0.0326938711883493 -0.23025867599687
-0.080023140768526 0.00895271469328985 0.253376712984381 -0.0383521733922427
-0.062170020499367 -0.0929892483375703 0.0764980004352185 0.194067337881402
-0.0101236951767405 -0.0680107961727201 -0.10841466334933 0.0444102033968
-0.0644512863495531 0.0279668501659142 -0.133347342536152 0.0556056897631377
-0.148687500659659 0.0688724470938296 -0.271866713670707 0.138043128275639
-0.0386413238902059 0.121689151332717 -0.119458865748393 0.245846775209812
0.196919604142645 0.000241806973035516 0.338990389758763 0.0876052948081178
0.124200223650609 -0.299603175081218 0.209965915687697 -0.430439270568123
-0.199943007306067 -0.307679137586044 -0.228137762999175 -0.145450748793484
-0.34689308677918 0.00246132328751594 0.0361381976709579 0.233558920795574
-0.160724605774347 0.210602772839396 0.201842331438551 -0.0473082141921229
-0.0142169894968931 0.115795645932587 -0.0291580918911003 -0.0969684918104822
-0.0227793698575681 0.0087899033775574 0.0131947847737928 0.129102294085463
-0.000517420484714524 -0.00293358025981726 -0.0193104320728923 -0.10893825794567
-0.00459662376289983 -0.00526799052755414 0.033081255621187 0.168452138781623
0.00563895372726369 -0.0214268796996722 -0.217829453772787 0.131402382059413
0.023165650056797 -0.0100527888420957 -0.0969031769960301 -0.230006346808253
0.0492033444248475 0.0215524881544015 0.279024987943471 0.0973615926466684
0.0121586057256024 0.0403432584530263 -0.133849081376681 0.506421452327495
-0.00786310211729929 0.00725172682739541 -0.403602860921194 0.00437654886551736
0.00626800119489548 -0.0143958032163537 0.0936740565797501 -0.261793595374281
0.024577219974142 -0.021320044981874 0.298906303840574 -0.142779764092116
0.0171634628287795 -0.0048711750698016 0.150399210936936 0.00776734925369325
0.00916129269295723 0.000508534050932338 0.184490599133572 0.0560027968060136
-0.00983923821086717 -0.0031539140645551 0.0455912728071071 -0.226632675664879
-0.0141357917046769 0.000903147903815071 -0.325789450876381 -0.0637962874426891
-0.0052371666008203 0.0147393159789175 -0.0290890455690082 0.283924822811313
0.00418334439025892 -0.0012665593443225 0.162141826437369 0.0314360333376623
-0.0308677984720259 -0.0066827586902851 -0.0182954877751993 -0.129379260728812
-0.014638767246398 0.124455186710233 0.0329090876913213 0.106213723110538
-0.165345631533265 0.20230276051912 -0.188619343599383 0.0992300969574742
-0.33418030707211 0.00660762663990792 -0.108114969578562 -0.200979680895046
-0.167726861801033 -0.281982424773009 0.252359254353323 0.0761681305268068
0.127386871882334 -0.233134422889434 -0.0933471030395497 0.45136083443674
0.163911096831431 0.0162925577299749 -0.333061528030377 -0.00297930271527797
-0.0403318192837859 0.0898752550994708 0.0871467316902455 -0.240294744749859
-0.112019755551706 0.0275030124358775 0.288039699131123 -0.142264148069167
-0.031657789666301 -0.00176721787908339 0.160209153468736 -0.0380762378474788
-0.000614316474926128 -0.0785708150224691 0.15687841286696 -0.000801988262063614
-0.10027538647827 -0.102591239859687 0.00286639934897145 -0.22290969729892
-0.120544946119163 0.00835707012319416 -0.296033111982692 -0.0417603363248658
-0.000474289209403692 0.0560690181175764 -0.002104289036758 0.262408542532631
0.0325341376850075 -0.0344784376381866 0.158338394416646 0.023378778592598
-0.0627921889261868 -0.0571310439010638 -0.0216229556719828 -0.172027604623838
-0.0335326079971608 0.12531765381173 0.00516688372132054 -0.0573612246485559
-0.222840497518203 0.288535585055436 -0.122144045881992 -0.0232566665215432
-0.521577030476767 0.0356771360434833 -0.0946609900840779 -0.13962798044642
-0.287122172559938 -0.448797681129712 0.135616841619817 0.0504936305189548
0.215264079186819 -0.350721952965778 -0.0683240941102078 0.249834506322761
0.243030825581226 0.0773132896770073 -0.177605413496029 -0.0573197724193149
-0.0802354899115026 0.183396656277426 0.0716680011236232 -0.189400633995251
-0.227838051218259 0.106558067143539 0.210304849358582 -0.15308938220402
-0.146702296430785 0.0837177231062987 0.12538891597682 -0.167857652839933
-0.0510578330806133 0.00564483975642262 0.0105769798984554 -0.162115815729555
-0.0964510170191913 -0.048378817058017 -0.157568084577633 -0.15244493570818
-0.072448621997781 0.0322661906436064 -0.183793691318219 0.0849814818584486
0.0616296731227686 0.0205840122251711 0.0903488600119992 0.203743336265963
0.0444960035354883 -0.0942851303349913 0.12840702868011 0.000849918154471897
-0.0746242779899437 -0.154370664576716 -0.0227154985634655 -0.176444739612095
-0.0438940857191268 -0.0424445404795924 -0.037092612919421 -0.183429388005297
-0.0988506899268667 0.0961604424159977 -0.0820401733081823 -0.142981716355807
-0.274930164120705 -0.0177646454006015 -0.0719916732180611 -0.0966035769935421
-0.0973542266259903 -0.310388077860318 0.0226232296518306 -0.0160662323814221
0.248139792345343 -0.153803738444335 -0.00363922472104425 0.0169838871047374
0.168280218514062 0.196362160605065 -0.0207352307253976 -0.0783095692857933
-0.106009631745918 0.253993607189211 0.0347910623741798 -0.114345723203267
-0.244115153864661 0.210990845579014 0.0567019764381427 -0.128843355267555
-0.196815174806038 0.260733002167121 -0.0341731963308836 -0.197337679323433
-9.31837559393174E-05 0.264949802302088 -0.18755337898847 -0.15721350829643
0.14781841314615 0.115363107148262 -0.221156776396972 0.043182172898948
0.160326237114804 -0.0182062839756134 -0.0187423411015496 0.1926599056611
0.131480935164888 -0.113969902047978 0.126416050020814 0.151947077369265
0.023515496615418 -0.172037680998748 0.0762726203590082 0.0166706035528581
-0.0418993527339267 -0.223840323738585 -0.0248148945728156 -0.120030203482766
0.0133735729549573 -0.209177923648049 -0.0875917905988446 -0.171199825738891
0.124941765278228 -0.146803275918118 -0.107235571092725 -0.165360582326469
0.199198013832162 -0.0452647626195566 -0.0180296991935083 -0.126933046428294
0.194965756023152 0.0869613460330553 0.0906849859084842 -0.0692745594328805
0.12048615678283 0.210908968133049 0.105037404461652 -0.0273116735640724
-0.023081337348555 0.289988175017275 0.0412237588562562 -0.00800659448026981
-0.112539124623024 0.284478281246991 -0.0188441143746182 -0.0166757527923091
-0.0951764745052198 0.271460728306049 -0.0729371202659446 -0.0331007499500437
0.0149416739368698 0.263579680851694 -0.13822687997976 -0.0282908765466442
0.150146958041741 0.203412293746698 -0.147632325461405 0.0334831591689286
0.25678898729113 0.0521023312362504 -0.0765919590557478 0.153470930718586
0.21688232414808 -0.103013402278112 0.0400490288719258 0.207483287240666
0.0918857015788389 -0.200780374387792 0.0644468984902864 0.172144752880781
-0.0245399722275314 -0.203805809197827 0.035071701970817 0.0892318459011742
0.0152418879539405 -0.202409377391181 -0.0442785772376029 -0.0395545179027423
0.0922346196991236 -0.177939975653567 -0.139227457638757 -0.116480907740391
0.175031974853212 -0.100770066993088 -0.0865479591168586 -0.167843235067073
0.250341599704018 0.0412211392366712 0.122449174394073 -0.125121543669776
0.137375898440606 0.265428441472782 0.214455605793503 0.0381143950116705
-0.0943313725153502 0.331494936582514 0.0979544399482854 0.119955922804058
-0.196266107608689 0.271993616357372 -0.0320117409036656 0.104561596422324
-0.0991598447700198 0.26707366127783 -0.0666729582184623 0.0894095348439533
0.132439160948372 0.218799955883986 -0.0351905057152191 0.0877929132116473
0.271762589629595 -0.0554450296832498 -0.00045129861710401 0.0404794406802905
0.0445825916734373 -0.27505825828963 0.00126157504656248 0.0399063637059934
-0.161422529805074 -0.103185481266223 0.0330393818517313 0.12966919946045
-0.0514464615226837 0.0348331227770032 0.0325981950260924 0.162362898924847
-0.0109415317318071 -0.0870521355163851 0.00151434859275764 0.183315501178744
-0.0596608995682967 -0.144829860220424 0.0274131139535067 0.159192156076657
0.0466779620792637 -0.123646671621494 -0.0858451209490145 -0.000231594474257495
0.0812798343789367 -0.032924838860259 -0.129686364119207 -0.151445433309902
0.00269873602199763 0.0242039510884071 0.086312543445883 -0.153675903282764
-0.0121101987257517 -0.0108565742508314 0.192854005482037 0.0431236245963784
-0.0247316150594311 0.063621265995857 0.0905305403148028 0.139201752063373
-0.148140052396929 0.161543438051347 -0.0476940039534638 0.169713426947929
-0.232819547979882 0.169236057733159 -0.168813476355078 0.161596111128712
-0.0710799296135976 0.209389654864083 -0.0991135809653318 0.18678585200836
0.25789794285047 0.0925908628330564 0.154218558737092 0.127747210933516
0.276733805277819 -0.339490176082509 0.176485635809621 -0.174089002396897
-0.189256893495329 -0.501477101546875 -0.0695357196806147 -0.0954672364796999
-0.491434895840648 -0.0749426419128575 0.0335559471834105 0.163418112223307
-0.235865138661318 0.23924511495343 0.103720337300021 0.0621853677646775
-0.0408568780780127 0.0876058763786073 -0.0173412439481554 0.0718952974437956
-0.0516771745316126 -0.0462411125201133 0.0268204332810376 0.167894601410884
0.035076781786856 -0.0563391178801258 -0.125599382164119 -0.013850979579727
0.0199206571211392 0.033595253186166 -0.0403241400000712 -0.230967612717486
-0.081769359076012 0.0118666182861042 0.255576876312394 -0.045907764495554
-0.0672640875534682 -0.0929708225599423 0.080084456983562 0.19411121651644
-0.0120486778817833 -0.0691866502386496 -0.111162691875148 0.0454239658348295
-0.0627659789179378 0.0282936904968394 -0.133897983414895 0.0578537348299371
-0.148404997767677 0.07273614026806 -0.271291611379071 0.143555901295712
-0.035273261134426 0.124135644197095 -0.115847300518731 0.250218616281065
0.198967251302159 -0.00452752061159832 0.344193230063477 0.0778420116294897
0.118889000255414 -0.305735767618523 0.200478316957286 -0.439952183513495
-0.211709676768682 -0.306782126778776 -0.235099257614133 -0.141451327081833
-0.352663923444104 0.0128983876891729 0.0439812083880621 0.234660380873247
-0.15628856998662 0.218234812212895 0.20177583678204 -0.0544053205068732
-0.0114324709079068 0.11812484290879 -0.0327221377630798 -0.0957926704757707
-0.0221637648344848 0.00993216568796994 0.0183536590596019 0.130481533316567
-0.0022537571126194 -0.00231884044364748 -0.0235712579603417 -0.108070037712351
-0.00511467191468816 -0.00627925949599022 0.0388897403951051 0.167137647720178
0.00343293210589059 -0.0213392012903543 -0.215145787624378 0.139634660883346
0.0231847694171832 -0.0110522557250419 -0.106480415847191 -0.229078119248105
0.0495108445947878 0.0202637625849114 0.285092920309363 0.0880925137722291
0.013557492852917 0.0393005300980339 -0.118652381927805 0.514204160456265
-0.00827038041211907 0.00891053046379765 -0.404766611461083 0.0170697834032191
0.00493341049512164 -0.0142207142238091 0.0862142556384268 -0.265908816834202
0.0220482614599456 -0.0226622234450186 0.295209747931607 -0.151751574157678
0.016661598174657 -0.00535463350878945 0.151926803786304 0.00471199052856361
0.00943410669489958 -0.000111369303030028 0.189441472667184 0.0520971149154395
-0.0107489050592511 -0.00186233402996609 0.0392117384429098 -0.229889412438239
-0.0145318066150136 0.00183236281336322 -0.32991971587757 -0.0530684752305292
-0.00614478604982764 0.0163769505822006 -0.0187422784209435 0.28651714259297
0.00308734226250066 -0.00215099377348882 0.166416573554697 0.0258467584589035
-0.0322568147703092 -0.0052081394908115 -0.0245257184389732 -0.13062049506923
-0.0104822873273763 0.127101154210551 0.0367469325045363 0.102857105390564
-0.158749100514814 0.210066055888293 -0.185994870164374 0.107381213790698
-0.33543118823087 0.0166969890213302 -0.115188499898717 -0.197387599777453
-0.177928853327943 -0.278134691994023 0.257031212282512 0.0688213622081525
0.120119961493289 -0.24092832768402 -0.0774284764724065 0.455068302165228
0.164843439534612 0.0106656636832403 -0.333494793652083 0.00799455457865515
-0.0377540789767419 0.0909640115094838 0.081735398644061 -0.243020164948977
-0.112125261207762 0.0301155831630514 0.283044841823896 -0.151173657566008
-0.0306357000487276 -0.00119459791720665 0.160302102716767 -0.0416251882569747
-0.00271471926216926 -0.0799367843055228 0.159826548679558 -0.00477132551522058
-0.10535676486694 -0.100832785085989 -0.0018055132208693 -0.225304514018823
-0.122298361643981 0.0129819077651227 -0.299938438043116 -0.032919270240859
0.00145324786838345 0.0582668628836622 0.00784787522223864 0.263041591693681
0.0312899730148857 -0.0352245695308743 0.16175980635852 0.0183567107794216
-0.0670368922438885 -0.0555834199046646 -0.0283161450108731 -0.172506823622333
-0.0290811265062976 0.126949026014012 0.00297063040036305 -0.0589806801776682
-0.21181563844797 0.298565220658629 -0.124093613511821 -0.0180954731822675
-0.522871788372145 0.0529462747806316 -0.100579168628781 -0.137160584521797
-0.304507893619297 -0.443250210513614 0.138005840123536 0.0468012456621281
0.206166275855144 -0.362437104306755 -0.0606551411000575 0.251375101679047
0.247047303381303 0.0688597945386714 -0.180656570643854 -0.0523377386056105
-0.074827993739592 0.187315019729171 0.0664405484777376 -0.19246193109143
-0.226129801418458 0.11422198638927 0.20811644675504 -0.160483673633681
-0.142807910848893 0.0888020419900474 0.121292279853434 -0.170642745479234
-0.0513345944733131 0.00643288827056869 0.00742661955008509 -0.161313212813733
-0.101188130809112 -0.0463177293372375 -0.162070179234472 -0.148517997736844
-0.0739113761546826 0.0367723459147967 -0.181910587411547 0.0915168064601867
0.0631799320710463 0.0188058527672001 0.0986356448468076 0.200719158558918
0.0422942969803536 -0.0971283751881641 0.129851960452527 -0.00427295313815251
-0.0819709682049779 -0.152973207524828 -0.0295718917326761 -0.177396624787875
-0.0470268032164374 -0.0420716287905989 -0.0435414175462612 -0.183771914550292
-0.0947090232118783 0.0993082668372041 -0.0879575456954946 -0.139552107563968
-0.275889812442056 -0.00846958403774566 -0.0749931528734108 -0.0931363139219831
-0.107170051517922 -0.309357302919665 0.0225228739452528 -0.0171687030552525
0.243944388147469 -0.16383511744584 -0.00345406033446622 0.0155971824353727
0.176681574014141 0.192157380227373 -0.0224967952678729 -0.0782122365651537
-0.0996675232527158 0.259327909526726 0.0308894307286363 -0.115965274800703
-0.237947712665437 0.219167327973725 0.0541235944908605 -0.132963726786688
-0.188935243507604 0.269505286025308 -0.0404424320771588 -0.195683589631788
0.00792682202591471 0.267712379354088 -0.192222400762164 -0.150460727727764
0.151671046988183 0.109704222604454 -0.219770408215849 0.0494745882275674
0.159683121210332 -0.0239468261733465 -0.0127982481487313 0.193554249274616
0.128598611649114 -0.120244272791304 0.133901366265058 0.148370112264602
0.0187589653386642 -0.174061761291512 0.0777902771821465 0.0128043620892006
-0.0504704211331436 -0.224057853590915 -0.0284237404951454 -0.11881141627943
0.00499249680469931 -0.211301041653283 -0.0937781089452096 -0.169525890371938
0.120672485385762 -0.154311099545025 -0.11409919696318 -0.162537500967863
0.199909829882374 -0.0532506953100985 -0.0231606194475454 -0.127128696009581
0.20052481031015 0.080808271001047 0.09002528200962 -0.0729942316117964
0.127128353834784 0.208380036230573 0.104002947159658 -0.0318106115130488
-0.0139884000741386 0.291449662037127 0.0413341837138044 -0.00942262329516028
-0.104309410134522 0.288663264139143 -0.0198209507347969 -0.0162612700293424
-0.0879293122226348 0.276077338599796 -0.0746087317071212 -0.0302803800295833
0.0211525430392568 0.264978043950284 -0.141289520769391 -0.0240049895880416
0.159488538341805 0.199762634855921 -0.147410352136624 0.0381572428324111
0.261578522523509 0.0433173240173051 -0.0712898323834622 0.156791204409197
0.214747023644676 -0.113152445616369 0.0478344418102629 0.207433588948265
0.085761727364982 -0.20678599819996 0.071797762399288 0.171288584485912
-0.0330336449808283 -0.204884925812767 0.0393685738593954 0.0881109761020142
0.00744074558287592 -0.203609147911784 -0.0454797670921633 -0.0368014974997657
0.0870820375070021 -0.182420339234006 -0.144467094767759 -0.111938445764869
0.17235178991905 -0.107889108844637 -0.0918339014486497 -0.16515085530422
0.25198005455147 0.0327985712510744 0.118580460262798 -0.130109288847243
0.146525031582239 0.26275921010891 0.216295128065081 0.0305375772243169
-0.0830168885340517 0.336899997014224 0.101121188062787 0.117703446597426
-0.187522963065451 0.281047414197942 -0.0293658527046727 0.106216165985207
-0.0917363599055125 0.272179914285894 -0.0644516900371556 0.0917936297473585
0.140007823762226 0.217297568260988 -0.0333938037433316 0.0884418811496845
0.270333960082452 -0.0649765150145243 0.000337168691577415 0.0413049419061724
0.0347017604412947 -0.2788887161658 0.00138965656103899 0.0411194258120146
-0.164135196557075 -0.0982604676908749 0.0384017846399358 0.129201816908854
-0.049916964043758 0.0358631568804578 0.0388465273196235 0.1622424711817
-0.0148133534932469 -0.0890890830158766 0.00982750328738058 0.184738830542351
-0.0670277878759054 -0.144113296724606 0.0336056718941501 0.16021116434867
0.0423216539195102 -0.126108685326224 -0.086098305030887 0.00324573882132764
0.0798957694258795 -0.035533437187586 -0.13703248624762 -0.146090773618997
0.00291708669612109 0.0253223863389765 0.0816528026309207 -0.157600923345992
-0.0139580697026636 -0.0111874690727002 0.192657275197816 0.0372287672028653
-0.0221554186776297 0.0637595841125799 0.0919403357114434 0.13526631810924
-0.142628559190618 0.167292347524792 -0.0426386503415867 0.172270460452653
-0.227883201508313 0.179592424059423 -0.166213897686865 0.168107971377124
-0.0651959260031399 0.213536836634226 -0.0942533267849716 0.191120240434701
0.263081012792673 0.0841842844022366 0.158647792793326 0.123662718487314
0.266605865920584 -0.349939930207827 0.17096236711113 -0.180600701531734
-0.20804073135566 -0.498058533775776 -0.0733113129322598 -0.0945087650465544
-0.497343708173227 -0.058257060309127 0.0414878946713715 0.163097072712777
-0.227269437644208 0.248970189724942 0.107589521745753 0.0592989340715571
-0.0389526955309039 0.0899529695355965 -0.0141878424792008 0.074583897710012
-0.0542592254665191 -0.0452642103626812 0.0339178909043499 0.168179985568082
0.0326651624229025 -0.0578615169656952 -0.127199709613148 -0.0098030297198809
0.0215424109557344 0.0345795083592672 -0.047621246147371 -0.229880956471646
-0.0831520210003629 0.0155785643961496 0.257383044561168 -0.0555350234634935
-0.0711155177043196 -0.0915136882687162 0.0851286938994836 0.19156445206914
-0.0146020444525736 -0.0701565322730938 -0.113489771294462 0.0474471032937079
-0.0622840422294305 0.0292702513339383 -0.133006896214378 0.0599118505895041
-0.146633809945 0.0777183571763028 -0.268281704526455 0.153414061597725
-0.031620904238084 0.125707911525319 -0.108096436632879 0.255344781712759
0.198310434431229 -0.00984442352446318 0.348234964343316 0.0672092801879658
0.108962166408317 -0.31151607218086 0.185829910669563 -0.448479413634708
-0.225266741151777 -0.301264979056422 -0.240138483995313 -0.133138451614111
-0.352313551816943 0.0267773497161455 0.0550969741642833 0.234082061090658
-0.148598434276375 0.225484720802225 0.201870963273995 -0.0633584660566237
-0.00653762050679377 0.118520062897382 -0.0361448331511351 -0.0933619245544821
-0.0219545899380355 0.010298991119448 0.0233053915464363 0.130411384014735
-0.00294117508609176 -0.00163157227575624 -0.0281634063564096 -0.10715041393812
-0.00395287689299245 -0.00473736301490105 0.0444954766836922 0.163124994369893
0.00260079564726046 -0.0229624986203679 -0.208854862361658 0.146996750772122
0.0225191304511885 -0.0114399640190334 -0.115357510218465 -0.223472582518298
0.0496072833166888 0.0185218412866715 0.28812400944231 0.0754058542436794
0.0138144914172269 0.0389189337619916 -0.0990372556620701 0.514210051618098
-0.00796461313613753 0.00902686985826297 -0.400962372862113 0.0304363164944118
0.00416011698923607 -0.0141301217372558 0.0783295957138727 -0.265897029779533
0.0197048850552547 -0.0232496350059779 0.288715535494959 -0.158644423292691
0.0159224958573332 -0.0058311813825968 0.151444005371896 0.000404636881841096
0.008915204546476 -3.93688114861263E-05 0.1914452927821 0.0468493638381856
-0.0104224967532732 -0.0014788571902642 0.0326753363813614 -0.230667653940844
-0.0146149920749446 0.00281249418007354 -0.331250010595828 -0.0410488606132723
-0.00542053585933635 0.0169803713558918 -0.00791118374591754 0.284785674477155
0.00304058396818034 -0.00156329680129394 0.16708110365213 0.0181085016886361
-0.0328407876657266 -0.00461342154419602 -0.0296193748154594 -0.128761390240733
-0.00485101808309749 0.127059702781548 0.0406662296751422 0.100079194267159
-0.150155604397463 0.213250837905986 -0.180963834744127 0.114290736675002
-0.332608099356633 0.0297457093497242 -0.122259508535955 -0.19270035560937
-0.186989524014123 -0.270246130021909 0.257208050241803 0.0579615239268315
0.111246097196932 -0.243479002763445 -0.062190968864482 0.454308747587146
0.164106760336775 0.00590779292225569 -0.330356325896567 0.0177847277931052
-0.034269570610797 0.0920755495865959 0.0745694861176268 -0.243297804258506
-0.111208746374215 0.033552265196769 0.277188578119478 -0.159288356663194
-0.0284529829229521 -9.48910685060677E-05 0.15931848647087 -0.0441107327518513
-0.00568084783773702 -0.0793737067004556 0.160263179563194 -0.0078599825923625
-0.109655519342286 -0.0965150815427108 -0.00678242013530194 -0.224762063101731
-0.122692609287711 0.0182523816682954 -0.299101709968963 -0.0213542457308718
0.00259836631039175 0.0590403430265124 0.0161662865499338 0.262719539629754
0.0309885240572167 -0.0364659144279358 0.163631957840805 0.0114822223336426
-0.0692301727520488 -0.0539213940841763 -0.0358741759127995 -0.170457892892469
-0.0247696532840684 0.127546254971758 0.000689423829991827 -0.0598897241496394
-0.198266629029151 0.303139501813825 -0.123663486757784 -0.0120040465329485
-0.514986028523945 0.0707893300886541 -0.10466881167821 -0.132321332783709
-0.318736905095984 -0.427187739748782 0.139710636266051 0.0417852844586757
0.191520514439508 -0.366593421467912 -0.051945708487127 0.252259077749327
0.249045072214872 0.0600962173539893 -0.179031291524118 -0.0465730820284871
-0.0678490618963821 0.18868040744706 0.0603380444380549 -0.192696383159495
-0.220474198059507 0.119171825533465 0.200360031074243 -0.166528340858988
-0.137565916419958 0.0929076335884678 0.115060580503376 -0.17230481763773
-0.0501159284899488 0.00710640102687859 0.00415465180828636 -0.158718038663635
-0.103240835710317 -0.0434583910116003 -0.165364115707301 -0.142141804133124
-0.0735914834337447 0.0401133498261814 -0.177872937186025 0.097040459289825
0.0630683090218624 0.0181543814179338 0.105115428605409 0.195186790527003
0.0399169739769291 -0.0976737828301925 0.130227439555205 -0.0102061481664139
-0.0880436705146843 -0.149552961835173 -0.0357469799511847 -0.174848478074621
-0.0486512675495958 -0.0405188611418898 -0.0504446597847763 -0.181370390299205
-0.0891437245659617 0.100579202985195 -0.0920723471857233 -0.1337363590354
-0.272680353624047 0.000455080491430868 -0.0771973798936603 -0.0893688847419588
-0.117372975035562 -0.301114288047871 0.0219236739092036 -0.0176547681705656
0.238003211837743 -0.172379101387316 -0.00351856112545076 0.0148161177837432
0.182632059291 0.18520600876855 -0.0250480476762671 -0.0771201536821114
-0.089618990909542 0.259443765681297 0.0263940817681707 -0.116241543893971
-0.230907170438491 0.226228994754965 0.0502182270547789 -0.13327163963764
-0.179282958761838 0.273232367916874 -0.0459151095599104 -0.192645005770098
0.0166562222979889 0.264244520170437 -0.194877824323918 -0.141963822745875
0.15326827740789 0.10347536793893 -0.215400193814749 0.0564966520006449
0.157273860603999 -0.0291589536495931 -0.00588757555953129 0.192399520162926
0.124492391374953 -0.124500353158345 0.139344293347202 0.143097048790145
0.013468842183172 -0.174103270555675 0.0777218219386293 0.00988074528196047
-0.0599987768496655 -0.221782387310833 -0.0321784700520802 -0.115337631769717
-0.00240381173284242 -0.210104768113048 -0.0994849254215532 -0.164949955926787
0.114920555005012 -0.159648747830505 -0.117213969479708 -0.156700622252852
0.199024267285342 -0.0608251669202795 -0.027141474069422 -0.124689199477503
0.202619389895731 0.074926007713489 0.0872445527543298 -0.0762668240746409
0.13390083654745 0.203069253766551 0.100820549928629 -0.0354557558914546
-0.00408596131838307 0.290653366013178 0.040756855441782 -0.0102614683401791
-0.095427137317881 0.290614238641432 -0.020435872684852 -0.0156163890508889
-0.079645355185085 0.276816595473235 -0.0750330980600311 -0.0264576603739946
0.0292400106606963 0.263401415973022 -0.140647580861922 -0.0177569125651808
0.16505122306649 0.193458735208463 -0.145347721263343 0.0450107655258032
0.264021082574497 0.0339492443088568 -0.0633456787806141 0.159179500793484
0.211184208180436 -0.120472459168422 0.0559257714377009 0.203949394904355
0.0771958518231943 -0.209136212181062 0.0778772197792662 0.166703669139945
-0.0405125595463603 -0.202175009590152 0.0414694528419517 0.0853769439504121
0.000647298604135636 -0.204537893044834 -0.046211131636319 -0.0340878792657649
0.0806556092471296 -0.183550041942551 -0.148197361817937 -0.104566084295862
0.166964902152901 -0.112791222628102 -0.0958115763767778 -0.160231721738006
0.250447400962834 0.0232501734545902 0.1126233272444 -0.132762874798153
0.156570062401882 0.25530513910558 0.215412945250607 0.0212347558493417
-0.071514082586693 0.335267972953687 0.102974625281085 0.113143245763444
-0.176121996444463 0.284120236222016 -0.0258434360737992 0.106047427094304
-0.0818737739778084 0.273186210596555 -0.0604374793749183 0.094690622667996
0.145079944060879 0.209808497111486 -0.0308387400554528 0.090684584526112
0.266144955585457 -0.0741057319985252 0.0019267481601921 0.0420996024131698
0.0254583636988523 -0.275796160815449 0.00222753646230989 0.041207299916335
-0.166258021075898 -0.0916929483933844 0.0427553318053474 0.126025105570297
-0.0474459618549384 0.0365200970091365 0.044446816042925 0.159460955744572
-0.0189679993070272 -0.0885969398544949 0.017542097566024 0.184220853944836
-0.0716972432255679 -0.141417945204185 0.0396278958867858 0.157296296047938
0.0382065724415493 -0.127777282520258 -0.0857695862088666 0.00720615756787984
0.0776052535627017 -0.0362190135113561 -0.140435789344425 -0.139686040758278
0.00204673012397012 0.0249457138719 0.0758628093340758 -0.159346718263166
-0.0173250959578918 -0.0114003179330703 0.191031777589702 0.0312313766842737
-0.0200609061909206 0.0628129076691511 0.0940195601719879 0.129247773901657
-0.135675262212515 0.169390969043801 -0.0377028097997735 0.17204724452473
-0.220051008844094 0.18413831338735 -0.158651696964533 0.170778458180226
-0.0565733249935181 0.213748201663822 -0.0879810004217561 0.193771613231924
0.263681129886094 0.0748478855304332 0.160400922474887 0.11754679783891
0.252182035667103 -0.357686304991215 0.163493517940161 -0.184640663510736
-0.223743561961166 -0.486790911124516 -0.0765246789188595 -0.0907531410178519
-0.496182120204709 -0.0385392655742405 0.0476750541571593 0.160507101186135
-0.217241614460946 0.254807169893827 0.109245670279829 0.0550490306768324
-0.0358490558894305 0.0900769380014726 -0.00928315290006112 0.0757861601852457
-0.055804196997816 -0.0443002023346902 0.0403562806571372 0.16598048451571
0.0303452234153352 -0.0579757956075336 -0.128279074650547 -0.00308378579276075
0.0221708500186042 0.0352215616407549 -0.0549523216682105 -0.22670572544459
-0.0834192120436876 0.018981067440873 0.253661217080144 -0.0649692029049917
-0.0764457264872818 -0.0890780693138408 0.0890675393785259 0.188050284732568
-0.0168272037224716 -0.0694940371175145 -0.113820527144154 0.0496076628569411
-0.0608431282559614 0.0288002963900507 -0.130580585089854 0.0615907854686131
-0.142661564776832 0.0818133425561687 -0.260645455034661 0.160895557460235
-0.0270112221422951 0.125906545331136 -0.0991169292939918 0.256527955180175
0.197317432646427 -0.0168388682986619 0.348295512170601 0.0547899969993663
0.0968663235502231 -0.314096388539702 0.169521643268243 -0.452633639271533
-0.234389356998865 -0.290013515750193 -0.241803963236277 -0.122381557040606
-0.349622877406695 0.0391737837604446 0.06474139667335 0.229959605619319
-0.138946942012796 0.228300735299218 0.1984736177181 -0.0711309074716279
-0.00246424402621706 0.118341420850458 -0.0391978975612974 -0.0900014236741947
-0.0212040975880694 0.0109761955168907 0.0289512406276915 0.129410747291949
-0.00303033264403708 0.000490435402344423 -0.0588829469069868 -0.0934044055612397
-0.00649165147849427 -0.00413832253080914 0.0903010056858465 0.140047375030419
-0.00567874001684858 -0.0222179435030813 -0.151738243997131 0.199777626084852
0.0176239284108074 -0.0182449698036956 -0.175819602975811 -0.176842667143071
0.0516117986665861 0.00311512912023479 0.293622301879684 -0.0149357071581274
0.0244971088324304 0.0327288116860226 0.057953660867266 0.51501678937727
-0.00554492020851501 0.0101871022057069 -0.369628777042094 0.146152453607794
-0.000544745298363378 -0.0150676434724958 -0.00218507405831535 -0.272121323978771
0.0101669724936912 -0.0285259517157484 0.225819268388597 -0.231741320538191
0.0136433724907621 -0.0110017442211462 0.143152490009558 -0.0413092054038902
0.00871535014637561 -0.00434188325819235 0.19715545362434 -0.0103070398100546
-0.0129888634067968 0.00233447399113192 -0.0346348718241088 -0.228899027340506
-0.0147894622501294 0.0109003392417619 -0.324215297317561 0.0587319047075673
0.00369179633348322 0.0192517267074207 0.0758918868154004 0.271782715513773
0.00114345874069632 -0.0042330019566339 0.165261705824201 -0.0332150290300338
-0.0312668281766109 0.00711029207946694 -0.0666173947465699 -0.114340405842144
0.0318481913991827 0.120240559947531 0.0691774178802756 0.0804286058344675
-0.0781227201704449 0.245508848833045 -0.133965014079646 0.162083945126982
-0.304752132238217 0.125266410686884 -0.168671654396604 -0.143845657446027
-0.256679321510982 -0.199124897995696 0.261276879336039 -0.019735051392096
0.0331386588357052 -0.259738987614361 0.0731217636988539 0.447547664718
0.155574063651434 -0.0424452510193944 -0.308672925678255 0.110778015362705
-0.0063475105558065 0.0964943594267565 0.00175352572372419 -0.250061598455827
-0.0945743838226586 0.0630922395488241 0.215445736728226 -0.228390183814185
-0.0256505609304853 0.00562610865345472 0.138092267506099 -0.0851897692514321
-0.0287103886785116 -0.075913880955273 0.151715025399484 -0.0522284349761817
-0.134033073757916 -0.0588753857964208 -0.070084221748417 -0.209918931364073
-0.111515485408791 0.0573514868682461 -0.288033766165268 0.0680431543886344
0.0229612284901188 0.0564024422122213 0.0928352964839667 0.241635183769461
0.0178811462743358 -0.0455957501398336 0.158347375385982 -0.0389369581215454
-0.0800550264100382 -0.0281245507483801 -0.0851493593258054 -0.150092999008032
0.0153664140657262 0.127305048504725 -0.0159969839493141 -0.059215547314269
-0.0970872425846725 0.345182007286385 -0.11735631110464 0.0250408732972108
-0.462464136724764 0.219554553797436 -0.134006550881986 -0.0915713452066855
-0.426401102208726 -0.308177291695501 0.143768517019788 0.0021227925105245
0.0726231797959454 -0.400318095521055 0.0208559182616228 0.252520892903464
0.251982159176314 -0.016925309887085 -0.184464692159911 0.00668485833009574
-0.0103684346075778 0.19726437156524 0.00235797970621032 -0.200475615875438
-0.17273102905192 0.175086619995996 0.142805104431102 -0.215945696917903
-0.102891794300365 0.124097942491104 0.060450641691124 -0.192596128251473
-0.0466613001528502 0.0205846971517375 -0.038686243056868 -0.149520302829469
-0.11356095770604 -0.00940091548334024 -0.194829707000836 -0.0869220930394255
-0.0580649065519262 0.0638899016444121 -0.1394060550618 0.143358540709948
0.0678369057290804 -0.001764249291 0.156294134155443 0.152497956812703
0.0085634230903571 -0.106023650106651 0.119029231629804 -0.0477589024163792
-0.125522402552797 -0.112791773187502 -0.0860506491788719 -0.153274326401806
-0.056399092928273 -0.024005805009669 -0.103166738407665 -0.155656134077968
-0.0538305269042305 0.119293466919204 -0.124923061969221 -0.0989083271295053
-0.253796532922733 0.0808818118319496 -0.0975447614768041 -0.059841491475579
-0.198642782825005 -0.249118754297679 0.0144249797888188 -0.0205663204836726
0.173375606651546 -0.231883856392848 -0.00158103888007384 0.0138556379863616
0.225551470861173 0.11976773395704 -0.0462497946249575 -0.0674653075057572
-0.0093488682356288 0.271701703891317 -0.00804345293986897 -0.118741443285101
-0.150862363837841 0.277710972335533 0.010717572327196 -0.141763421157161
-0.0923679982812009 0.307669206138148 -0.0950058471298244 -0.167314899439123
0.0911459784644226 0.246632704889382 -0.222690495482996 -0.0786199962504293
0.173737747173664 0.0548279290698091 -0.187917974876184 0.112860439727819
0.141416434817705 -0.0716421571718153 0.0489870271320572 0.180367041939118
0.0828900929531116 -0.15573658063985 0.169903139315913 0.0925794646913789
-0.0382321161309359 -0.169232347622795 0.073697764917934 -0.0120915110675213
-0.119892115601699 -0.19020952012213 -0.0653238473722721 -0.0976758932303425
-0.0616823191666599 -0.197692093873195 -0.146495279436015 -0.123983101974797
0.0620771127930766 -0.184557123049358 -0.158522567245049 -0.110185875121713
0.170472146777382 -0.116391964276363 -0.0637291032825948 -0.110862552424636
0.21351633197937 0.0117625675503299 0.0607401742527702 -0.0996782180560254
0.184998555508797 0.150577883292143 0.0846318513895383 -0.0643781543854968
0.0803138714805916 0.275069515394626 0.0360540501098832 -0.0234142622630433
-0.00424307002168613 0.301095139945548 -0.0224612985537966 -0.00984976876951686
0.00368558673481589 0.283465889052873 -0.0762005093543501 -0.00443124480403355
0.102406887933541 0.240369472158348 -0.135744471840767 0.0227142498915447
0.212424582706602 0.136333850867303 -0.126209081627745 0.0822552273087652
0.259260302304427 -0.0436737309438619 -0.0159161426780488 0.166070605496229
0.165484547119736 -0.175765446685699 0.10868773317005 0.173900200912009
0.0140908115474217 -0.222459888900739 0.120363971896138 0.135467031570496
-0.0964829075498039 -0.179919083041877 0.0627536776141488 0.071319158460033
-0.0598553893033509 -0.192681702582845 -0.0539355301055425 -0.0171682046474062
0.0238911833682165 -0.196608172123853 -0.172506093116672 -0.0517521855912242
0.124699625660163 -0.155040151154325 -0.139501036566797 -0.122909853487744
0.241577134599508 -0.0509250067247985 0.0641150225479826 -0.159281334356959
0.221327067206727 0.195561948837631 0.209517743095176 -0.0457003992435542
0.030277580518588 0.335382345461385 0.131219556104114 0.0763829327844081
-0.084460192070251 0.318332999225054 0.00763122041575667 0.106540572563207
0.000400686962595823 0.281375218283825 -0.0275198425782954 0.105818377215515
0.196092527091168 0.155179086896074 -0.00377466406084358 0.0930275504959257
0.229527807559932 -0.145212384160033 0.0111068108055836 0.0382990259638029
-0.0556555904008947 -0.267750978919306 0.010691376517266 0.0409832671336337
-0.180130309704256 -0.0391891867784832 0.0802908186600061 0.10978408240586
-0.0309768373232465 0.0460013885686222 0.0903131783968596 0.138754804126618
-0.0418657620551574 -0.0790195451672283 0.0713718134083946 0.169952201341283
-0.108128272528185 -0.112955959038682 0.0840779858409066 0.138467837255805
-0.0011310384722579 -0.132725722700363 -0.0800754897560739 0.0339811320960386
0.0641526161955348 -0.0566344800731921 -0.173820890296349 -0.0895132131415098
0.00820855968305313 0.0248183980808049 0.0240865122007953 -0.173933410876365
-0.0211529465371063 -0.00514912266950896 0.188691607814878 -0.0245593812436363
-0.00158582281984437 0.0633701340960153 0.124976592035648 0.093783492927147
-0.0786701397212159 0.196877068066377 0.0145017784999224 0.172604271283686
-0.154288440979641 0.237477554954412 -0.0975242329587776 0.207796739475251
0.00728200811260433 0.216292946862783 -0.0237401279516199 0.20713628960626
0.269215749302241 -0.00551515998151242 0.183507512109065 0.0620916928483577
0.135202209695908 -0.410299998768412 0.0960817670678133 -0.218997610330573
-0.353078126564308 -0.392777701400974 -0.0999110958350478 -0.0576770294136912
-0.475681031298673 0.105449611430926 0.0980371771317743 0.142695619065101
-0.128975734181483 0.301763212527858 0.125222260434256 0.0200111805712778
-0.00770137088940804 0.0955215290701326 0.0158004839818803 0.0743936647248907
-0.0647623799273591 -0.0264112932631123 0.0881544521856893 0.146603508603078
0.0124184748542073 -0.0637711827416119 -0.124283264882725 0.0354734877883568
0.0344710411373582 0.0268694037710443 -0.118906073653646 -0.198687979279794
-0.0746048744995092 0.0443093867722803 0.220771138650886 -0.137208372942675
-0.100500298546823 -0.0621320637462765 0.137833212012333 0.153041016927899
-0.0368891212986853 -0.0615075902636162 -0.0956931543655947 0.0799570270289539
-0.0495789205688045 0.0447658591570273 -0.105846942808291 0.0947029132112236
-0.111120461439875 0.118503974962211 -0.197056972010855 0.228259385334687
0.0101451473312715 0.126897598104458 -0.0174374443536199 0.269256746220593
0.181448179829805 -0.0724023009753948 0.341979705027097 -0.0515547971678452
-0.0037754337751182 -0.325958836918276 0.0245989639512516 -0.471309306892503
-0.306574761526728 -0.203056833434751 -0.26359098874735 -0.0421263227104982
-0.31558665451656 0.137718975023404 0.133473532432214 0.20076061726387
-0.0656403381532624 0.253532282502801 0.170718109462751 -0.126379404983109
0.0300604419761143 0.11317933432555 -0.0608995291161617 -0.0741497585837935
-0.0154451429954032 0.0155784705142191 0.0672599176567314 0.113961629599172
-0.00310524098197621 0.000505333585656 -0.059569646104393 -0.0921467952185062
-0.00633350740861754 -0.00427269920779265 0.0909574182330514 0.136348519773106
-0.00632584370893177 -0.0220061973162385 -0.147237454496248 0.200534966774731
0.0168875728226531 -0.0182436888803578 -0.177028105045224 -0.172311370918604
0.0505720798687535 0.00181593621885569 0.291422897624979 -0.0196811014571701
0.0241287543770769 0.0310984229928092 0.0654551478334728 0.509449124137462
-0.00578165521391076 0.0101228930420079 -0.363655061321772 0.148137818131775
-5.48417610160071E-05 -0.0150140722823973 -0.00415833722042224 -0.269877084895402
0.00805823092354599 -0.0291850665203312 0.220369834712454 -0.230174852060526
0.0128447873803211 -0.0110735855066009 0.142393854648686 -0.0421471158922411
0.00851917340359897 -0.00568084197263692 0.198003615750029 -0.0108337968577832
-0.0129532873998697 0.00272834051881805 -0.0352562376406033 -0.2257378119342
-0.0147207645936318 0.0111156726961523 -0.320884305090733 0.0615347623613012
0.00335335198121801 0.0192744876083814 0.0789293824766539 0.267322103785195
-0.000325590711682843 -0.00426589034570571 0.164326933047567 -0.0363184252047934
-0.0314645612376234 0.00792694817357452 -0.0691106181091578 -0.112044087638034
0.0335966186815661 0.118213573804684 0.0685672263955627 0.0774259955148437
-0.0740109786576027 0.244714536827991 -0.129402421593378 0.161788716989015
-0.299529448043522 0.129521038154775 -0.170874937875136 -0.139977383168635
-0.255581987484214 -0.193934487541935 0.258153560718344 -0.0236288015644672
0.0285913469216435 -0.258723352456032 0.0782828789085628 0.442413126329577
0.153713233726053 -0.0439166096556784 -0.303715933480204 0.11421866122833
-0.00487169384005998 0.0955785199456256 0.000109085445909304 -0.248399805079597
-0.093178391940706 0.0629940685668305 0.211162338677143 -0.227302925861411
-0.0242478716279398 0.0048896537086803 0.135825999928138 -0.0847010579113953
-0.0291169643305897 -0.075901974954273 0.151421242280813 -0.0529254695460687
-0.135301018258798 -0.0576608976608491 -0.0716810432886744 -0.207711674246486
-0.111318166148711 0.0600120602505191 -0.285519911865379 0.0710025437487479
0.0240913176550385 0.0563940225451999 0.0950952372615986 0.238934284083844
0.0174125451895988 -0.0459526248977034 0.157426476060845 -0.0424274162128428
-0.0802465180325374 -0.0258213804852576 -0.0873606196546309 -0.148120676693274
0.0168948703244576 0.12436500346485 -0.0182281255322645 -0.0590068244857479
-0.0906379321626847 0.341507824401195 -0.116018564586844 0.0273415133524907
-0.453855628455774 0.224247332281805 -0.133996208851703 -0.0889292190745223
-0.426354436691666 -0.301059282816181 0.142728852535522 0.000885717325298981
0.0683561083402303 -0.399281652058059 0.0242799958811782 0.248188923437745
0.248347583693445 -0.0193355640000005 -0.182310719612452 0.00787137773750728
-0.00705774044117096 0.195221708371864 0.00150114184867427 -0.198440481569913
-0.167864607875976 0.174461647666941 0.138519219239134 -0.215174552778633
-0.0984912502189741 0.123020290777448 0.0592249802631379 -0.190099030205371
-0.0460383540445942 0.0195176238949151 -0.0382712790513773 -0.146324632295955
-0.114503269419418 -0.00761655670187765 -0.195151675566509 -0.0839694661477914
-0.058123854237179 0.0658508644418278 -0.136728250315231 0.144055760755577
0.0679190189791044 -0.0017706662908171 0.15715494415961 0.148537216951327
0.00782117272216338 -0.105722250778552 0.116569621174418 -0.0500075602663146
-0.127718302497168 -0.110062697470521 -0.0870167729298008 -0.150569357906929
-0.0563141917576238 -0.0233966052845849 -0.104711506522949 -0.153738781904454
-0.0511726530362883 0.117012474921177 -0.126192384336674 -0.0948979823822176
-0.248899506132096 0.0817929078111341 -0.0985750915459984 -0.0570476803482186
-0.200205751967087 -0.244675849937732 0.0149625252087567 -0.0206313312541253
0.168178599062895 -0.232066923829422 -0.00252691591226679 0.0136801019233862
0.224377267427011 0.116227682441285 -0.0467803732665918 -0.0669636279616929
-0.00535139156493214 0.269709631844717 -0.00908855755999914 -0.116898427170273
-0.1479307720954 0.276668535269046 0.00965633804613763 -0.14088527076496
-0.0871439202237245 0.304648091181621 -0.0954610186533147 -0.163839966966228
0.093792079582829 0.241879299260251 -0.221334681901725 -0.0733701967641092
0.172454500995828 0.0521343912309958 -0.183852506364646 0.113797295275704
0.139763677448994 -0.0736049484200799 0.0502145083070112 0.178047232681891
0.0804480095939694 -0.155394039078087 0.1694876729801 0.0888584541518753
-0.0392483860416727 -0.167517353684773 0.0728420916225832 -0.0130400477685491
-0.123738110869857 -0.18768239908916 -0.0646426870497189 -0.0943998334012423
-0.0640362158418907 -0.195294706111477 -0.148195296207987 -0.119913861367594
0.0599390968103111 -0.186212497945665 -0.157989064160554 -0.106189580912687
0.16852139681076 -0.118795027753245 -0.0660244944398645 -0.108253554627797
0.213956965722541 0.00848266350800085 0.0591223526452109 -0.0998422587321177
0.184533515599874 0.14698143404511 0.0819685236061655 -0.0646806460459978
0.0821559948177943 0.27024027530392 0.0350524715463569 -0.0231609029945806
-0.00123006837670652 0.298102736389165 -0.0218432574253462 -0.0082959500122151
0.0065060165640999 0.280429983651507 -0.0754277237720726 -0.00250589488238074
0.103202153100734 0.23768456659394 -0.134160448018536 0.0249482151424013
0.213970087219415 0.132844342560423 -0.123861370103368 0.084665060517529
0.257902347377311 -0.0479001578430587 -0.01333885029619 0.163569779694999
0.162611230631893 -0.178756209486251 0.109901765537375 0.170882700868524
0.010410455072323 -0.220531983619451 0.121656713876978 0.133807199751235
-0.0983734567199324 -0.178319421161232 0.0629639679744686 0.0698150467808422
-0.0624428589523051 -0.191468098537299 -0.0530969835382851 -0.0151485059793885
0.0206623987622282 -0.195583394493896 -0.172346948328091 -0.0478320064976943
0.120369301710402 -0.155451536947249 -0.140088343454552 -0.11896686335856
0.237660729090037 -0.0557439627017767 0.0608836877635357 -0.157502783358544
0.22108103249071 0.190755959963989 0.206073110120772 -0.04829980176024
0.0343367194598821 0.331889892141606 0.130017900868276 0.0740111005354617
-0.0807837139886497 0.316772432179005 0.00915598315887584 0.10641942365981
0.0041733506062895 0.278042753426706 -0.0265238186986362 0.106210020262716
0.194215319136052 0.151783572619223 -0.00188626514761866 0.0928315456679957
0.224826747360914 -0.145093122287404 0.0123325387939383 0.0388291635146408
-0.0577545848585954 -0.264559542311873 0.0122103135350355 0.0411316488627029
-0.178716523051851 -0.0368791548286733 0.0811478195136295 0.10724001064238
-0.0300146031097181 0.0448189299334236 0.0920131070571368 0.136623600540243
-0.0435571665179241 -0.0780819130352887 0.0736278017819104 0.167721596356343
-0.110112020562844 -0.11201851245327 0.0856132322202375 0.137036863361365
-0.00381134298787508 -0.131743979452626 -0.0786991329094863 0.0354643582887334
0.0637270220062462 -0.0560024965711766 -0.173139952917949 -0.0854527097524133
0.00743703447717146 0.0263478879192051 0.0210041216615523 -0.172961911160664
-0.0236119649355974 -0.00532638816078949 0.186328719110007 -0.0252465659921001
-0.0010505869870074 0.0622440297045968 0.121914014219351 0.0923960541910806
-0.0763396637520019 0.195299241888754 0.0163200771829226 0.170472203488205
-0.151389624648036 0.236753923834113 -0.0950384223034213 0.207471354661039
0.00890543807422393 0.214479322678844 -0.0210241570032326 0.204634403639555
0.265012152877803 -0.0092342907804653 0.182050974322381 0.0600856206287065
0.127808883677577 -0.408458154792887 0.0931908978220233 -0.217784193821768
-0.356324156798583 -0.38387276078879 -0.0983894993838141 -0.054228372607722
-0.470401885925018 0.111990851127793 0.100868445951265 0.139319318799043
-0.123981003002291 0.298708694283136 0.124733112263872 0.0174923150983035
-0.00714065010684226 0.094599314081131 0.017789675257215 0.0740119854274027
-0.0648442917626967 -0.0266305882350322 0.0912151299129438 0.142899507458171
0.0116080910904207 -0.0637861461391104 -0.12301585144342 0.0384741068007091
0.0336170890769046 0.0268463347102182 -0.118886629954015 -0.195577125335623
-0.0739210052049403 0.0456021056634637 0.216901238271736 -0.138182306777443
-0.103197960259234 -0.0607043870635249 0.137411724077468 0.151076050397474
-0.0377557803765137 -0.0619381137096456 -0.0962392364581268 0.079317548006202
-0.0501025317914098 0.0441382692100579 -0.104980019610347 0.0932914253437558
-0.108562284856176 0.118347489125077 -0.192108572157424 0.227591269958764
0.0110865043942109 0.124402037307029 -0.0146304640799133 0.266410286867745
0.178614145690147 -0.0744149810801227 0.337901633881741 -0.0564993347452388
-0.00808065558842301 -0.320768853920447 0.0192783765084258 -0.465672959358041
-0.306683195858881 -0.196103427867168 -0.259785608705337 -0.037782551446838
-0.310500470700003 0.141592104874097 0.136110103818122 0.195533828617063
-0.0607042425291212 0.252742760595779 0.166629993427851 -0.128088042763288
0.03165355390877 0.110609190509112 -0.0602504202073033 -0.0711735024073471
-0.0147917563031539 0.0146456135222041 0.069627168792373 0.111802975906959
-0.00239824012847157 0.00159418265577865 -0.0626129213083526 -0.0919513186246583
-0.00638126145750401 -0.00411756469209599 0.0928041949000497 0.134522521205969
-0.00714279487970017 -0.0208506737067929 -0.143136625076221 0.201282206007677
0.0151013746778128 -0.0193346245844811 -0.178877765624041 -0.16922928036881
0.0506622246878906 0.00143646439222925 0.290997010798612 -0.0241082916071319
0.022715918448151 0.0325373142335138 0.07274687803256 0.507255770108101
-0.00549557058404034 0.0110836971064204 -0.361615049674469 0.152622415996172
0.000235032684875621 -0.0160713538373525 -0.00636930147714232 -0.268534658068087
0.00727201155793314 -0.0289429767634445 0.218889187292486 -0.22982551418998
0.0118737056483789 -0.0116174777616719 0.143123107930719 -0.0421648042059925
0.00742785276581427 -0.00547126327155343 0.199932148338244 -0.0127346295729258
-0.0129156937933945 0.0027694844049303 -0.0379615402022384 -0.22698899331234
-0.0145530494572942 0.0118422308684871 -0.319478645171013 0.0660500763664017
0.00439908269559053 0.0195679858241942 0.0810566663308647 0.266575665539146
-9.476818851103E-05 -0.00421147257466548 0.163981983979953 -0.038501855484568
-0.0324008691562119 0.00822557242532869 -0.0701852463104656 -0.111523635638659
0.0350224583083491 0.11755764927642 0.068746017956157 0.075625449552302
-0.0718829804605072 0.246189582917727 -0.126368790500962 0.163181630221181
-0.297733947896995 0.132089035652876 -0.172363990979976 -0.138129373283619
-0.258993779469241 -0.190900907606734 0.258924090980364 -0.0279839024907796
0.0260769534449515 -0.259184894252404 0.0830821316518055 0.441716345443263
0.153018908445821 -0.0465641753985941 -0.302297586249041 0.115654553609734
-0.00491386977199918 0.0943202343534875 -6.6439965523511E-05 -0.247358675600539
-0.0931687043435516 0.0637573305916476 0.207268534251032 -0.227961640120343
-0.0229882281850335 0.00417903631596053 0.137014203809249 -0.0838822597231704
-0.0300058258703213 -0.0756942940771081 0.153844842189158 -0.0518124389278329
-0.137837469990923 -0.05507856441389 -0.0730436346304235 -0.206915489609161
-0.11181738862312 0.0619876397339661 -0.28467256554281 0.0747583268724805
0.0253626477413107 0.0571016888260957 0.0968243221633663 0.236220208387688
0.0175972444072844 -0.045947365166965 0.157165848419871 -0.0461262322360531
-0.0813490743524515 -0.0244178160087723 -0.0901476784472353 -0.146639735468827
0.0181722926349545 0.12472444059443 -0.0199017170540244 -0.0608507076987555
-0.0840758400649258 0.342335691258047 -0.115790841803539 0.0292479653052112
-0.450715074349733 0.229930266548428 -0.13648542634353 -0.0869956663245672
-0.428211505866932 -0.294232617355239 0.142268469084963 -0.00216931942194605
0.0637288641843002 -0.399586675596353 0.0260104349799983 0.24860572236115
0.246684863804577 -0.0223050374401391 -0.181814501061228 0.00896405851762476
-0.00562134183844915 0.195269907894512 -0.00134108728826541 -0.19783197534066
-0.166112941040643 0.175518603659908 0.135868140257944 -0.216181082832671
-0.0956820711880405 0.122627445540063 0.0584925211525161 -0.189554523255044
-0.0466479030291743 0.0194594180539226 -0.0377342322473478 -0.145770188708019
-0.116997501533177 -0.00582470170080944 -0.194276520633742 -0.0831127048319878
-0.0582320498013411 0.0688312350286634 -0.135163218974339 0.145393254755881
0.0687691233424483 -0.00251866672391444 0.158323911895137 0.146175944404679
0.00859466963314821 -0.105613107657321 0.115727159670908 -0.0529056905955511
-0.128927040929525 -0.108570338458339 -0.0892699253662801 -0.14813406360377
-0.0567497469420607 -0.0233385354789177 -0.109575866683466 -0.15236328496066
-0.0473221032265168 0.117304917769604 -0.126494601795585 -0.0933013792659472
-0.244712480200504 0.0845572739363989 -0.098944096542388 -0.0558453097668425
-0.200093471840621 -0.24154111204512 0.0141579170065447 -0.0209827685809493
0.167140546618339 -0.233855447009012 -0.00273039554748286 0.0123862395675414
0.225358293774002 0.112616988497343 -0.0484066769325923 -0.0669585048613015
-0.00334552321860437 0.269488800816785 -0.0107776178978783 -0.116926790830815
-0.144783010002899 0.277765044174263 0.0068233507815052 -0.140545026231494
-0.0830298445431958 0.306031172639498 -0.0961233952298699 -0.161160391867113
0.0952487224535886 0.239245235763473 -0.219904763109416 -0.071799128240293
0.170570582010803 0.0494914018044819 -0.182714818897385 0.113182000841057
0.138166094711893 -0.0737063007741641 0.0520744939582287 0.176055310653525
0.0786639013654675 -0.155233010854672 0.171502028746489 0.0866979857430756
-0.0395596400377041 -0.167230787261562 0.0706495208435271 -0.0148367953854141
-0.126610367937796 -0.186994858943817 -0.0665585532067537 -0.0939049452780388
-0.0660313783272043 -0.195788418102504 -0.150639015304508 -0.117959055514664
0.0564539130931234 -0.188224722181415 -0.157652802512337 -0.103895902644421
0.168510603904066 -0.122043077718134 -0.0677431220359873 -0.105785363379676
0.214916963661418 0.0079805319966304 0.0569211194312675 -0.100699903905338
0.187753834091195 0.143653383583809 0.0799929951870014 -0.0649458964907457
0.0840616125921888 0.268797896599382 0.0338056982843086 -0.023322753659077
0.00132823733433591 0.298431927043586 -0.0230517587718415 -0.00662205196650957
0.00738264368325637 0.280544781692685 -0.0766933415646854 -0.00127752746174995
0.10430154175519 0.237886323032179 -0.133238011621913 0.0283514396584702
0.214630963509117 0.13165036155171 -0.122826999610643 0.087528741741607
0.259093706612849 -0.0516381735950914 -0.0114006326926038 0.162047190597686
0.161596680501891 -0.182576475040199 0.112120911491869 0.169359754617376
0.00733575916773741 -0.221584858240842 0.123788588893759 0.130651115890886
-0.0998707061111072 -0.177247070136634 0.0637482924659871 0.0692075931374364
-0.0649713597253268 -0.191093160996722 -0.0530510264594149 -0.0131810767153062
0.019558035765904 -0.196337041360707 -0.172809806133562 -0.0437189381212787
0.118444888686175 -0.156567413023453 -0.140555939970038 -0.116740261485432
0.23644456765882 -0.0581305665043552 0.0583046148047317 -0.156727363192898
0.224408627086523 0.187968694827626 0.203945447837129 -0.0499962043888758
0.0365767539741234 0.330043456068368 0.130619561415519 0.0747939522396441
-0.077957580275744 0.31607257343306 0.0101036313697697 0.106980505853112
0.00722346468786719 0.276728959301327 -0.0243491916628553 0.105853715965639
0.193773999990556 0.148770787682418 -0.000808731777123075 0.0943675676851526
0.221518572316769 -0.14838979389524 0.0126103306001168 0.0393106430436508
-0.0605877498130203 -0.263152796945713 0.0118209702212037 0.04187258695727
-0.176509759974633 -0.0360474152396385 0.0834027057804057 0.106531529146739
-0.0288489994609824 0.044033414929036 0.0945376923176916 0.135530417138541
-0.0458425648635291 -0.077978284351237 0.0774693585901881 0.166226901070887
-0.111564095934693 -0.111144146968331 0.0870340944950626 0.135768484456883
-0.00567252976280829 -0.131955175550411 -0.0783529699768218 0.0379431286991068
0.0627366913146761 -0.0562745677945828 -0.173616846375919 -0.0828397877371534
0.00680161002009865 0.0271433333660076 0.0191214959829531 -0.172316507645634
-0.0266254190356584 -0.00467661380509483 0.18598786535102 -0.0254305775228163
-0.00184897122719892 0.0602143261186146 0.121143985435098 0.0907856121025696
-0.0747983623733958 0.193190137260275 0.0167362927183266 0.169647803102396
-0.148150614996481 0.237974893679019 -0.0927611727890549 0.20801071618936
0.00948497653797154 0.213307241389051 -0.0199753235982441 0.204286797290855
0.263906587339765 -0.0110987922521763 0.182363203996021 0.0597281803500522
0.122955134392964 -0.408933886121222 0.0905036928671104 -0.21728009348954
-0.362807046313421 -0.379452019310211 -0.0988281646808771 -0.0537915166505996
-0.466788538179728 0.118402018994315 0.104537073531648 0.137303068038277
-0.120488807979488 0.30022313850796 0.12561322541212 0.0169239952219202
-0.00677724204180854 0.0943589790192294 0.0199862495482331 0.0740173606386639
-0.0663770937144561 -0.026331499299605 0.0935993970314724 0.142183836854914
0.0111064947081453 -0.0629775245495783 -0.123434406024979 0.0410328870800464
0.0344560849120352 0.0261574466612147 -0.120978621851308 -0.192689502823642
-0.0753528432359991 0.0466507641231619 0.214807266391511 -0.141055400673266
-0.105868502477935 -0.0590513681773691 0.138978185331905 0.150908804320829
-0.0388837512214353 -0.0617440147695091 -0.0975317270081584 0.0799484656970331
-0.049338655211168 0.0439080160014688 -0.104196333173493 0.0927452917924973
-0.10797009424637 0.118345572876164 -0.18841482511321 0.229167813531017
0.0114939684558643 0.123427374089761 -0.0139450214032395 0.265252678664223
0.177846812586105 -0.0749073506461608 0.336411670254874 -0.0582771251834609
-0.011950905730119 -0.31998010406044 0.0135361641052885 -0.464113755744969
-0.309712305378541 -0.190458212276814 -0.25983762665411 -0.0337998878919211
-0.308446517591242 0.146007548736066 0.140105382543555 0.192983848609426
-0.05875903555888 0.251853063967246 0.165062671774085 -0.130649214952596
0.0327171196818818 0.111381133301769 -0.0610965448727271 -0.0699737000609336
-0.0155015073996598 0.0147366023180142 0.0720187578587822 0.11059505376982
-0.00495335832524662 0.00196822001061903 -0.0639203136750252 -0.0908209321047377
-0.00666760575896277 -0.00464079468365839 0.0948760025479602 0.13311036452002
-0.00862287039789712 -0.0203852879234727 -0.141260326536348 0.204246054161939
0.0163024865551366 -0.0195006433222259 -0.183807798604639 -0.167493020355133
0.0509245649815308 0.000754030544523986 0.290924304082597 -0.0303585822460655
0.0231192339489559 0.0316533969222917 0.0795137730492543 0.507861691859848
-0.00556042342293266 0.0108636721337984 -0.361107501119311 0.157598009988856
-0.000404177299306007 -0.015015427630721 -0.0077093640520782 -0.268544755756209
0.005682241953306 -0.0275334753091377 0.21777507179792 -0.232054279144921
0.0116217693693535 -0.0117847428002745 0.143101324709389 -0.0428636171696498
0.0078322707627229 -0.00696634143737768 0.202893837128491 -0.0141780384646401
-0.0138316675193991 0.00250905367407698 -0.0386133143010839 -0.228182837887077
-0.0143105913626118 0.011797102731961 -0.319946189962647 0.070859634895404
0.00481879389802192 0.0182349525577092 0.085521917914735 0.266005389272942
-0.000489544950196315 -0.00498505361777475 0.164921399501261 -0.0434528103755694
-0.0325504320187018 0.0090968734149344 -0.074193309226696 -0.111052873689198
0.0369291942912917 0.117500009285536 0.0689720753981012 0.0746948101122837
-0.0670750542352207 0.248190228928045 -0.123457833409275 0.166308426498834
-0.297871815636073 0.136689936381558 -0.176305308430327 -0.137136903772867
-0.263514969123487 -0.186859001565047 0.259064610706269 -0.0319246521463718
0.0221119713850663 -0.259208680676143 0.0915546295313266 0.444168846785903
0.152339920997227 -0.0471772548388925 -0.30283700644152 0.119534991634577
-0.00428051516019744 0.0952166023625521 -0.001228123469681 -0.248076455955755
-0.0930219025602887 0.0652236706521637 0.207347080115148 -0.229571395436527
-0.0224443479658579 0.00245114847622711 0.136503185159615 -0.0851064337934176
-0.0317423589758804 -0.0765935097948853 0.155710494897816 -0.0536048991406115
-0.140019647570261 -0.0546033182431267 -0.074124641755484 -0.20931609881906
-0.112463055327847 0.0649429661285616 -0.286342290892209 0.0794435621902521
0.0270101827580678 0.0574810253764747 0.101891385404017 0.23643818504872
0.0170162659547371 -0.0471662676513425 0.158015179989329 -0.0497866705087145
-0.0828531089236214 -0.0228561822958968 -0.0941520018657367 -0.146055745345449
0.0208720526276066 0.126029925884577 -0.0223788059339175 -0.0613718227974355
-0.0790907981725322 0.345305779744579 -0.115516473303199 0.0304699681828098
-0.448494121762798 0.237374190442569 -0.138119390770269 -0.0858418051679342
-0.433457613925601 -0.28984593813721 0.14292292872831 -0.00407834082583504
0.058767974259907 -0.402098432686188 0.0307269598472661 0.248008308508187
0.248520384799894 -0.0259906084300185 -0.182352588282266 0.00973274885042158
-0.0024632405544837 0.195090557240944 -0.00215189958193569 -0.198079821167993
-0.163633112096715 0.17653952320952 0.133135266961954 -0.218670822146822
-0.0952177506416625 0.122777917957646 0.0576174641119638 -0.189693143323124
-0.0460798152500274 0.0187383449615342 -0.0365442674704017 -0.145131260734336
-0.118495486807396 -0.00496613882798756 -0.195842034099763 -0.0817482583750443
-0.0577795252025145 0.071719709579016 -0.135363933074892 0.147358498790679
0.0695873122564249 -0.00262232759873898 0.16213053408639 0.143665359363359
0.00750115326883885 -0.107001652898663 0.115138218272881 -0.0560737424351241
-0.132034164010996 -0.10660900424047 -0.092231307274063 -0.148253899317717
-0.0569916759807977 -0.0224725150421321 -0.112900206602586 -0.152122908499091
-0.0468503089338239 0.11565388112669 -0.128268938645115 -0.0914894595974445
-0.243250286565324 0.0871557073751166 -0.100488618603518 -0.055156971377772
-0.203867642265325 -0.239167565737924 0.0146321067667393 -0.0220871701207388
0.164859831910814 -0.237822845018547 -0.00375625581962571 0.0125984557457922
0.22784969927733 0.109729674632197 -0.0493258687437069 -0.0659152847032224
0.00162591012675314 0.269260772888093 -0.0118868124686964 -0.11677735126981
-0.142388454908293 0.281000195545164 0.00467970041193084 -0.141870844005497
-0.0791692067190247 0.30749598741999 -0.0989669031810579 -0.160039073924925
0.100915352462266 0.240463442904903 -0.222028022144614 -0.0684360782044116
0.17383956534205 0.0481004997980812 -0.181570272443315 0.11716448720922
0.137961702543891 -0.0750181825546569 0.0548352632721011 0.175098602008463
0.0793834974682551 -0.157943427002085 0.173488827679499 0.0829401172240467
-0.0418519086660716 -0.168837889219539 0.0709568364001085 -0.0156721931745518
-0.130991268569113 -0.186490712891866 -0.0672302582919214 -0.0921259356679591
-0.0680810323412979 -0.19609068637534 -0.152564032436339 -0.114432484378456
0.0558253058553089 -0.191890645723182 -0.160379201389391 -0.101656392771424
0.168594989207664 -0.126804928529423 -0.0695854039842879 -0.106088992300227
0.218444516681306 0.00400019869914392 0.0567304125211449 -0.101442264138126
0.188804367525789 0.143025162421688 0.0788681192094656 -0.0667509285740061
0.0876830456101752 0.268851101593207 0.032905677094875 -0.0231654903488204
0.00573372611231191 0.298978030426069 -0.022922328391594 -0.0080493968867898
0.0117221157441696 0.280675617061113 -0.0759294755039347 0.000351616271331507
0.108222373700029 0.237011642728964 -0.134176916755805 0.0303985733688396
0.219129731353227 0.127951910268236 -0.122811580786744 0.0895110737573809
0.260356158840242 -0.056689339334431 -0.00955567957653165 0.163687699575028
0.16041173255744 -0.186143208596894 0.116890505929447 0.167413119649111
0.00519178819368162 -0.222956243402202 0.125980047573296 0.129331167745078
-0.102901662120583 -0.176516334187277 0.0646686262466912 0.0687428374961973
-0.068434538942261 -0.191558734464378 -0.0519209158750927 -0.0112944256510423
0.0177809525492363 -0.196666473629604 -0.174560903978089 -0.0407427739107445
0.115993486650936 -0.160242776334053 -0.143488199738354 -0.115313404513386
0.236605999597459 -0.0626369931094732 0.0566947665988271 -0.155706934446352
0.226624446030878 0.183291507430666 0.202626943642644 -0.0541166806535034
0.0402948130362943 0.328703642487134 0.130324558656919 0.0738985443242104
-0.0748052528409699 0.319518016557211 0.0104845473687383 0.109107166816018
0.00897486490079149 0.277070601437786 -0.0240682143975967 0.107426496146072
0.196258316592468 0.14837730087757 0.000249830688439661 0.095847014308569
0.220936262279269 -0.150165035590918 0.0132330844203465 0.0404376554834464
-0.0657828604554739 -0.264114830854555 0.0128508751701551 0.0436776082401616
-0.1768443698242 -0.033993931997803 0.0849308409841661 0.1047960329947
-0.0275572094640947 0.0421438740990445 0.0974192734667294 0.135186736051425
-0.0470636397292062 -0.0778967642238396 0.0804962412821704 0.167378894421896
-0.114888630229358 -0.109382103569089 0.0906189276507288 0.134423999176528
-0.00667921263937187 -0.132944602401447 -0.0769833860466867 0.0404618458779635
0.0625400089608356 -0.057272203799358 -0.174777947726815 -0.0790734995405316
0.00606463564281334 0.0277462742477899 0.0168652258241334 -0.171473437618313
-0.030395029869343 -0.00476145282476494 0.185898130485516 -0.0264411126798167
-0.00211538394331057 0.0588918986010069 0.119442248432278 0.0895323542059501
-0.0737418413245529 0.194299729287008 0.0185419728756345 0.171474028585887
-0.145379535512249 0.239117411463124 -0.0902487957297572 0.210494725748269
0.011019763155113 0.213426296706786 -0.0164003329640078 0.205568709759687
0.263440635782065 -0.0142816761873112 0.183385009137812 0.059431060928845
0.116830415868552 -0.412121367985589 0.0886372083140637 -0.218922126868729
-0.369007604996986 -0.376465454992909 -0.0986027074285527 -0.0515051544324892
-0.469100069292511 0.124178841370749 0.107235051562264 0.136043441732903
-0.115107495780163 0.302294159888067 0.127307258057447 0.0141871049598362
-0.00640235999882328 0.0951114135177811 0.0223690102576394 0.0750661944173827
-0.0677851189260986 -0.0252760620469404 0.097287221119208 0.140847095670678
0.00945894158791097 -0.0642203645151587 -0.122686529318442 0.0450444350643263
0.0355498809676445 0.0265633660740168 -0.123323371146675 -0.193617934786468
-0.0760508014861446 0.0496673597521855 0.214540666554377 -0.143294185782607
-0.108894244447864 -0.0572329379380288 0.140624600678383 0.151358566605799
-0.0412156061935056 -0.0628846423356467 -0.0994627470051024 0.0801187133504804
-0.0497110679907574 0.0437733192015266 -0.104897136650515 0.0935015651574048
-0.106981585752043 0.119075974799191 -0.185764657733131 0.230280556037763
0.0117640790753879 0.124437308223 -0.00990194468138871 0.266383879255736
0.176623185342032 -0.0772894311004518 0.337188838487082 -0.0629675415720283
-0.0161104745793715 -0.322357246447993 0.00797832464243154 -0.465708052740214
-0.315235392245194 -0.186604917192976 -0.259191215301277 -0.0305067063252084
-0.306817979853816 0.150929905248362 0.144383841556632 0.190316431776956
-0.0547980788699568 0.25407901400769 0.162877180984692 -0.134677033500406
0.034078245664045 0.110759271160624 -0.0609245845147072 -0.0682291185610132
-0.0164671173784261 0.0147825737921908 0.0760524558058135 0.10964217703683
-0.00322691750900785 0.00268533345185514 -0.0767112214036859 -0.0828071385921461
-0.0103828892812876 -0.00286923626906088 0.116165469718133 0.117175218247461
-0.0137199760098383 -0.0215018842558056 -0.108682058776821 0.222681487016125
0.0143441917180218 -0.0238301585948402 -0.209164104653313 -0.139620996954767
0.0512518970834029 -0.00494460069681291 0.285160271528373 -0.0762377015106809
0.0255553786724422 0.0267472931295936 0.156486714882327 0.493376243943927
-0.0031071403896586 0.00940533148582172 -0.333954424381791 0.210986778290964
-0.0017517959303673 -0.0144981649493376 -0.0471972614381565 -0.265839507407795
-0.00102203531916148 -0.0275634861325565 0.184073323670824 -0.261612679350859
0.0103271924428871 -0.012656489193022 0.136034976903293 -0.0611898511088055
0.00433744381116856 -0.00786273947055706 0.203373757125159 -0.0412925728782152
-0.0138741721386561 0.00711938571027721 -0.0705402125607468 -0.222227504651686
-0.00914520978203397 0.01580639501449 -0.31052751339522 0.119295616385598
0.00858106104177437 0.0131100054556857 0.124589755536804 0.253900365700535
-0.00531790822502985 -0.00314840517227703 0.160647537232238 -0.0692883436534049
-0.0305046539091224 0.0164329853567027 -0.0915745286008809 -0.0997110933748861
0.0544259995804292 0.111801416565609 0.0805510476422702 0.061490264168012
-0.0326550685295604 0.256574834026008 -0.0993233668825655 0.183748622497799
-0.2741670498016 0.179469165029954 -0.19466123288961 -0.108427779207165
-0.289078919420079 -0.143356905744917 0.253921108269478 -0.0724332336039113
-0.0193602419511337 -0.261292880214969 0.156337529155065 0.425157574866786
0.144145826170776 -0.0704071374452841 -0.282989075474528 0.162261389694023
0.0105912133010678 0.0958928621516263 -0.0348298479619182 -0.247629202330156
-0.0826211572738959 0.0776068783143642 0.173215479319387 -0.256202501282709
-0.0240429894709938 0.00475529553819447 0.123504092227497 -0.101830975458182
-0.0425082077538893 -0.0726737002822498 0.149786634412251 -0.0756395407153387
-0.147994876341245 -0.0305799630999884 -0.105065154675964 -0.198142512115499
-0.0988500466350875 0.0818454181475366 -0.274865462351939 0.121226885344982
0.0367418752616131 0.0481573461578291 0.135307598971831 0.221122514057896
0.0067111795403858 -0.0485537051824749 0.151383094022478 -0.0750048103526007
-0.0847179580598257 -0.0116014568878931 -0.116275925062016 -0.130994449587266
0.0408807811418693 0.118894378545032 -0.0342878827498894 -0.0586501463501533
-0.0287768108922714 0.352533589032929 -0.109485234372713 0.0483636394058763
-0.406034841446687 0.301126402943476 -0.149822763988056 -0.0643269192834732
-0.472680741517795 -0.217774467735709 0.142685337000539 -0.0240535068434456
-0.00247911722093579 -0.405755219496421 0.0638063843940883 0.242933104389239
0.240855262368689 -0.0613883192600081 -0.181823218372736 0.0343130084848039
0.0260979554310723 0.194749335575731 -0.0310454952256275 -0.198506072113506
-0.136756191753935 0.1993853586226 0.101023212750208 -0.237265900211258
-0.0771619200786897 0.13398885511109 0.0329046071212457 -0.194473085005681
-0.0441624868646276 0.0263029400917391 -0.0542386187171499 -0.1390606333499
-0.118671508235571 0.0152956627523006 -0.206825195938069 -0.0549703422179963
-0.0452922427220456 0.079441417788096 -0.11503654018964 0.168918329966851
0.0689668453181905 -0.0146390915062677 0.183197100197904 0.119192608604108
-0.0105743006660325 -0.107367762441232 0.107155051278319 -0.0739510623270055
-0.145721275989424 -0.0856019717070539 -0.117017181308198 -0.133665224570631
-0.0567425581269718 -0.0162948882344065 -0.137830218032418 -0.134358114731437
-0.0278517843965929 0.118080452085692 -0.14191064723554 -0.0732280010950729
-0.225659435614175 0.121016097162486 -0.107719204573688 -0.039072990373344
-0.234384579987917 -0.205778743254979 0.0121244807017117 -0.0222913982493009
0.127405343175947 -0.257987780780924 -0.00464005749672952 0.0141365220967413
0.240898194865968 0.0759754791471845 -0.0598000393819654 -0.0592174966054057
0.0405617277861252 0.266862324847524 -0.0297726882357861 -0.11562112705002
-0.101462633964791 0.298126341602402 -0.0153640764106346 -0.143452289574861
-0.0362185659852534 0.318379300714534 -0.118421461039017 -0.145812219354597
0.134313452863394 0.226282066537371 -0.228964643560204 -0.0371492055494305
0.181669665899993 0.0223081203911457 -0.163634121322926 0.140934502395005
0.126578767655229 -0.0971885376656678 0.0797904408616195 0.167272662943977
0.0516540017464421 -0.169677984494507 0.1857148882299 0.0590134858304116
-0.0651809502513283 -0.159669337886638 0.0688344286701176 -0.025161939611484
-0.158319506809034 -0.164298753496339 -0.0815653970224496 -0.080450124230325
-0.0967932930462878 -0.186406908702277 -0.171615209200982 -0.088226587372536
0.0255509818807127 -0.201563838935405 -0.176681201058543 -0.075994887785182
0.150723640438888 -0.152070711080406 -0.0872613741648124 -0.0929323856073608
0.219754305511312 -0.0277270328912348 0.0388163808535464 -0.11213584129276
0.206576718350088 0.113491812916403 0.0669217396173534 -0.0777225670966596
0.126312185570816 0.254339446064564 0.029739156013785 -0.029902709918322
0.0501273412917836 0.295093684426016 -0.0238660132521481 -0.00558815209700872
0.0522852502090977 0.279126156451386 -0.0743185911070685 0.0112661268486861
0.139503944695953 0.22266489104815 -0.127971023904405 0.048066832578431
0.238202277094247 0.0974290144618104 -0.109760088668614 0.107124104323077
0.250194644039398 -0.096046185995625 0.0124509331470743 0.16421376909093
0.131075988848753 -0.21187488508336 0.139795603107672 0.151558677839298
-0.0292236837674883 -0.225684606435102 0.145726780762462 0.112527667782192
-0.127091968906395 -0.160649377465471 0.0754884174293825 0.0613512431066284
-0.0981038773742634 -0.180337804163498 -0.053485445707753 -0.00106331643683822
-0.012844407903619 -0.20042285470496 -0.180808516230427 -0.0115822745164048
0.0919539965421563 -0.179106520376357 -0.160561849953292 -0.0908379971612593
0.224786932898687 -0.0985134079458159 0.0319048728270693 -0.161376306905448
0.253049297709551 0.148169424334001 0.192073794775697 -0.0866174636718475
0.086442335520426 0.320225678525264 0.141633153864678 0.054134200109853
-0.0276688687586876 0.326186882010094 0.0289316241766707 0.10513284806822
0.0482239102205149 0.273791646478768 -0.00739749942893386 0.109737036016657
0.215153658187775 0.117471222236325 0.0139485733096927 0.0962584936061982
0.196674413947866 -0.178841508104458 0.0193852933311968 0.0386973288494045
-0.101100964116091 -0.253216900872892 0.0180006775248638 0.0441635373020125
-0.178517661565608 -0.0107171455863611 0.103280925594145 0.0931466083780651
-0.0198695822967151 0.0416399457953434 0.120348356031668 0.120016414685627
-0.0574141480968418 -0.0747345523478821 0.106760584661492 0.156231517633194
-0.130563342735406 -0.0947343466094557 0.112541283437122 0.122187231243249
-0.0254292171195723 -0.132593050808213 -0.0713788421998925 0.0540836595103267
0.0543388876098306 -0.0673244272806442 -0.185791870071606 -0.0520218545054782
0.0116522302156249 0.0292884449366077 -0.00915105954235346 -0.172853985095013
-0.0320008269238516 0.00232779921113098 0.181441371432021 -0.0519269884520299
0.00473568776592564 0.0565732841475118 0.131465129412693 0.0715563292296415
-0.0459578145163157 0.200820495746519 0.0440342097925722 0.166126755785969
-0.109929200273946 0.256671168221691 -0.0563441020325265 0.221443888622834
0.0406670319927761 0.209415084233114 0.014804970122302 0.205693674012688
0.257468134742294 -0.0520679880565301 0.189760333590664 0.031343049629603
0.0562717580479543 -0.424027338243444 0.0540868282752179 -0.228957157113874
-0.420879368900233 -0.317813095320502 -0.10505927895571 -0.0340964349238524
-0.446232388668511 0.187415639352062 0.132071234431453 0.119139526199058
-0.069615638411626 0.314783525987149 0.131073812677091 -0.00607148980898914
0.00765986484668799 0.0932444606460179 0.0350480654944956 0.0724783429217697
-0.0720459131633378 -0.0203215145395391 0.120862597492192 0.126063459586993
0.00031107586450019 -0.0661935918872479 -0.115085049500986 0.0639963468345021
0.0414522576593329 0.0209385283840666 -0.151893382875379 -0.175470790254466
-0.0674481902854108 0.0632938255565945 0.192677025416228 -0.176382091975423
-0.120519725446907 -0.0383364812143135 0.163170232945486 0.133529214830668
-0.0522917493522875 -0.0565814441842064 -0.0896741723980574 0.0947366064227575
-0.0439493350209326 0.0492277869423231 -0.090151626202035 0.106140173951375
-0.0906443512436446 0.13371929469435 -0.149028843271578 0.254799269660592
0.0294260509641868 0.120190271599157 0.0289800742114976 0.264107291505231
0.162884956815124 -0.101274192415701 0.322930823909565 -0.112755664122256
-0.064041187774385 -0.31347494858494 -0.0581881735399286 -0.461830056836072
-0.338090936522933 -0.136092719995459 -0.262139374844804 0.00701077917548567
-0.282751226484286 0.192473345589123 0.175722526988421 0.167559547656378
-0.0194527100859836 0.259178402276367 0.143838770438178 -0.161891750728786
0.0519945084265691 0.105226525399491 -0.0704533293302048 -0.0603714977706986
-0.0142860666677302 0.0131090462707267 0.0936404068772335 0.0983165767327943
-0.00301211797278058 0.00316542483794758 -0.080485947117761 -0.0825366117002813
-0.0093737037195242 -0.001701856202489 0.118253838913594 0.114945997149876
-0.0145003334660785 -0.0198827295691634 -0.106722811133754 0.224830264221589
0.0126406009395743 -0.0238767011870625 -0.213007645126195 -0.134947649814608
0.0511509965843513 -0.00636498914377059 0.282061365044911 -0.0827559802593078
0.0250664464239979 0.0274876516486406 0.16575337583759 0.490733898480994
-0.00475482845298375 0.0108391023619866 -0.332160553021211 0.217903029482085
-0.0031696549519395 -0.0156275861687624 -0.0489849200040319 -0.266597013618597
-0.0015403000985133 -0.025764040899401 0.180612863373672 -0.263342099893292
0.00909404296977646 -0.0132672938384608 0.134006024842112 -0.0606588411341988
0.00357822214033726 -0.00777461323984284 0.206018517925681 -0.0461281024366782
-0.0136697841675697 0.00731615093003079 -0.074042574986352 -0.223205177889896
-0.0107687254887245 0.0159323670389604 -0.308767386980703 0.124947330573991
0.010087730659174 0.0142270336774424 0.130059759541055 0.253969194703994
-0.00638327018342709 -0.00256275875308418 0.159935358353093 -0.0740619387462268
-0.030511031701191 0.0155960397280541 -0.0959569209655829 -0.0989036873785096
0.0569895705967909 0.110154173240249 0.0823108660009931 0.059453320403432
-0.0251330631571347 0.257139194402503 -0.094494469340194 0.185022337571114
-0.272322476631148 0.184683209738196 -0.19753660901699 -0.104324569205059
-0.291857166054266 -0.139583851524474 0.253185214737271 -0.0777854004669141
-0.0246666220538293 -0.262014338408846 0.163612604330712 0.42367631575635
0.144071679117419 -0.0720716415015065 -0.28261950175505 0.168194421622494
0.0112830961882602 0.0951782710198675 -0.038598988463441 -0.246832513022015
-0.0831443246528775 0.0801183376358802 0.169786143404811 -0.259859650007062
-0.0223879074440637 0.00307856842653762 0.123760203086265 -0.102854770746738
-0.0444089494172535 -0.0735506304208702 0.15206438338904 -0.0775180620278769
-0.149556495805138 -0.0271327858877621 -0.107892962459228 -0.197145413771165
-0.0978544594413282 0.086707776272996 -0.273176240151777 0.127829718955695
0.0386433180035859 0.0488354913300012 0.140069942224463 0.219329178849383
0.00564149129061175 -0.0494663518117874 0.150904395468856 -0.0797609743143803
-0.0850541116134752 -0.00793070275554922 -0.118999429195507 -0.130949766919648
0.0421341688948105 0.1199986591844 -0.0346015249668053 -0.0589622789826985
-0.0183145220506935 0.354392764746772 -0.109635950768626 0.0476465904333633
-0.401614313896767 0.309802439510937 -0.152428183245338 -0.061620499887361
-0.476013549614407 -0.211591937981894 0.141932268648561 -0.0280734479273758
-0.0107982133359417 -0.407432974548142 0.0676240325655556 0.242590562780365
0.241205566408757 -0.0648145830609152 -0.182312179912037 0.0367872361496829
0.0279348075420914 0.194246336376608 -0.0334904084754423 -0.19748780068376
-0.133930631705301 0.20155541828549 0.0968578870341315 -0.2381298585442
-0.0749119404579008 0.134551047162325 0.0305336243686892 -0.194668097468555
-0.0425213609644827 0.0246930196936042 -0.0559201392711286 -0.138352011254134
-0.119944133204164 0.0181309323404053 -0.20677934397447 -0.0525052907507887
-0.043662393219436 0.0837868184974039 -0.112593390290331 0.168898732539654
0.0689336668483492 -0.0156276591153323 0.185610425270235 0.115411910382625
-0.0110446034605243 -0.109203147900489 0.107041733838299 -0.0776053143845482
-0.148021627810907 -0.0829959296379049 -0.118977991560244 -0.131592646786336
-0.0586532346366232 -0.0168240521850367 -0.14171865029389 -0.132617887188012
-0.0237341925715876 0.118714236955259 -0.143763884828911 -0.0713256936995131
-0.223453625959167 0.125107443867009 -0.110467781456069 -0.0360333088769813
-0.23756363263199 -0.202301336889062 0.00995547004805857 -0.0229318068086506
0.124476261778497 -0.260362219198882 -0.00590719440696537 0.013434550814049
0.242643172034101 0.0721857240941839 -0.06164529557684 -0.0611568028548551
0.0451286768315255 0.266895312172945 -0.0310431578857791 -0.115550009616197
-0.0958738767648034 0.300378255925532 -0.0173735630153328 -0.142763632596637
-0.0291693312127463 0.319934486934969 -0.11996898237452 -0.142949102084534
0.138733211353984 0.222321550647706 -0.227606790608836 -0.0332345555560032
0.181060366434059 0.0191204982264422 -0.163054457894914 0.143446530036476
0.125055258534655 -0.0983092881067184 0.0805087489189283 0.164994534034683
0.0512382149521318 -0.172764541719285 0.185503620034189 0.053807549634404
-0.0682761048907557 -0.160223029740492 0.0684528910230165 -0.0279091664850879
-0.162266016073144 -0.162677449396406 -0.0820217285584625 -0.0790964275876052
-0.0990505532906914 -0.187404614800654 -0.174933397336562 -0.0841171621426644
0.0224927165720624 -0.205234268920934 -0.177869553811786 -0.0733173724512827
0.150483061104379 -0.157179043996203 -0.0896869511839443 -0.0905067397811405
0.219870923383295 -0.0334232394571121 0.0371289031954621 -0.114142588844323
0.210970730662566 0.109075186766766 0.0648900145181736 -0.0783615313030267
0.129731118419365 0.251104048867015 0.0288270010384234 -0.0272873829916051
0.0548852617015933 0.296503920148643 -0.0252396773617477 -0.00417598527921928
0.0544217119741531 0.276568086025325 -0.0738052926140585 0.0117805861096285
0.144432459779055 0.220849956157815 -0.12706427976652 0.0513078835670205
0.240420164042324 0.0919880097692819 -0.107021939930283 0.110063211085371
0.252967273653996 -0.102113293211119 0.0155445148986809 0.164622997482262
0.128454581105427 -0.216785503704149 0.142650246427429 0.149776889462794
-0.0329247268491842 -0.226110075858618 0.148191967868007 0.108378075194744
-0.130965580331517 -0.159426784372121 0.0762999882357426 0.0591265960076352
-0.102531511120477 -0.181143333045972 -0.0521113510183284 -7.67345098343427E-05
-0.0157967308535603 -0.200946293795529 -0.181064178680139 -0.00508745893299336
0.088127136876056 -0.180525146902535 -0.163858114979943 -0.0872618133906957
0.222466374201497 -0.100934146121342 0.0288109325634257 -0.162599016955694
0.253744508628835 0.14298163065642 0.190277444299891 -0.0880974277995568
0.0916882999268313 0.317895295285043 0.141971617783893 0.0518122884103754
-0.0237232317738882 0.326447699347756 0.0293890669628602 0.106394338032803
0.0520547889660826 0.271536446125541 -0.00552453994416992 0.109242903508061
0.215613071647993 0.11504407205948 0.0167464004763865 0.0977419444230701
0.194432554809871 -0.184048565954316 0.0187201561527343 0.0385402974423184
-0.105957714230008 -0.252490488653256 0.0187768169264707 0.0459731558357897
-0.179535920457275 -0.00902539388728663 0.106084720883834 0.0901005588859697
-0.0196197285422085 0.0400054692143359 0.122078320327853 0.119452370389559
-0.0609056652111473 -0.0729426331437356 0.110406452671261 0.154455809193927
-0.13289799807703 -0.0928156049428932 0.115230689630125 0.119854034120939
-0.029809887774408 -0.132896044937661 -0.0684862024580157 0.056473376642907
0.0531366583227066 -0.0687453353347228 -0.185922550480336 -0.0478804471913138
0.0104038340172537 0.0302218924211838 -0.0111809965484393 -0.172576832592552
-0.0348947119200193 0.00383365159886465 0.181432437147367 -0.0526550405576628
0.00304960815496221 0.0563867278121936 0.130445000770401 0.0708275055322408
-0.0434055578618636 0.20214926509832 0.0475645415570062 0.166408999852794
-0.107116418148182 0.258658349005212 -0.0514513983138568 0.2219668031773
0.0433134042212558 0.207048073921942 0.0181976480730644 0.205634607340644
0.256630665771864 -0.0555344350412586 0.190955859082032 0.0294073235191487
0.0491959054109204 -0.425210733881974 0.0523762805187017 -0.229999044444018
-0.427205171770147 -0.312087938846347 -0.104874609268483 -0.0321390126536105
-0.443350364111824 0.197086462268341 0.135101583536942 0.118156815464364
-0.0650558317689941 0.316414770193209 0.13215897928691 -0.00860274523340292
0.00887370936501363 0.0929053037133115 0.0375389181436074 0.0721677898114498
-0.0724571027882443 -0.0178619819676132 0.124558687822109 0.124925132625418
-0.00209593847394886 -0.0659241961903486 -0.113911845917425 0.0696689174484332
0.040726334426269 0.0198259011515605 -0.154413783929303 -0.173415818059733
-0.0669474430112911 0.0660131555130325 0.189966589214864 -0.178658032886448
-0.122456224699729 -0.0351438197423559 0.165262279041994 0.130689005779951
-0.0555207079236721 -0.0582125566993511 -0.089431881637434 0.096370920164852
-0.0437156594849263 0.0505309397394656 -0.088603957134868 0.106881850957535
-0.0879087897233408 0.134421764672702 -0.144871247366335 0.2565392545996
0.0294538482746432 0.119590455722282 0.0327749731571963 0.264092317379943
0.16137182861976 -0.103535589422197 0.321794246117038 -0.117442839111616
-0.0716247087119077 -0.312306359880902 -0.0662267594252989 -0.461906982069229
-0.340231969021821 -0.129454140729637 -0.260934245703001 0.0122363794393403
-0.279486212496966 0.197980336120234 0.180297209501671 0.162585280379216
-0.0146370092849483 0.260452600779302 0.14082216161057 -0.164701955382565
0.0522274271435517 0.104544633365737 -0.0724563659879137 -0.0575173673563954
-0.0142377148349145 0.0136174084332449 0.0971845986481157 0.0963821175398703
-0.00449241307385923 0.00357292165524161 -0.0840782251459666 -0.0823057734064882
-0.00971623564115631 -0.000713601510390417 0.12211974645142 0.110124252908301
-0.0155615294860302 -0.0173465018222926 -0.101079176008493 0.227484146390746
0.0103942053704006 -0.0225286298633934 -0.217536584174343 -0.130670589824635
0.0500642787606611 -0.00772466887655499 0.283565123324155 -0.087350600461765
0.0239199566268425 0.0266911379074489 0.174700125170884 0.491126455936025
-0.00472215830726649 0.00998602401792015 -0.328763507982768 0.223876085912229
-0.00288304237670212 -0.0141611737962956 -0.0523118979826016 -0.265903932953456
-0.00411538154857134 -0.022028569141015 0.17763860509469 -0.266953512281955
0.00777459375788991 -0.0145839302433942 0.1349657545148 -0.0620681927249987
0.00436057717511219 -0.00762817096645345 0.207938549438799 -0.0492498037911783
-0.016460669492095 0.008076101503762 -0.0762621895665926 -0.220974692808122
-0.00955492378584699 0.0171058240802914 -0.308008915868061 0.131804004006051
0.00867573964050709 0.0134435432667036 0.136003417446027 0.251750853369358
-0.005692129995088 -0.00438266228415166 0.162484003550655 -0.0769852915507739
-0.0322100184962166 0.017846404799858 -0.0996102029135958 -0.0984621720439289
0.060085568381112 0.109657500733847 0.0846842881814771 0.0604629030185905
-0.0205522124243168 0.260369450120311 -0.0902990771379378 0.188987840312092
-0.272128463520397 0.189361196176194 -0.201524745029858 -0.102217214563203
-0.297513267126768 -0.133078438156792 0.253813696121904 -0.0837657844745539
-0.0308280344926785 -0.263346914401702 0.171571282166618 0.422957798899527
0.140666470024268 -0.0756128263077549 -0.282799811808664 0.171989759936547
0.0103614775597271 0.0959427498049101 -0.0404261346598307 -0.248523981075249
-0.0816462305568096 0.081954258164022 0.167027654650712 -0.259752197304961
-0.0221059933011586 0.00395574211296409 0.123970746778426 -0.103719921182322
-0.0457367444229909 -0.0747984634688677 0.155395999422252 -0.0793206768672749
-0.15304951055616 -0.0235679163238403 -0.10780414216319 -0.197880091691218
-0.0974564382416857 0.0899359464678883 -0.274585317142762 0.132649223922508
0.0381081594952669 0.0506344253706248 0.145390923017145 0.217831915245957
0.00401363771181146 -0.0501203793261233 0.150090484799975 -0.0851103114542344
-0.0862919331762789 -0.00656953650675215 -0.125235277694148 -0.128779849197319
0.0458195778337843 0.117310577319086 -0.0395193043041685 -0.0599014861103863
-0.0110728762763815 0.359053475354914 -0.109386542995203 0.0512941382918647
-0.400683963430962 0.318819291754869 -0.156437308621842 -0.060221355917046
-0.481343883444483 -0.20387053245693 0.14198339449888 -0.0300222853500707
-0.0178496488371129 -0.408738341036818 0.0714726092532069 0.242848390456664
0.239938412524445 -0.0689764025717334 -0.183871379583367 0.038094454346238
0.0306870966706039 0.196352470283358 -0.0329011353357957 -0.198671878445786
-0.131225229269857 0.20406793571811 0.0932704007852907 -0.240248306076471
-0.0708918057508351 0.135559635164323 0.0277718877839491 -0.196237839933633
-0.0427248076994601 0.0256420493789016 -0.0555394962598628 -0.139978859886156
-0.119732305501046 0.0199467493116907 -0.210217101153178 -0.0496658191116361
-0.0438650818004569 0.0854243632033485 -0.111281524038476 0.172546083792393
0.0691345187508045 -0.0173066654922279 0.189091972428658 0.112596060267476
-0.0114574299913555 -0.107433934900852 0.103793417548753 -0.0807124230031084
-0.15047450265416 -0.0805744103328547 -0.119734682375404 -0.12945761689154
-0.0600133775377742 -0.0174699911797517 -0.148117806080396 -0.129931826528181
-0.0201382857620153 0.118349522197 -0.146623561685651 -0.0707935190026936
-0.22171177001213 0.129026864458456 -0.112684490769486 -0.0356215604900211
-0.239888077077904 -0.200036968684895 0.00874566612168008 -0.0233188419377806
0.119045740951977 -0.266995977528156 -0.00623058974594774 0.0127009474357817
0.2457407739248 0.0698925955051248 -0.0636694449662297 -0.0589832651592819
0.0490345854682689 0.268537367516656 -0.0322608567628553 -0.114679664810694
-0.0933730724167298 0.304267815095851 -0.0217420326277128 -0.143908228111736
-0.0269431815085928 0.321969726480535 -0.121915834352069 -0.140701919786938
0.143048224012389 0.222556314991027 -0.227868546511016 -0.0304843910346796
0.181949434856652 0.01549161590673 -0.160359217083492 0.145718507117226
0.123997541283313 -0.0998175245394919 0.0835395588159845 0.164594408530178
0.0499357178079999 -0.172744686423064 0.188127941577446 0.0517208351876296
-0.0709491950502393 -0.16160092068625 0.0652909005367992 -0.028443778254596
-0.168255804957182 -0.161159789269381 -0.0829559421442644 -0.0785991250300144
-0.104581414740852 -0.186727760350195 -0.179234600223897 -0.0808448089830221
0.0205540690130507 -0.207034782580341 -0.179639139840289 -0.0696690492446398
0.149831177028504 -0.162634842835951 -0.0899572737320107 -0.0886108394081846
0.22229631372203 -0.0348186460735297 0.0357642753911357 -0.114081078017127
0.212168204144486 0.107135071274086 0.0648118549131143 -0.0787473995515623
0.134392903808845 0.253492803198081 0.0300573013302355 -0.0274249970239039
0.0579539747803399 0.295706149293855 -0.0225463323659022 -0.00291619351445018
0.0574761912762848 0.280246112230532 -0.0747010273612966 0.0130631032427953
0.148238422683585 0.221589845020888 -0.126113530343033 0.0524677359188811
0.243408256818451 0.0877229574015559 -0.104909218547307 0.112631659668089
0.253253104501729 -0.106451090207694 0.0170643228486531 0.164424961951252
0.126085940229899 -0.222708438137688 0.145638868190645 0.148288917274582
-0.0349591665468899 -0.227126212125033 0.15146369487217 0.10717457173052
-0.134917373072714 -0.159518105385796 0.0761624361124891 0.0555113558639152
-0.105740410808046 -0.182104487477702 -0.0514230966053091 0.00107479939285096
-0.0212169630893652 -0.204649027799447 -0.181527935192998 -0.00123902398495953
0.0857855332277309 -0.180609282398784 -0.165416202161818 -0.083199293708865
0.22217116897466 -0.10796503546243 0.0275745206383467 -0.159268934849151
0.258955913219742 0.139506963080354 0.189246616734038 -0.0907911912364636
0.0947088008489412 0.318255117967314 0.144858889564754 0.0526672390367658
-0.0202452028254845 0.328821813150511 0.0324390741394834 0.107969803288594
0.056797918866873 0.273925858717107 -0.00190271887453431 0.110994870334185
0.215487419157919 0.112771174020484 0.0190134184279249 0.0960178068398454
0.190890391121517 -0.18649168911132 0.020097827958917 0.0392403292309347
-0.110271447986091 -0.25005338424464 0.0209764350287047 0.0475242221617174
-0.178330207455631 -0.00688961104499132 0.106934442828363 0.0907523104022085
-0.0191894602003688 0.036927348032283 0.125023451981957 0.117664904797319
-0.0623833840193128 -0.0726950128685616 0.115453374381764 0.153399803705745
-0.13630443023627 -0.0913120892013104 0.11892468071731 0.115607425020272
-0.0321982818977082 -0.135093020272699 -0.0662463724787249 0.0584162142321649
0.0516248383237877 -0.0697013435676975 -0.18663317859122 -0.0433113151952899
0.00999501091640392 0.0299813415371889 -0.0146108784303261 -0.171934754648675
-0.0377581021135878 0.00492795125580027 0.183783401676214 -0.0546434281842912
0.00108381502104952 0.054141761436454 0.129162083865114 0.0703582062245941
-0.043868996290504 0.205259169572832 0.0492268766478451 0.165090092600702
-0.104720180352002 0.260790530938177 -0.0489507524872144 0.224035597768886
0.0447119083278851 0.206200775827886 0.0201256404472552 0.207526580246898
0.255384712198923 -0.0612744721880795 0.193584850777416 0.0273557301715756
0.0426428503404994 -0.428044977034197 0.0490844842112497 -0.231581708696397
-0.434818536196071 -0.308070817126309 -0.105686606957706 -0.0302440622406963
-0.442707849671309 0.203772289273448 0.138774023176373 0.11344680571764
-0.0598859051611036 0.31607049542768 0.133504252554474 -0.0107810606511632
0.0104261534045629 0.0935287435678303 0.0406704711427533 0.0733174341446967
-0.0745623118560199 -0.0164073504651184 0.127039278618324 0.124106704527811
-0.00550938361829211 -0.0650705998341463 -0.114341900327953 0.0724857145170447
0.0420595481039096 0.0211655386743735 -0.159070386637059 -0.171787706089868
-0.0658001474123325 0.0697695828091691 0.189881287737853 -0.182481558017616
-0.123725168603157 -0.0345819605698669 0.168364639531752 0.129587183493093
-0.0586040961291601 -0.0590397020452547 -0.0926904065723263 0.0977523885982179
-0.0442236863448438 0.0507956737641217 -0.0884529107256399 0.107264067444447
-0.0879827341648074 0.135679649106 -0.140308763724072 0.25739630400258
0.0297093675343489 0.120270260956273 0.0349743433511888 0.26515472657197
0.160388894676985 -0.106939929959293 0.320513906782281 -0.122646244187845
-0.0775013152395378 -0.312334226845058 -0.0729175187000623 -0.461253826995404
-0.344111930729831 -0.124510780055282 -0.261658375153555 0.0155816837614757
-0.278366064129876 0.205614266365032 0.185810839743354 0.159246612093874
-0.0102521304920303 0.2608854450314 0.139412466221297 -0.169064692306885
0.0544773271691915 0.10353070772164 -0.071906745969748 -0.0552014732069094
-0.0157723069149291 0.0148256242736257 0.100830375783996 0.0944875436987063
-0.00148197475654443 0.00537710290557079 -0.0878324988238599 -0.0808404445963163
-0.0109570340481002 -0.00150406292754565 0.125413181618872 0.112018179341331
-0.0168381611167384 -0.0184552151073048 -0.0971221791616085 0.232185843864175
0.00824470555347801 -0.0238824426672206 -0.222031222530836 -0.129390700235323
0.0499657355787347 -0.00908234176513127 0.284042918832942 -0.094760500476238
0.0259526311376423 0.0283382756200042 0.184217695894155 0.4940217099376
-0.00690729867244405 0.0106927010220896 -0.327576946424073 0.229453042060276
-0.00487994084246646 -0.0168238148237229 -0.054135865651682 -0.268618508169425
-0.00591915978670045 -0.022134703926705 0.17896866557441 -0.269043771783536
0.00848218253527372 -0.0135023865468707 0.135598960761626 -0.0632623582409529
0.00176743141526033 -0.00861370750594076 0.214023333236745 -0.0504696296570073
-0.0142874468249813 0.00788613447558384 -0.0792314750194567 -0.224484738386889
-0.0103115471626533 0.0166953897542741 -0.310333801467308 0.137423530094255
0.00938653649202174 0.013533071949484 0.14028267453364 0.252984289677742
-0.00633412471701158 -0.00180123808292238 0.16254959568117 -0.0818272314894128
-0.0304481201012305 0.0180612561489363 -0.101993488095629 -0.0975624427434533
0.0603096492891726 0.110138881548993 0.0850131446545589 0.0572772912053746
-0.0172887023769356 0.261900004422795 -0.0884759311159 0.191383059658735
-0.272376957558513 0.198376450030138 -0.208248146214525 -0.101284128257573
-0.300930399512211 -0.134057839943794 0.25250161754363 -0.0889051834586603
-0.0342993233665155 -0.266615858690852 0.180389662505987 0.424969308313161
0.143848315617107 -0.0782487703235775 -0.281527850686096 0.177195793621167
0.0118790365087048 0.0957041410162608 -0.0424524535439642 -0.250215443909027
-0.0816173264708588 0.0823496318566079 0.16754010330847 -0.264657638725253
-0.0228043707909598 0.00218382095121542 0.124357857271479 -0.1042801020274
-0.0484274333874028 -0.0761718029545261 0.158181465227112 -0.0821146200402948
-0.156203698163268 -0.0231270988109347 -0.111434153277647 -0.2000898621913
-0.0975102663201182 0.0936398173136366 -0.276504686709197 0.137961971897738
0.0426496639714918 0.0496696734033403 0.150275502397894 0.219565774467669
0.00466511357008561 -0.0517250359201749 0.149861267141307 -0.0892894185369077
-0.0873277658037553 -0.00654496774822164 -0.128584919164551 -0.128057327620341
0.0480416668829789 0.119114472190428 -0.0401634005625845 -0.0596134763847678
-0.00500610187893541 0.362149460969759 -0.108519145459705 0.0517460506190674
-0.398101679159715 0.32887825009261 -0.159617219409813 -0.0581566537134494
-0.490229528497836 -0.199783739459051 0.141364200182586 -0.0351136691614725
-0.0207539133835776 -0.415918460564183 0.0761718431235819 0.243802362188686
0.242682652258252 -0.0715470482092918 -0.185443226471132 0.0411837059745955
0.0334237061250625 0.196072735805667 -0.0368800384487107 -0.201005548065563
-0.130958802743663 0.207222450766292 0.0925867252246984 -0.242169745994329
-0.0704000206158592 0.134988006369302 0.0293101055498765 -0.199255792614811
-0.0423562614936863 0.0240803154183149 -0.0550580065062423 -0.140261614160419
-0.125602696088593 0.0245506762503727 -0.210979280345333 -0.0484160567417349
-0.0424651511707881 0.0904866773325615 -0.112702839074111 0.174217041326101
0.071245552745457 -0.0167255012229323 0.193068618179782 0.111462418650131
-0.0126953387472444 -0.111101564955521 0.10394918859612 -0.0842505671201533
-0.156212423097288 -0.0798151141003313 -0.12544475918174 -0.128179836910858
-0.0595386493793389 -0.0149428151518319 -0.152072652299486 -0.127932330171454
-0.019344908987455 0.119305279445655 -0.150954697942414 -0.0667618237849604
-0.218348407521452 0.132560536197741 -0.115268490156227 -0.0326991205159528
-0.244805768510103 -0.200864003601859 0.00773371171425018 -0.0254609655745614
0.118895191882511 -0.270985177309344 -0.00751265873741657 0.0148904693722699
0.246773618645547 0.0677988244305675 -0.0660727608402529 -0.0593678817284372
0.0537981279666525 0.269566342384646 -0.0356098926281031 -0.116368874900346
-0.0895690951435173 0.308881097045583 -0.0226755003982683 -0.144814483501305
-0.021464852574259 0.325318123568784 -0.124394848473144 -0.141104145610139
0.148309229684106 0.221424446660517 -0.232911093405328 -0.0273111844684195
0.183861407372321 0.0138846204277537 -0.162398405222063 0.148074447301034
0.126161132290998 -0.101676773921424 0.0856370019161271 0.163443861854231
0.047615905077588 -0.177920626467669 0.188611594335753 0.0477871489716699
-0.0738726010208696 -0.161675746162526 0.0642497561434962 -0.0307784889315143
-0.172546972701324 -0.161128540019118 -0.0852968244686094 -0.0762945460850899
-0.108914011510573 -0.189399562320352 -0.181096671114083 -0.0772817813136565
0.0169539657555436 -0.211398871305949 -0.185549554940842 -0.0687882627712254
0.150607515382053 -0.169214028850093 -0.0956980848663271 -0.0872736448390913
0.227465349760605 -0.0407990336169258 0.0321379226984493 -0.117550454122605
0.215448555520846 0.107075072683541 0.0651910190312054 -0.0803761796059104
0.137148625843372 0.253309520848497 0.0279461791188378 -0.0294268254599483
0.0617634351377744 0.296981742012461 -0.0270802823828385 -0.00183638543270666
0.0603835510301436 0.281385055603928 -0.0739189009405425 0.0158254407798491
0.150661015969915 0.221072367586556 -0.127219166249563 0.0564953091199417
0.24984725374606 0.0862800176403815 -0.105800128958318 0.117149696745532
0.253470434714166 -0.112674840890829 0.0205086081246838 0.16538135308773
0.125569850020211 -0.228132497962098 0.148506699422389 0.146988809579373
-0.0406768131484613 -0.23187569785897 0.155095834891719 0.103722136947203
-0.137588030883156 -0.159560691862002 0.0774487185755911 0.0561140151393804
-0.111585776138043 -0.182508487825808 -0.0499048423274296 0.00147675774301217
-0.0230259363472868 -0.206711657072496 -0.182173906998321 0.00267863135090191
0.0831626740268826 -0.186517149403256 -0.169692424660727 -0.0803537526437046
0.222935349482551 -0.112662112052195 0.0266778948133101 -0.160999077810258
0.261286477041295 0.137280050342723 0.188599031488425 -0.094058019194046
0.0993342556235002 0.322000843561862 0.147657628679126 0.052371096783503
-0.0182325953283043 0.333456454470398 0.0341514689744964 0.109878094902982
0.0591816677393131 0.273095565555509 -0.00214917586068673 0.113525513782522
0.219343551557921 0.111633700513051 0.0229274560946929 0.0985445250743205
0.190811841770274 -0.190597995402695 0.0214365393222299 0.039882868431949
-0.113332412132873 -0.253150954802847 0.0228678294981412 0.0481857573090033
-0.180857042597757 -0.00619613119788136 0.111189046048806 0.0880732584665058
-0.0184042240643896 0.0375605182121858 0.12884019850328 0.117856202904918
-0.0651576571532305 -0.074467927102827 0.119733373080621 0.155073257006396
-0.139539577800515 -0.0922809371549265 0.121906462102482 0.117440769638933
-0.0362461677318856 -0.136653796662693 -0.0668455157157412 0.0609391999063675
0.050697332901413 -0.0698895713638301 -0.188213225309743 -0.0434970766714486
0.00939175719297567 0.0334172994678542 -0.0151655094874116 -0.173288898464547
-0.0402344113848739 0.00515990922301221 0.186993537953037 -0.0568499987487655
-0.0014695684026603 0.0555867777593416 0.131027668000576 0.070255320920308
-0.0419605965560921 0.205408930166885 0.0534914780242068 0.166896590611192
-0.103457638164242 0.264911410789657 -0.044904315423403 0.22642397390663
0.0468458759185626 0.208120734626167 0.025311838882704 0.207168283155557
0.257512165107968 -0.0627197554427242 0.195542140616682 0.0257155920045376
0.0373758063345303 -0.432754629987543 0.0470814879616988 -0.233807432848288
-0.444527445820932 -0.303787448813974 -0.105179875818264 -0.028924481568069
-0.445871900062761 0.216528892646941 0.144068593519784 0.112708244484132
-0.0572136439181215 0.320724011238383 0.13473408968887 -0.0119823626052977
0.0106802072549443 0.0940593305047663 0.0431312200861491 0.0740559389727227
-0.0784158429966702 -0.0167411017132199 0.132796378849223 0.12293874735443
-0.00665730008611369 -0.0671305263218489 -0.11335419047158 0.0771951891971121
0.0410759103305092 0.02029120932438 -0.162616759431301 -0.172234940778191
-0.0675241147311607 0.0724161916604695 0.191222115439806 -0.187204766476825
-0.12799470118644 -0.0316575378263843 0.17533885897107 0.13049485884264
-0.061675417832965 -0.0578127360909225 -0.0928019521942077 0.101024760824201
-0.0438030665596212 0.0517648496066546 -0.0888139020216642 0.10702900693107
-0.0869460703988536 0.139171488000478 -0.139427598735086 0.261169725059458
0.031441430985984 0.121871205371553 0.0406055298483127 0.266118473333139
0.161252941224494 -0.109330747660357 0.323516219530763 -0.12766077986357
-0.0816561697350493 -0.315795897949787 -0.0791039785706287 -0.465860774626044
-0.350166430133684 -0.121067600345798 -0.262248775390888 0.0187432457073909
-0.27834995782687 0.211373640304792 0.189909193895065 0.158219968539537
-0.00717665539895332 0.265935024912624 0.136756018912579 -0.174771538655085
0.0560587750999153 0.103433313284929 -0.0724375860316842 -0.0543497300617839
-0.0162669246964946 0.0132011632077315 0.106689454384578 0.0949184538137568
0.000203177781201657 0.00546032053870802 -0.106067053651567 -0.0624951832378671
-0.0136406425332305 0.00276704088456762 0.148603339946544 0.0832817268031668
-0.0231497231078886 -0.0157454554363637 -0.0500381245863954 0.252269462740373
0.00528469995058412 -0.0270968300371556 -0.250527664582799 -0.0822649467431787
0.0482321789825262 -0.0164017191676551 0.260697257904196 -0.153009544717472
0.0253624970113262 0.0248062336960886 0.284094079039346 0.452185533086871
-0.00454890553076805 0.0117344765153877 -0.277792572246676 0.295211139833744
-0.00649324482916548 -0.0146875077344781 -0.105576918608075 -0.257086068817323
-0.0094072192378981 -0.019050826124721 0.12658082842795 -0.304811849480894
0.0030645037316043 -0.0151200619674534 0.124253289346142 -0.0875295736354097
-0.0039393782688915 -0.00793343970597061 0.206431849481866 -0.0931857972741541
-0.0115088849603659 0.0147371497735292 -0.124376814762933 -0.211228745474422
-0.00100310412739499 0.0177097200475386 -0.287209364080246 0.202915277664298
0.01180002075565 0.0047222077087907 0.19338332351695 0.228427948265233
-0.0106535835061483 0.00360183285001378 0.148042567055371 -0.116437048947764
-0.0253694215462007 0.0248692424024529 -0.123620593813057 -0.0759513819086041
0.0805601831811616 0.0963626594990569 0.0970578210244589 0.0377881862786277
0.0348443809800004 0.263379629750528 -0.0494172868413493 0.207973310775082
-0.22703576699447 0.251947586161195 -0.229759206141398 -0.0582757056391711
-0.324739640998847 -0.0668346069355357 0.23320139174701 -0.141283607567388
-0.0895439038472559 -0.254477274601716 0.266492203010898 0.387263352711113
0.126238110107235 -0.106352431805747 -0.243978915274132 0.232489163083679
0.0322561274939801 0.0934801836824127 -0.0902013175656901 -0.243357137773821
-0.0652047691733333 0.101174740588286 0.11400549581489 -0.297515491983187
-0.0234361516056003 0.00619202322994922 0.106398650625054 -0.127456246298771
-0.0652042940384142 -0.0652819144216199 0.143319702126295 -0.112817791793534
-0.157977069036272 0.0128647310397833 -0.153864365220463 -0.180057192200274
-0.072750128936684 0.112601441358677 -0.252983452415056 0.195091521377675
0.0496930433195025 0.0365331166211927 0.197322153597324 0.192674752043671
-0.00929155521949912 -0.0489687760061856 0.135168858903258 -0.121571174145006
-0.085977960999311 0.0123412546216197 -0.156493481050654 -0.101144282492837
0.0703797325359003 0.108569787155751 -0.0540016719891954 -0.0534731533348506
0.0703571780565291 0.358698791682386 -0.0992677887696739 0.073755674326805
-0.323762155923437 0.405834064236583 -0.170525327348186 -0.0260764302954251
-0.525463767950016 -0.0944460242272007 0.135790754642293 -0.0642578080713189
-0.105813717782664 -0.404687385633179 0.12401987286124 0.227021751642255
0.225281145060807 -0.118917926898955 -0.176872279612255 0.0789228993509912
0.0701241259466145 0.189480453871066 -0.0758812639548611 -0.193328505565554
-0.0893129409687959 0.232403615169052 0.0432577717336748 -0.260667228966024
-0.047173561294697 0.148998743201117 -0.0084794768833404 -0.202693741691875
-0.0372712658451927 0.0331269813959268 -0.0824749901419775 -0.129955338625489
-0.118299001443943 0.0528127653517457 -0.224111562837272 -0.00915201993110197
-0.0209676707210546 0.0971888297796646 -0.0786240250672062 0.19756095720522
0.063976440622722 -0.0332448850517987 0.215700481667479 0.0727571178575574
-0.0389059469552046 -0.106651711011228 0.087976549031001 -0.10744139472488
-0.170407693092427 -0.0466484524152811 -0.152704666713221 -0.103135239267283
-0.0610522596679501 -0.00564061955260729 -0.179577554576268 -0.0968997263514472
0.00566875650504643 0.120262251418422 -0.165676242653724 -0.0367445383664861
-0.188208103329125 0.173477782813496 -0.12177257961814 -0.00918697886536886
-0.280108873636766 -0.145543097889261 0.00289681815186809 -0.0277212551997565
0.0638080766442016 -0.289101332278661 -0.00467187159812378 0.0143627129769672
0.258483144634378 0.0195837931991763 -0.0774185058457516 -0.0469006091936585
0.104289848937579 0.255076216855052 -0.059280585466224 -0.108012953413632
-0.0283265450295836 0.322489979429964 -0.0522441485289914 -0.140499919811046
0.043731305137771 0.329097710380075 -0.151684466387459 -0.117718793715143
0.193832851504854 0.188752741196187 -0.238382353761143 0.0174691215963826
0.186663193195495 -0.0216162438035643 -0.134810779371815 0.182413993981711
0.104450767611174 -0.128722648915376 0.120836663132904 0.148805692394029
0.0080646444344323 -0.186126520244495 0.203544311436781 0.00798567752879065
-0.106559413922606 -0.146572284987876 0.0594128629733608 -0.0457147887498129
-0.205382342926369 -0.123895642504218 -0.0994807502172552 -0.0596056936853181
-0.145963406091875 -0.168709996611541 -0.196794065143133 -0.0362963867001598
-0.0269070747920001 -0.216497361647956 -0.200210935093984 -0.0281541782003456
0.115820168670543 -0.199589278417128 -0.111807491044333 -0.0650783760054394
0.216406963758711 -0.0872949673527064 0.00647839048563817 -0.122864139373124
0.234031240532154 0.0637634461949488 0.0474514927501384 -0.0921168657412954
0.185161791227366 0.224857933446736 0.0227261314051982 -0.0338113815656959
0.120330822397902 0.281522851781547 -0.0264542385699783 0.00317741383874727
0.115280266748382 0.268019101897209 -0.0720519095788528 0.030336132121513
0.196218363073025 0.192276498126999 -0.116200150336414 0.0817869520441635
0.265557679257403 0.034477938821766 -0.0828189186592204 0.13943299238704
0.22974562887897 -0.166149666951419 0.0532941845525163 0.164190501027753
0.0761523305007148 -0.254239414733691 0.181065149514329 0.117332650377481
-0.0896103355595458 -0.223890088971655 0.179353032634151 0.0743184056088881
-0.170309270891944 -0.131534494118392 0.0914286506787253 0.0411866315874258
-0.150511302476277 -0.160041290642527 -0.0485223396826978 0.0127768614250582
-0.0652098170246201 -0.2014977167349 -0.178347994991624 0.042863441580864
0.0451794578217077 -0.203036478156917 -0.184353280935824 -0.0443476069833248
0.196913986650193 -0.154750812295447 -0.00507851901577383 -0.164640157860071
0.284646661791182 0.0821406266418284 0.167392321759962 -0.130579665404825
0.159563325576999 0.297843393984211 0.158002566587987 0.0213100371935189
0.0476749384700007 0.333217449389219 0.0570584666668023 0.101998840058067
0.109710513317983 0.258731011558963 0.022245478085755 0.112292124448067
0.237729125685426 0.0685264485847466 0.0417383653432781 0.0950442637547308
0.152744797560907 -0.226782930272841 0.0290921595730976 0.0366700302487598
-0.163265984666664 -0.228538201853066 0.0350521549567384 0.0433104692363554
-0.180713425615251 0.0259277163141966 0.129888140214807 0.0660373803536903
-0.0135014090610397 0.034605982035757 0.154746424641596 0.0942870934081997
-0.0821267897555219 -0.0660419976049247 0.153366153515449 0.131841479133881
-0.160745416157334 -0.0655865375083288 0.147996124283015 0.0924927417737308
-0.0659908375121026 -0.129090127128129 -0.0528948701069151 0.0754700664912383
0.0374462516458132 -0.080524958096843 -0.19560401967804 -0.00316708142571967
0.0168382785463388 0.0308726065126546 -0.0486436608438906 -0.169463045977041
-0.0410389228975006 0.0163941232807046 0.176259916097645 -0.0930799361869565
0.00861612700029552 0.0547750668044152 0.144906420076613 0.044755427072174
-0.00230558063366601 0.210493845060671 0.0856483183584523 0.153414376448835
-0.0520024531457691 0.282519287289888 0.00076180732017733 0.23244552737234
0.0833792159683337 0.197716169812748 0.0662218848381471 0.200966980413081
0.242020825865407 -0.111566432534157 0.201268656901542 -0.0137120109600569
-0.0500640969621043 -0.436649002295707 0.000839171146065025 -0.24205695368412
-0.4993058572253 -0.212631819469599 -0.110899506293415 -0.00721738076888744
-0.399898215204353 0.296933205911553 0.167718103003735 0.0817327314671739
0.00596407676777806 0.326980036583253 0.13166436445693 -0.039304665338092
0.0287950974187115 0.0882259497018959 0.0592000516531372 0.0677378206970322
-0.0837897525354074 -0.00562396952802529 0.161305201431088 0.0960534781962012
-0.0202373331349481 -0.0668867437447266 -0.0961266654971676 0.100964111520111
0.0462235187308617 0.00998510264846852 -0.197185297133457 -0.140003675526072
-0.0521972027143756 0.0881337943020503 0.154160960224858 -0.228917425253699
-0.138352948313281 -0.00313408745591488 0.201890318180734 0.0938913229813597
-0.0747058156730265 -0.0448504115679963 -0.0732138971569717 0.119717744894423
-0.0350280556368833 0.0580919948318926 -0.0687570811316474 0.122876037081813
-0.0608083843236328 0.153732642446169 -0.0870927269137647 0.286781077112337
0.0523021586523065 0.113914824420972 0.0917429080116292 0.2563029208566
0.135880034115938 -0.13848549077749 0.295822045831406 -0.192366876933065
-0.144255841249019 -0.290528259012466 -0.170095531782804 -0.449994673682752
-0.368909263688056 -0.0479769754651546 -0.258582276578717 0.0714106451125007
-0.236204523472741 0.26017147391996 0.222196075582634 0.117926591017767
0.042907337883992 0.266338086336106 0.101409766458987 -0.203383056540367
0.0763720232219402 0.0935491350575935 -0.0846239818318147 -0.0392920424333495
-0.0162877277300177 0.013492473903732 0.127571983450047 0.0732268228622381
0.001887553214705 0.00684953771073955 -0.109317794005866 -0.0582764797690662
-0.0138126039778541 0.00223869824567716 0.154540104300856 0.0779301646071796
-0.0235091640958292 -0.0159861778841417 -0.0419251916168395 0.258817480804685
0.00380847967506044 -0.0289232623430965 -0.257631230081103 -0.0717316904346181
0.0484025776590387 -0.0213091850196136 0.25789656518526 -0.162493267433749
0.0271755243834006 0.0260836289853759 0.305761747424843 0.448844325416629
-0.00365386995879799 0.00968856205593994 -0.270900926587713 0.306874449240394
-0.00943127643113055 -0.0155274304882865 -0.113152029865001 -0.258929827184821
-0.00941817269938065 -0.0165659733611849 0.119018528095385 -0.312074645611301
0.00264480217511639 -0.0150389622067618 0.123747599474078 -0.0898286375883676
-0.00430008382033786 -0.00912850879064637 0.20974543368756 -0.100783704050536
-0.0119416826307479 0.0151147792012104 -0.13102316788967 -0.210497543714193
-0.0006101037839628 0.0196119883564587 -0.2839062868798 0.215927689259425
0.0120086325064021 0.00341249900453594 0.204923294297497 0.226118932649548
-0.0113904222895444 0.00191011392467115 0.14643170854003 -0.125130854968269
-0.0242377264576492 0.02527728979553 -0.129471214473008 -0.0716132785024035
0.0860490947344246 0.0952126079223264 0.0999690700014881 0.0330134137774522
0.046081864352182 0.263642597088091 -0.0417242237430641 0.212105279209612
-0.221126970056724 0.264850360742982 -0.235317373786474 -0.0495542919750122
-0.331402166561973 -0.0575339199667045 0.231343205697462 -0.152753803105944
-0.100222342776336 -0.254276068114009 0.283509369825268 0.38051824840034
0.124750227878463 -0.110850283905688 -0.237921619807052 0.243381311702558
0.0361615640424375 0.0935637721407705 -0.0990144517166451 -0.244760902105784
-0.0639133330695199 0.103948711392139 0.10761516409592 -0.302842690847682
-0.024148361152229 0.00555476738287316 0.104527545471553 -0.131546664282741
-0.0703594676320025 -0.0644499501868302 0.145494273675656 -0.1196069965501
-0.161226927813843 0.0205645457167536 -0.160961404377385 -0.17850888052885
-0.0703817455921483 0.118258529106598 -0.24872485462155 0.20611486645198
0.0518877011289565 0.0364737193647283 0.204640875867881 0.188621103787238
-0.0105618831048242 -0.0506482485116006 0.13245512630472 -0.129440885318847
-0.0874365230576981 0.0169577386337763 -0.163123442100885 -0.0965549789416413
0.0748435374360514 0.107491330061911 -0.0574287944786844 -0.0517385491616359
0.085495318288406 0.357753257059518 -0.0984129223729265 0.0785098411003258
-0.315393034064164 0.42381646236011 -0.175657556525656 -0.0197046702416568
-0.534054692611035 -0.079649529637693 0.133696547162676 -0.0703036460661974
-0.122405110476897 -0.405786300786476 0.134349031902955 0.226095264292452
0.225661897518229 -0.127810212837204 -0.17749747126939 0.0846195348925207
0.0772470008189375 0.188008016512802 -0.0837589572561672 -0.193331176608939
-0.0835314800381331 0.23657057637304 0.0362378813138299 -0.264478075719207
-0.0409436610849351 0.151542519689744 -0.0132018211396436 -0.203584728784588
-0.0375437088673948 0.0331042201218231 -0.0855113836031922 -0.129140446256635
-0.121763403216285 0.0580117600832992 -0.226220399484807 -0.00313238888400463
-0.0187601584207965 0.100869145266198 -0.0741847262389478 0.203426489104807
0.0650088277975135 -0.0361157995530674 0.220231036839787 0.0663169040697778
-0.0417807124507738 -0.106109827467607 0.0849838101478269 -0.112645763962241
-0.175948552705481 -0.0407063445781178 -0.157762334428779 -0.10031840337212
-0.0626332873939465 -0.00381218918808092 -0.18648743209199 -0.0921998160098228
0.0109601109864207 0.120334298334631 -0.170703986296787 -0.0320534128017848
-0.18392558359144 0.180972499529657 -0.123736452687134 -0.00325184123126839
-0.288545236309449 -0.140591650234943 5.62735930701863E-05 -0.0295223327929861
0.0543484514797624 -0.296069946656428 -0.00522662984901616 0.0168784893030607
0.262426754791576 0.0129674764455084 -0.0799784906238043 -0.0457925699770187
0.117164132592275 0.256432940605451 -0.0630432027332591 -0.106480799447249
-0.0204221652723816 0.328796615493305 -0.057715883121612 -0.13918542444938
0.053863790112747 0.33353791190118 -0.158199994108101 -0.115528759179701
0.202653786796627 0.185316497862772 -0.239506072270698 0.0246096331420479
0.188385490327391 -0.0279465130081294 -0.129269812197768 0.186010838636245
0.100731260208086 -0.132935503161824 0.125657101295713 0.14468073389496
0.0015638670873655 -0.190047255561713 0.204507380469774 -0.00048550729785459
-0.112436363210853 -0.144933820874965 0.0570940257582741 -0.0498865604929616
-0.212783429985804 -0.119105870144229 -0.101957972862897 -0.0578452378198984
-0.1543361728605 -0.166338692836776 -0.199726243323086 -0.0277775800828102
-0.0352898660425838 -0.220973861997528 -0.205720011982589 -0.0217561327678691
0.111454261721204 -0.20864066334612 -0.114915669299669 -0.0602878008355984
0.217454362428027 -0.0963312508553925 0.00241242629529823 -0.125153606372573
0.237832906093071 0.0587848106179188 0.0454103808282338 -0.0949020266391169
0.195878951778473 0.223254210900579 0.0226997530274354 -0.0345715316354772
0.129941014621931 0.281683390539779 -0.0262458394863254 0.0047123111870635
0.124695203305231 0.267956199259982 -0.0729216247699644 0.0325695223519438
0.204939625296826 0.18975705508824 -0.113340196252176 0.0866327898276358
0.27065634413791 0.0250647465444666 -0.0797937805152043 0.144166908512385
0.228280959766733 -0.177494602344239 0.0599095758842865 0.162573892344854
0.0679838621908664 -0.263559680487652 0.187651351939948 0.113252487447716
-0.0982200803075698 -0.223677659375164 0.184110935028549 0.0677047775145413
-0.178024801665551 -0.127305294411807 0.0929699168322697 0.0381030011394176
-0.158784949664957 -0.156671487621578 -0.0472418288145244 0.0146768085522
-0.0736467891762604 -0.203259557463129 -0.177596605156867 0.0498090855012978
0.0390950551133715 -0.207090277830789 -0.187502833393845 -0.0368796902351014
0.192584228936155 -0.163994242565392 -0.00847217496828691 -0.162611891912477
0.29130466290102 0.0715781856082045 0.163315575762163 -0.135878993097277
0.16950214562293 0.297965564990446 0.161909178195254 0.0167051252652211
0.0574545130776115 0.337140838916396 0.0626123673635378 0.10125812568538
0.117996179101828 0.258251580511139 0.0240839315438454 0.114393882875849
0.242337350028037 0.0643375424494977 0.0466704141401306 0.0938862388783048
0.146793156010507 -0.234814796979939 0.0310749421903961 0.0371141973207792
-0.172745936648417 -0.227141978494369 0.0373358145155857 0.0446340296391442
-0.180760164288626 0.0310430100157593 0.133759161129406 0.0620660856259495
-0.0114482987536022 0.0343012642066617 0.161278454526542 0.0905204360533519
-0.086429388456971 -0.0632006026306719 0.162235436607981 0.12810173785746
-0.166166513934524 -0.060032409300154 0.153547770772331 0.0901290192721586
-0.0736160221913581 -0.128574941519011 -0.0482054876099058 0.0787493341470162
0.0368023100124592 -0.0832767732001762 -0.19777063693649 0.0040608364042891
0.0165753062311511 0.0338565763091831 -0.0540383720461928 -0.168378985496964
-0.0444710615164198 0.0182919235599489 0.177221201966333 -0.100369962925798
0.00682824730409245 0.054178969684359 0.146596886659516 0.0429742464400071
0.0026014130660201 0.213582639951892 0.0920732562625492 0.151898620680925
-0.0429233822611116 0.285912265268012 0.00904608915687739 0.234802208288033
0.0886047781608625 0.197501797840567 0.0749200217367087 0.202062686437795
0.240605770675629 -0.121137659310519 0.205444044406125 -0.0192753315883578
-0.0641846029432965 -0.441197804562004 -0.00578445085822576 -0.245094031010769
-0.514208823181919 -0.197905450321589 -0.110568279986255 -0.00438300031253657
-0.395019394420312 0.314419614275717 0.171376528886884 0.075853287162999
0.0156465774271056 0.330705886110392 0.133051208947654 -0.0451852829154624
0.0312557250352112 0.0879799199566673 0.0637435794266037 0.0670389593737194
-0.0869109083650193 -0.00416842417711441 0.168904090320195 0.092516529443287
-0.0232373240353751 -0.0666242928163595 -0.0910884628245886 0.107846684911593
0.046906168170624 0.00955928579518139 -0.204487764770171 -0.134434652612076
-0.0499955556633836 0.0919051559136068 0.148619411560507 -0.235944984798981
-0.1402155244395 0.00160424416906596 0.208834575466294 0.087936456524173
-0.0775424834484197 -0.0424306775915033 -0.0719117756471544 0.124659684400755
-0.0345631253267376 0.0592894555660957 -0.0667462781482213 0.124551287335294
-0.0568440923862482 0.157173023579409 -0.0803103892074395 0.291162838694455
0.054442712943053 0.114852657896291 0.0987701660284105 0.258039666588828
0.133216516203391 -0.146025343705827 0.292406033810045 -0.204002527498609
-0.155427817486864 -0.290735623214535 -0.185942464251021 -0.449507866847952
-0.374019835440821 -0.0353919959303024 -0.258906161117661 0.0799195642085976
-0.229580740483534 0.271045495649464 0.229167949745089 0.110027851953954
0.0509447180566293 0.267255558576886 0.0956393479269839 -0.209490262412063
0.0814050464597265 0.0914947498169396 -0.0857987376025458 -0.0360610950172323
-0.0147469859412006 0.012524389441937 0.133244659350696 0.0705628131266953
0.00148054590632941 0.0054114003555205 -0.111523524763061 -0.0532910022468538
-0.0133258605301198 0.00294283531594096 0.156152233418242 0.0696967976510968
-0.0249351750208337 -0.0135462593906876 -0.031536148006227 0.259516520523947
0.00291895513067783 -0.0281844253236032 -0.259962241199557 -0.0596671386736802
0.0461789300934721 -0.0216078609451094 0.251060353974214 -0.17216804051518
0.0286511197429413 0.0241774309101314 0.32552864754156 0.436629463052361
-0.00365031277894303 0.0114918918439347 -0.257447287360763 0.317013222709564
-0.00896019329505961 -0.0152993034566102 -0.12076629747302 -0.255137250157571
-0.0103415111366949 -0.0154104793759299 0.109120632765639 -0.31619890206425
0.00224197355706112 -0.0158265698476096 0.121273176854024 -0.0920388447875376
-0.00571067788288306 -0.0078477680441772 0.208424795504606 -0.108124290675072
-0.0109052937678713 0.015754200751628 -0.138426920313861 -0.206363302708475
0.000160695601210575 0.019503295697064 -0.273896276506738 0.227348294247027
0.0124858961115969 0.00292588112865403 0.212377977721246 0.21875188796533
-0.0110096651490376 0.00279637317208828 0.141308548604949 -0.131962278845537
-0.0234177491087399 0.0275597103941124 -0.13251934056545 -0.0651295762117639
0.08973923401739 0.0921640432740006 0.100326244935321 0.0274143664470692
0.0572683218864751 0.263292088587604 -0.0326481284257982 0.213813701330934
-0.211550900112662 0.272858572090251 -0.238963000902965 -0.0403444407000378
-0.334521039259523 -0.0444945514011251 0.223673341045502 -0.162104729365887
-0.110736998104991 -0.250089904628742 0.298194980761413 0.36950581897547
0.119349393061492 -0.116786469367575 -0.228921516906667 0.252788468908253
0.0378865160573619 0.0918033673234802 -0.106009533186592 -0.24183939851967
-0.0597696311027122 0.105085002094521 0.0994953671836697 -0.306183291865365
-0.0236935924103217 0.00514602152689102 0.100504215551273 -0.134333561296598
-0.0743055114873537 -0.0616750492115437 0.142291701364248 -0.125018464023773
-0.161301140974533 0.0285759185426007 -0.167370302210254 -0.172775823771865
-0.0658017795812796 0.122609484675578 -0.241266887602087 0.216126139219431
0.0548812185122587 0.0333311484480222 0.212546341416269 0.179152443921841
-0.0130325643369033 -0.0489820104729635 0.127385291089769 -0.135702059397319
-0.0869101481163554 0.0212995570051388 -0.166829728838929 -0.0885341130167776
0.0789666477900935 0.103642664387925 -0.0611113101763568 -0.0501587166463465
0.098360804778499 0.353380599497615 -0.0949936639464548 0.0813500508778699
-0.295142114970958 0.43461092707539 -0.17598618326969 -0.0121630568838038
-0.538596694565004 -0.0591360267256313 0.130358356674336 -0.0770551460956006
-0.137877899543428 -0.402085763370571 0.142649617123761 0.219896537388265
0.219845111237565 -0.135782913564019 -0.174655549600088 0.0902440102732271
0.0838444730608441 0.186088620729398 -0.0890852721467323 -0.191192308207293
-0.0754012300550368 0.239054352057238 0.0265950667906684 -0.264250979797039
-0.0360699487389278 0.151550622279861 -0.0187072444331938 -0.204032317443806
-0.0378575884922468 0.0326878602178081 -0.0887316550544494 -0.127383102146315
-0.119891529913935 0.0652241499984965 -0.226422551256316 0.00446147618625306
-0.0137118508243957 0.103012575259964 -0.0668727108433017 0.2064164964141
0.0642989046398817 -0.0372274799663412 0.223025174236928 0.0571575406486005
-0.0459421459970749 -0.105553708704369 0.0796295116702783 -0.116897153290857
-0.177099284074028 -0.0332634586082954 -0.162472924477255 -0.0937464517630769
-0.0648556446459411 -0.000528070752489469 -0.191298209928461 -0.0850020568854832
0.0151771664295448 0.117817599972644 -0.172765668150278 -0.0261098267712871
-0.17340353025743 0.186336010933676 -0.125042196352086 0.00205996377978999
-0.291306662591665 -0.128106083215279 -0.00293456904493329 -0.0294408168187404
0.0424855869636584 -0.297157903292066 -0.00348211608574282 0.0155705739779744
0.262778065271612 0.00328061595634718 -0.0822436265910951 -0.0423504934606197
0.124378807771239 0.252607865066817 -0.0672091983414293 -0.105243350020803
-0.00816218837132443 0.330309233396973 -0.0635588261956913 -0.137874942184982
0.0674922692901011 0.331782293958469 -0.160408858257901 -0.109292215276685
0.208621128685592 0.177017640199354 -0.238262237042608 0.0341415299398133
0.184369221857343 -0.0355681831132929 -0.122626996388676 0.192429798179479
0.0956880389907146 -0.136405306441903 0.129667378574476 0.140361245330213
-0.00476605104768967 -0.188656305501024 0.203954810068631 -0.0087124839045523
-0.117715212607764 -0.142205686317184 0.0546578791383813 -0.0512057154643518
-0.218006330526326 -0.10965838529627 -0.105239198857417 -0.052864545181219
-0.160310374482027 -0.159380684303418 -0.201709784358134 -0.020405796755541
-0.0447238238383085 -0.219501824806159 -0.206144983294324 -0.0123459785144176
0.103956488490134 -0.214414717898726 -0.118043756182627 -0.0540617791061653
0.215605175428736 -0.106903018001452 -0.0041514388178707 -0.124238912663405
0.242036918077469 0.0508064107570372 0.0419037474143948 -0.0967456888890488
0.204723474172316 0.216688720661508 0.0222336140150691 -0.0350104774693484
0.139844264709802 0.275581418813246 -0.0274188935178539 0.00740271266972744
0.134485083680059 0.264404967583407 -0.0706580776732131 0.0353979832606095
0.211773027208106 0.182077524203089 -0.11157905942136 0.0908206509585825
0.271793786518461 0.0161936946277202 -0.0737440895812417 0.147142076120382
0.221375481001286 -0.188653132990651 0.0654432492098599 0.160583725193528
0.057050207966394 -0.267265278204275 0.191237807371293 0.105670588468512
-0.108348782213686 -0.220468236727127 0.185652005444569 0.0608481388390082
-0.182127149123097 -0.119307368683385 0.0937278693769079 0.0351878027505943
-0.165760480565897 -0.151039414980691 -0.0467461271362558 0.0167611579974019
-0.0819912062409461 -0.200930418872776 -0.175107941363148 0.0579994126025123
0.0295324401849138 -0.20912783393333 -0.189433996739988 -0.0286927326557216
0.185942516569481 -0.173037780383805 -0.0134567117643538 -0.160851424905776
0.293871576288295 0.0612211205587299 0.158557282569538 -0.140706712053817
0.182283927969403 0.29268070959497 0.163866302367268 0.010169736274299
0.0719746492044257 0.335084301521875 0.0663959003016159 0.0992688461035339
0.126860405263054 0.253476940290346 0.0292513277892783 0.114793793704823
0.24499593235102 0.0563514909647253 0.0499305420058353 0.0943401042101586
0.138360236015523 -0.240418676092807 0.0319083086100243 0.0364691148078461
-0.181328814013512 -0.221602139960781 0.0409806497648919 0.042168723389517
-0.179164948734028 0.0378474579564946 0.135143059061401 0.0576224272646666
-0.0113164323678618 0.0318336355554174 0.165872468029026 0.0842901995415398
-0.0898379298530644 -0.0620416456025916 0.166445718886174 0.121807637037709
-0.169508680983271 -0.0542467350787005 0.157575798181366 0.0823474654320919
-0.0785915010412907 -0.126146833036026 -0.0448286814411062 0.0814294175263982
0.0331254935823743 -0.0845961815796556 -0.195749045031957 0.010807775077472
0.0184899127149504 0.0325741841557986 -0.0584007264551134 -0.165851096763929
-0.0460835448109739 0.0212867071580398 0.17493845601802 -0.105436553942033
0.00672166431033925 0.0542862051734708 0.147038747894545 0.0390184642308218
0.0109933690015889 0.212727477666365 0.0968936833534697 0.146302458372662
-0.0340884759714382 0.28689647682013 0.0169643649232222 0.234685843916648
0.0949067306000047 0.193699516802347 0.0811678905326899 0.199975586449939
0.235779286314781 -0.13034206649549 0.204308515758279 -0.0264460909421444
-0.0813140500992213 -0.438683920061587 -0.0150844723403639 -0.244062981436478
-0.521758507356042 -0.176359638792125 -0.109058055408829 0.000171924792620473
-0.380972456353859 0.33046936467566 0.175407631443199 0.0692347557829069
0.0298050330813076 0.327836692159085 0.132459700073769 -0.0497180140985015
0.0338872898029514 0.0858488999878711 0.0667377353379281 0.0648384567932445
-0.0870728439246465 -0.000325420326804486 0.173078235675456 0.0851052091845204
-0.0259252563807914 -0.0648243757335316 -0.0864202775886435 0.11110529154083
0.0470174752885579 0.00731293736649829 -0.209928940203073 -0.127739080056552
-0.0470477952434948 0.0947757061367396 0.141282542894172 -0.240641025366584
-0.143415697209198 0.00860329515741884 0.212349859838545 0.0804820503200364
-0.0809538002644687 -0.0404277244795363 -0.0698186973793609 0.12819843030067
-0.0311506307708188 0.0607398723782567 -0.0645851333332238 0.125761948655652
-0.0506004838825385 0.158686470114276 -0.0698101847929387 0.293385772152336
0.0590337562256289 0.112736820818398 0.109704540736126 0.25371231958603
0.127493055669095 -0.151125254083108 0.285382052093152 -0.213180478586273
-0.167228613847906 -0.285130987074867 -0.202027907526587 -0.441887745902477
-0.375243661355322 -0.0217513070134784 -0.25529002740122 0.0894238869588904
-0.219260166845791 0.281264655738208 0.234691683683197 0.0999899447277462
0.0625415062764043 0.265231938873202 0.0867422241131316 -0.212700118303328
0.0838865137089013 0.0880085123498643 -0.0858737781386529 -0.0313294029279769
-0.0156872288362917 0.0138408784596286 0.137367953176319 0.0634516196272279
0.00177650185608767 0.00505561645246273 -0.113833289003796 -0.0477443985461702
-0.0136083067578542 0.00314357437149169 0.15687149704316 0.0627501085355741
-0.0247408128504651 -0.012110983998125 -0.02308268047925 0.258770155996439
0.00116401428267612 -0.0282286828825667 -0.260225190853354 -0.0494517719358407
0.0448375245577354 -0.0231567316567285 0.242042370193914 -0.179114440700677
0.030676098832252 0.024329632904154 0.338609676306375 0.422005794131986
-0.00323655613091258 0.0110746045763947 -0.244198272481559 0.320632586408562
-0.0088481324950247 -0.0161094374975729 -0.127192349415402 -0.248417092917541
-0.00999198497034368 -0.0136623838799779 0.099626699427833 -0.316743085878488
0.00145237418917189 -0.0165453250184189 0.118202244608116 -0.0927065877888883
-0.00639918151955127 -0.00656600473116151 0.205236220201988 -0.11340560528857
-0.00988068341660635 0.0157871597907305 -0.142055819472496 -0.201829822867347
0.000577326844536744 0.0195383349214407 -0.265133411663021 0.23339506657302
0.012218628268471 0.00106053028603832 0.219547038301901 0.210640965393796
-0.0100390699787205 0.00202218741095957 0.136641335773456 -0.137285309410522
-0.02207588854211 0.0278848650272523 -0.135566998536614 -0.0591045308047444
0.0926726569926171 0.0891269183950703 0.0995769367336401 0.0221859182621621
0.0646256173741769 0.260015160244244 -0.0253753200786575 0.212262668031701
-0.200324873044879 0.278362087077477 -0.240034511251355 -0.0298516797477605
-0.33467506049111 -0.0343797243341139 0.215614014574366 -0.169164523559051
-0.117724065290806 -0.245130219557513 0.310843983187771 0.355831437855929
0.115118357317544 -0.119300918328605 -0.219085175572668 0.257500258469884
0.039953355620902 0.0899092339601534 -0.111699874590011 -0.238149347512048
-0.0565465693010203 0.106541002484195 0.0897894148590219 -0.307315835511885
-0.0245758516529294 0.00452617027026834 0.096979105777856 -0.134118004865477
-0.0759160586452745 -0.0614670466729453 0.141019256954338 -0.129599133015433
-0.160244192953207 0.0345776179079767 -0.170832863391115 -0.167784440577945
-0.0622104223554265 0.124784416472385 -0.231753866126865 0.222841048378083
0.0563065550908596 0.0313688691164919 0.216280898028916 0.172397744789047
-0.0144979908503649 -0.04849857528471 0.121762792429185 -0.139488020646851
-0.086396081048015 0.0240205784199338 -0.17062809923731 -0.0825927463049001
0.0821489042001907 0.100000839552189 -0.0630156851444777 -0.0488914713128201
0.108827147822422 0.347683884632259 -0.0923077806258328 0.0836723409422881
-0.28142350361928 0.443245433374461 -0.177452036473865 -0.00428395454465945
-0.538062157329195 -0.041901072691454 0.126521827432172 -0.0809760497476164
-0.151613118706711 -0.395554275103242 0.150130251511495 0.212869705039982
0.214962889905781 -0.140765575514856 -0.170807049602489 0.0935223457731715
0.0876981227927232 0.182410653383736 -0.0941171821315637 -0.188050526166994
-0.0680929023324887 0.239664583945588 0.018782476679667 -0.263468655837871
-0.0302762734512652 0.150641665646464 -0.023905914389048 -0.202326610215349
-0.0373267520129967 0.0320311317086299 -0.089736161024847 -0.122964258570854
-0.118357161793757 0.0687872936428273 -0.224276241715678 0.0099709558909622
-0.010761565690896 0.104352055081181 -0.0594950135603182 0.207153288155552
0.0631781682153935 -0.0381760350316508 0.222818741665822 0.04960768380524
-0.0489549801589405 -0.104078857068924 0.0740962707490883 -0.120143505666994
-0.177979446185628 -0.0260907817201469 -0.164756963190739 -0.0868477008873615
-0.0640777834438628 0.00162449329532645 -0.193740229630732 -0.0769210063268082
0.0180812547862086 0.115929027424627 -0.173658654667686 -0.0197427693601516
-0.16646368642868 0.189425953122073 -0.125508856839237 0.00736656937294923
-0.294368230349897 -0.118813520863746 -0.00427663471856593 -0.0296621582163673
0.0335987800620128 -0.295218819089608 -0.00348644191744207 0.0152869599031355
0.262202083845634 -0.00428644944762758 -0.0839070248235124 -0.0406236219798652
0.13082182231687 0.246507408368182 -0.0695186058125971 -0.101893916269011
0.000948957733853341 0.328667568597474 -0.0679665171086843 -0.133630705963024
0.0774590958486789 0.326454911022717 -0.161206647583022 -0.103566157382557
0.213369241710884 0.168632584437182 -0.236364896107051 0.0395675197796171
0.181516337978396 -0.040040660812355 -0.115832394678717 0.194873890214241
0.0912165737878754 -0.137702750374576 0.132585195443008 0.134731199776956
-0.0109274032563077 -0.186093544854881 0.200698929145489 -0.0172265779194783
-0.121417182059357 -0.13787883665522 0.0523581851003876 -0.0533444172429281
-0.2218016042046 -0.10067657322004 -0.105821449714675 -0.0497536587150699
-0.166231635101712 -0.154313968598683 -0.200766803559686 -0.0119948821364598
-0.0521858023270996 -0.218596937269474 -0.205385470996386 -0.0048437945576789
0.0978418755271826 -0.219867286226549 -0.118387597743804 -0.0481210035462245
0.212992750373373 -0.114737319279519 -0.00981517331270568 -0.123713179814653
0.243017856994061 0.0432301389175327 0.0404056533591929 -0.0975694073444353
0.209906735560648 0.209903949187367 0.0208936723740604 -0.0347779573788961
0.147135982195595 0.268755152898369 -0.0269709973341934 0.00861546703621228
0.140981325689149 0.260315071451517 -0.0699258046391629 0.0370230494997127
0.216183078699068 0.175375741986463 -0.10825404913978 0.0941002289980951
0.271064029455363 0.00806304088719696 -0.0682507435760023 0.148869319485209
0.214411245771801 -0.196099916552553 0.0692951180884777 0.157161819920727
0.0481728225288205 -0.268663055456277 0.193669042036335 0.0985657656795334
-0.114412614459729 -0.216412186260494 0.186387687836191 0.0544830980785194
-0.185754121670367 -0.114438070165854 0.0938309186763951 0.0315077960543846
-0.170979029167288 -0.145794256632722 -0.0453069747192086 0.0193620896406871
-0.087174317823635 -0.197885540443554 -0.171139881436613 0.0644884401333176
0.0216337468806692 -0.209013562257492 -0.187105018095424 -0.0203910738179478
0.178983681516743 -0.177882556546921 -0.0176722033256034 -0.158757365414253
0.292143347050483 0.0515688377698015 0.152568401257447 -0.143633867995871
0.191656407231417 0.286171247006408 0.161971439975941 0.00506305931498474
0.0827327276647969 0.330215519882522 0.0690165356914218 0.0969887679908034
0.131218106229754 0.247243716713998 0.0333273335798425 0.113272840088989
0.244496470308704 0.0484151504815522 0.0530607753465221 0.0915927266952706
0.129401898646784 -0.242236384484056 0.0333550304719902 0.0354389418711911
-0.186944493765633 -0.214027106261186 0.0425405917913355 0.0410243656951761
-0.176772503173493 0.0416234726913611 0.1367883947379 0.0528536798279008
-0.0115996473138065 0.0306662692597078 0.168958357732529 0.0784260570050809
-0.0914180384287381 -0.0590810428120049 0.169811142068916 0.115740833817019
-0.169616499355163 -0.048466745776672 0.159539164121474 0.0774101143930924
-0.0828176263678852 -0.123309615202178 -0.0398971359999196 0.083489753968364
0.0300849158860187 -0.0855862107479653 -0.192744996994983 0.0155263007348124
0.0186251270946341 0.0333359616883899 -0.0625472218403125 -0.16205164850803
-0.0474592517244307 0.0229992854745933 0.172267410741895 -0.110447951800406
0.00602350776227449 0.0535498627698986 0.146674989227907 0.0354696949043328
0.0169164295914369 0.210711124220541 0.0998476422767465 0.14208859267192
-0.0258128084021214 0.284920967072934 0.0234600277333949 0.232081312516773
0.0979653974002518 0.190363796860952 0.0870821288774007 0.196850527256459
0.229986384646757 -0.135918382362694 0.203552278286829 -0.0307528310849982
-0.0968712288378247 -0.435785658473378 -0.0225272955204233 -0.240558713643973
-0.526513121066145 -0.160836010362833 -0.107366984275601 0.00449999214844621
-0.369020244320614 0.340805272764462 0.176439910742874 0.0636785280537104
0.0392768938594143 0.32377009630528 0.13073220652976 -0.0537015348022359
0.0370789149090747 0.0830061774668297 0.0704983389319375 0.0628327119692924
-0.0874503289107392 0.00217341960209036 0.176180817222893 0.0783755540114354
-0.0284513966693511 -0.0634715982578496 -0.0814285601138955 0.113205004220949
0.0471493621168086 0.00569386848577006 -0.214147813510376 -0.120406494959112
-0.0444193293513958 0.0973500826016226 0.134338669300734 -0.243674189639696
-0.1437348649941 0.0135118216246281 0.213496426544687 0.0726856353800752
-0.0824675393177741 -0.0371170450004707 -0.0662576422545714 0.13044964109768
-0.0299441475085487 0.0625058928740494 -0.06184657465916 0.126572515999972
-0.0465962691954214 0.159147703851019 -0.0614962449394141 0.293904915331898
0.0619668791743875 0.111225381270619 0.115739850526692 0.248965586771274
0.121177417792208 -0.154948624420669 0.275566157336323 -0.21894284050112
-0.176075295528944 -0.277638039215956 -0.214968558145601 -0.433805747112303
-0.375202732603817 -0.00954438744083348 -0.249835452997572 0.0977755047876951
-0.208506133911111 0.286200649040627 0.23541962115247 0.0920651746411614
0.0708220098165308 0.260845219014826 0.0781828372067507 -0.213935423161639
0.0861128616275667 0.0837892092895406 -0.0853279201128523 -0.0261967778214247
-0.0159927467412228 0.0127734795473059 0.140049044678872 0.0585896720802537
0.00304659959545315 0.00392848767130503 -0.115269506866315 -0.0443945804381336
-0.0140829477430937 0.00541305071735271 0.156877417301486 0.0559225331637972
-0.0266419010537539 -0.0111594937348554 -0.0148383442126414 0.257174502852838
0.000709946579855696 -0.0288733439370058 -0.258863676383587 -0.0396615206082045
0.0440149972586749 -0.0234247557824692 0.234398769784788 -0.182002120054674
0.0293607528731976 0.0246749830758418 0.344017978370413 0.408295842770802
-0.00421564585772044 0.00995223229886759 -0.233559819812928 0.322588621047655
-0.00897457624783359 -0.0148630034983925 -0.130637142389469 -0.245690889344807
-0.00741329687865136 -0.0103764604107249 0.0911680664036027 -0.318344861443122
-0.000568348625773494 -0.0152230658982288 0.11828871387328 -0.0923073992269371
-0.00913741310351524 -0.00448934537635126 0.205620740369673 -0.118767916884343
-0.00787302702313514 0.0188735136681087 -0.14620265936724 -0.200398856554377
0.0064094725654565 0.0181958958306837 -0.26147015029222 0.242260307943603
0.00932717131275025 -0.00419977287120904 0.225290195963065 0.209169313348409
-0.0125211871423262 0.00556706371978849 0.134580744293075 -0.143043203346969
-0.0195808312471841 0.0273697899973663 -0.136788452211638 -0.0546300601281096
0.0937283869634106 0.0852039092292081 0.0978278642469826 0.0177963262932931
0.0724902439936238 0.254912941839649 -0.0200080701760144 0.210934435956813
-0.188525529297025 0.280813757340111 -0.239800622148359 -0.0240043950387486
-0.330045864419251 -0.0248889018999381 0.209369493937132 -0.174530771666386
-0.122503924444439 -0.235498338653456 0.316155415891962 0.345457937431775
0.109720758864757 -0.120294095782805 -0.210984050435275 0.26034825859682
0.0411936299756769 0.0881456091471389 -0.116073474754824 -0.23705341592928
-0.0522933517494441 0.10874636348881 0.0825975920103428 -0.309814924496947
-0.0254385754159813 0.00491019648856484 0.0960602462919439 -0.133646191700532
-0.0784840676432819 -0.0576712415710307 0.14113808008813 -0.132249749838625
-0.155570993774785 0.0417341332897309 -0.174487497243321 -0.166087343058488
-0.0526766007498237 0.124164416080417 -0.230311306988044 0.229990181817048
0.0538093134538923 0.0252269070979049 0.222932612221512 0.170265211324745
-0.0172351791052634 -0.0443785920952742 0.119844796884896 -0.143834701988425
-0.0843239996219927 0.0273686784311854 -0.171555929423547 -0.0777623884026199
0.0843407359460333 0.0953021034450947 -0.0663522673082837 -0.0474335169487329
0.120227223759202 0.339388231832501 -0.0919273770551806 0.0834582427076626
-0.26397714945481 0.445345738929389 -0.177776451038763 -0.00243610211570361
-0.530836293176758 -0.02673714277916 0.12464872952314 -0.0873570046763404
-0.157352022687363 -0.383523451592105 0.154076069593275 0.208460546138733
0.207439228684711 -0.142813503451824 -0.168506237810412 0.0977552661964298
0.0907791941288059 0.178502294331935 -0.0970785133514866 -0.188315906221395
-0.062023153697077 0.237938269010504 0.0126704837552319 -0.263249475241676
-0.0266779318787856 0.151278544790988 -0.025669647551475 -0.202123270720086
-0.0369952735275236 0.0325116617626448 -0.0907702300298004 -0.122373208168677
-0.114560673537903 0.0751054862558137 -0.224752724427064 0.012748249869018
-0.00587262333776373 0.102016628753013 -0.0568775008008052 0.209334947284171
0.058221250149887 -0.0401302386637376 0.226056879122546 0.0432249989640323
-0.0519934017342262 -0.0991927223137936 0.071515833523007 -0.122849052943285
-0.178004937995439 -0.0191500239906504 -0.164710610846819 -0.0843873609854739
-0.0633024878339755 0.000906886568015667 -0.19482297820793 -0.0711940478070335
0.0217761106667566 0.111656916529532 -0.174785227796058 -0.015098989119825
-0.157868896978006 0.190783116545644 -0.124142972352293 0.0105384692848248
-0.291491006517085 -0.111622024824501 -0.00411169955503637 -0.0308044891012421
0.0259660579142177 -0.290079227804545 -0.00220924469846478 0.0160461130596241
0.257798988616332 -0.00887023536808771 -0.0849002633634952 -0.038272952588263
0.13257711451017 0.240259153664395 -0.0723142216777439 -0.100277875922461
0.00937821729509597 0.322617111968768 -0.0721047574656116 -0.133182515766249
0.0863718751261127 0.321995866101464 -0.16392330894691 -0.102967858738934
0.215378465877018 0.160347385986417 -0.235035803760549 0.0442824812186451
0.179142623171866 -0.0446982317072569 -0.112517237826983 0.197541937875616
0.0843833523728502 -0.139723851996763 0.136604192501692 0.132523534551994
-0.0186961731073589 -0.182782431877311 0.203657721264713 -0.0224486898315917
-0.124820579597517 -0.130769452368562 0.0500092293499193 -0.0553029997882405
-0.223431435110962 -0.0919034503590578 -0.104899204333906 -0.0475204009981686
-0.168592694111855 -0.150159531276004 -0.195905792306627 -0.00514538150305786
-0.0599849810041436 -0.215992550160361 -0.203515706851054 0.00389749887711223
0.0904656214716843 -0.22154038466712 -0.116853598362836 -0.0410588030958684
0.207801174336563 -0.119006961687569 -0.0145172755590051 -0.119895109788347
0.24047114222062 0.0413675519800516 0.0363863715146241 -0.097369537514541
0.211929344772354 0.202931160001823 0.0191158106797775 -0.0363235746907703
0.150171364145022 0.26143648184729 -0.0269985107156891 0.00888147046134122
0.143635088522794 0.253501562776742 -0.0697004432410345 0.0386056589588
0.219047968364939 0.167872378891234 -0.108778740432455 0.0962225636013868
0.267926552347984 -0.000547668366272054 -0.0661720860667737 0.149997307819302
0.207000367135791 -0.200659239538698 0.0726758812403575 0.157723888175213
0.038378511214737 -0.269479745010446 0.19885993044842 0.0945402323040718
-0.122039549759541 -0.211682100089362 0.190139556549459 0.0495741669791738
-0.186157405896214 -0.10909521941296 0.094808014645968 0.0288396564571387
-0.175384151794422 -0.137280211789049 -0.042204534329126 0.0199170991945627
-0.0923835781596549 -0.194422730160474 -0.164319412968247 0.070187759289257
0.0144878780455494 -0.207356493066918 -0.184064929849579 -0.0109030767467152
0.169989711615091 -0.180717369782522 -0.0183114438511763 -0.154429390166351
0.289895522605436 0.0428884227459408 0.146301573787337 -0.144168888485097
0.19298931873691 0.278027792465674 0.158732624706941 -0.000287707776736981
0.0879560001621138 0.323743594687994 0.0701434179883083 0.0928026652658271
0.13255275466196 0.242133815182821 0.0353549141561188 0.11227488415403
0.240647073391242 0.0441985636999305 0.0549129507084042 0.0906572647604238
0.121600661554375 -0.24254160550626 0.0334343919516119 0.0372014308846737
-0.190000606565609 -0.207573611793505 0.0439806408717434 0.0405255043891172
-0.174266949075222 0.0425775422115381 0.13805407218167 0.0484784811402549
-0.0129785276004584 0.025385655088291 0.173037312621697 0.0732098612456966
-0.0945527481098111 -0.0598612886569388 0.175559852934348 0.113797614648736
-0.171485557789234 -0.0464707448468693 0.162220804475303 0.07455683640984
-0.086517631142107 -0.11917481420795 -0.0358990813277306 0.0844709764169098
0.0275779201407195 -0.0881724608635416 -0.190453945299954 0.0226274861202756
0.0201544872601229 0.0329193509299019 -0.0663296515639685 -0.158431759558835
-0.0484633851175343 0.0272930884232106 0.169149093132967 -0.114921318475738
0.00573358675401091 0.0526516673251752 0.145569034810571 0.0325259410497184
0.0206997896586449 0.206128026084105 0.0994665035686761 0.137036442932592
-0.0190469733404432 0.280696360681827 0.0280020130473632 0.226700212997745
0.0994394818455973 0.186221113491888 0.0897396590605988 0.192751737242518
0.220737527225959 -0.137662950448017 0.202608708969011 -0.035757251372326
-0.105426574534789 -0.42382678533799 -0.0259380049132692 -0.238458888020007
-0.519185857913669 -0.144878332647196 -0.105233234689718 0.0051806456088531
-0.356641231704512 0.342887869136129 0.177840521349811 0.0574487048269859
0.0461418849184761 0.315621920266858 0.128595676997263 -0.0577849995087846
0.0367659838561969 0.0789941578241806 0.0732493537283034 0.0638050784860538
-0.0912995594401896 0.00169261102770169 0.18088451802923 0.0746782998520248
-0.0299835822777714 -0.0621994671451849 -0.0770762711020071 0.115231869793997
0.0464694334474351 0.00217949506355455 -0.215582976516464 -0.112356145661751
-0.0398114501974498 0.098643965292422 0.126320526464949 -0.246518141144229
-0.144152943833827 0.0198173487216328 0.215132027172662 0.0657872086848194
-0.0843151833131287 -0.0352434885547486 -0.0641934512323889 0.131829214347153
-0.0275869865986778 0.0605935782566622 -0.0610123036414061 0.125020190710018
-0.0443668223724167 0.157788973025294 -0.0549882564673252 0.291376598986799
0.0603738722339931 0.108053920574168 0.119582651026382 0.244576697307845
0.115710697030714 -0.152296744683472 0.270805666057914 -0.22365910821777
-0.177156135287261 -0.265003085521348 -0.223423564040072 -0.429151748129846
-0.364056054713797 -0.000933772143780976 -0.247496586552185 0.10309868053805
-0.200498628874171 0.284821499444633 0.238582174245279 0.0859209596405769
0.0746730461529532 0.257479395216123 0.0717016555238471 -0.217315440892833
0.0868811939712938 0.080795537039574 -0.0865315939685469 -0.0225475171927274
-0.0183222775404025 0.0104449421040028 0.145101228529168 0.0557158809751653
0.00349132431103231 0.00208204438739552 -0.116621100497479 -0.0400644267796385
-0.0137544726058041 0.00578594983385567 0.157389328933003 0.0513259201827912
-0.0267045916962334 -0.0102407662964848 -0.00934965657941816 0.258028554361929
-0.000371570993078631 -0.0289645409490351 -0.259100395579678 -0.0322551755984918
0.0434848829758084 -0.0252012903437343 0.229272924343876 -0.186280574008616
0.0305937976015761 0.0241909342839495 0.355116832751333 0.399768884321925
-0.00358984225319995 0.00947911773139743 -0.225433506792163 0.325229100520613
-0.0101399128768049 -0.0148694448706453 -0.13449978792413 -0.241387603146156
-0.00662805020381104 -0.0100753070293006 0.085470003698439 -0.318455905473109
-0.00100049966966859 -0.0153656729781943 0.117828276727285 -0.0917656348891708
-0.00889470744528878 -0.00374775372553097 0.204661918312641 -0.122907030430812
-0.00701761275349707 0.0182348406757133 -0.14933693829394 -0.197481303173778
0.00735326547288682 0.017659080339843 -0.256517538671595 0.248037013631945
0.00934573978685202 -0.00585714803744355 0.230323966328488 0.204074067037459
-0.0122967912247389 0.00467927934321711 0.132591201414537 -0.146085631392101
-0.0194637290011867 0.0278041730045147 -0.137802632628885 -0.0500397924635674
0.0970241240871425 0.0822357233476237 0.0959583141516652 0.0143017197243893
0.0782132059339708 0.252804922591599 -0.0152185845072701 0.211000465964184
-0.181434496982068 0.284076488322725 -0.239605780421889 -0.0162120894593004
-0.330531734096936 -0.0171057265095692 0.20383902756066 -0.179406833398325
-0.126937179791783 -0.232333488510972 0.324257515017512 0.338510668761389
0.107723770507302 -0.122760662146585 -0.204799104560338 0.26220338822955
0.0421717248784865 0.0870076926218044 -0.120144416485256 -0.234749567579303
-0.0500659348310371 0.109479298974778 0.0782264892400178 -0.309276989225487
-0.0252762914631939 0.00498004905753401 0.0950397287893888 -0.135194668877029
-0.0796727861568167 -0.055924796761465 0.139632639112905 -0.13449955916532
-0.154922115142099 0.0451566823988226 -0.176524781623565 -0.16287754380752
-0.0498095990341663 0.127202243248691 -0.22447922991652 0.234481256113522
0.0545112991708154 0.0230165827942025 0.226261367872271 0.164543138469975
-0.0183782918386146 -0.0452833400916987 0.115987364379336 -0.147741995902168
-0.0835813250350718 0.0298593239488471 -0.173222345801973 -0.0735358984887198
0.0863248095467698 0.0937279803481019 -0.0687602189301744 -0.0461875944416675
0.127115781025374 0.337823561692153 -0.0899347536884655 0.0859134072949562
-0.252233783623542 0.452555092570844 -0.178787854752028 0.00375973510527835
-0.53137791224303 -0.0143183909383458 0.120350721876166 -0.0907532743893338
-0.166543424614545 -0.377980386710549 0.159118198496346 0.203446740242482
0.204809069264232 -0.145848157464346 -0.165085614712484 0.100121598880748
0.0932222543340743 0.176751398030573 -0.100126294358073 -0.186320905083874
-0.0579809380232853 0.238238224909364 0.00927690604143487 -0.263258604179699
-0.0240347954971264 0.149654456626381 -0.0287329546007728 -0.202472818279347
-0.0375967475508558 0.0322138242678767 -0.0912376256075679 -0.122270417759955
-0.112816948923292 0.0786910815138677 -0.224776969625596 0.0159634234022818
-0.00327838623451801 0.104959105421479 -0.053940344403804 0.211420207291449
0.0569431352161174 -0.0416169426888927 0.226261054504854 0.0383102719255537
-0.0548494339686492 -0.0978827071981469 0.0679214023530714 -0.125414026143867
-0.178478595972491 -0.0129978718345756 -0.167413825040237 -0.0799145810355917
-0.0642442680296086 0.00285232336295504 -0.197024357000666 -0.0649362295094792
0.0227341194457114 0.110964029271678 -0.175928830405021 -0.0100856770687919
-0.153037980868461 0.193375556532625 -0.124777508771389 0.014463431287994
-0.293588145017069 -0.10551951948947 -0.0063051725005729 -0.0305492427487964
0.0201776063692446 -0.289021120545443 -0.00164800975213837 0.0151720203260779
0.258143079198077 -0.0114435533819907 -0.0850543536079827 -0.0374757296400644
0.136510138223288 0.236488994508637 -0.073888823494467 -0.0987503679206989
0.0157793014841463 0.322417764150402 -0.0739660704201731 -0.13068909244277
0.0921385134984347 0.320613858603463 -0.165329024712346 -0.0991995445452796
0.21773398075699 0.155923553036459 -0.233720028313645 0.0482359747700486
0.176366105473623 -0.0471224654151125 -0.110515940424374 0.198530925511209
0.0815248924349604 -0.140240472350791 0.138296554747635 0.128407661472841
-0.0213451323264138 -0.182582215031864 0.201243562983543 -0.0274082872853305
-0.128176633631115 -0.129257392178707 0.0492023934421053 -0.057220578561055
-0.226455975130472 -0.0847855224722944 -0.106091858256481 -0.0450340686069551
-0.171863177169716 -0.147345401495235 -0.195350416837199 -6.74980869827014E-05
-0.0647001672233352 -0.215719029270416 -0.204191345836696 0.0102983730749586
0.0858426917190942 -0.225863285587785 -0.116246404551443 -0.0371620765752078
0.206554791700139 -0.125320850528775 -0.0185995360372108 -0.11880672506391
0.241251577053319 0.0355934444435957 0.0343784583139576 -0.0985192658683788
0.216033971434375 0.199144888599366 0.0185335047984475 -0.0362935334995853
0.155180666293319 0.258713914659902 -0.0261712297991291 0.00974934128588506
0.150175283143953 0.251644744237986 -0.069262384079243 0.0395950006010636
0.223797105453848 0.165627311526277 -0.106322183113019 0.0985375716758901
0.269417999111418 -0.00528587641877057 -0.0632661511587937 0.151681220946828
0.202730637329105 -0.207202200155764 0.076208104360082 0.154567393601096
0.0323043737620093 -0.271866471275602 0.200257463075538 0.0893689090033038
-0.126497753748516 -0.208408123365948 0.190783081986212 0.0444113106213503
-0.189291038168828 -0.104323163044578 0.094375189321934 0.0263057249907575
-0.179665263369142 -0.132584913975801 -0.0416549664234735 0.0202704431154024
-0.0968747031515305 -0.192828618667276 -0.160995297430574 0.0737718526552867
0.00982197003923876 -0.20677170927056 -0.184174197318004 -0.00526385384714176
0.164857097252123 -0.185117252462385 -0.019858649454479 -0.153025418591725
0.289890472691278 0.0354103236878217 0.141547436318053 -0.143428315430546
0.199336380076717 0.273345810402533 0.158232808337261 -0.0044032156671578
0.0951377624747947 0.322063905282074 0.0718447067001217 0.0904499818329993
0.137319730384266 0.239532962821638 0.0367619341561673 0.111538927734334
0.240923665528148 0.0393489512568848 0.0567403520121504 0.0893149305924006
0.117403368557123 -0.243797153538353 0.0335744345672921 0.0363813502101388
-0.194850944703915 -0.204003066326706 0.0453865449940235 0.0385666756623647
-0.171760609246143 0.0454400166265646 0.138186300873073 0.0456459609950577
-0.0120231089845203 0.0241033305431309 0.17402699508878 0.0706297613163502
-0.0966333649382746 -0.0582540970500464 0.178501960701384 0.110522492634018
-0.173172318452462 -0.0418686031369102 0.164367403814897 0.0700077260558873
-0.0889561344627843 -0.116915345100684 -0.0327166500157655 0.0848022793310179
0.025385516692726 -0.0882881270852739 -0.189322399729306 0.0262668798648651
0.0210345652661056 0.034505986455764 -0.067472769984626 -0.156148150470491
-0.0498690449950883 0.030905075179749 0.167543638263448 -0.119536471373061
0.00454668998032181 0.0529998563727079 0.145308710234623 0.0309323897808674
0.0250252707997567 0.205061158405985 0.100460763615791 0.134550162362344
-0.0143504358777197 0.280036297811005 0.0309042501866023 0.225889646966693
0.101459966333145 0.184216154259609 0.0921773956716424 0.190446170323899
0.218068244388928 -0.141672787214023 0.201448514041634 -0.0390310174984898
-0.112963929542475 -0.423041282084045 -0.0308520070831257 -0.23750447878987
-0.522934911881847 -0.132788193947252 -0.104820633597882 0.00695243357114419
-0.346708493119438 0.351194790139542 0.178525538756586 0.0534507646557986
0.052450440042613 0.314506229766206 0.127636026342411 -0.0598426736125285
0.0375560476573914 0.076005876833462 0.0764275681662752 0.0633915906214553
-0.0916890805628374 0.00304831292715434 0.183001111326713 0.0699515482535678
-0.0302602362185764 -0.0612750061412137 -0.0741325793962058 0.116959525643892
0.0452608399745592 0.00196048686226709 -0.217226850913303 -0.108451872024236
-0.0381290313571985 0.101069400417173 0.122609606429047 -0.249505917840934
-0.144789878683217 0.0243042970113859 0.214226812605981 0.0609629626088514
-0.0863111208362978 -0.0332042038011034 -0.0618665666823092 0.133016514920156
-0.0257727093904086 0.0596111432722377 -0.0595599521572499 0.125507303267609
-0.0403649909655185 0.158063749526743 -0.0498310480253848 0.290920338260003
0.0624968787811957 0.107089308833066 0.12352430244599 0.242882862773787
0.112005717737185 -0.155060535911149 0.265977399722886 -0.228214772057552
-0.183174461571953 -0.261638242431659 -0.230578691627504 -0.423976143690736
-0.36303704231129 0.00675818298512491 -0.245431321171749 0.107301714565968
-0.193361682025353 0.288484936499271 0.240407637008438 0.0797710250360186
0.0796086971794326 0.255478130704934 0.0656760540898574 -0.217928421344057
0.0890417510466449 0.0782272010757582 -0.0850653166721032 -0.0197983963152196
-0.0196281649077653 0.00981176085272958 0.146647756270245 0.0515918135962673
0.00348348334295134 0.0015200326676357 -0.116861721505975 -0.0359067867890935
-0.0139910783891676 0.00554422906854411 0.157387086277978 0.0463519080032535
-0.0251218704934432 -0.00948307197136781 -0.00256172128373802 0.257807801660631
-0.00166364604559954 -0.0283714166924071 -0.258609712719385 -0.0246438683865322
0.042893530681562 -0.0261850738002409 0.223042537399815 -0.190709077122848
0.0315171532410599 0.0224032769264598 0.36380860170624 0.387810971500965
-0.00310409715544828 0.00873138179744515 -0.21642605455283 0.327650315946217
-0.0106984961848039 -0.0149818361467356 -0.138830432931333 -0.238424817761159
-0.00568261273359429 -0.00948654773797021 0.077422711281578 -0.317785147256031
-0.0019233534413347 -0.0147068998106618 0.117280478164735 -0.0901452922036979
-0.00846248074487783 -0.00328433878955779 0.204199594197334 -0.126631023957835
-0.00628242121001299 0.0181234313797006 -0.153661363372796 -0.194829075550076
0.00838660476129014 0.0180681160047816 -0.249766153707895 0.252925104347506
0.00889628710512595 -0.00662523015701416 0.233221176818704 0.199368516888676
-0.0120104682895602 0.00505555888456926 0.127716486977848 -0.150482161368826
-0.0184774559979067 0.0286493686157364 -0.138442213263386 -0.0452661283581504
0.0989228204891872 0.0793510066439649 0.0951027671066212 0.0105563947146393
0.0849525360315352 0.250724544930169 -0.0108214160102945 0.2101217635848
-0.17479105883032 0.290162736913717 -0.239508237023789 -0.00708027803542359
-0.330141351127811 -0.00739964901429201 0.197613582002838 -0.183236580758836
-0.132819023312279 -0.227377409061327 0.33201348238363 0.325680670829954
0.104147166010183 -0.12492914675322 -0.197267852933905 0.265658822238511
0.0430365781288407 0.0858238743996415 -0.123805792393743 -0.231091154346219
-0.0462331505934743 0.109585086256243 0.0719959278473675 -0.308542344865053
-0.0259846367552059 0.00467812022972666 0.093012218737508 -0.134623971383309
-0.0811007207577297 -0.054110300195627 0.13926692960256 -0.138348412919754
-0.153759941650622 0.0505013592724631 -0.17989721169083 -0.157220783810327
-0.0469455296219376 0.129446278189661 -0.219724471365413 0.239567985958818
0.0553567817334653 0.0218565687923332 0.227886748384319 0.15928475504554
-0.0184349370925166 -0.0444678492646272 0.11215916511698 -0.15065362439561
-0.0833035020786828 0.0322387276295195 -0.174490464801684 -0.0681713438863321
0.0889419262563182 0.0916767501894235 -0.0710992946969593 -0.0449693740442537
0.136226319824058 0.332416351609397 -0.0888279282734583 0.0872565850770945
-0.240218245022907 0.456381557272976 -0.177814064663689 0.0103110977625259
-0.530894584763376 -0.000980266588457858 0.116523067346715 -0.0930774550913821
-0.175317901290094 -0.372212067694706 0.164355153004895 0.197331570605193
0.200682822953729 -0.150087614015632 -0.163419096421484 0.103201226980066
0.0953619749688396 0.174645132620549 -0.102786474731046 -0.183218063948288
-0.0524753216419855 0.239006621402563 0.00291118446012349 -0.260379356969324
-0.0208842447338177 0.14895629103571 -0.0318588500602472 -0.20071937733473
-0.0377393507394445 0.0326281204856486 -0.0911817334448843 -0.120956033146727
-0.11271595890909 0.0843025378329417 -0.224765257446893 0.0210406990804481
-0.00091835305979129 0.10683155836619 -0.0490849489034582 0.210586061975457
0.0573872212123494 -0.0427661381702452 0.225213897016997 0.0324649015358299
-0.0572882724396685 -0.0968837120419032 0.0650316577793872 -0.127383710861468
-0.178927140093602 -0.00691615954838774 -0.17015502089643 -0.0758764588194608
-0.0643390069467321 0.00465767752610795 -0.198821633646307 -0.0596295633542857
0.0260042831980947 0.110457110056268 -0.177338916490131 -0.0059600771928239
-0.146801654337009 0.195699394266764 -0.12298760049475 0.0191083348804162
-0.2956029668181 -0.0964292793379384 -0.00865513175715913 -0.0306582434319213
0.0130154562275221 -0.285564092688218 -7.98610665323815E-06 0.0141450773587117
0.256623669571182 -0.0164439197334219 -0.0867634204050392 -0.035615707409353
0.139770424262549 0.233675758880281 -0.0747387344331093 -0.0965700335119659
0.0223931641908555 0.32138334945341 -0.0768858693649027 -0.12867750815284
0.0986959253558825 0.316835068642991 -0.16593063219121 -0.0956772411561921
0.22102340727474 0.149240411028764 -0.231076295125504 0.052309816016218
0.173401872317603 -0.049981660365319 -0.104886328427808 0.197555849541627
0.0785062164010484 -0.140626612008455 0.13944886516845 0.124340157452784
-0.0261865725674985 -0.180419268402299 0.199528790945558 -0.0340958603134326
-0.131773047316032 -0.126015335229229 0.0453304414560416 -0.0582067655689266
-0.227696684353992 -0.0768904829854261 -0.107342027529751 -0.0439191671590405
-0.176651054688294 -0.141623117179262 -0.194596009600351 0.00599028288477286
-0.0713281361391355 -0.213238339642636 -0.202409537555187 0.0157554198151047
0.0785936591881997 -0.230015180422487 -0.114706863117651 -0.0338794811181933
0.202916704130978 -0.129375882240749 -0.0223657628017529 -0.116373655714272
0.242080646040373 0.0313734763854354 0.0325011438259501 -0.10061007784645
0.220970754872027 0.193297796088736 0.0179473718955915 -0.0373410397747799
0.159038959813351 0.254752899667464 -0.0254934738703239 0.0107860117563802
0.154792909966156 0.249110032837733 -0.068823348500238 0.0409651120420209
0.225651674616065 0.161003434509283 -0.105142109722617 0.100569891746301
0.26804686137645 -0.0119393552512165 -0.0600912849452543 0.152386107114115
0.197494535177944 -0.212081172134048 0.0791088404769914 0.15175353427729
0.0247285395982422 -0.273021538608339 0.201980735526625 0.0836340018751748
-0.131041137060982 -0.204595243284891 0.190444921402264 0.0396459969675951
-0.190525842390209 -0.0994697112442541 0.0932385823638252 0.0243553970993127
-0.18143070589714 -0.127089858943356 -0.0404954184915142 0.0211648349369236
-0.10212306547116 -0.191224001519909 -0.15855702048651 0.0772169872986158
0.00471858995290569 -0.206948985067788 -0.182657765889663 -0.000246891392384917
0.158115600413961 -0.188197258690167 -0.0214776492392746 -0.15317293327801
0.289353467584408 0.02918733652215 0.137905753650664 -0.144760199683239
0.207493853217154 0.269312642592342 0.157051452446108 -0.00882016363424371
0.102166555723268 0.317118353625123 0.0725381647407116 0.0883341028132489
0.141519421098565 0.234594504374353 0.0388454751366062 0.109950804576841
0.243062838963081 0.0353665762005081 0.0579365469568128 0.0869022954041402
0.110953920446216 -0.243728363118074 0.0336590536200752 0.0362524567182245
-0.198745407109004 -0.198065288191556 0.0447466094066426 0.0366392298394924
-0.169123962411895 0.0485696842206388 0.137908855144665 0.0423132434826134
-0.0122117970460623 0.0228825728268154 0.175236758808485 0.0660515700011587
-0.0982933645010601 -0.0553886885644244 0.180803594054656 0.105463293200669
-0.175538322334659 -0.037693670915669 0.165465940074432 0.0661287463176254
-0.0921656025506674 -0.114615760084718 -0.0300242567400448 0.086008870242531
0.023736259815598 -0.0892544971536961 -0.188073326028589 0.0303386065516535
0.0222430141442465 0.0353951306085237 -0.0705984586583565 -0.154278449804061
-0.0514959730456016 0.0339814938028354 0.163844504459653 -0.123714416364986
0.00424650296063367 0.0528775619708723 0.145161593745164 0.0291605714702983
0.030086514773105 0.203443022208964 0.100995522574087 0.131049297479073
-0.00603257679708223 0.278991950028437 0.0353979607978575 0.224443543010527
0.105299347359589 0.181816360104621 0.0965548543682335 0.186391569804702
0.21435611378587 -0.146335903391657 0.200370569538622 -0.0441010601860738
-0.12422708384692 -0.418224211058486 -0.035801936590097 -0.235217351137221
-0.523643942384327 -0.119000953502053 -0.103972388156193 0.00890028750634275
-0.336563271376807 0.358232341355463 0.179047974359877 0.0492990603305596
0.0600113772666459 0.311245424039499 0.124638659439112 -0.061466499109009
0.0385810416281757 0.075846909387635 0.0790241253551873 0.0618592988059637
-0.0925494469496108 0.00602714464270089 0.185295276389039 0.0647928045855509
-0.0315353795460188 -0.0611675589349043 -0.0702520236691275 0.119122081287022
0.0456162010743091 0.00283296256661145 -0.21941387774848 -0.101845375220123
-0.0352121568129261 0.102638663688587 0.117444259643326 -0.251171854644246
-0.144764006666676 0.0295420682047381 0.214032582812141 0.0548069312832509
-0.0873989254875028 -0.0317709266272805 -0.060298321092617 0.13419397118232
-0.0229741006789431 0.0597509643362086 -0.0587476547829177 0.125795206650827
-0.0371626267218141 0.157910217331566 -0.0438015700237179 0.291330119873367
0.0653829393145491 0.105437346024273 0.126785262804131 0.239082982059599
0.106924550681728 -0.156386815323852 0.260045254862234 -0.232387230503548
-0.189686622118763 -0.255458312237871 -0.240236321278421 -0.417124641970864
-0.362789735524637 0.0166526095920428 -0.24129100907731 0.11321760217113
-0.186337150712754 0.293518467156588 0.24152003712271 0.0740848081611606
0.0868597239601756 0.252372039115612 0.0597190419801503 -0.217018544062547
0.0904513708783447 0.075402242556873 -0.0841481571693143 -0.015961334941086
-0.020900968867383 0.00973847282116029 0.14837468518141 0.0467450218007127
0.00367808961081719 0.00109019260220819 -0.117827873937497 -0.0319693244916048
-0.0132671467046672 0.00560289128573304 0.155675471993317 0.039748590939075
-0.0251252344305272 -0.00835907069031444 0.00485275532108903 0.25760623010747
-0.00218928101100525 -0.0290413196143364 -0.256454282193439 -0.0156928118095624
0.0412270610738378 -0.0279780563603469 0.217221352352036 -0.193579045838938
0.0340139175727553 0.0209374795106038 0.373351305467123 0.374342635502933
-0.00307458836600585 0.00815129096735651 -0.206638985370941 0.328495347905424
-0.0109064296266868 -0.0139216641859169 -0.142132349029021 -0.233992835248846
-0.00359120166656595 -0.00999811953306127 0.0699668602700082 -0.315036086216957
-0.00234165383784024 -0.015423483109637 0.115927333068165 -0.0902631485304363
-0.00847019852614885 -0.0028305409829654 0.20242411028294 -0.130251453222618
-0.00581909098186256 0.0178317889170192 -0.156499135913009 -0.189210022059107
0.00892578911141628 0.017920979868877 -0.241455737783667 0.25703291736518
0.00827646217960491 -0.00697720018693866 0.237470640515952 0.192021985908144
-0.0117937865346553 0.00430672642381543 0.121907783684829 -0.154753037463987
-0.0177115576558537 0.0284888941237424 -0.139002536417055 -0.0402383146761887
0.100441741255412 0.0753513468659412 0.0933590118810614 0.00692378704366107
0.0927338560221311 0.246368751831215 -0.00494521880595778 0.209832833801231
-0.164455793573577 0.292991676178111 -0.238284055698964 0.00044557955431119
-0.328824606169986 0.00343150340461404 0.189444140734561 -0.186843178745265
-0.137185260437643 -0.222204124286369 0.339884982478388 0.312563761412154
0.0998947213218134 -0.12745962026242 -0.187837716429485 0.266955475981127
0.0446891414480507 0.0838157399849933 -0.129160697749133 -0.227711399220273
-0.0430400608281313 0.1091202969832 0.063807479469666 -0.308612962854961
-0.0256109478947496 0.00422040173020214 0.0906913851394397 -0.134548837689307
-0.0837352504927492 -0.0518536840413229 0.136144786191109 -0.139760624241951
-0.151949591773879 0.0545863767575557 -0.182138354112958 -0.153266828760835
-0.042138238475538 0.13105109018903 -0.211449410690172 0.244068110807599
0.0566717656378257 0.0199603300319588 0.23220236010665 0.152346745453543
-0.0199934045634554 -0.0445151833761678 0.107109735362511 -0.154015443152065
-0.0816480829418615 0.035711657089428 -0.175809396091988 -0.0618248750765118
0.0901124622858937 0.0877610932142278 -0.0729102573420152 -0.0427646278157063
0.146239368861227 0.325892057148776 -0.0861851017067844 0.0896879727912897
-0.22383718250964 0.461611387424591 -0.177265335913463 0.0168947600188563
-0.5270623585741 0.0162847977078942 0.111853724690957 -0.0959312808868926
-0.18453424559156 -0.36160403991942 0.167888298646987 0.190181938864846
0.195898498773643 -0.153477184045585 -0.15798737102855 0.105463076846054
0.0982583435684529 0.171134981753289 -0.106048147394782 -0.180785124156325
-0.0475363743029401 0.238461804039328 -0.00143927174725816 -0.25975082149912
-0.0170470123976961 0.147402034136303 -0.0356542464584806 -0.198288472600015
-0.0384017886641428 0.0315547717878367 -0.0926269722723251 -0.118046054582348
-0.110527599328817 0.0886476806791146 -0.221676741316772 0.0252551424959533
0.00270653626046607 0.108914705673225 -0.044024998980151 0.21173809351482
0.0561070739663963 -0.0433129514016879 0.224561494824033 0.0249948974142318
-0.0589320869400961 -0.0944361406905286 0.0594329707621533 -0.128195403884947
-0.178843425364732 0.000679928521717516 -0.172008237611837 -0.0710327161761899
-0.0640838362034434 0.00722163269552037 -0.199641016588081 -0.0544402859522111
0.0287881947667399 0.107247767052037 -0.176118617240073 7.77750263245324E-05
-0.140434692822856 0.197318024899791 -0.121131673448538 0.0241751600113031
-0.295551055344211 -0.087799827479377 -0.0104878994872275 -0.0301188320465091
0.00365610798923419 -0.282735269062108 -5.59897063422646E-05 0.0123825173059408
0.254540807059294 -0.0227230701362479 -0.0869175194434589 -0.0335358164044127
0.144429716721343 0.228273484619965 -0.076011314870708 -0.0934836703322086
0.0299069164450856 0.320231738821907 -0.0790959640635738 -0.124781137909199
0.106483757925723 0.313345067968563 -0.167306246598243 -0.0908211423285352
0.223185896040544 0.141103719340893 -0.228052243244312 0.0575265652370688
0.170424724382102 -0.0539783375809509 -0.0999214338765187 0.19795457831784
0.0731811185934898 -0.141015023379422 0.141056061297781 0.118966440094426
-0.0313763540695349 -0.177931041554412 0.19572372790143 -0.0392294574241736
-0.134681135888783 -0.12189306386233 0.0423467839208651 -0.0586993032835812
-0.229605436422041 -0.068570638920001 -0.108704241767202 -0.0404855335306983
-0.179772884788777 -0.135240631102378 -0.193084111025178 0.0107479344636688
-0.07750735188098 -0.210092280994788 -0.201121491103864 0.0224680975933754
0.0709063831436539 -0.232226732085395 -0.113258684474623 -0.0297769716012407
0.198946402615155 -0.136445732648892 -0.0260305217122787 -0.114014969035961
0.242802348004356 0.0249964342230356 0.0297041142427394 -0.102193008340461
0.225536977279581 0.186867534678591 0.0164763730864831 -0.0381143886468573
0.163766879427748 0.248835970469784 -0.0246154301861997 0.0115768601948993
0.161950271120686 0.244640876902016 -0.0671922858121268 0.0429145520693143
0.229334614884325 0.154580459474057 -0.101725187671507 0.103119408798971
0.26792031753005 -0.019069329076451 -0.0555438215475874 0.152516110941982
0.189568931370651 -0.217626507925922 0.0807332038779356 0.146859280452636
0.0161666997286844 -0.272435167283376 0.201744261867509 0.0758155666115967
-0.135813478565711 -0.199762438374713 0.189701695572144 0.0332277947334406
-0.192948427471817 -0.0929088492802813 0.0928523165859473 0.0212240134613585
-0.184781011552635 -0.118694428327277 -0.0396947428364767 0.0227128237988541
-0.107983288496625 -0.186765412871793 -0.154741165713868 0.0813505342382409
-0.00068116047642877 -0.203817194856376 -0.181528854008141 0.00522016011298439
0.150083147258251 -0.19142846440281 -0.023591355899723 -0.153001467120107
0.286781939239964 0.0190671135157524 0.133511311082587 -0.146942229157625
0.214750826924033 0.261645497474893 0.154399084785493 -0.0138946617618806
0.11187314304237 0.31321660586304 0.0748215081239727 0.0862314214523088
0.14500606216194 0.229970527739902 0.0414423158893165 0.108219707950881
0.242857127318429 0.0288600343618961 0.0597645051651518 0.085351063195863
0.102556720007378 -0.24512242850599 0.0343637140912461 0.0365472026325866
-0.203526225999739 -0.18914854190494 0.045064069201346 0.0349267582639629
-0.165722353634922 0.0529348148699465 0.13779661661208 0.0375932636988558
-0.0121113023963727 0.0211327617928305 0.176251561323351 0.0603091150900905
-0.0991442251053801 -0.0525439737650733 0.184122223567406 0.0999449761581784
-0.175446130244526 -0.0321299798556339 0.166228754936693 0.0599069664415423
-0.094382139329279 -0.111115546224525 -0.0268759512440137 0.086168613956119
0.0198156024909696 -0.0882346127084776 -0.186707374805549 0.0361497964690864
0.0236990394620734 0.036638365768692 -0.0729532810322475 -0.150734966353336
-0.0512979378437982 0.0375786264423557 0.160281110504791 -0.128060486211301
0.00359616494825938 0.0525316613119555 0.143758168427487 0.0263561670514077
0.0375116496082921 0.19997636622753 0.101920119473275 0.126943781266823
0.000579528774460695 0.276316339130178 0.0399235418611935 0.220558244877581
0.109190815414646 0.177615147480198 0.0994172001396556 0.183741806875564
0.208692394293442 -0.151714238946712 0.198071098557583 -0.0487659832790646
-0.13529304190536 -0.412168070696227 -0.0424581812289507 -0.23390480537004
-0.524564793062871 -0.102658194657086 -0.104048239258013 0.0111860451226397
-0.322842971305784 0.36652329175698 0.179450371979397 0.0443297479610804
0.0677619921937304 0.306280140783728 0.12245125765549 -0.064443732960704
0.041385928449399 0.0734161358633536 0.082036958904564 0.060478052049223
-0.0924343574514354 0.0079703600497934 0.186253765209662 0.0576221382145959
-0.0330509491550039 -0.0599462122623544 -0.0654370435970059 0.121397126522638
0.0451068881585624 0.00177918623933038 -0.22157495226778 -0.0946344964896904
-0.0320629215302461 0.103651624800043 0.110157515293172 -0.25415425056198
-0.143792482096896 0.0349135680224113 0.213265113551461 0.0484849195785928
-0.0882398232257301 -0.0289072703904391 -0.0573795166276097 0.135057626038684
-0.0215697784481329 0.0589108665514076 -0.0563405146335118 0.126412384774104
-0.0316348941816833 0.157626508572337 -0.0361235723638569 0.288524609446513
0.0673856964616527 0.102320047533208 0.131535026870237 0.235235632449093
0.102662944676656 -0.159414476625544 0.25271553159689 -0.237784669260957
-0.195389179918367 -0.249006667431478 -0.251246084345755 -0.408647103039104
-0.360979987227949 0.0261238619258889 -0.235946989532539 0.11849624111694
-0.173954627332856 0.297056003514534 0.241938868128036 0.0647671234912505
0.0947099449846543 0.249138856367312 0.052348513315537 -0.215418960775549
0.0923010534245157 0.0724748668297581 -0.0825552245746916 -0.0129331882829028
-0.021659686264543 0.0105753648640269 0.149386073360118 0.0410188906535979
0.00321089334935702 0.000368109012126465 -0.111960514825535 -0.0456605468085572
-0.0125709392364956 0.00605717800965797 0.146664427431335 0.056833422121229
-0.0240536995156709 -0.0107416255060808 -0.0265113845970591 0.252689937699812
0.00097347543202633 -0.0296535180339358 -0.247555045084318 -0.0473836862488754
0.0442777197126039 -0.0230231516359345 0.237343822027151 -0.162815552991962
0.0294170797858258 0.0253082046376175 0.316357234258812 0.414135724484028
-0.00528441271405157 0.00682012461684061 -0.245003603099016 0.293221457420708
-0.00850031477166473 -0.0153976105142573 -0.111000671042746 -0.246990272429718
-0.00117115312504865 -0.00898933756312961 0.107974327671683 -0.299225821534058
-0.00143708816415539 -0.0148472759453741 0.126999099595727 -0.0707777247230853
-0.00867216368945454 -0.00290594681397266 0.216942163929652 -0.103096479718597
-0.0069899006524741 0.0173978119749406 -0.129654909062308 -0.207236720975542
0.0101160471336907 0.0166790760523183 -0.270634770667829 0.223147540976968
0.00694801776965073 -0.00968505605583308 0.210281832186744 0.220046153774842
-0.013177280205898 0.00475323292339584 0.140134784472003 -0.137276262058189
-0.0206052409292269 0.024173093224876 -0.131883703759268 -0.0563588438684965
0.0900911048870519 0.0850038885176339 0.0878022855697895 0.0185194416765766
0.0627843769277208 0.252194900745676 -0.0347911894094744 0.205012001627747
-0.194992646649893 0.267438674689374 -0.234819355437571 -0.0310694225500008
-0.321831772635588 -0.0363592392451516 0.210049723191921 -0.163376440451686
-0.10649659601935 -0.23240327260381 0.292993015037436 0.349527849521574
0.112020902812426 -0.111233548769023 -0.218037976840863 0.238796200245983
0.0329357508637289 0.0877584382522691 -0.0963693182079327 -0.241059702699189
-0.0553958722255959 0.102447006119808 0.102010966294318 -0.294103923391824
-0.0265690059806741 0.00108940878747969 0.107760136782584 -0.118395708301845
-0.0758325723169175 -0.0610256501197382 0.154796011681543 -0.121005701205075
-0.154310773373554 0.0360414753160175 -0.160286305546835 -0.175983607778502
-0.055478480830176 0.122492434883298 -0.241090357837048 0.213863952709523
0.0493874537503021 0.0244715667173285 0.208620395549301 0.180109053620546
-0.0146053325368123 -0.0441676738012468 0.125023102964676 -0.138641226298349
-0.0848390201638263 0.0250585014383295 -0.164887431375906 -0.084871149358504
0.0780730483952986 0.0941834927718129 -0.0688895302977188 -0.05107142687552
0.105427947334767 0.336173999106087 -0.100994865438168 0.0770607174441306
-0.273010181541123 0.424307005913093 -0.177425811216935 -0.008370683567923
-0.518068929243224 -0.0470799634300721 0.12298391161851 -0.0862760051161723
-0.13446255344628 -0.374596416604942 0.143534116930671 0.208748641574292
0.209223297168147 -0.124759159841909 -0.168832569827504 0.084362577592007
0.0729283672528968 0.178898062581364 -0.0811464155980174 -0.192084950627455
-0.0767542222374594 0.226871693839891 0.0316422459733149 -0.254920490739273
-0.0361960446300881 0.141988986914188 -0.00768105201569794 -0.199543034459618
-0.0427619143370916 0.0262497876734229 -0.0735077458388757 -0.127811527445185
-0.119029701679215 0.0738053623377142 -0.221541761121917 -0.0040829716140662
-0.0114257438722994 0.10654638502852 -0.0708959190114423 0.201661542855793
0.0584348844029341 -0.0358820946871153 0.216632314525625 0.0536967481307645
-0.0467978834614948 -0.0986729188638657 0.0754146052772847 -0.119582455013063
-0.175315872805752 -0.0198578555948519 -0.158234951988325 -0.0948840080725279
-0.0654172390482398 -0.00277898282778574 -0.188195751187412 -0.0793701580404556
0.0151462960413403 0.107878521079568 -0.175331175337278 -0.0221383425676713
-0.159396652750296 0.175050245149612 -0.120962688084168 0.00675119890836111
-0.277965685974513 -0.121119974057429 -0.00538634868526811 -0.0331164482847891
0.0388689044868661 -0.274012334496769 0.00100474281209215 0.012295612417525
0.252193181544988 0.0113563192287326 -0.0807655507020162 -0.0433100245281983
0.109738133584918 0.242122187635469 -0.0616039659874474 -0.102255504648254
-0.0138024570630693 0.316234026293972 -0.061686656290706 -0.132447147766229
0.0659021365872404 0.319630821844933 -0.152456095530052 -0.111458562194329
0.199520711983996 0.165939972080344 -0.23112177280281 0.0275309375664033
0.172721091319112 -0.0310803974513834 -0.123853659779729 0.18236168761504
0.0877421476909793 -0.12934710012524 0.123596412329272 0.133929543664885
-0.00972333831502198 -0.176967598034432 0.197980946741314 -0.0160439401350593
-0.116297080768504 -0.134588153203701 0.0500857074583803 -0.0530258695310849
-0.216430116517401 -0.0928969406820676 -0.0993144631786772 -0.0568369888700795
-0.162584528094196 -0.154318396388837 -0.186828543498536 -0.0158111078235049
-0.0525938426417605 -0.214287167733838 -0.197465803788001 -0.000973542818555456
0.0972249735784397 -0.21956967213645 -0.102157790461278 -0.0412595379429029
0.211293020438679 -0.110942408121348 -0.0108854164168748 -0.111290617674944
0.234406109684937 0.0562316214458022 0.0414157761085038 -0.0959040437353916
0.19770529617709 0.210864473921408 0.0195198300931732 -0.0357657891153456
0.127738198326738 0.26435548251608 -0.0258593935085562 0.00836987149713811
0.125685820551814 0.260021391344685 -0.0717702947988944 0.034112945614009
0.205109370746408 0.180513258734914 -0.114271942597639 0.0889546136547057
0.26495638802149 0.0140013969269082 -0.0756981098030597 0.141955756839968
0.212403287905753 -0.19036217086181 0.0608086435996153 0.155637541772517
0.0482305036476224 -0.266527159011762 0.190641645691809 0.100777072859006
-0.110609630282508 -0.213346120342936 0.183814032335406 0.0557891194615933
-0.178302221428071 -0.114910250677662 0.088902882670625 0.0318000343474905
-0.168416761772454 -0.138204724089124 -0.0387025487532216 0.0149218626506559
-0.0852823783447193 -0.196105311034786 -0.158263742449812 0.0594981795501892
0.0220232544787466 -0.19960654923521 -0.174646133727437 -0.0135946898479546
0.168949731079534 -0.168157147458967 -0.00116845883013476 -0.150584747634671
0.278704101819146 0.053437416237637 0.147673010202909 -0.122535594345203
0.17758389255861 0.282376246531099 0.148945245903242 0.00612935689675125
0.0679515103362345 0.318692336605469 0.0597300972241454 0.0914767341568493
0.112453267433929 0.243810488459035 0.0255882712498806 0.11132716547172
0.23237051633751 0.0602823136887187 0.0467075892093634 0.0904821616539186
0.132053432488076 -0.226127449815011 0.0287002349132256 0.0404017011522036
-0.17433390017636 -0.212300319266789 0.0396109556342352 0.0397612924065617
-0.169199783987797 0.0283988039037359 0.130248534794854 0.0544042052369854
-0.0164152773007345 0.0169906819975272 0.166298343442995 0.0819678279408087
-0.0926013151880263 -0.065743279233034 0.169050252812548 0.122559349173124
-0.169287469576265 -0.0532154950359057 0.155771356800183 0.0796932466768482
-0.07903202892387 -0.11843691751391 -0.0349697009388773 0.0807525466557994
0.0285374619873751 -0.0843546055810936 -0.187113316399678 0.0115160102607689
0.0188126427662953 0.0395318386036828 -0.0527376376292878 -0.156142393140134
-0.0551021542752054 0.0343109798870361 0.172129615694445 -0.106563353409954
-0.00344401213520256 0.0519940951398335 0.137465898974963 0.0438936358827918
0.0111941593007042 0.199135598973437 0.0797138461508677 0.13633348012854
-0.0353089656870724 0.268832294476318 0.00907698364037974 0.221193524458263
0.0817789372888662 0.188394921441025 0.0729056148327256 0.193556819509543
0.2221527231908 -0.120359971047483 0.199532466568114 -0.0225665491609873
-0.0800934937242119 -0.416693264648185 -0.0105034180762357 -0.233287999609667
-0.498949874982211 -0.166216616996701 -0.102117567125796 -0.00290878234402472
-0.364514438276876 0.315890726606703 0.171349139833617 0.0644280475701387
0.0266839234812557 0.307128655924104 0.127721600153137 -0.0464758680441928
0.0293857448724626 0.0753831037466757 0.0739165955054374 0.0700697385425036
-0.0949807478608177 -0.00534159886981205 0.176722334529518 0.0796722956737408
-0.0252718070491139 -0.062626947535948 -0.0788463749511003 0.110511187607592
0.0437311051636875 0.00595234634579008 -0.20408382643776 -0.120646958073055
-0.0422713751850396 0.0984003594757474 0.140885637126247 -0.236562309467387
-0.145209140518852 0.018531072923037 0.202534111492348 0.0733154754000736
-0.0833698029909726 -0.0389246816675384 -0.075361701258506 0.124800324021144
-0.0276353811874058 0.0528221589999949 -0.0740122735242141 0.114228915259911
-0.0510329308633312 0.148351522949745 -0.0740430404179331 0.276216785015946
0.0520113898397231 0.108505130710601 0.0971372680599495 0.248723853559923
0.119033875109288 -0.140595676514818 0.277896451379867 -0.198303877702223
-0.156971375583605 -0.264331405484773 -0.194136977892384 -0.432915702787295
-0.353314982188555 -0.0213976173135317 -0.246598292517103 0.0865897559543371
-0.210245711609102 0.266958000119228 0.230525289296266 0.0940540818667078
0.0589078646966728 0.254073861485496 0.0783752049663565 -0.204335185430491
0.0815130212921754 0.081911882963562 -0.0790699894263966 -0.0213529732428487
-0.024198380710541 0.00645403920699606 0.141666092781279 0.0592866675635924
0.00287584014767476 -0.00128621595477466 -0.111536867673182 -0.0424452319204817
-0.0123657083525779 0.00651854258978036 0.143564323465883 0.0530969963472103
-0.0234513391325467 -0.00991245970500023 -0.0228786244773554 0.249946301029351
-0.000493327384819121 -0.0287264327143513 -0.245031924898025 -0.0428445444317029
0.0439684616455074 -0.0237778348673827 0.231450279354027 -0.163022714829229
0.0302863623383925 0.0246072702501852 0.315626672097714 0.399368109830036
-0.00636408975339231 0.00644670981776099 -0.235573542786966 0.290268656749887
-0.00824734508057944 -0.0145945529028353 -0.110312757272115 -0.241973328921491
6.60851528503526E-05 -0.0095367286451152 0.103140401006888 -0.294803001254298
-0.00167191626356193 -0.0142352186326308 0.126742912508347 -0.0685845697008779
-0.00783247634648543 -0.00224432706143413 0.213873023640596 -0.102810632316003
-0.00680682832964248 0.0169816755764098 -0.128269933508929 -0.202922860284611
0.0101706402833669 0.0163687438520717 -0.265292608688314 0.224764029465675
0.00610281299219667 -0.010800484859683 0.210509387699583 0.21531264664812
-0.0132185643205037 0.00406696383133355 0.136058164336633 -0.13915053963117
-0.0196461402719957 0.023245371098575 -0.13146519868842 -0.0530603088578857
0.0906805135721906 0.0811525852190123 0.0854209472313435 0.0155236864548325
0.0661399656077795 0.247909402910205 -0.0306442008242213 0.202385971710905
-0.1876384882206 0.265394910589805 -0.229567316252409 -0.0257429881383192
-0.317627179278643 -0.031062485251886 0.203964804444818 -0.162214743622412
-0.107063235975478 -0.22794302090241 0.294888280663905 0.338207412611993
0.109142606643873 -0.111339147077441 -0.211166580923971 0.235557713675572
0.0332994668197113 0.0856743891444551 -0.0976894962736367 -0.236261106544002
-0.0526927767968142 0.100265020423304 0.0977269258916365 -0.28899796214293
-0.0259527202028699 0.000316515209000997 0.105855488329621 -0.117008416991864
-0.0749295314756007 -0.0598618520829532 0.152894818288088 -0.120626839552273
-0.15255803335111 0.038568739281749 -0.159008080145798 -0.170760516211943
-0.0527790933479692 0.122933470662446 -0.233767307698238 0.214327269382669
0.0490484448961433 0.0225738790643592 0.209171466471153 0.174819006262405
-0.014393801485652 -0.0440632632825616 0.121456061170504 -0.139759181820215
-0.0835763552580065 0.0256411336953536 -0.163380675730505 -0.0804427223627189
0.0780796261625035 0.0918583220990982 -0.0695376775782798 -0.0495829291222054
0.109037910027562 0.327779694698873 -0.0985161248801451 0.0777999265349884
-0.261429278768018 0.423013678811128 -0.17410762183418 -0.00407505556023602
-0.511810193584511 -0.0397947589068669 0.118763722356665 -0.0857145860387207
-0.136584984779478 -0.36716550972316 0.14489340871804 0.200933985620486
0.204126988359242 -0.125054435251192 -0.164455337118241 0.085046381689658
0.0725872517192432 0.176331452555714 -0.0812990681041543 -0.188709246612191
-0.0736571414173564 0.224092974082417 0.0294370435305471 -0.250337092674298
-0.0336197146316291 0.138769921353278 -0.00932306325004145 -0.196227952018506
-0.0433530491002362 0.024795490227825 -0.0715065677674877 -0.125873172682225
-0.117135004645808 0.0767275071535466 -0.218563132741219 -0.00240562264728021
-0.00964094898198623 0.107745157973017 -0.0673114861005282 0.201617001312994
0.0567323214257327 -0.0358309252620797 0.215633633547111 0.0497456094266562
-0.0489335856958739 -0.0969102115348744 0.0727327963157025 -0.118618200677553
-0.174069901436454 -0.0158591214033324 -0.157351433287953 -0.0908957443179285
-0.0652989058137955 -0.00198537722356946 -0.186652888004723 -0.0752658776353468
0.0163627079930456 0.104882179771471 -0.173156773988062 -0.01707330307935
-0.153956234258014 0.174070616456782 -0.116556579293163 0.00903501761746476
-0.275950936093573 -0.117498749984028 -0.00645612351480422 -0.0319185271913263
0.0366376775404347 -0.269399158012889 0.00109735281418449 0.0104479129046279
0.248896224391637 0.0083170388441676 -0.0791071563407624 -0.0419553265550288
0.109746190983395 0.235447383472003 -0.0615046971357298 -0.0992609273587765
-0.00839964159016895 0.311957211182979 -0.0621854026059399 -0.128996862303628
0.0685507642731788 0.315722643855859 -0.151012356237343 -0.108459577777413
0.19848070743329 0.159544281521472 -0.226966291544986 0.0290488026746912
0.168911339783245 -0.0317091938137615 -0.119859410551102 0.179235530332965
0.0850865642268561 -0.127146011720601 0.124078351370936 0.129636891740053
-0.0129431295637511 -0.174462854610298 0.194329539535083 -0.0187287310508894
-0.117953512386706 -0.131458121909819 0.047604771365609 -0.0532101332148593
-0.215406693358863 -0.0860295298884311 -0.0996047853163241 -0.055222205565269
-0.164196058559708 -0.149306142835773 -0.183446939056842 -0.0133385097719646
-0.0552347916755872 -0.211573055005734 -0.194774051351277 0.00360577265823308
0.0925585452394924 -0.219069242049506 -0.0996766778460259 -0.0393522319507049
0.206528208531348 -0.112701750575908 -0.0124140483948497 -0.108046309504213
0.232430130741501 0.0538626441567827 0.0386045931444067 -0.0964501273956313
0.198383891276487 0.207679885996529 0.0199770890687922 -0.036032975349311
0.128135041586729 0.259206058942224 -0.0253329672430403 0.00804406824467948
0.127437970066285 0.255558612664069 -0.0716034819664224 0.0337563614700129
0.20518344190836 0.177373418577082 -0.11173038507404 0.0889748074604215
0.26058376875176 0.0120196941901679 -0.0743218471009525 0.141167644734602
0.207370266495036 -0.191057324407823 0.0619973696648416 0.152187528420444
0.0441447793659961 -0.264882423272401 0.189261269838512 0.0951928235145
-0.112808201247478 -0.209976454725724 0.182818771664557 0.051846730382201
-0.178788019765162 -0.110867842254868 0.0872299695855021 0.0297125391954937
-0.167312457530478 -0.13223529979509 -0.0379675904315642 0.0150729244254337
-0.0874271897004111 -0.191493002593174 -0.156079067027173 0.0601127274644477
0.0194110108017218 -0.195727231646006 -0.171033784663697 -0.0104705819943102
0.163285047112277 -0.167038894953842 -0.002617419540706 -0.150065708503013
0.274477148117686 0.048879270890623 0.144622157134214 -0.121924713870787
0.179317812083233 0.276193102201655 0.145179546486891 0.00268827895207554
0.0726146498709146 0.311213615037948 0.0596209279855102 0.0901391270637779
0.112756872034335 0.239716747463993 0.0259525695134222 0.110059298906689
0.230142715308959 0.0581056030942828 0.0464992195625176 0.0882796266422466
0.127003481398288 -0.223562931410319 0.0284125229204047 0.0400891599072284
-0.175301661434168 -0.204383322151458 0.03904376617478 0.0372181659997001
-0.16552578267418 0.0296453479185904 0.129491789186953 0.0519611966636774
-0.015563133005953 0.0146250694186309 0.165120236698043 0.0788734096956953
-0.0924616435292102 -0.064272557339816 0.170321054358171 0.118154993620681
-0.168564735600774 -0.0493911789265729 0.154319362392749 0.0760824167182194
-0.079549164240239 -0.115702041876585 -0.0332174648421871 0.0804492674644527
0.0271583478661673 -0.083610293440516 -0.1846655081336 0.0152089538428417
0.020473028194067 0.0402191616892225 -0.0522751808370459 -0.153767550363671
-0.055477888301384 0.0369179262375675 0.168454220452001 -0.107992776185501
-0.00374501122305028 0.0524059318115171 0.135379355001802 0.0412571161481331
0.0149949517769804 0.194941046882532 0.078380015081651 0.133415741237459
-0.0323678117993511 0.26294324067698 0.0101070653671243 0.217212336704063
0.0832150007145162 0.184841612538946 0.0727699833794091 0.18960978048043
0.217825266291582 -0.121139588970874 0.195231490091545 -0.0255460684833461
-0.085246429354502 -0.409842768261026 -0.0143202909889993 -0.229753097194426
-0.494014071495393 -0.156801723134483 -0.100664262558007 -0.00245209397590671
-0.353878162439892 0.317632468839254 0.16936413446045 0.061174630631653
0.0316614599526536 0.301130899852199 0.125384599121618 -0.046769909597519
0.0301006883523866 0.0735638088235561 0.0749149399020325 0.069293149927672
-0.0940345512407885 -0.00286567564631231 0.175267810858246 0.0750687615894942
-0.0260286715705669 -0.0608657566562631 -0.0756588921188547 0.111382846840616
0.0439329972120376 0.00614329113971934 -0.203811630207146 -0.115407558840751
-0.0393644050048054 0.097552742217266 0.136207560950262 -0.23652726274657
-0.143869943411058 0.0221940416135981 0.199475517304202 0.0695936828294716
-0.0830317098455768 -0.0374789960510554 -0.0742950768919873 0.123291689865922
-0.0263853710444558 0.0507592896584506 -0.072883233021284 0.113348985885862
-0.0484525832784296 0.146573249936765 -0.069822556036252 0.271651063128745
0.051741536338881 0.105990568206159 0.0970158983794187 0.245020469662202
0.115827152133209 -0.14059934777235 0.270005070216127 -0.198477536167162
-0.160269277452474 -0.258616953577367 -0.197348159258542 -0.424535638471044
-0.348952309001391 -0.0169029940821378 -0.242194887507058 0.0880113917180425
-0.202886422821768 0.264922621662807 0.227679125120639 0.0898999833732896
0.0619784496760151 0.249426411522096 0.0742414687857182 -0.202143200232966
0.0826166364937399 0.0794261233259003 -0.0769390080383928 -0.0186757006053187
-0.0247814088801962 0.00644957954185242 0.1428284672987 0.0555731612186126
0.00307793175279535 -0.0018154846020291 -0.111587868506267 -0.0415421014327891
-0.0114363636840839 0.00632258552056099 0.14181773425247 0.0508006348908943
-0.0227550536185808 -0.00973005427079874 -0.0229815262325336 0.24885691741567
-0.00033092044598737 -0.0281633317772002 -0.243260814122148 -0.0426463984059222
0.0438612977616326 -0.0243896462019264 0.230115277925401 -0.162061501301217
0.0303581878184919 0.0238323814478014 0.31422910503961 0.39623502537552
-0.00640363409839899 0.00638227469776687 -0.234350885948611 0.285471358670772
-0.00821728948182122 -0.0151341552759187 -0.108255267114225 -0.240240549938222
0.00161549692454821 -0.0101683079855838 0.104241754234725 -0.290894605233809
-0.0012218281862473 -0.0146693291039809 0.12796751486889 -0.0653125274796848
-0.00704358575260451 -0.00228064805243608 0.21525831684493 -0.102150413755738
-0.00671642930025983 0.0165514826744054 -0.126702176978856 -0.203618158915848
0.0106729523608459 0.0167023560784104 -0.264147970893048 0.223316770663657
0.00612104789307857 -0.0112378022421035 0.208871740195959 0.214683283150882
-0.0124474857352049 0.00412455845569383 0.135130854727278 -0.139313419374444
-0.0198894236804942 0.0221750587266302 -0.130274157262257 -0.0509700093080643
0.0901840567684523 0.0808331665589055 0.0843274736995564 0.0146198817513578
0.0674730077884866 0.245711572643317 -0.0311198777907616 0.202654196554423
-0.185637475575083 0.265349411042669 -0.227883571578426 -0.0245060992654709
-0.316474948041655 -0.0313295424609599 0.201502000950905 -0.160114245025173
-0.105326387151423 -0.226517190668463 0.291461338123036 0.33512042405148
0.108580113388345 -0.110269123454884 -0.208485529134098 0.232763744855539
0.03249801546822 0.0849299979526765 -0.09754821132099 -0.234951219656404
-0.052723498773335 0.0994074103502026 0.0985929901928171 -0.286628353003898
-0.0258710405304122 -0.0010511118934949 0.106484692311323 -0.113636778752701
-0.0752358538571243 -0.060466784243602 0.154590155967168 -0.118756527131986
-0.151901096769302 0.038296213690002 -0.156150768533454 -0.169745992600013
-0.0525838319550102 0.123865966919785 -0.233989839893516 0.214333132321604
0.0492702202062809 0.0222820042064293 0.20775416209119 0.174460191208259
-0.0144331063270434 -0.0438598825137462 0.120452085548833 -0.14048818974407
-0.0839089200813591 0.0258409810671955 -0.162806905334778 -0.0777805518475973
0.0767958929943488 0.0904013996421398 -0.070112194243926 -0.049533352556617
0.108902908389979 0.325722858971948 -0.097139553005876 0.0779533236082164
-0.259694730020393 0.419972006842434 -0.17097941441241 -0.00253415965046957
-0.507264257884096 -0.0384387268103486 0.116230099549195 -0.0847220856124887
-0.135265837443423 -0.364832559518251 0.143423167786058 0.19842183798644
0.203867838374544 -0.124962627409364 -0.163031976393281 0.0847440456599694
0.0703882573815429 0.174329159620732 -0.0802334717587065 -0.18839709760168
-0.0744667418002387 0.221185213036836 0.0305677964327838 -0.247434505652798
-0.0337812733384766 0.135975446525853 -0.00813160709677069 -0.19504258961686
-0.0446409776555341 0.0230315160531328 -0.0696397744252102 -0.125206896162474
-0.117497516063072 0.077958824676665 -0.217254850989397 -0.00349586825651494
-0.0100912386612956 0.108501599704203 -0.0691075201435925 0.200650747107848
0.056485026690095 -0.0349795155615353 0.213779088916892 0.0496368787161534
-0.0490449647521859 -0.0970121322249385 0.0718146608788031 -0.118960835704984
-0.172974585725624 -0.0148494835772297 -0.157328998699869 -0.0887128751971735
-0.0661210228273186 -0.00128565811676279 -0.187093812474581 -0.0760228771831205
0.015875665401578 0.103743056297913 -0.172368832158968 -0.0159536178945344
-0.153044251517458 0.17238128818559 -0.114339032148299 0.00967407558740198
-0.274400173310524 -0.116319928729456 -0.00637207263466108 -0.0314190559376773
0.0370585497353488 -0.26585475308129 0.000901609152949463 0.00866101578139128
0.247067969431113 0.0094079204499049 -0.0776733770987953 -0.0425963421884359
0.107140362706312 0.23550906029642 -0.0591277230527602 -0.0994233482811972
-0.0107803462473195 0.309496042293493 -0.0600017645487425 -0.127662644592974
0.0681511202273604 0.311443863932131 -0.149448757971046 -0.107703038192476
0.195726256174846 0.159323015364637 -0.224224669902158 0.0284073778414469
0.166247706215263 -0.0297478692265259 -0.119376665556893 0.176368277608598
0.0837960296116667 -0.125997656622718 0.121352631998546 0.128123065744708
-0.0128433816978164 -0.173885217160674 0.192872503159034 -0.019147279585577
-0.11832021596871 -0.130408416234393 0.0474699984726452 -0.0530894019472579
-0.21472586618118 -0.0832779768969919 -0.0993814585040088 -0.0546489389842555
-0.163477151430681 -0.147336161016518 -0.183263560737391 -0.0133452418931575
-0.0552846897632011 -0.210506781640703 -0.192099278331887 0.00531852554385831
0.0907476736172438 -0.220256731952173 -0.0969614992260504 -0.0405926979101719
0.20637339791914 -0.110856894775829 -0.0101130732228975 -0.107219460592574
0.232389157079274 0.0553529675802504 0.0383240915116378 -0.0970195741686565
0.196789614700205 0.206929328052591 0.0202858888171272 -0.0359816139072243
0.124892529201635 0.258271903819827 -0.0248372061859606 0.00869300285892152
0.126066001534147 0.2561915110222 -0.0717443908665463 0.0338025095397121
0.20447813395178 0.178437889210437 -0.110878930055707 0.0890585114889201
0.258593742199193 0.0123590869665349 -0.0739966823350476 0.140030607627661
0.207023624624158 -0.189512850885881 0.0604097503559878 0.150487927830562
0.0435712667082739 -0.265094746226117 0.187376821288455 0.0931153831016238
-0.112184690450054 -0.207085929586469 0.181687187620103 0.050399606635379
-0.17827094797196 -0.109678717061252 0.0857071918947396 0.029165905057709
-0.166533411454395 -0.130311274929568 -0.0384517732490384 0.0142668574568907
-0.0873529869544997 -0.188239978269673 -0.155000052072962 0.0595296285289774
0.0195089840691077 -0.194672671688571 -0.169203893366017 -0.00883977260855622
0.160269814362389 -0.164552942813292 -0.00157152285521662 -0.15081398897817
0.2720737616434 0.0495523062040086 0.144974234257613 -0.120363665769939
0.178823934340601 0.275477089822045 0.142730659245903 0.00177906810742403
0.0705050984334266 0.309510534036281 0.0581481411920728 0.0886126770091256
0.111185637983759 0.238700652890788 0.0245376889331526 0.109421714912978
0.227535533360368 0.05842713628657 0.0453389110825797 0.0882101202058912
0.12612274582938 -0.220856086398221 0.0272856559483779 0.0406239124660736
-0.172417929071168 -0.201690525037552 0.0371495930043052 0.0370868735791335
-0.163685895826999 0.0290900158180185 0.127557649737975 0.0527444741102979
-0.0160497209975107 0.0134394178231653 0.164769324722841 0.0786313801840737
-0.0930956625962442 -0.0636634991911032 0.170486905322771 0.117158318805516
-0.168140293893406 -0.0486536456075712 0.15334145105068 0.0748916412502724
-0.0786250724325872 -0.115398780209194 -0.0324777380415457 0.0802468268614553
0.0277194520862829 -0.0820954843588889 -0.184602911756822 0.0155309278810979
0.0202169857981147 0.0423655969696354 -0.0508976151216288 -0.152355277724921
-0.0559433105383119 0.038205191760759 0.165998864794045 -0.107964221274792
-0.0052364773097713 0.0522293347600303 0.132212448741142 0.0410242741950217
0.0142958303320313 0.192207679685323 0.0749820689552445 0.132388754666709
-0.0329233381463755 0.260654200546955 0.00848057917340181 0.214272809361751
0.0810889947666548 0.184134145225241 0.0700217708100725 0.189184460552345
0.215834820257379 -0.119146896188503 0.194316459052055 -0.0242131457352871
-0.0829061157550849 -0.40718799417618 -0.0142601439485148 -0.228386539751599
-0.490801941609904 -0.155659805441105 -0.101069225521606 -0.00220801667154398
-0.34934731223515 0.315562543396464 0.168252860714405 0.0616508781943423
0.0323516793821 0.299456989146961 0.125519486010699 -0.0452431124658073
0.0301238343183229 0.0726604672353961 0.0764871173383927 0.0696829720411837
-0.0947956775913985 -0.0032961007981723 0.175734820968873 0.073991232308842
-0.0254128270490986 -0.061233328781949 -0.0752489900065273 0.110883158567459
0.0441242736935279 0.00621040500768181 -0.202354425944406 -0.114668978033685
-0.0395988298202419 0.0979971701508128 0.136735696771909 -0.234491347706169
-0.143355916616088 0.02126393686887 0.197031618867984 0.0693500490205282
-0.0831476127315587 -0.0374799590795079 -0.0765381698303049 0.122723904878971
-0.026356728732591 0.0487740219250791 -0.0746368265038688 0.111735785234663
-0.0482971718469604 0.144127285836253 -0.0716801553369337 0.268405340833534
0.0507616395321819 0.105548075644555 0.0950321171730399 0.243599022093851
0.114866647133184 -0.139350422485064 0.269868982560526 -0.195978885512183
-0.158128334436697 -0.257403952960431 -0.196605716570964 -0.422463129516646
-0.347343695355448 -0.0161038956478631 -0.239961311658096 0.0877076127518947
-0.200374484076859 0.263825305671271 0.226602333940816 0.0901325302075159
0.0626157038207686 0.247175420953142 0.0748403420943029 -0.200341339348696
0.0820633577651671 0.0782240862154353 -0.0757237824631045 -0.017495447027144
-0.0258484210012585 0.00602442687840641 0.142936553056969 0.0544033267978116
0.00382612261714335 -0.00181704337282355 -0.112979858736424 -0.040392728499936
-0.0109945368705635 0.00637298515903503 0.141920577989483 0.050011695343591
-0.0227848701255276 -0.0102498912034186 -0.0214509473591011 0.251440880755244
-0.000200325139547527 -0.0282995154557408 -0.246394147315069 -0.0416497495975046
0.0434677558359052 -0.0254135347281491 0.231512148354273 -0.163135862104428
0.0324837524051713 0.0235208275169779 0.315665020672418 0.397890189778508
-0.00616033266870094 0.00678083287034513 -0.237899725121164 0.285504635912047
-0.00788279688268427 -0.015034176976058 -0.107928034503505 -0.242178827214886
0.00220028538543119 -0.010776448609257 0.105378857737403 -0.291573056800906
-0.000961030592929144 -0.0151315079784468 0.130875761177285 -0.0628216411509493
-0.00709249025341439 -0.00245341630356993 0.218361477836112 -0.102305262120951
-0.00663225957288723 0.0156116332730926 -0.126921380629468 -0.205175775017073
0.0115964832364778 0.0165413679307826 -0.26708985418377 0.227612254186379
0.0063403657719712 -0.0115965534429753 0.211216120948446 0.216464211908568
-0.012063191732142 0.00355627725374533 0.135126340056859 -0.141392085998352
-0.02066239495704 0.0216077904210529 -0.132526140121102 -0.0505200433993304
0.09089131113969 0.0799379810448069 0.0836275445682938 0.0145761667264078
0.069705199789906 0.247143520461858 -0.0299255983399924 0.204762504042049
-0.185697574764739 0.269184197903875 -0.23047802514471 -0.0233940859699219
-0.320003610589437 -0.0307405165315155 0.202490892373765 -0.160015448382093
-0.106776137921609 -0.228690331099626 0.294377768777323 0.334775249783908
0.108319672787713 -0.111885932218094 -0.210882311456162 0.23271896302642
0.031465967140313 0.0848989945496911 -0.0980365809071138 -0.237286169866307
-0.0532332331215835 0.0988450795796015 0.100154671504641 -0.286523793030564
-0.0258456106992566 -0.00225666267582387 0.108789250814469 -0.11214079284733
-0.0768132425563179 -0.0616206840229607 0.157275930451139 -0.120746414586731
-0.15417973678011 0.0394198745163539 -0.157229296404659 -0.171158596939284
-0.0523535837565695 0.126737967405653 -0.236709997633476 0.216920934703617
0.0503268617635967 0.0226940483031115 0.210038537681247 0.176713839274165
-0.0147875925328593 -0.044749224394053 0.120009350340235 -0.142557783956295
-0.0853885917012355 0.0249708844109559 -0.164912328176857 -0.0777305181562185
0.077510430671199 0.0890266286670393 -0.0715821292298613 -0.0497028435636865
0.111346732721016 0.326160537458408 -0.0976035126988348 0.0791381047348775
-0.258795807596106 0.423808456048324 -0.171587310886165 -0.001039174174942
-0.512426963219532 -0.0375337726521357 0.11497632503156 -0.0836960315882237
-0.136861701607299 -0.366374577366498 0.144845908520622 0.198450936585569
0.206296212285014 -0.125977687340103 -0.163552558323043 0.0842370625502071
0.0706264943527231 0.175205963719598 -0.0791150625111659 -0.18974299778375
-0.0762286719430036 0.222970144007867 0.0332257900624152 -0.24814633746288
-0.034842421225226 0.136442947114327 -0.00663543317558276 -0.195204539982265
-0.046318649621526 0.0221711386408278 -0.0674513247198986 -0.126712827740042
-0.119554548344714 0.0802356859155409 -0.219567751995913 -0.00353621647258649
-0.00960994549036305 0.111999040309125 -0.0690056720512752 0.202585711049087
0.0570751950872709 -0.0350103691397159 0.215381871527832 0.049894362331045
-0.0497147311533462 -0.0983603613082348 0.0714992496359568 -0.120929231490491
-0.17600591662658 -0.0121137651577385 -0.159906858680846 -0.0895535372241865
-0.0678323266256725 -0.00149722569739869 -0.188659998653402 -0.074206100999268
0.0163182515011112 0.102661346645477 -0.172912599408957 -0.0158222480630552
-0.153593561583141 0.173356670228517 -0.112723691612021 0.0107403236552186
-0.275950408011085 -0.116045745682958 -0.00649408458480425 -0.0307901901766831
0.0373815857815983 -0.266962070476571 0.00134670996891264 0.00646104268829432
0.248842927638729 0.00955010393168258 -0.0779700904538312 -0.0434496339489355
0.106075963425141 0.237658513515263 -0.0579340244535248 -0.100379654429124
-0.0111263431247123 0.31289435793483 -0.0601940031388024 -0.128549508811326
0.0686593813037979 0.314894175280803 -0.150563764038204 -0.109234479563179
0.195751114761711 0.159818644484805 -0.225305739579348 0.0282684744050855
0.166614577395101 -0.0296764956600612 -0.121436719356694 0.178215766185345
0.0841445927408694 -0.125948087647158 0.123375065655229 0.129084408340283
-0.0142585157622568 -0.175108240539872 0.194833857739987 -0.0212125827353881
-0.121823740053295 -0.13099189110187 0.0468118058182545 -0.0538395212505333
-0.21791386421133 -0.0823208132918771 -0.100404541990861 -0.0551644567207317
-0.165716999246692 -0.148874663664256 -0.185195670759694 -0.0130233202029365
-0.05686775681398 -0.213083605682053 -0.193116334524196 0.00718828489701059
0.090454527349425 -0.223282688025993 -0.0957117491469079 -0.0418645508115185
0.208971636294912 -0.112847844766553 -0.0105704355620146 -0.108264889698488
0.235992861995785 0.0573666605456993 0.0375952124058031 -0.100351446806906
0.199060821583148 0.20756339878739 0.0202390652275004 -0.0381143153905465
0.124685951522769 0.261361483153517 -0.0236441943017587 0.00833154686293859
0.127441640925373 0.259044538618197 -0.0725303708235172 0.0333594930568011
0.206079877443185 0.180819778574174 -0.112936044795361 0.0901470323945487
0.261943368003302 0.0135974734676582 -0.0747126699265335 0.14110299952718
0.208462709273524 -0.193083946841493 0.0606973692044708 0.150848299907577
0.0419491875931366 -0.269099859279471 0.190087386507257 0.0919067951284319
-0.114991007779135 -0.2089402087327 0.183051225824821 0.0494184065096716
-0.180770257555604 -0.108509924622599 0.0867517844150743 0.0292316718769957
-0.1679533598156 -0.128985522730309 -0.0386144754270937 0.0142886122054496
-0.0889770922177715 -0.189739786502896 -0.156454831144031 0.0604590264470261
0.0199269605644261 -0.194663912135146 -0.169396991052214 -0.00772290009343802
0.16119118990662 -0.166371433867255 -0.00281854747395139 -0.153387538785645
0.27389743121502 0.0498735244541117 0.146673643024635 -0.121004684119272
0.180145882043012 0.276454151033808 0.14245198462211 0.00170394682541209
0.0702382989716225 0.310934236351393 0.0582314796961048 0.0886188682358401
0.111093820073443 0.242600254165446 0.0250522979203838 0.110921904110252
0.231467052097769 0.0604009349244802 0.0443911867406991 0.0873998000577263
0.128304532724864 -0.222171870478109 0.0271482952199551 0.0413734065785697
-0.175467901981412 -0.204444387110224 0.036813915469423 0.0365161858981089
-0.164457132481449 0.0295390699872485 0.128428267800687 0.0516000740310323
-0.0160742049303346 0.0124689417289668 0.166994598862437 0.0794080706578516
-0.094351629219371 -0.064445072198577 0.173739039067703 0.117736488373351
-0.170143973636188 -0.0484624726451042 0.154889913910547 0.0742254550305621
-0.0791047993347928 -0.115949642849429 -0.0319866244920674 0.0809948113078825
0.0284347923829895 -0.081897871239722 -0.186788925042545 0.0163735597874261
0.0218933179415399 0.0432549092320706 -0.0507525358664439 -0.154381038361032
-0.0569379813219508 0.0407126746774197 0.16608018812503 -0.109294736858055
-0.00556353273165423 0.0526928807014728 0.131747055091637 0.0420590611556048
0.0156637903268786 0.192357618933688 0.0734719822911899 0.13386959431238
-0.0338922070778463 0.261237295508912 0.00729948560620802 0.215638051182215
0.0814576943723743 0.18577485578627 0.0701950318938336 0.190887914643179
0.217599059837643 -0.119767575453088 0.194834417484839 -0.0243398677879098
-0.0859473453733439 -0.409381171214582 -0.0146118779395198 -0.229546147852998
-0.49698773722063 -0.155723597969544 -0.102465415641673 -0.00303568908288879
-0.350582357392207 0.319521553647067 0.170727043933344 0.0615042897806518
0.0340995753133923 0.30147828691332 0.126385954170388 -0.045239346095686
0.0302312988768036 0.0730699626877134 0.0796732964227958 0.0705484949990377
-0.0952824077696538 -0.00293751268459224 0.178314585201695 0.0735327858955551
-0.0254389281436662 -0.0616585147274852 -0.0751579160516953 0.112530737470083
0.0445279023592495 0.00716410429000886 -0.205675817601667 -0.114369391533154
-0.0398434894838072 0.0987705661410501 0.137620696729425 -0.238074392705404
-0.1446393279494 0.0233366675588543 0.196819612909782 0.0705519620205909
-0.0835926204396838 -0.0382870382219417 -0.0790999431057723 0.123403207971286
-0.0254068068242027 0.0480818970130708 -0.0765778352209053 0.111113123406529
-0.0482426878067927 0.144675799878094 -0.0739766470353012 0.269618725310486
0.0510100477203367 0.105648836383687 0.0950838882386736 0.246429016949817
0.115415670071864 -0.141927048039408 0.271710502153405 -0.195581662353477
-0.160992185327002 -0.258390126763026 -0.200238554074875 -0.425001620689842
-0.350127905326944 -0.0150549644947649 -0.242860089244489 0.08904538011471
-0.202676235487385 0.267356853322416 0.230509821223562 0.0907935633268176
0.0645708419765825 0.250332986501745 0.0745048699158286 -0.201278210154067
0.0832305591117723 0.0777905015863581 -0.0745398155669354 -0.0157300359685261
-0.0266031847935497 0.00581554814638687 0.145301956715051 0.055002204781239
0.00355656315155322 -0.00294202188010913 -0.118575078981698 -0.0337666234116918
-0.00988126534819571 0.00797410629228384 0.145982492112509 0.041029694738628
-0.0239778650272157 -0.00827693977933184 -0.00473074426066956 0.25797613957085
-0.00213508139311622 -0.0299185049627687 -0.255065127641067 -0.0260040086714075
0.0434531668465154 -0.0281792199179919 0.226484791067895 -0.180851727636189
0.0335598470225035 0.0224099969176583 0.345215304263762 0.386569419867088
-0.00616993140592142 0.00754740982580129 -0.22291544045328 0.303512872621477
-0.00895764655658069 -0.0146619439290366 -0.12483180051513 -0.239908273004232
0.0025278278680092 -0.011171457230946 0.0868064524072967 -0.302618239854638
-0.00243463705773803 -0.0145927682969787 0.131486623388513 -0.0703934746614684
-0.00624601877884804 -0.000983540338716524 0.217907329300071 -0.118466492763861
-0.00438463871863496 0.017075009467914 -0.143215897783339 -0.201475290305267
0.0136400516275387 0.0147542687528585 -0.258606150135075 0.250309989250855
0.00403191451950202 -0.0137836892479283 0.232118922976934 0.20903749345887
-0.0122547677974348 0.00515489014678547 0.128294073515596 -0.153823506791236
-0.0192324855651396 0.022165896084926 -0.138980567552669 -0.042659856566771
0.0985103965016424 0.0743663816757423 0.0834900398365395 0.00959354189433104
0.0864265288818226 0.242657801438191 -0.0198971279855179 0.213000066755504
-0.169114683699432 0.281419623021883 -0.239147562280743 -0.0106350624750841
-0.322249142834481 -0.0088582335995097 0.19516466114125 -0.180401428294373
-0.121066031084269 -0.222616382190514 0.320882403777065 0.322974693279133
0.101875571686714 -0.12051264623882 -0.197916289496532 0.249487718677257
0.0369075506166816 0.0847599911255042 -0.114800770185972 -0.235408351202771
-0.0466081763733694 0.103575107482255 0.0821681355355035 -0.298479435214749
-0.0264825558313239 -0.00173242526057889 0.105303733885823 -0.119832085398661
-0.0812166918273048 -0.0581817075438889 0.154445723798745 -0.132896568668249
-0.153631951205092 0.049996581211195 -0.172235735988454 -0.16455479295496
-0.0457897299790418 0.131033098345061 -0.226597702850477 0.238501389703235
0.0515021460008941 0.0195545030863031 0.226092690208943 0.165967471981835
-0.0172257236745863 -0.0441233702609989 0.113318467802266 -0.15399915652869
-0.0852400964622609 0.0311305185935207 -0.174146993246097 -0.0691332293549135
0.0841682981522929 0.0825199545461304 -0.0783402922228658 -0.0448440153940629
0.134168131308599 0.319500109640975 -0.0988676275868115 0.09019268341937
-0.233309768259826 0.442302055335457 -0.178678464702389 0.0069731372395644
-0.520132409938368 -0.00153930134707089 0.111001093677995 -0.0972343928219407
-0.160439606799555 -0.362108945815421 0.161581584539861 0.190495656370773
0.199027928703282 -0.141175175184656 -0.1594765333466 0.0974206023700319
0.0805945809544675 0.174516058589434 -0.0929124481988826 -0.188848809538422
-0.0641400773308372 0.230631941864771 0.0179430321889768 -0.255756320785622
-0.0266157431301034 0.139662065180912 -0.0186124342161588 -0.199377980607158
-0.046673664125423 0.0242505078792895 -0.0753774742458523 -0.124339836666603
-0.117413747704832 0.0882862068370605 -0.22336083698899 0.0116812250113989
-0.00490790529087446 0.114675103210085 -0.0562429676800949 0.212078362613364
0.05507083878113 -0.0385924683627888 0.223021743497894 0.0352529619551007
-0.0572631236642118 -0.096542842157195 0.0668452172806495 -0.127049859307198
-0.179565988260867 -0.000196481843288649 -0.167926365040052 -0.0842401987337335
-0.0694103539406496 0.00088071127254531 -0.198418482471611 -0.0655170639778532
0.0225378930990757 0.1005053804926 -0.178860953575017 -0.00367462363492281
-0.143337907765426 0.18124875164358 -0.115352439836764 0.0158303003668928
-0.286218770835646 -0.0977736662008122 -0.00876267144317165 -0.0345154766132095
0.0215798873673746 -0.271723404410272 0.00354998122478999 0.00500864634759177
0.252990937122503 -0.00708199343230325 -0.0815825022364051 -0.0385990743195272
0.12185179456524 0.234722373978255 -0.0659238110611191 -0.0994057931184974
0.00666198739814146 0.31859149987267 -0.0688547504334596 -0.127473004622329
0.0892921776772541 0.315372614387035 -0.159588960253305 -0.101976521761253
0.207660126955633 0.149647322099197 -0.228197038093806 0.043801612253188
0.167041868817577 -0.0394022394732842 -0.111671745472063 0.190235334802046
0.0773314121566233 -0.132806386868052 0.133857240799805 0.121775088931855
-0.0251191709864363 -0.176114274613173 0.197166944260423 -0.035221353423789
-0.131815859301302 -0.126574537969164 0.0443096266816028 -0.0580073313303297
-0.226093819019734 -0.0652822732207771 -0.105529589496595 -0.0535084517128048
-0.179306263700078 -0.138968871311923 -0.187620698555664 -0.0037968624293563
-0.072580027160558 -0.211182787195867 -0.192757250359783 0.0196922691305435
0.0763055251630674 -0.23149114484744 -0.0973555588459731 -0.0374451946365085
0.201340948173005 -0.128437311911364 -0.0145487398603863 -0.107388498910959
0.242908703918576 0.0438959586181192 0.0313459604984543 -0.104155863917998
0.214847345112666 0.197016725183119 0.0166876662142114 -0.0398407720844454
0.1433060610126 0.258600401333026 -0.0236288638177092 0.010679970431269
0.143984442865602 0.255539013791265 -0.0725045982597506 0.0383406521338761
0.222554495590458 0.170849616775415 -0.109728616545515 0.0995232623124174
0.267059720087087 -0.00225251542885418 -0.0674399328346909 0.14826959332314
0.199458294721378 -0.210461667459568 0.0724209392698067 0.149538806397334
0.0259391504615054 -0.276635509732854 0.199850142250159 0.0797251165649865
-0.129766333631193 -0.205478375066272 0.189890814479166 0.0370841883885224
-0.191782307806482 -0.0999277426603588 0.0894376933487599 0.0242710495856725
-0.179638540164988 -0.118176164337801 -0.0370302520783108 0.0142614430759731
-0.104865438250132 -0.18577030070827 -0.153445645682637 0.070182985005044
0.0062820784502766 -0.197473279653298 -0.168283704697993 0.00355685560998833
0.152377363993521 -0.176187644595903 -0.00987505475747258 -0.156992855856138
0.279734678664819 0.0313735723381092 0.14199807491145 -0.130989066705736
0.201742297721333 0.268167966424492 0.141708506043309 -0.00492202238723316
0.0913487501416961 0.309507313903285 0.0629255461545297 0.0856726948447493
0.127588649026729 0.239429501070465 0.0322452371893279 0.111040420844786
0.237869406101629 0.0474283483976952 0.048425096426775 0.0867172229794672
0.115455709281006 -0.232292923438552 0.0293923094442671 0.0414865108896328
-0.189837610145576 -0.195373320159848 0.0387533776912515 0.0355767956815139
-0.166141582797095 0.0392615461395373 0.135683802480294 0.0428144094594561
-0.0170502752819677 0.0117591694064846 0.177089024590895 0.0675122371923019
-0.100703307840273 -0.0598924669557083 0.18701459169656 0.107902368180279
-0.178369966304772 -0.0389044791124837 0.162442556725824 0.0660897705698548
-0.088894355802055 -0.112373741026691 -0.0261200790652165 0.0846359432794798
0.0214428407951886 -0.0851592825988961 -0.188641297723413 0.0294410443329226
0.0259614489929104 0.0426436734794989 -0.0619785279080923 -0.155059367613959
-0.0540708127956313 0.0475153963552308 0.160385810172612 -0.121614258248834
-0.00230527756961604 0.0536694642955319 0.1356801721429 0.0344770049855684
0.0269330515874991 0.192232619871416 0.0798936355154547 0.133153993275591
-0.0181130183509362 0.266036113383806 0.0192009250806267 0.218019976016845
0.0940230815478547 0.18333055673076 0.0822979197624058 0.190819271913835
0.213817101906063 -0.13502756938134 0.195667323679358 -0.0364035193316039
-0.11467305009266 -0.411035452954306 -0.029795555635385 -0.231674822321123
-0.514426898902546 -0.127892268048332 -0.103924542894968 0.00503991110529644
-0.340092560670405 0.346581694888765 0.179557276718657 0.0514637490778541
0.0498450500052602 0.30534503864926 0.127376811061909 -0.0550400921317143
0.0337539815293444 0.0717582992871396 0.0878948583204775 0.0665077999203502
-0.100145122022657 0.00331407876727258 0.187668010954227 0.0622133696263872
-0.0304632278572991 -0.0613977854561775 -0.0687365937939831 0.120738505611391
0.0461239563472235 0.00209295350709659 -0.216307874359603 -0.103038343242552
-0.0328004892255952 0.10295074506789 0.122947786756333 -0.253620200137208
-0.14512328083899 0.0342553393505863 0.202659314306055 0.0590615498166129
-0.0887090931912545 -0.0337636784198 -0.0739663334622809 0.12996014331354
-0.0231390050705199 0.048620102500777 -0.0733367029273338 0.117075829907623
-0.0397249839906091 0.149691360486835 -0.0594782550147472 0.277790022910303
0.0593669209221267 0.103116750801882 0.111670653874668 0.244889467956452
0.108267776993071 -0.15030675550573 0.264667672496364 -0.215370076005419
-0.178703773124748 -0.250564690564992 -0.232818586680986 -0.419448502825651
-0.358075418997093 0.00338523646406635 -0.240752161065409 0.107290235604492
-0.191184997384439 0.284428692629788 0.24352440411327 0.0749732847211461
0.0796840185664178 0.251438319514153 0.062805486809207 -0.211773651522874
0.0891331405888875 0.0743571836080537 -0.0756316020701152 -0.0103372175468964
-0.0282930351507579 0.00752277380326181 0.152796214825945 0.0457313727750531
0.00314343246957595 -0.00326732328045624 -0.121239581728904 -0.031457587022757
-0.00878414180389788 0.00844875707594519 0.148034916175767 0.0375494336052614
-0.0249916174061871 -0.00750599513278293 0.000886095771621649 0.261797610677927
-0.00280981394928833 -0.0304968145467232 -0.260668726029867 -0.0189084010534907
0.0436270014761091 -0.0294076268177317 0.225265344484225 -0.190022717363373
0.0359013313585654 0.0211515829939639 0.358076876749766 0.383618455624208
-0.00642132298099472 0.00840851820611376 -0.219726902043856 0.312155608052493
-0.00827077215653523 -0.0146182408095198 -0.131546332940847 -0.241047968600418
0.00383679440212762 -0.0123632936891359 0.0821509344675352 -0.307535702287496
-0.00239082071580723 -0.0154472426959401 0.134481257082827 -0.0725804161246027
-0.00601635968197504 -0.000413631236334984 0.21967860221282 -0.125039816540059
-0.00422342562434121 0.0174729849630617 -0.149746458468158 -0.202167206338018
0.0148351840463698 0.0145052943000865 -0.257353375271905 0.260686725571255
0.0032966384556848 -0.0143051370189761 0.240235843296185 0.206058335357958
-0.0126106217640453 0.00501047693447176 0.12566323022139 -0.159700109209192
-0.0195101922396658 0.0229476541953691 -0.141700050872463 -0.0389199047253593
0.10087477074436 0.071373481024382 0.0842315256554935 0.00733116241673302
0.0949006820165726 0.244043639294008 -0.014959009167339 0.216124057735369
-0.164340229192571 0.290607491126605 -0.243426707020921 -0.00444357160223676
-0.327501433368127 -0.000462921889514707 0.192143618290218 -0.185588342446266
-0.128328701242246 -0.224186209390994 0.332143494541926 0.317976971370138
0.100655769181411 -0.124355761820808 -0.194757976064514 0.255599026329744
0.038352684730582 0.0856107753337516 -0.121512825080871 -0.236776637774832
-0.0460047380135552 0.104912220309657 0.0789045867334296 -0.303117318519352
-0.0267891249766425 -0.00181266286138011 0.104705518167798 -0.122310803889361
-0.0842448745126615 -0.0574655587631819 0.155230222699302 -0.13764403950788
-0.155904408836432 0.0550167331767587 -0.178614857968255 -0.16371840853907
-0.0423763322443245 0.135925283111552 -0.224724776725153 0.248204476447469
0.0529609492658464 0.0183116633056943 0.234162231522498 0.164491560580481
-0.0181089222647118 -0.0446546818203316 0.110627762326956 -0.159125655971097
-0.086484569565018 0.0339051977784392 -0.177892632488324 -0.0645998090201211
0.0865425331605991 0.0812010182951627 -0.0822108512784875 -0.0444523900847744
0.14521282488506 0.320751395072123 -0.0974582048770175 0.0934840860102558
-0.2259481717506 0.455931113837526 -0.180052721929491 0.0123440773945062
-0.526213941585795 0.00981149991298875 0.109863520246194 -0.0998292331537172
-0.172389770891948 -0.362906436266397 0.167049991078321 0.188703071821458
0.198593335917678 -0.147782066829631 -0.159742811061492 0.101206709707662
0.0844526374825924 0.175143575446397 -0.098242205637752 -0.190724698017904
-0.0615167783125301 0.234851896141357 0.0139289899237388 -0.259699940032045
-0.0243317481561681 0.141009725131247 -0.0228019088519607 -0.20074103585103
-0.0491483202089736 0.0236037728650457 -0.0774061791658012 -0.124960192133173
-0.1188570528086 0.0942615494919771 -0.226514900017187 0.0173880842154727
-0.00104313961248645 0.119755757484069 -0.0531898192366641 0.216453836101197
0.0557073622775753 -0.0399472959330777 0.22763502825785 0.0308166066142182
-0.0606136434828906 -0.0959330039012116 0.0631145667629245 -0.130684345592413
-0.183344079869011 0.00583230154162352 -0.172059952908578 -0.080681572015148
-0.0720153530105304 0.00306794265377111 -0.203547738957639 -0.0605504550723476
0.0248335924483161 0.0998507004510994 -0.180804538305377 0.00157503368438031
-0.141197729189789 0.186434558299623 -0.114102233747703 0.017909274252779
-0.29426531679072 -0.0929500373033189 -0.0092808053409917 -0.0329844540494508
0.0154561027896743 -0.276169740241876 0.00359389159791294 0.00345255716337078
0.257375425624117 -0.0125824883049875 -0.0835717026798824 -0.0368145271570568
0.128295786083399 0.236813622890825 -0.0679070497154377 -0.0994827473078763
0.0130703822103675 0.323176759764376 -0.0714848549958601 -0.127079541797065
0.0975327516951689 0.317479175398395 -0.163842976560165 -0.0991261074280674
0.212800665028041 0.147080579124061 -0.22860613638879 0.0482111379641272
0.166849618367951 -0.0439551999607929 -0.109475321240982 0.194518415531193
0.0739988221704345 -0.135738866033875 0.138465632627255 0.119028817959208
-0.0300900019958341 -0.177241834405574 0.198260561972304 -0.0417813202879755
-0.138281262781249 -0.12473256980406 0.0429113840499676 -0.0598490525847122
-0.230712009020137 -0.059210372189478 -0.109215461690194 -0.0523763651610228
-0.186312526395677 -0.135593623293465 -0.19082336590098 0.000195268247817086
-0.0788678307256034 -0.213949459561484 -0.193394003861663 0.0258000573743356
0.0712455546639424 -0.237218055371242 -0.098899510027615 -0.0379453229445621
0.200862292603394 -0.134770988773917 -0.0170592353679466 -0.110140317329377
0.248840333942772 0.0388029341048762 0.0280622013828223 -0.10786582451982
0.222970046636615 0.196325175512613 0.0159416980769489 -0.0422304855444786
0.149664227989105 0.260128003118793 -0.0231524940871999 0.0107144082959927
0.154673547992013 0.256871822603699 -0.0730225258849815 0.0413334417455057
0.229503156661719 0.169956667362032 -0.109361837978415 0.103456994043417
0.271382258173196 -0.00620573704227234 -0.0658975196013904 0.152715113815376
0.196924843750085 -0.217807394072096 0.0766685404277134 0.148165314461569
0.017509507940064 -0.281697497740142 0.20371745249818 0.0737533591052468
-0.137854141699407 -0.205443690959307 0.193805943952503 0.0310953676833142
-0.197065844803289 -0.0945406953869087 0.0907006269547081 0.0227157956287819
-0.18403070128564 -0.114204528545634 -0.0374436156005672 0.0159353004826131
-0.111131799678287 -0.184277226683315 -0.154549899338042 0.0758034999706922
0.00198189812687505 -0.200475247208662 -0.169570983106664 0.00781957159917781
0.149671519115899 -0.181382049682178 -0.0155399741446924 -0.15894388888979
0.285916594247932 0.0260387172250112 0.142265000965807 -0.136203713539118
0.211424789570319 0.267723188736799 0.141706778595809 -0.00862268153151402
0.0992955763794494 0.311827240705521 0.0650407671093639 0.0847003768387843
0.135451511992014 0.241540639571767 0.0349114686584005 0.112237137185895
0.243202526138446 0.0436065283748039 0.0501968408811086 0.0865336699766498
0.113210405481656 -0.238419503894437 0.0310107687378505 0.0426104572630763
-0.197113964246221 -0.192697568782384 0.0383699133471419 0.0353719222624282
-0.166260527438843 0.0439850537597993 0.138502163411864 0.0404999093560641
-0.0178169190969711 0.011923325084496 0.181970399996083 0.0645613327966166
-0.104127661929255 -0.058308224154205 0.192812781584476 0.10442812043586
-0.181397736772119 -0.0328636741017505 0.165730530658738 0.0613970053962193
-0.0922528828728655 -0.112173523113007 -0.0247121209397923 0.0866438858122682
0.0210573007433905 -0.0861801015853367 -0.190489004311785 0.0356560798973315
0.028135143712848 0.0437436026661054 -0.0661892009827665 -0.156151400554955
-0.0546169866646214 0.0509886710576254 0.158399968870722 -0.127285760760117
-0.00113020613491628 0.0548638887071972 0.1359066412688 0.0321448719870301
0.0328807146576862 0.192548059826056 0.0819352641115603 0.133386389959214
-0.0125643664392674 0.269737333470609 0.0228631274317871 0.220997634559465
0.0994445057161036 0.184569001410507 0.0866769427981049 0.192484802152532
0.212646541003663 -0.140948527542107 0.196983766131494 -0.0412937653260255
-0.123837027360362 -0.413340357399033 -0.0360597845067886 -0.234757738368482
-0.523217737616039 -0.117271184252654 -0.106748907243636 0.00785513137558999
-0.335720694505778 0.361441575942336 0.1842284418474 0.0465580785435638
0.0596529002698887 0.308654181230426 0.12853333249208 -0.0591053906078928
0.0367849550996658 0.0720533349863288 0.0926514077416827 0.0653021529715083
-0.102289954690541 0.00574985989196052 0.192369030600124 0.0577028867584785
-0.0319784334139293 -0.0616311892983792 -0.0662788203880417 0.123878472204286
0.0472781517749949 0.00240794028197813 -0.222339825194112 -0.0985611740512965
-0.0308032851941606 0.10591221031594 0.118862248834355 -0.260938965813003
-0.147309287749234 0.0396567165514925 0.205100827973954 0.0556449023198084
-0.0913332933120365 -0.0311138598591416 -0.0749233571313872 0.133393492981789
-0.0215646785122402 0.0482695247072242 -0.0741080677071821 0.119212079368041
-0.0376675541746565 0.152478060758137 -0.054849839381409 0.28307416627187
0.0621823059209223 0.10365697119692 0.118767643523313 0.247235688685215
0.106033354989383 -0.154861060600252 0.263778864838282 -0.224416792130222
-0.187007541660595 -0.249952437583608 -0.247383076315897 -0.419414606742443
-0.363660276468741 0.0121568998387437 -0.242619543065029 0.116430275790772
-0.18554561633446 0.293739753056376 0.248786203916323 0.0705453229312095
0.087829344897449 0.253021062905527 0.0583812866522656 -0.215669004674915
0.0928095735002677 0.0724868190072578 -0.0750597741464644 -0.00791670576348905
-0.0292260446873435 0.00746699336242204 0.15633542968306 0.0409470791995736
0.00292381468173518 -0.00336615446347122 -0.123846055661253 -0.0284988640299422
-0.00726081774489379 0.00866803654394505 0.14796364239844 0.0325276472322501
-0.0247658583318307 -0.00688617268337212 0.0077929483852319 0.263640256539857
-0.00325634415912999 -0.0302353275549632 -0.262848762001861 -0.0116193294401381
0.0430757862419101 -0.0316501840201486 0.222646156937686 -0.197631486094838
0.037118996738698 0.020425809905591 0.370813004034233 0.377745585573509
-0.00582305389862284 0.00995563174838221 -0.217761827281243 0.318848790385005
-0.00910235878783673 -0.0139609290985636 -0.136698535748833 -0.240678164802288
0.00373223416014019 -0.0132779058315783 0.0771695228913179 -0.310518777912697
-0.00288902419503998 -0.0154433103814633 0.137006944791479 -0.0749457958604072
-0.00546828246348838 -0.000147699555636596 0.222319424329172 -0.130845097067894
-0.00455138981311897 0.0173023130891507 -0.155708094825074 -0.202273152469935
0.0163294449128364 0.014053267904724 -0.254058464940252 0.271509278695318
0.00318457938679045 -0.0146304732082885 0.248231208504842 0.202984087673923
-0.0119062250001332 0.00524949517407179 0.121933674035164 -0.165616034012161
-0.019188054821245 0.0228193675542023 -0.144041322373808 -0.0352354519586301
0.103915858351701 0.0687668100070252 0.0835578651897302 0.00415508058255066
0.103197839170468 0.243782462741478 -0.00906382195252958 0.219275357723659
-0.157501182020374 0.297081388272739 -0.246035192798059 0.00326446817013683
-0.331922906781728 0.00817841856483809 0.190218004101473 -0.190612329212905
-0.133945358052949 -0.223013071933397 0.342711885780085 0.312567236734394
0.0982093178640705 -0.128040818606579 -0.191542789554741 0.261904250479816
0.0398273050305943 0.0856384616723266 -0.128697572259886 -0.236713800940934
-0.0433255249525035 0.105952246670505 0.0711249897497291 -0.30650163312644
-0.0269890182414866 -0.00247137887768183 0.10488350176529 -0.124413288800636
-0.0870124287098502 -0.05743043117781 0.155406301581004 -0.142808689784681
-0.155611582433331 0.0604835701799952 -0.183286622498637 -0.160203502554323
-0.0387015044154378 0.13942632808978 -0.221539941895869 0.256420728426436
0.0549461195670552 0.0166889175856511 0.241099862383096 0.16043271703209
-0.0188325299377736 -0.0460594965278916 0.107770705778542 -0.164338585582723
-0.0873956368901178 0.0364950664110816 -0.180819386162574 -0.061322163059914
0.0889195871596832 0.0778985761249505 -0.084203715888642 -0.0422579048324502
0.154958656430479 0.318348141262348 -0.0960702821614221 0.0975489134554645
-0.21435224575564 0.466306839648041 -0.181260040669642 0.0169948604715838
-0.532407754230109 0.0239750405606198 0.108750755683845 -0.101804869500121
-0.180944960121735 -0.363572013049112 0.173127717554193 0.184041340137091
0.196921653823402 -0.154843454764706 -0.158400887863482 0.104581717748585
0.0882703482530989 0.175486028435974 -0.10253122037657 -0.189829558997668
-0.0568197859623112 0.237374091757217 0.0091327387297948 -0.262275390163103
-0.0213466872267617 0.141025866764963 -0.0270479483899722 -0.200908288014426
-0.0502242298649543 0.0243416190724206 -0.0790749362645361 -0.124512447462308
-0.118057662685264 0.100043659910111 -0.22726506038745 0.0224974573043218
0.00149713456622478 0.122450713943199 -0.0477019795535276 0.220289309823253
0.0557112481001514 -0.0419012867964953 0.22977993056827 0.0241357767803626
-0.0634394486553085 -0.096556694150265 0.0602876904160113 -0.133544255663518
-0.186161818175205 0.011811151244187 -0.176062674603798 -0.0763925138876036
-0.0737864419020308 0.00495075776137942 -0.207486780852945 -0.0571836499016438
0.0267596724976255 0.0995934642697993 -0.182315072556572 0.00740400779668209
-0.138123082845636 0.192057425621331 -0.113893719907808 0.0205875641251931
-0.3004329669572 -0.0874969661412667 -0.0101226690583996 -0.0331507043641449
0.00990198860715595 -0.279127319399048 0.00226565021848301 0.00102485398370981
0.258467215691316 -0.0181208569252491 -0.0846388274066321 -0.0375490961872279
0.132208583783158 0.237872824238534 -0.0693220900632659 -0.0996063366413503
0.0209158911643787 0.326814105509209 -0.0736679180545612 -0.126992627458049
0.105769211538199 0.317732618064519 -0.167008083656966 -0.0972314428686869
0.216789188505742 0.143974193520532 -0.228809462189865 0.0533709989628588
0.165942458473689 -0.0464412107658493 -0.105598882508916 0.198112696919864
0.0699423950876146 -0.137257038129036 0.142371440754037 0.11544775876108
-0.0346518220500407 -0.17810845076462 0.199049265320398 -0.0477940810452344
-0.142687883089008 -0.120684866369804 0.0420379142731535 -0.0605396146269055
-0.234848861916703 -0.051857083327716 -0.112037599532615 -0.0502742966668327
-0.192438277527125 -0.131350387096623 -0.193441865241798 0.0052626508246308
-0.0867562832270936 -0.213619275577884 -0.193685470128274 0.0306411172681946
0.0650101240565436 -0.24356586093557 -0.0998591215176432 -0.0373843658023988
0.20096504764477 -0.141372543998981 -0.017973430166277 -0.110666871316318
0.252402182821635 0.034926097124586 0.0240981385625189 -0.112079426802839
0.229478383981429 0.194266148683141 0.0151500983794072 -0.0439245709400268
0.157137648336336 0.260619285573898 -0.0230338503759297 0.0112746514270962
0.161338101035515 0.256911121265745 -0.0731898904781514 0.043491642703776
0.236072078736601 0.166933972077549 -0.108041486173315 0.108350342572331
0.273797178718831 -0.0125369771847752 -0.0640663356686897 0.155756049644925
0.192776206427143 -0.22661262246493 0.0805026897750058 0.146818262456108
0.00895669063194089 -0.286697708677712 0.207344641642369 0.0683319206560336
-0.144584318106386 -0.203432147475941 0.196534289129405 0.0254502362303343
-0.202690039716159 -0.0902087289776973 0.091670983275642 0.0210271417499607
-0.188781383342339 -0.1099286961825 -0.0381640978539549 0.0163770405138392
-0.115631025419519 -0.182027190132368 -0.154480124927847 0.0808107918202221
-0.00234375415861605 -0.201583905406107 -0.170335415500014 0.0105641460565575
0.144908320668143 -0.18675060732398 -0.0200569252973396 -0.161168598644643
0.288582428974227 0.0199573431829434 0.139950225979364 -0.142138781854567
0.219662880388342 0.264456194758632 0.140865741021902 -0.0122371317061161
0.107147093481986 0.312416860272275 0.0661339477906924 0.0836455544489021
0.14265783627797 0.241288833290557 0.0375812977150973 0.113118884378386
0.247622661649971 0.0376737785315797 0.0513416400354818 0.0872933660286752
0.108707742855695 -0.241733111496975 0.031579490089813 0.0424336751553166
-0.202483454355132 -0.18867882295045 0.0387807229712481 0.0351742776961629
-0.167099616045658 0.0480025804884388 0.141223917514949 0.0359006619420696
-0.0181849629703224 0.0113943004078576 0.185667276481155 0.0599083480071476
-0.106919204396019 -0.0562038865910184 0.198296506085616 0.0991874369134119
-0.185033338601821 -0.0282208722141351 0.169987869333736 0.0573408638702209
-0.0955871380463039 -0.11060360623888 -0.02250857893573 0.0882202132237362
0.019489286326394 -0.0855814435071761 -0.190664116785996 0.0420781357495053
0.0300418677664044 0.0446049735432117 -0.0704675552622897 -0.156332195713053
-0.0540346158597196 0.0545870026630143 0.154527817705738 -0.132030882747764
-0.000710729866979776 0.0547480881999711 0.135900166295864 0.030053220707894
0.0374163903020138 0.193111508528514 0.0843613823281882 0.132889961362096
-0.00811843127401674 0.272495795128692 0.0277441979861297 0.222516968037684
0.104465217798885 0.183713715887304 0.0922026191428909 0.193245821271412
0.212634337903975 -0.147891247107387 0.196382262792043 -0.0450079795776702
-0.135152926724708 -0.413133332602127 -0.0424409867669944 -0.2356271878866
-0.530883361414597 -0.104900144747876 -0.109014200649527 0.0101515460455557
-0.329661295178892 0.374877627291199 0.187384306780866 0.0417587100919547
0.0689899750524894 0.310161713844444 0.129836466964166 -0.063596168955295
0.039306018362835 0.0700076440691778 0.0967862955114835 0.0632668682030659
-0.1027273201719 0.00972203433713315 0.195557567685672 0.051225216233345
-0.0334761894895916 -0.0623013486731398 -0.0626019639783618 0.127356695582283
0.0483871316683095 0.00210895775617015 -0.226932740047328 -0.0937664495979578
-0.0296810755927212 0.109128308664143 0.113182203015339 -0.265421129656751
-0.148438977786127 0.0454380473163842 0.206911833686521 0.0532731856866978
-0.0931883956748475 -0.0302845211348922 -0.0752147412683252 0.136559860669637
-0.0214745989182178 0.0473896481316623 -0.0737216627274223 0.122230602257596
-0.0339090330719388 0.153512885908375 -0.0517234203998597 0.286928059623152
0.0645281543292659 0.102593398102945 0.124330296906246 0.24803350010215
0.102698824270278 -0.159237222310631 0.260246849239334 -0.231191381136251
-0.196206193145506 -0.248141908100945 -0.259955270408261 -0.417805803726488
-0.366377662930728 0.0199309339195016 -0.242067075235057 0.123412309635882
-0.179828423352216 0.302070351468566 0.254395673721032 0.0643805068248329
0.0956241398687295 0.253500077284051 0.0537670876643499 -0.219534783111865
0.0961963466103752 0.0694950096802151 -0.0743963385954778 -0.0046408504571377
-0.029505781095484 0.00906863947198631 0.159710818362382 0.036497892830171
0.0036766852707408 -0.00369409403204433 -0.125481781586426 -0.025810562006292
-0.00646359184354609 0.00859506755589093 0.147323008503058 0.0281695815232207
-0.0252756793973958 -0.00671750642028106 0.0152868501567858 0.265628541776278
-0.00411713128091478 -0.0300211627520463 -0.26496477418073 -0.0044355715359528
0.0432315255673126 -0.0327950421626788 0.21796784101602 -0.205040049060299
0.0384614998098778 0.0184749906175835 0.380495393362907 0.370179917308344
-0.00578685800245844 0.00944428407580743 -0.212469800178981 0.322930130584337
-0.0079870294417508 -0.0134819565091469 -0.141722714542563 -0.240138256048858
0.00404011711516597 -0.0151425944169384 0.0712720573223931 -0.312227927503557
-0.0038470653386443 -0.0148650957875377 0.138272741223237 -0.0772606975750046
-0.00479117014092662 -0.000597241075237335 0.22146570469153 -0.136799797115081
-0.00290724827828235 0.0180934636938251 -0.161984313012092 -0.200814925469022
0.0174587120534088 0.0137069921229155 -0.248723260501195 0.279855052106398
0.0023469168107718 -0.0150962272531432 0.255313599073913 0.198375962966262
-0.0119984619305979 0.00597990704394699 0.117914901667189 -0.170500333954536
-0.0197026834898811 0.0244695439781243 -0.145506911778934 -0.031192521197298
0.106528363584532 0.0666216351859826 0.0823521951610931 0.000156012388564653
0.109928783116684 0.242118551496462 -0.00342238311086002 0.220584365406302
-0.150978762910609 0.30413858037165 -0.247340075902492 0.00968230522121239
-0.334069514854415 0.0159325149034594 0.186187579617977 -0.196568373387356
-0.140048106316079 -0.221676168963022 0.352110305231268 0.306015966829961
0.0954573175759697 -0.130162538698465 -0.187499556547358 0.26506321054933
0.0414992570906147 0.0858839964573996 -0.133033275137854 -0.235339236366736
-0.0404398796932571 0.106321377191853 0.06590136437791 -0.308375214333749
-0.0276430773901108 -0.00275845452256934 0.10500617695123 -0.12524912141557
-0.0898513115382612 -0.0566541098234688 0.155028177388741 -0.14640065539734
-0.155287294867533 0.0652599543036796 -0.187746740624017 -0.158292800836157
-0.0348770356460462 0.142816196111699 -0.215604996572248 0.265206198237952
0.0553306349965976 0.0153790342456364 0.246258765643227 0.15631729875226
-0.0203250936091927 -0.0457450947402727 0.103088273492508 -0.168597064505382
-0.0876038634899308 0.0400608989188107 -0.182551957573547 -0.0550918000387672
0.0902245739916877 0.0762879121928827 -0.0871840468258381 -0.0405240449291305
0.164953303475097 0.315543931331774 -0.0939614862293409 0.101151906877688
-0.205305975670516 0.473751893236576 -0.181638436186894 0.0220878988078177
-0.53650418731478 0.0351600553334162 0.106856895748543 -0.102920375358078
-0.190822394715141 -0.362643832592982 0.177730388924369 0.179710296815642
0.194416771337543 -0.160524243113158 -0.156985153001666 0.107861319369124
0.092176241680942 0.175704127394283 -0.107614327038517 -0.187851315440372
-0.0533187078109819 0.240464593787409 0.00589732752084284 -0.263012315691121
-0.0174768268134536 0.140491092721195 -0.0299849317016001 -0.201249280981583
-0.0513934532318292 0.0246207233435214 -0.0806795086280443 -0.12415781035708
-0.11794363825744 0.105749537697306 -0.228486769489096 0.0271019467059445
0.00532843985150143 0.12534062030185 -0.0436816783483632 0.221994379270025
0.0559404202737773 -0.0426018327667717 0.231005952444359 0.0185621640637278
-0.066324139644016 -0.0956707746619517 0.0572931633386364 -0.135759768699125
-0.187425945788174 0.0180627017974424 -0.179385605291672 -0.0728204446605382
-0.0753567561137645 0.00607951433491843 -0.210090539893452 -0.0527010245294054
0.0285966821013833 0.0985039166931746 -0.182941423175727 0.0128104419037744
-0.134612103061454 0.195052859040158 -0.113146956867784 0.0218335795018257
-0.303648433109137 -0.0801231308692363 -0.0104691563663565 -0.0327656250355093
0.00369578091524313 -0.280355497590947 0.00121727445430667 -0.0011353959272428
0.25988332033498 -0.0253117874233398 -0.0851526078593533 -0.036403626133528
0.136652663288449 0.237369224459534 -0.0711715915044663 -0.0997667368949191
0.0267011055389586 0.32866466471434 -0.0767893381632397 -0.125668374074318
0.114443106466912 0.316350161470486 -0.170125456796887 -0.0924938978117775
0.221242142106764 0.139235818310424 -0.228237516469127 0.0592201966406583
0.164773557395234 -0.0503137538966556 -0.102446969870588 0.20196728183533
0.0668571737991995 -0.138305905908631 0.145093102053731 0.112087718255571
-0.0395891952439923 -0.177376474482925 0.198112676993563 -0.055323733645673
-0.147262272364112 -0.118494414675432 0.0402628075487813 -0.0621110766371283
-0.237219860482261 -0.0434774296647706 -0.114157493233686 -0.0480373954665295
-0.198668638692842 -0.127130128712858 -0.194985417870911 0.0101669509992575
-0.0929381946520881 -0.213248071833698 -0.193739958425071 0.0349739022767519
0.0579896725619033 -0.247430993415375 -0.101465080085252 -0.0363623429599562
0.199835702265691 -0.146922407083118 -0.0205974078886043 -0.112413644575667
0.255828969580602 0.0281999422890857 0.0196594054908018 -0.114288077398742
0.234654030607862 0.189433140565192 0.0130667159292612 -0.0455400654365327
0.163433940777108 0.259809880688073 -0.0218557113920585 0.0106518343796901
0.168979951912467 0.255285276900698 -0.0724348605749949 0.0458658537907235
0.241219050473413 0.163135287191823 -0.10548749979215 0.112244427647249
0.276988171025073 -0.0183560283317063 -0.0618484511924964 0.158464620274275
0.188988790098567 -0.231905395177258 0.0843382496018 0.145050473999736
0.00120945588612316 -0.287962710999794 0.210685038591486 0.0606140680358557
-0.15185343549739 -0.200439473494316 0.197975227328816 0.0188518584866401
-0.205658605862648 -0.0835576238414363 0.09257921442969 0.018597295458573
-0.191171508205908 -0.105790925702641 -0.0374205189751397 0.0174291829804576
-0.120489261887595 -0.178894529728391 -0.153861280652892 0.0861970192017666
-0.0071102453963145 -0.202141936218024 -0.16937261737523 0.0158437100805549
0.139581647786977 -0.190055860094972 -0.025311474448904 -0.161942319230985
0.289546526148882 0.0133834242689559 0.13766588779126 -0.145845041470243
0.22758060103652 0.261103769265652 0.139265363079191 -0.015077522791574
0.114070069270069 0.312000720434911 0.0681913078646675 0.0825104820935558
0.148319900304199 0.240129544560438 0.0402247338786124 0.112677027610435
0.249673166923243 0.0329779479318418 0.0529554807440088 0.0875609388590042
0.102621084205606 -0.244593247504269 0.0325289461535632 0.0422503691041911
-0.208312270576729 -0.183776282991509 0.0387635276450106 0.0344767811140161
-0.166441957508596 0.0523289630594611 0.142170968191243 0.031800074349414
-0.0177809238809758 0.0107573620508718 0.188514576170702 0.0546800531147427
-0.109192001262584 -0.0534772494768647 0.202249779737247 0.0930534017407886
-0.186703264362683 -0.0215398809656578 0.171485211480847 0.0527965038893665
-0.0983225744958887 -0.110148092263034 -0.0194529742711495 0.0892361573263975
0.0185677413471824 -0.0863861208407088 -0.190100515056014 0.0480595389825206
0.0312150284940096 0.045172885240573 -0.0733067726580084 -0.156040302568278
-0.053453804709547 0.058183286000048 0.151911134081689 -0.133810076955119
-8.29531065276628E-05 0.0547938619825924 0.135907864021782 0.0272139153199547
0.0415526013156482 0.191786471343375 0.0860121170204476 0.133151664875273
-0.00286259688561103 0.274874258037328 0.0315157270146691 0.222152670770523
0.108843782211853 0.183281745955452 0.0961246263305617 0.192997870976417
0.210742707743485 -0.154106172504099 0.196298988321629 -0.0491715861363065
-0.146643220170487 -0.412249000057392 -0.0498320914057682 -0.235289107655931
-0.538298646751327 -0.0929000731677889 -0.109128316360373 0.0135303646134144
-0.32068169788456 0.38572372451007 0.190044279679652 0.0370442930268206
0.0789215572202147 0.308787140235195 0.12922138885785 -0.0662642075746586
0.0412987149387363 0.0697372449763371 0.0999709342929175 0.0613401705983822
-0.10466946059306 0.0128202789352565 0.197963825037957 0.0464554647175471
-0.0343575770779527 -0.0620146804242168 -0.0599210618488309 0.129849465602223
0.0494085939224508 0.00182191470085237 -0.230747038397049 -0.0886145049119173
-0.0269754843345038 0.11261040183942 0.108033208191456 -0.271956099244514
-0.148610369581816 0.0513356194521503 0.207827891006472 0.0507949444340143
-0.0956265184527882 -0.0291045777681658 -0.074542716362087 0.139406944626264
-0.0207002352524688 0.0468973849729118 -0.073647631815112 0.123913960533715
-0.0299863115879438 0.154398032893165 -0.0459898365187053 0.287997942772418
0.0662469113826835 0.10115275722046 0.130568534453425 0.247272343210907
0.0991025938406157 -0.161776199866028 0.257123458265214 -0.23804458844371
-0.202881900457667 -0.244250532094172 -0.274173916643822 -0.411546921132587
-0.368632251075334 0.0300059897795679 -0.239924331048781 0.131874952906081
-0.172445051145072 0.309143142461606 0.258102670887341 0.0573355474778322
0.103209049667041 0.252531872820903 0.0480776433146202 -0.221380207087496
0.098716072255756 0.0665899258113729 -0.0733916152872424 -0.0017529121658863
-0.0300360209431002 0.00968001986004785 0.161437433046922 0.0313560284676795
0.00345951086494611 -0.00369240642252999 -0.130968181363286 -0.0172476426970313
-0.00423617248358827 0.0103234230499076 0.149092593961514 0.0182439046324712
-0.0262231482674531 -0.00459849330152421 0.0325756704734873 0.268415148026109
-0.00656576831372505 -0.0302205126637917 -0.269541908875497 0.011466356147134
0.0428500447462426 -0.0344439183026732 0.207866890210481 -0.222429813570638
0.0396194726195655 0.0190481756449853 0.405959809282292 0.354123574658574
-0.00633056605910259 0.0104185331065135 -0.196659253705657 0.336062809428847
-0.00798842138938109 -0.0143067340704925 -0.15701213879821 -0.234512016079628
0.00460552665952172 -0.0170449115807211 0.05349773497558 -0.316242993852494
-0.00401323407902182 -0.0137354816309649 0.138046795718289 -0.0843907692541794
-0.00277591139383363 0.00238683735931499 0.217483781005713 -0.151749898497951
-0.000723718870222723 0.0162312770374842 -0.175943352512685 -0.193023681675885
0.0149276664454793 0.01319133420926 -0.23262578076439 0.298646294736959
0.00195208657425832 -0.0110731100386124 0.270219897756845 0.182026022374428
-0.00978934672343053 0.00675351514945834 0.107778966147278 -0.182429209375521
-0.0185278331988466 0.0239784601132348 -0.150138684311791 -0.0217654303296889
0.111099642004655 0.0596339921436986 0.0823425261189711 -0.00413261001809379
0.122580398369502 0.236059629692238 0.0119635268868839 0.225704408400196
-0.137052024593631 0.311932362626634 -0.250802275072835 0.0271682748901375
-0.331727425765639 0.0341849540081784 0.174559231669575 -0.21013162233865
-0.152515689736502 -0.216249243619573 0.372077545038477 0.28860240112437
0.0882154120602294 -0.136241229821543 -0.175197043498778 0.275969409765558
0.0464430280015652 0.0824896018746932 -0.14639998152785 -0.22908582466112
-0.0345887770122185 0.107292092286234 0.0503614179412063 -0.313650343562445
-0.0274116279634755 -0.00226600375313603 0.10043280750482 -0.130860950720101
-0.0931256301602908 -0.0520172542322306 0.149755238185443 -0.157301643648475
-0.155212033304153 0.0720343085272952 -0.196712868410637 -0.147850452397986
-0.0322999050188324 0.14802884104068 -0.199736573342051 0.280947615268429
0.0579092535642461 0.0175421848710828 0.257707156707424 0.139624589899205
-0.0195283123373264 -0.0470013887419028 0.0927679967602065 -0.176900167891941
-0.0863470927241744 0.0446132313568005 -0.189113064786132 -0.0440195073276641
0.093231214488705 0.0695184946375549 -0.0917223631094708 -0.0359348434665254
0.1820070667116 0.307014201209669 -0.0883938552175757 0.11106824821384
-0.183670620727787 0.484767822321314 -0.183006016137433 0.0355687678378436
-0.534629590984218 0.0663942250794749 0.0991483533893072 -0.111372141396335
-0.21052965255375 -0.356864369761664 0.188859948782973 0.170449611189829
0.186726738083495 -0.171729853366812 -0.150824529533195 0.117748406188578
0.101112559140667 0.172240194013978 -0.118637578537323 -0.185047082351141
-0.0416220856637635 0.243614412889852 -0.00885864281362931 -0.265285597759629
-0.00994945276061163 0.141423752462273 -0.0404166175856275 -0.200371610368861
-0.0519059709094386 0.0261162613352917 -0.0871240454141372 -0.120460797743001
-0.116284441599336 0.112409098706487 -0.226337410612387 0.0423802097570034
0.00822074976640733 0.13026036633565 -0.0285629100898067 0.22562546880477
0.0567683260511473 -0.0428704945998459 0.233514586572172 0.00278148128125711
-0.0697192405770546 -0.0948946980398005 0.0474393642193605 -0.13986098843905
-0.186457046035241 0.0290649385963361 -0.18764558044054 -0.0615965746827503
-0.0775412841163476 0.00889811284225766 -0.21746151274661 -0.0403851013305939
0.0324632588344814 0.0952727460863264 -0.184190626106068 0.0251854940900206
-0.126091946963394 0.20248062406729 -0.112905939177341 0.0296301862991046
-0.308679162976504 -0.0635366505558712 -0.0138933818444868 -0.0339188111224998
-0.0086344970138488 -0.283793207332675 -0.000355471172818955 -0.00324430815385974
0.259262730456789 -0.0392378277447231 -0.0878108936133838 -0.0322231925273318
0.151116279912708 0.233052363003227 -0.0777891632590386 -0.097623905518656
0.0439195560697698 0.331024605068142 -0.0825627834618211 -0.123233876413471
0.130398569286827 0.313511834720043 -0.176278267554254 -0.0847482864964069
0.227527552226222 0.128419524088426 -0.226032926749008 0.0720928169621811
0.162223677141225 -0.0567842378452877 -0.0906174203334937 0.20843046198526
0.060845195964672 -0.140155847695069 0.150779618313329 0.100745883170116
-0.0460910160064438 -0.177585989828862 0.194172951318964 -0.0688469748655463
-0.153936209352987 -0.113254041975597 0.0359944917080185 -0.0644850627426589
-0.239166321111395 -0.0298209989204695 -0.121229503311365 -0.040993952614966
-0.206684678331968 -0.117065985462042 -0.197778214270204 0.0215763267558412
-0.105335079575301 -0.210852392051259 -0.1915260226934 0.0477258875760595
0.0455947868197389 -0.251496749386868 -0.104644827050985 -0.033926248761082
0.19265995798187 -0.156761461446291 -0.025014105370416 -0.114062427716733
0.260447194007309 0.0167892971040163 0.0123769968019672 -0.116978970757748
0.245166658485818 0.178814372346706 0.01043185111658 -0.0464424528220172
0.178795340107659 0.25298660389209 -0.0215686276278036 0.0119115969007697
0.18166055275709 0.250422216070248 -0.0713496045130606 0.0497228426406245
0.252505857102805 0.153281895354737 -0.100771382658182 0.119784842745124
0.278971962970691 -0.0310506416600332 -0.0533063686125637 0.163478633480404
0.178964989085577 -0.243920507438318 0.0930035813134611 0.139563456753141
-0.0113881363661243 -0.291926284467667 0.213210845975348 0.0470232628999057
-0.162084841391657 -0.194814105743788 0.19989274354467 0.00552236092151649
-0.213929014252573 -0.0740287062534354 0.0944944539326306 0.0133967819475277
-0.197254540255798 -0.0942981008154246 -0.0380486781808101 0.0197614275862641
-0.13203452287262 -0.1728872484149 -0.149379874540596 0.0972173587986503
-0.0185311646477501 -0.203059104390488 -0.168501687824058 0.0245238261778064
0.131663437692275 -0.197375373480311 -0.0345692328768423 -0.16331113547926
0.290468270043652 -0.00308540083565359 0.131043258812983 -0.158253867662022
0.242577114245279 0.252406228527883 0.140084690712322 -0.0218121871977687
0.128707522194064 0.309785401175138 0.0716397582647337 0.0787989593237163
0.163331768383399 0.233032227237357 0.0463036438279881 0.111141644173613
0.25367980857245 0.0221171011793819 0.0557041867759634 0.0858652455904948
0.091734526326394 -0.251086449114605 0.0341345663857552 0.0428386450729087
-0.218574863417783 -0.175074524429694 0.0412182280306049 0.0346541290618278
-0.165951445629882 0.0613212235968716 0.147339250267643 0.022905492836842
-0.0181120599912235 0.0127552347984152 0.194939397804005 0.0413564267499132
-0.113394749132577 -0.0468789297227882 0.211745510909219 0.0803758671934661
-0.190789441658087 -0.0116802017166187 0.176861223887502 0.0427725587778714
-0.10422587807395 -0.104348635759809 -0.0141846668458631 0.0910900191871218
0.0138105372714476 -0.0865424782027339 -0.18986255678604 0.0606485998547
0.0349334978941319 0.0435854203782645 -0.0855440892129822 -0.151867307587614
-0.0499948489359686 0.0638813857104689 0.143622699443048 -0.143050239684279
0.00206865720983841 0.0555603753088656 0.137652488769211 0.0199466441096454
0.0508303190447838 0.190322969446285 0.0931130154492232 0.130333238322244
0.00918711812303802 0.27569843690735 0.042552941093369 0.221921885196648
0.118597923335254 0.178693492382267 0.107131368841432 0.189413306115637
0.205299134570359 -0.163960315910643 0.19285285353516 -0.0590130197705121
-0.16752143857429 -0.409366803902767 -0.0636246218738069 -0.231751022599827
-0.547686670284746 -0.0680879815929266 -0.107127165441261 0.0220853951628222
-0.307189484602847 0.409130051202798 0.196365269729716 0.0235073398463455
0.0940177538760557 0.309629063179752 0.126878251101779 -0.0768398338191115
0.0453089116657857 0.0696957055330422 0.106622733048822 0.0540735383731972
-0.105590362639789 0.0207369169091491 0.203019766868251 0.0319996306478103
-0.0379441873371177 -0.0600258871281287 -0.0527761567863892 0.134934785567955
0.0505024159155333 -0.00245274860957185 -0.239030223272277 -0.0760877438156178
-0.0201680617400922 0.115166295481639 0.0899077509169054 -0.283335206098496
-0.146205936391995 0.0595128512146631 0.21247827595289 0.0401581029935197
-0.0983501187421278 -0.0242951874804617 -0.0702583888917065 0.146174375268434
-0.0192456654393705 0.0461790136805321 -0.0694136785110987 0.128164290859773
-0.024080304498685 0.157003141213548 -0.031786163721012 0.292725641213743
0.0710423007725569 0.0989660461039262 0.144905367623149 0.242259719025802
0.0936290312565665 -0.167784031939572 0.245282649882171 -0.25173949503457
-0.212073397152279 -0.23776533339619 -0.300506417309972 -0.39689597537143
-0.372755590402398 0.0472306392309631 -0.231715612643423 0.148872118988912
-0.160846710644556 0.322841287795876 0.266060264791421 0.0389666666083064
0.118725189408514 0.250953329022527 0.0343120970226789 -0.227126917404799
0.102249744832228 0.0627933750933596 -0.0722356106541914 0.00353435833871379
-0.0304316911168643 0.0141837823851026 0.164986146410123 0.0191781182846761
0.00271370727846965 -0.0038529092393223 -0.133375772597537 -0.0142433995425028
-0.00453454561357301 0.00969423527357745 0.148895857097118 0.013271708334223
-0.0264113479308779 -0.00398863021621273 0.0412735831267115 0.269215497223638
-0.00666661005487013 -0.0306550070705159 -0.273348486248181 0.0195412619521803
0.0419797557141457 -0.036611296229168 0.202734966171655 -0.231024073040367
0.0403025614481628 0.0167176082649348 0.420183084295725 0.343847791882448
-0.00585087327844156 0.0113157124328266 -0.193213674602701 0.342547597302763
-0.00834016734483387 -0.0143775963397512 -0.163226585599215 -0.232566088599306
0.00380712043740646 -0.0182692155446208 0.0464344702714411 -0.318698230420129
-0.00388193702648103 -0.0128868673126861 0.13956012305048 -0.0882260130899683
-0.00110266209095228 0.00225975391865022 0.217365679907414 -0.158429256027407
-0.000282345672282409 0.0168161422996744 -0.182636464701229 -0.190587747411105
0.0172218670201204 0.0122200152329504 -0.226988873413269 0.309533983397194
0.000443141258219397 -0.0100616416553225 0.277540767180525 0.176696186098584
-0.00921261934935626 0.00649987669863857 0.103028605647561 -0.188049691411226
-0.0177574745540055 0.0253807653162103 -0.152002609160781 -0.0170656012242561
0.113404796461495 0.0561062275618468 0.0808422092441078 -0.00741665375781475
0.132317735271047 0.233625836767785 0.0177919187579073 0.22783146714074
-0.127443889369822 0.319665077339161 -0.253445623641034 0.0354631274265707
-0.333419609892019 0.0442608640622808 0.169151985751632 -0.216827223408175
-0.159538078117185 -0.215269928151466 0.381711636707197 0.278478582554137
0.0859192703333145 -0.139598552144364 -0.17088541709321 0.281386168023779
0.0479370991939648 0.0830853386352757 -0.153753478377546 -0.227163665828012
-0.0323349461493739 0.108337840366286 0.0423500038329045 -0.316560224409376
-0.0276259970381276 -0.0022693337101075 0.0998226974376719 -0.13319339389546
-0.0954317588297435 -0.0503899075785701 0.14927079385382 -0.161995108263551
-0.154582969381016 0.0778627751144804 -0.203407651225591 -0.144545413137929
-0.0271006044916714 0.150465192236399 -0.194467205722372 0.290115499516116
0.0591458613831267 0.0162095327672459 0.264971193132665 0.133346247201106
-0.0204653775147519 -0.0473495364515108 0.087371554105046 -0.182023663217128
-0.0865739590203172 0.0476225651485234 -0.192644194234966 -0.0386484258094092
0.0955901009133636 0.0666940024609734 -0.0956920715782251 -0.0336601145832986
0.191968695387373 0.302706635606575 -0.0848117973632354 0.115878898650085
-0.168653285573654 0.493532973447185 -0.183735884178384 0.0413542940656917
-0.539773633669674 0.0847441383504019 0.0979590662927433 -0.113924181902187
-0.222395485821157 -0.353624700000625 0.194086055161663 0.165484478558438
0.183465631329441 -0.177974670964375 -0.149261643607232 0.121135887339145
0.105873666588199 0.171987511409955 -0.124604898186216 -0.18344456640895
-0.0347709496273748 0.247680085690725 -0.0135853669922371 -0.268810864240462
-0.00677294788417284 0.140971543283901 -0.0455326550853128 -0.200239960834522
-0.0528651065253087 0.0259992442631728 -0.0889128373626985 -0.119240426293495
-0.114373652997509 0.11849815734543 -0.226745468358447 0.0488832382227301
0.0132022942123786 0.133492265407736 -0.0237354317976485 0.229588506455894
0.0561645451366886 -0.0458024598040142 0.234278775916075 -0.00365088926340392
-0.0736322941750193 -0.0942208978373833 0.0445620677748908 -0.14323627219996
-0.187117998994144 0.0374897569182105 -0.192787010133968 -0.0573717139525739
-0.0798716851106729 0.0110238083688092 -0.222176040312345 -0.034520310460275
0.0348980122979384 0.094880028181735 -0.184117843443907 0.0304643823700606
-0.120780619088057 0.206297776940932 -0.113189917282809 0.0317125283300899
-0.313866367344839 -0.0544495637356137 -0.0140468674242133 -0.0332617567214049
-0.0169516190553064 -0.285907273436594 -0.00208376490781012 -0.00425760517161013
0.261194738643788 -0.046101263115739 -0.0894682193885849 -0.0307965639068526
0.157167852483282 0.232369903882002 -0.0797745512771145 -0.0966955498554659
0.052435628376528 0.33283419704231 -0.0853672717208091 -0.122636402456956
0.141649091830319 0.311424151193853 -0.178984604269178 -0.0802911618331994
0.231730513807906 0.122607749301335 -0.225429192633672 0.0783391482240618
0.161068451844618 -0.0612623545119532 -0.0857984494925024 0.212575114346455
0.056961221397151 -0.142132639010987 0.154663679004682 0.0987042327770022
-0.0518097747433155 -0.177183347120675 0.193081335297478 -0.0754397038200732
-0.159890461780038 -0.10976218985849 0.0341516158886876 -0.06469052244146
-0.242242769385819 -0.0207984209802788 -0.123885707037734 -0.0377659330133845
-0.213326386620475 -0.111443191393532 -0.198602180692225 0.0281686518604849
-0.113123051189897 -0.210294604565503 -0.191139973482597 0.0546655160621992
0.0380884782821317 -0.256731019715906 -0.106477278854109 -0.0323464598127633
0.189413096244363 -0.165556620149985 -0.0281755549122695 -0.115680491677931
0.263315427544496 0.0105148241775682 0.00714140239013576 -0.118312997431849
0.250224361750992 0.172253456559501 0.00889415390640427 -0.0485627437006035
0.187029026188366 0.251541323922726 -0.0210812635483046 0.0120123123686209
0.191067585780295 0.247655289394555 -0.0713723511137109 0.0526457771332324
0.25915205915547 0.14916839064747 -0.0982656009440501 0.123570530056582
0.279913628917706 -0.0387478379015897 -0.0498965190184384 0.16749085712278
0.173028068899422 -0.252594389539626 0.0967237531663623 0.137779040877452
-0.0217183856655356 -0.294126922306177 0.215783552395632 0.0403781024423583
-0.170413770795226 -0.192290657089102 0.201424499172932 -0.000966874273690069
-0.218577791600727 -0.0670138777470705 0.0964665291925866 0.0112021667443984
-0.201156182040685 -0.0889333334168378 -0.0378935522921362 0.0212845607901088
-0.138260880158913 -0.169951501534718 -0.148356776511582 0.103276552230674
-0.0245339572061844 -0.204495422344027 -0.168076377057215 0.0304282952263328
0.127048256045743 -0.20162815989463 -0.0404043178518012 -0.163831878884375
0.293267221264787 -0.0100823770987852 0.127681159845338 -0.164454316078509
0.251240193316755 0.246974061039123 0.138703236760416 -0.0239357961220954
0.137613148065724 0.308389238237683 0.0734917701701047 0.0771183482462909
0.170665063622852 0.230291246302239 0.0500180981991189 0.111964114007092
0.257321273703074 0.0144074161364837 0.0575918243683965 0.0853684038615818
0.0858228521601314 -0.254695185143423 0.0357179918568462 0.0439049976837041
-0.225447221211107 -0.169402161703435 0.0420952365695385 0.0344282510473198
-0.164054182254816 0.0664044688122949 0.148826381036038 0.0182177439061559
-0.0175196607335914 0.0117405351051801 0.197809760891211 0.0355325988415672
-0.116997220823001 -0.0446784380046813 0.217275401984965 0.073475489145709
-0.193089790651289 -0.00473932009348969 0.180202706231855 0.0372797448002773
-0.108487071748924 -0.103067752500286 -0.0124013436652812 0.0920267713377927
0.0121383670712667 -0.0883664480243145 -0.189372518453024 0.0671257614660843
0.0366877613209495 0.0449667065757658 -0.089521577383603 -0.151940463884456
-0.0494705479703854 0.0675105895724269 0.140242105979177 -0.1477432498124
0.00281891723009691 0.0552794852968439 0.13717226204973 0.0169951134831017
0.0563743187645886 0.189411691280682 0.0961066349185371 0.129545933756469
0.0169114192396997 0.278627177821616 0.0484144712545643 0.223166674206549
0.124227984932327 0.176287685073647 0.112643115013505 0.189392010901978
0.201075357573529 -0.170880695492589 0.192897436315617 -0.062899726072844
-0.180712231623441 -0.408039593226896 -0.0720721590974686 -0.232966843612474
-0.554916070745933 -0.0518467579041289 -0.108298091639618 0.0262545485720233
-0.297182260464744 0.419849119806784 0.20044059417681 0.0177941855802775
0.106057476729836 0.309641094860467 0.127139828136156 -0.0815960894671582
0.0475118818777155 0.0692790817476746 0.110880753922695 0.050701151847242
-0.106556955915581 0.0244122461872561 0.205625868965426 0.025686197007239
-0.0402031296489838 -0.0596768651616322 -0.0492846507063303 0.138041148763357
0.0511190427461911 -0.00361873615305408 -0.243175007758551 -0.0702149775966212
-0.0171468634138216 0.118443383063357 0.0835977254342799 -0.287588084584837
-0.145587228768982 0.066422218438609 0.21379856152419 0.0374444820485286
-0.100090545718206 -0.0214131046457904 -0.0690360147709576 0.149131125188541
-0.0177714154184407 0.0463419219165027 -0.0683187128861413 0.131168992633709
-0.0197586350881351 0.157825026364748 -0.0258298411820456 0.296466372599719
0.0733118769248987 0.0976703590442647 0.152414547837363 0.241202893255808
0.0901057216645291 -0.171944009514347 0.242490394895523 -0.260183670360551
-0.2211916305855 -0.233861861042964 -0.315412567474029 -0.390204133374512
-0.376153985146213 0.0602098128997037 -0.229090468651828 0.156977133071657
-0.151719117607492 0.332147288357479 0.271743100724168 0.031209853301598
0.128557980799972 0.249388217880728 0.0283236351987712 -0.231361584057172
0.105107882507575 0.0606874386060288 -0.0717169038285299 0.00469801818280208
-0.0304945872724299 0.0146486301101044 0.166753399529528 0.0150973507561694
0.00254466004008442 -0.00389724248580483 -0.135108703457186 -0.00928101943260917
-0.00318565480898734 0.00993350780208151 0.14775318935262 0.00802585616982016
-0.0259667801819952 -0.0027762171562825 0.0508819967589942 0.269211752101683
-0.00878767061065293 -0.0309690097083549 -0.275518881167438 0.03082126922136
0.0404236174684457 -0.0390109606293888 0.194319754627551 -0.24092939876455
0.0414785132647692 0.0140190359032408 0.433742440471542 0.329548806668997
-0.00565619482195934 0.0115764964143776 -0.184125311579158 0.353189810542918
-0.00956063575247996 -0.0143024158153396 -0.170098477141442 -0.22790582945061
0.00216985598300384 -0.0187176378203421 0.0379551990922563 -0.319752201305242
-0.00404919863200012 -0.0126738107057671 0.139146709236097 -0.0935542925356251
-0.000633350959781079 0.00212115357282473 0.216598123711324 -0.168627841180222
0.000392626372729147 0.0175069764060134 -0.190844421763343 -0.188329729129479
0.0181198346838068 0.0123267705546105 -0.218010530251738 0.318714873408882
0.000310519809309384 -0.0110269674884199 0.286467164104439 0.167876400018853
-0.00912768156084259 0.0078666426240127 0.0943603570862533 -0.194627917380975
-0.0175983696793515 0.0263839030145899 -0.154571598725631 -0.0125128802895356
0.116174303209297 0.0511177723065899 0.0785413221483034 -0.011407419839855
0.142566086598691 0.230734861572644 0.0267958855196525 0.228951865041507
-0.115222964739309 0.326031675371083 -0.254364314258646 0.0462426559033744
-0.334109973127548 0.0584424060809061 0.163784020775811 -0.224481308306056
-0.167877788298452 -0.210741417632843 0.394770976327121 0.265897373611739
0.0816733925033129 -0.143392711816257 -0.163013766797852 0.28941752344592
0.0510261397394117 0.0822958833490649 -0.161500070089312 -0.223029366761991
-0.0289631094443772 0.109674421483748 0.0337953961326046 -0.318301608292784
-0.0277386473322637 -0.00351340409241061 0.0977120269492462 -0.136200710576655
-0.098288367043718 -0.0488135221377141 0.147511370837694 -0.168262528444243
-0.152800269000786 0.0853553913761664 -0.207848426408116 -0.138042702482262
-0.020241336327796 0.154232339652287 -0.185302200926493 0.300260649084055
0.0599904796361023 0.0144730839694251 0.270056463212365 0.125826477704536
-0.0236507252090747 -0.0472658688443696 0.0814183415982918 -0.187626733534336
-0.0850215886948771 0.0515270262539076 -0.195163024854075 -0.0317052902355195
0.0974103296463903 0.0634443343171391 -0.0992780185271386 -0.0310217610441819
0.205958818907683 0.29684479752987 -0.0813032390379909 0.119393240079539
-0.149440144658485 0.505573460862899 -0.183249499420125 0.0482108483335737
-0.538411234293317 0.105836767263844 0.0957973138457501 -0.11833762967522
-0.236507406755424 -0.347693336433395 0.200138579652789 0.158659595346648
0.177184689629144 -0.186558201457256 -0.146248013003815 0.126617562595571
0.111808558468311 0.169804854326419 -0.13182458245636 -0.181739947640744
-0.0256115474356493 0.249356145621224 -0.022472712358433 -0.269560367430828
-0.00284181871704365 0.140724887912436 -0.0509790970275553 -0.199041525518375
-0.0548053961317075 0.02804677013799 -0.0926849146935499 -0.117045470682803
-0.111207510960323 0.125881046709949 -0.226830467062148 0.0561289718331655
0.0185196305071264 0.135703849683218 -0.016471446067322 0.231619031918737
0.0558718412289005 -0.0472456110824961 0.235086018225504 -0.0121729286797546
-0.07794653104498 -0.0925167967829544 0.0396408687392316 -0.145729758437716
-0.187189867821996 0.0463045138473434 -0.195607563819175 -0.0500683059153951
-0.0817187664679564 0.0148521979421848 -0.22623344681273 -0.0263005671080906
0.0393368286904589 0.0919155318648704 -0.183819563187819 0.0380768150573556
-0.114089130280044 0.212630267810588 -0.112427876017374 0.0344207715893654
-0.317972621419763 -0.0421439205153302 -0.0141762914450369 -0.0328214496410766
-0.0269743527953848 -0.286077747431533 -0.0042591037715824 -0.00564517338797953
0.259987982661217 -0.0565006335904817 -0.0906730862369372 -0.029344464829047
0.167146994288147 0.22884986172958 -0.0832624277295304 -0.0969079407545105
0.065021045935362 0.332370883053751 -0.089784144084606 -0.120665538555117
0.152618271381673 0.307587424985681 -0.182256683410858 -0.0747137668972559
0.237679095202472 0.114402817588879 -0.223900270118938 0.0879648625961612
0.159367235709431 -0.0661911141657719 -0.0799164541319965 0.216597206740883
0.0514210518311089 -0.144306139799615 0.157245470660714 0.0929402986740147
-0.0579524113920084 -0.176123293824934 0.190428322995155 -0.0837083217873101
-0.165693695425745 -0.103946246763858 0.0334686717894434 -0.0669170916242809
-0.244777697260365 -0.0103014806001384 -0.126068579688823 -0.0333472350059213
-0.219640539307139 -0.103065955606088 -0.199695725340266 0.0373212690484843
-0.122643353137723 -0.208645917692541 -0.189653426064054 0.0616824107156854
0.0281159786382404 -0.260649661174911 -0.10892351140145 -0.0288965882843807
0.185447707114233 -0.172610301928713 -0.0327367646530244 -0.117190018362651
0.266395816658559 -0.000949605959781712 0.00198768861016824 -0.119660577108837
0.257916643048547 0.165106526644471 0.00662961438689311 -0.0497987330480108
0.197103357686469 0.246537132067629 -0.0204448385426729 0.0119380176776277
0.201482301526999 0.242321057152645 -0.0696472883907305 0.0560261341551672
0.266510684307081 0.142274002414716 -0.0938123564182642 0.128456654560238
0.281683280537103 -0.0496179397612838 -0.0444054116434904 0.171247389761693
0.164991075643829 -0.262099817654253 0.101803518474487 0.134345062055957
-0.0351230236727051 -0.295751078875404 0.217941745072916 0.0315485629975263
-0.178415385399385 -0.18631764311372 0.202499481082686 -0.00957133054381059
-0.222041586489072 -0.0597294366439608 0.0971313355972646 0.007895623205303
-0.205844796187543 -0.0825087045190911 -0.0377986936968027 0.0234277443129428
-0.144136109101917 -0.166178848830788 -0.144930789042246 0.111051238237687
-0.0328375113172657 -0.204622230404357 -0.167656661264035 0.0361643165929239
0.119222053184599 -0.206435228068384 -0.04714100013885 -0.162926812146207
0.294297525475913 -0.02098323694002 0.122652798397975 -0.170596069530375
0.262142983162604 0.237760246367884 0.138098959167855 -0.0280362042237588
0.148726187007379 0.305233841128799 0.0757834101128565 0.0752892048802441
0.17895402386464 0.226300388075284 0.0545102078020777 0.110786338996813
0.259140342502566 0.00616521653913514 0.0600842440787705 0.0858326432566123
0.0772653139332628 -0.259656894647929 0.0376627400315877 0.0444717207118751
-0.23164361680283 -0.160464726567236 0.042955004064133 0.0345716450866285
-0.162933425678512 0.07264484403199 0.150999551144297 0.0118899499867956
-0.0185502397642627 0.0108144140002182 0.201304158296835 0.0276779113968061
-0.119277965940055 -0.0405720968994099 0.220894786650378 0.0658076422544934
-0.194430770309125 0.00389364016552496 0.182265185161553 0.0303468887095605
-0.113638008542909 -0.0998372919743066 -0.00819175549941677 0.092846997368046
0.0113674044811344 -0.0879097802215202 -0.186691880604452 0.0746665940991947
0.0390657503378372 0.0453287289144043 -0.095637714904216 -0.150718474718384
-0.0468248954496849 0.0715291085928215 0.135961268539695 -0.150934367752477
0.00400521578872223 0.0548632307059641 0.137292215996495 0.0132872134482683
0.0629665685317985 0.186652431881255 0.100621773072188 0.127364071782336
0.0261671820102866 0.280986649886358 0.0550049163527677 0.223364232862085
0.130033991576216 0.17313023484846 0.120119515325817 0.187162265712749
0.196291808516758 -0.179561911570915 0.19162191444611 -0.0694557046303192
-0.195340516157428 -0.40271932484634 -0.0811819006904016 -0.229341609111292
-0.563154741688906 -0.0290993185006646 -0.108197625931209 0.0302795927821526
-0.281264153250387 0.436343816531081 0.203316820174009 0.0108239741951214
0.118827894572382 0.30742993909555 0.126024445781034 -0.0864131233308444
0.0501140847157081 0.0668837058931494 0.11498910353902 0.046674235318494
-0.10551114552774 0.0293616076703173 0.207465461815024 0.0182084357754847
-0.0431135722733799 -0.0588418785301414 -0.0451812822509145 0.141342922317059
0.0530543335617807 -0.00436878290361644 -0.246983297366178 -0.0622607500122836
-0.0120417864505796 0.121851661829096 0.0723301756423003 -0.292271380051487
-0.145111794185049 0.0740145114847285 0.216513629370506 0.0314715477174934
-0.101362521356782 -0.0193898481328406 -0.0675322202880266 0.15308529645881
-0.0175520111673033 0.0459968664422905 -0.0662918908590683 0.134547111476073
-0.0145825720207124 0.158802437818711 -0.0165187368526769 0.298145142320161
0.0765426881992142 0.0960379630209145 0.161973774131697 0.238191773512536
0.0834139906935576 -0.175430086150887 0.235335051504253 -0.270712960421817
-0.232319815644461 -0.225961846311898 -0.331579379707798 -0.380388907388092
-0.373851708518243 0.0752827516092983 -0.224578422997191 0.16690936723843
-0.139923194558207 0.340517311006925 0.275454121061541 0.0193674336547841
0.139071061041371 0.246178464850008 0.0206269050343766 -0.232421010993211
0.10912764548211 0.0558067557917165 -0.0696492485089572 0.00816341165631977
-0.0303839066700347 0.017383224664916 0.16856116424177 0.00786889541142589
0.00238338913548038 -0.00416498130302322 -0.136316587723079 -0.00417287143176623
-0.00265837715091815 0.00981501992693403 0.145899264247972 0.00241162797607064
-0.0269631131646191 -0.00137951683316508 0.0602252094209189 0.267004935967749
-0.00924505539692081 -0.0295674063793114 -0.274394093809947 0.0425801065746956
0.0396418073945434 -0.039740244699813 0.183299100093773 -0.247624303376624
0.0416743652286769 0.0121716600943608 0.445419028698759 0.313333566055962
-0.00417563457372191 0.0118855623133628 -0.173393765265747 0.358984349675011
-0.0104170549254794 -0.0141185286720142 -0.176038818452665 -0.223398299309788
0.000651363348667848 -0.0193962775903208 0.0276973012129224 -0.318397789064964
-0.00440496630662425 -0.0121881401182664 0.137533070247744 -0.0972670290337631
3.40403911732803E-05 0.00183558311464828 0.212200828777607 -0.175502150497709
0.000439513287592138 0.0173700637881971 -0.196468352823341 -0.181669879406376
0.0194660760850745 0.010809256099821 -0.207755665371195 0.327647137974708
0.000118517777035978 -0.0111152600766973 0.292189123263451 0.159005972318498
-0.00954899502347747 0.00789105132233078 0.0856500587540946 -0.198726242048677
-0.0178916401812251 0.0268218155638919 -0.154756811257 -0.00645387280052656
0.117500297388822 0.0452300595231124 0.0755837838489469 -0.0143071924461637
0.15137607100857 0.22436336560677 0.0361252858565435 0.226362951401415
-0.102201180928195 0.330675460904512 -0.252778875967751 0.0550650646723708
-0.331708494724684 0.0703888667434041 0.155891348872127 -0.229586264610462
-0.175799615083395 -0.204480076664934 0.401917362180088 0.249874284888879
0.0762040118692587 -0.146136193494138 -0.155003351691999 0.29236592939796
0.05318713753966 0.0801040656085343 -0.168406440809538 -0.218487131352986
-0.0253366797161884 0.108713016074545 0.0239755478505258 -0.318193759806856
-0.0277236282239024 -0.00288650411151961 0.0953223477957816 -0.137828610239349
-0.100063062071206 -0.0455591173002083 0.142374506258187 -0.172383915926098
-0.148819234731752 0.092343402856246 -0.211212770730499 -0.13125431714497
-0.0139680100571386 0.15581121971596 -0.174160145809702 0.306745807477039
0.0601835520723141 0.0122681362426763 0.27358031930677 0.117652896349771
-0.0238982175101011 -0.0467745534772304 0.0739304995770618 -0.191444505071038
-0.0825907021656121 0.055340678363175 -0.196117378052566 -0.0234614567978119
0.0987574116833762 0.0592414507434296 -0.102496541184242 -0.0273113180235911
0.2166990487686 0.286827583918382 -0.0764169007795542 0.121822159486368
-0.129555668149303 0.510391822551099 -0.181894658931384 0.0544037309340881
-0.533655334092173 0.125764933965503 0.0914252290193701 -0.120640063632419
-0.248880229860436 -0.338330813807396 0.203853542759906 0.150085813700898
0.170561993956597 -0.191888721798709 -0.141544066040773 0.128896015746298
0.117599911389557 0.16671732890117 -0.136528433786799 -0.175964374636887
-0.0172157730135007 0.248691013022469 -0.0305503246938005 -0.267468639536803
0.0020292396077868 0.137951165547837 -0.0561140672156175 -0.196124898160483
-0.0552418541209964 0.0287695333486709 -0.094088494119342 -0.113471020682671
-0.106707646582547 0.130610733037034 -0.223381324244102 0.063833875736291
0.0251865419722726 0.137050793072987 -0.00852148224884157 0.232638039557034
0.054250893024403 -0.0482524759626829 0.233184914455553 -0.020738385135032
-0.0804677834313821 -0.0894252036974776 0.0339051343331164 -0.1473755245961
-0.185245199775237 0.0535332773126975 -0.197513554319474 -0.0422375866078994
-0.0818049566713001 0.0186783411030568 -0.228880068662272 -0.0171368446294839
0.041613012375327 0.0886733685931596 -0.18125172713675 0.045298772859032
-0.105148730621409 0.215258242953338 -0.111469174784112 0.0379421282132237
-0.317309343097162 -0.030572763576559 -0.0148368928984989 -0.0326778765421269
-0.037914671282221 -0.284415435310215 -0.00538797659018283 -0.00519730576315782
0.257776715571857 -0.065851534294901 -0.0918879726196206 -0.0277935678953966
0.174102961554736 0.223272635065358 -0.0858548856880276 -0.0936714674493081
0.075566890411752 0.328675427749574 -0.0926456715845403 -0.118135173514014
0.162120696190337 0.301266040487616 -0.182694579204368 -0.0673295949062743
0.238094407975742 0.105239721056828 -0.21861653500878 0.0952319334303525
0.15556261616238 -0.0705392298740049 -0.0729181731267006 0.217672565760189
0.0460333406192864 -0.144937509674162 0.158351658646752 0.0864731093176725
-0.0641813551595736 -0.173263909748096 0.186126825414998 -0.0909866253449215
-0.169447628367421 -0.096847630641697 0.0308023168030635 -0.0680757854714786
-0.243639007084027 -0.000768594472753922 -0.126884784668346 -0.0279617317759044
-0.223781277712773 -0.0956150334292567 -0.198873673875189 0.0449303375398075
-0.131516295829245 -0.204192296787286 -0.186047720912427 0.0686151625171921
0.017638244928547 -0.261948822622451 -0.11060112531446 -0.0257505261115125
0.177061340692268 -0.178195030022018 -0.0366983960229378 -0.116850420717181
0.264582054337658 -0.0103406796830179 -0.0045189454230949 -0.118847088153816
0.263056433597573 0.155362052254214 0.00392501581964632 -0.0503498222507478
0.204498679676545 0.239379746119895 -0.0192498246821896 0.0125181564171328
0.207216792765753 0.233745548220408 -0.0675115998245967 0.0594442252323401
0.268420469073519 0.132311986616775 -0.0879071750757402 0.133001471547254
0.278233621706717 -0.0585256208577513 -0.0386319573800913 0.172733494006015
0.15497270154962 -0.266592501242411 0.105287704453104 0.130345276684694
-0.0475099518093278 -0.294288285358594 0.217407376588837 0.0236458917848089
-0.184832204022738 -0.180161488425725 0.201601011981667 -0.0173317920655713
-0.224025452059024 -0.0504129823157279 0.0976146709755709 0.00438795275941046
-0.207956373538244 -0.073167569831168 -0.0373768896871065 0.0245640123583958
-0.150110322449107 -0.159012274904206 -0.140054116864374 0.117508099097351
-0.0403743722279935 -0.202583759296483 -0.165351588592871 0.0418140724840682
0.111564975074817 -0.210030001191449 -0.0541728770376042 -0.15998761873374
0.291599388872647 -0.0309830854772207 0.114292644665659 -0.174943269477133
0.269583153146159 0.226688490302768 0.135522409756337 -0.0323895638383541
0.158553810325042 0.299620438606729 0.0771224698704012 0.0725561338479362
0.185271840199181 0.219909589137668 0.0584518225566784 0.109380643610601
0.257442162315903 -0.00359844323384736 0.0619516283140178 0.0852369331688729
0.0676003708250704 -0.258525125604043 0.0397721908866985 0.0439435055334386
-0.235374504935169 -0.150213749832829 0.0432788760721588 0.0349006483119107
-0.1589974258646 0.0764443838415837 0.150309729728316 0.00647521901637841
-0.0182785296611517 0.0095939591642199 0.201576534336513 0.0203584876795091
-0.120622767716807 -0.0367871279022397 0.224570668803702 0.0573708767617537
-0.194525099742622 0.0108187860336287 0.182758213212344 0.0237378286228328
-0.117330378215176 -0.0957738067242498 -0.00541332945003872 0.0931795219788854
0.00911792264152633 -0.0872984450445794 -0.182672556048128 0.0816490080433176
0.0408718108282405 0.0452957877649553 -0.1006597257432 -0.146472543841295
-0.0448804165584073 0.0740428320425055 0.129822846564812 -0.153306208166852
0.00517351155910295 0.0553380261600315 0.133916406693144 0.00990172594149184
0.0689243918396401 0.18176539976599 0.103324923583774 0.12347368576318
0.0350729767440571 0.278730473540536 0.0614099759296115 0.219914874780114
0.133497129072241 0.169016578030938 0.127001434424133 0.182533158029864
0.188646054897228 -0.185334849891491 0.187715436501391 -0.074762726099713
-0.210138252935552 -0.393905464015334 -0.0890133127052036 -0.225373225332222
-0.559035239033325 -0.00670485415481231 -0.107218305606263 0.034361219501939
-0.26357373056419 0.444819565683695 0.203682349921055 0.00134997140737911
0.131393507259276 0.300859755022789 0.122786972010609 -0.0909551007507379
0.052934377703807 0.0642050279600141 0.11818819771396 0.0430434425544107
-0.104968152073648 0.0337406556491925 0.207215558467363 0.010111312252237
-0.0447036259935894 -0.0566499622228197 -0.0402531357429275 0.142637746786707
0.0527060460787988 -0.00641209650175336 -0.249411508503078 -0.0535692107870112
-0.0064356808169315 0.123795474008972 0.0621517448967378 -0.294507167106917
-0.141845743830598 0.0802153050611268 0.217284364904828 0.026414724236161
-0.102056246886452 -0.014833974574131 -0.0649754702795375 0.155875242100464
-0.01685423678281 0.044800392665399 -0.0638575221699775 0.134309753505649
-0.00922142946820687 0.157800342430922 -0.00730033855759804 0.297702598902291
0.0783016062278496 0.0937498741517936 0.168540973637873 0.230803908534878
0.0764003511070725 -0.176815831689392 0.225662215171481 -0.278027409952599
-0.238905537553287 -0.217522696837473 -0.342540326680445 -0.365460710913396
-0.371762147980691 0.0899647300455445 -0.217795026463017 0.174950707762241
-0.127910398617263 0.345842075591733 0.275307202304934 0.00770182394268468
0.14838898468669 0.239017323689505 0.0117905977275304 -0.232670044420501
0.110315117957156 0.0513326559603707 -0.0668179523945046 0.0103749835422896
-0.0302251888136467 0.017721516178745 0.168549822738269 0.00115290062840473
0.00131742078682421 -0.00514607125063237 -0.133813663250292 0.022454870934452
0.0012325882313322 0.0111390559649998 0.140239335642313 -0.0243567946571726
-0.0263331297031056 0.00587773728497067 0.110088403995123 0.247576483931541
-0.0157889508020036 -0.0274769036959138 -0.259626668387678 0.0948753468973579
0.0320620900196908 -0.0474230415453485 0.128825875284146 -0.276354863919329
0.0427168823888622 0.00428875253379368 0.491686578358633 0.222724681519131
-0.00120568212712424 0.0146891279380513 -0.103466351385705 0.380352442133235
-0.0133375161102877 -0.0121942551428417 -0.210138433812649 -0.183247082204899
-0.00288329899400973 -0.0200054304419524 -0.0301822266452718 -0.312595412645029
-0.00566392203972967 -0.0108548602461574 0.116791858546228 -0.120395805151228
0.00288866115504881 0.000462661390927501 0.173775510952602 -0.212399054471327
0.00423290741514472 0.0151974867638956 -0.22669975391833 -0.137703878817029
0.0187452278775474 0.0079802384722746 -0.133704984797166 0.360139423697235
-0.000994623064852604 -0.00825641837308789 0.313134226265619 0.095103402752726
-0.00513302748348841 0.00978099918638649 0.0419308338641264 -0.20992802327965
-0.013379306570325 0.028757398169041 -0.151786269312068 0.0245762076745978
0.123351796615857 0.0239928236579553 0.0696986690207211 -0.0281587362499086
0.187200843061117 0.191992492682699 0.0810507688168705 0.213386028379328
-0.04276486122082 0.339779466523817 -0.234954824442881 0.105223203727886
-0.306896353331322 0.127674273695401 0.105066498034678 -0.251596385701192
-0.207662257792018 -0.168976042911189 0.435658911334286 0.168764898094838
0.0488374559803993 -0.153952136139623 -0.0979103073943708 0.312440011904211
0.0650360518004681 0.0685500522873779 -0.203504249521844 -0.180231579626821
-0.00636130766781217 0.110095224631319 -0.0350588315528753 -0.311129573465809
-0.0277188151519508 0.00123833125206845 0.067375100860834 -0.150279532839399
-0.105607876580271 -0.0270991741670758 0.107985561416738 -0.196236794967697
-0.130113775714495 0.117042192338502 -0.230359106133243 -0.0865623773805612
0.0149011133763168 0.15747579669102 -0.106561799209305 0.331622658042988
0.0636248515846653 0.00309724960749573 0.286974427419374 0.0579373592270254
-0.0318625297978163 -0.0414276757630843 0.0310649670387736 -0.20070232282535
-0.073023458869152 0.0673540028239257 -0.195382184769408 0.0161207646323949
0.104643403737655 0.039475880865537 -0.104718293386716 -0.00677426365475973
0.259370821769576 0.240027350082506 -0.0463346841464354 0.133498615506783
-0.0362663891322485 0.519456557854037 -0.164614983083386 0.090528429925252
-0.495737427532956 0.217280333325538 0.0641265618303043 -0.133008269533149
-0.303765721690066 -0.286860558573194 0.224388658866637 0.107898205787544
0.131386553094481 -0.216415097382242 -0.114494304060367 0.151071987258103
0.143215503163821 0.141497489577034 -0.167172371699235 -0.146628156752106
0.0266011522239189 0.245456488990243 -0.0798586725679718 -0.256005187422275
0.0267131966926083 0.132950791439504 -0.0896539155045877 -0.178774133219015
-0.0518107987599679 0.0377512551416661 -0.111373784845703 -0.0927182334381799
-0.0820693020302296 0.149834860828722 -0.204722964636883 0.105143275649213
0.0505827580668835 0.134466646341655 0.0380489802266234 0.226899365626157
0.046743718001698 -0.055985424818807 0.220242616827378 -0.0655945071329556
-0.0955855089513016 -0.0727066297285705 0.00235803725000484 -0.150149729962673
-0.170464780573402 0.0847924625094652 -0.200509950943897 -0.00049832519742726
-0.0793877548472166 0.0318537519571947 -0.226602292460207 0.0285507366200841
0.0533843821685098 0.0778187538589741 -0.165941850151356 0.0789254772294437
-0.0657841537300563 0.227297485504728 -0.101200953680032 0.0592434764496022
-0.314598715950125 0.0279913289509256 -0.0217215047206974 -0.0287020217313004
-0.0876057010426868 -0.271013362703991 -0.00963195893987451 -0.00507469702710088
0.237619574623212 -0.110345577422582 -0.0944569452902552 -0.010417656281343
0.209898204562334 0.185956601497392 -0.101077852848586 -0.076148707171351
0.132882445120422 0.308213504197267 -0.111465171062305 -0.0971724338774825
0.212356439247922 0.264345023429946 -0.189011137884789 -0.0315720204426556
0.251648767961108 0.060075718161484 -0.194162822123733 0.132520553203803
0.138517755790427 -0.095491027066655 -0.0281510539725143 0.225459392134467
0.0189136905646687 -0.14799340781434 0.169112301821136 0.052036290246521
-0.0935561760707682 -0.157513683365557 0.15915966361201 -0.123557553447289
-0.184579458150526 -0.0630693425488295 0.0167002807232976 -0.0705636607484335
-0.237122151685514 0.0416188176979806 -0.129731515917414 0.000934943290391947
-0.236203384079634 -0.0531127242427282 -0.186602546132073 0.0846103800099876
-0.168377877960096 -0.176489929716268 -0.167375897478732 0.100805450281445
-0.0305763084489379 -0.259323775751808 -0.114355246678695 -0.00531589567030004
0.141746568037391 -0.206733906248049 -0.0585384131510893 -0.109558431582388
0.256925312859319 -0.0578096181683267 -0.0269502407381394 -0.115144519573337
0.282729175457933 0.104419965316844 -0.0064985545672992 -0.0494986796658592
0.242657447487192 0.194876120743623 -0.0171875614557448 0.0143159689919577
0.246599979798684 0.192852890654669 -0.0540444879238078 0.0695326026231423
0.287922125293845 0.0807252717810579 -0.0604361339866605 0.145014573436724
0.263464522792772 -0.107777561520738 -0.00441016429602677 0.176782355431425
0.100725385949965 -0.291516930049511 0.125520155278153 0.105816522968454
-0.100858893718826 -0.280861599123168 0.212846804084511 -0.0205478373506476
-0.214336967489303 -0.142532165427153 0.190851370504961 -0.055897580827278
-0.228755896603828 -0.00638235215531757 0.0969609707468786 -0.0145553213098891
-0.216567641015032 -0.0342981430521455 -0.0337518649728442 0.0327174788946271
-0.174562164193612 -0.128174443110002 -0.114067388410786 0.14045816887401
-0.0765643698973082 -0.190185222528534 -0.152839150772738 0.0711964921021716
0.0702224832099602 -0.224836733147287 -0.0829824099050091 -0.146427822939422
0.277536078703828 -0.0841069232187831 0.0765860910275204 -0.193164091499038
0.303312719428548 0.173110889691487 0.127066525423644 -0.0555089302053678
0.208007363597221 0.263351990477392 0.0869631626966771 0.0560330975365901
0.220390038879513 0.178895313017686 0.0763176707635621 0.094525666517966
0.252038790277593 -0.0492403788257182 0.0757335754812518 0.0734141674550919
0.018324895537936 -0.264731392186886 0.0467507681374012 0.037204576919115
-0.258031270962714 -0.103987674719011 0.0492138366265617 0.0270338013676107
-0.141147682725158 0.104933446483759 0.147613906901881 -0.0247835034303964
-0.0153635065527884 0.0116855489346522 0.19834283151413 -0.0222341807679732
-0.124080115855895 -0.0129446329496345 0.228497797232535 0.00903961040089843
-0.188291339225447 0.0494715525404823 0.182539803551657 -0.014616739279609
-0.131749906939544 -0.0724218162766258 0.0101031026834304 0.092047285188859
-0.00722463073780407 -0.087051274330655 -0.161604496933314 0.113853311300514
0.0471392184631075 0.0366452940131756 -0.124381952182168 -0.122406447210699
-0.0301117684103624 0.0806982889935447 0.0996821415616548 -0.170834576647738
0.0145879677021229 0.0524461992403079 0.130840196398837 -0.0142895321681359
0.0987536427180411 0.164544260513999 0.123459935865898 0.102233961457957
0.0849758564399597 0.266237580115676 0.0993923951536796 0.202352995860233
0.160876122336334 0.139946969916606 0.156887028240739 0.153040175287232
0.152874655705038 -0.215435236746472 0.167018995609002 -0.104338463041981
-0.276469070206657 -0.348320017181359 -0.129397197236876 -0.198413122370365
-0.55129541752006 0.0947900432846826 -0.0957495126112386 0.0563493000502562
-0.174043595116591 0.489409766796118 0.200038833317255 -0.0408073739201335
0.185790272219569 0.270437981119695 0.0998267640580852 -0.114144641814841
0.0634863014992949 0.0535655837344724 0.123451328209895 0.0158738768757857
-0.0960195137633881 0.0545012380308203 0.202642256167592 -0.0332464591519181
-0.0544857572513858 -0.0459753391158477 -0.0122975845000402 0.146416413569279
0.0488654226942802 -0.0163359760611867 -0.251522261190321 -0.00577348483845534
0.0176004803130687 0.120753421832306 0.00500289255975889 -0.29677704163349
-0.122279877992708 0.105105447418186 0.215287646681521 -0.0124927466311486
-0.10357067624887 0.00280244021169529 -0.0364322683357137 0.165587867710069
-0.00902821078708293 0.046194346117804 -0.0394048049646507 0.143442235673872
0.0199372311885427 0.155922862368775 0.0471974444622542 0.289838356835303
0.0933085101704208 0.0779956684548412 0.206408520828367 0.191393602756698
0.0437942060229735 -0.188592963033855 0.166724819748644 -0.30998571495082
-0.272378608699266 -0.170399456159005 -0.40375295203304 -0.287355718825333
-0.350600219278675 0.156712778037459 -0.175178189229261 0.213107856862636
-0.05649166296269 0.364022569487151 0.271061864382528 -0.0496295928381651
0.191919535059095 0.20536946371376 -0.0361891698773314 -0.228394893940712
0.117603578187177 0.02897760138737 -0.0615427633225129 0.0227047289759176
-0.0256743837491534 0.0247861469745659 0.164280560440746 -0.0339261557023268
0.000932064305564702 -0.00451823125977844 -0.13261050845127 0.024898405678106
0.00163068339880949 0.0100153974580593 0.136667409729215 -0.02762410612411
-0.0251619271632117 0.00660268395907207 0.114588754483799 0.241937271232596
-0.0166342141774314 -0.0268357148620883 -0.254855570045858 0.102823021880012
0.0312230446962401 -0.0472611646621269 0.118376338385666 -0.276650595400673
0.0409364554945526 0.00308215877766766 0.492994941876775 0.206693575282344
-0.000146526395502923 0.01491083786396 -0.0949287109889258 0.379616846413328
-0.0137836715284628 -0.0123009936716115 -0.211580536536676 -0.177673083177053
-0.00434544766488421 -0.0196620530689425 -0.0358395814303386 -0.306399473125126
-0.00561087572240909 -0.00965625193999273 0.114987545491031 -0.121969403599823
0.00283291517649467 0.000309275076382729 0.169538713052314 -0.214016018717056
0.00450554598624572 0.0150161664881452 -0.226312179818062 -0.132065872869909
0.0191560097023366 0.00674484029861909 -0.124157973625027 0.358623065535358
-0.00104870504391078 -0.00735547399619465 0.311884305009371 0.0867809055404387
-0.00475923704053169 0.0102775244377065 0.0349213164504288 -0.208812582509143
-0.0128278590607464 0.0278367071380664 -0.149671020175824 0.028110423853706
0.122004326311159 0.0191222917038395 0.066179785629698 -0.0284796672261424
0.189196056256651 0.185284708141121 0.0853399394736357 0.208722048440098
-0.0328674276557539 0.33613509866282 -0.230198605511986 0.111166050211453
-0.300957046694601 0.133509913945477 0.0980190661793095 -0.252479034048309
-0.209747323916843 -0.162605007077437 0.434172764524062 0.156167509173744
0.0441906659504694 -0.153509897888025 -0.0911995791487431 0.3112640430684
0.0651200506327229 0.0676297505585535 -0.203210416426233 -0.173262682662494
-0.00449275835453038 0.107592053659458 -0.040279861527557 -0.306872410496638
-0.0274823698782174 0.000494215431413246 0.0652268186228824 -0.14927115769517
-0.105461614628088 -0.0249137216457092 0.103173566640142 -0.196688009545161
-0.125166722396242 0.120002979838187 -0.229587496048575 -0.0819200956611242
0.0202841631586226 0.156823628137373 -0.0995050234084483 0.331208828398854
0.0638138295918739 0.00188865987530473 0.285461414302444 0.0511203723835286
-0.0326249163645458 -0.0406960776822562 0.0251283808986776 -0.199997419045563
-0.0706792120125072 0.0685455419826577 -0.191966813977676 0.0211561993850906
0.104552240514656 0.0357725078409265 -0.106057381813165 -0.00345992366212921
0.263979309193034 0.228923799336437 -0.0434570094801469 0.133087031348488
-0.0202844931054491 0.513500421094562 -0.161089596901509 0.0946943969145635
-0.482607112702345 0.227937904899806 0.0596024277507894 -0.133212574167037
-0.307070340688556 -0.275708327546828 0.221595716654491 0.101705029756667
0.123840341701999 -0.217714202099708 -0.110869351114131 0.151147694737156
0.144440124848966 0.136624466779793 -0.168322053580808 -0.140393086522392
0.031997505366822 0.241529697714028 -0.084215274008192 -0.251156498505825
0.0281645835307 0.128668153154743 -0.0906439155130063 -0.174387733302302
-0.052045692421985 0.0385859260848554 -0.109840316283514 -0.0906371469220541
-0.0775616641167344 0.151444709419165 -0.198114577539402 0.108194884805919
0.0547771893163719 0.132861497594635 0.0424450412076328 0.224025909521305
0.0460410444189493 -0.0568717543013623 0.215328559282435 -0.0695631384076444
-0.0966071192462195 -0.0706018572850751 -0.00145154509142502 -0.148692565923159
-0.166992899739657 0.0899062687952538 -0.197783670247372 0.00600599757421208
-0.078565581822083 0.0345591857823172 -0.224140136201019 0.0359279128583083
0.054166552856453 0.0729702598465934 -0.162027460514329 0.0822149585834936
-0.0593472483315777 0.225889214683182 -0.0993410961030491 0.0613093804312751
-0.30955948349404 0.0357961004520976 -0.0222857736389831 -0.0288974726434115
-0.0937869550447632 -0.265560364407671 -0.0109272295843313 -0.00488019424213917
0.23077564063899 -0.114409437569173 -0.0944817889869029 -0.00873871777550077
0.212219684245691 0.179851227524646 -0.102847248085331 -0.0732088028832665
0.137329081888138 0.301227025107268 -0.111832398306383 -0.0957211944324225
0.215082153475582 0.254840066868543 -0.186734317412924 -0.0271512434014373
0.24804622792162 0.0537356150220043 -0.187591788277505 0.136166411753337
0.133429052147213 -0.0962641341034576 -0.0237572587374072 0.224315237733689
0.0157580958699478 -0.145439070793159 0.167275912696622 0.0477407176852721
-0.0954795570387307 -0.1526065760926 0.153889747238672 -0.126932413501237
-0.183519244638453 -0.0571510116378935 0.0145342405117283 -0.070653662300909
-0.232476001953793 0.0488657629390285 -0.129157820492049 0.00419502469789783
-0.23538573090199 -0.0458602867604946 -0.180921601219829 0.089713481051304
-0.171187777021439 -0.171885239615419 -0.161729421875214 0.103797584041165
-0.0375203694216646 -0.257395856161744 -0.114096020490015 -0.00117741639656196
0.135417732454045 -0.20818413125012 -0.0618899932436062 -0.107772481245877
0.252186853038882 -0.0631423981100965 -0.0309321291454763 -0.111709799772971
0.281491769575269 0.0959703575431075 -0.00762475048440805 -0.0480798282053174
0.244473262847884 0.18613295678821 -0.0159019530212026 0.0145743134176381
0.246102068976824 0.184267531852913 -0.0523023498907644 0.0707376542963001
0.28596228508273 0.074645668384732 -0.0545587592824219 0.145271864549402
0.258428639390657 -0.112006674673624 0.000363871871666314 0.175411685592271
0.0918568049289207 -0.290229507501553 0.126454004767187 0.100880406490314
-0.107833566330074 -0.275845863285606 0.209039817251146 -0.0260250683599933
-0.215986520745907 -0.134804326726249 0.186559721839402 -0.0616167908147933
-0.22637243509734 0.000592083669814644 0.0949802460840583 -0.0163086048543973
-0.214174875092539 -0.0279681928323704 -0.0320850940285174 0.0335100995733412
-0.174493080767539 -0.12210808107216 -0.107779624562731 0.143087275642677
-0.0803259282631722 -0.185060286035517 -0.148815706476191 0.0739355598627141
0.0643136525954763 -0.224713587175737 -0.0851445603472501 -0.14008339754144
0.271636752236926 -0.089325131492658 0.0695863456750539 -0.191983655133708
0.302733750499244 0.161488943655706 0.123519766002364 -0.0563152814775468
0.211199107939066 0.255851733593387 0.0863630142486026 0.0548107473344416
0.220207380631006 0.171469264239377 0.0787345950117822 0.0910048282041987
0.246459378689028 -0.0539864487676474 0.0764413194770057 0.0724238727458226
0.0133601675037753 -0.261832734550815 0.0472110139240813 0.0368828105039189
-0.254807203164798 -0.0974132584492884 0.0493389711225003 0.0274425447555793
-0.136611209779632 0.106090313191536 0.145287192044626 -0.0284369270892938
-0.0159916453286109 0.0112248928031518 0.196013551939079 -0.0280013666282742
-0.12388376418914 -0.00947907395550795 0.227188301447545 0.00243898410849947
-0.183980587503532 0.0535116248809587 0.180492010294593 -0.0180075802623532
-0.131689765858267 -0.0675364872347046 0.0124791649101659 0.0909762478213264
-0.0079644444263897 -0.0868847647555293 -0.156242845238329 0.115331544832619
0.0494447285378624 0.0367559249196925 -0.126845291513234 -0.117863585978499
-0.0273541195377454 0.0816874990143385 0.095361002449585 -0.170554859200286
0.014301131049324 0.051034365920586 0.126646880318906 -0.016236069922692
0.100932176967442 0.15892652077315 0.122337265840381 0.0980428056646472
0.0905966063922281 0.260193157218862 0.101996815437119 0.198151347804205
0.160927461378097 0.135684589224782 0.15806890046287 0.146968531853383
0.144528107867192 -0.215908622766252 0.163953682932495 -0.106618847571992
-0.279941338800981 -0.335715116031677 -0.132600147478704 -0.192317127983148
-0.541054681714094 0.108264785432362 -0.0929921570214563 0.0587975760087692
-0.158118113766908 0.485514719688125 0.197063445681058 -0.046731033621788
0.19084132665393 0.259868002965216 0.0970307617861853 -0.115791754807746
0.0629694636444254 0.0497676806408095 0.124101422229696 0.0119479477628849
-0.0941457648660991 0.0568734461935332 0.201022184215861 -0.0384761636469884
-0.0545733205836003 -0.0440197668273339 -0.0081958435766133 0.146145788354211
0.0489167546359375 -0.0169822630544944 -0.248826088391006 0.000894500065388252
0.021320325014301 0.119853706654173 -0.00194589498453578 -0.293333525478992
-0.118279199325761 0.107377064937595 0.214393206297746 -0.0170555858905866
-0.102497321791856 0.00579225863166266 -0.0348407431090782 0.165491021560909
-0.00919199368611793 0.0452913111219295 -0.0370601984888162 0.141910601048469
0.0216625384346027 0.1529898856363 0.0516091723406898 0.284836391614098
0.0932212598467531 0.0761913011118414 0.206841934174626 0.184989815412628
0.040100508690958 -0.185578646594026 0.157622582525332 -0.310524167811096
-0.272882178522204 -0.161022470596314 -0.402745536674276 -0.271967107533602
-0.340175939381629 0.163536616570216 -0.166282824596448 0.214711134622099
-0.0464998042795273 0.362223337876277 0.265835194570175 -0.0573406221419239
0.194513032326791 0.197617868115112 -0.0413804556951958 -0.226212924487487
0.116991936305804 0.025523096600853 -0.0584999969180844 0.0233398421294693
-0.0252269996629884 0.0253580839794448 0.161380957196455 -0.0386132284056868
0.00090086221438393 -0.00474458633438001 -0.13186838789765 0.0287832326610702
0.00177125675686705 0.010135151718642 0.1341054572614 -0.0303785500059041
-0.0247647120525034 0.00762628196560292 0.11976018717211 0.235742731796103
-0.0180306336261884 -0.0259378375261797 -0.248994150435204 0.108952789601717
0.030178048467749 -0.0477940495061386 0.109690394760481 -0.276426999938458
0.0405120721162471 0.00220877402907725 0.491222540371071 0.194840751520702
-0.000416064184570866 0.0149166023300144 -0.0864175563142817 0.378044031958464
-0.0139092942171929 -0.0112482532291314 -0.210957293617905 -0.172710256459469
-0.00578128556931907 -0.0191330939944974 -0.0385947995462499 -0.300779941281743
-0.00456013980939656 -0.00963185204672179 0.112674950317956 -0.121269150827915
0.00356517863790168 -0.000979672790017389 0.165413191343903 -0.216110912257567
0.00506332032039453 0.015319391614956 -0.227422842672493 -0.126676042498747
0.0197530950596791 0.00546571959724918 -0.115513478679809 0.358125111070008
-0.0018348081267637 -0.00832274319984726 0.311717746724761 0.0805533441407349
-0.00393637602196852 0.00985166655640683 0.0284144363621251 -0.20806620708169
-0.0129640515658246 0.0288104429198756 -0.147331067418487 0.0313504635751978
0.120771582964045 0.0158330189728793 0.0625268259498989 -0.0290023003579046
0.191903589398234 0.178625803162099 0.0886097307688875 0.202884659307321
-0.023316577354136 0.332476497803844 -0.224484031665915 0.117438333225681
-0.294572325930158 0.138417956447397 0.0907107686943593 -0.251670614925909
-0.210304830394375 -0.156451499744965 0.431759536902441 0.143726482646299
0.0409470001308835 -0.151941532327933 -0.0864509638993803 0.30954739334748
0.0657983037565012 0.0657631777753538 -0.204470611977132 -0.16788430172536
-0.00238905257492903 0.105569394646141 -0.0447662287350747 -0.301249324927996
-0.0278803940038134 -2.32710691834013E-05 0.0647339381611488 -0.148896057693634
-0.105223225627963 -0.0236460969374188 0.101388629567688 -0.196687480693368
-0.120571823943776 0.122238248638277 -0.226786240275776 -0.0757997066777825
0.0243554820026377 0.1552227160141 -0.0903336668630544 0.330820610441671
0.0632854166414096 0.000906994171899305 0.284809735802719 0.0460007950080519
-0.0321227134927464 -0.039786606783317 0.0186752691113537 -0.199620443327229
-0.0685372380561686 0.0704723368947086 -0.18978929366672 0.0253646735013006
0.103392149860451 0.0335444398538363 -0.107094949933981 0.000696516968261589
0.265685670555308 0.22037754355629 -0.0396397750390509 0.131488446674886
-0.00691446680710659 0.506842843245005 -0.157707357875563 0.0980007885927795
-0.47246964629611 0.236471978042557 0.0563564856006165 -0.133783095974393
-0.308746450942036 -0.266224476603551 0.219488776789045 0.0956882306951928
0.116877935534552 -0.217727789608648 -0.108508399264899 0.151171422562137
0.145518835064975 0.133422090767284 -0.168756799326131 -0.136801083956014
0.0357374148380446 0.237548129644972 -0.0868194637530352 -0.246952324913696
0.0285978136452324 0.125915717650296 -0.0914432331539573 -0.169399322629229
-0.0517402345457863 0.0388730779663187 -0.108932772563087 -0.0883191218112608
-0.0726644268368481 0.152635597332071 -0.193690310900252 0.110562900841638
0.0591295707353262 0.131909516190666 0.0456188746744837 0.221155080135776
0.0447054654305572 -0.0564133428581321 0.210519010432213 -0.0742639445028359
-0.0968483018132835 -0.0672704234428793 -0.00571011423816097 -0.147711745477464
-0.162995489221074 0.0929087435231316 -0.195368306565254 0.0104213884674453
-0.0768786843865641 0.0357160866025162 -0.221859424533549 0.0414993225637025
0.0538201933153867 0.0704639736177892 -0.157805395640943 0.0847325178125415
-0.0528830643472723 0.223400096623464 -0.097990412819451 0.0636420800728969
-0.303314639759286 0.0429057233153033 -0.0239307348778083 -0.0284768721250055
-0.098000110488681 -0.26074915457189 -0.0126967098475003 -0.00405010461491619
0.225472156592424 -0.117225544589617 -0.0948735162851867 -0.00758041555090709
0.212459946022001 0.173747103317502 -0.103119410642934 -0.07098614272261
0.140984862866975 0.2960662599466 -0.111337338183453 -0.0930071877521044
0.21778637426693 0.247654116893836 -0.184174385686308 -0.0226421339730656
0.245641296329915 0.0480514759452997 -0.181729371139406 0.13722937448146
0.130315443210786 -0.0971732524116227 -0.0197390691678904 0.222245533143903
0.0125729536895359 -0.142777519881004 0.164598846677246 0.0442395500353736
-0.0974406840555827 -0.148443098705477 0.148224349858845 -0.129077385709486
-0.182833550021923 -0.0517897409226107 0.0138832184940304 -0.0700138052032073
-0.22738270813276 0.0546306101739882 -0.127333967263779 0.00751550020360133
-0.234712526462893 -0.0393096985928245 -0.175884633656385 0.094346772801183
-0.174636748910607 -0.166537506358523 -0.158041837749265 0.106373283144138
-0.0440666687556283 -0.253898464205298 -0.113317741906852 0.00165197229802254
0.128571720766292 -0.208813356363473 -0.0651185202006375 -0.105778311751261
0.247950461857016 -0.0669761272877835 -0.0336886730481704 -0.10899376201359
0.280141181347109 0.0892643817856071 -0.00961695109296136 -0.0479116484027632
0.244197395845329 0.180687069934524 -0.0150620632807208 0.0146506963536605
0.246677437099691 0.177173556380086 -0.0484639268070482 0.0720511906260147
0.284193382720057 0.0687967601669691 -0.0495595253197117 0.145258128154329
0.253142049858812 -0.116171606961368 0.00425779057504391 0.174944301454825
0.0840874180061302 -0.289699752226858 0.125257503495574 0.097328182267271
-0.114436527837194 -0.270637692267482 0.206409950649117 -0.0310146470878357
-0.216510596661105 -0.129115782412841 0.183030611795981 -0.0651891376103498
-0.22382811504397 0.00717234423678821 0.0944320537850772 -0.0184213579764065
-0.211526582814055 -0.0234405145660898 -0.0315126694177438 0.0345372200970643
-0.175915742119251 -0.117352236255973 -0.101361047963728 0.143964106321995
-0.0849455048205278 -0.180317514881387 -0.144486400461629 0.0769864113345522
0.0576471862024178 -0.222308995574999 -0.0867453189483066 -0.135249187834739
0.264789921394682 -0.0945036158786619 0.0630505637553965 -0.189883701019537
0.30139635523989 0.15259679386798 0.12123855490989 -0.0572414038254858
0.212558114209591 0.248982459128738 0.0859656825151228 0.052193459840788
0.220720727435959 0.165668246443937 0.0793067696708293 0.0882832722443244
0.242110555737556 -0.0586668597577739 0.0771914475529685 0.0716760102861396
0.00843056765005007 -0.258127544905174 0.0485944789737566 0.0362121477320217
-0.25431944851369 -0.0904475562410356 0.0493620093477981 0.02768467462391
-0.132552652981377 0.106827499061586 0.142649626092307 -0.0321665726451634
-0.0171065494212831 0.00910646848496345 0.194132745700643 -0.032442636483938
-0.122928370970949 -0.0082153050660422 0.22605333574539 -0.00309909821029005
-0.180434748331497 0.0588062068223024 0.178215193772158 -0.0227120080202395
-0.131964981563837 -0.0631439851482173 0.0149272211747936 0.0901759116316368
-0.0094327961366797 -0.0857601067879357 -0.151841633491497 0.117856106732855
0.0500962669329292 0.0369146071227698 -0.12665119850605 -0.114139508771173
-0.0255995008135026 0.0828420029354073 0.0914832391294047 -0.169821634651987
0.0133830042580836 0.0505541160144656 0.122813657409323 -0.016008931282593
0.101640756180509 0.153658162389847 0.122009739600105 0.0954300315048134
0.0930813036538747 0.255003143645423 0.104439256486912 0.193774217362072
0.159586170799958 0.131280560798906 0.158876181703901 0.142731487473949
0.139270365823516 -0.215915351038519 0.160569083668886 -0.106880223993363
-0.282373172871432 -0.326103861314046 -0.134318677812689 -0.187352952274011
-0.532023223369864 0.117769900674981 -0.0906828352284209 0.0610585128624875
-0.144802676856706 0.485090539213972 0.194072986426969 -0.0514004240434786
0.196285207640292 0.252544937446175 0.094032964070687 -0.11726441994754
0.0638052245882031 0.0481278005624234 0.123773682610902 0.00835922575720274
-0.0920923948892557 0.0592056220560899 0.197071417275287 -0.043398373112546
-0.054537653514432 -0.0416473029669201 -0.00457077675286853 0.144830741521731
0.0486746573778945 -0.0176383382900741 -0.24657709902807 0.00637105116392054
0.0249391021230384 0.119479868738241 -0.00763122965064373 -0.289968209831006
-0.114929128087952 0.110280601653449 0.212310121573651 -0.0201815629335181
-0.101235816894062 0.00705613409363635 -0.0332327022317554 0.165816635203211
-0.00848658888344824 0.0446081018960306 -0.0365534267871325 0.141128281419468
0.0244438753656538 0.150396996885991 0.0561126625016509 0.279775385571421
0.0921254624862748 0.0747528045503238 0.206261016674776 0.177298144583346
0.0352280704811927 -0.184172178272877 0.150034013560375 -0.30975519136724
-0.272471019415876 -0.154527402931444 -0.405002110363943 -0.258821370365665
-0.333309915625586 0.16953675393472 -0.160279440131575 0.215290209021867
-0.0377158899559125 0.35797456649677 0.261847318049171 -0.0641586448467309
0.197839428789766 0.190731583894094 -0.0456290339020552 -0.222622616811945
0.116596707649363 0.0216437041531105 -0.0558407485050243 0.0234527997913905
-0.0247290793481777 0.0257892568560401 0.158783423027572 -0.0432032551541349
0.00118235480195753 -0.00488654405712977 -0.130770368663311 0.0309714332057462
0.00179232516267617 0.00940079511181597 0.130579038418387 -0.031842076010687
-0.0241415649355896 0.0078988163271914 0.12118266072728 0.232365865280733
-0.017762148775626 -0.0254347800397051 -0.24398729599324 0.113481994287023
0.0281623378953606 -0.0486199541760553 0.102878238653486 -0.27326312326133
0.039950262937755 0.0017078179470454 0.487698813166424 0.180579661794531
0.00072400893635618 0.0157657681135928 -0.0810839843792274 0.375938082353566
-0.0134576110014074 -0.0108975600369874 -0.209731139185008 -0.170197992392569
-0.00628718180496548 -0.0180597595929391 -0.0404238454484785 -0.297569992274489
-0.00393872495964386 -0.00940008493781082 0.110715940589696 -0.120912543606018
0.00389888137849991 -0.00128620328128349 0.162412913355324 -0.217395774345492
0.00484630794714398 0.0149369327183943 -0.226377139824371 -0.122133630601701
0.0195006808899891 0.00423530790529968 -0.108161877923036 0.357808088511043
-0.002095906685165 -0.00788606149921154 0.310411723880964 0.0744413920306868
-0.00348644050966439 0.0094262140357928 0.0225095493040619 -0.206811894444135
-0.0127914472936724 0.028649281862265 -0.145118268525167 0.0330746270314845
0.11923649578434 0.0127357802453895 0.0588290421933584 -0.0292878124054923
0.193835149888492 0.173943450706826 0.0914565083595991 0.201340934574971
-0.0163455592503801 0.328752978392991 -0.220502954371816 0.122022994786097
-0.28747424356994 0.141380234797354 0.0838158424832682 -0.251138920044269
-0.211256818433874 -0.151465865068096 0.428419530441931 0.135150367609048
0.0376743355525311 -0.152094177989478 -0.0811293346215498 0.30900180544145
0.065676030261251 0.0649194300151638 -0.203064289552418 -0.164182884940439
-0.00175282095869155 0.103571092413671 -0.0462866939209831 -0.296747608495029
-0.0278608770700656 -0.000862894094243688 0.0634435210138648 -0.147481749789653
-0.105772984813656 -0.0215950668108623 0.10053088885914 -0.197074938359131
-0.117345921788291 0.123225119408161 -0.226621636158998 -0.0754351790753666
0.0281491099883121 0.15404162919436 -0.083752801689516 0.329014725047665
0.0634018482400248 -0.000212266834999848 0.28185241274233 0.0410380623176578
-0.0329074663992001 -0.039768702521 0.0135522008797842 -0.198589922848428
-0.0659470217795476 0.0708904347431154 -0.187322398651489 0.0282384678596548
0.10225876639288 0.0310781766818227 -0.108549280160457 0.00316350958648728
0.266386045661182 0.211891385584313 -0.0376197694997291 0.130552182666076
0.00346664898457332 0.500902131503227 -0.155188954755792 0.102193357080315
-0.462952765863067 0.241239184967568 0.0526271598345069 -0.133880218148829
-0.309099040148343 -0.258459260919917 0.217896164862501 0.0920548851886162
0.111724438373516 -0.217554311352604 -0.106927174194427 0.150592536967822
0.14483023543263 0.130806507156517 -0.168087060299672 -0.131807587295665
0.0378772493170038 0.232954858941526 -0.0895500310862543 -0.241834047754517
0.0288639216876083 0.122503264870926 -0.0910734400797541 -0.166433718292159
-0.0518558503787055 0.0390894770470783 -0.106811042227525 -0.0855379342257027
-0.0689467949284565 0.15356402837676 -0.188690785909552 0.111984250839779
0.0621139038912488 0.131419884158865 0.0484610661539956 0.218399820932834
0.0447710874026439 -0.05651844009637 0.207513360626367 -0.0757729308410369
-0.0967753410392 -0.0649961888874294 -0.00858421412501337 -0.146828660052869
-0.157840621348453 0.0955037452786261 -0.194153520724164 0.0147739122664705
-0.0756535423924562 0.0376143468774559 -0.219748300364642 0.0467172557786562
0.0533389607673762 0.0672566904160971 -0.154626463979014 0.0862411130040873
-0.0466145004697582 0.219160621457024 -0.0958816402803774 0.0659717639319706
-0.297693420742796 0.0453136021118172 -0.0246528047723886 -0.0283281752226697
-0.100961726888649 -0.255814401444756 -0.0148295378849773 -0.00263498307442569
0.219788284673738 -0.11850768838056 -0.094456104470076 -0.00687268738359968
0.212955894792975 0.168833276989687 -0.102994123181938 -0.069112139156542
0.144162661881462 0.289537597332298 -0.111822138038381 -0.0902416813088495
0.21748519502634 0.241479659648139 -0.180516814595075 -0.0200736029888803
0.242862065437349 0.0447756937092879 -0.176781248527841 0.137991017412556
0.127845986048756 -0.096730959942374 -0.0168474326942507 0.220108477372054
0.010831946906895 -0.139167350152613 0.162895950229031 0.0412964797532003
-0.0985982655277386 -0.145613163646461 0.143384741125913 -0.130154195329677
-0.181490140276988 -0.0467216501400412 0.0122182829462704 -0.0702666656647858
-0.222920827320187 0.0588044886423293 -0.125473382419456 0.0102315693494463
-0.232766311829384 -0.0353240548549016 -0.171349025982936 0.097238978282867
-0.177747317252407 -0.16187751631482 -0.153208013044047 0.108052758482206
-0.0483018581433501 -0.250941999948737 -0.11155002717475 0.00539253656395323
0.124504164786306 -0.209369344428501 -0.0667452026684692 -0.103726713343153
0.242751435001887 -0.0701931480129196 -0.0356618758646929 -0.105896936185984
0.276364952582415 0.0841649287044357 -0.010819119218557 -0.0465093639730545
0.243181818945824 0.174310738667538 -0.0151780600934609 0.0137740510863621
0.24582984105552 0.171407946260375 -0.046331929309222 0.0727164960203476
0.2819740820116 0.0641679765727935 -0.0460709274013727 0.145038297891456
0.249017210052552 -0.118450269234759 0.00670771022601081 0.1741155312387
0.0780935656700971 -0.287378906575043 0.123867276073911 0.0951168841354225
-0.120179536135677 -0.266192707415544 0.201759777225039 -0.0335574945276013
-0.217194466969672 -0.124382753105778 0.178927758829873 -0.0681988439502781
-0.219973182924475 0.0104377340509157 0.0929185117080438 -0.019191837007141
-0.21024800864926 -0.01835119221698 -0.0295857668738511 0.0347599932799396
-0.175891727504808 -0.113073374506966 -0.0963304270399257 0.144850057591817
-0.0868561627035921 -0.175597621384702 -0.141287436613585 0.0783527906641777
0.0519396321373878 -0.220086524765041 -0.0868370267207297 -0.131110193748086
0.260417382622816 -0.0978711014284141 0.0582307339519854 -0.188080392552557
0.299974176319172 0.145992225735263 0.119027687612462 -0.057403368809599
0.213029652731402 0.24335653855793 0.0856114622077871 0.0517373938602871
0.218989281045307 0.160460927553924 0.0803964781304129 0.0855533647732951
0.238172268185142 -0.0600831613362409 0.0785481488298551 0.0712248530665424
0.0055250430904196 -0.25404811786209 0.0496784509630746 0.0367426463472633
-0.250363461962111 -0.0840853839376794 0.0491974352645237 0.0283731614453125
-0.128840609821243 0.106024834930956 0.139633570942497 -0.033825305590626
-0.0192202590403875 0.00831864372581012 0.191305893641526 -0.0365564036351985
-0.123224451823953 -0.00672950263423976 0.224038590157601 -0.00873387739585947
-0.177259211639969 0.0602942170786965 0.175984761299909 -0.0259262715392471
-0.130861166959571 -0.0600868803186184 0.0163087084649386 0.0896031821978387
-0.00982091660882091 -0.0851594032212076 -0.147077813409285 0.11830879110553
0.0508478927360524 0.0366769890409185 -0.126366046035576 -0.110257333834807
-0.0251129503376958 0.0844913387803996 0.0898113665886466 -0.169005820634378
0.0126308699343212 0.0488377258628864 0.120735910580618 -0.0159568711249136
0.100724270559034 0.148949478527958 0.1210655155392 0.0924518818946454
0.0960022163202671 0.250794831814473 0.104255520477544 0.189335053787704
0.158588912393868 0.129391413560357 0.158764299524109 0.137838539116778
0.134101983880884 -0.215762107529771 0.157023188722371 -0.106911961580281
-0.285001293003194 -0.317478244629784 -0.1352743403139 -0.181679829404527
-0.521604172901133 0.127367801856605 -0.0884373206008448 0.0626895771695362
-0.132919426633405 0.480185083984696 0.191753922740392 -0.0557745255066544
0.197263212092478 0.243831116715622 0.0916320841270394 -0.118970448603943
0.0627002468730143 0.045588448465881 0.124872990233316 0.00440726375990601
-0.0896474120895822 0.0597967693882836 0.194640686531377 -0.0470846215697623
-0.054732036519706 -0.0400534038084903 -0.000927769826660345 0.143489846879571
0.0482059826612163 -0.0171831028290027 -0.243913452836624 0.00958229641251249
0.0275893001564608 0.118380579392946 -0.0107833203411391 -0.288560850623006
-0.110916546427279 0.112536895843136 0.209109073706779 -0.0232139020475812
-0.101267886012438 0.00734767748941008 -0.0329422112507875 0.166268017191105
-0.00773432885947621 0.0436030498576322 -0.0359035539785004 0.140261900896197
0.0255202800431132 0.147843301571367 0.0576826124765645 0.275944934759108
0.0919717805109787 0.0734083581018307 0.205643066137388 0.174057803208934
0.0310442268033918 -0.182025064318478 0.144034634951541 -0.308804479091356
-0.272082034064222 -0.148498984630055 -0.40243158623174 -0.247773829158893
-0.326356940878692 0.174777508560899 -0.154346379898912 0.215935509800764
-0.0299865289736432 0.356569759496613 0.258850087563939 -0.0685425862192895
0.199728000819428 0.185783324769456 -0.0493607461609041 -0.219103739579529
0.114613077451406 0.0190247216172168 -0.0539731609107087 0.0236265467667884
-0.0247833670514771 0.0258171896930906 0.155933594355376 -0.0455352809579161
-0.000279931311607868 -0.00522187499517116 -0.131572147484055 0.0348866300446938
0.0028355031088277 0.00913436789366984 0.128738701841643 -0.0347696130071288
-0.0237583832126594 0.00921778144442862 0.126654669930387 0.227687797634209
-0.0186488225811383 -0.0244598047587842 -0.240203456044564 0.119473572082889
0.0275291290963648 -0.0491159294959015 0.0939205352997795 -0.272549938370966
0.0380699967429898 0.00240138370062735 0.487579467291841 0.168630045850867
0.00237120321972426 0.0148256848245862 -0.071144138102611 0.374990058471222
-0.0138014152704441 -0.0111927933095234 -0.211044150162725 -0.164830708853281
-0.00600695418413896 -0.0174506516914703 -0.0460100972135946 -0.29174272258766
-0.00418124239889551 -0.00855350455189897 0.108364236610109 -0.122920641819472
0.00400157600154162 -0.00100111697483022 0.155480590161342 -0.220636825443696
0.00665320252484704 0.0145017444012062 -0.228374589739442 -0.11413271420306
0.0188147430636965 0.00169142939515568 -0.094632042486446 0.357534859347508
-0.00408318572685569 -0.0060924755249997 0.309600374301181 0.0635873004916203
-0.000881190658660413 0.0113561023689613 0.0135439096904533 -0.205144939421855
-0.0126477237806048 0.0287810449684497 -0.143885425306257 0.0358402463921499
0.117153872883612 0.010066284423452 0.0573237915164999 -0.0307305991556504
0.195508008535688 0.167144907475209 0.0977445119028451 0.195257274046059
-0.0108661870498717 0.326316711072933 -0.213909553663453 0.127947449202004
-0.278229979760641 0.146801712501251 0.0749819249962634 -0.248751823330089
-0.215169034785965 -0.144262838792725 0.428240890957962 0.124885440535447
0.0345613890191938 -0.150355061110806 -0.0755578700135178 0.310303627035411
0.0657226220978902 0.0622708424129461 -0.203779807491055 -0.158523624016929
0.000375507320684515 0.101487749794017 -0.0519563753214387 -0.291522619738599
-0.0282774877405884 -0.000982674944423586 0.060384387285543 -0.146862980519563
-0.106209801964669 -0.0189830988975555 0.0956628593713232 -0.197815129662939
-0.112258078204947 0.12600964672702 -0.224795575100141 -0.0664553425612748
0.0340145017056219 0.149974727239719 -0.07269389435376 0.327341666214229
0.062061785868959 0.000285456029804522 0.280141767659908 0.0323540016648023
-0.0315156942615684 -0.0365639468707467 0.00434339536922157 -0.196256864169379
-0.0651554651157844 0.0720950872100659 -0.184829491879753 0.0334106078846052
0.0999449537490013 0.0275578407189838 -0.108376923207389 0.00661031952855643
0.267173994260111 0.202106163946027 -0.030611280815887 0.130216550810447
0.0148976735756316 0.495979092138586 -0.148108606458072 0.107211469688396
-0.448358745173638 0.251057880940282 0.0493707256538139 -0.130355712649534
-0.314910439265837 -0.248876580776417 0.215271810525331 0.0891964269079091
0.105214887545083 -0.21621973551356 -0.103464939625173 0.15172534845613
0.146043021754118 0.126457075531083 -0.169690581393841 -0.127661955263232
0.0432095174398264 0.230012812485202 -0.0938706258506461 -0.238333454913806
0.0313081014650054 0.119105561536066 -0.0925475392974656 -0.161509821396057
-0.0519304884515897 0.040735833534895 -0.105414788990019 -0.0827047610155482
-0.0634207933866354 0.15462633634551 -0.182680441506186 0.116285389760009
0.0666472126712776 0.128077266181829 0.0557822300326009 0.21506508880533
0.0427127936684938 -0.0557403303576999 0.201081063070931 -0.0810613893561716
-0.0959972967743684 -0.0596586928474084 -0.0150933339272947 -0.14468478292369
-0.153567278233401 0.0983540969833715 -0.192088612030216 0.0224778892792193
-0.0764370949412221 0.0377532729255216 -0.216865930546833 0.0543273593740164
0.0515849064720699 0.0640469117824248 -0.150742725676172 0.0904215753682786
-0.0416152401023809 0.217267636111226 -0.0929821364140861 0.0696924764333231
-0.293175109733514 0.0531074547416701 -0.026384387395138 -0.0260406743913691
-0.106753741577495 -0.250636448602964 -0.0175749138270696 -0.00105141780479959
0.213650885372489 -0.121906840442854 -0.0951490214527485 -0.0046980923734405
0.214062022945415 0.161552285396138 -0.104528565802608 -0.0668346322932074
0.149246043076318 0.283293292246239 -0.112508219593453 -0.0882660290438812
0.221130370868034 0.233315978713946 -0.178118021924949 -0.0160220492880712
0.239908838953615 0.0363023506556675 -0.169665020510484 0.142114312345902
0.1221632349544 -0.0994118563696974 -0.00823439825856485 0.21736217300195
0.00651026840120002 -0.13699505428788 0.160589222671862 0.0352318073710936
-0.101115576505815 -0.140740746107194 0.136667236116889 -0.13226373062228
-0.180000876213153 -0.0408916682188836 0.00952148475783128 -0.0698963085433116
-0.218559442898232 0.0636575386113828 -0.125871368163048 0.0173478202364334
-0.232015368908875 -0.0299720599203114 -0.168786374624918 0.103984857265251
-0.18172302080366 -0.157674023813838 -0.151390815799124 0.112407255298298
-0.0532772944641049 -0.248697994604247 -0.112920622408057 0.00822649992651095
0.117665383768156 -0.209826269724591 -0.0710871415787581 -0.10161101377883
0.23951559701974 -0.075104088593901 -0.0387389145031413 -0.105345053207747
0.274900873146744 0.0785484232924456 -0.0126578651108122 -0.0466102191776854
0.244805343045446 0.16726307477472 -0.0146192957370154 0.0120434122289657
0.247613926629267 0.165580972161058 -0.0438545593194699 0.0718571536933921
0.279943444911256 0.0562158402652005 -0.0416641272965779 0.143754120414887
0.243467935539221 -0.124581734781116 0.0125381207219506 0.171793433258735
0.0676328051575345 -0.286816762052206 0.124755590969335 0.0885743782775577
-0.128273440372424 -0.260011264806365 0.195958221399218 -0.0407764703565413
-0.219299249756461 -0.116290926759256 0.17271968568208 -0.0731126152675918
-0.217544919215232 0.0191791514616783 0.0917848546586626 -0.0227353512416262
-0.205611005637833 -0.0134148432234999 -0.0305761016953109 0.0392361275958642
-0.175905708185118 -0.107563087368052 -0.0937757004719259 0.146937754904946
-0.0899299672801174 -0.172078969971207 -0.139030395816551 0.0810340197524926
0.0457040719676477 -0.218128871319125 -0.0890876173272783 -0.129736538090991
0.25318114571938 -0.102668047242844 0.0533775444326059 -0.188120838077544
0.300211986971337 0.13820202081432 0.117817593427368 -0.0606594904382464
0.217184923638447 0.23637028402956 0.0861967027002623 0.0496781154358649
0.218037177050561 0.156647369218915 0.0816130936488533 0.0816517778122689
0.234389063305414 -0.0650078698293352 0.0797403022638178 0.0693366796365394
-0.000535319338944073 -0.250220770292279 0.0498796330683711 0.0353270374238762
-0.249165023904674 -0.0770911158965608 0.0513918384557631 0.0281520052957998
-0.123883995974479 0.109229254864584 0.135881490500984 -0.03822758157378
-0.0203280442217308 0.00773526983673289 0.187190308682686 -0.0427500871824281
-0.123552622172028 -0.0018647986940625 0.220731714111427 -0.0168795978927985
-0.17407380110218 0.0683438611101498 0.172943599671803 -0.0329306644981017
-0.130949817150914 -0.0556774825501508 0.0168744881615445 0.0903234096724829
-0.0120953883660409 -0.0820880149092187 -0.143356953722149 0.120263671894293
0.0510126976376717 0.0360784099683254 -0.126742583781227 -0.106592169741961
-0.0235444017539502 0.0848567252038889 0.0870128086069439 -0.168740345127685
0.012669960347126 0.0478007458475714 0.118263975592749 -0.0164198186544854
0.101488796238636 0.144468860319202 0.122795682725475 0.0890090034557921
0.0995604222642199 0.246707469268388 0.106796907894459 0.185873311564845
0.15930474424091 0.12727549691589 0.159805340396501 0.1315531787604
0.128109504722315 -0.216007910983329 0.151805099379462 -0.10879519641667
-0.289947898943327 -0.306583905686891 -0.138742786106837 -0.172845265290083
-0.512802799108197 0.137823159672194 -0.0836832574235965 0.0667313326425287
-0.115235906413274 0.477573684835322 0.187723958917248 -0.0621835055952247
0.202107544203203 0.235897311301575 0.0875721118334039 -0.12054100793857
0.0622953387333393 0.043022168647091 0.123649924082564 -0.00127419856699311
-0.088506605043219 0.0644497531105258 0.189777190156731 -0.0539845494194721
-0.0547676654743058 -0.0385879630791382 0.00158142855204232 0.144705120573803
0.0469074410893906 -0.0183201356583807 -0.241683054753942 0.0148655884580254
0.0312304637424412 0.116692962448658 -0.0161716553049957 -0.284568219440235
-0.107224154963055 0.114100685759722 0.208942065274162 -0.0255748270462963
-0.101469230654667 0.0104714573240569 -0.0302684657675616 0.167489675330683
-0.00842306798582454 0.042006352116695 -0.0339459513397544 0.140338616946279
0.0282667431466248 0.146461882771011 0.0623339677632364 0.271772196713732
0.0918737231010481 0.0731841241168752 0.20607096306684 0.166659470917339
0.0282651170379788 -0.18098195503428 0.133844752426772 -0.309270394450393
-0.271664034322488 -0.139763686392169 -0.403900494009139 -0.231960019288998
-0.317629862758204 0.181040055313701 -0.144008721967216 0.219287675239046
-0.018480842407369 0.352938459749034 0.253751803880868 -0.0799021740937893
0.204275412036727 0.178021260542364 -0.0551336152460101 -0.214481872965581
0.113828482142977 0.014043654826719 -0.0508487067581658 0.0247582983782275
-0.0241481042073113 0.0289360714948593 0.151822890580061 -0.0507017793940153
-0.000300752507485431 -0.00449587281410097 -0.132461812679061 0.0355320285428738
0.00323580383657409 0.00863176527579103 0.126475189894424 -0.0347195137105017
-0.0240960233090639 0.00990437574460826 0.127532715074916 0.22555513137166
-0.0192834705363685 -0.0241398066513091 -0.235590175947214 0.120274471479779
0.0263162679737228 -0.0493178176977414 0.0923548903234947 -0.272763789882539
0.0380955334316128 0.00266317861208672 0.485242227885182 0.164089461220312
0.00231609995219473 0.0148067384508891 -0.0700018115108743 0.373785505329652
-0.0140983991500696 -0.0102210303226523 -0.209382513847351 -0.165895870932333
-0.00612042739607116 -0.0165820197547635 -0.0426610625821753 -0.289522812734485
-0.00359574330078271 -0.00853669316336916 0.10840960825028 -0.121323623815405
0.00363953212357147 -0.00138314850032534 0.156647649387363 -0.22281203825604
0.00573169937623722 0.015316093195429 -0.228405035605051 -0.113953408657716
0.0189487222648722 0.00150242610705198 -0.0937596511926117 0.356223254197134
-0.00362534252030704 -0.00498422511873492 0.309287386221662 0.0621929484145038
-0.00153463629845166 0.0114428865998626 0.0113551222209102 -0.204670663192585
-0.012653070926704 0.0290140774259141 -0.144537537183926 0.0368921740669474
0.116426904233574 0.00969443235407522 0.0557145423347931 -0.029484492029465
0.195992357690904 0.165068353816261 0.0986866824258255 0.195519754963872
-0.00824357723142029 0.324036589503612 -0.210790217503335 0.13202341336528
-0.27765414743191 0.146856673107715 0.0731869716544042 -0.246888540223334
-0.214770885126545 -0.142344949951683 0.424169521738469 0.124955380603622
0.0344263009404428 -0.150162804828409 -0.0750789041067446 0.3085895726514
0.0650382805303054 0.0642115138520589 -0.202447918258415 -0.158804790849252
-0.00104639225033854 0.101029879530715 -0.0500763816689287 -0.289813119254148
-0.0289704108294022 -0.0011715363885624 0.0630264888866988 -0.145913758648265
-0.106020677751756 -0.0189266865515175 0.0975904642444593 -0.199505270064794
-0.110399783579481 0.126419031952732 -0.223862916251455 -0.0670147503076355
0.0350009355796665 0.149366769347928 -0.0696341326212247 0.327482393873096
0.0621365604232834 0.000287391330564466 0.279524225858162 0.0309895718589474
-0.031037463607711 -0.0372826782811644 0.00175557805088526 -0.195830389351323
-0.0642478652448941 0.0724375140098888 -0.185392843875527 0.0338901190029033
0.0983442997213764 0.0275182904148561 -0.109387925134017 0.00910021318376273
0.266549736302582 0.199976738545843 -0.0301722918095472 0.129579681212457
0.015587713574409 0.491197876442326 -0.147168318324084 0.109719021151803
-0.446407084935419 0.249920336143837 0.0476222471348058 -0.129800882816508
-0.313223669013884 -0.247252073888924 0.214712278766286 0.0877979744785328
0.104519682832904 -0.214860918970148 -0.103391028318561 0.151380715905792
0.145097341237984 0.126039881164528 -0.16781601944869 -0.127449713351765
0.0411279790900453 0.228163939634057 -0.0932124342057545 -0.236854162357318
0.030343975358121 0.117458948726993 -0.0908000603993042 -0.160739164798403
-0.0524040424188058 0.040179547467262 -0.103538476157354 -0.083476730244392
-0.0619828974242516 0.155212175263596 -0.181591272419698 0.115313433978022
0.0686298200415582 0.129572259810979 0.055376452734408 0.214610367781255
0.0440546380534516 -0.0554843349629865 0.200397485931957 -0.0810782196899196
-0.0953307754271941 -0.0589430797478394 -0.0162551433061527 -0.144339219108404
-0.151833137888016 0.0988301924743499 -0.191118947686982 0.0222537259947115
-0.0761309094397142 0.0384334937795263 -0.216675477303968 0.0565304356402895
0.0499339661819927 0.0624954647592742 -0.150294120730416 0.0904684261682962
-0.0404967241423666 0.214602107126966 -0.0918045970166797 0.0706355113840872
-0.289454525134938 0.0533146347138801 -0.0275820111509786 -0.026310272792405
-0.106568014837388 -0.249945247570776 -0.0186711641342715 -0.000642120305691026
0.212586205218024 -0.121847440915039 -0.0959060968289264 -0.00473248770355333
0.212603986098909 0.161675050301797 -0.104104677727193 -0.0679222400773694
0.147093145445448 0.28239276337628 -0.112423133642848 -0.0882826782377779
0.220656718340638 0.23086552724493 -0.177166876201999 -0.0156140645096699
0.238424625507588 0.0372738249374669 -0.168314037184167 0.139671332269914
0.121920484109158 -0.0981110915034786 -0.00934811735537148 0.216394559230682
0.00629615350672566 -0.135442645223705 0.159527835118285 0.0359528969608479
-0.100567895841362 -0.139995656979518 0.13356289593227 -0.13239773249652
-0.177647809098618 -0.0396804589256389 0.00867333686585818 -0.0704558377313531
-0.214850072806758 0.0641643752465092 -0.125452173719259 0.0179456128802395
-0.231656596430857 -0.0290294886354863 -0.167369914363058 0.104585752974525
-0.182174697259769 -0.155747333254576 -0.150447176251025 0.112888417694262
-0.055305002050076 -0.248941051836838 -0.11125473917965 0.00984880505137551
0.117258993936982 -0.209695667464116 -0.0726212344484389 -0.101368724242539
0.239108653751556 -0.0751642138625531 -0.0388447665094671 -0.102921716189292
0.273065156962366 0.0781996695357253 -0.0129770261232473 -0.0455633576411559
0.242764216043923 0.166704803857931 -0.0145059603917468 0.0108061564854441
0.246147694331799 0.164585623406016 -0.0425005558412891 0.0721787261978181
0.280662065951987 0.0572351427072885 -0.0395594468228837 0.143687448735384
0.242253016844638 -0.124475091996489 0.0138740469009807 0.171804779002901
0.0657435558318383 -0.288782321008072 0.122740020856931 0.0886574319188694
-0.130343151570064 -0.257264996827256 0.193936667199228 -0.0417432918194443
-0.219637191428364 -0.114609562996615 0.171736067914366 -0.0743224084536805
-0.216635768821162 0.0206931081016067 0.0913105326754983 -0.0225736837636302
-0.204501367192777 -0.0116755496447164 -0.029906181920473 0.0392108424656223
-0.175573645013958 -0.107369937586439 -0.0913490926989888 0.147002150462022
-0.0907329570160885 -0.170075997948999 -0.136591049688124 0.083062797887027
0.0443135417726491 -0.216648239747139 -0.0882945706556032 -0.128123405399526
0.251999381644904 -0.103045517738922 0.0510197320175096 -0.186372427346773
0.296880000529435 0.136508028247054 0.117129096242797 -0.0591916476818131
0.215011478019913 0.236127245914446 0.0855594895128407 0.0500064309288888
0.216214063907368 0.155744673150018 0.0810996745646003 0.0805162492287782
0.232928397670432 -0.0640408522589205 0.0801043718280694 0.0705360564004458
-0.000759751185818949 -0.248745341544841 0.0507509740384097 0.0361232625169867
-0.247902419940675 -0.0768976864973406 0.052573075484577 0.0293730947949559
-0.123664186255798 0.108016118768467 0.134573347900112 -0.0393658805855691
-0.0221052155342386 0.00667239353658166 0.185741172021326 -0.044741512906336
-0.124991803550866 -0.00199567536139734 0.219717876927482 -0.0190659413616062
-0.173104928108799 0.0694102361577313 0.171762392574481 -0.0331463540274883
-0.130404029808676 -0.0545696465071018 0.0179773759882791 0.0908969338286825
-0.0117141803484359 -0.0820322808444403 -0.142893420310369 0.120371389495488
0.0521514349875461 0.037619254213645 -0.124628562352225 -0.105452773569211
-0.0233251571390607 0.0865807994341088 0.0877425868843821 -0.167377738811239
0.0106326893465996 0.047269320950565 0.115907694224848 -0.0146382607546367
0.0995462606592551 0.142722369880245 0.12093394565668 0.0890156625567296
0.0985416734064246 0.245086790105027 0.106767131629063 0.184729313515457
0.156631086859768 0.126876542961281 0.157803888269921 0.131057693919799
0.127224710401574 -0.213704054605648 0.151543204913423 -0.107038960654134
-0.288443417394482 -0.30475879616367 -0.137531947207432 -0.171175118891794
-0.509659687160872 0.13827449348842 -0.0821850346107347 0.0672154850241837
-0.112163533616857 0.476017412156618 0.18731991276238 -0.0634884564075869
0.201215415713208 0.232169788181357 0.0861325958432188 -0.121395939834179
0.0615011738556248 0.0426646348203181 0.123606026272162 -0.00284540870561214
-0.0878824504460046 0.0649019281282299 0.187400453776872 -0.0551815104364852
-0.0542035268148636 -0.0390269817228814 0.00266307171860728 0.144203254477927
0.0479039919726284 -0.0185358705853007 -0.241252573506365 0.0151260210590701
0.0324076616782648 0.116775049634646 -0.0168070536845315 -0.284299445518271
-0.106378796048849 0.114373695482005 0.207827442571339 -0.0252987516910713
-0.101977747999555 0.0099456065523348 -0.0327615481394637 0.168861902185406
-0.0084020572634991 0.0416924980005655 -0.0352664468609741 0.139751210435429
0.0273265346254127 0.145707580140608 0.0604923626064273 0.270039762392228
0.0914034545768822 0.0742914259139352 0.203262722247347 0.165776177369472
0.0286044849773183 -0.180800365074522 0.13335953426362 -0.307235987077656
-0.270720910402044 -0.138698005710219 -0.40186761262876 -0.227467771008141
-0.314829546290027 0.180680476617133 -0.140764079358289 0.218087332465178
-0.0168687274096833 0.351057651235448 0.251318348351131 -0.0812529992821196
0.2035821531975 0.175093354351945 -0.0564014301236698 -0.214293044639144
0.112661057158659 0.0132498064539719 -0.0500230837098309 0.0239850410744401
-0.0241440371710184 0.0283047759288409 0.151557757102295 -0.0517018536107396
-0.000785072860060624 -0.00529265425149548 -0.133761246816783 0.0362896356233639
0.00280775298575243 0.0081342339199155 0.127104074654769 -0.0344591783263673
-0.0244025918643381 0.0101806152467731 0.129433691489889 0.228372507448064
-0.0199768071316547 -0.0239843209697596 -0.236494126896046 0.123058520422594
0.026566239892189 -0.0499723989978506 0.0912746940827028 -0.274146627324703
0.0380689756600022 0.0028425552576139 0.488989290113589 0.165335408309516
0.00251171744174841 0.0148193035854984 -0.0708506759086612 0.37735984940795
-0.0140314745450171 -0.0114728267490823 -0.209781973444888 -0.169224449289246
-0.00625541150687051 -0.0170164920102058 -0.0390018016111506 -0.291545713981253
-0.00371962728903875 -0.00926695842045032 0.110968446740745 -0.122186683561001
0.00395068252732116 -0.0019361487462131 0.160493382610806 -0.223429522247082
0.00616299122007086 0.0154700355425051 -0.227769960846369 -0.115888306037078
0.0187828098688521 0.000827045138622062 -0.0931869238952487 0.35941466346062
-0.00361734078749951 -0.00468921701296924 0.31230542164162 0.063358059305381
-0.000801341821971942 0.0115412052270491 0.0108415643873626 -0.207207861218071
-0.0133650656630884 0.0293776629891833 -0.1466669127841 0.0358514069877909
0.116190513756695 0.0085177988974576 0.0547063083583144 -0.0287412529717441
0.196952216948065 0.166573023045866 0.100166115134738 0.195981217999408
-0.00816029752480988 0.326059488684158 -0.212220395981618 0.132407370626957
-0.279351272516361 0.147596390671872 0.073580040927054 -0.248927360808265
-0.215672048657635 -0.144001068381358 0.42685731762029 0.124949397375739
0.0351350574147261 -0.150259571250104 -0.0767827596545851 0.311023380296958
0.0654483407567076 0.064689439051497 -0.202057048317374 -0.16272958393257
-0.00167461848090667 0.10114770897335 -0.0483074959260459 -0.291745736991188
-0.0294733968817703 -0.00312495227448688 0.0656905688314941 -0.147055034976108
-0.107025047784437 -0.0197910245054139 0.102375385364869 -0.200965633616961
-0.111895612109159 0.12898341823512 -0.224588958029152 -0.0707780829158623
0.0365873190272375 0.151617442991007 -0.0702075946883883 0.331106052830962
0.0631513527470286 0.000491070020808771 0.283168970027519 0.0324314812382292
-0.0318148383677944 -0.0376252559138006 0.000239391607119977 -0.198051205661636
-0.065266493543842 0.0732139916653169 -0.185776739663243 0.0328876431725643
0.0986111812851087 0.0274730953648258 -0.111939104986085 0.010072885122171
0.268212206485565 0.199510574104858 -0.0308908022976065 0.130692458478335
0.0174760267673463 0.493895385259049 -0.147298809924108 0.112623217289446
-0.449498507260628 0.251612406124703 0.0475942012990411 -0.130824849698721
-0.316365021358292 -0.248890428638997 0.214254734938278 0.0884346265452402
0.104434716164724 -0.217244121672664 -0.105249951442688 0.152868444571458
0.144269601814102 0.127987288339625 -0.169906942295424 -0.129887669082391
0.0397422379328239 0.229894026667495 -0.0928370890925841 -0.238654167246103
0.0292392676904155 0.116881559689162 -0.0890615953767169 -0.161661488621796
-0.0542999193850289 0.0404890433695388 -0.102043610394372 -0.0858094523083025
-0.0624552786278682 0.157377441999164 -0.183044028880902 0.114688239399102
0.0703709419759075 0.131919858930429 0.0554091139030446 0.217191513530037
0.0439923612807419 -0.0559952129906993 0.201332386589896 -0.0807003817106067
-0.0959079478831747 -0.0600089755125176 -0.0183666522019458 -0.145683951244434
-0.152902591665613 0.0992231976250539 -0.192889165759936 0.0224026492623049
-0.0778495346448884 0.0389140873158383 -0.219441211396169 0.0576816302060251
0.0492777544601835 0.0620763722550784 -0.151731027362807 0.0906967805101782
-0.0404993094707831 0.214206062404694 -0.0923334314629982 0.0724297059433185
-0.291915253448034 0.0525786017941188 -0.0285349623037565 -0.0264016197001839
-0.107257453960972 -0.251759930141842 -0.0201390003277677 0.000248031608209658
0.214519806631708 -0.121822374794026 -0.0974687859224787 -0.00470584248765601
0.213792893933263 0.163748193590877 -0.105215508863836 -0.0683197292384599
0.146899361018057 0.283995695330901 -0.112914134147085 -0.0891929212156564
0.222173820219726 0.233055003061077 -0.177002768801817 -0.0163848560685547
0.239879671071994 0.0390713087279545 -0.169328306760865 0.140035958962904
0.12337484146845 -0.0982208821264872 -0.0114936028727485 0.218170280822295
0.0067802192475061 -0.135139500753895 0.158937000552797 0.03572641643884
-0.10133921891708 -0.140193867098033 0.134100556280988 -0.132671404866683
-0.178611011413405 -0.0389850710588864 0.00799047813364097 -0.0702121062178108
-0.217089645322287 0.0637073670809095 -0.126272809114551 0.0189581237524942
-0.233962558958619 -0.0293338358365982 -0.168068590923044 0.106278334644371
-0.185437166165914 -0.157940193003251 -0.150388055970907 0.11399604320617
-0.056370745774258 -0.251680611714392 -0.11083507078808 0.0108226141609864
0.119999457041721 -0.211390122033654 -0.0738861046166936 -0.102110546734717
0.240587624320595 -0.0742210037941246 -0.0398677359115851 -0.102933248597026
0.275122072799989 0.0807759280168765 -0.0129478913221147 -0.0449976507589989
0.243319262120378 0.168142469612029 -0.0155464535285058 0.0100024754441357
0.247175334068148 0.167495788411191 -0.0425780233029117 0.0728290417524538
0.283541627149125 0.0600942541822726 -0.0397538878868362 0.144928619054088
0.24620207596384 -0.122867775426551 0.013487615769742 0.173888909296865
0.0664415970735567 -0.28933873940479 0.12279491748846 0.0904245951922802
-0.132807895803292 -0.259858437415374 0.193566813462353 -0.04269017484134
-0.22100014881902 -0.115506647285106 0.171160054837836 -0.075124903229369
-0.215959435193518 0.02033652304717 0.0909279544567283 -0.0234000251310792
-0.206015209882689 -0.0132535678891232 -0.0290657081046262 0.0410967100019659
-0.177462527092215 -0.108785011039998 -0.0905702034994762 0.147516997861893
-0.0916776131936861 -0.170789350058257 -0.13741034898442 0.0839218362419165
0.0432393154829791 -0.217245074533127 -0.0867904020854263 -0.129145614788742
0.252780460224193 -0.102861567340177 0.0513490031530318 -0.185938389178261
0.296943592638978 0.138634274350916 0.11799167328952 -0.0587714522310104
0.215268572877616 0.238187488652952 0.0859430809478674 0.0502759793711116
0.217619215654527 0.158078713879245 0.0811422362103758 0.0808941770894765
0.234390058467465 -0.0624785099974426 0.082299774156302 0.0720123488580427
0.000738088068171135 -0.248830425554511 0.0522593371626934 0.0369443021833899
-0.248177440626918 -0.0773778460754756 0.0536239268836699 0.0306575809777942
-0.12451018524558 0.107209547691411 0.135263904102949 -0.0391917718739273
-0.0240355750531726 0.00552649937193446 0.187024668574934 -0.0458839964724049
-0.127186195215784 -0.00178895605017597 0.221517044044703 -0.0200508453081619
-0.174140836480044 0.0698966445518744 0.17252616324323 -0.0331152852743854
-0.131254068258318 -0.0554626139098558 0.0189426461364392 0.0923650844561948
-0.0110632271048293 -0.0821533396421594 -0.144437439062308 0.120985780786096
0.0525963634053422 0.0395569104916576 -0.123604053136417 -0.106966752028181
-0.0253248630825369 0.0893663538939602 0.0895726395497266 -0.16880111204407
0.00923376918218925 0.0480702545432853 0.116764772427149 -0.0122521067738675
0.0985970930282959 0.143363008029623 0.120880230417077 0.0910058490105458
0.0980680475793453 0.24660424611363 0.105454921451513 0.186725039576044
0.156721270941337 0.130929049394582 0.158904036595263 0.131377485490731
0.128665385536771 -0.214633767191004 0.154969109292343 -0.106428130607772
-0.289367632913298 -0.308511859527678 -0.137411756622869 -0.171640107729629
-0.51423038729143 0.138721307996024 -0.0821419179215549 0.0685080308145282
-0.113889445100521 0.47928386447238 0.18840295267457 -0.0642382283771845
0.203200796408833 0.232630063873396 0.0875194143088221 -0.122534571697384
0.0608898036958557 0.0418888715451388 0.125956217601447 -0.00371667322648845
-0.0898725130100793 0.0649652732547713 0.187879200772166 -0.0565774561568566
-0.0546003944368202 -0.0388558425489139 0.00398885248030594 0.145052263713556
0.0492166607274777 -0.0171522034958447 -0.242564771508188 0.0138510309271099
0.0331976445389124 0.119156283859294 -0.0159856957203318 -0.288183151689672
-0.107451137250466 0.117179177173406 0.209388194995348 -0.0250942982272549
-0.1044694326265 0.00918198488790104 -0.0344753328002259 0.172294758209881
-0.0102983384244229 0.0414560179894842 -0.0374075490907196 0.140118729141809
0.0262977254053618 0.146418078761288 0.0594240370209892 0.271895914165262
0.0915892521996344 0.0763347552565584 0.203533060232514 0.168555235087998
0.0289853518100585 -0.18100932819873 0.135107913850801 -0.308538361520929
-0.271538877075421 -0.141303519020586 -0.403754551558781 -0.229333290650823
-0.316758171598475 0.180430190486382 -0.14250178055959 0.219594582572803
-0.017990704474773 0.354432259103668 0.254660284524526 -0.0820892775773398
0.205368477639304 0.175885184519838 -0.057047178876346 -0.215550926963163
0.112926094060081 0.0127268852596904 -0.0489381375040051 0.023523671304795
-0.0250052776638127 0.0285526903598621 0.152739546219136 -0.0525916386845559
-0.00105184714381074 -0.00532208501244145 -0.138145756923066 0.0395932013614309
0.00287368132690572 0.00860252207294852 0.12827630889744 -0.0359904968546431
-0.0251028162540207 0.0112924239491711 0.135423376361273 0.232454656190536
-0.0209101418187332 -0.024061358552463 -0.239965053129867 0.128054803820467
0.0260825488995459 -0.0513066319944265 0.0905248490866704 -0.279531747762265
0.0389609919087983 0.0034426806811442 0.500857927701949 0.164969187088038
0.00308807684073373 0.0145868328839697 -0.0695076335991497 0.385756552039597
-0.0147863865600238 -0.0113559779296188 -0.215059552840789 -0.173194182532315
-0.0074114957477254 -0.0156526140084586 -0.0383645475785025 -0.299031585575821
-0.00262950149892072 -0.0100340147502241 0.115622672127173 -0.124551209054549
0.00366152079004321 -0.00219613295620781 0.165021461266769 -0.23093747716639
0.00647373507425883 0.0168256735542033 -0.233517332349225 -0.118011358836276
0.0191547415782541 0.000729902677419559 -0.0917989380438461 0.370362637573026
-0.00360809035374784 -0.00480916564798357 0.32148961043927 0.0625476857018857
-0.00162184803170726 0.0116533923352359 0.0075353082510089 -0.211712723695291
-0.0138982319654006 0.0306827827242703 -0.151948973916277 0.0382831283230801
0.118675435656218 0.00810843004856062 0.0555712188200828 -0.0282918864623576
0.203191794430397 0.168964561221402 0.105158075997492 0.199824261858065
-0.00722222529901222 0.334082347952003 -0.214800238480109 0.139074471067938
-0.285905083471558 0.152487415331145 0.071394554378558 -0.255486862346572
-0.22200666779544 -0.145012193516349 0.435685711472317 0.124698601110292
0.0346285334467092 -0.153866030848484 -0.0773690302081727 0.318951753610311
0.0672570859981744 0.0667608197769258 -0.206355028252926 -0.166177134445602
-0.00333973759950846 0.104228207354061 -0.0472596651771414 -0.298035918531556
-0.0308453780008239 -0.004463789154308 0.0687788791125976 -0.149335623834706
-0.111228082916294 -0.0215026202317403 0.105762264707013 -0.207850731018189
-0.114303735016916 0.132332448427076 -0.231085420588073 -0.0721162490330666
0.0391928072787217 0.155134339652129 -0.0705405276607888 0.340343474743433
0.0650985117925545 0.0010232090385321 0.290550849083161 0.0309085564465342
-0.0334084562055358 -0.0381318778571235 -0.00276439597584338 -0.202894468207216
-0.0661951681753205 0.0752645342022595 -0.191419702506238 0.0347923423772556
0.0998861551286477 0.0275574920280018 -0.11520607844465 0.0129118229389043
0.276299271060071 0.202023164852129 -0.0309569105011525 0.134216645066723
0.0217716037182998 0.506559279701732 -0.148866062223847 0.117127592850085
-0.456945354169422 0.260512938343465 0.0457690887262665 -0.13489848163051
-0.325314413974573 -0.252435755271554 0.21881308513544 0.0894237471509918
0.106709718976314 -0.221804744640994 -0.108090601450848 0.156058575268642
0.149688935788029 0.131013544004125 -0.17311215706636 -0.13219767422892
0.0405199607365558 0.234795573496441 -0.0961977992618683 -0.244517760531585
0.0296688857324832 0.118625871493315 -0.0897570580292314 -0.165676020498974
-0.0571288401696501 0.0406601993102816 -0.102680319958314 -0.0886434154096363
-0.0637896539563872 0.162478956799758 -0.185316727905173 0.116317240623734
0.0750186483845897 0.135791020914857 0.0575635142151802 0.221374294374773
0.0456079916460863 -0.0572109168962064 0.20594989823584 -0.0834570688949848
-0.0979481163113426 -0.0608943602910413 -0.0203649164227851 -0.14964251789193
-0.154255385225912 0.104016924943168 -0.196847328629241 0.0251898060940202
-0.079133092419479 0.0406502856893336 -0.22447341836589 0.061449696834137
0.0489037958509438 0.0611955473323769 -0.155388994762099 0.0954637497034673
-0.0400792729917285 0.218199200974699 -0.093691261563616 0.0771208878529235
-0.297299738791082 0.0548712858933633 -0.0314002280238329 -0.027651726287226
-0.10944879287392 -0.256322209542346 -0.0214433774003062 0.00146120560396193
0.217258534232704 -0.124327386217525 -0.100129485708855 -0.00473875092284058
0.219067415789202 0.167303147144827 -0.108439594554889 -0.0707874235547509
0.150515619473555 0.290951463194282 -0.115527174168382 -0.0907550773313281
0.226489994133388 0.237964522404716 -0.18059744438116 -0.0159612401439266
0.245177937961505 0.0383986357045328 -0.171660456934786 0.144485125075386
0.126387090961428 -0.100082721548133 -0.0106112882908013 0.224263474910926
0.00689969222236637 -0.137019351359544 0.161584477111347 0.0353613747898748
-0.105060079285234 -0.143049158069582 0.135184139656964 -0.137087868264534
-0.182851632311717 -0.0386315045135662 0.00758227777469057 -0.0727579541996226
-0.219496318743547 0.0668706812429749 -0.12830604564996 0.0208006456304318
-0.240542089292765 -0.0286529488161779 -0.17034797980511 0.110023991482018
-0.193138552778232 -0.160950196556228 -0.15285472023656 0.119459307417994
-0.0604177732627724 -0.258179497980185 -0.112116230227438 0.012323682482041
0.121050590358699 -0.217875988859377 -0.0774762836624207 -0.10351394995872
0.246388821406697 -0.0757215378758252 -0.0412307793184549 -0.104553736117646
0.280342745732325 0.0814392391254525 -0.0136584781045608 -0.0465353134539411
0.249808440618835 0.1725303840139 -0.0159639303468842 0.0106991452077323
0.252386002184651 0.171418518026653 -0.0421109061543723 0.075483997344095
0.291622317379759 0.0611315557096884 -0.039119037304271 0.148250590426203
0.253139404314506 -0.126577919890679 0.016415258057973 0.178330067671487
0.0672410452282999 -0.296684716879263 0.124688365489637 0.092083173576535
-0.139160359339398 -0.264547958172213 0.197187877323995 -0.0448065443069061
-0.228590603222837 -0.11688660861116 0.173624871117495 -0.0795745265275949
-0.220154068573836 0.0228312426735571 0.0940656285946478 -0.0250986445691613
-0.210628254163224 -0.0118813388406845 -0.0285823486562034 0.0423159243787324
-0.182403681358074 -0.110141797552356 -0.0918369549068768 0.15097456499101
-0.0956777877799947 -0.173216822709693 -0.138069242151291 0.087673821788519
0.0419887093792499 -0.222357966064776 -0.0878568855809145 -0.131436929634577
0.256043260401241 -0.105639604955274 0.051477363699749 -0.188601649750567
0.303893702873741 0.140184388346564 0.120997611118156 -0.0598871324527262
0.220896197220806 0.244370847135446 0.0880637145535619 0.0511609194290373
0.221730500063978 0.163521381689396 0.0834834428728557 0.0815513497062794
0.239109018132254 -0.0640275882327402 0.0861265512716761 0.0744497662623139
0.000622849625017562 -0.254837885140326 0.0543768420681452 0.0385417722037238
-0.254112413443079 -0.0787208322100451 0.0566117842623263 0.031906441283176
-0.126834892255902 0.109520779065498 0.138103354368285 -0.0416440963922705
-0.0260427628162358 0.00507945805082967 0.189941235558488 -0.0481896926146156
-0.131347632760673 -0.00119358812587292 0.226615374826746 -0.0226672627991857
-0.177793544072393 0.0720933015380896 0.17632758884336 -0.0363029328358918
-0.135713056555641 -0.056183636930852 0.020740708800526 0.0941272824182824
-0.0117289345900711 -0.0840778528820953 -0.145300723088298 0.124970324776591
0.0555279664194921 0.0412894948886593 -0.125596057993092 -0.109826539014539
-0.0264316587437098 0.0937652446856028 0.0915107461701965 -0.173484425145291
0.00662315429246162 0.0491607501960816 0.118016473518195 -0.00965912961279958
0.100346524569803 0.146531839584595 0.122535901728831 0.0918186886124117
0.101180759188897 0.252704428421206 0.107256433600759 0.191706449316342
0.161218408644247 0.135153542334178 0.163311865483918 0.134935911236319
0.129512849906909 -0.219246110787003 0.159507327919595 -0.108843278129741
-0.298217712029812 -0.314272187834004 -0.139945906352176 -0.174055104391281
-0.525098991353578 0.144416042287948 -0.0831845178846951 0.0702807598972966
-0.113253719873982 0.492169177267891 0.192408368759054 -0.0680654383386133
0.208170845076894 0.235879702918353 0.0885186927392701 -0.12622506897918
0.0610260622579739 0.0423418105607804 0.129318156241807 -0.00556559340106334
-0.0919092875135674 0.0671633157935365 0.192462014750978 -0.059224592016133
-0.0564471877691676 -0.0399673743224053 0.00523943848338457 0.148438074945464
0.0515721248264193 -0.0176883332346757 -0.248184298949213 0.0156105518406727
0.0352909855031959 0.12221551566433 -0.017239573184405 -0.296117151158774
-0.109417656030441 0.121164831198389 0.215051177728953 -0.025836846605466
-0.107308073586617 0.0102206001573699 -0.0358682284660257 0.178534941947625
-0.0100549234862837 0.0415815133502398 -0.0403652186772705 0.143540227507282
0.0260450590079729 0.149425164820756 0.0615104935976859 0.278589717421824
0.0944321857826736 0.0791644842619752 0.207318482007 0.172734643373992
0.0285423822069428 -0.18512162479852 0.137748174901477 -0.316270994223189
-0.278789816027412 -0.143189130664765 -0.411990009012065 -0.231638465284119
-0.325428541390038 0.186780213558981 -0.143648198202088 0.225441784325829
-0.0146576235568273 0.361708501559049 0.25872478279077 -0.087906777523898
0.212023440796128 0.179161383860961 -0.0593960934417159 -0.220137799108372
0.114798679314121 0.0115782558597256 -0.0489177101466468 0.0248757337756084
-0.0264070405485408 0.0295349311715103 0.156417886902854 -0.0538822212867834
-0.00262927511915956 -0.00445504229185804 -0.144773688441905 0.0413521090308332
0.0038094211564086 0.00914351136480216 0.133068501495897 -0.0359209411220083
-0.0256640231655547 0.0128466319910731 0.13872336764569 0.240904979551772
-0.0220024157537911 -0.0241116525209235 -0.249027664102246 0.130488612653845
0.0276524806692448 -0.0527649797139316 0.0955689642792135 -0.286519744039928
0.0404126946785075 0.00690620859994009 0.514885628207332 0.174984193092993
0.00375338247327754 0.0152800591831401 -0.0779744885158215 0.394684166994309
-0.0151868687471898 -0.0113860142147207 -0.218307475955735 -0.182790741490098
-0.00594320060247789 -0.0155936672004558 -0.0333013270093166 -0.306980717421896
-0.00307933229139684 -0.00948982803845494 0.121411497197611 -0.125899302035008
0.00372910956518732 -0.0020254950676797 0.173440068384061 -0.23736339223344
0.00767498542928577 0.0166810515789433 -0.238857618961059 -0.123446501655694
0.0170285071694671 -0.000758487518396002 -0.0949004397841716 0.381623434886255
-0.00470813742966145 -0.00328416628445266 0.332360494009044 0.0662318449465627
1.29250723538295E-05 0.0136522049031314 0.0076471646858902 -0.217817035222608
-0.01652775435936 0.0320700043081141 -0.158279902184343 0.038354705937431
0.122223704755417 0.00966479750798901 0.0568866862290237 -0.0284634175447973
0.208347582555854 0.174811681800996 0.107591196062857 0.206968678616383
-0.00947785885414283 0.345144645035194 -0.222659307001868 0.144597452406423
-0.293614186017966 0.155227558058497 0.0751390410451084 -0.261362464053833
-0.228501858314235 -0.14874995847367 0.449059123290238 0.133560627064861
0.0375660112027411 -0.157376484774891 -0.084177679536639 0.327616409734495
0.0678500099674689 0.0707037866731473 -0.2101542821206 -0.174058075307024
-0.00469503557284465 0.107245443218187 -0.0439210379195298 -0.305614294504018
-0.0323289993158103 -0.00554055698024588 0.0741834651140389 -0.15321695370388
-0.114280293357442 -0.0228861578926941 0.112436065135499 -0.215204377113113
-0.117300941459018 0.136812860993619 -0.236810860999988 -0.0754277246345649
0.0388385211891016 0.159392289360524 -0.0749280023944173 0.351069802869196
0.0676797095677221 0.00303827931359236 0.300037698253125 0.0342802520736565
-0.0333825611048189 -0.0382854291422111 -0.00362942308486083 -0.208714483176832
-0.0706240444409352 0.0792568651917772 -0.199680653409808 0.0342884569927526
0.10162261328271 0.0284169550024464 -0.119633199294833 0.0126557547539467
0.282779021483427 0.210035570086011 -0.0313082189826529 0.138189518565278
0.0201285509709189 0.52136483537352 -0.153858421576195 0.122522851308988
-0.469664864806021 0.263417709129115 0.0483589616387428 -0.138496673825897
-0.334889525665281 -0.261022740039375 0.224404759983296 0.0966028987328805
0.111001416936272 -0.225963391096044 -0.113009136553505 0.158830990962025
0.151208685203905 0.138679901302165 -0.176232470421242 -0.137804966671089
0.0382955915987814 0.240840941513819 -0.095335935270008 -0.251411491604551
0.0282463065088869 0.121435978563157 -0.0876761112982854 -0.170311235901502
-0.0602202700447479 0.0410843932274586 -0.102081008646668 -0.0930882320418301
-0.0666598655818658 0.166780375397169 -0.191715484108437 0.118827448174018
0.0764421900440604 0.14229839261513 0.0571705380740141 0.229389118694105
0.0481597329902128 -0.0557852787774429 0.213261661137654 -0.0846616864460546
-0.0995965431235432 -0.062079392027733 -0.0222530204744468 -0.154129650555811
-0.160203545968678 0.107170329208106 -0.20480770508567 0.0251444007259288
-0.0846540704750182 0.041489942101412 -0.23411702911432 0.0638041552764948
0.0475195490609062 0.0626029913345374 -0.160422200593832 0.0976766237703064
-0.0435866887252204 0.223251782629157 -0.0963849506084024 0.0794853275957895
-0.305821674134574 0.0536891439060306 -0.0338271084099885 -0.0278111220505604
-0.110601885272092 -0.264713361347771 -0.023041430823391 0.00257177168506369
0.225371104904872 -0.12407777667486 -0.10229972729326 -0.00636108753075797
0.222551026433709 0.175578070815361 -0.111167056510584 -0.073532852191882
0.152326214398663 0.301364166335821 -0.118637328989656 -0.0945576466143397
0.23047905737715 0.24584637206653 -0.181924020485277 -0.0178234605553889
0.251113745713873 0.0421209267122292 -0.176203847890614 0.145507833679102
0.128262297225874 -0.101077004434061 -0.0103840706479871 0.230784839172919
0.00847462169564612 -0.138472551452075 0.165502769043097 0.037436849766677
-0.10719647722864 -0.145542693675389 0.137682212261386 -0.140757615773889
-0.187164582802648 -0.039245090439861 0.00676354526983813 -0.0760972431059337
-0.226533901038251 0.0683505190170788 -0.133107425324103 0.0232378326336751
-0.250074709411166 -0.0297626148674218 -0.177496363903641 0.113814874483621
-0.202087035159486 -0.1670763531529 -0.159466908031747 0.12270831195601
-0.0628650551375554 -0.26837431720164 -0.116640378701902 0.012100994701694
0.125922098280476 -0.222724190651932 -0.0808846665209573 -0.107676206348205
0.254856262751666 -0.0752731290817263 -0.0412525496639665 -0.107899253279741
0.28818696136933 0.0878543727097964 -0.0122734235218886 -0.0472189377877223
0.253710120739145 0.181500838229442 -0.0177632633882108 0.00925958194076022
0.259064001424484 0.179657693984212 -0.0440793180291903 0.0774782861391861
0.300127771072534 0.0663391616704364 -0.0405370660822375 0.15213656698434
0.260921804051361 -0.12746321669773 0.0163654435163917 0.183590516094054
0.0700355179041032 -0.304997179034586 0.127209399549185 0.0942099401570194
-0.143439350777266 -0.271678581158681 0.20081905281109 -0.047371734102027
-0.235377040750565 -0.121040969054055 0.177483499324466 -0.0819856378545667
-0.227261587496132 0.0251128757450917 0.0948822967355093 -0.0269880484132358
-0.216724458161995 -0.0117041914480026 -0.0302619801165417 0.0459513637511071
-0.189606464604897 -0.112256721989188 -0.09627582714419 0.157348425970946
-0.098811463090149 -0.177479239354328 -0.141895720456854 0.0885056978959092
0.0437777911149924 -0.227098767386064 -0.0880020627672986 -0.137015573611808
0.263798604107672 -0.106942443290983 0.0546094478213173 -0.19349404183884
0.313253881574268 0.147758738782882 0.126275920077501 -0.0610896479224087
0.223526331606341 0.253200415069915 0.089679835460599 0.0559025214920131
0.224646429366623 0.171830787096609 0.0845250321521817 0.0843091624256109
0.247109175856801 -0.0620401205492938 0.0888648471300437 0.0780232498333379
0.002921092608045 -0.26100164846346 0.056070201830791 0.0398451260109629
-0.260508566963998 -0.0830012581883378 0.0577431875507095 0.0331732550923136
-0.130552605991467 0.111509800506806 0.140098750939578 -0.0410781716337679
-0.0289429665529831 0.0050070544814899 0.19488647416155 -0.0491106507233676
-0.136920098600362 -0.00084533611992233 0.232837848118853 -0.0236141536496088
-0.185677109210159 0.0761205133146331 0.181439402312851 -0.0380034141377213
-0.139870793714565 -0.0574061463276581 0.0217029971908343 0.0986052248485812
-0.0117616622291304 -0.0866231466309244 -0.151728469798422 0.127451947693663
0.0577554337865585 0.0446399800718253 -0.126834996722755 -0.114667682732033
-0.0277406503164586 0.0995291706917789 0.0989155639415757 -0.179396227837142
0.00485375037794628 0.0505846484226349 0.122933047253885 -0.00630674885094422
0.100441518157362 0.151326988255941 0.124388477762233 0.0965409399316178
0.100290666302797 0.260811309172223 0.10651088040829 0.198980342366578
0.163007530183404 0.143759900776475 0.164964214467234 0.140698677892707
0.135493219111416 -0.225463776698939 0.16665810989323 -0.109513264355149
-0.302753312697999 -0.327345670343589 -0.142376729182541 -0.180136583206944
-0.544309857850191 0.144071447602699 -0.0864113435066158 0.0719461543422768
-0.118237685515612 0.503396783731428 0.196384947186401 -0.0684550633536829
0.213780203482312 0.243714378816206 0.0940328585372557 -0.127246658523014
0.0615900296531054 0.043966359967987 0.134641968209781 -0.00542397389287309
-0.096186863493124 0.0720701730473697 0.199069959533343 -0.0596928848306595
-0.0582419130472596 -0.0392432629927722 0.00416215664340188 0.154052428455339
0.0527337640226003 -0.0185237986998577 -0.256803052246847 0.0104434375751412
0.0380454854202879 0.126289674949161 -0.0132047158876095 -0.306063925924381
-0.114217880317897 0.126113525895003 0.222512890560188 -0.0235203891381535
-0.112617718452452 0.00890355139295393 -0.0409661154398015 0.186428998763741
-0.0128994211005863 0.0417754669624305 -0.0455555185256582 0.147998817597884
0.0257623543853022 0.152964503043161 0.0563584153679787 0.2870599141715
0.096119413437613 0.0840945993489678 0.210062908497339 0.181160256045988
0.0327722606940325 -0.191447165940444 0.144253918966914 -0.324237339755805
-0.284272907324414 -0.150524188777132 -0.418786667471069 -0.242484303630504
-0.335367313017346 0.189794840170117 -0.148804769648484 0.229562667709498
-0.0161354372030565 0.372077684066757 0.265487072884181 -0.0895665866164697
0.217669981523836 0.183974167161625 -0.0594351577117854 -0.226123368935098
0.117131133820616 0.0115902687170013 -0.0482402295460419 0.0253652677851839
-0.0288165228187389 0.0321158185275326 0.16225352827647 -0.0550238986997308
-0.00372075233141487 -0.0043761158785437 -0.146578767843556 0.0503426333017659
0.00414801991114507 0.00805489817713248 0.132870866858176 -0.0430342758858453
-0.0261939316600749 0.0151497482795254 0.152285362407277 0.240587564155302
-0.0242431674175271 -0.0229522091510628 -0.248332096292105 0.144395820026377
0.0253634897792512 -0.0554368981045223 0.0849199688155002 -0.294905133234987
0.0410021574494025 0.00531826920484966 0.533451166393349 0.156432458333409
0.00411487555717686 0.0154092473966688 -0.0633950201440377 0.407861744668526
-0.0164987258042278 -0.0110546550560022 -0.229966805511834 -0.18114676336092
-0.00596085339155188 -0.0149468750577705 -0.0447077590858131 -0.31345394436496
-0.00310503652233552 -0.0112829882254485 0.121526153953267 -0.132398446250398
0.00451974883190336 -0.00309665914320749 0.169894205119238 -0.250343288592874
0.0080703924047178 0.0164268424854594 -0.249209296608382 -0.117729330104643
0.0171545469236133 -0.00136316841439539 -0.0812876850445867 0.394363495021629
-0.00504771269322126 -0.00303320145119968 0.343865451706576 0.0543508913789507
-0.000177900882225176 0.0135723291655961 -0.00237722951444892 -0.222893824157508
-0.0160841868739707 0.0345344275899136 -0.161615993793209 0.0461782221687949
0.1252203713483 0.00416590398952058 0.0562613687547739 -0.0308098780983313
0.221342640622505 0.169061431158899 0.120639895865536 0.20738397743248
0.00527577925551971 0.353790940929302 -0.220056703092187 0.157882783662639
-0.295150992522911 0.170652547001765 0.0656141842734388 -0.271159093227977
-0.239403344452917 -0.142530453328323 0.463702691494156 0.118855554096692
0.0324944311263724 -0.162369519168817 -0.072276852740901 0.338708368429064
0.0728757234621014 0.0703705738088685 -0.221240006792735 -0.172089168321227
-0.000236142748561013 0.109791473431559 -0.0555322344710263 -0.310931550871136
-0.0340605356163791 -0.00588464705472023 0.0724811399335555 -0.159340657132128
-0.119169366736787 -0.0188418043066412 0.108910577046192 -0.226347472389757
-0.1130207017349 0.144774350339167 -0.246214993991923 -0.0682552257036502
0.047568814257242 0.161291366859395 -0.0625324043456311 0.363457017486145
0.0700389313432758 0.000493838168214383 0.309594639005013 0.0230844803451377
-0.0363430090367587 -0.0377550972105637 -0.0135418675342717 -0.212493195375718
-0.0692722268376011 0.084518209477194 -0.203561350849897 0.0437267584950157
0.104219498266639 0.0245621510563066 -0.123196760549902 0.020180030399007
0.29727370461969 0.199581485310474 -0.0268086361574968 0.142520491398047
0.0418478439407125 0.530656700256112 -0.151649121872467 0.133005754050942
-0.469907767072137 0.289309162058416 0.0424145782130816 -0.143841837365463
-0.353257818705916 -0.252863395880811 0.231966400055698 0.0900438570292672
0.102527439627091 -0.233921136796721 -0.109541820744836 0.167156566419704
0.159208845540976 0.136418576406531 -0.18600649845389 -0.134986376382242
0.0473116460636262 0.245049197206644 -0.107644203506069 -0.253376630033109
0.0327603060845985 0.122032248908318 -0.0943131542577589 -0.171502429056577
-0.0616323436208975 0.0438949049370847 -0.105870690341496 -0.093311788498078
-0.06176611600776 0.175898304560963 -0.192378092660654 0.127249505295672
0.0864733494096525 0.142847677641952 0.0671537269435177 0.233917421734004
0.0478795552535262 -0.0592669712738499 0.214350702840113 -0.0958490547915982
-0.105163631863025 -0.0598212549561658 -0.0300677644439026 -0.156928833322386
-0.159689700486443 0.117301234829412 -0.209161609770883 0.0356779188668369
-0.0854616204925797 0.04653055721123 -0.237963442651439 0.07680429486543
0.0493707285072078 0.0611640111961547 -0.160891398781551 0.10672380719522
-0.0350483969549986 0.228148166468832 -0.0947287346584702 0.0870185342731493
-0.308388244816824 0.0678141782289059 -0.0367832759737412 -0.0262404412894615
-0.123844009356037 -0.265339804730535 -0.0240694863681261 0.00370317754507025
0.224762188392292 -0.134498773010593 -0.104925850223385 -0.00275851061407762
0.233801327523924 0.171907964739179 -0.117941324781036 -0.0705530686975095
0.167266427338649 0.301488459752985 -0.125347529466037 -0.0920035108809553
0.246713468814768 0.242565421477437 -0.186605114499572 -0.0107308441030922
0.257427284316508 0.0329297995317205 -0.173175982935815 0.155906904460868
0.126722114090793 -0.107954298921676 -0.00281456859101007 0.235470995820407
0.00390744969524711 -0.140242243902596 0.169580287707862 0.0312763550045503
-0.115052316179679 -0.14405367035763 0.134259786113341 -0.149817682349947
-0.191621816438677 -0.0322190074148064 0.0030864300512504 -0.0775708815891249
-0.228537105872382 0.0804534429547775 -0.134686985510306 0.0305401983126608
-0.258094401611452 -0.0197340466867302 -0.176218388174798 0.124126372309404
-0.215552817574192 -0.161556046748892 -0.157119586838867 0.132985601290102
-0.0763146258272487 -0.273565486297059 -0.116477488142276 0.017923978462157
0.119571678234748 -0.234358601459865 -0.0883958083349087 -0.106102044375689
0.258475275187007 -0.0863340487730832 -0.0460399144093188 -0.107800987995007
0.297624307936163 0.0800204499539148 -0.0147320674262055 -0.0477622017302565
0.264226546528538 0.17590606995721 -0.018819064369664 0.0102487967799267
0.271388914267705 0.173654047785728 -0.0404345499031436 0.0804461100306407
0.309542296878286 0.0558577129502706 -0.0340914555859587 0.157570519728651
0.264109651956253 -0.141160620202337 0.0250080541230081 0.187973132969567
0.0579476746970138 -0.315234380067525 0.133638889861689 0.0924445068834088
-0.160525275218551 -0.272043362892227 0.201511433911816 -0.0558070287603274
-0.247441052149497 -0.113004661581435 0.176965895481056 -0.090840305920798
-0.230537741387852 0.0347968407245576 0.0958172792127934 -0.0312159024803999
-0.222538126868939 -0.00323247631735303 -0.0272048309389648 0.0480997207602422
-0.199338709449308 -0.108408299061353 -0.0909905050418072 0.16473265911706
-0.10812063819261 -0.176251800735594 -0.139350297091824 0.0967535909225538
0.0342465554802892 -0.232759345312048 -0.094013892330205 -0.136974830598063
0.264085572616897 -0.120143553349483 0.0474071977889155 -0.198168144797822
0.324686534813355 0.138970647077517 0.126302905693908 -0.0667066911291808
0.238970349240936 0.25106639135969 0.0938911722904736 0.0531437571011715
0.23601394398817 0.167537043086717 0.088790768798875 0.0822655346169207
0.249264019340105 -0.0723016925147586 0.0964360387880258 0.0767841554759224
-0.00569559485124832 -0.266330144808106 0.0599300453184965 0.0390234191658161
-0.26865432062651 -0.0731880052050223 0.0627003273597529 0.0321176121937882
-0.129004553260629 0.118610789511798 0.141214976531781 -0.0486448223320579
-0.0314870870361802 0.00525945806102116 0.197200782225278 -0.0576037699540428
-0.141909890151025 0.00507390652214022 0.236596963543797 -0.0346995520684245
-0.186070137860028 0.0854250721774271 0.183251116220358 -0.0450106029227409
-0.145560545997121 -0.0526796882658749 0.0273597305268663 0.0992438049486679
-0.0147565219758644 -0.0877883374896034 -0.149084002255675 0.136078922877064
0.0624193909366972 0.044534090129772 -0.132757977308064 -0.113374336276723
-0.0247223597027252 0.105936081778073 0.093270120465275 -0.18698218970999
0.00449217329630155 0.0517483833820144 0.124241120462391 -0.00801229607442393
0.108050327019177 0.149391349751733 0.129536290371173 0.0942631049720483
0.111635792305789 0.262752070140698 0.116021746692977 0.199641802353604
0.173667274873491 0.141128030308044 0.174062599490017 0.137639010958105
0.129745252778106 -0.234602429373264 0.167181969334942 -0.118223215230882
-0.32316722364681 -0.323039247881018 -0.15226562329655 -0.178153114938714
-0.549072080584313 0.168821056035156 -0.0849029167793832 0.0785332420290839
-0.0988477890389139 0.520283971131051 0.198736482791174 -0.0792231404002678
0.228007848947562 0.238753715400446 0.0909610918744267 -0.134666402777295
0.0632000492328327 0.0417844657965335 0.13832336944715 -0.0116132780899506
-0.0962021630068026 0.0773772593741096 0.200710269587411 -0.0690236630919993
-0.0620714452729708 -0.0377443744575053 0.0113264497442631 0.157795234000285
0.0539462642939787 -0.0216426939528257 -0.264225906417846 0.0217583895570471
0.0454298278873479 0.127976112861369 -0.025807841894533 -0.313944693814067
-0.111350858740639 0.134946282686663 0.227390355669529 -0.0331001667035216
-0.115112008923941 0.0140981570682102 -0.0352860109880457 0.193925896873941
-0.0116895368752475 0.0423027238159577 -0.0416029943816005 0.152527241202256
0.0315051338861311 0.155647217271382 0.0678599565994933 0.29180946984117
0.102842417094147 0.0830871001026903 0.221626391324445 0.178966017812151
0.0253958266455097 -0.196027325037698 0.134269932347833 -0.336471433444781
-0.298934434455385 -0.142659844081182 -0.438403775146336 -0.231405653326534
-0.335799016699923 0.208166643718415 -0.141386169604933 0.24111344008526
-0.00156988843802821 0.382663341622503 0.266393772710493 -0.103377545440324
0.231828029245292 0.178658113133521 -0.0708852425306504 -0.228865267382817
0.120229580344698 0.00641356690184545 -0.047025025089922 0.0274615108563839
-0.0290962240071422 0.0337335671184499 0.165747127853453 -0.0647974600981162
-0.0030550584748718 -0.0040664929507624 -0.145703575350525 0.059603909206874
0.0034929197938314 0.00766363854133352 0.13192530693764 -0.0491790704908754
-0.02514501866974 0.0169767862439805 0.165644105875745 0.233879403869589
-0.0255979626202237 -0.0213348601975167 -0.240908562673066 0.158389272710755
0.0212802577114941 -0.0564366814242865 0.0712372857717625 -0.299400080187836
0.042865138162058 0.00307043233288416 0.541214392534949 0.131731139877719
0.00465718750515284 0.0150757622841015 -0.0421669675251254 0.412704416834716
-0.0165482564936065 -0.0102791507581909 -0.238607251421518 -0.172031718957299
-0.00627620053260419 -0.014172488323151 -0.0567459272465172 -0.31389689182336
-0.00385781532272513 -0.0117518997695573 0.117543699486302 -0.136946773506684
0.00391163186327408 -0.00449501872066402 0.160345894679518 -0.260902370687379
0.00976333413168605 0.0157624060105724 -0.255895378399991 -0.107285748827229
0.0166989938775012 -0.00312624512244153 -0.0624745070117592 0.402214432717157
-0.00529020266839696 -0.00260961149895718 0.34975027864578 0.0393351888143183
0.00035460191519811 0.0138030875176605 -0.0139064060679442 -0.223703465376519
-0.015725505033679 0.0363128745314812 -0.161277380233277 0.0556436373844084
0.125159390956927 -0.00326039802236117 0.055029746189277 -0.0327391163907073
0.230915795396226 0.16022456170709 0.132902329270467 0.202628552900561
0.022418620544153 0.356330520900084 -0.211367962056959 0.170810137030458
-0.287377028871171 0.185846027057949 0.0513321570956952 -0.273909912163989
-0.246524820106306 -0.131119237225013 0.470137616755069 0.0980807023719077
0.0245561072959148 -0.165056885059293 -0.056011998458144 0.344722160748285
0.0758089577303383 0.0679779543356563 -0.22921409982641 -0.164411744113439
0.00313989906092667 0.110470281070783 -0.0687862976127204 -0.310002282656946
-0.0357360036668363 -0.00552231474188495 0.0671331176752796 -0.163124386738297
-0.122427492031884 -0.0143225294697204 0.100600440506904 -0.234885009868192
-0.106383539264804 0.152236044824415 -0.249907685641935 -0.0594979368695688
0.0565811840416557 0.160650877631215 -0.0448801877250571 0.368754702474547
0.0709159554641307 -0.00343374129497474 0.313729126383284 0.00990984763793211
-0.0387683887192689 -0.0368883989468988 -0.0260571062172495 -0.211974378502261
-0.0656147830945463 0.0886891561504143 -0.204697146491866 0.0549147504353139
0.105574476241821 0.0200291390335433 -0.123693382981051 0.0290978718814527
0.307926712800234 0.185590353227503 -0.0192588552446259 0.145404514581201
0.0678354180883879 0.531451865721436 -0.144611507766495 0.142540427619805
-0.457563443031586 0.314342292219334 0.0331286175374951 -0.145973129979064
-0.36655318539354 -0.236133405384121 0.237698362975633 0.0800484900596983
0.0928720060401569 -0.238606057629086 -0.101889050325661 0.172518558952662
0.166291091416404 0.13119285264073 -0.192673830814998 -0.127523375628775
0.0580870671808776 0.244088869504817 -0.119335562736332 -0.248453007621384
0.0368792790694022 0.119187275145345 -0.10152147721482 -0.168324364615736
-0.0606415472371482 0.0469042625368297 -0.109009938535486 -0.0913070612161869
-0.0531818154125156 0.180638464403678 -0.187401689991242 0.136370104862147
0.0962465711857992 0.140666636029991 0.0788171660495035 0.232044597778564
0.0466476471599359 -0.0613572084426869 0.210653647731099 -0.105963385441893
-0.108094450295159 -0.0561508760970009 -0.038629154468458 -0.155581079822249
-0.153538694728162 0.125639194903787 -0.208570368014632 0.0464592031029031
-0.0852424763364938 0.0513537933716181 -0.235354764642441 0.0909870717647644
0.0509760554055475 0.0586408624471573 -0.156136426706566 0.116433230897552
-0.0246877355642413 0.230385416071078 -0.0895000518273376 0.0939034908159318
-0.308937474683699 0.0836437543177541 -0.0406328596673203 -0.0244253024478933
-0.13683124340866 -0.25995123642762 -0.0246418663158908 0.00610545687043221
0.218738682396794 -0.144762497157932 -0.105809562010282 0.00182110606004489
0.242818190260619 0.161634437127692 -0.122235362627626 -0.0659201648976514
0.181000574515515 0.2960970190179 -0.129500481814905 -0.0864500332917585
0.258826536957625 0.232225585418 -0.187272878255959 -0.00330006773213338
0.260353179044646 0.0208516581321862 -0.166336010954639 0.165179485409555
0.122108915499299 -0.11304446231718 0.00864368168264464 0.237242315387497
-0.00214169443681931 -0.139748407344132 0.170819135451834 0.0249038483387141
-0.121778734802045 -0.13898476471938 0.127069603185932 -0.15618606651734
-0.194140068782566 -0.0240144779861633 -0.000659768477491182 -0.0782190625102855
-0.225183744356986 0.091554666957363 -0.132990598928182 0.0380307799293648
-0.261673371842917 -0.00599300701247294 -0.170397586037815 0.134325211355086
-0.226776178650118 -0.152543578183406 -0.149508188714286 0.142253317353602
-0.0925889910565058 -0.270689091893043 -0.114570041669945 0.0236279136607072
0.108192042144214 -0.241890405992898 -0.0944383847901223 -0.101828003524383
0.256235131449017 -0.0985267441511484 -0.0518447847736767 -0.106293553918467
0.302370394893636 0.0659086458296776 -0.0167612713911033 -0.0479729307443056
0.274456810834173 0.164190672372236 -0.0183155420436179 0.0111667838083262
0.281635943987369 0.163828832196454 -0.0362038764931984 0.0828356689569648
0.315286859128055 0.0418864018662096 -0.02669545822089 0.16059517899798
0.259422216425792 -0.155293979319032 0.0358566994609682 0.187832594049553
0.043314899581073 -0.319687728814168 0.139173604294344 0.0867896823214252
-0.175590844617982 -0.264747045467949 0.199040312483583 -0.0658922321747326
-0.255229901992013 -0.100124712280452 0.173712299222063 -0.100700224975713
-0.22888259334899 0.045297922489303 0.0956070660001519 -0.0369410571851084
-0.224478745947314 0.00742336197768975 -0.0235561633968939 0.0504612112047979
-0.205867823504756 -0.0988375336524556 -0.0816432132139749 0.169158348108798
-0.11785693188348 -0.170201660155423 -0.134074361810588 0.103640298557734
0.0215829882730731 -0.233166109790774 -0.0999250742728813 -0.134196533710181
0.257846279012588 -0.13227180691704 0.0388062045680181 -0.199152487423187
0.332061603965435 0.124533748207849 0.124545750140078 -0.0743931169202544
0.251967369713993 0.240603988569302 0.09685852759447 0.048136489672105
0.245183747805363 0.160105403772881 0.0925433084031057 0.0782368839454893
0.247489569981452 -0.0846601611659231 0.10253235318214 0.0727911570086474
-0.0176267305897221 -0.267331376657809 0.0628815527828031 0.0367458436284282
-0.2727869978265 -0.0608113596992547 0.0652810116864507 0.0299907081841087
-0.123741958205012 0.125121310367186 0.138812666926567 -0.0553615505952282
-0.0334492804804388 0.00544890486624008 0.195975319063121 -0.0675557492555412
-0.144202706540822 0.0117847034503995 0.237381629404316 -0.0458426874991084
-0.182467680411516 0.0948385904598858 0.181575433284515 -0.0546992723891192
-0.1498284880884 -0.0451684872171517 0.0326160578112311 0.0976979336786099
-0.0185905836304934 -0.0882893736955495 -0.14331213382156 0.143781495750626
0.0662402232809592 0.0440458070863504 -0.138067509213496 -0.109034661503953
-0.019410075256685 0.111066230399571 0.0865496909732506 -0.192754010699524
0.00550043502571006 0.0521910245734106 0.12479192180369 -0.0118546907774821
0.114224402018643 0.143543431076158 0.134120734669141 0.0888576285785088
0.124849488087359 0.257381411267375 0.125180396456391 0.195696866185941
0.180986306489401 0.135495990675483 0.179732214391488 0.130040007361467
0.118169742755679 -0.241366496329797 0.163924129511228 -0.126944236885664
-0.339142870422508 -0.308671901642074 -0.160652017698088 -0.170187266608071
-0.541171494792901 0.195903912509613 -0.0797156304301003 0.0826640492090501
-0.0720491801575545 0.527648939674936 0.196417963329998 -0.0911447732946158
0.239601574477541 0.226708517565536 0.0853025672141856 -0.140252147545091
0.0648459152871417 0.0394289467772842 0.140048432266945 -0.0198162647295044
-0.0937555440822022 0.0824324938903423 0.198640518780623 -0.0793305949581545
-0.0636699084737038 -0.034193745686036 0.0202539780577005 0.157652921499976
0.0542703884991523 -0.0242331085595 -0.263639383286347 0.0347682338293875
0.0534254974675243 0.126602101984376 -0.0412652851213012 -0.316211166039372
-0.105869405859159 0.142702818786857 0.227127380041025 -0.0432158762602921
-0.117298732385241 0.0193583470612219 -0.0265304665083919 0.198841660234552
-0.0106188680655282 0.0416433232933557 -0.0368085565824737 0.156342033551161
0.0381479566595677 0.154578901502831 0.0809573437728209 0.288681170041702
0.106856104943428 0.0785561306216737 0.230408972546223 0.171489771935234
0.0159648241234221 -0.198198818050165 0.11928522580271 -0.344424353002344
-0.30573660765973 -0.129002392671568 -0.451630766951606 -0.210513527811009
-0.326469416780099 0.224721587550007 -0.129286814187977 0.248480665897657
0.0198561970637093 0.383332345420668 0.263534468420116 -0.119673712394376
0.242122996135183 0.168344441707653 -0.0829814013048573 -0.226308882336364
0.119241530104003 0.000293498805568919 -0.0447683988865616 0.0298433656286225
-0.0289644698766075 0.0359462145378123 0.165341388669715 -0.0737587944691653
-0.00397152872778962 -0.00378305122182692 -0.141010840542696 0.0675810432720872
0.00426579392144011 0.00754915625787404 0.128138139387186 -0.0547544602805015
-0.0236742898938591 0.0184114718145145 0.175980694482356 0.224558092547038
-0.0263533122959866 -0.0199056245903232 -0.231356870584235 0.168202309936345
0.0187542967686769 -0.0561054481068373 0.0572344038963974 -0.297676910942674
0.0427458202557362 0.000835418532106166 0.540675911548735 0.105869424119975
0.00491305237164073 0.0134484978427841 -0.0241444867166591 0.408635217290672
-0.0163816871721537 -0.00994801696606717 -0.243709206936831 -0.162365220118832
-0.0068133535058878 -0.0135841755929228 -0.06768861932557 -0.309362636375499
-0.00394182530568886 -0.0120670794900347 0.112752574890579 -0.139099758503408
0.00288494935087387 -0.00462916379553339 0.149202728906649 -0.266777043979178
0.0105415192987313 0.0157913693853507 -0.258339259863788 -0.0963948242638022
0.01644032550106 -0.00401643883690325 -0.044246693350824 0.400545989935671
-0.00574181686929409 -0.00281574467528052 0.350674157180041 0.0236771056176627
0.000848199827588753 0.0134078244563782 -0.0245001775096343 -0.219433365231333
-0.0138322508484633 0.0368160409401753 -0.158620069867804 0.0646027179100582
0.12401891983401 -0.00874379760779568 0.0523627868534308 -0.034305929613959
0.236439617039828 0.148110867785073 0.140941949053991 0.1935263658253
0.0374193361723125 0.352946310951223 -0.201271343182988 0.180153714123365
-0.276579257276379 0.197031085190245 0.0389234342107481 -0.272497771632252
-0.250708730148677 -0.119348145391081 0.470081673246628 0.0758704523040552
0.0166882010306229 -0.164731101820272 -0.0399874666794854 0.343410435525051
0.0796895321258623 0.06488159536022 -0.234514399806738 -0.154862104782814
0.00687542499650167 0.109220258164326 -0.0784361823161037 -0.30506748106318
-0.0371206024379964 -0.00581077253203315 0.0618264882272882 -0.164148848689952
-0.122774755930493 -0.0100990021736282 0.092594269868989 -0.238187598381413
-0.0988765418072661 0.155752128794204 -0.251621219695852 -0.0495280110565155
0.0629497899942426 0.157000320208246 -0.0267901245575478 0.369150431851028
0.0711640548620903 -0.00614749525675278 0.312393521934225 -0.00334811288299295
-0.0399366466764331 -0.0350641756214882 -0.0356461289969565 -0.208224490914137
-0.0615979169815136 0.0923904617636673 -0.201950111047914 0.0646464771083247
0.105708559370411 0.0149499123135732 -0.122111270945591 0.035127381364047
0.314251686756026 0.170228126684899 -0.0123365155432854 0.145206591436224
0.09114517935485 0.522935543303066 -0.135442051587328 0.149198541509002
-0.439285155719304 0.332239220369535 0.0256771556589312 -0.145437253424493
-0.373802509834103 -0.219637972961881 0.239269542141292 0.0693123150390131
0.0824518261978322 -0.239887079892763 -0.0929451564713555 0.175412511341043
0.170924204275757 0.124750758527072 -0.19644991816405 -0.118773980267138
0.066322052010623 0.239855144230921 -0.128710102485529 -0.241822747215676
0.0404377806094922 0.115246222433987 -0.105742041282862 -0.164236805132634
-0.0601470390036633 0.04842150550274 -0.10984885194577 -0.0872706498891922
-0.0443718002302515 0.1831094168288 -0.180820060531973 0.141980978519183
0.103279441615186 0.135670249941126 0.0878309266874295 0.228720620202929
0.0451918472218425 -0.0632503991316602 0.205180499175646 -0.112925537026551
-0.109847694657711 -0.050759669927289 -0.0457043358653604 -0.152358548963089
-0.147100503176146 0.132111169947315 -0.205157335538004 0.0561843426639134
-0.0832546676214597 0.0547747205581316 -0.229626081101998 0.101894209408152
0.0514511140823334 0.0553008936984316 -0.150310898306405 0.123119186808653
-0.0161795926855774 0.226894490388126 -0.0833165585165157 0.0969993080560426
-0.30010362056866 0.0946523494494091 -0.0432220903707118 -0.0215567229753874
-0.145264473735095 -0.250812996214499 -0.0230122167290473 0.00691055524881096
0.211393620543848 -0.152502888768786 -0.104649569089768 0.00571697250877997
0.245754060093665 0.151142855479926 -0.123484475438582 -0.0592972678256668
0.192028218193491 0.286201643000144 -0.13337192389527 -0.0799952455243265
0.26637954214753 0.218685983274621 -0.184157321165453 0.00411710286431994
0.258176113416293 0.00924753213695093 -0.156036050891925 0.169814189580479
0.117259708440888 -0.115427929121713 0.0188181372347448 0.234615990777207
-0.00790967128216082 -0.137623466640338 0.169041703055045 0.0186052818939455
-0.127094155756347 -0.131588203932354 0.119928735146479 -0.160538771583402
-0.193076197286337 -0.0157738595823389 -0.00507985950144136 -0.0776099366721659
-0.219017996943394 0.101273940888249 -0.129029196913492 0.0435614508001962
-0.260521984844378 0.00552375297663947 -0.162206456858893 0.142165304023437
-0.232526757436522 -0.139985036423766 -0.140888601943689 0.148497261579766
-0.10427304842855 -0.265696343808285 -0.110623465444731 0.0284872734033238
0.0973990316377297 -0.244129716116127 -0.0993590383826571 -0.0952666207989129
0.251021440982387 -0.107961149678614 -0.0551403270168592 -0.102284507216685
0.303106570589499 0.0546076771456114 -0.0192322443364062 -0.046752225443857
0.27845346720833 0.151852382524009 -0.0192533020864103 0.0116849273733517
0.285646187782836 0.15018518501343 -0.0327022763953076 0.0835032370393062
0.316622539888252 0.0296610534389415 -0.0176666225453933 0.160328011368025
0.252017622613987 -0.163579956932216 0.0456777623798973 0.184092427573694
0.0279947324842134 -0.31946183540187 0.141311576048737 0.0813397752418396
-0.186930634820323 -0.254010021133908 0.193938626015332 -0.0741997375989616
-0.258415792873164 -0.0888153973212638 0.167190563956284 -0.107170945573128
-0.224625630010041 0.0553355115891965 0.0924312029599155 -0.0407328175670546
-0.222195225409148 0.0158141026760202 -0.0202915726626898 0.0505634454736333
-0.208638984498083 -0.0895898813331621 -0.0720570267290836 0.171492741579816
-0.124611164970769 -0.163045551689565 -0.125302618766615 0.108434505395928
0.0121035705773659 -0.22997572150949 -0.103095887218077 -0.12962844845786
0.249486934586595 -0.141684480616297 0.0316189963878571 -0.195884971283077
0.334073110193829 0.110692637084216 0.119234835842899 -0.0781103014370673
0.258993871184236 0.227500702371465 0.0978208049948086 0.043878421693865
0.249351166073272 0.148658996423417 0.0936272138222823 0.0732392285048319
0.242195517785242 -0.0929789238384208 0.106473744620869 0.0675901780999387
-0.0280662324903634 -0.26447478451376 0.0648932754407282 0.0340615962173154
-0.273003344807477 -0.0489636922955813 0.0673192770456808 0.0278967217777293
-0.117394782171909 0.126778056817891 0.134170381020913 -0.0612095999835932
-0.0350121083069055 0.00665118854298579 0.191341175126262 -0.0757628645949925
-0.143068678197437 0.01883111668476 0.233756751943534 -0.0568136401578165
-0.176604553042611 0.10253126646745 0.17863256759434 -0.0625946025195368
-0.150346252379927 -0.0378876571186061 0.0372854122696419 0.0954695086959149
-0.0229576495530022 -0.0858940862970675 -0.135323946662238 0.148419928190211
0.0697607681623609 0.0407929575036283 -0.140790758320319 -0.103338775108779
-0.0136213448911627 0.113092187700871 0.078315556526188 -0.195607714935356
0.00589629366458407 0.0520327386325993 0.12351322421763 -0.0149158387727803
0.117049384161059 0.137471588238718 0.134495879508826 0.0836379961522116
0.132998674061482 0.249855514838518 0.13229898586733 0.18947863818924
0.186146444072327 0.128779418497517 0.182708276306667 0.123008164043831
0.107156407159543 -0.244307285300736 0.158129749106039 -0.132695542730574
-0.349545728594147 -0.290802590434744 -0.165245042550147 -0.161946021117237
-0.529654108020136 0.216288210642551 -0.0739421931504526 0.0847648649178607
-0.0484058952817275 0.524062531267585 0.189835141276099 -0.0995843039634962
0.24679590829439 0.214258434196386 0.079439163304178 -0.142935895520236
0.0655749685701382 0.035986230705269 0.13917961194991 -0.0249948701006602
-0.0901838287911999 0.0869301376636229 0.195087399180346 -0.0883363528483135
-0.0647262236235232 -0.0309984090307157 0.0272062037336286 0.155072277188665
0.0529476977979518 -0.0266116523261791 -0.262316598980431 0.0451017498166759
0.0597541942333522 0.124232730770106 -0.0549599297066955 -0.313337004396217
-0.0978859556419444 0.147211419029883 0.224377275058629 -0.0524613612772951
-0.117336685280002 0.0238187392273858 -0.0199416928070395 0.199109045357319
-0.0105464457929894 0.0407268461695072 -0.0314879703566031 0.156144617909345
0.0433312063664112 0.151425085977991 0.0902393055057284 0.283070172405509
0.110556312768656 0.074199308009365 0.234441359907613 0.161688873160449
0.00658669909203131 -0.197871756507721 0.103743222171954 -0.345876917224457
-0.309860519411806 -0.11457737901407 -0.453158882360732 -0.189091251558029
-0.313200777053563 0.236937044329505 -0.117618394990876 0.250978725834837
0.0353362033198367 0.378557771048006 0.255660438844113 -0.132711918422821
0.24707706280311 0.155717328563482 -0.0926561367157603 -0.219353315441681
0.117861585701597 -0.00545655627473065 -0.0414966684866527 0.0316697791118843
-0.027308111920289 0.0364858211372929 0.161490359992309 -0.0808596248982029
-0.00443081430970518 -0.00134308954884309 -0.128932886707818 0.0891519691074511
0.00565924303811687 0.00495982933965127 0.116772906502911 -0.0734363438411596
-0.0181675219173937 0.0212842804891469 0.206302520245724 0.191791529202842
-0.028012655897062 -0.0151118013423147 -0.201189349729587 0.199428407334735
0.00941621055677915 -0.0591983029080332 0.0119856605584525 -0.298106244283427
0.0419756179725775 -0.00298890280698786 0.544160057635652 0.0207284210896587
0.00724486163525419 0.0120014017126303 0.0367075060948198 0.402466911240772
-0.0180727362788252 -0.00822355088283483 -0.26197520642465 -0.123530378038405
-0.00642049787578761 -0.0137370155095802 -0.109662564939824 -0.293145511137262
-0.00585023295831327 -0.0117993377062173 0.0925445850710939 -0.151653501208488
0.00389657789831031 -0.00700912155634368 0.10830657436351 -0.28197143686097
0.011367491043258 0.0122703808757623 -0.265775435942044 -0.0555281010251384
0.0140213650118059 -0.00430618652904805 0.0192084543507294 0.395517933658785
-0.00495723650897415 -0.00088058896812764 0.346409295483328 -0.0302922831346579
0.00464481439900775 0.0123171034345591 -0.0577033920783962 -0.209348508537488
-0.00841043067629887 0.039816298288721 -0.147301025778387 0.0891471450424029
0.11781422720661 -0.028031555488908 0.0459855273375063 -0.0408909038441287
0.253839454644023 0.107579803708581 0.166532077435267 0.167389680138361
0.0914095173341941 0.337705662037774 -0.168534706265913 0.206355205440239
-0.23942330083788 0.23233432245436 -0.00311136954362956 -0.272080046059495
-0.261386514110135 -0.0760840558033114 0.472139459695421 0.00532434428646845
-0.0075709377262438 -0.162262346467193 0.010572843694126 0.341911388723076
0.0867532052115013 0.0514972049951136 -0.252142769942722 -0.117533010211956
0.0226708296602653 0.105449813099041 -0.119133237750872 -0.287784487183371
-0.0376159859972746 -0.000298003364788878 0.0388216248681363 -0.169005207931422
-0.120237870537138 0.00675070368922398 0.0576511895929965 -0.247491518399905
-0.0727457992321428 0.164937043855174 -0.25194698947093 -0.0120459035897506
0.0856246572829993 0.143191555064761 0.0279690740365983 0.363990581322262
0.0704907114180177 -0.0158509588628289 0.304320243088258 -0.0510106239863278
-0.0440485330299009 -0.0284142055275507 -0.0659103223471446 -0.196788351603843
-0.0459713295440948 0.100864429172628 -0.189450633697786 0.0952853940124386
0.103830366129175 -0.000760885536451377 -0.11538616984354 0.0543894794650503
0.330036249779509 0.117456553291818 0.00728137976388951 0.142563088531326
0.167884820482931 0.496519213397885 -0.108614583904256 0.164473734575565
-0.377930171578071 0.387759167467168 0.00304121598893976 -0.146135888131737
-0.396599970923396 -0.155388680099201 0.247143960459875 0.0334426745767393
0.0437852340200541 -0.244479154735545 -0.0669005401393802 0.185178808539179
0.184849682336522 0.0972760552902553 -0.209897703260898 -0.0878225937199508
0.0993771363583654 0.22382206614317 -0.160333541543874 -0.217571890609594
0.0555514808554592 0.105146691102277 -0.124453416705845 -0.145652173366546
-0.0539670808533298 0.0553308132034596 -0.11831118772883 -0.071921946292252
-0.0167660167837051 0.184961327692508 -0.155222753373272 0.163989740870989
0.122899430365657 0.118033983957809 0.119186172587985 0.210543246184822
0.0360318202436623 -0.0674999374894943 0.183764193653563 -0.140868441921592
-0.113439879902114 -0.0330551018903722 -0.0679914900982559 -0.140929830063817
-0.122669551712155 0.151924439332284 -0.192549164292512 0.0861893094188874
-0.073894259749799 0.0685351575852771 -0.20904744738944 0.135394390425207
0.0554876323619799 0.0472914046072489 -0.129412037570654 0.143837387260464
0.0179005163006288 0.223059224058414 -0.0649229468443827 0.106935032752075
-0.278292594998987 0.13642968513844 -0.045301112960795 -0.013191129733486
-0.180273426186569 -0.221283361834218 -0.0218798025038625 0.0124805920843439
0.182335715769906 -0.178480135252349 -0.103084964902919 0.0200346505654108
0.262864603293018 0.113410808299443 -0.131326452749019 -0.0401634035585415
0.228320087158225 0.250940497534467 -0.1428604125113 -0.0583552286146928
0.29097552897739 0.171366145104919 -0.178120987128047 0.0286823280794627
0.251052643989308 -0.028305340141378 -0.127849373215566 0.18713035149496
0.095342212067533 -0.128384322472567 0.0528384453851088 0.22662702818142
-0.0257066496183838 -0.130242720705036 0.166871880812062 -0.00709613683407821
-0.141240760055271 -0.109329905193755 0.0913838391593852 -0.174873916210185
-0.188537943259434 0.0134726694896584 -0.0178109345848454 -0.0755544472439619
-0.196623759372244 0.131617336929705 -0.118251250671921 0.0631352946327672
-0.253150527915286 0.0464937245906238 -0.13505964216419 0.164781705524843
-0.249220240108713 -0.0992477277576562 -0.113354911236773 0.16854804251999
-0.143651883198337 -0.242869941182397 -0.102435112824789 0.0452126491774481
0.0572836345088568 -0.251630215349029 -0.112497940673935 -0.0741485481373417
0.22834037864688 -0.142263708437206 -0.0707370402569492 -0.0921507608161155
0.303116332108523 0.00841292661199265 -0.0268252463251485 -0.0438066779475296
0.293028922591233 0.109333230525443 -0.0191529435748438 0.0140562889139433
0.299237957243868 0.10460907665949 -0.0196601746180101 0.0863082896590352
0.312298959646093 -0.0184488211670387 0.0050382616722302 0.158379113125687
0.221094834617551 -0.196027657613517 0.0710459294562303 0.173639386808058
-0.0212527786960499 -0.313233639580852 0.149784039233066 0.0591023897212232
-0.22104275265716 -0.217899201893524 0.176799133834483 -0.102215152213422
-0.263288558147642 -0.0464998724320956 0.14580252005505 -0.130523064682284
-0.20907550656246 0.0869032908361403 0.0830524739214603 -0.0545304591539352
-0.212216839998344 0.0510296396157088 -0.00955976928818102 0.0545156851479792
-0.216849029966726 -0.0535777906081232 -0.043766670169729 0.180431188454124
-0.144680367913168 -0.136984555920323 -0.105831300561236 0.124580265069364
-0.0240375065759102 -0.223373217327983 -0.120026195385803 -0.111825437361455
0.219988663792866 -0.174787183049742 0.000863161582951004 -0.195517597140962
0.341787838287135 0.0562989306985565 0.103213735073098 -0.0955721581779582
0.284802996236295 0.183910423934075 0.101584047069971 0.0298989023225192
0.265048671802405 0.1097544523118 0.100988390533265 0.0568082581862531
0.221780242435715 -0.12473867036176 0.113786891065732 0.0509909478158109
-0.0657540759911476 -0.251696179512805 0.0693538906453677 0.0258760278922817
-0.270612465695077 -0.00695987800396393 0.0721507225656251 0.0165204187994468
-0.0939517685764177 0.140108091818938 0.121436778290046 -0.079478336776091
-0.0341769476110881 0.011040558470649 0.174487243661822 -0.102933281172288
-0.136480243089672 0.0409406769963398 0.218218050218189 -0.0910845318034911
-0.155332464803803 0.127067159719479 0.163614259672568 -0.0896340766834583
-0.150239421229833 -0.013608178845602 0.0525002548809408 0.0903755482925682
-0.0342199919702581 -0.0793003839989703 -0.1108382563095 0.166223945535792
0.0743361005971316 0.029814087431713 -0.153503327049494 -0.0831600892017958
0.0039424170228164 0.114361445821113 0.0475006210672777 -0.205866466703208
0.0108928810387867 0.0503169082409974 0.120619283401057 -0.0327960124903496
0.133939653043653 0.115829291294514 0.142246867658913 0.0613305518729962
0.165382232993563 0.223645482773909 0.156140716118715 0.16597835682636
0.200784727035544 0.0985950744736388 0.196221015569915 0.0940230921993778
0.0685454996949556 -0.253090821957153 0.136648171103482 -0.15133230083325
-0.38251272317232 -0.230768028421262 -0.18211011372975 -0.132512287702636
-0.482155273072616 0.291978662998697 -0.0581776579342406 0.0919090705252434
0.0325290503553102 0.51498530271147 0.168049587608927 -0.12657532113193
0.271186046701841 0.168440575671352 0.0558299483479398 -0.150092980319484
0.0675432169209038 0.0257428493832053 0.133709441079031 -0.0458701189775977
-0.0743663059751455 0.0987252920069139 0.176769969871971 -0.116048592288166
-0.0652255616039485 -0.0194010400903251 0.0506804802564439 0.150327895792643
0.0470703404085317 -0.0326747817278924 -0.252806208684172 0.0832749709848719
0.0750918941338001 0.110224872694284 -0.100547717383318 -0.302095270193504
-0.0729973646478559 0.158831352179289 0.212420577568803 -0.0852348283527076
-0.110968407917622 0.0409136546297181 0.0102669569714971 0.199722497858626
-0.0056578809942294 0.0412198342093453 -0.0093444073241083 0.157250550509456
0.0638000027131222 0.141266626426169 0.128443714150024 0.2659075764918
0.118380042280645 0.0563603471235419 0.25229104313482 0.124981648784869
-0.0223379811372005 -0.194264956739321 0.0517801721592767 -0.350721935377276
-0.316836052901949 -0.0668447101733114 -0.46743907891327 -0.120380885942781
-0.272249528024626 0.279283907032525 -0.0755269822016949 0.260131342671392
0.0935171102956494 0.361286352809888 0.226070711501604 -0.166895434634708
0.263352216600292 0.111043262679988 -0.122615198472373 -0.197924792803611
0.112116193634961 -0.023143591887964 -0.0345745993100717 0.0367038377102454
-0.0206155784279769 0.0412796620264349 0.145837236018418 -0.103638161698153
-0.00466260580492803 -0.00097252844750678 -0.125081479191486 0.0924601423475046
0.00565891999774291 0.00429947479680647 0.112097896843293 -0.0757526236490675
-0.0168605765829004 0.0218802440093949 0.208829384561812 0.185680804985867
-0.0280281943600042 -0.013693851788617 -0.194419750594429 0.20295348580486
0.0082932470919825 -0.0584507035206565 0.00443048658329526 -0.293242054477842
0.0417873306267663 -0.00426783857348808 0.535968842525828 0.00756077485571958
0.00687648985365865 0.0119664829635284 0.0450255060467193 0.396609617843312
-0.0184321754612513 -0.00751785764449756 -0.263286225730244 -0.119051327382366
-0.00583780390805628 -0.0131660027747174 -0.112391382553336 -0.288918123394874
-0.00687145898883644 -0.011232468745592 0.0900218401201672 -0.150347694153665
0.00267342384420572 -0.00751640956019819 0.10295844704675 -0.283197973903644
0.0122591610418595 0.0110791669040461 -0.26288433316249 -0.0491990793642798
0.0134727498278299 -0.00547560361749315 0.0286177533551301 0.392842188710061
-0.00391180520216758 -0.000980812662327758 0.341958383512584 -0.0389729555437613
0.00503394823857576 0.0118851518263242 -0.0622613617330457 -0.205128440860314
-0.00750237793151182 0.0395362978224338 -0.143633394280407 0.0937385256741003
0.116187177172493 -0.0310068748860936 0.043729055391472 -0.0413231194869439
0.254353798980941 0.0995680188158669 0.168095146316683 0.160941189918822
0.0987625197325613 0.331800335913484 -0.160513168763973 0.208156773103878
-0.232111980317708 0.23484601446145 -0.0111301026933497 -0.267957467416724
-0.259265232946637 -0.0695222264039125 0.466593358803607 -0.00812947940793023
-0.0112216719937072 -0.160302057731589 0.0185143300680305 0.337382519222117
0.0874604888487744 0.049397560135106 -0.251023774843422 -0.112020832668995
0.0244233863682204 0.104047526224623 -0.122608612990998 -0.283104316663227
-0.0385505541755462 -0.000688342143697085 0.0359799781812101 -0.167483591938533
-0.119827310059127 0.00904685785707252 0.0523601794993754 -0.248534040147245
-0.0676982629501144 0.165661490421639 -0.250935473209882 -0.00679799861450889
0.0886929019128716 0.140308391757731 0.0380603662712211 0.36033562657887
0.069382643018168 -0.0177305451537622 0.301832464161364 -0.057375332166756
-0.0441001127730384 -0.026380884160265 -0.0716563597101302 -0.191687568017224
-0.043497836158016 0.101691377081702 -0.185201569585849 0.0991862836233768
0.101071238406136 -0.00305887343352659 -0.112327270963698 0.0582645559488579
0.329441872165557 0.107123485883687 0.0108445848442713 0.141113812301141
0.180336681550172 0.485193499139938 -0.100457107960336 0.165741320190286
-0.363895743955649 0.392007515217217 -0.00107319851213335 -0.142521076145092
-0.396432948334951 -0.14412460999761 0.244509396932356 0.0267208695064924
0.0372613073434172 -0.241243903626756 -0.0608898630120534 0.184393777268306
0.184902374171542 0.0935896741866149 -0.208485724624088 -0.0821918964077469
0.100991695083211 0.219391226754813 -0.161172023098192 -0.211389371322338
0.0553782621987526 0.101879228154289 -0.126589804750023 -0.142361253392568
-0.0537629370990242 0.0560361916162648 -0.117736861636331 -0.0707004357869795
-0.0117874395017682 0.185061144744393 -0.150619160835892 0.165545745445791
0.127210398368518 0.114265703968141 0.122780183580705 0.205838778860113
0.0352622865348444 -0.0679929237900635 0.177858602970571 -0.14350692458009
-0.11484670878875 -0.0309287460278808 -0.0711107378695601 -0.138424506977489
-0.116741032756311 0.15458823772911 -0.187869426727319 0.0901245971400161
-0.0722448547989467 0.0694585391031665 -0.203750307421464 0.141371803975219
0.0545188397612568 0.0449498910780018 -0.122794005549929 0.146234438799603
0.0224379509122461 0.218938617364579 -0.0589018020648375 0.1081386045777
-0.271254693390424 0.142898059361848 -0.0463032551706129 -0.00968527858129525
-0.182228606160633 -0.214137868312336 -0.0205791556354743 0.0121784816892673
0.177198686826615 -0.178265958941543 -0.101577358454591 0.0220729535441174
0.261951646804194 0.107272573731803 -0.129891995123555 -0.0363469676198648
0.230625160642526 0.243771050290185 -0.142175544548143 -0.0545998120180214
0.290855187499602 0.163033077279214 -0.174927887528501 0.030540836392075
0.24609621787803 -0.0341756342690324 -0.120612120682863 0.186336068969347
0.0914613986163835 -0.126727930454306 0.0580676049666704 0.222302965870692
-0.0275020648908944 -0.127110235642165 0.163904064626658 -0.0110375530758931
-0.141691484317906 -0.103915219847659 0.0855101544309664 -0.174614863346587
-0.186358790541539 0.0176937952060694 -0.0187980184150593 -0.0751593091187343
-0.190835243033278 0.135977086638775 -0.113168465097572 0.0652276090583026
-0.250919681024923 0.0540065649120337 -0.128105439123949 0.166045877288034
-0.250745395242167 -0.0903508178626745 -0.106412891264698 0.169589393044415
-0.149447372122973 -0.236509265678372 -0.0980904706370873 0.0464235214344341
0.0510567542713759 -0.250278213621528 -0.112005610963858 -0.0686229890884278
0.223103330730404 -0.144917119355262 -0.07189507028143 -0.0904251512394318
0.298623355810602 0.00135268415631412 -0.0274113691799317 -0.043664612676371
0.292680758781499 0.10227012518233 -0.0190252141632409 0.0145427929493896
0.299644331678864 0.0976492664513776 -0.0179721866867082 0.0852223928362029
0.310072963122823 -0.0244972983448161 0.00940221435822966 0.157332353304276
0.215117163371666 -0.200476349820658 0.076253349027026 0.169366144089739
-0.0283413134478475 -0.309699674946688 0.149330393520914 0.0550857107205348
-0.224524643117775 -0.209422102203514 0.171920918199003 -0.104010711365431
-0.263065180135262 -0.038545169450138 0.140424425515922 -0.132239579697648
-0.205112154636604 0.0916114577037694 0.0804277636664711 -0.0574129675517826
-0.208563524879527 0.0552708244556826 -0.00780156222415782 0.0525532186116292
-0.216137639837119 -0.0466282811402587 -0.0374234465184217 0.178254384883253
-0.146373696918031 -0.131435809937923 -0.0995042804531461 0.125048318496398
-0.029241055641573 -0.218159458817842 -0.121317051251884 -0.11003144687715
0.212801683951885 -0.176906561366077 -0.00149324890336359 -0.191014325030967
0.33982258827266 0.0490142831798398 0.0989234481989185 -0.0958386333299446
0.285743323130742 0.174621022343816 0.100047055670454 0.0268770198111532
0.263627252317043 0.104541414716017 0.0992339937011079 0.0547525543381116
0.217715086525319 -0.127693043299705 0.115164631101507 0.0465956193337392
-0.0696169589365181 -0.247299157061566 0.0697779084279703 0.0239210738795055
-0.266391347612813 0.00103816659129629 0.0727430438742834 0.0140173541586275
-0.0889030804551611 0.139583511895235 0.117993796431315 -0.0815870571435345
-0.0358861917497953 0.0122933590665181 0.171823890650429 -0.106805922657203
-0.134737131632426 0.043733130311617 0.214422950965491 -0.0957989283784633
-0.150953849523478 0.129813567842376 0.158355522916549 -0.0921378130641988
-0.147192819170439 -0.00966765745895141 0.0542607420486857 0.0870543283528547
-0.0351432836723536 -0.0768138255437499 -0.106347191942307 0.166281042121066
0.0768792474534742 0.0284324127163667 -0.153356190013263 -0.0800541725633994
0.00748861098836542 0.115468132250303 0.0417899862437511 -0.205322652626134
0.0103700341015291 0.0509348576616244 0.118553922080055 -0.0330252716093704
0.133315296751852 0.111206623278972 0.140530929579245 0.0582035783510442
0.167791821037617 0.21673384752359 0.156927403060169 0.161703454792367
0.1995549105386 0.0942167620949508 0.19427240533508 0.0881685384838687
0.0617353029186659 -0.251485265777174 0.132477220669087 -0.153446368186894
-0.384488866277562 -0.219303789031769 -0.181839134163565 -0.126826507290023
-0.470018854200239 0.299150980731504 -0.0543937867303189 0.0915120272252342
0.0477073075303877 0.507858317189734 0.161703436800745 -0.130839985449206
0.272525747664539 0.159597565644087 0.0514689064823158 -0.150964524704982
0.0672130174094219 0.0236438444241565 0.130299318148974 -0.0500315782916822
-0.0712193193361692 0.100359304291683 0.172131727852149 -0.120657372492842
-0.0644069892338231 -0.0188393722522293 0.0546207890387442 0.146509238000713
0.0473642782296445 -0.0333153245709145 -0.249276321731214 0.0885215845902138
0.0785968318114139 0.107508182432072 -0.108307883744215 -0.296532558047154
-0.0675215662310268 0.159420864665032 0.206528364657193 -0.0883266256063577
-0.110562966977611 0.0432422546823421 0.0127658081329322 0.198417041766818
-0.00522633898548272 0.0395165991101746 -0.00820333782499416 0.156033082118564
0.0645434595124155 0.138876876902194 0.131232712130096 0.260574075703098
0.11814324578293 0.0535688855435348 0.253109591040868 0.121193145307763
-0.0269873435923544 -0.190822735139356 0.043502036286712 -0.347880416342948
-0.315812246829828 -0.0592475871700288 -0.463833933314168 -0.108192133199051
-0.26096326024653 0.282679576408283 -0.0687515786454967 0.258362120110337
0.101354100480811 0.355754358647109 0.220018554262566 -0.172520237291977
0.263763132452562 0.102793940802294 -0.127008801366584 -0.194737063967352
0.110507091145232 -0.0258827847396822 -0.032345992754471 0.0364345517480597
-0.020408487420915 0.0420323444897009 0.142562710461403 -0.108416791280726
-0.0047304315954322 -0.000983587683638947 -0.122180999782782 0.0958532713688853
0.00579417804194796 0.00319139196858828 0.108067180786863 -0.0772045678120609
-0.0154594231974741 0.0214597867224363 0.212003539350477 0.178441695682791
-0.0271165557807634 -0.0132025945368732 -0.186535648411019 0.205202671174864
0.00649815423375351 -0.057284048087117 -0.00108512666287833 -0.289609439864151
0.041968799731846 -0.0060319727867939 0.52951652238765 -0.00268875830600598
0.00752243369668076 0.0104999497300192 0.0532429083218782 0.391472504004113
-0.0179059659211022 -0.00760009002375601 -0.264531656932527 -0.112407348219451
-0.00480116819041844 -0.0135514333232977 -0.117452817581399 -0.285389315684581
-0.00723368886784528 -0.0126157854973381 0.0887544520478809 -0.150407445465298
0.00164143588953246 -0.00869935915424574 0.0972973176840332 -0.282191125936262
0.0128967121336358 0.0108815314406659 -0.26232079733445 -0.0444560191354226
0.0128667287116521 -0.00607263451793573 0.0376684455002694 0.38917751283809
-0.00426912222486704 -0.000952472920640365 0.339548362752394 -0.0475732962523358
0.00508021251722765 0.010971597745102 -0.0666211316475801 -0.201122981172038
-0.00630329628768017 0.0403670668682686 -0.140122592673427 0.0969559372960371
0.113625131403687 -0.0340272093283748 0.0417127398182167 -0.0417658799839582
0.25527522271901 0.0917292433995367 0.170204394361888 0.15498477573351
0.106902370736766 0.32646413356753 -0.153042230199223 0.210486627750629
-0.222734463817155 0.238364883444279 -0.0173729155071582 -0.261165210763011
-0.257492553920869 -0.0633201378017811 0.460554125005736 -0.0177805301400076
-0.0145006952786649 -0.158145024542662 0.0265006423936605 0.33227064765014
0.0882185664597467 0.047335296546772 -0.252282948739936 -0.108178186960901
0.0260832957305548 0.102465488996832 -0.126821770238732 -0.279242442118939
-0.0397847328837554 -0.000588006563036286 0.0343167811917605 -0.166191128599327
-0.121217047493417 0.0114216161318276 0.046330396917919 -0.249440328591713
-0.063402256746275 0.166225975379404 -0.249602080855979 -0.00115130137372221
0.0920326218633589 0.136644636269463 0.0456615078941935 0.35704638562492
0.0686433910723827 -0.0198685983750861 0.299600350287885 -0.0643989270941139
-0.0443730201912496 -0.0255376798913254 -0.0752949376535327 -0.186652036906418
-0.0412563351395635 0.102625096270435 -0.181922015969441 0.104615529898903
0.0995473314710275 -0.00544290208964862 -0.110187252773768 0.061618225528376
0.328003025132593 0.0988717225300131 0.0141162433024379 0.140032158580136
0.189040452088902 0.475754718072916 -0.0932746097478799 0.167869063346183
-0.350927154890384 0.395700229525553 -0.00434710587690736 -0.138603807017613
-0.394479014235028 -0.133609549896647 0.242225262723143 0.0202265707753875
0.0324214492424907 -0.238142413883315 -0.0562593745079424 0.183673238866033
0.185863289534499 0.0898648978646097 -0.207583215273321 -0.0787190196007484
0.103778738434345 0.215668795665333 -0.162748480201726 -0.206310477229395
0.055610022322371 0.0992824948656335 -0.125290133049052 -0.139077531568528
-0.0541647880704224 0.0569268132245996 -0.116813031672754 -0.0717334714398676
-0.00640985349985086 0.185200809272915 -0.145552492047464 0.16603182493473
0.130190080298538 0.111026794184601 0.127077511514209 0.203525208282973
0.0345617946549111 -0.0682118105057412 0.173510514618427 -0.146426130766374
-0.113941407800658 -0.0274393612339914 -0.0748251581312031 -0.134686361923844
-0.11243270206865 0.156658079308355 -0.183541372929554 0.0950225103392694
-0.0710298670602277 0.0719855618336635 -0.197114084494511 0.14623821477963
0.0531869636184716 0.0442774355820576 -0.117047398963165 0.147999231998175
0.0257703369136946 0.21665880175315 -0.0537371502213439 0.106858151328131
-0.264142220965685 0.147628040596356 -0.0455905189040415 -0.00648256668675037
-0.184817655680219 -0.207274949746616 -0.0205253208887967 0.0115708863762414
0.171943222161578 -0.179465006012435 -0.0997590788781248 0.0230690082543552
0.261939385816529 0.101553519735058 -0.128815615082238 -0.0338510101853826
0.233382701988863 0.236589495292084 -0.141007979547002 -0.0500020742643691
0.290291297435232 0.155559054436488 -0.171618538052249 0.0338621177519203
0.24278642603976 -0.0377294954214131 -0.114376233037859 0.185300509682074
0.0866728628334801 -0.127189098539248 0.0632371810740177 0.219915668267933
-0.0285062275345716 -0.124152386755384 0.16292111763524 -0.0134313782477722
-0.142633722646158 -0.0990420966464541 0.081552882647488 -0.174668562383391
-0.184606082841286 0.0218013081764492 -0.0204472642546997 -0.0741541105414293
-0.184663103954498 0.140089057234274 -0.111540505251134 0.066931210523045
-0.248673527500855 0.0605106584146412 -0.122575158920799 0.167384406089291
-0.252061933119733 -0.0822762090238058 -0.0991178725416755 0.170164527749263
-0.154083947764636 -0.230311424504159 -0.0949476627620526 0.0460324344370972
0.0464638758919175 -0.248883411511736 -0.112127519297476 -0.064406663396517
0.219282925797072 -0.14809164921487 -0.0735201462549429 -0.0887522201079509
0.296666612538094 -0.00346817510146873 -0.0285789378425863 -0.0423292556833459
0.292294531627424 0.095947781780688 -0.0191177658653221 0.015790379450655
0.299720231865402 0.0917218040552503 -0.0159829790080488 0.0847305215759576
0.308282835934627 -0.0307347402219903 0.0132866096571642 0.1555228629257
0.21021615665428 -0.202791755804024 0.0804431103651252 0.165583464214487
-0.0350058481760901 -0.306711014342441 0.149314614062151 0.0509673269907581
-0.227717166829055 -0.201511497586477 0.167200631762611 -0.107068125308419
-0.262136894090224 -0.030883742517781 0.13659673355575 -0.13586369073118
-0.199923028885969 0.0961840040699248 0.0780366115550553 -0.0589168533898317
-0.205161583097627 0.0612910251204782 -0.00589865964597271 0.0510301978513936
-0.214951924951642 -0.0396139395783041 -0.0330852669366179 0.177372404676557
-0.147339904758075 -0.125884244391848 -0.0942278000244027 0.125520539883663
-0.0332597542851869 -0.212927888809968 -0.123331008943163 -0.108341689972023
0.206855515583846 -0.177980233760934 -0.00451566860275873 -0.18908763991592
0.337257606607926 0.0417108385954467 0.0941617697035865 -0.0974816181496919
0.2858731862142 0.16735355789218 0.0988354407780563 0.0243661393351685
0.264388446986163 0.0978104473970422 0.0987544793291317 0.0527149484933493
0.212648002651457 -0.129797546797077 0.114883032266461 0.0428371604224304
-0.0735535026615733 -0.243763264938882 0.0707341021988782 0.0228860047908554
-0.263386648687283 0.00664405909686199 0.0729451614076949 0.0119210567607662
-0.085182759895974 0.139196239710133 0.114657318657711 -0.0835774249904218
-0.0366141881838203 0.0141839980788752 0.167685153259103 -0.110212090625525
-0.133868124536283 0.0473344498571209 0.210611571501013 -0.101772591288525
-0.146456888888646 0.132760678855149 0.155104194218316 -0.0946992286446127
-0.145602075023447 -0.0061898540710133 0.0555044337285287 0.0849159214750034
-0.0354429760504065 -0.0750747069277394 -0.101275475694019 0.168754957469561
0.0785036337450787 0.0268049707952662 -0.153757115987289 -0.0773846158687684
0.0117994996307797 0.116475461304777 0.0359952646830168 -0.204786686706528
0.0096863433629433 0.0508093146577155 0.115816178769309 -0.0343063108932581
0.133672260196558 0.106266692521494 0.138287414983773 0.0554283118993386
0.169532298013878 0.211283629423008 0.158385630496928 0.157472932828213
0.201417837653458 0.0899538998746265 0.194011014604444 0.0852202677693712
0.0556132939145897 -0.249387545131341 0.128069412516456 -0.155644342719727
-0.386181403827336 -0.208994758879792 -0.183567089768893 -0.122167532349644
-0.457734336308825 0.308135915175474 -0.0507788516644099 0.0913293491374263
0.0565922188160392 0.500669792462447 0.156409513349053 -0.134022427788507
0.273206081851554 0.151053275807401 0.0477311768108648 -0.151173758015144
0.0664727916940269 0.0221618385929079 0.129388300109908 -0.0533133335981255
-0.0683001707700214 0.102256828599169 0.168418789960237 -0.124187570087513
-0.0645940724500841 -0.017807211749856 0.0569728460413393 0.144152325111865
0.0470575491433794 -0.0337336987785337 -0.246183419636607 0.0942361626302536
0.0817673383328526 0.105563982207364 -0.114977085080966 -0.292698869115353
-0.0621204264208923 0.160707201335221 0.20356942985487 -0.0924657024618204
-0.109584244556949 0.0455443260167809 0.0157994435507415 0.198246251765214
-0.00516056617947924 0.0386470056912394 -0.00723334816992471 0.154933590438201
0.0671573682398047 0.135904640802262 0.133810586062041 0.254875603937773
0.11918377716564 0.0515222057813344 0.252554342554586 0.115357441105342
-0.030382331460136 -0.187870160920253 0.0359730556901614 -0.345343013444001
-0.314463019516988 -0.0517891559862884 -0.460293100650402 -0.0978989774334062
-0.252896821210244 0.2870573048387 -0.0618292464352055 0.256061697234933
0.108346583022149 0.350338249647503 0.212378851437534 -0.176177314459319
0.264691156733151 0.095364636981785 -0.130709694956738 -0.188370599386937
0.107896680304106 -0.0282466450053975 -0.029857200791308 0.0361548980104115
-0.019711871596365 0.0424739975897258 0.138824155865368 -0.112328405231944
-0.00502077535481364 -0.00124617175728101 -0.119086125350268 0.0985106617089294
0.00492487532548939 0.00263206658514159 0.103611642399837 -0.0795969796807757
-0.0143479612593903 0.0212993018837453 0.215359183407685 0.171463792001583
-0.0265414972908544 -0.0123503585038056 -0.179535600424613 0.207982305384587
0.0048963205291738 -0.0574102407616867 -0.00673188147820287 -0.286445729329507
0.0421187253490438 -0.00738725532817101 0.522694807806553 -0.013752905925391
0.00713080054692684 0.00993883114110543 0.0605056341394727 0.385456857753658
-0.0178646317362491 -0.00760179578196995 -0.265111662809285 -0.107119842316473
-0.00437923952755314 -0.0138580848170024 -0.121734183149481 -0.282079381037737
-0.00779501911346966 -0.0118663241142288 0.0873537539688597 -0.150459571503194
0.000618814316543052 -0.00856486745164996 0.0910545967545165 -0.282815065653157
0.0130765772254965 0.00967152440773246 -0.262094483814691 -0.0386083426754788
0.0125471824090496 -0.00731739057428161 0.0471851965429127 0.385918714793905
-0.00489553574653807 -0.00129367812598259 0.337273461887178 -0.0545035321304006
0.0052957357893518 0.0101683520051622 -0.0711359735337551 -0.196275751454289
-0.00493157721303764 0.0404524464349554 -0.137337066056274 0.100785573962915
0.111337230293943 -0.0368783303380834 0.0394494143340513 -0.042033005764533
0.254201971878576 0.0838721812045558 0.172801291589608 0.149556609274529
0.113716435387274 0.320251546088517 -0.14517485036766 0.211874633915253
-0.216838116247817 0.24105073259681 -0.0223090066282065 -0.256655378344824
-0.257230064590182 -0.0580473013377795 0.454851317846453 -0.0273313340576197
-0.0181532730129114 -0.156326618891483 0.0334002979894995 0.327928172659956
0.0881645577375313 0.0447854001816337 -0.251512689459755 -0.102107044408033
0.0266194550720924 0.100886201689904 -0.130656562500057 -0.275558175926031
-0.0414035531152053 -0.00130916950698785 0.0317388039922122 -0.164993863830093
-0.121244797344442 0.0128968441890341 0.0420063247325153 -0.249877387412936
-0.0581832068305358 0.166230713605391 -0.248171862046647 0.00351146289700287
0.096270800223842 0.13327506569458 0.053927322196364 0.353975917530983
0.0688662506812435 -0.0216789046528576 0.296745005435193 -0.0709497175473154
-0.0447360457661824 -0.0243955120937038 -0.0793768606086137 -0.182246606817555
-0.0378397364097984 0.103473259422474 -0.177387941399301 0.107923821169465
0.097492313621064 -0.00754979101637937 -0.107762911474116 0.0643844553568325
0.327786059420672 0.0891754631238399 0.0175745670995716 0.138259358397309
0.198233746693712 0.467579275806644 -0.0868298785494397 0.168692888965865
-0.339025966412921 0.400069144111664 -0.00798651194661834 -0.134998338539293
-0.393979309280171 -0.12439326057571 0.240151932330449 0.0152276220210134
0.027594817461422 -0.236084410997987 -0.0520592482161768 0.182004933259235
0.187062727867558 0.0862120842633211 -0.207067949093041 -0.0726736097832971
0.10706370357926 0.211059064774839 -0.165612668618492 -0.199725319056034
0.0556527579639619 0.0958555466181797 -0.126199076965367 -0.136802616593727
-0.0540137433295624 0.0571104922561332 -0.116528608876041 -0.0706975312537486
-0.00276089572006175 0.185104759152821 -0.141685639537545 0.166527376219044
0.133626940507717 0.107074771044399 0.129867860853235 0.199441676456955
0.033601163158798 -0.0683238277462367 0.170203927580694 -0.148981722083198
-0.113658978699408 -0.0249313211651919 -0.0778552443849391 -0.130877467865521
-0.107518592914924 0.157791373278115 -0.179409697411422 0.098304089174549
-0.0698846166942894 0.0738699761577867 -0.192176167712332 0.149351502847072
0.0524779734986174 0.0433439789956606 -0.112257343528144 0.149660511794682
0.0286700165360745 0.212428619405281 -0.0478461736803026 0.10662244767166
-0.260058589657402 0.151918932249506 -0.0455248768518674 -0.00317955326810142
-0.187010142500425 -0.200749340834596 -0.0202036572248905 0.0113181587040914
0.16626119256421 -0.179460013954161 -0.0991196718927662 0.0246132394469828
0.261213088575507 0.0968647300832275 -0.127460190750508 -0.0305028124626316
0.234688593343753 0.230653867910863 -0.140568985471562 -0.0473855578011891
0.290996631761133 0.146700841777645 -0.168431941419131 0.0363477574334612
0.238103177640664 -0.0426583174958812 -0.108963339169008 0.184838768823512
0.0831585493996645 -0.126432202080454 0.0672972531525556 0.216705165751735
-0.030127646475685 -0.121127567462445 0.1598364587267 -0.0162836658893076
-0.143589245621017 -0.0953714376024169 0.0762437885409015 -0.176209684923878
-0.18222018493929 0.0269021303365493 -0.0232722141266959 -0.0734764174182135
-0.179098405567837 0.143346480535331 -0.107179160285956 0.0682190064475627
-0.245259961007346 0.0674275666179023 -0.117827991076872 0.168225751837117
-0.253140417339556 -0.0754014336011376 -0.0934001896260989 0.168743921250372
-0.159199088132441 -0.223932733500652 -0.092053401430774 0.04534934401871
0.0404942450954215 -0.246329127060191 -0.110573314169186 -0.0606458557760913
0.215125467309891 -0.149996167676321 -0.0753988580546766 -0.0866321532872883
0.294349636891495 -0.00824104859239805 -0.0292652140857427 -0.0419552533303838
0.290064706880516 0.0911801481626968 -0.0202152993116253 0.0164301410270268
0.297192254286465 0.0848616338706101 -0.013735726126193 0.0843159792665833
0.305932303693913 -0.0372698622335243 0.0182127951843857 0.152842516607845
0.204444909628299 -0.2051948917998 0.0838336904465457 0.161895495365051
-0.0417258836924747 -0.303027365430729 0.149284834637878 0.0475682896570061
-0.231804204054847 -0.192207433083486 0.162679522531338 -0.110216274919049
-0.261701693897783 -0.0237708328958176 0.131797188537512 -0.138257223015284
-0.196824647801446 0.0997983647775046 0.0760369743255168 -0.060648708738621
-0.200815282066556 0.0657984629674733 -0.00513393146249784 0.0512281314611623
-0.213296529428535 -0.0343803894333828 -0.0281014592061672 0.175294168288834
-0.148455795050932 -0.120207581914053 -0.0894611780798306 0.124536215344699
-0.0368651284708167 -0.20979639521169 -0.125601333072343 -0.106031619283515
0.200147594960142 -0.179507724993438 -0.00770828793015119 -0.187639923807732
0.33604643219445 0.0345306510776928 0.0903266966826344 -0.0974404878021502
0.286452720046915 0.161374085687223 0.0978829126792362 0.0216504704149309
0.264313172639771 0.0934815278675045 0.0980263172481121 0.0511868203489326
0.207732958337035 -0.132616250416322 0.115463108152339 0.0398503999679011
-0.076399985771196 -0.239355551671419 0.0711062135599001 0.0211970146464234
-0.259655477095579 0.0104737328069909 0.0741697038466478 0.00924343231920579
-0.0808950155874369 0.139137876079191 0.110343271592855 -0.085595760569399
-0.0375412803655554 0.0144943315454664 0.161617979812498 -0.114075485487243
-0.132324384699549 0.0506543845931712 0.206948975144019 -0.107153813240345
-0.14130038340442 0.134517483512164 0.151491784484668 -0.097731482717553
-0.143848113074915 -0.00297592278470006 0.0562923070785355 0.0837047197194012
-0.0351386688410367 -0.0728387173101633 -0.0979561680194387 0.16905388631967
0.0794968926037873 0.0253755246424729 -0.155559011793403 -0.0744766735765695
0.015269177695813 0.117461249808409 0.0297104906894724 -0.203824595710966
0.00980170693732701 0.0512179261095731 0.114779327932895 -0.035392473008119
0.134130320878702 0.102633262566803 0.135927550598611 0.0535218816991851
0.171287484357018 0.206438277302293 0.158289965532697 0.152510251662458
0.202056684641347 0.0857888575625602 0.192746933856952 0.0810226940598165
0.0495441013764491 -0.247331679896457 0.124761936519772 -0.157086535356116
-0.38714915130226 -0.199338605988441 -0.183918522113093 -0.116664480468084
-0.44743773869489 0.313649380727761 -0.0482563019268086 0.0907268984911732
0.0681798979067395 0.495142829989559 0.150163086688013 -0.137497079982857
0.27489218987394 0.143713684949592 0.0437259673844213 -0.15189057335572
0.0664261947999463 0.0214524310186868 0.128166871768716 -0.0573839335120906
-0.0646932342528001 0.103553082946618 0.163511489529982 -0.12715040779827
-0.0635374782862349 -0.0165292403325511 0.0599498252193207 0.141850534068186
0.0471814390532971 -0.035263955962771 -0.243713786564374 0.0999614699579711
0.083692886552816 0.102364327977529 -0.119645598261734 -0.288870874776575
-0.0571616932647264 0.161108132498781 0.199282734184769 -0.0954778840938549
-0.108504203588917 0.0473615602682844 0.017905384611493 0.198987668723472
-0.00532089089470184 0.0372243905626884 -0.00580967500674216 0.154967362552371
0.0687661171160055 0.133561547888969 0.137117264374067 0.251237092590966
0.120265202863697 0.0487671132654297 0.252119386326365 0.111047521594528
-0.0351501320208158 -0.184960210261975 0.027897493994877 -0.341559409139857
-0.313752609376218 -0.0436668676095571 -0.458162403819082 -0.0877506989050093
-0.243873690241114 0.288250788831679 -0.0563916064039303 0.253956388941807
0.116279697083855 0.343978598191927 0.204798931745055 -0.180798732157298
0.264690637091609 0.0876156354560596 -0.134754227363646 -0.183969469991755
0.106880202295063 -0.0310006627398689 -0.0270150829174601 0.0369507452482943
-0.0184981405166786 0.0429079082163198 0.134787048614996 -0.116125539397704
-0.00497734438713885 0.000541387878480936 -0.106987004510786 0.112733416466971
0.00534331197021451 0.00184629836226418 0.0907527067958391 -0.0901780337042974
-0.0105644688424921 0.0230919897912102 0.230960854430415 0.143608788202334
-0.0277625093629096 -0.00950097220338084 -0.154381273130782 0.22678456198053
-0.000405404569681733 -0.0567738451995505 -0.0383270117551727 -0.281201013164478
0.0410149780454669 -0.00960858629848118 0.513217543666158 -0.0715530108366501
0.00704784131955087 0.00832090274495769 0.102575857276592 0.371613704368846
-0.0178015766584401 -0.00486181686097773 -0.272504801109132 -0.0762923073810894
-0.00480684643035842 -0.0135925075668226 -0.150452116295162 -0.264407762428175
-0.0099676167882466 -0.0116960536467622 0.0725181962906785 -0.155324155325435
-0.000635388495181911 -0.0101922396628338 0.0599428520853615 -0.290071241045259
0.0135786284065249 0.00831726872349898 -0.261666393633098 -0.0112111063766079
0.0133152110295141 -0.00768951111808328 0.088063841361207 0.371462713234943
-0.00411854682360831 -0.00248078815335744 0.323670294950482 -0.0913428883924576
0.0070779133771955 0.00905773048906041 -0.0906473603825113 -0.183154215372591
-0.000744823359800298 0.0411851566894346 -0.12450483103021 0.117024741837552
0.103452940639058 -0.0497612412789544 0.0327899255793994 -0.0456989194896631
0.260436278144181 0.0506394098114447 0.187255991670414 0.128507153069952
0.150242049268156 0.299544458649808 -0.118377512836587 0.227121419471931
-0.182292046888226 0.258947024232555 -0.0513172101316113 -0.249844467199765
-0.25667549155627 -0.0238261629976428 0.445015136349596 -0.0805107296021816
-0.0360250372849871 -0.150241097167796 0.0700222585414283 0.317324641874185
0.0918770421485633 0.03349032271166 -0.259161103555845 -0.0729680808821498
0.0381192888000636 0.0967563055537519 -0.156885687929501 -0.257764889182716
-0.0421707535790367 0.00351179681579519 0.014983472829443 -0.165622315715901
-0.118878153997742 0.0271742335898549 0.014623919622805 -0.252501823880531
-0.0365940736403438 0.171446072282248 -0.243617993166022 0.0293368757267277
0.11238070201255 0.118753180502005 0.0914093223133978 0.34202182124674
0.0647493741975595 -0.0310852120516782 0.283514111546034 -0.10091831086346
-0.0472982779338646 -0.0192528067337842 -0.0962116442623986 -0.169497633756244
-0.0253127567889915 0.106582988159548 -0.163354462144193 0.128923202803235
0.0936762109330876 -0.0188374583545773 -0.0994280748066505 0.0767124741223999
0.330587377808198 0.0478083820663113 0.0323176470322053 0.136049235960697
0.247772176139926 0.433159498874625 -0.0666463076331982 0.17541596794835
-0.282655696283236 0.430619090144368 -0.0242177015166881 -0.131727717499666
-0.397347887655255 -0.0731861469052663 0.237718769349659 -0.0158221027368756
-0.000299353313568205 -0.233408110866673 -0.0303560340113713 0.183728954372882
0.192613032607773 0.0623190614369211 -0.210999122646671 -0.0500724324214853
0.128803567042497 0.197253955618124 -0.18409085073535 -0.17976287225732
0.0637056199011112 0.0877375622434373 -0.137162382733533 -0.121673631807364
-0.0480734078713034 0.0633521585967322 -0.122584007989105 -0.0594503474660382
0.020547408038952 0.183862987817633 -0.120757847553328 0.177477473532001
0.146242044087204 0.0881344461833543 0.148496753543042 0.182853621738399
0.0251779317336492 -0.0719617973030671 0.150705741349478 -0.164423119752332
-0.114570373330767 -0.0100508408321628 -0.0898985044194253 -0.119146219464141
-0.0860322172429379 0.168879584666497 -0.165953514086833 0.117984620087785
-0.0610854254482759 0.0821998006022439 -0.172024241729986 0.170218360769783
0.0542118045745279 0.037334705170111 -0.0927480000237686 0.160839289198566
0.0522100194284894 0.204279861100292 -0.0343276468847361 0.10864515739151
-0.234644519815437 0.17884059179715 -0.0444129145370856 0.00251247689045553
-0.204708833604963 -0.172939732079733 -0.0182426614288827 0.011740065908134
0.142006109501059 -0.192976544446474 -0.0946113715496059 0.0337208735768807
0.266943728633139 0.0654579545780448 -0.128952384172955 -0.0151104216799126
0.257298329001446 0.199225707670705 -0.143597753730965 -0.0300335233754853
0.30127278750384 0.109063917258605 -0.16084552058859 0.0517794636950285
0.227882881608677 -0.069877384804239 -0.0861574299877062 0.191918646894332
0.0681584403342429 -0.13324449175647 0.0901646433702517 0.204102694547614
-0.0425111497294169 -0.115463878052719 0.154715238151386 -0.033688054410333
-0.152117262349346 -0.0755672421934763 0.0551446352052427 -0.17982332869163
-0.17493774546302 0.048024783979833 -0.0309998382805034 -0.0699624451697207
-0.157128518930219 0.162135034023859 -0.0984238734684038 0.0790743112484927
-0.23388591655417 0.0980247394655391 -0.0957858706985907 0.178526311341753
-0.257950367485553 -0.0413088928556413 -0.0704367243613545 0.176303776024468
-0.184418006750379 -0.200569703148573 -0.0838257665874222 0.0532678700914736
0.0114871470356902 -0.245153253525292 -0.113468318067052 -0.046141569260329
0.193484228653779 -0.171116309120715 -0.0845344349662333 -0.0763140135741947
0.28623965906854 -0.0410502761656718 -0.0336191108390674 -0.0382017155104547
0.295970005475632 0.0558698139410721 -0.0175530651505694 0.0183335438862719
0.30345544846223 0.0484712598763707 -0.00408208786074498 0.0852999156691783
0.296525375204727 -0.0726339030198821 0.0339493448643514 0.148573620194783
0.177571608059068 -0.227070096518408 0.100945269806234 0.14979082841736
-0.0781770543829336 -0.292267176463591 0.150659888593617 0.0303689716996881
-0.251311945395219 -0.160214432068311 0.145813124646005 -0.126180164931292
-0.260270069130121 0.00892716917127541 0.113330919059238 -0.150422759454096
-0.179349611214778 0.121849758413122 0.0667771730471091 -0.0679317036143759
-0.188336625780627 0.0883417114766119 0.00191479545755492 0.0503901211706714
-0.212964275744968 -0.00540245840630946 -0.00739120915864031 0.175432585486203
-0.159136387039825 -0.0989001236834332 -0.072135621465326 0.131601366891953
-0.0590908829302785 -0.198247298931618 -0.136916755424979 -0.0915453606061814
0.174977184341101 -0.196303951529305 -0.0273570868768615 -0.18270702975988
0.331570337047126 -0.00417356536362293 0.0760897143086262 -0.104158007973268
0.297951766670845 0.125377913654411 0.0991187134789574 0.0118708098442873
0.271018115623334 0.0615909917473982 0.100891221382881 0.039819343833805
0.188873010692847 -0.15379724429163 0.117962507510131 0.0260828302726942
-0.103180083035054 -0.225315204658847 0.0729981467989536 0.013982889202355
-0.251575923459159 0.0417098001928686 0.0738031092392244 -0.000594463011859959
-0.0629475620327557 0.144786604032413 0.0979582112523349 -0.0966073970694879
-0.0366531719429776 0.0184260076369866 0.146701835769731 -0.13032919288127
-0.124150785335049 0.0660796237268973 0.190858218931702 -0.127691472957993
-0.120705968923925 0.150001461845047 0.137378851067465 -0.113010249694989
-0.14023237761369 0.0140918424378767 0.0667780261915302 0.0757915679443132
-0.0427125711710849 -0.0668083488079265 -0.0765735507365546 0.178686132662343
0.0833305285685876 0.0155313440020043 -0.163084864701571 -0.0564003023934561
0.0318357681104644 0.115982563204712 0.00378578293548875 -0.203751850700762
0.014804776857184 0.0504213341031291 0.108195020660942 -0.0470216522450777
0.140406263612983 0.0841954362284957 0.137256754787522 0.0401574809779664
0.189604266866197 0.183014969319317 0.172262828193097 0.134802111240814
0.208748137354591 0.0616373979742125 0.198011490697313 0.0581041666427955
0.0193829286886994 -0.246817308254789 0.105862764471972 -0.168794328659132
-0.402977605470658 -0.149635044117735 -0.191188912742072 -0.0962272070699078
-0.399951853653937 0.363326459596609 -0.0384782490775309 0.0932291210471569
0.128598286167309 0.475295120514007 0.130250461496191 -0.152040833643643
0.285002708723598 0.106804827102908 0.0268527231310402 -0.153921905337777
0.0668175232932794 0.0125962570570361 0.119214469333146 -0.0706261710132142
-0.0503683156337135 0.109032765899215 0.146277798810279 -0.142947922921382
-0.0637828615456439 -0.00816666345280041 0.0770268459521052 0.133372471148293
0.0429552315253667 -0.0401975332867657 -0.229455137000418 0.127798797167534
0.0957640501890407 0.0901729859978184 -0.155302232840902 -0.27222093562781
-0.0357554395479692 0.166262533203465 0.183515289473041 -0.116420005541521
-0.102998325029699 0.0584941386361201 0.0395873351746423 0.195448192315908
-0.00197225131117806 0.0367260571502747 0.00889604602998876 0.154112196317879
0.0813534424969954 0.122671468887449 0.161947821894337 0.231790845046485
0.122535904335849 0.0344913719922874 0.261117304235965 0.0813210035722691
-0.055324370345162 -0.17613391649425 -0.0089277681393689 -0.340255993899528
-0.311223516320499 -0.00598983772845789 -0.459026614813169 -0.0389764361284938
-0.2040357466582 0.313966534187845 -0.027842801710383 0.25512971203652
0.156011008857381 0.322542163969477 0.178344460999831 -0.198429405865464
0.269877857063024 0.0529672570690951 -0.151771416334827 -0.164876723069679
0.100650419444225 -0.0422573383385579 -0.0217691436328934 0.0378635699309645
-0.0136129118074979 0.0446223253764517 0.119056155664105 -0.129001274791118
-0.0039885630070176 0.000295381612568542 -0.104182846549233 0.115296785420657
0.00553950416582126 0.00195721075782769 0.0868105356990439 -0.0891136394162784
-0.0101385873555892 0.0219651861169662 0.231437632065929 0.13939123879231
-0.0268792357582815 -0.00953963185285094 -0.149979373595149 0.22663571232777
-0.000480510133729679 -0.056520379499465 -0.0408834967324909 -0.277037809024174
0.0405993006840041 -0.0106253186444476 0.505782527916753 -0.0757891702944103
0.00639007097395316 0.0079771009083168 0.102650026928197 0.364454138491253
-0.0177451310820349 -0.00432334649893268 -0.27163997887121 -0.0728767326772336
-0.00478099960644248 -0.014612713542542 -0.151253881807339 -0.262093416542582
-0.0109047539646927 -0.0108432214255952 0.0739613256725448 -0.153999525978967
-0.0016650069262841 -0.00993451006927617 0.0579073842650129 -0.28830568828203
0.0133928197959095 0.00768182435254424 -0.258914288524946 -0.00930466869555175
0.0126831841575834 -0.0082732546170958 0.0926845644164902 0.368007811897031
-0.00528089838610562 -0.00258953255970596 0.320422035554282 -0.0940295019584425
0.00633630328850762 0.00813017920519391 -0.0923423344553874 -0.180735155036561
-0.000753953656382448 0.0413187600648769 -0.122703100635174 0.118925256050902
0.101909423250378 -0.0510501870820465 0.0307222383791603 -0.0448977522599667
0.258564365152632 0.0462548328219828 0.186694618960868 0.124080504964228
0.152498536041221 0.294260556663744 -0.113784676516618 0.224689809539803
-0.178587203553616 0.258717876652652 -0.0522791624851519 -0.245297885758845
-0.253387613476865 -0.0211052028776632 0.438131880609251 -0.0825504481101194
-0.0363551642993481 -0.148098788475674 0.0708276748233682 0.313254962339601
0.0908094890316773 0.0328882065481399 -0.258721432367202 -0.0711170991027979
0.0387012573016047 0.0958426358446652 -0.158142347233051 -0.25496363308816
-0.0434235234107108 0.00379724100108463 0.0158625230933096 -0.163732239276272
-0.119232611955367 0.0280348625332553 0.0135526004307995 -0.251338762359596
-0.0339633394263225 0.170677718381281 -0.240543244047906 0.0315456492692964
0.113336500560827 0.115697997276868 0.0960968444952518 0.3374877581393
0.0647469861608117 -0.032159444659601 0.281921638406138 -0.104636680837578
-0.0466197534349882 -0.0188938797605924 -0.0974883383109087 -0.16550841554618
-0.0238884415590879 0.106743446928656 -0.16093194183088 0.130757037025648
0.0914551404396949 -0.018740285869442 -0.0966598881300525 0.0784035014554949
0.326302305473372 0.0435680297083498 0.0337911849616071 0.134841563710414
0.252790436978601 0.425972160148736 -0.0612681493266199 0.172575181995139
-0.27669195259837 0.429651655217586 -0.0241023248756661 -0.12816159558052
-0.394516166000571 -0.0678353010935537 0.234459964784289 -0.0173843146081086
-0.00176380880539854 -0.229986677482676 -0.0290218381226644 0.180622082724189
0.192126441591357 0.0627112605815651 -0.208805491271632 -0.0485558568378997
0.12735315125242 0.194871888896157 -0.18268560641626 -0.176350785218355
0.0625354468036469 0.0857785257436321 -0.135649503840703 -0.119808084209728
-0.0494920120776489 0.0640980152737353 -0.121758620854638 -0.0604844638702821
0.0229658502169995 0.182264459654083 -0.11880197986422 0.176689104938479
0.147727320454789 0.0862641083651495 0.150792858447906 0.179332869140207
0.0253734920062543 -0.0718157336454249 0.147410760023927 -0.165049998600367
-0.113907082579946 -0.00843030198150259 -0.0905736947163508 -0.117654233402722
-0.0816006555195762 0.169615318133884 -0.163538644936089 0.118275586577037
-0.0608310287062898 0.0849382129974089 -0.166798567981263 0.171388610177857
0.0529864258616705 0.0376739020618325 -0.0885103863518949 0.160062311476938
0.0526162587773668 0.202166733616383 -0.0312394118480676 0.106149458466931
-0.229959251511025 0.179967106803162 -0.0425049197493668 0.00408085072407262
-0.204076264844 -0.169180069956399 -0.0187114402647459 0.0109697116958188
0.14041304525754 -0.191117621281178 -0.0936415118965703 0.0331271920196529
0.265919682716181 0.0637398647342699 -0.127188784819757 -0.0149412642214391
0.255828101213813 0.195952132735083 -0.140530920165915 -0.0277978066599724
0.299652851747765 0.105624183475268 -0.158402312803923 0.0525684698739416
0.224382923218912 -0.070461353968332 -0.0834845349447979 0.188444337080675
0.0650836613951042 -0.130935999784191 0.0911279309938487 0.199761619676623
-0.0419168494033034 -0.112007174487431 0.152220641688537 -0.0339564023316513
-0.151462832167492 -0.0725252845382032 0.0522845896464364 -0.179118506767485
-0.173438070947797 0.0500839027771852 -0.03192090161146 -0.0691837477329467
-0.153389360489849 0.163198462238797 -0.0965695703635298 0.0796329548014418
-0.230629193682377 0.101669536891401 -0.0931068717427699 0.176857790675562
-0.257378311802468 -0.0362887932616048 -0.064840082268557 0.174157713914622
-0.186010240762009 -0.19606002077401 -0.0827519752028941 0.0516449680896183
0.0104772806206419 -0.242508206032264 -0.111929795903029 -0.0442547760398365
0.190677898537021 -0.171243477089419 -0.0858766338836888 -0.0746450908244648
0.284414821955221 -0.0421564014095745 -0.0337431410015921 -0.0376047391820638
0.29404769529341 0.0544658869924193 -0.0172373914827376 0.0193288393942033
0.30124971283341 0.0456450740302943 -0.00231728967778765 0.0837099696159358
0.294893509395913 -0.0760206052625969 0.0365788365442403 0.145949588311451
0.174815401473864 -0.225940866957986 0.102191982894397 0.145679194883757
-0.0819795440052709 -0.288840494630261 0.149423141562766 0.0283327661030012
-0.251871354953984 -0.155173152943565 0.14141428793531 -0.126499982242949
-0.25723899121149 0.012763993887434 0.10972268201146 -0.150170611905059
-0.174974206679337 0.122868774263909 0.0650959551786631 -0.0682830814274704
-0.185432017065604 0.0902365723441249 0.00218920108906577 0.0496821131021144
-0.210005484112852 -0.00199079706086311 -0.00490261614454652 0.173476962595547
-0.15717011674327 -0.0947980598484583 -0.0699624701988678 0.129615813950602
-0.0600887703226055 -0.194626565184792 -0.13722788675719 -0.0891561802339611
0.17220757020655 -0.196353376066435 -0.0271690646511202 -0.182490054923217
0.328684432187878 -0.00745340446622825 0.0732085664185183 -0.103191341555016
0.295799416646173 0.121552908958145 0.0967994236851085 0.0114418136410004
0.27009912319025 0.0595112308089396 0.0998948578004804 0.0397107665166862
0.18633857254327 -0.153874768459583 0.116551434443969 0.0241465174459712
-0.102860505968334 -0.22260154686532 0.0731625626167721 0.0133443810682076
-0.249180899925161 0.0437612832541451 0.0734346312734416 -0.0016289924438009
-0.0613764833574045 0.143958795667464 0.095026130600315 -0.0961723461260806
-0.0370879874046098 0.0193152750585983 0.143492253041645 -0.131493553863391
-0.122422430276763 0.0675156490826682 0.187293184429348 -0.129947400082389
-0.117655705437801 0.150092918680093 0.134035629026408 -0.113992889981592
-0.139590245035786 0.0144284654647617 0.0662445536346837 0.0743113368560427
-0.0409513978668899 -0.0654233467223294 -0.0743073905505985 0.178560757148432
0.0846897263512719 0.0151311111914109 -0.1622900536356 -0.0550639435936276
0.0345658122346284 0.115637095622645 0.00086576671374314 -0.20093331492891
0.0134720803537207 0.0509003460335648 0.106346987588094 -0.0464238797914796
0.1395829508526 0.0820878544479943 0.13575608407171 0.0403079301718809
0.18902233757916 0.179504182713264 0.171173652215712 0.131171406053118
0.207410814625912 0.0591979647614016 0.196051932929487 0.0573542832556453
0.0172674088648227 -0.242962057946392 0.103126558182194 -0.168544497759527
-0.399986772226822 -0.14402866169948 -0.191364311944079 -0.09324487430294
-0.392804138006351 0.363882516343885 -0.0365956289004554 0.0904271207085411
0.133143968334353 0.470001279155441 0.125106768112044 -0.152219103916959
0.283880614558595 0.100242933690808 0.0244661967785319 -0.153538685366532
0.0665289907078251 0.0118360400153309 0.117731428589926 -0.0729808065734353
-0.049634669887226 0.108407880751894 0.143268391640433 -0.143240074277997
-0.0634311734606119 -0.00767815254406589 0.0779456500181168 0.131547095860302
0.0435702982399053 -0.0409966466321718 -0.225951915401848 0.130379530330589
0.0969377208105124 0.0887605248084045 -0.156985346974871 -0.268423037509766
-0.0323670033312687 0.165234806703764 0.180257262420561 -0.116421749840919
-0.102112039833521 0.0600659037341279 0.0395023168882843 0.194937828882809
-0.00286320344566895 0.0362642297656142 0.00909279854455645 0.153508433624267
0.0814387092921953 0.121822795513919 0.161201818894598 0.230742688647572
0.122192335546755 0.0329478390603278 0.259672209802406 0.0809198368478096
-0.0570275026933919 -0.17330810072668 -0.0120465941292679 -0.335674694835605
-0.308506941271693 -0.00187105852860307 -0.453795729534197 -0.0326253234232587
-0.198950751779184 0.313890557545175 -0.0247124030163596 0.251387443518125
0.159946767585299 0.316832292776606 0.173503028331545 -0.200189551431791
0.26766792789853 0.0480184756798818 -0.152870843381816 -0.159698061764693
0.0981652730306548 -0.044056548440948 -0.0194523652883933 0.0376368889578331
-0.0130358455036635 0.0448976750274518 0.116489227283335 -0.130335574461076
-0.00444918412814312 0.000794938223985116 -0.102299008462943 0.116283479652232
0.00499399452449635 0.00168939735742426 0.0845726712367888 -0.0888420240693925
-0.00927621856534627 0.0223885305662156 0.23152989327038 0.136799093661809
-0.0259386282764821 -0.00900947607197097 -0.147300310621223 0.227261527188288
-0.00100377605337024 -0.0565092285655139 -0.0412024191986141 -0.276225069983689
0.0399105600820092 -0.010896753434639 0.503611706420954 -0.0784669080555143
0.00589520087944931 0.00846333752023082 0.102861495730185 0.362038474247238
-0.018068426868447 -0.00524893485428717 -0.271085766994842 -0.072371534543167
-0.00470499825488746 -0.0156578666680662 -0.15101607820797 -0.260054894049933
-0.0114907968955831 -0.0108369258700581 0.0752248003209006 -0.153670016931999
-0.00265014199389649 -0.0099876411334001 0.0577831879795102 -0.287754832880061
0.0140191976578987 0.00788702578260689 -0.257606177251478 -0.00643765481288478
0.012503721411552 -0.00831037127658293 0.094295991373788 0.365681938067284
-0.00414703795098364 -0.00260173495645573 0.318505341539393 -0.0978933988326963
0.00670720303790572 0.00754563983826066 -0.0941258476192879 -0.177585157813523
-0.000283414133779909 0.0410668465666622 -0.121142222466437 0.120912352927202
0.0999265403912967 -0.0516733778782843 0.0294937633135902 -0.0447041239146633
0.257559319001037 0.0440577481034701 0.186827000825365 0.12111380221151
0.156003558132683 0.29371548027344 -0.110743199794713 0.225287119712014
-0.176368426473212 0.260151708518272 -0.0526374047210079 -0.242719227351921
-0.252862425026399 -0.0202370682586274 0.435717774903295 -0.0843832345916915
-0.038059895494387 -0.147542411127539 0.0715226630794268 0.310296168646858
0.0914021504553562 0.0324145560188119 -0.258644901884044 -0.0694411785740628
0.037899804643265 0.0955976146948874 -0.158465768693932 -0.251984216219287
-0.0448455732326896 0.00353173511995783 0.0173731598335491 -0.162446794876324
-0.120841999611313 0.0289164096496748 0.0118141696206128 -0.251504370285062
-0.0329319668249196 0.171074596131767 -0.240445259918256 0.0318392176835547
0.115470756331141 0.114286246227739 0.0989014161417796 0.336578548321172
0.0650182454184392 -0.0323956470268495 0.279174724337072 -0.106562778445367
-0.0471521045766797 -0.0188056010090227 -0.0981471625631807 -0.164213008347499
-0.022723632834246 0.107618410518067 -0.1594128884438 0.131913486610206
0.0895256806530389 -0.0189138891390198 -0.0953134875675087 0.0789599584968355
0.325396896580344 0.039851697536686 0.0351526446596571 0.133837192341643
0.2525379381933 0.423888216382072 -0.0596331017167158 0.171286474642661
-0.271878305990728 0.430099913979338 -0.0228304624027735 -0.126527962928988
-0.39275378184294 -0.0653131572826435 0.233076593586325 -0.0189056459832832
-0.00221224364678398 -0.228462108548185 -0.028307072661673 0.178848811799614
0.191666043848928 0.0612061117557656 -0.207422139226125 -0.0483134426069362
0.127790090973674 0.195492197307909 -0.181019129815177 -0.175747772699489
0.0604321368853761 0.0842019990356376 -0.1347845254038 -0.120136135438831
-0.0512917105308825 0.0644886523361674 -0.121186179518909 -0.0613933447210355
0.0244086617861797 0.184063932365428 -0.117826401320456 0.175481816299187
0.149533062549335 0.0842148643856526 0.151404135333062 0.178071315403401
0.0253421637359394 -0.0716821487643015 0.146201956382637 -0.165748092735257
-0.113613780415094 -0.0065671099361928 -0.0907166841835795 -0.115292814274586
-0.0800970629702144 0.169169548329988 -0.161845616928815 0.119756278219485
-0.0610019695742365 0.0855607064595092 -0.163615093247043 0.172000349407175
0.0509538783302818 0.0373143115455869 -0.086127227483732 0.160601005758274
0.0517127318301701 0.200719540564625 -0.0298013719483954 0.104073110863738
-0.228697603863819 0.180346630836782 -0.0406321045911654 0.00564616870049652
-0.20319373741105 -0.167525658567184 -0.0201896700901577 0.0102503387802093
0.139671346613306 -0.190719616091592 -0.0937953770432124 0.0329423909044298
0.266137194584434 0.0629152697564292 -0.125897437714456 -0.0141173207727086
0.255270175087818 0.195314142935877 -0.139296487327894 -0.0276366905696114
0.297859723484534 0.103228519809535 -0.15622412676458 0.0510872186987343
0.222850333533163 -0.0708166579838507 -0.0817472181142209 0.186770775864416
0.0650790641129827 -0.129447519896012 0.0912561484703529 0.19754807944165
-0.0417390295000385 -0.11152375991863 0.151662580595696 -0.0342992566607197
-0.150793522850547 -0.0700625477398158 0.0499691202352872 -0.179488293308906
-0.171837494178425 0.0511687018274258 -0.0327898003585629 -0.0688953148376654
-0.151543552538353 0.163426784333441 -0.0946033262964634 0.0788212373881439
-0.229201477267218 0.104366307904336 -0.0913897070256412 0.176705422551088
-0.258320647524982 -0.0323206606940569 -0.0617645942960126 0.172492135268885
-0.187249119033543 -0.193370451563839 -0.0818418183448651 0.0496821093994649
0.0102238445348801 -0.242074917196629 -0.110892728635022 -0.0435354718049777
0.192029557848433 -0.171457963080095 -0.0873846824279615 -0.0741585519113421
0.28260927264392 -0.0431043099856338 -0.0342431356401069 -0.0380251688279135
0.293898423533604 0.0534090261308489 -0.0173979437234273 0.019815567206659
0.30075466027117 0.0449509284069752 -0.00182983042294288 0.0823762216793361
0.294332651873507 -0.0769467736184599 0.0380284555023558 0.144585421734534
0.173473320114745 -0.226419504478433 0.1033616055468 0.14309559968792
-0.0834257772553853 -0.287505797410351 0.149392189784533 0.0267434080111212
-0.251832732288225 -0.150229423416499 0.139464182684962 -0.127668027239543
-0.256218569682556 0.0172957404447382 0.106798042009893 -0.1511758181595
-0.173453523169529 0.123468861423485 0.0636282803315887 -0.0692291298068543
-0.183415763211849 0.0918033987252711 0.00301058001937543 0.0489977505336695
-0.209472357482787 0.00094810480872632 -0.00447909466789587 0.17302474041976
-0.155744450083431 -0.0924056061721991 -0.0677259005396754 0.126675036756076
-0.0597615682464783 -0.191236621288803 -0.139231840451269 -0.0876651057569622
0.170031665584877 -0.194235438126394 -0.0286643917919693 -0.182207174592184
0.327147357467721 -0.00945861315481088 0.0717928657626278 -0.101372974996648
0.293821420179638 0.120580170605299 0.0948605170362177 0.0106451765674611
0.270063452211772 0.0580253038566297 0.0986590983607402 0.0396588683027589
0.185405481226333 -0.154317685407691 0.116074956910112 0.0224096072472339
-0.103495466685009 -0.221567759373918 0.0741013680636459 0.0130290417287025
-0.245754688935093 0.04513588536437 0.0729030968440531 -0.00320733257383759
-0.0605904316418963 0.143022382307995 0.0926812219412036 -0.0962236896454531
-0.0382636975401803 0.0202796586225975 0.141524216904641 -0.133525340464868
-0.121857825061893 0.0698400004238859 0.185232551356046 -0.132913102613819
-0.115791490271981 0.15067200476952 0.132235427792337 -0.11482325896485
-0.139501144230636 0.0162368975287495 0.0660500333318594 0.0737926875283204
-0.0388777980433307 -0.0655303194160537 -0.0729916028140625 0.178457523275641
0.0863775358806985 0.0158417251700915 -0.163073112959016 -0.05532226774461
0.0373073467599943 0.117266071535072 -0.00139335965141838 -0.198962200045623
0.0125393166062249 0.0520048852076792 0.105348742268852 -0.0465827033985809
0.137890363444414 0.0806164596205006 0.134142581174216 0.041220075393876
0.188656853162608 0.17992103578064 0.169026619452729 0.131379082232094
0.207725954101617 0.0571378943232477 0.194385799060683 0.0569593970518483
0.0164384764393154 -0.242054025009772 0.101047437014119 -0.168451273570514
-0.400105474458971 -0.139849666316509 -0.190265770559443 -0.0916378917391554
-0.390459476098277 0.364466208023856 -0.0366907850551781 0.0900954794378012
0.136255644176523 0.467183945881033 0.123225881461096 -0.152186296097949
0.283607307311809 0.0972093675743824 0.0221012214696811 -0.153778260846811
0.065704732516399 0.0112877702572306 0.117696472169005 -0.0756118833325522
-0.0480066425164091 0.110217970512006 0.141301027291028 -0.145141645955867
-0.0641182574546232 -0.00648789491100003 0.0775744112778832 0.129900561410867
0.0441494161051975 -0.0420561670503026 -0.225398042619388 0.131097271029218
0.0988860573196077 0.0882865774234442 -0.159572111808931 -0.265620238995941
-0.0309641821801484 0.165526025375864 0.177897467952549 -0.115174860623437
-0.103025724908996 0.0608923321534352 0.0390384327910427 0.195972813082861
-0.00344292516839126 0.0360829873001597 0.00760088410525991 0.153271260114418
0.0820638470468371 0.120247096980237 0.160302383938615 0.228588198768064
0.122715170589018 0.0319329285375223 0.258766336644102 0.0795434258596803
-0.0573270806413381 -0.171264123114728 -0.0130190015213957 -0.332848295110426
-0.306941814377116 0.000724195873578297 -0.455226674016585 -0.0312092337720151
-0.19568960046784 0.313668132707725 -0.0247334999441282 0.249740840005217
0.161635991761956 0.315398130111837 0.170379824110954 -0.200695050275583
0.267022211095919 0.0442849011233778 -0.152163748683221 -0.156948781235085
0.0975346429899614 -0.0442430605515602 -0.0183486952855629 0.0360789776893677
-0.0130119023054257 0.0459417632547958 0.114495693206207 -0.132656338340677
-0.00356304926472136 0.0012076843108425 -0.102030588770432 0.119946969146118
0.00413528801295327 0.00166500054762927 0.0820069477536048 -0.0904898205281587
-0.00882940549308314 0.0225672595804099 0.232461567787275 0.134405813593255
-0.0257962227203219 -0.0091509684392217 -0.145736291582059 0.230605315802107
-0.00147985882264106 -0.0570678188911895 -0.044067864557794 -0.276335633265508
0.0404737532001235 -0.0123125996626098 0.50380286975991 -0.0817588890740414
0.00547222727482621 0.00820180650062124 0.105086452816376 0.361836703792189
-0.0185325828781839 -0.00501764420732533 -0.274199790214431 -0.0715331274788015
-0.00539288662615397 -0.0169586259070952 -0.152629002709731 -0.260434216345372
-0.0120742028021812 -0.0103117704646373 0.0777420988232237 -0.154972971383158
-0.00331909989689815 -0.0088817589781882 0.05811859304999 -0.291547943118532
0.0142340662124711 0.00741092629709587 -0.259182734289189 -0.00688359659281236
0.0122865345282563 -0.00886346206363209 0.0977408430928244 0.366814849704498
-0.00414926610668779 -0.00196467506648226 0.31951632900126 -0.100725969528468
0.00597807283486612 0.00807787179005958 -0.0953480159206487 -0.177913758898507
0.00010798473391189 0.0428774673987041 -0.122082131692773 0.123680266881254
0.0997272735297664 -0.0520500552639925 0.0283255981583445 -0.0439773394931787
0.259081569952653 0.0415886194255467 0.189322891133302 0.119862814145211
0.158594390535677 0.293839517427274 -0.109487089471723 0.225878486673406
-0.174099373835477 0.262833840130783 -0.0545409847072849 -0.242783814631091
-0.255100560353778 -0.0188270868523638 0.435722162845557 -0.0888991314837121
-0.0388049272221916 -0.147611100942887 0.0736064038361883 0.308930784129274
0.0921477548080562 0.0325368474566848 -0.260179350922077 -0.0696892147345191
0.0385112850691219 0.095818287589976 -0.159856693778699 -0.254063772078979
-0.0467208489219399 0.00411747863495251 0.018296069443087 -0.163128682667708
-0.123308844134238 0.0303982490927067 0.0118490814311888 -0.253424730957019
-0.030945488766513 0.172342126815056 -0.241494619851794 0.0342191627995908
0.117268598944599 0.114709732314868 0.102019778544652 0.337431920119867
0.0653948912398067 -0.0329255796390591 0.280936011579309 -0.110784371434372
-0.0480934601422272 -0.0172221108769031 -0.100492929553715 -0.163908295345331
-0.0228482319360442 0.108514261281488 -0.159444493161041 0.135847529199595
0.0899276278147156 -0.0187715282189222 -0.095182402646159 0.0813289966011902
0.326212460609635 0.0372572042214919 0.0375604925055487 0.133975956041945
0.257538662436631 0.424457080695263 -0.0572697812659855 0.170654972934204
-0.27260053189438 0.436782365791599 -0.0234732216310464 -0.125304719004677
-0.395673065957204 -0.0636167891159186 0.23198699265857 -0.0214443675066807
-0.00271372480717667 -0.230106535762743 -0.0275412601699517 0.178147866725251
0.193920593974859 0.0605911053519366 -0.208493755907686 -0.0477286783679192
0.127936901588036 0.196064952525959 -0.181369386496164 -0.175095226589435
0.0595559500703732 0.083174118238245 -0.135221138678067 -0.120573788066363
-0.0538717870503708 0.0657119560136046 -0.122003055790814 -0.0633003929837154
0.0257357905275848 0.185462577381066 -0.117678974423975 0.176804529855334
0.152649455161381 0.0840591814418205 0.154574331346495 0.177695173974848
0.0250866404515338 -0.072508601405998 0.145582918307248 -0.166672463317066
-0.114656795024073 -0.00528974746949774 -0.0919122936981942 -0.115400188954499
-0.0797318107990371 0.171512907496296 -0.161285231012645 0.121582892973497
-0.0605712372830326 0.0884072434081196 -0.163230401765205 0.174967344248866
0.0498286090549886 0.0381382755954756 -0.0841526565368317 0.161975568451828
0.0528177737978529 0.201983559056473 -0.0285120207767945 0.101540249654395
-0.228287693942835 0.183210549371062 -0.0373933025146526 0.00668453988800407
-0.205067243703569 -0.166358769357697 -0.0216770128507561 0.0100307091361625
0.13955424925862 -0.190863252549624 -0.0941456431107163 0.0324051970749319
0.267851127623932 0.0621980369436553 -0.125022188129781 -0.0136448916907441
0.257470285130595 0.194611691399895 -0.138605334129499 -0.0265262427770498
0.298983229201466 0.101140846874219 -0.156436341287645 0.0519854137476643
0.223054299705854 -0.072157605581878 -0.0812794848259689 0.186394750409123
0.06416019262197 -0.129507972034251 0.0932569812289545 0.197842807894296
-0.042008787219692 -0.11088268162954 0.151277501205077 -0.0356900599549144
-0.151251398580364 -0.0685947630063754 0.0492128160237998 -0.180350456669483
-0.172577068661481 0.0539436457829328 -0.0337070786863841 -0.0692040339060738
-0.151198861588438 0.16641686412146 -0.0945720143433073 0.0801933045717223
-0.22828763942593 0.108025342010958 -0.0900067313964266 0.179318305474069
-0.261186882140595 -0.0286458845000104 -0.0600840455902652 0.172073600335681
-0.190930859965143 -0.191387362448106 -0.0824591756525957 0.0489138574400293
0.00817389349806179 -0.24316391644267 -0.109022690700834 -0.0437424688953089
0.191356111690553 -0.173474404506327 -0.0891529543420497 -0.0738752836653616
0.284218967481461 -0.0446890861149217 -0.0356055529047181 -0.0379122261491502
0.295699632588997 0.0518430940475266 -0.016639319726816 0.0203122557856711
0.302303659322886 0.0437561437514587 -0.0013656841301991 0.0824748234452457
0.294563165779994 -0.0798234927875073 0.0402407056323117 0.144026442299394
0.175429547393853 -0.229258317710791 0.104669679242228 0.141965899535792
-0.0871455640601891 -0.28855576260727 0.150079559425544 0.0258039148969581
-0.255629377852994 -0.14761114700847 0.137814659687843 -0.129088111837388
-0.258129657687235 0.0194631622145285 0.105407733919741 -0.153350929437431
-0.173374657347649 0.125350308850277 0.0630889655232875 -0.0695073757379424
-0.183773217515602 0.0937453460350831 0.00371534370605552 0.0496104693394632
-0.209262799907217 0.00398927041804678 -0.00222035094293794 0.173990670513151
-0.15625920753647 -0.090603837192984 -0.0667803275024527 0.125881765041323
-0.0614049500168421 -0.189032132338736 -0.14024009128098 -0.0878973024381034
0.169574122511252 -0.196278263369301 -0.0294030731031647 -0.183507866856073
0.327422287359258 -0.0121220897365598 0.0714077657282528 -0.101546658320857
0.294934866373884 0.12005317074347 0.0954535560611264 0.0101424416118804
0.272712170843358 0.0564821247344853 0.0987135373699026 0.0399271941162208
0.18503601070936 -0.155021043848616 0.116083402603719 0.021389254563158
-0.104438989601233 -0.220982332365481 0.0751761617402191 0.0127065086551888
-0.246374701224215 0.0472341519523769 0.073942372128406 -0.00520749328002131
-0.0599771837529758 0.143744824084274 0.0927258658504859 -0.0975656074521599
-0.0388705440515727 0.0208805578478013 0.13936348074901 -0.135887584937441
-0.122292958602757 0.0726639660117744 0.184483645568952 -0.135540443552287
-0.115077494910172 0.154056700370026 0.131437236203365 -0.116951889998002
-0.139723252135997 0.0185179026624663 0.0672080286272883 0.0734983657187472
-0.0387532024675326 -0.066168567516858 -0.0714148828133039 0.179776283387206
0.089284150517192 0.0161518253935052 -0.164751015175939 -0.0555328158503005
0.0403657078265819 0.118949723272195 -0.00296755995375286 -0.199087412690776
0.0119112999275249 0.0532859324527761 0.105042360176023 -0.0467036228919837
0.13804628325969 0.0804129824081757 0.134177570457371 0.0414686267958081
0.18896329236811 0.180236971252989 0.170084395221102 0.131429041472047
0.2102310343947 0.0581765150869052 0.195505444080151 0.0567161221013467
0.014650185511345 -0.241118244151945 0.100096794494502 -0.171039382552829
-0.402595296817122 -0.138075145996568 -0.191678389610738 -0.0905544910879523
-0.390871405204444 0.370242406845743 -0.0361964883244859 0.0901289972779426
0.140673441312883 0.46729814816714 0.121049529596895 -0.154029958900405
0.285164136468562 0.0961529107825271 0.0214614948201648 -0.155425851383605
0.0658370907883211 0.0112209011267058 0.117810307041079 -0.0779271970282716
-0.0479428277962951 0.111990291919019 0.140861853059748 -0.148589993252887
-0.0642471668208019 -0.00519130416448906 0.0796760273464533 0.12908179155589
0.0445704042574784 -0.0434835398697841 -0.22635217194316 0.134609344848444
0.100988722067557 0.0878826346683004 -0.162789704873838 -0.267013049422736
-0.0298118519305774 0.167259341129485 0.178046321880634 -0.116009359876442
-0.103729591282578 0.0631041451820528 0.0396303056384211 0.198282372338025
-0.00387671467914231 0.0351450140708334 0.00732651775751517 0.15409902615021
0.0826339533522633 0.120239768670469 0.160204556292816 0.229202413303798
0.123688830867148 0.0311453229346864 0.259982148655642 0.0789407782883416
-0.0585732770039607 -0.170895790253489 -0.013913669169672 -0.333285779305612
-0.309516997073778 0.00284074434197777 -0.456990183560518 -0.0288952650564134
-0.194653061230416 0.316526991949123 -0.023486695760772 0.250821438524274
0.16525586159267 0.31587101429912 0.168923368888808 -0.203318061959805
0.269860120145938 0.0416914155939143 -0.154776329352357 -0.156894721866216
0.096632078165684 -0.0449595331365538 -0.0175214543406858 0.0357470688815775
-0.0133671120947408 0.0468380708177587 0.11358113703305 -0.13515056585217
-0.00441128859147714 0.00233647458354376 -0.102547953689222 0.122213462490731
0.00561789579434239 0.0007151963977318 0.0810977614893184 -0.0903187079446648
-0.00734667291655168 0.0231483634697579 0.234624222053802 0.134951131888536
-0.0258018920657319 -0.00941155857494356 -0.147781235015905 0.23262971812617
0.000341062441716411 -0.0589574197232743 -0.0414303902253851 -0.278153216053325
0.0425697851541546 -0.0105794993638616 0.508172082619182 -0.0776821385729654
0.00508194413060808 0.00874520673218658 0.101619944141861 0.366364897617935
-0.0179481020327467 -0.00569117372655251 -0.275622638988255 -0.0749242455976184
-0.00601366217880159 -0.0179179922812651 -0.150732250007364 -0.265423802207384
-0.0127248774365471 -0.0108267707500216 0.0843052728198928 -0.155932787304424
-0.00468781718765266 -0.00930123732267984 0.0641160626756806 -0.295420336794144
0.0140446217739803 0.00883430360147234 -0.26214853658496 -0.0105054341809116
0.0158991077546393 -0.00737830936004436 0.0948347057134779 0.371002072045001
-0.00222230316062657 -0.0043040103071165 0.324557844299161 -0.0974168289918801
0.00504054198268615 0.00689054531873837 -0.0931488560185186 -0.179728534260273
-0.00159419284312904 0.0434416887014139 -0.121815511032185 0.127281549565414
0.10132333829063 -0.053187423611091 0.0272097598495373 -0.0440559349974842
0.262706462575866 0.0435334513579662 0.190111976409586 0.122077959285584
0.159105398898092 0.297806347507547 -0.111249980884587 0.227282176207432
-0.178676540066726 0.262250661877952 -0.052761822608233 -0.244806972475748
-0.253661257413557 -0.0200091193039445 0.438938316562803 -0.0872818079502711
-0.0380681239561189 -0.149046680091733 0.0717869753548075 0.312644016332812
0.0920532856931477 0.0340320062477044 -0.262209545899788 -0.0733757839286068
0.0361080564488262 0.0970728476685645 -0.157891899878001 -0.25915538626565
-0.0490767808133519 0.00343572234394013 0.0239426182067952 -0.165704413656296
-0.127222134538767 0.0294420239369113 0.0156196573924809 -0.25896499821334
-0.032716824069496 0.175161017012448 -0.24324594530457 0.030847884101601
0.121683549116108 0.117128712975029 0.0990875985276202 0.341866342702364
0.0681032215792065 -0.0350642844278726 0.285648240715867 -0.108966811261502
-0.0498784166773721 -0.0184857918863316 -0.0973180149002094 -0.165428808590092
-0.0239119199919692 0.111264941805777 -0.16033750812017 0.137939479739067
0.0887137258167685 -0.0172682671262824 -0.0969614529432219 0.082511662078016
0.329022738464236 0.0404330491036772 0.0364067242540994 0.135789023001422
0.257203856662036 0.429961932629539 -0.0588294526850412 0.170826107000753
-0.279446890542909 0.435380116338931 -0.0212124050792699 -0.128048422284889
-0.39548808837862 -0.0674007679551709 0.235641547343366 -0.0210754402816186
-0.000188090685239 -0.23101222941967 -0.0300422857634404 0.178823868568024
0.195084862710527 0.064264886402451 -0.210088806944173 -0.0519115423568556
0.125493684303559 0.200670844868694 -0.180661304123742 -0.180112603047828
0.0570275240414737 0.0840498788659156 -0.133671978183641 -0.125160454148549
-0.0580919120536703 0.0664808269508472 -0.122551212013405 -0.0682192749817975
0.0246565583125105 0.188353141180245 -0.121005790711714 0.176157693259903
0.156434030804212 0.0860020699955044 0.154362381593499 0.182402364664015
0.0266889880014039 -0.0745716729516963 0.151110422537083 -0.168153805850003
-0.118220320394147 -0.00648609859828691 -0.0906320005253364 -0.117521047938721
-0.0812714929322407 0.173258465412763 -0.161754643881229 0.123524100241881
-0.0633890923130866 0.0912295633391755 -0.163937445774058 0.17699418202804
0.0484106594142432 0.0403226438790838 -0.0839882792169543 0.162831874806812
0.0500595504817045 0.205253639273232 -0.029496125252642 0.10059774528421
-0.230995005163759 0.182645342136616 -0.0372215575366575 0.00643706171500745
-0.204766312066251 -0.170129057043888 -0.0216640470410081 0.00961889023504942
0.142180731310024 -0.191079099060169 -0.0964724825486399 0.0308650840568903
0.269615743012965 0.0664446064400878 -0.127487909781768 -0.0151804862884551
0.256450516646882 0.199937110992397 -0.138772266317241 -0.0287494943827266
0.298912631338078 0.10400339740127 -0.15908233205256 0.0478201623470675
0.224056706543561 -0.0700908287303987 -0.0861733959999399 0.186010396938312
0.0663595497261047 -0.12877370181168 0.0923913238397388 0.200766974593848
-0.0402496115019159 -0.112435373223373 0.153369551618274 -0.0339411564143663
-0.153915432693302 -0.0707954188581976 0.0520655161264458 -0.182113113885852
-0.176168884898705 0.0529185168389589 -0.032115492163843 -0.0710257660161936
-0.153007395272868 0.166572985273439 -0.0944053258563294 0.080304120658557
-0.233056424179418 0.111216737376175 -0.0898745223467398 0.179899762127942
-0.263433200098244 -0.0284743480579542 -0.0596200627413304 0.171063215053582
-0.192208292064505 -0.19501673822182 -0.082563581169901 0.0483255617069054
0.0116831106983364 -0.245535049149943 -0.107580156811993 -0.0452599524092977
0.194584793967114 -0.173479835118116 -0.090566856920832 -0.0734599522316594
0.285143179281167 -0.0406949164107551 -0.0369060788464842 -0.0391334169951614
0.297070194383355 0.0563166597705737 -0.0170466992786216 0.0209480270169663
0.303599904848583 0.0472143439267753 -0.00216957273839313 0.0840084649850199
0.298448287274175 -0.076545113295964 0.0378649594667331 0.146482793615661
0.179240077859638 -0.230101480712947 0.103507668242244 0.145951367905129
-0.0858526500995542 -0.292965531098539 0.150803411795065 0.0298342302763206
-0.258667988880014 -0.15090360553779 0.140706175567547 -0.127892572975837
-0.261571123689104 0.0181144983083981 0.109715178699666 -0.15392384713874
-0.175766401183024 0.125981516390566 0.0643668689349541 -0.0711164247439812
-0.186154340596244 0.0932583582806932 0.00507213490784179 0.0483585257003812
-0.210941595964292 0.0038913884377527 -0.00137555209352705 0.17505395303116
-0.156531282818951 -0.091265774342193 -0.0662969299724367 0.124448958248979
-0.0586205442396706 -0.191304577728232 -0.141972170333046 -0.088442200792122
0.173896764123032 -0.195327105605853 -0.0288269717433034 -0.18551764595557
0.330580608508041 -0.00887973857177948 0.0702831953160829 -0.0991147690914351
0.295058576237571 0.125270237029426 0.0947251140744053 0.0111385482151099
0.274006434144059 0.0616108667353578 0.0993400017612811 0.0423465484892228
0.188783983788488 -0.153038390158574 0.116230051020623 0.0239369694268649
-0.102683229677087 -0.223487533863471 0.07746328280354 0.0148817852181019
-0.247260112914446 0.0435945448729895 0.07644579026069 -0.00478940809228264
-0.0629525184671332 0.143180844592926 0.0939068574273681 -0.098832282140016
-0.0413476878409085 0.0209538799724306 0.142495402174442 -0.137622846331252
-0.12458788852868 0.0716950632459895 0.189018888192138 -0.13623357852649
-0.116331143399444 0.153792987711254 0.134561328120366 -0.118242470433001
-0.140440727699514 0.0185475340933701 0.0709012962351132 0.0736779171324558
-0.037655903608297 -0.0658164339936838 -0.0718860385561099 0.181333687448958
0.0911272617441981 0.0176749683410417 -0.167891961572096 -0.0562777646445462
0.0427544828899954 0.121615902465619 -0.00340348853285836 -0.200427851763487
0.0101329477843735 0.0561689164528383 0.105106807713073 -0.0448978508920104
0.136306718651787 0.0827333657820188 0.133456891277516 0.0446600664454886
0.187423343139445 0.185249021723905 0.168511366863116 0.13434276786739
0.211045546644823 0.0606863812924833 0.195156194662125 0.0614792074248317
0.0182408390174812 -0.24281020014164 0.102064168060957 -0.170083292965877
-0.405052184328872 -0.140898813177176 -0.190193595765565 -0.0923461028161988
-0.394567869690066 0.369894064879947 -0.0360900835577951 0.0883773951276452
0.13890398231077 0.471846557528156 0.122283279279524 -0.157950141879255
0.286135770763741 0.0969514788939157 0.0218154233279766 -0.158043694709536
0.065592385202552 0.0112730556218969 0.119838415254015 -0.0786602127894583
-0.0485665447897332 0.1126424523411 0.144289724290206 -0.149440580724971
-0.063214383085444 -0.0040527114819344 0.080462614777155 0.129191721961575
0.0454286573681602 -0.0435087416231577 -0.227957620239448 0.13642800259973
0.102345209266335 0.0893530854042226 -0.166362378436158 -0.268999507869303
-0.0288830150371427 0.169239964254378 0.178627538806363 -0.117030763856839
-0.107142535338596 0.0631194792320493 0.0381164970309348 0.201503406307665
-0.00543963435515844 0.035623632055574 0.00398683150079931 0.155590217392776
0.0809046295004933 0.122776406347244 0.159357858459474 0.233295880808063
0.12403048863818 0.0331331892456272 0.262649426357862 0.0829320878455577
-0.0578612727447411 -0.172904788277779 -0.00990305017774742 -0.335898677007287
-0.310994982783709 0.000950739294596882 -0.461188274158385 -0.0357967956921134
-0.198888778646223 0.318466763212589 -0.0271231417650024 0.251081532684542
0.164034682125704 0.317147762928781 0.170068416909886 -0.206371498124163
0.27096320684345 0.0419811153268365 -0.155925424684133 -0.160107503749157
0.0984851556088036 -0.0449814445732664 -0.0175409424009578 0.0348661173315578
-0.0127364680131128 0.0473319077975825 0.116746170897972 -0.135830849836832
-0.00409011425555059 0.00173219243059442 -0.101178658515274 0.12650529763681
0.00511576346477201 0.000583894165695112 0.0796598722254709 -0.0905655212918266
-0.00635170294213741 0.0228494399588584 0.238960158167265 0.132455098695252
-0.0262439173805749 -0.010264316607817 -0.145512431916012 0.238577022447216
-0.000634826478783603 -0.0608872108187532 -0.0458365157805308 -0.280742715181884
0.043050932417838 -0.0117505424003155 0.509876396158423 -0.0846566078397917
0.00438188343217346 0.00907858419168895 0.106843896384791 0.367644491466622
-0.0184762117057205 -0.00537813106061561 -0.279363075407787 -0.0726217740668233
-0.00724976770984051 -0.0190943230976662 -0.156974727524966 -0.266864044081107
-0.0140726794513034 -0.00993810560984711 0.0864386994468091 -0.158542853618065
-0.0053318265904919 -0.00975080471292464 0.0629386540306072 -0.300854139050036
0.014857141535114 0.00929475915853701 -0.265403317150743 -0.00818253382566839
0.0157869270897606 -0.00834145688423059 0.100914934587745 0.375753738817353
-0.00278327617782646 -0.00501765192814036 0.327330841473739 -0.103786821841282
0.00569040396542801 0.00618225482927864 -0.0969540502523764 -0.179296761510998
-0.00128687120187638 0.0448777226156892 -0.120557121513625 0.132483262818042
0.100323129812856 -0.0545058182105071 0.0251858877815812 -0.0449702196102167
0.266607898310451 0.0388128922009048 0.193345210429872 0.120015872976964
0.166746708699972 0.29946840026709 -0.108355367922385 0.231774447350946
-0.177594279668473 0.268660155146708 -0.0562635043217146 -0.245646506645824
-0.257999012449398 -0.0182059819369794 0.442623404365318 -0.0940682763732977
-0.0410112701038552 -0.149213627731891 0.0753282380137801 0.312329828804567
0.0936569972465284 0.0328320195037478 -0.266425505810818 -0.0712930021096447
0.0373323490552384 0.0974721116485719 -0.162790511026321 -0.2598672133231
-0.0513266429911272 0.00447656155842789 0.0243788204868672 -0.167935749353217
-0.129527965644384 0.0322330493915926 0.0134600639766166 -0.262085718557217
-0.0298396078843672 0.177890550289026 -0.245491013298033 0.0336656691343556
0.125631151572094 0.116444848190505 0.106009700675043 0.345381911032086
0.0694790254656251 -0.0368734600535728 0.28836256662772 -0.114512267264948
-0.0496966023810718 -0.017778811697871 -0.101200484306383 -0.164044048144141
-0.0228762415212017 0.113351440676645 -0.15967956829877 0.143920471486044
0.0886022149069931 -0.0184264876872185 -0.0970025151070242 0.0860659438908529
0.33268169194692 0.0364958120305222 0.0389464990996094 0.136993353185562
0.265558785577739 0.432443243261645 -0.0569344950170607 0.172766813581186
-0.274647833508089 0.445780205181755 -0.0211925758446554 -0.128218125550387
-0.402202879471602 -0.0628205987938538 0.236587603920337 -0.0257336312439981
-0.00341780255905417 -0.233591313648483 -0.0283746939119798 0.179863856228061
0.197426921870175 0.061421265611266 -0.212676802346 -0.0509536489165245
0.129510056200826 0.201502682366121 -0.183619061036133 -0.180097293388321
0.0563853682727331 0.083581362062019 -0.13580501877314 -0.125559939433368
-0.059878524015871 0.0682449891360759 -0.124533244442919 -0.0693441371748642
0.0281920856643088 0.192423663729986 -0.119794254064587 0.180080643499137
0.160727703650671 0.0849285226847344 0.159557139841438 0.181998386022288
0.0265007025604512 -0.0756267862272702 0.149732835059602 -0.172138884237158
-0.119150074937162 -0.00418590909246626 -0.0933820778312636 -0.116168056239499
-0.0805728976585207 0.176154627154146 -0.162063532949864 0.128140939746553
-0.0624684358040805 0.0939707411591447 -0.162882321555351 0.182783548483701
0.048165829039706 0.0411601743645493 -0.082032470185614 0.165100149227176
0.0522388632847538 0.206968068921556 -0.0279002653857723 0.100330809323747
-0.231353658890175 0.188263253969586 -0.0345036069061084 0.00634750520343338
-0.207573523140954 -0.169453338848897 -0.0224371002870648 0.0093348309593654
0.141320025321291 -0.193645822197264 -0.0974843055387984 0.0317103402193331
0.272957018344371 0.063484136314269 -0.127847097994146 -0.0149936172538573
0.260375016881709 0.200095050277943 -0.13944308898401 -0.0285657772996745
0.302349116271211 0.10028466385274 -0.158959677532403 0.0490943236773611
0.223636479633855 -0.0728378992012632 -0.0836570579741748 0.187906272807277
0.0646607814282858 -0.129822933366599 0.0956910799286202 0.20108611329181
-0.0413755453827908 -0.112340420212072 0.154379736082131 -0.0358492774170045
-0.154621916829786 -0.0689012250408834 0.0490827524628523 -0.184940691877161
-0.177574061786593 0.0562790544652371 -0.0341443316857519 -0.0713804340477768
-0.152236637991653 0.171530993023337 -0.0940021423345011 0.081827170097746
-0.234444358043159 0.117239358771684 -0.0871061917954005 0.184615921922042
-0.268258580749095 -0.0243654699437924 -0.0555782495031715 0.171574612131582
-0.198418635092714 -0.193663969605688 -0.0828750705468733 0.0478479982781432
0.00952421760406928 -0.248294225430702 -0.108639867474683 -0.0455194027529154
0.196158644596683 -0.177829024101898 -0.0933014920280231 -0.0725306034184473
0.287892676473473 -0.0437103679998955 -0.0388810951141601 -0.0396968056815501
0.30154671730192 0.0522507422027164 -0.0151738631064703 0.0218489212982266
0.307193908348744 0.0432787709559236 -0.0013550537806657 0.0845527134635446
0.301864588954592 -0.0836349221328059 0.0414810350699187 0.14635824241031
0.178836770218945 -0.236050911424938 0.10667553670653 0.143400491761667
-0.0908234599588221 -0.293917657841304 0.153746708568878 0.0274647946405919
-0.264339528864283 -0.146753799194737 0.139681297961082 -0.131743808224224
-0.263680783119382 0.0237909747180867 0.1077876921409 -0.157726250020168
-0.176015584598035 0.129818116622231 0.0645892100226155 -0.0729311194105385
-0.186182375360354 0.0986365898776359 0.00648218027504953 0.0491438293149196
-0.212487772528093 0.00866166770088283 0.00248517613912212 0.177158578688338
-0.157456553939353 -0.0884196814393011 -0.0662674578792231 0.12517716714794
-0.0607892141434105 -0.189766656973993 -0.145578985477918 -0.0877519973411141
0.172999893415153 -0.198678296454416 -0.0322817537834593 -0.188524419102253
0.331776793660553 -0.011880673247376 0.0695239520820128 -0.100427939021236
0.299876793037119 0.124986339078802 0.0946445388982897 0.0113401045547089
0.2784269326439 0.0576370948403949 0.100501139822826 0.0419517148814792
0.189518346367703 -0.157267908449447 0.11767810301491 0.0221816328492048
-0.106359246806382 -0.224481803077577 0.0798398941972674 0.0140226063488934
-0.249135315577072 0.0484388558723593 0.0772243967645035 -0.00727258800028515
-0.0616453934103841 0.146236903889284 0.093524176171154 -0.102413469209295
-0.0429755494055284 0.0221789380217497 0.141763547553348 -0.142778270731988
-0.124932350267956 0.0753707430093871 0.188749704795354 -0.142809487526752
-0.11491206466406 0.157804117608247 0.134414318587116 -0.121124789960311
-0.141583566896565 0.0219084403708007 0.0716826297614006 0.0731681170363676
-0.0379052106107526 -0.0662246495734838 -0.0701755343920527 0.184266562990593
0.0944883476609468 0.0174512514175513 -0.171064514470987 -0.0559345996025624
0.0467361399876488 0.123724825619677 -0.00726640050911596 -0.201085667608807
0.00983300855002382 0.0582739186103368 0.104034348684143 -0.0454364879224641
0.138019541836576 0.0809948467308952 0.134481595068236 0.0448713262838909
0.191095646896099 0.184742105309341 0.171099708651539 0.134790284301982
0.214087795636274 0.0586982859815012 0.198024006681277 0.0595631449959837
0.0162038406862884 -0.244042047746253 0.101831803487571 -0.172327942311367
-0.41022117890797 -0.136443479246333 -0.19317455381715 -0.0913148742027979
-0.394506366191358 0.380614481503502 -0.0352338681434373 0.0881590647939339
0.147609817608173 0.473507423641828 0.120395139400466 -0.162399996617346
0.290311992063622 0.0933449442901746 0.0191238836716032 -0.16112711891491
0.0671448114667025 0.0111044662563059 0.120109254452892 -0.083270588725897
-0.0472796530366788 0.115617993480218 0.143067706139543 -0.154256644294902
-0.0636682719224086 -0.00331521298222822 0.0827443580043392 0.130513055707333
0.0458733375675498 -0.0454591410571655 -0.228682699108544 0.141370778076289
0.105771460602154 0.0885922716996724 -0.173380646014852 -0.269000632261769
-0.0250027914363684 0.172528820562375 0.178932034806705 -0.11864647521171
-0.107886206030708 0.066666979128363 0.0392439749361894 0.204529440156867
-0.00666181266594269 0.0351297133859307 0.00332118286226509 0.157506793586299
0.0829337717207733 0.123047194151088 0.163091037641058 0.234130197250392
0.125915677869229 0.0322736614058032 0.266183869268494 0.0809681834324402
-0.0603151154396841 -0.173247457167223 -0.0137954736929376 -0.33828912883608
-0.314289991216482 0.00498186331741341 -0.467783905993994 -0.02859183678845
-0.19527827531307 0.325831070427194 -0.0238113264510224 0.253202611792054
0.171866284795855 0.318856167333453 0.167988173127945 -0.210777774320642
0.274222447297829 0.0375161743387708 -0.160948683164547 -0.159858726774447
0.0992338992515927 -0.0475211238505157 -0.0169344792830434 0.0348098909810927
-0.0121103412463676 0.0495547180649376 0.115427792863311 -0.140756160303991
-0.00382850925831738 0.00259968718712019 -0.0996246134956451 0.13050354902771
0.00548245777974475 2.3777170261651E-05 0.076717611496232 -0.0927852757630246
-0.00531078804777153 0.021774423601488 0.243709227663887 0.13147349941631
-0.0263241126321344 -0.0101446444118684 -0.144171599239793 0.245705462585173
-0.00237613817188224 -0.0619325914695862 -0.0511738150475136 -0.282876954284566
0.0431431259167536 -0.0130195375247672 0.515983947971407 -0.0930428249412132
0.00536532636008858 0.00961523390324052 0.110390023638902 0.370078224999716
-0.0188762211342051 -0.00521083049786999 -0.284312634246542 -0.0689839196394106
-0.00743578598531837 -0.0205233285333735 -0.160909321460993 -0.266283628579046
-0.0145031396790987 -0.00957742629432742 0.0878181058686044 -0.162609745608062
-0.00560784539918318 -0.00869458305886189 0.0603694347871555 -0.307263952587433
0.0147607863030661 0.00879375568336268 -0.268357523855495 -0.00424194705262999
0.0162793921846581 -0.00837184960123524 0.107953465195842 0.378239099678488
-0.00238470519889726 -0.00580500009224283 0.32973272817587 -0.110550392461168
0.00650671940193457 0.00648742613806572 -0.100250158066251 -0.179925135557691
-0.000207986443720161 0.0460393292547202 -0.120471175910439 0.137903992460157
0.0998573090271932 -0.0579512626960618 0.0230348659910659 -0.0451676226150917
0.27208168504599 0.0345563843294706 0.197849814908417 0.117245204533346
0.174256473219988 0.300013080610608 -0.106320569935632 0.237526960386988
-0.175254458492084 0.274645131705398 -0.0590468946295092 -0.247830843195158
-0.261641869882531 -0.0154861013360462 0.445901737549024 -0.102046592304179
-0.0435731664289212 -0.14990333310329 0.0787707379637844 0.314683313873295
0.0951241284515363 0.0321930398004518 -0.271314359224363 -0.0684162841767293
0.0383427741983073 0.0987008194690942 -0.16806568138147 -0.262353773626957
-0.0535991194544989 0.00537157376464129 0.0246201967544074 -0.170217679390999
-0.132636707998633 0.0350733998633567 0.0118269355042648 -0.267407312305795
-0.0263553874441625 0.181429797322475 -0.249880909041858 0.0380622772696478
0.129940655595407 0.11567161723852 0.113234246361751 0.348291685824088
0.0709714237586778 -0.039310262259655 0.290871029044878 -0.120879869781025
-0.051406018444504 -0.0173236438248995 -0.104343432002702 -0.163718458449936
-0.0230976610977215 0.116420439982828 -0.159250538308795 0.150344907546946
0.0889168358010873 -0.0199464842002582 -0.0971872660470062 0.090168793274275
0.337430823678974 0.0312786775816639 0.0416996697365306 0.138412013275296
0.277290456110047 0.432989724832494 -0.0546916533719411 0.175041652760259
-0.270736587152799 0.455508489807426 -0.0216007573817445 -0.128993562266221
-0.409926039068927 -0.0572799521253545 0.237002246757587 -0.0300093296096773
-0.00638666340726599 -0.236012608591206 -0.0276013375653132 0.180738247954321
0.202304651996509 0.0598476243129742 -0.215488206107668 -0.0493621236933285
0.132644284871861 0.203017072547696 -0.187928071515481 -0.180144677039233
0.0558646072689479 0.0832135685786662 -0.137752665286514 -0.125453586422065
-0.06217446650621 0.0709585028968534 -0.126885211999643 -0.069422467887581
0.0333529564900304 0.19528531366284 -0.118871715339888 0.18334721325647
0.166374868519139 0.0833686421905235 0.16466641800162 0.182922120939141
0.0273271087229463 -0.077243335900975 0.149097640035774 -0.177064205708241
-0.12181927185608 -0.00224606788599151 -0.0959315811269329 -0.116356521394842
-0.0782310734128511 0.180610470645468 -0.161746557108313 0.133149233155505
-0.0624742646725035 0.0971995260056545 -0.161675890273734 0.188970163071184
0.0481087492671782 0.041549928370289 -0.0788544956018081 0.168648188327863
0.0570809427722409 0.209726610384246 -0.0274707241639703 0.100693128246011
-0.231862430076907 0.192987049030463 -0.0335745947538989 0.00642572446688572
-0.214041871162592 -0.168979924059985 -0.0247850680092201 0.00985880691095506
0.140739877626567 -0.199380913160704 -0.0990831994616404 0.0324884155393384
0.276887063752772 0.0606179883368826 -0.128923469696398 -0.013743228772193
0.266023478110874 0.198185892764171 -0.140099222061113 -0.0269715831992385
0.306509126382729 0.0964672665904391 -0.160528409143337 0.0514631392663787
0.225302467718983 -0.0778248422620841 -0.0818156726986169 0.190283529776521
0.0647228638485412 -0.13172994245096 0.100223914886257 0.203229370973101
-0.0424138903972726 -0.112706349025754 0.15530234505851 -0.0379143247853583
-0.158076773889964 -0.0675434096067307 0.0468013858346554 -0.189047890086593
-0.17954740647044 0.0601704767060092 -0.0357454346252987 -0.0706892863814219
-0.151451089797145 0.175836175041807 -0.0933522102623648 0.0847458988094038
-0.235000797349485 0.124532966559458 -0.0829309748317861 0.189290904566895
-0.273083004715983 -0.0181004511033082 -0.0527350604980153 0.173425770909196
-0.205228208383504 -0.191775339161988 -0.0842762353655771 0.0484690691067099
0.00607297636629483 -0.252172716203581 -0.11073500060175 -0.0461939262386731
0.19541119824497 -0.183633012297253 -0.0969317910647778 -0.0719518143964691
0.290798714962294 -0.0484272100117544 -0.0408191449185853 -0.0400246795898437
0.305741900258665 0.0475463406999326 -0.0146577457772716 0.0222987442822376
0.312458385139261 0.0400574205722082 0.00093445699236639 0.084763149102194
0.303537782959155 -0.0892817884660566 0.0450798694736127 0.147339865374945
0.179604642210882 -0.242087348647678 0.109648998016588 0.14337452475199
-0.0985314661502913 -0.296436249890855 0.156327820606661 0.0248565623442994
-0.270547723992536 -0.144717386602796 0.138733412315412 -0.135958420258686
-0.26720708661346 0.0293830257610716 0.105831308950536 -0.16294931336345
-0.176236626854646 0.134737233288084 0.0642501168447339 -0.0752977158732193
-0.186691268143592 0.103903068547152 0.00775827134238387 0.0498318765117485
-0.212875529527461 0.0122634522748166 0.00676206609738571 0.179415106969375
-0.160528094673955 -0.0854505726305064 -0.0647795504125544 0.12617468842365
-0.0625417061723982 -0.191800642392732 -0.149706708566123 -0.0869098819541121
0.172681902490763 -0.203504789127652 -0.0363656419820044 -0.191112547370031
0.337110854539685 -0.017360427977111 0.0683080221480149 -0.102194648686739
0.303785284486046 0.122266092978834 0.0948266342990165 0.0109101976059314
0.282941578677054 0.0539600643950923 0.103246565938559 0.0415146228506206
0.190059618179513 -0.160747725534258 0.118786789355364 0.0209656057339382
-0.110077542730361 -0.225285726214922 0.0815379427343712 0.0139864523460674
-0.251225648838831 0.0523794683216874 0.0784673362155268 -0.00944094977146118
-0.0610996389487891 0.147659498412137 0.0927101800142436 -0.105216029535277
-0.0447454614712645 0.0233451479058072 0.140371553065808 -0.148207231057972
-0.125531284031364 0.0795404345581991 0.189095153824489 -0.1485105497768
-0.11404268869405 0.162178611418734 0.134293802822235 -0.125630417922237
-0.142348627560982 0.0251246054313115 0.0750106382757368 0.0724654433381384
-0.0372740657566938 -0.0671540397315383 -0.0683204731487054 0.188914720145527
0.0989825459385554 0.0155512677852957 -0.175940259080619 -0.0549573326125218
0.0510971305998488 0.125756473945212 -0.0104397602057524 -0.203115082618187
0.0095533849597229 0.0603732482536648 0.103742594270811 -0.0454042621288264
0.14018339413041 0.079856290447232 0.136061449919606 0.0446705031385145
0.197008497787178 0.185179364586116 0.173906303710706 0.134627615505705
0.218037382766833 0.0560287395979472 0.200713397360032 0.0592705100207622
0.0139094902885246 -0.245984143352965 0.0998677333533656 -0.175913420445529
-0.417844968049448 -0.132025196478261 -0.197708880857061 -0.0892752302743567
-0.39390516974819 0.391689500063186 -0.0353650866461319 0.0891951625739538
0.157938934896865 0.478058203224854 0.119372461454552 -0.166413645322462
0.295905033474966 0.0897188045225822 0.0168169765497965 -0.164128846002929
0.0674782349118447 0.0105957788266331 0.119634317256666 -0.0877549382971254
-0.0465838733775793 0.119277004758622 0.14188574623161 -0.160135056326216
-0.0628554307188732 -0.00185420299670564 0.0859149284181933 0.131255863268449
0.0474764725010407 -0.0482476584136344 -0.230972235474696 0.148847992080118
0.110331347876489 0.0895446522208446 -0.180788960126523 -0.27068260684628
-0.0223724122180266 0.175313305577468 0.178738937588289 -0.121608467074567
-0.109678909834923 0.0699417131072096 0.0415219613157994 0.208816952217137
-0.00692095947483065 0.0345728562775133 0.00309282945053415 0.159760142762865
0.0855806782908619 0.123902958008256 0.166720869600601 0.235140150419517
0.128206933148324 0.0302840658871954 0.272178915528533 0.0791469920394339
-0.0628136055498026 -0.173261821288432 -0.0179419003442676 -0.341961376925648
-0.317483010948288 0.0108787604677647 -0.473290428017831 -0.0211152136740917
-0.192823425995504 0.333443981480413 -0.0206476319540255 0.25705369909113
0.180559172553504 0.320283960719455 0.166210552393011 -0.21743440267395
0.27884872597254 0.0331760579343647 -0.165448703902503 -0.158416806401127
0.099051187640861 -0.0497563830751665 -0.0151098292186039 0.0344814553437813
-0.01157275973282 0.0517414786869988 0.114571613335806 -0.146411639790599
-0.00317194806274042 0.0021498430624985 -0.0980467538009527 0.135814843347444
0.00596963076747814 0.000103426497885914 0.0750593340449993 -0.0949439268471275
-0.00466948287102938 0.0219708013109307 0.251571272915431 0.128238932531841
-0.0270568582193163 -0.0113705284657356 -0.140676559534186 0.253674323537164
-0.00398220003933957 -0.0637035132455036 -0.0577086445195479 -0.28835964769798
0.0433545540035329 -0.0150143921540266 0.523423904967191 -0.103380107294754
0.0048899086563757 0.0101766497293277 0.11928031381445 0.374339657292816
-0.0191738293037084 -0.00504839890989814 -0.290243432681381 -0.0654586862797722
-0.00914443419388827 -0.0210763160291082 -0.168192232710522 -0.269587476440084
-0.0156349845598219 -0.00807373383736817 0.0895149424424077 -0.168145368859084
-0.00602433648557469 -0.00861015289602492 0.0577137063945789 -0.31514899020191
0.015963163247854 0.0090271793858988 -0.274489770230597 0.000203873449297144
0.0159186851762517 -0.00958985602185953 0.117701627323119 0.383371267238545
-0.00206871325155594 -0.00570196438820957 0.334287425735773 -0.119045977856923
0.00678997689684388 0.00556270019241068 -0.105099671320677 -0.181787595605763
0.000433884392503583 0.0472278291746144 -0.118777415443495 0.144335470064565
0.099480098820249 -0.0611229870586921 0.0210627563848757 -0.04513050228485
0.278349857645188 0.0282410950588753 0.202096392223755 0.116017642435956
0.184815765172564 0.299937338409418 -0.103323754633171 0.244074352837204
-0.172647636685524 0.282732874108913 -0.0638787465252045 -0.250716502578867
-0.267710864293018 -0.0102289421218829 0.450994518307852 -0.110678689179371
-0.0474407472782114 -0.151971433706983 0.0851566060500911 0.317598596916506
0.0973121165161236 0.0314733351698363 -0.278128976841437 -0.0635585864834359
0.0405593905904964 0.0993351627616809 -0.175127420843055 -0.263253794045526
-0.0557298692935312 0.00615603530925636 0.0246302729989792 -0.173266539671695
-0.135581150075261 0.0390772483660567 0.00756454812050129 -0.27325598106352
-0.0221100863388535 0.185221554882673 -0.252168734030392 0.0430954389323485
0.135923280211087 0.115360168715544 0.122242349393435 0.352102148462485
0.0715598374636697 -0.0422942104960122 0.293803323827672 -0.12923729671661
-0.0521167778695502 -0.0170195118791517 -0.108441016825327 -0.164797107515048
-0.020584571095602 0.119091630915275 -0.158805973446885 0.158026615640478
0.0893980766162325 -0.0221607039240535 -0.097719778210126 0.094774573354991
0.344942649416432 0.0219941356716425 0.0460380518704968 0.139634958364871
0.294309404227477 0.436739819165276 -0.0519422532044659 0.179543612451557
-0.267188251685918 0.469545928177858 -0.0231521893254618 -0.130890775004888
-0.418575928960172 -0.0504817266405591 0.239352186112226 -0.0355905684152989
-0.0111187566073348 -0.239973226101866 -0.0261311750191226 0.184187801223912
0.206857801219273 0.0571524155026455 -0.220321022364666 -0.0468036861936568
0.138853355633322 0.204376782893631 -0.192423266460303 -0.181311803382669
0.0553815283540997 0.0830083267221346 -0.141383515301518 -0.125629777846376
-0.0648761360413148 0.0755118351264179 -0.130326542536096 -0.0700436255405828
0.0372301384055045 0.198971842348282 -0.118204037962507 0.188296615226367
0.172961802118366 0.0815557911594607 0.171259434191699 0.183829137335278
0.0268338156334782 -0.0791713043236666 0.148938005056087 -0.184882751358192
-0.124161846611607 0.00120799790294796 -0.0994241006943783 -0.115232482944229
-0.0752252973636838 0.185701833064562 -0.161653022074566 0.141023985455543
-0.0624111237150932 0.101605917225277 -0.159540703582472 0.1968510649102
0.0486265636458382 0.0425897926811498 -0.0767042678004113 0.173493923421821
0.0611878326524079 0.212570033533843 -0.0256617548065788 0.101837654417596
-0.230494489044823 0.202965439272232 -0.0324771840145766 0.00575173807179079
-0.221349039203297 -0.1669034612403 -0.0267147935112806 0.0105704736813075
0.139652968339629 -0.203525647147688 -0.101536518482846 0.0342254373686765
0.283900926686372 0.0552370318143897 -0.130222798479092 -0.0132579888041181
0.273212550886171 0.197937270841434 -0.141722477737574 -0.024899054415123
0.311634668155899 0.0910343929060985 -0.160055596147093 0.0543212887943841
0.225436260891684 -0.0833862376178693 -0.0803986559838928 0.193530315864852
0.0626969809267391 -0.134656234158183 0.10554170572659 0.202783574857518
-0.0449618359907267 -0.112840876860672 0.157224091500294 -0.0412333263763775
-0.160768823486339 -0.0651888771367481 0.0434754784567033 -0.193446121832518
-0.180751941754149 0.0655905439400307 -0.0379316555325943 -0.0721852578174075
-0.149069739043009 0.181941031498455 -0.0927225992783614 0.0885634703072155
-0.236000122092487 0.132769667507032 -0.0804814889850922 0.195493408779502
-0.278908703064173 -0.0116555248861978 -0.0496664200687105 0.176801514562886
-0.214611882996868 -0.191109580051191 -0.085629839928673 0.0501162365479944
0.00146153773555522 -0.257535339194269 -0.113208664866286 -0.0469135422082407
0.19565573766076 -0.190643987488216 -0.100572689678732 -0.0706254706785396
0.293773381001702 -0.0534706272968781 -0.0436837793409029 -0.040057759809614
0.311749246854738 0.0426959782130599 -0.01391028748046 0.0225708336509868
0.317643935179795 0.0345910487509084 0.00256769998733295 0.0869291347539062
0.307592716981666 -0.0964534177039755 0.0507672498025521 0.14787928089869
0.178052105426163 -0.25120209707696 0.113970930562442 0.143277812374037
-0.106876264243711 -0.300636352016085 0.158511697463237 0.022092754119899
-0.280275721612967 -0.139682596434587 0.13789111970697 -0.140469169484311
-0.27176067183279 0.0357748643893431 0.104002054436388 -0.168444318197665
-0.176504813293454 0.140902308698796 0.0633964496088814 -0.0790075574562685
-0.186618936807457 0.110090258884812 0.0103461684549316 0.050505143800492
-0.215613429547381 0.0187808693720701 0.0116510358878927 0.183264267335989
-0.163221162594624 -0.083973411840436 -0.063518315833774 0.128122085902452
-0.0675125099533543 -0.191980494861975 -0.154556668147024 -0.0851904819296507
0.170945370534217 -0.209664265946447 -0.0420420196634765 -0.193884452434539
0.341643382259826 -0.0244966641292528 0.0675091541560841 -0.103465790316884
0.312543248517755 0.119271736504951 0.0957291364878113 0.00976823860490753
0.287690935975155 0.0490474302935489 0.106006737350825 0.0412075089976162
0.190180834316275 -0.165379798653078 0.120895988180351 0.0198773003422536
-0.116290564771873 -0.226782399910941 0.0847136551172554 0.0125317508097495
-0.253053270570175 0.0576692048225098 0.0791840998476358 -0.0118548937240241
-0.0597048710780914 0.151317162382287 0.0914286866594138 -0.109847484709363
-0.046532334780072 0.0259333901677186 0.139321729487492 -0.153459013174011
-0.127175255316284 0.0844142217224732 0.188145411823742 -0.156119316007063
-0.113241379258762 0.168465461972908 0.134092032063501 -0.131372007352116
-0.143348274639481 0.0292762370546204 0.0779824975298265 0.0730221825124074
-0.0376117489221137 -0.0681137069759974 -0.0644687871055596 0.192894650423498
0.103193839416393 0.0140849055913666 -0.180969591509136 -0.0527267903321921
0.0567069859444381 0.127228199207902 -0.0141181870886865 -0.205518896213249
0.00942220035112393 0.0633680636917904 0.103525981358051 -0.0474445469230431
0.142207588221973 0.0782371950203644 0.139164309406429 0.0441919346535329
0.203473518407166 0.185771181248824 0.178645871962628 0.135061535417046
0.223571294821156 0.0528109634464252 0.205217635353578 0.0568066338398123
0.00961726473397652 -0.250454832081485 0.0973930642111954 -0.179804061359813
-0.427287948448838 -0.124692008447248 -0.202347770618593 -0.0858827582633034
-0.393069423940991 0.408970556061125 -0.0349982007309296 0.0913845727990657
0.172192841750749 0.482162225098787 0.116295553294995 -0.171550612979977
0.302292296368296 0.0844770857873323 0.0126272881981283 -0.168244100040652
0.0690480283867603 0.00978571291375648 0.12021207827351 -0.0921587854987901
-0.0448496476425329 0.12314535058767 0.140988714086076 -0.16584762489737
-0.0638044613102064 -0.0010801910273654 0.0900040641608533 0.132437181425039
0.0481318391851496 -0.05143867666722 -0.232143450398864 0.156673187601528
0.115079487062478 0.0878344568345396 -0.191515367105099 -0.271501748563001
-0.0180811577876592 0.179594065829972 0.180215954731662 -0.12603512488334
-0.111219603955525 0.0744724002810036 0.0456224864704788 0.213577529885843
-0.00791246432771659 0.0349604823889738 0.00433036285008286 0.163220074443889
0.0895353582464635 0.124761552851218 0.173496838728958 0.238272773049825
0.129912713131197 0.0297514005869116 0.276811184401397 0.0762306810186811
-0.0671290424809561 -0.174950783805459 -0.0249960275356191 -0.347480226900259
-0.323109484322135 0.0181988608590923 -0.483952067513472 -0.0108566776631822
-0.189286313801262 0.343814293610736 -0.0190105958310331 0.262658147471341
0.190557383035002 0.320987003354212 0.163589877821887 -0.225345525134879
0.285024403895638 0.0273226431624153 -0.172222260909481 -0.157834922965646
0.0998962016694919 -0.0532050595031048 -0.0139100728221456 0.0339838453107552
-0.0103624196062425 0.0526516380204171 0.11218471029585 -0.152533415395401
-0.00205745426707104 0.00279023925659248 -0.0864928852455688 0.146995846191283
0.00484535679152872 -0.00130422087131113 0.065699675023336 -0.102059739089354
-0.00325335142619988 0.0213727202824069 0.267644067569562 0.106937023313553
-0.0292282194084414 -0.0101852330142814 -0.11954669896823 0.272716496242463
-0.0100240055702889 -0.0641950151710625 -0.0860164012520827 -0.288680701452156
0.0437640759365096 -0.0180708642116954 0.521664151931823 -0.152329000251333
0.0060844191568899 0.00997741913525869 0.154046374702979 0.371394774209558
-0.0193749290630728 -0.00292549054133321 -0.301416788276793 -0.040824669723943
-0.0128651544078292 -0.0208568636644623 -0.194330717038876 -0.258777795303782
-0.0166266369209032 -0.00643735429218937 0.0787311926911937 -0.17894995974872
-0.00829840161825992 -0.00774428799408959 0.0320732308288779 -0.328353215552094
0.0173601887199405 0.00985886609255406 -0.278050411313109 0.0238106208984294
0.0185036932134623 -0.0129745604354042 0.153696294191214 0.377596874097522
-0.00362560219534586 -0.00981911881791799 0.327409452702782 -0.149552188648831
0.00479698870298777 0.00406659934315462 -0.122217591161962 -0.173657146912728
0.00647727450589944 0.0486011358898431 -0.105796417238362 0.158282678296229
0.0938044771178074 -0.0715760031438219 0.0143804810825541 -0.0454978210948875
0.284144289282659 0.000396810848767203 0.216720977375599 0.0997151870576609
0.216275315534413 0.285185326940454 -0.0831572815974737 0.257146389483389
-0.147770454881627 0.304774259508394 -0.0868860545412989 -0.251810733397096
-0.27126482381146 0.0150756101252205 0.448940225443861 -0.155116039087509
-0.0623461773590962 -0.149846000367189 0.114250935610695 0.315809719128768
0.100721807227022 0.0224191824510064 -0.288092039781776 -0.0393713526854236
0.0488495668447717 0.097578369534401 -0.201193837253626 -0.251029585689912
-0.0579857139220785 0.012607955281853 0.0122180672387469 -0.178560526654059
-0.136927841375576 0.0532107399015097 -0.0141875930726927 -0.280777675759495
-0.00535562888075891 0.191846019070321 -0.25001639805551 0.0642632326104409
0.152351549790249 0.102595300728627 0.156617762249325 0.345208759462867
0.0696806225605932 -0.0528463359916904 0.285781909535481 -0.15763458913262
-0.0568360199708512 -0.0123106784610658 -0.122126576073056 -0.155905352528142
-0.00905541718640613 0.123445099987544 -0.14381220223279 0.176614803449659
0.0871501938733163 -0.0294571318392306 -0.0912798257825239 0.107061770985598
0.350389256729358 -0.00940447878582545 0.0591374891955314 0.138681941500678
0.339508197703176 0.413764265954205 -0.0386376481808281 0.186008002402947
-0.22690814971812 0.504860672623486 -0.0337825586714415 -0.134064580144145
-0.429243926392628 -0.0135957038051055 0.240317276964755 -0.0579440742918109
-0.0333992633810598 -0.242725853114446 -0.0105575262141569 0.189391012247995
0.214088142865396 0.0386739326933215 -0.228829395016173 -0.0281068020934865
0.159349564671115 0.196535942927964 -0.209826480501564 -0.168487437759071
0.0621384823665505 0.0796781476431009 -0.153915739993115 -0.117086494915549
-0.0616684519550972 0.0844077615956714 -0.139441311957156 -0.0613038263816912
0.0585901196594641 0.200462147556272 -0.10308749295768 0.200619659307775
0.185733615232306 0.0648693689497623 0.190346932043756 0.169623628183035
0.0193924816857717 -0.0861922349965284 0.132427611785836 -0.199286481181959
-0.126401612703413 0.0128672577778275 -0.109575877971523 -0.107452347848429
-0.0587637879218967 0.196556924494206 -0.148308658365422 0.157947938327844
-0.0537971221737034 0.111381221792491 -0.143155795273812 0.216349491401507
0.0526553253558448 0.0386605881431988 -0.0606927905023441 0.182730953070531
0.0830272228317362 0.209338654543827 -0.0182608902878061 0.104219371368983
-0.216121714298984 0.226974640434989 -0.0308502049492683 0.00652487389514934
-0.239729589405452 -0.1492047499727 -0.0270815379351988 0.0136747213643404
0.122587911998314 -0.220000531554485 -0.10239054682174 0.0438270311422728
0.2929132570002 0.0300920481532796 -0.133775386268687 -0.00250963590405941
0.295360913263838 0.177651365433564 -0.144643989565738 -0.0149393761420465
0.322232394774528 0.0643384945367729 -0.160414043913486 0.0665619848488463
0.221703446802657 -0.104689805399722 -0.0661172325431 0.203582088634986
0.0527779833675626 -0.14159768752923 0.124993262369192 0.195189224182508
-0.0543769062775481 -0.110293091815101 0.15417819694381 -0.0557039025407043
-0.171163136084792 -0.0522897404798542 0.0257845440815595 -0.199430967151718
-0.178438832679652 0.0837672991669828 -0.0446430850654958 -0.0700728403718251
-0.133043031403948 0.198807455670437 -0.0838744137878567 0.0978773475483722
-0.225258525431061 0.158226513737252 -0.060702667791467 0.204708899648713
-0.28443066167465 0.0158800873139531 -0.0325812395370884 0.181767313887236
-0.234930015585925 -0.171354772836801 -0.08230978604912 0.0582177968372425
-0.0221073449454986 -0.261824118278222 -0.119441019770613 -0.03735467316693
0.181408080531152 -0.21178754252743 -0.110821900748492 -0.0598726953132799
0.294991334497547 -0.079757349510279 -0.0502412268284029 -0.0361014448347553
0.319943274243122 0.0138875431697275 -0.0117259401066639 0.0227767402157996
0.324751300544854 0.00615047363229688 0.00961606939228212 0.0871693612273934
0.302799670665174 -0.126432094739376 0.0633238414304631 0.145176543140192
0.159147291655092 -0.273932143759852 0.129420542374179 0.135298925536942
-0.136905831832306 -0.296020097544481 0.163119077277831 0.00908653731988633
-0.299273336602892 -0.114984742725195 0.125635111428019 -0.154187109236038
-0.273127217796458 0.0608627693202674 0.0892606548915631 -0.180092221570084
-0.165762550321674 0.159449351708406 0.0567154260468029 -0.0866491251525236
-0.177549607880187 0.129486555002801 0.0174087325046031 0.0487074759543529
-0.213619489305133 0.0397218637886537 0.0316636749587113 0.183645961810836
-0.172195098013191 -0.0689503788121215 -0.0531254030514672 0.134891515957937
-0.0849180332931198 -0.187459041615969 -0.165011668430734 -0.0695291997723281
0.154961076890545 -0.227938336719703 -0.0629055720407444 -0.193027541196422
0.344087850703391 -0.0555614606276727 0.0571932462109858 -0.109427861839681
0.327470297425223 0.0946224842761856 0.0970582715555083 0.00146155039121406
0.296806360180422 0.0231096122591981 0.110959868535848 0.0327175898453365
0.179717630982271 -0.18656668711728 0.123196904815315 0.0101148444158706
-0.13854918493395 -0.220144743683127 0.0893585053325973 0.00656601473834651
-0.252298878689734 0.0827231584875157 0.0808658248662646 -0.0203456669636693
-0.0471669990006297 0.15817978403807 0.0819520863762864 -0.120360421533503
-0.0482732372711762 0.0312185788472624 0.125633147691981 -0.168541773266016
-0.121402823261386 0.0957903859602675 0.176436549120165 -0.176356560390914
-0.0993817714362635 0.180404960545621 0.12318067532196 -0.146534866219776
-0.140317937015572 0.0432269887863147 0.0874970840039928 0.0646480101832244
-0.0414728473021826 -0.0663460263714662 -0.0467839501956951 0.203135874394572
0.108360667249245 0.00553247283996685 -0.19028891372229 -0.0374407394896264
0.0715577439711798 0.124906034545168 -0.0330387828624304 -0.207435390879478
0.0151504908872139 0.0658015399065813 0.100513325376988 -0.0557035769585475
0.149350261229954 0.0677897907518124 0.143203540391877 0.0338441401873492
0.222277475576693 0.170771833063733 0.19388979881084 0.121973494903282
0.230710706190825 0.0331517464587038 0.214436253939868 0.0407623343806722
-0.0127040138357344 -0.255447961419009 0.0830865728469927 -0.190052119675365
-0.444963337487986 -0.0857828286788608 -0.211423816443655 -0.0682713532987017
-0.361732873330148 0.453763923044853 -0.0262945362560582 0.0940881735953218
0.219897274350416 0.474576142905137 0.10069761381892 -0.18653412913272
0.313725994094204 0.0575202012188634 -0.00368743293226365 -0.171611568506989
0.0699634567694292 0.00180082221309002 0.113436568293138 -0.1055756996851
-0.0330518659286376 0.128577593447214 0.126054097563868 -0.182666681023555
-0.0628758545614614 0.00445497210402772 0.104313954937978 0.125071225420074
0.0442267310977731 -0.0559906254892983 -0.222123102121465 0.182520479701723
0.126935626509151 0.0788775250259372 -0.220824770970946 -0.25856204138221
-0.000644333940689735 0.184628850883394 0.17175686262693 -0.144024542646774
-0.106199236801638 0.0870284896145283 0.0656473862914092 0.215320677529036
-0.00703393928621967 0.0363642919300576 0.015979966735774 0.166669548406785
0.10072084074477 0.118622356430742 0.198070330465261 0.227828891701688
0.134834041967313 0.0176699496962802 0.289269294767252 0.052046169858859
-0.0850881013892675 -0.171843950577369 -0.0537906293656501 -0.349275117732984
-0.326111364328442 0.0488277656909973 -0.491609974241201 0.0313743503986292
-0.160350269260718 0.36816711706507 0.00623723130813958 0.267600217563376
0.222575118489893 0.308390837832141 0.143052166155253 -0.244329473639916
0.291297879834896 0.00141670596396144 -0.188426349320447 -0.142896082548193
0.0964023321535265 -0.0622497637656202 -0.0102677989956722 0.0350789355984556
-0.00530788999498266 0.0544027172931319 0.0989466157368404 -0.165258312886748
-0.00130689556517217 0.00247940600368363 -0.0822317757722165 0.154575018990044
0.00510504837951726 -0.00130832647843443 0.0599477286840396 -0.103956963445061
-0.00193436631906237 0.0210287619883071 0.275394411849102 0.0975203518944186
-0.0301951676959255 -0.00953584046116382 -0.109956343867412 0.282006075493215
-0.0133133354909698 -0.0645921083354715 -0.0975722714507672 -0.288903639947357
0.0430208391438504 -0.0194846648693152 0.521891576680871 -0.173970436440751
0.00604672335402588 0.00999519536966924 0.168820253494446 0.370330396333034
-0.0200672764483909 -0.00186810781740924 -0.305298667017478 -0.0303095327628717
-0.0148588688748969 -0.021250628639656 -0.205182914151595 -0.253690213056279
-0.0162550722709275 -0.00544283019648678 0.0760222953205071 -0.185229125949789
-0.00835280398918098 -0.00679953608492595 0.0222956962364529 -0.335318046295291
0.017997246316638 0.00885079382798312 -0.282078549071919 0.0330080551281622
0.0183864905398923 -0.0134605588219268 0.171514339838776 0.376580251630978
-0.00368484187229147 -0.0103752043281759 0.3266820384911 -0.165309622293887
0.00416295765488885 0.0036201956446016 -0.130991618960833 -0.171691281645701
0.00767756445105388 0.0500204041180608 -0.100724295170502 0.165957743633228
0.0916017427898926 -0.0758501281196214 0.0118910279719197 -0.0449916237972539
0.286977294497175 -0.0118933553744895 0.223329478464486 0.0921079710377709
0.232453216742105 0.280778080353765 -0.0736689872924498 0.263708966670823
-0.137615361907411 0.312895671427536 -0.0960194857605926 -0.251481052541419
-0.274751350725861 0.0245529459434659 0.446892547247406 -0.173447529592902
-0.0688604499391814 -0.14993993480034 0.12508571259957 0.31601938048695
0.102970569905524 0.0199938364040404 -0.292205584811596 -0.0306828495871943
0.0530528650560718 0.097694909237263 -0.212610652596271 -0.247094947129823
-0.0585978244650869 0.0149884407302115 0.00873144677740548 -0.182261580418205
-0.137655177813372 0.0611679513425365 -0.0240806447158489 -0.28477698152612
0.00212302660920719 0.195070770904307 -0.251595004092266 0.07400334453973
0.159449898476496 0.097097061425307 0.171355559072341 0.343198138471014
0.0699763802428147 -0.0573953864073133 0.283399771635514 -0.171728085545589
-0.0573644723177765 -0.0113328679369153 -0.129166965784723 -0.153975915731445
-0.00394238945306796 0.126791896612086 -0.138343635353932 0.184713001926595
0.0865931119875687 -0.0321248390403985 -0.0883577778640409 0.114124095242913
0.35395133353749 -0.0252897812909783 0.0656143141906533 0.13817031660597
0.36302063627172 0.403290354790648 -0.031504859225088 0.189190670311912
-0.209771238989875 0.518932532305503 -0.0376326945615998 -0.134643553316793
-0.435992953783459 0.00409005377530529 0.24080508815566 -0.0675298359021316
-0.0428191343215304 -0.244176153065892 -0.00599401861764123 0.19155705736432
0.219175257158704 0.0312236666258178 -0.232158170298455 -0.0213258608435218
0.16890994144645 0.194732817839585 -0.218618831383964 -0.162838272423099
0.06310486717879 0.0784601139393903 -0.158905255818841 -0.113057417495485
-0.0615634179023153 0.0890862444747001 -0.142630246444468 -0.058463665744156
0.0666982028650004 0.202142090278461 -0.0967676205087358 0.206345894491569
0.192800867492813 0.059014225403324 0.199406953065095 0.165653825786116
0.0190262507983542 -0.0879154573989494 0.127149516760856 -0.20591577482034
-0.127136772814642 0.018257431493717 -0.11499409642751 -0.104884428021781
-0.0521130594742515 0.201032744161707 -0.141971309831714 0.165459817904082
-0.0504605095850329 0.116337623520133 -0.135004966072837 0.224480518479118
0.0536603378245326 0.0378265232956976 -0.0538028173078321 0.186499850987844
0.0914674640285017 0.209575284059204 -0.0156561875298547 0.104849448287703
-0.207358572533101 0.237746441523354 -0.030310715969459 0.00668027999330503
-0.247982635884005 -0.141709293499109 -0.0288407696655508 0.0155620496020578
0.115803882877315 -0.226085135933843 -0.103630849287199 0.047865200716383
0.296973744044176 0.0186665398847574 -0.135003864093806 0.00136073813936081
0.305226679792396 0.169693106989897 -0.14576820060897 -0.0108704111894791
0.325991400523902 0.0540727114687921 -0.158971752108992 0.0718783378610472
0.217783269969124 -0.113146477997522 -0.0593493821858829 0.207177218119016
0.0468073856159823 -0.144128021830365 0.133378950024135 0.194019039979111
-0.0583436993010995 -0.109254967677988 0.155033533183023 -0.0617310061898454
-0.174996229882195 -0.0455589340624924 0.0166005525790163 -0.202625301628637
-0.177782210081824 0.0927948928469829 -0.0472092420432159 -0.0698509007267743
-0.12554687790749 0.207720579940739 -0.079531453121006 0.101854267716898
-0.221634821041207 0.171727865991062 -0.0522180668082272 0.209771230578314
-0.287321867384632 0.0294884808160376 -0.0252418198692416 0.183636458244206
-0.246366070442779 -0.164746064473725 -0.082541155713026 0.0614699842921365
-0.0312709267403883 -0.263812821507964 -0.123070306397692 -0.0345030984967839
0.176884139281394 -0.220007104058726 -0.114850789161069 -0.055316073410315
0.29459243435833 -0.0905477105192249 -0.0532554772918413 -0.0335558679098084
0.323989422766829 0.00156988922278152 -0.0107142890785514 0.0236336751066116
0.329284434487057 -0.00467442495005374 0.0141664056464983 0.0875759674255843
0.300819819974856 -0.139242961318032 0.0700656365721359 0.143349449650418
0.151048728140204 -0.284603685749509 0.135023701909426 0.132723640405873
-0.15148374384788 -0.294305639484136 0.164621594861728 0.00178759522291029
-0.307639616327706 -0.103322151131783 0.119944630191622 -0.161180037355027
-0.274517899698531 0.0724811367516237 0.0823453906437305 -0.186709033268547
-0.162479307192981 0.167349834851786 0.0532846781590589 -0.0904634901760017
-0.173266342993596 0.138469788981029 0.0186971089916743 0.0477206515202917
-0.213565037695563 0.0488644153726741 0.0394307338587471 0.185183864604873
-0.176287593249495 -0.0624970723486238 -0.0482550892715373 0.137482743174743
-0.0912005010332886 -0.185957377204082 -0.169759598164643 -0.063333017383809
0.146938428453469 -0.235161684270422 -0.0708924391246824 -0.192712715160234
0.344994833303949 -0.0696107565350038 0.0541847566753464 -0.110935183182699
0.334362151891748 0.0846246103592453 0.0977759743657387 -0.000159723759074829
0.299047503212943 0.0123941672988583 0.113847839510405 0.0286417201876432
0.174240103719294 -0.194605969301202 0.125337650409923 0.00729658047378053
-0.147698344083501 -0.216832108450827 0.0929935274191246 0.00356759138272975
-0.251380361596194 0.0919595034327271 0.080513817596056 -0.0237875326791193
-0.0430551926443465 0.1611376332712 0.0783021345193974 -0.125032667163703
-0.0483575745288344 0.034632266723277 0.118776821709354 -0.176555440465745
-0.120557770749438 0.102534887392467 0.170996847396946 -0.187019033146198
-0.0927331481644103 0.187247375794169 0.118943772375256 -0.154355722313127
-0.139011049744655 0.0493199548024581 0.0913781544898522 0.0620733723721036
-0.04306689601095 -0.0675799590741138 -0.039911061484966 0.207715522882657
0.112790124833991 0.000871306585394268 -0.196002074724649 -0.0306623881150873
0.0787859972301684 0.125168496009521 -0.0401095585605447 -0.207424548620238
0.0165617397358654 0.0671204435667833 0.0997309137284018 -0.0584100242069315
0.152597585548504 0.0614105269218357 0.145919306373763 0.0300923586640679
0.231895748700251 0.165442566944922 0.199289351547178 0.118663390888332
0.23388760342083 0.0260812109568112 0.218013765116752 0.0336124538361982
-0.0213758903291141 -0.256917551525379 0.0777602107376111 -0.194612059345276
-0.452704055544026 -0.0699100070125965 -0.214556194081626 -0.0602426957346633
-0.348966220145739 0.473352477994037 -0.0239367815325756 0.0962254495415858
0.239889786734243 0.472025891946736 0.0937627855873341 -0.192688313126678
0.319164704749337 0.0447488634305972 -0.0115255959217437 -0.175115025764539
0.0713538255659189 -6.93758296971777E-05 0.111914627508234 -0.112538546555711
-0.0283371018154387 0.133022247433837 0.120153456716281 -0.191080787246118
-0.0625723420128294 0.00686701435015443 0.111030321761684 0.123090116714085
0.0432559263592897 -0.0594853048276074 -0.21835857821554 0.193883821654764
0.133295538943476 0.0742883908507606 -0.234581832893248 -0.252224995345502
0.0053914691148553 0.18686857608609 0.16858447765096 -0.151239387447221
-0.106325705033576 0.0933025146701655 0.07235791313248 0.218702579483567
-0.00667335846346424 0.0369552346071793 0.0203557660432778 0.169386722823788
0.105460082489022 0.116601540453952 0.208038732240075 0.2237787768537
0.136611399814278 0.0138779664840247 0.294497981727093 0.0416749724653189
-0.0915670870832309 -0.16965629810158 -0.0662153954572937 -0.351200010276935
-0.327378988701105 0.0613076236014187 -0.496259344241776 0.052595498682307
-0.146224677738034 0.379212922010187 0.0151475725129068 0.270507057188835
0.237735923236991 0.303594527109078 0.135892612426594 -0.253070440245879
0.294106244543126 -0.0106568317426 -0.196903999365313 -0.137829623765381
0.094562247489173 -0.0675364167458127 -0.00774645601105534 0.0349799032127773
-0.00249539280738683 0.0564753568048845 0.0929127406545304 -0.172430081318496
-0.00132721354267629 0.00235468416586367 -0.0757100113313711 0.158709538787983
0.00407511604724462 -0.00185520454011042 0.0543359654139597 -0.104620187459043
-0.00240628582188504 0.0201489053367588 0.280205353621522 0.0855444577315641
-0.0312941714107633 -0.00893603351138945 -0.0974902211032812 0.288813936895286
-0.0164134737837577 -0.0643356895858435 -0.111383590361708 -0.285169007755589
0.0420077491404096 -0.0221348066898822 0.516369545566406 -0.195503378684025
0.00686413627866419 0.0096434236625969 0.181188922871127 0.364830426585737
-0.0204105704693206 -0.00133672096730559 -0.307589322091922 -0.0191578669474996
-0.0158905333434627 -0.0207463518915803 -0.215593240475303 -0.24556210985679
-0.0164362041654257 -0.0039751141316083 0.0724068593895087 -0.189775400242349
-0.00889077416601472 -0.00648304153064992 0.00940169001329836 -0.339339638824413
0.0182650484844279 0.00794290026517237 -0.281185103538987 0.0446744077229981
0.0176017997464604 -0.0146810546370428 0.187617489834224 0.371702568545208
-0.00469220491274135 -0.0104541270402433 0.322330288077382 -0.179197829713332
0.00438799986462652 0.00314420024538193 -0.139473227846098 -0.166715228075444
0.00964570006851071 0.0504803064175366 -0.0934872106347508 0.171237763752214
0.0880883489153788 -0.0795720029795385 0.00896269247378973 -0.0434861525754777
0.288319919055947 -0.0258044803610005 0.227881035614014 0.0823258154885363
0.243355107336311 0.26995159203155 -0.0625829191452358 0.268320420923984
-0.125038023821417 0.319893665895402 -0.106176980306268 -0.249599435463681
-0.275805226458324 0.0363838381950082 0.441312873353217 -0.191923281417177
-0.0740983240912627 -0.147221865118867 0.13565523753462 0.311532616438373
0.10306964699566 0.0167370779197365 -0.294221606646543 -0.0195894906135064
0.0567319100388215 0.0960943788651322 -0.221413823572624 -0.239018152475352
-0.0591657813637451 0.0177017416399553 0.00389761509807157 -0.18331506617393
-0.137129385558339 0.0674135598289225 -0.0329585961600798 -0.285319716778367
0.0109771709829334 0.196397980770767 -0.249974384000985 0.0836594610804867
0.164863183808948 0.0910701742073111 0.186886906451182 0.33929828699248
0.0674586696191182 -0.0609443707750464 0.27886748494669 -0.183949449646326
-0.057779855117069 -0.00870227057614903 -0.135796690611825 -0.149894617301028
0.000598858857402802 0.128726158767721 -0.129920212767533 0.192310576642457
0.0854783876484508 -0.0350434318985669 -0.0838556031724773 0.120015649517503
0.355053622707529 -0.0395366288136508 0.0712315302113322 0.136501445899353
0.38064858996572 0.390613402980522 -0.0233972208496906 0.191506735353445
-0.190138428974938 0.527877550393629 -0.0422975577631364 -0.13445866640854
-0.437333307415711 0.0212064388371101 0.236122382176422 -0.0764654588766991
-0.0522905968918477 -0.243470400256381 -6.98159597936133E-05 0.192330011526785
0.219493604266607 0.0230906299119984 -0.233840256201783 -0.0138050791128656
0.175728786545473 0.189398127155976 -0.224198902998695 -0.156246978369253
0.0641314284258212 0.0770861548860694 -0.162767527029692 -0.109517770933655
-0.0608832736799396 0.0949552934233699 -0.145404856251645 -0.0547733936578391
0.0761128320702676 0.201272906459363 -0.0892886175633156 0.21116115781189
0.198613220866277 0.0507609771133953 0.206801149212663 0.15862947815565
0.016211810994664 -0.0902894281682575 0.119682234110964 -0.212661809221084
-0.125843012715845 0.0243191737736051 -0.119268367265745 -0.100367155550389
-0.0428270574142473 0.20556945628607 -0.135204682362324 0.17360985031088
-0.0454496927230346 0.121385995033843 -0.126194322883345 0.233221804307434
0.0540881240548484 0.0375979755256543 -0.0458973400486313 0.189326711692395
0.0998291039615877 0.205677802051014 -0.0117829647544404 0.105867666973873
-0.198994814667573 0.246528731023613 -0.0287384348988681 0.00701821381883495
-0.254710672917227 -0.131966470560125 -0.0294703590827011 0.0168709478316852
0.108501558497649 -0.230412939644778 -0.104035609366585 0.0516184668422974
0.297968342545879 0.00848209117077596 -0.135015533435118 0.00524162711054822
0.312919487181761 0.158536903361217 -0.145897872220979 -0.00583970097507188
0.327688173235632 0.0411010127693833 -0.156300627911504 0.0764921823038474
0.212566467599349 -0.120240536910189 -0.0520881861128897 0.207980938898052
0.0415151307757184 -0.144794165020655 0.1409000445725 0.18798482111399
-0.0619438226886306 -0.106987115156544 0.152450652004751 -0.0677700572709748
-0.17615189850777 -0.0389410969014459 0.00906196051543309 -0.204444016245022
-0.175031206052127 0.100944104999127 -0.0514230863378006 -0.0683562169818769
-0.116823961210287 0.213351826836577 -0.075148790271842 0.105083916351722
-0.214790937220946 0.183373972858379 -0.0421108454898931 0.21339266232214
-0.288304267693963 0.0429797152031408 -0.0180281127393748 0.184631039134581
-0.253237304689485 -0.153543253786997 -0.0814486542657525 0.0657848221193781
-0.0429162461599854 -0.26538544326578 -0.125813281279004 -0.0305045011234771
0.169327791280878 -0.227407119604171 -0.118225898929726 -0.0507900576705607
0.292526834296926 -0.101559875447904 -0.0561491295173978 -0.0318053230354506
0.322095415766491 -0.0118444528062725 -0.00997441334502239 0.0235456939803007
0.330148485389265 -0.0175477053082891 0.0181916018122948 0.0887053363873232
0.295632962769657 -0.151197469201349 0.076982458428284 0.140007303024956
0.139881151986893 -0.292292707423322 0.14071921233696 0.126891469527158
-0.164586686863832 -0.289050367801173 0.164529167439393 -0.00496494744194584
-0.314221469001424 -0.0888086583728775 0.113775842340836 -0.165503649583561
-0.272981558043975 0.0847503994689157 0.0739575967832005 -0.19126186345395
-0.155554168961369 0.175420341068979 0.0495866037500328 -0.0932752518026443
-0.166352088393868 0.145614771610326 0.021979906845747 0.0471427472523132
-0.211709869517597 0.0572029368704352 0.050094907319046 0.183067702990706
-0.177570209315915 -0.0544587350832514 -0.0442133245135354 0.139997141845418
-0.0978514696010494 -0.182219727539746 -0.172919759938867 -0.0563232503582535
0.13798549536077 -0.240693906250625 -0.0790316156683419 -0.190086827520347
0.343132948702411 -0.0825742354256548 0.0500357251036178 -0.111989226223677
0.337964539252384 0.0722570652165864 0.0972923113015032 -0.00125060773949142
0.299413791077445 0.000706471469787983 0.115880482231374 0.0253762007107729
0.166946077831677 -0.201681991718599 0.126562056905849 0.00350191238925107
-0.157020721436645 -0.212053328415175 0.0946521946920733 -0.00141848042887697
-0.247039864800608 0.101530784992046 0.079765146124556 -0.0263026636998691
-0.0372315647003949 0.163229762847514 0.0729224574511881 -0.128590110146885
-0.0482464063876797 0.0373576810320832 0.111326069591359 -0.182798458939112
-0.116935121019959 0.10841458069643 0.165093727392086 -0.195278397570568
-0.085733006299079 0.192599845956879 0.113083855080498 -0.160732131269128
-0.136462620451414 0.0550666061447997 0.0948242913582653 0.0588762894116098
-0.0456462857528937 -0.0675061063554554 -0.0301678004071087 0.20907188019438
0.115230083841644 -0.00432129237956404 -0.198157512653368 -0.0222116370999287
0.085674529297247 0.122062765912348 -0.0487833450786075 -0.205573828432636
0.018733619486823 0.069405525032105 0.0977758931108699 -0.0606191364114893
0.152758530639448 0.0558882142528243 0.146716690070668 0.0261808854188028
0.237620747945737 0.157729789269919 0.205788245778168 0.112914264827617
0.235642015372985 0.0176930320739206 0.220120842655549 0.0265695729988959
-0.0315623033184658 -0.256225849885658 0.0698252779054931 -0.197043742679289
-0.457586284781406 -0.0529966720603356 -0.217874856890924 -0.0517398912251523
-0.329684358971194 0.488771471710573 -0.020855396166187 0.0974404257528757
0.261046625289086 0.462691199715414 0.0860742931893923 -0.197777286298094
0.321571261870721 0.0309779059559993 -0.0183751548484981 -0.175294244272424
0.0714263300991093 -0.00322711322816128 0.108141802667863 -0.119023996688554
-0.0223829437816223 0.135309389926372 0.112585501645032 -0.197929910582028
-0.0619432423806095 0.00937008676802116 0.117260084405322 0.119808069652922
0.041198346284993 -0.0624537734996498 -0.210156828721746 0.203553834601046
0.138090656832108 0.0687213506308419 -0.24592701660546 -0.244401698083129
0.014320451157213 0.189445631811506 0.164426582321413 -0.15773584597496
-0.102962858028035 0.0982896740172149 0.0808355169959466 0.219230646417247
-0.00697544608090914 0.0376888716049117 0.0247723930439722 0.170506685655002
0.109411211657327 0.114117645974427 0.21783193459759 0.217496560081419
0.137104505194441 0.0107397125085588 0.29689934878086 0.0321154389768018
-0.0976258240773835 -0.166176606017899 -0.07943080390219 -0.349757653916063
-0.326464875356476 0.0754029802701098 -0.496219784171827 0.0714854103787589
-0.13234439716419 0.387066839014565 0.0248197324229066 0.271891435367018
0.252600418653295 0.29410413587079 0.125863148363282 -0.26080064305987
0.29513773845628 -0.0237137768509575 -0.201867858454163 -0.130213334500778
0.0918445687434456 -0.0722491338635347 -0.00515756663053828 0.0339846829952718
-0.000320286377403008 0.0571235865250065 0.0858414895711554 -0.177760701897381
-0.000407056603432686 0.00253763759183274 -0.0692257179702043 0.162856191035175
0.00361745565490034 -0.00137948543298894 0.0495613268950434 -0.104883173472343
-0.00137761468167718 0.0204309048691011 0.281830744395931 0.0733614700690391
-0.0312648784068777 -0.0075846220641851 -0.085111020672147 0.291297941318735
-0.019160575926791 -0.0634647129084751 -0.121301303225892 -0.279280987396453
0.0412735608992174 -0.0237021349933097 0.507773356096263 -0.212806612000185
0.00749137335388853 0.00999873791520449 0.19194704005215 0.357637382038394
-0.020495009097649 0.000791670678267191 -0.304977906795285 -0.0101808235314566
-0.0172711235716456 -0.0193636215630431 -0.221539424499779 -0.235787199283586
-0.0163775690751225 -0.0026745006172529 0.0669927666747135 -0.192782183430139
-0.00840196037140975 -0.00574644787681145 -0.000555996819923885 -0.340511602852897
0.0192768245917422 0.00719959231823262 -0.279042305275219 0.054573536203741
0.0173465171208105 -0.015358138617497 0.200934733691916 0.364547225841186
-0.00581187206857188 -0.00999776835919315 0.315299446200629 -0.191124985876388
0.00438712614594293 0.0029643526944527 -0.145058117223007 -0.161397157885775
0.0120621273232433 0.050854469901154 -0.0865838100788665 0.17624451366134
0.0834134715480104 -0.0829776705210635 0.00636947321670014 -0.0412375309481613
0.285621109659866 -0.0376580861821378 0.230628118903596 0.0731354117110566
0.252834707238273 0.259392101030259 -0.0508634089345661 0.270670416704864
-0.113576795841863 0.323766701754159 -0.114477517120096 -0.245190725948711
-0.27325445523718 0.045679405401799 0.430593871818452 -0.207327970552975
-0.0793532709822556 -0.143861449795448 0.143925202430906 0.30585914995683
0.10272406117674 0.0137620170337431 -0.292199824399983 -0.010067639327196
0.0587111404641004 0.0941857899134841 -0.227451517325866 -0.229068545534596
-0.059734179616381 0.0203906131001156 0.000737290200343336 -0.182509532985482
-0.135230989265149 0.0739124088124209 -0.0419778456472222 -0.284543124897886
0.0181840239404961 0.194119604926962 -0.245679810652861 0.0925623155343767
0.16924570417678 0.0845520844625755 0.199249245911403 0.330820303776485
0.0654104270834705 -0.063881899109886 0.272160499890869 -0.194101561750635
-0.0583284962435634 -0.00619813490256713 -0.140209962546975 -0.145336615443269
0.00507484453608626 0.129013681626617 -0.121124491901508 0.197297603963647
0.083088570364564 -0.0381818838809545 -0.0784364976018525 0.123741449914951
0.350293072149326 -0.0538860689317219 0.0771777030428201 0.132397503498899
0.393132539534271 0.371834720598091 -0.0164331003228621 0.191465829283975
-0.168923035315639 0.533327356520958 -0.045533723826536 -0.134661790364098
-0.434748546952174 0.0362935248200038 0.229819317962353 -0.0858808546200526
-0.0604834523493695 -0.239382581211507 0.00506348802010649 0.191599823056858
0.217807957241561 0.0152240160562207 -0.233246854221845 -0.00674525665887147
0.182504418023459 0.182584947411847 -0.226216528203849 -0.148670484987756
0.0646347267622954 0.0744701339659046 -0.164084338481012 -0.103001473893219
-0.0596049473184854 0.0976178554780907 -0.146025141836361 -0.0490884282392995
0.0839025848386551 0.198323100265894 -0.0814581016043044 0.213177466843476
0.201486350984195 0.0431769504764548 0.212899488422846 0.151165327324103
0.0138450972972386 -0.0908931257407762 0.112192262005847 -0.217555149772565
-0.123670366254051 0.0285352559836271 -0.122060923429614 -0.0958760538030031
-0.0350238749449401 0.206668554680435 -0.127591963127438 0.177271605200343
-0.0408139465823739 0.124021517469054 -0.114069219327705 0.237317439150659
0.0544625692633507 0.0360381104918362 -0.0376442267135972 0.188838101888295
0.10724492898181 0.200968183646513 -0.00766877724791617 0.105698973143578
-0.188334798158843 0.252754969372072 -0.0297008861225019 0.00674982829681059
-0.258755060324781 -0.119880915670431 -0.0308324439593864 0.019555472940725
0.0996591751182673 -0.232700176557355 -0.104008115117419 0.0547499899311795
0.295880842764022 -0.00271209919721496 -0.134339476844522 0.00900015904449275
0.315171755160719 0.148582101951936 -0.144219340907246 -0.0021598146759737
0.324450466696833 0.030069574064458 -0.152785320470224 0.0804173244880722
0.20636826484198 -0.125424076973945 -0.0440799932770273 0.207221310446624
0.0366495439563116 -0.143600966111255 0.146085166756397 0.182128596739031
-0.0637152760240156 -0.10357577311844 0.148853985574596 -0.0728813749634971
-0.176622421350076 -0.0325779609683421 0.00034269240013977 -0.203677593452118
-0.169659227998848 0.106763812162187 -0.0539530087476344 -0.06627513523123
-0.107615264568346 0.216874415851743 -0.0702755570844704 0.10785002946831
-0.204622583112508 0.19180586288135 -0.0317443809594132 0.213632741723336
-0.285364359476937 0.0558946509877754 -0.0101326822528766 0.18336298493351
-0.258670579767101 -0.142638347091895 -0.0793115841528988 0.0696402697615402
-0.0510219692891895 -0.262916194912561 -0.12751673197767 -0.0267880286284456
0.161161175180274 -0.232437599282687 -0.120135934697608 -0.0450528279057592
0.286968101656535 -0.11059681358461 -0.0579635886619201 -0.0286826337134212
0.31864198903994 -0.021907467855202 -0.00821921738613315 0.0231358298017023
0.326055390483499 -0.0278829958357485 0.0224814459710833 0.0868671555734099
0.287849092491439 -0.160705209039453 0.0833323564465811 0.13469985052649
0.129671425388057 -0.295895162308556 0.14494569236703 0.120275170973322
-0.17580071134204 -0.280939303852778 0.163021722938547 -0.0110566279541013
-0.316002155751471 -0.0756450153115329 0.105778072810736 -0.169951617206649
-0.269114776454724 0.0960062900739262 0.0650985791686226 -0.193156858645757
-0.148272873304258 0.180368022018618 0.0450693267325924 -0.0948564720059806
-0.160244579687131 0.150722503025115 0.0245438211551 0.0449711971940432
-0.207098331588621 0.0657058624547763 0.0578624196884762 0.180021069577506
-0.178028798337632 -0.0470051950992519 -0.0389065680494129 0.140208571331802
-0.102717410500679 -0.17783877859905 -0.174045621953707 -0.0478575084534872
0.127231153439915 -0.242358042977875 -0.0874602656978476 -0.184876012051848
0.337521728914705 -0.0942624015943916 0.0471882463305045 -0.111344646060066
0.337771012556761 0.060722373670698 0.0966683622009647 -0.00510487844126387
0.295414113927948 -0.00940134665851722 0.116958153451752 0.0216133223014827
0.158650747912823 -0.206440201147798 0.126946585114928 -0.000176933175914627
-0.163571910326901 -0.204093867099833 0.0957470041028663 -0.00538585197634212
-0.242084298145456 0.108810471798775 0.0776665820935435 -0.0303877076443819
-0.0318716001970026 0.163024114204602 0.0665978157281242 -0.131366900810029
-0.047348735177808 0.0399917755235383 0.101856291090121 -0.186142782853907
-0.113409274134555 0.113560311796459 0.155245182909144 -0.202344704896535
-0.0770399342838541 0.195036439771911 0.105125721120901 -0.164856924154247
-0.133741991197615 0.0592666901034172 0.0963282167147252 0.0549777404302433
-0.0475167235379628 -0.0675401207522445 -0.0219714545962321 0.209687306159371
0.116927561582033 -0.00973561886333234 -0.199267221484633 -0.0139133260684797
0.0900846349237432 0.118563256216302 -0.0535325890245106 -0.202398757221255
0.0200399891942238 0.0691844903451783 0.0942988985220024 -0.0611025020142154
0.151417585922675 0.0502187462734354 0.147260216253886 0.0217773031083618
0.241787899809803 0.14913083827341 0.209057623358672 0.1059762068231
0.233680590065951 0.0100240287505186 0.220894887708096 0.0194386245071167
-0.0403312764210726 -0.253558327754013 0.0637729018418073 -0.197338520829493
-0.456656704271024 -0.0336956909848213 -0.21671849578876 -0.0429555384150115
-0.309361512114564 0.500179215815497 -0.0181851503752804 0.0980344233874432
0.277521496498914 0.450706388608758 0.0785509959417132 -0.20055264302094
0.32159912173151 0.0182843446852429 -0.0262888211508297 -0.17481700034345
0.0700418290744204 -0.00601980946520703 0.103734830120483 -0.124040653562879
-0.0171288648189226 0.136478042301209 0.104216311670959 -0.202809277948909
-0.0604181398065001 0.011101020135916 0.121742704414701 0.115128794247544
0.0388496503869082 -0.0643859435496413 -0.201251742725237 0.211023041792751
0.140193366524792 0.0611529816470849 -0.254263600765219 -0.232424910044216
0.0208458512878232 0.188264579922371 0.158027890743499 -0.162973147765418
-0.0997958967519595 0.102813220038208 0.087719487433276 0.216917746081997
-0.00686289975285362 0.0374714015284126 0.0293616067901177 0.171250525509229
0.113331172690946 0.109488444911112 0.223525032722209 0.20871341357291
0.136467038921098 0.00553584293314175 0.297178547235823 0.0211848587959279
-0.102304711634268 -0.161572423324413 -0.0899103920441337 -0.345769731407596
-0.321056066409227 0.0865931888713776 -0.490907300659081 0.0930683328175833
-0.117371687109863 0.389344350269557 0.0342161205425578 0.269011620509319
0.263458239175865 0.282756881148466 0.11547477894674 -0.262822048127937
0.292380083951715 -0.0362019909060732 -0.206486969443899 -0.122642162093744
0.0883039671832208 -0.0756410630310897 -0.00287621374021585 0.0324170655595969
0.00212038019031151 0.0577156337912193 0.0782553994352432 -0.180992100952334
0.000718631759127416 0.00245740710673076 -0.043023249976393 0.17273345413383
0.00266660717814669 -0.00125312910747494 0.0330058513931534 -0.109141006303002
0.000723439702187359 0.0206788070159324 0.288738571620887 0.0301338644282369
-0.0333810263606287 -0.00313219336829284 -0.0373701487168952 0.301716933467139
-0.0268921313797401 -0.0606847936448213 -0.162277318048993 -0.256099114463406
0.0391654250439486 -0.0283719228136588 0.466280432648 -0.282933257057574
0.00878436408961097 0.0106146997561336 0.241995697406311 0.324593977580753
-0.0215601981530175 0.00266048761672561 -0.3014043431092 0.0339183069467732
-0.0208139698604712 -0.0186994645224134 -0.250753434827937 -0.2013909644919
-0.0149273037293878 -0.00099619379676159 0.041648019062631 -0.200784795199608
-0.00798804344150221 -0.00598493119377404 -0.0494021147121753 -0.337898665094711
0.0191971343115332 0.0039687579389212 -0.26644470021521 0.0929277143324152
0.0155309076948487 -0.015998051485862 0.247184497046662 0.328736017581401
-0.00605685871276105 -0.0104151032512578 0.282117727463108 -0.230231212930561
0.00355117517177622 0.000225229012624718 -0.164845002431533 -0.138161701657167
0.0196457418022157 0.0496094956068496 -0.0569992415994042 0.187553605030013
0.0701813347218317 -0.0923110449057065 -0.000700565601973669 -0.0402145417699192
0.275686073321806 -0.0783651426277168 0.23666615629194 0.0359581416421996
0.284649804618493 0.221220642381032 -0.00850981320618343 0.273071990056989
-0.0676407410183747 0.332305361595506 -0.147736386031626 -0.225844481754538
-0.260970289876751 0.0808270904863123 0.393955722766954 -0.265660097009997
-0.0978530886283081 -0.129751020364181 0.187141961114233 0.280809849513728
0.102467082968629 -0.000137782217318089 -0.288930993429306 0.031157372497086
0.0705591704964902 0.0828254056124805 -0.25612512269191 -0.193297248918667
-0.0556909694722397 0.0279032365430301 -0.0227825646160768 -0.18168168242456
-0.122762277351021 0.0911769742263877 -0.081345311111323 -0.27604373454485
0.0445615118676925 0.188691912247297 -0.227379120157409 0.12335806980994
0.179167141814391 0.0607015581978199 0.240990410415027 0.296706540500721
0.0573520943464602 -0.0736019101342131 0.240110134414312 -0.226909207597451
-0.0583752201248828 -8.64943075507343E-05 -0.156705563650058 -0.122846354814224
0.0246353546378594 0.129069602891194 -0.0877907042490283 0.21315053636987
0.0759296034710561 -0.0465602028197576 -0.05878504789888 0.135784650178508
0.336871586202605 -0.102647743505811 0.0939723261712295 0.117366464196722
0.43954513420919 0.313494421458226 0.0129678570886845 0.189262142495081
-0.0926193047336563 0.547196303204283 -0.06167226712573 -0.126586049254274
-0.420999261288118 0.0963573255340064 0.214448981058634 -0.115596996711461
-0.0913542714388191 -0.227038706963857 0.0302999154787117 0.188970949629101
0.214890967150045 -0.0148850133562461 -0.230691959027062 0.0273259964168638
0.203944545070875 0.153185688263532 -0.243850724560907 -0.115953082860484
0.0706679287778477 0.0639367604222184 -0.175604007932498 -0.0797519635623046
-0.0472284681020603 0.106276489578524 -0.150256721720509 -0.0300582730044839
0.109191327879185 0.18514070195202 -0.0494136373798993 0.219141735520783
0.206233084578045 0.0142099856901431 0.228834158834632 0.117990378969695
0.00305313876200978 -0.0932200501387779 0.0789003186980455 -0.22750506258874
-0.118076309565996 0.0448494271756786 -0.131124857255817 -0.0780229074821121
-0.00448909117847696 0.209887092495333 -0.095145511211747 0.193514798300228
-0.0209686571457835 0.129318851405636 -0.0753760005336982 0.251110758759306
0.0586330017455458 0.0288580888962214 -0.00887083380230297 0.191981539662954
0.132920897063899 0.18297053014221 0.00773812877118954 0.104880452377761
-0.15002752419455 0.273453917910815 -0.0265184536804614 0.00952366693263011
-0.267856607076378 -0.0836269753977737 -0.0287942928566457 0.0253458637032134
0.0660317031849636 -0.240836276944029 -0.0966647428876696 0.0710642641145858
0.288247923692945 -0.0433488549767769 -0.132475514377924 0.0271212510230086
0.32934776116363 0.102532105441005 -0.142091415059563 0.0159647421566245
0.320514491245268 -0.0153498020864641 -0.141127790790934 0.0996677731419675
0.182559142620008 -0.150248709476203 -0.0149234114735115 0.211249149897616
0.0163721760568125 -0.14420545617428 0.16868487926113 0.158419951119082
-0.0734470358241867 -0.0923450146300786 0.135216160537427 -0.0902882985179688
-0.176336863834324 -0.00873928065818929 -0.0280451417468494 -0.198585991213516
-0.152447237731687 0.128478042075909 -0.0615249999957718 -0.0585637049422631
-0.0745005234535265 0.229749450824677 -0.0505725797894895 0.114911187334741
-0.174347187329613 0.219083187537052 0.00407342262537092 0.21460202218752
-0.274883586040749 0.0949220127233827 0.0181945433798177 0.181737411296166
-0.275715583485055 -0.105835727469654 -0.0670297151847722 0.0824604375057902
-0.0858144982467666 -0.251211500237958 -0.1310711695596 -0.00667774702919361
0.127322792399113 -0.248817255347294 -0.12677968900026 -0.0237924454271479
0.266165363253191 -0.146719890957925 -0.0633633958539771 -0.0186318478095394
0.30861650555203 -0.0654479270401144 -0.00634963082752224 0.0223228273591754
0.315379128981699 -0.0725145150525099 0.0346162146982243 0.0815905247303725
0.259999112668234 -0.196358564899919 0.0997701509050573 0.120701131177217
0.0850853808061967 -0.309324891117591 0.158966203285117 0.0987224068007697
-0.211710878998004 -0.24981197591465 0.157742185951602 -0.0329235314531541
-0.318484940669844 -0.0294382364451157 0.0800287228164964 -0.178172453724714
-0.249756573504183 0.131310060569891 0.0374540518164624 -0.199117873641777
-0.119571661315097 0.197307739437689 0.0302748311889136 -0.099571476477599
-0.13524727812144 0.168850215408672 0.033267756516236 0.0403763346769418
-0.193680905784959 0.0912003979550009 0.0862342875499889 0.168455613007339
-0.180511799005406 -0.0221146916719119 -0.016626435604358 0.144280120328411
-0.124713389446283 -0.161378051269956 -0.177210737279406 -0.020550438486998
0.0947079205533686 -0.256037685271755 -0.114732260305478 -0.167447766617697
0.318239006640729 -0.136483183797284 0.0285617125103116 -0.114827447823693
0.340277512399681 0.0163147443479521 0.094491668738965 -0.017803852274934
0.288744809314499 -0.0494236450168294 0.117859830327007 0.00426788733235766
0.127291543178564 -0.22317658574469 0.125250779162687 -0.0166593586304943
-0.188109150304635 -0.177342991286636 0.0966494753738119 -0.0188038319617839
-0.221129590250622 0.140627956969557 0.0733419100464614 -0.041706421064892
-0.00865503903058727 0.164266861948198 0.0455236628538495 -0.138157455239337
-0.041244091791746 0.0456030828120896 0.0738439900764614 -0.196934264126186
-0.0955585551496108 0.126123777440437 0.124034256577223 -0.220772952033833
-0.0474510500275194 0.202240083909319 0.0795130600706586 -0.177221463866872
-0.12294869645532 0.0746603887595358 0.105876645021854 0.0392697746690466
-0.0551670251499186 -0.0615183060314912 0.0100568287826614 0.210315929754622
0.116398718457852 -0.02664125905869 -0.197442427792698 0.0161260491784312
0.107142395602293 0.105026843477773 -0.0823580324076359 -0.192007068041769
0.028800405040799 0.0671347055959505 0.0850188636585848 -0.0721901341408668
0.152457159971348 0.0306425712693176 0.147562999839312 0.00144303170451586
0.257764363974854 0.114575552320445 0.221459749404629 0.073685627756349
0.230425617349969 -0.0221728859658387 0.220116836180354 -0.0133208399177648
-0.0731005086738012 -0.243892142260256 0.0355200407225483 -0.201663645975271
-0.454975450674676 0.0291271287535455 -0.215417060514789 -0.0110694740850388
-0.23319966823283 0.535568523525757 -0.00249688266237725 0.0978621315305748
0.336132490625947 0.40094807194986 0.0459007113592945 -0.211115096769988
0.316982677732452 -0.0279797081975945 -0.0500583123537588 -0.168430420171622
0.0674627299958772 -0.0164662247937448 0.084468301778341 -0.137425233045601
0.00412147901852741 0.135563366091296 0.0740629311279806 -0.21431252691641
-0.0577203386665049 0.018067530877782 0.138923906811617 0.0938888002892872
0.0297548377735319 -0.0695630206269877 -0.167943741878834 0.23857117401413
0.148294104203823 0.0416564765453379 -0.284406643103488 -0.192546018729158
0.0467595066161557 0.183879473653574 0.132121536039085 -0.183369682816002
-0.0859347501123785 0.115561463060343 0.119239162389926 0.202439318015666
-0.00370948392479221 0.0382639177884118 0.0519813961553187 0.166242934669004
0.125363780756407 0.0930539264258485 0.249985795266832 0.171593769439881
0.136460744406562 -0.013120761421893 0.29341770927487 -0.0220294282346391
-0.122129565615714 -0.145878214441491 -0.136876694927387 -0.32466461012064
-0.307046362778286 0.128114554578603 -0.46702824794628 0.160616129357405
-0.0605888819301979 0.401101325808507 0.0724705442876447 0.26008675649463
0.298802463944015 0.238590234923617 0.0739468978017066 -0.277181011752629
0.279531912357345 -0.07736824940301 -0.218962591449554 -0.0919671883711478
0.0741075170953046 -0.0857294868596087 0.00211838753453589 0.0303815674357117
0.0108585798279316 0.0551912375087325 0.0524259026683719 -0.190065159629152
0.00127357542734736 0.00201446364451185 -0.0374009619625913 0.17372322128708
0.00308328622589787 -0.0017987691244175 0.0287178347293225 -0.108201751204876
0.00168268017250478 0.020424012502709 0.287839855896989 0.0204129183657019
-0.0339750461059521 -0.00231081866323849 -0.0289663088209027 0.301931314951902
-0.0290573397172593 -0.0586950033529024 -0.16726583000171 -0.24825787682659
0.0371810101171123 -0.0298410884747989 0.454855762812687 -0.294959491447743
0.0086941806508808 0.0105529228237247 0.247052885020829 0.316677207402082
-0.0210524950307813 0.00320885631910979 -0.29870379563498 0.0404490392343933
-0.0216151808855391 -0.017233153690153 -0.252884947727434 -0.19368364816497
-0.0139856045616711 5.96969186105051E-05 0.0390651860363273 -0.202031177112164
-0.00757174776873283 -0.00528066128460568 -0.0563917854638886 -0.336920397288808
0.0198134367674289 0.00339867341321186 -0.263377661524992 0.0972404594686345
0.0144478408628108 -0.0172385049525813 0.254978984249312 0.321501093982393
-0.00665134685364436 -0.0100351202750896 0.276524866725159 -0.237441316004397
0.00286798748484153 -0.00038699635083335 -0.168387515998515 -0.132767699344069
0.0210695377259923 0.0494401560120685 -0.05095665172836 0.1890842506715
0.0661783819856723 -0.0934152380003539 -0.00196520499355072 -0.0372314349196886
0.27027742112573 -0.08612653001842 0.236173310200012 0.0291319443756913
0.288193742044884 0.210607871863139 0.000477149818158293 0.271412375738971
-0.0585299999365604 0.333291253225001 -0.153617176395023 -0.221043269981758
-0.257912528812478 0.0872947692736552 0.382048711375084 -0.272715208131933
-0.100270966192317 -0.125901794271461 0.191799717088692 0.276009713960206
0.101861891610176 -0.00189853979945981 -0.286573471597104 0.0381210768131319
0.0717838852747991 0.0803804327971653 -0.257275031848177 -0.185357794071581
-0.0557714879915006 0.0292066059421249 -0.0250787214873797 -0.181510357590043
-0.120079233009273 0.0946638781845575 -0.0857203023282532 -0.273562476843515
0.0497919341536499 0.186300089987186 -0.222050674445241 0.127183712585669
0.180331047756971 0.0537381286053899 0.249359368012275 0.289249001506386
0.0556677753374059 -0.0760278144581287 0.232357480602834 -0.23435410560026
-0.0585553014494324 0.00195050171511953 -0.160151670194828 -0.11767821733395
0.0287143705694311 0.128878068963805 -0.0795460083349529 0.214373473563751
0.0748359497457546 -0.0487016362522293 -0.0534414386917001 0.137732502752577
0.331957592739443 -0.113321083820045 0.0974857378263494 0.113853260973774
0.447165420134125 0.297469308197334 0.0192047203162129 0.187798002935723
-0.076845325089697 0.544243870417468 -0.065052742318249 -0.126158228820392
-0.415987161234817 0.105889069647196 0.208123008756295 -0.118938121091036
-0.0972225096624916 -0.221837157679786 0.0338189040531944 0.188612368516093
0.21383291011362 -0.0193010346140072 -0.229462079975821 0.0310375180102654
0.20671258470471 0.147222624962204 -0.245327153070516 -0.109796773598535
0.0701079477322082 0.0621694403106756 -0.174801758468984 -0.0755503706965845
-0.0449949737726165 0.109576302972233 -0.1500880979436 -0.0276100856834139
0.114717736750639 0.181908431736084 -0.0435990954806161 0.21836436044469
0.207807936154896 0.00702434983310893 0.231592000219313 0.112241584698434
0.00107613432112471 -0.0938853641212874 0.0724222888809558 -0.22899595128031
-0.116431626297495 0.0482821381470236 -0.134016344464389 -0.0741118675661182
0.00258000411881297 0.2099479443862 -0.0887279818886102 0.193652360320868
-0.0165432035310511 0.130911790096059 -0.0658581682651567 0.251332309539296
0.0582810637690618 0.0281886366377696 -0.00311651064909427 0.189415323538673
0.136885180343222 0.178393614261541 0.0108812125089687 0.10499636172137
-0.142248326566816 0.275750551341246 -0.0260739223930113 0.0086778915498757
-0.268890998108241 -0.0762338157459975 -0.0295495273392054 0.0282344111202074
0.0613099685409455 -0.241814761441104 -0.0959287546696861 0.0738957123182595
0.284328818303731 -0.0500671491896638 -0.131238933971847 0.028644330271758
0.330549696346066 0.092838198273475 -0.139474984672356 0.0177929729619478
0.316416857799273 -0.0227637992359656 -0.137841855256799 0.101139084476874
0.175717229250881 -0.152299381895907 -0.0100702522530245 0.209840703897376
0.0131196717769738 -0.141628201467477 0.171841924695642 0.153642127008917
-0.0744976002973246 -0.0900065234547966 0.131949897696239 -0.0933488145303676
-0.175626422920478 -0.00342182193178053 -0.0342519889403775 -0.197657453113286
-0.146584378114153 0.132390156497271 -0.0643381522163118 -0.0562804539796493
-0.0676192268518078 0.229007447680662 -0.0463677428292129 0.114433250752974
-0.165506589179692 0.22374918282259 0.0107884119331775 0.21298807595088
-0.270552030084137 0.10526433346788 0.0237283372890394 0.178877345387611
-0.276560386058777 -0.097481395835913 -0.0643445468585182 0.0853368713946146
-0.0911933662038223 -0.247117048140874 -0.13137682203404 -0.00315700597390434
0.12145341930036 -0.250968011661704 -0.126886890197642 -0.0192600504428343
0.261377659691886 -0.151991313895515 -0.0644669271489939 -0.0147727056587077
0.305106062261407 -0.0730010415678275 -0.00586842091498388 0.0219529711600111
0.312519924239055 -0.0791327507040695 0.0365503055767817 0.0795226650610972
0.252921542783399 -0.200991604527751 0.102692561217938 0.115509098611409
0.076185642107793 -0.310796324928553 0.160925439247283 0.0939318818640451
-0.218117651254081 -0.242469891437964 0.15503377635182 -0.0357292077983672
-0.318425729770503 -0.0193107955476016 0.0735022214265049 -0.179363594528049
-0.245696161777877 0.138327999083472 0.0304432533418113 -0.199106285166713
-0.113535559989911 0.20033114466615 0.0265624557936123 -0.0999297582224228
-0.129735103126352 0.170110864054758 0.0349618442079613 0.0388084290617624
-0.189970931700094 0.0950649226589172 0.0918998651859172 0.164118079131806
-0.1783736461589 -0.0173850302033215 -0.012338283693668 0.143747234816815
-0.127047206789345 -0.155485182644851 -0.175926497394828 -0.014374162329846
0.0865576632642677 -0.256307938256821 -0.119628952552244 -0.161405407650528
0.311326394225299 -0.142984310788775 0.0260817657347779 -0.113855256192315
0.338636013629868 0.00712559774048742 0.0941632536207814 -0.0181521753238005
0.283560626420564 -0.0559344425620344 0.117554098177644 0.000788982053547595
0.12115306855012 -0.226240748569585 0.124744877613405 -0.0185875061585526
-0.191887051813615 -0.171250428988726 0.0968240076672966 -0.021412864208649
-0.215804913388293 0.14400648812679 0.0716283639063528 -0.0422706530790598
-0.00458867916977385 0.16348677176363 0.0396190729928358 -0.138403258836196
-0.0409665326555506 0.0475221876334479 0.0671979816088004 -0.197300373045662
-0.0920944250502946 0.128595156992731 0.117278780661992 -0.223855811207711
-0.0412776433946729 0.201988107091179 0.0737092745980272 -0.178661047514509
-0.121035397085741 0.0770354474067663 0.107589911121685 0.0358973670338227
-0.057334805563443 -0.0611361110218336 0.0169032974803115 0.208700925784829
0.115585290404056 -0.0309594214528922 -0.19557110060473 0.0212902017132061
0.110080960232925 0.101762324301447 -0.0864918334931744 -0.188556767735558
0.0293369259483157 0.0672967228711183 0.0830598952146546 -0.0708774686308669
0.150325763285636 0.0275494085928426 0.146433495819728 -0.000347233183522105
0.25869560643596 0.10795162762378 0.222111438669763 0.0682956612596706
0.2293115587786 -0.0264787622681268 0.219518602755693 -0.018359807471826
-0.0791176815468813 -0.239916522532809 0.0312657730118952 -0.199596311131666
-0.451269679847044 0.0409894853295136 -0.213027667073538 -0.00529337140848651
-0.218885584963179 0.541340002138709 7.93584108638381E-05 0.0975463895987332
0.347170402247989 0.389542429006506 0.040339050955668 -0.209841860444254
0.313105325731539 -0.0375640387110968 -0.0549353660269451 -0.166090003283007
0.0657330574686108 -0.0188252139797944 0.0802876179554012 -0.14048266039637
0.0076938876538193 0.135614418496678 0.0668804216557953 -0.214934761075153
-0.0573296643501725 0.019153300600067 0.141018912695391 0.0899178336527932
0.0269984471345223 -0.070709702171675 -0.159817426089928 0.242176409528097
0.149185863554671 0.0354758484241086 -0.287581969458143 -0.182339291923458
0.0534998566610773 0.180515663186808 0.127580424906882 -0.184533358357279
-0.0836770754000179 0.118975164695738 0.12435077343417 0.201097043934193
-0.0044934745233263 0.039066569518104 0.0548622455148592 0.165525172261756
0.126896307687754 0.0901416372738915 0.253851757399215 0.164579848744947
0.13424516419727 -0.0157871976990747 0.291120893941115 -0.0284132837089203
-0.124711452800938 -0.142306131212758 -0.142391930056997 -0.320370376777115
-0.301940026810263 0.135366411782807 -0.458485723892353 0.171759974043163
-0.0508495715677733 0.400837107364316 0.079547065799281 0.256653326750146
0.303622648577697 0.228832854584833 0.0654318565472617 -0.278934838711825
0.275125757890678 -0.084903929325962 -0.220205615307125 -0.0849092684200543
0.0699632808530617 -0.087882256394401 0.00459895711148732 0.0279021711410306
0.0123816071400449 0.0550265681504705 0.0459761163448647 -0.191217892549156
0.000536831056501883 0.00174165524894327 -0.0304051780864014 0.175844841020928
0.00249481007690945 -0.00111209546530794 0.0254952626003158 -0.106023561769308
0.00217606517061905 0.019768941165683 0.286060994428389 0.0125539345675018
-0.0345670259726871 -0.000563991289709305 -0.0179515484467051 0.300492111365341
-0.031709810557249 -0.0573810996761335 -0.173522882114037 -0.241665788751655
0.0356171861527618 -0.0314863851349041 0.443067966736387 -0.304032204698457
0.00970454039435098 0.0100077163745695 0.253124387478867 0.307521390407294
-0.0204627659771494 0.00425678366311697 -0.294949138934857 0.0461031793993074
-0.023297064541408 -0.0165591015877551 -0.254134265464091 -0.185609201762173
-0.0135860712142726 0.000423775661289703 0.0346868439754494 -0.20332004855598
-0.00774259117611038 -0.00507093916759993 -0.064230272422013 -0.33649717942879
0.0199337999154738 0.00334066349468685 -0.258903823367939 0.102643925535623
0.0135191641910517 -0.0179130965478064 0.264357009324887 0.310510273849071
-0.00708122357689295 -0.00932103959979998 0.267875481345808 -0.245393206275456
0.0021500856097436 0.000142093267489596 -0.171587814268885 -0.125388053485539
0.0235837936191497 0.0484877122588379 -0.0435249214192936 0.190595106462029
0.0621809949792655 -0.0938539035871004 -0.00239233567697865 -0.035005294285185
0.264804000274232 -0.0961619815323454 0.234550225227033 0.021156690977942
0.292956558407148 0.200372328276948 0.00878402232662624 0.270291384598583
-0.0496732522732794 0.330973703036017 -0.158891522903109 -0.216216499191916
-0.254476360478195 0.0937564094116164 0.37265786385361 -0.280057118291359
-0.102864556001469 -0.122037030068323 0.197028402401716 0.270332675716851
0.101071699638325 -0.00436684122010913 -0.283112042147964 0.0442672286251635
0.0733632311553578 0.0782567266154397 -0.258992099113096 -0.177960999989325
-0.0548881674849454 0.0311137485985178 -0.0270678054059793 -0.180376744477211
-0.116834680492225 0.099080936538562 -0.0910212473030523 -0.272513881694141
0.0553544925512025 0.184111540266478 -0.216907821004918 0.132519599466041
0.182601963460672 0.0459818676750028 0.257836353827257 0.279188540863007
0.0533612497876717 -0.0779601209595306 0.223910822806685 -0.24058787616336
-0.0580741951187283 0.00380794920632037 -0.162719125857486 -0.111842377044619
0.0340699375004444 0.127723487350388 -0.0718471020128868 0.217003887998755
0.0726886574189791 -0.0500946031203907 -0.0488013065017366 0.140507489771752
0.32493654807666 -0.123917044411303 0.101159718133603 0.110883448287414
0.453443507083078 0.281412371218449 0.0245858513678351 0.186455729005117
-0.0589721553257741 0.54453199453764 -0.069590961571631 -0.125368746457397
-0.410928864039301 0.11955506043533 0.201943045006934 -0.121827506689062
-0.104049416779358 -0.218422253435679 0.0373955091239236 0.187200836797773
0.210435829579712 -0.0239851615363764 -0.228059246989409 0.0365674119944631
0.210590489545774 0.140612744943298 -0.245796133694547 -0.10302655469977
0.0695181176703366 0.0606478741475243 -0.174616414116268 -0.0711221874840644
-0.0425465125890443 0.111934259524831 -0.149133412105676 -0.0242490848042807
0.120448234191417 0.178592197634614 -0.0379546577866398 0.218639856598791
0.208294572042621 -0.000418397604232087 0.233827723992679 0.10513375214143
-0.000618495062652233 -0.0949122669128694 0.065178652291998 -0.22989556828956
-0.113895553293373 0.0504530315742883 -0.134286714871857 -0.0685714945564926
0.00913875812537375 0.209419073027507 -0.0822199439886193 0.196079875354158
-0.0108102109105602 0.131131658088757 -0.0576531559288819 0.253050509142181
0.0573360431990522 0.0271298926789623 0.00256479459024454 0.18845346003998
0.141434497064204 0.171910599296144 0.0149615450875315 0.105091939805534
-0.131935690983826 0.279230183345689 -0.0267653426081886 0.0081543990206499
-0.269077323656649 -0.0677342182804952 -0.0305708238569914 0.0309895195494769
0.0536397817211263 -0.240622773714648 -0.0948718698187445 0.0779539296540387
0.28091568010998 -0.0574140737662735 -0.131792375865401 0.0311529765988947
0.331128824269621 0.0843783050967637 -0.13832307458635 0.0197470359156978
0.311707560812217 -0.0287936783560458 -0.134033188973831 0.103141769337166
0.170027268779024 -0.155698012393966 -0.00404216313418085 0.206969241334292
0.00999196450744612 -0.140439316782309 0.173783102450407 0.147765972036691
-0.0749668425901532 -0.086557954501883 0.128194399107599 -0.0955508734722158
-0.173647867973893 0.00215217686026886 -0.0408979011221376 -0.195502317056792
-0.142111509455182 0.135722619821168 -0.0653939596568091 -0.0531838980945922
-0.0593787079472827 0.2281375150014 -0.0422096949925449 0.114928292613655
-0.155266783806464 0.22780771477653 0.0184181515625764 0.209767313957855
-0.265760319092833 0.112791102265524 0.0285838367733191 0.176777062098994
-0.278572360714729 -0.0881797536392048 -0.0605262197853697 0.0862599756585506
-0.0978844719341546 -0.243725470632251 -0.132351756955303 0.000619700256855408
0.113988027481102 -0.253233923154764 -0.126434905980466 -0.0126675007702873
0.255479686570165 -0.157758990609165 -0.0644921025792123 -0.0107162392480809
0.297576315526937 -0.0802453206920059 -0.00603862924326317 0.0214902475365784
0.307255627542759 -0.0868661493993744 0.0391836439295089 0.07778517344033
0.246163066582011 -0.206984569344717 0.105181992156072 0.111010485019873
0.0666698009600841 -0.311689572877779 0.161357796917795 0.0890758444242846
-0.223120307008407 -0.232899994984441 0.151714595819735 -0.039261534467719
-0.31703528748102 -0.00757276958411323 0.0663377075513267 -0.178924719661161
-0.239768791261934 0.146288238258073 0.0236082003908356 -0.197587691966092
-0.107149429676993 0.201604889153653 0.0220800363685718 -0.100209689198824
-0.124086196089414 0.172852410854562 0.0357158616169716 0.0365506715829119
-0.185314821418781 0.099418325162675 0.0969153466968233 0.160132773874791
-0.176824923321998 -0.0131845345720291 -0.00842754232804396 0.143214516874636
-0.129296298095196 -0.151628971075694 -0.174070313399806 -0.00871417885954312
0.078495926959489 -0.257010058489167 -0.122883746067166 -0.154788619090278
0.304913913455964 -0.150563799553605 0.0250632386645726 -0.112577407447318
0.336413679264567 -0.00145767706040601 0.0935724942006607 -0.0184713080270275
0.278847792383264 -0.0635883311038277 0.116287421619466 -0.00243315389957447
0.113724219496973 -0.227560131990567 0.124986432863977 -0.0209234607030713
-0.194858948250697 -0.16307898567424 0.0970203090718069 -0.0254792628510204
-0.210762453243959 0.149060998244434 0.070185204251029 -0.0436564797187352
-1.02304050629935E-05 0.16169805377963 0.0349182439718226 -0.137232869728397
-0.0398030357081435 0.0493132159433179 0.0594068787787877 -0.196820529733039
-0.0869848913432376 0.131378810262531 0.107016059047618 -0.227072629421193
-0.0344150246975806 0.201683833129187 0.0674553552376377 -0.179264141999428
-0.116762723915393 0.079528038886451 0.108055642046868 0.0324492133080108
-0.0595232471269862 -0.0596827161274687 0.0244162365472417 0.207018893504006
0.114238842599339 -0.0356711130421765 -0.19248409495078 0.0260049905658233
0.112888008815469 0.0983925229064791 -0.0909518023738598 -0.18402029257628
0.030264491941243 0.0669027904193156 0.0815092429081286 -0.0702945241937147
0.148325723258353 0.023801363427043 0.145740174036652 -0.00300714370650991
0.259843868540466 0.101068659761912 0.223745427096517 0.0635830551900308
0.225199349519208 -0.0321171753437785 0.217558408850695 -0.0231354016018285
-0.0848878573127489 -0.236256289662033 0.0265933318663971 -0.19784723762125
-0.447581797408016 0.0531292157757019 -0.208392341486205 0.000976361219872428
-0.200300808838344 0.542669191063061 0.00318105332029626 0.0977343007199726
0.356403667064625 0.374618738603002 0.0326813208175607 -0.209320749396514
0.308973543623186 -0.0476500734467365 -0.0598250871674046 -0.16348176026197
0.0635389147645409 -0.0201061161873906 0.0747396665318068 -0.143304468782165
0.0115329711603446 0.134989024871233 0.0599904335456181 -0.217188288162833
-0.0558463354641516 0.0202205637421842 0.143030799152399 0.0848942425038958
0.0247334730294837 -0.0718524181511993 -0.150790800310336 0.246259868963573
0.148500206731681 0.0304586639668003 -0.289252229563934 -0.173811632898643
0.05869758903497 0.178174023067342 0.122434498668217 -0.185817973920501
-0.0807015031218637 0.121551379320177 0.129472923211474 0.198594206498731
-0.00546123508413786 0.0383041357324343 0.0589322471490489 0.164586794291009
0.12812766805564 0.0858146262004384 0.256228008124927 0.157643836306805
0.132678136407789 -0.0186990488140864 0.287840464439437 -0.0354018025639977
-0.127435089562634 -0.137540752343506 -0.149774998630641 -0.313779540706276
-0.295599186884207 0.142763684211427 -0.448430636176257 0.186379521708919
-0.0392419804749169 0.400995278753337 0.0871528966761253 0.254054616373586
0.310199165928691 0.216268266872317 0.0569434836898839 -0.277625416636832
0.269212371346389 -0.0940028190483483 -0.22150678760409 -0.0783965076844686
0.0647728896255396 -0.088505891641546 0.0059986490752831 0.0259195547877339
0.0134393981648998 0.0553260575381671 0.0410627010872904 -0.19282537441993
0.000490166603575251 0.00101088104310285 -0.0247774960154279 0.175087745088078
0.0026131054637551 -0.00123281713610164 0.0221242523541374 -0.103728663291874
0.0024826982903266 0.0192599880446085 0.283009747877813 0.00408719583553965
-0.035602353186675 0.000720465661152743 -0.00764299637173668 0.29844510193431
-0.0333567604579929 -0.0557723642054141 -0.179417069410192 -0.234289781899184
0.0340270809335455 -0.0321793888110392 0.432540925987077 -0.313266754290293
0.0106244318327661 0.00876913111595454 0.259122807479569 0.299267130935651
-0.0194184001417807 0.00518849430382227 -0.29178391236107 0.052254218190757
-0.0238143935385424 -0.0147231707084924 -0.255072889396028 -0.176389567179874
-0.0124070853827387 0.00162305268158696 0.031171901624482 -0.204197198806691
-0.00723604933398498 -0.00474426619525495 -0.0718275249533804 -0.333595330941091
0.0197763695445033 0.00239768031044795 -0.254557153085132 0.108847480982902
0.0127697578539792 -0.0179174444377224 0.27117868197517 0.301019451251604
-0.00793141248817901 -0.00941100865516828 0.258802158558636 -0.251853268111621
0.00250841772148007 0.000583610295052422 -0.173567526801884 -0.119545838956108
0.0251380176238995 0.0480206204278056 -0.0368055324408083 0.191741688482884
0.0582596211477751 -0.0949389354280756 -0.00369241898885173 -0.0329210696469729
0.258717123345114 -0.102279721166894 0.232577523202652 0.0141924201019586
0.296254084387744 0.189186636288575 0.0168105338877932 0.268797192262786
-0.0383626678172232 0.329793590326198 -0.164037849392516 -0.20997065030071
-0.249973711075807 0.0998484656127249 0.359744941444069 -0.286132152269922
-0.106143869626787 -0.118630182602502 0.200528790088663 0.263437001601459
0.101203720114042 -0.00699419108570319 -0.280218348291379 0.0497525046586392
0.0745478526597907 0.0752811602851584 -0.260175897845315 -0.169844061013651
-0.0543918520640892 0.031961939099286 -0.0299324213697376 -0.179293033949949
-0.113338536903016 0.10234684467526 -0.0954484736159954 -0.269304117183677
0.0612942782035427 0.180011762822027 -0.213419442587985 0.136186594114467
0.182787726946783 0.038746492732861 0.263332132858819 0.269505187643963
0.0503002785228739 -0.0800556243911519 0.215544649040673 -0.244656777997505
-0.057281728051813 0.00498682927384951 -0.164115611986552 -0.105859226790281
0.0379650872289161 0.127292579554783 -0.0651395715250107 0.217394461561454
0.0698717473310228 -0.0515532165430169 -0.0437597689307476 0.141444910344011
0.316952746195142 -0.131934134757922 0.101573025453358 0.107530402338476
0.456393907780075 0.262177422999583 0.0305088425373037 0.184808047675201
-0.0443873502683031 0.541500799197787 -0.0728403806876171 -0.122958757742117
-0.404999198175182 0.129263064411626 0.195501266971218 -0.12409698144136
-0.108748416479528 -0.213769221983629 0.0411181614265569 0.186519696425224
0.207333126483409 -0.0296594354094395 -0.225644795920033 0.0413695413336161
0.211684588590446 0.133609333123743 -0.244068681922988 -0.097380369292721
0.0684712314887653 0.059344664272395 -0.173578460937386 -0.0672028602135957
-0.0400634970995359 0.1148474706309 -0.147240862209843 -0.021791341664892
0.125295155883803 0.174087976719991 -0.0316218603257705 0.217159132971006
0.207544511981227 -0.00833078312963299 0.235859025903363 0.0974939011327841
-0.00295857563022712 -0.0952408908441163 0.057221277510192 -0.229458462627113
-0.110421239761651 0.053074764734127 -0.136362333734466 -0.0645470344222656
0.0165830115540042 0.207446901493982 -0.0754781064910927 0.196263310276377
-0.00695668078761906 0.130191787774509 -0.0482670917171473 0.251605543591687
0.0572879812297548 0.026029220721681 0.00887661035633813 0.186280777105431
0.144772488260469 0.16596082510945 0.0184718590278489 0.103606775004863
-0.121569090897819 0.278896678061011 -0.0282672418993195 0.0078828284087246
-0.267442950148193 -0.0598044017020586 -0.0303555896983785 0.034298627942023
0.046512431955801 -0.239855566289577 -0.0926458951794854 0.0810240113394389
0.274330348329838 -0.0631807045949585 -0.130786835365375 0.0342810366276605
0.33064360812144 0.0751669548726352 -0.136460856300678 0.0212091612366405
0.306335803861145 -0.0365974825189925 -0.130235080804827 0.104692757719532
0.163638824914502 -0.155865485490419 0.000710119369457014 0.204686333196577
0.00750301145677704 -0.138425887544341 0.174868942671791 0.143248774811875
-0.0743631720199727 -0.0839908415200593 0.123809151725229 -0.09749428896406
-0.170591058247534 0.00656630356466167 -0.0477769788647537 -0.190467271424096
-0.135639010412727 0.138471446894001 -0.0665002249894602 -0.0498763115081246
-0.0518389518498973 0.227220238166683 -0.0379310651683409 0.11506206394526
-0.146352806784547 0.229915378648723 0.0252189154607901 0.207232897343922
-0.257476852969669 0.12074281695847 0.033779503111038 0.1742976812248
-0.27742578730911 -0.0799848452404701 -0.0568381212775084 0.0871965627399851
-0.101646662947597 -0.239756703345548 -0.133265815420849 0.00513928421206756
0.105999134356924 -0.254044616835733 -0.125730989070894 -0.00704381510096125
0.250203701150787 -0.162204443402856 -0.0642573887877113 -0.00758302334346679
0.290801276406122 -0.0861164855526296 -0.00648537067962991 0.0216757342333394
0.300811614240282 -0.0929595015511192 0.0419894717902227 0.0753632247765244
0.238201254915143 -0.20963643617129 0.105755579667588 0.106038933030101
0.0578658214899333 -0.311630152027361 0.16290636072326 0.0841733131778871
-0.227869796368624 -0.22436743242279 0.148075176989667 -0.0426628643438116
-0.313532032002901 0.00348204131631788 0.0595002927358831 -0.177671674866487
-0.232563135107883 0.152692071493271 0.0157582528533042 -0.196810998351342
-0.099537161607863 0.202636142363383 0.01864395366091 -0.0992447445219171
-0.117508432353591 0.174049504598661 0.03703415738857 0.0345864369027549
-0.179844411215324 0.102750928846686 0.101062096771996 0.154850281147458
-0.174140751221446 -0.00679764171149666 -0.00365643446222001 0.141220285938308
-0.131925879695396 -0.146262060311793 -0.172169506610716 -0.00379307722377853
0.0704447441767654 -0.254404622872936 -0.126349258372388 -0.147925115295874
0.296819297942916 -0.157747418272105 0.0225248637621668 -0.110975238876995
0.333862269919646 -0.00967604960054754 0.092422653056262 -0.0194476738632109
0.273007227981196 -0.0690369669232036 0.115323094713061 -0.00551663972476697
0.107236666577062 -0.229102743279337 0.124754435977029 -0.0237869517774021
-0.1978662953346 -0.156369317195236 0.0962328623198786 -0.0283231999300446
-0.203725860747662 0.153067154425995 0.0685309921940804 -0.0448718207095174
0.00402250927760471 0.159139030982131 0.0303245677949407 -0.136604928365761
-0.0384191502880592 0.0503493241448941 0.0522043646455914 -0.196791224373045
-0.0835475488843393 0.132830994293784 0.0987994884635783 -0.228121249690657
-0.027634422178255 0.201132850774446 0.0607130916563759 -0.180117427237712
-0.11429019749891 0.0814467310933557 0.109087889324019 0.0278161354505766
-0.0610648663861208 -0.059271562469331 0.0299773705726701 0.204309325299746
0.11355032629207 -0.0400467628166069 -0.189338035851444 0.0306734797421291
0.116446156859945 0.0939593100284517 -0.094232114071945 -0.179000051943428
0.0306515294458131 0.0673744404565246 0.0802099971574835 -0.0688290307874531
0.14564405326679 0.0204690720529405 0.144597115458794 -0.00646448702673761
0.259615063522761 0.0938297046803058 0.223932528142775 0.0586185643306439
0.22208065635063 -0.0369060699061552 0.214413758318508 -0.0287340090422654
-0.0910593193667862 -0.232075664895963 0.0233784685471682 -0.196300894849101
-0.440338113945488 0.0652855020707196 -0.20556904996848 0.0068096257247181
-0.182325542461952 0.544434617924855 0.00633707690876802 0.0986880768081309
0.361836279421507 0.360957541863248 0.0262226195722777 -0.208982080140859
0.302747017085518 -0.0566547672803341 -0.064806685304823 -0.160154858986819
0.0613143803974229 -0.0231553755490477 0.070117470500786 -0.146199775478957
0.0153388575432985 0.133697755770048 0.0513656427558263 -0.216759288859918
-0.0550486417517437 0.021090863520524 0.144043416644286 0.0791868213387521
0.0215416021495012 -0.0725529021965228 -0.141169804299282 0.248997605255351
0.147944903493321 0.0248154248446179 -0.290947544512622 -0.16414347728813
0.0637013645189435 0.174412530147198 0.116175244722041 -0.185954335502488
-0.0777707159524483 0.12423652075168 0.133168354254466 0.19699063100587
-0.00574302398455714 0.0383546331902619 0.0615815452851569 0.162111102828504
0.12896643702128 0.0812501533613365 0.257330041719359 0.150899207349867
0.131797973882544 -0.0208261617195228 0.284270130917417 -0.0413456065023994
-0.130099628976796 -0.132725078145386 -0.155259580490255 -0.306940164254947
-0.28716087555047 0.150335635705438 -0.437020054659 0.198556442971035
-0.0250962383473324 0.399308839650531 0.0939676795229128 0.250963543875238
0.311865100215873 0.203729111706754 0.0477997993956006 -0.277947328029646
0.263438912951326 -0.101456276828461 -0.221986105664747 -0.0715201402212668
0.0605206029006586 -0.0897626272461535 0.00586047454816331 0.0229567741885308
0.0151129593418606 0.0545023070499407 0.0326129875780885 -0.193060023740292
0.00309360356633993 0.000523003315653028 0.0368807168397518 0.171028666449478
0.00165541434819678 -0.00209385489579422 -0.0154192187850104 -0.103113455895627
0.0105631001408076 0.0168317845471725 0.262973703533571 -0.0929613587786795
-0.0321797485873368 0.0141772510043467 0.0961206780797675 0.278543179656243
-0.0503959021450631 -0.0408270053068626 -0.247958777618206 -0.154228413854602
0.0230372604943931 -0.0404343378668086 0.292853647485342 -0.43677633834137
0.0122225143337951 0.00631774111238083 0.341927817171618 0.190093351782299
-0.0168045993346891 0.0108645765695272 -0.251700117196145 0.147261365327954
-0.0274233983141186 -0.00635402029948829 -0.296065081833324 -0.0769701524222936
-0.00905848132106318 0.0039823363670675 -0.0404808343574451 -0.201372624578486
-0.00714164960631274 -0.0036805553344071 -0.182594749818822 -0.284410458300126
0.0194201528085984 -0.00532130300244157 -0.195902582413013 0.188103009106955
0.0056328825609244 -0.0190827740785435 0.355746715426865 0.183021788518236
-0.00848056564505892 -0.00563277359500989 0.151912453141932 -0.323667942183662
0.00227033653345471 -0.00155621307845036 -0.201072888009291 -0.0496512047235788
0.0411171344952827 0.0362628460922087 0.0335300767699505 0.190582035473056
0.0221339231275684 -0.106013579951225 -0.0146186106481401 -0.0275524380394135
0.206634232878718 -0.180207015065776 0.219009517598915 -0.0683055965975173
0.334944122658335 0.0785974898852107 0.110894552882259 0.239995987059456
0.0703843526389137 0.317778589325781 -0.222594130051673 -0.137204107052185
-0.197753046193663 0.172536556977348 0.237222141960484 -0.384998218354536
-0.137652610588246 -0.0734219791346468 0.274875105365808 0.177624473812537
0.0900655351109356 -0.0392582390712959 -0.241970125963489 0.142616147069321
0.0936513858762043 0.043245697076807 -0.297594821085395 -0.0682088559748811
-0.0390169284892674 0.047470657356422 -0.0875611011460079 -0.157104319258715
-0.0683769395338382 0.130968767247636 -0.181200430426156 -0.217120027216598
0.115945014538535 0.143401653982334 -0.148982168593946 0.198140365786159
0.181150062714865 -0.0251877404740528 0.336425441531052 0.156907798301561
0.0209649465033827 -0.0920469875338192 0.114492281070525 -0.302306868282983
-0.051396698985377 0.0235255191456159 -0.189542907879646 -0.0407265087924721
0.0781138387603115 0.104826380883648 0.0163801341635436 0.224126421866952
0.0479792844826833 -0.0686205241773178 0.00760675416929053 0.14608879429502
0.249565589881134 -0.226025848978928 0.129892432779419 0.0607436073342985
0.509886695669755 0.0941107762599428 0.0954198632406865 0.155553636203339
0.13882700208405 0.513242562894847 -0.107053399246786 -0.0882979960660189
-0.331242947047242 0.24980840857819 0.140955177536255 -0.177045901216734
-0.17136320468831 -0.160409804639955 0.0997790860286704 0.159835356862178
0.182801801674624 -0.0971821649187659 -0.196742584161766 0.114675675536798
0.239623371943787 0.0509427272587696 -0.260088899148543 -0.00738189719932711
0.0808007623227234 0.0311419724582568 -0.182193460085303 -0.00232594897376947
0.000661277803767435 0.120251166412922 -0.143035999084991 0.0296680534472808
0.173294580876175 0.117760736195684 0.0458938653561608 0.210611011554523
0.189716485736819 -0.0782862757992693 0.251219879918056 0.00735368464721518
-0.0334680505635663 -0.0894264478325831 -0.0267226019577651 -0.231800973603563
-0.0839278735643029 0.0850092021573111 -0.148899815896562 -0.0117143989378722
0.0849641238977413 0.184852623574507 -0.000734475858055329 0.207467190298063
0.0392187727081812 0.123166997163047 0.0421678380482006 0.25102772518967
0.0625424245586853 0.00717145279782895 0.0716224473245658 0.168784661486673
0.188086591897278 0.103883558977481 0.0546192612001975 0.0885768412581115
-0.0207283476121641 0.296310585576679 -0.0232540911819008 0.0188757055995884
-0.264985009945166 0.0308031342535479 -0.0167066221026996 0.0459592439762221
-0.0361611511450205 -0.236883831315929 -0.0604286253704244 0.109275375369567
0.231861531849036 -0.149255068536586 -0.110163547498148 0.0759567822091013
0.328468574642555 -0.0419599803327601 -0.118500849760275 0.0646959914767527
0.26835161980872 -0.13442507994271 -0.0851734248509202 0.140816233975123
0.0974160071742863 -0.196113630593419 0.0717537830344905 0.188153718191711
-0.0378072293239771 -0.127894868582108 0.209655853398109 0.070133532003719
-0.0953283137874404 -0.053440611691231 0.0802669809094312 -0.132022136197572
-0.153199620566491 0.0625489121373287 -0.110459774565719 -0.159112900056713
-0.0773956787466144 0.173213262693161 -0.0803465095268906 -0.0217968794742215
0.0276355260222157 0.225969750469549 0.00520952886773611 0.119166575715196
-0.0579095879497633 0.260003524934341 0.0978526551828429 0.18295745735105
-0.196176161474939 0.19847312088846 0.0917374951263144 0.151258537143022
-0.283368224709195 0.0176499530539725 -0.0218475428175527 0.102650649309766
-0.172522347437652 -0.188711565654493 -0.124050602224494 0.0519713038327458
0.0159535303695531 -0.269655288894268 -0.119167264109954 0.0371776065010478
0.177882376275728 -0.231840301005927 -0.0629295026937973 0.0159421879578285
0.239526785069915 -0.175629045111315 0.000425982311096448 0.0224589620926949
0.244976016662622 -0.185818189576695 0.0650573279402882 0.053728090057555
0.148899195863577 -0.270330674521663 0.134616770061152 0.0606306550623522
-0.0512338863422457 -0.305418123889456 0.179264812896998 0.0202304139180716
-0.284364460352421 -0.128373669765489 0.120744583202759 -0.0900268214064909
-0.285775756265463 0.108651839910062 -0.00786241586557247 -0.18341409435749
-0.161148824747043 0.218431929861703 -0.0560984048653742 -0.185372854650814
-0.0214033793520556 0.220895960891272 -0.0183625173226353 -0.0966478265371374
-0.0522666246633554 0.197714933379962 0.0483272266960939 0.0199890969813202
-0.130216202820021 0.152111405109757 0.148878595778694 0.109009091496853
-0.160849008122113 0.0498068852066654 0.0456487509347502 0.132947878195194
-0.169776483240165 -0.09165234916632 -0.160331950832483 0.0559522682839995
-0.0192501513236484 -0.259317465747261 -0.168714389819783 -0.0924952569850906
0.223782667213897 -0.242094623018042 -0.0166800719992204 -0.110816806679076
0.305875203020111 -0.117578199197043 0.0798690493903026 -0.0502702503963608
0.229348230617203 -0.152568176225139 0.105439764942913 -0.0437049806070831
0.0213713359128684 -0.245070967839541 0.109314144907226 -0.0657043255997416
-0.231251561259444 -0.0780108162858433 0.0803443194030559 -0.0605326342135332
-0.135216081596356 0.207681248529619 0.0465949245342964 -0.0646543397260355
0.0572053909371421 0.144643428729785 -0.0210050467184404 -0.133869499843373
-0.0175160519121577 0.0600400184665958 -0.0212902758794851 -0.198118794134072
-0.0295189939025259 0.151782248178313 0.0116020383982652 -0.245709209446985
0.0437840301008771 0.193726795513244 -0.00736398350540375 -0.186338308022516
-0.0786112432818681 0.110343144200391 0.111322298562181 -0.010303098411554
-0.0741769665322887 -0.0340050719135146 0.0976665701922273 0.179890511980795
0.0914341991022989 -0.0747190044414428 -0.165304659507113 0.0921681138952585
0.138978526809514 0.0492239265247266 -0.147210295770577 -0.133971641894071
0.0501824922496821 0.0535965177059489 0.0535533608770898 -0.0908910569599724
0.140673996232593 -0.0271656870226463 0.132296840097492 -0.0542686656203113
0.270472543950949 0.000741449268128763 0.227796713781064 -0.0235681412693411
0.194003411043679 -0.106561227887202 0.189838540645995 -0.0987464628220444
-0.16108817110655 -0.183098875084392 -0.0451873058916349 -0.189389405216994
-0.382922798123448 0.208597553534733 -0.18597230468215 0.076186496643141
0.015335198312312 0.561051643788833 0.0401532645593841 0.0897078447133594
0.454714125422082 0.205623712226703 -0.0477922005889632 -0.19904021120149
0.259031134231581 -0.156778018798999 -0.11564308871592 -0.125066318681849
0.0481762900755782 -0.0416783708589575 0.0138075361849401 -0.160441824901477
0.0616976201934843 0.117128648948111 -0.0284707442598823 -0.21867970245226
-0.0438866064967421 0.0347239503702748 0.160038640131673 0.0253192191588272
-0.00203981751725035 -0.0721878824723146 -0.0487181204903554 0.280519725914783
0.143167202118642 -0.026095904439204 -0.326112645311709 -0.055050289257339
0.116252689950972 0.139932684177324 0.0468314091817238 -0.211388938901574
-0.0302390671689852 0.141696569263836 0.192786809287611 0.139185561328135
0.00541101186590389 0.0385821354591651 0.11035693294508 0.131667471875313
0.146018833086108 0.0330264631376203 0.288279487974412 0.0508383101581921
0.115365333190511 -0.0626913187342901 0.250233306869077 -0.134078605516171
-0.163082559211862 -0.0800925805437975 -0.247713601862875 -0.230558236436164
-0.217755438395454 0.234648543131184 -0.332901456651463 0.331281377553749
0.111219386777514 0.375920310524072 0.174166081351798 0.19912436746752
0.357299083052485 0.0823577684702946 -0.0532521865558682 -0.271820063897562
0.206765598065528 -0.184988064235794 -0.228418148177521 0.0111725852157215
0.0246792487501381 -0.101912971883775 0.0133167978744939 0.0176198375448919
0.0347221306928889 0.0453019155229101 -0.0383066878263145 -0.189214307459475
0.00253085496724329 0.000798610768425711 0.0393220944689938 0.169232027452619
0.00200168184535585 -0.00210041263434076 -0.0164075994685888 -0.0986235189871029
0.0107522414987907 0.0158257637687717 0.256099722808574 -0.0941336234446443
-0.0308670347709324 0.0155403085155654 0.0996768878406377 0.271848850627243
-0.050054242091403 -0.0393101415166189 -0.244617153412988 -0.147708100601534
0.0228127784733663 -0.0406351734884452 0.28185031205846 -0.433757067505298
0.0128099182672142 0.0060197293763416 0.337512679961672 0.182842222646224
-0.0158009129706119 0.0108422182678953 -0.246934217088827 0.146474076155584
-0.0268033573071941 -0.00521763365796443 -0.29073867618062 -0.0724657078678606
-0.00834912495587048 0.00352548237603394 -0.0410999270960748 -0.200220340579583
-0.00618938895307588 -0.00392681505249162 -0.183345680875137 -0.281301871081917
0.0188291694110454 -0.00493727330429988 -0.191328694614033 0.184582733726602
0.00492818106194913 -0.0190665114773534 0.351018506983695 0.17523045918379
-0.00798860419980492 -0.0045949311241724 0.144549568024721 -0.322357979726999
0.00247859903045523 -0.0015162060133633 -0.198295524275651 -0.0451155459854652
0.0413944381665039 0.0352653434444085 0.0371328753867062 0.187171744093851
0.0201151526148309 -0.103870038410258 -0.0142455155870775 -0.0256198044141184
0.201035218542263 -0.180141388133821 0.213425675802906 -0.0698052906195177
0.331866547463336 0.0733963241959138 0.11311663795981 0.234854164209348
0.0738214093194249 0.31217263630552 -0.222072378124439 -0.131228011664949
-0.193061741209428 0.173623474952761 0.22961358659307 -0.381155450058317
-0.134800972981261 -0.0699466450128502 0.27295974866921 0.172724546259598
0.0895030522887712 -0.0395006249668223 -0.23655543004102 0.141719404112752
0.0928870472483961 0.0423533650499253 -0.292070670520436 -0.0651375452839687
-0.038351360241026 0.0469566398438772 -0.0856308732974742 -0.155760882563879
-0.0655631817741853 0.131422954370374 -0.180372421857885 -0.213910201024411
0.117645303238297 0.140030115930173 -0.144483238090549 0.194405034241781
0.178070224617326 -0.0293212991994026 0.334186760684993 0.14935051766868
0.0195610024396046 -0.0917141366764622 0.10765909487143 -0.300478995749542
-0.050075983785678 0.0239301386509548 -0.186789456936917 -0.0377196067881677
0.0809078671757427 0.101929209685965 0.0200696529824813 0.220330987524534
0.0467685761908111 -0.0675568661410517 0.0113363562354891 0.145977907419958
0.241418629828162 -0.225795461104355 0.128660872144963 0.0585026532864522
0.502871425557485 0.0845097341412127 0.0965377617393268 0.153010486821846
0.14337784990617 0.50266052408647 -0.108766585603863 -0.0852570459593112
-0.322434407358627 0.251745244079381 0.135905180048344 -0.174328954499621
-0.170406198181614 -0.154993694352759 0.0991846672616285 0.158347018299698
0.178257946769776 -0.0966443779945958 -0.192848013659155 0.116258298700942
0.237041285051015 0.0459423126466662 -0.256569947394826 -0.00447027953343868
0.0795963478538555 0.0317165430275148 -0.178619374690971 -0.00263984571435181
0.00233215488544499 0.120258522583438 -0.140734814031591 0.0288836571598514
0.173500299136627 0.113835571110104 0.0458100636135425 0.206917245707729
0.186735790298984 -0.0818563713017252 0.248487780461301 0.00505934394064244
-0.033570325101546 -0.0881533674843919 -0.0297070206301751 -0.227939508957495
-0.0808104729929968 0.0849303646239488 -0.147057238083313 -0.00972355313423907
0.0874700895317468 0.18091301896661 0.00124876609603254 0.204546947948136
0.0404169106341136 0.121370074542734 0.0480313434697924 0.245891203596405
0.0617555429478918 0.00713901154878162 0.0729397912811453 0.165427463737809
0.186151998706634 0.100645789671091 0.055533832208888 0.0858329549649425
-0.0147232680255429 0.291158156397526 -0.0237209996483239 0.0200123035577922
-0.259469170098321 0.0342423581777647 -0.0154105161143832 0.0478018969364137
-0.0375197353886026 -0.23252411288662 -0.0586264956460745 0.110098356205582
0.226374870766115 -0.148293592298503 -0.108707093509702 0.0765818936663879
0.32334662293479 -0.0446421651469659 -0.117767630616594 0.0639740933112129
0.2620183235503 -0.133962041791648 -0.0828705889021005 0.139388853193828
0.093984167692718 -0.192514263331919 0.071605041952242 0.18386843586897
-0.0373512990059816 -0.124189864863984 0.207382286877158 0.0671157072055864
-0.0931808859057812 -0.051869995229421 0.0779552507703562 -0.129599333319981
-0.149045908599204 0.0631545873530431 -0.112165142286915 -0.153682782850983
-0.0728914697457867 0.171535436135564 -0.0799028101975869 -0.0201166810298284
0.0299060057956383 0.221307220675386 0.00635536930512184 0.116892141648467
-0.0519309576451957 0.256032066067733 0.0989914892009616 0.177831716808784
-0.190128438290507 0.198049667972653 0.092602772674804 0.147953175604427
-0.278902693373369 0.0208321089699077 -0.0194009763150911 0.100793211730911
-0.172658143004434 -0.184493314188275 -0.122443156742659 0.0552337295181525
0.0125112746012606 -0.267108577688959 -0.116254435270042 0.0387755721709247
0.172914864953363 -0.229039215421021 -0.0616706478162721 0.0176923044056398
0.232747920285979 -0.174012085477956 0.000104737069555429 0.0224317987659327
0.238462472824623 -0.185221484466241 0.0643426659990941 0.0517782672489357
0.144076928465557 -0.267426065488322 0.131628828449632 0.0573799533200535
-0.0529222880058622 -0.299256908204318 0.176258619074349 0.0184271274675598
-0.280202734099411 -0.122534769459735 0.116444851138353 -0.0879595551690124
-0.278391947642147 0.112427369235465 -0.0114509607471036 -0.178158451315785
-0.15366831928684 0.219299725466227 -0.0586856684751233 -0.181053383812645
-0.016961321041379 0.217275622086248 -0.0195467615252476 -0.0948773430814652
-0.0494764274687588 0.194143217782744 0.0469157250154757 0.0187960902031529
-0.125500541675656 0.151048155596322 0.147748329996375 0.104437206328409
-0.15669175186739 0.0501842833658772 0.047048182637494 0.130177839495192
-0.167101313377632 -0.0871167302537743 -0.157082213315359 0.0572616472521242
-0.0214029456151271 -0.254935535760178 -0.165548521671445 -0.0876343058882642
0.217345164704918 -0.239325177338956 -0.0162606536141511 -0.108780682478004
0.300117246017038 -0.119803137425669 0.0790843153204405 -0.0499672239908446
0.222508869912619 -0.150456584567884 0.101409322690632 -0.0446035579374067
0.0182705934925639 -0.24055447456662 0.10748955571936 -0.0652408779081217
-0.227337280219844 -0.0724407370592937 0.0783629963940795 -0.0621542193631453
-0.129029474724964 0.205197852103655 0.0464098446991254 -0.0639618557144195
0.0585237776199867 0.14116987341629 -0.0226791896446639 -0.131715936392441
-0.0168625481505125 0.0607032689991505 -0.0247107848086312 -0.193598965627629
-0.0281249163398868 0.150359873401409 0.00678238144815906 -0.241613982129775
0.0471252219979486 0.189487463920464 -0.0106159302552041 -0.183234332422175
-0.0764209577846103 0.10951305698781 0.109537865704083 -0.0115521109110656
-0.0736594224325294 -0.0342262136857245 0.0994822151490486 0.175336328831517
0.0909027135912277 -0.0762234881274802 -0.161758846207658 0.0922489730157692
0.13920113332205 0.0460261188900865 -0.144898038036208 -0.129547715619685
0.0502301643533426 0.054291935289982 0.0532541436242492 -0.0882318399438337
0.136788943636684 -0.0272383180227443 0.12956464658163 -0.0540830876502125
0.26575675052469 -0.00168602477446569 0.224603056142233 -0.0253046059909805
0.189395492548586 -0.106237472788962 0.1858550722883 -0.098727869980306
-0.160844783935738 -0.177929535198891 -0.0440264939419945 -0.185233932095024
-0.374681608498283 0.209875961192458 -0.180775690033316 0.0762826227864733
0.023581461811262 0.551361475561211 0.0411757579194735 0.0879682283314287
0.451188659835024 0.195294032844481 -0.0516959089119088 -0.194946883933328
0.251558507632437 -0.158357298932522 -0.116094640086286 -0.121202147955197
0.046018797251063 -0.0410572779588147 0.011336765434137 -0.158770200584606
0.0636511237693913 0.115256129318331 -0.0320693524287232 -0.214869803587952
-0.0429535610283771 0.0349339188106887 0.159596942905911 0.0246759429087987
-0.00342190759339726 -0.0725312764828017 -0.0431055784574544 0.276542252426549
0.141667026373715 -0.0287128763316537 -0.322836063554475 -0.0498532705137921
0.116982919801609 0.135311539455067 0.0444667024428693 -0.207248498189716
-0.028089266382357 0.141472498909927 0.19208810417322 0.136949106121841
0.00480676129795266 0.0384411867741904 0.109206681458124 0.130556369171666
0.143728320587358 0.0318183145087377 0.284946472888584 0.047644161247349
0.113151623567725 -0.0620332328973452 0.24445345013369 -0.133042455694833
-0.161561713105689 -0.0765422354686618 -0.245367773799133 -0.224672356070137
-0.20983023552029 0.232185101993578 -0.321308885836707 0.330220460319457
0.11502587752646 0.368708408391712 0.174273628177256 0.194259176778005
0.351289194386963 0.0733627553032004 -0.0559765506983207 -0.265834989857911
0.199439501516978 -0.1849449677836 -0.224188507169552 0.0145693661227884
0.0226836250520214 -0.0998182262593149 0.0120540633102346 0.0160577601217136
0.036094380967835 0.0446305998883387 -0.0410336102640127 -0.187079532392442
0.00266712510228691 0.00129106458410661 0.0407106192520936 0.166880145903656
0.00281580793160462 -0.00166347295893117 -0.0165928039614817 -0.0969039431262774
0.0114260985753461 0.0156524730804204 0.25309918967974 -0.0939110975299087
-0.0293871168898504 0.0154070085744902 0.100258333661241 0.268639034850996
-0.0494499224693598 -0.0377044917378458 -0.242255414220645 -0.144390058914893
0.0222193163351444 -0.0405246454967876 0.275606253882184 -0.426995854575194
0.0142896609052655 0.00615743022900645 0.334571935282418 0.179967146493182
-0.0143636168821467 0.0111641477928629 -0.245412199452886 0.14412245807963
-0.0260471444292379 -0.00382037075427156 -0.285384971710772 -0.073844482071517
-0.00706465961021925 0.00330853245305954 -0.0404751168162203 -0.200638996410221
-0.00551802111837854 -0.00355210167032875 -0.183697276002843 -0.278984714605091
0.0197603878886669 -0.00631264097993921 -0.189604533339843 0.183673953379789
0.00445947136540178 -0.0187624677406992 0.346713452534254 0.171089278248084
-0.0076315688243898 -0.00355323212888949 0.140913401948115 -0.319084039175519
0.00265357530889871 -0.000128743474778402 -0.196784449231788 -0.0444226537022907
0.042373094830006 0.0351382860126762 0.0380607842765837 0.185275621916376
0.0199018555988475 -0.10167467103283 -0.0133031289150419 -0.0237830540128187
0.196608510636956 -0.17926692239537 0.210497004606222 -0.0697351401532006
0.329043518527632 0.0700930818174062 0.113577216493703 0.231405462940861
0.074720744624329 0.307313331647765 -0.220163411561019 -0.128501064460931
-0.18960590719669 0.173399362599585 0.224096733467376 -0.376623479462137
-0.133502767439025 -0.0676927091008072 0.270310287569525 0.170192897091708
0.0889163171595065 -0.0389435190519698 -0.233340048271525 0.139810769628434
0.0912447788120007 0.0409179987386728 -0.288686362657102 -0.065835712517391
-0.038533282194405 0.0470983498432279 -0.0840606016022767 -0.156517912887842
-0.0640230273221497 0.132320933678066 -0.179332044422984 -0.214871812685357
0.116747002023556 0.137495785959134 -0.143430606886155 0.191685325979279
0.176132999114357 -0.030078742815222 0.329818460966863 0.14570879809326
0.018361489754538 -0.0909044932234294 0.1046491641212 -0.297698834601064
-0.048294186326111 0.0242344073003584 -0.184135369507306 -0.0370520100396669
0.0814820221638967 0.100165847242213 0.0217312518866135 0.218271205213335
0.0455569194188314 -0.0668511010897135 0.0125186729884903 0.144754513339271
0.235544864158975 -0.223614214058879 0.125924441524439 0.0567607558145992
0.497133721509435 0.079901114155705 0.0976381440527017 0.150669101246513
0.144649433266009 0.496240537761046 -0.108703783578841 -0.0822052351372121
-0.316947777330761 0.251176284014689 0.133659443601085 -0.170431539930959
-0.168222639209694 -0.152504083609857 0.0974715097700341 0.156790619137101
0.175780465554823 -0.0948606781949637 -0.189505039067799 0.115238004125678
0.234761057112255 0.0453402934645207 -0.253418513378124 -0.00533074912607724
0.0768077209770097 0.0319988851688404 -0.175873711628203 -0.00320997488885906
0.00358243646831883 0.121376628618451 -0.139905726525406 0.0272627252728405
0.172733491328814 0.112126548371949 0.0462240238031883 0.203071219120943
0.183995133052172 -0.0826314966523269 0.245629295490842 0.00452455190413741
-0.0335559378322113 -0.0893660509052202 -0.0310310813695242 -0.22460402967636
-0.0784375046451139 0.0843287259450582 -0.145456358625788 -0.00893976976849819
0.0891622848763883 0.178006780351355 0.00342257343099197 0.202796297747659
0.0417945777359234 0.120506152100749 0.048148615355341 0.243699661938935
0.0604090823858699 0.00827697079620509 0.072890788687714 0.162378671577098
0.182657864448591 0.0978471111223029 0.056247449037285 0.0841529801803383
-0.012491842870586 0.286224403039996 -0.0250173299132061 0.0210243319781094
-0.254625068101488 0.0347070107254124 -0.0150951966384019 0.0495748693570037
-0.0366190383110706 -0.228343540105173 -0.0567322452280109 0.109742146166487
0.221932207941365 -0.145138749102693 -0.108786158378427 0.0762019798223004
0.319617331703251 -0.0446109238647927 -0.116675697634515 0.0621216198075599
0.257960709014981 -0.130658943444852 -0.0825137391030695 0.13677884350037
0.0924111237156524 -0.189049291415037 0.0706593801477174 0.180551482352838
-0.0360124301649012 -0.122305207172908 0.205163190238835 0.0671211888290347
-0.0900020550466117 -0.0513341544011315 0.0762432068723239 -0.128107548578682
-0.146230456739134 0.063016511762552 -0.11233011590391 -0.150167823909322
-0.0696885548496208 0.168999165505391 -0.0792579958080531 -0.0201165102378569
0.0320414705735131 0.21752623417682 0.00681356656045527 0.115420516045422
-0.0482115205617896 0.253876600599074 0.100248172190763 0.173802010595779
-0.184775859865263 0.199590757093009 0.0917317354285444 0.145265424851989
-0.275283149891235 0.0232062038955886 -0.0188305183593643 0.0984251108252913
-0.16993108481778 -0.18214553705941 -0.120911631208827 0.0572477878280226
0.0132128252081048 -0.262997165647505 -0.113667011935239 0.0396390573757776
0.171183227797438 -0.225991755099078 -0.0595027999588169 0.0193315669465941
0.22791788389282 -0.169227987720818 -0.000816387435484495 0.021804810882335
0.236304733644045 -0.183390942886464 0.0636380096294675 0.0492983785476454
0.143203484367467 -0.263638446233935 0.128959352711573 0.0557940460650761
-0.0530108098656119 -0.296203747868566 0.174502602033306 0.0175895692434326
-0.276582370119396 -0.118784771971601 0.115182767390204 -0.0857539729362783
-0.271835176938714 0.112621126842621 -0.0119583746910421 -0.175080066399645
-0.149608988600813 0.218027249982302 -0.0594523409996066 -0.177166678665222
-0.015848431312983 0.213871612461769 -0.0203392929266019 -0.0930564891847387
-0.0469741564759446 0.191230049531299 0.0471240679307386 0.0181564926076774
-0.123100443864333 0.14938788355846 0.14650618495258 0.100408425638843
-0.153365482297678 0.0498826655910277 0.0462527387456533 0.128325546041617
-0.164518913159578 -0.0858984476790535 -0.154791005493838 0.0559177216347926
-0.0221781246049955 -0.250763693183542 -0.163878587235747 -0.0843242421930976
0.212788682235529 -0.23765662971491 -0.0164478365409969 -0.106732387664212
0.296789026913411 -0.11832361539893 0.0785996229679098 -0.0497108329905131
0.219842729684563 -0.147992940845986 0.0998968326095605 -0.0433953695153119
0.0175084145342027 -0.236383627252034 0.106528591668647 -0.0660440296737157
-0.223268636923065 -0.0714305773612527 0.0774968465871028 -0.0625241936700734
-0.126113889069547 0.202657735008896 0.045244717771094 -0.0639253560569463
0.0583318719616187 0.139344041590413 -0.0241464638423367 -0.128313775923548
-0.0164133262685175 0.0602148564652702 -0.0255310603851733 -0.190305381462084
-0.0264139800695193 0.149597678072494 0.00512219135462028 -0.238364712179101
0.0469652718831464 0.188143254742301 -0.0123601273672663 -0.180113703867882
-0.0747310499045345 0.108053437020551 0.107521765630441 -0.0117557928115304
-0.0735691721733367 -0.0335252656546267 0.098660421812744 0.171963088043175
0.0899964369514095 -0.0768065266505175 -0.160502071701258 0.0902702602935923
0.138761185586394 0.0453295116302225 -0.143575852828767 -0.127466723076409
0.0497338428150372 0.0563386154983328 0.0542861563051027 -0.0860157789506151
0.133639285575698 -0.0261172111113574 0.127373114269863 -0.0524797295607329
0.261208167133775 -0.00208082258660544 0.221078506134721 -0.0252773249406354
0.187530540032403 -0.103911004904909 0.183062968258483 -0.0981677085368789
-0.159055037701859 -0.174906211706368 -0.0416670638201035 -0.183719535926889
-0.367369815164013 0.208538989189805 -0.176380167533864 0.0741012492479818
0.0263789325202001 0.543941493016769 0.0416394040244283 0.0873493913829423
0.445208542748175 0.189924710921074 -0.052349061854688 -0.192561843565767
0.245994548210901 -0.159207047863284 -0.115351127512498 -0.118628903980294
0.0449396594026939 -0.039752450030275 0.00835437624675288 -0.158014184316409
0.0635316401809432 0.113564295049957 -0.0338722156883854 -0.212886929133051
-0.0429050636897021 0.0352640320884408 0.156681758492231 0.0229947488594409
-0.00372345240485327 -0.0715165364004226 -0.0402745804686089 0.273325006508263
0.14073190520509 -0.0301861914378829 -0.319398679426066 -0.0486095165241428
0.116363213270286 0.13402513302815 0.044905417717991 -0.204651976572784
-0.0270205129030612 0.140868116745929 0.191358066938614 0.136890184074071
0.00424850000911971 0.0395848903995887 0.107863706326481 0.13047710718319
0.142569693196439 0.0298330754473791 0.280012252695386 0.0463035033040337
0.112172034973151 -0.0610799247118743 0.240679412440873 -0.131561161688902
-0.159516342876498 -0.0753974999879738 -0.241945566256482 -0.222041200310063
-0.206491420838301 0.22832202293279 -0.316063887703929 0.327115739105936
0.117138259284386 0.363507090745132 0.174659681934691 0.191174484019184
0.34744850671068 0.0703953727203293 -0.05760205706049 -0.262082588694388
0.195506877959398 -0.183634289337187 -0.221135406595514 0.0156692211528395
0.0218034231254742 -0.0980950008532853 0.0115439915506621 0.014853274954975
0.0363147123173773 0.0442613796435252 -0.0429105841425871 -0.185158174174425
0.00306422830428022 0.00221395424866257 0.04161610228773 0.168454884318663
0.00307376661094412 -0.00129746699948006 -0.0163474792856745 -0.0959800702028412
0.0110948598799748 0.0153947941221717 0.253399626534641 -0.0948595168457145
-0.0289058392664689 0.0163152573699629 0.10228648002118 0.268138531961391
-0.0486245469491358 -0.0362349529958029 -0.241261580306028 -0.144664613250697
0.0214410499807172 -0.0397398663356329 0.275724366587533 -0.43032172213023
0.0145987899867997 0.00575992146761241 0.333952389939159 0.181212111154927
-0.0140646360830822 0.0114302056048554 -0.24606375851049 0.141589560023447
-0.0252225503674988 -0.0027816156216254 -0.28567802949252 -0.0747277580124425
-0.00622374117973729 0.0034894202231088 -0.0388876734857205 -0.202291624267736
-0.00500316278809618 -0.00323152116705364 -0.184238688359535 -0.283424690373137
0.0198197770412481 -0.00685908648262858 -0.191513687711287 0.182174522018522
0.00451083619004813 -0.0187032731598773 0.347284944011285 0.171749030418617
-0.00762658532685789 -0.00325237800438606 0.140094261872358 -0.32182841939401
0.00276473643778117 -9.07544139317233E-06 -0.196287359960825 -0.0439955804500217
0.0421239840881164 0.0359018410303509 0.0394532756319985 0.186024185762644
0.0199198992297989 -0.100949241972775 -0.0122082499384358 -0.0231467391643004
0.196373187457831 -0.179101120031338 0.21108146646879 -0.0693256027358725
0.331586303388652 0.0704693009497502 0.116250938680743 0.231371319791217
0.0747628007766312 0.307981048927595 -0.221283602468211 -0.128018377987758
-0.189671666812522 0.174553211279949 0.224212323833868 -0.374632280747118
-0.13179138462677 -0.0679058219192529 0.269922184857971 0.170908061905412
0.0889108127063617 -0.0376532408187449 -0.23437621222965 0.138273379682136
0.0917420433606522 0.0423920013628745 -0.288611326345494 -0.0663356789661097
-0.0387688912896301 0.0474156666704437 -0.0828341822835765 -0.158537368691969
-0.0629978610754876 0.133247647007531 -0.179339854952221 -0.219060283463588
0.117363444717267 0.138038550274173 -0.144507304383938 0.19026632235433
0.175526607834992 -0.0315582181567173 0.329869358249244 0.14529438635251
0.0176579871195053 -0.0912865345093467 0.104447780775336 -0.299562546152232
-0.0478010280429333 0.0243558869671814 -0.185008046938349 -0.0368927502852096
0.0827721128576336 0.101017685608763 0.0230655469606039 0.219628147123635
0.0460276235991219 -0.0654236061313101 0.0135590061632201 0.145600633433954
0.234614024673765 -0.223385393119784 0.126567942965689 0.0574562420600247
0.497397459262857 0.0790986251322648 0.0982775199336631 0.150294352961553
0.144874750318916 0.496896578680093 -0.109291064264468 -0.0818638203542664
-0.316621659560261 0.252991150790394 0.134102406134813 -0.168653933365482
-0.167475718336015 -0.151646568122352 0.0974623300875588 0.157932241343067
0.17457754282424 -0.0930306399065353 -0.191148873350882 0.114651110552503
0.234574767712262 0.0466336859676789 -0.253283522000936 -0.00861255444040697
0.0756346663868267 0.0337312868206648 -0.175373833618024 -0.00484727320278756
0.00346664485854718 0.124290604065553 -0.139624277987409 0.0239078465566677
0.174171464159246 0.112546884674795 0.0457066851070297 0.202913772812404
0.185000331188633 -0.0839305678226332 0.245980978911455 0.00428613698992187
-0.03345288807819 -0.0900203795125453 -0.0313029153818156 -0.225812145608017
-0.0776046221495751 0.0847014255625228 -0.14456898227597 -0.00979806506277551
0.0901560011305853 0.178036664515635 0.00352921537281797 0.203380812090963
0.0413239814452459 0.120832164336743 0.0497867178359795 0.242634200730874
0.0607214338542666 0.00975738478651168 0.0726500911576014 0.16274280214454
0.182527669191862 0.0980370112359981 0.0568656859661697 0.0831607143895677
-0.0130808845106818 0.285008972758165 -0.0254637487819429 0.0224602197552854
-0.254029954595003 0.0354465501378957 -0.0136256738366099 0.0515146043764433
-0.0355907276011772 -0.226595856703416 -0.0573870482516306 0.110570084396703
0.221813007266623 -0.143457509990826 -0.109415474466469 0.0768707080558167
0.319166094295011 -0.0429069968348279 -0.117749743340268 0.0605958440806254
0.258373363322984 -0.128431479504972 -0.0830678115697822 0.135832689102506
0.0921600033164698 -0.186636479342482 0.0693494446773589 0.180335943679182
-0.0351811757799492 -0.120770793736786 0.204785694226174 0.0677992411059522
-0.088740990375036 -0.0527192907456057 0.0761619591809682 -0.126823500295901
-0.145520532209546 0.0623479582112132 -0.113086323382456 -0.149750467601125
-0.069949948362115 0.169737866809304 -0.0798985554545277 -0.0199770662199016
0.0322247906365502 0.218230884903693 0.00670606267476033 0.11562155332064
-0.0485753079494045 0.253143108364742 0.099752587326047 0.172922818798146
-0.184744302282017 0.199585754421195 0.0919215628399836 0.145258031844113
-0.276068086481707 0.0245921527253355 -0.0178200292095787 0.0977374570789505
-0.169353984604458 -0.183189280231561 -0.120437806922767 0.0576948188026316
0.0137812196636301 -0.263778038443907 -0.112837359405083 0.0403797433621421
0.172449320819533 -0.224750518973935 -0.0593620674788761 0.0193894910178929
0.227819253205379 -0.166958191492663 -0.00139696348443581 0.0223931034725575
0.236658328309489 -0.180967650780063 0.0633187340347755 0.0493277038089366
0.14477538537408 -0.261651251909839 0.127827925392328 0.0552964370091766
-0.0530921114964917 -0.297042188167464 0.174104602336105 0.0176130867433645
-0.276025941331616 -0.11747621143687 0.114084634640584 -0.0865270159756642
-0.27174294532701 0.114109038502769 -0.0126278618835405 -0.173349371492621
-0.14876261404143 0.219016483066553 -0.0620380643973787 -0.175645980466531
-0.015771375405414 0.214431389087174 -0.0213453887084897 -0.0926540423343866
-0.0470151260524883 0.191403318019684 0.0460166958990747 0.0170911082261789
-0.122759522744155 0.14866679013028 0.147205647779917 0.0999234297733463
-0.151906648220537 0.049538976650692 0.0467605403766429 0.128137979782602
-0.163141317636525 -0.08573325543952 -0.153797210725156 0.0550944416539966
-0.0208390861698648 -0.249374771635447 -0.162202084863586 -0.083106957018703
0.213683149637893 -0.236680028789034 -0.015717750795241 -0.107033913896898
0.296846675107534 -0.117147158943505 0.0801687792522947 -0.0496097467873703
0.220534574861819 -0.145606037725899 0.0994555951587768 -0.043856248385615
0.0186192986001029 -0.235828681403046 0.108970688658975 -0.066166422501251
-0.221138287955729 -0.0701946167075269 0.0777743849160381 -0.0642244452726099
-0.125450280501044 0.202409386133267 0.0462185074656908 -0.0633176913868254
0.0582632611871708 0.138542484324886 -0.0241027075226834 -0.126716859505345
-0.0160395414716371 0.0610566790253705 -0.0266342574437198 -0.189025940260062
-0.026852487454907 0.150642314499721 0.00366776431526867 -0.239029868721001
0.047499222090954 0.188367656214817 -0.0128891243501642 -0.18092649160669
-0.075270802344081 0.107741944328096 0.108911538988095 -0.0109879149632759
-0.072567970735742 -0.0346032818510087 0.0997770417057495 0.172173815040629
0.0908887263596069 -0.078085920625287 -0.160473934176849 0.0906314682292386
0.140404194192372 0.0454902889858805 -0.14265436817689 -0.127899205420566
0.0491295576362912 0.0572754241641857 0.0563779931820528 -0.0843892998189492
0.132062980124579 -0.0243163721780857 0.126907615125819 -0.0513140302315469
0.262235527028854 -0.00258656304076856 0.221319039784213 -0.0247204011043275
0.188848741108932 -0.103152974077624 0.183036649977048 -0.0966248899684599
-0.157931687253039 -0.174223378105658 -0.039563061091092 -0.184926445499434
-0.36638018881239 0.208193709651499 -0.176175459513857 0.0721960401343879
0.0296604755091673 0.54631246687352 0.0420757354000686 0.0873843378837025
0.446340608782274 0.189117599226302 -0.0529755453388159 -0.192609940027925
0.244512303582664 -0.158148272756091 -0.115645135461335 -0.118650746750456
0.0434176496389636 -0.038950610280884 0.007790631985043 -0.159658324341637
0.064460069298106 0.115102179940686 -0.0355823639547604 -0.212134566394965
-0.0425647586832073 0.0341229871464986 0.158739850514666 0.0240141411270974
-0.00275601043223304 -0.0730513621740744 -0.040357381388653 0.274505845172229
0.141460228492523 -0.0295191994538302 -0.322224217002844 -0.049934802546796
0.117650825262413 0.133494142781329 0.0464201460524059 -0.204019654272708
-0.0271754202447235 0.141171181794354 0.192070608389461 0.139729362036819
0.00310071732937105 0.0410648866067773 0.106787396172976 0.133362955788442
0.141415513740285 0.0310525144474389 0.278908741313553 0.0485548887668839
0.112857126052605 -0.0602157379572759 0.241486151447551 -0.129430572703982
-0.15900172462488 -0.0764409294592232 -0.240889487752258 -0.224568368292923
-0.206939658567142 0.228924172857791 -0.314573988054842 0.325487937742136
0.116840095486158 0.364353319053944 0.175935361493451 0.191685759688501
0.348196894744258 0.069390891724428 -0.0589065493827681 -0.263915368676241
0.193733553015442 -0.184263665048852 -0.220378534449726 0.0143639496493466
0.0220442025266219 -0.0974247856345295 0.0115975314806929 0.0138378020157475
0.0369507823338868 0.0445090885522772 -0.0444045618845913 -0.185479134569752
0.00419069154713705 0.00191119051589278 0.0328722339117027 0.172338946180957
0.00240408440713761 -0.00104029661185391 -0.0108779153334798 -0.0976137436988441
0.0104152830840894 0.0158443948538512 0.260332852325438 -0.0803802600359192
-0.0303672677209712 0.015670305265533 0.0855411898692857 0.274431161395824
-0.0477508869208644 -0.0402054301650928 -0.235012364332404 -0.159150513938279
0.0265338077252105 -0.0403646596071373 0.302408348541074 -0.414980429906175
0.0152265308506601 0.0071492238322607 0.327022294730327 0.200531596294121
-0.0147481885838092 0.0113686248345141 -0.256206950141481 0.128132244989008
-0.024103062096235 -0.00348379465466018 -0.283619783556266 -0.094114002189276
-0.00630620835236817 0.00290471676459977 -0.0254641548521324 -0.209610576152537
-0.00227963811555915 -0.00343244413038416 -0.171401937467122 -0.297530829802255
0.0208351301488644 -0.00690117743952381 -0.20257622484225 0.171495813456079
0.00236642075404206 -0.0166077038893151 0.33911496183641 0.191343287765756
-0.00678630404306651 -0.000798199297409096 0.157235751002127 -0.315909406788213
0.00438204842034429 0.000673986733310102 -0.195591567341528 -0.0551139088231586
0.0418979215757853 0.0383215853353554 0.0303253283428285 0.190404722287822
0.0269717280012933 -0.100558546598955 -0.00979734080680899 -0.0227194338672646
0.209875991694038 -0.169794518342154 0.214134640172194 -0.0577787304138325
0.330038181961196 0.0925998571515183 0.103909908022565 0.237466727183139
0.0555791294250699 0.317745171608958 -0.215050695213202 -0.141207022642052
-0.203319508222192 0.16381906482995 0.251592052770793 -0.365146116825534
-0.129529966455168 -0.0755806744087784 0.263070473702265 0.189368182075073
0.0931962339638236 -0.0315537496633316 -0.244779481398345 0.124633599634208
0.0901050051288826 0.0477742674311351 -0.287500609310329 -0.0856816305251704
-0.0420929492761266 0.0466127933140803 -0.0726927841347563 -0.167845305044929
-0.0714568275204806 0.131150451800797 -0.170088924693138 -0.233012230760541
0.110172592511201 0.146019013315915 -0.156398485715882 0.18241335900452
0.17711916207755 -0.0204114763203969 0.32477244721361 0.163690128031962
0.0238794721699955 -0.0892236054502738 0.120550353324118 -0.295740864603329
-0.048042671894277 0.0215297399722684 -0.184706589217135 -0.0478100668896437
0.0790403732735021 0.107577565206036 0.0133870699204564 0.221481360940603
0.0519568716073715 -0.0623668618101678 0.00735592517211098 0.147908024966676
0.252829189707997 -0.210849573853258 0.122760143949573 0.0640070208500667
0.497893479043553 0.110844004005329 0.0924402762111946 0.153304141581712
0.115002741167284 0.512812969953135 -0.104666598153324 -0.0884390502785654
-0.335296679136704 0.234650164290755 0.147352397078784 -0.160832277511606
-0.158759116982473 -0.161971518138899 0.090004804456008 0.166691119853247
0.183783584353514 -0.0811137212642631 -0.200359181290737 0.104935520712648
0.234476859430783 0.0602306946906306 -0.25679116459361 -0.0234449059098795
0.0732559404586151 0.0404860505845204 -0.176137509570655 -0.0170663928619859
-0.00392174900261343 0.12795890793985 -0.141933440523848 0.0142740053995675
0.168655117450125 0.125810280358228 0.0347347529182278 0.205901909410894
0.191918416719053 -0.073823097128681 0.24805146302353 0.0177332385879506
-0.0280453016262488 -0.0918427009159493 -0.0195406515686738 -0.228719040918481
-0.0815020120521368 0.0808252306743747 -0.146439286211919 -0.0190171325587059
0.0801430097569737 0.185425582181878 -0.00641847365874168 0.204553529534904
0.0371911572570354 0.124942218136736 0.0387241048830012 0.247958084292998
0.0604493607895782 0.0152429347544992 0.0638903393187869 0.166824145806255
0.177000267973593 0.110894875747375 0.0538256659508908 0.0843456245957171
-0.0302765724475232 0.288561711383103 -0.0259817145721989 0.0230335344577734
-0.259249500016939 0.0200561831119208 -0.0150834244132105 0.0523776284777245
-0.0204962493450448 -0.229318736028343 -0.0648798868479364 0.109340700693159
0.232953108043997 -0.129882655104163 -0.116425718220427 0.0712337625970854
0.325954337884222 -0.0237960387916049 -0.123614499536939 0.0529871291671649
0.267633273632075 -0.112641034267868 -0.09173772916413 0.132161257053946
0.105428369419624 -0.180864689673108 0.0595362589010847 0.184589900821242
-0.0276747100259257 -0.122433652895226 0.201475370964487 0.0801250923234773
-0.084934319594739 -0.0578217299686859 0.083728805836357 -0.122675878639479
-0.148849295784087 0.0546149710417275 -0.106316766869932 -0.15580133742312
-0.0792656435974136 0.168207882656928 -0.0800785039354838 -0.0231571317578485
0.0184604664983581 0.22173180576177 0.000622928511535457 0.116070061526813
-0.0642269525264444 0.252590437216164 0.0925086036874088 0.178767324042658
-0.199109292774996 0.19109414750851 0.0852843061550012 0.151279977511293
-0.281477102395928 0.00869736417436953 -0.0225232026241741 0.0963440348855225
-0.160450212632045 -0.196280557500929 -0.125896099453756 0.0539346184967831
0.0335928506598931 -0.265751182088942 -0.115864419794865 0.0342704691593798
0.189453159623251 -0.214173584786296 -0.0613057766215298 0.0161037056702409
0.241790698486381 -0.151851243743359 -0.0042075888413751 0.0224592223898597
0.249699993075394 -0.166657149731055 0.0612532201252453 0.0515533475404734
0.163541416196083 -0.254187625581689 0.126924600157742 0.0625193846687455
-0.0358254395305508 -0.303583881767944 0.174532897610772 0.0253983064415429
-0.273094406844379 -0.134294389811166 0.118088601001607 -0.0788626231940278
-0.279227633503816 0.100586549143655 -0.00449049714357607 -0.174254886860276
-0.1626344792796 0.213538159623466 -0.053466840915781 -0.179436606837323
-0.0275226947558508 0.217268051027216 -0.0165644305745971 -0.0930738848138677
-0.060752019975144 0.190031103522985 0.0464266842504 0.0199225595568589
-0.133105962031312 0.140196501837398 0.143065203784417 0.108637625799022
-0.154511436578017 0.0394784449553554 0.0400170385611906 0.131209237094511
-0.158224207583706 -0.0976599822311539 -0.158131248821214 0.0464125407152322
-0.00506499221176313 -0.253077893337383 -0.15760794610549 -0.091519067230417
0.232984982660873 -0.223906946678912 -0.00987638240052728 -0.109125706462189
0.308336571416699 -0.0984871166095798 0.0835627699569714 -0.0454835963248909
0.232812587357638 -0.131082094775968 0.101723314487896 -0.038721463575645
0.0336964424375913 -0.235335276321574 0.114941813921685 -0.0612897582444059
-0.21694195746585 -0.0846188452312262 0.0833611187633071 -0.0618810914165715
-0.138864704669884 0.195831577480889 0.0501810817136671 -0.0621902284603186
0.0506198105660621 0.144854846329206 -0.0187234133422977 -0.1271129146008
-0.0189011099370307 0.0631198309177116 -0.0165279129981562 -0.190136966088306
-0.0351636576800073 0.152897571468685 0.0151078521983681 -0.239986103755636
0.0385480711199738 0.194233890648786 -0.00452894000433521 -0.181252150277593
-0.0844722466862654 0.103091026655011 0.111530900078919 -0.00610368856552755
-0.0691939943713539 -0.0410367247718686 0.0909592286687609 0.180245875264209
0.0979482067989743 -0.0729741608756468 -0.168274820454595 0.0795484653467343
0.140074444498112 0.0551553357724273 -0.135374138932715 -0.13782075632355
0.0462353221378844 0.0643323482455009 0.0632311492110533 -0.081325766420253
0.135003389398264 -0.0139386848651811 0.130597444762973 -0.042324851445855
0.265420920734014 0.0157131252382499 0.223954295781954 -0.012107938478096
0.197837910265241 -0.0908814012563336 0.189905761041201 -0.0872072640552529
-0.147583874331888 -0.184514317784762 -0.0281663780595829 -0.189005112838908
-0.380649131910924 0.184875601221793 -0.181741874094276 0.061044482076743
-0.00569902846412709 0.553961193554362 0.0376829252499541 0.0907691088074231
0.43988338360868 0.218529872071675 -0.0435949288875765 -0.194555764559558
0.257930790219198 -0.146134116790302 -0.109467104576693 -0.124946553719865
0.0464970596006276 -0.0350115045784669 0.0155115502817325 -0.161415262367689
0.060786721128316 0.121461714718691 -0.0253853099568057 -0.215813797862741
-0.0461551200639192 0.0313011666387589 0.160175086749591 0.0337768475738605
0.00401543407128042 -0.0745729664507115 -0.0574601943001334 0.273856327969544
0.144582964563555 -0.0206552589933404 -0.321226874745398 -0.0705924949882979
0.110104650927424 0.143122976492785 0.0611247793572038 -0.201946907355723
-0.0373870407086379 0.143006647793085 0.187697039699882 0.153660718052159
-0.00041907783748655 0.0427106080020532 0.0984904041662006 0.143617272432981
0.140912774846347 0.040831835610653 0.279037047414755 0.0649841088459548
0.118056337778771 -0.0539300173436467 0.251205485111944 -0.116730531167306
-0.15344870251065 -0.0859125255435717 -0.229737401883936 -0.240437923868826
-0.223740451227081 0.216617058594234 -0.334760749279978 0.307829311297362
0.095958814829841 0.374883427657847 0.165830195375961 0.201723775605766
0.348757079725756 0.0925069459189034 -0.0447704592816037 -0.267422410727503
0.20908626364685 -0.175986915274576 -0.220862502216555 0.00267002881471341
0.027488689448827 -0.0971060741991304 0.00957738511084302 0.0126353855983927
0.0363157051982648 0.0483608177864265 -0.0362476687628351 -0.189400344432338
0.00385252547786501 0.00180163953069989 0.0371511669167674 0.176552680228742
0.00240202034799282 -0.000683633929604365 -0.0117289457721263 -0.0984106417708371
0.0101531399022178 0.0157929836708271 0.265493406671218 -0.0861029571119147
-0.0311086860772064 0.0166055127258761 0.0930843217881755 0.278491289219028
-0.0485016734129716 -0.0388310120740408 -0.239836982669598 -0.158625705933588
0.0254010967133604 -0.0405204582401316 0.304369110824239 -0.427725539968584
0.0153278281161429 0.006516698971737 0.335138727811538 0.202233811285734
-0.0149414495868107 0.0106523946683635 -0.259968907519918 0.131370573443261
-0.024346029213842 -0.00207942300409935 -0.289323944391698 -0.0951429964245503
-0.00517256425515418 0.00321990170063112 -0.0259483685137966 -0.215268642122393
-0.00150639339583867 -0.00405834716027664 -0.178433282574472 -0.304087143755734
0.0214054801106668 -0.00721946066181374 -0.204676769006558 0.174997131783393
0.00163796629400974 -0.0169885797485728 0.350124062864028 0.192954300802172
-0.00700427988316744 -0.000578888185187458 0.157649647436299 -0.326278299649292
0.00417677235203446 0.00118725277421448 -0.199948840578559 -0.0543837805383003
0.0443388999507691 0.039528446626278 0.0358399978629523 0.193992736284716
0.0259533170502651 -0.101482633144568 -0.00961961537453572 -0.0223951282348362
0.209875780948506 -0.17576211039022 0.218609474431903 -0.0621659728987086
0.337568249475437 0.0898938910561881 0.111461897814421 0.240060002628793
0.0608691789638208 0.323521757390157 -0.219352633623928 -0.140579845284158
-0.205203647496246 0.169457309100615 0.251601531715089 -0.373483631166484
-0.131155967718428 -0.0750958323864709 0.270797152452508 0.189291147075272
0.0952499535474887 -0.0324139305713833 -0.249169510188008 0.129316848231709
0.0924368286191324 0.049111200478883 -0.292399144070567 -0.0858350423316897
-0.0435752647333398 0.0488845737469255 -0.0741940492936797 -0.172840216242548
-0.0701734007905627 0.136289938861459 -0.174996560674625 -0.239659361510908
0.114330279758355 0.146528666179539 -0.157726231873655 0.186040609769115
0.181056429287729 -0.0238167164814509 0.333427811743955 0.164512535736647
0.0232990834533602 -0.0917974135210856 0.119439893408367 -0.305217303040144
-0.0483048499452305 0.0232710956136297 -0.188361179182736 -0.0475498074497939
0.0825021208343507 0.109561161016686 0.0182892765712439 0.226116674723559
0.0518066448927454 -0.0637390807816102 0.0113378439634107 0.151461039168378
0.253935688984709 -0.217238662558546 0.126827200243262 0.0643109008604246
0.50926147597688 0.105114737781249 0.0982849247998781 0.154939849846748
0.122946671135085 0.520421507349592 -0.106937247897866 -0.087755382764664
-0.339865552558319 0.242878445267388 0.150841154177787 -0.164509292632154
-0.162303393433155 -0.161600433952299 0.0929738044971735 0.168834104238066
0.186478818249883 -0.0823283452600426 -0.201947186200298 0.108329744611287
0.238528363023491 0.0589122628036613 -0.261305678505371 -0.0242136477501689
0.0738439486901214 0.0419264214312912 -0.17737331042388 -0.0183557464674124
-0.00208582119538442 0.131935714319313 -0.144515200254067 0.0132466103499369
0.173867134009669 0.127178788430852 0.037855851103151 0.208329311230387
0.19565302142596 -0.0776470194838345 0.254038483856013 0.0155210028206359
-0.0290303709610703 -0.0950957661705372 -0.0229028466370854 -0.234094867804765
-0.0816615383482364 0.0833647354188114 -0.149740855280309 -0.0173178087983249
0.0851405212226979 0.188572983171059 -0.00271316674551228 0.207585776751374
0.0386866689105334 0.12842200506868 0.0436445783117935 0.251846636598539
0.0618787178623078 0.0162632118838991 0.0690368808354544 0.169510919759126
0.181351766856242 0.1117886005005 0.058400938374478 0.0846777093044153
-0.0273860911888619 0.292941541648328 -0.0259490700299648 0.0248733471606707
-0.262018676135891 0.0232849972272789 -0.0142167687127128 0.0554748580155219
-0.0227126751952637 -0.233745178222869 -0.0641108916818564 0.113643091674797
0.236004729729251 -0.132138765437674 -0.11722247020119 0.0736483072180069
0.331781665615155 -0.0275432017760182 -0.126128116028299 0.0540210470534083
0.271603884737589 -0.115376820221444 -0.0923970121726453 0.134689245322548
0.105460340518659 -0.183735223823184 0.0632705225586905 0.185199755277979
-0.0292955566549294 -0.123362319481271 0.207504359044147 0.0785958356232634
-0.0859948468412942 -0.0581656342289488 0.0847538925096246 -0.125964567603885
-0.151123640022356 0.0567174647252908 -0.110955011076486 -0.158026569758586
-0.0787392386876872 0.172690136686776 -0.0829188591687936 -0.0236340204743256
0.021234480376143 0.225757335890851 0.00372199905875823 0.118685511334373
-0.0622151360214644 0.259613721425714 0.0987140637094633 0.179024242473973
-0.198248097667203 0.197447070625367 0.089962450538788 0.151974816648565
-0.287463000153128 0.0122532587447748 -0.0212965441074952 0.0979106322762156
-0.164624485903642 -0.199143399616843 -0.125965043368159 0.0578847774575059
0.0300651273986208 -0.271080131554986 -0.11665471539014 0.0371533807384826
0.191949680312956 -0.220981054846907 -0.0612663803733899 0.0171276788839772
0.244427792402742 -0.154072979333837 -0.0052676167759118 0.0235960431891097
0.251945523327372 -0.171365845280436 0.062139086467142 0.0499199725281843
0.166222374131507 -0.260178878441662 0.129529283120924 0.061672736756972
-0.0380894196716818 -0.308906062413924 0.178750640966329 0.0243442545222378
-0.27916332271205 -0.133415619298235 0.120290142776702 -0.080797007783638
-0.282623368349883 0.10670115689383 -0.00682515079664312 -0.176598137145972
-0.161437116680069 0.220429616464905 -0.057554361094767 -0.181473454453171
-0.0257624890350645 0.221922592339741 -0.0195711784111067 -0.0954284767632763
-0.0599918993321418 0.194546119900819 0.0476271873020383 0.0191198108509488
-0.133489865812519 0.144210973451715 0.148149362915532 0.107466004870499
-0.155802815085177 0.0405340159001168 0.0439269868086643 0.131996402281409
-0.161815750107405 -0.0970540960244895 -0.16065095591361 0.0481766394895968
-0.0073402124458254 -0.25738766532599 -0.159309967776854 -0.0905687470771265
0.233868960633446 -0.230075863320592 -0.0111164557940688 -0.110577595028195
0.312567913120217 -0.102465130559962 0.0843580422978262 -0.0464670889122908
0.234829703635399 -0.133777280134512 0.103517864472694 -0.0388873824408445
0.0318853306990494 -0.238545514540684 0.11766255294368 -0.0644201797712478
-0.220244699939595 -0.084434022518122 0.0845672141835975 -0.0647440782369331
-0.138621327781601 0.200617129585897 0.0511217875339437 -0.0642275596867304
0.0540357891609268 0.147021775945034 -0.0216332827295822 -0.128152958996711
-0.0197117076690449 0.0654243633010973 -0.0198011239882661 -0.192334876019604
-0.0336692064871957 0.157139521931709 0.0112371967635777 -0.246116191032565
0.0420747960727328 0.198166017595281 -0.0067665602844594 -0.18517629580166
-0.0847457283844515 0.106458524243853 0.114247833059115 -0.00697749612805366
-0.0708295804837709 -0.042860808075584 0.0947826818875523 0.182144049614416
0.100660881728529 -0.0776103706796302 -0.171211669090199 0.08230296216292
0.145408322728286 0.0543681830406898 -0.138593491897517 -0.140146817552215
0.047350097825578 0.0662293177618586 0.0642996250174983 -0.0813531513437361
0.136391461075941 -0.0147578451585791 0.132396681521867 -0.0431096915976975
0.269217632364557 0.014860647192806 0.228601769880468 -0.0129982636089354
0.201799112131868 -0.0935509701834324 0.19371191036229 -0.0900349524459656
-0.151942066518275 -0.185468332558611 -0.0296019969395436 -0.194413565831214
-0.385452181559187 0.192661082458189 -0.182609874829803 0.0628399381567755
0.000672152536471836 0.564114713971392 0.0404710624026608 0.0916448310206398
0.450851479834115 0.213724650329011 -0.0477958981580083 -0.198290156040274
0.259046271014599 -0.15100001993922 -0.113463988597657 -0.126132215101653
0.0465315226911485 -0.035199999823511 0.0136197538085549 -0.165024455904231
0.0631325436220483 0.123082190654355 -0.0290192556709064 -0.219725978790251
-0.0462917088376 0.0314761975072383 0.164995430298165 0.0340742239776361
0.00214716934476703 -0.0776620187045765 -0.0538381468000427 0.281018573049421
0.147058524060968 -0.0231989514850028 -0.329884638726564 -0.0677202819426326
0.114252536846982 0.144069239794636 0.0609273447308776 -0.207204742805562
-0.0367508386041643 0.146250758356962 0.194051075451103 0.15715143050266
-0.00133321929118657 0.0440766880420594 0.102522503435758 0.147809321893594
0.14263363490909 0.0402604480651044 0.28496107076001 0.0646718359982973
0.120290375183552 -0.0553083353304908 0.256601989223458 -0.119079163929518
-0.157664386516605 -0.0864888338790619 -0.235922898441847 -0.244350856660947
-0.226320456648068 0.222584016689457 -0.336416907903109 0.315813760954557
0.102222962614651 0.382150374185891 0.17458714434914 0.203727571400746
0.355067702834636 0.0876482727232493 -0.0495222138618024 -0.273733948152177
0.208452650931029 -0.18206938765707 -0.226340202323787 0.00478906495690699
0.0265465411933067 -0.098559934536476 0.0106936563714354 0.0126804385614595
0.0382634169158361 0.0487612992066415 -0.0395901853129862 -0.192992262696601
0.00371749955339721 0.00191366901458399 0.0436444867244519 0.179860475785241
0.00171633801378563 -0.000238191729813387 -0.0137950598691406 -0.0985767688715522
0.0104432680516683 0.0165212831094178 0.270784149491583 -0.0945190375569643
-0.0312598610789217 0.0179118614753613 0.100890366120573 0.282318180350733
-0.0508128621453225 -0.0383779786071379 -0.245985848824203 -0.156815877176259
0.0244873537555935 -0.0425101872176855 0.302006551679092 -0.442286194241416
0.0152589019366765 0.00571079124176861 0.345169612581567 0.199601450425959
-0.0145643500064676 0.0113281541883675 -0.264809887329337 0.138127553347468
-0.0249705587458061 -0.000754274456613991 -0.293892109702611 -0.0923664766283163
-0.0059928673812148 0.00253921122750929 -0.0298987481785522 -0.221800428679236
-0.00273042541176264 -0.00390005990853112 -0.187535934272722 -0.311159091974691
0.0216372282838104 -0.00836610463828573 -0.207136477696885 0.182962440422891
0.00126631611338711 -0.0174651344264088 0.361037041727635 0.190517857305354
-0.00766641594403265 0.000574301381371841 0.155450348039805 -0.33981012623872
0.00424657678354748 0.00169155209716362 -0.205941039550603 -0.0519770126317956
0.0459753121094405 0.0397845795506948 0.0414846225071367 0.197583229049601
0.0231000597227556 -0.10353955423208 -0.00857144976807826 -0.0225938086915896
0.211808056269045 -0.185905185500247 0.222765830357182 -0.0673963179905567
0.347226133366614 0.0831450424856728 0.121966149727514 0.242820852899153
0.0673957891426253 0.329178081125014 -0.226610624263881 -0.137492594348536
-0.206334078298738 0.177966218986827 0.250518039434688 -0.386626096662246
-0.135070386026007 -0.0738720993315624 0.27953395277768 0.188473157581802
0.0974749986882577 -0.0334816983214481 -0.250104801787829 0.133835418407406
0.0945815947751444 0.0479168828372297 -0.300124708440894 -0.0841165875402147
-0.0450992152748619 0.0509854130440896 -0.0771831996200007 -0.177606756262983
-0.0697706002241779 0.141247384085652 -0.183972827031137 -0.244570746350289
0.119045475696987 0.14790260093089 -0.159139449352474 0.192167058548896
0.183737561328088 -0.0280298046208207 0.345033086170023 0.159911382864574
0.0218987491347581 -0.0953805514150098 0.116368585224514 -0.315920141793539
-0.0483909575357487 0.0238359326251982 -0.194314127981058 -0.0453816427738387
0.0861204960612433 0.111368873250849 0.0245804953388163 0.230886968858647
0.0512021310539861 -0.0640271125724702 0.0168138395481221 0.154702744987236
0.253474133383281 -0.228981119811843 0.131439441429625 0.0634413183946325
0.522637993678048 0.0984536806300183 0.105713276351465 0.155771614621163
0.135643231185772 0.528910606390305 -0.111111651337147 -0.0858105959863526
-0.343100340939831 0.255016602968606 0.151471119719926 -0.169893848362265
-0.16800485478033 -0.161514810995218 0.0985285762911944 0.171641935546315
0.188766234946835 -0.0860710970077305 -0.204181852888166 0.113654907375241
0.244522422718357 0.0549136533089927 -0.26860571602361 -0.0187831225813614
0.074697902330016 0.0426300665529075 -0.180841153260003 -0.0165611432348667
-1.39159110088081E-06 0.137796089667887 -0.146587312927712 0.0131190179692808
0.18018051405566 0.127530957905558 0.0433409181331025 0.211566825538734
0.199838912580203 -0.0846334598971126 0.260921451739221 0.00986056042959492
-0.0312542551972041 -0.0984085182228908 -0.0282270274801305 -0.239158960891008
-0.0814035197791399 0.0864374711665128 -0.152931876919074 -0.015973141663261
0.091532551776453 0.190703155021798 0.00344029609778404 0.212245090523926
0.0422981815711243 0.131601030646122 0.0510916972854297 0.254832234207244
0.0640111162009907 0.0161172747332289 0.0744728905196585 0.171134129818861
0.187110513503831 0.111091536145516 0.0620842481976928 0.0829224412944555
-0.0221491655761979 0.298545240691851 -0.0253520115686566 0.0274649025313915
-0.266410125691435 0.028429394328635 -0.0111536331428116 0.0578544178786751
-0.0272559622930777 -0.237397947876427 -0.0628848908619027 0.117068785608793
0.239176501003923 -0.136540715542772 -0.119292545655778 0.0784069366915182
0.337179952809925 -0.0349494299665549 -0.128679765093229 0.0559757247083659
0.274526828788247 -0.120369916127359 -0.0916804456086686 0.138413013455313
0.104740114812668 -0.187833037195647 0.0681394069553184 0.187345717918642
-0.0309605782196806 -0.124344019081082 0.213928639755058 0.0763203142874379
-0.0876956239119853 -0.0581777000770986 0.0849286284267872 -0.129713398473181
-0.151815998743524 0.0614411798761608 -0.116718245824827 -0.157275107839847
-0.0762084896563688 0.177399524722278 -0.0858288669628619 -0.0228326935918095
0.0264906980554481 0.229721990881569 0.00628567512181952 0.120409518681719
-0.056939765849756 0.265583486465268 0.104502116249224 0.179888647934085
-0.197801777261668 0.207080527596596 0.0969540983368726 0.152313689586703
-0.294069741111985 0.0192096273231422 -0.0199224051579761 0.0980421401008706
-0.171228747632617 -0.202600275894373 -0.126224534313255 0.0635039450438812
0.0284993919645847 -0.277927171323014 -0.116924358251029 0.0399429101862055
0.192081198763993 -0.228571358951694 -0.0612368058059792 0.0193798409724699
0.24518794560326 -0.160206437909517 -0.00541187244048439 0.0253272065700626
0.254535484244489 -0.178842421675411 0.0647480347632608 0.0498335204429114
0.165724089917398 -0.269956422344676 0.13379877737424 0.0594802336080951
-0.0438189596475381 -0.316376073074155 0.183045609954075 0.0208543835823247
-0.286866457180775 -0.130888215500217 0.121085847374168 -0.083033208809981
-0.286059802186372 0.115231281721277 -0.0101581977079504 -0.178877494274785
-0.161576397628677 0.230222785038283 -0.0643309767766291 -0.183536832398777
-0.0216380568898052 0.228828804702792 -0.0229730433296257 -0.096746502868355
-0.0575017130626083 0.200015713616731 0.0501101206189713 0.018688753997706
-0.133419055985732 0.150097224723675 0.153790090727071 0.105359724754124
-0.157478185811708 0.0439513801309388 0.0474336717731443 0.132846058222081
-0.166694356291689 -0.096437868097351 -0.163550617787621 0.0511987042510141
-0.0105596073340866 -0.26173554467751 -0.163654860208954 -0.0901606461580313
0.235296065887754 -0.239187941034446 -0.0131232299376549 -0.112300395436451
0.318852010086043 -0.109315761464973 0.0860314501323539 -0.0493175950769061
0.239830748460534 -0.14013940315681 0.104411975006212 -0.0410269029791017
0.0284616823742329 -0.243680717570039 0.120504399897852 -0.0696351916419489
-0.22488519432521 -0.0840853863554401 0.0849707623069467 -0.0690398856129479
-0.137863575842886 0.20618426339491 0.0513753340922577 -0.067005253602
0.0579527626661586 0.147352843980442 -0.0245545055954753 -0.128833049606546
-0.0193629919567128 0.0676382145890276 -0.0243143733460924 -0.194891380040217
-0.032306404195774 0.162648953131094 0.00473624672102121 -0.251388927002751
0.0472004384070284 0.202636370464947 -0.0119246119450866 -0.188816542600896
-0.0846965083908384 0.11012536396621 0.117668564046697 -0.0101311075722704
-0.0736173103869637 -0.0429306201959893 0.10088487863842 0.183375951201391
0.101498543145365 -0.0822486534450506 -0.174382651403412 0.0872492464233353
0.151696540413407 0.0527507692757579 -0.144875494347951 -0.138748592121813
0.0499129640098834 0.0689305816307538 0.0662551899299126 -0.0829814398358876
0.137351941096848 -0.0160254621542888 0.135521306040791 -0.0439271726945588
0.275760170337861 0.0096990980600101 0.23276827681529 -0.0165793446445279
0.204814020166933 -0.0984856517324891 0.196661090034106 -0.0937513350995459
-0.158593466412351 -0.186805891159403 -0.0305070635464458 -0.198383767639491
-0.390844757190607 0.203094452153502 -0.184512509407998 0.0660418530860472
0.0129690386427502 0.5737528585718 0.0453737476775525 0.0926788137188193
0.464697220682767 0.208321667710603 -0.0527779889265195 -0.201350736116964
0.26111275519283 -0.159066614339418 -0.118723073243119 -0.126158655618154
0.0461364909910113 -0.036466136853169 0.00946350794410131 -0.169548231368218
0.0685166367028815 0.124375380032451 -0.0349030126436299 -0.222953367627818
-0.0462967941976275 0.0334109073727743 0.171183241354906 0.0293905002334717
0.000925859332342058 -0.0802280905511955 -0.04805548544808 0.287904925045182
0.150327613169288 -0.0280582472817764 -0.339129913860715 -0.0621783607602061
0.120571134145714 0.145746131019626 0.059577229470863 -0.21178923241724
-0.0370482036021882 0.152781106081576 0.20223071631674 0.15924580179951
-0.00211834456151247 0.0454031696715081 0.107173288308249 0.151600407750164
0.145896770410251 0.038841069038301 0.292256758913672 0.0631119377591138
0.122305005205322 -0.0593238733893825 0.26092957894304 -0.125832112791857
-0.162739727621065 -0.0851317702814265 -0.244378329293525 -0.245105227991785
-0.227713494587776 0.231889253574199 -0.337641860633661 0.328832949877915
0.111336019983979 0.38718412455542 0.183170037173656 0.204990698799866
0.364508417138916 0.0810500272545553 -0.0574765025624743 -0.27837252023386
0.208749887668228 -0.190785285501313 -0.230689484009899 0.00943181073540747
0.0244215683632451 -0.101972891708127 0.0109215832616871 0.0127367962096202
0.0393697183179809 0.0494811383820606 -0.0449979674242634 -0.196986136357176
