TRXV5
3
4
4
9
string Extension=J
integer IsArchMeasurement=1
integer IsSpherical=1
string Generator=SPM
string GeneratorVersion=1.3.1 Dev
double ArchRadius=0.449999988079071
integer FrequencyAxisIndex=0
integer AzimuthAxisIndex=1
integer ElevationAxisIndex=2
Frequency
5 109 690000000 960000000 LIN
Azimuth
7 8 0 2.74889357189107 LIN
Elevation
7 15 -2.74889357189107 2.74889357189107 LIN
Polar H Real Part
13
Polar H Imaginary Part
14
Polar V Real Part
13
Polar V Imaginary Part
14
Polar H Magnitude (dB)
12 0xC0000002 0 1
Polar H Phase
7 0xC0000003 0 1
Polar V Magnitude (dB)
12 0xC0000002 2 3
Polar V Phase
7 0xC0000003 2 3
-0.0148162841796875 -0.0230312347412109 -0.2890625 0.0643310546875
-0.0316333770751953 -0.0256404876708984 -0.275115966796875 0.00653076171874995
-0.0165958404541016 -0.0177097320556641 -0.196014404296875 -0.0496978759765625
-0.00910377502441406 -0.0259418487548828 -0.137489318847656 -0.118156433105469
-0.00842666625976562 -0.0239524841308594 -0.0652236938476563 -0.0997085571289062
-0.00456428527832031 -0.0214481353759766 -0.0297966003417969 -0.0431785583496094
0.00404167175292969 -0.0229282379150391 -0.0348167419433594 0.0330944061279297
0.0092620849609375 -0.0246315002441406 -0.0727462768554688 0.11138916015625
0.0109653472900391 -0.0259132385253906 -0.100387573242188 0.197296142578125
0.00723838806152343 -0.0304374694824219 -0.093353271484375 0.246414184570312
0.0121421813964844 -0.0353050231933594 -0.01300048828125 0.240432739257813
0.00493621826171875 -0.0347385406494141 0.0400238037109375 0.162506103515625
0.00555992126464844 -0.0337238311767578 0.0385055541992187 0.0901565551757813
-0.0187187194824219 -0.0397224426269531 -0.004180908203125 0.0124483108520508
-0.0187568664550781 -0.0332145690917969 -0.0217666625976562 -0.0716171264648438
0.0428504943847656 -0.0203170776367188 -0.288238525390625 0.053558349609375
0.0241165161132813 -0.0116653442382813 -0.268966674804688 -0.00660705566406245
0.0262088775634766 0.0126285552978516 -0.19451904296875 -0.0657501220703125
0.0162858963012695 0.0142345428466797 -0.130104064941406 -0.126663208007812
-0.00307464599609375 0.0202865600585938 -0.0573272705078125 -0.103759765625
-0.0164680480957031 0.0284156799316406 -0.0231895446777344 -0.0391006469726563
-0.0201663970947266 0.0267410278320313 -0.0325698852539062 0.0382423400878906
-0.0284690856933594 0.0193080902099609 -0.0660476684570313 0.114837646484375
-0.0324192047119141 0.0207500457763672 -0.087799072265625 0.205062866210937
-0.0291786193847656 0.0239028930664063 -0.0722503662109375 0.25653076171875
-0.00862503051757812 0.0246486663818359 0.00421142578125001 0.241180419921875
0.0180511474609375 0.0296573638916016 0.054046630859375 0.1583251953125
0.030364990234375 0.0256786346435547 0.0432662963867188 0.0835037231445313
0.0350990295410156 0.00172996520996094 0.00118875503540039 0.00477838516235351
0.0440864562988281 -0.023162841796875 -0.0212326049804688 -0.0781478881835938
0.0976181030273437 -0.0119552612304687 -0.26995849609375 0.040283203125
0.0769271850585938 0.00913238525390625 -0.248519897460938 -0.023284912109375
0.0655174255371094 0.0484848022460937 -0.18572998046875 -0.087615966796875
0.0360755920410156 0.0591812133789063 -0.120574951171875 -0.141189575195313
-0.00457000732421875 0.0665550231933594 -0.0483779907226563 -0.116477966308594
-0.0324783325195313 0.0768661499023438 -0.0150184631347656 -0.0485687255859375
-0.0457305908203125 0.0733718872070313 -0.0260200500488281 0.0275554656982422
-0.061553955078125 0.0609283447265625 -0.0505599975585938 0.101112365722656
-0.0656776428222656 0.0676155090332031 -0.065032958984375 0.193084716796875
-0.0524749755859375 0.07965087890625 -0.0404052734375 0.249801635742188
-0.0147628784179688 0.0834197998046875 0.029541015625 0.23382568359375
0.0402908325195313 0.0846481323242188 0.076934814453125 0.153411865234375
0.0597686767578125 0.0745315551757813 0.0615234375 0.0834808349609375
0.0851593017578125 0.03436279296875 0.0279388427734375 0.00133132934570313
0.10113525390625 -0.015045166015625 0.00516510009765625 -0.0787124633789063
0.140869140625 0.00146484375 -0.229507446289063 0.02850341796875
0.119293212890625 0.0347747802734375 -0.210586547851563 -0.0400848388671875
0.094482421875 0.087188720703125 -0.1666259765625 -0.11065673828125
0.0459671020507813 0.104530334472656 -0.105361938476563 -0.1593017578125
-0.013885498046875 0.110084533691406 -0.0359039306640625 -0.137886047363281
-0.05413818359375 0.11956787109375 -0.00395965576171876 -0.0715866088867188
-0.0704421997070313 0.110633850097656 -0.0131959915161133 0.000654220581054692
-0.0866622924804687 0.0959320068359375 -0.028564453125 0.0713958740234375
-0.0849761962890625 0.108169555664062 -0.0375518798828125 0.1629638671875
-0.0565338134765625 0.126869201660156 -0.00701904296875002 0.224411010742187
-0.00431823730468751 0.128211975097656 0.0550384521484375 0.215438842773438
0.0692367553710938 0.118202209472656 0.103347778320313 0.14593505859375
0.0877914428710938 0.103164672851563 0.091705322265625 0.0839691162109375
0.125289916992188 0.0510635375976563 0.0720672607421875 -0.000350952148437497
0.143707275390625 -0.0088653564453125 0.050811767578125 -0.0748977661132813
0.165267944335938 0.0159759521484375 -0.1759033203125 0.0226287841796875
0.141647338867188 0.0604095458984375 -0.160354614257813 -0.050140380859375
0.10565185546875 0.120620727539063 -0.136009216308594 -0.129341125488281
0.0425033569335937 0.139656066894531 -0.082855224609375 -0.176971435546875
-0.0297393798828125 0.140823364257813 -0.0165557861328125 -0.164093017578125
-0.0755615234375 0.146408081054688 0.0156021118164063 -0.106208801269531
-0.0881729125976562 0.131317138671875 0.00739288330078124 -0.040557861328125
-0.0979461669921875 0.116928100585938 -0.00324440002441407 0.0296459197998047
-0.086212158203125 0.132011413574219 -0.0146713256835938 0.118659973144531
-0.0458526611328125 0.151412963867188 0.0130157470703125 0.183746337890625
0.0127105712890625 0.1463623046875 0.0705108642578125 0.1876220703125
0.0891036987304688 0.126075744628906 0.125999450683594 0.133903503417969
0.10540771484375 0.108901977539063 0.128166198730469 0.0806503295898438
0.1453857421875 0.054290771484375 0.126930236816406 -0.0077056884765625
0.165374755859375 -0.0064239501953125 0.110603332519531 -0.0721817016601563
0.163955688476563 0.027099609375 -0.113319396972656 0.022674560546875
0.13916015625 0.0760498046875 -0.103858947753906 -0.0497360229492187
0.0961990356445313 0.135467529296875 -0.0985641479492188 -0.136375427246094
0.0283966064453125 0.151016235351563 -0.0562286376953125 -0.187667846679688
-0.04449462890625 0.14617919921875 0.00576782226562498 -0.18951416015625
-0.0876007080078125 0.150344848632813 0.038909912109375 -0.14654541015625
-0.0925750732421875 0.132980346679688 0.0334930419921875 -0.0892257690429687
-0.0935745239257812 0.120674133300781 0.0216274261474609 -0.0177726745605469
-0.0751113891601562 0.135025024414063 0.00134658813476562 0.0702056884765625
-0.03167724609375 0.149566650390625 0.0213165283203125 0.139183044433594
0.022735595703125 0.138450622558594 0.07440185546875 0.159683227539063
0.0905303955078125 0.113288879394531 0.140228271484375 0.121360778808594
0.104042053222656 0.0987472534179688 0.161148071289063 0.0737457275390625
0.141204833984375 0.0488433837890625 0.180130004882813 -0.017608642578125
0.161865234375 -0.0036163330078125 0.17266845703125 -0.06976318359375
0.136955261230469 0.0300216674804688 -0.0562324523925781 0.0298652648925781
0.111038208007813 0.0733261108398438 -0.0542106628417969 -0.0396652221679687
0.0702743530273438 0.122344970703125 -0.064666748046875 -0.130218505859375
0.011505126953125 0.131576538085937 -0.0328216552734375 -0.189010620117188
-0.0490188598632813 0.125373840332031 0.027862548828125 -0.206802368164063
-0.08160400390625 0.130760192871094 0.0638885498046875 -0.183319091796875
-0.0790328979492188 0.114540100097656 0.0606536865234375 -0.13653564453125
-0.0752029418945312 0.106132507324219 0.0418357849121094 -0.0627288818359375
-0.0569534301757813 0.117210388183594 0.00918006896972656 0.0261650085449219
-0.0197677612304688 0.124603271484375 0.0176010131835938 0.100494384765625
0.0215835571289063 0.111427307128906 0.0696334838867188 0.136474609375
0.073516845703125 0.0900344848632812 0.14459228515625 0.112503051757813
0.0850296020507813 0.0793991088867187 0.186370849609375 0.068328857421875
0.116050720214844 0.0407562255859375 0.223846435546875 -0.0270843505859375
0.135818481445313 0.00057220458984375 0.228729248046875 -0.0689239501953125
0.088134765625 0.0248489379882813 -0.0102462768554687 0.0387802124023438
0.0672492980957031 0.052703857421875 -0.0204658508300781 -0.0268630981445313
0.0379791259765625 0.08258056640625 -0.0433731079101563 -0.116050720214844
0.002044677734375 0.087249755859375 -0.021453857421875 -0.184478759765625
-0.0356826782226563 0.0845413208007812 0.0378265380859375 -0.219161987304687
-0.0555267333984375 0.0941314697265625 0.078155517578125 -0.214981079101563
-0.05023193359375 0.0810165405273437 0.0777740478515625 -0.176437377929687
-0.0463180541992188 0.0772705078125 0.0544586181640625 -0.0989608764648438
-0.0352249145507812 0.0850753784179688 0.0132427215576172 -0.00755500793457031
-0.0122451782226562 0.0868301391601563 0.011566162109375 0.07373046875
0.0117263793945312 0.075225830078125 0.0619277954101563 0.12158203125
0.0455856323242188 0.0614242553710938 0.142227172851563 0.10980224609375
0.0552940368652344 0.05535888671875 0.201797485351562 0.0666656494140625
0.0751266479492188 0.0314712524414063 0.253738403320313 -0.0282745361328125
0.0915374755859375 0.007720947265625 0.267898559570313 -0.064361572265625
-0.0183448791503906 -0.0218467712402344 -0.29180908203125 0.09619140625
-0.0352096557617188 -0.0233268737792969 -0.282196044921875 0.03656005859375
-0.0179271697998047 -0.016937255859375 -0.205596923828125 -0.02886962890625
-0.012359619140625 -0.0258846282958984 -0.153839111328125 -0.103851318359375
-0.0108585357666016 -0.0237007141113281 -0.078369140625 -0.0909423828125
-0.00494384765625 -0.0217914581298828 -0.0367355346679688 -0.0370941162109375
0.00236129760742187 -0.0247459411621094 -0.0372543334960938 0.0388069152832031
0.00782585144042969 -0.0270309448242188 -0.067291259765625 0.119880676269531
0.00946617126464844 -0.0274448394775391 -0.08428955078125 0.209869384765625
0.00476264953613281 -0.0318527221679688 -0.06878662109375 0.259918212890625
0.00812911987304688 -0.0370864868164063 0.014556884765625 0.248001098632812
0.00158309936523438 -0.0359916687011719 0.0630645751953125 0.164215087890625
0.00235366821289063 -0.0365104675292969 0.0551986694335938 0.0890579223632813
-0.02435302734375 -0.0383262634277344 0.0034646987915039 0.0135726928710938
-0.0229301452636719 -0.0322608947753906 -0.0236587524414062 -0.0724334716796875
0.041656494140625 -0.023681640625 -0.2921142578125 0.085662841796875
0.0235252380371094 -0.0145034790039063 -0.27703857421875 0.0225677490234376
0.0288715362548828 0.0103569030761719 -0.205947875976563 -0.0452117919921875
0.017542839050293 0.013188362121582 -0.146865844726562 -0.113540649414063
-0.00171852111816406 0.02178955078125 -0.0707321166992188 -0.096771240234375
-0.0130481719970703 0.0305595397949219 -0.0291080474853516 -0.0350208282470703
-0.0175285339355469 0.0281581878662109 -0.033538818359375 0.0441513061523438
-0.0269775390625 0.0208454132080078 -0.0603103637695312 0.123741149902344
-0.0310554504394531 0.0238304138183594 -0.0714569091796875 0.216506958007813
-0.0287418365478516 0.0257530212402344 -0.0464324951171875 0.267669677734375
-0.00762748718261719 0.0247230529785156 0.0325164794921875 0.248031616210938
0.0205268859863281 0.0275840759277344 0.0766448974609375 0.157623291015625
0.0328483581542969 0.0226383209228516 0.0588607788085938 0.0820236206054688
0.0335826873779297 -0.00137138366699219 0.0073237419128418 0.00474405288696289
0.041778564453125 -0.0281906127929688 -0.0244369506835938 -0.0788345336914063
0.0987701416015625 -0.021484375 -0.274337768554688 0.0708923339843749
0.078582763671875 0.00098419189453125 -0.258148193359375 0.00328063964843755
0.0717391967773438 0.043365478515625 -0.200180053710938 -0.0680084228515625
0.0414199829101562 0.0574760437011719 -0.139030456542969 -0.129837036132812
0.000640869140625005 0.0692291259765625 -0.0628433227539062 -0.111106872558594
-0.025848388671875 0.0821914672851562 -0.0218963623046875 -0.0462722778320312
-0.0405349731445313 0.0779266357421875 -0.0272598266601563 0.0320777893066406
-0.0573768615722656 0.0663070678710938 -0.0454483032226562 0.108818054199219
-0.0612564086914063 0.0748825073242188 -0.0474853515625 0.203292846679688
-0.046966552734375 0.084930419921875 -0.0147705078125 0.257965087890625
-0.00863647460937499 0.0854110717773438 0.0574493408203125 0.237136840820313
0.048828125 0.0806427001953125 0.09930419921875 0.150405883789063
0.0675201416015625 0.0693588256835938 0.0770721435546875 0.0802764892578125
0.0884552001953125 0.0269088745117187 0.0333271026611328 -0.00128173828125
0.101699829101563 -0.0259933471679688 0.00270843505859376 -0.0820465087890625
0.144119262695312 -0.0115203857421875 -0.23590087890625 0.05517578125
0.123809814453125 0.0226593017578125 -0.222015380859375 -0.0178070068359375
0.104873657226563 0.08056640625 -0.183074951171875 -0.0939483642578125
0.0564193725585938 0.102981567382813 -0.126052856445313 -0.150604248046875
-0.00496673583984375 0.114646911621094 -0.0530624389648438 -0.135711669921875
-0.0444488525390625 0.127113342285156 -0.011749267578125 -0.0721054077148437
-0.0624008178710938 0.11846923828125 -0.0160560607910156 0.00320148468017579
-0.0784225463867187 0.10406494140625 -0.024261474609375 0.0766448974609375
-0.0764999389648438 0.117477416992187 -0.0216827392578125 0.170440673828125
-0.0473403930664062 0.133377075195313 0.0167388916015625 0.228134155273438
0.00548553466796876 0.13018798828125 0.0818634033203125 0.214706420898438
0.0817031860351563 0.112846374511719 0.124870300292969 0.138877868652344
0.0995559692382812 0.096527099609375 0.106544494628906 0.0769424438476562
0.131019592285156 0.0405731201171875 0.0768508911132813 -0.0085601806640625
0.145645141601563 -0.023681640625 0.0486068725585938 -0.0828018188476563
0.170135498046875 4.57763671875E-05 -0.181350708007813 0.0439300537109375
0.1495361328125 0.0460357666015625 -0.17205810546875 -0.032928466796875
0.119636535644531 0.11285400390625 -0.155166625976563 -0.116455078125
0.0560531616210938 0.138450622558594 -0.105972290039062 -0.171737670898438
-0.018402099609375 0.14727783203125 -0.03558349609375 -0.165176391601563
-0.063629150390625 0.15576171875 0.004486083984375 -0.110847473144531
-0.078521728515625 0.140884399414063 0.00261306762695312 -0.0409584045410156
-0.0887985229492187 0.126251220703125 -0.00113677978515625 0.0317058563232422
-0.076019287109375 0.142578125 -0.00125885009765625 0.123428344726563
-0.0340728759765625 0.158294677734375 0.0334625244140625 0.1849365234375
0.024932861328125 0.1485595703125 0.0947113037109375 0.184463500976563
0.102455139160156 0.119758605957031 0.146682739257813 0.122772216796875
0.117713928222656 0.101837158203125 0.141860961914063 0.06903076171875
0.152496337890625 0.0415802001953125 0.130805969238281 -0.0213851928710938
0.167984008789063 -0.024749755859375 0.110000610351563 -0.087005615234375
0.170013427734375 0.0114898681640625 -0.118026733398438 0.0379180908203125
0.147903442382813 0.0620880126953125 -0.114669799804687 -0.0389785766601563
0.110275268554688 0.128913879394531 -0.118972778320313 -0.127113342285156
0.0428009033203125 0.151229858398438 -0.0804443359375 -0.185791015625
-0.0329132080078125 0.154052734375 -0.0153961181640625 -0.194244384765625
-0.07562255859375 0.160888671875 0.0261993408203125 -0.1541748046875
-0.0819549560546875 0.14300537109375 0.0258712768554688 -0.0926132202148437
-0.0834732055664063 0.129844665527344 0.0214099884033203 -0.0188751220703125
-0.06390380859375 0.145217895507812 0.01104736328125 0.0718231201171875
-0.01904296875 0.155349731445312 0.0376739501953125 0.138633728027344
0.0349807739257813 0.139396667480469 0.0960235595703125 0.15447998046875
0.103569030761719 0.106819152832031 0.15863037109375 0.107772827148438
0.116371154785156 0.0923309326171875 0.174606323242188 0.0577239990234375
0.148239135742188 0.03631591796875 0.18328857421875 -0.0379638671875
0.165298461914063 -0.02056884765625 0.172378540039063 -0.0907745361328125
0.14251708984375 0.0164031982421875 -0.0593795776367187 0.0389938354492188
0.119293212890625 0.0627288818359375 -0.0634803771972656 -0.0331840515136719
0.0833206176757813 0.11761474609375 -0.0841751098632812 -0.124984741210937
0.0241775512695313 0.132720947265625 -0.0576324462890625 -0.190048217773438
-0.0383987426757812 0.132453918457031 0.00514221191406249 -0.21484375
-0.070526123046875 0.140380859375 0.048553466796875 -0.194122314453125
-0.069793701171875 0.123062133789063 0.050140380859375 -0.143600463867188
-0.0658645629882813 0.113525390625 0.038818359375 -0.0675582885742187
-0.0462570190429687 0.125297546386719 0.0155506134033203 0.0255851745605469
-0.00861358642578124 0.1295166015625 0.0303115844726562 0.0993881225585938
0.031768798828125 0.112464904785156 0.087799072265625 0.13006591796875
0.084136962890625 0.0847930908203125 0.162017822265625 0.0973663330078125
0.0954666137695313 0.0732879638671875 0.198883056640625 0.0487518310546875
0.122154235839844 0.0302276611328125 0.2269287109375 -0.051483154296875
0.139228820800781 -0.014007568359375 0.22991943359375 -0.095489501953125
0.092010498046875 0.01629638671875 -0.0118942260742187 0.0431900024414063
0.0728988647460938 0.0457229614257813 -0.0279541015625 -0.0235328674316406
0.0473251342773438 0.0794830322265625 -0.0615463256835938 -0.113410949707031
0.0107421875 0.0889358520507813 -0.0456085205078125 -0.187591552734375
-0.0283050537109375 0.0900192260742188 0.0144195556640625 -0.22784423828125
-0.0465164184570312 0.101280212402344 0.0594482421875 -0.226959228515625
-0.0423812866210938 0.086273193359375 0.0640716552734375 -0.186065673828125
-0.037872314453125 0.081756591796875 0.0490570068359375 -0.106101989746094
-0.0262527465820313 0.0898513793945313 0.0165977478027344 -0.00965785980224609
-0.0035858154296875 0.0892333984375 0.0216522216796875 0.0718612670898438
0.0189132690429688 0.0759429931640625 0.0778884887695313 0.11529541015625
0.0528450012207031 0.0582275390625 0.158157348632813 0.094512939453125
0.0629196166992188 0.0509529113769531 0.213943481445312 0.0458526611328125
0.0797500610351563 0.0245819091796875 0.256927490234375 -0.0562591552734375
0.0942153930664062 -0.00151824951171875 0.27081298828125 -0.0951080322265625
-0.0197582244873047 -0.0191020965576172 -0.280776977539063 0.118179321289063
-0.0366401672363281 -0.0200080871582031 -0.27398681640625 0.059906005859375
-0.0187263488769531 -0.0160236358642578 -0.202987670898438 -0.00892639160156254
-0.0145626068115234 -0.0240650177001953 -0.1595458984375 -0.0864410400390625
-0.012481689453125 -0.0217552185058594 -0.08404541015625 -0.0779571533203125
-0.00538063049316407 -0.0217742919921875 -0.0395851135253906 -0.0294914245605469
0.000780105590820314 -0.02593994140625 -0.037139892578125 0.0436477661132812
0.0054931640625 -0.0281448364257813 -0.0607223510742188 0.122268676757812
0.00769615173339844 -0.0279064178466797 -0.0682373046875 0.209609985351563
0.00187873840332031 -0.0316200256347656 -0.046173095703125 0.25738525390625
0.00388336181640625 -0.0369224548339844 0.0379638671875 0.24114990234375
-0.001678466796875 -0.0354423522949219 0.0797119140625 0.15631103515625
-0.00064849853515625 -0.0366287231445313 0.0676498413085938 0.082672119140625
-0.0284824371337891 -0.0350914001464844 0.0111579895019531 0.0124616622924805
-0.0257511138916016 -0.0293083190917969 -0.0230178833007813 -0.0705490112304688
0.038543701171875 -0.0259513854980469 -0.28131103515625 0.108612060546875
0.0199737548828125 -0.0161800384521484 -0.270462036132813 0.0460052490234375
0.0288829803466797 0.00763511657714844 -0.204330444335938 -0.0250396728515625
0.0172910690307617 0.0120725631713867 -0.153793334960938 -0.0965728759765625
-0.000389099121093752 0.0222282409667969 -0.0770950317382813 -0.0841445922851563
-0.00966072082519531 0.0302639007568359 -0.0326671600341797 -0.0286521911621094
-0.0160312652587891 0.0282859802246094 -0.0334815979003906 0.0488662719726563
-0.0250473022460938 0.0205421447753906 -0.0531234741210938 0.1259765625
-0.0285835266113281 0.0243797302246094 -0.0541229248046875 0.215438842773438
-0.02691650390625 0.0265274047851562 -0.023590087890625 0.263031005859375
-0.00739669799804688 0.0238609313964844 0.0551910400390625 0.239349365234375
0.0215072631835938 0.0239162445068359 0.0929107666015625 0.1492919921875
0.0328350067138672 0.0178642272949219 0.0702438354492188 0.0756149291992188
0.0312290191650391 -0.00353622436523437 0.0133647918701172 0.00381851196289063
0.0377540588378906 -0.0313224792480469 -0.0246047973632812 -0.0767593383789063
0.0951614379882813 -0.02813720703125 -0.265548706054688 0.093231201171875
0.075439453125 -0.00579071044921875 -0.25408935546875 0.0256805419921875
0.0738067626953125 0.0371246337890625 -0.2015380859375 -0.04815673828125
0.04443359375 0.0538902282714844 -0.147689819335937 -0.11376953125
0.00508880615234376 0.0690879821777344 -0.0707168579101563 -0.100082397460938
-0.0194091796875 0.081695556640625 -0.0263137817382813 -0.04150390625
-0.0341949462890625 0.0783309936523438 -0.0272331237792969 0.0359649658203125
-0.0514602661132812 0.0672721862792969 -0.03863525390625 0.11053466796875
-0.0552215576171875 0.0764923095703125 -0.031585693359375 0.201934814453125
-0.0412521362304688 0.08489990234375 0.00692749023437497 0.2510986328125
-0.00438690185546876 0.0829849243164063 0.080078125 0.226669311523438
0.0524444580078125 0.07415771484375 0.114501953125 0.139320373535156
0.0699577331542969 0.0622787475585937 0.0870590209960937 0.0719223022460937
0.086883544921875 0.0201492309570313 0.0373764038085938 -0.00452423095703125
0.095947265625 -0.033660888671875 0.000328063964843752 -0.0822219848632813
0.139976501464844 -0.0224075317382813 -0.229141235351563 0.07574462890625
0.121223449707031 0.0118255615234375 -0.2205810546875 0.00199890136718749
0.108055114746094 0.07098388671875 -0.18780517578125 -0.0741729736328125
0.0618972778320313 0.0968017578125 -0.137123107910156 -0.134483337402344
0.00213623046874999 0.113502502441406 -0.0637664794921875 -0.125144958496094
-0.0350418090820312 0.127510070800781 -0.0187911987304688 -0.0686187744140625
-0.0531692504882813 0.119438171386719 -0.0172643661499024 0.00638389587402344
-0.0702590942382813 0.1053466796875 -0.0193023681640625 0.0780410766601563
-0.0672378540039063 0.119346618652344 -0.00733947753906251 0.16815185546875
-0.0379562377929688 0.13262939453125 0.0350494384765625 0.220748901367187
0.0130233764648438 0.126121520996094 0.1015625 0.203201293945313
0.0866165161132813 0.103561401367188 0.137977600097656 0.124099731445313
0.103736877441406 0.0867691040039062 0.114532470703125 0.06573486328125
0.129928588867188 0.0307083129882813 0.0781784057617188 -0.0156097412109375
0.14007568359375 -0.036163330078125 0.0449600219726563 -0.086669921875
0.166900634765625 -0.0128631591796875 -0.177108764648438 0.0605010986328125
0.147125244140625 0.0327301025390625 -0.173446655273438 -0.016754150390625
0.124595642089844 0.101585388183594 -0.163314819335938 -0.0986175537109375
0.0638275146484375 0.131889343261719 -0.12005615234375 -0.157455444335938
-0.00914001464843751 0.145721435546875 -0.0497589111328125 -0.156570434570313
-0.051727294921875 0.15625 -0.00525665283203125 -0.108879089355469
-0.06744384765625 0.142684936523437 -0.00141906738281251 -0.0389366149902344
-0.0778121948242187 0.127731323242188 0.00164794921874999 0.0319957733154297
-0.06414794921875 0.144134521484375 0.0102157592773438 0.120697021484375
-0.0230560302734375 0.15692138671875 0.049224853515625 0.17645263671875
0.0333251953125 0.143295288085938 0.111526489257813 0.171524047851562
0.1085205078125 0.109260559082031 0.157028198242188 0.105682373046875
0.122894287109375 0.0911331176757813 0.147552490234375 0.0545654296875
0.151504516601563 0.030426025390625 0.128013610839844 -0.0331954956054688
0.161819458007813 -0.0384674072265625 0.103424072265625 -0.0955123901367188
0.166946411132812 -0.00189208984375 -0.115982055664062 0.0499267578125
0.146514892578125 0.0482025146484375 -0.118270874023437 -0.0265579223632812
0.116874694824219 0.117034912109375 -0.129615783691406 -0.112037658691406
0.052093505859375 0.144317626953125 -0.097442626953125 -0.17388916015625
-0.022186279296875 0.153030395507813 -0.032440185546875 -0.1876220703125
-0.062896728515625 0.161514282226563 0.0134735107421875 -0.153335571289063
-0.0706329345703125 0.14410400390625 0.018829345703125 -0.0912322998046875
-0.072052001953125 0.131065368652344 0.0210037231445312 -0.0191154479980469
-0.0520477294921875 0.145919799804688 0.0193634033203125 0.0686225891113281
-0.00782775878906251 0.153457641601563 0.0500335693359375 0.130256652832031
0.0434494018554688 0.134483337402344 0.109390258789063 0.140853881835938
0.109382629394531 0.0969924926757813 0.166641235351563 0.0895233154296875
0.121009826660156 0.0819320678710938 0.1771240234375 0.0411376953125
0.147476196289063 0.0255584716796875 0.177536010742188 -0.052886962890625
0.15966796875 -0.0345001220703125 0.165084838867188 -0.10455322265625
0.140495300292969 0.0056915283203125 -0.0587272644042969 0.0459747314453125
0.118804931640625 0.0509796142578125 -0.0685997009277344 -0.0252723693847656
0.0892333984375 0.108177185058594 -0.0961685180664063 -0.112922668457031
0.0328292846679688 0.127235412597656 -0.0758819580078125 -0.17999267578125
-0.0283432006835937 0.132102966308594 -0.01416015625 -0.209823608398438
-0.0583953857421875 0.140762329101562 0.0332183837890625 -0.1939697265625
-0.0590286254882813 0.123443603515625 0.0391998291015625 -0.142913818359375
-0.0553207397460938 0.113677978515625 0.03515625 -0.0682411193847656
-0.0352020263671875 0.124992370605469 0.020751953125 0.0230083465576172
0.00148773193359375 0.127098083496094 0.0393447875976563 0.0920639038085938
0.0388031005859375 0.108497619628906 0.0986404418945313 0.117050170898437
0.0886917114257813 0.0767288208007813 0.167236328125 0.078704833984375
0.0995635986328125 0.0653839111328125 0.199310302734375 0.0301055908203125
0.121505737304687 0.0208969116210938 0.217910766601562 -0.06951904296875
0.134735107421875 -0.0254745483398438 0.220245361328125 -0.114013671875
0.0908889770507813 0.0088348388671875 -0.0125999450683594 0.0460281372070313
0.0734634399414063 0.0385208129882813 -0.0334358215332031 -0.0182228088378906
0.0520477294921875 0.0738449096679688 -0.0736541748046875 -0.103103637695313
0.01800537109375 0.08526611328125 -0.064117431640625 -0.178665161132813
-0.020355224609375 0.0904159545898438 -0.00587463378906251 -0.222503662109375
-0.0369720458984375 0.10137939453125 0.04144287109375 -0.225509643554688
-0.0340499877929687 0.0861434936523438 0.05078125 -0.1846923828125
-0.0301284790039062 0.0807723999023438 0.0427780151367188 -0.107719421386719
-0.017547607421875 0.0881805419921875 0.0188865661621094 -0.0123481750488281
0.00363922119140625 0.088043212890625 0.0288658142089844 0.0655136108398438
0.0242080688476562 0.0735702514648438 0.086761474609375 0.103004455566406
0.0564994812011719 0.0529136657714844 0.163314819335938 0.0760040283203125
0.0659294128417969 0.0448417663574219 0.212890625 0.0255584716796875
0.0799102783203125 0.0178680419921875 0.247207641601563 -0.076507568359375
0.0920639038085938 -0.0104217529296875 0.259994506835938 -0.116683959960938
-0.0204010009765625 -0.0169906616210937 -0.2735595703125 0.126388549804687
-0.0374565124511719 -0.0179481506347656 -0.267562866210938 0.0705413818359375
-0.0188579559326172 -0.0154972076416016 -0.198440551757812 0.00076293945312498
-0.0155200958251953 -0.0230007171630859 -0.15936279296875 -0.0754852294921875
-0.0130481719970703 -0.0202445983886719 -0.083099365234375 -0.069183349609375
-0.00536537170410156 -0.0217494964599609 -0.0392227172851562 -0.0237541198730469
-0.000598907470703126 -0.0266742706298828 -0.0381240844726563 0.046966552734375
0.0041046142578125 -0.0289993286132813 -0.0597686767578125 0.122528076171875
0.00731086730957032 -0.0282974243164063 -0.0624542236328125 0.206298828125
0.000747680664062498 -0.0306968688964844 -0.0364837646484375 0.2515869140625
0.0021209716796875 -0.0359687805175781 0.0485382080078125 0.234024047851563
-0.00284194946289063 -0.0347328186035156 0.089141845703125 0.149810791015625
-0.00231552124023438 -0.036773681640625 0.0747833251953125 0.0773544311523438
-0.0305004119873047 -0.0323467254638672 0.0172662734985352 0.0101985931396484
-0.0267372131347656 -0.0279865264892578 -0.0195693969726563 -0.0704574584960938
0.0370254516601563 -0.025787353515625 -0.274002075195313 0.116729736328125
0.0178070068359375 -0.0159397125244141 -0.264846801757813 0.056365966796875
0.0288715362548828 0.00644302368164062 -0.200775146484375 -0.014068603515625
0.0166091918945313 0.0121784210205078 -0.153640747070313 -0.0860443115234375
-0.000814437866210938 0.0224876403808594 -0.0770492553710938 -0.0756149291992188
-0.00878143310546875 0.0296611785888672 -0.0327663421630859 -0.0241413116455078
-0.0154972076416016 0.0262012481689453 -0.0338783264160156 0.0514259338378906
-0.0248546600341797 0.0194416046142578 -0.0515289306640625 0.125946044921875
-0.0274028778076172 0.0233917236328125 -0.0482025146484375 0.211502075195313
-0.0267105102539063 0.0255241394042969 -0.015106201171875 0.256591796875
-0.00855255126953125 0.0225257873535156 0.0660858154296875 0.231704711914063
0.0204982757568359 0.0216121673583984 0.10107421875 0.142547607421875
0.0316963195800781 0.0155200958251953 0.07684326171875 0.0706558227539063
0.0283775329589844 -0.00360870361328125 0.0191154479980469 0.00191116333007813
0.0350170135498047 -0.0318660736083984 -0.0220794677734375 -0.0762863159179687
0.0927810668945312 -0.0294342041015625 -0.259445190429688 0.102020263671875
0.0714492797851563 -0.00788116455078125 -0.249252319335938 0.0354919433593751
0.0728225708007813 0.03472900390625 -0.19879150390625 -0.037078857421875
0.0443496704101563 0.0520362854003906 -0.14886474609375 -0.102752685546875
0.005950927734375 0.0686264038085938 -0.0732040405273438 -0.0919265747070313
-0.0173797607421875 0.0802154541015625 -0.0273895263671875 -0.0377159118652344
-0.0329208374023438 0.076507568359375 -0.0272903442382813 0.0388526916503906
-0.0494232177734375 0.0645980834960937 -0.0366287231445312 0.110984802246094
-0.0530929565429687 0.0744247436523438 -0.02569580078125 0.197601318359375
-0.040313720703125 0.0828781127929688 0.014984130859375 0.244049072265625
-0.00463867187500001 0.080078125 0.08978271484375 0.218338012695312
0.0516853332519531 0.0696144104003906 0.121208190917969 0.130889892578125
0.0687828063964844 0.0589103698730469 0.0925445556640625 0.066497802734375
0.0835037231445313 0.0183029174804688 0.0403938293457031 -0.00705337524414062
0.0912399291992188 -0.036834716796875 0.0021514892578125 -0.083099365234375
0.136817932128906 -0.0254898071289062 -0.223892211914063 0.0838623046875
0.11676025390625 0.0078125 -0.21746826171875 0.0116729736328125
0.107490539550781 0.066802978515625 -0.18670654296875 -0.0629119873046875
0.0622100830078125 0.0939178466796875 -0.140480041503906 -0.124603271484375
0.00438690185546875 0.112167358398438 -0.0672607421875 -0.117774963378906
-0.03204345703125 0.125099182128906 -0.0218925476074219 -0.065521240234375
-0.0499420166015625 0.116996765136719 -0.0175657272338867 0.00870800018310547
-0.0666580200195313 0.102302551269531 -0.017669677734375 0.0781936645507813
-0.0636444091796875 0.117156982421875 -0.001007080078125 0.164108276367187
-0.0362548828125 0.129859924316406 0.0426788330078125 0.2130126953125
0.01318359375 0.122428894042969 0.110504150390625 0.19384765625
0.0857620239257813 0.097930908203125 0.1429443359375 0.114517211914062
0.102890014648438 0.0824737548828125 0.118278503417969 0.0595016479492188
0.12652587890625 0.0271759033203125 0.0791244506835938 -0.0194091796875
0.134231567382813 -0.0405960083007813 0.0450668334960938 -0.0887298583984375
0.163558959960938 -0.016998291015625 -0.174118041992187 0.0681304931640625
0.142501831054688 0.0273590087890625 -0.172271728515625 -0.00836181640624999
0.123886108398438 0.0965499877929688 -0.164382934570313 -0.087371826171875
0.0655899047851562 0.127555847167969 -0.12451171875 -0.147369384765625
-0.0059661865234375 0.143707275390625 -0.055389404296875 -0.150161743164063
-0.048248291015625 0.15386962890625 -0.00940704345703126 -0.106559753417969
-0.0640335083007813 0.1400146484375 -0.00238037109375 -0.03619384765625
-0.07305908203125 0.124603271484375 0.00319099426269531 0.0326690673828125
-0.0604248046875 0.141525268554688 0.0160140991210937 0.117538452148438
-0.019927978515625 0.154144287109375 0.055511474609375 0.169235229492188
0.034393310546875 0.139808654785156 0.118789672851563 0.161102294921875
0.108840942382813 0.103439331054688 0.1597900390625 0.0950164794921875
0.122390747070313 0.0873565673828125 0.149002075195313 0.0475921630859375
0.148651123046875 0.02685546875 0.126655578613281 -0.0380706787109375
0.156082153320313 -0.0430450439453125 0.101364135742188 -0.0996322631835938
0.163787841796875 -0.0067596435546875 -0.115028381347656 0.0560379028320313
0.142242431640625 0.0424957275390625 -0.119087219238281 -0.0195999145507813
0.116432189941406 0.111572265625 -0.132179260253906 -0.102561950683594
0.053924560546875 0.139076232910156 -0.103713989257813 -0.164596557617188
-0.01885986328125 0.15045166015625 -0.039703369140625 -0.181381225585938
-0.0581207275390625 0.158599853515625 0.0081329345703125 -0.150787353515625
-0.066497802734375 0.141250610351563 0.0166702270507813 -0.0882720947265625
-0.0677642822265625 0.127479553222656 0.0217208862304687 -0.0188045501708984
-0.0470428466796875 0.143524169921875 0.0245170593261719 0.0656890869140625
-0.00433349609374999 0.150527954101563 0.05474853515625 0.122955322265625
0.0447921752929688 0.131278991699219 0.114570617675781 0.130630493164063
0.110031127929687 0.0915679931640625 0.167617797851563 0.0782470703125
0.121505737304688 0.0779037475585938 0.17669677734375 0.032928466796875
0.145477294921875 0.02099609375 0.17340087890625 -0.0587158203125
0.1544189453125 -0.039703369140625 0.160430908203125 -0.110458374023438
0.1378173828125 0.00086212158203125 -0.0595626831054688 0.0505218505859375
0.115219116210938 0.0460357666015625 -0.0710067749023437 -0.019866943359375
0.0892410278320313 0.102378845214844 -0.100532531738281 -0.104156494140625
0.0358810424804688 0.122802734375 -0.0833282470703125 -0.172088623046875
-0.0245590209960938 0.1298828125 -0.021514892578125 -0.203765869140625
-0.0536346435546875 0.13763427734375 0.0266571044921875 -0.190887451171875
-0.0553436279296875 0.121223449707031 0.0363388061523437 -0.13922119140625
-0.0514602661132813 0.110061645507812 0.0346412658691406 -0.0671157836914062
-0.03082275390625 0.12164306640625 0.0241565704345703 0.0201301574707031
0.00487518310546875 0.124183654785156 0.043701171875 0.086212158203125
0.0404510498046875 0.106147766113281 0.101844787597656 0.107498168945313
0.0897750854492188 0.0727386474609375 0.166885375976563 0.0675048828125
0.100250244140625 0.0618743896484375 0.196624755859375 0.020751953125
0.119453430175781 0.0176162719726563 0.211837768554688 -0.07659912109375
0.130661010742188 -0.0299072265625 0.21429443359375 -0.121536254882813
0.0896072387695313 0.006134033203125 -0.0147476196289062 0.0491447448730469
0.0709457397460938 0.0355682373046875 -0.0366172790527344 -0.0142364501953125
0.0527877807617187 0.0703506469726562 -0.07867431640625 -0.0960693359375
0.020599365234375 0.0826416015625 -0.072479248046875 -0.171615600585938
-0.0168609619140625 0.088958740234375 -0.014434814453125 -0.217193603515625
-0.0326614379882813 0.0988693237304687 0.034698486328125 -0.2213134765625
-0.0307464599609375 0.0836639404296875 0.046966552734375 -0.180877685546875
-0.027191162109375 0.0775146484375 0.0411376953125 -0.1060791015625
-0.0136947631835938 0.0856704711914062 0.0217247009277344 -0.0146541595458984
0.00724792480468751 0.085296630859375 0.0318145751953125 0.0599136352539063
0.02569580078125 0.07177734375 0.0892181396484375 0.0941162109375
0.0573806762695313 0.0499191284179688 0.162521362304688 0.0648345947265625
0.0666160583496094 0.0424880981445313 0.209320068359375 0.015594482421875
0.0784149169921875 0.015228271484375 0.239395141601563 -0.08404541015625
0.0889892578125 -0.0135726928710937 0.252944946289063 -0.125564575195313
-0.020263671875 -0.0165367126464844 -0.2806396484375 0.134170532226562
-0.0398712158203125 -0.0170364379882813 -0.272369384765625 0.0784454345703125
-0.0196285247802734 -0.0160942077636719 -0.200103759765625 0.00610351562499996
-0.0163669586181641 -0.0229034423828125 -0.16229248046875 -0.0716094970703125
-0.0140914916992188 -0.0197544097900391 -0.0835723876953125 -0.0656280517578125
-0.00603103637695312 -0.0231399536132813 -0.0393791198730469 -0.0208740234375
-0.00201606750488281 -0.0283164978027344 -0.041046142578125 0.0516738891601562
0.00316429138183594 -0.0306892395019531 -0.0637359619140625 0.127487182617188
0.00745773315429687 -0.0295162200927734 -0.0642852783203125 0.20953369140625
0.000434875488281248 -0.0309429168701172 -0.0341644287109375 0.25439453125
0.000568389892578127 -0.0359535217285156 0.055511474609375 0.236358642578125
-0.00396347045898438 -0.03558349609375 0.0971221923828125 0.15087890625
-0.00394058227539062 -0.0378952026367188 0.0830154418945313 0.0760040283203125
-0.0329627990722656 -0.0311450958251953 0.0242328643798828 0.0074615478515625
-0.0287418365478516 -0.0274562835693359 -0.0151443481445313 -0.0748977661132813
0.0377731323242188 -0.0259208679199219 -0.281112670898437 0.123748779296875
0.0162515640258789 -0.0151472091674805 -0.27020263671875 0.06329345703125
0.0291366577148438 0.00639533996582031 -0.202407836914063 -0.00939941406249998
0.0176715850830078 0.0125141143798828 -0.157516479492188 -0.082244873046875
-0.000843048095703123 0.0244998931884766 -0.0779266357421875 -0.07269287109375
-0.00939369201660156 0.0299034118652344 -0.0337772369384766 -0.0208244323730469
-0.017120361328125 0.0260848999023437 -0.0360260009765625 0.0557746887207031
-0.0261039733886719 0.0175800323486328 -0.0543975830078125 0.131034851074219
-0.0291709899902344 0.0226764678955078 -0.048828125 0.215240478515625
-0.0283260345458984 0.0253639221191406 -0.012176513671875 0.259307861328125
-0.0107288360595703 0.0224685668945312 0.073760986328125 0.2333984375
0.018890380859375 0.0210380554199219 0.109207153320312 0.142745971679688
0.0308742523193359 0.0151596069335938 0.0854644775390625 0.0698394775390625
0.0273838043212891 -0.00278091430664063 0.0247535705566406 -0.00113105773925781
0.0332183837890625 -0.0322399139404297 -0.0177001953125 -0.0808792114257813
0.0953598022460938 -0.02996826171875 -0.265899658203125 0.109161376953125
0.0712966918945313 -0.00737762451171875 -0.254928588867188 0.04229736328125
0.0745773315429688 0.0353240966796875 -0.201492309570313 -0.032318115234375
0.0452919006347656 0.0534095764160156 -0.152847290039063 -0.09991455078125
0.0059051513671875 0.0713119506835938 -0.07470703125 -0.0896759033203125
-0.0182647705078125 0.082061767578125 -0.0289802551269531 -0.036102294921875
-0.0343704223632813 0.0776901245117188 -0.0291099548339844 0.042205810546875
-0.0519256591796875 0.0639457702636719 -0.0380783081054687 0.114768981933594
-0.0548477172851563 0.0748062133789063 -0.0246429443359375 0.20123291015625
-0.0424957275390625 0.083648681640625 0.0183563232421875 0.24725341796875
-0.0072174072265625 0.0808334350585938 0.0978546142578125 0.219696044921875
0.0510330200195312 0.0695533752441406 0.129096984863281 0.129829406738281
0.06890869140625 0.0594558715820313 0.0999755859375 0.0644302368164062
0.0837860107421875 0.0187530517578125 0.0461311340332031 -0.0102424621582031
0.09063720703125 -0.0384674072265625 0.00543975830078126 -0.0877151489257813
0.140701293945313 -0.0267486572265625 -0.230087280273437 0.0903167724609375
0.116416931152344 0.0077972412109375 -0.22393798828125 0.01715087890625
0.109725952148437 0.0682296752929687 -0.190643310546875 -0.058990478515625
0.063568115234375 0.095947265625 -0.144729614257813 -0.121871948242187
0.00383758544921875 0.116218566894531 -0.070159912109375 -0.116790771484375
-0.0333480834960938 0.127609252929688 -0.023895263671875 -0.0654335021972656
-0.0524368286132813 0.119148254394531 -0.0189132690429688 0.0111751556396484
-0.0691986083984375 0.102005004882812 -0.01702880859375 0.0814132690429688
-0.0657119750976563 0.118438720703125 0.00105285644531249 0.166885375976562
-0.038177490234375 0.132049560546875 0.0466461181640625 0.214797973632813
0.0114517211914062 0.125160217285156 0.118698120117187 0.193252563476562
0.0866546630859375 0.099273681640625 0.150497436523438 0.112213134765625
0.104415893554688 0.0840835571289063 0.124961853027344 0.0566787719726563
0.128547668457031 0.028106689453125 0.0836181640625 -0.0230789184570313
0.13433837890625 -0.0430145263671875 0.0478515625 -0.09423828125
0.167373657226562 -0.018646240234375 -0.179489135742188 0.0742645263671875
0.142532348632813 0.027099609375 -0.178115844726563 -0.00334167480468747
0.126319885253906 0.0976638793945312 -0.168594360351562 -0.0841064453125
0.0665130615234375 0.129470825195313 -0.130645751953125 -0.145980834960938
-0.007049560546875 0.14788818359375 -0.059173583984375 -0.149917602539063
-0.0505523681640625 0.1568603515625 -0.0115737915039062 -0.108169555664062
-0.065826416015625 0.1419677734375 -0.002838134765625 -0.0353736877441406
-0.0752944946289062 0.124641418457031 0.00441551208496094 0.03436279296875
-0.061431884765625 0.143753051757813 0.0192108154296875 0.118927001953125
-0.020965576171875 0.157196044921875 0.06005859375 0.169921875
0.0338134765625 0.143356323242188 0.126174926757813 0.159088134765625
0.110511779785156 0.10479736328125 0.166030883789063 0.0911407470703125
0.125923156738281 0.0891647338867188 0.155044555664063 0.0442962646484375
0.151397705078125 0.0269775390625 0.130538940429688 -0.0422821044921875
0.156890869140625 -0.046234130859375 0.105094909667969 -0.105667114257813
0.167724609375 -0.0079803466796875 -0.119956970214844 0.0614471435546875
0.142196655273437 0.042572021484375 -0.124313354492187 -0.0157928466796875
0.118179321289063 0.11279296875 -0.137092590332031 -0.0999221801757813
0.0551910400390625 0.140884399414062 -0.109664916992188 -0.164779663085938
-0.0198822021484375 0.153671264648438 -0.044097900390625 -0.182891845703125
-0.0601806640625 0.160751342773438 0.005706787109375 -0.154571533203125
-0.068145751953125 0.143203735351563 0.0182342529296875 -0.0889053344726562
-0.0693893432617188 0.127410888671875 0.0240211486816406 -0.0187320709228516
-0.0476226806640625 0.144729614257813 0.0280609130859375 0.0652732849121094
-0.00419616699218749 0.153579711914063 0.0585174560546875 0.122077941894531
0.0457534790039063 0.134574890136719 0.120223999023438 0.127578735351563
0.112525939941406 0.0930252075195313 0.172622680664062 0.0732269287109375
0.125282287597656 0.0798568725585938 0.181930541992188 0.028961181640625
0.14874267578125 0.02142333984375 0.177276611328125 -0.0639190673828125
0.155349731445313 -0.0424346923828125 0.1641845703125 -0.1175537109375
0.141159057617188 0.0003662109375 -0.063751220703125 0.055694580078125
0.1151123046875 0.0466232299804688 -0.0754928588867187 -0.016143798828125
0.0905532836914063 0.103988647460938 -0.105972290039062 -0.102325439453125
0.0364761352539062 0.123634338378906 -0.0901947021484375 -0.172622680664063
-0.0246047973632813 0.132118225097656 -0.026214599609375 -0.206390380859375
-0.0548553466796875 0.138816833496094 0.025787353515625 -0.195480346679687
-0.0564346313476563 0.1219482421875 0.0380859375 -0.14117431640625
-0.0524368286132813 0.109893798828125 0.0381622314453125 -0.0690994262695313
-0.030975341796875 0.123428344726562 0.0282974243164063 0.0183334350585938
0.00630187988281249 0.126480102539063 0.0465240478515625 0.0841445922851563
0.0412979125976562 0.108863830566406 0.105598449707031 0.103904724121094
0.0924758911132813 0.07342529296875 0.170608520507812 0.0619659423828125
0.104042053222656 0.0630035400390625 0.201736450195313 0.0169525146484375
0.122238159179688 0.017791748046875 0.21551513671875 -0.08209228515625
0.131599426269531 -0.03192138671875 0.218734741210937 -0.129425048828125
0.0926666259765625 0.00545501708984375 -0.0190505981445312 0.0536994934082031
0.071136474609375 0.0357818603515625 -0.0407600402832031 -0.0106658935546875
0.0543136596679687 0.0708694458007813 -0.0843429565429688 -0.0949554443359375
0.0214691162109375 0.082672119140625 -0.079437255859375 -0.173324584960937
-0.0166854858398438 0.0903167724609375 -0.019195556640625 -0.220138549804688
-0.0324783325195313 0.099517822265625 0.0343170166015625 -0.225631713867187
-0.0307464599609375 0.0843353271484375 0.0484466552734375 -0.183349609375
-0.0275650024414063 0.0778732299804688 0.044464111328125 -0.109085083007813
-0.0127639770507812 0.0857086181640625 0.02520751953125 -0.0170612335205078
0.00838470458984375 0.0863876342773438 0.03387451171875 0.0574455261230469
0.0267868041992188 0.074188232421875 0.0915145874023438 0.0903854370117188
0.0597953796386719 0.0501823425292969 0.165115356445313 0.0600738525390625
0.0686073303222656 0.042205810546875 0.212249755859375 0.01220703125
0.0801544189453125 0.0151901245117188 0.24359130859375 -0.0897674560546875
0.0903167724609375 -0.0144882202148437 0.257919311523438 -0.133529663085938
-0.0218887329101562 -0.0164794921875 -0.29571533203125 0.154815673828125
-0.0445289611816406 -0.014892578125 -0.285858154296875 0.096160888671875
-0.0220680236816406 -0.0170421600341797 -0.209075927734375 0.0160675048828125
-0.0183582305908203 -0.0238227844238281 -0.172760009765625 -0.066802978515625
-0.0156230926513672 -0.0192928314208984 -0.0886611938476562 -0.0626449584960938
-0.00754547119140625 -0.0250453948974609 -0.0417594909667969 -0.0177192687988281
-0.00504112243652344 -0.0303592681884766 -0.0441207885742187 0.0604209899902344
0.000793457031249997 -0.0330162048339844 -0.06622314453125 0.139251708984375
0.00676536560058594 -0.0326995849609375 -0.062591552734375 0.223922729492188
-0.000881195068359371 -0.0332469940185547 -0.0271453857421875 0.267959594726563
-0.0013580322265625 -0.0370941162109375 0.070465087890625 0.24591064453125
-0.00635910034179688 -0.0374488830566406 0.113815307617188 0.15472412109375
-0.00656890869140625 -0.0403671264648438 0.0970535278320313 0.07427978515625
-0.036895751953125 -0.0301284790039063 0.0319137573242188 0.00293540954589844
-0.0321063995361328 -0.0268440246582031 -0.0135574340820312 -0.08294677734375
0.0409088134765625 -0.0282173156738281 -0.2967529296875 0.14453125
0.0155277252197266 -0.0156927108764648 -0.28448486328125 0.080047607421875
0.0311050415039063 0.00597953796386719 -0.2132568359375 -0.000411987304687464
0.0184764862060547 0.0124263763427734 -0.167877197265625 -0.078155517578125
-0.000701904296874998 0.0274181365966797 -0.083343505859375 -0.0708236694335937
-0.00936889648437501 0.0318489074707031 -0.0365982055664063 -0.0186538696289063
-0.0195598602294922 0.0276203155517578 -0.0376739501953125 0.0639152526855469
-0.0293045043945313 0.0182590484619141 -0.0556488037109375 0.142578125
-0.0313549041748047 0.0235233306884766 -0.0458526611328125 0.229278564453125
-0.0307064056396484 0.0265426635742187 -0.00306701660156249 0.272308349609375
-0.0131740570068359 0.0247116088867188 0.0900115966796875 0.241409301757813
0.018829345703125 0.0210742950439453 0.125900268554688 0.145431518554688
0.0313644409179688 0.0151901245117187 0.0977554321289062 0.0675201416015625
0.0270957946777344 -0.00226783752441406 0.0317916870117188 -0.00546455383300781
0.0324630737304688 -0.0343532562255859 -0.01739501953125 -0.0891799926757813
0.101371765136719 -0.0344696044921875 -0.281219482421875 0.12841796875
0.073577880859375 -0.00844573974609375 -0.269790649414063 0.0573883056640625
0.0802536010742188 0.0351638793945313 -0.211959838867187 -0.02447509765625
0.0496749877929688 0.0554885864257813 -0.165008544921875 -0.0966796875
0.00772857666015626 0.0771636962890625 -0.0813140869140625 -0.0890426635742187
-0.0181045532226562 0.0880661010742187 -0.0330410003662109 -0.0350017547607422
-0.0361785888671875 0.0828323364257813 -0.0308914184570313 0.0485496520996094
-0.0555267333984375 0.06732177734375 -0.0375747680664063 0.124374389648438
-0.057861328125 0.0791091918945313 -0.0193634033203125 0.213623046875
-0.044677734375 0.0887527465820312 0.028961181640625 0.258743286132813
-0.008544921875 0.0859451293945312 0.11474609375 0.225509643554688
0.05352783203125 0.0714569091796875 0.145156860351563 0.129379272460938
0.0738372802734375 0.0607223510742188 0.113304138183594 0.061798095703125
0.0877685546875 0.0186080932617188 0.0526237487792969 -0.0156898498535156
0.0929107666015625 -0.0436325073242188 0.00644683837890627 -0.09661865234375
0.14935302734375 -0.0327911376953125 -0.243072509765625 0.107101440429688
0.122085571289063 0.00643157958984375 -0.23736572265625 0.0291900634765625
0.118400573730469 0.0692977905273438 -0.202789306640625 -0.0530242919921875
0.0697784423828125 0.0997238159179688 -0.157989501953125 -0.120864868164063
0.00669860839843751 0.124748229980469 -0.0789642333984375 -0.118476867675781
-0.0327606201171875 0.136566162109375 -0.0288619995117188 -0.0671310424804687
-0.0538253784179687 0.127235412597656 -0.0198726654052734 0.0138912200927734
-0.0729827880859375 0.1075439453125 -0.0155868530273437 0.087738037109375
-0.0686492919921875 0.126144409179688 0.008056640625 0.176010131835938
-0.0388870239257813 0.140045166015625 0.058502197265625 0.223648071289063
0.0122909545898438 0.132514953613281 0.13580322265625 0.196212768554688
0.0928573608398438 0.102035522460938 0.166000366210938 0.10894775390625
0.1131591796875 0.0871505737304688 0.138275146484375 0.0525665283203125
0.135795593261719 0.02679443359375 0.0909805297851563 -0.0308761596679688
0.1390380859375 -0.0496063232421875 0.0505142211914063 -0.105171203613281
0.178146362304688 -0.0258331298828125 -0.190231323242187 0.088623046875
0.14947509765625 0.02569580078125 -0.190200805664062 0.00602722167968754
0.136039733886719 0.100486755371094 -0.18109130859375 -0.0807342529296875
0.073883056640625 0.134956359863281 -0.1451416015625 -0.146713256835938
-0.004119873046875 0.158462524414063 -0.0696868896484375 -0.15472412109375
-0.05023193359375 0.167327880859375 -0.0178146362304688 -0.113410949707031
-0.0673065185546875 0.152008056640625 -0.00321197509765625 -0.0365257263183594
-0.0783004760742188 0.131851196289063 0.00796127319335937 0.0362663269042969
-0.0629730224609375 0.1529541015625 0.0274276733398438 0.123573303222656
-0.01922607421875 0.166793823242188 0.070953369140625 0.17523193359375
0.0381317138671875 0.152099609375 0.14141845703125 0.159393310546875
0.119163513183594 0.107711791992187 0.180282592773438 0.0856475830078125
0.136978149414063 0.0919113159179687 0.168701171875 0.0377197265625
0.160980224609375 0.0240325927734375 0.138412475585937 -0.0524673461914062
0.162765502929688 -0.054412841796875 0.109405517578125 -0.119384765625
0.17840576171875 -0.0147247314453125 -0.128799438476563 0.0735855102539063
0.149337768554688 0.042236328125 -0.1348876953125 -0.00807952880859378
0.127937316894531 0.116348266601562 -0.149948120117188 -0.0980834960937499
0.0610809326171875 0.146713256835937 -0.124832153320313 -0.167526245117188
-0.017852783203125 0.164077758789063 -0.0546722412109375 -0.190582275390625
-0.0605621337890625 0.171478271484375 -0.000381469726562511 -0.163742065429688
-0.0691375732421875 0.152618408203125 0.0177383422851563 -0.0943756103515625
-0.0714569091796875 0.134468078613281 0.0277671813964844 -0.0209407806396484
-0.0480804443359375 0.153915405273438 0.0353584289550781 0.0664329528808594
-0.000457763671874986 0.163040161132813 0.06768798828125 0.124320983886719
0.0512847900390625 0.143203735351563 0.132759094238281 0.125968933105469
0.121551513671875 0.0949630737304687 0.18487548828125 0.0663604736328125
0.136314392089844 0.081146240234375 0.194793701171875 0.021331787109375
0.158111572265625 0.01800537109375 0.185958862304688 -0.076812744140625
0.16217041015625 -0.0500640869140625 0.1717529296875 -0.134124755859375
0.150360107421875 -0.005157470703125 -0.0696067810058594 0.0657577514648437
0.121673583984375 0.0470123291015625 -0.0835418701171875 -0.0107879638671875
0.0984344482421875 0.107101440429687 -0.117912292480469 -0.102294921875
0.04193115234375 0.128440856933594 -0.105087280273438 -0.177108764648437
-0.0233154296875 0.140556335449219 -0.0375518798828125 -0.216827392578125
-0.0552520751953125 0.147857666015625 0.0203857421875 -0.207839965820312
-0.0566558837890625 0.129638671875 0.038177490234375 -0.150466918945313
-0.0537261962890625 0.116188049316406 0.0414199829101563 -0.0746688842773438
-0.029937744140625 0.130142211914063 0.0345497131347656 0.0163803100585938
0.0105209350585938 0.133880615234375 0.052490234375 0.084381103515625
0.0472793579101563 0.115570068359375 0.115638732910156 0.101829528808594
0.100784301757813 0.0749053955078125 0.181442260742188 0.0553741455078125
0.113304138183594 0.0639572143554688 0.2138671875 0.00823974609375
0.130950927734375 0.0144271850585937 0.225479125976563 -0.096954345703125
0.137710571289062 -0.0382080078125 0.228103637695313 -0.1484375
0.0995941162109375 0.0019378662109375 -0.0232124328613281 0.0621604919433594
0.07574462890625 0.0367965698242188 -0.0470466613769531 -0.00571060180664061
0.05889892578125 0.0731124877929688 -0.0954818725585937 -0.09521484375
0.0250701904296875 0.0852203369140625 -0.0942535400390625 -0.178619384765625
-0.0143814086914062 0.0958175659179688 -0.0305938720703125 -0.230331420898438
-0.03155517578125 0.105018615722656 0.029022216796875 -0.239532470703125
-0.0298614501953125 0.0889816284179688 0.04815673828125 -0.194549560546875
-0.0270462036132813 0.0809326171875 0.046661376953125 -0.117088317871094
-0.0107269287109375 0.0893020629882812 0.0294265747070312 -0.0213565826416016
0.0123443603515625 0.0907516479492187 0.0390701293945312 0.0568580627441406
0.0310287475585938 0.0784149169921875 0.0988693237304687 0.0887222290039063
0.0652236938476563 0.0509910583496094 0.174728393554687 0.0534515380859375
0.0752182006835938 0.0425033569335937 0.225250244140625 0.002716064453125
0.0856704711914062 0.0141220092773437 0.2550048828125 -0.106414794921875
0.0951461791992188 -0.0186843872070313 0.269866943359375 -0.153793334960938
-0.0236835479736328 -0.0158195495605469 -0.300811767578125 0.1939697265625
-0.0488624572753906 -0.00958633422851561 -0.29296875 0.130889892578125
-0.0257434844970703 -0.0157032012939453 -0.215667724609375 0.037261962890625
-0.0219783782958984 -0.0240554809570312 -0.185317993164062 -0.05206298828125
-0.0180740356445313 -0.0182132720947266 -0.096435546875 -0.0554428100585938
-0.0114479064941406 -0.0263404846191406 -0.0446319580078125 -0.0128135681152344
-0.0096588134765625 -0.0310268402099609 -0.0420913696289063 0.071746826171875
-0.00348663330078125 -0.0353469848632812 -0.0599822998046875 0.15570068359375
0.00389862060546875 -0.0363121032714844 -0.0487213134765625 0.240753173828125
-0.00403213500976563 -0.0346012115478516 -0.00653076171875 0.281402587890625
-0.00516510009765625 -0.0376472473144531 0.0985870361328125 0.24896240234375
-0.01055908203125 -0.0393486022949219 0.138336181640625 0.150299072265625
-0.011474609375 -0.0419158935546875 0.113555908203125 0.0653076171875
-0.0422897338867187 -0.0257720947265625 0.0386428833007813 -0.0050506591796875
-0.0359764099121094 -0.0247993469238281 -0.0176544189453125 -0.092132568359375
0.0413970947265625 -0.0336723327636719 -0.302703857421875 0.182708740234375
0.0138988494873047 -0.0149993896484375 -0.29302978515625 0.113372802734375
0.0326042175292969 0.003814697265625 -0.220977783203125 0.020416259765625
0.0189075469970703 0.0123786926269531 -0.181427001953125 -0.064605712890625
0.00146293640136719 0.0302963256835938 -0.0921630859375 -0.0634994506835938
-0.00850105285644531 0.0349769592285156 -0.0391731262207031 -0.0135231018066406
-0.0205307006835937 0.0315055847167969 -0.0358963012695313 0.0745391845703125
-0.0322227478027344 0.0203742980957031 -0.0475921630859375 0.156967163085938
-0.0327892303466797 0.0256195068359375 -0.02935791015625 0.245010375976562
-0.0322246551513672 0.0301704406738281 0.019134521484375 0.284881591796875
-0.0139274597167969 0.0273380279541016 0.118499755859375 0.243377685546875
0.0195198059082031 0.0203437805175781 0.149948120117188 0.137985229492188
0.0328559875488281 0.0127277374267578 0.114601135253906 0.0577545166015625
0.0271892547607422 -0.00267410278320313 0.0381011962890625 -0.0136566162109375
0.0300712585449219 -0.0389595031738281 -0.0219650268554687 -0.0981979370117188
0.105712890625 -0.045623779296875 -0.28729248046875 0.163726806640625
0.0758056640625 -0.0128860473632813 -0.279281616210938 0.0876007080078126
0.0872344970703125 0.0305099487304688 -0.223800659179688 -0.00534057617187498
0.056365966796875 0.0542869567871094 -0.1805419921875 -0.0843658447265625
0.0152053833007813 0.082427978515625 -0.092864990234375 -0.0831298828125
-0.0128402709960938 0.0951766967773438 -0.03729248046875 -0.0313491821289062
-0.0333099365234375 0.0912628173828125 -0.0286903381347656 0.0553703308105469
-0.0565872192382813 0.0740890502929688 -0.0292282104492188 0.135963439941406
-0.057281494140625 0.0879898071289063 -0.00207519531249998 0.225173950195313
-0.0421676635742187 0.0961151123046875 0.0537261962890625 0.267425537109375
-0.00531768798828125 0.0923995971679688 0.14361572265625 0.223663330078125
0.0602188110351563 0.0711669921875 0.167449951171875 0.1201171875
0.0814895629882813 0.0582351684570313 0.128890991210938 0.0510025024414063
0.0924072265625 0.0140304565429688 0.057861328125 -0.0262336730957031
0.0920562744140625 -0.0524368286132813 0.00141143798828126 -0.107704162597656
0.156600952148438 -0.04766845703125 -0.24920654296875 0.138885498046875
0.127616882324219 -0.0012664794921875 -0.248703002929687 0.0559844970703125
0.130706787109375 0.0638809204101563 -0.21710205078125 -0.036285400390625
0.0809555053710937 0.0995101928710937 -0.17742919921875 -0.1099853515625
0.0169219970703125 0.133026123046875 -0.0924148559570313 -0.114692687988281
-0.0249176025390625 0.148391723632813 -0.0369224548339844 -0.0662384033203125
-0.0484771728515625 0.138778686523438 -0.0195732116699219 0.0187187194824219
-0.0718841552734375 0.117561340332031 -0.00772857666015626 0.0938949584960938
-0.064208984375 0.138153076171875 0.025146484375 0.183197021484375
-0.0319366455078125 0.15081787109375 0.0818939208984375 0.22808837890625
0.0212631225585938 0.140396118164063 0.162368774414062 0.189056396484375
0.104270935058594 0.100677490234375 0.186370849609375 0.095611572265625
0.126724243164063 0.0829315185546875 0.153366088867188 0.0384979248046875
0.144882202148438 0.0173187255859375 0.095733642578125 -0.0443191528320313
0.139961242675781 -0.063568115234375 0.045562744140625 -0.120147705078125
0.186859130859375 -0.0430450439453125 -0.195144653320312 0.115264892578125
0.1580810546875 0.0167083740234375 -0.200759887695313 0.027862548828125
0.151138305664063 0.095947265625 -0.197280883789063 -0.0664520263671875
0.0870361328125 0.135772705078125 -0.166488647460938 -0.138763427734375
0.00831604003906251 0.168258666992187 -0.08770751953125 -0.154129028320312
-0.041015625 0.181991577148438 -0.0298080444335938 -0.116752624511719
-0.059783935546875 0.165374755859375 -0.00616073608398438 -0.0377044677734375
-0.0751953125 0.142669677734375 0.0132598876953125 0.0370979309082031
-0.055419921875 0.166015625 0.0421600341796875 0.126358032226563
-0.0084991455078125 0.17755126953125 0.091461181640625 0.17608642578125
0.0511322021484375 0.159194946289063 0.164443969726563 0.149642944335938
0.134040832519531 0.104454040527344 0.197662353515625 0.0692596435546875
0.153656005859375 0.0856781005859375 0.182418823242188 0.0207366943359375
0.171783447265625 0.011932373046875 0.142135620117188 -0.07110595703125
0.16595458984375 -0.0703582763671875 0.1058349609375 -0.139610290527344
0.18804931640625 -0.0313262939453125 -0.131439208984375 0.0943450927734375
0.159393310546875 0.0339508056640625 -0.143951416015625 0.0071868896484375
0.143417358398438 0.112991333007813 -0.167343139648438 -0.0877532958984375
0.073883056640625 0.14862060546875 -0.148681640625 -0.162155151367187
-0.0066070556640625 0.175796508789063 -0.076446533203125 -0.19342041015625
-0.05206298828125 0.185379028320313 -0.0152435302734375 -0.171707153320313
-0.06207275390625 0.165878295898438 0.01153564453125 -0.101211547851562
-0.0666046142578125 0.145965576171875 0.0306529998779297 -0.0256443023681641
-0.03839111328125 0.1650390625 0.0472183227539063 0.0641365051269531
0.012725830078125 0.172119140625 0.0828857421875 0.1217041015625
0.065826416015625 0.148590087890625 0.151260375976563 0.115264892578125
0.136367797851563 0.0901260375976563 0.199615478515625 0.0491180419921875
0.153091430664063 0.0742340087890625 0.207656860351563 0.001953125
0.168991088867188 0.0054931640625 0.18975830078125 -0.100418090820313
0.165481567382813 -0.0667266845703125 0.169754028320313 -0.160125732421875
0.159072875976563 -0.019287109375 -0.0713653564453125 0.0823593139648438
0.130577087402344 0.0414810180664063 -0.0904464721679688 0.000602722167968737
0.111640930175781 0.105308532714844 -0.135459899902344 -0.0951766967773438
0.0522003173828125 0.130119323730469 -0.129348754882812 -0.1746826171875
-0.0134429931640625 0.149551391601563 -0.0601654052734375 -0.221878051757813
-0.047271728515625 0.158935546875 0.001922607421875 -0.22064208984375
-0.0502395629882813 0.139900207519531 0.0294342041015625 -0.161972045898438
-0.0482559204101562 0.125328063964844 0.0410232543945313 -0.083740234375
-0.0210113525390625 0.138557434082031 0.0412216186523438 0.0106544494628906
0.022247314453125 0.140281677246094 0.0640945434570313 0.08160400390625
0.0598602294921875 0.119361877441406 0.12945556640625 0.0920944213867188
0.113136291503906 0.070343017578125 0.194015502929687 0.037994384765625
0.126564025878906 0.0572128295898437 0.225509643554688 -0.012939453125
0.13970947265625 0.00479888916015625 0.228836059570312 -0.125350952148437
0.14178466796875 -0.052490234375 0.228164672851563 -0.179779052734375
0.105445861816406 -0.0073394775390625 -0.0226821899414063 0.07452392578125
0.0821762084960938 0.0331878662109375 -0.0523643493652344 0.00227737426757812
0.0680084228515625 0.0719451904296875 -0.111915588378906 -0.0899276733398438
0.0324630737304688 0.085723876953125 -0.119873046875 -0.176895141601562
-0.00732421874999999 0.1021728515625 -0.054412841796875 -0.238571166992187
-0.0242080688476563 0.112388610839844 0.00968933105468751 -0.254837036132812
-0.0244827270507812 0.0947952270507812 0.036834716796875 -0.208770751953125
-0.0225372314453125 0.0857925415039063 0.0431900024414063 -0.129348754882813
-0.0045928955078125 0.09423828125 0.0328750610351563 -0.0289459228515625
0.02093505859375 0.0935745239257813 0.0463790893554687 0.052947998046875
0.0400238037109375 0.080841064453125 0.110885620117187 0.0807723999023437
0.0729293823242188 0.0478897094726563 0.186203002929688 0.037200927734375
0.0843887329101563 0.0380172729492188 0.236038208007812 -0.0191650390625
0.0920486450195312 0.0069732666015625 0.258621215820313 -0.136276245117188
0.0987625122070313 -0.0275497436523438 0.271255493164063 -0.190093994140625
-0.0255775451660156 -0.0141372680664063 -0.283294677734375 0.23187255859375
-0.0503311157226563 -0.00223922729492187 -0.27899169921875 0.16693115234375
-0.0278282165527344 -0.0127925872802734 -0.209457397460938 0.0611419677734375
-0.0254917144775391 -0.0215129852294922 -0.1898193359375 -0.03033447265625
-0.0198040008544922 -0.0151596069335937 -0.0995559692382813 -0.042724609375
-0.0148944854736328 -0.0246601104736328 -0.0455474853515625 -0.00579071044921876
-0.0134716033935547 -0.0291175842285156 -0.0350112915039063 0.0798797607421875
-0.00843620300292969 -0.0347633361816406 -0.0450286865234375 0.165481567382812
-0.00101089477539062 -0.0372543334960938 -0.0247344970703125 0.24603271484375
-0.00823402404785156 -0.0345554351806641 0.022308349609375 0.280410766601562
-0.0091705322265625 -0.0366363525390625 0.126861572265625 0.235870361328125
-0.0159416198730469 -0.0381546020507813 0.158004760742188 0.131607055664063
-0.0170021057128906 -0.0404930114746094 0.124717712402344 0.0482330322265625
-0.0445938110351563 -0.0190505981445313 0.0425224304199219 -0.0158882141113281
-0.0385093688964844 -0.019500732421875 -0.0250396728515625 -0.0965347290039063
0.0390777587890625 -0.0393524169921875 -0.28594970703125 0.221221923828125
0.0129070281982422 -0.0147991180419922 -0.28125 0.149658203125
0.0332546234130859 0.0009307861328125 -0.217132568359375 0.0442962646484375
0.0202960968017578 0.0103816986083984 -0.187255859375 -0.0435333251953125
0.00615692138671875 0.0318145751953125 -0.0957260131835938 -0.0517578125
-0.00580596923828125 0.0370140075683594 -0.0405197143554688 -0.00733184814453124
-0.0182418823242187 0.0352439880371094 -0.027587890625 0.0812530517578125
-0.0332584381103516 0.0244808197021484 -0.0319976806640625 0.16461181640625
-0.0323257446289062 0.0283355712890625 -0.00532531738281252 0.2484130859375
-0.0314178466796875 0.0335216522216797 0.04864501953125 0.280914306640625
-0.0131378173828125 0.0297336578369141 0.146087646484375 0.227615356445313
0.0194797515869141 0.0186805725097656 0.1685791015625 0.118438720703125
0.0323429107666016 0.00974655151367187 0.125030517578125 0.041015625
0.0255107879638672 -0.00253486633300781 0.0401229858398437 -0.0236663818359375
0.0254898071289063 -0.0401649475097656 -0.0300445556640625 -0.101959228515625
0.102180480957031 -0.05804443359375 -0.27197265625 0.200958251953125
0.07513427734375 -0.0184707641601563 -0.2701416015625 0.122543334960938
0.0913314819335938 0.0224151611328125 -0.222900390625 0.0189666748046875
0.0608253479003906 0.0495109558105469 -0.188583374023438 -0.063323974609375
0.0242919921875 0.0831832885742187 -0.0991439819335938 -0.0711822509765625
-0.00334930419921876 0.0980453491210938 -0.0409889221191406 -0.0253410339355469
-0.0257415771484375 0.0957489013671875 -0.0231208801269531 0.0621299743652344
-0.052001953125 0.0796051025390625 -0.0152740478515625 0.139999389648438
-0.0516738891601562 0.0928421020507813 0.021209716796875 0.22564697265625
-0.0365753173828125 0.101234436035156 0.0821990966796875 0.260284423828125
0.00138854980468751 0.0947036743164063 0.169235229492188 0.204513549804688
0.0650558471679688 0.0656356811523438 0.18389892578125 0.097900390625
0.0866165161132813 0.0506362915039062 0.137901306152344 0.0318679809570313
0.0927734375 0.0061492919921875 0.0576324462890625 -0.0377006530761719
0.086090087890625 -0.059906005859375 -0.0086517333984375 -0.113151550292969
0.153594970703125 -0.065643310546875 -0.23663330078125 0.17156982421875
0.128402709960938 -0.0124740600585938 -0.242019653320312 0.0861358642578125
0.137687683105469 0.0523147583007812 -0.220596313476563 -0.0121307373046875
0.089447021484375 0.092864990234375 -0.188186645507813 -0.089111328125
0.0312118530273437 0.13330078125 -0.104362487792969 -0.102104187011719
-0.0111236572265625 0.153045654296875 -0.0446434020996094 -0.06072998046875
-0.0360107421875 0.144195556640625 -0.01739501953125 0.021820068359375
-0.0632476806640625 0.124282836914063 0.00311279296874999 0.0945968627929688
-0.053436279296875 0.1441650390625 0.045166015625 0.17938232421875
-0.0198516845703125 0.155349731445312 0.107498168945313 0.2177734375
0.0336151123046875 0.140838623046875 0.18450927734375 0.16729736328125
0.112625122070313 0.0908279418945313 0.197708129882812 0.07135009765625
0.135009765625 0.071533203125 0.159698486328125 0.017791748046875
0.146240234375 0.0044097900390625 0.0919189453125 -0.0592880249023438
0.133049011230469 -0.0771026611328125 0.0341033935546875 -0.130439758300781
0.1849365234375 -0.063995361328125 -0.184707641601562 0.142730712890625
0.160507202148438 0.0025787353515625 -0.197601318359375 0.0529937744140625
0.161834716796875 0.0821990966796875 -0.205276489257813 -0.044403076171875
0.0990066528320313 0.128524780273438 -0.182327270507813 -0.118179321289063
0.02471923828125 0.16943359375 -0.104217529296875 -0.142623901367188
-0.024566650390625 0.188323974609375 -0.0432205200195313 -0.112007141113281
-0.045318603515625 0.171966552734375 -0.00987625122070313 -0.0367164611816406
-0.0640411376953125 0.150299072265625 0.0193672180175781 0.0340461730957031
-0.0416259765625 0.17132568359375 0.05810546875 0.119041442871094
0.00830078125000001 0.179977416992188 0.111190795898438 0.163116455078125
0.0667572021484375 0.157089233398438 0.180740356445312 0.127853393554688
0.14447021484375 0.091888427734375 0.20477294921875 0.0443572998046875
0.163528442382813 0.0706939697265625 0.185699462890625 -0.00244140625
0.17364501953125 -0.0042266845703125 0.135520935058594 -0.0896987915039063
0.157943725585937 -0.0865936279296875 0.0925140380859375 -0.1556396484375
0.1865234375 -0.0524749755859375 -0.122726440429687 0.115386962890625
0.16351318359375 0.020111083984375 -0.144149780273438 0.027679443359375
0.155014038085937 0.0999298095703125 -0.178756713867188 -0.0688629150390625
0.0862274169921875 0.14239501953125 -0.168014526367188 -0.14349365234375
0.010986328125 0.176910400390625 -0.0970458984375 -0.18377685546875
-0.0353851318359375 0.192398071289062 -0.0346221923828125 -0.169509887695313
-0.0467529296875 0.172012329101563 0.0023345947265625 -0.103218078613281
-0.0554351806640625 0.152145385742188 0.0308341979980469 -0.0312957763671875
-0.0236663818359375 0.16888427734375 0.0568046569824219 0.055908203125
0.0294036865234375 0.171554565429688 0.0974502563476563 0.111030578613281
0.0814056396484375 0.144683837890625 0.162490844726563 0.095428466796875
0.146240234375 0.0771484375 0.203292846679688 0.0240631103515625
0.162368774414062 0.058837890625 0.208358764648437 -0.023223876953125
0.170394897460938 -0.011260986328125 0.1787109375 -0.123504638671875
0.158798217773438 -0.0834503173828125 0.15338134765625 -0.182266235351562
0.1585693359375 -0.03680419921875 -0.0637435913085938 0.09796142578125
0.135246276855469 0.0298004150390625 -0.0919723510742187 0.0148391723632813
0.121650695800781 0.0949935913085938 -0.148849487304688 -0.0791473388671875
0.062347412109375 0.125160217285156 -0.15142822265625 -0.15753173828125
0.00125122070312499 0.151809692382813 -0.0846710205078125 -0.21429443359375
-0.0327911376953125 0.164093017578125 -0.0214385986328125 -0.220626831054687
-0.037353515625 0.14447021484375 0.0144500732421875 -0.165679931640625
-0.0384445190429688 0.129135131835938 0.034576416015625 -0.09088134765625
-0.00810241699218751 0.140548706054688 0.0460662841796875 0.00198745727539063
0.0367050170898437 0.138267517089844 0.0739288330078125 0.07196044921875
0.073333740234375 0.115089416503906 0.137725830078125 0.0750656127929688
0.120834350585938 0.0590057373046875 0.195159912109375 0.014617919921875
0.135246276855469 0.0438308715820313 0.223724365234375 -0.0391387939453125
0.141433715820313 -0.010040283203125 0.215179443359375 -0.151290893554688
0.136627197265625 -0.0671157836914063 0.209503173828125 -0.208175659179688
0.105644226074219 -0.0194625854492188 -0.016143798828125 0.0851516723632813
0.0865936279296875 0.0272064208984375 -0.0549392700195312 0.0129203796386719
0.0747833251953125 0.0655899047851563 -0.125526428222656 -0.07586669921875
0.0394439697265625 0.0820693969726563 -0.14239501953125 -0.161483764648438
0.0034942626953125 0.103370666503906 -0.0808868408203125 -0.230972290039063
-0.0131607055664063 0.114212036132812 -0.016815185546875 -0.256057739257812
-0.0149993896484375 0.0960769653320312 0.01715087890625 -0.214340209960937
-0.0157089233398437 0.0868377685546875 0.0324478149414062 -0.136711120605469
0.00460052490234374 0.0931625366210938 0.0333709716796875 -0.037445068359375
0.0312881469726563 0.0910568237304688 0.0527000427246094 0.045867919921875
0.049835205078125 0.0778579711914063 0.117317199707031 0.06634521484375
0.0789337158203125 0.040313720703125 0.187149047851563 0.0148773193359375
0.0887603759765625 0.0287017822265625 0.2335205078125 -0.04638671875
0.0937423706054687 -0.001678466796875 0.244003295898438 -0.166290283203125
0.0968170166015625 -0.038116455078125 0.252548217773438 -0.222854614257813
-0.0259914398193359 -0.0117301940917969 -0.2569580078125 0.250762939453125
-0.0482711791992188 0.00287628173828125 -0.25537109375 0.185791015625
-0.0281772613525391 -0.0107097625732422 -0.195602416992188 0.0748138427734375
-0.0274581909179687 -0.0189914703369141 -0.1837158203125 -0.0137939453125
-0.0190544128417969 -0.0128364562988281 -0.096038818359375 -0.032562255859375
-0.0159339904785156 -0.0221443176269531 -0.0436134338378906 0.000289916992187499
-0.015167236328125 -0.0259952545166016 -0.028839111328125 0.0833053588867188
-0.0120086669921875 -0.0327053070068359 -0.032440185546875 0.166397094726563
-0.00409698486328125 -0.0365219116210937 -0.00860595703124998 0.239212036132813
-0.0108394622802734 -0.0325431823730469 0.0400848388671875 0.268081665039063
-0.0113449096679688 -0.0339031219482422 0.14111328125 0.21551513671875
-0.0188331604003906 -0.0355262756347656 0.165786743164063 0.11114501953125
-0.0195541381835938 -0.0377464294433594 0.1280517578125 0.0315704345703125
-0.0436248779296875 -0.0137748718261719 0.0426597595214844 -0.0250511169433594
-0.0383758544921875 -0.0158462524414063 -0.0292434692382813 -0.098541259765625
0.0351982116699219 -0.0415191650390625 -0.261016845703125 0.239822387695313
0.0116844177246094 -0.012721061706543 -0.258712768554688 0.168563842773438
0.0325164794921875 -0.000963211059570312 -0.204635620117188 0.0586090087890625
0.0196914672851563 0.00957107543945313 -0.182296752929688 -0.0262603759765625
0.008636474609375 0.0311603546142578 -0.0933456420898437 -0.0419082641601563
-0.00278091430664062 0.0371971130371094 -0.0383338928222656 -0.00192642211914062
-0.0156288146972656 0.0367088317871094 -0.0217971801757813 0.083709716796875
-0.0324859619140625 0.02593994140625 -0.020172119140625 0.163681030273438
-0.0320720672607422 0.0297775268554688 0.011383056640625 0.2398681640625
-0.0303077697753906 0.0344448089599609 0.06536865234375 0.266357421875
-0.0122814178466797 0.0311012268066406 0.158905029296875 0.205657958984375
0.0180110931396484 0.0169830322265625 0.1739501953125 0.0979156494140625
0.0311145782470703 0.00816917419433594 0.127037048339844 0.02496337890625
0.0251064300537109 -0.00185585021972656 0.039642333984375 -0.0324478149414063
0.0222663879394531 -0.0389938354492188 -0.0344696044921875 -0.102638244628906
0.0955047607421875 -0.0647430419921875 -0.248748779296875 0.2186279296875
0.0718917846679688 -0.02130126953125 -0.251251220703125 0.14166259765625
0.0907135009765625 0.0167160034179688 -0.213333129882813 0.035614013671875
0.0620613098144531 0.0450325012207031 -0.185623168945313 -0.0452423095703125
0.0299835205078125 0.0803756713867188 -0.0984039306640625 -0.059722900390625
0.0032958984375 0.0973663330078125 -0.0405998229980469 -0.019500732421875
-0.019805908203125 0.0960235595703125 -0.0179824829101563 0.0634956359863281
-0.048370361328125 0.0810623168945313 -0.00474548339843749 0.137153625488281
-0.0472640991210938 0.0932693481445312 0.036865234375 0.216110229492188
-0.0314254760742188 0.101142883300781 0.0974273681640625 0.244644165039063
0.00522613525390624 0.093048095703125 0.179718017578125 0.181793212890625
0.0653038024902344 0.0600051879882813 0.185775756835938 0.0767364501953125
0.086090087890625 0.0442657470703125 0.138191223144531 0.015533447265625
0.0903778076171875 0.002288818359375 0.0545234680175781 -0.0459709167480469
0.079071044921875 -0.0628280639648438 -0.0153350830078125 -0.114944458007813
0.144943237304688 -0.0762786865234375 -0.215988159179688 0.18865966796875
0.124076843261719 -0.01934814453125 -0.227203369140625 0.105621337890625
0.138442993164063 0.0422592163085937 -0.213638305664063 0.00552368164062503
0.0925140380859375 0.0857696533203125 -0.187973022460938 -0.0694427490234375
0.0396041870117187 0.128852844238281 -0.107025146484375 -0.0895614624023437
-0.000289916992187488 0.151336669921875 -0.046875 -0.0532722473144531
-0.02655029296875 0.143905639648438 -0.0159568786621094 0.0236167907714844
-0.0569229125976563 0.1253662109375 0.0100631713867188 0.0904159545898438
-0.045806884765625 0.1439208984375 0.0581512451171875 0.168548583984375
-0.011199951171875 0.152862548828125 0.120208740234375 0.200424194335937
0.0406417846679688 0.137413024902344 0.190719604492188 0.144973754882813
0.114418029785156 0.0820541381835938 0.19708251953125 0.050262451171875
0.135513305664063 0.06085205078125 0.157241821289063 0.001129150390625
0.141998291015625 -0.0036773681640625 0.085205078125 -0.0680084228515625
0.123321533203125 -0.08294677734375 0.0245819091796875 -0.133293151855469
0.175048828125 -0.0764923095703125 -0.16815185546875 0.157363891601563
0.156723022460938 -0.006866455078125 -0.187210083007812 0.069671630859375
0.162994384765625 0.0699615478515625 -0.202774047851563 -0.026397705078125
0.103065490722656 0.120285034179688 -0.18438720703125 -0.09796142578125
0.0356292724609375 0.164031982421875 -0.110404968261719 -0.128669738769531
-0.0117340087890625 0.185653686523438 -0.0500259399414062 -0.10443115234375
-0.0340728759765625 0.17010498046875 -0.0119686126708984 -0.0345134735107422
-0.0561981201171875 0.149917602539063 0.0221786499023437 0.02972412109375
-0.0314483642578125 0.169189453125 0.0669174194335937 0.107749938964844
0.01824951171875 0.1751708984375 0.1207275390625 0.147354125976563
0.0752105712890625 0.14996337890625 0.183547973632812 0.1063232421875
0.146163940429688 0.0807647705078125 0.199935913085938 0.023651123046875
0.164505004882813 0.058685302734375 0.179916381835938 -0.0191802978515625
0.168228149414063 -0.0147552490234375 0.124237060546875 -0.0999221801757813
0.146881103515625 -0.0943450927734375 0.078216552734375 -0.161041259765625
0.17755126953125 -0.0652618408203125 -0.110145568847656 0.127349853515625
0.159805297851562 0.009246826171875 -0.137153625488281 0.04150390625
0.156646728515625 0.08758544921875 -0.179611206054688 -0.0506744384765625
0.0907363891601563 0.133987426757813 -0.174209594726562 -0.122802734375
0.021514892578125 0.171524047851563 -0.10693359375 -0.168930053710938
-0.0225982666015625 0.189834594726563 -0.0458831787109375 -0.160675048828125
-0.0362548828125 0.169647216796875 -0.00482940673828126 -0.100227355957031
-0.046783447265625 0.150436401367188 0.0286350250244141 -0.0350265502929687
-0.0135345458984375 0.1656494140625 0.0612869262695313 0.044952392578125
0.0398101806640625 0.165023803710937 0.103553771972656 0.0973968505859375
0.0900115966796875 0.136245727539063 0.162704467773438 0.076385498046875
0.14776611328125 0.0652923583984375 0.195770263671875 0.004638671875
0.163436889648438 0.04656982421875 0.199066162109375 -0.040557861328125
0.165313720703125 -0.0220794677734375 0.16357421875 -0.134780883789063
0.148345947265625 -0.0916748046875 0.135360717773438 -0.191452026367188
0.151626586914063 -0.0477294921875 -0.0539627075195312 0.106704711914063
0.133491516113281 0.0205154418945313 -0.0886688232421875 0.0264205932617187
0.123703002929688 0.0843429565429687 -0.153305053710938 -0.062713623046875
0.0662765502929688 0.11810302734375 -0.159881591796875 -0.137847900390625
0.01019287109375 0.146865844726563 -0.0977783203125 -0.1995849609375
-0.0218353271484375 0.161285400390625 -0.0360870361328125 -0.211456298828125
-0.0275115966796875 0.141510009765625 0.00332641601562501 -0.162384033203125
-0.0309829711914063 0.126861572265625 0.0293121337890625 -0.0933151245117187
0.000404357910156254 0.135963439941406 0.047027587890625 -0.00638961791992187
0.0447998046875 0.131301879882813 0.0775604248046875 0.0610122680664063
0.0800933837890625 0.107589721679687 0.137054443359375 0.0592041015625
0.121711730957031 0.0485382080078125 0.18670654296875 -0.00323486328125
0.134941101074219 0.032928466796875 0.212371826171875 -0.056396484375
0.137107849121094 -0.0193710327148438 0.19635009765625 -0.164291381835938
0.128097534179687 -0.0743637084960937 0.187667846679688 -0.22027587890625
0.101554870605469 -0.0269088745117188 -0.00936126708984375 0.0919570922851563
0.0853347778320313 0.02032470703125 -0.0533790588378906 0.0219841003417969
0.0762252807617188 0.0584716796875 -0.131195068359375 -0.0608062744140625
0.0419921875 0.0771102905273438 -0.152053833007813 -0.14276123046875
0.01129150390625 0.0988693237304687 -0.095367431640625 -0.215484619140625
-0.005462646484375 0.110786437988281 -0.0333709716796875 -0.245880126953125
-0.00818634033203124 0.0931320190429688 0.00433349609375 -0.208221435546875
-0.0106658935546875 0.0849227905273438 0.02392578125 -0.137489318847656
0.00958251953124999 0.0890274047851563 0.031341552734375 -0.044158935546875
0.0367355346679688 0.0853424072265625 0.054931640625 0.0372200012207031
0.0546646118164063 0.0720291137695313 0.115982055664063 0.0524444580078125
0.0791244506835938 0.0332717895507813 0.1783447265625 -0.000961303710937498
0.0886077880859375 0.0211868286132813 0.220947265625 -0.0628204345703125
0.0913619995117187 -0.0079193115234375 0.22314453125 -0.180343627929688
0.0916290283203125 -0.0443344116210937 0.228179931640625 -0.236785888671875
-0.0260429382324219 -0.0101776123046875 -0.242782592773437 0.258255004882813
-0.0466766357421875 0.00632476806640625 -0.241378784179687 0.193099975585938
-0.0289478302001953 -0.00959014892578125 -0.186538696289063 0.079254150390625
-0.0283050537109375 -0.0172042846679687 -0.17828369140625 -0.00617980957031251
-0.0179061889648438 -0.0112590789794922 -0.0919723510742188 -0.027496337890625
-0.0163097381591797 -0.0210590362548828 -0.0418663024902344 0.003936767578125
-0.0156326293945313 -0.02508544921875 -0.0260467529296875 0.0861968994140625
-0.0133838653564453 -0.0311698913574219 -0.02703857421875 0.165328979492188
-0.00593948364257813 -0.0359840393066406 -0.00314331054687501 0.234100341796875
-0.0117969512939453 -0.0314788818359375 0.045989990234375 0.25970458984375
-0.0122737884521484 -0.0328330993652344 0.146102905273438 0.203506469726563
-0.0201797485351563 -0.0344600677490234 0.167755126953125 0.09912109375
-0.0208625793457031 -0.0362815856933594 0.128547668457031 0.0208282470703125
-0.0416145324707031 -0.0106048583984375 0.0421371459960938 -0.0327720642089844
-0.0375900268554688 -0.0141563415527344 -0.0308685302734375 -0.103111267089844
0.0335845947265625 -0.0420150756835938 -0.247283935546875 0.247314453125
0.0122232437133789 -0.0110921859741211 -0.245941162109375 0.176666259765625
0.0318565368652344 -0.00201797485351563 -0.196304321289063 0.0641937255859375
0.0191154479980469 0.00960159301757813 -0.176910400390625 -0.0185546875
0.0104331970214844 0.0311660766601562 -0.0898056030273438 -0.0364990234375
-0.00109481811523437 0.0373916625976563 -0.0361557006835937 0.00127792358398437
-0.0145072937011719 0.0369415283203125 -0.0191497802734375 0.0859451293945313
-0.0331592559814453 0.0272808074951172 -0.0149383544921875 0.162368774414063
-0.0330772399902344 0.0299167633056641 0.0166168212890625 0.23431396484375
-0.0308551788330078 0.0348186492919922 0.0715789794921875 0.25799560546875
-0.0128192901611328 0.0311412811279297 0.162612915039063 0.193252563476563
0.0158138275146484 0.0166349411010742 0.175155639648437 0.0859222412109375
0.0299758911132813 0.00797843933105469 0.127517700195313 0.0142059326171875
0.0249767303466797 -0.000598907470703125 0.0391921997070313 -0.03936767578125
0.0205802917480469 -0.0384368896484375 -0.0368804931640625 -0.106719970703125
0.0925750732421875 -0.0669097900390625 -0.23638916015625 0.226959228515625
0.071533203125 -0.0216445922851563 -0.238510131835937 0.150314331054688
0.091033935546875 0.014068603515625 -0.205841064453125 0.0423126220703125
0.062164306640625 0.0439910888671875 -0.180816650390625 -0.036407470703125
0.0326614379882813 0.0790176391601563 -0.0959243774414063 -0.0543670654296875
0.0069580078125 0.0969314575195312 -0.0397377014160156 -0.01593017578125
-0.0171279907226562 0.0958023071289063 -0.0161857604980469 0.0655899047851563
-0.0482864379882813 0.0820770263671875 -0.00123596191406249 0.135223388671875
-0.047119140625 0.0936126708984375 0.042236328125 0.209091186523438
-0.03082275390625 0.100830078125 0.102615356445313 0.234603881835938
0.00646209716796874 0.0928497314453125 0.182205200195313 0.168716430664063
0.0634002685546875 0.0583839416503906 0.185302734375 0.065093994140625
0.0856094360351563 0.0424423217773438 0.137229919433594 0.00518798828125
0.0894393920898438 0.00238800048828125 0.0532417297363281 -0.0523681640625
0.075775146484375 -0.0626983642578125 -0.0181655883789063 -0.118087768554687
0.140640258789063 -0.079925537109375 -0.204376220703125 0.196395874023438
0.122322082519531 -0.0209426879882813 -0.217361450195313 0.11370849609375
0.137702941894531 0.0385818481445312 -0.20843505859375 0.014251708984375
0.0930557250976562 0.0838699340820313 -0.18408203125 -0.059814453125
0.0430450439453125 0.126792907714844 -0.105705261230469 -0.0828781127929688
0.00421142578124999 0.150177001953125 -0.0472221374511719 -0.049407958984375
-0.02313232421875 0.142822265625 -0.0154209136962891 0.0249805450439453
-0.0555953979492187 0.125625610351562 0.01251220703125 0.0876083374023438
-0.04425048828125 0.143341064453125 0.062835693359375 0.161148071289063
-0.00924682617187501 0.152435302734375 0.124420166015625 0.190170288085938
0.0428619384765625 0.135856628417969 0.191207885742188 0.131683349609375
0.113868713378906 0.0787353515625 0.193740844726563 0.0386962890625
0.136039733886719 0.0574951171875 0.154830932617188 -0.0083160400390625
0.139915466308594 -0.005035400390625 0.0818939208984375 -0.0735092163085938
0.118583679199219 -0.0833282470703125 0.019805908203125 -0.136329650878906
0.170989990234375 -0.081268310546875 -0.15789794921875 0.164932250976562
0.153976440429687 -0.009857177734375 -0.179290771484375 0.0782012939453125
0.162384033203125 0.0654754638671875 -0.19964599609375 -0.0169219970703125
0.103622436523438 0.11785888671875 -0.183258056640625 -0.0868682861328124
0.039154052734375 0.160934448242188 -0.111412048339844 -0.121505737304688
-0.00607299804687501 0.184234619140625 -0.05206298828125 -0.100090026855469
-0.0300750732421875 0.168716430664063 -0.0125789642333984 -0.0324039459228515
-0.0543060302734375 0.149505615234375 0.0230636596679687 0.0267066955566406
-0.0289306640625 0.1680908203125 0.0702285766601563 0.0998611450195313
0.0218353271484375 0.172775268554687 0.123817443847656 0.137588500976562
0.078369140625 0.14788818359375 0.182144165039063 0.094390869140625
0.146102905273438 0.076416015625 0.194992065429688 0.013427734375
0.1650390625 0.0535736083984375 0.175765991210938 -0.028533935546875
0.165847778320313 -0.017791748046875 0.118537902832031 -0.10467529296875
0.141494750976562 -0.0960845947265625 0.0714569091796875 -0.164352416992188
0.173294067382813 -0.07049560546875 -0.102149963378906 0.134773254394531
0.15728759765625 0.0059814453125 -0.132514953613281 0.049163818359375
0.155853271484375 0.0834503173828125 -0.179290771484375 -0.0404052734375
0.0914764404296875 0.131515502929688 -0.174087524414063 -0.111129760742187
0.0251922607421875 0.168228149414063 -0.109786987304687 -0.161163330078125
-0.0178375244140625 0.187088012695313 -0.049652099609375 -0.155960083007813
-0.032623291015625 0.167129516601562 -0.006866455078125 -0.0976028442382812
-0.044769287109375 0.149658203125 0.0281295776367188 -0.037384033203125
-0.011077880859375 0.163192749023438 0.0631065368652344 0.0373764038085938
0.0435638427734375 0.161773681640625 0.105476379394531 0.08831787109375
0.09368896484375 0.133018493652344 0.160018920898438 0.0668182373046875
0.147674560546875 0.0605926513671875 0.18927001953125 -0.0038909912109375
0.163864135742188 0.04132080078125 0.19354248046875 -0.04888916015625
0.162582397460938 -0.02508544921875 0.15557861328125 -0.139022827148438
0.143341064453125 -0.0937957763671875 0.126510620117188 -0.195480346679688
0.147903442382812 -0.052337646484375 -0.0478973388671875 0.113128662109375
0.130889892578125 0.0171279907226563 -0.0858688354492187 0.0337677001953125
0.122817993164063 0.0807266235351563 -0.153976440429688 -0.05206298828125
0.06597900390625 0.115257263183594 -0.162384033203125 -0.12640380859375
0.01336669921875 0.143173217773438 -0.101882934570313 -0.191848754882813
-0.0178680419921875 0.158294677734375 -0.041656494140625 -0.205520629882813
-0.024627685546875 0.138694763183594 -0.000534057617187498 -0.15899658203125
-0.0287094116210938 0.125572204589844 0.0271682739257813 -0.095001220703125
0.00227355957031251 0.133079528808594 0.0472908020019531 -0.0134544372558594
0.0482559204101563 0.127662658691406 0.078704833984375 0.0536346435546875
0.0834503173828125 0.103973388671875 0.133934020996094 0.0512161254882813
0.121726989746094 0.0443954467773437 0.179595947265625 -0.0106201171875
0.135261535644531 0.0282211303710938 0.2054443359375 -0.06396484375
0.135147094726563 -0.0225372314453125 0.18719482421875 -0.168563842773438
0.124443054199219 -0.0770645141601563 0.1766357421875 -0.224227905273438
0.0989761352539063 -0.0300750732421875 -0.004669189453125 0.0977020263671875
0.084014892578125 0.0183334350585938 -0.0518150329589844 0.0291519165039062
0.0751495361328125 0.0556411743164063 -0.133979797363281 -0.0503158569335938
0.0421905517578125 0.0752334594726563 -0.15570068359375 -0.130966186523438
0.0134735107421875 0.095977783203125 -0.100311279296875 -0.207229614257812
-0.00235748291015624 0.107566833496094 -0.039520263671875 -0.239334106445313
-0.00624847412109375 0.089691162109375 4.57763671875185E-05 -0.204925537109375
-0.00936889648437501 0.0826644897460938 0.0213546752929688 -0.137527465820313
0.0105819702148438 0.086151123046875 0.0305213928222656 -0.0503921508789062
0.0385284423828125 0.0815887451171875 0.0557212829589844 0.031280517578125
0.057586669921875 0.0688896179199219 0.112541198730469 0.0455245971679688
0.07891845703125 0.0299606323242187 0.170822143554688 -0.008270263671875
0.0884780883789063 0.017974853515625 0.21319580078125 -0.0699310302734375
0.089874267578125 -0.0108795166015625 0.212249755859375 -0.185440063476563
0.0891494750976562 -0.0469131469726563 0.215972900390625 -0.2418212890625
-0.0262565612792969 -0.00940895080566406 -0.239334106445313 0.272354125976563
-0.0460662841796875 0.00940704345703125 -0.237899780273437 0.204788208007813
-0.0305061340332031 -0.00830459594726563 -0.184494018554688 0.0847015380859375
-0.0302505493164063 -0.0156288146972656 -0.178070068359375 -0.000305175781249963
-0.0173892974853516 -0.0109272003173828 -0.090850830078125 -0.02532958984375
-0.0169486999511719 -0.0213069915771484 -0.0416221618652344 0.00778198242187499
-0.0164127349853516 -0.024932861328125 -0.024688720703125 0.0923614501953125
-0.0147953033447266 -0.0312385559082031 -0.0238494873046875 0.170852661132812
-0.00810623168945313 -0.0365715026855469 -0.000396728515624981 0.237701416015625
-0.0130100250244141 -0.0310935974121094 0.0521697998046875 0.26141357421875
-0.0132770538330078 -0.0328807830810547 0.153732299804687 0.199295043945312
-0.0223503112792969 -0.0344257354736328 0.174148559570313 0.0920867919921875
-0.0222930908203125 -0.0366401672363281 0.132537841796875 0.0116729736328125
-0.0415267944335938 -0.009124755859375 0.0422935485839844 -0.0416069030761719
-0.0385627746582031 -0.0130844116210938 -0.0348663330078125 -0.111106872558594
0.0344314575195313 -0.0436363220214844 -0.243865966796875 0.26220703125
0.0138187408447266 -0.0102910995483398 -0.242996215820313 0.188095092773437
0.0323619842529297 -0.00194358825683594 -0.195877075195313 0.07080078125
0.0194988250732422 0.0106124877929687 -0.177780151367187 -0.0127105712890625
0.0127964019775391 0.0321884155273438 -0.0895919799804687 -0.0343017578125
0.00102996826171875 0.0385360717773438 -0.0363883972167969 0.00446319580078126
-0.014251708984375 0.0383453369140625 -0.0173721313476563 0.0915145874023437
-0.0347900390625 0.0296382904052734 -0.0119476318359375 0.166671752929688
-0.0355606079101563 0.0323677062988281 0.02056884765625 0.236801147460937
-0.0324516296386719 0.0371818542480469 0.078094482421875 0.258621215820313
-0.0136890411376953 0.0331363677978516 0.1708984375 0.189315795898438
0.0148677825927734 0.0174751281738281 0.181228637695313 0.0785675048828125
0.030029296875 0.00824165344238281 0.131500244140625 0.00531768798828125
0.02630615234375 0.0008697509765625 0.039093017578125 -0.0474433898925781
0.0207481384277344 -0.0385246276855469 -0.04083251953125 -0.114067077636719
0.09442138671875 -0.07122802734375 -0.232986450195312 0.240829467773438
0.0736846923828125 -0.0223846435546875 -0.23663330078125 0.160980224609375
0.0934295654296875 0.0131454467773437 -0.2066650390625 0.0494842529296875
0.0647659301757813 0.0458602905273438 -0.181930541992187 -0.0301971435546875
0.0360794067382813 0.081024169921875 -0.0971603393554688 -0.0518569946289062
0.0101394653320313 0.0994186401367188 -0.0404777526855469 -0.0136489868164062
-0.0156402587890625 0.0986785888671875 -0.0152359008789063 0.0701408386230469
-0.0498428344726563 0.0863800048828125 0.00183868408203126 0.138191223144531
-0.0489501953125 0.097900390625 0.046844482421875 0.210678100585938
-0.0313796997070313 0.105056762695313 0.1102294921875 0.234649658203125
0.00656127929687501 0.0962753295898438 0.18951416015625 0.163619995117188
0.0642852783203125 0.0597991943359375 0.190536499023438 0.0571746826171875
0.0880355834960938 0.0427093505859375 0.140411376953125 -0.00421142578125
0.09271240234375 0.0027618408203125 0.0527191162109375 -0.0601844787597656
0.0763397216796875 -0.0642929077148438 -0.022705078125 -0.125358581542969
0.14385986328125 -0.0857696533203125 -0.201858520507812 0.209548950195313
0.125740051269531 -0.022674560546875 -0.215682983398438 0.123809814453125
0.142471313476563 0.0378570556640625 -0.2099609375 0.021484375
0.0973281860351563 0.0858078002929687 -0.186492919921875 -0.0538787841796875
0.0471954345703125 0.129928588867187 -0.108917236328125 -0.0809402465820313
0.00848388671875 0.15423583984375 -0.0493354797363281 -0.0483169555664062
-0.02130126953125 0.146926879882813 -0.0149974822998047 0.0283470153808594
-0.05615234375 0.130851745605469 0.0151290893554687 0.088592529296875
-0.0451507568359375 0.148361206054688 0.0682830810546875 0.159591674804688
-0.00834655761718751 0.156845092773437 0.13201904296875 0.18792724609375
0.0458831787109375 0.139739990234375 0.197525024414063 0.1260986328125
0.116935729980469 0.0797271728515625 0.196975708007813 0.0312347412109375
0.141281127929688 0.0573272705078125 0.157028198242188 -0.0173797607421875
0.143966674804688 -0.0062103271484375 0.0814437866210938 -0.0810546875
0.11968994140625 -0.0867996215820313 0.01593017578125 -0.14385986328125
0.173477172851562 -0.0883331298828125 -0.154449462890625 0.176910400390625
0.157241821289063 -0.011871337890625 -0.178482055664062 0.08746337890625
0.167877197265625 0.065185546875 -0.203201293945313 -0.00888061523437502
0.10797119140625 0.12042236328125 -0.186538696289063 -0.081146240234375
0.042755126953125 0.164932250976563 -0.116294860839844 -0.120162963867187
-0.00277709960937499 0.188430786132813 -0.055908203125 -0.099945068359375
-0.028656005859375 0.172607421875 -0.0136089324951172 -0.0312519073486328
-0.05426025390625 0.154739379882813 0.02471923828125 0.025716781616211
-0.029388427734375 0.1732177734375 0.0748519897460938 0.0955429077148438
0.0248260498046875 0.177032470703125 0.129981994628906 0.133529663085938
0.084136962890625 0.15087890625 0.186431884765625 0.0881500244140625
0.150909423828125 0.0758209228515625 0.196380615234375 0.005523681640625
0.17156982421875 0.0517120361328125 0.177627563476563 -0.037078857421875
0.170440673828125 -0.020263671875 0.1175537109375 -0.112510681152344
0.142471313476563 -0.100418090820313 0.0673675537109375 -0.172760009765625
0.176467895507813 -0.0766754150390625 -0.0982208251953124 0.145721435546875
0.160446166992188 0.004180908203125 -0.131126403808594 0.0578994750976562
0.160903930664063 0.083740234375 -0.183990478515625 -0.032318115234375
0.0947723388671875 0.134437561035156 -0.179733276367188 -0.10552978515625
0.0279083251953125 0.171371459960938 -0.117156982421875 -0.160720825195313
-0.0149688720703125 0.191909790039063 -0.0548553466796875 -0.157501220703125
-0.031280517578125 0.170883178710938 -0.00844573974609375 -0.0984573364257812
-0.0444488525390625 0.154159545898438 0.0289726257324219 -0.0404777526855469
-0.010498046875 0.167648315429688 0.0658149719238281 0.0313682556152344
0.0475921630859375 0.164352416992188 0.109703063964844 0.0836563110351563
0.100143432617188 0.134262084960938 0.162826538085937 0.0605926513671875
0.15301513671875 0.0594024658203125 0.188720703125 -0.010589599609375
0.170028686523438 0.0384674072265625 0.194366455078125 -0.05767822265625
0.166839599609375 -0.028961181640625 0.15435791015625 -0.147903442382813
0.144317626953125 -0.09912109375 0.122894287109375 -0.205322265625
0.14996337890625 -0.057861328125 -0.0429534912109375 0.123123168945312
0.133651733398438 0.0160980224609375 -0.0853958129882812 0.0417098999023437
0.126174926757813 0.0816192626953125 -0.160125732421875 -0.0438995361328125
0.0683135986328125 0.11767578125 -0.169036865234375 -0.121017456054688
0.015289306640625 0.145492553710938 -0.110153198242188 -0.191864013671875
-0.01654052734375 0.160720825195313 -0.047149658203125 -0.208663940429688
-0.0244140625 0.140960693359375 -0.00205993652343752 -0.160903930664062
-0.0289306640625 0.128715515136719 0.0272293090820313 -0.0997772216796875
0.00299072265625001 0.136116027832031 0.0479965209960938 -0.0208587646484375
0.0520477294921875 0.128448486328125 0.081695556640625 0.0484390258789063
0.0898971557617188 0.103607177734375 0.134925842285156 0.046539306640625
0.125778198242188 0.0426406860351563 0.1781005859375 -0.0165863037109375
0.140296936035156 0.024993896484375 0.205520629882813 -0.072509765625
0.138359069824219 -0.0262374877929688 0.18487548828125 -0.178237915039063
0.125274658203125 -0.0818634033203125 0.173446655273438 -0.235733032226563
0.100929260253906 -0.0343017578125 0.000709533691406258 0.107124328613281
0.0860824584960938 0.0181198120117188 -0.0514564514160156 0.037078857421875
0.0770416259765625 0.0559844970703125 -0.140144348144531 -0.0423126220703125
0.04327392578125 0.0759735107421875 -0.163986206054688 -0.125595092773438
0.0158004760742187 0.0960311889648438 -0.108718872070313 -0.207611083984375
-0.0011749267578125 0.108222961425781 -0.0457611083984375 -0.242767333984375
-0.00569915771484376 0.0901718139648438 -0.00195312500000002 -0.207931518554687
-0.00894927978515626 0.084381103515625 0.0206756591796875 -0.143325805664063
0.0109481811523437 0.0871124267578125 0.0292320251464844 -0.0574226379394531
0.0409317016601563 0.0812530517578125 0.0574264526367188 0.0259246826171875
0.0616111755371094 0.0678024291992188 0.113533020019531 0.0417633056640625
0.0812301635742188 0.0285491943359375 0.169357299804688 -0.012847900390625
0.0919265747070313 0.0152359008789063 0.21240234375 -0.0780487060546875
0.092529296875 -0.013214111328125 0.209854125976562 -0.195846557617187
0.0897369384765625 -0.050384521484375 0.213363647460937 -0.255508422851563
-0.0267887115478516 -0.00832557678222657 -0.230255126953125 0.299835205078125
-0.0458297729492188 0.0145225524902344 -0.231735229492187 0.227874755859375
-0.0326271057128906 -0.00533866882324219 -0.183639526367188 0.0971527099609375
-0.0327625274658203 -0.0133266448974609 -0.181869506835938 0.0109710693359375
-0.017420768737793 -0.0111541748046875 -0.0925827026367188 -0.02032470703125
-0.0182971954345703 -0.0208816528320312 -0.0416069030761719 0.0135688781738281
-0.018798828125 -0.0251026153564453 -0.0198135375976563 0.101585388183594
-0.0173358917236328 -0.0308361053466797 -0.0154571533203125 0.179962158203125
-0.0114097595214844 -0.0374679565429688 0.0108795166015625 0.246200561523438
-0.0157699584960937 -0.0315494537353516 0.0672454833984375 0.2652587890625
-0.0156326293945312 -0.0328273773193359 0.170440673828125 0.19390869140625
-0.0261898040771484 -0.0335941314697266 0.18634033203125 0.0807952880859375
-0.0258064270019531 -0.0368194580078125 0.137741088867188 -0.00196075439453125
-0.04205322265625 -0.00654602050781249 0.0405387878417969 -0.0521697998046875
-0.0401535034179687 -0.0111351013183594 -0.0447921752929688 -0.119758605957031
0.0345001220703125 -0.0477485656738281 -0.236663818359375 0.2900390625
0.0154561996459961 -0.0101842880249023 -0.237823486328125 0.210647583007813
0.0338726043701172 -0.0025787353515625 -0.195343017578125 0.08453369140625
0.0211620330810547 0.0115871429443359 -0.181365966796875 -0.00219726562500001
0.01666259765625 0.03289794921875 -0.091949462890625 -0.0292892456054688
0.00336837768554688 0.0403671264648437 -0.0367088317871094 0.00939559936523438
-0.0132102966308594 0.0412330627441406 -0.0123443603515625 0.0998687744140625
-0.0356864929199219 0.0332717895507813 -0.00369262695312501 0.174606323242188
-0.0372085571289063 0.0363044738769531 0.0322265625 0.244064331054688
-0.0338020324707031 0.0410690307617187 0.09405517578125 0.261566162109375
-0.0142745971679687 0.03656005859375 0.187911987304688 0.182540893554688
0.0143337249755859 0.0188999176025391 0.192306518554688 0.0659942626953125
0.0308170318603516 0.0072784423828125 0.136886596679688 -0.00839996337890625
0.0289554595947266 0.00119209289550781 0.0367050170898438 -0.0580329895019531
0.0196914672851563 -0.0400428771972656 -0.0512847900390625 -0.12188720703125
0.0951766967773437 -0.0806503295898438 -0.225357055664063 0.2677001953125
0.0768814086914063 -0.0260009765625 -0.232223510742187 0.182769775390625
0.0987701416015625 0.00982666015625 -0.20843505859375 0.0641021728515625
0.0705032348632813 0.0453033447265625 -0.187255859375 -0.0196380615234375
0.0435104370117188 0.0830612182617188 -0.101692199707031 -0.0469512939453125
0.0169906616210937 0.10333251953125 -0.0424537658691406 -0.00927734375
-0.0112533569335938 0.104240417480469 -0.0112762451171875 0.0768585205078125
-0.0486373901367188 0.0938491821289063 0.0093536376953125 0.143417358398438
-0.0486907958984375 0.106300354003906 0.05963134765625 0.2144775390625
-0.029815673828125 0.112228393554687 0.127365112304688 0.234359741210938
0.0106124877929688 0.101722717285156 0.205551147460938 0.155181884765625
0.0682373046875 0.0603866577148438 0.199996948242188 0.043731689453125
0.0936965942382813 0.0401611328125 0.144683837890625 -0.0178680419921875
0.0969085693359375 0.0001373291015625 0.05023193359375 -0.0704727172851563
0.0760040283203125 -0.0694808959960938 -0.032989501953125 -0.133499145507813
0.145675659179687 -0.09912109375 -0.194381713867188 0.233200073242187
0.130813598632813 -0.0292205810546875 -0.212875366210938 0.143585205078125
0.151412963867188 0.0325775146484375 -0.214553833007813 0.036834716796875
0.106643676757812 0.086029052734375 -0.1934814453125 -0.043243408203125
0.0570297241210938 0.133819580078125 -0.1168212890625 -0.0757598876953125
0.0179901123046875 0.1602783203125 -0.0550270080566406 -0.0450057983398438
-0.014923095703125 0.154312133789063 -0.0138053894042969 0.0330657958984375
-0.0539016723632813 0.140106201171875 0.0206451416015625 0.0904617309570313
-0.0420379638671875 0.1593017578125 0.0796051025390625 0.159042358398438
-0.0016937255859375 0.165008544921875 0.1475830078125 0.1842041015625
0.0546722412109375 0.144927978515625 0.210891723632812 0.115921020507813
0.125579833984375 0.07843017578125 0.203994750976563 0.0173187255859375
0.150543212890625 0.0520172119140625 0.160781860351563 -0.031951904296875
0.1510009765625 -0.012298583984375 0.0783233642578125 -0.0925369262695313
0.119491577148438 -0.09552001953125 0.00604248046875001 -0.154495239257813
0.176620483398438 -0.10284423828125 -0.146209716796875 0.197540283203125
0.16387939453125 -0.019287109375 -0.176193237304687 0.1041259765625
0.178558349609375 0.0605010986328125 -0.210220336914063 0.00643920898437505
0.119354248046875 0.12200927734375 -0.196685791015625 -0.0703582763671875
0.053436279296875 0.170684814453125 -0.1282958984375 -0.115867614746094
0.00730895996093749 0.197067260742188 -0.0655899047851562 -0.0991439819335938
-0.022003173828125 0.18194580078125 -0.0151443481445312 -0.0296058654785156
-0.0504302978515625 0.164642333984375 0.0273914337158203 0.0236911773681641
-0.0236053466796875 0.184219360351562 0.0827865600585937 0.091094970703125
0.0343780517578125 0.183853149414063 0.142745971679688 0.126815795898438
0.09613037109375 0.15338134765625 0.196746826171875 0.0774078369140625
0.16162109375 0.071533203125 0.200775146484375 -0.00791931152343749
0.183334350585938 0.0438232421875 0.179962158203125 -0.0525360107421875
0.177398681640625 -0.0295867919921875 0.113739013671875 -0.126388549804688
0.142822265625 -0.11187744140625 0.0581817626953125 -0.186538696289063
0.179214477539062 -0.0911712646484375 -0.0886993408203124 0.162384033203125
0.167465209960938 -0.0022735595703125 -0.129409790039063 0.0716400146484375
0.17169189453125 0.08087158203125 -0.1922607421875 -0.01824951171875
0.10552978515625 0.137214660644531 -0.1912841796875 -0.0950775146484375
0.0366973876953125 0.177719116210937 -0.132232666015625 -0.157821655273438
-0.00666809082031252 0.199935913085937 -0.067718505859375 -0.159439086914063
-0.02545166015625 0.179183959960937 -0.0130996704101562 -0.100570678710937
-0.0399322509765625 0.163131713867187 0.0284690856933594 -0.0459480285644531
-0.00370788574218752 0.176681518554688 0.0691795349121094 0.0234718322753906
0.057708740234375 0.168502807617187 0.118110656738281 0.0756301879882813
0.112747192382812 0.134422302246094 0.169509887695313 0.0512542724609375
0.163101196289063 0.05377197265625 0.191207885742187 -0.0238800048828125
0.180740356445313 0.029327392578125 0.195999145507813 -0.072723388671875
0.173049926757812 -0.03912353515625 0.149765014648438 -0.16412353515625
0.144790649414063 -0.110916137695313 0.11358642578125 -0.222579956054688
0.153411865234375 -0.0699920654296875 -0.0327072143554687 0.136589050292969
0.13995361328125 0.0119247436523438 -0.0831451416015625 0.05340576171875
0.134284973144531 0.0799026489257812 -0.168930053710937 -0.030426025390625
0.0759353637695312 0.120590209960938 -0.183212280273438 -0.111129760742187
0.0222015380859375 0.149917602539062 -0.126983642578125 -0.190628051757813
-0.0105438232421875 0.16748046875 -0.0619659423828125 -0.213333129882813
-0.0201416015625 0.146377563476563 -0.0092315673828125 -0.166717529296875
-0.0246658325195312 0.135398864746094 0.0237197875976563 -0.107940673828125
0.0090484619140625 0.142318725585938 0.0477676391601562 -0.0300674438476562
0.0608596801757813 0.130165100097656 0.0869216918945313 0.040802001953125
0.100517272949219 0.101638793945313 0.140373229980469 0.037841796875
0.133659362792969 0.0374069213867188 0.1795654296875 -0.027984619140625
0.148223876953125 0.0164947509765625 0.206832885742188 -0.088623046875
0.143280029296875 -0.0351409912109375 0.1802978515625 -0.19671630859375
0.12554931640625 -0.092132568359375 0.164718627929687 -0.256820678710938
0.103233337402344 -0.042388916015625 0.0114364624023438 0.11761474609375
0.0902862548828125 0.015777587890625 -0.0489959716796875 0.0470809936523438
0.082275390625 0.055755615234375 -0.148788452148438 -0.0297393798828125
0.0479354858398437 0.0770492553710938 -0.178558349609375 -0.115737915039063
0.0201873779296875 0.0981597900390625 -0.126449584960938 -0.206466674804688
0.0030670166015625 0.111114501953125 -0.061920166015625 -0.2484130859375
-0.002685546875 0.0920486450195313 -0.0107879638671875 -0.216156005859375
-0.00608825683593749 0.0870742797851563 0.014739990234375 -0.1531982421875
0.0145797729492187 0.0899810791015625 0.02581787109375 -0.0668601989746094
0.046722412109375 0.0809249877929687 0.0604133605957031 0.0190238952636719
0.0683822631835938 0.0661201477050781 0.117195129394531 0.0342254638671875
0.0860977172851563 0.02496337890625 0.170059204101563 -0.02276611328125
0.09613037109375 0.00923919677734375 0.2132568359375 -0.09423828125
0.0960769653320313 -0.0196762084960938 0.204559326171875 -0.216140747070313
0.0901641845703125 -0.0583877563476563 0.20526123046875 -0.279708862304688
-0.0268478393554688 -0.00659751892089844 -0.203460693359375 0.326202392578125
-0.0428352355957031 0.0201911926269531 -0.209884643554688 0.250656127929688
-0.0331687927246094 -0.00134658813476562 -0.174057006835938 0.112457275390625
-0.0340137481689453 -0.00933074951171876 -0.178192138671875 0.0268096923828125
-0.0175724029541016 -0.0106525421142578 -0.0918502807617188 -0.0117874145507812
-0.0201797485351563 -0.0198764801025391 -0.0388870239257813 0.0210838317871094
-0.0221290588378906 -0.0235939025878906 -0.0098419189453125 0.108955383300781
-0.0211811065673828 -0.0294075012207031 -0.0005645751953125 0.184722900390625
-0.015838623046875 -0.0365028381347656 0.0297088623046875 0.247726440429688
-0.0189380645751953 -0.0299491882324219 0.08917236328125 0.258956909179688
-0.0188312530517578 -0.0303478240966797 0.188552856445313 0.175857543945313
-0.0303630828857422 -0.0302352905273437 0.194351196289063 0.060394287109375
-0.0305652618408203 -0.0348606109619141 0.136978149414063 -0.0195846557617188
-0.041900634765625 -0.0026702880859375 0.0345306396484375 -0.0622634887695313
-0.0404472351074219 -0.00761032104492188 -0.0591278076171875 -0.121986389160156
0.0319442749023438 -0.0526504516601563 -0.20941162109375 0.31683349609375
0.0169601440429688 -0.0100584030151367 -0.217849731445312 0.234039306640625
0.0351161956787109 -0.0044097900390625 -0.186935424804688 0.1016845703125
0.0229930877685547 0.0110683441162109 -0.179428100585938 0.0138702392578125
0.0210494995117188 0.0318012237548828 -0.0928802490234375 -0.0205307006835937
0.00762939453125 0.04034423828125 -0.0346946716308594 0.016571044921875
-0.0102310180664063 0.0430030822753906 -0.00262451171875 0.106002807617188
-0.0344390869140625 0.038177490234375 0.0107421875 0.177536010742188
-0.0365791320800781 0.0416793823242187 0.0518646240234375 0.243057250976562
-0.0326614379882813 0.045867919921875 0.115936279296875 0.253143310546875
-0.0124359130859375 0.0398788452148438 0.205108642578125 0.163711547851563
0.0143299102783203 0.0197868347167969 0.198837280273438 0.045806884765625
0.0302028656005859 0.00562858581542969 0.135345458984375 -0.02593994140625
0.0302677154541016 0.000463485717773438 0.0299110412597656 -0.0673179626464844
0.0171470642089844 -0.0406684875488281 -0.0660171508789063 -0.123046875
0.0905609130859375 -0.090972900390625 -0.200714111328125 0.29278564453125
0.0776824951171875 -0.0318832397460937 -0.214584350585938 0.205490112304688
0.102012634277344 0.0025787353515625 -0.2015380859375 0.0832672119140625
0.07647705078125 0.0409088134765625 -0.187088012695313 -0.00238037109374996
0.0530471801757813 0.0807952880859375 -0.104667663574219 -0.036590576171875
0.0271148681640625 0.103172302246094 -0.0430908203125 -0.00216293334960937
-0.00344085693359374 0.106864929199219 -0.00332641601562501 0.0821533203125
-0.0432662963867188 0.100250244140625 0.0212860107421875 0.144302368164063
-0.0427474975585937 0.114677429199219 0.0775299072265625 0.209503173828125
-0.02288818359375 0.118293762207031 0.147598266601563 0.22222900390625
0.0178451538085938 0.104408264160156 0.219940185546875 0.13470458984375
0.0728302001953125 0.0578689575195313 0.20379638671875 0.022735595703125
0.0972900390625 0.0334243774414063 0.141616821289063 -0.0356903076171875
0.100013732910156 -0.005950927734375 0.0420989990234375 -0.0800628662109375
0.07147216796875 -0.0753326416015625 -0.04833984375 -0.135169982910156
0.140052795410156 -0.114883422851562 -0.17205810546875 0.256118774414063
0.130966186523438 -0.0399093627929688 -0.198013305664063 0.16510009765625
0.157608032226563 0.0218963623046875 -0.210464477539063 0.0576019287109375
0.116523742675781 0.0799636840820313 -0.196487426757813 -0.0243072509765625
0.0704498291015625 0.131752014160156 -0.123779296875 -0.0636215209960938
0.0323944091796875 0.161514282226563 -0.0600509643554688 -0.0373611450195313
-0.00329589843750001 0.158782958984375 -0.00984954833984375 0.0372314453125
-0.0443267822265625 0.1474609375 0.028076171875 0.0893478393554688
-0.0312957763671875 0.167739868164063 0.092620849609375 0.151321411132813
0.0101776123046875 0.169586181640625 0.164230346679688 0.169708251953125
0.0670166015625 0.144271850585938 0.221847534179688 0.094573974609375
0.133209228515625 0.0704421997070313 0.204086303710938 -0.003936767578125
0.156951904296875 0.039764404296875 0.156753540039063 -0.050140380859375
0.153106689453125 -0.023895263671875 0.0689544677734375 -0.103218078613281
0.113304138183594 -0.105430603027344 -0.01080322265625 -0.158706665039063
0.170150756835938 -0.12066650390625 -0.125564575195313 0.215072631835937
0.165176391601562 -0.032073974609375 -0.164596557617188 0.122772216796875
0.188018798828125 0.04827880859375 -0.208877563476563 0.0281219482421875
0.131561279296875 0.115737915039062 -0.201889038085938 -0.0511322021484375
0.0684661865234375 0.169754028320313 -0.139915466308594 -0.102699279785156
0.0233001708984375 0.199478149414062 -0.076416015625 -0.0917587280273438
-0.00872802734375001 0.186477661132813 -0.0168724060058594 -0.027017593383789
-0.039031982421875 0.171783447265625 0.0296306610107422 0.0203113555908203
-0.0105133056640625 0.1910400390625 0.089935302734375 0.0808334350585938
0.04901123046875 0.184814453125 0.154098510742188 0.111465454101563
0.110916137695312 0.148193359375 0.20318603515625 0.0571441650390625
0.169967651367187 0.0598602294921875 0.197738647460937 -0.0271453857421875
0.189834594726563 0.028411865234375 0.173919677734375 -0.071441650390625
0.178298950195312 -0.04400634765625 0.101997375488281 -0.139015197753906
0.135101318359375 -0.12408447265625 0.0392608642578125 -0.194931030273438
0.1739501953125 -0.108734130859375 -0.069793701171875 0.175827026367188
0.16986083984375 -0.0143280029296875 -0.120323181152344 0.086456298828125
0.181137084960938 0.0701446533203125 -0.194091796875 0.00341796874999998
0.117713928222656 0.132225036621094 -0.199920654296875 -0.0750732421875
0.051025390625 0.178146362304687 -0.148300170898438 -0.144180297851562
0.00805664062500001 0.203109741210938 -0.084136962890625 -0.152786254882812
-0.0133819580078125 0.18328857421875 -0.0205154418945313 -0.0992507934570313
-0.0288238525390625 0.168701171875 0.0247993469238281 -0.05108642578125
0.00923156738281249 0.181503295898438 0.0701141357421875 0.0130653381347656
0.072174072265625 0.166488647460938 0.124908447265625 0.0614089965820313
0.125900268554688 0.125991821289063 0.17291259765625 0.0337677001953125
0.170089721679688 0.040496826171875 0.186141967773438 -0.04095458984375
0.18658447265625 0.0128326416015625 0.187881469726563 -0.0928802490234375
0.173446655273437 -0.0542144775390625 0.135009765625 -0.179458618164063
0.136405944824219 -0.124313354492188 0.0924530029296875 -0.236083984375
0.149505615234375 -0.08453369140625 -0.014892578125 0.144683837890625
0.14312744140625 0.002410888671875 -0.0754852294921875 0.064971923828125
0.142425537109375 0.0723876953125 -0.1724853515625 -0.0093841552734375
0.0851821899414062 0.117141723632812 -0.193771362304688 -0.09051513671875
0.0330657958984375 0.149765014648438 -0.146575927734375 -0.177490234375
0.0011444091796875 0.169769287109375 -0.082855224609375 -0.208023071289063
-0.010345458984375 0.149063110351563 -0.0217742919921875 -0.167526245117188
-0.0157623291015625 0.138641357421875 0.0153732299804687 -0.114128112792969
0.019439697265625 0.14459228515625 0.0433349609375 -0.0394058227539062
0.071685791015625 0.125991821289063 0.0899124145507813 0.0287322998046875
0.110649108886719 0.0933151245117188 0.141571044921875 0.023956298828125
0.138427734375 0.0256805419921875 0.173873901367187 -0.043731689453125
0.151809692382813 0.002655029296875 0.196929931640625 -0.108047485351562
0.142959594726563 -0.0485076904296875 0.162689208984375 -0.214630126953125
0.1190185546875 -0.104423522949219 0.141799926757813 -0.274810791015625
0.100982666015625 -0.0535812377929688 0.027435302734375 0.12255859375
0.093597412109375 0.00983428955078125 -0.0421409606933594 0.0566024780273437
0.087371826171875 0.0517959594726563 -0.152755737304688 -0.01025390625
0.0531005859375 0.0744400024414063 -0.191314697265625 -0.0952301025390625
0.0276947021484375 0.0962295532226563 -0.146865844726563 -0.193130493164063
0.0104446411132812 0.111175537109375 -0.084259033203125 -0.243331909179687
0.00227355957031249 0.0916748046875 -0.0274810791015625 -0.217453002929688
-0.000442504882812493 0.0881576538085938 0.00216674804687501 -0.159149169921875
0.021270751953125 0.089996337890625 0.0177688598632813 -0.0746536254882813
0.0529327392578125 0.0765838623046875 0.0610160827636719 0.00886535644531251
0.0745162963867188 0.0592269897460938 0.11798095703125 0.0225448608398438
0.08892822265625 0.0174636840820313 0.165176391601563 -0.036712646484375
0.0976943969726563 -0.0002593994140625 0.203109741210937 -0.11370849609375
0.0955352783203125 -0.028839111328125 0.185699462890625 -0.2362060546875
0.0857696533203125 -0.0675125122070313 0.18121337890625 -0.301849365234375
-0.0264053344726563 -0.00531196594238281 -0.170989990234375 0.33282470703125
-0.0374565124511719 0.0233268737792969 -0.183181762695313 0.257965087890625
-0.0315685272216797 0.00208473205566407 -0.158447265625 0.119064331054688
-0.0337715148925781 -0.00589370727539062 -0.16815185546875 0.0380706787109375
-0.0177173614501953 -0.00963211059570313 -0.0866317749023437 -0.00489807128906249
-0.0209274291992188 -0.0179824829101562 -0.0326309204101563 0.0266990661621094
-0.0236663818359375 -0.0207252502441406 0.000770568847656244 0.111083984375
-0.0233783721923828 -0.0259323120117188 0.011871337890625 0.180343627929688
-0.0189895629882813 -0.0337276458740234 0.043853759765625 0.238082885742188
-0.0208644866943359 -0.0266189575195313 0.101608276367188 0.242752075195313
-0.0201377868652344 -0.0271396636962891 0.192733764648438 0.153060913085938
-0.0324058532714844 -0.0261135101318359 0.19061279296875 0.0412445068359375
-0.0331535339355469 -0.0308513641357422 0.1292724609375 -0.0328521728515625
-0.0395278930664062 0.000392913818359376 0.0264205932617187 -0.0677566528320313
-0.039337158203125 -0.00468063354492187 -0.0694046020507813 -0.11798095703125
0.0277824401855469 -0.0547409057617188 -0.177520751953125 0.324066162109375
0.0181484222412109 -0.0101222991943359 -0.190933227539063 0.243118286132812
0.0351390838623047 -0.00578117370605469 -0.171676635742187 0.109756469726563
0.0237159729003906 0.00967788696289063 -0.169525146484375 0.0256805419921875
0.0236263275146484 0.0285091400146484 -0.087982177734375 -0.0121841430664063
0.0107192993164062 0.0389251708984375 -0.0301132202148438 0.0220508575439453
-0.00777435302734375 0.043670654296875 0.0073089599609375 0.107162475585937
-0.0327110290527344 0.0406036376953125 0.0223846435546875 0.172805786132813
-0.0346565246582031 0.0450096130371094 0.064971923828125 0.232559204101562
-0.0306510925292969 0.0486526489257813 0.127639770507813 0.235076904296875
-0.0104331970214844 0.0412673950195313 0.208053588867188 0.13983154296875
0.0137004852294922 0.0209579467773438 0.193649291992188 0.0264892578125
0.0283985137939453 0.00539588928222656 0.126716613769531 -0.0390167236328125
0.0311183929443359 0 0.02215576171875 -0.07196044921875
0.0151557922363281 -0.0402030944824219 -0.0763931274414063 -0.118110656738281
0.0823440551757813 -0.0969161987304688 -0.170379638671875 0.300384521484375
0.0751953125 -0.0360565185546875 -0.189849853515625 0.214111328125
0.101699829101563 -0.0037384033203125 -0.186264038085937 0.0943756103515625
0.0781631469726563 0.035797119140625 -0.17816162109375 0.0106201171875
0.0579605102539063 0.074737548828125 -0.101341247558594 -0.0259780883789063
0.034088134765625 0.0987625122070313 -0.0401649475097656 0.00525665283203125
0.00353240966796876 0.105003356933594 0.004669189453125 0.0834732055664063
-0.0372238159179688 0.10211181640625 0.0305328369140625 0.139663696289063
-0.0356369018554688 0.117057800292969 0.0875396728515625 0.196945190429688
-0.01654052734375 0.119087219238281 0.156356811523438 0.202789306640625
0.02337646484375 0.102485656738281 0.221282958984375 0.111251831054688
0.0735702514648438 0.0541152954101563 0.1962890625 0.0049896240234375
0.0957794189453125 0.0279312133789063 0.132644653320313 -0.0477676391601563
0.09844970703125 -0.01104736328125 0.0327987670898438 -0.0839691162109375
0.0653915405273437 -0.0764694213867187 -0.0595779418945313 -0.129951477050781
0.12811279296875 -0.123603820800781 -0.144256591796875 0.262420654296875
0.1265869140625 -0.0466384887695313 -0.176483154296875 0.174072265625
0.1573486328125 0.011932373046875 -0.196670532226562 0.0712738037109375
0.120071411132813 0.071197509765625 -0.1888427734375 -0.00877380371093752
0.0781173706054688 0.12347412109375 -0.122390747070313 -0.0500640869140625
0.0426177978515625 0.155471801757813 -0.0604400634765625 -0.0277061462402344
0.00639343261718749 0.155364990234375 -0.0049896240234375 0.03973388671875
-0.0359344482421875 0.148162841796875 0.033203125 0.084381103515625
-0.0214385986328125 0.169113159179688 0.09906005859375 0.137725830078125
0.0196685791015625 0.166534423828125 0.168960571289063 0.149948120117188
0.0744552612304688 0.137382507324219 0.219528198242188 0.0727386474609375
0.134017944335938 0.0616378784179688 0.19439697265625 -0.0200042724609375
0.1552734375 0.029144287109375 0.1446533203125 -0.0618896484375
0.1494140625 -0.0320281982421875 0.0572662353515625 -0.107749938964844
0.103416442871094 -0.109123229980469 -0.0247039794921875 -0.154632568359375
0.157394409179688 -0.13104248046875 -0.101699829101563 0.219619750976562
0.16009521484375 -0.04119873046875 -0.147064208984375 0.130645751953125
0.18792724609375 0.0366973876953125 -0.196868896484375 0.0449371337890625
0.136802673339844 0.105575561523438 -0.196502685546875 -0.03326416015625
0.07830810546875 0.161407470703125 -0.141952514648438 -0.0858306884765625
0.035491943359375 0.193618774414062 -0.0813522338867188 -0.0796127319335937
0.0018310546875 0.18280029296875 -0.0166072845458984 -0.0229263305664062
-0.029083251953125 0.1708984375 0.0297431945800781 0.0165939331054688
0.00109863281249999 0.1898193359375 0.09112548828125 0.0692367553710938
0.0590362548828125 0.178314208984375 0.15545654296875 0.093780517578125
0.118179321289063 0.138084411621094 0.198471069335938 0.038909912109375
0.170059204101563 0.0476837158203125 0.186050415039063 -0.0408172607421875
0.186813354492188 0.014892578125 0.15997314453125 -0.0825347900390625
0.1724853515625 -0.05401611328125 0.0875701904296875 -0.143081665039063
0.123481750488281 -0.1290283203125 0.0218658447265625 -0.192230224609375
0.161666870117188 -0.119720458984375 -0.0494537353515625 0.177276611328125
0.165557861328125 -0.0240020751953125 -0.106346130371094 0.093841552734375
0.181625366210938 0.058807373046875 -0.184341430664063 0.021270751953125
0.122611999511719 0.123146057128906 -0.196517944335938 -0.05511474609375
0.0606689453125 0.170440673828125 -0.153900146484375 -0.125762939453125
0.020111083984375 0.19793701171875 -0.0937118530273438 -0.1392822265625
-0.00355529785156249 0.17987060546875 -0.0252456665039062 -0.0938262939453125
-0.0193634033203125 0.166885375976563 0.0207786560058594 -0.0529632568359375
0.01953125 0.178451538085938 0.0668144226074219 0.00391769409179689
0.0802459716796875 0.15765380859375 0.123306274414063 0.0468978881835938
0.131065368652344 0.1136474609375 0.16680908203125 0.018768310546875
0.168624877929688 0.0280303955078125 0.173431396484375 -0.05267333984375
0.182113647460938 -0.0007171630859375 0.172119140625 -0.103271484375
0.165939331054688 -0.0644989013671875 0.116500854492188 -0.183944702148438
0.124282836914062 -0.129859924316406 0.07080078125 -0.235122680664063
0.139030456542969 -0.0947494506835938 0.0017242431640625 0.14398193359375
0.140792846679687 -0.0058746337890625 -0.06494140625 0.0710830688476563
0.144119262695313 0.0636749267578125 -0.165573120117188 0.00796508789062504
0.0893402099609375 0.11004638671875 -0.192169189453125 -0.06927490234375
0.04046630859375 0.143508911132813 -0.1551513671875 -0.157455444335938
0.0100860595703125 0.16571044921875 -0.0963592529296875 -0.192901611328125
-0.00363159179687501 0.1463623046875 -0.031341552734375 -0.16033935546875
-0.0083160400390625 0.136672973632812 0.00652313232421875 -0.113700866699219
0.02740478515625 0.141021728515625 0.0365104675292969 -0.0454826354980469
0.077301025390625 0.1180419921875 0.0866317749023438 0.017364501953125
0.113525390625 0.08197021484375 0.135543823242188 0.0114059448242188
0.136558532714844 0.015472412109375 0.16131591796875 -0.0529022216796875
0.147430419921875 -0.008575439453125 0.180007934570313 -0.118087768554688
0.136199951171875 -0.0570068359375 0.1414794921875 -0.220062255859375
0.108108520507812 -0.109794616699219 0.11627197265625 -0.276748657226563
0.0944595336914063 -0.0607147216796875 0.0415191650390625 0.120269775390625
0.0931854248046875 0.00411224365234375 -0.0335121154785156 0.061553955078125
0.0893325805664063 0.0463027954101563 -0.147537231445313 0.00669860839843751
0.0552024841308594 0.0695724487304688 -0.190872192382813 -0.0732574462890625
0.0324554443359375 0.090576171875 -0.15673828125 -0.17230224609375
0.0157546997070312 0.106819152832031 -0.0990447998046875 -0.22711181640625
0.00539398193359375 0.08868408203125 -0.039398193359375 -0.209365844726563
0.0032958984375 0.0856704711914063 -0.00926208496093749 -0.157699584960938
0.0251235961914063 0.0866241455078125 0.00934600830078125 -0.0775680541992187
0.05523681640625 0.0707855224609375 0.0573883056640625 0.000270843505859379
0.0757827758789062 0.05194091796875 0.112266540527344 0.0119857788085938
0.0872421264648438 0.0105056762695313 0.153518676757812 -0.04595947265625
0.0939178466796875 -0.0078277587890625 0.18560791015625 -0.12298583984375
0.0909576416015625 -0.0348434448242188 0.16259765625 -0.242233276367188
0.0785980224609375 -0.0722122192382812 0.152679443359375 -0.30670166015625
-0.0254497528076172 -0.00526237487792969 -0.15460205078125 0.327056884765625
-0.0333786010742188 0.0234947204589844 -0.168930053710937 0.254989624023438
-0.0292625427246094 0.00336837768554687 -0.149017333984375 0.116531372070312
-0.0328388214111328 -0.00355720520019532 -0.159072875976563 0.040191650390625
-0.0174789428710938 -0.00973224639892578 -0.0806121826171875 -0.00273895263671875
-0.020538330078125 -0.0170192718505859 -0.0276851654052734 0.0294818878173828
-0.0236492156982422 -0.0186634063720703 0.00679016113281249 0.111373901367188
-0.0234794616699219 -0.0236778259277344 0.015838623046875 0.177047729492187
-0.0198268890380859 -0.0309219360351562 0.0457916259765625 0.230072021484375
-0.0208225250244141 -0.024261474609375 0.0997161865234375 0.23101806640625
-0.0193138122558594 -0.025390625 0.186996459960937 0.14013671875
-0.0325508117675781 -0.0228652954101562 0.183624267578125 0.0325164794921875
-0.0335769653320313 -0.0280857086181641 0.12213134765625 -0.0391082763671875
-0.0372428894042969 0.00170135498046875 0.0208892822265625 -0.0711593627929687
-0.0377159118652344 -0.004425048828125 -0.0735397338867188 -0.115806579589844
0.0255928039550781 -0.0547943115234375 -0.161407470703125 0.32000732421875
0.019683837890625 -0.0105037689208984 -0.176956176757813 0.239730834960937
0.035888671875 -0.00570297241210938 -0.161819458007813 0.108535766601562
0.0236015319824219 0.0100727081298828 -0.160873413085938 0.0283050537109375
0.0236644744873047 0.0269126892089844 -0.0826034545898438 -0.00954437255859374
0.0116233825683594 0.0371932983398438 -0.0254840850830078 0.0250091552734375
-0.00709915161132812 0.0434303283691406 0.0129241943359375 0.106964111328125
-0.0317764282226563 0.0420417785644531 0.025634765625 0.169143676757813
-0.0343437194824219 0.0472488403320313 0.0665130615234375 0.223785400390625
-0.0299530029296875 0.0502891540527344 0.126052856445312 0.223403930664063
-0.0102386474609375 0.0418968200683594 0.202011108398438 0.127090454101563
0.0124855041503906 0.0225582122802734 0.185958862304688 0.018463134765625
0.026275634765625 0.00632286071777344 0.119522094726563 -0.0441665649414063
0.0321578979492188 0.000448226928710938 0.0169143676757813 -0.0738906860351563
0.0144462585449219 -0.0387382507324219 -0.0794830322265625 -0.114814758300781
0.0774688720703125 -0.0975494384765625 -0.15386962890625 0.2965087890625
0.074249267578125 -0.0362777709960938 -0.17633056640625 0.211883544921875
0.101005554199219 -0.00562286376953125 -0.175277709960938 0.0947418212890625
0.0774688720703125 0.0340499877929688 -0.1693115234375 0.0145263671875
0.0585479736328125 0.0709609985351563 -0.096038818359375 -0.0214920043945313
0.0355148315429688 0.0951004028320313 -0.0364723205566406 0.00954055786132813
0.00482177734374999 0.103660583496094 0.00903320312499999 0.0836334228515625
-0.0355758666992188 0.101776123046875 0.0323028564453125 0.135719299316406
-0.0338134765625 0.118072509765625 0.087738037109375 0.1884765625
-0.0152969360351563 0.119224548339844 0.153671264648438 0.190536499023438
0.023681640625 0.101287841796875 0.214401245117188 0.0993499755859375
0.0716018676757812 0.05352783203125 0.18701171875 -0.001678466796875
0.0927734375 0.026947021484375 0.123977661132813 -0.0520172119140625
0.0974502563476562 -0.0108871459960937 0.0273208618164063 -0.0850372314453125
0.0626449584960938 -0.0747528076171875 -0.0634231567382812 -0.125694274902344
0.1214599609375 -0.1246337890625 -0.129074096679688 0.258682250976563
0.123382568359375 -0.0481185913085938 -0.164474487304688 0.172134399414062
0.155899047851563 0.0090179443359375 -0.185699462890625 0.0748443603515625
0.118972778320312 0.0676956176757813 -0.179397583007812 -0.00361633300781247
0.0792999267578125 0.11883544921875 -0.117477416992188 -0.04278564453125
0.044891357421875 0.150299072265625 -0.0583839416503906 -0.0215034484863281
0.00836181640625001 0.15240478515625 -0.00164794921875 0.0409355163574219
-0.0338287353515625 0.14678955078125 0.0335769653320313 0.081268310546875
-0.0183563232421875 0.1685791015625 0.0974349975585938 0.130073547363281
0.021240234375 0.164520263671875 0.1654052734375 0.13836669921875
0.0745925903320313 0.134162902832031 0.211318969726563 0.0623321533203125
0.131477355957031 0.05902099609375 0.18426513671875 -0.024505615234375
0.151626586914063 0.0265350341796875 0.135971069335938 -0.06488037109375
0.146621704101563 -0.0329742431640625 0.0508499145507813 -0.106979370117188
0.0987014770507813 -0.106887817382813 -0.029052734375 -0.149368286132813
0.149261474609375 -0.1329345703125 -0.0885162353515625 0.216598510742188
0.156051635742188 -0.0425872802734375 -0.13616943359375 0.13031005859375
0.18603515625 0.0332794189453125 -0.186325073242188 0.0498199462890625
0.135665893554688 0.101669311523438 -0.187530517578125 -0.025238037109375
0.078948974609375 0.156097412109375 -0.138137817382812 -0.0760879516601563
0.0381317138671875 0.187835693359375 -0.0804061889648438 -0.0704193115234375
0.00407409667968752 0.179107666015625 -0.0145454406738281 -0.0199623107910156
-0.027252197265625 0.16827392578125 0.0288715362548828 0.014862060546875
0.00457763671874999 0.187820434570313 0.087646484375 0.0624542236328125
0.060760498046875 0.174407958984375 0.150466918945313 0.083892822265625
0.11724853515625 0.1324462890625 0.19012451171875 0.030242919921875
0.166534423828125 0.043487548828125 0.175323486328125 -0.0437469482421875
0.182052612304688 0.0110321044921875 0.149917602539063 -0.0841522216796875
0.168609619140625 -0.0558319091796875 0.0796661376953125 -0.141586303710938
0.117012023925781 -0.127410888671875 0.01580810546875 -0.18634033203125
0.153671264648438 -0.121612548828125 -0.0385284423828125 0.173995971679688
0.161956787109375 -0.0255126953125 -0.0972747802734375 0.09454345703125
0.180343627929688 0.05596923828125 -0.175125122070312 0.028564453125
0.121429443359375 0.119277954101562 -0.188873291015625 -0.0457916259765625
0.0608367919921875 0.1650390625 -0.15130615234375 -0.113296508789062
0.0216217041015625 0.19281005859375 -0.0948257446289063 -0.128150939941406
-0.00236511230468749 0.176254272460937 -0.0245819091796875 -0.0893936157226562
-0.01776123046875 0.1639404296875 0.0181007385253906 -0.0531692504882812
0.022064208984375 0.175704956054688 0.0629348754882813 -0.000522613525390614
0.0808563232421875 0.152877807617188 0.118270874023438 0.0391311645507813
0.13006591796875 0.108100891113281 0.158920288085937 0.011627197265625
0.164840698242187 0.0238494873046875 0.1629638671875 -0.0536041259765625
0.177291870117188 -0.0051727294921875 0.161590576171875 -0.103485107421875
0.161529541015625 -0.0663604736328125 0.107406616210938 -0.181427001953125
0.117973327636719 -0.128562927246094 0.0625457763671875 -0.229293823242187
0.132080078125 -0.0969696044921875 0.0105438232421875 0.141098022460938
0.137947082519531 -0.007354736328125 -0.0572052001953125 0.0728836059570313
0.142562866210937 0.061248779296875 -0.157211303710938 0.0163421630859375
0.0879058837890625 0.106918334960938 -0.185531616210938 -0.0590972900390625
0.0401535034179687 0.138633728027344 -0.152938842773438 -0.144393920898437
0.01129150390625 0.16131591796875 -0.0977935791015625 -0.180404663085938
-0.00341796875 0.14337158203125 -0.03155517578125 -0.154373168945312
-0.00707244873046876 0.133682250976563 0.00353240966796876 -0.112510681152344
0.0285263061523437 0.138427734375 0.031890869140625 -0.0480155944824219
0.0769729614257813 0.1134033203125 0.08203125 0.0108184814453125
0.111396789550781 0.0770034790039063 0.128173828125 0.00644683837890625
0.132987976074219 0.0117950439453125 0.151229858398438 -0.0527496337890625
0.142684936523438 -0.0122833251953125 0.168670654296875 -0.117416381835937
0.132041931152344 -0.0588607788085938 0.130950927734375 -0.21649169921875
0.1025390625 -0.109527587890625 0.105239868164062 -0.271255493164063
0.0892410278320313 -0.0628509521484375 0.0487442016601563 0.117301940917969
0.0920944213867188 0.00241851806640625 -0.0271949768066406 0.0640373229980469
0.0883255004882813 0.0445938110351563 -0.140419006347656 0.0153884887695313
0.0536231994628906 0.0671844482421875 -0.184951782226563 -0.06170654296875
0.0312271118164062 0.0863037109375 -0.155120849609375 -0.159164428710938
0.01580810546875 0.103500366210938 -0.100845336914063 -0.213851928710937
0.00475311279296876 0.0866775512695313 -0.04052734375 -0.201889038085937
0.00313568115234374 0.0835113525390625 -0.0127716064453125 -0.1541748046875
0.025177001953125 0.0846176147460938 0.0042572021484375 -0.0790176391601562
0.0545463562011719 0.0675926208496094 0.0525627136230469 -0.00574493408203125
0.0742950439453125 0.0477294921875 0.105270385742188 0.00771331787109375
0.0841751098632813 0.00823974609375 0.143951416015625 -0.045379638671875
0.0897903442382813 -0.00946044921875 0.174285888671875 -0.122360229492187
0.0877532958984375 -0.0362091064453125 0.15142822265625 -0.238876342773438
0.0740432739257812 -0.0728836059570313 0.13970947265625 -0.300811767578125
-0.0254554748535156 -0.00640106201171875 -0.152191162109375 0.330657958984375
-0.0313358306884766 0.0233039855957031 -0.167190551757812 0.256546020507813
-0.0284557342529297 0.00396347045898437 -0.149017333984375 0.115478515625
-0.0330219268798828 -0.00203514099121094 -0.157135009765625 0.0395355224609375
-0.0178928375244141 -0.0101509094238281 -0.078582763671875 -0.00294494628906251
-0.0205497741699219 -0.0168743133544922 -0.0235500335693359 0.0325088500976563
-0.0239830017089844 -0.0179977416992187 0.0104141235351562 0.115509033203125
-0.0243206024169922 -0.0227584838867187 0.015899658203125 0.180313110351563
-0.0204238891601563 -0.0295505523681641 0.0435028076171875 0.231674194335938
-0.02032470703125 -0.0236434936523438 0.096282958984375 0.230789184570313
-0.0190639495849609 -0.0251674652099609 0.184539794921875 0.138015747070313
-0.0325069427490234 -0.0214252471923828 0.18267822265625 0.0305938720703125
-0.0344219207763672 -0.0267887115478516 0.121025085449219 -0.0428314208984375
-0.0366058349609375 0.00174331665039063 0.0172119140625 -0.0759506225585938
-0.0379562377929687 -0.00498580932617187 -0.0777587890625 -0.119865417480469
0.0265350341796875 -0.0567893981933594 -0.15936279296875 0.323150634765625
0.0220317840576172 -0.0109615325927734 -0.175949096679688 0.241546630859375
0.0383758544921875 -0.0058441162109375 -0.160720825195312 0.10760498046875
0.0245914459228516 0.01171875 -0.15924072265625 0.0276336669921875
0.0241241455078125 0.0270900726318359 -0.0799407958984375 -0.00972747802734375
0.0119247436523437 0.0375480651855469 -0.0217266082763672 0.0284938812255859
-0.0074310302734375 0.0452156066894531 0.0163955688476563 0.11114501953125
-0.0335884094238281 0.0445289611816406 0.0262451171875 0.171981811523438
-0.0354118347167969 0.0502243041992188 0.06451416015625 0.225082397460938
-0.0306663513183594 0.0532646179199219 0.123367309570313 0.223739624023438
-0.0111236572265625 0.0440292358398438 0.199966430664063 0.124862670898437
0.0119895935058594 0.0255966186523437 0.184982299804688 0.0167388916015625
0.0261631011962891 0.00938606262207031 0.1182861328125 -0.04718017578125
0.0338039398193359 0.00146293640136719 0.0138473510742188 -0.0785293579101563
0.0157699584960938 -0.0391693115234375 -0.0834579467773438 -0.117881774902344
0.0779647827148438 -0.0997695922851563 -0.15167236328125 0.29937744140625
0.0767745971679688 -0.0369949340820313 -0.175674438476563 0.213455200195312
0.104545593261719 -0.004730224609375 -0.174301147460938 0.0947418212890625
0.0792770385742188 0.035400390625 -0.1673583984375 0.0140533447265625
0.059600830078125 0.0718460083007813 -0.093475341796875 -0.020538330078125
0.0363998413085938 0.0960769653320313 -0.0341796875 0.012969970703125
0.00431823730468751 0.106170654296875 0.0118865966796875 0.0869369506835938
-0.037689208984375 0.105308532714844 0.0322494506835937 0.137481689453125
-0.0352935791015625 0.12298583984375 0.0869293212890625 0.1888427734375
-0.0167236328125 0.123359680175781 0.1524658203125 0.190689086914063
0.0223770141601563 0.104446411132813 0.21295166015625 0.0969085693359375
0.0714187622070313 0.0574874877929688 0.185760498046875 -0.0030975341796875
0.0932846069335937 0.0303955078125 0.12249755859375 -0.0540847778320313
0.100845336914063 -0.0098114013671875 0.0248565673828125 -0.0883560180664063
0.0645828247070313 -0.0744094848632813 -0.0661849975585937 -0.127998352050781
0.121894836425781 -0.12811279296875 -0.126510620117188 0.261001586914063
0.126136779785156 -0.0483016967773438 -0.162704467773438 0.172943115234375
0.160385131835938 0.0097808837890625 -0.183929443359375 0.0751953125
0.1214599609375 0.0697021484375 -0.177810668945313 -0.00306701660156249
0.080291748046875 0.120811462402344 -0.116012573242187 -0.0407028198242187
0.046234130859375 0.15283203125 -0.0568962097167969 -0.0179824829101562
0.00714111328125001 0.155563354492188 0.00101470947265625 0.0433235168457031
-0.0364532470703125 0.150222778320313 0.0338897705078125 0.0827255249023438
-0.01947021484375 0.173858642578125 0.09649658203125 0.129920959472656
0.0203704833984375 0.16925048828125 0.16412353515625 0.13739013671875
0.0744705200195313 0.137672424316406 0.2103271484375 0.059783935546875
0.132843017578125 0.06243896484375 0.182113647460938 -0.025146484375
0.1533203125 0.0292510986328125 0.134162902832031 -0.0664138793945313
0.15069580078125 -0.032318115234375 0.0492935180664063 -0.109664916992188
0.100517272949219 -0.106742858886719 -0.031005859375 -0.150772094726563
0.149978637695313 -0.135894775390625 -0.0849151611328125 0.218109130859375
0.159347534179688 -0.0418548583984375 -0.133613586425781 0.131340026855469
0.191131591796875 0.03546142578125 -0.183975219726563 0.0518341064453125
0.137725830078125 0.104782104492188 -0.185821533203125 -0.0244598388671875
0.079376220703125 0.158889770507813 -0.136932373046875 -0.0729598999023437
0.037628173828125 0.190689086914063 -0.0799636840820313 -0.0661468505859375
0.0020294189453125 0.182846069335938 -0.0121212005615234 -0.0187149047851562
-0.0302886962890625 0.172439575195313 0.0291481018066406 0.0146579742431641
0.00337219238281251 0.193252563476563 0.08685302734375 0.0609664916992188
0.0604248046875 0.178802490234375 0.149429321289063 0.0814971923828125
0.117881774902344 0.135498046875 0.18804931640625 0.0282440185546875
0.168533325195313 0.0459442138671875 0.172882080078125 -0.0434417724609375
0.185073852539062 0.012359619140625 0.148513793945313 -0.084503173828125
0.172561645507812 -0.05596923828125 0.0785675048828125 -0.143814086914062
0.118522644042969 -0.127792358398438 0.0147247314453125 -0.187850952148438
0.15411376953125 -0.124221801757813 -0.0344696044921875 0.175933837890625
0.16552734375 -0.0241241455078125 -0.0944976806640625 0.0962448120117187
0.18475341796875 0.058807373046875 -0.17279052734375 0.0316009521484375
0.122138977050781 0.122917175292969 -0.187088012695313 -0.043975830078125
0.0593719482421875 0.16815185546875 -0.150314331054688 -0.110214233398438
0.0201568603515625 0.196212768554688 -0.0947647094726563 -0.124198913574219
-0.00492858886718749 0.1800537109375 -0.0222396850585937 -0.089080810546875
-0.0201263427734375 0.167648315429688 0.0186080932617187 -0.0545196533203125
0.0217742919921875 0.1805419921875 0.0610923767089844 -0.00247192382812499
0.0809326171875 0.156158447265625 0.116798400878906 0.03570556640625
0.131072998046875 0.110084533691406 0.15606689453125 0.01031494140625
0.16705322265625 0.024627685546875 0.160400390625 -0.05194091796875
0.179733276367188 -0.0042572021484375 0.160446166992188 -0.103164672851563
0.165176391601563 -0.0673065185546875 0.107345581054688 -0.183929443359375
0.11871337890625 -0.12957763671875 0.062530517578125 -0.231353759765625
0.132118225097656 -0.0994186401367188 0.016326904296875 0.142868041992187
0.141021728515625 -0.0068511962890625 -0.0535812377929688 0.0749435424804688
0.146041870117188 0.064239501953125 -0.154922485351563 0.02069091796875
0.0874099731445313 0.110908508300781 -0.184097290039063 -0.0557708740234375
0.037322998046875 0.140762329101563 -0.1527099609375 -0.141311645507812
0.00871276855468752 0.163818359375 -0.0978546142578125 -0.176910400390625
-0.00634765625 0.146041870117187 -0.0292510986328125 -0.1551513671875
-0.00951385498046876 0.136444091796875 0.00376892089843751 -0.114959716796875
0.02838134765625 0.141983032226563 0.0296707153320313 -0.0516815185546875
0.0770416259765625 0.114959716796875 0.080047607421875 0.00701141357421876
0.112525939941406 0.0777053833007813 0.125106811523438 0.00531005859375
0.134353637695312 0.012176513671875 0.1488037109375 -0.0508270263671875
0.144271850585938 -0.0116729736328125 0.167648315429688 -0.116607666015625
0.134231567382813 -0.0599441528320312 0.131088256835937 -0.219284057617187
0.10302734375 -0.111038208007813 0.105239868164063 -0.273544311523438
0.0887908935546875 -0.0654678344726563 0.0545730590820313 0.1192626953125
0.094482421875 0.00289154052734375 -0.0235252380371094 0.0675048828125
0.090667724609375 0.0464401245117188 -0.138885498046875 0.0204849243164063
0.0521774291992188 0.0696907043457031 -0.184677124023437 -0.0583343505859375
0.0286026000976563 0.0866241455078125 -0.15411376953125 -0.156051635742188
0.0141220092773438 0.104728698730469 -0.0999298095703125 -0.211822509765625
0.00246429443359374 0.0887069702148438 -0.03826904296875 -0.2041015625
0.00170135498046875 0.0847549438476563 -0.0130157470703125 -0.157669067382813
0.0246658325195312 0.08642578125 0.00156402587890624 -0.0826950073242188
0.0541763305664062 0.0681648254394531 0.0495529174804688 -0.00971603393554687
0.0743942260742188 0.0482025146484375 0.101654052734375 0.0069427490234375
0.0850753784179688 0.00817108154296875 0.141860961914063 -0.042816162109375
0.0903549194335938 -0.00908660888671875 0.173782348632813 -0.1212158203125
0.0891571044921875 -0.03668212890625 0.151123046875 -0.241455078125
0.0738601684570313 -0.074127197265625 0.140380859375 -0.30499267578125
-0.02691650390625 -0.00703620910644531 -0.150421142578125 0.350372314453125
-0.0303153991699219 0.0244693756103516 -0.16766357421875 0.272674560546875
-0.0290374755859375 0.00457954406738281 -0.15283203125 0.12176513671875
-0.0334815979003906 0.000104904174804683 -0.161285400390625 0.0437469482421875
-0.0193996429443359 -0.0101356506347656 -0.0790176391601563 -0.00204467773437501
-0.0221519470214844 -0.0173835754394531 -0.0189590454101563 0.0365753173828125
-0.0256748199462891 -0.0174674987792969 0.0181427001953125 0.123924255371094
-0.026092529296875 -0.0214920043945313 0.0211029052734375 0.19024658203125
-0.0215644836425781 -0.0294132232666016 0.0466156005859375 0.242752075195313
-0.0207958221435547 -0.0234394073486328 0.101730346679687 0.239715576171875
-0.0195198059082031 -0.0258369445800781 0.191818237304688 0.138595581054688
-0.0340137481689453 -0.0197868347167969 0.190521240234375 0.0261077880859375
-0.0363960266113281 -0.0257339477539063 0.12371826171875 -0.0506668090820313
-0.0371360778808594 0.00234603881835937 0.0129165649414063 -0.0841445922851563
-0.0403633117675781 -0.00511932373046876 -0.088134765625 -0.126632690429688
0.0264930725097656 -0.0619544982910156 -0.156585693359375 0.3426513671875
0.0249919891357422 -0.0123977661132813 -0.177169799804687 0.256240844726563
0.0420417785644531 -0.00712203979492188 -0.164657592773438 0.1143798828125
0.0270500183105469 0.0133743286132813 -0.163253784179688 0.031280517578125
0.0253219604492188 0.0279617309570313 -0.0808029174804688 -0.00811767578125
0.0134124755859375 0.0390243530273438 -0.0179100036621094 0.0325088500976562
-0.00718307495117188 0.0492706298828125 0.0234527587890625 0.118736267089844
-0.0352630615234375 0.0495986938476563 0.0311279296875 0.18145751953125
-0.0366363525390625 0.0562973022460937 0.0695037841796875 0.235488891601563
-0.03167724609375 0.058563232421875 0.130142211914063 0.231094360351562
-0.0115165710449219 0.0484619140625 0.207901000976562 0.124923706054688
0.0129184722900391 0.0297679901123047 0.192123413085937 0.0124969482421875
0.0273628234863281 0.0122089385986328 0.120460510253906 -0.0549850463867188
0.0377464294433594 0.00186920166015625 0.00940704345703125 -0.086151123046875
0.016082763671875 -0.0407943725585938 -0.092926025390625 -0.12445068359375
0.0797882080078125 -0.108345031738281 -0.149627685546875 0.317596435546875
0.08172607421875 -0.0408859252929687 -0.176528930664063 0.226181030273438
0.112579345703125 -0.0082550048828125 -0.178253173828125 0.102005004882813
0.0850830078125 0.0370864868164063 -0.172271728515625 0.0177764892578125
0.0639572143554687 0.0749130249023438 -0.0952911376953125 -0.0186996459960937
0.0401153564453125 0.100723266601562 -0.0317192077636719 0.0177974700927734
0.006317138671875 0.1131591796875 0.0181961059570312 0.0927886962890625
-0.0393753051757812 0.113983154296875 0.03704833984375 0.14501953125
-0.0351715087890625 0.13330078125 0.0923004150390625 0.1966552734375
-0.0158920288085938 0.133155822753906 0.160308837890625 0.196243286132813
0.0245132446289062 0.112449645996094 0.22100830078125 0.09503173828125
0.07611083984375 0.0624542236328125 0.191635131835938 -0.007415771484375
0.0991592407226563 0.0335311889648438 0.124992370605469 -0.0610733032226562
0.108070373535156 -0.0112228393554688 0.0214157104492188 -0.0958099365234375
0.0670318603515625 -0.0785369873046875 -0.074371337890625 -0.134201049804688
0.125129699707031 -0.138023376464844 -0.123199462890625 0.27703857421875
0.133712768554688 -0.0530319213867188 -0.163909912109375 0.1842041015625
0.172210693359375 0.0069122314453125 -0.187484741210937 0.0823822021484375
0.130203247070313 0.072662353515625 -0.183547973632813 0.000488281250000026
0.0866470336914063 0.126617431640625 -0.118782043457031 -0.037994384765625
0.0509490966796875 0.15997314453125 -0.0568656921386719 -0.0129814147949219
0.00991821289062501 0.165023803710938 0.00530242919921875 0.0470733642578125
-0.03692626953125 0.161544799804688 0.0374984741210937 0.085723876953125
-0.017333984375 0.187149047851562 0.101837158203125 0.132965087890625
0.0240478515625 0.180587768554688 0.172531127929688 0.138870239257813
0.0802459716796875 0.146347045898438 0.217803955078125 0.0565948486328125
0.141021728515625 0.066314697265625 0.18756103515625 -0.02960205078125
0.1627197265625 0.0306396484375 0.137031555175781 -0.0725250244140625
0.160507202148438 -0.036529541015625 0.047119140625 -0.117706298828125
0.104522705078125 -0.112739562988281 -0.0373382568359375 -0.158828735351563
0.154067993164062 -0.147430419921875 -0.080596923828125 0.230316162109375
0.16827392578125 -0.0465850830078125 -0.134727478027344 0.140365600585938
0.20513916015625 0.034423828125 -0.188461303710938 0.0591278076171875
0.147506713867188 0.109970092773438 -0.191452026367188 -0.0211334228515625
0.0850372314453125 0.16717529296875 -0.142303466796875 -0.0705108642578125
0.0426177978515625 0.201065063476562 -0.0834274291992187 -0.063446044921875
0.0041656494140625 0.194244384765625 -0.0100307464599609 -0.0180072784423828
-0.02978515625 0.184158325195313 0.0310573577880859 0.0141735076904297
0.00744628906250001 0.206817626953125 0.090301513671875 0.060394287109375
0.066619873046875 0.189300537109375 0.155853271484375 0.0797271728515625
0.126327514648438 0.142044067382813 0.193756103515625 0.0237884521484375
0.178985595703125 0.0465545654296875 0.177108764648438 -0.0469818115234375
0.196319580078125 0.010833740234375 0.151840209960937 -0.0908203125
0.183013916015625 -0.0625457763671875 0.077423095703125 -0.153244018554687
0.122718811035156 -0.135581970214844 0.0109405517578125 -0.197662353515625
0.1585693359375 -0.134735107421875 -0.0275115966796875 0.185012817382813
0.175445556640625 -0.0278472900390625 -0.093109130859375 0.102943420410156
0.199005126953125 0.0602569580078125 -0.176544189453125 0.0386962890625
0.130874633789063 0.130409240722656 -0.193283081054687 -0.040130615234375
0.0633087158203125 0.177734375 -0.157058715820313 -0.109207153320312
0.0233154296875 0.207565307617188 -0.0999069213867188 -0.123184204101562
-0.004058837890625 0.191543579101563 -0.02197265625 -0.0924835205078125
-0.02020263671875 0.1783447265625 0.0187339782714844 -0.0592727661132812
0.02667236328125 0.192489624023437 0.0621109008789063 -0.00721740722656249
0.0882720947265625 0.164077758789063 0.120071411132813 0.031890869140625
0.139778137207031 0.114219665527344 0.1597900390625 0.00628662109375001
0.176239013671875 0.023345947265625 0.163864135742188 -0.05511474609375
0.18988037109375 -0.0077667236328125 0.1644287109375 -0.110244750976563
0.173828125 -0.074951171875 0.107208251953125 -0.196014404296875
0.122062683105469 -0.137931823730469 0.060546875 -0.244354248046875
0.135612487792969 -0.108482360839844 0.024932861328125 0.149093627929688
0.150161743164063 -0.0087890625 -0.0503692626953125 0.0815582275390625
0.157760620117188 0.0666656494140625 -0.158721923828125 0.0278472900390625
0.0926589965820313 0.117721557617187 -0.191146850585938 -0.0518035888671875
0.038330078125 0.147979736328125 -0.160842895507813 -0.141204833984375
0.0103607177734375 0.172988891601563 -0.10406494140625 -0.179107666015625
-0.00604248046875 0.155487060546875 -0.0300750732421875 -0.162933349609375
-0.00900268554687499 0.144927978515625 0.00194549560546876 -0.122657775878906
0.0328521728515625 0.15045166015625 0.0274124145507813 -0.0575523376464844
0.0829238891601563 0.119873046875 0.0801467895507813 0.00191497802734376
0.11968994140625 0.0795516967773438 0.126861572265625 0.00241088867187501
0.141754150390625 0.010284423828125 0.15216064453125 -0.0528564453125
0.151824951171875 -0.014739990234375 0.171981811523438 -0.124008178710938
0.141403198242188 -0.06658935546875 0.131439208984375 -0.233428955078125
0.105377197265625 -0.11859130859375 0.10443115234375 -0.290069580078125
0.0903244018554687 -0.0719680786132813 0.064910888671875 0.124473571777344
0.101142883300781 0.00086212158203125 -0.0184326171875 0.07342529296875
0.097442626953125 0.0476531982421875 -0.142227172851563 0.028656005859375
0.0544891357421875 0.0741119384765625 -0.19244384765625 -0.0536956787109375
0.028533935546875 0.0909347534179688 -0.162643432617187 -0.156845092773438
0.0149459838867188 0.109855651855469 -0.106048583984375 -0.21612548828125
0.00206756591796875 0.09429931640625 -0.04071044921875 -0.21441650390625
0.00187683105468749 0.0897979736328125 -0.0163421630859375 -0.166778564453125
0.0274887084960938 0.0917434692382813 -0.0027923583984375 -0.08966064453125
0.057464599609375 0.0711746215820313 0.0478096008300781 -0.0154609680175781
0.0792312622070313 0.048919677734375 0.102134704589844 0.00498199462890625
0.08892822265625 0.00754547119140625 0.145309448242188 -0.0439300537109375
0.0946578979492187 -0.0106964111328125 0.17791748046875 -0.12890625
0.0934982299804687 -0.0413360595703125 0.151840209960938 -0.257644653320313
0.07470703125 -0.0797882080078125 0.139678955078125 -0.3233642578125
-0.0295200347900391 -0.00742340087890625 -0.131500244140625 0.377960205078125
-0.0283393859863281 0.0267295837402344 -0.154998779296875 0.297027587890625
-0.0284366607666016 0.00641250610351563 -0.151397705078125 0.136093139648437
-0.0335140228271484 0.00362586975097656 -0.164413452148438 0.0552825927734375
-0.0208930969238281 -0.00895309448242187 -0.0802154541015625 0.00231170654296876
-0.0240211486816406 -0.0167102813720703 -0.0120048522949219 0.0407066345214844
-0.0277576446533203 -0.0153617858886719 0.0318145751953125 0.130805969238281
-0.0282268524169922 -0.019378662109375 0.0364837646484375 0.200042724609375
-0.024688720703125 -0.0276145935058594 0.0625457763671875 0.253143310546875
-0.0225963592529297 -0.0229148864746094 0.118270874023437 0.2451171875
-0.021392822265625 -0.0256118774414063 0.20599365234375 0.131973266601563
-0.0360641479492188 -0.0170745849609375 0.2001953125 0.0133056640625
-0.0396461486816406 -0.0233268737792969 0.124107360839844 -0.0649795532226562
-0.0376243591308594 0.00413894653320313 0.00337982177734375 -0.0919189453125
-0.0432510375976563 -0.00313186645507812 -0.10504150390625 -0.12890625
0.0235214233398438 -0.0686683654785156 -0.13983154296875 0.370269775390625
0.0273246765136719 -0.0159912109375 -0.166046142578125 0.280517578125
0.0460433959960938 -0.0113372802734375 -0.163345336914063 0.12896728515625
0.0316238403320312 0.0135898590087891 -0.16693115234375 0.0426025390625
0.0291423797607422 0.0286540985107422 -0.081817626953125 -0.00356292724609377
0.0169029235839844 0.0406570434570313 -0.0116081237792969 0.0373039245605469
-0.00421142578125 0.0538558959960938 0.0366897583007813 0.124382019042969
-0.0339927673339844 0.0571403503417969 0.04608154296875 0.190216064453125
-0.0347251892089844 0.0646247863769531 0.0864715576171875 0.244232177734375
-0.0299415588378906 0.0657463073730469 0.147491455078125 0.234375
-0.00947189331054687 0.0534744262695313 0.221771240234375 0.116439819335938
0.0160980224609375 0.0335941314697266 0.200408935546875 -0.000991821289062498
0.0303459167480469 0.0138607025146484 0.120803833007813 -0.0682830810546875
0.0421943664550781 -0.000274658203125 -0.000114440917968749 -0.0943756103515625
0.0148582458496094 -0.0434646606445313 -0.109352111816406 -0.125579833984375
0.0765609741210938 -0.120872497558594 -0.13372802734375 0.34234619140625
0.0851669311523438 -0.0488662719726562 -0.168212890625 0.248397827148438
0.120880126953125 -0.0167465209960938 -0.177536010742187 0.117095947265625
0.0939559936523438 0.0345382690429688 -0.176559448242188 0.02899169921875
0.0722274780273438 0.0754165649414063 -0.0975112915039062 -0.012542724609375
0.049407958984375 0.103279113769531 -0.0274124145507813 0.0235805511474609
0.0134353637695313 0.120475769042969 0.0294570922851562 0.0979461669921875
-0.0342941284179687 0.125648498535156 0.049530029296875 0.150253295898438
-0.0285491943359375 0.146316528320312 0.108322143554687 0.200775146484375
-0.00901794433593751 0.144317626953125 0.178009033203125 0.194061279296875
0.0323638916015625 0.119674682617188 0.234359741210938 0.083709716796875
0.0846328735351563 0.0644760131835938 0.19854736328125 -0.0204010009765625
0.108123779296875 0.0319900512695313 0.124862670898438 -0.0737991333007813
0.116500854492188 -0.0183792114257813 0.0125045776367188 -0.104164123535156
0.0664825439453125 -0.085845947265625 -0.0896682739257813 -0.137405395507813
0.121673583984375 -0.155426025390625 -0.108551025390625 0.298370361328125
0.138771057128906 -0.0646896362304688 -0.157882690429688 0.203872680664063
0.184982299804688 -0.00531005859375 -0.188385009765625 0.09771728515625
0.143798828125 0.0696868896484375 -0.189346313476563 0.0118560791015625
0.0995635986328125 0.12921142578125 -0.123741149902344 -0.0305557250976562
0.064056396484375 0.165451049804688 -0.0569114685058594 -0.00611114501953124
0.0199127197265625 0.1749267578125 0.0120162963867188 0.0495948791503906
-0.0296478271484375 0.175750732421875 0.0458908081054688 0.0877227783203125
-0.005645751953125 0.202163696289063 0.114204406738281 0.132698059082031
0.03662109375 0.192367553710938 0.18756103515625 0.132888793945312
0.0931243896484375 0.15167236328125 0.227767944335938 0.04376220703125
0.153701782226562 0.0635528564453125 0.192398071289063 -0.0423583984375
0.175872802734375 0.02386474609375 0.13720703125 -0.08502197265625
0.169891357421875 -0.0489654541015625 0.0388412475585937 -0.128250122070313
0.103759765625 -0.124305725097656 -0.050811767578125 -0.165054321289062
0.1519775390625 -0.166488647460938 -0.0657196044921875 0.246688842773438
0.175979614257813 -0.060089111328125 -0.129318237304688 0.155258178710937
0.222183227539063 0.022003173828125 -0.189346313476563 0.0738983154296875
0.163726806640625 0.108505249023438 -0.199081420898438 -0.00869750976562498
0.099395751953125 0.173248291015625 -0.150787353515625 -0.062255859375
0.057586669921875 0.21063232421875 -0.08831787109375 -0.0560836791992187
0.0151824951171875 0.206741333007813 -0.00850868225097657 -0.0184783935546875
-0.021270751953125 0.198577880859375 0.0343799591064453 0.0115509033203125
0.02191162109375 0.22137451171875 0.097564697265625 0.055755615234375
0.082183837890625 0.197494506835938 0.165618896484375 0.07086181640625
0.14178466796875 0.143646240234375 0.2008056640625 0.01165771484375
0.192398071289063 0.0389251708984375 0.180618286132813 -0.058502197265625
0.209457397460937 -0.0002593994140625 0.152267456054688 -0.104736328125
0.19097900390625 -0.0787353515625 0.069976806640625 -0.167037963867188
0.120819091796875 -0.14984130859375 -0.00196838378906251 -0.209182739257812
0.156494140625 -0.15362548828125 -0.0122833251953125 0.195053100585937
0.1849365234375 -0.0402984619140625 -0.0870742797851562 0.113494873046875
0.217041015625 0.05072021484375 -0.178787231445313 0.05377197265625
0.146209716796875 0.131866455078125 -0.201736450195312 -0.028167724609375
0.0756072998046875 0.185775756835938 -0.169464111328125 -0.101242065429687
0.0363922119140625 0.218399047851563 -0.109794616699219 -0.1185302734375
0.00672912597656251 0.204513549804687 -0.0263900756835937 -0.096435546875
-0.01141357421875 0.191925048828125 0.0164260864257813 -0.0652923583984375
0.041473388671875 0.20361328125 0.0622711181640625 -0.0141067504882812
0.103485107421875 0.168411254882813 0.124664306640625 0.0224075317382813
0.154525756835938 0.111740112304688 0.16363525390625 -0.00363159179687499
0.188385009765625 0.0137939453125 0.166580200195313 -0.0651397705078125
0.202346801757812 -0.020263671875 0.163955688476563 -0.125152587890625
0.17999267578125 -0.0910491943359375 0.098541259765625 -0.213180541992188
0.11968994140625 -0.15301513671875 0.046844482421875 -0.26123046875
0.134147644042969 -0.123245239257812 0.04095458984375 0.154495239257813
0.1591796875 -0.0193939208984375 -0.0428085327148437 0.0885543823242188
0.17266845703125 0.0606842041015625 -0.160888671875 0.043121337890625
0.104591369628906 0.121253967285156 -0.20074462890625 -0.03961181640625
0.046844482421875 0.156204223632813 -0.175216674804688 -0.13458251953125
0.0194244384765625 0.18292236328125 -0.1175537109375 -0.177322387695313
0.00177001953125 0.16619873046875 -0.0396881103515625 -0.170135498046875
-0.001983642578125 0.154876708984375 -0.00611114501953125 -0.131515502929688
0.04498291015625 0.158920288085938 0.02227783203125 -0.065185546875
0.095458984375 0.1214599609375 0.0800323486328125 -0.00700378417968749
0.130973815917969 0.0759048461914063 0.1290283203125 -0.00560760498046875
0.14990234375 0.0019378662109375 0.154556274414062 -0.0614776611328125
0.160598754882813 -0.025482177734375 0.17095947265625 -0.140151977539062
0.145599365234375 -0.0808868408203125 0.121353149414063 -0.254043579101563
0.102256774902344 -0.131294250488281 0.09051513671875 -0.31182861328125
0.0881805419921875 -0.0828399658203125 0.0818634033203125 0.125862121582031
0.107429504394531 -0.006591796875 -0.009307861328125 0.0796051025390625
0.10748291015625 0.0443801879882813 -0.144287109375 0.044097900390625
0.0610198974609375 0.0771636962890625 -0.20257568359375 -0.0394744873046875
0.0330276489257812 0.0950164794921875 -0.177993774414063 -0.150955200195313
0.0216140747070313 0.11492919921875 -0.121841430664063 -0.216781616210938
0.00648498535156251 0.10003662109375 -0.0540008544921875 -0.224822998046875
0.00621795654296875 0.09552001953125 -0.0282745361328125 -0.176712036132813
0.0344390869140625 0.096221923828125 -0.01171875 -0.0971832275390625
0.064697265625 0.0709228515625 0.0446128845214844 -0.0224380493164062
0.0856399536132813 0.0459365844726563 0.103073120117188 -0.000839233398437497
0.0944061279296875 0.00273895263671875 0.1483154296875 -0.0524749755859375
0.0997772216796875 -0.016876220703125 0.177566528320312 -0.144882202148438
0.0962142944335937 -0.0510101318359375 0.140701293945313 -0.280731201171875
0.072357177734375 -0.0885086059570312 0.124603271484375 -0.349761962890625
-0.0318984985351563 -0.00673675537109375 -0.10015869140625 0.39288330078125
-0.0252246856689453 0.0280399322509766 -0.129547119140625 0.314117431640625
-0.0279026031494141 0.00750732421874999 -0.141738891601562 0.147964477539063
-0.0319919586181641 0.00734710693359375 -0.1590576171875 0.0686798095703125
-0.0214099884033203 -0.00645065307617187 -0.0780868530273438 0.00865173339843749
-0.0260143280029297 -0.0142917633056641 -0.00348663330078125 0.0425071716308594
-0.0289096832275391 -0.0123958587646484 0.0481948852539062 0.130615234375
-0.0300636291503906 -0.0152873992919922 0.054473876953125 0.200027465820313
-0.0267047882080078 -0.024658203125 0.0815887451171875 0.253555297851563
-0.0243644714355469 -0.0212364196777344 0.136398315429688 0.239395141601563
-0.0231781005859375 -0.0238857269287109 0.215164184570312 0.11639404296875
-0.0363311767578125 -0.0133476257324219 0.201919555664063 -0.0053863525390625
-0.0408210754394531 -0.0193328857421875 0.117019653320313 -0.0798797607421875
-0.0368537902832031 0.00700759887695312 -0.00887298583984376 -0.0954055786132813
-0.045013427734375 0.000442504882812502 -0.121559143066406 -0.12286376953125
0.0164947509765625 -0.0742721557617188 -0.108489990234375 0.385894775390625
0.0279102325439453 -0.0199604034423828 -0.141326904296875 0.29742431640625
0.0477371215820313 -0.0175399780273438 -0.153762817382813 0.141448974609375
0.0351753234863281 0.0112648010253906 -0.162582397460938 0.0561370849609375
0.0326061248779297 0.0275382995605469 -0.0804595947265625 0.00275421142578124
0.0215606689453125 0.0404853820800781 -0.00319290161132812 0.0395011901855469
0.001068115234375 0.0570030212402344 0.0524826049804687 0.123809814453125
-0.0304527282714844 0.0631675720214844 0.0641937255859375 0.18927001953125
-0.0290908813476562 0.0716018676757813 0.105941772460938 0.241851806640625
-0.0251846313476563 0.0709381103515625 0.166427612304688 0.2259521484375
-0.00606918334960937 0.0575981140136719 0.23077392578125 0.0992889404296875
0.0202827453613281 0.0352325439453125 0.202194213867188 -0.0189666748046875
0.0339260101318359 0.0144844055175781 0.113632202148437 -0.082427978515625
0.0447196960449219 -0.00413894653320313 -0.0124053955078125 -0.0972137451171875
0.0116386413574219 -0.0452079772949219 -0.125312805175781 -0.119819641113281
0.0667495727539063 -0.131385803222656 -0.1038818359375 0.35833740234375
0.084014892578125 -0.0578765869140625 -0.147613525390625 0.264633178710938
0.123558044433594 -0.030029296875 -0.168304443359375 0.130889892578125
0.0998992919921875 0.027435302734375 -0.1739501953125 0.0435333251953125
0.0809097290039062 0.0719680786132813 -0.0964126586914063 -0.00469207763671876
0.0587692260742188 0.101203918457031 -0.0208816528320312 0.0281009674072266
0.0238876342773437 0.122955322265625 0.0411834716796875 0.0972671508789063
-0.0246963500976563 0.134071350097656 0.0639801025390625 0.147384643554688
-0.0153656005859375 0.15460205078125 0.125808715820313 0.194625854492188
0.00286865234374999 0.150894165039063 0.193740844726562 0.181106567382813
0.0422134399414063 0.122306823730469 0.240142822265625 0.0652618408203125
0.092376708984375 0.0615921020507812 0.198562622070313 -0.0370025634765625
0.11468505859375 0.0264053344726562 0.118125915527344 -0.086761474609375
0.119621276855469 -0.0288314819335937 0.000633239746093766 -0.107765197753906
0.0615005493164063 -0.0918350219726563 -0.105224609375 -0.132072448730469
0.109466552734375 -0.16986083984375 -0.082275390625 0.311248779296875
0.137214660644531 -0.0776748657226563 -0.140426635742187 0.218612670898438
0.19140625 -0.022552490234375 -0.179550170898438 0.112899780273437
0.154266357421875 0.0595245361328125 -0.187484741210938 0.0269012451171875
0.1126708984375 0.124252319335938 -0.124259948730469 -0.0193634033203125
0.078887939453125 0.163894653320313 -0.0535163879394531 0.001800537109375
0.0347137451171875 0.178756713867188 0.01947021484375 0.0495834350585938
-0.01654052734375 0.183761596679688 0.0548553466796875 0.0833816528320313
0.0124053955078125 0.209869384765625 0.126136779785156 0.123939514160156
0.054229736328125 0.195404052734375 0.198501586914062 0.117660522460938
0.107101440429687 0.14971923828125 0.23126220703125 0.025421142578125
0.163314819335938 0.05419921875 0.190383911132813 -0.0576171875
0.183563232421875 0.011077880859375 0.13031005859375 -0.0980224609375
0.171356201171875 -0.0647735595703125 0.0264892578125 -0.133842468261719
0.0965423583984375 -0.133491516113281 -0.0673675537109375 -0.162796020507813
0.138656616210938 -0.183456420898438 -0.043060302734375 0.2545166015625
0.175933837890625 -0.0759429931640625 -0.115219116210937 0.166015625
0.231979370117188 0.0029144287109375 -0.182571411132812 0.090423583984375
0.1773681640625 0.0990142822265625 -0.199325561523438 0.00759887695312504
0.116317749023438 0.170303344726563 -0.15411376953125 -0.048553466796875
0.0756378173828125 0.209991455078125 -0.0901107788085937 -0.0458602905273437
0.032073974609375 0.2113037109375 -0.00710487365722656 -0.0183773040771484
-0.00625610351562499 0.206268310546875 0.0357627868652344 0.00721740722656251
0.0421142578125 0.226272583007813 0.101715087890625 0.0464935302734375
0.101303100585938 0.196487426757812 0.171218872070313 0.055389404296875
0.156707763671875 0.13653564453125 0.200607299804688 -0.00456237792968749
0.200698852539063 0.02490234375 0.177169799804688 -0.072540283203125
0.216995239257813 -0.0176239013671875 0.144180297851562 -0.118499755859375
0.18914794921875 -0.0971832275390625 0.054779052734375 -0.175643920898438
0.111892700195313 -0.160675048828125 -0.0203704833984375 -0.211959838867187
0.144866943359375 -0.170578002929688 0.00775146484375003 0.198028564453125
0.18707275390625 -0.0570220947265625 -0.0754852294921875 0.120361328125
0.228164672851563 0.03338623046875 -0.171783447265625 0.0705108642578125
0.161239624023438 0.125747680664063 -0.203338623046875 -0.010345458984375
0.0911865234375 0.186737060546875 -0.177520751953125 -0.0858306884765625
0.0535736083984375 0.221160888671875 -0.117919921875 -0.106559753417969
0.0217742919921875 0.210159301757812 -0.0318374633789063 -0.0967636108398437
0.00344848632812498 0.197555541992188 0.0107460021972656 -0.0699653625488281
0.06072998046875 0.206146240234375 0.0601272583007813 -0.0220794677734375
0.120010375976563 0.164337158203125 0.125099182128906 0.00920104980468751
0.166854858398438 0.102066040039062 0.161727905273438 -0.01739501953125
0.194183349609375 -0.00115966796875 0.162277221679688 -0.0772705078125
0.206512451171875 -0.0381317138671875 0.154998779296875 -0.139999389648438
0.1767578125 -0.109512329101562 0.0800018310546875 -0.224929809570313
0.109222412109375 -0.164337158203125 0.02508544921875 -0.269332885742187
0.123527526855469 -0.137557983398437 0.0590362548828125 0.151657104492188
0.162033081054688 -0.032958984375 -0.0314865112304687 0.0926361083984375
0.18280029296875 0.048004150390625 -0.154754638671875 0.0595855712890625
0.11676025390625 0.118034362792969 -0.203628540039063 -0.020355224609375
0.058074951171875 0.158523559570313 -0.185333251953125 -0.118667602539062
0.033538818359375 0.186065673828125 -0.130081176757813 -0.16583251953125
0.0133056640625 0.17254638671875 -0.0524749755859375 -0.171005249023438
0.00959777832031249 0.159454345703125 -0.0176162719726562 -0.135978698730469
0.059661865234375 0.158859252929687 0.014434814453125 -0.0707550048828125
0.106681823730469 0.116500854492188 0.0760726928710938 -0.016998291015625
0.139808654785156 0.0662994384765625 0.125885009765625 -0.015350341796875
0.15386962890625 -0.010345458984375 0.150802612304688 -0.0717926025390625
0.16241455078125 -0.040435791015625 0.160919189453125 -0.154296875
0.141860961914063 -0.0954437255859375 0.100051879882813 -0.267959594726563
0.0928802490234375 -0.141433715820312 0.065277099609375 -0.32452392578125
0.0797119140625 -0.091552734375 0.0981597900390625 0.119949340820313
0.109512329101563 -0.0167236328125 0.00187683105468751 0.0812530517578125
0.114616394042969 0.0365753173828125 -0.139251708984375 0.0603103637695312
0.06829833984375 0.0769424438476562 -0.206039428710937 -0.02056884765625
0.03912353515625 0.09625244140625 -0.190277099609375 -0.134841918945312
0.0297927856445312 0.115676879882812 -0.137161254882813 -0.206771850585938
0.0139617919921875 0.103652954101563 -0.0712890625 -0.22442626953125
0.0129318237304688 0.0976333618164063 -0.04473876953125 -0.179290771484375
0.0429611206054688 0.0957870483398438 -0.02386474609375 -0.100395202636719
0.0715713500976563 0.0663223266601563 0.0373077392578125 -0.0291862487792969
0.0911712646484375 0.039154052734375 0.100791931152344 -0.008270263671875
0.0964736938476563 -0.004913330078125 0.144973754882813 -0.06158447265625
0.100227355957031 -0.0266494750976563 0.1666259765625 -0.159713745117187
0.09442138671875 -0.060089111328125 0.116668701171875 -0.29595947265625
0.0654830932617188 -0.0957412719726563 0.09552001953125 -0.365478515625
-0.0338897705078125 -0.00508880615234374 -0.07257080078125 0.39532470703125
-0.0219631195068359 0.0286464691162109 -0.10614013671875 0.317626953125
-0.0269336700439453 0.00811767578125 -0.130783081054687 0.152496337890625
-0.0294189453125 0.00919723510742188 -0.1502685546875 0.0756378173828125
-0.0203628540039063 -0.00454139709472656 -0.0731430053710938 0.0123672485351563
-0.025482177734375 -0.01220703125 0.00421905517578124 0.0413856506347656
-0.0286598205566406 -0.00976753234863281 0.060699462890625 0.126365661621094
-0.0293521881103516 -0.0124740600585938 0.0673370361328125 0.195068359375
-0.0270099639892578 -0.0225543975830078 0.0953521728515625 0.247573852539062
-0.0247974395751953 -0.0197963714599609 0.145843505859375 0.230026245117188
-0.0243949890136719 -0.0226459503173828 0.216201782226563 0.102371215820313
-0.0357131958007813 -0.0102806091308594 0.197525024414062 -0.01971435546875
-0.0404281616210938 -0.0160369873046875 0.10662841796875 -0.0888824462890625
-0.0355949401855469 0.00848388671875 -0.0194625854492188 -0.095062255859375
-0.0451545715332031 0.00443267822265625 -0.131942749023437 -0.114768981933594
0.0106048583984375 -0.0754852294921875 -0.08099365234375 0.389617919921875
0.0275459289550781 -0.0221099853515625 -0.1195068359375 0.302001953125
0.0463714599609375 -0.0223007202148438 -0.142257690429688 0.14697265625
0.037506103515625 0.00850296020507813 -0.154541015625 0.0633392333984375
0.0360679626464844 0.025421142578125 -0.0758895874023438 0.00727081298828124
0.0244255065917969 0.0386123657226563 0.00405883789062501 0.039215087890625
0.00442123413085938 0.0572738647460938 0.0636520385742188 0.119674682617188
-0.0243492126464844 0.0670928955078125 0.0760498046875 0.183090209960938
-0.0230941772460937 0.0745086669921875 0.118377685546875 0.233123779296875
-0.0200881958007813 0.0745010375976563 0.175811767578125 0.213912963867188
-0.002838134765625 0.0599021911621094 0.230575561523438 0.0843353271484375
0.0231857299804688 0.0364418029785156 0.196990966796875 -0.0324554443359375
0.0361175537109375 0.013641357421875 0.104225158691406 -0.0914764404296875
0.0461845397949219 -0.00664138793945313 -0.022369384765625 -0.0966415405273437
0.009307861328125 -0.0441436767578125 -0.134712219238281 -0.110626220703125
0.0553741455078125 -0.136199951171875 -0.0791015625 0.360809326171875
0.081329345703125 -0.0633392333984375 -0.12725830078125 0.269744873046875
0.122177124023438 -0.0401992797851563 -0.156707763671875 0.13677978515625
0.103866577148438 0.0205230712890625 -0.166107177734375 0.051361083984375
0.0857620239257813 0.0669708251953125 -0.0915679931640625 0.00196075439453127
0.0652236938476562 0.0971603393554687 -0.0139656066894531 0.0306110382080078
0.03173828125 0.12261962890625 0.0505828857421875 0.0932235717773438
-0.016082763671875 0.136833190917969 0.07305908203125 0.142135620117188
-0.00431823730468751 0.157760620117188 0.134933471679688 0.184783935546875
0.0124053955078125 0.151824951171875 0.200241088867188 0.167510986328125
0.0489120483398437 0.123031616210938 0.238250732421875 0.050445556640625
0.0972366333007813 0.0581741333007813 0.1925048828125 -0.04931640625
0.117706298828125 0.020477294921875 0.109367370605469 -0.0945358276367188
0.118873596191406 -0.0361175537109375 -0.00936126708984375 -0.10784912109375
0.0569381713867188 -0.0941238403320313 -0.114303588867187 -0.124267578125
0.09600830078125 -0.177459716796875 -0.059417724609375 0.311767578125
0.132774353027344 -0.0867538452148438 -0.1234130859375 0.222412109375
0.190185546875 -0.0378875732421875 -0.168258666992188 0.120758056640625
0.158660888671875 0.0499114990234375 -0.180496215820313 0.037139892578125
0.119979858398438 0.118446350097656 -0.119697570800781 -0.0111465454101562
0.0888519287109375 0.158233642578125 -0.048095703125 0.00764083862304688
0.045867919921875 0.177947998046875 0.024810791015625 0.0473136901855469
-0.00474548339843749 0.1864013671875 0.0588302612304687 0.0786819458007813
0.02740478515625 0.210342407226563 0.130897521972656 0.113166809082031
0.0663604736328125 0.194107055664063 0.201446533203125 0.102584838867188
0.115951538085938 0.145217895507813 0.2261962890625 0.011322021484375
0.167465209960938 0.04559326171875 0.183761596679688 -0.0680389404296875
0.186141967773437 0.0005950927734375 0.121482849121094 -0.105499267578125
0.1683349609375 -0.0760345458984375 0.014801025390625 -0.134468078613281
0.0890579223632813 -0.137191772460938 -0.07806396484375 -0.15771484375
0.124237060546875 -0.191482543945313 -0.023406982421875 0.25360107421875
0.171279907226563 -0.086456298828125 -0.101226806640625 0.169219970703125
0.232757568359375 -0.014556884765625 -0.17144775390625 0.0986785888671875
0.184402465820313 0.0890655517578125 -0.193145751953125 0.0191802978515625
0.126144409179688 0.164764404296875 -0.151443481445312 -0.036712646484375
0.087127685546875 0.205718994140625 -0.0870513916015625 -0.0362930297851562
0.0443878173828125 0.211029052734375 -0.00627899169921875 -0.0187416076660156
0.00584411621093749 0.208892822265625 0.0351676940917969 0.00241851806640626
0.0580596923828125 0.223983764648438 0.101516723632812 0.0367202758789063
0.112884521484375 0.190444946289063 0.170120239257812 0.0419158935546875
0.164657592773438 0.128616333007813 0.194259643554688 -0.016021728515625
0.202926635742188 0.0137176513671875 0.170120239257813 -0.0806427001953125
0.216232299804687 -0.03106689453125 0.134559631347656 -0.12579345703125
0.184967041015625 -0.110565185546875 0.042022705078125 -0.17791748046875
0.102584838867188 -0.165115356445313 -0.033966064453125 -0.20941162109375
0.130661010742187 -0.178604125976563 0.023406982421875 0.193130493164063
0.182662963867188 -0.067291259765625 -0.0639801025390625 0.122451782226563
0.23162841796875 0.0180511474609375 -0.162094116210938 0.080169677734375
0.169036865234375 0.117355346679688 -0.198257446289062 0.00198364257812498
0.102020263671875 0.1827392578125 -0.1759033203125 -0.0716094970703125
0.065887451171875 0.218170166015625 -0.118217468261719 -0.0943756103515625
0.0343780517578125 0.21075439453125 -0.03607177734375 -0.0949630737304687
0.014495849609375 0.198959350585938 0.00513458251953126 -0.0728530883789062
0.0749359130859375 0.202926635742188 0.0552482604980469 -0.028656005859375
0.129974365234375 0.156524658203125 0.120124816894531 -0.00116729736328124
0.172393798828125 0.0919036865234375 0.1553955078125 -0.025848388671875
0.193771362304688 -0.01318359375 0.155776977539063 -0.08380126953125
0.204544067382813 -0.05206298828125 0.14471435546875 -0.147125244140625
0.169769287109375 -0.122146606445313 0.0643157958984375 -0.227676391601563
0.0990753173828125 -0.1688232421875 0.00776672363281248 -0.268753051757812
0.111907958984375 -0.143829345703125 0.071929931640625 0.144943237304687
0.1593017578125 -0.042388916015625 -0.0221481323242187 0.0921783447265625
0.1866455078125 0.036376953125 -0.14508056640625 0.0707244873046875
0.123756408691406 0.114402770996094 -0.198577880859375 -0.0061492919921875
0.066162109375 0.157455444335937 -0.18707275390625 -0.103713989257812
0.0425872802734375 0.183853149414063 -0.133956909179687 -0.153030395507813
0.0225372314453125 0.17254638671875 -0.0609893798828125 -0.167449951171875
0.018402099609375 0.159835815429688 -0.0273361206054687 -0.135665893554688
0.0706329345703125 0.155929565429688 0.00644683837890626 -0.0740280151367187
0.113365173339844 0.109260559082031 0.0691375732421875 -0.0235595703125
0.1424560546875 0.0581817626953125 0.120407104492188 -0.021942138671875
0.152862548828125 -0.020111083984375 0.14508056640625 -0.07763671875
0.160079956054688 -0.0517425537109375 0.149688720703125 -0.161773681640625
0.135246276855469 -0.105926513671875 0.0807647705078125 -0.271499633789063
0.08270263671875 -0.145095825195313 0.04364013671875 -0.32586669921875
0.0704574584960938 -0.0961151123046875 0.108711242675781 0.111557006835938
0.107559204101563 -0.0232772827148438 0.0111312866210938 0.0802993774414062
0.116836547851563 0.02923583984375 -0.129158020019531 0.0718612670898437
0.0733642578125 0.0745391845703125 -0.20086669921875 -0.0035247802734375
0.043731689453125 0.0963211059570313 -0.191787719726562 -0.119491577148438
0.0344009399414063 0.113128662109375 -0.142471313476563 -0.194091796875
0.0186386108398438 0.103164672851563 -0.0829315185546875 -0.219100952148438
0.0178985595703125 0.0971603393554688 -0.0570068359375 -0.1766357421875
0.0498275756835938 0.0928268432617188 -0.0334091186523437 -0.100288391113281
0.0743637084960937 0.0612411499023437 0.0303382873535156 -0.0335006713867187
0.0928497314453125 0.0323104858398438 0.0956802368164063 -0.0121612548828125
0.0962295532226562 -0.0108642578125 0.139968872070313 -0.0669784545898438
0.0984039306640625 -0.0325241088867187 0.154449462890625 -0.165969848632813
0.0893096923828125 -0.0669479370117187 0.096710205078125 -0.30047607421875
0.0573654174804688 -0.0977783203125 0.07086181640625 -0.36859130859375
-0.0365180969238281 -0.00415802001953125 -0.057464599609375 0.398468017578125
-0.0196285247802734 0.0283832550048828 -0.091644287109375 0.31988525390625
-0.0270004272460938 0.00797462463378906 -0.12591552734375 0.154525756835937
-0.0282554626464844 0.00984954833984376 -0.145492553710937 0.078216552734375
-0.0198230743408203 -0.00474929809570312 -0.0698013305664063 0.013427734375
-0.0256004333496094 -0.0122299194335937 0.0106430053710937 0.0411300659179688
-0.0283870697021484 -0.00807952880859375 0.0699996948242188 0.124008178710938
-0.0283279418945313 -0.0105915069580078 0.0753631591796875 0.192535400390625
-0.0268421173095703 -0.0207691192626953 0.102218627929688 0.245086669921875
-0.0252780914306641 -0.01861572265625 0.150650024414062 0.226669311523438
-0.0251235961914062 -0.0215053558349609 0.216552734375 0.09600830078125
-0.0346012115478516 -0.00850105285644532 0.194992065429688 -0.028564453125
-0.0404930114746094 -0.0147132873535156 0.099395751953125 -0.0950164794921875
-0.0350494384765625 0.00959396362304688 -0.0273818969726563 -0.0952606201171875
-0.0458259582519531 0.00670623779296875 -0.140571594238281 -0.110282897949219
0.00521087646484374 -0.0770950317382813 -0.065093994140625 0.392547607421875
0.0278835296630859 -0.0244541168212891 -0.106903076171875 0.304656982421875
0.04559326171875 -0.026336669921875 -0.1370849609375 0.148345947265625
0.0391120910644531 0.00693511962890625 -0.150726318359375 0.0663299560546875
0.0382537841796875 0.0233993530273438 -0.0719223022460937 0.00857543945312501
0.0262298583984375 0.0372886657714844 0.0110511779785156 0.0395965576171875
0.00795364379882813 0.0584602355957031 0.0718765258789063 0.1173095703125
-0.0208854675292969 0.0701789855957031 0.08331298828125 0.180343627929688
-0.0192337036132813 0.0776138305664062 0.125839233398437 0.230209350585938
-0.0174102783203125 0.0774765014648438 0.180068969726563 0.208755493164063
-0.000530242919921872 0.0625877380371094 0.230636596679688 0.0770111083984375
0.0262565612792969 0.0376701354980469 0.194442749023438 -0.0405426025390625
0.0386695861816406 0.0134620666503906 0.0973587036132813 -0.0967178344726563
0.0473556518554687 -0.00897216796875 -0.0300979614257812 -0.097320556640625
0.00876617431640626 -0.04437255859375 -0.142105102539063 -0.10595703125
0.0488739013671875 -0.140159606933594 -0.0633544921875 0.36328125
0.08026123046875 -0.06787109375 -0.116806030273438 0.272567749023437
0.121238708496094 -0.0478973388671875 -0.151351928710938 0.139053344726563
0.106285095214844 0.0169448852539063 -0.162155151367188 0.054840087890625
0.0904159545898438 0.0640487670898438 -0.0877685546875 0.00395202636718752
0.0699844360351563 0.094879150390625 -0.00757598876953124 0.0324020385742188
0.0371856689453125 0.123664855957031 0.0575790405273438 0.0919189453125
-0.0108489990234375 0.140655517578125 0.0784835815429688 0.139175415039063
0.00334167480468749 0.161102294921875 0.140411376953125 0.179489135742188
0.018402099609375 0.155746459960938 0.204193115234375 0.160140991210938
0.053619384765625 0.12542724609375 0.236892700195313 0.04217529296875
0.101516723632813 0.0572891235351563 0.1898193359375 -0.0572357177734375
0.1220703125 0.0175552368164063 0.103134155273438 -0.0997848510742188
0.120475769042969 -0.0414962768554688 -0.0160675048828125 -0.108985900878906
0.0556640625 -0.0959320068359375 -0.121002197265625 -0.121185302734375
0.0882415771484375 -0.182632446289063 -0.046173095703125 0.31292724609375
0.131889343261719 -0.0925750732421875 -0.114349365234375 0.223724365234375
0.190521240234375 -0.0482330322265625 -0.163116455078125 0.123260498046875
0.162750244140625 0.04461669921875 -0.1767578125 0.0413665771484375
0.126480102539063 0.115043640136719 -0.116317749023437 -0.00714874267578123
0.09527587890625 0.15594482421875 -0.042205810546875 0.0118637084960938
0.0526885986328125 0.179031372070312 0.0288925170898438 0.0463790893554688
0.00187683105468749 0.1904296875 0.060821533203125 0.0757827758789063
0.0369110107421875 0.212738037109375 0.133544921875 0.106575012207031
0.07403564453125 0.1956787109375 0.202285766601563 0.093841552734375
0.122909545898437 0.145736694335938 0.223678588867187 0.00291442871093751
0.171981811523438 0.041412353515625 0.180618286132812 -0.0742034912109375
0.1898193359375 -0.0060577392578125 0.115776062011719 -0.110794067382812
0.168777465820313 -0.084259033203125 0.00791168212890627 -0.136222839355469
0.08673095703125 -0.14056396484375 -0.0850982666015625 -0.156082153320313
0.1156005859375 -0.197952270507813 -0.0117645263671875 0.252365112304688
0.17095947265625 -0.09368896484375 -0.0936737060546875 0.1697998046875
0.235107421875 -0.0253753662109375 -0.165374755859375 0.103302001953125
0.190078735351562 0.08416748046875 -0.189498901367188 0.0242767333984375
0.133468627929688 0.162841796875 -0.14862060546875 -0.0308380126953125
0.09490966796875 0.204299926757813 -0.0827789306640625 -0.0296478271484375
0.052001953125 0.213302612304688 -0.0050048828125 -0.0191631317138672
0.013092041015625 0.211669921875 0.0338973999023438 -0.0002307891845703
0.068328857421875 0.225692749023438 0.10052490234375 0.0307540893554688
0.121414184570313 0.189849853515625 0.167739868164063 0.03369140625
0.171585083007812 0.125442504882813 0.1904296875 -0.02301025390625
0.20623779296875 0.006591796875 0.167007446289063 -0.0862274169921875
0.218978881835938 -0.040496826171875 0.129531860351563 -0.131011962890625
0.183349609375 -0.120132446289062 0.0340118408203125 -0.180816650390625
0.0986175537109375 -0.169174194335938 -0.042449951171875 -0.208999633789062
0.122528076171875 -0.183868408203125 0.0328826904296875 0.190231323242187
0.182861328125 -0.074554443359375 -0.0577774047851562 0.121994018554688
0.235076904296875 0.0083465576171875 -0.15582275390625 0.08538818359375
0.175628662109375 0.115203857421875 -0.19482421875 0.00849914550781246
0.108535766601563 0.183013916015625 -0.174407958984375 -0.06414794921875
0.072662353515625 0.218597412109375 -0.116226196289063 -0.08734130859375
0.0413818359375 0.213775634765625 -0.0381317138671875 -0.0948333740234375
0.0207672119140625 0.201522827148437 0.000755310058593748 -0.07476806640625
0.084014892578125 0.202301025390625 0.0508003234863281 -0.0336189270019531
0.136703491210938 0.153366088867188 0.115493774414063 -0.00807189941406249
0.177276611328125 0.087371826171875 0.151382446289063 -0.0305328369140625
0.195587158203125 -0.020751953125 0.152572631835938 -0.0877685546875
0.204925537109375 -0.0615997314453125 0.13909912109375 -0.1519775390625
0.16729736328125 -0.13165283203125 0.0542755126953125 -0.230880737304688
0.0941619873046875 -0.172500610351562 -0.00302124023437498 -0.270416259765625
0.104278564453125 -0.1474609375 0.0804214477539063 0.140037536621094
0.159698486328125 -0.048004150390625 -0.015960693359375 0.09185791015625
0.190460205078125 0.02984619140625 -0.138412475585938 0.0766830444335938
0.129486083984375 0.113471984863281 -0.1949462890625 0.00201416015625005
0.0711822509765625 0.15936279296875 -0.186782836914063 -0.095458984375
0.04730224609375 0.185272216796875 -0.133529663085937 -0.145797729492188
0.0287628173828125 0.175567626953125 -0.06549072265625 -0.166595458984375
0.023468017578125 0.161529541015625 -0.0341339111328125 -0.136268615722656
0.0777130126953125 0.154586791992188 -0.0010528564453125 -0.0770111083984375
0.117950439453125 0.1055908203125 0.0628662109375 -0.02899169921875
0.145111083984375 0.052703857421875 0.11651611328125 -0.0245361328125
0.153228759765625 -0.026153564453125 0.142578125 -0.080780029296875
0.159194946289063 -0.05877685546875 0.143829345703125 -0.16644287109375
0.132339477539063 -0.113807678222656 0.069915771484375 -0.276092529296875
0.07818603515625 -0.14752197265625 0.031158447265625 -0.32818603515625
0.0640945434570313 -0.0970687866210937 0.117073059082031 0.106193542480469
0.107559204101563 -0.02734375 0.0181350708007813 0.0794296264648438
0.119354248046875 0.02459716796875 -0.122055053710937 0.079620361328125
0.07684326171875 0.0748443603515625 -0.197555541992188 0.00608825683593748
0.0462799072265625 0.097320556640625 -0.192276000976562 -0.11090087890625
0.03668212890625 0.113059997558594 -0.143814086914063 -0.187286376953125
0.02178955078125 0.104873657226563 -0.0896148681640625 -0.217941284179687
0.0211181640625 0.0984725952148438 -0.06494140625 -0.1754150390625
0.0535507202148438 0.0917816162109375 -0.0421829223632812 -0.101089477539062
0.0761566162109375 0.0590057373046875 0.0226058959960938 -0.0369300842285156
0.093505859375 0.02886962890625 0.091949462890625 -0.01470947265625
0.096466064453125 -0.0144119262695313 0.138137817382813 -0.069488525390625
0.0977935791015625 -0.0371322631835938 0.148590087890625 -0.170745849609375
0.0863723754882813 -0.0722808837890625 0.084747314453125 -0.30474853515625
0.05340576171875 -0.09893798828125 0.056915283203125 -0.372406005859375
-0.0396766662597656 -0.00263595581054688 -0.04071044921875 0.41229248046875
-0.0172843933105469 0.0281848907470703 -0.0797119140625 0.330322265625
-0.0284996032714844 0.00932884216308593 -0.124526977539062 0.161468505859375
-0.0273818969726563 0.0113449096679688 -0.145034790039063 0.0834503173828125
-0.0197944641113281 -0.00502777099609375 -0.067901611328125 0.0146026611328125
-0.0269756317138672 -0.0127983093261719 0.0179367065429688 0.0406036376953125
-0.0291881561279297 -0.00671386718749999 0.0816421508789063 0.124069213867188
-0.0285587310791016 -0.00897026062011719 0.0861358642578125 0.194366455078125
-0.0273876190185547 -0.0195674896240234 0.113052368164062 0.249496459960938
-0.0263652801513672 -0.0178470611572266 0.160675048828125 0.228179931640625
-0.0268421173095703 -0.0207405090332031 0.22369384765625 0.0909881591796875
-0.0349979400634766 -0.00721549987792969 0.196319580078125 -0.0391082763671875
-0.0418853759765625 -0.0134544372558594 0.0929794311523438 -0.102203369140625
-0.0350437164306641 0.0109233856201172 -0.0369033813476562 -0.0972213745117188
-0.0469436645507813 0.0095977783203125 -0.15277099609375 -0.107925415039063
4.90320903385913E-18 -0.080078125 -0.04931640625 0.405242919921875
0.0296726226806641 -0.0283432006835937 -0.095458984375 0.315643310546875
0.0447807312011719 -0.0306282043457031 -0.13568115234375 0.155075073242188
0.0419235229492188 0.005157470703125 -0.150619506835938 0.071075439453125
0.0410728454589844 0.0218887329101563 -0.070159912109375 0.0100669860839844
0.02850341796875 0.0361061096191406 0.0184898376464844 0.0399818420410156
0.0108566284179687 0.0611419677734375 0.0831527709960938 0.11688232421875
-0.0178985595703125 0.0746688842773438 0.093170166015625 0.181411743164063
-0.0150909423828125 0.082366943359375 0.13665771484375 0.2322998046875
-0.0141067504882813 0.0825653076171875 0.190292358398438 0.20843505859375
0.00209045410156251 0.06719970703125 0.236984252929687 0.070709228515625
0.0303306579589844 0.0395736694335938 0.1951904296875 -0.0512847900390625
0.0421714782714844 0.013092041015625 0.0925140380859375 -0.104904174804687
0.0500373840332031 -0.0116500854492188 -0.0392913818359375 -0.0991134643554688
0.00845718383789062 -0.0451698303222656 -0.153839111328125 -0.103988647460937
0.0420989990234375 -0.147598266601563 -0.048797607421875 0.3751220703125
0.0811920166015625 -0.0748977661132813 -0.1082763671875 0.28167724609375
0.122222900390625 -0.056884765625 -0.150054931640625 0.14556884765625
0.111396789550781 0.0127410888671875 -0.162765502929688 0.05999755859375
0.0969161987304688 0.0615692138671875 -0.08624267578125 0.00634765625000002
0.075714111328125 0.094207763671875 -0.000177383422851557 0.0335350036621094
0.0439682006835938 0.127571105957031 0.0662307739257813 0.0913772583007813
-0.0046539306640625 0.147628784179688 0.0864028930664063 0.139129638671875
0.011566162109375 0.1678466796875 0.150039672851563 0.178512573242188
0.0263824462890625 0.162689208984375 0.21282958984375 0.156707763671875
0.0607681274414063 0.130729675292969 0.2425537109375 0.034423828125
0.108955383300781 0.05718994140625 0.191085815429688 -0.067626953125
0.128646850585938 0.0138168334960938 0.0992202758789063 -0.107917785644531
0.124671936035156 -0.0490570068359375 -0.0252914428710937 -0.1121826171875
0.0554962158203125 -0.100944519042969 -0.132011413574219 -0.119888305664063
0.0803375244140625 -0.192718505859375 -0.032562255859375 0.3226318359375
0.133697509765625 -0.102668762207031 -0.10723876953125 0.2318115234375
0.19439697265625 -0.060333251953125 -0.161819458007813 0.13037109375
0.171554565429688 0.039947509765625 -0.177947998046875 0.04693603515625
0.136146545410156 0.11395263671875 -0.115699768066406 -0.00328063964843751
0.1038818359375 0.156768798828125 -0.0356674194335937 0.0149116516113281
0.061981201171875 0.184555053710938 0.0346412658691406 0.0455703735351563
0.00932312011718751 0.199478149414063 0.0649566650390625 0.0742034912109375
0.048980712890625 0.220123291015625 0.139724731445313 0.102447509765625
0.0855255126953125 0.200958251953125 0.207962036132813 0.08740234375
0.134002685546875 0.14886474609375 0.227081298828125 -0.00456237792968749
0.181198120117188 0.0369873046875 0.180999755859375 -0.08416748046875
0.197662353515625 -0.0149078369140625 0.1129150390625 -0.11968994140625
0.172637939453125 -0.0961456298828125 -0.00022888183593748 -0.141357421875
0.0854034423828125 -0.148147583007813 -0.095458984375 -0.157272338867188
0.108306884765625 -0.208709716796875 0.000106811523437533 0.257553100585938
0.174148559570313 -0.104476928710938 -0.0887908935546875 0.17559814453125
0.242416381835938 -0.037933349609375 -0.164627075195312 0.110458374023438
0.2012939453125 0.080322265625 -0.1912841796875 0.0307159423828125
0.144989013671875 0.164382934570313 -0.14996337890625 -0.0262451171875
0.105422973632812 0.20819091796875 -0.0793533325195312 -0.0253219604492187
0.062957763671875 0.220062255859375 -0.00375747680664062 -0.0203304290771484
0.02166748046875 0.220260620117188 0.033294677734375 -0.00292968749999999
0.0818328857421875 0.231292724609375 0.101371765136719 0.0248565673828125
0.1339111328125 0.192611694335938 0.1695556640625 0.02581787109375
0.183547973632813 0.124618530273438 0.19183349609375 -0.0305023193359375
0.214813232421875 -0.0016021728515625 0.166976928710938 -0.0945587158203125
0.225936889648438 -0.0529327392578125 0.1268310546875 -0.140579223632813
0.18505859375 -0.13482666015625 0.0247344970703125 -0.18798828125
0.0966949462890625 -0.178070068359375 -0.053375244140625 -0.213882446289063
0.115997314453125 -0.193710327148437 0.044342041015625 0.191818237304688
0.187362670898438 -0.084686279296875 -0.0532455444335937 0.124900817871094
0.244171142578125 -0.001678466796875 -0.153579711914062 0.093536376953125
0.188079833984375 0.113632202148438 -0.19671630859375 0.0163116455078125
0.119537353515625 0.1881103515625 -0.177947998046875 -0.0590057373046875
0.0818328857421875 0.2239990234375 -0.11614990234375 -0.0835189819335937
0.0516357421875 0.221481323242188 -0.04083251953125 -0.0971603393554687
0.0291900634765625 0.209259033203125 -0.00397491455078124 -0.0782546997070312
0.09661865234375 0.206405639648438 0.0464057922363281 -0.0394668579101562
0.147415161132813 0.1531982421875 0.112861633300781 -0.0150527954101562
0.186874389648438 0.0832366943359375 0.150543212890625 -0.0365753173828125
0.202178955078125 -0.0298919677734375 0.1529541015625 -0.0954742431640625
0.20977783203125 -0.0742950439453125 0.136001586914063 -0.162582397460938
0.166732788085938 -0.146102905273438 0.0438079833984375 -0.2413330078125
0.0908050537109375 -0.180557250976563 -0.0142974853515625 -0.27886962890625
0.0987396240234375 -0.154708862304688 0.0910797119140625 0.138214111328125
0.164337158203125 -0.0559539794921875 -0.0104827880859375 0.0925140380859375
0.198944091796875 0.02301025390625 -0.134757995605469 0.0858688354492188
0.139793395996094 0.114990234375 -0.197280883789062 0.00994873046875002
0.079193115234375 0.164718627929687 -0.19171142578125 -0.089996337890625
0.053802490234375 0.19097900390625 -0.136810302734375 -0.143402099609375
0.03656005859375 0.1829833984375 -0.071441650390625 -0.170059204101563
0.0300750732421875 0.167617797851563 -0.04254150390625 -0.139595031738281
0.087921142578125 0.156448364257813 -0.00922393798828124 -0.081573486328125
0.125350952148438 0.104133605957031 0.0570220947265625 -0.0338935852050781
0.151748657226563 0.0482177734375 0.115013122558594 -0.0293960571289062
0.157760620117187 -0.0342559814453125 0.143142700195313 -0.087127685546875
0.161819458007813 -0.0692596435546875 0.140960693359375 -0.176528930664063
0.130287170410156 -0.125572204589844 0.05828857421875 -0.286834716796875
0.0747222900390625 -0.154373168945313 0.018280029296875 -0.339111328125
0.0589065551757813 -0.100311279296875 0.128158569335937 0.102546691894531
0.110885620117188 -0.0324020385742188 0.0255889892578125 0.0791244506835938
0.124847412109375 0.0201034545898438 -0.116966247558594 0.0888290405273438
0.0830078125 0.0758590698242188 -0.198638916015625 0.01605224609375
0.0506057739257812 0.100639343261719 -0.19732666015625 -0.105422973632813
0.0398941040039062 0.116096496582031 -0.14910888671875 -0.186370849609375
0.0264205932617188 0.109405517578125 -0.0982666015625 -0.221511840820313
0.0252151489257813 0.101806640625 -0.07537841796875 -0.178298950195313
0.0591583251953125 0.0928421020507813 -0.0532760620117188 -0.103721618652344
0.0797271728515625 0.0577850341796875 0.0142669677734375 -0.0394744873046875
0.0967025756835937 0.0252609252929687 0.0902023315429688 -0.016998291015625
0.098876953125 -0.0193634033203125 0.138931274414063 -0.0741653442382813
0.0990371704101563 -0.0431137084960938 0.145233154296875 -0.180831909179688
0.0849990844726563 -0.0798492431640625 0.071441650390625 -0.31732177734375
0.0508804321289062 -0.102684020996094 0.042755126953125 -0.385345458984375
-0.0441246032714844 0.0010528564453125 -0.00949096679687499 0.42926025390625
-0.0150203704833984 0.0283870697021484 -0.05615234375 0.34527587890625
-0.0297355651855469 0.0112323760986328 -0.119049072265625 0.17388916015625
-0.0261802673339844 0.0134983062744141 -0.143417358398438 0.0938873291015625
-0.0202503204345703 -0.00469779968261719 -0.0663108825683594 0.0178031921386719
-0.0296802520751953 -0.0118045806884766 0.0269584655761719 0.0382118225097656
-0.0303153991699219 -0.00395393371582032 0.0980987548828125 0.12066650390625
-0.0288562774658203 -0.006561279296875 0.102996826171875 0.194122314453125
-0.0287246704101563 -0.0176658630371094 0.133865356445313 0.252227783203125
-0.0280971527099609 -0.0168571472167969 0.179733276367188 0.226776123046875
-0.0289497375488281 -0.0195426940917969 0.23492431640625 0.0796661376953125
-0.0361709594726563 -0.00476074218750001 0.196884155273438 -0.056121826171875
-0.0442276000976563 -0.0107841491699219 0.084442138671875 -0.113311767578125
-0.0347785949707031 0.0132827758789063 -0.0499496459960937 -0.0972976684570313
-0.0480270385742188 0.01416015625 -0.1697998046875 -0.100326538085938
-0.00933837890625 -0.0828170776367188 -0.02001953125 0.422119140625
0.0296707153320313 -0.0332775115966797 -0.075775146484375 0.33087158203125
0.0429458618164063 -0.0362968444824219 -0.131088256835937 0.168136596679688
0.0449943542480469 0.00178146362304688 -0.14990234375 0.0814666748046875
0.0448036193847656 0.0186424255371094 -0.068695068359375 0.0131263732910156
0.0313758850097656 0.0350723266601563 0.0282440185546875 0.03753662109375
0.0170249938964844 0.0640144348144531 0.0990753173828125 0.113471984863281
-0.0117340087890625 0.0801849365234375 0.110107421875 0.179931640625
-0.00811004638671875 0.0879287719726562 0.15667724609375 0.230789184570313
-0.00782012939453124 0.0882644653320313 0.208984375 0.20361328125
0.00794219970703125 0.0719528198242188 0.24822998046875 0.0572357177734375
0.0356178283691406 0.0406074523925781 0.195327758789063 -0.068084716796875
0.0458412170410156 0.0111618041992188 0.0836257934570313 -0.115715026855469
0.0523948669433594 -0.0170860290527344 -0.0521469116210938 -0.100196838378906
0.00633621215820313 -0.0470504760742188 -0.1705322265625 -0.0960693359375
0.0291595458984375 -0.155792236328125 -0.021331787109375 0.390625
0.0794754028320313 -0.0859375 -0.090850830078125 0.296966552734375
0.121475219726563 -0.0705642700195313 -0.146072387695312 0.159286499023438
0.117591857910156 0.0042877197265625 -0.163619995117188 0.0711669921875
0.105438232421875 0.0558090209960937 -0.0857391357421875 0.0107192993164063
0.0843887329101563 0.091827392578125 0.00885009765625001 0.0334796905517578
0.0557098388671875 0.130218505859375 0.0792465209960938 0.088134765625
0.0069427490234375 0.155380249023438 0.0992584228515625 0.136764526367188
0.026611328125 0.1751708984375 0.16644287109375 0.1737060546875
0.040374755859375 0.169189453125 0.22894287109375 0.146835327148438
0.0743865966796875 0.134353637695313 0.250015258789063 0.018707275390625
0.119674682617188 0.0533370971679688 0.189895629882813 -0.0847930908203125
0.13665771484375 0.00476837158203125 0.0915374755859375 -0.119888305664063
0.126815795898438 -0.0617523193359375 -0.0383834838867187 -0.113929748535156
0.05230712890625 -0.108383178710937 -0.148056030273438 -0.114166259765625
0.0652313232421875 -0.20556640625 -0.00866699218750003 0.333709716796875
0.131988525390625 -0.117691040039063 -0.0949249267578125 0.244598388671875
0.195968627929688 -0.0793914794921875 -0.158203125 0.144195556640625
0.182037353515625 0.02825927734375 -0.17938232421875 0.0587921142578125
0.15106201171875 0.108169555664062 -0.116844177246094 0.00327301025390627
0.118331909179687 0.155349731445312 -0.0291423797607422 0.0170097351074219
0.0789642333984375 0.18896484375 0.0421905517578125 0.0433311462402344
0.02490234375 0.20806884765625 0.0719223022460937 0.0706634521484375
0.0690765380859375 0.226333618164063 0.149276733398438 0.094482421875
0.104690551757813 0.204910278320313 0.217636108398438 0.0747222900390625
0.1517333984375 0.14776611328125 0.231109619140625 -0.021148681640625
0.192428588867188 0.0262298583984375 0.178878784179687 -0.100357055664062
0.206069946289063 -0.0317230224609375 0.105140686035156 -0.132965087890625
0.172195434570313 -0.115570068359375 -0.0145111083984375 -0.146209716796875
0.0803070068359375 -0.160171508789063 -0.112197875976562 -0.156082153320313
0.0937042236328125 -0.223464965820312 0.020263671875 0.263717651367188
0.174407958984375 -0.122406005859375 -0.0797119140625 0.184127807617187
0.248031616210938 -0.0595550537109375 -0.1612548828125 0.124221801757813
0.216995239257813 0.069305419921875 -0.19415283203125 0.04339599609375
0.163543701171875 0.16168212890625 -0.153427124023438 -0.017364501953125
0.122802734375 0.209884643554688 -0.0766372680664062 -0.0208511352539062
0.0825958251953125 0.226425170898438 -0.00312995910644531 -0.0224246978759765
0.0386962890625 0.229415893554687 0.0325469970703125 -0.00667762756347655
0.10400390625 0.235260009765625 0.102706909179688 0.0164260864257813
0.154373168945313 0.191574096679687 0.172225952148438 0.0128173828125
0.200653076171875 0.116897583007813 0.192306518554688 -0.0449371337890625
0.22418212890625 -0.0177459716796875 0.163681030273438 -0.109573364257813
0.2318115234375 -0.0740814208984375 0.118804931640625 -0.155609130859375
0.180801391601563 -0.156661987304688 0.00807189941406253 -0.196304321289063
0.0886688232421875 -0.19158935546875 -0.072265625 -0.218002319335938
0.103271484375 -0.20745849609375 0.061859130859375 0.192047119140625
0.189788818359375 -0.1024169921875 -0.0454025268554687 0.129379272460938
0.254074096679688 -0.0216064453125 -0.149246215820312 0.1063232421875
0.2054443359375 0.106719970703125 -0.199905395507813 0.029876708984375
0.1380615234375 0.189361572265625 -0.185256958007812 -0.0484619140625
0.0998382568359375 0.2294921875 -0.119087219238281 -0.0774612426757812
0.07080078125 0.2294921875 -0.0471725463867187 -0.099334716796875
0.0457000732421875 0.217269897460938 -0.0118560791015625 -0.0818099975585937
0.116790771484375 0.207473754882813 0.0402793884277344 -0.045379638671875
0.163925170898438 0.149139404296875 0.109336853027344 -0.025421142578125
0.200286865234375 0.0728302001953125 0.14923095703125 -0.0476226806640625
0.207565307617187 -0.0469818115234375 0.150192260742187 -0.108566284179687
0.212509155273438 -0.0950469970703125 0.127166748046875 -0.1783447265625
0.16033935546875 -0.166915893554688 0.02484130859375 -0.2529296875
0.0829010009765625 -0.193511962890625 -0.036529541015625 -0.2879638671875
0.088897705078125 -0.164443969726563 0.107177734375 0.133407592773438
0.167587280273438 -0.0707244873046875 -0.00230407714843748 0.0934600830078125
0.20880126953125 0.0084686279296875 -0.128631591796875 0.0986328125
0.155197143554688 0.111328125 -0.199798583984375 0.0250244140625
0.0941162109375 0.168991088867188 -0.201522827148437 -0.0792388916015625
0.067291259765625 0.197280883789063 -0.14508056640625 -0.138809204101563
0.0519256591796875 0.189422607421875 -0.08416748046875 -0.172149658203125
0.043426513671875 0.1728515625 -0.05572509765625 -0.142410278320313
0.103317260742187 0.156463623046875 -0.0219192504882812 -0.0841522216796875
0.137016296386719 0.0994110107421875 0.0492630004882813 -0.0396766662597656
0.160232543945313 0.0384979248046875 0.112434387207031 -0.037139892578125
0.16070556640625 -0.04791259765625 0.140731811523438 -0.098724365234375
0.162368774414063 -0.0853271484375 0.131622314453125 -0.19268798828125
0.123809814453125 -0.141738891601563 0.0357666015625 -0.30108642578125
0.0668487548828125 -0.164337158203125 -0.00714111328125003 -0.353363037109375
0.0517730712890625 -0.10418701171875 0.143692016601563 0.0946044921875
0.113616943359375 -0.0419387817382812 0.03533935546875 0.0779571533203125
0.130645751953125 0.0116348266601562 -0.10955810546875 0.101493835449219
0.0930938720703125 0.0750885009765625 -0.199417114257813 0.0323028564453125
0.0595855712890625 0.103118896484375 -0.208694458007813 -0.0946197509765625
0.0467987060546875 0.119667053222656 -0.161392211914062 -0.18353271484375
0.0355453491210938 0.113121032714844 -0.115341186523437 -0.223648071289063
0.03338623046875 0.10516357421875 -0.0916595458984375 -0.179473876953125
0.0684280395507813 0.0917510986328125 -0.0682601928710938 -0.103240966796875
0.0858688354492188 0.0543289184570312 0.0039520263671875 -0.0415573120117188
0.10040283203125 0.0183792114257813 0.0877838134765625 -0.0220413208007813
0.101158142089844 -0.0281295776367188 0.138084411621094 -0.0853500366210938
0.0989456176757813 -0.0522842407226563 0.136550903320313 -0.196456909179687
0.0802383422851563 -0.089385986328125 0.04791259765625 -0.3331298828125
0.0451126098632813 -0.108932495117188 0.014617919921875 -0.40130615234375
-0.0462875366210938 0.00735855102539062 0.033538818359375 0.429473876953125
-0.0117568969726563 0.0269432067871094 -0.022979736328125 0.346832275390625
-0.0295581817626953 0.0140953063964844 -0.104904174804688 0.184341430664062
-0.02362060546875 0.0152339935302734 -0.1339111328125 0.104591369628906
-0.0205821990966797 -0.00381088256835938 -0.0617446899414063 0.0211448669433594
-0.0317306518554688 -0.00875091552734375 0.0356330871582031 0.0316429138183594
-0.0299434661865234 -0.00033378601074219 0.113693237304687 0.1083984375
-0.0282230377197266 -0.0037384033203125 0.121337890625 0.183761596679688
-0.0298671722412109 -0.0153026580810547 0.155929565429687 0.240966796875
-0.0290393829345703 -0.0146369934082031 0.198989868164063 0.21258544921875
-0.0303707122802734 -0.0164890289306641 0.240707397460938 0.0587005615234375
-0.0355148315429688 -0.00114822387695312 0.187820434570313 -0.0748748779296875
-0.0451698303222656 -0.00677871704101563 0.0690765380859375 -0.120368957519531
-0.0329799652099609 0.0162334442138672 -0.0628128051757813 -0.0916290283203125
-0.0464706420898438 0.0194129943847656 -0.18377685546875 -0.083587646484375
-0.0200119018554687 -0.0802688598632813 0.022216796875 0.421905517578125
0.0261459350585938 -0.0391769409179688 -0.044403076171875 0.3345947265625
0.0383338928222656 -0.0412979125976563 -0.117218017578125 0.178665161132812
0.0468673706054687 -0.00364303588867187 -0.142074584960938 0.0925750732421875
0.04693603515625 0.0128936767578125 -0.0648422241210938 0.0166435241699219
0.0340003967285156 0.0325355529785156 0.0374794006347656 0.0315437316894531
0.0247077941894531 0.0636520385742188 0.113502502441406 0.101478576660156
-0.00264739990234375 0.082672119140625 0.12640380859375 0.168563842773438
0.00218963623046874 0.0895538330078125 0.17767333984375 0.217071533203125
0.00169372558593749 0.0904617309570313 0.225677490234375 0.185195922851563
0.0158462524414062 0.0738906860351563 0.250381469726563 0.0350799560546875
0.0412406921386719 0.0385169982910156 0.185684204101563 -0.0868682861328125
0.0481529235839844 0.00730514526367187 0.0687332153320312 -0.123184204101562
0.0519561767578125 -0.0227279663085938 -0.0661239624023438 -0.0941314697265625
0.00363540649414062 -0.0477027893066406 -0.183441162109375 -0.079803466796875
0.0113372802734375 -0.157363891601563 0.016571044921875 0.38983154296875
0.0714035034179688 -0.0964126586914063 -0.063232421875 0.30224609375
0.112907409667969 -0.0834732055664063 -0.132858276367187 0.17108154296875
0.119346618652344 -0.007659912109375 -0.15625 0.08343505859375
0.111656188964844 0.0452423095703125 -0.0814590454101563 0.0160369873046875
0.0924835205078125 0.0845947265625 0.0184898376464844 0.0289535522460938
0.0703811645507813 0.126983642578125 0.0906906127929688 0.0783157348632813
0.0229339599609375 0.156982421875 0.111190795898438 0.125602722167969
0.045379638671875 0.174270629882813 0.1810302734375 0.157516479492188
0.0579681396484375 0.16851806640625 0.239227294921875 0.1260986328125
0.0891876220703125 0.131080627441406 0.24896240234375 -0.00378417968749999
0.1270751953125 0.043731689453125 0.178726196289063 -0.102508544921875
0.138626098632813 -0.00814056396484375 0.076385498046875 -0.128860473632813
0.122528076171875 -0.0756072998046875 -0.0528945922851562 -0.109321594238281
0.0441055297851563 -0.113876342773437 -0.161758422851562 -0.100418090820313
0.04351806640625 -0.209915161132813 0.02362060546875 0.332275390625
0.121475219726563 -0.133033752441406 -0.0738067626953125 0.250747680664062
0.188018798828125 -0.100143432617188 -0.145309448242188 0.1573486328125
0.187103271484375 0.0109100341796875 -0.173385620117188 0.073211669921875
0.16217041015625 0.0941314697265625 -0.113365173339844 0.0123062133789063
0.132553100585937 0.146194458007813 -0.0206165313720703 0.0170383453369141
0.0990447998046875 0.183975219726563 0.048583984375 0.0368270874023438
0.045013427734375 0.208145141601563 0.0772323608398438 0.0626754760742188
0.093505859375 0.221664428710938 0.154876708984375 0.07928466796875
0.126235961914063 0.197952270507813 0.220748901367188 0.0543212890625
0.16766357421875 0.13623046875 0.225845336914062 -0.0419158935546875
0.197235107421875 0.00897216796875 0.1666259765625 -0.11651611328125
0.204788208007813 -0.05230712890625 0.089599609375 -0.143539428710938
0.161651611328125 -0.134521484375 -0.0321807861328125 -0.143997192382813
0.0675506591796875 -0.168380737304687 -0.129135131835937 -0.145950317382813
0.070709228515625 -0.230926513671875 0.0458526611328125 0.259063720703125
0.163818359375 -0.141494750976563 -0.0642852783203125 0.188186645507812
0.242721557617188 -0.0843658447265625 -0.14862060546875 0.137359619140625
0.226165771484375 0.0498199462890625 -0.18878173828125 0.0597991943359375
0.180068969726563 0.1483154296875 -0.152191162109375 -0.00408935546874996
0.142440795898437 0.20123291015625 -0.0718765258789062 -0.015655517578125
0.106002807617188 0.221511840820313 -0.0036945343017578 -0.0244541168212891
0.0610809326171875 0.2283935546875 0.0300579071044922 -0.0108833312988281
0.128799438476563 0.227157592773437 0.0999069213867188 0.00569152832031251
0.17388916015625 0.179107666015625 0.167800903320312 -0.00364685058593749
0.213760375976563 0.10015869140625 0.18402099609375 -0.061370849609375
0.223709106445313 -0.0391998291015625 0.151275634765625 -0.12396240234375
0.225296020507813 -0.09808349609375 0.10162353515625 -0.16705322265625
0.165206909179688 -0.176788330078125 -0.0135345458984375 -0.195968627929687
0.0733642578125 -0.200973510742188 -0.0947113037109375 -0.211517333984375
0.082733154296875 -0.214492797851562 0.08087158203125 0.1829833984375
0.181976318359375 -0.122299194335938 -0.0345382690429687 0.130111694335938
0.2529296875 -0.046295166015625 -0.136978149414062 0.118919372558594
0.218215942382813 0.0896759033203125 -0.19451904296875 0.0471343994140625
0.157272338867188 0.180023193359375 -0.186782836914063 -0.0320587158203124
0.12078857421875 0.223831176757813 -0.120094299316406 -0.068511962890625
0.0941162109375 0.225296020507813 -0.0552444458007813 -0.0972976684570312
0.065826416015625 0.215316772460938 -0.0218734741210938 -0.0822219848632812
0.138885498046875 0.197662353515625 0.0308761596679688 -0.0498542785644531
0.179092407226563 0.13519287109375 0.100212097167969 -0.0356369018554687
0.207427978515625 0.0549774169921875 0.140243530273438 -0.0597305297851563
0.20367431640625 -0.06805419921875 0.138450622558594 -0.120765686035156
0.202896118164063 -0.1177978515625 0.1080322265625 -0.1903076171875
0.142608642578125 -0.184661865234375 -0.00238037109375 -0.253890991210938
0.0661163330078125 -0.201828002929688 -0.0653076171875 -0.284637451171875
0.0734710693359375 -0.169647216796875 0.121078491210938 0.119987487792969
0.163375854492188 -0.087982177734375 0.00686645507812502 0.0902328491210938
0.210800170898438 -0.0111846923828125 -0.115676879882812 0.109771728515625
0.167648315429687 0.0999298095703125 -0.194107055664063 0.0432586669921875
0.110122680664063 0.163848876953125 -0.20587158203125 -0.0608520507812499
0.084442138671875 0.195648193359375 -0.151962280273438 -0.127395629882812
0.07073974609375 0.187118530273438 -0.0984649658203125 -0.166915893554688
0.0593719482421875 0.170303344726562 -0.0708694458007813 -0.138214111328125
0.119186401367187 0.146560668945313 -0.0350341796875 -0.081298828125
0.145904541015625 0.08758544921875 0.0380744934082031 -0.043609619140625
0.16241455078125 0.023681640625 0.104637145996094 -0.0449371337890625
0.156082153320313 -0.0642547607421875 0.130569458007813 -0.109809875488281
0.153717041015625 -0.10211181640625 0.111770629882813 -0.204803466796875
0.107894897460938 -0.154983520507813 0.00460815429687501 -0.3031005859375
0.05218505859375 -0.171112060546875 -0.04095458984375 -0.3525390625
0.0421676635742187 -0.105758666992188 0.1558837890625 0.077880859375
0.110671997070313 -0.0543365478515625 0.0441207885742188 0.0717697143554687
0.131942749023438 -0.00038909912109375 -0.0945663452148437 0.111907958984375
0.101860046386719 0.0681304931640625 -0.192550659179687 0.050933837890625
0.0687637329101563 0.0999755859375 -0.21441650390625 -0.07562255859375
0.05621337890625 0.118614196777344 -0.173019409179687 -0.171173095703125
0.0469436645507812 0.111228942871094 -0.13458251953125 -0.2158203125
0.0430679321289062 0.102455139160156 -0.109283447265625 -0.171173095703125
0.07720947265625 0.08551025390625 -0.08319091796875 -0.0951156616210937
0.0899810791015625 0.0469436645507813 -0.00705718994140625 -0.0397453308105469
0.100326538085938 0.008941650390625 0.0811920166015625 -0.0279922485351562
0.0982284545898438 -0.0382156372070313 0.129364013671875 -0.09625244140625
0.0933380126953125 -0.062103271484375 0.1170654296875 -0.207916259765625
0.07012939453125 -0.0978622436523438 0.013519287109375 -0.335693359375
0.0348739624023438 -0.112403869628906 -0.02325439453125 -0.4027099609375
-0.04595947265625 0.0129966735839844 0.064544677734375 0.409942626953125
-0.00984573364257813 0.0239410400390625 0.00180053710937501 0.334136962890625
-0.0284690856933594 0.0165939331054688 -0.0897369384765625 0.185653686523438
-0.0203342437744141 0.0155887603759766 -0.121849060058594 0.1085205078125
-0.0204906463623047 -0.00344085693359375 -0.0559844970703125 0.0213508605957031
-0.0317020416259766 -0.00632286071777344 0.0403709411621094 0.0233573913574219
-0.0276889801025391 0.00245475769042969 0.120223999023437 0.0933914184570313
-0.0258998870849609 -0.0013885498046875 0.128982543945313 0.167617797851563
-0.0290775299072266 -0.0128421783447266 0.166641235351563 0.22222900390625
-0.0289115905761719 -0.0124855041503906 0.205062866210938 0.19305419921875
-0.0300617218017578 -0.0136489868164063 0.234405517578125 0.0407257080078125
-0.0331554412841797 0.00146293640136718 0.173095703125 -0.0852813720703125
-0.04376220703125 -0.00281524658203124 0.054718017578125 -0.120071411132813
-0.0302371978759766 0.0172462463378906 -0.0709381103515625 -0.0820465087890625
-0.0435104370117188 0.0227813720703125 -0.1871337890625 -0.0664215087890625
-0.0264892578125 -0.0744171142578125 0.052337646484375 0.404541015625
0.0217628479003906 -0.0423622131347656 -0.021087646484375 0.32366943359375
0.0326194763183594 -0.0429458618164063 -0.102737426757813 0.180831909179687
0.0456085205078125 -0.007965087890625 -0.130706787109375 0.0975799560546875
0.0462875366210938 0.00821685791015625 -0.0591278076171875 0.0174179077148438
0.0352706909179688 0.029266357421875 0.0426559448242188 0.0226402282714844
0.03021240234375 0.0605659484863281 0.119277954101563 0.0861282348632813
0.00468444824218749 0.0811004638671875 0.132980346679688 0.152236938476563
0.00970458984375 0.0870742797851563 0.185455322265625 0.197265625
0.00923919677734375 0.088470458984375 0.229049682617188 0.165069580078125
0.0224227905273438 0.0725555419921875 0.242340087890625 0.01763916015625
0.0446853637695313 0.0356292724609375 0.16961669921875 -0.096435546875
0.0481948852539063 0.0042572021484375 0.0537185668945312 -0.12371826171875
0.0500373840332031 -0.0266189575195312 -0.07391357421875 -0.0847549438476563
0.000961303710937502 -0.0465164184570313 -0.186355590820313 -0.0629730224609375
-0.00175476074218751 -0.151031494140625 0.04400634765625 0.37371826171875
0.0615997314453125 -0.10076904296875 -0.04229736328125 0.294189453125
0.101974487304688 -0.0897674560546875 -0.117263793945313 0.173934936523437
0.1162109375 -0.0169219970703125 -0.145217895507813 0.08953857421875
0.111373901367188 0.0347061157226563 -0.075286865234375 0.018768310546875
0.0956497192382812 0.0760574340820313 0.0246486663818359 0.0225868225097656
0.0790786743164063 0.118980407714844 0.0950469970703125 0.0659713745117188
0.0344390869140625 0.151962280273438 0.114677429199219 0.112030029296875
0.0585784912109375 0.165863037109375 0.184112548828125 0.138259887695313
0.070098876953125 0.16064453125 0.237548828125 0.105606079101563
0.0979156494140625 0.123954772949219 0.238235473632813 -0.0193634033203125
0.128005981445313 0.034454345703125 0.162490844726562 -0.1102294921875
0.135589599609375 -0.0175933837890625 0.0614242553710937 -0.129562377929688
0.113510131835937 -0.083648681640625 -0.0624237060546875 -0.100372314453125
0.0364761352539062 -0.114349365234375 -0.16656494140625 -0.08502197265625
0.025482177734375 -0.20379638671875 0.046295166015625 0.316375732421875
0.107612609863281 -0.139495849609375 -0.0570068359375 0.245086669921875
0.173309326171875 -0.111526489257813 -0.1298828125 0.160934448242188
0.183029174804688 -0.0032806396484375 -0.16192626953125 0.08099365234375
0.16375732421875 0.07977294921875 -0.1060791015625 0.0175399780273438
0.138832092285156 0.133468627929688 -0.0136203765869141 0.0142621994018555
0.111465454101563 0.17181396484375 0.0507774353027344 0.0294418334960938
0.059417724609375 0.200424194335938 0.0768280029296875 0.0537490844726563
0.108367919921875 0.208633422851563 0.152267456054688 0.064208984375
0.138626098632813 0.184844970703125 0.212799072265625 0.0369873046875
0.174789428710938 0.122879028320313 0.212020874023438 -0.05413818359375
0.193527221679688 -0.004669189453125 0.150131225585938 -0.122848510742188
0.195816040039062 -0.066131591796875 0.0734100341796875 -0.14404296875
0.146392822265625 -0.143646240234375 -0.043853759765625 -0.135032653808594
0.055389404296875 -0.16912841796875 -0.13726806640625 -0.131240844726563
0.051666259765625 -0.225418090820313 0.0619354248046875 0.244415283203125
0.149017333984375 -0.150955200195313 -0.0519256591796875 0.18426513671875
0.228042602539063 -0.10009765625 -0.133316040039062 0.142105102539063
0.224441528320313 0.0325927734375 -0.1767578125 0.0691375732421875
0.186187744140625 0.13189697265625 -0.144760131835938 0.00544738769531251
0.152236938476562 0.18707275390625 -0.0650177001953125 -0.0132713317871094
0.120376586914063 0.2078857421875 -0.00456619262695312 -0.0258464813232422
0.075531005859375 0.219070434570313 0.0255317687988281 -0.0138912200927734
0.143280029296875 0.210479736328125 0.09295654296875 -0.00284576416015624
0.182952880859375 0.163101196289063 0.15643310546875 -0.0151824951171875
0.21563720703125 0.08331298828125 0.169631958007813 -0.0699310302734375
0.214553833007813 -0.0543365478515625 0.135780334472656 -0.128440856933594
0.211578369140625 -0.113616943359375 0.0830535888671875 -0.16790771484375
0.14569091796875 -0.184600830078125 -0.0299224853515625 -0.186782836914063
0.0582427978515625 -0.201004028320313 -0.10797119140625 -0.19757080078125
0.065185546875 -0.2105712890625 0.090972900390625 0.16815185546875
0.16839599609375 -0.1334228515625 -0.0267105102539062 0.126121520996094
0.241958618164063 -0.062347412109375 -0.121749877929687 0.123451232910156
0.22021484375 0.07269287109375 -0.1826171875 0.0582122802734375
0.165573120117188 0.165786743164063 -0.180023193359375 -0.0184783935546875
0.132965087890625 0.212234497070313 -0.114891052246094 -0.060577392578125
0.108505249023437 0.212417602539063 -0.0601272583007812 -0.0926742553710937
0.0788726806640625 0.205596923828125 -0.02960205078125 -0.078643798828125
0.1497802734375 0.18017578125 0.0216598510742188 -0.0500030517578125
0.184234619140625 0.11944580078125 0.0881118774414063 -0.040252685546875
0.20513916015625 0.039215087890625 0.126983642578125 -0.0644912719726563
0.191970825195313 -0.08135986328125 0.123611450195313 -0.124122619628906
0.187393188476563 -0.130523681640625 0.0886077880859375 -0.190673828125
0.1220703125 -0.189788818359375 -0.023284912109375 -0.243545532226563
0.050933837890625 -0.200790405273438 -0.084320068359375 -0.270065307617188
0.060455322265625 -0.167007446289063 0.126579284667969 0.104438781738281
0.152297973632813 -0.0987091064453125 0.0118865966796875 0.084381103515625
0.203765869140625 -0.02520751953125 -0.100326538085937 0.113838195800781
0.172088623046875 0.0867156982421875 -0.180938720703125 0.0540924072265625
0.118576049804688 0.153823852539063 -0.200714111328125 -0.0447235107421875
0.0955810546875 0.18695068359375 -0.150177001953125 -0.115631103515625
0.082733154296875 0.176849365234375 -0.10662841796875 -0.157577514648438
0.0692596435546875 0.161880493164063 -0.080230712890625 -0.12896728515625
0.1270751953125 0.132514953613281 -0.0442657470703125 -0.0751724243164062
0.147689819335938 0.0755615234375 0.0269432067871094 -0.0425453186035156
0.15838623046875 0.011566162109375 0.0938034057617188 -0.0475616455078125
0.145782470703125 -0.0741424560546875 0.118324279785156 -0.112648010253906
0.140625 -0.111038208007813 0.0916290283203125 -0.204574584960938
0.0904998779296875 -0.157958984375 -0.019989013671875 -0.2913818359375
0.039215087890625 -0.1689453125 -0.0657958984375 -0.33697509765625
0.034576416015625 -0.102279663085938 0.157669067382812 0.0609130859375
0.103317260742188 -0.0620498657226563 0.0481529235839844 0.0640449523925781
0.127952575683594 -0.009033203125 -0.0789566040039063 0.114768981933594
0.105491638183594 0.0600357055664063 -0.177597045898438 0.06243896484375
0.0735855102539063 0.0943527221679688 -0.209274291992188 -0.05889892578125
0.061798095703125 0.113723754882812 -0.174392700195312 -0.1566162109375
0.0532073974609375 0.104743957519531 -0.143890380859375 -0.201583862304688
0.0482101440429688 0.0968551635742188 -0.118438720703125 -0.157882690429687
0.0805587768554688 0.0768890380859375 -0.0911026000976563 -0.0842514038085937
0.0897216796875 0.0401077270507813 -0.0162620544433594 -0.0349864959716797
0.0962982177734375 0.0017852783203125 0.0725936889648438 -0.0288314819335938
0.09130859375 -0.0448150634765625 0.118293762207031 -0.0994949340820313
0.0851593017578125 -0.0670318603515625 0.0968780517578125 -0.207778930664063
0.0585784912109375 -0.0989227294921875 -0.013275146484375 -0.323486328125
0.0258636474609375 -0.110305786132813 -0.052032470703125 -0.386810302734375
-0.044677734375 0.0172348022460938 0.07574462890625 0.393035888671875
-0.0106792449951172 0.0215950012207031 0.0111083984375 0.321685791015625
-0.0272922515869141 0.0177268981933594 -0.0820770263671875 0.182937622070313
-0.0184555053710938 0.0146083831787109 -0.114753723144531 0.10638427734375
-0.0202426910400391 -0.00396347045898437 -0.0519790649414063 0.0184478759765625
-0.0313453674316406 -0.00496482849121094 0.0423660278320313 0.01690673828125
-0.0249385833740234 0.00342941284179687 0.121131896972656 0.0828704833984375
-0.0233516693115234 -0.000444412231445316 0.128890991210937 0.1580810546875
-0.0276813507080078 -0.0110702514648437 0.16632080078125 0.210220336914062
-0.0283470153808594 -0.0113201141357422 0.203109741210938 0.182525634765625
-0.0287399291992188 -0.0123176574707031 0.2257080078125 0.03350830078125
-0.0307559967041016 0.00208282470703125 0.16082763671875 -0.086822509765625
-0.0422782897949219 -0.000869750976562501 0.0456161499023438 -0.116371154785156
-0.0280494689941406 0.0167045593261719 -0.0743637084960938 -0.0758285522460937
-0.0409393310546875 0.0243034362792969 -0.187515258789062 -0.056304931640625
-0.0288505554199219 -0.0687255859375 0.06341552734375 0.38751220703125
0.0185585021972656 -0.0440444946289063 -0.012115478515625 0.31292724609375
0.0292129516601563 -0.0424308776855469 -0.094512939453125 0.177978515625
0.0450363159179688 -0.0104866027832031 -0.123664855957031 0.0957870483398437
0.0450401306152344 0.00528717041015625 -0.0555343627929688 0.0154495239257812
0.0349140167236328 0.0276679992675781 0.0446891784667969 0.0158042907714844
0.0331687927246094 0.058074951171875 0.120162963867188 0.0764541625976563
0.00898742675781251 0.0793304443359375 0.131683349609375 0.142532348632813
0.0135269165039062 0.08428955078125 0.183929443359375 0.184478759765625
0.0132217407226562 0.0864639282226563 0.22503662109375 0.15460205078125
0.0259475708007812 0.071502685546875 0.233001708984375 0.010986328125
0.0468292236328125 0.034149169921875 0.158676147460938 -0.097442626953125
0.0487098693847656 0.00313568115234375 0.044830322265625 -0.120330810546875
0.0487632751464844 -0.0286636352539063 -0.0775985717773438 -0.0779190063476563
0.000652313232421873 -0.0450706481933594 -0.185867309570313 -0.053131103515625
-0.00735473632812501 -0.144195556640625 0.053924560546875 0.358673095703125
0.0550918579101563 -0.1014404296875 -0.0352783203125 0.28546142578125
0.0947036743164063 -0.0903396606445313 -0.109146118164062 0.17132568359375
0.113258361816406 -0.0212173461914063 -0.137710571289063 0.0889739990234375
0.109344482421875 0.0297164916992188 -0.0709075927734375 0.0175247192382813
0.0954055786132813 0.0712356567382813 0.0279312133789063 0.0161952972412109
0.082550048828125 0.113151550292969 0.0955429077148438 0.05804443359375
0.03985595703125 0.147872924804688 0.112495422363281 0.104232788085938
0.064056396484375 0.159530639648438 0.179000854492188 0.127029418945313
0.075347900390625 0.1556396484375 0.230331420898438 0.096343994140625
0.101875305175781 0.119415283203125 0.227447509765625 -0.0243377685546875
0.127922058105469 0.0309677124023438 0.151412963867188 -0.109771728515625
0.132911682128906 -0.0210189819335938 0.0521087646484375 -0.126068115234375
0.10833740234375 -0.086090087890625 -0.0665206909179688 -0.0938034057617187
0.0334243774414063 -0.112594604492187 -0.166549682617188 -0.0758209228515625
0.0181732177734375 -0.19647216796875 0.053863525390625 0.3033447265625
0.09881591796875 -0.140625 -0.0510711669921875 0.238601684570313
0.164093017578125 -0.113937377929688 -0.120941162109375 0.158859252929688
0.179244995117188 -0.009124755859375 -0.153671264648438 0.0811309814453125
0.162689208984375 0.072479248046875 -0.100074768066406 0.0180740356445313
0.139228820800781 0.126358032226562 -0.00838279724121093 0.00969886779785157
0.114974975585938 0.164169311523437 0.0509796142578125 0.0249481201171875
0.064971923828125 0.195053100585938 0.0738754272460938 0.0491943359375
0.113601684570313 0.198989868164063 0.145858764648438 0.0559539794921875
0.142929077148437 0.176605224609375 0.204010009765625 0.0302734375
0.176132202148438 0.115493774414063 0.200851440429688 -0.056549072265625
0.189697265625 -0.009765625 0.139968872070313 -0.121467590332031
0.189041137695313 -0.0708770751953125 0.0638580322265625 -0.140823364257813
0.137069702148438 -0.1453857421875 -0.0493011474609375 -0.1273193359375
0.0498809814453125 -0.166763305664062 -0.138923645019531 -0.121955871582031
0.0435943603515625 -0.218353271484375 0.0664520263671875 0.232772827148438
0.139312744140625 -0.152557373046875 -0.0484619140625 0.180099487304688
0.219085693359375 -0.104736328125 -0.123809814453125 0.140052795410156
0.221450805664063 0.0251312255859375 -0.16754150390625 0.0705718994140625
0.186065673828125 0.1241455078125 -0.137969970703125 0.00828552246093749
0.155120849609375 0.1793212890625 -0.0585174560546875 -0.0149078369140625
0.124542236328125 0.199111938476563 -0.00572586059570312 -0.0266304016113281
0.0805816650390625 0.212356567382813 0.0218887329101563 -0.014291763305664
0.147659301757813 0.199813842773438 0.0858383178710938 -0.00651550292968749
0.18511962890625 0.15325927734375 0.146347045898438 -0.0184783935546875
0.214187622070313 0.0756072998046875 0.158950805664063 -0.07000732421875
0.20733642578125 -0.05950927734375 0.126266479492188 -0.125770568847656
0.201309204101563 -0.11773681640625 0.0724639892578125 -0.164291381835938
0.13360595703125 -0.185150146484375 -0.0367431640625 -0.178207397460938
0.0514984130859375 -0.198196411132813 -0.111373901367188 -0.1875
0.05828857421875 -0.20489501953125 0.09234619140625 0.157638549804688
0.159133911132813 -0.136764526367188 -0.0250167846679687 0.122085571289062
0.234222412109375 -0.06793212890625 -0.111808776855469 0.122077941894531
0.218856811523437 0.0652313232421875 -0.1729736328125 0.0599212646484375
0.1671142578125 0.158798217773438 -0.1729736328125 -0.0129852294921875
0.13671875 0.205291748046875 -0.108718872070312 -0.058563232421875
0.113250732421875 0.20355224609375 -0.0612030029296875 -0.0902023315429687
0.082794189453125 0.1986083984375 -0.0335769653320312 -0.0747299194335937
0.152587890625 0.169998168945312 0.0149345397949219 -0.0491371154785156
0.184097290039063 0.111129760742188 0.0783843994140625 -0.0397186279296875
0.201065063476562 0.0325469970703125 0.117828369140625 -0.0625228881835938
0.183380126953125 -0.0852508544921875 0.115402221679688 -0.121437072753906
0.177215576171875 -0.133682250976563 0.0774383544921875 -0.186309814453125
0.109954833984375 -0.18841552734375 -0.03179931640625 -0.232864379882813
0.04412841796875 -0.197158813476562 -0.0904083251953125 -0.259109497070313
0.05487060546875 -0.161834716796875 0.126129150390625 0.0948867797851563
0.144607543945313 -0.102615356445313 0.0123443603515625 0.0804901123046875
0.1988525390625 -0.0307159423828125 -0.0904159545898437 0.112770080566406
0.172607421875 0.0805511474609375 -0.170379638671875 0.0569610595703125
0.1207275390625 0.149154663085938 -0.192794799804688 -0.038116455078125
0.098663330078125 0.18218994140625 -0.1446533203125 -0.110809326171875
0.0863189697265625 0.169769287109375 -0.108139038085938 -0.151214599609375
0.0714111328125 0.15625 -0.083648681640625 -0.122001647949219
0.127609252929688 0.124458312988281 -0.0490989685058594 -0.0700302124023437
0.145980834960938 0.069061279296875 0.0188026428222656 -0.0388565063476562
0.153060913085937 0.00732421875 0.0861053466796875 -0.0447006225585938
0.137939453125 -0.0770111083984375 0.110565185546875 -0.110389709472656
0.132339477539063 -0.113006591796875 0.080902099609375 -0.199111938476563
0.080596923828125 -0.156173706054688 -0.0297088623046875 -0.27978515625
0.0333099365234375 -0.165252685546875 -0.074371337890625 -0.3245849609375
0.03173828125 -0.098785400390625 0.155975341796875 0.0516357421875
0.0974578857421875 -0.0654296875 0.0485687255859375 0.0595741271972656
0.124488830566406 -0.0124740600585938 -0.068695068359375 0.113166809082031
0.106201171875 0.0561599731445313 -0.166824340820313 0.0648651123046875
0.0748825073242187 0.0916900634765625 -0.201705932617188 -0.051605224609375
0.0633544921875 0.111763000488281 -0.170379638671875 -0.150039672851563
0.0546875 0.100593566894531 -0.144973754882813 -0.193588256835938
0.0488052368164063 0.093231201171875 -0.119888305664063 -0.149200439453125
0.0800399780273438 0.0717086791992188 -0.094207763671875 -0.0767669677734375
0.0882492065429688 0.03704833984375 -0.0227508544921875 -0.0291328430175781
0.0918121337890625 -0.000457763671875 0.06646728515625 -0.0261993408203125
0.0865631103515625 -0.045867919921875 0.111297607421875 -0.0978546142578125
0.0802841186523438 -0.0676956176757813 0.086578369140625 -0.20263671875
0.0524063110351563 -0.0973052978515625 -0.02447509765625 -0.31072998046875
0.0219497680664063 -0.106674194335938 -0.06170654296875 -0.373870849609375
-0.0439338684082031 0.0210037231445313 0.080657958984375 0.391326904296875
-0.0117454528808594 0.0206432342529297 0.01324462890625 0.322235107421875
-0.0273208618164062 0.0195465087890625 -0.0803985595703125 0.184951782226562
-0.0171651840209961 0.0137605667114258 -0.113739013671875 0.106338500976562
-0.0212993621826172 -0.00486564636230469 -0.0511207580566406 0.0162010192871094
-0.0316791534423828 -0.00423622131347656 0.0443458557128906 0.0120391845703125
-0.0235042572021484 0.00355339050292968 0.124221801757813 0.0786361694335938
-0.0213279724121094 -0.00029563903808594 0.129776000976563 0.1566162109375
-0.0272502899169922 -0.0102252960205078 0.167709350585937 0.20977783203125
-0.0287933349609375 -0.0111675262451172 0.20458984375 0.182449340820313
-0.0284862518310547 -0.0121212005615234 0.225372314453125 0.0321197509765625
-0.0293655395507812 0.00207138061523438 0.157958984375 -0.0881500244140625
-0.0416717529296875 0.00012588500976562 0.0411911010742188 -0.1158447265625
-0.0273628234863281 0.0162601470947266 -0.0780868530273438 -0.0733642578125
-0.0402717590332031 0.02606201171875 -0.192581176757813 -0.051544189453125
-0.0301437377929688 -0.0664825439453125 0.06884765625 0.387359619140625
0.0162734985351563 -0.0459976196289063 -0.010406494140625 0.314208984375
0.0284690856933594 -0.0426177978515625 -0.0930023193359375 0.17962646484375
0.0461158752441406 -0.012115478515625 -0.122932434082031 0.0960769653320312
0.0446548461914062 0.00410079956054688 -0.0544013977050781 0.0129585266113281
0.03546142578125 0.0272979736328125 0.0472831726074219 0.0107345581054688
0.0362663269042969 0.0575981140136719 0.122993469238281 0.072296142578125
0.0121612548828125 0.0806655883789063 0.1319580078125 0.141464233398438
0.0164031982421875 0.08544921875 0.18353271484375 0.183013916015625
0.0157852172851563 0.0879364013671875 0.226242065429688 0.153289794921875
0.02886962890625 0.0732040405273438 0.232528686523438 0.0102691650390625
0.0495719909667969 0.0344963073730469 0.155471801757812 -0.098052978515625
0.0508613586425781 0.00313949584960938 0.040252685546875 -0.120346069335937
0.049224853515625 -0.0308151245117188 -0.081512451171875 -0.075714111328125
0.0018157958984375 -0.0455284118652344 -0.19024658203125 -0.0492706298828125
-0.00926208496093749 -0.14337158203125 0.058563232421875 0.358001708984375
0.0528182983398438 -0.103713989257813 -0.034332275390625 0.287933349609375
0.093658447265625 -0.0923004150390625 -0.107559204101563 0.172882080078125
0.114715576171875 -0.0240249633789063 -0.137557983398438 0.089324951171875
0.110206604003906 0.0279083251953125 -0.0699119567871094 0.0159072875976563
0.0970458984375 0.0709762573242188 0.0309295654296875 0.0112667083740234
0.086639404296875 0.112922668457031 0.0973739624023437 0.0548095703125
0.0442352294921875 0.149795532226562 0.111885070800781 0.103424072265625
0.0682373046875 0.1605224609375 0.177780151367188 0.124771118164063
0.08050537109375 0.156524658203125 0.23077392578125 0.09521484375
0.106956481933594 0.120681762695312 0.226242065429688 -0.024810791015625
0.131683349609375 0.0309906005859375 0.148941040039063 -0.11077880859375
0.135406494140625 -0.0227432250976562 0.0478134155273438 -0.126068115234375
0.108505249023438 -0.0894851684570313 -0.0702362060546875 -0.0908203125
0.0342178344726562 -0.114540100097656 -0.170486450195312 -0.0724029541015625
0.016357421875 -0.196640014648438 0.056915283203125 0.302642822265625
0.0959930419921875 -0.143600463867188 -0.0516357421875 0.24078369140625
0.163314819335938 -0.116729736328125 -0.118743896484375 0.160171508789063
0.182144165039063 -0.012359619140625 -0.153060913085938 0.0816650390625
0.165054321289063 0.0711212158203125 -0.0985946655273437 0.0174942016601563
0.143051147460938 0.1268310546875 -0.00500440597534179 0.00560283660888673
0.119659423828125 0.164169311523438 0.0513877868652344 0.022705078125
0.0696868896484375 0.197097778320313 0.0724868774414063 0.0485458374023438
0.119033813476563 0.198715209960937 0.142532348632812 0.053955078125
0.149139404296875 0.176589965820312 0.202224731445313 0.0285186767578125
0.182373046875 0.115966796875 0.198898315429688 -0.0564117431640625
0.19305419921875 -0.0115509033203125 0.1376953125 -0.120986938476562
0.190704345703125 -0.07452392578125 0.059417724609375 -0.14117431640625
0.13543701171875 -0.149169921875 -0.0533447265625 -0.125495910644531
0.05010986328125 -0.169754028320313 -0.142486572265625 -0.120315551757813
0.0417633056640625 -0.2191162109375 0.0689544677734375 0.231460571289063
0.136978149414063 -0.157028198242188 -0.0498809814453125 0.182525634765625
0.219635009765625 -0.108245849609375 -0.121124267578125 0.141647338867187
0.226165771484375 0.0225982666015625 -0.1669921875 0.0709075927734375
0.190078735351563 0.1240234375 -0.136444091796875 0.00879669189453126
0.159103393554687 0.1810302734375 -0.0549888610839844 -0.0181045532226562
0.129623413085938 0.19927978515625 -0.00590324401855468 -0.028146743774414
0.084136962890625 0.214401245117188 0.0191383361816406 -0.0138626098632812
0.152984619140625 0.1982421875 0.081298828125 -0.00766754150390624
0.190582275390625 0.152587890625 0.142333984375 -0.01873779296875
0.218765258789062 0.0743408203125 0.156631469726563 -0.0683135986328125
0.208648681640625 -0.06219482421875 0.1243896484375 -0.1248779296875
0.201919555664063 -0.122100830078125 0.0686492919921875 -0.16436767578125
0.130706787109375 -0.18890380859375 -0.0408935546875 -0.176483154296875
0.05078125 -0.200851440429688 -0.115493774414062 -0.186737060546875
0.0570068359375 -0.205734252929688 0.094390869140625 0.15576171875
0.157516479492188 -0.14056396484375 -0.026092529296875 0.123680114746094
0.236328125 -0.07135009765625 -0.107872009277344 0.123245239257812
0.22479248046875 0.0637359619140625 -0.171340942382813 0.0600433349609375
0.171981811523438 0.16070556640625 -0.1719970703125 -0.0121917724609375
0.141738891601563 0.208023071289062 -0.105567932128906 -0.0611572265625
0.117340087890625 0.204879760742188 -0.0628662109375 -0.0902938842773437
0.0859375 0.20086669921875 -0.0370254516601562 -0.0735549926757812
0.156326293945313 0.168197631835938 0.00989913940429689 -0.0491104125976562
0.188018798828125 0.109756469726563 0.073333740234375 -0.0385971069335937
0.20330810546875 0.0311279296875 0.115509033203125 -0.060211181640625
0.183547973632813 -0.0880279541015625 0.114402770996094 -0.12054443359375
0.175643920898438 -0.13836669921875 0.073974609375 -0.186264038085938
0.106216430664062 -0.191146850585938 -0.036346435546875 -0.230972290039063
0.0428009033203125 -0.199554443359375 -0.0941925048828125 -0.259307861328125
0.0543060302734375 -0.1629638671875 0.128021240234375 0.091705322265625
0.14306640625 -0.106277465820313 0.0123977661132813 0.0812606811523438
0.2010498046875 -0.0330963134765625 -0.0851898193359375 0.113197326660156
0.177459716796875 0.0802764892578125 -0.167861938476563 0.0577239990234375
0.125 0.151718139648438 -0.192031860351563 -0.0364990234375
0.103225708007812 0.185653686523437 -0.143051147460938 -0.113021850585937
0.089599609375 0.170578002929688 -0.110382080078125 -0.151702880859375
0.073333740234375 0.158432006835937 -0.0864715576171875 -0.120597839355469
0.129890441894531 0.123054504394531 -0.0538101196289063 -0.0686531066894531
0.14886474609375 0.068084716796875 0.013275146484375 -0.0360450744628906
0.154098510742188 0.0062103271484375 0.0838851928710938 -0.0413665771484375
0.13739013671875 -0.0790328979492188 0.109962463378906 -0.109764099121094
0.130973815917969 -0.116325378417969 0.0773162841796875 -0.198623657226563
0.076995849609375 -0.157623291015625 -0.0352935791015625 -0.278564453125
0.03265380859375 -0.166366577148438 -0.0782470703125 -0.32568359375
0.0317916870117187 -0.0984039306640625 0.158706665039063 0.0473785400390625
0.0959243774414063 -0.0679779052734375 0.0500030517578125 0.0589866638183594
0.12579345703125 -0.01348876953125 -0.0629043579101563 0.114311218261719
0.109603881835938 0.0554962158203125 -0.163421630859375 0.0662078857421875
0.0772171020507812 0.0934066772460938 -0.20111083984375 -0.0505218505859375
0.0656967163085937 0.114227294921875 -0.169876098632813 -0.152313232421875
0.0559463500976562 0.101982116699219 -0.147384643554688 -0.193923950195312
0.0491943359375 0.0944061279296875 -0.122589111328125 -0.147720336914062
0.0808792114257813 0.0714492797851563 -0.0984420776367188 -0.073760986328125
0.0895538330078125 0.03619384765625 -0.0278511047363281 -0.0246124267578125
0.0907821655273438 -0.00060272216796875 0.0638275146484375 -0.0222816467285156
0.085784912109375 -0.0472946166992187 0.110885620117187 -0.0975723266601563
0.0796356201171875 -0.0695266723632813 0.08343505859375 -0.202590942382813
0.04998779296875 -0.097686767578125 -0.02984619140625 -0.309600830078125
0.0215606689453125 -0.106925964355469 -0.06695556640625 -0.3748779296875
-0.0432586669921875 0.0257072448730469 0.098114013671875 0.399658203125
-0.0131778717041016 0.0212745666503906 0.024871826171875 0.3319091796875
-0.0269813537597656 0.0224151611328125 -0.075775146484375 0.193878173828125
-0.0165519714355469 0.0133600234985352 -0.11376953125 0.112838745117188
-0.0236682891845703 -0.00488662719726563 -0.0518341064453125 0.0155105590820313
-0.03363037109375 -0.00288200378417968 0.0472946166992188 0.00656890869140625
-0.0224399566650391 0.00396537780761719 0.132186889648437 0.073333740234375
-0.0197963714599609 -0.000251770019531246 0.137863159179688 0.158050537109375
-0.0272960662841797 -0.00984382629394531 0.177703857421875 0.212738037109375
-0.0302696228027344 -0.0100212097167969 0.216567993164063 0.182601928710938
-0.0289897918701172 -0.0118694305419922 0.232437133789063 0.026458740234375
-0.0290145874023437 0.00252723693847657 0.157745361328125 -0.09454345703125
-0.0427169799804688 0.0020751953125 0.0358123779296875 -0.11932373046875
-0.0273857116699219 0.0166702270507812 -0.0857391357421875 -0.0708160400390625
-0.0395927429199219 0.0294570922851562 -0.204315185546875 -0.043060302734375
-0.0327262878417969 -0.0657196044921875 0.084869384765625 0.39691162109375
0.013824462890625 -0.0482406616210938 -0.000122070312499987 0.325958251953125
0.0277023315429687 -0.0446052551269531 -0.089752197265625 0.18902587890625
0.0479354858398438 -0.015838623046875 -0.124198913574219 0.102554321289063
0.045257568359375 0.0016937255859375 -0.0551719665527344 0.0131034851074219
0.0374603271484375 0.0274887084960938 0.0501441955566406 0.0046539306640625
0.0413589477539063 0.0578842163085938 0.130462646484375 0.0670089721679688
0.0181198120117187 0.0828933715820313 0.139877319335938 0.14093017578125
0.0224151611328125 0.08770751953125 0.193222045898437 0.18353271484375
0.02081298828125 0.0911712646484375 0.237960815429688 0.151580810546875
0.0346298217773437 0.0757980346679688 0.238906860351563 0.0044097900390625
0.0552406311035156 0.0342330932617188 0.155258178710938 -0.105392456054688
0.0544548034667969 0.00199127197265625 0.0346832275390625 -0.124076843261719
0.0509033203125 -0.0351142883300781 -0.089324951171875 -0.0728073120117188
0.00181961059570313 -0.0474472045898438 -0.201324462890625 -0.041290283203125
-0.01422119140625 -0.146820068359375 0.072906494140625 0.36663818359375
0.0493927001953125 -0.109832763671875 -0.027130126953125 0.3004150390625
0.0936050415039063 -0.098846435546875 -0.104385375976562 0.182235717773438
0.119171142578125 -0.030487060546875 -0.138816833496094 0.096160888671875
0.114913940429688 0.0246963500976563 -0.0707244873046875 0.0167160034179688
0.103668212890625 0.0708465576171875 0.0339756011962891 0.00540733337402344
0.0961151123046875 0.113510131835938 0.103240966796875 0.0506439208984375
0.0536041259765625 0.1544189453125 0.117439270019531 0.102989196777344
0.07928466796875 0.163284301757813 0.1842041015625 0.122756958007813
0.0914306640625 0.159835815429688 0.239608764648438 0.0909881591796875
0.118247985839844 0.122657775878906 0.231521606445313 -0.031646728515625
0.140731811523437 0.0279388427734375 0.148666381835938 -0.117401123046875
0.141387939453125 -0.0286712646484375 0.0421524047851563 -0.130355834960937
0.109214782714844 -0.098052978515625 -0.0783233642578125 -0.0892333984375
0.0338287353515625 -0.120933532714844 -0.181137084960938 -0.0669403076171875
0.010528564453125 -0.20367431640625 0.0693359375 0.31024169921875
0.0934295654296875 -0.152633666992188 -0.0465850830078125 0.2537841796875
0.16510009765625 -0.12774658203125 -0.11578369140625 0.16876220703125
0.1895751953125 -0.020751953125 -0.155532836914062 0.0888519287109375
0.174453735351563 0.068450927734375 -0.100601196289063 0.0201416015625
0.153915405273438 0.127548217773438 -0.00282025337219237 0.00110864639282227
0.132110595703125 0.165756225585938 0.0545539855957031 0.0202980041503906
0.0812225341796875 0.203231811523437 0.0740203857421875 0.0482406616210938
0.132614135742188 0.201644897460938 0.144546508789063 0.05078125
0.163528442382813 0.17791748046875 0.206527709960938 0.0234375
0.196578979492187 0.114837646484375 0.202835083007813 -0.0623626708984375
0.202346801757813 -0.0184783935546875 0.137252807617188 -0.127944946289063
0.19598388671875 -0.0854034423828125 0.0543212890625 -0.146209716796875
0.134490966796875 -0.160995483398438 -0.0614700317382812 -0.125106811523438
0.0482940673828125 -0.179000854492188 -0.153244018554688 -0.118331909179688
0.0360565185546875 -0.227508544921875 0.0794219970703125 0.23553466796875
0.135040283203125 -0.167800903320312 -0.0471038818359375 0.192459106445313
0.22454833984375 -0.121002197265625 -0.117965698242187 0.14959716796875
0.23809814453125 0.0143585205078125 -0.16937255859375 0.0778961181640625
0.203170776367187 0.123458862304688 -0.139572143554688 0.0133132934570313
0.174285888671875 0.183624267578125 -0.0544967651367187 -0.0211677551269531
0.143310546875 0.202880859375 -0.00684928894042968 -0.0296783447265625
0.0969085693359375 0.22186279296875 0.0177879333496094 -0.0137844085693359
0.166763305664063 0.199188232421875 0.0790939331054688 -0.0106277465820312
0.205734252929688 0.150772094726562 0.142868041992188 -0.0226593017578125
0.231185913085938 0.069915771484375 0.158416748046875 -0.0730438232421875
0.215164184570312 -0.072113037109375 0.124046325683594 -0.13104248046875
0.204635620117188 -0.135955810546875 0.063232421875 -0.170440673828125
0.127059936523438 -0.200714111328125 -0.0500946044921875 -0.1783447265625
0.0479583740234375 -0.2113037109375 -0.127243041992188 -0.189178466796875
0.0531158447265625 -0.21453857421875 0.1033935546875 0.156097412109375
0.157272338867188 -0.151535034179688 -0.0237808227539062 0.130752563476563
0.2445068359375 -0.0833282470703125 -0.104019165039063 0.129966735839844
0.239044189453125 0.05810546875 -0.173843383789063 0.067291259765625
0.186477661132813 0.163162231445313 -0.17608642578125 -0.00666809082031252
0.15673828125 0.213424682617188 -0.108055114746094 -0.0637054443359375
0.130142211914063 0.209365844726563 -0.0680313110351563 -0.0916519165039062
0.0969085693359375 0.207427978515625 -0.0416107177734375 -0.0734024047851562
0.169174194335938 0.167526245117188 0.00421524047851564 -0.0498809814453125
0.200531005859375 0.1064453125 0.0696830749511719 -0.0397529602050781
0.212631225585938 0.025665283203125 0.116096496582031 -0.0619125366210938
0.186981201171875 -0.097930908203125 0.114372253417969 -0.126220703125
0.176681518554688 -0.151519775390625 0.067779541015625 -0.192855834960938
0.100936889648438 -0.201690673828125 -0.0471649169921875 -0.235076904296875
0.03887939453125 -0.209442138671875 -0.1070556640625 -0.265106201171875
0.0518798828125 -0.169265747070313 0.1368408203125 0.088165283203125
0.143218994140625 -0.11553955078125 0.0159835815429688 0.08477783203125
0.209487915039062 -0.041290283203125 -0.07977294921875 0.119308471679688
0.1905517578125 0.0770263671875 -0.169189453125 0.0644683837890625
0.137496948242188 0.156082153320313 -0.1983642578125 -0.0313720703125
0.115982055664062 0.191680908203125 -0.14935302734375 -0.115768432617188
0.0992279052734375 0.17572021484375 -0.1192626953125 -0.154449462890625
0.0818023681640625 0.163589477539063 -0.0934524536132813 -0.120071411132812
0.139183044433594 0.12249755859375 -0.0619583129882812 -0.0673408508300781
0.157333374023438 0.064300537109375 0.00787925720214845 -0.0338649749755859
0.159286499023438 0.00177001953125 0.0838088989257813 -0.0406112670898437
0.139213562011719 -0.0872268676757813 0.110153198242188 -0.114555358886719
0.130767822265625 -0.126792907714844 0.0712127685546875 -0.2066650390625
0.072296142578125 -0.165054321289063 -0.0477294921875 -0.283416748046875
0.0293121337890625 -0.173828125 -0.092559814453125 -0.334930419921875
0.0306396484375 -0.1009521484375 0.167724609375 0.0404815673828125
0.0950393676757812 -0.073974609375 0.0553436279296875 0.0597610473632812
0.130882263183594 -0.01837158203125 -0.0559234619140625 0.119125366210938
0.117874145507812 0.0533523559570312 -0.163528442382812 0.073089599609375
0.085235595703125 0.0958709716796875 -0.208297729492188 -0.0452728271484375
0.0738525390625 0.118675231933594 -0.179092407226563 -0.155136108398438
0.0617294311523437 0.105094909667969 -0.158187866210937 -0.19677734375
0.0548858642578125 0.0979766845703125 -0.130691528320313 -0.147857666015625
0.0861663818359375 0.071380615234375 -0.107139587402344 -0.07080078125
0.0940170288085938 0.0344390869140625 -0.0340518951416016 -0.0199413299560547
0.0932540893554688 -0.00296783447265625 0.0640296936035156 -0.0201797485351563
0.086883544921875 -0.0516433715820312 0.111991882324219 -0.101951599121094
0.0797882080078125 -0.075439453125 0.07769775390625 -0.2103271484375
0.0467910766601563 -0.102386474609375 -0.043060302734375 -0.316375732421875
0.0200042724609375 -0.110694885253906 -0.083038330078125 -0.386749267578125
-0.041046142578125 0.0315818786621094 0.129180908203125 0.40130615234375
-0.0128440856933594 0.0232315063476562 0.0501708984375 0.338653564453125
-0.0251235961914063 0.0255680084228516 -0.06231689453125 0.204269409179687
-0.0160036087036133 0.0133218765258789 -0.107551574707031 0.122955322265625
-0.0260543823242188 -0.003326416015625 -0.0510406494140625 0.0176010131835937
-0.0353546142578125 0.000297546386718752 0.0494728088378906 -0.000278472900390625
-0.0214805603027344 0.00484848022460938 0.140960693359375 0.06280517578125
-0.0185489654541016 -0.000606536865234374 0.151596069335938 0.152862548828125
-0.0269432067871094 -0.00779342651367188 0.196090698242188 0.206787109375
-0.0314407348632813 -0.00770950317382813 0.234024047851563 0.172073364257813
-0.0303382873535156 -0.0098876953125 0.23876953125 0.0113677978515625
-0.0282611846923828 0.00350189208984375 0.15264892578125 -0.106765747070313
-0.0428428649902344 0.00555419921875001 0.0248870849609375 -0.122657775878906
-0.0264701843261719 0.0178108215332031 -0.09503173828125 -0.0642547607421875
-0.0368499755859375 0.033233642578125 -0.21484375 -0.0250701904296875
-0.0375595092773438 -0.0636672973632813 0.11590576171875 0.39935302734375
0.00928878784179687 -0.0508079528808594 0.023162841796875 0.3360595703125
0.0255584716796875 -0.0479927062988281 -0.07672119140625 0.199813842773438
0.048431396484375 -0.0217628479003906 -0.118888854980469 0.113632202148437
0.0457687377929688 -0.00182342529296875 -0.0546417236328125 0.0155868530273438
0.0406913757324219 0.02606201171875 0.0525245666503906 -0.00265884399414062
0.0483894348144531 0.0554351806640625 0.138618469238281 0.0558700561523438
0.0267562866210937 0.082763671875 0.151290893554688 0.135482788085938
0.0311279296875 0.0883331298828125 0.208572387695313 0.176040649414063
0.0292434692382813 0.0924301147460938 0.253814697265625 0.139144897460938
0.0435638427734375 0.075775146484375 0.244384765625 -0.0120391845703125
0.0615921020507813 0.0309791564941406 0.150100708007813 -0.117584228515625
0.0579414367675781 -0.00208663940429688 0.0237197875976562 -0.127388000488281
0.050537109375 -0.0416259765625 -0.0992584228515625 -0.0656051635742188
0.000518798828124996 -0.050262451171875 -0.211761474609375 -0.0236053466796875
-0.0251007080078125 -0.148681640625 0.101165771484375 0.369873046875
0.0414352416992188 -0.116424560546875 -0.00534057617187496 0.31231689453125
0.0884552001953125 -0.10882568359375 -0.092620849609375 0.193191528320313
0.120758056640625 -0.0413742065429688 -0.13446044921875 0.10784912109375
0.119834899902344 0.0166168212890625 -0.06976318359375 0.0209999084472656
0.112533569335937 0.0654067993164063 0.0362777709960938 -0.000862121582031246
0.109291076660156 0.108604431152344 0.110000610351563 0.041748046875
0.0689544677734375 0.154525756835937 0.125579833984375 0.0970077514648438
0.0953521728515625 0.161483764648438 0.193695068359375 0.114044189453125
0.107940673828125 0.1578369140625 0.24993896484375 0.076568603515625
0.133659362792969 0.118400573730469 0.234695434570313 -0.0476837158203125
0.149703979492188 0.0185699462890625 0.14300537109375 -0.128677368164063
0.145156860351563 -0.040435791015625 0.0316619873046875 -0.13458251953125
0.105247497558594 -0.110160827636719 -0.0879592895507812 -0.083343505859375
0.0277786254882813 -0.128929138183594 -0.19281005859375 -0.0529937744140625
-0.00364685058593749 -0.209396362304687 0.093597412109375 0.311431884765625
0.0837860107421875 -0.163955688476562 -0.030120849609375 0.266525268554688
0.160247802734375 -0.144210815429688 -0.104827880859375 0.179718017578125
0.1949462890625 -0.036865234375 -0.151885986328125 0.101821899414063
0.185501098632813 0.0570831298828125 -0.0995025634765625 0.027435302734375
0.169281005859375 0.120025634765625 -0.00131654739379882 -0.0028693675994873
0.15045166015625 0.160430908203125 0.0578765869140625 0.0144805908203125
0.101303100585937 0.203414916992188 0.0780792236328125 0.0444564819335938
0.153457641601562 0.1959228515625 0.147674560546875 0.042724609375
0.183700561523438 0.17022705078125 0.210601806640625 0.00976562500000001
0.21331787109375 0.104034423828125 0.20269775390625 -0.0765380859375
0.209060668945313 -0.0337677001953125 0.131370544433594 -0.138702392578125
0.19671630859375 -0.103103637695313 0.042724609375 -0.151519775390625
0.125335693359375 -0.176025390625 -0.0732192993164063 -0.121353149414063
0.03851318359375 -0.190139770507812 -0.167861938476563 -0.10858154296875
0.0215911865234375 -0.236221313476563 0.0985870361328125 0.234161376953125
0.126083374023438 -0.182464599609375 -0.034759521484375 0.203887939453125
0.223190307617187 -0.14227294921875 -0.107223510742187 0.15960693359375
0.24835205078125 -0.00360107421875 -0.167083740234375 0.0915985107421875
0.220779418945313 0.112396240234375 -0.14007568359375 0.0239486694335938
0.19525146484375 0.176727294921875 -0.0555877685546875 -0.0219879150390625
0.165023803710938 0.198211669921875 -0.0088825225830078 -0.0310745239257812
0.117355346679688 0.221588134765625 0.0162153244018555 -0.0145244598388672
0.18768310546875 0.191070556640625 0.0752334594726563 -0.0154571533203125
0.22515869140625 0.13873291015625 0.140373229980469 -0.0318603515625
0.24542236328125 0.055023193359375 0.156600952148438 -0.0829925537109375
0.217559814453125 -0.0902862548828125 0.118209838867188 -0.141220092773437
0.199951171875 -0.156341552734375 0.050689697265625 -0.177093505859375
0.113601684570313 -0.215789794921875 -0.0654296875 -0.17645263671875
0.035186767578125 -0.222930908203125 -0.145736694335938 -0.18389892578125
0.0408477783203125 -0.223190307617188 0.117599487304688 0.150222778320313
0.14996337890625 -0.167037963867188 -0.0147171020507812 0.138099670410156
0.247161865234375 -0.104705810546875 -0.09320068359375 0.138259887695313
0.253158569335938 0.0415496826171875 -0.171600341796875 0.080841064453125
0.20703125 0.155807495117188 -0.17919921875 0.00704956054687498
0.180007934570313 0.208938598632813 -0.113143920898437 -0.0615463256835937
0.151412963867187 0.206283569335938 -0.0757980346679687 -0.0902175903320312
0.116363525390625 0.207778930664063 -0.0477981567382813 -0.0710983276367187
0.186614990234375 0.159713745117188 -0.00380325317382811 -0.049957275390625
0.215377807617188 0.093475341796875 0.0640525817871094 -0.0430679321289062
0.221405029296875 0.010772705078125 0.11431884765625 -0.0680084228515625
0.185592651367188 -0.114944458007813 0.108863830566406 -0.135124206542969
0.169143676757813 -0.170028686523438 0.0540771484375 -0.200302124023438
0.0868988037109375 -0.213836669921875 -0.065673828125 -0.234771728515625
0.026031494140625 -0.219375610351562 -0.130935668945313 -0.264297485351562
0.042816162109375 -0.176651000976563 0.147598266601563 0.07733154296875
0.139091491699219 -0.128677368164063 0.0236968994140625 0.0867691040039062
0.214553833007813 -0.0585479736328125 -0.067962646484375 0.125907897949219
0.204208374023437 0.0641937255859375 -0.165863037109375 0.0774688720703125
0.155838012695313 0.152496337890625 -0.20379638671875 -0.0162200927734375
0.136764526367188 0.190383911132813 -0.159133911132812 -0.11126708984375
0.116714477539063 0.174407958984375 -0.132095336914062 -0.150588989257813
0.097442626953125 0.164093017578125 -0.103363037109375 -0.11590576171875
0.152008056640625 0.115493774414062 -0.0716094970703125 -0.0622406005859375
0.166839599609375 0.0540618896484375 0.00155639648437501 -0.0310897827148438
0.163787841796875 -0.0093841552734375 0.0825881958007813 -0.0435714721679688
0.136222839355469 -0.100181579589844 0.105560302734375 -0.123703002929687
0.123565673828125 -0.141098022460938 0.05718994140625 -0.214080810546875
0.0601806640625 -0.17388916015625 -0.07012939453125 -0.283538818359375
0.0182952880859375 -0.181747436523437 -0.1207275390625 -0.3375244140625
0.02655029296875 -0.10455322265625 0.1766357421875 0.0250396728515625
0.09173583984375 -0.0822372436523438 0.0636863708496094 0.0570526123046875
0.134414672851562 -0.0288848876953125 -0.0431060791015625 0.124717712402344
0.126678466796875 0.0454254150390625 -0.159149169921875 0.0862274169921875
0.095916748046875 0.0932769775390625 -0.214874267578125 -0.030426025390625
0.086456298828125 0.117599487304688 -0.193572998046875 -0.148117065429687
0.0719985961914063 0.104698181152344 -0.175186157226562 -0.1922607421875
0.0643157958984375 0.0978622436523438 -0.142654418945313 -0.143035888671875
0.093841552734375 0.0675735473632813 -0.117446899414063 -0.0626678466796875
0.0991897583007813 0.0280532836914063 -0.0394783020019531 -0.0132293701171875
0.0947494506835938 -0.00872802734375 0.0637016296386719 -0.0207099914550781
0.084747314453125 -0.060089111328125 0.107719421386719 -0.111038208007812
0.0759124755859375 -0.0839996337890625 0.064117431640625 -0.218429565429688
0.0395355224609375 -0.107292175292969 -0.067840576171875 -0.31787109375
0.0137405395507813 -0.114997863769531 -0.114593505859375 -0.39178466796875
-0.035919189453125 0.0356559753417969 0.1578369140625 0.38409423828125
-0.0112590789794922 0.0239620208740234 0.076019287109375 0.32965087890625
-0.0216426849365234 0.0278682708740234 -0.0446319580078125 0.2042236328125
-0.0149126052856445 0.0130147933959961 -0.094818115234375 0.127426147460938
-0.0269508361816406 -0.000820159912109374 -0.0479698181152344 0.0192794799804688
-0.0345249176025391 0.00393295288085938 0.0488815307617188 -0.00683975219726563
-0.0203399658203125 0.00585556030273437 0.143234252929688 0.0480804443359375
-0.0176334381103516 -0.00103759765625 0.159103393554688 0.14080810546875
-0.0257530212402344 -0.00661087036132812 0.206924438476563 0.19036865234375
-0.031219482421875 -0.00503921508789063 0.241378784179687 0.152267456054687
-0.0300636291503906 -0.00793838500976562 0.2342529296875 -0.0062255859375
-0.0268363952636719 0.00450897216796875 0.139923095703125 -0.114585876464844
-0.0407295227050781 0.00939178466796876 0.01312255859375 -0.120223999023438
-0.0245304107666016 0.0179252624511719 -0.0997238159179688 -0.0538482666015625
-0.0323562622070313 0.0355682373046875 -0.214752197265625 -0.00436401367187496
-0.041351318359375 -0.0591392517089844 0.14447021484375 0.3829345703125
0.00472640991210937 -0.0509910583496094 0.049713134765625 0.330291748046875
0.0213775634765625 -0.0491790771484375 -0.0588836669921875 0.200714111328125
0.0458526611328125 -0.0266494750976563 -0.106788635253906 0.119644165039063
0.0443077087402344 -0.00531387329101562 -0.0513229370117187 0.0178337097167969
0.0426368713378906 0.0230636596679688 0.0515327453613281 -0.0100212097167969
0.0537528991699219 0.0500106811523438 0.1397705078125 0.0416183471679688
0.0341949462890625 0.0781707763671875 0.157455444335938 0.122634887695313
0.0393295288085937 0.0835800170898438 0.216033935546875 0.158721923828125
0.0376510620117187 0.0888900756835937 0.258331298828125 0.117599487304687
0.0509033203125 0.07135009765625 0.238494873046875 -0.0295257568359375
0.06549072265625 0.0251541137695313 0.137702941894531 -0.12554931640625
0.0591087341308594 -0.00644683837890625 0.0107879638671875 -0.125465393066406
0.0464134216308594 -0.0465583801269531 -0.10400390625 -0.0548934936523438
-0.00199127197265625 -0.0512580871582031 -0.211990356445313 -0.00364685058593754
-0.0360260009765625 -0.144027709960938 0.127777099609375 0.35552978515625
0.0313568115234375 -0.118782043457031 0.018798828125 0.31048583984375
0.0783157348632812 -0.114967346191406 -0.0746917724609375 0.194839477539063
0.116401672363281 -0.0523452758789063 -0.12255859375 0.115409851074219
0.119682312011719 0.00687408447265625 -0.0648918151855469 0.0251884460449219
0.117057800292969 0.0559234619140625 0.0360565185546875 -0.00716781616210937
0.118621826171875 0.0978469848632813 0.110885620117188 0.0301513671875
0.0821075439453125 0.146408081054688 0.12908935546875 0.0864181518554688
0.108367919921875 0.150375366210937 0.196380615234375 0.098785400390625
0.121322631835938 0.146652221679688 0.249908447265625 0.056365966796875
0.144058227539063 0.10687255859375 0.226882934570313 -0.0644378662109375
0.152328491210938 0.0062103271484375 0.130790710449219 -0.136627197265625
0.142013549804688 -0.051788330078125 0.0180892944335938 -0.133071899414063
0.0951766967773438 -0.118499755859375 -0.094879150390625 -0.0729446411132813
0.018707275390625 -0.132171630859375 -0.195663452148438 -0.034271240234375
-0.019317626953125 -0.206130981445312 0.11541748046875 0.29803466796875
0.0698394775390625 -0.16864013671875 -0.00849914550781247 0.267623901367188
0.1473388671875 -0.15679931640625 -0.087615966796875 0.182266235351563
0.190887451171875 -0.0536651611328125 -0.140045166015625 0.110511779785156
0.188751220703125 0.041839599609375 -0.0936126708984375 0.0341644287109375
0.179046630859375 0.104690551757813 -0.000605583190917958 -0.00612974166870117
0.163894653320313 0.145858764648438 0.0577392578125 0.00814056396484376
0.117660522460937 0.19329833984375 0.0783004760742188 0.0383148193359375
0.16790771484375 0.18072509765625 0.144119262695313 0.032073974609375
0.1976318359375 0.152786254882813 0.204513549804688 -0.00558471679687499
0.221603393554688 0.08642578125 0.193374633789063 -0.089935302734375
0.206558227539063 -0.050323486328125 0.118789672851563 -0.144943237304687
0.186737060546875 -0.118545532226563 0.0286865234375 -0.150238037109375
0.109588623046875 -0.184249877929687 -0.0820541381835938 -0.11151123046875
0.024017333984375 -0.193756103515625 -0.175308227539063 -0.092254638671875
0.00437927246093751 -0.235015869140625 0.114364624023437 0.221893310546875
0.110870361328125 -0.190277099609375 -0.01776123046875 0.2060546875
0.210479736328125 -0.159942626953125 -0.090606689453125 0.161697387695313
0.247772216796875 -0.0252227783203125 -0.155715942382812 0.101547241210937
0.229095458984375 0.0941314697265625 -0.13250732421875 0.0343399047851563
0.209548950195312 0.158859252929687 -0.0549430847167969 -0.0209579467773437
0.18072509765625 0.182876586914063 -0.0110206604003906 -0.0312633514404297
0.135223388671875 0.210418701171875 0.0141353607177734 -0.0152654647827148
0.201263427734375 0.1728515625 0.0688743591308594 -0.0191650390625
0.234634399414062 0.118194580078125 0.131980895996094 -0.040191650390625
0.24871826171875 0.0348968505859375 0.14776611328125 -0.0923004150390625
0.209243774414063 -0.107192993164063 0.106430053710938 -0.146377563476563
0.184539794921875 -0.17144775390625 0.0348968505859375 -0.175643920898438
0.093963623046875 -0.221038818359375 -0.077972412109375 -0.166046142578125
0.0178985595703125 -0.225616455078125 -0.159149169921875 -0.168594360351563
0.0248870849609375 -0.22412109375 0.127098083496094 0.136474609375
0.136032104492188 -0.176605224609375 -0.00312805175781249 0.138397216796875
0.238510131835938 -0.125274658203125 -0.0774078369140625 0.139503479003906
0.255722045898438 0.0197296142578125 -0.159957885742188 0.091278076171875
0.219696044921875 0.138458251953125 -0.173095703125 0.0213623046875
0.198104858398438 0.192398071289063 -0.114662170410156 -0.05523681640625
0.16778564453125 0.192626953125 -0.08099365234375 -0.0841217041015625
0.133102416992188 0.197067260742188 -0.0522346496582031 -0.0664749145507813
0.197677612304688 0.141983032226563 -0.0114822387695312 -0.0466384887695312
0.2210693359375 0.0737457275390625 0.0558204650878906 -0.0438232421875
0.22052001953125 -0.005828857421875 0.1070556640625 -0.0728836059570313
0.174758911132813 -0.128768920898438 0.0974197387695313 -0.139923095703125
0.152420043945313 -0.182113647460938 0.03692626953125 -0.198715209960938
0.0673675537109375 -0.216354370117188 -0.0830841064453125 -0.223190307617187
0.00924682617187501 -0.220657348632813 -0.150543212890625 -0.249969482421875
0.031829833984375 -0.178192138671875 0.151458740234375 0.0611419677734375
0.128044128417969 -0.138130187988281 0.0323562622070313 0.0838546752929687
0.20928955078125 -0.0762176513671875 -0.0523300170898437 0.125396728515625
0.209075927734375 0.04681396484375 -0.154525756835937 0.087860107421875
0.168701171875 0.139251708984375 -0.198226928710938 0.000381469726562546
0.153228759765625 0.177444458007813 -0.163482666015625 -0.10076904296875
0.130905151367188 0.16400146484375 -0.14105224609375 -0.1400146484375
0.110809326171875 0.155197143554688 -0.109764099121094 -0.107406616210937
0.159393310546875 0.101776123046875 -0.0782394409179688 -0.0535812377929688
0.169509887695313 0.0397186279296875 -0.00448989868164061 -0.0262374877929687
0.160598754882813 -0.0209503173828125 0.0781936645507813 -0.04541015625
0.126693725585938 -0.110015869140625 0.0955581665039063 -0.127708435058594
0.109512329101562 -0.149383544921875 0.0392608642578125 -0.212783813476562
0.04486083984375 -0.174453735351563 -0.090423583984375 -0.271621704101563
0.00476074218750002 -0.181991577148438 -0.146331787109375 -0.322479248046875
0.021026611328125 -0.105010986328125 0.176406860351563 0.00628662109374999
0.0840530395507813 -0.0883407592773438 0.0700416564941406 0.0501747131347656
0.131919860839844 -0.0396957397460937 -0.0269622802734375 0.123207092285156
0.1297607421875 0.0338211059570313 -0.146438598632813 0.0960845947265625
0.103981018066406 0.08489990234375 -0.210708618164062 -0.0130462646484375
0.0967178344726563 0.109489440917969 -0.19989013671875 -0.133453369140625
0.080810546875 0.0979766845703125 -0.1866455078125 -0.177963256835937
0.0721359252929688 0.0924606323242188 -0.149612426757813 -0.131668090820312
0.098052978515625 0.0595550537109375 -0.122421264648438 -0.0501022338867187
0.099578857421875 0.0200729370117187 -0.0423202514648437 -0.00479507446289063
0.0920791625976563 -0.0143280029296875 0.0613784790039063 -0.0211563110351563
0.078948974609375 -0.0663299560546875 0.0987548828125 -0.115585327148438
0.0674209594726562 -0.088897705078125 0.0465545654296875 -0.217529296875
0.0303268432617187 -0.107688903808594 -0.091064453125 -0.30474853515625
0.00604248046875 -0.114959716796875 -0.14373779296875 -0.377227783203125
-0.0319404602050781 0.0370292663574219 0.169952392578125 0.364410400390625
-0.00987434387207032 0.0232048034667969 0.087921142578125 0.316162109375
-0.0189018249511719 0.028289794921875 -0.034027099609375 0.197357177734375
-0.013920783996582 0.0118989944458008 -0.0850143432617188 0.124847412109375
-0.0269069671630859 0.00110626220703125 -0.0444145202636719 0.0180702209472656
-0.0331802368164063 0.00620269775390625 0.0485420227050781 -0.01153564453125
-0.0189247131347656 0.00545692443847656 0.140243530273438 0.0387344360351563
-0.0169897079467773 -0.00211524963378907 0.158828735351563 0.131729125976563
-0.0240116119384766 -0.00665092468261719 0.207046508789063 0.178237915039063
-0.0301609039306641 -0.00333595275878906 0.237380981445312 0.138290405273437
-0.0294189453125 -0.00695610046386719 0.225006103515625 -0.015533447265625
-0.025604248046875 0.00413322448730469 0.129707336425781 -0.115463256835938
-0.0382919311523438 0.0106163024902344 0.00553131103515625 -0.114578247070313
-0.0235671997070313 0.0165748596191406 -0.100677490234375 -0.04632568359375
-0.0293464660644531 0.0352554321289063 -0.208969116210938 0.00875854492187501
-0.0416069030761719 -0.0547599792480469 0.155548095703125 0.364227294921875
0.00229263305664063 -0.05010986328125 0.0628662109375 0.318206787109375
0.0188064575195313 -0.0487480163574219 -0.04876708984375 0.194015502929688
0.0432701110839844 -0.0295257568359375 -0.09716796875 0.117645263671875
0.0423088073730469 -0.00661849975585938 -0.0471916198730469 0.0171470642089844
0.042999267578125 0.020751953125 0.0508956909179688 -0.0149879455566406
0.0559577941894531 0.0446281433105469 0.136520385742188 0.03271484375
0.03765869140625 0.0731887817382812 0.155319213867188 0.114105224609375
0.04296875 0.0786285400390625 0.213851928710938 0.147201538085938
0.0414047241210937 0.0846328735351563 0.252685546875 0.10418701171875
0.0538902282714844 0.06756591796875 0.228317260742188 -0.0382080078125
0.0667190551757813 0.0205078125 0.127571105957031 -0.125907897949219
0.0589408874511719 -0.0092010498046875 0.00346374511718751 -0.119819641113281
0.0427894592285156 -0.04937744140625 -0.105026245117188 -0.0470809936523437
-0.00344848632812501 -0.0515518188476563 -0.2066650390625 0.00907897949218751
-0.0405807495117188 -0.138595581054688 0.138397216796875 0.338714599609375
0.024627685546875 -0.117362976074219 0.032470703125 0.30126953125
0.0705490112304688 -0.1160888671875 -0.06396484375 0.1888427734375
0.111061096191406 -0.058074951171875 -0.112380981445313 0.114410400390625
0.11651611328125 0.00146484375 -0.0600471496582031 0.02484130859375
0.117500305175781 0.0487060546875 0.0357246398925781 -0.0115013122558594
0.121406555175781 0.08843994140625 0.107582092285156 0.02301025390625
0.0869293212890625 0.138236999511719 0.12628173828125 0.0799789428710938
0.112930297851563 0.14068603515625 0.191009521484375 0.0893096923828125
0.125617980957031 0.136627197265625 0.241409301757813 0.0449371337890625
0.147415161132812 0.0980377197265625 0.216339111328125 -0.0706634521484375
0.150390625 -0.0016021728515625 0.120857238769531 -0.136245727539062
0.138412475585937 -0.0575027465820312 0.0108108520507813 -0.12762451171875
0.08709716796875 -0.120391845703125 -0.0958786010742188 -0.0644378662109375
0.012847900390625 -0.131813049316406 -0.192337036132813 -0.0218505859375
-0.0264129638671875 -0.200042724609375 0.123443603515625 0.283477783203125
0.06072998046875 -0.168167114257813 0.00387573242187503 0.261520385742188
0.136276245117188 -0.160247802734375 -0.076873779296875 0.176223754882813
0.184661865234375 -0.0623016357421875 -0.129783630371094 0.110580444335938
0.186538696289063 0.0322113037109375 -0.086181640625 0.0356826782226562
0.180099487304688 0.09356689453125 0.000145912170410168 -0.00958919525146484
0.168212890625 0.133316040039063 0.0555000305175781 0.00453186035156251
0.123992919921875 0.182647705078125 0.0757827758789063 0.0347671508789063
0.172195434570313 0.167205810546875 0.137489318847656 0.027130126953125
0.199951171875 0.138595581054688 0.194931030273438 -0.012908935546875
0.222442626953125 0.07452392578125 0.183197021484375 -0.0941314697265625
0.200469970703125 -0.059112548828125 0.11016845703125 -0.14422607421875
0.177688598632813 -0.12408447265625 0.020843505859375 -0.144638061523438
0.09814453125 -0.183990478515625 -0.0851058959960938 -0.102699279785156
0.015625 -0.192047119140625 -0.174896240234375 -0.079620361328125
-0.00410461425781247 -0.230178833007813 0.119140625 0.208831787109375
0.100128173828125 -0.1903076171875 -0.007659912109375 0.201889038085938
0.19854736328125 -0.167160034179688 -0.0798187255859374 0.155685424804688
0.241668701171875 -0.03729248046875 -0.144271850585937 0.10272216796875
0.22955322265625 0.0818939208984375 -0.123802185058594 0.03826904296875
0.212966918945313 0.1441650390625 -0.0530014038085937 -0.0218276977539062
0.186477661132813 0.168426513671875 -0.0120601654052734 -0.0304164886474609
0.142318725585938 0.199127197265625 0.0115489959716797 -0.0149221420288086
0.20367431640625 0.158798217773437 0.0618629455566406 -0.0192718505859375
0.234664916992188 0.10321044921875 0.12249755859375 -0.0420074462890625
0.245254516601563 0.0235137939453125 0.139472961425781 -0.0936431884765625
0.200088500976563 -0.11383056640625 0.0980987548828125 -0.145462036132813
0.17205810546875 -0.175674438476563 0.0261383056640625 -0.169601440429688
0.0814056396484375 -0.21820068359375 -0.0824432373046875 -0.155502319335938
0.00810241699218748 -0.222702026367188 -0.162124633789062 -0.155502319335938
0.01708984375 -0.220657348632813 0.127861022949219 0.124847412109375
0.125518798828125 -0.178695678710938 0.0042572021484375 0.135528564453125
0.227508544921875 -0.134292602539063 -0.066864013671875 0.133598327636719
0.252426147460938 0.0062408447265625 -0.149368286132813 0.0928192138671875
0.223007202148438 0.125244140625 -0.162246704101563 0.0277557373046875
0.203521728515625 0.177352905273438 -0.11138916015625 -0.0522689819335937
0.174407958984375 0.179122924804688 -0.0821380615234375 -0.079132080078125
0.139068603515625 0.186508178710938 -0.0536766052246094 -0.0628585815429688
0.1978759765625 0.128875732421875 -0.0160331726074219 -0.04254150390625
0.218612670898438 0.0612640380859375 0.0489349365234375 -0.0412979125976562
0.215240478515625 -0.0146484375 0.101188659667969 -0.0730514526367188
0.164154052734375 -0.13311767578125 0.0897674560546875 -0.138328552246094
0.139663696289063 -0.184555053710938 0.027679443359375 -0.1917724609375
0.05615234375 -0.212265014648437 -0.0891265869140625 -0.210906982421875
3.05175781250038E-05 -0.2169189453125 -0.156875610351562 -0.234542846679688
0.02587890625 -0.176223754882813 0.1488037109375 0.0497283935546875
0.119285583496094 -0.140190124511719 0.0369186401367188 0.0794296264648437
0.201950073242188 -0.08563232421875 -0.041473388671875 0.119110107421875
0.207351684570312 0.0353240966796875 -0.143051147460938 0.08953857421875
0.173095703125 0.129104614257813 -0.1883544921875 0.00900268554687498
0.15850830078125 0.165069580078125 -0.1605224609375 -0.093536376953125
0.136764526367188 0.153549194335938 -0.142425537109375 -0.130950927734375
0.1156005859375 0.146560668945313 -0.110389709472656 -0.101463317871094
0.159713745117188 0.091705322265625 -0.0804061889648437 -0.0463790893554688
0.166275024414063 0.0304718017578125 -0.0079517364501953 -0.0203819274902344
0.155746459960938 -0.025634765625 0.0745697021484375 -0.044219970703125
0.117683410644531 -0.112373352050781 0.088714599609375 -0.126358032226563
0.0990447998046875 -0.150863647460938 0.0302276611328125 -0.205352783203125
0.0361480712890625 -0.169754028320312 -0.098052978515625 -0.25750732421875
-0.00257873535156249 -0.17852783203125 -0.155426025390625 -0.306976318359375
0.01873779296875 -0.104110717773438 0.170761108398438 -0.00473022460937501
0.078216552734375 -0.0894775390625 0.0731658935546875 0.0438232421875
0.127250671386719 -0.0453872680664063 -0.0162734985351563 0.115943908691406
0.128036499023438 0.0264816284179688 -0.134246826171875 0.097564697265625
0.1060791015625 0.07855224609375 -0.2010498046875 -0.00335693359374998
0.100517272949219 0.101821899414063 -0.197601318359375 -0.122909545898437
0.0843124389648438 0.0918197631835938 -0.18756103515625 -0.167068481445312
0.0753631591796875 0.0867919921875 -0.150146484375 -0.124649047851563
0.0982131958007813 0.0537033081054688 -0.122261047363281 -0.04168701171875
0.0978240966796875 0.0153884887695313 -0.0430412292480469 0.00212478637695313
0.0887908935546875 -0.0159988403320313 0.059173583984375 -0.0194854736328125
0.073211669921875 -0.0680999755859375 0.09197998046875 -0.114616394042969
0.06121826171875 -0.0896224975585938 0.037017822265625 -0.210693359375
0.0250625610351563 -0.104148864746094 -0.09967041015625 -0.289764404296875
0.00200653076171876 -0.112449645996094 -0.155975341796875 -0.360443115234375
-0.0290756225585938 0.0381317138671875 0.171875 0.3590087890625
-0.00973320007324219 0.022430419921875 0.091644287109375 0.31158447265625
-0.0173225402832031 0.0282974243164063 -0.0314788818359375 0.193740844726562
-0.0141773223876953 0.0102453231811523 -0.0827102661132813 0.121223449707031
-0.0273647308349609 0.00217437744140624 -0.0421028137207031 0.0152587890625
-0.0324478149414063 0.00787734985351563 0.0496559143066406 -0.0153236389160156
-0.0182247161865234 0.00506782531738281 0.139076232910156 0.035430908203125
-0.016819953918457 -0.00334262847900391 0.1583251953125 0.131118774414063
-0.0238227844238281 -0.00748062133789062 0.206130981445313 0.17718505859375
-0.0296707153320313 -0.00282669067382812 0.234039306640625 0.1356201171875
-0.0289402008056641 -0.00727462768554687 0.220947265625 -0.017242431640625
-0.0253829956054688 0.00291061401367188 0.125923156738281 -0.114242553710937
-0.0366668701171875 0.0109939575195313 0.00240325927734375 -0.111289978027344
-0.0247058868408203 0.0151958465576172 -0.102043151855469 -0.04290771484375
-0.0282993316650391 0.0345478057861328 -0.208419799804688 0.0147247314453125
-0.041229248046875 -0.0536537170410156 0.158843994140625 0.358856201171875
0.000606536865234379 -0.0509872436523438 0.067138671875 0.3153076171875
0.0182418823242187 -0.0492973327636719 -0.0470733642578125 0.189773559570312
0.0421257019042969 -0.0318374633789063 -0.0948104858398438 0.114669799804688
0.0417823791503906 -0.00685501098632813 -0.0443344116210938 0.0148735046386719
0.0434608459472656 0.0203170776367188 0.0516014099121094 -0.0189933776855469
0.0575637817382813 0.0417938232421875 0.135116577148438 0.0294723510742188
0.0390701293945313 0.0713653564453125 0.15374755859375 0.113784790039063
0.0446548461914062 0.0764007568359375 0.211593627929688 0.14599609375
0.0432891845703125 0.0831069946289063 0.2489013671875 0.101272583007813
0.0566520690917969 0.0665473937988281 0.224868774414063 -0.0398406982421875
0.0681686401367188 0.0188026428222656 0.12451171875 -0.124916076660156
0.0607986450195313 -0.010711669921875 -0.0001983642578125 -0.116447448730469
0.0410842895507812 -0.0508766174316406 -0.106010437011719 -0.0429763793945312
-0.00378036499023437 -0.0525360107421875 -0.20538330078125 0.0150146484375
-0.0419387817382813 -0.137413024902344 0.1407470703125 0.3333740234375
0.0220870971679688 -0.118064880371094 0.036956787109375 0.299774169921875
0.0680007934570313 -0.117195129394531 -0.0625762939453125 0.18450927734375
0.1094970703125 -0.0617141723632812 -0.109481811523437 0.111473083496094
0.116004943847656 -0.00060272216796875 -0.0564727783203125 0.0229225158691406
0.1185302734375 0.0460968017578125 0.0364227294921875 -0.0156593322753906
0.124015808105469 0.0838546752929688 0.105903625488281 0.0202713012695313
0.0904998779296875 0.135673522949219 0.124229431152344 0.079437255859375
0.115203857421875 0.137245178222656 0.187515258789063 0.088531494140625
0.12786865234375 0.133056640625 0.2366943359375 0.0428314208984375
0.151016235351563 0.0959930419921875 0.212371826171875 -0.07177734375
0.15252685546875 -0.0042877197265625 0.118698120117188 -0.136085510253906
0.138969421386719 -0.0600433349609375 0.008087158203125 -0.124687194824219
0.0844802856445313 -0.122055053710938 -0.0973358154296875 -0.0607528686523438
0.011383056640625 -0.13360595703125 -0.191574096679688 -0.0157928466796875
-0.0291290283203125 -0.2001953125 0.124374389648438 0.279083251953125
0.0576934814453125 -0.168731689453125 0.00851440429687503 0.261383056640625
0.132598876953125 -0.163238525390625 -0.0751495361328125 0.170944213867188
0.183624267578125 -0.0675506591796875 -0.126495361328125 0.108306884765625
0.187057495117188 0.029052734375 -0.0818099975585937 0.034332275390625
0.181900024414063 0.0891876220703125 0.00165081024169923 -0.0129985809326172
0.171463012695313 0.127578735351563 0.0546607971191406 0.00324630737304688
0.127426147460938 0.1793212890625 0.0735015869140625 0.0347900390625
0.1746826171875 0.16217041015625 0.133285522460938 0.0271987915039063
0.201919555664063 0.133834838867188 0.189544677734375 -0.0130615234375
0.2254638671875 0.0713958740234375 0.179718017578125 -0.0946502685546875
0.20111083984375 -0.0621795654296875 0.108078002929688 -0.143661499023438
0.176589965820313 -0.12762451171875 0.0182037353515625 -0.14215087890625
0.0944976806640625 -0.185195922851563 -0.0857391357421875 -0.0985031127929688
0.0134124755859375 -0.194442749023438 -0.174835205078125 -0.073883056640625
-0.00711059570312501 -0.23138427734375 0.119033813476563 0.204391479492188
0.0970916748046875 -0.19183349609375 -0.00367736816406249 0.201934814453125
0.194931030273438 -0.172210693359375 -0.077362060546875 0.150741577148437
0.241668701171875 -0.04339599609375 -0.140792846679687 0.101104736328125
0.231948852539063 0.0779266357421875 -0.118316650390625 0.0378646850585938
0.215438842773438 0.138916015625 -0.0510787963867187 -0.0246467590332031
0.190216064453125 0.16290283203125 -0.0126419067382812 -0.0302524566650391
0.145919799804688 0.196304321289063 0.00979328155517579 -0.014719009399414
0.205825805664063 0.154022216796875 0.0577888488769531 -0.0177192687988281
0.235382080078125 0.0972137451171875 0.118118286132813 -0.0406494140625
0.246917724609375 0.02032470703125 0.136810302734375 -0.0929336547851563
0.19927978515625 -0.11712646484375 0.09661865234375 -0.144424438476563
0.169174194335938 -0.178726196289063 0.0240631103515625 -0.166854858398438
0.078033447265625 -0.218841552734375 -0.0834503173828125 -0.1514892578125
0.00550842285156248 -0.223876953125 -0.163040161132813 -0.150787353515625
0.014801025390625 -0.222747802734375 0.127265930175781 0.12091064453125
0.122909545898438 -0.180328369140625 0.00782012939453126 0.135009765625
0.225677490234375 -0.139862060546875 -0.06304931640625 0.127677917480469
0.25408935546875 0.0011444091796875 -0.144866943359375 0.0916595458984375
0.226959228515625 0.122238159179688 -0.156234741210937 0.0281219482421875
0.2071533203125 0.172561645507813 -0.109336853027344 -0.0538864135742187
0.178085327148438 0.174423217773438 -0.08221435546875 -0.077606201171875
0.14251708984375 0.183807373046875 -0.0550804138183594 -0.0624160766601562
0.1998291015625 0.1256103515625 -0.019805908203125 -0.0403861999511719
0.21844482421875 0.056640625 0.0454483032226563 -0.0377464294433594
0.215576171875 -0.0165252685546875 0.0996246337890625 -0.0713958740234375
0.162094116210938 -0.135391235351563 0.0890884399414063 -0.137199401855469
0.13543701171875 -0.18707275390625 0.0256195068359375 -0.188949584960938
0.052642822265625 -0.21099853515625 -0.0901947021484375 -0.206588745117188
-0.00205993652343748 -0.217758178710937 -0.158432006835937 -0.231277465820313
0.0244598388671875 -0.178268432617188 0.147415161132813 0.0453338623046875
0.116897583007813 -0.141891479492188 0.0400619506835938 0.077392578125
0.200698852539062 -0.0901031494140625 -0.0373916625976562 0.112998962402344
0.20867919921875 0.030975341796875 -0.137802124023438 0.0882720947265625
0.176712036132813 0.126419067382813 -0.182144165039063 0.0106353759765625
0.161712646484375 0.160980224609375 -0.157958984375 -0.0940704345703125
0.139801025390625 0.149749755859375 -0.142486572265625 -0.129409790039063
0.1180419921875 0.1444091796875 -0.111732482910156 -0.100746154785156
0.16094970703125 0.0885467529296875 -0.0826263427734375 -0.0434417724609375
0.165634155273438 0.0271148681640625 -0.010432243347168 -0.015650749206543
0.155715942382813 -0.026458740234375 0.0741119384765625 -0.0419692993164062
0.114852905273438 -0.113899230957031 0.0878219604492188 -0.125625610351563
0.0957794189453125 -0.15228271484375 0.0282745361328125 -0.202499389648438
0.0332794189453125 -0.168182373046875 -0.099639892578125 -0.252822875976563
-0.00404357910156251 -0.178634643554688 -0.158203125 -0.3028564453125
0.0189208984375 -0.105438232421875 0.168670654296875 -0.010498046875
0.0767059326171875 -0.0906600952148437 0.0759124755859375 0.0398483276367187
0.126251220703125 -0.0479049682617188 -0.011322021484375 0.110404968261719
0.128196716308594 0.0239639282226563 -0.12835693359375 0.0965652465820313
0.107780456542969 0.0766372680664063 -0.195526123046875 -0.00151062011718746
0.101409912109375 0.0991744995117188 -0.194732666015625 -0.121337890625
0.0862655639648438 0.0894699096679688 -0.187149047851563 -0.165191650390625
0.0766067504882812 0.0848922729492187 -0.15106201171875 -0.124908447265625
0.0986862182617188 0.0519866943359375 -0.123283386230469 -0.0381698608398437
0.0971832275390625 0.013916015625 -0.0437393188476562 0.00769424438476562
0.0883865356445313 -0.0154190063476563 0.059051513671875 -0.0164947509765625
0.070953369140625 -0.0686111450195313 0.0907745361328125 -0.113853454589844
0.0589675903320313 -0.0909423828125 0.0352020263671875 -0.207931518554688
0.0240631103515625 -0.102691650390625 -0.101959228515625 -0.285247802734375
0.00186157226562499 -0.112648010253906 -0.15960693359375 -0.357452392578125
-0.0274009704589844 0.0403022766113281 0.18359375 0.365753173828125
-0.0102005004882812 0.0224952697753906 0.1004638671875 0.319610595703125
-0.0160636901855469 0.0294647216796875 -0.0302734375 0.1982421875
-0.0154361724853516 0.00977897644042969 -0.0833740234375 0.122955322265625
-0.0281982421875 0.00359725952148437 -0.0420265197753906 0.0124893188476562
-0.0323867797851563 0.00970649719238281 0.0522079467773438 -0.0213966369628906
-0.0176544189453125 0.00501060485839844 0.144256591796875 0.032928466796875
-0.0174436569213867 -0.00458812713623047 0.165878295898438 0.135696411132813
-0.0245418548583984 -0.00817871093749999 0.21466064453125 0.181655883789063
-0.0303859710693359 -0.00188636779785156 0.240798950195312 0.137252807617188
-0.0301189422607422 -0.00676345825195313 0.225296020507812 -0.0210418701171875
-0.0261096954345703 0.00208282470703125 0.127212524414063 -0.117767333984375
-0.0367660522460938 0.0114784240722656 -0.00122833251953126 -0.112098693847656
-0.0268974304199219 0.01519775390625 -0.1075439453125 -0.0401535034179688
-0.0285682678222656 0.0363044738769531 -0.214675903320313 0.022430419921875
-0.0424270629882813 -0.0545883178710938 0.16937255859375 0.366607666015625
-0.00119781494140625 -0.0534248352050781 0.075958251953125 0.324188232421875
0.01763916015625 -0.0514717102050781 -0.04638671875 0.194091796875
0.0420074462890625 -0.0355148315429688 -0.0957565307617188 0.11639404296875
0.0423469543457031 -0.00793838500976563 -0.0435066223144531 0.0122032165527344
0.04638671875 0.0200233459472656 0.0531730651855469 -0.0248451232910156
0.0611076354980469 0.0398330688476562 0.139556884765625 0.0273666381835937
0.0429534912109375 0.0718841552734375 0.159500122070313 0.117462158203125
0.0478439331054688 0.0772323608398438 0.218780517578125 0.149200439453125
0.047027587890625 0.0848770141601563 0.255096435546875 0.101852416992188
0.0616073608398438 0.0677452087402344 0.229415893554688 -0.0447998046875
0.0726547241210938 0.0167160034179688 0.125602722167969 -0.130355834960938
0.0644645690917969 -0.0135383605957031 -0.00333404541015624 -0.118118286132813
0.0404815673828125 -0.0547752380371094 -0.111557006835937 -0.0401611328125
-0.00501632690429687 -0.0559577941894531 -0.211227416992188 0.02276611328125
-0.0460205078125 -0.142135620117188 0.150421142578125 0.34161376953125
0.01971435546875 -0.123504638671875 0.045074462890625 0.3092041015625
0.0668716430664063 -0.123451232910156 -0.0633087158203125 0.187652587890625
0.111358642578125 -0.068206787109375 -0.111160278320313 0.113578796386719
0.119949340820313 -0.0033111572265625 -0.05517578125 0.0210914611816406
0.123939514160156 0.0445556640625 0.0381927490234375 -0.0211563110351562
0.130897521972656 0.0809326171875 0.109809875488281 0.0187225341796875
0.0973892211914063 0.137741088867188 0.127822875976563 0.0824966430664063
0.122398376464844 0.138404846191406 0.192474365234375 0.0902862548828125
0.136077880859375 0.134712219238281 0.241897583007812 0.0414276123046875
0.16082763671875 0.095794677734375 0.216323852539063 -0.077484130859375
0.16058349609375 -0.008758544921875 0.119338989257813 -0.141647338867188
0.144729614257813 -0.066864013671875 0.00485992431640626 -0.126777648925781
0.084625244140625 -0.128997802734375 -0.102012634277344 -0.0583724975585937
0.00927734375 -0.140670776367188 -0.197265625 -0.0101470947265625
-0.0350799560546875 -0.207489013671875 0.13330078125 0.285888671875
0.0553741455078125 -0.176834106445313 0.01544189453125 0.270660400390625
0.132354736328125 -0.173309326171875 -0.076507568359375 0.173919677734375
0.188308715820313 -0.0765228271484375 -0.127731323242188 0.110916137695312
0.195526123046875 0.0254058837890625 -0.0803146362304687 0.0336990356445312
0.190567016601563 0.08636474609375 0.00247573852539064 -0.0177593231201172
0.181365966796875 0.124954223632812 0.0567855834960938 0.00232696533203126
0.137435913085938 0.1829833984375 0.0743331909179688 0.0366439819335938
0.184585571289062 0.16363525390625 0.134407043457031 0.0280303955078125
0.211929321289063 0.132339477539063 0.19244384765625 -0.01513671875
0.237884521484375 0.0688323974609375 0.182785034179688 -0.0996551513671875
0.209259033203125 -0.0699310302734375 0.109283447265625 -0.149948120117188
0.181137084960937 -0.137664794921875 0.01544189453125 -0.145294189453125
0.0942840576171875 -0.19403076171875 -0.0903472900390625 -0.0980072021484375
0.00993347167968748 -0.2037353515625 -0.181228637695312 -0.0712127685546875
-0.01239013671875 -0.241287231445313 0.12530517578125 0.208740234375
0.0960845947265625 -0.201492309570313 0.00161743164062501 0.20977783203125
0.197463989257813 -0.184555053710937 -0.0787200927734375 0.151779174804688
0.249710083007813 -0.0531158447265625 -0.1424560546875 0.103790283203125
0.244033813476563 0.0748443603515625 -0.117401123046875 0.0384750366210938
0.227203369140625 0.137374877929688 -0.0519561767578125 -0.0283622741699219
0.201858520507813 0.16119384765625 -0.0127544403076172 -0.0305690765380859
0.15631103515625 0.20013427734375 0.00840473175048829 -0.014256477355957
0.21661376953125 0.154495239257812 0.0555992126464844 -0.0168266296386719
0.245376586914063 0.095001220703125 0.118026733398438 -0.041168212890625
0.258346557617188 0.0162811279296875 0.139259338378906 -0.097198486328125
0.204605102539063 -0.126373291015625 0.097625732421875 -0.150650024414063
0.171249389648438 -0.190597534179688 0.021820068359375 -0.1707763671875
0.0762176513671875 -0.227218627929687 -0.0881195068359375 -0.152938842773438
0.00149536132812502 -0.234634399414063 -0.170501708984375 -0.151748657226563
0.0103759765625 -0.2332763671875 0.1319580078125 0.121604919433594
0.123321533203125 -0.190109252929688 0.0125350952148438 0.139328002929688
0.23046875 -0.152099609375 -0.0633163452148437 0.127235412597656
0.264053344726563 -0.0072021484375 -0.145889282226563 0.0940093994140625
0.240249633789062 0.121658325195313 -0.156234741210937 0.0299224853515625
0.218994140625 0.172225952148438 -0.112091064453125 -0.0579605102539063
0.189605712890625 0.1739501953125 -0.0854263305664062 -0.0786361694335937
0.152786254882812 0.187393188476563 -0.0589866638183594 -0.063568115234375
0.210128784179688 0.124740600585938 -0.0244674682617187 -0.0388298034667969
0.227096557617188 0.0532684326171875 0.0437889099121094 -0.0362777709960938
0.225021362304688 -0.0211639404296875 0.101303100585938 -0.0731887817382813
0.1650390625 -0.144332885742187 0.089874267578125 -0.142807006835938
0.135482788085938 -0.197952270507813 0.023284912109375 -0.194168090820313
0.0505523681640625 -0.21881103515625 -0.0955963134765625 -0.21044921875
-0.005889892578125 -0.22802734375 -0.167495727539063 -0.2354736328125
0.0217742919921875 -0.18701171875 0.151596069335938 0.0417633056640625
0.118362426757813 -0.1502685546875 0.0448989868164063 0.0772552490234375
0.2056884765625 -0.0994873046875 -0.0348968505859375 0.111618041992188
0.217941284179688 0.026763916015625 -0.137840270996094 0.0910568237304688
0.188018798828125 0.126708984375 -0.183349609375 0.012298583984375
0.171661376953125 0.162399291992188 -0.163162231445313 -0.097747802734375
0.149063110351563 0.150100708007813 -0.147842407226563 -0.13153076171875
0.126266479492188 0.146270751953125 -0.117721557617188 -0.103660583496094
0.168975830078125 0.087677001953125 -0.0886611938476563 -0.0408706665039062
0.171432495117188 0.0243682861328125 -0.0121250152587891 -0.0118780136108398
0.161453247070313 -0.02947998046875 0.0760955810546875 -0.0414276123046875
0.11578369140625 -0.120315551757813 0.0893096923828125 -0.130081176757813
0.0948486328125 -0.160903930664062 0.0257110595703125 -0.2078857421875
0.0318756103515625 -0.17413330078125 -0.10675048828125 -0.2578125
-0.00701904296874999 -0.1865234375 -0.16912841796875 -0.31097412109375
0.0180816650390625 -0.110885620117188 0.173507690429687 -0.01751708984375
0.0774993896484375 -0.0955886840820312 0.0810089111328125 0.0362472534179687
0.1295166015625 -0.052886962890625 -0.0064697265625 0.10882568359375
0.133132934570313 0.021942138671875 -0.127113342285156 0.0988922119140625
0.114273071289062 0.0766448974609375 -0.197433471679688 0.000503540039062463
0.107246398925781 0.0999832153320312 -0.200210571289063 -0.124771118164063
0.0913238525390625 0.0899124145507812 -0.19500732421875 -0.16864013671875
0.0816650390625 0.086029052734375 -0.158798217773438 -0.1287841796875
0.104522705078125 0.0519332885742188 -0.130096435546875 -0.0354461669921875
0.1002197265625 0.0127410888671875 -0.0457572937011719 0.0133781433105469
0.0921554565429688 -0.0158615112304688 0.0617408752441406 -0.0146217346191406
0.0714035034179688 -0.0720367431640625 0.0925445556640625 -0.117591857910156
0.0581512451171875 -0.0959548950195313 0.032501220703125 -0.213470458984375
0.0236740112304687 -0.106300354003906 -0.109222412109375 -0.291046142578125
0.000816345214843747 -0.117744445800781 -0.17242431640625 -0.36676025390625
-0.0238990783691406 0.0435142517089844 0.212066650390625 0.369842529296875
-0.0095977783203125 0.0232639312744141 0.12457275390625 0.327056884765625
-0.0137443542480469 0.0315341949462891 -0.0213165283203125 0.206466674804688
-0.016718864440918 0.010228157043457 -0.0811080932617188 0.129890441894531
-0.0297050476074219 0.00613784790039062 -0.0432662963867188 0.01055908203125
-0.0317420959472656 0.0125732421875 0.0527114868164063 -0.0302581787109375
-0.0169839859008789 0.00522518157958984 0.1527099609375 0.0250244140625
-0.0183372497558594 -0.004241943359375 0.182418823242188 0.134246826171875
-0.0257930755615234 -0.00800895690917968 0.234054565429688 0.179458618164063
-0.0313186645507813 0.000234603881835939 0.25714111328125 0.131607055664063
-0.0317649841308594 -0.00584793090820313 0.231460571289062 -0.0340576171875
-0.0271339416503906 0.00263404846191406 0.124664306640625 -0.129127502441406
-0.0366249084472656 0.0134086608886719 -0.00902557373046874 -0.113395690917969
-0.0291538238525391 0.0168075561523438 -0.115653991699219 -0.0324630737304688
-0.0272331237792969 0.0398368835449219 -0.22210693359375 0.0401153564453125
-0.0470848083496094 -0.0546951293945313 0.198089599609375 0.37225341796875
-0.00578308105468751 -0.0565109252929688 0.099761962890625 0.33331298828125
0.0150642395019531 -0.0549125671386719 -0.0390625 0.203323364257812
0.0398139953613281 -0.0415000915527344 -0.09381103515625 0.123443603515625
0.0440673828125 -0.0109519958496094 -0.0436553955078125 0.0104217529296875
0.0510673522949219 0.0174484252929688 0.0538520812988281 -0.0343437194824219
0.0673370361328125 0.0357513427734375 0.146957397460938 0.0194549560546875
0.0497283935546875 0.0712356567382813 0.173812866210937 0.116241455078125
0.0555343627929687 0.0766448974609375 0.2353515625 0.14495849609375
0.0555572509765625 0.0859298706054688 0.269485473632813 0.0923614501953125
0.0702285766601563 0.0662040710449219 0.234573364257813 -0.0596923828125
0.0783615112304688 0.0118865966796875 0.1220703125 -0.142471313476563
0.0684242248535156 -0.0201606750488281 -0.01165771484375 -0.120071411132812
0.0382308959960938 -0.0603485107421875 -0.119407653808594 -0.0319900512695313
-0.00799179077148437 -0.0593528747558594 -0.21807861328125 0.040191650390625
-0.0574188232421875 -0.146499633789062 0.177276611328125 0.34716796875
0.0115432739257812 -0.130844116210938 0.067138671875 0.3211669921875
0.06097412109375 -0.133918762207031 -0.0579833984375 0.197006225585938
0.110031127929688 -0.0804672241210938 -0.109428405761719 0.121551513671875
0.125480651855469 -0.0118179321289063 -0.0541839599609375 0.0210227966308594
0.133125305175781 0.0373382568359375 0.0385093688964844 -0.0294685363769531
0.14239501953125 0.07318115234375 0.116058349609375 0.0127792358398438
0.111251831054688 0.136161804199219 0.137557983398438 0.0810623168945313
0.137611389160156 0.136550903320313 0.203857421875 0.085540771484375
0.151275634765625 0.131576538085938 0.252059936523438 0.03057861328125
0.177169799804688 0.089599609375 0.219512939453125 -0.0927734375
0.169387817382813 -0.02056884765625 0.115829467773438 -0.154922485351563
0.148712158203125 -0.081695556640625 -0.00341033935546875 -0.130653381347656
0.0807342529296875 -0.140792846679687 -0.109886169433594 -0.0517349243164063
0.00105285644531249 -0.150131225585938 -0.204971313476563 0.00416564941406245
-0.05035400390625 -0.216690063476563 0.154937744140625 0.291107177734375
0.046295166015625 -0.188766479492188 0.033935546875 0.282958984375
0.125961303710937 -0.190475463867187 -0.0724334716796875 0.182464599609375
0.190521240234375 -0.094635009765625 -0.1263427734375 0.11993408203125
0.206771850585938 0.01275634765625 -0.079071044921875 0.03594970703125
0.205307006835938 0.076690673828125 0.00165939331054689 -0.0233974456787109
0.19769287109375 0.115325927734375 0.0607376098632813 -0.00120162963867187
0.155960083007813 0.18133544921875 0.0791778564453125 0.0361480712890625
0.2041015625 0.15838623046875 0.138679504394531 0.0241851806640625
0.230789184570313 0.12506103515625 0.197036743164063 -0.0246429443359375
0.256515502929688 0.05645751953125 0.183975219726563 -0.114120483398438
0.216964721679688 -0.087677001953125 0.104995727539063 -0.162979125976563
0.181564331054688 -0.158233642578125 0.00643920898437501 -0.1510009765625
0.0868072509765625 -0.208847045898438 -0.0990982055664063 -0.0945892333984375
-0.00239562988281249 -0.217086791992188 -0.191604614257813 -0.061187744140625
-0.0299224853515625 -0.253753662109375 0.142364501953125 0.210693359375
0.087677001953125 -0.217697143554688 0.0160064697265625 0.220077514648438
0.1929931640625 -0.207077026367187 -0.0756072998046875 0.158676147460938
0.257705688476563 -0.0737762451171875 -0.141525268554688 0.113479614257812
0.261703491210938 0.0614166259765625 -0.116683959960937 0.0436553955078125
0.246414184570313 0.12750244140625 -0.0552902221679688 -0.0312156677246094
0.221405029296875 0.152420043945313 -0.0131435394287109 -0.0310897827148437
0.1778564453125 0.198455810546875 0.00689601898193361 -0.013697624206543
0.237747192382813 0.146728515625 0.0533103942871094 -0.0180168151855469
0.26287841796875 0.0829315185546875 0.118354797363281 -0.0472869873046875
0.274978637695313 -4.57763671875E-05 0.138862609863281 -0.108230590820313
0.20745849609375 -0.146514892578125 0.0935211181640625 -0.162368774414063
0.166488647460937 -0.2125244140625 0.01202392578125 -0.178253173828125
0.0659637451171875 -0.24200439453125 -0.0998687744140625 -0.15264892578125
-0.0128326416015625 -0.24884033203125 -0.186126708984375 -0.146560668945313
-0.004791259765625 -0.24725341796875 0.144119262695313 0.118377685546875
0.11767578125 -0.207305908203125 0.0231781005859375 0.143798828125
0.229873657226563 -0.176132202148438 -0.0591964721679687 0.131767272949219
0.27642822265625 -0.0264129638671875 -0.144210815429687 0.103622436523438
0.262237548828125 0.110244750976563 -0.157363891601562 0.037506103515625
0.240203857421875 0.164566040039063 -0.119903564453125 -0.0581283569335938
0.209274291992188 0.167617797851563 -0.0913848876953125 -0.0775985717773438
0.172271728515625 0.185562133789063 -0.0664939880371094 -0.0625724792480469
0.229339599609375 0.1162109375 -0.0313644409179687 -0.0359001159667969
0.240386962890625 0.040618896484375 0.0416679382324219 -0.0364227294921875
0.236358642578125 -0.0370330810546875 0.101806640625 -0.080535888671875
0.163330078125 -0.1622314453125 0.085906982421875 -0.1536865234375
0.126846313476563 -0.2174072265625 0.0127410888671875 -0.2025146484375
0.039581298828125 -0.231857299804688 -0.111770629882813 -0.212570190429688
-0.02032470703125 -0.241043090820312 -0.18896484375 -0.235763549804688
0.010955810546875 -0.198745727539063 0.159896850585938 0.0325927734375
0.114471435546875 -0.165084838867188 0.0531845092773438 0.075408935546875
0.208816528320313 -0.117843627929688 -0.0291061401367187 0.112815856933594
0.230422973632813 0.012725830078125 -0.134925842285156 0.0996627807617188
0.20648193359375 0.119735717773438 -0.185501098632813 0.020904541015625
0.189987182617188 0.157318115234375 -0.173934936523438 -0.09637451171875
0.165313720703125 0.145675659179688 -0.160675048828125 -0.12982177734375
0.14190673828125 0.144790649414063 -0.130264282226563 -0.102279663085938
0.1834716796875 0.080291748046875 -0.09771728515625 -0.0342178344726563
0.180572509765625 0.0148162841796875 -0.0146102905273437 -0.00684547424316406
0.168624877929687 -0.0401611328125 0.0777435302734375 -0.0452499389648437
0.112998962402344 -0.133529663085938 0.085968017578125 -0.14031982421875
0.086395263671875 -0.17498779296875 0.014129638671875 -0.217437744140625
0.023223876953125 -0.183135986328125 -0.125595092773438 -0.26141357421875
-0.018402099609375 -0.197265625 -0.19677734375 -0.315277099609375
0.0130081176757813 -0.118423461914063 0.178421020507813 -0.031402587890625
0.0749282836914063 -0.105178833007813 0.0879364013671875 0.02886962890625
0.132148742675781 -0.0638427734375 0.00165557861328125 0.108314514160156
0.141220092773438 0.0140380859375 -0.122848510742187 0.107337951660156
0.125129699707031 0.0724258422851562 -0.201553344726563 0.0103302001953125
0.118659973144531 0.0973358154296875 -0.212997436523437 -0.121780395507813
0.100868225097656 0.0869827270507813 -0.21234130859375 -0.166595458984375
0.0905380249023438 0.08441162109375 -0.175094604492187 -0.12701416015625
0.113204956054687 0.0469284057617187 -0.139778137207031 -0.0267486572265625
0.105545043945313 0.00778961181640625 -0.0467910766601562 0.0211067199707031
0.0966110229492187 -0.0209808349609375 0.0650787353515625 -0.0156021118164063
0.0691070556640625 -0.0792388916015625 0.0904083251953125 -0.12689208984375
0.0531692504882812 -0.104316711425781 0.021240234375 -0.223495483398437
0.0189056396484375 -0.1123046875 -0.131683349609375 -0.29595947265625
-0.00589752197265626 -0.124656677246094 -0.203704833984375 -0.373565673828125
-0.0183143615722656 0.0454139709472656 0.247772216796875 0.35382080078125
-0.00856590270996094 0.024017333984375 0.155853271484375 0.3184814453125
-0.00981330871582031 0.0322303771972656 -0.00473022460937499 0.209259033203125
-0.0174531936645508 0.0115547180175781 -0.07220458984375 0.136177062988281
-0.0293045043945312 0.00961494445800782 -0.0435523986816406 0.01055908203125
-0.0293331146240234 0.0154533386230469 0.04913330078125 -0.039886474609375
-0.0157613754272461 0.00556373596191407 0.156906127929687 0.010345458984375
-0.0187644958496094 -0.00410842895507813 0.19842529296875 0.121246337890625
-0.0268497467041016 -0.00652503967285156 0.252349853515625 0.162582397460937
-0.0303554534912109 0.00377273559570312 0.269393920898437 0.112167358398437
-0.0326137542724609 -0.00333404541015625 0.228118896484375 -0.0542755126953125
-0.0270881652832031 0.00375556945800781 0.113677978515625 -0.140037536621094
-0.0350666046142578 0.0158729553222656 -0.0192413330078125 -0.11102294921875
-0.0292015075683594 0.0198841094970703 -0.120353698730469 -0.0201492309570312
-0.0229301452636719 0.0428276062011719 -0.219451904296875 0.0640411376953125
-0.0520973205566406 -0.0515289306640625 0.233673095703125 0.358184814453125
-0.012420654296875 -0.05712890625 0.133209228515625 0.328826904296875
0.010345458984375 -0.0575942993164063 -0.02423095703125 0.207687377929688
0.0344734191894531 -0.0462074279785156 -0.0855712890625 0.130584716796875
0.0432701110839844 -0.0151405334472656 -0.0434341430664063 0.00969696044921875
0.05413818359375 0.0122756958007812 0.0498008728027344 -0.0440940856933594
0.0713119506835938 0.0274429321289063 0.150985717773438 0.0054168701171875
0.0576133728027344 0.0662002563476563 0.187515258789063 0.104248046875
0.0640029907226563 0.0714492797851563 0.25 0.127548217773438
0.0655899047851563 0.0820159912109375 0.278228759765625 0.072357177734375
0.079559326171875 0.0599441528320312 0.22998046875 -0.0800933837890625
0.0819625854492188 0.00289154052734375 0.110595703125 -0.153213500976563
0.0683364868164063 -0.0285911560058594 -0.023101806640625 -0.117912292480469
0.0326576232910156 -0.0649642944335938 -0.123771667480469 -0.0190582275390625
-0.0136604309082031 -0.06121826171875 -0.214828491210938 0.062652587890625
-0.0723419189453125 -0.143142700195313 0.21063232421875 0.33575439453125
-0.00171661376953125 -0.133689880371094 0.099884033203125 0.3194580078125
0.048797607421875 -0.141098022460938 -0.044036865234375 0.20318603515625
0.101860046386719 -0.0927963256835938 -0.100631713867187 0.129852294921875
0.125587463378906 -0.0241241455078125 -0.0519332885742188 0.021087646484375
0.138481140136719 0.0237884521484375 0.0346641540527344 -0.0379447937011719
0.149826049804688 0.05755615234375 0.119140625 0.00191497802734375
0.126197814941406 0.126068115234375 0.14654541015625 0.0730743408203125
0.153045654296875 0.123733520507813 0.211196899414063 0.0709991455078125
0.166549682617188 0.119110107421875 0.254898071289063 0.010650634765625
0.191162109375 0.0731658935546875 0.21209716796875 -0.112991333007813
0.171737670898438 -0.038543701171875 0.102813720703125 -0.166030883789063
0.143997192382813 -0.099365234375 -0.0160598754882813 -0.129875183105469
0.0684814453125 -0.150894165039063 -0.1148681640625 -0.0402297973632813
-0.0131683349609375 -0.154937744140625 -0.204498291015625 0.0245513916015625
-0.0739593505859375 -0.215286254882813 0.18341064453125 0.281341552734375
0.0282440185546875 -0.196273803710938 0.063079833984375 0.284332275390625
0.10791015625 -0.20513916015625 -0.06060791015625 0.189239501953125
0.182479858398438 -0.11541748046875 -0.117889404296875 0.129661560058594
0.210952758789063 -0.0078125 -0.0743865966796875 0.0388031005859375
0.214752197265625 0.0563507080078125 -0.00164031982421874 -0.0283336639404297
0.210006713867188 0.0947113037109375 0.0628585815429688 -0.00694656372070312
0.17584228515625 0.167312622070313 0.0835037231445313 0.031890869140625
0.22332763671875 0.139480590820313 0.139236450195313 0.0151901245117188
0.246246337890625 0.104324340820313 0.19439697265625 -0.0404510498046875
0.268875122070313 0.0321197509765625 0.174697875976563 -0.130828857421875
0.212982177734375 -0.1112060546875 0.091400146484375 -0.173446655273438
0.168853759765625 -0.180526733398438 -0.00712585449218751 -0.151748657226563
0.0685272216796875 -0.220489501953125 -0.107666015625 -0.0847625732421875
-0.0228424072265625 -0.223098754882813 -0.1976318359375 -0.0438995361328125
-0.056121826171875 -0.25531005859375 0.162445068359375 0.201553344726562
0.068328857421875 -0.22930908203125 0.0392913818359375 0.221527099609375
0.17486572265625 -0.228836059570313 -0.06573486328125 0.1640625
0.253433227539063 -0.1011962890625 -0.132453918457031 0.123954772949219
0.272918701171875 0.03558349609375 -0.111541748046875 0.0504989624023438
0.261459350585938 0.104278564453125 -0.0598220825195312 -0.0309562683105469
0.23748779296875 0.130264282226563 -0.0138072967529297 -0.0310382843017578
0.199798583984375 0.183029174804687 0.0055217742919922 -0.012939453125
0.255584716796875 0.124832153320313 0.0492973327636719 -0.0191688537597656
0.27545166015625 0.05889892578125 0.112701416015625 -0.055206298828125
0.28204345703125 -0.026611328125 0.13018798828125 -0.120620727539063
0.197418212890625 -0.169784545898438 0.0792694091796875 -0.172149658203125
0.146804809570313 -0.232574462890625 -0.00439453125 -0.179611206054688
0.044464111328125 -0.252471923828125 -0.113571166992187 -0.14404296875
-0.036773681640625 -0.254837036132813 -0.200164794921875 -0.1314697265625
-0.029937744140625 -0.251754760742188 0.155487060546875 0.106033325195312
0.0999298095703125 -0.2222900390625 0.0383758544921875 0.142440795898438
0.215835571289063 -0.201416015625 -0.0505447387695312 0.133682250976563
0.277862548828125 -0.0547943115234375 -0.135414123535156 0.114006042480469
0.278594970703125 0.084564208984375 -0.152328491210938 0.0481414794921875
0.258544921875 0.143142700195313 -0.126419067382812 -0.0520782470703125
0.226364135742188 0.14752197265625 -0.0972976684570312 -0.0715255737304687
0.192398071289063 0.171295166015625 -0.0735244750976562 -0.0568923950195313
0.244110107421875 0.09429931640625 -0.0375328063964844 -0.0293121337890625
0.247879028320312 0.018310546875 0.0370140075683594 -0.0364646911621094
0.238571166992188 -0.0596923828125 0.0959243774414063 -0.0886611938476563
0.1505126953125 -0.1802978515625 0.0740814208984375 -0.162246704101563
0.105926513671875 -0.233078002929688 -0.00621032714843751 -0.20416259765625
0.0189666748046875 -0.238174438476562 -0.131301879882813 -0.203842163085938
-0.0438690185546875 -0.245956420898438 -0.212753295898437 -0.221588134765625
-0.00857543945312502 -0.203948974609375 0.16278076171875 0.0167083740234375
0.100357055664063 -0.178466796875 0.0610885620117188 0.0690116882324219
0.200225830078125 -0.140106201171875 -0.0193328857421875 0.110977172851562
0.235214233398438 -0.0102081298828125 -0.125602722167969 0.108306884765625
0.222625732421875 0.100112915039063 -0.182525634765625 0.034698486328125
0.206634521484375 0.140472412109375 -0.183990478515625 -0.085540771484375
0.17987060546875 0.130950927734375 -0.172439575195313 -0.118896484375
0.157180786132813 0.133010864257813 -0.14239501953125 -0.0926666259765625
0.193572998046875 0.06231689453125 -0.104095458984375 -0.0220108032226562
0.184112548828125 -0.0020904541015625 -0.0157899856567383 -0.00139427185058594
0.169189453125 -0.0562286376953125 0.0757293701171875 -0.0502777099609375
0.10113525390625 -0.145462036132813 0.0750885009765625 -0.148513793945313
0.0678863525390625 -0.185638427734375 -0.00514221191406249 -0.219345092773438
0.00682067871093752 -0.187469482421875 -0.150100708007813 -0.252029418945313
-0.0380706787109375 -0.200714111328125 -0.229156494140625 -0.301177978515625
0.00236511230468751 -0.122230529785156 0.1754150390625 -0.0509490966796875
0.0654678344726563 -0.113601684570313 0.0907135009765625 0.017822265625
0.128021240234375 -0.0770187377929688 0.0126953125 0.103736877441406
0.144912719726563 0.00048828125 -0.11175537109375 0.115097045898438
0.1334228515625 0.0611724853515625 -0.199676513671875 0.0257720947265625
0.128746032714844 0.0876235961914063 -0.224624633789063 -0.107940673828125
0.109855651855469 0.0782852172851563 -0.22930908203125 -0.151641845703125
0.0991058349609375 0.07647705078125 -0.190689086914063 -0.114334106445312
0.119720458984375 0.0358428955078125 -0.1448974609375 -0.0111083984375
0.107742309570313 -0.00205230712890625 -0.0448455810546875 0.0295906066894531
0.0977249145507812 -0.0295867919921875 0.0655975341796875 -0.0187911987304688
0.0619583129882813 -0.086517333984375 0.0805511474609375 -0.134811401367188
0.0419158935546875 -0.110092163085937 0.00097656249999999 -0.2255859375
0.00897216796875001 -0.115493774414062 -0.159637451171875 -0.28594970703125
-0.0172348022460938 -0.127365112304688 -0.2425537109375 -0.3583984375
-0.0129051208496094 0.0442047119140625 0.266082763671875 0.325286865234375
-0.00734138488769531 0.0232124328613281 0.17572021484375 0.297760009765625
-0.00616645812988281 0.0314655303955078 0.00865173339843752 0.202346801757813
-0.017085075378418 0.0126628875732422 -0.0624465942382812 0.1357421875
-0.0277194976806641 0.0123519897460937 -0.0431556701660156 0.00904083251953125
-0.0260829925537109 0.0163211822509766 0.0428047180175781 -0.0459938049316406
-0.0147314071655273 0.00431346893310547 0.153533935546875 -0.0026092529296875
-0.0185832977294922 -0.00358772277832031 0.20440673828125 0.104400634765625
-0.0260524749755859 -0.00500297546386718 0.256134033203125 0.1412353515625
-0.0279579162597656 0.00562095642089843 0.267166137695313 0.0918731689453125
-0.0318183898925781 -0.00108337402343751 0.214584350585938 -0.0673828125
-0.0265712738037109 0.00424003601074219 0.0995330810546875 -0.142242431640625
-0.0323123931884766 0.0171127319335937 -0.0265350341796875 -0.103103637695313
-0.0280914306640625 0.0219402313232422 -0.118438720703125 -0.0085906982421875
-0.0183029174804687 0.0431404113769531 -0.20684814453125 0.08056640625
-0.0544357299804688 -0.0466728210449219 0.253143310546875 0.33074951171875
-0.0175437927246094 -0.0549125671386719 0.15594482421875 0.308868408203125
0.005645751953125 -0.0573692321777344 -0.0109100341796875 0.202713012695312
0.02874755859375 -0.0474777221679688 -0.0753097534179688 0.131111145019531
0.0405731201171875 -0.0175628662109375 -0.0425453186035156 0.00791168212890625
0.0535659790039062 0.00653076171875 0.042633056640625 -0.0500068664550781
0.0703048706054688 0.0187301635742188 0.14764404296875 -0.0067291259765625
0.0611648559570313 0.0580596923828125 0.191329956054688 0.0897979736328125
0.068511962890625 0.0637168884277344 0.249969482421875 0.108795166015625
0.071380615234375 0.0743637084960938 0.272842407226563 0.052215576171875
0.0835800170898438 0.0510635375976563 0.215042114257813 -0.0932159423828125
0.0805130004882813 -0.0053558349609375 0.0948333740234375 -0.155868530273438
0.0649757385253906 -0.0352935791015625 -0.0311355590820313 -0.110527038574219
0.0260696411132812 -0.0661239624023437 -0.121116638183594 -0.00726318359375
-0.0179977416992188 -0.0598411560058594 -0.20166015625 0.077972412109375
-0.0819549560546875 -0.133003234863281 0.23004150390625 0.311676025390625
-0.012664794921875 -0.130043029785156 0.123443603515625 0.302642822265625
0.0361175537109375 -0.1412353515625 -0.031494140625 0.200271606445313
0.0900344848632813 -0.0979766845703125 -0.0897979736328125 0.131004333496094
0.120277404785156 -0.033172607421875 -0.0490036010742187 0.0195121765136719
0.136253356933594 0.0112838745117188 0.02880859375 -0.0425338745117188
0.148468017578125 0.04132080078125 0.117385864257813 -0.0076751708984375
0.132232666015625 0.1114501953125 0.149200439453125 0.0624542236328125
0.158981323242188 0.107192993164063 0.207839965820313 0.056854248046875
0.172210693359375 0.102066040039063 0.245956420898437 -0.00598144531249999
0.194854736328125 0.0545196533203125 0.195571899414063 -0.123672485351563
0.165603637695313 -0.0530853271484375 0.087005615234375 -0.167724609375
0.132743835449219 -0.10986328125 -0.0251083374023437 -0.123512268066406
0.05511474609375 -0.15289306640625 -0.113433837890625 -0.0289764404296875
-0.0249481201171875 -0.152236938476563 -0.194183349609375 0.0396728515625
-0.0900421142578125 -0.202911376953125 0.19952392578125 0.260940551757813
0.011505126953125 -0.193267822265625 0.0859527587890625 0.271560668945313
0.0888519287109375 -0.20806884765625 -0.0485687255859375 0.187484741210938
0.167037963867187 -0.12701416015625 -0.105949401855469 0.131401062011719
0.204635620117187 -0.024871826171875 -0.0685157775878906 0.03851318359375
0.212265014648438 0.0371551513671875 -0.00556564331054687 -0.0305919647216797
0.208969116210938 0.072906494140625 0.062652587890625 -0.0127677917480469
0.184097290039062 0.147994995117188 0.0839080810546875 0.027313232421875
0.228256225585937 0.11663818359375 0.133773803710938 0.00871276855468751
0.248703002929688 0.080963134765625 0.183197021484375 -0.05059814453125
0.266983032226563 0.0078277587890625 0.158721923828125 -0.138687133789063
0.200119018554688 -0.127395629882813 0.075592041015625 -0.174560546875
0.149749755859375 -0.18994140625 -0.0185089111328125 -0.145370483398438
0.0503387451171875 -0.220504760742188 -0.108993530273437 -0.073272705078125
-0.0404205322265625 -0.218902587890625 -0.192596435546875 -0.0279083251953125
-0.0767669677734375 -0.243392944335938 0.173294067382813 0.184402465820312
0.0482940673828125 -0.229293823242187 0.0575103759765625 0.212387084960937
0.151077270507812 -0.236572265625 -0.05462646484375 0.162338256835937
0.237808227539063 -0.119461059570313 -0.119987487792969 0.126487731933594
0.268508911132813 0.0116729736328125 -0.102523803710937 0.052978515625
0.26123046875 0.0793304443359375 -0.061859130859375 -0.0287628173828125
0.238845825195313 0.106369018554688 -0.0134696960449219 -0.0305767059326172
0.207504272460938 0.1612548828125 0.00483417510986329 -0.0115060806274414
0.25860595703125 0.0992431640625 0.0439949035644531 -0.0176849365234375
0.2718505859375 0.0348663330078125 0.103096008300781 -0.0586166381835937
0.274703979492188 -0.0496978759765625 0.117050170898438 -0.124885559082031
0.179519653320313 -0.181350708007813 0.06488037109375 -0.172149658203125
0.122711181640625 -0.23809814453125 -0.017852783203125 -0.172393798828125
0.0247650146484375 -0.248764038085938 -0.11907958984375 -0.130615234375
-0.056671142578125 -0.24871826171875 -0.20257568359375 -0.113174438476562
-0.0511627197265625 -0.242431640625 0.158523559570313 0.0924224853515625
0.08013916015625 -0.224853515625 0.0498123168945313 0.135017395019531
0.193389892578125 -0.21282958984375 -0.041839599609375 0.129692077636719
0.265396118164063 -0.0759124755859375 -0.123367309570313 0.115829467773437
0.27764892578125 0.0598297119140625 -0.1416015625 0.054290771484375
0.261856079101563 0.1181640625 -0.127708435058594 -0.0443878173828125
0.229782104492188 0.124893188476563 -0.097564697265625 -0.0645904541015625
0.199539184570313 0.151153564453125 -0.0760574340820312 -0.0497894287109375
0.244552612304688 0.0703125 -0.0404739379882812 -0.0213356018066406
0.241989135742187 -0.0019989013671875 0.0320682525634766 -0.0342350006103516
0.2296142578125 -0.07806396484375 0.0865631103515625 -0.091094970703125
0.131744384765625 -0.18707275390625 0.060455322265625 -0.161941528320313
0.081939697265625 -0.233734130859375 -0.021087646484375 -0.195755004882813
0.000946044921874997 -0.233123779296875 -0.140777587890625 -0.186737060546875
-0.06317138671875 -0.23907470703125 -0.222824096679688 -0.19964599609375
-0.025726318359375 -0.197784423828125 0.1573486328125 0.00346374511718749
0.08404541015625 -0.181472778320313 0.0643424987792969 0.0610008239746094
0.183013916015625 -0.151992797851562 -0.01220703125 0.104080200195312
0.227783203125 -0.0289306640625 -0.113212585449219 0.109130859375
0.224288940429688 0.079254150390625 -0.171737670898437 0.0435028076171875
0.211029052734375 0.120529174804688 -0.184951782226562 -0.073150634765625
0.183395385742188 0.113113403320313 -0.175033569335937 -0.1051025390625
0.161834716796875 0.116653442382813 -0.146133422851563 -0.07965087890625
0.192733764648437 0.0437774658203125 -0.103622436523437 -0.00969696044921876
0.178970336914063 -0.01641845703125 -0.0154933929443359 0.00401496887207031
0.161773681640625 -0.068328857421875 0.0708465576171875 -0.0518951416015625
0.0859832763671875 -0.14825439453125 0.063201904296875 -0.148300170898438
0.04925537109375 -0.1842041015625 -0.0209503173828125 -0.209732055664063
-0.00732421874999999 -0.182296752929688 -0.162994384765625 -0.2315673828125
-0.05352783203125 -0.194259643554687 -0.244720458984375 -0.275848388671875
-0.00774383544921876 -0.120315551757812 0.163909912109375 -0.0640716552734375
0.0542068481445313 -0.114967346191406 0.0879669189453125 0.00778961181640624
0.118133544921875 -0.0847091674804688 0.01959228515625 0.0939254760742187
0.14007568359375 -0.0107040405273438 -0.0986251831054688 0.114906311035156
0.133995056152344 0.0489501953125 -0.188583374023438 0.0368499755859375
0.131889343261719 0.07568359375 -0.224594116210937 -0.0921630859375
0.111915588378906 0.067626953125 -0.233062744140625 -0.13311767578125
0.10150146484375 0.0670394897460938 -0.195602416992188 -0.0984954833984375
0.118675231933594 0.0245132446289063 -0.141525268554688 0.00294494628906251
0.105033874511719 -0.0102691650390625 -0.0405044555664063 0.0360183715820312
0.0940399169921875 -0.0360336303710938 0.0640335083007813 -0.02020263671875
0.052947998046875 -0.0875625610351562 0.069580078125 -0.134986877441406
0.0304489135742188 -0.108833312988281 -0.0150299072265625 -0.216415405273438
0.00065612792968749 -0.112442016601562 -0.175048828125 -0.263763427734375
-0.027069091796875 -0.123870849609375 -0.26287841796875 -0.328704833984375
-0.009918212890625 0.0419197082519531 0.26788330078125 0.304901123046875
-0.00726699829101563 0.0219039916992187 0.181381225585938 0.280807495117188
-0.00361061096191407 0.0292091369628906 0.013702392578125 0.195175170898438
-0.0163288116455078 0.0134506225585937 -0.0571212768554688 0.132560729980469
-0.0258159637451172 0.0133590698242188 -0.0432510375976563 0.00688552856445312
-0.0240478515625 0.0157756805419922 0.0377464294433594 -0.0486793518066406
-0.0145511627197266 0.00321006774902344 0.149444580078125 -0.0091400146484375
-0.0181560516357422 -0.00447654724121094 0.203475952148438 0.0951690673828125
-0.0247001647949219 -0.00484466552734375 0.252182006835938 0.130264282226563
-0.0256443023681641 0.0057373046875 0.259292602539063 0.082794189453125
-0.0301856994628906 -0.000841140747070317 0.202911376953125 -0.070953369140625
-0.0266799926757813 0.0034637451171875 0.0912551879882813 -0.13922119140625
-0.0306167602539063 0.0167407989501953 -0.0283203125 -0.0965728759765625
-0.0275650024414063 0.02276611328125 -0.114585876464844 -0.00229644775390624
-0.0152816772460937 0.0417327880859375 -0.195556640625 0.08636474609375
-0.0540733337402344 -0.0432510375976563 0.257568359375 0.311309814453125
-0.0200767517089844 -0.0529327392578125 0.1634521484375 0.2926025390625
0.00339126586914063 -0.0564460754394531 -0.00592041015625001 0.19775390625
0.0251693725585937 -0.0470008850097656 -0.0700607299804687 0.128028869628906
0.0386924743652344 -0.0183868408203125 -0.0422172546386719 0.00519561767578125
0.0519943237304688 0.003448486328125 0.0374717712402344 -0.052520751953125
0.0675392150878906 0.0133476257324219 0.143890380859375 -0.0127105712890625
0.0611457824707031 0.0526161193847656 0.190093994140625 0.0822296142578125
0.0690116882324219 0.0576400756835938 0.2447509765625 0.099609375
0.0727386474609375 0.0682449340820312 0.263397216796875 0.0436248779296875
0.0842666625976563 0.0450057983398438 0.202560424804687 -0.095855712890625
0.0783615112304688 -0.0101165771484375 0.0867156982421875 -0.153045654296875
0.0619354248046875 -0.0385627746582031 -0.033966064453125 -0.104347229003906
0.0226516723632812 -0.0655632019042969 -0.116806030273438 -0.00094604492187502
-0.0196685791015625 -0.0595016479492188 -0.190765380859375 0.0831451416015625
-0.0854949951171875 -0.125099182128906 0.23480224609375 0.29278564453125
-0.0183334350585938 -0.125839233398438 0.13348388671875 0.2874755859375
0.029205322265625 -0.137985229492188 -0.0258026123046875 0.195770263671875
0.0825653076171875 -0.0984573364257812 -0.0839691162109375 0.128265380859375
0.115150451660156 -0.0372085571289063 -0.0473747253417969 0.0165176391601563
0.131492614746094 0.005279541015625 0.0245132446289063 -0.0442962646484375
0.143295288085938 0.0325469970703125 0.115066528320313 -0.0132064819335938
0.131919860839844 0.101463317871094 0.147918701171875 0.0575103759765625
0.157821655273438 0.09588623046875 0.201568603515625 0.0517425537109375
0.171783447265625 0.0916290283203125 0.235488891601562 -0.01116943359375
0.19281005859375 0.0432891845703125 0.183486938476563 -0.124618530273438
0.159744262695313 -0.0598297119140625 0.0785980224609375 -0.164596557617187
0.123992919921875 -0.11328125 -0.0296249389648437 -0.117332458496094
0.04827880859375 -0.151351928710938 -0.109725952148438 -0.0232925415039062
-0.031280517578125 -0.1497802734375 -0.1849365234375 0.0446014404296875
-0.09600830078125 -0.191757202148438 0.204360961914063 0.246337890625
0.00340270996093748 -0.188522338867188 0.0966644287109375 0.258331298828125
0.0772857666015625 -0.205184936523438 -0.043487548828125 0.183486938476563
0.155914306640625 -0.129837036132813 -0.0995407104492187 0.128738403320313
0.197540283203125 -0.032867431640625 -0.0652275085449219 0.0354728698730469
0.2060546875 0.0269927978515625 -0.00796890258789061 -0.0314922332763672
0.202682495117187 0.0611419677734375 0.062255859375 -0.0164642333984375
0.1834716796875 0.135162353515625 0.0837554931640625 0.0254745483398438
0.225189208984375 0.102142333984375 0.127876281738281 0.00831604003906251
0.2447509765625 0.068115234375 0.173538208007813 -0.052215576171875
0.261795043945313 -0.0048675537109375 0.147079467773438 -0.137802124023437
0.1905517578125 -0.13250732421875 0.067138671875 -0.170684814453125
0.136672973632813 -0.1910400390625 -0.023956298828125 -0.138542175292969
0.0410308837890625 -0.216827392578125 -0.1065673828125 -0.066558837890625
-0.0494232177734375 -0.213943481445313 -0.186004638671875 -0.02117919921875
-0.0854034423828125 -0.231491088867187 0.17523193359375 0.173080444335937
0.03814697265625 -0.224945068359375 0.0660400390625 0.202316284179688
0.136642456054687 -0.235443115234375 -0.0506591796875 0.1583251953125
0.22509765625 -0.125991821289063 -0.113014221191406 0.123291015625
0.260894775390625 -0.0001220703125 -0.096649169921875 0.0506668090820312
0.255081176757813 0.0668792724609375 -0.0617408752441406 -0.0275955200195312
0.23321533203125 0.0930023193359375 -0.0116844177246094 -0.0317211151123047
0.20709228515625 0.148422241210938 0.00491333007812501 -0.00991725921630859
0.254104614257813 0.0841522216796875 0.0403861999511719 -0.0141677856445312
0.264892578125 0.02215576171875 0.095947265625 -0.0568161010742187
0.267013549804688 -0.061614990234375 0.10833740234375 -0.122703552246094
0.1673583984375 -0.183792114257812 0.0573577880859375 -0.167831420898438
0.108322143554688 -0.235687255859375 -0.0236358642578125 -0.165206909179688
0.01458740234375 -0.242843627929688 -0.117988586425781 -0.122261047363281
-0.066650390625 -0.242630004882813 -0.199203491210938 -0.1033935546875
-0.060577392578125 -0.231414794921875 0.156997680664063 0.0843658447265625
0.0688629150390625 -0.2215576171875 0.0548477172851563 0.127655029296875
0.178558349609375 -0.2144775390625 -0.0390090942382812 0.123954772949219
0.25390625 -0.0850067138671875 -0.115997314453125 0.112350463867188
0.271865844726563 0.0457611083984375 -0.133758544921875 0.0540237426757812
0.256576538085938 0.104339599609375 -0.125686645507812 -0.0408782958984375
0.225906372070313 0.112228393554688 -0.095367431640625 -0.0615615844726563
0.198562622070313 0.138656616210938 -0.0754547119140625 -0.0449905395507812
0.238632202148437 0.0567169189453125 -0.0405540466308594 -0.0149459838867187
0.2347412109375 -0.0128021240234375 0.0287914276123047 -0.0305080413818359
0.220962524414063 -0.0863800048828125 0.081207275390625 -0.0885238647460938
0.120803833007812 -0.186279296875 0.053955078125 -0.157791137695313
0.068084716796875 -0.228729248046875 -0.026702880859375 -0.187088012695313
-0.00721740722656248 -0.226089477539063 -0.141357421875 -0.17620849609375
-0.07281494140625 -0.232376098632813 -0.222183227539063 -0.186264038085938
-0.0337066650390625 -0.19049072265625 0.1517333984375 -0.00196838378906251
0.074615478515625 -0.1798095703125 0.06488037109375 0.055267333984375
0.171279907226563 -0.154052734375 -0.0106658935546875 0.0968551635742187
0.219573974609375 -0.0372772216796875 -0.105987548828125 0.105216979980469
0.22021484375 0.0671234130859375 -0.16265869140625 0.04510498046875
0.208450317382813 0.108413696289063 -0.181961059570312 -0.0670928955078125
0.181076049804688 0.102630615234375 -0.172286987304688 -0.0986328125
0.160446166992188 0.107284545898438 -0.145309448242188 -0.0728607177734375
0.187332153320313 0.0334014892578125 -0.100669860839844 -0.00257873535156248
0.172317504882813 -0.0234527587890625 -0.0152721405029297 0.00814437866210937
0.155914306640625 -0.0733184814453125 0.0680656433105469 -0.0501594543457031
0.077484130859375 -0.14605712890625 0.05694580078125 -0.144119262695313
0.038726806640625 -0.178421020507813 -0.0270538330078125 -0.200149536132812
-0.0135345458984375 -0.176605224609375 -0.165313720703125 -0.218048095703125
-0.060943603515625 -0.188217163085938 -0.2464599609375 -0.258255004882812
-0.0126266479492188 -0.116851806640625 0.154281616210938 -0.06793212890625
0.0482254028320313 -0.113372802734375 0.0848846435546875 0.00328063964843749
0.111724853515625 -0.0861740112304688 0.020538330078125 0.0849609375
0.134788513183594 -0.01580810546875 -0.0915145874023437 0.109825134277344
0.131149291992188 0.04205322265625 -0.178970336914063 0.039215087890625
0.129692077636719 0.0682830810546875 -0.21978759765625 -0.084564208984375
0.110366821289063 0.0612411499023437 -0.229873657226563 -0.123382568359375
0.100257873535156 0.0612411499023438 -0.194808959960938 -0.08905029296875
0.1153564453125 0.0178680419921875 -0.136787414550781 0.0101318359375
0.101066589355469 -0.0138702392578125 -0.0371856689453125 0.0393867492675781
0.0909805297851563 -0.038665771484375 0.0632057189941406 -0.0192832946777344
0.047149658203125 -0.0859832763671875 0.0638580322265625 -0.131874084472656
0.0237579345703125 -0.105010986328125 -0.0209503173828125 -0.2064208984375
-0.00336456298828125 -0.109275817871094 -0.177719116210938 -0.247772216796875
-0.0317153930664062 -0.120307922363281 -0.266876220703125 -0.30859375
-0.00866317749023438 0.04095458984375 0.271240234375 0.299224853515625
-0.00810432434082031 0.0208015441894531 0.18646240234375 0.276123046875
-0.00272178649902344 0.0271415710449219 0.0151214599609375 0.194503784179688
-0.0159912109375 0.0135955810546875 -0.0559539794921875 0.131599426269531
-0.0251922607421875 0.0142459869384766 -0.0451889038085938 0.00442886352539062
-0.0235061645507812 0.0155735015869141 0.0349540710449219 -0.0510520935058594
-0.0154123306274414 0.00138759613037109 0.14971923828125 -0.0127716064453125
-0.0189456939697266 -0.00556564331054688 0.206924438476562 0.0921630859375
-0.0249805450439453 -0.00570297241210938 0.251983642578125 0.128677368164063
-0.0241889953613281 0.00501823425292969 0.257659912109375 0.081756591796875
-0.0304622650146484 -0.00110435485839844 0.197998046875 -0.0706329345703125
-0.0274925231933594 0.00328254699707032 0.0888214111328125 -0.138389587402344
-0.0301189422607422 0.0166778564453125 -0.0291824340820312 -0.09368896484375
-0.0278854370117187 0.0238819122314453 -0.1138916015625 0.00127410888671873
-0.0139312744140625 0.0409202575683594 -0.192794799804688 0.0901641845703125
-0.054351806640625 -0.0424652099609375 0.261932373046875 0.305023193359375
-0.0223350524902344 -0.0525360107421875 0.169677734375 0.2872314453125
0.00262069702148438 -0.0572547912597656 -0.0042572021484375 0.197265625
0.0239486694335938 -0.0472984313964844 -0.068450927734375 0.127311706542969
0.0385208129882813 -0.0189590454101563 -0.0438804626464844 0.00265502929687499
0.0518989562988281 0.00206375122070313 0.0345382690429687 -0.054718017578125
0.0657463073730469 0.0108642578125 0.144393920898437 -0.01678466796875
0.0610542297363281 0.0500831604003906 0.193267822265625 0.0800933837890625
0.0697059631347656 0.0544853210449219 0.24420166015625 0.0994873046875
0.0747451782226562 0.0654449462890625 0.260818481445313 0.04302978515625
0.085845947265625 0.0415267944335938 0.198287963867187 -0.096038818359375
0.0784683227539063 -0.01318359375 0.0840301513671875 -0.152252197265625
0.0608978271484375 -0.0408668518066406 -0.0359344482421875 -0.10162353515625
0.0213165283203125 -0.0664100646972656 -0.115737915039063 0.00169372558593752
-0.0214920043945313 -0.0610771179199219 -0.188034057617188 0.0858154296875
-0.0874252319335938 -0.122314453125 0.239898681640625 0.287872314453125
-0.0215225219726563 -0.125556945800781 0.14080810546875 0.282806396484375
0.0261993408203125 -0.138740539550781 -0.0246429443359375 0.196762084960938
0.079833984375 -0.100044250488281 -0.0829238891601562 0.127311706542969
0.114013671875 -0.0396347045898438 -0.048431396484375 0.0133399963378906
0.13037109375 0.002685546875 0.0223007202148438 -0.0464515686035156
0.141036987304688 0.0290985107421875 0.116073608398438 -0.0170669555664062
0.132911682128906 0.0982513427734375 0.150863647460938 0.05682373046875
0.159133911132813 0.0909576416015625 0.200225830078125 0.0532684326171875
0.173538208007813 0.0869903564453125 0.232025146484375 -0.01153564453125
0.194992065429688 0.03753662109375 0.179107666015625 -0.125045776367188
0.15948486328125 -0.064483642578125 0.0759429931640625 -0.164199829101563
0.121749877929687 -0.11700439453125 -0.0318679809570312 -0.114601135253906
0.045654296875 -0.152847290039063 -0.1090087890625 -0.0205535888671875
-0.035552978515625 -0.15155029296875 -0.182601928710938 0.04656982421875
-0.0997467041015625 -0.1876220703125 0.209182739257813 0.241928100585938
-0.00154113769531252 -0.1885986328125 0.103408813476562 0.254547119140625
0.0723876953125 -0.20611572265625 -0.0426788330078125 0.18426513671875
0.152435302734375 -0.132705688476563 -0.0985946655273438 0.127418518066406
0.196136474609375 -0.03729248046875 -0.0645713806152344 0.0323295593261719
0.205245971679688 0.0232696533203125 -0.00950241088867186 -0.0332050323486328
0.201217651367188 0.0570220947265625 0.0638694763183594 -0.0205459594726562
0.184600830078125 0.131118774414063 0.0853271484375 0.025360107421875
0.226028442382812 0.0957183837890625 0.126846313476563 0.0115585327148438
0.245330810546875 0.0617218017578125 0.170059204101563 -0.0511016845703125
0.262954711914062 -0.012939453125 0.144271850585938 -0.137527465820313
0.1885986328125 -0.137588500976563 0.0650177001953125 -0.170547485351563
0.132232666015625 -0.193893432617187 -0.026824951171875 -0.136131286621094
0.0375213623046875 -0.218399047851563 -0.106414794921875 -0.0645751953125
-0.0561370849609375 -0.21551513671875 -0.184967041015625 -0.019500732421875
-0.09002685546875 -0.227066040039063 0.179580688476563 0.169448852539062
0.0331878662109375 -0.225738525390625 0.071624755859375 0.198928833007813
0.1309814453125 -0.237716674804688 -0.0513763427734375 0.158004760742187
0.22125244140625 -0.1297607421875 -0.112594604492187 0.121337890625
0.260726928710938 -0.00653076171875 -0.0945892333984375 0.0479888916015625
0.254470825195313 0.0619964599609375 -0.0628318786621094 -0.028350830078125
0.232574462890625 0.0881195068359375 -0.0103321075439453 -0.0344295501708984
0.208084106445313 0.144515991210938 0.00570774078369142 -0.00910758972167968
0.253662109375 0.0774078369140625 0.0398788452148438 -0.00958633422851562
0.2652587890625 0.016204833984375 0.09326171875 -0.0543060302734375
0.266815185546875 -0.06927490234375 0.106170654296875 -0.122222900390625
0.164505004882813 -0.187835693359375 0.055511474609375 -0.167572021484375
0.102874755859375 -0.236770629882812 -0.0267486572265625 -0.161605834960938
0.0106353759765625 -0.243682861328125 -0.118133544921875 -0.120094299316406
-0.0744171142578125 -0.243408203125 -0.199783325195313 -0.101699829101563
-0.0650787353515625 -0.228240966796875 0.158493041992188 0.0815582275390625
0.0640716552734375 -0.223526000976563 0.0584259033203125 0.124649047851562
0.17376708984375 -0.21783447265625 -0.0406112670898437 0.122314453125
0.25164794921875 -0.089935302734375 -0.115524291992188 0.109962463378906
0.272232055664062 0.0391998291015625 -0.130989074707031 0.051727294921875
0.2576904296875 0.0992889404296875 -0.126457214355469 -0.0404586791992187
0.226165771484375 0.107986450195312 -0.0949630737304687 -0.062713623046875
0.199432373046875 0.135665893554688 -0.076019287109375 -0.0438003540039062
0.237701416015625 0.05059814453125 -0.0408973693847656 -0.01025390625
0.233062744140625 -0.0178070068359375 0.0272102355957031 -0.0268096923828125
0.219924926757813 -0.091949462890625 0.080535888671875 -0.0873870849609375
0.116683959960938 -0.187896728515625 0.0521240234375 -0.15740966796875
0.0623626708984375 -0.227996826171875 -0.02960205078125 -0.184249877929688
-0.01123046875 -0.226409912109375 -0.142471313476563 -0.1728515625
-0.080352783203125 -0.23211669921875 -0.224578857421875 -0.18365478515625
-0.0373382568359375 -0.188552856445313 0.151077270507812 -0.00431823730468751
0.0709381103515625 -0.181243896484375 0.065765380859375 0.0528411865234375
0.16802978515625 -0.157455444335938 -0.0123214721679687 0.093048095703125
0.217803955078125 -0.0413818359375 -0.105827331542969 0.102241516113281
0.220306396484375 0.0629119873046875 -0.159378051757813 0.0441741943359375
0.209030151367188 0.104690551757813 -0.18170166015625 -0.0669708251953125
0.181625366210938 0.099822998046875 -0.172958374023438 -0.0980987548828125
0.160812377929688 0.105239868164063 -0.147430419921875 -0.070587158203125
0.18621826171875 0.0287933349609375 -0.100334167480469 0.00203704833984376
0.17083740234375 -0.02728271484375 -0.0148439407348633 0.0124025344848633
0.155166625976563 -0.076812744140625 0.0683555603027344 -0.0487709045410156
0.07440185546875 -0.146484375 0.0560150146484375 -0.143814086914063
0.03411865234375 -0.176620483398438 -0.0292510986328125 -0.19720458984375
-0.016571044921875 -0.176162719726563 -0.1669921875 -0.214553833007813
-0.0666961669921875 -0.187255859375 -0.25042724609375 -0.253494262695312
-0.0153656005859375 -0.115776062011719 0.151290893554688 -0.0702972412109375
0.045379638671875 -0.113853454589844 0.08380126953125 0.000740051269531243
0.10992431640625 -0.0880126953125 0.0193634033203125 0.0802764892578125
0.133514404296875 -0.0178298950195313 -0.09112548828125 0.107002258300781
0.130561828613281 0.0400848388671875 -0.17510986328125 0.0392608642578125
0.129638671875 0.0662612915039063 -0.218917846679687 -0.084564208984375
0.110908508300781 0.0601119995117188 -0.231307983398438 -0.12176513671875
0.1002197265625 0.060394287109375 -0.197479248046875 -0.0867919921875
0.114448547363281 0.0142669677734375 -0.136146545410156 0.0139312744140625
0.10040283203125 -0.0161056518554688 -0.0356025695800781 0.0430412292480469
0.091064453125 -0.0403213500976563 0.0646400451660156 -0.0181541442871094
0.0455322265625 -0.0854415893554688 0.0633087158203125 -0.131141662597656
0.0212173461914063 -0.103202819824219 -0.022857666015625 -0.203140258789063
-0.00534820556640625 -0.108757019042969 -0.180068969726563 -0.243179321289063
-0.0342941284179687 -0.119300842285156 -0.270904541015625 -0.303863525390625
-0.00758361816406249 0.0412178039550781 0.287322998046875 0.297637939453125
-0.00967979431152344 0.0216922760009766 0.201889038085937 0.276123046875
-0.00164604187011719 0.0264377593994141 0.020538330078125 0.19891357421875
-0.0157976150512695 0.0136575698852539 -0.05316162109375 0.13543701171875
-0.0247268676757812 0.0159397125244141 -0.0484199523925781 0.00346374511718749
-0.0231437683105469 0.0164451599121094 0.0329170227050781 -0.0554542541503906
-0.0170574188232422 0.000708580017089842 0.15460205078125 -0.0200042724609375
-0.0204868316650391 -0.00645065307617188 0.21807861328125 0.0874786376953125
-0.0256309509277344 -0.00570487976074219 0.262649536132813 0.12713623046875
-0.0241374969482422 0.00494766235351563 0.264846801757813 0.079345703125
-0.0319232940673828 -0.00074195861816406 0.197891235351563 -0.0756988525390625
-0.0292701721191406 0.00350379943847656 0.08636474609375 -0.143386840820313
-0.0299873352050781 0.0177974700927734 -0.0319442749023438 -0.093170166015625
-0.0280590057373047 0.0257625579833984 -0.116912841796875 0.00653839111328127
-0.0127372741699219 0.0412025451660156 -0.194976806640625 0.0995635986328125
-0.0573463439941406 -0.0415992736816406 0.27850341796875 0.304443359375
-0.0265464782714844 -0.0532341003417969 0.1856689453125 0.287445068359375
0.000556945800781253 -0.059967041015625 0.00172424316406249 0.20330810546875
0.0226516723632812 -0.0494956970214844 -0.0671310424804688 0.131134033203125
0.0391769409179688 -0.0203819274902344 -0.0471153259277344 0.00125503540039062
0.0532798767089844 0.000255584716796875 0.03253173828125 -0.0588836669921875
0.066314697265625 0.00791168212890625 0.148635864257813 -0.0241241455078125
0.0639801025390625 0.048431396484375 0.204437255859375 0.0769195556640625
0.073333740234375 0.0523605346679687 0.254043579101563 0.0977783203125
0.079345703125 0.0635833740234375 0.267227172851562 0.03912353515625
0.0900115966796875 0.0379562377929688 0.198501586914063 -0.102569580078125
0.0800247192382812 -0.0178756713867187 0.080718994140625 -0.158401489257813
0.06146240234375 -0.0453529357910156 -0.0404434204101562 -0.100990295410156
0.0191688537597656 -0.0694770812988281 -0.1181640625 0.00704193115234372
-0.0254287719726563 -0.06341552734375 -0.18988037109375 0.0941314697265625
-0.0938796997070313 -0.121757507324219 0.2567138671875 0.2857666015625
-0.0289230346679688 -0.1278076171875 0.156280517578125 0.282501220703125
0.0211639404296875 -0.143753051757813 -0.019805908203125 0.203643798828125
0.0777740478515625 -0.105674743652344 -0.0825042724609375 0.131317138671875
0.11529541015625 -0.0446701049804688 -0.0506019592285156 0.0122413635253906
0.133781433105469 -0.00213623046875 0.0205421447753906 -0.0501785278320313
0.144073486328125 0.024169921875 0.119789123535156 -0.0249786376953125
0.138862609863281 0.0956344604492188 0.159591674804688 0.054656982421875
0.165695190429688 0.0861358642578125 0.207778930664063 0.05322265625
0.181381225585937 0.0816497802734375 0.235702514648438 -0.015533447265625
0.202621459960938 0.0290069580078125 0.178695678710938 -0.131881713867188
0.16265869140625 -0.0742950439453125 0.072601318359375 -0.170745849609375
0.120994567871094 -0.125740051269531 -0.0374069213867187 -0.114204406738281
0.0413970947265625 -0.15985107421875 -0.111419677734375 -0.0166168212890625
-0.044342041015625 -0.156646728515625 -0.186065673828125 0.0526885986328125
-0.108963012695313 -0.187408447265625 0.225204467773438 0.239700317382812
-0.00979614257812499 -0.193359375 0.117477416992188 0.255569458007813
0.066162109375 -0.214263916015625 -0.0399322509765625 0.191802978515625
0.150802612304688 -0.14251708984375 -0.0990142822265625 0.132087707519531
0.20001220703125 -0.045989990234375 -0.0656089782714844 0.0317611694335938
0.21075439453125 0.0171661376953125 -0.0109329223632812 -0.0351524353027344
0.206649780273438 0.051544189453125 0.0660324096679688 -0.0267257690429687
0.1939697265625 0.128738403320313 0.0910797119140625 0.0243301391601563
0.234390258789063 0.0886383056640625 0.13128662109375 0.0120620727539063
0.253921508789062 0.0534515380859375 0.17095947265625 -0.053802490234375
0.270309448242188 -0.025115966796875 0.143218994140625 -0.143844604492188
0.190017700195313 -0.150588989257813 0.0611419677734375 -0.177108764648437
0.12860107421875 -0.205184936523438 -0.0328598022460938 -0.136863708496094
0.030517578125 -0.227203369140625 -0.110031127929688 -0.0631637573242188
-0.0686492919921875 -0.221755981445313 -0.190719604492188 -0.0154266357421875
-0.100234985351563 -0.227783203125 0.19195556640625 0.167465209960937
0.0240631103515625 -0.2337646484375 0.0831146240234375 0.20013427734375
0.125106811523437 -0.248779296875 -0.05035400390625 0.163833618164062
0.22198486328125 -0.1427001953125 -0.113845825195312 0.12628173828125
0.266983032226563 -0.017303466796875 -0.0950851440429687 0.04888916015625
0.263442993164063 0.0551910400390625 -0.0654182434082031 -0.028411865234375
0.240753173828125 0.082763671875 -0.010772705078125 -0.0389022827148437
0.218276977539063 0.141952514648438 0.00705623626708986 -0.00942993164062499
0.261611938476563 0.0686492919921875 0.0409660339355469 -0.00666046142578125
0.272201538085938 0.005126953125 0.092864990234375 -0.0543136596679688
0.272186279296875 -0.08306884765625 0.105567932128906 -0.127044677734375
0.162841796875 -0.200119018554688 0.0518951416015625 -0.173507690429688
0.0952911376953125 -0.246490478515625 -0.0330963134765625 -0.163116455078125
0.002227783203125 -0.252151489257813 -0.124343872070313 -0.119636535644531
-0.0894012451171875 -0.2489013671875 -0.208587646484375 -0.09942626953125
-0.0745391845703125 -0.230270385742187 0.167037963867188 0.0779571533203125
0.056793212890625 -0.232421875 0.0656814575195313 0.124435424804687
0.169921875 -0.229904174804688 -0.041168212890625 0.125770568847656
0.254379272460938 -0.101974487304688 -0.117454528808594 0.113685607910156
0.280792236328125 0.0296783447265625 -0.131134033203125 0.05419921875
0.267669677734375 0.0930938720703125 -0.130950927734375 -0.0391998291015625
0.236068725585937 0.102996826171875 -0.09857177734375 -0.0651779174804688
0.2098388671875 0.133621215820313 -0.0797653198242188 -0.0427703857421875
0.244354248046875 0.042236328125 -0.0419464111328125 -0.00547027587890625
0.238357543945313 -0.0276641845703125 0.026519775390625 -0.0239906311035156
0.223236083984375 -0.104873657226562 0.08056640625 -0.0903549194335938
0.112716674804687 -0.197830200195313 0.049591064453125 -0.162841796875
0.0547637939453125 -0.23480224609375 -0.0365753173828125 -0.185745239257813
-0.0204925537109375 -0.232513427734375 -0.151611328125 -0.1729736328125
-0.0941314697265625 -0.236297607421875 -0.237808227539063 -0.18304443359375
-0.0449676513671875 -0.1910400390625 0.155288696289062 -0.0103912353515625
0.0655517578125 -0.189071655273438 0.0698814392089844 0.0500450134277344
0.167083740234375 -0.167755126953125 -0.0131912231445312 0.0938568115234375
0.221435546875 -0.050262451171875 -0.107421875 0.105331420898438
0.227920532226563 0.0569305419921875 -0.160263061523437 0.047119140625
0.217788696289062 0.100692749023438 -0.188018798828125 -0.065185546875
0.190322875976562 0.0965118408203125 -0.180709838867188 -0.0974731445312501
0.168853759765625 0.103164672851562 -0.155487060546875 -0.0686187744140625
0.190444946289063 0.0214385986328125 -0.102409362792969 0.00768280029296873
0.173690795898437 -0.035003662109375 -0.014500617980957 0.0172090530395508
0.156600952148438 -0.0857391357421875 0.0703887939453125 -0.0508270263671875
0.07049560546875 -0.152481079101563 0.054229736328125 -0.149154663085938
0.027557373046875 -0.180496215820313 -0.0360870361328125 -0.199111938476563
-0.0240020751953125 -0.180267333984375 -0.177963256835937 -0.213851928710938
-0.077301025390625 -0.190475463867187 -0.2664794921875 -0.25408935546875
-0.0194091796875 -0.117973327636719 0.152877807617188 -0.0777740478515625
0.0420150756835938 -0.118400573730469 0.0863037109375 -0.00328826904296876
0.109748840332031 -0.0942459106445312 0.0196609497070313 0.0786666870117188
0.135597229003906 -0.0222854614257812 -0.0912399291992187 0.10906982421875
0.134742736816406 0.037628173828125 -0.176162719726563 0.04229736328125
0.134994506835938 0.0638961791992188 -0.226730346679688 -0.0833587646484375
0.116470336914063 0.0580596923828125 -0.241592407226563 -0.119918823242188
0.10504150390625 0.0593032836914063 -0.208450317382813 -0.082550048828125
0.11651611328125 0.010101318359375 -0.13897705078125 0.0202102661132813
0.102241516113281 -0.0205612182617188 -0.0342826843261719 0.0482444763183594
0.0930709838867188 -0.0451507568359375 0.068023681640625 -0.0192985534667969
0.0434036254882813 -0.0886001586914063 0.0621414184570312 -0.135871887207031
0.0178451538085938 -0.104713439941406 -0.028717041015625 -0.205352783203125
-0.00945281982421876 -0.111541748046875 -0.1923828125 -0.242462158203125
-0.04034423828125 -0.1219482421875 -0.28826904296875 -0.303375244140625
-0.0048828125 0.0421104431152344 0.311004638671875 0.2855224609375
-0.00953292846679688 0.0232162475585937 0.224960327148438 0.26666259765625
-0.000204086303710939 0.025390625 0.0335693359375 0.200881958007812
-0.0155744552612305 0.013336181640625 -0.0461044311523437 0.139076232910156
-0.0234470367431641 0.0184173583984375 -0.0509376525878906 0.00503158569335937
-0.0216331481933594 0.0180778503417969 0.0289649963378906 -0.0608139038085938
-0.0186214447021484 0.00170516967773437 0.157150268554688 -0.0331268310546875
-0.0220069885253906 -0.00616836547851562 0.23138427734375 0.073974609375
-0.0268344879150391 -0.00558280944824219 0.27691650390625 0.115737915039063
-0.0240402221679688 0.00553321838378906 0.27374267578125 0.06768798828125
-0.0329685211181641 0.00114822387695312 0.194854736328125 -0.0870513916015625
-0.0307350158691406 0.00454521179199219 0.0784912109375 -0.150009155273438
-0.0288429260253906 0.0194644927978516 -0.03759765625 -0.090789794921875
-0.0274066925048828 0.0286331176757813 -0.118316650390625 0.0157012939453125
-0.0103225708007813 0.0423736572265625 -0.191696166992188 0.115509033203125
-0.060699462890625 -0.0384979248046875 0.304595947265625 0.290740966796875
-0.0322303771972656 -0.0512962341308594 0.209915161132813 0.27783203125
-0.00424194335937499 -0.0619850158691406 0.014434814453125 0.207626342773438
0.0187263488769531 -0.0532760620117188 -0.0610122680664063 0.136146545410156
0.0387382507324219 -0.0232315063476562 -0.0497856140136719 0.00204086303710937
0.0549850463867187 -0.00374221801757812 0.0286979675292969 -0.0642852783203125
0.0664291381835937 0.00346755981445312 0.150253295898438 -0.037322998046875
0.0677947998046875 0.0448036193847656 0.216827392578125 0.0640716552734375
0.0777664184570313 0.04730224609375 0.26641845703125 0.087921142578125
0.0858383178710938 0.0582427978515625 0.273712158203125 0.02703857421875
0.0942459106445313 0.0312118530273438 0.19384765625 -0.114501953125
0.0801467895507812 -0.025360107421875 0.0717010498046875 -0.165618896484375
0.059906005859375 -0.0516471862792969 -0.047698974609375 -0.0977020263671875
0.0147247314453125 -0.0729293823242188 -0.119682312011719 0.0159149169921875
-0.0317726135253906 -0.0641822814941406 -0.187240600585938 0.109054565429687
-0.103126525878906 -0.116897583007813 0.2818603515625 0.272979736328125
-0.03948974609375 -0.127059936523438 0.180374145507813 0.274642944335938
0.0106048583984375 -0.14849853515625 -0.00750732421875002 0.209671020507813
0.0708160400390625 -0.113639831542969 -0.0772705078125 0.137916564941406
0.115081787109375 -0.0532684326171875 -0.0524177551269531 0.0128746032714844
0.13702392578125 -0.0109329223632813 0.0172348022460938 -0.0547637939453125
0.146820068359375 0.0147705078125 0.120063781738281 -0.0365524291992188
0.147964477539063 0.0883331298828125 0.169479370117188 0.0446929931640625
0.173873901367188 0.075408935546875 0.216400146484375 0.04473876953125
0.19061279296875 0.0702972412109375 0.238616943359375 -0.026824951171875
0.209365844726563 0.013641357421875 0.1729736328125 -0.143783569335938
0.161041259765625 -0.08941650390625 0.06207275390625 -0.178085327148437
0.114418029785156 -0.137672424316406 -0.0466537475585938 -0.111587524414063
0.031097412109375 -0.167190551757813 -0.114250183105469 -0.00936126708984373
-0.058685302734375 -0.157943725585938 -0.186477661132813 0.0655975341796875
-0.123092651367188 -0.182525634765625 0.24664306640625 0.226852416992187
-0.0246734619140625 -0.195358276367187 0.139373779296875 0.249191284179688
0.0511474609375 -0.223175048828125 -0.029266357421875 0.199111938476563
0.142684936523438 -0.156341552734375 -0.094268798828125 0.13970947265625
0.19989013671875 -0.0609588623046875 -0.0660018920898437 0.0333938598632813
0.216751098632813 0.00286865234375 -0.0137863159179687 -0.037353515625
0.213027954101563 0.037384033203125 0.0653114318847656 -0.0358619689941406
0.205886840820313 0.11810302734375 0.0966339111328125 0.018524169921875
0.243377685546875 0.073577880859375 0.135597229003906 0.00871276855468751
0.26239013671875 0.0358734130859375 0.169906616210938 -0.062255859375
0.275115966796875 -0.0469970703125 0.135986328125 -0.154449462890625
0.18414306640625 -0.169525146484375 0.0503082275390625 -0.183868408203125
0.116592407226562 -0.21832275390625 -0.0437240600585937 -0.134544372558594
0.0154266357421875 -0.234954833984375 -0.115577697753906 -0.0569534301757813
-0.0888519287109375 -0.222457885742188 -0.196197509765625 -0.00479125976562506
-0.116668701171875 -0.224334716796875 0.208786010742188 0.155593872070312
0.00736999511718747 -0.239486694335938 0.100387573242188 0.195266723632813
0.1099853515625 -0.263015747070313 -0.0428466796875 0.171051025390625
0.214828491210938 -0.160812377929688 -0.11004638671875 0.134521484375
0.270538330078125 -0.0368499755859375 -0.0937042236328125 0.0524978637695312
0.273040771484375 0.038665771484375 -0.0679969787597656 -0.0266647338867187
0.250625610351563 0.067718505859375 -0.0136947631835937 -0.0432014465332031
0.232406616210938 0.131072998046875 0.00760364532470705 -0.0105142593383789
0.26983642578125 0.0509033203125 0.0422630310058594 -0.00563430786132812
0.277328491210938 -0.01416015625 0.0909042358398438 -0.0571365356445313
0.271820068359375 -0.106460571289062 0.0993499755859375 -0.134918212890625
0.15203857421875 -0.217376708984375 0.0417938232421875 -0.179916381835937
0.0796051025390625 -0.257736206054688 -0.044921875 -0.161361694335938
-0.0154266357421875 -0.25836181640625 -0.1341552734375 -0.1142578125
-0.1123046875 -0.248611450195312 -0.2205810546875 -0.0892791748046876
-0.0908355712890625 -0.228424072265625 0.177383422851563 0.065765380859375
0.0410003662109375 -0.241256713867188 0.0765457153320312 0.119422912597656
0.157394409179688 -0.246246337890625 -0.0368194580078125 0.131034851074219
0.251327514648438 -0.1214599609375 -0.115242004394531 0.1220703125
0.28857421875 0.01007080078125 -0.1290283203125 0.059906005859375
0.279403686523438 0.0763092041015625 -0.135902404785156 -0.0337677001953125
0.248123168945312 0.0882110595703125 -0.104965209960937 -0.0637130737304687
0.223556518554688 0.123062133789063 -0.0847625732421875 -0.0389480590820312
0.249771118164063 0.0255126953125 -0.0424613952636719 0.000396728515625003
0.239593505859375 -0.0457916259765625 0.0263004302978516 -0.02154541015625
0.220748901367187 -0.123565673828125 0.0770797729492188 -0.096160888671875
0.101593017578125 -0.209869384765625 0.0399017333984375 -0.1690673828125
0.0383758544921875 -0.242523193359375 -0.04931640625 -0.184402465820313
-0.0367431640625 -0.236190795898438 -0.164627075195313 -0.166427612304688
-0.115570068359375 -0.234664916992187 -0.255157470703125 -0.171615600585938
-0.05712890625 -0.191070556640625 0.158355712890625 -0.02239990234375
0.0534515380859375 -0.196807861328125 0.0755462646484375 0.0442886352539062
0.15869140625 -0.182235717773438 -0.0101699829101562 0.0950546264648437
0.221786499023438 -0.0650482177734375 -0.105216979980469 0.112113952636719
0.236343383789063 0.0424957275390625 -0.158370971679687 0.054595947265625
0.228683471679688 0.088043212890625 -0.195770263671875 -0.05657958984375
0.201263427734375 0.08447265625 -0.190811157226563 -0.0910186767578125
0.179306030273437 0.0957183837890625 -0.165252685546875 -0.06011962890625
0.193450927734375 0.0088348388671875 -0.103866577148437 0.016845703125
0.173629760742188 -0.0478973388671875 -0.01239013671875 0.0220699310302734
0.154510498046875 -0.099090576171875 0.0701980590820313 -0.0551185607910156
0.0613861083984375 -0.159347534179688 0.04620361328125 -0.155487060546875
0.0153350830078125 -0.183822631835938 -0.04925537109375 -0.19854736328125
-0.0368804931640625 -0.182113647460937 -0.194076538085938 -0.205398559570312
-0.0940704345703125 -0.189224243164063 -0.28985595703125 -0.24176025390625
-0.0269699096679687 -0.118400573730469 0.1502685546875 -0.0911865234375
0.0340194702148437 -0.1226806640625 0.0876312255859375 -0.010589599609375
0.105781555175781 -0.103309631347656 0.0221710205078125 0.0763168334960937
0.136123657226563 -0.030670166015625 -0.0878753662109375 0.114738464355469
0.139602661132813 0.0304718017578125 -0.174545288085938 0.0514984130859375
0.141647338867188 0.05596923828125 -0.235382080078125 -0.07427978515625
0.123207092285156 0.0507736206054688 -0.254531860351563 -0.109237670898438
0.111297607421875 0.0538253784179688 -0.220748901367188 -0.0706787109375
0.117813110351563 0.00243377685546875 -0.140914916992188 0.0310211181640625
0.102241516113281 -0.028289794921875 -0.0302963256835937 0.0542106628417969
0.091949462890625 -0.052764892578125 0.0702018737792969 -0.0229110717773438
0.0381011962890625 -0.0921478271484375 0.05572509765625 -0.14215087890625
0.0104522705078125 -0.106147766113281 -0.04144287109375 -0.205047607421875
-0.0172271728515625 -0.112960815429688 -0.210617065429688 -0.233078002929688
-0.0498199462890625 -0.122222900390625 -0.315673828125 -0.29058837890625
-0.000904083251953123 0.0415992736816406 0.3271484375 0.25927734375
-0.00886917114257812 0.0244293212890625 0.241455078125 0.243804931640625
0.000881195068359377 0.0238552093505859 0.046539306640625 0.195755004882813
-0.0151643753051758 0.0133228302001953 -0.0374679565429688 0.138313293457031
-0.0207443237304687 0.0199565887451172 -0.05169677734375 0.00624465942382812
-0.0189418792724609 0.0191135406494141 0.0227622985839844 -0.0647239685058594
-0.0191116333007813 0.00298309326171875 0.153152465820313 -0.04620361328125
-0.0230388641357422 -0.00490760803222656 0.236343383789063 0.0540924072265625
-0.0268821716308594 -0.00462722778320313 0.282135009765625 0.097137451171875
-0.0230674743652344 0.00649833679199219 0.27392578125 0.0521392822265625
-0.0329933166503906 0.00368118286132813 0.184219360351563 -0.0954742431640625
-0.0315780639648438 0.00631332397460937 0.0672149658203125 -0.151382446289063
-0.0258960723876953 0.0202426910400391 -0.0420379638671875 -0.0849227905273437
-0.0250396728515625 0.0308170318603516 -0.115150451660156 0.0244598388671875
-0.00690841674804688 0.0419197082519531 -0.180526733398437 0.12939453125
-0.0618515014648438 -0.0335502624511719 0.32012939453125 0.2633056640625
-0.0365638732910156 -0.0466651916503906 0.227401733398438 0.255508422851563
-0.0100975036621094 -0.0609588623046875 0.028472900390625 0.203201293945313
0.0133018493652344 -0.0546836853027344 -0.0521316528320312 0.137138366699219
0.0370635986328125 -0.0253562927246094 -0.0506820678710938 0.00360107421874999
0.0545730590820312 -0.00791549682617188 0.0222511291503906 -0.0679359436035156
0.0643043518066406 -0.00161361694335937 0.145263671875 -0.0501708984375
0.0695533752441406 0.0389595031738281 0.220962524414063 0.04644775390625
0.079254150390625 0.0397567749023437 0.270156860351563 0.0709228515625
0.08868408203125 0.0507278442382813 0.271087646484375 0.0114898681640625
0.0950393676757812 0.0231781005859375 0.18145751953125 -0.123458862304688
0.076416015625 -0.0322418212890625 0.0589752197265625 -0.1669921875
0.055633544921875 -0.0569725036621094 -0.0534515380859375 -0.0905685424804688
0.00901031494140624 -0.0732650756835938 -0.116096496582031 0.024993896484375
-0.0375900268554687 -0.0615577697753906 -0.17724609375 0.122238159179687
-0.109169006347656 -0.10711669921875 0.296905517578125 0.24542236328125
-0.0491409301757812 -0.120223999023437 0.198196411132813 0.253799438476563
-0.00152587890624999 -0.146820068359375 0.00781250000000002 0.206741333007813
0.059814453125 -0.117401123046875 -0.0678329467773437 0.140426635742188
0.109237670898437 -0.060577392578125 -0.05224609375 0.0137519836425781
0.134628295898438 -0.021392822265625 0.0119895935058594 -0.0575942993164063
0.14447021484375 0.003662109375 0.114982604980469 -0.0478439331054687
0.152542114257813 0.0767974853515625 0.172805786132812 0.03021240234375
0.17572021484375 0.06097412109375 0.21832275390625 0.032623291015625
0.192626953125 0.05419921875 0.233078002929687 -0.0398406982421875
0.207382202148438 -0.0032806396484375 0.159469604492188 -0.151901245117188
0.15228271484375 -0.102249145507813 0.0484161376953125 -0.178726196289063
0.10247802734375 -0.145797729492188 -0.0541152954101563 -0.103446960449219
0.0178985595703125 -0.168594360351563 -0.112625122070313 -0.00106048583984378
-0.0718536376953125 -0.151687622070312 -0.17987060546875 0.0787048339843749
-0.133209228515625 -0.170425415039063 0.259536743164063 0.202835083007813
-0.0401153564453125 -0.189132690429688 0.156661987304688 0.231399536132812
0.0333709716796875 -0.223251342773438 -0.0151214599609375 0.19915771484375
0.127609252929688 -0.164260864257812 -0.084686279296875 0.14361572265625
0.192352294921875 -0.075408935546875 -0.0635604858398437 0.0346946716308594
0.21466064453125 -0.0140228271484375 -0.016845703125 -0.0382919311523438
0.2120361328125 0.021331787109375 0.0608863830566406 -0.0436820983886719
0.212539672851563 0.102386474609375 0.0987091064453125 0.00978088378906251
0.24346923828125 0.0537109375 0.136268615722656 0.00260162353515625
0.260986328125 0.0151519775390625 0.1632080078125 -0.0696868896484375
0.268112182617188 -0.0693359375 0.122604370117188 -0.15985107421875
0.168869018554688 -0.18328857421875 0.0360565185546875 -0.184112548828125
0.09765625 -0.224838256835938 -0.0523834228515625 -0.126106262207031
-0.00297546386718751 -0.234542846679687 -0.117340087890625 -0.0482406616210938
-0.107528686523438 -0.21319580078125 -0.194793701171875 0.00923156738281247
-0.1298828125 -0.21234130859375 0.2176513671875 0.134597778320313
-0.011199951171875 -0.23541259765625 0.113784790039063 0.180877685546875
0.0883636474609375 -0.266677856445313 -0.0311279296875 0.172943115234375
0.198989868164063 -0.1748046875 -0.10125732421875 0.140228271484375
0.263504028320313 -0.056793212890625 -0.0891952514648437 0.0549163818359375
0.272567749023437 0.0166168212890625 -0.0694351196289062 -0.0234184265136719
0.25146484375 0.047210693359375 -0.0180473327636719 -0.0460777282714844
0.239990234375 0.1129150390625 0.00726890563964845 -0.0122604370117187
0.267562866210938 0.0300445556640625 0.0426788330078125 -0.00543594360351562
0.27117919921875 -0.035614013671875 0.0858001708984375 -0.0590896606445312
0.260589599609375 -0.127182006835938 0.0884170532226563 -0.138908386230469
0.13360595703125 -0.227264404296875 0.028228759765625 -0.179519653320313
0.05828857421875 -0.2593994140625 -0.055572509765625 -0.152694702148438
-0.0346527099609375 -0.254714965820313 -0.139785766601563 -0.103652954101563
-0.1326904296875 -0.2364501953125 -0.225418090820312 -0.072784423828125
-0.104248046875 -0.218505859375 0.180099487304688 0.0492401123046875
0.0223541259765625 -0.239822387695313 0.0849151611328125 0.1087646484375
0.136962890625 -0.255035400390625 -0.029266357421875 0.13165283203125
0.23828125 -0.13775634765625 -0.106803894042969 0.127510070800781
0.28424072265625 -0.0115966796875 -0.122749328613281 0.0647201538085938
0.281494140625 0.054473876953125 -0.136260986328125 -0.0254592895507812
0.250320434570313 0.067352294921875 -0.108901977539062 -0.0588455200195313
0.230743408203125 0.106170654296875 -0.08734130859375 -0.032806396484375
0.245712280273438 0.0066986083984375 -0.0407791137695312 0.00628280639648437
0.2320556640625 -0.0635528564453125 0.0253963470458985 -0.0197544097900391
0.208084106445313 -0.140289306640625 0.0697784423828125 -0.0992355346679688
0.0843963623046875 -0.214263916015625 0.0274810791015625 -0.169113159179688
0.0188751220703125 -0.24017333984375 -0.0611419677734375 -0.175643920898438
-0.053924560546875 -0.230545043945313 -0.173675537109375 -0.15301513671875
-0.134414672851563 -0.221969604492188 -0.265869140625 -0.151473999023438
-0.06829833984375 -0.184356689453125 0.153976440429688 -0.0358734130859375
0.03802490234375 -0.197357177734375 0.0775680541992188 0.034942626953125
0.143569946289063 -0.190933227539063 -0.0059661865234375 0.0934295654296875
0.214202880859375 -0.079071044921875 -0.0977783203125 0.116218566894531
0.235885620117188 0.02496337890625 -0.150802612304687 0.061370849609375
0.231155395507813 0.0699310302734375 -0.196807861328125 -0.044952392578125
0.204727172851563 0.067352294921875 -0.195159912109375 -0.0795745849609375
0.184829711914063 0.0818634033203125 -0.169387817382813 -0.047332763671875
0.189422607421875 -0.0052032470703125 -0.101051330566406 0.0259017944335937
0.166488647460938 -0.0601959228515625 -0.00884056091308593 0.0253524780273437
0.144882202148438 -0.110000610351563 0.066558837890625 -0.0586624145507813
0.0490875244140625 -0.16070556640625 0.0352630615234375 -0.156051635742188
0.000900268554687488 -0.18017578125 -0.0612945556640625 -0.189407348632813
-0.049407958984375 -0.176712036132813 -0.204986572265625 -0.188186645507813
-0.108428955078125 -0.178985595703125 -0.3043212890625 -0.21746826171875
-0.034088134765625 -0.115501403808594 0.140884399414063 -0.102325439453125
0.0247573852539063 -0.122673034667969 0.0855712890625 -0.01861572265625
0.0971450805664062 -0.1090087890625 0.0247344970703125 0.0718994140625
0.132179260253906 -0.0383758544921875 -0.0799942016601563 0.117851257324219
0.139717102050781 0.020904541015625 -0.166641235351563 0.058837890625
0.143096923828125 0.045257568359375 -0.236495971679687 -0.0600128173828125
0.124893188476563 0.03961181640625 -0.258926391601562 -0.0921478271484375
0.113838195800781 0.0453948974609375 -0.225509643554688 -0.05419921875
0.115142822265625 -0.0064849853515625 -0.137123107910156 0.0418243408203125
0.09765625 -0.0358963012695313 -0.0243453979492188 0.0581588745117188
0.08734130859375 -0.0592498779296875 0.0691452026367188 -0.0271415710449219
0.030792236328125 -0.0920028686523437 0.045684814453125 -0.143524169921875
0.00289916992187499 -0.103790283203125 -0.0532379150390625 -0.196517944335937
-0.0251083374023437 -0.110183715820313 -0.222702026367187 -0.213714599609375
-0.0586471557617187 -0.117362976074219 -0.332427978515625 -0.264556884765625
0.0019683837890625 0.0404701232910156 0.326507568359375 0.23828125
-0.00782203674316406 0.0252323150634766 0.24468994140625 0.225082397460938
0.00153160095214844 0.0227012634277344 0.0523223876953125 0.187545776367188
-0.0156192779541016 0.0127201080322266 -0.032257080078125 0.133834838867188
-0.0178680419921875 0.0202693939208984 -0.0516319274902344 0.00656127929687499
-0.0163097381591797 0.0184116363525391 0.017730712890625 -0.066070556640625
-0.0185985565185547 0.00414085388183594 0.147262573242187 -0.0536041259765625
-0.0234031677246094 -0.00428962707519532 0.233108520507812 0.0401458740234375
-0.026885986328125 -0.00436210632324219 0.279525756835938 0.0856170654296875
-0.0215091705322266 0.00657081604003906 0.267318725585938 0.0439300537109375
-0.0315170288085938 0.00515937805175782 0.173568725585938 -0.09613037109375
-0.0318832397460938 0.00745773315429688 0.060150146484375 -0.147735595703125
-0.0238666534423828 0.0195465087890625 -0.0424880981445313 -0.0792999267578125
-0.0235595703125 0.0311107635498047 -0.110649108886719 0.0295944213867188
-0.0053863525390625 0.0402107238769531 -0.169754028320313 0.134567260742188
-0.0606155395507812 -0.0301437377929688 0.3199462890625 0.24163818359375
-0.0377540588378906 -0.0418968200683594 0.231491088867188 0.235504150390625
-0.0132942199707031 -0.058441162109375 0.0357818603515625 0.195816040039063
0.00901031494140626 -0.0532417297363281 -0.0462570190429687 0.134132385253906
0.0357246398925781 -0.0256614685058594 -0.0506629943847656 0.00362014770507811
0.0536422729492188 -0.010833740234375 0.0171775817871094 -0.0690040588378906
0.0615921020507813 -0.00411605834960938 0.138496398925781 -0.0573577880859375
0.06884765625 0.0342979431152344 0.218429565429687 0.03289794921875
0.0779495239257813 0.03497314453125 0.266754150390625 0.060150146484375
0.0883865356445313 0.044708251953125 0.26397705078125 0.00408935546875
0.0931320190429688 0.0174560546875 0.169647216796875 -0.12396240234375
0.0722732543945313 -0.035736083984375 0.0508270263671875 -0.16259765625
0.0512428283691406 -0.0586509704589844 -0.054534912109375 -0.08306884765625
0.00534820556640625 -0.072113037109375 -0.111412048339844 0.0300674438476562
-0.0405197143554687 -0.0583724975585937 -0.166976928710938 0.12713623046875
-0.109512329101562 -0.0993804931640625 0.29638671875 0.2235107421875
-0.0526962280273437 -0.112739562988281 0.202835083007813 0.233932495117188
-0.00880432128906249 -0.1414794921875 0.015838623046875 0.20062255859375
0.0511016845703125 -0.116058349609375 -0.0614089965820313 0.138809204101563
0.103660583496094 -0.063323974609375 -0.0515518188476562 0.0135459899902344
0.130538940429688 -0.0278701782226563 0.0076141357421875 -0.058502197265625
0.138877868652344 -0.0027313232421875 0.107940673828125 -0.0540008544921875
0.150955200195313 0.0676116943359375 0.170547485351563 0.0202789306640625
0.171920776367188 0.051300048828125 0.215179443359375 0.025726318359375
0.189468383789063 0.0440216064453125 0.224090576171875 -0.04437255859375
0.20086669921875 -0.0140533447265625 0.14739990234375 -0.151123046875
0.142730712890625 -0.10784912109375 0.039276123046875 -0.174407958984375
0.0927581787109375 -0.146591186523437 -0.0561599731445313 -0.094818115234375
0.00903320312499998 -0.165817260742188 -0.109214782714844 0.00459289550781251
-0.0792999267578125 -0.144287109375 -0.172515869140625 0.0843658447265625
-0.135040283203125 -0.159561157226562 0.259017944335938 0.182281494140625
-0.04656982421875 -0.179733276367188 0.161376953125 0.213592529296875
0.0210418701171875 -0.217361450195312 -0.00677490234374999 0.19415283203125
0.114608764648437 -0.164215087890625 -0.0775604248046875 0.14239501953125
0.18304443359375 -0.0815582275390625 -0.0611534118652344 0.0339317321777344
0.207809448242188 -0.023895263671875 -0.0185546875 -0.0386543273925781
0.204574584960938 0.010589599609375 0.0547370910644531 -0.0480079650878906
0.210662841796875 0.0903472900390625 0.0969772338867188 0.00387573242187501
0.237106323242188 0.0414886474609375 0.134384155273438 2.28881835937525E-05
0.253005981445313 0.0029144287109375 0.156051635742188 -0.0709991455078125
0.2568359375 -0.08099365234375 0.111862182617188 -0.158096313476563
0.155593872070312 -0.186798095703125 0.0271759033203125 -0.178848266601563
0.0843353271484375 -0.222824096679688 -0.0557479858398437 -0.116409301757813
-0.014404296875 -0.228790283203125 -0.116035461425781 -0.0418167114257813
-0.116744995117188 -0.2010498046875 -0.18988037109375 0.0171051025390625
-0.133529663085938 -0.200820922851563 0.21551513671875 0.117828369140625
-0.0207061767578125 -0.226486206054687 0.117660522460938 0.166900634765625
0.0732574462890625 -0.262374877929688 -0.024200439453125 0.168472290039062
0.183822631835937 -0.177413940429687 -0.0939712524414062 0.139625549316406
0.252838134765625 -0.0673065185546875 -0.0845565795898437 0.0551910400390625
0.264999389648438 0.002685546875 -0.0686149597167969 -0.02166748046875
0.244216918945313 0.03302001953125 -0.0216903686523437 -0.0474662780761719
0.238555908203125 0.098968505859375 0.0063142776489258 -0.0132341384887695
0.259201049804688 0.0172882080078125 0.0430717468261719 -0.00408554077148437
0.259994506835938 -0.046875 0.0814208984375 -0.0577011108398438
0.24688720703125 -0.1370849609375 0.0799407958984375 -0.136878967285156
0.119827270507813 -0.227371215820313 0.01953125 -0.174636840820313
0.043914794921875 -0.253311157226563 -0.059814453125 -0.142059326171875
-0.045928955078125 -0.247451782226563 -0.139846801757813 -0.0948333740234375
-0.141845703125 -0.222030639648438 -0.223159790039063 -0.0617828369140625
-0.109115600585938 -0.208587646484375 0.175369262695312 0.0369110107421875
0.011322021484375 -0.233306884765625 0.0861282348632813 0.09832763671875
0.121856689453125 -0.252609252929688 -0.0247344970703125 0.128364562988281
0.2252197265625 -0.1427001953125 -0.0997695922851563 0.127426147460938
0.2747802734375 -0.0239105224609375 -0.116218566894531 0.06549072265625
0.27471923828125 0.03997802734375 -0.132766723632813 -0.0205078125
0.245101928710938 0.0524444580078125 -0.109832763671875 -0.0559234619140625
0.228805541992188 0.09295654296875 -0.0877685546875 -0.0283889770507812
0.237319946289063 -0.0040740966796875 -0.0381050109863281 0.0101203918457031
0.220367431640625 -0.0717926025390625 0.0250282287597656 -0.0172595977783203
0.195968627929688 -0.146743774414063 0.0644607543945313 -0.0979156494140625
0.0726776123046875 -0.211898803710937 0.0203857421875 -0.164443969726563
0.00709533691406251 -0.231460571289063 -0.06536865234375 -0.164093017578125
-0.062957763671875 -0.221786499023437 -0.174362182617188 -0.140914916992188
-0.142501831054688 -0.208724975585938 -0.265823364257813 -0.136398315429688
-0.0731658935546875 -0.177169799804687 0.147186279296875 -0.0438232421875
0.02862548828125 -0.192794799804688 0.0764312744140625 0.0283889770507812
0.132431030273438 -0.191452026367188 -0.00455474853515625 0.08978271484375
0.2049560546875 -0.0845184326171875 -0.09130859375 0.116188049316406
0.229827880859375 0.0151214599609375 -0.142959594726562 0.0623779296875
0.226898193359375 0.0576934814453125 -0.191696166992187 -0.0372314453125
0.200576782226563 0.0543975830078125 -0.194107055664063 -0.0722198486328125
0.183624267578125 0.0713043212890625 -0.168212890625 -0.0384063720703125
0.182052612304687 -0.012939453125 -0.096771240234375 0.03094482421875
0.157257080078125 -0.0656890869140625 -0.00574684143066405 0.0273513793945312
0.135391235351563 -0.1142578125 0.0629119873046875 -0.0591926574707031
0.0409088134765625 -0.157363891601563 0.0285797119140625 -0.152175903320313
-0.00711059570312499 -0.172760009765625 -0.065765380859375 -0.178298950195312
-0.055572509765625 -0.169754028320312 -0.205810546875 -0.174087524414063
-0.114303588867188 -0.168319702148438 -0.30535888671875 -0.199005126953125
-0.0369644165039062 -0.111625671386719 0.131065368652344 -0.106910705566406
0.01904296875 -0.119171142578125 0.0817337036132813 -0.023681640625
0.0909194946289063 -0.109268188476563 0.0244255065917969 0.067474365234375
0.127586364746094 -0.0411834716796875 -0.0737075805664062 0.116165161132813
0.136444091796875 0.015411376953125 -0.157913208007813 0.0604705810546875
0.139671325683594 0.037933349609375 -0.2313232421875 -0.0515594482421875
0.122200012207031 0.0316238403320313 -0.256179809570313 -0.08123779296875
0.112922668457031 0.0391159057617188 -0.223526000976563 -0.0416259765625
0.110511779785156 -0.0109024047851563 -0.132049560546875 0.0476455688476562
0.0921554565429688 -0.0390777587890625 -0.0198554992675781 0.058624267578125
0.0820846557617187 -0.061798095703125 0.0674514770507813 -0.0289459228515625
0.0269775390625 -0.089752197265625 0.0398330688476563 -0.140251159667969
-0.000915527343750006 -0.0989990234375 -0.05718994140625 -0.185943603515625
-0.0291519165039062 -0.105865478515625 -0.222885131835938 -0.19775390625
-0.0624771118164062 -0.11151123046875 -0.334259033203125 -0.242462158203125
0.00405120849609375 0.0389404296875 0.32562255859375 0.231658935546875
-0.00771903991699219 0.0257511138916016 0.244781494140625 0.216064453125
0.00152397155761719 0.0216102600097656 0.053863525390625 0.183425903320313
-0.0165643692016602 0.0129060745239258 -0.03131103515625 0.131607055664063
-0.0157623291015625 0.0200653076171875 -0.0529022216796875 0.00509262084960939
-0.0144672393798828 0.0175094604492188 0.01385498046875 -0.0676956176757813
-0.0187168121337891 0.00465583801269531 0.144561767578125 -0.0582122802734375
-0.0237312316894531 -0.00392723083496094 0.231796264648438 0.0329132080078125
-0.0271682739257813 -0.00436782836914062 0.279586791992188 0.082794189453125
-0.021026611328125 0.00605010986328125 0.265380859375 0.0436248779296875
-0.0310497283935547 0.00558662414550781 0.169082641601563 -0.09283447265625
-0.0328407287597656 0.00850677490234375 0.05828857421875 -0.145309448242188
-0.0228004455566406 0.0183677673339844 -0.0411758422851562 -0.07666015625
-0.0226612091064453 0.0316028594970703 -0.109107971191406 0.03228759765625
-0.00472259521484375 0.0399589538574219 -0.1646728515625 0.137954711914063
-0.059173583984375 -0.0290107727050781 0.31793212890625 0.23370361328125
-0.0376548767089844 -0.0395927429199219 0.2318115234375 0.226638793945312
-0.0146293640136719 -0.0571517944335938 0.0378570556640625 0.192367553710938
0.00661468505859375 -0.0523338317871094 -0.044830322265625 0.132179260253906
0.036041259765625 -0.0262794494628906 -0.0515785217285156 0.00196456909179687
0.0533485412597656 -0.0129280090332031 0.0135421752929688 -0.0703125
0.0595245361328125 -0.00501251220703125 0.134803771972656 -0.0612258911132813
0.0682830810546875 0.0326576232910156 0.217361450195313 0.0264739990234375
0.0770492553710938 0.0328216552734375 0.266799926757813 0.05902099609375
0.0881729125976563 0.0420379638671875 0.260757446289063 0.004241943359375
0.0926589965820313 0.0153350830078125 0.1656494140625 -0.121185302734375
0.0694465637207031 -0.0372657775878906 0.0481414794921875 -0.16064453125
0.0497245788574219 -0.0600357055664063 -0.0542831420898438 -0.0787353515625
0.00292968750000001 -0.0719985961914063 -0.110145568847656 0.0326004028320313
-0.0422782897949219 -0.057098388671875 -0.163528442382813 0.129608154296875
-0.10870361328125 -0.09686279296875 0.294464111328125 0.215118408203125
-0.0535812377929688 -0.109230041503906 0.203201293945313 0.22564697265625
-0.0119476318359375 -0.1383056640625 0.01788330078125 0.19781494140625
0.0474090576171875 -0.114273071289063 -0.0594329833984375 0.13763427734375
0.101509094238281 -0.0641937255859375 -0.0517196655273437 0.0122413635253906
0.128829956054688 -0.03125 0.00480651855468751 -0.0598640441894531
0.135726928710938 -0.0048828125 0.104049682617188 -0.05731201171875
0.150375366210938 0.0639801025390625 0.169906616210938 0.0148773193359375
0.170028686523438 0.0481719970703125 0.215484619140625 0.02496337890625
0.187713623046875 0.0399017333984375 0.221298217773438 -0.043731689453125
0.198318481445313 -0.018402099609375 0.143096923828125 -0.148483276367188
0.138778686523438 -0.110305786132813 0.036468505859375 -0.1722412109375
0.0882110595703125 -0.147293090820313 -0.0561065673828125 -0.0895843505859375
0.00498962402343749 -0.164810180664063 -0.107826232910156 0.00656890869140624
-0.0827178955078125 -0.14080810546875 -0.16961669921875 0.087432861328125
-0.13470458984375 -0.156570434570313 0.256759643554688 0.173965454101563
-0.0485382080078125 -0.175674438476563 0.161422729492187 0.205001831054687
0.01702880859375 -0.213714599609375 -0.00437927246093749 0.1920166015625
0.10894775390625 -0.163375854492188 -0.0756683349609375 0.141586303710938
0.17962646484375 -0.08428955078125 -0.060394287109375 0.0324897766113281
0.204483032226562 -0.028900146484375 -0.0198860168457031 -0.03973388671875
0.200241088867188 0.0064849853515625 0.0503616333007813 -0.0509033203125
0.210372924804687 0.0855255126953125 0.0961151123046875 0.000419616699218755
0.233688354492188 0.0372161865234375 0.134933471679688 0.000419616699218752
0.24908447265625 -0.0015411376953125 0.152664184570313 -0.0695037841796875
0.25238037109375 -0.08612060546875 0.107635498046875 -0.155731201171875
0.150054931640625 -0.18914794921875 0.0242156982421875 -0.17633056640625
0.078369140625 -0.221786499023437 -0.055877685546875 -0.110183715820313
-0.01953125 -0.226974487304688 -0.115554809570313 -0.039276123046875
-0.121734619140625 -0.196014404296875 -0.188995361328125 0.0198974609375
-0.13470458984375 -0.197540283203125 0.212890625 0.109695434570312
-0.024322509765625 -0.222763061523438 0.1171875 0.160079956054687
0.0673675537109375 -0.259735107421875 -0.0231475830078125 0.167465209960937
0.178451538085938 -0.176895141601563 -0.091949462890625 0.139503479003906
0.247909545898438 -0.0709381103515625 -0.0822219848632813 0.0533218383789062
0.260665893554688 -0.0031585693359375 -0.067901611328125 -0.0218887329101562
0.239395141601563 0.0268096923828125 -0.0252113342285156 -0.0488395690917969
0.2384033203125 0.0933380126953125 0.00518321990966798 -0.0143318176269531
0.255233764648438 0.0130615234375 0.044189453125 -0.00264358520507812
0.254867553710938 -0.0507965087890625 0.0798110961914063 -0.055267333984375
0.241195678710937 -0.141571044921875 0.0768508911132813 -0.134414672851562
0.114242553710937 -0.227752685546875 0.0167236328125 -0.17193603515625
0.0385589599609375 -0.250396728515625 -0.0596694946289062 -0.135498046875
-0.0510101318359375 -0.244003295898438 -0.139503479003906 -0.0913772583007813
-0.1466064453125 -0.215927124023438 -0.223098754882813 -0.0573883056640625
-0.110122680664063 -0.20648193359375 0.1724853515625 0.030792236328125
0.00772094726562498 -0.230300903320313 0.0851974487304688 0.0932693481445312
0.116668701171875 -0.251998901367188 -0.025146484375 0.127296447753906
0.220779418945313 -0.143417358398438 -0.0981292724609375 0.127288818359375
0.271408081054688 -0.0277252197265625 -0.112571716308594 0.06390380859375
0.2708740234375 0.0341949462890625 -0.129959106445312 -0.0203857421875
0.2403564453125 0.045074462890625 -0.112541198730469 -0.0564346313476563
0.228744506835938 0.08795166015625 -0.0887832641601563 -0.0264511108398438
0.232986450195313 -0.0076751708984375 -0.0367393493652344 0.0126380920410156
0.214874267578125 -0.074737548828125 0.0253410339355469 -0.0149879455566406
0.190597534179688 -0.149917602539063 0.0622787475585938 -0.0963897705078125
0.068511962890625 -0.210723876953125 0.0183563232421875 -0.161911010742188
0.00299072265624999 -0.22686767578125 -0.06488037109375 -0.157958984375
-0.0675201416015625 -0.218063354492188 -0.174209594726563 -0.136322021484375
-0.146316528320312 -0.2025146484375 -0.266448974609375 -0.131332397460938
-0.074951171875 -0.176177978515625 0.143936157226563 -0.0479888916015625
0.025299072265625 -0.191085815429688 0.0745391845703125 0.0239105224609375
0.129302978515625 -0.192214965820313 -0.00589752197265625 0.0882797241210937
0.202621459960937 -0.0854949951171875 -0.0895233154296875 0.115608215332031
0.2275390625 0.011810302734375 -0.13873291015625 0.0608673095703125
0.223892211914062 0.0535430908203125 -0.18890380859375 -0.0366668701171875
0.197174072265625 0.0488433837890625 -0.194244384765625 -0.070465087890625
0.183135986328125 0.0673980712890625 -0.169342041015625 -0.0339813232421875
0.178756713867188 -0.015472412109375 -0.0949478149414062 0.0338134765625
0.153106689453125 -0.067108154296875 -0.0039539337158203 0.0291767120361328
0.131546020507812 -0.11566162109375 0.0621833801269531 -0.0582351684570313
0.0390777587890625 -0.155364990234375 0.026458740234375 -0.150253295898438
-0.00967407226562498 -0.1680908203125 -0.0648040771484375 -0.172134399414062
-0.05828857421875 -0.166595458984375 -0.20526123046875 -0.168914794921875
-0.11676025390625 -0.164260864257812 -0.306671142578125 -0.1925048828125
-0.0381851196289062 -0.111335754394531 0.126678466796875 -0.109352111816406
0.0173187255859375 -0.117584228515625 0.0799484252929688 -0.0265731811523438
0.0893936157226563 -0.109550476074219 0.0228538513183594 0.0655479431152344
0.127052307128906 -0.0417709350585937 -0.0719680786132813 0.115203857421875
0.135772705078125 0.014190673828125 -0.153488159179688 0.058441162109375
0.13812255859375 0.036041259765625 -0.228118896484375 -0.051513671875
0.1197509765625 0.0280227661132812 -0.255584716796875 -0.078857421875
0.112457275390625 0.036712646484375 -0.223785400390625 -0.035736083984375
0.10748291015625 -0.0126724243164062 -0.130622863769531 0.0507888793945313
0.0898818969726563 -0.0399398803710938 -0.0175590515136719 0.0597114562988281
0.0804519653320313 -0.062835693359375 0.0672531127929688 -0.0287742614746094
0.0260086059570312 -0.08868408203125 0.0382843017578125 -0.138710021972656
-0.001739501953125 -0.0958786010742188 -0.0560302734375 -0.180801391601563
-0.0304946899414063 -0.103858947753906 -0.2216796875 -0.191375732421875
-0.0637435913085938 -0.10968017578125 -0.33526611328125 -0.23577880859375
0.00600814819335937 0.0380897521972656 0.336273193359375 0.231903076171875
-0.00763893127441406 0.0268783569335937 0.25390625 0.214523315429688
0.00141525268554688 0.0208702087402344 0.0574951171875 0.186019897460938
-0.0182571411132813 0.0141620635986328 -0.03131103515625 0.133575439453125
-0.0142192840576172 0.0197238922119141 -0.0561256408691406 0.00455093383789063
-0.0138015747070313 0.0169830322265625 0.00988006591796874 -0.0702400207519531
-0.0192279815673828 0.00504493713378906 0.146194458007813 -0.0644378662109375
-0.0250205993652344 -0.00386810302734374 0.237136840820313 0.02587890625
-0.0277729034423828 -0.00448036193847656 0.288848876953125 0.0811767578125
-0.0209102630615234 0.00562286376953125 0.272872924804688 0.0435791015625
-0.0316791534423828 0.00660514831542969 0.170761108398438 -0.0935516357421875
-0.0345878601074219 0.0101203918457031 0.0583953857421875 -0.148483276367188
-0.0230617523193359 0.01751708984375 -0.0418777465820312 -0.0766448974609375
-0.0232067108154297 0.0332546234130859 -0.111404418945313 0.0368118286132813
-0.0045166015625 0.040740966796875 -0.164871215820312 0.14703369140625
-0.0600204467773438 -0.0298919677734375 0.328216552734375 0.232940673828125
-0.0388946533203125 -0.0385932922363281 0.239730834960938 0.224945068359375
-0.0163726806640625 -0.0577125549316406 0.041412353515625 0.194793701171875
0.00394058227539062 -0.0525016784667969 -0.04449462890625 0.13470458984375
0.0373382568359375 -0.0283775329589844 -0.0542373657226563 0.00108718872070313
0.0545883178710938 -0.0157012939453125 0.00974273681640625 -0.0734100341796875
0.0599594116210938 -0.00537872314453125 0.135398864746094 -0.0667648315429687
0.0700759887695313 0.0317420959472656 0.22265625 0.0205230712890625
0.0785598754882813 0.0316925048828125 0.276138305664063 0.0566864013671875
0.0911941528320313 0.0407485961914063 0.266616821289063 0.00311279296875
0.09454345703125 0.0135879516601562 0.16619873046875 -0.122909545898438
0.0694465637207031 -0.0396995544433594 0.0466156005859375 -0.164199829101563
0.0497474670410156 -0.0631752014160156 -0.0551528930664063 -0.0778427124023437
0.000633239746093756 -0.0733108520507813 -0.111808776855469 0.03643798828125
-0.0452537536621094 -0.0571174621582031 -0.164581298828125 0.138107299804687
-0.112472534179688 -0.097747802734375 0.30224609375 0.2142333984375
-0.0562973022460938 -0.109222412109375 0.210418701171875 0.224136352539063
-0.0151214599609375 -0.139900207519531 0.02142333984375 0.201080322265625
0.0447311401367187 -0.116157531738281 -0.0588531494140625 0.140289306640625
0.103073120117187 -0.067962646484375 -0.0534515380859375 0.0107917785644531
0.13006591796875 -0.0360794067382813 0.00178146362304688 -0.0628852844238281
0.136314392089844 -0.0073394775390625 0.102668762207031 -0.0613555908203125
0.15484619140625 0.0625457763671875 0.17333984375 0.0099029541015625
0.1737060546875 0.0457305908203125 0.223037719726563 0.023406982421875
0.192169189453125 0.0363922119140625 0.225112915039063 -0.044952392578125
0.202041625976563 -0.0240478515625 0.142913818359375 -0.1510009765625
0.138618469238281 -0.116920471191406 0.0341796875 -0.175201416015625
0.0863494873046875 -0.152816772460937 -0.057647705078125 -0.0868301391601563
0.000396728515624997 -0.168716430664063 -0.110260009765625 0.010284423828125
-0.089202880859375 -0.140914916992188 -0.172683715820313 0.0940093994140625
-0.1412353515625 -0.157867431640625 0.26190185546875 0.171661376953125
-0.052642822265625 -0.177520751953125 0.16680908203125 0.203750610351563
0.0124359130859375 -0.217483520507813 -0.00233459472656251 0.195892333984375
0.10687255859375 -0.166946411132813 -0.0755615234375 0.145370483398438
0.181411743164063 -0.08941650390625 -0.0608177185058594 0.0313186645507813
0.206817626953125 -0.0352325439453125 -0.022216796875 -0.0421867370605469
0.201812744140625 0.002899169921875 0.0472564697265625 -0.0539093017578125
0.216964721679688 0.0829010009765625 0.097259521484375 -0.00312805175781249
0.238250732421875 0.0334625244140625 0.139488220214844 -0.000679016113281248
0.253982543945313 -0.006683349609375 0.154922485351563 -0.0704193115234375
0.255401611328125 -0.095458984375 0.106964111328125 -0.15875244140625
0.148590087890625 -0.198394775390625 0.02166748046875 -0.179550170898438
0.0749359130859375 -0.22802734375 -0.0575714111328125 -0.107734680175781
-0.02618408203125 -0.231613159179688 -0.118919372558594 -0.0369033813476562
-0.130523681640625 -0.196365356445312 -0.193572998046875 0.0251007080078125
-0.141632080078125 -0.200698852539063 0.215927124023438 0.10675048828125
-0.0286712646484375 -0.226730346679688 0.120895385742188 0.158370971679687
0.0633544921875 -0.26641845703125 -0.022216796875 0.171630859375
0.177902221679688 -0.182891845703125 -0.0914764404296875 0.143386840820313
0.251327514648438 -0.0776519775390625 -0.0817642211914063 0.0525054931640625
0.264678955078125 -0.0099945068359375 -0.0690727233886719 -0.0240211486816406
0.241806030273438 0.0226287841796875 -0.0298347473144531 -0.05078125
0.2452392578125 0.090576171875 0.00362491607666017 -0.0149936676025391
0.259475708007813 0.0087127685546875 0.0466423034667969 -0.00159072875976562
0.258316040039063 -0.0569305419921875 0.0811386108398438 -0.054840087890625
0.2425537109375 -0.15106201171875 0.0760345458984375 -0.136581420898438
0.111968994140625 -0.236373901367188 0.0144805908203125 -0.175155639648438
0.0342254638671875 -0.255020141601563 -0.061676025390625 -0.13385009765625
-0.058837890625 -0.247543334960938 -0.144561767578125 -0.0908355712890625
-0.155746459960938 -0.215988159179688 -0.230850219726562 -0.054473876953125
-0.11749267578125 -0.210708618164063 0.174041748046875 0.0259552001953125
0.00363159179687498 -0.235488891601562 0.0870819091796875 0.0911483764648437
0.114242553710938 -0.26055908203125 -0.0254898071289062 0.130668640136719
0.223175048828125 -0.149810791015625 -0.0982818603515625 0.131507873535156
0.276016235351563 -0.033416748046875 -0.111701965332031 0.063079833984375
0.276046752929688 0.0284881591796875 -0.131546020507812 -0.02166748046875
0.24322509765625 0.040679931640625 -0.118560791015625 -0.057373046875
0.235641479492187 0.084686279296875 -0.09271240234375 -0.0242462158203125
0.236251831054688 -0.0124053955078125 -0.0363578796386719 0.0155029296875
0.216766357421875 -0.0806427001953125 0.0267429351806641 -0.0134544372558594
0.190521240234375 -0.157608032226562 0.0626144409179688 -0.0984420776367188
0.0657196044921875 -0.217132568359375 0.016143798828125 -0.165115356445313
-0.00158691406250001 -0.229476928710938 -0.066497802734375 -0.156768798828125
-0.0739288330078125 -0.220962524414063 -0.1800537109375 -0.13580322265625
-0.155349731445313 -0.202423095703125 -0.275970458984375 -0.129287719726562
-0.0798492431640625 -0.180740356445313 0.143463134765625 -0.0540008544921875
0.022369384765625 -0.195236206054687 0.0749053955078125 0.0215988159179687
0.128372192382813 -0.199737548828125 -0.0069580078125 0.0907135009765625
0.207244873046875 -0.0904083251953125 -0.0895156860351562 0.118865966796875
0.232711791992188 0.008148193359375 -0.138458251953125 0.0605621337890625
0.228500366210937 0.05108642578125 -0.191009521484375 -0.0378875732421875
0.199371337890625 0.0450897216796875 -0.201797485351562 -0.070281982421875
0.189071655273438 0.0650634765625 -0.1751708984375 -0.029022216796875
0.181076049804688 -0.019073486328125 -0.0965805053710937 0.038330078125
0.1541748046875 -0.071075439453125 -0.00244712829589843 0.0314769744873047
0.131805419921875 -0.1212158203125 0.06329345703125 -0.0598030090332031
0.0374755859375 -0.159393310546875 0.0250701904296875 -0.153366088867188
-0.012298583984375 -0.169418334960938 -0.0662841796875 -0.17193603515625
-0.0631561279296875 -0.168594360351562 -0.21099853515625 -0.168304443359375
-0.123703002929688 -0.164764404296875 -0.31829833984375 -0.1912841796875
-0.0410842895507812 -0.114570617675781 0.125404357910156 -0.115493774414063
0.0154800415039063 -0.119987487792969 0.0804519653320313 -0.0300979614257813
0.0902862548828125 -0.114540100097656 0.0225944519042969 0.0666389465332031
0.130241394042969 -0.0439376831054688 -0.071044921875 0.118560791015625
0.139213562011719 0.0130844116210938 -0.153793334960937 0.0583343505859375
0.140655517578125 0.035125732421875 -0.23284912109375 -0.0529327392578125
0.120925903320313 0.02593994140625 -0.26385498046875 -0.0781707763671875
0.115646362304688 0.0346527099609375 -0.230789184570313 -0.02935791015625
0.108512878417969 -0.0143966674804688 -0.132827758789063 0.0566635131835937
0.0900802612304688 -0.0422592163085938 -0.0158958435058594 0.0625724792480469
0.0811996459960938 -0.066070556640625 0.0688514709472656 -0.0301361083984375
0.025848388671875 -0.0906143188476562 0.03741455078125 -0.1416015625
-0.0023651123046875 -0.096435546875 -0.05682373046875 -0.181671142578125
-0.0334091186523438 -0.105239868164063 -0.228530883789062 -0.19171142578125
-0.0684967041015625 -0.110969543457031 -0.348724365234375 -0.234893798828125
-0.0169384111408455 -0.0454839276818394 -0.0105380079591245 0.425644649443612
-0.00256167332151673 -0.0252735135139676 -0.0754895258920041 0.345580571946649
0.00536381456955888 -0.028693743591462 -0.150299910733089 0.155029359446088
0.0279897048207766 -0.00570794300793248 -0.139816721932439 0.0321529046141528
0.0292589820362385 -0.00548253200501508 -0.0391454799292348 -0.0558237504299342
0.0183688825402377 0.00759432024653866 0.0659486116340075 -0.0290957285438873
0.00666771481526775 0.0184733041512401 0.119773393430734 0.112310607902577
-0.00280085093778109 0.0222223217871686 0.0973005880046647 0.240671372450922
-0.00527756789050718 0.0161396686850591 0.0510804749533542 0.30889467061256
0.00127489096336995 0.015452492112531 0.0954028619232186 0.256232657571865
0.0181152322931806 0.0217416180245821 0.173537746054411 0.111854293704587
0.0288714978163793 0.0324631090933934 0.171963260659826 -0.0255869364540184
0.0293419679879822 0.0100544207628872 0.0415808543619066 -0.0800280761531247
0.046422351952163 -0.00460070852072401 -0.0904765446748736 -0.0826417017976232
0.0409366708256762 -0.0258855865407166 -0.215068414438145 -0.0385486165362712
-0.0349868497007134 0.0453320674125062 -0.00242144658361706 0.415444398941493
-0.0346938967833625 0.0414016917920328 -0.0770981553767425 0.340067378302532
-0.0476219488839933 0.0322923648754795 -0.147064310846219 0.148801536389867
-0.0440986620660681 0.0223614451813018 -0.13217132388496 0.0343278630892668
-0.0439977644906354 -0.00667129671539173 -0.0283854063105072 -0.0466024757969798
-0.0505992094259042 -0.0229592708150165 0.0692879558511247 -0.0185917855975029
-0.0447986759642061 -0.0460256712135681 0.107636971670534 0.110419148864171
-0.0378588914377472 -0.0708309675163541 0.0866529171122691 0.230561776369738
-0.0368852761262678 -0.096642847046032 0.0561631052663607 0.292655853781077
-0.0442617834747058 -0.094468990997279 0.110878147144765 0.237753072162762
-0.0655763665019704 -0.0745756976141467 0.185528304247277 0.103967075989317
-0.0808845614303389 -0.0243790507596001 0.172396721886996 -0.0277673594805738
-0.0768282369218125 0.020734394147218 0.033990946899264 -0.0797441944603106
-0.0489312399503454 0.0428843320365884 -0.0870885442291286 -0.0707714261064014
-0.0135373096721623 0.0570140156179998 -0.203306581926509 -0.0339814893983907
-0.0579767167473317 0.126725355067062 0.0118533586393102 0.37940903287654
-0.0781190796326095 0.101323114909127 -0.0784541046049211 0.318105834752671
-0.116161122745993 0.0797619063598856 -0.145037849228788 0.143035811747681
-0.127145560876237 0.0327820161356771 -0.133745159028737 0.043010189677481
-0.122779451792402 -0.0257170264355267 -0.0316998246755899 -0.0290852257056338
-0.113673088941288 -0.0684407614515481 0.0552116466999486 -0.00881149965073959
-0.0857671748211238 -0.113849119289368 0.0799664095980222 0.0885125692828152
-0.0674429634690637 -0.153010277859578 0.0651122544155003 0.183959453608698
-0.0785344721005716 -0.184360560511608 0.0548966522005725 0.233940351992546
-0.111244129140572 -0.169313442313497 0.121389570986389 0.187141825211207
-0.167308090607345 -0.126161576835942 0.193213264670962 0.0819373631082177
-0.192295690260197 -0.0336580721355824 0.176065870340546 -0.0281546717372676
-0.164110479705829 0.0623611507837754 0.0440000891325651 -0.0768767516608533
-0.121084450775547 0.103346111983764 -0.0580199130443436 -0.0733522510849386
-0.0554149059015962 0.136887201673482 -0.169140028172203 -0.0595901784005491
-0.0858392556406647 0.188054034864227 0.0361972997777447 0.320128069984324
-0.132186192509203 0.144237172444183 -0.0711247596080529 0.275859107730043
-0.19567260206634 0.103472382527039 -0.138771714013219 0.133170605488193
-0.216083334464694 0.0145488839298603 -0.141050911841387 0.0546706835874318
-0.196559761698559 -0.0691181107857215 -0.0532707851125808 -0.0104011536818784
-0.160328759281214 -0.129497474861343 0.0219893884273634 -0.00978257105803453
-0.108164668823118 -0.177677251917008 0.0420335130721273 0.0425216217005329
-0.087856271021412 -0.211606435079864 0.0347907532418014 0.10772349763395
-0.122292908408723 -0.22973684177944 0.0364777681535793 0.151100894951959
-0.182060680032133 -0.188503739971878 0.105231910578997 0.124661970886675
-0.256323027146303 -0.114988473741737 0.184469490433862 0.0566593909280798
-0.269295285926608 0.0103062502311366 0.180982016019764 -0.0302627075320125
-0.205725499623336 0.126371074316832 0.0675121252856624 -0.0837830677735901
-0.152019644751093 0.164810655689778 -0.0141768523076618 -0.10010794168287
-0.0756204135559789 0.200552482965147 -0.124680357489125 -0.11387384103958
-0.113193913610325 0.218355302551291 0.0721242682070343 0.244912533553503
-0.183026190550768 0.161262351957349 -0.0466341974491542 0.219097434055481
-0.26666129977804 0.0925697738766942 -0.122165649937812 0.118422615534781
-0.281901989803598 -0.0356655856478966 -0.151833210690763 0.0600384160483739
-0.239017205926354 -0.131691969895085 -0.0876070468923535 -0.00647583664299706
-0.172920023776632 -0.191826817443997 -0.0221746408750766 -0.036461522960077
-0.107939042651534 -0.223995234980531 0.00379881759532868 -0.0297829426613713
-0.0949209990777101 -0.237975922712411 -0.00309492000291121 0.0131761728424654
-0.150488120135964 -0.231212435455347 -0.00294550871881083 0.0661982309724841
-0.220380037419128 -0.160184764022337 0.0606264716204953 0.074949970345115
-0.287256776401641 -0.0666015108473183 0.155466306383034 0.0435681845687282
-0.278141187838171 0.066432449749862 0.182045031023552 -0.0337319255998428
-0.19374662743904 0.175081755861915 0.0923243730431412 -0.102987943679589
-0.143009653877036 0.20167903077777 0.0239409161950056 -0.150105974967411
-0.0748768826453923 0.233941680827045 -0.083309172560224 -0.189983251506687
-0.128947034347532 0.212905987581988 0.11736945234799 0.165349985881724
-0.207015571364346 0.146535049780784 -0.00314624017110576 0.158571819752146
-0.292002515530358 0.04944089018906 -0.0922490428656722 0.102951416359016
-0.287237909550297 -0.0985358176476002 -0.158225683258244 0.055943158613118
-0.222438247883 -0.18496499843948 -0.122005795537648 -0.0256369170410816
-0.143129024474818 -0.225002317419998 -0.0586122629644687 -0.0923259480076372
-0.0868052027696475 -0.234744077284058 -0.0240939679436571 -0.119433760496609
-0.0866987239663987 -0.227339470693709 -0.0420011370146064 -0.0858660479850058
-0.149183120078394 -0.198150546059606 -0.0519034517971542 -0.00526014222464302
-0.208831358557659 -0.115217183110142 0.00551944020612704 0.0476379311810767
-0.254357980206526 -0.0255277894139236 0.118731587712656 0.0457508295010179
-0.231750149532139 0.0919836182780334 0.17746243680555 -0.0343221410034672
-0.150556486618344 0.180397375539318 0.109219827948253 -0.124840219113845
-0.112116284505319 0.199256163046048 0.0456599335189985 -0.207972936653098
-0.0627300034934839 0.229552271938687 -0.0533998234304839 -0.272389331824917
-0.119425177099501 0.174682018593789 0.161500097029252 0.0947558520983286
-0.18361076192005 0.110304826348059 0.0477989366752424 0.109901729939975
-0.250019683008725 0.00500466668990386 -0.0592131832918799 0.0953930876314665
-0.224514108569417 -0.127174229684028 -0.155861705506708 0.0467075596215799
-0.156317784026706 -0.186296764873524 -0.139405473456048 -0.0601767808382994
-0.089087838142265 -0.20184087227797 -0.071228690515145 -0.162591410215021
-0.0545006647015355 -0.19726689317912 -0.0356419343264594 -0.208588060415611
-0.0642327678889119 -0.180538488482005 -0.0758244533760884 -0.171380970954058
-0.1167444100468 -0.146872365640298 -0.0949414843640804 -0.0564433279893895
-0.158672661407637 -0.075737716894038 -0.0407636245210419 0.03725559658671
-0.185828275093359 -0.0102155000181708 0.085836522570718 0.0566444316912247
-0.164225170918706 0.0782076744594473 0.168204586997852 -0.0301724712743194
-0.103287957766442 0.144297861208264 0.119234054921246 -0.138176569031958
-0.0777230821313862 0.160554659347948 0.0547940632848352 -0.256944053893097
-0.0475887573149331 0.188397254736598 -0.0347076313678003 -0.347407340394625
-0.0840335608492476 0.112959638821953 0.192481976692878 0.0431570342599821
-0.11619773993229 0.0712429208157702 0.0882271649436815 0.078099594567843
-0.157272739632113 -0.0120245305399539 -0.0350643542196674 0.0921429345716562
-0.129775613609968 -0.0946525676281177 -0.148756963133116 0.0373971943434043
-0.0806065009240029 -0.121431407454967 -0.144222488762779 -0.0902098161485164
-0.0396225224894566 -0.122674558908841 -0.068850265390114 -0.220106127102127
-0.0251824462865454 -0.116101176383222 -0.0386683100330675 -0.275648884441364
-0.0340982601241455 -0.107054423343782 -0.0970165686532276 -0.23042060044019
-0.0660875235618701 -0.0865070548038285 -0.121613552075299 -0.0904646043514729
-0.0933461457276858 -0.0467710076961691 -0.0692817582113571 0.0313887208604464
-0.109802285005337 -0.0132635366250741 0.0608436551966146 0.0661810187965245
-0.0976318621198402 0.0432241921158212 0.158193311551303 -0.0221262471106775
-0.0628298091088702 0.0846901629355232 0.127314328712802 -0.140644592962639
-0.0476959738377215 0.100517754509217 0.059720127055769 -0.28834940914842
-0.0329706034032759 0.119579430944847 -0.0260999024082716 -0.402944216054178
-0.0215442625617283 -0.0432954391729092 0.0194791365784264 0.431158389775624
-0.0027631425433413 -0.0249133440004319 -0.0503120675122629 0.351603865202893
0.00351678395125838 -0.0281049775878571 -0.140551288665237 0.164729266016315
0.0295985557065876 -0.00760041058985035 -0.138385559944858 0.039128010670483
0.0280754892517911 -0.00670060219196414 -0.0436686502424504 -0.0565205016031027
0.0181801270083781 0.00772368189899884 0.0635891283271091 -0.0350137064089496
0.00811961219891274 0.0180715208601876 0.130895586202465 0.103126291216209
-0.000602924703834631 0.0236120517997345 0.116213243811071 0.232748536825756
-0.00478399570411811 0.0171906421947398 0.07428673559804 0.309856029087631
0.00155125185426272 0.0160728113144357 0.111770781733203 0.254803198341655
0.0198112486727768 0.0202774017561218 0.17930935554914 0.102679981123314
0.0334961622696653 0.030263534359139 0.171156687666042 -0.0377031913303462
0.0291429171449189 0.0094420580216448 0.0373630035126853 -0.0830915920295604
0.0475534439160422 -0.00835883484695125 -0.0990052267867845 -0.0755249609138933
0.0394839548005441 -0.0291377121966712 -0.219287374440528 -0.021014566078711
-0.0327138007490813 0.0495880536586043 0.0260201503572705 0.418919907976095
-0.0307695170143081 0.0444782351242209 -0.0520823220256342 0.346055513091222
-0.0452948460410511 0.0361866721162154 -0.137893820454273 0.158629160212619
-0.0403338708304515 0.0254151761029522 -0.131202987337457 0.0413256513047763
-0.0455970138175716 -0.00266966819261394 -0.0314143408061381 -0.0486851202733167
-0.0528527201437653 -0.0176905956066651 0.067941432212952 -0.0256131485296073
-0.0472955106123057 -0.0432815883430247 0.117550776410559 0.101701681980639
-0.0429593507782532 -0.0681832808388751 0.105732539994879 0.223660209624495
-0.0443007852299231 -0.094043312781088 0.0778871019485828 0.292727908771749
-0.0518261842241806 -0.0914120869099726 0.126605046568436 0.23388593176762
-0.0712394945714376 -0.0706305964289801 0.190906300137508 0.0933463772878191
-0.082342979913285 -0.0182139551190233 0.170759105542645 -0.0401193088948673
-0.0762381048245071 0.0275878983509458 0.0286851030633674 -0.0808151957896662
-0.0455250053042374 0.0469842522667477 -0.094257216486524 -0.064358289408027
-0.00908963481702857 0.0587217017405493 -0.207356640652291 -0.0175948341031974
-0.0494443950396413 0.133402539555529 0.0376647018223665 0.380902839871423
-0.0703646378732647 0.106939737763342 -0.0557452701463322 0.323001723053886
-0.110571227236541 0.0879594264797997 -0.137141891319985 0.152826720787472
-0.124039908312388 0.041088353159217 -0.131745827035523 0.0507377154593796
-0.125235662261526 -0.0162855509848176 -0.0328827616375865 -0.0305592509561649
-0.119910191557902 -0.0581011460928329 0.0547593170038473 -0.0154477630084694
-0.0922837202198661 -0.108574524962642 0.0865853889640242 0.0809180129127929
-0.0785247610591278 -0.14900866308176 0.0804030114759631 0.178765822190822
-0.0917181012424654 -0.179661060137475 0.0721218036906501 0.23426568584969
-0.124908669373241 -0.161988456762203 0.133317702741616 0.182100276255833
-0.177874467997788 -0.113791401349491 0.198750684882216 0.0699890291014614
-0.196575277761426 -0.0182892842712048 0.174711014410161 -0.0408846368567095
-0.160857928495336 0.075116581488565 0.0381981626208082 -0.0775276708236725
-0.113717749717562 0.113223783923004 -0.0645696571710145 -0.0685504075901486
-0.0443422216836147 0.142334629375546 -0.175395845711978 -0.0466207789949309
-0.0722229342651104 0.19616924298624 0.0579312649976852 0.317939137108919
-0.122477788131747 0.154288844588448 -0.0513051869179461 0.280059018354811
-0.189404712101919 0.117687210045267 -0.131535814351317 0.1428020278481
-0.215021092119178 0.0292075607090646 -0.138312400840104 0.0624650549393831
-0.202406483713382 -0.0544906396615294 -0.0512737030919036 -0.0112130286468129
-0.170050276209356 -0.115816746495401 0.022610617751701 -0.014230014880121
-0.119464439281967 -0.170234968248819 0.0444168523113181 0.0367905355768015
-0.103345028601244 -0.207319397754344 0.042737944903661 0.104119014159025
-0.138763377080283 -0.22187013489753 0.0475523346130838 0.151499332835047
-0.196670169022915 -0.175697945768353 0.113346349897707 0.119791961955202
-0.267041549205368 -0.0962145024384912 0.188015594346577 0.0455326087932861
-0.270992737355946 0.0322844619872216 0.179459209660056 -0.0434153125460336
-0.197912205664326 0.141211800278778 0.0612648389478055 -0.0852630325764832
-0.140545299957911 0.177473340505072 -0.0215260027543876 -0.0994137746041368
-0.0597128310030101 0.208352180679311 -0.13453243232816 -0.105867184265622
-0.0977560456538992 0.229271745703207 0.0885870940517947 0.238833371275165
-0.172182419054993 0.17542285155226 -0.0306334475705292 0.221081500288164
-0.261510056452355 0.112055329932925 -0.116126799099733 0.126363276255959
-0.285248664944472 -0.0173765644543118 -0.148792409823477 0.0690789625396454
-0.249143602842882 -0.114177511719513 -0.084189420884162 -0.00441388245047288
-0.186870356766346 -0.177480680953653 -0.02182826999106 -0.0381006290457709
-0.122074192679745 -0.216138723529886 0.000536970847734581 -0.0334071558951716
-0.11224652142142 -0.232967670672304 -0.00271526140472839 0.0119631052504482
-0.167388718021732 -0.22088072181908 0.000824175940002198 0.0682636471928806
-0.23343005863337 -0.144608276030406 0.0646048561947193 0.0728074133392799
-0.294612117820997 -0.0445306284706601 0.158782833429746 0.0335121337952173
-0.275786570879621 0.0893083348238377 0.179933814757947 -0.0468536812075696
-0.182107924436505 0.189117501874054 0.0851034182970106 -0.105872328189818
-0.128640011771489 0.214268317623817 0.0137476756606735 -0.153450459973888
-0.0560861743304347 0.241718270886071 -0.0984234760359167 -0.186789139487506
-0.113719139142317 0.225544260749347 0.128773212457299 0.154639071913699
-0.197371587899342 0.162009408671944 0.00839279590350767 0.157356455773555
-0.290891691604447 0.0707945751108578 -0.0874311866091348 0.109769363083125
-0.296832979452422 -0.0803247272139928 -0.155042541671283 0.0662866491993542
-0.236621299265647 -0.170107048299872 -0.11892104598512 -0.0215030159571633
-0.15911003890309 -0.214601441275647 -0.06126126828041 -0.0920067231843426
-0.101354269731378 -0.227968703133859 -0.0330440265072002 -0.122049754018212
-0.103362653411492 -0.222788140316692 -0.0502313327214368 -0.0836435235307184
-0.162939720040838 -0.188385469724407 -0.0539443220123548 -0.000396803270943537
-0.218028395368391 -0.0998616438066453 0.00754280338958037 0.049266634175333
-0.258928703878496 -0.00605990820369611 0.122343614159694 0.0390149831249252
-0.227315803700586 0.110450423767469 0.17539396713126 -0.04743978314408
-0.138538469900198 0.190973543805921 0.101622544235173 -0.129250819910791
-0.0984996935645935 0.208984567357135 0.0321559831136486 -0.212514127668717
-0.0444517969545811 0.237160907059874 -0.0744399040615524 -0.272806998976838
-0.10792085657683 0.186475008769431 0.169287373853625 0.0810330818124224
-0.176840060737067 0.124418771855265 0.0564323726674438 0.105131498072101
-0.252919915802655 0.0230045759802765 -0.0541457419017251 0.0997290789102041
-0.23714828049763 -0.114182174187623 -0.152376157681325 0.0572877856358686
-0.170485655005091 -0.176918880213321 -0.138999236349246 -0.0541541295376987
-0.103308126578437 -0.195850910964206 -0.0779730970997202 -0.162164882680067
-0.0665252656261426 -0.19241063038059 -0.0504047974176174 -0.210800921575203
-0.0775122495226801 -0.177354125390759 -0.090664975310509 -0.166328094663533
-0.126829564859981 -0.139115992617857 -0.101682173368478 -0.0492189896768417
-0.164343318806305 -0.0639345881116321 -0.0390934078527153 0.0417948555385179
-0.188572636813286 0.0035351168044167 0.090410311829784 0.0522253749769253
-0.1598283851752 0.0907407628085948 0.166823004093985 -0.0414104428049294
-0.0937844329047305 0.150550874183987 0.111508696562409 -0.143485366351424
-0.0662297966459387 0.167196880170542 0.037693514814069 -0.262122770270473
-0.0329024571922087 0.194366575935267 -0.0612784300574513 -0.349847505518746
-0.0765220544699694 0.12119187490424 0.197070297135523 0.0273111015676324
-0.111316133532611 0.079147090863806 0.0949212026838287 0.0707363124479298
-0.160119533676778 -0.00108529624937762 -0.0289904302352695 0.0949419341449134
-0.139478705665608 -0.0879591391694398 -0.144944936845407 0.0480445638530583
-0.0897089016789012 -0.117772775829778 -0.146183063417827 -0.0841167260154415
-0.0479425877971328 -0.120643127658061 -0.0801170664236839 -0.220612429452311
-0.031897008764677 -0.113604544024693 -0.057337823979531 -0.277627699974856
-0.0415057994852751 -0.105424047803474 -0.116967072125957 -0.223995927052173
-0.0716734869852186 -0.082556896659383 -0.132314687555872 -0.0812617166755463
-0.0969418798809801 -0.0400844661936077 -0.0686538554562825 0.0375931920282324
-0.112327426103131 -0.00534269393426267 0.0657829184567206 0.0635822151490773
-0.0952857498072592 0.0500547762463723 0.157103845733752 -0.0325576854785244
-0.0584439403102295 0.0885394109167026 0.120983374236325 -0.147023361643966
-0.0403915847791127 0.104615890434835 0.0405015695458236 -0.294691650998039
-0.0237925473162588 0.123821715056489 -0.056500965987829 -0.406400137249428
-0.0326947059532371 -0.0288694935039402 0.173536775662971 0.390545451563226
-0.00789832574086901 -0.0199725073760108 0.0788155917487292 0.340641060161271
-0.00590600441302921 -0.0250439889115203 -0.0705298526803118 0.200196121800145
0.0245640151460419 -0.0187118521258168 -0.116400451884065 0.084075868037274
0.0226956303759055 -0.0152685858320333 -0.0614193527459953 -0.0380202329640713
0.0197958169557475 0.00165927354713966 0.0441373185966147 -0.0549680283444253
0.0150625058461115 0.0140353761107557 0.158620124884102 0.0426191265188687
0.00954118609011461 0.0226941270666731 0.189693837212825 0.164813985546685
0.00233115542886192 0.0183130538770467 0.178473294259528 0.257451967345899
0.00694905013088084 0.0137478936771973 0.188790598150463 0.197103125378359
0.0245413253212919 0.0116553186701382 0.195472567956894 0.0333130226219009
0.0422700780094633 0.0151484500141519 0.141988476734632 -0.0930394680450495
0.0303130201142139 0.000530037376389067 0.00546053576707076 -0.0890800801252881
0.0418991459416818 -0.0253859326185409 -0.118199804515136 -0.0345557035575039
0.0272999805045239 -0.0409310194756012 -0.206965237847014 0.0545467913725717
-0.00716934519068261 0.0615052120103743 0.170982985013931 0.374578506525962
-0.00784795660997807 0.054444858337038 0.0712658524180386 0.333282912669331
-0.026521865348074 0.0509319518475733 -0.0738804655618685 0.19001327443208
-0.027090327914287 0.0377150630537604 -0.109083934014301 0.0792989124002883
-0.0426276154346189 0.0143253379765704 -0.0470610773664719 -0.0390535964641178
-0.0527858240786919 0.00452677158477336 0.0528216029217681 -0.0506175757496055
-0.0582047631323737 -0.023069369150792 0.147004355218315 0.048339493640079
-0.0606782678613214 -0.0458834594713889 0.179396308738327 0.161321328888082
-0.0728923682598744 -0.0690205758545711 0.176360005648501 0.241060212646068
-0.0789224856388948 -0.0652919143263971 0.197309386002723 0.174011850018818
-0.0901431986198499 -0.0386003063214596 0.206633985476217 0.0202446608838883
-0.0813842519945337 0.0125960012578927 0.142884653083709 -0.0952772736288429
-0.0599133882906333 0.0526312425726523 0.000588768629961739 -0.0821245400023779
-0.0234608234104068 0.0588623223511574 -0.108241352638412 -0.0245831678621531
0.0136488518616007 0.05700155957746 -0.192320962579987 0.0523409860949809
0.00870244342194755 0.145740873882315 0.164413835698411 0.33189582004846
-0.0211280361682315 0.12728069304588 0.0592190211433455 0.308621975288132
-0.0672534577652555 0.122615348072442 -0.0775399896391774 0.180027746930114
-0.096275959315557 0.083211878997723 -0.106616421427565 0.0833146215267952
-0.11945605737756 0.0306161415728081 -0.0393426843980763 -0.0261798599217086
-0.126423332345432 -0.00871484098428598 0.0469079227370874 -0.039247913673024
-0.122989785940556 -0.0672406699105272 0.11228683799793 0.0430660627275948
-0.121441031482302 -0.107288047229411 0.14163360917735 0.13028013035942
-0.145892776041968 -0.129397360144587 0.151922493019501 0.18877773925323
-0.170102123944492 -0.104020370149123 0.187386787296929 0.124407951499062
-0.202591074135231 -0.0396012190128131 0.208559862995903 -0.0051701689859538
-0.185874566246481 0.0542343236340505 0.147983013056723 -0.0981169060107201
-0.121011823601717 0.124803827821285 0.0128101078663463 -0.0812522603502012
-0.0625989666274888 0.144738181787754 -0.0800426322865209 -0.0397560298923453
0.0105113841327627 0.146749164039014 -0.170341661328273 0.0139528428074544
0.0105823522472711 0.212513730956101 0.158662478258232 0.264885793004485
-0.0516269120625132 0.190749614316745 0.047168241819084 0.263808297098393
-0.129257427754309 0.179564429988988 -0.0756984854367257 0.163620676636729
-0.18448057960267 0.107624139735948 -0.105520996918238 0.0921785454000186
-0.203260714237273 0.0236409890575513 -0.0459780628152721 -0.00525809752434008
-0.192544059960943 -0.0430649650975655 0.0210199069845796 -0.0291755565094733
-0.169784008478627 -0.115607244610692 0.0580734695351002 0.0196092443973433
-0.164554767984157 -0.151336859508657 0.0815674533446839 0.0763934794970512
-0.203589954901164 -0.151635836725065 0.10032043038766 0.121741010761832
-0.240944083035557 -0.0904488637740586 0.149441337418526 0.0730988232810733
-0.276435953623582 0.00940692947879004 0.192036023686871 -0.0267585522040605
-0.235904532003416 0.127393956126496 0.152272671506434 -0.103600480301078
-0.131436613368223 0.197764089676793 0.0334231695360724 -0.0961224356505897
-0.0644511816409165 0.213591432582423 -0.0493593399661428 -0.08349742273491
0.0193520621194567 0.21360532464535 -0.151620397123399 -0.0547144390571734
-0.00106027783640835 0.25332885016039 0.158447474865746 0.178987954977011
-0.09053798389092 0.229145507596413 0.0457114602784201 0.199383713031168
-0.197514895645404 0.201799732209752 -0.0660899344698486 0.139564337751449
-0.267195560802575 0.0937585001209138 -0.108570187435132 0.098614195395613
-0.267437736001095 -0.0144593315111568 -0.0704776783012045 0.00998116699896078
-0.229939277516423 -0.0931848451172792 -0.0248550069818782 -0.0361459089920643
-0.188268412647332 -0.156905110533012 -0.00748992673274139 -0.0279171215057458
-0.18231480806223 -0.171833197913842 0.00641906452139333 0.0103455444262837
-0.228389654002877 -0.14051878106961 0.028422249265421 0.0616629917641497
-0.26227857720711 -0.0486881892812541 0.0890808732733263 0.0452938742111449
-0.283652048014471 0.0654129352330753 0.161432903052995 -0.0287527178622594
-0.220430816319369 0.181244661697288 0.151731045679889 -0.108011785022297
-0.100961453222471 0.2341682164876 0.0483678505126107 -0.124246556588285
-0.0407021817784275 0.243879519177395 -0.0344374557451315 -0.146048744700748
0.0342442263640625 0.244632427732358 -0.145458197516982 -0.141731235913265
-0.0177114169256607 0.254790186100408 0.166058613692514 0.0862830896023595
-0.119645524743863 0.226525535330466 0.0608232791125211 0.126273757334306
-0.240540321571578 0.175806056226196 -0.0428865466784741 0.113309790059931
-0.302920086680248 0.0414673545969259 -0.110053687918319 0.0981186232581406
-0.277351160804729 -0.0702046433190253 -0.105082864793957 0.00768932731732487
-0.218605266336221 -0.13830300623682 -0.077933845298218 -0.0710313868126717
-0.173371597013963 -0.175416182515612 -0.071176938315909 -0.0960582805163638
-0.170972458414072 -0.166237030388085 -0.0716506747675724 -0.0578635092379771
-0.213567895952163 -0.11305975142342 -0.0468734359414246 0.0186460602319178
-0.232399557188098 -0.0140031829920471 0.0286291149921037 0.0430218039427702
-0.236913955354748 0.0875837726089762 0.129270821443767 -0.0114342329553829
-0.168410208851852 0.182069061504426 0.146927786227884 -0.10587359581549
-0.0609802351137165 0.220239385746041 0.0549533792407494 -0.152378982244704
-0.0151460410886382 0.228426944174663 -0.0384242039173943 -0.207839025848465
0.043121609273792 0.236182237695869 -0.153056087450985 -0.228463216118531
-0.0280429050569797 0.215421031677709 0.179068680283532 0.00465897793276633
-0.114922683878256 0.182699873900342 0.0881563646462825 0.0638003114450042
-0.223671432093275 0.117491459529853 -0.0127725973802656 0.0952904987914376
-0.262682165509467 -0.0116730885542551 -0.108971972095047 0.0928785238557219
-0.22034794312126 -0.100835141424088 -0.134919106865201 -0.0127832484001711
-0.162142884772142 -0.143071278598357 -0.119132146751042 -0.127500771483118
-0.128569040403453 -0.156354112679095 -0.120971056413707 -0.171590038553705
-0.132064937974473 -0.134225124280057 -0.139547152291154 -0.117167096271297
-0.163135326045161 -0.0815500561162358 -0.109447701730226 -0.00848552482639337
-0.171318634336659 0.000182361470514751 -0.017844497048506 0.0523099564289594
-0.170996897155279 0.0708271935502919 0.10339170707422 0.0133596800486992
-0.113927941137887 0.139856798060349 0.140110372344216 -0.0972487489651618
-0.0347945365954898 0.167940562124275 0.0588726103187751 -0.169271324770824
-0.00153833072944312 0.179037848879928 -0.0507774245567548 -0.255342520693707
0.0389277945699073 0.192748378834152 -0.168151131533867 -0.301711202746893
-0.0238160850932261 0.141401862418901 0.187657613286056 -0.0519812880390385
-0.0717647822173241 0.114993518725395 0.112768589860242 0.023099370146093
-0.147619439892239 0.0603569295147753 0.00972603384698623 0.0875128422352927
-0.163210174768911 -0.0262577780253965 -0.108395260593036 0.0869725060457897
-0.126598029203662 -0.0756011396854147 -0.15532800118538 -0.0346376912954628
-0.0861606140775494 -0.0954566968721021 -0.145464491118835 -0.178888216622151
-0.0684460212640228 -0.0958288876186639 -0.153270375665515 -0.232147317061366
-0.0747393968732742 -0.0817727036465162 -0.185645202788708 -0.159062738733078
-0.0938215134985235 -0.0497764250134985 -0.149255811902406 -0.0262408221644766
-0.101068952804324 -0.00231488928068293 -0.0479410316195279 0.058904818798268
-0.104858339343298 0.0353770333397812 0.0843050872435628 0.0336356572150632
-0.0700164381795617 0.0790488661075205 0.133664057415529 -0.0840552129775995
-0.0242540355270396 0.100017251973097 0.0653945271391232 -0.17582481357257
0.000201456646692388 0.112632400351218 -0.0595537143707883 -0.284574664531015
0.0225497753490087 0.125245407624841 -0.183318111588247 -0.352782175036064
-0.0330763085269367 -0.026261756290066 0.183118298534579 0.379726802817377
-0.0066041332826745 -0.0203789275804706 0.0890777461112357 0.330241785697692
-0.00616893281198122 -0.0232563913767703 -0.0642401049076318 0.196980712102091
0.024102144437627 -0.0202430578374429 -0.113294484605811 0.0846431403931366
0.02200762484592 -0.0144278131680083 -0.0633053323037156 -0.0375933952812234
0.019681108640743 0.00240799976725181 0.0416212121368364 -0.0559599862284312
0.0151704634662335 0.0136609758755825 0.158054209955912 0.0339369972001512
0.0113414813912178 0.0222357071391504 0.191344677699423 0.152893268882587
0.00350078080372891 0.0189661712070687 0.185469501826641 0.247865455288154
0.00704460470394032 0.0140749896616972 0.191381196456999 0.19003076386725
0.0245376354657155 0.0104430063846833 0.191018789709845 0.0295134824275031
0.0425176262321502 0.0120323941773395 0.136093423459736 -0.0954353232598632
0.0305252487886424 0.0010703707306782 0.00304555335288418 -0.0879311726879755
0.0401923479171922 -0.0272329880448373 -0.118012583463278 -0.0277732848053732
0.0255262287067497 -0.0415857178073213 -0.201214573498136 0.0620023661412216
-0.0039575335868472 0.0618311001792298 0.179914340542538 0.362915364047574
-0.00513796317773595 0.0523207531739531 0.0810580878287143 0.322537540397271
-0.0245798357124614 0.05130192948394 -0.0679417352273561 0.188009002092225
-0.0244322459697999 0.0364472700132651 -0.106605359472751 0.080251897003098
-0.0410170765091126 0.0160984169742703 -0.049367831663111 -0.0396340149575628
-0.0504697701154109 0.0074166306108956 0.0495128680618867 -0.0520548452343727
-0.0574806817849914 -0.0209930610922216 0.146803371539448 0.0405539944589986
-0.0606361636286399 -0.0428304049098008 0.181123035580026 0.149416560915227
-0.0734729303961008 -0.0646585319334612 0.183170978023726 0.231954294742043
-0.0800665386299437 -0.0609759276825503 0.198492935137282 0.167251112081385
-0.0899617148255407 -0.0346077354510784 0.202117087538238 0.0157379629951716
-0.0786642450869619 0.0150665663883964 0.136520902262377 -0.0981084932196488
-0.0569217378696025 0.0550601192170117 -0.00123025167145555 -0.0791365110972667
-0.0212141261730181 0.0584906550900969 -0.107172169833317 -0.0195654294244933
0.0157981661309766 0.0555305383287465 -0.18743429448928 0.0585454497712521
0.014776269358466 0.144037298054903 0.171063868801765 0.321107583278693
-0.0164607570879018 0.124624287056407 0.0671292590300495 0.298616665059874
-0.0624818993678833 0.122465429468733 -0.0714934315678529 0.178571669253835
-0.0919603259066281 0.0836416588967987 -0.103032454295262 0.0840417194666065
-0.115856356947973 0.034043836940307 -0.0417945271879639 -0.0278078637766693
-0.122702038792204 -0.00294158611809175 0.0436568947661545 -0.0413295804976183
-0.12196237737305 -0.0626588248468215 0.111372975198503 0.0367332867876706
-0.123175206301046 -0.10139938249988 0.142828837279491 0.120990898549888
-0.146781966302774 -0.121920845008098 0.15709632415944 0.181336873236905
-0.170185387980871 -0.0950911024008003 0.187332798211917 0.118379682598677
-0.200890055129965 -0.0309703202953995 0.203355664443165 -0.0101186019799166
-0.18008124930526 0.0609622204498465 0.140974924413391 -0.100819315425762
-0.114741196610784 0.12721315568535 0.0114209656641716 -0.0774345264540597
-0.0566969975686377 0.144715515787078 -0.0799412018393425 -0.0356086687465054
0.0167196128171208 0.14470955493316 -0.168029972345944 0.0193051812861338
0.0194175577159963 0.209458833785142 0.162811929615311 0.254122375227281
-0.0447522946618266 0.188271650523525 0.0534730931233467 0.254732942815168
-0.121697105587711 0.180864682560406 -0.0710863720318276 0.163202753755494
-0.178703595684751 0.111014833425237 -0.101917820066482 0.0927982600837583
-0.198137952788434 0.029921258966756 -0.0472817263091449 -0.00845160007192318
-0.187905237553843 -0.0342408450501852 0.0189163801987764 -0.031932463475809
-0.168469153460938 -0.10780444443067 0.0561561190251245 0.0159908377585778
-0.16700462293635 -0.143856933172406 0.0816602835919786 0.0704350726272249
-0.204548870304396 -0.141761195644237 0.103533605827992 0.11764035715299
-0.238679002552463 -0.0794755616489128 0.148183955644926 0.0683616141060833
-0.271621847897764 0.0199703465078953 0.187095792529198 -0.0310387352471056
-0.226350754781721 0.135505194583812 0.145292427266478 -0.106389482892075
-0.123177160010188 0.198766966650822 0.0320852384373087 -0.0924966955404895
-0.0554742922130872 0.21301842833943 -0.050920211833365 -0.0808343528479239
0.0288069391307414 0.209663661480141 -0.15256563720074 -0.0499519476416861
0.00904600044993945 0.24910111281135 0.158955485447891 0.169716912258864
-0.08177251054938 0.227996312264328 0.0503080326812971 0.191905506258897
-0.188178229671839 0.205470957378068 -0.062016990429836 0.139733414491036
-0.261513060717484 0.100034204770306 -0.104828871704322 0.0994144790000967
-0.263074304478521 -0.00567615736735242 -0.0703703165854846 0.00629645567639976
-0.225918387931021 -0.0826710701446513 -0.0260882877304214 -0.0382926757700989
-0.186898073786941 -0.147934785653071 -0.0106626449327679 -0.0286192447752529
-0.185091691245161 -0.163685556823836 0.00562304434886413 0.00925886924563103
-0.228542192237113 -0.129768233634602 0.0298950431362665 0.0608426400882853
-0.257730983349777 -0.0379892155770275 0.0881027716555055 0.0431745771577548
-0.276761760678957 0.075641098430494 0.157070421542901 -0.0323684066625303
-0.209469873645654 0.187498721765848 0.144411316497811 -0.110247753745704
-0.092162681933996 0.233155757502977 0.0469446166466466 -0.120411817987883
-0.0310573697257098 0.241581853782487 -0.0380734876239718 -0.143750291411944
0.0448972100438068 0.239350762118842 -0.149959061482171 -0.135778473854199
-0.00747270468789549 0.252326522118155 0.164421254869007 0.0773926565833827
-0.110331404303735 0.227150592264293 0.0629104024413855 0.119900751806097
-0.231028864555305 0.181484219379755 -0.0398103374533082 0.113066432041068
-0.299335157725518 0.0509979121085189 -0.105756472907299 0.0987925390120661
-0.274739743580712 -0.0602084719257768 -0.103345628684555 0.00436439477990118
-0.216732563946778 -0.127691154875585 -0.078868400936621 -0.0720945434195912
-0.173223003694508 -0.167108032042805 -0.0756885667445075 -0.0937472916988831
-0.17371814720611 -0.158101724299211 -0.073371523079162 -0.0544759599088414
-0.212362356560104 -0.103317072275652 -0.046511979271394 0.0215547870967028
-0.227057673036154 -0.00511762345278672 0.0286839678063736 0.0424065121603739
-0.230195730581038 0.0955140328154561 0.126747119132224 -0.0143087261682
-0.157836404678808 0.186044470623053 0.139472205500914 -0.108193759867873
-0.0537928291845001 0.217205064554544 0.0528872857395436 -0.148283517889663
-0.00660166886357884 0.225394267042172 -0.0441973835461102 -0.204706959643706
0.0531926813389737 0.230280620088312 -0.160717677853508 -0.221108186101819
-0.0189611557529253 0.213809563461627 0.175223682793652 -0.0035328051210323
-0.107407529645544 0.183679242179842 0.0884734363593883 0.0576817532428203
-0.216261602123914 0.123709588911338 -0.00994563057788399 0.0942679493664568
-0.261910480144551 -0.00260635403118357 -0.104071132501999 0.0932509218365128
-0.220415693411352 -0.0924911331052194 -0.133629914891708 -0.0144887880372901
-0.161590997766048 -0.135386124635599 -0.120651877093228 -0.127253140039423
-0.128538961054521 -0.149317597573424 -0.125738007970002 -0.167464897642344
-0.134442887289436 -0.127930142644527 -0.141691387196965 -0.109343866786165
-0.162948247607835 -0.0746306940133679 -0.108766910488362 -0.00282485805639312
-0.166550096437574 0.00613965484546692 -0.0162153668173367 0.0529647874081909
-0.165804403399814 0.0762598575334329 0.102451133175372 0.0107232798120462
-0.106899332994384 0.140948882148427 0.133708598620832 -0.0987942303815778
-0.0299798024148992 0.165263064956955 0.0562542047698436 -0.166260850253231
0.00477152999233603 0.175971529651345 -0.0577870949854334 -0.250314451402218
0.0466415824168195 0.188665200017187 -0.177216758256827 -0.292659527844225
-0.0181446342190075 0.140667205420828 0.182138050089682 -0.0590118368732184
-0.0672346670504841 0.115258708779684 0.112214258963118 0.0168538963315323
-0.144232146865219 0.0645823762382101 0.0125268344299135 0.0853622337475522
-0.163572959286273 -0.01953518566994 -0.10274142016467 0.0866312645897527
-0.127238376075787 -0.0711060657234764 -0.153641415422372 -0.0345987703714567
-0.0863163846940608 -0.0914398822202009 -0.148431793963834 -0.177344651440187
-0.0682085429199501 -0.092347376301383 -0.158378251675118 -0.225332757978677
-0.0757706047201221 -0.0776529860200015 -0.188808382154786 -0.148397778352446
-0.093266547991988 -0.0463710980059582 -0.150067941011609 -0.0184945121886557
-0.098615164453463 0.0017279926235779 -0.0457899826928413 0.0606719260642458
-0.102191242333932 0.0391754341273732 0.0840424990944561 0.0316487222768032
-0.0662454836043898 0.0798253963954605 0.128619203360979 -0.0854454271851908
-0.0219649583013245 0.0986984545870444 0.0625302479993857 -0.174442587419682
0.00388350042475993 0.110401625674459 -0.0677347370730382 -0.27876247846942
0.0276050456404122 0.12273832439876 -0.194465368036284 -0.342026495095632
-0.0332661333907137 -0.0251334573485314 0.194625037518223 0.378546538857182
-0.006300393314577 -0.0222144442619112 0.0990640491723477 0.32826951406657
-0.00605155221317868 -0.0221681670894487 -0.0601970814361368 0.198403891675039
0.0244586019275823 -0.021978957006995 -0.113559826641581 0.087280031619395
0.022027957025384 -0.0145220654546858 -0.0663327386102135 -0.0384980045919282
0.0200659396254656 0.00363199922244387 0.040923827290783 -0.0582669744745196
0.0150690705216682 0.0133915765799573 0.160870194142812 0.0271088309336764
0.013154738864119 0.0220647341219915 0.195153817655232 0.14547618278805
0.00434205934944631 0.0193414175190277 0.19412606394448 0.243911360707698
0.00718221200849965 0.0146813112992312 0.196717805805736 0.189003047761605
0.0248536955972243 0.0100588333804886 0.190745854241096 0.0283295175501498
0.0436902560118105 0.00961507124044919 0.133800652704469 -0.0986935838154889
0.0322309962856039 0.00185328255905854 0.00141849927445654 -0.0889792237931269
0.0392511765019007 -0.0296627309182285 -0.119909998468979 -0.0228270654057469
0.0238808840400302 -0.0427748222523847 -0.201035044941532 0.0686789965026901
-0.00107662576637826 0.0630346928464341 0.190715808586117 0.36193686929004
-0.00322727642781504 0.051232625466532 0.0889902544742528 0.321081869258756
-0.0231571744958387 0.0524357220952731 -0.0649540463209369 0.189354256752612
-0.0238581504709593 0.0361372598140265 -0.10637220086362 0.0823328169014399
-0.0404034308395403 0.01811237769001 -0.0523623380037724 -0.0407931945215099
-0.0495342173476243 0.0101966864336906 0.0484973990625962 -0.0546078252184831
-0.0588013809182916 -0.0199495300290477 0.148793592396387 0.0348614365106196
-0.061756901142646 -0.041831396275481 0.185006071314714 0.14248485913701
-0.0750334982592453 -0.0623734148145686 0.19253704225832 0.228501148926107
-0.0818783084021166 -0.0583619376116781 0.203344886185269 0.16541287417084
-0.0913349220458071 -0.0320063795882911 0.201656977833391 0.0135556971449848
-0.0781511287346977 0.0172018920191342 0.133701740231313 -0.101868983539351
-0.0552888181423013 0.058265790544789 -0.00237880821526283 -0.0784437947546615
-0.0199684439277366 0.0592960601721103 -0.108565319620995 -0.0151013049011542
0.0180014682140451 0.0553267053232579 -0.18761071659952 0.0647200414322386
0.0200928726193445 0.144660705090576 0.180047550591596 0.319719824390443
-0.0136601142798904 0.124389464636651 0.0744433647775814 0.29746340569579
-0.0597529936286222 0.125141463040188 -0.0688554633755195 0.1808153965906
-0.0911790700951383 0.0854693788577385 -0.102659107072056 0.0868754278444433
-0.115528074137013 0.0379293749749804 -0.0448183007275338 -0.0296399972876497
-0.121372611068133 0.00166517451349745 0.0424005999994031 -0.0442010951977547
-0.123861891581766 -0.0601094200448417 0.112156393872618 0.0325739062170938
-0.126407423339824 -0.0992366432010217 0.145032272604945 0.114713482725996
-0.150500750411351 -0.118276793264134 0.164038955575313 0.178908346345241
-0.173294173269364 -0.0904164677149537 0.190965324741555 0.115927677655252
-0.203504523318254 -0.0247794044293148 0.203071527049174 -0.0127706162164574
-0.178548869273977 0.0671838331138798 0.137871061942439 -0.104668336850866
-0.112660780098384 0.132071386188132 0.0115720357303916 -0.07612697957785
-0.0529731291972697 0.147967975347125 -0.081242456376448 -0.0330121772727083
0.0224020650877624 0.145169500562151 -0.169571126662743 0.0240445749798902
0.0262305027174551 0.210809733338166 0.168695409465141 0.252079835258672
-0.0402155077194421 0.190199152365608 0.0590304472733909 0.253007195811276
-0.11760170442728 0.185384014470807 -0.0690246268171482 0.165696813186409
-0.178064638735392 0.115000344475343 -0.10173730875519 0.0960526597723188
-0.19834913913682 0.0356494929972739 -0.0504248659895484 -0.0106110358103835
-0.186835660584385 -0.0291062968041992 0.0167494447042062 -0.0347119034474414
-0.171698374604979 -0.105158851485108 0.0554802055559628 0.0135866312566536
-0.172872311329081 -0.140429103946022 0.0825412973990077 0.0669214456522261
-0.209157646394878 -0.136577465071289 0.108073546209767 0.115951446553189
-0.240626855251982 -0.0727786245135046 0.149672790216086 0.0666102850578365
-0.273363312145389 0.029195656196144 0.186299409117563 -0.0347931107112936
-0.222838684662182 0.144641321045437 0.142318103082714 -0.109641585722086
-0.119320304480717 0.20375132418571 0.0331732119062222 -0.090939592374792
-0.049422149978307 0.216609884735744 -0.0532538133997246 -0.0805964335529719
0.037247747994335 0.210418404018576 -0.156599587685801 -0.0464993205987078
0.0168928599315498 0.251219599581736 0.163244596543321 0.16526748491651
-0.0764187510882421 0.232089907160367 0.0536531548100016 0.190141014262302
-0.184691151152443 0.212734855091823 -0.0606848761310215 0.142336823332005
-0.262965624933908 0.107845502626164 -0.103629302494388 0.102845864814995
-0.264451119755083 0.000780281084939317 -0.072963268278416 0.00443707563248186
-0.226248453562534 -0.0777034916085511 -0.0287389811094929 -0.0412283555590659
-0.190177422703607 -0.144831941342486 -0.0136432866869354 -0.0289649596066732
-0.191700460740356 -0.160335495333475 0.00369296209314076 0.00784999354303531
-0.232561445408518 -0.123921384550708 0.031689564752295 0.0619014634539456
-0.258068661434473 -0.030489247941722 0.0887662926287498 0.0423300936813755
-0.276055756324679 0.0854090502757611 0.156237370134935 -0.0357662864442899
-0.204130079217234 0.196305979038051 0.141712414828339 -0.113321445387614
-0.0872746290493454 0.236730476755098 0.0480986140561415 -0.120102647555849
-0.0237832846973542 0.244950988046815 -0.0425299432777818 -0.145094876745323
0.0542057072689062 0.239572158519853 -0.157397578645695 -0.13339575746557
0.00050044127272016 0.254489956920155 0.16588038067699 0.0716079546607662
-0.105192675222514 0.232065104573955 0.0651977631753616 0.116977009013985
-0.228652521731447 0.190709933105214 -0.0375660228734191 0.115410246745769
-0.302606653294702 0.0599875703427582 -0.104360011077376 0.101142370526615
-0.278892848001364 -0.0536685970033342 -0.106741386609117 0.00247839940103562
-0.218603952079062 -0.123606877925887 -0.0820604169187446 -0.074435820677646
-0.176020922795041 -0.16472377592392 -0.0805971256189221 -0.093547198428627
-0.179652166787066 -0.154823645030313 -0.0771200270584609 -0.0527476038618694
-0.215856239771423 -0.0978732988708479 -0.0463140864344442 0.0246745949345275
-0.226575573988383 0.001351749796903 0.0289634384753624 0.0433596894011603
-0.228788558123246 0.103459927138841 0.126663397811368 -0.0167890421283833
-0.153281974939203 0.192001632492664 0.137254894416954 -0.110582700798635
-0.0494549966400854 0.219212931083818 0.0535292243351773 -0.149142271284369
0.000678055213899811 0.227142228014328 -0.0502907909991459 -0.206922668119113
0.0624382841605124 0.230114024614906 -0.170447862012985 -0.219753152636237
-0.0126288255829498 0.216711176916461 0.17452720892895 -0.0106480818318215
-0.103224122513062 0.188995028247223 0.0899999056033914 0.0535720667472964
-0.215715455975086 0.131603570970725 -0.00768218550560473 0.0955363876013743
-0.266554684484163 0.00481752542911716 -0.102516758146165 0.0949159591366937
-0.225146347790343 -0.0877047143694827 -0.136128617553639 -0.0158417500477682
-0.163498093828853 -0.132488493049339 -0.125443009147775 -0.130290840442518
-0.130802858133272 -0.148183557400155 -0.132567462623285 -0.166111752348964
-0.13882889424374 -0.125146675743507 -0.146545000463852 -0.105634081750876
-0.164861170733594 -0.0702856482472453 -0.109880431011677 0.00260977300762676
-0.165933476232111 0.0107760614975424 -0.0160638861496154 0.0546997590032647
-0.164869543169756 0.082662346125416 0.103172065715087 0.00890928783135757
-0.103033047281751 0.144780875744625 0.131207667592284 -0.101055244309465
-0.0271744114176614 0.166040624974039 0.0563022641263632 -0.168206804644625
0.00971754936236749 0.177608651220595 -0.0653492389945402 -0.251963546664426
0.0539095573869963 0.187873885297429 -0.189220815238525 -0.290365539669462
-0.0142905566543293 0.142615306004021 0.180819258763095 -0.0668351966640969
-0.0647811819444699 0.118175455274527 0.1137541660841 0.0115968317705845
-0.144247418431594 0.0698136550639569 0.0157414345598166 0.0856494949681787
-0.167043437332061 -0.0151324213481931 -0.10075475756548 0.0884207243280036
-0.130270829229108 -0.0688695890976952 -0.156921970134063 -0.0349215124646159
-0.0881124933022996 -0.0905049082635698 -0.153616322664152 -0.179414727340889
-0.0688895745786836 -0.0920678667803737 -0.166281301658362 -0.224544871852734
-0.0775396995146413 -0.0760542445891458 -0.193565149284434 -0.142147301778213
-0.0945039654163502 -0.0442655773384698 -0.152329564688239 -0.0120709461011995
-0.0980132607677759 0.00429341631657373 -0.0455363234152592 0.0631693882985975
-0.101946442236176 0.0431780467054768 0.0854890306987303 0.0303774666725191
-0.0645435591035793 0.0810905361389386 0.126746960954417 -0.0874086650131619
-0.0208563779692293 0.0995101252817827 0.0620024361700829 -0.176999790506761
0.00676203715332489 0.111442306348925 -0.0758642505922974 -0.27909752797783
0.032254106889617 0.122830961779558 -0.207811496802833 -0.339233546798489
-0.0350635622869794 -0.0230119463624202 0.218232507739386 0.376472726122865
-0.00799455582630233 -0.0241125568438232 0.117028738319713 0.327652718545684
-0.00615344711147925 -0.0214618422369685 -0.0533913454328951 0.20361597998943
0.024664617794692 -0.0241897750167873 -0.112901171765099 0.0929848966114667
0.0217749818533987 -0.0152170312222316 -0.0713272984704168 -0.0380916375048833
0.0212718506866803 0.00410210327691412 0.0391120474060304 -0.0628535344380168
0.0156563005524295 0.0136957413077923 0.16571740261885 0.0168645289346734
0.015191852865257 0.0214702107743996 0.204236314133535 0.135633825607559
0.00577798927600888 0.0198148674481901 0.210713902790174 0.237566916652002
0.00789726124054965 0.0154572759559096 0.20887727653813 0.185460301335657
0.0257889895034304 0.00866267332165758 0.193521047650902 0.0234182225362763
0.0453250842643924 0.00640552419984497 0.131289888644239 -0.107084619282029
0.0345613581816288 0.00190605017854479 -0.00306085025314839 -0.090703973228815
0.0378357642740246 -0.0329669779566385 -0.123038657065496 -0.0153950980999853
0.021407286995309 -0.0448755779690252 -0.20135199503321 0.081820023039703
0.0026583291883532 0.0641818095801862 0.212457256097717 0.359430717880935
-0.000998309076361278 0.0506826643478067 0.10684393069565 0.321174746174642
-0.0205942620812602 0.0552315907982583 -0.0578253134625138 0.19459472792994
-0.0224832272681334 0.037014119651085 -0.105340778042062 0.0880106099986946
-0.0402996244388752 0.0207274335035831 -0.0574409932171991 -0.0408458733967887
-0.0483317331231009 0.0138953669734867 0.0465280703515506 -0.0590358033536438
-0.0606266303826977 -0.0171098939346691 0.153065479502506 0.0256032494276817
-0.0644348504483673 -0.0400210338095249 0.193636451757793 0.13309732869277
-0.0790038734992858 -0.0595666713612239 0.208551481232987 0.222312349705649
-0.0860688110252391 -0.0545680061666498 0.214215470860931 0.160802200085877
-0.0950385204693705 -0.0278841314800007 0.204172729695152 0.00722554103973063
-0.0781057964880969 0.0208730799519587 0.130159694080846 -0.109080218289892
-0.0527118130954113 0.0629271335682321 -0.00490242570555397 -0.0795585023516953
-0.0176688888546282 0.0613859793794697 -0.111479275849877 -0.00887158472305321
0.0217736724193584 0.0554845190638951 -0.18852444383152 0.076174859279884
0.0294052772765468 0.146056066027101 0.19845461737469 0.316750990245658
-0.00812587554745944 0.126579558373993 0.0895695977407429 0.297803136017834
-0.0544597112389529 0.130572761660777 -0.0626295652720511 0.186856350327485
-0.0895889476812109 0.0905983178053306 -0.101167744208225 0.0925851701675108
-0.115608468439982 0.0449346238194612 -0.0495628471045235 -0.0300408138684397
-0.121295593213529 0.00802829348257913 0.0405095816185053 -0.0484107812361145
-0.128992250648902 -0.0552764257499426 0.115441151998784 0.0264775974885143
-0.13435509541751 -0.0947623040853786 0.1516756266506 0.107481940162538
-0.158262487575608 -0.112511666096763 0.176872475159514 0.173610328290208
-0.179792666911161 -0.083301041463744 0.19840877954659 0.110267933652179
-0.208213889569054 -0.0143463161904523 0.204624592249569 -0.0212789233540404
-0.177663387864033 0.0780644415093422 0.134295094877269 -0.112580878104641
-0.108483289822466 0.140949535477736 0.0104744440106585 -0.0764839762660315
-0.0463994717039286 0.153770085914077 -0.0842813512998293 -0.0292818818584
0.0319040843592509 0.146227218637803 -0.172750106288412 0.0336505217417959
0.039122178413809 0.213076374201999 0.183033259162397 0.247890470859191
-0.0319822560642587 0.195518957205716 0.070816665217443 0.253883657243516
-0.110903516900522 0.195186274924622 -0.0631631182523894 0.172104310952233
-0.177487545507962 0.125374795471322 -0.0994440133247668 0.102439599979287
-0.200659892431244 0.0458163037520472 -0.0543540953689358 -0.0102493928578446
-0.189555712818791 -0.0201769539300456 0.0143825065184249 -0.0376320004682975
-0.178303824639231 -0.0991062126083213 0.0557899101549439 0.0104085807731048
-0.183492200756524 -0.134807664131069 0.0845617682520405 0.0625474617089524
-0.218253145155164 -0.128269716872879 0.11626897308507 0.113167973070402
-0.247587306591973 -0.0620705672735603 0.153761367308507 0.062417895622782
-0.27655224038362 0.0450655874897994 0.1872052626659 -0.0433341541036655
-0.21843043101654 0.159504099215888 0.138780467130146 -0.117223072191011
-0.112077672741898 0.214292153422124 0.0331123845647179 -0.0929188660116975
-0.0390277744943274 0.223965231314363 -0.0585102493642904 -0.079876942669971
0.0509743835213007 0.211723952351236 -0.16392817079841 -0.039682421460919
0.0319010398805519 0.254953607121636 0.17245512839113 0.159507778184265
-0.0661699265931752 0.241117655299903 0.0623603921333666 0.189243766657546
-0.177819077520289 0.227460846988856 -0.0548008327357989 0.149046278058289
-0.264159956567892 0.123051176343704 -0.10081943701561 0.109088361381903
-0.269677412537047 0.0139906280507599 -0.0763856037269467 0.00551554627071916
-0.231411858284024 -0.0683882543127036 -0.0322253566253793 -0.0426044271530895
-0.198915044130942 -0.139254467869061 -0.0172726884855169 -0.0294914230734889
-0.203562727033831 -0.153041819148897 0.00197423268973649 0.00758501959629402
-0.241673561016538 -0.114021327840168 0.0358574078956119 0.062066199108962
-0.262355424293705 -0.0179190741747127 0.0909397554528738 0.0403946986738451
-0.276428210974646 0.10300631225791 0.156728504867557 -0.0432472127632892
-0.19575393437535 0.21064117097693 0.137919530361977 -0.120830812240158
-0.0781162011669483 0.245411273854104 0.0472628444095652 -0.12404067421992
-0.0105398294292952 0.250783768891342 -0.051368604939242 -0.14732550149941
0.0706591669165317 0.239886200598193 -0.169959770087778 -0.128355844930886
0.0146970795967981 0.259924155822419 0.169907628032023 0.0629362715476623
-0.0947763141580967 0.242756943856825 0.0698836408588382 0.114387159659221
-0.223672271210766 0.207015770508366 -0.0330363860310089 0.119765032484685
-0.307872368454691 0.0769101786017581 -0.101496388650604 0.107513400946948
-0.286707659312585 -0.0407632053354507 -0.110959997797704 0.00488701995712512
-0.226229770607516 -0.116029388135714 -0.0888497676343413 -0.0754984073860199
-0.18447809711144 -0.160324624017233 -0.0888755751800446 -0.0916034035537092
-0.190598152614099 -0.148738331274955 -0.0832413009975709 -0.0492611360028937
-0.222857293571293 -0.0879716754996297 -0.0459553324589098 0.0288840432368326
-0.228616540748535 0.0119934562221974 0.0303613167956044 0.0436112869619815
-0.228074284152664 0.118500322889923 0.127173846109178 -0.0224365804667857
-0.144668507100162 0.20310131420954 0.133154384361961 -0.11732125559719
-0.0410071430680556 0.225086265503207 0.0513303255571654 -0.15436339658824
0.0131010249397813 0.231593451730089 -0.0629904399124102 -0.20978680530302
0.0776993291217196 0.230167471873291 -0.188403445532589 -0.215211596917772
-0.000728883628256163 0.22206070507399 0.174971623995332 -0.0217863814175603
-0.0953466403156036 0.19807721227689 0.092919398345148 0.0480334358072698
-0.214238761024746 0.145824839708489 -0.00246592036409444 0.0977583978958941
-0.273332069303273 0.0192136776095498 -0.0996065508518415 0.100357831510631
-0.23376550083609 -0.0787514982597816 -0.142027413244758 -0.0128226252351006
-0.171714934790188 -0.128531558714065 -0.135986950620657 -0.130410323016661
-0.138045016444821 -0.145917577644268 -0.144944256067093 -0.163810974305324
-0.147164680807752 -0.12095528975523 -0.156112107495605 -0.0989439417219491
-0.17069884719286 -0.0629825352695431 -0.112779393153594 0.00998415446396124
-0.16675321607484 0.0190330240065815 -0.0151196681426987 0.0572180744421564
-0.163381141299045 0.0932443129378478 0.104734908470677 0.00467013141061051
-0.0973417926439673 0.152001891550748 0.128427129129181 -0.107071946898772
-0.0211137291550974 0.169783327406367 0.0522453810454947 -0.174327894536127
0.0198210969764811 0.180660970083957 -0.0804045513411037 -0.254207007515797
0.0667116072599776 0.187832388936552 -0.211236440821853 -0.286777539992899
-0.00662657802875045 0.146606633551003 0.178478725835942 -0.0797239104348125
-0.0594699791422141 0.123732288875137 0.115981348960675 0.00358000503188046
-0.144364310775571 0.0793269728918872 0.0213580554349836 0.0854867365936504
-0.173072614436723 -0.00625808235604954 -0.098133319626536 0.0931683386165363
-0.136574179610876 -0.0639418978278934 -0.162575227710284 -0.0311362099201386
-0.0932747368012411 -0.0890473309294501 -0.166418957670841 -0.180073278425393
-0.0726903596641845 -0.0917903870800008 -0.181070473616407 -0.222134022590511
-0.0819515114342999 -0.0737698652756893 -0.204678864871706 -0.133794951137008
-0.0978624512198557 -0.0400091334262756 -0.156765679563286 -0.00156956737316164
-0.0985948369483859 0.00911476886513286 -0.0443591850056246 0.0679843427723096
-0.101868527882763 0.0501332200724917 0.088554794911559 0.0279714221123885
-0.0618217514338528 0.0853167016345366 0.125150828746378 -0.0935107741643656
-0.0171913844194857 0.102708869706587 0.0567723517364703 -0.184783415951463
0.0133161315406171 0.112808646312165 -0.0919134431645647 -0.28131233512749
0.0402615867981752 0.12310874321078 -0.231240836093115 -0.335367070257658
-0.0306253240576446 -0.0117651608854381 0.280889961565164 0.328286213961695
-0.00688196545396719 -0.0187776213100245 0.173822410035093 0.298256901699878
-0.00746611738541561 -0.0159724813115383 -0.0174811235527084 0.206983020117704
0.0182005404008554 -0.0266003163939187 -0.0954635287473069 0.11198213579198
0.0167865650562569 -0.0181716401541085 -0.0787851180191717 -0.025344234025542
0.0228956795407043 -0.00103585116286506 0.0267003249658066 -0.0687410231944764
0.0208633733388946 0.0101166615801104 0.164323518520853 -0.015569737705518
0.022294762836642 0.0170917717361681 0.218608709630853 0.0972067073572848
0.0138773059352629 0.0179176512399685 0.24413401989643 0.2016472606866
0.0128989967733419 0.0116465346485072 0.233571819115494 0.156072012103625
0.0269890366945774 0.00167064619303855 0.19254793268551 -0.00101479005111893
0.0436964116537528 -0.00414530791292706 0.112647384552779 -0.12429355329544
0.035251834243354 -0.00331538875972531 -0.0174429920607262 -0.0899352388190066
0.0323055447543415 -0.0378137441326263 -0.125797053046011 0.00411399306206358
0.0145128334156444 -0.0457363703351516 -0.188332050527212 0.10986905509812
0.0239577775100481 0.0656476844105578 0.266096233411507 0.311734777043556
0.0140336573181846 0.0525488874956916 0.158689600800551 0.29318052382645
-0.00723193105176081 0.0617079809155643 -0.027120494677157 0.197479477964467
-0.0164592822738188 0.0421968697286031 -0.0904712183417064 0.101871126042055
-0.037376125351397 0.0278259310191381 -0.0664406606120889 -0.0331239179060711
-0.0428673362692831 0.0203484355726411 0.0348807658034688 -0.0686042460545793
-0.0611120364504137 -0.00620715177890552 0.157067050518602 -0.00388381113393134
-0.066054421338682 -0.0293497167127417 0.209147289164941 0.095147047413542
-0.0842629147880145 -0.0456476134664228 0.240620507298517 0.186357079313847
-0.091763436516093 -0.0413195595924401 0.237099781315337 0.131500152807386
-0.0979460930411615 -0.012541350234711 0.202802718441841 -0.0199120600928573
-0.0755461895037468 0.0329835403891546 0.114371850681248 -0.12718694191567
-0.041285594808837 0.0720655165714042 -0.0141266430103329 -0.0786951859777052
-0.00663873223596014 0.0648015882354294 -0.110095195342346 0.00883448809433972
0.0318236623470688 0.0529707409806792 -0.174553929223174 0.101606658054134
0.0652810053813012 0.140201753112099 0.241686575197038 0.272132290398987
0.0220204785583469 0.128468409576466 0.133177730261143 0.272308087973621
-0.026736473249294 0.14223833490167 -0.0355621721535396 0.187791048410238
-0.0717706279328345 0.108412878960907 -0.0855819832457877 0.101276716231308
-0.106453755484811 0.0652063424223133 -0.0570256341567808 -0.0275604608893518
-0.114173666778194 0.0271638922779642 0.0312882557176904 -0.0594413827891834
-0.136624072150365 -0.0318122489670066 0.122478430274469 0.00507921542146411
-0.143843966403795 -0.071035562634894 0.165175492197766 0.0765770969871052
-0.173018557599234 -0.0839082789777632 0.203055122579724 0.143590842649089
-0.190254057467161 -0.0530944270510673 0.215932686661023 0.0832261699304842
-0.206061285046207 0.0210944558963139 0.200640893901114 -0.0504097450498363
-0.163239490609256 0.108113236677663 0.120323155792145 -0.132026895641627
-0.0832204539051064 0.158132586434191 0.00542019084502055 -0.079879175814769
-0.0191613792176122 0.160872014506858 -0.0831901328512537 -0.0165635490279899
0.0571008164714392 0.141051834352491 -0.163963671204416 0.0554838695280968
0.0869407285639622 0.202732263815499 0.210532927671218 0.206408904210338
0.011622451144485 0.200267443421134 0.104311320433591 0.230910251909317
-0.0700743092245583 0.217028651997443 -0.0402864417067771 0.170047963808653
-0.150842669141559 0.161309534127911 -0.0808207816434447 0.105241967120947
-0.189036308208573 0.0818991399314214 -0.0572470747645435 -0.0110175612673334
-0.185420715703221 0.011089065722584 0.00919653746096283 -0.0465282181959359
-0.195318633019352 -0.066019581315342 0.0636095402814939 0.00178349546047351
-0.199481213541387 -0.10162812544524 0.0930349893656381 0.0442895801283274
-0.235394881244817 -0.0886299497216757 0.133987236897498 0.0927850335456663
-0.253665404044444 -0.019752845080903 0.165195206411963 0.040620636718925
-0.262838273890708 0.0918084464880546 0.180674702441889 -0.071702266378397
-0.188542432750496 0.196434912990073 0.124887027938039 -0.139558047941433
-0.0759235767539563 0.230435889817764 0.0265484184347292 -0.101354422953742
0.000109704140331938 0.228623501573717 -0.0646841857771797 -0.0724124487592526
0.086789756898015 0.20192725842179 -0.165296746014429 -0.0195083723024654
0.0869920558706917 0.244122969138569 0.182723580504408 0.120410690869595
-0.0127267553334796 0.250662863067861 0.0825628998247952 0.167054258584312
-0.129562067208128 0.261335243934151 -0.0358081757945529 0.141189575390432
-0.236983855668531 0.177433849110005 -0.0789575715969923 0.107705702084068
-0.263522627111822 0.0636845880660304 -0.0745483366064083 0.00571500958303244
-0.23623197249303 -0.0282279448315303 -0.0356016570723179 -0.0443965245865772
-0.224279202719175 -0.1022765232237 -0.0139861504589728 -0.0229067746057008
-0.223382595724168 -0.116226509393325 0.00376184262287029 0.00508652066316246
-0.256880017974634 -0.0694422490347507 0.0462724608441887 0.0552122998461461
-0.260632315375209 0.0265139926607562 0.0991171009726417 0.027294116895436
-0.251921681608736 0.149044476942807 0.150144786055387 -0.0683110975773888
-0.157065222564351 0.242797974040012 0.124057806468803 -0.143834735129479
-0.0391509169588323 0.255174193119239 0.036135003532001 -0.135663092294786
0.0319334609350067 0.250969983964093 -0.0679234259950177 -0.141288093416523
0.110039117919179 0.227094364458338 -0.183125213201152 -0.106326930022309
0.0699790743623464 0.251091642103917 0.162897908013772 0.0254773469693075
-0.0409429159804752 0.257183197734614 0.0772810121516064 0.0909739046760546
-0.178759056513834 0.250668560776363 -0.0166935581179563 0.106828810043948
-0.288801849751984 0.140471378234853 -0.0770472147089059 0.105046891734771
-0.290797594408855 0.0122840429756669 -0.105971901939795 0.0109117756630059
-0.241314445546439 -0.0764225898899512 -0.0947118298560451 -0.0670418477422067
-0.215633962384175 -0.126525393071351 -0.0951842811396432 -0.0708418715990718
-0.211828989449784 -0.114058279263258 -0.0880236570732969 -0.0351670783555953
-0.235184009235925 -0.0461782251528295 -0.0398856341158869 0.0356211025668132
-0.221540250911841 0.0507663160310192 0.0385439691863436 0.0386326863398031
-0.201937333111255 0.156308303901536 0.123632345832538 -0.0440056193415986
-0.108437177969072 0.225893759812557 0.119280024228311 -0.139055886476008
-0.00652563908040405 0.228305812505868 0.0340459702056964 -0.166815867845817
0.0510462219040549 0.227914103968947 -0.0896242106651839 -0.201954515481494
0.115015019231002 0.216531955425258 -0.214194348788246 -0.189411789447779
0.0464170596206001 0.215401069186676 0.154540195230345 -0.0582239271992505
-0.049980654571461 0.211887194333855 0.0905750797493519 0.0217268530296367
-0.18120772938429 0.188105334725028 0.0128220797297216 0.080482413990664
-0.265970216203921 0.0775856360347826 -0.0743732982500504 0.100573618665472
-0.246561205354936 -0.0331819431289454 -0.138087993364565 0.00151263870785535
-0.193092167751563 -0.09876213708116 -0.150465120264453 -0.111309011226394
-0.167871727833762 -0.121657924253008 -0.164548062950999 -0.13235054552752
-0.16585347449179 -0.0939802950724264 -0.166640448777751 -0.0702739442358438
-0.179658681026103 -0.0305873980524898 -0.109438988325505 0.0282852948599906
-0.159687590926994 0.0475402452443538 -0.00507595756494839 0.059163077225078
-0.143293166401341 0.120427112699801 0.105152705734603 -0.0129213632127686
-0.0715418678393539 0.16615528121743 0.114706967306411 -0.127005684008259
0.00371778011416772 0.171246193651867 0.0303891769076466 -0.185807149869415
0.0491356059058117 0.176771695144588 -0.115389456077609 -0.242839483968752
0.0960147752129777 0.177405884725172 -0.247893088131777 -0.255812877220191
0.0246832376086836 0.14199657722664 0.151990170679189 -0.113420778167013
-0.0303999154069243 0.130471625633645 0.108796938394458 -0.0235150941553461
-0.125424378152968 0.107956916033432 0.0359172605648944 0.0692144461365616
-0.17198315878192 0.0321147360812458 -0.0754013855823177 0.0984797841393006
-0.14913445234402 -0.0371387175972159 -0.162328091763577 -0.0091229384272248
-0.111581554266829 -0.0740643952509029 -0.191091372379492 -0.152519158200376
-0.0939194830809145 -0.0798045118852473 -0.212714605508092 -0.185235632997666
-0.0950115032272119 -0.0591064947023736 -0.220405785861227 -0.0956420047146456
-0.104786368794069 -0.0205733615496714 -0.154928976909206 0.02433042675299
-0.0940308793341381 0.0263088160028003 -0.034075201488387 0.0746996538400986
-0.0903339212152087 0.0667714479433118 0.0921509088737803 0.0137787219723302
-0.048416967329318 0.0935794722075513 0.113098148720545 -0.111147386531426
-0.00379354772562868 0.104856981580031 0.031751783121065 -0.195127086297196
0.0305601838378921 0.111984534469739 -0.131718964335014 -0.266431279946654
0.0581126150966765 0.118505753073803 -0.274641239309954 -0.299655453573612
-0.0302890191386645 -0.00939670040678088 0.290441113302015 0.30076268476914
-0.00919610258989429 -0.0183469938365391 0.183318046245675 0.277049715569255
-0.00714500674333468 -0.0152015016549292 -0.00910682148778624 0.200656371380136
0.0161627049512697 -0.0278281731954502 -0.0877538816508273 0.112704483338464
0.0157317875160657 -0.0172541992483861 -0.0797403714260537 -0.0211833151527735
0.0229951066895303 -0.00185594544981744 0.021792505797887 -0.0697026057409269
0.0207705436386011 0.00900443977131529 0.157499594321456 -0.0269576027725941
0.022877409351052 0.015024702306569 0.21388511104602 0.0806002920766949
0.0148442660042785 0.0167509511566 0.245145177738896 0.18027058334272
0.013449752007872 0.0112604509899595 0.234106730992845 0.141186794857183
0.0260604196194416 9.85552028904425E-05 0.185799288744166 -0.0067778178616936
0.0413107245451471 -0.00774896409372107 0.100996154527236 -0.125458639313278
0.0357578070394703 -0.00552047743861429 -0.0218413937710587 -0.0854244322060134
0.0284543649679634 -0.038715369085104 -0.121229775886342 0.012565331762731
0.0111834941250564 -0.0444413680781985 -0.175832815733381 0.118713218309063
0.0268521312278251 0.0618021611554558 0.274474713591688 0.286233136908124
0.0154720829064228 0.0503086904341899 0.167414214848426 0.272761182799879
-0.00326696918762952 0.0597903272183173 -0.0187314745887282 0.192339042559608
-0.0139949616552022 0.0417817029383825 -0.0830321173264581 0.10287253562367
-0.0345221730406635 0.0301610261015886 -0.0675698254005996 -0.0294854395154554
-0.0392268173336891 0.0219569740440227 0.0299077063178159 -0.0695126523664927
-0.0594260910204163 -0.00267119719263471 0.150770428523847 -0.0144882928686756
-0.0652612661385515 -0.0248987241181786 0.204475155927294 0.0800776653127206
-0.0830625182383496 -0.0394130293340315 0.241369116290515 0.16619356446048
-0.0906485236908578 -0.0349778833034842 0.23528814030509 0.116400315560328
-0.0950442434915407 -0.00681408906702124 0.194167831758066 -0.026175381752838
-0.0708723199405704 0.0352912672548232 0.102737934345336 -0.127995720045509
-0.0349709307045025 0.0720445263100647 -0.0168813790495812 -0.0747445610625794
-0.00296693877214191 0.0629157224989719 -0.105497010092916 0.015532270313743
0.0338397542973732 0.0494804242025045 -0.163311649719683 0.109908678618898
0.0710193732371493 0.131113526949721 0.246715759025612 0.249311292099695
0.0270441327057311 0.122903259762314 0.142437613776173 0.255475802902609
-0.0180569367631075 0.138910301229769 -0.0265591815422615 0.18350593412378
-0.0652530878746164 0.108898614961353 -0.0775609198822257 0.101900242268105
-0.0992923457785031 0.0693004039639297 -0.0576521815029694 -0.0242836749198851
-0.107379320601641 0.0316068890458456 0.0264082096493036 -0.0595801524032666
-0.133344352045139 -0.0237400791040538 0.117701634968473 -0.00361274123611795
-0.143248093001534 -0.0609284062028788 0.161243860594828 0.0648383699616953
-0.170522040583279 -0.0712670303563334 0.20312032774976 0.125829532004622
-0.185494090082879 -0.0408510212679241 0.21194186746077 0.0709638916602128
-0.198103527273882 0.0320780207866108 0.190915310374581 -0.0564271720015112
-0.150577235211697 0.112776487274981 0.108253107782555 -0.132765427183727
-0.0720648853985123 0.158100404487857 0.00271141509356267 -0.0773573920329454
-0.00943966996384913 0.156795752844416 -0.081627239216139 -0.0111044058494475
0.0634031449405328 0.132068747107553 -0.156817031667233 0.064657936806591
0.095419912092463 0.190648175550561 0.213421201481305 0.187714835925134
0.0219597093810863 0.193117166975295 0.111038922662807 0.217297834491502
-0.0554977841736262 0.214117600599917 -0.0310661845737628 0.166542599452911
-0.138676009094561 0.165300825861887 -0.0724201778040099 0.105349819043125
-0.178178878843313 0.090131526605222 -0.0572337897751007 -0.00806965765458531
-0.177121455819931 0.0198125542003582 0.00555789352745683 -0.0461568988311513
-0.19153950396613 -0.0538923812564127 0.0600455730958889 -0.00263946688285071
-0.198622050141086 -0.0870962795404302 0.0900307607723422 0.0380579374861968
-0.231266276407273 -0.0722079527798758 0.13427889190292 0.0822633495381765
-0.244462555246912 -0.0058838900325143 0.16029207517728 0.0331560796965996
-0.247904907260144 0.104458249977894 0.170201314188324 -0.0766412948911647
-0.169587833710618 0.200062657453139 0.113296022123972 -0.140530410002954
-0.0612263026503926 0.227791752865846 0.0226228539116574 -0.100360855116109
0.0138139262929248 0.221103602579914 -0.0672143338044102 -0.0671281098043117
0.0959704945039424 0.188432097534149 -0.162480058294867 -0.00793012312979316
0.0977057647805462 0.231198098243117 0.180513471167686 0.105910543694673
0.00164228140558242 0.242619503367683 0.0865913992915421 0.15721711977468
-0.110295374725896 0.26050918523793 -0.0278507181007332 0.138909369464961
-0.221279548216496 0.185811256842376 -0.0709998725689522 0.108172478334571
-0.250877345119731 0.0762528830494597 -0.0730840296430681 0.0090990492740139
-0.228077782410854 -0.016841731943551 -0.0376397721002157 -0.0424262265786497
-0.221062182893716 -0.0875749907432148 -0.0163411476691521 -0.021723570289852
-0.223061511301985 -0.0999843724279876 0.00207992180857819 0.00568221118234929
-0.250165673248646 -0.0528926779404852 0.0477012045152878 0.0511669665816719
-0.248347104499995 0.0388439230951702 0.0952617971738786 0.0233352327913423
-0.234129589724126 0.159016456904913 0.140799732395934 -0.072609708733926
-0.137186440337572 0.242714556546401 0.112189929705719 -0.1440783161584
-0.0247589796896761 0.249216787590164 0.0299446158182435 -0.13430946688596
0.0462786366577312 0.239575053068658 -0.0756303720204012 -0.133175347090158
0.120248562471771 0.210469976316004 -0.185447649828317 -0.0911909166644011
0.081980093923741 0.238889684778068 0.155752593893465 0.0156785311430393
-0.024366115984438 0.24990745057445 0.0772142805963649 0.0835120371193976
-0.158085688964288 0.252743317085009 -0.0103947612181899 0.104074711600624
-0.272921597784325 0.154254267467095 -0.0691182632757421 0.104918528024957
-0.280588816225547 0.0282924723575483 -0.103075315049098 0.0156612317026195
-0.236181926197841 -0.063121002188786 -0.0965375443005183 -0.06143487262244
-0.213730566946176 -0.111660637659042 -0.0970903609028721 -0.0636335704644655
-0.211684270789133 -0.0986611330247464 -0.0885205332756066 -0.0272633237499384
-0.227692050627091 -0.0322334168622416 -0.0366916404125743 0.0377065851884373
-0.209844222860523 0.0603983210005077 0.0378792111749809 0.0375996840952953
-0.185783039957921 0.163283113499434 0.116375743243944 -0.0474310979716124
-0.0922615337673318 0.223225029731451 0.10836050502997 -0.139069314860713
0.00463812220112222 0.221786465325496 0.0257879995836576 -0.164485445655207
0.063392992392912 0.217023323375219 -0.100064895295628 -0.190079310332089
0.124155424535153 0.19994626942688 -0.220540273397707 -0.169407894093598
0.0570077458864829 0.206542737841424 0.143628274569167 -0.0649693087968946
-0.0359088714763464 0.206092342029111 0.0867677222131261 0.0158731417816144
-0.16485667614251 0.193412544709285 0.0171878182536509 0.0760730070724267
-0.253722559924395 0.0915261397070237 -0.0668017755557979 0.100255258345131
-0.240873864158788 -0.0196243615185799 -0.134374323333593 0.00824883921223756
-0.191141358106985 -0.0873047593768569 -0.153183097200212 -0.10204440278871
-0.167721034252356 -0.109408489874526 -0.166845730779595 -0.120230787271365
-0.165803736875746 -0.0825040006497768 -0.16549868401698 -0.0568016640402406
-0.173769878479008 -0.0201595408010429 -0.103809681971892 0.0351636603080702
-0.150401765070999 0.0536883688732288 -0.00350529498364633 0.0596329614093969
-0.13097375442497 0.125082847545428 0.100513020964788 -0.0165473716674757
-0.0604880779135998 0.163309416733946 0.105043492989034 -0.12667570291906
0.011169838347177 0.165715984383891 0.0212985398137115 -0.182534177231381
0.0580013392763373 0.167417167664845 -0.126654254736047 -0.22774595634038
0.103199239391001 0.164406730670503 -0.256221118380186 -0.231602712385798
0.0320729110081309 0.136345058809068 0.137870059729467 -0.118364343978205
-0.0216466443454382 0.126051714596837 0.1022834541616 -0.0298538148877377
-0.114588686070621 0.112507881374202 0.0389002423527643 0.0629173818217574
-0.165569360128951 0.0420649593896404 -0.0679310876075278 0.0981745462069025
-0.14652883396076 -0.0283577375122548 -0.158181890346406 -0.00164332445308722
-0.111468005504315 -0.0670454949710961 -0.194286233120313 -0.140486632979716
-0.0945586685459498 -0.072788926843697 -0.216298128416895 -0.168413453619505
-0.0945223451749233 -0.0528142905305184 -0.217333040330602 -0.0782168773171314
-0.100999126187482 -0.0144709526707136 -0.147524516417192 0.0345547355033865
-0.0885461624089508 0.0299991479584881 -0.0300671028302551 0.0763421945854856
-0.082812477371916 0.070339284345012 0.0896093817800287 0.00995315084394171
-0.043000539089544 0.0922924588798929 0.104344454351481 -0.111663008342446
0.00117683743856956 0.101712742616266 0.0214744238677406 -0.191642265081257
0.0365940778525192 0.105936648004752 -0.142529060435216 -0.249408038748611
0.0635122232994499 0.110825505103879 -0.284630401089865 -0.272316053582156
-0.0298960866771369 -0.00773327849502687 0.286759710851988 0.28639738493566
-0.00983167879719477 -0.0172979414943815 0.181953438116545 0.263134126834703
-0.00657020987484816 -0.0144147824700076 -0.00800443362538928 0.19498933383715
0.0145581972896611 -0.0276033740659323 -0.0840559851499138 0.110974013948051
0.0154025201396513 -0.0160515416562335 -0.079437818577997 -0.0200454658684707
0.0230987634623629 -0.00171411970545242 0.0192762146107516 -0.0692488636736416
0.0206813285680119 0.00816287391639548 0.150842856481381 -0.0326075889952925
0.0228791832831552 0.0136267061848247 0.205836256166218 0.0733718266504675
0.0144936997341225 0.0161852090468814 0.239314069823268 0.170171882838097
0.013052571635904 0.0113233259957349 0.228416638910158 0.135513210929458
0.0249552910008996 -0.000759662891926453 0.179651335910331 -0.00580284402134294
0.038941951119895 -0.00890577935635496 0.0951287476984698 -0.122036298622486
0.0361140756771115 -0.00676889444659396 -0.0225908271575743 -0.0818123982089558
0.0263525320562366 -0.0384475049885613 -0.116467012908701 0.0156674523032888
0.00981105423188677 -0.0425640732530754 -0.167944611553281 0.120415282975876
0.027053821538464 0.0598368117782436 0.270664952635029 0.272365102608996
0.014740041316685 0.0482223783678627 0.165731963557931 0.260689111719072
-0.00197749233864703 0.0578543000463077 -0.0164694832595168 0.187353291797331
-0.0138185974223226 0.0402742136150701 -0.0795029241515147 0.100666281536905
-0.0327389070510821 0.0307700052005268 -0.0672358735574685 -0.0283377735914952
-0.0364409363437288 0.0220247444294417 0.0271164785142923 -0.0689175526863048
-0.0570449270237235 -0.00169115963851503 0.144901773232081 -0.0190006632097798
-0.0638939856137951 -0.0233705407241276 0.197074661839779 0.0729429657270346
-0.0802583754322355 -0.0363171873961171 0.235983607739627 0.156055252137289
-0.0879584987735738 -0.0317873822746593 0.230258351580336 0.111774779483546
-0.0922124440838087 -0.00527028473369873 0.187855012497637 -0.0248986885354836
-0.0683918363300291 0.0345402385756728 0.0961592331478091 -0.124202622094018
-0.0318017008825425 0.0700559984327639 -0.016740868903115 -0.0720012699036924
-0.00207588312690175 0.061227043296211 -0.101582686578071 0.0176084789699623
0.0339858570275482 0.0471702160696864 -0.157001034467484 0.111143130012881
0.0713636003186251 0.125621875437135 0.242347836783767 0.2373587673556
0.0275287784549447 0.118563595760021 0.141801772777451 0.244313167073078
-0.0150926918295775 0.134928528632117 -0.0241007703859548 0.178988627667304
-0.0617196951898439 0.107551814504581 -0.0743481827923595 0.099170503993079
-0.0949904381019385 0.0697837551675114 -0.057227793591532 -0.0233209097653742
-0.102383860976049 0.0323162635172713 0.0242448716357155 -0.0588983242459254
-0.129105201153961 -0.0209587403813427 0.112821677046459 -0.00701062719318085
-0.140339096785927 -0.0563573422588581 0.155179592155321 0.0593410097121851
-0.165188830712012 -0.0662876537898629 0.198921867295247 0.118010972075727
-0.179401381350276 -0.0368439460105626 0.205311789567243 0.0682745703771855
-0.190554903011337 0.0349906598127 0.183952727921323 -0.0546048330222954
-0.14304267141401 0.111421325059162 0.101647731604557 -0.129469524674806
-0.0664134889976426 0.155073982694359 0.00244947174765953 -0.0753227795700161
-0.00538863865067849 0.151940415728141 -0.0796908792712249 -0.00975873631313509
0.0643252223825953 0.125572960354543 -0.151240730055258 0.0669980914720709
0.0963461480221718 0.183127206820099 0.208106971038187 0.178240169103929
0.0248072267105813 0.186212335400899 0.111176980564036 0.208856659504733
-0.0503415181575043 0.208758572913166 -0.0278774278267407 0.162706840709358
-0.132753508132902 0.163909233812889 -0.0691075059427364 0.103175089643604
-0.171366334743537 0.090893056995915 -0.0560884774243951 -0.00771306900385942
-0.169747608460218 0.0211049655689086 0.00405130625522776 -0.0458382117740088
-0.185739952948328 -0.0492087297206177 0.0568837179897365 -0.00405484485536543
-0.195289714647724 -0.0803679704677368 0.0860496732439274 0.0360395933727046
-0.223070884378138 -0.0657585457347067 0.130699253131355 0.0768874123122939
-0.235110890481822 -0.00199619057964432 0.15446164402915 0.0319390402201161
-0.237229861378593 0.106357174611504 0.163077205368515 -0.0748965331286484
-0.159495681544784 0.19599792991113 0.106318311494316 -0.136353179175448
-0.0555508915724024 0.222499151745923 0.0218356643570676 -0.0981599217646037
0.0186573279569249 0.213173847677758 -0.0677381187855088 -0.0639718573892125
0.0968546615557864 0.17861149375243 -0.159053154004864 -0.00292601759795429
0.0989389844760473 0.222555574653324 0.174187593047409 0.0997993519732298
0.00639161093033696 0.2345530198986 0.0852146219649056 0.151248306780388
-0.101629124234661 0.255108869423552 -0.0250417631318538 0.135428079293964
-0.211668569167984 0.186514480058228 -0.06678590171491 0.105478085823816
-0.24171575196872 0.0782598471866347 -0.071000715652982 0.00967780764427296
-0.220002160569553 -0.0138170396513964 -0.0378741520791355 -0.0418793901960237
-0.214225941753486 -0.0818487258779083 -0.0178553534775213 -0.0211672891120393
-0.218784469601314 -0.092357730419582 0.000732502014796039 0.00721780135645762
-0.241205886262524 -0.047601500593931 0.0466112369163299 0.0491074808447536
-0.238266674050786 0.0405404065371672 0.0911778434228821 0.0236374152744598
-0.223065614027564 0.159258959551294 0.134635174516543 -0.0704948664524284
-0.127346943038446 0.236790984538689 0.106204759641502 -0.140230899323076
-0.0201799752452711 0.242054113378885 0.02799855508054 -0.13156336835914
0.0500697262935869 0.230381474909972 -0.0774826386283304 -0.127701042083039
0.120805525942647 0.19894143270621 -0.183315777859487 -0.0831032633726655
0.0847243078003031 0.231102199737311 0.148681697151339 0.0124139373906713
-0.0185706610229741 0.240853512941382 0.0748599343438668 0.0799341505900071
-0.149023202505539 0.24883243994373 -0.00817431044477392 0.10094884423854
-0.262284507751797 0.15690334790696 -0.0660910303284207 0.102264492007145
-0.271861534613927 0.0313054236713231 -0.100162668455579 0.016473440039428
-0.229084244788511 -0.0591270013295173 -0.0959124036067984 -0.0596380798504519
-0.207597422662713 -0.105367033667972 -0.0970866551362706 -0.0604685715628791
-0.207594532685464 -0.0918456623758833 -0.0864850360787093 -0.0225085641832827
-0.218892576751375 -0.0283425795881154 -0.0349053088447179 0.0380450723836176
-0.200576027710169 0.0607046491164017 0.0358566389740856 0.0384113270867184
-0.17529429300514 0.161912585692715 0.111911277457095 -0.04622719940235
-0.0852702210053155 0.217584551343263 0.103358278750954 -0.134894223484924
0.00704205226666216 0.215525441678272 0.0235540288595102 -0.160631595516395
0.0662387713331226 0.207566932425213 -0.102477493877489 -0.182251612633394
0.123991830851864 0.189742369027911 -0.218475823303302 -0.157872809134234
0.060169906610086 0.199761781219369 0.134950099065546 -0.0658921754736481
-0.0309427183938508 0.1982382639427 0.0826090813192753 0.0139799776167672
-0.155651395823697 0.190712715365449 0.018018393396157 0.0720830002492569
-0.245142210266729 0.0955210188511359 -0.0641057023735932 0.0976407037753506
-0.234312055660069 -0.0153229731230972 -0.130504682296233 0.00950950236281336
-0.186664258049635 -0.0832556426228543 -0.151568004437211 -0.0982409025212659
-0.162936677482528 -0.104604251425003 -0.165591366568809 -0.114318162839779
-0.162432731178085 -0.077346073407078 -0.160873317869709 -0.0499340898734353
-0.166971734364204 -0.0169385339078501 -0.0993396739767693 0.03744742714016
-0.143551864390746 0.0534491204237934 -0.00362292889700796 0.0605018168562603
-0.123741874478229 0.124110398816905 0.0970125392646354 -0.0159432743037667
-0.0566208447846125 0.159087471369399 0.10105995085918 -0.123186214614703
0.0126640754122768 0.161029980652543 0.0180133895112716 -0.17806527165366
0.0602391205254704 0.15954126086613 -0.12802810295505 -0.218057854444314
0.103223570682894 0.155722449647013 -0.25361831522938 -0.217615362730553
0.0341739086397595 0.132495748089742 0.129218385185179 -0.117315757340727
-0.018818811036963 0.12063959675611 0.0967705815677596 -0.0312806228722956
-0.10892804892403 0.111831480561752 0.0386615035198495 0.0580211375756622
-0.160300383720053 0.0448891890219645 -0.0645637941917884 0.094989119459543
-0.143610533753655 -0.0262443563031272 -0.153053574756441 0.000253042958270526
-0.109624678178371 -0.0641801380876796 -0.192212796835253 -0.13585146863307
-0.0913583094925587 -0.0700461540329886 -0.212969215404394 -0.160176113658734
-0.092666797383685 -0.0503965105665427 -0.211159361458986 -0.070763155085663
-0.0970405555986765 -0.0126975820507498 -0.141658563028783 0.0386545749154026
-0.0844298142592048 0.0300861868672336 -0.0288942270590635 0.0770488365978019
-0.0781092984892886 0.0703106285619525 0.0870083410543843 0.00975435743842934
-0.0410779629455533 0.0899440553997114 0.100620185269203 -0.108386375304208
0.00289286686667681 0.0990074973462481 0.0181793901975776 -0.186424479248358
0.0378073224279513 0.100535877884972 -0.143709707543661 -0.237879723988534
0.0638135257831456 0.105661202284751 -0.281795955390108 -0.257370355354392
-0.0299166707543129 -0.00671906104508595 0.286999866949041 0.286864708175578
-0.0100722406873636 -0.0165807458126007 0.180692676603558 0.262362555320562
-0.00585212353401424 -0.014121836597327 -0.0105121852069552 0.195878832233977
0.0142221783178977 -0.0275497329203432 -0.0851234956574911 0.110174312315487
0.0163620631221834 -0.014923914618755 -0.0812705923323373 -0.0212117120442398
0.0238798422624478 -0.00125892457908227 0.0188147979721105 -0.0709142116405945
0.0206655955673805 0.00808826701371657 0.149883853486057 -0.0349842474807527
0.0229617840412486 0.0134007785547267 0.203383260380264 0.0729391901040992
0.0148277330276121 0.0166350976020001 0.238065111376931 0.17129693033955
0.0131728501438008 0.0121861575373029 0.228988440749008 0.138945588479094
0.0244951257661662 -0.000937286793051663 0.179870561655078 -0.000823355224510451
0.0385581555431015 -0.00915535699642975 0.0949546100651896 -0.120775477987506
0.0369350128964382 -0.00730325419657674 -0.0218045316192241 -0.0822830948108828
0.0258603815626626 -0.0385592527396599 -0.116270160308488 0.0166982430709884
0.00948830530522746 -0.0416883931118659 -0.167822914959272 0.122240059208631
0.0272426498149738 0.060612550433009 0.270043078223774 0.273155815012516
0.0141426141884001 0.0490094026131368 0.165260502056639 0.259722349975691
-0.00181769917749333 0.0582899735267557 -0.0189191761375578 0.188465340604153
-0.0144063290738396 0.0411962143728918 -0.0804501363737727 0.0997869245334849
-0.0319287992610336 0.0322109197307477 -0.0686378427300707 -0.0296102861137376
-0.0354296010422543 0.021619623482242 0.0269863546208544 -0.070155998045038
-0.0571743196070336 -0.00191866736971457 0.143539219337004 -0.0214810043112326
-0.0642301356280557 -0.0231302235431245 0.194852243567308 0.0725990280741489
-0.0797999646958567 -0.0365281127590872 0.235054497640982 0.156209893680194
-0.0875089537017595 -0.0321168072211681 0.22944569936023 0.115453682462538
-0.0923443197120174 -0.00549695140124462 0.188117753389151 -0.0207294762960647
-0.0687673206472184 0.0339812619993457 0.0957813442015596 -0.122456363182912
-0.0318469721776013 0.0700181971077042 -0.0160175213193701 -0.0719251941936184
-0.0020443032394197 0.0611321664225976 -0.101890676142891 0.0179450378391149
0.0335495384169533 0.0473433398531359 -0.156979276824567 0.112945106441581
0.071748989058053 0.126511244873098 0.241114830924383 0.238177938816418
0.0268612989785541 0.119253387108289 0.1406993441879 0.244787703149619
-0.0154830546695694 0.136190646576271 -0.0251002291273094 0.180371924040294
-0.0631135860887783 0.108514123674624 -0.0753870221909586 0.0989119354376967
-0.0948326780133874 0.0709986777901368 -0.0578625095344677 -0.0248054962583647
-0.101272785026071 0.0314857245537273 0.0238560654395406 -0.0602521808827462
-0.128762691199886 -0.0215960054250112 0.111642067234262 -0.00792835648592659
-0.141246880346631 -0.0564902489867518 0.153063066827509 0.0600184658529301
-0.164223051736356 -0.0668070123777677 0.197926156430066 0.118231195131099
-0.178901472353447 -0.0378730560124766 0.205550803745949 0.0716369025972762
-0.190869220200334 0.0346452550947643 0.184303199648357 -0.0518479965787164
-0.143273504943576 0.110636246812176 0.101304548128695 -0.127726558826591
-0.0667027453712779 0.154845180091689 0.00373544354965593 -0.075452745101293
-0.00565796769283371 0.152073976497608 -0.0804436390454558 -0.00984490891997498
0.0640843650526016 0.125273118061176 -0.152451976166938 0.0687446583355214
0.0967367424037303 0.184127935251459 0.206091145008356 0.178486717906162
0.0231790359279263 0.186263238671515 0.10995928003856 0.209714787929863
-0.0502599751411262 0.209755501168338 -0.0288038046963235 0.164400649229084
-0.13376285352058 0.165547341859252 -0.0699729187523305 0.102792836197683
-0.171624602589012 0.091224820832814 -0.056594224109621 -0.00873573485478916
-0.168731994996975 0.0202814585660941 0.00363968788587686 -0.0470077923794836
-0.184661926849436 -0.050208251313982 0.0551907150315021 -0.00421606947706163
-0.195897704273119 -0.0806204182107396 0.084406334775028 0.0366922830104114
-0.221668656816063 -0.0680671728847448 0.130041818389062 0.0772472551996648
-0.234746937470031 -0.00373846452035002 0.154347886592278 0.0357825693460518
-0.236886989291194 0.106682081542883 0.163899221849192 -0.072800383452279
-0.159707689734192 0.195889720404635 0.106290834693873 -0.135342362753268
-0.0568033871203631 0.222729767961348 0.0232055266893863 -0.0981220549642277
0.0186746865006985 0.212544564274064 -0.0691510984514701 -0.0641777749469933
0.0969182718065754 0.177759262650923 -0.160510978550564 -0.00120990289573835
0.100156371322409 0.223531989409181 0.171899633631323 0.100480947882383
0.005136611720458 0.233450546386897 0.0838152046233214 0.152947786446153
-0.102188763044441 0.255861424602045 -0.0251390928810226 0.136156832680253
-0.213151334865963 0.188531786923929 -0.0680751819290475 0.105034518122831
-0.242790315433416 0.0781520723721121 -0.0714543086219814 0.00872247513918153
-0.219273199990078 -0.0158986939119583 -0.0384780436896137 -0.0433752728993754
-0.212982333461526 -0.083365108075851 -0.0197374797818165 -0.0205968149141719
-0.219729332246592 -0.0927748264538928 -0.000167624902168097 0.0089684321135055
-0.239460822774863 -0.0488467292201691 0.0462899073426882 0.0498094058651677
-0.237677047556085 0.0390524290592845 0.0905276326271132 0.0273210167374714
-0.221842454178276 0.159796959875486 0.134971026849746 -0.069324618088995
-0.127818287098432 0.236530959413421 0.106922746794779 -0.138334528053053
-0.0219221116943466 0.243855663076247 0.0299070215449006 -0.132178089566842
0.0505383013810109 0.22934829154861 -0.0799180971759616 -0.127446510835894
0.120515432742147 0.197426638607844 -0.185708800085354 -0.0812757433036928
0.0857131816519263 0.232644935489781 0.145923470137414 0.0128298202162064
-0.0195000130624026 0.239329158977591 0.0736699820303026 0.0818378659048006
-0.148894212103432 0.249799403157257 -0.00863784893665215 0.100546241258756
-0.263582521399376 0.158445714538131 -0.0671805722187928 0.102569425688587
-0.273653547456417 0.0308570700449512 -0.100571184554787 0.0163145724159784
-0.229525628912169 -0.0613861411481533 -0.0969877131578994 -0.0618490977855053
-0.205614883153357 -0.107331007175324 -0.0993352720622822 -0.0605818017436903
-0.208772275695133 -0.0926878074254422 -0.086526366963059 -0.020466325765696
-0.217929087793831 -0.0292791981496484 -0.0350013012590638 0.0391140887822153
-0.19955949010296 0.0590028052940059 0.0349545605070732 0.0417747246864186
-0.175193542148417 0.162470759043767 0.112234379235732 -0.044840241841578
-0.0863558914284895 0.216991176769831 0.104309129934193 -0.134109865320158
0.00551258779904486 0.216387184171564 0.0246367559012934 -0.161042863807823
0.066661873189031 0.205831477864531 -0.104585760889252 -0.181429556272433
0.123344078473918 0.187989226173098 -0.220576167141623 -0.156389601785542
0.0614764758017174 0.201554693179659 0.13244683813141 -0.0656138883423978
-0.0322357231898188 0.196581794147765 0.0816871732853383 0.014955465953449
-0.155537550561014 0.191652996920857 0.0178355388938998 0.0713162215891254
-0.24669180965223 0.0972451042846761 -0.0651663627711455 0.0976666230115369
-0.236144727216901 -0.0165032808303034 -0.130936676674136 0.00894447316388862
-0.187420286029437 -0.0853441681550132 -0.152941804673995 -0.100833564521959
-0.161475617029942 -0.106324365294383 -0.167281528474809 -0.115243611244729
-0.16274315188521 -0.078378141695339 -0.160300698938717 -0.0485034682167364
-0.166406123997636 -0.0186142978819279 -0.09909338027302 0.0387441410578509
-0.143146467198222 0.0524184483293767 -0.00486328264425939 0.063860407429967
-0.123022481976234 0.124585841647239 0.0977011822020538 -0.0147037926925009
-0.0575949528758668 0.158829798394713 0.102441269252245 -0.12188614197187
0.0114340733642126 0.161850442777902 0.0196768103013472 -0.178401693816592
0.0602831186512533 0.157834165943643 -0.130121581004515 -0.216268131494378
0.10284602240791 0.155029603262305 -0.255294600230805 -0.216982717763153
0.0349302351789641 0.133724921494874 0.127564542850188 -0.117489456386979
-0.020066224643523 0.118874762613047 0.0964544005409157 -0.0313222613609228
-0.108822833959299 0.112126479465028 0.0379369869769508 0.0564905674765169
-0.160329306527351 0.0462979599624187 -0.0656220241664097 0.093985559136016
-0.145334940513962 -0.0266545224315978 -0.153090878204042 -0.00151522864957574
-0.110211995285269 -0.0659478906226039 -0.194107504455867 -0.138745201174642
-0.0901883364637331 -0.0712432687859993 -0.213995419806667 -0.162440790585187
-0.0929511550238416 -0.0516476258372582 -0.209626775298418 -0.0694761459521127
-0.0967468337077253 -0.0134734931849439 -0.140869244465513 0.0408695905607274
-0.083676620635909 0.0294099647662971 -0.0296954771723671 0.0801352550274271
-0.0780268222000638 0.0702876996122423 0.0872414951409045 0.0111603858632651
-0.0420435366921625 0.0900553757074018 0.102183882914871 -0.107625778474003
0.00182722129106815 0.0998192455578529 0.0195460332062103 -0.187029246327826
0.0376426884389636 0.0994845818209977 -0.144178408261038 -0.235949704352375
0.0634427592738864 0.105539737046893 -0.282786864743857 -0.256181893008873
-0.0249059709117012 -0.00487157415004683 0.312681081026011 0.278327614459919
-0.00547152471460222 -0.0164241605308767 0.202670470381136 0.256821649984126
-0.00414408250531451 -0.0122294174315392 0.00177442330050361 0.203176329502509
0.011468276678577 -0.0270429383327065 -0.0790939799626518 0.119275972031163
0.0156830192021195 -0.0155209147062677 -0.0865329129572804 -0.0157656784557275
0.0240281937309093 -0.0039717216885652 0.0135884149738239 -0.0743407782631644
0.0230213062898651 0.00538801555315094 0.147942694730862 -0.0501487410077965
0.0257313373958116 0.0109370414007215 0.21340088575485 0.0597204933766806
0.0172277546429385 0.0162589491374349 0.261952155324156 0.162859618095168
0.0122910649181789 0.0135266511267077 0.253510576511367 0.134110453314003
0.0238118977715489 -0.000882133119937525 0.190820514145179 -0.00929127001469738
0.0394551944104115 -0.0112360849278338 0.0912857079556622 -0.133323888935714
0.0399672716585172 -0.0110583409181917 -0.0305345855024461 -0.0859787979546182
0.0242380700892443 -0.0451354016408572 -0.12473165384779 0.0283033449598907
0.00579266008156824 -0.0465675607176919 -0.171320338285372 0.141717155347985
0.0399816411593824 0.0563675161192301 0.287967362816729 0.269870429299619
0.0247927086344888 0.0476577424732355 0.182716509545858 0.257579831617393
0.00729750022399134 0.0620793155784242 -0.0126531365768392 0.195191703644806
-0.0101328820416893 0.0462900071980396 -0.0796572924448013 0.105301447588876
-0.0294215426486722 0.0375636956795818 -0.0768541568940875 -0.0289738022619639
-0.0344950077285173 0.0242572374416468 0.0214753600000295 -0.0769552945597308
-0.0586020168666481 0.00358364597954337 0.1476066998404 -0.0382377851391894
-0.066039875693494 -0.0195659884683163 0.204067244046338 0.0585376554730751
-0.0844951491571361 -0.0297411983929626 0.257877208572076 0.147597928224694
-0.0948193183648915 -0.0234948973093562 0.254506235799169 0.109638960620959
-0.0953748768581702 0.00493991181952733 0.200332555721595 -0.0332456817987939
-0.0664447886339116 0.0435746061167413 0.094189139264925 -0.138456318004154
-0.024814531286721 0.0753467474676302 -0.0209110897177577 -0.0790948283066546
0.0028370561037896 0.0626919860370548 -0.105251493192586 0.0237203493588058
0.037434113366525 0.0463447324232322 -0.159438159343002 0.126048115948576
0.0915213165824617 0.118038335822415 0.249980076109621 0.23790376536215
0.044101134479572 0.117972151927891 0.152316982771151 0.244707169318598
0.00150468787608907 0.142433659396455 -0.0255110683744176 0.184942899878291
-0.0519623258156956 0.120933999741278 -0.0784324579017958 0.0986057966740397
-0.0903805866480254 0.0828289652631194 -0.0676101542228611 -0.0291708227856561
-0.10016259369467 0.0392754198768003 0.0190115101467148 -0.0701461632552221
-0.134715379006569 -0.00891717681443059 0.121083617572054 -0.0233796532696729
-0.147173102527746 -0.0476085347057808 0.160260409582462 0.0471728159693455
-0.17348545316352 -0.0526927263723679 0.216912724904602 0.110167132432309
-0.188606163883929 -0.0214534638861318 0.227489736517902 0.0637658128815387
-0.19084255876106 0.0556681790687063 0.19451962262492 -0.0694139288565209
-0.135083606207081 0.130100734509171 0.100480237078799 -0.147663077733162
-0.0538809498199731 0.167161896253283 0.000935346276512338 -0.0875515934751422
0.00734706949297518 0.158493912482991 -0.0823196688377502 -0.0120586450848666
0.0760697917329995 0.125429546301267 -0.156033074580348 0.0740095446713144
0.122798588520783 0.173597196485153 0.205932665372519 0.180291030942296
0.0468851559217138 0.186246176266551 0.114361783602358 0.210116750835761
-0.0258718816829254 0.221034013507164 -0.0361073404593177 0.165032105390572
-0.117823177564821 0.188177644903522 -0.0757626487148002 0.0959012982626219
-0.166165009280029 0.111255562206125 -0.0658111339232552 -0.0178876622501299
-0.170021158927009 0.0326339389433471 -3.58225037035489E-05 -0.0588946722114076
-0.195146223955445 -0.0325640658134036 0.0676587777557302 -0.0157354239045092
-0.205722036017553 -0.0677806222244268 0.0882627593089659 0.0283029455567141
-0.231495805921935 -0.0485127108664611 0.142550616110073 0.0713815414164089
-0.241658876993563 0.0180210672982542 0.171362070829669 0.027808650785568
-0.230489209777689 0.133066118666303 0.171017546995535 -0.0934298403833055
-0.142745698473646 0.219646022465078 0.105014872840075 -0.15893424938832
-0.0372329962311984 0.237614766013738 0.0198937858462959 -0.116602795001797
0.038583976352213 0.220290820293153 -0.0745253907716697 -0.0745167155174135
0.115137015039894 0.178318576796737 -0.168723370177013 -0.00334182958637419
0.129825845823293 0.213437947526881 0.162785085831439 0.101785709437583
0.0316350901263756 0.235675600269341 0.0814341731418012 0.152788444090421
-0.0736592476531119 0.274573865086367 -0.0371683288390002 0.130390605155747
-0.194954539292763 0.22122463057913 -0.0741772767738199 0.0917031049621444
-0.240850645054785 0.104714168604843 -0.0784296729145628 -0.0032774561751704
-0.225783439711786 0.000386106800394062 -0.0416200980502099 -0.0549539284981819
-0.228181611040327 -0.0648018735556024 -0.00769306992155569 -0.0252983805080799
-0.231268394874939 -0.0781242141215852 -0.000386123876273568 0.00647853085220816
-0.248108998345324 -0.0282120615195549 0.052472732504778 0.0490864641054791
-0.240792864646263 0.0615807364192875 0.102586968612479 0.0228486792873282
-0.210023430255819 0.186271321355681 0.139678301376363 -0.0886035627731429
-0.105936438197916 0.258979722280207 0.103919322756661 -0.163572306909185
0.000868315644803787 0.256174008141337 0.0223206469679343 -0.153079335320164
0.0746855932490631 0.233861216070963 -0.0922255192901407 -0.1426289173083
0.142816229854579 0.196635395597386 -0.199828332874454 -0.0884916986878841
0.114686082245813 0.223997266634635 0.131093592276874 0.010875327518055
0.0057248172629825 0.243274015442715 0.0661984176283811 0.078603523582087
-0.12211431310724 0.272299319321589 -0.0222654628050852 0.0883350971104254
-0.250070981342455 0.196571899920408 -0.07037414932669 0.0849406872425539
-0.277713029375922 0.0597989571967469 -0.104316853724805 0.00437197671305959
-0.240956816975122 -0.0451417484534557 -0.10100165001813 -0.0701872445061696
-0.224372184363858 -0.0905895372308808 -0.09180478217032 -0.0586008366966584
-0.22004160123622 -0.0791975525564204 -0.0910849908244021 -0.0166670402634392
-0.224699974489163 -0.0101295722289547 -0.0332295974201894 0.0447625285642369
-0.199745679977914 0.0780828928996038 0.0433913032941004 0.0426072626565379
-0.161747169927946 0.184233588328726 0.116166276535463 -0.0603295594934218
-0.0654596082028997 0.234003857127313 0.100773301456536 -0.157203455291101
0.0269866408828883 0.225723972001801 0.0143473792019217 -0.182433915249593
0.0907951945137218 0.207931986073056 -0.123754038632745 -0.196459487388229
0.146492780861901 0.18587660764664 -0.241447014481709 -0.164668674743139
0.0863514530900789 0.195498813045817 0.115453098362153 -0.0711608781634842
-0.0131175922055336 0.200316598984424 0.0733782494711227 0.00815487883402816
-0.136177919183088 0.213626827057816 0.00782847486439188 0.0552419472046756
-0.239457871905739 0.130883891016385 -0.0635419146941936 0.0823210295942399
-0.245174717659814 0.00804889121051937 -0.132225822846383 0.00165401760048182
-0.201245604233677 -0.0728928312320228 -0.160886932470414 -0.105175153117279
-0.179202434143606 -0.0943288762851679 -0.16858444897488 -0.108020956844811
-0.17345930612679 -0.06778204982505 -0.168333137618176 -0.0388318232274036
-0.171205663288609 -0.00306019185873573 -0.100795170716866 0.0500780427732773
-0.141829628280679 0.065845728924136 0.00187427475942811 0.0691287299417513
-0.113482049292421 0.140325518387967 0.102581497844151 -0.0257564847463116
-0.0429294602323147 0.171664189410257 0.100025785004168 -0.142531560222265
0.0289013593924377 0.168141751727373 0.00726417618961155 -0.197781425282038
0.0808059178456302 0.158525463477608 -0.153107677228008 -0.228532713000999
0.122981229237929 0.152506398635099 -0.282117227192547 -0.22384413836559
0.0503722404490955 0.1294290080216 0.113888826565422 -0.126114984548317
-0.00953665274679762 0.119203631856943 0.0904458379825657 -0.0403001386583997
-0.0972046393086444 0.126512645301565 0.0338712901643132 0.0433615139273871
-0.157901197501675 0.0684601283854633 -0.0619169565892193 0.0867517899873288
-0.153739908918931 -0.0109815843017874 -0.155847919305424 -0.00206898541190331
-0.121803695127175 -0.0576939340289749 -0.20774052869325 -0.137237248930154
-0.102281604308267 -0.0658860713798831 -0.22609625587002 -0.152559622987861
-0.100055126794998 -0.0457826199525474 -0.220743621459179 -0.0559438317502075
-0.100476021472226 -0.00510624948132391 -0.143926496087551 0.0551578945009117
-0.0832439045364816 0.0366882554919287 -0.0245028891841293 0.0892882885959874
-0.0726907056258678 0.0804294727790889 0.0940476542314412 0.00406864218337349
-0.0340603929458605 0.0995901624349267 0.101727304272223 -0.125048503497486
0.0136963365585387 0.104578115958091 0.00749230340598599 -0.204327295475506
0.0527231491070339 0.0990611229298753 -0.168835882411415 -0.245295000374466
0.0790808355555988 0.103381212433223 -0.312402195568828 -0.260709373874792
-0.0259917219727691 -0.00252172620089321 0.342469154445553 0.269586271882107
-0.00654522139658818 -0.0165688377155636 0.225519156513862 0.252572873697083
-0.00356787408988082 -0.012138057211918 0.0135173126014271 0.211526232394872
0.0105749469698694 -0.0287941995338396 -0.0759103826063657 0.127860188092936
0.0168657530104065 -0.0170466008202108 -0.0934947916783748 -0.0109991422147921
0.0257354688494389 -0.00501501760408356 0.00868003613835268 -0.0790222757293626
0.0244035339115755 0.00472547012482921 0.147708022037728 -0.0647833037807584
0.0281688378394371 0.00952968106253789 0.222239504804632 0.0485118492283184
0.0195784772026277 0.0161290036372678 0.281664507039529 0.152875446114121
0.014098086740819 0.0143578614097223 0.27237325133731 0.125741694714849
0.0241404668738187 -0.00238840513940581 0.199334685678157 -0.0177308663730225
0.0394839842096936 -0.0143691082459247 0.0861603558565945 -0.143478914895583
0.0419053518488177 -0.0142189484754064 -0.0382476772257665 -0.0882473424592196
0.0217880087254261 -0.0484177810425263 -0.127770431787574 0.037586957460826
0.00316808727899793 -0.047622703422606 -0.167915950295795 0.160812224178892
0.0457382402711949 0.05615996379883 0.315833955603729 0.262573748787869
0.0284632667613807 0.0481382258024021 0.205773305573121 0.254864407155932
0.0122902871081436 0.0639295309862783 -0.001794796652937 0.204135679453807
-0.00757008128819613 0.0494290035219029 -0.0771053833557741 0.113479853607833
-0.0266219341044972 0.0412925415541235 -0.0837095180451039 -0.0261460190507571
-0.03279575150259 0.0272234689587122 0.0167910863087013 -0.0821649313507975
-0.0606818504246931 0.0077415248183078 0.148865924251594 -0.0507842413842363
-0.0697497253608721 -0.0160833808417572 0.213024753997703 0.0477728268586345
-0.0892276051865188 -0.025863778291788 0.275957012383167 0.136649522524285
-0.0994343891925819 -0.0177276923506165 0.272215009948948 0.0998703587612477
-0.0993453428526201 0.0115348894056222 0.207821170375074 -0.0441741538804643
-0.0669369199547058 0.0490080728410947 0.0889493589413533 -0.148474874738414
-0.0209712654164525 0.0799316226047713 -0.0266821821216666 -0.0811575445150255
0.00676599863344402 0.0653371426461989 -0.108556922645904 0.0318146684831823
0.0421439839942003 0.0459865403617038 -0.156644523254276 0.143479228317315
0.10423044073429 0.117230057298276 0.274032481593414 0.232770950630664
0.0524079459411194 0.120084854112018 0.173150674453833 0.244568673830563
0.0111636904856123 0.148560954003657 -0.0149780673671767 0.194182830924067
-0.0461549919935688 0.130670699956057 -0.0753295898654976 0.106921862334449
-0.0874617573283217 0.092762930311647 -0.0732183603843757 -0.0276767508257479
-0.100843557594916 0.04595817668712 0.0150186223279005 -0.0748537698710522
-0.140372987697382 -0.00108633373487911 0.122788438251344 -0.03253859701797
-0.156726354351564 -0.0395782544478313 0.16722412809894 0.0394270950463058
-0.183344241586037 -0.0449745185115151 0.231005106415221 0.100521864387924
-0.197083730360718 -0.0107156179845176 0.241311217764609 0.054612260596129
-0.19545434934204 0.069973255116362 0.199296028150096 -0.0817268197554123
-0.132622685338238 0.143201945812852 0.0954342299709357 -0.157880651135907
-0.0459803090775927 0.1782190041872 -0.00310260661161633 -0.0916291831145984
0.0172652915102238 0.164242628659345 -0.0875951309619466 -0.00640806733272164
0.0869605243450592 0.125401466875541 -0.157683273072984 0.0895037333413629
0.139967794926429 0.172783954909574 0.223574532148439 0.176448687272869
0.0588256047054769 0.190452984531712 0.132565403686584 0.211721016918326
-0.0121985134675624 0.233096874771409 -0.0263109076380416 0.173183783422988
-0.110447536493428 0.205694264597902 -0.0720598164826611 0.104264197690823
-0.165724433112918 0.127406010296357 -0.0697252897114216 -0.0162090216114192
-0.173747145818547 0.0436733644191927 -0.00429734019166654 -0.0619825815438236
-0.204664860563872 -0.0225851503555821 0.0685275708350838 -0.0196792580282333
-0.21886650748338 -0.0566583295023911 0.0919529673950874 0.0247821673670929
-0.243727327876417 -0.0370792044338826 0.152127758582726 0.0650049947979075
-0.249854280129888 0.03269512902962 0.181046998565565 0.0207933519659368
-0.230627287886694 0.153418040838734 0.172240325502172 -0.106342500876553
-0.134736749844774 0.236543167807701 0.0991132054788387 -0.169512363170799
-0.02441690219154 0.250776815709478 0.0150222006569198 -0.122647521341722
0.0532316833109721 0.225619133093267 -0.0843870691471993 -0.0707291914588259
0.130808429800896 0.17710085998088 -0.176200479769966 0.0104781279909428
0.150396214414413 0.21329079933153 0.173447758101019 0.0965573925340195
0.0459121728096248 0.242418159395004 0.0954846370183376 0.154436525638624
-0.0589150639029555 0.291400770651836 -0.0297649037857668 0.137352088269491
-0.187977794391836 0.245067540589579 -0.0705402762174883 0.100196095812718
-0.244674939331988 0.125053251364696 -0.0809884959413169 0.000460715878999499
-0.23358470147587 0.0130073193204646 -0.0475445738031288 -0.055693180537584
-0.24103123093364 -0.0542092003068075 -0.0103302027736032 -0.0240840516881148
-0.246479652654165 -0.0659548495309949 -0.000314165445511818 0.00809580078770194
-0.259373776284431 -0.0151664785800917 0.0571707884919825 0.0480758644989089
-0.245917298832578 0.0778437046367186 0.109551724894499 0.0205574843561758
-0.206277927701854 0.207703603926486 0.139449731195096 -0.0998248730984254
-0.0941735452785372 0.274842657226465 0.0979525366487694 -0.174767051142291
0.0167617941535357 0.267560253110049 0.0157017020615739 -0.160778467703232
0.0908343458756535 0.237638889520645 -0.106679085756716 -0.139372994502596
0.160086296282303 0.194307285655212 -0.214674920163595 -0.0758310990138819
0.136453811038153 0.225702934343279 0.134390331358534 0.00461563336222767
0.0184696284053796 0.251980437233076 0.074900504105727 0.0787973968427541
-0.109475455136752 0.2924425076263 -0.0164762039699052 0.0921515174119556
-0.247415529125664 0.223161170290358 -0.0666608435078327 0.09353569768241
-0.286474203657739 0.0808196186491673 -0.106951346240796 0.0099391799562313
-0.253575862905825 -0.0334552347411328 -0.110805600566051 -0.067626946465142
-0.237922221938638 -0.0826361894953546 -0.100014730608425 -0.0533302422137655
-0.23531946869822 -0.0670966679136936 -0.0942413084874302 -0.00982599696988306
-0.233619333972775 0.00224890570231175 -0.0319362519132216 0.0493662225285644
-0.201626469755736 0.0923976799270203 0.04891917667955 0.0445624062285562
-0.155343939722851 0.202529479616181 0.116606835490694 -0.069496523450047
-0.0534548996036064 0.247315015926467 0.0955887187472375 -0.169076287240624
0.0418458306236388 0.234078421232018 0.00521609629700351 -0.190697755719218
0.105898771616486 0.208839720643378 -0.142599916064354 -0.192517504966558
0.163071861159003 0.182717013430754 -0.262246844662502 -0.152054265041593
0.10465286618625 0.197564525420283 0.113340453630429 -0.0804212067138612
-0.00409269967784164 0.208356029876287 0.0777228809288548 0.00418207413484333
-0.128200143605833 0.231818746933715 0.0115027663508263 0.0557475637552525
-0.240591532483357 0.153279422512448 -0.0607293858637237 0.0903114825340092
-0.256739067096465 0.0246831314967961 -0.13598966688984 0.00886733114991098
-0.214631185636666 -0.0645465131929913 -0.1754064092279 -0.100357150554202
-0.191083485039953 -0.0894234613250968 -0.183479415730173 -0.100424622183112
-0.185899692802385 -0.05913042296881 -0.175452163790576 -0.0281399091888143
-0.178448263225353 0.0062646359590564 -0.100708215585797 0.0598894269004525
-0.142785224886907 0.0764257194369962 0.00743161444954924 0.0751215180945729
-0.108040509513352 0.153591283561424 0.105192876151205 -0.0325912901579059
-0.0347084305888088 0.181402006892281 0.0961862628263169 -0.153619279425711
0.0398840737910322 0.174224245321046 -0.00307460433691912 -0.206026744597567
0.0920396748584361 0.158343141447523 -0.173654532054244 -0.224846953444852
0.13706843653918 0.150386388964365 -0.307715868452508 -0.21164978910233
0.0625281780148388 0.131498883004579 0.108940762578624 -0.138448633046677
-0.00494979281694856 0.123769165249474 0.0917010481160316 -0.0476162397046491
-0.0929713594972877 0.138015634532296 0.0371265687932501 0.0419828019708174
-0.159264033411119 0.0825357299625508 -0.0589224129297894 0.0940006870958889
-0.161562271233855 -0.000765283197340344 -0.160774340911108 0.00634862875095319
-0.130890050165544 -0.0526737984281586 -0.226033540424489 -0.131667689904548
-0.110007180528658 -0.063872612013771 -0.245649723716808 -0.144147345298799
-0.107823489872658 -0.0417266386758144 -0.230188343689005 -0.0432504926893657
-0.103965433743213 0.000980641740492592 -0.144326350905373 0.068130471579118
-0.08384669658634 0.0425689918954923 -0.0187950151328952 0.0978514485751983
-0.0699642389427363 0.0886139840762288 0.0986123450969003 -0.000497662791487492
-0.0303022398254945 0.106315229184768 0.0990010895345086 -0.136179909253564
0.0204258723120094 0.108542869281206 -0.0042316645351584 -0.21266683509046
0.0593619758625857 0.0985471739038093 -0.190259962644066 -0.241277933114343
0.0882488430132068 0.102623853081335 -0.341801699013098 -0.24883608859267
-0.0258333299311014 0.000824038732249073 0.365562796441746 0.239784428653952
-0.00767206854854866 -0.0165311674967008 0.243522886074576 0.231706253982699
-0.00353218177128885 -0.0120526338533164 0.0299543414978831 0.211475315748975
0.00859744060528913 -0.0297596311194975 -0.066826259732772 0.133014017508673
0.0170222001985699 -0.0190442766646019 -0.0966640062809754 -0.00222115751426502
0.0263071167597747 -0.00709152305153322 0.00150737574702402 -0.0805783887804283
0.0244588504755154 0.00244990103301061 0.138656620547774 -0.078030906722338
0.02904640403846 0.00661960202563079 0.222474409340181 0.0308298504764533
0.0219755062377596 0.0150638344967892 0.292937980566305 0.128963419179767
0.0158152125761374 0.0142759113433429 0.282815980303741 0.104910263258151
0.0235658924654571 -0.00434254336286954 0.199663905121418 -0.0311173917539986
0.0373153249441493 -0.018001221747648 0.0736826731869004 -0.149302368695481
0.041621529323557 -0.0186583810581451 -0.04779323534717 -0.0847906186786341
0.0169749786012051 -0.0505118641826642 -0.124559486180366 0.0496926483267532
-0.000309361670515555 -0.0469068754568116 -0.153001011255777 0.176869389923918
0.051520739130609 0.052658365350853 0.33751795210593 0.236055687404321
0.0321245447283449 0.0454141440138007 0.225197528800094 0.235521282289039
0.0187345088284731 0.0631575852716059 0.0147417663531245 0.20475488516437
-0.0028282394076208 0.050706125408292 -0.0679308777707476 0.118383721233199
-0.0215935028522639 0.0433378322137625 -0.0878585807556841 -0.0190970545573941
-0.0298150213723019 0.0297760105074013 0.0100073364572413 -0.0844434501814157
-0.0602003902141931 0.0126667851493728 0.141830714270297 -0.0643183503529953
-0.0712723027525952 -0.010503259487399 0.213409140030099 0.0311671838861385
-0.0907274566319754 -0.0184090800940787 0.286248001411743 0.112317007044262
-0.100230110255029 -0.00935192857529695 0.281087170233675 0.0789284119204056
-0.0987622681856872 0.0198013025239541 0.205525486076472 -0.0590541893030002
-0.0637968572209395 0.0541949893763662 0.0758352651366106 -0.154132266940995
-0.0133997200754764 0.081967359494682 -0.0342720034988593 -0.0789131566460645
0.0115532757987556 0.0647738201891936 -0.106271461279451 0.0423517927017966
0.0467536318791391 0.0429094178247241 -0.14378356990786 0.158977594897536
0.114508255520615 0.107943047508184 0.292762143345127 0.211016890205251
0.0611583006167052 0.115564553367054 0.193420992759453 0.228511926226037
0.0248596150473541 0.148170845680322 0.000464216895245894 0.194919113028227
-0.0345169680560969 0.136328262957004 -0.0661110081395646 0.111856239775069
-0.0781315717275219 0.10088885123213 -0.0769714621767788 -0.022517148791301
-0.096233471841295 0.0539548553785722 0.0086444465239779 -0.0774926585149133
-0.140582344932778 0.0108295445355934 0.118276109878804 -0.0430358813848425
-0.160278513821958 -0.0259050881884429 0.167728120860257 0.0265501992686985
-0.186898025258561 -0.0306958482439682 0.237914293980902 0.0799136180308879
-0.196934845590093 0.00566532295569128 0.246824658727375 0.0361261037501227
-0.189796725390169 0.0866046304574176 0.193204582669356 -0.0966269380825653
-0.121089192019753 0.153537426687875 0.0819481655857593 -0.163875384492695
-0.0312110206015019 0.182807641369177 -0.0101187147558405 -0.0909016421713564
0.0298256362239629 0.162912069288478 -0.0891659601971375 0.00246918078609116
0.0970814439478788 0.118249297857329 -0.149127955093748 0.105724546036745
0.155942957255479 0.159846409851027 0.23636685431172 0.160148611449855
0.073137747297251 0.186046864560827 0.150899504367134 0.200580649594804
0.00795528815293135 0.234427447328339 -0.0117274508140049 0.174908982894025
-0.092174946816476 0.216797141465115 -0.0627438251347911 0.109492325298867
-0.154093227778447 0.141816262424051 -0.0711988665126069 -0.0115863769600278
-0.169494264176171 0.056571709473888 -0.00983963119160508 -0.0622886606599824
-0.206660465280665 -0.00628695986156829 0.0658737550979893 -0.0243063930868997
-0.223835947731664 -0.0370652505052894 0.0921804586052293 0.0185400577755043
-0.246814349742866 -0.0178634002760463 0.156368825762987 0.051900341817092
-0.246647830011955 0.0534739381637932 0.183362352533128 0.00811899159877858
-0.217613958057513 0.173646729252486 0.163386986220522 -0.119297607347065
-0.115220512240167 0.246394576124309 0.0853680084314383 -0.176171178008327
-0.00295033720819573 0.253840607436197 0.00564427434635528 -0.123808969458772
0.0708607495168383 0.220491561589252 -0.0916743310714096 -0.0611115939077778
0.144796480945709 0.164900421983286 -0.175232356984641 0.0287291889352021
0.170883128242545 0.200089265496362 0.179120925707357 0.0839959762293677
0.0635114466355949 0.238575834395247 0.109775619100484 0.147021910418999
-0.033795496702136 0.296717032261879 -0.0174912611740453 0.139025704852575
-0.167169818815307 0.262868226275961 -0.0602702115099466 0.106236199358769
-0.233932528052798 0.147427500368461 -0.0797174409033873 0.00539720512032083
-0.232394960094462 0.0302861813201578 -0.0529185938020813 -0.0521073839539889
-0.244820829785156 -0.0357395182128658 -0.0123674220577999 -0.0214715506651942
-0.25230803981869 -0.0433585212364122 0.00024828428915916 0.00934405843223649
-0.260172344261094 0.00533314081922061 0.0606279178194274 0.0433039295142196
-0.239038320142192 0.0969310726207342 0.112219119781859 0.0136130188592826
-0.187704523254485 0.224589064298203 0.13064599883028 -0.110346349007287
-0.0710874596966232 0.281945075003498 0.0842014665868692 -0.181405165016285
0.0390470597518982 0.267815775722182 0.00427720045113123 -0.162680445439586
0.108968659553513 0.228408884105382 -0.119533697368022 -0.126297754153559
0.175330446465669 0.17970481948651 -0.220081040766552 -0.0536207216656844
0.158153621005958 0.213116756149992 0.132550014726868 -0.00454888175477949
0.0361628092407498 0.25048865519345 0.0833672467797779 0.0728879832421763
-0.0847313068800609 0.302417492486118 -0.00858323640445896 0.0920994239308919
-0.227483460365866 0.246070129470663 -0.0574736580148512 0.0993842144123823
-0.280078557365439 0.106717065774475 -0.103795623952202 0.0177800908098949
-0.257127343143756 -0.0138830252786344 -0.117258999802166 -0.0593170458693778
-0.244390848089044 -0.0646348249526467 -0.104745957002936 -0.0428565693808167
-0.241121650796293 -0.0465874975230045 -0.0936423777829008 -0.000968198936875573
-0.233611971269661 0.0208534619031026 -0.0274607203182529 0.0529779303512219
-0.193313062670883 0.107674268971639 0.0541932788349826 0.0424533368536184
-0.13803511077058 0.215881673709331 0.110676439161093 -0.0781369672116021
-0.0334200811693283 0.251636474864894 0.0821639661781476 -0.175427471167764
0.0606444065152352 0.232348116801657 -0.00850686539368819 -0.191033271005866
0.120425597232831 0.198676738535944 -0.158724120176426 -0.175760221418482
0.177357154954488 0.16816175860824 -0.274693959709249 -0.126592203650589
0.123698922079558 0.1875951571175 0.104317344126832 -0.0888075764243967
0.00967460049365376 0.20872923220546 0.079358155045186 -0.00210524099848964
-0.108953304147133 0.242882402262104 0.0161002435655721 0.0532600524827306
-0.226468937207139 0.175393732342441 -0.0521175690354651 0.0951844269008503
-0.255104536397971 0.0474908448904699 -0.132819447993681 0.0186035759640574
-0.221106430629378 -0.0471861572259412 -0.184651983418374 -0.0866409479550445
-0.198915279169251 -0.0752153853586976 -0.19232973840569 -0.0840416945360664
-0.192173554412042 -0.0426124750126076 -0.175186596999958 -0.0130230839786702
-0.177641944333242 0.0207023292001906 -0.0944940950983457 0.0694737736453497
-0.13573061486869 0.0869105546480404 0.0157418636460793 0.0767793727420188
-0.0945594461101721 0.163374221573608 0.102051025720242 -0.04034730481528
-0.0201529647428944 0.184682413426012 0.083862133370456 -0.160714803170476
0.0540882003396742 0.171854048903706 -0.0186151709867357 -0.205989929687749
0.103244996716092 0.149710633720964 -0.190806052297983 -0.205937573761308
0.149293045490505 0.137912328051913 -0.324809403656599 -0.182830474148812
0.0754875313795318 0.125616641080456 0.0952239017142138 -0.147515349028583
0.00220099517753959 0.123981558508684 0.0888300870610595 -0.0561537027299432
-0.0818337234933297 0.146340367927195 0.0404469616063419 0.0375981604927052
-0.151387475715783 0.0969296707944527 -0.0499365456476975 0.0991714895290064
-0.161869354256135 0.0138978792574282 -0.158542021708816 0.0178192102023055
-0.135697656738034 -0.0421740141378356 -0.238500842955285 -0.113200596164248
-0.115398615443756 -0.0566954391081111 -0.25822709754331 -0.122945174391921
-0.112174461167409 -0.0323658925601351 -0.231172919200968 -0.0243168454542768
-0.103428660100258 0.00927833453122392 -0.1370349463081 0.0818208562074377
-0.0792915936600761 0.048569813736005 -0.00849578583422486 0.101738763122831
-0.0615551931746245 0.0948145431681718 0.0983800385108979 -0.00836212980282936
-0.0217071282808282 0.109508767118002 0.0880113114119487 -0.143465864418544
0.0291305102586272 0.106976000545887 -0.0202305904447486 -0.212075687849017
0.0657470143919791 0.0927029244659159 -0.208343901251639 -0.222362248254509
0.0972124259831667 0.0951073025941312 -0.36257564902586 -0.217208732301071
-0.0241581664469313 0.00360386688544804 0.367159928695792 0.210760698191017
-0.00795471553820572 -0.0158611381273581 0.247417580102846 0.209984908648122
-0.00293963535020104 -0.0120533242108387 0.0391138234126923 0.204310423091318
0.00715063165656051 -0.0299154981894161 -0.0584261857908513 0.13237030116847
0.0165587407002528 -0.0209897194979463 -0.0948593046786311 0.00502106492167493
0.0259155798702602 -0.00857192513403609 -0.00370609357902951 -0.0791283490048433
0.0238163092078833 0.00138140386880158 0.126559542969831 -0.0845222191409394
0.0284586073997575 0.00376798621361526 0.21454644701623 0.0189634814400784
0.0228909422861602 0.013241070715575 0.289817511455369 0.108516959520181
0.0173277951124954 0.0139033616515051 0.280804393448838 0.0878390362779804
0.0224329725561618 -0.00551491872969349 0.192857085567388 -0.0384842655884403
0.034158705590744 -0.0195206526900996 0.0621184758368162 -0.147801552243926
0.0404387033060585 -0.0217032655371626 -0.0531369507166633 -0.0791414220826916
0.0127661297746645 -0.0498119310986654 -0.117389348123035 0.0567222771008478
-0.00201185709022822 -0.0449155874255089 -0.135882815123909 0.181975898485684
0.0531175655077451 0.0482717187982999 0.340237461123973 0.210406206832156
0.0336460302815239 0.0429182649746173 0.229391001916078 0.215386112682922
0.0226170533417217 0.0595193489569404 0.0245528223230888 0.198237914106213
0.000860298291345337 0.0495683201124058 -0.0600928014675527 0.118004969256489
-0.0171005497502555 0.0428867264758651 -0.0877620581837038 -0.0134533005913793
-0.0265736473942083 0.0301328924363528 0.004120486579407 -0.0838140829456614
-0.0576354035016735 0.0161281328131329 0.131552602656512 -0.0710769807982945
-0.0698504989619396 -0.00613626248256234 0.205313337975235 0.0191944174446054
-0.0882311446693118 -0.0129603575299179 0.281545479714547 0.0924708987853557
-0.0962823503754899 -0.00364386961669658 0.276829310300667 0.0624504768604888
-0.0949404522859282 0.0247490151640487 0.197180192421425 -0.0666898682948659
-0.0597082903536312 0.0554507869020803 0.0646327595542989 -0.152249188539395
-0.0080471844925707 0.0794255480928153 -0.0382815092351435 -0.0733544620159881
0.0139399708928264 0.0624681272650554 -0.100957322328701 0.048640103064738
0.0480603132515798 0.0391807196179748 -0.128697178883863 0.165125844752627
0.117736451620632 0.0978574894405061 0.294500523640288 0.189518666460113
0.0648320132256 0.108899892400307 0.199423596262693 0.210082501081804
0.03314030068075 0.141790845796699 0.0110922881860893 0.189300498573038
-0.0248841205693304 0.134860162844575 -0.057793869031876 0.111031003999764
-0.0688437922487446 0.101747841166244 -0.0772537942362594 -0.0180547556349315
-0.0889599602179561 0.0567303057169727 0.00338625068694352 -0.0761685010672893
-0.135696002936028 0.0181533288160449 0.110503695251732 -0.0480317311959113
-0.156648008110754 -0.0154783805176813 0.161224576642045 0.0170560303590028
-0.182447745578347 -0.0196287948941784 0.232729997795944 0.0637434914818645
-0.189476820171936 0.0159001685369337 0.241091704042389 0.0230157633126948
-0.178961496928165 0.094535650975829 0.183000261589803 -0.103127668805898
-0.109749012446952 0.155333063643332 0.0703361037940668 -0.161441608296632
-0.0195432555188326 0.178945182545498 -0.0147338802326852 -0.0870225905912411
0.0374939684349294 0.156186679367556 -0.0872891666105225 0.00978600893478272
0.100611413342263 0.10935180292524 -0.137872332185605 0.113932085224998
0.161621537455479 0.145526825305757 0.237144809998299 0.143402066401709
0.0799302393442577 0.176944983592117 0.158126015967646 0.185152344869019
0.02204121063233 0.227066351985853 -0.00193270088133975 0.16960694315435
-0.075706404118303 0.217144805312 -0.0532161263852494 0.108610002245371
-0.140629789839275 0.14705926439301 -0.0701572843538684 -0.00884584061468086
-0.160375220297109 0.0628744382448648 -0.0134863332046218 -0.0612789499351182
-0.200220825519374 0.00524297174000316 0.0623354508362833 -0.0264457120827135
-0.219165617534801 -0.0221828329206071 0.0889176463790846 0.0137047817599394
-0.239897179741446 -0.00396511351436309 0.152625774264637 0.041827320202093
-0.234892686075389 0.0635643028323591 0.178918833443816 -0.000800997226421445
-0.201572256328316 0.180208432540254 0.151774007930485 -0.123234378676471
-0.0986487704549538 0.244553031853338 0.0729422481086085 -0.173630447861142
0.0111874552872556 0.247043758016575 0.000152012517694444 -0.120275947380402
0.0797961260688815 0.209669840665332 -0.0927761108452722 -0.0507888731616218
0.148734564918709 0.151549194542793 -0.166598911672302 0.0411450996749956
0.17869138249466 0.182992367310966 0.177121926841853 0.074372709523986
0.0726691399911494 0.228927343992163 0.116407003669593 0.135949156763798
-0.0150801466961041 0.289618408172592 -0.00980156335884001 0.134349758240271
-0.145766467281447 0.266776701960737 -0.0511605491359084 0.105397176480579
-0.217393579138141 0.157023106094212 -0.0763656933553499 0.00712704590022693
-0.224106616207008 0.0410108021132228 -0.0546668397597657 -0.048604933244932
-0.239134490751165 -0.0222488231962752 -0.0124828363213351 -0.0187500196648401
-0.247472704403661 -0.0261394001385846 0.00104212321930443 0.0101266204027734
-0.252167971836406 0.0191593279634735 0.0602103790183186 0.0394658246245391
-0.225223643304543 0.105725871916316 0.111000690138875 0.00827487867380113
-0.168828310821288 0.22937414925962 0.119500879047635 -0.113116460181552
-0.0535495130268105 0.276722412097372 0.0721682608985088 -0.178874442035433
0.0526382973279603 0.258679493141549 -0.00356626061330554 -0.157892917600967
0.116146947708822 0.215221107473309 -0.12267445667761 -0.111991890268696
0.178666466040419 0.164061244883657 -0.21549906297955 -0.0363945516395087
0.166678513735479 0.196028003054776 0.126421959728493 -0.00931372218369711
0.046460170663041 0.241998175451899 0.0864105319665021 0.06569442031703
-0.0650348860806277 0.298347151804324 -0.00331469095815995 0.0887089949779984
-0.204791960941147 0.253974049414754 -0.0478149112742612 0.0994329740789897
-0.265409693389443 0.120872087564148 -0.0976501617171141 0.0200323626805908
-0.250391048529332 -0.000428944838166925 -0.117696341622933 -0.0515305878355768
-0.240303313789344 -0.0508614088108596 -0.103198161413333 -0.0336525569555341
-0.237141030364436 -0.0292411738498842 -0.0894567368591062 0.00474930546394616
-0.225343274100838 0.0321896477968852 -0.0236175515722097 0.053590336861145
-0.181185968259287 0.113921351081158 0.056585447213484 0.0400048086725685
-0.12070144627668 0.217882990478962 0.102174405645419 -0.0808131230640287
-0.0188058331418679 0.245534745003843 0.070736585805295 -0.172898579167849
0.0715621643667116 0.222623221988404 -0.0168367046905775 -0.185233412115921
0.125694936664513 0.185733717089011 -0.162290071272192 -0.157593284810133
0.18020705026006 0.153025393870565 -0.271429184225731 -0.104300015009041
0.132246309061722 0.173480028727946 0.0946185961383464 -0.0900878839130741
0.0181848377705753 0.203195046123301 0.0782754815062739 -0.00719641075956486
-0.0915319247361127 0.242803957367274 0.0183465891137423 0.0496036551077825
-0.208511091291333 0.184253526482556 -0.0426682601935279 0.0948335315402625
-0.244378860764743 0.0621660440273097 -0.125015561627701 0.0227865834770725
-0.217570714956262 -0.0341173910456572 -0.185166287894164 -0.0737982038169932
-0.196971956397726 -0.06392408645964 -0.190849348841717 -0.0688995215561316
-0.188953572352477 -0.0290098600319988 -0.168082921999563 -0.00291371140492589
-0.170533371457858 0.029621345913012 -0.0864787983781166 0.0739898471006898
-0.126422625543921 0.0904846876040461 0.0208836459365385 0.0753952694182094
-0.0809305616737486 0.163992003304966 0.096235688834229 -0.0436983747986055
-0.00982994990000678 0.180422574533907 0.0730134047460628 -0.15947863013406
0.0616597006737527 0.164224574723793 -0.0277603626117447 -0.198946706152554
0.105785919153412 0.139106123360579 -0.194068295020826 -0.185174315561511
0.151907196424961 0.125360732241248 -0.323901810421985 -0.156437635648364
0.0814693514181285 0.116526643144184 0.0826141505937772 -0.147842028111387
0.00622705261800656 0.120871029913893 0.0832228497603948 -0.060874791377058
-0.0711291989488255 0.146669325619274 0.0412250884654026 0.033237136876367
-0.140249282904476 0.102890306688529 -0.0413479838286278 0.0977439259211419
-0.156512180986716 0.0237050380333513 -0.150128534072558 0.0235601286430148
-0.13462498763221 -0.0335329698789591 -0.238916938738526 -0.0973747262490186
-0.115380739794475 -0.0504105017583682 -0.257254358024356 -0.103622059964086
-0.110876155794339 -0.0244134539086714 -0.222868617993101 -0.0111678235873983
-0.0993953480740446 0.0147242116559334 -0.125138485219694 0.0878397115017086
-0.0737706445706833 0.0505250016298321 -0.000336402566593223 0.100778052276907
-0.0533897750867002 0.0954789938432534 0.0944485016300353 -0.0126275283475495
-0.015541587776737 0.108500682680015 0.0773807439242431 -0.142730184944683
0.0342147169646074 0.102445537323313 -0.0301789322633268 -0.204505246768986
0.0672227990275106 0.0859614960999036 -0.211274198272433 -0.201707821232698
0.0994693714102157 0.0871364622923662 -0.362289560956149 -0.18904485869018
-0.0194456087275831 0.010266437654326 0.408234535181183 0.129715846493979
-0.00900177219593063 -0.0156819432154198 0.286899689726801 0.157210267738284
-0.00314171347957557 -0.0107234054105235 0.0808992251602194 0.192423960975383
0.000750374643346553 -0.0280494909266575 -0.0292982357236248 0.141257524249449
0.0106037679233146 -0.0232665158605753 -0.0902334773304384 0.0257328237440552
0.0225542467402853 -0.0136381915614587 -0.0188534495663537 -0.0765853012316424
0.0229201910358386 -0.00480881443943167 0.102708393143977 -0.1043132835416
0.0282873787465625 -0.00299778315109693 0.207752524172902 -0.0233817518729985
0.0272792816826936 0.00810048058850988 0.303426708414824 0.0468066045599352
0.0224905347554453 0.0114666283226106 0.295924255874821 0.0275169776605351
0.0215829774808528 -0.00876310969662465 0.183264670667424 -0.0768020629342812
0.0297370408658272 -0.0265184085133924 0.0279161243735337 -0.156283117588728
0.0334937073853659 -0.031334953659546 -0.0704312124824956 -0.0615082105749229
-0.00205618403059854 -0.0502574182815232 -0.100414510416691 0.0869094644589736
-0.0135518178759058 -0.0407568128152315 -0.0916940511513833 0.21132581950632
0.0606663917735156 0.0355261749718611 0.383011335884742 0.141273955002518
0.0422096109961234 0.0310403422199442 0.270025444502797 0.168632604412841
0.0354948146443398 0.0504341607408908 0.0617031470582023 0.194049094050355
0.0132937539149163 0.0470979895032277 -0.0396990443167888 0.129190335997872
-0.00751530588876781 0.0438683134627003 -0.0919649453942171 0.00754775950031136
-0.019134624137943 0.0327935891398397 -0.0159666018475442 -0.0837772316020113
-0.0494718542382305 0.0269131662741805 0.108037157100306 -0.0981517353117269
-0.0663764877408379 0.0068216075795319 0.199036652596259 -0.0217079582855284
-0.0824584305983771 0.00500060722492445 0.293704615663474 0.032565642711833
-0.0881005557607193 0.0167140660811145 0.289573025171153 0.00136686008571753
-0.0815104480816773 0.0409966178330423 0.180298837039339 -0.107970329934972
-0.0436003150593572 0.0630946585359247 0.0291687129971797 -0.162928411551141
0.00896780945887775 0.0738481048009115 -0.0575495040167658 -0.0634172867736056
0.0242906073670123 0.0563820962449791 -0.0901611470158251 0.0704655967495383
0.0521423087478402 0.0290461817557313 -0.093108017116551 0.19113284246137
0.129753246091553 0.0672964954119965 0.334484559693769 0.136321039838508
0.0850171577441221 0.0871161771588279 0.237686219304265 0.172508166889207
0.0626494127217436 0.124536160881827 0.0413281983047855 0.192756475773044
0.00886696736642279 0.132456126562937 -0.045370367637123 0.122613689719381
-0.0426805935375224 0.110281507391364 -0.0885889376601434 0.000492215992121483
-0.0729609560047664 0.0699083831227128 -0.018400732863807 -0.0779090807080985
-0.121615637651362 0.0460793000225831 0.0920699277455739 -0.0779258533743234
-0.15019249360603 0.0152270612325376 0.156521749030688 -0.0147514138972429
-0.172585477994802 0.0168977945308384 0.241674225251958 0.0146397583357674
-0.172947854691943 0.0522309957831609 0.247125914827766 -0.0319130097151343
-0.146097614343086 0.121379661430483 0.156360760555378 -0.142519118306988
-0.0710888893878744 0.165484861167788 0.0306876166893974 -0.175219965603372
0.0185093656100304 0.169780940101263 -0.0401709670228077 -0.0846096961813972
0.0670415019615338 0.140820332272001 -0.089611364833741 0.0265287519325989
0.117093596645074 0.0843295377805156 -0.117161832615152 0.141816591086561
0.179208433065995 0.102028093304455 0.267277954175459 0.107615513583591
0.112399403711394 0.148653630557683 0.191020675316094 0.159073080209867
0.0700802853029179 0.206276084982173 0.0193746986027479 0.178652656432169
-0.0187175827090003 0.220706098595853 -0.0486688017805311 0.117763571328053
-0.0999955178679453 0.167797316265133 -0.0855863214561505 0.00489387315363509
-0.139731839411067 0.0898276674338973 -0.0348183221063224 -0.0623917812806277
-0.185208861333531 0.0473148441918951 0.0505398432921243 -0.052057975935378
-0.210318688678545 0.0210191995165962 0.0874580045075459 -0.00423136541218155
-0.224242896356781 0.0420689262317635 0.15982776975595 0.00980105162171805
-0.206556445006729 0.106057392839942 0.18059975795517 -0.0434786011714121
-0.150094191988735 0.205346960968104 0.11883651323121 -0.155975098255697
-0.0419375185652855 0.247071979951866 0.0297734370149593 -0.188595663852622
0.0613443011490209 0.227262752177201 -0.0354251511504408 -0.121290089740851
0.119399843025526 0.182072650978919 -0.112162895427309 -0.032379443152839
0.171715476955257 0.113809536446431 -0.16477309094597 0.0762705576068977
0.202178604419858 0.132595238702886 0.191956364695427 0.0544571932579573
0.115699914818176 0.198405323538736 0.137614718626169 0.119358954431491
0.0492167930062307 0.272999815214384 -0.00105291446082744 0.146856641901859
-0.072701695469527 0.282341720730347 -0.0522952078475874 0.110348632986213
-0.170645321006917 0.194094869238955 -0.0917829712871528 0.0175559296674847
-0.204147812718323 0.0825631890788262 -0.0736542427220563 -0.0458475391355351
-0.227746272143485 0.0300458585847953 -0.0180104867227575 -0.0331134750261851
-0.237792160159268 0.023319794786749 0.00323902485282764 0.00908292383569148
-0.231862864999075 0.0663126629894498 0.0702287335033564 0.0269509195787053
-0.190322528741649 0.142923186560817 0.114822691609468 -0.0207707292789534
-0.11043089678621 0.244061578700073 0.0886090588976247 -0.138266374647348
0.00665977327115033 0.26839732824618 0.026747435736857 -0.193341199263247
0.10291577573474 0.230425215782509 -0.0479752276793013 -0.156457054524298
0.154918542123589 0.177817468925978 -0.156610061217281 -0.0843884480259286
0.202422510133593 0.118045897108219 -0.230668623192517 0.0103681310476153
0.194504900780674 0.146400787502719 0.122546561043326 -0.0182578781885798
0.0932660993189413 0.217701779639167 0.0929440408057685 0.0546025053426797
0.00427997783944705 0.291521930620983 -0.00688291034636244 0.0976036321611591
-0.131432723580331 0.28385918408302 -0.0504667647835581 0.098389347396177
-0.223044500703418 0.170581704655823 -0.109917187219104 0.0296370717812134
-0.237837731281307 0.0504739732574419 -0.134759927051473 -0.0387176090568736
-0.236614387729161 0.00403723167187445 -0.105806975193392 -0.030804889338548
-0.229631270492302 0.0185294218492777 -0.0836741832844784 0.0215965985053772
-0.204994411490902 0.0743775969080119 -0.00811912487274131 0.0586448550871924
-0.148161881333638 0.142431011467098 0.0673486662390833 0.0227485724758022
-0.0682312935911117 0.224875934878838 0.0786173398683158 -0.101885577340681
0.033283933345132 0.232800611882694 0.0271172141391217 -0.18663185294037
0.112645623641588 0.192283025129283 -0.0658193019453697 -0.179023725488444
0.157458566145741 0.147223922893609 -0.204288745923898 -0.118955781574968
0.201169292870331 0.105948810545841 -0.299879259948434 -0.0442431076550786
0.15701366009243 0.132366188241441 0.0725696150588091 -0.0952025094699699
0.0571574538931278 0.187216008948655 0.0698353308865217 -0.0183013308910524
-0.0329259892213995 0.245300199305567 0.00840477338847845 0.0504839074895635
-0.150563666547683 0.21911131312945 -0.0411944237744072 0.0909934377455223
-0.216190630241608 0.112120164047532 -0.132103114198743 0.0354240654596481
-0.214226591698455 0.0133485455752244 -0.202338196173865 -0.0462872072148089
-0.199819220432425 -0.0175696354925307 -0.195777651750875 -0.044483931307983
-0.184457547898119 0.00956911274871364 -0.160748306331787 0.0299588698123678
-0.154762327712988 0.0616954101323543 -0.0650563084379424 0.0908862711950198
-0.101385878577915 0.109764821956802 0.0397010904783294 0.0664674827042833
-0.0419375148102627 0.167568994031372 0.0821438728048306 -0.0636978321714937
0.0290448050503075 0.170530428636616 0.0333053417717828 -0.172829760528985
0.0917061837969941 0.139390018271819 -0.0769248211441137 -0.190047455666971
0.128798513397534 0.106266278543585 -0.23935051412918 -0.138905478422061
0.168408534047421 0.0844945307747428 -0.360470988183822 -0.0851914104438715
0.0991394560244451 0.0896033932737863 0.0477988666908038 -0.155578449186355
0.0285227534736702 0.112788813147359 0.0656526864878913 -0.0750596694522537
-0.0346837762358588 0.151653570470667 0.034960759286377 0.0257140940808257
-0.105787821696819 0.127733595908479 -0.0313430936185061 0.0964531495088079
-0.141732052332599 0.0571625842888914 -0.150554008678339 0.0448394107405831
-0.135357613553608 -0.00174800141814972 -0.256536519272365 -0.0546056190880351
-0.121243375558194 -0.0218705723213901 -0.266701804977603 -0.0591910161181065
-0.110673418954303 -0.00119530690316895 -0.214568049759271 0.0329496480520601
-0.0903278550526454 0.0334230758533162 -0.100564547953482 0.112609772811542
-0.0601201820815622 0.0621283355101435 0.0241288623567458 0.0979750102377372
-0.0292247975484911 0.098874763493809 0.088311103059205 -0.0320069998732482
0.00975930388746496 0.104425486590113 0.0434483074366413 -0.157721236502312
0.0538112530950158 0.0868269144804186 -0.0786977382726073 -0.194644521960293
0.0808541471960041 0.0634859601397092 -0.2554368057031 -0.150562956345366
0.111225024108933 0.0583247889694034 -0.401540690918037 -0.109288824172192
-0.0177155531374074 0.0118235431406777 0.41573618232585 0.123063940103166
-0.00946461879811206 -0.0162680256219578 0.293287443055111 0.15452179078917
-0.00256582641509491 -0.0118817216178353 0.0857447631879167 0.19514874896507
0.000321504831276421 -0.029072629469294 -0.0272621179536533 0.143608662426687
0.00950426751044785 -0.0248930868278684 -0.0900718729488005 0.0289475174387548
0.0234641097694767 -0.0149927419239205 -0.021500846942308 -0.0780312722562044
0.0230997442499144 -0.00496845541378506 0.0990545223166927 -0.107447650953505
0.0282179362766299 -0.00463320315946556 0.207788072917243 -0.0249521706411862
0.0286831459128499 0.0065714385416758 0.306979186677724 0.0416738811102677
0.0244061292001402 0.0108918966897308 0.30098053629228 0.023403221797114
0.0213235515568191 -0.00904275364766091 0.186059921583184 -0.0796828434961703
0.0286827321561885 -0.0269922605888852 0.0247032477929222 -0.157529677573615
0.0331713958776136 -0.0342086554178195 -0.0730093719076977 -0.0583989141697938
-0.00441737332637235 -0.0497538504181193 -0.0990390676551907 0.0918564336132677
-0.0137084988966209 -0.0408820189075808 -0.0856585598733121 0.217490842055013
0.0632300117348997 0.0344591516462154 0.391155732513192 0.137153541358141
0.0427925385103394 0.0307395027083037 0.27721121943122 0.166096145794522
0.0375519691395112 0.049498133781695 0.0662274736368352 0.197237800329659
0.014896947481691 0.0469900237653479 -0.0383907453214725 0.130945703371309
-0.00622424433218553 0.0435936798320479 -0.0931111091883537 0.01049385380838
-0.0177472608257785 0.032532236803453 -0.0186633370638276 -0.0852506140026267
-0.0495464013949203 0.0284165402794163 0.104870958656571 -0.100964062626548
-0.0670117221937643 0.00840625590319901 0.199321631227304 -0.0232563100515958
-0.0827873235812868 0.0058228074768866 0.295816589535822 0.0278881893653661
-0.0878107731870963 0.0181107510467827 0.293796896613338 -0.00279908586971826
-0.0822634545022659 0.0442653491165116 0.182585709841563 -0.110993706658424
-0.0443050089054337 0.0652159809859463 0.0261433248782928 -0.163860398911845
0.00980841807127009 0.0738927352872175 -0.059051612244981 -0.0613471877927209
0.0246452017258596 0.0581484594058362 -0.0893460548813149 0.0761529164809331
0.0540747356893974 0.0284420125656426 -0.087823553840943 0.198125966539621
0.133924724130927 0.0648739846536714 0.341534614666066 0.133879976313904
0.0876368801789011 0.0878353446401363 0.244778051123007 0.169387777887822
0.0663288650407992 0.124568827851002 0.0460833911670881 0.19539158920642
0.0132781028164812 0.134355629026824 -0.0439900497855023 0.12394391193014
-0.0399771021424017 0.113085296457412 -0.0901138602135394 0.00185978396309731
-0.0722840300901435 0.071333006140391 -0.021472679572833 -0.0794416257770452
-0.12201101623816 0.0487796026609529 0.0906397527277678 -0.0800644607448779
-0.15127052217615 0.0195969064344377 0.157128666578605 -0.01596097576777
-0.174586074597684 0.0198830096101502 0.242617776330316 0.0112002982614456
-0.173357584168247 0.0549340289645204 0.250537449514021 -0.0361570627124473
-0.145602018474549 0.127386032012554 0.15656277203369 -0.146211751267452
-0.0698606549750015 0.169989457234634 0.0285498499027786 -0.175984868547044
0.0223283599443172 0.172431987824685 -0.0413028986015651 -0.0844689546264223
0.0705991539934175 0.14257019090168 -0.0891987200809872 0.0314148384792151
0.121002951221428 0.0835372305986713 -0.112810987999863 0.148775495343352
0.184417861778334 0.0985766361070977 0.2739198909953 0.106254908682274
0.115715471980144 0.149553088861959 0.197272388151231 0.156312712271895
0.0762961469306769 0.20706197713382 0.0225537638146689 0.181640534642594
-0.0124589055287727 0.22445437102177 -0.0466501603871718 0.1184465842023
-0.0972187781663789 0.172877536762965 -0.0878124882262123 0.00526088406106984
-0.139930090165777 0.0926689351397071 -0.0377239287900121 -0.0635015986771323
-0.186189851740398 0.0510098634760134 0.050469109834403 -0.0535274068153769
-0.211986637752304 0.027422874914254 0.0878618018102756 -0.00392503212770799
-0.226745444914253 0.0469682351951867 0.160241425107553 0.00846899928914262
-0.207456182092746 0.110090157645228 0.182635955323302 -0.046838425783797
-0.146604282809355 0.212657230760896 0.117313254077969 -0.159237501809816
-0.0384846402158384 0.251601706815689 0.0273206564383768 -0.189671058642318
0.0681235284678817 0.230473858746271 -0.0368635244518602 -0.122621914717083
0.123510578662809 0.183260065935341 -0.113058270220948 -0.0268865697949681
0.176267930193159 0.112261272677781 -0.162947389563098 0.0833203176678337
0.208483418511922 0.128943253240531 0.196472013463676 0.0539218521473175
0.120104280057846 0.201820011372027 0.14330575099761 0.116899595872367
0.0564265268855562 0.275465729595396 0.00178054137361644 0.14874711770127
-0.0655638369007566 0.288410564116318 -0.0493999172050019 0.110912694917179
-0.167819559197871 0.201080515686205 -0.0938246685174824 0.0171006434539549
-0.205755349658363 0.0875897073715088 -0.0768190993003067 -0.045990288443152
-0.230702710210197 0.0338492299628409 -0.0172680997847967 -0.0326086848711705
-0.239906582928173 0.0301391512262426 0.00353183018816048 0.0106002812279616
-0.234022180344472 0.071391033713083 0.0708160404581264 0.0273569984905625
-0.189835294796279 0.147050829160274 0.116310224312066 -0.0223657553136119
-0.105092985409342 0.250623198848511 0.0865828142835081 -0.140152857183327
0.011195643108662 0.272494513828748 0.0245371012853488 -0.194482435700027
0.109263795106847 0.232279891581149 -0.0506564194080159 -0.158943827243649
0.159346150249971 0.178907203403472 -0.157792874411403 -0.0788611702482538
0.207233660353196 0.115988580299404 -0.230970705050746 0.0179224603426507
0.201029041928895 0.142474108102965 0.123830599018937 -0.0182262692767988
0.0971495518135051 0.221907248652567 0.0965358823110606 0.051676065523655
0.0115285554424418 0.296184474825693 -0.00548656457010844 0.0986086226115981
-0.124515469414389 0.290901315946028 -0.0479258531378873 0.098603676154859
-0.221397384980243 0.179460851992747 -0.111138418412375 0.0284961434891391
-0.24071948617073 0.0553570867398476 -0.138698057252091 -0.0373617222793046
-0.239974488001815 0.00733430940297797 -0.106346201724316 -0.0280888537054272
-0.230989682347444 0.0255446043508441 -0.0833163946990033 0.0241417017288704
-0.20615423088968 0.0790614511662118 -0.00655488813392341 0.0608010393709567
-0.147174111904541 0.145765253332061 0.0698638352375297 0.0223956156745882
-0.0620595011679457 0.229711856546656 0.0770073843388467 -0.102927661833905
0.0383081821905326 0.235874303948873 0.0246918064864904 -0.188437726575256
0.119238535696107 0.193705082966655 -0.069668740749198 -0.181931064543222
0.161256584397812 0.147165006345119 -0.206143638534048 -0.114088740274089
0.206408290332973 0.103508760670554 -0.303024692395272 -0.0379491472527668
0.162632100652963 0.128792803200449 0.0710790253563811 -0.0961330568295632
0.0604625174682836 0.192264407957836 0.0714576083473798 -0.0226794322796545
-0.0271218114771601 0.250260796000051 0.00962988498592372 0.0497420267512339
-0.146318944324977 0.226171065061643 -0.0380290944941273 0.0909986487961254
-0.215928732388092 0.119183279648504 -0.133624152844524 0.0348921165007485
-0.217494106380498 0.017374621645495 -0.20756727520477 -0.0435275411993404
-0.203462674755796 -0.0159347007039321 -0.198517465534448 -0.0399194256889393
-0.186025718033762 0.0149946261613184 -0.160402045952955 0.0323023128014152
-0.154770376697058 0.0649677855277384 -0.0623318905342135 0.0944022832983807
-0.100570041144731 0.11252057637238 0.0431539219935298 0.0675353521015128
-0.0368237013864181 0.171262631691436 0.0815998107256723 -0.0645818919561541
0.0326560273977169 0.17292733821503 0.0311470493613391 -0.174590159760145
0.0966071363983323 0.140006652406 -0.0814716757036936 -0.192532263825942
0.131136309037306 0.10657379334545 -0.242072816154748 -0.134578539264557
0.173350667410069 0.082979334771776 -0.365268153115688 -0.0781798258445709
0.102732344424715 0.0877651397626274 0.0447216550845687 -0.158277071889862
0.0295628934293484 0.116522958763914 0.0653275881351089 -0.0804640676693374
-0.0314726586823279 0.15530823378175 0.0360221708553857 0.0233562380286502
-0.103669556698107 0.131460617986461 -0.0284377875803053 0.096136466660493
-0.142079335255277 0.062451895716289 -0.151717401314353 0.0442480935331159
-0.136935476192595 0.000614374894024329 -0.262365045762126 -0.0507848162303447
-0.124040863896828 -0.0213849663462046 -0.271304147556891 -0.0541801238436466
-0.111990368312713 0.00167348859371189 -0.215019810933041 0.0360648762628945
-0.0906032667733398 0.0350018922567188 -0.0972363202528241 0.116323730969528
-0.0595941476299728 0.0634115827321209 0.0284219515776728 0.0996142011128834
-0.0262888503522118 0.100784433721524 0.0892605735464558 -0.032818760964172
0.0121115482564998 0.106075512324483 0.0407807495924857 -0.159380083473777
0.0567323196112692 0.0871199759792759 -0.0831107392857751 -0.196847764878424
0.0816740900997474 0.0640781194101573 -0.259258925014443 -0.148261840071422
0.114590218940439 0.0573294119807791 -0.408692641301086 -0.101279944220823
-0.0153856109115311 0.0135568141334992 0.433815114954153 0.102021340560041
-0.0114415769424334 -0.0165709143008635 0.310530386905163 0.141511719252173
-0.0030814469928493 -0.0128671494513763 0.100302317134061 0.19562227671204
-0.00176649363373176 -0.030450089124103 -0.0203166059782189 0.149391708695654
0.00794831104510395 -0.0267799555460443 -0.0896618080694376 0.0352453519307622
0.0233573609700667 -0.0177794432057052 -0.0281723345964699 -0.079492638156559
0.0234021461676729 -0.00599604047929141 0.09211150403389 -0.114532675507753
0.0275378921553843 -0.00691304518284391 0.211046478635251 -0.0346646802526679
0.0303753207989933 0.00392141403955334 0.315479184901781 0.0255752323091854
0.0263862474697287 0.00937710043481434 0.311349757383555 0.00724972015247651
0.0203574217208881 -0.0102635439185555 0.188070507373693 -0.0903993568121405
0.0267880800898418 -0.0288520776871743 0.0157295421560869 -0.161214554827153
0.0309246119645143 -0.0387117802194453 -0.078685052192743 -0.0522767721280002
-0.00767416046603946 -0.0490382403666382 -0.0945993766105001 0.101511444367827
-0.0162075943373628 -0.0413419815173214 -0.0708692315228477 0.230427167838715
0.068453869164485 0.0312957227040042 0.409714633904659 0.117935078939104
0.0454354946197591 0.0295095915373574 0.294265513102862 0.153721422439092
0.0419807041908613 0.0474792674392002 0.0799182110463706 0.199311920350273
0.0185590817279181 0.0469099701334751 -0.0323318825415715 0.13625668190323
-0.00322273851158434 0.0446107091248723 -0.0946668170306496 0.0160808034999705
-0.0158253188562661 0.0329280613949686 -0.0257409028239678 -0.0871455897738512
-0.0489166787474281 0.0327995750507165 0.0992665103093763 -0.109479203912084
-0.0683629192248102 0.0126404300744693 0.201604773557873 -0.0325695340843022
-0.0841753254870217 0.0100185171292098 0.303170608890309 0.0122604904491966
-0.0880948751937485 0.0231081556811584 0.301901907260984 -0.0194272979317135
-0.0822443588692352 0.0511200647849239 0.182245963837956 -0.123418828809528
-0.0427297412946841 0.0700694105718302 0.017557703584314 -0.167396479056661
0.0145469966914637 0.0751986675427337 -0.0632847149320629 -0.0577809258050846
0.0288536324794141 0.0600325369640684 -0.0853902792204787 0.0851629558506206
0.0581251503118001 0.0258718806566045 -0.0739507692652613 0.210865453625253
0.142283651696624 0.0571918984422092 0.359232792607269 0.118968256462224
0.0943542713133902 0.0859372069094888 0.261754351974909 0.159144716166111
0.0764539913915239 0.123129663355098 0.0590383908530183 0.198617342536081
0.0234743567374151 0.136762430273958 -0.0385920256585071 0.128586912434154
-0.0333939838566099 0.118334559562323 -0.0929313932209972 0.00690492100298336
-0.0693764615280079 0.0762403113274671 -0.0282465057376406 -0.0812623772906216
-0.12193924613467 0.0576480376573068 0.087491144560915 -0.0872552115476737
-0.15389032857775 0.0295088122393281 0.1592485120229 -0.0229506424646364
-0.177381480791492 0.0295351762798842 0.247663620532219 -0.00132754133227077
-0.174208069211982 0.065992724769498 0.2551963120078 -0.0505158812649671
-0.141064094996995 0.14042846514068 0.152235268321673 -0.15781123593384
-0.0626786300917633 0.179161565084737 0.0197899210198684 -0.180358295586086
0.0331541432009576 0.17617748826826 -0.0460809176385088 -0.0838623949903631
0.0804720922470474 0.14419814460306 -0.0875045126956981 0.0400495134998668
0.129865644831886 0.0786580374095126 -0.103519787635394 0.16135688236467
0.195784834012191 0.0877179503706628 0.287943275565087 0.0949684967238469
0.127511472652943 0.148832993615489 0.21243013322855 0.147634963713584
0.0915985412267208 0.207926092754112 0.0343988379237025 0.185219016873585
0.00329057438154187 0.230511566850294 -0.0413119652417463 0.122309017455641
-0.087186388512358 0.183562368209693 -0.0904331799282045 0.00987690570429453
-0.137621638437764 0.102230270997978 -0.0440007751677934 -0.063822297944709
-0.188006728897941 0.0629117347685178 0.0493376090129509 -0.0578495546851714
-0.214773832270221 0.0420846531655577 0.0895147410128153 -0.00707435066639297
-0.229154793549207 0.0611541129560934 0.163857686724984 0.000577979285617876
-0.20598023405884 0.124028550046651 0.185215412296661 -0.0581000298773359
-0.135912890178247 0.227913267530854 0.11043781350706 -0.168877484124056
-0.0254474478786711 0.261478920430751 0.0177082591823305 -0.193810570872528
0.0841640038984115 0.233890392537698 -0.0443817830741657 -0.124710419296488
0.137327367097336 0.182284354431062 -0.115141277941982 -0.017961639839708
0.188425215360439 0.104842062841527 -0.159339012625342 0.096751488919871
0.221881316260955 0.116988592103148 0.20546678231324 0.0466852810475219
0.134984518956226 0.202759073353183 0.155037283456485 0.109310474235014
0.0759698144609038 0.279584922916111 0.0109085839868443 0.152114216290048
-0.045812959203038 0.300647206530091 -0.0436628568788157 0.113972719732641
-0.157553494419327 0.217710345520416 -0.0963889578850547 0.0207776654294078
-0.206176781131665 0.100898276474645 -0.0831532977263166 -0.0435586980296791
-0.234442864313008 0.0474868721538009 -0.0183178575047221 -0.0325852980636504
-0.243091136034192 0.0467812099105838 0.00478007563204815 0.0118845286689302
-0.235064731992185 0.0869850315519968 0.07391295451627 0.0256860287544675
-0.186143729304442 0.160843312086993 0.118718975977175 -0.0291054494746788
-0.0904434848971193 0.263883957315197 0.0799033385723965 -0.147004155333319
0.0276735268382697 0.279418179594412 0.0142735153164032 -0.199198046903709
0.127682535433235 0.232807807800441 -0.060847730674742 -0.161383612698458
0.173224723484881 0.176066669747956 -0.163117181123824 -0.0687609545717235
0.22063040710851 0.107017431686724 -0.233496072477888 0.0330886916056644
0.214727429329308 0.131793126902426 0.126645355062614 -0.0239500537729684
0.112843580857451 0.225531667584834 0.103075292537967 0.0444779493676447
0.0303741043916638 0.304273907124906 0.000256453048828867 0.100376460961914
-0.107336400005475 0.306725683204324 -0.0422772646586059 0.101342494603966
-0.214091933258067 0.198480231660201 -0.11385352042603 0.0326010830535534
-0.244176753102612 0.0707004746670784 -0.145479048159179 -0.0304882416514384
-0.246922882857748 0.0197768768255497 -0.108873332068592 -0.0220145186583518
-0.234027230851894 0.0413937447764672 -0.082898144733391 0.0296931197626508
-0.206036341086959 0.0937593472060085 -0.00194683143610789 0.0643200012060585
-0.142419652685807 0.157217746079222 0.0741135960657821 0.0197821127227295
-0.0476823767753407 0.239727876640373 0.0726903248819705 -0.108127005931753
0.0532256164024091 0.240362621276941 0.015549075534231 -0.193041066772779
0.135059918229357 0.192805385635548 -0.0819784108759941 -0.184163488955506
0.173230735083093 0.143449548849242 -0.214790346361947 -0.102995202104974
0.218512529494847 0.0942722553280211 -0.311997913485567 -0.0194313973971054
0.175035886781331 0.120493816052959 0.0668196630152569 -0.101342070087087
0.0729807674957901 0.19727171764852 0.0721819532705197 -0.0305403492992274
-0.0121861476007407 0.259598289502922 0.0122687677397026 0.0478978296573228
-0.135310089815383 0.241024725070837 -0.0329456237937566 0.0919440630260468
-0.213126675429862 0.136247314459747 -0.135565379792245 0.0401191924502497
-0.222107624013301 0.0312045950214987 -0.216384833086227 -0.0327143937661781
-0.211024817163588 -0.00517076885824886 -0.204303860132374 -0.0286569334606051
-0.188937558611686 0.0271950830961898 -0.161087188578356 0.0425603359629633
-0.154545712435588 0.0757818345188198 -0.0560906942628257 0.10168092105981
-0.0962971311695755 0.120187167617344 0.0497231969505047 0.0672528133053368
-0.0256157064353094 0.177367562156482 0.0800061932268482 -0.0691391953564802
0.0442990049278169 0.175960873065437 0.0226406819602688 -0.179440539056421
0.108196615372235 0.138229060843601 -0.0947522201727642 -0.193356774822804
0.140249695501871 0.102793393290651 -0.252492411489593 -0.123327156753637
0.184071660120068 0.074655301975149 -0.379383567203741 -0.0573143082397717
0.110736842301384 0.0826737507304977 0.0351405929931046 -0.164714476892467
0.0365027223568688 0.12060503053743 0.0620292693483356 -0.0893006323232668
-0.0227559693019548 0.162298213077334 0.0379658317212336 0.0191738927977705
-0.0978307432295137 0.140998504028084 -0.0225187980698401 0.0977881777673154
-0.141050242431554 0.0730753688749653 -0.154072632820982 0.0513506173698252
-0.140135147338483 0.00858481281180798 -0.273459913715498 -0.0365538988537323
-0.129523407876474 -0.0154530861815412 -0.280522364278552 -0.0393518523317073
-0.114429919717276 0.00854686763272057 -0.217021248294391 0.048058505839751
-0.0904138730117229 0.0404760606350453 -0.0897960921507803 0.124795239320239
-0.0569849332739053 0.0679081539442771 0.0373735093790069 0.100948112463442
-0.0192942114699707 0.104523217067319 0.090130613395728 -0.0372748360563297
0.0192840350725828 0.108756987149947 0.0333778993323515 -0.164303635506849
0.0636215482382311 0.0858831657737707 -0.0960994654743682 -0.197099499342281
0.0866972693108536 0.0620017471114814 -0.271493033951983 -0.136290571590872
0.12235585816832 0.0516333994213756 -0.425190636301223 -0.0788562279408133
-0.0115439578115057 0.0147378876475637 0.436179961205278 0.0615202681562531
-0.0131500740013564 -0.0157119531034374 0.318728494812426 0.111204313408764
-0.00355384051845475 -0.0137574860663896 0.116155566852937 0.184433275755955
-0.0051797288510751 -0.0300708961371867 -0.00734503828421097 0.14863939287841
0.00446292547109394 -0.0271818026752905 -0.0845206962651168 0.0415978621075133
0.0216612173365841 -0.020420677175859 -0.0362185909463626 -0.0766530993815094
0.0227428398827089 -0.0072592610276247 0.0780594816324849 -0.119800647399541
0.0258334911674269 -0.00961148457672523 0.204190455878295 -0.049566199159194
0.0303534854871363 3.07771439977383E-05 0.311650302530415 -0.00200294020641989
0.0281788459619466 0.00630540695508705 0.30768179723783 -0.0195905884214382
0.0186628870482373 -0.0112793513701933 0.179869743749825 -0.104131571928223
0.0233878765158008 -0.0294705101067997 0.00142698974556027 -0.158375746024159
0.0258683043296997 -0.0414941954734485 -0.0808970814795141 -0.0418323490934483
-0.0116912347318949 -0.0459417418094972 -0.0821146921011414 0.109004130253422
-0.0191374565764067 -0.03937480783654 -0.0446241865516389 0.23364452326678
0.0713398881869366 0.0241271532428869 0.414933757936356 0.0807530865692831
0.0469825472205111 0.0250199582584176 0.303880094999858 0.124648192241471
0.0460035350843555 0.0423175327115879 0.0969183835006888 0.189702287855186
0.0228088671925883 0.0438756690818515 -0.0204101950213183 0.13642205276259
0.00108053524781536 0.0441519182651369 -0.091415788967646 0.0236757862962255
-0.0126181728095849 0.0328385557665319 -0.0347892414668694 -0.0844280062566539
-0.0446827075654773 0.0370176427759556 0.0864581972073122 -0.115517643913634
-0.0666741724440229 0.0187675559240138 0.195563517746069 -0.0470208986545458
-0.0816338418236899 0.0161046738508462 0.297716605707457 -0.0130610836860749
-0.0842551214735893 0.02941099435984 0.295540330821693 -0.0445806792221501
-0.0763061848669893 0.0583206469153594 0.169862055398296 -0.136384631212985
-0.0367576881469271 0.0736140027937048 0.00306037325002333 -0.164699856195258
0.0200506473707493 0.0728431074578931 -0.0662374163345441 -0.0501737075563956
0.0343056245899431 0.058064044997643 -0.0748454368881748 0.0926721972396621
0.060421597847116 0.020442375212307 -0.0502623369418141 0.214756258713859
0.145334916562958 0.0425219742982804 0.367276989215833 0.0862737990396188
0.100562455979365 0.0776553043259682 0.272181168403045 0.132319243722883
0.0867092836530341 0.113915101432982 0.0765085868788789 0.190310607709025
0.0366139604607311 0.13184194971652 -0.0269549095580076 0.128500099541913
-0.0210694213506893 0.119034361935276 -0.0913384584370284 0.0142588139943903
-0.0613088216992704 0.0795257169524356 -0.0369469222801897 -0.0779912227029806
-0.114384029029735 0.0678878521110987 0.0771853980715529 -0.0939964545934207
-0.148217300953539 0.0431414214456963 0.154618605333831 -0.0336914889847507
-0.171335620974397 0.0440817977786326 0.242185053181666 -0.021921664355317
-0.165516588501772 0.0786016971070596 0.246954404155846 -0.0717496093147712
-0.125833408526776 0.151629449882916 0.136596899317864 -0.167662941080056
-0.0468209405202611 0.182935653858779 0.00458285989774214 -0.177046791569931
0.0492300574764426 0.171209500256093 -0.0518989569118222 -0.0785454883393243
0.0928643554943096 0.136522668653866 -0.0804531889402958 0.0490112041587445
0.13630902151421 0.0658169277965984 -0.0836796320310894 0.169512033523239
0.201122579703916 0.0674118216224959 0.294814385515923 0.0705070589588095
0.138456826910114 0.137295049875391 0.223362893120947 0.124369602250376
0.109567560520853 0.196363522322338 0.0515908473440928 0.179301085075118
0.0263139287826894 0.226638932879682 -0.0297755940795797 0.122300618579619
-0.0671500416908369 0.188781230897862 -0.0895281890543329 0.015935690713844
-0.127113707877526 0.112051785748933 -0.0510074265184698 -0.0593224055902554
-0.179521569318763 0.0778326190803622 0.0434374523836957 -0.0617692441043107
-0.20631595762974 0.0612392218870152 0.0882120767361112 -0.0130545735012428
-0.220122102972754 0.0798761803413802 0.160122613269908 -0.0118509703675752
-0.191797426903277 0.138691457058358 0.177718378896585 -0.0723358172559987
-0.112230780243558 0.237238351119328 0.0944170559289055 -0.174626106869187
-0.00218675943017507 0.260639564251517 0.00183486665629394 -0.190913721680499
0.105076149712267 0.223520312255413 -0.0540927569959264 -0.119964893953045
0.151668295538457 0.170067297363438 -0.111907913783932 -0.00567054149820103
0.196103696096174 0.0869461333438598 -0.14461299964202 0.11045759692657
0.229038199914721 0.0929818632372117 0.209097197731673 0.0298020469115401
0.150922845060593 0.190981963529948 0.162801082198976 0.0910299472464817
0.10054116047129 0.268643203810037 0.0239789419415521 0.148595391023012
-0.0158976222167673 0.299223327120249 -0.0333689400004949 0.113675789503597
-0.134066697952033 0.229185870346999 -0.0944607359092659 0.0266451403160871
-0.19494415248107 0.116700575644672 -0.0878041464343737 -0.0354766282479172
-0.227273678338483 0.0661468548335629 -0.019564354839576 -0.0312578948600706
-0.232679670357817 0.0680394161145281 0.00695276812615828 0.0127001280545092
-0.223493143290801 0.105472741637409 0.0756275412668459 0.0206505528007703
-0.168884029925381 0.173783331953421 0.114855547571588 -0.0385134961487248
-0.0634284217323997 0.2684198659851 0.0656153191615382 -0.149962422214398
0.0517994451395741 0.273147047095528 -0.0016685699360917 -0.195928379700942
0.1484530319308 0.21892569065255 -0.0744007934969753 -0.155469175350554
0.185914027809766 0.160046071161111 -0.163096199110297 -0.0516261120732369
0.228226764940314 0.0858651709073185 -0.224586507534097 0.0537504176410324
0.223265595047084 0.107597929049775 0.123484520091785 -0.0331979815987794
0.13133765060713 0.216086909011491 0.105383651882021 0.0309623939607237
0.0586506634467827 0.297214353155223 0.00837716144985367 0.0975110308044379
-0.0757560402123379 0.311172128112269 -0.032892490355612 0.100268323220216
-0.191150063760369 0.215678368273223 -0.111027176634038 0.0397654366354208
-0.234748651084496 0.0914791612729296 -0.148623769505204 -0.0174668295424602
-0.242619998645134 0.0401722705773144 -0.107588795177348 -0.0125262753225136
-0.225192652456336 0.0620346228544128 -0.077670908089015 0.0363659479669536
-0.194025764902904 0.109645232225234 0.00543708047821289 0.0647578655497169
-0.126331522124139 0.16607790327108 0.075232449013954 0.0138728012028033
-0.0232467589299112 0.239662061503966 0.0620249927282859 -0.110685927509188
0.0737288137728963 0.232832890446262 -0.000476762507825311 -0.190040571150087
0.151629952945367 0.17783837270326 -0.0972340527210041 -0.17531503104394
0.182542486564421 0.127703179457292 -0.216581331158397 -0.0810971384345325
0.225408629453911 0.073331454761035 -0.307187948838691 0.00915509699949862
0.182906778974673 0.100996331076795 0.0566559481227411 -0.10452837420155
0.0897988271359292 0.192079799011138 0.0675066829547406 -0.0402704071132061
0.0124058783167386 0.257811317168692 0.0151617308563084 0.0442664901581145
-0.109767668286206 0.248682913159557 -0.0245757440549086 0.0910017129185476
-0.195568326902327 0.153578478645739 -0.131352627800528 0.0482985194483096
-0.216782833990257 0.0498190022319312 -0.216682708518095 -0.0127636540498419
-0.209953398734654 0.0122430473612198 -0.202509789255153 -0.0101954660174694
-0.182540700909843 0.0440881422533351 -0.153920877685058 0.0547154499046144
-0.144106392817195 0.087936020269311 -0.0438522527651386 0.104730437496558
-0.0843744456667457 0.125786878560456 0.0559879228193266 0.0624924192904909
-0.00749948908085825 0.175887797162591 0.0731101244228829 -0.0730632478978437
0.0591618463984573 0.169709987910161 0.0081941567589567 -0.177392207008133
0.119618880741271 0.126640181330186 -0.110027984402019 -0.182752932609769
0.147053261497086 0.0904730992498744 -0.25631496313909 -0.0996909934612485
0.189630100564913 0.0567921723291893 -0.377918189414125 -0.0227761965261745
0.116697645314436 0.0704944079404998 0.0188963348637225 -0.165151946225233
0.0472578473076838 0.118495448170781 0.0517509865021182 -0.0970122216385892
-0.00684070511641226 0.16239009275367 0.0376425144783133 0.0129581940741604
-0.0833104599596964 0.146958664547363 -0.0135711309995387 0.0953772219359562
-0.130801118887571 0.0849236955171261 -0.148158599419838 0.0604844367267265
-0.137346418182751 0.0205464721855187 -0.273506742823564 -0.011220203432875
-0.13017584385872 -0.00531557868597189 -0.279112841824001 -0.0131678459512465
-0.111371518264631 0.0188696826787282 -0.208191874882655 0.0645284292881385
-0.0853375890486758 0.0476514428486903 -0.0747744028600265 0.129882431499525
-0.0501475468389619 0.0708156702046145 0.0469199658464689 0.0966020898643358
-0.00895014216861259 0.103548926123372 0.0852422024842547 -0.0429927559688184
0.0289525173656026 0.105683818817344 0.0193922550789787 -0.163046407895328
0.0703916698570446 0.0784823714392762 -0.112331074718577 -0.186187820908723
0.0906416997179452 0.0548912546719468 -0.277054928359769 -0.111414591821543
0.126966437964214 0.0391871601069056 -0.425419535426123 -0.0393702231272923
0.000713599159592807 0.00910833559943318 0.411506381666995 -0.0315675911897311
-0.0125339375159844 -0.0172983868234387 0.317697246543861 0.0376131476998373
-0.00190546636301953 -0.0136426868762334 0.143628038143149 0.14727034067447
-0.00750112690675439 -0.0254913420341242 0.0217252564984791 0.137491367867985
-0.000561188457730484 -0.0230656737267931 -0.0700535827940001 0.0523334514922705
0.0151039193385085 -0.0223245908437719 -0.0487055494208011 -0.0660900954717947
0.0189532689688359 -0.0103817047156977 0.0518436458370753 -0.124834134930774
0.0212412005940486 -0.0142560068876971 0.181277594490411 -0.0811099886503969
0.0280559728082616 -0.00841529199275036 0.288518851438013 -0.0592355356399758
0.0294812434394634 -0.000897426605412704 0.282828085824932 -0.0776523810812161
0.0160264655421737 -0.0138346809832063 0.1482858301389 -0.13080019680317
0.016603186468326 -0.0321899330497899 -0.0284426436372307 -0.143890124544186
0.0154471252980516 -0.0427642594966573 -0.0802522600364589 -0.0206232988358251
-0.0192093109820811 -0.0378265212165602 -0.0514848067294715 0.117222395290681
-0.0229943944604798 -0.0305293431224456 0.00446993823178822 0.221712017225934
0.0768520032785586 0.00552680033605766 0.402021258411955 -0.00849114810159157
0.0494291648026658 0.0106987622266522 0.308742646945773 0.0545962279275949
0.0521954356706987 0.0290295862368573 0.129656948176661 0.159835385968945
0.0311934718249609 0.0361233880123551 0.00585901558368579 0.133745286545286
0.00885551744445881 0.0411151034745358 -0.0814949317237572 0.0416206300261875
-0.00775000850573791 0.0319922899755167 -0.0502520880760815 -0.0707852345851367
-0.0345685123207645 0.0408838509209984 0.0560945495671982 -0.122333687331642
-0.058326529996142 0.026185459407417 0.173218423861769 -0.0768868323589208
-0.0724253455307688 0.0254398798583609 0.275574406794343 -0.0688629234428818
-0.0713545204870322 0.0387744893605587 0.266907349733109 -0.10175179561845
-0.0608607633256697 0.0634059811673381 0.13197304775572 -0.158775801686862
-0.0222434386347877 0.0738436751023688 -0.02751979961951 -0.15247109760675
0.0284687439200556 0.063012297241082 -0.0703640025612893 -0.0311179762206664
0.0407888696180738 0.0496060383611569 -0.0497762565822543 0.0998630261008733
0.060678268252423 0.0121916053357125 -0.00453061066948746 0.20648576839651
0.145934482469954 0.0110241878433061 0.362370926265172 0.00717134859162593
0.107248670216328 0.0503510245215632 0.282785947934122 0.0696189157774607
0.100750835929395 0.0870951343815405 0.112037851170774 0.169704524805849
0.059622662502946 0.111942248639005 -0.00443961262090949 0.133533848285524
0.00195222428358249 0.112479502949695 -0.0855521708839142 0.038147873939413
-0.0451440876143224 0.0827180974402837 -0.053181359018319 -0.0620917515647281
-0.0925903395201242 0.0805503730830743 0.0483498823441335 -0.101545848284564
-0.128759950539299 0.0619827085950271 0.137132094730344 -0.0578914354496596
-0.151296952571834 0.0664306415284845 0.223760587572629 -0.0676471253620092
-0.138464749204717 0.0977456860326411 0.215314234726195 -0.119304642465282
-0.09232237190389 0.156199315550328 0.093949275250741 -0.182303590263581
-0.012968327173786 0.176730149237181 -0.0285547680438994 -0.167065870136221
0.0704159679088683 0.148887328999692 -0.0637111224403282 -0.06021901123029
0.108179191624084 0.11115473237939 -0.0656131175207784 0.0618263916545426
0.137574367343502 0.0420104259487987 -0.0439738944574454 0.171267156944421
0.197654713537259 0.0256226637012076 0.296034856205799 0.00836838738372512
0.152464280711439 0.09958120879813 0.23604634341837 0.0740335312447803
0.135113275669234 0.158183551622907 0.0866107884555235 0.169516385626025
0.0680831245880051 0.198164638543742 -0.0125511700432963 0.132780601616159
-0.0273675981017825 0.183267169408161 -0.0869622153511557 0.0435040345789404
-0.0997542117036458 0.123078494647626 -0.0660364254175347 -0.0403172843362715
-0.150207670401722 0.100849966375625 0.0199048578866249 -0.0674687653695561
-0.17893774623395 0.0874458694541779 0.078622822116305 -0.0278032988119732
-0.189799559950515 0.107695647638662 0.149920318055949 -0.0443994671954716
-0.153696900017604 0.157541133112172 0.148583655048405 -0.107598040810586
-0.0673284128924088 0.232158308061692 0.0526484708935039 -0.179818452363928
0.0411459685902305 0.240559095859208 -0.0348834319426563 -0.180536113407315
0.129897941410015 0.187084435021255 -0.0749301091492517 -0.0975423813014863
0.166884077218693 0.130718220123172 -0.105232422716838 0.0184455319942886
0.195846647660173 0.0517942990845267 -0.111248087754928 0.12865482568198
0.225208016448057 0.0449538737470535 0.209754902326272 -0.0100846941677873
0.172864403630248 0.147638650378258 0.17374739786217 0.0566120399897896
0.138940859280432 0.225473043347425 0.0538244696267656 0.151422717401356
0.0439967768610612 0.27055402830589 -0.0224832969722127 0.128215016849556
-0.0799066090737299 0.230823270703855 -0.0945950367820047 0.05637823646992
-0.160989522051902 0.139142679741043 -0.0985806148377616 -0.0105208590207646
-0.196608456640766 0.0982213634268589 -0.0350468314774896 -0.0289892128725551
-0.201641629465383 0.0983245599863417 0.00742510799121147 0.00888888883655395
-0.188856092947546 0.133239240326797 0.0776165428373721 0.00105368654870877
-0.127191558596646 0.186782198611536 0.0963635987017816 -0.063384052441427
-0.0176294410465334 0.253385932543242 0.0307620078340358 -0.151327975002771
0.0936974762686106 0.243130319817996 -0.0407162094142343 -0.184778660751548
0.168594816406259 0.175462179211621 -0.100459462603859 -0.125320569215903
0.196467640148777 0.115117933995207 -0.161376502229275 -0.0134338080500685
0.223601933797993 0.045734640317378 -0.19547763308929 0.0911072846638375
0.220081167925887 0.0596112974136896 0.118222403425857 -0.0499752638820028
0.15840884737242 0.174709334139389 0.106221386284461 0.0132639550976501
0.105405402384332 0.25824414879101 0.0253022542003044 0.108039580353479
-0.00896798554105077 0.292546299208783 -0.0289195478179433 0.113715999724542
-0.134482596865363 0.22872946709189 -0.110934822863943 0.0693618463039519
-0.201660598448363 0.123224178973256 -0.152664189952211 0.0161214486860984
-0.215982147531511 0.0779178339230412 -0.114230584082237 0.00278667536539664
-0.195996904518954 0.0922924479674153 -0.0664737654305284 0.0454696629401678
-0.159925196420573 0.132919337503179 0.0206190046659797 0.0546270736154775
-0.0887735858624162 0.173651443545238 0.0698443968065808 -0.00641291965238742
0.0154583546736921 0.220992871153364 0.0351260009269988 -0.114306082348354
0.107260911156237 0.201844688952739 -0.0382307122746141 -0.178223421864233
0.165394298587485 0.137106117900993 -0.124638930170313 -0.139292382815624
0.186347837490012 0.0860195737024051 -0.215444107386017 -0.0303874189120917
0.218075858538407 0.0345302482116162 -0.27937517683962 0.0643681165832058
0.180422675362193 0.0603406321410595 0.0390893690758589 -0.102452113632992
0.115719409004252 0.160150654430817 0.0547725703269251 -0.0464489877232904
0.0561938449486617 0.229927311559237 0.0181897455116947 0.0540018164428972
-0.0512694614926398 0.24250166210807 -0.0225352379691081 0.0979454564504339
-0.14880659089319 0.174283494659018 -0.127963583639432 0.0768614712963489
-0.190990018202411 0.0837794728108231 -0.215541819908334 0.0305963581812862
-0.191584139764304 0.0482068362456952 -0.200749803164646 0.0222576790142851
-0.160048587330729 0.0697162647909346 -0.134068260374616 0.0760249911235147
-0.118480596961659 0.105055395868348 -0.0184550433969021 0.101999709798794
-0.0567895465320664 0.129268077921116 0.0631005266464568 0.0442291347282022
0.0200279696095986 0.160545745458939 0.0531688116235536 -0.0811941620824197
0.0836202829563948 0.145742086226105 -0.0274829601936138 -0.166761110663353
0.127459702580687 0.0952534924455837 -0.138056824516759 -0.144586319651568
0.146255593919442 0.0575291624988763 -0.254426768903881 -0.0401917611259722
0.18083263414455 0.0235998511174111 -0.351553990400583 0.0484162476355018
0.114271952547586 0.0425780214810676 -0.0123518088794064 -0.151197060583062
0.0625439380847467 0.10059282686692 0.02677573809614 -0.099045432157523
0.0224688679580182 0.146708854107635 0.0320811335394289 0.0133490970577849
-0.046540257539152 0.146970847009697 -0.00590996936537037 0.095071617960302
-0.102190102450076 0.101471302623218 -0.13658552682621 0.0871482401344801
-0.122829560016795 0.0445138323626477 -0.263320975946122 0.0409062758238357
-0.122274349154973 0.0198471609954577 -0.270430720513857 0.0347923301313008
-0.0991834180292179 0.0358177697236389 -0.183191313913538 0.0950983668912243
-0.0701589514327226 0.0580613399551518 -0.0426502130528226 0.131811491433403
-0.0340817077530884 0.0734049331556807 0.0629135153080923 0.0784543846365118
0.00784673699376711 0.0951202965916162 0.0715354620772149 -0.0557312304609286
0.0452627234049457 0.0913628368546508 -0.0132547530053601 -0.15511826103559
0.0749990333583611 0.0589232248441542 -0.139910722002009 -0.148103216215053
0.0886861332826627 0.0339391601319318 -0.275588902551647 -0.047730685833914
0.119615117123242 0.0173561676048652 -0.398396568595266 0.0413237081014559
0.00220761639533623 0.00757422311853881 0.387047532506399 -0.0290169103149451
-0.0128365812103393 -0.0157704868378181 0.297308139647594 0.0343142131563094
-0.0020543281055438 -0.0138426565404437 0.134017007766907 0.138433840717429
-0.00726221781489875 -0.0234014115859302 0.0197920195269332 0.128420277310987
-0.000770330690759007 -0.0212453610118906 -0.0664680064336984 0.0473399476227741
0.0138611977544164 -0.0210793076302039 -0.0466781798842228 -0.0619092025893185
0.0187337214514635 -0.00987479374780085 0.0478703207767549 -0.114748909058963
0.0185866139300104 -0.0128360404202593 0.170858747700728 -0.0735427339199405
0.0255288615255038 -0.00872584647876595 0.269242856825285 -0.0527305732143873
0.0283465944224778 -0.00144089564564012 0.265545047745682 -0.0704815332170857
0.0152264242246425 -0.0118188573298633 0.141528808215093 -0.120720129290816
0.0154094679268938 -0.0293441667296902 -0.0256180558444528 -0.13351490018286
0.0132197850396697 -0.0397721872393636 -0.0730997536794295 -0.0184353342572528
-0.0164796873551352 -0.0344971108268164 -0.0476522274199162 0.10971011378249
-0.0210553078322366 -0.0287589601981788 0.00646660108273083 0.20716422930664
0.0725856810926701 0.00399799749882282 0.377350095594484 -0.00650708097138824
0.0459581205556992 0.0112313798326088 0.288865236115786 0.050543625971949
0.0482273767053785 0.0265329430301445 0.120849739967299 0.149923550383741
0.0292304246694354 0.0335865824813277 0.00477076263800453 0.124573502016361
0.00846507209972759 0.0384379026951472 -0.0771567266044838 0.0377782876159866
-0.00750436141321507 0.0294597377507416 -0.0483822522595168 -0.0662654854644278
-0.0316429436110927 0.038323454921964 0.0521368499900592 -0.112820844239402
-0.0549819871983236 0.0245241675159003 0.16346826151566 -0.0693968754291796
-0.0689702776562182 0.0225824071903026 0.257199797722167 -0.0610756851215891
-0.06669675440268 0.034651275554513 0.250801831392988 -0.0928090333643831
-0.0570410450935103 0.0599955866407834 0.125389536631663 -0.147682468322234
-0.0210372306815286 0.0696774616768857 -0.0242824489539604 -0.141691368814329
0.0259752448230778 0.0600068435544078 -0.0639440993794885 -0.0292450663680023
0.0392903927675702 0.0477526555637754 -0.0458610167627211 0.0942453190634995
0.0572360492520344 0.0110452682723783 -0.00145804929379217 0.193066983137394
0.136322141997255 0.00934518963497208 0.341286660149794 0.0079078593036679
0.101031486696507 0.0490477932139515 0.263851609073888 0.06391278290384
0.094197100367093 0.081193672280609 0.104861492723142 0.15916051334194
0.0562184907232926 0.104206337346107 -0.00530669700415398 0.124561664911387
0.00317985128043473 0.104910438417653 -0.0812846524712929 0.0346806127432156
-0.0432739340719828 0.0767579766716018 -0.0507227890544811 -0.0575768578336381
-0.086596450597899 0.0751046056544347 0.0447985143245045 -0.0942676415845887
-0.120545896441776 0.05761127149385 0.129480108529518 -0.0522462834789571
-0.142277654719937 0.0610055161931894 0.208362679017844 -0.060580270273868
-0.130979398586196 0.0895802926313128 0.202274316409534 -0.110090016656065
-0.0862492410061443 0.146250714507167 0.0895203919043521 -0.169195731029375
-0.0133352455745616 0.166610936269652 -0.0244609541864668 -0.155361394462424
0.0657536279888897 0.140204116434295 -0.058497310452851 -0.0568242672672699
0.102231556298466 0.105823529684482 -0.05986255153423 0.0581634388213695
0.130020912475954 0.038926616864342 -0.0388712923008912 0.159993134955245
0.184946000449181 0.0234230705130715 0.279425995489648 0.00837693183780678
0.144084637967099 0.0957531051511213 0.219838859250455 0.0676900914830459
0.12673322149319 0.148136370197673 0.0805804339902542 0.15897613097636
0.0648947546497546 0.18456460534807 -0.012864618697868 0.123193550521439
-0.0243853090503903 0.171121201418237 -0.083599497494932 0.0396582993107599
-0.0946338534637712 0.114556100311458 -0.0626657501797735 -0.0365537428649269
-0.141517372194801 0.0932365500992613 0.0182681086216805 -0.0633303447387415
-0.166791571025277 0.0815602100872898 0.0745967074236519 -0.0246213715569657
-0.178104157867347 0.0991682603520556 0.140212156234061 -0.0397074617628693
-0.14547633861846 0.145553745784208 0.139631602788042 -0.0991167836534155
-0.0622482521123119 0.216798379594592 0.0498890519896565 -0.167014112466119
0.0374746771694884 0.226812570921411 -0.0306596909823354 -0.168558488337302
0.122408753815548 0.17619668952509 -0.0693507309168585 -0.0918647046255251
0.157142608585466 0.124839008600609 -0.0964358481348889 0.0168390002762293
0.184530657623904 0.0484157878968141 -0.102483059400489 0.119522605674785
0.210460305041556 0.041595829643534 0.19887206240405 -0.00955170730282974
0.163270337426128 0.141172444864834 0.160882410426537 0.0507143409600046
0.130996722580032 0.210858472197282 0.0489608153525659 0.140272970865723
0.0413992478372689 0.252341847320189 -0.0230281032576966 0.117654523445456
-0.0735676570332835 0.215236061517422 -0.0908833986359644 0.0512886776780123
-0.152106769584754 0.129828147845857 -0.0937742558223822 -0.00938710491655251
-0.185620704298208 0.0909959342368541 -0.0329741423832468 -0.0280972200239545
-0.188336967099964 0.0910381247102877 0.0076415656363786 0.00891255979956313
-0.176941913196721 0.123262226600998 0.0733835818023127 0.00157169148268843
-0.12086578783209 0.172986378956574 0.0907590450262155 -0.0580824940470089
-0.0151187006312353 0.236212814164544 0.0290104082271664 -0.139630113611907
0.0870143891857604 0.229158699747168 -0.0354014961794702 -0.172862306551684
0.158791108656684 0.165027941641188 -0.093838239260837 -0.118515595820719
0.18403952757386 0.11088026562357 -0.148262819224049 -0.0137401757810539
0.210871472927912 0.0431796783936101 -0.181588907524938 0.0842888777015108
0.205025535824293 0.05521542592135 0.111909034907626 -0.0464241372780524
0.150560654549669 0.166800278675924 0.0973505431529029 0.00980745750046605
0.0997233957092638 0.241964291554019 0.0218671846944818 0.099978043825456
-0.00759354848775864 0.27242300474352 -0.0289943893324692 0.104500774388518
-0.124792087436003 0.21303607266013 -0.106381827160511 0.0626897055498426
-0.189976549842076 0.11470939976354 -0.144048457360747 0.0157346601681986
-0.204163372514915 0.0727653136497672 -0.106820730992402 0.00186646017391469
-0.182866211769691 0.0854275421284156 -0.0619840044351484 0.0415608638959357
-0.149972135053362 0.123153108790162 0.0204320326086233 0.0505535206597879
-0.0848822521291134 0.160830700072719 0.0658806575869717 -0.0049382083189237
0.0154506619270364 0.20659779957411 0.0334821208511701 -0.105040139108017
0.100048263732782 0.190392591995414 -0.0332571556909301 -0.167050474427702
0.155187501747998 0.128849503138401 -0.116359223838045 -0.131429408184571
0.174969837357248 0.0833820228167143 -0.199009038122536 -0.0308170191355284
0.205459266230471 0.0316727822804516 -0.261738736072922 0.0589935598161109
0.168291095947089 0.0557374073967474 0.0362872350094745 -0.0958009724888405
0.11005300153761 0.153030796985254 0.0483536978116104 -0.0464683871918305
0.0533402404234517 0.21527824506288 0.014913423859002 0.04876208517623
-0.0486291326123495 0.226007421056001 -0.0228981162474643 0.0893107342882329
-0.138816411868372 0.161868643087559 -0.122033960676058 0.0694134536254503
-0.178865998535642 0.0774982836976972 -0.202315251814121 0.0283352878020007
-0.181161081051053 0.0449543933909396 -0.187671194169283 0.0198394638960924
-0.149701192896102 0.064916114663434 -0.125873112908237 0.0692364893094105
-0.111034831553608 0.0976238555643374 -0.0160241259256748 0.0936246345132905
-0.0543612339932019 0.120117050045897 0.0597754340472833 0.0419823099006121
0.0196216479649505 0.149879504741607 0.0505517106425989 -0.0742662995274972
0.0780218062603022 0.137510387155579 -0.0228691475436974 -0.15589158036688
0.119445175310238 0.0895858369122357 -0.128481134424084 -0.136475760970288
0.137249853449973 0.0564385154490288 -0.236728756306993 -0.040227668103881
0.170684268159282 0.0216310778581265 -0.328895438747846 0.0438457123867558
0.106568463788743 0.039897510611438 -0.0123618717365653 -0.142116323009006
0.0597216627745767 0.0962422136867785 0.0219878097831147 -0.0948412910855298
0.021665708171856 0.137508933167437 0.0279057763690148 0.0113976553132699
-0.0442170517655086 0.136683966619786 -0.00676857391747703 0.0870278709843116
-0.0952804075962075 0.0939714668448257 -0.128981997704513 0.0785136026104082
-0.114813142632064 0.0408792710509319 -0.247066309122933 0.0370374643573551
-0.115918476497904 0.0185322937706255 -0.252345033496129 0.0316243771659474
-0.0935037586926961 0.0330477398147618 -0.172265269459578 0.0868825792162822
-0.0663559667397472 0.053535610428942 -0.0393139395158112 0.121004107929948
-0.0326256506582309 0.0677933221490943 0.0595955802990769 0.073512034689376
0.00747839382775503 0.0883562172637117 0.0681092713139391 -0.0501626129985233
0.0422260460637787 0.0862018984982507 -0.00967376373753492 -0.144505576313038
0.0694086720190406 0.0555273666790897 -0.129329226088191 -0.139804317926235
0.0830659371400764 0.0338358465396081 -0.25653786683058 -0.0478083400210789
0.112893597868268 0.015483246514857 -0.37374617109772 0.0378748047163297
0.00325867111778049 0.00646073290493323 0.383833185283778 -0.0129222073436008
-0.0133083725551224 -0.0154700168859691 0.290899663223881 0.0444375785923935
-0.00236126126176368 -0.0149157275319894 0.126061807328803 0.142261455183258
-0.00676997852381029 -0.0233900227250765 0.0138243403700247 0.12675735435867
-0.000239019063072773 -0.0207450271858817 -0.0685236620309618 0.0432611688146535
0.0146548142574449 -0.0208448836182802 -0.0445478313868179 -0.0625226268702907
0.0195636551578654 -0.00947287531533566 0.0513683626478372 -0.10916592954957
0.0181845917019535 -0.0113615248368598 0.173170810255778 -0.0636510534988004
0.0246007117975317 -0.00787193209432482 0.266793162279544 -0.0387660742324621
0.0283899162990564 -0.0012045100525491 0.265176669679817 -0.0577640902130958
0.0151873408488375 -0.0103298976077322 0.147069130770112 -0.111866342204895
0.0169385515505663 -0.027512360486145 -0.0192620468330853 -0.131274643130782
0.0136204830850875 -0.0387192820162556 -0.0694644019603939 -0.019846884789514
-0.0139243547924665 -0.0347060973349788 -0.0503233614851767 0.107486133689984
-0.0197258894987083 -0.0291679868522563 0.00130774567117912 0.204022468752744
0.0719698835470742 0.00562769648264002 0.374677456724882 0.00692314861165634
0.0444010472481784 0.0134908239468531 0.281830151561077 0.0598700855251839
0.0462974061397897 0.0273475158749994 0.113206235028417 0.152746895324695
0.0271253414500924 0.0339998748713331 -0.00116287971089747 0.122511088438365
0.00733128081989387 0.0378833420682014 -0.0794454078677765 0.0336844103175579
-0.0088681523963063 0.0280093858442826 -0.0458905867201643 -0.0666775444405205
-0.0318601792781766 0.0358081620413264 0.0550353266564349 -0.107513835135375
-0.055917528078632 0.0222936310959397 0.164999689278571 -0.0602647476616279
-0.0696469198261454 0.0183945968902672 0.254731478816642 -0.0478167818690494
-0.0675600195703735 0.0301922619888286 0.251415551084331 -0.0801800677060966
-0.0584518489310377 0.0572072545814053 0.131496138188382 -0.139004241995825
-0.0239600636363549 0.0689154363077439 -0.017272862808808 -0.139537813745934
0.0225400438858982 0.0606341342019994 -0.0603550514229175 -0.0311429549245715
0.0382591433880344 0.0494292511311204 -0.0477114154171115 0.0918992431088725
0.056537788363925 0.0133663501173027 -0.00567990476443159 0.189802983712271
0.134006058621444 0.0135646913153792 0.338557730678152 0.020409101043522
0.0979324351449195 0.053197337929233 0.256437295965812 0.071813213347814
0.0894745690332108 0.0831144136065592 0.096757996811434 0.160695202349808
0.0515873745584268 0.104166437954684 -0.0109399146774201 0.121064787415069
0.000638978531252495 0.102795583619998 -0.0828758109938373 0.03076846608149
-0.0460794833555078 0.073544485460445 -0.0488657236048364 -0.0578595267878532
-0.0875766105809115 0.0699595144628445 0.0466843657997415 -0.0902680377944095
-0.120846592642283 0.0526667084055152 0.130626626829512 -0.0452298317187334
-0.14350663713054 0.0534311369947383 0.207010338905249 -0.0492990817626919
-0.133435879963368 0.0815180358181456 0.203767677840685 -0.0990530923032858
-0.0897704604428659 0.141066219379693 0.0951948262007892 -0.161983616184794
-0.0199335382817071 0.16514583922716 -0.0166849938909462 -0.153393729157331
0.0596421130956254 0.141792536542932 -0.0544752394107037 -0.0588165046167586
0.0980199765117866 0.110087672088069 -0.0601746066372894 0.0555181149840292
0.127634458850043 0.0433940209111161 -0.0418928440721751 0.156169124891979
0.180937281510428 0.0293172342814169 0.277369362457348 0.0184382163545582
0.139542656936151 0.10241307952275 0.21258939618377 0.0728812485832918
0.119607197421032 0.149917025031043 0.0728334177240178 0.1586737409877
0.0568814470860677 0.183330507193558 -0.0189941305387155 0.119024252130985
-0.0289223523895876 0.166338249437854 -0.0857050919295859 0.0361121326836304
-0.0984202460933931 0.108959998506323 -0.0613573754310603 -0.0372946264143348
-0.143322621943178 0.0859120099217441 0.0199407953507342 -0.0610859446772669
-0.167209047223618 0.0741041608306766 0.0756292473111781 -0.0207715416106989
-0.180217692951221 0.0896190841425042 0.139736592972351 -0.0325944665087351
-0.150466341896257 0.136571307459692 0.142099344398854 -0.0912578854130348
-0.0681892806089825 0.210817383587966 0.0555009326801927 -0.1607705565768
0.027640855585834 0.226412290733186 -0.0217712459389684 -0.167382244726652
0.114481364944124 0.178899717168789 -0.0650537554444538 -0.0939207075859591
0.15140550217794 0.131432301518813 -0.0940840665447358 0.0125145112677999
0.181322526273923 0.055059911662715 -0.103638048438889 0.113358630450095
0.205087712685398 0.0483248085710799 0.197466704263123 -0.00220287238068116
0.157885176387222 0.148189069146208 0.153661625062785 0.0538071797018929
0.120884353944775 0.212744624955428 0.0419820965415596 0.139271678659243
0.0318622372326506 0.24896104745213 -0.0285791793603937 0.113130605943183
-0.0790892015125372 0.207818678141648 -0.0932613213201407 0.0461469724815079
-0.155478171309183 0.122013376091637 -0.0924649023018665 -0.0111485940479448
-0.187559030454681 0.0821372803875485 -0.0316460809499539 -0.0289913874556464
-0.188325838194693 0.0824309961343781 0.00859279519006771 0.00882785263637979
-0.179715541754386 0.113889911118378 0.0728953077127279 0.00467941910432286
-0.127284694762225 0.164434771913369 0.0916866640632856 -0.0523859075047224
-0.0224693320747068 0.231302141617775 0.0341752220141478 -0.134367237668579
0.076155509709493 0.230338277188852 -0.026355957063094 -0.171486585087208
0.150644829878777 0.169004262656977 -0.0878472031738102 -0.120996871365199
0.178184304718295 0.118928667831322 -0.143909743857315 -0.0200121808723638
0.207503392080124 0.0499266807949012 -0.181387627508892 0.0753594825780861
0.198691751054598 0.0619618460059667 0.112506802242627 -0.0421501390678336
0.143966497743078 0.172944689740775 0.092108648366571 0.0109599905984292
0.089586293953481 0.242544642123722 0.0155286785866817 0.0983010242640806
-0.0177877972784634 0.266904577959041 -0.0338146674914187 0.0995453829037091
-0.12987686966258 0.203400490237388 -0.108956021982491 0.0561158159655288
-0.192090265319603 0.105849400581004 -0.143095185408201 0.0105579334593321
-0.205599041680729 0.0629587931898801 -0.104828652303494 -0.00251177210232475
-0.183009575484478 0.077049548308178 -0.062360079928322 0.0378622635830631
-0.153462438350775 0.114931493836053 0.0190989697449531 0.0496412681852176
-0.0910460910326217 0.154296164840054 0.0655852054206653 -0.00138838887085943
0.00932393368447748 0.202718999422064 0.0369072393463965 -0.0999932825353765
0.0909418229748246 0.192540995890288 -0.024171988892451 -0.165631525356287
0.14836148352488 0.133490751196825 -0.109308012097906 -0.135013267689724
0.169921469640822 0.091556459634303 -0.193474416531878 -0.03995180827346
0.20297402272309 0.0384521426649131 -0.260029412183451 0.0476228108971465
0.162876280893525 0.061504171495067 0.0391134984403709 -0.093567990061503
0.104230484551046 0.157077310939346 0.045389002274645 -0.0460458612799726
0.0451039738716516 0.214549521888295 0.0099403813981828 0.0476919395257595
-0.057060218138865 0.220801711845466 -0.0270857876611512 0.085075309195109
-0.142457784696464 0.152947479759621 -0.124790132133139 0.061233378098698
-0.179987980338973 0.0689281014900082 -0.200663496077418 0.0198756139206005
-0.182276452747687 0.037143836229769 -0.185077514983599 0.0120695662316758
-0.150459272506173 0.0577554590589295 -0.126686174554878 0.062119201022581
-0.113238279967509 0.0909461105749638 -0.0186311243753915 0.0899759516260411
-0.0591753810136462 0.115352340226328 0.0577232860915446 0.0443417829831777
0.0146254045094539 0.147475485938712 0.0533315084252861 -0.0694365226292672
0.0717391678543473 0.139231698627802 -0.0143454186933257 -0.15418726813189
0.113704319430008 0.093342938993306 -0.12038968253805 -0.14022680995666
0.133799493474599 0.0630170860658217 -0.230713773763594 -0.0510230631135568
0.169119352485407 0.0271186121179833 -0.32646022062797 0.0301722413604425
0.103277290393433 0.0430990591249847 -0.00894539693858535 -0.140130679313564
0.0562397684385921 0.0988859090068742 0.0215914225826372 -0.0947333496017602
0.0165690070164987 0.136039464599605 0.0244042430331278 0.0107809375120458
-0.0495807710220455 0.132549964278794 -0.0107723031817705 0.083441444139925
-0.0972759866765034 0.0879143462191458 -0.132239625815113 0.0699043416186162
-0.114503158092006 0.0352285118494836 -0.245554123267978 0.0264636800809391
-0.116435279149314 0.0144082297788019 -0.248512147702768 0.0212952388390007
-0.0938119342264024 0.0290420802806558 -0.173511402398601 0.0775855725378047
-0.0674018691721981 0.0497886091461868 -0.0434554047970088 0.115586526410735
-0.0355755602512245 0.0652498729592501 0.0569035481639278 0.0749804007630126
0.00472144965737703 0.0867880045242797 0.0701929888184937 -0.0449783705391762
0.0386755840873728 0.0864202995335814 -0.00177208218879773 -0.142442484195445
0.0659122429526799 0.0580944055685519 -0.121215126449205 -0.143384886563313
0.0810334328636614 0.0380295950997504 -0.250569876366522 -0.0593046240631656
0.111778105345234 0.0179593550010257 -0.370461680508785 0.022293549774804
0.00455820708336305 0.00528416057773538 0.403347183281371 -0.00498845980689842
-0.0146839477915883 -0.0155952710950957 0.302940072886257 0.0529274396442133
-0.00279849597148299 -0.0169155118716368 0.128940696103616 0.15324793724285
-0.00734070826014835 -0.0246154623498315 0.0108963316688976 0.132412684811766
0.00027180061812641 -0.0215419337005575 -0.0742270600796796 0.04304532948806
0.015995180762633 -0.0219218171333123 -0.045921145461048 -0.0666547154527741
0.0210958523245858 -0.0100252427787398 0.0572451123968513 -0.1114664208378
0.0182785304357164 -0.0111157765164213 0.184769895571764 -0.0614428544270736
0.0252010547129833 -0.00803009044000023 0.279586160177727 -0.0311363219384731
0.0299557409716963 -0.00131893557915309 0.279812529415905 -0.0520714921898691
0.0165185346682585 -0.00948715877971823 0.160029021540788 -0.112867167648662
0.0186085646656476 -0.0280407763888797 -0.0161243314988956 -0.136130557338169
0.0140248371307293 -0.0397693531260459 -0.0697920263158647 -0.0215125036394306
-0.013163957217005 -0.0366582389462422 -0.0540415761393373 0.11274143852308
-0.0194991839525736 -0.0310326892161056 -0.000135581173581188 0.213518522733262
0.0758545786031205 0.00688436069852445 0.39426524839189 0.0163771550810499
0.045778456037005 0.0163538140792736 0.292420866434074 0.0681386068633013
0.0470023446563187 0.028812968802765 0.114705451603085 0.163454220320153
0.0275243710459778 0.0361551347142625 -0.00534628380818392 0.127379709718406
0.00752739602406549 0.0393612710935515 -0.084509223013985 0.0326193972429208
-0.0105577356589453 0.0286220319661702 -0.0473214445959826 -0.0703990610545735
-0.0339054803406152 0.0360650910450947 0.0603549023979161 -0.10981075404997
-0.0596984728895912 0.022682329885206 0.175747015426127 -0.0575670696769281
-0.074303141514156 0.0172013932200948 0.267433618171002 -0.0417004707702351
-0.0722209654086231 0.0284699211323515 0.265552585532921 -0.0759739479350165
-0.06245453078531 0.0593629052284611 0.142755303044374 -0.141383178148237
-0.0274838094202654 0.0729392332190681 -0.0129836302332514 -0.145107918580556
0.021742137164541 0.0652040645005181 -0.0611228057945918 -0.0339577252318217
0.0396682602448931 0.0533375228974363 -0.0512892374040652 0.0969541254592872
0.0596112518347163 0.014910680791341 -0.00704377754605558 0.198706482229892
0.140502816114622 0.0166651838648596 0.356392499491749 0.0290072363645027
0.102205685090569 0.0602150842700463 0.265373207177397 0.0798585876567056
0.0913393869443302 0.0891241414528497 0.0967294632717971 0.170741082170581
0.0520649726842641 0.110077541326851 -0.0155967995534278 0.12553431883714
-0.00121448071051132 0.106683381442288 -0.0893422538981286 0.0303421090208245
-0.0506395446015785 0.0756328907336849 -0.0501780138533486 -0.060625609002461
-0.0936066810434858 0.0701946063816451 0.051252543340968 -0.0921256896083995
-0.128240168627127 0.0525571578173214 0.139131773567706 -0.0427386944460942
-0.152913340071922 0.0517389735094316 0.217720045916613 -0.0443131310922805
-0.14305687921132 0.0808140963019151 0.216659311473387 -0.0969212215391312
-0.0968925402586098 0.145684270190447 0.104390396268515 -0.165661587195124
-0.0258451911968449 0.174018823615611 -0.0119567870145376 -0.160323868915094
0.059442413304112 0.150882917994907 -0.0550827833020965 -0.0640885096980224
0.101382633424947 0.119196062608617 -0.0628714417181605 0.057625513324309
0.133836051864693 0.0480244082533889 -0.0446999692537053 0.162027017321528
0.18879984832534 0.0344019541417706 0.291790573583145 0.0259093223549523
0.145488173696408 0.11263395808925 0.21858653290038 0.0802914320264818
0.121277869850832 0.160632413226078 0.0709622733058463 0.167813596600603
0.0561215748192318 0.192548996276133 -0.0240050502470101 0.123041885716168
-0.0320391702660725 0.171975535858843 -0.0919279798862865 0.0353924172546326
-0.106870531522451 0.111307184056334 -0.0629917988914184 -0.0392658379258299
-0.152372092957816 0.0856976067723831 0.0219366316784349 -0.0627031700402974
-0.177324996555696 0.0734645818554149 0.0804418012105783 -0.0189667487997391
-0.192389192659166 0.0889336440434294 0.147098067174895 -0.029199261742264
-0.162637573733175 0.137982250876603 0.151026146528583 -0.0903787521858281
-0.0754008003358819 0.218750755944023 0.062005970999129 -0.164741457440202
0.0229421496685056 0.239791042457408 -0.0165519189182152 -0.175089198657074
0.116335115317376 0.191635453735174 -0.0656560247954989 -0.100973026676678
0.157229630281129 0.143738635393014 -0.0975726227114336 0.0111733442436029
0.19039175631518 0.0609882067993706 -0.10935798389809 0.115882914406111
0.212836879543993 0.0552799681345807 0.208081137556813 0.00176678261780924
0.164104596723036 0.161627954463209 0.156398767508951 0.0584330218723877
0.122564789806669 0.225770069213673 0.0389775190518157 0.146255371598043
0.027577239754671 0.260691939635454 -0.0347463682224271 0.116455682650695
-0.0858972720101723 0.214415792329978 -0.100702319765351 0.0459252021542147
-0.166872220235854 0.124148073045611 -0.0964067240200246 -0.0126067649111341
-0.199043949369622 0.0808465519084142 -0.0320831068844985 -0.0305943460884774
-0.199221460979926 0.0819196369329398 0.00876102989233339 0.00934922317071975
-0.192317277776483 0.11393679822014 0.0764065308586384 0.00652239598398561
-0.13918113676521 0.168351241158955 0.0975563203267358 -0.0511713933763256
-0.0276970552975802 0.240955152790168 0.038849727035474 -0.137061152377162
0.0741172009727512 0.245375767849807 -0.0213576362941221 -0.180319795530507
0.154668188360231 0.181881096232154 -0.0889343237580432 -0.12977147733844
0.185468747278183 0.131778801169863 -0.148561792334059 -0.025650564884712
0.217813503217593 0.0564416391881418 -0.190767330410785 0.0740461187294059
0.206337496965984 0.0697790374044846 0.118757767833764 -0.0414042419850359
0.149593335828653 0.187079282554238 0.0924136872360003 0.0117607419736572
0.0882465215766302 0.256235789711115 0.0113768659105389 0.102592341760013
-0.0255561616067933 0.278271249187054 -0.0400170198709878 0.101541196576127
-0.140167047825441 0.208851766378085 -0.117349509852214 0.0548154948838647
-0.204661427296215 0.105969429312951 -0.150027453934883 0.00835209163024498
-0.217885790699698 0.0616916745838913 -0.109185655997202 -0.00501811305317129
-0.193743959844133 0.0761616981521355 -0.0660303554795456 0.0372516289132488
-0.164071672854282 0.115901552516316 0.0189915280663306 0.051122528595884
-0.100695656323588 0.158878634444828 0.0689777278490704 0.00114821058361166
0.0062774453592087 0.211159468899982 0.0411441127507807 -0.101106606610892
0.0908693907163663 0.20523681214211 -0.0192839954785103 -0.174152410034048
0.152215866457989 0.144495818797048 -0.111009105573252 -0.14448830099379
0.177659493260653 0.103254464594567 -0.200957847171369 -0.0484223112517632
0.213348524433082 0.0441259847837934 -0.273912063670546 0.0433809867265437
0.168864843957602 0.0681587715828293 0.0414842777397591 -0.0968030892607399
0.108165780994506 0.169769909481732 0.0447902908965935 -0.0488449048244052
0.0422059584260672 0.226014417331721 0.00662465784754698 0.0496045459097791
-0.0658712527828716 0.229520250836656 -0.0321606768464695 0.0861286477125966
-0.152642656498234 0.155664971490935 -0.13453107067722 0.0590610958256072
-0.19027645558458 0.0675545570564457 -0.210709182594308 0.0164491454779577
-0.193174247574767 0.0353962048850109 -0.193041937038509 0.00774949492270506
-0.159028245095861 0.057322260839409 -0.134207689727844 0.0609507041093072
-0.121324247254263 0.0921613061197375 -0.0216601308121943 0.0923349338114723
-0.0658241764133165 0.1191985347802 0.0599850275987073 0.0482496388210384
0.013030667348677 0.153882125371682 0.0583009450633941 -0.0685247694028754
0.0719599500526722 0.148886162252128 -0.00910518716558644 -0.16185253448302
0.116772024774648 0.101617449961776 -0.12245447583306 -0.151011960607822
0.13973447137903 0.0716597807190262 -0.239235681504503 -0.0610401852627823
0.177528481878135 0.0304171544114286 -0.344097962562263 0.0242158828153786
0.106816003943962 0.0474844023748602 -0.00749741759808245 -0.146905193153501
0.0581050515466836 0.106720319950515 0.0207390652028615 -0.100156594060946
0.0141043889250818 0.143075984462255 0.0224109975941506 0.0115475109134163
-0.056298106854021 0.138179005106429 -0.0138713013141264 0.0852552952377085
-0.103819649578258 0.0886914947238281 -0.142189808702066 0.0671773541025722
-0.120532853872805 0.0334107809910639 -0.25772407109128 0.0203773837513629
-0.123493344286211 0.0132157034683434 -0.259886205023516 0.0151284464067246
-0.0993394290534556 0.028589053501745 -0.183955796871025 0.0762032811434147
-0.0729082765292795 0.0502633883812143 -0.0480596952446416 0.117928940777506
-0.0394000551898721 0.0675417556699676 0.0585933247608327 0.0798707272363743
0.00334163540564005 0.0902613787540955 0.0761902877571445 -0.0432623674347248
0.0384594167873366 0.0922228641160339 0.00382287686873472 -0.149186044562929
0.0672787957597374 0.0632815341669341 -0.123080232293623 -0.154741913775247
0.0847755297055588 0.0435401190572049 -0.260599147167675 -0.0696393620030315
0.117194231009071 0.0196924987670516 -0.39020902746159 0.0156731811558809
0.0109634481268661 -0.00178617886502852 0.422778001460652 0.0737168537346755
-0.0105715298213679 -0.0224179971784153 0.308645426337572 0.110195937015663
0.00269327590784747 -0.019245839662562 0.106972499949165 0.185532384593618
-0.000675798247209893 -0.0257914576999092 -0.013498966918141 0.140039664579726
0.00521635362044496 -0.0203411689850706 -0.0877018149651236 0.0306137889047757
0.0197592990469133 -0.0207539953529673 -0.0368834919585012 -0.0795086219500967
0.0240974156369366 -0.0080308868511956 0.0833053666806734 -0.107701296506366
0.0212973628685172 -0.00781322288829539 0.209880202669951 -0.028891668976866
0.0270543847941104 -0.00362530237193975 0.304081316474823 0.0211549929738813
0.0345040545032787 0.00340169262903611 0.307210573731576 -0.00264305396469515
0.0211733767189785 -0.00559262027655169 0.191814801003756 -0.0884545668864891
0.026270196423734 -0.0274544213366823 0.00923459160657458 -0.143120729910815
0.0226503132771825 -0.0389865537410166 -0.0682774388504299 -0.0337121767283994
-0.00681295232037957 -0.0407785591125379 -0.0768713715380953 0.111864789016677
-0.0134387034323228 -0.0359156525746368 -0.0403065227056271 0.227892579565982
0.0844138666983926 0.0154855053066521 0.412284956964753 0.0938246607155353
0.0466748798178126 0.0236137705674964 0.296937706645213 0.126034282126376
0.0446350807668608 0.0388859696221366 0.0927973979128949 0.19602002587763
0.023887792183775 0.0428187789688814 -0.0297359389543456 0.136673422238156
0.000400380544714679 0.0437118070739246 -0.0965319302948859 0.0216894488114174
-0.018768480866176 0.0274973034998995 -0.0381219345129816 -0.0823231209787491
-0.0424256617329482 0.0297128212372024 0.0835419524058319 -0.105089011243496
-0.0677301475689965 0.00977103657855049 0.198810249563199 -0.0265735284086215
-0.0830626894559697 0.0015261353888814 0.293996129613498 0.0073140177386872
-0.0813845432131661 0.0131359094970501 0.298097787136276 -0.0317482890556936
-0.0782161610853796 0.0482919632662671 0.180586063754419 -0.12442710867114
-0.043303706339388 0.0703815531805456 0.0150669125435966 -0.159106207542908
0.00691314184446963 0.0744152093890799 -0.0571671585329791 -0.0488563995483973
0.0302806450351953 0.067312848792477 -0.0731264319653248 0.0911620309736367
0.0628730997529276 0.0318253253489821 -0.0478722066022143 0.206902324932879
0.14808856054232 0.040462051034909 0.373333796126397 0.101206430065853
0.0974052339727292 0.0809806091479441 0.267227378561889 0.134897827883103
0.0784859234452352 0.110969883525435 0.0749699235551426 0.203672014318678
0.035565053309455 0.123837291148758 -0.0412691171929556 0.137680566339179
-0.0215781750002182 0.111346296618088 -0.100326943221035 0.021760189137217
-0.0705451286538815 0.0691637491285203 -0.0433195408857614 -0.0712503244957248
-0.111689978325531 0.0535958592656867 0.0680492336402219 -0.0883827086772704
-0.146477957633753 0.0253535350233164 0.156691788324369 -0.0176097678773298
-0.173011512379025 0.0210585643443452 0.242610630166351 -0.00777214283808584
-0.168581033518591 0.0527948860048433 0.249554640149783 -0.0657852601742719
-0.135216412504992 0.13112121383826 0.144462095283779 -0.159992066027533
-0.0627423962938329 0.178895784803594 0.0171291117429451 -0.180899929503072
0.02746521847066 0.174445300009309 -0.0470679600715665 -0.0825763878203591
0.0820917604332052 0.151297111415992 -0.0805130856708555 0.0440758473983027
0.136562910438462 0.0847765714037997 -0.0837975786349996 0.156809510947997
0.19333599507481 0.0706740292144997 0.307438832437146 0.0858458710230273
0.131895695399298 0.14458818874989 0.217833407228545 0.127767964798944
0.0945629256828452 0.191481430328252 0.0497083051900995 0.199633301804547
0.0237529044159639 0.2090246755942 -0.0524125759818285 0.138701889609468
-0.0671915374371014 0.172365951596151 -0.10567595691583 0.0301274899946169
-0.136884194051973 0.0951529585415797 -0.0629429992176078 -0.0497488789466051
-0.177088255459168 0.0585787610895794 0.0294779313935695 -0.0642162064014307
-0.201712207561706 0.036358481755848 0.0892342062698261 -0.00498000414118848
-0.222286758936963 0.0520663837156131 0.164825506424952 -0.00675719708786155
-0.202014400806336 0.109514734069114 0.177424540651903 -0.0723599295148514
-0.129451424350823 0.213536097040385 0.0982526982358929 -0.168350210141528
-0.0243028904709852 0.259423628052645 0.0112400667761979 -0.201005489556784
0.0788702636100349 0.230854071350132 -0.0531352974026424 -0.125230951786218
0.136051668370979 0.189534713658527 -0.110235229134843 -0.0133462588676545
0.19480941825643 0.111457201401411 -0.14587366286 0.0919707863485797
0.211499986545163 0.0987299157867706 0.225146934493302 0.0463236251009227
0.141374982899562 0.200133903111595 0.156050921766372 0.0944677015027785
0.0815819177336913 0.260303574699474 0.0181122849398171 0.175401636313914
-0.0177476898182429 0.274203179374012 -0.0658360249862219 0.133494486541406
-0.131634325485305 0.205137671019003 -0.119480755285159 0.0417016596613734
-0.203039384270979 0.0959995688150116 -0.104086291609982 -0.027961313660335
-0.225866210576691 0.0444709047392571 -0.0354525593958126 -0.0419273104278066
-0.227646995668034 0.0400058602362365 0.00814876417680174 0.0111918988264064
-0.227006103003126 0.0788847195383536 0.0822181195674973 0.016593729364533
-0.183772300824074 0.147549650309445 0.112464860796474 -0.0414434158489565
-0.0835857885214477 0.248043926371381 0.0667059793466151 -0.143710150020271
0.0299731143157907 0.275761356141905 0.00427471705326753 -0.206803094503519
0.1218876378052 0.228353887118885 -0.0736655081811909 -0.159713653704179
0.168283903114773 0.182579666976911 -0.158047805109577 -0.0624028609561435
0.225292621557984 0.11225012292555 -0.226832780190389 0.0300109433830389
0.200290974882081 0.112971541960726 0.138581953605802 -0.0152640600544822
0.120220079745565 0.224595092822795 0.0951927218117973 0.034085196515768
0.0394743789354132 0.285223004774918 -0.00537123189409731 0.12605628946419
-0.0778775436215601 0.28272919881752 -0.0728984527590923 0.116061135839172
-0.186659638056547 0.188855664666603 -0.14279626862301 0.0479796820350854
-0.238773391090988 0.0704286806847512 -0.166250806482869 -0.0167893838772457
-0.241854743865721 0.0208649704285391 -0.121942471149017 -0.0301518911650247
-0.221338339371031 0.036351737784197 -0.0776445855769051 0.025571911880541
-0.197483513180029 0.0870016315734899 0.0120027143338806 0.0528874308374614
-0.140980053705629 0.146747790654935 0.0724794502843795 0.0098729143787663
-0.0404893430497462 0.224471253976827 0.0619417214305666 -0.103463177139372
0.0557671772984509 0.236044190905124 0.0052984964602624 -0.197600584529499
0.12810644889952 0.187953973768517 -0.0940477233781895 -0.179030890657531
0.165413342353813 0.149043082090351 -0.208696708563766 -0.0952133255322303
0.221396349766156 0.0962784586809594 -0.309770080937769 -0.0190885290398385
0.15944149112268 0.104254074855748 0.0670098107959659 -0.088288437844027
0.0789096227122333 0.198060690352514 0.054159666134998 -0.0394662851872387
-0.00267282316681177 0.243725205743939 -0.0035563666313465 0.0672483715262216
-0.110857005349286 0.225126552756802 -0.0624891258581355 0.0967547573664736
-0.18936434886716 0.132182433621054 -0.162817196628988 0.0448228279384412
-0.215831867466479 0.0327113032798735 -0.23235141489445 -0.0215213747839993
-0.211042499427112 -0.000274001167283873 -0.212203119144891 -0.0327615413477396
-0.180863231481475 0.0249287388553845 -0.154957447845265 0.0371895340584674
-0.147605862172289 0.0712159373709664 -0.0390576261323743 0.0890623665169215
-0.0950166440135237 0.112399797208574 0.0549985940072012 0.059548765142589
-0.0200811397215303 0.165252501854786 0.0743707633647243 -0.0642456065500511
0.0479155008664783 0.172136728697938 0.0162831822376033 -0.179972804234832
0.0999203659913018 0.133765102490505 -0.103515874867483 -0.186743103089106
0.13133029134783 0.106675264148643 -0.245669568229188 -0.115173467282365
0.18422069752069 0.0729072854301266 -0.379303145563063 -0.0522090517994388
0.0981180689967991 0.0698656656569006 0.0223207671711467 -0.151634331346305
0.0381655891816861 0.122838495032059 0.037090108427116 -0.0998560619475214
-0.0147835423724325 0.150627828384258 0.0189243882479673 0.0249105432249441
-0.0841171659835647 0.132347316755515 -0.039248663277153 0.0927937406880936
-0.125258065430682 0.0734453815147504 -0.170696654915648 0.0480662495336757
-0.134947943234521 0.0116913272994847 -0.281059702071015 -0.0268319757587457
-0.13365422595973 -0.00979371350762459 -0.282935753756719 -0.0361929539446808
-0.112414065896863 0.00895582989128024 -0.211328604151268 0.0431486165466392
-0.087665603238741 0.0375259278279219 -0.0726285662417579 0.113125421376012
-0.0557853610220232 0.0629311313172232 0.047886537497026 0.0935997565333291
-0.0157341416034089 0.0961058162129882 0.0901861318518175 -0.0330775719934854
0.0235377587539731 0.104932365419934 0.0305196863124291 -0.160862959210056
0.0564298731535961 0.0812785919796978 -0.102179173217439 -0.189785119544105
0.0783093838823533 0.0639149309748171 -0.264170287240055 -0.127594977032401
0.120074693816466 0.0474148026626789 -0.423403202259159 -0.0690215513403661
0.012446005842208 -0.00501119233425491 0.442445210931888 0.0347430463036383
-0.0134630008509181 -0.0205749810403592 0.326544233639158 0.0835799686557959
-0.000156125563010801 -0.0207741413253174 0.128181715253187 0.182102496122277
-0.00324320590337417 -0.0261818789473107 -0.00153346871081411 0.144318656330799
0.0032475943939148 -0.0212849847977415 -0.0877294558296887 0.0396360127954206
0.0176913295279596 -0.0236234037518358 -0.0453324902762725 -0.0781163237491575
0.0237210466763599 -0.0107200977378708 0.075621155352785 -0.118094331740825
0.0202326185181971 -0.00882169800437083 0.21399093986905 -0.0492455124304908
0.0266693085120603 -0.00654863190230935 0.314150587444472 -0.00447185968139625
0.0356828417880388 -0.000709769997929922 0.316161357311082 -0.0291047030700708
0.0214814614497995 -0.00680040963403783 0.192066791628669 -0.108702272965437
0.0245056443285799 -0.0304584648073288 -0.0028387645054792 -0.146785737320367
0.0190565140930455 -0.0417955587189102 -0.0709498636745973 -0.027944833470811
-0.0108239622298917 -0.0417467147621045 -0.0661834195817692 0.124150777605873
-0.0171406186353819 -0.0355592881775105 -0.0158104304529735 0.236713667946787
0.0891031321787893 0.00626519060315004 0.433878423711553 0.05637447483987
0.0507950313862285 0.0216021236388126 0.315711600657058 0.101210889065435
0.0489650515255339 0.0359096743201194 0.114094908400649 0.193806083692669
0.0287221113041411 0.0420865792466992 -0.0186505268026218 0.14230646038424
0.0050004309076828 0.0441821532818084 -0.0976705321277373 0.0312102950448985
-0.0169088355477662 0.0295662976405282 -0.0466619907075553 -0.0806406694776886
-0.0411581003586537 0.0340751780300957 0.0765495822713724 -0.115295195293676
-0.0691906212004271 0.0177088970050209 0.203102844837366 -0.0456561854753616
-0.086425945024892 0.00841425086260956 0.30273652825161 -0.0186601656000893
-0.0828736262269726 0.0196066196457142 0.303651760523653 -0.0592320415576544
-0.0755464923461153 0.0574949009811512 0.174940908860976 -0.143910311184653
-0.0387122714579421 0.0781281181560861 0.00199440573515721 -0.164101463502019
0.014270528752492 0.0772384027018828 -0.0626957342286737 -0.0453770943275972
0.0388982996822726 0.0671047291273425 -0.0648098597449507 0.102670388317175
0.0684342660458774 0.0265395307564623 -0.0252512009756907 0.215878893325469
0.156916278651655 0.0267356786786146 0.395190520648929 0.0673405385306027
0.10907027858058 0.0758585056613403 0.28556751122359 0.112838924679213
0.0908030375267317 0.107298100994885 0.0955696212269222 0.202538269370751
0.0487045146986222 0.123262264597208 -0.0311686965445306 0.144424617829837
-0.0105052720113181 0.114718442075124 -0.102054533529114 0.031735282101982
-0.0663530163462275 0.0774196189669979 -0.0509404700239374 -0.0685112441586291
-0.110284837760803 0.0655143483830975 0.0616740139984735 -0.0969614508738484
-0.148299887502854 0.0407228645993997 0.160370761301571 -0.0318531722512747
-0.177396106828884 0.037653113636492 0.248309371040237 -0.0288024216394967
-0.170289100794259 0.0694165064144731 0.250490639522772 -0.0894332498426633
-0.125611926569324 0.14788435823645 0.133690318114201 -0.175852452572671
-0.048062395322482 0.192333601850347 0.00309188949843895 -0.187652568980327
0.0458493247432113 0.178157937758455 -0.0561051140366018 -0.0809571592557271
0.100848873857758 0.14941147883728 -0.077182548482449 0.05482267679078
0.149382518525153 0.0735750686895417 -0.06745198699498 0.168430385017999
0.205265672834074 0.0542209169358124 0.326025522858792 0.0583053351468323
0.151435237662221 0.138532300157717 0.233746949817405 0.110424978522233
0.11541921880983 0.188842806780426 0.0678942467948093 0.200813810171864
0.045152241445427 0.212004565229921 -0.0424320051534674 0.146544636662294
-0.0513517486542752 0.181758959381461 -0.106238860787106 0.0405064641108862
-0.132019527577929 0.110917765415275 -0.0678669562633783 -0.0447076706751003
-0.177653271661313 0.0766211250490654 0.0253391535926236 -0.0682252169977242
-0.203723852920059 0.0569771595863681 0.0919230989934097 -0.0127974379155176
-0.224754480252718 0.074238504339831 0.168318329540415 -0.0212525076960385
-0.198991800962696 0.131185341848098 0.174910750939531 -0.0894107169037215
-0.111369421933593 0.230911002335487 0.0839725579115285 -0.179060861985224
-0.000817103636269672 0.27230990303066 -0.00496891623664383 -0.208092177062938
0.104638780039966 0.231397377184596 -0.0662679175492978 -0.124553144503679
0.160694206165038 0.184033988781135 -0.11343615995365 -0.00202172419159939
0.212351143695984 0.0944759427158882 -0.139592007555758 0.10797891114008
0.227162424730849 0.0813114768999512 0.236089447764396 0.0255688915498085
0.167353197577516 0.194537197988113 0.165032308917013 0.0825634022184238
0.109434537748101 0.260958216326728 0.0330762314976514 0.179196488587773
0.00807149657876579 0.2826260383071 -0.0574781810942186 0.142088782999079
-0.115064802789496 0.221848882593451 -0.119461613472771 0.0534391468557845
-0.199766614905409 0.118549899486762 -0.108101963282506 -0.0180653196553708
-0.229531548443125 0.0675217904804535 -0.0392708339057132 -0.0393979004735791
-0.229802253276093 0.0629590869270787 0.00907980742189652 0.010113663226248
-0.22636171463549 0.102121539472446 0.0853119773149923 0.00907472437694956
-0.177043045435553 0.168602636334433 0.111049216630868 -0.0514125606875699
-0.0609664751663233 0.261414492497184 0.0543015184961119 -0.149874540864458
0.057598819205861 0.283107099582642 -0.0133188496636017 -0.213500139495083
0.148578980156247 0.224643353560269 -0.0912171801629595 -0.157851457857146
0.194007022160785 0.17444808130792 -0.167611316038926 -0.0490660746628976
0.24398715081023 0.0920200160628846 -0.230004805216891 0.0519160418929275
0.216794024398549 0.0987200709689101 0.140378867007721 -0.0290145656534677
0.147827887682068 0.222366715267206 0.0964068446819776 0.0262226746713713
0.0687054713354508 0.290124804222876 0.00418189240525949 0.130881986648565
-0.0526108871360234 0.29828709659564 -0.0662795236929479 0.125072947002006
-0.173799197943021 0.210588847650221 -0.143276161091463 0.0612116931292907
-0.2387708960186 0.0945199625586551 -0.171542282148939 -0.00130106204407221
-0.248095049117832 0.0453672639312629 -0.126306245861241 -0.0203934137587572
-0.223675020127917 0.0590056186809159 -0.0778388658604287 0.0324927037425993
-0.195084343425168 0.108349494874709 0.0166723620756211 0.0519570832263945
-0.132119001692986 0.16380159284998 0.0747656288568559 0.00470570798173466
-0.0190560470700407 0.233156725459993 0.0543827962167858 -0.107906735341519
0.081026420128381 0.240116125470012 -0.0110875707437325 -0.204096375910859
0.151203390061374 0.182112215161433 -0.113995371896707 -0.175782981558222
0.187317637368757 0.140344402455794 -0.222517548753361 -0.0789968196302373
0.238398242220085 0.0756094845981649 -0.321155352794842 0.0101994946157464
0.174198232227188 0.092990428820004 0.0589007383887495 -0.0958749969531187
0.10269128358913 0.199111622812004 0.046873158688879 -0.0454053373221847
0.020996857646657 0.252279146987322 -0.000122559350509274 0.0701125709048225
-0.0928291333690101 0.24215838704234 -0.0568210564726376 0.103623310621298
-0.182019523573165 0.152681968944914 -0.164496700685142 0.0598107907749946
-0.218555906481198 0.0536433547305971 -0.240081882501446 -0.000873765097411081
-0.217879473583321 0.0199648464145366 -0.219759031434885 -0.0140552095208228
-0.183853456997492 0.0437002562344474 -0.156354734611363 0.051143315876248
-0.145357996370125 0.0874894084243134 -0.0330531577920697 0.093620714924592
-0.0874913059550059 0.124809318005152 0.0620670805533523 0.0566890144628359
-0.00382623188418113 0.17022156907753 0.0718506180625642 -0.0697043816500776
0.0663690318892173 0.173962946788808 0.00148700256493704 -0.186674558119756
0.11633416438837 0.12904981495424 -0.124608902238959 -0.18325007236686
0.148123795535759 0.0991272618052111 -0.26305484492279 -0.0965297271359037
0.196733504789118 0.0549667216521222 -0.396506804944872 -0.0165178577995107
0.107483461706168 0.0630371696635538 0.00598085957473378 -0.156359102346817
0.0525430765978741 0.124596550449477 0.0239701628041157 -0.105726135100131
-0.000815930516606763 0.156682322551897 0.0189707542917715 0.0245937122569816
-0.0742705805683606 0.145007006727808 -0.0323841829124488 0.0967703873817383
-0.121553588823173 0.0865691209496738 -0.172176595464392 0.0629526534835509
-0.137574348769938 0.0233236878158959 -0.291587847249439 -0.00319992487625793
-0.139069227872396 0.00332241390352112 -0.293543055345018 -0.0120712553898337
-0.115238866839154 0.0204912137975576 -0.21430425477223 0.0628146779669324
-0.0866109383492299 0.0472565297100941 -0.065199281967993 0.120709004557078
-0.0519307625546206 0.0699761833651206 0.0591180805859471 0.0914075006820459
-0.00637029372613975 0.0993917054032593 0.0914644156940365 -0.0397839282906415
0.0349683414085439 0.106379203015543 0.0183723897906279 -0.168243141224355
0.0659459688547712 0.0792743463860573 -0.122904724875757 -0.186457171177054
0.0883340739610432 0.0596222848436338 -0.283180025054656 -0.107441651164244
0.127978998113525 0.0353423174951784 -0.442859441493243 -0.0296754498347773
0.0124499335563211 -0.00836600575541215 0.431725751974846 -0.00116270283752393
-0.0147206824170773 -0.0175021986683354 0.321415117312317 0.0545754512540488
-0.003108734339559 -0.0203432109203828 0.139244599484971 0.167311043270621
-0.00546659688550494 -0.0250150973885572 0.00879719918395862 0.138039041274684
0.00108548994343996 -0.0206273462646826 -0.0823790387041773 0.0441226276878067
0.0141661190088396 -0.0246177893701282 -0.0498614905908171 -0.0725069639706205
0.0216892095482439 -0.0127515998805725 0.0645421482054821 -0.119906275567331
0.0180543685259616 -0.00893115290670443 0.204373386906402 -0.0633700439855906
0.0239014701153005 -0.00924801613983224 0.304193558013738 -0.0258064756738645
0.034254690050809 -0.00496786324604771 0.304925879194191 -0.0504372390163582
0.0213023887187964 -0.00712714604475528 0.180131650808758 -0.120447992526313
0.0208059712409212 -0.0311178438512359 -0.0129354134280503 -0.140837183462364
0.0152140360531144 -0.0409372199201136 -0.0688535334030285 -0.022272062336996
-0.0136101955909966 -0.0395784570417045 -0.0520453119971242 0.127052381271173
-0.0185981699954748 -0.0328091467796714 0.00690566607546318 0.228503562845094
0.0873468280617531 -0.00217247018437674 0.426173444692236 0.0191568893099756
0.0515646062702382 0.0185474303056524 0.312422238123609 0.0725351940977725
0.0495326081244797 0.0312979971572323 0.126170085533847 0.179207698791064
0.0315048778722669 0.0382973654048489 -0.00809488536607632 0.137717586313856
0.00829087676040994 0.0420668891908234 -0.0924079587957404 0.0373174294520685
-0.015104195300209 0.0298969140508103 -0.0510446814065822 -0.0744162522923463
-0.0378046796093779 0.0360911399214226 0.0655684769349905 -0.117917679916602
-0.0657718557367238 0.0235951299637719 0.194231456548599 -0.0586477620106914
-0.0849704733404116 0.0149328234861462 0.292193602929331 -0.0383462466332097
-0.080405990589236 0.0239871419111328 0.290259590606262 -0.0788304247747091
-0.0674820989036702 0.0620652605419715 0.160171647451338 -0.15209719849456
-0.0318342196240867 0.0801669315188149 -0.00955526358077211 -0.158655099723371
0.0202725854676459 0.0746683285228936 -0.0633790103207359 -0.039175457554532
0.0441778853118507 0.0624420676756226 -0.0524120589109732 0.106786178345037
0.0688981791297106 0.0197218089867992 -0.00417955182550522 0.209555703291579
0.154379075326854 0.0128545277797446 0.389369088351354 0.0329898538291514
0.113218829789836 0.066497419228525 0.283121825760371 0.0869275024041465
0.09635672109495 0.0977460320042976 0.108089565307538 0.189572300848866
0.0571979993482784 0.11488853241977 -0.02077828982912 0.141407724616817
-0.000734259726641251 0.110768832819869 -0.0966981592251635 0.0376655602471794
-0.0586704718876952 0.0802315238536779 -0.0534749056437619 -0.0624028030469057
-0.102779089941729 0.0718984784724367 0.0530540572049972 -0.0985935062477932
-0.140163726240636 0.0522050254602203 0.153103644824405 -0.0429940600335832
-0.170832814382242 0.050320273372651 0.238117881942368 -0.0449732633504943
-0.161184170683346 0.0790720369373165 0.235369552320864 -0.10375553132541
-0.109902934399518 0.152592507589637 0.115650549853855 -0.17788945495332
-0.0322002943072536 0.192848191185589 -0.00948239370081858 -0.181896313371027
0.0593634840637566 0.170597006325455 -0.0609643885991592 -0.0743794660569685
0.111705942264478 0.137908542820493 -0.0682831647917455 0.06097585954854
0.151709109644718 0.0579560094522431 -0.0502854483989277 0.166638587802112
0.203485156421763 0.0359037676452149 0.321086087197294 0.0308189282042932
0.16062622843673 0.123800198040482 0.232071024703706 0.0888195839473768
0.127535175525315 0.174920259561103 0.0805221120061796 0.190108411975487
0.0611746049486641 0.201044127264603 -0.032072605556233 0.144710046424099
-0.0351816209105493 0.178433030024655 -0.100456265919301 0.04650213472521
-0.119260652232814 0.118209151383856 -0.0680984024961857 -0.0381817586613296
-0.166727585026827 0.0881423857550752 0.0200923098877047 -0.0683505282753031
-0.192461008908952 0.0719550152230436 0.0883224159209708 -0.0189856128739267
-0.213545124447709 0.0891616899623608 0.160595358378876 -0.0327746950174989
-0.184516209894875 0.142285524417863 0.162303944799896 -0.0982261743416381
-0.088813412789427 0.231545605376781 0.0677465343405429 -0.175876449797829
0.020789912606802 0.266400454794582 -0.01874445728041 -0.201608625131081
0.121078067289143 0.216776262498252 -0.0746229183627124 -0.11513542927371
0.173607470038508 0.167093661777636 -0.108311652073413 0.00763282813522136
0.214299730952321 0.0729401273338669 -0.125638195040051 0.114294856537575
0.226800903469088 0.0619428897980771 0.230475530802501 0.00660512104158329
0.180758397195885 0.178008533424006 0.163396674118599 0.0681085179842487
0.127159595752003 0.245963053502089 0.0446220056079394 0.171720998036598
0.0299688492194059 0.272164957735931 -0.0466339807527501 0.141775368962533
-0.0935886766110487 0.221700436728706 -0.112763096253317 0.0597056503722732
-0.184023811119481 0.129926563706419 -0.104158220787009 -0.00927880005619659
-0.217955681857501 0.0833598657445666 -0.0397669724704446 -0.0355627990745461
-0.217421958367178 0.0792078715624844 0.00946058805178487 0.00909395099207117
-0.212427191373839 0.116019924163199 0.0823366343406511 0.0020910975356068
-0.1600544754584 0.177035559118192 0.102689435747257 -0.0562104893049356
-0.0373312032032137 0.256287517222013 0.0417977238651649 -0.144677179570982
0.0785428340570913 0.272602498765388 -0.0267783683741366 -0.206209118976364
0.163571451690473 0.206716307013806 -0.101186047527175 -0.145664888368311
0.205124229875583 0.155692301205988 -0.16495718868334 -0.0344506803269294
0.2436494936005 0.0673781807573322 -0.218811729333869 0.0681586753456285
0.218256936145158 0.0791842467350878 0.132873371233277 -0.037617101510169
0.164246340982752 0.205901609578563 0.0915925078542906 0.0195172525994181
0.0898388538144909 0.277236376469769 0.0120831570987896 0.127842914753805
-0.0282866064784199 0.293547424475095 -0.0566998097909203 0.125002761323024
-0.151163987728273 0.215744391341454 -0.135428144976229 0.0686532538551677
-0.223558972898917 0.10967834285726 -0.164608702370819 0.0111442630404779
-0.237754786031204 0.0642088367410462 -0.122321850570939 -0.0108776232828179
-0.211397491528212 0.0745418939100822 -0.0740954664881274 0.0367043497405765
-0.180279391615357 0.119730573457026 0.018341155476126 0.0482923854662978
-0.116250231768366 0.169105440859349 0.0721381129463962 8.94258760505035E-05
0.0012658386681927 0.225195290008156 0.0458891311468414 -0.104186197663969
0.0983769921572141 0.22854750755267 -0.0237706593291169 -0.197513822791742
0.161616207553351 0.165331847372939 -0.123889179649199 -0.161625584514693
0.196136454724811 0.12318273088262 -0.221238201380742 -0.0603750957975553
0.236757132930051 0.0521995537655515 -0.310629997150567 0.0356640854147466
0.176544260156584 0.0771796776457373 0.0480707902693399 -0.0954961862174947
0.118589663156376 0.186792588379937 0.0378442986183599 -0.0456570397160308
0.040630189752712 0.244250632051133 0.00345794281594346 0.0692724804865762
-0.0712713259970452 0.242673963804736 -0.0491626614849543 0.103361978111481
-0.16477997610408 0.160832889770373 -0.156663198399594 0.0688192476213431
-0.207974743403018 0.0674594353972645 -0.232236747260511 0.0163778159175851
-0.210668594559782 0.0374067267724063 -0.212476155037017 0.00160289012530085
-0.174355990771238 0.0575538316504341 -0.14901791770447 0.0607193052960741
-0.133440659103221 0.0960998575974381 -0.0263899092517053 0.0915042542886184
-0.0758186391420444 0.12738841158474 0.0640514409162752 0.0510571573918124
0.0107734204416343 0.163448019877102 0.0663979787231396 -0.0692589123102334
0.0790919553421087 0.164680092283289 -0.0104797908842017 -0.181036311105014
0.123975693079067 0.11695081534123 -0.134577257978343 -0.168176912580385
0.15392156287415 0.0858453248100017 -0.262673077408663 -0.0742873261750535
0.195065896903528 0.0355899108656703 -0.386478993383741 0.0157224100474754
0.10920293022001 0.0528305714631828 -0.00805632859599351 -0.150384595427658
0.0625771557750302 0.118016838697636 0.0109533276995237 -0.102631368440996
0.011702844089879 0.152333632820543 0.0187698483843846 0.023519327102511
-0.0603979024332968 0.146587472821387 -0.0252582511867121 0.0941092590491778
-0.110910229668917 0.092325207936372 -0.163718776267253 0.0725401750669376
-0.131525202909053 0.0314260237653332 -0.28259942353404 0.0178541346958559
-0.134602659654837 0.0153766983579629 -0.283826792015516 0.00886156556129043
-0.110113625200529 0.0302024650398582 -0.2041834216394 0.0759338954732527
-0.0800288086033501 0.0526774529066868 -0.0556073576985769 0.120277498655083
-0.0448615337841544 0.0715568518601297 0.0645014528231359 0.0842149518307748
0.00168848481890906 0.0957218819165836 0.0879471020580191 -0.0436996098536821
0.0431634742004286 0.100448468757349 0.00694131080720722 -0.164451866733671
0.0709897662567236 0.0722439239594654 -0.132830455728061 -0.172329504431592
0.091912467779389 0.0516732758467531 -0.283414598933176 -0.0837623966436625
0.126120225221379 0.0219897298025874 -0.432418383556464 0.0076643640614032
0.0117739060848659 -0.0107201270317501 0.415779113668874 -0.0139794084872742
-0.013821088933856 -0.014979595483779 0.309568490803473 0.0434569371766828
-0.00465961677704687 -0.0192083289400722 0.139108076071259 0.157240731581117
-0.00613153546141929 -0.0235100886352783 0.0103878397278234 0.130866225268595
0.000246835050566672 -0.019127738156119 -0.0789498415411711 0.0437816772491397
0.0119657460795087 -0.0240064613671757 -0.0503331762274232 -0.0689468861918382
0.0194516999340858 -0.0130285431206408 0.0586911165689943 -0.117221587941364
0.01721386352187 -0.00780226394919837 0.195870023831069 -0.0665512366314382
0.0212317488613818 -0.00935930254229372 0.292098366307169 -0.0303252913936771
0.0322467705839729 -0.00679259901764717 0.291890034972224 -0.0545677652831516
0.0208445249810177 -0.00657168610615064 0.172040629390544 -0.120258893478356
0.019245844636941 -0.0299300247010876 -0.0154354724026881 -0.134729046035745
0.0136442843612762 -0.0394040296042602 -0.0656119326984996 -0.0201464204461771
-0.0135312216142692 -0.0378225596305879 -0.0443637984481265 0.124089311116622
-0.0180870303185681 -0.0308376350718707 0.0152270345233604 0.217863971495806
0.0842757849885883 -0.00646705481337747 0.41154947092629 0.00669607165865097
0.0508877397552804 0.0175860360257753 0.301181894062529 0.0614007473906385
0.0484219739427781 0.0292129025257642 0.12594819368801 0.169664024338574
0.0312035492391611 0.0355907803106546 -0.00595462577387446 0.13156496366593
0.00912594335319716 0.0394905274997448 -0.0887399462149764 0.037295721688211
-0.0141197391039161 0.0287733425964134 -0.0510282865905827 -0.0707796546495914
-0.035909554708099 0.0353702713710234 0.0603834925695862 -0.1147543945512
-0.0622440751504394 0.0258379978760359 0.185747373050609 -0.0608398467524223
-0.0827284023270886 0.0164800226470552 0.280002772567585 -0.0420676312200901
-0.0777738778836626 0.024106121441597 0.276668409706123 -0.080963142392768
-0.0629399104718217 0.0610022518868237 0.150557540963789 -0.148325213351306
-0.0291651063712193 0.0795382150325948 -0.0120503606753071 -0.151895426887409
0.0221609336975804 0.0720988322351471 -0.0612235468577498 -0.0361503707204681
0.04537175220962 0.0589040576443574 -0.0453254042529321 0.105423279362863
0.067533327198222 0.0169216385653143 0.00394517182797594 0.199752289384061
0.149634023180048 0.00756108159382576 0.375564614930453 0.0211926871132787
0.112740520525095 0.062243927875585 0.273050364947086 0.0763614738587116
0.0958719346839646 0.092162252962947 0.108601444901551 0.179928098511298
0.058217627839711 0.108417875475795 -0.0174248001694419 0.136205556946131
0.00210558102569572 0.105818685693558 -0.0923558337443908 0.0381057913861818
-0.0542661700083717 0.0783266085154196 -0.0524669420790698 -0.0588166836677945
-0.0973139016327862 0.0722998399960534 0.0491789142042972 -0.0969170494878215
-0.133205922955199 0.0545902307872883 0.146766510610853 -0.0442632677867184
-0.164273154450627 0.0530262213266578 0.227675156553978 -0.0476992290596251
-0.154770882809356 0.0794504438975435 0.223093771998985 -0.103416752203512
-0.10076121688001 0.148890350793101 0.107862198063125 -0.171023413014806
-0.026090767752037 0.189000288168584 -0.0120998599020832 -0.175021170198431
0.0629458043907348 0.163157218499967 -0.0603086485421727 -0.0696014979177742
0.113149881435579 0.129998832211345 -0.0616870219470901 0.0621085594596945
0.148232805857763 0.0511577321887139 -0.041425298915298 0.160100190749447
0.197700053840529 0.0292240975651808 0.310246524777305 0.0207653080028452
0.160454874500506 0.116499710473602 0.223492973019056 0.0811392147919233
0.128488030782676 0.166344634596518 0.0816191704707846 0.180929622307803
0.0640399774088754 0.191086253558381 -0.0287280885964963 0.13944064231856
-0.0292706773354422 0.170960432749051 -0.0959596562674483 0.0463875541649487
-0.111646075409929 0.11636452563036 -0.0649144799719195 -0.0352133990079958
-0.158598017103552 0.089585962170339 0.018218203581608 -0.0667867382647853
-0.18294924536224 0.0746104312729338 0.0844780903323887 -0.0194033800720223
-0.20409566068416 0.091436845180201 0.152840600795324 -0.034212223265209
-0.175817291487893 0.140951843644007 0.152680598907307 -0.0957161035547204
-0.0787060750102164 0.223248183645498 0.0615100341482197 -0.166645539682394
0.0276638486153366 0.259125587576075 -0.0214513268306472 -0.194023578191314
0.123730626834122 0.20602353238365 -0.0748192634238976 -0.108064378743074
0.17439737807504 0.156995098977665 -0.10176255304764 0.0108379692672503
0.20818892507212 0.0633713586973199 -0.116362970686297 0.112683107223688
0.221286223743438 0.0539376080391591 0.221962469014442 0.0010432291244301
0.181575115206948 0.16787530207404 0.15664874514263 0.0629098302059724
0.130085310138618 0.234654092980654 0.0460681842957532 0.165761590570572
0.0355874331627931 0.260651662120098 -0.0426276783836661 0.137144296702494
-0.0842799738005923 0.213886432394301 -0.107643202222435 0.0588395851554932
-0.173039247754734 0.128914905682447 -0.0990085372032281 -0.00694409974212234
-0.208117689187199 0.0865250296564274 -0.0382794835359235 -0.0344606102300446
-0.206591100474206 0.0825831777887438 0.00869398197477975 0.00865044887077532
-0.202149421814181 0.11711818118708 0.0777374824313009 0.000156189450835891
-0.150135871857894 0.174524390306049 0.0963523681986616 -0.0540780377952588
-0.0282883338952548 0.245218297906228 0.0384975927488253 -0.135144410275493
0.083910335135211 0.263267877884627 -0.0295271922620025 -0.198427055614287
0.164073857943492 0.194912409228103 -0.100773612378589 -0.136421448500631
0.205138786111366 0.144995971844579 -0.157958992881938 -0.0287059528599907
0.236456503345353 0.0566693258813579 -0.208309717668902 0.0712734966595261
0.213379474133731 0.0710165497007176 0.12687252761616 -0.0384199131106937
0.167157501303728 0.195106106257096 0.0855867745924893 0.0187897066440642
0.0955759838105599 0.265939862960338 0.0138465087245195 0.124128082094308
-0.0195538886880798 0.282775747937282 -0.053255393955383 0.121549235426217
-0.140797780205692 0.209703758853726 -0.12912427506276 0.0677967285248492
-0.212269370969233 0.109992080518648 -0.156843109966587 0.0140537083167443
-0.2275472400161 0.0685324666380067 -0.116828447151274 -0.00874765477060224
-0.201483261560455 0.0781676020831886 -0.0709183593043572 0.0372397382451745
-0.170934241422202 0.119515119284202 0.0168884698186747 0.045481702573292
-0.108352925976911 0.16510557506263 0.0692492534812237 0.000706443183511856
0.00751046822979593 0.214385011258728 0.0440984363145861 -0.0969902308198131
0.102474140214928 0.219248298341445 -0.0264287937603069 -0.19021453302987
0.161451308972708 0.155115997742598 -0.123468345986677 -0.151538044928483
0.195158254764025 0.113590249904735 -0.213809964111731 -0.0530431616076287
0.228493956667981 0.0423662390419818 -0.298838434829478 0.0421220077794542
0.173203023142527 0.0696920290407765 0.0425487607834898 -0.0910000981139017
0.122044983860849 0.177915083364625 0.0324832908822998 -0.0421324182486269
0.0464245048618893 0.234182271924146 0.00361741076793827 0.0684994856778727
-0.0623786164352291 0.235532983206962 -0.0462458634725115 0.0999228221188246
-0.154710500776545 0.157581205507305 -0.149837522329676 0.0681858858803533
-0.198527962106771 0.0688028641897253 -0.222566166792309 0.019765630697191
-0.201286797151644 0.0423122117674769 -0.203059513650611 0.00573800934214653
-0.166040229370768 0.0606513052672826 -0.143271545142922 0.0617931901154499
-0.125763102009725 0.0956424057454306 -0.0252009708140849 0.087876951289723
-0.0702644924233011 0.12450037307815 0.0631315673809135 0.0487797680678131
0.015114790384263 0.155169575142618 0.0647085205623825 -0.0655731137130045
0.0817603507368111 0.15776551792299 -0.0132260851058313 -0.174609725427255
0.123233312702037 0.109274981273558 -0.133920819482954 -0.158187036694472
0.152873325403299 0.078527308438141 -0.254670316722619 -0.0650042006686849
0.187638482293435 0.027494100915818 -0.371937683901227 0.025587467211783
0.107295490466147 0.0481102511561731 -0.0128938660959615 -0.142442789709011
0.0654780185359997 0.112645553565009 0.00490854167250101 -0.0965370564162892
0.0155462312749627 0.146849683230195 0.0176704578212599 0.0229521981979404
-0.0543555621263914 0.143107971648289 -0.0232860211360951 0.0899783671242188
-0.104511461468594 0.0905033024424132 -0.156272766676796 0.071422698736206
-0.126350046218661 0.031509988647908 -0.271347873320845 0.0220385470011853
-0.129008435421061 0.0186019072779725 -0.271937700943945 0.0141171507885782
-0.104569309110699 0.0330319255515436 -0.195905668263713 0.0772502243593642
-0.0753484324434544 0.0528624667242518 -0.0522912819983795 0.115892389240271
-0.0414807338493794 0.0697739044451488 0.0636849040362719 0.0798577999316959
0.00475086953736635 0.0906478728240465 0.0864463848322911 -0.0428109506166145
0.044694841305908 0.0959534952663843 0.0046715991128803 -0.158286113029306
0.0707212677300354 0.0678340101237004 -0.132514172152401 -0.162355532596573
0.0916658357718839 0.0474990526592703 -0.275294779436177 -0.0736583276950832
0.121314388301101 0.0169218393168727 -0.417749425203089 0.0189575770698467
-0.000476882174488998 -0.0209631315156208 0.373591381938463 -0.185629380469698
-0.0210825233062856 -0.0107433609068972 0.29739770966823 -0.0921287057205942
-0.0121185846855876 -0.0178028214564854 0.191775278825685 0.0822230358037697
-0.0136961187789341 -0.0198630946488379 0.0626398431501249 0.112895716607465
-0.00554981302818474 -0.0162661967434542 -0.0542588312980099 0.0723692668291048
-0.000327806456099701 -0.0248291313987339 -0.0757592699032733 -0.041378136891759
0.0115281367412802 -0.0192569803140381 0.0034359397608556 -0.132394513743322
0.0120834598241706 -0.0136315401954035 0.149613657432896 -0.144908426585747
0.0154546461507938 -0.016154222761483 0.252622845603181 -0.151646392488814
0.0260888469495132 -0.02134962322828 0.2420207150158 -0.17276337973819
0.0179168679349248 -0.0161401928534878 0.104351013223904 -0.181541220200793
0.00405883103203072 -0.0363233737799274 -0.0678961269401795 -0.114208956365639
-0.00426650915961765 -0.0421557715422543 -0.0653972994591168 0.00931491672181494
-0.0297323942543222 -0.0273280978525103 0.0166270740367261 0.129513708313006
-0.0292365970123517 -0.0192827054451571 0.107685222428726 0.188509005228678
0.0680836061124661 -0.0453207360503651 0.379231825478993 -0.167622180614716
0.0510630796764586 -0.00787303781139813 0.298434705583224 -0.0739017699290393
0.0556255387745582 0.00467981472162335 0.187928503881908 0.0977830082419605
0.0436852504682901 0.0177508061884359 0.0516779745379689 0.121311649518391
0.0257452895586245 0.0326102633003665 -0.0631009171196221 0.0717487294650678
-0.00157906749770033 0.0331216052422914 -0.0765830195902929 -0.0413763145745579
-0.0177979434756184 0.0471405853948902 0.00426044607294479 -0.128393184597358
-0.0477566501086653 0.0497363787344984 0.141984219954842 -0.135439860893561
-0.069656886637515 0.0505369116951207 0.235115477215403 -0.158710809659729
-0.062813044445972 0.0535005099000553 0.214589054388577 -0.191489211715885
-0.032368233337058 0.0815807695707689 0.0706574636439744 -0.199685179685785
0.00789947764629112 0.0838550031222133 -0.0801807461034153 -0.13114628524963
0.0508583054992924 0.0570765631386928 -0.0729980463014873 -0.00462013194683199
0.0668156012472643 0.0357952036864799 0.00329825114665655 0.11662710660982
0.0717300364605848 -0.0141049632842986 0.0869344886717262 0.181129824147786
0.134449297937162 -0.0571356157114277 0.355206035018934 -0.142028041012814
0.125248139813625 0.00767338277758609 0.281995869433096 -0.0494969761287807
0.125001567792928 0.0424064912474059 0.179775138511336 0.113033850505406
0.0970405135299973 0.0707321808390354 0.0468626215092194 0.131889253268089
0.0464086301896462 0.09386085829274 -0.0635602326366106 0.0754104718332859
-0.0174915965074052 0.0941992721238887 -0.0714072499242488 -0.0291604401516367
-0.0583689764590628 0.105432597988355 0.000406415726734724 -0.104942482726026
-0.101231879062436 0.1049498681056 0.112797179995223 -0.103274266940433
-0.129920335478709 0.117315739893062 0.183874914283331 -0.141926984860778
-0.110968542092995 0.136840087453553 0.153486408201012 -0.188927463951541
-0.0316866049065951 0.178409052206335 0.0196555732702953 -0.200971199753844
0.0579720787749777 0.181775897164464 -0.0975215295581572 -0.148340851419946
0.127533478447333 0.123480327226256 -0.0891950199834784 -0.0320139804773038
0.160439583904195 0.0710212206640351 -0.0333123798388483 0.0875849696251181
0.161190742501385 -0.020023847817005 0.0252846959106957 0.168974439549562
0.188742425952903 -0.0554105830783517 0.297094222966116 -0.115684875698391
0.191005684036135 0.0377915235532213 0.240444484166596 -0.0241717825545886
0.184909016855778 0.0963571103039912 0.160345795482473 0.125681347096896
0.135659568121163 0.141460461982584 0.0421555632139323 0.142805289917797
0.0444335052495549 0.164596233441901 -0.061427984622715 0.0865865000217144
-0.0532380803722624 0.150949740045923 -0.0720392217227007 -0.000796679533334602
-0.106840986144057 0.146353957331059 -0.0161667041424688 -0.0634891852071919
-0.13918853682631 0.143795318369496 0.0661633136348626 -0.0540925416969958
-0.150740541370665 0.168856729679193 0.120430834549169 -0.0982835532285862
-0.104085553687476 0.202651643710286 0.0914064386400364 -0.150952740780542
0.0200085842118884 0.23792901132264 -0.0214388379692792 -0.174659953993004
0.13734724311849 0.221873215888393 -0.116912788075857 -0.156646744563613
0.201385183512508 0.136504404025348 -0.119614200869242 -0.0574701203628386
0.228725072943551 0.0686263512844465 -0.0923344618895134 0.0610852073527009
0.221357099438846 -0.036610487658583 -0.064354625507526 0.160724242385833
0.220902089469472 -0.0409068166207298 0.210405944287867 -0.0969862878482377
0.231983882001249 0.0757103844501463 0.173393845690338 -0.0113290522175956
0.214189596770724 0.157862758249078 0.123980662963724 0.127682481332337
0.138469259022498 0.215515792347082 0.0302053499300863 0.150547836969502
0.0122725851171063 0.225535585082829 -0.0660551517262821 0.105812567143789
-0.103513573770453 0.18836204733436 -0.0914785304827231 0.0403311304930794
-0.152584211818807 0.163815368833843 -0.0551870422889489 -0.00980628567333762
-0.157464099464864 0.16022650199261 0.00902558625635555 0.00465132321561457
-0.137824081338682 0.191249026720489 0.0662030477844917 -0.0345228244621736
-0.0663202333682276 0.222609956853488 0.0581847229174833 -0.0882662906453839
0.0755856106124572 0.236905792737576 -0.0291127388352198 -0.13460499081362
0.189533821861537 0.20097408889224 -0.123601587239414 -0.154136283209766
0.234161517512071 0.109394195741928 -0.15378960826512 -0.0705725048389044
0.251211799898705 0.0432659860030023 -0.159892344581799 0.0498545090019705
0.243589991012292 -0.0553665008371366 -0.166229992946539 0.164074176295435
0.221103871731841 -0.0203777586522921 0.108161737804805 -0.0918523641263352
0.230052060396529 0.107752587071499 0.0914999475368542 -0.0203402085394203
0.195317530485645 0.201186556029037 0.0792386539247381 0.106495384299761
0.0981686624368119 0.25765451420769 0.0131384042795141 0.143951581525148
-0.0401591128166648 0.244765221007014 -0.0829522332940712 0.124622218850202
-0.147168185595826 0.186839277761193 -0.135886176710823 0.0848098303319516
-0.177362525419778 0.155144543239709 -0.116547562002344 0.0468523969940199
-0.153359909895784 0.154431907511784 -0.0512786857787835 0.0644006200609769
-0.108134399945242 0.180808437396794 0.0303724008053611 0.0332852807370378
-0.0309265824901783 0.196934889560256 0.0577163645048547 -0.0265022563596061
0.0963100340565901 0.193113852340079 -0.00571118901098594 -0.102370530727884
0.187389504075295 0.152654808818156 -0.114053475351127 -0.147502640778256
0.214906635864284 0.0732091147651956 -0.179364605099553 -0.0752870426356685
0.22823920185956 0.0178860656466302 -0.219936002367281 0.0508651097536945
0.228444929881188 -0.0654136485842068 -0.259955340636637 0.176308440023629
0.18398539607033 -0.00417196972802223 0.00816913839141744 -0.103962542019672
0.182521319862277 0.110873908292102 0.0157537697963278 -0.0514540601884424
0.137287390576211 0.192715340869291 0.044492411384993 0.0623917269108498
0.0416987782251985 0.233610823583783 0.00631900498506376 0.120372677763245
-0.0739841143751203 0.203776655360024 -0.103761300668978 0.133052147401961
-0.15150932336541 0.144377329411107 -0.194261607145647 0.117133615977734
-0.164345496106434 0.120601662853128 -0.188307695995066 0.0954529716472512
-0.127263840257563 0.124416817482616 -0.10603169152579 0.117836988431297
-0.0765672768347667 0.140167801958389 0.0112298514899977 0.0909696791425044
-0.0128094749102785 0.142961245835072 0.0746987982044375 0.0187347655901731
0.0785697049423656 0.135174461029511 0.0284065031086722 -0.0842049080469494
0.141452946957371 0.105422229099542 -0.091615457437618 -0.142643002736232
0.160010581572381 0.0466034533826824 -0.190313394200886 -0.0789283397018862
0.172879952218368 0.00393661129100912 -0.261125482451268 0.0545506572363238
0.182530745036105 -0.0599837663766229 -0.333289057722316 0.190030587360991
0.115274544539058 0.00331602394220764 -0.0665254643664975 -0.125699069399727
0.104404408925505 0.0760654501686443 -0.0340898764598203 -0.0879386985543375
0.0730400387942191 0.125990836401505 0.0332992968430699 0.0156144169908342
0.0109327585736206 0.148240761307194 0.0195781821778933 0.0971168943985505
-0.0553359442749024 0.123252683276456 -0.11041757936612 0.135332175431364
-0.101548990751581 0.0816637587922234 -0.23795208540909 0.138691815834013
-0.108444625088211 0.0694893110926261 -0.246137083616678 0.130995881685215
-0.0813354133217082 0.0737410362007117 -0.146447252257265 0.155332026918593
-0.0477232223607943 0.0802768021414274 -0.000334111823656226 0.12816755003436
-0.00928847230938882 0.0808409695852287 0.090205699251446 0.0452837553622642
0.0424524251594809 0.0806680959250365 0.0587206192373493 -0.0747030518858295
0.0811318173748465 0.0656001935037104 -0.0656206935960268 -0.139644497294752
0.0935564830148013 0.0303179967201439 -0.189788022158747 -0.0854277992949382
0.101898561109237 0.00208355482180479 -0.282770733065164 0.0525573913033717
0.115108938063448 -0.0389612951252017 -0.375507450223375 0.199353246423581
-0.00274945520387433 -0.0225889517651565 0.382653957354618 -0.202492962978509
-0.0207604619196161 -0.00994247098873001 0.304315167740172 -0.102628443087398
-0.0135989031629189 -0.0170066940157482 0.200766624571284 0.0799102987274963
-0.0146696311370685 -0.0195169283482191 0.0642074280880138 0.115602284396586
-0.00553830743638405 -0.0162655255566475 -0.0564374591440553 0.0761834700775519
-0.0009600554433804 -0.0243787503684505 -0.0805356359525051 -0.0411215975521621
0.0108407584105207 -0.0198003868634957 -0.000282777091447031 -0.137254877403611
0.0126209163761702 -0.0136242291028762 0.151490454646761 -0.153891961367069
0.0145871865499943 -0.0159557758044206 0.259236013001182 -0.162719839716069
0.0248806910274439 -0.0230297578921462 0.247817772785682 -0.18256685212244
0.0193311400186953 -0.0173729821270067 0.104571631885041 -0.191054041133454
0.00402009786225103 -0.0372366409958627 -0.0726583860871109 -0.11552854372195
-0.00572338260614534 -0.0437408446324857 -0.0670058136934864 0.0108646487483212
-0.0312900201223733 -0.027646702340903 0.0227430136928881 0.133253279862796
-0.0298948872149506 -0.0203421567005389 0.118028623210411 0.189607678913633
0.0684190489731267 -0.0495948422394932 0.388896614817346 -0.185066750836041
0.0546411900214793 -0.00886473900699332 0.30604904274754 -0.0844542286982694
0.0581128702440416 0.00409547170003608 0.196697832774425 0.0962091999079553
0.0453280283334212 0.0171480058263271 0.0544262209719851 0.124362125480466
0.0278725476447829 0.0328851227747676 -0.0653071236142159 0.0759244536587544
-0.00135462611475413 0.0349409505860007 -0.0801973483880555 -0.0416578618557263
-0.0173836746479365 0.0497726503700119 0.000656213524392965 -0.132977661320422
-0.0474384485167221 0.0530582318344911 0.144144557520858 -0.143693622395826
-0.0718388910451202 0.0558788004615301 0.240527701286373 -0.168537898781335
-0.0657939269227664 0.0572928567259803 0.21914062905647 -0.20141795828657
-0.0307931024598261 0.084619230362372 0.0698360116775341 -0.207660582221229
0.0115815295581451 0.0881283266799554 -0.0859458627918149 -0.133785294383871
0.0544396773240954 0.0576448821070037 -0.0747496915333082 -0.00241550818979635
0.0714674711452329 0.0353212067053849 0.00949236716480747 0.120256237019797
0.0745439274888423 -0.0176960999464308 0.0959604536594521 0.182723634204478
0.13764119438288 -0.0647953803545351 0.364736418491742 -0.156800533589359
0.132410174363841 0.00473487330654836 0.289742536092825 -0.057475099445001
0.1319437724259 0.0407299101196212 0.188657454115591 0.113057838182268
0.10234860990642 0.0704144809341167 0.0503335480570572 0.135323961255883
0.0507542451449767 0.095087967202846 -0.0649993367930425 0.0791273036781752
-0.016162052816021 0.0976961088725803 -0.0746634943809996 -0.0294316734261076
-0.057397326654836 0.111845027450362 -0.00273737509001929 -0.109139638651895
-0.100874970163394 0.111779116808621 0.115253718779766 -0.109612338895855
-0.132382206497424 0.126453291218165 0.187412904898035 -0.149940669001401
-0.113237867343512 0.145002228268528 0.156096167987872 -0.196733986033135
-0.0281424697523293 0.184725025321468 0.0181112280450117 -0.206705446557161
0.0675193059689366 0.18952813782804 -0.104112753660581 -0.15188029009234
0.135981398348574 0.12464556917228 -0.0915023131780402 -0.0299097432849855
0.170697495485139 0.0686350153968698 -0.0288977657599496 0.0905525967923335
0.166347583985139 -0.0261027187559614 0.0324344435133531 0.172032443894029
0.194235195677629 -0.0639981396924869 0.306401397898244 -0.128432393210422
0.202245109450314 0.0333700185199782 0.247734416211733 -0.0303498367054112
0.196028604716536 0.0942669228309078 0.168908762065192 0.126899651071864
0.14410543265371 0.142467757336974 0.0462932898075893 0.146737173694163
0.0503923580649628 0.167638595706846 -0.0626723722226694 0.0904172160652269
-0.0515294646233406 0.157231888486411 -0.0742024678577136 -0.000680515313626274
-0.106459047857777 0.155469354882577 -0.0190420437794711 -0.0663906554259442
-0.139873825034229 0.15258437374056 0.0680313591077013 -0.0567296031447825
-0.152489059109746 0.180007191326274 0.122271704792678 -0.102410289244763
-0.104831838628423 0.213073204819502 0.0927122500286548 -0.155227245459
0.0259859601029905 0.244677117117548 -0.0224391128439543 -0.178675329798805
0.151143182241483 0.228156710284761 -0.124159169589013 -0.160413651017367
0.213608689270124 0.135885928761651 -0.123211312590375 -0.055909878450972
0.241434411272188 0.0634839326323719 -0.091467101268029 0.065100984934295
0.228423034191626 -0.0449738689811551 -0.0623835033796417 0.166761075197792
0.228574649882378 -0.0497547488977679 0.216832087893192 -0.105874310150512
0.245745646101987 0.0719284241086243 0.179548138567952 -0.0144411625770106
0.228728464344741 0.15696823801647 0.132492073596984 0.130539503738917
0.149752499368508 0.219484202376906 0.0342254237358782 0.154837511974167
0.0178307311623226 0.232051315729859 -0.0672111651556176 0.109956809694331
-0.103763316915634 0.196031006473821 -0.0933970536959289 0.0422520308120337
-0.153208807093422 0.17383280061413 -0.0577178442546334 -0.00994919676063971
-0.157867888173507 0.170856013683369 0.00955816947053848 0.00578874226793102
-0.138465707357858 0.203018084782933 0.066954418393461 -0.0355195450935138
-0.0645818216123892 0.233082045495177 0.0600212322701959 -0.0896612539320997
0.0832764727571226 0.242166559027688 -0.0280967138331458 -0.137278293755519
0.205940747944509 0.204151357123346 -0.131720733651959 -0.157302497121913
0.246784932137855 0.10654573213293 -0.159035941170333 -0.06919772600563
0.263835472467683 0.0367700512575947 -0.162220690351142 0.0552857624242703
0.249634937255523 -0.0651335457959203 -0.167060561940635 0.174583125988815
0.229763450152279 -0.0291855481317176 0.111100479371475 -0.0971831346934613
0.245231217052087 0.104422443142003 0.0940427159898062 -0.0207186107051988
0.209824256771041 0.202742816804189 0.0852776634563693 0.109602975991782
0.108867045931413 0.26472271630785 0.0167373780834592 0.148575430431475
-0.036336846277222 0.25392354645212 -0.0851727928064356 0.129979169081345
-0.149483392740255 0.195491664449776 -0.139292638906955 0.0888539544636651
-0.178998893094156 0.165440626821034 -0.119885435008699 0.0502967025953649
-0.153577686883024 0.164897741951769 -0.0518999673605081 0.069881713607722
-0.107634631331341 0.190664844896257 0.0312649037470122 0.0355679044206616
-0.0275710474774741 0.205305672586654 0.0608392626580326 -0.0261355821119719
0.104254864267683 0.195982622927664 -0.0037181178246098 -0.105774339301519
0.201218163874169 0.15317311085168 -0.121117738727936 -0.151161990770489
0.225471944407683 0.0696972683750225 -0.185562837297767 -0.0732755107309635
0.238744233616264 0.0114711332160809 -0.225474572600671 0.057716708768166
0.233374383143764 -0.0743878390674539 -0.264588663599249 0.190468787323866
0.192020351123067 -0.0108259873440691 0.00747804829390041 -0.106623975249553
0.194984881858827 0.10897588284752 0.014820015405585 -0.0515936480439394
0.149380694592951 0.195626124866958 0.0479700152172251 0.0636966096805926
0.0492687588012436 0.241411476972204 0.00886887211882929 0.123920938441197
-0.0723257010105051 0.212051100656196 -0.106894996519404 0.138343868877965
-0.155900165150708 0.15167012095945 -0.198936925278595 0.124105506627948
-0.166392731267504 0.129613530197356 -0.193275505694273 0.101803287933721
-0.12642288464032 0.132935011315129 -0.107566123269115 0.126961058294752
-0.0754624140513456 0.147807719492965 0.011956181568633 0.0955321227564223
-0.00964483204308192 0.148411594217023 0.0788953951329452 0.0192537838852561
0.0846986355073657 0.136627786272988 0.0314335800400865 -0.0885208948465727
0.151627685808801 0.104970415133307 -0.0972375261580204 -0.147001268070021
0.167369960169573 0.0433959050890295 -0.197958854004844 -0.0766925900864261
0.180833566090685 -0.0020337620774493 -0.269271029412283 0.063345643788199
0.185885848910425 -0.0676126771129582 -0.340242375267437 0.208461000586331
0.120290773174393 -0.000600944289477274 -0.0714346378729595 -0.127183450929823
0.111848888088945 0.0754905188898187 -0.0382872402368576 -0.0883998725994826
0.0792610215428351 0.12843811962589 0.0348110235484026 0.0148923870345398
0.0148993028464286 0.153166226220605 0.0210802144474452 0.0989271071893577
-0.0549620177178151 0.128030659786546 -0.11435575095784 0.141049571106252
-0.105361215556113 0.0855602491858667 -0.245203848778908 0.147488358359546
-0.110277946368501 0.0747641009294565 -0.25205273435145 0.140662682749157
-0.0807487566398119 0.0788778666023415 -0.148722180201141 0.165716410042302
-0.0469093773029273 0.0841349697758194 0.000793295124055596 0.134330729675072
-0.0075477457573813 0.0839074427120581 0.0951324337820482 0.0460161903227356
0.0458839403125736 0.0809619141252693 0.061951525991152 -0.0796274534331812
0.0872327220581413 0.0653700619043289 -0.0698678962225051 -0.144032799644301
0.0980109311230451 0.0288837594574045 -0.198220475299956 -0.083647446066032
0.106441085270201 -0.00113149655615075 -0.291656306755252 0.061223234274675
0.117137140308645 -0.0439049060477324 -0.38450854178394 0.218598940415581
-0.00585547837133052 -0.023257537669695 0.377462123741412 -0.235449893850915
-0.0205477997601184 -0.00930244399089821 0.303221780123252 -0.126171939498132
-0.0147244610664155 -0.0152329822899024 0.211887017917152 0.0680660788280458
-0.0160497733568439 -0.0190161977098985 0.0716359464279171 0.114814362322161
-0.00585907516881222 -0.0164737882669699 -0.054180456857809 0.0827071705776531
-0.0027799527269495 -0.0238213963265855 -0.0861725499336438 -0.0362741129063599
0.00935587852909084 -0.0198615624365905 -0.0109699331300109 -0.140524012973315
0.0120554232210736 -0.0144353901476073 0.144186747538015 -0.169704559160093
0.0134051839162993 -0.0158650759800552 0.255194708218994 -0.184299045547146
0.0226242646200042 -0.0252315718776621 0.243406064925869 -0.203684727471927
0.0193642510538743 -0.0199447773643413 0.0940896620562756 -0.203476870712441
0.0021002455120092 -0.0383480292864092 -0.0820049300132922 -0.11171685786394
-0.00906362791372007 -0.0440391462511666 -0.0672554280854154 0.0158196351998091
-0.0337695151718968 -0.0262941958805944 0.0354499435283829 0.134483758779932
-0.0315354407860311 -0.0202613797136452 0.136148677276187 0.182247359482948
0.0654167980552036 -0.0565767580978509 0.385481234281576 -0.21923188694211
0.0576309887621632 -0.0134243141955787 0.306818086336783 -0.107346758154111
0.0607094393915682 0.000690178063745066 0.208842416164961 0.084836402800313
0.0480081942469611 0.0143590317201278 0.062359692190543 0.124161359881365
0.0320383779335674 0.0309351660059657 -0.0629302973037402 0.0826437459400228
0.00102423551620577 0.036809243514469 -0.0856839251414963 -0.0373746970689595
-0.0143024758280235 0.0532548985086817 -0.00939453324075458 -0.136089399686995
-0.0441480696708325 0.0582711571470617 0.13803602556515 -0.15859007677014
-0.0701969200601321 0.0640909203707945 0.235046550750442 -0.188900489980693
-0.0652924136909152 0.0638786767953458 0.212496668967575 -0.219505733168339
-0.0256268480921755 0.0883385434490582 0.0580816400563748 -0.217430119057386
0.0196340717348706 0.0905198150047382 -0.0970004707972048 -0.129543438613991
0.0598887586396144 0.0557217870459116 -0.0752347488870982 0.00316001567583321
0.0766291585205485 0.0307946123072426 0.0214794602645349 0.121857054543081
0.0752417188366806 -0.025362216824766 0.11292029275586 0.177188695438389
0.135828506095399 -0.0776168555240486 0.363663972418054 -0.18903118091224
0.138810665283902 -0.00543133914615525 0.292414593392345 -0.0792633644981101
0.139185603580834 0.0320739931316716 0.202094051723848 0.103020992476211
0.110364896155711 0.0643899450198422 0.0596172127224665 0.13542831897886
0.0588276909721372 0.092410349637885 -0.0627309564695048 0.0856050734839925
-0.00956685607603079 0.101492447733172 -0.0787789320655629 -0.0261126785332689
-0.0501001083332574 0.119421851177651 -0.0111085516191183 -0.111587165831397
-0.0944594956788404 0.121827863551461 0.111223210952038 -0.120026678628215
-0.127322482461148 0.14132429320802 0.181222912750396 -0.165033618610023
-0.10747841480299 0.158025445391215 0.14909196066987 -0.210546726717629
-0.0166164000393608 0.190796535318361 0.00662480430303339 -0.212327527761939
0.0852385808969986 0.189923911755337 -0.11761121489428 -0.147743353495336
0.149104125156067 0.118614264584532 -0.0938407153816673 -0.0239611053716105
0.182075939789315 0.0574317200210023 -0.0201459623094922 0.0941630482347312
0.168871946456393 -0.0402258994039851 0.04670918717285 0.171524932898651
0.194692766130745 -0.0813482731865551 0.305936546531075 -0.154742886083477
0.213381141877045 0.0187747232179739 0.251688103492729 -0.0478746675313741
0.209769986835477 0.0820889911747965 0.182865755176002 0.119398697155839
0.157893301222896 0.135609286548119 0.0570939602037173 0.147080304298779
0.0633854872222016 0.166534160037163 -0.0593002161773555 0.0961744368621532
-0.0431017409502413 0.164255688809859 -0.0761261509826724 0.00217699474206493
-0.0975994416559858 0.167837314719987 -0.0247211222234353 -0.0667231921913738
-0.13082044612072 0.16719486751263 0.0664378315820067 -0.0617552298884233
-0.143730989056667 0.197771460829962 0.11732985916402 -0.112147357743526
-0.0931471282168117 0.226544320478763 0.0868862449072833 -0.163556431935253
0.04317037116548 0.247878594332174 -0.0317908801046225 -0.180376878323388
0.175381155850973 0.223804014171553 -0.138820401991524 -0.155949599423945
0.22974053336037 0.123899567552134 -0.127600146506888 -0.0482288396645125
0.254709237775383 0.0464004013537262 -0.0864969330988211 0.0719175754763681
0.230302467828363 -0.0636929222838375 -0.0500824409144659 0.174569838674423
0.23121118772734 -0.0695022643214517 0.216546590734924 -0.124534460058277
0.261738757441603 0.054920765199547 0.183104977587637 -0.0261256776836537
0.247758665867532 0.14349845821278 0.145532715382619 0.125088845849917
0.169077377727765 0.214140359910356 0.045404144788363 0.156144266040175
0.0335652946694258 0.235359799234902 -0.0630270622981516 0.116031728257065
-0.0944108030543837 0.207516871725892 -0.0928019406596579 0.047373245196933
-0.144012006747766 0.190298374795255 -0.0602790266383258 -0.00648614956420779
-0.14801411719856 0.186745841231256 0.0109636010212754 0.00658968718226287
-0.127399106801329 0.219325097866623 0.0652142028126356 -0.0389988932580628
-0.0502028416608345 0.244573961886632 0.0576480513698388 -0.0935325760019862
0.102146337768151 0.24097299018265 -0.0339355187001718 -0.137952687410796
0.229819658385326 0.194907021785018 -0.146123504629234 -0.152800268023765
0.261649511510954 0.09086333045519 -0.165052206796202 -0.0595574593261144
0.276044388096936 0.0168817106818374 -0.160671573973602 0.0667906198895425
0.250395549656822 -0.0853743991157675 -0.157767307069347 0.191301072713258
0.234514757920115 -0.0484306722003727 0.108523119285245 -0.107410570872725
0.262898234786128 0.0879860137782832 0.0949243706065345 -0.0264142005690246
0.232142585295972 0.191157414847068 0.0957589663096721 0.107302568185036
0.131185069379964 0.263888807201857 0.0273579613046686 0.15083375630555
-0.0204327051390264 0.261391761115127 -0.0807581215973668 0.137741400388157
-0.142255433731914 0.210906241590801 -0.137028725177314 0.0989547039512286
-0.170874403006105 0.182807504946461 -0.119836941552735 0.0590096338787872
-0.143646716828045 0.179982972392801 -0.048136218704571 0.0771775826340574
-0.0961978980326485 0.203975520335432 0.0335591149120365 0.0368032799328116
-0.0137888007435632 0.212933430671647 0.0628538488318292 -0.0291200786975141
0.11997160889782 0.191410953767974 -0.0069271883612788 -0.108022641540006
0.221026898941416 0.142242211592534 -0.134116475140852 -0.146948232583146
0.236331622801698 0.0543442646035064 -0.193419183983156 -0.062566775660411
0.247922340338835 -0.00766636441601655 -0.225850261527722 0.0742916926068613
0.232525170240319 -0.0942356420101023 -0.257215261496801 0.216365364213033
0.196441988370961 -0.0268941716942762 0.00088677609231607 -0.109373161223128
0.210630370142939 0.0967651200849004 0.0111738008840217 -0.0518340771065766
0.168143013840514 0.189209194872171 0.054047578139781 0.0618110905926686
0.0675994983737785 0.244500697926293 0.0174069642498136 0.1257151068429
-0.0608385079869009 0.222053968264493 -0.102849796771774 0.148298779912297
-0.152133357780236 0.165810819599456 -0.196881932069414 0.139758921508858
-0.161156278647503 0.144722972259892 -0.191578103802299 0.117190899544881
-0.118075572360882 0.145104877085978 -0.101278086374238 0.139499437988612
-0.0657799464357736 0.157145099117343 0.0182767374032436 0.0993901318538335
0.000252808043699918 0.152893213497832 0.0835687905714225 0.0158098496469772
0.0961001541956014 0.1318456227185 0.029563521614224 -0.0935744351537234
0.165790406803801 0.0962015464120982 -0.109435389911303 -0.144565722169576
0.175100298756467 0.0316454798796365 -0.206683670527822 -0.0653008507287905
0.186482563857492 -0.0162439482807299 -0.2712242579116 0.0832457558032134
0.18406204134261 -0.0830719156964434 -0.333358874176762 0.2400595215271
0.123282667125021 -0.0104140104604504 -0.0822651816104594 -0.124567023404929
0.121867799174304 0.0688956582469211 -0.0458963098292339 -0.0860853963790264
0.0909917302716746 0.125829666128578 0.0364827276628646 0.0123355605151612
0.0254713818678207 0.156278172706333 0.0271464559538328 0.0986582196305782
-0.0489858694941023 0.133960105025974 -0.11115246408435 0.151036631252846
-0.104662450069076 0.0946488068554648 -0.243190546507813 0.167428540550532
-0.107423942709494 0.0843333216658035 -0.250072384244146 0.160518412405183
-0.0751237596731896 0.0863509854610932 -0.140425993696102 0.182027114780257
-0.0417183941050015 0.0899918725726525 0.00933611769556167 0.139541282725102
-0.00232247197303212 0.0862202535640845 0.101722100501437 0.0413507776769287
0.0522624408373128 0.078812386069359 0.0604485082455186 -0.0870770504529949
0.0951614763918623 0.0602915385349209 -0.080431372689357 -0.143459542640562
0.10258926646419 0.0218836865593061 -0.207901353860938 -0.0718283763550872
0.109945086933515 -0.00937103962196104 -0.294644693218263 0.0833562318516771
0.116212165593495 -0.0540926021435767 -0.378989524236159 0.254556057392678
-0.00905454631119736 -0.0223553624680843 0.34975299896626 -0.260895267752714
-0.0198443499638742 -0.00822176926777319 0.285980303341559 -0.146371835038898
-0.014724923534259 -0.0130904896414921 0.212927004357241 0.0500463962897926
-0.017221340994521 -0.0171329309507837 0.0770065186507313 0.108264516008199
-0.00658570917339926 -0.0160174503888742 -0.0478212381710657 0.0861345553839392
-0.00354259185959253 -0.0220347971573447 -0.0872003015375308 -0.0284581679155976
0.0073797204780664 -0.0189303366908732 -0.0217951444242176 -0.1356841360865
0.0113078030299505 -0.0144100702745074 0.127091935667939 -0.177493841556513
0.0117115460675491 -0.0152197052048079 0.235462119511744 -0.198828154923817
0.0187024284812403 -0.025940234261904 0.223912499076967 -0.216366322596047
0.0180151310843638 -0.0219027436356293 0.0761103616506156 -0.205518988696831
-0.00076935522859628 -0.0375645593915519 -0.087879384840879 -0.10077350032025
-0.0122244709070088 -0.0418684288841179 -0.0642293280633505 0.0211994145266379
-0.0354582634427472 -0.0233244111292883 0.0478915937502327 0.127645491588635
-0.033015465920981 -0.0188805283258217 0.148320013800152 0.164342814735963
0.0582481054818907 -0.0613094485612446 0.359788210067841 -0.245398894019979
0.0569587459268869 -0.018932971867817 0.290685443285666 -0.128075978696011
0.0606709496396584 -0.00414644234270828 0.211156672131279 0.066679758701734
0.0481641210334882 0.0100677509296412 0.0691951214572732 0.117589068975397
0.0335986703476452 0.0266510453639909 -0.0562951696446235 0.0861487776875367
0.00417247044820613 0.0363431720989965 -0.0870011623262901 -0.0296355724106708
-0.00902874465732049 0.0541749299871175 -0.0202487296716578 -0.131840449941273
-0.0375613798956737 0.0608019947100464 0.12276970673808 -0.16528254519856
-0.063508924482021 0.0699993207987616 0.215881435464426 -0.201205975122956
-0.0607193159480476 0.0688989886053003 0.193662961305964 -0.229965543620961
-0.0183684271622869 0.0878124689705738 0.0415502947955975 -0.216278322595707
0.0282509667571532 0.0872062768551274 -0.104154835816885 -0.118409861854063
0.0635695322303021 0.0506177237678487 -0.0719017112311294 0.00902785912976708
0.0784557896530528 0.0235400870030899 0.0332624597211695 0.115813641850429
0.0711058994743665 -0.0321621434703175 0.125356665770415 0.160910163143455
0.125661485525673 -0.0878016676706002 0.341413075695864 -0.215423583199627
0.138312152998561 -0.0180060134730321 0.279759994681878 -0.0998989620648632
0.1400516658325 0.0196531958134354 0.206618975423635 0.0852402809514487
0.113095929350056 0.0541476123661768 0.0675958162522517 0.127887867660816
0.0645926442017557 0.0836838662775715 -0.0558079364477447 0.0887444987021399
-0.00167125344407613 0.100438350700956 -0.0792076175073333 -0.0205070090988119
-0.0385805259491973 0.120918131489704 -0.019766084416465 -0.107655545882227
-0.0816423595728738 0.127106683557077 0.0997973835017384 -0.125973808306804
-0.112210709563794 0.150109506249498 0.16508345979064 -0.173901470423518
-0.0944770670896838 0.164194339716323 0.132337024173889 -0.215502364734146
-0.00164929588086415 0.187274372404744 -0.00808498277203473 -0.207621743307287
0.101771304830419 0.179711006233552 -0.126023545738467 -0.135259090595333
0.155395255557048 0.104786017577409 -0.0913137816190941 -0.0164107912340767
0.184568353913079 0.0405156158520273 -0.00929481530721936 0.0923813857551841
0.161293959301041 -0.0546187116739762 0.0600217797954111 0.161334285484072
0.182924179445746 -0.0969083767182486 0.288036811661067 -0.176396586539152
0.21369763328975 -0.000198804977695298 0.242853858441945 -0.0657668762603445
0.213037585230937 0.0625186293315007 0.188944553756993 0.102807698120638
0.165711120551793 0.119807614057798 0.0658858342639285 0.139357040693246
0.0737570573076501 0.156393472778787 -0.0520241314655387 0.0987023705216892
-0.0302217079975435 0.163918945950575 -0.0745610647831574 0.00619025654097478
-0.0808085147103464 0.172261944402166 -0.0295061566451235 -0.0635571150733418
-0.113289808121953 0.173692872597257 0.0616101735547239 -0.0649334339909038
-0.124001709153069 0.206176700262477 0.105825289884117 -0.116711275742507
-0.0749689474726988 0.230181109947173 0.0754577850758398 -0.164514371144817
0.0615011532715515 0.238465014012757 -0.0420308532556735 -0.173490981047107
0.193421796778272 0.204955214556797 -0.147804392400293 -0.14178064809014
0.234981558704274 0.102859624025881 -0.12580781462502 -0.0385822945679158
0.255439004433047 0.0232013782005878 -0.0765073551741391 0.0753404520864897
0.2194355774554 -0.0817433192583423 -0.0344778933579038 0.173121452863856
0.220570327268344 -0.088629770513075 0.203027786554633 -0.139638117959985
0.264175584716664 0.0301900775783646 0.177296343199234 -0.0391571251594252
0.255235081365946 0.118922664322221 0.152706258604495 0.111687202706137
0.182391583927952 0.196539520034027 0.0558663125356071 0.148228316576455
0.0495785854581692 0.22630047141969 -0.054635126018177 0.117921030622771
-0.0785148046205259 0.210744372308788 -0.0878646197516185 0.0511868554396129
-0.125070159549949 0.197575972541669 -0.0597664148292963 -0.00264701355943064
-0.128467052223959 0.194029938912865 0.0127708137758003 0.00696987343734664
-0.106604287141272 0.226478399572652 0.0612508697909343 -0.0404783695463865
-0.0308924621861501 0.243936152899257 0.0523793269894037 -0.0939941755262091
0.117981053806902 0.226297671738782 -0.0399041205533141 -0.132833629034956
0.244200543516072 0.170599560245876 -0.155248748967943 -0.138270982011108
0.263524303056089 0.067555979140048 -0.163790876714423 -0.0471953065091357
0.273734634459403 -0.00789067514797675 -0.150413133222996 0.0765839265282584
0.237318344626384 -0.104604994319495 -0.138925736561068 0.199257377996676
0.224991683252752 -0.0683279350493822 0.0988095202503048 -0.114496178206379
0.267261275516706 0.0623735547509502 0.0910263986652273 -0.0319171277470559
0.244013285365119 0.167748817749427 0.102472292419702 0.0970485507965462
0.149441172321726 0.24783948586704 0.0373041815751699 0.144266235850415
-0.00129420790821409 0.257121640946592 -0.0710560614974995 0.14007202184945
-0.125812053880907 0.217333417369022 -0.127857381081257 0.105133598521971
-0.15271189430087 0.192464724870001 -0.113158360597758 0.0653740030494961
-0.124166559918309 0.187041593804086 -0.0391805134942336 0.0805492450376967
-0.0773315994575167 0.207826590528847 0.03553319001398 0.0360158424042916
0.00264168551746114 0.208986738256637 0.0616790559710932 -0.0316055536034231
0.131624278791742 0.176139206305598 -0.0111743069448912 -0.106038365000868
0.230817723970487 0.119271820365107 -0.143143064888172 -0.134043977812265
0.236379603187565 0.0335313722333976 -0.191854471875595 -0.0479323053646426
0.243298410139921 -0.0290468737299899 -0.214133961636835 0.0895847188356085
0.218715865002916 -0.111526549297548 -0.234795649508787 0.233240282499816
0.189398950037294 -0.0437930199965417 -0.0070380757805227 -0.106637983896748
0.216619179751554 0.0760511597165297 0.0068328095298488 -0.0497650981005238
0.180503844901156 0.170572904320515 0.0578956997800722 0.0558005884625825
0.0856654348651178 0.23463521193163 0.024549533535643 0.120526772961564
-0.0435762279927877 0.221062424759237 -0.0926690063432057 0.151903773672109
-0.138692603529759 0.175202761072629 -0.183930783589675 0.150943838584619
-0.145801621637924 0.153541716476389 -0.179182630455126 0.128473658626195
-0.102055095006626 0.150389220408351 -0.0871517645530863 0.145870335811773
-0.050645860247872 0.158971100322225 0.0254013299351993 0.0982259348169713
0.011928016124943 0.148863927666131 0.0852518174627495 0.0102431068140179
0.103336891665804 0.119937720935733 0.0242561464170312 -0.0954693886634122
0.171874642178447 0.0795173788593774 -0.117495212239057 -0.133690164667822
0.173794945557033 0.0170717899987052 -0.205121971863097 -0.0492738709325827
0.182101173852406 -0.0318147903294291 -0.258756009403386 0.102205923205924
0.172503484689864 -0.0966717705898953 -0.306973152875761 0.263099376911351
0.119642476165877 -0.0211055264456818 -0.0902962473358569 -0.114608129392713
0.125893715422723 0.0569028163548578 -0.0522659518705841 -0.0784679234052995
0.0993181984307745 0.115954187814639 0.0357338391464755 0.00852204754803314
0.0369867348311504 0.151244020143766 0.0314266993561633 0.0928801555604319
-0.039201572235615 0.134228657912449 -0.100540098928478 0.155806325370447
-0.0978213168466389 0.101009807580389 -0.22788999187141 0.182165373312927
-0.0987153294356965 0.0901090609657224 -0.232963003367906 0.175412112393567
-0.0651209271687392 0.0894784813136464 -0.122778018771833 0.190583797651571
-0.0328453401706646 0.0910524495113028 0.0200838538621665 0.138105957822804
0.00423872104792083 0.084436160830629 0.103881824484887 0.0337089826321879
0.0564823034905225 0.0714386540600088 0.0539588264162609 -0.0913722174859419
0.0989492397636187 0.0504407153170793 -0.0885282829033662 -0.135237922187702
0.101507791040565 0.0132307846184354 -0.207958883309697 -0.0552172600476224
0.107308080284266 -0.0184422069828101 -0.28214028220107 0.104948643282971
0.108276812282243 -0.0625253734912723 -0.349745458968756 0.280827078427825
-0.014202548457974 -0.0240094902083376 0.337291708221098 -0.243463362447934
-0.0215108759575547 -0.0109235189723658 0.273090854941764 -0.134994045428992
-0.0128739762927336 -0.0154926445878791 0.200536566642634 0.050539729279578
-0.0153381003755246 -0.0175300961223899 0.0704056714632386 0.104662101102438
-0.00452836578923436 -0.0160092615349171 -0.0467705679477017 0.0813499507304089
-0.00240889478560797 -0.0195991270049769 -0.0821169796432543 -0.0276517607271821
0.00724417897008644 -0.0176493973550747 -0.0203773399097857 -0.129012949037756
0.011822482479567 -0.0135369236233261 0.119137145422235 -0.169823893188876
0.0129351161757421 -0.0149155412298847 0.223707293100328 -0.188785604342573
0.017669825177235 -0.0265494918395356 0.214352624405023 -0.206484756576041
0.017329497350652 -0.0230620809716388 0.0733927122373006 -0.193392754536284
-0.00253916491589943 -0.036738218137724 -0.0795668886081109 -0.0952949065655667
-0.0128634964072061 -0.0396994784951976 -0.058769653313998 0.0189408654113515
-0.0330864780865333 -0.0202214443832402 0.0472027481571918 0.119079058194574
-0.0303403530871491 -0.0179435437436199 0.137302493056825 0.152961490498096
0.0525205061996167 -0.0601384192408671 0.345421838421308 -0.23205641321623
0.0531596672775987 -0.0201220266968226 0.27662816256324 -0.119741698888613
0.0594286056480754 -0.00563218219125198 0.198843463397083 0.0636073448754742
0.0463019823864649 0.0088165356095156 0.0650719037443978 0.111345163072856
0.0323821479517686 0.0249547280904779 -0.0522168097612564 0.0806555186007804
0.00392147719791622 0.0359668090691719 -0.080631136945502 -0.0285678718097681
-0.00907856756181926 0.0512955991157506 -0.0180175022746525 -0.123422962197493
-0.036679208998973 0.0585992766332579 0.115129774268338 -0.156925310037974
-0.0592859954612982 0.0672883140472994 0.203385582058735 -0.191805344998585
-0.0595186572606396 0.0655757052128619 0.183025821286229 -0.219044204488082
-0.0187103446729168 0.0832392516285139 0.0370583923472251 -0.20245589897975
0.0257377561889241 0.0819421463920774 -0.0977994181972776 -0.10742198275282
0.0601593263472238 0.0496284522331192 -0.0660934427196185 0.0106409453029395
0.0763445246145898 0.0235745362727966 0.0330098965185764 0.111184538553102
0.0691694822094996 -0.0319828148455382 0.11663363745614 0.152167274085679
0.119605188281334 -0.0845936156076614 0.327469351787957 -0.20670882613405
0.132428397961186 -0.0174581092999797 0.265703366444762 -0.0955387421720025
0.136296502861113 0.0185491943280487 0.195511218205847 0.0775424956993254
0.107412880708526 0.0512188645569565 0.0663257660912066 0.120226789770994
0.0599667719799221 0.0792644190338361 -0.0490248192929202 0.083408944925692
-0.00348127927152012 0.096544343587798 -0.0726921644931298 -0.0194236849679805
-0.0374994520235715 0.114461180289045 -0.0171547159931759 -0.099066803278825
-0.0797406726290937 0.122229311464699 0.0935946053557402 -0.118336813867206
-0.106567265856834 0.14441396286332 0.154122071335798 -0.164907705622335
-0.0926520817050863 0.15896799773497 0.123101443391781 -0.204712866834354
-0.00304662886086967 0.180093911166274 -0.0116706686567896 -0.192238470088527
0.0963385443700467 0.168815945093483 -0.119499587344603 -0.118332840856356
0.148442225963874 0.101846423054962 -0.0838481744121463 -0.0109130417690603
0.177978669327572 0.0384660646244365 -0.0074216132815192 0.0910774564198488
0.154620537279979 -0.0545277567929429 0.0564156677901186 0.154332915717525
0.176545034101269 -0.0921125437157685 0.276528628718457 -0.17310070502503
0.20542702159208 0.000505699914247276 0.230801414406154 -0.0658388010323332
0.206335150687877 0.0608069682411109 0.180868638490689 0.0907677207212843
0.156276932136883 0.11405017332274 0.0684579735769238 0.12977054549522
0.067441978300599 0.148435298823982 -0.0430106796970591 0.0938094015755078
-0.0321726699757194 0.157342113828185 -0.0674820400551267 0.00675159421938666
-0.0783075053489493 0.162708394122921 -0.0263063277023541 -0.0560378150247037
-0.110710609392037 0.166436444339396 0.0579620872567181 -0.0595138431219175
-0.118070181433013 0.199490326564591 0.0976035920926056 -0.109811039003747
-0.0732692255144702 0.223153479293193 0.0685512475928084 -0.154014017791621
0.0579958402397195 0.230116717471069 -0.0430423837431973 -0.158422448524335
0.183659751546325 0.192076559093342 -0.137998672896896 -0.121231855931391
0.224482608304667 0.0995896448367552 -0.114812970655745 -0.0312554856848706
0.245254955843469 0.0205839719730154 -0.07054508331519 0.0766223089698081
0.209203221155767 -0.0810068802281087 -0.0320868798045466 0.166079750360098
0.213766551728466 -0.0830864859417458 0.196088017679221 -0.140441594224922
0.2541909111221 0.0304675544325005 0.168978338331558 -0.0423645555249007
0.245470167217845 0.116919570649007 0.149010362217308 0.0956625415632153
0.17153438493474 0.187669087956702 0.0617512882164268 0.139681450207116
0.0427237075640021 0.214842153127552 -0.0443525080861979 0.114426530471416
-0.0793256511822339 0.201642135763386 -0.0807483774227014 0.0504801702369069
-0.121823754271559 0.186675941075959 -0.0557408203471841 0.00256885926867353
-0.12531687068461 0.185800888364463 0.0122928707244359 0.00927025334160922
-0.101272369364742 0.219071877732125 0.0548354229987406 -0.0369529434367146
-0.0295699129892293 0.235681937010723 0.0474132749615522 -0.0860984533976058
0.113315469047087 0.217591076908138 -0.0401631824261698 -0.119024186031143
0.232129575532103 0.159047015359377 -0.141902021611607 -0.117768450608226
0.251570872184052 0.0650633529419526 -0.149276176891528 -0.0401482034120451
0.261623025473972 -0.00955539897440462 -0.14049630132872 0.0768499947322964
0.225524647898125 -0.101690585931188 -0.130094866539211 0.190840662037271
0.218251033036469 -0.0622488423680529 0.0971060391856998 -0.117528130513816
0.257356447765373 0.0625003957681273 0.0879170209368325 -0.0367060761184081
0.232804274868626 0.163550023932418 0.103055258465672 0.081654156740025
0.139231407008347 0.236547037587293 0.0446392739911219 0.137737039858963
-0.00637721855004596 0.24325727236711 -0.0603186509145364 0.137771205935813
-0.124487705509124 0.208078191188919 -0.119392115035717 0.102667081928622
-0.149158355996988 0.181571460412304 -0.107091107910822 0.0680614031751679
-0.121716112179235 0.179217277009612 -0.0367054771991449 0.0796609162653895
-0.0726223740580367 0.201640928750963 0.0314302842371674 0.0361193395508935
0.00298974348953179 0.202267133963898 0.0572583877170494 -0.0271745198642631
0.126691892549362 0.168647483203598 -0.0113958782661519 -0.0946084090226222
0.218651855779873 0.110154173851146 -0.128848835384632 -0.116362052575971
0.224209858122395 0.0319284666676195 -0.175866089091988 -0.0425748091987535
0.231242644519111 -0.029434436444243 -0.201276585818223 0.0877705479981114
0.206427526729618 -0.107062870760741 -0.220817412017445 0.221615366040164
0.184082989375686 -0.0379949830957941 -0.00433106865374827 -0.109666919281198
0.208078259846428 0.0762688574863026 0.00834610873690928 -0.0527860978439396
0.171328531630076 0.167184076484631 0.0600713231608659 0.0448429739411688
0.0789422803134187 0.222374973955787 0.0307244496873892 0.116411774485763
-0.0457109735990841 0.208880675164732 -0.0835271026598453 0.150220616324456
-0.136594557429003 0.167623207508424 -0.174396632241074 0.146173813677948
-0.143230593301621 0.145639218949667 -0.170980686224655 0.12690131427103
-0.0997731041403735 0.143623308250302 -0.0814926103476678 0.141429931946835
-0.0471481981711846 0.153704931763806 0.0231938159426125 0.0955355631093676
0.0119872878488949 0.143703121315011 0.0805327192859442 0.0117649712937566
0.0996252995190468 0.113949529342375 0.0228210099475395 -0.0870634680812373
0.162093589651543 0.0720101687872111 -0.105589524452151 -0.119507461550943
0.163703234938335 0.0161587565101022 -0.189792641813664 -0.0451903862542704
0.171446156745872 -0.0312227161817223 -0.243900862956494 0.0985541762843605
0.161666002841619 -0.0918268903654624 -0.291206325817799 0.248420562730573
0.115786873043464 -0.0163122042400282 -0.0843110849312851 -0.11466844098314
0.120695264360535 0.0574078686663508 -0.0475608358106292 -0.0781760585127899
0.0933562811502182 0.113449326595504 0.0371154304274156 0.00335619006411611
0.0332579872893452 0.143509977168108 0.0324894452720682 0.0902852309212136
-0.0394577074956794 0.126706477008341 -0.094534788390897 0.151761068277197
-0.0954785565258979 0.0975686448593241 -0.216495963042541 0.17380760412513
-0.0975759448754642 0.0858883292794426 -0.22269860707996 0.170099365121577
-0.0637038697635638 0.0847692548800777 -0.115401143525774 0.18373970338693
-0.0301219661766737 0.0884375586167305 0.0185849381039014 0.133862814412941
0.00515520650501185 0.0815768976986636 0.0987768636854551 0.0321191440062148
0.0537392545338349 0.0674034460599115 0.0508143655816583 -0.0848639063896698
0.0923888699958315 0.0447533479873359 -0.0795730429175138 -0.124374059351062
0.0939948331889781 0.0123473309102073 -0.192835462630733 -0.0517032750289097
0.0988124591462491 -0.0173679222447967 -0.266946115378745 0.0992965162399885
0.100384861986081 -0.057254303812509 -0.333148897161875 0.262428065752108
-0.0146664278959556 -0.022749494273712 0.327249794672312 -0.236291778620545
-0.0207439236928169 -0.0109701173412892 0.264673532344605 -0.130758655233669
-0.0116393914004741 -0.0156143915495342 0.195833089048096 0.0485611619057416
-0.0148856039303805 -0.0165356057491149 0.067418470904403 0.102508092935265
-0.0040939754897877 -0.0156635025733563 -0.046347321142096 0.0797637553806182
-0.00167523166334963 -0.0186015845638709 -0.0798085311112583 -0.0275456758118526
0.00750106412519501 -0.0162560456579139 -0.0195855366116072 -0.125271580844935
0.0116019060700094 -0.0120304358310018 0.115104342392423 -0.164450794908177
0.0126102310864598 -0.0129333232600865 0.217892842526183 -0.182371476255068
0.0161060018690351 -0.0249183870755601 0.210079086163886 -0.199125474407647
0.0168679937630853 -0.0228495860014843 0.0721427889019494 -0.185843440551545
-0.00211799024665198 -0.035166571017655 -0.0754470110437656 -0.0908010271182605
-0.0121570172693832 -0.038055650698948 -0.0559192263189704 0.0190348900056615
-0.0324923144858734 -0.0196413260654585 0.0486754915696717 0.114043169019996
-0.0303087473690147 -0.017713885056295 0.133433729444494 0.145089104130175
0.0502197563606172 -0.0588345612433835 0.334738423142648 -0.226573472464976
0.0526717870395625 -0.0213259550502965 0.268707350341132 -0.117045917587059
0.0585311424952555 -0.00639223178647115 0.194381784193949 0.0609267699478563
0.0450974772139343 0.00831405648739081 0.0618432620189111 0.109067050260096
0.0311741053896526 0.0233028753130651 -0.0514531920534657 0.0788952552037537
0.00429806498403338 0.0354985479598593 -0.0784614726727482 -0.0287269166069126
-0.00775417468794151 0.0503581707435209 -0.0171309075886328 -0.120160716179359
-0.0345391032507621 0.057569872050566 0.11230243838077 -0.152369992974099
-0.0570048697388344 0.0665515465386109 0.19876253244763 -0.184034443334152
-0.0589691616893926 0.065184150411089 0.179955303820683 -0.211626571106804
-0.018454302757283 0.0804662670030637 0.0374680917924314 -0.194509369111464
0.0264133115551417 0.0798228302446559 -0.0937814187851649 -0.102690705630781
0.0592548272366249 0.0490981232174733 -0.0628678724648945 0.0103119575516207
0.0753023296172308 0.0220524383751042 0.0352957898412772 0.106738490993614
0.0667102164272113 -0.0321873068512953 0.113791783634769 0.14427619865531
0.115051240685282 -0.08322318517585 0.317751376768576 -0.202537680599738
0.130478331720461 -0.0196021245789196 0.257646025062129 -0.0937587605252561
0.133177899639857 0.0161498938764916 0.190921264992356 0.0744093770146572
0.104709340995523 0.0490421559809921 0.0634947162346091 0.116241449654
0.0579912339381513 0.0760440536158123 -0.0485243273253718 0.080736327988364
-0.00338848004906401 0.0945963148113497 -0.0713328517402629 -0.0199724732139668
-0.0349862640119532 0.111006351467536 -0.0170190852643249 -0.0965372136293551
-0.0758499521897315 0.118756983626641 0.09164495785278 -0.114922867932214
-0.101993509349558 0.141988621458182 0.149969706822883 -0.157748037565499
-0.0910676146199788 0.15604544577043 0.121501026489801 -0.197343169873121
-0.00327648654105322 0.174494962176131 -0.00877306837844194 -0.184947252784378
0.0960860364358803 0.163694624532708 -0.114786506075873 -0.113859700370324
0.145204825760706 0.0989993551936547 -0.079917611773875 -0.0118348446963012
0.174904903140818 0.0353492134761916 -0.00437821117335375 0.0865399478961164
0.149943407359343 -0.054072165065716 0.0549501358024408 0.146762557820955
0.170689146906633 -0.0912561473282929 0.268668124143721 -0.16984373891183
0.202292004380711 -0.00306102869862525 0.224305571824455 -0.0644504302606401
0.201666493738432 0.0567946524907181 0.175983263834136 0.0872526737226447
0.152551805401709 0.110059419443286 0.0653071974662779 0.125800513969222
0.0645748652549329 0.143528767310181 -0.0434760116331181 0.0910292617486803
-0.0318910769053934 0.154036120267425 -0.0670192289168223 0.00500232973447761
-0.0751317121310112 0.157666575057287 -0.0260366645493821 -0.054693210873004
-0.105636439899379 0.161058955527515 0.0576609679342396 -0.0580872440424304
-0.112820617565589 0.194666254224658 0.0951195699375169 -0.103620076390041
-0.0719000459571703 0.218223982041015 0.0690108543507667 -0.148258492616965
0.0560111693902473 0.222277452928802 -0.0389993485475967 -0.152800936546402
0.18171457368459 0.184942433264252 -0.133527414943843 -0.116476248663534
0.21896278834791 0.0964972045068657 -0.1098173569508 -0.0325030922699702
0.240347828138345 0.0171209332368903 -0.0668046163993386 0.0727296253131884
0.203062566429314 -0.0799594300508574 -0.0311185227264557 0.160454650702491
0.206805067292156 -0.0825838196565672 0.191018928322705 -0.137126793405025
0.249749596902125 0.0263769881762245 0.164685379701362 -0.0414168146962411
0.240071467451471 0.111608383938022 0.144844569654775 0.0924018797528304
0.168194977501267 0.181445678666378 0.0586847002497893 0.135129698797699
0.0405781498094471 0.207984704128781 -0.0448667891359914 0.110810858445371
-0.0780645037876388 0.197114828861361 -0.0804325230143789 0.0476163580380554
-0.117501582078981 0.180518160162325 -0.0547974109866721 0.00192765276482289
-0.119633891679908 0.179690565276065 0.0138633042152856 0.00878815711165534
-0.0962818121070282 0.212969319640939 0.0533016987980188 -0.0331124270144984
-0.0294401368411536 0.229950224785241 0.0483606538059475 -0.082498452704584
0.109583963336276 0.210251872284344 -0.0356994682511941 -0.115053832879955
0.228777412810472 0.152010853810379 -0.137299704322222 -0.113973815563311
0.245161546311406 0.0623602367203708 -0.144369077732419 -0.041817902310049
0.255951346193497 -0.0118234545691748 -0.135318395894479 0.0733181085177038
0.218721326331324 -0.100353735022726 -0.126342520324189 0.185194656860767
0.211385223980125 -0.063663122161866 0.094644861926331 -0.114325224319909
0.252871852310243 0.0575149087655767 0.0858883987290637 -0.0352748716317706
0.227899009971258 0.157282273878859 0.099413557013899 0.0784320740968267
0.136227966716271 0.229365433861399 0.0420066306944535 0.132776186196795
-0.00688334750516368 0.236696450014372 -0.0608424174120018 0.13381380967592
-0.122450993535559 0.204444301191788 -0.118345393176722 0.0985370898818605
-0.144061519556146 0.176389381749964 -0.105095595241142 0.0654809647841381
-0.116149861448409 0.17282155345811 -0.0342283606552158 0.077179971084356
-0.0680912443850677 0.195055868085745 0.030828290066744 0.0378459261952467
0.00258808290935614 0.19699819359515 0.0577745103466282 -0.0251817054774944
0.122006028493695 0.162029226866875 -0.0084545350515512 -0.0927349667211499
0.214701112709491 0.103507929527694 -0.124606455514681 -0.112837181301759
0.218596319182785 0.0308667652170952 -0.17014408195489 -0.0439446979965728
0.225890266969887 -0.031391875351843 -0.1952268880399 0.084356779496638
0.200060365500442 -0.105284118272984 -0.213878859534615 0.216924327584366
0.177824073094304 -0.0388792847090093 -0.00361516185520738 -0.105850256686834
0.203703515985768 0.0712469030337947 0.0083741293838359 -0.0504400097720243
0.167616891918168 0.161079896647609 0.056963948718459 0.0427742870736126
0.0772769665696671 0.216136038410165 0.0278716556719216 0.113081208371869
-0.0457723386893681 0.203928075495737 -0.0835911415252816 0.145825035516161
-0.134062996795422 0.165060465524449 -0.171341465957054 0.141757847493632
-0.139132334258673 0.141341864780622 -0.166558099605003 0.123720321145451
-0.0950297763909961 0.138093112905871 -0.0777871736476116 0.137575470223235
-0.0443203426677298 0.148338852753307 0.023261808078793 0.0948731523506923
0.0119953445700719 0.140414880094027 0.0801014021810683 0.0115473115858435
0.0950280286487686 0.109070215704686 0.0241362322809741 -0.0848698870593889
0.159188469812561 0.0671595733683035 -0.101416337639533 -0.116472265595863
0.15962061376049 0.015006337040628 -0.183940942589536 -0.0458026288695703
0.167334215447208 -0.0319704994456875 -0.237059871656889 0.0953060459581617
0.156147691997471 -0.0897142425750232 -0.281691289061768 0.243177617476533
0.111820403372365 -0.0167405827788208 -0.0821971284101205 -0.109997471026399
0.118672896700543 0.0546307888230892 -0.0465745970948901 -0.0747717419618261
0.0911836347585146 0.109536372856936 0.0342087824490861 0.00281705019307592
0.0331040579400255 0.139891289598811 0.029749558642157 0.0875477689513879
-0.0395415526933589 0.123335303082474 -0.0939198551281745 0.147354500605052
-0.0940673547485957 0.0969426237320996 -0.212505415695854 0.169568857919763
-0.0955637226717339 0.0834559132795861 -0.216821940352573 0.165694127687935
-0.0606181233094311 0.081265914763557 -0.111403493145813 0.178694434624981
-0.028276604968292 0.0849701284241867 0.0190733700517256 0.131447648288263
0.00469007068112802 0.0790536445655415 0.096800518203235 0.0318293827299013
0.0513356541553671 0.0648338168567961 0.050425087481445 -0.0834777237203563
0.0905750035980714 0.0420366613328342 -0.0761410016795539 -0.121892770723812
0.091656556253932 0.0117259569123604 -0.187262900020949 -0.0517014748418174
0.0970037045781856 -0.0176020215195836 -0.259716948475322 0.0967651029772892
0.0963964523446423 -0.0560872571957058 -0.322525856220292 0.257973911503089
-0.0152781734618956 -0.0227220143512177 0.332835788880844 -0.237229584117456
-0.0211438966139975 -0.0121105619124439 0.267999942897743 -0.131124994228514
-0.0112785490950539 -0.0164015443419595 0.199031187691612 0.048688833400397
-0.0150369492824939 -0.0165760889832556 0.0665649670327044 0.104466608119594
-0.00377897437083443 -0.0161401264019721 -0.0479381823175006 0.0807373420364261
-0.000722150906694394 -0.0185799260314432 -0.0808026844563361 -0.0297158294725971
0.00853333684668818 -0.0153065691165252 -0.0189726731022912 -0.12753850993964
0.0125373786034451 -0.0113531968951061 0.117434211989888 -0.166076645735052
0.0128987387005453 -0.0116933642438286 0.222168633135968 -0.180874430161418
0.0154623321444242 -0.0240830470877806 0.215978914582492 -0.198727184656799
0.0173770398974633 -0.0232642523272754 0.0756854352009236 -0.185471617797167
-0.00178338307022043 -0.035183897181753 -0.0730612321624436 -0.0915321439653082
-0.0116606862308088 -0.0380098125173875 -0.0548295123044467 0.0194037320340294
-0.0329110566119113 -0.0202527565380801 0.0513707779739442 0.113580611084838
-0.0306130698997528 -0.0189266422766048 0.13405481833107 0.143705864080764
0.0502234289364938 -0.0594735063711572 0.340533337749991 -0.228462063621148
0.0537847975644861 -0.0227800912348033 0.272052200726875 -0.11691551634012
0.059962173310567 -0.00738714046083897 0.197613151411178 0.0618410847653843
0.0454772148922709 0.00843090845368376 0.0609962008983022 0.110785432829527
0.0314123607821514 0.0233743220976209 -0.0535386492610312 0.0793012850751873
0.00502490966988856 0.0366301994084897 -0.0802217401637129 -0.0306117045231858
-0.00716555170281979 0.0509340628094593 -0.0165097559844174 -0.122045180967018
-0.0342647429631617 0.0580975948645013 0.113835301729975 -0.153203649362997
-0.0572347292516513 0.0679917958698162 0.202841568560226 -0.182312770678783
-0.0608482205662172 0.067500644442112 0.185768085605159 -0.211424275507192
-0.019261984537111 0.0808161126723355 0.0414625167790145 -0.193971209787221
0.0272757859875124 0.0806985993260834 -0.0925869383638892 -0.103603393188686
0.0605695282132756 0.0507749319526081 -0.061673295313353 0.00957093351502262
0.0771596656717859 0.0218076132824899 0.0378259046288229 0.105921545424351
0.0673506874379253 -0.0327983828345326 0.113635226122658 0.143657472607274
0.116150549457196 -0.0842977068883478 0.322785523531613 -0.203758757674953
0.133322345154127 -0.0218900853697999 0.261037518361677 -0.0935608053319184
0.135437635438994 0.015441270862659 0.193542248314869 0.0758461880772753
0.106208343678569 0.048861297242623 0.0624621851169201 0.117981017517259
0.0576071658042494 0.0760921111825318 -0.0506538501450363 0.0812830448706569
-0.0034148698080918 0.0961422811625991 -0.0732086467461389 -0.0219194618165834
-0.0345226473550842 0.111442072151684 -0.0166938270630674 -0.0984063096662064
-0.0759280482664736 0.119673835689639 0.094270226143663 -0.116121284184935
-0.102936412990255 0.143286368730391 0.154129426322618 -0.155668566564555
-0.0935792715464074 0.158876546772415 0.126562191627945 -0.197307480997156
-0.00481770955164642 0.175527872730215 -0.00525732584847271 -0.184881324504031
0.098674269839674 0.165839669706895 -0.114192709294641 -0.115023641883583
0.148116342651302 0.102517237983008 -0.0796663661866619 -0.014144078605634
0.17805871057423 0.034808692320106 -0.00247003451631684 0.0857254883549437
0.152126935996197 -0.0552649628681048 0.0539149497532592 0.146378797392194
0.172548319869755 -0.0928114138330399 0.273557525788123 -0.171626247135036
0.206895709475397 -0.00596307794668696 0.226743601443637 -0.0647416966636183
0.204413793164019 0.0565757611989183 0.177910838806036 0.0882016529837392
0.154735179535576 0.110746233095464 0.063699064592625 0.126865767576589
0.0639391804526072 0.144437217004128 -0.0458469129297429 0.091383964090392
-0.0329874518842603 0.156600715267624 -0.0696346803469697 0.00324132022078445
-0.0754186576216945 0.158393905990671 -0.0261419678757943 -0.055946974174947
-0.105956193634264 0.161900346604792 0.0597487128145189 -0.0589458017766333
-0.113129841209434 0.19624289805886 0.0977974764286158 -0.101532295485141
-0.0744705907071778 0.22251299705 0.0732771043382437 -0.14835934110922
0.0541344918702936 0.224335593088094 -0.0350977980240397 -0.153021891722844
0.186081727854059 0.186466297919252 -0.133189367727625 -0.118568112892731
0.222989084348767 0.0996391805357786 -0.110687355583202 -0.0358272125745134
0.24478132940702 0.0160636231511974 -0.0658282023553259 0.0713940694972646
0.20609986979966 -0.0815829710608946 -0.0325082672171433 0.160559129678669
0.208771840412558 -0.0850574228339234 0.194550717631485 -0.139309672945098
0.255374192292416 0.0238110560247926 0.166444161802601 -0.0413957736082295
0.244061573224176 0.110942420860528 0.145795694028819 0.0935833749167612
0.170510003893877 0.183301537013804 0.0570618495598671 0.136535613715752
0.0392069513292458 0.210581876245346 -0.0480154135541888 0.111135791351663
-0.080758262025613 0.201016150819133 -0.083757633924509 0.0463367117801011
-0.119611329792974 0.181598946706269 -0.0558676245443972 0.00137690237000339
-0.120136646731539 0.18013606232413 0.0147301797613128 0.00789565153466361
-0.0965996608398147 0.214432018501434 0.0550314342473923 -0.0307303874977998
-0.031182022893382 0.234083007980092 0.0518694531947274 -0.0817219100438644
0.108094439128249 0.212019916257429 -0.032433010774261 -0.116442685255262
0.232589154176892 0.15146753828126 -0.136973381793285 -0.116037652563576
0.249021465116689 0.0650687195995207 -0.145608839837916 -0.0463697930563609
0.260875016776541 -0.0137933763194874 -0.136309245028963 0.0720236017682958
0.221054518109573 -0.101685052153143 -0.128821114547092 0.187117972922736
0.213206684747349 -0.0647858053411983 0.0974579023578991 -0.116113016021075
0.257192548108965 0.05602782524235 0.0869812838109632 -0.0351992209315753
0.231457419283452 0.158793078500806 0.0993332334889542 0.0792648752996509
0.138715207879684 0.232414525389426 0.0407087666142158 0.134126006583694
-0.00955200959498998 0.240064779900757 -0.064625421162315 0.134093928924118
-0.126020125271036 0.208302713923031 -0.122380029678469 0.0984381483518638
-0.146768046901822 0.176935662103357 -0.106852624643489 0.0651363939928611
-0.116295703190925 0.172530135225698 -0.0335525596137545 0.0767481926273174
-0.0682775003411937 0.196456376320751 0.0322197075010859 0.0402166019504697
0.00192003512519427 0.199919087146076 0.0609255489043959 -0.0241461367290227
0.121258940748491 0.163281112675282 -0.00519729146108401 -0.0936821259617395
0.218517644311772 0.102617490548688 -0.124057779318376 -0.114964763645529
0.22205602945558 0.0323415603090532 -0.172516141433457 -0.0482098008768883
0.230209478707248 -0.0335483473786518 -0.197786918806941 0.0838305676923089
0.202586235181508 -0.106954276932323 -0.216845868277091 0.219433262562737
0.179129955232776 -0.0400382627729031 -0.00263315086744757 -0.107027895192872
0.20797950519271 0.0707373420189789 0.00850086881408634 -0.0505972510853366
0.169725971211783 0.162881579537644 0.0556737307763849 0.0428641599301422
0.0780909655495826 0.219390203906821 0.0258559537634265 0.114011374775324
-0.0488514828210529 0.206504807101901 -0.0875157171680019 0.146169631760987
-0.137901627178053 0.168613412569518 -0.176202296735092 0.142391888706191
-0.141533145709648 0.142613355860669 -0.169207595865886 0.124052111591319
-0.0954056427038242 0.13778115483159 -0.0788522475344843 0.138311730788195
-0.0445557762370726 0.148473321444592 0.0238740811576729 0.0975517961939175
0.0115124386357937 0.141990484744357 0.0823701946284831 0.0133062917797337
0.0944256178845047 0.109648503711322 0.0267218722882229 -0.0862372051060546
0.16113559737692 0.065959080055325 -0.100692926501745 -0.119248102807841
0.162036042761419 0.0167029172591816 -0.186491305052665 -0.0496928301940426
0.170264313687893 -0.0336534638938562 -0.239919358549305 0.0952776641304621
0.157038769960832 -0.0908871246189275 -0.285617918904646 0.247518461853906
0.112175928169113 -0.017125344936371 -0.0835269634374215 -0.110637431351239
0.120668813753856 0.0545757328147962 -0.0472852682865036 -0.0752294876322149
0.0923607390407422 0.110644656554128 0.0328226856862063 0.00278830152145196
0.0329149084962452 0.142380909514482 0.0272429491184209 0.0882367343795467
-0.0423294975926306 0.125137696658413 -0.0984146100323688 0.148232009009851
-0.0967630759600924 0.098916059040425 -0.217352202559583 0.170727211822448
-0.0970759395132752 0.0841764325114086 -0.220159703199473 0.166731058199437
-0.060979762269126 0.0805154555237913 -0.113120289467538 0.180780297357759
-0.0283887511982894 0.0845451483557938 0.0193624078609585 0.13468723652234
0.00464772136866111 0.0800861961795388 0.0981715158828002 0.0336295671140678
0.0506777577870881 0.0649524524623262 0.0524261767576371 -0.0841930285528257
0.0913456549401523 0.0410503043383188 -0.0749176830953674 -0.124863126120291
0.0930576351526526 0.0123396348801906 -0.188926347117527 -0.0553078772993109
0.098933963473977 -0.0182643242028107 -0.263290036592331 0.096654767594814
0.0967030792005529 -0.0563711023616298 -0.327001519494172 0.261671194071996
-0.0168271482041742 -0.0226452707049273 0.339944947604101 -0.254798263551155
-0.0226143851558153 -0.0125157316049517 0.274025962066893 -0.14353949136338
-0.0122869366142874 -0.0174947227245589 0.208149132422746 0.0434838283991858
-0.0154635306537801 -0.0162631455008829 0.0707866780570957 0.106774011139424
-0.00407982743344177 -0.0166057083279989 -0.048489801798822 0.085039677484162
5.81865497483217E-05 -0.0193190886682475 -0.0855841677938467 -0.029963236923034
0.00956476060968422 -0.015310167519032 -0.023197343029856 -0.133348304793602
0.0129480407548521 -0.0114552313702596 0.116675962103783 -0.175418580000899
0.0135248366837141 -0.0110443904582102 0.22809869531202 -0.191884950923712
0.014656118177612 -0.0240599006836123 0.221627136091163 -0.210143339730237
0.0178457432705004 -0.0254104455588973 0.0751262796092621 -0.192772932763244
-0.00220858482130562 -0.036117563460777 -0.0757145653079431 -0.0918919516292468
-0.0124448086122254 -0.0390831439292776 -0.054610135673961 0.0212576268296462
-0.0349514540285736 -0.0197637200654222 0.058605246583867 0.113878309704597
-0.0329117709262758 -0.0191649711191379 0.141838234579833 0.142113504445513
0.0502152732268911 -0.0627284904653738 0.347927998174164 -0.245294788301255
0.0554950193998354 -0.0265892834935332 0.278250967591341 -0.128908375462227
0.0622789771930757 -0.010416664622189 0.207044992470182 0.0571463429453905
0.0481257093855349 0.00713913415093649 0.064884945617703 0.113498247584814
0.0332569504971045 0.0224170794442091 -0.0546586941746198 0.083555311112787
0.00711821949401369 0.0374528009431952 -0.0848876305562112 -0.030704644945158
-0.00482007648241665 0.0530374661858584 -0.0208043564740798 -0.126862645582685
-0.0331581136914936 0.0615984930064224 0.114943564274574 -0.162508588498326
-0.0564921850171961 0.0732412771503315 0.207547082157709 -0.192927999389372
-0.0621491100655764 0.0733096790331901 0.189947024959018 -0.222540250885149
-0.0186476216252588 0.0839196404235414 0.0411909706832319 -0.200200435829315
0.0320173918330444 0.0836160720967517 -0.0968487252597182 -0.104405135852068
0.0656304213595462 0.0522678889962857 -0.062306015757995 0.0108698549809508
0.0813922086905445 0.0198099156709897 0.044449941311553 0.106372225652884
0.0687952400743712 -0.0369742309989364 0.120188000345148 0.142914604527573
0.117625633649016 -0.0916286902396069 0.329810441095442 -0.221460366748037
0.138284665773012 -0.0288593313207603 0.26736139913875 -0.104649981006061
0.141527066560146 0.0107783871452447 0.20337194179144 0.0718965013160266
0.111577025468363 0.0473730876950362 0.0661840778469277 0.120466105207612
0.0613325351197478 0.0765167619569438 -0.052123858750797 0.0852729038984426
-0.000166347123839883 0.100083038585149 -0.0777170455244785 -0.0219851912741084
-0.0322239117299214 0.11615473835797 -0.0201434918825634 -0.102350475496448
-0.0743021026048211 0.125508724099814 0.0951641882517561 -0.123425924711396
-0.10225587464073 0.151952085094157 0.157666450909072 -0.163316269420662
-0.0935947841766834 0.169383800080305 0.129433823647843 -0.20675723410698
-0.00163831244242675 0.182140716868851 -0.00616986588985138 -0.190152908732959
0.108798543854076 0.168831215921018 -0.120133025238274 -0.115930840778351
0.158407074492424 0.103361159058358 -0.0821677510230068 -0.014019273716429
0.18734528037621 0.0295015948180874 0.00251184815429036 0.0868208563096393
0.155962820203897 -0.0632873314264346 0.0589811058824923 0.148282099725097
0.175469246424228 -0.10207844961062 0.27938589268156 -0.187144699110144
0.215434915416938 -0.0149516450208249 0.233478328344375 -0.0734982382396261
0.214554854820175 0.0507363133426464 0.187151757594597 0.0856628610286655
0.164233517578858 0.109522768150705 0.0679276392514198 0.130066069641694
0.0693098038292666 0.14771923851589 -0.0472220079874055 0.0953358945847921
-0.0298337945134684 0.164365321327004 -0.0740925302267509 0.00413312774709896
-0.0734280268309134 0.165586380312437 -0.0296701001157503 -0.0580443477695429
-0.103696445285497 0.16992700418653 0.0606479035729562 -0.0636236165309868
-0.1113741143635 0.20677307834619 0.100408902207917 -0.105681238832376
-0.0719582833608158 0.234744648567224 0.0747445609983971 -0.154763988211948
0.0606090258073288 0.230857838202159 -0.0364044193832622 -0.157074878340634
0.200275156248391 0.186655936535865 -0.140328755948265 -0.119491078732051
0.236605237949209 0.0984616613660065 -0.115948987607598 -0.0368867736588901
0.256010615224811 0.00757804992178287 -0.0644989053254883 0.0735402764821793
0.21129054643171 -0.0923070056247098 -0.0302105617453472 0.166472040572036
0.213050282255342 -0.0953623235602928 0.199038197559701 -0.151494366718189
0.266865420675735 0.0145566495903041 0.171487736767663 -0.0477393804097329
0.257154157771429 0.106918670304657 0.153025951046515 0.0922803110450136
0.1823246587052 0.184194040122193 0.0613111562873506 0.139431864681189
0.0452205552231557 0.217648740774665 -0.0495795441753 0.11599975166346
-0.0788923468758682 0.212690420625959 -0.0877125629576806 0.0499531871262674
-0.119203007665395 0.191667253899321 -0.0580834431804364 0.00209188348591348
-0.118179023431218 0.188588921331206 0.0155183301900474 0.00720104874373999
-0.0929395788073687 0.224312036326197 0.0568241977708506 -0.0308502902977209
-0.0264775413771273 0.245019687372785 0.0541076362419391 -0.084494087759532
0.116564986912142 0.216298080192517 -0.032549280583089 -0.119918991636607
0.248120250833616 0.148836008434398 -0.143958693680274 -0.116514355939986
0.263274139926006 0.0616314824569961 -0.15294745687057 -0.0473098192260984
0.271869976389571 -0.023824866655177 -0.138481674770057 0.0762850003424491
0.226532829584641 -0.113033239452027 -0.128837075245564 0.198261717652707
0.217213767412412 -0.0744531795086511 0.0981681226401293 -0.124262273857287
0.270241662180139 0.0477956478171594 0.0888405844101044 -0.0391854370704612
0.245231515285114 0.156518439615002 0.103258661901051 0.0792304572059259
0.150575581924136 0.236624620299456 0.0440132476235312 0.137793427935071
-0.00548291871376947 0.250100736841287 -0.0667569287000963 0.139894448304803
-0.12572286102479 0.221258030152772 -0.126434031272673 0.104756422783423
-0.148302482996634 0.187840863689591 -0.109076422339548 0.0700247505193676
-0.115042349134179 0.180490649405786 -0.0324070942880781 0.0795738283161452
-0.0644636146938209 0.20446522886652 0.0348381977550984 0.0427291494886631
0.0074738750171632 0.207990034253064 0.0644973565317192 -0.0258013614994294
0.12869802545985 0.164889060439433 -0.00482126109680188 -0.0975133158523566
0.230851302867384 0.0979184279641224 -0.130375751648322 -0.116595820328039
0.233119065148276 0.0279931792715499 -0.18125844236854 -0.0486490115844015
0.238829540104809 -0.0434872555066141 -0.202139157185499 0.0909238723670175
0.205923807267436 -0.117318882383059 -0.218635110656856 0.23523834386835
0.183355721027451 -0.0470082402851253 -0.00566393895733155 -0.111105356009043
0.218254667353756 0.0657930869992184 0.00682033366687271 -0.0523680934622525
0.181576586783258 0.163263740790376 0.0569265944360264 0.0431079374189715
0.0877274679998645 0.225929404868949 0.0278938681394192 0.117304651751244
-0.0470052807547833 0.216871848284318 -0.0899713102160697 0.153178106212287
-0.139553100395676 0.180615024287299 -0.180322561804949 0.152449369041489
-0.143417932293618 0.152034264213955 -0.171978801943124 0.132527206787941
-0.094734211456965 0.143307261788392 -0.0773906778194282 0.145279873665787
-0.0411696312256892 0.154034256000381 0.0284723699050499 0.102454484604718
0.0164088472324287 0.147559756036518 0.0871168779143548 0.0122928113588184
0.0995502099198087 0.11098641648187 0.0277767672881202 -0.0905395196188232
0.169133353166569 0.0619190831386888 -0.10622035760149 -0.122252462248194
0.169342397577364 0.0128899622737108 -0.195084606580528 -0.0495913169159589
0.176817608175192 -0.0403376613129133 -0.246590521847146 0.104840361144572
0.159618478835829 -0.0986276033750477 -0.288862772793831 0.266795931438285
0.115647410680939 -0.0212653009615781 -0.0898877104116673 -0.111548716675544
0.127415990665606 0.052743756135291 -0.052215274216816 -0.0765980440715743
0.098977303645422 0.111992706147403 0.0316289482691628 0.00202760169713451
0.0385325177601025 0.147103457550499 0.0287834464171735 0.0905737285448111
-0.0421993612013894 0.131905015301646 -0.100818339164884 0.155810569185301
-0.098675290670496 0.106879230077991 -0.222195113221233 0.183150188472028
-0.0988051113642473 0.0905499609365847 -0.223960123861073 0.178310941477814
-0.0610735542149889 0.0834367869621605 -0.112094371642883 0.190695859977087
-0.026730753256772 0.0873806162518208 0.0243107178875434 0.140847713311023
0.00756522886639764 0.0828061816492245 0.103603977464948 0.0331507691192724
0.0534036458121893 0.0657299989350645 0.0536996824039733 -0.089240487570758
0.0952174175831795 0.0388948052809571 -0.079704576159781 -0.128930358241978
0.0971765838318441 0.0108992455796133 -0.197954719872168 -0.0537524265276074
0.103171544795308 -0.0228813554322692 -0.271135338109768 0.107039133656395
0.0975539144905832 -0.0612646010606233 -0.331736817846272 0.282505174889351
-0.0115470229071858 -0.0295773851035831 0.432898966343125 -0.0839570933969264
-0.0206392821389079 -0.0226823514287745 0.319430685778527 -0.0116633033267658
-0.00559068562357562 -0.0248099683855185 0.17316940679006 0.131787913864374
-0.00655429778217902 -0.0229382011762686 0.0165751843884302 0.129779504019156
0.0057311441370868 -0.0171479234238433 -0.0845990339317499 0.0567995704730098
0.00939054230454355 -0.0170270783672314 -0.0663139326259373 -0.0675618480123686
0.0157918127210321 -0.00998607533559516 0.0380490302271895 -0.134518844447959
0.0178552782754078 -0.00441161651381099 0.182130391554275 -0.110505850208662
0.0169146435844823 -0.00511320267178328 0.293344890539878 -0.0754459436891021
0.0233766173789646 -0.017102448569228 0.295044709839031 -0.0943924757538581
0.0275486961367187 -0.0175234217472418 0.155736790067072 -0.140576904201441
0.0125401532119662 -0.0342221593261525 -0.0260067697280835 -0.117137986906968
0.00583817500869341 -0.0403613830729795 -0.0572903002450142 -0.00483274589414348
-0.0226843403934796 -0.0315543843733815 0.00551332406307108 0.130344423022866
-0.0220936452118882 -0.0329380290325975 0.0636156107909495 0.195628977814374
0.0684450068192755 -0.0374234757418378 0.434566302563053 -0.0745283055771197
0.0592929912620599 -0.00213530310064141 0.314193650038227 0.00234798847205771
0.0618114289257824 0.0148438555280851 0.165361360027766 0.141027766726397
0.0418910598773072 0.0257160853486018 0.00912463075462651 0.131233999173811
0.0222269750886923 0.0347893770272422 -0.0874718322587984 0.0508745471629226
-0.00911405457945851 0.0387797371715792 -0.0638210159551073 -0.0681356764777535
-0.0270934302741397 0.0464104472278151 0.0380582708072815 -0.126791263253037
-0.0578674331215575 0.0428715812813975 0.175208339115064 -0.0993616478258094
-0.0844180066319875 0.0423627632370375 0.274760720700811 -0.0851700819995246
-0.0903192724292712 0.0404466919188685 0.270489780451717 -0.119991451919056
-0.0550955978118572 0.0686330740156502 0.125072582125014 -0.162088405715262
-0.00776042873562947 0.0900873592793061 -0.0417497421542604 -0.135091495228253
0.0382197859427989 0.0792509046091645 -0.0612402713109622 -0.016488137947207
0.0679329490870341 0.0548001712668683 -0.00588290298609645 0.119484703593741
0.0804515898051711 -0.00530334111273472 0.0428211636690704 0.187996399284246
0.144497511637675 -0.0343385213590531 0.404531399711722 -0.0630095143077997
0.138429362157297 0.0311778344313216 0.291062216216232 0.0187118145094311
0.1273588521618 0.0688443552386117 0.153292511559003 0.151267598007049
0.0835352547947412 0.0896663806924675 0.00857234605308528 0.136317141538148
0.023526680490054 0.0965685487750775 -0.08327162241138 0.0522335094888562
-0.0438097344841481 0.0933711420954833 -0.0601750868860869 -0.0570308099420786
-0.0804165930321506 0.0928433847850096 0.028206885989919 -0.10283357008301
-0.124475052702115 0.0842695735940697 0.140322169061452 -0.071257391682895
-0.159891329032694 0.0951348107312043 0.215340090803416 -0.0805447042984443
-0.16113046462944 0.117368784258124 0.206388702456595 -0.131490909622323
-0.0824081639134001 0.167347740395784 0.0756968815153431 -0.171742254356057
0.0260727942171734 0.201505650358075 -0.0586646790202063 -0.153351624794697
0.101311178223236 0.168066610682382 -0.0689137477686909 -0.0465219029441182
0.16148081727308 0.108924197078592 -0.0376990990000625 0.0842657657647904
0.172177624197616 0.00834719251611767 -0.0177470112027346 0.166090910247024
0.203340485231531 -0.0193855324550414 0.342287658686553 -0.0545292421791938
0.205341182716177 0.0782126572146769 0.243395576027798 0.0313840281775785
0.178511150202996 0.138430606365614 0.131354498367328 0.154435954919454
0.104375072810721 0.169475570546601 0.00821258282321136 0.144615224468176
-0.00161058466523558 0.165764329124483 -0.0800329965087899 0.0634178092539085
-0.100092128576845 0.140566154533204 -0.0663992140226759 -0.0312757392253233
-0.141035286129335 0.120950644402498 0.000361659947941304 -0.066345804969027
-0.172404643186454 0.111390248680569 0.0839135609491084 -0.0306048894285724
-0.191916378425045 0.14198188045929 0.13689773897479 -0.052297812515522
-0.168153602768044 0.187215392259894 0.132950246106811 -0.106658355031421
-0.0458648176200983 0.240324138105319 0.0330474168084297 -0.153370914845819
0.102542940550937 0.256423739153205 -0.0738364699968988 -0.163079503719757
0.176041339548893 0.198338475156441 -0.0898783870703859 -0.0822725516815646
0.234286001139552 0.118748763411977 -0.0937974856671767 0.0427374176396699
0.23569825591627 0.00581937498726947 -0.109164987473923 0.141910483517476
0.236074836382497 0.00502214695765111 0.251378473267571 -0.059697688115907
0.241186369730488 0.128069077484665 0.173181241191909 0.0265720811127685
0.193138053760052 0.210155694597639 0.0968488349001699 0.143799904309921
0.0889667917792613 0.246315559550903 -0.000233703915275475 0.150281485733046
-0.0546993297903738 0.220116967561473 -0.0883779321650915 0.0829206356468432
-0.167124449575415 0.164559051520498 -0.097984588666351 0.00562344901718385
-0.195363000690914 0.126169631940483 -0.0524587598352046 -0.0235164479169106
-0.193820518819221 0.122986175432256 0.0119031043887506 0.0146699384541962
-0.182298159460888 0.166638459439492 0.0647505739371711 -0.00236947962784651
-0.129191344808681 0.217184160536557 0.0840388385361791 -0.0513758453931634
0.0129352999786694 0.251029788344285 0.0214992771387308 -0.116504495684332
0.16245063944198 0.241017540018493 -0.0766154716816813 -0.16253474593558
0.215896042685381 0.175040227148163 -0.119073440938885 -0.109210543943293
0.261985080641914 0.0950509717888232 -0.164701596385114 0.0125772882348635
0.258961116151319 -0.00749017598805558 -0.215439431377287 0.125825544837398
0.232646827226834 0.0277484412596874 0.145927512034282 -0.0788557628504866
0.231150007262939 0.161745863620759 0.093119137959119 -0.00320670167790364
0.160302331352349 0.25193823458566 0.0584619865200596 0.108473838687248
0.036924523125906 0.281214742238011 -0.0139076252061393 0.141246825460773
-0.116001286571217 0.228398767123853 -0.113522369346423 0.10019918001594
-0.215383480770206 0.152728169247431 -0.157942562593867 0.0411778610545561
-0.221725872463732 0.111133914706805 -0.129202824285194 0.0165600418760809
-0.186899643965153 0.11659451619429 -0.0641007954994867 0.0609153909246186
-0.146547649577427 0.16001311479879 0.012882102240919 0.0556512298471211
-0.0816474842284216 0.196776631762795 0.0686973017553204 0.00753161548649121
0.0464699829001694 0.208340466271506 0.0388189500087126 -0.0850751793709914
0.167839465944771 0.186729212624513 -0.0632931120524525 -0.157930192659329
0.202643490184296 0.12988680379677 -0.144069726009162 -0.124578153954788
0.238646836852211 0.0637013571298802 -0.230544731363561 -0.00346216235375291
0.240994446831366 -0.0194291888276648 -0.315593405922503 0.118508405674724
0.189380003770254 0.039190499645656 0.0430858402227009 -0.111552016449299
0.175707533165984 0.157097459663269 0.0242814297988048 -0.0515176443658439
0.0972824462353319 0.232061513600796 0.0323228808873526 0.0557606313354672
-0.0164778250600452 0.24493166326454 -0.0204377597631552 0.117359321518994
-0.139147662305932 0.179955221882012 -0.14299329221262 0.103459984596879
-0.209259998196885 0.108986312560317 -0.230111023406921 0.0608933989317274
-0.201652950911752 0.0803283116568137 -0.21514819082383 0.0463070064020228
-0.151610072386254 0.0912441537907866 -0.133139157993413 0.100816273459583
-0.103210133417556 0.124170663492262 -0.018555186954998 0.107187687265786
-0.0468233359559012 0.14373524288931 0.0730871759312062 0.0510518458770961
0.0433668511011441 0.144959238759892 0.0659540279327284 -0.0665246026837271
0.126553369295748 0.126748542200586 -0.0386453641565477 -0.154792950207299
0.149838415270328 0.0875495852044193 -0.157335891184006 -0.132733929338088
0.178936747292925 0.039604417173322 -0.278071953948205 -0.0122460701138605
0.189702929777341 -0.0214008058781787 -0.394967337880255 0.11275226751726
0.116017980957186 0.0341824313981086 -0.0352053924623739 -0.146792028510436
0.0963164143454777 0.106429478902695 -0.0185417535743591 -0.0983573561593847
0.0425822205670876 0.148362742155857 0.0274623818731554 0.00984536616555301
-0.0281484270204521 0.15141318376935 -0.0101814766455756 0.0945980368222914
-0.0967301176608498 0.103366684957773 -0.158092533790701 0.100158514119383
-0.138662178542535 0.0579608130911277 -0.284346291028295 0.0689694762607523
-0.1334116937176 0.0436472326408371 -0.283702088474201 0.0638180049990285
-0.0940064832349895 0.0508021778534257 -0.184676205396992 0.127951587235358
-0.0612090757116739 0.0685319127227206 -0.0378215334390058 0.141277406277566
-0.0275575113971867 0.0798764572266237 0.0795870166056711 0.0767249244799726
0.0204227902256861 0.083298587498799 0.0891311009695479 -0.0553628118386043
0.0685156619159869 0.0742142870715748 -0.012076331889858 -0.151255104166443
0.0831718321545979 0.0532681858295981 -0.157626365084863 -0.13894130017548
0.102242606884478 0.0250212425495178 -0.301185676647274 -0.0223125134710599
0.116076508499266 -0.0129949691478682 -0.441595748517769 0.105991277171418
-0.0131886906510639 -0.0278849217132184 0.422455984497455 -0.112584289105197
-0.0223505887523304 -0.0209543031514826 0.313292138004595 -0.0342869589603791
-0.00687726341654731 -0.0243571062602459 0.179244279647484 0.115012640423929
-0.00763341248206599 -0.0220919433240482 0.0233891205496132 0.126239479722606
0.00490159456196712 -0.0176292203435868 -0.0806830070501578 0.061947552492149
0.00908711202481445 -0.0178109542803203 -0.0706830086845498 -0.0636393586015139
0.0158951524723704 -0.0104811801254213 0.0279125246290117 -0.136823086350659
0.0178001571276232 -0.00439812216091563 0.170663798124353 -0.121151397255626
0.0166118133265441 -0.00439195934349965 0.284919035640726 -0.0934648214683372
0.0214080993492097 -0.0167876179125785 0.286643617700136 -0.111492305211811
0.0260065089479298 -0.019202503896413 0.14565312836321 -0.146229652123418
0.0107160449430924 -0.0342027405681299 -0.0316203972287349 -0.112357212269832
0.00367821790479606 -0.0399154946291746 -0.0543458952088858 -0.00105690403122251
-0.0249011241990577 -0.0291670720244446 0.0167474487021841 0.125490999842087
-0.0238230373802874 -0.0317073807009561 0.0754322910078317 0.18478785710967
0.0648396485607716 -0.041519160410087 0.424699931597533 -0.103689252298961
0.0583184095183838 -0.00712908345044062 0.308398671586579 -0.0207373707242936
0.062388148393851 0.0092833805242761 0.171828303630085 0.125676462355012
0.0437838922397096 0.0221263230690494 0.0159349692218764 0.127666141104671
0.0241427154100673 0.0319239684220734 -0.0838350333529462 0.0560386487552923
-0.00502570009355617 0.0385614248860051 -0.0685882287217067 -0.06434378877671
-0.0223615027824381 0.0475583633580398 0.0280942410415809 -0.128786208596224
-0.0529032541998725 0.0470444093783088 0.164789387674688 -0.110157517606087
-0.0799808755061086 0.0488923955135356 0.265819600464762 -0.100585200599742
-0.0870888924064329 0.0479469198470768 0.26046235295986 -0.134684070508618
-0.0502975973258207 0.071522002290894 0.115005565666947 -0.165820426080901
6.39916177671424E-06 0.0899683628171949 -0.0488463345833654 -0.129043597095406
0.0452911200085433 0.0764635264948987 -0.0593796654384272 -0.0128340604486253
0.0716654140787412 0.0487622613773415 0.00517124990332267 0.11585428199871
0.0786797150172006 -0.0118362614653309 0.0549791370827154 0.179482361326556
0.139610363499646 -0.0446248080888609 0.396588735161711 -0.0907845033664716
0.139816866737102 0.0194093191607383 0.287281244597767 -0.0026516555867927
0.130720980619296 0.0576868606273501 0.161077178931906 0.136338396774221
0.0892274292271234 0.0818843193638553 0.016207501364654 0.132819105180972
0.0298203670796022 0.0925918243092982 -0.0804182630158083 0.0570481327384798
-0.0358998601034368 0.0950688491863482 -0.0644558683136137 -0.0538818184745161
-0.0712337971110737 0.097286672062855 0.0197565042793268 -0.104674338865789
-0.115162091621019 0.0915597635614461 0.132853494587163 -0.0802018610944494
-0.150090310659311 0.10586071140685 0.207135637654464 -0.0918789881937585
-0.151383653761583 0.128202778696191 0.196237755127409 -0.141915177853913
-0.0707560099927178 0.17066249725306 0.0663046278264156 -0.172357951904976
0.0421825171844024 0.196907614505057 -0.0672500570126446 -0.146058399093958
0.114434843387811 0.159732031268584 -0.0699347686982241 -0.0429089083879378
0.167962970098431 0.0950826191215236 -0.0286300295005505 0.0836176170275364
0.169999507966342 -0.00529544846214401 -0.00608853337530077 0.163182562253743
0.198542521813613 -0.0335665878610112 0.334257132139749 -0.0795098264654145
0.20976224855042 0.0602084192684337 0.241832260694766 0.0127535887965888
0.186565801487853 0.121778931881219 0.139985320879075 0.14236801862552
0.116163696398806 0.158498722202607 0.0167989196176837 0.140196194536107
0.00940190342818981 0.162875234915935 -0.0767744242870649 0.0672052463830218
-0.0883000947190466 0.146023239254967 -0.0691259969191206 -0.0276823215284446
-0.129498118794777 0.128694985962002 -0.00498327865787524 -0.0665116008698753
-0.160184232004032 0.12175987153322 0.0801042582394891 -0.0362216738807098
-0.177765507065888 0.15323257922831 0.131711534376801 -0.0582868001627693
-0.15326860038128 0.197371648047143 0.126184214170248 -0.111527380913529
-0.0297830574379637 0.240027298391839 0.0268306749543104 -0.15140421150716
0.121720914725964 0.245676188633122 -0.083171992233018 -0.155033708337951
0.190402966075922 0.183801013377536 -0.0939799702915801 -0.0771369136624547
0.240831458639423 0.0981531587957575 -0.087316766958715 0.0468172800252983
0.232315511034899 -0.0127507231756422 -0.0981119159849228 0.146965373433369
0.232177969186732 -0.0121811685040034 0.244218362162622 -0.0772135199688857
0.249328277862619 0.106610631991086 0.172333866814027 0.0132668792543272
0.206724285194657 0.191265857253388 0.104763927318236 0.133792532898002
0.106186196994712 0.235661508291554 0.00951970384590396 0.145968675005925
-0.0402941090491222 0.221531823488733 -0.0844073192550478 0.086718109106891
-0.153463464213258 0.175228966710797 -0.0980144596438937 0.0112862438123716
-0.182996011747711 0.137710482410398 -0.0534829997289109 -0.0208830439350089
-0.180942387102055 0.133684368610717 0.0128182493241031 0.0130951777288561
-0.166686388034226 0.176649823210082 0.0637143478376123 -0.00474587610397571
-0.112313144326047 0.223597203844252 0.0812815907917087 -0.0538570838738334
0.0288756812471087 0.246383387557834 0.0172954438303164 -0.115934392466072
0.179692142361304 0.225422526487457 -0.0854019596089721 -0.154820564691975
0.228278260576828 0.157713672992945 -0.125497050183657 -0.102063474359228
0.266243256759972 0.0735530440358662 -0.159573844378482 0.0219542924785403
0.253881048029386 -0.0268776304905432 -0.202729898134792 0.139940325308658
0.229523324357685 0.010144331312988 0.138629969138251 -0.088367860360106
0.241051509345861 0.14156278691381 0.0907189386256572 -0.00986124732466328
0.176294042788331 0.236092897381438 0.063207013066585 0.102186443349302
0.0576052079894508 0.274366786469649 -0.00502539316857693 0.138914245552307
-0.0996474509358919 0.23488024857853 -0.108304219364318 0.10490799315672
-0.202409654301866 0.167778213114016 -0.154541848156281 0.0505525807319511
-0.209689722038788 0.125419821077144 -0.126020004020829 0.0240178914392671
-0.174885326615495 0.126698317182537 -0.0581994897789196 0.0638316563588726
-0.131852751885473 0.167288674015791 0.0164015860619238 0.0557582996992689
-0.0661377722686064 0.199631102569279 0.0698042188349782 0.00499369439749649
0.0591704458422725 0.201315414617296 0.0359927133098587 -0.0863344572316833
0.179818626042204 0.170399546932683 -0.0715526072294972 -0.151700234876639
0.210947136422837 0.114391280225243 -0.151770600866219 -0.115504553728287
0.240238631840956 0.0440200285578358 -0.226614492619965 0.011920470314519
0.235515893686143 -0.0364719523648528 -0.301936010179541 0.140186646542579
0.188839276727296 0.0251755893395577 0.0344250516406894 -0.113040238113659
0.185867639374234 0.141342794417095 0.0189539696310853 -0.0529043994774631
0.113319845686611 0.220952470464108 0.0338257837486258 0.0520897237951592
0.00191019034369483 0.242426855941321 -0.0136151501239948 0.114746927894386
-0.126091107251935 0.188856455432339 -0.136337299277662 0.109608228750737
-0.200155226703176 0.124245916661657 -0.223640915145683 0.0753902883658592
-0.192735332473533 0.0940681714491293 -0.208424450691418 0.0583895493224749
-0.142364164343759 0.0993746100006648 -0.123254844942739 0.108737398633531
-0.0920482058030435 0.128538452046499 -0.0107137476338633 0.108345551603829
-0.0355542385390968 0.144528527759472 0.0765918669675515 0.0470531866092621
0.0524117676389159 0.139080275333389 0.0628169936923336 -0.0701499080647467
0.133936623724206 0.114981506801294 -0.0468986860878467 -0.150792834627178
0.154982828672925 0.0763062989279538 -0.164776292310373 -0.122312274564935
0.179984364998966 0.024880354294444 -0.274452577215885 0.00719310363280069
0.184461682833849 -0.0344003201953847 -0.379802683727955 0.141159563360869
0.115888068506715 0.0260044899380594 -0.046095326891477 -0.14087837490215
0.103703318251325 0.0978710626060604 -0.0263602258753092 -0.0957282285043981
0.0524407219310778 0.143150550661413 0.0256251918589248 0.00681026414651866
-0.0166630233486251 0.151435890008122 -0.00575638545436762 0.0919806454062421
-0.0890362945763304 0.110017571529192 -0.151606982692088 0.10762445322704
-0.133662380411781 0.0681619511469792 -0.27628983251301 0.086768804903214
-0.12797383119443 0.0527926992497713 -0.274851337402612 0.0815690243865862
-0.0885760611625859 0.0555329886480425 -0.172024578333587 0.138875129266951
-0.0551676222502345 0.0710152807297318 -0.0269717580876276 0.143163790491272
-0.0208634131380381 0.0802922116636731 0.084493399383148 0.0716816991401972
0.0255575052478325 0.0802992224413854 0.0859415677542886 -0.0606726261048966
0.0719858235623318 0.0673833871407632 -0.0204736768914726 -0.149707857151555
0.0863984869180204 0.0471592427057656 -0.165447580025945 -0.127754790958209
0.103376840013438 0.0166340792513044 -0.298405117299798 -0.00107703671216555
0.112258010603725 -0.0201494379346213 -0.427717987050464 0.137301266217058
-0.0131553629030816 -0.0261765751234682 0.407619451727068 -0.128611261624601
-0.0229735134495925 -0.0193488082528413 0.30064073596943 -0.0482637290413937
-0.00742361202895331 -0.0239150869274055 0.176964683092626 0.102309376275945
-0.00755808527867551 -0.0207772761264997 0.0257878711894293 0.121005807600991
0.00404271275353394 -0.0181264107641243 -0.0766459379704969 0.0633468486269838
0.00861803368995146 -0.018399259095804 -0.0724068283418861 -0.0600664621992183
0.0158048036352722 -0.0103258181315232 0.0196920376035486 -0.135651457251197
0.0179770775495798 -0.00421342131779125 0.159175046021258 -0.124952312444375
0.0163309515335066 -0.00310564125732448 0.273271725105229 -0.101370890257157
0.0198820341423104 -0.016078757855143 0.275135362056643 -0.117757151753806
0.0245468866067947 -0.0203279432617372 0.137320616025777 -0.145555946849989
0.00989862098789815 -0.033463030673914 -0.0334586268061169 -0.106411500853654
0.00293068516511502 -0.0388156147199782 -0.0508257827134735 0.000766352529399573
-0.0252402869800041 -0.0272186238563848 0.0232389890992188 0.11860706246896
-0.0255058404481811 -0.030048919423296 0.0808581485852366 0.174035158537938
0.0620071920634988 -0.0431974748694309 0.409141042950884 -0.120783802053007
0.0564310767989352 -0.0104666919266928 0.297779112857935 -0.0342779025388773
0.0609764044029619 0.00493002993115948 0.171168029151183 0.112433103674142
0.0438131323840167 0.0191721219480182 0.018756469178511 0.122529153292222
0.0249860137067141 0.0290915526377536 -0.0805426516045001 0.0581241565988499
-0.00268756471512914 0.0368953710343518 -0.0706299018578669 -0.0607344274241523
-0.018235830402922 0.0471063713910267 0.02066760558555 -0.127180830005136
-0.0473982603453649 0.0482357458371927 0.154355752549347 -0.113577076035364
-0.0746773612082927 0.0520601122759238 0.254040666656937 -0.107718860038304
-0.0827660146636501 0.0515181386674326 0.248909774331649 -0.139833924544773
-0.0459976249679851 0.0712315885114378 0.107816176452482 -0.162938969710424
0.00547779906099867 0.0876575459032493 -0.0509025893459514 -0.122027888203252
0.0492752463789323 0.0726400172701429 -0.0565409159286322 -0.0108470008295103
0.0718877741006135 0.0438481618951352 0.0124056516951896 0.109928587349008
0.0751123133743705 -0.0158268710454642 0.0602646659279309 0.169845835874457
0.133827565219088 -0.0497907981741138 0.380841210894416 -0.106630536108801
0.137480428954338 0.0110079595552308 0.277212560463734 -0.0164374736850079
0.130105035637726 0.0480708349243815 0.161219131665914 0.12378008225456
0.0908672196759855 0.0744991988307157 0.0188749904030157 0.126452069808561
0.0324739011660795 0.0876161856088522 -0.0773002635636198 0.0583088836372789
-0.0297680235645076 0.0932618232329417 -0.0661454333579489 -0.0500389430460192
-0.0637333600324163 0.096785579450952 0.0139477442393079 -0.102787933635007
-0.106184576675426 0.0938081874285897 0.124728677494494 -0.0831267058994038
-0.13987771695691 0.109844351544704 0.197745069120728 -0.0954404384986826
-0.141791576948049 0.132485163358233 0.186855415767134 -0.143732282458572
-0.0620368169437497 0.16896852688453 0.0612230358288374 -0.168313982346981
0.0519733404012566 0.188823156271887 -0.0700273128847228 -0.137974166735149
0.121365658328865 0.150626681180422 -0.0687484739928925 -0.0403973928163525
0.167876587180348 0.0835143997366983 -0.0213301577126105 0.0797971605487662
0.164365133095842 -0.0136876451390731 0.000471182443939975 0.157295324723303
0.191544768984481 -0.0418604110359379 0.32105175546405 -0.0928542554885943
0.207126848716984 0.0464593017130853 0.234272683438446 0.000682161587491118
0.186947923902332 0.107668213509621 0.140903758229483 0.130873079073771
0.120316401436474 0.147342198837445 0.0204342031434526 0.133681970265059
0.0160104317344159 0.157487116940868 -0.073677110957448 0.067911275111922
-0.0787842708175807 0.146197954868192 -0.0698941711260714 -0.0246492421671505
-0.118807687654002 0.130307608614025 -0.00823388758403031 -0.0650969905312326
-0.148141789570206 0.124136986063454 0.0756288120861495 -0.0389204630086623
-0.164656794544508 0.156834297807032 0.125434717169194 -0.0596969019523792
-0.139845710592529 0.199978311181378 0.119599249643759 -0.111521788860763
-0.0197492636130886 0.235103309833284 0.0236794395588879 -0.147543881840838
0.131306109336779 0.231339601695973 -0.0859202577651629 -0.146317263433378
0.196087797832086 0.170100772197251 -0.0947311780242161 -0.0729103297285913
0.238955116477998 0.0826727981516815 -0.0804375440194985 0.0469875080795184
0.224327367249559 -0.0239825210115276 -0.088168796007938 0.146978252339721
0.224291366607393 -0.0226817136148829 0.233509263179124 -0.0865040959085342
0.248212297343026 0.0898613590907029 0.166815156877082 0.00410379940808561
0.209610465170104 0.17415633837496 0.106515811000377 0.124605655649406
0.114317965122386 0.222940577384468 0.0135862444858882 0.139748085094328
-0.0298068964077181 0.217223327228339 -0.0806108814105339 0.0871871658629541
-0.140945586401019 0.178494514985236 -0.0960541145985162 0.0142478162091904
-0.170577355734241 0.141898218805037 -0.0532347517824723 -0.0190321170201847
-0.16772012131006 0.136468332127416 0.0133256107213752 0.012105785092961
-0.152374502906004 0.178117024335409 0.0620283299158286 -0.00480045397796911
-0.0994505864034472 0.222979446694495 0.0789564336924866 -0.053218319103015
0.0375807426935884 0.237471578586795 0.0160481435131205 -0.113016454224664
0.185740638446407 0.209126456896366 -0.0880117550608917 -0.146128894363675
0.231314490464813 0.142855218611643 -0.127225206251071 -0.0963017439097335
0.26181387339814 0.0568943674059078 -0.151972337217298 0.0265273138423131
0.244331510617757 -0.0386997714474868 -0.189782050701702 0.145146347730105
0.222522854819339 -0.000454204169562575 0.130776667972599 -0.0924997243482528
0.241917235909829 0.124344499024049 0.0868531276269526 -0.0141203904963292
0.182022124539693 0.219891874149122 0.0646474523169476 0.0960416489376657
0.0682317674528477 0.263254979760525 -0.000585656624482831 0.132786073789069
-0.0863069318978108 0.234062386301121 -0.103047709046482 0.105359167362852
-0.189080782142054 0.173620699988487 -0.149039671392101 0.0549856874503259
-0.197419696840946 0.131084301659008 -0.120894778561706 0.0271628701498833
-0.162138121854779 0.129398799342116 -0.0537089850952687 0.0642880161398471
-0.119345529002046 0.16740455448852 0.0187183713258354 0.0552797861160559
-0.05520883112091 0.196675846498186 0.0700689134261613 0.00379109315709673
0.0659018439392315 0.192350535135 0.034880616387103 -0.0859523290607972
0.183057467998338 0.156122426537546 -0.0742443229868817 -0.144793123677
0.21166235160548 0.101351074444832 -0.153800942390245 -0.107812537318566
0.235374933381685 0.0297185205850517 -0.218281383364053 0.0199557728287325
0.225808626707634 -0.0468488251854645 -0.28603010247295 0.150609278916214
0.18337201907551 0.015982119357816 0.0284882817211193 -0.110695462575192
0.188157134310475 0.128221065010857 0.0151508306920737 -0.0526450155589087
0.119618060852851 0.209042105953032 0.0330881485744629 0.0484766877085408
0.0129217176714724 0.235207290757168 -0.00967086989177517 0.110446064133404
-0.114406790294268 0.190553916367838 -0.130485408528114 0.110322004857841
-0.188916122664406 0.131218965315336 -0.214852319222978 0.0817103840109646
-0.182423871522104 0.10004417476323 -0.198665071420906 0.0643137261536545
-0.132948355610186 0.101398638587307 -0.114459814588444 0.110180942003053
-0.0827131390665324 0.127943017921368 -0.0056281172854612 0.107138619383187
-0.0279916048752759 0.141568025134506 0.0785339310315792 0.0441390940425581
0.0559388223192431 0.132090176804504 0.0610224502960196 -0.0710791426950337
0.135598371645586 0.104559565286772 -0.0503391623004299 -0.144921223929868
0.155009744579752 0.0670483085563337 -0.166297493020441 -0.113308645418239
0.175722086933712 0.0144260249540025 -0.26468471206602 0.0181482544144124
0.1765223991092 -0.0416685199273627 -0.361844834606393 0.15472164994209
0.113199386716608 0.0202470319676331 -0.0515876938263975 -0.133597318569258
0.105764621876855 0.0900059427975025 -0.0309957448327972 -0.0913728695632139
0.0573325859051731 0.136365863999247 0.0229823541626094 0.00510398543690349
-0.00883939295767563 0.14771209540277 -0.0030869204775079 0.0876603628207811
-0.0823322773583504 0.112045268955024 -0.144841981980188 0.109139069022573
-0.127565433029948 0.0734868739120919 -0.265198902235795 0.0955055980285813
-0.120652282146278 0.0569056613809665 -0.262975456812234 0.0896665829097119
-0.0832553615835073 0.0567429405044215 -0.16012148556429 0.142188041619069
-0.0501789745113423 0.0705259452030862 -0.0195460019011341 0.141155671078066
-0.0165740449865569 0.0781054519199524 0.0857318596928815 0.067688400422389
0.027613630592545 0.0764159722773552 0.0828872469748242 -0.062701913904767
0.0725082774065273 0.061855263860827 -0.0241743730888385 -0.145488802134165
0.0865949553238907 0.0423111358873471 -0.166701200765058 -0.118235088560534
0.101113257579645 0.0105239028299456 -0.289064764592123 0.0123988081775844
0.10743509792433 -0.0241820560810434 -0.407860472608806 0.154148868280026
-0.0124564255203411 -0.0258769339258019 0.398672171450761 -0.136072623810868
-0.0232211234075066 -0.0180988816323509 0.292495918668622 -0.0536413628812433
-0.00798199796767701 -0.0238036659885713 0.1747161054353 0.0955619529657932
-0.00766327752003465 -0.0201744565472971 0.0254402912719897 0.117712344652019
0.00372336972051139 -0.0179001123721849 -0.0744961317648693 0.063980279607314
0.00818423432969127 -0.018933298293158 -0.0738485855457559 -0.0585806603291155
0.0163384840420894 -0.0105001258857305 0.0143472867032795 -0.134357378438576
0.0187505708545355 -0.00362504462317693 0.151823193755085 -0.125591954083211
0.0167913352819756 -0.00204672785606277 0.266261813238955 -0.104039997136403
0.0192930795182158 -0.0152171524581558 0.269505038316761 -0.120071221322244
0.0238138945528816 -0.0210405831012002 0.134036478150677 -0.143109547506098
0.0098305554206524 -0.0328048839135247 -0.0328328217036964 -0.102467730177074
0.00265889457858803 -0.038646735312454 -0.048048999248327 0.000955810596738018
-0.0256820888238675 -0.0256410271181377 0.0267320775436523 0.11335757084534
-0.0262768617829327 -0.0286584806831647 0.0825405629812799 0.16607636916286
0.0607431988891609 -0.0445111035534715 0.39907484098878 -0.128488555979096
0.0552030844248304 -0.0125566569866258 0.288868318712303 -0.0410292566174026
0.0600944841024987 0.00226732429955435 0.169083998641343 0.105492538012686
0.0438064038187693 0.017063788993577 0.0184409764933452 0.119141591373683
0.0248367350997034 0.0272068064188991 -0.078810385835437 0.0589474760287619
-0.00120423410044249 0.0353920599647711 -0.0717817529816593 -0.0589336397588538
-0.0155674166266409 0.0458290145921217 0.0163060150934191 -0.125922369680265
-0.0437618421039263 0.0486924175998013 0.1476188009381 -0.11468442863225
-0.0708738768537527 0.0541228342105283 0.247558129099461 -0.109304004729266
-0.0797416176883283 0.0536776359823347 0.243220333070125 -0.140528978288434
-0.0439279284698995 0.0706014434014961 0.105490059387106 -0.160101850880446
0.00912179841315274 0.0855053497399479 -0.0509497108060726 -0.11697012673536
0.0520181921156229 0.0697851489827143 -0.0544205020414461 -0.0107126441684705
0.0718246747696775 0.040980522386193 0.0168532334421374 0.105059461966285
0.0721762801879596 -0.0177659503520629 0.0630761776827245 0.163158061637648
0.130659992063089 -0.0529372828449855 0.371294399007886 -0.114822271812323
0.135191617621522 0.00546849480099405 0.269856619828192 -0.0235551317437194
0.12850437496716 0.0419039681623022 0.159438464435166 0.116513701813838
0.0911700320415392 0.0691630439091692 0.0188432243503309 0.122955330646448
0.0335972731681975 0.0842275579209744 -0.075843536182032 0.0587862225275507
-0.0265063957602249 0.0921075905080564 -0.0673837553780578 -0.048717510824798
-0.0588046299359022 0.0952206975185241 0.0105539483120412 -0.101839359668881
-0.0997592936788314 0.0940430737917621 0.119940429736793 -0.084226726000115
-0.133208307560153 0.111698211022817 0.192582116015552 -0.0962336881982783
-0.136253584219854 0.135021671332543 0.182374436318296 -0.142533923287352
-0.0577244583495055 0.167820136786112 0.0601521553347941 -0.164643193661934
0.0579021731076205 0.183112097323905 -0.0701313957768029 -0.132341960430184
0.125268453087368 0.144469021731014 -0.0680944116783468 -0.0394507039765478
0.167140640949925 0.0769693902131863 -0.0169794023715271 0.076385682959647
0.159586633868081 -0.0187354275367199 0.00451642110040755 0.152551783811923
0.18654880152728 -0.0465774883103361 0.312911163363688 -0.10022698141358
0.205573505455975 0.0380969626550962 0.227782559736153 -0.00663272649096465
0.185640073569299 0.0996132191250817 0.140368644349499 0.123721301200346
0.122294304957054 0.139898160521602 0.0207948619484622 0.129339004426533
0.0196564910452671 0.153973365052061 -0.0723557751718635 0.0686991044514211
-0.0729251292480673 0.145471690169029 -0.0705613306059671 -0.0232980954098752
-0.112052097266478 0.129486216352304 -0.0102008500267759 -0.0637756895045295
-0.140095997934508 0.124611658611555 0.0733545197522614 -0.0397398660580798
-0.156378830565264 0.158001609631992 0.122523350595277 -0.0585263096570135
-0.132207024982681 0.20114678524408 0.117588589043702 -0.109820829604848
-0.0142021853158471 0.231025871018967 0.0239339475735205 -0.144403615410997
0.137291519497503 0.222451777523814 -0.0858581190284811 -0.140709141430055
0.1997133981787 0.161804695858372 -0.0951206609826602 -0.0710989407316048
0.236248390206855 0.0733712703652091 -0.0757251365368756 0.0457773506847774
0.21847074352676 -0.0302442461986493 -0.0823875231258472 0.145693125446793
0.218657037701636 -0.0289314127754267 0.227050232237049 -0.0916281581512376
0.246769494976302 0.0798653240265362 0.162426869724678 -0.000819477168460722
0.209909638222549 0.163872573007222 0.106214793902612 0.118663719582525
0.117960677219647 0.213764475936209 0.0147402564502318 0.134607968638245
-0.0234385838533662 0.21407204445647 -0.079427892319787 0.0867945984738742
-0.133766934485928 0.179338325917072 -0.0954885421513973 0.0155706776646868
-0.162406553576704 0.14201173153681 -0.0528869439396948 -0.0185522198617432
-0.158958543641939 0.136428628559462 0.013538921321341 0.0117503355381387
-0.14371868953426 0.178490458757931 0.061265354798711 -0.00341512740827271
-0.0919664354589917 0.221796058153262 0.0790612175782634 -0.0522074183428278
0.0421778541335123 0.231929076268801 0.0170747680449427 -0.111391149015221
0.189119687369125 0.1987362042604 -0.0877428845536331 -0.140864996754931
0.233053616448414 0.134172590326442 -0.128586189245481 -0.0929676259067638
0.258540627423389 0.0469478094514884 -0.146734554752088 0.0279198147979622
0.237499649466088 -0.0444239888375298 -0.181528261388454 0.147212792640524
0.217453463321089 -0.00579783300430283 0.126015018405398 -0.0945721500173264
0.241627061836653 0.113583609022159 0.0836502216058843 -0.0169701452972105
0.184284185342364 0.20941493806738 0.0639961141879621 0.0919894327522607
0.0741357665913475 0.254862730409107 0.000534487625173251 0.12799550847233
-0.0783273412978817 0.2326170066263 -0.1010000993657 0.104717710389168
-0.180512255415807 0.177027944468642 -0.145823352582637 0.0568446653651839
-0.189262311553827 0.133033992510117 -0.117872008888082 0.0277665726118675
-0.154752674241927 0.12850131876158 -0.0503001900962009 0.063937013019677
-0.111547341852196 0.166021544924362 0.0195307889718938 0.0562921738262554
-0.0495524244535696 0.194587755346896 0.0717866461532717 0.00348573482412117
0.0681855106570821 0.186490155538478 0.0354263379801489 -0.0858333584831405
0.18435563448264 0.146097028157489 -0.0737520834780535 -0.140205647005811
0.212135894423992 0.0934636556844523 -0.155241193730851 -0.103515819537966
0.231635961602845 0.0215824828923383 -0.212089081346928 0.0237124534726319
0.21882692583662 -0.0512246505207433 -0.275235270148346 0.155314359789868
0.179922575467627 0.0117407172418671 0.0252471068561641 -0.109258421927867
0.188703357869597 0.119246357562718 0.0122138594622586 -0.0516361690252928
0.122624782536637 0.201466128063192 0.0313390251160035 0.046457299821358
0.01949208717369 0.230185153296941 -0.00891813440997413 0.106656367463464
-0.107628370785197 0.190598244462475 -0.128226970664828 0.109917365467881
-0.182012977092016 0.135334723900941 -0.209347950236873 0.0846434239994053
-0.175241887950953 0.101960484448852 -0.193381483395364 0.0665021432563964
-0.126575603098021 0.101003564705176 -0.108887938136481 0.110625478700786
-0.0772235286908593 0.126660845260847 -0.00249954027396116 0.106499290205628
-0.0234037716144274 0.138412045667621 0.0801198526584321 0.042924023329494
0.0578673795432243 0.127874109553309 0.060748539069592 -0.0723408460326389
0.135318607915379 0.0978491168027593 -0.0504478491853806 -0.141706793449091
0.155183996254189 0.0618570688451551 -0.167483287756289 -0.108648783301473
0.172446401523394 0.00894893576579216 -0.258024321111909 0.0243004636525608
0.171186147632885 -0.0447909203800783 -0.349495525833918 0.162847753454971
0.111502246983886 0.0175612930790087 -0.0537792410273079 -0.128095250888715
0.106573981466858 0.0853752617005084 -0.0346992975371113 -0.0885572770261336
0.0597473206423045 0.131945023614918 0.0198521219517603 0.00420898609451137
-0.00449366372976778 0.144485949190927 -0.00340871470814352 0.0844927468398349
-0.0778055738021305 0.112649894206375 -0.141863987453174 0.108899299649058
-0.123373786666703 0.076750173349566 -0.259038188151744 0.0989412717093916
-0.115769632549506 0.0584798153846452 -0.255130351089438 0.092538752493251
-0.0798557821486763 0.0568240675115864 -0.152335279867122 0.142531123206065
-0.0474011488511638 0.0700248468712944 -0.0149449547913012 0.140342500840014
-0.0143325859910001 0.0762058781668786 0.0876616510195484 0.0657198781112355
0.0287264405906335 0.0739768867896614 0.0815476335115909 -0.0641651137241
0.0721880647942146 0.057890245093513 -0.0252056710521752 -0.143188199158447
0.0865189611359675 0.0388779215609732 -0.167264445404645 -0.112695756023383
0.0993219856727233 0.00695069197881917 -0.281052249379462 0.0193735572047482
0.104067046109925 -0.0258114859604354 -0.395313195451292 0.162658507020035
-0.0081901257948779 -0.022896610209087 0.418502827689618 -0.0625695049687559
-0.0214669751194447 -0.0170749098099795 0.296830433122473 -0.00152873596568834
-0.00634769039178805 -0.0237574467791176 0.150987308739926 0.124768926264535
-0.00446689867774196 -0.0215804480988854 0.000874405885427983 0.119131542863794
0.00765487368864368 -0.017905815697235 -0.0855216600976041 0.0494241902966117
0.0125017483582125 -0.0170375717913181 -0.062274419014133 -0.0725350357452613
0.0179920443917913 -0.00708102234119526 0.0398106486395809 -0.130602761275852
0.0194494929039216 0.000857334932638371 0.171043088922832 -0.0920627358962476
0.0169128170167554 0.00338995124220928 0.279948906316522 -0.0463334189562201
0.0202849758235665 -0.0101836961377492 0.287568015488359 -0.058722535631618
0.0272019283014437 -0.0162386737815536 0.162130512829487 -0.110376223016986
0.0162348067317501 -0.0297144210273348 -0.00902074528761562 -0.10650596242515
0.0115909974238335 -0.0371987199015575 -0.0461473787113866 -0.0102932252945958
-0.0185422155481154 -0.0297556938170432 0.00580019795181143 0.115782488426492
-0.0203370030126515 -0.0336970130931922 0.0473228432797831 0.182043560709194
0.0654884910317578 -0.0274127960385975 0.418228346192562 -0.055215115761562
0.0528225128872767 0.00117546179346617 0.289295101607018 0.0130127192422303
0.0545281364138441 0.0126776583661465 0.14137365361188 0.135539045815406
0.0378039376307852 0.0226729954716832 -0.00690778353578696 0.119991665235465
0.0193623943766578 0.0289379182415145 -0.0890987651762918 0.0423690633986954
-0.00707381620416154 0.0336010808827301 -0.0610553702840429 -0.0732478740232
-0.0229499730082002 0.0410760476504328 0.0399212168408829 -0.121495983776607
-0.0520015515550276 0.0397794494640361 0.165047482412818 -0.0818356820480618
-0.0794896386580038 0.0396883132668089 0.262584691732079 -0.0552932419924248
-0.089582994441513 0.0372207354756166 0.264810325039193 -0.084360955425002
-0.0577040900862524 0.0597394813136442 0.136159261155348 -0.130113923039974
-0.00914300304574229 0.0837969728157795 -0.0232999995595404 -0.120708676155115
0.0369540539972982 0.0799392407966755 -0.0492321255589666 -0.0201624133915807
0.0625731568339176 0.0549687310738011 -0.00165931209770113 0.107378397673991
0.0739268352620501 -0.00273178050721103 0.028562217572239 0.175298098762261
0.133352883460171 -0.0227037173870799 0.388065598919913 -0.0473247187412526
0.126670570151071 0.0310224358561726 0.266163112779725 0.0294408113288141
0.112868147825484 0.0631994828446453 0.130079561899421 0.145401698420834
0.0729401920264162 0.0797676479458124 -0.00827725234042253 0.12389932164928
0.0167580322166348 0.0851012516118466 -0.0863835490010948 0.0417949214261125
-0.0419156397590009 0.0837718448538607 -0.0592582417963323 -0.0632627908415145
-0.0739053650075856 0.0799333110952481 0.0288657437486264 -0.0990877797756871
-0.115260925362108 0.0723253149643805 0.132854436453427 -0.0577429981532533
-0.151478279695505 0.0826807451938095 0.206399590247307 -0.0529127336840028
-0.159713188166256 0.104660369287609 0.204535485631574 -0.0976861931104989
-0.091032174430148 0.150941111536407 0.0924890407775996 -0.140972205976461
0.0176180327706337 0.187258311524061 -0.0372383306454266 -0.13807259028529
0.0929313192589817 0.169104027926219 -0.0550016498682097 -0.0491054624374902
0.147879553446571 0.108684025083573 -0.0285229120000633 0.0739946615208715
0.159453451464162 0.0142110400807237 -0.0275564640346588 0.15317723480527
0.186050312249948 -0.00655500502241289 0.328158946250186 -0.0431321524520149
0.188830056837027 0.0730461369554583 0.220369026322928 0.0410884268125342
0.15807347881493 0.127589425347047 0.107860272784487 0.150662185189379
0.0896849298554909 0.151646273141404 -0.00931814315523515 0.131103686996038
-0.00951343301241521 0.149320734737593 -0.0847613450579975 0.0500711553090591
-0.0975789517694702 0.1272253889321 -0.0677332774740122 -0.0406965900804594
-0.131985026832415 0.104040944858147 0.000494203973770338 -0.0666568504832525
-0.161151016748413 0.094475551711578 0.0795534693103961 -0.0238224591478917
-0.182378514007371 0.122307099463977 0.129737440911659 -0.0301609185404502
-0.169020813672805 0.169447887007461 0.13546589797786 -0.077794999781018
-0.0614497095378291 0.221879747175448 0.0547707267855857 -0.128037697889512
0.0854001474889673 0.241134494455991 -0.0484845518836612 -0.14827041225482
0.161538897936918 0.202154888274627 -0.0738546494243497 -0.0856521091510562
0.216044236151455 0.119924320257477 -0.0806387455476514 0.0329019037074529
0.218944968267441 0.0151078200564799 -0.112976907017131 0.127847948301947
0.21366279102728 0.0163735677538155 0.243200809251125 -0.0492408816454593
0.221865810950476 0.118913325367435 0.15345238863385 0.0361534557416145
0.169977807592491 0.19450313722534 0.072974387546655 0.139604122197788
0.0719076553698731 0.221135285326717 -0.0172391040170202 0.134667451762024
-0.0619237699620927 0.199723627533215 -0.0944474956158818 0.0658019544375781
-0.162044935234075 0.149323594012345 -0.0986687857333268 -0.00863344873010669
-0.182871232913509 0.107961060111049 -0.0506143082343268 -0.0312277637135839
-0.181685643217441 0.10179609249672 0.0115746599590202 0.0141128455078768
-0.174175648328356 0.143243266355662 0.0586308573307949 0.0113532889664723
-0.132914912466972 0.196499937884645 0.0872122529097612 -0.0295019461518594
-0.00645934945457113 0.233914221954017 0.0436554878265628 -0.0976071161181333
0.140431413769765 0.228796204858851 -0.0488526236068656 -0.150042418726371
0.200660415293475 0.18207683842831 -0.102334997353786 -0.11468214623998
0.24241070699461 0.0987369356059707 -0.148094496689221 0.00140254662489495
0.241443307997819 0.00461414970149875 -0.212456358758244 0.108697090187895
0.208980286465354 0.0374919804619424 0.143703962779483 -0.0696123493779974
0.212188358137394 0.150439329014755 0.0771751451874793 0.00617127584781491
0.138345782425463 0.23400066233327 0.0357887815681253 0.104859920781565
0.0234976269629611 0.252268935594941 -0.0298493151694427 0.124466857372155
-0.118498322012154 0.206993656033116 -0.118248707179513 0.077959507522892
-0.206997497860469 0.137622600807038 -0.155099066376798 0.0214290107052446
-0.207118950830214 0.0940576039175312 -0.123964787195906 0.000883279800023894
-0.175747231615725 0.0948397004083951 -0.0603073117957166 0.0521399316843078
-0.140654084771015 0.138144113852133 0.00709505275426719 0.0610101157048659
-0.0861606755486138 0.178324337846407 0.069082145578212 0.022603955916877
0.0275573259125221 0.194635078601726 0.0563041555268441 -0.0704922698336867
0.145592314317842 0.177665442716737 -0.0348672307857987 -0.148798313852362
0.188003447311261 0.138144811058195 -0.127883010536715 -0.131063268866421
0.22086234799684 0.0692906881040264 -0.21273683459595 -0.0150000222123709
0.224622909002894 -0.00569442449632318 -0.308395179563598 0.0979656762776685
0.170474974589882 0.0469619292836534 0.0463631283488928 -0.101183272180497
0.161557897728086 0.1464761747746 0.0137595336827209 -0.0426052945876079
0.0806366520615728 0.215431791839817 0.0128960431348444 0.0529100397009393
-0.023890394511416 0.218827659384823 -0.03510020043368 0.100271562009582
-0.137822085112175 0.161480469530092 -0.144731441673707 0.0787334737513057
-0.200029696671328 0.0977521788791391 -0.221710358417206 0.03677227076401
-0.187953888562706 0.0673134614102589 -0.205028383244864 0.0236024722001791
-0.143469246736056 0.0735513240982153 -0.12620942068876 0.085831451128126
-0.0990235415529108 0.106508005695187 -0.0242857581783982 0.105133651123523
-0.0502235470134892 0.129296908286058 0.0698824706600115 0.0611240301987673
0.0290969579678369 0.135417201319978 0.0777191040699758 -0.0547637820439899
0.108226658201763 0.120893439783094 -0.014002685632571 -0.147045799520723
0.138501180815026 0.0941959232300923 -0.141104170149582 -0.139069089998644
0.165389187147576 0.0454116121046185 -0.258923082816597 -0.0244119806682479
0.176326859154365 -0.0087549056469149 -0.385174967871637 0.0899956297884697
0.105244484956918 0.0390120606847061 -0.02923409856564 -0.13328864018377
0.0897634666985986 0.0999980190723374 -0.0240730989154803 -0.0890634640147911
0.0330465178666185 0.137818029719612 0.0121360234452216 0.00836801803944939
-0.0308023025959133 0.134648394727309 -0.0236605400034757 0.0795788860145927
-0.0949668350100503 0.091938568066014 -0.159031513310643 0.076176086212416
-0.13179931230692 0.051127947547147 -0.273233479121413 0.0429024272982359
-0.122198468053531 0.0369930032534951 -0.270967345437744 0.0374361547223992
-0.0883281338791918 0.0396307122391729 -0.174874224841808 0.108842569484105
-0.0591011753838307 0.0578198337205237 -0.0419589625384387 0.135144598889952
-0.0287269944769442 0.069921014099281 0.0718540864340133 0.0842749432881425
0.012605635413645 0.0774807045275318 0.0948554269042578 -0.0442692193149853
0.0553003826396982 0.0703110559584625 0.00913288934122383 -0.144455040543233
0.0758074272375947 0.0570407604198117 -0.140620761355061 -0.143259209012373
0.0945896479386073 0.0284986335827575 -0.28254731620147 -0.0340241233789006
0.107336192824158 -0.00334550269171623 -0.432800836530977 0.0796278547953423
-0.00856584445679616 -0.0240671533137739 0.415857603569975 -0.0764846934012929
-0.021750044637173 -0.0153326880537358 0.292993965204931 -0.0108992109471119
-0.00746966005988838 -0.0238722664950163 0.151648978623945 0.119119219203763
-0.00454492865243338 -0.0216174460979472 0.00174075802017488 0.118103293246628
0.00729391598356344 -0.018216494021772 -0.08477506701297 0.050262147519099
0.0116400259342402 -0.0179013441549192 -0.0649950698932215 -0.0713594181696507
0.0180545516913463 -0.00797294705988711 0.0339047674078124 -0.131620938284248
0.0206415390290873 0.00106586387155974 0.165731670739733 -0.0951887207251243
0.0176166791678869 0.00424709996159374 0.277118283376135 -0.0517134157431949
0.0201046362519429 -0.00947737861029474 0.285230281666297 -0.0635344026269364
0.0257400362879956 -0.0173261664511224 0.160856928320768 -0.111539193119323
0.016002397357555 -0.0304134700985536 -0.0101125527792249 -0.104244592009893
0.0108749706857463 -0.0377953609631877 -0.0447639778720322 -0.00938408910908888
-0.0192686408556521 -0.0279030836588805 0.0104445860543356 0.112057408492836
-0.0209017662930125 -0.0321886916356658 0.050639367483696 0.176681842699558
0.0637372071369989 -0.0309196127434866 0.413729629834911 -0.0679098626538141
0.0520023111491235 -0.000498275843106962 0.285625595126027 0.00400474781575785
0.0538563303500206 0.0109334490284764 0.143135991731357 0.130013173835765
0.037979203300029 0.0203072024705136 -0.00653284649646938 0.118500096358774
0.0197361662500808 0.0272936963720313 -0.0879704273763973 0.0444222777216928
-0.00617964125671693 0.0321945016156382 -0.0633376113056166 -0.0712908914348724
-0.0210975012185543 0.0402450229997934 0.0345966257629744 -0.12232724871883
-0.0492870666275633 0.0404324930085038 0.160126093263016 -0.0847400337473707
-0.0757015015079712 0.0427168497775994 0.259421140614909 -0.0596737535842343
-0.087697166204046 0.0409624496407112 0.262687270758276 -0.0880314643296463
-0.056563361197463 0.0606325757417907 0.135292669884168 -0.130853836291832
-0.00555095912563674 0.0824503272370814 -0.0247665042690855 -0.118138139328683
0.0401822584012716 0.0777020738231395 -0.0480886683386829 -0.0193575577730974
0.0639345115394721 0.0529934612622314 0.00340562880759639 0.104351244607135
0.0728684637099827 -0.00471755880121754 0.0324438624419635 0.170264144073364
0.131029775214866 -0.028259513350146 0.383818839206943 -0.0584441055617924
0.126605231467004 0.0255529086266756 0.262255468085492 0.0212088094754561
0.113276502044161 0.0582086236127603 0.1315198494148 0.140430337637517
0.0743568514997303 0.075484597763067 -0.00746603372261692 0.12274831731597
0.0189314557403581 0.0825318293119962 -0.0850941805880506 0.0433447775676291
-0.0391396241214124 0.0833911411375134 -0.0616577728808983 -0.0616131790039417
-0.0704975755743063 0.0798181354546039 0.0246745360264484 -0.0996688139219316
-0.110645771973106 0.0739737601199236 0.129429181751836 -0.0603570067997361
-0.145892006841102 0.0864009561425543 0.203671115788868 -0.0549030773400156
-0.15477970310135 0.109803674635096 0.203083961474862 -0.100532426386548
-0.0874733608992017 0.152616645839617 0.0917706721540663 -0.141367521408644
0.0242000803073909 0.183990736616827 -0.0389539760318349 -0.134714879152508
0.0990637830074911 0.164149895421505 -0.0553672637832273 -0.0480392615960227
0.150284891545498 0.103031930898974 -0.0236818846153035 0.0716406264632858
0.157257677766935 0.0087955346466381 -0.0228883550908136 0.150652673476862
0.183092262022442 -0.0134545664801198 0.323948083237472 -0.0526116608408672
0.189867565833459 0.0645881959424848 0.217234396924039 0.0338941437438789
0.160018757000879 0.120628897494863 0.110308169029547 0.146349154974803
0.092670676943002 0.145201081928866 -0.00745497791603654 0.128649746614344
-0.00542826430848124 0.147012272497 -0.0830476367875422 0.0517097316446411
-0.0928215887605215 0.128592572294172 -0.0688877496701723 -0.0382211338275641
-0.126901616252288 0.105221726504795 -0.00189494794527268 -0.0665264681700613
-0.154889950559522 0.0962367676239769 0.0785306511913879 -0.0248358985541995
-0.175634407936949 0.125926477732967 0.128872225178688 -0.0302010056872424
-0.162457250566408 0.173777722632817 0.134853525443461 -0.0785346480703153
-0.055425542485441 0.221542399614536 0.0547485354440261 -0.128103140654795
0.0929843437110063 0.234631129299499 -0.049487903190348 -0.144902810561027
0.168644585452058 0.194669080205832 -0.0755792765926539 -0.0837615303987018
0.217336417925722 0.111188776610068 -0.0758046101856988 0.0319833356463065
0.216148841170228 0.00783412773404559 -0.107754359414563 0.128800114857969
0.210811016722941 0.00966238322355481 0.23918948850257 -0.0566953888910878
0.224135786080568 0.109191105428027 0.150936526888182 0.0304802619331793
0.173724111771228 0.186086904963831 0.0752778323957072 0.136006615540108
0.0780756918722955 0.215143398183851 -0.0154728338671675 0.131868837860948
-0.0556549059765011 0.199103661143594 -0.0929535787772111 0.0670164090266045
-0.155946529065442 0.153588896917275 -0.0985362242301055 -0.00598347374368379
-0.178289729784152 0.110863058941541 -0.0515647198021216 -0.0304778066287436
-0.176360057039143 0.103803378986667 0.012553050547311 0.0137500066874869
-0.16643415432076 0.14604110041325 0.0594725190897629 0.0130334353197703
-0.126054335434963 0.199265042526502 0.0883512765068867 -0.0299191263290261
-0.00107172927206296 0.231770943776823 0.0438631716167874 -0.0981443034779181
0.146789284592626 0.220693160955696 -0.0490879543136542 -0.147235213733622
0.205849910514976 0.17342323224727 -0.105461271189412 -0.111538344555925
0.242947047446654 0.0897744672932334 -0.144115305156546 0.00320428041157596
0.237420685537597 -0.00366491388747507 -0.206322561200733 0.114646341119358
0.207039073687455 0.0311685938686631 0.139744033510626 -0.0736651499746079
0.215479735378175 0.140885571250365 0.0751467217498832 0.00353897027815051
0.143334176883222 0.226511099150884 0.0364827123714504 0.102787028169121
0.0301355374765804 0.247799017217237 -0.0290972102340278 0.122342062532174
-0.111008460774446 0.207962786521951 -0.116581018001547 0.0795273563327595
-0.200116770766702 0.143780035524429 -0.153527967082087 0.0248767388258211
-0.201772933244466 0.0980445965168591 -0.122947998301823 0.00291230946885913
-0.170213600908522 0.0969755337894218 -0.0578500185487548 0.0529625819360421
-0.133754019856174 0.13952865410084 0.00955393021838334 0.0629856334643971
-0.0802505474566051 0.179485234407945 0.0720555529027325 0.0215295028871595
0.0323315899885236 0.191491697881059 0.0568114347274824 -0.0719259756022241
0.1497820321835 0.169942474916456 -0.0360767584684338 -0.147138265946257
0.192536262801032 0.129704573300288 -0.13122730546578 -0.127091119675976
0.219947261615628 0.0614260293447473 -0.208331506092938 -0.0108173220890102
0.220885539702909 -0.0127878057377511 -0.301495293085708 0.106500156861585
0.170190161910039 0.0417976538411128 0.0427575382060809 -0.101280239061653
0.164698909615417 0.138472370841205 0.0102190110120203 -0.0417388554723348
0.086136751682461 0.210123495013601 0.0121544443287372 0.0522095214269101
-0.017469520150259 0.216103713579533 -0.0345025639444878 0.0986099026384332
-0.131058958037743 0.163687052712359 -0.143447235851701 0.080503068663392
-0.194445084578209 0.103635797247762 -0.218606889858167 0.0415116415893556
-0.183230446476076 0.0720999494064895 -0.202274946963704 0.0277496586228272
-0.139376733500869 0.0756396222591085 -0.121418350442608 0.0883138919419549
-0.0935806299959943 0.106995644090867 -0.0200398327272044 0.107065234770005
-0.045577004783572 0.12941133637987 0.0721760685250948 0.059648505152685
0.0324081512764595 0.133057662931028 0.0772108112363046 -0.0569131353820728
0.110812855997793 0.115228053905291 -0.0150516217239363 -0.146452977233863
0.140849875556129 0.0888112974647563 -0.144235563804267 -0.133774343445894
0.164378381893625 0.0389478165177718 -0.254821844535924 -0.0179248273958556
0.173053752190791 -0.0144795736039757 -0.377940023300113 0.100800670423861
0.105589337291211 0.0362047031608983 -0.0331069861013362 -0.130223731542981
0.0920038414031862 0.0958657718176972 -0.0278305855382439 -0.0866752555786563
0.0365122584413557 0.135050159855732 0.00961349868546764 0.00795554327843983
-0.0269348829957091 0.133971607873409 -0.0242287515056564 0.077506991072163
-0.0915851977566861 0.0935348251529555 -0.156787721710636 0.0777104718108805
-0.128870303859524 0.0554522966950941 -0.269289141732107 0.0485388147943061
-0.119394134427927 0.0390088408095634 -0.267189898459668 0.0434229484461311
-0.086405994732029 0.0408039268614076 -0.1691608096401 0.112045426022287
-0.0557253786768896 0.0584886364634037 -0.0370511434079839 0.136319600150811
-0.0265814403837227 0.0696931134483313 0.0750659743438586 0.0829858534761813
0.0141264434957407 0.0760578701481889 0.0944347932651562 -0.0466143428497698
0.0568164814221085 0.0674963325003155 0.0071455363261408 -0.143962926799453
0.0768727606570116 0.0540870980851259 -0.143385705146418 -0.138181488591999
0.0942958777011498 0.0249609180713157 -0.278996377969919 -0.027022346036492
0.105515289317542 -0.0064157141124123 -0.427023109431899 0.0930120909455342
-0.00933938868178849 -0.0251212097391828 0.411083252621719 -0.0845135976632004
-0.0213165026994697 -0.0140459582492385 0.287486483585312 -0.0164411649918289
-0.00829492117765563 -0.0234417365422304 0.151307150893703 0.114408366299594
-0.0045190898193466 -0.0209752005802006 0.00161454185533717 0.11669790104903
0.00702858786819732 -0.0182316682651893 -0.0828475719212324 0.0514748880528578
0.0107195226371904 -0.0187822346777413 -0.0669626734838048 -0.070300655546867
0.0176373274360399 -0.00817034691113259 0.0292833795495974 -0.131054855899165
0.0214916972294222 0.000691887861616998 0.160356414520723 -0.0957886094130897
0.0192617467786254 0.00445070436253648 0.272895802679157 -0.0547010051235068
0.019691074747576 -0.00878576381460354 0.283553007125945 -0.0661282527201954
0.0249153052578881 -0.0175761471582003 0.159954671033645 -0.111008645169158
0.0153924431238017 -0.0304557630644661 -0.00982400525451088 -0.101852590159061
0.0104139652200581 -0.0378443411864237 -0.0437383387957668 -0.00926096633410862
-0.0192187430901246 -0.0269831333195849 0.0125706678257586 0.108734515747868
-0.0207584105627719 -0.0311405043258268 0.051507040972333 0.171005760753489
0.0615132204074716 -0.0332900219998163 0.407898004726871 -0.0763159597116608
0.0518477875003906 -0.00159031124891666 0.278864598012403 -0.00215231065684536
0.052618762845277 0.00945608420740712 0.142643258407159 0.125336125093146
0.0382523223586343 0.0187994376678972 -0.00621889050855959 0.117058750017934
0.0197094376072731 0.0258484887620976 -0.0865270307282501 0.0445367901551765
-0.00606905775714604 0.0310013357298614 -0.0651734712856809 -0.069944261427146
-0.0200066936582867 0.0388633453723292 0.030590303488031 -0.122132638904187
-0.0468493237140888 0.040253797357495 0.156134564129927 -0.0855124124922805
-0.0729092155731932 0.0434972552108048 0.256577045273171 -0.0611497325049587
-0.0856497453173 0.0431256474165482 0.260266719181684 -0.0896638761451874
-0.0555112678092543 0.0605675640084628 0.134839921680538 -0.130348727830289
-0.00334002007319133 0.0812153478900704 -0.0246112030808308 -0.115225354281305
0.0423212400438762 0.0749321040716097 -0.0470795998892959 -0.0193616147428857
0.0644450079359106 0.051260674912503 0.00705793709390764 0.0997063733396114
0.0718114296084984 -0.00596634065517614 0.0336817594395604 0.166221554053117
0.127692016973132 -0.031742680165915 0.378513478583294 -0.0663298420885726
0.125684851558819 0.0221974162800627 0.257465888327377 0.014969462345836
0.112297398977142 0.0546173517015973 0.132122605265217 0.135651805201416
0.0745767052855121 0.0718028451557519 -0.0072269096403512 0.120531281310792
0.0198673437241089 0.080471899203082 -0.0840446467329532 0.0440471207821592
-0.0375856148613574 0.0827191561099228 -0.061971587375776 -0.0595952486002384
-0.0678996404035412 0.0787637735713771 0.0221780660179486 -0.0991918027774813
-0.106830417858294 0.0739081889581541 0.126759321036721 -0.061198055488615
-0.141008166377687 0.0877971870626255 0.201761331778022 -0.055095438651722
-0.150269294169471 0.112207089521939 0.200598946634644 -0.100787866715987
-0.0844211723520971 0.152575486618293 0.0923023004288084 -0.140234974971541
0.0281987873183446 0.180095591840024 -0.0391068187526236 -0.131548990802591
0.102907200583843 0.15898113508615 -0.0549197403438842 -0.0478232982558905
0.150098958463481 0.0993885220939048 -0.0199720347395428 0.0671024851331371
0.154448150482444 0.00591418758739477 -0.0206657518359945 0.147961578531048
0.178704038545971 -0.0179835827596664 0.318362540955104 -0.058657682307759
0.188517256393912 0.0584628269817924 0.21320014548352 0.0291074610044969
0.159764686021384 0.114730895361101 0.10982244916781 0.141873708508683
0.0938681110179403 0.140518316336363 -0.00790434913144468 0.126565446393411
-0.00322538600992522 0.143902291553709 -0.0818402663980896 0.0511789734632932
-0.0888116679573876 0.128523770797538 -0.0686792855030117 -0.0367900382958832
-0.12370989909894 0.104866188987296 -0.00353066455518823 -0.0661693377847796
-0.150817937760395 0.0961076447943373 0.0772433282692131 -0.0258759515470655
-0.169367810039013 0.126705125640656 0.128690999983027 -0.029184227111551
-0.15667009976481 0.174888977656679 0.134290482355103 -0.0785756244342361
-0.0511283796208903 0.220353578776958 0.0555293611473044 -0.126896422339542
0.097701709163546 0.228367181379297 -0.0496264089388291 -0.142000811669486
0.172036230902879 0.188377850498265 -0.0761325145212614 -0.0818902148746172
0.216426061784604 0.105060193700849 -0.072231961872493 0.0296478510187334
0.211860578907701 0.00309670485192621 -0.104041277996016 0.128866336625209
0.207460484306396 0.00523876655847332 0.234673548932162 -0.0605860585182785
0.22392599054452 0.101062637596792 0.146734425106566 0.0271444924254235
0.174351998993209 0.179230128653353 0.0754628049984171 0.133206867443211
0.0797296377139237 0.209392369248402 -0.0153553350727941 0.12918783747103
-0.0513705795253711 0.19609466084407 -0.0914726799470868 0.0661320519368987
-0.150175090048381 0.155021631240191 -0.0974999221486995 -0.00430451505704264
-0.173958588650516 0.111116920688074 -0.0518704308230365 -0.0296126110429327
-0.171331606431 0.103612211013899 0.0136635497906795 0.0132037523046451
-0.15980449119898 0.145962348689545 0.0606388407192461 0.0150952584285121
-0.120064890819517 0.199345505410924 0.0898673749432464 -0.0299565303485427
0.00274330033330521 0.228064902008302 0.0448201354731727 -0.0980570864602119
0.149968038313201 0.213517736560265 -0.0490407647062272 -0.145197064010189
0.208274767616326 0.166098888248054 -0.106531347232199 -0.109198777605391
0.240674520604601 0.0835263593232193 -0.139772858044004 0.0027008813436455
0.232199210488857 -0.00809855336846512 -0.200399555357316 0.116275086265892
0.204861677950061 0.0268369284391809 0.136586015076575 -0.0746864589270261
0.215632861244349 0.1334679333731 0.072057950359392 0.00264688905305469
0.145904588996771 0.219887320733577 0.0360275588412095 0.100866989899127
0.0334835860056659 0.242841923600401 -0.0291230962617383 0.119640692868891
-0.10596321722339 0.206813750156535 -0.115021215225236 0.0786089289329098
-0.194110424799442 0.146594255624328 -0.150594945534467 0.0262549472578323
-0.197449965691845 0.0996902829244616 -0.121167777948926 0.00369763659283854
-0.165953319443901 0.0972644040451573 -0.0548469567958415 0.053160609914752
-0.127988150325744 0.138222443367737 0.0122236266952265 0.064808437888859
-0.0752064086833254 0.17805824221177 0.0738779569104994 0.0213524854326544
0.0347046313411199 0.18765947992844 0.057467652351553 -0.0727744566470451
0.151383396193777 0.1629904316092 -0.0357412475503993 -0.145457503663883
0.193372639257494 0.123677600398005 -0.13222696330288 -0.12397421413801
0.218124529027617 0.05563559331032 -0.203761212625407 -0.00973806789695466
0.215554884778395 -0.0169467868050889 -0.29419847134556 0.110891404841237
0.168739657274887 0.0385545441573614 0.0403826132799139 -0.100185848181914
0.166155161582324 0.132649087286122 0.00748597907919723 -0.0412004097464711
0.0885973608271978 0.205672992749829 0.0106204049046435 0.051384334316137
-0.0139505981679436 0.212973025542331 -0.0351792290803353 0.0969706939956263
-0.126457151102498 0.163578369432714 -0.142157933011456 0.0791306643120182
-0.189550001344463 0.107036143651346 -0.215276904097231 0.0431956507001053
-0.179188290237243 0.0740261104350178 -0.198482821845684 0.030022980863095
-0.136013955088071 0.075551219659526 -0.11728679144003 0.0887850024173993
-0.0889564099122528 0.105936475165049 -0.0163163198556744 0.108589474996247
-0.0419136931765599 0.127878749853753 0.0744447248588681 0.0592353152954628
0.0337229617732703 0.129315984458429 0.0774830249592963 -0.0577030283363708
0.111983306677872 0.110583932269254 -0.015491804910123 -0.145991055100634
0.140929236134961 0.0838333456862384 -0.145553855641042 -0.129617470078057
0.162499824274018 0.0350790645852245 -0.249467622317885 -0.0146650795101534
0.168994714487651 -0.0167797156230892 -0.371142729846167 0.107433887373118
0.105273039868566 0.0338208409782402 -0.0349210265391232 -0.126726911940631
0.0930118467458101 0.0923599127760387 -0.0304371498475159 -0.0842161517221487
0.0383084853348794 0.132743017654609 0.00725535773663366 0.0081297668333315
-0.0244271655519221 0.131889334435741 -0.0249240972183659 0.0767554692887962
-0.0883118348540653 0.0936723987248628 -0.155738169958146 0.0763358744450355
-0.125202275398115 0.057209087335031 -0.265084331165395 0.0502734670522532
-0.116516790433767 0.0402131045414922 -0.263074089099405 0.0467508271554473
-0.0845457776316398 0.0406744165935454 -0.163812823928814 0.11332528771761
-0.0532287271334335 0.0576564166877775 -0.0323702368406847 0.136946698823769
-0.025092397633081 0.0689935598636295 0.0766960108828689 0.0820109845478838
0.0152863097756122 0.0736242157879722 0.0934839515561879 -0.048335194175701
0.0568776875689895 0.0651301583916232 0.00657157280969117 -0.144356933393639
0.0771548366765362 0.0506844218663512 -0.143993268875332 -0.133711691887798
0.0934179314613891 0.0228168906468942 -0.273389932890174 -0.022276460313775
0.103031501937911 -0.00804758423624961 -0.418649016545232 0.100406175640033
-0.0100280244974814 -0.0258267685089448 0.412013720704356 -0.0884985783757103
-0.0206929460024983 -0.0139286946526993 0.286137006453487 -0.0172540015522792
-0.00837652034923991 -0.0230735668715447 0.151262173599893 0.113619648342148
-0.0043244170971909 -0.0212019189543032 -0.000685743549407203 0.116531784772804
0.0069192702655182 -0.0187873013152527 -0.0842845473569079 0.0511324522018882
0.00949757296736647 -0.0193927859333117 -0.0686886151434965 -0.0711048961175285
0.017526111014922 -0.00857687787285094 0.0270057235668299 -0.132178434624578
0.0223329315719134 0.000800971566030174 0.159573338306298 -0.0951120770645868
0.0207139536642636 0.00524110748072643 0.274525426898861 -0.0535695341438181
0.020206243963548 -0.00768022555405342 0.286105847556339 -0.0663452128737135
0.0241441928761991 -0.0175845808677583 0.162918283715092 -0.109484700655629
0.0157114914109332 -0.0305167283148412 -0.0082341159049526 -0.100790812154431
0.0105688826291837 -0.0385454048089783 -0.0428294424696137 -0.00936477208598862
-0.0185558629398094 -0.0265290214712892 0.0134525808139541 0.106906339981578
-0.0203696079490854 -0.0317833608222312 0.0503268171161348 0.16957139709767
0.0605658760702101 -0.0345542781274426 0.409297808263123 -0.0789119086595254
0.0525481058980731 -0.00183676607222687 0.277870134000863 -0.00289137510645856
0.0527770939832283 0.00891207824749428 0.142823208842091 0.124385129979231
0.0383208043720841 0.0182177906382108 -0.0084542590305323 0.117256880677321
0.0191913639814206 0.0248660755069453 -0.0877527153263347 0.0442151237090147
-0.00679224600369285 0.030678771721851 -0.0662212604012774 -0.0704485745179771
-0.0206630612996463 0.0384020283204656 0.0290459938214816 -0.122515655877561
-0.0458260314065092 0.0397559928313666 0.155962322981784 -0.0856249206244433
-0.0715297067377392 0.0442773819571346 0.258802248971046 -0.0604427858859292
-0.0850951582686 0.0442580207988602 0.263024946755435 -0.089288042492157
-0.0565551772218539 0.0613166169370296 0.138240164307273 -0.129594817094824
-0.0023675336806096 0.0806754111525874 -0.0231177551008551 -0.114905616323941
0.0434543052646608 0.0743766063278718 -0.0467714327639936 -0.0195445182503269
0.0649096733680262 0.0511358305222902 0.00828943998883065 0.0974659264274984
0.0718576838306202 -0.00647686920841887 0.0331404207343364 0.165145570878755
0.126750618905366 -0.032939319644207 0.378611666362523 -0.0684631530594146
0.126215972560919 0.0207486088260194 0.254815341609604 0.014822851029428
0.112458222829675 0.0533978697844065 0.131896970119636 0.135130741874686
0.0745051007859804 0.0703754586284538 -0.00943850752214526 0.12020292629604
0.0189980064429946 0.0792820861921992 -0.0849203312217589 0.0432819681334891
-0.0377360535393031 0.0823198688144705 -0.0630096232547528 -0.0602256265683778
-0.0684934189312559 0.0785506592971712 0.0211401065851136 -0.0998387488365222
-0.105844946558571 0.0730773558667022 0.126734318560246 -0.0607910792246498
-0.139433716270247 0.0876035189547953 0.203796777560856 -0.0536849476331838
-0.150071598051901 0.113974431154174 0.203485112973916 -0.0998172323573309
-0.0846102572498878 0.153443124662073 0.0961343006297919 -0.140563714734644
0.0300787311093435 0.179153465993608 -0.0376077825730333 -0.132057396234223
0.105102321785352 0.158359622920037 -0.054781117837436 -0.0482282776092963
0.150622590604094 0.0982861418060304 -0.0183834190391007 0.0641337985793338
0.154492703605171 0.00549137454767058 -0.0205446309426505 0.147259949468565
0.17791775932722 -0.0185899113498372 0.318581538745066 -0.0602749759453994
0.189847821309446 0.0562499959774244 0.211253517803829 0.0283915585475663
0.15955559281863 0.11337643978711 0.109852460210353 0.141304252320174
0.0935059293283821 0.138789719269769 -0.00966267566539879 0.125729322533926
-0.00282514979161794 0.143048853404624 -0.0831327738803869 0.0505838092332253
-0.0884689158663988 0.12916539525588 -0.0688833951191887 -0.0371527722110769
-0.124330794409397 0.104377455064216 -0.00378557065456394 -0.0670729538152297
-0.150224257320413 0.0950303500258091 0.077988368069157 -0.0261454872075808
-0.167779629989594 0.126452100280639 0.131712465842867 -0.0266950850688686
-0.155633503453797 0.176678150945107 0.136947740477362 -0.0768058454032765
-0.051765904751468 0.220793616068198 0.0587587456969065 -0.127504399917258
0.0993751892576335 0.226519642420793 -0.0476569974104556 -0.142561434783856
0.174733944686745 0.186484762829173 -0.0765544529393322 -0.0830464119337607
0.217090155361071 0.104079989116234 -0.0705189238504899 0.0258009252294639
0.211093012494394 0.00221595374420025 -0.103411432798637 0.128937674632873
0.206821149684875 0.00380550146674619 0.234264529473603 -0.0616033372785669
0.225239256945207 0.0986066217400323 0.145828442048394 0.0274302594998034
0.175145409238601 0.177763414828755 0.0751564456651356 0.133190406570059
0.0801296485896707 0.208647043068407 -0.0172985448773448 0.128697405828502
-0.0510789365147422 0.195817688790579 -0.0930618885217797 0.065224681579707
-0.149207016627163 0.156181797139291 -0.0970171007401493 -0.00470540068839834
-0.174398031325411 0.111505983997784 -0.0513652620227894 -0.03082094374997
-0.1708002534875 0.102670964754287 0.0141971962460346 0.0128482834023426
-0.158508991658556 0.144764482719225 0.0639866392210091 0.0179027321442493
-0.119242792175724 0.200316271931232 0.0920108620559467 -0.028775968274762
0.00278981952321872 0.228656066801223 0.0478595572339329 -0.098722991591335
0.152011163709929 0.210617755100508 -0.0471075786934928 -0.146348053054696
0.211101275248649 0.163984035139567 -0.107343969785185 -0.109589012622274
0.241369336177022 0.0824611517676522 -0.138454445558699 -0.000835172791296158
0.230857634287557 -0.00876176580378156 -0.19984841786659 0.117110647970887
0.20467719109736 0.0263031849181213 0.136417200216454 -0.0761878805789996
0.217742170042845 0.131187110847199 0.0702784954500551 0.00280156015096503
0.145966575540519 0.219064210546063 0.0346322556051518 0.101358901422934
0.0340238171792096 0.242242488722587 -0.0311646923679332 0.119368366896535
-0.10533305270559 0.206126772090428 -0.116920358367997 0.07725735858972
-0.192467278050818 0.147576272899799 -0.150574146528592 0.0253372355002391
-0.1976712680575 0.100135739783099 -0.121066828852177 0.00325720259832163
-0.165734166530093 0.0962736731411553 -0.0541036288927603 0.052775425262001
-0.125967707735637 0.137192457793683 0.0148889043164143 0.0676504591039252
-0.0737008434809551 0.178734629621482 0.0762992155455991 0.0225306020450701
0.0347366467221835 0.187276321540485 0.059960730795476 -0.0738136418543062
0.152931461020162 0.160292868079305 -0.0341302015934842 -0.147306027586022
0.195081791270813 0.121599791594658 -0.133865400072795 -0.123916782970822
0.218006081265102 0.0547573271788619 -0.202779289114695 -0.0122453641682958
0.214497449171236 -0.0174018847394245 -0.293463095219782 0.11248734849419
0.169453145821563 0.03806153800746 0.0400593235314786 -0.100230755653528
0.16783175527485 0.13154707659706 0.00608550800042098 -0.0408088103690675
0.0888783733433499 0.205344105805083 0.00843599863209971 0.0521405731654279
-0.0141564190281695 0.212838771877235 -0.0373220368998368 0.0969925452545319
-0.126482922505132 0.163635455218329 -0.1444388814527 0.0770837456200417
-0.188167949398632 0.107279029323495 -0.21548448783994 0.0421525111083613
-0.178829909276385 0.0741905580753997 -0.198386893393097 0.028726650861332
-0.13611290125104 0.0744557129908465 -0.116210042065512 0.0886958173407508
-0.0871348117445555 0.104508644175781 -0.0142301465221989 0.110616053390684
-0.0415369000785639 0.127719497666931 0.0767004637951617 0.0603989431499337
0.0340308737743267 0.128850742081729 0.0792010753120755 -0.0587137110739449
0.112320793506474 0.10919405845335 -0.0135930229632575 -0.147926525002598
0.142445493650959 0.0822523309614666 -0.146768727329563 -0.129759626155834
0.162780785045566 0.0343464041329811 -0.248462551526941 -0.0164786149856814
0.168059035450458 -0.0171866387066685 -0.369231828067788 0.11000319231227
0.106201892533532 0.033160910764776 -0.0347516533429246 -0.1256878130723
0.0941524256236688 0.0919395508379952 -0.0322290816928136 -0.0837400903259772
0.0376188810727944 0.132813899051379 0.00485778589495399 0.00830931588488055
-0.0245532451784026 0.131664992361268 -0.0272951375625301 0.0762736664046278
-0.0885065963883944 0.0934185649519214 -0.158288966438658 0.0737158866413596
-0.12501155634538 0.0577778009251993 -0.266281739672665 0.049069873543456
-0.11644539776632 0.040068286534997 -0.262271475928701 0.0466332010907382
-0.0844781565488756 0.0401919053091484 -0.162696422031415 0.113249326870239
-0.0518303460838662 0.0567210856829013 -0.0309381021230707 0.138313367867494
-0.0240952847312156 0.0686660258605379 0.078808469590425 0.083354851077128
0.0151950763559444 0.0733652646796401 0.094663807632686 -0.0492138666833929
0.0565794340659081 0.0649711523670876 0.0083732891913905 -0.146191076626182
0.0777494769485205 0.0504947274481269 -0.145010212976487 -0.134151131046007
0.0937600514300993 0.0221941447629121 -0.272262894362056 -0.0230403756653537
0.102330433722194 -0.00798837790911884 -0.420260146035878 0.103413902596226
-0.0230562099283795 -0.0180808301406505 0.279909919312773 -0.327949827442112
-0.0239107858147961 -0.000790343386840009 0.220111430432209 -0.188048363016334
-0.0190796827809811 -0.0143541184814706 0.191983295520577 0.000525403926010269
-0.0147135109900556 -0.0144760881849288 0.0679561503490243 0.097676982625875
-0.00516437872607988 -0.0187177590935271 -0.0390568454572019 0.0933663494437472
-0.00480177219149996 -0.0204240259774498 -0.101654684111129 -0.0155335228300594
0.00834845220087265 -0.0170526908591964 -0.0627523105161147 -0.125018889615207
0.0195626635693478 -0.0137161707183114 0.0714715169538658 -0.175038408099541
0.0224184642388536 -0.0103859607838574 0.193163952557393 -0.214885303290805
0.0130782944623715 -0.0199883017828529 0.199106488963399 -0.232283425330354
0.00927808816400241 -0.0314125625084657 0.06816264120266 -0.191490043672953
-0.0066479112468162 -0.0361696151688723 -0.0682913603249247 -0.0778598156961447
-0.0162504221110683 -0.0396573861898504 -0.0400532010298778 0.0190198328454249
-0.0309506814087984 -0.00895656179008358 0.0799098168487449 0.0765108622574977
-0.0368094944656572 -0.0121201331513465 0.151757300001639 0.108492529525719
0.0311136361177668 -0.0656112415352071 0.281132270801542 -0.322183906123909
0.0417928951122869 -0.0338266560962933 0.225115340812472 -0.173503301809306
0.0494840898866885 -0.0240147859277602 0.194211108394352 0.0130679494407196
0.0416911871148754 -0.00752008390539363 0.0648391881184297 0.102043460561275
0.0296738107585861 0.00922992317935449 -0.0449396609201737 0.089960627357728
0.0119793245868678 0.0299287533393295 -0.0985091537973733 -0.0159090654244403
0.00570906995130339 0.0441179311163908 -0.0548708880830742 -0.118369611897198
-0.0122256899989355 0.0600863099817822 0.0743071947346827 -0.165515234511487
-0.0302146750428889 0.0792174054824121 0.176904625176476 -0.211198816118835
-0.0415318346162696 0.0894100384357874 0.165698754243536 -0.237545907192645
-0.00908216927977999 0.0864079982469506 0.0368227397032621 -0.19370965024029
0.0468881790198084 0.0690726034625022 -0.0894904188060251 -0.0814547844429672
0.0848163982520429 0.0348743236348135 -0.0509676758329031 0.0122676343022262
0.089117261302738 0.00200725104557558 0.0667747970576493 0.0739507573231644
0.0576776011359547 -0.0502718825330557 0.131115393614928 0.118835741400145
0.0872850174739053 -0.101782031379393 0.263224451719793 -0.298044428055402
0.113998362672264 -0.0585135528820266 0.219952177143723 -0.147008109635282
0.124513285525024 -0.0225065650406371 0.194423040929957 0.0273501023551203
0.10103063706641 0.0135600054761228 0.0689334461752359 0.105559662854641
0.0613780334140252 0.0531948220555016 -0.0422464214853168 0.0875936323173196
0.0181338349182306 0.0901464359576378 -0.089002499672861 -0.0079839046957344
-0.00885440244074742 0.104916137975367 -0.0463128103845289 -0.0934440074994335
-0.0419695957368256 0.12463616387939 0.0660406022304924 -0.128548530978309
-0.0598875092764867 0.15721535248672 0.135798940291946 -0.172943235008774
-0.0520875785872026 0.187736980463125 0.109451834206276 -0.210531246680377
0.0245899946464193 0.181455363194456 -0.00410558033367558 -0.177289382001475
0.135157698490502 0.130966668714176 -0.113048831948709 -0.0875432834842894
0.190681204239366 0.0663838032803618 -0.0771553684820278 -0.00648240828343317
0.190678126226365 -0.0132747478395688 0.0223113615758449 0.0654917577818912
0.134005246874623 -0.0935971587916767 0.0730700481897127 0.142101176938723
0.138762904163546 -0.119024826998212 0.218601832985569 -0.257377187110847
0.18577358571697 -0.0671074073676285 0.195899985430284 -0.109800470913119
0.198194679144265 -0.00152270104013845 0.18381068678316 0.0458655414498859
0.155536706610255 0.0579606848463904 0.0752787344209269 0.111404093728672
0.0807729582527684 0.11818938612859 -0.0362198205442686 0.0934073763606873
0.00519582813238737 0.158847283662649 -0.0803970739200741 0.0160307740334858
-0.0378503575905019 0.160602014184796 -0.0458997734817338 -0.0500353230726165
-0.0652325725989754 0.169467239858791 0.0472069340612896 -0.0705846395370052
-0.0599766971233793 0.206775912475591 0.0937262612857998 -0.106092153096472
-0.0178981788107845 0.243396904195178 0.0684193569332577 -0.150741248978803
0.0951012716382058 0.217020482039107 -0.0258341772282328 -0.144328024315553
0.22302880006925 0.127233896620986 -0.129507576920777 -0.0910871584690413
0.268107496924119 0.044832576096134 -0.118494441972073 -0.0205439862105637
0.249080451873013 -0.0515346992306553 -0.0450063013722019 0.0703229912099042
0.177959454204646 -0.132660740851517 -0.00785712259669428 0.18239565281123
0.176174301099857 -0.11625376935826 0.149569644227672 -0.209247318242585
0.23879388879948 -0.0524977445497293 0.143784545703443 -0.0700063473116341
0.248598666623076 0.0424671880568345 0.152470889652574 0.0619310177401861
0.183977335939357 0.122048288476742 0.0727605448639632 0.120510685097789
0.0730017904558693 0.188708188119238 -0.0355833232716556 0.112526435217267
-0.0271421686125845 0.216462215813682 -0.0846262456793625 0.0604347255014851
-0.0736306855890006 0.196008082664671 -0.0623753625371315 0.0107359113746383
-0.0781200670472209 0.189141397106145 0.0198565194189396 0.000601464374987621
-0.0412094191131033 0.216760157799481 0.0654810626152647 -0.0272664483229235
0.0274165836667703 0.240220527389579 0.0609518035188269 -0.08258777664188
0.145366127288662 0.188554918584737 -0.0183474129668251 -0.114922926838982
0.256335299088858 0.0804431701782864 -0.132552489787467 -0.0951235970840122
0.283727876527753 0.0028149911373171 -0.160450274329199 -0.0219390483677375
0.253695880253731 -0.0847804731627108 -0.116798469063428 0.0933406039853313
0.186720104138377 -0.154424688720709 -0.0945686043589651 0.235997332568605
0.187252345660974 -0.0965328884076588 0.0633367370750161 -0.159837150812362
0.25110919689454 -0.0216919965766938 0.0681159914371406 -0.0424052355342519
0.248623918455285 0.0932783534054277 0.101007990281796 0.0629242738455652
0.16648674427935 0.176534568006513 0.0563477898480359 0.124353232021547
0.0347371590288341 0.229770764553312 -0.0485534351419417 0.138559768221952
-0.067111526612823 0.235198878983233 -0.111644921630356 0.117906943556681
-0.0991116403966193 0.201034775422601 -0.0995294035955435 0.0819036324828894
-0.0783070721799437 0.181630441275153 -0.011640299315132 0.075394218529206
-0.0192074770442998 0.189952503570189 0.0565068097687303 0.0443310029592371
0.0519904589578587 0.193504706401926 0.078587205805882 -0.0304535814322737
0.146237297432977 0.133778853639334 0.00528419700017138 -0.101598838933018
0.226391955229267 0.0383268687708124 -0.122757850502455 -0.103868342195772
0.242600327062638 -0.023148759678344 -0.190132988104906 -0.0160528249921275
0.215650981737148 -0.0926987301381445 -0.175910430776044 0.124710640392617
0.165010474379024 -0.151183710129089 -0.174511748426373 0.292607940270963
0.16362414452484 -0.0667758278939788 -0.0285962052557723 -0.118091650986599
0.211589205165232 0.00768510124262595 -0.0125062435397935 -0.0366289454115463
0.193985632938012 0.116004945859786 0.0469450556917072 0.0407469059082413
0.111250818106972 0.180341185430081 0.0351128342996376 0.110192893831718
-0.00747125138535541 0.207166175693992 -0.073377208465872 0.15544507809379
-0.0874792908886602 0.200245253799094 -0.155783030930166 0.170599619699976
-0.0988871639624272 0.168571007239451 -0.147542051351214 0.150964521165141
-0.0662691002295745 0.145922817203682 -0.0403941170552933 0.143264746998271
-0.00742789440843863 0.13945124402432 0.0594793548587055 0.0982589603034219
0.0468546609343592 0.130231760437429 0.102216329859267 0.00128338465741881
0.109372147731748 0.0847715502945629 0.029308131185481 -0.100149878055712
0.16019111180714 0.0206397712349895 -0.105684225798554 -0.116131355282085
0.171212238250685 -0.0220317385035026 -0.203480689635441 -0.0125839117596271
0.155841030779515 -0.07318690033552 -0.214827202555785 0.149569192834291
0.125824546173837 -0.120876806736014 -0.238447394179971 0.338374812559537
0.107518581481997 -0.0340365872177779 -0.104240631291475 -0.0875206490674965
0.12896039501435 0.019541854621636 -0.0732158705231674 -0.0471130251947406
0.109136918735345 0.0868897159285369 0.013258254127256 0.00737908289564717
0.0558054944104514 0.120857696198984 0.0272333964395085 0.0846285110601931
-0.0175150310273349 0.128203334565715 -0.0875764986699877 0.159369277270614
-0.0662373191867643 0.122214406317089 -0.192951765778838 0.206000627534126
-0.068864480886498 0.103112501941574 -0.18873440098264 0.20429568865554
-0.0451739039515406 0.0858294220047336 -0.0627888112766888 0.192132682668431
-0.00764571924531312 0.0785619120586092 0.0625681602169063 0.131455186908805
0.0234842796726144 0.0706304871831003 0.118866601347502 0.0195977133225692
0.0587784254950485 0.0503342601799284 0.0470313430220926 -0.100434920016108
0.0865975816092076 0.0184950914579868 -0.0856833436410799 -0.128200782379051
0.0952283791649214 -0.00709576756781395 -0.203411606609573 -0.0172307797372418
0.0896612682099596 -0.0393010760715759 -0.238911160631649 0.157516897036923
0.0764213731282342 -0.0708381728248425 -0.282516896452928 0.3636638194762
-0.0251373035595885 -0.0177423796936262 0.278955085111435 -0.356867222925124
-0.0244476169324133 -9.62225959730114E-05 0.222008408956462 -0.204930111180688
-0.0207885248766686 -0.0142484881659068 0.199190425044814 -0.00833189060780235
-0.0158827571774602 -0.0147802686852754 0.0726199562916754 0.101337396215169
-0.00630279784296002 -0.019293253949475 -0.0383113998068928 0.0998967985874691
-0.00615926924052772 -0.0196292004902865 -0.108489337694651 -0.0115996546006559
0.00824087604515804 -0.0179836361496394 -0.0730359099586286 -0.12622957153203
0.0208468242372882 -0.0160164939992654 0.0672127260671618 -0.184581057691803
0.024399120753431 -0.0120047159180528 0.194717066872681 -0.232602596208413
0.0137873395057486 -0.0208564206377612 0.201492960513302 -0.252739047392574
0.00835880369628234 -0.0324070700822987 0.0669294736459527 -0.203734022719283
-0.00834509816881222 -0.0373092456636257 -0.0727506547816735 -0.0792481656154037
-0.019055174132102 -0.0406176627588983 -0.0406953201195133 0.0209005330620324
-0.0319927091690299 -0.00861670519883046 0.0853583373714216 0.075757454429137
-0.0397473909982046 -0.0121307553046761 0.16196219149106 0.108358916884544
0.0289081447149888 -0.0700095922032706 0.280310601765387 -0.348910745737647
0.0422131450479333 -0.0376250661713985 0.227362209434724 -0.189863345017534
0.0507521208045438 -0.0278017016151111 0.201859271071849 0.00523082304820361
0.0431907130457252 -0.0100493239370352 0.0696371207176006 0.106223397840733
0.0310199381051243 0.00903806853220469 -0.0446122736908868 0.0970011164612753
0.013612360704507 0.0317399533225539 -0.104378116896601 -0.0121306340321093
0.00743640836764636 0.0462539712036591 -0.0638736898515006 -0.120246516140072
-0.0101120334254417 0.0625715954244545 0.0707072196660675 -0.17533447221924
-0.0273988447739596 0.0826809880346917 0.177834324367873 -0.22908165159626
-0.0389937903937282 0.0955893730908585 0.166488802379806 -0.256537539321074
-0.00610600316879699 0.0917806522907844 0.034061259427402 -0.205668454172164
0.0524849391802801 0.0697082666036353 -0.0949137647787392 -0.0824361040389215
0.0901234921355098 0.0322017793676571 -0.0529977771469962 0.0138874512194344
0.0937276946411791 -0.00162192278280683 0.0721072627639038 0.0723007660102816
0.0579810153665569 -0.0555725483031901 0.142065104894844 0.119135816316054
0.0857690634882826 -0.110072228806047 0.262528287305611 -0.324167100382334
0.116404138112231 -0.0669490458926551 0.222272634590049 -0.161766986576732
0.128856769275595 -0.0303199162405992 0.203255232170994 0.020266568747194
0.105176683349032 0.00923048576281035 0.0741832298940912 0.109178165915546
0.0652491034448689 0.0531498140169954 -0.0431635466021426 0.0942831635256041
0.0219240640408396 0.0940105032488958 -0.0942155880569519 -0.00523198807134163
-0.00520844917803875 0.110043971419917 -0.0535506625234972 -0.0955367425339575
-0.0386932541788247 0.131371109494773 0.064076607697529 -0.137072938797998
-0.0552881251109276 0.165947264749865 0.137315501156413 -0.188160108254245
-0.0462896129372603 0.198616544814357 0.109421695212048 -0.224692566503167
0.0334215815228156 0.189889806353185 -0.00814501186218477 -0.187756901787453
0.147103040179868 0.130306090456724 -0.119781031135756 -0.0877872000200888
0.202575906545308 0.0595608927596084 -0.0813684637023466 -0.00464643796335942
0.199134269198251 -0.0224422030776008 0.0245003296287006 0.0648826505004719
0.136186617843689 -0.103515512409134 0.0821407790565244 0.145472052922521
0.139192044628424 -0.129799114195947 0.217609894544709 -0.278572679433183
0.190800483594126 -0.0792277798335847 0.198027644382982 -0.121545153490448
0.206338276872926 -0.0108930867512017 0.193250770101838 0.0406644188910417
0.164141164246463 0.0535919224672298 0.0808731363351859 0.114489340828298
0.0880054869154623 0.120064316846372 -0.0367128110919329 0.0995808498257834
0.0127114475643851 0.16527678196288 -0.0838296107550248 0.0184953557715376
-0.0326954776871635 0.169429094570939 -0.0507694655279881 -0.0507012395177794
-0.0614259245291294 0.179154039378812 0.0468551167887162 -0.0757578867784806
-0.0537336406578673 0.217205088154872 0.0967153495842329 -0.115939576768635
-0.00734004488240996 0.254616651357528 0.0680109757414364 -0.16069760442521
0.108373096446729 0.223899740200262 -0.0310853785518313 -0.153011150638025
0.238125716752052 0.121709284720594 -0.138773557872364 -0.0909032313468608
0.282530457057999 0.0334400772794876 -0.12507781986965 -0.0174809879586784
0.258549276776509 -0.0649553695408415 -0.0461077261426546 0.0727432539327815
0.180424099302715 -0.14516943778833 -0.000386558790257663 0.190677396666215
0.1785437177744 -0.128491627012086 0.147821922862724 -0.225171087376978
0.246871029637098 -0.0664445425057223 0.146255802471661 -0.0776836639999058
0.26093062670286 0.0332927775708257 0.160727319861273 0.059261518776574
0.196684894735898 0.119246865163009 0.0793309130395006 0.124445917262482
0.0831202164257491 0.194046576447328 -0.0352579148542137 0.119981140026555
-0.0190348640123631 0.227254071586065 -0.0874938721009715 0.0649623529418897
-0.0684427983137778 0.208592896282315 -0.0659718127469087 0.0130111211508897
-0.0745141510893396 0.200017139674744 0.0205929215230617 -0.000482736671415898
-0.0344409133067841 0.226300199305868 0.0713334909794119 -0.0326388765870328
0.0393410583313368 0.248793142459457 0.0629703874249693 -0.0892589911394692
0.159892124774641 0.191777732640806 -0.0227682900910349 -0.121954424575786
0.27096414927528 0.0713194063497989 -0.142408873655673 -0.0948850022099474
0.296705501314521 -0.0117748681100577 -0.169935899444813 -0.0160251182637617
0.261600395141038 -0.099939811861465 -0.120624726784029 0.100110287551029
0.188111712051003 -0.168204433275993 -0.0889628681176748 0.250817255010503
0.191438239568538 -0.109246025128948 0.0590586337273888 -0.169832356225341
0.260986149843033 -0.0356243542271102 0.0680375994513685 -0.0449254875911828
0.263908809094895 0.0869892620664586 0.107175067872331 0.0635812237887123
0.181174587123838 0.177253630776251 0.0619689154827571 0.12835026331833
0.0450319668095813 0.238003316197683 -0.0494725819938951 0.147227959505711
-0.0605072707896615 0.248578328744313 -0.114091785804603 0.126195500902369
-0.0943288762226295 0.214418858882451 -0.10113908979981 0.0884650075315067
-0.0747241411603893 0.192533096436746 -0.00910164699301687 0.0786390591697619
-0.0127177131649358 0.197338173037306 0.0641009046695751 0.0426361485769074
0.0628378275581105 0.198285554261183 0.0837385134987631 -0.0354211995018832
0.158214296675661 0.133540875201248 0.00257247551173523 -0.108388209213897
0.237433387203351 0.0283881469868917 -0.132798821673297 -0.105013520889591
0.252303624351421 -0.0368619484733496 -0.200467772393303 -0.00833591947623134
0.221923568211277 -0.106407753012797 -0.180747361463009 0.135676411203535
0.166856152631169 -0.163179235688453 -0.168406179818007 0.313286243372583
0.168381236180565 -0.0771335078348704 -0.0349243998088165 -0.121565860166978
0.221057110979948 -0.00174705081696968 -0.0159565062236938 -0.0353485074597919
0.207820111384351 0.113317665934857 0.049918865088187 0.0429262652389784
0.123305584172222 0.183610283814624 0.0397322210493281 0.114427316140835
-0.000330477744252633 0.217221128608673 -0.0746726934527248 0.166677776289995
-0.083340695579129 0.213303772039265 -0.158845421196269 0.183042778558749
-0.0956000244389878 0.179949451783789 -0.148294864299346 0.162798066173282
-0.0635471895884255 0.154355277597063 -0.0356982682225749 0.151120979493725
-0.00270815156142384 0.143892374118548 0.0688376791156804 0.0994671216450741
0.0543302364978891 0.13231367059778 0.109315617237695 -0.00335079468391863
0.117053170549942 0.0832360431881016 0.0270852754460918 -0.107180297106921
0.167462627037326 0.0133122743116471 -0.115470251479085 -0.11887535607618
0.17749507159192 -0.0317322703784469 -0.213768798011248 -0.00383541672244541
0.159856483872435 -0.0837060821793617 -0.220457817803417 0.163546708889528
0.127031119294049 -0.130593982692011 -0.23401059842084 0.365305773047212
0.110456893532399 -0.0404233313113897 -0.112202767243826 -0.086635487203002
0.135497771009948 0.0136268105142961 -0.0795384922489681 -0.0431987090991683
0.117701748982035 0.0865612703691792 0.0130766208029073 0.00972130564983311
0.06278745555899 0.123858647782429 0.0305830154304054 0.0880428931158581
-0.0138108953482665 0.13507032394762 -0.0897652505388713 0.171394932022509
-0.0651553271796236 0.130391170046805 -0.196053986748011 0.222198867645996
-0.067427591997415 0.110548900140217 -0.189253673654488 0.219911714520879
-0.0436662267347779 0.0916087541369033 -0.0565702403110607 0.202914916561564
-0.00564019986473241 0.0803859901977906 0.0735170061815316 0.134053786048332
0.0272397206855598 0.0715388769723492 0.127166135933372 0.0156425914444621
0.0627260473771604 0.0501705080959622 0.0465040439059184 -0.107423525720879
0.0911675517085656 0.0153403388229412 -0.095403274582759 -0.132584662113257
0.0990110497829171 -0.0121100684722667 -0.213465217804277 -0.00934259829804545
0.0920171197839462 -0.045344542568922 -0.24363451310071 0.173243689637827
0.0772754200640453 -0.0768410103081326 -0.280114050627641 0.393675714325063
-0.0275148100470091 -0.0165120163145769 0.256317933892577 -0.389754313859924
-0.0246524753019483 0.00191582900701296 0.210454286232822 -0.226814380645294
-0.0222458234655235 -0.0130091918803364 0.200304179140113 -0.0237547750994053
-0.0167924801216043 -0.0140364894950023 0.0801282260857069 0.101731129132697
-0.00771584305100041 -0.0192740589674881 -0.0319670176085591 0.107124256128717
-0.0079176802639013 -0.0184997157260611 -0.113334508134428 -0.00289868855457676
0.00715145248274363 -0.0185345659662874 -0.0864198786870111 -0.121611617148911
0.0206778276217016 -0.0189464244525134 0.0543829758334009 -0.19269778755065
0.0247853450687263 -0.0151998446062162 0.182228085521002 -0.25419937094857
0.0134157487797557 -0.022382815426357 0.188730886542935 -0.274909105566817
0.00608213463611297 -0.0336581287909518 0.0559399723729819 -0.215116145217998
-0.0109455709384434 -0.0381179884949503 -0.0786514907474237 -0.076300222807196
-0.0227800106938764 -0.0405660012800416 -0.0396507706651823 0.0233188250746634
-0.033447885020345 -0.00650185133580313 0.0927945323914646 0.0706219870363383
-0.0422600451214397 -0.0100215304092263 0.17389233341283 0.0985930975262131
0.0237496807844795 -0.0736054259339335 0.2602009225351 -0.383007939949548
0.0401745364648433 -0.042672176954933 0.216668173593588 -0.210308280210176
0.0491436860232533 -0.0328367458399931 0.204995903241701 -0.0104790116213226
0.0427039727703144 -0.0146474295169532 0.0777028116804872 0.106722243754559
0.0320125591744313 0.00671618821929161 -0.0394606210894129 0.104590698478859
0.0159587439264926 0.0322626507194588 -0.109116350013525 -0.00456594328608255
0.0113215552246823 0.0464773534711627 -0.076401488245548 -0.116627677506162
-0.00439706886116129 0.0641546112753592 0.0586915701832758 -0.183824833973809
-0.0204433328873836 0.0863161407357154 0.165472073942563 -0.249155497122727
-0.0316524066314284 0.100847205846776 0.153430978834934 -0.27632543313421
0.00108349406517384 0.0957614827046738 0.0220655731014982 -0.215675649832554
0.0588479563387762 0.0661670837849203 -0.102066334670012 -0.0773113164651611
0.095053273104218 0.025293397746456 -0.0530400230559308 0.0174242414879984
0.0964719052514425 -0.00926447488826787 0.0779768248301217 0.066767516563891
0.0545055668773063 -0.061610733300622 0.154414674101392 0.111136440567405
0.078558729419318 -0.11890429613034 0.24393139515152 -0.352140050991852
0.112524508678563 -0.0788397291120715 0.213858572606372 -0.181195438379954
0.128299158573659 -0.0413096772878749 0.207114085924645 0.00464682309073253
0.107422991336242 0.000191765152451594 0.0822583329377016 0.108237343183537
0.0701745914892211 0.0496941650463198 -0.0378709892376951 0.101056694539473
0.0305674387424434 0.0948831030902755 -0.0978965593657678 0.000752664202449901
0.00396081497851179 0.112775947268525 -0.0634652474614086 -0.0926998859484087
-0.0283442902228531 0.136166683531402 0.0545905452013353 -0.144935500579789
-0.0432556820223942 0.172669311450951 0.127928594162416 -0.204088632004774
-0.0306622290624016 0.207186837710796 0.0974704725149267 -0.239875917366053
0.0496620205007673 0.192631331542719 -0.0205523023662533 -0.194162610176411
0.160540146359755 0.120185738390572 -0.128814281235341 -0.0811092621846689
0.212204111107913 0.0434268479258436 -0.0840450940750677 0.0012718757236491
0.203128114521849 -0.0392401822964669 0.0279325506468508 0.0626827026303444
0.130935544422807 -0.116640103588627 0.095687753133512 0.142241722214553
0.13181404125051 -0.143398778062112 0.200660715018066 -0.302666106066947
0.187800416947623 -0.097021864340041 0.192120679891498 -0.137496267090115
0.208975828377392 -0.0284508351186344 0.199133481356141 0.0265303554319726
0.170366863941442 0.0406732108528868 0.08917429873434 0.112974350118811
0.0987545120724497 0.115659319640681 -0.0319564600679227 0.106808002512715
0.0263682972083001 0.16865372598506 -0.0860652542720048 0.0240700431518146
-0.019805721332111 0.175918996152575 -0.0572711691179807 -0.0479189655652658
-0.0489753521144379 0.18697548185916 0.0418159814364172 -0.0814746364653631
-0.0379723913085713 0.224589191170416 0.0914723242692979 -0.127939783369984
0.0129638271287744 0.260765279438891 0.0603882675159284 -0.170950252844144
0.128715358909765 0.221620775567429 -0.0423686743158619 -0.157244863094583
0.252982737805726 0.103268260029352 -0.1487043529002 -0.0830673881229113
0.29131112492261 0.00999437438380505 -0.130362415364201 -0.00783937168031949
0.260015407688166 -0.086226238991527 -0.0449051360365714 0.0758723351334592
0.173365975526737 -0.162288921652766 0.0150145119163701 0.195366458374178
0.172836675164823 -0.145443793668306 0.133457058013097 -0.241534460640087
0.245897456139127 -0.0899509912695819 0.141524329195734 -0.087658782062585
0.269006394531989 0.0125890057604698 0.168646118765514 0.0491196184999027
0.209637058995409 0.105614557530946 0.0887040724315303 0.122878590240467
0.0992500357800322 0.192311868475526 -0.0296497936865205 0.127054235703233
-0.0010112788476381 0.233818002481055 -0.0864890037967101 0.0713824201624674
-0.0528289115025273 0.218659728162184 -0.0674764473135093 0.0173720383915404
-0.0602504752281267 0.21030098791865 0.0212550130373622 -0.00242245639297344
-0.0180033622149123 0.23144478068292 0.0723010572837695 -0.0409953974403581
0.0606543667038211 0.24988405956649 0.0601986282769601 -0.097043253629974
0.178528533346558 0.183775725939302 -0.0314155912912716 -0.124917206240349
0.281616959829186 0.0495470283841278 -0.153294773756785 -0.0871882814725573
0.301852004648257 -0.0374462929780464 -0.176912001469911 -0.00269563124180374
0.260463974923516 -0.123350003622619 -0.118844605321566 0.109389733519536
0.179354516330156 -0.185775380410339 -0.0707646391887249 0.263784922929423
0.187076839703072 -0.127053650100247 0.0462954772119009 -0.178095514280321
0.263856141226834 -0.0587090560227141 0.0649541073641455 -0.0483150203973666
0.276354605681747 0.0670682949207351 0.113728016609343 0.0587472081095313
0.198246808816453 0.166091184459643 0.0717984570820982 0.128269636886355
0.0637014152994163 0.240214675511012 -0.0433185873543842 0.15681341897847
-0.0410585794662017 0.259089407606539 -0.109858275573834 0.136890987597326
-0.0778172101873047 0.226734584389732 -0.0976747747969266 0.0975312464466381
-0.0609944515999978 0.201677927248002 -0.00272546130825306 0.0810395866311522
0.00140522721310252 0.199998226560314 0.0709381057495077 0.0377422024237957
0.0794833648950752 0.195585450249908 0.0856245520890856 -0.0433341923882801
0.17210720435114 0.123722848476937 -0.00538399557616457 -0.112477137694349
0.243889582083362 0.00811704066728431 -0.144893840076312 -0.0984621229875858
0.253992564020641 -0.0588918801640217 -0.207483208195927 0.00813483494685506
0.218544459044593 -0.126578557502094 -0.176790144865483 0.151563994337016
0.158041466582477 -0.179406064428943 -0.148469096063075 0.334852423576807
0.165930752707414 -0.0926742890648017 -0.0451902106444666 -0.121119756126167
0.226297372780001 -0.021091664700646 -0.0191506550863943 -0.0313650167904542
0.221666586846419 0.0992306239405232 0.0535123125042286 0.0431697557116835
0.139893340824399 0.177935105213036 0.0478552827810141 0.114898736797971
0.0164469163418338 0.222284189795552 -0.0682541825755716 0.178711825461868
-0.0683902987613292 0.224916581277453 -0.150849283160383 0.199658068564411
-0.0829937688010174 0.191323135118679 -0.140090730384463 0.176495373035338
-0.0520112569752711 0.163018881416324 -0.0243413129373527 0.15641061011083
0.00716197452454269 0.144985024176438 0.0802711926231602 0.0953197074281205
0.0657765990354411 0.128575658647466 0.113599249724554 -0.0123518238558979
0.125699907614852 0.0755871570315856 0.0201380355152642 -0.113163661743923
0.17140240469996 -0.00124435183243466 -0.12841943781872 -0.114393707369535
0.178205120563841 -0.0475404582770832 -0.219277152365854 0.0134388510279242
0.157022319849105 -0.0986093818962333 -0.214481040616703 0.183467774344902
0.120148743210616 -0.143070389022555 -0.210143305412864 0.393981083961471
0.109875593053643 -0.0500785314641503 -0.120766484458586 -0.079262245826046
0.140487120799956 0.00261263158628933 -0.0851298401032309 -0.0353880696000068
0.126964851591832 0.0799095787199532 0.0130593932366035 0.0117459173696703
0.0730943084207169 0.121466290036901 0.0358368565235821 0.087846796398601
-0.00449582959973736 0.139904832915279 -0.0831121779507284 0.184094549455225
-0.0564026434802405 0.139626509140338 -0.186551226824538 0.243111936777605
-0.0600655369312236 0.117580711640453 -0.177538803855243 0.238622586088787
-0.0373181146374068 0.0966681386887767 -0.0418173025951479 0.210936504513547
-0.000525150821475065 0.0814454672293344 0.0883513355685212 0.129878927981814
0.0323707733018469 0.0693827493627346 0.133957072233175 0.00546345256166688
0.0676190925470877 0.0456208065787506 0.0394820953297097 -0.11420683071344
0.0942085692180871 0.0079856628545588 -0.108538239247227 -0.13000627739915
0.0995174724407574 -0.0206263917838414 -0.219305484004917 0.00706057925118245
0.0904783838871555 -0.0536446424064955 -0.236881703935454 0.194635164880272
0.0733803630658109 -0.0846925974722235 -0.254413725023349 0.427948270274247
-0.0289844804016235 -0.0145385509788723 0.219899596470806 -0.404294564499359
-0.0235675255377846 0.0035956370124562 0.188321677457813 -0.238421112086743
-0.0230925878731722 -0.0105028218388781 0.192822974344482 -0.0383010896911422
-0.0174324977164491 -0.0127954241323699 0.0856210282316765 0.097227831369116
-0.00847675287935303 -0.0185500380960598 -0.0231009640359541 0.109124538352834
-0.00880575362075821 -0.0163594879126606 -0.112978692664847 0.00619156806816749
0.00605667502845855 -0.0183584707124089 -0.0960135888596323 -0.110351408666405
0.0191423806095324 -0.0211280098932064 0.0379407465048648 -0.191316525555398
0.0245512551322839 -0.0173631657872168 0.159092129343481 -0.26370497858304
0.0121622765258796 -0.0227449761605662 0.165764261848435 -0.285793533127171
0.00363295198919071 -0.0330662092287771 0.0419637061205278 -0.217956544077201
-0.0140488984635155 -0.0374159485130411 -0.0810138939641108 -0.0694368660420715
-0.025365857192139 -0.0379345412124631 -0.0369316018504185 0.0249723235950558
-0.0324679499591735 -0.00404983500661501 0.0953637899050282 0.0611263859821087
-0.0431396108400489 -0.00666940017095052 0.178071943315376 0.0836947580738355
0.0169730866030048 -0.0741583087868681 0.223484196240123 -0.397542923172486
0.0358980164102477 -0.0454198290806744 0.195495872311705 -0.221818273413975
0.0447889337079259 -0.0365223709062403 0.197873842721497 -0.0258926740954134
0.0403352014328693 -0.0178000981834229 0.0828604766500726 0.101527647384152
0.0318776233028409 0.0042999875523952 -0.0307045141690566 0.106907048922878
0.0188640650366136 0.0312170355536022 -0.109795184806798 0.00337128939811249
0.0153917829581299 0.044440041891165 -0.0854065746094645 -0.106745407735959
0.00126353644668203 0.0622013463951904 0.0426033983506854 -0.18430718138874
-0.0122715318871102 0.0851322197638443 0.143186972019214 -0.257379387025547
-0.0226270536127207 0.1019361371765 0.131274888598463 -0.284720846941336
0.0088371247472924 0.0943688796893136 0.00738399470568062 -0.216073583005071
0.0630664999394129 0.058945569605557 -0.104651604134491 -0.0681638331359358
0.0951996808141686 0.0163714584480265 -0.0508172983451965 0.0204714148922019
0.0952447446788653 -0.0173363539089166 0.0801305052745387 0.0581946393276972
0.0485185012181011 -0.0653709257513398 0.160089193061606 0.096531335207488
0.0672386464654713 -0.122611192225956 0.209969837442271 -0.367725564337691
0.104283405336533 -0.0873851244158913 0.194556011989099 -0.192331474549862
0.121678534512827 -0.0513171772550208 0.201747285903276 -0.0108577491996389
0.103996268769661 -0.00919588152364719 0.0874944299697668 0.102748775974159
0.0720480705997639 0.0432287833903492 -0.0301460166743191 0.104403519205272
0.0375127225707291 0.0910409256141097 -0.0985994247735113 0.00790080885972117
0.0131116227987082 0.109551756106585 -0.0705941154845721 -0.0856030483886421
-0.0167954455689826 0.134917462138432 0.041965736328144 -0.145843814340538
-0.0283146843772049 0.171045205823543 0.110340803639686 -0.210939716831326
-0.0131685187402574 0.204850916631563 0.0796708105599859 -0.243900554856839
0.0640959816065912 0.186653528785097 -0.0344415704975119 -0.192083551144318
0.166783317261906 0.10368212470795 -0.131607792055851 -0.0699836281874274
0.211817768326793 0.02518354867335 -0.0830329534046294 0.00770648215561443
0.19720103763831 -0.0548375374074985 0.0295574020490911 0.0573489982026757
0.11970773157974 -0.124282948274841 0.104876189923869 0.131952381175514
0.117764722369161 -0.151348967694503 0.172582165666461 -0.313417875607072
0.175415908232815 -0.111897692695855 0.176510658414721 -0.147386615862501
0.201820307056872 -0.0452662342823334 0.195847819652653 0.0111165102112524
0.168886909164508 0.0249875505440228 0.0949490253409271 0.105896233431286
0.105309026224897 0.105924422259892 -0.0242708677265555 0.109306603751782
0.0400222395031833 0.16334305880798 -0.08506377131475 0.0294982222698886
-0.00473122494663723 0.172580074200603 -0.0613257285081709 -0.0427157094133651
-0.0328535861995311 0.186468952555119 0.0342579881719502 -0.0829490318574947
-0.0197373143088488 0.220868823216236 0.0809143996979288 -0.134290751851031
0.0331885665592888 0.253871933644436 0.0494746728204385 -0.173680544562792
0.14383675351303 0.207632510426476 -0.0532225694967446 -0.15359717544243
0.25483240632489 0.0786964264911633 -0.151938204635354 -0.0703797255307035
0.286276225193426 -0.0150704863081882 -0.129630952266573 0.00241663009779709
0.249112886555886 -0.105951183510552 -0.041414471300945 0.0760619421769704
0.157712482529759 -0.172381709485013 0.0302588304481655 0.190127831257952
0.157996488591099 -0.156182441153513 0.111764189167821 -0.247333204897567
0.233276728797713 -0.109584819375659 0.131592513204015 -0.0940921700866271
0.263701842061284 -0.00943413369562464 0.168601311664187 0.0366085826459991
0.212474670383047 0.0863844754456911 0.0947988560487894 0.11510677242938
0.111717077081331 0.180733041469492 -0.0218305619399982 0.129831766054475
0.0186323927710244 0.229318550719033 -0.0825008875957639 0.0762303939400563
-0.0333079352623156 0.21702468352944 -0.0661600467055434 0.0217245741162069
-0.0425072223997044 0.210042918388214 0.0197956371093343 -0.00436457130733701
-0.000101678026861844 0.226537792668305 0.0685744568155285 -0.0477588373861943
0.0783594028514353 0.239215452582646 0.0547828953352211 -0.101151265892945
0.19001876515714 0.166029855802085 -0.0399032361126892 -0.123192438812467
0.278955489359634 0.0240598190635191 -0.157329206702743 -0.0741248458496731
0.293228912072465 -0.0623395758527878 -0.174394499597379 0.0115900203053681
0.245877046277204 -0.141340544623656 -0.111195266472228 0.115790871785817
0.162633295785738 -0.195773091861382 -0.0484917044241577 0.264081980511242
0.174286834142155 -0.139615053462509 0.0308343145616419 -0.177793302911777
0.253325793428651 -0.080599489024506 0.060484911012969 -0.0492037984687444
0.27634148097179 0.0433315573289628 0.115805973681691 0.0510944186072385
0.205943880283174 0.147019009572839 0.0790503855453607 0.121270000296929
0.081697326716863 0.231523811875597 -0.0329853254046151 0.160419559759945
-0.01944762415228 0.257379941904698 -0.100869969931178 0.142427830279546
-0.0579989532041217 0.226367285144558 -0.0899383454471556 0.101808379886389
-0.0434509606240997 0.202001478761864 0.00346231667870114 0.0793188342202381
0.015707706879115 0.193717263716302 0.0742324756650828 0.029726952151297
0.0927570763363357 0.183590870648932 0.0830754865110388 -0.049900673818461
0.178397619461913 0.10716039235198 -0.0132298328603091 -0.111800638412747
0.237612330181524 -0.0131141848055578 -0.150208393498863 -0.086745711263867
0.243605801345713 -0.0793666653926275 -0.203428976286381 0.0251414688157609
0.205120653017768 -0.141746079881065 -0.164996818661229 0.161843632259321
0.141780730204199 -0.187876600735594 -0.118232287752928 0.340756046683377
0.155956249432936 -0.104507366919087 -0.0537154519082197 -0.114686941954356
0.21920413519219 -0.0400219017492601 -0.0206900125396232 -0.0263927512740805
0.225413180026299 0.0795939414714053 0.0557005862103796 0.0408722133925943
0.149671030043717 0.163239326859838 0.0534944738411195 0.10929649623888
0.03300991849008 0.217210868272513 -0.0565043216266952 0.183237938957335
-0.0485762658643227 0.22625577961145 -0.136506670333759 0.207817588651354
-0.0655386630885718 0.192443483308156 -0.124876974468053 0.182602876235815
-0.0377997834721588 0.162502981327757 -0.0112187584049704 0.154865027222564
0.0173165019829694 0.139523159804678 0.0880394599541749 0.085050671889069
0.073124021786944 0.118842619459977 0.113168993438715 -0.0215657775370255
0.128662586144316 0.0636297452060839 0.0112877198463729 -0.113427022367687
0.166698690984514 -0.0161921965960192 -0.135802205200985 -0.103484030681713
0.170722356055028 -0.0620466591093629 -0.214600036925365 0.0310149134449917
0.147004376146813 -0.109624333155828 -0.198667877707375 0.196070557731602
0.107143709049576 -0.14950847627907 -0.172400326500154 0.404818027759549
0.104150768954687 -0.0580099530864992 -0.123802679136801 -0.0677323309236613
0.137809310489477 -0.00981434887207677 -0.0852432455040079 -0.0253649802752647
0.131017993975749 0.0686169822201119 0.0133082843951032 0.0132445861423602
0.0804822008540541 0.113890318469689 0.0397257341954127 0.0838502340727333
0.00605409019457178 0.13815111764839 -0.0706458905907474 0.18983841168348
-0.0436483336322894 0.141477738753865 -0.167737310364616 0.253859271664236
-0.0490413942572343 0.119486229711098 -0.156489401742563 0.247372617774951
-0.0284132098037885 0.0966527289226705 -0.0228327620511301 0.209337633042532
0.00518588480759382 0.0782875875015211 0.0985438460742782 0.118769368089126
0.0362053601668088 0.0641244876728337 0.134514541628834 -0.00546668905146455
0.0692964498415011 0.0386139973947138 0.0303889402129868 -0.11583988835589
0.0927363060477079 -3.17636606179325E-05 -0.117586466558389 -0.120168505396714
0.0951693156016474 -0.0286493821282525 -0.214631767121103 0.0244733068386389
0.0843340495831354 -0.0599035328918369 -0.218389087006805 0.209526997616677
0.065480355973593 -0.0887888451466463 -0.21328397763254 0.443015119178178
-0.0208302910482668 -0.0263605885255385 0.347214198217981 -0.278081770684737
-0.0218589073776494 -0.00615352995052342 0.256496570873239 -0.141503814291087
-0.0158487102087134 -0.0187658660359033 0.184335377563166 0.0403149860335288
-0.00970981233540896 -0.0188935287921288 0.0378811089085069 0.124116091673701
0.000523647245530738 -0.0202362459510524 -0.0633393297321707 0.0899632319653081
-0.000650601572889967 -0.0165875906709983 -0.104952972768493 -0.0370138959400306
0.0126839016877931 -0.0133842498684135 -0.0460777014540774 -0.133146523359626
0.0253253048867353 -0.0125770624157682 0.104198946167793 -0.154751085070954
0.0286768659632857 -0.00882326385201657 0.239268753252044 -0.174311149994323
0.0179356223040026 -0.0170940264841191 0.257040069811899 -0.192768660856802
0.0131538662193293 -0.0301216394667682 0.121143845761307 -0.177109951237152
-0.000114169176972979 -0.0379995171010565 -0.0441572386623601 -0.0924886329660212
-0.00955545869194117 -0.043026364206104 -0.0410591329494543 0.00763780276110639
-0.0251987805194387 -0.0147579672457337 0.0627305920015056 0.0865044081268079
-0.0347272017139076 -0.0199607296705094 0.128990793726967 0.138631024038348
0.0456146002766591 -0.0612121936091012 0.340368929146998 -0.27298351157109
0.04909995130582 -0.0260654852444352 0.254956173597365 -0.126140809736687
0.0541454884521491 -0.0152913977744307 0.182695225608597 0.0497157103196216
0.0417934213288264 -0.00116398791066877 0.0343932840523907 0.122888382537408
0.0268120867844161 0.0150568446347706 -0.0675716752366404 0.0836374943902199
0.00503426201617827 0.0353388992455755 -0.0985422835802666 -0.0385389062553991
-0.00274507785568138 0.0441984104266154 -0.0372396369369807 -0.126628807888793
-0.0212532620056009 0.0547278785256238 0.105885742177699 -0.146408629666804
-0.0417077448586046 0.0689633494028809 0.221458520111678 -0.174835862914905
-0.056862391678978 0.0815906252667758 0.224216769164472 -0.204726495979975
-0.0271731588222294 0.0872016209209796 0.0892028551948561 -0.18815108362192
0.034078260544607 0.0757618731354597 -0.0658988836688102 -0.0981921878832461
0.0812056747662445 0.0478613076917142 -0.0521372770808051 0.00136058777853766
0.0938855260942646 0.0167245698262266 0.0514532224746878 0.0836255624956404
0.0681804534750978 -0.0433075133809401 0.109411976970821 0.149047988831723
0.111478484091811 -0.0840420458903103 0.310386133446345 -0.253698350334724
0.124875146327028 -0.0361485171398758 0.241004930397643 -0.102944257682309
0.127599387517627 0.000662453247339448 0.180225378489983 0.0592128440337373
0.0929782389456596 0.0315316384034993 0.0395851722259977 0.121177957322011
0.0464952363923797 0.0645500885261315 -0.0637478140911111 0.0794225686707817
-0.000105726930457088 0.0943580132303955 -0.0880925711654894 -0.0296765829186339
-0.0288045530114869 0.100263561408103 -0.031585520632187 -0.101605430937469
-0.0638816549696894 0.113067208415053 0.0907644578492522 -0.113445144239903
-0.0866501912601662 0.13948464901459 0.172929716985179 -0.146575363800558
-0.0856806322520032 0.176965926668731 0.162267201541179 -0.1871705136347
-0.010033452518431 0.188970567544992 0.0430094705186172 -0.182317656915356
0.11050875520144 0.15200402100971 -0.0894599403704026 -0.108247998491151
0.184926559022044 0.095294783382637 -0.074813548255653 -0.0203626119083215
0.198245520433004 0.0176456258777405 0.00900777224871744 0.0684485541065774
0.152566245894763 -0.0725911962951266 0.0490725209165689 0.164529285652431
0.169154245187324 -0.0882956169486418 0.252703519684642 -0.225330462407983
0.197423680675316 -0.0301051139356751 0.206688860150529 -0.0725055515208288
0.196725288758205 0.0369650999159315 0.167952377304318 0.0722662960572791
0.135355722938962 0.0863904027106955 0.0484321073588188 0.123051910787181
0.0509126037108844 0.131522127759005 -0.0578558037420601 0.0847863163127913
-0.0258688887159571 0.158273531825786 -0.0829104327157065 -0.00495966222327956
-0.0673957598980103 0.148272158955856 -0.0379505767104715 -0.0597225197754685
-0.0969785330445061 0.15344060590331 0.060930380364635 -0.0607563303378514
-0.097525634457704 0.186883703260898 0.118016211080446 -0.0890385745237503
-0.0611439880432703 0.23620990817238 0.108380904732125 -0.13464326841455
0.0550143230607544 0.236158664360928 0.0123736053421867 -0.154673368442979
0.197875157314603 0.160747830379174 -0.106849709053562 -0.11542582772568
0.265721552812946 0.0844669247797882 -0.113151968637103 -0.0406242217379531
0.261048587240138 -0.0099568489860059 -0.0583457848958843 0.0609867325612055
0.202908631129374 -0.101857174498014 -0.0384673422861626 0.191080789983633
0.208507989143415 -0.0766779279280637 0.171061086385978 -0.192306903659094
0.24740049715856 -0.00499768354363458 0.147375469025416 -0.0448164274614276
0.237736355189926 0.0930059573837935 0.136951159606176 0.0804457078829851
0.149181041467352 0.156427354566936 0.0492938326787507 0.129131257981499
0.0274547083290034 0.199944420225957 -0.0596298630728713 0.104642387386736
-0.0688812113343596 0.207802860990833 -0.0973349412863104 0.0398841956747274
-0.10842008183404 0.175845223605063 -0.0672507506418139 -0.00375277269404453
-0.114510134433647 0.171216507853463 0.019456706637313 0.00335037877210588
-0.0814527238746464 0.198732752381104 0.0754306012333864 -0.0170949294330851
-0.0152928705978024 0.238285926837794 0.0858630987373856 -0.0671363921082569
0.110163078863982 0.214485440814889 0.0119657365914877 -0.123132793908597
0.23843363802912 0.119266364699289 -0.11000535108662 -0.12149964666142
0.287629862669212 0.0445299241930273 -0.155275168369854 -0.0487107359297491
0.270226321844224 -0.042472327373042 -0.134028331607425 0.0709103297939889
0.214539035632396 -0.120397031573808 -0.13523798038698 0.229602144129597
0.215934967715109 -0.0547427552714556 0.075197331083713 -0.161973513078276
0.254155304041975 0.0278819687732038 0.0685758015493089 -0.0321456004349503
0.228687635785416 0.145195598957046 0.0874594289511461 0.0739569030660056
0.119817009079921 0.207179482526652 0.035333415841 0.129521719773834
-0.0191874110830854 0.232261009586031 -0.0805880023439516 0.12985786539334
-0.112486835167778 0.217482057949195 -0.13873101542547 0.0944142794484346
-0.133183678678083 0.175060812270636 -0.118270705702733 0.0592753877938659
-0.111574125699447 0.16369965042507 -0.0261361882464942 0.0706605894506881
-0.0558215079588046 0.175919371356138 0.0526900523711101 0.0530691776603597
0.0176054679921194 0.193308611659343 0.0926100962868091 -0.0109715918183542
0.120029212757911 0.157022035891842 0.0315506623168274 -0.103416136233546
0.214834676322003 0.0710467746554171 -0.0995835797794378 -0.130819631028765
0.247908434950665 0.0124280949606887 -0.186010463821041 -0.0484420004342713
0.232435472524178 -0.0549821004276443 -0.19884239809917 0.0909080336833687
0.19240672612455 -0.118719258915105 -0.225913566461338 0.272014460483218
0.185149563113548 -0.0301723499538367 -0.0198273174016714 -0.136047837964388
0.208240492608867 0.0504828430802619 -0.00973672797090095 -0.0406189438944115
0.169735461776624 0.157501753443371 0.0398961576765848 0.0460722684798331
0.0649622512036833 0.199965877706361 0.0170074822967738 0.113114411498032
-0.0559858449462394 0.201911826494365 -0.111869644393463 0.144101032486174
-0.126455618549683 0.179195990519071 -0.196790729406772 0.139507440912282
-0.127698994190072 0.142293521829801 -0.18021204748865 0.117748373732247
-0.0925172719054146 0.130667233593399 -0.0667828960014353 0.132003634471674
-0.0348830853286361 0.12806483387537 0.0452811512673303 0.107535574253184
0.0225398339306459 0.128908317995163 0.110040460896419 0.024963088491126
0.0909800127423165 0.100388632400647 0.0539980259082922 -0.0958814610846483
0.151481883783477 0.0441676066756434 -0.0809391773133623 -0.142094137723897
0.174451505796862 0.00389912701409533 -0.198510339761223 -0.0488698469866967
0.168676119247675 -0.0444930243948255 -0.242798156365498 0.107571363963574
0.147324036533626 -0.0941761510220619 -0.29961793064261 0.307301059403749
0.118867770012812 -0.010009385369872 -0.0935681238599986 -0.11671873156917
0.125193011505551 0.0458301698286913 -0.0661729505882465 -0.0599409334158556
0.0898170902835404 0.112206315585663 0.0115138814240402 0.011441881576301
0.0241384700111554 0.130252904733592 0.00992888621129891 0.0880377053293432
-0.0478169951435641 0.122266901361574 -0.132294479355023 0.144697068191226
-0.0909307758477412 0.106971622706959 -0.244099400401204 0.166917364279972
-0.0870012054091133 0.0848662884659735 -0.231868039402908 0.162748018500022
-0.0606643166233883 0.0754832956537882 -0.0971028708224092 0.175918393484184
-0.0238761311099395 0.070417641900116 0.0437159530223683 0.140540453941716
0.00858347670525615 0.0676956678928507 0.123935305022023 0.0461271795883797
0.0472355885403785 0.0573234098994882 0.0707795057587122 -0.0901797872578921
0.0801398433234837 0.0327256524084379 -0.059029349150031 -0.151494790986216
0.0941918937669505 0.00906791189360812 -0.196788316081899 -0.0562703590369462
0.0957212608484402 -0.0208153666136256 -0.267718390735231 0.10956483693613
0.0886283358665452 -0.0524326206416309 -0.350152165056583 0.324385559049751
-0.0215756603447036 -0.0261838360132927 0.332939396495041 -0.281953913140674
-0.0215452378442467 -0.00607158591530594 0.247942389826525 -0.144251392801042
-0.0160176594137905 -0.0179825736221714 0.17936700027977 0.0360684830981482
-0.00963523112074033 -0.0186176393091637 0.0384665484522694 0.124565572759156
0.000513093254363894 -0.0198871259848084 -0.0597349853715934 0.0904139421844426
-0.000797501608843424 -0.0152726768237102 -0.106190369026757 -0.0334731444060639
0.0122046760823075 -0.013054312422362 -0.0507661841722862 -0.128425106983355
0.024701797092679 -0.0132868473694068 0.0981819775223377 -0.152235935075555
0.0288671221595629 -0.0102380048700482 0.230600071217598 -0.17579058181381
0.0184986328306805 -0.0167529378830132 0.250307023191729 -0.195723394528287
0.012321832145866 -0.02913760937761 0.117944910831807 -0.176536979785498
-0.000629021213383842 -0.0379231437856485 -0.0436084813297239 -0.0889123670521492
-0.0105988115096472 -0.0425699619287217 -0.0395730359615065 0.00800127867228782
-0.0249393516200106 -0.0144984022137216 0.0628948311622168 0.0830945467428601
-0.0353654709206068 -0.019074529799424 0.129005717985322 0.133275396756645
0.0431037565071412 -0.0620953578318621 0.328295178870822 -0.277542254367976
0.0478516798660082 -0.0274041971909567 0.246817815411283 -0.128206829167112
0.0526893967920697 -0.0163975474743057 0.178522418186366 0.0451586037098234
0.04110526544534 -0.00257431219194548 0.0348372386530339 0.122446745656428
0.0267278661491958 0.0141013429449605 -0.0644603835730648 0.0843048685129984
0.00663397215890174 0.0351750132796904 -0.0997396479669513 -0.0358339196091319
-0.00142858688982427 0.0434270531235948 -0.0417399650134661 -0.122229649333688
-0.0185183246779169 0.0531136083636557 0.0991831012245329 -0.144918347398693
-0.0377234469869601 0.0670376051316051 0.213018118993301 -0.17617919668404
-0.0535653795186888 0.0816893525602674 0.218090439698516 -0.206234501156162
-0.0243757996171187 0.0864660178813064 0.085179641228123 -0.187139468308794
0.035343972880674 0.0724312371844854 -0.065236271948443 -0.0941904715596653
0.0814848857362268 0.0447629006610957 -0.0513347237863875 0.00208936771419791
0.0939906395476458 0.0136986919955606 0.0511262988383035 0.0795636564394968
0.0660744395037329 -0.0443874200551962 0.110143243555673 0.143090098888425
0.107567144014265 -0.0854130077390056 0.298598197424509 -0.256641538666942
0.121381593279547 -0.0396278036958682 0.233359108195708 -0.104261564014782
0.125063027659738 -0.00311917361208624 0.176674559838264 0.0545814523460502
0.0909582747537159 0.0279462735910896 0.0398110618128622 0.120217936954093
0.0467883633430259 0.0619897166660464 -0.0609866384040343 0.0797570299215862
0.00250495230696859 0.0924559986915263 -0.0899236130452061 -0.0284425266926153
-0.0259145796201284 0.0978214937901511 -0.0356219613501486 -0.0987074159873134
-0.0588331936090313 0.111521279252061 0.0849779085370319 -0.111885354949697
-0.0813865840790776 0.137273978327723 0.166519445748791 -0.14677522665385
-0.0798547910764495 0.175971992282514 0.158241992664205 -0.187912002705398
-0.00472440375281874 0.186282879247742 0.0395373372733081 -0.180327524626653
0.111481764478097 0.144716704788126 -0.0890336724263008 -0.103583803836069
0.184340569470739 0.0879737166706244 -0.0742471604366948 -0.0183293278778884
0.196488222185491 0.0124086958636722 0.00861604602084111 0.0658436509521882
0.14889188090776 -0.0751425005201828 0.0512163007410615 0.159685613052907
0.164824390644671 -0.0910598779097235 0.242660872989769 -0.226179353573921
0.191465556841866 -0.0357403605215885 0.201157612544287 -0.0736169822046906
0.193228092914635 0.0311297385875878 0.164661893563002 0.0675426918837318
0.132799238171146 0.0811526303362834 0.0480004062136014 0.121134967935004
0.0522866298304043 0.127982447469824 -0.0560167822634279 0.0852918802746842
-0.0197696777821955 0.155204398990083 -0.084929215226165 -0.00376123523431987
-0.061793006006997 0.145401313087304 -0.0414162320198218 -0.0583609773525729
-0.0907691149948637 0.151159947803444 0.0574986529151686 -0.0606137855659049
-0.0916985144367047 0.183321066665808 0.114019181534019 -0.0902940024642413
-0.0541841399634837 0.232967237184613 0.106368957823469 -0.135413135772389
0.0598824555645523 0.230195046992932 0.00915922296424732 -0.153200446092158
0.196611241410118 0.151712662404426 -0.106964642271735 -0.110635725082649
0.263671116876826 0.075698092161716 -0.112586860892606 -0.0369020293233525
0.257896462284019 -0.0164631934218368 -0.0590210741280438 0.0596061945460958
0.198176101461046 -0.104382377422197 -0.0336772055157583 0.188658138688986
0.203280942502641 -0.079855681010814 0.163297807680008 -0.191836949114127
0.241876297628715 -0.0128282824557462 0.143861781393231 -0.0446211658952128
0.235363542989744 0.0851509905423764 0.134808421932698 0.077067784914507
0.14760341747918 0.149705636113761 0.0483996667044185 0.126748661556233
0.0308167030978958 0.1948896256373 -0.0586800802274444 0.105072046750917
-0.061373643100683 0.204498431261702 -0.0983130495218664 0.040482899757662
-0.101363677391497 0.173753765396668 -0.068358257220877 -0.00334484901566674
-0.107051893438133 0.169067381594878 0.0186194617325547 0.00274892513597163
-0.0766038734600877 0.194316521862306 0.0744826490400575 -0.0184647406428421
-0.00959514540962628 0.233176993288481 0.0860287129677308 -0.0680968733603203
0.113743033373445 0.207461900479115 0.00966795224241103 -0.122234922972345
0.235188125843399 0.109778672763133 -0.110272636351803 -0.116736155776095
0.284151705056835 0.034999126830257 -0.154341902035602 -0.0434179728575633
0.266147892762249 -0.0480298224980423 -0.133202150145185 0.0714542052863434
0.21002006276156 -0.123717550154568 -0.128125705816178 0.228946195797975
0.211208260628659 -0.0585071111956619 0.0690013132731116 -0.160117300006223
0.248779357071801 0.0198023775103744 0.0673623530185058 -0.030464343816518
0.22759308276609 0.136873709522228 0.0873653444808442 0.0719922416588107
0.120149532699138 0.200396953894746 0.0346548005552713 0.12650621032271
-0.0141226299387786 0.227923162568895 -0.0792693648293301 0.130283467061273
-0.103972320146658 0.214928539954411 -0.138372126995806 0.0956241309387532
-0.125660701360358 0.172678529331777 -0.116513658750011 0.0590549764603282
-0.104849294673432 0.161623273278758 -0.0241613013931921 0.069852031036598
-0.0515746590096663 0.170941577685797 0.0533662207211115 0.0501151109159901
0.0204786602820427 0.187501768410447 0.0937637838288404 -0.013159770880779
0.122371766826234 0.150037297677249 0.0281814682410811 -0.103275580144045
0.210627627002091 0.0632794098562169 -0.100967416503039 -0.126343271249304
0.243211423266923 0.00474267200368622 -0.184313553722163 -0.0422741492517656
0.228614040105154 -0.0595153628212431 -0.1959107567899 0.0931271545353621
0.187304411384451 -0.12095775518746 -0.215054663489211 0.272793364962837
0.181925766747657 -0.0340914578176312 -0.0229306411351973 -0.133204906492212
0.205246442019717 0.0432643579846945 -0.00934916466635429 -0.0373288493667049
0.170410417448132 0.151510560137959 0.0399662712961576 0.0453490430759778
0.0666142628943477 0.195503454081679 0.0163299522251256 0.110555830969677
-0.0508808819765067 0.198907842584386 -0.110408072214481 0.144820719950173
-0.118674876871478 0.177692804148749 -0.194186746816871 0.141308989589593
-0.120754372902611 0.140826012883985 -0.175329709797678 0.118094178279873
-0.0864746102305766 0.128731217736276 -0.0619683931696609 0.130288573633625
-0.0322601509128694 0.12449707348029 0.0477898121311024 0.10293927948198
0.0235546197208464 0.124327674453393 0.110999959557348 0.0216338546497875
0.0917515409118381 0.0947581953702147 0.0505185568936799 -0.0958468590640777
0.149008201632272 0.0383198969463536 -0.0832877018598485 -0.138686413616355
0.170761559672625 -0.00111343611556085 -0.195840338131497 -0.0427004358826935
0.165472791672185 -0.0481128642350131 -0.237543060905534 0.110468095507022
0.143622453453451 -0.0961631291036831 -0.285687640680219 0.309947696883565
0.117028250429922 -0.0125049576948118 -0.0943567631464762 -0.112728202623548
0.123553457279607 0.0412835780459228 -0.0653946372611878 -0.0555944923949415
0.0909039653631682 0.10844112493767 0.011016153014839 0.0120907879884168
0.0256076644393489 0.127742526257295 0.00845543965901981 0.0860863132270898
-0.0448592420267504 0.121331540984358 -0.129825479737992 0.146128841355805
-0.0863976325112904 0.106532658952564 -0.239628462101845 0.169655687538209
-0.0829345719830424 0.0840356081141662 -0.224432949254708 0.163182316197398
-0.0568497564734584 0.0741924517229616 -0.0907112051588624 0.172572169093017
-0.0224341017054893 0.0681117020504724 0.0472530872601711 0.135417019227556
0.0089700332218133 0.0652802492820401 0.125342814613789 0.0417967116667135
0.0471017053072843 0.0544443354158601 0.0670256153169769 -0.0904154365264503
0.0791403007008258 0.0292235172090599 -0.0622820619627583 -0.148212851693901
0.0922705215029236 0.00656820944477933 -0.193689089691647 -0.0502565780939055
0.0939948090082201 -0.0230400468135206 -0.261486093575562 0.112702269230049
0.0865577880738603 -0.0532589087287714 -0.334801584901287 0.327921701539409
-0.0233446191051414 -0.026225661415741 0.323637219383164 -0.295668064039938
-0.0209226708534615 -0.00538038502262587 0.242399873616343 -0.152597241565416
-0.0161983374934654 -0.0175134094996297 0.178796981054288 0.0314157485050776
-0.00984655467632839 -0.018879838877912 0.0418655140038487 0.126154537110073
0.000333304169067221 -0.0202729387601563 -0.0562832656080851 0.0931120134890104
-0.000757786375517724 -0.0141992634772348 -0.109252963871904 -0.0293625878158826
0.0125831155190585 -0.0129653915094649 -0.0574475536173329 -0.124597892478623
0.0246845086703007 -0.0146989409833482 0.0921360206335434 -0.153676707251984
0.0294717424822616 -0.0119181544603149 0.225789470913337 -0.181921332624071
0.0189617523278752 -0.0170908147561033 0.246306084386454 -0.20411829414969
0.0116290370736 -0.0297492331090414 0.115360154680467 -0.180142172148979
-0.00195766160416124 -0.0385299663112238 -0.0451119489145946 -0.0868686018448787
-0.0116155429097493 -0.0425749008047302 -0.0391226228406775 0.00927458355013465
-0.0247014222584392 -0.0140370996509465 0.0655059614634397 0.0806925417975883
-0.0363914717422947 -0.0181927300973355 0.132934746897268 0.128942675337582
0.0401971515840808 -0.0643389538797404 0.319993432499472 -0.289315062913536
0.0466865165236144 -0.0296368470632903 0.242095931759132 -0.136315722905324
0.0524546999167007 -0.018493770800277 0.178093320163108 0.0400090680687227
0.0404218195905423 -0.00456433978292324 0.0374033175874016 0.124360807601391
0.0274824210251062 0.0127485260480452 -0.0613929109374363 0.0866785359843148
0.00849596898877696 0.0349393770570377 -0.103169358002187 -0.0318976327902956
0.000460789336265546 0.0430444299288246 -0.0486728288916211 -0.11972782954444
-0.0162735537776259 0.0524490800240663 0.0934429301790051 -0.146544449137998
-0.0348065315679567 0.0675500851794249 0.207414210952412 -0.181974841705122
-0.0499403909145056 0.0839552151688259 0.214229359237267 -0.21409499923779
-0.0210240340682403 0.08778316339695 0.0810058046267877 -0.191250517851282
0.0377270184715894 0.070367260952473 -0.0669411728042068 -0.0915737889458714
0.0836959601323061 0.0410869855380046 -0.0504725747801381 0.00405844654480645
0.0956694151562204 0.00975622842331183 0.0526221821207139 0.0772484458993531
0.064697357990458 -0.0471233888240616 0.115048590361261 0.139376071894734
0.104525405659352 -0.0899085303349008 0.290063642230112 -0.268331600857339
0.119802271978846 -0.0445688464938122 0.22972854712554 -0.111483195726421
0.124794761650903 -0.00717310289846968 0.176286782358268 0.0492426451345401
0.0907258747445121 0.0244588014121899 0.0421688748487821 0.121649532664972
0.0488226402538435 0.0601622661044826 -0.0590956697366761 0.0820898044681768
0.00705179293783018 0.0923230507966249 -0.0935859274162875 -0.0250575340192842
-0.0224395296735831 0.0979158029363675 -0.0420553447147074 -0.0973208821121115
-0.0546466458127892 0.111714896112477 0.0803893416085296 -0.114259448663971
-0.0764311560435168 0.138185920583084 0.162346409739776 -0.151671140066255
-0.0733280426238727 0.178746038366374 0.154769638076188 -0.194356484173003
0.00185378211018727 0.186852415881255 0.0348587998793532 -0.183085721649232
0.116292096171962 0.140572837750226 -0.0912546649734041 -0.0998702245360249
0.188145593815826 0.0809718464945946 -0.0751798160070875 -0.0156083276931119
0.199344995020353 0.00462606049356875 0.0081459579610887 0.0640568895676049
0.146925615738871 -0.0807642896549455 0.0563885945768231 0.158327667104618
0.16174368287909 -0.0970434146719435 0.235129220384717 -0.234664108605105
0.190239822567944 -0.043375692118145 0.199108657864297 -0.0786901697189343
0.194549503172073 0.024145533506522 0.165231064616247 0.0627929502325707
0.13456928765243 0.0764355123299943 0.0493194896576952 0.121232972011675
0.0563826332656487 0.125675104361387 -0.054182506614027 0.0874218533046495
-0.0135177940659524 0.155181537491128 -0.0885595792807676 -0.000824754278172869
-0.0568828541964416 0.145638870928999 -0.0467704514394135 -0.0570171902245456
-0.0845090775871968 0.152699123987196 0.0547019995419051 -0.0618450402659344
-0.0857536030652164 0.184372566457595 0.111672304812161 -0.0938797351459544
-0.0474020309677015 0.234604613302721 0.104765472168168 -0.139815636758431
0.0681992180164669 0.228308437251837 0.00449541064025306 -0.155015927229116
0.201314725814839 0.143709149549212 -0.109840086437046 -0.106642169079933
0.266902901405782 0.0655447330928105 -0.114819012382037 -0.0323030205857464
0.260405337229375 -0.0257584440260042 -0.0596389819883933 0.0608365599988042
0.196180307359187 -0.112578760226679 -0.0273650161767381 0.190213473658026
0.201618261344452 -0.0872061920171946 0.156842850758432 -0.197088552911257
0.240045193612714 -0.0226474692266358 0.143482412494211 -0.0478142280902077
0.238487645466482 0.0768180088557867 0.135959581643254 0.0728099579661577
0.151417286028799 0.14548237493452 0.0499973244492253 0.126276118960346
0.0364762435196758 0.194111914788418 -0.057474714438003 0.107622221427427
-0.0524005531004157 0.205601627391725 -0.100642764364358 0.0441932684099985
-0.0954810937736832 0.174985063045428 -0.0714555686550471 -0.00142356484752756
-0.100120591903002 0.170816374427021 0.018354110559231 0.00205857816381266
-0.0707508466200203 0.194390156240649 0.073650512316051 -0.0207038070828506
-0.00257795024160455 0.232914080401441 0.0864950944493767 -0.0720617174104632
0.121157346019002 0.202988910975176 0.00528556642658025 -0.123311968648197
0.23867649004471 0.100231747155614 -0.114338101199959 -0.113152770071844
0.285772552099039 0.0235338567773764 -0.156746322392224 -0.0373778753954205
0.26696495335958 -0.057906321024897 -0.133640246843878 0.0754749337706415
0.207321549669262 -0.131355947621169 -0.120492447005195 0.233271400922906
0.210537689014401 -0.0662575595172403 0.0636189681050257 -0.161875919946512
0.248653581761971 0.00939315187602179 0.0677027751052695 -0.0316106919108069
0.232160636995205 0.129081085631957 0.0883575711367414 0.0699847166586331
0.125471533993862 0.197455018495741 0.0362445945340579 0.126304768224796
-0.00737423379678434 0.228322782252993 -0.0779373456018005 0.134090449674856
-0.0948376048720976 0.21724139089772 -0.138498137176453 0.100288409765714
-0.120019641303435 0.174377383052047 -0.117437161131223 0.0621373249370769
-0.0979001528261953 0.163239167892309 -0.0216436350111296 0.0700987092799615
-0.0467115401223304 0.170208722782543 0.0552579376587951 0.0482690261614128
0.0258925831806413 0.185912462711707 0.0957584632102488 -0.017261212340438
0.126801778840312 0.144726704198698 0.0248127554410763 -0.105157636061654
0.211213349439221 0.0544541096230876 -0.105128530738261 -0.123045923072518
0.243686499677728 -0.00471801452344448 -0.185975949538266 -0.0347535246753065
0.228581460488869 -0.0689001795673038 -0.195822582964558 0.100393453239569
0.185339015337257 -0.128625360161276 -0.206005564180912 0.281768475225394
0.181516750312902 -0.0410879763846737 -0.0278338684881481 -0.131759960096328
0.206028884539968 0.035148369460494 -0.00952234852903014 -0.0364144653152502
0.176536363784537 0.145300004420593 0.040529852617897 0.0451907220283402
0.0722854912269131 0.19452790151283 0.0170661759990229 0.111303455659034
-0.0444648461962204 0.201199807024099 -0.108772496054708 0.150337043958511
-0.111535485751195 0.180859772002197 -0.192512610265408 0.148684059741321
-0.116070030463824 0.142206634688446 -0.172727829719991 0.12293241393205
-0.0809216508827839 0.130172166345277 -0.0568372215157252 0.130831570567776
-0.0292657620260652 0.12334961235317 0.0520847675774358 0.100275341006717
0.02629925241243 0.122559351736851 0.114359700081678 0.0165869360108224
0.0947504081748223 0.090583799431138 0.0467490253260713 -0.0973354036629769
0.148742822695214 0.0324178771482064 -0.08879025112507 -0.135838462710457
0.170315329541328 -0.00755310139898627 -0.197319446864809 -0.034993813836984
0.165240749250964 -0.0547154500112773 -0.236069595632942 0.118178442061451
0.141159765265038 -0.101335218952836 -0.274100588920074 0.321397019238778
0.117476820049279 -0.0170514138422405 -0.0986807473791671 -0.109721050463107
0.125006588083701 0.0361398405359351 -0.0669644605191388 -0.0534097908610375
0.095402831719985 0.105936797890136 0.0104429347854364 0.0134121572969532
0.0290447959297991 0.12815807020345 0.00875733468527332 0.0869757890815061
-0.0412177381009857 0.123136422827779 -0.128182906414161 0.151508122699721
-0.0817747465545855 0.108734230921578 -0.236984263852314 0.178107771129068
-0.080277543428198 0.0855714114900163 -0.220155060264953 0.169334698690983
-0.053701587210552 0.0749475089701845 -0.0841392553764884 0.174616713227376
-0.0210887677361174 0.0679534893191392 0.0530322088868187 0.13207532095398
0.0100696631201128 0.0643128002941979 0.12913211867045 0.0360551490376187
0.0488100494461437 0.0522060930302702 0.0646215068617056 -0.092373489976065
0.0795616497238346 0.0262158346015818 -0.0674673485652965 -0.146906508702193
0.0919301075565233 0.00311999295639135 -0.195303030406709 -0.043624436133343
0.0937838674433408 -0.0272300708031188 -0.259349864546851 0.121136632207009
0.0854173344972039 -0.0567965465245016 -0.321005298871864 0.342603873381735
-0.0259282409688414 -0.0253023893016108 0.303997925627252 -0.313159805365842
-0.0207620461516897 -0.00460348428096195 0.229405624617384 -0.16496029402772
-0.0164970860476071 -0.0164666145086834 0.176885512223586 0.0222737981223133
-0.0106571166679537 -0.0188886364284873 0.0484963427868552 0.125478547017917
-0.000412759003563815 -0.0208736265858103 -0.0500968252598718 0.0949636920485338
-0.00060103129993341 -0.0128134179490722 -0.111833122332613 -0.0216757030992234
0.0121443516138193 -0.0134065569878976 -0.0663624379678614 -0.117513278102628
0.0234511979300602 -0.0166115650338464 0.0817434642393829 -0.155132261191865
0.0289553506817037 -0.0145340867949912 0.212527312221394 -0.192507329267554
0.0190358979544786 -0.0186853136850793 0.233402014244115 -0.215857527083911
0.0101305077359348 -0.0298530492745843 0.106846744630214 -0.185496014481322
-0.00459976956455479 -0.0381605957522173 -0.0474324271534443 -0.0827949909908753
-0.0138153387516909 -0.042111067533627 -0.0371283222694895 0.0114832873970724
-0.0247266091429146 -0.0122914155694313 0.0692771016774556 0.0755184344160289
-0.0377750421298521 -0.016088796729507 0.13878805039734 0.119766618584029
0.0350347343736625 -0.0664859265576825 0.297735072915372 -0.306476310982915
0.044525967665758 -0.032694830402371 0.230998453520159 -0.148405258705531
0.0506816197364329 -0.0219041766975554 0.176750092281336 0.0301232074773542
0.0397423844259506 -0.00718998457093351 0.0436054711571379 0.123424684670534
0.0279713621246638 0.0100793464075666 -0.055514447614239 0.0886722504060504
0.0111502475497658 0.034588991876096 -0.106081298877043 -0.0247772012061682
0.00327507727331115 0.0426034221552267 -0.0579725017605716 -0.112947770154768
-0.0126281479508515 0.0518725121084109 0.0831641209488704 -0.147817330939893
-0.0300189827785543 0.0674734434829758 0.194582602771561 -0.192165668446784
-0.0427286021572679 0.0859234832348688 0.201233078355639 -0.224961275515704
-0.0154433000654559 0.087994173487574 0.0712732057611034 -0.194255647515158
0.0412092479945018 0.0668259711803884 -0.0693960974963782 -0.0860311679467224
0.0852994820399991 0.0346635154642748 -0.0492884896280251 0.0072619390658498
0.0966883937445683 0.00336707985640099 0.055174393436414 0.0727135471167532
0.0611124122551147 -0.0512229102224851 0.121286586928577 0.131085682061622
0.0981475012868493 -0.0957617798982736 0.271341006554787 -0.283716534672656
0.115249346928067 -0.0518827447983033 0.22077815672999 -0.122742185440119
0.123088079431957 -0.0154959727562537 0.175472998493217 0.0402217937122658
0.0901670412835646 0.0183547989058732 0.0470702308609137 0.119602117325254
0.0514773707398482 0.055624473535577 -0.0541770624301629 0.084638319530821
0.013148723935459 0.0902664859906314 -0.0964843204952253 -0.018401965637015
-0.016237805926924 0.0972157189539771 -0.0500469941085265 -0.092103009466552
-0.0465796537809352 0.111850915352359 0.0720764840910093 -0.116022203113548
-0.0671474095265642 0.139507425239883 0.151712743357161 -0.158577790521552
-0.0609612367403785 0.180991592232505 0.144144818839698 -0.201913838506303
0.0138106820752341 0.184589672704252 0.0252299108628562 -0.183981438570071
0.122853830779964 0.130847862277418 -0.0941061798139112 -0.0928835415590245
0.191357150945872 0.0675620258376898 -0.0758168695005774 -0.0105690871314807
0.199045886940633 -0.00818594261913443 0.0104666226357117 0.0621984634660631
0.141624784349198 -0.0897157611823979 0.0646035867922757 0.153072516628527
0.154826171057775 -0.105984115392423 0.218738207631495 -0.245996442200803
0.184793362890668 -0.055133192817534 0.19263095838306 -0.0883012343726528
0.193893296987559 0.0117248118800732 0.164871292723267 0.0537899886044789
0.136248660641088 0.0679737731359837 0.0536456933284728 0.119074593452896
0.0624561621692244 0.120746173478089 -0.0501014060245285 0.0893127311014921
-0.00304626389717148 0.152544836413593 -0.0903735754313952 0.0053865872986439
-0.0481053179639454 0.146024972978483 -0.0521031470741631 -0.0528772151977693
-0.0737762689352857 0.153839903735337 0.0493643453036977 -0.0634446671357017
-0.0742726696297746 0.185520998408724 0.105413421308538 -0.098197032679512
-0.0325491580573236 0.234355813074321 0.0978412900794139 -0.145465239319511
0.0811498813479465 0.221194516601129 -0.00394918334452368 -0.15365066135058
0.206279041002789 0.128670075575749 -0.113100540548982 -0.0984114993478618
0.268543749020012 0.0465639337544913 -0.115909690543977 -0.024546624685068
0.258176401951337 -0.0425420341553413 -0.0579982121086828 0.0635585886816394
0.188456885909177 -0.12410098419225 -0.0163181155407172 0.189804358896777
0.195101590683159 -0.0991450918156636 0.143284115905007 -0.203072100154948
0.234887253461383 -0.0373182748405672 0.139610041152213 -0.0550865552601445
0.24111088774763 0.0612116066920167 0.136795138531198 0.0659692851934379
0.156999244622374 0.135819671432697 0.0540895822099112 0.123503396770292
0.0468503245151643 0.189695068795263 -0.0526377261104325 0.110064654162139
-0.0392271387524741 0.204157098558961 -0.100327393977723 0.0509161917118433
-0.0845449831297745 0.176553521515664 -0.0735158375154195 0.00271763980731752
-0.0882009311937986 0.172426921570788 0.0173435084622716 0.00124767310719318
-0.0598721184182951 0.194304365620981 0.0717065154662075 -0.0249120089154505
0.0109611644172957 0.230054998529239 0.0837522843818728 -0.0776775564757435
0.131666360243082 0.192011494210898 -0.00184282581148303 -0.122306873210474
0.240117495386907 0.0833634908395596 -0.118943758781729 -0.104627252661582
0.284113236827493 0.00480540950757066 -0.157777106338441 -0.0266762234563765
0.262597752677507 -0.0753317383639134 -0.131185863551802 0.0832993394935351
0.197293694911594 -0.143357104902565 -0.104673160870016 0.238870684744594
0.205353022823313 -0.0797593182624457 0.0530732362048068 -0.163139059372088
0.245315387835707 -0.00559000504457684 0.0651174490485514 -0.0351996118401656
0.238385584222911 0.113437560293876 0.089676899002494 0.0655354292234802
0.135126795125569 0.189875664242432 0.0412682386248715 0.124411138115631
0.00562581874816726 0.226185544441847 -0.0715801595167241 0.137845355642783
-0.0801173134723109 0.217677551670952 -0.134454862434954 0.108736680912458
-0.108268273310412 0.177198310727089 -0.114892346819573 0.0681217907105452
-0.0866714170613919 0.164546652691194 -0.0178035587304889 0.0698212452886945
-0.0374743984943306 0.168700726398267 0.0580759510922032 0.0436249679062946
0.0354874877917643 0.181376398027761 0.0955717224876938 -0.0235322403984815
0.133849496695128 0.133860933847127 0.0186401254166465 -0.105001590684914
0.211012456270231 0.040192161638056 -0.111355837177946 -0.115703356763297
0.239734516647407 -0.021242088932977 -0.185969755184867 -0.0226253541836671
0.223553556612294 -0.0830092939431403 -0.18943242699535 0.111344474824959
0.176185242365102 -0.138997929994579 -0.186076024878732 0.291397106289826
0.177613212930484 -0.0524705426540217 -0.0356325378254558 -0.128598438073574
0.204952081024257 0.0218794402879149 -0.0117577708254668 -0.0357003387745145
0.182949066799078 0.13288612736688 0.041128252110845 0.0445099981078166
0.0823744585195179 0.188730699465136 0.021296420251389 0.109949205872527
-0.0331597564102038 0.201701678639004 -0.101322949305675 0.155910465218741
-0.0989982322275043 0.182843297718249 -0.184762313655693 0.159257710159198
-0.106528772208025 0.145809535569535 -0.165875778421298 0.130476336735952
-0.0715995494466236 0.131049846752383 -0.0484588986655306 0.131360737382067
-0.0225169384355199 0.122165454090872 0.057872199858843 0.095074494959427
0.0320750427845528 0.118586122562361 0.115605195717579 0.00887654887386781
0.0984643007528203 0.0822823156545705 0.0407453076370354 -0.0989003902866479
0.148299710837689 0.0227048381515606 -0.0952711285383564 -0.129780360145247
0.167065790707146 -0.0188783429501782 -0.197455820151 -0.0220873147764441
0.161126882859293 -0.0654180372846885 -0.227787273318484 0.13150166998944
0.134486827201265 -0.109944613946081 -0.249734450141768 0.33557088884919
0.115718132145933 -0.0251125262231363 -0.104316894057517 -0.102380313099749
0.125868847066862 0.028144172208968 -0.0691560498229853 -0.0490779548964361
0.10105872310666 0.0993258501392978 0.0100247191115223 0.0142246820829078
0.0361133487842571 0.126219719238334 0.0114156418640002 0.0867157624080001
-0.0335826710193363 0.124312221062416 -0.12038616049413 0.158349455156688
-0.0745692569753466 0.111336453696483 -0.225960940035434 0.190383420538528
-0.0744439789664262 0.0875400860308974 -0.208598781295287 0.179153381421007
-0.0480787997899465 0.0755899758505686 -0.0724123813056188 0.175091584749456
-0.0175173531969737 0.0675666224692186 0.0605705980577823 0.125155170577684
0.0127591351117475 0.0626793632105949 0.131249036229459 0.0270192493096823
0.0509075949152808 0.0475210139649079 0.0592566307404943 -0.0940393090630152
0.079565810862567 0.0209733497900301 -0.075612987926177 -0.141746324701274
0.0903803090543103 -0.00257885035638351 -0.195503049135722 -0.0314112797708062
0.0911104052613356 -0.0330616555149834 -0.249748626281655 0.135273969281878
0.0809175148458285 -0.0616101821616272 -0.295147578988266 0.360709930314719
-0.0299389812601795 -0.0235900993684241 0.244549933855632 -0.339762586065152
-0.0191301376241306 -0.00371543305158531 0.192279305014775 -0.188615080967252
-0.0169022821599868 -0.0144345402427836 0.170294203756343 -0.00152532343939889
-0.0124977245922029 -0.0166821563830561 0.0662791969860752 0.115034763152706
-0.00342446162913133 -0.020515499528016 -0.0334843064058533 0.0979591439385246
-0.00124666769060189 -0.0110524593345711 -0.110528009233867 -0.00310387080142486
0.00934292212977927 -0.0139919560803219 -0.0817497968355162 -0.0995787807493624
0.0196938087929833 -0.019668098175563 0.0554061479510901 -0.154712793265827
0.0247583086932251 -0.0184808218808049 0.174427337017379 -0.210144619522322
0.0147757102925751 -0.0200608774066269 0.190306524726064 -0.237778317424872
0.00437649733829141 -0.0281228314455791 0.0780464457834692 -0.190612786489861
-0.0102839518917921 -0.0340880007625972 -0.0548571345317663 -0.0720330008567894
-0.019489478571461 -0.0377773957769417 -0.0344126884747476 0.0148609623969883
-0.02356308797706 -0.00940171519401338 0.0744533660088502 0.0606329245547034
-0.0360805143798556 -0.0107494526091582 0.147117296200253 0.0941623117019542
0.022571293823366 -0.0733459134803427 0.236930498690563 -0.326747295953335
0.0385124166019274 -0.0384990085071308 0.194048261362846 -0.171993155035611
0.0456543603429742 -0.0291909214844119 0.167749117781335 0.00553352511343663
0.0356930085070145 -0.0123957480781091 0.0594593146640666 0.112055803607174
0.0268859694778766 0.0053685397525061 -0.0402995877925003 0.0916465044958258
0.015737916821506 0.0309689049991268 -0.104824314945978 -0.00814568769449562
0.00788023807790127 0.0388132553140279 -0.0713867750575896 -0.0966802562633624
-0.004730360215322 0.0487376968999755 0.0575647483727128 -0.147589146679333
-0.0196151542866885 0.065908396643786 0.158245090728247 -0.20472785627833
-0.0284094915561809 0.0859022205363603 0.159843954246463 -0.239084023715699
-0.00281427853399659 0.0857068358340892 0.0461438710424394 -0.192933590030333
0.0462401437889181 0.0571476205300651 -0.0735448332571242 -0.0717319429722645
0.0850852005108537 0.0185402133963776 -0.0424700383407296 0.0121070927725
0.091453369037972 -0.0123273730654486 0.0655006277625086 0.058015703932169
0.0501912343298431 -0.0584693096693629 0.135355723588945 0.105813814654837
0.0795513309260149 -0.111088952398942 0.211846712321507 -0.296847432269208
0.101968282249402 -0.0661194498484987 0.186589979694656 -0.144744330977801
0.114663932450323 -0.0335753699297233 0.165024732866271 0.0140995074939233
0.0869226636721931 0.00596253994984665 0.0604484129800215 0.105585454068092
0.0547696061409966 0.0448579577723201 -0.0402800327003926 0.0848791389957352
0.0245248695808675 0.0823586561918839 -0.0940263302181729 -0.00502175753700716
-0.0034524838289305 0.0922131124283031 -0.0598100381579628 -0.0773846080842141
-0.0283116852506543 0.10916904889845 0.0509961053148336 -0.115449281135933
-0.0445682074614829 0.138936444618265 0.122422930952178 -0.166657530033488
-0.0320611874909645 0.176771548962045 0.110902226181033 -0.207849416056462
0.0380342449586222 0.17143827854353 0.00506820144991931 -0.17705630432954
0.130535311110139 0.106501391656845 -0.0949958811927071 -0.0768017881592588
0.188763156931955 0.0329228419021197 -0.0670061624065443 -0.002930508679174
0.184352501353188 -0.03719418579342 0.024390580470783 0.0518983564185162
0.118524897101752 -0.10619609869039 0.0870056451584544 0.133535945068317
0.133474268274966 -0.130411171468307 0.161639982205789 -0.251938862034675
0.167179635862349 -0.0776934116846292 0.162691769370345 -0.108541160138634
0.18482631469654 -0.0175720768104186 0.15463538513384 0.0272605385622827
0.135449270116274 0.0474784005250166 0.0658081554532788 0.101406346801714
0.0729910077519825 0.104661808291402 -0.0355970283939138 0.0868663682897299
0.0174420535090252 0.142575104577711 -0.0826093905676271 0.0156950762989653
-0.0273474046863279 0.141531117722837 -0.0554828168231353 -0.0387479075251963
-0.0480225022046747 0.152158131809801 0.0373631283729176 -0.0639045115408887
-0.0459434218466935 0.182641233467534 0.0877237532038126 -0.103035123760171
0.00215419326154586 0.222830706513701 0.0767007505290561 -0.147944319880176
0.106703909259465 0.195769017999463 -0.017238170899998 -0.145862176700168
0.208941152554229 0.0928272361306173 -0.113075518438406 -0.0814172298091939
0.257815813972331 0.00202439334536592 -0.106193637300947 -0.0129483572925064
0.234071436495872 -0.0767624491065805 -0.0385525387512704 0.0603738333762249
0.157261971273849 -0.143707958201696 0.0168764540490153 0.179560918361611
0.174175616249163 -0.128886307172936 0.0916860951937514 -0.20002162236345
0.217641352000308 -0.0671157508275447 0.115776745770601 -0.0693046234689352
0.236588298551953 0.0229096308503621 0.127358655534615 0.0409104947076373
0.164377684887508 0.109232114146452 0.0672756321992955 0.102726442874897
0.0675585934501724 0.171605542597314 -0.0339386296940944 0.105005881909475
-0.0103176182737783 0.195287699731009 -0.083865742957744 0.060355272082591
-0.0574067325274773 0.174209014196938 -0.0674077264757685 0.017920251942631
-0.0592675776649875 0.171585272607491 0.0164162113546989 0.00106352138870558
-0.0301430339400768 0.188745412144072 0.0666899925740769 -0.0298707305225008
0.0409565989104147 0.211897354271476 0.0731492446691507 -0.0825812070612539
0.149192746235314 0.16081183910545 -0.0120107390602533 -0.117811810852779
0.233404172047079 0.0461445362425658 -0.120729783375606 -0.0880848145519578
0.265467138229848 -0.038993818155435 -0.1470094034182 -0.009662743398451
0.234165747218365 -0.106856900338883 -0.104759200873834 0.0875354879666759
0.164023548379995 -0.161844633452324 -0.0595455829177812 0.238567952551729
0.186433028993432 -0.111756230729548 0.0101387732032617 -0.150086675760939
0.230677136361351 -0.037681891107244 0.0483046618988443 -0.0417281703429986
0.241232348177773 0.072926295086963 0.0836857432143776 0.0450085980158708
0.150222839526259 0.16284059753566 0.0559132007777644 0.103591783812547
0.0329065518410777 0.212310111828568 -0.0455283434373423 0.134463734948695
-0.0475225067053678 0.214044457386293 -0.106687157611334 0.121147526146036
-0.0795218619963183 0.178687950133566 -0.0981657436256646 0.0859961162034168
-0.0590171389364191 0.163947358411961 -0.00658657219025268 0.068892769918652
-0.0138890880599399 0.162137481445616 0.0625573643025919 0.0359279967884936
0.0560840404446021 0.162852966106581 0.0918567165833682 -0.0348803094468348
0.142087751013819 0.105252836995598 0.00780061161735018 -0.103998594032196
0.200142022942185 0.0103425394287952 -0.116969763238783 -0.099876750366513
0.220657659120658 -0.0559553011364262 -0.174826867556167 -0.000689717717143471
0.197154199319314 -0.108307635241385 -0.157467165508167 0.12376149634096
0.144879850996296 -0.153251631081252 -0.128151273579213 0.300463413057474
0.163367647454473 -0.0808864382748016 -0.0671316725398571 -0.108328473163007
0.196561350465923 -0.00662928557127791 -0.0236561831385432 -0.031924402843227
0.192139593921616 0.100084071433274 0.037909740588056 0.0312744123550291
0.100785967229117 0.169191895087458 0.0370563663109647 0.0939399434044574
-0.00670606171720568 0.193950771373211 -0.0704644439739204 0.156969578507569
-0.070503373889193 0.184118327256623 -0.148176053432977 0.176450719612429
-0.0820452989230344 0.149950538908988 -0.138392072948634 0.151392057687172
-0.0495283793774662 0.130814274665684 -0.026846421409514 0.129586758930146
-0.00558919073093026 0.116309049241014 0.0690196082681452 0.0818530346751085
0.0451870778813033 0.104823030313187 0.114194594700093 -0.00811525045113707
0.101216911542436 0.0623255456288512 0.0283943896822491 -0.100365767312517
0.139363844081116 0.00247670105170345 -0.105803043174029 -0.11365964087077
0.152935386395094 -0.0413911106678555 -0.186363835470742 0.00228961881062713
0.142159549874656 -0.0816845692094667 -0.192026524128306 0.15026363576472
0.111292612300497 -0.118797416320893 -0.184120426044209 0.353073481900898
0.106881510557684 -0.0431207017781873 -0.123453349154093 -0.0773990396772261
0.122115417186081 0.00973050345209858 -0.0776223291426042 -0.0366752312715842
0.109827149643046 0.079994193812823 0.0073297354527191 0.00923302638141187
0.0498367277297597 0.115158953379853 0.0241089332390257 0.0763374865227953
-0.0165739472172957 0.121134095048865 -0.0892303500133205 0.165051050118735
-0.0556565772472451 0.114428980153331 -0.185328491285253 0.212779905675503
-0.0592505271185172 0.0916788102333955 -0.173624374196829 0.201602244381298
-0.0345725949708186 0.0761332399500299 -0.0436941240403501 0.173271780993137
-0.0075941903103307 0.0648518631986277 0.0749702035001962 0.108713020431874
0.0192610859142029 0.056192113730516 0.129959951624158 0.00572349253749122
0.0524402031254892 0.0365332832093275 0.0454161375438918 -0.0975553705376067
0.0758347890360457 0.010268144941267 -0.0902076025457802 -0.126550923190593
0.0842973368610027 -0.0140895247961761 -0.187057449550518 -0.00436099133895895
0.0820792882827781 -0.0415137005596312 -0.21358829249561 0.1598599536421
0.0698717355782142 -0.0663309058808541 -0.223906877319221 0.384551072421955
-0.0295791220756007 -0.0221900076171387 0.229713978784507 -0.320621517680452
-0.0181328108100086 -0.0042797025505015 0.179461607087561 -0.177027722817071
-0.0161791271406431 -0.0144448058828795 0.158846927837392 -0.000493655686995367
-0.0118713276224875 -0.0162747637638388 0.0631075454635448 0.11032506979356
-0.00347537849493919 -0.0199543614186117 -0.0317476377450383 0.0918340072702722
-4.71713216983758E-06 -0.0105283655465855 -0.104292881715306 -0.00140481908998197
0.00947257265946698 -0.0129083853824362 -0.0776767052522623 -0.0897875675148773
0.0185066351861697 -0.0192973330998023 0.0527917725665161 -0.142857074936418
0.0234682647379194 -0.0180161463728532 0.16430275598959 -0.196898676513079
0.0141864217265786 -0.0195848305451179 0.180553149945509 -0.224116137322676
0.00410905143779387 -0.0267163846174648 0.0762814690590945 -0.180552266574867
-0.010095552498924 -0.0320104666122484 -0.0495136577877595 -0.0671165279895515
-0.0188349917184823 -0.0361838152551726 -0.0313709609118744 0.0143776006814713
-0.0216805361760181 -0.00909290682047987 0.07006436581694 0.0571931782016534
-0.0345982033712294 -0.00986583039013907 0.138713464391906 0.0900142524873924
0.0200512469451194 -0.0690809497385378 0.223825035486523 -0.309774179017599
0.0360335568131355 -0.0370543395458479 0.181261307983413 -0.16118950015417
0.0425296064543004 -0.0285636859137144 0.15715621648106 0.00681432412170832
0.0331474924404334 -0.0122542715966154 0.0563989134610177 0.107431536123169
0.0246791079787963 0.00388287252611027 -0.0386506067580261 0.085630459239768
0.0157650944124591 0.028747771895891 -0.0991987560102877 -0.00643737752320739
0.00761811352559912 0.0363271847169305 -0.0681814676986328 -0.0876513548659736
-0.00467712969587762 0.0446890618168327 0.0546496667640167 -0.136516915505642
-0.0187218696011163 0.0608670378651157 0.149273783398143 -0.191444606697454
-0.0263002563191652 0.0801841974108253 0.151496183236852 -0.225188647164655
-0.00246226799338689 0.0803071231935727 0.0450913660745743 -0.182463036199794
0.0431395124646809 0.0539772746088926 -0.0665276360047296 -0.0671319671641985
0.0795364430595514 0.0165621947249503 -0.0392341832654229 0.0120745778538082
0.0863057817169924 -0.0127090579650066 0.0609460291628909 0.0544346785119497
0.0469827128649722 -0.0557360514298916 0.127226390935801 0.10032661009303
0.0731537128495106 -0.105033191754347 0.198519207587112 -0.27971040103881
0.095659646288072 -0.0629375925831605 0.174713518591482 -0.13516326010164
0.107164294934463 -0.0330183564816771 0.154222395155852 0.0145551834022488
0.0804598974750669 0.0053526750748485 0.0563359523589015 0.101626269969191
0.0509893562237663 0.0414256210478178 -0.038915556721494 0.0800576413587546
0.0236320042477971 0.0762771320542865 -0.0891051105165803 -0.00328892607462287
-0.00330642059362833 0.0862737321403132 -0.0575452320001335 -0.0696844461917782
-0.0273196522368698 0.101003817549771 0.0483923737187353 -0.106401801383092
-0.0431261992721603 0.129408572035807 0.116248619872554 -0.155516643262114
-0.0298659458678053 0.166010458887787 0.105329845924022 -0.196594720873294
0.0352946656124148 0.161158150465761 0.00641793542153539 -0.166623801824298
0.122207762242832 0.0992792232658223 -0.0875625047591086 -0.071722047200872
0.176742231835693 0.0295313500464429 -0.0624783872057697 -0.00228089202197693
0.174514622471952 -0.0371610662618522 0.0216989950157432 0.0493764753272341
0.111457202286054 -0.100560996277429 0.082050223114574 0.126874583645204
0.124923218629051 -0.123671703245882 0.152477997921004 -0.23694162552801
0.157022204588452 -0.0738418643807188 0.152194161451189 -0.100924499387268
0.173553317905234 -0.0184262992200827 0.144414042861688 0.027643394315885
0.126918690838165 0.0447936689640138 0.0609739316272441 0.0971536410010586
0.068193707178574 0.09806039745518 -0.0352879060269725 0.0827821688982872
0.0163644483334893 0.132251011035228 -0.0792331388469641 0.0168193510033642
-0.0260262557916361 0.132079384637555 -0.0538022735565313 -0.0341197653373341
-0.0461708528200059 0.141039733226505 0.035118341729277 -0.0587688892305296
-0.0438747521325387 0.170175266121686 0.0831755685525759 -0.0964316818675773
0.00151625487599617 0.208987246523347 0.0736785586402501 -0.140075364449646
0.0994041509541558 0.183250729435229 -0.0150356278399764 -0.137031863561392
0.194667457173559 0.0867512956978471 -0.104719656388845 -0.0768829494387263
0.241469893260895 0.000433024185037096 -0.099507882219535 -0.0112313001936428
0.220962356175732 -0.0746334079678418 -0.0377059873233091 0.0575357696583543
0.147665530135117 -0.136920318590849 0.016173168989539 0.169583769448337
0.162863075073274 -0.12368161124781 0.0868329446983496 -0.187872619378827
0.204156277142287 -0.0636803264027431 0.108433312828746 -0.0641600879730364
0.221695795339531 0.0200662237493665 0.119512410942964 0.0405481222919891
0.153804474924481 0.103498947976351 0.0619040528015864 0.0978394685884775
0.0627212900794869 0.161505429043653 -0.033970324663649 0.0999040719742759
-0.0096676650614147 0.181786757864152 -0.0805448552984487 0.0584749843188463
-0.05438823872753 0.16308187601433 -0.0655076470351774 0.0186886408522907
-0.0563379892922824 0.158630262128689 0.0148077938889543 0.00133752842088939
-0.03087969014046 0.175526704875688 0.0634635365756764 -0.0274630566223586
0.0381629703841864 0.199613988624812 0.0703757915670323 -0.0790105527057965
0.139943677310259 0.149997659540293 -0.0104630252651689 -0.110300733918479
0.218045092201436 0.0425289732048132 -0.112139107316635 -0.0832120041476635
0.249075697919684 -0.0386133493703502 -0.137547206777391 -0.00807001690344268
0.221174860940377 -0.102870504141908 -0.100093161887993 0.0835648214959014
0.154488421065991 -0.154151516976058 -0.0552771335510028 0.224959064233315
0.174740578283315 -0.106531033532858 0.0096136057877009 -0.140455847912492
0.217147637144259 -0.0362152380745364 0.0440680763210686 -0.0377201293916395
0.226639851984536 0.0678688024519913 0.0785719864313337 0.0449254529512184
0.14109783353843 0.154065570498452 0.050622576081229 0.0983142903506325
0.0297948394334958 0.19987404358283 -0.0455614316265533 0.128512063076647
-0.045219636831236 0.199382140433614 -0.102866583330411 0.115801779742045
-0.0764218614596746 0.166206843907326 -0.0939695471573323 0.0813927479042886
-0.055572624792271 0.151574734295832 -0.00681838608367861 0.0647539184708599
-0.0149469552522985 0.150805300710732 0.0591623104429312 0.0337503457347122
0.0521601037519686 0.152381196260449 0.0876534615801227 -0.0337588108403586
0.132489930918201 0.0973135287191802 0.00869113191406088 -0.0973579094386816
0.187158933108306 0.00902995371462474 -0.109519990048464 -0.0941734186078103
0.206647965534207 -0.0532144387996823 -0.162824236284534 0.000329240339616507
0.185521658153705 -0.103672108388897 -0.149086659798564 0.117214264708818
0.136056244663391 -0.145844069366234 -0.119462761428957 0.283439098097019
0.15273249854911 -0.0775745093977645 -0.0634801639284279 -0.101176153262638
0.185524357870207 -0.00670486022032015 -0.0233783771808917 -0.0294249685717266
0.18116155813272 0.0930990445459641 0.0351997838247648 0.0316999467887691
0.0944316265149044 0.160065653283951 0.0332561855327433 0.0894077253018831
-0.00701583357519556 0.182572667423745 -0.0687777878568615 0.149540371538328
-0.0671710580551265 0.171556300001714 -0.140530599873686 0.167618727283291
-0.0783931557449876 0.139274484145299 -0.132029530139969 0.142209748953645
-0.0467215987742302 0.120478339050611 -0.0258917613866213 0.120690586739015
-0.00716687386101896 0.108028658076828 0.0647581168146226 0.076625449412093
0.0408313655283241 0.0985097670177221 0.108578721857979 -0.00894741765859884
0.0936114644345675 0.0568671397766469 0.0278645625272251 -0.09388720164876
0.129949445316515 0.00139511095587942 -0.0993402912834401 -0.107686117655759
0.142744967696999 -0.0390089416131135 -0.173624895804619 0.00300204254052646
0.133779639930963 -0.0789217576466824 -0.181188556755871 0.142227854860057
0.104076965557943 -0.113053568518988 -0.171636160213165 0.332610799999727
0.100375869547869 -0.0416716551502771 -0.116924280910214 -0.0723539893731685
0.115018857204803 0.00859197854100627 -0.0745456229963765 -0.0337009912936705
0.103584649573274 0.0749625784404664 0.00676906171546749 0.0105900045310596
0.0469453742124506 0.108646013195352 0.0209416486296598 0.0724946463663775
-0.016629089726387 0.114031498065704 -0.0866895936969182 0.156080770324378
-0.0532781400041663 0.106629762786916 -0.175881386805987 0.201420070234703
-0.056610967308386 0.0854633460307535 -0.164430456530423 0.188414067729057
-0.0331312551313658 0.0700509829274272 -0.0413831984187388 0.161144391658359
-0.00822461231618133 0.0602998860943763 0.0703071184837233 0.101069063374539
0.0173180296125609 0.0522221726045923 0.123215517347513 0.00432790235932785
0.0483482444548368 0.0335772457517808 0.0438538185140646 -0.091354728086302
0.0711159814350313 0.00949839533260068 -0.0844327107700826 -0.119943963921795
0.0783851592634183 -0.0125305124229179 -0.174266733372516 -0.00390474784975585
0.0771598499258905 -0.0398416563695486 -0.201633188725272 0.150140041314772
0.0658840876736665 -0.0633699898146394 -0.207738015077588 0.363541848124653
-0.0296443867477106 -0.0218349710763152 0.237209713965522 -0.307232815864704
-0.0171103595226611 -0.00534566825861051 0.181295415391865 -0.164904398071027
-0.0151130372203339 -0.015082777993124 0.155362139664995 0.00774659007980314
-0.0112970943217438 -0.0170126043576539 0.0576290911902379 0.112805991442968
-0.00292919990515213 -0.0202772891012074 -0.0355692605758405 0.0875199057877673
0.00126797510294253 -0.0103431943353551 -0.102923898749564 -0.00484764065222545
0.0105750896926274 -0.012254251641945 -0.0717614144761723 -0.0875417513252941
0.0184279928035445 -0.018502498810815 0.0589758159831072 -0.135963418401136
0.0230885644425993 -0.0174776959641035 0.170263631705882 -0.184466227346767
0.0153519879212476 -0.0190365475419946 0.188292482189464 -0.211535536918743
0.00530837171652792 -0.0258682286122499 0.0858984850557203 -0.173938906184444
-0.00885101534033028 -0.0319585023943717 -0.0427911040239845 -0.0677411085669859
-0.0175880872590726 -0.0371727964747006 -0.0297841554463913 0.0125411590883154
-0.0201973141630059 -0.0105498126323623 0.0651261553850194 0.059074277925407
-0.0341367649246745 -0.0108937082253842 0.132493769013447 0.0952661925038135
0.021028303857384 -0.0666480702699369 0.231572337719668 -0.295826373809806
0.0366072531691912 -0.0354720761952336 0.183411815581718 -0.148671284810332
0.0419521404035692 -0.0269876548792793 0.152110242805726 0.0151309233034391
0.0323072776763301 -0.0109861350705918 0.0504005934439474 0.109488393032707
0.0231310059902003 0.00432987354223684 -0.041894990162324 0.0814849246675326
0.0142695294676388 0.0279685972263322 -0.0976552453039062 -0.00932184000813928
0.00606393858557902 0.0354888017061618 -0.0634669721910436 -0.0849760929581927
-0.0068065038226994 0.0424590692594648 0.059918101328538 -0.129053706269395
-0.021476160321623 0.0573716298224286 0.154853522972906 -0.179849104593327
-0.0286789466317006 0.0762076909936065 0.15973439219792 -0.214097972665194
-0.00621775676516313 0.07824878721835 0.0539304203939928 -0.176671097344762
0.0391789823579486 0.0542533723076269 -0.0599587283677749 -0.0681892537452014
0.0764430424358889 0.0186062651063657 -0.0376092857766167 0.0099296613511861
0.0857972402306741 -0.0100348048624426 0.0564554593842734 0.0565982909104887
0.0473952097434496 -0.0530023223387889 0.120565668347426 0.104726242089991
0.07487063535568 -0.0998726482072606 0.206489928345751 -0.266875579541928
0.0957972913884391 -0.0586919201560278 0.176455194582692 -0.123449520176644
0.104817186221688 -0.0290794213045569 0.148782893493426 0.0226572631745101
0.0776109473604346 0.00835132565226188 0.0501121448865372 0.103724805833465
0.0468498717441549 0.0417391952947928 -0.0427485593372478 0.0767830753124473
0.0198039384732099 0.0737919428904911 -0.0882835765536631 -0.00562881097098337
-0.00703503473893712 0.083621517249818 -0.0542933513191568 -0.0677092390799127
-0.0312349402764741 0.0959329764559027 0.0525478313111807 -0.100275812140315
-0.04840018519978 0.12279248238749 0.120675195289517 -0.146307958855927
-0.0363020895400166 0.160171737449231 0.113282549031245 -0.187813271759266
0.0271554504819703 0.158099301227021 0.0150513649131569 -0.162625499947231
0.114782659252575 0.102283355292502 -0.0798578195612282 -0.0739491865764398
0.171148386320782 0.0355814769215429 -0.059980336227584 -0.00419820553113571
0.172624948652216 -0.0304333814858961 0.0178338412356873 0.0499100221171213
0.113126445411449 -0.0954800067484247 0.0747619855919663 0.128260687152599
0.126572029868675 -0.116309456293032 0.160129600663605 -0.225022416454564
0.156140019042637 -0.066876700758396 0.153403219916971 -0.0904886524005408
0.169046150933974 -0.0120231540210119 0.139691518818502 0.0347624594260433
0.121362457642086 0.0491868074654519 0.0545448184914738 0.0992505322092672
0.0616489420076778 0.0978710693533116 -0.039864163196901 0.0803241759424706
0.00994565805112781 0.127783413246229 -0.0793900109024674 0.0145741205701575
-0.0313906750565354 0.127452126527907 -0.0522511665899721 -0.0335606608137959
-0.0516438262992978 0.133956108393337 0.037375179666119 -0.0544615299856327
-0.0523530647343892 0.163006182172566 0.0860362096981588 -0.0896159366567424
-0.00773775193958329 0.2042333710898 0.0795386774207507 -0.1344616523516
0.0890782948804135 0.182419590740256 -0.00734117810867685 -0.134538095620827
0.186182917010686 0.0924769719128757 -0.0976470039096893 -0.0794183543332267
0.235563855035265 0.00975302463187568 -0.0953066457561763 -0.0142072340622807
0.220691122251443 -0.0658927892011623 -0.0409963272245149 0.0554468175555378
0.150054980221884 -0.129338556620378 0.00906557251437189 0.167475553575248
0.164495086559156 -0.114714099929094 0.093478926535153 -0.179686964884248
0.202354986990461 -0.0549668592933043 0.107795462973783 -0.056201990495985
0.215230998849702 0.027403450356167 0.115231525216047 0.0470220903477857
0.146047633347302 0.108569984801716 0.0549370454893803 0.0995352582573822
0.0529765566459814 0.160655756801714 -0.0397704324838964 0.0985720267864215
-0.0185671142846283 0.175161305849785 -0.0826177475866038 0.0560258977502142
-0.0613384571388524 0.155789587222787 -0.0661993407066239 0.0171115709860845
-0.0624361119367765 0.150733690195855 0.0149021422478469 0.003252964069047
-0.0395090655171604 0.169468589122039 0.0633422163119212 -0.0234819720202549
0.02794378055244 0.195235601156334 0.0738840657058219 -0.0749849075637787
0.128910057747122 0.151174476731404 -0.00368596860742766 -0.107288516492759
0.210761765337661 0.0501075722396741 -0.104985921073723 -0.0864150188498189
0.244492366624882 -0.0285732142940199 -0.132399726195621 -0.0127339669202304
0.221336382182078 -0.0932130781887047 -0.102773365827931 0.0788499932833047
0.157377137278034 -0.146069872288502 -0.063390188244917 0.218797260512189
0.175069422377927 -0.0982504037951247 0.0159345483087919 -0.136438281819886
0.213476826847751 -0.0274499265550397 0.0443486142140928 -0.0326173705554804
0.218519620594643 0.0752167698731581 0.0754086959249901 0.0492422685182717
0.131586407333981 0.157700436027307 0.0444778254655959 0.0997004848904871
0.0196497653795696 0.197121842839583 -0.0527846907318972 0.125593759494682
-0.05476234439376 0.191121880736295 -0.10659533204447 0.1111283083122
-0.0824037630939503 0.158659439928001 -0.0972952220920196 0.0761206680530997
-0.0617999016820117 0.143597710508768 -0.00951507910626409 0.0633589099700863
-0.0228809465407539 0.145582356258501 0.0563725103706987 0.0355372643357066
0.0436110684049577 0.150640265506837 0.0887016607447775 -0.0296474706393566
0.12359547274624 0.0998151823171779 0.0140539911851371 -0.0937539843896764
0.181276253062576 0.0158395634637127 -0.102009069011399 -0.097432175602273
0.203125593305779 -0.0438310077321295 -0.157770439738131 -0.0056357070942438
0.186264880171995 -0.0958813633068994 -0.151801882701254 0.109101981148917
0.13925752859732 -0.138048985931237 -0.128101988733042 0.273684595092381
0.151999302443116 -0.0699531228664788 -0.0574448411896208 -0.100269886460658
0.181023071186114 -0.000253481384483131 -0.0225402979030674 -0.0276524919510641
0.172374907505637 0.0986569409268336 0.0338309943021289 0.0345495429786944
0.0859534018387056 0.161120515619881 0.0272707165448482 0.0897618552144381
-0.0156670708237885 0.179025693196837 -0.0757961038600184 0.14519789171484
-0.0743996435441135 0.163846397313899 -0.147077168783349 0.159923898642316
-0.0832238147101225 0.132024085776574 -0.136667938418824 0.132574764240878
-0.0518406663660956 0.113330169187501 -0.0309239756518738 0.116339921881082
-0.0132995112014249 0.104438032474398 0.0600891125585798 0.0771338690534345
0.0348106063704308 0.09693457289845 0.107641555564659 -0.00472201515977797
0.087319128615644 0.0586411782307795 0.0325613099574766 -0.0896118023513836
0.126244217937195 0.00638423097687162 -0.092065325294311 -0.109498264464378
0.14012079852972 -0.032239595694939 -0.168085407745985 -0.00367890180819839
0.133806925433657 -0.0723682740415124 -0.184162733172842 0.131532399928375
0.106128878610722 -0.107373960798169 -0.180305340115077 0.319714384102
0.0990774145757382 -0.0374915315844275 -0.112434824459771 -0.0742875550992895
0.112136034244116 0.0126157331481873 -0.0729802599664082 -0.0347184204032351
0.0987193412246428 0.0766865001201198 0.0068023191911628 0.0123640117855215
0.041946576934479 0.108774070663052 0.0159422492258143 0.0726764707593585
-0.021861775196388 0.111482700764353 -0.094140102686429 0.149438882433463
-0.0578529130944694 0.101233214362976 -0.182705066115041 0.190507692891576
-0.0597913331526349 0.0802673835740034 -0.17000457988401 0.176232213846803
-0.0358847161449744 0.0652142315518138 -0.0482517115518334 0.154343140128569
-0.0112971858223387 0.0578726978888041 0.0638119547914955 0.100428563874661
0.0143747559333461 0.0519582618914957 0.12164477851058 0.00828738882894951
0.0445355480193362 0.03422871572649 0.0486403925449924 -0.086084094916928
0.0691136223440817 0.0118675746546309 -0.0767546390238785 -0.120982212881484
0.0763091068515623 -0.00873313207303274 -0.16888526092205 -0.0111372656896642
0.0769601628612104 -0.0365178437162449 -0.203868855880563 0.138233765548859
0.066144216126123 -0.0597757181169534 -0.216978803436695 0.34644932722318
-0.0308502528137285 -0.0234784441968021 0.25890940578169 -0.311410188998228
-0.0178386195303949 -0.00714729243518684 0.193537270097375 -0.162884644883349
-0.0159000176170709 -0.0168702305318644 0.160473174793211 0.0158789331499944
-0.0113619738147597 -0.0184260155099659 0.056115574709319 0.121681744631322
-0.00296469811535627 -0.0217057282684765 -0.0409896650875695 0.0890157147900375
0.00285114337888557 -0.0108276816753723 -0.106962076906592 -0.00842533491033945
0.0118640146918557 -0.0121255948850879 -0.0704160607307565 -0.0900316298211839
0.0194540386838581 -0.0186347230578021 0.0677045651470481 -0.136286064435973
0.0250174162382117 -0.0178460011108713 0.184987269479218 -0.183365543109532
0.0167381942901003 -0.0199472831679523 0.206022280791681 -0.211611467278537
0.00612916024628446 -0.0270051090500629 0.099644188248278 -0.178218367851527
-0.00780779355128117 -0.0335703743743895 -0.0384639093079338 -0.0722328804879689
-0.0173426206763786 -0.039630059371356 -0.0299232826619736 0.0113563369126316
-0.0200792884297678 -0.0126705566154163 0.0654487362961315 0.0644061700067989
-0.0354916941768576 -0.0127539510425802 0.135423253529278 0.105845597667279
0.0233337323874987 -0.0680293884225334 0.252883460262621 -0.299761739504712
0.0387062624062349 -0.0361319950726833 0.196510859350038 -0.14595020599146
0.0438664204884762 -0.0272333456675899 0.156786497018037 0.0229519001295865
0.0328934377143577 -0.0107472601878642 0.0479447328792307 0.118454128064971
0.0231366134506869 0.00506336238253729 -0.0478109385183817 0.0832883359579968
0.0141070144642958 0.0290796271538584 -0.101769071636187 -0.0129309649759247
0.00521177381949216 0.0369157229466942 -0.0623891009753868 -0.0871491957839348
-0.00976023662286924 0.0424655110995175 0.0688109616703435 -0.128982698845048
-0.0256055419307573 0.0576815120016504 0.168687705449705 -0.178646773619973
-0.032947367755269 0.07714978754321 0.176211261828466 -0.21600985366473
-0.0100585353307 0.0809182283688926 0.066427381968089 -0.181441209327827
0.0384747202182933 0.0581260803941507 -0.0563177197355788 -0.0734331174294352
0.0776987371003697 0.0219693184200672 -0.0381303245072716 0.00893661791709975
0.090318372905432 -0.00819568848333504 0.0557016268101798 0.0612514547206536
0.050871500482365 -0.0539256321459855 0.121511185610864 0.114699876466371
0.0809635624639246 -0.101337847348134 0.226026599182213 -0.270740495389536
0.101446256058902 -0.0578751972925929 0.187868102699041 -0.118980813056079
0.108704346972673 -0.0267289179765878 0.153661732454821 0.0311869198863397
0.079190059335137 0.0115988484045386 0.0477901904422993 0.111423589183047
0.0460609936705071 0.0448806158503716 -0.048668902340589 0.0785532500888536
0.0172139410347202 0.0764024399525256 -0.0918572869865579 -0.00832584690293877
-0.0107147415662666 0.0857944896275845 -0.0541257954086896 -0.0694634363570008
-0.0372972157779189 0.0966277760802409 0.0598448516249379 -0.100021360422634
-0.0572192549691166 0.124288015683614 0.132280481944007 -0.145472407073111
-0.0442999813233404 0.164504592957621 0.127305100696492 -0.190708887433341
0.0208061844172987 0.16517284839224 0.0245581958084295 -0.168485398950037
0.114361856632552 0.110382935068613 -0.0776962317170599 -0.0801487818090242
0.175533588170079 0.0433377696028011 -0.0607487436168165 -0.00677325618128349
0.181800787455513 -0.0264056467439077 0.0158231448776221 0.0530613535146883
0.120108120252712 -0.0955508129467056 0.0734825925784029 0.137285070926975
0.13564327262264 -0.116476846968511 0.177342715096051 -0.228579161308927
0.16427849649185 -0.0643000370179017 0.162797457190436 -0.0849457647247778
0.174461179211277 -0.00653806066832551 0.143118443554717 0.0433288543530665
0.123479044516992 0.0563430669609871 0.0514430910401047 0.106629279776514
0.0587512946774773 0.104071957584658 -0.0454118028910361 0.0826277877304426
0.00443372889751719 0.131689298718896 -0.0838989475325138 0.0138102756854768
-0.0383377734485957 0.130738158449775 -0.0539589010329307 -0.0345418974122853
-0.0600622506970783 0.135247295988903 0.0419723578070239 -0.0531600326568514
-0.0628670100894031 0.166086721259865 0.0937546754017331 -0.0878100235046291
-0.0164782567205816 0.210797377709984 0.0894994168028314 -0.137011246594725
0.0836129578264057 0.192618050874465 -0.000480907757962166 -0.138970887041266
0.189057009681793 0.102891859384005 -0.0958062267400388 -0.0873093526766055
0.243668850404726 0.0183381627448695 -0.0975058179095417 -0.0177003765282995
0.23217744934987 -0.0619544120672323 -0.0454374844441319 0.0569190398303715
0.160115026147247 -0.12971067758064 0.00341801329437403 0.175670866721876
0.17545101000405 -0.114095020581836 0.105836976758242 -0.182616357552339
0.211548151390199 -0.050360301846879 0.115112746872806 -0.0513996917488689
0.221467574308962 0.0367333185528171 0.11804046049255 0.0555264755549493
0.146731574851942 0.119118221559124 0.0514710544954069 0.107004570615863
0.0477062145247724 0.169282892230451 -0.0468489816190544 0.10261125102955
-0.0272893032572795 0.179255408942338 -0.0887846710708012 0.0567322398637729
-0.0706153203867401 0.158617549902394 -0.0709065446488326 0.0166741495528265
-0.0721892201059044 0.152101433245907 0.015958286107406 0.00482521191892808
-0.0510398325575769 0.173666851533851 0.0673761742214922 -0.0207801156650122
0.0203630621262776 0.203625837766075 0.0811228928720589 -0.0754124782945335
0.126276640084555 0.161249443005271 0.00233007910081919 -0.111334311980944
0.215771483915352 0.0592796364047072 -0.104086034328389 -0.0947689638148501
0.253928053352917 -0.0205567836771534 -0.135722961722176 -0.0177515520800282
0.234254088796635 -0.0909416136556948 -0.11065062170972 0.0786758251593322
0.168402061850788 -0.14665869812736 -0.0733557055270585 0.226020603997581
0.185152657866379 -0.0956911986385639 0.023027522941575 -0.140253852609366
0.22255789401122 -0.0209822664073409 0.047116402802278 -0.0299646692482771
0.223423844162017 0.0866770881443821 0.0768340626340606 0.0565185942278993
0.130635403655514 0.170114107332725 0.0406157436200861 0.106517963454253
0.011173880821913 0.20581581557108 -0.0611368813824556 0.130110717621148
-0.0669768033906413 0.194708979855792 -0.115543985766608 0.113297837833341
-0.0934411946777021 0.15983892693566 -0.105484644669333 0.0757032944508209
-0.0712949514051444 0.144439283881742 -0.0118285149642495 0.0656558330453085
-0.0324745412821747 0.149907231324465 0.0578942633066382 0.0397614371154457
0.037434429776403 0.157640840327119 0.0948263485156342 -0.0282468180191415
0.122293086428499 0.107516891484162 0.0210325286872792 -0.0962421367322902
0.186470295209504 0.0224302173994441 -0.101386513253221 -0.105642755660406
0.211030285912958 -0.038392278545335 -0.162003499809526 -0.0115473534165841
0.196963482921597 -0.0941217938952063 -0.162446852422733 0.108357954064824
0.149053037213478 -0.13893466250253 -0.143489096381029 0.280813659379471
0.160256608617159 -0.0678122046494557 -0.0563369064564323 -0.105619301055499
0.188250541714067 0.00656214657188808 -0.0228824329073985 -0.0276737415319408
0.174776562163277 0.108828110113336 0.0345885463766051 0.0389822443498219
0.0830707000190276 0.171813736087851 0.0231809778674278 0.0943857485051958
-0.0246261841092969 0.186102961085959 -0.0870500873601709 0.149085560539921
-0.0855972217995041 0.166375977568867 -0.1603504459753 0.161854289365649
-0.0931489768940733 0.132402743792435 -0.148505578644961 0.132692880483957
-0.0589776398092774 0.113829414970709 -0.0365933791062524 0.118589954042521
-0.0197218170927362 0.10715984099301 0.058866598343735 0.0822082387758849
0.0312767069973378 0.101653564131565 0.113541347074144 -0.00116914377039385
0.0864416929379253 0.0636004917328185 0.0398394010509974 -0.0913311380591001
0.129675797630099 0.0108907330129347 -0.0906125954727138 -0.117822751191578
0.146093045461306 -0.0278730837486193 -0.172612729519484 -0.0103884190104146
0.141342841544283 -0.0715540764242152 -0.197090891326543 0.129739820345396
0.113631218944255 -0.107716622105795 -0.198357159593204 0.3266329825842
0.103242806841318 -0.0352488356439008 -0.113562210185439 -0.0813453656192983
0.115960090860245 0.0165374866973799 -0.0755850861882325 -0.0375147111623364
0.0992484972648136 0.0839951211042148 0.00709612311689066 0.0143422267903783
0.0391823373700057 0.11535326524472 0.0126150841615697 0.0762435264469408
-0.028029921194107 0.115119616784038 -0.106604478848932 0.152388540117944
-0.06569091964573 0.102746362230879 -0.199338549226506 0.191665388207249
-0.0659049414283831 0.0805061113651455 -0.184809708329887 0.175535124816641
-0.0406319032837758 0.0646909273705257 -0.0560839341005064 0.156837249711215
-0.0148454023800863 0.0592761271294237 0.0622047316892874 0.105992194658076
0.0116260847824447 0.053531762213887 0.127117425201866 0.0124811235441476
0.0432088206394766 0.0364794417436326 0.0560449958316425 -0.0875062465142764
0.0705784347531724 0.0141665927980947 -0.0745548942807676 -0.128872988092383
0.0796968302024996 -0.00597284019993914 -0.173228081851766 -0.0182399624970612
0.0805696061928655 -0.0354294887344183 -0.218107449545975 0.135987785556681
0.0705646943286517 -0.0596586520583955 -0.238799193848469 0.354088779029519
-0.0368946323188014 -0.0158689284552023 0.239108159828863 -0.382459838376323
-0.0197644067727476 -0.0037337308807613 0.187522313413878 -0.203369259673177
-0.0211534774216927 -0.0158213884390249 0.178012027903587 -0.00276052868494632
-0.0163040383277078 -0.0186250413811634 0.0812945571239503 0.125509771091863
-0.0075050840296312 -0.02377070020273 -0.0318278341148118 0.103654514366002
0.00315668415103335 -0.0130381451977986 -0.117916095447517 0.00721889360475504
0.0125897535381522 -0.0142640132227271 -0.0899104641264926 -0.0846603602929066
0.0185558105850822 -0.0216842478854078 0.0571404692254328 -0.153553048582912
0.0250915549514372 -0.0213387670545295 0.177961616073306 -0.220939485303993
0.0167805282683148 -0.0218668978928542 0.197153495766198 -0.25600498987421
0.00432579026697214 -0.0273090916875186 0.0881366956687977 -0.206368760398719
-0.011887756386116 -0.0339969208972473 -0.0482252473135431 -0.0735424191303925
-0.0248900932953684 -0.0399080904018621 -0.0305352906311984 0.0160289674892189
-0.0232213795121707 -0.012084677896821 0.078906725227026 0.0624380110320922
-0.0399141753746157 -0.0100482635869016 0.161622938142659 0.0987364622686571
0.0157952932186406 -0.0731943392425584 0.234506060669039 -0.359753797759145
0.0374222029008832 -0.0422139841618286 0.191021297773865 -0.181741820755595
0.0416242184330152 -0.0342070774433363 0.172209247888363 0.00772512139013673
0.0320512516982642 -0.0151720164717988 0.0686531464731493 0.122877204993371
0.02337692258537 0.00132036318842218 -0.0412062349006099 0.0965417519105898
0.0194894569696592 0.0282277821356987 -0.113585962335093 -9.78980078998426E-05
0.0103940876644826 0.0391673865218135 -0.0802224924313477 -0.0837885654275872
-0.00555636118340121 0.047038153556295 0.0589398536061641 -0.145911526030316
-0.0191731609974546 0.0657024391825388 0.161839328547284 -0.213946974228084
-0.0250071160196675 0.0881177373610217 0.16595997008229 -0.255914098049294
0.000472791497701808 0.0895329108992116 0.052807196583169 -0.207099382308118
0.0474924470455573 0.0587249660701116 -0.0674217563501327 -0.0745844194186447
0.0844900687885114 0.0134547325903528 -0.0389981196806731 0.0123808278027053
0.0951994410409219 -0.021433796112557 0.0676639038726822 0.057331633299083
0.0461852581857177 -0.0650420472130717 0.148033163148085 0.109375545108791
0.0735272432257789 -0.118872050914003 0.209302280198768 -0.317934256097379
0.102085363393178 -0.0734342747550131 0.185010702618807 -0.14931533738368
0.111464762547744 -0.0422822131084106 0.166002455928818 0.0191762775782427
0.0842448975506369 0.00347307048135548 0.0637981154885379 0.114797197107288
0.0519947800431452 0.0413704431061568 -0.0440765981403789 0.090028579450181
0.0274332098608255 0.0783738772776855 -0.102184412296743 0.000778029408225459
-0.00228979621617835 0.0933130783726658 -0.0672009256226509 -0.0667948255879086
-0.0288487996317242 0.108163700354882 0.0531936608879144 -0.113856583611565
-0.0449904177844175 0.14065595770899 0.126725873527664 -0.173177213244055
-0.0262598647219281 0.181776993304308 0.116483604093535 -0.222668218535117
0.0438588632281229 0.174810701313061 0.00869568197351403 -0.188598626597093
0.134598646729172 0.105320463477542 -0.0921135246862321 -0.080766758379193
0.191813370141494 0.0222169653842757 -0.0659665561698023 -0.00306201210989046
0.190531711674552 -0.0528888125489995 0.0224808279829708 0.0512990300745084
0.114497556725103 -0.118770284577532 0.0984410956797367 0.140432035726729
0.131108848140623 -0.145520724650163 0.159639312881955 -0.25930810274279
0.169458994496291 -0.0891741298784661 0.161301981722307 -0.106688419670438
0.185238125225488 -0.029413556276616 0.153355729587623 0.0351745360681073
0.13730506014546 0.0469967439781144 0.0644991365383366 0.107080727853833
0.0724313119339393 0.103340033375325 -0.0411814454164754 0.09173652301901
0.019493671566944 0.139352661497739 -0.089423685928871 0.0210149970608187
-0.0271462258243855 0.14424442415393 -0.0612999081108728 -0.0296937952558053
-0.0493907249899836 0.151215778599127 0.039605054551989 -0.0621070401614543
-0.0473315247038923 0.186277095693303 0.0922575207309463 -0.106900361400423
0.00851719604036777 0.228000790260168 0.0827449179287914 -0.160098959289663
0.113524347177085 0.195162607613611 -0.0158625002555179 -0.154381090646128
0.213493236458304 0.0885199202431388 -0.114637721000848 -0.0865100590429385
0.261645775848214 -0.0139981693124545 -0.108012114835078 -0.011483049981997
0.24022599798632 -0.0972337541727197 -0.0440520252878505 0.062868261433673
0.153348302571009 -0.160114275916712 0.0273641082423154 0.190585699690651
0.174631039674412 -0.149306073795983 0.0864101752426448 -0.195966915678545
0.222752337121904 -0.0804293084560559 0.110388324340735 -0.0623146905666401
0.241768910401941 0.0116989898614867 0.12365554586967 0.049848315344307
0.170729093711166 0.111804802221287 0.0633350332093382 0.103593726422536
0.0685265101422257 0.175807710967204 -0.0398247385294768 0.110431093041155
-0.0102458689351295 0.195026083906622 -0.0877994080222683 0.0664112217695612
-0.0593943080926402 0.178402914637657 -0.0711065964007708 0.0279755090203234
-0.060775953551232 0.170612717268265 0.0189578359290716 0.00273696089673303
-0.0334132406828191 0.19292754793559 0.0720101783484398 -0.0303646975469276
0.0465062154137913 0.215442172924625 0.0815929804867164 -0.0924899687132031
0.154375802417392 0.155880890519039 -0.00908145389639353 -0.124465014551817
0.236814740512649 0.0381879077536942 -0.126080559798115 -0.093618483864731
0.266539102320285 -0.0563406132577819 -0.150007469154274 -0.00558990603634342
0.238258928465889 -0.128605888285975 -0.111730840395028 0.0945930793774282
0.159235316315611 -0.178952949596623 -0.0497552765622903 0.254905250105397
0.189452518497233 -0.132579704913478 -0.000629963911609392 -0.137282780701221
0.23894241972077 -0.0499150955798881 0.0388646752664645 -0.0301970367993616
0.250973694602457 0.0652023828729138 0.077944102345144 0.0535154824436203
0.158542493604141 0.169342624094133 0.0513246656900048 0.100886778089284
0.032311144551656 0.219359430700186 -0.050598724545638 0.140835709384851
-0.0506769445984333 0.216509740321373 -0.108375327271418 0.13024676840958
-0.0840936140150621 0.182193688533245 -0.100093317214687 0.0971749690142353
-0.0607970075714974 0.161878454721324 -0.00375715028220306 0.0705463051468192
-0.0178556053858622 0.164699793693341 0.0688233272484435 0.0361021932842789
0.058387673309362 0.163473528608422 0.102100913359591 -0.0439172271751923
0.142652886965918 0.0989367449295277 0.0121420162207552 -0.109585684042103
0.201157599231404 0.00263544058171295 -0.124798349154572 -0.104749863621757
0.219641230397004 -0.0692080147261013 -0.177090751003605 0.00528530703884992
0.198660787795763 -0.12706115204597 -0.163814942381815 0.134299616899789
0.141128408892669 -0.167284432524368 -0.11895167832651 0.322971802580497
0.166239544168014 -0.0987025185520073 -0.0819767403663633 -0.0911621570046609
0.205196889471331 -0.0162615801540344 -0.0368716420594784 -0.019947928327542
0.202138232417352 0.0961503405760121 0.0312924810367626 0.0371432451307857
0.107776796228005 0.175934359996403 0.0331661358070896 0.0898418881634015
-0.00808332233117553 0.201530875929847 -0.0741648887779639 0.164818519577607
-0.0745889606020562 0.187884544333768 -0.148991709294913 0.190218496932163
-0.0869557279202379 0.151699559268679 -0.1400332186174 0.164273225193798
-0.0523866215350284 0.127009512069795 -0.0236806236038671 0.130331696943606
-0.00944577925689574 0.11736838983474 0.0752371185057433 0.0814936274241326
0.044178390195414 0.104513263693601 0.124644657449778 -0.017596225934119
0.0982777412560079 0.057072634161264 0.0334742649177408 -0.105753771073323
0.139469213100182 -0.00341616522306462 -0.114191095617858 -0.118981387645797
0.15175892871107 -0.0485533168307358 -0.188169075663498 0.00875371368765263
0.142057657245912 -0.0954396797007907 -0.197284311066356 0.162777926887628
0.108250475492827 -0.130114225382069 -0.171901246745237 0.378916032453532
0.109440050290972 -0.0549532678133367 -0.140838338649214 -0.0617973106559609
0.128164990863744 0.00326158410803674 -0.0928611674288611 -0.0256980005404889
0.117869215490134 0.0784360603142584 0.00317311065029849 0.013426416731502
0.0545116569200329 0.119452337297551 0.0211582608818698 0.0749300647216153
-0.0192845478018368 0.125518981036281 -0.0945917109866456 0.174431212040681
-0.0593562558756677 0.117014378349601 -0.188759964231495 0.231167238821578
-0.0632275980166494 0.0922095687567511 -0.175175322895432 0.217328796735277
-0.037972343996847 0.072276517205694 -0.0405225167883389 0.173247478841413
-0.0100308308136505 0.0651314449257216 0.0806367716076284 0.10573553914848
0.0175840130637255 0.0567366878742461 0.140641632730823 -0.00435906328265652
0.049190742327215 0.0341537122383324 0.051984048519226 -0.103002616706469
0.0767975144740323 0.00754529875437715 -0.0979750571382692 -0.132307362904096
0.0840527490275699 -0.0163528865743987 -0.188889907173908 0.000604555078834135
0.0821421332550724 -0.048746953405466 -0.217984081964075 0.172698202195857
0.0691177834160482 -0.0738386707415066 -0.21089552778765 0.41423604940795
-0.0409076964282285 -0.0121146805252817 0.213843356791084 -0.430939561331363
-0.0221416092287573 -0.00292887975120363 0.177929954014703 -0.231143354212366
-0.0240050466112767 -0.0151169103330737 0.187954243593224 -0.0191794358795955
-0.0191136477979386 -0.0185302489035295 0.0993080173856009 0.12689907961542
-0.0107933564253334 -0.0248677693569953 -0.0238198221672165 0.112210383572511
0.00307240236568201 -0.0147233459454776 -0.124382038248139 0.0199517997362455
0.0126174157881516 -0.0163022312349536 -0.100400342302867 -0.0771957974579864
0.0168443485965196 -0.0240198081854904 0.0477039325225043 -0.166329335326362
0.0240790626932415 -0.0249343001230053 0.167915233778269 -0.250603647712169
0.0154045498055333 -0.0251869924878835 0.186777338909417 -0.290939723790661
0.00246772794382809 -0.0289218516336771 0.0770533532816891 -0.228927336030347
-0.0160516815745775 -0.0349358182041199 -0.0548259835440404 -0.0745399464992706
-0.031134774197806 -0.0392399340863388 -0.0296810341961922 0.0193821131508675
-0.0255233832240795 -0.0118346527826205 0.0900047870098239 0.0593741114851921
-0.0437505326464333 -0.00685522863631742 0.183344395743081 0.0887598801517246
0.008685205622834 -0.0781713067044563 0.211956995469589 -0.407714268321797
0.0345314972499513 -0.0487777899799017 0.184952834655434 -0.209895221379805
0.039966465341795 -0.0407024353055919 0.182616730657618 -0.00643803217027784
0.0317147827503682 -0.0189497895124825 0.0862658420519686 0.125483281604641
0.0234265452682047 -0.000870891896281458 -0.0349811206072214 0.106005110565312
0.0228523695857505 0.0273757456766485 -0.119858324748757 0.0118477377602437
0.0144477409671834 0.0398315920316767 -0.0910190954557011 -0.0767470385666976
-0.00241452503629053 0.0498696529487965 0.0506611584540833 -0.158503936781461
-0.0148081850797846 0.07098131335574 0.151752365489399 -0.240661555307979
-0.0181990186793626 0.0949906854656536 0.153718790094722 -0.287329259804214
0.00837444956543486 0.0957045695972554 0.0386707132938002 -0.225418252471191
0.0555150825486499 0.0572161285832807 -0.0744833235915367 -0.0739282445624396
0.0901040385333167 0.00619162798066727 -0.0389794285747611 0.0162558911096531
0.0987273232631063 -0.0335926635643233 0.0772736203205339 0.0550289788468661
0.0413292568056901 -0.0736625557568679 0.169470695127648 0.101171644906334
0.0656585301002051 -0.133237881494457 0.189811448449333 -0.360399564531758
0.0993632681364866 -0.0879979248342507 0.182604467597462 -0.174169174195828
0.112381823550594 -0.0558345484232411 0.178466478785789 0.00548674903881955
0.0889721290880339 -0.00438668766611908 0.0795743368024395 0.117390706133862
0.0572481519327232 0.0386963129229674 -0.0389821819355084 0.0998864239594546
0.0350108679245993 0.0797725719100495 -0.108009745676573 0.0119900687827211
0.00618313235506212 0.0985214500625784 -0.0768232012613547 -0.0608451776765836
-0.0220236647439364 0.116009270661627 0.0471225492299923 -0.124240453627549
-0.0360266418522344 0.152585445699564 0.119169348145872 -0.194064295481287
-0.011464815075527 0.194325103204685 0.104352232976149 -0.247600985614781
0.0623103833514039 0.18183293452499 -0.00571438044634239 -0.201271479886304
0.151845341575118 0.0982875864578366 -0.10189994626329 -0.0778418366143049
0.203584160755177 0.00482094215492887 -0.0683874635581636 0.00238376390717065
0.195981812408861 -0.0768756273845117 0.0288971278934816 0.0536946727084443
0.107685863908787 -0.136501792237924 0.120265171793476 0.139233942647878
0.12371502237444 -0.166767664985025 0.145294682737923 -0.293763990575968
0.16903001907473 -0.111288699021373 0.162053041236495 -0.126338769118403
0.191345967119315 -0.0489914799166533 0.166240873065135 0.0230926910706174
0.149217436024242 0.0360910814867224 0.0784832393389047 0.108973559914297
0.0852598063601316 0.102739277696527 -0.03592144501766 0.102387604999666
0.0318237818202114 0.14543028196838 -0.0927816015114269 0.0317765505537683
-0.0155695419083626 0.154559351777173 -0.0670937939147059 -0.0227836534279667
-0.0395308089826827 0.163577929119965 0.0374042239018169 -0.0690274936572817
-0.033680882245724 0.201970768208192 0.089184549562435 -0.120393087456633
0.0299560191502801 0.239973145745189 0.0744156053062948 -0.177987203017662
0.137994858026848 0.196220129545526 -0.0277942093296222 -0.162630799580696
0.233131775377457 0.0721720878523482 -0.126883531510648 -0.0821185873663039
0.274059213084834 -0.0402085302711684 -0.113424895278672 -0.00234759620097905
0.244475009224421 -0.128938096259115 -0.0400753028573216 0.0720165462814056
0.144689922999024 -0.184673921705553 0.0502198970880994 0.199342055670011
0.169709163930184 -0.176007995482975 0.073383131788306 -0.217650722877384
0.226403532048768 -0.107316844549195 0.113930474461808 -0.0741288494517934
0.255582983952335 -0.0115372221917561 0.137508035182314 0.0418324639017599
0.191680004752537 0.10234697004609 0.0753367737275406 0.104889880021381
0.0872794860180727 0.179845992948224 -0.0323920395922283 0.122315067359335
0.00528010304154895 0.207559545379489 -0.0863888744883802 0.0804512424472363
-0.04692493662089 0.193749771699841 -0.0724313899264975 0.0380420765434011
-0.0502588572204152 0.184702128148509 0.0216071679833476 0.00104127445967382
-0.0191506415820884 0.207219866251019 0.0748752861997308 -0.0381932537634318
0.0683749374272213 0.222983171823542 0.0792489938248189 -0.10677564736529
0.176254301869075 0.150371307473949 -0.0186849345920225 -0.131186533701079
0.252302769712616 0.0164176454087601 -0.140555927538687 -0.0879308603947485
0.275748290461726 -0.0863092628046043 -0.157146934137566 0.00857377934387007
0.239007060112489 -0.161693766068056 -0.108412506632439 0.112620589433329
0.149949252894382 -0.205348305230423 -0.0253048334137905 0.275942432483981
0.186329815461538 -0.159266079795917 -0.0123089777197261 -0.145774977671342
0.24705521832181 -0.0771857524746943 0.0400681643812706 -0.0327007207423805
0.270818807284937 0.0454553931008256 0.0896408453909598 0.0494366117321542
0.184264904680395 0.163688585579729 0.062309476481986 0.103183753770304
0.0542811203615643 0.230628491032264 -0.0409191240799224 0.155053867728314
-0.0356665521436328 0.234294051967246 -0.102065631195078 0.149880990931281
-0.0731118699108396 0.200389647445349 -0.097880111415201 0.114275454641806
-0.0510749388853857 0.174846396634133 0.00340291450764842 0.0743819741906033
-0.00502117910700355 0.176128700767796 0.0778860666268869 0.0321677681027514
0.0757779176589282 0.167234412100967 0.105497805850135 -0.0568063744817643
0.156787699491176 0.0906058495380161 0.0051574389666737 -0.117920803547344
0.21079417504545 -0.0178918474507194 -0.140334222423109 -0.100178494362888
0.22432466334174 -0.0943905334963749 -0.184359019680308 0.0222561350161501
0.196458773255138 -0.154378531621779 -0.159480706157825 0.158810850629535
0.131649011882861 -0.191884593699122 -0.0907988843239805 0.354740399707567
0.165001047836429 -0.121113085416869 -0.0953199343863878 -0.0879136122115715
0.214940193250316 -0.0379723885947084 -0.0395203415655268 -0.0148648267049925
0.222830569945313 0.0822404446889758 0.037766952336972 0.0371986678817878
0.131061355119388 0.176488012238481 0.0417488658687617 0.0930069816751223
0.00941200836029977 0.215556075511521 -0.0653246155945936 0.183415141943387
-0.0634757973972499 0.206896438688945 -0.140309273529906 0.217669704890505
-0.0785736384366314 0.168179258870402 -0.133686356368647 0.189036084873941
-0.0454492336327856 0.137436868879368 -0.012717341241654 0.13858328292918
0.000182687819867801 0.124929396964632 0.0882812021254552 0.0786460016553423
0.0550163954101166 0.106202269883679 0.131967638962952 -0.0316894790974782
0.106497765994182 0.0507472240501987 0.0282256771555185 -0.116084086903013
0.145099221369058 -0.0175937067422671 -0.131021493970533 -0.115447220618716
0.154814547480294 -0.0657751775601888 -0.195409739403287 0.026900467799258
0.139890410191024 -0.115374403640447 -0.192442230336946 0.191690507591379
0.100337385236915 -0.148026161620165 -0.141981910391317 0.419849310170872
0.109764962569796 -0.0689921937715144 -0.155018697689501 -0.0502313209324508
0.135821162334958 -0.00979824723482541 -0.100219620739157 -0.0152772150924642
0.132189576989387 0.071805170290036 0.00547368267163956 0.0145820973469894
0.0689358787601498 0.1212634788711 0.0280812530922707 0.077315584891257
-0.00932505246070865 0.135619958584893 -0.0868060401659603 0.19517560549214
-0.0530495023902419 0.130205620390299 -0.179154451405105 0.264131321022871
-0.0591519547618936 0.103293724422601 -0.16607141925984 0.246980429088127
-0.0351603777167333 0.0789609219811131 -0.0279140121300538 0.185027647472521
-0.00511269990596713 0.0689244241526428 0.0954117999127482 0.103180258194388
0.0229298305714193 0.0581045287679808 0.148852988249792 -0.0193874626288675
0.0536152002197809 0.0312577760600698 0.0472390662254659 -0.114806347673012
0.0812537845556698 -0.00023528390828147 -0.115336506675617 -0.131506510824579
0.0872503584597914 -0.0244903608506852 -0.19754035362933 0.017985883529022
0.0811237419434235 -0.0600844326683753 -0.214637165949247 0.204390699688826
0.0648555024735768 -0.0841839112290528 -0.178292677207812 0.460263399198983
-0.0419775208698143 -0.00657156717026886 0.158179585408674 -0.445011729887931
-0.0230301912513692 -0.000423579910919382 0.148915464753727 -0.243907442131037
-0.0257392062687139 -0.0127384288647336 0.181542718728507 -0.0378391049223494
-0.020993622495555 -0.0160864758516386 0.112700641205632 0.114181740971476
-0.0135884072247895 -0.0226830905068285 -0.0123628173934529 0.111628224836886
0.00203942954419881 -0.015629410354947 -0.119298856606959 0.0335424603067416
0.0121090091460834 -0.0175848570814938 -0.103324166742395 -0.0615473251605276
0.0136788337722986 -0.0245634638568824 0.0310135312993851 -0.166499595495587
0.0204789075390483 -0.0267686086571414 0.138697106611263 -0.262127498010984
0.0123290563856906 -0.0259487716342532 0.154320637007869 -0.304947393219357
-0.000441051064850213 -0.0285048684246696 0.0541960754453958 -0.23432018922557
-0.0189419507088246 -0.0324792532579553 -0.0583429753898902 -0.0688232982162007
-0.0348324115625832 -0.034350383578573 -0.0257684281532457 0.0207532433473087
-0.0265891460838286 -0.0093591690839699 0.0952399236228981 0.0493477320311459
-0.0445449874572906 -0.00158631711255064 0.191284811200362 0.0657206254366323
-0.000742712381199108 -0.07679142351428 0.15981923148702 -0.422838097415136
0.0274398876624679 -0.051303768415181 0.159084598005555 -0.223659943416097
0.03316430004513 -0.0444474272821016 0.177782038080055 -0.0248420833948392
0.0280032732482601 -0.0222467949795561 0.0983549430061096 0.114778782770677
0.0214318196538011 -0.00296531622092313 -0.0238561776945992 0.10699349893368
0.0248518218605289 0.0238911591350896 -0.115912950024772 0.0245460424535259
0.0188327797652438 0.0370152086483592 -0.0941720155227236 -0.0623518498499903
0.00175972264847415 0.0492437258705683 0.0348715265135048 -0.158986649644654
-0.00823772720172902 0.0710254439822866 0.124862228009627 -0.250606839067006
-0.00832879394360303 0.0949585757472242 0.122142061093089 -0.298244491151841
0.017851658675649 0.0932064366816592 0.0174588555495221 -0.22637526958766
0.0595369814816969 0.0505891147489296 -0.0777084190614775 -0.0660408730619323
0.0879044757898074 -0.00257595401250572 -0.0351480066491067 0.018741776759546
0.0921489784968709 -0.0444926060302972 0.0825875528663321 0.0466195087915267
0.0314445375265829 -0.0760535465447975 0.178898585656461 0.0800824079306823
0.0490108251884947 -0.13685308744341 0.14623995426556 -0.375484389887556
0.0862872899858707 -0.0963633603570032 0.16122785585362 -0.188662708369168
0.101992157759144 -0.0662865158939508 0.174750871083503 -0.012713071956123
0.085098472690975 -0.0137050420967364 0.091088469631268 0.108423475416198
0.0582883939298909 0.0323994278719147 -0.0283081649774267 0.101484225203768
0.0415470486293736 0.0743142889586103 -0.104492119926541 0.0236777942477861
0.0161986519632044 0.0950643652748943 -0.0795321830857835 -0.0484261755866934
-0.0115090523518478 0.114633825068583 0.0350478936223611 -0.125245279434481
-0.0198663227951191 0.153413206996886 0.0979178593274555 -0.20112478121955
0.00885244340152865 0.190862948792398 0.0777456703667633 -0.254042346327105
0.078691036971729 0.17226981506957 -0.0239064983439546 -0.197439959808691
0.157648213297178 0.0802514888181244 -0.104795825921661 -0.0674388346881449
0.199146367340821 -0.0157196534998719 -0.0654031969524826 0.00874158684985878
0.182953799731024 -0.097333883713388 0.0345698748690574 0.050023799807308
0.0898233612292312 -0.144328863625966 0.134755820429495 0.122343921379248
0.101718405549241 -0.176421293383913 0.110384318451516 -0.305030374961965
0.151644341660203 -0.126954039849073 0.147341031954005 -0.140025418711057
0.179507964483919 -0.0681119362759622 0.165546940637625 0.00503939240084676
0.14863769974407 0.0192891891230412 0.0880031643193599 0.0998637009590423
0.0924163725144733 0.0920115200464365 -0.0250845392086289 0.104135741042933
0.0447026572976897 0.138450134983495 -0.086831829994487 0.0415435860991822
0.000408261631678694 0.152063965779352 -0.0667293226682803 -0.0127823467945686
-0.0238051764479883 0.163244509474015 0.0311637141921382 -0.0708222526387068
-0.0130069891260037 0.201117891405573 0.0764725775616084 -0.126190823443466
0.053942822676693 0.230988039543138 0.0562463619024358 -0.183054416535234
0.153044285834739 0.178049387734686 -0.0415894819745773 -0.157550516224901
0.23307371836943 0.045920183828292 -0.129490866866538 -0.0686510280408789
0.261858866425215 -0.0677115103133811 -0.109383747802483 0.00894128614234435
0.224364083371031 -0.153459815451138 -0.0306166345938089 0.0756798454115299
0.120483806421856 -0.195306237261512 0.0724980923695982 0.188834979746457
0.145595618111411 -0.190302931906781 0.0499946325825111 -0.222751706512991
0.208049207891591 -0.129873166819425 0.106767891314362 -0.0830228529551306
0.247086071989136 -0.0376726724367818 0.139741988792748 0.0261775845160373
0.197460787643979 0.080119055838579 0.0837059859932696 0.0964703959971689
0.10268006471778 0.167640799705764 -0.0196160687555848 0.12353476860356
0.024468653239411 0.203150858404947 -0.0746721574699022 0.0884138596628792
-0.0264180333970341 0.193913948266878 -0.066694817378721 0.046892828022498
-0.0321040984645789 0.184494438546046 0.0221330010765398 -0.00166388878943398
0.00152924205770916 0.205267823092187 0.0714106732298111 -0.04468127286947
0.0885711181810791 0.210614934820256 0.0685924883634078 -0.113377000445359
0.185720286552895 0.128863267995265 -0.0295273926444855 -0.127749344361591
0.246263077637351 -0.0104158673200012 -0.143779402299691 -0.0728321298723499
0.258719528899339 -0.113558323879014 -0.150274924347823 0.0237856566480823
0.214874720746426 -0.185085820531368 -0.0931485373959882 0.121769648643976
0.123128644415347 -0.215755865623415 0.00731113862283583 0.272491566469999
0.163703344734564 -0.176110936784566 -0.0262429819734337 -0.141818923417199
0.231311149437373 -0.1019629165495 0.0394103811860749 -0.0343072773570778
0.268585842305235 0.0157679404150909 0.0938534983875764 0.0391904824532695
0.19731835891951 0.141564261017909 0.0704063288515575 0.094989304625409
0.0763746397692404 0.2212505103644 -0.0258619688525605 0.157443636100282
-0.0123908734393007 0.234349545135603 -0.083396305585886 0.15930171557857
-0.051293022598531 0.202907039428077 -0.0835796377483834 0.123477615809184
-0.0347923469814451 0.174757453682835 0.0113579191412989 0.07079819033765
0.0117467254918522 0.172483988001819 0.0813268012971675 0.022643204740456
0.0898568918589081 0.154957905977443 0.0989447724818904 -0.0679342308728832
0.159931686111312 0.0725308290246487 -0.00550375914483285 -0.11714584733206
0.201180018541738 -0.0396890189764495 -0.145680276911476 -0.0842134201935601
0.207871261655713 -0.115462751557269 -0.174723135852021 0.0400696626730187
0.174366555291718 -0.173202152544374 -0.138623465691065 0.171711851399079
0.106651618757841 -0.200760819638393 -0.0470301529932376 0.356118140728489
0.147443440064428 -0.136373070766122 -0.101085768661762 -0.0748111785054646
0.204905284074005 -0.0609914173984923 -0.0376975210730662 -0.00814849756645435
0.226006916580445 0.0572288990088147 0.0421089057954173 0.0324522889887819
0.146191030786124 0.158924195443202 0.0484182361081321 0.087215748299754
0.0313502375394653 0.210705405025713 -0.0471319244858498 0.187096497136561
-0.041655675185273 0.210312005755892 -0.114408171021568 0.228638923608778
-0.060727650899953 0.172914146821421 -0.111477738237048 0.198894225496331
-0.0331014342878783 0.137687347756833 0.0010545454063775 0.135410262829544
0.0112241747204748 0.121558728116238 0.0953258026603464 0.066778827537887
0.0629533949128175 0.0981743143818058 0.126702944121481 -0.0462376871682014
0.106761228707877 0.0388489920702359 0.0169724198222712 -0.11788828564332
0.137884604572536 -0.0327241506489399 -0.139113020096356 -0.100819275882656
0.14378526478491 -0.0799060850808183 -0.185014372080988 0.0449835152626118
0.123048367152984 -0.127775792641434 -0.167181456694905 0.207101047532671
0.0819357129763121 -0.154828112676672 -0.0896029542401516 0.424959207561455
0.098348808315525 -0.0794813072160347 -0.156004234537363 -0.0314722057473426
0.130437881351416 -0.0247998185300641 -0.0984276818064951 -0.00237622201059844
0.136611769885674 0.0561055598050124 0.00732395539461897 0.0130419023299255
0.0795929666833696 0.111514175646537 0.0328488466511529 0.0730655915959053
0.00460841559045878 0.134245598607981 -0.0678665447132688 0.200986935600078
-0.0394057413729815 0.133812171385459 -0.148228385117282 0.279173763094175
-0.0480270426604608 0.106996846376153 -0.137835260235376 0.257621117436407
-0.0282255483798678 0.0799580551026826 -0.00941210025079354 0.181996456219592
0.000925533550340721 0.0671749648757188 0.103517258603403 0.0898679911524178
0.0281205508399875 0.0541237046832381 0.14419703956036 -0.0366075947268294
0.0537070237953598 0.0253401069440802 0.0356157004597046 -0.118698246889026
0.0778331359873114 -0.0094506490467325 -0.125620225785126 -0.117338029164155
0.0824709763643516 -0.032537888657108 -0.187962340688979 0.0365158141559524
0.0723549381099173 -0.0667233921647667 -0.188051729523194 0.221155476771525
0.0538635952300401 -0.0886609489124673 -0.120710685656315 0.468812255337002
-0.0393241039156872 -0.00353870374271093 0.122064103803933 -0.42714800353337
-0.0216915943834213 0.000918187454586761 0.127917295075889 -0.234709048942335
-0.0255991492639928 -0.0108712021080097 0.169068834197183 -0.0428901576765531
-0.0208289867632868 -0.0146208871077702 0.112622488067434 0.102379200073052
-0.014120746076925 -0.0203288055856826 -0.00779477616652339 0.105140476004256
0.00168224253432143 -0.0150430533578064 -0.111588341225903 0.0371162319293488
0.0113994572821379 -0.0178856059400638 -0.0969048701738184 -0.0519203081234446
0.0117877780756919 -0.0231067098696731 0.0239039766785207 -0.157247090042037
0.0177556404778566 -0.0260244586776069 0.118882615477872 -0.251959114923086
0.0106203699944438 -0.025262409508779 0.132940775533471 -0.295324773445304
-0.00180298972469468 -0.0267258212921998 0.0430722189782527 -0.225310297461782
-0.0196278773142319 -0.0295669515219088 -0.0559516621303789 -0.0637216203597247
-0.0350458996949625 -0.029546546009072 -0.0226227046964649 0.0196838754764939
-0.0252947833226226 -0.00843529621214155 0.0934952742188616 0.0423159044001387
-0.042294064127463 0.00167767096769062 0.184588584667303 0.0505600446425544
-0.00461080490857465 -0.071366747613522 0.127598964162293 -0.406814512065188
0.0228438449991561 -0.0486835534652758 0.139318898451789 -0.216917179170291
0.0277618033052229 -0.0429821445914793 0.166620656751961 -0.0311171030062918
0.0244256925905842 -0.0222572548161782 0.0993584685632148 0.104172811683291
0.0191926040659218 -0.00306809208783421 -0.0186092856321242 0.101314117129893
0.0245113590293533 0.0211140296471196 -0.108085541484326 0.028933078545534
0.0196109832151408 0.0333390711966055 -0.0881913765964229 -0.0522234682852797
0.00279593971032196 0.0462701039089093 0.0283122310339028 -0.150288820592389
-0.00525763602672301 0.067589754392715 0.107802208725661 -0.239637486307437
-0.00372228715623378 0.089642495414381 0.103369202679503 -0.286571594677603
0.0208821704841652 0.0878322938092494 0.00813494817613082 -0.21515367724827
0.0576547718744233 0.0453154474409146 -0.0733521201067834 -0.0606261577299392
0.0824208352041281 -0.00509651419082287 -0.0311411035882986 0.0179714322965649
0.0845662974564735 -0.0466551081815868 0.0812961046791818 0.040709787793959
0.0253383480323197 -0.0717019232517383 0.174237706273152 0.0648307094818231
0.0382549862701308 -0.13050136521646 0.117573186045534 -0.362093543201404
0.0757524379461488 -0.0941504926397915 0.144413404400506 -0.184901038702488
0.09103410285956 -0.0666410525103175 0.163902949755772 -0.0190620474708664
0.0779180694701 -0.0164682015423356 0.090672421701912 0.0988026508998614
0.0550487086513042 0.0284686780117433 -0.023111585070885 0.0967647957115064
0.0411263832430247 0.0683068113094516 -0.0970982753636231 0.0277754772750709
0.0193125927868839 0.0879321106578096 -0.0745057115790002 -0.0399553743562841
-0.00723043027522144 0.108479820623975 0.0294218944125973 -0.118898801467321
-0.012906099668952 0.145702434835345 0.0849135646441024 -0.193260641538407
0.0162080467997128 0.179657804455793 0.0640571699118974 -0.243383020239477
0.0816249690120741 0.159078934431659 -0.0291198652816497 -0.186155391109358
0.150486058766005 0.0689420223269196 -0.099510430514518 -0.0613699041469143
0.186210794879218 -0.0231940697501765 -0.0598985019232151 0.0101619786704291
0.166823855324356 -0.100607380332069 0.0365906267544804 0.0463727356097481
0.0768983979437668 -0.138911187258012 0.134331328554161 0.106775389318993
0.0864317465089353 -0.170602961387313 0.0881002340332269 -0.294436027073308
0.135174683692555 -0.125650412293193 0.134742234985376 -0.138283984791029
0.163758750010381 -0.0717202136959004 0.156306378745747 -0.00241237565746535
0.138864608961288 0.0119164412248339 0.0869248268579181 0.0914873941765789
0.0898615216927449 0.0834526301179223 -0.0203774329070142 0.0997837906056603
0.0463581052217812 0.129282525174376 -0.0794695032881242 0.0434360997701069
0.00675070091135319 0.142618822982523 -0.0621230731328301 -0.00735527128837415
-0.0168697807273288 0.154453730950989 0.027613683989183 -0.0680826298470397
-0.00487706889525741 0.190371700756992 0.0684564958684446 -0.121818926792485
0.0602527168788922 0.215371966645156 0.0466855110613595 -0.175686233773198
0.151224528987328 0.161899319878336 -0.0441430271915972 -0.147303654551187
0.219527326465389 0.033202948284233 -0.123263264022176 -0.0613145647836614
0.242907379686026 -0.0750315434783794 -0.100595484514637 0.0124746669701949
0.202818365827808 -0.156052023939006 -0.0246374046628236 0.0722048900101419
0.103461110365388 -0.188633699803433 0.079071679348144 0.17298327356596
0.126581471299202 -0.186391487303456 0.0366507421384508 -0.213259104901094
0.18801762769423 -0.13152829953892 0.0997244641140824 -0.0830955827254885
0.228775755958786 -0.046635390605577 0.133365390379345 0.018266088749386
0.188140235173536 0.0665134678046158 0.0820524576069782 0.0883289236522311
0.103650821378597 0.154283430347997 -0.0141266620830536 0.118335789129903
0.0311716274669857 0.191143111168227 -0.0657805981321851 0.086896047388176
-0.0167208412733076 0.183365018125237 -0.0598977167314264 0.0490748316615623
-0.0244644208522972 0.174422100061402 0.0218518867528148 -0.0032291989766089
0.00896788562272744 0.193411401782171 0.0672142106411755 -0.0451618039715029
0.0921073076974601 0.194459713151161 0.0614720054922881 -0.111044895491879
0.178886317031744 0.113469588588097 -0.0312948643867913 -0.120307781124855
0.228393380425723 -0.0208749586729169 -0.136773323053758 -0.064631707021566
0.237328550861742 -0.118004529828543 -0.137436543860906 0.0274252062719921
0.192063275554379 -0.184361946299844 -0.0814033759655056 0.118415913925182
0.105064192854442 -0.208420670136676 0.0227208342586 0.254693006181497
0.144150907756873 -0.173606956309281 -0.0304994306991606 -0.132278866094049
0.211021264058066 -0.107796498728578 0.0384626526508415 -0.0334520598534035
0.252862192073739 0.00187369439643172 0.0906918487511312 0.0323396405068479
0.191935421295303 0.124248420354627 0.0686318213786924 0.0878607451010607
0.0814811312425405 0.205918632564953 -0.0186752546577538 0.150932403400923
-0.00262754710032735 0.223110919819853 -0.0703473731361842 0.154544587433596
-0.0407493217017972 0.193230898025972 -0.0731522466477493 0.120739212667501
-0.0273207982049075 0.165234347514085 0.0137701673113171 0.0650037353905622
0.017150325542479 0.16180096633789 0.0790638609546302 0.0176336759301114
0.090224631830032 0.142184274372005 0.0914608704500936 -0.069676434971967
0.15138678101302 0.061706552229818 -0.00876809799644873 -0.111388764334604
0.184972147246921 -0.0465572534351542 -0.139233132637119 -0.074519468773364
0.189798217914316 -0.117172529100081 -0.15975184032239 0.0438395303576837
0.154544467833953 -0.171535926688473 -0.121397169951625 0.167773446852093
0.090783800364845 -0.193437087271763 -0.0244788412496623 0.337152989203209
0.13062810104792 -0.135093249681232 -0.0976964239501137 -0.065266887993423
0.188142553364174 -0.0671648287244712 -0.0333074754756972 -0.00516924678327053
0.215366748602406 0.0429395807601163 0.0416100318093416 0.0282369563227292
0.144455228930003 0.143181809131322 0.0473576150819635 0.0809320922328587
0.0387841040232296 0.198624432621019 -0.0386371799445372 0.179519357288495
-0.0304375332266772 0.201487398846918 -0.09687905651108 0.222061219756281
-0.0505800400673042 0.164950976755817 -0.0969371929616818 0.192216157617545
-0.0272843417906357 0.130567286274744 0.00626600545736459 0.12596341718228
0.014512742482715 0.113476591378385 0.0932946099688356 0.057647586036942
0.0620000962200711 0.0895811255099214 0.118299705631757 -0.0506566005452695
0.0996918556973001 0.0327189739402479 0.0119415603333334 -0.112953826955782
0.126040091275971 -0.0373199876024656 -0.134094030434072 -0.0898398478433159
0.131017279604011 -0.0807179668737106 -0.169413350397742 0.0483770656868425
0.108900690769875 -0.125420778135808 -0.147734693247775 0.202225526319939
0.0693316155057036 -0.148526778610089 -0.0595594513931442 0.403384432797707
0.0877156961757682 -0.0791178038630132 -0.147225119226083 -0.0209050716683022
0.120169540495709 -0.0297662332786426 -0.0907390999894738 0.00330029839112407
0.130691106919671 0.0457174603353752 0.00761089968480934 0.0118873565758071
0.0794142175048529 0.101486383315242 0.032707025202424 0.0679063706448609
0.00983328606420244 0.127435313746429 -0.0585596660390413 0.193778421176883
-0.031206130481605 0.129754259143831 -0.127069618339283 0.270274174544509
-0.0415188773064829 0.103022058246699 -0.119034415664625 0.248892236836623
-0.0251188701477328 0.0760939684863965 -0.00203323693108971 0.1699145863457
0.00315240508671525 0.0625052425155358 0.100312289012372 0.0789898151779005
0.0275168367133212 0.0497491794115042 0.133756824630114 -0.0428265837346504
0.0499052447565789 0.0222442747452411 0.0292750358236323 -0.114058461210147
0.0713841161808008 -0.0122439529910907 -0.123281355649805 -0.105832436440636
0.0764475052022199 -0.0336955239462034 -0.173378583851402 0.0406751080407015
0.0639553853633347 -0.0655911325678195 -0.16715122611297 0.216792983984159
0.0459436065640242 -0.0857416083271982 -0.085711485726345 0.4444778069442
-0.0375802408366687 -0.00629165684780485 0.169588101013833 -0.398625206402458
-0.0204849526476758 -0.000885710760112673 0.153828874651918 -0.209983199189072
-0.0244706772437867 -0.0133132717608041 0.169636086067826 -0.0198200260172362
-0.0182936523275063 -0.0169630728712288 0.0969784922361924 0.112110522834439
-0.0109413742260229 -0.0210886263467936 -0.0213238207015588 0.0996298076153971
0.00476181812468062 -0.0141005555401152 -0.11345625018652 0.021541159274949
0.013902866143596 -0.0157583729334245 -0.0844071706027342 -0.0605802506483672
0.0148986239840063 -0.0208177900889262 0.0481880385346956 -0.145870757127388
0.0198635196634347 -0.0242517844560939 0.152485419551886 -0.224209604778254
0.0121447375573622 -0.0249093939023225 0.172622858441687 -0.265061068656403
0.000917168922709975 -0.0270211051253166 0.0773099657272237 -0.212462874902509
-0.0150839376470733 -0.0304519413776506 -0.0417918949764402 -0.0710121675252696
-0.029069104707041 -0.0321171469624916 -0.024298195335231 0.0155608754901439
-0.0222939454815642 -0.0136279628805236 0.0859725796893261 0.0561487933065679
-0.0395304391215911 -0.00631141116276295 0.173679017204049 0.075986439617258
0.00348348737702972 -0.0670407825124444 0.17428630853755 -0.375663917766347
0.0287858477662586 -0.0420289151038783 0.16448550422874 -0.189181891068681
0.0307701817076938 -0.036539301630965 0.165863672162618 -0.00483211880255022
0.025225782478381 -0.0168979587423066 0.0820723813292384 0.113684217848723
0.0174869259243538 0.00101301663164071 -0.0329238807007276 0.0943469309971049
0.0204869586242415 0.0243160454649597 -0.109935845853886 0.0131165763659093
0.0136113918831822 0.0347091346395029 -0.0764840399531311 -0.060821822186987
-0.00501170084810384 0.0442999788069065 0.0512115348509078 -0.138910664958682
-0.0162380284213505 0.0602066073499581 0.140621417137032 -0.214681336697752
-0.0183981588690571 0.0816711300673897 0.145315430131226 -0.260923679078626
0.00456574951148235 0.0848840374718405 0.0444196294031353 -0.208255528981427
0.0463340329383075 0.0535840002577107 -0.059614616354619 -0.072863707527521
0.0793275497337531 0.00869937718938726 -0.0324778217342766 0.010373446493986
0.0883341948673385 -0.0333980766364569 0.0717266635243692 0.0498861794541364
0.0359480808846841 -0.0657023482429886 0.160117985162931 0.0887234751940588
0.0519406387404293 -0.118379371066265 0.162530981363944 -0.329652190999825
0.0853490598311026 -0.0781153327182546 0.166217587031509 -0.155134482591576
0.0937689637843468 -0.0504404800571638 0.161391013509225 0.00963150581205607
0.0744571268324232 -0.00378805689303298 0.0716388938878563 0.108991854917
0.0459788760653292 0.0366214189856885 -0.038747708350131 0.0895638401948579
0.0289133836074421 0.0713955486745669 -0.101018464138402 0.0119320034721544
0.00443497107525024 0.0876985469321167 -0.0655447180583372 -0.0480333582496643
-0.0246850874532262 0.10227369105882 0.0477759824859278 -0.109272852886611
-0.0353643910463394 0.133852047647321 0.113255700929822 -0.172329813281759
-0.0128720234075501 0.170868451576573 0.102491322737834 -0.225182839423114
0.0506425361471194 0.163035300897575 0.00541092492007474 -0.186534888322238
0.130203561859467 0.0914496998036218 -0.0856329913035912 -0.0781486473874518
0.179553133448104 0.00745602370804952 -0.0591393627942974 -0.00355559663155471
0.174847688184619 -0.0719737833289533 0.0248701464656449 0.0470349714504744
0.095917904328796 -0.121160454838918 0.114205809847033 0.123537467558984
0.102053069446448 -0.151690780779055 0.127594112581061 -0.262667909586018
0.145799402312158 -0.100378546763535 0.15192123635793 -0.10786424208464
0.163451391489144 -0.0448238515436717 0.149584566859385 0.0286682763536599
0.128751346931742 0.0328996594296272 0.0652492204657773 0.102159400895489
0.069768464807888 0.0941142792574733 -0.0384473652036192 0.0911437262919087
0.0244474410855275 0.130991641021437 -0.0876657480540849 0.0276282210137457
-0.016155157196418 0.138612609839206 -0.0571277526954765 -0.0162488068848016
-0.0409287454839824 0.144373166190022 0.0371588098172512 -0.0612256825360817
-0.0341127010476548 0.177724278571493 0.0871911433447855 -0.106509925880744
0.0231249734075446 0.211837286636141 0.0765469384277556 -0.16383509763674
0.115591770918759 0.175477617948347 -0.0158802801533941 -0.152579691422969
0.201024777221024 0.0682802165187247 -0.110000814709614 -0.0822131802925989
0.240889699570978 -0.0335481098921346 -0.0993223671676979 -0.00889763774367868
0.216561245594759 -0.118018353610512 -0.0393944072848582 0.0625578818549259
0.128950634593473 -0.163409082813622 0.050186628538299 0.180113766811984
0.142601824817137 -0.162372662165284 0.0690273772087506 -0.187555044758275
0.196659265427832 -0.0990664040210232 0.110172641836718 -0.0561955951657482
0.223275549598001 -0.0120496566131579 0.121690788001416 0.0477936122910718
0.167470729807507 0.0929520149211171 0.0572325513326609 0.09766760056935
0.072143212220361 0.163982131270883 -0.0369990671824833 0.107720088261518
0.000424892013681962 0.187944510260917 -0.0816756315250993 0.0698176949217512
-0.0448873246581756 0.174298592985308 -0.0622981609973524 0.0373455929621729
-0.051781891103799 0.163426842185359 0.021228290537613 4.423527938434E-05
-0.0210786270856775 0.183542805664106 0.0748973119905759 -0.0330432609969742
0.0568591105651072 0.196917398130576 0.080711359466053 -0.099966828120434
0.147958991529106 0.133889027640295 -0.00893534611952172 -0.124311300492076
0.217166629041827 0.0182184892558102 -0.123664657208963 -0.0869784091831287
0.241404119729063 -0.074067710023451 -0.137884332073166 0.000866093120971909
0.210720547182271 -0.145623428067929 -0.102046568124375 0.0991171764514267
0.135059732288287 -0.181577454330402 -0.0179506198925425 0.251517412775031
0.157791217359909 -0.148819147253911 -0.00678235427857674 -0.116240172906224
0.215755200579169 -0.0731745804823864 0.0422636627870145 -0.0160495356541892
0.2389108807537 0.0376430923674252 0.0749071042104436 0.0552576092492135
0.162223715680571 0.148599508840827 0.0420116928460476 0.0927627849384042
0.0428788102449389 0.20922763174186 -0.0463710385281442 0.136177304033761
-0.0348748134687331 0.213917200492018 -0.0942955899781656 0.131696070999628
-0.0685614444808336 0.180665601782671 -0.0841455798142748 0.104441874127824
-0.0531146381639892 0.154285504963204 0.00311111696109211 0.063889295367804
-0.00826279650189584 0.155055613240081 0.0761996686888374 0.0283103954068372
0.062463454933107 0.146982854189068 0.102297497778774 -0.056308327961332
0.130105110080628 0.080821594339 0.0105806116608655 -0.112511399800909
0.17926301432483 -0.0135016160857232 -0.125176554970712 -0.0961388556091911
0.195826613010426 -0.0798432030478941 -0.160542721987246 0.0126974071738855
0.17314281410114 -0.137454983678195 -0.148003205526642 0.140786742283155
0.120182372199209 -0.168501670306843 -0.0747074640540739 0.323788718945716
0.140612486725795 -0.113780229031065 -0.0809808074420855 -0.0612224319810594
0.187396070034892 -0.0381502195115656 -0.0324486462491318 0.000752709158333922
0.198372596070515 0.0714031113689344 0.0272331179682258 0.0415418190007893
0.11478555038973 0.158545720318652 0.0236165247922388 0.0811096425720985
0.00329293021476746 0.195439944548834 -0.0675199515072426 0.162052071690212
-0.0581331242260115 0.188806482793179 -0.128194499544657 0.194257268263443
-0.0741924415012933 0.152896324217592 -0.116856241404312 0.170729281323868
-0.0477407295664121 0.12148386761168 -0.0143559395192294 0.12041642077135
-0.00397000536087258 0.108680818126119 0.0825822688016174 0.0681227538980727
0.0445975982307095 0.0931820205328473 0.123823428965691 -0.0333762320288355
0.085843857372997 0.0452764554000549 0.0294925655927999 -0.109173759337267
0.121120513525409 -0.014151521822023 -0.117051631230672 -0.109463428978883
0.135162721458833 -0.0534545170487984 -0.169343564033374 0.0162901142594835
0.123885962911828 -0.100064873730276 -0.1771189865829 0.170089384512646
0.0938047853331047 -0.128942199702465 -0.119331472740078 0.382749044988247
0.0927190268555246 -0.0650867281949881 -0.136237605752999 -0.0291221386585317
0.117906877961087 -0.0121683598803498 -0.0900982252756326 -0.00187136833634423
0.118058924953086 0.0616822544364949 -0.00129111056916407 0.0165943556633126
0.0588565043273468 0.108451354515237 0.0148987168025327 0.0669141178030646
-0.0122585701504494 0.12298364133438 -0.0869765187065654 0.174673144183871
-0.0471940542791554 0.119481866447741 -0.163015170460469 0.239516416852517
-0.0561971406830797 0.0942768901569105 -0.145655943945498 0.223505428841218
-0.0368843898036584 0.0704405589953222 -0.0290247905353569 0.161272511424655
-0.00644292501088766 0.0587960564207656 0.0848391983489174 0.0896373375266643
0.0181313949279164 0.050252170255208 0.136030257219925 -0.0231876273847316
0.0415914856738458 0.0278932228302331 0.0467162827803866 -0.107248692553048
0.0664022570363931 0.000830051784636468 -0.103617089769126 -0.123112230157642
0.0765576539685865 -0.0168990161195137 -0.171739401518235 0.00939462287495833
0.0727133199129093 -0.0492458113214495 -0.19610398969533 0.182250443960416
0.0622973663666632 -0.0718576227495099 -0.149457742612931 0.417838178096093
-0.0382720517993824 -0.00605151027060279 0.171402841752447 -0.404650913239805
-0.0205573943447967 -0.00112853483885096 0.156883576810258 -0.212208478580831
-0.0253274791433403 -0.0136790839482162 0.17164947903799 -0.0190896711527885
-0.0188803115266492 -0.0174022552325854 0.0985280604933439 0.1143146004405
-0.0110467873570219 -0.0212820580700312 -0.0240714387211138 0.100654487427803
0.00504742615665362 -0.0155286618480492 -0.116679625161844 0.0224824769910401
0.0151418745060435 -0.0167606806034793 -0.0828872997806392 -0.0608563627297316
0.0153676229372513 -0.0206885291983811 0.0521789592237266 -0.14857804551838
0.0204947373806365 -0.0245211105029899 0.157413218726086 -0.226263627063085
0.0126850415728479 -0.0250798585776543 0.178629105889067 -0.270314311898376
0.00159553319721848 -0.0267840408262937 0.0831220682367546 -0.217306094556416
-0.0150190099657747 -0.0306092002254298 -0.0395116952768493 -0.0736898970964549
-0.0289408401608841 -0.0323707558942753 -0.0239331941885769 0.0157791196687102
-0.0225993075518025 -0.0149670962950565 0.0893081530884784 0.0571429595028943
-0.0405191495433788 -0.00503693382235979 0.177745204358796 0.0758342613212979
0.00348834378113383 -0.0672308878024578 0.175526753815904 -0.38229365794669
0.0297033219655763 -0.0426736598119759 0.168092601607026 -0.192304577716757
0.0304986648424703 -0.0365798286384888 0.168348654128081 -0.00364222372110298
0.0249476948027422 -0.0171007281059541 0.083306817442623 0.116637128813876
0.0175343915171827 0.0013586923850911 -0.0356445578664698 0.0955367601439564
0.0206244737297715 0.0241747799127895 -0.113252497780153 0.0131856595378124
0.0141108125194029 0.0345577758594769 -0.0752011828962045 -0.0605087205813497
-0.00602097658400317 0.0454966524747802 0.0553879062896019 -0.140818522655319
-0.0172078042591452 0.0616534105185177 0.14648330996331 -0.216118842922753
-0.0196103112400901 0.083494774452934 0.151089813829105 -0.26566252027174
0.00461440850224132 0.0874935228639732 0.0497129042986502 -0.213004606361234
0.0469144070379596 0.0555655418028464 -0.0581629355071047 -0.0761303472928118
0.0811789208246197 0.0103435714334411 -0.0319503739253597 0.00970335128647353
0.0901606341417285 -0.0344667669591076 0.0749556849864832 0.0506410902877227
0.0371489727081298 -0.0661950364230639 0.163242950581927 0.088659498567459
0.0526257236315207 -0.119550820372656 0.164905639236634 -0.335697541677864
0.0867202881056491 -0.0789451819838446 0.171262748529689 -0.157817413035039
0.0940192545588134 -0.0501365901838434 0.163394791545564 0.011461289114575
0.0748645019057242 -0.00253859210797184 0.0725307200960215 0.112141523484265
0.0454188603564776 0.0386750706563761 -0.0414071076047781 0.0912409589363211
0.0286813832263109 0.0734467986930521 -0.103139889737432 0.0116762935797303
0.00403152731008296 0.0884831798829575 -0.0646544474039426 -0.0472483269486335
-0.026627483071839 0.10405391275643 0.0506024234065366 -0.110742473385801
-0.0374335636694628 0.136243198384387 0.118292590915206 -0.174164239350326
-0.0144264615327892 0.174137707287304 0.107698261982737 -0.229524660091453
0.0494444744135859 0.167654710643804 0.00940683771868843 -0.191189958487091
0.131506554485563 0.0947165190213528 -0.0847582964792639 -0.0827509936560771
0.183906279050768 0.00946602208655168 -0.0585101627583027 -0.00515815795979891
0.178010671620213 -0.0733073163172086 0.0268177872261508 0.0471622213788509
0.0979780861891757 -0.123115415161908 0.116919775411383 0.123940646064599
0.103571063794414 -0.153429873223732 0.130606368433633 -0.268580377455066
0.147742373323102 -0.101158764357775 0.157017634366329 -0.110162184598507
0.164789040619269 -0.044287369097682 0.15203386341105 0.0299038758733322
0.130042169964994 0.0345655384283117 0.065470138292081 0.105891331281779
0.0700088152192921 0.0974422634908996 -0.0418192224474611 0.0930036678132511
0.0235788586912253 0.134425642110745 -0.0896531971721948 0.0272724586264143
-0.0172365797780271 0.140437650700517 -0.0571875496008619 -0.014447774575251
-0.0446952346235232 0.147305377206563 0.0394483633938491 -0.062282661436355
-0.0364688090525582 0.181601751259853 0.0919131276733243 -0.107984302406006
0.0216009798315052 0.216297444646105 0.0809484072102876 -0.166793671273826
0.115435666639202 0.180681595715016 -0.0118783070163453 -0.156336866077245
0.203206146665175 0.0717946058352442 -0.109806617606057 -0.0872369869165021
0.245776231379678 -0.0319530309380833 -0.0986308989774203 -0.0115230029895978
0.220906474283155 -0.119971264736633 -0.0400581567834206 0.0627802683679965
0.132578605023143 -0.165636188940402 0.052227306663304 0.181309540711326
0.144102034909459 -0.163945139199205 0.0712567843015542 -0.191889774600424
0.199581027468014 -0.100291096991063 0.11448178677689 -0.0580034091754384
0.225425499507618 -0.0104703246800651 0.123622914013721 0.0493217617033891
0.169053608967103 0.0959230910046655 0.0563247815834904 0.101054981487282
0.0727856900606116 0.168030531487812 -0.0404263297136442 0.110666652465474
-0.00102799898577791 0.19357867797088 -0.0826320084328235 0.0700494966133503
-0.046550864525531 0.177290736196411 -0.0631760975090191 0.0390042258960172
-0.0560360243438004 0.165685013086352 0.0222122680891465 -0.000965173786672789
-0.0238224819654075 0.1871861473761 0.0786695790362604 -0.0339780254283721
0.0555032515194248 0.201302259524021 0.0847509377167242 -0.102338069322813
0.147915518489201 0.137826471428793 -0.00611046503966761 -0.127371364142383
0.218270146055902 0.0205656138614352 -0.124137528436657 -0.0919437053481014
0.245687768496159 -0.0732842909827961 -0.137647586213326 -0.00315058781362483
0.214604734337004 -0.14802916050149 -0.10431288404406 0.0994392613432833
0.138014917733197 -0.184290762788625 -0.0162936936338931 0.25352344190729
0.159675796025208 -0.149825024214631 -0.00527123016234988 -0.119434291278265
0.217607656579371 -0.0733295915235626 0.0458318183970827 -0.0172427460932512
0.242196373069788 0.0397927859186621 0.0758953382034726 0.0567501620509292
0.164110638611777 0.152822913688444 0.0401660994399854 0.0955956438855404
0.0427192634649972 0.215250290113055 -0.0501770905881567 0.140229086922784
-0.0373177728466484 0.219275185370113 -0.0965549323324995 0.134047307514785
-0.0715168449064352 0.183373580282971 -0.0866459336456434 0.10745468434252
-0.0575171314784832 0.157180180197781 0.00192414580425744 0.0634283983700124
-0.0111702136881958 0.157922068692045 0.078728489366651 0.0284961914997361
0.0612293082846022 0.150502778065615 0.106335693939991 -0.0572534633872679
0.129128851763183 0.0838021133262034 0.0130042884586932 -0.114854448604804
0.180196586686833 -0.0117379183781853 -0.126089854955769 -0.100943620617505
0.199558427343276 -0.0797313588239255 -0.161169563780072 0.00892017476731117
0.176883021017405 -0.139990399739415 -0.151298456470219 0.141323331438671
0.122770437565404 -0.171157307409176 -0.0755897034007756 0.327389366397628
0.142189491002593 -0.11424615624028 -0.0809146926589639 -0.0629616658214928
0.188962699742407 -0.0370960981895746 -0.0312962467594047 0.000235310545241657
0.200591039769964 0.0739442695189942 0.0272836692023117 0.0416909383251946
0.115368107562562 0.162562909808623 0.0204625195111782 0.0833763202581598
0.0029474035444351 0.200734803982529 -0.0732227169738167 0.166012159014867
-0.0599852502753303 0.194081125483648 -0.131690560162837 0.197511792018737
-0.0768656292222852 0.154883162518836 -0.120632174457486 0.173487489082089
-0.0511008589130484 0.123055318425699 -0.0163570103683569 0.121220003012586
-0.00605627753066845 0.110351789207424 0.0841764931745604 0.0685438708376865
0.0429336477751219 0.0957748717118905 0.12703264502043 -0.0351681875820427
0.0843850309403591 0.0472907541732442 0.0323416979286601 -0.111283148122643
0.120944905212961 -0.0128862334632836 -0.118146419733123 -0.113941439016471
0.137966471520657 -0.0532757726445975 -0.170346127441205 0.0124767060324246
0.126287088274182 -0.100459650557962 -0.181849760250615 0.1718285516003
0.095622121753762 -0.131252316656609 -0.119270143214593 0.386743245962195
0.0935140377362901 -0.0652897295795801 -0.136853885270054 -0.0296152312463277
0.118175855053098 -0.0112046013967909 -0.0902200035978717 -0.00227663131830905
0.11954047821591 0.0636130287106849 -0.00184954871401237 0.0166351390905223
0.0591979617247494 0.111469260895359 0.0117595721848879 0.0689613725286897
-0.0129182205929167 0.126362427638711 -0.0940097954513678 0.179786006551746
-0.0480220366546617 0.122468654193443 -0.168014641549497 0.243857887047075
-0.0575794380830252 0.0957277807420829 -0.150266332374082 0.225874839959631
-0.0393085851074482 0.0717632575119778 -0.0321847152433976 0.162683910846332
-0.00834937544976957 0.0593503868671804 0.0854881548647429 0.0904935080386701
0.0174778488171144 0.0513242176019219 0.138916723944649 -0.0242421023868884
0.0402618467841383 0.0294451347373191 0.0496153684510306 -0.108815254755934
0.0662095163303791 0.00127216743682647 -0.104532653383065 -0.127142088009399
0.0779649925691296 -0.0160163156963723 -0.173305949381925 0.00535759176111803
0.0740336622912868 -0.0492364885163161 -0.200275154833706 0.184109854535368
0.0629875801486489 -0.0727179017736701 -0.149853673098888 0.423135342710955
-0.0401044676720234 -0.00461457784362783 0.156720811307467 -0.426686453092816
-0.0211598764126095 -0.000923827931500725 0.152242348438979 -0.22487206383318
-0.0274462098735183 -0.0128639250815972 0.175911316512734 -0.0258338265457889
-0.02078825768866 -0.0175054143296105 0.107124919883354 0.115112622617916
-0.0126410605729967 -0.021556797939705 -0.022522439785364 0.105275504880524
0.00518592949298593 -0.0171037485545865 -0.120670421326048 0.0298813822692425
0.0153352005493608 -0.0190377735510079 -0.085429492199418 -0.0583442578980543
0.0158860989750435 -0.0215675847311252 0.0501025632117161 -0.156216636853607
0.0202896349034532 -0.0256900587169307 0.154598248118244 -0.240189220971578
0.0118058242181567 -0.0263350613984159 0.175193139053766 -0.288951890343308
0.00110329290915249 -0.0281363016441759 0.0804547560041473 -0.232282227537421
-0.0170690435904376 -0.0312953635815037 -0.041678013714851 -0.0764546545559433
-0.0309658058328561 -0.0315717563065458 -0.0227547803309598 0.0163381751819567
-0.0247543582846192 -0.015145491943383 0.0972228143688876 0.0545728443661436
-0.0416987027003869 -0.00330414948777585 0.187661664638435 0.0681716384652147
0.000469357520727506 -0.0694704006892448 0.163452011521316 -0.404297210616341
0.0291193428009368 -0.0462246137894764 0.165128730584719 -0.206118382175847
0.0289099587422268 -0.0383459888782972 0.173445696665354 -0.0100417004575581
0.0246166402241388 -0.0183646256239579 0.0909471915653014 0.118931936294623
0.0173932337474544 0.00106786896268317 -0.0345917707676847 0.101106660992701
0.0223146757468483 0.0241355855503712 -0.11791169598228 0.0193843844639482
0.0162990527259944 0.0346868571939774 -0.077916771602009 -0.0580581308190091
-0.00423175522438747 0.0474850942499631 0.0529844912364541 -0.148354207134168
-0.0156186751696038 0.0646803263420813 0.143861364866044 -0.230322001866648
-0.0170119786777266 0.0876791846783949 0.147666262754335 -0.283309016186436
0.00850540619958553 0.0914980746863908 0.045337090258744 -0.225370683773193
0.0502859122161451 0.0565603254272737 -0.0609668901178707 -0.0780611439754963
0.0853988963004096 0.00812791154307028 -0.0311367273783217 0.0104778665010084
0.0919622447189008 -0.0405303911930529 0.0813795069613852 0.048309901061633
0.0356387040090024 -0.0693636485793044 0.172964508716741 0.081614242289107
0.0485051128785357 -0.125601353289825 0.154210990820178 -0.356012582387791
0.0861469819077686 -0.0855088913702053 0.170662769109504 -0.171801348591708
0.093833553463843 -0.0548233840817925 0.169818282639729 0.00489151514510743
0.0764487526490697 -0.00521358921288034 0.0797135774083475 0.115172492719976
0.0487738573537036 0.0386413300336825 -0.0411116731044444 0.0971553030408287
0.0324434247115593 0.0752271469607047 -0.108093072854919 0.0160164334336215
0.00804821974342523 0.0909505189037845 -0.0663643750799962 -0.0442071995557373
-0.0242393411301745 0.109211636160823 0.0497186503557695 -0.117841575970372
-0.0340441217309501 0.142834667478069 0.117352047146613 -0.185524509371349
-0.00825479403093338 0.181843563174138 0.104440831086896 -0.244037572046657
0.058789745867662 0.172809193086842 0.00404917776785445 -0.199474700080674
0.139937268867665 0.0943309892282727 -0.0889576385246405 -0.0840230556986026
0.192091861419605 0.00256776897186105 -0.0598103563788913 -0.00437313493115972
0.182027032572603 -0.0850416541008436 0.0305456844825289 0.0466510230632972
0.0968023780967899 -0.131665516043294 0.127343730977817 0.121297183045072
0.100073149266251 -0.16273299360982 0.12190754345749 -0.286464651173636
0.147879819366853 -0.111003492294746 0.159250160034417 -0.123076427241517
0.167545642289437 -0.0515914026766667 0.158858547433751 0.0247219212605233
0.135406245771927 0.0311785734118134 0.0712270808084259 0.10905851917073
0.0767290196328488 0.099021131729425 -0.0410133558569134 0.099758716896227
0.0297855028183462 0.139570018734528 -0.0924820576003956 0.0317348926533248
-0.0120330430984845 0.146100770463809 -0.0589392436352185 -0.011240106872751
-0.0410017095092496 0.154387666255284 0.0394525284196556 -0.0670090791357084
-0.0314515996116977 0.189753964504191 0.0926482211405677 -0.116068750870876
0.0314321007361605 0.224124246189655 0.0788389953369202 -0.177812599282581
0.125590421317696 0.183954292939988 -0.016619884109724 -0.162141830439897
0.212481394595888 0.0675322538783784 -0.115788832662005 -0.0883187523254124
0.254906845370592 -0.0430046201273088 -0.102369704881244 -0.0100420793208652
0.224807923611578 -0.135758630276545 -0.0386463013063261 0.0654871692172205
0.130707060962497 -0.177964599342098 0.0627445185767354 0.183752932713487
0.141814057156679 -0.175615788544644 0.0652609390715621 -0.203462068134823
0.200987048577633 -0.111611125567983 0.118068830213564 -0.0670656509263745
0.231839345208131 -0.0188956654123808 0.130010399560692 0.0452772162554495
0.179445207795428 0.0928094313073642 0.0610888847203363 0.104124575813351
0.0826632291282155 0.173147068201496 -0.038728499891159 0.118964851017268
0.00738317884225057 0.202296566819379 -0.0833389166681936 0.0754448784289005
-0.0412464527369679 0.185762910139732 -0.0632556330243011 0.0447964588021944
-0.0528563358816044 0.174963848511437 0.0231116742794231 -0.00249740696278865
-0.0179806980683688 0.195314250353134 0.081688672755799 -0.0394176172065737
0.0647906713056172 0.207054361444216 0.0854028465133638 -0.110711776364556
0.157144262034561 0.138433121544484 -0.00915530919904875 -0.132870423032376
0.22565741778699 0.01398674253733 -0.131724726665047 -0.0926056277718149
0.253307975761903 -0.0862971964123285 -0.141844188364111 -0.000427908496483972
0.216884430386929 -0.164273738369612 -0.104200674751978 0.106558533417564
0.13485053910729 -0.197232553842431 -0.00426641796189381 0.261822999911448
0.158168845079717 -0.160615346129298 -0.00991237943340232 -0.125218409265818
0.221061381097547 -0.0841793006760548 0.048422867579238 -0.0209871042284732
0.252975908788519 0.0327942855650618 0.0812486351778673 0.0548121258532356
0.176932140242373 0.152429955544466 0.0429468489215054 0.0997984442331788
0.0543793891002139 0.223745740985096 -0.0483912454841875 0.150247698976523
-0.0282884104492578 0.231481191168825 -0.0947993261730847 0.142294718390035
-0.066711725661246 0.193020830882597 -0.0854333605377533 0.115477220696324
-0.0548915765640463 0.165732867612766 0.00420850932451389 0.065134991717659
-0.0067535659972013 0.164056940610467 0.0838648151105074 0.0246923228985629
0.0689594290097653 0.154626619480983 0.109550213129247 -0.0659132432836528
0.134977629639017 0.0830218886539232 0.0109165144845337 -0.11967823827784
0.183658549376886 -0.0177703181352965 -0.134192269693086 -0.101522269183905
0.203999813719952 -0.0909257948733205 -0.165352164394487 0.0120126183541916
0.177603706981299 -0.15317939981496 -0.151908895139689 0.15269690496285
0.119122495308956 -0.183434943068382 -0.0611177432554122 0.3407178054819
0.141437648049481 -0.122787166799697 -0.0849346518965719 -0.0627736783231103
0.192432140601894 -0.0463572215730353 -0.0307049965458174 0.000483735429608631
0.211186736064901 0.0694603610848123 0.0289632700057371 0.0412998921163026
0.126274869900141 0.16511227991696 0.0225220463540716 0.086771624863698
0.0122790629278242 0.209748920849608 -0.0727827950166676 0.178725374881325
-0.0527640423153639 0.205082000777759 -0.128357669223391 0.210384584704228
-0.0735523277038726 0.164210143097727 -0.118373584783363 0.185748765028686
-0.0498255544361593 0.130678725525961 -0.0137624015922766 0.125636407959214
-0.0033447991304489 0.114520583897875 0.089834193039898 0.0666660965766242
0.0480906466123982 0.0980152664867197 0.131383397164212 -0.0426564236931737
0.0872843906331702 0.0473274357782113 0.0307143879369395 -0.117290396171339
0.122987830497412 -0.0171034738684497 -0.126760920679649 -0.115263749343383
0.14094529406673 -0.0606427689681531 -0.175505041959225 0.0157475963487409
0.126804226666409 -0.109899727920625 -0.181815213402342 0.1851330880882
0.092536286589068 -0.140218082653592 -0.104102349363372 0.403827365638423
0.093479539103423 -0.0704750334947729 -0.141811520325488 -0.0253567891068047
0.120915090700595 -0.0153528636154478 -0.0933789516142065 0.00160388431415066
0.125802520473605 0.0618155896396378 -0.00234302416807228 0.0167504900027966
0.0655392413369427 0.113599182880743 0.0118576106777768 0.0715970912880094
-0.00779881065268019 0.132518155559841 -0.0942200193904245 0.193972589322679
-0.0436947983818509 0.129654164690909 -0.164125457997082 0.260691277468615
-0.0562209738948099 0.101790451347635 -0.14810036402511 0.24044459378064
-0.0395815505511775 0.0760086615917698 -0.0287356841593917 0.169993950628342
-0.00709377326131457 0.0616577494169493 0.0913527162597208 0.0894205671529946
0.0194495259545506 0.0527863961082731 0.143375418089796 -0.0325633319228248
0.0417852636641579 0.0303868406143051 0.0481662041547617 -0.116033771041908
0.0670419217275018 -0.000602605572594949 -0.113230056192089 -0.128839667097517
0.0803905592062467 -0.0197911912640115 -0.178559070621197 0.00892673412714082
0.0749531099208785 -0.0535517725014857 -0.200318150373497 0.199318973692796
0.0613651419509386 -0.0782153582850835 -0.132647228517475 0.44286175936307
-0.0402463913842868 -0.00112770570980604 0.120158165437046 -0.433917198456408
-0.0209096655311964 0.000109372975753685 0.133147676353769 -0.234258345053648
-0.0288316344264023 -0.0102623096613617 0.171471853305467 -0.0376808802462756
-0.0223279929420312 -0.0159929275075741 0.115488374764642 0.106860512521145
-0.0143479886017105 -0.020368554773649 -0.0163182578721075 0.107364479766655
0.00385394838070766 -0.0177090468380725 -0.118849708608629 0.040590194140819
0.013838186594577 -0.021166823081639 -0.086229542328354 -0.050221963243211
0.0146682443893323 -0.022506653381209 0.0390395651580421 -0.159286068873749
0.01881038952752 -0.026922369849454 0.135447246154022 -0.249229132328151
0.0099723196704528 -0.0271764078842109 0.153087232100571 -0.300961832288453
-0.000428175159740587 -0.0276806250359277 0.0636998111779623 -0.238750565338596
-0.0189319935020243 -0.0298325889956789 -0.0453191284812428 -0.0740529753725717
-0.0329373871764844 -0.02890919833302 -0.0200152160320306 0.0174144754816223
-0.0262011077357903 -0.013390524415687 0.102027062259412 0.0447354997395743
-0.0412219600486004 0.000636363451521203 0.191631132676808 0.0507898487557897
-0.00553941714250908 -0.0688470133050009 0.128305662663189 -0.414615997347993
0.0250138363901346 -0.0482889291926887 0.147080988849488 -0.216955230095165
0.0247950660519526 -0.0397796576554846 0.170255819565016 -0.0225997488457783
0.0219023408325575 -0.0195559905084994 0.099587084574764 0.112052319618774
0.0174319219852112 0.000246033327506434 -0.0283702557063349 0.104075977225954
0.0239959823894836 0.0217775353483208 -0.11697151517181 0.029319533099845
0.0185419163493681 0.031806247442439 -0.0785695264527341 -0.0509323380166159
-0.000964313825533876 0.0481395220871742 0.0436109530441503 -0.152511018153842
-0.0102976751204916 0.0660381405033423 0.126997861523087 -0.238987164472197
-0.0100397878752065 0.0888726315890252 0.126568411388815 -0.294113435564953
0.0158276258673879 0.0913371655118195 0.0308634134957526 -0.229375726786157
0.0545686788581852 0.052982649859716 -0.0643147814076377 -0.0752220421964078
0.0866443637837294 0.00195546499798452 -0.0292242458995604 0.0112610165192468
0.0883938657762842 -0.0480561665936464 0.0857390775566745 0.0404519917913919
0.030460971005773 -0.0714831122940527 0.178511629855979 0.0655268847775973
0.0384151318463271 -0.127686055722646 0.122679746753689 -0.367186272775929
0.0783050693702767 -0.0917226031753846 0.15537196052807 -0.185012584329848
0.0882995249384449 -0.0601425048153712 0.168039771125964 -0.0081328618843156
0.0750033143426572 -0.0101642517919364 0.0876321813640132 0.10961171231422
0.0509785352481443 0.0352001123311756 -0.0349530318052029 0.100630337321578
0.0379519374151258 0.0727262085426669 -0.107404461449273 0.0247970783449842
0.0145024671150813 0.0887499890608488 -0.0673344656976875 -0.0375656301741007
-0.0164160102823749 0.110861238610298 0.0418207839828732 -0.121095474434335
-0.0230062126180073 0.145294560817616 0.103934546659782 -0.193007115623558
0.00603086794960363 0.182104569637721 0.0872183664225644 -0.251680612864134
0.0720015409092584 0.168979499262711 -0.00807867821607683 -0.200065956559865
0.145963646778098 0.0843665940994749 -0.0932048537105744 -0.0792740460797718
0.193232488024379 -0.0117330974536644 -0.0589151578611658 -0.0023300730460229
0.17498859929681 -0.0996273102574307 0.0344005768997207 0.0426597801348809
0.0858494562010464 -0.13810113431669 0.135676099616803 0.10803012795937
0.0862776283997123 -0.168528533993189 0.0980591384227326 -0.295562186582012
0.137780403010261 -0.121637172550265 0.148484262243012 -0.136720829062484
0.161932225480222 -0.0627783653509035 0.158641604501357 0.0120033402315275
0.136692097718155 0.0215961214016779 0.0785549505574872 0.104709669615398
0.0841113904458433 0.0929656519672608 -0.0343351537521364 0.104463157683581
0.0407822288259666 0.137269470259736 -0.0911726480181869 0.0380469116950655
-0.00109890820322195 0.144714094372437 -0.0573739138041593 -0.00513384236739751
-0.0301378400343037 0.157861055064824 0.0345728065292669 -0.070165179893036
-0.017382221135312 0.191580278411634 0.0847384301210391 -0.122961719068898
0.048075790097059 0.221146300840517 0.0674337568333345 -0.184213875316988
0.139178591015887 0.175890575818026 -0.0256787581514119 -0.162022595121934
0.217120089086259 0.0520276342834605 -0.120301040059738 -0.0818829417507857
0.251429881259898 -0.0630261970293843 -0.102156158825575 -0.00488441172635588
0.212759908895259 -0.153496117630656 -0.0336887977249452 0.0671943297453918
0.115409193872084 -0.186681311650943 0.0769443968271321 0.175050543674655
0.126485489472418 -0.183955027762235 0.048642061847909 -0.210426338268849
0.189657063817984 -0.125672789945302 0.112733127239527 -0.0783615873695613
0.229012099458134 -0.035499094597374 0.131597246811191 0.0341993850283641
0.185631883483275 0.0787579624308942 0.0671218789831197 0.10179576302474
0.0964373661698606 0.166322758397761 -0.0315347193096108 0.123603652062362
0.0240513347467092 0.201455733284507 -0.0781716603171121 0.0807574051805737
-0.0266342615279158 0.186929264229781 -0.058876501625049 0.0502949239038934
-0.0404324531606908 0.177982660919563 0.022462771917933 -0.00546619516523683
-0.00414123781613385 0.195374587800191 0.0792209039309014 -0.0465172831634236
0.0808580151931785 0.201574975992697 0.0784526865404758 -0.118564487760348
0.165726366034425 0.127509997978238 -0.0163194482360617 -0.132428219524552
0.224803493204346 -0.00193756351373059 -0.137441139010063 -0.0848557784092135
0.245150687397757 -0.105462725935979 -0.140593221261656 0.0067767466401815
0.202917374853314 -0.181052421303701 -0.0966562034149813 0.113428592536317
0.117806475496464 -0.206789026855247 0.017490833935483 0.257874040786879
0.144067780920856 -0.171093324198831 -0.0190669772404631 -0.125213369657226
0.212003462072899 -0.099543407478904 0.0474058135096056 -0.0268894285662769
0.253938687530157 0.0145849554276929 0.0841435999786748 0.0470964150768733
0.18818656468375 0.138307032357988 0.0476511410853189 0.0976401377714757
0.072597812729636 0.218859191700366 -0.038810183040834 0.15712461947655
-0.00908208263893523 0.233493719029435 -0.0836417941541161 0.148433617752389
-0.0514944425370726 0.197010281082738 -0.0760101784548765 0.1227217608946
-0.0436041055275547 0.169116560454212 0.00813553828170759 0.0637833944994157
0.00478495252145056 0.164552244264894 0.0856956297506517 0.0167281083304098
0.079603690328684 0.148753005257481 0.105131136420372 -0.0756228106133685
0.138436488390758 0.0742754990138526 0.00433490478404501 -0.120402205574641
0.180141086078217 -0.0299586251825758 -0.141202527092767 -0.0932497607078158
0.19657787516585 -0.105932258018688 -0.163735086420735 0.0205211205238564
0.164744839550847 -0.166809914683401 -0.140539712499387 0.162896140654471
0.103027694106274 -0.191539234523325 -0.0321175379640907 0.340172232243744
0.130352889968329 -0.131714141255716 -0.0881770462949981 -0.0575274923573048
0.186781331249208 -0.0590099602027881 -0.0301190922014314 0.00207324290528402
0.215060897180036 0.0541061599491739 0.0308672618191297 0.0384165782313686
0.138999430030867 0.15489939937628 0.0255366197261964 0.086576586314557
0.0292658723964213 0.208750391847137 -0.0604282516892334 0.187401705145382
-0.0356018090509132 0.208810433858981 -0.111620359738086 0.21871045652954
-0.0608097721248871 0.168188677242916 -0.104428206378526 0.194811345920321
-0.0412694532802496 0.134422122496362 -0.00529300263243508 0.125351645274029
0.00384356575749049 0.114763996094075 0.0937655182884706 0.0582203753024808
0.054714169635943 0.0946291984812979 0.127558506033787 -0.0542499826814138
0.0886456635350954 0.0426325586093247 0.0240438096354299 -0.11944805798346
0.119971118195047 -0.0249430942829076 -0.134791299260807 -0.106492995809238
0.136494344746889 -0.0712223475610098 -0.173798304668172 0.0254294590397858
0.117711435262853 -0.11948927975355 -0.167542712113405 0.198323991564497
0.0795226556765928 -0.146202625052311 -0.0691004667909207 0.405682302995107
0.0878028689244294 -0.0761334429896914 -0.141681786228976 -0.0155721266833342
0.118083998132126 -0.0233383637387721 -0.0923469250370128 0.00863046870291162
0.12977000060089 0.052522005234522 -0.00277796510191157 0.0162217609742253
0.0738770708692204 0.10875419060379 0.0138440546645379 0.0712448467749159
0.00339086355581604 0.133342229120508 -0.0813727266881384 0.203814418045962
-0.0320380411848842 0.132775407661163 -0.144026012543417 0.27230251302812
-0.0487290702607075 0.10498437649974 -0.129711783285554 0.250472598614897
-0.0343317663082706 0.0794888940790302 -0.0171139760560043 0.170980378602855
-0.0042566135025432 0.0609883770579782 0.0960096302068431 0.0805940203934435
0.0226235910041838 0.0516033437884384 0.139788448810476 -0.0446442603367919
0.0423719041269855 0.0282063900644614 0.0408957468861073 -0.119351482509956
0.0657542397490791 -0.00481721345102395 -0.121857155586183 -0.120518050229904
0.0787126256663392 -0.0251916038863265 -0.177026268711021 0.018907922275073
0.0704440457742938 -0.0587594038025167 -0.184673471140422 0.213802110315015
0.0539794340302731 -0.0817939918309073 -0.0939559908183527 0.447475827627431
-0.0373078609120127 -0.00420746925845689 0.139666594736656 -0.39477801881943
-0.0192177642594443 -0.00212246010255845 0.139165934849212 -0.208326565195872
-0.0266351557771302 -0.0111618914395579 0.161333300447762 -0.0220569743507013
-0.0201019682556779 -0.0169867319495662 0.0978148612802216 0.107573752540355
-0.0116248340581386 -0.0207098579624353 -0.0240982566359567 0.0983802418051083
0.0061391109187254 -0.0175069556348038 -0.113990404679499 0.0310852257790539
0.0151043713290204 -0.0194045388424211 -0.0741337128136241 -0.0534249514136518
0.0160428840057667 -0.0202801860332515 0.0518520686193444 -0.147317191993799
0.0190424330109734 -0.0235491702171309 0.150699535546696 -0.224179651473279
0.0108390775857358 -0.0233747697417007 0.171715564168574 -0.273226291586364
0.0010878370282729 -0.025106191525962 0.0836771843863958 -0.224280537551452
-0.014655791924379 -0.0289376747040303 -0.0339986192901857 -0.0748815237700473
-0.0281267078829806 -0.0299983382251674 -0.0185517188974466 0.0152002669804927
-0.0245772515576539 -0.0161513885445102 0.0971437231255902 0.0508833492368408
-0.0397747782083107 -0.00345623147809217 0.182970154426284 0.061907634748955
0.00125762268240072 -0.0632648027785673 0.149441319049193 -0.376579364190969
0.0274693872984613 -0.0419395491323386 0.154356232030808 -0.191807199791064
0.0255989743580093 -0.0332101940768234 0.160891980493528 -0.00626359003336581
0.0214646398063627 -0.0152518744660698 0.0836833660297104 0.112666305012982
0.015596878279884 0.0024184014085281 -0.0360495541897201 0.0959639644003499
0.0211701110829747 0.0216827771718862 -0.113519824306471 0.0210186788010762
0.0143785296011713 0.0313738091631708 -0.0677003767931232 -0.0532091859285344
-0.00534554937837912 0.0455559671043068 0.0556802633309975 -0.140001155213951
-0.0175078545572573 0.0617297429797345 0.14300860506635 -0.216925596420779
-0.0185768001034133 0.0842711526091452 0.14840460548229 -0.271789604090417
0.00573089766707493 0.0902724655014407 0.0524277106982141 -0.221603912495578
0.0484032574466642 0.0576382804706051 -0.0553870333321647 -0.0805646701238465
0.0838325923994383 0.00886607434243056 -0.0307135916524053 0.00652067868951922
0.0879114464735805 -0.0408110266195488 0.0760001379246928 0.0470773526669793
0.0343185541321977 -0.0670662077963704 0.168026988458776 0.0794530418282768
0.0464340395112574 -0.113737108255464 0.146860266901354 -0.333581010619619
0.0806952409459852 -0.0766241795351165 0.163381949098896 -0.161263854584692
0.0861147793045564 -0.0457087229174455 0.160639030720828 0.00903833172949559
0.0695681820797124 -0.000281021135756992 0.0717308157546578 0.112485009728618
0.0433073666316552 0.0389711477785228 -0.0437172752560794 0.0933086632394243
0.0294147689971373 0.070726463480931 -0.106592425138455 0.0179333407261139
0.00560702818024122 0.084406077918621 -0.0585404653083065 -0.040428931866442
-0.0259748878586203 0.104366449058373 0.0513960009962563 -0.110925460826968
-0.0368881766391357 0.135573717962841 0.118798306116369 -0.176992712792061
-0.0120479205816438 0.173860973286037 0.108420966219508 -0.237460357555368
0.0514730464682613 0.169539204766191 0.0123337403193689 -0.200377433980946
0.13354655871617 0.0968196615537393 -0.0857588735348072 -0.0879865700541032
0.186628460208429 0.00481723289030001 -0.0623223934127571 -0.00969677025572403
0.174532430577893 -0.083212590300982 0.0227008160946134 0.04814158752107
0.0923932698497558 -0.126879523397503 0.123075183549516 0.120191952900483
0.0945440612623613 -0.147239062603107 0.122843613034938 -0.267983760170061
0.137714874622486 -0.098465319261765 0.157192811296659 -0.116516454691586
0.154761898584229 -0.0406309952056418 0.152650730374048 0.0295971538604724
0.124109158797024 0.0364027806021562 0.0612785549617202 0.109677641700601
0.0674467988978784 0.096846446653227 -0.0461878058968133 0.0970025438076942
0.0254603869956666 0.131474928653516 -0.0946784905828281 0.0318792652418815
-0.014097331944402 0.136278461176785 -0.053247975543363 -0.00988058387692401
-0.0439038811982518 0.147164676347716 0.0398349964548873 -0.0632651715181969
-0.0352259559572639 0.180619531018468 0.0948447888328957 -0.112585988121884
0.0244730114023755 0.214140714890448 0.0836280577951375 -0.176140416396763
0.114235495818934 0.182268574102529 -0.0102260813662213 -0.165312189333557
0.203437256905507 0.0727099215843243 -0.114544828788887 -0.0918505639358776
0.246163408958223 -0.0394630305627708 -0.106165256553079 -0.0152805662733935
0.215862626427863 -0.130546214423265 -0.0461623139259915 0.0692361678523288
0.124439524981767 -0.170974510359274 0.0610855799838023 0.183160100360337
0.133197633216844 -0.158061396429198 0.074195340865932 -0.191013327083563
0.185939445252554 -0.0965740023212068 0.122193006243098 -0.0632671085288967
0.214859299456687 -0.00899299339267601 0.125825198303168 0.0522867734990941
0.164323503204195 0.0952808700897647 0.0479897178904243 0.108509180551695
0.071309891045673 0.166637004669465 -0.0485914732955884 0.115358011542767
0.00404904082714597 0.189825081900103 -0.0888511874936165 0.0716528606572382
-0.0412094285495059 0.173815479091828 -0.0597230592579519 0.0417585885611821
-0.055404394926307 0.166388116693772 0.0219954691190743 -0.00287512905614127
-0.0237592103529559 0.185394999621152 0.0827280474545352 -0.0410969914985224
0.0565387283913608 0.198251347712811 0.0869574880734359 -0.113944270345935
0.143431467508376 0.139700245314694 -0.00496613470580759 -0.135531011029872
0.215757712564742 0.0215578816364806 -0.130522878058471 -0.0948365344193828
0.244589457039107 -0.0801010395864996 -0.14483077639504 -0.00676839634924183
0.208854275340831 -0.15821491526792 -0.110324672763817 0.109892871488789
0.128776726657542 -0.189979435702902 -0.00251312564396279 0.259250989884403
0.14780309277691 -0.143830139100548 0.00543056255710675 -0.11559135763092
0.204121113304188 -0.0701462386652035 0.0566863142257498 -0.0178521401592977
0.233590192165601 0.0393432175801313 0.0776622426935174 0.0634015098420028
0.160087930274329 0.150480199251497 0.0277376890098091 0.103335652959777
0.0427612279201842 0.21327875690054 -0.0594372859465441 0.144036518160175
-0.0297743922810745 0.215704871541906 -0.100657806729364 0.133807943225879
-0.0654873897012247 0.181471243097395 -0.0817203995567232 0.107115159391474
-0.0576950436489754 0.158039301938158 0.0022218939793309 0.0610939081127723
-0.0124515776407003 0.156139959472788 0.0820008213742136 0.0199622812075617
0.0601774961981231 0.148507256088676 0.107694841828907 -0.0696176334276283
0.122246919862153 0.0867302403719193 0.0136032710531835 -0.120220005893503
0.174913762437236 -0.00921226536599099 -0.132445029616003 -0.102971455383349
0.197696424154194 -0.0843369523448974 -0.166568296650799 0.00478300201000499
0.171766526058894 -0.146519631739487 -0.154958377665471 0.153543633311799
0.113347483825975 -0.176797436106219 -0.0561763316418488 0.334232960647704
0.131869966242464 -0.109373184323193 -0.0655874306948405 -0.0571781104762907
0.177125665812009 -0.0347433919174659 -0.0206204003200217 0.00465095445363726
0.19397634930084 0.071760278462132 0.0253207879061174 0.0500209511862742
0.112214694434526 0.160951033690379 0.00680407197794643 0.0887658766631471
0.00301398462837005 0.19849793697753 -0.0818266696777168 0.169308616096059
-0.052009035013046 0.189158815740773 -0.130608072134186 0.196757599619544
-0.0716222149240608 0.153239170290537 -0.113920946139656 0.172935282617403
-0.0522469719982381 0.12532839272788 -0.0166719058759303 0.117890728302567
-0.00874627408612116 0.10765413669606 0.085108018843644 0.060435679233661
0.0410530165638056 0.0943293032209541 0.126537958018415 -0.0455801160995627
0.0777319417267353 0.0508195289963935 0.0331117335383307 -0.115643957965443
0.11663613053676 -0.00939172762330967 -0.123892844927138 -0.114829538835484
0.137098182662416 -0.0552489635638545 -0.174214182101382 0.00709483686655275
0.123425326460114 -0.104860658035298 -0.18131103096182 0.183116882289563
0.0886678196333216 -0.135582781272403 -0.0974195495075564 0.393387542123316
0.0868385271162947 -0.0618424970212242 -0.122527029426608 -0.0226901645710228
0.110538108512651 -0.00860183504312793 -0.0830286268724427 0.00501459116033464
0.114534096314711 0.0617252266503483 -0.00581728530704195 0.0224399346341225
0.056537357246176 0.110021149848627 -0.00056325860729081 0.0710241427247469
-0.0124540708567765 0.124313475580405 -0.0991997953276915 0.183331355178195
-0.0418498859383624 0.117260637362546 -0.161536198965975 0.24436503022727
-0.0541251962398079 0.0943156718944771 -0.142229660475737 0.223548745619197
-0.0404516875679933 0.0735185318713091 -0.0328095795364415 0.159754815191743
-0.0112006798734369 0.0565284117900116 0.0839772657585801 0.0835596884102653
0.0152898428861828 0.0508225651545336 0.136883347185539 -0.0336719072900835
0.0360216068262442 0.0325109233656978 0.0502588768326298 -0.112432190802149
0.0630050688148233 0.00459397666482589 -0.108808505331989 -0.127440657517942
0.0796078878313517 -0.0162807295006089 -0.174506130496245 0.000147822588341617
0.0744057795011708 -0.0509457889050366 -0.196995912963873 0.193308779185654
0.0596205742449789 -0.0756710363302789 -0.125471640850631 0.427476047531362
-0.0358403453202286 -0.00398375347390501 0.135119560049814 -0.372902091120281
-0.0183503066117008 -0.00330608664371025 0.133810402069094 -0.194319827935503
-0.0255038140063445 -0.0106957985908691 0.152702147241485 -0.0171085744540757
-0.0192447439574887 -0.0158525171019034 0.0921303339369128 0.104675473141455
-0.0107699375888365 -0.0198786387282854 -0.0248258239137613 0.0945232058847696
0.00624579271836913 -0.016884381081688 -0.109835365652708 0.0299437934315082
0.013785500315095 -0.018916899092241 -0.0676969886213235 -0.0517161935672879
0.0160770643553226 -0.0193761227465849 0.0528193077831103 -0.139867398320605
0.0189513501959396 -0.022083265918144 0.147271308431405 -0.21055819367241
0.0107095595482278 -0.0222435928962377 0.168627049713332 -0.258774224971231
0.00212679296640072 -0.0242085720206883 0.0846131296507192 -0.214831123927362
-0.0139295487573485 -0.0281289377371466 -0.02866013758562 -0.0726705843249768
-0.0263059560935675 -0.0286049995239805 -0.0168558712282657 0.0134611008021673
-0.0238539389880601 -0.0160958120820826 0.0938246604551575 0.0492074611817786
-0.037444675550119 -0.00373353007105443 0.173011055347131 0.0598790000449103
0.0013778114295191 -0.0597872258235291 0.145328209965805 -0.356378401808694
0.026399995937484 -0.0401136248164849 0.147697246122176 -0.179894930606305
0.0241645975549404 -0.0306297830408194 0.152665732724399 -0.00271967564843839
0.0201211235129483 -0.0138616323421011 0.0777862217983272 0.109661985081267
0.0147999358266295 0.00244273082073777 -0.0363684725510638 0.0913725334483771
0.0195961867883229 0.0207169540720135 -0.109030351598503 0.0199545577940246
0.0121253766775555 0.029461017592613 -0.0611874609651648 -0.0506111930547884
-0.00554008018191779 0.0434372346121369 0.0560121948048248 -0.132861551126762
-0.0168271878923824 0.0588748626006863 0.14060621742648 -0.203455410845682
-0.0189758465970111 0.0801999706503676 0.146432063154291 -0.257403990155867
0.00512157891380132 0.0867736286129624 0.0556779779345206 -0.212147201844822
0.0453769121441547 0.056026536204646 -0.0492041538567035 -0.078303930382318
0.0805345614330242 0.00962707666279006 -0.0286369414155727 0.00478843459155336
0.0840577366606243 -0.0386697821146514 0.0731501013456884 0.0452912946160501
0.0341376068479405 -0.0635255801508216 0.157619407900976 0.0758268006184486
0.0451388869019726 -0.107331792786638 0.141382079776485 -0.316618013515973
0.0776462322782091 -0.0720670101727114 0.156148547213542 -0.151828132937015
0.0817701797691343 -0.0418096358367345 0.151084150432234 0.0113183107856602
0.0660639228353493 0.00137221018393968 0.0670044300948278 0.109875753209119
0.0404721970022984 0.0374024869479659 -0.0433576977910308 0.0894949111761028
0.0272065555343751 0.0677898131127184 -0.103241974343865 0.0169018067700804
0.00353501536313333 0.0796725271265556 -0.053343431267069 -0.0381435431429124
-0.026590413154589 0.0990774968996004 0.0510892946224113 -0.104884156646088
-0.0365241154243004 0.129187661059752 0.116715411206024 -0.166448037378709
-0.0138973745527827 0.165510514030688 0.108107013464825 -0.226136488430586
0.0473827527533584 0.163701412331353 0.0178543120018067 -0.192467555447864
0.126370517296093 0.0944096727682571 -0.078548328117513 -0.0870056645854122
0.178911121762721 0.00621823415260894 -0.0588865959431685 -0.0111986266712286
0.167941898654824 -0.0782489332373636 0.0214505446676283 0.0457491542113563
0.0900354444340932 -0.119324335918261 0.114928732164281 0.113809686811481
0.0915667039301719 -0.138786887753702 0.118094103783075 -0.255511376896384
0.131551787493857 -0.0914454371435643 0.149565850063407 -0.110890412421534
0.147480009887697 -0.0355091582778789 0.143071185680681 0.0301267579359058
0.117734105609835 0.0364773012642804 0.0570455251572256 0.10752434289374
0.0627543665553412 0.0930425276798493 -0.0455703228141557 0.0936526027380536
0.0232888227818875 0.125765397393414 -0.0923619233453553 0.0298398560575743
-0.015848024595976 0.128990229885968 -0.0494762488849975 -0.00867951589695705
-0.0443340971411775 0.139873303832088 0.0384687570346876 -0.0605647780807933
-0.0360819768129907 0.171966196403894 0.093003671067417 -0.106165174224159
0.0203644949961118 0.205369802740532 0.0843219551723101 -0.16843793227019
0.107489247841777 0.177456742848413 -0.00395325679596969 -0.15928057741806
0.193163628764317 0.0730480393464616 -0.106565513851981 -0.0918595982285308
0.23623464188224 -0.0350674467962245 -0.101057212280756 -0.017856580274617
0.207297481895112 -0.123925912437457 -0.0457601216551381 0.0650242578887852
0.12015569192991 -0.161537475608345 0.0556657045174679 0.17327556488593
0.128726364060506 -0.148782152229526 0.0711018178133202 -0.182514422338868
0.177386207936536 -0.0885534545921657 0.115988469672376 -0.0610222267454951
0.204822659945807 -0.00508336275476442 0.11700365164174 0.051102213966545
0.15569258142502 0.0929856230385614 0.0437382779643339 0.106225437768826
0.0662677920611841 0.160133889723975 -0.0479944186949389 0.111352494789205
0.00278247659681947 0.181164750258194 -0.0867757979257806 0.0674592274916614
-0.0420456256693221 0.164306922808416 -0.056438662158795 0.0402730778233154
-0.0557264406391074 0.158769126651148 0.0201069404728382 -0.00316888266825418
-0.0254052852917877 0.176751236399702 0.079987621087992 -0.0384252869712487
0.0515051464814327 0.19026064240637 0.0863909312711697 -0.108919109471414
0.13413930780799 0.136990108050174 0.000874945524167419 -0.130588303475141
0.205049993092776 0.0247505727356528 -0.122879982113036 -0.0948815361608341
0.234742454030779 -0.0741465498890366 -0.138181640214257 -0.0097652921849745
0.20119933639509 -0.1495981551265 -0.107492347706142 0.103573812884163
0.124245508029455 -0.178960008444651 -0.00490013550761599 0.244931378429358
0.142708366003741 -0.13498261277024 0.0065885348232732 -0.11214031027187
0.194298509483703 -0.0625695476764567 0.0534352389600062 -0.0178633097393896
0.222667043760538 0.040641169744369 0.0706279433325708 0.0611743603128809
0.15103666826336 0.146079555804242 0.0236631815481897 0.10137572772919
0.0389965350378804 0.204212248888725 -0.0596088516129345 0.138596941158019
-0.029758786703906 0.205583865534254 -0.098590932934267 0.125929576505282
-0.0652817322148804 0.171355119134079 -0.0788678206122453 0.10250357525149
-0.0577400136584521 0.150832152459103 -4.73569648396433E-05 0.057067903374347
-0.0149531619736655 0.148877141494801 0.0781033827102342 0.0192522955765606
0.0553821067269421 0.142611981587375 0.104641606263518 -0.0664523480797191
0.114001777719974 0.086045079776053 0.0177629791692884 -0.115755801788111
0.166118930847611 -0.00503325825372755 -0.125306867576117 -0.101836960931173
0.189600098877881 -0.0783325801401022 -0.159768879462987 -0.000263327157983953
0.165468434387162 -0.138668904652929 -0.150103228220612 0.144753356279723
0.109730696732552 -0.165561089531291 -0.0569148864409004 0.315599583187192
0.126775386551012 -0.101643199344214 -0.0620636476918161 -0.0570016519378316
0.168766466005679 -0.0290502309176295 -0.020354844591953 0.00294874192574764
0.184402674915461 0.0716375444811299 0.0212549809260219 0.0480436002402194
0.105203328086235 0.155137462933676 0.00318419033183143 0.0866381871274841
0.00122203357490745 0.18948496650296 -0.0813939567695529 0.16400911268095
-0.0511328726640539 0.179188216990815 -0.12830258462142 0.185981244074795
-0.0701777115623927 0.144331506079286 -0.111128503090641 0.163303456355942
-0.0521399452100935 0.119230752064796 -0.0194029230288229 0.111624975986009
-0.0112681158546227 0.102817397117063 0.0790194219042737 0.0580264140471352
0.0374030337347198 0.0905772445907225 0.122048405815487 -0.0430240668329686
0.0721779575745537 0.0516780221732853 0.0359113697176534 -0.110320200630764
0.110503123671289 -0.00658889220758729 -0.116526635465911 -0.112986831052315
0.132076535602681 -0.0508218017144153 -0.166393206946058 0.0019997566546657
0.119091297693718 -0.0991936806114961 -0.175560595498602 0.172228563983917
0.085218147691082 -0.126639837941634 -0.0957150211194628 0.370462791927353
0.0836037740507535 -0.056699636106197 -0.116856862929413 -0.0248545910182327
0.104582298496704 -0.00518032969364813 -0.080178923838245 0.00363380982672211
0.10896213699753 0.0615066288547638 -0.00880744750319138 0.0216894415671734
0.0521703426229268 0.106022325660147 -0.00420057934420127 0.0691513585847706
-0.0134743482438061 0.118741630593757 -0.0987220514871139 0.176574943882676
-0.0408559971035028 0.110056071199023 -0.158216818182368 0.231189679062355
-0.053289619266421 0.0889360751000082 -0.139327786529183 0.211288210138711
-0.0403499266873259 0.0699696010589452 -0.03503713073988 0.151549424721804
-0.0128784865429964 0.0538951373165887 0.0773371322890433 0.0803665056546165
0.0134349316669393 0.048445199517766 0.13034525779967 -0.0313842837037848
0.0334453805147654 0.0326131237510685 0.0518540636700409 -0.107787546730995
0.0596198436338886 0.00601757969145951 -0.102193049407958 -0.124655435809816
0.0761842791820283 -0.0143419479855678 -0.166782432236465 -0.00491148484891176
0.0717075258180119 -0.0472309348720099 -0.189899695794518 0.182060216484869
0.0573134026109757 -0.0700941909448918 -0.12229527456418 0.402039348070389
-0.03608658070904 -0.00486534294134123 0.148536578034546 -0.370100320368595
-0.0186182479446651 -0.00433771960022494 0.141626726165166 -0.188037626188284
-0.0257162353763107 -0.0111986962468198 0.153592418290745 -0.00919161293256148
-0.0189709934744461 -0.01640384334222 0.0889974955115268 0.110126003705315
-0.00998282851975368 -0.020003664489169 -0.0297102565585148 0.0945879752589706
0.00682678844189505 -0.0169972604171095 -0.111280727457869 0.0278694207894662
0.0147815638305521 -0.0191299537994272 -0.0635430920909262 -0.0548269128527831
0.0168909153465788 -0.0190273852720974 0.0600098969744729 -0.139136415748452
0.0212412529830902 -0.0220770453711573 0.158482092865877 -0.204248589412573
0.0126567342938557 -0.0212743387973267 0.180914128529523 -0.253721244755427
0.00383454482789236 -0.0243823127943825 0.096893023824929 -0.214239017245421
-0.0124373275136755 -0.0286073538358554 -0.0227500427061155 -0.0747739861412995
-0.0250023131881634 -0.0299080634802315 -0.0162608322561767 0.0127244325646621
-0.0239149884663019 -0.0175891558577483 0.0941440716203468 0.0524082877902574
-0.036693056933768 -0.00570446788234484 0.171442225912399 0.0662537176652785
0.0030218431487526 -0.0597281356266928 0.157878554864414 -0.351912286433613
0.0282117445520349 -0.0395368305013072 0.154368024013921 -0.173943311754568
0.0251614178943518 -0.0292145012566512 0.151931484324751 0.00476218878484985
0.0203580987629981 -0.0125331883180653 0.0747161998711922 0.114958110699874
0.0140634053613726 0.00342811158027043 -0.0409775654636668 0.0912510368801299
0.0187003009980454 0.0215113233911695 -0.111354219507419 0.0174065592045434
0.0108783781399131 0.0293025752959075 -0.0569449687628367 -0.0532687967423247
-0.0074094426319784 0.0434325044245506 0.0626347926405934 -0.13233951877199
-0.0188848122166657 0.0581563959412794 0.151537462094766 -0.198342310882839
-0.0222725241404466 0.0804779998928866 0.159814834112472 -0.253814764364392
0.0018636631162475 0.0878456637663099 0.0676879196036911 -0.212934918084461
0.0437551768131068 0.0589821026149992 -0.0435716078008768 -0.0821566759877424
0.0813882226752538 0.0132832690113256 -0.027835435712527 0.00351916892680846
0.0860599756876549 -0.0371188788253348 0.073069298921539 0.0478839118633146
0.0366792624408032 -0.0622342093590918 0.155496751642895 0.0819579239684273
0.0491653300485291 -0.10575072018867 0.151628391126287 -0.313516159867869
0.0802336170378557 -0.0691907999998879 0.160634639186807 -0.146629522848383
0.0832447440765951 -0.0376802288836724 0.149863150902421 0.0180902997796394
0.066052972182375 0.004155684623425 0.0639437882225776 0.114314435132106
0.0382898479199729 0.0395923608930413 -0.0477544518501454 0.0895916743096593
0.024682258145715 0.0690567923606617 -0.105691351367685 0.0141099775942583
-0.000631009155088437 0.079710486294433 -0.0496373146712731 -0.0393929373296058
-0.0310947008994883 0.0989085963390089 0.0563486643112023 -0.104210698380282
-0.042290261999042 0.128079499516823 0.125634166306499 -0.162519847481459
-0.0204061734254496 0.166761598148182 0.119976296695238 -0.223783990361854
0.041578196123947 0.167864154221109 0.0288152272867405 -0.195278434296545
0.123793779253885 0.101069640005864 -0.0737948363375987 -0.092730243152066
0.18132889944706 0.0136841570878059 -0.0580698515879754 -0.0144153299691963
0.172035209937139 -0.0736966386892188 0.0202375750007217 0.046501657030525
0.0945229882041579 -0.116066379035556 0.110595518150896 0.118707104248018
0.0974360553245387 -0.136113264170187 0.126459687494463 -0.253366363233611
0.135352601588564 -0.0860079862552566 0.152779720744931 -0.107120723765581
0.149308931021948 -0.029093530290796 0.140441547057128 0.0366958968072854
0.117404603970321 0.0412395019776881 0.0532222471995712 0.112600878151979
0.0592128316793043 0.0964012045710654 -0.0501736947539925 0.0934873995894565
0.0192444426446657 0.12738186357943 -0.0956991685323166 0.0271606396407464
-0.0219571840658695 0.128701750884714 -0.0473782376581616 -0.00931799889427792
-0.0506499027706028 0.139895975814548 0.0413699231017351 -0.0595632464456161
-0.0434539425913494 0.171084443168448 0.0988381969683119 -0.103495700571246
0.0121034172398375 0.20781173729445 0.0934339425269494 -0.167028892722266
0.100736248424022 0.183822447183942 0.00590562790492729 -0.16265956366689
0.191665342689163 0.082301941145572 -0.102935802249889 -0.0985712213418666
0.240534058253292 -0.0261665782564804 -0.100897092165438 -0.0231720514914603
0.213748010288709 -0.118942658817163 -0.0482911721919664 0.0642010743158496
0.12659071671605 -0.156525572613768 0.048914113478537 0.175579433584169
0.135250069848142 -0.144521836639942 0.0768492431967459 -0.18258859669257
0.181387300467053 -0.0808789707099686 0.117349628159972 -0.0581180612467988
0.20664256017756 0.00365940902424577 0.113896585380224 0.0561462766904308
0.153751418429146 0.0997540187077025 0.039312609823671 0.110652381556112
0.0605940801658808 0.163725592974422 -0.0531805417268891 0.111718041570236
-0.00373584697860481 0.182351459598481 -0.0918748392395902 0.0650229863681448
-0.0497547594634131 0.16296361244747 -0.0572481983262099 0.0396408329814925
-0.0629789770744314 0.158159634782769 0.0196638406872414 -0.00247849418443047
-0.0330470141196049 0.177399033477517 0.0826960879257006 -0.0360319627256444
0.0440620486263684 0.194311619522758 0.0931045237130778 -0.107135151483932
0.129310371752863 0.144751295979338 0.00931166298572861 -0.133392715228484
0.205060758976287 0.0342435331047338 -0.119297553516053 -0.102502917315538
0.239335170378686 -0.0663810123926347 -0.139035112757775 -0.0176370993537402
0.208476082774832 -0.144691644844757 -0.112598014250449 0.100416519686806
0.13157892663135 -0.174352162336907 -0.0145019670320077 0.24458511204338
0.14886989522474 -0.12934744810757 0.00958596223554421 -0.114563210697314
0.197645745078018 -0.0528936578783911 0.0530733320108324 -0.0174824462461982
0.223320627637204 0.0507253765424703 0.0664788084771371 0.0646946392017871
0.147137824088795 0.152950224291832 0.0180730789882695 0.104589885352784
0.0311125576996336 0.206834772358847 -0.0661368895503079 0.14038567018484
-0.0369481647929523 0.205229096509934 -0.105216225162528 0.124003867973596
-0.0728806423391288 0.169234633805483 -0.0829422950486992 0.101144952767716
-0.0653739803888007 0.150209539228512 -0.00396740337815591 0.0575684376386087
-0.022046794723133 0.14904955431565 0.0774124603974194 0.021804935154615
0.0493079820540226 0.146045021123821 0.109665257972343 -0.0634960596572801
0.110211316276773 0.0930579247653219 0.025752264101867 -0.117334393160608
0.166772858673666 0.00251665351259951 -0.121613383956892 -0.109863008896357
0.194180398930693 -0.0721377723663859 -0.161156768953513 -0.0089938784406924
0.17185779795448 -0.134759767151081 -0.156875003485865 0.140128248817868
0.115786006136651 -0.161297789845981 -0.0678912671160936 0.3132637489964
0.131424701651916 -0.0964331082186367 -0.0611841922509722 -0.0619623867159187
0.170548297487844 -0.0204959748863426 -0.0217394097948215 0.00156255806510822
0.183978588322837 0.0800169038710735 0.0172072081381532 0.0499327734468863
0.0998375935669619 0.160795939900606 -0.0023228975115956 0.0886542851111795
-0.0065344020241939 0.19111727459077 -0.0894201671221948 0.164633305804551
-0.0573788472776153 0.177761963030206 -0.137260878809943 0.182359931911687
-0.0770889792709031 0.141582960492903 -0.118146470680722 0.160618158557983
-0.0581433419542079 0.118197631083771 -0.0256309073500623 0.112001315805108
-0.0167764500942361 0.103529592039308 0.0763264723431506 0.0603740551123123
0.0333175957247184 0.0931589143601388 0.12489200462812 -0.0394908727103961
0.0693629500287928 0.0562975645945982 0.0433777722669853 -0.110904597393888
0.110417165421897 -0.00083020978386119 -0.112617655529583 -0.120427467445983
0.134817637590912 -0.0460896018515205 -0.168400291094332 -0.00749092615859506
0.123691801070482 -0.0958300875856426 -0.183215581312615 0.167168389286832
0.0896134539801271 -0.122891450740229 -0.108930842488774 0.367217593673128
0.0859859285657922 -0.0530305232575591 -0.117232518485785 -0.0308120178288353
0.10557349709291 0.00105162326642266 -0.0816857323617886 0.0007426298819363
0.107598244771503 0.0666193903464714 -0.0119841837988732 0.0224521456893271
0.0481423987046214 0.109222883058822 -0.00935231103860926 0.070396129650083
-0.0180887149053602 0.119622038966064 -0.108608367714267 0.176967272780508
-0.0452706884578558 0.108553995425935 -0.169532684398822 0.226810279218997
-0.0579799584107323 0.0866890431741206 -0.149114381970425 0.206625412703057
-0.043717845728882 0.0692256153116238 -0.0432316940318929 0.151003312604141
-0.016831919157302 0.0537570097764007 0.0729324517118564 0.0836707259823424
0.0108340421802309 0.0494276220269564 0.132495777897218 -0.0273444875572061
0.0316578339527534 0.035243079950453 0.0586308007681597 -0.107160611215865
0.0591504643808733 0.00897970983707896 -0.0971104923765875 -0.131217878245502
0.07753228316145 -0.0106538308472684 -0.168176941775709 -0.0141965781538864
0.0744009425056793 -0.0452089184646856 -0.198002104747899 0.175457901274097
0.0599447088436196 -0.0673815177068277 -0.136977800652356 0.396999593682815
