TRXV5
3
4
4
9
string Extension=J
integer IsArchMeasurement=1
integer IsSpherical=1
string Generator=SPM
string GeneratorVersion=1.3.1 Dev
double ArchRadius=0.449999988079071
integer FrequencyAxisIndex=0
integer AzimuthAxisIndex=1
integer ElevationAxisIndex=2
Frequency
5 201 700000000 800000000 LIN
Azimuth
7 8 0 2.74889357189107 LIN
Elevation
7 15 -2.74889357189107 2.74889357189107 LIN
Polar H Real Part
13
Polar H Imaginary Part
14
Polar V Real Part
13
Polar V Imaginary Part
14
Polar H Magnitude (dB)
12 0xC0000002 0 1
Polar H Phase
7 0xC0000003 0 1
Polar V Magnitude (dB)
12 0xC0000002 2 3
Polar V Phase
7 0xC0000003 2 3
0.0391159057617188 0.00573348999023438 -0.279876708984375 -0.0635833740234375
0.0112781524658203 0.0218620300292969 -0.124664306640625 -0.3143310546875
0.000305175781250003 0.028076171875 0.235504150390625 -0.41436767578125
-0.0420036315917969 0.0123443603515625 0.62384033203125 -0.14178466796875
-0.0613555908203125 -0.04595947265625 0.516754150390625 0.5267333984375
0.0111770629882813 -0.105224609375 -0.0811767578125001 0.8707275390625
0.0963821411132813 -0.05767822265625 -0.43072509765625 0.476409912109375
0.131942749023437 -0.0107574462890625 0.0408439636230469 0.0196914672851563
0.0851821899414063 -0.0634765625 0.472076416015625 -0.549285888671875
0.0175247192382813 -0.0741348266601563 -0.0269165039062501 -0.91534423828125
-0.0518684387207031 -0.032989501953125 -0.686279296875 -0.39666748046875
-0.0454597473144531 0.0019683837890625 -0.5545654296875 0.282012939453125
-0.00174903869628906 0.0183906555175781 -0.150665283203125 0.4571533203125
0.000503540039062501 0.0141849517822266 0.200836181640625 0.273773193359375
0.0289802551269531 -0.0109615325927734 0.30792236328125 0.02923583984375
0.0385589599609375 0.00301742553710938 -0.274612426757813 -0.0467376708984375
0.012481689453125 0.0194015502929687 -0.13262939453125 -0.303985595703125
0.0069732666015625 0.0244789123535156 0.214935302734375 -0.41619873046875
-0.0324268341064453 0.0136127471923828 0.60760498046875 -0.1715087890625
-0.0583877563476563 -0.0397529602050781 0.53704833984375 0.491455078125
0.00341796874999999 -0.102737426757813 -0.0417480468750001 0.8719482421875
0.0878982543945313 -0.0612945556640625 -0.431640625 0.508270263671875
0.128677368164063 -0.0145187377929688 0.00530624389648439 0.0406913757324219
0.0856170654296875 -0.0637054443359375 0.47723388671875 -0.51556396484375
0.0192718505859375 -0.0744094848632813 0.0246582031250001 -0.91864013671875
-0.0449600219726563 -0.0354843139648438 -0.66717529296875 -0.4381103515625
-0.0375823974609375 -0.00310897827148437 -0.5762939453125 0.25506591796875
0.00274181365966797 0.0171823501586914 -0.173431396484375 0.45654296875
0.00210666656494141 0.0123386383056641 0.192230224609375 0.282745361328125
0.0271587371826172 -0.0113391876220703 0.310394287109375 0.042694091796875
0.0345039367675781 -0.0023345947265625 -0.2755126953125 -0.038482666015625
0.0156621932983398 0.0135078430175781 -0.1397705078125 -0.29754638671875
0.0169906616210938 0.0186271667480469 0.190582275390625 -0.42315673828125
-0.016291618347168 0.0131540298461914 0.59356689453125 -0.20477294921875
-0.0510292053222656 -0.0256843566894531 0.565185546875 0.45416259765625
-0.00438690185546875 -0.0911407470703125 0.0102539062499999 0.86810302734375
0.070526123046875 -0.0577468872070313 -0.421722412109375 0.538482666015625
0.112533569335938 -0.0139007568359375 -0.0259780883789062 0.0599288940429688
0.0747451782226563 -0.0556793212890625 0.48223876953125 -0.480224609375
0.0218772888183594 -0.0638084411621094 0.07415771484375 -0.9156494140625
-0.0344257354736328 -0.0304546356201172 -0.6473388671875 -0.48077392578125
-0.0260791778564453 -0.00532913208007812 -0.5997314453125 0.22698974609375
0.0122823715209961 0.0125017166137695 -0.1986083984375 0.454833984375
0.00577545166015625 0.00901126861572266 0.1812744140625 0.295745849609375
0.0231494903564453 -0.0154323577880859 0.31146240234375 0.055908203125
0.0302104949951172 -0.00715065002441406 -0.274490356445313 -0.031524658203125
0.0169181823730469 0.00717735290527344 -0.149566650390625 -0.294342041015625
0.0276679992675781 0.0103473663330078 0.169677734375 -0.431671142578125
0.00043773651123047 0.0153465270996094 0.57867431640625 -0.2325439453125
-0.0380210876464844 -0.0111122131347656 0.58538818359375 0.419677734375
-0.013092041015625 -0.0726165771484375 0.05670166015625 0.86602783203125
0.04815673828125 -0.0442314147949219 -0.40802001953125 0.5645751953125
0.0843505859375 -0.00952911376953125 -0.0461807250976562 0.0783767700195312
0.05487060546875 -0.0440826416015625 0.493255615234375 -0.448394775390625
0.0184974670410156 -0.0477943420410156 0.119140625 -0.91259765625
-0.0206241607666016 -0.0191059112548828 -0.62652587890625 -0.5205078125
-0.00975894927978515 -0.00704669952392578 -0.6165771484375 0.19805908203125
0.0241050720214844 0.0104274749755859 -0.223541259765625 0.448333740234375
0.0111608505249023 0.00183773040771484 0.1695556640625 0.30322265625
0.0191421508789063 -0.0210113525390625 0.309967041015625 0.0635986328125
0.0264911651611328 -0.0125293731689453 -0.276473999023437 -0.0319061279296875
0.0175313949584961 -0.00285530090332031 -0.158782958984375 -0.295135498046875
0.0370826721191406 0.0015106201171875 0.152374267578125 -0.43572998046875
0.0172977447509766 0.015106201171875 0.56646728515625 -0.25372314453125
-0.0227165222167969 0.00268363952636719 0.60150146484375 0.39385986328125
-0.0154876708984375 -0.0480690002441406 0.0927734375000001 0.86065673828125
0.0237197875976563 -0.0244922637939453 -0.3941650390625 0.583984375
0.0509681701660156 0.000469207763671875 -0.0548934936523437 0.0908966064453125
0.028289794921875 -0.0277290344238281 0.50384521484375 -0.42724609375
0.0145454406738281 -0.0246658325195313 0.1553955078125 -0.91162109375
-0.00751590728759766 -0.00254678726196289 -0.60943603515625 -0.54681396484375
0.00776195526123047 -0.00772619247436523 -0.6324462890625 0.17633056640625
0.0361289978027344 0.00543975830078125 -0.2425537109375 0.443695068359375
0.0152797698974609 -0.00422477722167969 0.15673828125 0.30694580078125
0.0167160034179688 -0.0267486572265625 0.305572509765625 0.0682373046875
0.0207576751708984 -0.0174140930175781 -0.282867431640625 -0.0364990234375
0.0189361572265625 -0.0104236602783203 -0.169281005859375 -0.2967529296875
0.04425048828125 -0.00601577758789062 0.14117431640625 -0.438629150390625
0.0320167541503906 0.0149097442626953 0.55792236328125 -0.264373779296875
-0.00795745849609375 0.0162773132324219 0.6058349609375 0.37615966796875
-0.017578125 -0.0235271453857422 0.108642578125 0.85504150390625
0.00187087059020996 -0.00225830078125 -0.37872314453125 0.5906982421875
0.0153474807739258 0.00911235809326172 -0.0505905151367187 0.0947723388671875
-1.90734863281254E-05 -0.0109415054321289 0.513885498046875 -0.414764404296875
0.00715303421020508 0.000848770141601563 0.17901611328125 -0.9083251953125
0.00442218780517578 0.0146093368530273 -0.600341796875 -0.561767578125
0.0234699249267578 -0.00553703308105469 -0.63800048828125 0.16192626953125
0.04632568359375 0.00241470336914063 -0.25408935546875 0.43719482421875
0.02020263671875 -0.0128097534179688 0.14678955078125 0.30419921875
0.0131893157958984 -0.0315418243408203 0.30059814453125 0.06304931640625
0.0185737609863281 -0.0196018218994141 -0.28863525390625 -0.044708251953125
0.0202693939208984 -0.0178489685058594 -0.17315673828125 -0.304931640625
0.0486068725585937 -0.0100440979003906 0.139617919921875 -0.4417724609375
0.0431442260742188 0.0161666870117188 0.558990478515625 -0.266265869140625
0.00215911865234375 0.0278682708740234 0.603271484375 0.3785400390625
-0.0172538757324219 -0.00360488891601562 0.11090087890625 0.85467529296875
-0.0159263610839844 0.0187931060791016 -0.36676025390625 0.584716796875
-0.0168914794921875 0.0206851959228516 -0.0321044921875 0.0927886962890625
-0.0240554809570313 0.00508308410644531 0.52587890625 -0.419036865234375
0.000703811645507813 0.0221290588378906 0.17889404296875 -0.9091796875
0.0138282775878906 0.0322532653808594 -0.6007080078125 -0.55902099609375
0.0367507934570313 -0.00241851806640625 -0.63916015625 0.16278076171875
0.0530166625976563 0.0012359619140625 -0.257293701171875 0.431671142578125
0.0223789215087891 -0.0200386047363281 0.13983154296875 0.29632568359375
0.0106563568115234 -0.0349788665771484 0.29510498046875 0.055145263671875
0.0158004760742188 -0.0222682952880859 -0.29644775390625 -0.05682373046875
0.0187721252441406 -0.0206089019775391 -0.1778564453125 -0.314422607421875
0.0506401062011719 -0.0135498046875 0.1474609375 -0.445037841796875
0.0498504638671875 0.01788330078125 0.56683349609375 -0.25482177734375
0.00829124450683594 0.0348720550537109 0.59344482421875 0.3939208984375
-0.0154008865356445 0.0131063461303711 0.09307861328125 0.8543701171875
-0.0302963256835937 0.0361480712890625 -0.3621826171875 0.56982421875
-0.0387916564941406 0.0304946899414063 -0.00256347656250001 0.0830459594726563
-0.0433883666992188 0.0196685791015625 0.536041259765625 -0.441070556640625
-0.00330734252929687 0.0388412475585938 0.160888671875 -0.91632080078125
0.0200881958007813 0.0406494140625 -0.6103515625 -0.5396728515625
0.0405197143554688 -0.001922607421875 -0.629638671875 0.17364501953125
0.05413818359375 5.7220458984375E-05 -0.249114990234375 0.429534912109375
0.0239677429199219 -0.0219993591308594 0.139617919921875 0.284881591796875
0.0110092163085937 -0.0352973937988281 0.289337158203125 0.04180908203125
0.0402450561523438 0.00512313842773438 -0.281341552734375 -0.062835693359375
0.0112800598144531 0.021392822265625 -0.126708984375 -0.315826416015625
0.000448226928710936 0.0275840759277344 0.236419677734375 -0.41644287109375
-0.0426902770996094 0.0121345520019531 0.62762451171875 -0.139404296875
-0.0623779296875 -0.0449790954589844 0.516204833984375 0.531494140625
0.0106735229492187 -0.105842590332031 -0.0821533203125 0.8741455078125
0.0952987670898437 -0.0577011108398438 -0.4364013671875 0.478424072265625
0.131950378417969 -0.00963592529296875 0.0400657653808594 0.02130126953125
0.084442138671875 -0.0623931884765625 0.473846435546875 -0.550567626953125
0.0169906616210938 -0.07293701171875 -0.025146484375 -0.9183349609375
-0.0511703491210938 -0.0342140197753906 -0.6851806640625 -0.3980712890625
-0.0462112426757813 0.00210189819335938 -0.557861328125 0.282989501953125
-0.00195693969726562 0.0183067321777344 -0.150054931640625 0.458526611328125
-0.000454902648925781 0.0145282745361328 0.201690673828125 0.274505615234375
0.0305709838867188 -0.0109882354736328 0.310028076171875 0.02947998046875
0.0372810363769531 0.00248336791992187 -0.275634765625 -0.0479278564453125
0.0154228210449219 0.0185661315917969 -0.132415771484375 -0.304412841796875
0.0067901611328125 0.0246639251708984 0.216217041015625 -0.4185791015625
-0.0330162048339844 0.0139541625976563 0.61090087890625 -0.169921875
-0.0590972900390625 -0.0375862121582031 0.5379638671875 0.4959716796875
0.00287628173828126 -0.103485107421875 -0.04315185546875 0.87677001953125
0.0886306762695312 -0.0624618530273437 -0.4356689453125 0.509368896484375
0.128952026367188 -0.0123367309570313 0.00448608398437501 0.0401573181152344
0.0854110717773438 -0.0620574951171875 0.480224609375 -0.515472412109375
0.0201187133789062 -0.0723495483398438 0.02764892578125 -0.9215087890625
-0.0433464050292969 -0.03668212890625 -0.66650390625 -0.44049072265625
-0.0401992797851563 -0.00202178955078125 -0.57818603515625 0.25439453125
0.00317764282226562 0.0163173675537109 -0.175872802734375 0.457550048828125
0.00256824493408203 0.013188362121582 0.1947021484375 0.28375244140625
0.026214599609375 -0.0109691619873047 0.311004638671875 0.0428466796875
0.0349826812744141 -0.00179481506347656 -0.276168823242188 -0.03814697265625
0.0165481567382813 0.0144329071044922 -0.142364501953125 -0.298919677734375
0.0179557800292969 0.0177173614501953 0.191802978515625 -0.42498779296875
-0.0177173614501953 0.0146064758300781 0.59521484375 -0.202392578125
-0.0508384704589844 -0.0250816345214844 0.56494140625 0.45843505859375
-0.00562286376953126 -0.0918197631835938 0.00817871093750001 0.87396240234375
0.0713577270507813 -0.0573196411132813 -0.42608642578125 0.53863525390625
0.111839294433594 -0.0124740600585937 -0.0275421142578125 0.0602340698242187
0.0752105712890625 -0.0552291870117188 0.4876708984375 -0.479644775390625
0.0205879211425781 -0.064727783203125 0.07708740234375 -0.9190673828125
-0.0330753326416016 -0.0299339294433594 -0.648193359375 -0.4847412109375
-0.0265655517578125 -0.00665092468261718 -0.601806640625 0.22723388671875
0.0128698348999023 0.0137529373168945 -0.201141357421875 0.4554443359375
0.00617837905883789 0.00846338272094727 0.183563232421875 0.297882080078125
0.0222396850585937 -0.014862060546875 0.313720703125 0.056243896484375
0.0304737091064453 -0.00784683227539063 -0.27691650390625 -0.0338287353515625
0.0179767608642578 0.0068817138671875 -0.152008056640625 -0.29437255859375
0.0277843475341797 0.00952911376953125 0.169891357421875 -0.431060791015625
0.000191688537597658 0.0154170989990234 0.5810546875 -0.2314453125
-0.0380935668945312 -0.0111923217773438 0.5880126953125 0.4232177734375
-0.0118637084960938 -0.072296142578125 0.0549316406249999 0.870361328125
0.0475921630859375 -0.0441169738769531 -0.4127197265625 0.568115234375
0.084747314453125 -0.0080718994140625 -0.0475921630859375 0.0785598754882813
0.0554924011230469 -0.0438499450683594 0.49700927734375 -0.4478759765625
0.0203704833984375 -0.0465278625488281 0.12445068359375 -0.91644287109375
-0.0207843780517578 -0.0201244354248047 -0.62799072265625 -0.52239990234375
-0.00980472564697266 -0.00704288482666016 -0.61932373046875 0.1986083984375
0.0248985290527344 0.00946617126464844 -0.2244873046875 0.4517822265625
0.0108633041381836 0.00291824340820313 0.171478271484375 0.30645751953125
0.0193920135498047 -0.0203266143798828 0.3118896484375 0.0643310546875
0.0263500213623047 -0.0134792327880859 -0.278900146484375 -0.031890869140625
0.0188827514648437 -0.00229644775390625 -0.16107177734375 -0.294342041015625
0.0365142822265625 0.000659942626953125 0.152435302734375 -0.438385009765625
0.0176277160644531 0.0153026580810547 0.56982421875 -0.25250244140625
-0.0228328704833984 0.00328826904296875 0.6024169921875 0.39630126953125
-0.0158576965332031 -0.0479469299316406 0.09063720703125 0.866943359375
0.0233383178710937 -0.0237903594970703 -0.39666748046875 0.58392333984375
0.0505828857421875 0.000614166259765625 -0.056549072265625 0.0912704467773437
0.0289554595947266 -0.028350830078125 0.506378173828125 -0.426727294921875
0.0146121978759766 -0.0243911743164063 0.1580810546875 -0.916259765625
-0.00650262832641602 -0.0022282600402832 -0.6112060546875 -0.5523681640625
0.00592994689941406 -0.00732898712158203 -0.63592529296875 0.1763916015625
0.0362205505371094 0.0057373046875 -0.245361328125 0.446533203125
0.0162239074707031 -0.00537967681884766 0.1575927734375 0.308990478515625
0.0156326293945313 -0.0254974365234375 0.308746337890625 0.068603515625
0.0225257873535156 -0.0167465209960937 -0.28424072265625 -0.036468505859375
0.0192985534667969 -0.0105056762695313 -0.17034912109375 -0.297393798828125
0.0453338623046875 -0.00591278076171875 0.141998291015625 -0.439178466796875
0.0337924957275391 0.015106201171875 0.56060791015625 -0.264373779296875
-0.00843143463134766 0.0171051025390625 0.60601806640625 0.38226318359375
-0.0170516967773438 -0.0244560241699219 0.10919189453125 0.86114501953125
0.00208842754364014 -0.00142347812652588 -0.38232421875 0.59100341796875
0.0153656005859375 0.0109128952026367 -0.0511627197265625 0.0960006713867188
-0.000283241271972657 -0.00980281829833985 0.5172119140625 -0.415252685546875
0.00804996490478516 0.000684261322021484 0.18463134765625 -0.91021728515625
0.00519847869873047 0.0153980255126953 -0.6011962890625 -0.56573486328125
0.0233383178710938 -0.0052032470703125 -0.64239501953125 0.1622314453125
0.0467796325683594 0.00308990478515625 -0.2568359375 0.438446044921875
0.0194187164306641 -0.0122928619384766 0.1466064453125 0.303558349609375
0.0137577056884766 -0.0310516357421875 0.304046630859375 0.065032958984375
0.0195350646972656 -0.0198841094970703 -0.29010009765625 -0.04498291015625
0.0198192596435547 -0.0153369903564453 -0.17578125 -0.306488037109375
0.048919677734375 -0.0110740661621094 0.138519287109375 -0.443023681640625
0.0441055297851563 0.0166740417480469 0.559356689453125 -0.266326904296875
0.00307464599609375 0.027587890625 0.60589599609375 0.3829345703125
-0.0167713165283203 -0.00139713287353515 0.10986328125 0.8580322265625
-0.0173130035400391 0.0189361572265625 -0.3729248046875 0.58538818359375
-0.0164737701416016 0.0219573974609375 -0.0335845947265625 0.0926666259765625
-0.0260372161865234 0.00645065307617187 0.5281982421875 -0.41943359375
0.000703811645507813 0.0228500366210938 0.182861328125 -0.91241455078125
0.0144615173339844 0.0315933227539063 -0.600830078125 -0.561279296875
0.03564453125 -0.00293350219726562 -0.64013671875 0.1612548828125
0.053466796875 0.00123977661132813 -0.257598876953125 0.433502197265625
0.0231094360351563 -0.0181865692138672 0.1414794921875 0.29754638671875
0.0105247497558594 -0.0342063903808594 0.297821044921875 0.056488037109375
0.0173110961914063 -0.0200214385986328 -0.297393798828125 -0.056427001953125
0.0190410614013672 -0.0191497802734375 -0.179473876953125 -0.315887451171875
0.0505867004394531 -0.0131416320800781 0.1468505859375 -0.444091796875
0.0491790771484375 0.0178947448730469 0.56988525390625 -0.255615234375
0.00858116149902344 0.0348472595214844 0.595703125 0.39990234375
-0.0152359008789063 0.0134449005126953 0.0927734375 0.85919189453125
-0.0305671691894531 0.0369720458984375 -0.3653564453125 0.5721435546875
-0.0393867492675781 0.0310401916503906 -0.0036468505859375 0.0827407836914062
-0.0432815551757812 0.0213279724121094 0.538970947265625 -0.439178466796875
-0.003021240234375 0.0404739379882812 0.16510009765625 -0.9173583984375
0.0208702087402344 0.041595458984375 -0.61126708984375 -0.54119873046875
0.0416679382324219 -0.00153732299804688 -0.63262939453125 0.1734619140625
0.0537071228027344 -0.000858306884765625 -0.249664306640625 0.43072509765625
0.0231609344482422 -0.0235614776611328 0.1400146484375 0.286407470703125
0.00949287414550781 -0.0341758728027344 0.292388916015625 0.042999267578125
0.0409278869628906 0.0043792724609375 -0.28240966796875 -0.062957763671875
0.0132293701171875 0.0230484008789063 -0.128082275390625 -0.316864013671875
0.000936508178710937 0.0270595550537109 0.238555908203125 -0.418365478515625
-0.042724609375 0.0128746032714844 0.63226318359375 -0.14105224609375
-0.0621795654296875 -0.044677734375 0.51776123046875 0.5389404296875
0.0115814208984375 -0.106521606445313 -0.0861206054687499 0.8819580078125
0.09649658203125 -0.0564804077148438 -0.439910888671875 0.4775390625
0.132377624511719 -0.00836181640625 0.0383872985839844 0.0205841064453125
0.0840072631835938 -0.061248779296875 0.477294921875 -0.55206298828125
0.0180130004882813 -0.0742950439453125 -0.02215576171875 -0.9248046875
-0.0510215759277344 -0.0340309143066406 -0.68939208984375 -0.40264892578125
-0.0459175109863281 0.00202178955078126 -0.561614990234375 0.282073974609375
-0.00272178649902344 0.0182609558105469 -0.152069091796875 0.460174560546875
0.000110626220703125 0.0165586471557617 0.203140258789063 0.276077270507813
0.0289535522460938 -0.01171875 0.312042236328125 0.030059814453125
0.0386619567871094 0.002166748046875 -0.279067993164063 -0.0465240478515625
0.0145359039306641 0.0195827484130859 -0.13433837890625 -0.30615234375
0.00853157043457031 0.0249652862548828 0.215972900390625 -0.420257568359375
-0.0326385498046875 0.0137901306152344 0.61602783203125 -0.16845703125
-0.0586967468261719 -0.0379714965820313 0.54119873046875 0.5020751953125
0.00334930419921875 -0.10467529296875 -0.0443725585937499 0.8826904296875
0.0884323120117188 -0.061431884765625 -0.441925048828125 0.51239013671875
0.1307373046875 -0.0130691528320313 0.00335693359375001 0.0407867431640625
0.0849838256835938 -0.0616912841796875 0.482635498046875 -0.5174560546875
0.0212020874023437 -0.0727996826171875 0.0300903320312501 -0.92657470703125
-0.0448722839355469 -0.03558349609375 -0.668212890625 -0.44677734375
-0.0403289794921875 -0.00154495239257812 -0.58251953125 0.2562255859375
0.00345134735107422 0.0164289474487305 -0.1749267578125 0.459930419921875
0.00199413299560547 0.0122766494750977 0.195465087890625 0.285369873046875
0.0253543853759766 -0.0115966796875 0.314208984375 0.0416259765625
0.0347652435302734 -0.00315475463867188 -0.278472900390625 -0.0382232666015625
0.016535758972168 0.0136833190917969 -0.144866943359375 -0.299957275390625
0.0178565979003906 0.0190563201904297 0.1910400390625 -0.427459716796875
-0.0171737670898438 0.0150041580200195 0.599365234375 -0.20220947265625
-0.051422119140625 -0.0255165100097656 0.5682373046875 0.46270751953125
-0.00557708740234375 -0.0917434692382813 0.0070190429687499 0.879638671875
0.0709304809570313 -0.05731201171875 -0.4315185546875 0.54107666015625
0.112327575683594 -0.0115509033203125 -0.0282478332519531 0.0604782104492187
0.074859619140625 -0.0555343627929688 0.490020751953125 -0.48193359375
0.023223876953125 -0.0633125305175781 0.0800781249999999 -0.92510986328125
-0.0325050354003906 -0.0304603576660156 -0.6505126953125 -0.48779296875
-0.0277976989746094 -0.00552749633789062 -0.603759765625 0.2281494140625
0.0139198303222656 0.0119199752807617 -0.20037841796875 0.459014892578125
0.00525569915771484 0.00897407531738281 0.184814453125 0.299285888671875
0.0224971771240234 -0.0156669616699219 0.316375732421875 0.055816650390625
0.0313014984130859 -0.00818061828613281 -0.27862548828125 -0.0308227539062501
0.0197525024414063 0.0066070556640625 -0.154541015625 -0.295928955078125
0.0284881591796875 0.0105152130126953 0.17047119140625 -0.43353271484375
-0.000124931335449218 0.0164880752563477 0.58392333984375 -0.2314453125
-0.0379753112792969 -0.0105476379394531 0.59063720703125 0.426513671875
-0.0120773315429688 -0.072509765625 0.0526123046874999 0.87738037109375
0.0481491088867187 -0.0444717407226563 -0.41680908203125 0.56903076171875
0.0855560302734375 -0.00699615478515625 -0.0505752563476562 0.0795364379882813
0.0556793212890625 -0.0426406860351563 0.500274658203125 -0.44927978515625
0.020416259765625 -0.0477561950683594 0.12713623046875 -0.9190673828125
-0.0188503265380859 -0.0187568664550781 -0.6287841796875 -0.52679443359375
-0.0107631683349609 -0.00663375854492188 -0.625 0.1986083984375
0.0249118804931641 0.00895881652832031 -0.227691650390625 0.452911376953125
0.01019287109375 0.00275993347167969 0.1712646484375 0.30792236328125
0.0187778472900391 -0.0205326080322266 0.314727783203125 0.064300537109375
0.0272636413574219 -0.0136985778808594 -0.28179931640625 -0.031463623046875
0.0206794738769531 -0.00157737731933594 -0.1630859375 -0.2952880859375
0.0385627746582031 0.0020904541015625 0.151336669921875 -0.438232421875
0.0167837142944336 0.0150718688964844 0.57183837890625 -0.25262451171875
-0.0242671966552734 0.00390052795410156 0.6051025390625 0.4019775390625
-0.015777587890625 -0.049163818359375 0.08941650390625 0.8739013671875
0.0235652923583984 -0.0255069732666016 -0.40252685546875 0.58587646484375
0.0503501892089844 -0.000148773193359375 -0.0572662353515625 0.0903854370117188
0.0288753509521484 -0.0267848968505859 0.509124755859375 -0.426361083984375
0.0158824920654297 -0.0229568481445313 0.16265869140625 -0.91912841796875
-0.00575017929077148 -0.00216388702392578 -0.61187744140625 -0.55718994140625
0.00695371627807617 -0.00708723068237305 -0.638427734375 0.17730712890625
0.0375709533691406 0.00576019287109375 -0.246673583984375 0.4501953125
0.0160055160522461 -0.00369453430175781 0.157928466796875 0.309539794921875
0.0156192779541016 -0.0259590148925781 0.31134033203125 0.069305419921875
0.0222377777099609 -0.0176258087158203 -0.286468505859375 -0.035919189453125
0.0209159851074219 -0.0104255676269531 -0.172088623046875 -0.301025390625
0.0455970764160156 -0.005828857421875 0.14239501953125 -0.441619873046875
0.0338878631591797 0.0168533325195313 0.5643310546875 -0.26434326171875
-0.00877952575683593 0.0178050994873047 0.61016845703125 0.38751220703125
-0.0163421630859375 -0.0237617492675781 0.109375 0.86749267578125
0.00170016288757324 -0.00180840492248535 -0.387451171875 0.59283447265625
0.0145463943481445 0.0105562210083008 -0.0535507202148438 0.0952606201171875
-0.000249862670898437 -0.00873327255249024 0.52435302734375 -0.41497802734375
0.00898933410644531 0.000813484191894531 0.1851806640625 -0.91607666015625
0.00638866424560547 0.0155000686645508 -0.60369873046875 -0.56817626953125
0.0223255157470703 -0.0048370361328125 -0.64520263671875 0.16290283203125
0.0466117858886719 0.00335693359375 -0.257843017578125 0.440643310546875
0.0195026397705078 -0.0127582550048828 0.148529052734375 0.30615234375
0.0118961334228516 -0.0313205718994141 0.30609130859375 0.065093994140625
0.0191020965576172 -0.0217857360839844 -0.29278564453125 -0.044158935546875
0.0212593078613281 -0.0161018371582031 -0.177337646484375 -0.307525634765625
0.0487251281738281 -0.0106163024902344 0.14044189453125 -0.444427490234375
0.0436248779296875 0.0168800354003906 0.56292724609375 -0.26611328125
0.00348281860351563 0.0292434692382813 0.60638427734375 0.38763427734375
-0.0164337158203125 -0.00280570983886718 0.1077880859375 0.864501953125
-0.0177497863769531 0.0192279815673828 -0.3753662109375 0.58734130859375
-0.0163993835449219 0.021881103515625 -0.0348968505859375 0.0930633544921875
-0.0250186920166016 0.00655364990234376 0.53326416015625 -0.419525146484375
0.00141525268554687 0.0227069854736328 0.1875 -0.91766357421875
0.0149383544921875 0.0313625335693359 -0.6021728515625 -0.56719970703125
0.0350112915039063 -0.00356101989746094 -0.644287109375 0.16253662109375
0.0542182922363281 0.0015869140625 -0.26055908203125 0.43609619140625
0.0220870971679688 -0.0184955596923828 0.142303466796875 0.299835205078125
0.00940322875976563 -0.0339126586914062 0.3009033203125 0.056915283203125
0.0188884735107422 -0.0232677459716797 -0.30072021484375 -0.0562744140625001
0.0204353332519531 -0.0188789367675781 -0.18206787109375 -0.31591796875
0.051116943359375 -0.0126457214355469 0.1463623046875 -0.447662353515625
0.0506706237792969 0.0182380676269531 0.572265625 -0.2554931640625
0.00906753540039063 0.035980224609375 0.5985107421875 0.4029541015625
-0.0151481628417969 0.0143461227416992 0.0921020507812501 0.8646240234375
-0.0311508178710938 0.036102294921875 -0.37091064453125 0.5743408203125
-0.0389289855957031 0.0314598083496094 -0.00538635253906251 0.08233642578125
-0.0441322326660156 0.0223045349121094 0.543792724609375 -0.4405517578125
-0.00259780883789063 0.0402793884277344 0.16802978515625 -0.9228515625
0.0211448669433594 0.0421066284179688 -0.61456298828125 -0.54693603515625
0.0413093566894531 -0.00143814086914063 -0.6361083984375 0.17431640625
0.0553550720214844 -0.00186920166015625 -0.251220703125 0.4354248046875
0.0233364105224609 -0.0227184295654297 0.14080810546875 0.287445068359375
0.0086822509765625 -0.03533935546875 0.295684814453125 0.043609619140625
0.04180908203125 0.00368118286132813 -0.286865234375 -0.06304931640625
0.0125694274902344 0.022705078125 -0.13201904296875 -0.3189697265625
-3.43322753906269E-05 0.0281257629394531 0.23779296875 -0.420013427734375
-0.0431976318359375 0.0122222900390625 0.6337890625 -0.14141845703125
-0.0636405944824219 -0.0456809997558594 0.5223388671875 0.542999267578125
0.0121994018554688 -0.106369018554688 -0.0857543945312499 0.8868408203125
0.097198486328125 -0.0583572387695313 -0.44329833984375 0.483062744140625
0.134658813476563 -0.00830841064453125 0.0395622253417969 0.0207786560058594
0.0863189697265625 -0.060791015625 0.48016357421875 -0.555328369140625
0.0176162719726562 -0.07489013671875 -0.0200805664062499 -0.93115234375
-0.0517845153808594 -0.0338249206542969 -0.69287109375 -0.40533447265625
-0.047088623046875 0.00276184082031251 -0.56524658203125 0.284912109375
-0.00356101989746094 0.0177764892578125 -0.151519775390625 0.464996337890625
0.000152587890624999 0.0164384841918945 0.2037353515625 0.2781982421875
0.0279903411865234 -0.0105953216552734 0.314697265625 0.0286865234375
0.0388870239257813 0.000843048095703125 -0.281768798828125 -0.0470581054687501
0.0153942108154297 0.0190525054931641 -0.13690185546875 -0.3082275390625
0.00783348083496094 0.0243301391601563 0.2158203125 -0.42181396484375
-0.0337390899658203 0.0140914916992188 0.61767578125 -0.16925048828125
-0.0591354370117188 -0.0382347106933594 0.546112060546875 0.506866455078125
0.00385284423828124 -0.106071472167969 -0.04486083984375 0.8896484375
0.0888442993164063 -0.0626678466796875 -0.44537353515625 0.51409912109375
0.131973266601563 -0.0110626220703125 0.00308990478515626 0.0402793884277344
0.0862274169921875 -0.0610504150390625 0.485992431640625 -0.521240234375
0.0209426879882813 -0.0737457275390625 0.0303955078125001 -0.93377685546875
-0.0453720092773438 -0.0355796813964844 -0.6729736328125 -0.4464111328125
-0.0419769287109375 -0.00267410278320312 -0.586181640625 0.25860595703125
0.00222969055175781 0.0163049697875977 -0.174530029296875 0.462493896484375
0.00205516815185547 0.0137844085693359 0.19866943359375 0.2874755859375
0.0251369476318359 -0.0108299255371094 0.318267822265625 0.041412353515625
0.0367202758789063 -0.00394058227539063 -0.281082153320313 -0.03778076171875
0.0180797576904297 0.0135402679443359 -0.14532470703125 -0.3018798828125
0.01800537109375 0.0187263488769531 0.19189453125 -0.429473876953125
-0.0188121795654297 0.0157871246337891 0.6033935546875 -0.203125
-0.0509071350097656 -0.0249099731445313 0.57232666015625 0.46856689453125
-0.00555419921875001 -0.093597412109375 0.00683593750000006 0.88812255859375
0.0711517333984375 -0.0583953857421875 -0.4354248046875 0.544219970703125
0.113822937011719 -0.0117263793945313 -0.0293922424316406 0.0621604919433594
0.0747528076171875 -0.0541610717773438 0.493194580078125 -0.48443603515625
0.0228767395019531 -0.0647087097167969 0.08111572265625 -0.93060302734375
-0.0330677032470703 -0.0303020477294922 -0.65435791015625 -0.491943359375
-0.0277843475341797 -0.0053863525390625 -0.6087646484375 0.22998046875
0.0121002197265625 0.0131368637084961 -0.20068359375 0.4619140625
0.00498723983764648 0.00860309600830078 0.186248779296875 0.30047607421875
0.0224285125732422 -0.0158233642578125 0.319549560546875 0.055389404296875
0.0320091247558594 -0.00825691223144531 -0.280792236328125 -0.0317840576171876
0.019866943359375 0.00628471374511719 -0.1561279296875 -0.297210693359375
0.0291347503662109 0.0104045867919922 0.169830322265625 -0.436370849609375
-8.29696655273445E-05 0.016596794128418 0.5872802734375 -0.2318115234375
-0.0389518737792969 -0.0108222961425781 0.59466552734375 0.43194580078125
-0.0119857788085938 -0.0739364624023438 0.0530395507812501 0.884521484375
0.0482025146484375 -0.0446014404296875 -0.42279052734375 0.57257080078125
0.0854949951171875 -0.00658416748046875 -0.0521011352539062 0.0785903930664063
0.0561447143554688 -0.0426483154296875 0.506072998046875 -0.451690673828125
0.0209579467773438 -0.0462188720703125 0.12738037109375 -0.92919921875
-0.0193309783935547 -0.018768310546875 -0.63525390625 -0.53033447265625
-0.0122880935668945 -0.00618076324462891 -0.6279296875 0.20257568359375
0.0248680114746094 0.00881385803222656 -0.227508544921875 0.457672119140625
0.0113811492919922 0.00269317626953125 0.174102783203125 0.310028076171875
0.0187454223632813 -0.0207862854003906 0.318450927734375 0.064483642578125
0.0275402069091797 -0.01324462890625 -0.283935546875 -0.030364990234375
0.0220565795898438 -0.00307846069335938 -0.166290283203125 -0.2982177734375
0.038848876953125 0.0015106201171875 0.15277099609375 -0.439910888671875
0.0176467895507812 0.0163440704345703 0.57421875 -0.254150390625
-0.0233898162841797 0.0043487548828125 0.609619140625 0.40509033203125
-0.0168876647949219 -0.0499382019042969 0.09033203125 0.88037109375
0.0236110687255859 -0.0250644683837891 -0.406494140625 0.591796875
0.0502471923828125 0.000988006591796875 -0.0599441528320313 0.0905838012695313
0.0281810760498047 -0.0252170562744141 0.511962890625 -0.42926025390625
0.0169048309326172 -0.0229759216308594 0.16510009765625 -0.92681884765625
-0.00455284118652344 -0.00273561477661133 -0.6163330078125 -0.55828857421875
0.00669765472412109 -0.00750589370727539 -0.64276123046875 0.177978515625
0.0365142822265625 0.00531005859375 -0.24639892578125 0.450836181640625
0.0157079696655273 -0.00555706024169922 0.160064697265625 0.310577392578125
0.0142288208007812 -0.0263881683349609 0.3148193359375 0.067657470703125
0.0228347778320313 -0.0184192657470703 -0.2880859375 -0.0362548828125
0.0219764709472656 -0.00989341735839844 -0.174774169921875 -0.301116943359375
0.0455245971679688 -0.0061187744140625 0.140533447265625 -0.443634033203125
0.0331459045410156 0.0168685913085938 0.56719970703125 -0.26629638671875
-0.00822830200195313 0.017242431640625 0.6142578125 0.38848876953125
-0.0163841247558594 -0.0242366790771484 0.10858154296875 0.8739013671875
0.000351548194885254 -0.00194442272186279 -0.3916015625 0.59625244140625
0.0137386322021484 0.012150764465332 -0.054046630859375 0.0960845947265625
-0.00153779983520508 -0.00849437713623047 0.525238037109375 -0.417022705078125
0.00735855102539062 0.00140905380249023 0.18768310546875 -0.923095703125
0.00704383850097656 0.016932487487793 -0.60552978515625 -0.57275390625
0.0222892761230469 -0.00473403930664063 -0.64910888671875 0.1644287109375
0.0492095947265625 0.00159835815429687 -0.25775146484375 0.444671630859375
0.0217361450195313 -0.0132713317871094 0.151092529296875 0.308807373046875
0.0113754272460937 -0.0308303833007813 0.309906005859375 0.064849853515625
0.0201301574707031 -0.0198898315429688 -0.295318603515625 -0.044464111328125
0.0209102630615234 -0.0157089233398438 -0.1810302734375 -0.30792236328125
0.050750732421875 -0.0119209289550781 0.139251708984375 -0.4493408203125
0.04412841796875 0.0168609619140625 0.5665283203125 -0.2679443359375
0.00312423706054687 0.0282039642333984 0.611328125 0.390869140625
-0.0158405303955078 -0.00249099731445312 0.10870361328125 0.87060546875
-0.0169658660888672 0.0195903778076172 -0.3792724609375 0.59185791015625
-0.0178146362304687 0.02288818359375 -0.036163330078125 0.0942535400390625
-0.0275249481201172 0.00828361511230469 0.53662109375 -0.42236328125
0.00291252136230469 0.0248928070068359 0.1875 -0.92535400390625
0.0164642333984375 0.0317211151123047 -0.6075439453125 -0.57073974609375
0.0358924865722656 -0.00171661376953125 -0.64776611328125 0.1639404296875
0.0532989501953125 0.00070953369140625 -0.261566162109375 0.441009521484375
0.0237178802490234 -0.019134521484375 0.144500732421875 0.3001708984375
0.00804519653320312 -0.0363693237304688 0.30279541015625 0.056640625
0.0180015563964844 -0.0226039886474609 -0.30242919921875 -0.055816650390625
0.0229759216308594 -0.0196208953857422 -0.1851806640625 -0.318084716796875
0.051971435546875 -0.013519287109375 0.14495849609375 -0.450958251953125
0.0493278503417969 0.0195350646972656 0.57623291015625 -0.2567138671875
0.0091400146484375 0.0365180969238281 0.603271484375 0.408447265625
-0.0152730941772461 0.0140008926391602 0.0923461914062499 0.8709716796875
-0.0304031372070312 0.0366554260253906 -0.37591552734375 0.577392578125
-0.0396690368652344 0.0328330993652344 -0.006561279296875 0.0836181640625
-0.0441703796386719 0.0223960876464844 0.5465087890625 -0.44244384765625
-0.00288009643554687 0.0412559509277344 0.1702880859375 -0.9283447265625
0.0217323303222656 0.0425453186035156 -0.61859130859375 -0.5498046875
0.0411453247070313 -0.000335693359375 -0.6407470703125 0.174072265625
0.0557022094726563 -0.00194168090820313 -0.25152587890625 0.4378662109375
0.0224742889404297 -0.0228500366210938 0.141632080078125 0.290435791015625
0.00768280029296875 -0.0366249084472656 0.29913330078125 0.043304443359375
0.0423355102539063 0.00281524658203125 -0.289764404296875 -0.063140869140625
0.0133132934570312 0.0226345062255859 -0.133392333984375 -0.3201904296875
0.000883102416992186 0.0273418426513672 0.23809814453125 -0.424407958984375
-0.0437393188476562 0.0128326416015625 0.638916015625 -0.14239501953125
-0.0634727478027344 -0.04486083984375 0.527679443359375 0.548126220703125
0.0121307373046875 -0.107177734375 -0.0850219726562501 0.8951416015625
0.0975723266601563 -0.0591354370117188 -0.447967529296875 0.48773193359375
0.134613037109375 -0.00722503662109375 0.0387954711914063 0.0214614868164063
0.0857009887695313 -0.0605392456054688 0.483795166015625 -0.559051513671875
0.01812744140625 -0.0751495361328125 -0.0209960937499999 -0.93798828125
-0.051300048828125 -0.0329208374023437 -0.6995849609375 -0.4068603515625
-0.0481338500976563 0.00310897827148437 -0.56817626953125 0.289306640625
-0.00213432312011719 0.0180740356445313 -0.15045166015625 0.46978759765625
-0.00161552429199219 0.0162620544433594 0.2060546875 0.278717041015625
0.0282363891601563 -0.0120983123779297 0.319183349609375 0.028045654296875
0.0386009216308594 0.0007476806640625 -0.285247802734375 -0.04559326171875
0.0152263641357422 0.0195503234863281 -0.1405029296875 -0.30853271484375
0.00864219665527344 0.0243034362792969 0.21600341796875 -0.42578125
-0.0335483551025391 0.0147438049316406 0.62396240234375 -0.172119140625
-0.0603218078613281 -0.0391921997070312 0.55059814453125 0.511749267578125
0.00405120849609374 -0.105606079101563 -0.0427856445312501 0.89923095703125
0.0882339477539063 -0.0629653930664063 -0.449554443359375 0.519805908203125
0.130516052246094 -0.0100326538085938 0.00136566162109376 0.0409698486328125
0.0857696533203125 -0.0602951049804688 0.489776611328125 -0.525299072265625
0.0217361450195312 -0.0732421875 0.03131103515625 -0.94024658203125
-0.0446624755859375 -0.035400390625 -0.67999267578125 -0.44964599609375
-0.0416221618652344 -0.00213623046875 -0.59051513671875 0.26202392578125
0.00271320343017578 0.0159664154052734 -0.174835205078125 0.46759033203125
0.00260829925537109 0.0139436721801758 0.199737548828125 0.2894287109375
0.0245132446289063 -0.0111083984375 0.320648193359375 0.0401611328125
0.0377159118652344 -0.00318145751953125 -0.284088134765625 -0.037078857421875
0.0186786651611328 0.013671875 -0.15020751953125 -0.30340576171875
0.0195846557617187 0.0193729400634766 0.19189453125 -0.433380126953125
-0.0185279846191406 0.0163936614990234 0.60711669921875 -0.20697021484375
-0.0522537231445313 -0.0261421203613281 0.5792236328125 0.4720458984375
-0.0057373046875 -0.0929107666015625 0.00811767578125001 0.89776611328125
0.070892333984375 -0.0575332641601562 -0.441070556640625 0.55096435546875
0.114730834960937 -0.0114593505859375 -0.0316238403320312 0.0618019104003906
0.0761260986328125 -0.0543441772460938 0.4971923828125 -0.487884521484375
0.0228042602539063 -0.0642662048339844 0.0797119140624999 -0.93707275390625
-0.0323619842529297 -0.0314407348632813 -0.6610107421875 -0.4935302734375
-0.0286045074462891 -0.00565338134765625 -0.61285400390625 0.2332763671875
0.012476921081543 0.0132417678833008 -0.199615478515625 0.467742919921875
0.00560283660888672 0.0091867446899414 0.18817138671875 0.3040771484375
0.0214748382568359 -0.0143413543701172 0.322998046875 0.05535888671875
0.0329990386962891 -0.00909233093261719 -0.28466796875 -0.030975341796875
0.0204410552978516 0.00652694702148437 -0.159576416015625 -0.298309326171875
0.0292510986328125 0.0100574493408203 0.169097900390625 -0.4385986328125
-0.000308036804199218 0.0168333053588867 0.59173583984375 -0.234375
-0.0393333435058594 -0.0101470947265625 0.5992431640625 0.43621826171875
-0.0119705200195312 -0.0747146606445312 0.0546875 0.891845703125
0.0487937927246094 -0.0444602966308594 -0.4251708984375 0.5780029296875
0.0859909057617188 -0.00621795654296875 -0.0531997680664063 0.0801010131835937
0.0560417175292969 -0.0415878295898437 0.506439208984375 -0.455108642578125
0.0218162536621094 -0.04754638671875 0.12921142578125 -0.933349609375
-0.0194778442382812 -0.0197257995605469 -0.63873291015625 -0.53369140625
-0.0127487182617188 -0.00658416748046875 -0.6312255859375 0.20562744140625
0.0250606536865234 0.00917434692382813 -0.2275390625 0.46331787109375
0.0115509033203125 0.00382137298583984 0.176483154296875 0.31121826171875
0.0174331665039063 -0.0206527709960938 0.32147216796875 0.063018798828125
0.0280895233154297 -0.0145339965820313 -0.286834716796875 -0.029541015625
0.0218429565429688 -0.00184440612792969 -0.16943359375 -0.299224853515625
0.0401992797851563 0.00168228149414063 0.150787353515625 -0.445098876953125
0.0181083679199219 0.0175647735595703 0.57916259765625 -0.25653076171875
-0.024017333984375 0.00464248657226563 0.61505126953125 0.41009521484375
-0.015472412109375 -0.050079345703125 0.0924072265624999 0.88702392578125
0.0239086151123047 -0.0258655548095703 -0.4097900390625 0.59637451171875
0.0496482849121094 0.00191497802734375 -0.0614242553710938 0.0917587280273437
0.0297107696533203 -0.0243473052978516 0.5147705078125 -0.432403564453125
0.0176849365234375 -0.0227184295654297 0.16510009765625 -0.93267822265625
-0.00402379035949707 -0.00201892852783203 -0.622802734375 -0.56243896484375
0.00490427017211914 -0.00626754760742188 -0.64764404296875 0.18048095703125
0.0368804931640625 0.00446701049804688 -0.248291015625 0.45758056640625
0.0162010192871094 -0.00373363494873047 0.16302490234375 0.314300537109375
0.0138397216796875 -0.0266914367675781 0.31768798828125 0.068145751953125
0.0234088897705078 -0.0190162658691406 -0.2921142578125 -0.0346069335937501
0.0228157043457031 -0.00965309143066406 -0.179443359375 -0.303924560546875
0.0452308654785156 -0.00577163696289062 0.13922119140625 -0.447967529296875
0.0325145721435547 0.0164699554443359 0.57061767578125 -0.2698974609375
-0.00750064849853516 0.0175399780273438 0.6195068359375 0.39276123046875
-0.0174007415771484 -0.0244522094726563 0.11126708984375 0.88140869140625
0.000105142593383789 -0.00299978256225586 -0.39410400390625 0.60125732421875
0.0142765045166016 0.0118198394775391 -0.054718017578125 0.0966262817382813
-0.00125455856323242 -0.00642204284667969 0.528778076171875 -0.421142578125
0.00909614562988281 0.00242328643798828 0.19000244140625 -0.92950439453125
0.00646114349365234 0.0151786804199219 -0.612060546875 -0.5745849609375
0.0220756530761719 -0.00395584106445313 -0.65289306640625 0.16680908203125
0.0478630065917969 0.00325393676757813 -0.2584228515625 0.45037841796875
0.0209217071533203 -0.0118732452392578 0.15252685546875 0.309722900390625
0.0108203887939453 -0.0316638946533203 0.31268310546875 0.06451416015625
0.0204257965087891 -0.0214691162109375 -0.2999267578125 -0.0430908203125
0.0228767395019531 -0.0170974731445313 -0.184722900390625 -0.30999755859375
0.0511360168457031 -0.0113449096679688 0.13720703125 -0.45098876953125
0.0458526611328125 0.0167999267578125 0.57135009765625 -0.27008056640625
0.0029754638671875 0.0279731750488281 0.6173095703125 0.3956298828125
-0.0161962509155273 -0.00229263305664062 0.11126708984375 0.87933349609375
-0.0185413360595703 0.0193252563476563 -0.38427734375 0.5948486328125
-0.0169429779052734 0.0226192474365234 -0.038360595703125 0.0936355590820313
-0.026519775390625 0.00816154479980468 0.54132080078125 -0.42529296875
0.00206947326660156 0.0253314971923828 0.18756103515625 -0.9300537109375
0.0172348022460937 0.0317821502685547 -0.61370849609375 -0.57257080078125
0.0343704223632812 -0.00302696228027344 -0.65277099609375 0.1673583984375
0.0540542602539063 0.00141525268554688 -0.259918212890625 0.444244384765625
0.0228137969970703 -0.0178337097167969 0.147613525390625 0.303192138671875
0.00873184204101563 -0.0360984802246094 0.30706787109375 0.055938720703125
0.0190715789794922 -0.0225105285644531 -0.3045654296875 -0.055419921875
0.0224685668945313 -0.0192661285400391 -0.188079833984375 -0.320556640625
0.0534248352050781 -0.0134658813476562 0.145416259765625 -0.453277587890625
0.0512313842773438 0.0192375183105469 0.5791015625 -0.25933837890625
0.0102005004882813 0.035919189453125 0.6085205078125 0.41021728515625
-0.0156593322753906 0.013920783996582 0.0948486328125001 0.88043212890625
-0.03070068359375 0.0375404357910156 -0.37689208984375 0.58209228515625
-0.040435791015625 0.0344200134277344 -0.0075225830078125 0.08392333984375
-0.0464363098144531 0.0240592956542969 0.5499267578125 -0.445526123046875
-0.0019989013671875 0.0406303405761719 0.17156982421875 -0.93670654296875
0.02294921875 0.0427894592285156 -0.6240234375 -0.55352783203125
0.0418701171875 -0.00077056884765625 -0.64569091796875 0.17926025390625
0.0560150146484375 -0.00164413452148437 -0.25103759765625 0.442718505859375
0.0241050720214844 -0.0226936340332031 0.144561767578125 0.290863037109375
0.00713348388671875 -0.0360336303710938 0.30078125 0.041778564453125
0.0437774658203125 0.00315093994140625 -0.29266357421875 -0.0602111816406251
0.0141372680664063 0.0228099822998047 -0.138916015625 -0.32049560546875
0.00148582458496094 0.0288238525390625 0.237457275390625 -0.428253173828125
-0.0444107055664063 0.0145301818847656 0.64508056640625 -0.1461181640625
-0.0640068054199219 -0.0459060668945312 0.53521728515625 0.55267333984375
0.0117568969726562 -0.109771728515625 -0.0828857421875 0.905029296875
0.0961227416992188 -0.057952880859375 -0.451416015625 0.492950439453125
0.135780334472656 -0.00687408447265625 0.0366592407226563 0.0208168029785156
0.0868301391601563 -0.060302734375 0.48583984375 -0.56475830078125
0.0185394287109375 -0.0749588012695312 -0.0220947265625 -0.9453125
-0.0521659851074219 -0.0344085693359375 -0.70831298828125 -0.406494140625
-0.0497894287109375 0.00469207763671875 -0.5723876953125 0.29315185546875
-0.00313186645507812 0.0178565979003906 -0.150482177734375 0.474822998046875
1.04904174804704E-05 0.0168485641479492 0.2093505859375 0.280502319335937
0.0273628234863281 -0.0119800567626953 0.323333740234375 0.026153564453125
0.0399856567382813 0.00128173828125 -0.287261962890625 -0.04522705078125
0.0176658630371094 0.0193710327148438 -0.1435546875 -0.310150146484375
0.0101222991943359 0.0251960754394531 0.2156982421875 -0.428466796875
-0.0352439880371094 0.0159416198730469 0.62738037109375 -0.17547607421875
-0.0604438781738281 -0.0380325317382812 0.555572509765625 0.516387939453125
0.0029449462890625 -0.107612609863281 -0.04071044921875 0.90863037109375
0.0888519287109375 -0.061981201171875 -0.453643798828125 0.525299072265625
0.132896423339844 -0.0112533569335937 -0.000682830810546863 0.0427703857421875
0.0879058837890625 -0.059661865234375 0.491729736328125 -0.528717041015625
0.0223846435546875 -0.0743179321289063 0.028076171875 -0.948486328125
-0.0445175170898437 -0.0350341796875 -0.68658447265625 -0.45074462890625
-0.0428199768066406 -0.00119400024414063 -0.59417724609375 0.266845703125
0.00218582153320313 0.016301155090332 -0.173187255859375 0.47357177734375
0.00162124633789062 0.0149412155151367 0.20379638671875 0.291229248046875
0.0256214141845703 -0.0116958618164063 0.3248291015625 0.0386962890625
0.0369873046875 -0.00404739379882813 -0.287200927734375 -0.034423828125
0.0185375213623047 0.01458740234375 -0.154937744140625 -0.304107666015625
0.0202198028564453 0.0181694030761719 0.189483642578125 -0.437347412109375
-0.0190925598144531 0.0167770385742188 0.61285400390625 -0.20916748046875
-0.0529441833496094 -0.0251922607421875 0.58551025390625 0.47576904296875
-0.00478363037109375 -0.0947418212890625 0.0128173828125 0.9039306640625
0.0711441040039062 -0.0588912963867187 -0.44281005859375 0.556365966796875
0.114631652832031 -0.0110244750976563 -0.0322303771972656 0.0627593994140625
0.0761184692382813 -0.053924560546875 0.499420166015625 -0.49285888671875
0.0240287780761719 -0.0648384094238281 0.078857421875 -0.94366455078125
-0.0324592590332031 -0.0312671661376953 -0.66802978515625 -0.49609375
-0.0294990539550781 -0.00533294677734375 -0.6162109375 0.23681640625
0.0129947662353516 0.0121908187866211 -0.20037841796875 0.47100830078125
0.00617504119873047 0.010594367980957 0.192626953125 0.3048095703125
0.0211200714111328 -0.0153465270996094 0.326812744140625 0.052764892578125
0.0325946807861328 -0.00896453857421875 -0.286834716796875 -0.0283203125
0.0211639404296875 0.00653266906738281 -0.163909912109375 -0.299041748046875
0.0310688018798828 0.0103607177734375 0.167205810546875 -0.442230224609375
0.000598907470703125 0.0175895690917969 0.59490966796875 -0.23992919921875
-0.0393943786621094 -0.0100250244140625 0.60736083984375 0.4381103515625
-0.0120773315429688 -0.0754623413085938 0.0602416992187501 0.9017333984375
0.0476531982421875 -0.0451240539550781 -0.42822265625 0.5838623046875
0.0873336791992187 -0.00629425048828125 -0.0539169311523437 0.08087158203125
0.0561866760253906 -0.0416374206542969 0.508544921875 -0.460540771484375
0.0228157043457031 -0.0469131469726563 0.12835693359375 -0.9420166015625
-0.0187606811523437 -0.0197772979736328 -0.6461181640625 -0.5361328125
-0.0125656127929688 -0.00678443908691406 -0.6368408203125 0.2088623046875
0.0258998870849609 0.00897598266601563 -0.227386474609375 0.46820068359375
0.0113582611083984 0.00263881683349609 0.178680419921875 0.31201171875
0.0171432495117188 -0.0210113525390625 0.32537841796875 0.06292724609375
0.0289268493652344 -0.0141563415527344 -0.290802001953125 -0.027862548828125
0.0230026245117188 -0.00101470947265625 -0.175811767578125 -0.29901123046875
0.0405998229980469 0.0012054443359375 0.149810791015625 -0.448028564453125
0.017547607421875 0.0177059173583984 0.58392333984375 -0.26043701171875
-0.0233860015869141 0.00446510314941406 0.62158203125 0.4110107421875
-0.0173377990722656 -0.0489387512207031 0.0975341796875 0.8951416015625
0.0227394104003906 -0.0263996124267578 -0.4105224609375 0.6025390625
0.0508956909179688 0.00198745727539063 -0.0637893676757813 0.0938796997070313
0.0290718078613281 -0.0236721038818359 0.51885986328125 -0.43695068359375
0.01776123046875 -0.0230617523193359 0.16546630859375 -0.93988037109375
-0.00407552719116211 -0.00147461891174316 -0.63104248046875 -0.56439208984375
0.00507211685180664 -0.0061497688293457 -0.6517333984375 0.1856689453125
0.0375099182128906 0.004547119140625 -0.24810791015625 0.462982177734375
0.0167875289916992 -0.00406932830810547 0.165130615234375 0.316375732421875
0.0134620666503906 -0.0263156890869141 0.321929931640625 0.06732177734375
0.0241928100585938 -0.019195556640625 -0.2960205078125 -0.0325317382812501
0.0223598480224609 -0.00937271118164062 -0.1837158203125 -0.303497314453125
0.0469284057617188 -0.006195068359375 0.138336181640625 -0.45172119140625
0.0339450836181641 0.0168132781982422 0.57403564453125 -0.27215576171875
-0.00790023803710937 0.0191993713378906 0.62579345703125 0.39654541015625
-0.0166187286376953 -0.0248088836669922 0.11492919921875 0.88909912109375
0.000426054000854492 -0.00186645984649658 -0.3951416015625 0.60986328125
0.01409912109375 0.0132722854614258 -0.0571365356445313 0.09979248046875
-0.0008087158203125 -0.00685453414916992 0.532470703125 -0.42620849609375
0.00974464416503906 0.00218868255615234 0.187744140625 -0.936767578125
0.00782108306884766 0.0158138275146484 -0.6207275390625 -0.57940673828125
0.0221996307373047 -0.005401611328125 -0.659912109375 0.172607421875
0.0491256713867188 0.00255584716796875 -0.2568359375 0.454254150390625
0.0202960968017578 -0.0120773315429687 0.15472412109375 0.31134033203125
0.0104160308837891 -0.0318069458007813 0.31695556640625 0.062469482421875
0.0213909149169922 -0.0227413177490234 -0.301666259765625 -0.041473388671875
0.0228309631347656 -0.0159091949462891 -0.190673828125 -0.312286376953125
0.0523529052734375 -0.011260986328125 0.135711669921875 -0.4547119140625
0.0460166931152344 0.01800537109375 0.5740966796875 -0.27423095703125
0.00388336181640625 0.0289058685302734 0.62432861328125 0.39697265625
-0.0165071487426758 -0.00292682647705078 0.1181640625 0.888671875
-0.0184135437011719 0.0210456848144531 -0.38641357421875 0.60357666015625
-0.0179996490478516 0.0251026153564453 -0.0367355346679687 0.0958480834960937
-0.0268516540527344 0.0116233825683594 0.543853759765625 -0.43121337890625
0.002777099609375 0.0261325836181641 0.18768310546875 -0.9393310546875
0.0176830291748047 0.0328521728515625 -0.62042236328125 -0.576171875
0.0353889465332031 -0.00159454345703125 -0.65887451171875 0.17022705078125
0.0559310913085938 -0.0001373291015625 -0.26141357421875 0.44921875
0.0229530334472656 -0.0198554992675781 0.1492919921875 0.304931640625
0.00832557678222656 -0.0343914031982422 0.3109130859375 0.053985595703125
0.0193252563476563 -0.0240421295166016 -0.308685302734375 -0.054351806640625
0.0231857299804688 -0.0209674835205078 -0.193023681640625 -0.321533203125
0.0533561706542969 -0.0129356384277344 0.142547607421875 -0.45611572265625
0.051727294921875 0.019683837890625 0.5816650390625 -0.26300048828125
0.00843048095703125 0.0362548828125 0.616943359375 0.41387939453125
-0.0148153305053711 0.0137739181518555 0.09820556640625 0.88848876953125
-0.0320549011230469 0.0369949340820313 -0.3797607421875 0.58856201171875
-0.0401153564453125 0.0354080200195312 -0.0099945068359375 0.0848770141601563
-0.0463905334472656 0.02581787109375 0.55340576171875 -0.449676513671875
-0.00145339965820313 0.0428237915039063 0.1708984375 -0.9447021484375
0.0239944458007812 0.0428047180175781 -0.63031005859375 -0.55535888671875
0.0413246154785156 -0.000583648681640625 -0.65008544921875 0.18206787109375
0.0576744079589844 -0.00218582153320313 -0.2508544921875 0.447174072265625
0.02398681640625 -0.0235061645507813 0.147216796875 0.29351806640625
0.00673675537109375 -0.0359077453613281 0.304229736328125 0.041351318359375
0.0458755493164063 0.00144577026367188 -0.2950439453125 -0.06085205078125
0.0148048400878906 0.0215663909912109 -0.143218994140625 -0.322174072265625
0.00215339660644531 0.0295085906982422 0.235198974609375 -0.432708740234375
-0.0451583862304687 0.0156402587890625 0.64935302734375 -0.14862060546875
-0.0661659240722656 -0.0449104309082031 0.542877197265625 0.55401611328125
0.01275634765625 -0.110160827636719 -0.0791015625000001 0.91326904296875
0.0959854125976563 -0.0593338012695313 -0.4547119140625 0.497467041015625
0.137351989746094 -0.00637054443359375 0.0355758666992188 0.0225715637207031
0.086517333984375 -0.061126708984375 0.4864501953125 -0.5712890625
0.0188064575195312 -0.0754776000976563 -0.0296020507812501 -0.95452880859375
-0.0520095825195313 -0.0345726013183594 -0.71551513671875 -0.40789794921875
-0.0504493713378906 0.00208663940429688 -0.5767822265625 0.29925537109375
-0.00127220153808594 0.0191535949707031 -0.149322509765625 0.481292724609375
0.000825881958007812 0.0173358917236328 0.212371826171875 0.2802734375
0.0287380218505859 -0.0127906799316406 0.326385498046875 0.02423095703125
0.0417671203613281 0.00134658813476563 -0.292144775390625 -0.04522705078125
0.0169734954833984 0.0192604064941406 -0.149749755859375 -0.311126708984375
0.00908279418945312 0.0247440338134766 0.21380615234375 -0.432647705078125
-0.0342464447021484 0.0154247283935547 0.6307373046875 -0.18084716796875
-0.0617141723632813 -0.0379371643066406 0.564697265625 0.51873779296875
0.00400543212890626 -0.107620239257813 -0.0358276367187499 0.91595458984375
0.090362548828125 -0.062652587890625 -0.453399658203125 0.533416748046875
0.134696960449219 -0.0101394653320313 0.000102996826171886 0.0437889099121094
0.0872421264648438 -0.0589141845703125 0.493865966796875 -0.536956787109375
0.0223846435546875 -0.0747756958007813 0.02301025390625 -0.95654296875
-0.0452461242675781 -0.0352439880371094 -0.69293212890625 -0.4503173828125
-0.0441055297851563 -0.00102615356445313 -0.59716796875 0.2762451171875
0.00388050079345703 0.0167980194091797 -0.171478271484375 0.47900390625
0.000992774963378905 0.0160245895385742 0.20819091796875 0.29144287109375
0.0248394012451172 -0.0115680694580078 0.327484130859375 0.036651611328125
0.0369415283203125 -0.00386428833007813 -0.291595458984375 -0.034332275390625
0.0203666687011719 0.0138969421386719 -0.15753173828125 -0.306121826171875
0.0196514129638672 0.0185737609863281 0.1878662109375 -0.43841552734375
-0.0173053741455078 0.0189857482910156 0.6158447265625 -0.21490478515625
-0.0519866943359375 -0.026031494140625 0.59442138671875 0.47869873046875
-0.00534057617187501 -0.095916748046875 0.0176391601562499 0.9141845703125
0.0711441040039063 -0.0581130981445313 -0.44476318359375 0.56488037109375
0.116561889648438 -0.00904083251953125 -0.0319442749023438 0.0635910034179688
0.0775146484375 -0.0548171997070312 0.500701904296875 -0.49951171875
0.0244636535644531 -0.0655479431152344 0.07452392578125 -0.9552001953125
-0.0329971313476563 -0.0310993194580078 -0.67498779296875 -0.4952392578125
-0.0313720703125 -0.00576210021972656 -0.62164306640625 0.245361328125
0.0116567611694336 0.0129013061523438 -0.197265625 0.477996826171875
0.00671291351318359 0.00986003875732422 0.196685791015625 0.30682373046875
0.0203380584716797 -0.0156040191650391 0.332000732421875 0.049560546875
0.03179931640625 -0.0102519989013672 -0.2913818359375 -0.026611328125
0.0229167938232422 0.00576019287109375 -0.168060302734375 -0.29888916015625
0.0294990539550781 0.00943183898925781 0.166107177734375 -0.4471435546875
0.000358581542968751 0.0177993774414063 0.60064697265625 -0.243896484375
-0.0396347045898438 -0.0119552612304687 0.6160888671875 0.4415283203125
-0.012481689453125 -0.0762252807617187 0.06805419921875 0.91046142578125
0.0473480224609375 -0.0465812683105469 -0.4298095703125 0.58941650390625
0.0885391235351563 -0.00553131103515625 -0.0551910400390625 0.0822906494140625
0.0552253723144531 -0.0412750244140625 0.510894775390625 -0.46527099609375
0.0232810974121094 -0.0457344055175781 0.12408447265625 -0.9501953125
-0.0174427032470703 -0.0203456878662109 -0.6549072265625 -0.53643798828125
-0.0128746032714844 -0.00712394714355469 -0.63916015625 0.2154541015625
0.0240135192871094 0.00855827331542969 -0.225921630859375 0.47564697265625
0.010319709777832 0.00470924377441406 0.18243408203125 0.31256103515625
0.0177383422851563 -0.0213966369628906 0.329986572265625 0.05938720703125
0.0278339385986328 -0.0167694091796875 -0.2935791015625 -0.025543212890625
0.0237979888916016 -0.00329017639160156 -0.179107666015625 -0.300445556640625
0.0426101684570313 0.00127792358398438 0.14678955078125 -0.4522705078125
0.0187625885009766 0.0167255401611328 0.58465576171875 -0.26654052734375
-0.0230197906494141 0.00560569763183593 0.63067626953125 0.413818359375
-0.0138511657714844 -0.05181884765625 0.10400390625 0.9019775390625
0.0234260559082031 -0.02545166015625 -0.41558837890625 0.610107421875
0.0522041320800781 0.00418472290039063 -0.0654525756835938 0.0937042236328125
0.0301666259765625 -0.0252399444580078 0.521728515625 -0.442718505859375
0.0193233489990234 -0.0227870941162109 0.163330078125 -0.9508056640625
-0.00438332557678223 -0.00321125984191895 -0.63690185546875 -0.56488037109375
0.00561809539794922 -0.00773000717163086 -0.6572265625 0.1927490234375
0.038238525390625 0.00398635864257813 -0.247528076171875 0.46795654296875
0.0162429809570313 -0.00592613220214844 0.169708251953125 0.31622314453125
0.0121650695800781 -0.0253639221191406 0.325714111328125 0.064544677734375
0.0248184204101562 -0.0207710266113281 -0.298675537109375 -0.0297546386718751
0.0241680145263672 -0.00995063781738281 -0.18878173828125 -0.30340576171875
0.0490646362304688 -0.00567626953125 0.1339111328125 -0.456329345703125
0.0342845916748047 0.0180225372314453 0.5770263671875 -0.27752685546875
-0.00833511352539063 0.0185356140136719 0.63421630859375 0.3990478515625
-0.0174674987792969 -0.0250453948974609 0.12042236328125 0.8958740234375
0.00112354755401611 -0.00172185897827148 -0.39874267578125 0.6165771484375
0.0157279968261719 0.0134954452514648 -0.0588226318359375 0.100074768066406
0.000171184539794922 -0.00498008728027344 0.535430908203125 -0.432647705078125
0.0102376937866211 0.00278091430664063 0.18499755859375 -0.944091796875
0.00663566589355469 0.0165443420410156 -0.6285400390625 -0.58197021484375
0.0220451354980469 -0.0027923583984375 -0.662109375 0.1773681640625
0.0476455688476563 0.00104522705078125 -0.256866455078125 0.461761474609375
0.0198097229003906 -0.0122604370117188 0.16156005859375 0.31304931640625
0.009063720703125 -0.0325164794921875 0.323150634765625 0.06219482421875
0.0210361480712891 -0.0235691070556641 -0.305389404296875 -0.0400390625
0.0243587493896484 -0.0160312652587891 -0.19573974609375 -0.310546875
0.0517501831054688 -0.0104560852050781 0.13153076171875 -0.46124267578125
0.0452995300292969 0.0182151794433594 0.57470703125 -0.2794189453125
0.00442695617675782 0.0301418304443359 0.63421630859375 0.39776611328125
-0.0164365768432617 -0.00252437591552734 0.1224365234375 0.8985595703125
-0.0194988250732422 0.0193500518798828 -0.3870849609375 0.61151123046875
-0.0185317993164063 0.0260238647460938 -0.038238525390625 0.0962677001953125
-0.0272789001464844 0.0113277435302734 0.545074462890625 -0.43646240234375
0.00333023071289062 0.0255222320556641 0.1854248046875 -0.947509765625
0.0190753936767578 0.0332088470458984 -0.6270751953125 -0.57867431640625
0.0348434448242188 -0.00255584716796875 -0.6619873046875 0.17779541015625
0.05621337890625 -0.00308609008789063 -0.259765625 0.454498291015625
0.024932861328125 -0.0185413360595703 0.152496337890625 0.30718994140625
0.00771331787109375 -0.0352745056152344 0.3160400390625 0.05328369140625
0.0192680358886719 -0.0241832733154297 -0.314483642578125 -0.05157470703125
0.0242958068847656 -0.0207080841064453 -0.197265625 -0.3209228515625
0.0532722473144531 -0.0124244689941406 0.138580322265625 -0.462738037109375
0.0516624450683594 0.0192298889160156 0.58685302734375 -0.2672119140625
0.00978851318359375 0.0368537902832031 0.6231689453125 0.4150390625
-0.0154542922973633 0.0123691558837891 0.1041259765625 0.896728515625
-0.0316162109375 0.0378875732421875 -0.3807373046875 0.596435546875
-0.0418319702148437 0.0380744934082031 -0.00806427001953126 0.0836105346679688
-0.0440597534179688 0.0272560119628906 0.55499267578125 -0.45648193359375
-4.19616699218737E-05 0.0440292358398438 0.167724609375 -0.95330810546875
0.024261474609375 0.0431556701660156 -0.6385498046875 -0.555908203125
0.03955078125 -0.001495361328125 -0.65472412109375 0.190673828125
0.05670166015625 -0.00327682495117188 -0.2493896484375 0.453277587890625
0.0237388610839844 -0.0221881866455078 0.1494140625 0.29693603515625
0.0057373046875 -0.0367431640625 0.3099365234375 0.039031982421875
0.0434951782226562 0.00139236450195312 -0.299102783203125 -0.056976318359375
0.0165252685546875 0.0214729309082031 -0.148101806640625 -0.322113037109375
0.00194358825683593 0.0290126800537109 0.23028564453125 -0.4366455078125
-0.0458908081054688 0.0153236389160156 0.654541015625 -0.15802001953125
-0.0663337707519531 -0.0450019836425781 0.551666259765625 0.557220458984375
0.0122222900390625 -0.112907409667969 -0.07080078125 0.92303466796875
0.096038818359375 -0.05908203125 -0.45513916015625 0.50665283203125
0.138656616210938 -0.007965087890625 0.0350856781005859 0.0224361419677734
0.0864105224609375 -0.0603790283203125 0.4869384765625 -0.577880859375
0.0188980102539063 -0.0754852294921875 -0.03533935546875 -0.9637451171875
-0.050506591796875 -0.0355033874511719 -0.72491455078125 -0.40277099609375
-0.05096435546875 0.00502777099609376 -0.5782470703125 0.30877685546875
-0.00213623046875 0.0189685821533203 -0.1427001953125 0.487213134765625
-4.67300415039046E-05 0.016423225402832 0.21832275390625 0.280868530273438
0.0270271301269531 -0.0116386413574219 0.330078125 0.019073486328125
0.0411262512207031 -0.000904083251953125 -0.294769287109375 -0.0391845703125
0.0195426940917969 0.0181312561035156 -0.154876708984375 -0.31292724609375
0.0108661651611328 0.0237083435058594 0.211090087890625 -0.439910888671875
-0.03558349609375 0.0159111022949219 0.6368408203125 -0.18743896484375
-0.0623359680175781 -0.0376472473144531 0.57598876953125 0.51910400390625
0.002410888671875 -0.109451293945313 -0.0279541015625 0.92584228515625
0.0898056030273437 -0.0649337768554688 -0.45501708984375 0.540069580078125
0.134918212890625 -0.0116958618164063 -0.00167083740234374 0.0425148010253906
0.0874481201171875 -0.0605850219726563 0.49505615234375 -0.544342041015625
0.0222549438476563 -0.0766448974609375 0.01641845703125 -0.9661865234375
-0.0453262329101563 -0.0376701354980469 -0.705322265625 -0.45050048828125
-0.0439605712890625 -0.00016403198242188 -0.60235595703125 0.27978515625
0.00251293182373047 0.0159225463867187 -0.16888427734375 0.48529052734375
0.00220584869384766 0.0155019760131836 0.212554931640625 0.292755126953125
0.0241050720214844 -0.0122432708740234 0.33453369140625 0.033447265625
0.0362510681152344 -0.00620651245117187 -0.29425048828125 -0.0299682617187501
0.0206680297851563 0.0141544342041016 -0.16351318359375 -0.305084228515625
0.0210800170898438 0.0188999176025391 0.183807373046875 -0.445831298828125
-0.0192432403564453 0.0176868438720703 0.6182861328125 -0.2213134765625
-0.054412841796875 -0.0260696411132812 0.600341796875 0.47601318359375
-0.00699615478515624 -0.095916748046875 0.0260620117187501 0.9197998046875
0.0692901611328125 -0.0607452392578125 -0.44537353515625 0.57208251953125
0.117424011230469 -0.0104141235351562 -0.0345001220703125 0.0654029846191406
0.0764846801757813 -0.053985595703125 0.501922607421875 -0.506103515625
0.0259056091308594 -0.0658226013183594 0.0691528320312501 -0.96185302734375
-0.0337886810302734 -0.0315799713134766 -0.6845703125 -0.495361328125
-0.0297641754150391 -0.00527381896972656 -0.62353515625 0.2520751953125
0.0131092071533203 0.0136070251464844 -0.19683837890625 0.48553466796875
0.00704097747802734 0.0103940963745117 0.201446533203125 0.30609130859375
0.0213985443115234 -0.0172080993652344 0.33599853515625 0.04620361328125
0.0338058471679688 -0.0101909637451172 -0.2935791015625 -0.023773193359375
0.0234146118164062 0.00760078430175781 -0.17449951171875 -0.30108642578125
0.0301609039306641 0.0102806091308594 0.161865234375 -0.451171875
0.00105667114257812 0.0189838409423828 0.60186767578125 -0.2523193359375
-0.0403976440429688 -0.00941085815429687 0.6260986328125 0.44134521484375
-0.0129013061523437 -0.07708740234375 0.0725708007812499 0.91717529296875
0.0465431213378906 -0.0459327697753906 -0.43035888671875 0.6002197265625
0.08807373046875 -0.00507354736328125 -0.0544357299804688 0.0828628540039063
0.0581855773925781 -0.04052734375 0.51324462890625 -0.474884033203125
0.0245513916015625 -0.0484733581542969 0.11944580078125 -0.9609375
-0.0169792175292969 -0.0196743011474609 -0.66265869140625 -0.53656005859375
-0.0140867233276367 -0.00580596923828125 -0.64520263671875 0.22393798828125
0.0262279510498047 0.00870513916015625 -0.219696044921875 0.478118896484375
0.0112705230712891 0.00333976745605469 0.188812255859375 0.315032958984375
0.0164604187011719 -0.0207157135009766 0.333953857421875 0.05645751953125
0.0291080474853516 -0.0167655944824219 -0.298248291015625 -0.02294921875
0.0243854522705078 -0.00340652465820312 -0.185302734375 -0.299530029296875
0.0421600341796875 7.2479248046875E-05 0.1434326171875 -0.455535888671875
0.0172328948974609 0.0194835662841797 0.59039306640625 -0.27191162109375
-0.0229454040527344 0.00579452514648438 0.64093017578125 0.41326904296875
-0.01715087890625 -0.0511665344238281 0.11077880859375 0.91302490234375
0.0232200622558594 -0.0253772735595703 -0.413330078125 0.61865234375
0.0529594421386719 0.00458526611328125 -0.06524658203125 0.0963516235351562
0.0279865264892578 -0.0219573974609375 0.523712158203125 -0.450897216796875
0.0189304351806641 -0.0224838256835937 0.156494140625 -0.95928955078125
-0.00305485725402832 -0.00256109237670898 -0.64923095703125 -0.56597900390625
0.00479984283447266 -0.00515460968017578 -0.66015625 0.19854736328125
0.0376434326171875 0.00357437133789063 -0.2427978515625 0.474945068359375
0.0176525115966797 -0.00533103942871094 0.174407958984375 0.317840576171875
0.0140933990478516 -0.0272541046142578 0.33074951171875 0.062042236328125
0.0253219604492188 -0.0205307006835938 -0.30279541015625 -0.026702880859375
0.0249691009521484 -0.00970458984375 -0.195770263671875 -0.3033447265625
0.0487327575683594 -0.00801849365234375 0.130035400390625 -0.46014404296875
0.0358009338378906 0.0190353393554688 0.58135986328125 -0.284423828125
-0.00932693481445313 0.0185050964355469 0.64373779296875 0.3974609375
-0.0167942047119141 -0.0251255035400391 0.12957763671875 0.9031982421875
-0.0007171630859375 -0.00144398212432861 -0.40130615234375 0.62420654296875
0.0155544281005859 0.0151548385620117 -0.0590286254882812 0.100982666015625
-0.00106191635131836 -0.00604915618896484 0.537200927734375 -0.437255859375
0.00918769836425781 0.00148105621337891 0.18304443359375 -0.9537353515625
0.00922584533691406 0.0155820846557617 -0.6373291015625 -0.58123779296875
0.0213775634765625 -0.00399208068847656 -0.665771484375 0.18597412109375
0.0490036010742188 -0.00064849853515625 -0.2547607421875 0.466278076171875
0.0206794738769531 -0.0117168426513672 0.1654052734375 0.314788818359375
0.00824928283691406 -0.0315532684326172 0.32525634765625 0.057373046875
0.0227565765380859 -0.0224704742431641 -0.310089111328125 -0.035614013671875
0.0267734527587891 -0.0163974761962891 -0.2015380859375 -0.311981201171875
0.0559310913085938 -0.0137977600097656 0.129364013671875 -0.465087890625
0.0467987060546875 0.0190887451171875 0.57861328125 -0.28582763671875
0.0036163330078125 0.0302505493164063 0.64263916015625 0.39794921875
-0.0151357650756836 -0.00273036956787109 0.13055419921875 0.902587890625
-0.0195598602294922 0.0201206207275391 -0.3875732421875 0.61993408203125
-0.0173130035400391 0.0273704528808594 -0.0406112670898438 0.097869873046875
-0.0275402069091797 0.0132827758789062 0.54718017578125 -0.445831298828125
0.00506401062011718 0.0261878967285156 0.179931640625 -0.95648193359375
0.0189838409423828 0.0312576293945313 -0.63763427734375 -0.576171875
0.0346050262451172 -0.00166702270507813 -0.6683349609375 0.1834716796875
0.0561370849609375 -0.0014495849609375 -0.255035400390625 0.46343994140625
0.0233592987060547 -0.0175209045410156 0.15869140625 0.306915283203125
0.00654220581054688 -0.0360832214355469 0.321319580078125 0.048309326171875
0.0208530426025391 -0.0254402160644531 -0.31787109375 -0.0464782714843749
0.0258445739746094 -0.0208797454833984 -0.20355224609375 -0.323516845703125
0.0558052062988281 -0.0147933959960938 0.13494873046875 -0.466339111328125
0.0506591796875 0.0207939147949219 0.58837890625 -0.27471923828125
0.0110282897949219 0.0386848449707031 0.63250732421875 0.41546630859375
-0.0143051147460937 0.0142593383789063 0.11279296875 0.90283203125
-0.0332221984863281 0.0384559631347656 -0.38104248046875 0.6033935546875
-0.0421524047851563 0.0380821228027344 -0.00943756103515626 0.0862655639648437
-0.0463485717773437 0.0284500122070313 0.557373046875 -0.46356201171875
7.62939453124962E-05 0.0437126159667969 0.16259765625 -0.96453857421875
0.0258560180664062 0.0433769226074219 -0.647705078125 -0.5555419921875
0.041717529296875 -0.00029754638671875 -0.65753173828125 0.197021484375
0.05755615234375 -0.00335311889648438 -0.245208740234375 0.45965576171875
0.0242462158203125 -0.024444580078125 0.155364990234375 0.294830322265625
0.0061492919921875 -0.0377998352050781 0.31414794921875 0.034332275390625
0.0447425842285156 0.00016021728515625 -0.305206298828125 -0.053619384765625
0.0172023773193359 0.0224494934082031 -0.15411376953125 -0.322418212890625
0.00345611572265625 0.0290031433105469 0.228363037109375 -0.441864013671875
-0.0452232360839844 0.0168724060058594 0.6580810546875 -0.166259765625
-0.0686607360839844 -0.0432319641113281 0.56304931640625 0.55535888671875
0.0106048583984375 -0.113517761230469 -0.0624389648437499 0.92987060546875
0.0959625244140625 -0.06005859375 -0.457183837890625 0.516021728515625
0.1409912109375 -0.0076904296875 0.0345077514648438 0.0226192474365234
0.0884475708007813 -0.0607681274414063 0.48553466796875 -0.5880126953125
0.0196914672851563 -0.0770645141601562 -0.0435180664062499 -0.97119140625
-0.0521659851074219 -0.0329322814941406 -0.7357177734375 -0.40087890625
-0.0525360107421875 0.00503158569335938 -0.5784912109375 0.3170166015625
-0.00357437133789063 0.0201663970947266 -0.13787841796875 0.491302490234375
0.000393867492675781 0.017094612121582 0.2222900390625 0.281341552734375
0.0274810791015625 -0.0130672454833984 0.334259033203125 0.01507568359375
0.0397872924804688 -0.00225067138671875 -0.29998779296875 -0.0362548828124999
0.0195579528808594 0.0193424224853516 -0.160369873046875 -0.311065673828125
0.00967597961425781 0.0261936187744141 0.20623779296875 -0.444488525390625
-0.0354347229003906 0.01824951171875 0.641845703125 -0.1943359375
-0.0642356872558594 -0.0373458862304688 0.58697509765625 0.51806640625
0.00254058837890625 -0.109619140625 -0.01837158203125 0.93341064453125
0.08905029296875 -0.0653610229492188 -0.45635986328125 0.549285888671875
0.135673522949219 -0.0112991333007813 -0.00318145751953124 0.0427932739257813
0.0873794555664063 -0.060455322265625 0.493988037109375 -0.55230712890625
0.0229568481445313 -0.0757827758789062 0.0108642578125001 -0.974853515625
-0.0448570251464844 -0.0361251831054687 -0.7142333984375 -0.44708251953125
-0.0440483093261719 0.000762939453124996 -0.60406494140625 0.28875732421875
0.00156116485595703 0.0151948928833008 -0.16326904296875 0.49151611328125
0.00200271606445313 0.0163230895996094 0.216766357421875 0.291961669921875
0.0226955413818359 -0.0119419097900391 0.337890625 0.029266357421875
0.0386466979980469 -0.00714874267578125 -0.296630859375 -0.025543212890625
0.0211811065673828 0.0133609771728516 -0.170379638671875 -0.30511474609375
0.0221424102783203 0.0188121795654297 0.1807861328125 -0.451141357421875
-0.0177898406982422 0.0196380615234375 0.6221923828125 -0.231201171875
-0.0552711486816406 -0.0244865417480469 0.6129150390625 0.47607421875
-0.00737762451171875 -0.0973968505859375 0.03558349609375 0.9305419921875
0.07208251953125 -0.0629501342773438 -0.44573974609375 0.57958984375
0.118583679199219 -0.0098876953125 -0.0346946716308594 0.0659217834472656
0.07806396484375 -0.0538558959960938 0.50250244140625 -0.513519287109375
0.0251235961914063 -0.0672874450683594 0.0639648437500001 -0.970947265625
-0.0331573486328125 -0.0297145843505859 -0.69500732421875 -0.4930419921875
-0.0317001342773438 -0.00368309020996094 -0.62481689453125 0.2593994140625
0.0145378112792969 0.0115451812744141 -0.19036865234375 0.490203857421875
0.00582504272460938 0.0109643936157227 0.20574951171875 0.30706787109375
0.0201072692871094 -0.0179100036621094 0.339385986328125 0.042327880859375
0.0334548950195313 -0.0128021240234375 -0.298187255859375 -0.021484375
0.0236606597900391 0.00505447387695313 -0.18157958984375 -0.3009033203125
0.0322837829589844 0.00908088684082031 0.156585693359375 -0.45599365234375
0.0012969970703125 0.0196132659912109 0.60516357421875 -0.2576904296875
-0.0409049987792969 -0.00917816162109375 0.63531494140625 0.43798828125
-0.0137786865234375 -0.0767745971679688 0.0827636718750001 0.9234619140625
0.0472984313964844 -0.0471115112304688 -0.42901611328125 0.608154296875
0.0895919799804688 -0.00501251220703125 -0.0572052001953125 0.08404541015625
0.0565834045410156 -0.0408401489257813 0.512359619140625 -0.4805908203125
0.0228958129882812 -0.0489006042480469 0.114013671875 -0.970458984375
-0.0172996520996094 -0.0201072692871094 -0.673828125 -0.53521728515625
-0.0146551132202148 -0.00565052032470703 -0.64599609375 0.23297119140625
0.0265655517578125 0.0063629150390625 -0.217254638671875 0.486541748046875
0.0110845565795898 0.00363254547119141 0.19195556640625 0.314361572265625
0.0157012939453125 -0.0213794708251953 0.339813232421875 0.053009033203125
0.0298080444335937 -0.0168380737304688 -0.300811767578125 -0.02081298828125
0.0253410339355469 -0.00307083129882813 -0.19342041015625 -0.299652099609375
0.0431404113769531 0.00118255615234375 0.138336181640625 -0.459136962890625
0.0195446014404297 0.0193595886230469 0.59124755859375 -0.2784423828125
-0.0231475830078125 0.0059661865234375 0.6495361328125 0.41131591796875
-0.0172653198242187 -0.0523834228515625 0.12078857421875 0.918212890625
0.0228996276855469 -0.0268173217773437 -0.41168212890625 0.6285400390625
0.0532493591308594 0.00534820556640625 -0.0662765502929688 0.0965576171875
0.0282249450683594 -0.0225543975830078 0.523101806640625 -0.457366943359375
0.0184383392333984 -0.0229625701904297 0.15228271484375 -0.96759033203125
-0.00330114364624023 -0.00153255462646484 -0.657470703125 -0.5657958984375
0.00539636611938477 -0.00732898712158203 -0.6632080078125 0.2073974609375
0.0377540588378906 0.00406646728515625 -0.238525390625 0.48065185546875
0.0171298980712891 -0.00517559051513672 0.179901123046875 0.3201904296875
0.0116901397705078 -0.0274848937988281 0.33544921875 0.059326171875
0.0249309539794922 -0.0225543975830078 -0.305633544921875 -0.023956298828125
0.0256900787353516 -0.0104827880859375 -0.2003173828125 -0.30364990234375
0.0480880737304688 -0.00653076171875 0.124481201171875 -0.46453857421875
0.0354537963867188 0.0188407897949219 0.58203125 -0.29229736328125
-0.00875663757324218 0.0181083679199219 0.65435791015625 0.39654541015625
-0.0166072845458984 -0.0259475708007813 0.138427734375 0.9112548828125
0.000333696603775024 -0.000493466854095459 -0.39898681640625 0.63372802734375
0.0163135528564453 0.0156421661376953 -0.059967041015625 0.102317810058594
-0.00246763229370117 -0.00305318832397461 0.5394287109375 -0.446258544921875
0.0110597610473633 0.00175666809082031 0.17529296875 -0.96417236328125
0.00808525085449219 0.0158100128173828 -0.64739990234375 -0.5791015625
0.0220870971679688 -0.00388717651367188 -0.67364501953125 0.19390869140625
0.0489654541015625 -0.000286102294921875 -0.251373291015625 0.47503662109375
0.0207691192626953 -0.0122566223144531 0.1683349609375 0.316986083984375
0.00889968872070312 -0.0321769714355469 0.329681396484375 0.054290771484375
0.0217914581298828 -0.0250740051269531 -0.313629150390625 -0.03179931640625
0.0258808135986328 -0.0181636810302734 -0.209228515625 -0.31256103515625
0.0542945861816406 -0.0126266479492188 0.1243896484375 -0.468902587890625
0.0476875305175781 0.0193290710449219 0.5806884765625 -0.2958984375
0.00470161437988281 0.0305461883544922 0.65216064453125 0.39617919921875
-0.0160551071166992 -0.00229549407958984 0.140625 0.90966796875
-0.0171241760253906 0.0208606719970703 -0.385986328125 0.6287841796875
-0.0181713104248047 0.0278568267822266 -0.0391006469726563 0.0993118286132813
-0.0292491912841797 0.0152244567871094 0.5462646484375 -0.451446533203125
0.00592803955078125 0.0268096923828125 0.1756591796875 -0.96502685546875
0.0206508636474609 0.0311737060546875 -0.6494140625 -0.57611083984375
0.0360641479492188 -0.00185394287109375 -0.67059326171875 0.19305419921875
0.0573921203613281 -0.00189590454101563 -0.25311279296875 0.469970703125
0.0232601165771484 -0.0189495086669922 0.163909912109375 0.30743408203125
0.00693130493164063 -0.0364112854003906 0.324432373046875 0.045867919921875
0.0199832916259766 -0.0258445739746094 -0.320343017578125 -0.04541015625
0.0247821807861328 -0.0229072570800781 -0.21051025390625 -0.32196044921875
0.0578689575195313 -0.0154647827148438 0.1302490234375 -0.471466064453125
0.0535964965820313 0.0215072631835938 0.5909423828125 -0.28399658203125
0.0110664367675781 0.0374336242675781 0.64154052734375 0.41448974609375
-0.0154628753662109 0.0145225524902344 0.1212158203125 0.91192626953125
-0.0319938659667969 0.0380706787109375 -0.379638671875 0.6121826171875
-0.0416603088378906 0.0386581420898438 -0.0106124877929688 0.0868682861328125
-0.0474624633789063 0.0316162109375 0.558746337890625 -0.472625732421875
0.00145339965820312 0.0442161560058594 0.15728759765625 -0.97296142578125
0.0263175964355469 0.043792724609375 -0.65887451171875 -0.55413818359375
0.0410346984863281 -0.00054168701171875 -0.66278076171875 0.20611572265625
0.0576133728027344 -0.00534820556640625 -0.243988037109375 0.467193603515625
0.0246467590332031 -0.0248546600341797 0.15966796875 0.296295166015625
0.00516510009765625 -0.0366706848144531 0.31768798828125 0.0313720703125
0.0453071594238281 0.0001983642578125 -0.308380126953125 -0.049896240234375
0.0177707672119141 0.0207004547119141 -0.16290283203125 -0.32330322265625
0.00239753723144531 0.0289134979248047 0.223114013671875 -0.44659423828125
-0.0443496704101563 0.0179176330566406 0.66241455078125 -0.17279052734375
-0.0690078735351563 -0.0449295043945313 0.57379150390625 0.55322265625
0.00956726074218749 -0.116401672363281 -0.05108642578125 0.9393310546875
0.0967636108398437 -0.06219482421875 -0.45318603515625 0.525390625
0.141098022460938 -0.0093231201171875 0.03363037109375 0.0223274230957031
0.0898895263671875 -0.061614990234375 0.4818115234375 -0.59527587890625
0.019500732421875 -0.0769119262695312 -0.05487060546875 -0.97601318359375
-0.0508003234863281 -0.0324897766113281 -0.741943359375 -0.393798828125
-0.0516548156738281 0.00576019287109374 -0.5806884765625 0.32635498046875
-0.00151348114013672 0.0173616409301758 -0.133392333984375 0.49761962890625
-3.81469726562424E-06 0.0192070007324219 0.2279052734375 0.279190063476562
0.0258769989013672 -0.0141983032226563 0.339385986328125 0.010772705078125
0.0422477722167969 -0.002044677734375 -0.30218505859375 -0.0329895019531249
0.0206794738769531 0.0181179046630859 -0.169647216796875 -0.31134033203125
0.0124034881591797 0.0240325927734375 0.201751708984375 -0.448822021484375
-0.0336666107177734 0.0200881958007812 0.6417236328125 -0.20025634765625
-0.0654029846191406 -0.0366477966308594 0.597412109375 0.51611328125
0.00114440917968751 -0.111968994140625 -0.00805664062500008 0.94134521484375
0.0874404907226563 -0.0677032470703125 -0.454315185546875 0.55792236328125
0.137550354003906 -0.01202392578125 -0.00325393676757812 0.0443305969238281
0.0886917114257812 -0.0624618530273438 0.49078369140625 -0.56256103515625
0.0224990844726563 -0.0769271850585938 -6.10351562499683E-05 -0.98248291015625
-0.0455207824707031 -0.0372543334960938 -0.725830078125 -0.44329833984375
-0.0458259582519531 0.00191879272460938 -0.60400390625 0.2999267578125
0.00419235229492187 0.016871452331543 -0.156890869140625 0.496246337890625
0.00241470336914063 0.0166025161743164 0.219635009765625 0.2908935546875
0.0229396820068359 -0.0148429870605469 0.340362548828125 0.025115966796875
0.0391807556152344 -0.00787734985351563 -0.302032470703125 -0.023101806640625
0.0205039978027344 0.0123558044433594 -0.17767333984375 -0.3043212890625
0.0216712951660156 0.0181694030761719 0.173431396484375 -0.45556640625
-0.0193672180175781 0.0215969085693359 0.622314453125 -0.23590087890625
-0.0561408996582031 -0.0249481201171875 0.624755859375 0.47369384765625
-0.00994110107421874 -0.0993728637695312 0.0462646484375 0.932861328125
0.069610595703125 -0.0622482299804688 -0.4412841796875 0.59136962890625
0.119590759277344 -0.010284423828125 -0.0358047485351562 0.0662460327148438
0.0777435302734375 -0.055755615234375 0.5003662109375 -0.52294921875
0.0239791870117188 -0.0661506652832031 0.0516357421875001 -0.97967529296875
-0.0336818695068359 -0.0305747985839844 -0.70465087890625 -0.48858642578125
-0.0312137603759766 -0.0026397705078125 -0.6263427734375 0.26953125
0.0148611068725586 0.0112094879150391 -0.183380126953125 0.495269775390625
0.00572586059570312 0.01025390625 0.212493896484375 0.303009033203125
0.01947021484375 -0.0159358978271484 0.34454345703125 0.038055419921875
0.0339946746826172 -0.0137119293212891 -0.301788330078125 -0.0169982910156249
0.0247287750244141 0.00576210021972656 -0.18780517578125 -0.29803466796875
0.0328769683837891 0.00863265991210938 0.15155029296875 -0.459747314453125
0.000558853149414062 0.0206317901611328 0.6044921875 -0.26800537109375
-0.0405120849609375 -0.0086517333984375 0.6434326171875 0.43621826171875
-0.0142898559570313 -0.0770263671875 0.0950317382812501 0.93133544921875
0.04815673828125 -0.0483131408691406 -0.42706298828125 0.61895751953125
0.0898056030273438 -0.00241851806640625 -0.0584182739257812 0.0854339599609375
0.0576629638671875 -0.0400619506835938 0.509796142578125 -0.49163818359375
0.0230026245117188 -0.0489730834960938 0.102783203125 -0.976318359375
-0.0162715911865234 -0.0189075469970703 -0.6834716796875 -0.52740478515625
-0.0132274627685547 -0.00435161590576172 -0.64886474609375 0.24346923828125
0.0251216888427734 0.00761795043945313 -0.2142333984375 0.49322509765625
0.0102052688598633 0.00329494476318359 0.197357177734375 0.3145751953125
0.01556396484375 -0.023040771484375 0.3419189453125 0.046844482421875
0.0291404724121094 -0.0207843780517578 -0.304656982421875 -0.015533447265625
0.0253925323486328 -0.00490570068359375 -0.200469970703125 -0.2998046875
0.04193115234375 0.0004119873046875 0.130157470703125 -0.463714599609375
0.0201835632324219 0.0198993682861328 0.59307861328125 -0.289306640625
-0.0255851745605469 0.0062103271484375 0.6583251953125 0.40618896484375
-0.0191535949707031 -0.0517501831054688 0.1334228515625 0.92388916015625
0.0224113464355469 -0.0266819000244141 -0.41058349609375 0.6368408203125
0.0547370910644531 0.00473785400390625 -0.0645294189453125 0.0986709594726563
0.0298099517822266 -0.0222721099853516 0.5213623046875 -0.466888427734375
0.0193595886230469 -0.0231056213378906 0.14141845703125 -0.9754638671875
-0.00132429599761963 -0.00204503536224365 -0.669677734375 -0.56170654296875
0.0040440559387207 -0.00371360778808594 -0.66766357421875 0.217041015625
0.0373497009277344 0.00452041625976563 -0.230743408203125 0.4891357421875
0.0161409378051758 -0.00293922424316406 0.184722900390625 0.317474365234375
0.0102977752685547 -0.0252132415771484 0.3382568359375 0.05194091796875
0.0258808135986328 -0.0248756408691406 -0.310455322265625 -0.0190429687500001
0.0242767333984375 -0.0138263702392578 -0.210235595703125 -0.30377197265625
0.0492897033691406 -0.00922012329101563 0.118621826171875 -0.466888427734375
0.0364875793457031 0.0188255310058594 0.582763671875 -0.3011474609375
-0.00798416137695313 0.019744873046875 0.6640625 0.3914794921875
-0.0175590515136719 -0.0247821807861328 0.15179443359375 0.91455078125
-0.000231504440307617 -0.00141429901123047 -0.39178466796875 0.64471435546875
0.0168857574462891 0.0168561935424805 -0.06097412109375 0.105575561523437
-0.000879168510437012 -0.00154972076416016 0.53619384765625 -0.456573486328125
0.0138397216796875 0.00154590606689453 0.16827392578125 -0.9725341796875
0.0100927352905273 0.0158920288085937 -0.6575927734375 -0.5738525390625
0.0211925506591797 -0.00323295593261719 -0.67132568359375 0.20587158203125
0.0505447387695313 0.000335693359375 -0.24407958984375 0.481842041015625
0.0238285064697266 -0.0111122131347656 0.1748046875 0.31658935546875
0.0078887939453125 -0.0304508209228516 0.3330078125 0.04949951171875
0.0227317810058594 -0.0256214141845703 -0.317718505859375 -0.029388427734375
0.0254268646240234 -0.0193977355957031 -0.212982177734375 -0.309326171875
0.0539474487304688 -0.0132675170898438 0.116973876953125 -0.472442626953125
0.0489578247070313 0.0194015502929688 0.5823974609375 -0.30352783203125
0.00366783142089844 0.0314064025878906 0.65753173828125 0.39190673828125
-0.0163087844848633 -0.00191974639892578 0.1490478515625 0.91619873046875
-0.0206298828125 0.0217075347900391 -0.38140869140625 0.63580322265625
-0.0156650543212891 0.0280418395996094 -0.0408554077148438 0.0987625122070313
-0.0274772644042969 0.0157127380371094 0.546844482421875 -0.461212158203125
0.00797271728515625 0.0267295837402344 0.1668701171875 -0.9716796875
0.0193328857421875 0.0329856872558594 -0.66058349609375 -0.57232666015625
0.0341663360595703 -0.000589370727539063 -0.67425537109375 0.20355224609375
0.0541801452636719 -0.00313949584960938 -0.248992919921875 0.476898193359375
0.0240993499755859 -0.0197811126708984 0.167724609375 0.3072509765625
0.0059814453125 -0.0356369018554688 0.32769775390625 0.03985595703125
0.0194549560546875 -0.0277118682861328 -0.32379150390625 -0.04071044921875
0.0272426605224609 -0.0224609375 -0.219390869140625 -0.320159912109375
0.056640625 -0.014678955078125 0.124542236328125 -0.473480224609375
0.0548896789550781 0.0206298828125 0.59130859375 -0.29095458984375
0.00949859619140625 0.0391731262207031 0.6539306640625 0.41241455078125
-0.0149421691894531 0.0152435302734375 0.1318359375 0.915771484375
-0.0336723327636719 0.0402107238769531 -0.37628173828125 0.62042236328125
-0.0402717590332031 0.0397758483886719 -0.00991821289062501 0.0870285034179688
-0.0460891723632813 0.0327644348144531 0.55499267578125 -0.481475830078125
0.00305557250976563 0.0433578491210937 0.14691162109375 -0.97906494140625
0.0265731811523438 0.0433158874511719 -0.6697998046875 -0.54833984375
0.0422859191894531 -0.00064849853515625 -0.66278076171875 0.2156982421875
0.0573806762695313 -0.00463104248046875 -0.240478515625 0.47442626953125
0.0252208709716797 -0.0234889984130859 0.164215087890625 0.295166015625
0.00469970703125 -0.0366134643554688 0.32061767578125 0.02703857421875
0.0450439453125 -0.00218582153320313 -0.30987548828125 -0.0451049804687499
0.0170097351074219 0.0208759307861328 -0.1695556640625 -0.318939208984375
0.00493431091308594 0.0284709930419922 0.21807861328125 -0.45074462890625
-0.0448150634765625 0.0191497802734375 0.6639404296875 -0.1826171875
-0.0695266723632813 -0.0415306091308594 0.58514404296875 0.5506591796875
0.00643157958984374 -0.114845275878906 -0.03875732421875 0.9447021484375
0.097015380859375 -0.0641937255859375 -0.451171875 0.531585693359375
0.142547607421875 -0.0089111328125 0.0329456329345703 0.0223007202148438
0.0874176025390625 -0.0625762939453125 0.47637939453125 -0.6063232421875
0.0167465209960937 -0.0761642456054688 -0.0652465820312501 -0.9835205078125
-0.0547332763671875 -0.0323677062988281 -0.7540283203125 -0.388916015625
-0.0526618957519531 0.007080078125 -0.57733154296875 0.33648681640625
-0.00182723999023437 0.0191497802734375 -0.124847412109375 0.502166748046875
0.00170135498046875 0.0202541351318359 0.232009887695313 0.27899169921875
0.0261936187744141 -0.0136795043945313 0.33984375 0.007415771484375
0.042236328125 -0.00310897827148438 -0.304412841796875 -0.0267333984375
0.0222053527832031 0.0178050994873047 -0.175323486328125 -0.310546875
0.0137786865234375 0.0240306854248047 0.19805908203125 -0.453948974609375
-0.0358848571777344 0.02044677734375 0.645263671875 -0.21356201171875
-0.0650634765625 -0.0362815856933594 0.606201171875 0.512939453125
-0.000274658203124998 -0.111885070800781 0.00305175781250004 0.94512939453125
0.0866546630859375 -0.0679092407226563 -0.4490966796875 0.56536865234375
0.139381408691406 -0.0132904052734375 -0.00331878662109374 0.0447731018066406
0.0867691040039062 -0.0618667602539062 0.48614501953125 -0.56884765625
0.0231475830078125 -0.0772857666015625 -0.013427734375 -0.9847412109375
-0.047515869140625 -0.0354347229003906 -0.73248291015625 -0.4337158203125
-0.0467681884765625 0.00266265869140624 -0.60150146484375 0.30926513671875
0.00311470031738281 0.0154905319213867 -0.15130615234375 0.500762939453125
0.00271892547607422 0.0165500640869141 0.226318359375 0.289520263671875
0.0224342346191406 -0.0139389038085938 0.341400146484375 0.0191650390625
0.0373458862304688 -0.00811386108398438 -0.30340576171875 -0.0174865722656251
0.0211524963378906 0.0131893157958984 -0.18408203125 -0.3009033203125
0.0219058990478516 0.0179786682128906 0.168426513671875 -0.458587646484375
-0.0170478820800781 0.0226688385009766 0.623779296875 -0.24688720703125
-0.0570602416992188 -0.0239219665527344 0.63470458984375 0.4698486328125
-0.00902557373046874 -0.098388671875 0.0598144531249999 0.9420166015625
0.0676994323730469 -0.0627059936523438 -0.4405517578125 0.5980224609375
0.119590759277344 -0.0118331909179687 -0.0355987548828125 0.0653533935546875
0.077392578125 -0.0552215576171875 0.497100830078125 -0.53277587890625
0.0256385803222656 -0.0688591003417969 0.04388427734375 -0.9859619140625
-0.0337543487548828 -0.031585693359375 -0.7156982421875 -0.48223876953125
-0.0325851440429688 -0.00150680541992188 -0.62567138671875 0.279052734375
0.0114870071411133 0.0115633010864258 -0.178314208984375 0.502197265625
0.0077362060546875 0.0110855102539062 0.219085693359375 0.30267333984375
0.0183506011962891 -0.0167808532714844 0.34637451171875 0.032928466796875
0.0371246337890625 -0.0157394409179688 -0.3046875 -0.0118713378906251
0.0259532928466797 0.00263786315917969 -0.191650390625 -0.293975830078125
0.0319709777832031 0.00780868530273438 0.145416259765625 -0.461944580078125
0.000658035278320314 0.0219039916992188 0.60430908203125 -0.2774658203125
-0.0411567687988281 -0.00854873657226562 0.65240478515625 0.43096923828125
-0.0159912109375 -0.0776519775390625 0.10595703125 0.9337158203125
0.0468673706054688 -0.0495262145996094 -0.42181396484375 0.63043212890625
0.0909652709960938 -0.0068359375 -0.0573654174804688 0.0859909057617188
0.0571670532226562 -0.0390357971191406 0.507293701171875 -0.497314453125
0.0243873596191406 -0.0476150512695312 0.09320068359375 -0.9835205078125
-0.019683837890625 -0.0191173553466797 -0.69488525390625 -0.52252197265625
-0.0158319473266602 -0.00630474090576172 -0.64654541015625 0.25177001953125
0.0275382995605469 0.00553131103515625 -0.20501708984375 0.49749755859375
0.0132875442504883 0.00245094299316406 0.202667236328125 0.314697265625
0.0139675140380859 -0.0224170684814453 0.347076416015625 0.0450439453125
0.0285835266113281 -0.0206546783447266 -0.308135986328125 -0.010406494140625
0.0272998809814453 -0.00349044799804687 -0.2030029296875 -0.296173095703125
0.041839599609375 -0.00216293334960938 0.124053955078125 -0.465240478515625
0.0219135284423828 0.0195178985595703 0.59100341796875 -0.29925537109375
-0.0244865417480469 0.00539588928222656 0.66705322265625 0.40130615234375
-0.0181694030761719 -0.0527267456054688 0.14581298828125 0.92724609375
0.0211963653564453 -0.0254077911376953 -0.40252685546875 0.646484375
0.0556373596191406 0.00327301025390625 -0.0658950805664063 0.09942626953125
0.0290164947509766 -0.01910400390625 0.51849365234375 -0.4759521484375
0.0195980072021484 -0.0218219757080078 0.1298828125 -0.983154296875
-0.00228977203369141 -0.00190258026123047 -0.67877197265625 -0.5550537109375
0.00359153747558594 -0.00457620620727539 -0.66375732421875 0.22930908203125
0.039398193359375 0.0011444091796875 -0.228179931640625 0.494873046875
0.0182132720947266 -0.00306129455566406 0.188934326171875 0.316864013671875
0.0100555419921875 -0.0271492004394531 0.34197998046875 0.0494384765625
0.0228958129882813 -0.0248088836669922 -0.312255859375 -0.015167236328125
0.0251121520996094 -0.0120944976806641 -0.216278076171875 -0.301361083984375
0.0511360168457031 -0.0112113952636719 0.112060546875 -0.470855712890625
0.0395622253417969 0.0186805725097656 0.5797119140625 -0.3116455078125
-0.00628089904785156 0.0207462310791016 0.6715087890625 0.3863525390625
-0.0174026489257812 -0.0262527465820312 0.16253662109375 0.9224853515625
-0.00125086307525635 -0.00211918354034424 -0.388916015625 0.65264892578125
0.0154876708984375 0.0149297714233398 -0.062042236328125 0.106681823730469
-0.000510334968566895 -0.00137150287628174 0.529754638671875 -0.460235595703125
0.0133371353149414 0.00431442260742187 0.157470703125 -0.97991943359375
0.0122146606445313 0.0188312530517578 -0.670166015625 -0.56744384765625
0.0201644897460938 -0.00181388854980469 -0.67364501953125 0.2120361328125
0.0520744323730469 -0.000881195068359375 -0.23663330078125 0.487457275390625
0.0223426818847656 -0.0122222900390625 0.175628662109375 0.316864013671875
0.00576972961425781 -0.0335159301757813 0.3377685546875 0.04351806640625
0.0230941772460938 -0.027313232421875 -0.3182373046875 -0.025360107421875
0.0289440155029297 -0.020751953125 -0.222900390625 -0.304656982421875
0.0542449951171875 -0.0158653259277344 0.109527587890625 -0.474395751953125
0.0492515563964844 0.0201416015625 0.58087158203125 -0.30987548828125
0.00502586364746094 0.0317935943603516 0.670654296875 0.38641357421875
-0.0147380828857422 -0.000299453735351564 0.16241455078125 0.91839599609375
-0.0183601379394531 0.0225048065185547 -0.37652587890625 0.64361572265625
-0.0180797576904297 0.0304241180419922 -0.0422821044921875 0.10089111328125
-0.0297222137451172 0.0163993835449219 0.54229736328125 -0.46905517578125
0.00601577758789062 0.0264053344726563 0.15435791015625 -0.98223876953125
0.0228767395019531 0.034149169921875 -0.6690673828125 -0.56402587890625
0.0343437194824219 -0.00304603576660156 -0.67401123046875 0.21405029296875
0.0577659606933594 -0.00384902954101563 -0.241363525390625 0.48260498046875
0.023773193359375 -0.021148681640625 0.172882080078125 0.30767822265625
0.00279808044433594 -0.0333023071289062 0.329620361328125 0.035736083984375
0.0193119049072266 -0.0298290252685547 -0.32763671875 -0.0357971191406251
0.0286159515380859 -0.0228691101074219 -0.22503662109375 -0.315887451171875
0.0566673278808594 -0.0170440673828125 0.11712646484375 -0.475830078125
0.0542030334472656 0.0208396911621094 0.5888671875 -0.29986572265625
0.0129241943359375 0.0395965576171875 0.66351318359375 0.40582275390625
-0.0150184631347656 0.0151891708374023 0.14581298828125 0.92236328125
-0.0337982177734375 0.04119873046875 -0.37109375 0.62945556640625
-0.0409660339355469 0.0418777465820313 -0.00882720947265625 0.0896682739257813
-0.0481948852539063 0.0332374572753906 0.552154541015625 -0.488739013671875
0.0031280517578125 0.0428848266601563 0.13653564453125 -0.98712158203125
0.0288124084472656 0.0426712036132813 -0.68011474609375 -0.54315185546875
0.04071044921875 -0.00160980224609375 -0.66455078125 0.22406005859375
0.0607414245605469 -0.0087127685546875 -0.23162841796875 0.479736328125
0.0243206024169922 -0.0245018005371094 0.1685791015625 0.2969970703125
0.00187301635742187 -0.0380401611328125 0.325042724609375 0.02349853515625
0.0456161499023438 -0.00354385375976562 -0.314697265625 -0.0400085449218749
0.0176467895507813 0.0217227935791016 -0.174774169921875 -0.318603515625
0.00543403625488281 0.0286388397216797 0.21270751953125 -0.454833984375
-0.044036865234375 0.0215492248535156 0.6619873046875 -0.19329833984375
-0.0695152282714844 -0.0410385131835938 0.5950927734375 0.5455322265625
0.00775146484375001 -0.116012573242187 -0.02813720703125 0.9481201171875
0.0949554443359375 -0.0649185180664063 -0.44635009765625 0.541168212890625
0.142578125 -0.0112457275390625 0.0332374572753906 0.0226154327392578
0.0863037109375 -0.0626754760742188 0.468505859375 -0.61517333984375
0.017669677734375 -0.0776519775390625 -0.0800170898437499 -0.98406982421875
-0.0542449951171875 -0.0329437255859375 -0.7593994140625 -0.3778076171875
-0.0525856018066406 0.0101051330566406 -0.57427978515625 0.3463134765625
-0.00259971618652344 0.0192584991455078 -0.116058349609375 0.504669189453125
0.001068115234375 0.0198383331298828 0.239654541015625 0.275238037109375
0.0236358642578125 -0.0145130157470703 0.3416748046875 0.000366210937499999
0.0412559509277344 -0.0044708251953125 -0.307952880859375 -0.0241394042968749
0.0214385986328125 0.0169887542724609 -0.181549072265625 -0.30548095703125
0.0110015869140625 0.0258293151855469 0.1868896484375 -0.455322265625
-0.0330467224121094 0.0222549438476562 0.642333984375 -0.220947265625
-0.06610107421875 -0.035064697265625 0.61712646484375 0.50457763671875
-0.00167083740234374 -0.111305236816406 0.0146484374999999 0.94818115234375
0.08673095703125 -0.0692367553710937 -0.4443359375 0.5753173828125
0.138816833496094 -0.0149383544921875 -0.00412750244140624 0.0452842712402344
0.088653564453125 -0.0630645751953125 0.47943115234375 -0.57818603515625
0.0213699340820312 -0.07696533203125 -0.02545166015625 -0.989501953125
-0.0462760925292969 -0.0343551635742187 -0.74090576171875 -0.4256591796875
-0.045623779296875 0.00449371337890624 -0.59747314453125 0.3193359375
0.00319194793701172 0.0158462524414062 -0.142486572265625 0.505584716796875
0.00273704528808594 0.0159511566162109 0.2313232421875 0.2880859375
0.0215568542480469 -0.0138740539550781 0.34619140625 0.013397216796875
0.0385169982910156 -0.0106048583984375 -0.3050537109375 -0.0133056640625
0.0228157043457031 0.0109291076660156 -0.190948486328125 -0.298095703125
0.0234222412109375 0.0160198211669922 0.161865234375 -0.46173095703125
-0.015777587890625 0.0227413177490234 0.62384033203125 -0.2564697265625
-0.0559120178222656 -0.0219383239746094 0.6422119140625 0.4603271484375
-0.00984191894531251 -0.099609375 0.0719604492187501 0.94183349609375
0.0678825378417969 -0.0637054443359375 -0.43402099609375 0.60589599609375
0.120880126953125 -0.0135498046875 -0.0343856811523437 0.0686531066894531
0.0762786865234375 -0.0551071166992188 0.49017333984375 -0.539154052734375
0.0236167907714844 -0.0694656372070313 0.0297851562499999 -0.98992919921875
-0.0339164733886719 -0.03082275390625 -0.7247314453125 -0.4737548828125
-0.0325164794921875 -0.000724792480468753 -0.62255859375 0.2916259765625
0.0140056610107422 0.0123882293701172 -0.170684814453125 0.50628662109375
0.00726604461669922 0.00997543334960938 0.221405029296875 0.301666259765625
0.0180435180664063 -0.0171031951904297 0.34814453125 0.028533935546875
0.0331096649169922 -0.0154743194580078 -0.306671142578125 -0.00769042968750001
0.0240516662597656 0.00307464599609375 -0.20013427734375 -0.293670654296875
0.03375244140625 0.00936317443847656 0.1378173828125 -0.4661865234375
0.000648498535156252 0.0227832794189453 0.60418701171875 -0.28631591796875
-0.0416908264160156 -0.00757598876953126 0.66461181640625 0.423828125
-0.016571044921875 -0.0784759521484375 0.12066650390625 0.9351806640625
0.044708251953125 -0.0493202209472656 -0.417236328125 0.6358642578125
0.0917816162109375 -0.00603485107421875 -0.057769775390625 0.0888595581054688
0.05694580078125 -0.0393486022949219 0.50140380859375 -0.50726318359375
0.0220794677734375 -0.0506324768066406 0.080078125 -0.98907470703125
-0.0174407958984375 -0.0191268920898438 -0.70465087890625 -0.51715087890625
-0.0141572952270508 -0.00451087951660156 -0.6461181640625 0.26239013671875
0.0259532928466797 0.00534439086914063 -0.19677734375 0.504058837890625
0.0146980285644531 0.00432205200195313 0.207244873046875 0.3116455078125
0.0147457122802734 -0.0226936340332031 0.34710693359375 0.0374755859375
0.0279159545898438 -0.0204582214355469 -0.310577392578125 -0.00479125976562497
0.0270767211914062 -0.0039825439453125 -0.211181640625 -0.292236328125
0.0433120727539062 -0.00197219848632813 0.118560791015625 -0.46832275390625
0.0204238891601563 0.0192852020263672 0.58782958984375 -0.3056640625
-0.025299072265625 0.00688362121582031 0.67755126953125 0.39312744140625
-0.0186729431152344 -0.0530014038085938 0.161376953125 0.92913818359375
0.0204105377197266 -0.0270195007324219 -0.39605712890625 0.6546630859375
0.0562210083007813 0.00429916381835938 -0.066650390625 0.10125732421875
0.0302944183349609 -0.0212211608886719 0.513031005859375 -0.482391357421875
0.0191917419433594 -0.0239448547363281 0.1168212890625 -0.9873046875
-0.00285053253173828 -0.00159239768981934 -0.68780517578125 -0.54541015625
0.00353670120239258 -0.0050506591796875 -0.66424560546875 0.2366943359375
0.0389747619628906 5.340576171875E-05 -0.220001220703125 0.49932861328125
0.019256591796875 -0.004241943359375 0.194732666015625 0.3162841796875
0.00991630554199219 -0.0261669158935547 0.345306396484375 0.04248046875
0.02471923828125 -0.0252838134765625 -0.31378173828125 -0.010009765625
0.0271778106689453 -0.0143699645996094 -0.222686767578125 -0.295318603515625
0.0504035949707031 -0.0121383666992188 0.10418701171875 -0.472930908203125
0.0380668640136719 0.0186042785644531 0.578125 -0.321044921875
-0.00593376159667969 0.0203323364257813 0.68109130859375 0.37530517578125
-0.0181560516357422 -0.0274333953857422 0.17938232421875 0.92236328125
-0.00220465660095215 -0.00204014778137207 -0.3807373046875 0.65728759765625
0.0179634094238281 0.01702880859375 -0.0591659545898438 0.105056762695312
-0.00130224227905273 0.00106155872344971 0.52886962890625 -0.47088623046875
0.012089729309082 0.00191879272460937 0.14422607421875 -0.98553466796875
0.0107736587524414 0.0154800415039063 -0.678955078125 -0.56146240234375
0.0216712951660156 -0.00550651550292969 -0.67437744140625 0.22344970703125
0.0519180297851563 -0.00357818603515625 -0.233612060546875 0.494110107421875
0.0216732025146484 -0.0137977600097656 0.18505859375 0.3135986328125
0.00491905212402344 -0.0320911407470703 0.33966064453125 0.0391845703125
0.0217094421386719 -0.0284233093261719 -0.322601318359375 -0.017730712890625
0.0265083312988281 -0.0202445983886719 -0.229888916015625 -0.30230712890625
0.0557594299316406 -0.0172805786132812 0.1024169921875 -0.475799560546875
0.0498428344726563 0.0194892883300781 0.57818603515625 -0.31982421875
0.00653648376464844 0.0309410095214844 0.67669677734375 0.3792724609375
-0.017003059387207 -0.00214862823486328 0.177978515625 0.91998291015625
-0.0208072662353516 0.0233230590820313 -0.3704833984375 0.6533203125
-0.0163249969482422 0.0307407379150391 -0.0398788452148438 0.101844787597656
-0.0277385711669922 0.0199489593505859 0.54052734375 -0.477874755859375
0.00677108764648438 0.0260047912597656 0.14544677734375 -0.984619140625
0.0237979888916016 0.0320167541503906 -0.6805419921875 -0.55694580078125
0.0356864929199219 -0.00174713134765625 -0.67041015625 0.224609375
0.0578041076660156 -0.00540924072265625 -0.23443603515625 0.488983154296875
0.0224571228027344 -0.021697998046875 0.177947998046875 0.306732177734375
0.00210189819335938 -0.0359230041503906 0.33355712890625 0.0289306640625
0.0175704956054687 -0.0295524597167969 -0.3297119140625 -0.0316162109375
0.0264415740966797 -0.0252151489257813 -0.2337646484375 -0.314117431640625
0.0564002990722656 -0.0188407897949219 0.109100341796875 -0.47869873046875
0.053314208984375 0.0206947326660156 0.586181640625 -0.30706787109375
0.0136222839355469 0.0402030944824219 0.670166015625 0.39642333984375
-0.0147981643676758 0.0145549774169922 0.15997314453125 0.921630859375
-0.0324211120605469 0.0409431457519531 -0.3634033203125 0.635986328125
-0.0377883911132813 0.0421104431152344 -0.00933837890625 0.0899276733398438
-0.0455093383789062 0.0349273681640625 0.55059814453125 -0.4996337890625
0.00476455688476563 0.0455703735351563 0.12310791015625 -0.99200439453125
0.0318603515625 0.0440330505371094 -0.6900634765625 -0.53802490234375
0.0396385192871094 -0.00301742553710938 -0.66375732421875 0.236083984375
0.0583724975585937 -0.00826644897460937 -0.227447509765625 0.485015869140625
0.0231494903564453 -0.0245285034179688 0.176177978515625 0.293914794921875
0.00109100341796875 -0.0380287170410156 0.326904296875 0.01751708984375
0.0456047058105469 -0.00489044189453125 -0.313446044921875 -0.030975341796875
0.0172519683837891 0.0215930938720703 -0.18048095703125 -0.31512451171875
0.00510978698730469 0.0279998779296875 0.203948974609375 -0.458160400390625
-0.0437088012695313 0.0222091674804687 0.66021728515625 -0.2020263671875
-0.0726470947265625 -0.0399246215820312 0.6048583984375 0.534423828125
0.00366973876953124 -0.115501403808594 -0.0128173828125001 0.9532470703125
0.0934371948242188 -0.063934326171875 -0.4415283203125 0.548614501953125
0.140869140625 -0.0128631591796875 0.0316944122314453 0.0240974426269531
0.0865249633789062 -0.061309814453125 0.458984375 -0.62054443359375
0.0162277221679687 -0.08074951171875 -0.09381103515625 -0.982177734375
-0.0541534423828125 -0.0299034118652344 -0.7672119140625 -0.3699951171875
-0.0539474487304688 0.0113334655761719 -0.57098388671875 0.356201171875
-0.00232887268066406 0.0189628601074219 -0.108612060546875 0.5089111328125
0.00257110595703125 0.0194149017333984 0.242889404296875 0.273086547851563
0.0246868133544922 -0.0153827667236328 0.3428955078125 -0.004058837890625
0.0417098999023438 -0.00833892822265625 -0.308319091796875 -0.01617431640625
0.0196723937988281 0.0175666809082031 -0.187744140625 -0.30230712890625
0.0111122131347656 0.0243797302246094 0.1796875 -0.45843505859375
-0.0346145629882813 0.0234737396240234 0.637939453125 -0.2313232421875
-0.0645065307617188 -0.0319480895996094 0.62548828125 0.49835205078125
-0.00225830078124999 -0.114700317382812 0.0334472656249999 0.95062255859375
0.0865936279296875 -0.06817626953125 -0.43792724609375 0.58233642578125
0.140899658203125 -0.0155487060546875 -0.00401687622070312 0.0452728271484375
0.0891571044921875 -0.0626602172851563 0.4720458984375 -0.58612060546875
0.0193939208984375 -0.0769805908203125 -0.03826904296875 -0.98828125
-0.0463142395019531 -0.0343132019042969 -0.74835205078125 -0.4158935546875
-0.0461158752441406 0.00544357299804687 -0.59503173828125 0.330322265625
0.00325775146484375 0.0139846801757813 -0.133056640625 0.50787353515625
0.00345802307128906 0.0188980102539062 0.237823486328125 0.281585693359375
0.0220832824707031 -0.0112266540527344 0.344024658203125 0.00665283203125
0.0366859436035156 -0.0108909606933594 -0.307647705078125 -0.00674438476562498
0.0237312316894531 0.0127143859863281 -0.19549560546875 -0.294219970703125
0.0242099761962891 0.0158653259277344 0.15582275390625 -0.46148681640625
-0.0157051086425781 0.0248069763183594 0.6173095703125 -0.2642822265625
-0.05712890625 -0.0217247009277344 0.64862060546875 0.45391845703125
-0.01239013671875 -0.102386474609375 0.087158203125 0.9451904296875
0.0675621032714844 -0.0671577453613281 -0.425537109375 0.61297607421875
0.119033813476563 -0.0147781372070313 -0.0369338989257812 0.0677604675292969
0.0775985717773438 -0.0564727783203125 0.482666015625 -0.5467529296875
0.0245361328125 -0.0700340270996094 0.0146484375 -0.9892578125
-0.0360641479492188 -0.03045654296875 -0.7318115234375 -0.46136474609375
-0.0310897827148438 -0.00134468078613282 -0.62060546875 0.2999267578125
0.0139560699462891 0.00998783111572266 -0.1605224609375 0.509613037109375
0.00667095184326172 0.011713981628418 0.230316162109375 0.299346923828125
0.01715087890625 -0.0190448760986328 0.350555419921875 0.0223388671875
0.0349178314208984 -0.0150566101074219 -0.306427001953125 -0.000885009765624986
0.0272216796875 0.00208282470703125 -0.205780029296875 -0.288604736328125
0.0323619842529297 0.00746726989746094 0.12884521484375 -0.46844482421875
0.00115013122558594 0.0214176177978516 0.59906005859375 -0.2939453125
-0.0406112670898438 -0.00586318969726563 0.66973876953125 0.41546630859375
-0.0185470581054688 -0.0790863037109375 0.1358642578125 0.9361572265625
0.0459213256835937 -0.048095703125 -0.4072265625 0.6407470703125
0.0912551879882813 -0.00615692138671875 -0.0577774047851562 0.0919723510742188
0.0569496154785156 -0.0410423278808594 0.494384765625 -0.513275146484375
0.0240058898925781 -0.0479736328125 0.0665283203124999 -0.99261474609375
-0.0178890228271484 -0.019744873046875 -0.7119140625 -0.5072021484375
-0.0160074234008789 -0.00386810302734375 -0.64324951171875 0.271728515625
0.0288639068603516 0.00512886047363281 -0.188812255859375 0.507659912109375
0.0142326354980469 0.00237655639648438 0.21405029296875 0.306304931640625
0.0125713348388672 -0.0229568481445312 0.3486328125 0.03179931640625
0.0314102172851563 -0.0214767456054688 -0.31011962890625 -0.00189208984374996
0.0256252288818359 -0.00676155090332031 -0.2161865234375 -0.28839111328125
0.0456924438476562 -0.00241851806640625 0.11224365234375 -0.46832275390625
0.0231666564941406 0.0183601379394531 0.5843505859375 -0.31494140625
-0.0243148803710938 0.00533103942871093 0.68353271484375 0.3828125
-0.0198516845703125 -0.0541152954101563 0.1749267578125 0.927001953125
0.0205001831054688 -0.026336669921875 -0.38983154296875 0.6566162109375
0.057861328125 0.00243377685546875 -0.0655899047851562 0.10455322265625
0.0289859771728516 -0.022247314453125 0.506988525390625 -0.491455078125
0.0188846588134766 -0.0252094268798828 0.10760498046875 -0.990234375
-0.00113344192504883 -0.000777363777160645 -0.69775390625 -0.53863525390625
0.00247979164123535 -0.00367045402526855 -0.660400390625 0.24932861328125
0.0414314270019531 0.000873565673828125 -0.21337890625 0.503326416015625
0.016444206237793 -0.00547695159912109 0.2008056640625 0.312347412109375
0.00821495056152344 -0.0265026092529297 0.345428466796875 0.03631591796875
0.0251674652099609 -0.0289745330810547 -0.314605712890625 -0.00247192382812503
0.0252494812011719 -0.0110111236572266 -0.22613525390625 -0.291290283203125
0.0496788024902344 -0.0111656188964844 0.097381591796875 -0.47119140625
0.0377731323242188 0.0170478820800781 0.575439453125 -0.3287353515625
-0.00507354736328125 0.0205249786376953 0.6905517578125 0.3680419921875
-0.0179309844970703 -0.0283603668212891 0.19305419921875 0.91937255859375
-0.00387883186340332 -0.00170445442199707 -0.37115478515625 0.6646728515625
0.0174369812011719 0.0199966430664063 -0.0604095458984375 0.107475280761719
-0.000405728816986084 -0.000889003276824951 0.523223876953125 -0.47747802734375
0.0160198211669922 0.00274944305419922 0.1307373046875 -0.989501953125
0.0120868682861328 0.0172691345214844 -0.6871337890625 -0.55206298828125
0.021240234375 -0.00656318664550781 -0.6705322265625 0.2347412109375
0.0504264831542969 -0.0017852783203125 -0.2227783203125 0.5
0.0215225219726563 -0.0142726898193359 0.18939208984375 0.31048583984375
0.00206947326660156 -0.0328197479248047 0.344268798828125 0.03350830078125
0.0192070007324219 -0.0295486450195312 -0.32330322265625 -0.0158081054687499
0.0290546417236328 -0.0236549377441406 -0.23626708984375 -0.29766845703125
0.0528945922851563 -0.0182151794433594 0.091888427734375 -0.478851318359375
0.0514450073242188 0.018951416015625 0.573974609375 -0.327880859375
0.00458526611328125 0.0297813415527344 0.68609619140625 0.36956787109375
-0.013484001159668 -0.00330257415771484 0.18963623046875 0.9200439453125
-0.0198974609375 0.0238437652587891 -0.36322021484375 0.65863037109375
-0.0128421783447266 0.0300998687744141 -0.041046142578125 0.103858947753906
-0.0289382934570313 0.0194244384765625 0.53277587890625 -0.48480224609375
0.00532150268554688 0.0259971618652344 0.12835693359375 -0.9893798828125
0.02490234375 0.0339145660400391 -0.68994140625 -0.5484619140625
0.0317401885986328 -0.00442123413085938 -0.6707763671875 0.23236083984375
0.0571937561035156 -0.00851821899414063 -0.22845458984375 0.490447998046875
0.025543212890625 -0.0206317901611328 0.18243408203125 0.3043212890625
0.000905990600585938 -0.0347347259521484 0.332366943359375 0.02398681640625
0.0172290802001953 -0.0279045104980469 -0.33099365234375 -0.023895263671875
0.0281600952148438 -0.0261058807373047 -0.2388916015625 -0.3087158203125
0.0567817687988281 -0.0204048156738281 0.10107421875 -0.4835205078125
0.0548057556152344 0.0200538635253906 0.5838623046875 -0.3160400390625
0.0153427124023438 0.0376625061035156 0.67645263671875 0.38885498046875
-0.0157394409179688 0.0159645080566406 0.17449951171875 0.9195556640625
-0.0314483642578125 0.0436172485351563 -0.3541259765625 0.642822265625
-0.0368080139160156 0.0436744689941406 -0.0102462768554688 0.0901412963867188
-0.0469551086425781 0.037933349609375 0.5423583984375 -0.50360107421875
0.00556182861328125 0.0456199645996094 0.1092529296875 -0.99462890625
0.0340538024902344 0.0419464111328125 -0.69647216796875 -0.5245361328125
0.0396804809570313 -0.00316238403320313 -0.6575927734375 0.2454833984375
0.0580253601074219 -0.00938796997070313 -0.217132568359375 0.488739013671875
0.0246677398681641 -0.0245380401611328 0.1776123046875 0.291412353515625
-0.00108718872070313 -0.0372085571289063 0.329010009765625 0.010498046875
0.0456657409667969 -0.00343704223632812 -0.31695556640625 -0.0269775390625
0.0177955627441406 0.0171775817871094 -0.185546875 -0.30657958984375
0.00505447387695313 0.0304946899414063 0.194305419921875 -0.460601806640625
-0.0437545776367187 0.0229530334472656 0.65533447265625 -0.20916748046875
-0.0722274780273438 -0.0394668579101562 0.61041259765625 0.52777099609375
0.00215911865234375 -0.119316101074219 -0.0012207031250001 0.9486083984375
0.09210205078125 -0.0654220581054687 -0.431732177734375 0.555511474609375
0.141357421875 -0.0152587890625 0.0276813507080078 0.0222797393798828
0.0868606567382813 -0.063873291015625 0.45513916015625 -0.62530517578125
0.0160064697265625 -0.0789260864257813 -0.106689453125 -0.98333740234375
-0.0541725158691406 -0.029205322265625 -0.77276611328125 -0.3533935546875
-0.0503425598144531 0.00891494750976561 -0.56439208984375 0.36474609375
-0.00317955017089844 0.0188751220703125 -0.098663330078125 0.50946044921875
0.00226974487304688 0.0176010131835938 0.24676513671875 0.269485473632813
0.0207443237304687 -0.012603759765625 0.341522216796875 -0.012908935546875
0.04290771484375 -0.00716781616210937 -0.30865478515625 -0.014129638671875
0.0206851959228516 0.0177574157714844 -0.1903076171875 -0.300262451171875
0.0145988464355469 0.0251426696777344 0.170745849609375 -0.457763671875
-0.0335636138916016 0.0250110626220703 0.63946533203125 -0.24029541015625
-0.0660362243652344 -0.0341453552246094 0.6337890625 0.4892578125
-0.00299072265624999 -0.113754272460938 0.0411987304687499 0.94952392578125
0.0814208984375 -0.0701065063476563 -0.43328857421875 0.58685302734375
0.139739990234375 -0.01605224609375 -0.00691223144531249 0.046295166015625
0.0849533081054687 -0.0615692138671875 0.46087646484375 -0.58929443359375
0.0195236206054687 -0.0778121948242188 -0.048095703125 -0.98883056640625
-0.0496330261230469 -0.0328445434570313 -0.75274658203125 -0.4051513671875
-0.0450477600097656 0.00513076782226562 -0.59051513671875 0.336669921875
0.0044097900390625 0.0169944763183594 -0.124420166015625 0.512908935546875
0.00461769104003906 0.0206394195556641 0.240234375 0.276687622070312
0.0196609497070313 -0.0139999389648438 0.344696044921875 0.002197265625
0.0353889465332031 -0.0108680725097656 -0.307373046875 -9.15527343749611E-05
0.0280303955078125 0.0125522613525391 -0.203765869140625 -0.286895751953125
0.0226669311523438 0.0174217224121094 0.1483154296875 -0.462646484375
-0.01641845703125 0.0239715576171875 0.6156005859375 -0.27691650390625
-0.0549125671386719 -0.0185203552246094 0.6553955078125 0.44061279296875
-0.013641357421875 -0.100418090820313 0.0982055664062501 0.9427490234375
0.0683441162109375 -0.0639305114746094 -0.4190673828125 0.6195068359375
0.1201171875 -0.01434326171875 -0.0367813110351562 0.070343017578125
0.0756072998046875 -0.0540008544921875 0.471588134765625 -0.5504150390625
0.0223045349121094 -0.066558837890625 0.00213623046875002 -0.98712158203125
-0.0358238220214844 -0.0286979675292969 -0.735595703125 -0.45208740234375
-0.0350131988525391 0.000694274902343748 -0.6143798828125 0.30670166015625
0.0160026550292969 0.0118265151977539 -0.154022216796875 0.513916015625
0.00802707672119141 0.0103816986083984 0.23382568359375 0.29486083984375
0.0135841369628906 -0.0141677856445313 0.34930419921875 0.018402099609375
0.0328998565673828 -0.0166435241699219 -0.307098388671875 0.00387573242187499
0.0239849090576172 0.00370597839355469 -0.21435546875 -0.28375244140625
0.0353202819824219 0.00770950317382813 0.11865234375 -0.46710205078125
0.003662109375 0.0263767242431641 0.59368896484375 -0.30413818359375
-0.04107666015625 -0.00578689575195313 0.674560546875 0.406005859375
-0.0192184448242188 -0.0792007446289062 0.14794921875 0.93255615234375
0.0410690307617188 -0.0516433715820313 -0.3992919921875 0.64739990234375
0.0929412841796875 -0.00806427001953125 -0.0591354370117187 0.0888214111328125
0.0575637817382813 -0.0402908325195313 0.4892578125 -0.51983642578125
0.023040771484375 -0.0506858825683594 0.0500488281250001 -0.9884033203125
-0.0160427093505859 -0.0179767608642578 -0.71673583984375 -0.49249267578125
-0.0159645080566406 -0.00543212890625 -0.63714599609375 0.28289794921875
0.0232143402099609 0.00438117980957031 -0.180908203125 0.50830078125
0.0113935470581055 0.00436019897460937 0.21807861328125 0.30316162109375
0.00836181640625 -0.0207386016845703 0.350982666015625 0.02496337890625
0.0271415710449219 -0.0233573913574219 -0.312744140625 0.00454711914062501
0.0265693664550781 -0.00468063354492187 -0.224578857421875 -0.283721923828125
0.0445480346679688 -0.00430679321289063 0.101837158203125 -0.469329833984375
0.0249347686767578 0.0218334197998047 0.58258056640625 -0.32470703125
-0.0214710235595703 0.00714874267578125 0.6905517578125 0.37506103515625
-0.0219383239746094 -0.0554237365722656 0.18475341796875 0.92657470703125
0.0174579620361328 -0.0277767181396484 -0.38140869140625 0.6650390625
0.0542030334472656 0.00408554077148438 -0.0661544799804688 0.105720520019531
0.027496337890625 -0.0201053619384766 0.4986572265625 -0.4964599609375
0.0198268890380859 -0.0221881866455078 0.09246826171875 -0.99273681640625
-0.00168943405151367 -0.00472307205200195 -0.70330810546875 -0.52581787109375
0.00241804122924805 -0.00469446182250977 -0.656982421875 0.260009765625
0.0396804809570313 0.00135040283203125 -0.204345703125 0.50567626953125
0.0181541442871094 -0.00257110595703125 0.204833984375 0.308380126953125
0.00810432434082031 -0.0262222290039063 0.34832763671875 0.030853271484375
0.0269412994384766 -0.0268230438232422 -0.3154296875 0.00167846679687501
0.0284652709960938 -0.0158119201660156 -0.235687255859375 -0.288360595703125
0.0553207397460937 -0.0110092163085937 0.09075927734375 -0.4718017578125
0.0399246215820313 0.0184555053710938 0.5693359375 -0.33447265625
-0.00655937194824219 0.022216796875 0.69354248046875 0.358154296875
-0.0163383483886719 -0.0283203125 0.201904296875 0.916015625
-0.00368046760559082 0.00243830680847168 -0.364990234375 0.66656494140625
0.0203208923339844 0.0180950164794922 -0.0585861206054688 0.109039306640625
-0.00194406509399414 0.00274467468261719 0.51336669921875 -0.483184814453125
0.0120525360107422 0.00170230865478516 0.11981201171875 -0.98980712890625
0.0165023803710938 0.0169458389282227 -0.694091796875 -0.54046630859375
0.0195808410644531 -0.00656700134277344 -0.6632080078125 0.2459716796875
0.0504150390625 -0.0044403076171875 -0.2188720703125 0.4989013671875
0.021087646484375 -0.0162181854248047 0.19342041015625 0.306884765625
0.0041351318359375 -0.0323638916015625 0.341766357421875 0.0283203125
0.0207710266113281 -0.0285243988037109 -0.3214111328125 -0.00729370117187506
0.0246219635009766 -0.0232563018798828 -0.23895263671875 -0.291748046875
0.0553741455078125 -0.0167388916015625 0.08551025390625 -0.475433349609375
0.0533027648925781 0.0159034729003906 0.567138671875 -0.33795166015625
0.00732994079589844 0.0325546264648438 0.6895751953125 0.36114501953125
-0.0156517028808594 -0.00524711608886718 0.2047119140625 0.9146728515625
-0.0190048217773438 0.0220870971679688 -0.35491943359375 0.66143798828125
-0.0114288330078125 0.0342006683349609 -0.0391464233398438 0.102188110351563
-0.0253791809082031 0.0209674835205078 0.5277099609375 -0.49163818359375
0.00926589965820313 0.0282192230224609 0.11724853515625 -0.98797607421875
0.0224399566650391 0.0287399291992188 -0.69677734375 -0.54150390625
0.036376953125 -0.00185394287109375 -0.6627197265625 0.2445068359375
0.0596275329589844 -0.00711441040039063 -0.22015380859375 0.4954833984375
0.0210151672363281 -0.0205497741699219 0.187652587890625 0.3001708984375
-0.000747680664062496 -0.0375518798828125 0.3341064453125 0.01953125
0.0180912017822266 -0.02716064453125 -0.3321533203125 -0.018524169921875
0.0254459381103516 -0.0247402191162109 -0.243896484375 -0.306304931640625
0.0569534301757813 -0.0198440551757813 0.0936279296875 -0.48077392578125
0.0585250854492187 0.0218658447265625 0.57861328125 -0.327392578125
0.0143775939941406 0.0376014709472656 0.68365478515625 0.37982177734375
-0.0135593414306641 0.0140504837036133 0.19091796875 0.91729736328125
-0.0309906005859375 0.0435295104980469 -0.3453369140625 0.64398193359375
-0.0386199951171875 0.0422592163085937 -0.00881195068359376 0.0930557250976563
-0.0431327819824219 0.0366363525390625 0.5364990234375 -0.512725830078125
0.00630569458007812 0.0464591979980469 0.0957641601562501 -0.99566650390625
0.0330162048339844 0.0418357849121094 -0.70379638671875 -0.51641845703125
0.0427474975585938 -0.00356292724609375 -0.65399169921875 0.2557373046875
0.0584297180175781 -0.00786972045898438 -0.209320068359375 0.493255615234375
0.0243911743164063 -0.0258903503417969 0.184539794921875 0.28887939453125
-0.00320816040039063 -0.0365524291992188 0.326141357421875 0.004913330078125
0.0443000793457031 -0.00582122802734375 -0.3175048828125 -0.0230712890625001
0.0195999145507813 0.0185508728027344 -0.192962646484375 -0.304351806640625
0.00550651550292969 0.0283756256103516 0.191192626953125 -0.458740234375
-0.0413475036621094 0.0233573913574219 0.650634765625 -0.2198486328125
-0.0718231201171875 -0.0369033813476563 0.61602783203125 0.519775390625
0.00135803222656251 -0.117172241210938 0.01324462890625 0.94708251953125
0.0899124145507813 -0.0679092407226563 -0.424407958984375 0.560546875
0.14263916015625 -0.015625 0.0305213928222656 0.0235443115234375
0.0839996337890625 -0.0612716674804688 0.44232177734375 -0.6297607421875
0.0151138305664063 -0.0785064697265625 -0.1180419921875 -0.98028564453125
-0.0555801391601563 -0.0304374694824219 -0.77069091796875 -0.3458251953125
-0.0527992248535156 0.0113983154296875 -0.55633544921875 0.370849609375
-0.00192832946777344 0.0180797576904297 -0.09271240234375 0.507965087890625
0.00251388549804688 0.0210075378417969 0.250473022460938 0.263885498046875
0.0219287872314453 -0.0163440704345703 0.34228515625 -0.017852783203125
0.0416107177734375 -0.00672149658203125 -0.310211181640625 -0.00637817382812498
0.0217342376708984 0.0160140991210938 -0.19903564453125 -0.29132080078125
0.0144462585449219 0.024566650390625 0.166259765625 -0.45849609375
-0.0308647155761719 0.0247898101806641 0.62872314453125 -0.24993896484375
-0.0679740905761719 -0.0320205688476562 0.6378173828125 0.4788818359375
-0.00708770751953124 -0.115058898925781 0.0569458007812499 0.94805908203125
0.0824966430664063 -0.0700759887695313 -0.4215087890625 0.592041015625
0.139442443847656 -0.0184707641601563 -0.00401687622070312 0.0464897155761719
0.0872726440429688 -0.0634841918945313 0.4522705078125 -0.59521484375
0.0182876586914063 -0.0788421630859375 -0.063720703125 -0.98651123046875
-0.0460700988769531 -0.0335655212402344 -0.7552490234375 -0.3929443359375
-0.0465431213378906 0.00781631469726562 -0.58111572265625 0.34539794921875
0.00318431854248047 0.0149745941162109 -0.11688232421875 0.510223388671875
0.00554656982421875 0.0168542861938477 0.246536254882813 0.27508544921875
0.0183792114257813 -0.0132160186767578 0.345123291015625 -0.004638671875
0.0376396179199219 -0.0122795104980469 -0.307373046875 0.00265502929687497
0.0231075286865234 0.00828933715820313 -0.20684814453125 -0.284576416015625
0.0243911743164063 0.0150527954101562 0.136932373046875 -0.461334228515625
-0.013031005859375 0.0231189727783203 0.60980224609375 -0.2811279296875
-0.0573959350585938 -0.0190162658691406 0.66448974609375 0.4351806640625
-0.0154342651367187 -0.0985488891601563 0.11102294921875 0.93768310546875
0.0656089782714844 -0.0646896362304688 -0.41021728515625 0.62445068359375
0.120292663574219 -0.0158538818359375 -0.034912109375 0.0704116821289063
0.0754776000976562 -0.0554656982421875 0.463409423828125 -0.555206298828125
0.0221328735351562 -0.068511962890625 -0.0112304687499999 -0.9873046875
-0.0336208343505859 -0.0294418334960938 -0.7412109375 -0.43963623046875
-0.0337638854980469 0.00245285034179688 -0.60870361328125 0.31671142578125
0.0138731002807617 0.00878143310546875 -0.141510009765625 0.51220703125
0.00841426849365234 0.0138511657714844 0.235504150390625 0.2900390625
0.0139904022216797 -0.0186729431152344 0.35137939453125 0.009918212890625
0.0329761505126953 -0.0175399780273437 -0.3079833984375 0.00964355468749993
0.0267353057861328 0.00223159790039063 -0.217269897460938 -0.279983520507813
0.0345573425292969 0.00514984130859375 0.1143798828125 -0.464691162109375
0.00614738464355469 0.0230064392089844 0.58795166015625 -0.30914306640625
-0.0437965393066406 -0.00522613525390626 0.680908203125 0.39410400390625
-0.0205535888671875 -0.0791168212890625 0.1610107421875 0.92852783203125
0.0425338745117187 -0.0502853393554688 -0.39080810546875 0.65106201171875
0.0925064086914063 -0.0074310302734375 -0.0560226440429688 0.091888427734375
0.0550651550292969 -0.0407066345214844 0.477813720703125 -0.524139404296875
0.0240440368652344 -0.0488090515136719 0.0387573242187499 -0.988525390625
-0.0194778442382812 -0.0174961090087891 -0.72308349609375 -0.484619140625
-0.0159492492675781 -0.00242996215820312 -0.630859375 0.29052734375
0.0267906188964844 0.00320625305175781 -0.1724853515625 0.510589599609375
0.0129384994506836 0.00389480590820312 0.22265625 0.299835205078125
0.0120582580566406 -0.0211315155029297 0.349334716796875 0.0198974609375
0.0279884338378906 -0.0235919952392578 -0.31036376953125 0.010894775390625
0.0263538360595703 -0.00843238830566406 -0.229644775390625 -0.278366088867188
0.0432968139648438 -0.003692626953125 0.093414306640625 -0.46826171875
0.0256881713867188 0.0206279754638672 0.571044921875 -0.33087158203125
-0.0232639312744141 0.00576972961425781 0.69244384765625 0.3653564453125
-0.0218124389648438 -0.0533103942871094 0.19915771484375 0.9200439453125
0.0194511413574219 -0.0273952484130859 -0.36767578125 0.6683349609375
0.0569839477539062 0.00439071655273438 -0.0647659301757812 0.104804992675781
0.0287590026855469 -0.0204029083251953 0.4910888671875 -0.500946044921875
0.0178394317626953 -0.0239849090576172 0.0782470703125 -0.9876708984375
-0.000147819519042969 -0.00399589538574219 -0.7076416015625 -0.515869140625
0.0020298957824707 -0.00365519523620606 -0.65057373046875 0.27044677734375
0.0395584106445313 -4.9591064453125E-05 -0.194549560546875 0.5103759765625
0.0182361602783203 -0.00474739074707031 0.207000732421875 0.30499267578125
0.00589942932128907 -0.0264663696289063 0.34796142578125 0.02276611328125
0.0224876403808594 -0.0275192260742187 -0.314178466796875 0.00564575195312506
0.0288295745849609 -0.0170078277587891 -0.238998413085938 -0.280776977539062
0.0519027709960938 -0.0139312744140625 0.080596923828125 -0.4732666015625
0.0394439697265625 0.0171737670898438 0.56170654296875 -0.34295654296875
-0.00705528259277344 0.01953125 0.69744873046875 0.34796142578125
-0.0194625854492188 -0.0263404846191406 0.21710205078125 0.9127197265625
-0.00145447254180908 0.00016927719116211 -0.35321044921875 0.673095703125
0.021148681640625 0.017181396484375 -0.0569610595703125 0.110160827636719
0.00163888931274414 0.00325226783752441 0.504425048828125 -0.48968505859375
0.0142440795898438 0.00324726104736328 0.1048583984375 -0.98828125
0.0131721496582031 0.0134048461914062 -0.698974609375 -0.5302734375
0.0215415954589844 -0.00320816040039063 -0.65948486328125 0.25372314453125
0.0500106811523438 -0.00574111938476563 -0.206817626953125 0.50238037109375
0.0234603881835938 -0.0134792327880859 0.1986083984375 0.305877685546875
0.003662109375 -0.0325202941894531 0.342254638671875 0.021697998046875
0.0201282501220703 -0.0295448303222656 -0.322784423828125 -0.00115966796874998
0.0255317687988281 -0.0213642120361328 -0.24652099609375 -0.28778076171875
0.0554084777832031 -0.0182113647460938 0.077117919921875 -0.475616455078125
0.050811767578125 0.0172271728515625 0.56219482421875 -0.345306396484375
0.00922203063964844 0.0305347442626953 0.692626953125 0.35113525390625
-0.0169334411621094 -0.0047750473022461 0.21734619140625 0.91015625
-0.0201663970947266 0.0241050720214844 -0.34417724609375 0.66400146484375
-0.0116100311279297 0.0315837860107422 -0.038604736328125 0.105514526367188
-0.0247421264648438 0.0234699249267578 0.51806640625 -0.494659423828125
0.00928306579589844 0.0264129638671875 0.10333251953125 -0.9879150390625
0.0259170532226562 0.0299167633056641 -0.7001953125 -0.5269775390625
0.0321788787841797 -0.00213050842285156 -0.65838623046875 0.25616455078125
0.0574951171875 -0.0113983154296875 -0.2095947265625 0.497222900390625
0.0229988098144531 -0.0198154449462891 0.1922607421875 0.296539306640625
-0.000997543334960936 -0.0345478057861328 0.334869384765625 0.01312255859375
0.0179176330566406 -0.0313892364501953 -0.333587646484375 -0.01239013671875
0.0277137756347656 -0.0257167816162109 -0.2509765625 -0.299041748046875
0.0570068359375 -0.0205650329589844 0.08612060546875 -0.479400634765625
0.0579910278320313 0.0193939208984375 0.5709228515625 -0.33221435546875
0.0131416320800781 0.0383567810058594 0.6866455078125 0.37005615234375
-0.0142011642456055 0.0137348175048828 0.20098876953125 0.912109375
-0.0314216613769531 0.04290771484375 -0.33721923828125 0.64715576171875
-0.0363273620605469 0.045257568359375 -0.00897979736328126 0.09100341796875
-0.0436477661132813 0.04083251953125 0.525909423828125 -0.51861572265625
0.00817108154296875 0.045867919921875 0.0862426757812499 -0.99365234375
0.0340003967285156 0.0407600402832031 -0.70819091796875 -0.50439453125
0.0382118225097656 -0.00162887573242188 -0.647705078125 0.2662353515625
0.0585594177246094 -0.0103836059570312 -0.200225830078125 0.49444580078125
0.0235195159912109 -0.0264091491699219 0.18951416015625 0.285552978515625
-0.00149154663085938 -0.0361480712890625 0.328399658203125 -0.001190185546875
0.0438270568847656 -0.0074005126953125 -0.318603515625 -0.01593017578125
0.0190811157226563 0.0185317993164063 -0.197296142578125 -0.29827880859375
0.00632095336914063 0.0288200378417969 0.181396484375 -0.457977294921875
-0.0407638549804688 0.0244827270507812 0.64581298828125 -0.22723388671875
-0.0722503662109375 -0.0379638671875 0.62274169921875 0.510498046875
-0.000373840332031245 -0.118080139160156 0.02606201171875 0.942626953125
0.0901260375976563 -0.06610107421875 -0.4171142578125 0.5623779296875
0.142913818359375 -0.01727294921875 0.0303668975830078 0.0231494903564453
0.08453369140625 -0.0635986328125 0.43292236328125 -0.630126953125
0.0148468017578125 -0.0788955688476563 -0.12872314453125 -0.9742431640625
-0.0534744262695313 -0.0299453735351562 -0.7728271484375 -0.33349609375
-0.0536079406738281 0.0137176513671875 -0.547149658203125 0.375762939453125
-0.00188064575195313 0.0180912017822266 -0.083984375 0.505126953125
0.001007080078125 0.0202274322509766 0.253204345703125 0.257095336914062
0.0208282470703125 -0.0149192810058594 0.3409423828125 -0.022369384765625
0.0401191711425781 -0.00970458984375 -0.308685302734375 -0.00213623046874994
0.022705078125 0.0136222839355469 -0.202362060546875 -0.28704833984375
0.0145034790039063 0.0215969085693359 0.157318115234375 -0.457061767578125
-0.0310173034667969 0.0241680145263672 0.62542724609375 -0.25482177734375
-0.0679206848144531 -0.0298233032226563 0.64288330078125 0.47149658203125
-0.00834655761718749 -0.114013671875 0.0671997070312501 0.94085693359375
0.081298828125 -0.070770263671875 -0.41455078125 0.59674072265625
0.137840270996094 -0.0178909301757813 -0.00628280639648437 0.0482292175292969
0.0866165161132813 -0.0630264282226563 0.4422607421875 -0.595703125
0.0179901123046875 -0.0777587890625 -0.073974609375 -0.981689453125
-0.0487136840820313 -0.0333824157714844 -0.7581787109375 -0.3831787109375
-0.0463142395019531 0.0087432861328125 -0.5728759765625 0.351806640625
0.00347518920898437 0.0150489807128906 -0.108917236328125 0.509307861328125
0.00544071197509766 0.0166912078857422 0.249038696289063 0.26995849609375
0.01873779296875 -0.0129985809326172 0.34442138671875 -0.010894775390625
0.0366020202636719 -0.012939453125 -0.306884765625 0.00802612304687505
0.0251312255859375 0.00833511352539063 -0.211761474609375 -0.278457641601563
0.0246086120605469 0.0161991119384766 0.132232666015625 -0.4608154296875
-0.0143203735351562 0.0234642028808594 0.60321044921875 -0.28875732421875
-0.0572738647460938 -0.0193138122558594 0.6663818359375 0.4256591796875
-0.0166091918945313 -0.101806640625 0.1236572265625 0.93280029296875
0.0631332397460938 -0.0650558471679688 -0.399169921875 0.62689208984375
0.120155334472656 -0.0164337158203125 -0.0369644165039063 0.0724258422851563
0.0748214721679687 -0.0547256469726562 0.454559326171875 -0.55810546875
0.0202255249023438 -0.0684280395507813 -0.0230712890625 -0.9833984375
-0.0344181060791016 -0.0279006958007813 -0.74285888671875 -0.42919921875
-0.0336208343505859 0.000982284545898431 -0.60028076171875 0.32440185546875
0.0142240524291992 0.00944137573242188 -0.134307861328125 0.512359619140625
0.00867938995361328 0.0104532241821289 0.238006591796875 0.28643798828125
0.0131120681762695 -0.017329216003418 0.35015869140625 0.002960205078125
0.0329704284667969 -0.0182247161865234 -0.306182861328125 0.01513671875
0.0256690979003906 0.00122833251953125 -0.221511840820312 -0.271194458007813
0.0357322692871094 0.00504302978515625 0.106903076171875 -0.46435546875
0.00540924072265625 0.0219650268554688 0.58319091796875 -0.316162109375
-0.0424003601074219 -0.00408554077148437 0.6842041015625 0.38482666015625
-0.0209274291992187 -0.08062744140625 0.171875 0.92413330078125
0.04034423828125 -0.0503196716308594 -0.380859375 0.65240478515625
0.0926132202148438 -0.00933837890625 -0.05609130859375 0.0935287475585938
0.0556716918945313 -0.040313720703125 0.46966552734375 -0.52752685546875
0.021453857421875 -0.0498123168945313 0.02899169921875 -0.98480224609375
-0.0177555084228516 -0.0187931060791016 -0.72393798828125 -0.4732666015625
-0.0174589157104492 -0.00271511077880859 -0.6251220703125 0.2979736328125
0.0266094207763672 0.00253677368164063 -0.163421630859375 0.5120849609375
0.0133199691772461 0.00293731689453125 0.22723388671875 0.2969970703125
0.00982666015625 -0.0214614868164063 0.3492431640625 0.01287841796875
0.0260772705078125 -0.023406982421875 -0.308746337890625 0.015716552734375
0.0261440277099609 -0.00733757019042969 -0.231613159179687 -0.271499633789063
0.0434417724609375 -0.00553131103515625 0.086273193359375 -0.4676513671875
0.0241870880126953 0.0209636688232422 0.56512451171875 -0.33673095703125
-0.0241813659667969 0.00899887084960937 0.69525146484375 0.35540771484375
-0.0227508544921875 -0.0513801574707031 0.2093505859375 0.91107177734375
0.0186061859130859 -0.0261745452880859 -0.3623046875 0.66961669921875
0.0564918518066406 0.00260162353515625 -0.0643844604492187 0.105499267578125
0.0288333892822266 -0.0200901031494141 0.483306884765625 -0.502655029296875
0.0166568756103516 -0.0262718200683594 0.0684814453125 -0.98779296875
-0.00197863578796387 -0.00229406356811523 -0.71014404296875 -0.50555419921875
0.00216102600097656 -0.0028529167175293 -0.643798828125 0.27606201171875
0.0386581420898438 -0.0027008056640625 -0.1839599609375 0.5086669921875
0.0196208953857422 -0.00304603576660156 0.212646484375 0.29998779296875
0.00655746459960937 -0.0265388488769531 0.34710693359375 0.01934814453125
0.0224056243896484 -0.0277671813964844 -0.315093994140625 0.0126953124999999
0.0277233123779297 -0.0168647766113281 -0.2415771484375 -0.27447509765625
0.0505905151367188 -0.0147666931152344 0.07318115234375 -0.4688720703125
0.0415382385253906 0.0186080932617187 0.555328369140625 -0.346282958984375
-0.00670623779296875 0.0221385955810547 0.6973876953125 0.33843994140625
-0.0206470489501953 -0.0265159606933594 0.2271728515625 0.90350341796875
-0.00113821029663086 0.000184178352355957 -0.34381103515625 0.6741943359375
0.0201244354248047 0.0181427001953125 -0.0581130981445313 0.110191345214844
-0.00132250785827637 0.00371575355529785 0.496978759765625 -0.493621826171875
0.0141019821166992 0.00203609466552734 0.0932006835937501 -0.98516845703125
0.0157375335693359 0.0139503479003906 -0.70220947265625 -0.51861572265625
0.0204029083251953 -0.00386810302734375 -0.65093994140625 0.26202392578125
0.0489463806152344 -0.00704193115234375 -0.199462890625 0.502593994140625
0.0232524871826172 -0.0120487213134766 0.201629638671875 0.299957275390625
0.00148963928222656 -0.0292186737060547 0.3419189453125 0.01434326171875
0.0171337127685547 -0.0318336486816406 -0.3236083984375 0.00411987304687495
0.0253868103027344 -0.0239162445068359 -0.2489013671875 -0.2825927734375
0.0535774230957031 -0.0198593139648438 0.0710144042968751 -0.47369384765625
0.05218505859375 0.0169448852539063 0.552734375 -0.34869384765625
0.00773239135742187 0.0313835144042969 0.69537353515625 0.3431396484375
-0.0147056579589844 -0.00269603729248047 0.226806640625 0.90301513671875
-0.019775390625 0.0238857269287109 -0.33526611328125 0.66680908203125
-0.011260986328125 0.0324306488037109 -0.0380325317382813 0.105331420898438
-0.0256500244140625 0.0242958068847656 0.50848388671875 -0.498748779296875
0.0108928680419922 0.0252609252929688 0.0939941406249999 -0.98828125
0.0253429412841797 0.0276145935058594 -0.70245361328125 -0.51666259765625
0.0324840545654297 -0.00150489807128906 -0.65106201171875 0.26385498046875
0.0561103820800781 -0.0108718872070313 -0.19964599609375 0.498779296875
0.0232791900634766 -0.0212612152099609 0.19500732421875 0.293426513671875
-0.00264739990234375 -0.0353050231933594 0.333984375 0.0069580078125
0.0174045562744141 -0.0320243835449219 -0.3326416015625 -0.00619506835937497
0.0272502899169922 -0.0258617401123047 -0.254241943359375 -0.291473388671875
0.0559654235839844 -0.0201873779296875 0.07952880859375 -0.476104736328125
0.0581817626953125 0.0195770263671875 0.56329345703125 -0.3380126953125
0.014434814453125 0.0387916564941406 0.68707275390625 0.361328125
-0.0134868621826172 0.0126934051513672 0.21038818359375 0.9071044921875
-0.0302848815917969 0.0441703796386719 -0.330322265625 0.650146484375
-0.0334053039550781 0.0448799133300781 -0.0101242065429688 0.0903472900390625
-0.043060302734375 0.0418968200683594 0.518341064453125 -0.52093505859375
0.00878524780273438 0.0447425842285156 0.0730590820312499 -0.99163818359375
0.0346565246582031 0.041015625 -0.71142578125 -0.493408203125
0.0393409729003906 -0.00218963623046875 -0.6434326171875 0.27349853515625
0.0576820373535156 -0.0125083923339844 -0.19171142578125 0.494354248046875
0.0243339538574219 -0.0250015258789062 0.190704345703125 0.281494140625
-0.002655029296875 -0.0352554321289063 0.326629638671875 -0.00567626953125
0.0431785583496094 -0.00694656372070313 -0.31658935546875 -0.012359619140625
0.0188655853271484 0.018310546875 -0.20098876953125 -0.292877197265625
0.00606536865234375 0.0268306732177734 0.172821044921875 -0.4566650390625
-0.0401229858398438 0.0270042419433594 0.6419677734375 -0.2318115234375
-0.0727996826171875 -0.035888671875 0.62408447265625 0.50054931640625
-0.000167846679687489 -0.117431640625 0.0363159179687501 0.93792724609375
0.08770751953125 -0.0684814453125 -0.40936279296875 0.563720703125
0.141433715820313 -0.0182342529296875 0.0307159423828125 0.0225696563720703
0.0833511352539063 -0.0621719360351563 0.42315673828125 -0.63214111328125
0.0139846801757813 -0.0779190063476563 -0.13970947265625 -0.9654541015625
-0.0541572570800781 -0.0300979614257813 -0.77154541015625 -0.32476806640625
-0.0530166625976563 0.0136680603027344 -0.541107177734375 0.377899169921875
-0.00171184539794922 0.0175056457519531 -0.073211669921875 0.505462646484375
0.00376319885253906 0.0207443237304688 0.253585815429688 0.253311157226563
0.0202541351318359 -0.0158710479736328 0.33831787109375 -0.027313232421875
0.0407676696777344 -0.00921249389648438 -0.309051513671875 0.00280761718749998
0.0220394134521484 0.0147056579589844 -0.204498291015625 -0.282470703125
0.0130863189697266 0.0228958129882813 0.150970458984375 -0.454681396484375
-0.0296707153320313 0.0260353088378906 0.6202392578125 -0.26129150390625
-0.0692672729492188 -0.0294990539550781 0.644775390625 0.45989990234375
-0.00981903076171875 -0.113433837890625 0.0791015625 0.9381103515625
0.0804367065429688 -0.07037353515625 -0.40606689453125 0.595703125
0.1378173828125 -0.0204391479492188 -0.00606536865234375 0.0471153259277344
0.0840530395507813 -0.0628814697265625 0.4344482421875 -0.59674072265625
0.0169754028320313 -0.077423095703125 -0.0863647460937499 -0.9761962890625
-0.0478782653808594 -0.0315132141113281 -0.7568359375 -0.37164306640625
-0.0468635559082031 0.00849914550781249 -0.56744384765625 0.3563232421875
0.00377941131591797 0.0139608383178711 -0.1016845703125 0.507843017578125
0.00594615936279297 0.0161123275756836 0.249847412109375 0.265838623046875
0.0171785354614258 -0.0143594741821289 0.342742919921875 -0.01593017578125
0.0362815856933594 -0.0141220092773437 -0.30560302734375 0.0136413574218749
0.0237903594970703 0.00951004028320313 -0.212982177734375 -0.272369384765625
0.0255298614501953 0.0141830444335938 0.1251220703125 -0.457733154296875
-0.0117473602294922 0.0243625640869141 0.59661865234375 -0.29486083984375
-0.0567207336425781 -0.0192794799804687 0.6654052734375 0.4158935546875
-0.0179061889648437 -0.101043701171875 0.13311767578125 0.9259033203125
0.063018798828125 -0.063446044921875 -0.3919677734375 0.62554931640625
0.119575500488281 -0.019256591796875 -0.0353851318359375 0.0729904174804688
0.0740432739257813 -0.0538787841796875 0.4464111328125 -0.559234619140625
0.0202407836914062 -0.0684356689453125 -0.0302734375 -0.97784423828125
-0.036102294921875 -0.028167724609375 -0.74334716796875 -0.41790771484375
-0.0330657958984375 0.0024566650390625 -0.59259033203125 0.3309326171875
0.0143909454345703 0.00809192657470703 -0.1273193359375 0.509521484375
0.0101900100708008 0.0116491317749023 0.240692138671875 0.28106689453125
0.0129785537719727 -0.0165777206420898 0.3470458984375 -0.000762939453125001
0.0308589935302734 -0.0194358825683594 -0.30419921875 0.01922607421875
0.0248699188232422 0.00130653381347656 -0.224044799804688 -0.268020629882813
0.0360260009765625 0.0046844482421875 0.0994873046875 -0.461151123046875
0.00563812255859375 0.0235843658447266 0.57550048828125 -0.3214111328125
-0.0406990051269531 -0.0033416748046875 0.68255615234375 0.37530517578125
-0.0225067138671875 -0.077850341796875 0.1812744140625 0.917724609375
0.04083251953125 -0.0489082336425781 -0.37408447265625 0.65228271484375
0.0924148559570313 -0.0109710693359375 -0.0566177368164062 0.0920944213867188
0.0558242797851563 -0.0390243530273438 0.4619140625 -0.527008056640625
0.0221786499023438 -0.0515556335449219 0.0191650390625 -0.978515625
-0.0180320739746094 -0.017852783203125 -0.72625732421875 -0.4613037109375
-0.0153770446777344 -0.000248908996582034 -0.61529541015625 0.30438232421875
0.0253429412841797 0.00258827209472656 -0.154449462890625 0.5093994140625
0.0139970779418945 0.00440025329589844 0.228668212890625 0.29302978515625
0.00913619995117188 -0.0213394165039063 0.34796142578125 0.00897216796875
0.0248317718505859 -0.0233802795410156 -0.307952880859375 0.0198974609375
0.0269870758056641 -0.00742340087890625 -0.235427856445312 -0.266067504882813
0.04473876953125 -0.00574493408203125 0.079437255859375 -0.464202880859375
0.0261764526367187 0.0203380584716797 0.55755615234375 -0.34112548828125
-0.0231056213378906 0.00938034057617188 0.6956787109375 0.3470458984375
-0.0218124389648437 -0.0536689758300781 0.2188720703125 0.90338134765625
0.0200977325439453 -0.0241451263427734 -0.354248046875 0.67047119140625
0.0565299987792969 0.00369644165039063 -0.064300537109375 0.106231689453125
0.0301933288574219 -0.0188026428222656 0.475067138671875 -0.50579833984375
0.0186023712158203 -0.0248146057128906 0.0584716796875 -0.98004150390625
-0.000959873199462891 -0.00356769561767578 -0.712890625 -0.4918212890625
0.000986814498901367 -0.0034787654876709 -0.63568115234375 0.28155517578125
0.0386390686035156 -0.00360107421875 -0.1759033203125 0.50738525390625
0.0193328857421875 -0.00448799133300781 0.215087890625 0.296600341796875
0.005096435546875 -0.0265483856201172 0.345428466796875 0.013275146484375
0.0231666564941406 -0.0275058746337891 -0.312774658203125 0.01727294921875
0.0263462066650391 -0.0172233581542969 -0.24542236328125 -0.26666259765625
0.0499649047851563 -0.0136604309082031 0.068267822265625 -0.467620849609375
0.0406036376953125 0.0169143676757813 0.548126220703125 -0.352386474609375
-0.00633621215820313 0.0197429656982422 0.698486328125 0.32794189453125
-0.021026611328125 -0.0263652801513672 0.23602294921875 0.89593505859375
-0.00336027145385742 0.000349760055541992 -0.3372802734375 0.67315673828125
0.0218505859375 0.0175018310546875 -0.0562973022460938 0.110618591308594
-0.00143957138061523 0.0054783821105957 0.489532470703125 -0.494781494140625
0.0153341293334961 0.00109004974365234 0.0807495117187499 -0.9791259765625
0.0145502090454102 0.0136995315551758 -0.7032470703125 -0.50689697265625
0.0189952850341797 -0.00478553771972656 -0.642822265625 0.2701416015625
0.0496025085449219 -0.00870132446289063 -0.187713623046875 0.502349853515625
0.0215568542480469 -0.0135345458984375 0.202606201171875 0.294830322265625
0.000177383422851566 -0.0303554534912109 0.3387451171875 0.00830078125
0.0175724029541016 -0.0288314819335938 -0.3214111328125 0.00918579101562495
0.0253524780273438 -0.0217113494873047 -0.25238037109375 -0.274810791015625
0.0542755126953125 -0.0229644775390625 0.06329345703125 -0.469970703125
0.0515823364257813 0.015716552734375 0.548431396484375 -0.352874755859375
0.00780105590820313 0.0314674377441406 0.6943359375 0.33087158203125
-0.0149316787719727 -0.00420570373535156 0.24017333984375 0.89495849609375
-0.0211029052734375 0.0252399444580078 -0.324951171875 0.667236328125
-0.0105705261230469 0.0334091186523438 -0.0368194580078125 0.106468200683594
-0.0246601104736328 0.0241851806640625 0.50250244140625 -0.50079345703125
0.0100212097167969 0.0272483825683594 0.0837402343749999 -0.9805908203125
0.0270557403564453 0.0286140441894531 -0.70428466796875 -0.5048828125
0.0320301055908203 -0.00307083129882812 -0.64617919921875 0.2685546875
0.0572624206542969 -0.0108985900878906 -0.19134521484375 0.49560546875
0.0227317810058594 -0.0216560363769531 0.19793701171875 0.28887939453125
-0.00152397155761719 -0.034759521484375 0.33294677734375 0.003173828125
0.015777587890625 -0.0321884155273437 -0.331390380859375 -0.00354003906250007
0.0261211395263672 -0.02679443359375 -0.25787353515625 -0.28424072265625
0.0561485290527344 -0.0217437744140625 0.0692138671875 -0.47381591796875
0.0594062805175781 0.0179405212402344 0.55560302734375 -0.34320068359375
0.0159187316894531 0.0385398864746094 0.6864013671875 0.3507080078125
-0.0132570266723633 0.0124025344848633 0.21807861328125 0.90081787109375
-0.0290336608886719 0.0440940856933594 -0.320556640625 0.65057373046875
-0.0339202880859375 0.0438575744628906 -0.00891876220703126 0.08966064453125
-0.0404891967773438 0.0427932739257813 0.508331298828125 -0.520904541015625
0.00920486450195312 0.0444679260253906 0.0626831054687499 -0.98541259765625
0.0346298217773438 0.0412025451660156 -0.71142578125 -0.48455810546875
0.0385398864746094 -0.003448486328125 -0.63397216796875 0.2789306640625
0.0580291748046875 -0.0139694213867188 -0.183624267578125 0.495208740234375
0.0231151580810547 -0.0253791809082031 0.194564819335937 0.279296875
-0.00397491455078125 -0.0363082885742188 0.325439453125 -0.009735107421875
0.0437545776367188 -0.00788497924804688 -0.315277099609375 -0.00711059570312503
0.0191326141357422 0.0174446105957031 -0.20330810546875 -0.289520263671875
0.0085601806640625 0.0281486511230469 0.16748046875 -0.453704833984375
-0.0381622314453125 0.0245819091796875 0.634765625 -0.23736572265625
-0.072296142578125 -0.034027099609375 0.62493896484375 0.49273681640625
-0.004058837890625 -0.116226196289063 0.04339599609375 0.93011474609375
0.087554931640625 -0.0677719116210938 -0.4029541015625 0.5640869140625
0.142120361328125 -0.018707275390625 0.0284709930419922 0.0240383148193359
0.0830459594726563 -0.062835693359375 0.41455078125 -0.6324462890625
0.0132293701171875 -0.0766677856445313 -0.1468505859375 -0.95867919921875
-0.0535659790039063 -0.02899169921875 -0.77252197265625 -0.313720703125
-0.0528373718261719 0.0154228210449219 -0.53302001953125 0.382354736328125
-0.00201034545898437 0.0178451538085938 -0.0679931640625 0.502044677734375
0.004547119140625 0.0202503204345703 0.256393432617188 0.248931884765625
0.0193614959716797 -0.0142631530761719 0.33636474609375 -0.032135009765625
0.0388336181640625 -0.0105400085449219 -0.30712890625 0.00823974609375004
0.0221843719482422 0.0141487121582031 -0.210006713867188 -0.2757568359375
0.0155162811279297 0.0222110748291016 0.14544677734375 -0.45379638671875
-0.0292263031005859 0.0262393951416016 0.61199951171875 -0.2647705078125
-0.0690841674804688 -0.0277099609375 0.64306640625 0.45025634765625
-0.0103836059570312 -0.113029479980469 0.0882568359375001 0.928955078125
0.0766830444335938 -0.0699920654296875 -0.3983154296875 0.59814453125
0.136634826660156 -0.0216140747070313 -0.00457763671875 0.048797607421875
0.084014892578125 -0.0623016357421875 0.42535400390625 -0.5955810546875
0.018096923828125 -0.0770950317382812 -0.0949096679687499 -0.96868896484375
-0.0482292175292969 -0.0320205688476562 -0.7547607421875 -0.36279296875
-0.0459060668945313 0.00954437255859375 -0.55804443359375 0.359832763671875
0.00430583953857422 0.0134105682373047 -0.0927734375 0.505126953125
0.00471782684326172 0.0162906646728516 0.25152587890625 0.2625732421875
0.0167465209960938 -0.0133838653564453 0.341033935546875 -0.019561767578125
0.0342426300048828 -0.0154838562011719 -0.304107666015625 0.017669677734375
0.0247058868408203 0.00922966003417969 -0.215911865234375 -0.26763916015625
0.025146484375 0.0144538879394531 0.118927001953125 -0.455535888671875
-0.013153076171875 0.0242996215820312 0.58941650390625 -0.29736328125
-0.0571975708007812 -0.0151557922363281 0.667724609375 0.4090576171875
-0.0195083618164062 -0.0988922119140625 0.1400146484375 0.91845703125
0.0612907409667969 -0.0651512145996094 -0.3851318359375 0.62786865234375
0.120010375976563 -0.017303466796875 -0.0349807739257812 0.0730819702148438
0.073333740234375 -0.0549392700195313 0.43853759765625 -0.558258056640625
0.0204887390136719 -0.0680770874023438 -0.0426025390625 -0.9716796875
-0.0360221862792969 -0.0278739929199219 -0.74029541015625 -0.408203125
-0.0340309143066406 0.00410270690917969 -0.5853271484375 0.332763671875
0.0129718780517578 0.00828456878662109 -0.120147705078125 0.506011962890625
0.010380744934082 0.0127935409545898 0.241668701171875 0.278152465820313
0.0123958587646484 -0.0176944732666016 0.344146728515625 -0.00634765625
0.0296401977539063 -0.0198040008544922 -0.30303955078125 0.024658203125
0.025421142578125 -0.000667572021484375 -0.224884033203125 -0.26373291015625
0.0355072021484375 0.00423431396484375 0.094879150390625 -0.45703125
0.00576210021972656 0.0222301483154297 0.56854248046875 -0.3245849609375
-0.0415420532226563 -0.00374984741210937 0.68511962890625 0.36700439453125
-0.0236129760742188 -0.0775985717773438 0.18792724609375 0.9080810546875
0.0392951965332031 -0.0475845336914063 -0.36517333984375 0.654052734375
0.092742919921875 -0.00977325439453125 -0.05303955078125 0.0931854248046875
0.0556602478027344 -0.0386276245117188 0.454193115234375 -0.526092529296875
0.0206832885742188 -0.0497665405273438 0.00970458984374997 -0.973388671875
-0.0185813903808594 -0.0174331665039063 -0.724609375 -0.4530029296875
-0.0173282623291016 -0.00143051147460938 -0.60809326171875 0.30877685546875
0.025054931640625 0.00215530395507813 -0.144195556640625 0.507354736328125
0.014317512512207 0.00432109832763672 0.23138427734375 0.28607177734375
0.00957298278808594 -0.0221462249755859 0.346527099609375 0.003021240234375
0.0253009796142578 -0.0254077911376953 -0.306732177734375 0.024261474609375
0.0262603759765625 -0.00809860229492188 -0.237686157226563 -0.258224487304688
0.0426864624023438 -0.00696945190429688 0.073272705078125 -0.459442138671875
0.0259685516357422 0.0210170745849609 0.552459716796875 -0.344635009765625
-0.0236129760742188 0.00914382934570313 0.69573974609375 0.338134765625
-0.0226364135742188 -0.0530281066894531 0.22845458984375 0.8973388671875
0.0182685852050781 -0.0255031585693359 -0.3441162109375 0.67193603515625
0.0575675964355469 0.00265121459960938 -0.062530517578125 0.105697631835938
0.0301551818847656 -0.0174922943115234 0.466888427734375 -0.505645751953125
0.0187950134277344 -0.0253086090087891 0.0490722656249999 -0.973876953125
-2.12192535400393E-05 -0.00283074378967285 -0.71258544921875 -0.48388671875
0.001373291015625 -0.00389003753662109 -0.62744140625 0.28564453125
0.0398025512695313 -0.0033416748046875 -0.168487548828125 0.5054931640625
0.0173130035400391 -0.00617599487304688 0.217620849609375 0.29278564453125
0.00379180908203125 -0.0271797180175781 0.34332275390625 0.00909423828125
0.0181598663330078 -0.0288238525390625 -0.312164306640625 0.0223693847656251
0.0257930755615234 -0.0183200836181641 -0.246780395507812 -0.2618408203125
0.0512771606445313 -0.0156211853027344 0.06170654296875 -0.461395263671875
0.0420074462890625 0.0171318054199219 0.539642333984375 -0.355316162109375
-0.00599479675292969 0.0216484069824219 0.6978759765625 0.3204345703125
-0.0210895538330078 -0.0271377563476562 0.2435302734375 0.88873291015625
-0.00313472747802734 0.000549077987670899 -0.328125 0.6727294921875
0.0215682983398437 0.0185546875 -0.055389404296875 0.111030578613281
0.00070953369140625 0.0048065185546875 0.4808349609375 -0.496917724609375
0.0155162811279297 0.00192451477050781 0.0732421874999999 -0.97344970703125
0.0151834487915039 0.0138006210327148 -0.70367431640625 -0.49822998046875
0.0198154449462891 -0.00312232971191406 -0.63604736328125 0.271484375
0.0484199523925781 -0.0082855224609375 -0.181610107421875 0.502197265625
0.0217685699462891 -0.0145339965820313 0.2064208984375 0.29083251953125
0.000658035278320312 -0.0284957885742187 0.338287353515625 0.006072998046875
0.0172691345214844 -0.0312576293945313 -0.319732666015625 0.013580322265625
0.0243968963623047 -0.0231609344482422 -0.255035400390625 -0.267868041992188
0.0546684265136719 -0.02001953125 0.05804443359375 -0.46600341796875
0.0534896850585938 0.016357421875 0.5377197265625 -0.35595703125
0.0089111328125 0.032073974609375 0.695068359375 0.3248291015625
-0.0163488388061523 -0.00604915618896484 0.24383544921875 0.887451171875
-0.0188694000244141 0.0235939025878906 -0.31817626953125 0.66400146484375
-0.0102005004882813 0.0333347320556641 -0.0375823974609375 0.105964660644531
-0.0245399475097656 0.0258350372314453 0.491180419921875 -0.501312255859375
0.0121059417724609 0.0270614624023437 0.0708618164062499 -0.9730224609375
0.0266857147216797 0.0278282165527344 -0.703857421875 -0.49285888671875
0.0315971374511719 -0.00323867797851563 -0.63580322265625 0.27496337890625
0.0559768676757813 -0.0128669738769531 -0.185333251953125 0.497039794921875
0.0227584838867188 -0.0205554962158203 0.198516845703125 0.283966064453125
-0.00291824340820313 -0.0345287322998047 0.330780029296875 -0.001251220703125
0.0157623291015625 -0.0308704376220703 -0.328765869140625 0.00210571289062503
0.0258197784423828 -0.0273704528808594 -0.259109497070313 -0.279022216796875
0.0551986694335938 -0.0233726501464844 0.065093994140625 -0.46929931640625
0.0583763122558594 0.0178375244140625 0.54736328125 -0.344970703125
0.0166664123535156 0.0388565063476563 0.6871337890625 0.34405517578125
-0.0137357711791992 0.0128202438354492 0.22564697265625 0.88934326171875
-0.0298500061035156 0.0440330505371094 -0.3155517578125 0.64892578125
-0.0334053039550781 0.0450782775878906 -0.00870513916015626 0.091705322265625
-0.0405502319335937 0.0433769226074219 0.50213623046875 -0.522552490234375
0.00966644287109375 0.0454635620117188 0.0523681640625001 -0.979248046875
0.0347175598144531 0.0394058227539063 -0.7122802734375 -0.47247314453125
0.03912353515625 -0.00336456298828125 -0.626953125 0.283203125
0.0563507080078125 -0.0139808654785156 -0.176483154296875 0.49322509765625
0.0231094360351563 -0.0262050628662109 0.195541381835938 0.273330688476563
-0.00464630126953125 -0.0337562561035156 0.323333740234375 -0.01361083984375
0.0419120788574219 -0.00939559936523438 -0.313812255859375 -0.00335693359374996
0.0190353393554688 0.0169467926025391 -0.2047119140625 -0.2822265625
0.00780677795410157 0.0266799926757813 0.16351318359375 -0.450469970703125
-0.0378189086914063 0.0257339477539063 0.62774658203125 -0.24212646484375
-0.0724334716796875 -0.0336761474609375 0.62701416015625 0.48297119140625
-0.00370788574218749 -0.115333557128906 0.05029296875 0.92431640625
0.085174560546875 -0.0662841796875 -0.395751953125 0.56427001953125
0.140357971191406 -0.0189361572265625 0.0275726318359375 0.0240287780761719
0.0837860107421875 -0.0623855590820313 0.405517578125 -0.628173828125
0.0128097534179687 -0.075927734375 -0.153564453125 -0.950439453125
-0.0543251037597656 -0.0279273986816406 -0.76617431640625 -0.30657958984375
-0.0529670715332031 0.0172462463378906 -0.5234375 0.38568115234375
-0.00122833251953125 0.0184249877929688 -0.062408447265625 0.498779296875
0.00406837463378906 0.0193328857421875 0.2559814453125 0.2451171875
0.0187187194824219 -0.013824462890625 0.33294677734375 -0.035125732421875
0.0386390686035156 -0.0112991333007812 -0.30535888671875 0.011627197265625
0.0215778350830078 0.013641357421875 -0.209518432617188 -0.270263671875
0.0159893035888672 0.0216178894042969 0.14056396484375 -0.44903564453125
-0.0283851623535156 0.0258560180664062 0.604736328125 -0.267333984375
-0.0687370300292969 -0.0264739990234375 0.64337158203125 0.44256591796875
-0.0126190185546875 -0.112258911132813 0.0941772460937501 0.92181396484375
0.0768508911132812 -0.0699310302734375 -0.39105224609375 0.59564208984375
0.137489318847656 -0.0223541259765625 -0.00632095336914061 0.04876708984375
0.0830154418945313 -0.0626144409179687 0.41778564453125 -0.59466552734375
0.017364501953125 -0.0769119262695313 -0.09954833984375 -0.95965576171875
-0.0469589233398437 -0.0311012268066406 -0.75250244140625 -0.35272216796875
-0.0460472106933594 0.00998306274414062 -0.5499267578125 0.361236572265625
0.0037994384765625 0.0143241882324219 -0.087005615234375 0.5009765625
0.00621795654296875 0.0179653167724609 0.25274658203125 0.257171630859375
0.0156850814819336 -0.0135917663574219 0.33709716796875 -0.02264404296875
0.0350570678710938 -0.0164070129394531 -0.302001953125 0.0200805664062501
0.0230426788330078 0.00786781311035156 -0.218307495117188 -0.260818481445313
0.0262470245361328 0.0143165588378906 0.11346435546875 -0.450347900390625
-0.0107383728027344 0.0249195098876953 0.58282470703125 -0.2991943359375
-0.0573043823242188 -0.0163421630859375 0.66510009765625 0.3990478515625
-0.0191726684570313 -0.0979766845703125 0.14630126953125 0.9112548828125
0.0600852966308594 -0.0637245178222656 -0.37628173828125 0.6259765625
0.119361877441406 -0.0188064575195312 -0.0348968505859375 0.0740890502929688
0.072845458984375 -0.054412841796875 0.431243896484375 -0.557159423828125
0.019775390625 -0.0679931640625 -0.0475463867187499 -0.96368408203125
-0.0340442657470703 -0.0280685424804688 -0.73858642578125 -0.3990478515625
-0.0331859588623047 0.00422859191894531 -0.5767822265625 0.33441162109375
0.0129518508911133 0.00788688659667969 -0.114105224609375 0.50347900390625
0.0100059509277344 0.012333869934082 0.24200439453125 0.2720947265625
0.0111446380615234 -0.016230583190918 0.34259033203125 -0.00958251953125
0.0303993225097656 -0.0198173522949219 -0.301605224609375 0.02667236328125
0.0248279571533203 -0.00119209289550781 -0.228134155273438 -0.255859375
0.0347576141357422 0.00357246398925781 0.090362548828125 -0.453582763671875
0.00773429870605468 0.0228080749511719 0.56182861328125 -0.326812744140625
-0.0406608581542969 -0.00405120849609374 0.68212890625 0.35888671875
-0.02423095703125 -0.0772018432617188 0.19488525390625 0.89886474609375
0.0381355285644531 -0.0478286743164063 -0.359619140625 0.65087890625
0.0908584594726563 -0.0111770629882813 -0.054107666015625 0.0941314697265625
0.0548744201660156 -0.0374107360839844 0.445648193359375 -0.5267333984375
0.0209808349609375 -0.0499916076660156 0.000183105468750091 -0.967529296875
-0.0189857482910156 -0.0191154479980469 -0.72247314453125 -0.442138671875
-0.0169582366943359 -1.0490417480471E-05 -0.60186767578125 0.3115234375
0.0255470275878906 0.00214385986328125 -0.139190673828125 0.50396728515625
0.0143489837646484 0.00300884246826172 0.23089599609375 0.282623291015625
0.00692939758300781 -0.0204524993896484 0.34454345703125 -0.001312255859375
0.0249061584472656 -0.0251998901367188 -0.304046630859375 0.0277404785156251
0.025482177734375 -0.00907516479492188 -0.2396240234375 -0.254058837890625
0.0441055297851563 -0.006744384765625 0.070220947265625 -0.454986572265625
0.0269374847412109 0.0195503234863281 0.54290771484375 -0.3450927734375
-0.022003173828125 0.00996208190917968 0.693359375 0.32916259765625
-0.0241622924804687 -0.0522384643554688 0.2305908203125 0.887939453125
0.0180702209472656 -0.0254669189453125 -0.33831787109375 0.66729736328125
0.0579032897949219 0.00313949584960938 -0.0616836547851562 0.106193542480469
0.0295810699462891 -0.0175399780273438 0.459381103515625 -0.505096435546875
0.0195064544677734 -0.0243740081787109 0.0380859375000001 -0.97052001953125
-0.000283002853393555 -0.00284910202026367 -0.70947265625 -0.4752197265625
0.00122356414794922 -0.002777099609375 -0.621337890625 0.28851318359375
0.0386009216308594 -0.0041961669921875 -0.161468505859375 0.503143310546875
0.0189971923828125 -0.00631141662597656 0.217529296875 0.28826904296875
0.00372886657714844 -0.0251312255859375 0.341522216796875 0.004669189453125
0.0203189849853516 -0.0285167694091797 -0.309478759765625 0.02471923828125
0.0254688262939453 -0.0171623229980469 -0.247970581054688 -0.256622314453125
0.0499038696289063 -0.016021728515625 0.057586669921875 -0.4566650390625
0.0434303283691406 0.0176773071289063 0.53265380859375 -0.35479736328125
-0.00440788269042969 0.0208530426025391 0.6962890625 0.31207275390625
-0.0210475921630859 -0.0270061492919922 0.249755859375 0.881103515625
-0.00223255157470703 0.00158596038818359 -0.32391357421875 0.67083740234375
0.0218334197998047 0.0177555084228516 -0.0548782348632813 0.109939575195312
0.00188255310058594 0.00491619110107422 0.47259521484375 -0.494537353515625
0.0153656005859375 0.00212001800537109 0.0634765625 -0.9676513671875
0.0150299072265625 0.0119113922119141 -0.702392578125 -0.48736572265625
0.0199546813964844 -0.00363922119140625 -0.6287841796875 0.27764892578125
0.0476150512695313 -0.0081024169921875 -0.17498779296875 0.4970703125
0.0216178894042969 -0.0135040283203125 0.20916748046875 0.28802490234375
-0.00146865844726562 -0.0293922424316406 0.336578369140625 0.001983642578125
0.0168743133544922 -0.0300102233886719 -0.317718505859375 0.017852783203125
0.0260372161865234 -0.02362060546875 -0.255874633789062 -0.262130737304688
0.0541763305664063 -0.0206756591796875 0.052825927734375 -0.462799072265625
0.0530586242675781 0.0160446166992188 0.531829833984375 -0.357421875
0.00850677490234375 0.0305271148681641 0.69293212890625 0.31622314453125
-0.0160608291625977 -0.00508403778076172 0.24969482421875 0.8775634765625
-0.0181198120117188 0.0257835388183594 -0.31109619140625 0.66094970703125
-0.00870895385742188 0.0331439971923828 -0.0365524291992188 0.105690002441406
-0.0224246978759766 0.0267219543457031 0.484832763671875 -0.50201416015625
0.0120601654052734 0.0258331298828125 0.0650634765624999 -0.96820068359375
0.0275936126708984 0.0280036926269531 -0.702392578125 -0.48382568359375
0.0320415496826172 -0.00277519226074219 -0.6287841796875 0.277587890625
0.0555610656738281 -0.0126724243164063 -0.177825927734375 0.494140625
0.0223846435546875 -0.0227928161621094 0.200225830078125 0.281646728515625
-0.0038299560546875 -0.032562255859375 0.32891845703125 -0.004180908203125
0.0155143737792969 -0.0325164794921875 -0.32720947265625 0.00708007812500002
0.0257091522216797 -0.0272083282470703 -0.261871337890625 -0.272689819335938
0.0555267333984375 -0.0230674743652344 0.058868408203125 -0.464935302734375
0.05914306640625 0.0179786682128906 0.54193115234375 -0.3458251953125
0.0163154602050781 0.0368194580078125 0.68408203125 0.3359375
-0.0125322341918945 0.0127973556518555 0.23406982421875 0.884033203125
-0.0289955139160156 0.0449142456054688 -0.306396484375 0.646484375
-0.0312461853027344 0.0468673706054688 -0.00811004638671875 0.0910797119140625
-0.0380096435546875 0.044891357421875 0.493621826171875 -0.522796630859375
0.0112075805664063 0.0438880920410156 0.04669189453125 -0.97283935546875
0.0335617065429688 0.0379562377929688 -0.70806884765625 -0.46331787109375
0.0376319885253906 -0.00225830078125 -0.619140625 0.287353515625
0.055999755859375 -0.0148239135742188 -0.169952392578125 0.489715576171875
0.0230579376220703 -0.0259990692138672 0.19720458984375 0.270004272460938
-0.00499343872070313 -0.0335922241210937 0.321380615234375 -0.018402099609375
0.0420570373535156 -0.00936126708984375 -0.311981201171875 0.00103759765624999
0.0183696746826172 0.0169563293457031 -0.204574584960938 -0.277023315429687
0.00876617431640625 0.0271091461181641 0.15863037109375 -0.4473876953125
-0.0371208190917969 0.0250663757324219 0.619873046875 -0.24267578125
-0.0723342895507812 -0.0329055786132813 0.62481689453125 0.47662353515625
-0.00553131103515625 -0.114776611328125 0.05767822265625 0.917724609375
0.0858001708984375 -0.0662765502929688 -0.391448974609375 0.561920166015625
0.139503479003906 -0.0193099975585938 0.0264968872070313 0.0243473052978516
0.0838699340820313 -0.0612106323242187 0.39898681640625 -0.62518310546875
0.013031005859375 -0.0760345458984375 -0.156494140625 -0.94219970703125
-0.0536346435546875 -0.0280494689941406 -0.7603759765625 -0.29833984375
-0.0520858764648438 0.0161056518554688 -0.517791748046875 0.38604736328125
-0.00205898284912109 0.0173416137695313 -0.058258056640625 0.494537353515625
0.00366401672363281 0.02032470703125 0.256759643554688 0.240097045898438
0.0173168182373047 -0.0129451751708984 0.330322265625 -0.039520263671875
0.0367889404296875 -0.0111846923828125 -0.302520751953125 0.014129638671875
0.0211582183837891 0.0136680603027344 -0.210678100585937 -0.264556884765625
0.0159244537353516 0.021759033203125 0.1351318359375 -0.446075439453125
-0.0264778137207031 0.0246734619140625 0.5992431640625 -0.27020263671875
-0.0676345825195312 -0.0268402099609375 0.64190673828125 0.43719482421875
-0.0135498046875 -0.111625671386719 0.0999755859375001 0.9151611328125
0.076446533203125 -0.0697555541992188 -0.3853759765625 0.59375
0.136039733886719 -0.0204544067382812 -0.00683975219726561 0.0477180480957031
0.0830230712890625 -0.0624771118164062 0.41009521484375 -0.59283447265625
0.01611328125 -0.0756072998046875 -0.10504150390625 -0.95440673828125
-0.0475425720214844 -0.0295867919921875 -0.74957275390625 -0.34649658203125
-0.0455665588378906 0.0105857849121094 -0.5438232421875 0.361328125
0.00297451019287109 0.0152645111083984 -0.08233642578125 0.497344970703125
0.00615596771240234 0.0170459747314453 0.251312255859375 0.2525634765625
0.0129327774047852 -0.0138978958129883 0.3353271484375 -0.025604248046875
0.033294677734375 -0.0157241821289063 -0.299407958984375 0.02313232421875
0.0229625701904297 0.00795555114746094 -0.21875 -0.258224487304688
0.0261459350585938 0.0145931243896484 0.111175537109375 -0.447906494140625
-0.0106563568115234 0.0238361358642578 0.5760498046875 -0.300537109375
-0.05584716796875 -0.0157508850097656 0.66375732421875 0.3927001953125
-0.0195846557617188 -0.0987701416015625 0.1517333984375 0.90362548828125
0.0587234497070312 -0.0646858215332031 -0.373291015625 0.6236572265625
0.118576049804688 -0.019775390625 -0.035797119140625 0.0729141235351563
0.0734939575195312 -0.053924560546875 0.4244384765625 -0.555389404296875
0.0197296142578125 -0.0678672790527344 -0.0528564453124999 -0.95660400390625
-0.0347213745117188 -0.0280036926269531 -0.7337646484375 -0.392822265625
-0.0344505310058594 0.00483703613281249 -0.57000732421875 0.33642578125
0.012721061706543 0.00801277160644531 -0.108184814453125 0.50152587890625
0.00993633270263672 0.011845588684082 0.242919921875 0.268905639648438
0.0108718872070313 -0.016413688659668 0.341796875 -0.01214599609375
0.0292282104492188 -0.0208892822265625 -0.300079345703125 0.029693603515625
0.0258140563964844 -0.00124359130859375 -0.228195190429688 -0.250411987304687
0.0345268249511719 0.00278282165527344 0.08624267578125 -0.4505615234375
0.00898551940917969 0.0224571228027344 0.5535888671875 -0.3275146484375
-0.0405120849609375 -0.00273513793945313 0.67950439453125 0.3533935546875
-0.0246658325195313 -0.0772323608398437 0.196533203125 0.89178466796875
0.0376358032226562 -0.0476455688476562 -0.35211181640625 0.64569091796875
0.0913619995117188 -0.0100936889648438 -0.0543975830078125 0.0939407348632813
0.0540313720703125 -0.0373382568359375 0.439788818359375 -0.52386474609375
0.0204811096191406 -0.0496864318847656 -0.00384521484374994 -0.95648193359375
-0.01800537109375 -0.0187110900878906 -0.71929931640625 -0.43438720703125
-0.0178318023681641 -7.62939453125033E-05 -0.59283447265625 0.3115234375
0.0252609252929687 0.00175666809082031 -0.1337890625 0.50079345703125
0.0147199630737305 0.00428009033203125 0.22998046875 0.279342651367188
0.00670051574707031 -0.021026611328125 0.34124755859375 -0.003173828125
0.0232067108154297 -0.0244045257568359 -0.30194091796875 0.0304565429687499
0.0247154235839844 -0.00961112976074219 -0.240936279296875 -0.248687744140625
0.0436859130859375 -0.00719833374023438 0.0662841796875 -0.4515380859375
0.0268516540527344 0.0196514129638672 0.536773681640625 -0.34625244140625
-0.0217227935791016 0.00844573974609375 0.6895751953125 0.324462890625
-0.0244712829589844 -0.052520751953125 0.23358154296875 0.882080078125
0.0169219970703125 -0.0242195129394531 -0.332275390625 0.66436767578125
0.0583953857421875 0.00182723999023438 -0.06036376953125 0.106163024902344
0.0300159454345703 -0.0165290832519531 0.4530029296875 -0.5029296875
0.0175838470458984 -0.0238685607910156 0.0343017578125001 -0.96240234375
-0.000303268432617188 -0.00510835647583008 -0.706787109375 -0.4666748046875
0.00161290168762207 -0.00241684913635254 -0.61187744140625 0.2916259765625
0.0371322631835938 -0.00454330444335938 -0.15692138671875 0.498779296875
0.0194473266601563 -0.00475692749023438 0.220611572265625 0.284912109375
0.00204277038574219 -0.0249767303466797 0.33868408203125 0.002166748046875
0.0199604034423828 -0.0290851593017578 -0.30804443359375 0.0277404785156251
0.0255508422851563 -0.0177078247070313 -0.250473022460938 -0.249618530273437
0.0493011474609375 -0.0156021118164063 0.05242919921875 -0.4525146484375
0.0426864624023437 0.0165214538574219 0.527496337890625 -0.357452392578125
-0.0044097900390625 0.021026611328125 0.6923828125 0.30902099609375
-0.021026611328125 -0.0261592864990234 0.25250244140625 0.8714599609375
-0.00202488899230957 0.000523686408996582 -0.317138671875 0.66619873046875
0.0235004425048828 0.0177040100097656 -0.0547561645507813 0.111114501953125
0.00343608856201172 0.00550651550292969 0.467864990234375 -0.4931640625
0.0160322189331055 0.00125694274902344 0.0598754882812501 -0.96087646484375
0.0154151916503906 0.0120077133178711 -0.697509765625 -0.4801025390625
0.0202350616455078 -0.00363922119140625 -0.6217041015625 0.279541015625
0.0466804504394531 -0.0101661682128906 -0.169036865234375 0.495025634765625
0.0222511291503906 -0.0144748687744141 0.208587646484375 0.28326416015625
-0.00220680236816406 -0.0287303924560547 0.334197998046875 -0.000244140625000002
0.0167388916015625 -0.0320224761962891 -0.31597900390625 0.01904296875
0.0258312225341797 -0.0244979858398438 -0.257095336914062 -0.256668090820313
0.0531539916992187 -0.020904541015625 0.05047607421875 -0.457000732421875
0.0547065734863281 0.0155029296875 0.525787353515625 -0.35858154296875
0.00932884216308594 0.0295639038085937 0.68988037109375 0.3123779296875
-0.0171804428100586 -0.00605392456054687 0.2529296875 0.86981201171875
-0.0176467895507813 0.0251750946044922 -0.3052978515625 0.66009521484375
-0.00898170471191406 0.0336627960205078 -0.037017822265625 0.104667663574219
-0.0218887329101563 0.02655029296875 0.478057861328125 -0.49835205078125
0.0125026702880859 0.025299072265625 0.05938720703125 -0.96307373046875
0.0256824493408203 0.0284843444824219 -0.6995849609375 -0.47760009765625
0.0316276550292969 -0.00293159484863281 -0.62109375 0.27880859375
0.05426025390625 -0.0137939453125 -0.17132568359375 0.48944091796875
0.0231513977050781 -0.02154541015625 0.20123291015625 0.276382446289063
-0.00399971008300781 -0.0320529937744141 0.327880859375 -0.007904052734375
0.0151863098144531 -0.0326366424560547 -0.32379150390625 0.00924682617187494
0.0257511138916016 -0.0288944244384766 -0.261581420898438 -0.26593017578125
0.0544815063476563 -0.0242881774902344 0.055389404296875 -0.460296630859375
0.05999755859375 0.0170745849609375 0.5362548828125 -0.34735107421875
0.0165138244628906 0.0360870361328125 0.6834716796875 0.33056640625
-0.0130987167358398 0.0117626190185547 0.236328125 0.87347412109375
-0.0277328491210938 0.0441398620605469 -0.30194091796875 0.64385986328125
-0.0307159423828125 0.0464706420898437 -0.00836944580078126 0.090484619140625
-0.0370597839355469 0.04547119140625 0.486236572265625 -0.519683837890625
0.01025390625 0.0435523986816406 0.039794921875 -0.96710205078125
0.0351333618164063 0.0380401611328125 -0.70684814453125 -0.45458984375
0.0381736755371094 -0.001495361328125 -0.61187744140625 0.28961181640625
0.0555343627929688 -0.0150718688964844 -0.163726806640625 0.48504638671875
0.0219326019287109 -0.0257511138916016 0.198837280273438 0.2659912109375
-0.00636863708496094 -0.0332832336425781 0.31829833984375 -0.020233154296875
0.0421028137207031 -0.00966262817382813 -0.310455322265625 0.00292968749999999
0.0184421539306641 0.0155887603759766 -0.206985473632813 -0.271926879882812
0.00961494445800781 0.0256118774414063 0.156463623046875 -0.443603515625
-0.0367202758789063 0.0261306762695312 0.61669921875 -0.2437744140625
-0.071197509765625 -0.031951904296875 0.622802734375 0.4715576171875
-0.00549316406250001 -0.114494323730469 0.0596313476562501 0.91162109375
0.0840606689453125 -0.065277099609375 -0.38616943359375 0.559661865234375
0.138038635253906 -0.0198593139648437 0.0247459411621094 0.0248737335205078
0.0831069946289063 -0.0606613159179688 0.39373779296875 -0.6209716796875
0.0124053955078125 -0.0747299194335937 -0.15875244140625 -0.9365234375
-0.0526123046875 -0.0267257690429687 -0.7572021484375 -0.29376220703125
-0.0520362854003906 0.0161476135253906 -0.511749267578125 0.382781982421875
-0.00224781036376953 0.0171232223510742 -0.05401611328125 0.4891357421875
0.00426864624023438 0.0201911926269531 0.255203247070313 0.237823486328125
0.0165624618530273 -0.0128374099731445 0.328033447265625 -0.0399169921875
0.0375099182128906 -0.0115928649902344 -0.300994873046875 0.01666259765625
0.0209808349609375 0.0135860443115234 -0.212326049804688 -0.26129150390625
0.01593017578125 0.0215873718261719 0.133697509765625 -0.4423828125
-0.0252685546875 0.0264148712158203 0.59429931640625 -0.2706298828125
-0.0675849914550781 -0.0264244079589844 0.640380859375 0.4327392578125
-0.0133819580078125 -0.111137390136719 0.1021728515625 0.908447265625
0.0744781494140625 -0.0694427490234375 -0.38128662109375 0.592041015625
0.135498046875 -0.0224075317382813 -0.00591278076171874 0.0496597290039063
0.0829925537109375 -0.0613861083984375 0.40380859375 -0.59014892578125
0.0174636840820313 -0.0768814086914063 -0.10638427734375 -0.9478759765625
-0.0474739074707031 -0.0308036804199219 -0.74188232421875 -0.339111328125
-0.0456581115722656 0.0117111206054687 -0.5357666015625 0.3626708984375
0.00399303436279297 0.0139007568359375 -0.07891845703125 0.494110107421875
0.00594425201416016 0.0163660049438477 0.252227783203125 0.249542236328125
0.0138835906982422 -0.0127620697021484 0.333038330078125 -0.027923583984375
0.03387451171875 -0.0164089202880859 -0.298614501953125 0.025360107421875
0.0235881805419922 0.00586318969726563 -0.219635009765625 -0.251388549804687
0.0252895355224609 0.013519287109375 0.108856201171875 -0.444061279296875
-0.0100326538085937 0.0243053436279297 0.57122802734375 -0.29974365234375
-0.0550384521484375 -0.0151329040527344 0.66015625 0.386962890625
-0.0222396850585937 -0.0978851318359375 0.154052734375 0.89599609375
0.0584754943847656 -0.0624351501464844 -0.3673095703125 0.6209716796875
0.119239807128906 -0.0191726684570313 -0.0348968505859375 0.073883056640625
0.0731277465820313 -0.0524826049804688 0.417694091796875 -0.553955078125
0.0192222595214844 -0.0676994323730469 -0.0557861328125 -0.95062255859375
-0.0349292755126953 -0.0273323059082031 -0.72943115234375 -0.38629150390625
-0.0337162017822266 0.00524139404296875 -0.56439208984375 0.33673095703125
0.012333869934082 0.00821113586425781 -0.104339599609375 0.4971923828125
0.0111713409423828 0.0114641189575195 0.242645263671875 0.265472412109375
0.00997447967529297 -0.0156145095825195 0.338470458984375 -0.014923095703125
0.0295295715332031 -0.0200042724609375 -0.297576904296875 0.03192138671875
0.0259037017822266 -0.00225448608398437 -0.2288818359375 -0.24658203125
0.0349597930908203 0.00262641906738281 0.082427978515625 -0.44525146484375
0.00972557067871094 0.0209941864013672 0.548431396484375 -0.328094482421875
-0.0383110046386719 -0.00287628173828125 0.67816162109375 0.34814453125
-0.0256271362304688 -0.077423095703125 0.20208740234375 0.88446044921875
0.0371513366699219 -0.0463485717773438 -0.34747314453125 0.64410400390625
0.0913467407226562 -0.0107040405273437 -0.0534744262695312 0.0941619873046875
0.0549964904785156 -0.0365028381347656 0.4329833984375 -0.5235595703125
0.0204048156738281 -0.0487747192382812 -0.00573730468749993 -0.95330810546875
-0.0179100036621094 -0.0188007354736328 -0.716552734375 -0.4283447265625
-0.017399787902832 0.000215530395507813 -0.58734130859375 0.31134033203125
0.0252189636230469 0.00191497802734375 -0.129150390625 0.4986572265625
0.0149316787719727 0.00406742095947266 0.231338500976563 0.276702880859375
0.00588226318359375 -0.0200614929199219 0.338531494140625 -0.005462646484375
0.0239353179931641 -0.0259952545166016 -0.30010986328125 0.033050537109375
0.0249595642089844 -0.0102806091308594 -0.24053955078125 -0.244049072265625
0.0428924560546875 -0.00734710693359375 0.0635070800781251 -0.447235107421875
0.0282955169677734 0.0187168121337891 0.53179931640625 -0.345916748046875
-0.021240234375 0.00909805297851562 0.6856689453125 0.3187255859375
-0.0247039794921875 -0.052825927734375 0.23712158203125 0.87310791015625
0.0163974761962891 -0.0239810943603516 -0.32794189453125 0.66046142578125
0.0570564270019531 0.00342178344726563 -0.0606689453125 0.107467651367187
0.0300807952880859 -0.0167884826660156 0.4459228515625 -0.500457763671875
0.0189857482910156 -0.0252017974853516 0.0311889648437499 -0.95440673828125
-0.00070333480834961 -0.00397825241088867 -0.70184326171875 -0.45892333984375
0.00187373161315918 -0.00255894660949707 -0.6043701171875 0.2926025390625
0.0364265441894531 -0.00496292114257813 -0.150634765625 0.49652099609375
0.0181694030761719 -0.005767822265625 0.220428466796875 0.281280517578125
0.000459671020507811 -0.0246963500976562 0.337860107421875 -0.000762939453125001
0.0191059112548828 -0.0292720794677734 -0.3067626953125 0.0288391113281249
0.0252151489257813 -0.0174484252929688 -0.250839233398438 -0.2462158203125
0.0504684448242187 -0.0177879333496094 0.05108642578125 -0.45001220703125
0.0418319702148438 0.0158424377441406 0.5218505859375 -0.354583740234375
-0.00394248962402344 0.0207538604736328 0.69000244140625 0.30328369140625
-0.0212631225585938 -0.0268363952636719 0.25482177734375 0.8651123046875
-0.00159752368927002 0.000270843505859375 -0.313232421875 0.66400146484375
0.0223522186279297 0.0171051025390625 -0.055084228515625 0.111495971679688
0.00299072265625 0.00601673126220703 0.460601806640625 -0.49090576171875
0.0154476165771484 0.00194263458251953 0.0564575195312501 -0.95355224609375
0.014613151550293 0.0129766464233398 -0.69549560546875 -0.472900390625
0.0179157257080078 -0.0019989013671875 -0.61456298828125 0.2801513671875
0.0467643737792969 -0.00848388671875 -0.16375732421875 0.493072509765625
0.0214500427246094 -0.0128974914550781 0.208343505859375 0.280685424804687
-0.00309371948242188 -0.0277996063232422 0.33197021484375 -0.003692626953125
0.0162448883056641 -0.0326786041259766 -0.31390380859375 0.02264404296875
0.0254497528076172 -0.0242137908935547 -0.257705688476562 -0.251602172851563
0.05389404296875 -0.0215721130371094 0.045867919921875 -0.45159912109375
0.0542869567871094 0.015167236328125 0.51995849609375 -0.355499267578125
0.0104026794433594 0.0304355621337891 0.68658447265625 0.30682373046875
-0.0160760879516602 -0.00476837158203125 0.2554931640625 0.863037109375
-0.0187263488769531 0.0250244140625 -0.30078125 0.654052734375
-0.00786781311035156 0.0342006683349609 -0.0363845825195313 0.106437683105469
-0.0208492279052734 0.0278091430664062 0.47235107421875 -0.497039794921875
0.012176513671875 0.0250225067138672 0.0557861328125001 -0.954833984375
0.0265102386474609 0.0272712707519531 -0.696044921875 -0.47003173828125
0.0316066741943359 -0.00306320190429688 -0.61590576171875 0.27899169921875
0.0541496276855469 -0.0123100280761719 -0.1666259765625 0.487518310546875
0.0226364135742187 -0.0214939117431641 0.201217651367188 0.274810791015625
-0.0050048828125 -0.0317440032958984 0.325408935546875 -0.01116943359375
0.0151081085205078 -0.0319919586181641 -0.323089599609375 0.010772705078125
0.0251255035400391 -0.0282764434814453 -0.2630615234375 -0.262008666992188
0.0548362731933594 -0.0238723754882812 0.0523681640625 -0.457061767578125
0.0601730346679687 0.01605224609375 0.53125 -0.347442626953125
0.0178375244140625 0.0362434387207031 0.67889404296875 0.324951171875
-0.0129871368408203 0.0112829208374023 0.236572265625 0.86639404296875
-0.0278549194335937 0.0448951721191406 -0.2972412109375 0.6397705078125
-0.0292701721191406 0.0461463928222656 -0.00878906250000001 0.0916290283203125
-0.0368232727050781 0.0454902648925781 0.479705810546875 -0.516876220703125
0.0118408203125 0.0440254211425781 0.03851318359375 -0.9578857421875
0.0346755981445313 0.0375823974609375 -0.703369140625 -0.44769287109375
0.0377311706542969 -0.00220108032226563 -0.60662841796875 0.29229736328125
0.0553436279296875 -0.0152397155761719 -0.159637451171875 0.4837646484375
0.0221481323242188 -0.024993896484375 0.199172973632813 0.263885498046875
-0.00631332397460938 -0.0324935913085938 0.317718505859375 -0.022369384765625
0.0414009094238281 -0.00999069213867188 -0.308563232421875 0.00381469726562494
0.0183658599853516 0.0147190093994141 -0.205902099609375 -0.268020629882813
0.00918960571289062 0.0257797241210938 0.15362548828125 -0.4410400390625
-0.0348567962646484 0.0252418518066406 0.61285400390625 -0.24285888671875
-0.0718154907226563 -0.0318450927734375 0.6202392578125 0.46759033203125
-0.00571441650390625 -0.114212036132813 0.0603637695312499 0.90496826171875
0.0834503173828125 -0.0647735595703125 -0.383453369140625 0.557525634765625
0.138450622558594 -0.017822265625 0.0252952575683594 0.0254287719726563
0.0823287963867188 -0.059906005859375 0.39031982421875 -0.6175537109375
0.0141677856445312 -0.074951171875 -0.1590576171875 -0.929931640625
-0.0536460876464844 -0.0264625549316406 -0.752685546875 -0.28936767578125
-0.0515213012695312 0.0176010131835938 -0.5064697265625 0.382354736328125
-0.00238037109375 0.0168857574462891 -0.051055908203125 0.48651123046875
0.00451278686523437 0.0194244384765625 0.255569458007813 0.235748291015625
0.0165834426879883 -0.0124664306640625 0.326690673828125 -0.040679931640625
0.0369834899902344 -0.0121307373046875 -0.299285888671875 0.0186462402343749
0.0206203460693359 0.0126094818115234 -0.210601806640625 -0.256683349609375
0.0159378051757813 0.0208549499511719 0.131805419921875 -0.438201904296875
-0.0247211456298828 0.0258960723876953 0.59039306640625 -0.2711181640625
-0.0663871765136719 -0.0255546569824219 0.636962890625 0.4293212890625
-0.0146026611328125 -0.111190795898438 0.1033935546875 0.9022216796875
0.0746383666992188 -0.0682296752929688 -0.37884521484375 0.58935546875
0.13433837890625 -0.0229339599609375 -0.00806045532226561 0.0499153137207031
0.0819473266601563 -0.06072998046875 0.40203857421875 -0.58514404296875
0.01690673828125 -0.075897216796875 -0.109130859375 -0.94024658203125
-0.0473556518554688 -0.0305252075195312 -0.7396240234375 -0.33782958984375
-0.04559326171875 0.0118751525878906 -0.531463623046875 0.35992431640625
0.00316524505615234 0.0132255554199219 -0.074737548828125 0.490814208984375
0.00739669799804688 0.0172157287597656 0.250762939453125 0.247711181640625
0.0140724182128906 -0.0120506286621094 0.33148193359375 -0.0286865234375
0.0332984924316406 -0.0164833068847656 -0.29766845703125 0.026885986328125
0.0225906372070312 0.00714874267578125 -0.218994140625 -0.248275756835938
0.0257415771484375 0.0122699737548828 0.105377197265625 -0.440185546875
-0.00863075256347656 0.0231170654296875 0.56646728515625 -0.3009033203125
-0.0554084777832031 -0.0155982971191406 0.6578369140625 0.3841552734375
-0.0222091674804687 -0.0968093872070313 0.1534423828125 0.89056396484375
0.0577354431152344 -0.062225341796875 -0.364501953125 0.61810302734375
0.118392944335937 -0.0191726684570312 -0.0358123779296875 0.0740890502929688
0.0729904174804688 -0.052276611328125 0.415283203125 -0.54913330078125
0.02001953125 -0.066497802734375 -0.0555419921875001 -0.9437255859375
-0.0338954925537109 -0.027984619140625 -0.72723388671875 -0.38165283203125
-0.0333843231201172 0.00558090209960938 -0.559173583984375 0.33502197265625
0.0125179290771484 0.00759315490722656 -0.10076904296875 0.493865966796875
0.0105247497558594 0.0112476348876953 0.242874145507813 0.26336669921875
0.00985527038574219 -0.0154628753662109 0.336700439453125 -0.0166015625
0.0274734497070313 -0.0211906433105469 -0.295928955078125 0.032958984375
0.0247669219970703 -0.00146484375 -0.22869873046875 -0.2420654296875
0.0349483489990234 0.00239181518554688 0.08074951171875 -0.44024658203125
0.00943756103515625 0.0209331512451172 0.54632568359375 -0.3265380859375
-0.0395927429199219 -0.0029296875 0.6741943359375 0.34429931640625
-0.0252914428710938 -0.077239990234375 0.200439453125 0.87890625
0.0372505187988281 -0.046112060546875 -0.34521484375 0.64306640625
0.0903244018554687 -0.009613037109375 -0.0543670654296875 0.095306396484375
0.0552635192871094 -0.0370674133300781 0.4293212890625 -0.5194091796875
0.0208091735839844 -0.0487556457519531 -0.00646972656250001 -0.9471435546875
-0.01763916015625 -0.0185699462890625 -0.71099853515625 -0.42535400390625
-0.0166311264038086 0.00121212005615235 -0.58233642578125 0.31158447265625
0.0239238739013672 0.00195693969726563 -0.127532958984375 0.4932861328125
0.0145206451416016 0.00409603118896484 0.231353759765625 0.272933959960938
0.00595474243164063 -0.0190353393554688 0.33721923828125 -0.006927490234375
0.0231342315673828 -0.0257377624511719 -0.29913330078125 0.03424072265625
0.0253410339355469 -0.0107440948486328 -0.238967895507813 -0.239776611328125
0.0431022644042969 -0.0081024169921875 0.060302734375 -0.44317626953125
0.0277214050292969 0.0183677673339844 0.529083251953125 -0.345306396484375
-0.0213222503662109 0.00988006591796875 0.68310546875 0.3155517578125
-0.0260276794433594 -0.0521926879882813 0.236572265625 0.86737060546875
0.0166149139404297 -0.0239105224609375 -0.326416015625 0.6568603515625
0.0581779479980469 0.00254440307617188 -0.0608444213867188 0.107307434082031
0.0306816101074219 -0.0158767700195313 0.443267822265625 -0.49871826171875
0.0193901062011719 -0.0246715545654297 0.03167724609375 -0.9490966796875
-0.000919342041015625 -0.00447559356689453 -0.6993408203125 -0.45599365234375
0.000973105430603027 -0.00114095211029053 -0.60009765625 0.29193115234375
0.036956787109375 -0.0056304931640625 -0.148101806640625 0.493133544921875
0.01812744140625 -0.00677490234375 0.219680786132813 0.2789306640625
0.000764846801757812 -0.0238494873046875 0.33502197265625 -0.001922607421875
0.0181465148925781 -0.0297527313232422 -0.30450439453125 0.03240966796875
0.0256824493408203 -0.0184993743896484 -0.249862670898437 -0.242263793945312
0.0488433837890625 -0.016937255859375 0.04962158203125 -0.444854736328125
0.043792724609375 0.0164299011230469 0.518157958984375 -0.35430908203125
-0.0035400390625 0.0210494995117187 0.68719482421875 0.298828125
-0.0219821929931641 -0.0271987915039063 0.25341796875 0.85906982421875
-0.00251674652099609 0.00219845771789551 -0.31024169921875 0.660400390625
0.0234966278076172 0.0174922943115234 -0.0550689697265625 0.111259460449219
0.0034327507019043 0.00687837600708008 0.4561767578125 -0.486907958984375
0.0156221389770508 0.00139045715332031 0.0545043945312501 -0.94989013671875
0.0155715942382813 0.0123128890991211 -0.69024658203125 -0.46826171875
0.0181369781494141 -0.00317955017089844 -0.60888671875 0.2801513671875
0.0468177795410156 -0.0102462768554688 -0.160675048828125 0.488739013671875
0.021881103515625 -0.0142402648925781 0.209426879882813 0.277862548828125
-0.00319480895996094 -0.027374267578125 0.330535888671875 -0.003570556640625
0.0154056549072266 -0.0324840545654297 -0.311553955078125 0.0232849121093749
0.0240097045898437 -0.0251445770263672 -0.25677490234375 -0.248794555664062
0.0528640747070313 -0.0224380493164063 0.044647216796875 -0.448760986328125
0.0548362731933594 0.01446533203125 0.515045166015625 -0.354949951171875
0.00982093811035156 0.0302524566650391 0.68475341796875 0.30242919921875
-0.0172634124755859 -0.00463581085205078 0.25482177734375 0.85772705078125
-0.0167865753173828 0.0256156921386719 -0.29901123046875 0.651611328125
-0.00650405883789063 0.0327701568603516 -0.0371627807617188 0.105560302734375
-0.0198154449462891 0.0278739929199219 0.46917724609375 -0.49395751953125
0.0129604339599609 0.0254955291748047 0.053466796875 -0.9498291015625
0.0275783538818359 0.0269279479980469 -0.69146728515625 -0.467041015625
0.0311279296875 -0.00202560424804688 -0.6090087890625 0.28009033203125
0.0521240234375 -0.0134506225585938 -0.16424560546875 0.48382568359375
0.0236568450927734 -0.0209426879882813 0.200836181640625 0.272491455078125
-0.00661468505859375 -0.0303459167480469 0.32293701171875 -0.0123291015625
0.0135021209716797 -0.0334129333496094 -0.320556640625 0.014068603515625
0.0249977111816406 -0.0278987884521484 -0.262725830078125 -0.257568359375
0.054443359375 -0.02423095703125 0.05029296875 -0.452606201171875
0.0599632263183594 0.0154991149902344 0.52606201171875 -0.344940185546875
0.0168418884277344 0.0366706848144531 0.67523193359375 0.32135009765625
-0.0135955810546875 0.0104169845581055 0.23785400390625 0.86181640625
-0.0275955200195313 0.0443038940429688 -0.295654296875 0.636962890625
-0.0284080505371094 0.0454330444335938 -0.00923919677734376 0.090850830078125
-0.0357933044433594 0.0449600219726563 0.4752197265625 -0.51519775390625
0.011749267578125 0.0429763793945313 0.0352783203125001 -0.95269775390625
0.0350990295410156 0.0363693237304688 -0.69873046875 -0.44525146484375
0.037139892578125 -0.00181198120117188 -0.6005859375 0.29083251953125
0.0546646118164063 -0.0161323547363281 -0.156005859375 0.479705810546875
0.0221042633056641 -0.0257091522216797 0.197265625 0.2618408203125
-0.00730514526367188 -0.0320510864257813 0.316070556640625 -0.023040771484375
0.0412483215332031 -0.0107307434082031 -0.30718994140625 0.00573730468750002
0.0184268951416016 0.0155315399169922 -0.20635986328125 -0.265228271484375
0.00934791564941406 0.0248870849609375 0.15362548828125 -0.437042236328125
-0.0348300933837891 0.0247249603271484 0.60760498046875 -0.24334716796875
-0.0702857971191406 -0.0315361022949219 0.61859130859375 0.46441650390625
-0.0062103271484375 -0.112510681152344 0.0617675781249999 0.9000244140625
0.083282470703125 -0.0635528564453125 -0.382354736328125 0.553741455078125
0.138641357421875 -0.018707275390625 0.0240726470947266 0.0257797241210938
0.0830841064453125 -0.0585556030273437 0.38775634765625 -0.61297607421875
0.013702392578125 -0.073883056640625 -0.15972900390625 -0.92633056640625
-0.0529747009277344 -0.0270576477050781 -0.74853515625 -0.28961181640625
-0.0520210266113281 0.0178756713867187 -0.502471923828125 0.382110595703125
-0.00222206115722656 0.0163755416870117 -0.0499267578125 0.483856201171875
0.00376510620117188 0.0193881988525391 0.25390625 0.232818603515625
0.0157413482666016 -0.0121707916259766 0.325408935546875 -0.04150390625
0.0363044738769531 -0.0130691528320313 -0.298828125 0.0195617675781249
0.0203723907470703 0.0123405456542969 -0.210174560546875 -0.252212524414063
0.0159320831298828 0.0199794769287109 0.131011962890625 -0.43585205078125
-0.0240020751953125 0.0253410339355469 0.58636474609375 -0.27044677734375
-0.0655670166015625 -0.0260467529296875 0.63604736328125 0.42431640625
-0.014862060546875 -0.11065673828125 0.1029052734375 0.89642333984375
0.0738372802734375 -0.0670700073242188 -0.37786865234375 0.58697509765625
0.134765625 -0.0215377807617188 -0.00757217407226562 0.05029296875
0.0826034545898437 -0.0606307983398437 0.3990478515625 -0.58203125
0.016632080078125 -0.0745849609375 -0.107666015625 -0.93621826171875
-0.0472908020019531 -0.0292739868164063 -0.7352294921875 -0.3355712890625
-0.0453567504882813 0.012420654296875 -0.527740478515625 0.358612060546875
0.00297927856445312 0.0140142440795898 -0.07275390625 0.486724853515625
0.00662803649902344 0.0169162750244141 0.250350952148438 0.246002197265625
0.0126304626464844 -0.0118398666381836 0.32940673828125 -0.030059814453125
0.0338420867919922 -0.0173740386962891 -0.296417236328125 0.0292358398437501
0.0228710174560547 0.00608444213867188 -0.219039916992188 -0.24456787109375
0.0262165069580078 0.0127334594726563 0.104644775390625 -0.435394287109375
-0.00862693786621094 0.0235366821289063 0.56378173828125 -0.299072265625
-0.0542259216308594 -0.0154380798339844 0.6541748046875 0.3809814453125
-0.021636962890625 -0.0965347290039063 0.1552734375 0.8853759765625
0.0579071044921875 -0.0611343383789063 -0.3614501953125 0.61468505859375
0.118217468261719 -0.0197219848632812 -0.0357589721679687 0.0736083984375
0.0733489990234375 -0.051727294921875 0.411346435546875 -0.545623779296875
0.0198822021484375 -0.0665130615234375 -0.05718994140625 -0.93890380859375
-0.0331802368164063 -0.0265617370605469 -0.722412109375 -0.37969970703125
-0.0338001251220703 0.00647354125976563 -0.555633544921875 0.333648681640625
0.0121498107910156 0.00672245025634766 -0.0987548828125 0.48834228515625
0.0104684829711914 0.0111474990844727 0.2418212890625 0.260513305664063
0.00927066802978516 -0.0141725540161133 0.334259033203125 -0.017822265625
0.0280399322509766 -0.0210037231445313 -0.29473876953125 0.034515380859375
0.0254192352294922 -0.00225639343261719 -0.228408813476563 -0.238616943359375
0.0350608825683594 0.00226020812988281 0.07952880859375 -0.43707275390625
0.00963592529296875 0.0205001831054688 0.54193115234375 -0.325103759765625
-0.0391349792480469 -0.00246810913085938 0.670654296875 0.34326171875
-0.02587890625 -0.0765457153320313 0.19915771484375 0.8748779296875
0.0368194580078125 -0.0458908081054688 -0.34423828125 0.63824462890625
0.0915908813476563 -0.0104217529296875 -0.0540924072265625 0.0941543579101562
0.0558967590332031 -0.0360794067382813 0.42578125 -0.5164794921875
0.0208282470703125 -0.0485801696777344 -0.00811767578125004 -0.94281005859375
-0.0173263549804688 -0.0181636810302734 -0.7083740234375 -0.42083740234375
-0.0163755416870117 0.00111675262451172 -0.577880859375 0.31207275390625
0.0235710144042969 0.00163841247558594 -0.1243896484375 0.48980712890625
0.0141782760620117 0.00354766845703125 0.230331420898437 0.2720947265625
0.0043182373046875 -0.0188713073730469 0.335601806640625 -0.00750732421875
0.0225772857666016 -0.0252857208251953 -0.297698974609375 0.0354309082031251
0.0252933502197266 -0.0110301971435547 -0.238983154296875 -0.236343383789063
0.0435523986816406 -0.00825881958007813 0.060760498046875 -0.439300537109375
0.0289325714111328 0.0177383422851563 0.524810791015625 -0.342132568359375
-0.0208759307861328 0.0102767944335938 0.6820068359375 0.313720703125
-0.0259246826171875 -0.0516853332519531 0.23736572265625 0.8623046875
0.01580810546875 -0.0234088897705078 -0.32318115234375 0.6551513671875
0.0584335327148437 0.00359725952148438 -0.0604400634765625 0.106986999511719
0.0316925048828125 -0.0153751373291016 0.440673828125 -0.493927001953125
0.0199699401855469 -0.0247688293457031 0.0299072265625 -0.94366455078125
4.31537628173826E-05 -0.00379538536071777 -0.69598388671875 -0.4512939453125
0.00152182579040527 -0.00151097774505615 -0.5963134765625 0.289794921875
0.0362930297851563 -0.00442123413085938 -0.1453857421875 0.4896240234375
0.0176963806152344 -0.00596046447753906 0.219284057617188 0.277786254882813
-8.96453857421853E-05 -0.0232963562011719 0.333709716796875 -0.0040283203125
0.0179862976074219 -0.0297660827636719 -0.302947998046875 0.032989501953125
0.0247783660888672 -0.0182914733886719 -0.249862670898437 -0.23858642578125
0.0496749877929687 -0.0168380737304688 0.048065185546875 -0.44122314453125
0.0436363220214844 0.0153694152832031 0.51531982421875 -0.352569580078125
-0.00375175476074219 0.0211811065673828 0.68231201171875 0.29876708984375
-0.0225200653076172 -0.0267486572265625 0.25390625 0.85357666015625
-0.00272107124328613 0.00252985954284668 -0.30877685546875 0.65618896484375
0.0238227844238281 0.0172309875488281 -0.0540390014648437 0.110786437988281
0.00383186340332031 0.00671577453613281 0.455841064453125 -0.48388671875
0.0164279937744141 0.00146102905273438 0.05438232421875 -0.94366455078125
0.0146961212158203 0.0110549926757813 -0.68768310546875 -0.46612548828125
0.0182304382324219 -0.00182723999023437 -0.6053466796875 0.27886962890625
0.0461044311523438 -0.009796142578125 -0.158294677734375 0.48480224609375
0.0217323303222656 -0.0148220062255859 0.208526611328125 0.275344848632813
-0.00421333312988281 -0.0262889862060547 0.329010009765625 -0.005340576171875
0.0150203704833984 -0.0331325531005859 -0.310791015625 0.025115966796875
0.0255336761474609 -0.0246315002441406 -0.25640869140625 -0.244293212890625
0.0542716979980469 -0.0223121643066406 0.043914794921875 -0.445281982421875
0.0559539794921875 0.0148735046386719 0.514007568359375 -0.35284423828125
0.00981712341308594 0.0299148559570312 0.6815185546875 0.30047607421875
-0.0170278549194336 -0.00532627105712891 0.2535400390625 0.85284423828125
-0.0174407958984375 0.0252094268798828 -0.2977294921875 0.6483154296875
-0.00615119934082031 0.0330257415771484 -0.0371322631835938 0.104827880859375
-0.019195556640625 0.0286636352539062 0.466033935546875 -0.490020751953125
0.0133838653564453 0.0257110595703125 0.054443359375 -0.944091796875
0.0281581878662109 0.0256557464599609 -0.68756103515625 -0.46270751953125
0.0297889709472656 -0.00152015686035156 -0.60540771484375 0.2774658203125
0.0521430969238281 -0.0133476257324219 -0.16058349609375 0.480377197265625
0.0234851837158203 -0.0208492279052734 0.201004028320313 0.27117919921875
-0.00676155090332031 -0.0305957794189453 0.321502685546875 -0.01348876953125
0.0133533477783203 -0.0336341857910156 -0.31951904296875 0.0157775878906249
0.0254993438720703 -0.0293655395507813 -0.262832641601562 -0.253890991210938
0.0545692443847656 -0.0250053405761719 0.049346923828125 -0.44769287109375
0.0609931945800781 0.016021728515625 0.52484130859375 -0.343505859375
0.0170402526855469 0.0367202758789063 0.673828125 0.3206787109375
-0.0139636993408203 0.0110301971435547 0.23907470703125 0.85687255859375
-0.0276679992675781 0.0439834594726563 -0.294921875 0.6328125
-0.0275306701660156 0.0456047058105469 -0.00937652587890624 0.0907745361328125
-0.034515380859375 0.0464363098144531 0.472747802734375 -0.510009765625
0.0123519897460938 0.0430450439453125 0.0350341796875 -0.94781494140625
0.035308837890625 0.036407470703125 -0.69512939453125 -0.44140625
0.0364646911621094 -0.001129150390625 -0.5960693359375 0.290771484375
0.0544700622558594 -0.0158958435058594 -0.153076171875 0.4764404296875
0.0216655731201172 -0.0265483856201172 0.197677612304688 0.259490966796875
-0.00828170776367187 -0.030975341796875 0.31378173828125 -0.024566650390625
0.0406646728515625 -0.0117149353027344 -0.306884765625 0.00628662109374996
0.0178298950195313 0.0165061950683594 -0.20538330078125 -0.260177612304688
0.0089874267578125 0.0238533020019531 0.15234375 -0.43450927734375
-0.0342960357666016 0.0253276824951172 0.606201171875 -0.2421875
-0.0703964233398438 -0.0304489135742188 0.61676025390625 0.46295166015625
-0.00786590576171874 -0.112945556640625 0.0604248046875 0.8953857421875
0.0828018188476563 -0.0633773803710938 -0.380584716796875 0.553192138671875
0.137619018554688 -0.0179214477539063 0.0233612060546875 0.0265560150146484
0.083770751953125 -0.0591506958007813 0.3861083984375 -0.61083984375
0.0149459838867188 -0.0740203857421875 -0.15802001953125 -0.9224853515625
-0.0526046752929688 -0.0270614624023438 -0.74554443359375 -0.28875732421875
-0.0521354675292969 0.0184974670410156 -0.499908447265625 0.378173828125
-0.00266742706298828 0.0175304412841797 -0.049560546875 0.480072021484375
0.00461769104003906 0.0200386047363281 0.254623413085938 0.231460571289063
0.0154781341552734 -0.0122489929199219 0.323333740234375 -0.04241943359375
0.0360984802246094 -0.01214599609375 -0.2974853515625 0.021331787109375
0.0201606750488281 0.0124874114990234 -0.210281372070313 -0.250213623046875
0.0167579650878906 0.0201244354248047 0.129608154296875 -0.43292236328125
-0.0240917205810547 0.0240955352783203 0.58453369140625 -0.2685546875
-0.0660667419433594 -0.0259819030761719 0.63348388671875 0.4224853515625
-0.0154190063476563 -0.110061645507812 0.10308837890625 0.893798828125
0.0741653442382813 -0.066070556640625 -0.37615966796875 0.58367919921875
0.135917663574219 -0.0210342407226563 -0.00813674926757812 0.0499076843261719
0.0828781127929688 -0.0595016479492188 0.39581298828125 -0.57781982421875
0.016754150390625 -0.0749969482421875 -0.10516357421875 -0.931640625
-0.0468559265136719 -0.0298385620117188 -0.73291015625 -0.333740234375
-0.0464973449707031 0.0131492614746094 -0.52587890625 0.357269287109375
0.00275516510009766 0.0136814117431641 -0.0711669921875 0.484466552734375
0.00682735443115234 0.0169305801391602 0.24951171875 0.244903564453125
0.0124149322509766 -0.0112600326538086 0.3277587890625 -0.030670166015625
0.0320854187011719 -0.0170421600341797 -0.295013427734375 0.0294189453125001
0.0230464935302734 0.00648880004882812 -0.218780517578125 -0.241546630859375
0.0259971618652344 0.0112838745117188 0.10443115234375 -0.43341064453125
-0.00768089294433594 0.0232582092285156 0.562744140625 -0.29815673828125
-0.0544662475585938 -0.0150833129882812 0.65380859375 0.38031005859375
-0.02276611328125 -0.0973052978515625 0.15399169921875 0.881591796875
0.057403564453125 -0.0606765747070312 -0.3623046875 0.61175537109375
0.117683410644531 -0.0187759399414063 -0.0364303588867188 0.0748214721679687
0.0737533569335937 -0.0511398315429687 0.4097900390625 -0.542083740234375
0.0202674865722656 -0.0657539367675781 -0.05645751953125 -0.93634033203125
-0.0340709686279297 -0.0274105072021484 -0.719482421875 -0.3787841796875
-0.0334110260009766 0.00717926025390625 -0.55029296875 0.332305908203125
0.0114383697509766 0.0078582763671875 -0.0967102050781251 0.488311767578125
0.0102949142456055 0.0106906890869141 0.240890502929688 0.259979248046875
0.00821304321289063 -0.0142087936401367 0.33380126953125 -0.018585205078125
0.0279159545898438 -0.0210590362548828 -0.2938232421875 0.0358581542968749
0.0243434906005859 -0.00206947326660156 -0.227951049804687 -0.235763549804688
0.0355987548828125 0.00208282470703125 0.079925537109375 -0.434967041015625
0.0102825164794922 0.0212383270263672 0.540252685546875 -0.322906494140625
-0.0395927429199219 -0.00280380249023437 0.66827392578125 0.34222412109375
-0.0270919799804687 -0.0757980346679688 0.200439453125 0.87188720703125
0.0371170043945312 -0.0448951721191406 -0.34259033203125 0.6353759765625
0.0908584594726563 -0.0099029541015625 -0.055206298828125 0.094268798828125
0.0553970336914063 -0.0348930358886719 0.424530029296875 -0.51202392578125
0.0209922790527344 -0.0488090515136719 -0.00689697265625007 -0.93780517578125
-0.0184535980224609 -0.0186576843261719 -0.70458984375 -0.41961669921875
-0.0173654556274414 0.00216293334960937 -0.57623291015625 0.3089599609375
0.0235252380371094 0.000837326049804688 -0.121307373046875 0.48809814453125
0.0148944854736328 0.00341224670410156 0.2310791015625 0.270095825195313
0.00419425964355469 -0.017329216003418 0.33563232421875 -0.009033203125
0.0227489471435547 -0.0266551971435547 -0.2965087890625 0.036712646484375
0.0246849060058594 -0.0111465454101563 -0.237579345703125 -0.234573364257812
0.0445098876953125 -0.00838851928710938 0.059783935546875 -0.436553955078125
0.0283870697021484 0.017730712890625 0.522552490234375 -0.34197998046875
-0.0203170776367187 0.0091552734375 0.67926025390625 0.31256103515625
-0.0256462097167969 -0.0519256591796875 0.234130859375 0.85986328125
0.0159912109375 -0.0221786499023438 -0.3231201171875 0.651123046875
0.0585060119628906 0.00228500366210938 -0.0611114501953125 0.107452392578125
0.0318450927734375 -0.0150375366210938 0.4398193359375 -0.4921875
0.0189361572265625 -0.0251255035400391 0.0301513671875001 -0.942626953125
-0.000239610671997071 -0.00427770614624023 -0.69293212890625 -0.45068359375
0.000887155532836914 -0.000778436660766602 -0.59326171875 0.2894287109375
0.034942626953125 -0.00533103942871094 -0.1436767578125 0.48651123046875
0.0186843872070313 -0.00607872009277344 0.218429565429688 0.275924682617188
0.00051307678222656 -0.022003173828125 0.332733154296875 -0.003662109375
0.0180950164794922 -0.0306987762451172 -0.3016357421875 0.033935546875
0.0253257751464844 -0.0188388824462891 -0.248184204101563 -0.236160278320313
0.0498313903808594 -0.0172691345214844 0.048309326171875 -0.438629150390625
0.0445175170898438 0.0150375366210937 0.51239013671875 -0.3509521484375
-0.00312232971191406 0.0198192596435547 0.68218994140625 0.29840087890625
-0.0226707458496094 -0.0273094177246094 0.25189208984375 0.8505859375
-0.00101637840270996 0.00244998931884766 -0.30743408203125 0.65435791015625
0.0238304138183594 0.0183162689208984 -0.0540695190429688 0.110107421875
0.00525379180908203 0.00899887084960938 0.454254150390625 -0.48211669921875
0.0166425704956055 0.00121593475341797 0.05401611328125 -0.93975830078125
0.0154876708984375 0.0112791061401367 -0.68341064453125 -0.46533203125
0.0169181823730469 -0.00203227996826172 -0.60223388671875 0.2774658203125
0.045867919921875 -0.0105934143066406 -0.155517578125 0.482757568359375
0.0225658416748047 -0.0141258239746094 0.208160400390625 0.273910522460938
-0.00286483764648438 -0.0259819030761719 0.3280029296875 -0.005767822265625
0.0144920349121094 -0.0319805145263672 -0.310272216796875 0.025665283203125
0.0245532989501953 -0.0255584716796875 -0.257003784179687 -0.241943359375
0.0533256530761719 -0.0227851867675781 0.043853759765625 -0.441680908203125
0.0563201904296875 0.0145301818847656 0.51129150390625 -0.351959228515625
0.00992202758789062 0.0296421051025391 0.68023681640625 0.3016357421875
-0.0183849334716797 -0.00555038452148438 0.25189208984375 0.84954833984375
-0.0169143676757813 0.0257167816162109 -0.2965087890625 0.6466064453125
-0.00506401062011719 0.0330238342285156 -0.0362396240234375 0.1051025390625
-0.0188102722167969 0.0279216766357422 0.46343994140625 -0.487823486328125
0.0135459899902344 0.0245838165283203 0.05584716796875 -0.9404296875
0.0275783538818359 0.0272769927978516 -0.68255615234375 -0.46112060546875
0.030059814453125 -0.000926971435546875 -0.60247802734375 0.2777099609375
0.0523033142089844 -0.0132408142089844 -0.1600341796875 0.477386474609375
0.0231723785400391 -0.0219974517822266 0.200408935546875 0.269866943359375
-0.00653266906738281 -0.0291595458984375 0.3203125 -0.0120849609375
0.0136795043945313 -0.0337638854980469 -0.3187255859375 0.0164184570312501
0.0242462158203125 -0.0297966003417969 -0.26141357421875 -0.251190185546875
0.0546951293945312 -0.0251007080078125 0.048248291015625 -0.445343017578125
0.0609130859375 0.0158004760742188 0.521575927734375 -0.341949462890625
0.0173110961914063 0.0365409851074219 0.6724853515625 0.31927490234375
-0.0147199630737305 0.0110368728637695 0.23614501953125 0.8533935546875
-0.0274124145507813 0.0443191528320313 -0.29351806640625 0.63037109375
-0.027587890625 0.0457839965820312 -0.01031494140625 0.09051513671875
-0.0346145629882813 0.0469589233398437 0.471282958984375 -0.509521484375
0.0121078491210937 0.0434417724609375 0.0360717773437501 -0.9423828125
0.0353622436523438 0.0361595153808594 -0.69207763671875 -0.43963623046875
0.0363006591796875 -0.00176620483398437 -0.59246826171875 0.28765869140625
0.053192138671875 -0.0158653259277344 -0.152679443359375 0.475250244140625
0.0221176147460938 -0.0267429351806641 0.196762084960938 0.258132934570313
-0.00821304321289063 -0.0305595397949219 0.311553955078125 -0.025634765625
0.0402984619140625 -0.01251220703125 -0.3057861328125 0.007720947265625
0.0187149047851563 0.0148239135742188 -0.205215454101563 -0.2579345703125
0.00966072082519531 0.0243797302246094 0.151947021484375 -0.431365966796875
-0.0325183868408203 0.0245227813720703 0.6053466796875 -0.2410888671875
-0.0697174072265625 -0.0308685302734375 0.614990234375 0.46295166015625
-0.00744628906250001 -0.111793518066406 0.0587768554687501 0.89459228515625
0.0820236206054688 -0.0617752075195313 -0.3817138671875 0.550201416015625
0.137359619140625 -0.0179672241210938 0.022125244140625 0.0271987915039063
0.0832061767578125 -0.05670166015625 0.3857421875 -0.607177734375
0.01385498046875 -0.0740203857421875 -0.15545654296875 -0.92083740234375
-0.0531158447265625 -0.02685546875 -0.74267578125 -0.28704833984375
-0.0509376525878906 0.01904296875 -0.498870849609375 0.37774658203125
-0.00335407257080078 0.0167369842529297 -0.047454833984375 0.477935791015625
0.00420379638671875 0.0197048187255859 0.25384521484375 0.23162841796875
0.0138912200927734 -0.012242317199707 0.322540283203125 -0.043304443359375
0.0364990234375 -0.0123329162597656 -0.29754638671875 0.022247314453125
0.0197734832763672 0.0116729736328125 -0.2099609375 -0.247512817382812
0.0167922973632813 0.0198974609375 0.129425048828125 -0.4306640625
-0.023773193359375 0.0246124267578125 0.583251953125 -0.269287109375
-0.0659904479980469 -0.0252456665039063 0.632080078125 0.42352294921875
-0.0158843994140625 -0.109809875488281 0.100830078125 0.8916015625
0.0745086669921875 -0.0654525756835938 -0.3756103515625 0.5831298828125
0.134834289550781 -0.02056884765625 -0.00933074951171874 0.0509567260742188
0.083465576171875 -0.0580215454101563 0.3961181640625 -0.5751953125
0.0187759399414063 -0.0745010375976563 -0.10546875 -0.93017578125
-0.0460968017578125 -0.0297660827636719 -0.72998046875 -0.33447265625
-0.0452728271484375 0.0125541687011719 -0.5238037109375 0.355743408203125
0.00217723846435547 0.012995719909668 -0.0711669921875 0.48193359375
0.00714015960693359 0.0165109634399414 0.248916625976563 0.24365234375
0.0114955902099609 -0.0108880996704102 0.3280029296875 -0.031646728515625
0.0323429107666016 -0.0176620483398438 -0.2945556640625 0.030975341796875
0.0223274230957031 0.00502586364746094 -0.217758178710938 -0.2391357421875
0.0251541137695312 0.0116691589355469 0.105438232421875 -0.43267822265625
-0.00620651245117188 0.0224895477294922 0.56121826171875 -0.297637939453125
-0.054962158203125 -0.014129638671875 0.65228271484375 0.37945556640625
-0.023162841796875 -0.0961685180664063 0.1536865234375 0.8807373046875
0.0574111938476563 -0.0595588684082031 -0.36083984375 0.6103515625
0.118446350097656 -0.0170440673828125 -0.0369491577148437 0.0754318237304688
0.0736160278320313 -0.0508193969726563 0.410980224609375 -0.53900146484375
0.0202522277832031 -0.0663604736328125 -0.05322265625 -0.93310546875
-0.0341663360595703 -0.0273666381835938 -0.7171630859375 -0.3795166015625
-0.0335903167724609 0.00726318359375 -0.550537109375 0.330963134765625
0.0122556686401367 0.00752162933349609 -0.0967102050781251 0.4864501953125
0.0100698471069336 0.0109186172485352 0.23980712890625 0.258590698242187
0.00919151306152344 -0.0123500823974609 0.333770751953125 -0.01800537109375
0.0269012451171875 -0.022674560546875 -0.29351806640625 0.0353698730468751
0.0238094329833984 -0.00263023376464844 -0.227798461914063 -0.233154296875
0.0361557006835937 0.001861572265625 0.07952880859375 -0.43292236328125
0.0118236541748047 0.0194339752197266 0.53973388671875 -0.322174072265625
-0.0383491516113281 -0.00169372558593751 0.66790771484375 0.34185791015625
-0.0272064208984375 -0.076812744140625 0.19708251953125 0.8690185546875
0.0374603271484375 -0.0451736450195312 -0.3426513671875 0.63580322265625
0.0914459228515625 -0.00952911376953125 -0.0551223754882812 0.0946502685546875
0.0560035705566406 -0.0344886779785156 0.425079345703125 -0.50885009765625
0.0204200744628906 -0.0482559204101563 -0.00469970703125001 -0.937255859375
-0.0171012878417969 -0.0189895629882813 -0.70123291015625 -0.42041015625
-0.0176048278808594 0.00240516662597656 -0.57415771484375 0.307861328125
0.023834228515625 0.001129150390625 -0.121734619140625 0.48516845703125
0.0146350860595703 0.0026092529296875 0.229507446289062 0.26898193359375
0.00438022613525391 -0.0165224075317383 0.333953857421875 -0.009674072265625
0.0216045379638672 -0.0270214080810547 -0.29644775390625 0.037628173828125
0.0245018005371094 -0.0112667083740234 -0.23809814453125 -0.232269287109375
0.0446090698242187 -0.0080108642578125 0.061065673828125 -0.433502197265625
0.0287513732910156 0.0173721313476562 0.520477294921875 -0.34002685546875
-0.0207881927490234 0.00910568237304688 0.6771240234375 0.31231689453125
-0.0273475646972656 -0.0518684387207031 0.23321533203125 0.85882568359375
0.0167598724365234 -0.0219039916992188 -0.32421875 0.6490478515625
0.0588035583496094 0.00315475463867188 -0.0623855590820313 0.106971740722656
0.0314407348632813 -0.0144176483154297 0.437103271484375 -0.489013671875
0.0203285217285156 -0.0242156982421875 0.0321655273437499 -0.937744140625
-0.000353813171386719 -0.00482320785522461 -0.68841552734375 -0.45037841796875
0.000995278358459473 -0.000677764415740967 -0.59320068359375 0.28717041015625
0.0357856750488281 -0.00534439086914062 -0.143402099609375 0.48358154296875
0.0185070037841797 -0.00612831115722656 0.21673583984375 0.276687622070313
-0.000606536865234377 -0.0216732025146484 0.331298828125 -0.00457763671875
0.0177288055419922 -0.0297966003417969 -0.301300048828125 0.03448486328125
0.0253982543945312 -0.0196685791015625 -0.247909545898438 -0.233978271484375
0.0503807067871094 -0.0172576904296875 0.0482177734375 -0.43695068359375
0.0452651977539063 0.014862060546875 0.512298583984375 -0.350372314453125
-0.00369453430175781 0.0200138092041016 0.6785888671875 0.29913330078125
-0.0226173400878906 -0.027923583984375 0.2509765625 0.84906005859375
-0.00145077705383301 0.00255417823791504 -0.30908203125 0.65155029296875
0.0249366760253906 0.0178680419921875 -0.0550918579101562 0.110755920410156
0.00595188140869141 0.00835752487182617 0.453460693359375 -0.480499267578125
0.0165128707885742 0.001220703125 0.0559692382812501 -0.93927001953125
0.0154142379760742 0.0121421813964844 -0.6806640625 -0.46490478515625
0.0171632766723633 -0.0012969970703125 -0.6021728515625 0.2764892578125
0.045440673828125 -0.0101966857910156 -0.156463623046875 0.480255126953125
0.0219211578369141 -0.0147266387939453 0.2073974609375 0.272079467773438
-0.0043182373046875 -0.0253448486328125 0.326934814453125 -0.006561279296875
0.0148258209228516 -0.0335521697998047 -0.309478759765625 0.02667236328125
0.0244922637939453 -0.0246238708496094 -0.256881713867187 -0.2398681640625
0.0535964965820313 -0.0225486755371094 0.043670654296875 -0.43963623046875
0.0559425354003906 0.0141754150390625 0.510650634765625 -0.349212646484375
0.0103588104248047 0.0295200347900391 0.6781005859375 0.3021240234375
-0.0180530548095703 -0.00627708435058594 0.2520751953125 0.84722900390625
-0.0165939331054688 0.0267486572265625 -0.298583984375 0.6439208984375
-0.00601387023925781 0.0323524475097656 -0.0383377075195313 0.105422973632812
-0.0179729461669922 0.0287818908691406 0.463775634765625 -0.484771728515625
0.0141391754150391 0.0258598327636719 0.05682373046875 -0.93896484375
0.0275897979736328 0.0266799926757813 -0.68170166015625 -0.46087646484375
0.0308990478515625 -0.000820159912109375 -0.59967041015625 0.27618408203125
0.0523262023925781 -0.0140724182128906 -0.158172607421875 0.47650146484375
0.0231056213378906 -0.0214900970458984 0.1998291015625 0.26763916015625
-0.00736236572265625 -0.0289344787597656 0.319854736328125 -0.014862060546875
0.0133190155029297 -0.0341682434082031 -0.31884765625 0.016693115234375
0.0249881744384766 -0.0292625427246094 -0.261642456054688 -0.2489013671875
0.0550193786621094 -0.0253753662109375 0.0487060546875 -0.444366455078125
0.0621070861816406 0.0156021118164063 0.519134521484375 -0.3409423828125
0.0166091918945313 0.0362281799316406 0.66925048828125 0.31982421875
-0.0148239135742188 0.01025390625 0.23455810546875 0.85076904296875
-0.0275344848632813 0.0446701049804688 -0.29449462890625 0.62762451171875
-0.02703857421875 0.0454444885253906 -0.0109634399414063 0.0908660888671875
-0.0338058471679688 0.0462684631347656 0.47052001953125 -0.50616455078125
0.0138015747070312 0.0427474975585938 0.0369262695312499 -0.94305419921875
0.0353584289550781 0.034881591796875 -0.68865966796875 -0.44061279296875
0.0364646911621094 -0.0009613037109375 -0.59130859375 0.2869873046875
0.0533294677734375 -0.0162773132324219 -0.1505126953125 0.471923828125
0.0212860107421875 -0.0255088806152344 0.19659423828125 0.257553100585938
-0.00827789306640625 -0.0304603576660156 0.312103271484375 -0.0250244140625
0.0400924682617188 -0.0111618041992188 -0.30609130859375 0.00872802734375
0.0176601409912109 0.0147342681884766 -0.204574584960938 -0.257080078125
0.0101566314697266 0.0243453979492188 0.15338134765625 -0.431396484375
-0.0327415466308594 0.0230636596679687 0.60498046875 -0.24072265625
-0.0690040588378906 -0.0310401916503906 0.61407470703125 0.46417236328125
-0.00780487060546875 -0.112403869628906 0.05853271484375 0.89483642578125
0.0827178955078125 -0.0619125366210938 -0.38336181640625 0.55029296875
0.138313293457031 -0.0171356201171875 0.0223274230957031 0.0286006927490234
0.0842819213867188 -0.0579757690429688 0.38568115234375 -0.60455322265625
0.0149154663085937 -0.0736465454101562 -0.15435791015625 -0.9202880859375
-0.0521202087402344 -0.0266914367675781 -0.74237060546875 -0.28900146484375
-0.0509071350097656 0.0186424255371094 -0.499053955078125 0.3763427734375
-0.00305747985839844 0.0166873931884766 -0.04632568359375 0.47686767578125
0.005126953125 0.0202884674072266 0.252182006835937 0.23101806640625
0.013585090637207 -0.0107793807983398 0.3233642578125 -0.043182373046875
0.0358695983886719 -0.0128173828125 -0.297119140625 0.02301025390625
0.02081298828125 0.01141357421875 -0.209869384765625 -0.245529174804688
0.0165233612060547 0.0195484161376953 0.1307373046875 -0.429443359375
-0.0212764739990234 0.0239143371582031 0.58306884765625 -0.2664794921875
-0.0656013488769531 -0.0258331298828125 0.63104248046875 0.425048828125
-0.0159530639648438 -0.109756469726562 0.10028076171875 0.8916015625
0.0751724243164063 -0.0652999877929688 -0.37750244140625 0.582275390625
0.1337890625 -0.020294189453125 -0.00971603393554687 0.0521430969238281
0.08453369140625 -0.0582504272460937 0.3970947265625 -0.5732421875
0.0178298950195313 -0.0745010375976563 -0.10296630859375 -0.92987060546875
-0.0461578369140625 -0.0294609069824219 -0.72772216796875 -0.33428955078125
-0.0454330444335938 0.0129470825195312 -0.52410888671875 0.3543701171875
0.00208282470703125 0.0124082565307617 -0.0714111328125 0.479736328125
0.00774955749511719 0.0163440704345703 0.24835205078125 0.242919921875
0.0104274749755859 -0.00977420806884766 0.327117919921875 -0.03143310546875
0.032470703125 -0.0176620483398438 -0.294036865234375 0.0310363769531251
0.0221290588378906 0.00545120239257813 -0.2181396484375 -0.237686157226563
0.0269718170166016 0.0110759735107422 0.104400634765625 -0.43017578125
-0.00679206848144531 0.0224571228027344 0.560455322265625 -0.2967529296875
-0.05487060546875 -0.0145759582519531 0.65081787109375 0.38226318359375
-0.0232620239257813 -0.0971832275390625 0.1517333984375 0.87872314453125
0.0585174560546875 -0.0596389770507813 -0.362548828125 0.609130859375
0.118614196777344 -0.0181427001953125 -0.0379104614257812 0.0760574340820313
0.0743865966796875 -0.0495834350585938 0.410491943359375 -0.5382080078125
0.0212860107421875 -0.0657691955566406 -0.052490234375 -0.93194580078125
-0.0336456298828125 -0.0269775390625 -0.71502685546875 -0.37744140625
-0.0328330993652344 0.00762939453124999 -0.54962158203125 0.330902099609375
0.0117273330688477 0.00698375701904297 -0.09539794921875 0.48309326171875
0.0106887817382813 0.011016845703125 0.239837646484375 0.25885009765625
0.00698280334472656 -0.0124063491821289 0.3328857421875 -0.019134521484375
0.0274124145507813 -0.0222053527832031 -0.292938232421875 0.0366516113281249
0.0246868133544922 -0.00267982482910156 -0.22723388671875 -0.231216430664062
0.036407470703125 0.00128936767578125 0.080596923828125 -0.432342529296875
0.0111408233642578 0.0199871063232422 0.53887939453125 -0.321319580078125
-0.0389785766601563 -0.00289535522460937 0.66668701171875 0.34259033203125
-0.0275497436523438 -0.076751708984375 0.19647216796875 0.8680419921875
0.0373992919921875 -0.0431098937988281 -0.3448486328125 0.63250732421875
0.092315673828125 -0.0095977783203125 -0.05572509765625 0.094482421875
0.0577812194824219 -0.0333023071289062 0.42535400390625 -0.506561279296875
0.02178955078125 -0.0483589172363281 -0.003173828125 -0.9344482421875
-0.0176868438720703 -0.0196971893310547 -0.69970703125 -0.42236328125
-0.0163555145263672 0.00326251983642578 -0.57391357421875 0.30670166015625
0.0230979919433594 0.000614166259765625 -0.121734619140625 0.48388671875
0.0147638320922852 0.00321197509765625 0.2294921875 0.267562866210938
0.00261306762695313 -0.0169649124145508 0.333587646484375 -0.009002685546875
0.0224971771240234 -0.0264167785644531 -0.295928955078125 0.038238525390625
0.0251560211181641 -0.0123538970947266 -0.237625122070313 -0.230316162109375
0.0439071655273438 -0.0083770751953125 0.062896728515625 -0.434051513671875
0.0297946929931641 0.0161418914794922 0.522308349609375 -0.33892822265625
-0.0205554962158203 0.00956916809082032 0.67816162109375 0.31524658203125
-0.0266151428222656 -0.0515785217285156 0.231201171875 0.858642578125
0.016265869140625 -0.0221710205078125 -0.32470703125 0.64935302734375
0.059173583984375 0.00373077392578125 -0.0623550415039062 0.106208801269531
0.0325355529785156 -0.0135669708251953 0.439422607421875 -0.48681640625
0.0201168060302734 -0.0242118835449219 0.0330810546875001 -0.939453125
0.000174522399902343 -0.00443315505981445 -0.687744140625 -0.45281982421875
0.000850021839141846 0.000429034233093262 -0.5909423828125 0.2860107421875
0.0355377197265625 -0.00489425659179688 -0.142791748046875 0.48291015625
0.0189113616943359 -0.005767822265625 0.217666625976562 0.273971557617188
-0.000303268432617187 -0.0208530426025391 0.331756591796875 -0.0047607421875
0.0176620483398438 -0.0311088562011719 -0.30206298828125 0.035369873046875
0.0243473052978516 -0.0182571411132812 -0.24755859375 -0.232803344726563
0.0504608154296875 -0.0179481506347656 0.0484619140625 -0.435089111328125
0.0451431274414063 0.0147857666015625 0.51275634765625 -0.349578857421875
-0.00297927856445312 0.0205135345458984 0.67938232421875 0.29864501953125
-0.0236587524414062 -0.0273094177246094 0.24847412109375 0.85028076171875
-0.00160551071166992 0.00243997573852539 -0.3109130859375 0.650634765625
0.0254173278808594 0.0180110931396484 -0.0557632446289062 0.110511779785156
0.0047454833984375 0.00822639465332031 0.45281982421875 -0.47698974609375
0.0171041488647461 0.00114154815673828 0.0579833984375 -0.93505859375
0.0157680511474609 0.0116348266601563 -0.6800537109375 -0.46630859375
0.0170230865478516 -0.000905036926269531 -0.5987548828125 0.27593994140625
0.0451507568359375 -0.010833740234375 -0.1552734375 0.477569580078125
0.0222930908203125 -0.0138416290283203 0.206695556640625 0.273910522460938
-0.00489044189453125 -0.0253219604492187 0.327880859375 -0.00738525390625
0.0144100189208984 -0.0342159271240234 -0.309356689453125 0.027740478515625
0.0241184234619141 -0.0247287750244141 -0.255783081054688 -0.238189697265625
0.0541801452636719 -0.0236740112304687 0.044952392578125 -0.43792724609375
0.0563735961914063 0.0132598876953125 0.510772705078125 -0.349884033203125
0.0109291076660156 0.0296306610107422 0.677978515625 0.30303955078125
-0.0185680389404297 -0.00618743896484375 0.25067138671875 0.8475341796875
-0.0171051025390625 0.0258941650390625 -0.29876708984375 0.64324951171875
-0.00450706481933594 0.0323410034179688 -0.0387496948242188 0.105278015136719
-0.0179672241210937 0.0292797088623047 0.462921142578125 -0.4833984375
0.0146903991699219 0.0247058868408203 0.0576171874999999 -0.9375
0.0281505584716797 0.0258655548095703 -0.67974853515625 -0.4613037109375
0.0305366516113281 -0.00048065185546875 -0.59869384765625 0.2762451171875
0.0516166687011719 -0.0144691467285156 -0.1583251953125 0.474334716796875
0.0230789184570313 -0.0223808288574219 0.199188232421875 0.268524169921875
-0.00810623168945312 -0.0279083251953125 0.31964111328125 -0.01385498046875
0.0137062072753906 -0.0351791381835938 -0.31878662109375 0.0167236328125
0.0240573883056641 -0.0296058654785156 -0.260177612304688 -0.24749755859375
0.0554428100585938 -0.0247306823730469 0.049896240234375 -0.44207763671875
0.0618438720703125 0.0155525207519531 0.52008056640625 -0.33978271484375
0.0174713134765625 0.0355682373046875 0.6702880859375 0.32147216796875
-0.0153388977050781 0.0101613998413086 0.23394775390625 0.851806640625
-0.0269126892089844 0.0441665649414063 -0.2967529296875 0.62799072265625
-0.0259971618652344 0.0449981689453125 -0.0107803344726563 0.0915298461914063
-0.0331954956054687 0.0463752746582031 0.471649169921875 -0.503143310546875
0.0128746032714844 0.042633056640625 0.03961181640625 -0.94140625
0.0350341796875 0.0351982116699219 -0.6871337890625 -0.44097900390625
0.0360527038574219 -0.0005950927734375 -0.5909423828125 0.28619384765625
0.0531959533691406 -0.0157890319824219 -0.150177001953125 0.4725341796875
0.0223064422607422 -0.0265121459960938 0.196151733398438 0.257476806640625
-0.0084991455078125 -0.0296516418457031 0.312469482421875 -0.025115966796875
0.0391387939453125 -0.0125694274902344 -0.306396484375 0.00994873046875003
0.0172615051269531 0.014613151550293 -0.204849243164062 -0.256698608398438
0.0104770660400391 0.0231418609619141 0.15472412109375 -0.4305419921875
-0.0326461791992188 0.0232696533203125 0.60601806640625 -0.24053955078125
-0.0703353881835938 -0.0317916870117187 0.615478515625 0.4652099609375
-0.00769805908203126 -0.11346435546875 0.05780029296875 0.89581298828125
0.0831375122070313 -0.0615005493164062 -0.3839111328125 0.5498046875
0.138214111328125 -0.0179214477539063 0.0215091705322266 0.0294246673583984
0.0854644775390625 -0.05694580078125 0.38739013671875 -0.60430908203125
0.0159988403320313 -0.0737762451171875 -0.1529541015625 -0.92181396484375
-0.0527725219726563 -0.0268058776855469 -0.7421875 -0.29144287109375
-0.051239013671875 0.0198402404785156 -0.499969482421875 0.374908447265625
-0.00211048126220703 0.0167617797851563 -0.046844482421875 0.47637939453125
0.00481414794921875 0.0196685791015625 0.251724243164063 0.232513427734375
0.0150442123413086 -0.011016845703125 0.323150634765625 -0.04290771484375
0.0350475311279297 -0.0139217376708984 -0.29803466796875 0.02325439453125
0.0198135375976563 0.0104637145996094 -0.209762573242187 -0.244842529296875
0.0172252655029297 0.0186882019042969 0.13214111328125 -0.429412841796875
-0.0218353271484375 0.0233211517333984 0.5841064453125 -0.2674560546875
-0.06585693359375 -0.0256614685058594 0.6331787109375 0.42669677734375
-0.0168991088867188 -0.109672546386719 0.0988769531250001 0.89312744140625
0.075531005859375 -0.0650711059570313 -0.3798828125 0.5821533203125
0.135169982910156 -0.0200119018554688 -0.0102691650390625 0.0526390075683594
0.0849380493164063 -0.05743408203125 0.3988037109375 -0.57183837890625
0.018707275390625 -0.0752334594726563 -0.10125732421875 -0.93023681640625
-0.04638671875 -0.0308265686035156 -0.72821044921875 -0.3359375
-0.0459938049316406 0.0139846801757812 -0.524200439453125 0.3526611328125
0.00172233581542969 0.0134639739990234 -0.0711669921875 0.482177734375
0.0077047348022461 0.0172281265258789 0.248748779296875 0.243682861328125
0.0100564956665039 -0.00896453857421875 0.328033447265625 -0.03253173828125
0.0318336486816406 -0.0182304382324219 -0.295074462890625 0.0318908691406251
0.0223960876464844 0.004852294921875 -0.217193603515625 -0.23638916015625
0.0265903472900391 0.0110015869140625 0.106292724609375 -0.428924560546875
-0.00710105895996094 0.02203369140625 0.5626220703125 -0.29547119140625
-0.0554924011230469 -0.0144805908203125 0.654052734375 0.382568359375
-0.0241928100585938 -0.0980758666992188 0.15069580078125 0.88031005859375
0.058197021484375 -0.0592269897460938 -0.36859130859375 0.609130859375
0.119430541992188 -0.01788330078125 -0.0381851196289063 0.0759048461914062
0.0753631591796875 -0.0488967895507813 0.411834716796875 -0.537506103515625
0.020904541015625 -0.0658416748046875 -0.04901123046875 -0.9339599609375
-0.0338401794433594 -0.0280342102050781 -0.714111328125 -0.380615234375
-0.0327301025390625 0.00903892517089843 -0.5518798828125 0.329559326171875
0.0122222900390625 0.00660896301269531 -0.09417724609375 0.483306884765625
0.0115375518798828 0.0105791091918945 0.240036010742188 0.258880615234375
0.00747203826904297 -0.0120277404785156 0.33294677734375 -0.01837158203125
0.0275306701660156 -0.022491455078125 -0.294708251953125 0.03759765625
0.0238075256347656 -0.00331497192382813 -0.228469848632812 -0.231857299804688
0.0359649658203125 0.00239181518554688 0.08154296875 -0.43157958984375
0.0121536254882813 0.0193748474121094 0.539520263671875 -0.32159423828125
-0.0381622314453125 -0.00317764282226562 0.66815185546875 0.3450927734375
-0.028106689453125 -0.07659912109375 0.1954345703125 0.868408203125
0.0382537841796875 -0.0433349609375 -0.34539794921875 0.63299560546875
0.0931549072265625 -0.0088348388671875 -0.0569686889648437 0.0964584350585938
0.0580711364746094 -0.0341682434082031 0.427398681640625 -0.506988525390625
0.0223770141601563 -0.0477523803710938 -0.00128173828125008 -0.9349365234375
-0.017913818359375 -0.0186614990234375 -0.69970703125 -0.4222412109375
-0.0170059204101563 0.00266551971435547 -0.57342529296875 0.30560302734375
0.0225734710693359 0.00048828125 -0.121368408203125 0.483673095703125
0.0139913558959961 0.00271987915039063 0.229537963867188 0.2679443359375
0.00304794311523438 -0.0152692794799805 0.334686279296875 -0.01043701171875
0.0225563049316406 -0.0274410247802734 -0.297088623046875 0.03973388671875
0.0245189666748047 -0.0128803253173828 -0.237655639648437 -0.227523803710938
0.0441741943359375 -0.00947189331054687 0.06158447265625 -0.43182373046875
0.0302009582519531 0.0160140991210938 0.52313232421875 -0.339569091796875
-0.0216712951660156 0.00870513916015625 0.67767333984375 0.316650390625
-0.0264167785644531 -0.0522117614746094 0.2301025390625 0.857177734375
0.0168933868408203 -0.0220546722412109 -0.32696533203125 0.64886474609375
0.05938720703125 0.00283432006835937 -0.0632476806640625 0.108016967773438
0.0339584350585938 -0.0141162872314453 0.44091796875 -0.48504638671875
0.0212154388427734 -0.024322509765625 0.03521728515625 -0.93878173828125
-0.00103998184204102 -0.00526952743530273 -0.68701171875 -0.453369140625
0.000793397426605225 0.00064396858215332 -0.593017578125 0.28521728515625
0.0351829528808594 -0.00490570068359375 -0.143890380859375 0.482696533203125
0.0189342498779297 -0.00601005554199219 0.217254638671875 0.275497436523438
-0.00210380554199219 -0.0208492279052734 0.332305908203125 -0.005340576171875
0.0176315307617188 -0.0315151214599609 -0.301910400390625 0.036285400390625
0.0250816345214844 -0.0195884704589844 -0.247726440429688 -0.230728149414062
0.0512123107910156 -0.0186347961425781 0.0491943359375 -0.433837890625
0.0452499389648438 0.0147895812988281 0.51336669921875 -0.34814453125
-0.00323295593261719 0.020355224609375 0.6790771484375 0.30084228515625
-0.0237693786621094 -0.0282917022705078 0.2479248046875 0.84991455078125
-0.00128793716430664 0.00351285934448242 -0.31304931640625 0.6502685546875
0.0255393981933594 0.0179996490478516 -0.0571517944335937 0.111297607421875
0.0059514045715332 0.00862836837768555 0.45330810546875 -0.476654052734375
0.01806640625 0.00139999389648438 0.06024169921875 -0.93792724609375
0.0159311294555664 0.0114669799804688 -0.67926025390625 -0.46661376953125
0.0186824798583984 -0.000102996826171875 -0.60101318359375 0.27386474609375
0.045196533203125 -0.0103836059570313 -0.154022216796875 0.477813720703125
0.0228519439697266 -0.0158615112304688 0.206756591796875 0.27423095703125
-0.00604438781738281 -0.0250244140625 0.32763671875 -0.00732421875
0.0136013031005859 -0.0338630676269531 -0.3094482421875 0.028717041015625
0.0242290496826172 -0.0258750915527344 -0.256759643554688 -0.235977172851562
0.0537300109863281 -0.0244140625 0.044769287109375 -0.438323974609375
0.0573921203613281 0.0133934020996094 0.51092529296875 -0.348297119140625
0.0109062194824219 0.0296916961669922 0.6787109375 0.3033447265625
-0.0193424224853516 -0.00634384155273438 0.24822998046875 0.8487548828125
-0.0158538818359375 0.0259609222412109 -0.3016357421875 0.64324951171875
-0.00454139709472656 0.0316219329833984 -0.0398406982421875 0.105484008789063
-0.0172691345214844 0.0293636322021484 0.464874267578125 -0.483367919921875
0.0148487091064453 0.0247879028320312 0.06011962890625 -0.93798828125
0.0275669097900391 0.0264492034912109 -0.6798095703125 -0.46282958984375
0.0300960540771484 4.57763671875E-05 -0.59942626953125 0.27392578125
0.0526161193847656 -0.0140342712402344 -0.156951904296875 0.4736328125
0.0237617492675781 -0.0218772888183594 0.200210571289062 0.26885986328125
-0.0071258544921875 -0.0275440216064453 0.320343017578125 -0.01324462890625
0.0130996704101563 -0.0354385375976563 -0.31829833984375 0.0183715820312499
0.0250396728515625 -0.0298213958740234 -0.261337280273437 -0.246353149414063
0.0560379028320312 -0.0256881713867187 0.049468994140625 -0.44195556640625
0.0617027282714844 0.0153160095214844 0.52069091796875 -0.3388671875
0.0171356201171875 0.0352783203125 0.67169189453125 0.32366943359375
-0.0156126022338867 0.0092611312866211 0.2330322265625 0.853759765625
-0.0267257690429687 0.0437812805175781 -0.29656982421875 0.62713623046875
-0.0258369445800781 0.0456809997558594 -0.012359619140625 0.0920944213867188
-0.0338668823242188 0.0465965270996094 0.4720458984375 -0.503143310546875
0.0127410888671875 0.0419654846191406 0.0415039062499999 -0.94329833984375
0.0359649658203125 0.034698486328125 -0.6866455078125 -0.443603515625
0.0362129211425781 -0.000324249267578125 -0.59063720703125 0.28326416015625
0.0526885986328125 -0.0165176391601563 -0.148681640625 0.470306396484375
0.0233421325683594 -0.0271701812744141 0.197952270507813 0.258651733398438
-0.00937652587890625 -0.0290756225585937 0.312591552734375 -0.025787353515625
0.0382156372070312 -0.0125083923339844 -0.308197021484375 0.0103759765625
0.0163106918334961 0.0147943496704102 -0.206039428710938 -0.255661010742187
0.0102806091308594 0.0229568481445313 0.15594482421875 -0.431427001953125
-0.0329303741455078 0.0223770141601563 0.60784912109375 -0.24005126953125
-0.0703887939453125 -0.0323333740234375 0.61669921875 0.468017578125
-0.00801849365234374 -0.113128662109375 0.05419921875 0.89691162109375
0.0838699340820313 -0.0609054565429688 -0.3861083984375 0.55078125
0.140426635742188 -0.0182037353515625 0.0207443237304688 0.0302829742431641
0.086029052734375 -0.057037353515625 0.389404296875 -0.60345458984375
0.01495361328125 -0.0747451782226563 -0.15069580078125 -0.92608642578125
-0.0535125732421875 -0.0280609130859375 -0.742919921875 -0.2919921875
-0.0520248413085938 0.0204963684082031 -0.502166748046875 0.376861572265625
-0.00303268432617188 0.0157403945922852 -0.046356201171875 0.476531982421875
0.00400733947753906 0.0190887451171875 0.25225830078125 0.231948852539062
0.013331413269043 -0.00923633575439453 0.32525634765625 -0.04400634765625
0.035186767578125 -0.0143051147460937 -0.299407958984375 0.023834228515625
0.0188751220703125 0.0104618072509766 -0.209701538085937 -0.244277954101563
0.0172328948974609 0.0192470550537109 0.132080078125 -0.428924560546875
-0.0231914520263672 0.0238704681396484 0.58599853515625 -0.26641845703125
-0.0664253234863281 -0.0252151489257812 0.63323974609375 0.42901611328125
-0.0171279907226563 -0.1092529296875 0.0982055664062499 0.8955078125
0.076507568359375 -0.0649185180664063 -0.38189697265625 0.58355712890625
0.136817932128906 -0.0211257934570313 -0.0110702514648437 0.053955078125
0.0862045288085938 -0.0576324462890625 0.39935302734375 -0.57208251953125
0.019256591796875 -0.0741653442382813 -0.10089111328125 -0.93426513671875
-0.045989990234375 -0.0303611755371094 -0.7291259765625 -0.3402099609375
-0.0451622009277344 0.0138435363769531 -0.525604248046875 0.35382080078125
0.00222206115722656 0.0130081176757813 -0.070831298828125 0.479736328125
0.0070505142211914 0.0173244476318359 0.249496459960937 0.24554443359375
0.0105838775634766 -0.00859832763671875 0.33013916015625 -0.03179931640625
0.0314769744873047 -0.0190334320068359 -0.29522705078125 0.0327148437499999
0.0219326019287109 0.00509452819824219 -0.217941284179687 -0.236129760742187
0.0265827178955078 0.0093231201171875 0.108123779296875 -0.43145751953125
-0.00653648376464844 0.02130126953125 0.56298828125 -0.29522705078125
-0.0536308288574219 -0.015289306640625 0.65283203125 0.38323974609375
-0.023834228515625 -0.0976333618164063 0.14971923828125 0.8828125
0.0595893859863281 -0.0595130920410156 -0.36968994140625 0.6097412109375
0.120948791503906 -0.0178298950195312 -0.0386428833007812 0.076904296875
0.0760269165039062 -0.0494918823242188 0.413330078125 -0.5362548828125
0.0222358703613281 -0.0668907165527344 -0.0488281249999999 -0.9359130859375
-0.0336170196533203 -0.0282249450683594 -0.71563720703125 -0.38336181640625
-0.0335502624511719 0.00710105895996093 -0.55340576171875 0.3277587890625
0.0104265213012695 0.00614738464355469 -0.0972290039062501 0.483306884765625
0.0106019973754883 0.0108098983764648 0.24041748046875 0.259735107421875
0.00710678100585938 -0.0114145278930664 0.33441162109375 -0.019256591796875
0.0272159576416016 -0.0231380462646484 -0.29443359375 0.0391235351562499
0.0240325927734375 -0.00346755981445313 -0.228439331054687 -0.230392456054688
0.0358352661132812 -0.00017547607421875 0.08221435546875 -0.431884765625
0.012359619140625 0.0183391571044922 0.542999267578125 -0.323394775390625
-0.0398330688476563 -0.004547119140625 0.66827392578125 0.34564208984375
-0.0284881591796875 -0.0774078369140625 0.19366455078125 0.87286376953125
0.0382843017578125 -0.0443649291992188 -0.349853515625 0.6331787109375
0.0933609008789063 -0.0091552734375 -0.0575027465820312 0.0967330932617188
0.0584373474121094 -0.0322494506835938 0.42840576171875 -0.5062255859375
0.0226821899414063 -0.048980712890625 -6.10351562499331E-05 -0.9390869140625
-0.0177555084228516 -0.0185546875 -0.7005615234375 -0.424072265625
-0.0171747207641602 0.00367069244384766 -0.57672119140625 0.3065185546875
0.0230216979980469 0.000169754028320313 -0.121185302734375 0.4827880859375
0.0148468017578125 0.0023956298828125 0.228836059570313 0.268936157226563
0.00409698486328125 -0.0162420272827148 0.33551025390625 -0.009429931640625
0.0216350555419922 -0.0282688140869141 -0.297210693359375 0.0395812988281251
0.0237827301025391 -0.0124454498291016 -0.238677978515625 -0.22918701171875
0.0449981689453125 -0.0112342834472656 0.06231689453125 -0.432373046875
0.0307064056396484 0.0160903930664063 0.524810791015625 -0.339385986328125
-0.0207786560058594 0.00945472717285157 0.680419921875 0.31884765625
-0.027740478515625 -0.0526008605957031 0.23126220703125 0.86151123046875
0.0171108245849609 -0.0220012664794922 -0.33135986328125 0.651611328125
0.0608253479003906 0.00249099731445313 -0.0634841918945313 0.108268737792969
0.0339775085449219 -0.01226806640625 0.4425048828125 -0.48419189453125
0.0212039947509766 -0.0240154266357422 0.03778076171875 -0.94183349609375
0.000979900360107421 -0.00552845001220703 -0.68804931640625 -0.45562744140625
0.00154638290405273 0.001289963722229 -0.59405517578125 0.284912109375
0.035858154296875 -0.00539398193359375 -0.143218994140625 0.481170654296875
0.0189342498779297 -0.0073699951171875 0.21746826171875 0.275039672851563
-0.00115013122558594 -0.0202655792236328 0.33380126953125 -0.005401611328125
0.0159511566162109 -0.0314521789550781 -0.302764892578125 0.03594970703125
0.0248699188232422 -0.0184230804443359 -0.248855590820312 -0.230422973632812
0.0509757995605469 -0.0183677673339844 0.0498046875 -0.4349365234375
0.0470848083496094 0.0134124755859375 0.51617431640625 -0.350067138671875
-0.00190353393554687 0.0199432373046875 0.68145751953125 0.30206298828125
-0.0237636566162109 -0.0286483764648438 0.2476806640625 0.8526611328125
-0.00133228302001953 0.00312113761901856 -0.314453125 0.6527099609375
0.026153564453125 0.0163612365722656 -0.0577850341796875 0.110870361328125
0.0072474479675293 0.00840044021606445 0.456329345703125 -0.47540283203125
0.0178089141845703 0.00161933898925781 0.0637817382812501 -0.94024658203125
0.0149097442626953 0.0118684768676758 -0.6787109375 -0.46856689453125
0.0178146362304688 0.000827789306640625 -0.60235595703125 0.27447509765625
0.045379638671875 -0.0107955932617187 -0.156646728515625 0.47808837890625
0.0224323272705078 -0.0158061981201172 0.207000732421875 0.274307250976563
-0.00537681579589844 -0.023529052734375 0.32940673828125 -0.008514404296875
0.0141506195068359 -0.0347309112548828 -0.30963134765625 0.027984619140625
0.0238723754882813 -0.0271034240722656 -0.255889892578125 -0.236572265625
0.0544891357421875 -0.02410888671875 0.046630859375 -0.437255859375
0.0581626892089844 0.0129737854003906 0.514892578125 -0.34906005859375
0.00940513610839844 0.0290985107421875 0.68060302734375 0.3048095703125
-0.0211353302001953 -0.00722503662109375 0.24786376953125 0.85052490234375
-0.0158634185791016 0.026092529296875 -0.30419921875 0.64508056640625
-0.00302314758300781 0.0335502624511719 -0.0406036376953125 0.106582641601563
-0.0169181823730469 0.0284709930419922 0.4664306640625 -0.48236083984375
0.0136451721191406 0.0243110656738281 0.0629272460937501 -0.941162109375
0.0283737182617187 0.0263652801513672 -0.67901611328125 -0.4671630859375
0.0315341949462891 0.000314712524414063 -0.600341796875 0.27508544921875
0.0518913269042969 -0.0154457092285156 -0.158416748046875 0.47393798828125
0.0232067108154297 -0.0230274200439453 0.199356079101563 0.269683837890625
-0.008819580078125 -0.0269508361816406 0.323486328125 -0.014434814453125
0.0123558044433594 -0.0365791320800781 -0.3189697265625 0.0185546875
0.0242080688476563 -0.0313034057617188 -0.26190185546875 -0.245498657226563
0.0562553405761719 -0.0261459350585937 0.050872802734375 -0.44140625
0.0631179809570313 0.0146522521972656 0.523529052734375 -0.337860107421875
0.0177001953125 0.0361900329589844 0.673095703125 0.32647705078125
-0.0163068771362305 0.00904464721679688 0.23175048828125 0.85546875
-0.0276222229003906 0.0452079772949219 -0.30169677734375 0.62969970703125
-0.0257606506347656 0.0461158752441406 -0.0145721435546875 0.0920028686523438
-0.0312347412109375 0.0456733703613281 0.4744873046875 -0.50213623046875
0.0133743286132813 0.0422897338867188 0.0451660156249999 -0.945068359375
0.0366020202636719 0.0348930358886719 -0.68743896484375 -0.44610595703125
0.0367774963378906 0.001007080078125 -0.5909423828125 0.2825927734375
0.0538749694824219 -0.01605224609375 -0.150726318359375 0.470611572265625
0.0223617553710938 -0.0256729125976563 0.197723388671875 0.257888793945312
-0.00958251953125 -0.0286102294921875 0.31494140625 -0.025115966796875
0.0383644104003906 -0.0123100280761719 -0.3095703125 0.01031494140625
0.017054557800293 0.0140237808227539 -0.205551147460938 -0.255813598632813
0.0104846954345703 0.0219078063964844 0.157470703125 -0.432403564453125
-0.0325527191162109 0.0224475860595703 0.6123046875 -0.241943359375
-0.0701904296875 -0.0314865112304687 0.619384765625 0.47174072265625
-0.009185791015625 -0.113601684570313 0.0557861328124999 0.90087890625
0.0845565795898438 -0.0606155395507812 -0.389739990234375 0.553253173828125
0.141204833984375 -0.0171356201171875 0.0191650390625 0.0303745269775391
0.087432861328125 -0.0570449829101563 0.39129638671875 -0.60577392578125
0.0160140991210938 -0.0750808715820312 -0.14935302734375 -0.93017578125
-0.0525665283203125 -0.0272331237792969 -0.74578857421875 -0.2960205078125
-0.0515022277832031 0.0200653076171875 -0.503509521484375 0.37799072265625
-0.00391960144042969 0.0163917541503906 -0.0481262207031251 0.47784423828125
0.00400543212890625 0.0194034576416016 0.253997802734375 0.2340087890625
0.0131292343139648 -0.00882720947265625 0.326416015625 -0.04376220703125
0.0342979431152344 -0.0147304534912109 -0.29949951171875 0.0249328613281249
0.0188484191894531 0.0117073059082031 -0.210952758789063 -0.244232177734375
0.0175266265869141 0.0179538726806641 0.134185791015625 -0.430328369140625
-0.0229034423828125 0.0230903625488281 0.58966064453125 -0.26708984375
-0.0672073364257813 -0.0260276794433594 0.63751220703125 0.43231201171875
-0.0175323486328125 -0.110496520996094 0.0961914062500001 0.90093994140625
0.0764541625976563 -0.0647811889648438 -0.3853759765625 0.58538818359375
0.137229919433594 -0.01910400390625 -0.0110015869140625 0.0541419982910156
0.0870742797851563 -0.0573806762695313 0.4031982421875 -0.57342529296875
0.0194091796875 -0.0752334594726562 -0.0992431640624999 -0.93951416015625
-0.0466995239257813 -0.0308341979980469 -0.73297119140625 -0.3426513671875
-0.04571533203125 0.0145339965820313 -0.529205322265625 0.35455322265625
0.00221824645996094 0.0135173797607422 -0.0703124999999999 0.483123779296875
0.00691032409667969 0.0171232223510742 0.250473022460938 0.24688720703125
0.0111103057861328 -0.00818061828613281 0.331146240234375 -0.03216552734375
0.0308551788330078 -0.0185356140136719 -0.2977294921875 0.03350830078125
0.0221900939941406 0.00489234924316406 -0.21990966796875 -0.236343383789063
0.0266971588134766 0.00984001159667969 0.109466552734375 -0.431304931640625
-0.00542831420898437 0.0207958221435547 0.5673828125 -0.297119140625
-0.0554847717285156 -0.0153579711914062 0.65802001953125 0.3880615234375
-0.0249862670898438 -0.097503662109375 0.14691162109375 0.8896484375
0.0599517822265625 -0.0587997436523437 -0.3714599609375 0.6146240234375
0.121833801269531 -0.0174713134765625 -0.0402450561523437 0.0768508911132813
0.0783920288085938 -0.0495529174804688 0.415313720703125 -0.537322998046875
0.0214500427246094 -0.0662040710449219 -0.04730224609375 -0.94122314453125
-0.0330429077148438 -0.028076171875 -0.71893310546875 -0.38677978515625
-0.0336875915527344 0.00938606262207031 -0.555328369140625 0.32891845703125
0.0109767913818359 0.00623607635498047 -0.096343994140625 0.48468017578125
0.0110464096069336 0.0112104415893555 0.24249267578125 0.259841918945313
0.00594043731689453 -0.0100831985473633 0.336944580078125 -0.020965576171875
0.0257205963134766 -0.0234394073486328 -0.29644775390625 0.0390625000000001
0.023773193359375 -0.00402069091796875 -0.22802734375 -0.230438232421875
0.0373497009277344 0.00011444091796875 0.083282470703125 -0.433135986328125
0.0127029418945312 0.0183219909667969 0.5465087890625 -0.323638916015625
-0.0391044616699219 -0.00345611572265625 0.6741943359375 0.349853515625
-0.029266357421875 -0.0766830444335938 0.194091796875 0.8765869140625
0.0388565063476563 -0.0440788269042969 -0.3524169921875 0.63616943359375
0.094329833984375 -0.008758544921875 -0.0576324462890625 0.0963821411132813
0.0593719482421875 -0.0337448120117188 0.43109130859375 -0.5072021484375
0.02294921875 -0.0489387512207031 0.00427246093749991 -0.9432373046875
-0.0169715881347656 -0.0194282531738281 -0.7012939453125 -0.428466796875
-0.0178241729736328 0.00430870056152344 -0.5782470703125 0.30572509765625
0.0242137908935547 0.000913619995117188 -0.122100830078125 0.4844970703125
0.0150089263916016 0.00360679626464844 0.230789184570312 0.271835327148438
0.00287914276123047 -0.0143957138061523 0.338653564453125 -0.01007080078125
0.0211296081542969 -0.0278682708740234 -0.298492431640625 0.040496826171875
0.0241069793701172 -0.0122661590576172 -0.238815307617188 -0.22833251953125
0.0459403991699219 -0.0101776123046875 0.065643310546875 -0.4344482421875
0.0306606292724609 0.0154857635498047 0.5277099609375 -0.34185791015625
-0.0201835632324219 0.00939369201660156 0.6834716796875 0.32196044921875
-0.0283737182617188 -0.0537338256835938 0.230224609375 0.86407470703125
0.0169200897216797 -0.0221233367919922 -0.33233642578125 0.65362548828125
0.0609245300292969 0.00249862670898438 -0.0642166137695312 0.109764099121094
0.0341339111328125 -0.0130367279052734 0.44403076171875 -0.4852294921875
0.02154541015625 -0.0245151519775391 0.04168701171875 -0.946044921875
4.43458557128905E-05 -0.00537490844726563 -0.69049072265625 -0.45806884765625
0.00133013725280762 0.00128304958343506 -0.59661865234375 0.28564453125
0.0346031188964844 -0.00641822814941406 -0.1434326171875 0.48260498046875
0.0190925598144531 -0.00712394714355469 0.21893310546875 0.276092529296875
-0.000728607177734377 -0.0189723968505859 0.335693359375 -0.00567626953125
0.0169887542724609 -0.033721923828125 -0.304931640625 0.0363464355468751
0.0242710113525391 -0.0209026336669922 -0.249862670898437 -0.230926513671875
0.0507659912109375 -0.0198783874511719 0.05059814453125 -0.435882568359375
0.047393798828125 0.0127525329589844 0.5179443359375 -0.34881591796875
-0.00343894958496094 0.0197410583496094 0.68670654296875 0.30670166015625
-0.0250110626220703 -0.0288963317871094 0.246826171875 0.85809326171875
-0.00158953666687012 0.00226759910583496 -0.31964111328125 0.655029296875
0.0270938873291016 0.0182437896728516 -0.0589141845703125 0.112770080566406
0.00824642181396485 0.00917243957519531 0.4591064453125 -0.476593017578125
0.0174808502197266 0.000600814819335938 0.0670166015624999 -0.94439697265625
0.0163288116455078 0.0116615295410156 -0.68170166015625 -0.47222900390625
0.0180797576904297 0.000823974609375 -0.60382080078125 0.27386474609375
0.0454025268554687 -0.0103759765625 -0.154998779296875 0.478485107421875
0.0223197937011719 -0.0156097412109375 0.209503173828125 0.276611328125
-0.00518608093261719 -0.0227909088134766 0.33197021484375 -0.007537841796875
0.0133514404296875 -0.0357627868652344 -0.312347412109375 0.0293884277343749
0.0243186950683594 -0.0275745391845703 -0.256378173828125 -0.237258911132813
0.05511474609375 -0.0260047912597656 0.04620361328125 -0.43878173828125
0.0585441589355469 0.0124359130859375 0.516510009765625 -0.350799560546875
0.0106582641601563 0.0298271179199219 0.683837890625 0.3089599609375
-0.0202560424804688 -0.00752067565917969 0.2474365234375 0.853759765625
-0.01708984375 0.0265426635742187 -0.306640625 0.64666748046875
-0.00300788879394531 0.0320835113525391 -0.0409088134765625 0.106880187988281
-0.0160484313964844 0.0302791595458984 0.468994140625 -0.4822998046875
0.0147781372070313 0.026519775390625 0.06585693359375 -0.9449462890625
0.0286026000976562 0.0256462097167969 -0.67919921875 -0.47076416015625
0.0304355621337891 0.000761032104492188 -0.60455322265625 0.27471923828125
0.0516624450683594 -0.0145225524902344 -0.158355712890625 0.47332763671875
0.0243759155273437 -0.0232830047607422 0.201675415039063 0.269989013671875
-0.00815200805664062 -0.0265426635742188 0.32415771484375 -0.013702392578125
0.0117912292480469 -0.0364494323730469 -0.320892333984375 0.01947021484375
0.0242137908935547 -0.031402587890625 -0.263015747070312 -0.246047973632813
0.0563697814941406 -0.0265922546386719 0.0521240234375 -0.4434814453125
0.0645904541015625 0.0147476196289062 0.527008056640625 -0.34063720703125
0.0169601440429688 0.0356063842773437 0.677001953125 0.328857421875
-0.0171222686767578 0.00969409942626953 0.231201171875 0.8594970703125
-0.0270118713378906 0.0450439453125 -0.302734375 0.6300048828125
-0.0256271362304688 0.0449752807617188 -0.0136489868164062 0.093841552734375
-0.0316619873046875 0.0475425720214844 0.47760009765625 -0.5032958984375
0.0141334533691406 0.042694091796875 0.0460205078124999 -0.95001220703125
0.0367317199707031 0.03509521484375 -0.68927001953125 -0.44940185546875
0.0367660522460938 0.00142288208007813 -0.5960693359375 0.28448486328125
0.0523567199707031 -0.0167465209960938 -0.150970458984375 0.471099853515625
0.0233879089355469 -0.0274562835693359 0.197799682617188 0.26055908203125
-0.00939750671386719 -0.0284900665283203 0.316925048828125 -0.02606201171875
0.0385284423828125 -0.0129585266113281 -0.310546875 0.0124816894531251
0.0169000625610352 0.0147914886474609 -0.20745849609375 -0.256423950195313
0.0109310150146484 0.0214939117431641 0.157470703125 -0.434234619140625
-0.0324535369873047 0.0214157104492188 0.614013671875 -0.24298095703125
-0.0709991455078125 -0.0318145751953125 0.6240234375 0.47320556640625
-0.00988006591796876 -0.113983154296875 0.05389404296875 0.90826416015625
0.085479736328125 -0.0614242553710938 -0.392791748046875 0.556671142578125
0.142623901367188 -0.016693115234375 0.0192031860351563 0.0322113037109375
0.0895233154296875 -0.0562286376953125 0.3936767578125 -0.6083984375
0.0167160034179688 -0.075897216796875 -0.14971923828125 -0.93359375
-0.0529022216796875 -0.0273590087890625 -0.7506103515625 -0.29779052734375
-0.0513801574707031 0.022003173828125 -0.5072021484375 0.380157470703125
-0.00408744812011719 0.0169095993041992 -0.047149658203125 0.480987548828125
0.00440788269042969 0.0195350646972656 0.255477905273438 0.234893798828125
0.013127326965332 -0.00762844085693359 0.32818603515625 -0.045257568359375
0.0346717834472656 -0.0150508880615234 -0.30120849609375 0.0263061523437499
0.0199947357177734 0.0102424621582031 -0.212020874023438 -0.2442626953125
0.016845703125 0.01763916015625 0.134857177734375 -0.434051513671875
-0.0219058990478516 0.020965576171875 0.59417724609375 -0.27001953125
-0.0668754577636719 -0.0257720947265625 0.64190673828125 0.435302734375
-0.0179214477539062 -0.111061096191406 0.0963134765625 0.90545654296875
0.0776214599609375 -0.064483642578125 -0.38787841796875 0.5888671875
0.139381408691406 -0.0202713012695313 -0.0121536254882812 0.0554351806640625
0.087890625 -0.0572662353515625 0.4066162109375 -0.575439453125
0.01971435546875 -0.0762557983398438 -0.09954833984375 -0.94610595703125
-0.0466575622558594 -0.0305099487304688 -0.73651123046875 -0.3450927734375
-0.0466537475585938 0.0153121948242188 -0.53192138671875 0.357330322265625
0.00155830383300781 0.0132846832275391 -0.070465087890625 0.48388671875
0.00680637359619141 0.0167932510375977 0.250869750976563 0.247833251953125
0.0100650787353516 -0.00722694396972656 0.332977294921875 -0.0330810546875
0.0303802490234375 -0.0193500518798828 -0.29937744140625 0.03466796875
0.0215244293212891 0.0040283203125 -0.22027587890625 -0.235977172851562
0.0274448394775391 0.00982093811035156 0.109619140625 -0.43341064453125
-0.00579643249511719 0.0202369689941406 0.5716552734375 -0.29974365234375
-0.0554122924804688 -0.0156707763671875 0.6622314453125 0.3909912109375
-0.0258102416992188 -0.0988693237304688 0.14959716796875 0.8941650390625
0.0593109130859375 -0.0595664978027344 -0.3739013671875 0.6153564453125
0.122718811035156 -0.0173492431640625 -0.039642333984375 0.0787734985351562
0.0785903930664062 -0.0490875244140625 0.41839599609375 -0.54046630859375
0.0228309631347656 -0.066925048828125 -0.04718017578125 -0.9466552734375
-0.0341815948486328 -0.0280361175537109 -0.7227783203125 -0.39068603515625
-0.0330333709716797 0.00826644897460937 -0.557891845703125 0.33160400390625
0.0116071701049805 0.00725173950195313 -0.09661865234375 0.485626220703125
0.0111312866210938 0.0107803344726563 0.244216918945312 0.261917114257813
0.00656032562255859 -0.0100440979003906 0.33782958984375 -0.020172119140625
0.0255718231201172 -0.0241947174072266 -0.298583984375 0.0398864746093749
0.0236701965332031 -0.00422096252441406 -0.229644775390625 -0.230789184570313
0.0369834899902344 -0.000274658203125 0.084503173828125 -0.4345703125
0.0131187438964844 0.0181694030761719 0.550018310546875 -0.324798583984375
-0.0391159057617188 -0.00321197509765625 0.67828369140625 0.351806640625
-0.0296173095703125 -0.0782012939453125 0.1956787109375 0.88275146484375
0.0389785766601563 -0.0436019897460938 -0.355712890625 0.6409912109375
0.0949783325195312 -0.00931549072265625 -0.0588302612304687 0.0980148315429688
0.0600929260253906 -0.0331687927246094 0.4329833984375 -0.50848388671875
0.0235137939453125 -0.0490989685058594 0.00323486328124995 -0.94915771484375
-0.0169639587402344 -0.0186367034912109 -0.70721435546875 -0.4320068359375
-0.0169515609741211 0.00419998168945312 -0.58172607421875 0.30706787109375
0.0237579345703125 0.000274658203125 -0.12158203125 0.48675537109375
0.0159378051757813 0.00226402282714844 0.234161376953125 0.272262573242188
0.00249004364013672 -0.0131340026855469 0.340789794921875 -0.010467529296875
0.0209617614746094 -0.0291652679443359 -0.30194091796875 0.0421447753906251
0.0239982604980469 -0.0127773284912109 -0.240676879882813 -0.227767944335937
0.0455284118652344 -0.0101089477539063 0.063934326171875 -0.4359130859375
0.0322036743164063 0.0153045654296875 0.531494140625 -0.342803955078125
-0.0216541290283203 0.00855636596679687 0.687744140625 0.32427978515625
-0.030303955078125 -0.0540351867675781 0.23114013671875 0.87158203125
0.01788330078125 -0.0220470428466797 -0.336669921875 0.655517578125
0.061920166015625 0.00265121459960938 -0.065673828125 0.109527587890625
0.0355987548828125 -0.0128364562988281 0.446258544921875 -0.48760986328125
0.0224781036376953 -0.0251483917236328 0.04119873046875 -0.95208740234375
0.000949382781982422 -0.00507259368896484 -0.69287109375 -0.4632568359375
0.00170660018920898 0.00145018100738525 -0.60028076171875 0.28778076171875
0.0361061096191406 -0.0067138671875 -0.144073486328125 0.4844970703125
0.0192375183105469 -0.00688743591308594 0.221206665039063 0.279144287109375
-0.00180625915527344 -0.0180797576904297 0.338165283203125 -0.00628662109375
0.0157184600830078 -0.0333786010742188 -0.30615234375 0.0382385253906251
0.0242862701416016 -0.0210685729980469 -0.25128173828125 -0.229782104492188
0.0522384643554688 -0.0195388793945312 0.05169677734375 -0.43927001953125
0.0476608276367188 0.0126228332519531 0.521087646484375 -0.352264404296875
-0.00324821472167969 0.0193195343017578 0.68994140625 0.30804443359375
-0.0256137847900391 -0.0292301177978516 0.247802734375 0.862548828125
-0.00067901611328125 0.00232768058776855 -0.32098388671875 0.65936279296875
0.0275974273681641 0.0168437957763672 -0.0596847534179688 0.114280700683594
0.00734901428222656 0.00991058349609375 0.462371826171875 -0.479339599609375
0.0184478759765625 0.00167655944824219 0.0662231445312501 -0.94970703125
0.0159492492675781 0.0110912322998047 -0.68658447265625 -0.47784423828125
0.0188732147216797 0.00128936767578125 -0.6072998046875 0.2764892578125
0.0453910827636719 -0.0115814208984375 -0.155975341796875 0.482757568359375
0.0223369598388672 -0.0164566040039063 0.210464477539063 0.276992797851563
-0.00503349304199219 -0.02215576171875 0.33343505859375 -0.008026123046875
0.0123825073242187 -0.0366249084472656 -0.314239501953125 0.030242919921875
0.0232048034667969 -0.0270004272460937 -0.26025390625 -0.236892700195313
0.0556640625 -0.0252227783203125 0.0472412109375 -0.441131591796875
0.0595779418945313 0.0129432678222656 0.519134521484375 -0.353179931640625
0.0103244781494141 0.0287265777587891 0.6884765625 0.30987548828125
-0.0210437774658203 -0.00716590881347656 0.24908447265625 0.86041259765625
-0.0155925750732422 0.0261783599853516 -0.3079833984375 0.64971923828125
-0.00226783752441406 0.0319404602050781 -0.0407867431640625 0.108261108398437
-0.0159950256347656 0.0297374725341797 0.4718017578125 -0.485382080078125
0.0154685974121094 0.0254135131835938 0.0667724609375 -0.95086669921875
0.0289497375488281 0.0258426666259766 -0.68438720703125 -0.4713134765625
0.0302543640136719 0.00187301635742188 -0.60858154296875 0.275634765625
0.0522499084472656 -0.0143508911132812 -0.1597900390625 0.476043701171875
0.0239830017089844 -0.0224514007568359 0.202362060546875 0.271728515625
-0.00866889953613281 -0.0260467529296875 0.3271484375 -0.01568603515625
0.0111808776855469 -0.036346435546875 -0.322784423828125 0.01983642578125
0.0244255065917969 -0.0319576263427734 -0.265243530273437 -0.245681762695313
0.0573654174804688 -0.0279655456542969 0.051605224609375 -0.444549560546875
0.0659255981445313 0.0142898559570313 0.5299072265625 -0.344482421875
0.0175857543945312 0.0360488891601563 0.6807861328125 0.3316650390625
-0.0176200866699219 0.00806808471679687 0.23272705078125 0.86578369140625
-0.0267257690429687 0.0447044372558594 -0.30609130859375 0.634521484375
-0.0240631103515625 0.0443992614746094 -0.0147476196289063 0.09356689453125
-0.0321731567382813 0.0483970642089844 0.48040771484375 -0.504791259765625
0.0144233703613281 0.0430183410644531 0.0463256835937501 -0.9552001953125
0.0365486145019531 0.0356369018554688 -0.6929931640625 -0.45208740234375
0.0376625061035156 0.00194931030273438 -0.59967041015625 0.28607177734375
0.0536308288574219 -0.0164108276367188 -0.15069580078125 0.472869873046875
0.0237216949462891 -0.0282745361328125 0.199371337890625 0.261383056640625
-0.0095062255859375 -0.0274410247802734 0.31884765625 -0.027374267578125
0.0378875732421875 -0.0144081115722656 -0.314239501953125 0.0128784179687499
0.0165061950683594 0.0136537551879883 -0.209274291992188 -0.255584716796875
0.0106239318847656 0.0213813781738281 0.160308837890625 -0.438720703125
-0.0332069396972656 0.0216445922851563 0.62030029296875 -0.24688720703125
-0.0710067749023438 -0.0323410034179687 0.63031005859375 0.476318359375
-0.0103607177734375 -0.114410400390625 0.056884765625 0.91400146484375
0.0859832763671875 -0.0613632202148438 -0.395477294921875 0.56146240234375
0.143844604492188 -0.0169525146484375 0.0202426910400391 0.0325603485107422
0.0895309448242188 -0.0581512451171875 0.39501953125 -0.61102294921875
0.0166778564453125 -0.07598876953125 -0.15185546875 -0.9427490234375
-0.0529556274414063 -0.0268096923828125 -0.7552490234375 -0.300048828125
-0.0518150329589844 0.0211372375488281 -0.5103759765625 0.38250732421875
-0.00340080261230469 0.0167980194091797 -0.04644775390625 0.483062744140625
0.00421714782714844 0.0205135345458984 0.257965087890625 0.23675537109375
0.0131187438964844 -0.00820636749267578 0.330902099609375 -0.046478271484375
0.034454345703125 -0.0150852203369141 -0.30401611328125 0.028411865234375
0.0184097290039063 0.0101318359375 -0.2147216796875 -0.245315551757813
0.0171709060668945 0.0163917541503906 0.13494873046875 -0.43658447265625
-0.0223293304443359 0.0215187072753906 0.598876953125 -0.27325439453125
-0.0680427551269531 -0.0265274047851563 0.646728515625 0.43658447265625
-0.0182418823242188 -0.11126708984375 0.100341796875 0.91082763671875
0.0781326293945313 -0.0651931762695313 -0.39129638671875 0.59442138671875
0.140594482421875 -0.02001953125 -0.0126495361328125 0.0561943054199219
0.0897903442382813 -0.0581130981445313 0.407470703125 -0.57965087890625
0.0200042724609375 -0.0769195556640625 -0.100830078125 -0.95233154296875
-0.0472488403320312 -0.0300788879394531 -0.7440185546875 -0.34710693359375
-0.045745849609375 0.0160903930664062 -0.53411865234375 0.359100341796875
0.00164127349853516 0.0134592056274414 -0.06915283203125 0.486358642578125
0.00703239440917969 0.0165586471557617 0.254409790039063 0.247940063476563
0.00958824157714844 -0.005950927734375 0.33587646484375 -0.033843994140625
0.0301856994628906 -0.0205154418945313 -0.301483154296875 0.036285400390625
0.0212879180908203 0.00378799438476563 -0.22344970703125 -0.236526489257813
0.0277023315429688 0.00856399536132813 0.109954833984375 -0.437835693359375
-0.00597572326660156 0.0202884674072266 0.573974609375 -0.303466796875
-0.0565452575683594 -0.0157470703125 0.66864013671875 0.3919677734375
-0.0261154174804688 -0.098663330078125 0.15118408203125 0.900146484375
0.06024169921875 -0.0594558715820313 -0.37628173828125 0.6220703125
0.123306274414063 -0.01873779296875 -0.0415496826171875 0.0800704956054688
0.0800933837890625 -0.0495223999023438 0.42138671875 -0.543914794921875
0.0233306884765625 -0.0683784484863281 -0.0472412109375 -0.9539794921875
-0.0339241027832031 -0.0278778076171875 -0.7293701171875 -0.39202880859375
-0.0338020324707031 0.0095996856689453 -0.560577392578125 0.33441162109375
0.0108003616333008 0.00646305084228516 -0.0958251953125 0.48980712890625
0.0109519958496094 0.0106992721557617 0.246002197265625 0.263626098632813
0.00702285766601563 -0.00977802276611328 0.340423583984375 -0.0218505859375
0.0252323150634766 -0.0244102478027344 -0.30035400390625 0.0420227050781249
0.023223876953125 -0.00382614135742188 -0.233078002929687 -0.229293823242188
0.0380935668945312 -0.00116348266601562 0.082763671875 -0.4376220703125
0.012969970703125 0.017451286315918 0.55279541015625 -0.329864501953125
-0.0402984619140625 -0.003448486328125 0.6845703125 0.3531494140625
-0.0303573608398437 -0.078216552734375 0.19757080078125 0.8895263671875
0.0393180847167969 -0.0444869995117188 -0.35748291015625 0.64752197265625
0.0971755981445313 -0.00988006591796875 -0.0592498779296875 0.09967041015625
0.0609970092773437 -0.0331802368164063 0.4361572265625 -0.512603759765625
0.0235176086425781 -0.0495681762695313 0.00274658203125002 -0.955810546875
-0.0173187255859375 -0.0194301605224609 -0.713134765625 -0.4345703125
-0.0168533325195313 0.00559616088867187 -0.58563232421875 0.30914306640625
0.0226764678955078 -0.0001373291015625 -0.12060546875 0.489166259765625
0.015202522277832 0.00256538391113281 0.234756469726563 0.273452758789063
0.00295257568359375 -0.0127639770507813 0.34259033203125 -0.0135498046875
0.0208244323730469 -0.0294704437255859 -0.30322265625 0.042083740234375
0.02398681640625 -0.0134754180908203 -0.243331909179687 -0.227828979492188
0.0461616516113281 -0.0113868713378906 0.064727783203125 -0.439971923828125
0.0324478149414063 0.0154304504394531 0.534271240234375 -0.347198486328125
-0.0208225250244141 0.00924301147460937 0.696044921875 0.32470703125
-0.0302314758300781 -0.0534629821777344 0.23480224609375 0.87738037109375
0.0181179046630859 -0.0228862762451172 -0.33740234375 0.659912109375
0.06365966796875 0.00261688232421875 -0.0664520263671875 0.112739562988281
0.0363082885742188 -0.0127983093261719 0.45025634765625 -0.491363525390625
0.0224533081054688 -0.025177001953125 0.0414428710937499 -0.9586181640625
0.000899791717529297 -0.00493431091308594 -0.7001953125 -0.465576171875
0.00210320949554443 0.00205028057098389 -0.60369873046875 0.29107666015625
0.0351066589355469 -0.00647926330566406 -0.142364501953125 0.48828125
0.0195579528808594 -0.00728034973144531 0.22283935546875 0.280364990234375
-0.00150966644287109 -0.0168876647949219 0.340789794921875 -0.007476806640625
0.0147247314453125 -0.0337581634521484 -0.309051513671875 0.040374755859375
0.0247249603271484 -0.0215282440185547 -0.253997802734375 -0.2301025390625
0.0524368286132812 -0.020233154296875 0.050201416015625 -0.44097900390625
0.04840087890625 0.0127220153808594 0.524078369140625 -0.356536865234375
-0.00293922424316406 0.0198917388916016 0.697509765625 0.30841064453125
-0.02685546875 -0.0289649963378906 0.2529296875 0.86822509765625
-0.000848054885864258 0.00254940986633301 -0.32073974609375 0.66436767578125
0.0281429290771484 0.0172519683837891 -0.060302734375 0.115562438964844
0.00899028778076172 0.0101041793823242 0.46478271484375 -0.48309326171875
0.0189723968505859 0.00129127502441406 0.06622314453125 -0.958740234375
0.0167274475097656 0.0114231109619141 -0.690673828125 -0.4779052734375
0.0191516876220703 0.00139427185058594 -0.6129150390625 0.27734375
0.0457038879394531 -0.0109672546386719 -0.1553955078125 0.48370361328125
0.0230636596679688 -0.0164527893066406 0.212677001953125 0.278594970703125
-0.00609207153320313 -0.0228805541992188 0.336700439453125 -0.010284423828125
0.0122413635253906 -0.0370597839355469 -0.316436767578125 0.03173828125
0.0234928131103516 -0.0277214050292969 -0.261306762695313 -0.236831665039063
0.0569343566894531 -0.0261421203613281 0.047088623046875 -0.44390869140625
0.0604972839355469 0.0113945007324219 0.52227783203125 -0.3570556640625
0.0112361907958984 0.0290584564208984 0.69451904296875 0.31103515625
-0.0218391418457031 -0.00764083862304687 0.252685546875 0.8665771484375
-0.0164947509765625 0.0265083312988281 -0.310791015625 0.6561279296875
-0.0022430419921875 0.0312213897705078 -0.0427780151367187 0.109565734863281
-0.0147724151611328 0.0309524536132812 0.475677490234375 -0.488006591796875
0.0152187347412109 0.0259895324707031 0.0671997070312501 -0.9583740234375
0.0292682647705078 0.0260334014892578 -0.69189453125 -0.4771728515625
0.0315685272216797 0.00186347961425781 -0.612548828125 0.2781982421875
0.052398681640625 -0.0158843994140625 -0.15875244140625 0.477508544921875
0.0243606567382813 -0.0235481262207031 0.205169677734375 0.2740478515625
-0.0082855224609375 -0.0257778167724609 0.328857421875 -0.016937255859375
0.0111122131347656 -0.03814697265625 -0.32586669921875 0.022552490234375
0.0241775512695312 -0.0330410003662109 -0.266921997070312 -0.24627685546875
0.058197021484375 -0.0287132263183594 0.051116943359375 -0.446868896484375
0.0657119750976563 0.0128135681152344 0.53271484375 -0.3472900390625
0.017608642578125 0.0358161926269531 0.6875 0.33233642578125
-0.0185356140136719 0.00914764404296875 0.2353515625 0.8717041015625
-0.0271453857421875 0.0447540283203125 -0.307373046875 0.64141845703125
-0.0244369506835937 0.0447578430175781 -0.0154800415039063 0.0961227416992188
-0.0308990478515625 0.0486640930175781 0.483245849609375 -0.509246826171875
0.0145645141601562 0.044189453125 0.04608154296875 -0.96258544921875
0.0368385314941406 0.0353813171386719 -0.69903564453125 -0.4537353515625
0.0375595092773438 0.0024261474609375 -0.60345458984375 0.28924560546875
0.0534019470214844 -0.0171585083007812 -0.1507568359375 0.4766845703125
0.0233554840087891 -0.0274581909179688 0.201400756835938 0.262893676757813
-0.009521484375 -0.0265293121337891 0.322113037109375 -0.027923583984375
0.0375785827636719 -0.0141677856445313 -0.316497802734375 0.016357421875
0.0157070159912109 0.0148725509643555 -0.213180541992188 -0.25665283203125
0.0100231170654297 0.0205078125 0.158538818359375 -0.443695068359375
-0.0326862335205078 0.0208950042724609 0.62359619140625 -0.251708984375
-0.0731735229492188 -0.0327911376953125 0.6370849609375 0.4774169921875
-0.01177978515625 -0.115585327148438 0.060302734375 0.9197998046875
0.0866470336914063 -0.0630645751953125 -0.3961181640625 0.5662841796875
0.145675659179688 -0.017669677734375 0.0190658569335938 0.033294677734375
0.0905838012695313 -0.057220458984375 0.3988037109375 -0.61541748046875
0.0168991088867188 -0.07672119140625 -0.15679931640625 -0.9515380859375
-0.0532608032226563 -0.026336669921875 -0.76324462890625 -0.30157470703125
-0.0524177551269531 0.0224647521972656 -0.5113525390625 0.3858642578125
-0.00389575958251953 0.0170202255249023 -0.04290771484375 0.485870361328125
0.00431251525878906 0.02056884765625 0.261978149414063 0.236709594726563
0.0132255554199219 -0.00616455078125 0.33416748046875 -0.049163818359375
0.0338478088378906 -0.015655517578125 -0.3070068359375 0.030242919921875
0.0191516876220703 0.0103893280029297 -0.21771240234375 -0.244918823242187
0.0183830261230469 0.0165061950683594 0.13604736328125 -0.439727783203125
-0.0219154357910156 0.0213241577148438 0.60089111328125 -0.27838134765625
-0.0685005187988281 -0.0265083312988281 0.65582275390625 0.4388427734375
-0.019378662109375 -0.11224365234375 0.10162353515625 0.91845703125
0.0778121948242188 -0.066497802734375 -0.3924560546875 0.59906005859375
0.142776489257813 -0.0218658447265625 -0.0135002136230469 0.057861328125
0.0907058715820313 -0.0579986572265625 0.4090576171875 -0.5843505859375
0.0209197998046875 -0.0776214599609375 -0.1033935546875 -0.96044921875
-0.0470237731933594 -0.031646728515625 -0.75 -0.3482666015625
-0.0459938049316406 0.01702880859375 -0.538970947265625 0.364959716796875
0.00121879577636719 0.0134897232055664 -0.0679321289062499 0.49072265625
0.00767803192138672 0.0162315368652344 0.258010864257813 0.25006103515625
0.00853681564331055 -0.00633478164672852 0.339019775390625 -0.036834716796875
0.0293369293212891 -0.020263671875 -0.3046875 0.038909912109375
0.0211124420166016 0.0048828125 -0.226470947265625 -0.235565185546875
0.027618408203125 0.00836181640625 0.109466552734375 -0.4403076171875
-0.00512504577636719 0.0200462341308594 0.57757568359375 -0.3076171875
-0.0570907592773437 -0.0163955688476562 0.67608642578125 0.3922119140625
-0.0276031494140625 -0.0985946655273438 0.1556396484375 0.90533447265625
0.0612831115722656 -0.0598678588867188 -0.3782958984375 0.62896728515625
0.125129699707031 -0.018707275390625 -0.0411834716796875 0.0818252563476563
0.0803604125976563 -0.0502243041992188 0.4234619140625 -0.5484619140625
0.0231857299804687 -0.0683937072753906 -0.0520019531249999 -0.96282958984375
-0.0338687896728516 -0.0285015106201172 -0.73577880859375 -0.392578125
-0.0333881378173828 0.0106410980224609 -0.56658935546875 0.3394775390625
0.0108356475830078 0.00613212585449219 -0.0943908691406249 0.4920654296875
0.0114040374755859 0.0103063583374023 0.249893188476563 0.265350341796875
0.00681018829345703 -0.00928783416748047 0.34381103515625 -0.0233154296875
0.0244007110595703 -0.0246734619140625 -0.302947998046875 0.044769287109375
0.02392578125 -0.00434303283691406 -0.235702514648438 -0.229537963867187
0.0375099182128906 -0.00200271606445313 0.0843505859375 -0.44219970703125
0.0140180587768555 0.0174760818481445 0.55645751953125 -0.335052490234375
-0.040740966796875 -0.00307464599609375 0.69171142578125 0.35430908203125
-0.0318145751953125 -0.0789947509765625 0.2027587890625 0.8936767578125
0.0404777526855469 -0.0446243286132813 -0.358642578125 0.6519775390625
0.0979156494140625 -0.0111160278320313 -0.060272216796875 0.101280212402344
0.0626907348632813 -0.0338973999023438 0.439208984375 -0.51727294921875
0.0243759155273437 -0.0498886108398437 0.00140380859374996 -0.96307373046875
-0.017669677734375 -0.0194339752197266 -0.71826171875 -0.4359130859375
-0.0168123245239258 0.00471210479736328 -0.58782958984375 0.31390380859375
0.0232830047607422 0.000486373901367187 -0.120025634765625 0.49249267578125
0.0146045684814453 0.00233650207519531 0.239059448242188 0.27532958984375
0.00231647491455078 -0.0118799209594727 0.3463134765625 -0.014556884765625
0.0195636749267578 -0.0296173095703125 -0.3052978515625 0.045867919921875
0.0233345031738281 -0.0135326385498047 -0.247100830078125 -0.227523803710937
0.04638671875 -0.0122642517089844 0.063385009765625 -0.44183349609375
0.0323772430419922 0.0138988494873047 0.53765869140625 -0.3526611328125
-0.0205039978027344 0.0085906982421875 0.70355224609375 0.324462890625
-0.0313644409179688 -0.0543785095214844 0.239013671875 0.8837890625
0.0191192626953125 -0.0220355987548828 -0.33770751953125 0.668212890625
0.0650138854980469 0.001495361328125 -0.0667190551757813 0.113388061523438
0.0375595092773438 -0.0129013061523438 0.452362060546875 -0.4962158203125
0.0232791900634766 -0.0251083374023438 0.0387573242187499 -0.96527099609375
0.000889778137207031 -0.00507068634033203 -0.70758056640625 -0.4647216796875
0.00211811065673828 0.0028846263885498 -0.605224609375 0.29351806640625
0.03485107421875 -0.00647354125976562 -0.142547607421875 0.49090576171875
0.0191612243652344 -0.00767707824707031 0.225677490234375 0.2813720703125
-0.00141716003417969 -0.0177497863769531 0.34423828125 -0.00994873046875
0.0138034820556641 -0.0341167449951172 -0.31109619140625 0.0416259765625
0.0239753723144531 -0.0224876403808594 -0.257232666015625 -0.229873657226562
0.0528564453125 -0.0208053588867188 0.0489501953125 -0.44305419921875
0.0499153137207031 0.01165771484375 0.527923583984375 -0.360931396484375
-0.00370025634765625 0.0196323394775391 0.70428466796875 0.3101806640625
-0.0282344818115234 -0.0286369323730469 0.25823974609375 0.87469482421875
-0.000308871269226074 0.00216293334960938 -0.323486328125 0.670654296875
0.0295562744140625 0.0174446105957031 -0.0598907470703125 0.116691589355469
0.00940895080566406 0.01007080078125 0.4669189453125 -0.48626708984375
0.0189418792724609 0.00136375427246094 0.064453125 -0.96722412109375
0.0162410736083984 0.0107936859130859 -0.69830322265625 -0.47857666015625
0.0184211730957031 0.00228309631347656 -0.6162109375 0.2822265625
0.0458450317382813 -0.0121955871582031 -0.153594970703125 0.48785400390625
0.0226287841796875 -0.0163688659667969 0.215774536132813 0.278762817382813
-0.0062408447265625 -0.0221195220947266 0.338531494140625 -0.0115966796875
0.01153564453125 -0.0368270874023438 -0.319671630859375 0.034637451171875
0.02410888671875 -0.028472900390625 -0.26483154296875 -0.235000610351563
0.0567474365234375 -0.0271873474121094 0.04534912109375 -0.4473876953125
0.0611801147460938 0.0104408264160156 0.5262451171875 -0.36187744140625
0.0106124877929688 0.0283832550048828 0.703125 0.31256103515625
-0.0230865478515625 -0.00815773010253907 0.2567138671875 0.8734130859375
-0.0165061950683594 0.0262260437011719 -0.312744140625 0.66204833984375
-0.00103187561035156 0.0311012268066406 -0.0424728393554687 0.111991882324219
-0.0140857696533203 0.0309772491455078 0.47845458984375 -0.493316650390625
0.01611328125 0.0249290466308594 0.0653076171875 -0.96722412109375
0.0296573638916016 0.0254192352294922 -0.69927978515625 -0.4769287109375
0.0316352844238281 0.00177001953125 -0.61639404296875 0.2823486328125
0.0523567199707031 -0.0161209106445313 -0.15838623046875 0.481719970703125
0.0242958068847656 -0.0242729187011719 0.207748413085938 0.275054931640625
-0.0088958740234375 -0.0255393981933594 0.332733154296875 -0.018768310546875
0.0102424621582031 -0.03863525390625 -0.327789306640625 0.025054931640625
0.02264404296875 -0.0326385498046875 -0.270156860351563 -0.245040893554687
0.0582618713378906 -0.0289688110351563 0.051116943359375 -0.45050048828125
0.0669784545898438 0.0118637084960938 0.536163330078125 -0.351409912109375
0.0179824829101563 0.0354042053222656 0.697021484375 0.33135986328125
-0.0188198089599609 0.00895309448242187 0.24127197265625 0.87689208984375
-0.0277557373046875 0.0438613891601563 -0.3079833984375 0.64788818359375
-0.0240821838378906 0.0439186096191406 -0.0150604248046875 0.0967559814453125
-0.0309715270996094 0.0488624572753906 0.48553466796875 -0.51416015625
0.0148468017578125 0.0447425842285156 0.0455322265625 -0.97174072265625
0.0377120971679688 0.0355720520019531 -0.70648193359375 -0.4564208984375
0.0384559631347656 0.00245285034179688 -0.60791015625 0.29443359375
0.0542335510253906 -0.0171737670898438 -0.149322509765625 0.480438232421875
0.0236625671386719 -0.0284271240234375 0.204345703125 0.263916015625
-0.00893402099609375 -0.0268173217773437 0.3245849609375 -0.030517578125
0.0373497009277344 -0.0147361755371094 -0.319244384765625 0.0181884765625
0.0151872634887695 0.0146570205688477 -0.2161865234375 -0.2552490234375
0.0102138519287109 0.0205459594726563 0.15802001953125 -0.44622802734375
-0.0331478118896484 0.0206203460693359 0.627685546875 -0.258056640625
-0.0742111206054687 -0.0321426391601563 0.64556884765625 0.4796142578125
-0.0125885009765625 -0.11578369140625 0.0648193359374999 0.92779541015625
0.087310791015625 -0.0631637573242188 -0.39874267578125 0.5745849609375
0.1470947265625 -0.0188140869140625 0.0191078186035156 0.035552978515625
0.0918350219726562 -0.0594635009765625 0.3992919921875 -0.62322998046875
0.0173873901367187 -0.0771942138671875 -0.16253662109375 -0.9573974609375
-0.0545578002929687 -0.0270652770996094 -0.77264404296875 -0.2991943359375
-0.0532798767089844 0.0232048034667969 -0.514892578125 0.394256591796875
-0.00439834594726563 0.0172338485717773 -0.041290283203125 0.490631103515625
0.00448036193847657 0.0198726654052734 0.265426635742188 0.237472534179688
0.0135049819946289 -0.00617218017578125 0.3367919921875 -0.05126953125
0.0332183837890625 -0.0159015655517578 -0.3096923828125 0.031768798828125
0.0182151794433594 0.0103797912597656 -0.220367431640625 -0.24432373046875
0.0179271697998047 0.0159168243408203 0.1341552734375 -0.445159912109375
-0.0216655731201172 0.0201072692871094 0.604736328125 -0.28399658203125
-0.0699424743652344 -0.0267105102539063 0.664794921875 0.43853759765625
-0.0204544067382813 -0.113357543945313 0.10870361328125 0.92529296875
0.078704833984375 -0.0669708251953125 -0.3922119140625 0.60748291015625
0.143295288085938 -0.0220184326171875 -0.0130805969238281 0.0591621398925781
0.0918960571289063 -0.0592041015625 0.41131591796875 -0.5902099609375
0.0207366943359375 -0.0783462524414063 -0.10870361328125 -0.967041015625
-0.0482444763183594 -0.0310401916503906 -0.75994873046875 -0.34759521484375
-0.0464591979980469 0.01739501953125 -0.540130615234375 0.370391845703125
0.00051593780517578 0.0137119293212891 -0.06640625 0.49383544921875
0.00746536254882813 0.0171375274658203 0.261520385742188 0.249908447265625
0.00983905792236328 -0.00587654113769531 0.340972900390625 -0.0390625
0.0290431976318359 -0.0210685729980469 -0.30645751953125 0.0406494140625
0.0207633972167969 0.00356864929199219 -0.22833251953125 -0.236373901367188
0.0277462005615234 0.00811195373535156 0.10736083984375 -0.444671630859375
-0.00501632690429688 0.0188980102539062 0.58197021484375 -0.31329345703125
-0.0583572387695312 -0.0155372619628906 0.6854248046875 0.3935546875
-0.02880859375 -0.0996170043945313 0.16290283203125 0.91302490234375
0.0613250732421875 -0.0613784790039063 -0.3787841796875 0.63427734375
0.126579284667969 -0.0199356079101563 -0.041717529296875 0.083740234375
0.0814285278320313 -0.0508193969726563 0.4234619140625 -0.554046630859375
0.0231513977050781 -0.069183349609375 -0.0555419921875 -0.97119140625
-0.0344009399414062 -0.0293903350830078 -0.74432373046875 -0.393310546875
-0.0341796875 0.0107326507568359 -0.567626953125 0.3453369140625
0.0104894638061523 0.00634479522705078 -0.092010498046875 0.496734619140625
0.0113601684570313 0.0113983154296875 0.253921508789063 0.26531982421875
0.0071263313293457 -0.0080718994140625 0.347625732421875 -0.026763916015625
0.0239696502685547 -0.0250225067138672 -0.30572509765625 0.047271728515625
0.0232810974121094 -0.00506401062011719 -0.238739013671875 -0.229354858398438
0.0382804870605469 -0.00221633911132813 0.0826416015625 -0.44598388671875
0.0136804580688477 0.0169153213500977 0.558685302734375 -0.340087890625
-0.0410194396972656 -0.00295257568359375 0.70196533203125 0.35382080078125
-0.033447265625 -0.0787124633789063 0.210205078125 0.90155029296875
0.0399703979492188 -0.045074462890625 -0.3607177734375 0.6600341796875
0.0986785888671875 -0.0111236572265625 -0.0599288940429687 0.102737426757813
0.0631828308105469 -0.0342636108398438 0.43914794921875 -0.523406982421875
0.024810791015625 -0.0503463745117187 -0.00518798828124994 -0.97320556640625
-0.0174198150634766 -0.0201015472412109 -0.72802734375 -0.43548583984375
-0.0164508819580078 0.00561714172363281 -0.59326171875 0.31976318359375
0.0228462219238281 -0.000118255615234375 -0.118408203125 0.498779296875
0.0156764984130859 0.00237274169921875 0.242843627929687 0.276016235351563
0.00225925445556641 -0.0113525390625 0.349273681640625 -0.016204833984375
0.0177936553955078 -0.0306587219238281 -0.308929443359375 0.0478820800781251
0.02410888671875 -0.0140304565429688 -0.250152587890625 -0.226776123046875
0.0466804504394531 -0.0136566162109375 0.060882568359375 -0.445953369140625
0.0331039428710938 0.0132255554199219 0.541900634765625 -0.3577880859375
-0.0214195251464844 0.00819969177246093 0.70965576171875 0.3240966796875
-0.0324134826660156 -0.0543861389160156 0.245361328125 0.88983154296875
0.0183582305908203 -0.0230789184570313 -0.33905029296875 0.67694091796875
0.0650253295898438 0.0009765625 -0.0674667358398438 0.114631652832031
0.03790283203125 -0.013336181640625 0.45458984375 -0.501251220703125
0.0230827331542969 -0.0262107849121094 0.0334472656250001 -0.97467041015625
0.0013117790222168 -0.00540494918823242 -0.7166748046875 -0.46697998046875
0.00254321098327637 0.00256109237670898 -0.61065673828125 0.3011474609375
0.035552978515625 -0.0066375732421875 -0.13995361328125 0.4957275390625
0.0195465087890625 -0.00757598876953125 0.230926513671875 0.282745361328125
-0.00211334228515625 -0.0170345306396484 0.348175048828125 -0.0120849609375
0.0127220153808594 -0.0343589782714844 -0.3150634765625 0.045074462890625
0.0231094360351563 -0.0231266021728516 -0.260147094726562 -0.229049682617188
0.0529251098632813 -0.0222702026367188 0.04766845703125 -0.4482421875
0.049774169921875 0.00994873046875 0.529571533203125 -0.36773681640625
-0.00371551513671875 0.0200157165527344 0.71319580078125 0.308349609375
-0.0291614532470703 -0.0291767120361328 0.26336669921875 0.88153076171875
-0.000890016555786133 0.00290584564208984 -0.3231201171875 0.67730712890625
0.0306606292724609 0.0154247283935547 -0.0613250732421875 0.118385314941406
0.0102119445800781 0.00987720489501953 0.469268798828125 -0.49188232421875
0.0195407867431641 0.00107765197753906 0.0614624023437501 -0.974853515625
0.0169858932495117 0.010899543762207 -0.7060546875 -0.48089599609375
0.0198421478271484 0.00175285339355469 -0.6201171875 0.2891845703125
0.0464935302734375 -0.0125389099121094 -0.152496337890625 0.49041748046875
0.0227756500244141 -0.0173721313476562 0.220932006835938 0.2811279296875
-0.00613021850585938 -0.0201244354248047 0.343475341796875 -0.014312744140625
0.009521484375 -0.0369300842285156 -0.321563720703125 0.03717041015625
0.0231342315673828 -0.0297260284423828 -0.269622802734375 -0.235992431640625
0.0573844909667969 -0.0282211303710938 0.043670654296875 -0.451995849609375
0.062103271484375 0.00980758666992187 0.52850341796875 -0.3671875
0.0107841491699219 0.0289344787597656 0.71075439453125 0.3121337890625
-0.0236968994140625 -0.0076141357421875 0.26373291015625 0.87921142578125
-0.0170078277587891 0.0259990692138672 -0.3138427734375 0.66961669921875
-0.00123786926269532 0.0316276550292969 -0.0426025390625 0.112899780273438
-0.0134353637695313 0.0316867828369141 0.47979736328125 -0.498779296875
0.0166282653808594 0.0258216857910156 0.0621948242187499 -0.974365234375
0.0302715301513672 0.0250968933105469 -0.70654296875 -0.4794921875
0.0329933166503906 0.0022125244140625 -0.6190185546875 0.2889404296875
0.05267333984375 -0.0164680480957031 -0.15582275390625 0.48675537109375
0.0240306854248047 -0.0247421264648438 0.211807250976563 0.275253295898438
-0.00950813293457032 -0.0247573852539063 0.335235595703125 -0.02130126953125
0.00933456420898437 -0.0389747619628906 -0.331817626953125 0.027862548828125
0.0234260559082031 -0.033172607421875 -0.275375366210938 -0.24468994140625
0.0580673217773438 -0.0305747985839844 0.048675537109375 -0.453948974609375
0.0678520202636719 0.0102920532226563 0.5404052734375 -0.357421875
0.01861572265625 0.0357398986816406 0.70587158203125 0.3336181640625
-0.0203189849853516 0.00869178771972656 0.24652099609375 0.88446044921875
-0.0276565551757812 0.0453681945800781 -0.3089599609375 0.6533203125
-0.0239105224609375 0.0444679260253906 -0.0152359008789063 0.0987319946289063
-0.0305366516113281 0.0494499206542969 0.487640380859375 -0.519439697265625
0.0166015625 0.0441665649414063 0.0415039062500001 -0.9791259765625
0.0383415222167969 0.0356292724609375 -0.71429443359375 -0.45703125
0.0392074584960938 0.0029449462890625 -0.60968017578125 0.29925537109375
0.0541534423828125 -0.0192642211914063 -0.148223876953125 0.483917236328125
0.023406982421875 -0.0296192169189453 0.208236694335938 0.264907836914063
-0.0101680755615234 -0.0265731811523438 0.326934814453125 -0.032989501953125
0.0374717712402344 -0.0148696899414063 -0.321685791015625 0.02197265625
0.0154056549072266 0.014653205871582 -0.218673706054688 -0.255508422851563
0.0113048553466797 0.0197029113769531 0.155242919921875 -0.45196533203125
-0.0335502624511719 0.0202674865722656 0.63226318359375 -0.26519775390625
-0.0752944946289063 -0.032073974609375 0.65582275390625 0.47796630859375
-0.014434814453125 -0.116294860839844 0.0732421875000001 0.9332275390625
0.0879287719726563 -0.063690185546875 -0.3988037109375 0.5821533203125
0.148086547851563 -0.020751953125 0.02069091796875 0.0359268188476563
0.0926513671875 -0.060150146484375 0.3966064453125 -0.63165283203125
0.017913818359375 -0.0781784057617188 -0.16937255859375 -0.96612548828125
-0.0563087463378906 -0.0272140502929688 -0.78155517578125 -0.29791259765625
-0.0526084899902344 0.0244636535644531 -0.5166015625 0.4012451171875
-0.00395011901855469 0.0173940658569336 -0.03668212890625 0.49371337890625
0.00558280944824219 0.0201339721679688 0.269683837890625 0.237777709960938
0.0132331848144531 -0.00537776947021484 0.3399658203125 -0.0555419921875
0.0330219268798828 -0.0164604187011719 -0.312103271484375 0.03631591796875
0.0183334350585938 0.0112190246582031 -0.224227905273438 -0.244186401367188
0.018218994140625 0.0155410766601562 0.133148193359375 -0.44921875
-0.0217494964599609 0.0207538604736328 0.608642578125 -0.2906494140625
-0.070770263671875 -0.026611328125 0.67578125 0.4384765625
-0.0233230590820313 -0.113723754882812 0.11566162109375 0.9345703125
0.0785598754882813 -0.0678634643554688 -0.392822265625 0.6146240234375
0.144973754882813 -0.024566650390625 -0.0133247375488281 0.0606307983398438
0.092529296875 -0.060821533203125 0.40924072265625 -0.598388671875
0.019805908203125 -0.0797653198242188 -0.11553955078125 -0.9757080078125
-0.04766845703125 -0.0310401916503906 -0.7681884765625 -0.34490966796875
-0.0464439392089844 0.0186538696289063 -0.54217529296875 0.378082275390625
0.00116920471191406 0.0131292343139648 -0.062744140625 0.497283935546875
0.00823211669921875 0.0177707672119141 0.266098022460938 0.250076293945313
0.0101566314697266 -0.00522518157958984 0.345062255859375 -0.043609619140625
0.0286235809326172 -0.0209217071533203 -0.3094482421875 0.044525146484375
0.0204753875732422 0.00409889221191406 -0.2325439453125 -0.235092163085938
0.0286960601806641 0.00696754455566406 0.106170654296875 -0.44940185546875
-0.00496673583984375 0.0190849304199219 0.584228515625 -0.3206787109375
-0.0588417053222656 -0.0159416198730469 0.69464111328125 0.39300537109375
-0.03057861328125 -0.09967041015625 0.1702880859375 0.92095947265625
0.060455322265625 -0.0618896484375 -0.37725830078125 0.642578125
0.127761840820313 -0.0219650268554688 -0.041229248046875 0.08404541015625
0.0829849243164063 -0.0517654418945313 0.424224853515625 -0.56097412109375
0.0234336853027344 -0.0699806213378906 -0.06402587890625 -0.98077392578125
-0.0343570709228516 -0.0285320281982422 -0.755859375 -0.39044189453125
-0.0340518951416016 0.0117092132568359 -0.570556640625 0.35205078125
0.0103139877319336 0.00652313232421875 -0.0887451171875 0.500885009765625
0.0119686126708984 0.0108165740966797 0.258285522460938 0.266250610351563
0.00697183609008789 -0.0074009895324707 0.3505859375 -0.0299072265625
0.0232219696044922 -0.0254974365234375 -0.308807373046875 0.0509643554687499
0.0229339599609375 -0.0045166015625 -0.2423095703125 -0.228469848632812
0.0383491516113281 -0.00373077392578125 0.0797119140625 -0.449615478515625
0.0147380828857422 0.0164690017700195 0.561492919921875 -0.34625244140625
-0.0422821044921875 -0.00315475463867188 0.7103271484375 0.3525390625
-0.0348663330078125 -0.0795364379882813 0.21636962890625 0.907958984375
0.0401611328125 -0.0451583862304688 -0.35699462890625 0.6671142578125
0.0999984741210938 -0.0123443603515625 -0.0602035522460938 0.104682922363281
0.0644798278808594 -0.0346794128417969 0.439727783203125 -0.52978515625
0.0251579284667969 -0.0512809753417969 -0.010986328125 -0.982421875
-0.0175971984863281 -0.0201148986816406 -0.7376708984375 -0.43634033203125
-0.0168819427490234 0.00656890869140625 -0.5953369140625 0.32781982421875
0.0225162506103516 -0.000446319580078125 -0.11529541015625 0.500823974609375
0.0158367156982422 0.00193977355957031 0.247329711914063 0.2764892578125
0.00216007232666016 -0.0114755630493164 0.352325439453125 -0.0206298828125
0.017608642578125 -0.0305576324462891 -0.31097412109375 0.0518493652343749
0.0228805541992187 -0.0141086578369141 -0.254013061523438 -0.226242065429687
0.0477142333984375 -0.0145912170410156 0.0583801269531249 -0.45001220703125
0.0345401763916016 0.0120372772216797 0.544036865234375 -0.364227294921875
-0.0222835540771484 0.00851249694824218 0.72052001953125 0.32220458984375
-0.0343856811523438 -0.0546226501464844 0.2542724609375 0.89483642578125
0.0184173583984375 -0.0239372253417969 -0.33648681640625 0.6827392578125
0.0661888122558594 0.00061798095703125 -0.0671310424804688 0.117683410644531
0.0387191772460938 -0.0128211975097656 0.453765869140625 -0.507171630859375
0.0235157012939453 -0.0262508392333984 0.0284423828125 -0.9832763671875
0.000261306762695313 -0.00582075119018555 -0.7247314453125 -0.46636962890625
0.00284385681152344 0.00345945358276367 -0.613525390625 0.30780029296875
0.0357398986816406 -0.007781982421875 -0.136871337890625 0.499298095703125
0.0197544097900391 -0.00905036926269531 0.234588623046875 0.283050537109375
-0.00176143646240235 -0.0157241821289063 0.3507080078125 -0.01507568359375
0.0127067565917969 -0.0355377197265625 -0.316650390625 0.0484313964843749
0.0229625701904297 -0.0230674743652344 -0.265045166015625 -0.228668212890625
0.0533180236816406 -0.0235862731933594 0.044281005859375 -0.45196533203125
0.0509986877441406 0.00911712646484375 0.531646728515625 -0.374908447265625
-0.00362586975097656 0.0193347930908203 0.72271728515625 0.3065185546875
-0.030181884765625 -0.0291385650634766 0.27288818359375 0.886474609375
-0.00130033493041992 0.00237417221069336 -0.32037353515625 0.6851806640625
0.0309944152832031 0.0154056549072266 -0.0607757568359375 0.120620727539062
0.0113334655761719 0.0102853775024414 0.469879150390625 -0.49896240234375
0.0201549530029297 0.000385284423828125 0.0554199218749999 -0.98419189453125
0.0178203582763672 0.0100994110107422 -0.7169189453125 -0.48028564453125
0.0210857391357422 0.00226593017578125 -0.6248779296875 0.2933349609375
0.0462799072265625 -0.0126190185546875 -0.1497802734375 0.49713134765625
0.0229396820068359 -0.0177993774414063 0.22412109375 0.281982421875
-0.00635528564453125 -0.0205917358398437 0.3465576171875 -0.018096923828125
0.0096435546875 -0.0381202697753906 -0.324798583984375 0.040283203125
0.0228843688964844 -0.0297565460205078 -0.274093627929688 -0.23486328125
0.0581436157226562 -0.0301551818847656 0.040985107421875 -0.454437255859375
0.0627174377441406 0.00867843627929687 0.530670166015625 -0.374359130859375
0.011474609375 0.0287380218505859 0.72113037109375 0.3106689453125
-0.0238704681396484 -0.00699615478515625 0.272216796875 0.8857421875
-0.0167942047119141 0.0260410308837891 -0.3111572265625 0.6781005859375
-0.00010871887207031 0.0311470031738281 -0.0430526733398437 0.115089416503906
-0.0128669738769531 0.0326461791992188 0.48150634765625 -0.50494384765625
0.0174312591552734 0.0256767272949219 0.0551757812500001 -0.98492431640625
0.0310764312744141 0.0253105163574219 -0.71624755859375 -0.47637939453125
0.03399658203125 0.00270843505859375 -0.62255859375 0.2957763671875
0.0524711608886719 -0.0174636840820313 -0.1539306640625 0.492156982421875
0.024078369140625 -0.0249080657958984 0.215667724609375 0.276290893554688
-0.00882530212402344 -0.0241336822509766 0.3387451171875 -0.0247802734375
0.00828933715820313 -0.0394210815429688 -0.334381103515625 0.03094482421875
0.0229072570800781 -0.0348281860351563 -0.279708862304688 -0.244110107421875
0.0588912963867188 -0.0318336486816406 0.0458984375 -0.457794189453125
0.0694923400878906 0.00989151000976563 0.54266357421875 -0.365753173828125
0.0184593200683594 0.0355682373046875 0.7122802734375 0.330322265625
-0.0214958190917969 0.00940132141113282 0.255859375 0.88983154296875
-0.0278396606445313 0.0459861755371094 -0.30657958984375 0.65985107421875
-0.0232162475585937 0.0448417663574219 -0.0144805908203125 0.100601196289062
-0.0293769836425781 0.0504341125488281 0.4901123046875 -0.52734375
0.0171585083007812 0.0443458557128906 0.03656005859375 -0.98968505859375
0.0389404296875 0.0345993041992188 -0.7232666015625 -0.45556640625
0.0397148132324219 0.00242996215820312 -0.61285400390625 0.30865478515625
0.0546340942382813 -0.0188217163085938 -0.146331787109375 0.48883056640625
0.0234642028808594 -0.0294933319091797 0.212677001953125 0.26611328125
-0.0101318359375 -0.0259571075439453 0.330810546875 -0.036834716796875
0.0358810424804688 -0.0154266357421875 -0.32501220703125 0.0255126953124999
0.0142993927001953 0.0154047012329102 -0.223663330078125 -0.254074096679688
0.0104007720947266 0.0188922882080078 0.15325927734375 -0.458251953125
-0.0322856903076172 0.0208053588867187 0.635498046875 -0.27154541015625
-0.0758514404296875 -0.031280517578125 0.666748046875 0.47772216796875
-0.01654052734375 -0.117401123046875 0.0797119140625 0.941650390625
0.0883636474609375 -0.0656356811523438 -0.39605712890625 0.58929443359375
0.149154663085938 -0.0216522216796875 0.0203704833984375 0.0375862121582031
0.0942840576171875 -0.0609817504882812 0.39715576171875 -0.64019775390625
0.017547607421875 -0.0794219970703125 -0.17864990234375 -0.97479248046875
-0.0556678771972656 -0.0263748168945313 -0.79095458984375 -0.294189453125
-0.0523338317871094 0.0244903564453125 -0.51904296875 0.409515380859375
-0.00486183166503906 0.0168561935424805 -0.03509521484375 0.496917724609375
0.00549888610839844 0.0208892822265625 0.273269653320313 0.237045288085938
0.0128765106201172 -0.00547599792480469 0.341461181640625 -0.0594482421875
0.0318508148193359 -0.0168056488037109 -0.31500244140625 0.039459228515625
0.018463134765625 0.0115489959716797 -0.227554321289062 -0.242263793945313
0.0181026458740234 0.0147228240966797 0.1297607421875 -0.453521728515625
-0.0220127105712891 0.0199527740478516 0.6109619140625 -0.29986572265625
-0.0712509155273437 -0.0265884399414063 0.68408203125 0.43603515625
-0.0250091552734375 -0.113204956054688 0.12445068359375 0.93951416015625
0.078765869140625 -0.0690078735351563 -0.3931884765625 0.62322998046875
0.146896362304688 -0.024688720703125 -0.0125503540039062 0.0617485046386719
0.0948410034179688 -0.061920166015625 0.40875244140625 -0.60552978515625
0.0205917358398438 -0.0801620483398438 -0.12664794921875 -0.9859619140625
-0.0486602783203125 -0.0302352905273438 -0.777099609375 -0.34136962890625
-0.0459976196289063 0.0191459655761719 -0.54522705078125 0.38568115234375
0.00078868865966797 0.0137462615966797 -0.0592651367187499 0.502166748046875
0.00781536102294922 0.0164003372192383 0.2708740234375 0.251052856445313
0.0104913711547852 -0.00468063354492188 0.347625732421875 -0.04705810546875
0.0279884338378906 -0.0212631225585938 -0.31243896484375 0.048248291015625
0.0210494995117188 0.00453758239746094 -0.236602783203125 -0.233749389648438
0.0282230377197266 0.0064239501953125 0.102752685546875 -0.45513916015625
-0.00556373596191406 0.0186481475830078 0.5869140625 -0.3282470703125
-0.060455322265625 -0.0146446228027344 0.704833984375 0.3897705078125
-0.0324859619140625 -0.0997161865234375 0.17718505859375 0.926025390625
0.0609893798828125 -0.0638427734375 -0.37677001953125 0.65191650390625
0.128433227539063 -0.0232315063476563 -0.0411605834960938 0.0863418579101563
0.0837173461914063 -0.0520095825195313 0.42303466796875 -0.56719970703125
0.02301025390625 -0.0705413818359375 -0.0697631835937501 -0.98797607421875
-0.0356063842773437 -0.0291786193847656 -0.76507568359375 -0.38995361328125
-0.0338821411132813 0.0126018524169922 -0.57177734375 0.360107421875
0.0104570388793945 0.00719261169433594 -0.085205078125 0.505615234375
0.0127801895141602 0.0106639862060547 0.263275146484375 0.266281127929688
0.00722932815551758 -0.00695705413818359 0.352569580078125 -0.035186767578125
0.0219783782958984 -0.0263442993164063 -0.31121826171875 0.0537109375
0.0223636627197266 -0.005615234375 -0.246978759765625 -0.226730346679687
0.038055419921875 -0.004608154296875 0.076385498046875 -0.454986572265625
0.0155363082885742 0.0152320861816406 0.563232421875 -0.35516357421875
-0.0423164367675781 -0.00287628173828124 0.72052001953125 0.3475341796875
-0.03668212890625 -0.0791244506835938 0.2279052734375 0.91455078125
0.0404167175292969 -0.0468101501464844 -0.35711669921875 0.6756591796875
0.1016845703125 -0.0142288208007812 -0.0603866577148437 0.10693359375
0.0646400451660156 -0.0355224609375 0.4388427734375 -0.53704833984375
0.0246925354003906 -0.05242919921875 -0.0185546875 -0.99365234375
-0.0174713134765625 -0.0196743011474609 -0.74871826171875 -0.43560791015625
-0.0161066055297852 0.00754261016845703 -0.5977783203125 0.335693359375
0.0225563049316406 -0.000631332397460937 -0.1119384765625 0.506195068359375
0.0153589248657227 0.00115680694580078 0.252960205078125 0.276443481445313
0.00211811065673828 -0.0109949111938477 0.35595703125 -0.024688720703125
0.0167026519775391 -0.0319728851318359 -0.313629150390625 0.0561218261718749
0.0225429534912109 -0.0145072937011719 -0.25885009765625 -0.224502563476562
0.0467529296875 -0.0149269104003906 0.055084228515625 -0.45416259765625
0.0338211059570313 0.0117435455322266 0.54534912109375 -0.373046875
-0.0229892730712891 0.00889205932617188 0.72894287109375 0.31976318359375
-0.03594970703125 -0.0540580749511719 0.2635498046875 0.9010009765625
0.0174312591552734 -0.0233783721923828 -0.3349609375 0.6917724609375
0.067596435546875 -0.00046539306640625 -0.0673904418945313 0.119155883789063
0.0401458740234375 -0.0136489868164062 0.454803466796875 -0.515380859375
0.0229454040527344 -0.0276222229003906 0.02154541015625 -0.994873046875
0.000783443450927735 -0.00633621215820313 -0.73443603515625 -0.4647216796875
0.00377893447875977 0.00336122512817383 -0.6163330078125 0.3150634765625
0.0348072052001953 -0.00806999206542969 -0.132904052734375 0.505218505859375
0.0201454162597656 -0.00970458984375 0.240081787109375 0.28399658203125
-0.00270366668701172 -0.0155773162841797 0.354644775390625 -0.01947021484375
0.0114517211914063 -0.0354194641113281 -0.31951904296875 0.0533447265625
0.0228424072265625 -0.0237159729003906 -0.269058227539062 -0.22662353515625
0.0538825988769531 -0.0249557495117188 0.04095458984375 -0.4560546875
0.0514945983886719 0.00830841064453125 0.533843994140625 -0.383819580078125
-0.00363349914550781 0.0203151702880859 0.7337646484375 0.302734375
-0.0306453704833984 -0.0292301177978516 0.2813720703125 0.89129638671875
-0.000730514526367187 0.00124764442443848 -0.32098388671875 0.69219970703125
0.0319366455078125 0.0151424407958984 -0.0605239868164062 0.123649597167969
0.0116672515869141 0.00980758666992188 0.469329833984375 -0.505035400390625
0.0211467742919922 0.000371932983398438 0.0473022460937499 -0.9927978515625
0.0177497863769531 0.00982475280761719 -0.72613525390625 -0.47882080078125
0.0211143493652344 0.00168609619140625 -0.62646484375 0.302978515625
0.0458221435546875 -0.0128898620605469 -0.147186279296875 0.501434326171875
0.0221767425537109 -0.0184669494628906 0.2301025390625 0.2833251953125
-0.00601959228515625 -0.0195636749267578 0.3494873046875 -0.021636962890625
0.00825119018554687 -0.0384902954101563 -0.32733154296875 0.0459899902343751
0.0221691131591797 -0.0306949615478516 -0.277496337890625 -0.232147216796875
0.0573463439941406 -0.0316162109375 0.036895751953125 -0.458038330078125
0.0629119873046875 0.00798797607421875 0.5322265625 -0.383697509765625
0.0112934112548828 0.0284786224365234 0.7303466796875 0.30657958984375
-0.0261268615722656 -0.00687026977539063 0.28155517578125 0.890380859375
-0.0164394378662109 0.0267238616943359 -0.30828857421875 0.68621826171875
-0.000593185424804687 0.0308074951171875 -0.042694091796875 0.116554260253906
-0.0122146606445313 0.0331096649169922 0.4803466796875 -0.5130615234375
0.0173931121826172 0.0254325866699219 0.04864501953125 -0.994384765625
0.0315437316894531 0.0256080627441406 -0.7264404296875 -0.476806640625
0.0348415374755859 0.00245094299316406 -0.62603759765625 0.30377197265625
0.0524711608886719 -0.0172691345214844 -0.149078369140625 0.4971923828125
0.0239467620849609 -0.0251483917236328 0.220474243164063 0.277053833007813
-0.0103721618652344 -0.0236358642578125 0.343048095703125 -0.029510498046875
0.00727081298828125 -0.0404853820800781 -0.337127685546875 0.03448486328125
0.0222816467285156 -0.035064697265625 -0.2838134765625 -0.24212646484375
0.0587654113769531 -0.0330390930175781 0.04205322265625 -0.460906982421875
0.0696868896484375 0.008636474609375 0.54290771484375 -0.3731689453125
0.0191802978515625 0.0352859497070313 0.724365234375 0.3280029296875
-0.0217971801757813 0.0094451904296875 0.26544189453125 0.89599609375
-0.0273284912109375 0.0461578369140625 -0.30487060546875 0.670166015625
-0.0228271484375 0.0446319580078125 -0.0146408081054688 0.101799011230469
-0.0297164916992187 0.0504913330078125 0.489532470703125 -0.534149169921875
0.0176734924316406 0.0448722839355469 0.0287475585937499 -0.9984130859375
0.0403289794921875 0.0352325439453125 -0.73468017578125 -0.45294189453125
0.0401115417480469 0.00247573852539063 -0.61651611328125 0.31365966796875
0.0546150207519531 -0.0194931030273438 -0.1424560546875 0.4932861328125
0.0233097076416016 -0.0309772491455078 0.216262817382813 0.26641845703125
-0.0104579925537109 -0.0255851745605469 0.333770751953125 -0.040740966796875
0.0370101928710937 -0.0154953002929687 -0.32763671875 0.0304565429687501
0.0146389007568359 0.0149021148681641 -0.229019165039063 -0.252288818359375
0.0109176635742188 0.0195960998535156 0.150787353515625 -0.4609375
-0.0331764221191406 0.0206623077392578 0.637939453125 -0.28192138671875
-0.0775375366210938 -0.0312118530273437 0.67755126953125 0.47430419921875
-0.0182571411132813 -0.1168212890625 0.0903930664062499 0.9468994140625
0.0876235961914063 -0.0675048828125 -0.39544677734375 0.5986328125
0.15081787109375 -0.024139404296875 0.02044677734375 0.0377883911132813
0.0936813354492188 -0.0625686645507813 0.392333984375 -0.64727783203125
0.016143798828125 -0.0803680419921875 -0.19091796875 -0.9793701171875
-0.0555267333984375 -0.0261650085449219 -0.80010986328125 -0.287109375
-0.0526237487792969 0.0264892578125 -0.5181884765625 0.419281005859375
-0.00361251831054688 0.0185909271240234 -0.027862548828125 0.500579833984375
0.00519561767578125 0.0208091735839844 0.28021240234375 0.23590087890625
0.0135669708251953 -0.00442600250244141 0.344024658203125 -0.064727783203125
0.0312767028808594 -0.0167312622070313 -0.318145751953125 0.04461669921875
0.0177803039550781 0.0115756988525391 -0.232589721679688 -0.240402221679687
0.0181751251220703 0.0148429870605469 0.126007080078125 -0.459320068359375
-0.0222187042236328 0.0203704833984375 0.61273193359375 -0.30810546875
-0.0727691650390625 -0.0267562866210937 0.69683837890625 0.43243408203125
-0.0268783569335937 -0.113899230957031 0.1351318359375 0.94512939453125
0.0783233642578125 -0.0701980590820313 -0.38818359375 0.631591796875
0.146621704101563 -0.0269012451171875 -0.0115966796875 0.0632514953613281
0.094512939453125 -0.0634384155273438 0.4044189453125 -0.614013671875
0.0199661254882812 -0.0821609497070313 -0.137451171875 -0.9923095703125
-0.0500602722167969 -0.0299644470214844 -0.78863525390625 -0.336669921875
-0.0460968017578125 0.0205917358398438 -0.544342041015625 0.39483642578125
0.000329017639160155 0.0139169692993164 -0.053955078125 0.5050048828125
0.009124755859375 0.0179595947265625 0.275787353515625 0.248321533203125
0.0107040405273437 -0.00425243377685547 0.34893798828125 -0.051300048828125
0.0275363922119141 -0.0216274261474609 -0.314727783203125 0.05401611328125
0.0199241638183594 0.00426101684570313 -0.241973876953125 -0.2314453125
0.0285053253173828 0.00466537475585938 0.097625732421875 -0.458831787109375
-0.00518226623535156 0.0173444747924805 0.5880126953125 -0.339111328125
-0.0612831115722656 -0.0139694213867187 0.716064453125 0.38433837890625
-0.0341339111328125 -0.100494384765625 0.18988037109375 0.9307861328125
0.0598678588867188 -0.0641403198242188 -0.37200927734375 0.6605224609375
0.129966735839844 -0.0248641967773437 -0.0411529541015625 0.0880203247070313
0.0844955444335938 -0.0537643432617188 0.4202880859375 -0.57623291015625
0.0229644775390625 -0.0726394653320313 -0.0826416015625001 -0.99652099609375
-0.0344467163085937 -0.0288772583007813 -0.7740478515625 -0.38409423828125
-0.0341968536376953 0.0132694244384766 -0.5731201171875 0.369873046875
0.0106773376464844 0.00652313232421875 -0.0802001953125 0.5089111328125
0.0117092132568359 0.0113248825073242 0.267868041992188 0.265884399414062
0.00626707077026367 -0.00754642486572266 0.356719970703125 -0.038848876953125
0.0218544006347656 -0.0255241394042969 -0.313385009765625 0.05987548828125
0.0218715667724609 -0.00529861450195313 -0.252044677734375 -0.225967407226563
0.0384635925292969 -0.0060577392578125 0.072540283203125 -0.4573974609375
0.0144691467285156 0.014805793762207 0.5638427734375 -0.36541748046875
-0.0437202453613281 -0.00241851806640624 0.72930908203125 0.343994140625
-0.0385055541992187 -0.0795135498046875 0.23822021484375 0.919677734375
0.0397834777832031 -0.0471572875976562 -0.353271484375 0.68536376953125
0.102210998535156 -0.0149993896484375 -0.0601272583007813 0.108543395996094
0.0654373168945313 -0.0368766784667969 0.43780517578125 -0.545013427734375
0.0242729187011719 -0.0528297424316406 -0.02947998046875 -0.99786376953125
-0.0178375244140625 -0.0205841064453125 -0.7587890625 -0.42926025390625
-0.0157499313354492 0.00736618041992187 -0.60003662109375 0.3443603515625
0.0223579406738281 -0.00119209289550781 -0.106414794921875 0.5115966796875
0.0149917602539063 0.00124073028564453 0.257080078125 0.276611328125
0.00247669219970703 -0.0106735229492188 0.358642578125 -0.02923583984375
0.0159740447998047 -0.0305404663085938 -0.31524658203125 0.0600585937499999
0.0210342407226562 -0.0148181915283203 -0.263381958007813 -0.22283935546875
0.0471954345703125 -0.0161781311035156 0.0498046875 -0.45770263671875
0.0346717834472656 0.0110244750976563 0.545745849609375 -0.381622314453125
-0.0229930877685547 0.00861740112304687 0.7406005859375 0.31414794921875
-0.0372886657714844 -0.0540771484375 0.2760009765625 0.90673828125
0.0186424255371094 -0.0241374969482422 -0.33123779296875 0.700439453125
0.067596435546875 -0.00214767456054688 -0.0660476684570313 0.121131896972656
0.0401992797851562 -0.0146903991699219 0.4530029296875 -0.5235595703125
0.0234756469726562 -0.0273265838623047 0.0102539062499999 -1.00128173828125
0.000502109527587891 -0.00584554672241211 -0.74627685546875 -0.4615478515625
0.00317049026489258 0.00342535972595215 -0.6182861328125 0.324462890625
0.0351428985595703 -0.00830650329589844 -0.12786865234375 0.507965087890625
0.0206336975097656 -0.00863265991210938 0.245513916015625 0.28289794921875
-0.00228595733642578 -0.0151224136352539 0.357177734375 -0.02374267578125
0.0110015869140625 -0.0357131958007813 -0.3216552734375 0.057464599609375
0.0220775604248047 -0.0235252380371094 -0.274154663085938 -0.223251342773437
0.0531272888183594 -0.0260009765625 0.035614013671875 -0.45965576171875
0.0519599914550781 0.00731658935546875 0.5330810546875 -0.39166259765625
-0.0037384033203125 0.0191020965576172 0.74273681640625 0.29754638671875
-0.0324153900146484 -0.0277118682861328 0.29327392578125 0.89678955078125
-0.0010988712310791 0.00225424766540527 -0.31378173828125 0.70318603515625
0.0320777893066406 0.0138416290283203 -0.0597763061523438 0.124732971191406
0.012385368347168 0.00974464416503906 0.46746826171875 -0.51385498046875
0.0203990936279297 -6.4849853515625E-05 0.0385742187499999 -1.0020751953125
0.0187969207763672 0.0101947784423828 -0.7357177734375 -0.47467041015625
0.0212345123291016 0.00232505798339844 -0.62744140625 0.3125
0.045745849609375 -0.0135879516601563 -0.14239501953125 0.506622314453125
0.0225601196289063 -0.0191516876220703 0.234344482421875 0.2830810546875
-0.00733566284179688 -0.0184898376464844 0.3529052734375 -0.0272216796875
0.00699234008789062 -0.0386848449707031 -0.330169677734375 0.05035400390625
0.0219230651855469 -0.0312633514404297 -0.283294677734375 -0.2293701171875
0.0576591491699219 -0.0329933166503906 0.032012939453125 -0.46173095703125
0.0635986328125 0.00634765625 0.533172607421875 -0.39141845703125
0.01055908203125 0.0290374755859375 0.742431640625 0.30126953125
-0.0269355773925781 -0.00699234008789063 0.293701171875 0.8939208984375
-0.0162811279296875 0.0257511138916016 -0.30401611328125 0.6943359375
-0.000392913818359377 0.0304927825927734 -0.0417556762695313 0.118003845214844
-0.0116786956787109 0.0324535369873047 0.478515625 -0.52020263671875
0.0182323455810547 0.0259590148925781 0.0384521484375001 -1.00360107421875
0.0323772430419922 0.0245246887207031 -0.73602294921875 -0.47125244140625
0.0342769622802734 0.00206947326660156 -0.62750244140625 0.31427001953125
0.0529632568359375 -0.01898193359375 -0.1456298828125 0.500396728515625
0.0240554809570313 -0.0264358520507812 0.225692749023438 0.276779174804688
-0.0094146728515625 -0.0227565765380859 0.34552001953125 -0.03271484375
0.00597381591796875 -0.0407333374023438 -0.339630126953125 0.03936767578125
0.0208663940429688 -0.0359992980957031 -0.289031982421875 -0.239227294921875
0.0591812133789062 -0.0356216430664062 0.036895751953125 -0.46490478515625
0.07061767578125 0.00689697265625 0.54364013671875 -0.381866455078125
0.0191001892089844 0.0361137390136719 0.73443603515625 0.3223876953125
-0.0227336883544922 0.0108108520507813 0.27801513671875 0.89849853515625
-0.0269508361816406 0.0466690063476563 -0.30120849609375 0.67706298828125
-0.0219497680664062 0.044036865234375 -0.0139846801757812 0.104179382324219
-0.0278587341308594 0.0517578125 0.48724365234375 -0.54425048828125
0.0178565979003906 0.0448188781738281 0.01751708984375 -1.006591796875
0.0415229797363281 0.0342559814453125 -0.7442626953125 -0.451416015625
0.0422248840332031 0.00153732299804688 -0.61688232421875 0.32244873046875
0.0543746948242188 -0.0208168029785156 -0.1368408203125 0.49725341796875
0.0222759246826172 -0.0311031341552734 0.22198486328125 0.266036987304688
-0.0111656188964844 -0.0247745513916016 0.336273193359375 -0.045196533203125
0.03594970703125 -0.0151329040527344 -0.329132080078125 0.035919189453125
0.0145759582519531 0.0160303115844727 -0.23388671875 -0.250244140625
0.0110759735107422 0.0182838439941406 0.145599365234375 -0.4671630859375
-0.0344333648681641 0.0199089050292969 0.6376953125 -0.29144287109375
-0.079010009765625 -0.0303497314453125 0.68817138671875 0.4681396484375
-0.0201797485351562 -0.117469787597656 0.1015625 0.95318603515625
0.0866165161132813 -0.0686798095703125 -0.39007568359375 0.60711669921875
0.150909423828125 -0.0262603759765625 0.0214958190917969 0.038787841796875
0.0950698852539062 -0.0647506713867188 0.38751220703125 -0.65423583984375
0.016265869140625 -0.080841064453125 -0.20550537109375 -0.98431396484375
-0.0568008422851563 -0.0264091491699219 -0.81036376953125 -0.27801513671875
-0.0524673461914063 0.027435302734375 -0.51593017578125 0.427825927734375
-0.00567626953125 0.0182228088378906 -0.02130126953125 0.50384521484375
0.00645828247070312 0.0210590362548828 0.284515380859375 0.2335205078125
0.0137910842895508 -0.00449848175048828 0.345611572265625 -0.070159912109375
0.0320224761962891 -0.0174579620361328 -0.31988525390625 0.0488281249999999
0.0175876617431641 0.0104312896728516 -0.238449096679687 -0.238632202148438
0.0176296234130859 0.0137863159179687 0.120330810546875 -0.46331787109375
-0.02215576171875 0.0199699401855469 0.6136474609375 -0.318603515625
-0.0743637084960938 -0.0243682861328125 0.705078125 0.42578125
-0.0288238525390625 -0.114585876464844 0.1473388671875 0.94830322265625
0.0777587890625 -0.0717391967773438 -0.3836669921875 0.6412353515625
0.147109985351563 -0.0296783447265625 -0.0117530822753906 0.0647315979003906
0.0946044921875 -0.0648269653320313 0.40142822265625 -0.62213134765625
0.0191726684570313 -0.081817626953125 -0.1502685546875 -0.996337890625
-0.05047607421875 -0.0296592712402344 -0.79766845703125 -0.3304443359375
-0.0458717346191406 0.0212860107421875 -0.5435791015625 0.404266357421875
0.00133228302001953 0.013798713684082 -0.046600341796875 0.50799560546875
0.00748634338378906 0.0169744491577148 0.28131103515625 0.24786376953125
0.0110816955566406 -0.00358390808105469 0.351776123046875 -0.057525634765625
0.0272541046142578 -0.0214977264404297 -0.31591796875 0.058258056640625
0.0200176239013672 0.00410270690917969 -0.245742797851563 -0.229766845703125
0.0277881622314453 0.00435256958007813 0.093841552734375 -0.462005615234375
-0.00497341156005859 0.0168857574462891 0.587158203125 -0.34765625
-0.0617561340332031 -0.0147323608398438 0.72747802734375 0.37823486328125
-0.0366744995117188 -0.099822998046875 0.20391845703125 0.9346923828125
0.0599822998046875 -0.0648078918457031 -0.36834716796875 0.66827392578125
0.130622863769531 -0.0264205932617188 -0.0407485961914062 0.0889968872070313
0.0845489501953125 -0.0559539794921875 0.41729736328125 -0.5850830078125
0.023040771484375 -0.0728225708007813 -0.0937500000000001 -1.00335693359375
-0.0366706848144531 -0.0285987854003906 -0.78521728515625 -0.3768310546875
-0.0341854095458984 0.0133762359619141 -0.5721435546875 0.37933349609375
0.0105667114257813 0.00559520721435547 -0.07244873046875 0.51336669921875
0.0116786956787109 0.010711669921875 0.273269653320313 0.2637939453125
0.00670289993286133 -0.00628185272216797 0.359161376953125 -0.045684814453125
0.0210132598876953 -0.0259819030761719 -0.314483642578125 0.064178466796875
0.021636962890625 -0.00512886047363281 -0.256332397460938 -0.222808837890625
0.038543701171875 -0.00638961791992187 0.0662841796875 -0.46173095703125
0.0151939392089844 0.0136938095092773 0.56256103515625 -0.37518310546875
-0.0442428588867188 -0.00301742553710938 0.74090576171875 0.33575439453125
-0.0397491455078125 -0.078643798828125 0.25067138671875 0.9208984375
0.0390434265136719 -0.0482749938964844 -0.3470458984375 0.6923828125
0.103385925292969 -0.0172348022460938 -0.0583877563476563 0.11041259765625
0.0660324096679687 -0.0372772216796875 0.432647705078125 -0.55267333984375
0.0240516662597656 -0.0536880493164063 -0.0419311523437499 -1.00604248046875
-0.0185260772705078 -0.02020263671875 -0.7684326171875 -0.4234619140625
-0.0160913467407227 0.0067281723022461 -0.59930419921875 0.3544921875
0.0229644775390625 -0.00146675109863281 -0.100738525390625 0.51397705078125
0.0160694122314453 0.000926971435546875 0.262847900390625 0.275283813476563
0.002288818359375 -0.00940227508544922 0.360565185546875 -0.035247802734375
0.0150089263916016 -0.0314846038818359 -0.316680908203125 0.065399169921875
0.0219497680664062 -0.0153465270996094 -0.267990112304687 -0.2198486328125
0.0465240478515625 -0.01715087890625 0.046142578125 -0.460357666015625
0.0350074768066406 0.00976753234863281 0.544342041015625 -0.39154052734375
-0.0225715637207031 0.00903701782226563 0.7493896484375 0.30615234375
-0.0386886596679688 -0.0530319213867188 0.2890625 0.9061279296875
0.0180072784423828 -0.0247249603271484 -0.3250732421875 0.7091064453125
0.0682373046875 -0.0034637451171875 -0.0656585693359375 0.122840881347656
0.0402450561523438 -0.0147514343261719 0.44854736328125 -0.531280517578125
0.0234355926513672 -0.0274715423583984 0.000305175781249917 -1.0093994140625
0.00101709365844727 -0.00580406188964844 -0.756591796875 -0.45355224609375
0.00383138656616211 0.00374126434326172 -0.6181640625 0.3353271484375
0.0352783203125 -0.00861358642578125 -0.1231689453125 0.5125732421875
0.0203914642333984 -0.00989151000976563 0.25091552734375 0.282989501953125
-0.00256061553955078 -0.0152091979980469 0.35955810546875 -0.030364990234375
0.0099334716796875 -0.0365791320800781 -0.3233642578125 0.0628662109374999
0.0214118957519531 -0.0239028930664063 -0.28057861328125 -0.221343994140625
0.0532341003417969 -0.0273017883300781 0.02996826171875 -0.462432861328125
0.0528640747070312 0.0056304931640625 0.5313720703125 -0.399169921875
-0.00330734252929688 0.0198822021484375 0.752197265625 0.29071044921875
-0.0340309143066406 -0.0276412963867188 0.30487060546875 0.89752197265625
-0.00192058086395264 0.00106358528137207 -0.30950927734375 0.71240234375
0.0327739715576172 0.0137710571289063 -0.0595626831054687 0.126449584960937
0.0132961273193359 0.00919342041015625 0.464935302734375 -0.522247314453125
0.0212516784667969 -3.24249267578125E-05 0.0255126953125 -1.009765625
0.0188045501708984 0.0101261138916016 -0.7474365234375 -0.46917724609375
0.0218753814697266 0.00212478637695313 -0.62908935546875 0.3216552734375
0.04620361328125 -0.0153388977050781 -0.136138916015625 0.50982666015625
0.0220489501953125 -0.0189247131347656 0.240325927734375 0.2818603515625
-0.00759315490722656 -0.0182418823242188 0.354461669921875 -0.03271484375
0.0062713623046875 -0.0393905639648438 -0.33233642578125 0.0545654296874999
0.0213832855224609 -0.0318527221679688 -0.289276123046875 -0.226470947265625
0.0573081970214844 -0.0342826843261719 0.02667236328125 -0.463775634765625
0.0648422241210938 0.005035400390625 0.531158447265625 -0.40069580078125
0.0114479064941406 0.0288639068603516 0.750732421875 0.2928466796875
-0.0273017883300781 -0.00551033020019532 0.30780029296875 0.8958740234375
-0.0168781280517578 0.0268325805664063 -0.29827880859375 0.70172119140625
0.00154685974121093 0.0293846130371094 -0.040924072265625 0.120811462402344
-0.0100440979003906 0.0332698822021484 0.476226806640625 -0.527862548828125
0.0189971923828125 0.0263462066650391 0.02764892578125 -1.0096435546875
0.0323390960693359 0.0244655609130859 -0.74835205078125 -0.46630859375
0.0345687866210938 0.00184059143066406 -0.62762451171875 0.32373046875
0.0528755187988281 -0.0202064514160156 -0.139923095703125 0.50665283203125
0.0242958068847656 -0.0270519256591797 0.231613159179687 0.276901245117188
-0.0101814270019531 -0.0222053527832031 0.347625732421875 -0.039642333984375
0.00480270385742187 -0.0407333374023438 -0.341522216796875 0.0447082519531249
0.020111083984375 -0.0358467102050781 -0.294097900390625 -0.234832763671875
0.0581779479980469 -0.0348777770996094 0.03253173828125 -0.46820068359375
0.0711822509765625 0.00568389892578125 0.53997802734375 -0.3919677734375
0.0198478698730469 0.0358695983886719 0.74395751953125 0.31488037109375
-0.0225944519042969 0.0106487274169922 0.28955078125 0.90087890625
-0.0271453857421875 0.0471687316894531 -0.2939453125 0.68353271484375
-0.0219841003417969 0.0442085266113281 -0.0138702392578125 0.105308532714844
-0.0273246765136719 0.0523262023925781 0.484161376953125 -0.550537109375
0.0181236267089844 0.0448417663574219 0.00567626953125008 -1.013916015625
0.0426597595214844 0.0335845947265625 -0.7547607421875 -0.443603515625
0.0420761108398438 0.00147247314453125 -0.617431640625 0.3349609375
0.0541725158691406 -0.0215644836425781 -0.131805419921875 0.501739501953125
0.0223140716552734 -0.0325279235839844 0.22650146484375 0.26556396484375
-0.0108242034912109 -0.02490234375 0.33758544921875 -0.050750732421875
0.0356101989746094 -0.015533447265625 -0.331085205078125 0.0412597656249999
0.0147180557250977 0.0156755447387695 -0.238296508789062 -0.246902465820313
0.0103168487548828 0.0182456970214844 0.13836669921875 -0.47161865234375
-0.0337696075439453 0.0207614898681641 0.6375732421875 -0.3037109375
-0.0802001953125 -0.029510498046875 0.69964599609375 0.46185302734375
-0.02197265625 -0.117851257324219 0.11529541015625 0.956298828125
0.0862274169921875 -0.0697021484375 -0.38494873046875 0.61468505859375
0.152603149414062 -0.028778076171875 0.0211639404296875 0.0393486022949219
0.0953369140625 -0.0659255981445313 0.38165283203125 -0.66290283203125
0.0149993896484375 -0.082061767578125 -0.220458984375 -0.9859619140625
-0.0574302673339844 -0.0248832702636719 -0.819091796875 -0.27008056640625
-0.0514183044433594 0.0282745361328125 -0.513214111328125 0.43695068359375
-0.00499343872070313 0.0183601379394531 -0.014892578125 0.505218505859375
0.0062103271484375 0.0213775634765625 0.289886474609375 0.2315673828125
0.0131120681762695 -0.00343132019042969 0.346343994140625 -0.075958251953125
0.0312747955322266 -0.0170936584472656 -0.320343017578125 0.056365966796875
0.0184993743896484 0.0108432769775391 -0.241287231445312 -0.234664916992188
0.0181694030761719 0.0131111145019531 0.115753173828125 -0.466552734375
-0.0228862762451172 0.0191707611083984 0.61236572265625 -0.3297119140625
-0.075531005859375 -0.0231704711914063 0.71630859375 0.41912841796875
-0.03155517578125 -0.113090515136719 0.16070556640625 0.949462890625
0.0768203735351563 -0.0728607177734375 -0.3782958984375 0.64874267578125
0.14794921875 -0.0319671630859375 -0.0114364624023437 0.0652809143066406
0.0947799682617188 -0.0663833618164063 0.3966064453125 -0.62982177734375
0.019500732421875 -0.0821762084960938 -0.1666259765625 -0.99920654296875
-0.0507926940917969 -0.02911376953125 -0.806396484375 -0.3193359375
-0.0462303161621094 0.0213966369628906 -0.542022705078125 0.413787841796875
0.000232696533203125 0.013707160949707 -0.03839111328125 0.511383056640625
0.00891399383544922 0.0170354843139648 0.28631591796875 0.244781494140625
0.0109901428222656 -0.0034332275390625 0.3524169921875 -0.064422607421875
0.0263862609863281 -0.0214099884033203 -0.316864013671875 0.063873291015625
0.0200862884521484 0.00397300720214844 -0.2506103515625 -0.225433349609375
0.0283336639404297 0.00331687927246094 0.087677001953125 -0.465606689453125
-0.00539302825927735 0.0170087814331055 0.58514404296875 -0.35931396484375
-0.0631561279296875 -0.0128555297851563 0.7364501953125 0.37066650390625
-0.0393218994140625 -0.0996551513671875 0.21673583984375 0.93548583984375
0.0597801208496094 -0.0654830932617187 -0.36175537109375 0.6763916015625
0.131607055664062 -0.028778076171875 -0.0392379760742187 0.090240478515625
0.0853195190429688 -0.0568923950195313 0.41094970703125 -0.59246826171875
0.0224685668945312 -0.073760986328125 -0.108642578125 -1.0069580078125
-0.0368881225585938 -0.0282363891601563 -0.79486083984375 -0.3673095703125
-0.0332126617431641 0.0145359039306641 -0.5687255859375 0.388916015625
0.0111846923828125 0.00567340850830078 -0.065643310546875 0.514739990234375
0.0124959945678711 0.00903987884521484 0.279403686523438 0.261016845703125
0.00732135772705078 -0.0061182975769043 0.361541748046875 -0.05059814453125
0.0204753875732422 -0.0269184112548828 -0.316375732421875 0.070220947265625
0.0203666687011719 -0.00531387329101563 -0.262130737304688 -0.218292236328125
0.0387840270996094 -0.00699234008789063 0.060302734375 -0.463958740234375
0.0148630142211914 0.0134906768798828 0.5599365234375 -0.382781982421875
-0.0450820922851563 -0.00171279907226562 0.7479248046875 0.3267822265625
-0.0425643920898438 -0.0784912109375 0.2645263671875 0.92547607421875
0.0383529663085938 -0.0495147705078125 -0.33917236328125 0.70196533203125
0.1026611328125 -0.0193023681640625 -0.0579147338867188 0.111534118652344
0.0659675598144531 -0.0385818481445312 0.428009033203125 -0.561004638671875
0.0245780944824219 -0.0546722412109375 -0.0543212890625 -1.01104736328125
-0.0184860229492187 -0.0200405120849609 -0.77789306640625 -0.4144287109375
-0.0155181884765625 0.00771236419677734 -0.5963134765625 0.36529541015625
0.0236721038818359 -0.00125885009765625 -0.0939025878906249 0.51708984375
0.0154857635498047 0.000323295593261719 0.268600463867188 0.272537231445313
0.00220489501953125 -0.00917530059814453 0.362945556640625 -0.04193115234375
0.0132827758789063 -0.0313987731933594 -0.318145751953125 0.07037353515625
0.0217361450195312 -0.0152435302734375 -0.272445678710937 -0.216064453125
0.0472450256347656 -0.0191383361816406 0.0396728515625 -0.4635009765625
0.0348014831542969 0.00848579406738281 0.5399169921875 -0.402984619140625
-0.0231723785400391 0.00951766967773437 0.76043701171875 0.296875
-0.04083251953125 -0.0521354675292969 0.3013916015625 0.9068603515625
0.017120361328125 -0.0250053405761719 -0.3173828125 0.7158203125
0.0683555603027344 -0.00441360473632813 -0.06365966796875 0.125473022460938
0.0420608520507812 -0.01580810546875 0.44525146484375 -0.539520263671875
0.0233268737792969 -0.0287284851074219 -0.013671875 -1.0142822265625
0.000954627990722657 -0.00697612762451172 -0.76641845703125 -0.447509765625
0.00374889373779297 0.00325703620910645 -0.6180419921875 0.34375
0.0352249145507813 -0.00977325439453125 -0.11639404296875 0.517578125
0.0202484130859375 -0.00940132141113281 0.255844116210938 0.280227661132813
-0.00296592712402344 -0.0142498016357422 0.361358642578125 -0.035736083984375
0.0085601806640625 -0.0359077453613281 -0.32464599609375 0.0684509277343751
0.0210208892822266 -0.0241622924804688 -0.2841796875 -0.216766357421875
0.052642822265625 -0.0294227600097656 0.023406982421875 -0.463836669921875
0.0523872375488281 0.00478744506835937 0.529052734375 -0.4119873046875
-0.004241943359375 0.0205268859863281 0.76165771484375 0.28045654296875
-0.0351295471191406 -0.0266208648681641 0.32012939453125 0.89727783203125
-0.00177562236785889 0.0011448860168457 -0.3018798828125 0.7188720703125
0.0337448120117188 0.0121612548828125 -0.0574111938476563 0.128707885742188
0.0143346786499023 0.00988197326660156 0.460693359375 -0.530853271484375
0.0218772888183594 0.000913619995117188 0.01287841796875 -1.01275634765625
0.0198497772216797 0.00927734375 -0.75848388671875 -0.4608154296875
0.0228519439697266 0.00152015686035156 -0.6263427734375 0.33258056640625
0.0457000732421875 -0.01629638671875 -0.131683349609375 0.5140380859375
0.0219707489013672 -0.0197372436523438 0.245468139648437 0.280426025390625
-0.00721549987792969 -0.0185470581054687 0.35601806640625 -0.038360595703125
0.00490570068359375 -0.0392379760742188 -0.3338623046875 0.0605468750000001
0.020477294921875 -0.0316333770751953 -0.29388427734375 -0.221771240234375
0.0559501647949219 -0.0358428955078125 0.01959228515625 -0.466033935546875
0.0650863647460938 0.00241470336914063 0.527313232421875 -0.410400390625
0.0121326446533203 0.0292339324951172 0.75885009765625 0.28466796875
-0.0286960601806641 -0.00473594665527344 0.32000732421875 0.895751953125
-0.0163955688476562 0.0269794464111328 -0.2901611328125 0.71087646484375
0.001129150390625 0.0288753509521484 -0.038818359375 0.122428894042969
-0.0103092193603516 0.033660888671875 0.47076416015625 -0.5367431640625
0.0199184417724609 0.0255222320556641 0.0128173828125001 -1.01458740234375
0.0335903167724609 0.0238990783691406 -0.75848388671875 -0.4599609375
0.0354728698730469 0.00165939331054688 -0.62554931640625 0.33343505859375
0.0520706176757813 -0.020477294921875 -0.13397216796875 0.50909423828125
0.0234966278076172 -0.028656005859375 0.236862182617187 0.274826049804688
-0.0102825164794922 -0.0212268829345703 0.34918212890625 -0.04510498046875
0.00396347045898437 -0.0411415100097656 -0.34326171875 0.05059814453125
0.0191802978515625 -0.0362396240234375 -0.299835205078125 -0.231292724609375
0.0581474304199219 -0.0380134582519531 0.025970458984375 -0.46954345703125
0.0715179443359375 0.0048370361328125 0.538787841796875 -0.401611328125
0.0199050903320313 0.0351123809814453 0.75335693359375 0.30615234375
-0.0241928100585937 0.0121364593505859 0.30169677734375 0.901123046875
-0.0266609191894531 0.0480575561523438 -0.28790283203125 0.69189453125
-0.0211601257324219 0.043548583984375 -0.0117263793945313 0.105751037597656
-0.0257911682128906 0.0528945922851563 0.479034423828125 -0.558685302734375
0.0200347900390625 0.0446052551269531 -0.00646972656249996 -1.0191650390625
0.0433769226074219 0.0340728759765625 -0.7664794921875 -0.4356689453125
0.042144775390625 0.000621795654296875 -0.61669921875 0.343994140625
0.0542182922363281 -0.0221939086914063 -0.12432861328125 0.50592041015625
0.0222091674804688 -0.0326461791992187 0.23223876953125 0.263748168945313
-0.0108413696289063 -0.0237903594970703 0.338714599609375 -0.0562744140625
0.0347995758056641 -0.0165519714355469 -0.33135986328125 0.0469665527343751
0.0150070190429687 0.0159416198730469 -0.243499755859375 -0.242584228515625
0.0105819702148438 0.0182228088378906 0.132598876953125 -0.47613525390625
-0.0337810516357422 0.0207595825195312 0.6351318359375 -0.31402587890625
-0.0816726684570312 -0.0288238525390625 0.70965576171875 0.4544677734375
-0.0245361328125 -0.116249084472656 0.130615234375 0.95660400390625
0.0858612060546875 -0.07086181640625 -0.37786865234375 0.62103271484375
0.151458740234375 -0.030670166015625 0.0224456787109375 0.039093017578125
0.0953216552734375 -0.0683212280273438 0.37188720703125 -0.67071533203125
0.014892578125 -0.0825271606445313 -0.233642578125 -0.98773193359375
-0.057403564453125 -0.0252189636230469 -0.8270263671875 -0.25823974609375
-0.0517158508300781 0.0289382934570313 -0.50701904296875 0.446533203125
-0.00505828857421875 0.0177650451660156 -0.00613403320312495 0.505096435546875
0.00700950622558594 0.0212364196777344 0.2943115234375 0.227264404296875
0.0139865875244141 -0.00387287139892578 0.346588134765625 -0.08197021484375
0.0302886962890625 -0.0172100067138672 -0.3209228515625 0.06060791015625
0.0173969268798828 0.0114536285400391 -0.247604370117187 -0.230987548828125
0.0182056427001953 0.0123462677001953 0.1087646484375 -0.472320556640625
-0.0236129760742188 0.0193405151367188 0.6087646484375 -0.3394775390625
-0.0771255493164063 -0.02191162109375 0.72637939453125 0.41009521484375
-0.03350830078125 -0.112960815429687 0.175537109375 0.9515380859375
0.0753936767578125 -0.0739822387695313 -0.36968994140625 0.65625
0.147903442382813 -0.0337982177734375 -0.0102272033691406 0.0660362243652344
0.0946884155273438 -0.0685348510742188 0.386962890625 -0.6375732421875
0.0177841186523438 -0.0835189819335938 -0.179931640625 -1.00140380859375
-0.0512542724609375 -0.0289459228515625 -0.816162109375 -0.309326171875
-0.0453376770019531 0.0228691101074219 -0.534271240234375 0.42425537109375
0.000771522521972658 0.0139980316162109 -0.0306396484375 0.51239013671875
0.00913619995117188 0.0168542861938477 0.290985107421875 0.241668701171875
0.010645866394043 -0.00319194793701172 0.3526611328125 -0.07000732421875
0.0253734588623047 -0.021209716796875 -0.3167724609375 0.0695800781250001
0.0192375183105469 0.00439643859863281 -0.25494384765625 -0.221237182617187
0.0278949737548828 0.00391769409179688 0.0806884765625 -0.4697265625
-0.00551414489746094 0.0170202255249023 0.5810546875 -0.36834716796875
-0.0639114379882813 -0.0120773315429687 0.74383544921875 0.36090087890625
-0.0408401489257813 -0.097747802734375 0.2291259765625 0.936767578125
0.0577201843261719 -0.0673065185546875 -0.35247802734375 0.68389892578125
0.131118774414063 -0.0310745239257813 -0.0381622314453125 0.0920181274414063
0.0857086181640625 -0.0585479736328125 0.404541015625 -0.5997314453125
0.02203369140625 -0.0743637084960938 -0.124755859375 -1.0087890625
-0.0372505187988281 -0.02813720703125 -0.80133056640625 -0.357666015625
-0.0325546264648438 0.0150852203369141 -0.5660400390625 0.3990478515625
0.00992965698242188 0.00627994537353516 -0.0588684082031251 0.517486572265625
0.0123109817504883 0.0107669830322266 0.285614013671875 0.25616455078125
0.00704765319824219 -0.00567150115966797 0.360107421875 -0.056976318359375
0.0197467803955078 -0.0262031555175781 -0.3153076171875 0.075653076171875
0.020599365234375 -0.00520133972167969 -0.266830444335938 -0.212493896484375
0.0378837585449219 -0.00886154174804688 0.052642822265625 -0.46697998046875
0.015040397644043 0.0128307342529297 0.55615234375 -0.39459228515625
-0.0453414916992188 -0.00104522705078124 0.7576904296875 0.3175048828125
-0.0439682006835938 -0.0767593383789063 0.28094482421875 0.9195556640625
0.037567138671875 -0.0499076843261719 -0.33135986328125 0.709716796875
0.10308837890625 -0.0212860107421875 -0.0566253662109375 0.113517761230469
0.0669174194335938 -0.0404739379882813 0.42010498046875 -0.56866455078125
0.0241851806640625 -0.0548019409179688 -0.0692138671875 -1.0113525390625
-0.0187416076660156 -0.0203208923339844 -0.7862548828125 -0.40301513671875
-0.0147981643676758 0.00910091400146485 -0.593017578125 0.37591552734375
0.0228824615478516 -0.0020599365234375 -0.08544921875 0.51910400390625
0.0162715911865234 -0.000393867492675781 0.273284912109375 0.26995849609375
0.00228214263916016 -0.00948047637939453 0.363189697265625 -0.047393798828125
0.0127506256103516 -0.0312290191650391 -0.318389892578125 0.076934814453125
0.0205097198486328 -0.0153141021728516 -0.27685546875 -0.210403442382813
0.0458259582519531 -0.0198936462402344 0.032684326171875 -0.463531494140625
0.0344886779785156 0.00719833374023438 0.53643798828125 -0.411102294921875
-0.0241260528564453 0.010009765625 0.76519775390625 0.28643798828125
-0.0421218872070313 -0.0508804321289062 0.31622314453125 0.90618896484375
0.0167655944824219 -0.0252189636230469 -0.30950927734375 0.72259521484375
0.0687637329101563 -0.00619125366210938 -0.0625381469726562 0.126502990722656
0.0420036315917969 -0.0163841247558594 0.439453125 -0.54669189453125
0.0239925384521484 -0.0295333862304688 -0.0283203124999999 -1.0181884765625
0.000936031341552735 -0.00695610046386719 -0.7762451171875 -0.43609619140625
0.00461864471435547 0.0041193962097168 -0.6136474609375 0.35528564453125
0.0345306396484375 -0.0098419189453125 -0.109832763671875 0.520050048828125
0.0198764801025391 -0.0102443695068359 0.262939453125 0.276626586914063
-0.00201129913330078 -0.0127344131469727 0.3614501953125 -0.04315185546875
0.00668716430664063 -0.0357284545898438 -0.325592041015625 0.0744018554687501
0.0198974609375 -0.0240249633789063 -0.289215087890625 -0.212921142578125
0.0520248413085938 -0.0302047729492188 0.016937255859375 -0.466094970703125
0.0525169372558594 0.0042572021484375 0.523681640625 -0.421173095703125
-0.00359153747558594 0.0196418762207031 0.76812744140625 0.270263671875
-0.0363082885742188 -0.0266189575195312 0.33447265625 0.8966064453125
-0.00250506401062012 0.00157666206359863 -0.29364013671875 0.72509765625
0.0328788757324219 0.0105857849121094 -0.0558319091796875 0.129600524902344
0.014678955078125 0.00874614715576172 0.453948974609375 -0.538116455078125
0.0222396850585938 -0.00108146667480469 -0.00195312499999996 -1.0177001953125
0.0190925598144531 0.0084381103515625 -0.7657470703125 -0.4512939453125
0.0231704711914063 0.000972747802734375 -0.622802734375 0.3427734375
0.0460395812988281 -0.0174942016601563 -0.122711181640625 0.515167236328125
0.0228939056396484 -0.0198040008544922 0.251312255859375 0.277206420898438
-0.00774383544921875 -0.0176982879638672 0.356781005859375 -0.044921875
0.0038604736328125 -0.0397377014160156 -0.334228515625 0.0668945312499999
0.019805908203125 -0.0326614379882813 -0.298126220703125 -0.21636962890625
0.0564231872558594 -0.0371551513671875 0.012847900390625 -0.46893310546875
0.0661888122558594 0.0016021728515625 0.52276611328125 -0.420562744140625
0.0116062164306641 0.0290107727050781 0.76727294921875 0.2738037109375
-0.0304241180419922 -0.00441741943359375 0.33380126953125 0.89501953125
-0.0169639587402344 0.0275955200195313 -0.281005859375 0.71551513671875
0.00280189514160157 0.0281753540039063 -0.03802490234375 0.1231689453125
-0.00952720642089844 0.0334854125976563 0.46514892578125 -0.545135498046875
0.0203113555908203 0.0254497528076172 -0.00128173828124993 -1.01995849609375
0.0340442657470703 0.0230121612548828 -0.7674560546875 -0.44866943359375
0.0373992919921875 0.00038909912109375 -0.624755859375 0.34332275390625
0.052459716796875 -0.0210533142089844 -0.125152587890625 0.51129150390625
0.0239410400390625 -0.0282268524169922 0.242507934570312 0.270980834960938
-0.0103321075439453 -0.0212154388427734 0.34893798828125 -0.050750732421875
0.00224685668945312 -0.0402870178222656 -0.343505859375 0.056488037109375
0.0189552307128906 -0.0371475219726563 -0.304931640625 -0.226837158203125
0.0580978393554688 -0.0388679504394531 0.01837158203125 -0.471893310546875
0.0719146728515625 0.00255584716796875 0.534210205078125 -0.4127197265625
0.0198211669921875 0.0351409912109375 0.760986328125 0.29547119140625
-0.0242919921875 0.0124416351318359 0.31756591796875 0.89984130859375
-0.0270614624023438 0.0483551025390625 -0.27935791015625 0.696533203125
-0.0200042724609375 0.0432357788085937 -0.0104522705078125 0.106903076171875
-0.02520751953125 0.0531349182128906 0.47137451171875 -0.56744384765625
0.0216445922851563 0.0442352294921875 -0.0216674804687501 -1.0218505859375
0.0438270568847656 0.0333213806152344 -0.77313232421875 -0.42425537109375
0.043182373046875 0.000759124755859375 -0.6131591796875 0.35528564453125
0.0531959533691406 -0.0240135192871094 -0.11834716796875 0.50799560546875
0.0212593078613281 -0.0329742431640625 0.237457275390625 0.260284423828125
-0.0113239288330078 -0.0233917236328125 0.339324951171875 -0.062713623046875
0.0338497161865234 -0.0166816711425781 -0.33111572265625 0.0537109374999999
0.0148324966430664 0.0157651901245117 -0.247909545898437 -0.238128662109375
0.0104694366455078 0.0171575546264648 0.125213623046875 -0.477874755859375
-0.0343570709228516 0.020538330078125 0.630126953125 -0.324951171875
-0.0819625854492188 -0.0268096923828125 0.71734619140625 0.4415283203125
-0.0263137817382813 -0.115409851074219 0.14306640625 0.95599365234375
0.0838775634765625 -0.0720748901367188 -0.37030029296875 0.62860107421875
0.150588989257813 -0.0328216552734375 0.022918701171875 0.0396919250488281
0.0945968627929688 -0.0698394775390625 0.3648681640625 -0.6756591796875
0.0137557983398438 -0.0831222534179688 -0.25067138671875 -0.98382568359375
-0.0578384399414062 -0.024169921875 -0.82958984375 -0.24554443359375
-0.0506782531738281 0.0298423767089844 -0.500152587890625 0.455780029296875
-0.00504684448242188 0.0186367034912109 0.00109863281250003 0.506195068359375
0.00679588317871094 0.0201568603515625 0.298980712890625 0.223419189453125
0.0135221481323242 -0.00367641448974609 0.34564208984375 -0.089263916015625
0.0297470092773438 -0.0178928375244141 -0.321563720703125 0.067138671875
0.0177402496337891 0.0119304656982422 -0.252090454101562 -0.224822998046875
0.0180988311767578 0.0116024017333984 0.100494384765625 -0.473846435546875
-0.0233955383300781 0.0190868377685547 0.60369873046875 -0.34954833984375
-0.0773468017578125 -0.0216140747070313 0.73333740234375 0.396728515625
-0.0358505249023438 -0.111892700195313 0.1910400390625 0.9510498046875
0.0745773315429688 -0.0745391845703125 -0.36126708984375 0.66241455078125
0.147735595703125 -0.0366363525390625 -0.00920486450195312 0.0666313171386719
0.0942153930664062 -0.0697860717773438 0.3785400390625 -0.64459228515625
0.0166854858398438 -0.0838394165039063 -0.1976318359375 -0.99945068359375
-0.0518341064453125 -0.0282630920410156 -0.8212890625 -0.29534912109375
-0.0451736450195313 0.02362060546875 -0.52825927734375 0.433868408203125
0.00151538848876953 0.0139083862304688 -0.02386474609375 0.513824462890625
0.00955104827880859 0.0172262191772461 0.297088623046875 0.2371826171875
0.0111627578735352 -0.002410888671875 0.35137939453125 -0.0772705078125
0.0256023406982422 -0.0217056274414063 -0.317047119140625 0.076690673828125
0.0197162628173828 0.0047454833984375 -0.25897216796875 -0.215805053710937
0.0272445678710937 0.00132369995117188 0.072998046875 -0.471099853515625
-0.00524806976318359 0.0158967971801758 0.576171875 -0.37762451171875
-0.0641059875488281 -0.0121269226074219 0.7513427734375 0.34796142578125
-0.0438461303710937 -0.0974960327148438 0.24554443359375 0.93304443359375
0.0566787719726562 -0.0668716430664063 -0.34393310546875 0.68994140625
0.130584716796875 -0.0329666137695313 -0.0364151000976562 0.0932540893554688
0.0849761962890625 -0.0598220825195313 0.39495849609375 -0.60546875
0.0206832885742188 -0.0750656127929688 -0.139892578125 -1.0074462890625
-0.037506103515625 -0.0272445678710938 -0.80877685546875 -0.34661865234375
-0.0321369171142578 0.0158405303955078 -0.55963134765625 0.409027099609375
0.0104398727416992 0.00587272644042969 -0.049468994140625 0.518218994140625
0.0131711959838867 0.0100202560424805 0.290191650390625 0.253326416015625
0.00721216201782227 -0.00573968887329102 0.360443115234375 -0.06414794921875
0.0183601379394531 -0.0264873504638672 -0.314697265625 0.08197021484375
0.0203094482421875 -0.00551986694335938 -0.270050048828125 -0.209121704101562
0.0376930236816406 -0.00930023193359375 0.04559326171875 -0.466156005859375
0.0144529342651367 0.0115346908569336 0.55084228515625 -0.40447998046875
-0.0454864501953125 -3.81469726563134E-06 0.76580810546875 0.3052978515625
-0.04510498046875 -0.0759811401367188 0.293212890625 0.9168701171875
0.036895751953125 -0.0495452880859375 -0.3221435546875 0.71368408203125
0.103317260742188 -0.0228805541992188 -0.0548324584960937 0.115203857421875
0.0675926208496094 -0.0417671203613281 0.41412353515625 -0.5745849609375
0.0233306884765625 -0.055877685546875 -0.0860595703125 -1.01300048828125
-0.0187263488769531 -0.0190658569335938 -0.79583740234375 -0.3907470703125
-0.0148773193359375 0.0088815689086914 -0.58880615234375 0.3856201171875
0.0219955444335938 -0.00245475769042969 -0.078704833984375 0.520660400390625
0.0164117813110352 -1.52587890625E-05 0.279052734375 0.2659912109375
0.00286006927490234 -0.0080265998840332 0.363433837890625 -0.0550537109375
0.0124683380126953 -0.0307178497314453 -0.317779541015625 0.0832214355468749
0.0203895568847656 -0.0150814056396484 -0.280899047851563 -0.205596923828125
0.0458755493164063 -0.0212669372558594 0.02484130859375 -0.46600341796875
0.0351905822753906 0.0058746337890625 0.531097412109375 -0.422149658203125
-0.0240135192871094 0.0115318298339844 0.772705078125 0.2733154296875
-0.043609619140625 -0.0499343872070312 0.32965087890625 0.90185546875
0.0157585144042969 -0.0252590179443359 -0.29901123046875 0.72760009765625
0.0687675476074219 -0.00804519653320313 -0.0611419677734375 0.12744140625
0.0427970886230469 -0.0169792175292969 0.4296875 -0.5567626953125
0.0236396789550781 -0.0291900634765625 -0.04315185546875 -1.02008056640625
0.000761985778808593 -0.00694370269775391 -0.78424072265625 -0.42510986328125
0.005401611328125 0.00467300415039063 -0.60791015625 0.36639404296875
0.034637451171875 -0.0115699768066406 -0.101715087890625 0.520965576171875
0.0199241638183594 -0.0118370056152344 0.267242431640625 0.27294921875
-0.00247955322265625 -0.0131607055664063 0.362213134765625 -0.05029296875
0.00634384155273438 -0.0369758605957031 -0.3251953125 0.0806884765625
0.0199050903320313 -0.0247631072998047 -0.293365478515625 -0.20538330078125
0.0517082214355469 -0.031768798828125 0.0101623535156251 -0.46722412109375
0.0528755187988281 0.0017242431640625 0.517608642578125 -0.43017578125
-0.00442695617675781 0.0199794769287109 0.7744140625 0.2574462890625
-0.0378646850585938 -0.0246620178222656 0.34844970703125 0.89117431640625
-0.00262641906738281 0.00192832946777344 -0.28277587890625 0.728515625
0.0335655212402344 0.0101375579833984 -0.05419921875 0.131370544433594
0.015838623046875 0.00876426696777344 0.4483642578125 -0.545440673828125
0.0231571197509766 -0.0008544921875 -0.01702880859375 -1.02154541015625
0.0198726654052734 0.00858688354492188 -0.77508544921875 -0.4405517578125
0.0240879058837891 0.00110435485839844 -0.61956787109375 0.35491943359375
0.0452995300292969 -0.0174636840820313 -0.11431884765625 0.518463134765625
0.0213298797607422 -0.0208225250244141 0.2572021484375 0.272384643554688
-0.00696945190429688 -0.016448974609375 0.35748291015625 -0.0521240234375
0.00304031372070313 -0.0389976501464844 -0.333465576171875 0.07244873046875
0.0186519622802734 -0.0327091217041016 -0.30108642578125 -0.20941162109375
0.05535888671875 -0.0384712219238281 0.00555419921874996 -0.46685791015625
0.0653305053710938 -0.000682830810546875 0.51666259765625 -0.429168701171875
0.0115871429443359 0.0287075042724609 0.7733154296875 0.26092529296875
-0.0302371978759766 -0.00246620178222656 0.34814453125 0.88702392578125
-0.0172405242919922 0.0272922515869141 -0.272705078125 0.71966552734375
0.0031585693359375 0.0277996063232422 -0.036224365234375 0.123817443847656
-0.00785636901855469 0.0338973999023437 0.45965576171875 -0.551544189453125
0.0211849212646484 0.0241241455078125 -0.0171508789062499 -1.0206298828125
0.0349864959716797 0.022674560546875 -0.7742919921875 -0.43646240234375
0.0366401672363281 0.000324249267578125 -0.61920166015625 0.3560791015625
0.0526123046875 -0.0226936340332031 -0.117340087890625 0.513916015625
0.0224857330322266 -0.0299129486083984 0.248062133789062 0.268264770507813
-0.00988578796386718 -0.0204830169677734 0.349578857421875 -0.05804443359375
0.00104141235351563 -0.0402641296386719 -0.344329833984375 0.062896728515625
0.0177536010742188 -0.0375480651855469 -0.308929443359375 -0.220672607421875
0.0568084716796875 -0.041168212890625 0.010101318359375 -0.47222900390625
0.0711135864257812 0.00011444091796875 0.528900146484375 -0.42083740234375
0.0204429626464844 0.0341968536376953 0.76678466796875 0.28399658203125
-0.0250301361083984 0.0129661560058594 0.3310546875 0.89501953125
-0.0266838073730469 0.0484542846679688 -0.2701416015625 0.7012939453125
-0.0195655822753906 0.0434532165527344 -0.00904846191406251 0.107437133789063
-0.0237083435058594 0.0536689758300781 0.46380615234375 -0.57403564453125
0.0228614807128906 0.0436935424804688 -0.0363159179687501 -1.02459716796875
0.0442543029785156 0.0318679809570313 -0.7806396484375 -0.41400146484375
0.0433540344238281 0.000797271728515625 -0.60797119140625 0.36456298828125
0.0538291931152344 -0.0244636535644531 -0.109710693359375 0.50927734375
0.0207099914550781 -0.0339183807373047 0.241806030273438 0.256179809570313
-0.0115928649902344 -0.0228195190429688 0.3394775390625 -0.069610595703125
0.0340785980224609 -0.0166206359863281 -0.33087158203125 0.0600891113281249
0.0149593353271484 0.015965461730957 -0.251083374023438 -0.232406616210937
0.0101337432861328 0.0163850784301758 0.117523193359375 -0.4796142578125
-0.0346183776855469 0.0204906463623047 0.62432861328125 -0.334228515625
-0.0830459594726563 -0.025299072265625 0.72454833984375 0.4296875
-0.028533935546875 -0.114601135253906 0.15850830078125 0.95245361328125
0.0824432373046875 -0.0722732543945313 -0.36083984375 0.63348388671875
0.150772094726563 -0.036041259765625 0.0241050720214844 0.0399169921875
0.0938491821289063 -0.0717239379882813 0.3531494140625 -0.67962646484375
0.0125656127929688 -0.083465576171875 -0.26531982421875 -0.98089599609375
-0.0583763122558594 -0.0233955383300781 -0.835205078125 -0.23236083984375
-0.050323486328125 0.0319557189941406 -0.49188232421875 0.463470458984375
-0.00433158874511719 0.0187721252441406 0.00912475585937496 0.505889892578125
0.00743865966796875 0.0207004547119141 0.301971435546875 0.2176513671875
0.0133476257324219 -0.00335597991943359 0.343536376953125 -0.095611572265625
0.0289859771728516 -0.0185317993164063 -0.3199462890625 0.073516845703125
0.0175228118896484 0.0116996765136719 -0.255233764648438 -0.220138549804687
0.0179786682128906 0.0108375549316406 0.093109130859375 -0.473968505859375
-0.0233478546142578 0.0197410583496094 0.59832763671875 -0.36138916015625
-0.078155517578125 -0.0200958251953125 0.7401123046875 0.3853759765625
-0.0374221801757813 -0.110488891601563 0.20526123046875 0.9453125
0.0725631713867188 -0.0757369995117188 -0.35211181640625 0.66717529296875
0.14764404296875 -0.0391693115234375 -0.00836181640624999 0.0673065185546875
0.0943222045898438 -0.072113037109375 0.36822509765625 -0.64837646484375
0.0154876708984375 -0.083770751953125 -0.211669921875 -0.99420166015625
-0.0523681640625 -0.02734375 -0.8255615234375 -0.2821044921875
-0.044281005859375 0.0241775512695312 -0.521575927734375 0.440948486328125
0.000581741333007812 0.0139493942260742 -0.014862060546875 0.5118408203125
0.00982475280761719 0.0165109634399414 0.29974365234375 0.2320556640625
0.0107269287109375 -0.00197410583496094 0.3514404296875 -0.08355712890625
0.0242176055908203 -0.0229263305664063 -0.31561279296875 0.0815734863281249
0.0185794830322266 0.00400161743164063 -0.262771606445313 -0.210968017578125
0.027862548828125 0.00123977661132813 0.06591796875 -0.47265625
-0.00620269775390625 0.0158910751342773 0.57061767578125 -0.38690185546875
-0.06524658203125 -0.00936126708984375 0.75738525390625 0.33721923828125
-0.04461669921875 -0.0952606201171875 0.2584228515625 0.92681884765625
0.0559463500976563 -0.068145751953125 -0.33477783203125 0.69342041015625
0.130157470703125 -0.0362319946289063 -0.0346603393554688 0.0943756103515625
0.0848922729492188 -0.0621261596679687 0.3861083984375 -0.6107177734375
0.0197906494140625 -0.0754776000976563 -0.1556396484375 -1.0047607421875
-0.03826904296875 -0.0270004272460938 -0.81396484375 -0.33203125
-0.0313396453857422 0.0159950256347656 -0.5516357421875 0.41705322265625
0.0103797912597656 0.00568771362304688 -0.0423583984375 0.517791748046875
0.0129280090332031 0.00926971435546875 0.295074462890625 0.24810791015625
0.0075526237487793 -0.0049281120300293 0.359100341796875 -0.07098388671875
0.0175285339355469 -0.0260810852050781 -0.313629150390625 0.087738037109375
0.0200786590576172 -0.00523567199707031 -0.273529052734375 -0.20220947265625
0.0368270874023438 -0.0104293823242187 0.038482666015625 -0.468414306640625
0.0146694183349609 0.0113077163696289 0.54486083984375 -0.412353515625
-0.0462074279785156 0.000904083251953122 0.77008056640625 0.2926025390625
-0.0474777221679687 -0.073760986328125 0.30584716796875 0.91131591796875
0.0351638793945313 -0.0498580932617188 -0.3116455078125 0.7183837890625
0.102752685546875 -0.0250778198242188 -0.0526809692382813 0.115882873535156
0.0664634704589844 -0.0428733825683594 0.4044189453125 -0.58013916015625
0.0221099853515625 -0.0556106567382813 -0.1015625 -1.01251220703125
-0.0189285278320313 -0.0196590423583984 -0.80029296875 -0.37884521484375
-0.01409912109375 0.00872421264648438 -0.5806884765625 0.3936767578125
0.0221996307373047 -0.00286865234375 -0.0701293945312501 0.5205078125
0.0167551040649414 -0.000882148742675781 0.283416748046875 0.261077880859375
0.00242948532104492 -0.00797367095947266 0.36163330078125 -0.0615234375
0.0109672546386719 -0.0312099456787109 -0.317047119140625 0.0889892578125
0.0196762084960938 -0.0155849456787109 -0.284576416015625 -0.19879150390625
0.0448951721191406 -0.0231666564941406 0.0175781250000001 -0.465301513671875
0.0347042083740234 0.00518417358398438 0.52435302734375 -0.429931640625
-0.0246028900146484 0.0108966827392578 0.77789306640625 0.2603759765625
-0.0441017150878906 -0.0492286682128906 0.342529296875 0.89569091796875
0.0154266357421875 -0.0252532958984375 -0.288818359375 0.732421875
0.0682411193847656 -0.00957107543945313 -0.0588607788085937 0.128875732421875
0.0419692993164063 -0.0177116394042969 0.42169189453125 -0.55902099609375
0.023468017578125 -0.0295505523681641 -0.05889892578125 -1.01751708984375
0.00160741806030273 -0.00758266448974609 -0.78961181640625 -0.412353515625
0.00570297241210938 0.00391674041748047 -0.602294921875 0.3760986328125
0.0338306427001953 -0.0118141174316406 -0.0920104980468751 0.520965576171875
0.0193576812744141 -0.0112590789794922 0.271560668945313 0.267807006835938
-0.00225067138671875 -0.0126056671142578 0.36212158203125 -0.055450439453125
0.00555038452148437 -0.0350799560546875 -0.32342529296875 0.085723876953125
0.0190219879150391 -0.0247554779052734 -0.295989990234375 -0.1998291015625
0.0502586364746094 -0.0339088439941406 0.00289916992187502 -0.46514892578125
0.0514259338378906 4.1961669921875E-05 0.511749267578125 -0.43878173828125
-0.00386238098144531 0.020721435546875 0.77783203125 0.2437744140625
-0.0383110046386719 -0.0229835510253906 0.36126708984375 0.8834228515625
-0.00324892997741699 0.00211095809936523 -0.27191162109375 0.7325439453125
0.0331745147705078 0.00909614562988281 -0.0522613525390625 0.132423400878906
0.0157155990600586 0.00848579406738281 0.438629150390625 -0.55120849609375
0.0233230590820313 -0.002593994140625 -0.0332641601562499 -1.0189208984375
0.0202770233154297 0.00805282592773437 -0.78240966796875 -0.42803955078125
0.0241069793701172 0.00140762329101563 -0.61260986328125 0.36334228515625
0.0433731079101563 -0.0185089111328125 -0.10614013671875 0.519683837890625
0.0210342407226563 -0.0212860107421875 0.261123657226563 0.268661499023438
-0.00695323944091797 -0.0165367126464844 0.3568115234375 -0.057586669921875
0.00187301635742188 -0.038421630859375 -0.33306884765625 0.07891845703125
0.0178585052490234 -0.0324745178222656 -0.305877685546875 -0.204833984375
0.0548515319824219 -0.0399055480957031 -0.00225830078125002 -0.467132568359375
0.0647735595703125 -0.0023040771484375 0.50909423828125 -0.43798828125
0.0117778778076172 0.0287685394287109 0.777587890625 0.2491455078125
-0.0306472778320312 -0.00186538696289063 0.36224365234375 0.88287353515625
-0.0169296264648437 0.0285968780517578 -0.261474609375 0.7230224609375
0.002288818359375 0.0272903442382813 -0.0346221923828125 0.123764038085938
-0.00648880004882812 0.0328903198242188 0.449920654296875 -0.5576171875
0.0228443145751953 0.0246353149414063 -0.0316162109375 -1.01983642578125
0.03564453125 0.0215492248535156 -0.78033447265625 -0.4241943359375
0.0370941162109375 -0.0005035400390625 -0.612060546875 0.36297607421875
0.051361083984375 -0.0236701965332031 -0.10931396484375 0.514312744140625
0.0222511291503906 -0.0289630889892578 0.251602172851563 0.263107299804688
-0.010406494140625 -0.0205402374267578 0.349151611328125 -0.063812255859375
0.000373840332031248 -0.0404853820800781 -0.342559814453125 0.06939697265625
0.0174217224121094 -0.0373916625976563 -0.312103271484375 -0.21478271484375
0.0559806823730469 -0.04180908203125 0.00366210937500002 -0.47119140625
0.0713272094726562 -0.00128173828125 0.521636962890625 -0.43121337890625
0.0206317901611328 0.0348148345947266 0.77301025390625 0.27056884765625
-0.0247535705566406 0.0144081115722656 0.344970703125 0.88812255859375
-0.0264472961425781 0.0487136840820313 -0.25897216796875 0.706787109375
-0.0195732116699219 0.0427474975585938 -0.00688171386718751 0.107894897460937
-0.0219535827636719 0.0544319152832031 0.455810546875 -0.5814208984375
0.0235137939453125 0.0434951782226563 -0.0543212890625 -1.02301025390625
0.0454483032226563 0.0313262939453125 -0.78778076171875 -0.40252685546875
0.0445938110351563 -0.00102996826171875 -0.601806640625 0.3760986328125
0.0527610778808594 -0.0253562927246094 -0.101226806640625 0.51019287109375
0.0205211639404297 -0.0343341827392578 0.246536254882813 0.252517700195313
-0.0112705230712891 -0.0225067138671875 0.3385009765625 -0.075286865234375
0.0331878662109375 -0.0172710418701172 -0.3289794921875 0.06597900390625
0.0143041610717773 0.0158662796020508 -0.253402709960938 -0.227554321289062
0.00977706909179688 0.0161857604980469 0.109771728515625 -0.48016357421875
-0.0347900390625 0.020965576171875 0.6185302734375 -0.34326171875
-0.0837783813476563 -0.0237960815429687 0.73101806640625 0.4176025390625
-0.0306625366210938 -0.11322021484375 0.16998291015625 0.94793701171875
0.0810012817382813 -0.0727310180664063 -0.3511962890625 0.63592529296875
0.14923095703125 -0.0379180908203125 0.0250167846679688 0.0395927429199219
0.0937118530273438 -0.072784423828125 0.3436279296875 -0.6812744140625
0.011993408203125 -0.0833969116210938 -0.27972412109375 -0.97467041015625
-0.0581855773925781 -0.0220794677734375 -0.83563232421875 -0.21923828125
-0.0491447448730469 0.0316314697265625 -0.483489990234375 0.468719482421875
-0.00403022766113281 0.0188426971435547 0.0179748535156251 0.50390625
0.00728988647460937 0.0202846527099609 0.305145263671875 0.212677001953125
0.014124870300293 -0.003753662109375 0.341766357421875 -0.100372314453125
0.028900146484375 -0.0186996459960938 -0.318389892578125 0.078460693359375
0.0173721313476563 0.0118694305419922 -0.25762939453125 -0.214828491210938
0.0179481506347656 0.0105476379394531 0.085052490234375 -0.474029541015625
-0.0232830047607422 0.0194206237792969 0.59173583984375 -0.36773681640625
-0.0793228149414063 -0.0182113647460937 0.7427978515625 0.3720703125
-0.0399398803710938 -0.108604431152344 0.2161865234375 0.9393310546875
0.0712509155273437 -0.0759124755859375 -0.3416748046875 0.66986083984375
0.1463623046875 -0.04180908203125 -0.00714111328124999 0.0672988891601563
0.0928573608398438 -0.0733184814453125 0.35675048828125 -0.650634765625
0.0154266357421875 -0.0853424072265625 -0.22662353515625 -0.9912109375
-0.0521965026855469 -0.0269889831542969 -0.82867431640625 -0.26837158203125
-0.0437583923339844 0.0252418518066406 -0.513397216796875 0.447296142578125
0.000548362731933595 0.0144624710083008 -0.00704956054687504 0.50909423828125
0.00997447967529297 0.0163784027099609 0.30291748046875 0.227081298828125
0.0114889144897461 -0.00208854675292969 0.3482666015625 -0.0887451171875
0.0235652923583984 -0.0222225189208984 -0.314056396484375 0.0875244140625
0.0190944671630859 0.00373077392578125 -0.2655029296875 -0.204055786132813
0.0271472930908203 -0.000135421752929688 0.05841064453125 -0.471435546875
-0.00604248046875 0.0157222747802734 0.564208984375 -0.39678955078125
-0.0648155212402344 -0.00807189941406251 0.760498046875 0.32501220703125
-0.0457382202148438 -0.0940933227539063 0.269775390625 0.92205810546875
0.0546913146972656 -0.0684165954589844 -0.32452392578125 0.6976318359375
0.129104614257813 -0.037689208984375 -0.0332107543945312 0.0949859619140625
0.0840301513671875 -0.0631179809570313 0.3765869140625 -0.61370849609375
0.019073486328125 -0.0747146606445313 -0.17010498046875 -0.99932861328125
-0.0387077331542969 -0.0260467529296875 -0.81671142578125 -0.32135009765625
-0.0313434600830078 0.0164737701416016 -0.54437255859375 0.425750732421875
0.00976181030273438 0.00587177276611328 -0.03338623046875 0.5172119140625
0.013279914855957 0.00821590423583984 0.29803466796875 0.24310302734375
0.00743436813354492 -0.00470256805419922 0.3564453125 -0.07720947265625
0.0172100067138672 -0.0257701873779297 -0.31317138671875 0.0936279296874999
0.0205307006835938 -0.00506591796875 -0.2760009765625 -0.197296142578125
0.035858154296875 -0.01123046875 0.030731201171875 -0.467437744140625
0.0145940780639648 0.00950241088867187 0.536895751953125 -0.419677734375
-0.0459480285644531 0.00138092041015625 0.7730712890625 0.279541015625
-0.0480194091796875 -0.071929931640625 0.31976318359375 0.90570068359375
0.0340309143066406 -0.0507049560546875 -0.30120849609375 0.71966552734375
0.101112365722656 -0.0265731811523438 -0.0510025024414062 0.115898132324219
0.0659065246582031 -0.0435562133789063 0.3956298828125 -0.58349609375
0.0220413208007812 -0.0564918518066406 -0.11444091796875 -1.007568359375
-0.0191078186035156 -0.0195713043212891 -0.80291748046875 -0.36676025390625
-0.0143213272094727 0.00902843475341797 -0.5732421875 0.40087890625
0.0212688446044922 -0.00308799743652344 -0.061614990234375 0.52056884765625
0.0156898498535156 -0.00115966796875 0.288299560546875 0.2562255859375
0.00282907485961914 -0.00820302963256836 0.36041259765625 -0.0667724609375
0.0101642608642578 -0.0302295684814453 -0.31427001953125 0.0946044921875
0.0188331604003906 -0.0156002044677734 -0.28662109375 -0.192718505859375
0.0445289611816406 -0.0237998962402344 0.010986328125 -0.465606689453125
0.0341072082519531 0.00473785400390625 0.5157470703125 -0.436676025390625
-0.0247802734375 0.0114517211914062 0.77996826171875 0.247314453125
-0.0453453063964844 -0.0474052429199219 0.3553466796875 0.88653564453125
0.0146522521972656 -0.0249919891357422 -0.27880859375 0.73394775390625
0.0676956176757813 -0.0110664367675781 -0.0568084716796875 0.12939453125
0.0430488586425781 -0.0189170837402344 0.41192626953125 -0.56329345703125
0.023101806640625 -0.0305728912353516 -0.07476806640625 -1.01495361328125
0.000672340393066406 -0.00754880905151367 -0.79437255859375 -0.39971923828125
0.00521135330200195 0.00293588638305664 -0.59503173828125 0.38482666015625
0.0342044830322266 -0.0126438140869141 -0.08416748046875 0.519927978515625
0.0193424224853516 -0.0119495391845703 0.27587890625 0.263580322265625
-0.00201988220214844 -0.012080192565918 0.359588623046875 -0.061126708984375
0.00388145446777343 -0.0350894927978516 -0.32159423828125 0.092315673828125
0.0186176300048828 -0.0247344970703125 -0.29833984375 -0.193023681640625
0.0494155883789063 -0.0338249206542969 -0.00604248046875001 -0.463409423828125
0.0513763427734375 -0.000823974609375 0.5030517578125 -0.445770263671875
-0.00435256958007813 0.0204181671142578 0.78033447265625 0.23388671875
-0.0390243530273438 -0.0217552185058594 0.374267578125 0.87762451171875
-0.00288248062133789 0.00274896621704101 -0.26141357421875 0.73486328125
0.0334911346435547 0.00760269165039062 -0.0509262084960938 0.132164001464844
0.0164728164672852 0.00762844085693359 0.42852783203125 -0.554290771484375
0.0232505798339844 -0.0027008056640625 -0.0472412109375 -1.01556396484375
0.0202445983886719 0.00685882568359375 -0.786376953125 -0.413818359375
0.0244941711425781 9.5367431640625E-05 -0.605712890625 0.3721923828125
0.0438079833984375 -0.0192642211914063 -0.09765625 0.517669677734375
0.0210971832275391 -0.0219383239746094 0.264785766601563 0.262176513671875
-0.00726509094238281 -0.0158977508544922 0.354766845703125 -0.06365966796875
0.000537872314453121 -0.0376167297363281 -0.33135986328125 0.08447265625
0.0173320770263672 -0.0317134857177734 -0.308563232421875 -0.19732666015625
0.0536117553710938 -0.0407638549804688 -0.0089111328125 -0.466217041015625
0.0637626647949219 -0.0034332275390625 0.50177001953125 -0.444091796875
0.0118312835693359 0.0285720825195313 0.7794189453125 0.23565673828125
-0.0309772491455078 -0.00102615356445313 0.37457275390625 0.87451171875
-0.0171298980712891 0.0283756256103516 -0.2498779296875 0.72528076171875
0.00315093994140625 0.0271015167236328 -0.0323867797851562 0.125083923339844
-0.00634956359863281 0.0333995819091797 0.4395751953125 -0.56268310546875
0.0222110748291016 0.0239315032958984 -0.04736328125 -1.01708984375
0.035491943359375 0.0205612182617187 -0.78668212890625 -0.4111328125
0.0380210876464844 -0.000911712646484375 -0.60479736328125 0.37286376953125
0.0510025024414063 -0.0240097045898438 -0.101470947265625 0.513397216796875
0.021331787109375 -0.0305156707763672 0.256515502929688 0.259384155273438
-0.0105304718017578 -0.0197925567626953 0.346282958984375 -0.07073974609375
-0.000858306884765621 -0.03961181640625 -0.341278076171875 0.0760498046875
0.0158233642578125 -0.0373764038085937 -0.315399169921875 -0.207550048828125
0.0548896789550781 -0.0428314208984375 -0.00375366210937504 -0.469451904296875
0.0711517333984375 -0.002777099609375 0.514617919921875 -0.43548583984375
0.0201206207275391 0.0340805053710938 0.7744140625 0.25811767578125
-0.0253639221191406 0.0152721405029297 0.35626220703125 0.880615234375
-0.0258140563964844 0.0495414733886719 -0.24835205078125 0.70770263671875
-0.0191116333007813 0.0424919128417969 -0.00502777099609375 0.108108520507812
-0.0204544067382812 0.0548362731933594 0.447265625 -0.5845947265625
0.0243148803710938 0.0423965454101563 -0.0684814453125 -1.01983642578125
0.0460968017578125 0.0296592712402344 -0.793212890625 -0.38983154296875
0.0440635681152344 -0.00115203857421875 -0.5946044921875 0.38433837890625
0.0525321960449219 -0.02642822265625 -0.0939025878906251 0.50982666015625
0.0192680358886719 -0.0353279113769531 0.250625610351563 0.248458862304688
-0.0116806030273437 -0.0222816467285156 0.337066650390625 -0.082000732421875
0.0328102111816406 -0.0178508758544922 -0.326568603515625 0.0716857910156249
0.0154380798339844 0.0165777206420898 -0.256484985351562 -0.220428466796875
0.00971603393554688 0.0156803131103516 0.102996826171875 -0.478302001953125
-0.0348300933837891 0.0205211639404297 0.61016845703125 -0.35089111328125
-0.0849380493164063 -0.0217819213867187 0.731689453125 0.4049072265625
-0.033233642578125 -0.11065673828125 0.184326171875 0.9412841796875
0.0794525146484375 -0.0731277465820313 -0.34210205078125 0.63763427734375
0.148529052734375 -0.039520263671875 0.0241775512695313 0.0398178100585938
0.091949462890625 -0.0734786987304688 0.33221435546875 -0.68292236328125
0.0114517211914063 -0.0839462280273438 -0.2918701171875 -0.96612548828125
-0.0582237243652344 -0.0216903686523438 -0.8343505859375 -0.20361328125
-0.0478324890136719 0.033050537109375 -0.474517822265625 0.474761962890625
-0.00455665588378906 0.0178070068359375 0.02520751953125 0.498321533203125
0.00764274597167969 0.0204734802246094 0.30804443359375 0.207275390625
0.0142412185668945 -0.00346755981445312 0.339141845703125 -0.105743408203125
0.0276031494140625 -0.0185585021972656 -0.316192626953125 0.0837402343750001
0.0174446105957031 0.011357307434082 -0.259002685546875 -0.209060668945313
0.0165557861328125 0.00938606262207031 0.078582763671875 -0.473052978515625
-0.0241451263427734 0.0190963745117188 0.58319091796875 -0.3760986328125
-0.0782470703125 -0.0172805786132813 0.747314453125 0.36114501953125
-0.0407028198242187 -0.107902526855469 0.23040771484375 0.93115234375
0.0698928833007812 -0.0765380859375 -0.33209228515625 0.67083740234375
0.144500732421875 -0.0440673828125 -0.006561279296875 0.0678749084472656
0.0922622680664063 -0.0748825073242188 0.3472900390625 -0.65057373046875
0.013916015625 -0.0850982666015625 -0.23828125 -0.984619140625
-0.05242919921875 -0.0267333984375 -0.82867431640625 -0.25653076171875
-0.042510986328125 0.0257759094238281 -0.5052490234375 0.455902099609375
0.000213623046875001 0.0138940811157227 0.00100708007812498 0.506378173828125
0.0103225708007812 0.0156564712524414 0.30621337890625 0.219940185546875
0.0111494064331055 -0.00209617614746094 0.34527587890625 -0.093994140625
0.0233726501464844 -0.0223217010498047 -0.3115234375 0.0931091308593751
0.0189266204833984 0.00465011596679688 -0.266876220703125 -0.198333740234375
0.02740478515625 -0.000146865844726563 0.051300048828125 -0.46978759765625
-0.00616836547851563 0.0158109664916992 0.554351806640625 -0.40362548828125
-0.0660629272460938 -0.00717163085937499 0.76318359375 0.3109130859375
-0.0480575561523438 -0.0923843383789063 0.281494140625 0.9124755859375
0.053192138671875 -0.06854248046875 -0.312744140625 0.69964599609375
0.127693176269531 -0.0404281616210938 -0.0332412719726563 0.0953826904296875
0.08355712890625 -0.063629150390625 0.36627197265625 -0.614990234375
0.0175552368164063 -0.0763092041015625 -0.18402099609375 -0.9913330078125
-0.0386161804199219 -0.0261993408203125 -0.81817626953125 -0.3050537109375
-0.0299510955810547 0.0173377990722656 -0.536590576171875 0.431396484375
0.0106391906738281 0.00473117828369141 -0.0259399414062499 0.512969970703125
0.0123510360717773 0.00858592987060547 0.30029296875 0.2371826171875
0.008056640625 -0.00426673889160156 0.354034423828125 -0.082305908203125
0.0160160064697266 -0.0260486602783203 -0.309906005859375 0.0983276367187501
0.0192813873291016 -0.00601768493652344 -0.277542114257813 -0.1903076171875
0.0365028381347656 -0.0121841430664063 0.0244140625 -0.464385986328125
0.0136251449584961 0.0100221633911133 0.528228759765625 -0.424896240234375
-0.0470924377441406 0.00269317626953126 0.77423095703125 0.26727294921875
-0.0501670837402344 -0.0699958801269531 0.32940673828125 0.89434814453125
0.0336723327636719 -0.0499839782714844 -0.2891845703125 0.72296142578125
0.100479125976562 -0.0284500122070313 -0.0497360229492187 0.11663818359375
0.0651817321777344 -0.0444526672363281 0.38623046875 -0.5870361328125
0.0217170715332031 -0.0564117431640625 -0.1290283203125 -1.00054931640625
-0.0198001861572266 -0.0195121765136719 -0.80572509765625 -0.352783203125
-0.014155387878418 0.00911426544189453 -0.5640869140625 0.40924072265625
0.0207958221435547 -0.00418281555175781 -0.05194091796875 0.51690673828125
0.0150442123413086 -0.00125598907470703 0.290740966796875 0.250396728515625
0.00248813629150391 -0.00745534896850586 0.356475830078125 -0.0718994140625
0.00913619995117188 -0.0300312042236328 -0.31170654296875 0.09954833984375
0.0180759429931641 -0.0153903961181641 -0.288726806640625 -0.186492919921875
0.0428085327148438 -0.0251045227050781 0.0025634765625 -0.46112060546875
0.0340099334716797 0.00287628173828125 0.507110595703125 -0.442474365234375
-0.0243053436279297 0.0122165679931641 0.78125 0.234375
-0.0465316772460937 -0.0456504821777344 0.36590576171875 0.87762451171875
0.0133171081542969 -0.0252952575683594 -0.2674560546875 0.7353515625
0.0679168701171875 -0.011962890625 -0.0561294555664063 0.130050659179688
0.0426368713378906 -0.0193939208984375 0.40460205078125 -0.56573486328125
0.0225238800048828 -0.0310134887695313 -0.0897827148437499 -1.007080078125
0.0011143684387207 -0.00801897048950195 -0.79766845703125 -0.38543701171875
0.00614452362060547 0.00437307357788086 -0.5863037109375 0.39007568359375
0.0335540771484375 -0.0116996765136719 -0.075775146484375 0.5185546875
0.0185337066650391 -0.0122318267822266 0.279037475585938 0.257553100585938
-0.00295448303222656 -0.0123157501220703 0.356658935546875 -0.06842041015625
0.00383949279785156 -0.0341167449951172 -0.31890869140625 0.096893310546875
0.0165843963623047 -0.0247821807861328 -0.30047607421875 -0.1859130859375
0.0489006042480469 -0.0345039367675781 -0.0123291015625 -0.461029052734375
0.0506439208984375 -0.00160598754882813 0.49298095703125 -0.449920654296875
-0.00433349609375 0.0206298828125 0.78082275390625 0.21990966796875
-0.0398597717285156 -0.0201148986816406 0.38470458984375 0.8675537109375
-0.00310921669006348 0.0020604133605957 -0.2518310546875 0.73345947265625
0.0331707000732422 0.00653266906738281 -0.0480499267578125 0.132377624511719
0.0182552337646484 0.00795936584472656 0.419830322265625 -0.558624267578125
0.0225276947021484 -0.003173828125 -0.061279296875 -1.01123046875
0.0207614898681641 0.00630569458007812 -0.78582763671875 -0.40155029296875
0.0243721008300781 0.0005645751953125 -0.59637451171875 0.37841796875
0.0427703857421875 -0.0195045471191406 -0.0903930664062499 0.5169677734375
0.0195026397705078 -0.022735595703125 0.268386840820313 0.258285522460938
-0.00688266754150391 -0.0157947540283203 0.352020263671875 -0.069854736328125
-0.000339508056640623 -0.0371475219726563 -0.328582763671875 0.090118408203125
0.0157966613769531 -0.031951904296875 -0.310302734375 -0.190277099609375
0.0521926879882813 -0.0423011779785156 -0.01580810546875 -0.46258544921875
0.0632781982421875 -0.00563430786132813 0.492431640625 -0.449493408203125
0.0114650726318359 0.0282840728759766 0.77935791015625 0.224609375
-0.0318984985351563 0.000764846801757813 0.38360595703125 0.8648681640625
-0.0168380737304688 0.0292339324951172 -0.23944091796875 0.72406005859375
0.0038604736328125 0.0258827209472656 -0.0306243896484375 0.125946044921875
-0.00572395324707032 0.0324935913085938 0.43072509765625 -0.5654296875
0.0239353179931641 0.0230255126953125 -0.06182861328125 -1.012451171875
0.0365829467773438 0.0197029113769531 -0.78826904296875 -0.39666748046875
0.0379524230957031 -7.62939453125E-05 -0.59521484375 0.38092041015625
0.0501823425292969 -0.0248451232910156 -0.093994140625 0.511749267578125
0.0205612182617188 -0.0299396514892578 0.258819580078125 0.253570556640625
-0.0114574432373047 -0.0192241668701172 0.34429931640625 -0.0762939453125
-0.00125503540039063 -0.0383186340332031 -0.33868408203125 0.081298828125
0.0153465270996094 -0.0368080139160156 -0.31640625 -0.200469970703125
0.0540657043457031 -0.044281005859375 -0.00985717773437502 -0.46832275390625
0.0702438354492188 -0.00491714477539063 0.506561279296875 -0.44232177734375
0.0210113525390625 0.03369140625 0.77813720703125 0.24591064453125
-0.0249786376953125 0.0165271759033203 0.36602783203125 0.87139892578125
-0.025299072265625 0.0496482849121094 -0.2391357421875 0.70745849609375
-0.0186309814453125 0.0419845581054688 -0.00371551513671874 0.107383728027344
-0.0191802978515625 0.0542144775390625 0.436279296875 -0.5870361328125
0.0259895324707031 0.0412063598632813 -0.0838623046875 -1.01190185546875
0.0454635620117188 0.0290260314941406 -0.79345703125 -0.37506103515625
0.0445480346679688 -0.0016632080078125 -0.58599853515625 0.390380859375
0.0512237548828125 -0.02734375 -0.084747314453125 0.507720947265625
0.0191841125488281 -0.0351066589355469 0.253097534179688 0.243087768554688
-0.0125083923339844 -0.0213832855224609 0.333587646484375 -0.0875244140625
0.0320453643798828 -0.017120361328125 -0.32379150390625 0.0764160156250001
0.0144596099853516 0.016240119934082 -0.25732421875 -0.21527099609375
0.009307861328125 0.0149612426757812 0.095306396484375 -0.476806640625
-0.0354270935058594 0.0210609436035156 0.60113525390625 -0.3572998046875
-0.085113525390625 -0.0208282470703125 0.7337646484375 0.39190673828125
-0.0338668823242188 -0.108970642089844 0.19366455078125 0.93206787109375
0.0780181884765625 -0.0731353759765625 -0.3331298828125 0.63800048828125
0.146957397460938 -0.041168212890625 0.0240287780761719 0.0392379760742188
0.091094970703125 -0.074554443359375 0.31982421875 -0.68267822265625
0.00994110107421876 -0.0833816528320313 -0.30279541015625 -0.956298828125
-0.05804443359375 -0.0212211608886719 -0.8331298828125 -0.19244384765625
-0.0479354858398438 0.0334854125976563 -0.46588134765625 0.477935791015625
-0.00457096099853516 0.017430305480957 0.03118896484375 0.49591064453125
0.00688362121582031 0.0191555023193359 0.309051513671875 0.201873779296875
0.0135021209716797 -0.00325107574462891 0.33441162109375 -0.110443115234375
0.0275325775146484 -0.0183486938476563 -0.313201904296875 0.08917236328125
0.0171337127685547 0.0113201141357422 -0.260391235351563 -0.201995849609375
0.0169363021850586 0.0093536376953125 0.072235107421875 -0.470611572265625
-0.0237312316894531 0.0191612243652344 0.57366943359375 -0.38189697265625
-0.0784988403320313 -0.0146484375 0.74737548828125 0.348388671875
-0.0421295166015625 -0.104881286621094 0.24005126953125 0.9215087890625
0.0683746337890625 -0.0759811401367188 -0.3223876953125 0.672119140625
0.143218994140625 -0.04583740234375 -0.00521087646484374 0.067779541015625
0.0912246704101563 -0.07568359375 0.33587646484375 -0.6512451171875
0.0128326416015625 -0.0844802856445313 -0.25 -0.97314453125
-0.0522842407226563 -0.0253753662109375 -0.8265380859375 -0.2427978515625
-0.0421981811523438 0.025665283203125 -0.49322509765625 0.45721435546875
0.00109386444091797 0.0136613845825195 0.00686645507812502 0.5020751953125
0.0100736618041992 0.01605224609375 0.307830810546875 0.2144775390625
0.0112285614013672 -0.00100612640380859 0.342315673828125 -0.099578857421875
0.0211887359619141 -0.0219459533691406 -0.30792236328125 0.096527099609375
0.0187664031982422 0.00418472290039063 -0.266983032226563 -0.191452026367187
0.0258388519287109 -0.00118637084960937 0.044464111328125 -0.466461181640625
-0.00708580017089844 0.0147190093994141 0.545074462890625 -0.40869140625
-0.0651893615722656 -0.00591278076171875 0.7628173828125 0.298828125
-0.0486297607421875 -0.0901947021484375 0.2886962890625 0.90289306640625
0.0517463684082031 -0.0682792663574219 -0.30426025390625 0.698486328125
0.127304077148438 -0.04205322265625 -0.031524658203125 0.0942535400390625
0.0810623168945313 -0.064483642578125 0.3568115234375 -0.615966796875
0.017486572265625 -0.0768814086914062 -0.1962890625 -0.98565673828125
-0.0386085510253906 -0.0252838134765625 -0.81634521484375 -0.29266357421875
-0.0295906066894531 0.0183315277099609 -0.52606201171875 0.436065673828125
0.00964736938476563 0.00475311279296875 -0.0191650390625 0.50933837890625
0.0126981735229492 0.00861740112304688 0.302276611328125 0.231689453125
0.00794124603271485 -0.00343751907348633 0.35003662109375 -0.08721923828125
0.0148086547851563 -0.0253028869628906 -0.3072509765625 0.102935791015625
0.0189495086669922 -0.00490379333496094 -0.278106689453125 -0.183990478515625
0.0347061157226563 -0.0132160186767578 0.01812744140625 -0.461578369140625
0.013056755065918 0.00896167755126953 0.518829345703125 -0.43060302734375
-0.0466728210449219 0.003631591796875 0.773681640625 0.25372314453125
-0.0505485534667969 -0.0689964294433594 0.33843994140625 0.88568115234375
0.0320930480957031 -0.0495262145996094 -0.27984619140625 0.7213134765625
0.0996932983398438 -0.030181884765625 -0.0472488403320312 0.116180419921875
0.0659637451171875 -0.0452690124511719 0.37567138671875 -0.5858154296875
0.0201683044433594 -0.0569648742675781 -0.14178466796875 -0.9920654296875
-0.0198574066162109 -0.0190067291259766 -0.805419921875 -0.33935546875
-0.0127725601196289 0.00906848907470703 -0.555908203125 0.413909912109375
0.0212936401367188 -0.00424003601074219 -0.046661376953125 0.51348876953125
0.0155143737792969 -0.00194358825683594 0.292999267578125 0.244476318359375
0.00329971313476562 -0.00624847412109375 0.35491943359375 -0.078521728515625
0.00840187072753906 -0.0300998687744141 -0.308929443359375 0.10321044921875
0.017913818359375 -0.0153388977050781 -0.288970947265625 -0.1807861328125
0.0423545837402344 -0.0257720947265625 -0.00271606445312501 -0.457916259765625
0.0329437255859375 0.00290870666503906 0.4979248046875 -0.44573974609375
-0.0257549285888672 0.0121345520019531 0.77911376953125 0.2213134765625
-0.0475044250488281 -0.0439453125 0.37359619140625 0.866943359375
0.013336181640625 -0.0262413024902344 -0.25616455078125 0.73089599609375
0.06622314453125 -0.0130691528320312 -0.0533065795898438 0.129112243652344
0.0424842834472656 -0.0207061767578125 0.39306640625 -0.56781005859375
0.022125244140625 -0.0310688018798828 -0.10125732421875 -1.000244140625
0.00158071517944336 -0.0081782341003418 -0.794921875 -0.37213134765625
0.00617885589599609 0.00334787368774414 -0.57611083984375 0.39544677734375
0.0328655242919922 -0.0132980346679688 -0.069732666015625 0.515106201171875
0.017512321472168 -0.0132265090942383 0.281341552734375 0.253204345703125
-0.00300693511962891 -0.0114221572875977 0.35333251953125 -0.0736083984375
0.00236320495605469 -0.0335540771484375 -0.31536865234375 0.101898193359375
0.0170478820800781 -0.0251197814941406 -0.29974365234375 -0.1810302734375
0.0476837158203125 -0.0357170104980469 -0.018341064453125 -0.4588623046875
0.0497322082519531 -0.00312423706054687 0.483367919921875 -0.454376220703125
-0.00470161437988281 0.0203742980957031 0.7784423828125 0.20733642578125
-0.0399208068847656 -0.0196113586425781 0.3916015625 0.85650634765625
-0.00347518920898437 0.00385928153991699 -0.2408447265625 0.733154296875
0.0330238342285156 0.00654792785644531 -0.0461807250976563 0.132637023925781
0.0177383422851563 0.00684165954589844 0.411041259765625 -0.5576171875
0.0237770080566406 -0.00238037109375 -0.0747070312500001 -1.00396728515625
0.0211257934570313 0.00601577758789063 -0.78765869140625 -0.387939453125
0.0240726470947266 -0.0006103515625 -0.58819580078125 0.3846435546875
0.0428009033203125 -0.0191993713378906 -0.082763671875 0.5125732421875
0.0188846588134766 -0.0228099822998047 0.270919799804688 0.252761840820313
-0.00788211822509765 -0.0148744583129883 0.348388671875 -0.07568359375
-0.000297546386718749 -0.0366439819335937 -0.32525634765625 0.094635009765625
0.0153541564941406 -0.0312290191650391 -0.310333251953125 -0.184326171875
0.051849365234375 -0.0422286987304688 -0.02227783203125 -0.45867919921875
0.0616569519042969 -0.00605392456054688 0.483245849609375 -0.453582763671875
0.0118598937988281 0.0280418395996094 0.77923583984375 0.21112060546875
-0.0328941345214844 0.00211906433105469 0.39080810546875 0.85345458984375
-0.0164299011230469 0.0289134979248047 -0.2294921875 0.7237548828125
0.00298500061035156 0.0254898071289063 -0.0289077758789063 0.123886108398437
-0.00323486328125 0.0325374603271484 0.42108154296875 -0.5675048828125
0.0245094299316406 0.0224628448486328 -0.0742187500000001 -1.0042724609375
0.0355300903320313 0.0189590454101563 -0.78759765625 -0.38427734375
0.0374794006347656 -0.00216293334960938 -0.58758544921875 0.38525390625
0.0484542846679688 -0.0254554748535156 -0.0855712890625 0.509124755859375
0.0205268859863281 -0.0312080383300781 0.261489868164063 0.248062133789063
-0.0104827880859375 -0.0184707641601563 0.340606689453125 -0.08074951171875
-0.00259780883789063 -0.0386962890625 -0.335662841796875 0.085723876953125
0.014434814453125 -0.0371208190917969 -0.318328857421875 -0.193328857421875
0.0528602600097656 -0.0457000732421875 -0.01605224609375 -0.463226318359375
0.0691299438476563 -0.00619888305664062 0.49456787109375 -0.446075439453125
0.0203304290771484 0.0333652496337891 0.77484130859375 0.23199462890625
-0.0252513885498047 0.0176658630371094 0.37347412109375 0.86126708984375
-0.025054931640625 0.0499916076660156 -0.22869873046875 0.705810546875
-0.0177497863769531 0.0410919189453125 -0.00290679931640625 0.107345581054688
-0.0172233581542969 0.0529251098632813 0.4249267578125 -0.58905029296875
0.0263481140136719 0.0408897399902344 -0.09466552734375 -1.005615234375
0.0462570190429687 0.02734375 -0.793212890625 -0.36181640625
0.0450706481933594 -0.00287628173828125 -0.576904296875 0.39581298828125
0.0498695373535156 -0.0275039672851562 -0.077880859375 0.5032958984375
0.018280029296875 -0.0353317260742188 0.2559814453125 0.238632202148438
-0.0116710662841797 -0.0207958221435547 0.329925537109375 -0.09149169921875
0.0305290222167969 -0.0178699493408203 -0.321014404296875 0.08099365234375
0.0141763687133789 0.0166330337524414 -0.258148193359375 -0.208999633789062
0.00890350341796875 0.0154275894165039 0.0902099609375 -0.4747314453125
-0.0355262756347656 0.0209808349609375 0.5927734375 -0.3616943359375
-0.0841522216796875 -0.0191192626953125 0.7325439453125 0.380615234375
-0.0345230102539063 -0.106391906738281 0.20062255859375 0.9229736328125
0.0763702392578125 -0.0732421875 -0.32421875 0.6373291015625
0.145919799804688 -0.043212890625 0.0242919921875 0.0396728515625
0.0894317626953125 -0.076202392578125 0.3109130859375 -0.680419921875
0.00956726074218751 -0.08380126953125 -0.3111572265625 -0.9466552734375
-0.0579071044921875 -0.0194053649902344 -0.82977294921875 -0.18023681640625
-0.0462837219238281 0.0338478088378906 -0.454193115234375 0.479736328125
-0.00447463989257813 0.0179824829101563 0.036834716796875 0.489349365234375
0.00710105895996094 0.0193138122558594 0.3099365234375 0.1968994140625
0.014348030090332 -0.00307464599609375 0.330718994140625 -0.114715576171875
0.0266876220703125 -0.0180759429931641 -0.31024169921875 0.09295654296875
0.0174016952514648 0.0116844177246094 -0.261215209960938 -0.196258544921875
0.0154876708984375 0.00840854644775391 0.06488037109375 -0.467864990234375
-0.0241928100585938 0.0193328857421875 0.56536865234375 -0.3846435546875
-0.078765869140625 -0.0131988525390625 0.74383544921875 0.33612060546875
-0.0431289672851563 -0.103324890136719 0.24664306640625 0.91290283203125
0.0674514770507813 -0.0761184692382813 -0.31378173828125 0.66986083984375
0.14093017578125 -0.0468902587890625 -0.00477981567382812 0.0669136047363281
0.0895309448242188 -0.0760879516601563 0.3271484375 -0.6510009765625
0.0121231079101563 -0.084930419921875 -0.2607421875 -0.96258544921875
-0.0521469116210938 -0.0254173278808594 -0.82171630859375 -0.2303466796875
-0.0409355163574219 0.0263786315917969 -0.484466552734375 0.4600830078125
0.000988006591796876 0.0127086639404297 0.0128173828125 0.496826171875
0.009613037109375 0.0149860382080078 0.307098388671875 0.209991455078125
0.0122747421264648 -0.00137138366699219 0.337249755859375 -0.1033935546875
0.021942138671875 -0.0216236114501953 -0.305877685546875 0.10101318359375
0.0188255310058594 0.0042572021484375 -0.267715454101563 -0.187210083007812
0.0249042510986328 -0.0017547607421875 0.0379638671875 -0.462890625
-0.00628948211669922 0.0148181915283203 0.537811279296875 -0.411529541015625
-0.0654983520507812 -0.00495147705078126 0.75970458984375 0.28662109375
-0.0491867065429688 -0.088470458984375 0.2996826171875 0.89306640625
0.0500297546386719 -0.0681076049804688 -0.29388427734375 0.69598388671875
0.125053405761719 -0.0429534912109375 -0.0307388305664063 0.0952072143554688
0.0809478759765625 -0.0662078857421875 0.34619140625 -0.61444091796875
0.0163650512695313 -0.07574462890625 -0.20587158203125 -0.973388671875
-0.0384178161621094 -0.0248908996582031 -0.812255859375 -0.27996826171875
-0.0291576385498047 0.0175857543945313 -0.51519775390625 0.438446044921875
0.00931453704833985 0.00494480133056641 -0.014404296875 0.505218505859375
0.0130090713500977 0.00796031951904297 0.3033447265625 0.225433349609375
0.00786876678466797 -0.00363492965698242 0.3470458984375 -0.09136962890625
0.0150547027587891 -0.0251960754394531 -0.303497314453125 0.1063232421875
0.0184783935546875 -0.00576400756835938 -0.27825927734375 -0.178802490234375
0.0341987609863281 -0.0139961242675781 0.012359619140625 -0.45721435546875
0.0131444931030273 0.00850296020507813 0.50921630859375 -0.433807373046875
-0.0473251342773438 0.00453567504882812 0.77020263671875 0.24365234375
-0.0507431030273438 -0.0660820007324219 0.34515380859375 0.874755859375
0.0316619873046875 -0.04931640625 -0.27032470703125 0.7178955078125
0.098052978515625 -0.0317840576171875 -0.0458602905273438 0.116142272949219
0.06439208984375 -0.04644775390625 0.36700439453125 -0.58526611328125
0.0204048156738281 -0.0573883056640625 -0.152099609375 -0.98370361328125
-0.0192909240722656 -0.0186901092529297 -0.8026123046875 -0.32720947265625
-0.0125160217285156 0.00932693481445312 -0.545379638671875 0.4188232421875
0.0207233428955078 -0.00403404235839844 -0.040802001953125 0.5086669921875
0.0156116485595703 -0.00154209136962891 0.29217529296875 0.2388916015625
0.00293397903442383 -0.00639057159423828 0.350250244140625 -0.082672119140625
0.00802993774414063 -0.0291805267333984 -0.305633544921875 0.107696533203125
0.017578125 -0.0150833129882813 -0.288604736328125 -0.17449951171875
0.0410385131835938 -0.0266571044921875 -0.00866699218750005 -0.45379638671875
0.0328350067138672 0.001861572265625 0.487213134765625 -0.448760986328125
-0.0247116088867188 0.0133228302001953 0.77532958984375 0.21197509765625
-0.0475082397460938 -0.0421218872070313 0.37994384765625 0.85711669921875
0.0116443634033203 -0.0244197845458984 -0.24859619140625 0.7294921875
0.0660133361816406 -0.0139007568359375 -0.0519638061523437 0.128952026367187
0.0427818298339844 -0.0210762023925781 0.3828125 -0.5675048828125
0.0221443176269531 -0.0317516326904297 -0.1119384765625 -0.9908447265625
0.00064229965209961 -0.00823020935058594 -0.79351806640625 -0.35858154296875
0.00715923309326172 0.00260162353515625 -0.56658935546875 0.39959716796875
0.0324745178222656 -0.0130577087402344 -0.06268310546875 0.5103759765625
0.0179004669189453 -0.0133304595947266 0.28277587890625 0.24761962890625
-0.00243663787841797 -0.0104551315307617 0.350189208984375 -0.0780029296875
0.00155448913574219 -0.0328559875488281 -0.312255859375 0.105194091796875
0.0161762237548828 -0.0248374938964844 -0.299560546875 -0.174407958984375
0.0461235046386719 -0.0370559692382813 -0.022186279296875 -0.453948974609375
0.0493736267089844 -0.00419235229492188 0.473846435546875 -0.45550537109375
-0.00496482849121094 0.0211734771728516 0.7764892578125 0.197021484375
-0.0395469665527344 -0.0176239013671875 0.397705078125 0.8458251953125
-0.00308728218078613 0.00382852554321289 -0.2333984375 0.72930908203125
0.0326023101806641 0.00528335571289063 -0.0445709228515625 0.130943298339844
0.0178241729736328 0.0059814453125 0.4000244140625 -0.558258056640625
0.0230941772460938 -0.00452613830566406 -0.0831298828125 -0.99627685546875
0.0201530456542969 0.00503158569335938 -0.78607177734375 -0.3748779296875
0.0242557525634766 -0.0006103515625 -0.578125 0.39013671875
0.0415077209472656 -0.0207481384277344 -0.0758056640625 0.50933837890625
0.0191497802734375 -0.0235443115234375 0.272445678710938 0.24639892578125
-0.00728225708007813 -0.0146379470825195 0.344573974609375 -0.080230712890625
-0.00167083740234375 -0.0363540649414063 -0.322021484375 0.09783935546875
0.0149669647216797 -0.0316791534423828 -0.310302734375 -0.177490234375
0.0500373840332031 -0.0437202453613281 -0.02777099609375 -0.453887939453125
0.0619125366210938 -0.0070953369140625 0.47454833984375 -0.456085205078125
0.0115089416503906 0.0280971527099609 0.7755126953125 0.2000732421875
-0.0315284729003906 0.00247383117675782 0.39715576171875 0.8426513671875
-0.0164470672607422 0.0288372039794922 -0.222412109375 0.7198486328125
0.00399589538574219 0.0241832733154297 -0.027099609375 0.123954772949219
-0.00281143188476562 0.0323524475097656 0.4110107421875 -0.56524658203125
0.0246410369873047 0.0213890075683594 -0.08447265625 -0.99542236328125
0.0359878540039062 0.0179901123046875 -0.7861328125 -0.37042236328125
0.0381851196289063 -0.00271224975585938 -0.57745361328125 0.389404296875
0.0486869812011719 -0.0253219604492188 -0.080596923828125 0.5045166015625
0.0190391540527344 -0.0313301086425781 0.262649536132813 0.243392944335938
-0.00996208190917968 -0.0185966491699219 0.337554931640625 -0.08477783203125
-0.00330734252929688 -0.0380363464355469 -0.332427978515625 0.090087890625
0.0135688781738281 -0.0365638732910156 -0.31744384765625 -0.187744140625
0.0519790649414063 -0.0462722778320313 -0.02117919921875 -0.458892822265625
0.0668716430664063 -0.006500244140625 0.485382080078125 -0.44866943359375
0.0200862884521484 0.0337314605712891 0.7711181640625 0.22222900390625
-0.0256690979003906 0.0180549621582031 0.38104248046875 0.84930419921875
-0.0245361328125 0.0498504638671875 -0.22119140625 0.7005615234375
-0.0182075500488281 0.0401458740234375 -0.00214385986328125 0.106147766113281
-0.0161094665527344 0.0524406433105469 0.41546630859375 -0.5882568359375
0.0273017883300781 0.0402069091796875 -0.10540771484375 -0.9979248046875
0.0454254150390625 0.0266304016113281 -0.79168701171875 -0.348876953125
0.0444564819335938 -0.003326416015625 -0.5670166015625 0.40057373046875
0.0492134094238281 -0.028411865234375 -0.0706787109375 0.500762939453125
0.0171127319335937 -0.0352554321289063 0.25616455078125 0.23284912109375
-0.0121936798095703 -0.0201740264892578 0.326263427734375 -0.096405029296875
0.0308856964111328 -0.0174827575683594 -0.31732177734375 0.0845947265625
0.0144691467285156 0.0163469314575195 -0.257369995117188 -0.203277587890625
0.00838375091552735 0.0130710601806641 0.0843200683593751 -0.470703125
-0.034515380859375 0.0213546752929688 0.58404541015625 -0.3648681640625
-0.0842819213867188 -0.017303466796875 0.72979736328125 0.368408203125
-0.0355148315429688 -0.105461120605469 0.20654296875 0.9129638671875
0.0756301879882813 -0.0733795166015625 -0.3162841796875 0.634033203125
0.142868041992188 -0.04425048828125 0.02392578125 0.038970947265625
0.089447021484375 -0.077056884765625 0.30255126953125 -0.67572021484375
0.007965087890625 -0.0843276977539063 -0.31707763671875 -0.93414306640625
-0.0572662353515625 -0.0196990966796875 -0.8243408203125 -0.1700439453125
-0.0446815490722656 0.0328292846679688 -0.44610595703125 0.48065185546875
-0.00464248657226562 0.0177288055419922 0.041229248046875 0.483123779296875
0.00785636901855469 0.0189800262451172 0.310638427734375 0.19171142578125
0.0144729614257813 -0.00240707397460937 0.326812744140625 -0.1173095703125
0.0256290435791016 -0.0184402465820313 -0.30633544921875 0.0960388183593749
0.0163383483886719 0.0111494064331055 -0.259674072265625 -0.190872192382813
0.0155477523803711 0.00708961486816406 0.060516357421875 -0.4639892578125
-0.0245132446289063 0.0196552276611328 0.557037353515625 -0.388214111328125
-0.079345703125 -0.012298583984375 0.741943359375 0.32550048828125
-0.0434951782226563 -0.101158142089844 0.2540283203125 0.9024658203125
0.0657196044921875 -0.075469970703125 -0.3060302734375 0.665771484375
0.139335632324219 -0.0481414794921875 -0.004791259765625 0.0667686462402344
0.0884246826171875 -0.0761795043945313 0.3187255859375 -0.647216796875
0.0116195678710937 -0.0843048095703125 -0.26715087890625 -0.95086669921875
-0.0520896911621094 -0.0240478515625 -0.8170166015625 -0.2215576171875
-0.03936767578125 0.0260734558105469 -0.47528076171875 0.462127685546875
0.000296592712402343 0.013676643371582 0.018463134765625 0.492462158203125
0.0101127624511719 0.0154972076416016 0.30657958984375 0.20379638671875
0.0111103057861328 -0.00179195404052734 0.33349609375 -0.105743408203125
0.020751953125 -0.0214042663574219 -0.302032470703125 0.10369873046875
0.0182971954345703 0.00449371337890625 -0.267349243164063 -0.181533813476563
0.0238265991210937 -0.00257492065429687 0.03326416015625 -0.459197998046875
-0.00753307342529297 0.0149784088134766 0.5289306640625 -0.4140625
-0.0641746520996094 -0.00372695922851563 0.75628662109375 0.27667236328125
-0.0508193969726563 -0.0869369506835938 0.30322265625 0.88299560546875
0.0486907958984375 -0.06744384765625 -0.286376953125 0.6915283203125
0.123245239257813 -0.0432586669921875 -0.02874755859375 0.0940704345703125
0.0799331665039063 -0.0668411254882813 0.3380126953125 -0.61285400390625
0.0163650512695312 -0.0753707885742188 -0.21234130859375 -0.9637451171875
-0.0384750366210938 -0.0244636535644531 -0.8096923828125 -0.2724609375
-0.0287418365478516 0.0172214508056641 -0.507080078125 0.44012451171875
0.00948619842529297 0.00534152984619141 -0.00830078125000003 0.499908447265625
0.0122509002685547 0.00809955596923828 0.301788330078125 0.2200927734375
0.00761604309082031 -0.00376129150390625 0.3431396484375 -0.09423828125
0.0153846740722656 -0.0240802764892578 -0.30010986328125 0.108642578125
0.0192680358886719 -0.00489616394042969 -0.277191162109375 -0.17352294921875
0.0339431762695313 -0.0142021179199219 0.008575439453125 -0.45281982421875
0.0118255615234375 0.00852203369140625 0.50244140625 -0.4354248046875
-0.0466804504394531 0.00508499145507813 0.76593017578125 0.23388671875
-0.0515632629394531 -0.0648651123046875 0.34930419921875 0.86260986328125
0.0306587219238281 -0.04925537109375 -0.26263427734375 0.71527099609375
0.0970687866210938 -0.0320358276367188 -0.0446243286132813 0.114547729492188
0.0638046264648438 -0.0467033386230469 0.357666015625 -0.58221435546875
0.020263671875 -0.0578956604003906 -0.15997314453125 -0.9727783203125
-0.019866943359375 -0.0191249847412109 -0.79931640625 -0.31549072265625
-0.0126609802246094 0.00993251800537109 -0.535308837890625 0.4189453125
0.0200290679931641 -0.0045013427734375 -0.03668212890625 0.5025634765625
0.0153713226318359 -0.00273609161376953 0.29510498046875 0.23394775390625
0.00317859649658203 -0.00607967376708984 0.34735107421875 -0.085845947265625
0.00714874267578125 -0.0279674530029297 -0.302459716796875 0.11090087890625
0.0174322128295898 -0.0147523880004883 -0.2886962890625 -0.168731689453125
0.0398712158203125 -0.0272445678710938 -0.0137939453125 -0.450653076171875
0.03076171875 0.00176239013671875 0.479583740234375 -0.450164794921875
-0.0249595642089844 0.0137176513671875 0.7713623046875 0.20147705078125
-0.046417236328125 -0.040679931640625 0.38446044921875 0.84490966796875
0.011688232421875 -0.0237979888916016 -0.2412109375 0.7257080078125
0.0654754638671875 -0.0150718688964844 -0.0503997802734375 0.128898620605469
0.041900634765625 -0.0219497680664063 0.37554931640625 -0.56329345703125
0.0223598480224609 -0.0329399108886719 -0.11865234375 -0.9813232421875
0.00075674057006836 -0.00878238677978516 -0.789306640625 -0.34954833984375
0.00741434097290039 0.00238943099975586 -0.5582275390625 0.402191162109375
0.0320301055908203 -0.0135288238525391 -0.055999755859375 0.506591796875
0.016606330871582 -0.0137729644775391 0.2821044921875 0.2418212890625
-0.00230693817138672 -0.0101518630981445 0.346466064453125 -0.08135986328125
0.0014495849609375 -0.0326042175292969 -0.30889892578125 0.1085205078125
0.0156841278076172 -0.0240859985351562 -0.2982177734375 -0.16943359375
0.0457496643066406 -0.0376853942871094 -0.028106689453125 -0.44891357421875
0.0488967895507813 -0.00434494018554688 0.465606689453125 -0.45654296875
-0.00445938110351562 0.0213565826416016 0.7713623046875 0.188232421875
-0.0400314331054687 -0.0166435241699219 0.40032958984375 0.8345947265625
-0.00414180755615234 0.0039827823638916 -0.22393798828125 0.7249755859375
0.0323677062988281 0.00322723388671875 -0.0431976318359375 0.131546020507813
0.0189647674560547 0.00618171691894531 0.391387939453125 -0.55706787109375
0.0234298706054688 -0.00426101684570313 -0.0936889648437499 -0.9857177734375
0.0199661254882813 0.00517654418945312 -0.782958984375 -0.36431884765625
0.0254554748535156 -0.000274658203125 -0.568359375 0.3914794921875
0.0411834716796875 -0.021484375 -0.070404052734375 0.504638671875
0.0186271667480469 -0.0236072540283203 0.273712158203125 0.242889404296875
-0.00744342803955078 -0.0147323608398438 0.340667724609375 -0.083648681640625
-0.00195884704589844 -0.0343952178955078 -0.318145751953125 0.101806640625
0.0133419036865234 -0.0319614410400391 -0.308868408203125 -0.17236328125
0.0490036010742188 -0.0442085266113281 -0.03118896484375 -0.450469970703125
0.0607147216796875 -0.0077362060546875 0.466796875 -0.457244873046875
0.0107612609863281 0.0278873443603516 0.77093505859375 0.19110107421875
-0.0315628051757813 0.00350379943847657 0.4012451171875 0.8328857421875
-0.0159835815429687 0.0292263031005859 -0.21435546875 0.71661376953125
0.00332450866699219 0.0236148834228516 -0.0262603759765625 0.122474670410156
-0.00251007080078125 0.0307044982910156 0.4044189453125 -0.5650634765625
0.0242519378662109 0.0206642150878906 -0.09295654296875 -0.9871826171875
0.0346469879150391 0.0171356201171875 -0.7806396484375 -0.35955810546875
0.0369682312011719 -0.00333023071289062 -0.56805419921875 0.391845703125
0.0472946166992188 -0.0252532958984375 -0.074310302734375 0.500274658203125
0.0181941986083984 -0.0314521789550781 0.263717651367188 0.23870849609375
-0.0108718872070312 -0.0174150466918945 0.33319091796875 -0.088531494140625
-0.00466156005859375 -0.0368118286132813 -0.32855224609375 0.094329833984375
0.0130882263183594 -0.0363311767578125 -0.318450927734375 -0.1807861328125
0.0497283935546875 -0.0461387634277344 -0.02532958984375 -0.454498291015625
0.0667533874511719 -0.00931549072265625 0.4775390625 -0.450164794921875
0.0205516815185547 0.03338623046875 0.76788330078125 0.2117919921875
-0.0248908996582031 0.0194244384765625 0.3848876953125 0.84088134765625
-0.0243072509765625 0.0493087768554688 -0.21356201171875 0.6978759765625
-0.0174903869628906 0.0398216247558594 -0.00118255615234376 0.10516357421875
-0.0150070190429688 0.0516090393066406 0.40789794921875 -0.58709716796875
0.0281105041503906 0.0394363403320313 -0.11334228515625 -0.989501953125
0.0458183288574219 0.0258445739746094 -0.7869873046875 -0.33831787109375
0.0448532104492188 -0.00347518920898438 -0.55767822265625 0.4017333984375
0.0475044250488281 -0.0277671813964844 -0.0671081542968751 0.49700927734375
0.0170516967773438 -0.0352554321289063 0.257293701171875 0.22943115234375
-0.0125026702880859 -0.0186500549316406 0.321929931640625 -0.099517822265625
0.0310115814208984 -0.0180912017822266 -0.3143310546875 0.08740234375
0.0141010284423828 0.0160427093505859 -0.255722045898438 -0.199691772460938
0.00778675079345703 0.0137271881103516 0.0801086425781251 -0.467071533203125
-0.0347461700439453 0.0207328796386719 0.5780029296875 -0.3673095703125
-0.0839462280273438 -0.0167999267578125 0.7276611328125 0.36029052734375
-0.0358505249023437 -0.102951049804687 0.210693359375 0.90142822265625
0.0740737915039062 -0.0722274780273438 -0.30987548828125 0.6314697265625
0.142242431640625 -0.0453643798828125 0.0240592956542969 0.0382080078125
0.0876235961914063 -0.0776748657226563 0.29473876953125 -0.67218017578125
0.00814819335937499 -0.0842514038085938 -0.3236083984375 -0.92279052734375
-0.0574264526367188 -0.0185585021972656 -0.8162841796875 -0.163330078125
-0.0445175170898437 0.0338096618652344 -0.43902587890625 0.47955322265625
-0.00414276123046875 0.0177383422851563 0.04534912109375 0.478363037109375
0.0073394775390625 0.019500732421875 0.30865478515625 0.187255859375
0.014653205871582 -0.00265884399414063 0.322662353515625 -0.119476318359375
0.0260505676269531 -0.0178394317626953 -0.303314208984375 0.09832763671875
0.0173807144165039 0.0119810104370117 -0.259658813476563 -0.185806274414063
0.0142574310302734 0.00631523132324219 0.056640625 -0.460601806640625
-0.0240135192871094 0.018798828125 0.549835205078125 -0.3896484375
-0.0784988403320313 -0.0113601684570313 0.73895263671875 0.31781005859375
-0.0446929931640625 -0.0987396240234375 0.25555419921875 0.89129638671875
0.0650787353515625 -0.0741653442382813 -0.29974365234375 0.66259765625
0.137420654296875 -0.0487442016601563 -0.00490570068359374 0.0669212341308594
0.0879974365234375 -0.0767745971679688 0.3101806640625 -0.64093017578125
0.0115203857421875 -0.0846023559570313 -0.27252197265625 -0.94219970703125
-0.0516204833984375 -0.02386474609375 -0.81097412109375 -0.2127685546875
-0.0389976501464844 0.02703857421875 -0.467742919921875 0.4599609375
0.00081157684326172 0.0137491226196289 0.020233154296875 0.48626708984375
0.00935935974121094 0.0150394439697266 0.306549072265625 0.199676513671875
0.0112829208374023 -0.00135326385498047 0.3299560546875 -0.10888671875
0.0206203460693359 -0.02166748046875 -0.29803466796875 0.1068115234375
0.0186557769775391 0.00379180908203125 -0.266464233398438 -0.177261352539063
0.0244617462158203 -0.00343894958496094 0.029876708984375 -0.455810546875
-0.00799751281738281 0.0135555267333984 0.521209716796875 -0.412689208984375
-0.0649604797363281 -0.00294113159179686 0.75079345703125 0.2684326171875
-0.0495986938476563 -0.0840530395507813 0.30487060546875 0.8714599609375
0.04803466796875 -0.066650390625 -0.28070068359375 0.6883544921875
0.121788024902344 -0.0444259643554687 -0.0290756225585937 0.0930099487304687
0.079864501953125 -0.067138671875 0.3310546875 -0.60845947265625
0.01495361328125 -0.0752410888671875 -0.21807861328125 -0.953125
-0.0379981994628906 -0.0247535705566406 -0.802978515625 -0.260986328125
-0.0292186737060547 0.0178337097167969 -0.499603271484375 0.44000244140625
0.00850629806518555 0.00462579727172852 -0.00430297851562496 0.494842529296875
0.013218879699707 0.00631523132324219 0.30224609375 0.21478271484375
0.00864982604980469 -0.00330352783203125 0.338348388671875 -0.097198486328125
0.0147018432617187 -0.0244674682617188 -0.296051025390625 0.111541748046875
0.0177402496337891 -0.00493049621582031 -0.276809692382813 -0.169174194335937
0.0319900512695313 -0.0144939422607422 0.00421142578125004 -0.448822021484375
0.0115585327148438 0.00829792022705078 0.49444580078125 -0.43560791015625
-0.0458259582519531 0.00612258911132812 0.76080322265625 0.22509765625
-0.0514183044433594 -0.063629150390625 0.35113525390625 0.852783203125
0.028778076171875 -0.047943115234375 -0.25579833984375 0.7098388671875
0.0958023071289063 -0.0323867797851563 -0.0442123413085938 0.114913940429688
0.0635452270507813 -0.0471649169921875 0.34918212890625 -0.579345703125
0.019195556640625 -0.0571937561035156 -0.16461181640625 -0.9642333984375
-0.0199089050292969 -0.0198421478271484 -0.79193115234375 -0.30731201171875
-0.0107507705688477 0.0102043151855469 -0.528228759765625 0.420135498046875
0.0204658508300781 -0.00460243225097656 -0.031036376953125 0.498260498046875
0.0150556564331055 -0.00195407867431641 0.29296875 0.229736328125
0.00378990173339844 -0.00543403625488281 0.342071533203125 -0.08880615234375
0.00670433044433594 -0.0277633666992188 -0.298614501953125 0.112548828125
0.0172910690307617 -0.0151100158691406 -0.286834716796875 -0.164306640625
0.0395355224609375 -0.0260009765625 -0.015472412109375 -0.445770263671875
0.0309295654296875 0.000448226928710938 0.472747802734375 -0.45001220703125
-0.024993896484375 0.0145511627197266 0.7646484375 0.19293212890625
-0.0470199584960938 -0.0394859313964844 0.38653564453125 0.8355712890625
0.0114631652832031 -0.0234107971191406 -0.2342529296875 0.72039794921875
0.0638465881347656 -0.0150718688964844 -0.048675537109375 0.127723693847656
0.0420074462890625 -0.0232429504394531 0.366455078125 -0.560638427734375
0.0220890045166016 -0.0322780609130859 -0.1259765625 -0.97332763671875
0.000519275665283204 -0.00844383239746094 -0.7860107421875 -0.33941650390625
0.00708484649658203 0.00242996215820313 -0.54931640625 0.403228759765625
0.0309658050537109 -0.0131149291992188 -0.053253173828125 0.501220703125
0.0161237716674805 -0.0133495330810547 0.283538818359375 0.236846923828125
-0.00181961059570313 -0.0101299285888672 0.342437744140625 -0.08416748046875
0.000637054443359375 -0.0318470001220703 -0.305389404296875 0.109771728515625
0.0148220062255859 -0.0236148834228516 -0.299041748046875 -0.1636962890625
0.0445594787597656 -0.0370292663574219 -0.029632568359375 -0.444580078125
0.0478057861328125 -0.00526809692382813 0.4593505859375 -0.4578857421875
-0.00498771667480469 0.0218887329101563 0.7672119140625 0.18017578125
-0.0400810241699219 -0.0150070190429687 0.4027099609375 0.82427978515625
-0.00412321090698242 0.00426673889160156 -0.21905517578125 0.72113037109375
0.0312519073486328 0.00374031066894531 -0.0429229736328125 0.129989624023437
0.0186977386474609 0.00551414489746094 0.38360595703125 -0.55438232421875
0.0225315093994141 -0.00446701049804687 -0.09747314453125 -0.9755859375
0.0203685760498047 0.00324630737304688 -0.7779541015625 -0.35382080078125
0.0247020721435547 -0.00122261047363281 -0.560791015625 0.390899658203125
0.0411872863769531 -0.0204010009765625 -0.066497802734375 0.500244140625
0.0187606811523438 -0.024444580078125 0.273147583007812 0.237380981445312
-0.00603294372558594 -0.013890266418457 0.338165283203125 -0.08575439453125
-0.00335884094238281 -0.0343952178955078 -0.314361572265625 0.1048583984375
0.01397705078125 -0.0311145782470703 -0.30755615234375 -0.165985107421875
0.0475502014160156 -0.0449905395507813 -0.033355712890625 -0.445556640625
0.0589714050292969 -0.009765625 0.458251953125 -0.456146240234375
0.0115337371826172 0.0280284881591797 0.76727294921875 0.182373046875
-0.0316886901855469 0.00515174865722656 0.40350341796875 0.82183837890625
-0.0160598754882813 0.0287094116210937 -0.20721435546875 0.7119140625
0.00288009643554688 0.0218906402587891 -0.0246963500976562 0.122169494628906
-0.00224876403808594 0.0310268402099609 0.39569091796875 -0.560638427734375
0.0244998931884766 0.0203132629394531 -0.09967041015625 -0.97808837890625
0.0356712341308594 0.0172920227050781 -0.778076171875 -0.35137939453125
0.0376853942871094 -0.00363922119140625 -0.559417724609375 0.39312744140625
0.0466842651367188 -0.0265045166015625 -0.070159912109375 0.4971923828125
0.0172348022460938 -0.0316371917724609 0.263641357421875 0.234100341796875
-0.0101585388183594 -0.0176467895507813 0.329559326171875 -0.09228515625
-0.00397109985351562 -0.0366477966308594 -0.325714111328125 0.0961303710937501
0.0122261047363281 -0.0357170104980469 -0.315032958984375 -0.1741943359375
0.0492134094238281 -0.0460128784179687 -0.028717041015625 -0.4495849609375
0.0666236877441406 -0.00964736938476562 0.46954345703125 -0.450042724609375
0.0188121795654297 0.0324535369873047 0.76226806640625 0.2049560546875
-0.0241050720214844 0.0196208953857422 0.38555908203125 0.82806396484375
-0.025482177734375 0.0493545532226563 -0.2078857421875 0.69439697265625
-0.0171966552734375 0.0388755798339844 -0.00111389160156249 0.104293823242187
-0.0144309997558594 0.0497665405273438 0.39959716796875 -0.58331298828125
0.0276069641113281 0.0375404357910156 -0.11865234375 -0.97808837890625
0.0456123352050781 0.0255012512207031 -0.78192138671875 -0.329833984375
0.04425048828125 -0.004913330078125 -0.549285888671875 0.4031982421875
0.0478439331054687 -0.0289192199707031 -0.06256103515625 0.49169921875
0.0160675048828125 -0.0354499816894531 0.256378173828125 0.224227905273438
-0.0113506317138672 -0.0195770263671875 0.319488525390625 -0.101837158203125
0.0299587249755859 -0.0168724060058594 -0.311798095703125 0.089935302734375
0.0145540237426758 0.0152854919433594 -0.255416870117188 -0.195175170898437
0.00728130340576172 0.012364387512207 0.076080322265625 -0.464111328125
-0.0354843139648438 0.0212287902832031 0.5692138671875 -0.36773681640625
-0.0834503173828125 -0.014801025390625 0.7225341796875 0.3525390625
-0.0359344482421875 -0.101188659667969 0.2139892578125 0.89288330078125
0.0724029541015625 -0.0719223022460938 -0.30694580078125 0.62744140625
0.139480590820313 -0.0455398559570313 0.0237007141113281 0.0385818481445313
0.0866546630859375 -0.0775604248046875 0.28839111328125 -0.66607666015625
0.00815582275390626 -0.083343505859375 -0.32269287109375 -0.91351318359375
-0.0571556091308594 -0.0191307067871094 -0.8111572265625 -0.15765380859375
-0.0445289611816406 0.0336952209472656 -0.43206787109375 0.47705078125
-0.00468063354492188 0.0175352096557617 0.0455322265625 0.472442626953125
0.00685882568359375 0.0178794860839844 0.30706787109375 0.183074951171875
0.0139999389648438 -0.00200271606445313 0.319122314453125 -0.121429443359375
0.0256423950195312 -0.0171890258789062 -0.29998779296875 0.099822998046875
0.0173254013061523 0.0108184814453125 -0.258193969726563 -0.183120727539062
0.0142984390258789 0.00671482086181641 0.0538330078125 -0.457305908203125
-0.024444580078125 0.0182380676269531 0.542694091796875 -0.389617919921875
-0.078765869140625 -0.00938415527343751 0.73358154296875 0.30914306640625
-0.0440826416015625 -0.0978164672851563 0.25811767578125 0.883544921875
0.0636978149414062 -0.0738296508789063 -0.2945556640625 0.6605224609375
0.136581420898438 -0.0486221313476562 -0.00362396240234375 0.0657806396484375
0.08697509765625 -0.0776824951171875 0.30523681640625 -0.63616943359375
0.011016845703125 -0.084564208984375 -0.27490234375 -0.93035888671875
-0.0519371032714844 -0.0232124328613281 -0.80450439453125 -0.2061767578125
-0.0391159057617188 0.0259819030761719 -0.460845947265625 0.458526611328125
1.52587890625E-05 0.0123119354248047 0.022308349609375 0.4830322265625
0.0100259780883789 0.0139541625976563 0.3070068359375 0.196807861328125
0.0112905502319336 -0.00147247314453125 0.32489013671875 -0.1099853515625
0.0201435089111328 -0.0210781097412109 -0.295806884765625 0.10748291015625
0.0179557800292969 0.00465202331542969 -0.264678955078125 -0.172439575195313
0.0231094360351563 -0.00363731384277344 0.0260009765625 -0.4510498046875
-0.00702095031738281 0.0144672393798828 0.513153076171875 -0.413330078125
-0.0643692016601563 -0.00244140624999999 0.74609375 0.26104736328125
-0.05035400390625 -0.08184814453125 0.3072509765625 0.86334228515625
0.0473442077636719 -0.0648155212402344 -0.27593994140625 0.6849365234375
0.1204833984375 -0.045074462890625 -0.0282745361328125 0.0928268432617188
0.0779876708984375 -0.0668258666992188 0.32562255859375 -0.60406494140625
0.01422119140625 -0.0756454467773438 -0.21978759765625 -0.94403076171875
-0.0384902954101563 -0.0246353149414062 -0.795654296875 -0.2552490234375
-0.0272731781005859 0.0177040100097656 -0.491607666015625 0.4385986328125
0.00938320159912109 0.00447177886962891 -0.00323486328125002 0.488922119140625
0.0123491287231445 0.0069122314453125 0.3033447265625 0.212554931640625
0.00788688659667969 -0.00253534317016602 0.3341064453125 -0.09844970703125
0.013702392578125 -0.0239009857177734 -0.292999267578125 0.1134033203125
0.0179615020751953 -0.0052490234375 -0.275039672851563 -0.1650390625
0.0314445495605469 -0.0153636932373047 0.00256347656250004 -0.44610595703125
0.0106544494628906 0.00803184509277344 0.486480712890625 -0.434783935546875
-0.0460853576660156 0.00716400146484376 0.754638671875 0.21893310546875
-0.0514411926269531 -0.0616531372070312 0.35211181640625 0.84197998046875
0.0288200378417969 -0.0476036071777344 -0.2518310546875 0.70452880859375
0.09478759765625 -0.032867431640625 -0.0432052612304687 0.114021301269531
0.0625534057617188 -0.0478324890136719 0.34375 -0.57550048828125
0.0190963745117187 -0.0567169189453125 -0.1697998046875 -0.954345703125
-0.019683837890625 -0.0182342529296875 -0.787841796875 -0.30023193359375
-0.0114469528198242 0.00990772247314453 -0.520904541015625 0.4178466796875
0.0193233489990234 -0.00394058227539063 -0.0296630859375001 0.493621826171875
0.0146265029907227 -0.00261783599853516 0.292449951171875 0.225677490234375
0.00449657440185547 -0.00542640686035156 0.338043212890625 -0.08984375
0.00698471069335938 -0.0269203186035156 -0.296142578125 0.114715576171875
0.0160036087036133 -0.0151376724243164 -0.284423828125 -0.159393310546875
0.0389442443847656 -0.0275115966796875 -0.01751708984375 -0.4405517578125
0.0302486419677734 0.000349044799804688 0.466217041015625 -0.450286865234375
-0.0241508483886719 0.0143680572509766 0.7608642578125 0.1875
-0.0466575622558594 -0.0380096435546875 0.38787841796875 0.82568359375
0.0109329223632813 -0.0228652954101563 -0.23114013671875 0.71478271484375
0.0634689331054688 -0.0164222717285156 -0.0485000610351562 0.1273193359375
0.0405197143554688 -0.0229568481445313 0.36090087890625 -0.55780029296875
0.0218181610107422 -0.0326404571533203 -0.13079833984375 -0.9635009765625
-0.000429153442382812 -0.00844573974609375 -0.779052734375 -0.3326416015625
0.00713920593261719 0.00278377532958984 -0.543304443359375 0.4022216796875
0.0305614471435547 -0.0147914886474609 -0.051055908203125 0.4954833984375
0.0157880783081055 -0.0132722854614258 0.282379150390625 0.234130859375
-0.00140476226806641 -0.00990676879882813 0.338775634765625 -0.085845947265625
0.000677108764648436 -0.0306835174560547 -0.30206298828125 0.11212158203125
0.014984130859375 -0.0234050750732422 -0.29644775390625 -0.160308837890625
0.0429649353027344 -0.0377883911132813 -0.031646728515625 -0.441375732421875
0.046630859375 -0.006103515625 0.45306396484375 -0.45806884765625
-0.00516510009765625 0.0222797393798828 0.76104736328125 0.17327880859375
-0.0398292541503906 -0.0150299072265625 0.402099609375 0.8138427734375
-0.00390195846557617 0.00446748733520508 -0.2144775390625 0.71588134765625
0.0309219360351563 0.00289726257324219 -0.0416641235351562 0.128463745117188
0.0187873840332031 0.00441932678222656 0.378387451171875 -0.55047607421875
0.0228996276855469 -0.00624656677246094 -0.10302734375 -0.96673583984375
0.0193538665771484 0.00385284423828125 -0.771728515625 -0.34814453125
0.0252151489257812 -0.00210380554199219 -0.5535888671875 0.391387939453125
0.0393867492675781 -0.0212860107421875 -0.062744140625 0.495361328125
0.0178012847900391 -0.0231838226318359 0.271636962890625 0.234359741210938
-0.00668144226074218 -0.0128030776977539 0.334259033203125 -0.0875244140625
-0.00369071960449219 -0.034149169921875 -0.311492919921875 0.105682373046875
0.0125179290771484 -0.0302867889404297 -0.30621337890625 -0.162261962890625
0.0459709167480469 -0.0445518493652344 -0.035430908203125 -0.441009521484375
0.0577430725097656 -0.00896072387695313 0.45208740234375 -0.4554443359375
0.0105876922607422 0.0284347534179688 0.759765625 0.177001953125
-0.0314292907714844 0.00545692443847656 0.40283203125 0.81103515625
-0.0156440734863281 0.0296669006347656 -0.20306396484375 0.70556640625
0.00320243835449219 0.0212249755859375 -0.0252761840820313 0.121253967285156
-0.00150489807128907 0.0296649932861328 0.38848876953125 -0.558502197265625
0.0246009826660156 0.0188121795654297 -0.10296630859375 -0.96746826171875
0.0356788635253906 0.0165290832519531 -0.7723388671875 -0.34417724609375
0.0378227233886719 -0.00339889526367188 -0.552581787109375 0.39208984375
0.0460090637207031 -0.0264968872070312 -0.066680908203125 0.490234375
0.0169143676757813 -0.0320930480957031 0.262466430664063 0.23077392578125
-0.0096883773803711 -0.0166959762573242 0.3265380859375 -0.092742919921875
-0.00466537475585938 -0.03558349609375 -0.32342529296875 0.098175048828125
0.0112934112548828 -0.0347747802734375 -0.312957763671875 -0.17010498046875
0.048675537109375 -0.0472412109375 -0.03125 -0.4451904296875
0.0648269653320313 -0.00975799560546875 0.462432861328125 -0.44903564453125
0.0202751159667969 0.0331268310546875 0.75775146484375 0.20001220703125
-0.0239143371582031 0.0199871063232422 0.38739013671875 0.81927490234375
-0.0233078002929688 0.0500526428222656 -0.2027587890625 0.68865966796875
-0.0168266296386719 0.0371665954589844 -6.86645507812549E-05 0.1038818359375
-0.0139999389648437 0.0495796203613281 0.39251708984375 -0.58001708984375
0.027740478515625 0.036712646484375 -0.12469482421875 -0.96875
0.0453987121582031 0.0237655639648437 -0.77740478515625 -0.3216552734375
0.0440444946289062 -0.00479888916015625 -0.540679931640625 0.40179443359375
0.0466728210449219 -0.0287094116210938 -0.058837890625 0.487091064453125
0.0155830383300781 -0.0357246398925781 0.256820678710938 0.221160888671875
-0.0116195678710937 -0.0189781188964844 0.31536865234375 -0.103118896484375
0.0302085876464844 -0.0167675018310547 -0.309326171875 0.0912170410156251
0.0146236419677734 0.0161361694335938 -0.2540283203125 -0.191543579101563
0.00706672668457031 0.0127525329589844 0.073822021484375 -0.46014404296875
-0.0355720520019531 0.0200347900390625 0.56402587890625 -0.3671875
-0.0829925537109375 -0.0145416259765625 0.718505859375 0.34716796875
-0.0367279052734375 -0.0995635986328125 0.2135009765625 0.88641357421875
0.0721664428710938 -0.0709915161132813 -0.30279541015625 0.6236572265625
0.138397216796875 -0.0463104248046875 0.0235671997070313 0.0389671325683594
0.08587646484375 -0.0783004760742188 0.28424072265625 -0.6617431640625
0.00804138183593751 -0.082794189453125 -0.32550048828125 -0.9053955078125
-0.0562896728515625 -0.0184249877929688 -0.80364990234375 -0.1539306640625
-0.0428314208984375 0.0331192016601563 -0.425811767578125 0.474273681640625
-0.0045166015625 0.0179862976074219 0.045989990234375 0.46893310546875
0.00713157653808594 0.0186424255371094 0.305572509765625 0.180816650390625
0.0137252807617188 -0.00217056274414063 0.316070556640625 -0.12164306640625
0.0249042510986328 -0.0174827575683594 -0.297393798828125 0.101287841796875
0.0170955657958984 0.0120744705200195 -0.256988525390625 -0.179336547851562
0.0134382247924805 0.00691127777099609 0.051422119140625 -0.453765869140625
-0.0237751007080078 0.0180263519287109 0.5364990234375 -0.387969970703125
-0.0774459838867187 -0.0091552734375 0.7293701171875 0.30584716796875
-0.0434036254882813 -0.0952529907226563 0.25726318359375 0.87603759765625
0.062896728515625 -0.0727996826171875 -0.29217529296875 0.65521240234375
0.13458251953125 -0.0489654541015625 -0.00489425659179687 0.0664176940917969
0.085906982421875 -0.0775222778320313 0.30181884765625 -0.63323974609375
0.0101470947265625 -0.083831787109375 -0.27630615234375 -0.92291259765625
-0.0511016845703125 -0.0231742858886719 -0.7989501953125 -0.20147705078125
-0.0384063720703125 0.02581787109375 -0.454986572265625 0.455810546875
-6.67572021484386E-05 0.0129928588867188 0.0234375 0.476837158203125
0.00937747955322266 0.0148191452026367 0.305419921875 0.19390869140625
0.0116796493530273 -0.000261306762695313 0.32275390625 -0.110443115234375
0.0202007293701172 -0.0203437805175781 -0.293670654296875 0.10906982421875
0.0175666809082031 0.00437355041503906 -0.263626098632813 -0.17022705078125
0.0219917297363281 -0.00342178344726562 0.02447509765625 -0.448394775390625
-0.00846290588378906 0.0135641098022461 0.50848388671875 -0.41357421875
-0.0644302368164063 -0.00115966796874999 0.7408447265625 0.25616455078125
-0.049652099609375 -0.0807876586914062 0.30572509765625 0.85382080078125
0.046844482421875 -0.0646705627441406 -0.27178955078125 0.68133544921875
0.119453430175781 -0.0448226928710938 -0.027862548828125 0.0919647216796875
0.076873779296875 -0.0675506591796875 0.31878662109375 -0.5986328125
0.0146865844726562 -0.0757217407226563 -0.22125244140625 -0.93621826171875
-0.0382003784179687 -0.0241355895996094 -0.790771484375 -0.2508544921875
-0.0266475677490234 0.0175037384033203 -0.4857177734375 0.437225341796875
0.0080108642578125 0.00419187545776367 -0.00274658203124997 0.483734130859375
0.0113430023193359 0.00737380981445312 0.301300048828125 0.20977783203125
0.00763463973999023 -0.0033268928527832 0.3319091796875 -0.10015869140625
0.0130081176757813 -0.0235500335693359 -0.29083251953125 0.114410400390625
0.0178108215332031 -0.00514602661132813 -0.272598266601563 -0.161346435546875
0.0307178497314453 -0.0153388977050781 0.00103759765624997 -0.44317626953125
0.0110340118408203 0.00816726684570313 0.480560302734375 -0.43438720703125
-0.0454635620117188 0.00654983520507813 0.75042724609375 0.21295166015625
-0.0509262084960938 -0.0599861145019531 0.35101318359375 0.83697509765625
0.0285224914550781 -0.0471649169921875 -0.2491455078125 0.69964599609375
0.0931854248046875 -0.0336532592773438 -0.0434112548828125 0.113189697265625
0.0626220703125 -0.0478096008300781 0.3414306640625 -0.5732421875
0.0183677673339844 -0.0573081970214844 -0.1695556640625 -0.946044921875
-0.0201740264892578 -0.0188961029052734 -0.78057861328125 -0.29339599609375
-0.0110530853271484 0.00847530364990234 -0.51519775390625 0.415496826171875
0.0183219909667969 -0.0057220458984375 -0.028411865234375 0.49041748046875
0.0135221481323242 -0.00129222869873047 0.29266357421875 0.221160888671875
0.00368165969848633 -0.00473642349243164 0.33514404296875 -0.091705322265625
0.00741958618164062 -0.0267601013183594 -0.2930908203125 0.11651611328125
0.0153284072875977 -0.0140762329101563 -0.283447265625 -0.156707763671875
0.0368919372558594 -0.0282630920410156 -0.0198974609375 -0.437957763671875
0.0309734344482422 0.00139427185058594 0.46160888671875 -0.447479248046875
-0.0243721008300781 0.0145778656005859 0.7562255859375 0.18231201171875
-0.0463294982910156 -0.0366401672363281 0.385986328125 0.81805419921875
0.0113468170166016 -0.0223178863525391 -0.22784423828125 0.71148681640625
0.0625572204589844 -0.0169677734375 -0.0483016967773438 0.125823974609375
0.0412254333496094 -0.0239067077636719 0.357269287109375 -0.5526123046875
0.0214405059814453 -0.03369140625 -0.13055419921875 -0.9539794921875
0.000529766082763672 -0.00863409042358398 -0.77471923828125 -0.32708740234375
0.00713586807250977 0.00231361389160156 -0.536407470703125 0.4002685546875
0.0300178527832031 -0.0141315460205078 -0.049224853515625 0.49176025390625
0.0157289505004883 -0.0134086608886719 0.28076171875 0.230133056640625
-0.00105571746826172 -0.00895118713378906 0.33514404296875 -0.087554931640625
-0.000150680541992186 -0.0315189361572266 -0.300018310546875 0.11383056640625
0.0153274536132812 -0.0239200592041016 -0.29388427734375 -0.155914306640625
0.0428199768066406 -0.0382041931152344 -0.03466796875 -0.43701171875
0.0465431213378906 -0.00634002685546875 0.44696044921875 -0.45574951171875
-0.0052337646484375 0.0219326019287109 0.75701904296875 0.16888427734375
-0.0394477844238281 -0.01324462890625 0.40240478515625 0.80804443359375
-0.00487995147705078 0.00487756729125977 -0.213134765625 0.710205078125
0.0304203033447266 0.00198554992675781 -0.0423355102539063 0.128158569335938
0.0191421508789062 0.004150390625 0.37359619140625 -0.547027587890625
0.0238800048828125 -0.00601959228515625 -0.10333251953125 -0.9598388671875
0.0196933746337891 0.0035858154296875 -0.7669677734375 -0.34149169921875
0.0246639251708984 -0.00227737426757813 -0.54779052734375 0.391082763671875
0.0385971069335938 -0.0214576721191406 -0.0627746582031251 0.48992919921875
0.0165081024169922 -0.0246200561523438 0.2718505859375 0.231765747070313
-0.00669288635253907 -0.0132598876953125 0.3314208984375 -0.0882568359375
-0.003021240234375 -0.0331039428710938 -0.30963134765625 0.106781005859375
0.0117721557617187 -0.0301837921142578 -0.304534912109375 -0.15875244140625
0.0455055236816406 -0.0460853576660156 -0.037078857421875 -0.436981201171875
0.0577011108398438 -0.0098724365234375 0.44866943359375 -0.454071044921875
0.0105419158935547 0.0276279449462891 0.75537109375 0.17169189453125
-0.030487060546875 0.00728988647460938 0.40069580078125 0.8045654296875
-0.0161342620849609 0.0290756225585938 -0.201171875 0.70050048828125
0.00313568115234375 0.0206584930419922 -0.0255279541015625 0.119064331054687
-0.001007080078125 0.0287666320800781 0.383331298828125 -0.55511474609375
0.0253334045410156 0.0183620452880859 -0.10540771484375 -0.96063232421875
0.0352897644042969 0.0155143737792969 -0.7666015625 -0.33782958984375
0.0374336242675781 -0.00418472290039063 -0.54766845703125 0.390411376953125
0.0460319519042969 -0.0274162292480469 -0.066619873046875 0.48712158203125
0.0166549682617188 -0.0312118530273438 0.262130737304688 0.227752685546875
-0.00971031188964844 -0.015533447265625 0.3226318359375 -0.0933837890625
-0.00417518615722656 -0.0350399017333984 -0.32012939453125 0.098785400390625
0.0109062194824219 -0.0355377197265625 -0.312255859375 -0.1658935546875
0.0465049743652344 -0.0478363037109375 -0.032806396484375 -0.440673828125
0.0634613037109375 -0.0104904174804688 0.4591064453125 -0.44671630859375
0.0193405151367187 0.0326442718505859 0.75335693359375 0.1939697265625
-0.0256481170654297 0.0209560394287109 0.3857421875 0.81207275390625
-0.0228919982910156 0.0491561889648438 -0.2010498046875 0.68450927734375
-0.0166015625 0.0368995666503906 -0.00030517578125001 0.102775573730469
-0.0139846801757812 0.0490989685058594 0.3876953125 -0.57562255859375
0.0276908874511719 0.03619384765625 -0.12652587890625 -0.959716796875
0.0448074340820312 0.0226516723632812 -0.77130126953125 -0.31549072265625
0.043243408203125 -0.00517654418945313 -0.535858154296875 0.4002685546875
0.0456008911132812 -0.0285224914550781 -0.0574951171874999 0.482879638671875
0.0146560668945313 -0.0359954833984375 0.25628662109375 0.218307495117188
-0.0118389129638672 -0.0185661315917969 0.3121337890625 -0.1038818359375
0.0296649932861328 -0.0167045593261719 -0.306671142578125 0.092010498046875
0.0134696960449219 0.0163288116455078 -0.252761840820313 -0.1884765625
0.00625896453857422 0.0120019912719727 0.072113037109375 -0.4576416015625
-0.0344257354736328 0.0210685729980469 0.558349609375 -0.365325927734375
-0.0820465087890625 -0.0139236450195312 0.714599609375 0.34368896484375
-0.0354537963867188 -0.0985870361328125 0.2105712890625 0.879638671875
0.0718841552734375 -0.0701446533203125 -0.3011474609375 0.619140625
0.136558532714844 -0.0452880859375 0.023773193359375 0.0382118225097656
0.0858230590820313 -0.0775680541992188 0.28094482421875 -0.65521240234375
0.00768280029296876 -0.0830001831054688 -0.32464599609375 -0.89794921875
-0.0562210083007812 -0.0191841125488281 -0.798828125 -0.15057373046875
-0.0434989929199219 0.0329093933105469 -0.421630859375 0.470306396484375
-0.00461769104003906 0.0172357559204102 0.047698974609375 0.46380615234375
0.00638008117675781 0.0188140869140625 0.30499267578125 0.17840576171875
0.014246940612793 -0.00162410736083984 0.312896728515625 -0.1219482421875
0.0240859985351563 -0.0171623229980469 -0.295928955078125 0.10150146484375
0.0160541534423828 0.0105266571044922 -0.2552490234375 -0.176681518554687
0.0133180618286133 0.00558662414550781 0.05047607421875 -0.4501953125
-0.0252571105957031 0.0180454254150391 0.531402587890625 -0.38848876953125
-0.0775833129882813 -0.00855255126953127 0.72454833984375 0.3001708984375
-0.0431747436523437 -0.0945892333984375 0.25506591796875 0.869140625
0.0622329711914062 -0.0716629028320312 -0.28948974609375 0.65118408203125
0.134048461914063 -0.0492782592773438 -0.00416946411132811 0.0657730102539063
0.08514404296875 -0.0778427124023438 0.29833984375 -0.62872314453125
0.0107574462890625 -0.0846786499023437 -0.275634765625 -0.91473388671875
-0.0515861511230469 -0.0238685607910156 -0.7939453125 -0.19793701171875
-0.0379295349121094 0.0257415771484375 -0.449859619140625 0.45428466796875
-0.000154495239257812 0.0120830535888672 0.024383544921875 0.473114013671875
0.00907993316650391 0.0144443511962891 0.302520751953125 0.191497802734375
0.0119409561157227 -0.00100612640380859 0.320068359375 -0.111602783203125
0.0201568603515625 -0.0194454193115234 -0.29193115234375 0.109619140625
0.0158100128173828 0.00462722778320312 -0.261810302734375 -0.166183471679687
0.0213813781738281 -0.00431060791015625 0.02398681640625 -0.443817138671875
-0.00839710235595703 0.0140962600708008 0.50347900390625 -0.411376953125
-0.0639724731445313 -0.00114059448242187 0.73663330078125 0.2529296875
-0.049652099609375 -0.0795745849609375 0.30572509765625 0.848876953125
0.0462760925292969 -0.0638694763183594 -0.271240234375 0.675537109375
0.117416381835937 -0.0452423095703125 -0.0279312133789063 0.0911483764648438
0.07666015625 -0.0673904418945313 0.31787109375 -0.59442138671875
0.014312744140625 -0.0753402709960938 -0.22119140625 -0.9276123046875
-0.0382156372070313 -0.0236282348632812 -0.7852783203125 -0.2470703125
-0.0259590148925781 0.0177440643310547 -0.482177734375 0.433074951171875
0.00747013092041016 0.00405311584472656 -0.00057983398437502 0.481048583984375
0.0108652114868164 0.00718307495117188 0.29901123046875 0.20770263671875
0.00852251052856445 -0.0031437873840332 0.328338623046875 -0.100677490234375
0.013214111328125 -0.0225620269775391 -0.28936767578125 0.115570068359375
0.0179309844970703 -0.00491523742675781 -0.271804809570312 -0.158767700195313
0.029388427734375 -0.0156326293945313 0.00100708007812503 -0.43878173828125
0.0100889205932617 0.00725078582763672 0.47601318359375 -0.433074951171875
-0.0454940795898438 0.00794601440429688 0.74542236328125 0.21221923828125
-0.0510177612304688 -0.0594329833984375 0.34930419921875 0.830810546875
0.0287246704101563 -0.0470771789550781 -0.2476806640625 0.69586181640625
0.0918731689453125 -0.0342788696289063 -0.0431060791015625 0.112236022949219
0.061981201171875 -0.0481605529785156 0.33770751953125 -0.5682373046875
0.0185546875 -0.057830810546875 -0.17041015625 -0.939697265625
-0.0197105407714844 -0.0182323455810547 -0.7757568359375 -0.28997802734375
-0.0103855133056641 0.00886821746826172 -0.5107421875 0.41351318359375
0.0185432434082031 -0.00540924072265625 -0.02880859375 0.48541259765625
0.0136499404907227 -0.00232124328613281 0.290130615234375 0.219207763671875
0.00394725799560547 -0.00560426712036133 0.331817626953125 -0.092071533203125
0.006378173828125 -0.025665283203125 -0.291168212890625 0.11553955078125
0.0157546997070313 -0.0156888961791992 -0.282257080078125 -0.1534423828125
0.0377845764160156 -0.0276145935058594 -0.02032470703125 -0.4337158203125
0.0285205841064453 -0.000581741333007813 0.455841064453125 -0.444915771484375
-0.0251197814941406 0.0145759582519531 0.75079345703125 0.18048095703125
-0.0460624694824219 -0.0359725952148437 0.38336181640625 0.81011962890625
0.0110855102539063 -0.0215778350830078 -0.22509765625 0.70745849609375
0.0617027282714844 -0.0170936584472656 -0.049163818359375 0.125137329101563
0.0407028198242188 -0.0243682861328125 0.354461669921875 -0.54962158203125
0.0215110778808594 -0.0329990386962891 -0.13311767578125 -0.94708251953125
-0.000112533569335937 -0.00977420806884765 -0.76708984375 -0.322265625
0.00812673568725586 0.00199985504150391 -0.5318603515625 0.398834228515625
0.0299243927001953 -0.0138053894042969 -0.0469970703125 0.488433837890625
0.01513671875 -0.0137538909912109 0.280654907226563 0.227767944335938
-0.00156784057617188 -0.00941753387451172 0.332427978515625 -0.0882568359375
-0.000518798828125002 -0.0305290222167969 -0.298065185546875 0.114837646484375
0.0139980316162109 -0.0230693817138672 -0.29193115234375 -0.1531982421875
0.0420112609863281 -0.0380592346191406 -0.0333251953125 -0.43255615234375
0.0457267761230469 -0.00571823120117188 0.4439697265625 -0.453216552734375
-0.00527191162109375 0.0213890075683594 0.75115966796875 0.16485595703125
-0.0389442443847656 -0.0122108459472656 0.400634765625 0.80206298828125
-0.0046849250793457 0.00504159927368164 -0.21038818359375 0.70501708984375
0.0292949676513672 0.00189971923828125 -0.0420608520507813 0.127105712890625
0.01861572265625 0.00270843505859375 0.371185302734375 -0.542388916015625
0.0233554840087891 -0.00666046142578125 -0.10546875 -0.95208740234375
0.0193119049072266 0.00358963012695313 -0.75927734375 -0.33856201171875
0.0244503021240234 -0.00149726867675781 -0.5426025390625 0.387786865234375
0.0386924743652344 -0.0212173461914063 -0.060516357421875 0.486846923828125
0.0164146423339844 -0.0245456695556641 0.270904541015625 0.228759765625
-0.00568199157714844 -0.0123672485351563 0.32867431640625 -0.090087890625
-0.00365447998046875 -0.0319805145263672 -0.30792236328125 0.108123779296875
0.0128631591796875 -0.0302562713623047 -0.30255126953125 -0.15765380859375
0.044464111328125 -0.0458450317382812 -0.037261962890625 -0.433349609375
0.0565834045410156 -0.0106925964355469 0.442626953125 -0.452117919921875
0.0109405517578125 0.0268630981445312 0.7496337890625 0.16790771484375
-0.0302352905273437 0.0068359375 0.39849853515625 0.79888916015625
-0.0165596008300781 0.0303268432617188 -0.2001953125 0.6953125
0.00167465209960937 0.0200214385986328 -0.02520751953125 0.119277954101563
-0.00116157531738281 0.028076171875 0.3798828125 -0.550384521484375
0.0253372192382812 0.0176944732666016 -0.1065673828125 -0.95263671875
0.0339183807373047 0.0146045684814453 -0.7606201171875 -0.33514404296875
0.0378265380859375 -0.0043487548828125 -0.54205322265625 0.389556884765625
0.0444717407226562 -0.0256080627441406 -0.066070556640625 0.482269287109375
0.0167560577392578 -0.0317783355712891 0.261581420898438 0.224441528320313
-0.009765625 -0.0160121917724609 0.320220947265625 -0.094818115234375
-0.00494766235351563 -0.0347976684570313 -0.317352294921875 0.1005859375
0.0103034973144531 -0.0354080200195313 -0.31011962890625 -0.163970947265625
0.046234130859375 -0.0479850769042969 -0.033294677734375 -0.43853759765625
0.0633888244628906 -0.0106430053710938 0.4544677734375 -0.445953369140625
0.0198497772216797 0.0324802398681641 0.7490234375 0.18939208984375
-0.0246086120605469 0.0213508605957031 0.38421630859375 0.80584716796875
-0.0235939025878906 0.0498123168945312 -0.2000732421875 0.678955078125
-0.0172004699707031 0.0363273620605469 -0.000274658203124994 0.101394653320313
-0.0133285522460937 0.0478477478027344 0.38531494140625 -0.57220458984375
0.02838134765625 0.0354957580566406 -0.12469482421875 -0.952880859375
0.0446128845214844 0.0219993591308594 -0.7650146484375 -0.3114013671875
0.0432052612304688 -0.00558853149414063 -0.530975341796875 0.399749755859375
0.0446319580078125 -0.0288047790527344 -0.0575256347656249 0.478790283203125
0.0142059326171875 -0.0353584289550781 0.255462646484375 0.215164184570313
-0.0107536315917969 -0.0180606842041016 0.310699462890625 -0.1048583984375
0.0287284851074219 -0.016357421875 -0.3048095703125 0.09228515625
0.014103889465332 0.0164937973022461 -0.251373291015625 -0.18524169921875
0.0055999755859375 0.0108060836791992 0.0723876953125 -0.4547119140625
-0.0349960327148438 0.0198745727539062 0.555511474609375 -0.364044189453125
-0.0821456909179688 -0.0121002197265625 0.70947265625 0.341796875
-0.035003662109375 -0.097412109375 0.20843505859375 0.87359619140625
0.0718765258789063 -0.0692825317382813 -0.30126953125 0.61651611328125
0.136672973632813 -0.0459976196289063 0.0225830078125 0.0389556884765625
0.0845260620117188 -0.0780792236328125 0.27978515625 -0.6524658203125
0.00803375244140624 -0.083038330078125 -0.32293701171875 -0.8922119140625
-0.0553131103515625 -0.0185813903808594 -0.792724609375 -0.1490478515625
-0.0430221557617187 0.0329208374023438 -0.41876220703125 0.468505859375
-0.00522232055664062 0.0167636871337891 0.04571533203125 0.4615478515625
0.00631237030029297 0.0173320770263672 0.30377197265625 0.1763916015625
0.0154142379760742 -0.00183582305908203 0.31011962890625 -0.12115478515625
0.0241851806640625 -0.0169925689697266 -0.293212890625 0.10369873046875
0.0160646438598633 0.0112924575805664 -0.253890991210938 -0.17529296875
0.0118646621704102 0.00575828552246094 0.048492431640625 -0.448150634765625
-0.0243778228759766 0.0192108154296875 0.52935791015625 -0.38555908203125
-0.0772018432617187 -0.00684356689453126 0.720458984375 0.29638671875
-0.0432281494140625 -0.093292236328125 0.25384521484375 0.86376953125
0.0614166259765625 -0.0707855224609375 -0.28851318359375 0.64752197265625
0.132102966308594 -0.0494155883789063 -0.00516891479492186 0.065826416015625
0.0844879150390625 -0.0776901245117188 0.29522705078125 -0.62274169921875
0.0099029541015625 -0.0846023559570313 -0.27337646484375 -0.910888671875
-0.0506248474121094 -0.0237464904785156 -0.78778076171875 -0.19683837890625
-0.0373687744140625 0.0252189636230469 -0.4473876953125 0.45086669921875
-0.00104331970214844 0.0122566223144531 0.02410888671875 0.468902587890625
0.00911998748779297 0.0143203735351562 0.301727294921875 0.19073486328125
0.0122499465942383 0.000153541564941406 0.317596435546875 -0.111419677734375
0.0192012786865234 -0.0191211700439453 -0.28912353515625 0.110198974609375
0.0170068740844727 0.00460243225097656 -0.260177612304687 -0.164520263671875
0.0205020904541016 -0.00356674194335938 0.024322509765625 -0.440673828125
-0.0088348388671875 0.0136556625366211 0.499725341796875 -0.409454345703125
-0.0640144348144531 3.81469726562461E-06 0.73443603515625 0.2509765625
-0.0483322143554688 -0.0781707763671875 0.302978515625 0.84295654296875
0.0464096069335938 -0.0629234313964844 -0.26995849609375 0.67413330078125
0.116180419921875 -0.0450439453125 -0.028228759765625 0.0908432006835938
0.0758438110351563 -0.0670013427734375 0.31591796875 -0.58978271484375
0.0145645141601563 -0.075469970703125 -0.220458984375 -0.92376708984375
-0.0381011962890625 -0.023956298828125 -0.78118896484375 -0.2445068359375
-0.0268821716308594 0.0166225433349609 -0.478973388671875 0.43145751953125
0.00794792175292969 0.00400161743164063 -0.00158691406249996 0.47760009765625
0.0109081268310547 0.00676155090332031 0.297607421875 0.20550537109375
0.00870990753173828 -0.00245141983032227 0.32672119140625 -0.1002197265625
0.0129470825195312 -0.0229721069335938 -0.287445068359375 0.11456298828125
0.0164556503295898 -0.00568008422851562 -0.269012451171875 -0.15576171875
0.0289764404296875 -0.0164337158203125 -0.00103759765624996 -0.4354248046875
0.0101909637451172 0.00667953491210938 0.472991943359375 -0.4295654296875
-0.0454864501953125 0.00844192504882812 0.74298095703125 0.20916748046875
-0.0502395629882813 -0.0583381652832031 0.3460693359375 0.8253173828125
0.0279159545898438 -0.0452766418457031 -0.246337890625 0.69110107421875
0.0913619995117187 -0.0339508056640625 -0.0427627563476562 0.111663818359375
0.0606460571289063 -0.0487747192382813 0.33526611328125 -0.56396484375
0.0178070068359375 -0.05841064453125 -0.1689453125 -0.93292236328125
-0.0207328796386719 -0.0197620391845703 -0.77178955078125 -0.28924560546875
-0.0100984573364258 0.00757980346679688 -0.505767822265625 0.412811279296875
0.0176010131835938 -0.00599479675292969 -0.026092529296875 0.48199462890625
0.0126609802246094 -0.003173828125 0.289794921875 0.217742919921875
0.00354766845703125 -0.00461959838867188 0.330780029296875 -0.093597412109375
0.00625801086425781 -0.0251636505126953 -0.28936767578125 0.116668701171875
0.0155200958251953 -0.0135383605957031 -0.27935791015625 -0.1507568359375
0.0361442565917969 -0.0287628173828125 -0.02056884765625 -0.43121337890625
0.0280132293701172 -0.000326156616210938 0.45330810546875 -0.44281005859375
-0.0254230499267578 0.0155696868896484 0.746337890625 0.176025390625
-0.0458526611328125 -0.0344200134277344 0.38055419921875 0.806884765625
0.0107154846191406 -0.0213203430175781 -0.22540283203125 0.70281982421875
0.0607452392578125 -0.0173454284667969 -0.0481338500976562 0.123710632324219
0.0409507751464844 -0.0244216918945312 0.35107421875 -0.54644775390625
0.0211811065673828 -0.0333957672119141 -0.1290283203125 -0.94140625
0.000181198120117187 -0.00880813598632813 -0.761962890625 -0.3206787109375
0.00734710693359375 0.00241231918334961 -0.525909423828125 0.395782470703125
0.0297794342041016 -0.0142440795898438 -0.047210693359375 0.4842529296875
0.0153264999389648 -0.0134410858154297 0.279327392578125 0.226043701171875
-0.000254631042480469 -0.00901412963867188 0.331451416015625 -0.088836669921875
0.000753402709960937 -0.0288219451904297 -0.296295166015625 0.115386962890625
0.0142669677734375 -0.0229377746582031 -0.291259765625 -0.150390625
0.0408973693847656 -0.0392532348632813 -0.033111572265625 -0.43133544921875
0.0445060729980469 -0.00670242309570313 0.4404296875 -0.450653076171875
-0.00567626953125 0.0215625762939453 0.748291015625 0.16357421875
-0.0384063720703125 -0.0123100280761719 0.3948974609375 0.7974853515625
-0.00413894653320313 0.00482988357543945 -0.20904541015625 0.703369140625
0.029510498046875 0.00118446350097656 -0.041351318359375 0.127204895019531
0.0183334350585937 0.00259208679199219 0.369598388671875 -0.54010009765625
0.0219631195068359 -0.00769615173339844 -0.10455322265625 -0.9453125
0.0190448760986328 0.00217819213867188 -0.7554931640625 -0.335205078125
0.0250892639160156 -0.00349235534667969 -0.53863525390625 0.38665771484375
0.03790283203125 -0.0209503173828125 -0.06121826171875 0.483367919921875
0.0151901245117188 -0.022613525390625 0.269424438476563 0.226791381835938
-0.00516605377197266 -0.0113296508789063 0.326568603515625 -0.090972900390625
-0.00370025634765625 -0.0324726104736328 -0.30584716796875 0.108734130859375
0.0119113922119141 -0.029876708984375 -0.30096435546875 -0.153167724609375
0.0441932678222656 -0.0456581115722656 -0.0372314453125 -0.430419921875
0.0548782348632813 -0.00934219360351563 0.43896484375 -0.45001220703125
0.0097808837890625 0.0284881591796875 0.746826171875 0.167724609375
-0.0309562683105469 0.00815200805664063 0.396728515625 0.79437255859375
-0.0150051116943359 0.0300197601318359 -0.19964599609375 0.690673828125
0.001861572265625 0.0195846557617188 -0.0257034301757813 0.118034362792969
-0.000810623168945313 0.0269641876220703 0.3798828125 -0.546844482421875
0.0251998901367188 0.0167407989501953 -0.1065673828125 -0.947998046875
0.0341300964355469 0.0144882202148438 -0.75555419921875 -0.33209228515625
0.0364151000976563 -0.00491714477539063 -0.536956787109375 0.386138916015625
0.0441246032714844 -0.0264511108398438 -0.064910888671875 0.47998046875
0.0152378082275391 -0.0316047668457031 0.259429931640625 0.222930908203125
-0.00886726379394531 -0.0158424377441406 0.31854248046875 -0.09478759765625
-0.00515937805175782 -0.0335922241210938 -0.316925048828125 0.100372314453125
0.00996017456054687 -0.0344734191894531 -0.30902099609375 -0.1611328125
0.0454254150390625 -0.0472679138183594 -0.03192138671875 -0.434173583984375
0.0625953674316406 -0.0100822448730469 0.45184326171875 -0.442901611328125
0.018829345703125 0.0333404541015625 0.7452392578125 0.1883544921875
-0.0238609313964844 0.0219211578369141 0.38006591796875 0.8017578125
-0.0235023498535156 0.049163818359375 -0.19970703125 0.6739501953125
-0.0172767639160156 0.035186767578125 -0.001953125 0.101692199707031
-0.0130577087402344 0.047576904296875 0.38262939453125 -0.568115234375
0.0274887084960938 0.0344886779785156 -0.12567138671875 -0.94873046875
0.0437393188476563 0.0224189758300781 -0.76007080078125 -0.310302734375
0.0426902770996094 -0.00603485107421875 -0.526702880859375 0.395843505859375
0.0452499389648438 -0.029205322265625 -0.057891845703125 0.475555419921875
0.0144424438476562 -0.0356597900390625 0.253387451171875 0.214126586914063
-0.0116806030273437 -0.01776123046875 0.307891845703125 -0.105010986328125
0.0289287567138672 -0.0163555145263672 -0.30303955078125 0.092559814453125
0.0140771865844727 0.0166759490966797 -0.250503540039063 -0.185165405273438
0.00522994995117187 0.0113954544067383 0.072265625 -0.452301025390625
-0.0357551574707031 0.0200729370117188 0.5528564453125 -0.363037109375
-0.08233642578125 -0.0116119384765625 0.7069091796875 0.33984375
-0.0345916748046875 -0.0970230102539062 0.20697021484375 0.871337890625
0.07098388671875 -0.06842041015625 -0.30023193359375 0.6148681640625
0.135475158691406 -0.0457534790039062 0.0224647521972656 0.0384597778320313
0.0842742919921875 -0.0785064697265625 0.27850341796875 -0.6488037109375
0.00726318359375001 -0.0838165283203125 -0.32098388671875 -0.88861083984375
-0.0568122863769531 -0.018463134765625 -0.7877197265625 -0.14923095703125
-0.0421562194824219 0.0318489074707031 -0.416961669921875 0.46502685546875
-0.00560760498046875 0.0170230865478516 0.045440673828125 0.458465576171875
0.00640296936035156 0.0184440612792969 0.30242919921875 0.176055908203125
0.0151052474975586 -0.000977516174316406 0.309234619140625 -0.12164306640625
0.02392578125 -0.0167694091796875 -0.292999267578125 0.10247802734375
0.0156641006469727 0.0123300552368164 -0.251953125 -0.173004150390625
0.0115184783935547 0.00569438934326172 0.04986572265625 -0.4462890625
-0.0248374938964844 0.0176734924316406 0.52630615234375 -0.384979248046875
-0.0767898559570313 -0.00710296630859374 0.7174072265625 0.296875
-0.043243408203125 -0.0914230346679688 0.25067138671875 0.86199951171875
0.0621414184570312 -0.0704574584960937 -0.28997802734375 0.6456298828125
0.131439208984375 -0.0490493774414062 -0.00556564331054686 0.0655632019042969
0.0840225219726563 -0.0779800415039063 0.29559326171875 -0.61968994140625
0.0104446411132812 -0.0848617553710938 -0.2705078125 -0.9053955078125
-0.0508384704589844 -0.0231971740722656 -0.78411865234375 -0.19677734375
-0.0366325378417969 0.0250282287597656 -0.445343017578125 0.4476318359375
-0.000915527343749999 0.0119218826293945 0.0230712890625 0.465972900390625
0.00795745849609375 0.0140714645385742 0.302490234375 0.18865966796875
0.0128240585327148 -0.000781059265136719 0.316314697265625 -0.11090087890625
0.0199413299560547 -0.0191421508789062 -0.288299560546875 0.1104736328125
0.0167570114135742 0.00538730621337891 -0.2589111328125 -0.163131713867188
0.0206146240234375 -0.00425529479980469 0.024017333984375 -0.44091796875
-0.00873661041259766 0.0133657455444336 0.49810791015625 -0.408416748046875
-0.06353759765625 -0.000198364257812513 0.7303466796875 0.24908447265625
-0.0484085083007812 -0.0774078369140625 0.29913330078125 0.84136962890625
0.0461235046386719 -0.0618858337402344 -0.2713623046875 0.6695556640625
0.115394592285156 -0.0450820922851562 -0.0290374755859375 0.0903778076171875
0.07568359375 -0.0684585571289063 0.31365966796875 -0.586669921875
0.014068603515625 -0.076202392578125 -0.2186279296875 -0.919189453125
-0.0387344360351563 -0.0250587463378906 -0.77593994140625 -0.24420166015625
-0.0256385803222656 0.0170078277587891 -0.475738525390625 0.429962158203125
0.00705957412719727 0.00360918045043945 -0.00244140624999999 0.474578857421875
0.0102090835571289 0.00655078887939453 0.29681396484375 0.203582763671875
0.00970172882080078 -0.00215053558349609 0.324981689453125 -0.1005859375
0.0131435394287109 -0.0216560363769531 -0.286346435546875 0.115753173828125
0.0166873931884766 -0.00449180603027344 -0.268692016601562 -0.154556274414063
0.0274791717529297 -0.0163726806640625 -0.00076293945312503 -0.43353271484375
0.00974750518798828 0.00629997253417969 0.47039794921875 -0.428314208984375
-0.0448837280273438 0.00828170776367188 0.73870849609375 0.20831298828125
-0.0496978759765625 -0.0568695068359375 0.34326171875 0.82183837890625
0.0285987854003906 -0.0454750061035156 -0.24688720703125 0.68902587890625
0.0909500122070313 -0.0341262817382813 -0.0440750122070313 0.111213684082031
0.0610504150390625 -0.0489730834960938 0.333404541015625 -0.560516357421875
0.0184173583984375 -0.0576438903808594 -0.16845703125 -0.9293212890625
-0.0203285217285156 -0.0186767578125 -0.766845703125 -0.28900146484375
-0.0107364654541016 0.00835037231445313 -0.50421142578125 0.40899658203125
0.0183696746826172 -0.00540351867675781 -0.028533935546875 0.4788818359375
0.0126132965087891 -0.00310897827148438 0.289642333984375 0.21600341796875
0.00414657592773438 -0.00489425659179688 0.328857421875 -0.092437744140625
0.00585746765136719 -0.0252323150634766 -0.28863525390625 0.1165771484375
0.0146493911743164 -0.0144329071044922 -0.279006958007813 -0.150970458984375
0.0358810424804688 -0.0276870727539063 -0.018585205078125 -0.4287109375
0.0288295745849609 -0.000875473022460938 0.451446533203125 -0.44366455078125
-0.0253238677978516 0.0153961181640625 0.7427978515625 0.17724609375
-0.0454025268554688 -0.0346603393554688 0.3770751953125 0.80426025390625
0.0107002258300781 -0.0209903717041016 -0.225830078125 0.7001953125
0.0597763061523438 -0.0177536010742188 -0.0490798950195312 0.123222351074219
0.039794921875 -0.0251960754394531 0.351654052734375 -0.54205322265625
0.0211124420166016 -0.0345687866210937 -0.12823486328125 -0.93719482421875
0.000311851501464845 -0.00951576232910156 -0.75726318359375 -0.320068359375
0.00770854949951172 0.0022578239440918 -0.524139404296875 0.39202880859375
0.0278377532958984 -0.0145454406738281 -0.049224853515625 0.481048583984375
0.0143280029296875 -0.0137100219726562 0.278823852539063 0.225067138671875
-0.000754833221435548 -0.00842952728271484 0.32977294921875 -0.087860107421875
-9.72747802734393E-05 -0.0292606353759766 -0.29461669921875 0.11572265625
0.0131378173828125 -0.0233688354492187 -0.2894287109375 -0.1492919921875
0.0398979187011719 -0.0387840270996094 -0.034149169921875 -0.4276123046875
0.0437126159667969 -0.00629043579101563 0.438568115234375 -0.449981689453125
-0.00567817687988281 0.0222549438476563 0.74468994140625 0.1639404296875
-0.0384750366210937 -0.0113487243652344 0.3924560546875 0.79412841796875
-0.00424289703369141 0.00562143325805664 -0.21063232421875 0.69927978515625
0.0287189483642578 0.000917434692382813 -0.0423812866210938 0.125328063964844
0.0174274444580078 0.0026397705078125 0.367523193359375 -0.535797119140625
0.0223808288574219 -0.00742530822753906 -0.10333251953125 -0.9417724609375
0.0187492370605469 0.00244140625 -0.75018310546875 -0.33477783203125
0.0249252319335938 -0.00317764282226563 -0.5355224609375 0.3829345703125
0.037322998046875 -0.021728515625 -0.06146240234375 0.479461669921875
0.0157451629638672 -0.0240364074707031 0.268096923828125 0.225143432617188
-0.00534343719482422 -0.012542724609375 0.324188232421875 -0.090240478515625
-0.00359535217285156 -0.0318431854248047 -0.304046630859375 0.108673095703125
0.0115966796875 -0.0299930572509766 -0.3009033203125 -0.153045654296875
0.0433235168457031 -0.0457382202148438 -0.03741455078125 -0.429229736328125
0.0554695129394531 -0.0100593566894531 0.43743896484375 -0.447113037109375
0.0100688934326172 0.0282211303710938 0.74444580078125 0.1673583984375
-0.0304508209228516 0.00780296325683594 0.39306640625 0.791015625
-0.0158748626708984 0.0292148590087891 -0.200439453125 0.6888427734375
0.00166130065917969 0.0185508728027344 -0.0261077880859375 0.117919921875
-0.00181198120117188 0.0266342163085937 0.37750244140625 -0.54443359375
0.02471923828125 0.0169925689697266 -0.103515625 -0.94287109375
0.0347366333007813 0.0134315490722656 -0.75 -0.33160400390625
0.0376815795898438 -0.00505447387695312 -0.5345458984375 0.38421630859375
0.0431060791015625 -0.0270652770996094 -0.0660400390625 0.47723388671875
0.0149021148681641 -0.0308208465576172 0.259475708007812 0.221710205078125
-0.00911331176757813 -0.0145187377929687 0.31585693359375 -0.09478759765625
-0.00556182861328125 -0.0334854125976563 -0.315521240234375 0.10089111328125
0.0106410980224609 -0.0337448120117188 -0.3060302734375 -0.160003662109375
0.044708251953125 -0.0475692749023438 -0.032684326171875 -0.432708740234375
0.0622673034667969 -0.0113029479980469 0.44891357421875 -0.44195556640625
0.0183010101318359 0.033599853515625 0.74169921875 0.18817138671875
-0.0238456726074219 0.0219974517822266 0.3787841796875 0.79644775390625
-0.0232772827148437 0.049102783203125 -0.20037841796875 0.6724853515625
-0.0177116394042969 0.0344581604003906 -0.00223541259765624 0.10107421875
-0.0128097534179688 0.0465126037597656 0.38043212890625 -0.5650634765625
0.0271701812744141 0.0342540740966797 -0.12359619140625 -0.94384765625
0.0439338684082031 0.0220069885253906 -0.7552490234375 -0.3101806640625
0.0432052612304688 -0.006195068359375 -0.5230712890625 0.395172119140625
0.0447502136230469 -0.028900146484375 -0.057037353515625 0.472198486328125
0.0136909484863281 -0.0355339050292969 0.25311279296875 0.212448120117188
-0.0103359222412109 -0.0177059173583984 0.3062744140625 -0.10498046875
0.0290203094482422 -0.0163974761962891 -0.302215576171875 0.093353271484375
0.0135431289672852 0.0171976089477539 -0.249237060546875 -0.183578491210937
0.00443458557128906 0.0112133026123047 0.072509765625 -0.451202392578125
-0.03643798828125 0.0207328796386719 0.550811767578125 -0.3612060546875
-0.0821075439453125 -0.011810302734375 0.70477294921875 0.338623046875
-0.0340652465820313 -0.0960006713867187 0.204833984375 0.869873046875
0.0707168579101563 -0.0675277709960937 -0.30224609375 0.61236572265625
0.135017395019531 -0.0453414916992188 0.0217018127441406 0.0390243530273438
0.0849151611328125 -0.0779037475585938 0.27996826171875 -0.644287109375
0.00690460205078126 -0.0841217041015625 -0.3173828125 -0.88623046875
-0.0556526184082031 -0.0183219909667969 -0.78546142578125 -0.14892578125
-0.0425262451171875 0.0315399169921875 -0.41607666015625 0.463165283203125
-0.00547981262207031 0.0178546905517578 0.044769287109375 0.455963134765625
0.00565910339355468 0.0186653137207031 0.301361083984375 0.175628662109375
0.014369010925293 -0.00181198120117188 0.307861328125 -0.120849609375
0.0238533020019531 -0.0179271697998047 -0.29150390625 0.104400634765625
0.015411376953125 0.0124626159667969 -0.250839233398438 -0.171981811523437
0.0108041763305664 0.00518989562988281 0.0509033203125 -0.444976806640625
-0.0258140563964844 0.0177803039550781 0.525238037109375 -0.38275146484375
-0.07598876953125 -0.00717926025390626 0.7147216796875 0.29669189453125
-0.0422821044921875 -0.0907363891601563 0.24774169921875 0.85870361328125
0.0615272521972656 -0.0700798034667969 -0.29071044921875 0.6434326171875
0.130912780761719 -0.0481719970703125 -0.00609207153320312 0.06573486328125
0.0836944580078125 -0.078369140625 0.294677734375 -0.6177978515625
0.00999450683593749 -0.0844802856445313 -0.26904296875 -0.90093994140625
-0.0501289367675781 -0.0236740112304688 -0.78021240234375 -0.197021484375
-0.0369415283203125 0.0257034301757812 -0.444671630859375 0.44580078125
-0.00121021270751953 0.0124139785766602 0.021942138671875 0.46405029296875
0.008453369140625 0.0143766403198242 0.301055908203125 0.18829345703125
0.0128087997436523 -0.000693321228027344 0.31524658203125 -0.110931396484375
0.0197010040283203 -0.0194129943847656 -0.287750244140625 0.11065673828125
0.0162448883056641 0.00492000579833984 -0.258087158203125 -0.162765502929688
0.0196971893310547 -0.00456809997558594 0.02459716796875 -0.439788818359375
-0.00943756103515625 0.0137338638305664 0.497283935546875 -0.4061279296875
-0.0629997253417969 9.53674316406126E-05 0.7265625 0.2481689453125
-0.0486526489257812 -0.0771331787109375 0.298095703125 0.8382568359375
0.0460319519042969 -0.0616111755371094 -0.2724609375 0.66766357421875
0.11541748046875 -0.044769287109375 -0.0295028686523437 0.0910110473632813
0.0753173828125 -0.0674819946289063 0.3143310546875 -0.5845947265625
0.0136566162109375 -0.0760269165039063 -0.217529296875 -0.9169921875
-0.0378952026367188 -0.0241622924804688 -0.773193359375 -0.24407958984375
-0.0261859893798828 0.0161228179931641 -0.474609375 0.424835205078125
0.00642776489257813 0.00362730026245117 -0.00378417968750004 0.47332763671875
0.0101175308227539 0.00647258758544922 0.29638671875 0.20361328125
0.00893020629882813 -0.00199508666992188 0.32427978515625 -0.101226806640625
0.0128002166748047 -0.0220794677734375 -0.285736083984375 0.116546630859375
0.0155124664306641 -0.00432109832763672 -0.267013549804688 -0.153472900390625
0.0273532867431641 -0.0163040161132813 0.00070190429687499 -0.432373046875
0.00998115539550781 0.00729274749755859 0.47039794921875 -0.427001953125
-0.0457649230957031 0.00924301147460937 0.73651123046875 0.2071533203125
-0.04876708984375 -0.0567970275878906 0.34014892578125 0.81982421875
0.0276412963867188 -0.0444374084472656 -0.2476806640625 0.68682861328125
0.0906906127929688 -0.0344390869140625 -0.0445938110351563 0.111183166503906
0.0607414245605469 -0.0491676330566406 0.33282470703125 -0.55657958984375
0.0179214477539063 -0.0583686828613281 -0.1651611328125 -0.92620849609375
-0.0202159881591797 -0.0195846557617187 -0.76214599609375 -0.2896728515625
-0.0110597610473633 0.00815773010253906 -0.502685546875 0.4061279296875
0.0177860260009766 -0.00540733337402344 -0.029083251953125 0.47711181640625
0.0124683380126953 -0.00305271148681641 0.288055419921875 0.214996337890625
0.00493240356445313 -0.00430011749267578 0.328338623046875 -0.092010498046875
0.00616455078125 -0.0252819061279297 -0.28900146484375 0.11749267578125
0.0150585174560547 -0.0138711929321289 -0.277618408203125 -0.148971557617187
0.0345535278320312 -0.0285778045654297 -0.01934814453125 -0.428314208984375
0.0276851654052734 -0.00126075744628906 0.45013427734375 -0.44091796875
-0.0243873596191406 0.0160408020019531 0.7406005859375 0.1759033203125
-0.0454483032226563 -0.0332679748535156 0.3746337890625 0.801513671875
0.0102157592773437 -0.0202598571777344 -0.22918701171875 0.6976318359375
0.0596656799316406 -0.0177192687988281 -0.049774169921875 0.123077392578125
0.0401229858398438 -0.0249595642089844 0.35028076171875 -0.539642333984375
0.0209827423095703 -0.0344257354736328 -0.1279296875 -0.93402099609375
-0.000568389892578125 -0.00958251953125 -0.75274658203125 -0.31951904296875
0.00709056854248047 0.00152873992919922 -0.523590087890625 0.392303466796875
0.0281181335449219 -0.01422119140625 -0.05047607421875 0.479949951171875
0.0138740539550781 -0.0133152008056641 0.277923583984375 0.224014282226563
0.000104427337646484 -0.00836706161499023 0.328216552734375 -0.08905029296875
-0.000726699829101563 -0.0283851623535156 -0.294403076171875 0.1160888671875
0.0131855010986328 -0.0225601196289063 -0.288909912109375 -0.148193359375
0.0395393371582031 -0.0398216247558594 -0.033477783203125 -0.427093505859375
0.0430526733398438 -0.00681686401367188 0.43695068359375 -0.4488525390625
-0.00512886047363281 0.0225982666015625 0.740966796875 0.163330078125
-0.0389022827148438 -0.011505126953125 0.38885498046875 0.79296875
-0.00457239151000976 0.00585126876831055 -0.21258544921875 0.697265625
0.0280628204345703 3.62396240234375E-05 -0.0425567626953125 0.124847412109375
0.0177631378173828 0.00121498107910156 0.36663818359375 -0.53253173828125
0.0226497650146484 -0.00757789611816406 -0.10198974609375 -0.93841552734375
0.0186595916748047 0.00185775756835938 -0.747802734375 -0.33502197265625
0.0252971649169922 -0.00275611877441406 -0.533355712890625 0.38214111328125
0.0374870300292969 -0.0220222473144531 -0.0618896484375 0.477874755859375
0.01495361328125 -0.0235919952392578 0.2685546875 0.225494384765625
-0.00519275665283203 -0.0121030807495117 0.323638916015625 -0.09063720703125
-0.00348091125488281 -0.0317878723144531 -0.30401611328125 0.108489990234375
0.0108261108398437 -0.0293102264404297 -0.29791259765625 -0.151031494140625
0.0431098937988281 -0.0456657409667969 -0.036590576171875 -0.426361083984375
0.0546989440917969 -0.0117111206054687 0.4361572265625 -0.446441650390625
0.0101490020751953 0.0286598205566406 0.74029541015625 0.167236328125
-0.0307083129882812 0.0092315673828125 0.38861083984375 0.79046630859375
-0.0154037475585938 0.0298252105712891 -0.20294189453125 0.6876220703125
0.000960350036621095 0.0174322128295898 -0.02716064453125 0.117706298828125
-0.000659942626953124 0.0258445739746094 0.37750244140625 -0.5396728515625
0.0250873565673828 0.0156383514404297 -0.10247802734375 -0.93902587890625
0.0331459045410156 0.0133914947509766 -0.74725341796875 -0.3311767578125
0.0370559692382813 -0.00492477416992188 -0.534088134765625 0.38250732421875
0.0431022644042969 -0.0270538330078125 -0.06634521484375 0.474517822265625
0.0149650573730469 -0.0309314727783203 0.2589111328125 0.221023559570313
-0.00862979888916015 -0.0155801773071289 0.31634521484375 -0.095245361328125
-0.00565338134765625 -0.0335712432861328 -0.3150634765625 0.10162353515625
0.00903892517089844 -0.0337505340576172 -0.30645751953125 -0.15899658203125
0.0440444946289062 -0.0481834411621094 -0.0318603515625 -0.431640625
0.0606575012207031 -0.0105667114257813 0.44866943359375 -0.44012451171875
0.0184154510498047 0.0342464447021484 0.7391357421875 0.1873779296875
-0.0236358642578125 0.0224189758300781 0.3753662109375 0.79595947265625
-0.0236892700195312 0.0498809814453125 -0.202880859375 0.6697998046875
-0.0191898345947266 0.033447265625 -0.00274658203125 0.100868225097656
-0.0133590698242188 0.0457687377929688 0.3804931640625 -0.56146240234375
0.0268440246582031 0.0334529876708984 -0.12078857421875 -0.94171142578125
0.0437850952148438 0.0218505859375 -0.75067138671875 -0.3101806640625
0.0432281494140625 -0.00671768188476563 -0.5233154296875 0.392425537109375
0.0447807312011719 -0.0291481018066406 -0.05914306640625 0.4708251953125
0.0138893127441406 -0.0361175537109375 0.252471923828125 0.212631225585938
-0.011012077331543 -0.017033576965332 0.3052978515625 -0.1051025390625
0.0289630889892578 -0.0154762268066406 -0.302642822265625 0.094329833984375
0.0130491256713867 0.0166015625 -0.247833251953125 -0.183120727539063
0.00381946563720703 0.0115547180175781 0.0733337402343751 -0.450531005859375
-0.0364494323730469 0.0201148986816406 0.5516357421875 -0.36041259765625
-0.0819549560546875 -0.010528564453125 0.70263671875 0.339599609375
-0.0336837768554688 -0.0953826904296875 0.2025146484375 0.86895751953125
0.0713348388671875 -0.0664443969726563 -0.30511474609375 0.61077880859375
0.134315490722656 -0.04486083984375 0.02105712890625 0.0399055480957031
0.0841293334960938 -0.0779342651367188 0.28076171875 -0.641845703125
0.00720214843750001 -0.084716796875 -0.31512451171875 -0.88494873046875
-0.0555877685546875 -0.0187454223632813 -0.78289794921875 -0.15069580078125
-0.0422592163085938 0.032196044921875 -0.4171142578125 0.46148681640625
-0.00606155395507813 0.0169801712036133 0.044097900390625 0.455291748046875
0.00551795959472656 0.0179367065429687 0.301422119140625 0.175506591796875
0.0146703720092773 -0.0013427734375 0.307373046875 -0.121612548828125
0.0246982574462891 -0.0167675018310547 -0.2919921875 0.10394287109375
0.0153102874755859 0.0122213363647461 -0.250564575195312 -0.17181396484375
0.010228157043457 0.00576114654541016 0.0511474609375 -0.44476318359375
-0.0256290435791016 0.0175018310546875 0.52301025390625 -0.383453369140625
-0.076385498046875 -0.00675964355468749 0.7135009765625 0.2979736328125
-0.0420913696289063 -0.090789794921875 0.2452392578125 0.858642578125
0.0620689392089844 -0.069366455078125 -0.2923583984375 0.64251708984375
0.130500793457031 -0.0481109619140625 -0.00688171386718749 0.065338134765625
0.08282470703125 -0.0786666870117188 0.2967529296875 -0.61358642578125
0.010406494140625 -0.085113525390625 -0.2662353515625 -0.9031982421875
-0.0503158569335938 -0.0240592956542969 -0.7774658203125 -0.198974609375
-0.0374832153320313 0.0251731872558594 -0.44580078125 0.444122314453125
-0.00193500518798828 0.0127201080322266 0.020050048828125 0.463470458984375
0.00874900817871094 0.0137557983398438 0.30059814453125 0.188568115234375
0.0132083892822266 -0.00103569030761719 0.315277099609375 -0.11090087890625
0.0196876525878906 -0.0188426971435547 -0.288421630859375 0.111236572265625
0.0163049697875977 0.00545024871826172 -0.257003784179688 -0.161544799804688
0.0192642211914063 -0.00485992431640625 0.02545166015625 -0.437347412109375
-0.00962734222412109 0.0133895874023438 0.496429443359375 -0.406280517578125
-0.063751220703125 0.001068115234375 0.7242431640625 0.2498779296875
-0.047760009765625 -0.0762863159179687 0.29364013671875 0.839111328125
0.0454368591308594 -0.0610313415527344 -0.27471923828125 0.66754150390625
0.114944458007813 -0.0447998046875 -0.0299072265625 0.0902938842773438
0.075225830078125 -0.0686264038085938 0.31597900390625 -0.58245849609375
0.0140838623046875 -0.0763092041015625 -0.21429443359375 -0.91619873046875
-0.03741455078125 -0.0241203308105469 -0.771240234375 -0.24664306640625
-0.0265045166015625 0.0164966583251953 -0.474884033203125 0.424560546875
0.00666427612304688 0.00348615646362305 -0.00540161132812503 0.471923828125
0.0104446411132813 0.00744438171386719 0.29620361328125 0.20379638671875
0.0103511810302734 -0.00180435180664063 0.324066162109375 -0.100799560546875
0.0129852294921875 -0.0215034484863281 -0.285491943359375 0.11578369140625
0.0159530639648438 -0.00356006622314453 -0.266586303710938 -0.152877807617187
0.02728271484375 -0.0167312622070313 0.00250244140625004 -0.432403564453125
0.00918292999267578 0.00684261322021484 0.470855712890625 -0.4263916015625
-0.0450706481933594 0.00940704345703125 0.73529052734375 0.20709228515625
-0.0491676330566406 -0.0558128356933594 0.33740234375 0.822021484375
0.02777099609375 -0.0440597534179688 -0.25103759765625 0.6851806640625
0.0895462036132813 -0.033355712890625 -0.0455856323242187 0.110466003417969
0.0604171752929688 -0.0494499206542969 0.335357666015625 -0.5557861328125
0.0174713134765625 -0.0588188171386719 -0.16400146484375 -0.92462158203125
-0.0192947387695313 -0.0195503234863281 -0.7593994140625 -0.29034423828125
-0.010533332824707 0.00831890106201172 -0.50250244140625 0.406341552734375
0.0161199569702148 -0.00549602508544922 -0.029937744140625 0.47625732421875
0.0123844146728516 -0.00285720825195313 0.286865234375 0.21527099609375
0.00535345077514648 -0.00491952896118164 0.3271484375 -0.092559814453125
0.00591278076171875 -0.0240459442138672 -0.288055419921875 0.1175537109375
0.0146408081054687 -0.0137662887573242 -0.277542114257813 -0.148239135742188
0.0335350036621094 -0.028961181640625 -0.019805908203125 -0.42767333984375
0.0283432006835938 -0.00087738037109375 0.449432373046875 -0.44085693359375
-0.0248203277587891 0.0162353515625 0.74102783203125 0.177978515625
-0.0457572937011719 -0.0330848693847656 0.370849609375 0.80291748046875
0.0106678009033203 -0.0204372406005859 -0.23028564453125 0.697509765625
0.0587654113769531 -0.0186042785644531 -0.0504379272460937 0.122909545898438
0.0405235290527344 -0.0249824523925781 0.350830078125 -0.538055419921875
0.0204830169677734 -0.0345077514648438 -0.125244140625 -0.93341064453125
-0.000436782836914062 -0.00963687896728516 -0.75262451171875 -0.32073974609375
0.00787353515625 0.00107336044311523 -0.523529052734375 0.389801025390625
0.0272350311279297 -0.0141372680664062 -0.0511474609375 0.477996826171875
0.0133152008056641 -0.0140876770019531 0.27874755859375 0.223373413085938
0.000200748443603516 -0.00796413421630859 0.327423095703125 -0.088043212890625
0.000482559204101563 -0.0283069610595703 -0.29461669921875 0.115203857421875
0.0129642486572266 -0.0222225189208984 -0.28802490234375 -0.14691162109375
0.0389747619628906 -0.0395736694335938 -0.032470703125 -0.424774169921875
0.0434494018554688 -0.00713348388671875 0.4368896484375 -0.4476318359375
-0.0051727294921875 0.0232143402099609 0.739990234375 0.16400146484375
-0.0378913879394531 -0.0107498168945313 0.38702392578125 0.79248046875
-0.00460433959960938 0.00584983825683594 -0.213623046875 0.695068359375
0.0280075073242188 4.00543212890625E-05 -0.0434646606445312 0.124725341796875
0.0177116394042969 0.000751495361328125 0.36822509765625 -0.529449462890625
0.02264404296875 -0.00845718383789063 -0.0986938476562499 -0.937744140625
0.0177059173583984 0.00194168090820313 -0.74395751953125 -0.3359375
0.0249156951904297 -0.00290298461914063 -0.534454345703125 0.380615234375
0.0373115539550781 -0.0201835632324219 -0.0632934570312501 0.476593017578125
0.0153598785400391 -0.0243358612060547 0.267852783203125 0.224288940429688
-0.00428295135498047 -0.0120487213134766 0.32373046875 -0.0909423828125
-0.00424003601074219 -0.0310096740722656 -0.303955078125 0.108673095703125
0.0108928680419922 -0.0289802551269531 -0.297637939453125 -0.150177001953125
0.0422515869140625 -0.0457534790039063 -0.035919189453125 -0.42645263671875
0.0539741516113281 -0.0107803344726563 0.43621826171875 -0.446075439453125
0.0095367431640625 0.0284805297851563 0.7406005859375 0.1683349609375
-0.0298614501953125 0.00826072692871093 0.386962890625 0.7896728515625
-0.0167827606201172 0.0298118591308594 -0.20355224609375 0.68597412109375
0.000453948974609373 0.0178794860839844 -0.02752685546875 0.1177978515625
-0.00192642211914063 0.0250873565673828 0.3778076171875 -0.538726806640625
0.0241603851318359 0.0151996612548828 -0.0992431640625 -0.93817138671875
0.0334548950195313 0.013916015625 -0.7445068359375 -0.3326416015625
0.0373611450195313 -0.00565338134765625 -0.533355712890625 0.380462646484375
0.0424308776855469 -0.0269927978515625 -0.0667724609375 0.47332763671875
0.0144062042236328 -0.0310897827148438 0.258804321289062 0.220855712890625
-0.00840950012207031 -0.0151357650756836 0.31573486328125 -0.094940185546875
-0.0057373046875 -0.0323982238769531 -0.31427001953125 0.10186767578125
0.00856781005859375 -0.0343475341796875 -0.305450439453125 -0.158294677734375
0.0428352355957031 -0.0485115051269531 -0.03057861328125 -0.431671142578125
0.0605964660644531 -0.0107803344726563 0.44854736328125 -0.440826416015625
0.0182971954345703 0.0341739654541016 0.737548828125 0.18939208984375
-0.0237445831298828 0.0231781005859375 0.372314453125 0.7969970703125
-0.0233573913574219 0.0493812561035156 -0.20489501953125 0.669921875
-0.0189552307128906 0.0334854125976563 -0.00347137451171875 0.100715637207031
-0.0134506225585938 0.0445098876953125 0.3819580078125 -0.55877685546875
0.0275077819824219 0.0329818725585938 -0.11993408203125 -0.9383544921875
0.0436897277832031 0.0218086242675781 -0.74847412109375 -0.3118896484375
0.0433082580566406 -0.00606155395507813 -0.5225830078125 0.388885498046875
0.0433120727539063 -0.0295448303222656 -0.0595703125 0.469970703125
0.0128440856933594 -0.0355911254882813 0.252914428710938 0.21221923828125
-0.00987625122070312 -0.0167503356933594 0.3062744140625 -0.10540771484375
0.0289726257324219 -0.0160045623779297 -0.30364990234375 0.094085693359375
0.0116958618164063 0.0177192687988281 -0.247344970703125 -0.18267822265625
0.00234699249267578 0.0111408233642578 0.072845458984375 -0.45184326171875
-0.037139892578125 0.0203094482421875 0.552947998046875 -0.361480712890625
-0.0825271606445313 -0.010833740234375 0.70281982421875 0.34222412109375
-0.0337295532226563 -0.0945510864257813 0.1983642578125 0.871337890625
0.0718612670898438 -0.0666046142578125 -0.307861328125 0.611572265625
0.134185791015625 -0.045074462890625 0.021026611328125 0.0390396118164063
0.08441162109375 -0.0787887573242188 0.28192138671875 -0.6417236328125
0.00746154785156249 -0.0838623046875 -0.312255859375 -0.88629150390625
-0.05596923828125 -0.0186843872070313 -0.78375244140625 -0.1529541015625
-0.0421333312988281 0.0323143005371094 -0.416229248046875 0.459625244140625
-0.00662994384765625 0.0167837142944336 0.041046142578125 0.454376220703125
0.00672149658203125 0.0184783935546875 0.302337646484375 0.17578125
0.0150508880615234 -0.00151824951171875 0.307525634765625 -0.120574951171875
0.0245380401611328 -0.0154285430908203 -0.2928466796875 0.104827880859375
0.0145540237426758 0.0117931365966797 -0.251266479492188 -0.170822143554687
0.00973129272460938 0.00543212890625 0.051666259765625 -0.445281982421875
-0.0259666442871094 0.0183219909667969 0.52630615234375 -0.382415771484375
-0.0763320922851563 -0.005523681640625 0.71295166015625 0.2984619140625
-0.042205810546875 -0.0908660888671875 0.2410888671875 0.85931396484375
0.0626716613769531 -0.0684967041015625 -0.2952880859375 0.64288330078125
0.129669189453125 -0.0489883422851563 -0.00753021240234374 0.0663528442382813
0.0839385986328125 -0.0784759521484375 0.298095703125 -0.6136474609375
0.00930023193359375 -0.0855255126953125 -0.263671875 -0.903076171875
-0.0505561828613281 -0.0236167907714844 -0.77813720703125 -0.201171875
-0.0370521545410156 0.025054931640625 -0.4461669921875 0.44366455078125
-0.00264930725097656 0.0119600296020508 0.018280029296875 0.463775634765625
0.00802040100097656 0.0143270492553711 0.301239013671875 0.187286376953125
0.0129423141479492 -0.000485420227050781 0.314971923828125 -0.1103515625
0.0195789337158203 -0.0184764862060547 -0.288787841796875 0.112060546875
0.0160531997680664 0.00554275512695312 -0.257858276367188 -0.160919189453125
0.0175018310546875 -0.00491809844970703 0.026885986328125 -0.438568115234375
-0.00966644287109375 0.0131711959838867 0.4971923828125 -0.405487060546875
-0.0631904602050781 0.00175476074218749 0.72467041015625 0.2523193359375
-0.048736572265625 -0.076080322265625 0.29095458984375 0.84027099609375
0.0472068786621094 -0.0603370666503906 -0.2762451171875 0.6676025390625
0.114669799804687 -0.0450439453125 -0.0310287475585937 0.0908432006835938
0.0750274658203125 -0.0690689086914063 0.31573486328125 -0.5814208984375
0.013885498046875 -0.0766525268554688 -0.2109375 -0.91668701171875
-0.0379562377929687 -0.0250587463378906 -0.76959228515625 -0.250732421875
-0.0258960723876953 0.0156421661376953 -0.475677490234375 0.423980712890625
0.00587987899780273 0.00373744964599609 -0.00543212890625 0.47125244140625
0.0107126235961914 0.00673007965087891 0.297027587890625 0.203399658203125
0.00986003875732422 -0.0020751953125 0.324462890625 -0.10101318359375
0.013031005859375 -0.021026611328125 -0.286163330078125 0.1160888671875
0.0156621932983398 -0.00375938415527344 -0.267318725585938 -0.152969360351563
0.0261211395263672 -0.0171699523925781 0.00280761718749998 -0.4327392578125
0.00889873504638672 0.00583362579345703 0.47247314453125 -0.427459716796875
-0.0457229614257813 0.00904846191406251 0.734619140625 0.208740234375
-0.0480499267578125 -0.0562400817871094 0.3330078125 0.821533203125
0.0284576416015625 -0.0430908203125 -0.25335693359375 0.68719482421875
0.0888824462890625 -0.0333786010742188 -0.0456924438476562 0.110679626464844
0.0599899291992187 -0.0505790710449219 0.335662841796875 -0.55426025390625
0.0183944702148437 -0.05975341796875 -0.16015625 -0.92694091796875
-0.0197105407714844 -0.0199871063232422 -0.7596435546875 -0.293701171875
-0.00968456268310547 0.00757980346679688 -0.5045166015625 0.402923583984375
0.0165348052978516 -0.00474262237548828 -0.032318115234375 0.476470947265625
0.0129604339599609 -0.00331592559814453 0.288970947265625 0.216796875
0.00554847717285156 -0.00462913513183594 0.326934814453125 -0.09246826171875
0.00573539733886719 -0.0243186950683594 -0.288970947265625 0.118072509765625
0.0141363143920898 -0.0127077102661133 -0.27813720703125 -0.148406982421875
0.0332622528076172 -0.0289745330810547 -0.017608642578125 -0.428131103515625
0.0273227691650391 -0.00020599365234375 0.451263427734375 -0.4405517578125
-0.0250473022460937 0.0171718597412109 0.74029541015625 0.1788330078125
-0.0449867248535156 -0.0327911376953125 0.36669921875 0.803466796875
0.0110454559326172 -0.0195999145507813 -0.23260498046875 0.6978759765625
0.0588264465332031 -0.0183906555175781 -0.05059814453125 0.123031616210938
0.0393447875976563 -0.0255050659179688 0.3538818359375 -0.536285400390625
0.0201835632324219 -0.0352821350097656 -0.12298583984375 -0.9345703125
6.67572021484378E-05 -0.0100536346435547 -0.7513427734375 -0.323974609375
0.00750017166137695 0.000779628753662109 -0.523162841796875 0.388275146484375
0.0276699066162109 -0.0137596130371094 -0.052734375 0.477508544921875
0.014012336730957 -0.014073371887207 0.279006958007813 0.224868774414063
-0.000104427337646484 -0.00722360610961914 0.3284912109375 -0.087493896484375
-8.39233398437526E-05 -0.0284881591796875 -0.29559326171875 0.115997314453125
0.0128803253173828 -0.0220470428466797 -0.289215087890625 -0.14642333984375
0.0391120910644531 -0.0391845703125 -0.030670166015625 -0.425445556640625
0.0432090759277344 -0.00775146484375 0.4390869140625 -0.446044921875
-0.00528907775878906 0.0241832733154297 0.7406005859375 0.16552734375
-0.0376396179199219 -0.0097198486328125 0.38494873046875 0.7940673828125
-0.00487995147705078 0.00578832626342773 -0.2176513671875 0.6976318359375
0.0276699066162109 -0.000402450561523438 -0.0456085205078125 0.125442504882813
0.0176982879638672 0.000551223754882813 0.36993408203125 -0.531097412109375
0.0214672088623047 -0.00794219970703125 -0.0956420898437501 -0.9383544921875
0.0179252624511719 0.00183486938476563 -0.7437744140625 -0.3382568359375
0.0258140563964844 -0.00382041931152344 -0.5347900390625 0.379180908203125
0.0363540649414063 -0.0221786499023438 -0.065643310546875 0.47650146484375
0.0157661437988281 -0.0232429504394531 0.267578125 0.224075317382813
-0.00481414794921875 -0.0127038955688477 0.3233642578125 -0.0911865234375
-0.00386810302734375 -0.0309925079345703 -0.30474853515625 0.11029052734375
0.00997734069824219 -0.0287036895751953 -0.298553466796875 -0.150604248046875
0.0409507751464844 -0.0464286804199219 -0.035003662109375 -0.427398681640625
0.0552940368652344 -0.0110206604003906 0.4383544921875 -0.447052001953125
0.0101890563964844 0.0295696258544922 0.7410888671875 0.16937255859375
-0.0297470092773438 0.0102710723876953 0.38458251953125 0.79180908203125
-0.0165462493896484 0.0306797027587891 -0.20782470703125 0.68743896484375
-0.000587463378906252 0.0176811218261719 -0.027862548828125 0.117958068847656
-0.00137519836425781 0.0249176025390625 0.378204345703125 -0.537139892578125
0.0245304107666016 0.0148200988769531 -0.0975341796875 -0.9403076171875
0.0327033996582031 0.0141830444335938 -0.7451171875 -0.3349609375
0.0364990234375 -0.00605392456054687 -0.534912109375 0.37872314453125
0.0428504943847656 -0.0272941589355469 -0.0682067871093749 0.473419189453125
0.0150127410888672 -0.0316219329833984 0.258987426757813 0.221405029296875
-0.00899028778076172 -0.0154685974121094 0.316619873046875 -0.094573974609375
-0.00497627258300781 -0.0326461791992187 -0.315399169921875 0.102508544921875
0.00914573669433594 -0.0332374572753906 -0.304779052734375 -0.157318115234375
0.0428466796875 -0.0489158630371094 -0.029754638671875 -0.429840087890625
0.0613288879394531 -0.0112190246582031 0.4495849609375 -0.440673828125
0.0181617736816406 0.0343112945556641 0.738525390625 0.19012451171875
-0.0236415863037109 0.0233058929443359 0.37054443359375 0.7974853515625
-0.02374267578125 0.0501022338867188 -0.206787109375 0.6697998046875
-0.0195751190185547 0.0330772399902344 -0.00411224365234375 0.101051330566406
-0.0135345458984375 0.0442924499511719 0.383758544921875 -0.5579833984375
0.0261917114257813 0.0320377349853516 -0.116455078125 -0.9405517578125
0.0431900024414063 0.0204696655273438 -0.74639892578125 -0.31329345703125
0.0440292358398438 -0.00703048706054688 -0.52423095703125 0.38824462890625
0.0440940856933594 -0.028900146484375 -0.061248779296875 0.467864990234375
0.0126609802246094 -0.0353164672851563 0.253097534179688 0.2127685546875
-0.00982093811035156 -0.0178012847900391 0.306304931640625 -0.1044921875
0.0281143188476563 -0.0157489776611328 -0.304534912109375 0.09429931640625
0.0117073059082031 0.0185394287109375 -0.247482299804688 -0.182769775390625
0.00211524963378906 0.0114583969116211 0.075775146484375 -0.45318603515625
-0.0376548767089844 0.0207290649414063 0.555450439453125 -0.36163330078125
-0.0821685791015625 -0.00982666015625001 0.70361328125 0.3426513671875
-0.0329055786132812 -0.09515380859375 0.196044921875 0.87274169921875
0.0717849731445313 -0.0660858154296875 -0.30804443359375 0.61334228515625
0.133766174316406 -0.0444564819335938 0.0197639465332031 0.0407333374023438
0.0843887329101562 -0.0786514282226563 0.2847900390625 -0.64288330078125
0.0073699951171875 -0.0857086181640625 -0.31378173828125 -0.8880615234375
-0.0562095642089844 -0.0191917419433594 -0.78411865234375 -0.15631103515625
-0.04290771484375 0.0316619873046875 -0.418121337890625 0.460601806640625
-0.00687980651855469 0.0179157257080078 0.03997802734375 0.45465087890625
0.00493621826171875 0.0183010101318359 0.303741455078125 0.17657470703125
0.0155115127563477 -0.00259017944335938 0.308074951171875 -0.121429443359375
0.0245189666748047 -0.0157604217529297 -0.292510986328125 0.105987548828125
0.0154628753662109 0.0130128860473633 -0.25 -0.171661376953125
0.0079202651977539 0.00503635406494141 0.0523681640625 -0.44561767578125
-0.0268001556396484 0.0179519653320313 0.52813720703125 -0.3837890625
-0.0765380859375 -0.00607299804687501 0.714599609375 0.30078125
-0.0416259765625 -0.0895309448242187 0.24151611328125 0.86334228515625
0.0623130798339844 -0.0678863525390625 -0.2979736328125 0.64459228515625
0.130210876464844 -0.0482101440429687 -0.00770187377929687 0.0654487609863281
0.0832901000976563 -0.0786666870117188 0.30029296875 -0.6126708984375
0.01043701171875 -0.0861358642578125 -0.26361083984375 -0.90582275390625
-0.050201416015625 -0.0241661071777344 -0.7779541015625 -0.20404052734375
-0.0359611511230469 0.0240478515625 -0.445770263671875 0.44268798828125
-0.00280570983886719 0.0122623443603516 0.018280029296875 0.464752197265625
0.00720119476318359 0.0146141052246094 0.302032470703125 0.18841552734375
0.0132045745849609 -0.00145530700683594 0.31591796875 -0.111053466796875
0.0200042724609375 -0.0192546844482422 -0.289093017578125 0.112152099609375
0.0153160095214844 0.00584793090820312 -0.257049560546875 -0.159774780273438
0.0171833038330078 -0.00481319427490234 0.02728271484375 -0.439056396484375
-0.0101833343505859 0.0121860504150391 0.501007080078125 -0.40753173828125
-0.0624008178710938 0.00175094604492188 0.726806640625 0.25341796875
-0.047576904296875 -0.07647705078125 0.289794921875 0.843017578125
0.046630859375 -0.0599937438964844 -0.279052734375 0.66949462890625
0.114418029785156 -0.0446548461914062 -0.0324325561523437 0.091705322265625
0.0751113891601563 -0.0687789916992188 0.3187255859375 -0.5809326171875
0.0140457153320312 -0.0766143798828125 -0.210693359375 -0.91912841796875
-0.0386238098144531 -0.0246620178222656 -0.768798828125 -0.25140380859375
-0.0260829925537109 0.01519775390625 -0.4769287109375 0.42138671875
0.00656652450561523 0.00415372848510742 -0.00903320312499997 0.471527099609375
0.00957965850830078 0.00649547576904297 0.298095703125 0.203704833984375
0.0100364685058594 -0.00131416320800781 0.323577880859375 -0.1005859375
0.012908935546875 -0.0210895538330078 -0.28643798828125 0.117462158203125
0.0160551071166992 -0.002410888671875 -0.267105102539063 -0.152374267578125
0.0252876281738281 -0.0178031921386719 0.00222778320312503 -0.432708740234375
0.00803661346435547 0.0059199333190918 0.47430419921875 -0.42755126953125
-0.0459747314453125 0.00926971435546875 0.7359619140625 0.21124267578125
-0.0486030578613281 -0.0552635192871094 0.333740234375 0.82513427734375
0.0288200378417969 -0.0431175231933594 -0.25653076171875 0.68878173828125
0.0894775390625 -0.03424072265625 -0.0471878051757812 0.110977172851563
0.0604820251464844 -0.0497322082519531 0.33978271484375 -0.55316162109375
0.0183677673339844 -0.0591163635253906 -0.1578369140625 -0.92962646484375
-0.0204753875732422 -0.0191783905029297 -0.76092529296875 -0.294677734375
-0.00993633270263672 0.007476806640625 -0.50537109375 0.40350341796875
0.0155754089355469 -0.0050811767578125 -0.034393310546875 0.47576904296875
0.0117025375366211 -0.00242137908935547 0.289215087890625 0.216094970703125
0.00525426864624023 -0.00356435775756836 0.329010009765625 -0.092193603515625
0.00647163391113281 -0.0249481201171875 -0.290008544921875 0.11962890625
0.0147914886474609 -0.0130863189697266 -0.276901245117188 -0.147918701171875
0.0329875946044922 -0.0288238525390625 -0.01690673828125 -0.428131103515625
0.0272655487060547 -0.00117874145507812 0.451507568359375 -0.441375732421875
-0.0253067016601562 0.0168113708496094 0.7421875 0.18109130859375
-0.0448760986328125 -0.0317764282226562 0.36663818359375 0.80609130859375
0.0112152099609375 -0.0191574096679688 -0.2349853515625 0.698486328125
0.0575752258300781 -0.017822265625 -0.0528182983398438 0.123748779296875
0.039459228515625 -0.0259017944335938 0.3544921875 -0.53680419921875
0.0209808349609375 -0.0357780456542969 -0.1217041015625 -0.93804931640625
-0.000267028808593749 -0.0105171203613281 -0.75189208984375 -0.32598876953125
0.00707721710205078 0.00141429901123047 -0.526031494140625 0.38714599609375
0.0273857116699219 -0.0138721466064453 -0.054718017578125 0.478668212890625
0.0133953094482422 -0.0138454437255859 0.278717041015625 0.22296142578125
0.000527858734130859 -0.00875520706176758 0.32891845703125 -0.088287353515625
0.000202178955078126 -0.0277938842773438 -0.29620361328125 0.117340087890625
0.0123214721679687 -0.0223789215087891 -0.288787841796875 -0.147552490234375
0.0385208129882813 -0.0397186279296875 -0.029144287109375 -0.427764892578125
0.0425643920898438 -0.00675582885742188 0.439239501953125 -0.44781494140625
-0.00459671020507813 0.0232048034667969 0.74176025390625 0.1680908203125
-0.0386772155761719 -0.0102691650390625 0.3841552734375 0.79913330078125
-0.00422048568725586 0.00771570205688477 -0.2208251953125 0.6976318359375
0.02655029296875 -0.000738143920898438 -0.0455322265625 0.124900817871094
0.0173683166503906 0.000875473022460938 0.370635986328125 -0.527984619140625
0.0224475860595703 -0.00983428955078125 -0.0943603515625 -0.94024658203125
0.0172052383422852 0.00232696533203125 -0.74334716796875 -0.3392333984375
0.0249099731445312 -0.00290107727050781 -0.53717041015625 0.378509521484375
0.0366668701171875 -0.0209388732910156 -0.0662536621093751 0.478118896484375
0.0139732360839844 -0.0235404968261719 0.2681884765625 0.225189208984375
-0.00486469268798828 -0.0114927291870117 0.3238525390625 -0.091064453125
-0.00450897216796875 -0.0307197570800781 -0.30621337890625 0.110015869140625
0.00925445556640625 -0.0284633636474609 -0.2987060546875 -0.150115966796875
0.0413436889648438 -0.0466079711914063 -0.0335693359375 -0.42828369140625
0.0557746887207031 -0.0110092163085937 0.439056396484375 -0.44610595703125
0.0102901458740234 0.0299892425537109 0.74114990234375 0.1710205078125
-0.0296306610107422 0.00929450988769531 0.38336181640625 0.79425048828125
-0.0168037414550781 0.030364990234375 -0.209228515625 0.68914794921875
-0.000747680664062498 0.0172939300537109 -0.0299072265625 0.118011474609375
-0.00234794616699219 0.0242500305175781 0.38165283203125 -0.536712646484375
0.0241298675537109 0.0146217346191406 -0.0933227539062499 -0.94134521484375
0.0330810546875 0.0137615203857422 -0.743408203125 -0.33697509765625
0.0375289916992188 -0.00606155395507813 -0.53546142578125 0.37939453125
0.0418777465820312 -0.0271530151367187 -0.070709228515625 0.473785400390625
0.0145702362060547 -0.03082275390625 0.260177612304688 0.22210693359375
-0.00845241546630859 -0.0152378082275391 0.317901611328125 -0.097412109375
-0.00569915771484375 -0.0321769714355469 -0.316070556640625 0.103240966796875
0.00887870788574219 -0.0341529846191406 -0.3062744140625 -0.157562255859375
0.0424346923828125 -0.0488777160644531 -0.02886962890625 -0.4324951171875
0.0610542297363281 -0.0117530822753906 0.45074462890625 -0.441925048828125
0.0186271667480469 0.0351219177246094 0.73870849609375 0.193359375
-0.0239200592041016 0.0244064331054688 0.36822509765625 0.80145263671875
-0.0241355895996094 0.0504264831542969 -0.21099853515625 0.67236328125
-0.0197677612304688 0.0319919586181641 -0.00457763671875 0.101760864257813
-0.0141716003417969 0.0441741943359375 0.3858642578125 -0.556549072265625
0.0267810821533203 0.0313854217529297 -0.11553955078125 -0.9429931640625
0.04388427734375 0.0214309692382813 -0.74798583984375 -0.3154296875
0.0427360534667969 -0.00740432739257813 -0.523529052734375 0.3878173828125
0.0437545776367187 -0.0295600891113281 -0.062042236328125 0.469573974609375
0.0121536254882813 -0.0367012023925781 0.253143310546875 0.213088989257813
-0.00983619689941406 -0.0177040100097656 0.307952880859375 -0.10504150390625
0.0289783477783203 -0.0156230926513672 -0.306396484375 0.0947265625
0.0127964019775391 0.0181827545166016 -0.249755859375 -0.182357788085938
0.000440597534179688 0.0125465393066406 0.075653076171875 -0.453094482421875
-0.0378608703613281 0.0188331604003906 0.55657958984375 -0.363311767578125
-0.0822982788085938 -0.01080322265625 0.70513916015625 0.3450927734375
-0.0327911376953125 -0.0945892333984375 0.1953125 0.8785400390625
0.0735321044921875 -0.06451416015625 -0.31085205078125 0.6163330078125
0.13323974609375 -0.04510498046875 0.0190238952636719 0.0398826599121094
0.0844955444335938 -0.0792617797851563 0.28717041015625 -0.642578125
0.0073394775390625 -0.08624267578125 -0.31085205078125 -0.89288330078125
-0.0563888549804688 -0.0197257995605469 -0.78594970703125 -0.15716552734375
-0.0428886413574219 0.0313796997070312 -0.41973876953125 0.461181640625
-0.00716400146484375 0.0169162750244141 0.040771484375 0.457794189453125
0.00509834289550781 0.0188217163085938 0.304412841796875 0.177825927734375
0.0163612365722656 -0.00239467620849609 0.30987548828125 -0.120880126953125
0.0243911743164063 -0.0154132843017578 -0.294647216796875 0.106170654296875
0.0143680572509766 0.0130138397216797 -0.250625610351563 -0.17041015625
0.00786590576171875 0.00545644760131836 0.05340576171875 -0.447906494140625
-0.0269966125488281 0.0177478790283203 0.530303955078125 -0.384552001953125
-0.0766067504882812 -0.00682067871093751 0.718017578125 0.302734375
-0.0408477783203125 -0.0895233154296875 0.2396240234375 0.8682861328125
0.0642318725585938 -0.0679740905761719 -0.30230712890625 0.64556884765625
0.130622863769531 -0.0485992431640625 -0.00844573974609374 0.066650390625
0.0838165283203125 -0.0797119140625 0.30303955078125 -0.61541748046875
0.00962066650390626 -0.0873565673828125 -0.26214599609375 -0.9100341796875
-0.0504074096679688 -0.0237884521484375 -0.781494140625 -0.2061767578125
-0.037322998046875 0.0240669250488281 -0.4488525390625 0.445037841796875
-0.00230979919433594 0.0126562118530273 0.01605224609375 0.465728759765625
0.00737380981445312 0.0146999359130859 0.30322265625 0.189788818359375
0.0136375427246094 -0.00117588043212891 0.3162841796875 -0.112030029296875
0.0193061828613281 -0.0182304382324219 -0.290496826171875 0.113250732421875
0.0148830413818359 0.00646305084228516 -0.259567260742188 -0.160598754882812
0.0164709091186523 -0.00504493713378906 0.0267333984375 -0.4412841796875
-0.0105991363525391 0.0123939514160156 0.502288818359375 -0.4085693359375
-0.0631523132324219 0.00251388549804687 0.7301025390625 0.25482177734375
-0.0466079711914063 -0.0761642456054688 0.28875732421875 0.84735107421875
0.047576904296875 -0.0600471496582031 -0.28302001953125 0.6717529296875
0.1136474609375 -0.0447540283203125 -0.0323410034179687 0.0920791625976562
0.0758743286132813 -0.0693893432617188 0.32000732421875 -0.5826416015625
0.01385498046875 -0.0785293579101563 -0.2093505859375 -0.92291259765625
-0.0376701354980469 -0.0248680114746094 -0.7716064453125 -0.25311279296875
-0.0259799957275391 0.0157356262207031 -0.479522705078125 0.423583984375
0.00581598281860352 0.00410795211791992 -0.00769042968750001 0.472930908203125
0.00972843170166016 0.00620365142822266 0.30035400390625 0.204742431640625
0.00900077819824219 -0.00216388702392578 0.325775146484375 -0.1011962890625
0.0135498046875 -0.0219287872314453 -0.2879638671875 0.118438720703125
0.015655517578125 -0.00349235534667969 -0.268524169921875 -0.152206420898437
0.0248146057128906 -0.0169410705566406 0.00326538085937503 -0.435272216796875
0.00829267501831055 0.0068058967590332 0.4744873046875 -0.429901123046875
-0.0445632934570313 0.00958251953124999 0.7386474609375 0.2127685546875
-0.0483932495117188 -0.0557212829589844 0.33270263671875 0.8304443359375
0.0292892456054688 -0.0424232482910156 -0.2579345703125 0.69232177734375
0.0892333984375 -0.0336837768554688 -0.0475387573242187 0.111518859863281
0.0602798461914063 -0.0506782531738281 0.34002685546875 -0.555755615234375
0.0185203552246094 -0.0598793029785156 -0.15887451171875 -0.932861328125
-0.0204334259033203 -0.020294189453125 -0.761962890625 -0.29754638671875
-0.0109043121337891 0.00656032562255859 -0.507476806640625 0.40460205078125
0.0162143707275391 -0.00505733489990234 -0.032928466796875 0.478668212890625
0.0124683380126953 -0.00251674652099609 0.29144287109375 0.217010498046875
0.00492525100708008 -0.00481081008911133 0.329803466796875 -0.09246826171875
0.00658607482910156 -0.0249443054199219 -0.291717529296875 0.120513916015625
0.0142421722412109 -0.0127391815185547 -0.278732299804688 -0.146316528320312
0.0328826904296875 -0.029693603515625 -0.016082763671875 -0.429656982421875
0.0273628234863281 -0.00160980224609375 0.45538330078125 -0.443756103515625
-0.0238494873046875 0.0178565979003906 0.7435302734375 0.182861328125
-0.0443534851074219 -0.030853271484375 0.36767578125 0.81195068359375
0.0117244720458984 -0.0185470581054688 -0.23895263671875 0.70220947265625
0.0580978393554688 -0.0190925598144531 -0.0531082153320313 0.1236572265625
0.0387496948242188 -0.0264472961425781 0.357940673828125 -0.537200927734375
0.0202674865722656 -0.0354118347167969 -0.12017822265625 -0.93927001953125
-0.000426292419433594 -0.00924015045166016 -0.75311279296875 -0.32867431640625
0.00761842727661133 -0.000163555145263672 -0.5272216796875 0.38848876953125
0.0267906188964844 -0.0136909484863281 -0.0556640625 0.47979736328125
0.0141439437866211 -0.0141162872314453 0.279876708984375 0.224319458007813
0.000118732452392579 -0.00870752334594727 0.32952880859375 -0.089630126953125
0.000215530395507815 -0.0268497467041016 -0.298492431640625 0.118927001953125
0.0123004913330078 -0.0207366943359375 -0.2901611328125 -0.146636962890625
0.0380821228027344 -0.0397224426269531 -0.029937744140625 -0.42822265625
0.0421600341796875 -0.0074920654296875 0.442047119140625 -0.44989013671875
-0.00559043884277343 0.024749755859375 0.74505615234375 0.16888427734375
-0.0374946594238281 -0.00849533081054688 0.3837890625 0.80255126953125
-0.00516271591186523 0.00707530975341797 -0.22247314453125 0.702880859375
0.0263767242431641 -0.000307083129882813 -0.0470199584960938 0.126045227050781
0.0172567367553711 -0.0007476806640625 0.373626708984375 -0.5302734375
0.0226383209228516 -0.00972938537597656 -0.0928955078124999 -0.94305419921875
0.01776123046875 0.00275039672851563 -0.74444580078125 -0.34307861328125
0.0245780944824219 -0.00323486328125 -0.538177490234375 0.37786865234375
0.036376953125 -0.02081298828125 -0.0687255859375 0.479278564453125
0.0145435333251953 -0.0236454010009766 0.2701416015625 0.226119995117187
-0.00466346740722656 -0.0117654800415039 0.325408935546875 -0.09161376953125
-0.00457763671875 -0.0300502777099609 -0.306884765625 0.1114501953125
0.00939178466796875 -0.029083251953125 -0.299560546875 -0.148895263671875
0.0415420532226563 -0.0472450256347656 -0.033660888671875 -0.429473876953125
0.0556831359863281 -0.0110206604003906 0.44256591796875 -0.4500732421875
0.0100917816162109 0.0305137634277344 0.7442626953125 0.16973876953125
-0.0298824310302734 0.0101165771484375 0.38555908203125 0.7984619140625
-0.0164241790771484 0.0317649841308594 -0.21429443359375 0.69091796875
-0.00102806091308594 0.016876220703125 -0.0304718017578125 0.1185302734375
-0.0030670166015625 0.0235824584960938 0.3834228515625 -0.535980224609375
0.0241298675537109 0.0144691467285156 -0.0927734374999999 -0.9453125
0.032958984375 0.0144863128662109 -0.74395751953125 -0.341064453125
0.0382156372070313 -0.00620269775390625 -0.5384521484375 0.38116455078125
0.0427970886230469 -0.0276527404785156 -0.071746826171875 0.476043701171875
0.014312744140625 -0.0314178466796875 0.260635375976563 0.2222900390625
-0.00824451446533203 -0.0157899856567383 0.317230224609375 -0.096832275390625
-0.00616455078125 -0.03228759765625 -0.318603515625 0.104461669921875
0.00792312622070312 -0.0335235595703125 -0.306640625 -0.15765380859375
0.0416450500488281 -0.04901123046875 -0.027008056640625 -0.43255615234375
0.0613517761230469 -0.0121078491210937 0.453765869140625 -0.442047119140625
0.0185813903808594 0.0354652404785156 0.7432861328125 0.19244384765625
-0.0240001678466797 0.0251579284667969 0.36810302734375 0.80426025390625
-0.0244789123535156 0.0510902404785156 -0.2125244140625 0.675048828125
-0.02117919921875 0.0315189361572266 -0.00634765625000001 0.10101318359375
-0.0144119262695313 0.0436668395996094 0.388702392578125 -0.5572509765625
0.0265102386474609 0.0318660736083984 -0.112548828125 -0.94647216796875
0.0435600280761719 0.0207595825195313 -0.7486572265625 -0.31732177734375
0.0430030822753906 -0.00748443603515625 -0.528228759765625 0.3890380859375
0.0434837341308594 -0.0297050476074219 -0.0643310546875 0.4691162109375
0.0126533508300781 -0.0362701416015625 0.255096435546875 0.213851928710938
-0.00952434539794922 -0.0173959732055664 0.307281494140625 -0.10626220703125
0.0279388427734375 -0.0159854888916016 -0.3074951171875 0.0966796875
0.0126743316650391 0.0178241729736328 -0.250534057617188 -0.182998657226562
0.00136089324951172 0.00992107391357422 0.076507568359375 -0.457244873046875
-0.0391807556152344 0.0195884704589844 0.558746337890625 -0.365966796875
-0.081573486328125 -0.0103073120117188 0.71160888671875 0.34771728515625
-0.0325698852539062 -0.0943527221679688 0.1949462890625 0.8822021484375
0.0741653442382813 -0.0648269653320313 -0.31488037109375 0.6202392578125
0.134002685546875 -0.0451736450195313 0.0193519592285156 0.0413818359375
0.0844650268554688 -0.0803985595703125 0.285400390625 -0.6453857421875
0.00710296630859376 -0.0871200561523438 -0.3128662109375 -0.896728515625
-0.0572166442871094 -0.0194091796875 -0.788818359375 -0.15869140625
-0.0425910949707031 0.0319252014160156 -0.42279052734375 0.463165283203125
-0.00849151611328125 0.0178260803222656 0.039215087890625 0.45977783203125
0.00551414489746094 0.0192394256591797 0.3065185546875 0.176544189453125
0.0158414840698242 -0.00171756744384766 0.31024169921875 -0.123321533203125
0.024749755859375 -0.0168056488037109 -0.29656982421875 0.1072998046875
0.0139751434326172 0.0136880874633789 -0.252410888671875 -0.171142578125
0.00781679153442383 0.00579309463500977 0.052978515625 -0.45068359375
-0.0276470184326172 0.0175876617431641 0.532867431640625 -0.386383056640625
-0.0763702392578125 -0.00598144531250002 0.720947265625 0.30511474609375
-0.0414047241210938 -0.0895919799804687 0.239501953125 0.87213134765625
0.0645065307617188 -0.0670585632324219 -0.30352783203125 0.6513671875
0.131080627441406 -0.04803466796875 -0.00891876220703124 0.0683326721191406
0.0826263427734375 -0.0800094604492188 0.3050537109375 -0.616455078125
0.010284423828125 -0.088470458984375 -0.263671875 -0.91357421875
-0.0511627197265625 -0.0248603820800781 -0.7830810546875 -0.2066650390625
-0.0375518798828125 0.024169921875 -0.452117919921875 0.445892333984375
-0.00368022918701172 0.0125970840454102 0.01611328125 0.467987060546875
0.00803947448730469 0.0151224136352539 0.30615234375 0.190093994140625
0.0135583877563477 -0.00131416320800781 0.318634033203125 -0.112579345703125
0.0202007293701172 -0.0179080963134766 -0.292022705078125 0.115386962890625
0.0154485702514648 0.00732421875 -0.26007080078125 -0.160797119140625
0.0162458419799805 -0.00560379028320312 0.02801513671875 -0.444488525390625
-0.0102252960205078 0.0131673812866211 0.5047607421875 -0.409515380859375
-0.0641250610351563 0.00209808349609376 0.73455810546875 0.25653076171875
-0.046630859375 -0.0756683349609375 0.28985595703125 0.85321044921875
0.0485343933105469 -0.0599708557128906 -0.28497314453125 0.67657470703125
0.114753723144531 -0.0445327758789063 -0.0335693359375 0.09210205078125
0.075164794921875 -0.0702438354492188 0.32330322265625 -0.58367919921875
0.01385498046875 -0.0786666870117188 -0.21026611328125 -0.92742919921875
-0.0387229919433594 -0.0252265930175781 -0.7750244140625 -0.25714111328125
-0.0264320373535156 0.0146903991699219 -0.481536865234375 0.42608642578125
0.00518608093261719 0.00316286087036133 -0.00927734375 0.475189208984375
0.00979232788085938 0.00726604461669922 0.301605224609375 0.2049560546875
0.0106077194213867 -0.00244903564453125 0.32733154296875 -0.10247802734375
0.013641357421875 -0.0202198028564453 -0.29022216796875 0.120635986328125
0.0151758193969727 -0.00302791595458984 -0.26947021484375 -0.151535034179688
0.0246086120605469 -0.0173988342285156 0.00387573242187504 -0.438079833984375
0.0085902214050293 0.00709772109985352 0.477020263671875 -0.43255615234375
-0.0462417602539062 0.00981521606445313 0.74395751953125 0.2138671875
-0.0482749938964844 -0.0552253723144531 0.3331298828125 0.8350830078125
0.0305747985839844 -0.0425224304199219 -0.26171875 0.69622802734375
0.0885162353515625 -0.0345535278320313 -0.0483551025390625 0.112014770507813
0.0600852966308594 -0.0509300231933594 0.342987060546875 -0.557281494140625
0.0176277160644531 -0.0608329772949219 -0.15716552734375 -0.93768310546875
-0.0212898254394531 -0.0201797485351563 -0.7645263671875 -0.2998046875
-0.0111503601074219 0.00684356689453125 -0.511474609375 0.4051513671875
0.0155315399169922 -0.00580215454101563 -0.0364990234375 0.479156494140625
0.0116910934448242 -0.00305557250976563 0.293487548828125 0.21771240234375
0.00555944442749023 -0.00583410263061523 0.331939697265625 -0.094146728515625
0.00542640686035156 -0.0247802734375 -0.292633056640625 0.121856689453125
0.0132246017456055 -0.0126399993896484 -0.280532836914063 -0.146392822265625
0.0324459075927734 -0.0294628143310547 -0.017333984375 -0.432861328125
0.0280036926269531 -0.00173187255859375 0.45703125 -0.445281982421875
-0.0242214202880859 0.0187301635742188 0.747802734375 0.18218994140625
-0.0450210571289063 -0.0315284729003906 0.36834716796875 0.81640625
0.0120105743408203 -0.0196723937988281 -0.24273681640625 0.70831298828125
0.0574188232421875 -0.0190773010253906 -0.0528030395507812 0.124977111816406
0.0393905639648437 -0.0265083312988281 0.359649658203125 -0.53936767578125
0.0203170776367188 -0.0364189147949219 -0.11981201171875 -0.94439697265625
-0.00117301940917969 -0.0107545852661133 -0.7562255859375 -0.33111572265625
0.00780773162841797 0.00064849853515625 -0.5308837890625 0.38983154296875
0.0262641906738281 -0.0143165588378906 -0.055511474609375 0.481109619140625
0.012242317199707 -0.014225959777832 0.282501220703125 0.224700927734375
0.00138759613037109 -0.00906562805175781 0.33233642578125 -0.091064453125
-9.53674316406261E-05 -0.0270118713378906 -0.299163818359375 0.11993408203125
0.0107059478759766 -0.0207672119140625 -0.291015625 -0.145233154296875
0.0363006591796875 -0.0400810241699219 -0.02960205078125 -0.430816650390625
0.0429153442382813 -0.00894546508789063 0.444183349609375 -0.453460693359375
-0.00516128540039063 0.0248241424560547 0.7491455078125 0.169189453125
-0.0381965637207031 -0.00868988037109374 0.38525390625 0.80596923828125
-0.00505208969116211 0.00793361663818359 -0.22589111328125 0.70623779296875
0.0266036987304688 -0.00168037414550781 -0.0475311279296875 0.127227783203125
0.0170469284057617 -0.00141429901123047 0.375823974609375 -0.531036376953125
0.0217361450195313 -0.0105304718017578 -0.0925903320312501 -0.95050048828125
0.0177974700927734 0.00194740295410156 -0.7467041015625 -0.34527587890625
0.0249252319335938 -0.00509452819824219 -0.541778564453125 0.380706787109375
0.035888671875 -0.0214424133300781 -0.06842041015625 0.48175048828125
0.0139598846435547 -0.0238265991210937 0.272598266601563 0.227462768554687
-0.0044097900390625 -0.0117101669311523 0.327423095703125 -0.092681884765625
-0.00469017028808594 -0.0300045013427734 -0.308990478515625 0.114837646484375
0.00901985168457031 -0.0288925170898438 -0.3013916015625 -0.1492919921875
0.0400581359863281 -0.0476493835449219 -0.03399658203125 -0.431915283203125
0.0544967651367188 -0.0114898681640625 0.44281005859375 -0.45159912109375
0.00986862182617187 0.0305709838867187 0.7498779296875 0.1722412109375
-0.0309314727783203 0.0111446380615234 0.38360595703125 0.80389404296875
-0.017364501953125 0.031524658203125 -0.2154541015625 0.69659423828125
-0.00130844116210937 0.0175609588623047 -0.030914306640625 0.119789123535156
-0.00205421447753906 0.0241661071777344 0.3861083984375 -0.53851318359375
0.0231761932373047 0.0143909454345703 -0.0925903320312499 -0.9505615234375
0.0330047607421875 0.0137119293212891 -0.747802734375 -0.3427734375
0.0377349853515625 -0.00670242309570312 -0.54107666015625 0.381500244140625
0.0421600341796875 -0.0281715393066406 -0.072723388671875 0.478424072265625
0.0133171081542969 -0.0316905975341797 0.262802124023438 0.222518920898438
-0.00697994232177734 -0.0159463882446289 0.319427490234375 -0.098419189453125
-0.00473594665527343 -0.0335884094238281 -0.31951904296875 0.106903076171875
0.00826454162597656 -0.0331382751464844 -0.3082275390625 -0.157135009765625
0.0412750244140625 -0.0492782592773438 -0.028900146484375 -0.435211181640625
0.0605888366699219 -0.0123214721679688 0.45330810546875 -0.445159912109375
0.0190925598144531 0.035675048828125 0.7469482421875 0.19415283203125
-0.0232315063476562 0.0246467590332031 0.3697509765625 0.8111572265625
-0.0232315063476562 0.0515365600585937 -0.2158203125 0.67694091796875
-0.0211906433105469 0.0310001373291016 -0.00655364990234376 0.10308837890625
-0.0158462524414063 0.0439491271972656 0.389404296875 -0.5606689453125
0.0259876251220703 0.0319633483886719 -0.11138916015625 -0.95086669921875
0.0438270568847656 0.0206832885742188 -0.752685546875 -0.32098388671875
0.0439643859863281 -0.00860214233398438 -0.52923583984375 0.39129638671875
0.0431594848632812 -0.0290374755859375 -0.064697265625 0.4718017578125
0.012359619140625 -0.0363197326660156 0.2568359375 0.214920043945313
-0.0101165771484375 -0.018890380859375 0.30859375 -0.107330322265625
0.0296459197998047 -0.0156135559082031 -0.309417724609375 0.098968505859375
0.0106143951416016 0.0186843872070313 -0.251434326171875 -0.182907104492188
-0.000820159912109376 0.0119237899780273 0.076171875 -0.460174560546875
-0.0387725830078125 0.019317626953125 0.561981201171875 -0.369232177734375
-0.0830764770507813 -0.00934600830078127 0.7144775390625 0.34918212890625
-0.03265380859375 -0.095184326171875 0.1956787109375 0.8890380859375
0.07391357421875 -0.0648345947265625 -0.317626953125 0.625244140625
0.134971618652344 -0.045928955078125 0.0195693969726563 0.0425071716308594
0.084259033203125 -0.0809173583984375 0.2889404296875 -0.6495361328125
0.00744628906250001 -0.087860107421875 -0.314697265625 -0.90087890625
-0.0564498901367188 -0.0211410522460937 -0.7938232421875 -0.16082763671875
-0.0435218811035156 0.0320701599121094 -0.4259033203125 0.46514892578125
-0.00818824768066406 0.0178146362304688 0.039794921875 0.461700439453125
0.00506019592285156 0.0191497802734375 0.31011962890625 0.177825927734375
0.0161752700805664 -0.00257492065429688 0.31268310546875 -0.124786376953125
0.0251026153564453 -0.0162868499755859 -0.298492431640625 0.109588623046875
0.0145463943481445 0.0140542984008789 -0.254669189453125 -0.170089721679688
0.00640058517456055 0.00492668151855469 0.05413818359375 -0.45184326171875
-0.029541015625 0.0177116394042969 0.536529541015625 -0.39129638671875
-0.076812744140625 -0.00325775146484374 0.7261962890625 0.30499267578125
-0.041839599609375 -0.0902252197265625 0.24127197265625 0.878173828125
0.0645637512207031 -0.0669097900390625 -0.3052978515625 0.6568603515625
0.132240295410156 -0.0483627319335937 -0.00935745239257811 0.0686607360839844
0.08294677734375 -0.08026123046875 0.3052978515625 -0.618896484375
0.0109024047851562 -0.0877914428710938 -0.26483154296875 -0.91961669921875
-0.0520782470703125 -0.024566650390625 -0.7880859375 -0.206787109375
-0.0377235412597656 0.0244369506835937 -0.453948974609375 0.450164794921875
-0.00294685363769531 0.0126228332519531 0.016998291015625 0.471160888671875
0.00746726989746094 0.0144195556640625 0.309112548828125 0.190765380859375
0.0132923126220703 -0.000390052795410156 0.32049560546875 -0.114532470703125
0.0204296112060547 -0.0182228088378906 -0.2939453125 0.116943359375
0.0143213272094727 0.00686931610107422 -0.262115478515625 -0.160049438476562
0.0154752731323242 -0.00563812255859375 0.027557373046875 -0.446624755859375
-0.0106945037841797 0.0130348205566406 0.50775146484375 -0.41436767578125
-0.0637245178222656 0.00240325927734375 0.7391357421875 0.258056640625
-0.0468902587890625 -0.0753860473632813 0.29290771484375 0.85791015625
0.0488128662109375 -0.0593719482421875 -0.28717041015625 0.68267822265625
0.115196228027344 -0.0447235107421875 -0.0339736938476562 0.0941619873046875
0.0751876831054688 -0.0707473754882813 0.32403564453125 -0.58758544921875
0.0137557983398438 -0.0805282592773437 -0.21087646484375 -0.93304443359375
-0.0386009216308594 -0.026031494140625 -0.77996826171875 -0.256103515625
-0.0263214111328125 0.0156421661376953 -0.484588623046875 0.42816162109375
0.00364303588867188 0.00209689140319824 -0.00921630859375 0.4798583984375
0.00959873199462891 0.00711345672607422 0.304901123046875 0.20733642578125
0.0120878219604492 -0.00231361389160156 0.329620361328125 -0.104034423828125
0.0132617950439453 -0.0212554931640625 -0.292266845703125 0.122467041015625
0.014552116394043 -0.00246334075927734 -0.271011352539063 -0.151382446289063
0.0238590240478516 -0.0167675018310547 0.00286865234374999 -0.44012451171875
0.00729799270629883 0.00615358352661133 0.480072021484375 -0.435699462890625
-0.0452537536621094 0.010894775390625 0.7476806640625 0.21417236328125
-0.0488777160644531 -0.0549659729003906 0.33624267578125 0.84149169921875
0.0303726196289063 -0.0411911010742188 -0.26397705078125 0.70074462890625
0.0893325805664063 -0.0351791381835938 -0.0496978759765625 0.113967895507813
0.0604362487792969 -0.0511283874511719 0.344635009765625 -0.559906005859375
0.0178260803222656 -0.0624313354492188 -0.1585693359375 -0.943359375
-0.0213241577148438 -0.0207633972167969 -0.7701416015625 -0.3006591796875
-0.0108022689819336 0.0066986083984375 -0.513092041015625 0.407867431640625
0.0151300430297852 -0.00525379180908203 -0.035552978515625 0.483428955078125
0.0122947692871094 -0.00338363647460938 0.294891357421875 0.21746826171875
0.00651121139526367 -0.00494718551635742 0.33233642578125 -0.09619140625
0.00695991516113281 -0.0239295959472656 -0.29510498046875 0.12371826171875
0.0130033493041992 -0.0121889114379883 -0.282012939453125 -0.14678955078125
0.0313072204589844 -0.0302886962890625 -0.017333984375 -0.43603515625
0.025665283203125 -0.00220870971679688 0.4599609375 -0.448883056640625
-0.0253238677978516 0.0191535949707031 0.75286865234375 0.18304443359375
-0.0446243286132813 -0.0313644409179687 0.3690185546875 0.82293701171875
0.0114517211914063 -0.0184974670410156 -0.242431640625 0.71246337890625
0.0574569702148438 -0.0196685791015625 -0.0545578002929687 0.124710083007812
0.0404396057128906 -0.0278816223144531 0.362335205078125 -0.54229736328125
0.0208702087402344 -0.037689208984375 -0.12109375 -0.9522705078125
-0.0012054443359375 -0.012019157409668 -0.7587890625 -0.333984375
0.00839614868164063 -0.000168323516845703 -0.533111572265625 0.39154052734375
0.0262298583984375 -0.01416015625 -0.05682373046875 0.485260009765625
0.0124063491821289 -0.014491081237793 0.28521728515625 0.22723388671875
0.00124883651733398 -0.0085597038269043 0.3343505859375 -0.093353271484375
-0.000165939331054687 -0.0276203155517578 -0.30023193359375 0.122467041015625
0.0114593505859375 -0.0211677551269531 -0.29400634765625 -0.144866943359375
0.0361824035644531 -0.041839599609375 -0.029449462890625 -0.4334716796875
0.0433006286621094 -0.00843048095703125 0.447723388671875 -0.457794189453125
-0.00444984436035156 0.0257778167724609 0.75341796875 0.169677734375
-0.0376434326171875 -0.00927352905273438 0.38616943359375 0.81134033203125
-0.00495100021362305 0.00845623016357422 -0.22637939453125 0.71160888671875
0.0246658325195313 -0.00132369995117188 -0.0484466552734375 0.127639770507813
0.0168685913085938 -0.000928878784179688 0.377410888671875 -0.53302001953125
0.0211868286132813 -0.010223388671875 -0.0939941406249999 -0.95611572265625
0.0182704925537109 0.00173377990722656 -0.75054931640625 -0.347900390625
0.0257949829101563 -0.00451469421386719 -0.544647216796875 0.384857177734375
0.0358047485351562 -0.0219841003417969 -0.070648193359375 0.483062744140625
0.0135250091552734 -0.0237827301025391 0.275665283203125 0.226959228515625
-0.00505447387695312 -0.0128774642944336 0.327972412109375 -0.09442138671875
-0.00503730773925782 -0.0308475494384766 -0.31134033203125 0.11602783203125
0.00918006896972656 -0.0284442901611328 -0.3037109375 -0.148834228515625
0.0400199890136719 -0.0480232238769531 -0.03411865234375 -0.434051513671875
0.0551643371582031 -0.0124359130859375 0.44464111328125 -0.4556884765625
0.0108451843261719 0.0315799713134766 0.754638671875 0.171875
-0.0306301116943359 0.0107746124267578 0.388427734375 0.810302734375
-0.0155010223388672 0.0311393737792969 -0.217529296875 0.70166015625
-0.00201892852783203 0.0160751342773438 -0.031768798828125 0.120330810546875
-0.003021240234375 0.023162841796875 0.388427734375 -0.5418701171875
0.0235652923583984 0.0136318206787109 -0.09466552734375 -0.9534912109375
0.0337734222412109 0.0123519897460938 -0.75103759765625 -0.3446044921875
0.0372314453125 -0.00807952880859375 -0.5423583984375 0.3839111328125
0.0415382385253906 -0.0273284912109375 -0.0738525390625 0.4813232421875
0.0133075714111328 -0.0314559936523438 0.265457153320312 0.223297119140625
-0.00666427612304688 -0.015955924987793 0.321075439453125 -0.099029541015625
-0.00650215148925781 -0.0319652557373047 -0.32147216796875 0.108428955078125
0.00798797607421875 -0.0332489013671875 -0.310882568359375 -0.15576171875
0.0413627624511719 -0.0500259399414063 -0.029266357421875 -0.440521240234375
0.061187744140625 -0.012939453125 0.457550048828125 -0.44879150390625
0.0198211669921875 0.0369491577148438 0.7528076171875 0.19476318359375
-0.0249214172363281 0.0268611907958984 0.37054443359375 0.81597900390625
-0.0240898132324219 0.0516395568847656 -0.2178955078125 0.68377685546875
-0.0233974456787109 0.0307178497314453 -0.00720977783203124 0.103469848632813
-0.0142021179199219 0.0425682067871094 0.39227294921875 -0.563232421875
0.0266265869140625 0.0309638977050781 -0.11297607421875 -0.95648193359375
0.0426750183105469 0.0205726623535156 -0.755859375 -0.322021484375
0.0443954467773438 -0.0082550048828125 -0.5340576171875 0.39337158203125
0.0436019897460938 -0.0299263000488281 -0.0671691894531249 0.475860595703125
0.0132637023925781 -0.037109375 0.259628295898438 0.214675903320312
-0.00857353210449219 -0.0187892913818359 0.310546875 -0.109832763671875
0.0308437347412109 -0.0167789459228516 -0.3101806640625 0.100494384765625
0.0127983093261719 0.0195903778076172 -0.253799438476563 -0.1827392578125
-0.000104904174804687 0.010890007019043 0.07440185546875 -0.465118408203125
-0.0394783020019531 0.0197257995605469 0.56414794921875 -0.3756103515625
-0.0834732055664063 -0.00952148437499999 0.7218017578125 0.349609375
-0.0325164794921875 -0.0949935913085938 0.19793701171875 0.89581298828125
0.0752639770507813 -0.0647048950195313 -0.3192138671875 0.63092041015625
0.134742736816406 -0.04644775390625 0.0186653137207031 0.0435791015625
0.0842819213867188 -0.0820159912109375 0.29150390625 -0.65283203125
0.00706481933593751 -0.0872802734375 -0.3197021484375 -0.90966796875
-0.0582504272460938 -0.0200157165527344 -0.80059814453125 -0.1590576171875
-0.0431404113769531 0.0317955017089844 -0.42626953125 0.468414306640625
-0.00847244262695312 0.0173749923706055 0.0423583984375 0.46356201171875
0.00556182861328125 0.0195636749267578 0.312652587890625 0.1763916015625
0.0166654586791992 -0.000937461853027344 0.31365966796875 -0.12701416015625
0.0243320465087891 -0.0168285369873047 -0.299896240234375 0.111907958984375
0.0142421722412109 0.0147972106933594 -0.256515502929688 -0.170333862304688
0.0062570571899414 0.00569486618041992 0.053192138671875 -0.45709228515625
-0.0289897918701172 0.0175952911376953 0.537750244140625 -0.396942138671875
-0.0770263671875 -0.00382995605468749 0.7330322265625 0.30633544921875
-0.0412673950195313 -0.090484619140625 0.2442626953125 0.8848876953125
0.0649833679199219 -0.0676040649414062 -0.3070068359375 0.66302490234375
0.131423950195313 -0.0493698120117188 -0.00917816162109374 0.0695266723632813
0.0836563110351563 -0.0820465087890625 0.30657958984375 -0.62640380859375
0.00934600830078126 -0.0890731811523438 -0.268798828125 -0.92608642578125
-0.0518913269042969 -0.024871826171875 -0.794189453125 -0.209228515625
-0.0379791259765625 0.0242042541503906 -0.45697021484375 0.452392578125
-0.00331783294677734 0.012908935546875 0.0179443359375 0.473968505859375
0.00670146942138672 0.0149469375610352 0.311767578125 0.189788818359375
0.0137109756469727 -0.00179004669189453 0.32257080078125 -0.1163330078125
0.0201988220214844 -0.0184497833251953 -0.296905517578125 0.121246337890625
0.0153226852416992 0.00811672210693359 -0.263641357421875 -0.159408569335938
0.0141830444335937 -0.00580692291259766 0.026580810546875 -0.450897216796875
-0.0109138488769531 0.0121564865112305 0.50933837890625 -0.42071533203125
-0.0647697448730469 0.00414276123046876 0.7452392578125 0.2591552734375
-0.0478897094726562 -0.0757904052734375 0.294189453125 0.864013671875
0.0488395690917969 -0.06048583984375 -0.287109375 0.68756103515625
0.114601135253906 -0.0455169677734375 -0.0343170166015625 0.0941390991210938
0.0747451782226563 -0.0723342895507813 0.325927734375 -0.591064453125
0.0117263793945313 -0.0806732177734375 -0.21539306640625 -0.93896484375
-0.0399436950683594 -0.025238037109375 -0.78668212890625 -0.257568359375
-0.0264091491699219 0.015167236328125 -0.486846923828125 0.43231201171875
0.00362014770507812 0.00498056411743164 -0.00915527343749998 0.481658935546875
0.00922775268554687 0.00753116607666016 0.3074951171875 0.20452880859375
0.0106496810913086 -0.00240421295166016 0.332061767578125 -0.10565185546875
0.0113277435302734 -0.0199165344238281 -0.292816162109375 0.125701904296875
0.0150623321533203 -0.00192546844482422 -0.274826049804688 -0.14984130859375
0.0228843688964844 -0.0186443328857422 0.00283813476562499 -0.442718505859375
0.00741481781005859 0.00572395324707031 0.481842041015625 -0.44110107421875
-0.0454063415527344 0.01123046875 0.75396728515625 0.213623046875
-0.0496330261230469 -0.05438232421875 0.34100341796875 0.8470458984375
0.0307464599609375 -0.0421485900878906 -0.263671875 0.708984375
0.0903091430664062 -0.03436279296875 -0.051300048828125 0.114669799804688
0.0595779418945313 -0.0530319213867188 0.3460693359375 -0.5643310546875
0.0154495239257813 -0.0617637634277344 -0.16162109375 -0.9473876953125
-0.0207386016845703 -0.0208377838134766 -0.77471923828125 -0.30377197265625
-0.0114660263061523 0.00664901733398438 -0.51580810546875 0.413543701171875
0.0147733688354492 -0.00512790679931641 -0.034393310546875 0.48626708984375
0.0111942291259766 -0.00303077697753906 0.298126220703125 0.218292236328125
0.00578546524047852 -0.00491142272949219 0.3350830078125 -0.09912109375
0.00573921203613281 -0.0241012573242188 -0.295928955078125 0.125885009765625
0.0131721496582031 -0.0112848281860352 -0.28631591796875 -0.147064208984375
0.030548095703125 -0.0297470092773438 -0.015533447265625 -0.438568115234375
0.0266799926757813 -0.00237464904785156 0.46099853515625 -0.454132080078125
-0.0243415832519531 0.0200538635253906 0.7593994140625 0.18170166015625
-0.0457878112792969 -0.0310516357421875 0.3729248046875 0.82879638671875
0.0119476318359375 -0.0185070037841797 -0.2445068359375 0.72027587890625
0.0589523315429688 -0.0199813842773438 -0.05535888671875 0.128669738769531
0.0396232604980469 -0.0278854370117188 0.363555908203125 -0.54547119140625
0.0202064514160156 -0.0377197265625 -0.12384033203125 -0.95703125
-0.00130176544189453 -0.0102624893188477 -0.76513671875 -0.33526611328125
0.0078883171081543 -5.48362731933594E-05 -0.535430908203125 0.39617919921875
0.0267410278320312 -0.0154266357421875 -0.055419921875 0.489105224609375
0.0128459930419922 -0.0154485702514648 0.288055419921875 0.22650146484375
0.00100517272949219 -0.00928115844726563 0.33587646484375 -0.094451904296875
-0.00102043151855469 -0.0269737243652344 -0.302703857421875 0.125152587890625
0.0112552642822266 -0.0197563171386719 -0.295928955078125 -0.144195556640625
0.0351219177246094 -0.0413131713867188 -0.0308837890625 -0.436126708984375
0.0434341430664063 -0.00814437866210938 0.447967529296875 -0.461578369140625
-0.00463485717773438 0.0262928009033203 0.761474609375 0.16900634765625
-0.0371208190917969 -0.009033203125 0.3900146484375 0.8184814453125
-0.00415134429931641 0.00801515579223633 -0.228271484375 0.71795654296875
0.02587890625 -0.00225639343261719 -0.0495986938476562 0.129379272460938
0.0155315399169922 -0.00152301788330078 0.379302978515625 -0.539703369140625
0.0214767456054688 -0.013214111328125 -0.0940551757812499 -0.9625244140625
0.0183162689208984 0.00123214721679688 -0.75787353515625 -0.35015869140625
0.0253276824951172 -0.00469017028808594 -0.546844482421875 0.3868408203125
0.0361442565917969 -0.0221328735351563 -0.067138671875 0.488189697265625
0.0140018463134766 -0.02423095703125 0.278350830078125 0.228195190429687
-0.00446701049804687 -0.0132761001586914 0.330413818359375 -0.096160888671875
-0.00509071350097657 -0.0317420959472656 -0.312744140625 0.118927001953125
0.00817108154296875 -0.0277843475341797 -0.306640625 -0.147613525390625
0.038726806640625 -0.0480613708496094 -0.034912109375 -0.437286376953125
0.0536041259765625 -0.0125045776367188 0.44793701171875 -0.461212158203125
0.0105419158935547 0.0317897796630859 0.7603759765625 0.17218017578125
-0.0312957763671875 0.0118255615234375 0.39239501953125 0.81573486328125
-0.0163993835449219 0.0339717864990234 -0.21844482421875 0.70654296875
-0.00307750701904297 0.0154361724853516 -0.0306625366210937 0.12347412109375
-0.00333213806152344 0.0235424041748047 0.390167236328125 -0.546417236328125
0.0235481262207031 0.0130767822265625 -0.0978393554687499 -0.9609375
0.0337848663330078 0.012939453125 -0.7578125 -0.34588623046875
0.037567138671875 -0.00646209716796875 -0.54638671875 0.388214111328125
0.0413284301757813 -0.027191162109375 -0.072509765625 0.4837646484375
0.0142822265625 -0.0336704254150391 0.267608642578125 0.22430419921875
-0.00829601287841797 -0.0162582397460938 0.322479248046875 -0.10174560546875
-0.00719642639160156 -0.0319194793701172 -0.324310302734375 0.110443115234375
0.00678253173828125 -0.03253173828125 -0.3143310546875 -0.15545654296875
0.0411911010742188 -0.0509109497070313 -0.030670166015625 -0.441741943359375
0.0615158081054688 -0.0131607055664063 0.45947265625 -0.454681396484375
0.0200233459472656 0.0378303527832031 0.7584228515625 0.1934814453125
-0.0247840881347656 0.0271377563476563 0.37548828125 0.82391357421875
-0.0243949890136719 0.0526771545410156 -0.21746826171875 0.6903076171875
-0.0233001708984375 0.0313453674316406 -0.00730133056640625 0.105026245117188
-0.0155830383300781 0.0431747436523438 0.3955078125 -0.56719970703125
0.0256214141845703 0.0297832489013672 -0.11480712890625 -0.9642333984375
0.0421371459960937 0.0216026306152344 -0.7603759765625 -0.32257080078125
0.0444488525390625 -0.00829315185546875 -0.536529541015625 0.3973388671875
0.0430107116699219 -0.0296592712402344 -0.064208984375 0.47882080078125
0.0115890502929687 -0.0369415283203125 0.263427734375 0.215179443359375
-0.0100917816162109 -0.0186138153076172 0.311614990234375 -0.11114501953125
0.0296745300292969 -0.0159740447998047 -0.31396484375 0.105072021484375
0.0119342803955078 0.0199928283691406 -0.2569580078125 -0.181350708007813
-0.00135898590087891 0.0118799209594727 0.07427978515625 -0.468475341796875
-0.0406455993652344 0.0203361511230469 0.5660400390625 -0.38128662109375
-0.0842437744140625 -0.00788879394531251 0.730224609375 0.348388671875
-0.0335845947265625 -0.0945816040039063 0.205078125 0.9024658203125
0.076080322265625 -0.066162109375 -0.3179931640625 0.6387939453125
0.135734558105469 -0.0476226806640625 0.0190811157226563 0.0453605651855469
0.08319091796875 -0.0830078125 0.2901611328125 -0.65997314453125
0.0059051513671875 -0.0897979736328125 -0.327392578125 -0.9140625
-0.0582618713378906 -0.0201835632324219 -0.80718994140625 -0.15765380859375
-0.0435409545898438 0.0316123962402344 -0.429473876953125 0.475311279296875
-0.00854301452636719 0.0192737579345703 0.042999267578125 0.469390869140625
0.00555038452148438 0.0194358825683594 0.316619873046875 0.1754150390625
0.0166749954223633 -0.00269126892089844 0.3165283203125 -0.12939453125
0.0256824493408203 -0.0161819458007813 -0.30194091796875 0.115447998046875
0.0137948989868164 0.0156536102294922 -0.260101318359375 -0.16851806640625
0.00545167922973633 0.00571298599243164 0.050537109375 -0.46075439453125
-0.029022216796875 0.0172023773193359 0.53924560546875 -0.403656005859375
-0.0780258178710938 -0.00372314453125 0.7413330078125 0.30438232421875
-0.0417861938476563 -0.090484619140625 0.250732421875 0.89080810546875
0.0664634704589844 -0.0679244995117188 -0.30657958984375 0.67022705078125
0.131439208984375 -0.0498886108398438 -0.0103607177734375 0.0711593627929688
0.083404541015625 -0.0829696655273438 0.30743408203125 -0.62939453125
0.0081329345703125 -0.0911102294921875 -0.27532958984375 -0.93115234375
-0.0527992248535156 -0.0252609252929687 -0.80078125 -0.2060546875
-0.0371284484863281 0.0248298645019531 -0.45855712890625 0.45782470703125
-0.00322246551513672 0.0139341354370117 0.01885986328125 0.476898193359375
0.00679492950439453 0.0143699645996094 0.315032958984375 0.189361572265625
0.0148067474365234 -0.00167369842529297 0.32275390625 -0.1204833984375
0.0206012725830078 -0.0186042785644531 -0.297454833984375 0.12359619140625
0.0153160095214844 0.00992107391357422 -0.267318725585938 -0.157928466796875
0.0146121978759766 -0.00489997863769531 0.024200439453125 -0.455230712890625
-0.012939453125 0.0121898651123047 0.50982666015625 -0.429443359375
-0.0644264221191406 0.00427627563476562 0.75201416015625 0.25604248046875
-0.0477523803710938 -0.0754776000976563 0.2991943359375 0.87103271484375
0.0494384765625 -0.0597457885742188 -0.28717041015625 0.69586181640625
0.116134643554688 -0.04638671875 -0.0349044799804687 0.0958328247070313
0.0735855102539063 -0.0719680786132812 0.324951171875 -0.5970458984375
0.0114669799804688 -0.0817108154296875 -0.21923828125 -0.94500732421875
-0.0398521423339844 -0.0251541137695312 -0.79327392578125 -0.257080078125
-0.0272769927978516 0.0158100128173828 -0.48968505859375 0.437652587890625
0.00392007827758789 0.00465917587280273 -0.00701904296874996 0.485565185546875
0.00992298126220703 0.00722217559814453 0.3106689453125 0.2052001953125
0.0113706588745117 -0.00251293182373047 0.333038330078125 -0.108856201171875
0.0136756896972656 -0.0202102661132813 -0.295928955078125 0.128662109375
0.0152587890625 -0.00177478790283203 -0.276809692382813 -0.150054931640625
0.0229473114013672 -0.0174827575683594 0.000762939453124954 -0.44793701171875
0.00751733779907227 0.00520563125610352 0.4827880859375 -0.450347900390625
-0.0459938049316406 0.0122909545898437 0.76153564453125 0.21240234375
-0.0492324829101562 -0.0553474426269531 0.34649658203125 0.853515625
0.0306739807128906 -0.0425186157226563 -0.26458740234375 0.71636962890625
0.0888595581054688 -0.03662109375 -0.0510406494140625 0.116622924804688
0.0596351623535156 -0.0538139343261719 0.34429931640625 -0.56939697265625
0.0158729553222656 -0.06329345703125 -0.16754150390625 -0.9549560546875
-0.0214900970458984 -0.0206985473632813 -0.78131103515625 -0.30181884765625
-0.0109052658081055 0.00678730010986328 -0.51824951171875 0.41680908203125
0.0138692855834961 -0.00515460968017578 -0.03302001953125 0.4901123046875
0.0111770629882813 -0.00346279144287109 0.3038330078125 0.217376708984375
0.00590276718139648 -0.00569581985473633 0.336761474609375 -0.100494384765625
0.00605392456054687 -0.0240440368652344 -0.29840087890625 0.129669189453125
0.0123424530029297 -0.0113706588745117 -0.28814697265625 -0.144012451171875
0.0300960540771484 -0.0311203002929687 -0.019805908203125 -0.44281005859375
0.026519775390625 -0.00210380554199219 0.462615966796875 -0.46160888671875
-0.0246906280517578 0.0196762084960938 0.76702880859375 0.1796875
-0.0454444885253906 -0.0306472778320312 0.3814697265625 0.833984375
0.0120162963867188 -0.0184650421142578 -0.24273681640625 0.72674560546875
0.0573997497558594 -0.0201187133789063 -0.055999755859375 0.12872314453125
0.03814697265625 -0.0284996032714844 0.362335205078125 -0.551727294921875
0.019500732421875 -0.0384407043457031 -0.1282958984375 -0.96331787109375
-0.000987052917480468 -0.0106620788574219 -0.773193359375 -0.3353271484375
0.00832366943359375 -0.000146865844726563 -0.539520263671875 0.4007568359375
0.0259304046630859 -0.0140933990478516 -0.0546875 0.49267578125
0.0131025314331055 -0.0152015686035156 0.29205322265625 0.2257080078125
0.000320434570312499 -0.00901126861572265 0.338165283203125 -0.0980224609375
0.000284194946289065 -0.0268039703369141 -0.30523681640625 0.128662109375
0.0107822418212891 -0.0200233459472656 -0.298980712890625 -0.142791748046875
0.0358734130859375 -0.0423126220703125 -0.03350830078125 -0.440277099609375
0.0428962707519531 -0.00965118408203125 0.448394775390625 -0.469268798828125
-0.0049896240234375 0.0262203216552734 0.76788330078125 0.1656494140625
-0.0393905639648438 -0.00660324096679688 0.3961181640625 0.8250732421875
-0.00411224365234375 0.00914192199707031 -0.226318359375 0.72625732421875
0.0249195098876953 -0.00171089172363281 -0.0495834350585937 0.13134765625
0.0153417587280273 -0.00142192840576172 0.3787841796875 -0.542724609375
0.0214672088623047 -0.0108375549316406 -0.10028076171875 -0.96759033203125
0.0183143615722656 0.00131607055664063 -0.765380859375 -0.34906005859375
0.0258083343505859 -0.005157470703125 -0.5491943359375 0.39208984375
0.0354423522949219 -0.0228157043457031 -0.067291259765625 0.49176025390625
0.0135326385498047 -0.0247955322265625 0.281768798828125 0.227386474609375
-0.00400257110595703 -0.0135002136230469 0.332672119140625 -0.09918212890625
-0.00426101684570313 -0.030029296875 -0.314300537109375 0.122711181640625
0.00788307189941406 -0.0275344848632812 -0.3101806640625 -0.145355224609375
0.037689208984375 -0.0489921569824219 -0.03790283203125 -0.4403076171875
0.0543785095214844 -0.0137748718261719 0.447418212890625 -0.467926025390625
0.0109844207763672 0.0324020385742188 0.76806640625 0.1693115234375
-0.0294857025146484 0.0124931335449219 0.39630126953125 0.82098388671875
-0.0155544281005859 0.0341148376464844 -0.2174072265625 0.71514892578125
-0.00243186950683594 0.0158262252807617 -0.0329437255859375 0.122322082519531
-0.00316810607910156 0.0225772857666016 0.3909912109375 -0.55194091796875
0.02325439453125 0.0128135681152344 -0.10028076171875 -0.96893310546875
0.0342788696289063 0.0123939514160156 -0.763916015625 -0.34490966796875
0.0379638671875 -0.00757980346679688 -0.54901123046875 0.39398193359375
0.0422096252441406 -0.0272064208984375 -0.07086181640625 0.488037109375
0.0136127471923828 -0.0326480865478516 0.273223876953125 0.22467041015625
-0.00762271881103516 -0.0168428421020508 0.32464599609375 -0.104400634765625
-0.00632286071777344 -0.0314083099365234 -0.325897216796875 0.1143798828125
0.00611305236816406 -0.0325088500976563 -0.316680908203125 -0.15374755859375
0.0403022766113281 -0.0513572692871094 -0.03326416015625 -0.445648193359375
0.0614471435546875 -0.0146942138671875 0.46063232421875 -0.460968017578125
0.0197334289550781 0.0377120971679688 0.76751708984375 0.19012451171875
-0.0239429473876953 0.0275115966796875 0.381591796875 0.8294677734375
-0.0246047973632812 0.0541305541992187 -0.21710205078125 0.69744873046875
-0.0234375 0.0312652587890625 -0.00746917724609375 0.106559753417969
-0.0152473449707031 0.0425186157226563 0.39532470703125 -0.5728759765625
0.0270938873291016 0.0315151214599609 -0.1204833984375 -0.970703125
0.0440483093261719 0.02081298828125 -0.7674560546875 -0.32330322265625
0.0450973510742188 -0.00844192504882813 -0.537200927734375 0.402069091796875
0.0430221557617188 -0.0302848815917969 -0.0631713867187501 0.48333740234375
0.01220703125 -0.0376091003417969 0.266265869140625 0.214706420898437
-0.00982284545898437 -0.0192928314208984 0.313720703125 -0.114227294921875
0.030426025390625 -0.0153179168701172 -0.316497802734375 0.1094970703125
0.0131416320800781 0.0205097198486328 -0.259796142578125 -0.179733276367188
-0.00225162506103516 0.0132913589477539 0.071685791015625 -0.473236083984375
-0.0416488647460938 0.0200767517089844 0.569580078125 -0.387451171875
-0.08380126953125 -0.00701141357421876 0.7386474609375 0.3465576171875
-0.0338821411132813 -0.0948410034179688 0.21209716796875 0.90826416015625
0.076080322265625 -0.0664443969726563 -0.31640625 0.64642333984375
0.135490417480469 -0.0484466552734375 0.0192604064941406 0.0449676513671875
0.0835952758789063 -0.0843429565429688 0.2886962890625 -0.66400146484375
0.00440216064453124 -0.0904464721679688 -0.33404541015625 -0.92230224609375
-0.0591926574707031 -0.0201263427734375 -0.81585693359375 -0.15545654296875
-0.0435523986816406 0.0330963134765625 -0.428558349609375 0.48187255859375
-0.00890350341796875 0.0192394256591797 0.046142578125 0.472442626953125
0.00500106811523437 0.0197792053222656 0.322235107421875 0.175445556640625
0.0166616439819336 -0.00217914581298828 0.3173828125 -0.13299560546875
0.0260543823242188 -0.0163993835449219 -0.303955078125 0.120208740234375
0.01458740234375 0.0152711868286133 -0.262420654296875 -0.167861938476563
0.00407505035400391 0.00539493560791016 0.049102783203125 -0.46502685546875
-0.0287628173828125 0.0180416107177734 0.540802001953125 -0.4095458984375
-0.0790786743164063 -0.00283813476562499 0.7498779296875 0.302734375
-0.041778564453125 -0.090362548828125 0.25628662109375 0.89801025390625
0.0672683715820313 -0.0693740844726563 -0.30419921875 0.677978515625
0.133430480957031 -0.0512771606445312 -0.00954437255859374 0.0714340209960938
0.0826644897460938 -0.0842514038085938 0.306396484375 -0.63519287109375
0.007110595703125 -0.091522216796875 -0.2841796875 -0.93988037109375
-0.0529212951660156 -0.0247917175292969 -0.80908203125 -0.20538330078125
-0.0384254455566406 0.025146484375 -0.460052490234375 0.4644775390625
-0.00502681732177734 0.0138463973999023 0.021087646484375 0.480224609375
0.00819206237792969 0.0145683288574219 0.320709228515625 0.18719482421875
0.0142812728881836 -0.00162792205810547 0.325164794921875 -0.123138427734375
0.0213451385498047 -0.0177764892578125 -0.299102783203125 0.1278076171875
0.0152349472045898 0.00893497467041016 -0.270294189453125 -0.156707763671875
0.0138044357299805 -0.00526809692382813 0.0224609375 -0.45989990234375
-0.0126237869262695 0.0109262466430664 0.5120849609375 -0.434783935546875
-0.0647926330566406 0.00461578369140624 0.76043701171875 0.253173828125
-0.0480728149414063 -0.0755691528320312 0.30889892578125 0.8765869140625
0.0509033203125 -0.0608482360839844 -0.286865234375 0.70281982421875
0.115577697753906 -0.0474929809570313 -0.0342864990234375 0.0985336303710938
0.0748062133789063 -0.0740890502929688 0.32513427734375 -0.60235595703125
0.0116806030273437 -0.082427978515625 -0.22772216796875 -0.9515380859375
-0.04052734375 -0.0250968933105469 -0.79986572265625 -0.25482177734375
-0.0276527404785156 0.0153369903564453 -0.490936279296875 0.44329833984375
0.00321817398071289 0.00534963607788086 -0.00445556640624996 0.489593505859375
0.00989151000976562 0.00702667236328125 0.316986083984375 0.20269775390625
0.0110254287719727 -0.00281906127929688 0.334625244140625 -0.112884521484375
0.0143280029296875 -0.0205574035644531 -0.2969970703125 0.13287353515625
0.0145273208618164 -0.000980377197265625 -0.279678344726563 -0.147628784179687
0.0227928161621094 -0.0179481506347656 -0.00305175781250005 -0.45208740234375
0.00662755966186523 0.00498485565185547 0.4847412109375 -0.45489501953125
-0.0457534790039063 0.0123786926269531 0.76861572265625 0.20806884765625
-0.0487174987792969 -0.0538406372070313 0.35498046875 0.857177734375
0.0310020446777344 -0.0424346923828125 -0.26470947265625 0.72442626953125
0.0899734497070312 -0.0365676879882812 -0.0508804321289062 0.118423461914063
0.0590171813964844 -0.0545921325683594 0.34521484375 -0.5753173828125
0.0148048400878906 -0.0643844604492188 -0.17303466796875 -0.9630126953125
-0.0226554870605469 -0.0215530395507812 -0.7886962890625 -0.30145263671875
-0.0105667114257813 0.00660324096679688 -0.52105712890625 0.424652099609375
0.0144577026367187 -0.00542449951171875 -0.030242919921875 0.494720458984375
0.0113086700439453 -0.00353336334228516 0.306976318359375 0.21771240234375
0.00571966171264648 -0.00558614730834961 0.33917236328125 -0.104827880859375
0.00649833679199219 -0.0242652893066406 -0.30035400390625 0.135162353515625
0.0125846862792969 -0.0111045837402344 -0.2913818359375 -0.1427001953125
0.0305423736572266 -0.0306587219238281 -0.0220947265625 -0.4461669921875
0.0266017913818359 -0.00286102294921875 0.464080810546875 -0.46875
-0.0248966217041016 0.0207080841064453 0.77337646484375 0.175048828125
-0.0453948974609375 -0.0294265747070312 0.38897705078125 0.84002685546875
0.012812614440918 -0.0164737701416016 -0.24072265625 0.7353515625
0.0575790405273437 -0.0219039916992187 -0.055572509765625 0.130287170410156
0.0383110046386719 -0.0291252136230469 0.363922119140625 -0.556640625
0.0189857482910156 -0.0394706726074219 -0.1336669921875 -0.96942138671875
-0.00132465362548828 -0.0105495452880859 -0.779296875 -0.3338623046875
0.00791835784912109 -0.000659465789794922 -0.542633056640625 0.407928466796875
0.0263462066650391 -0.0153751373291016 -0.05279541015625 0.497772216796875
0.0129127502441406 -0.0146112442016602 0.29742431640625 0.22589111328125
0.000446319580078124 -0.00897693634033203 0.33953857421875 -0.100921630859375
-0.000759124755859373 -0.0274772644042969 -0.30755615234375 0.132415771484375
0.0103492736816406 -0.0199737548828125 -0.302642822265625 -0.140106201171875
0.0357589721679688 -0.041534423828125 -0.037139892578125 -0.443328857421875
0.0423545837402344 -0.00967025756835938 0.448638916015625 -0.476470947265625
-0.00373649597167969 0.0267295837402344 0.7755126953125 0.16131591796875
-0.0387039184570313 -0.00572967529296876 0.40557861328125 0.8287353515625
-0.00385475158691406 0.00985431671142578 -0.2239990234375 0.73394775390625
0.0248527526855469 -0.001983642578125 -0.050018310546875 0.133232116699219
0.015960693359375 -0.00156784057617187 0.380218505859375 -0.5499267578125
0.0208168029785156 -0.0121879577636719 -0.1075439453125 -0.97564697265625
0.0177249908447266 0.000181198120117188 -0.77252197265625 -0.34918212890625
0.0256156921386719 -0.00572586059570313 -0.552459716796875 0.39691162109375
0.0355415344238281 -0.0225143432617188 -0.0640869140625 0.494232177734375
0.0134925842285156 -0.0249786376953125 0.28656005859375 0.2264404296875
-0.00398921966552734 -0.0137443542480469 0.335693359375 -0.103668212890625
-0.00465774536132812 -0.0294589996337891 -0.317108154296875 0.126373291015625
0.0071258544921875 -0.0265388488769531 -0.313079833984375 -0.143310546875
0.0381584167480469 -0.0494270324707031 -0.040679931640625 -0.4453125
0.0562667846679688 -0.0139236450195313 0.44879150390625 -0.47528076171875
0.0122509002685547 0.0332508087158203 0.77642822265625 0.16552734375
-0.0296974182128906 0.0133857727050781 0.40570068359375 0.8251953125
-0.01580810546875 0.0353126525878906 -0.21435546875 0.72296142578125
-0.00343990325927735 0.014378547668457 -0.0330810546875 0.124900817871094
-0.0027923583984375 0.0229778289794922 0.390777587890625 -0.55712890625
0.0228939056396484 0.0125560760498047 -0.1068115234375 -0.97552490234375
0.0340900421142578 0.0128364562988281 -0.76959228515625 -0.34307861328125
0.0389518737792969 -0.00826263427734375 -0.551513671875 0.398590087890625
0.0424766540527344 -0.0284042358398438 -0.069488525390625 0.492462158203125
0.0128574371337891 -0.0330600738525391 0.276519775390625 0.223770141601562
-0.00851631164550782 -0.0173368453979492 0.327362060546875 -0.108154296875
-0.0064239501953125 -0.0315093994140625 -0.327972412109375 0.118621826171875
0.00673103332519531 -0.0320606231689453 -0.320770263671875 -0.15069580078125
0.0391998291015625 -0.0519485473632813 -0.036285400390625 -0.4501953125
0.0607109069824219 -0.0148696899414063 0.4610595703125 -0.46832275390625
0.0200157165527344 0.0379753112792969 0.774658203125 0.18829345703125
-0.0235004425048828 0.0291271209716797 0.38983154296875 0.83349609375
-0.0238304138183594 0.0547943115234375 -0.2156982421875 0.70526123046875
-0.0241451263427734 0.0316295623779297 -0.00732421875 0.107627868652344
-0.01580810546875 0.0423507690429688 0.39581298828125 -0.57861328125
0.0265541076660156 0.0311279296875 -0.12640380859375 -0.9769287109375
0.0445899963378906 0.0196151733398438 -0.77587890625 -0.32061767578125
0.044464111328125 -0.00885772705078125 -0.540130615234375 0.410186767578125
0.0438423156738281 -0.0310173034667969 -0.06146240234375 0.487579345703125
0.0109634399414062 -0.0381240844726563 0.269699096679688 0.214675903320313
-0.00972366333007813 -0.0188770294189453 0.316741943359375 -0.11859130859375
0.0303230285644531 -0.0161418914794922 -0.317291259765625 0.114349365234375
0.0121269226074219 0.021636962890625 -0.26336669921875 -0.178192138671875
-0.00227451324462891 0.0126733779907227 0.0676574707031251 -0.47796630859375
-0.0408897399902344 0.0208168029785156 0.57000732421875 -0.39727783203125
-0.0841751098632813 -0.00643920898437501 0.74652099609375 0.34326171875
-0.0345458984375 -0.0957794189453125 0.220458984375 0.91583251953125
0.07720947265625 -0.0666275024414063 -0.3155517578125 0.65472412109375
0.135765075683594 -0.048614501953125 0.0186004638671875 0.046478271484375
0.0830841064453125 -0.0862350463867188 0.287353515625 -0.67144775390625
0.00339508056640624 -0.091339111328125 -0.34375 -0.92510986328125
-0.0593757629394531 -0.0199012756347656 -0.822509765625 -0.14947509765625
-0.04351806640625 0.0327262878417969 -0.42962646484375 0.489105224609375
-0.0100002288818359 0.0197715759277344 0.049346923828125 0.47540283203125
0.00529670715332031 0.0193576812744141 0.324432373046875 0.173797607421875
0.0169458389282227 -0.00321388244628906 0.319061279296875 -0.13690185546875
0.025360107421875 -0.0163307189941406 -0.305755615234375 0.12420654296875
0.0148344039916992 0.0166616439819336 -0.264968872070313 -0.164901733398437
0.00478172302246094 0.00560379028320313 0.045166015625 -0.468902587890625
-0.0301933288574219 0.0175666809082031 0.54266357421875 -0.417449951171875
-0.0783615112304687 -0.00225830078124998 0.75750732421875 0.29925537109375
-0.0426254272460938 -0.0904464721679687 0.26678466796875 0.90374755859375
0.06695556640625 -0.0694084167480469 -0.3031005859375 0.6875
0.132560729980469 -0.0530242919921875 -0.009857177734375 0.0736312866210938
0.0822601318359375 -0.086212158203125 0.3035888671875 -0.64178466796875
0.00590515136718749 -0.0930328369140625 -0.29412841796875 -0.94171142578125
-0.0541648864746094 -0.0242462158203125 -0.81561279296875 -0.200927734375
-0.038909912109375 0.0257682800292969 -0.459014892578125 0.470245361328125
-0.00391864776611328 0.0139217376708984 0.0260009765625001 0.4847412109375
0.00722980499267578 0.0148172378540039 0.3251953125 0.18585205078125
0.0140657424926758 -0.00275325775146484 0.32684326171875 -0.126800537109375
0.0208969116210937 -0.0181369781494141 -0.30047607421875 0.131805419921875
0.0154876708984375 0.00999736785888672 -0.273193359375 -0.154678344726563
0.0130519866943359 -0.00535869598388672 0.019012451171875 -0.463348388671875
-0.0126819610595703 0.0130043029785156 0.511444091796875 -0.4410400390625
-0.0650138854980469 0.00513458251953125 0.770751953125 0.2498779296875
-0.0482559204101563 -0.075164794921875 0.31683349609375 0.8826904296875
0.0515022277832031 -0.0612678527832031 -0.28436279296875 0.7132568359375
0.115447998046875 -0.049041748046875 -0.0340728759765625 0.0998382568359375
0.0745086669921875 -0.0753250122070313 0.3223876953125 -0.60809326171875
0.0107498168945313 -0.0830078125 -0.2379150390625 -0.95635986328125
-0.041107177734375 -0.0259017944335937 -0.80810546875 -0.2508544921875
-0.0283317565917969 0.0158405303955078 -0.49151611328125 0.450103759765625
0.00374555587768555 0.00515604019165039 -0.00103759765625002 0.494659423828125
0.0103244781494141 0.00709152221679688 0.32049560546875 0.202301025390625
0.0106611251831055 -0.00249004364013672 0.336181640625 -0.11761474609375
0.0138130187988281 -0.0205326080322266 -0.298583984375 0.1373291015625
0.0144424438476562 -0.000330924987792969 -0.282989501953125 -0.14495849609375
0.0223522186279297 -0.0186405181884766 -0.00582885742187499 -0.45538330078125
0.00645542144775391 0.00463628768920898 0.484039306640625 -0.464019775390625
-0.0462722778320313 0.013946533203125 0.77801513671875 0.202880859375
-0.0492782592773438 -0.0533256530761719 0.36328125 0.8634033203125
0.0312919616699219 -0.0431861877441406 -0.2587890625 0.73333740234375
0.0896453857421875 -0.0373611450195313 -0.0499649047851563 0.119705200195313
0.0583763122558594 -0.0558319091796875 0.343994140625 -0.581298828125
0.0149688720703125 -0.0649909973144531 -0.184326171875 -0.967529296875
-0.0223522186279297 -0.0200748443603516 -0.79827880859375 -0.29925537109375
-0.0104274749755859 0.00637149810791016 -0.520538330078125 0.43218994140625
0.0136165618896484 -0.00465774536132813 -0.02716064453125 0.498748779296875
0.0111312866210938 -0.00321292877197266 0.310546875 0.215179443359375
0.00708866119384766 -0.00644397735595703 0.340362548828125 -0.10888671875
0.00739669799804688 -0.0235919952392578 -0.30084228515625 0.13897705078125
0.0128507614135742 -0.00993824005126953 -0.293914794921875 -0.140106201171875
0.029144287109375 -0.0317344665527344 -0.027496337890625 -0.449737548828125
0.0268878936767578 -0.00312232971191406 0.461700439453125 -0.4786376953125
-0.0242519378662109 0.0208835601806641 0.78253173828125 0.17132568359375
-0.0459175109863281 -0.0290718078613281 0.39874267578125 0.84368896484375
0.0133514404296875 -0.0177001953125 -0.236572265625 0.744384765625
0.0572929382324219 -0.02117919921875 -0.055999755859375 0.133712768554688
0.0386009216308594 -0.0296096801757813 0.36102294921875 -0.56414794921875
0.0180931091308594 -0.0396232604980469 -0.142822265625 -0.97711181640625
-0.00160789489746094 -0.0112466812133789 -0.788818359375 -0.33026123046875
0.00824260711669922 -0.00130748748779297 -0.542022705078125 0.4150390625
0.0252265930175781 -0.0145702362060547 -0.050872802734375 0.500244140625
0.0127277374267578 -0.0151681900024414 0.301513671875 0.22430419921875
0.000460624694824218 -0.010650634765625 0.34130859375 -0.104888916015625
0.000211715698242187 -0.0263118743896484 -0.30914306640625 0.1380615234375
0.0108852386474609 -0.0194473266601563 -0.3060302734375 -0.137481689453125
0.0336189270019531 -0.0437736511230469 -0.040924072265625 -0.448028564453125
0.0437545776367188 -0.00997161865234375 0.448516845703125 -0.48492431640625
-0.00352668762207031 0.0276336669921875 0.7838134765625 0.1571044921875
-0.0386848449707031 -0.00470733642578125 0.416015625 0.83392333984375
-0.00295829772949219 0.00992393493652344 -0.2198486328125 0.7427978515625
0.0246753692626953 -0.00349044799804688 -0.049774169921875 0.134696960449219
0.0149555206298828 -0.00250244140625 0.379974365234375 -0.555755615234375
0.0209522247314453 -0.0130176544189453 -0.1143798828125 -0.982177734375
0.0185928344726562 0.00121498107910156 -0.77960205078125 -0.34716796875
0.0256690979003906 -0.00634384155273438 -0.553009033203125 0.405364990234375
0.0349903106689453 -0.0230388641357422 -0.06243896484375 0.500274658203125
0.0132884979248047 -0.0264129638671875 0.29095458984375 0.224700927734375
-0.00389957427978515 -0.0136899948120117 0.3365478515625 -0.10723876953125
-0.00427055358886718 -0.0295124053955078 -0.31817626953125 0.1309814453125
0.00744056701660156 -0.0269489288330078 -0.316741943359375 -0.140625
0.0368919372558594 -0.0501251220703125 -0.042388916015625 -0.447601318359375
0.0548629760742188 -0.01531982421875 0.448333740234375 -0.48223876953125
0.0128650665283203 0.0338497161865234 0.7816162109375 0.15960693359375
-0.0299339294433594 0.0152721405029297 0.4163818359375 0.8284912109375
-0.0147075653076172 0.0345993041992188 -0.21051025390625 0.73260498046875
-0.00478649139404297 0.0157012939453125 -0.0326995849609375 0.126815795898438
-0.00419807434082031 0.0233249664306641 0.389404296875 -0.56304931640625
0.0234622955322266 0.0125236511230469 -0.11419677734375 -0.984375
0.0342769622802734 0.0124588012695313 -0.77862548828125 -0.341064453125
0.0391044616699219 -0.00872421264648438 -0.55224609375 0.406402587890625
0.0412788391113281 -0.0288848876953125 -0.067047119140625 0.496490478515625
0.0113124847412109 -0.0341339111328125 0.280838012695313 0.22186279296875
-0.00814437866210938 -0.0171175003051758 0.328277587890625 -0.112457275390625
-0.00649070739746094 -0.0316600799560547 -0.32989501953125 0.123291015625
0.00586700439453125 -0.0321846008300781 -0.325408935546875 -0.14776611328125
0.0392799377441406 -0.0531845092773438 -0.0396728515625 -0.45245361328125
0.0611953735351563 -0.0164299011230469 0.46002197265625 -0.4764404296875
0.0212364196777344 0.0382347106933594 0.78302001953125 0.18182373046875
-0.0234413146972656 0.0304470062255859 0.39910888671875 0.8388671875
-0.02362060546875 0.0554580688476562 -0.211181640625 0.71356201171875
-0.0246562957763672 0.0316734313964844 -0.00710296630859376 0.10833740234375
-0.0159034729003906 0.0429840087890625 0.3939208984375 -0.58477783203125
0.0264797210693359 0.0303993225097656 -0.13427734375 -0.98260498046875
0.0445823669433594 0.0200386047363281 -0.7835693359375 -0.32049560546875
0.0457077026367188 -0.00981903076171875 -0.54052734375 0.41619873046875
0.0426712036132813 -0.0308761596679688 -0.057403564453125 0.490478515625
0.0103874206542969 -0.0382537841796875 0.2742919921875 0.21392822265625
-0.0102882385253906 -0.0191802978515625 0.3173828125 -0.12249755859375
0.0307350158691406 -0.0163116455078125 -0.318634033203125 0.119293212890625
0.0128936767578125 0.0224399566650391 -0.266448974609375 -0.175308227539063
-0.00286388397216797 0.0129671096801758 0.064483642578125 -0.483184814453125
-0.042388916015625 0.0215644836425781 0.56854248046875 -0.40673828125
-0.0848312377929688 -0.00582122802734375 0.755126953125 0.337890625
-0.0342941284179688 -0.0951614379882813 0.2293701171875 0.921142578125
0.076873779296875 -0.0682144165039063 -0.3101806640625 0.6639404296875
0.136734008789063 -0.0502548217773438 0.0196952819824219 0.0478363037109375
0.0825271606445313 -0.0872116088867188 0.28179931640625 -0.67755126953125
0.00316619873046875 -0.0924835205078125 -0.353515625 -0.9254150390625
-0.0600700378417969 -0.0192222595214844 -0.827880859375 -0.14459228515625
-0.0445899963378906 0.034088134765625 -0.42828369140625 0.497283935546875
-0.00933837890625 0.0200977325439453 0.05352783203125 0.478179931640625
0.0054779052734375 0.0192375183105469 0.3297119140625 0.169921875
0.0163040161132813 -0.00310802459716797 0.318359375 -0.141876220703125
0.0257778167724609 -0.0168209075927734 -0.306610107421875 0.129547119140625
0.0146083831787109 0.0178775787353516 -0.269271850585938 -0.16241455078125
0.00338029861450195 0.00657367706298828 0.0408935546875 -0.475128173828125
-0.0295486450195313 0.0186061859130859 0.541595458984375 -0.42767333984375
-0.0790252685546875 -0.000289916992187515 0.76556396484375 0.29339599609375
-0.0433578491210937 -0.0906143188476563 0.27740478515625 0.9080810546875
0.0676498413085938 -0.0706558227539063 -0.2978515625 0.69580078125
0.133323669433594 -0.0535354614257813 -0.00936889648437499 0.0744476318359375
0.081329345703125 -0.0869827270507813 0.29833984375 -0.648193359375
0.00594329833984374 -0.0938339233398438 -0.30279541015625 -0.94573974609375
-0.0549163818359375 -0.0241622924804687 -0.82305908203125 -0.1956787109375
-0.0392913818359375 0.0259017944335937 -0.457672119140625 0.47833251953125
-0.00497055053710938 0.0149631500244141 0.031036376953125 0.48681640625
0.00833702087402344 0.0151224136352539 0.32891845703125 0.184600830078125
0.014887809753418 -0.00204563140869141 0.3271484375 -0.132049560546875
0.0211963653564453 -0.0178813934326172 -0.300689697265625 0.137237548828125
0.0154781341552734 0.0103883743286133 -0.276046752929688 -0.152420043945313
0.0132455825805664 -0.00426101684570312 0.014251708984375 -0.466796875
-0.0136728286743164 0.0122604370117188 0.5103759765625 -0.451568603515625
-0.065521240234375 0.00740432739257813 0.77764892578125 0.24127197265625
-0.0490570068359375 -0.0746536254882813 0.32818603515625 0.8865966796875
0.0506477355957031 -0.0617179870605469 -0.279052734375 0.7213134765625
0.115486145019531 -0.0494613647460938 -0.0342864990234375 0.100051879882812
0.0738372802734375 -0.0765151977539063 0.319580078125 -0.61541748046875
0.0102005004882812 -0.08349609375 -0.24761962890625 -0.959716796875
-0.0413856506347656 -0.0251274108886719 -0.816650390625 -0.24603271484375
-0.0274124145507813 0.0160160064697266 -0.491119384765625 0.4586181640625
0.00336503982543945 0.00487947463989258 0.00344848632812496 0.497894287109375
0.0101280212402344 0.00721073150634766 0.325042724609375 0.199554443359375
0.010828971862793 -0.00369548797607422 0.33673095703125 -0.121612548828125
0.0145854949951172 -0.0205860137939453 -0.299957275390625 0.143341064453125
0.0149736404418945 0.000230789184570312 -0.28631591796875 -0.141937255859375
0.0211639404296875 -0.0183677673339844 -0.011077880859375 -0.45806884765625
0.00630712509155273 0.00456333160400391 0.481842041015625 -0.472442626953125
-0.0453567504882812 0.0147209167480469 0.78472900390625 0.19659423828125
-0.049896240234375 -0.0523262023925781 0.374267578125 0.86395263671875
0.0321121215820313 -0.0434913635253906 -0.25396728515625 0.74212646484375
0.0898818969726562 -0.0387191772460938 -0.0498886108398437 0.122116088867188
0.0586204528808594 -0.0565109252929688 0.34075927734375 -0.5865478515625
0.014404296875 -0.0656852722167969 -0.1920166015625 -0.9742431640625
-0.0228233337402344 -0.0210723876953125 -0.8048095703125 -0.29425048828125
-0.0114679336547852 0.00664997100830078 -0.52093505859375 0.43792724609375
0.0138187408447266 -0.00460338592529297 -0.0247192382812501 0.5020751953125
0.010685920715332 -0.00387859344482422 0.315887451171875 0.212432861328125
0.00555944442749023 -0.00662040710449219 0.3409423828125 -0.113800048828125
0.00583648681640625 -0.0226726531982422 -0.302459716796875 0.144195556640625
0.0128698348999023 -0.00968074798583984 -0.297882080078125 -0.136383056640625
0.0278377532958984 -0.0310459136962891 -0.031402587890625 -0.4525146484375
0.0255260467529297 -0.00443649291992188 0.458526611328125 -0.485809326171875
-0.0242233276367188 0.0210208892822266 0.79058837890625 0.16357421875
-0.0464324951171875 -0.0288772583007813 0.40924072265625 0.84552001953125
0.0130929946899414 -0.017329216003418 -0.2301025390625 0.75103759765625
0.0573348999023438 -0.0218887329101563 -0.0553741455078125 0.134071350097656
0.0372276306152344 -0.0308685302734375 0.3582763671875 -0.57025146484375
0.0171127319335937 -0.0412139892578125 -0.15167236328125 -0.982421875
-0.00181674957275391 -0.0108680725097656 -0.7974853515625 -0.3267822265625
0.00736141204833984 -0.001556396484375 -0.54180908203125 0.4215087890625
0.0253963470458984 -0.0145893096923828 -0.045013427734375 0.5059814453125
0.0118808746337891 -0.0155391693115234 0.305755615234375 0.22222900390625
0.000631332397460938 -0.00994300842285156 0.34197998046875 -0.109405517578125
-0.000640869140625002 -0.0266075134277344 -0.309326171875 0.1427001953125
0.00982093811035156 -0.0186843872070313 -0.309356689453125 -0.134429931640625
0.0335350036621094 -0.0437393188476563 -0.045257568359375 -0.45025634765625
0.042449951171875 -0.0125770568847656 0.445648193359375 -0.492401123046875
-0.00280952453613282 0.0280055999755859 0.7901611328125 0.1480712890625
-0.0375900268554688 -0.00500106811523438 0.42724609375 0.8358154296875
-0.00285720825195313 0.00992488861083984 -0.21417236328125 0.750244140625
0.0239181518554688 -0.00278472900390625 -0.0490036010742188 0.136466979980469
0.0155401229858398 -0.00232982635498047 0.37567138671875 -0.56329345703125
0.0199699401855469 -0.0135707855224609 -0.1221923828125 -0.9874267578125
0.0180301666259766 0.000902175903320312 -0.78765869140625 -0.3419189453125
0.0260448455810547 -0.00701332092285156 -0.55340576171875 0.413787841796875
0.0350990295410156 -0.0234661102294922 -0.05743408203125 0.504119873046875
0.0128002166748047 -0.0269432067871094 0.295074462890625 0.223663330078125
-0.00566291809082031 -0.013916015625 0.337554931640625 -0.111297607421875
-0.00409317016601562 -0.0292110443115234 -0.319793701171875 0.13702392578125
0.00727653503417968 -0.0261058807373047 -0.3194580078125 -0.137451171875
0.0371131896972656 -0.0507278442382812 -0.04840087890625 -0.450836181640625
0.0547866821289063 -0.0164451599121094 0.4461669921875 -0.4903564453125
0.0128974914550781 0.0333480834960938 0.79071044921875 0.15289306640625
-0.0297565460205078 0.0153045654296875 0.42547607421875 0.83251953125
-0.0146331787109375 0.0360031127929687 -0.20501708984375 0.7391357421875
-0.00470447540283203 0.0155048370361328 -0.0316162109375 0.12811279296875
-0.00415229797363281 0.0231819152832031 0.38726806640625 -0.5703125
0.0229053497314453 0.0118389129638672 -0.12322998046875 -0.98809814453125
0.0345783233642578 0.01190185546875 -0.78753662109375 -0.33892822265625
0.0393104553222656 -0.00934600830078125 -0.5523681640625 0.413360595703125
0.0412254333496094 -0.0285263061523438 -0.0635375976562501 0.5009765625
0.0124111175537109 -0.0339584350585938 0.284912109375 0.219573974609375
-0.00836753845214844 -0.0174942016601563 0.329681396484375 -0.117156982421875
-0.00694847106933594 -0.0316390991210938 -0.3310546875 0.129241943359375
0.00518608093261719 -0.0312747955322266 -0.3280029296875 -0.1446533203125
0.037506103515625 -0.0539665222167969 -0.0430908203125 -0.45599365234375
0.0607337951660156 -0.016876220703125 0.458831787109375 -0.485198974609375
0.0213088989257812 0.03900146484375 0.78985595703125 0.1749267578125
-0.0230388641357422 0.0314140319824219 0.41046142578125 0.8402099609375
-0.022369384765625 0.0565986633300781 -0.206298828125 0.72149658203125
-0.0252265930175781 0.0319137573242188 -0.00685882568359376 0.110603332519531
-0.0163803100585938 0.0436668395996094 0.39208984375 -0.59259033203125
0.0267162322998047 0.0302886962890625 -0.14617919921875 -0.9891357421875
0.0450668334960938 0.0194740295410156 -0.79058837890625 -0.316650390625
0.0454139709472656 -0.0103569030761719 -0.540130615234375 0.425811767578125
0.0421981811523438 -0.0317153930664063 -0.054229736328125 0.495330810546875
0.0103683471679688 -0.0398063659667969 0.279373168945313 0.210906982421875
-0.0109138488769531 -0.0194206237792969 0.318084716796875 -0.126312255859375
0.031646728515625 -0.0164222717285156 -0.318511962890625 0.124176025390625
0.0132465362548828 0.0229873657226563 -0.26983642578125 -0.172805786132812
-0.003936767578125 0.0136117935180664 0.05902099609375 -0.48822021484375
-0.0426177978515625 0.0213890075683594 0.56689453125 -0.41595458984375
-0.0858078002929688 -0.00403594970703124 0.76507568359375 0.330810546875
-0.0356903076171875 -0.0945510864257813 0.24090576171875 0.92376708984375
0.0783920288085938 -0.0691146850585938 -0.3052978515625 0.6728515625
0.137283325195313 -0.0526809692382813 0.0201492309570313 0.0483512878417969
0.082305908203125 -0.0880889892578125 0.27716064453125 -0.68341064453125
0.00138092041015625 -0.0929412841796875 -0.3660888671875 -0.92822265625
-0.0601730346679688 -0.0188713073730469 -0.83514404296875 -0.13775634765625
-0.0439910888671875 0.0346183776855469 -0.425140380859375 0.504180908203125
-0.00935554504394531 0.0211524963378906 0.0592041015625 0.479705810546875
0.00558662414550781 0.0195846557617187 0.3343505859375 0.16705322265625
0.0169897079467773 -0.00360012054443359 0.319000244140625 -0.146331787109375
0.0266799926757812 -0.0170555114746094 -0.307373046875 0.134765625
0.0151596069335938 0.0176982879638672 -0.272064208984375 -0.159820556640625
0.00373983383178711 0.00716924667358398 0.034759521484375 -0.47845458984375
-0.0310783386230469 0.0186405181884766 0.537506103515625 -0.4375
-0.07989501953125 -0.00026702880859374 0.774169921875 0.28570556640625
-0.0435638427734375 -0.0896987915039063 0.28948974609375 0.91064453125
0.06787109375 -0.0711135864257813 -0.291015625 0.7039794921875
0.132369995117188 -0.0561294555664063 -0.00876617431640624 0.0761871337890625
0.0811386108398438 -0.0886154174804688 0.29449462890625 -0.6563720703125
0.00337982177734375 -0.0945358276367188 -0.313232421875 -0.947265625
-0.0558395385742188 -0.0232162475585938 -0.830322265625 -0.1883544921875
-0.0385856628417969 0.0264968872070313 -0.455841064453125 0.485809326171875
-0.00495719909667969 0.0155467987060547 0.03680419921875 0.488677978515625
0.00763034820556641 0.0149059295654297 0.333221435546875 0.18121337890625
0.0146579742431641 -0.00275325775146484 0.327880859375 -0.137603759765625
0.0213661193847656 -0.0194168090820313 -0.30133056640625 0.142120361328125
0.0155200958251953 0.0100870132446289 -0.278579711914063 -0.14886474609375
0.0118522644042969 -0.0042266845703125 0.00912475585937495 -0.470062255859375
-0.0136632919311523 0.0123157501220703 0.507568359375 -0.460205078125
-0.0654067993164063 0.007232666015625 0.78411865234375 0.23468017578125
-0.0498275756835938 -0.073333740234375 0.3394775390625 0.88861083984375
0.0511589050292969 -0.0624542236328125 -0.2725830078125 0.72857666015625
0.11505126953125 -0.0518951416015625 -0.0335540771484375 0.102409362792969
0.0726318359375 -0.0778732299804688 0.31463623046875 -0.62255859375
0.00844573974609375 -0.0853958129882813 -0.2596435546875 -0.9627685546875
-0.0411148071289063 -0.0247917175292969 -0.82403564453125 -0.23828125
-0.02752685546875 0.0169696807861328 -0.488616943359375 0.465606689453125
0.00318717956542969 0.00555276870727539 0.00946044921875003 0.500823974609375
0.00975418090820313 0.006500244140625 0.3299560546875 0.1964111328125
0.0103111267089844 -0.00355434417724609 0.33782958984375 -0.126617431640625
0.0149059295654297 -0.0198802947998047 -0.29925537109375 0.14788818359375
0.0150604248046875 -7.91549682617188E-05 -0.289794921875 -0.137969970703125
0.0201663970947266 -0.0186214447021484 -0.01605224609375 -0.46185302734375
0.00513124465942383 0.00412893295288086 0.47833251953125 -0.48223876953125
-0.0458869934082031 0.0150604248046875 0.79254150390625 0.18914794921875
-0.0507850646972656 -0.0517387390136719 0.38677978515625 0.86590576171875
0.0318603515625 -0.0434494018554688 -0.2464599609375 0.74945068359375
0.0893936157226563 -0.0405044555664063 -0.04925537109375 0.124244689941406
0.05767822265625 -0.0573234558105469 0.33642578125 -0.594482421875
0.0136680603027344 -0.066680908203125 -0.2047119140625 -0.97698974609375
-0.0227890014648438 -0.0200595855712891 -0.81195068359375 -0.28729248046875
-0.0107297897338867 0.0069284439086914 -0.518798828125 0.446380615234375
0.0144166946411133 -0.00510025024414063 -0.017547607421875 0.505126953125
0.0109262466430664 -0.00389480590820313 0.32098388671875 0.20977783203125
0.00541210174560547 -0.00702571868896484 0.34222412109375 -0.119293212890625
0.00613021850585937 -0.0231533050537109 -0.30242919921875 0.150665283203125
0.0126552581787109 -0.00836944580078125 -0.300567626953125 -0.132110595703125
0.0273246765136719 -0.0310382843017578 -0.0367431640625 -0.45672607421875
0.0252265930175781 -0.00525283813476563 0.457855224609375 -0.494110107421875
-0.0239219665527344 0.0214405059814453 0.79656982421875 0.15631103515625
-0.0463905334472656 -0.0274429321289062 0.421142578125 0.8458251953125
0.0133876800537109 -0.0177001953125 -0.22320556640625 0.75897216796875
0.0567703247070312 -0.0246009826660156 -0.0538101196289063 0.136795043945313
0.0377426147460938 -0.0312309265136719 0.35479736328125 -0.5760498046875
0.0168075561523438 -0.0405731201171875 -0.16204833984375 -0.9847412109375
-0.00200462341308594 -0.0104503631591797 -0.80377197265625 -0.32135009765625
0.00803089141845703 -0.00160598754882813 -0.54132080078125 0.429901123046875
0.0260276794433594 -0.0152873992919922 -0.03887939453125 0.508392333984375
0.0112390518188477 -0.0153236389160156 0.311187744140625 0.219207763671875
0.000172615051269532 -0.00985431671142578 0.34283447265625 -0.114898681640625
-0.000986099243164063 -0.0255489349365234 -0.309967041015625 0.148651123046875
0.00983810424804687 -0.0190582275390625 -0.3126220703125 -0.129364013671875
0.0324859619140625 -0.0430755615234375 -0.05029296875 -0.453338623046875
0.0421867370605469 -0.0124588012695313 0.44354248046875 -0.500518798828125
-0.00235557556152344 0.0285358428955078 0.798583984375 0.14251708984375
-0.0376701354980469 -0.00338745117187501 0.4400634765625 0.83489990234375
-0.00201797485351563 0.00948429107666016 -0.20892333984375 0.756591796875
0.0233478546142578 -0.00326728820800781 -0.0476531982421875 0.138572692871094
0.0144491195678711 -0.00337028503417969 0.3724365234375 -0.568359375
0.0199909210205078 -0.0138683319091797 -0.13470458984375 -0.992919921875
0.0190448760986328 0.000726699829101563 -0.797119140625 -0.33477783203125
0.0254058837890625 -0.00689125061035156 -0.55157470703125 0.422027587890625
0.0348987579345703 -0.0237770080566406 -0.054412841796875 0.507293701171875
0.0121784210205078 -0.0263690948486328 0.30023193359375 0.22076416015625
-0.00496006011962891 -0.0136127471923828 0.337799072265625 -0.11749267578125
-0.00506591796875 -0.0290813446044922 -0.320465087890625 0.142303466796875
0.00769424438476562 -0.0262107849121094 -0.322601318359375 -0.132659912109375
0.0366325378417969 -0.0506324768066406 -0.05474853515625 -0.4537353515625
0.0541458129882813 -0.0183563232421875 0.44189453125 -0.5001220703125
0.0135040283203125 0.034393310546875 0.79827880859375 0.1448974609375
-0.0295219421386719 0.0168857574462891 0.4378662109375 0.8330078125
-0.0143699645996094 0.0362930297851563 -0.19873046875 0.7474365234375
-0.00510978698730469 0.0155630111694336 -0.0304107666015625 0.129035949707031
-0.00405502319335938 0.0234527587890625 0.3837890625 -0.57672119140625
0.0230541229248047 0.0119571685791016 -0.13397216796875 -0.991943359375
0.0348625183105469 0.011444091796875 -0.794677734375 -0.33251953125
0.0391502380371094 -0.0103797912597656 -0.55120849609375 0.42327880859375
0.0409355163574219 -0.029205322265625 -0.057525634765625 0.50396728515625
0.0114269256591797 -0.0343475341796875 0.2901611328125 0.21710205078125
-0.008392333984375 -0.0177822113037109 0.329010009765625 -0.122222900390625
-0.006744384765625 -0.0311927795410156 -0.331756591796875 0.13458251953125
0.00530624389648437 -0.0306510925292969 -0.3311767578125 -0.140045166015625
0.0368270874023438 -0.0539398193359375 -0.0491943359375 -0.4588623046875
0.0602684020996094 -0.0179252624511719 0.455230712890625 -0.4932861328125
0.0225028991699219 0.0386734008789063 0.79718017578125 0.16680908203125
-0.0217781066894531 0.0316734313964844 0.42034912109375 0.84112548828125
-0.0225486755371094 0.0567398071289063 -0.200927734375 0.7283935546875
-0.02593994140625 0.0318012237548828 -0.00543975830078126 0.112197875976563
-0.0160026550292969 0.0435295104980469 0.38751220703125 -0.59954833984375
0.0273666381835938 0.0306110382080078 -0.15655517578125 -0.99267578125
0.0461578369140625 0.0199661254882813 -0.79705810546875 -0.30902099609375
0.0461578369140625 -0.0120124816894531 -0.5384521484375 0.4334716796875
0.0417594909667969 -0.0322761535644531 -0.049224853515625 0.499664306640625
0.00937652587890625 -0.0387382507324219 0.283355712890625 0.208282470703125
-0.0106906890869141 -0.0191612243652344 0.318756103515625 -0.132568359375
0.0312271118164063 -0.0180873870849609 -0.318939208984375 0.130859375
0.0133743286132813 0.0239086151123047 -0.272811889648438 -0.16900634765625
-0.00335597991943359 0.0141792297363281 0.053070068359375 -0.490570068359375
-0.0427207946777344 0.0225181579589844 0.56488037109375 -0.42486572265625
-0.0865707397460938 -0.00339508056640626 0.773681640625 0.32281494140625
-0.03570556640625 -0.0938491821289063 0.2528076171875 0.92584228515625
0.07867431640625 -0.0703887939453125 -0.2987060546875 0.678955078125
0.13641357421875 -0.0551300048828125 0.0215873718261719 0.0485382080078125
0.0814895629882813 -0.0897903442382813 0.27099609375 -0.68963623046875
0.000282287597656249 -0.0931320190429688 -0.37860107421875 -0.92852783203125
-0.0617332458496094 -0.0174026489257812 -0.84063720703125 -0.12713623046875
-0.0429344177246094 0.0345115661621094 -0.4207763671875 0.51165771484375
-0.00963592529296875 0.0213165283203125 0.0652770996093751 0.48004150390625
0.00632286071777344 0.0202808380126953 0.338531494140625 0.163238525390625
0.0168237686157227 -0.00372600555419922 0.320068359375 -0.151885986328125
0.0262641906738281 -0.0175399780273438 -0.30621337890625 0.140594482421875
0.0153160095214844 0.0189132690429688 -0.274948120117187 -0.156219482421875
0.00290632247924805 0.00739717483520508 0.0291442871093751 -0.480743408203125
-0.0312023162841797 0.0197486877441406 0.535675048828125 -0.445648193359375
-0.0790176391601563 0.00149536132812499 0.78253173828125 0.2767333984375
-0.0449295043945313 -0.0888214111328125 0.30078125 0.91162109375
0.0685577392578125 -0.0718917846679688 -0.2852783203125 0.710205078125
0.132102966308594 -0.0573272705078125 -0.00793457031249999 0.077056884765625
0.0804519653320313 -0.0885467529296875 0.28924560546875 -0.659912109375
0.002655029296875 -0.0950393676757813 -0.32623291015625 -0.94842529296875
-0.0553970336914063 -0.0237846374511719 -0.83721923828125 -0.1796875
-0.0388069152832031 0.026947021484375 -0.452178955078125 0.49285888671875
-0.00511646270751953 0.0155258178710938 0.04180908203125 0.492156982421875
0.00826454162597656 0.0142745971679688 0.3380126953125 0.17510986328125
0.013850212097168 -0.00282573699951172 0.32720947265625 -0.14178466796875
0.0217380523681641 -0.0196056365966797 -0.301300048828125 0.148162841796875
0.0157146453857422 0.012211799621582 -0.28240966796875 -0.144287109375
0.0120143890380859 -0.00396537780761719 0.00268554687499997 -0.473388671875
-0.0140438079833984 0.0126552581787109 0.503387451171875 -0.471435546875
-0.0644683837890625 0.00832366943359374 0.79144287109375 0.22393798828125
-0.05096435546875 -0.0737533569335937 0.35205078125 0.8875732421875
0.051361083984375 -0.0631866455078125 -0.26251220703125 0.73504638671875
0.114334106445313 -0.0523529052734375 -0.0327911376953125 0.104530334472656
0.0722885131835938 -0.0780258178710938 0.3089599609375 -0.6273193359375
0.0068511962890625 -0.085601806640625 -0.27252197265625 -0.966064453125
-0.0416831970214844 -0.0247840881347656 -0.8304443359375 -0.23065185546875
-0.0273399353027344 0.0176925659179688 -0.48583984375 0.474273681640625
0.00275611877441406 0.00652790069580078 0.014190673828125 0.502349853515625
0.00992488861083984 0.00636005401611328 0.33441162109375 0.192413330078125
0.0102672576904297 -0.00457572937011719 0.337615966796875 -0.13262939453125
0.0151863098144531 -0.0207290649414063 -0.2991943359375 0.15313720703125
0.0145530700683594 0.00172138214111328 -0.2921142578125 -0.13458251953125
0.0195217132568359 -0.0180530548095703 -0.022796630859375 -0.463409423828125
0.00515890121459961 0.00376462936401367 0.47332763671875 -0.48968505859375
-0.0459518432617188 0.0154991149902344 0.79962158203125 0.17889404296875
-0.0499458312988281 -0.0510978698730469 0.39849853515625 0.86712646484375
0.0328140258789062 -0.0436630249023438 -0.23907470703125 0.755126953125
0.0889816284179688 -0.0415191650390625 -0.0483474731445313 0.125350952148438
0.0572395324707031 -0.0583381652832031 0.329833984375 -0.600341796875
0.0120925903320313 -0.0668716430664063 -0.21875 -0.9794921875
-0.0230121612548828 -0.0204410552978516 -0.82012939453125 -0.2781982421875
-0.0107603073120117 0.00683975219726563 -0.514923095703125 0.455291748046875
0.0136251449584961 -0.00409507751464844 -0.0120849609375 0.5074462890625
0.011561393737793 -0.00454044342041016 0.326080322265625 0.20697021484375
0.00592422485351562 -0.0065913200378418 0.34222412109375 -0.124176025390625
0.00733757019042969 -0.0235023498535156 -0.302947998046875 0.155242919921875
0.0141830444335938 -0.00812339782714844 -0.302398681640625 -0.128570556640625
0.0264968872070313 -0.0322647094726563 -0.04302978515625 -0.45623779296875
0.0253791809082031 -0.00556373596191406 0.452117919921875 -0.501861572265625
-0.0234279632568359 0.0230445861816406 0.8033447265625 0.146240234375
-0.0454025268554688 -0.0271682739257812 0.43402099609375 0.845458984375
0.0137062072753906 -0.0178508758544922 -0.2161865234375 0.7667236328125
0.0567245483398437 -0.0245513916015625 -0.05389404296875 0.138420104980469
0.0362663269042969 -0.03204345703125 0.3499755859375 -0.582763671875
0.0157852172851563 -0.041046142578125 -0.17449951171875 -0.98724365234375
-0.00153732299804688 -0.011627197265625 -0.810791015625 -0.31427001953125
0.00748252868652344 -0.00134372711181641 -0.53826904296875 0.43890380859375
0.0252113342285156 -0.0149116516113281 -0.03424072265625 0.510833740234375
0.0107355117797852 -0.0156621932983398 0.314849853515625 0.21441650390625
-3.62396240234384E-05 -0.00952434539794922 0.34295654296875 -0.120574951171875
-0.000604629516601562 -0.0265617370605469 -0.30859375 0.153717041015625
0.0110740661621094 -0.0188522338867188 -0.31439208984375 -0.125579833984375
0.0314254760742188 -0.0427284240722656 -0.0559387207031251 -0.45556640625
0.0410728454589844 -0.0131988525390625 0.438629150390625 -0.509063720703125
-0.00185585021972656 0.0283832550048828 0.80206298828125 0.13134765625
-0.0370674133300781 -0.00373458862304687 0.45111083984375 0.83538818359375
-0.000844955444335938 0.0107440948486328 -0.200927734375 0.76416015625
0.0231304168701172 -0.00452232360839844 -0.0473251342773438 0.140327453613281
0.0139598846435547 -0.00326633453369141 0.3675537109375 -0.5743408203125
0.0196208953857422 -0.0125370025634766 -0.147216796875 -0.99517822265625
0.0186862945556641 0.000701904296875 -0.8040771484375 -0.32891845703125
0.0248222351074219 -0.00753402709960937 -0.5491943359375 0.43072509765625
0.0351982116699219 -0.0245018005371094 -0.048736572265625 0.509979248046875
0.0125675201416016 -0.0275974273681641 0.304534912109375 0.21868896484375
-0.00593852996826172 -0.0136384963989258 0.3387451171875 -0.122711181640625
-0.00419807434082031 -0.0289192199707031 -0.318878173828125 0.148651123046875
0.00718116760253907 -0.0258846282958984 -0.325897216796875 -0.12762451171875
0.0338592529296875 -0.0515098571777344 -0.061065673828125 -0.455780029296875
0.0543136596679687 -0.0186271667480469 0.437103271484375 -0.50927734375
0.015289306640625 0.0333786010742187 0.80316162109375 0.13385009765625
-0.0284004211425781 0.0181674957275391 0.44866943359375 0.83154296875
-0.0122413635253906 0.0356788635253906 -0.19012451171875 0.75274658203125
-0.00553226470947266 0.0152130126953125 -0.0299453735351563 0.131477355957031
-0.00432586669921875 0.0228595733642578 0.37786865234375 -0.58416748046875
0.0230503082275391 0.0117263793945312 -0.14788818359375 -0.99530029296875
0.0350399017333984 0.0113601684570313 -0.8011474609375 -0.32501220703125
0.0390090942382813 -0.010040283203125 -0.5479736328125 0.429443359375
0.0413665771484375 -0.0294303894042969 -0.052978515625 0.507232666015625
0.00971221923828125 -0.0360870361328125 0.2947998046875 0.212310791015625
-0.0100765228271484 -0.0172080993652344 0.328460693359375 -0.12774658203125
-0.00671577453613281 -0.0308055877685547 -0.3311767578125 0.140838623046875
0.00506019592285157 -0.0299968719482422 -0.334503173828125 -0.1356201171875
0.0360336303710938 -0.0555496215820313 -0.055328369140625 -0.459625244140625
0.0600204467773438 -0.0194587707519531 0.4498291015625 -0.500579833984375
0.0243949890136719 0.0392608642578125 0.8031005859375 0.15673828125
-0.0201492309570313 0.0327739715576172 0.43292236328125 0.84002685546875
-0.0210952758789062 0.0586929321289063 -0.1910400390625 0.73358154296875
-0.0268669128417969 0.0332069396972656 -0.00508880615234375 0.113662719726562
-0.0161857604980469 0.044586181640625 0.38232421875 -0.605712890625
0.0275287628173828 0.0295562744140625 -0.16900634765625 -0.99658203125
0.0470046997070313 0.0184288024902344 -0.8057861328125 -0.30242919921875
0.0454330444335938 -0.0122261047363281 -0.53607177734375 0.440338134765625
0.0421066284179688 -0.0322189331054688 -0.04345703125 0.50091552734375
0.00941848754882813 -0.0397148132324219 0.28778076171875 0.205841064453125
-0.0119361877441406 -0.01953125 0.318023681640625 -0.136627197265625
0.0317859649658203 -0.0180072784423828 -0.31756591796875 0.135894775390625
0.0149650573730469 0.0241241455078125 -0.274307250976562 -0.164321899414063
-0.00409126281738281 0.01580810546875 0.0457763671875 -0.494476318359375
-0.0438423156738281 0.024383544921875 0.558441162109375 -0.435546875
-0.0849075317382812 -0.00234222412109374 0.780029296875 0.311767578125
-0.036529541015625 -0.0940399169921875 0.2655029296875 0.92437744140625
0.0789337158203125 -0.070953369140625 -0.29168701171875 0.685302734375
0.136573791503906 -0.0554275512695313 0.0216522216796875 0.04852294921875
0.0801467895507813 -0.0923995971679688 0.26220703125 -0.6944580078125
-9.15527343749938E-05 -0.0936050415039063 -0.39141845703125 -0.9234619140625
-0.0611610412597656 -0.0169525146484375 -0.84326171875 -0.119140625
-0.0442276000976562 0.0354957580566406 -0.4149169921875 0.516937255859375
-0.00926399230957031 0.0222339630126953 0.07037353515625 0.482879638671875
0.00562667846679688 0.0203094482421875 0.341705322265625 0.1595458984375
0.0175838470458984 -0.003509521484375 0.3167724609375 -0.15576171875
0.0257625579833984 -0.0164108276367188 -0.303985595703125 0.146026611328125
0.0168247222900391 0.0186786651611328 -0.277801513671875 -0.15185546875
0.00305986404418945 0.00739049911499023 0.0222473144531251 -0.484344482421875
-0.0329303741455078 0.0205287933349609 0.528228759765625 -0.456939697265625
-0.0789260864257813 0.00241088867187499 0.78765869140625 0.26641845703125
-0.0448760986328125 -0.088623046875 0.313720703125 0.91162109375
0.0692291259765625 -0.0746841430664062 -0.2762451171875 0.7205810546875
0.131828308105469 -0.0598297119140625 -0.00608825683593749 0.07769775390625
0.0792236328125 -0.0907745361328125 0.2811279296875 -0.66497802734375
0.001251220703125 -0.0949325561523437 -0.33941650390625 -0.9464111328125
-0.0554275512695313 -0.0224227905273438 -0.8392333984375 -0.17132568359375
-0.0379791259765625 0.02923583984375 -0.44635009765625 0.501007080078125
-0.00577545166015625 0.0170354843139648 0.0465087890625 0.492279052734375
0.00827503204345703 0.0143394470214844 0.3414306640625 0.170501708984375
0.0154380798339844 -0.00349235534667969 0.32647705078125 -0.147491455078125
0.0215053558349609 -0.0186729431152344 -0.301025390625 0.157012939453125
0.0167388916015625 0.0104513168334961 -0.283599853515625 -0.14031982421875
0.0118179321289063 -0.00498008728027344 -0.00637817382812499 -0.475799560546875
-0.0140514373779297 0.0121316909790039 0.49932861328125 -0.47705078125
-0.0649642944335938 0.00978088378906251 0.79852294921875 0.21435546875
-0.0518264770507812 -0.0729522705078125 0.36279296875 0.88812255859375
0.0517921447753906 -0.0653533935546875 -0.2540283203125 0.74188232421875
0.114799499511719 -0.0549240112304688 -0.031341552734375 0.103965759277344
0.0706558227539063 -0.0794601440429688 0.30242919921875 -0.6322021484375
0.0066680908203125 -0.0849685668945313 -0.2843017578125 -0.96527099609375
-0.0417633056640625 -0.0229301452636719 -0.83563232421875 -0.2218017578125
-0.0297145843505859 0.0169239044189453 -0.478759765625 0.482208251953125
0.00217103958129883 0.00645017623901367 0.020965576171875 0.504638671875
0.0102167129516602 0.00597286224365234 0.339630126953125 0.18896484375
0.00941371917724609 -0.00339031219482422 0.337249755859375 -0.13690185546875
0.0142555236816406 -0.0212249755859375 -0.297698974609375 0.161651611328125
0.0152950286865234 0.00167083740234375 -0.29656982421875 -0.1292724609375
0.0198326110839844 -0.0168304443359375 -0.027740478515625 -0.46392822265625
0.00564098358154297 0.00382423400878906 0.4659423828125 -0.498199462890625
-0.0451164245605469 0.0167045593261719 0.80303955078125 0.16754150390625
-0.0513191223144531 -0.0500335693359375 0.41107177734375 0.8656005859375
0.0329704284667969 -0.0458831787109375 -0.22821044921875 0.76177978515625
0.0880050659179688 -0.0419921875 -0.047027587890625 0.125953674316406
0.0548782348632812 -0.0579605102539062 0.32366943359375 -0.60498046875
0.0118865966796875 -0.0669212341308594 -0.22845458984375 -0.977294921875
-0.0238304138183594 -0.0191936492919922 -0.8270263671875 -0.27142333984375
-0.0121612548828125 0.00755786895751953 -0.510040283203125 0.46368408203125
0.0138092041015625 -0.0045928955078125 -0.00521850585937505 0.50970458984375
0.0123367309570313 -0.00534248352050781 0.32818603515625 0.201873779296875
0.00534963607788086 -0.00564813613891602 0.342803955078125 -0.1295166015625
0.00391578674316407 -0.0222568511962891 -0.298736572265625 0.160675048828125
0.0128278732299805 -0.00938224792480469 -0.30523681640625 -0.123016357421875
0.0254230499267578 -0.0310459136962891 -0.05096435546875 -0.458099365234375
0.0245094299316406 -0.00590705871582031 0.443572998046875 -0.512725830078125
-0.0228290557861328 0.0230636596679687 0.8048095703125 0.13372802734375
-0.045654296875 -0.0233116149902344 0.4451904296875 0.84375
0.0156078338623047 -0.0182819366455078 -0.20794677734375 0.77130126953125
0.0557441711425781 -0.0248031616210938 -0.0517044067382813 0.137908935546875
0.0361328125 -0.0316429138183594 0.34185791015625 -0.5865478515625
0.0153617858886719 -0.041229248046875 -0.1883544921875 -0.9893798828125
-0.00155448913574219 -0.0118389129638672 -0.81439208984375 -0.30694580078125
0.00761222839355469 -0.00176382064819336 -0.53387451171875 0.4486083984375
0.0260105133056641 -0.0146713256835937 -0.029327392578125 0.513336181640625
0.0102291107177734 -0.0175361633300781 0.318023681640625 0.21173095703125
-0.000496864318847656 -0.00836515426635742 0.341888427734375 -0.126739501953125
0.00028228759765625 -0.0261363983154297 -0.3079833984375 0.158447265625
0.0110301971435547 -0.0189723968505859 -0.317413330078125 -0.12139892578125
0.0298118591308594 -0.0438308715820312 -0.062164306640625 -0.454986572265625
0.0420913696289063 -0.0133476257324219 0.432098388671875 -0.517059326171875
-0.00142669677734375 0.0290794372558594 0.8062744140625 0.12060546875
-0.0352935791015625 -0.00134658813476562 0.46527099609375 0.8328857421875
0.000139236450195312 0.0123682022094727 -0.190673828125 0.76959228515625
0.0234088897705078 -0.0053253173828125 -0.0450897216796875 0.142532348632813
0.0157413482666016 -0.00303268432617188 0.36102294921875 -0.5809326171875
0.0187606811523438 -0.0150508880615234 -0.1572265625 -0.995849609375
0.0189800262451172 0.0006561279296875 -0.808349609375 -0.3216552734375
0.0246391296386719 -0.00685691833496094 -0.545654296875 0.43994140625
0.0352134704589844 -0.0237960815429688 -0.0417480468749999 0.511993408203125
0.0111293792724609 -0.0274524688720703 0.30865478515625 0.2137451171875
-0.00584030151367188 -0.0133237838745117 0.33880615234375 -0.127593994140625
-0.00432395935058594 -0.0291576385498047 -0.3170166015625 0.15606689453125
0.00614738464355469 -0.0243034362792969 -0.329132080078125 -0.124114990234375
0.0333671569824219 -0.0523605346679688 -0.067230224609375 -0.45611572265625
0.0531883239746094 -0.0197563171386719 0.431915283203125 -0.516021728515625
0.0150566101074219 0.0341968536376953 0.80914306640625 0.12335205078125
-0.02801513671875 0.0190315246582031 0.46295166015625 0.8280029296875
-0.0115585327148438 0.0371665954589844 -0.1820068359375 0.75799560546875
-0.00422382354736328 0.0161256790161133 -0.0304107666015625 0.132278442382813
-0.0053863525390625 0.0232963562011719 0.3719482421875 -0.58819580078125
0.0236434936523438 0.0113010406494141 -0.15570068359375 -0.99676513671875
0.0345344543457031 0.0108623504638672 -0.80999755859375 -0.31512451171875
0.0401268005371094 -0.0104103088378906 -0.545440673828125 0.438751220703125
0.0405311584472656 -0.0303878784179687 -0.04473876953125 0.5078125
0.00870895385742187 -0.0344810485839844 0.297607421875 0.209686279296875
-0.0101318359375 -0.0181598663330078 0.328948974609375 -0.1328125
-0.00674819946289063 -0.0304889678955078 -0.33062744140625 0.14739990234375
0.00406646728515625 -0.0290813446044922 -0.3369140625 -0.129669189453125
0.0337638854980469 -0.055389404296875 -0.05975341796875 -0.46026611328125
0.0597152709960938 -0.0202827453613281 0.44281005859375 -0.509490966796875
0.0258407592773438 0.0381355285644531 0.80877685546875 0.1473388671875
-0.020355224609375 0.0348358154296875 0.446533203125 0.8367919921875
-0.01904296875 0.058563232421875 -0.1826171875 0.74005126953125
-0.0254230499267578 0.0334529876708984 -0.00232696533203125 0.114334106445312
-0.0154838562011719 0.0446891784667969 0.37567138671875 -0.6116943359375
0.0266819000244141 0.0283660888671875 -0.17950439453125 -0.9974365234375
0.0472068786621094 0.0193061828613281 -0.81103515625 -0.2928466796875
0.0457916259765625 -0.0142135620117188 -0.530609130859375 0.449310302734375
0.0415534973144531 -0.0334548950195313 -0.03631591796875 0.504425048828125
0.00873947143554688 -0.0404129028320313 0.291900634765625 0.200531005859375
-0.0128726959228516 -0.0189933776855469 0.31658935546875 -0.14239501953125
0.0320243835449219 -0.0174770355224609 -0.31622314453125 0.142669677734375
0.0144882202148438 0.0260143280029297 -0.2779541015625 -0.159393310546875
-0.00417232513427734 0.0138463973999023 0.039825439453125 -0.495361328125
-0.0440673828125 0.0253105163574219 0.553192138671875 -0.44207763671875
-0.0853195190429688 -0.00223541259765625 0.78485107421875 0.30322265625
-0.0380630493164063 -0.0930099487304688 0.279541015625 0.9244384765625
0.0788803100585938 -0.0710983276367188 -0.28302001953125 0.69049072265625
0.135810852050781 -0.0569992065429688 0.0237884521484375 0.0490188598632812
0.0787429809570313 -0.093109130859375 0.2550048828125 -0.6995849609375
-0.00405120849609375 -0.0957107543945313 -0.40313720703125 -0.92315673828125
-0.061614990234375 -0.0162506103515625 -0.84674072265625 -0.1092529296875
-0.0431594848632813 0.0348663330078125 -0.4095458984375 0.5245361328125
-0.010467529296875 0.0209865570068359 0.07843017578125 0.481109619140625
0.00609588623046875 0.0190639495849609 0.34344482421875 0.153350830078125
0.0162220001220703 -0.00405979156494141 0.3148193359375 -0.161712646484375
0.0269031524658203 -0.0167751312255859 -0.3040771484375 0.152008056640625
0.0168819427490234 0.0200042724609375 -0.279388427734375 -0.146896362304688
0.00320577621459961 0.00815153121948242 0.0159912109375 -0.4864501953125
-0.0320549011230469 0.0205574035644531 0.523681640625 -0.462646484375
-0.0784683227539063 0.00354766845703125 0.7928466796875 0.25640869140625
-0.047393798828125 -0.087310791015625 0.32440185546875 0.9080810546875
0.0676116943359375 -0.0740203857421875 -0.26739501953125 0.7220458984375
0.131721496582031 -0.0607452392578125 -0.00523376464843749 0.0791244506835938
0.0767364501953125 -0.0914230346679687 0.27264404296875 -0.6697998046875
-0.00129699707031249 -0.09515380859375 -0.35345458984375 -0.943359375
-0.0571403503417969 -0.0216941833496094 -0.844482421875 -0.15948486328125
-0.0377426147460938 0.0276145935058594 -0.44317626953125 0.508331298828125
-0.00485610961914063 0.0175876617431641 0.0541076660156251 0.49334716796875
0.00766086578369141 0.0154228210449219 0.34539794921875 0.166900634765625
0.0134801864624023 -0.00169086456298828 0.32440185546875 -0.1513671875
0.0222053527832031 -0.0204105377197266 -0.29754638671875 0.15838623046875
0.0170822143554688 0.0120124816894531 -0.287078857421875 -0.134613037109375
0.0107545852661133 -0.00378894805908203 -0.011474609375 -0.477294921875
-0.0153512954711914 0.0121946334838867 0.490509033203125 -0.4857177734375
-0.0659027099609375 0.0109672546386719 0.802978515625 0.2042236328125
-0.0538482666015625 -0.0718307495117188 0.37713623046875 0.8819580078125
0.051788330078125 -0.0637893676757813 -0.2459716796875 0.7474365234375
0.113746643066406 -0.0560455322265625 -0.02960205078125 0.107376098632813
0.0697174072265625 -0.0799484252929688 0.29547119140625 -0.63665771484375
0.0035858154296875 -0.0879592895507813 -0.29681396484375 -0.962158203125
-0.0435256958007813 -0.0243453979492187 -0.8388671875 -0.21270751953125
-0.0273342132568359 0.0178012847900391 -0.477386474609375 0.490234375
0.0050501823425293 0.00621986389160156 0.027618408203125 0.5032958984375
0.00768470764160156 0.00719547271728516 0.340576171875 0.181243896484375
0.0103578567504883 -0.00397682189941406 0.3333740234375 -0.141693115234375
0.0133914947509766 -0.0201587677001953 -0.295166015625 0.164093017578125
0.0143098831176758 0.00162506103515625 -0.2965087890625 -0.124114990234375
0.0199909210205078 -0.0180435180664063 -0.033843994140625 -0.467437744140625
0.00420761108398438 0.00325965881347656 0.46112060546875 -0.506744384765625
-0.0438461303710937 0.0179786682128906 0.80841064453125 0.15789794921875
-0.0504608154296875 -0.0502510070800781 0.42425537109375 0.86090087890625
0.03314208984375 -0.0454139709472656 -0.22125244140625 0.767578125
0.0884017944335938 -0.0429229736328125 -0.0449752807617187 0.129135131835938
0.0548439025878906 -0.0588836669921875 0.31585693359375 -0.6092529296875
0.0110855102539062 -0.0672836303710937 -0.242431640625 -0.97576904296875
-0.0242233276367188 -0.0199928283691406 -0.8311767578125 -0.25836181640625
-0.0117530822753906 0.00785732269287109 -0.5052490234375 0.469146728515625
0.0148591995239258 -0.00416851043701172 0.000610351562499989 0.511932373046875
0.00876140594482422 -0.00473833084106445 0.33453369140625 0.196014404296875
0.00572729110717773 -0.00777626037597656 0.339630126953125 -0.135406494140625
0.00716972351074219 -0.0227394104003906 -0.299591064453125 0.166107177734375
0.0120916366577148 -0.00750064849853516 -0.30712890625 -0.118408203125
0.0248260498046875 -0.0318126678466797 -0.055328369140625 -0.458984375
0.0237922668457031 -0.00701904296875 0.43853759765625 -0.518218994140625
-0.0225028991699219 0.0224952697753906 0.81005859375 0.12530517578125
-0.0449295043945313 -0.0252609252929687 0.45721435546875 0.84063720703125
0.0147151947021484 -0.0178623199462891 -0.19775390625 0.77679443359375
0.0526161193847656 -0.0245780944824219 -0.04931640625 0.141220092773438
0.0349235534667969 -0.0319900512695313 0.334716796875 -0.59283447265625
0.0136833190917969 -0.0428504943847656 -0.20001220703125 -0.9888916015625
-0.00197505950927734 -0.0126571655273438 -0.82269287109375 -0.2945556640625
0.00770807266235351 -0.00181770324707031 -0.529876708984375 0.454833984375
0.0247783660888672 -0.0143108367919922 -0.0218505859375 0.514190673828125
0.0090789794921875 -0.0160140991210938 0.322479248046875 0.206268310546875
-0.000748634338378907 -0.00815868377685547 0.341522216796875 -0.1319580078125
0.00227546691894531 -0.0265178680419922 -0.305572509765625 0.165008544921875
0.0100002288818359 -0.0164051055908203 -0.320068359375 -0.115142822265625
0.0302886962890625 -0.0441551208496094 -0.0702514648437499 -0.455780029296875
0.0414657592773437 -0.0133094787597656 0.42413330078125 -0.523040771484375
-0.00137901306152343 0.0292396545410156 0.8092041015625 0.10888671875
-0.0366058349609375 0.000350952148437508 0.4755859375 0.8282470703125
0.000449180603027343 0.00941658020019531 -0.18133544921875 0.77447509765625
0.0225086212158203 -0.00515365600585938 -0.04364013671875 0.14202880859375
0.0144166946411133 -0.00293159484863281 0.35565185546875 -0.58538818359375
0.0185756683349609 -0.0142498016357422 -0.173095703125 -0.99481201171875
0.0186691284179687 0.000835418701171875 -0.8134765625 -0.3125
0.0251636505126953 -0.00890922546386719 -0.5435791015625 0.4461669921875
0.0336894989013672 -0.0243644714355469 -0.035491943359375 0.512664794921875
0.0103282928466797 -0.0279731750488281 0.311981201171875 0.207977294921875
-0.00500774383544922 -0.0130929946899414 0.3355712890625 -0.132049560546875
-0.00394058227539063 -0.0274200439453125 -0.317474365234375 0.159942626953125
0.00814056396484375 -0.02606201171875 -0.329376220703125 -0.11785888671875
0.0331573486328125 -0.0517654418945313 -0.0736083984375 -0.45758056640625
0.0535316467285156 -0.0200729370117188 0.4232177734375 -0.524200439453125
0.0166206359863281 0.0335884094238281 0.810546875 0.11187744140625
-0.0268115997314453 0.0201549530029297 0.47418212890625 0.82452392578125
-0.0106925964355469 0.0386924743652344 -0.172119140625 0.76300048828125
-0.0071258544921875 0.0146780014038086 -0.026763916015625 0.133903503417969
-0.00369071960449219 0.0236415863037109 0.36669921875 -0.59466552734375
0.0240859985351563 0.0117397308349609 -0.17095947265625 -0.9967041015625
0.0370750427246094 0.0114402770996094 -0.812744140625 -0.30731201171875
0.0393486022949219 -0.0125312805175781 -0.540618896484375 0.447021484375
0.0392684936523438 -0.0303878784179688 -0.04119873046875 0.5111083984375
0.0090789794921875 -0.0363960266113281 0.300323486328125 0.2073974609375
-0.0102081298828125 -0.0177707672119141 0.328521728515625 -0.137176513671875
-0.00672531127929688 -0.0312099456787109 -0.328338623046875 0.153778076171875
0.00419998168945312 -0.0293312072753906 -0.33929443359375 -0.12384033203125
0.0334587097167969 -0.0556144714355469 -0.0679931640625 -0.46185302734375
0.0594863891601563 -0.0207786560058594 0.43524169921875 -0.51690673828125
0.0251655578613281 0.0396347045898438 0.810791015625 0.13665771484375
-0.0192413330078125 0.0348491668701172 0.45672607421875 0.833740234375
-0.0170211791992187 0.0587234497070313 -0.17303466796875 0.74462890625
-0.0271530151367187 0.0324649810791016 -0.0015411376953125 0.113487243652344
-0.0156326293945313 0.0436248779296875 0.37078857421875 -0.61651611328125
0.0266628265380859 0.0287990570068359 -0.1942138671875 -0.99365234375
0.0464324951171875 0.0169410705566406 -0.81591796875 -0.28460693359375
0.0453987121582031 -0.0141716003417969 -0.5277099609375 0.45751953125
0.0421943664550781 -0.0315132141113281 -0.031036376953125 0.504974365234375
0.00722122192382813 -0.0415878295898438 0.294158935546875 0.1983642578125
-0.0131645202636719 -0.0188999176025391 0.315155029296875 -0.146331787109375
0.0316238403320313 -0.0181465148925781 -0.31591796875 0.147003173828125
0.0160236358642578 0.0248451232910156 -0.2791748046875 -0.15460205078125
-0.00343704223632813 0.0155048370361328 0.0322265625 -0.4967041015625
-0.0445747375488281 0.0242767333984375 0.546234130859375 -0.450286865234375
-0.0854568481445313 0.00199890136718751 0.79034423828125 0.29254150390625
-0.0387039184570313 -0.0928115844726563 0.291748046875 0.9197998046875
0.0785598754882813 -0.073272705078125 -0.2723388671875 0.69573974609375
0.135200500488281 -0.0605316162109375 0.0242576599121094 0.0496025085449219
0.0780029296875 -0.09375 0.24676513671875 -0.7008056640625
-0.00505828857421874 -0.0929412841796875 -0.415283203125 -0.91705322265625
-0.0610427856445312 -0.0163040161132813 -0.8489990234375 -0.0969238281250001
-0.0423545837402344 0.0369338989257813 -0.401123046875 0.52972412109375
-0.00838279724121094 0.0241451263427734 0.083343505859375 0.47998046875
0.007171630859375 0.0200424194335938 0.345733642578125 0.148040771484375
0.0153980255126953 -0.00343418121337891 0.314239501953125 -0.166046142578125
0.0288639068603516 -0.0184364318847656 -0.302276611328125 0.15740966796875
0.0174274444580078 0.0195598602294922 -0.280014038085938 -0.1434326171875
0.00334978103637695 0.00829887390136719 0.01019287109375 -0.48681640625
-0.0320682525634766 0.0200691223144531 0.517242431640625 -0.471527099609375
-0.0789108276367187 0.00487518310546875 0.79669189453125 0.24322509765625
-0.0452804565429688 -0.0874710083007813 0.33856201171875 0.90362548828125
0.0678482055664063 -0.07489013671875 -0.25787353515625 0.72552490234375
0.129852294921875 -0.0618438720703125 -0.00440216064453124 0.0799789428710937
0.0761184692382812 -0.0935287475585937 0.26385498046875 -0.67156982421875
-0.0015411376953125 -0.0955429077148438 -0.3643798828125 -0.939697265625
-0.0568656921386719 -0.0218315124511719 -0.84661865234375 -0.14996337890625
-0.0375137329101563 0.02789306640625 -0.434356689453125 0.513397216796875
-0.00434684753417969 0.0171079635620117 0.0620422363281249 0.4915771484375
0.00787448883056641 0.0148839950561523 0.3472900390625 0.16119384765625
0.0136442184448242 -0.00280570983886719 0.321685791015625 -0.157073974609375
0.0221881866455078 -0.0184669494628906 -0.296295166015625 0.165557861328125
0.0185985565185547 0.0118865966796875 -0.28863525390625 -0.13031005859375
0.0120124816894531 -0.00341320037841797 -0.01727294921875 -0.47772216796875
-0.0144453048706055 0.014225959777832 0.483367919921875 -0.492706298828125
-0.064178466796875 0.0127639770507812 0.80291748046875 0.193115234375
-0.0509796142578125 -0.0707015991210938 0.3878173828125 0.879150390625
0.0512237548828125 -0.0654487609863281 -0.2357177734375 0.7520751953125
0.111953735351562 -0.0572662353515625 -0.02886962890625 0.107070922851563
0.0686187744140625 -0.0804901123046875 0.286865234375 -0.6397705078125
0.00318908691406251 -0.0857009887695313 -0.30792236328125 -0.9581298828125
-0.0448074340820313 -0.0229988098144531 -0.841796875 -0.20281982421875
-0.02618408203125 0.0177364349365234 -0.4671630859375 0.4947509765625
0.00298881530761719 0.00657176971435547 0.033660888671875 0.503387451171875
0.00896549224853516 0.00434112548828125 0.343780517578125 0.176605224609375
0.00937080383300781 -0.00366592407226562 0.333526611328125 -0.146240234375
0.0154876708984375 -0.0209865570068359 -0.292999267578125 0.170196533203125
0.01861572265625 0.00369071960449219 -0.29644775390625 -0.120452880859375
0.0178718566894531 -0.0182476043701172 -0.042449951171875 -0.4678955078125
0.00490045547485352 0.00358009338378906 0.453369140625 -0.51214599609375
-0.0447273254394531 0.0181198120117188 0.80767822265625 0.14501953125
-0.0514717102050781 -0.04840087890625 0.43463134765625 0.85479736328125
0.0320281982421875 -0.0446014404296875 -0.2086181640625 0.77093505859375
0.0867385864257813 -0.0443878173828125 -0.0443954467773438 0.1297607421875
0.0538482666015625 -0.060028076171875 0.308349609375 -0.611328125
0.0090789794921875 -0.069183349609375 -0.2540283203125 -0.972900390625
-0.0243358612060547 -0.0213203430175781 -0.8345947265625 -0.2490234375
-0.0121994018554688 0.00674343109130859 -0.500823974609375 0.476226806640625
0.0126132965087891 -0.00338363647460938 0.00790405273437502 0.510650634765625
0.0091094970703125 -0.00546550750732422 0.3367919921875 0.192230224609375
0.00462245941162109 -0.00710201263427734 0.337921142578125 -0.138519287109375
0.00761222839355468 -0.0242271423339844 -0.298431396484375 0.172332763671875
0.0138759613037109 -0.00907802581787109 -0.30767822265625 -0.114471435546875
0.0246467590332031 -0.0321807861328125 -0.062896728515625 -0.457611083984375
0.02362060546875 -0.00742530822753906 0.43035888671875 -0.5233154296875
-0.0211143493652344 0.0237388610839844 0.81207275390625 0.11181640625
-0.0456886291503906 -0.023651123046875 0.4688720703125 0.83502197265625
0.0158710479736328 -0.0191764831542969 -0.18603515625 0.78082275390625
0.0539474487304688 -0.02532958984375 -0.0492095947265625 0.142318725585938
0.0345249176025391 -0.0328750610351563 0.32916259765625 -0.5955810546875
0.0153274536132813 -0.0435142517089844 -0.213134765625 -0.98583984375
-0.00273704528808594 -0.0119285583496094 -0.82623291015625 -0.28607177734375
0.00667047500610351 -0.00160360336303711 -0.522552490234375 0.4644775390625
0.0247344970703125 -0.0158710479736328 -0.015106201171875 0.514434814453125
0.00984573364257813 -0.0177288055419922 0.325927734375 0.199462890625
-0.00142478942871094 -0.00964546203613281 0.3392333984375 -0.135711669921875
0.000982284545898438 -0.0264987945556641 -0.303924560546875 0.1715087890625
0.00991249084472656 -0.0166120529174805 -0.319610595703125 -0.10919189453125
0.0281639099121094 -0.0429954528808594 -0.075897216796875 -0.456024169921875
0.0404167175292969 -0.0163764953613281 0.417144775390625 -0.5302734375
-0.000530242919921872 0.0295829772949219 0.81134033203125 0.09619140625
-0.0351161956787109 -0.00109100341796874 0.48663330078125 0.821533203125
-0.000196456909179686 0.0103378295898438 -0.1707763671875 0.77532958984375
0.0199565887451172 -0.00466156005859375 -0.041473388671875 0.143905639648438
0.012364387512207 -0.00356674194335938 0.34930419921875 -0.58990478515625
0.0177536010742188 -0.0145721435546875 -0.18438720703125 -0.99456787109375
0.0182380676269531 -0.001251220703125 -0.81890869140625 -0.30230712890625
0.0256557464599609 -0.0101795196533203 -0.534332275390625 0.4525146484375
0.0334625244140625 -0.0241546630859375 -0.02813720703125 0.514801025390625
0.00934791564941406 -0.0277576446533203 0.314483642578125 0.202239990234375
-0.00696468353271484 -0.0136041641235352 0.333404541015625 -0.137939453125
-0.00455856323242187 -0.0286331176757812 -0.315093994140625 0.1656494140625
0.00776100158691406 -0.0234432220458984 -0.33062744140625 -0.110809326171875
0.0307998657226563 -0.0521278381347656 -0.080718994140625 -0.456512451171875
0.0514564514160156 -0.0197677612304688 0.41717529296875 -0.52911376953125
0.0173912048339844 0.0337600708007813 0.81207275390625 0.10015869140625
-0.0254936218261719 0.0207061767578125 0.4862060546875 0.8197021484375
-0.0109710693359375 0.0372848510742188 -0.162109375 0.7655029296875
-0.00726127624511718 0.0148372650146484 -0.022735595703125 0.133193969726563
-0.00411415100097656 0.0231704711914063 0.35699462890625 -0.59783935546875
0.0215740203857422 0.0109939575195313 -0.18304443359375 -0.99407958984375
0.0355987548828125 0.00954818725585938 -0.81744384765625 -0.29754638671875
0.0397224426269531 -0.0129356384277344 -0.533203125 0.45452880859375
0.0388374328613281 -0.0295143127441406 -0.033447265625 0.51043701171875
0.009002685546875 -0.0358505249023438 0.304443359375 0.2020263671875
-0.0105648040771484 -0.0185375213623047 0.32525634765625 -0.142730712890625
-0.00655364990234375 -0.0302104949951172 -0.3272705078125 0.157470703125
0.00421714782714844 -0.0280723571777344 -0.340301513671875 -0.1168212890625
0.0328865051269531 -0.0548286437988281 -0.074554443359375 -0.46142578125
0.0573844909667969 -0.0227127075195313 0.429412841796875 -0.523406982421875
0.0262298583984375 0.038848876953125 0.81365966796875 0.1224365234375
-0.018585205078125 0.0352859497070313 0.47021484375 0.82684326171875
-0.0173797607421875 0.0597114562988281 -0.16217041015625 0.7447509765625
-0.0258998870849609 0.0333309173583984 -0.0014190673828125 0.114669799804688
-0.0155830383300781 0.0456047058105469 0.35992431640625 -0.62042236328125
0.0282936096191406 0.0286884307861328 -0.2052001953125 -0.99346923828125
0.0476341247558594 0.0171241760253906 -0.8204345703125 -0.272705078125
0.0452156066894531 -0.0156745910644531 -0.52288818359375 0.463836669921875
0.0414848327636719 -0.0329132080078125 -0.023651123046875 0.504730224609375
0.0071868896484375 -0.0404167175292969 0.297882080078125 0.193359375
-0.0138511657714844 -0.0180683135986328 0.31231689453125 -0.152313232421875
0.0315761566162109 -0.0215702056884766 -0.311859130859375 0.15399169921875
0.0174331665039063 0.0258865356445313 -0.277816772460938 -0.151107788085938
-0.00279617309570313 0.0158548355102539 0.025787353515625 -0.497283935546875
-0.0446281433105469 0.0251922607421875 0.539520263671875 -0.457000732421875
-0.0865020751953125 0.00477600097656249 0.78936767578125 0.280029296875
-0.03729248046875 -0.0918121337890625 0.3035888671875 0.9140625
0.07672119140625 -0.0737228393554688 -0.26214599609375 0.69708251953125
0.132057189941406 -0.062103271484375 0.0254478454589844 0.0502471923828125
0.0763397216796875 -0.0924453735351562 0.240234375 -0.69989013671875
-0.00635528564453126 -0.0947647094726562 -0.4263916015625 -0.90789794921875
-0.0624580383300781 -0.015411376953125 -0.84942626953125 -0.0866699218750001
-0.0400619506835938 0.0374603271484375 -0.39471435546875 0.533599853515625
-0.0076446533203125 0.0231037139892578 0.09075927734375 0.4759521484375
0.00584030151367188 0.0194721221923828 0.34979248046875 0.142730712890625
0.0149974822998047 -0.00418758392333984 0.3096923828125 -0.16925048828125
0.0259151458740234 -0.0191936492919922 -0.297607421875 0.163055419921875
0.0187530517578125 0.0206470489501953 -0.279815673828125 -0.137069702148437
0.00301408767700195 0.00868415832519531 0.00424194335937497 -0.48516845703125
-0.0345134735107422 0.02056884765625 0.507415771484375 -0.476165771484375
-0.0771942138671875 0.00641632080078124 0.7987060546875 0.234130859375
-0.0477218627929688 -0.084075927734375 0.34906005859375 0.89947509765625
0.0686874389648438 -0.0749130249023438 -0.24853515625 0.7265625
0.129470825195313 -0.0644378662109375 -0.00302124023437498 0.0810165405273438
0.0748367309570313 -0.0939254760742188 0.25457763671875 -0.6717529296875
-0.00521087646484375 -0.096649169921875 -0.37457275390625 -0.93414306640625
-0.0556907653808594 -0.0209541320800781 -0.84814453125 -0.13720703125
-0.0364303588867188 0.0286445617675781 -0.4273681640625 0.518951416015625
-0.00432014465332031 0.0168981552124023 0.06756591796875 0.488983154296875
0.00641345977783203 0.01458740234375 0.348297119140625 0.156036376953125
0.0158615112304688 -0.00332832336425781 0.31964111328125 -0.161834716796875
0.0228080749511719 -0.0200252532958984 -0.292449951171875 0.169830322265625
0.0175142288208008 0.0129976272583008 -0.287841796875 -0.126190185546875
0.0104007720947266 -0.00328350067138672 -0.0240478515625 -0.47418212890625
-0.014338493347168 0.0135154724121094 0.47613525390625 -0.497222900390625
-0.0638427734375 0.0135231018066406 0.80615234375 0.18048095703125
-0.0512924194335937 -0.0703125 0.39996337890625 0.8726806640625
0.050567626953125 -0.0660667419433594 -0.225341796875 0.75164794921875
0.111312866210938 -0.057861328125 -0.02838134765625 0.106048583984375
0.0675811767578125 -0.08221435546875 0.27813720703125 -0.64093017578125
0.000389099121093746 -0.0879135131835938 -0.31719970703125 -0.95050048828125
-0.0447616577148438 -0.0255126953125 -0.842529296875 -0.18951416015625
-0.0253429412841797 0.0178451538085938 -0.463104248046875 0.499298095703125
0.00481605529785156 0.00909900665283203 0.03857421875 0.501678466796875
0.00885772705078125 0.00696086883544922 0.346588134765625 0.17230224609375
0.00931549072265625 -0.00441360473632813 0.328857421875 -0.1522216796875
0.0156898498535156 -0.0196876525878906 -0.289825439453125 0.175201416015625
0.017298698425293 0.0038909912109375 -0.297210693359375 -0.1136474609375
0.0195808410644531 -0.0181350708007813 -0.048309326171875 -0.465545654296875
0.00408029556274414 0.00333142280578613 0.4481201171875 -0.51715087890625
-0.043060302734375 0.0193939208984375 0.81005859375 0.13482666015625
-0.0511436462402344 -0.0477867126464844 0.44403076171875 0.84844970703125
0.0329818725585938 -0.0453376770019531 -0.19757080078125 0.77142333984375
0.0869369506835938 -0.044921875 -0.0415115356445313 0.129547119140625
0.0526008605957031 -0.0594139099121094 0.30047607421875 -0.61578369140625
0.00804519653320313 -0.0665702819824219 -0.26611328125 -0.9691162109375
-0.0244579315185547 -0.0204906463623047 -0.83544921875 -0.23828125
-0.0123701095581055 0.00662326812744141 -0.4921875 0.483428955078125
0.0130729675292969 -0.00428199768066406 0.013702392578125 0.510162353515625
0.00867748260498047 -0.00493431091308594 0.341217041015625 0.187591552734375
0.00580263137817383 -0.00633907318115234 0.335174560546875 -0.14361572265625
0.00779342651367188 -0.0223007202148438 -0.293121337890625 0.176422119140625
0.0133752822875977 -0.00787830352783203 -0.3092041015625 -0.1087646484375
0.0244464874267578 -0.0313796997070313 -0.066131591796875 -0.458160400390625
0.0228481292724609 -0.00712394714355469 0.42120361328125 -0.53106689453125
-0.0213298797607422 0.0230636596679687 0.812744140625 0.10174560546875
-0.0450439453125 -0.023681640625 0.47894287109375 0.8251953125
0.0143260955810547 -0.0202960968017578 -0.17626953125 0.78192138671875
0.0549583435058594 -0.0278854370117187 -0.0460052490234375 0.144149780273438
0.0343360900878906 -0.0333881378173828 0.3232421875 -0.5950927734375
0.0121498107910156 -0.0418510437011719 -0.224853515625 -0.98162841796875
-0.00226497650146484 -0.00962448120117188 -0.82958984375 -0.2745361328125
0.0087428092956543 -0.00212717056274414 -0.5179443359375 0.46875
0.0255088806152344 -0.0155372619628906 -0.0104980468749999 0.5137939453125
0.00864028930664063 -0.0157175064086914 0.328857421875 0.19598388671875
0.000275611877441407 -0.00952434539794922 0.335784912109375 -0.140960693359375
0.000835418701171875 -0.02508544921875 -0.301300048828125 0.176605224609375
0.0113649368286133 -0.0148839950561523 -0.319610595703125 -0.103851318359375
0.0286941528320313 -0.0445632934570313 -0.080352783203125 -0.455780029296875
0.0393867492675781 -0.0152397155761719 0.407318115234375 -0.53369140625
0.000167846679687499 0.0275421142578125 0.8106689453125 0.08599853515625
-0.0366744995117187 -0.000801086425781242 0.49542236328125 0.81378173828125
-0.000442504882812501 0.0112752914428711 -0.16064453125 0.77764892578125
0.0220317840576172 -0.00445365905761719 -0.0414581298828125 0.144912719726563
0.0132513046264648 -0.00319099426269531 0.3394775390625 -0.59246826171875
0.0158348083496094 -0.0151815414428711 -0.195556640625 -0.98980712890625
0.0181293487548828 -0.0011444091796875 -0.8194580078125 -0.29095458984375
0.0255107879638672 -0.0086669921875 -0.526031494140625 0.46026611328125
0.0346221923828125 -0.0250930786132813 -0.024017333984375 0.513031005859375
0.00693321228027344 -0.0278263092041016 0.31793212890625 0.200164794921875
-0.00639247894287109 -0.0141801834106445 0.330902099609375 -0.142608642578125
-0.00355339050292969 -0.0265007019042969 -0.31182861328125 0.171051025390625
0.00638771057128906 -0.0231513977050781 -0.329742431640625 -0.10479736328125
0.0303459167480469 -0.0530242919921875 -0.0859375000000001 -0.45458984375
0.0532608032226563 -0.0206718444824219 0.406982421875 -0.534332275390625
0.0161819458007813 0.0318412780761719 0.81158447265625 0.08966064453125
-0.0244045257568359 0.0203533172607422 0.49755859375 0.80987548828125
-0.0109405517578125 0.0392417907714844 -0.150634765625 0.76666259765625
-0.00460243225097656 0.0157785415649414 -0.02288818359375 0.134468078613281
-0.003997802734375 0.0228919982910156 0.35125732421875 -0.59967041015625
0.0211601257324219 0.0114974975585938 -0.19573974609375 -0.98931884765625
0.037109375 0.009765625 -0.81756591796875 -0.28802490234375
0.038299560546875 -0.0140495300292969 -0.526580810546875 0.459503173828125
0.0381088256835938 -0.0317306518554688 -0.025787353515625 0.50921630859375
0.00606918334960938 -0.0357856750488281 0.30706787109375 0.19610595703125
-0.0113992691040039 -0.0160655975341797 0.325225830078125 -0.1480712890625
-0.00656890869140625 -0.0307579040527344 -0.324188232421875 0.1651611328125
0.00423431396484375 -0.0290756225585938 -0.339996337890625 -0.110748291015625
0.0318183898925781 -0.0556411743164063 -0.081390380859375 -0.460784912109375
0.0574874877929688 -0.0211219787597656 0.42022705078125 -0.528167724609375
0.026397705078125 0.0384101867675781 0.81329345703125 0.11004638671875
-0.0162010192871094 0.0352134704589844 0.4803466796875 0.81890869140625
-0.0165672302246094 0.0596160888671875 -0.152099609375 0.74725341796875
-0.0254592895507813 0.0316944122314453 0.00111389160156249 0.115386962890625
-0.0154953002929688 0.0457305908203125 0.3529052734375 -0.622802734375
0.0270595550537109 0.0272655487060547 -0.2166748046875 -0.98944091796875
0.0468482971191406 0.0146064758300781 -0.82098388671875 -0.26251220703125
0.0449943542480469 -0.0157127380371094 -0.513397216796875 0.469879150390625
0.041046142578125 -0.0336837768554688 -0.01580810546875 0.5040283203125
0.00571441650390625 -0.0411949157714844 0.298980712890625 0.1884765625
-0.01385498046875 -0.0180435180664063 0.30908203125 -0.155242919921875
0.0335731506347656 -0.0192203521728516 -0.306549072265625 0.158111572265625
0.0205478668212891 0.0275897979736328 -0.278244018554688 -0.144607543945313
-0.0052947998046875 0.0160465240478516 0.017303466796875 -0.49749755859375
-0.0442237854003906 0.0258827209472656 0.529571533203125 -0.462677001953125
-0.0830764770507813 0.00505065917968751 0.79156494140625 0.26849365234375
-0.0416946411132813 -0.0913162231445313 0.313232421875 0.9072265625
0.0748291015625 -0.0760345458984375 -0.2510986328125 0.6988525390625
0.131904602050781 -0.0629653930664063 0.026458740234375 0.050262451171875
0.0730133056640625 -0.0943756103515625 0.22930908203125 -0.7000732421875
-0.0071868896484375 -0.0951614379882813 -0.43572998046875 -0.90228271484375
-0.0616798400878906 -0.0170745849609375 -0.846923828125 -0.07733154296875
-0.0413627624511719 0.0353889465332031 -0.38739013671875 0.537933349609375
-0.00628471374511719 0.0248317718505859 0.093353271484375 0.47705078125
0.008026123046875 0.0225429534912109 0.350982666015625 0.136962890625
0.0167741775512695 -0.0044708251953125 0.308258056640625 -0.174560546875
0.0268039703369141 -0.0232067108154297 -0.29547119140625 0.168426513671875
0.0195693969726563 0.0204334259033203 -0.280776977539062 -0.133026123046875
0.00139141082763672 0.00972557067871094 -0.00405883789062504 -0.48638916015625
-0.0323715209960938 0.0202827453613281 0.497894287109375 -0.48223876953125
-0.0783538818359375 0.00896453857421875 0.79766845703125 0.2215576171875
-0.04803466796875 -0.0848617553710938 0.356201171875 0.89019775390625
0.0690078735351563 -0.0761642456054688 -0.2371826171875 0.730712890625
0.128608703613281 -0.0632781982421875 -0.001556396484375 0.0788040161132813
0.07281494140625 -0.0952911376953125 0.2479248046875 -0.67291259765625
-0.00469970703125 -0.095794677734375 -0.38641357421875 -0.92486572265625
-0.0568122863769531 -0.0206108093261719 -0.84674072265625 -0.12677001953125
-0.0370979309082031 0.0305747985839844 -0.41851806640625 0.52581787109375
-0.00381088256835937 0.0176544189453125 0.072357177734375 0.488037109375
0.00801277160644531 0.0160560607910156 0.348663330078125 0.1497802734375
0.0119161605834961 -0.00204753875732422 0.31585693359375 -0.16485595703125
0.0235538482666016 -0.0184307098388672 -0.287872314453125 0.17376708984375
0.0209579467773438 0.0152549743652344 -0.287994384765625 -0.120269775390625
0.0124855041503906 -0.00268173217773438 -0.032379150390625 -0.4754638671875
-0.0184001922607422 0.0148735046386719 0.467864990234375 -0.504638671875
-0.0636520385742188 0.0133094787597656 0.80511474609375 0.17010498046875
-0.0518341064453125 -0.0688934326171875 0.40728759765625 0.86285400390625
0.0485649108886719 -0.0652275085449219 -0.21771240234375 0.7529296875
0.110588073730469 -0.0579757690429688 -0.0251922607421875 0.109230041503906
0.0660781860351563 -0.081451416015625 0.27032470703125 -0.63970947265625
0.00139617919921875 -0.0834732055664063 -0.33013916015625 -0.9459228515625
-0.0435523986816406 -0.0239448547363281 -0.84368896484375 -0.1805419921875
-0.02716064453125 0.0199317932128906 -0.4525146484375 0.50439453125
0.00505161285400391 0.00810146331787109 0.045379638671875 0.49859619140625
0.00959205627441406 0.00658988952636719 0.347564697265625 0.16552734375
0.00911331176757813 -0.00394058227539063 0.326873779296875 -0.156005859375
0.0180091857910156 -0.0237693786621094 -0.285614013671875 0.1800537109375
0.0196304321289063 0.00378036499023438 -0.296783447265625 -0.108612060546875
0.0174884796142578 -0.0181293487548828 -0.05242919921875 -0.463836669921875
0.00174164772033691 0.00266194343566894 0.43536376953125 -0.5208740234375
-0.0429458618164063 0.0212287902832031 0.80743408203125 0.12274169921875
-0.0499725341796875 -0.0455322265625 0.45416259765625 0.8424072265625
0.0336418151855469 -0.0482597351074219 -0.18609619140625 0.7713623046875
0.0839157104492188 -0.0444564819335938 -0.0387496948242188 0.129058837890625
0.05224609375 -0.0630226135253906 0.29583740234375 -0.61468505859375
0.004486083984375 -0.0670623779296875 -0.2769775390625 -0.95953369140625
-0.024627685546875 -0.0187034606933594 -0.8358154296875 -0.23126220703125
-0.011448860168457 0.00713539123535156 -0.484375 0.48687744140625
0.0131464004516602 -0.00374031066894531 0.02081298828125 0.5067138671875
0.00707006454467773 -0.00522232055664062 0.34136962890625 0.18218994140625
0.00460958480834961 -0.00526046752929688 0.33282470703125 -0.147247314453125
0.00848579406738281 -0.023590087890625 -0.29107666015625 0.18096923828125
0.0148677825927734 -0.00656509399414062 -0.305938720703125 -0.099853515625
0.0220909118652344 -0.0303764343261719 -0.074615478515625 -0.45654296875
0.0215606689453125 -0.00590133666992188 0.41436767578125 -0.532318115234375
-0.0211696624755859 0.0242404937744141 0.81024169921875 0.08880615234375
-0.0459747314453125 -0.0244636535644531 0.48992919921875 0.81915283203125
0.0154781341552734 -0.0184326171875 -0.1658935546875 0.779052734375
0.0538215637207031 -0.0289955139160156 -0.0438079833984375 0.142181396484375
0.0324344635009766 -0.0344619750976563 0.3115234375 -0.59918212890625
0.0127944946289062 -0.0408973693847656 -0.23486328125 -0.97412109375
-0.00383758544921875 -0.0130882263183594 -0.8284912109375 -0.265625
0.00730752944946289 -0.00183391571044922 -0.5096435546875 0.470123291015625
0.0232658386230469 -0.0151844024658203 -0.00161743164062503 0.512542724609375
0.00764274597167969 -0.0183887481689453 0.329986572265625 0.1915283203125
-0.00206375122070313 -0.0102415084838867 0.333740234375 -0.143646240234375
-0.000988006591796875 -0.0268192291259766 -0.296661376953125 0.180938720703125
0.0112066268920898 -0.0151252746582031 -0.3184814453125 -0.099090576171875
0.0247268676757813 -0.0457725524902344 -0.0873107910156249 -0.450897216796875
0.0383872985839844 -0.0181732177734375 0.397796630859375 -0.540008544921875
-0.000839233398437503 0.0285282135009766 0.81072998046875 0.07183837890625
-0.0344982147216797 0.00112533569335937 0.505859375 0.80328369140625
0.00221633911132813 0.00936412811279297 -0.1500244140625 0.77886962890625
0.0202598571777344 -0.00778961181640625 -0.03924560546875 0.14404296875
0.0135154724121094 -0.00487041473388672 0.3326416015625 -0.5933837890625
0.016510009765625 -0.015192985534668 -0.20416259765625 -0.9853515625
0.0196743011474609 -0.00152587890625 -0.82000732421875 -0.279541015625
0.0250682830810547 -0.0100154876708984 -0.51788330078125 0.46527099609375
0.0312900543212891 -0.02227783203125 -0.0164794921875 0.51165771484375
0.00710105895996094 -0.029296875 0.316650390625 0.19525146484375
-0.00776863098144532 -0.0145063400268555 0.327301025390625 -0.144805908203125
-0.00242042541503906 -0.0297222137451172 -0.30780029296875 0.175994873046875
0.00768852233886718 -0.0238418579101562 -0.32958984375 -0.0998535156249999
0.0300064086914063 -0.0511894226074219 -0.0925903320312501 -0.453155517578125
0.0494575500488281 -0.02288818359375 0.40020751953125 -0.53656005859375
0.0154094696044922 0.0342044830322266 0.81298828125 0.07806396484375
-0.0246620178222656 0.0223369598388672 0.5042724609375 0.80462646484375
-0.00658416748046875 0.0374107360839844 -0.14031982421875 0.76422119140625
-0.00767993927001953 0.0154504776000977 -0.0211563110351563 0.135040283203125
-0.0033111572265625 0.0239467620849609 0.3431396484375 -0.60260009765625
0.0228023529052734 0.0100517272949219 -0.2059326171875 -0.98046875
0.035888671875 0.00819778442382813 -0.81939697265625 -0.27716064453125
0.0385055541992188 -0.0138435363769531 -0.52105712890625 0.465667724609375
0.0372543334960938 -0.0325965881347656 -0.01837158203125 0.5096435546875
0.00551605224609375 -0.0371971130371094 0.308929443359375 0.190155029296875
-0.0115289688110352 -0.0155267715454102 0.3193359375 -0.151153564453125
-0.0062103271484375 -0.0299034118652344 -0.3197021484375 0.170135498046875
0.00414466857910156 -0.0263900756835938 -0.340545654296875 -0.105377197265625
0.0308303833007813 -0.0552787780761719 -0.08843994140625 -0.458526611328125
0.0564994812011719 -0.0229377746582031 0.411285400390625 -0.530364990234375
0.02716064453125 0.0397605895996094 0.81158447265625 0.10009765625
-0.0158042907714844 0.0360603332519531 0.488037109375 0.811279296875
-0.0131988525390625 0.0584373474121094 -0.14404296875 0.747314453125
-0.0257015228271484 0.0328006744384766 0.00193786621093751 0.115005493164063
-0.0157737731933594 0.0461959838867188 0.34356689453125 -0.62408447265625
0.0277671813964844 0.0286006927490234 -0.22564697265625 -0.9840087890625
0.04718017578125 0.0154533386230469 -0.822509765625 -0.25457763671875
0.0434112548828125 -0.0164642333984375 -0.5057373046875 0.473175048828125
0.0426216125488281 -0.0335502624511719 -0.01153564453125 0.501373291015625
0.0038909912109375 -0.0394630432128906 0.302581787109375 0.181610107421875
-0.0130176544189453 -0.0183010101318359 0.306121826171875 -0.160675048828125
0.0320167541503906 -0.0221405029296875 -0.30499267578125 0.1622314453125
0.0196819305419922 0.0245876312255859 -0.279037475585938 -0.1417236328125
-0.00322246551513672 0.0166168212890625 0.0114746093749999 -0.494049072265625
-0.0430717468261719 0.0279197692871094 0.5216064453125 -0.46728515625
-0.0821456909179688 0.00667572021484373 0.79217529296875 0.2569580078125
-0.0380935668945313 -0.0909805297851563 0.322021484375 0.90020751953125
0.0758895874023437 -0.0764999389648437 -0.24334716796875 0.69708251953125
0.12841796875 -0.0630111694335938 0.0263519287109375 0.0505714416503906
0.0726852416992188 -0.09375 0.21966552734375 -0.69903564453125
-0.00916290283203124 -0.0933837890625 -0.4429931640625 -0.89080810546875
-0.0605354309082031 -0.0147705078125 -0.84393310546875 -0.0676269531249998
-0.0403327941894531 0.0365524291992188 -0.37811279296875 0.539764404296875
-0.00750350952148437 0.0253181457519531 0.0997314453124999 0.473052978515625
0.00731468200683593 0.0205078125 0.348541259765625 0.13201904296875
0.0152511596679687 -0.00295352935791016 0.303802490234375 -0.177764892578125
0.0271778106689453 -0.0194644927978516 -0.291656494140625 0.171783447265625
0.0207443237304688 0.0199050903320313 -0.280410766601563 -0.128585815429687
0.00292682647705078 0.00991725921630859 -0.010223388671875 -0.48443603515625
-0.0323581695556641 0.0235805511474609 0.490631103515625 -0.4847412109375
-0.0767593383789062 0.00947570800781251 0.79852294921875 0.21051025390625
-0.0457992553710938 -0.0855484008789062 0.36639404296875 0.8824462890625
0.0654983520507812 -0.07659912109375 -0.2294921875 0.73004150390625
0.125679016113281 -0.065948486328125 -0.00230407714843749 0.0788116455078125
0.0730438232421875 -0.0931243896484375 0.23858642578125 -0.67071533203125
-0.006134033203125 -0.0941619873046875 -0.3927001953125 -0.91552734375
-0.0569915771484375 -0.0202484130859375 -0.84332275390625 -0.1187744140625
-0.0370941162109375 0.0295066833496094 -0.41314697265625 0.523712158203125
-0.00193595886230469 0.017669677734375 0.076995849609375 0.483428955078125
0.00838375091552735 0.0140113830566406 0.34979248046875 0.14508056640625
0.0132064819335938 -0.00266742706298828 0.312896728515625 -0.16748046875
0.0224399566650391 -0.0206527709960938 -0.285308837890625 0.178863525390625
0.0207538604736328 0.0141410827636719 -0.28668212890625 -0.116851806640625
0.0100917816162109 -0.00316619873046875 -0.03826904296875 -0.473175048828125
-0.0153961181640625 0.0139131546020508 0.457183837890625 -0.504486083984375
-0.0616569519042969 0.0150909423828125 0.80072021484375 0.1605224609375
-0.0505905151367188 -0.0679206848144531 0.41473388671875 0.85699462890625
0.0503158569335938 -0.0666694641113281 -0.2044677734375 0.752197265625
0.109001159667969 -0.0602569580078125 -0.0235748291015625 0.107650756835938
0.0656967163085938 -0.082672119140625 0.26177978515625 -0.64044189453125
-0.00142669677734376 -0.0849609375 -0.33831787109375 -0.9376220703125
-0.04345703125 -0.0228271484375 -0.83905029296875 -0.17193603515625
-0.0262641906738281 0.0184688568115234 -0.446319580078125 0.507476806640625
0.00432491302490234 0.00800895690917969 0.050262451171875 0.495452880859375
0.00863027572631836 0.00526094436645508 0.347808837890625 0.1619873046875
0.0109996795654297 -0.00378704071044922 0.324066162109375 -0.157989501953125
0.0159244537353516 -0.0210285186767578 -0.282928466796875 0.182952880859375
0.0193328857421875 0.00427818298339844 -0.29461669921875 -0.104766845703125
0.0171527862548828 -0.0162897109985352 -0.06024169921875 -0.46136474609375
0.0024571418762207 0.00454521179199219 0.42730712890625 -0.523101806640625
-0.0423545837402344 0.0206642150878906 0.8057861328125 0.113525390625
-0.050628662109375 -0.0466995239257813 0.46087646484375 0.83233642578125
0.03167724609375 -0.0474205017089844 -0.17864990234375 0.76947021484375
0.0851211547851562 -0.0476608276367187 -0.0386505126953125 0.130325317382813
0.0518722534179688 -0.0614051818847656 0.2850341796875 -0.6160888671875
0.00452041625976563 -0.0670585632324219 -0.2867431640625 -0.9537353515625
-0.0252532958984375 -0.0193367004394531 -0.8345947265625 -0.22015380859375
-0.0102138519287109 0.00633335113525391 -0.4774169921875 0.48895263671875
0.0136375427246094 -0.00346660614013672 0.024200439453125 0.503875732421875
0.00821638107299805 -0.00496673583984375 0.3414306640625 0.175445556640625
0.00546360015869141 -0.00622701644897461 0.32952880859375 -0.15106201171875
0.00791740417480469 -0.0237617492675781 -0.287445068359375 0.183807373046875
0.0154428482055664 -0.00558948516845703 -0.3074951171875 -0.097686767578125
0.0240631103515625 -0.0308856964111328 -0.081298828125 -0.454345703125
0.0225334167480469 -0.007080078125 0.402984619140625 -0.535736083984375
-0.0185050964355469 0.0246009826660156 0.80694580078125 0.080322265625
-0.0440139770507812 -0.0219650268554688 0.493408203125 0.80755615234375
0.0161838531494141 -0.0189056396484375 -0.15673828125 0.77783203125
0.0498199462890625 -0.0276641845703125 -0.0436248779296875 0.142379760742188
0.0326900482177734 -0.0329570770263672 0.3055419921875 -0.599365234375
0.0124549865722656 -0.0411911010742188 -0.24334716796875 -0.968994140625
-0.00255107879638672 -0.0115804672241211 -0.82769775390625 -0.25567626953125
0.00920677185058594 -0.00322055816650391 -0.500091552734375 0.47662353515625
0.0245227813720703 -0.0153484344482422 0.00192260742187498 0.509063720703125
0.00761985778808594 -0.0180492401123047 0.330810546875 0.184906005859375
-0.000341415405273438 -0.00880718231201172 0.330535888671875 -0.149017333984375
0.000766754150390627 -0.0254936218261719 -0.293243408203125 0.184295654296875
0.0120916366577148 -0.0145435333251953 -0.31927490234375 -0.093963623046875
0.0281219482421875 -0.0428085327148438 -0.09326171875 -0.45001220703125
0.0381126403808594 -0.0157966613769531 0.388885498046875 -0.54083251953125
0.00354957580566406 0.0298233032226563 0.8082275390625 0.06365966796875
-0.0329151153564453 0.00300025939941407 0.51068115234375 0.79473876953125
0.002410888671875 0.0100955963134766 -0.14013671875 0.776123046875
0.0205020904541016 -0.0051422119140625 -0.0357208251953125 0.143569946289063
0.0122098922729492 -0.00341415405273437 0.32403564453125 -0.59423828125
0.0156049728393555 -0.0145359039306641 -0.21624755859375 -0.9752197265625
0.0176353454589844 -0.00147247314453125 -0.82147216796875 -0.271484375
0.0249099731445313 -0.0101795196533203 -0.5126953125 0.467803955078125
0.0325202941894531 -0.0250988006591797 -0.01055908203125 0.509429931640625
0.00831031799316406 -0.0270061492919922 0.31976318359375 0.188018798828125
-0.00705432891845703 -0.013920783996582 0.324127197265625 -0.1507568359375
-0.003753662109375 -0.0284156799316406 -0.305908203125 0.18011474609375
0.00832748413085937 -0.0228424072265625 -0.327880859375 -0.0960693359375
0.027923583984375 -0.0516166687011719 -0.0986328125 -0.450439453125
0.0484504699707031 -0.0218391418457031 0.39044189453125 -0.540802001953125
0.0187091827392578 0.0341815948486328 0.8074951171875 0.06903076171875
-0.0235004425048828 0.0221805572509766 0.5111083984375 0.79205322265625
-0.00864791870117187 0.0370979309082031 -0.133544921875 0.763671875
-0.00868320465087891 0.0149526596069336 -0.019378662109375 0.133262634277344
-0.00310325622558594 0.0237274169921875 0.33544921875 -0.6015625
0.0209636688232422 0.0107231140136719 -0.2154541015625 -0.97674560546875
0.0361480712890625 0.00838470458984375 -0.818115234375 -0.269287109375
0.03790283203125 -0.0140724182128906 -0.511871337890625 0.4693603515625
0.0398063659667969 -0.0329170227050781 -0.01556396484375 0.507080078125
0.00550079345703125 -0.0362892150878906 0.309783935546875 0.1856689453125
-0.0112676620483398 -0.0143718719482422 0.315643310546875 -0.15338134765625
-0.005889892578125 -0.0300769805908203 -0.317413330078125 0.173919677734375
0.00691032409667969 -0.0260772705078125 -0.33819580078125 -0.10052490234375
0.0302772521972656 -0.0555839538574219 -0.089752197265625 -0.45428466796875
0.055145263671875 -0.0234832763671875 0.402191162109375 -0.534149169921875
0.0280036926269531 0.0385208129882813 0.809326171875 0.08892822265625
-0.0138664245605469 0.0369796752929688 0.49505615234375 0.80255126953125
-0.0120086669921875 0.0590248107910156 -0.1339111328125 0.7451171875
-0.0265979766845703 0.0330429077148438 0.00499725341796874 0.114913940429687
-0.0136184692382812 0.0446548461914062 0.33575439453125 -0.62603759765625
0.0275840759277344 0.0266304016113281 -0.23529052734375 -0.97418212890625
0.0476760864257813 0.0140457153320312 -0.8204345703125 -0.243896484375
0.042877197265625 -0.0171165466308594 -0.49951171875 0.478271484375
0.0391426086425781 -0.0341606140136719 -0.00643920898437497 0.501678466796875
0.00204086303710937 -0.0407142639160156 0.302001953125 0.177490234375
-0.0146951675415039 -0.0170097351074219 0.302947998046875 -0.163482666015625
0.0329341888427734 -0.0198612213134766 -0.30010986328125 0.165313720703125
0.0186786651611328 0.0250759124755859 -0.278305053710938 -0.136627197265625
-0.00316905975341797 0.0172357559204102 0.00448608398437503 -0.492340087890625
-0.0453071594238281 0.0288543701171875 0.515869140625 -0.47015380859375
-0.0848922729492188 0.00751495361328126 0.791015625 0.2503662109375
-0.0416336059570312 -0.09002685546875 0.32745361328125 0.890380859375
0.0714797973632813 -0.0779571533203125 -0.2373046875 0.69696044921875
0.127265930175781 -0.0618209838867188 0.0255813598632813 0.0474662780761719
0.0732040405273438 -0.0961227416992188 0.21099853515625 -0.69598388671875
-0.00966644287109375 -0.0922393798828125 -0.44964599609375 -0.88427734375
-0.0597572326660156 -0.0130233764648437 -0.842041015625 -0.0597534179687499
-0.0413360595703125 0.0373764038085937 -0.37255859375 0.539031982421875
-0.00573921203613281 0.0234966278076172 0.102294921875 0.467926025390625
0.00882148742675781 0.018280029296875 0.348602294921875 0.12640380859375
0.0181617736816406 -0.00287055969238281 0.29876708984375 -0.18035888671875
0.0296669006347656 -0.0184612274169922 -0.285736083984375 0.17413330078125
0.0198745727539062 0.0198040008544922 -0.278594970703125 -0.126251220703125
0.000857353210449219 0.00874757766723633 -0.01495361328125 -0.479095458984375
-0.0340023040771484 0.0218772888183594 0.483856201171875 -0.4876708984375
-0.0747756958007813 0.00894927978515627 0.7928466796875 0.2022705078125
-0.0449676513671875 -0.0822982788085938 0.37176513671875 0.87506103515625
0.0676651000976563 -0.0787200927734375 -0.2196044921875 0.72735595703125
0.125564575195313 -0.067108154296875 -0.00241851806640625 0.0792770385742188
0.0725555419921875 -0.0933456420898438 0.2314453125 -0.66986083984375
-0.00959777832031251 -0.0956878662109375 -0.39996337890625 -0.9072265625
-0.055511474609375 -0.0215187072753906 -0.83905029296875 -0.1112060546875
-0.0346031188964844 0.0291900634765625 -0.405731201171875 0.52685546875
-0.00353050231933594 0.0182704925537109 0.0838623046875 0.48248291015625
0.00762081146240235 0.0129671096801758 0.349761962890625 0.139556884765625
0.0139923095703125 -0.00303363800048828 0.30889892578125 -0.171112060546875
0.021514892578125 -0.020355224609375 -0.28106689453125 0.181396484375
0.0199489593505859 0.0113449096679688 -0.283447265625 -0.112213134765625
0.0101461410522461 -0.0004119873046875 -0.04095458984375 -0.471954345703125
-0.0153932571411133 0.0142745971679687 0.45001220703125 -0.5103759765625
-0.0637397766113281 0.0162887573242188 0.79779052734375 0.14630126953125
-0.0521965026855469 -0.0669746398925781 0.42462158203125 0.84454345703125
0.0487327575683594 -0.0658035278320313 -0.19622802734375 0.7493896484375
0.105575561523438 -0.0616455078125 -0.0257720947265625 0.106971740722656
0.0642318725585937 -0.0792160034179688 0.25799560546875 -0.639404296875
-0.00286865234375 -0.0825958251953125 -0.34332275390625 -0.9293212890625
-0.0453758239746094 -0.0239028930664063 -0.8397216796875 -0.16357421875
-0.0227775573730469 0.0176715850830078 -0.439361572265625 0.505523681640625
0.00412273406982422 0.00823211669921875 0.05389404296875 0.496185302734375
0.00699710845947266 0.00439453125 0.34661865234375 0.157257080078125
0.0115718841552734 -0.000517845153808594 0.32086181640625 -0.16241455078125
0.0181350708007813 -0.0253334045410156 -0.278533935546875 0.186935424804688
0.0189533233642578 0.00565147399902344 -0.29412841796875 -0.102264404296875
0.0176944732666016 -0.0164413452148438 -0.067413330078125 -0.458587646484375
0.00118327140808105 0.00369405746459961 0.418182373046875 -0.524261474609375
-0.0401191711425781 0.0215873718261719 0.8013916015625 0.10443115234375
-0.0487403869628906 -0.0468902587890625 0.4658203125 0.82440185546875
0.0344009399414063 -0.0463600158691406 -0.17059326171875 0.76861572265625
0.0808486938476563 -0.0473709106445313 -0.0378036499023438 0.129096984863281
0.0507469177246094 -0.0594978332519531 0.28021240234375 -0.6131591796875
0.00473403930664063 -0.0664138793945313 -0.2928466796875 -0.94622802734375
-0.0244865417480469 -0.0173358917236328 -0.833984375 -0.21044921875
-0.0116415023803711 0.00818443298339844 -0.471038818359375 0.494171142578125
0.0155210494995117 -0.00298976898193359 0.02874755859375 0.502899169921875
0.00878429412841797 -0.00480747222900391 0.3387451171875 0.169281005859375
0.00370287895202637 -0.00390315055847168 0.324676513671875 -0.156280517578125
0.0106887817382812 -0.0253505706787109 -0.28179931640625 0.188232421875
0.0166721343994141 -0.00552654266357422 -0.30609130859375 -0.090576171875
0.0257987976074219 -0.0323467254638672 -0.084991455078125 -0.448760986328125
0.0213851928710938 -0.00569725036621094 0.39605712890625 -0.536224365234375
-0.0211257934570312 0.0255279541015625 0.80059814453125 0.07293701171875
-0.0431556701660156 -0.0199813842773438 0.49615478515625 0.79742431640625
0.0178012847900391 -0.0200481414794922 -0.149658203125 0.77447509765625
0.0500526428222656 -0.0270919799804687 -0.0412139892578125 0.142929077148438
0.0327072143554687 -0.0321216583251953 0.2978515625 -0.596923828125
0.00683975219726563 -0.0435867309570313 -0.24908447265625 -0.96063232421875
-0.00290393829345703 -0.0137996673583984 -0.82598876953125 -0.24462890625
0.00641822814941406 -0.00525379180908203 -0.49517822265625 0.478973388671875
0.0257186889648438 -0.0136051177978516 0.00860595703124998 0.5068359375
0.00582027435302734 -0.0173234939575195 0.32861328125 0.181640625
-0.00195503234863281 -0.00895881652832031 0.325042724609375 -0.1513671875
0.00102615356445313 -0.0257778167724609 -0.28900146484375 0.1900634765625
0.0152578353881836 -0.0146780014038086 -0.316650390625 -0.0873413085937499
0.0243453979492188 -0.0447273254394531 -0.09918212890625 -0.44659423828125
0.0357208251953125 -0.0163383483886719 0.38055419921875 -0.54248046875
0.0027313232421875 0.0303859710693359 0.805908203125 0.057861328125
-0.0320930480957031 0.00333595275878906 0.51507568359375 0.78863525390625
-0.00137567520141601 0.00860500335693359 -0.13201904296875 0.77362060546875
0.0199737548828125 -0.00754547119140625 -0.0366363525390625 0.145523071289063
0.00946903228759766 -0.00381565093994141 0.31854248046875 -0.593505859375
0.0181617736816406 -0.0143547058105469 -0.22381591796875 -0.967529296875
0.0182037353515625 -0.0028076171875 -0.81890869140625 -0.26239013671875
0.0242862701416016 -0.0100479125976563 -0.507354736328125 0.471954345703125
0.0328235626220703 -0.0242176055908203 -0.00396728515624997 0.508087158203125
0.00491523742675781 -0.0263633728027344 0.3216552734375 0.183502197265625
-0.00945186614990234 -0.0128040313720703 0.323272705078125 -0.152252197265625
-0.00599479675292969 -0.0297088623046875 -0.30072021484375 0.18701171875
0.00771141052246094 -0.0194778442382813 -0.327178955078125 -0.091796875
0.0269813537597656 -0.0497703552246094 -0.10272216796875 -0.443450927734375
0.0488395690917969 -0.0202484130859375 0.382049560546875 -0.54083251953125
0.0177249908447266 0.0340137481689453 0.803466796875 0.05718994140625
-0.0220985412597656 0.0233573913574219 0.5145263671875 0.782470703125
-0.00611305236816406 0.0350246429443359 -0.125 0.7596435546875
-0.00790309906005859 0.0168008804321289 -0.0209121704101562 0.133903503417969
-0.00515174865722656 0.0241985321044922 0.326171875 -0.600830078125
0.0202102661132812 0.00793838500976562 -0.22332763671875 -0.9705810546875
0.0362815856933594 0.00785064697265625 -0.81683349609375 -0.26239013671875
0.0364532470703125 -0.016448974609375 -0.5059814453125 0.47052001953125
0.036407470703125 -0.0320358276367188 -0.01031494140625 0.505859375
0.00518608093261718 -0.0338859558105469 0.310577392578125 0.182403564453125
-0.0115652084350586 -0.015049934387207 0.3106689453125 -0.157501220703125
-0.0074462890625 -0.0310745239257812 -0.31024169921875 0.1761474609375
0.00480842590332031 -0.0236701965332031 -0.335601806640625 -0.097869873046875
0.0267524719238281 -0.054901123046875 -0.0943603515625 -0.450714111328125
0.0533180236816406 -0.0229339599609375 0.394805908203125 -0.53472900390625
0.0296821594238281 0.038482666015625 0.80426025390625 0.083251953125
-0.0136566162109375 0.0373954772949219 0.499755859375 0.79278564453125
-0.0115432739257813 0.0586166381835938 -0.12615966796875 0.743408203125
-0.0283031463623047 0.0346240997314453 0.00567626953124999 0.112335205078125
-0.014190673828125 0.0448760986328125 0.32855224609375 -0.62567138671875
0.0281944274902344 0.0275745391845703 -0.2423095703125 -0.967529296875
0.0469741821289063 0.0147781372070313 -0.8175048828125 -0.2349853515625
0.0430908203125 -0.017425537109375 -0.49334716796875 0.481719970703125
0.0375251770019531 -0.0348243713378906 -0.000396728515624964 0.501556396484375
0.00273895263671875 -0.0406341552734375 0.30218505859375 0.173675537109375
-0.0137996673583984 -0.0178947448730469 0.30133056640625 -0.165313720703125
0.0331325531005859 -0.0230693817138672 -0.299407958984375 0.168701171875
0.0199947357177734 0.0240974426269531 -0.2763671875 -0.13397216796875
-0.00168037414550781 0.0176753997802734 0.00195312500000005 -0.489654541015625
-0.0432090759277344 0.0270347595214844 0.507171630859375 -0.469940185546875
-0.0806732177734375 0.00920104980468748 0.78717041015625 0.23797607421875
-0.0399627685546875 -0.0906295776367188 0.32928466796875 0.8851318359375
0.0755386352539063 -0.0760955810546875 -0.2283935546875 0.69183349609375
0.127159118652344 -0.0632095336914063 0.0283012390136719 0.0489044189453125
0.0707244873046875 -0.094207763671875 0.20770263671875 -0.693603515625
-0.0123367309570313 -0.0924148559570312 -0.45489501953125 -0.8753662109375
-0.0603904724121094 -0.0124168395996094 -0.83489990234375 -0.051025390625
-0.0417366027832031 0.0353240966796875 -0.365478515625 0.5411376953125
-0.00901031494140625 0.0257034301757813 0.107574462890625 0.463531494140625
0.00432014465332032 0.0197238922119141 0.34954833984375 0.12506103515625
0.0162115097045898 -0.00542354583740234 0.295684814453125 -0.18194580078125
0.0275783538818359 -0.0211544036865234 -0.284515380859375 0.179046630859375
0.0237636566162109 0.0213432312011719 -0.280105590820313 -0.120315551757812
0.00332450866699219 0.0117931365966797 -0.019317626953125 -0.4765625
-0.0316047668457031 0.0229568481445313 0.47296142578125 -0.487579345703125
-0.0746536254882813 0.00978088378906251 0.791748046875 0.19488525390625
-0.0462417602539063 -0.082305908203125 0.377197265625 0.86639404296875
0.063995361328125 -0.0758438110351563 -0.2122802734375 0.724609375
0.120124816894531 -0.063934326171875 0.000465393066406256 0.0812149047851563
0.0686798095703125 -0.0952301025390625 0.22711181640625 -0.667724609375
-0.00931549072265626 -0.09234619140625 -0.40264892578125 -0.90069580078125
-0.0555763244628906 -0.0201034545898437 -0.83843994140625 -0.10272216796875
-0.03656005859375 0.0305061340332031 -0.39813232421875 0.524444580078125
-0.00156974792480469 0.0176467895507812 0.08447265625 0.4771728515625
0.00628280639648438 0.0101890563964844 0.34808349609375 0.134246826171875
0.015141487121582 -0.00149726867675781 0.3048095703125 -0.172637939453125
0.0229072570800781 -0.0218734741210938 -0.276092529296875 0.184677124023438
0.0232143402099609 0.0125522613525391 -0.2869873046875 -0.109466552734375
0.00867891311645508 -0.000322341918945313 -0.045562744140625 -0.467437744140625
-0.0193729400634766 0.0144081115722656 0.4407958984375 -0.504180908203125
-0.0601310729980469 0.0148429870605469 0.7947998046875 0.14080810546875
-0.0492820739746094 -0.0675277709960938 0.42633056640625 0.83416748046875
0.0491485595703125 -0.0681838989257813 -0.18902587890625 0.74957275390625
0.106925964355469 -0.0612106323242188 -0.0238876342773438 0.104774475097656
0.064483642578125 -0.0833740234375 0.2467041015625 -0.6356201171875
-0.0032806396484375 -0.0839157104492188 -0.349609375 -0.9178466796875
-0.0411796569824219 -0.0214309692382813 -0.8331298828125 -0.15625
-0.0263099670410156 0.0178928375244141 -0.43658447265625 0.508636474609375
0.00269126892089844 0.00937175750732422 0.059173583984375 0.487640380859375
0.00779914855957031 0.00553560256958008 0.349365234375 0.150360107421875
0.00824165344238281 -0.00297784805297852 0.31695556640625 -0.165435791015625
0.0177154541015625 -0.0215873718261719 -0.277114868164063 0.190261840820312
0.0203037261962891 0.00224685668945313 -0.293243408203125 -0.096099853515625
0.018157958984375 -0.0184440612792969 -0.07086181640625 -0.458831787109375
0.00418853759765625 0.00294613838195801 0.41094970703125 -0.52667236328125
-0.0413055419921875 0.0223159790039062 0.79766845703125 0.096435546875
-0.0483360290527344 -0.0445785522460937 0.4693603515625 0.812255859375
0.0297927856445313 -0.0491828918457031 -0.16510009765625 0.7664794921875
0.0797271728515625 -0.0480194091796875 -0.036163330078125 0.125724792480469
0.0509033203125 -0.0607643127441406 0.2713623046875 -0.611572265625
0.00353622436523438 -0.0650978088378906 -0.2962646484375 -0.9375
-0.0217761993408203 -0.0204010009765625 -0.8262939453125 -0.20513916015625
-0.00847625732421875 0.00582504272460938 -0.46490478515625 0.49334716796875
0.0136680603027344 -0.00421810150146484 0.034515380859375 0.498626708984375
0.00521612167358398 -0.00578403472900391 0.340972900390625 0.16546630859375
0.00594711303710938 -0.00592708587646484 0.3236083984375 -0.155242919921875
0.00972366333007812 -0.0212879180908203 -0.2801513671875 0.193893432617187
0.0185909271240234 -0.00554466247558594 -0.30615234375 -0.089935302734375
0.0209999084472656 -0.0316696166992188 -0.08758544921875 -0.449127197265625
0.0209236145019531 -0.0085906982421875 0.388427734375 -0.537841796875
-0.0165729522705078 0.027435302734375 0.80084228515625 0.06170654296875
-0.0438957214355469 -0.0197296142578125 0.49981689453125 0.78955078125
0.0121192932128906 -0.0171003341674805 -0.1392822265625 0.7713623046875
0.0496139526367188 -0.0280342102050781 -0.041015625 0.141204833984375
0.0320186614990234 -0.0338764190673828 0.2926025390625 -0.59619140625
0.0102005004882813 -0.0426902770996094 -0.25927734375 -0.9517822265625
-0.00188159942626953 -0.0112113952636719 -0.82196044921875 -0.24261474609375
0.00628232955932617 -0.00293636322021484 -0.48699951171875 0.4813232421875
0.0253658294677734 -0.0139923095703125 0.010894775390625 0.50787353515625
0.00638008117675781 -0.0157804489135742 0.329315185546875 0.17669677734375
-0.00031280517578125 -0.00781488418579102 0.320770263671875 -0.152618408203125
-0.00164413452148437 -0.0259037017822266 -0.285186767578125 0.19158935546875
0.0152759552001953 -0.0131540298461914 -0.314117431640625 -0.088043212890625
0.0259475708007813 -0.0451393127441406 -0.10272216796875 -0.442596435546875
0.0337238311767578 -0.0182628631591797 0.3740234375 -0.541168212890625
0.00274467468261719 0.0312576293945313 0.7987060546875 0.04986572265625
-0.0308685302734375 0.0037994384765625 0.51702880859375 0.77520751953125
0.00546550750732422 0.0114803314208984 -0.1251220703125 0.76678466796875
0.0174264907836914 -0.00538825988769531 -0.0325469970703125 0.1417236328125
0.011357307434082 -0.00459575653076172 0.31231689453125 -0.592041015625
0.0142307281494141 -0.0135726928710938 -0.22412109375 -0.96478271484375
0.0220394134521484 -0.00340461730957031 -0.8148193359375 -0.2537841796875
0.0256633758544922 -0.0111141204833984 -0.49755859375 0.468170166015625
0.0324153900146484 -0.0273036956787109 -0.00396728515624995 0.50592041015625
0.00642967224121094 -0.0269680023193359 0.31988525390625 0.1795654296875
-0.00841808319091797 -0.0113554000854492 0.3172607421875 -0.156219482421875
-0.00341033935546875 -0.0296344757080078 -0.29681396484375 0.183685302734375
0.00703620910644532 -0.0195083618164063 -0.32421875 -0.08331298828125
0.027435302734375 -0.0522613525390625 -0.108062744140625 -0.441986083984375
0.0442695617675781 -0.0211563110351563 0.374755859375 -0.538909912109375
0.0212879180908203 0.0322856903076172 0.8001708984375 0.0474853515625
-0.0205631256103516 0.0199642181396484 0.51904296875 0.77081298828125
-0.0050506591796875 0.0366020202636719 -0.11444091796875 0.75750732421875
-0.00595474243164063 0.0106935501098633 -0.01959228515625 0.132049560546875
-0.00184059143066406 0.0194416046142578 0.31817626953125 -0.60382080078125
0.0193061828613281 0.0105705261230469 -0.23077392578125 -0.9608154296875
0.0360260009765625 0.00780105590820313 -0.81121826171875 -0.2532958984375
0.0337696075439453 -0.0131740570068359 -0.5010986328125 0.47149658203125
0.0357551574707031 -0.0308876037597656 -0.00949096679687496 0.500335693359375
0.000925064086914063 -0.0322933197021484 0.31011962890625 0.17547607421875
-0.0130996704101563 -0.0139303207397461 0.30670166015625 -0.15924072265625
-0.00802230834960938 -0.0306568145751953 -0.309600830078125 0.181243896484375
0.00759315490722656 -0.0260448455810547 -0.336700439453125 -0.0882263183593749
0.0268173217773438 -0.0588607788085937 -0.09918212890625 -0.4501953125
0.0537910461425781 -0.0232925415039063 0.3851318359375 -0.537017822265625
0.0275421142578125 0.0365982055664063 0.79998779296875 0.07366943359375
-0.0107231140136719 0.0396842956542969 0.50152587890625 0.78289794921875
-0.0102615356445313 0.0584602355957031 -0.118408203125 0.73809814453125
-0.0277862548828125 0.0346813201904297 0.00534057617187501 0.112266540527344
-0.0135383605957031 0.0452690124511719 0.31878662109375 -0.6214599609375
0.0276756286621094 0.0264625549316406 -0.2467041015625 -0.95843505859375
0.0479965209960938 0.0125389099121094 -0.8153076171875 -0.23004150390625
0.0448417663574219 -0.0178260803222656 -0.482513427734375 0.4815673828125
0.040557861328125 -0.0354194641113281 0.00466918945312501 0.496307373046875
-0.000522613525390622 -0.0404090881347656 0.301544189453125 0.171478271484375
-0.0142230987548828 -0.0178413391113281 0.29742431640625 -0.169464111328125
0.033599853515625 -0.0224990844726563 -0.2926025390625 0.171600341796875
0.0215034484863281 0.0238761901855469 -0.276153564453125 -0.12945556640625
-0.0036468505859375 0.0171232223510742 -0.00323486328124996 -0.486907958984375
-0.0424880981445312 0.0287742614746094 0.499420166015625 -0.471343994140625
-0.0810089111328125 0.00769805908203126 0.783203125 0.2320556640625
-0.037506103515625 -0.0876846313476563 0.3355712890625 0.874755859375
0.0738525390625 -0.0773086547851563 -0.2232666015625 0.69036865234375
0.126914978027344 -0.0636672973632813 0.0274810791015625 0.0492362976074219
0.070404052734375 -0.092620849609375 0.20068359375 -0.6903076171875
-0.0118179321289063 -0.0914688110351562 -0.45623779296875 -0.86395263671875
-0.0614471435546875 -0.0133705139160156 -0.83209228515625 -0.0478515624999998
-0.0387344360351563 0.0378036499023438 -0.358612060546875 0.538970947265625
-0.005950927734375 0.0248928070068359 0.108612060546875 0.462249755859375
0.00641441345214844 0.018463134765625 0.348785400390625 0.11810302734375
0.0148334503173828 -0.00208282470703125 0.292877197265625 -0.182891845703125
0.0289630889892578 -0.0219211578369141 -0.280059814453125 0.179794311523438
0.0256614685058594 0.020538330078125 -0.276168823242188 -0.11663818359375
0.00276565551757813 0.00934410095214844 -0.02386474609375 -0.47650146484375
-0.0323448181152344 0.0223369598388672 0.4688720703125 -0.48834228515625
-0.0730361938476563 0.0118331909179687 0.7862548828125 0.18756103515625
-0.04473876953125 -0.0828475952148437 0.37969970703125 0.85772705078125
0.0644302368164063 -0.0787506103515625 -0.20623779296875 0.719970703125
0.121566772460938 -0.068084716796875 -0.000396728515624995 0.0790481567382813
0.067352294921875 -0.0936355590820313 0.22021484375 -0.66265869140625
-0.00833892822265624 -0.0915374755859375 -0.40789794921875 -0.89031982421875
-0.0574264526367188 -0.0205307006835937 -0.83233642578125 -0.0977172851562499
-0.0354881286621094 0.0294532775878906 -0.3902587890625 0.524658203125
-0.000495910644531251 0.0190677642822266 0.085235595703125 0.47613525390625
0.007476806640625 0.0159215927124023 0.348236083984375 0.131011962890625
0.0128288269042969 -0.00130748748779297 0.30462646484375 -0.173004150390625
0.0231170654296875 -0.0243644714355469 -0.275146484375 0.186676025390625
0.0221424102783203 0.0128307342529297 -0.283538818359375 -0.105010986328125
0.00961780548095703 -0.00517559051513672 -0.051055908203125 -0.46710205078125
-0.0163908004760742 0.015070915222168 0.437255859375 -0.50640869140625
-0.0593223571777344 0.0175857543945312 0.79107666015625 0.13568115234375
-0.049468994140625 -0.0671882629394531 0.4278564453125 0.831787109375
0.0494728088378906 -0.0684394836425781 -0.183837890625 0.7431640625
0.104103088378906 -0.0610733032226563 -0.0214385986328125 0.105506896972656
0.0626144409179688 -0.0821990966796875 0.24322509765625 -0.63360595703125
-0.00350189208984374 -0.0845870971679688 -0.3515625 -0.9149169921875
-0.0442543029785156 -0.0220451354980469 -0.830322265625 -0.15020751953125
-0.0248966217041016 0.019683837890625 -0.42572021484375 0.510711669921875
0.00324821472167969 0.00795841217041015 0.060882568359375 0.485626220703125
0.00662374496459961 0.00787258148193359 0.34735107421875 0.146820068359375
0.0101146697998047 -0.00255393981933594 0.31414794921875 -0.16522216796875
0.0163593292236328 -0.025054931640625 -0.272781372070313 0.191299438476563
0.0207653045654297 0.00350189208984375 -0.29119873046875 -0.09375
0.0160255432128906 -0.0161933898925781 -0.0732421875 -0.452728271484375
0.00229120254516602 0.00390243530273438 0.40545654296875 -0.526092529296875
-0.0391426086425781 0.0222053527832031 0.79302978515625 0.09130859375
-0.04833984375 -0.0439910888671875 0.4713134765625 0.80633544921875
0.0321006774902344 -0.0486526489257813 -0.1573486328125 0.76123046875
0.0781402587890625 -0.047637939453125 -0.0347976684570312 0.128791809082031
0.0488357543945313 -0.0600204467773438 0.26617431640625 -0.6092529296875
0.00230789184570312 -0.0646743774414063 -0.3011474609375 -0.93206787109375
-0.0250320434570313 -0.0199489593505859 -0.8270263671875 -0.198486328125
-0.0116090774536133 0.0078268051147461 -0.458282470703125 0.49273681640625
0.0145387649536133 -0.00315761566162109 0.03485107421875 0.494598388671875
0.00766181945800781 -0.00497865676879883 0.33929443359375 0.16070556640625
0.00584936141967773 -0.00530624389648438 0.31915283203125 -0.156951904296875
0.00982475280761719 -0.0245723724365234 -0.27545166015625 0.192169189453125
0.0160722732543945 -0.00538444519042969 -0.302734375 -0.0869140625
0.0205421447753906 -0.0299663543701172 -0.0926513671875 -0.443817138671875
0.0204315185546875 -0.00660896301269531 0.38092041015625 -0.53436279296875
-0.0162124633789062 0.02728271484375 0.7926025390625 0.05908203125
-0.0415611267089844 -0.0199623107910156 0.50341796875 0.784423828125
0.0160961151123047 -0.0197715759277344 -0.137939453125 0.769287109375
0.0493698120117187 -0.0288925170898438 -0.03857421875 0.140975952148438
0.0313282012939453 -0.0337772369384766 0.28717041015625 -0.59405517578125
0.0104179382324219 -0.0400123596191406 -0.25775146484375 -0.9471435546875
-0.00457572937011719 -0.0119247436523438 -0.81854248046875 -0.23236083984375
0.00704145431518555 -0.00363016128540039 -0.481414794921875 0.478546142578125
0.0248374938964844 -0.0155696868896484 0.014068603515625 0.499847412109375
0.00710201263427734 -0.0161008834838867 0.331329345703125 0.171966552734375
-0.00119733810424805 -0.00768280029296875 0.3214111328125 -0.1563720703125
0.00119972229003906 -0.0252704620361328 -0.28399658203125 0.192962646484375
0.0118932723999023 -0.0139284133911133 -0.311859130859375 -0.080902099609375
0.0243148803710937 -0.0442314147949219 -0.105438232421875 -0.441619873046875
0.0347881317138672 -0.0155925750732422 0.3668212890625 -0.540191650390625
0.00432586669921875 0.0285224914550781 0.79107666015625 0.0413818359375
-0.0287399291992188 0.00327682495117187 0.51953125 0.769775390625
0.00271129608154297 0.00837182998657226 -0.1199951171875 0.765625
0.0175008773803711 -0.00653553009033203 -0.030792236328125 0.143264770507812
0.0134706497192383 -0.00471401214599609 0.30657958984375 -0.58917236328125
0.0149068832397461 -0.0132780075073242 -0.23394775390625 -0.95458984375
0.0171432495117188 -0.00335788726806641 -0.8109130859375 -0.25164794921875
0.0239162445068359 -0.0122299194335937 -0.49383544921875 0.47003173828125
0.0337371826171875 -0.024505615234375 0.00152587890624997 0.502655029296875
0.0054779052734375 -0.0273952484130859 0.321197509765625 0.17474365234375
-0.00754356384277344 -0.0102682113647461 0.3157958984375 -0.1572265625
-0.00330162048339844 -0.029144287109375 -0.29388427734375 0.190338134765625
0.00896072387695313 -0.0226573944091797 -0.323699951171875 -0.0804443359375
0.0279655456542969 -0.0531578063964844 -0.10791015625 -0.44195556640625
0.0469589233398438 -0.0228309631347656 0.368377685546875 -0.5377197265625
0.0208988189697266 0.0344333648681641 0.7930908203125 0.047119140625
-0.0198688507080078 0.0218029022216797 0.51995849609375 0.7691650390625
-0.00517654418945312 0.0346565246582031 -0.11297607421875 0.75396728515625
-0.00977897644042969 0.0145254135131836 -0.0167236328125 0.133224487304688
-0.00408363342285156 0.0227317810058594 0.31707763671875 -0.5987548828125
0.0196514129638672 0.00946235656738281 -0.23199462890625 -0.95562744140625
0.0368423461914063 0.00696563720703125 -0.81011962890625 -0.247802734375
0.0375328063964844 -0.0166511535644531 -0.490509033203125 0.472503662109375
0.0371856689453125 -0.0316162109375 -0.00274658203124999 0.498687744140625
0.00457382202148437 -0.0350456237792969 0.30908203125 0.1737060546875
-0.0109224319458008 -0.0130691528320312 0.305938720703125 -0.161834716796875
-0.00669288635253906 -0.0315227508544922 -0.305816650390625 0.183135986328125
0.00665283203125 -0.0255126953125 -0.330718994140625 -0.0869445800781249
0.02874755859375 -0.054962158203125 -0.103515625 -0.445404052734375
0.0532264709472656 -0.0223808288574219 0.3795166015625 -0.535369873046875
0.0305976867675781 0.0368995666503906 0.79541015625 0.06719970703125
-0.0124053955078125 0.0372657775878906 0.50616455078125 0.77703857421875
-0.0108375549316406 0.0580978393554688 -0.11419677734375 0.737060546875
-0.0259265899658203 0.0321464538574219 0.00841522216796876 0.112464904785156
-0.0132484436035156 0.0453453063964844 0.3184814453125 -0.61968994140625
0.0275745391845703 0.0277214050292969 -0.25103759765625 -0.95489501953125
0.0472373962402344 0.0131034851074219 -0.811767578125 -0.224609375
0.0439300537109375 -0.0177001953125 -0.477264404296875 0.48175048828125
0.0393447875976563 -0.0335693359375 0.00360107421875001 0.491485595703125
-0.000423431396484375 -0.0383110046386719 0.30279541015625 0.164703369140625
-0.0155658721923828 -0.0158672332763672 0.29443359375 -0.16973876953125
0.0326938629150391 -0.0233974456787109 -0.29034423828125 0.1717529296875
0.0229682922363281 0.0255374908447266 -0.2740478515625 -0.128173828125
-0.00309562683105469 0.0176982879638672 -0.00588989257812504 -0.48443603515625
-0.0427093505859375 0.0300445556640625 0.495086669921875 -0.47259521484375
-0.0787200927734375 0.0099639892578125 0.77838134765625 0.22869873046875
-0.0393905639648438 -0.0874099731445313 0.3363037109375 0.87054443359375
0.0745697021484375 -0.0786285400390625 -0.2188720703125 0.6885986328125
0.124229431152344 -0.0642318725585938 0.0267333984375 0.0491600036621094
0.0682296752929688 -0.0921707153320313 0.198974609375 -0.68603515625
-0.0110015869140625 -0.0899734497070313 -0.45458984375 -0.85797119140625
-0.0615119934082031 -0.0135078430175781 -0.825927734375 -0.0437011718749999
-0.0386085510253906 0.0384559631347656 -0.3543701171875 0.537689208984375
-0.00581741333007813 0.0270786285400391 0.110443115234375 0.459259033203125
0.00629425048828125 0.0202732086181641 0.34783935546875 0.115264892578125
0.0158615112304688 -0.00310325622558594 0.29193115234375 -0.180938720703125
0.0271072387695313 -0.0232334136962891 -0.276519775390625 0.180389404296875
0.0242176055908203 0.0194969177246094 -0.275497436523438 -0.1160888671875
0.00342655181884766 0.0101289749145508 -0.028839111328125 -0.473175048828125
-0.0314712524414062 0.0241279602050781 0.464324951171875 -0.48663330078125
-0.0715103149414063 0.0125350952148438 0.78033447265625 0.1824951171875
-0.0446853637695312 -0.0817718505859375 0.3802490234375 0.8521728515625
0.0638427734375 -0.0787887573242187 -0.20025634765625 0.71636962890625
0.120246887207031 -0.0665817260742188 0.000999450683593755 0.0788192749023438
0.067962646484375 -0.0937423706054688 0.21661376953125 -0.659423828125
-0.00980377197265624 -0.0913238525390625 -0.4075927734375 -0.883544921875
-0.0571174621582031 -0.0188713073730469 -0.82891845703125 -0.0942382812500002
-0.0354804992675781 0.0285758972167969 -0.3885498046875 0.522705078125
-0.001556396484375 0.016937255859375 0.0888671875 0.470123291015625
0.00700950622558594 0.0155858993530273 0.3489990234375 0.128814697265625
0.0133914947509766 -0.00272274017333984 0.301483154296875 -0.17559814453125
0.0224494934082031 -0.0240039825439453 -0.271453857421875 0.1883544921875
0.0239467620849609 0.012664794921875 -0.2816162109375 -0.10308837890625
0.0108823776245117 -0.00319957733154297 -0.055145263671875 -0.460479736328125
-0.0157279968261719 0.0155344009399414 0.429931640625 -0.507659912109375
-0.0569534301757812 0.0180587768554688 0.78631591796875 0.13165283203125
-0.0498695373535156 -0.0658988952636719 0.42999267578125 0.823974609375
0.0487251281738281 -0.0690155029296875 -0.17962646484375 0.740966796875
0.102584838867188 -0.0607681274414063 -0.0206832885742188 0.105766296386719
0.0598907470703125 -0.0817718505859375 0.23974609375 -0.6280517578125
-0.00557708740234374 -0.081634521484375 -0.35284423828125 -0.90557861328125
-0.0427436828613281 -0.0211944580078125 -0.823974609375 -0.1461181640625
-0.0252285003662109 0.0195713043212891 -0.42205810546875 0.50799560546875
0.00545930862426758 0.00790643692016602 0.063385009765625 0.484893798828125
0.00705528259277344 0.00545597076416016 0.3448486328125 0.144195556640625
0.00979709625244141 -0.00244331359863281 0.310546875 -0.16632080078125
0.0173492431640625 -0.0232677459716797 -0.26904296875 0.193740844726562
0.020111083984375 0.00363731384277344 -0.288726806640625 -0.09088134765625
0.0170841217041016 -0.0164604187011719 -0.0755615234375 -0.451507568359375
0.00234508514404297 0.00380778312683105 0.399200439453125 -0.5245361328125
-0.0393524169921875 0.0232353210449219 0.7890625 0.08404541015625
-0.0474662780761719 -0.043365478515625 0.47308349609375 0.79925537109375
0.0313987731933594 -0.0482139587402344 -0.15386962890625 0.75787353515625
0.0791168212890625 -0.0475921630859375 -0.0343170166015625 0.128402709960938
0.0479164123535156 -0.0593338012695313 0.26397705078125 -0.6041259765625
0.0030517578125 -0.0669326782226563 -0.30426025390625 -0.92620849609375
-0.0252532958984375 -0.0193538665771484 -0.819580078125 -0.193115234375
-0.0102605819702148 0.00610733032226562 -0.454559326171875 0.491455078125
0.0132694244384766 -0.0042266845703125 0.03668212890625 0.492828369140625
0.00674724578857422 -0.00546741485595703 0.339141845703125 0.158905029296875
0.00644540786743164 -0.00442647933959961 0.31683349609375 -0.15887451171875
0.0102939605712891 -0.0262165069580078 -0.270889282226563 0.196670532226563
0.0180454254150391 -0.00464439392089844 -0.29949951171875 -0.08294677734375
0.0211734771728516 -0.0308914184570313 -0.09405517578125 -0.44146728515625
0.0201930999755859 -0.00765800476074219 0.37591552734375 -0.534149169921875
-0.0170516967773438 0.0259208679199219 0.7908935546875 0.05291748046875
-0.0399627685546875 -0.0200271606445313 0.50457763671875 0.77496337890625
0.0158100128173828 -0.0221824645996094 -0.13134765625 0.76422119140625
0.0483818054199219 -0.0285072326660156 -0.03839111328125 0.141433715820313
0.0308914184570313 -0.0344257354736328 0.28302001953125 -0.591796875
0.00860977172851563 -0.0422515869140625 -0.260009765625 -0.93890380859375
-0.00238227844238281 -0.0119705200195313 -0.81640625 -0.22796630859375
0.00690841674804687 -0.00302696228027344 -0.476470947265625 0.480072021484375
0.0245857238769531 -0.0146656036376953 0.015289306640625 0.498748779296875
0.00633621215820313 -0.0172271728515625 0.329437255859375 0.16949462890625
-0.00123262405395508 -0.00720882415771484 0.317596435546875 -0.156524658203125
0.00180625915527344 -0.0273361206054688 -0.27935791015625 0.195358276367188
0.0151605606079102 -0.0142841339111328 -0.310638427734375 -0.0791015625
0.0241851806640625 -0.0430946350097656 -0.107635498046875 -0.437255859375
0.0353240966796875 -0.0172157287597656 0.36236572265625 -0.53802490234375
0.00434112548828125 0.0288143157958984 0.7872314453125 0.03753662109375
-0.0307579040527344 0.00263404846191406 0.52142333984375 0.76239013671875
0.00346851348876953 0.00830316543579102 -0.11444091796875 0.760986328125
0.0175065994262695 -0.0060272216796875 -0.03192138671875 0.143081665039063
0.0112524032592773 -0.00509548187255859 0.30169677734375 -0.5859375
0.0145912170410156 -0.014434814453125 -0.23284912109375 -0.94775390625
0.0159282684326172 -0.00257492065429687 -0.81011962890625 -0.24481201171875
0.0230293273925781 -0.0102748870849609 -0.486328125 0.46942138671875
0.0330696105957031 -0.0251789093017578 0.00515747070312505 0.49871826171875
0.00451469421386719 -0.0270137786865234 0.318572998046875 0.17218017578125
-0.00610542297363281 -0.00939178466796875 0.31158447265625 -0.158966064453125
-0.00341033935546875 -0.0292816162109375 -0.288909912109375 0.190216064453125
0.0095977783203125 -0.0216293334960938 -0.32098388671875 -0.078582763671875
0.0259246826171875 -0.0523948669433594 -0.111053466796875 -0.4375
0.0470542907714844 -0.0221595764160156 0.3621826171875 -0.538116455078125
0.0208473205566406 0.0333042144775391 0.79046630859375 0.040771484375
-0.0194950103759766 0.0228271484375 0.52081298828125 0.75933837890625
-0.00526237487792969 0.0338706970214844 -0.1082763671875 0.7491455078125
-0.00844192504882813 0.0149021148681641 -0.0162429809570312 0.132293701171875
-0.00277137756347656 0.0242862701416016 0.3115234375 -0.5968017578125
0.0221328735351563 0.00892066955566406 -0.2327880859375 -0.9482421875
0.0359077453613281 0.00436019897460938 -0.806396484375 -0.24420166015625
0.0363998413085938 -0.0167694091796875 -0.485931396484375 0.4713134765625
0.0376243591308594 -0.031494140625 -0.00299072265624999 0.4970703125
0.00299644470214844 -0.0345878601074219 0.309600830078125 0.171051025390625
-0.0110626220703125 -0.0124168395996094 0.303680419921875 -0.16217041015625
-0.00459098815917969 -0.0304317474365234 -0.302825927734375 0.186553955078125
0.00742340087890625 -0.0247592926025391 -0.3309326171875 -0.083770751953125
0.0270767211914063 -0.0542831420898438 -0.106414794921875 -0.4420166015625
0.0505447387695313 -0.0236740112304688 0.375518798828125 -0.532806396484375
0.0300559997558594 0.0377120971679688 0.79119873046875 0.06256103515625
-0.0106277465820313 0.0359268188476563 0.50921630859375 0.76947021484375
-0.0102348327636719 0.0565261840820313 -0.10748291015625 0.73248291015625
-0.0271797180175781 0.0336418151855469 0.0062103271484375 0.112556457519531
-0.0103187561035156 0.0443229675292969 0.31243896484375 -0.61700439453125
0.0267753601074219 0.0254077911376953 -0.25396728515625 -0.94769287109375
0.04595947265625 0.0114784240722656 -0.80853271484375 -0.2177734375
0.0418128967285156 -0.0182228088378906 -0.471282958984375 0.48297119140625
0.0389518737792969 -0.0341224670410156 0.00695800781250005 0.48797607421875
0.000442504882812498 -0.0394020080566406 0.300537109375 0.16473388671875
-0.0156402587890625 -0.0147218704223633 0.290252685546875 -0.16815185546875
0.0320148468017578 -0.0222682952880859 -0.286346435546875 0.174774169921875
0.0254421234130859 0.0260295867919922 -0.272476196289063 -0.1248779296875
-0.00227642059326172 0.0168352127075195 -0.00878906250000002 -0.479888916015625
-0.041748046875 0.0287818908691406 0.4884033203125 -0.46990966796875
-0.0774688720703125 0.0105056762695313 0.7735595703125 0.22479248046875
-0.0382080078125 -0.0878372192382812 0.3375244140625 0.86553955078125
0.07476806640625 -0.077667236328125 -0.21356201171875 0.68597412109375
0.124198913574219 -0.0640182495117188 0.0265998840332031 0.0478553771972656
0.067626953125 -0.0926361083984375 0.1939697265625 -0.682373046875
-0.0133438110351563 -0.0897903442382813 -0.45526123046875 -0.8525390625
-0.0610771179199219 -0.0130081176757813 -0.82330322265625 -0.0415039062499999
-0.040252685546875 0.0386962890625 -0.35040283203125 0.536163330078125
-0.00528717041015625 0.0237045288085938 0.110809326171875 0.45745849609375
0.00571250915527344 0.0204811096191406 0.348236083984375 0.113067626953125
0.0178146362304688 -0.00222969055175781 0.28717041015625 -0.18353271484375
0.0280876159667969 -0.0225830078125 -0.274810791015625 0.182540893554688
0.0246086120605469 0.018402099609375 -0.272674560546875 -0.11346435546875
0.00309181213378906 0.00955486297607422 -0.03228759765625 -0.4696044921875
-0.0315628051757813 0.0258045196533203 0.458343505859375 -0.487884521484375
-0.070831298828125 0.012115478515625 0.77685546875 0.17852783203125
-0.0464859008789062 -0.0801467895507813 0.38232421875 0.84686279296875
0.062896728515625 -0.0785369873046875 -0.19659423828125 0.71246337890625
0.118782043457031 -0.066864013671875 0.00244903564453126 0.0786590576171875
0.0676422119140625 -0.0909957885742187 0.21466064453125 -0.65533447265625
-0.012115478515625 -0.090179443359375 -0.4088134765625 -0.87713623046875
-0.0561027526855469 -0.0174980163574219 -0.8245849609375 -0.09075927734375
-0.0347671508789062 0.0302715301513672 -0.38037109375 0.521270751953125
-0.0011911392211914 0.0175304412841797 0.090545654296875 0.46661376953125
0.00645637512207031 0.0151777267456055 0.348724365234375 0.12591552734375
0.0136499404907227 0.000135421752929688 0.299285888671875 -0.175079345703125
0.0219974517822266 -0.0263252258300781 -0.268692016601562 0.189651489257813
0.0252571105957031 0.0122661590576172 -0.279922485351563 -0.100616455078125
0.00930404663085938 -0.00323867797851563 -0.055419921875 -0.458984375
-0.0159111022949219 0.0145702362060547 0.4248046875 -0.50604248046875
-0.0573463439941406 0.0194206237792969 0.78167724609375 0.12542724609375
-0.0479660034179688 -0.0648612976074219 0.42913818359375 0.81793212890625
0.0494041442871094 -0.0672416687011719 -0.17633056640625 0.73406982421875
0.102203369140625 -0.0599288940429688 -0.0210647583007812 0.10614013671875
0.0598297119140625 -0.080596923828125 0.2371826171875 -0.627197265625
-0.00534820556640624 -0.0804214477539063 -0.35577392578125 -0.8968505859375
-0.0431480407714844 -0.0201339721679688 -0.82171630859375 -0.14215087890625
-0.0258922576904297 0.0184478759765625 -0.41851806640625 0.507171630859375
0.00521087646484375 0.00770664215087891 0.064727783203125 0.4815673828125
0.00667619705200195 0.00660324096679687 0.343841552734375 0.141937255859375
0.0101747512817383 -0.00107097625732422 0.30999755859375 -0.16729736328125
0.0151042938232422 -0.0242137908935547 -0.266616821289062 0.193374633789063
0.0225906372070313 0.00360870361328125 -0.289886474609375 -0.08917236328125
0.0173845291137695 -0.0170431137084961 -0.077880859375 -0.447662353515625
0.00149059295654297 0.00579261779785156 0.39544677734375 -0.52130126953125
-0.0373649597167969 0.0218162536621094 0.78607177734375 0.08209228515625
-0.0482749938964844 -0.0432014465332031 0.47076416015625 0.79132080078125
0.0308113098144531 -0.0489730834960938 -0.14935302734375 0.7535400390625
0.0765762329101562 -0.046295166015625 -0.0329055786132813 0.128250122070313
0.0482254028320313 -0.0605354309082031 0.260986328125 -0.60272216796875
0.000251770019531247 -0.0655097961425781 -0.30419921875 -0.9202880859375
-0.025177001953125 -0.0186443328857422 -0.81829833984375 -0.19000244140625
-0.0103883743286133 0.00532150268554688 -0.449493408203125 0.49102783203125
0.0140933990478516 -0.00321578979492187 0.03955078125 0.489959716796875
0.00531339645385742 -0.00397109985351563 0.3385009765625 0.1563720703125
0.00485420227050781 -0.0039982795715332 0.313720703125 -0.160614013671875
0.0103988647460938 -0.0270919799804688 -0.268646240234375 0.197219848632812
0.0192432403564453 -0.00624465942382813 -0.29705810546875 -0.08154296875
0.0207424163818359 -0.03179931640625 -0.094696044921875 -0.43719482421875
0.0195732116699219 -0.00728416442871094 0.370574951171875 -0.530975341796875
-0.016082763671875 0.0256214141845703 0.7850341796875 0.050537109375
-0.0389480590820313 -0.0201148986816406 0.5035400390625 0.76776123046875
0.0148983001708984 -0.0211563110351563 -0.12652587890625 0.7606201171875
0.0461654663085938 -0.0290412902832031 -0.03790283203125 0.140792846679688
0.0308113098144531 -0.033782958984375 0.2822265625 -0.5880126953125
0.00765609741210938 -0.0403366088867188 -0.26531982421875 -0.93505859375
-0.00357151031494141 -0.0110130310058594 -0.8121337890625 -0.22357177734375
0.00821971893310547 -0.00290632247924805 -0.47052001953125 0.4774169921875
0.0246200561523438 -0.0156688690185547 0.0168457031249999 0.495697021484375
0.00528621673583984 -0.0174484252929688 0.328216552734375 0.167449951171875
-0.000150680541992188 -0.00589179992675781 0.317230224609375 -0.156463623046875
0.00148582458496094 -0.0282001495361328 -0.275039672851562 0.195709228515625
0.0140838623046875 -0.01446533203125 -0.306182861328125 -0.076995849609375
0.0228729248046875 -0.0437278747558594 -0.111175537109375 -0.433349609375
0.0354499816894531 -0.0153236389160156 0.357330322265625 -0.537200927734375
0.00487136840820313 0.0297203063964844 0.7830810546875 0.03436279296875
-0.0275554656982422 0.00447082519531249 0.51885986328125 0.75689697265625
0.00370550155639648 0.00856828689575195 -0.112548828125 0.759033203125
0.015294075012207 -0.00647735595703125 -0.03070068359375 0.138320922851563
0.0134420394897461 -0.00373458862304687 0.29742431640625 -0.58349609375
0.0153980255126953 -0.0150928497314453 -0.2366943359375 -0.943359375
0.0194816589355469 -0.00373649597167969 -0.80706787109375 -0.24267578125
0.0228748321533203 -0.0106086730957031 -0.485687255859375 0.469879150390625
0.0316276550292969 -0.0257682800292969 0.00305175781249996 0.497283935546875
0.00554847717285156 -0.027618408203125 0.31842041015625 0.171173095703125
-0.00651454925537109 -0.010706901550293 0.31134033203125 -0.1583251953125
-0.00310325622558593 -0.0302772521972656 -0.28790283203125 0.192291259765625
0.0109195709228516 -0.0196151733398438 -0.318023681640625 -0.079681396484375
0.0265960693359375 -0.0523033142089844 -0.11285400390625 -0.435150146484375
0.0453071594238281 -0.02203369140625 0.356292724609375 -0.5352783203125
0.0217094421386719 0.0332775115966797 0.78460693359375 0.0367431640625
-0.0176029205322266 0.0224533081054688 0.51885986328125 0.755126953125
-0.00499534606933594 0.0338497161865234 -0.1038818359375 0.7451171875
-0.0102996826171875 0.016077995300293 -0.0163192749023437 0.130928039550781
-0.00401115417480469 0.0237007141113281 0.30816650390625 -0.5924072265625
0.0224056243896484 0.00694084167480469 -0.236083984375 -0.94342041015625
0.0358123779296875 0.004486083984375 -0.80291748046875 -0.24029541015625
0.0341129302978516 -0.0177803039550781 -0.483367919921875 0.473541259765625
0.0361785888671875 -0.0314598083496094 -0.000335693359375031 0.493621826171875
0.00354194641113281 -0.0326786041259766 0.308441162109375 0.166259765625
-0.0110912322998047 -0.0125703811645508 0.30218505859375 -0.162322998046875
-0.00523948669433594 -0.0314750671386719 -0.300201416015625 0.185394287109375
0.00727272033691406 -0.0256080627441406 -0.326568603515625 -0.0829162597656251
0.0255165100097656 -0.0541458129882813 -0.10791015625 -0.4393310546875
0.0523757934570313 -0.0227165222167969 0.370819091796875 -0.532806396484375
0.0314598083496094 0.0385055541992188 0.78668212890625 0.0584716796875
-0.00828933715820313 0.0367698669433594 0.506591796875 0.762451171875
-0.00976181030273438 0.05633544921875 -0.1064453125 0.7291259765625
-0.0269794464111328 0.0329399108886719 0.008087158203125 0.112907409667969
-0.01202392578125 0.0423126220703125 0.30975341796875 -0.614990234375
0.0264358520507813 0.0264205932617188 -0.25775146484375 -0.9422607421875
0.0463180541992187 0.0128021240234375 -0.8077392578125 -0.2154541015625
0.0423316955566406 -0.0181884765625 -0.46942138671875 0.480499267578125
0.0379791259765625 -0.0348625183105469 0.00820922851562497 0.490081787109375
-0.00264358520507812 -0.0390434265136719 0.302215576171875 0.161346435546875
-0.015192985534668 -0.0129661560058594 0.290435791015625 -0.170166015625
0.0325775146484375 -0.0233860015869141 -0.28369140625 0.176055908203125
0.0233840942382813 0.0248222351074219 -0.270660400390625 -0.1243896484375
-0.00419330596923828 0.0163965225219727 -0.011383056640625 -0.481414794921875
-0.0412025451660156 0.0287399291992187 0.48553466796875 -0.467559814453125
-0.0769195556640625 0.0105743408203125 0.771484375 0.22125244140625
-0.0377578735351563 -0.0861587524414063 0.33740234375 0.8603515625
0.0731582641601563 -0.0788116455078125 -0.21087646484375 0.6820068359375
0.121513366699219 -0.0635147094726563 0.0271377563476563 0.0477371215820312
0.0668182373046875 -0.09161376953125 0.19305419921875 -0.67962646484375
-0.0121917724609375 -0.089599609375 -0.4554443359375 -0.84686279296875
-0.0604667663574219 -0.0132675170898437 -0.820068359375 -0.0387573242187499
-0.0384559631347656 0.0392341613769531 -0.346923828125 0.53411865234375
-0.006317138671875 0.0236434936523438 0.11029052734375 0.45355224609375
0.00565910339355469 0.0195751190185547 0.346343994140625 0.1116943359375
0.0165777206420898 -0.00227832794189453 0.287322998046875 -0.185516357421875
0.0271377563476563 -0.0236263275146484 -0.270111083984375 0.183761596679687
0.0247879028320313 0.01983642578125 -0.271636962890625 -0.111419677734375
0.00294971466064453 0.00892925262451172 -0.033660888671875 -0.46807861328125
-0.0313396453857422 0.0252799987792969 0.45404052734375 -0.485137939453125
-0.0698204040527344 0.0140571594238281 0.7755126953125 0.17578125
-0.0452651977539062 -0.0803146362304688 0.38250732421875 0.84222412109375
0.0634078979492188 -0.0786285400390625 -0.1956787109375 0.712158203125
0.11749267578125 -0.0671310424804688 0.00102996826171876 0.0780563354492188
0.0684967041015625 -0.0923995971679688 0.21136474609375 -0.65484619140625
-0.0097503662109375 -0.0894546508789063 -0.4091796875 -0.8720703125
-0.0569839477539063 -0.0188407897949219 -0.8201904296875 -0.0891113281249999
-0.0331554412841797 0.0300159454345703 -0.381439208984375 0.5201416015625
-0.000892639160156249 0.0181159973144531 0.08935546875 0.4666748046875
0.00672054290771485 0.0155677795410156 0.34710693359375 0.123565673828125
0.0143356323242188 -0.000948905944824219 0.297088623046875 -0.17596435546875
0.0225868225097656 -0.0252952575683594 -0.264694213867188 0.192169189453125
0.0258617401123047 0.0128765106201172 -0.277908325195313 -0.0985565185546875
0.0108776092529297 -0.00172042846679687 -0.057647705078125 -0.45623779296875
-0.0155582427978516 0.0163755416870117 0.421966552734375 -0.503692626953125
-0.0553627014160156 0.0181465148925781 0.779296875 0.12579345703125
-0.0482025146484375 -0.0661849975585938 0.42864990234375 0.81353759765625
0.0493812561035156 -0.0672874450683594 -0.173583984375 0.73236083984375
0.102455139160156 -0.061187744140625 -0.0208587646484375 0.106758117675781
0.058807373046875 -0.0808792114257813 0.23431396484375 -0.62408447265625
-0.00542449951171874 -0.08203125 -0.353515625 -0.8948974609375
-0.0427932739257813 -0.0207939147949219 -0.82049560546875 -0.14013671875
-0.0244693756103516 0.0180168151855469 -0.41571044921875 0.505584716796875
0.00563955307006836 0.00822877883911133 0.0633544921875001 0.47857666015625
0.00725841522216797 0.00769758224487305 0.343170166015625 0.138580322265625
0.0108585357666016 -0.00161647796630859 0.306640625 -0.168212890625
0.0168075561523438 -0.0241222381591797 -0.262847900390625 0.19512939453125
0.0218162536621094 0.00414848327636719 -0.2861328125 -0.0878906250000001
0.0159902572631836 -0.0165586471557617 -0.080902099609375 -0.444580078125
0.00244522094726563 0.00454568862915039 0.39129638671875 -0.520660400390625
-0.0375823974609375 0.0235061645507813 0.78106689453125 0.07904052734375
-0.0466575622558594 -0.0423851013183594 0.47064208984375 0.7886962890625
0.0310440063476563 -0.0487823486328125 -0.14715576171875 0.75250244140625
0.077117919921875 -0.045806884765625 -0.0331039428710938 0.126548767089844
0.04754638671875 -0.0601234436035156 0.25982666015625 -0.60125732421875
0.001373291015625 -0.0644874572753906 -0.30389404296875 -0.91387939453125
-0.0253887176513672 -0.0181732177734375 -0.81494140625 -0.188720703125
-0.0106611251831055 0.00649356842041016 -0.44598388671875 0.488983154296875
0.0135507583618164 -0.00479030609130859 0.040008544921875 0.4884033203125
0.00478553771972656 -0.00393056869506836 0.337554931640625 0.153076171875
0.00574779510498047 -0.00340843200683594 0.313018798828125 -0.16119384765625
0.0104560852050781 -0.0263996124267578 -0.266510009765625 0.198959350585937
0.0190887451171875 -0.00562667846679688 -0.297393798828125 -0.0802612304687501
0.0209102630615234 -0.0306282043457031 -0.09808349609375 -0.43707275390625
0.0197067260742187 -0.00570297241210937 0.36712646484375 -0.531402587890625
-0.01611328125 0.0279197692871094 0.7818603515625 0.04644775390625
-0.0397834777832031 -0.0185317993164063 0.50262451171875 0.76336669921875
0.0165348052978516 -0.0217800140380859 -0.1251220703125 0.75665283203125
0.0472984313964844 -0.028167724609375 -0.0361862182617188 0.139137268066406
0.0299854278564453 -0.0337677001953125 0.27874755859375 -0.58624267578125
0.008819580078125 -0.0409088134765625 -0.26470947265625 -0.9306640625
-0.00404167175292969 -0.0129108428955078 -0.81072998046875 -0.22314453125
0.00644874572753906 -0.0040135383605957 -0.46826171875 0.47528076171875
0.0242557525634766 -0.0145034790039062 0.016815185546875 0.4927978515625
0.00589084625244141 -0.0143947601318359 0.327362060546875 0.1639404296875
-0.000187397003173829 -0.00629854202270508 0.313995361328125 -0.157745361328125
0.00287628173828125 -0.0287399291992188 -0.273025512695313 0.196701049804687
0.0158596038818359 -0.0141239166259766 -0.306732177734375 -0.0750732421875
0.0232276916503906 -0.0435523986816406 -0.1083984375 -0.4339599609375
0.0341243743896484 -0.0160293579101563 0.354736328125 -0.534759521484375
0.00497817993164062 0.0298995971679688 0.77911376953125 0.0316162109375
-0.0280570983886719 0.00263595581054687 0.5196533203125 0.7518310546875
0.00427722930908203 0.00781059265136719 -0.10986328125 0.751708984375
0.016484260559082 -0.00598621368408203 -0.0312271118164062 0.140113830566406
0.0126914978027344 -0.00348472595214844 0.29595947265625 -0.57989501953125
0.0146608352661133 -0.0145530700683594 -0.23681640625 -0.939208984375
0.0168943405151367 -0.00292110443115234 -0.80267333984375 -0.24078369140625
0.0237712860107422 -0.0114536285400391 -0.480438232421875 0.468505859375
0.0313873291015625 -0.0245800018310547 0.00622558593749999 0.49462890625
0.00405502319335938 -0.0273056030273438 0.318084716796875 0.1658935546875
-0.00543880462646484 -0.00977325439453125 0.30853271484375 -0.159820556640625
-0.00427436828613281 -0.0310516357421875 -0.285125732421875 0.19342041015625
0.0113525390625 -0.0200843811035156 -0.315521240234375 -0.075439453125
0.0250778198242188 -0.0511665344238281 -0.11407470703125 -0.4332275390625
0.0446968078613281 -0.0231590270996094 0.35443115234375 -0.533538818359375
0.0212421417236328 0.0331687927246094 0.78271484375 0.0341796875
-0.0164318084716797 0.0240192413330078 0.51849365234375 0.7508544921875
-0.00484085083007813 0.0340309143066406 -0.1011962890625 0.7413330078125
-0.00974273681640625 0.0151643753051758 -0.015380859375 0.130836486816406
-0.00368118286132813 0.0226516723632813 0.30865478515625 -0.59185791015625
0.0210189819335938 0.00971794128417969 -0.23529052734375 -0.9393310546875
0.0343132019042969 0.00496673583984375 -0.8011474609375 -0.2373046875
0.0355033874511719 -0.0165672302246094 -0.479583740234375 0.471466064453125
0.0374259948730469 -0.0319061279296875 0.00170898437500004 0.490203857421875
0.00202751159667969 -0.0336685180664063 0.30645751953125 0.166290283203125
-0.0111856460571289 -0.0127887725830078 0.301605224609375 -0.1639404296875
-0.00487327575683594 -0.0308856964111328 -0.296142578125 0.18988037109375
0.00789451599121094 -0.0238800048828125 -0.326995849609375 -0.08087158203125
0.0259971618652344 -0.0544242858886719 -0.110015869140625 -0.4381103515625
0.051116943359375 -0.0242576599121094 0.3663330078125 -0.531158447265625
0.0326423645019531 0.0381355285644531 0.782958984375 0.05609130859375
-0.00864791870117187 0.0358161926269531 0.504150390625 0.7586669921875
-0.00975418090820312 0.0541954040527344 -0.1048583984375 0.72662353515625
-0.027587890625 0.0316486358642578 0.00769805908203124 0.111427307128906
-0.011932373046875 0.0426063537597656 0.30853271484375 -0.6104736328125
0.0264625549316406 0.0271739959716797 -0.25732421875 -0.938232421875
0.0450096130371094 0.0100936889648438 -0.80169677734375 -0.21282958984375
0.0419692993164063 -0.0179786682128906 -0.46441650390625 0.4793701171875
0.0383033752441406 -0.0338592529296875 0.00753784179687505 0.486053466796875
-0.00113296508789063 -0.0395927429199219 0.30145263671875 0.159393310546875
-0.0146808624267578 -0.013798713684082 0.28863525390625 -0.170989990234375
0.0319995880126953 -0.0246238708496094 -0.281982421875 0.1761474609375
0.0235118865966797 0.0248756408691406 -0.270538330078125 -0.122314453125
-0.00355434417724609 0.0170049667358398 -0.01251220703125 -0.47760009765625
-0.0425567626953125 0.0303001403808594 0.483673095703125 -0.466583251953125
-0.0759124755859375 0.0109710693359375 0.76776123046875 0.2181396484375
-0.0356826782226562 -0.085845947265625 0.335693359375 0.857177734375
0.0733108520507813 -0.0784912109375 -0.2095947265625 0.68115234375
0.120986938476563 -0.06353759765625 0.0272293090820313 0.0490264892578125
0.0678253173828125 -0.092926025390625 0.19403076171875 -0.67694091796875
-0.0132675170898437 -0.0883712768554688 -0.45477294921875 -0.845947265625
-0.0604362487792969 -0.0128211975097656 -0.8177490234375 -0.0379638671875
-0.0383720397949219 0.0378036499023438 -0.346710205078125 0.532745361328125
-0.00457191467285156 0.0247898101806641 0.11083984375 0.453399658203125
0.00598716735839844 0.0209846496582031 0.345977783203125 0.109466552734375
0.0163764953613281 -0.00241947174072266 0.286376953125 -0.18450927734375
0.0274696350097656 -0.0228176116943359 -0.268096923828125 0.184829711914062
0.0261211395263672 0.0198135375976562 -0.271469116210938 -0.109710693359375
0.00200557708740234 0.010075569152832 -0.033966064453125 -0.465179443359375
-0.0309314727783203 0.0245876312255859 0.4522705078125 -0.484375
-0.0697898864746094 0.0141220092773438 0.7728271484375 0.1729736328125
-0.0439300537109375 -0.080841064453125 0.37945556640625 0.838623046875
0.0641021728515625 -0.0800704956054688 -0.19354248046875 0.71051025390625
0.117034912109375 -0.0663528442382812 0.00121307373046876 0.0779571533203125
0.0657958984375 -0.092315673828125 0.21112060546875 -0.64971923828125
-0.01092529296875 -0.0886459350585938 -0.40625 -0.870849609375
-0.0563163757324219 -0.0171928405761719 -0.8173828125 -0.0875854492187499
-0.034393310546875 0.0292949676513672 -0.37884521484375 0.5196533203125
-0.00138282775878906 0.0177459716796875 0.09130859375 0.4654541015625
0.00694465637207031 0.0158443450927734 0.346893310546875 0.12213134765625
0.0140676498413086 -0.00103473663330078 0.29608154296875 -0.175628662109375
0.0233039855957031 -0.0237464904785156 -0.26397705078125 0.191146850585937
0.0254421234130859 0.0123062133789063 -0.277145385742188 -0.0973663330078124
0.00871896743774414 -0.00271224975585938 -0.058837890625 -0.455322265625
-0.0159873962402344 0.0164346694946289 0.4210205078125 -0.502777099609375
-0.0546684265136719 0.0194854736328125 0.7764892578125 0.12353515625
-0.0472831726074219 -0.0644989013671875 0.42694091796875 0.81109619140625
0.0484771728515625 -0.0681571960449219 -0.17169189453125 0.73089599609375
0.100395202636719 -0.0599822998046875 -0.0201797485351563 0.105667114257813
0.0587387084960938 -0.081268310546875 0.23345947265625 -0.6221923828125
-0.00529479980468751 -0.0799026489257813 -0.35498046875 -0.894775390625
-0.0433235168457031 -0.0212326049804687 -0.81744384765625 -0.1390380859375
-0.0230827331542969 0.0185661315917969 -0.41259765625 0.50396728515625
0.00601434707641602 0.00778818130493164 0.064788818359375 0.478057861328125
0.00631523132324219 0.00748682022094726 0.344818115234375 0.1370849609375
0.0105810165405273 -0.00262928009033203 0.30645751953125 -0.167877197265625
0.0169601440429687 -0.02569580078125 -0.261367797851563 0.195892333984375
0.0236225128173828 0.00328254699707031 -0.28472900390625 -0.0865173339843751
0.0166473388671875 -0.0164165496826172 -0.081787109375 -0.442779541015625
0.00211763381958008 0.00530099868774414 0.389617919921875 -0.5191650390625
-0.0355720520019531 0.0230560302734375 0.7774658203125 0.079345703125
-0.046142578125 -0.0419921875 0.4691162109375 0.78411865234375
0.0317955017089844 -0.0484275817871094 -0.1455078125 0.74822998046875
0.075225830078125 -0.0471725463867188 -0.0337677001953125 0.127311706542969
0.0483360290527344 -0.0597991943359375 0.25732421875 -0.5982666015625
0.00134277343749999 -0.0631446838378906 -0.30377197265625 -0.91192626953125
-0.0250530242919922 -0.0189609527587891 -0.8135986328125 -0.1878662109375
-0.00980758666992188 0.00673580169677734 -0.44354248046875 0.488372802734375
0.0150489807128906 -0.00408458709716797 0.039031982421875 0.486846923828125
0.00627994537353516 -0.0027313232421875 0.33660888671875 0.151458740234375
0.00659322738647461 -0.00426959991455078 0.311798095703125 -0.161163330078125
0.00898551940917968 -0.0274162292480469 -0.264236450195313 0.198348999023438
0.0202484130859375 -0.00646400451660156 -0.29473876953125 -0.0777893066406249
0.0204410552978516 -0.0314044952392578 -0.098785400390625 -0.43304443359375
0.0192699432373047 -0.00720405578613281 0.3673095703125 -0.529510498046875
-0.0142726898193359 0.0267753601074219 0.778076171875 0.04638671875
-0.0387001037597656 -0.0186309814453125 0.502197265625 0.75982666015625
0.0168800354003906 -0.0218715667724609 -0.123046875 0.75531005859375
0.046875 -0.027740478515625 -0.0368194580078125 0.139503479003906
0.0297527313232422 -0.0332851409912109 0.27740478515625 -0.58349609375
0.00800323486328125 -0.039825439453125 -0.2645263671875 -0.92816162109375
-0.00392818450927734 -0.0116863250732422 -0.8077392578125 -0.22076416015625
0.00699472427368164 -0.00370073318481445 -0.4674072265625 0.477203369140625
0.0237674713134766 -0.0158157348632813 0.018951416015625 0.493255615234375
0.00501537322998047 -0.0158491134643555 0.327545166015625 0.162017822265625
-0.000368595123291016 -0.00602102279663086 0.312835693359375 -0.158477783203125
0.00223541259765625 -0.0283355712890625 -0.271469116210938 0.198806762695313
0.016453742980957 -0.0151548385620117 -0.305084228515625 -0.0745849609375
0.024017333984375 -0.0441322326660156 -0.111297607421875 -0.42987060546875
0.0334701538085938 -0.0152721405029297 0.351104736328125 -0.53277587890625
0.0067596435546875 0.0300159454345703 0.77716064453125 0.0299072265625
-0.0277824401855469 0.00392913818359375 0.51763916015625 0.7452392578125
0.00462865829467773 0.00665712356567383 -0.10906982421875 0.75146484375
0.0158863067626953 -0.00572681427001953 -0.0306396484375 0.140403747558594
0.0119380950927734 -0.00444698333740234 0.29632568359375 -0.57867431640625
0.0147304534912109 -0.0129556655883789 -0.23681640625 -0.93511962890625
0.0178432464599609 -0.0030364990234375 -0.80242919921875 -0.23883056640625
0.0237026214599609 -0.0105705261230469 -0.47760009765625 0.46710205078125
0.0320796966552734 -0.0255184173583984 0.00656127929687506 0.493682861328125
0.00398445129394531 -0.0262775421142578 0.318145751953125 0.164703369140625
-0.00705528259277344 -0.0097198486328125 0.307403564453125 -0.160430908203125
-0.0028533935546875 -0.0303192138671875 -0.28155517578125 0.195465087890625
0.0113353729248047 -0.0212860107421875 -0.315704345703125 -0.0743408203125001
0.0252265930175781 -0.0519943237304688 -0.117218017578125 -0.42987060546875
0.0453033447265625 -0.0218734741210938 0.352813720703125 -0.5323486328125
0.0228862762451172 0.0324039459228516 0.77801513671875 0.03546142578125
-0.0178432464599609 0.0219917297363281 0.51885986328125 0.7454833984375
-0.00427818298339844 0.0340175628662109 -0.1014404296875 0.73876953125
-0.0107908248901367 0.015965461730957 -0.0149002075195313 0.13116455078125
-0.00328445434570312 0.0220603942871094 0.30584716796875 -0.58819580078125
0.0199489593505859 0.00945091247558594 -0.23577880859375 -0.938232421875
0.0343227386474609 0.00561332702636719 -0.79779052734375 -0.23565673828125
0.0356864929199219 -0.0163497924804688 -0.477203369140625 0.468170166015625
0.0376052856445313 -0.0315208435058594 0.00180053710937499 0.4903564453125
0.00153923034667968 -0.0335884094238281 0.308197021484375 0.16351318359375
-0.0105628967285156 -0.0118083953857422 0.2989501953125 -0.1640625
-0.00552558898925781 -0.0326404571533203 -0.2950439453125 0.189605712890625
0.00864982604980468 -0.0247974395751953 -0.324737548828125 -0.0792236328125
0.0257530212402344 -0.0554275512695313 -0.111083984375 -0.436126708984375
0.0516166687011719 -0.0228538513183594 0.36376953125 -0.53009033203125
0.031341552734375 0.0379676818847656 0.78192138671875 0.0560302734375
-0.00868225097656251 0.03594970703125 0.50384521484375 0.75445556640625
-0.00935363769531251 0.0540618896484375 -0.10198974609375 0.722412109375
-0.0276355743408203 0.0314655303955078 0.00691223144531249 0.111679077148437
-0.0118827819824219 0.0429000854492187 0.30712890625 -0.60845947265625
0.0273628234863281 0.02618408203125 -0.25396728515625 -0.9346923828125
0.0452117919921875 0.01153564453125 -0.79840087890625 -0.21221923828125
0.0413475036621094 -0.0179557800292969 -0.46246337890625 0.4786376953125
0.0387382507324219 -0.0344467163085938 0.00878906250000002 0.48443603515625
-0.000354766845703121 -0.0376319885253906 0.300994873046875 0.156646728515625
-0.01324462890625 -0.0137968063354492 0.286956787109375 -0.1717529296875
0.0328216552734375 -0.0246353149414063 -0.279830932617188 0.177886962890625
0.0239925384521484 0.0248584747314453 -0.2691650390625 -0.121932983398437
-0.00361251831054687 0.0163345336914063 -0.01385498046875 -0.47686767578125
-0.0418281555175781 0.029571533203125 0.48223876953125 -0.467071533203125
-0.0757598876953125 0.0118865966796875 0.768310546875 0.21844482421875
-0.0354690551757813 -0.0855636596679688 0.3358154296875 0.85479736328125
0.0735931396484375 -0.07830810546875 -0.20855712890625 0.680908203125
0.121360778808594 -0.0625 0.0266990661621094 0.0497055053710937
0.06744384765625 -0.091827392578125 0.19427490234375 -0.67437744140625
-0.013580322265625 -0.08831787109375 -0.45257568359375 -0.84283447265625
-0.0610237121582031 -0.011505126953125 -0.8143310546875 -0.0365600585937501
-0.0379066467285156 0.0386848449707031 -0.3450927734375 0.5330810546875
-0.00515174865722656 0.0248908996582031 0.111846923828125 0.451690673828125
0.005157470703125 0.0219154357910156 0.345245361328125 0.108123779296875
0.0185985565185547 -0.00265884399414063 0.286102294921875 -0.184417724609375
0.0275115966796875 -0.0235061645507813 -0.267776489257813 0.185958862304688
0.0262489318847656 0.0192089080810547 -0.2703857421875 -0.109588623046875
0.00181865692138672 0.00921249389648438 -0.036865234375 -0.46453857421875
-0.0304546356201172 0.0247344970703125 0.45135498046875 -0.483612060546875
-0.0676536560058594 0.0132408142089844 0.77252197265625 0.17144775390625
-0.0437393188476563 -0.0796356201171875 0.3800048828125 0.83575439453125
0.063323974609375 -0.0793304443359375 -0.1937255859375 0.70965576171875
0.117195129394531 -0.0663223266601563 0.00231170654296876 0.0774993896484375
0.0670547485351562 -0.0915756225585937 0.210205078125 -0.649169921875
-0.0110702514648437 -0.0896682739257813 -0.40753173828125 -0.8697509765625
-0.0558815002441406 -0.0186195373535156 -0.81866455078125 -0.087890625
-0.0352020263671875 0.0292625427246094 -0.377716064453125 0.518707275390625
-0.000635147094726562 0.0175447463989258 0.09100341796875 0.464019775390625
0.00704860687255859 0.0157880783081055 0.345794677734375 0.1195068359375
0.0152587890625 -0.000247001647949219 0.29595947265625 -0.175994873046875
0.0231513977050781 -0.0249710083007813 -0.261367797851563 0.192977905273437
0.0262393951416016 0.0121955871582031 -0.27618408203125 -0.0973663330078124
0.00811195373535156 -0.00336027145385742 -0.060394287109375 -0.4532470703125
-0.0153722763061523 0.0164995193481445 0.41912841796875 -0.501953125
-0.0539207458496094 0.0186614990234375 0.7742919921875 0.12359619140625
-0.0463180541992188 -0.0647506713867188 0.4268798828125 0.80804443359375
0.0474700927734375 -0.0687026977539063 -0.16864013671875 0.73046875
0.100242614746094 -0.0603561401367188 -0.020233154296875 0.105453491210938
0.0594406127929688 -0.0801544189453125 0.23455810546875 -0.6187744140625
-0.00656890869140625 -0.08026123046875 -0.354248046875 -0.8902587890625
-0.044342041015625 -0.0207862854003906 -0.8165283203125 -0.1383056640625
-0.0250720977783203 0.0192031860351563 -0.41107177734375 0.50286865234375
0.00518131256103516 0.00721311569213867 0.065155029296875 0.477813720703125
0.00649929046630859 0.00729131698608398 0.34429931640625 0.136199951171875
0.0119352340698242 -0.00122642517089844 0.306671142578125 -0.167755126953125
0.0165843963623047 -0.0251655578613281 -0.25970458984375 0.196517944335938
0.0234756469726562 0.00400352478027344 -0.284210205078125 -0.0850830078125
0.01470947265625 -0.0180511474609375 -0.083038330078125 -0.441131591796875
0.00127506256103516 0.00517463684082031 0.38836669921875 -0.518157958984375
-0.0358390808105469 0.0236740112304688 0.77740478515625 0.07855224609375
-0.0446357727050781 -0.0424575805664063 0.469970703125 0.78399658203125
0.0324783325195313 -0.0493583679199219 -0.14501953125 0.74627685546875
0.0753631591796875 -0.0472488403320312 -0.033294677734375 0.126243591308594
0.0477523803710938 -0.060302734375 0.25634765625 -0.59625244140625
0.000843048095703125 -0.06268310546875 -0.3046875 -0.91021728515625
-0.0248756408691406 -0.0182991027832031 -0.81201171875 -0.186279296875
-0.0101795196533203 0.00676822662353516 -0.44390869140625 0.48809814453125
0.014979362487793 -0.00428104400634766 0.0396728515625 0.48577880859375
0.00632762908935547 -0.00321149826049805 0.337921142578125 0.150604248046875
0.0060420036315918 -0.00348377227783203 0.31195068359375 -0.162689208984375
0.00958633422851562 -0.0260486602783203 -0.26171875 0.1993408203125
0.0203666687011719 -0.0054473876953125 -0.29437255859375 -0.0765380859375
0.020233154296875 -0.0314235687255859 -0.099945068359375 -0.433349609375
0.0193634033203125 -0.00704193115234375 0.36572265625 -0.526763916015625
-0.0130233764648438 0.0270824432373047 0.779052734375 0.046875
-0.0377883911132813 -0.0186042785644531 0.50079345703125 0.7586669921875
0.0171623229980469 -0.0221519470214844 -0.1229248046875 0.75433349609375
0.0453376770019531 -0.0282020568847656 -0.0373764038085937 0.139244079589844
0.0298957824707031 -0.0337657928466797 0.2772216796875 -0.58245849609375
0.0084075927734375 -0.0398483276367188 -0.26287841796875 -0.92462158203125
-0.00340652465820313 -0.0122518539428711 -0.80535888671875 -0.220458984375
0.00741767883300781 -0.00439023971557617 -0.466033935546875 0.474853515625
0.0239524841308594 -0.0154895782470703 0.018280029296875 0.4932861328125
0.00487041473388672 -0.0145626068115234 0.32763671875 0.162017822265625
-0.000220298767089843 -0.00610637664794922 0.311004638671875 -0.15850830078125
0.00213241577148437 -0.0288105010986328 -0.269241333007813 0.1998291015625
0.0159673690795898 -0.0148429870605469 -0.304443359375 -0.073028564453125
0.0229911804199219 -0.0431594848632813 -0.11395263671875 -0.42889404296875
0.0344676971435547 -0.0166091918945313 0.351593017578125 -0.53173828125
0.00679206848144531 0.0291996002197266 0.77545166015625 0.03021240234375
-0.0269260406494141 0.00354957580566406 0.51898193359375 0.7457275390625
0.00433206558227539 0.00652074813842773 -0.109130859375 0.74969482421875
0.0152454376220703 -0.00593471527099609 -0.030303955078125 0.139549255371094
0.010960578918457 -0.00525569915771484 0.29595947265625 -0.5775146484375
0.014561653137207 -0.0139760971069336 -0.2357177734375 -0.9342041015625
0.016566276550293 -0.00330734252929688 -0.798583984375 -0.238525390625
0.0238323211669922 -0.0116977691650391 -0.47674560546875 0.466766357421875
0.0324306488037109 -0.0258369445800781 0.00637817382812498 0.4923095703125
0.00252532958984375 -0.0250682830810547 0.318145751953125 0.16436767578125
-0.00591945648193359 -0.00954723358154297 0.306549072265625 -0.16015625
-0.00276947021484375 -0.0305061340332031 -0.28009033203125 0.19610595703125
0.0125141143798828 -0.0197830200195313 -0.31390380859375 -0.073028564453125
0.024139404296875 -0.0520362854003906 -0.115875244140625 -0.42926025390625
0.0448188781738281 -0.0217361450195312 0.35040283203125 -0.53118896484375
0.0225009918212891 0.0326004028320313 0.77801513671875 0.03204345703125
-0.0159397125244141 0.0221424102783203 0.51702880859375 0.7435302734375
-0.00467300415039062 0.033355712890625 -0.10009765625 0.7388916015625
-0.0107088088989258 0.0148582458496094 -0.0152740478515625 0.130714416503906
-0.00350189208984375 0.0215339660644531 0.3060302734375 -0.58648681640625
0.0199012756347656 0.00977706909179687 -0.23516845703125 -0.9359130859375
0.033966064453125 0.00545883178710938 -0.794921875 -0.23406982421875
0.0354118347167969 -0.0161705017089844 -0.4742431640625 0.468017578125
0.0384178161621094 -0.0316200256347656 0.00213623046874997 0.488861083984375
0.00115966796875 -0.0334854125976563 0.308349609375 0.162628173828125
-0.0105562210083008 -0.0124883651733398 0.29815673828125 -0.16387939453125
-0.00529861450195313 -0.0322303771972656 -0.291961669921875 0.190704345703125
0.00846290588378906 -0.0240650177001953 -0.323883056640625 -0.077850341796875
0.0256767272949219 -0.0555458068847656 -0.112548828125 -0.43548583984375
0.0523223876953125 -0.0228118896484375 0.36285400390625 -0.52728271484375
0.0341567993164063 0.0381011962890625 0.7794189453125 0.05487060546875
-0.00798416137695313 0.0364265441894531 0.5029296875 0.7532958984375
-0.00926971435546875 0.0540046691894531 -0.1014404296875 0.72137451171875
-0.0276203155517578 0.0315322875976563 0.00776672363281249 0.111053466796875
-0.0118827819824219 0.0426864624023438 0.306396484375 -0.607177734375
0.0259838104248047 0.0263195037841797 -0.25469970703125 -0.931396484375
0.0449752807617188 0.0108718872070313 -0.79779052734375 -0.21124267578125
0.0420684814453125 -0.0185050964355469 -0.46099853515625 0.477264404296875
0.0375480651855469 -0.0351791381835938 0.00952148437500003 0.48406982421875
-0.00202560424804688 -0.0380058288574219 0.301605224609375 0.155609130859375
-0.0135440826416016 -0.0144433975219727 0.285247802734375 -0.1724853515625
0.0329513549804688 -0.0247783660888672 -0.279281616210938 0.1781005859375
0.0248279571533203 0.0240898132324219 -0.269775390625 -0.121322631835937
-0.00442314147949219 0.0163669586181641 -0.0145263671875 -0.476715087890625
-0.0423202514648437 0.0290603637695312 0.48187255859375 -0.466156005859375
-0.0735015869140625 0.01092529296875 0.7685546875 0.21868896484375
-0.0352249145507812 -0.0857315063476563 0.33477783203125 0.8555908203125
0.0737380981445313 -0.0790557861328125 -0.20953369140625 0.6787109375
0.121124267578125 -0.0638580322265625 0.0270919799804688 0.0495109558105469
0.0670013427734375 -0.092376708984375 0.193359375 -0.6749267578125
-0.0126800537109375 -0.0881729125976563 -0.45318603515625 -0.8428955078125
-0.0610008239746094 -0.0120506286621094 -0.81488037109375 -0.0372314453124999
-0.0376930236816406 0.0383529663085938 -0.34637451171875 0.53094482421875
-0.00382614135742187 0.0246105194091797 0.110321044921875 0.452850341796875
0.0050811767578125 0.0217227935791016 0.3458251953125 0.107147216796875
0.0176410675048828 -0.00215911865234375 0.28594970703125 -0.183868408203125
0.0281181335449219 -0.0242385864257813 -0.265792846679688 0.187210083007813
0.0270881652832031 0.0187740325927734 -0.269088745117188 -0.10906982421875
0.00150394439697266 0.0090169906616211 -0.036163330078125 -0.464874267578125
-0.0312595367431641 0.0250949859619141 0.452117919921875 -0.482452392578125
-0.0682945251464844 0.0144920349121094 0.77252197265625 0.17352294921875
-0.0428848266601563 -0.0801239013671875 0.380126953125 0.83612060546875
0.063079833984375 -0.0802154541015625 -0.19342041015625 0.7076416015625
0.116554260253906 -0.0655517578125 0.000885009765625003 0.077789306640625
0.0660934448242188 -0.0922622680664062 0.2117919921875 -0.64788818359375
-0.0117340087890625 -0.0879974365234375 -0.40576171875 -0.8681640625
-0.0563545227050781 -0.0172538757324219 -0.81573486328125 -0.0875854492187501
-0.0339603424072266 0.029510498046875 -0.377471923828125 0.51959228515625
-0.00117111206054687 0.0181427001953125 0.091766357421875 0.46563720703125
0.00767326354980468 0.0164718627929688 0.34716796875 0.1195068359375
0.0150823593139648 -0.00109481811523438 0.29486083984375 -0.176300048828125
0.0245189666748047 -0.0264415740966797 -0.260818481445313 0.194320678710938
0.0270557403564453 0.0126781463623047 -0.275146484375 -0.0959930419921875
0.00812816619873047 -0.00301551818847656 -0.061431884765625 -0.453125
-0.0164060592651367 0.0159568786621094 0.418731689453125 -0.501708984375
-0.0534172058105469 0.0186042785644531 0.77484130859375 0.121826171875
-0.0465888977050781 -0.0637321472167969 0.426025390625 0.80908203125
0.0486030578613281 -0.0702667236328125 -0.1707763671875 0.73126220703125
0.099700927734375 -0.0600433349609375 -0.0208358764648437 0.105476379394531
0.05914306640625 -0.0803604125976563 0.235595703125 -0.61962890625
-0.00582885742187501 -0.0802154541015625 -0.35357666015625 -0.8909912109375
-0.0436782836914063 -0.0206756591796875 -0.81549072265625 -0.1375732421875
-0.0249557495117187 0.0186576843261719 -0.41192626953125 0.504547119140625
0.00655937194824219 0.00869941711425781 0.0643005371093751 0.4776611328125
0.00649547576904297 0.00866365432739258 0.34442138671875 0.136566162109375
0.0118370056152344 -0.00115013122558594 0.30499267578125 -0.169281005859375
0.0173683166503906 -0.0269412994384766 -0.257522583007812 0.198013305664063
0.0242938995361328 0.00319862365722656 -0.28363037109375 -0.085357666015625
0.0148582458496094 -0.0171346664428711 -0.08465576171875 -0.44171142578125
0.00197458267211914 0.00493574142456055 0.388519287109375 -0.51776123046875
-0.0339813232421875 0.0233802795410156 0.77532958984375 0.07891845703125
-0.0438423156738281 -0.0429916381835938 0.46722412109375 0.78253173828125
0.0316200256347656 -0.0496826171875 -0.14447021484375 0.7467041015625
0.0758743286132813 -0.046722412109375 -0.0333938598632813 0.126518249511719
0.046112060546875 -0.0596733093261719 0.257080078125 -0.5958251953125
0.00134658813476562 -0.0626640319824219 -0.30218505859375 -0.908935546875
-0.0251255035400391 -0.0175647735595703 -0.811767578125 -0.18743896484375
-0.00989055633544922 0.00655269622802734 -0.44317626953125 0.487335205078125
0.0149784088134766 -0.00433254241943359 0.038787841796875 0.4866943359375
0.00642919540405274 -0.00317716598510742 0.336700439453125 0.149139404296875
0.00650835037231445 -0.0030674934387207 0.310577392578125 -0.1622314453125
0.0101566314697266 -0.0282649993896484 -0.260040283203125 0.201309204101563
0.0207557678222656 -0.00636863708496094 -0.29339599609375 -0.0768127441406251
0.0195560455322266 -0.03143310546875 -0.10089111328125 -0.43231201171875
0.0189208984375 -0.00678062438964844 0.364410400390625 -0.52777099609375
-0.0134639739990234 0.0264167785644531 0.7767333984375 0.0472412109375
-0.0373649597167969 -0.0190467834472656 0.50018310546875 0.759521484375
0.0165863037109375 -0.0228042602539063 -0.12188720703125 0.75384521484375
0.0457649230957031 -0.0286293029785156 -0.037567138671875 0.137794494628906
0.0303001403808594 -0.0332565307617187 0.27685546875 -0.580810546875
0.00807571411132812 -0.0390472412109375 -0.26422119140625 -0.92486572265625
-0.00452804565429687 -0.0123014450073242 -0.8050537109375 -0.2210693359375
0.00666952133178711 -0.00409173965454101 -0.464691162109375 0.47650146484375
0.0242786407470703 -0.0158290863037109 0.01739501953125 0.491851806640625
0.004913330078125 -0.0149374008178711 0.327606201171875 0.160369873046875
0.000421047210693359 -0.00601053237915039 0.3115234375 -0.1593017578125
0.001861572265625 -0.0286121368408203 -0.268890380859375 0.200515747070313
0.0168542861938477 -0.013951301574707 -0.3043212890625 -0.071502685546875
0.0227622985839844 -0.0440101623535156 -0.11383056640625 -0.427154541015625
0.0340671539306641 -0.0163097381591797 0.352264404296875 -0.53277587890625
0.00804328918457031 0.0295867919921875 0.77557373046875 0.0296630859375
-0.026641845703125 0.00318527221679688 0.51708984375 0.747314453125
0.00468540191650391 0.00623464584350586 -0.1080322265625 0.74871826171875
0.0151338577270508 -0.00560951232910156 -0.0313034057617187 0.140113830566406
0.0115451812744141 -0.00421237945556641 0.29583740234375 -0.57623291015625
0.0141448974609375 -0.0133333206176758 -0.2373046875 -0.93194580078125
0.016326904296875 -0.00342082977294922 -0.7996826171875 -0.23944091796875
0.0235023498535156 -0.0116653442382812 -0.476806640625 0.467498779296875
0.0329017639160156 -0.0260448455810547 0.00552368164062502 0.4937744140625
0.00232696533203125 -0.0257835388183594 0.3182373046875 0.1636962890625
-0.00583553314208984 -0.00908851623535156 0.30712890625 -0.1611328125
-0.002288818359375 -0.0307636260986328 -0.279006958007812 0.197463989257813
0.0132541656494141 -0.0209465026855469 -0.31317138671875 -0.071319580078125
0.0247268676757813 -0.0524215698242188 -0.11773681640625 -0.42828369140625
0.0442848205566406 -0.0219039916992188 0.3482666015625 -0.5302734375
0.0249481201171875 0.0331916809082031 0.77557373046875 0.0323486328125
-0.014923095703125 0.0237808227539063 0.51690673828125 0.74212646484375
-0.00402641296386719 0.0334129333496094 -0.0998535156250001 0.73760986328125
-0.0113458633422852 0.0141839981079102 -0.0159988403320313 0.129341125488281
-0.003936767578125 0.0225563049316406 0.30621337890625 -0.58673095703125
0.0200538635253906 0.00996017456054687 -0.234130859375 -0.933349609375
0.0349140167236328 0.00468254089355469 -0.7979736328125 -0.23577880859375
0.0355987548828125 -0.0165863037109375 -0.475555419921875 0.4676513671875
0.0370254516601562 -0.0318870544433594 0.00152587890625004 0.489837646484375
0.000627517700195314 -0.0333652496337891 0.30889892578125 0.161651611328125
-0.0102319717407227 -0.0120687484741211 0.29840087890625 -0.1654052734375
-0.00378227233886719 -0.03350830078125 -0.2918701171875 0.191558837890625
0.00962066650390625 -0.0246486663818359 -0.323333740234375 -0.077880859375
0.0251388549804687 -0.054840087890625 -0.112335205078125 -0.434906005859375
0.0514869689941406 -0.0236740112304688 0.362152099609375 -0.5279541015625
0.0341567993164063 0.0370445251464844 0.77947998046875 0.05328369140625
-0.00665664672851562 0.0370101928710938 0.50030517578125 0.75341796875
-0.00877761840820313 0.0531654357910156 -0.10333251953125 0.72296142578125
-0.0293502807617188 0.0318794250488281 0.0065460205078125 0.110969543457031
-0.013031005859375 0.0419998168945313 0.305908203125 -0.60723876953125
0.0261096954345703 0.0269393920898438 -0.25579833984375 -0.9334716796875
0.0459251403808594 0.0112648010253906 -0.7984619140625 -0.2130126953125
0.0415573120117188 -0.0185813903808594 -0.462066650390625 0.47723388671875
0.03857421875 -0.035308837890625 0.00827026367187497 0.483612060546875
-0.00182723999023438 -0.0369987487792969 0.3016357421875 0.155487060546875
-0.0127677917480469 -0.0133657455444336 0.285369873046875 -0.172882080078125
0.0325374603271484 -0.0258636474609375 -0.27838134765625 0.180221557617188
0.0263385772705078 0.0240879058837891 -0.26898193359375 -0.120773315429687
-0.00421237945556641 0.0167627334594727 -0.01617431640625 -0.4764404296875
-0.0418319702148438 0.0296134948730469 0.481536865234375 -0.4664306640625
-0.0730819702148438 0.0109024047851562 0.76763916015625 0.21875
-0.0357437133789063 -0.085601806640625 0.33197021484375 0.85650634765625
0.0740814208984375 -0.078887939453125 -0.20892333984375 0.67974853515625
0.121383666992188 -0.0626220703125 0.0268592834472656 0.0498542785644531
0.0672988891601562 -0.0919189453125 0.193603515625 -0.67401123046875
-0.012725830078125 -0.0874176025390625 -0.455810546875 -0.84368896484375
-0.0603713989257813 -0.0115623474121094 -0.81597900390625 -0.03863525390625
-0.0381698608398438 0.0387916564941406 -0.345794677734375 0.53125
-0.00410842895507812 0.0237369537353516 0.110443115234375 0.452392578125
0.00566864013671875 0.0221672058105469 0.34747314453125 0.1065673828125
0.0180263519287109 -0.00234794616699219 0.285491943359375 -0.18536376953125
0.0281772613525391 -0.0255641937255859 -0.265350341796875 0.187896728515625
0.0276660919189453 0.0192680358886719 -0.270248413085938 -0.108139038085937
0.00125312805175781 0.008636474609375 -0.03692626953125 -0.46380615234375
-0.0306930541992187 0.025115966796875 0.451202392578125 -0.483184814453125
-0.06732177734375 0.0126953125 0.771728515625 0.17303466796875
-0.0420303344726563 -0.0796432495117188 0.37811279296875 0.8375244140625
0.0645294189453125 -0.0794906616210938 -0.193115234375 0.70941162109375
0.116256713867188 -0.0659027099609375 0.0017242431640625 0.0785751342773438
0.0665740966796875 -0.0919342041015625 0.21234130859375 -0.6470947265625
-0.0108718872070313 -0.0889358520507812 -0.40576171875 -0.86773681640625
-0.0566749572753906 -0.0174674987792969 -0.81805419921875 -0.0878295898437498
-0.0337791442871094 0.0292987823486328 -0.37774658203125 0.518951416015625
-0.000699996948242187 0.0181236267089844 0.090484619140625 0.46478271484375
0.00737571716308594 0.0169172286987305 0.347686767578125 0.1190185546875
0.0151252746582031 -0.000730514526367188 0.294158935546875 -0.1773681640625
0.0237712860107422 -0.0261192321777344 -0.259536743164063 0.1947021484375
0.026763916015625 0.0124473571777344 -0.275131225585938 -0.0958404541015625
0.0083918571472168 -0.0031886100769043 -0.0609130859375 -0.45245361328125
-0.0162410736083984 0.0156631469726563 0.41888427734375 -0.5009765625
-0.0532112121582031 0.0186004638671875 0.775634765625 0.12200927734375
-0.0451126098632812 -0.0645370483398438 0.42462158203125 0.808837890625
0.0476264953613281 -0.0692901611328125 -0.17034912109375 0.72930908203125
0.100288391113281 -0.0598526000976563 -0.0200729370117187 0.1058349609375
0.06005859375 -0.0801544189453125 0.23529052734375 -0.618408203125
-0.0062103271484375 -0.0799713134765625 -0.35198974609375 -0.8914794921875
-0.0438003540039063 -0.0204124450683594 -0.81536865234375 -0.13970947265625
-0.0245761871337891 0.0180149078369141 -0.41162109375 0.505126953125
0.00592899322509766 0.00724458694458008 0.064971923828125 0.479034423828125
0.00630044937133789 0.00843381881713867 0.345062255859375 0.134429931640625
0.0120925903320313 -0.00215244293212891 0.305694580078125 -0.170074462890625
0.0162487030029297 -0.0269412994384766 -0.257614135742188 0.199249267578125
0.0255928039550781 0.00342369079589844 -0.284088134765625 -0.084014892578125
0.0142841339111328 -0.0173912048339844 -0.083831787109375 -0.441375732421875
0.00148916244506836 0.00533151626586914 0.388519287109375 -0.51727294921875
-0.0335216522216797 0.0233592987060547 0.77630615234375 0.07806396484375
-0.0435791015625 -0.0426712036132813 0.4688720703125 0.7850341796875
0.0316543579101563 -0.0492401123046875 -0.14739990234375 0.74713134765625
0.0754470825195313 -0.0467147827148438 -0.0343551635742187 0.127166748046875
0.0472030639648438 -0.0608749389648438 0.257568359375 -0.59613037109375
0.000713348388671873 -0.0626411437988281 -0.30224609375 -0.91082763671875
-0.0250091552734375 -0.0185604095458984 -0.80999755859375 -0.1884765625
-0.00993919372558594 0.00639915466308594 -0.443756103515625 0.487152099609375
0.0149145126342773 -0.00415611267089844 0.038330078125 0.48760986328125
0.00591039657592774 -0.00163888931274414 0.338531494140625 0.14892578125
0.00668001174926758 -0.00389719009399414 0.310943603515625 -0.163421630859375
0.00985336303710938 -0.0282840728759766 -0.259689331054688 0.201904296875
0.0218086242675781 -0.00564765930175781 -0.293182373046875 -0.07598876953125
0.0189094543457031 -0.0316810607910156 -0.101531982421875 -0.4315185546875
0.0184574127197266 -0.00592041015625 0.364898681640625 -0.528350830078125
-0.0117206573486328 0.0256576538085937 0.77606201171875 0.04443359375
-0.0368576049804687 -0.0190238952636719 0.5 0.75982666015625
0.0170307159423828 -0.0232028961181641 -0.1229248046875 0.75439453125
0.045074462890625 -0.0273208618164063 -0.037811279296875 0.139007568359375
0.0296745300292969 -0.0329666137695313 0.27667236328125 -0.5811767578125
0.00787353515625 -0.0384140014648438 -0.26171875 -0.92498779296875
-0.00432777404785156 -0.0126209259033203 -0.8065185546875 -0.22247314453125
0.00713872909545898 -0.00423955917358398 -0.4661865234375 0.475860595703125
0.0238265991210938 -0.0159511566162109 0.0177001953125 0.49261474609375
0.00432300567626953 -0.0140142440795898 0.328460693359375 0.15960693359375
0.000659465789794922 -0.00585317611694336 0.312225341796875 -0.160980224609375
0.00241661071777344 -0.0296192169189453 -0.26763916015625 0.201858520507813
0.0177707672119141 -0.0139598846435547 -0.303375244140625 -0.0712585449218751
0.0220184326171875 -0.0438156127929688 -0.11474609375 -0.427978515625
0.0346298217773438 -0.0164241790771484 0.351165771484375 -0.531005859375
0.0093994140625 0.0297679901123047 0.77545166015625 0.03070068359375
-0.0254650115966797 0.00279998779296876 0.51580810546875 0.74755859375
0.00473546981811523 0.00669050216674805 -0.10858154296875 0.7496337890625
0.014317512512207 -0.00665950775146484 -0.03204345703125 0.140388488769531
0.0121870040893555 -0.00386905670166016 0.29742431640625 -0.576171875
0.0145425796508789 -0.0137805938720703 -0.23638916015625 -0.93310546875
0.0166749954223633 -0.00327682495117188 -0.7999267578125 -0.23779296875
0.0229377746582031 -0.0122432708740234 -0.476318359375 0.466583251953125
0.0322933197021484 -0.0256519317626953 0.00503540039062503 0.49371337890625
0.00254058837890625 -0.0255775451660156 0.31915283203125 0.162811279296875
-0.00582504272460937 -0.00914955139160156 0.306365966796875 -0.162322998046875
-0.00226593017578125 -0.0316257476806641 -0.278305053710938 0.198516845703125
0.0132503509521484 -0.0207901000976563 -0.314239501953125 -0.0716552734375
0.0243072509765625 -0.0519218444824219 -0.1199951171875 -0.4295654296875
0.0445060729980469 -0.0224609375 0.34979248046875 -0.530792236328125
0.0250797271728516 0.0332508087158203 0.77508544921875 0.03216552734375
-0.0143108367919922 0.0227584838867188 0.515869140625 0.74395751953125
-0.00410842895507812 0.0324230194091797 -0.099609375 0.7384033203125
-0.0123252868652344 0.0142192840576172 -0.0167922973632812 0.130264282226563
-0.00365257263183594 0.0220756530761719 0.30596923828125 -0.58551025390625
0.0205116271972656 0.0102157592773438 -0.23431396484375 -0.9354248046875
0.0339336395263672 0.00546836853027344 -0.79766845703125 -0.2371826171875
0.0369491577148438 -0.0160789489746094 -0.475250244140625 0.469207763671875
0.0378837585449219 -0.0320167541503906 -0.000213623046875009 0.49017333984375
0.000204086303710937 -0.0328025817871094 0.3094482421875 0.161773681640625
-0.0103120803833008 -0.011871337890625 0.297698974609375 -0.166351318359375
-0.00488662719726563 -0.0329799652099609 -0.291412353515625 0.193511962890625
0.0106067657470703 -0.0247402191162109 -0.3226318359375 -0.07696533203125
0.0243759155273437 -0.05517578125 -0.11273193359375 -0.434234619140625
0.0512771606445312 -0.0230827331542969 0.3631591796875 -0.52801513671875
0.0342521667480469 0.0371971130371094 0.7786865234375 0.05377197265625
-0.00579071044921875 0.0366287231445313 0.500732421875 0.75384521484375
-0.00881958007812501 0.0524826049804688 -0.102294921875 0.7220458984375
-0.0295391082763672 0.0315952301025391 0.00596618652343749 0.110786437988281
-0.01251220703125 0.0420722961425781 0.30877685546875 -0.60772705078125
0.0267829895019531 0.0275402069091797 -0.2540283203125 -0.93377685546875
0.0452499389648438 0.011199951171875 -0.798828125 -0.214111328125
0.0415153503417969 -0.0179824829101563 -0.460784912109375 0.476806640625
0.038543701171875 -0.0359115600585938 0.00970458984375003 0.48321533203125
-0.00243377685546875 -0.0364761352539063 0.3017578125 0.15411376953125
-0.0128555297851562 -0.0134906768798828 0.285919189453125 -0.173919677734375
0.0329341888427734 -0.0263557434082031 -0.27734375 0.181747436523438
0.025848388671875 0.0253467559814453 -0.269027709960938 -0.121047973632813
-0.00472831726074219 0.0164947509765625 -0.017303466796875 -0.477020263671875
-0.04168701171875 0.0295982360839844 0.483245849609375 -0.466827392578125
-0.072540283203125 0.0108642578125 0.7691650390625 0.2176513671875
-0.0340652465820312 -0.0862350463867187 0.3358154296875 0.8583984375
0.0735092163085938 -0.0800399780273438 -0.2100830078125 0.681640625
0.120964050292969 -0.0621871948242188 0.02667236328125 0.0501480102539062
0.0677871704101563 -0.0917510986328125 0.1947021484375 -0.67425537109375
-0.0131607055664063 -0.0876998901367188 -0.45556640625 -0.8455810546875
-0.0612525939941406 -0.0120353698730469 -0.81927490234375 -0.0387573242187502
-0.0376701354980469 0.0384788513183594 -0.3468017578125 0.532501220703125
-0.0048065185546875 0.0245037078857422 0.11175537109375 0.453704833984375
0.00670814514160156 0.0220146179199219 0.34716796875 0.1060791015625
0.01849365234375 -0.00277519226074219 0.285797119140625 -0.186126708984375
0.0281734466552734 -0.0258769989013672 -0.264923095703125 0.189224243164062
0.0287132263183594 0.018157958984375 -0.27020263671875 -0.107940673828125
0.000643730163574219 0.0101232528686523 -0.03863525390625 -0.464019775390625
-0.0315608978271484 0.0247383117675781 0.452362060546875 -0.4847412109375
-0.0657844543457031 0.0137977600097656 0.7747802734375 0.1728515625
-0.041595458984375 -0.0801620483398438 0.378173828125 0.839599609375
0.06329345703125 -0.0807266235351563 -0.1951904296875 0.71112060546875
0.115554809570313 -0.0654678344726562 0.00153350830078127 0.078521728515625
0.0666580200195312 -0.092041015625 0.2122802734375 -0.64788818359375
-0.0109710693359375 -0.0879669189453125 -0.406982421875 -0.8709716796875
-0.0568923950195312 -0.017578125 -0.818359375 -0.087646484375
-0.0344696044921875 0.0301723480224609 -0.377471923828125 0.518585205078125
-0.000600814819335936 0.0180301666259766 0.090484619140625 0.466033935546875
0.00730323791503906 0.0165166854858398 0.34881591796875 0.118072509765625
0.0149927139282227 -0.0005950927734375 0.294830322265625 -0.179168701171875
0.0235710144042969 -0.0270366668701172 -0.2593994140625 0.197006225585938
0.02777099609375 0.0124530792236328 -0.275375366210938 -0.0957031249999999
0.0082392692565918 -0.00270509719848633 -0.062286376953125 -0.45391845703125
-0.0164632797241211 0.0161466598510742 0.419708251953125 -0.503570556640625
-0.0521507263183594 0.0182113647460937 0.775634765625 0.120849609375
-0.0448951721191406 -0.064666748046875 0.42547607421875 0.81134033203125
0.0488128662109375 -0.0709457397460938 -0.17138671875 0.73138427734375
0.0997238159179688 -0.0596237182617188 -0.0206375122070312 0.106216430664063
0.0595321655273437 -0.0808486938476563 0.23638916015625 -0.6201171875
-0.00638580322265625 -0.08013916015625 -0.3555908203125 -0.893798828125
-0.0445060729980469 -0.0200614929199219 -0.81793212890625 -0.140869140625
-0.0242710113525391 0.0186405181884766 -0.41314697265625 0.5050048828125
0.00632190704345703 0.00764036178588867 0.06597900390625 0.479156494140625
0.00700855255126953 0.00887680053710938 0.34552001953125 0.133453369140625
0.0124340057373047 -0.00184154510498047 0.30596923828125 -0.171234130859375
0.0169410705566406 -0.0275325775146484 -0.25665283203125 0.201141357421875
0.0261497497558594 0.00308418273925781 -0.28411865234375 -0.0835571289062501
0.0143918991088867 -0.0173072814941406 -0.08526611328125 -0.440826416015625
0.00173044204711914 0.00490856170654297 0.388824462890625 -0.51934814453125
-0.0329570770263672 0.0228500366210938 0.7779541015625 0.07794189453125
-0.0430831909179688 -0.0429840087890625 0.46942138671875 0.78466796875
0.03179931640625 -0.0500068664550781 -0.14398193359375 0.74755859375
0.0751113891601563 -0.047027587890625 -0.0339202880859375 0.128143310546875
0.0469093322753906 -0.0602302551269531 0.260009765625 -0.59588623046875
0.00147247314453125 -0.0627975463867188 -0.304443359375 -0.912109375
-0.0252628326416016 -0.0180473327636719 -0.81414794921875 -0.18804931640625
-0.0100669860839844 0.00616073608398438 -0.44415283203125 0.489837646484375
0.0152578353881836 -0.00462818145751953 0.039459228515625 0.48883056640625
0.00510883331298828 -0.00205564498901367 0.33880615234375 0.14862060546875
0.00723934173583984 -0.00369024276733399 0.311492919921875 -0.164764404296875
0.0101890563964844 -0.0285663604736328 -0.2591552734375 0.203506469726562
0.0223445892333984 -0.00627517700195313 -0.293487548828125 -0.07525634765625
0.0187339782714844 -0.0314788818359375 -0.103668212890625 -0.433349609375
0.0189876556396484 -0.00765037536621094 0.36566162109375 -0.528778076171875
-0.011474609375 0.0266380310058594 0.7777099609375 0.0455322265625
-0.0351066589355469 -0.0196094512939453 0.5018310546875 0.75994873046875
0.0166950225830078 -0.0232505798339844 -0.122802734375 0.7540283203125
0.0447044372558594 -0.0277252197265625 -0.038482666015625 0.139503479003906
0.0302257537841797 -0.0336399078369141 0.27874755859375 -0.58197021484375
0.00804901123046875 -0.0395240783691406 -0.2640380859375 -0.9271240234375
-0.00358295440673828 -0.012639045715332 -0.80712890625 -0.2230224609375
0.00716447830200195 -0.00331974029541016 -0.466278076171875 0.476806640625
0.0248069763183594 -0.0162334442138672 0.01861572265625 0.494903564453125
0.00366973876953125 -0.0144119262695313 0.329803466796875 0.158203125
0.000458717346191406 -0.00573015213012695 0.312225341796875 -0.161407470703125
0.0023345947265625 -0.0301189422607422 -0.265960693359375 0.20257568359375
0.0187168121337891 -0.0151138305664063 -0.3028564453125 -0.0711975097656251
0.0221023559570313 -0.0435218811035156 -0.11505126953125 -0.42742919921875
0.0337028503417969 -0.0167446136474609 0.3511962890625 -0.5341796875
0.00990676879882813 0.0289592742919922 0.77740478515625 0.029296875
-0.0253257751464844 0.0037078857421875 0.51641845703125 0.7491455078125
0.00522994995117188 0.00519561767578125 -0.10931396484375 0.7520751953125
0.0135059356689453 -0.00584316253662109 -0.031219482421875 0.140625
0.011866569519043 -0.00517368316650391 0.29595947265625 -0.57708740234375
0.0142002105712891 -0.0122556686401367 -0.23712158203125 -0.935791015625
0.0165529251098633 -0.00329303741455078 -0.801513671875 -0.241455078125
0.0240707397460938 -0.0120792388916016 -0.477874755859375 0.46923828125
0.0329341888427734 -0.026336669921875 0.00567626953124998 0.49505615234375
0.00236320495605468 -0.0244178771972656 0.319580078125 0.162261962890625
-0.00541210174560547 -0.00898265838623047 0.3065185546875 -0.163116455078125
-0.00286674499511719 -0.0314807891845703 -0.277679443359375 0.199859619140625
0.0145740509033203 -0.0203742980957031 -0.313751220703125 -0.070404052734375
0.0231361389160156 -0.0518646240234375 -0.120513916015625 -0.428314208984375
0.0439872741699219 -0.0221405029296875 0.349822998046875 -0.5323486328125
0.0263290405273438 0.0327033996582031 0.77911376953125 0.031982421875
-0.0138359069824219 0.0223445892333984 0.516357421875 0.74493408203125
-0.00373268127441406 0.0319156646728516 -0.09906005859375 0.7408447265625
-0.0123395919799805 0.0144243240356445 -0.01641845703125 0.131210327148437
-0.00344467163085937 0.0210132598876953 0.3055419921875 -0.5858154296875
0.0207309722900391 0.0100784301757813 -0.23388671875 -0.93707275390625
0.0346050262451172 0.0057830810546875 -0.7979736328125 -0.23681640625
0.036224365234375 -0.0168724060058594 -0.47607421875 0.468902587890625
0.0380439758300781 -0.0327415466308594 0.00125122070312499 0.4918212890625
0.000286102294921878 -0.0321063995361328 0.3106689453125 0.16156005859375
-0.0100803375244141 -0.0114965438842773 0.298797607421875 -0.167510986328125
-0.0050201416015625 -0.0337142944335938 -0.288818359375 0.19464111328125
0.0112266540527344 -0.0246181488037109 -0.322601318359375 -0.0753479003906249
0.0235061645507813 -0.0554542541503906 -0.114410400390625 -0.43560791015625
0.0509681701660156 -0.0237464904785156 0.3631591796875 -0.528533935546875
0.0359230041503906 0.0370330810546875 0.77996826171875 0.0537109375
-0.00565719604492187 0.0363883972167969 0.5030517578125 0.75384521484375
-0.00870513916015625 0.052581787109375 -0.1026611328125 0.7232666015625
-0.0295333862304688 0.0318775177001953 0.00666809082031251 0.111335754394531
-0.0121536254882813 0.0424156188964844 0.30865478515625 -0.6072998046875
0.0269622802734375 0.0268611907958984 -0.25555419921875 -0.93585205078125
0.0451202392578125 0.0113182067871094 -0.80047607421875 -0.2139892578125
0.0430183410644531 -0.0189132690429687 -0.46282958984375 0.47723388671875
0.0387725830078125 -0.0354270935058594 0.00811767578124995 0.48583984375
-0.00323104858398437 -0.036285400390625 0.302978515625 0.154266357421875
-0.0130205154418945 -0.0132818222045898 0.28607177734375 -0.174957275390625
0.03369140625 -0.0275897979736328 -0.277252197265625 0.182861328125
0.0265903472900391 0.0242233276367188 -0.269271850585938 -0.1201171875
-0.00534820556640625 0.0173759460449219 -0.01763916015625 -0.478973388671875
-0.0423164367675781 0.0295524597167969 0.48455810546875 -0.4696044921875
-0.0718994140625 0.00981903076171875 0.772705078125 0.21856689453125
-0.0334091186523438 -0.086639404296875 0.33575439453125 0.8604736328125
0.073822021484375 -0.0795059204101563 -0.20867919921875 0.6844482421875
0.12127685546875 -0.0629653930664063 0.0264091491699219 0.050628662109375
0.068328857421875 -0.092864990234375 0.1953125 -0.67657470703125
-0.012481689453125 -0.0874862670898438 -0.4571533203125 -0.84661865234375
-0.0613136291503906 -0.0116119384765625 -0.82049560546875 -0.0366210937499998
-0.0385246276855469 0.0384902954101562 -0.34710693359375 0.535980224609375
-0.00400733947753906 0.0243568420410156 0.11297607421875 0.454620361328125
0.0062408447265625 0.02325439453125 0.349029541015625 0.1048583984375
0.0184555053710938 -0.00214767456054688 0.28741455078125 -0.188018798828125
0.02777099609375 -0.0270767211914063 -0.264266967773438 0.190658569335938
0.0297718048095703 0.0194664001464844 -0.270767211914063 -0.10723876953125
0.000539779663085938 0.00995445251464844 -0.0394287109375 -0.466064453125
-0.0318489074707031 0.0247611999511719 0.452667236328125 -0.4873046875
-0.0651321411132813 0.0131072998046875 0.7763671875 0.1741943359375
-0.0408782958984375 -0.0801620483398438 0.379638671875 0.84222412109375
0.0641326904296875 -0.0810317993164062 -0.19219970703125 0.71258544921875
0.115684509277344 -0.0653305053710938 0.00160980224609376 0.079345703125
0.066864013671875 -0.09283447265625 0.21319580078125 -0.6494140625
-0.0115890502929687 -0.0887374877929688 -0.40924072265625 -0.874267578125
-0.0565757751464844 -0.0176239013671875 -0.8223876953125 -0.0864868164062498
-0.0339221954345703 0.0301074981689453 -0.379486083984375 0.521728515625
-0.000230789184570312 0.0172042846679688 0.092132568359375 0.4676513671875
0.0076751708984375 0.0174140930175781 0.3515625 0.117218017578125
0.0163249969482422 -0.00139617919921875 0.296142578125 -0.180206298828125
0.0241889953613281 -0.0273342132568359 -0.258056640625 0.197921752929687
0.0286674499511719 0.0120315551757813 -0.276443481445313 -0.0948944091796875
0.00768136978149414 -0.00248956680297852 -0.06396484375 -0.455230712890625
-0.0162925720214844 0.0155086517333984 0.420867919921875 -0.505584716796875
-0.0520172119140625 0.0182151794433594 0.780517578125 0.12109375
-0.0442314147949219 -0.0643157958984375 0.42694091796875 0.81524658203125
0.0484161376953125 -0.0718841552734375 -0.1690673828125 0.732666015625
0.100547790527344 -0.0602874755859375 -0.02099609375 0.107460021972656
0.0595245361328125 -0.0810775756835938 0.237060546875 -0.620849609375
-0.0063018798828125 -0.0800399780273438 -0.356201171875 -0.89739990234375
-0.0446701049804688 -0.0206794738769531 -0.82080078125 -0.1407470703125
-0.0244846343994141 0.0182361602783203 -0.411865234375 0.506011962890625
0.00577688217163086 0.0071868896484375 0.06640625 0.481719970703125
0.00750255584716797 0.00908565521240234 0.347991943359375 0.13360595703125
0.0124187469482422 -0.00130081176757813 0.30657958984375 -0.172119140625
0.0175952911376953 -0.0285873413085938 -0.255935668945313 0.201858520507813
0.0273685455322266 0.00267791748046875 -0.284027099609375 -0.0822753906250001
0.013676643371582 -0.0170888900756836 -0.08563232421875 -0.442535400390625
0.00157737731933594 0.00556421279907227 0.389678955078125 -0.52154541015625
-0.0317764282226562 0.0219078063964844 0.78143310546875 0.0755615234375
-0.0429534912109375 -0.0433235168457031 0.469970703125 0.78790283203125
0.0318603515625 -0.0504684448242188 -0.14447021484375 0.75006103515625
0.0751495361328125 -0.0472412109375 -0.0345230102539062 0.128677368164063
0.0470046997070312 -0.0607109069824219 0.2591552734375 -0.59808349609375
0.000770568847656251 -0.0629081726074219 -0.30670166015625 -0.91748046875
-0.0254383087158203 -0.0184116363525391 -0.8154296875 -0.1893310546875
-0.0102148056030273 0.00636386871337891 -0.444488525390625 0.4910888671875
0.0147562026977539 -0.00462818145751953 0.040496826171875 0.4912109375
0.00564956665039063 -0.00178909301757813 0.3414306640625 0.146636962890625
0.00748395919799805 -0.00363683700561523 0.31243896484375 -0.1661376953125
0.0103740692138672 -0.0294113159179688 -0.258499145507813 0.205184936523437
0.0231494903564453 -0.00705528259277344 -0.294342041015625 -0.074951171875
0.0185813903808594 -0.0321102142333984 -0.104217529296875 -0.43292236328125
0.0186424255371094 -0.00758552551269531 0.36419677734375 -0.53033447265625
-0.010467529296875 0.026214599609375 0.7811279296875 0.044189453125
-0.0348224639892578 -0.0193119049072266 0.5020751953125 0.76324462890625
0.0169696807861328 -0.024169921875 -0.1226806640625 0.75732421875
0.0442390441894531 -0.0275459289550781 -0.03887939453125 0.140701293945312
0.0299472808837891 -0.0336036682128906 0.279296875 -0.58349609375
0.007843017578125 -0.0387687683105469 -0.26544189453125 -0.93206787109375
-0.00412082672119141 -0.0120925903320313 -0.810302734375 -0.22406005859375
0.00718498229980469 -0.00435066223144531 -0.4661865234375 0.478790283203125
0.0250225067138672 -0.0165271759033203 0.0196533203125 0.496826171875
0.00401592254638672 -0.0140228271484375 0.33062744140625 0.15771484375
0.000951290130615234 -0.0057063102722168 0.312835693359375 -0.1639404296875
0.002777099609375 -0.0315437316894531 -0.266159057617188 0.20574951171875
0.0189094543457031 -0.0150623321533203 -0.304840087890625 -0.0694580078125
0.0214042663574219 -0.0435752868652344 -0.1171875 -0.427947998046875
0.0341987609863281 -0.0169754028320313 0.35089111328125 -0.5352783203125
0.0107917785644531 0.0292491912841797 0.77978515625 0.0286865234375
-0.0245075225830078 0.00245285034179687 0.52093505859375 0.7513427734375
0.00452947616577148 0.00447559356689453 -0.1083984375 0.75439453125
0.0128927230834961 -0.00601005554199219 -0.0322418212890625 0.14129638671875
0.0120935440063477 -0.00544071197509766 0.2977294921875 -0.57867431640625
0.013880729675293 -0.0125722885131836 -0.23638916015625 -0.939208984375
0.0170907974243164 -0.00346183776855469 -0.803466796875 -0.2392578125
0.0238742828369141 -0.0113677978515625 -0.479278564453125 0.470916748046875
0.0328960418701172 -0.0263023376464844 0.00567626953125001 0.49725341796875
0.00376701354980469 -0.0236682891845703 0.321014404296875 0.161041259765625
-0.00489902496337891 -0.00885200500488281 0.30694580078125 -0.164947509765625
-0.00212669372558594 -0.0336360931396484 -0.27667236328125 0.202163696289063
0.0144329071044922 -0.0213871002197266 -0.314727783203125 -0.070068359375
0.0227088928222656 -0.0516090393066406 -0.122222900390625 -0.4295654296875
0.0445785522460938 -0.0226402282714844 0.352142333984375 -0.5345458984375
0.0272293090820313 0.0326328277587891 0.78021240234375 0.0299072265625
-0.0135822296142578 0.0229263305664063 0.51898193359375 0.7469482421875
-0.00400924682617188 0.0316867828369141 -0.10009765625 0.74188232421875
-0.0121660232543945 0.0147829055786133 -0.0160369873046875 0.131355285644531
-0.00362586975097656 0.0211753845214844 0.30792236328125 -0.58734130859375
0.0202789306640625 0.0102386474609375 -0.23345947265625 -0.9415283203125
0.0346393585205078 0.00612449645996094 -0.80255126953125 -0.23748779296875
0.0363197326660156 -0.0170097351074219 -0.477142333984375 0.471282958984375
0.0383758544921875 -0.0329208374023438 0.00201416015624997 0.494537353515625
0.000667572021484375 -0.0316238403320313 0.3115234375 0.159942626953125
-0.00981235504150391 -0.011723518371582 0.299072265625 -0.169464111328125
-0.00422096252441406 -0.0350322723388672 -0.289520263671875 0.19732666015625
0.0129318237304688 -0.0257301330566406 -0.322723388671875 -0.0751953125
0.023284912109375 -0.0549812316894531 -0.115081787109375 -0.43658447265625
0.0510330200195313 -0.0240859985351563 0.364501953125 -0.53076171875
0.0373191833496094 0.0371475219726562 0.7838134765625 0.05224609375
-0.00494003295898438 0.0368003845214844 0.50408935546875 0.75579833984375
-0.0081024169921875 0.0525894165039063 -0.10321044921875 0.72589111328125
-0.0314769744873047 0.0317935943603516 0.00687408447265626 0.113052368164063
-0.0124359130859375 0.0421829223632813 0.31048583984375 -0.6090087890625
0.0276279449462891 0.0268287658691406 -0.25592041015625 -0.93804931640625
0.0460319519042969 0.0113105773925781 -0.8021240234375 -0.2147216796875
0.0416259765625 -0.0193328857421875 -0.463531494140625 0.479644775390625
0.0385932922363281 -0.0358352661132813 0.010009765625 0.487274169921875
-0.00260543823242188 -0.0360641479492187 0.305419921875 0.153472900390625
-0.0122833251953125 -0.013031005859375 0.286651611328125 -0.17724609375
0.0333328247070313 -0.0284194946289063 -0.276290893554688 0.185699462890625
0.0290908813476563 0.0242023468017578 -0.271102905273438 -0.119186401367187
-0.00538825988769531 0.0181522369384766 -0.0189208984375 -0.48065185546875
-0.0431175231933594 0.0299339294433594 0.486724853515625 -0.47442626953125
-0.07122802734375 0.010772705078125 0.7777099609375 0.21820068359375
-0.033172607421875 -0.087249755859375 0.33880615234375 0.8656005859375
0.0740585327148438 -0.0805587768554688 -0.20928955078125 0.68798828125
0.121826171875 -0.061981201171875 0.0279350280761719 0.0514030456542969
0.0681686401367188 -0.0931320190429688 0.195068359375 -0.6783447265625
-0.0128631591796875 -0.0877914428710938 -0.4598388671875 -0.85064697265625
-0.0618629455566406 -0.0113716125488281 -0.82391357421875 -0.0364990234375001
-0.0378303527832031 0.0384330749511719 -0.34716796875 0.538787841796875
-0.00387001037597656 0.0255107879638672 0.115325927734375 0.45843505859375
0.0070037841796875 0.0229663848876953 0.351043701171875 0.102935791015625
0.0188694000244141 -0.00246810913085938 0.286712646484375 -0.19049072265625
0.0283966064453125 -0.0274887084960938 -0.263778686523438 0.19256591796875
0.0305671691894531 0.0189418792724609 -0.271774291992188 -0.106338500976562
-0.000273704528808594 0.0104799270629883 -0.041168212890625 -0.4677734375
-0.0314502716064453 0.0250701904296875 0.45513916015625 -0.491180419921875
-0.0653610229492188 0.0136528015136719 0.7813720703125 0.17156982421875
-0.0408401489257812 -0.0811538696289063 0.3828125 0.8468017578125
0.0640335083007813 -0.0816802978515625 -0.19268798828125 0.71746826171875
0.115989685058594 -0.0658950805664063 0.00101470947265625 0.0799331665039063
0.0669479370117188 -0.0933456420898438 0.21441650390625 -0.65179443359375
-0.0108261108398437 -0.0883331298828125 -0.41192626953125 -0.87640380859375
-0.0571136474609375 -0.0178756713867188 -0.82568359375 -0.0874633789062501
-0.034576416015625 0.0307064056396484 -0.37945556640625 0.524810791015625
-0.000536918640136717 0.0170440673828125 0.093841552734375 0.47039794921875
0.00752449035644531 0.0178165435791016 0.351715087890625 0.116790771484375
0.0167646408081055 -0.00133800506591797 0.29656982421875 -0.182403564453125
0.0241680145263672 -0.0293331146240234 -0.258010864257813 0.19970703125
0.0298480987548828 0.0109729766845703 -0.277618408203125 -0.093658447265625
0.00664234161376953 -0.00259733200073242 -0.066162109375 -0.454681396484375
-0.0163984298706055 0.0163335800170898 0.4212646484375 -0.508331298828125
-0.0508804321289063 0.0178871154785156 0.78466796875 0.1202392578125
-0.0441169738769531 -0.065948486328125 0.43096923828125 0.81695556640625
0.048583984375 -0.0730743408203125 -0.1697998046875 0.73773193359375
0.09967041015625 -0.0607681274414063 -0.0209732055664062 0.108108520507813
0.0603866577148438 -0.0817794799804688 0.2369384765625 -0.62396240234375
-0.00611114501953124 -0.0793914794921875 -0.3594970703125 -0.8992919921875
-0.0446548461914063 -0.0203704833984375 -0.82550048828125 -0.1380615234375
-0.0251789093017578 0.0190105438232422 -0.41387939453125 0.508453369140625
0.00607156753540039 0.00706958770751953 0.068115234375 0.484466552734375
0.00692844390869141 0.0103931427001953 0.350341796875 0.13031005859375
0.0130825042724609 -0.00216197967529297 0.307586669921875 -0.1749267578125
0.0179386138916016 -0.0294685363769531 -0.255447387695312 0.204910278320313
0.0283794403076172 0.00273895263671875 -0.285430908203125 -0.081878662109375
0.0144777297973633 -0.0166034698486328 -0.088653564453125 -0.4427490234375
0.00123739242553711 0.0035092830657959 0.39093017578125 -0.52532958984375
-0.0324382781982422 0.0220241546630859 0.7852783203125 0.074951171875
-0.0422439575195313 -0.0432548522949219 0.4742431640625 0.790771484375
0.0330047607421875 -0.0515594482421875 -0.14422607421875 0.75445556640625
0.0744400024414063 -0.0471267700195313 -0.0342636108398438 0.129440307617188
0.0472412109375 -0.0606956481933594 0.26068115234375 -0.60089111328125
0.00135040283203126 -0.0627937316894531 -0.30865478515625 -0.92095947265625
-0.0253391265869141 -0.0182018280029297 -0.8212890625 -0.18890380859375
-0.009765625 0.00671100616455078 -0.446075439453125 0.4937744140625
0.0145111083984375 -0.00545024871826172 0.0426025390625 0.4940185546875
0.00642776489257813 -0.00127553939819336 0.341796875 0.14581298828125
0.00767898559570313 -0.00363731384277344 0.31298828125 -0.168243408203125
0.00970458984375 -0.0301017761230469 -0.258209228515625 0.207748413085938
0.0236225128173828 -0.00732040405273438 -0.295440673828125 -0.073089599609375
0.0180320739746094 -0.0313243865966797 -0.1065673828125 -0.434478759765625
0.018829345703125 -0.00745010375976563 0.36822509765625 -0.534393310546875
-0.00881767272949219 0.0256328582763672 0.78460693359375 0.0419921875
-0.034454345703125 -0.0195045471191406 0.50604248046875 0.7659912109375
0.0165691375732422 -0.0241241455078125 -0.12042236328125 0.762451171875
0.0434074401855469 -0.0274085998535156 -0.0377044677734375 0.141555786132813
0.0301055908203125 -0.0340442657470703 0.280029296875 -0.58685302734375
0.00819778442382813 -0.0389175415039063 -0.267333984375 -0.93560791015625
-0.00420570373535156 -0.0121994018554687 -0.8153076171875 -0.22271728515625
0.00661611557006836 -0.00447893142700195 -0.46826171875 0.48199462890625
0.0250415802001953 -0.0166282653808594 0.020477294921875 0.4996337890625
0.0052642822265625 -0.0136013031005859 0.334686279296875 0.156890869140625
0.00173616409301758 -0.00616264343261719 0.313751220703125 -0.16546630859375
0.002960205078125 -0.0319919586181641 -0.265472412109375 0.20770263671875
0.0194644927978516 -0.0156745910644531 -0.30621337890625 -0.068572998046875
0.02130126953125 -0.0437355041503906 -0.119232177734375 -0.42950439453125
0.0335254669189453 -0.0175228118896484 0.352935791015625 -0.540374755859375
0.0119533538818359 0.0289936065673828 0.78326416015625 0.0260009765625
-0.0228366851806641 0.00309181213378907 0.5234375 0.7513427734375
0.00555086135864258 0.00464534759521484 -0.10626220703125 0.75848388671875
0.0132617950439453 -0.00579071044921875 -0.0319061279296875 0.142532348632813
0.0118389129638672 -0.00609874725341797 0.29864501953125 -0.58203125
0.0148582458496094 -0.01312255859375 -0.24163818359375 -0.94317626953125
0.0168285369873047 -0.00402069091796875 -0.8084716796875 -0.24005126953125
0.0237655639648438 -0.0119686126708984 -0.480499267578125 0.473602294921875
0.0323944091796875 -0.0271034240722656 0.00720214843750003 0.50030517578125
0.00293922424316406 -0.0242252349853516 0.323455810546875 0.16070556640625
-0.00515508651733398 -0.00864982604980469 0.307342529296875 -0.167388916015625
-0.00194168090820313 -0.0341110229492188 -0.276840209960938 0.204010009765625
0.0155029296875 -0.0214271545410156 -0.31561279296875 -0.0687255859375001
0.02264404296875 -0.0513381958007813 -0.123748779296875 -0.43133544921875
0.0441665649414063 -0.0238761901855469 0.350738525390625 -0.538970947265625
0.0280857086181641 0.0332794189453125 0.7841796875 0.028564453125
-0.0123100280761719 0.0222396850585938 0.52264404296875 0.75128173828125
-0.00429916381835937 0.0312938690185547 -0.0989990234375 0.74578857421875
-0.0132637023925781 0.0153608322143555 -0.0168533325195312 0.131431579589844
-0.00323295593261719 0.0213527679443359 0.3074951171875 -0.59136962890625
0.0208587646484375 0.0113964080810547 -0.23773193359375 -0.94488525390625
0.0345115661621094 0.00519371032714844 -0.8052978515625 -0.2373046875
0.0353965759277344 -0.0179824829101563 -0.47772216796875 0.475128173828125
0.038116455078125 -0.0336036682128906 0.00366210937499998 0.496551513671875
0.000410079956054686 -0.0317668914794922 0.31402587890625 0.1590576171875
-0.0098419189453125 -0.0113487243652344 0.29998779296875 -0.171142578125
-0.00423622131347656 -0.0346832275390625 -0.288909912109375 0.1988525390625
0.0128459930419922 -0.0255756378173828 -0.32366943359375 -0.0734863281249999
0.0223121643066406 -0.0550765991210938 -0.117828369140625 -0.43792724609375
0.0507774353027344 -0.0249099731445313 0.364501953125 -0.534698486328125
0.0376434326171875 0.0373649597167969 0.7861328125 0.05218505859375
-0.00397491455078125 0.0362358093261719 0.50897216796875 0.759033203125
-0.00757217407226563 0.0528678894042969 -0.1011962890625 0.72772216796875
-0.0315132141113281 0.0319614410400391 0.00583648681640624 0.112754821777344
-0.012847900390625 0.0424461364746094 0.3106689453125 -0.61322021484375
0.0263996124267578 0.0275611877441406 -0.25775146484375 -0.943603515625
0.0459938049316406 0.0110359191894531 -0.8076171875 -0.2130126953125
0.0425758361816406 -0.0193862915039062 -0.463958740234375 0.48529052734375
0.0395889282226563 -0.0365180969238281 0.00994873046875001 0.489959716796875
-0.0027008056640625 -0.0347347259521484 0.30731201171875 0.152862548828125
-0.0116109848022461 -0.0135345458984375 0.2872314453125 -0.17816162109375
0.0332908630371094 -0.029296875 -0.27667236328125 0.187652587890625
0.0292797088623047 0.0246162414550781 -0.271896362304687 -0.118942260742188
-0.00586891174316406 0.0181255340576172 -0.02227783203125 -0.483428955078125
-0.0434532165527344 0.0297279357910156 0.488525390625 -0.478729248046875
-0.0714874267578125 0.01019287109375 0.78314208984375 0.2161865234375
-0.0324859619140625 -0.088165283203125 0.3431396484375 0.869873046875
0.074462890625 -0.0820388793945313 -0.20806884765625 0.69268798828125
0.121635437011719 -0.0644989013671875 0.0279197692871094 0.0525016784667969
0.06829833984375 -0.0949249267578125 0.1964111328125 -0.68218994140625
-0.012786865234375 -0.0885848999023438 -0.46722412109375 -0.85302734375
-0.061279296875 -0.0106353759765625 -0.83013916015625 -0.0334472656250001
-0.037994384765625 0.0403861999511719 -0.347503662109375 0.54339599609375
-0.00343132019042969 0.0249958038330078 0.11749267578125 0.461090087890625
0.00688743591308594 0.0239181518554688 0.35498046875 0.102783203125
0.0203838348388672 -0.00179481506347656 0.28863525390625 -0.1923828125
0.0281753540039063 -0.0291881561279297 -0.2633056640625 0.195938110351563
0.0307521820068359 0.0185890197753906 -0.27301025390625 -0.106277465820313
6.48498535156257E-05 0.0108795166015625 -0.0433349609375 -0.469390869140625
-0.0320854187011719 0.0247306823730469 0.454925537109375 -0.495941162109375
-0.0646209716796875 0.0129966735839844 0.7861328125 0.17010498046875
-0.0408477783203125 -0.0815582275390625 0.3868408203125 0.84808349609375
0.0651702880859375 -0.0830001831054688 -0.19061279296875 0.7208251953125
0.116165161132813 -0.0664596557617188 0.00146484375 0.0804595947265625
0.0669403076171875 -0.0946731567382812 0.21331787109375 -0.65850830078125
-0.0120010375976562 -0.08905029296875 -0.41845703125 -0.87933349609375
-0.0582542419433594 -0.0167045593261719 -0.8306884765625 -0.0858154296874998
-0.0342273712158203 0.0308208465576172 -0.379058837890625 0.529449462890625
-0.000251770019531251 0.0182056427001953 0.095611572265625 0.473876953125
0.00817489624023438 0.0188388824462891 0.355377197265625 0.114990234375
0.0167751312255859 -0.000983238220214844 0.2979736328125 -0.184722900390625
0.0240230560302734 -0.0293254852294922 -0.258056640625 0.203048706054687
0.03125 0.0122299194335938 -0.279159545898438 -0.0928955078125
0.0077672004699707 -0.00163078308105469 -0.0687255859375 -0.457061767578125
-0.0170145034790039 0.0159568786621094 0.422119140625 -0.512481689453125
-0.0501594543457031 0.0176811218261719 0.78814697265625 0.11639404296875
-0.0435752868652344 -0.065155029296875 0.43389892578125 0.82049560546875
0.0493698120117188 -0.0725936889648438 -0.168701171875 0.74298095703125
0.099456787109375 -0.0615234375 -0.0202713012695312 0.108283996582031
0.0601959228515625 -0.08258056640625 0.23687744140625 -0.62744140625
-0.0063323974609375 -0.0805435180664063 -0.36553955078125 -0.9053955078125
-0.0444831848144531 -0.0207633972167969 -0.829345703125 -0.138916015625
-0.0252933502197266 0.0181026458740234 -0.415496826171875 0.514862060546875
0.00687360763549805 0.00664091110229492 0.068817138671875 0.48760986328125
0.00796699523925781 0.00996208190917969 0.352569580078125 0.129791259765625
0.0129413604736328 -0.00228500366210938 0.309112548828125 -0.177001953125
0.0171432495117187 -0.0297183990478516 -0.255706787109375 0.207015991210937
0.0283641815185547 0.0037384033203125 -0.2874755859375 -0.0806884765625
0.0126237869262695 -0.0162382125854492 -0.090606689453125 -0.4466552734375
0.00037384033203125 0.00408792495727539 0.389068603515625 -0.529266357421875
-0.0316867828369141 0.0223808288574219 0.78887939453125 0.07318115234375
-0.0419387817382813 -0.0436553955078125 0.4783935546875 0.79547119140625
0.0318489074707031 -0.0516738891601563 -0.14202880859375 0.7589111328125
0.0742874145507813 -0.04779052734375 -0.0354080200195313 0.129890441894531
0.0477142333984375 -0.0618896484375 0.259033203125 -0.604248046875
0.00129318237304687 -0.0635147094726563 -0.31146240234375 -0.924072265625
-0.0253772735595703 -0.0188274383544922 -0.8260498046875 -0.18597412109375
-0.010624885559082 0.00603103637695313 -0.446380615234375 0.49884033203125
0.0152206420898437 -0.00515460968017578 0.04315185546875 0.496734619140625
0.0059504508972168 -0.00149297714233398 0.345489501953125 0.14459228515625
0.00770282745361328 -0.00390386581420898 0.31365966796875 -0.17205810546875
0.0101852416992187 -0.0312423706054688 -0.257797241210938 0.210540771484375
0.0254993438720703 -0.007781982421875 -0.296478271484375 -0.0721435546875
0.0173397064208984 -0.0308399200439453 -0.108306884765625 -0.43658447265625
0.0183219909667969 -0.00770950317382813 0.3677978515625 -0.53851318359375
-0.00893974304199219 0.0257358551025391 0.7886962890625 0.03973388671875
-0.0337200164794922 -0.0196037292480469 0.51043701171875 0.76922607421875
0.0167140960693359 -0.0252704620361328 -0.11822509765625 0.7652587890625
0.0429344177246094 -0.0279655456542969 -0.038330078125 0.142745971679687
0.0297431945800781 -0.0348052978515625 0.2806396484375 -0.59100341796875
0.00828170776367187 -0.0393142700195312 -0.27166748046875 -0.9395751953125
-0.0039520263671875 -0.0117883682250977 -0.82135009765625 -0.22235107421875
0.00734996795654297 -0.00476169586181641 -0.46942138671875 0.4862060546875
0.024871826171875 -0.0175590515136719 0.022369384765625 0.5025634765625
0.00382232666015625 -0.0129108428955078 0.3365478515625 0.154693603515625
0.00200319290161133 -0.00612688064575195 0.31451416015625 -0.168670654296875
0.00267410278320312 -0.0332851409912109 -0.265823364257813 0.210281372070313
0.0206031799316406 -0.0157260894775391 -0.30731201171875 -0.06695556640625
0.0208015441894531 -0.0446548461914062 -0.121673583984375 -0.4306640625
0.0332107543945312 -0.0182247161865234 0.352447509765625 -0.544097900390625
0.0123252868652344 0.0290737152099609 0.7869873046875 0.025634765625
-0.0232906341552734 0.00357246398925781 0.5274658203125 0.7548828125
0.00466728210449219 0.00445985794067383 -0.10565185546875 0.76422119140625
0.012791633605957 -0.00630760192871094 -0.0330047607421875 0.143386840820312
0.0110483169555664 -0.00525474548339844 0.299072265625 -0.58624267578125
0.0153427124023437 -0.0132884979248047 -0.24298095703125 -0.9486083984375
0.0173358917236328 -0.00387382507324219 -0.8143310546875 -0.23956298828125
0.0241641998291016 -0.0132274627685547 -0.481201171875 0.476409912109375
0.0337047576904297 -0.0274696350097656 0.00863647460937496 0.50469970703125
0.00275611877441406 -0.0230178833007812 0.327239990234375 0.159881591796875
-0.00456809997558594 -0.00881004333496094 0.309539794921875 -0.169464111328125
-0.00259780883789063 -0.0344696044921875 -0.27679443359375 0.207504272460938
0.01654052734375 -0.0221710205078125 -0.316741943359375 -0.06732177734375
0.0218086242675781 -0.0519218444824219 -0.12579345703125 -0.432952880859375
0.043853759765625 -0.0241279602050781 0.3511962890625 -0.542694091796875
0.0294876098632813 0.0325126647949219 0.78985595703125 0.02642822265625
-0.0119838714599609 0.0217437744140625 0.52728271484375 0.7525634765625
-0.00366592407226563 0.0303096771240234 -0.0966796874999999 0.7508544921875
-0.0136651992797852 0.0149803161621094 -0.0161056518554687 0.133758544921875
-0.00389289855957031 0.022125244140625 0.3094482421875 -0.59521484375
0.0219669342041016 0.0116786956787109 -0.24310302734375 -0.949951171875
0.0344581604003906 0.00533866882324219 -0.8111572265625 -0.2364501953125
0.0367431640625 -0.0172271728515625 -0.48016357421875 0.47906494140625
0.0380973815917969 -0.0343589782714844 0.00488281250000003 0.498809814453125
-0.000871658325195309 -0.0316753387451172 0.3165283203125 0.157501220703125
-0.00916576385498047 -0.0116233825683594 0.301055908203125 -0.17364501953125
-0.00482559204101563 -0.03582763671875 -0.28887939453125 0.202484130859375
0.0133266448974609 -0.0256824493408203 -0.3251953125 -0.0726623535156251
0.022613525390625 -0.0548477172851563 -0.12017822265625 -0.43829345703125
0.0502433776855469 -0.0248336791992188 0.36383056640625 -0.538482666015625
0.0390357971191406 0.0366554260253906 0.79132080078125 0.048583984375
-0.00304412841796875 0.0368576049804688 0.5130615234375 0.76312255859375
-0.00769805908203125 0.0526542663574219 -0.099609375 0.732421875
-0.0318355560302734 0.0320892333984375 0.00646209716796875 0.114028930664063
-0.0116233825683594 0.0420913696289063 0.31036376953125 -0.61602783203125
0.0279483795166016 0.026641845703125 -0.26348876953125 -0.947509765625
0.0473213195800781 0.0113525390625 -0.81231689453125 -0.21405029296875
0.0427818298339844 -0.0192642211914063 -0.464874267578125 0.48822021484375
0.0398330688476563 -0.0380401611328125 0.01171875 0.494049072265625
-0.0029144287109375 -0.0357093811035156 0.310150146484375 0.15130615234375
-0.0114803314208984 -0.013209342956543 0.288330078125 -0.18084716796875
0.0329265594482422 -0.0313701629638672 -0.276779174804688 0.190948486328125
0.0305099487304687 0.0242691040039063 -0.273971557617188 -0.1180419921875
-0.005157470703125 0.0187816619873047 -0.02496337890625 -0.485809326171875
-0.0446968078613281 0.030242919921875 0.488128662109375 -0.484130859375
-0.0704879760742188 0.0105819702148437 0.78875732421875 0.21405029296875
-0.0327301025390625 -0.0888519287109375 0.3504638671875 0.87384033203125
0.0750198364257813 -0.082916259765625 -0.2047119140625 0.6973876953125
0.121910095214844 -0.0643997192382813 0.0284843444824219 0.0521965026855469
0.0677261352539063 -0.095123291015625 0.1943359375 -0.687255859375
-0.013916015625 -0.0880279541015625 -0.47015380859375 -0.85821533203125
-0.0620689392089844 -0.0108909606933594 -0.83526611328125 -0.0306396484375
-0.0382270812988281 0.0393714904785156 -0.346923828125 0.5491943359375
-0.00374603271484375 0.0250015258789063 0.122772216796875 0.4637451171875
0.00716400146484375 0.0232887268066406 0.35626220703125 0.0997314453125
0.0204181671142578 -0.00246810913085937 0.28875732421875 -0.195465087890625
0.0281581878662109 -0.0302371978759766 -0.263534545898437 0.1990966796875
0.0322723388671875 0.0179252624511719 -0.275161743164063 -0.104385375976562
-9.63211059570307E-05 0.0107898712158203 -0.0455322265625 -0.4727783203125
-0.0333232879638672 0.0251712799072266 0.45574951171875 -0.502227783203125
-0.0641708374023438 0.0124359130859375 0.791748046875 0.16680908203125
-0.0409088134765625 -0.0823593139648437 0.3922119140625 0.85369873046875
0.0638961791992188 -0.0839614868164062 -0.1890869140625 0.72601318359375
0.116867065429688 -0.067138671875 0.001800537109375 0.082183837890625
0.0671157836914063 -0.094757080078125 0.21258544921875 -0.66119384765625
-0.0119094848632812 -0.0887374877929688 -0.42279052734375 -0.88470458984375
-0.0579376220703125 -0.0169715881347656 -0.83624267578125 -0.0819702148437499
-0.0340805053710937 0.0304412841796875 -0.3800048828125 0.534454345703125
0.000196456909179686 0.0179862976074219 0.098236083984375 0.475677490234375
0.0091400146484375 0.0187644958496094 0.3592529296875 0.1129150390625
0.0175914764404297 -0.00157928466796875 0.2987060546875 -0.18798828125
0.0241661071777344 -0.0311317443847656 -0.25811767578125 0.205947875976562
0.031646728515625 0.0113887786865234 -0.280792236328125 -0.0921630859375
0.00627803802490234 -0.00158166885375977 -0.0704345703125 -0.4600830078125
-0.0178585052490234 0.0157413482666016 0.422637939453125 -0.51904296875
-0.0505409240722656 0.0173835754394531 0.79571533203125 0.1156005859375
-0.044189453125 -0.0663604736328125 0.44012451171875 0.82452392578125
0.0485076904296875 -0.073760986328125 -0.1666259765625 0.74859619140625
0.100761413574219 -0.061309814453125 -0.0200653076171875 0.110466003417969
0.0603103637695313 -0.082794189453125 0.2362060546875 -0.6326904296875
-0.00682830810546875 -0.080902099609375 -0.3721923828125 -0.90869140625
-0.044830322265625 -0.0200157165527344 -0.8348388671875 -0.1361083984375
-0.0248451232910156 0.0188083648681641 -0.415069580078125 0.519989013671875
0.00696325302124023 0.00718307495117187 0.07305908203125 0.49127197265625
0.00813388824462891 0.0101737976074219 0.356719970703125 0.127899169921875
0.0136756896972656 -0.00224971771240234 0.309234619140625 -0.179534912109375
0.0168819427490234 -0.0312709808349609 -0.254974365234375 0.210372924804687
0.0296211242675781 0.00173377990722656 -0.28887939453125 -0.0794067382812499
0.0127429962158203 -0.0164060592651367 -0.09375 -0.447662353515625
0.000526905059814453 0.004638671875 0.3912353515625 -0.53558349609375
-0.0299892425537109 0.0218925476074219 0.79437255859375 0.0693359375
-0.0408821105957031 -0.0453453063964844 0.48284912109375 0.79742431640625
0.0323257446289063 -0.0527267456054687 -0.140625 0.76495361328125
0.073638916015625 -0.0479354858398438 -0.0356597900390625 0.130882263183594
0.0477027893066406 -0.062286376953125 0.25927734375 -0.60797119140625
0.0007476806640625 -0.0633010864257813 -0.31915283203125 -0.927978515625
-0.0266933441162109 -0.018463134765625 -0.83221435546875 -0.1839599609375
-0.0100221633911133 0.00657749176025391 -0.44775390625 0.50579833984375
0.0156517028808594 -0.00519752502441406 0.046600341796875 0.500518798828125
0.00610828399658203 -0.0011906623840332 0.349151611328125 0.141815185546875
0.0081791877746582 -0.00424098968505859 0.3153076171875 -0.17486572265625
0.00976753234863281 -0.0323562622070313 -0.257049560546875 0.213409423828125
0.0255393981933594 -0.00711822509765625 -0.29833984375 -0.06927490234375
0.0163078308105469 -0.0309619903564453 -0.11126708984375 -0.438629150390625
0.0177936553955078 -0.00782966613769531 0.367645263671875 -0.544342041015625
-0.00882530212402343 0.0255317687988281 0.79400634765625 0.03668212890625
-0.0339260101318359 -0.0196094512939453 0.51641845703125 0.772216796875
0.016510009765625 -0.0263996124267578 -0.1168212890625 0.77203369140625
0.0430641174316406 -0.0290184020996094 -0.038055419921875 0.143569946289063
0.0300064086914062 -0.03570556640625 0.27880859375 -0.59442138671875
0.00766754150390625 -0.0388603210449219 -0.277099609375 -0.9443359375
-0.00494098663330078 -0.0122909545898438 -0.8265380859375 -0.219970703125
0.00742769241333008 -0.00456905364990234 -0.470550537109375 0.4913330078125
0.0245532989501953 -0.0176982879638672 0.025238037109375 0.506927490234375
0.00496959686279297 -0.0124750137329102 0.33929443359375 0.153076171875
0.0025172233581543 -0.00652885437011719 0.315582275390625 -0.1715087890625
0.00271797180175781 -0.0338840484619141 -0.265365600585938 0.214569091796875
0.0217647552490234 -0.0158233642578125 -0.309417724609375 -0.065887451171875
0.0205116271972656 -0.0437660217285156 -0.1259765625 -0.43267822265625
0.0330677032470703 -0.0178031921386719 0.35174560546875 -0.54779052734375
0.0128269195556641 0.0282840728759766 0.79150390625 0.0208740234375
-0.0219058990478516 0.002044677734375 0.53411865234375 0.758544921875
0.00487995147705078 0.00395917892456055 -0.10302734375 0.76763916015625
0.0122833251953125 -0.00605487823486328 -0.0321044921875 0.144195556640625
0.011296272277832 -0.00529193878173828 0.29803466796875 -0.5897216796875
0.0147418975830078 -0.0127897262573242 -0.24981689453125 -0.9534912109375
0.0177364349365234 -0.003173828125 -0.819580078125 -0.2379150390625
0.0233860015869141 -0.0136032104492188 -0.4815673828125 0.48480224609375
0.0334644317626953 -0.0269336700439453 0.01171875 0.507049560546875
0.00226974487304688 -0.0233287811279297 0.329803466796875 0.157379150390625
-0.00471115112304688 -0.00940895080566406 0.309661865234375 -0.173126220703125
-0.002960205078125 -0.0357551574707031 -0.2762451171875 0.209716796875
0.0168704986572266 -0.0227069854736328 -0.319244384765625 -0.0653381347656249
0.0213050842285156 -0.0527763366699219 -0.12933349609375 -0.433685302734375
0.0445976257324219 -0.0242843627929688 0.3525390625 -0.547119140625
0.0298175811767578 0.0307369232177734 0.7935791015625 0.02325439453125
-0.0109386444091797 0.0223865509033203 0.53216552734375 0.7557373046875
-0.00375175476074219 0.0305442810058594 -0.09405517578125 0.7557373046875
-0.0142755508422852 0.0146627426147461 -0.0161285400390625 0.134056091308594
-0.00290107727050781 0.0207633972167969 0.3076171875 -0.5994873046875
0.0221309661865234 0.0106353759765625 -0.248046875 -0.955322265625
0.0355758666992188 0.0048828125 -0.817138671875 -0.2349853515625
0.0367164611816406 -0.0189208984375 -0.482452392578125 0.4849853515625
0.038238525390625 -0.0346336364746094 0.00698852539062502 0.50372314453125
-0.000997543334960938 -0.0317153930664063 0.319305419921875 0.156158447265625
-0.00930023193359375 -0.0117692947387695 0.302337646484375 -0.1771240234375
-0.00439453125 -0.0360984802246094 -0.288970947265625 0.20587158203125
0.014495849609375 -0.0262374877929688 -0.326995849609375 -0.0704650878906251
0.0221786499023438 -0.0555191040039063 -0.123443603515625 -0.43927001953125
0.0510902404785156 -0.0260086059570313 0.364501953125 -0.543609619140625
0.0406265258789063 0.0358734130859375 0.79669189453125 0.04547119140625
-0.00133132934570313 0.0365982055664062 0.518310546875 0.76531982421875
-0.0079803466796875 0.0525245666503906 -0.09710693359375 0.73779296875
-0.0329399108886719 0.0318679809570313 0.00687408447265625 0.114425659179688
-0.0121231079101562 0.0418586730957031 0.31085205078125 -0.62060546875
0.0288848876953125 0.0277442932128906 -0.268310546875 -0.95269775390625
0.0470390319824219 0.0112991333007812 -0.8173828125 -0.21270751953125
0.0428886413574219 -0.0203857421875 -0.467254638671875 0.49407958984375
0.0393447875976563 -0.0374984741210938 0.01495361328125 0.49835205078125
-0.0029754638671875 -0.0347747802734375 0.312042236328125 0.148773193359375
-0.0119295120239258 -0.0139389038085937 0.2882080078125 -0.18426513671875
0.0331096649169922 -0.0328445434570313 -0.276016235351563 0.195175170898438
0.0315036773681641 0.0237960815429687 -0.275772094726562 -0.116455078125
-0.00677490234375 0.0192031860351563 -0.028594970703125 -0.489654541015625
-0.044586181640625 0.030975341796875 0.49017333984375 -0.4912109375
-0.072021484375 0.009735107421875 0.79583740234375 0.211181640625
-0.0334014892578125 -0.089141845703125 0.35443115234375 0.8790283203125
0.0756683349609375 -0.084991455078125 -0.20263671875 0.7022705078125
0.121810913085937 -0.0650711059570312 0.0276069641113281 0.0530891418457031
0.0681076049804688 -0.0968246459960938 0.19036865234375 -0.6942138671875
-0.0139923095703125 -0.0894546508789063 -0.4794921875 -0.86151123046875
-0.0629081726074219 -0.0111083984375 -0.84124755859375 -0.02685546875
-0.0372772216796875 0.039520263671875 -0.347503662109375 0.553924560546875
-0.00337028503417969 0.0250396728515625 0.124542236328125 0.466552734375
0.00843429565429687 0.025054931640625 0.361846923828125 0.097259521484375
0.0207309722900391 -0.00216484069824219 0.289764404296875 -0.198944091796875
0.0286159515380859 -0.0327434539794922 -0.263458251953125 0.202651977539063
0.0338249206542969 0.01739501953125 -0.277114868164063 -0.102783203125
-0.00118541717529297 0.0120573043823242 -0.0494995117187501 -0.47552490234375
-0.0332584381103516 0.0262069702148438 0.455963134765625 -0.5093994140625
-0.0645370483398438 0.012603759765625 0.79840087890625 0.16455078125
-0.0408096313476563 -0.0832748413085938 0.39910888671875 0.85919189453125
0.0644302368164062 -0.0855331420898437 -0.1868896484375 0.7320556640625
0.1171875 -0.0677337646484375 0.00252532958984375 0.0823440551757812
0.06683349609375 -0.0965118408203125 0.210693359375 -0.6666259765625
-0.01080322265625 -0.0888671875 -0.4320068359375 -0.88720703125
-0.0587043762207031 -0.0169906616210938 -0.84307861328125 -0.078125
-0.034210205078125 0.0316562652587891 -0.38018798828125 0.538970947265625
-0.000324249267578124 0.0182323455810547 0.101593017578125 0.479217529296875
0.0095672607421875 0.0188808441162109 0.361663818359375 0.109222412109375
0.016627311706543 -0.00101089477539062 0.29888916015625 -0.190093994140625
0.0231781005859375 -0.0329208374023438 -0.256484985351562 0.207992553710938
0.0321464538574219 0.00988197326660156 -0.283111572265625 -0.090301513671875
0.00613260269165039 -0.00116586685180664 -0.07470703125 -0.462860107421875
-0.0181636810302734 0.0153274536132812 0.42327880859375 -0.526824951171875
-0.0493698120117188 0.0169448852539062 0.80035400390625 0.11138916015625
-0.0436325073242187 -0.0675849914550781 0.44598388671875 0.827880859375
0.0477828979492188 -0.074676513671875 -0.16241455078125 0.75433349609375
0.100326538085938 -0.0620269775390625 -0.019866943359375 0.11175537109375
0.0599822998046875 -0.0846786499023438 0.2344970703125 -0.6375732421875
-0.00634765625 -0.0825042724609375 -0.3780517578125 -0.91162109375
-0.0450057983398437 -0.0201339721679688 -0.8421630859375 -0.132080078125
-0.0248069763183594 0.0192623138427734 -0.415374755859375 0.525238037109375
0.00653934478759766 0.00677967071533203 0.076171875 0.494232177734375
0.00694656372070312 0.00990867614746094 0.3592529296875 0.125396728515625
0.0146732330322266 -0.00316905975341797 0.310272216796875 -0.18353271484375
0.0173511505126953 -0.0328636169433594 -0.253616333007813 0.214340209960937
0.031341552734375 0.001129150390625 -0.290985107421875 -0.0776367187500001
0.0117301940917969 -0.0157804489135742 -0.09710693359375 -0.449859619140625
-0.000164747238159179 0.00380873680114746 0.38995361328125 -0.541778564453125
-0.0309314727783203 0.0206832885742188 0.80133056640625 0.0653076171875
-0.0413818359375 -0.0450477600097656 0.4913330078125 0.80133056640625
0.0312423706054688 -0.054168701171875 -0.1353759765625 0.771240234375
0.0743331909179687 -0.0485458374023438 -0.034942626953125 0.133010864257813
0.0473060607910156 -0.0636062622070313 0.25701904296875 -0.6142578125
-0.000129699707031245 -0.0635223388671875 -0.32684326171875 -0.93524169921875
-0.0258464813232422 -0.0187187194824219 -0.8389892578125 -0.1810302734375
-0.0102767944335938 0.00712966918945313 -0.448638916015625 0.51031494140625
0.0157413482666016 -0.00519657135009766 0.0504455566406251 0.503753662109375
0.00610685348510742 -0.000525951385498047 0.353363037109375 0.140045166015625
0.00723457336425781 -0.00371646881103516 0.31463623046875 -0.178985595703125
0.00983238220214844 -0.0330181121826172 -0.256881713867188 0.2171630859375
0.0264911651611328 -0.00802421569824219 -0.300262451171875 -0.0686950683593751
0.0168933868408203 -0.0302181243896484 -0.116241455078125 -0.440155029296875
0.0175819396972656 -0.00786781311035156 0.366363525390625 -0.549896240234375
-0.00714492797851563 0.0245990753173828 0.7984619140625 0.03265380859375
-0.0335483551025391 -0.0208721160888672 0.52508544921875 0.7742919921875
0.0165843963623047 -0.0261402130126953 -0.113525390625 0.7784423828125
0.0429878234863281 -0.0291328430175781 -0.037994384765625 0.146011352539063
0.029937744140625 -0.035858154296875 0.278564453125 -0.6002197265625
0.00770187377929688 -0.038818359375 -0.28521728515625 -0.951904296875
-0.00314044952392578 -0.0119867324829102 -0.83343505859375 -0.2174072265625
0.00798368453979492 -0.00525617599487305 -0.472625732421875 0.498687744140625
0.0252437591552734 -0.0185985565185547 0.02752685546875 0.5106201171875
0.00488090515136719 -0.0119094848632813 0.342803955078125 0.151336669921875
0.00219488143920898 -0.0076298713684082 0.31640625 -0.17510986328125
0.000846862792968752 -0.0343475341796875 -0.26446533203125 0.217269897460937
0.0231418609619141 -0.0163726806640625 -0.3104248046875 -0.0636291503906249
0.0192527770996094 -0.0444831848144531 -0.130096435546875 -0.4337158203125
0.0325469970703125 -0.0188541412353516 0.35308837890625 -0.55621337890625
0.0143337249755859 0.0267086029052734 0.7994384765625 0.0150146484375
-0.0212516784667969 0.00250244140625 0.54071044921875 0.76220703125
0.00500726699829102 0.00444746017456055 -0.0991821289062501 0.7738037109375
0.0126018524169922 -0.00591564178466797 -0.03240966796875 0.14691162109375
0.0113925933837891 -0.00641345977783203 0.295654296875 -0.59466552734375
0.0154094696044922 -0.0133142471313477 -0.25518798828125 -0.95819091796875
0.0175275802612305 -0.00326919555664063 -0.82733154296875 -0.23583984375
0.0235996246337891 -0.01318359375 -0.482147216796875 0.489654541015625
0.0327529907226563 -0.0282402038574219 0.0150756835937501 0.51092529296875
0.003082275390625 -0.0237445831298828 0.33380126953125 0.15533447265625
-0.00395870208740234 -0.0101833343505859 0.311859130859375 -0.176971435546875
-0.00202560424804688 -0.0362548828125 -0.274337768554687 0.2132568359375
0.0188045501708984 -0.0229873657226563 -0.32073974609375 -0.0639953613281249
0.0215721130371094 -0.0511970520019531 -0.132720947265625 -0.436676025390625
0.0445022583007813 -0.0255126953125 0.34857177734375 -0.554168701171875
0.0318336486816406 0.0303478240966797 0.8013916015625 0.01898193359375
-0.0100898742675781 0.0214672088623047 0.54071044921875 0.75762939453125
-0.00374221801757813 0.0305213928222656 -0.0911865234375 0.7607421875
-0.0145168304443359 0.0155467987060547 -0.0161895751953125 0.135421752929687
-0.00511550903320313 0.0220184326171875 0.30908203125 -0.60601806640625
0.0222606658935547 0.0100154876708984 -0.25341796875 -0.95928955078125
0.0358848571777344 0.00562667846679688 -0.8232421875 -0.23272705078125
0.0371742248535156 -0.0187835693359375 -0.481475830078125 0.49029541015625
0.0379600524902344 -0.035400390625 0.00961303710937497 0.508056640625
0.000606536865234375 -0.0325946807861328 0.323638916015625 0.153594970703125
-0.0100698471069336 -0.0114727020263672 0.3023681640625 -0.179718017578125
-0.00548553466796875 -0.0383720397949219 -0.288482666015625 0.210357666015625
0.0147876739501953 -0.0258293151855469 -0.329315185546875 -0.068603515625
0.0224456787109375 -0.0561141967773438 -0.127838134765625 -0.44342041015625
0.0499382019042969 -0.026580810546875 0.362548828125 -0.551544189453125
0.041229248046875 0.0350456237792969 0.8043212890625 0.0391845703125
-0.000110626220703128 0.0360069274902344 0.525390625 0.76812744140625
-0.0071258544921875 0.0521583557128906 -0.0929565429687499 0.74273681640625
-0.0329380035400391 0.0328655242919922 0.00775909423828126 0.115097045898437
-0.0126724243164062 0.0414962768554688 0.309814453125 -0.6263427734375
0.02874755859375 0.027130126953125 -0.275634765625 -0.95684814453125
0.0471458435058594 0.0113334655761719 -0.82489013671875 -0.2093505859375
0.0433273315429688 -0.0210075378417969 -0.466827392578125 0.499053955078125
0.0395088195800781 -0.0391654968261719 0.0185546875 0.501129150390625
-0.0031585693359375 -0.0356369018554687 0.31683349609375 0.14764404296875
-0.0122060775756836 -0.0137128829956055 0.289764404296875 -0.188018798828125
0.0337810516357422 -0.0338306427001953 -0.276535034179687 0.198928833007813
0.0328483581542969 0.0220565795898438 -0.279220581054688 -0.11431884765625
-0.00615501403808594 0.0200099945068359 -0.033721923828125 -0.491851806640625
-0.0441055297851562 0.0303497314453125 0.488006591796875 -0.498931884765625
-0.0698661804199219 0.0102500915527344 0.80413818359375 0.2056884765625
-0.0337142944335937 -0.0900497436523438 0.36322021484375 0.8822021484375
0.0742721557617188 -0.08563232421875 -0.19873046875 0.70819091796875
0.121894836425781 -0.0663299560546875 0.0288772583007813 0.0536918640136719
0.0678634643554688 -0.0983505249023438 0.1881103515625 -0.69927978515625
-0.0154876708984375 -0.0900039672851563 -0.4891357421875 -0.86175537109375
-0.0626106262207031 -0.0106010437011719 -0.8460693359375 -0.0197143554687502
-0.0389556884765625 0.0405960083007813 -0.3433837890625 0.561065673828125
-0.00392913818359375 0.0252704620361328 0.13043212890625 0.469268798828125
0.00893402099609375 0.0251064300537109 0.3641357421875 0.093505859375
0.020965576171875 -0.00373077392578125 0.289825439453125 -0.202667236328125
0.0272979736328125 -0.0331096649169922 -0.26153564453125 0.206130981445312
0.0346412658691406 0.0168647766113281 -0.280227661132813 -0.100830078125
-0.00092315673828125 0.0127477645874023 -0.055450439453125 -0.47894287109375
-0.0335235595703125 0.0253219604492187 0.455291748046875 -0.515594482421875
-0.0640792846679688 0.0131950378417969 0.80419921875 0.15765380859375
-0.0417098999023438 -0.084716796875 0.4071044921875 0.86273193359375
0.0643539428710938 -0.0863723754882813 -0.18109130859375 0.73956298828125
0.116401672363281 -0.0690078735351563 0.00272369384765626 0.0843734741210937
0.066192626953125 -0.0975799560546875 0.20709228515625 -0.6717529296875
-0.0128021240234375 -0.0905838012695313 -0.44329833984375 -0.8905029296875
-0.0588455200195313 -0.0161323547363281 -0.85009765625 -0.0733642578125001
-0.034677505493164 0.031402587890625 -0.379180908203125 0.546905517578125
0.000167846679687502 0.0187892913818359 0.107391357421875 0.482208251953125
0.00970077514648437 0.0196590423583984 0.365447998046875 0.106475830078125
0.0185489654541016 -0.00220870971679688 0.2994384765625 -0.19561767578125
0.0235595703125 -0.0335502624511719 -0.256332397460938 0.212905883789063
0.0331497192382813 0.00971221923828125 -0.2843017578125 -0.087677001953125
0.00591516494750977 -0.000222206115722656 -0.078277587890625 -0.465179443359375
-0.0181941986083984 0.0160274505615234 0.41998291015625 -0.533172607421875
-0.0497856140136719 0.0175971984863281 0.80731201171875 0.1065673828125
-0.0445365905761719 -0.0681648254394531 0.45465087890625 0.832763671875
0.0473556518554688 -0.075775146484375 -0.15771484375 0.75982666015625
0.0996246337890625 -0.0627288818359375 -0.0193252563476562 0.111549377441406
0.059356689453125 -0.0862197875976563 0.2305908203125 -0.64276123046875
-0.00725555419921874 -0.0813980102539063 -0.3885498046875 -0.91571044921875
-0.0457420349121094 -0.0192642211914062 -0.84967041015625 -0.1268310546875
-0.0247535705566406 0.0193977355957031 -0.414154052734375 0.533782958984375
0.00664758682250977 0.00716781616210938 0.082763671875 0.4971923828125
0.00872993469238281 0.0107831954956055 0.363555908203125 0.121429443359375
0.0141048431396484 -0.00229263305664062 0.311065673828125 -0.18798828125
0.016693115234375 -0.033782958984375 -0.253204345703125 0.218856811523438
0.0321502685546875 0.000875473022460938 -0.29296875 -0.07513427734375
0.0119123458862305 -0.0160293579101563 -0.102142333984375 -0.45196533203125
-0.000105142593383789 0.00390481948852539 0.388427734375 -0.54931640625
-0.0296592712402344 0.0207767486572266 0.806396484375 0.0584716796875
-0.0412826538085937 -0.0458030700683594 0.50042724609375 0.80389404296875
0.0320854187011719 -0.0553779602050781 -0.13189697265625 0.77581787109375
0.0742340087890625 -0.0491180419921875 -0.0331573486328125 0.133857727050781
0.0464935302734375 -0.0643730163574219 0.2529296875 -0.61944580078125
6.48498535156229E-05 -0.0637474060058594 -0.33428955078125 -0.93792724609375
-0.0266914367675781 -0.0175914764404297 -0.84722900390625 -0.17724609375
-0.0106229782104492 0.00508880615234375 -0.447357177734375 0.518218994140625
0.015467643737793 -0.00603675842285156 0.055511474609375 0.506988525390625
0.00591564178466797 0.00045013427734375 0.356475830078125 0.136871337890625
0.00827646255493164 -0.00409793853759766 0.316741943359375 -0.182220458984375
0.00958633422851562 -0.0345573425292969 -0.256057739257813 0.221328735351562
0.0275325775146484 -0.00937080383300781 -0.3035888671875 -0.0661926269531251
0.0171051025390625 -0.0317249298095703 -0.12066650390625 -0.44207763671875
0.0171718597412109 -0.00875949859619141 0.36474609375 -0.5574951171875
-0.00705337524414063 0.0238533020019531 0.80645751953125 0.02655029296875
-0.0328464508056641 -0.0208930969238281 0.53240966796875 0.77740478515625
0.0164146423339844 -0.0265254974365234 -0.109375 0.78424072265625
0.0433731079101563 -0.0288429260253906 -0.03729248046875 0.146713256835938
0.0293655395507813 -0.0372428894042969 0.27716064453125 -0.6048583984375
0.00778961181640625 -0.0400581359863281 -0.29364013671875 -0.95391845703125
-0.0040130615234375 -0.0125608444213867 -0.841064453125 -0.2135009765625
0.00726556777954102 -0.00516748428344727 -0.47113037109375 0.504180908203125
0.0244255065917969 -0.0188331604003906 0.032989501953125 0.515289306640625
0.00422286987304687 -0.0128231048583984 0.347686767578125 0.148651123046875
0.00220823287963867 -0.00710725784301758 0.317535400390625 -0.17919921875
0.00117874145507813 -0.0362739562988281 -0.262542724609375 0.221145629882813
0.0233955383300781 -0.018035888671875 -0.3138427734375 -0.061065673828125
0.019195556640625 -0.0439109802246094 -0.133209228515625 -0.43475341796875
0.0324440002441406 -0.0189323425292969 0.349945068359375 -0.562042236328125
0.0140113830566406 0.0268611907958984 0.80242919921875 0.009521484375
-0.0199394226074219 0.00184249877929687 0.54974365234375 0.763427734375
0.00517463684082031 0.00295591354370117 -0.0936279296875 0.78057861328125
0.0115499496459961 -0.00629425048828125 -0.031005859375 0.147994995117187
0.0112056732177734 -0.00665855407714844 0.29473876953125 -0.60076904296875
0.0153980255126953 -0.0135135650634766 -0.26513671875 -0.96405029296875
0.0170097351074219 -0.00389289855957031 -0.83416748046875 -0.2310791015625
0.0241374969482422 -0.0135631561279297 -0.4827880859375 0.496337890625
0.0328712463378906 -0.02880859375 0.01947021484375 0.5147705078125
0.00301933288574219 -0.0231208801269531 0.33734130859375 0.15325927734375
-0.00435447692871094 -0.00933933258056641 0.31085205078125 -0.18035888671875
-0.00220108032226563 -0.0370674133300781 -0.274398803710938 0.217803955078125
0.0188655853271484 -0.0244674682617188 -0.323699951171875 -0.0613098144531249
0.0208778381347656 -0.0532112121582031 -0.13861083984375 -0.438201904296875
0.0441246032714844 -0.0263824462890625 0.34869384765625 -0.561065673828125
0.0327014923095703 0.0301189422607422 0.8052978515625 0.0113525390625
-0.00923538208007813 0.0208549499511719 0.54925537109375 0.76116943359375
-0.00302505493164063 0.0308284759521484 -0.0858764648437499 0.7662353515625
-0.0146608352661133 0.0151119232177734 -0.0151596069335938 0.1373291015625
-0.00471878051757813 0.0213356018066406 0.3057861328125 -0.61175537109375
0.0218925476074219 0.00954818725585938 -0.26226806640625 -0.963623046875
0.0363540649414062 0.005767822265625 -0.830322265625 -0.2274169921875
0.0363960266113281 -0.0192985534667969 -0.481170654296875 0.496734619140625
0.038787841796875 -0.03582763671875 0.014556884765625 0.51171875
-0.000484466552734373 -0.031585693359375 0.32659912109375 0.151947021484375
-0.00957870483398437 -0.0129718780517578 0.301910400390625 -0.18499755859375
-0.00513839721679688 -0.0394210815429688 -0.28802490234375 0.212982177734375
0.0143890380859375 -0.0280723571777344 -0.33154296875 -0.06610107421875
0.0205039978027344 -0.055938720703125 -0.134552001953125 -0.443603515625
0.0494918823242188 -0.0268821716308594 0.3623046875 -0.556884765625
0.0424461364746094 0.0344429016113281 0.80877685546875 0.03363037109375
0.000354766845703123 0.0356788635253906 0.5357666015625 0.770263671875
-0.00716018676757812 0.0511970520019531 -0.08746337890625 0.7493896484375
-0.0337333679199219 0.0334815979003906 0.00826263427734375 0.116378784179688
-0.0123863220214844 0.0422477722167969 0.30645751953125 -0.63287353515625
0.0296611785888672 0.0269889831542969 -0.2845458984375 -0.96307373046875
0.0473556518554688 0.0108680725097656 -0.8319091796875 -0.20477294921875
0.0430679321289063 -0.0209884643554687 -0.468109130859375 0.506011962890625
0.0391960144042969 -0.0389251708984375 0.021575927734375 0.50421142578125
-0.0033111572265625 -0.0359344482421875 0.320220947265625 0.145599365234375
-0.012324333190918 -0.014216423034668 0.290313720703125 -0.192108154296875
0.0328903198242188 -0.0361213684082031 -0.2757568359375 0.202621459960937
0.0334815979003906 0.0219669342041016 -0.280853271484375 -0.112548828125
-0.00577354431152344 0.0199069976806641 -0.0374755859375 -0.4940185546875
-0.0449485778808594 0.0321197509765625 0.485443115234375 -0.508544921875
-0.0699310302734375 0.00970077514648437 0.809814453125 0.198974609375
-0.0338897705078125 -0.0908050537109375 0.37384033203125 0.886474609375
0.0740203857421875 -0.0875778198242188 -0.19219970703125 0.71661376953125
0.121101379394531 -0.0676803588867188 0.02923583984375 0.0540122985839844
0.0663223266601563 -0.0995635986328125 0.18157958984375 -0.70428466796875
-0.015472412109375 -0.090484619140625 -0.501953125 -0.863037109375
-0.0638771057128906 -0.00973129272460938 -0.84979248046875 -0.0129394531249999
-0.0378799438476563 0.0412406921386719 -0.3419189453125 0.56671142578125
-0.00330162048339844 0.0248832702636719 0.13568115234375 0.472625732421875
0.00963401794433594 0.025115966796875 0.3671875 0.088409423828125
0.0215091705322266 -0.00316047668457031 0.288787841796875 -0.2069091796875
0.0278472900390625 -0.0343742370605469 -0.260818481445312 0.21075439453125
0.0356864929199219 0.0162010192871094 -0.282470703125 -0.099029541015625
-0.00117778778076172 0.0120649337768555 -0.059417724609375 -0.48052978515625
-0.0339336395263672 0.0261459350585937 0.452239990234375 -0.52520751953125
-0.063995361328125 0.0120277404785156 0.81103515625 0.150634765625
-0.0417022705078125 -0.084228515625 0.41595458984375 0.86358642578125
0.0631256103515625 -0.0882797241210937 -0.1763916015625 0.74517822265625
0.116355895996094 -0.070526123046875 0.00310516357421875 0.0854721069335938
0.0648193359375 -0.0992889404296875 0.20147705078125 -0.67718505859375
-0.0138931274414062 -0.09100341796875 -0.4517822265625 -0.8902587890625
-0.0596084594726563 -0.0164947509765625 -0.8544921875 -0.0650024414062501
-0.0337772369384766 0.0327262878417969 -0.375274658203125 0.555450439453125
0.000352859497070312 0.0182914733886719 0.112396240234375 0.485137939453125
0.0100650787353516 0.0192642211914062 0.368499755859375 0.1026611328125
0.0183944702148438 -0.00187110900878906 0.300384521484375 -0.20013427734375
0.0229873657226563 -0.035552978515625 -0.254898071289063 0.217575073242188
0.0343513488769531 0.00924873352050781 -0.286773681640625 -0.0847167968749999
0.0059661865234375 -0.000357627868652344 -0.084259033203125 -0.466552734375
-0.0190505981445313 0.0167961120605469 0.418121337890625 -0.542572021484375
-0.0496025085449219 0.0172576904296875 0.8131103515625 0.09844970703125
-0.0442733764648438 -0.0680656433105469 0.464599609375 0.83294677734375
0.0478363037109375 -0.07696533203125 -0.15240478515625 0.765625
0.0997085571289062 -0.064178466796875 -0.0186080932617188 0.113594055175781
0.0590362548828125 -0.087646484375 0.22601318359375 -0.6478271484375
-0.00781249999999999 -0.0822601318359375 -0.398681640625 -0.917236328125
-0.0455055236816406 -0.0192146301269531 -0.85467529296875 -0.12030029296875
-0.0255622863769531 0.0198402404785156 -0.412017822265625 0.540924072265625
0.00638866424560547 0.00655508041381836 0.0869140625 0.498870849609375
0.00904273986816406 0.0105085372924805 0.367279052734375 0.118621826171875
0.014439582824707 -0.00323009490966797 0.310333251953125 -0.191925048828125
0.0165138244628906 -0.0354881286621094 -0.251754760742188 0.223297119140625
0.0321941375732422 -0.00105476379394531 -0.2945556640625 -0.072235107421875
0.0122261047363281 -0.0155324935913086 -0.107940673828125 -0.453216552734375
-0.0012667179107666 0.0040593147277832 0.384918212890625 -0.556854248046875
-0.028961181640625 0.0210971832275391 0.81292724609375 0.0518798828125
-0.0407676696777344 -0.0462417602539063 0.51025390625 0.80474853515625
0.0313529968261719 -0.0552520751953125 -0.125 0.78326416015625
0.0732955932617188 -0.0491485595703125 -0.032501220703125 0.136009216308594
0.0457191467285156 -0.0664825439453125 0.2506103515625 -0.62548828125
0.000587463378906249 -0.0640792846679688 -0.3466796875 -0.94000244140625
-0.0271072387695313 -0.0177764892578125 -0.85321044921875 -0.169189453125
-0.0101690292358398 0.00627994537353516 -0.44451904296875 0.52471923828125
0.0152921676635742 -0.00639438629150391 0.059722900390625 0.511260986328125
0.00688505172729492 -0.000790596008300781 0.3602294921875 0.134368896484375
0.00860500335693359 -0.00499868392944336 0.315673828125 -0.186492919921875
0.0088653564453125 -0.03558349609375 -0.253875732421875 0.225570678710937
0.0277862548828125 -0.0107879638671875 -0.304229736328125 -0.0632934570312499
0.0163955688476562 -0.0315322875976563 -0.12554931640625 -0.442718505859375
0.0170211791992188 -0.0089569091796875 0.36102294921875 -0.56494140625
-0.00673675537109375 0.0236568450927734 0.81072998046875 0.01837158203125
-0.0322341918945313 -0.0217704772949219 0.54241943359375 0.77825927734375
0.0162868499755859 -0.0281028747558594 -0.1029052734375 0.78924560546875
0.0422515869140625 -0.0290870666503906 -0.03753662109375 0.148422241210937
0.0290069580078125 -0.0377159118652344 0.27227783203125 -0.6116943359375
0.00846481323242187 -0.0399703979492187 -0.303955078125 -0.95855712890625
-0.00459861755371094 -0.0129880905151367 -0.84710693359375 -0.2080078125
0.00707435607910156 -0.00551605224609375 -0.468475341796875 0.512786865234375
0.0245532989501953 -0.0191650390625 0.038543701171875 0.518463134765625
0.00443267822265625 -0.0126981735229492 0.34954833984375 0.1448974609375
0.00238847732543945 -0.00668048858642578 0.31646728515625 -0.18359375
0.00145339965820312 -0.0372085571289063 -0.261749267578125 0.226394653320313
0.0238704681396484 -0.0186653137207031 -0.31561279296875 -0.05682373046875
0.0186958312988281 -0.0442848205566406 -0.139312744140625 -0.436859130859375
0.0324115753173828 -0.0198936462402344 0.3470458984375 -0.569091796875
0.0147037506103516 0.0264148712158203 0.81005859375 0.00146484375
-0.0206756591796875 0.00127983093261719 0.559326171875 0.7620849609375
0.00469684600830078 0.00322961807250977 -0.0846557617187501 0.78594970703125
0.0110569000244141 -0.00556850433349609 -0.02935791015625 0.149185180664063
0.0109004974365234 -0.00754642486572266 0.2911376953125 -0.606689453125
0.0158090591430664 -0.0137462615966797 -0.27392578125 -0.9674072265625
0.0171613693237305 -0.00435352325439453 -0.841552734375 -0.22662353515625
0.0240020751953125 -0.0144004821777344 -0.48150634765625 0.5052490234375
0.0341377258300781 -0.029632568359375 0.024749755859375 0.517242431640625
0.00295257568359375 -0.0238704681396484 0.34014892578125 0.149017333984375
-0.00373268127441406 -0.00903415679931641 0.311492919921875 -0.185577392578125
-0.00334548950195312 -0.0388565063476563 -0.275009155273438 0.223419189453125
0.0198307037353516 -0.0250110626220703 -0.32489013671875 -0.05694580078125
0.0191612243652344 -0.0525360107421875 -0.1436767578125 -0.438507080078125
0.0431404113769531 -0.0268592834472656 0.345703125 -0.56988525390625
0.0323696136474609 0.0287342071533203 0.80975341796875 0.00518798828125
-0.00800514221191406 0.0205421447753906 0.56134033203125 0.76092529296875
-0.00372505187988281 0.0304641723632813 -0.0791015625 0.7713623046875
-0.0160074234008789 0.0158958435058594 -0.0136260986328125 0.138496398925781
-0.00434112548828125 0.0208072662353516 0.30072021484375 -0.61700439453125
0.0226268768310547 0.00970268249511719 -0.27215576171875 -0.968017578125
0.0363616943359375 0.004913330078125 -0.8388671875 -0.22259521484375
0.0374832153320313 -0.0198020935058594 -0.479217529296875 0.50592041015625
0.0381507873535156 -0.0369949340820313 0.018798828125 0.51507568359375
-0.000165939331054687 -0.0315284729003906 0.3310546875 0.1478271484375
-0.00937557220458985 -0.0119295120239258 0.301666259765625 -0.189910888671875
-0.00580596923828125 -0.0401344299316406 -0.286376953125 0.218658447265625
0.0158176422119141 -0.0284843444824219 -0.333953857421875 -0.06219482421875
0.0200233459472656 -0.0561027526855469 -0.138885498046875 -0.44476318359375
0.0503883361816406 -0.027862548828125 0.3577880859375 -0.5640869140625
0.0442848205566406 0.0335731506347656 0.81353759765625 0.02716064453125
0.00131607055664063 0.0355186462402344 0.5455322265625 0.76885986328125
-0.006805419921875 0.0515480041503906 -0.0820312499999999 0.7542724609375
-0.0337638854980469 0.0341930389404297 0.00988006591796874 0.117599487304688
-0.0130386352539063 0.042236328125 0.3040771484375 -0.6397705078125
0.0310878753662109 0.0271625518798828 -0.2947998046875 -0.96533203125
0.0485305786132813 0.00995635986328125 -0.83831787109375 -0.1995849609375
0.0438804626464844 -0.0222511291503906 -0.4652099609375 0.513885498046875
0.0390777587890625 -0.0397796630859375 0.0279541015625 0.5089111328125
-0.00330924987792968 -0.0347862243652344 0.32403564453125 0.141693115234375
-0.0114622116088867 -0.0137453079223633 0.28961181640625 -0.196563720703125
0.0322723388671875 -0.0373764038085938 -0.272674560546875 0.207901000976563
0.0350570678710937 0.0215835571289062 -0.28369140625 -0.109466552734375
-0.00691795349121094 0.0214176177978516 -0.044158935546875 -0.4971923828125
-0.0457191467285156 0.0322494506835938 0.482391357421875 -0.517242431640625
-0.0698471069335938 0.0105705261230469 0.816650390625 0.19036865234375
-0.0354843139648437 -0.0918731689453125 0.38360595703125 0.8873291015625
0.07318115234375 -0.0894088745117187 -0.18682861328125 0.72186279296875
0.121429443359375 -0.0699462890625 0.0302925109863281 0.0543899536132812
0.0655593872070313 -0.101036071777344 0.177978515625 -0.70855712890625
-0.0158767700195312 -0.0901107788085938 -0.51171875 -0.8612060546875
-0.0639076232910156 -0.00900650024414062 -0.8555908203125 -0.00372314453125006
-0.0374259948730469 0.041168212890625 -0.3372802734375 0.5748291015625
-0.00211143493652343 0.0258827209472656 0.141082763671875 0.47210693359375
0.0103626251220703 0.0251235961914063 0.37030029296875 0.08380126953125
0.0217208862304688 -0.00394821166992187 0.288238525390625 -0.212127685546875
0.0266571044921875 -0.0358963012695313 -0.258880615234375 0.215896606445313
0.0360794067382813 0.0154762268066406 -0.283843994140625 -0.0948486328125
-0.000913619995117186 0.0128612518310547 -0.0654296875 -0.48187255859375
-0.0345096588134766 0.0264377593994141 0.45001220703125 -0.533599853515625
-0.0636100769042969 0.0126075744628906 0.81658935546875 0.142822265625
-0.0422592163085938 -0.0855026245117188 0.4296875 0.865234375
0.06256103515625 -0.0896530151367188 -0.16766357421875 0.7491455078125
0.115699768066406 -0.070953369140625 0.00445556640625 0.0858688354492188
0.06475830078125 -0.100387573242188 0.197509765625 -0.6815185546875
-0.014495849609375 -0.0908889770507813 -0.46429443359375 -0.89129638671875
-0.0595932006835938 -0.0152320861816406 -0.86016845703125 -0.0565795898437501
-0.0341567993164063 0.0333480834960938 -0.370574951171875 0.56207275390625
0.000738143920898439 0.0181713104248047 0.119781494140625 0.485931396484375
0.0107345581054688 0.0193805694580078 0.371795654296875 0.09808349609375
0.0186557769775391 -0.00236701965332031 0.298583984375 -0.204132080078125
0.0222053527832031 -0.0366249084472656 -0.252639770507813 0.222396850585937
0.0357475280761719 0.00782012939453125 -0.289215087890625 -0.081085205078125
0.00620126724243164 -0.000791072845458984 -0.090057373046875 -0.469024658203125
-0.0190773010253906 0.0169506072998047 0.4154052734375 -0.549957275390625
-0.0498542785644531 0.0170974731445312 0.818359375 0.0885009765625
-0.0457077026367188 -0.0689773559570312 0.47576904296875 0.8345947265625
0.0466537475585938 -0.0789642333984375 -0.14337158203125 0.77398681640625
0.0995635986328125 -0.0654830932617188 -0.0170440673828125 0.114646911621094
0.0575332641601563 -0.0879592895507813 0.22149658203125 -0.653076171875
-0.00939941406250001 -0.0832672119140625 -0.41119384765625 -0.9188232421875
-0.0463180541992188 -0.0182838439941406 -0.8609619140625 -0.1112060546875
-0.0244503021240234 0.0201797485351562 -0.407501220703125 0.5474853515625
0.00746583938598633 0.00711393356323242 0.0933837890625001 0.503082275390625
0.00969123840332031 0.0107336044311523 0.370758056640625 0.11370849609375
0.014735221862793 -0.00362682342529297 0.309844970703125 -0.198699951171875
0.01507568359375 -0.0371017456054688 -0.250076293945313 0.227066040039062
0.0330295562744141 -0.00203132629394531 -0.2960205078125 -0.068695068359375
0.0123634338378906 -0.0158462524414063 -0.11163330078125 -0.453643798828125
-0.00196456909179688 0.00461864471435547 0.38287353515625 -0.56488037109375
-0.0284976959228516 0.0200729370117188 0.8162841796875 0.04327392578125
-0.042205810546875 -0.0464553833007813 0.51947021484375 0.80303955078125
0.0302009582519531 -0.0567855834960938 -0.1163330078125 0.78851318359375
0.073028564453125 -0.0504150390625 -0.0313034057617188 0.136810302734375
0.0455093383789063 -0.0662879943847656 0.245849609375 -0.6312255859375
-2.28881835937501E-05 -0.0654220581054688 -0.3590087890625 -0.94146728515625
-0.027587890625 -0.0177078247070312 -0.858154296875 -0.1640625
-0.0099639892578125 0.00646114349365235 -0.440399169921875 0.53228759765625
0.0154991149902344 -0.00658798217773437 0.067108154296875 0.51226806640625
0.00789070129394531 -0.000473976135253906 0.363311767578125 0.12939453125
0.00949764251708984 -0.00516605377197266 0.315643310546875 -0.191802978515625
0.00773239135742188 -0.0377845764160156 -0.25335693359375 0.230697631835938
0.0292377471923828 -0.0113658905029297 -0.305999755859375 -0.060272216796875
0.0157852172851563 -0.0314579010009766 -0.131317138671875 -0.44427490234375
0.0165729522705078 -0.00945472717285156 0.356689453125 -0.5723876953125
-0.00591850280761719 0.02288818359375 0.81536865234375 0.008544921875
-0.0326747894287109 -0.0220909118652344 0.55242919921875 0.7763671875
0.015838623046875 -0.0292510986328125 -0.09326171875 0.79473876953125
0.0418777465820313 -0.0297126770019531 -0.03570556640625 0.1492919921875
0.0278244018554688 -0.03863525390625 0.26690673828125 -0.61590576171875
0.00778579711914063 -0.0402336120605469 -0.31549072265625 -0.95947265625
-0.00481033325195313 -0.0125179290771484 -0.8563232421875 -0.20123291015625
0.00791215896606445 -0.00543212890625 -0.46533203125 0.51922607421875
0.0242099761962891 -0.0194988250732422 0.044342041015625 0.522064208984375
0.00430393218994141 -0.0123615264892578 0.35333251953125 0.140411376953125
0.00335884094238281 -0.00702142715454102 0.3172607421875 -0.18780517578125
0.000652313232421878 -0.0388031005859375 -0.259292602539063 0.23150634765625
0.0247249603271484 -0.0192432403564453 -0.316619873046875 -0.054046630859375
0.0181961059570313 -0.0441970825195313 -0.14453125 -0.43817138671875
0.0321693420410156 -0.0207195281982422 0.3409423828125 -0.5762939453125
0.0153961181640625 0.0249805450439453 0.812255859375 -0.00762939453125
-0.0201797485351562 0.0013427734375 0.5709228515625 0.76043701171875
0.00460004806518555 0.00303983688354492 -0.0777587890625 0.79132080078125
0.0107917785644531 -0.00650501251220703 -0.029388427734375 0.149490356445313
0.0101547241210937 -0.0083627700805664 0.28515625 -0.61260986328125
0.0160322189331055 -0.0142927169799805 -0.284912109375 -0.9696044921875
0.0179023742675781 -0.00456619262695313 -0.84747314453125 -0.2188720703125
0.0252151489257812 -0.0149173736572266 -0.477813720703125 0.51300048828125
0.0333442687988281 -0.0304546356201172 0.0302429199218751 0.521240234375
0.00282478332519531 -0.0231494903564453 0.343658447265625 0.145416259765625
-0.00361251831054687 -0.00965785980224609 0.310791015625 -0.190277099609375
-0.00443267822265625 -0.0407447814941406 -0.271728515625 0.22869873046875
0.0189876556396484 -0.0256977081298828 -0.326171875 -0.053375244140625
0.0192642211914063 -0.0531387329101563 -0.148773193359375 -0.44036865234375
0.0430870056152344 -0.0271415710449219 0.34039306640625 -0.57464599609375
0.0336170196533203 0.0284347534179688 0.81439208984375 -0.0052490234375
-0.00642585754394531 0.01995849609375 0.571044921875 0.7572021484375
-0.00286483764648438 0.0300579071044922 -0.0726318359375 0.7774658203125
-0.0158319473266602 0.0158157348632812 -0.0136947631835937 0.138893127441406
-0.00455093383789062 0.0196399688720703 0.29730224609375 -0.62469482421875
0.0229988098144531 0.00956344604492188 -0.28485107421875 -0.97113037109375
0.0368385314941406 0.00386810302734375 -0.84490966796875 -0.21612548828125
0.0366020202636719 -0.0209007263183594 -0.476470947265625 0.513641357421875
0.0383148193359375 -0.0369338989257813 0.02545166015625 0.517608642578125
-0.000999450683593748 -0.0309047698974609 0.3343505859375 0.1446533203125
-0.00874614715576172 -0.0126829147338867 0.301025390625 -0.194061279296875
-0.00720596313476563 -0.0412445068359375 -0.28509521484375 0.2235107421875
0.0161876678466797 -0.0297336578369141 -0.334808349609375 -0.057403564453125
0.0197372436523438 -0.0561981201171875 -0.14471435546875 -0.446075439453125
0.0492706298828125 -0.0287437438964844 0.35369873046875 -0.57196044921875
0.0441551208496094 0.03173828125 0.818115234375 0.0169677734375
0.00243759155273438 0.0351638793945312 0.5555419921875 0.76904296875
-0.00591659545898437 0.0517807006835938 -0.0755615234375 0.7589111328125
-0.0344619750976562 0.0342369079589844 0.0108718872070312 0.118606567382813
-0.0119667053222656 0.0422554016113281 0.299072265625 -0.646484375
0.0310325622558594 0.0268135070800781 -0.30487060546875 -0.96710205078125
0.0487060546875 0.00980377197265625 -0.84613037109375 -0.19171142578125
0.0434989929199219 -0.0220298767089844 -0.4619140625 0.52117919921875
0.0388526916503906 -0.0405960083007813 0.033935546875 0.5107421875
-0.0038299560546875 -0.0355377197265625 0.327178955078125 0.138397216796875
-0.0119714736938477 -0.0141258239746094 0.288665771484375 -0.20111083984375
0.0307998657226563 -0.0393562316894531 -0.270782470703125 0.213394165039063
0.0353279113769531 0.0197868347167969 -0.2855224609375 -0.105865478515625
-0.00588035583496094 0.0216045379638672 -0.0521240234375 -0.498809814453125
-0.0458908081054687 0.0338096618652344 0.47686767578125 -0.525634765625
-0.0700721740722656 0.0107955932617188 0.82183837890625 0.18072509765625
-0.0362396240234375 -0.0924072265625 0.3956298828125 0.8880615234375
0.0729751586914063 -0.090911865234375 -0.17889404296875 0.7265625
0.120704650878906 -0.0703811645507813 0.0313606262207031 0.0550117492675781
0.0647659301757813 -0.102592468261719 0.16876220703125 -0.71453857421875
-0.0170364379882812 -0.0907821655273438 -0.5242919921875 -0.860107421875
-0.0641441345214844 -0.00787353515624999 -0.85968017578125 0.00500488281250007
-0.037811279296875 0.0426254272460937 -0.33062744140625 0.58123779296875
-0.00203895568847656 0.0266914367675781 0.148101806640625 0.472442626953125
0.0101947784423828 0.0245323181152344 0.373992919921875 0.078277587890625
0.0216388702392578 -0.00445938110351563 0.286834716796875 -0.217376708984375
0.0252876281738281 -0.0374794006347656 -0.256973266601562 0.220932006835938
0.0375022888183594 0.0140533447265625 -0.28643798828125 -0.092742919921875
-0.000179290771484376 0.0135669708251953 -0.07208251953125 -0.4833984375
-0.0351715087890625 0.0276107788085937 0.4442138671875 -0.542572021484375
-0.0638885498046875 0.0118827819824219 0.82147216796875 0.13189697265625
-0.0432662963867187 -0.0862274169921875 0.439697265625 0.86431884765625
0.06195068359375 -0.09039306640625 -0.16168212890625 0.75537109375
0.115684509277344 -0.0736236572265625 0.00544738769531251 0.0861358642578125
0.0633468627929688 -0.102134704589844 0.18902587890625 -0.6878662109375
-0.0159988403320313 -0.0921630859375 -0.477294921875 -0.8896484375
-0.0603713989257812 -0.0140495300292969 -0.8631591796875 -0.04779052734375
-0.0333919525146484 0.0323963165283203 -0.366943359375 0.5684814453125
0.000875473022460939 0.0185413360595703 0.12677001953125 0.486785888671875
0.0105094909667969 0.0195884704589844 0.37451171875 0.091888427734375
0.0189971923828125 -0.00329971313476563 0.297882080078125 -0.209381103515625
0.0208091735839844 -0.0389289855957031 -0.249664306640625 0.22662353515625
0.0360565185546875 0.00576400756835937 -0.291656494140625 -0.078826904296875
0.00658988952636719 0.000200271606445313 -0.09674072265625 -0.469635009765625
-0.0199451446533203 0.0171947479248047 0.4085693359375 -0.557373046875
-0.0490493774414063 0.0178909301757812 0.82318115234375 0.07940673828125
-0.0462112426757812 -0.0689735412597656 0.4888916015625 0.83282470703125
0.045684814453125 -0.0798187255859375 -0.13568115234375 0.77667236328125
0.0985183715820313 -0.0659866333007813 -0.0164108276367188 0.115715026855469
0.05584716796875 -0.0899276733398438 0.21368408203125 -0.65869140625
-0.00893402099609376 -0.0829696655273438 -0.42181396484375 -0.917724609375
-0.0464057922363281 -0.0182762145996094 -0.86614990234375 -0.1011962890625
-0.0243015289306641 0.0201911926269531 -0.40325927734375 0.5552978515625
0.00709009170532227 0.00579214096069336 0.100067138671875 0.50286865234375
0.00950908660888672 0.0106744766235352 0.37353515625 0.109039306640625
0.0151004791259766 -0.00402355194091797 0.309600830078125 -0.202789306640625
0.014404296875 -0.0379753112792969 -0.247390747070313 0.232131958007812
0.0336036682128906 -0.00311660766601563 -0.298858642578125 -0.064605712890625
0.0114850997924805 -0.0156698226928711 -0.120574951171875 -0.454010009765625
-0.00162148475646973 0.00369501113891602 0.37713623046875 -0.57275390625
-0.0286865234375 0.0202007293701172 0.82208251953125 0.033203125
-0.0415802001953125 -0.0466041564941406 0.532470703125 0.80126953125
0.030364990234375 -0.0577774047851563 -0.1080322265625 0.7923583984375
0.0726776123046875 -0.0510482788085938 -0.0300140380859375 0.138053894042969
0.0442390441894531 -0.067626953125 0.23974609375 -0.63555908203125
-0.000583648681640629 -0.0658187866210938 -0.36993408203125 -0.94158935546875
-0.0266666412353516 -0.0174884796142578 -0.864501953125 -0.15435791015625
-0.00976181030273438 0.00616455078125 -0.436920166015625 0.54095458984375
0.0147562026977539 -0.00663280487060547 0.07373046875 0.5146484375
0.00738906860351563 -0.00105190277099609 0.367828369140625 0.12371826171875
0.00925064086914063 -0.00538253784179688 0.314971923828125 -0.197174072265625
0.007110595703125 -0.0387649536132813 -0.249374389648438 0.234939575195313
0.0291767120361328 -0.0125637054443359 -0.30841064453125 -0.054931640625
0.0154857635498047 -0.0316753387451172 -0.13714599609375 -0.442413330078125
0.0158195495605469 -0.00995826721191406 0.35003662109375 -0.5823974609375
-0.00536346435546875 0.0224723815917969 0.8173828125 -0.0015869140625
-0.0327396392822266 -0.0220584869384766 0.56414794921875 0.7742919921875
0.0158233642578125 -0.0292911529541016 -0.08489990234375 0.798095703125
0.040802001953125 -0.0298805236816406 -0.0344085693359375 0.1510009765625
0.0276603698730469 -0.0394020080566406 0.25933837890625 -0.6219482421875
0.0074920654296875 -0.0412864685058594 -0.32977294921875 -0.96087646484375
-0.00408077239990234 -0.0118312835693359 -0.85992431640625 -0.19195556640625
0.00688076019287109 -0.00605154037475586 -0.461273193359375 0.527618408203125
0.0247077941894531 -0.0199298858642578 0.05126953125 0.52191162109375
0.00482177734375 -0.0127191543579102 0.3570556640625 0.136260986328125
0.00321435928344727 -0.00751018524169922 0.315521240234375 -0.194183349609375
-0.000778198242187497 -0.03948974609375 -0.257583618164063 0.23486328125
0.0247592926025391 -0.021087646484375 -0.318817138671875 -0.0498657226562499
0.0174751281738281 -0.043731689453125 -0.15087890625 -0.4368896484375
0.0312099456787109 -0.0212326049804688 0.33587646484375 -0.5838623046875
0.0171279907226563 0.0243701934814453 0.8155517578125 -0.018310546875
-0.0194530487060547 0.000677108764648437 0.5828857421875 0.759033203125
0.00427985191345215 0.00227618217468262 -0.0684204101562499 0.79486083984375
0.00931167602539063 -0.00568866729736328 -0.0275726318359375 0.151962280273438
0.0104408264160156 -0.00883865356445313 0.2802734375 -0.61883544921875
0.0157480239868164 -0.0145158767700195 -0.29901123046875 -0.9710693359375
0.0183753967285156 -0.00442695617675781 -0.85467529296875 -0.21014404296875
0.0247249603271484 -0.0148220062255859 -0.47332763671875 0.521026611328125
0.0322113037109375 -0.0313758850097656 0.03826904296875 0.52337646484375
0.00215530395507813 -0.0238056182861328 0.346832275390625 0.139617919921875
-0.00397109985351563 -0.0100317001342773 0.30975341796875 -0.195343017578125
-0.00606918334960938 -0.0412673950195313 -0.2696533203125 0.233184814453125
0.0203132629394531 -0.0272350311279297 -0.32720947265625 -0.048309326171875
0.0187339782714844 -0.0533676147460938 -0.15484619140625 -0.439056396484375
0.0423774719238281 -0.0282058715820313 0.33441162109375 -0.5836181640625
0.0342369079589844 0.0277442932128906 0.818115234375 -0.014404296875
-0.00624465942382813 0.0200614929199219 0.58111572265625 0.7562255859375
-0.00268173217773438 0.0291709899902344 -0.06097412109375 0.78289794921875
-0.0169925689697266 0.0164499282836914 -0.0108184814453125 0.139595031738281
-0.00482177734375 0.0206089019775391 0.2911376953125 -0.62969970703125
0.0239849090576172 0.00983238220214844 -0.29656982421875 -0.97271728515625
0.0373039245605469 0.00392913818359375 -0.85223388671875 -0.20745849609375
0.0370864868164063 -0.0212860107421875 -0.471893310546875 0.520416259765625
0.0369796752929687 -0.0387039184570312 0.032867431640625 0.520416259765625
-0.000617980957031247 -0.0310897827148438 0.337127685546875 0.139678955078125
-0.00871467590332031 -0.0124807357788086 0.300445556640625 -0.199432373046875
-0.00775146484375 -0.0427932739257813 -0.28240966796875 0.228515625
0.0163555145263672 -0.0306110382080078 -0.336456298828125 -0.05377197265625
0.0192222595214844 -0.0559654235839844 -0.1505126953125 -0.4451904296875
0.0486068725585938 -0.0299263000488281 0.34765625 -0.58074951171875
0.0455093383789063 0.0322341918945313 0.82244873046875 0.00762939453125
0.00358009338378906 0.0338020324707031 0.5667724609375 0.76611328125
-0.00635147094726563 0.051239013671875 -0.06695556640625 0.76348876953125
-0.0350914001464844 0.035400390625 0.0120925903320312 0.118865966796875
-0.0127067565917969 0.0417213439941406 0.29315185546875 -0.6524658203125
0.0312271118164063 0.0257225036621094 -0.31732177734375 -0.96881103515625
0.0495452880859375 0.00856399536132813 -0.8516845703125 -0.18255615234375
0.0438156127929688 -0.02374267578125 -0.4573974609375 0.528106689453125
0.0378837585449219 -0.0419845581054688 0.04034423828125 0.51373291015625
-0.00469970703125 -0.0351791381835938 0.329376220703125 0.13348388671875
-0.0118284225463867 -0.0143527984619141 0.28680419921875 -0.205902099609375
0.0302619934082031 -0.0405731201171875 -0.26837158203125 0.21722412109375
0.0367965698242188 0.0180282592773438 -0.287689208984375 -0.1024169921875
-0.00553703308105469 0.0220680236816406 -0.05938720703125 -0.50054931640625
-0.0454978942871094 0.0347328186035156 0.471893310546875 -0.53399658203125
-0.0696601867675781 0.0119361877441406 0.82672119140625 0.1724853515625
-0.036773681640625 -0.0923995971679688 0.40740966796875 0.88519287109375
0.0706863403320313 -0.0926895141601563 -0.16876220703125 0.72943115234375
0.119796752929688 -0.0716171264648438 0.0323638916015625 0.05523681640625
0.0627899169921875 -0.103706359863281 0.16143798828125 -0.7169189453125
-0.0189666748046875 -0.0907669067382813 -0.5374755859375 -0.85528564453125
-0.0635910034179688 -0.00763702392578124 -0.8621826171875 0.0159301757812501
-0.0371017456054688 0.0438385009765625 -0.32489013671875 0.58770751953125
-0.00168991088867188 0.0253639221191406 0.15533447265625 0.471771240234375
0.0117740631103516 0.0248470306396484 0.37384033203125 0.07330322265625
0.0220451354980469 -0.00538825988769531 0.284942626953125 -0.222259521484375
0.0245628356933594 -0.0389938354492188 -0.253982543945312 0.22454833984375
0.037506103515625 0.0128860473632812 -0.28759765625 -0.088134765625
0.000458717346191407 0.0136337280273437 -0.0791931152343751 -0.4835205078125
-0.0352554321289063 0.0277214050292969 0.4384765625 -0.54931640625
-0.0635147094726563 0.0134315490722656 0.8251953125 0.12261962890625
-0.0446395874023437 -0.0863494873046875 0.45263671875 0.861328125
0.060699462890625 -0.0926361083984375 -0.15081787109375 0.76043701171875
0.114486694335937 -0.073577880859375 0.00732421875 0.0858993530273438
0.061737060546875 -0.103721618652344 0.18133544921875 -0.69207763671875
-0.0161514282226562 -0.0917205810546875 -0.48846435546875 -0.88525390625
-0.0604476928710937 -0.013885498046875 -0.86651611328125 -0.03656005859375
-0.0338268280029297 0.0336494445800781 -0.3597412109375 0.5748291015625
0.00137901306152344 0.0180149078369141 0.13427734375 0.488006591796875
0.0119361877441406 0.0184383392333984 0.377532958984375 0.0860595703125
0.0186958312988281 -0.00382423400878906 0.2947998046875 -0.214691162109375
0.0194549560546875 -0.0393867492675781 -0.246826171875 0.2313232421875
0.0368156433105469 0.005615234375 -0.292388916015625 -0.07275390625
0.00593662261962891 -0.00012969970703125 -0.103546142578125 -0.469085693359375
-0.0197391510009766 0.0175342559814453 0.4013671875 -0.56561279296875
-0.0491371154785156 0.0170249938964844 0.82568359375 0.06884765625
-0.0461311340332031 -0.0694236755371094 0.49798583984375 0.828125
0.044097900390625 -0.0809173583984375 -0.1260986328125 0.780029296875
0.0973281860351562 -0.0671844482421875 -0.0150909423828125 0.116256713867188
0.055145263671875 -0.091583251953125 0.20635986328125 -0.66192626953125
-0.0103378295898437 -0.0831069946289063 -0.43450927734375 -0.91326904296875
-0.0471382141113281 -0.0181541442871094 -0.869384765625 -0.0924072265625
-0.0244731903076172 0.0208415985107422 -0.397613525390625 0.5618896484375
0.00774002075195313 0.00648784637451172 0.10845947265625 0.50396728515625
0.0100173950195313 0.011052131652832 0.375396728515625 0.102020263671875
0.015599250793457 -0.00412559509277344 0.306549072265625 -0.207794189453125
0.0129470825195313 -0.0392913818359375 -0.243942260742188 0.236373901367187
0.0340232849121094 -0.00402069091796875 -0.300201416015625 -0.060699462890625
0.0119228363037109 -0.015385627746582 -0.126495361328125 -0.453094482421875
-0.00187301635742188 0.00447320938110352 0.369140625 -0.5804443359375
-0.0287933349609375 0.0197372436523437 0.82275390625 0.0223388671875
-0.0426559448242187 -0.0469970703125 0.5433349609375 0.79656982421875
0.0290107727050781 -0.0586738586425781 -0.099365234375 0.7947998046875
0.071380615234375 -0.0523452758789063 -0.0283584594726563 0.139213562011719
0.0433464050292969 -0.069305419921875 0.23077392578125 -0.63885498046875
-0.00206756591796876 -0.0654792785644531 -0.3831787109375 -0.938720703125
-0.0279617309570313 -0.0172061920166016 -0.86907958984375 -0.14288330078125
-0.0101261138916016 0.0063018798828125 -0.429901123046875 0.547210693359375
0.0154571533203125 -0.00703334808349609 0.081024169921875 0.514984130859375
0.00783586502075195 -0.00146865844726563 0.370208740234375 0.11834716796875
0.00943851470947266 -0.00545215606689453 0.31329345703125 -0.2021484375
0.00527191162109375 -0.0402717590332031 -0.247146606445312 0.239334106445312
0.0294418334960938 -0.0139446258544922 -0.3094482421875 -0.050323486328125
0.0150642395019531 -0.0313148498535156 -0.145294189453125 -0.444091796875
0.0149784088134766 -0.00951671600341797 0.34161376953125 -0.587890625
-0.00494194030761719 0.0223140716552734 0.8216552734375 -0.0125732421875
-0.0324573516845703 -0.0233840942382812 0.577392578125 0.76824951171875
0.0149326324462891 -0.0297107696533203 -0.07489013671875 0.8023681640625
0.0406913757324219 -0.0311241149902344 -0.0321197509765625 0.151641845703125
0.0267257690429688 -0.0398406982421875 0.253662109375 -0.6256103515625
0.00661468505859375 -0.0413742065429687 -0.3411865234375 -0.95697021484375
-0.00437641143798828 -0.0128707885742187 -0.86572265625 -0.18170166015625
0.00704288482666016 -0.00588703155517578 -0.456878662109375 0.53564453125
0.0242786407470703 -0.0206241607666016 0.05902099609375 0.52374267578125
0.00486278533935547 -0.0129804611206055 0.359954833984375 0.129547119140625
0.00325584411621094 -0.00816249847412109 0.313018798828125 -0.19866943359375
-0.00186920166015625 -0.0407524108886719 -0.253890991210937 0.240753173828125
0.02471923828125 -0.0232505798339844 -0.319366455078125 -0.04443359375
0.0168571472167969 -0.0437545776367187 -0.15802001953125 -0.435791015625
0.0299758911132812 -0.0209541320800781 0.3275146484375 -0.590576171875
0.017486572265625 0.0236682891845703 0.8187255859375 -0.0283203125
-0.0192184448242188 -0.000621795654296874 0.592041015625 0.754150390625
0.00443077087402344 0.00117969512939453 -0.0599365234375001 0.79730224609375
0.00934696197509766 -0.00606632232666016 -0.0250396728515625 0.15252685546875
0.00880241394042969 -0.00892257690429688 0.27386474609375 -0.62286376953125
0.015350341796875 -0.0150251388549805 -0.31378173828125 -0.97027587890625
0.0186767578125 -0.00517845153808594 -0.8587646484375 -0.19989013671875
0.0241680145263672 -0.0154323577880859 -0.4686279296875 0.5272216796875
0.0321693420410156 -0.0316257476806641 0.0444946289062501 0.52496337890625
0.00222206115722656 -0.0238246917724609 0.34991455078125 0.135711669921875
-0.00407028198242188 -0.0100412368774414 0.30731201171875 -0.20068359375
-0.00687789916992188 -0.0422172546386719 -0.265548706054688 0.237579345703125
0.0203838348388672 -0.0284919738769531 -0.329498291015625 -0.0439147949218751
0.0175933837890625 -0.0532302856445313 -0.161285400390625 -0.437347412109375
0.0414619445800781 -0.0287132263183594 0.326416015625 -0.58868408203125
0.0355186462402344 0.0266685485839844 0.81915283203125 -0.026123046875
-0.00616073608398438 0.0194263458251953 0.5919189453125 0.75115966796875
-0.00304412841796875 0.0287456512451172 -0.0519409179687501 0.78466796875
-0.0162448883056641 0.0174074172973633 -0.0101776123046875 0.141067504882813
-0.0050201416015625 0.0199356079101563 0.2833251953125 -0.6337890625
0.0242137908935547 0.00902938842773438 -0.3096923828125 -0.97198486328125
0.0366706848144531 0.00257110595703125 -0.8587646484375 -0.197265625
0.0365142822265625 -0.0223274230957031 -0.467010498046875 0.528656005859375
0.0372886657714844 -0.0399208068847656 0.03924560546875 0.521484375
-0.00049781799316406 -0.03076171875 0.3402099609375 0.134246826171875
-0.00864601135253906 -0.0123529434204102 0.297882080078125 -0.20416259765625
-0.00937271118164062 -0.0433845520019531 -0.279251098632813 0.233489990234375
0.0167427062988281 -0.0318832397460938 -0.337921142578125 -0.048309326171875
0.0180320739746094 -0.0565948486328125 -0.1585693359375 -0.44451904296875
0.0477790832519531 -0.0305023193359375 0.34161376953125 -0.58758544921875
0.0456275939941406 0.0303306579589844 0.82379150390625 -0.0037841796875
0.00433349609375 0.0339412689208984 0.57720947265625 0.76116943359375
-0.0061492919921875 0.0508995056152344 -0.0563964843749999 0.765625
-0.0347099304199219 0.0357551574707031 0.0133590698242188 0.119148254394531
-0.0122871398925781 0.0416793823242188 0.2861328125 -0.6556396484375
0.0324516296386719 0.0253562927246094 -0.33111572265625 -0.96612548828125
0.0501213073730469 0.008392333984375 -0.8548583984375 -0.17144775390625
0.0434455871582031 -0.024566650390625 -0.4527587890625 0.53741455078125
0.0384483337402344 -0.0426712036132813 0.04766845703125 0.514739990234375
-0.00462150573730468 -0.0348320007324219 0.332794189453125 0.127655029296875
-0.011627197265625 -0.0138959884643555 0.284698486328125 -0.21160888671875
0.0276947021484375 -0.0416831970214844 -0.26416015625 0.22186279296875
0.0367202758789063 0.0176467895507813 -0.288360595703125 -0.0987548828125
-0.0049285888671875 0.0217056274414062 -0.064453125 -0.498443603515625
-0.0455589294433594 0.0357322692871094 0.4639892578125 -0.54095458984375
-0.070068359375 0.0117912292480469 0.8289794921875 0.159423828125
-0.0380783081054688 -0.0924072265625 0.41888427734375 0.8797607421875
0.0697250366210937 -0.0938262939453125 -0.15740966796875 0.7327880859375
0.119255065917969 -0.0734176635742188 0.0332374572753906 0.0550765991210937
0.0611114501953125 -0.105224609375 0.151611328125 -0.719970703125
-0.0196151733398438 -0.0903701782226563 -0.5484619140625 -0.8480224609375
-0.06439208984375 -0.00666046142578125 -0.862548828125 0.02789306640625
-0.0369720458984375 0.0438041687011719 -0.3172607421875 0.592529296875
-0.00134849548339844 0.0255012512207031 0.16204833984375 0.469818115234375
0.0129985809326172 0.0237998962402344 0.376861572265625 0.06585693359375
0.0223541259765625 -0.00643539428710938 0.283111572265625 -0.2261962890625
0.0226516723632813 -0.0405616760253906 -0.249755859375 0.228469848632812
0.0383644104003906 0.0116157531738281 -0.2890625 -0.0836181640625
0.000376701354980469 0.0143089294433594 -0.085479736328125 -0.482818603515625
-0.0356712341308594 0.0292625427246094 0.42938232421875 -0.5560302734375
-0.0633888244628906 0.0141410827636719 0.8292236328125 0.11083984375
-0.044647216796875 -0.0860671997070313 0.4627685546875 0.8575439453125
0.059326171875 -0.0939254760742188 -0.141357421875 0.76239013671875
0.11285400390625 -0.0754852294921875 0.00816345214843751 0.0869979858398438
0.0596237182617188 -0.105255126953125 0.17327880859375 -0.69415283203125
-0.0172805786132812 -0.0922088623046875 -0.50079345703125 -0.8792724609375
-0.0597190856933594 -0.0127334594726563 -0.868408203125 -0.0242919921875001
-0.0330257415771484 0.0339736938476562 -0.35302734375 0.58087158203125
0.00219154357910156 0.0179786682128906 0.141357421875 0.485809326171875
0.0130157470703125 0.0188655853271484 0.3775634765625 0.079498291015625
0.0190982818603516 -0.00493621826171875 0.292755126953125 -0.219268798828125
0.0182266235351563 -0.0408706665039063 -0.242752075195313 0.235687255859375
0.0373344421386719 0.00386428833007812 -0.29376220703125 -0.0697631835937499
0.0060882568359375 4.9591064453125E-05 -0.110260009765625 -0.467742919921875
-0.0199794769287109 0.0189495086669922 0.39398193359375 -0.5711669921875
-0.0484771728515625 0.0173568725585938 0.82708740234375 0.0577392578125
-0.0467567443847656 -0.0688056945800781 0.50909423828125 0.82476806640625
0.0436630249023438 -0.0822601318359375 -0.11553955078125 0.7825927734375
0.0962142944335938 -0.0683212280273438 -0.0128402709960937 0.11669921875
0.0529556274414062 -0.0915908813476563 0.197265625 -0.66552734375
-0.011444091796875 -0.0831527709960938 -0.446533203125 -0.90802001953125
-0.0474700927734375 -0.0172882080078125 -0.8717041015625 -0.0802612304687499
-0.0234107971191406 0.0212993621826172 -0.38787841796875 0.56866455078125
0.00765848159790039 0.00595855712890625 0.11492919921875 0.50262451171875
0.0111112594604492 0.00947666168212891 0.377227783203125 0.093994140625
0.0150661468505859 -0.00522899627685547 0.304656982421875 -0.212646484375
0.0114936828613281 -0.0406570434570313 -0.240142822265625 0.239883422851562
0.0342979431152344 -0.005096435546875 -0.30047607421875 -0.056304931640625
0.0115489959716797 -0.0144739151000977 -0.133392333984375 -0.45263671875
-0.0028228759765625 0.00524377822875977 0.3594970703125 -0.586669921875
-0.0277862548828125 0.0197868347167969 0.82537841796875 0.00982666015625
-0.043731689453125 -0.0473747253417969 0.55377197265625 0.79156494140625
0.0277481079101563 -0.0597038269042969 -0.08770751953125 0.7978515625
0.0703125 -0.0524520874023438 -0.0261001586914062 0.140121459960938
0.0412445068359375 -0.0698890686035156 0.22406005859375 -0.6431884765625
-0.00290298461914063 -0.0662345886230469 -0.3966064453125 -0.93292236328125
-0.0271892547607422 -0.0177726745605469 -0.8719482421875 -0.13153076171875
-0.00957870483398438 0.00679683685302734 -0.423065185546875 0.555938720703125
0.0152063369750977 -0.00725746154785156 0.0889892578125 0.51373291015625
0.00815868377685547 -0.000649929046630859 0.37213134765625 0.1114501953125
0.00977611541748047 -0.00631904602050781 0.30950927734375 -0.207183837890625
0.00451278686523438 -0.0408973693847656 -0.24273681640625 0.243026733398438
0.0294876098632813 -0.0153579711914063 -0.3094482421875 -0.0458374023437499
0.0148124694824219 -0.030975341796875 -0.15142822265625 -0.4405517578125
0.0137596130371094 -0.0103626251220703 0.33416748046875 -0.59417724609375
-0.00532341003417969 0.0220489501953125 0.8209228515625 -0.02423095703125
-0.0321712493896484 -0.0226287841796875 0.58612060546875 0.76300048828125
0.0135917663574219 -0.0303249359130859 -0.0640258789062499 0.80426025390625
0.0402183532714844 -0.0308151245117187 -0.0303955078125 0.15228271484375
0.026214599609375 -0.0406684875488281 0.245849609375 -0.63140869140625
0.00738143920898437 -0.0417289733886719 -0.35491943359375 -0.9517822265625
-0.00433444976806641 -0.0124320983886719 -0.8682861328125 -0.17059326171875
0.00789403915405273 -0.00586700439453125 -0.448577880859375 0.542938232421875
0.0240669250488281 -0.021148681640625 0.06640625 0.5235595703125
0.00469493865966797 -0.0131101608276367 0.362518310546875 0.123138427734375
0.00316953659057617 -0.00821256637573242 0.310455322265625 -0.203704833984375
-0.00315093994140625 -0.041534423828125 -0.249984741210938 0.244171142578125
0.0254058837890625 -0.0244846343994141 -0.319549560546875 -0.039794921875
0.0163116455078125 -0.0443916320800781 -0.1646728515625 -0.433990478515625
0.0298385620117188 -0.0218544006347656 0.32000732421875 -0.59674072265625
0.0180072784423828 0.0223770141601563 0.817626953125 -0.03955078125
-0.0190067291259766 -0.000125885009765622 0.6024169921875 0.74713134765625
0.0035860538482666 0.00102829933166504 -0.048828125 0.798095703125
0.00878286361694336 -0.00646591186523438 -0.023529052734375 0.15350341796875
0.00848674774169922 -0.00906562805175781 0.26544189453125 -0.62615966796875
0.015742301940918 -0.0153560638427734 -0.32757568359375 -0.9647216796875
0.0180683135986328 -0.0047454833984375 -0.86236572265625 -0.18939208984375
0.0242900848388672 -0.0163078308105469 -0.462249755859375 0.534210205078125
0.0322418212890625 -0.0329055786132813 0.053192138671875 0.524383544921875
0.00146484375 -0.0234012603759766 0.3514404296875 0.128662109375
-0.00421428680419922 -0.0102138519287109 0.3046875 -0.20648193359375
-0.00838851928710938 -0.0434417724609375 -0.26202392578125 0.243316650390625
0.0202960968017578 -0.0293560028076172 -0.329437255859375 -0.038543701171875
0.0172195434570313 -0.0538291931152344 -0.16741943359375 -0.434326171875
0.0410614013671875 -0.0294189453125 0.31890869140625 -0.595458984375
0.0359077453613281 0.0242996215820313 0.8194580078125 -0.03729248046875
-0.00571823120117188 0.0182838439941406 0.601806640625 0.744384765625
-0.00230789184570313 0.0287857055664063 -0.0413818359375 0.78460693359375
-0.0173015594482422 0.0177764892578125 -0.00787353515624999 0.14190673828125
-0.00479888916015625 0.0190944671630859 0.2745361328125 -0.63885498046875
0.0239887237548828 0.00774574279785156 -0.32427978515625 -0.968017578125
0.0373420715332031 0.0024566650390625 -0.85980224609375 -0.18695068359375
0.0369758605957031 -0.022674560546875 -0.458740234375 0.535919189453125
0.0367546081542969 -0.0403251647949219 0.047119140625 0.520599365234375
-0.00110054016113282 -0.0319042205810547 0.34259033203125 0.1292724609375
-0.00911808013916015 -0.0125694274902344 0.295074462890625 -0.209259033203125
-0.0105476379394531 -0.0447196960449219 -0.275253295898438 0.239120483398437
0.0166053771972656 -0.0338306427001953 -0.338104248046875 -0.0422363281249999
0.0174560546875 -0.0568046569824219 -0.16448974609375 -0.442291259765625
0.0476264953613281 -0.0306663513183594 0.33197021484375 -0.59100341796875
0.0471229553222656 0.0289688110351562 0.82269287109375 -0.0152587890625
0.00545501708984375 0.0323600769042969 0.5882568359375 0.7554931640625
-0.00582122802734375 0.0504646301269531 -0.04705810546875 0.76776123046875
-0.0352516174316406 0.0360450744628906 0.0150680541992187 0.120109558105469
-0.0118026733398437 0.0410881042480469 0.27716064453125 -0.6602783203125
0.0327930450439453 0.0249214172363281 -0.344970703125 -0.96337890625
0.0494384765625 0.00736618041992187 -0.85858154296875 -0.1627197265625
0.0429344177246094 -0.0251731872558594 -0.445343017578125 0.543853759765625
0.0377044677734375 -0.0438766479492188 0.055633544921875 0.514129638671875
-0.00496292114257813 -0.0347728729248047 0.335205078125 0.121978759765625
-0.0115957260131836 -0.014765739440918 0.28302001953125 -0.215667724609375
0.0260086059570312 -0.0438079833984375 -0.260223388671875 0.225555419921875
0.0377998352050781 0.0161209106445313 -0.28863525390625 -0.094573974609375
-0.00522422790527343 0.0235023498535156 -0.07232666015625 -0.496673583984375
-0.0458641052246094 0.0366706848144531 0.45526123046875 -0.549163818359375
-0.0698814392089844 0.0124015808105469 0.830810546875 0.15032958984375
-0.039154052734375 -0.0920867919921875 0.42962646484375 0.87713623046875
0.0682296752929688 -0.0948257446289062 -0.14947509765625 0.734375
0.117706298828125 -0.0744781494140625 0.0340576171875 0.0553741455078125
0.05908203125 -0.105682373046875 0.143310546875 -0.72119140625
-0.0206832885742188 -0.0907211303710938 -0.559814453125 -0.84002685546875
-0.0637130737304687 -0.00575637817382814 -0.86090087890625 0.0380249023437501
-0.0355110168457031 0.0443382263183594 -0.30810546875 0.5968017578125
-0.000192642211914062 0.0254898071289063 0.16912841796875 0.467132568359375
0.0138473510742188 0.02459716796875 0.37744140625 0.060333251953125
0.022247314453125 -0.00705909729003906 0.279693603515625 -0.23004150390625
0.0216064453125 -0.0413970947265625 -0.24603271484375 0.233062744140625
0.0391120910644531 0.00963211059570312 -0.28875732421875 -0.0796813964843751
0.000591278076171874 0.0141229629516602 -0.0949096679687501 -0.481719970703125
-0.034942626953125 0.0299015045166016 0.42120361328125 -0.563232421875
-0.0633697509765625 0.0140266418457031 0.82940673828125 0.099853515625
-0.0457229614257813 -0.0859832763671875 0.4720458984375 0.853515625
0.0576934814453125 -0.0946731567382812 -0.13104248046875 0.76190185546875
0.112030029296875 -0.0765151977539063 0.0102157592773438 0.0876388549804688
0.0582199096679688 -0.104942321777344 0.16461181640625 -0.6951904296875
-0.0190582275390625 -0.092071533203125 -0.5126953125 -0.8729248046875
-0.0599594116210938 -0.0127830505371094 -0.86785888671875 -0.0141601562500002
-0.0322666168212891 0.0346546173095703 -0.34356689453125 0.58538818359375
0.00260162353515625 0.0181732177734375 0.149169921875 0.482757568359375
0.0138969421386719 0.0184211730957031 0.379150390625 0.073822021484375
0.0189933776855469 -0.0051422119140625 0.289154052734375 -0.224212646484375
0.0164604187011719 -0.0416221618652344 -0.238998413085938 0.239181518554687
0.0379524230957031 0.00260162353515625 -0.293426513671875 -0.0648193359375
0.00642967224121094 -0.000177860260009766 -0.117431640625 -0.465484619140625
-0.0203857421875 0.0189495086669922 0.386474609375 -0.57769775390625
-0.0481491088867188 0.0173072814941406 0.8275146484375 0.045166015625
-0.0480575561523438 -0.0697097778320313 0.52117919921875 0.81866455078125
0.0417098999023438 -0.0832061767578125 -0.10406494140625 0.78497314453125
0.0949020385742187 -0.0694656372070313 -0.0121612548828125 0.117179870605469
0.0514984130859375 -0.0926284790039063 0.1898193359375 -0.667236328125
-0.01263427734375 -0.083709716796875 -0.4599609375 -0.90081787109375
-0.0465888977050781 -0.0167961120605469 -0.8731689453125 -0.0682373046875001
-0.0231742858886719 0.0208396911621094 -0.38128662109375 0.57342529296875
0.00843048095703125 0.00635337829589844 0.123138427734375 0.500213623046875
0.011662483215332 0.0108928680419922 0.37841796875 0.08929443359375
0.0153923034667969 -0.00557613372802734 0.301849365234375 -0.217498779296875
0.00890731811523438 -0.040771484375 -0.235946655273438 0.243408203125
0.0345573425292969 -0.00716590881347656 -0.300140380859375 -0.05108642578125
0.0115776062011719 -0.0157814025878906 -0.139404296875 -0.449066162109375
-0.00294589996337891 0.00509881973266602 0.3514404296875 -0.59173583984375
-0.0278854370117187 0.0198211669921875 0.82440185546875 0.000915527343750001
-0.0430450439453125 -0.0472068786621094 0.5633544921875 0.78582763671875
0.0265121459960938 -0.0602149963378906 -0.076416015625 0.79852294921875
0.0692100524902344 -0.0538978576660156 -0.0247116088867187 0.140037536621094
0.0400314331054687 -0.070556640625 0.2161865234375 -0.64617919921875
-0.00357818603515625 -0.0657768249511719 -0.4073486328125 -0.927734375
-0.0277633666992188 -0.0171527862548828 -0.875244140625 -0.12109375
-0.00949287414550781 0.007110595703125 -0.41619873046875 0.56097412109375
0.0157146453857422 -0.00843429565429688 0.096466064453125 0.513336181640625
0.00828361511230469 -0.000662803649902344 0.372650146484375 0.1041259765625
0.00922584533691406 -0.00732898712158203 0.307373046875 -0.21160888671875
0.0019073486328125 -0.0418701171875 -0.237930297851562 0.246536254882813
0.0299224853515625 -0.0169429779052734 -0.30859375 -0.0404357910156251
0.0148239135742188 -0.0312767028808594 -0.15655517578125 -0.438507080078125
0.0135869979858398 -0.0102577209472656 0.326171875 -0.5987548828125
-0.00440025329589844 0.021575927734375 0.820068359375 -0.03564453125
-0.0327663421630859 -0.0237827301025391 0.59686279296875 0.75628662109375
0.0136890411376953 -0.0314044952392578 -0.05279541015625 0.80303955078125
0.0388145446777344 -0.0308265686035156 -0.0282745361328125 0.152877807617188
0.0245246887207031 -0.0406608581542969 0.23773193359375 -0.6329345703125
0.00594329833984375 -0.0423507690429688 -0.36529541015625 -0.94805908203125
-0.00438690185546875 -0.0124330520629883 -0.8690185546875 -0.15899658203125
0.0072026252746582 -0.00704574584960938 -0.441741943359375 0.54779052734375
0.0243358612060547 -0.0216579437255859 0.074127197265625 0.52252197265625
0.00484085083007812 -0.013768196105957 0.3641357421875 0.117950439453125
0.00358724594116211 -0.00800657272338867 0.30731201171875 -0.209503173828125
-0.00459671020507812 -0.0422134399414063 -0.245346069335938 0.249847412109375
0.0247859954833984 -0.024627685546875 -0.32049560546875 -0.034912109375
0.0160179138183594 -0.0440139770507813 -0.170440673828125 -0.430328369140625
0.0284595489501953 -0.0220184326171875 0.31097412109375 -0.5997314453125
0.0180606842041016 0.0216178894042969 0.81768798828125 -0.05194091796875
-0.0190925598144531 -0.00058174133300781 0.61273193359375 0.74066162109375
0.0033574104309082 0.000207185745239258 -0.0380859374999999 0.798095703125
0.0076298713684082 -0.00553703308105469 -0.021392822265625 0.153228759765625
0.00824260711669922 -0.00879383087158203 0.25665283203125 -0.630615234375
0.01531982421875 -0.0162630081176758 -0.33782958984375 -0.95880126953125
0.019195556640625 -0.00536537170410156 -0.86553955078125 -0.1776123046875
0.0245742797851562 -0.0164260864257813 -0.452789306640625 0.54132080078125
0.0312480926513672 -0.0324668884277344 0.059906005859375 0.52410888671875
0.00173377990722656 -0.0239048004150391 0.35430908203125 0.122833251953125
-0.00285243988037109 -0.0101795196533203 0.302032470703125 -0.210784912109375
-0.00998687744140625 -0.0434722900390625 -0.257888793945313 0.246170043945313
0.0205268859863281 -0.0313549041748047 -0.33001708984375 -0.0342407226562501
0.0162887573242188 -0.0531196594238281 -0.174560546875 -0.43310546875
0.0393524169921875 -0.0294113159179688 0.30853271484375 -0.60028076171875
0.0358810424804688 0.0245094299316406 0.81866455078125 -0.0484619140625
-0.00456619262695312 0.0179939270019531 0.61065673828125 0.73736572265625
-0.00312995910644531 0.0282154083251953 -0.0325927734375 0.787109375
-0.0177936553955078 0.0175895690917969 -0.00646972656250001 0.1417236328125
-0.00573921203613281 0.0192127227783203 0.26751708984375 -0.64093017578125
0.0241737365722656 0.00699043273925781 -0.3372802734375 -0.9620361328125
0.0376129150390625 0.00164794921875 -0.86273193359375 -0.17535400390625
0.0358505249023438 -0.0229415893554688 -0.4510498046875 0.54241943359375
0.0365257263183594 -0.0413284301757812 0.055694580078125 0.521514892578125
-0.00116539001464844 -0.0317420959472656 0.343170166015625 0.122711181640625
-0.00865554809570313 -0.0131301879882812 0.292999267578125 -0.2138671875
-0.0124244689941406 -0.0450286865234375 -0.271438598632813 0.242202758789062
0.0166378021240234 -0.0336875915527344 -0.337921142578125 -0.0383911132812501
0.0167655944824219 -0.0561714172363281 -0.170654296875 -0.439422607421875
0.0466651916503906 -0.0312843322753906 0.32305908203125 -0.59600830078125
0.0469627380371094 0.0282020568847656 0.8245849609375 -0.02655029296875
0.00628471374511719 0.0317478179931641 0.59820556640625 0.7469482421875
-0.00482559204101563 0.0495262145996094 -0.0367431640625 0.76873779296875
-0.0356254577636719 0.036590576171875 0.015869140625 0.119903564453125
-0.0128440856933594 0.0416755676269531 0.26873779296875 -0.663330078125
0.0329036712646484 0.0239715576171875 -0.3544921875 -0.95849609375
0.0504226684570312 0.00625228881835937 -0.85980224609375 -0.151123046875
0.0430030822753906 -0.0251007080078125 -0.435943603515625 0.55035400390625
0.0367431640625 -0.0440559387207031 0.062255859375 0.513275146484375
-0.00536346435546875 -0.0344963073730469 0.33551025390625 0.11627197265625
-0.0116958618164062 -0.0145444869995117 0.278732299804687 -0.2200927734375
0.0244903564453125 -0.0443229675292969 -0.25494384765625 0.229736328125
0.0377388000488281 0.0151176452636719 -0.2891845703125 -0.088531494140625
-0.00479888916015625 0.0230426788330078 -0.07989501953125 -0.4945068359375
-0.0458106994628906 0.0371894836425781 0.447418212890625 -0.553680419921875
-0.0690460205078125 0.0122222900390625 0.82989501953125 0.1368408203125
-0.0397415161132812 -0.092315673828125 0.43951416015625 0.8687744140625
0.06634521484375 -0.0958175659179688 -0.13787841796875 0.73333740234375
0.115707397460937 -0.0745468139648437 0.03564453125 0.0553627014160156
0.0575637817382813 -0.106269836425781 0.1318359375 -0.7218017578125
-0.0221328735351563 -0.0902175903320313 -0.56915283203125 -0.832763671875
-0.0639152526855469 -0.005859375 -0.85845947265625 0.0505981445312501
-0.0341110229492188 0.0447463989257812 -0.2989501953125 0.5992431640625
-0.000257492065429685 0.0246467590332031 0.176055908203125 0.463714599609375
0.0136852264404297 0.0238552093505859 0.377105712890625 0.052642822265625
0.022247314453125 -0.00754356384277344 0.274642944335938 -0.233993530273438
0.0197410583496094 -0.0425949096679687 -0.24163818359375 0.236557006835937
0.039031982421875 0.010101318359375 -0.28851318359375 -0.074188232421875
0.000585556030273438 0.0143842697143555 -0.0997314453124999 -0.478790283203125
-0.0347919464111328 0.0308837890625 0.41162109375 -0.56658935546875
-0.0623054504394531 0.0146675109863281 0.82904052734375 0.087890625
-0.0472030639648438 -0.0861740112304687 0.4830322265625 0.84423828125
0.054931640625 -0.0963973999023438 -0.1195068359375 0.76324462890625
0.110374450683594 -0.0776519775390625 0.0110626220703125 0.0872039794921875
0.055633544921875 -0.105354309082031 0.15350341796875 -0.69549560546875
-0.0205307006835938 -0.0913009643554687 -0.52301025390625 -0.86248779296875
-0.0601310729980469 -0.0119094848632812 -0.866943359375 -0.00354003906249987
-0.0314521789550781 0.0348129272460938 -0.33477783203125 0.5888671875
0.00327873229980469 0.0178146362304688 0.15618896484375 0.4788818359375
0.0138607025146484 0.0183296203613281 0.378448486328125 0.065338134765625
0.0194244384765625 -0.00544166564941406 0.28558349609375 -0.22705078125
0.01422119140625 -0.0423812866210938 -0.235107421875 0.24285888671875
0.0375099182128906 0.00150299072265625 -0.2928466796875 -0.060638427734375
0.00705957412719727 0.00102043151855469 -0.123016357421875 -0.46282958984375
-0.0206642150878906 0.0194644927978516 0.37548828125 -0.5819091796875
-0.047698974609375 0.0175666809082031 0.82611083984375 0.03570556640625
-0.0483283996582031 -0.0691986083984375 0.52978515625 0.8099365234375
0.0403366088867187 -0.0838088989257813 -0.0939941406249999 0.78192138671875
0.0932083129882813 -0.0698165893554688 -0.0100936889648437 0.117294311523438
0.0502548217773437 -0.0927581787109375 0.18109130859375 -0.66790771484375
-0.0135269165039063 -0.0827102661132813 -0.47003173828125 -0.89324951171875
-0.0466957092285156 -0.0165023803710938 -0.871337890625 -0.0584716796875001
-0.0226001739501953 0.0215167999267578 -0.3724365234375 0.5772705078125
0.00793981552124023 0.00581455230712891 0.129638671875 0.49713134765625
0.0117301940917969 0.00917434692382813 0.3780517578125 0.082977294921875
0.0154943466186523 -0.00610923767089844 0.297332763671875 -0.2220458984375
0.00799560546875 -0.0421791076660156 -0.231094360351562 0.246292114257813
0.0343799591064453 -0.00794219970703125 -0.2998046875 -0.0457763671875
0.0110292434692383 -0.0158271789550781 -0.145050048828125 -0.447265625
-0.00339126586914063 0.00526523590087891 0.34320068359375 -0.59521484375
-0.0273571014404297 0.0196437835693359 0.82232666015625 -0.01226806640625
-0.0439796447753906 -0.0472679138183594 0.5736083984375 0.7772216796875
0.0249481201171875 -0.0609588623046875 -0.0669555664062501 0.79669189453125
0.0680961608886719 -0.0536994934082031 -0.0225753784179688 0.14013671875
0.0386962890625 -0.07037353515625 0.20513916015625 -0.6451416015625
-0.00494003295898438 -0.066619873046875 -0.41815185546875 -0.92022705078125
-0.0270500183105469 -0.0165081024169922 -0.87274169921875 -0.1103515625
-0.0095663070678711 0.00600910186767578 -0.4073486328125 0.56280517578125
0.0149621963500977 -0.00841617584228515 0.103302001953125 0.51104736328125
0.00857400894165039 -0.00158548355102539 0.3726806640625 0.09820556640625
0.0104255676269531 -0.00723743438720703 0.302947998046875 -0.215240478515625
0.00045013427734375 -0.0419235229492188 -0.233169555664063 0.250564575195313
0.0302448272705078 -0.0178012847900391 -0.3084716796875 -0.035797119140625
0.0141429901123047 -0.0316429138183594 -0.1624755859375 -0.4342041015625
0.0132226943969727 -0.00978565216064453 0.31561279296875 -0.601806640625
-0.00452613830566406 0.0211296081542969 0.8177490234375 -0.045654296875
-0.0322608947753906 -0.0240154266357422 0.60382080078125 0.7467041015625
0.0123043060302734 -0.0316600799560547 -0.04193115234375 0.80340576171875
0.0378074645996094 -0.0313491821289063 -0.02606201171875 0.1536865234375
0.0233802795410156 -0.0416030883789063 0.22808837890625 -0.63446044921875
0.00534439086914063 -0.0425148010253906 -0.377197265625 -0.94207763671875
-0.00386428833007812 -0.0127897262573242 -0.871826171875 -0.14776611328125
0.0071263313293457 -0.00700807571411133 -0.432342529296875 0.55279541015625
0.0240821838378906 -0.0216770172119141 0.08172607421875 0.519775390625
0.00469303131103515 -0.0128564834594727 0.3641357421875 0.11090087890625
0.00305557250976562 -0.00919151306152344 0.304229736328125 -0.213287353515625
-0.00743865966796875 -0.0427474975585937 -0.240982055664062 0.252395629882813
0.02484130859375 -0.0261764526367188 -0.3187255859375 -0.029144287109375
0.0151748657226563 -0.0444793701171875 -0.17462158203125 -0.42822265625
0.02789306640625 -0.0214653015136719 0.300537109375 -0.605224609375
0.0181026458740234 0.0206146240234375 0.81610107421875 -0.06268310546875
-0.0181732177734375 -0.00145530700683594 0.619140625 0.730712890625
0.00299453735351563 -0.000356435775756836 -0.02642822265625 0.796875
0.00769615173339844 -0.00516843795776367 -0.0198516845703125 0.153488159179688
0.00814723968505859 -0.00985813140869141 0.2476806640625 -0.6319580078125
0.0149288177490234 -0.0162410736083984 -0.34869384765625 -0.953857421875
0.0187397003173828 -0.00606346130371094 -0.86602783203125 -0.16796875
0.0235557556152344 -0.0166225433349609 -0.445220947265625 0.5440673828125
0.0310401916503906 -0.0330581665039063 0.068511962890625 0.522552490234375
0.00096893310546875 -0.0242385864257813 0.35284423828125 0.116912841796875
-0.00401115417480469 -0.011082649230957 0.297210693359375 -0.214508056640625
-0.011932373046875 -0.0445709228515625 -0.252792358398438 0.24951171875
0.0196914672851562 -0.0311336517333984 -0.3284912109375 -0.02899169921875
0.0155448913574219 -0.0528945922851563 -0.179840087890625 -0.428955078125
0.0386428833007813 -0.0297088623046875 0.30029296875 -0.6029052734375
0.0370979309082031 0.0224723815917969 0.81658935546875 -0.0595703125
-0.00464153289794922 0.0171451568603516 0.62017822265625 0.72772216796875
-0.00329208374023437 0.0278701782226563 -0.020263671875 0.78387451171875
-0.0183048248291016 0.0179710388183594 -0.00457763671874999 0.141220092773438
-0.00547409057617187 0.0192680358886719 0.25836181640625 -0.641845703125
0.0247783660888672 0.00622367858886719 -0.3466796875 -0.9576416015625
0.0376091003417969 0.00109481811523437 -0.86376953125 -0.1646728515625
0.0359992980957031 -0.0238533020019531 -0.441619873046875 0.54632568359375
0.0358810424804688 -0.0416831970214844 0.062408447265625 0.518463134765625
-0.00262069702148437 -0.0324058532714844 0.343780517578125 0.116546630859375
-0.00955104827880859 -0.0127620697021484 0.2886962890625 -0.217254638671875
-0.0145072937011719 -0.0459098815917969 -0.266372680664063 0.247085571289063
0.0160427093505859 -0.0343303680419922 -0.337158203125 -0.03240966796875
0.0155982971191406 -0.0562820434570313 -0.17529296875 -0.43585205078125
0.0453071594238281 -0.0309600830078125 0.31402587890625 -0.6002197265625
0.0478439331054687 0.0267906188964844 0.82244873046875 -0.03778076171875
0.00744247436523438 0.0317974090576172 0.60552978515625 0.73773193359375
-0.00603103637695312 0.04901123046875 -0.0266723632812501 0.76690673828125
-0.0351028442382813 0.0376319885253906 0.0185089111328125 0.120124816894531
-0.0119400024414063 0.0412559509277344 0.25823974609375 -0.66534423828125
0.0332279205322266 0.0231494903564453 -0.36651611328125 -0.95208740234375
0.0508766174316406 0.00561904907226563 -0.8619384765625 -0.14019775390625
0.0426788330078125 -0.0260810852050781 -0.42828369140625 0.55426025390625
0.0366706848144531 -0.0447463989257813 0.070281982421875 0.511474609375
-0.0060272216796875 -0.0347366333007813 0.335693359375 0.110809326171875
-0.0123443603515625 -0.0151271820068359 0.275039672851563 -0.22357177734375
0.0220375061035156 -0.0453910827636719 -0.25030517578125 0.233444213867188
0.0382804870605469 0.0128707885742188 -0.288848876953125 -0.084808349609375
-0.00450325012207031 0.0234794616699219 -0.085693359375 -0.4915771484375
-0.0451889038085938 0.037567138671875 0.43634033203125 -0.55816650390625
-0.0680160522460938 0.0131034851074219 0.82879638671875 0.1243896484375
-0.0416641235351563 -0.092041015625 0.44989013671875 0.8612060546875
0.0638580322265625 -0.096527099609375 -0.128662109375 0.7322998046875
0.113845825195313 -0.076171875 0.0358695983886719 0.0543289184570312
0.0554962158203125 -0.107017517089844 0.12396240234375 -0.71923828125
-0.0232772827148438 -0.09033203125 -0.57476806640625 -0.82110595703125
-0.0641403198242188 -0.00429534912109375 -0.85638427734375 0.060546875
-0.0339698791503906 0.044342041015625 -0.29010009765625 0.59912109375
0.00069427490234375 0.0252933502197266 0.18231201171875 0.45941162109375
0.0155506134033203 0.0234909057617188 0.375396728515625 0.046356201171875
0.0221424102783203 -0.00860786437988281 0.270782470703125 -0.237335205078125
0.0178871154785156 -0.0429306030273438 -0.2364501953125 0.239273071289063
0.0395050048828125 0.00756454467773438 -0.2879638671875 -0.0698547363281251
0.000613212585449218 0.0143823623657227 -0.106109619140625 -0.47540283203125
-0.0345172882080078 0.0315818786621094 0.403076171875 -0.5714111328125
-0.0618705749511719 0.0146141052246094 0.825927734375 0.07745361328125
-0.0479660034179687 -0.0851211547851563 0.49267578125 0.83477783203125
0.0536651611328125 -0.095611572265625 -0.10919189453125 0.7606201171875
0.108436584472656 -0.0781936645507812 0.0115127563476563 0.0865936279296875
0.0540924072265625 -0.105232238769531 0.1448974609375 -0.6947021484375
-0.0218582153320313 -0.0915145874023438 -0.53179931640625 -0.8544921875
-0.0603408813476563 -0.0106887817382813 -0.86376953125 0.00616455078125007
-0.0306015014648437 0.0346870422363281 -0.3248291015625 0.59063720703125
0.00339317321777344 0.0174064636230469 0.161285400390625 0.474395751953125
0.0140562057495117 0.0175304412841797 0.378387451171875 0.060638427734375
0.019195556640625 -0.00661087036132813 0.281494140625 -0.232208251953125
0.0124473571777344 -0.0434455871582031 -0.230056762695313 0.2451171875
0.0381813049316406 -0.00014495849609375 -0.291961669921875 -0.05474853515625
0.00579452514648438 0.000348091125488281 -0.129791259765625 -0.45880126953125
-0.0203342437744141 0.0203189849853516 0.365478515625 -0.58587646484375
-0.0475540161132812 0.0180168151855469 0.82403564453125 0.02325439453125
-0.0490989685058594 -0.0686569213867188 0.53912353515625 0.8011474609375
0.0391769409179688 -0.0843429565429688 -0.0836181640625001 0.7791748046875
0.092437744140625 -0.0706100463867188 -0.00766754150390626 0.117034912109375
0.0473556518554688 -0.0930328369140625 0.172119140625 -0.668212890625
-0.0143661499023438 -0.083831787109375 -0.478271484375 -0.8846435546875
-0.0471115112304688 -0.0151252746582031 -0.86846923828125 -0.0470581054687499
-0.0227241516113281 0.0213966369628906 -0.3631591796875 0.57818603515625
0.00777864456176758 0.00525665283203125 0.13641357421875 0.493316650390625
0.0122289657592773 0.00940418243408203 0.376800537109375 0.075897216796875
0.0148353576660156 -0.00749492645263672 0.2933349609375 -0.22503662109375
0.00558853149414062 -0.0427436828613281 -0.22564697265625 0.250701904296875
0.0339832305908203 -0.00962257385253906 -0.298736572265625 -0.041656494140625
0.0112361907958984 -0.0153379440307617 -0.150115966796875 -0.4427490234375
-0.00401401519775391 0.00627422332763672 0.3316650390625 -0.5970458984375
-0.0267162322998047 0.0195446014404297 0.81817626953125 -0.0213623046875
-0.0441513061523437 -0.0464630126953125 0.57904052734375 0.767333984375
0.023468017578125 -0.0606040954589844 -0.0549316406249999 0.7940673828125
0.0660781860351563 -0.0544052124023437 -0.0204315185546875 0.140457153320313
0.0371170043945313 -0.0706710815429688 0.1956787109375 -0.64642333984375
-0.00555038452148437 -0.0657882690429688 -0.4285888671875 -0.91192626953125
-0.0277633666992188 -0.0160923004150391 -0.87060546875 -0.0999145507812499
-0.00906562805175781 0.00625133514404297 -0.39874267578125 0.566650390625
0.0152502059936523 -0.00803279876708984 0.1103515625 0.507476806640625
0.00867557525634766 -0.00112724304199219 0.372406005859375 0.091156005859375
0.00961780548095703 -0.00804233551025391 0.298797607421875 -0.21954345703125
-0.001556396484375 -0.0418319702148438 -0.228652954101562 0.25286865234375
0.0295562744140625 -0.0186500549316406 -0.307403564453125 -0.0308837890625
0.0133380889892578 -0.0311756134033203 -0.168243408203125 -0.429931640625
0.0128965377807617 -0.00889205932617188 0.30718994140625 -0.60174560546875
-0.0040740966796875 0.0205173492431641 0.8133544921875 -0.0576171875
-0.0322666168212891 -0.0236492156982422 0.61126708984375 0.738037109375
0.0111732482910156 -0.0309600830078125 -0.0321044921875 0.79681396484375
0.0366172790527344 -0.0321273803710938 -0.024200439453125 0.152801513671875
0.0221824645996094 -0.0410995483398438 0.21954345703125 -0.6331787109375
0.00455093383789062 -0.0423660278320312 -0.3880615234375 -0.93450927734375
-0.00502872467041016 -0.0129480361938477 -0.86785888671875 -0.136474609375
0.00791120529174805 -0.00720977783203125 -0.4241943359375 0.55670166015625
0.0232963562011719 -0.0232219696044922 0.09039306640625 0.517852783203125
0.00472450256347656 -0.0134716033935547 0.3636474609375 0.103759765625
0.00327301025390625 -0.0096588134765625 0.30010986328125 -0.216827392578125
-0.00934219360351563 -0.0424423217773437 -0.235427856445312 0.253997802734375
0.0241127014160156 -0.0271358489990234 -0.31744384765625 -0.02471923828125
0.0142250061035156 -0.0446929931640625 -0.18115234375 -0.4224853515625
0.0273399353027344 -0.0220375061035156 0.29180908203125 -0.60650634765625
0.0186729431152344 0.0197200775146484 0.80938720703125 -0.07159423828125
-0.0177726745605469 -0.00173759460449218 0.62652587890625 0.7208251953125
0.00252866744995117 -0.000756740570068359 -0.0167236328125 0.7960205078125
0.00752496719360351 -0.00598621368408203 -0.01812744140625 0.152984619140625
0.00701999664306641 -0.00977516174316406 0.23992919921875 -0.6319580078125
0.0147800445556641 -0.0172691345214844 -0.3587646484375 -0.94573974609375
0.0183677673339844 -0.00706100463867187 -0.86334228515625 -0.15771484375
0.023406982421875 -0.0174369812011719 -0.436859130859375 0.5479736328125
0.0304813385009766 -0.0337409973144531 0.074920654296875 0.518157958984375
0.000690460205078126 -0.0236759185791016 0.35369873046875 0.110382080078125
-0.00404644012451172 -0.0104465484619141 0.29345703125 -0.219512939453125
-0.0135993957519531 -0.0447616577148437 -0.2476806640625 0.252609252929688
0.0195274353027344 -0.0336170196533203 -0.327667236328125 -0.0227355957031251
0.0154647827148438 -0.0533905029296875 -0.18475341796875 -0.423431396484375
0.0386505126953125 -0.0303230285644531 0.29083251953125 -0.60491943359375
0.0361862182617188 0.0210342407226563 0.812255859375 -0.07000732421875
-0.00400447845458984 0.016963005065918 0.62530517578125 0.7186279296875
-0.003875732421875 0.027374267578125 -0.0108032226562501 0.78179931640625
-0.0180130004882812 0.0182933807373047 -0.00244140625 0.14190673828125
-0.0050811767578125 0.0185832977294922 0.2484130859375 -0.6434326171875
0.0244026184082031 0.00580596923828125 -0.35809326171875 -0.94927978515625
0.0371322631835938 0.000400543212890625 -0.86102294921875 -0.15338134765625
0.0360984802246094 -0.0243453979492188 -0.43414306640625 0.549041748046875
0.0344505310058594 -0.0422134399414063 0.06903076171875 0.516265869140625
-0.00211334228515625 -0.0318775177001953 0.343994140625 0.111114501953125
-0.00923347473144531 -0.0121984481811523 0.28436279296875 -0.221893310546875
-0.0159797668457031 -0.0452766418457031 -0.26171875 0.250335693359375
0.0159683227539062 -0.0368995666503906 -0.335479736328125 -0.02783203125
0.0143165588378906 -0.056732177734375 -0.1815185546875 -0.430938720703125
0.04486083984375 -0.0320014953613281 0.3043212890625 -0.60076904296875
0.0482749938964844 0.0247116088867188 0.81646728515625 -0.0489501953125
0.00720787048339844 0.0304374694824219 0.60992431640625 0.72979736328125
-0.00466156005859375 0.0481185913085937 -0.0131835937499999 0.7625732421875
-0.03515625 0.0369758605957031 0.01904296875 0.118972778320313
-0.0122032165527344 0.0409584045410156 0.2503662109375 -0.6661376953125
0.0332260131835938 0.0215702056884766 -0.3770751953125 -0.943359375
0.0506706237792969 0.0045318603515625 -0.85888671875 -0.12939453125
0.041961669921875 -0.0264015197753906 -0.41912841796875 0.557342529296875
0.0363883972167969 -0.0458335876464844 0.07647705078125 0.5078125
-0.0056304931640625 -0.03460693359375 0.33648681640625 0.104766845703125
-0.0119285583496094 -0.0146417617797852 0.270233154296875 -0.22674560546875
0.0198135375976562 -0.0453987121582031 -0.245956420898438 0.235702514648438
0.037872314453125 0.011962890625 -0.287017822265625 -0.080963134765625
-0.00362968444824219 0.0234050750732422 -0.0904541015625 -0.488616943359375
-0.0447998046875 0.0383529663085938 0.42657470703125 -0.55999755859375
-0.0678749084472656 0.0137748718261719 0.82562255859375 0.115478515625
-0.0418319702148437 -0.0905838012695313 0.456787109375 0.853271484375
0.0625534057617188 -0.0962066650390625 -0.1185302734375 0.72943115234375
0.112510681152344 -0.077056884765625 0.0366744995117188 0.0545845031738281
0.0536651611328125 -0.106109619140625 0.11474609375 -0.71710205078125
-0.02484130859375 -0.089508056640625 -0.58184814453125 -0.81005859375
-0.0636138916015625 -0.00404739379882812 -0.8502197265625 0.0673217773437501
-0.0330543518066406 0.044525146484375 -0.28143310546875 0.60015869140625
0.000951766967773436 0.0248146057128906 0.18634033203125 0.45428466796875
0.0151596069335938 0.0230693817138672 0.373870849609375 0.039947509765625
0.0213813781738281 -0.00831794738769531 0.265914916992188 -0.240402221679688
0.0151481628417969 -0.0429344177246094 -0.230682373046875 0.240646362304687
0.0393486022949219 0.00671768188476563 -0.2879638671875 -0.0665588378906251
0.000779151916503908 0.0147161483764648 -0.11212158203125 -0.471160888671875
-0.0347003936767578 0.0321826934814453 0.3939208984375 -0.572265625
-0.0610618591308594 0.0151901245117187 0.82232666015625 0.06793212890625
-0.0487899780273438 -0.0846328735351562 0.4996337890625 0.8270263671875
0.051483154296875 -0.0966720581054688 -0.0997314453125 0.75677490234375
0.107139587402344 -0.078887939453125 0.0130081176757813 0.0860366821289063
0.05242919921875 -0.106178283691406 0.13616943359375 -0.69195556640625
-0.0228347778320312 -0.090545654296875 -0.53717041015625 -0.84344482421875
-0.0595626831054688 -0.0101966857910156 -0.8572998046875 0.0156249999999999
-0.0302963256835938 0.0351390838623047 -0.31689453125 0.59197998046875
0.00307083129882812 0.0173110961914063 0.16558837890625 0.470428466796875
0.0139932632446289 0.0173130035400391 0.37646484375 0.0548095703125
0.0190963745117188 -0.00772857666015625 0.276687622070313 -0.233642578125
0.0104866027832031 -0.0434951782226563 -0.22454833984375 0.247161865234375
0.0378646850585938 -0.0020294189453125 -0.290863037109375 -0.051971435546875
0.00644636154174805 0.000482082366943359 -0.134918212890625 -0.454925537109375
-0.0199718475341797 0.0197238922119141 0.35711669921875 -0.58599853515625
-0.0468559265136719 0.0176773071289063 0.81805419921875 0.015380859375
-0.0496063232421875 -0.0679244995117188 0.54510498046875 0.79144287109375
0.036773681640625 -0.0837249755859375 -0.073974609375 0.7763671875
0.0905609130859375 -0.070770263671875 -0.00701141357421874 0.117141723632813
0.0462799072265625 -0.0935897827148438 0.16339111328125 -0.6646728515625
-0.016265869140625 -0.0824661254882813 -0.48583984375 -0.87493896484375
-0.0470428466796875 -0.015350341796875 -0.864013671875 -0.0380249023437502
-0.0222759246826172 0.0214939117431641 -0.35455322265625 0.5787353515625
0.00802898406982422 0.00528907775878906 0.1414794921875 0.489013671875
0.0123214721679687 0.00919055938720703 0.3756103515625 0.07080078125
0.0147953033447266 -0.00696945190429688 0.288909912109375 -0.228424072265625
0.00433731079101562 -0.0418167114257812 -0.221145629882813 0.251358032226562
0.0341510772705078 -0.0114574432373047 -0.29656982421875 -0.037506103515625
0.0113086700439453 -0.0152101516723633 -0.15460205078125 -0.437530517578125
-0.00435113906860352 0.00600147247314453 0.32330322265625 -0.599365234375
-0.0260162353515625 0.0191020965576172 0.81353759765625 -0.031982421875
-0.0444717407226563 -0.0467567443847656 0.58648681640625 0.75628662109375
0.0229873657226563 -0.06121826171875 -0.0443115234375001 0.78997802734375
0.0657386779785156 -0.0540351867675781 -0.01861572265625 0.139816284179688
0.0354766845703125 -0.0703887939453125 0.1893310546875 -0.64337158203125
-0.00638580322265625 -0.0658378601074219 -0.43597412109375 -0.90057373046875
-0.0277309417724609 -0.0167617797851562 -0.8673095703125 -0.0880126953125
-0.00922679901123047 0.0066976547241211 -0.39068603515625 0.56903076171875
0.0151309967041016 -0.00945949554443359 0.11602783203125 0.5018310546875
0.00900840759277344 -0.00247287750244141 0.369873046875 0.084442138671875
0.00982761383056641 -0.00805950164794922 0.294189453125 -0.223175048828125
-0.00363540649414062 -0.0425910949707031 -0.2230224609375 0.255294799804688
0.0287666320800781 -0.0199527740478516 -0.304962158203125 -0.0263671875
0.0132560729980469 -0.0312747955322266 -0.1729736328125 -0.4251708984375
0.0116510391235352 -0.00901699066162109 0.29766845703125 -0.60302734375
-0.00348281860351562 0.0197334289550781 0.80859375 -0.06640625
-0.0325489044189453 -0.0232219696044922 0.6171875 0.72894287109375
0.0108795166015625 -0.0317707061767578 -0.02374267578125 0.794677734375
0.0360946655273438 -0.0318222045898438 -0.02166748046875 0.152252197265625
0.0210456848144531 -0.0415267944335937 0.21002197265625 -0.6318359375
0.00409317016601563 -0.0424957275390625 -0.396240234375 -0.9241943359375
-0.00377941131591797 -0.0131855010986328 -0.86553955078125 -0.12518310546875
0.00684976577758789 -0.00728130340576172 -0.415496826171875 0.5570068359375
0.0232582092285156 -0.0234546661376953 0.094207763671875 0.512908935546875
0.00491523742675781 -0.0135231018066406 0.361480712890625 0.09881591796875
0.00262069702148438 -0.00946140289306641 0.29510498046875 -0.220794677734375
-0.0107955932617187 -0.04315185546875 -0.230270385742187 0.256820678710937
0.0240287780761719 -0.0287742614746094 -0.314544677734375 -0.019439697265625
0.0145835876464844 -0.0439109802246094 -0.18487548828125 -0.41778564453125
0.0271034240722656 -0.0218944549560547 0.28131103515625 -0.60711669921875
0.0186290740966797 0.0191516876220703 0.804443359375 -0.080322265625
-0.0181255340576172 -0.00281715393066406 0.63006591796875 0.7110595703125
0.00116479396820068 -0.00167453289031982 -0.00677490234375006 0.7901611328125
0.00609350204467773 -0.00527238845825195 -0.0154876708984375 0.152801513671875
0.00600242614746094 -0.00998878479003906 0.23114013671875 -0.63055419921875
0.0136928558349609 -0.0177326202392578 -0.368408203125 -0.93695068359375
0.0183963775634766 -0.00684547424316406 -0.861083984375 -0.1463623046875
0.0233726501464844 -0.0180931091308594 -0.42718505859375 0.5509033203125
0.0301704406738281 -0.0351142883300781 0.080810546875 0.51568603515625
0.000743865966796875 -0.0242328643798828 0.351409912109375 0.105377197265625
-0.00430679321289063 -0.0115261077880859 0.28924560546875 -0.2213134765625
-0.0161399841308594 -0.0442161560058594 -0.24169921875 0.255081176757813
0.0185718536376953 -0.0344028472900391 -0.325286865234375 -0.01922607421875
0.0142974853515625 -0.0520973205566406 -0.18951416015625 -0.4188232421875
0.036956787109375 -0.0300483703613281 0.28253173828125 -0.605224609375
0.0368080139160156 0.0203819274902344 0.8060302734375 -0.0772705078125
-0.00313472747802734 0.0165348052978516 0.63140869140625 0.70819091796875
-0.00265693664550781 0.0267467498779297 -0.00152587890624996 0.77703857421875
-0.0182628631591797 0.0185070037841797 -0.00148010253906251 0.141647338867187
-0.00657844543457031 0.0186500549316406 0.2396240234375 -0.64154052734375
0.0230617523193359 0.00506591796875 -0.3658447265625 -0.93975830078125
0.0378150939941406 -0.000514984130859375 -0.8583984375 -0.14349365234375
0.0357322692871094 -0.0241851806640625 -0.426025390625 0.55096435546875
0.0342369079589844 -0.0432167053222656 0.076751708984375 0.51324462890625
-0.00256729125976563 -0.0313835144042969 0.343048095703125 0.104400634765625
-0.00915622711181641 -0.0133285522460938 0.27960205078125 -0.22393798828125
-0.018035888671875 -0.0459327697753906 -0.25567626953125 0.252578735351563
0.0159225463867188 -0.0367965698242188 -0.334014892578125 -0.0222778320312501
0.01409912109375 -0.0563621520996094 -0.184051513671875 -0.426513671875
0.0433273315429688 -0.0319671630859375 0.29644775390625 -0.6021728515625
0.0479621887207031 0.0245170593261719 0.812255859375 -0.05609130859375
0.00736045837402344 0.0297183990478516 0.616943359375 0.71917724609375
-0.00500106811523437 0.0478134155273438 -0.00720214843750001 0.75860595703125
-0.0354995727539063 0.0373191833496094 0.0216598510742188 0.11785888671875
-0.0126113891601563 0.0402336120605469 0.24090576171875 -0.6636962890625
0.0337142944335938 0.0214328765869141 -0.3858642578125 -0.9344482421875
0.0503463745117188 0.00411605834960938 -0.85699462890625 -0.11883544921875
0.0415725708007813 -0.0274887084960938 -0.4102783203125 0.558074951171875
0.03497314453125 -0.0469474792480469 0.08154296875 0.503997802734375
-0.0067291259765625 -0.0348072052001953 0.335723876953125 0.098785400390625
-0.0120773315429688 -0.0153284072875977 0.266357421875 -0.22998046875
0.0177841186523438 -0.0449295043945313 -0.240646362304687 0.236831665039063
0.0380439758300781 0.0110054016113281 -0.286163330078125 -0.076324462890625
-0.0037384033203125 0.0232810974121094 -0.097137451171875 -0.48480224609375
-0.0439338684082031 0.0390281677246094 0.419403076171875 -0.56103515625
-0.0664558410644531 0.0135002136230469 0.822265625 0.1063232421875
-0.0422210693359375 -0.0915298461914063 0.46136474609375 0.84326171875
0.0602874755859375 -0.0975418090820313 -0.11041259765625 0.72552490234375
0.110610961914063 -0.0767059326171875 0.0369796752929688 0.0537528991699219
0.0514144897460938 -0.106903076171875 0.1072998046875 -0.71234130859375
-0.0250244140625 -0.0892791748046875 -0.5853271484375 -0.79925537109375
-0.0634994506835938 -0.00384902954101562 -0.841796875 0.0758056640624998
-0.0322265625 0.0441246032714844 -0.2728271484375 0.599365234375
0.00114250183105469 0.0244541168212891 0.191680908203125 0.4495849609375
0.0153846740722656 0.0219993591308594 0.370941162109375 0.03533935546875
0.0206356048583984 -0.00965690612792969 0.26226806640625 -0.241607666015625
0.0129203796386719 -0.0436210632324219 -0.22650146484375 0.242813110351563
0.0386695861816406 0.004974365234375 -0.285675048828125 -0.0626220703125
0.000782012939453124 0.0144386291503906 -0.116180419921875 -0.466827392578125
-0.0342025756835938 0.0320262908935547 0.384765625 -0.573486328125
-0.060882568359375 0.0153160095214844 0.817626953125 0.05841064453125
-0.0489425659179688 -0.0836563110351563 0.50457763671875 0.8179931640625
0.0499343872070312 -0.0956573486328125 -0.09039306640625 0.75372314453125
0.105697631835937 -0.078948974609375 0.01470947265625 0.0856170654296875
0.0502395629882813 -0.105995178222656 0.1295166015625 -0.68670654296875
-0.022979736328125 -0.0903778076171875 -0.5428466796875 -0.83270263671875
-0.0592041015625 -0.01025390625 -0.853271484375 0.0237426757812501
-0.0294113159179687 0.0352058410644531 -0.30908203125 0.5919189453125
0.00343799591064453 0.0162067413330078 0.171783447265625 0.4658203125
0.0155153274536133 0.0169467926025391 0.3731689453125 0.048828125
0.0182628631591797 -0.00790786743164063 0.272354125976563 -0.236236572265625
0.00857162475585937 -0.0434303283691406 -0.220550537109375 0.247772216796875
0.0381317138671875 -0.00307464599609375 -0.288970947265625 -0.0478210449218749
0.00580692291259766 0.000719070434570313 -0.137054443359375 -0.449981689453125
-0.0211353302001953 0.0209941864013672 0.34747314453125 -0.5853271484375
-0.0457954406738281 0.0176277160644531 0.81329345703125 0.00537109375
-0.0502700805664062 -0.0677223205566406 0.54833984375 0.78173828125
0.0357513427734375 -0.0837326049804688 -0.0641479492187499 0.7716064453125
0.08984375 -0.0706634521484375 -0.00511169433593748 0.116249084472656
0.04412841796875 -0.0930709838867188 0.155029296875 -0.6611328125
-0.0162124633789062 -0.082183837890625 -0.4898681640625 -0.863525390625
-0.0465126037597656 -0.0151329040527344 -0.8607177734375 -0.0293579101562499
-0.0215625762939453 0.021392822265625 -0.34674072265625 0.57861328125
0.00751495361328125 0.00405168533325195 0.14715576171875 0.484039306640625
0.012782096862793 0.00873184204101562 0.37322998046875 0.06573486328125
0.0143346786499023 -0.00805854797363281 0.284271240234375 -0.23126220703125
0.00299072265625 -0.042449951171875 -0.216567993164063 0.25244140625
0.0342330932617188 -0.0118350982666016 -0.29443359375 -0.034820556640625
0.0102996826171875 -0.0155582427978516 -0.159210205078125 -0.43389892578125
-0.004058837890625 0.00598812103271484 0.31396484375 -0.59832763671875
-0.0257606506347656 0.0190105438232422 0.80908203125 -0.0399169921875
-0.0438652038574219 -0.0466728210449219 0.58917236328125 0.7479248046875
0.0214500427246094 -0.0617256164550781 -0.0377197265625 0.78509521484375
0.064117431640625 -0.054229736328125 -0.0171585083007812 0.139312744140625
0.0338516235351563 -0.0706558227539063 0.1807861328125 -0.64013671875
-0.007537841796875 -0.0655174255371094 -0.4423828125 -0.8922119140625
-0.0277729034423828 -0.0163249969482422 -0.86199951171875 -0.0805053710937501
-0.00919342041015625 0.00610065460205078 -0.38134765625 0.5675048828125
0.0151033401489258 -0.00976371765136719 0.120941162109375 0.498382568359375
0.00801897048950195 -0.00162076950073242 0.36749267578125 0.079559326171875
0.00863838195800781 -0.00830364227294922 0.29046630859375 -0.22589111328125
-0.00524139404296875 -0.0424842834472656 -0.217987060546875 0.255645751953125
0.0290355682373047 -0.0215644836425781 -0.303802490234375 -0.022369384765625
0.0125713348388672 -0.0311927795410156 -0.175933837890625 -0.421142578125
0.0109491348266602 -0.00896739959716797 0.2890625 -0.603759765625
-0.00313758850097656 0.0188579559326172 0.80218505859375 -0.07275390625
-0.0329704284667969 -0.0237541198730469 0.618896484375 0.71728515625
0.00936698913574219 -0.0318775177001953 -0.01458740234375 0.78912353515625
0.0345439910888672 -0.0313606262207031 -0.02020263671875 0.152114868164063
0.0197677612304688 -0.0416679382324219 0.20263671875 -0.62939453125
0.00324249267578125 -0.0424613952636719 -0.40185546875 -0.9144287109375
-0.00537014007568359 -0.013035774230957 -0.86126708984375 -0.11785888671875
0.00784587860107422 -0.00757980346679687 -0.406951904296875 0.557891845703125
0.0227642059326172 -0.024017333984375 0.100616455078125 0.508758544921875
0.00425434112548828 -0.0136861801147461 0.36041259765625 0.09283447265625
0.00220394134521484 -0.00991725921630859 0.290252685546875 -0.22259521484375
-0.0124359130859375 -0.0425338745117188 -0.22503662109375 0.257797241210938
0.0235652923583984 -0.0292568206787109 -0.31182861328125 -0.0155029296875001
0.0129623413085937 -0.0434494018554688 -0.189605712890625 -0.411712646484375
0.0248699188232422 -0.0214176177978516 0.272216796875 -0.60540771484375
0.0188636779785156 0.0187454223632813 0.79931640625 -0.089111328125
-0.018035888671875 -0.00225639343261719 0.63226318359375 0.70086669921875
0.00145590305328369 -0.00128269195556641 0.00103759765624997 0.7841796875
0.00549221038818359 -0.00536203384399414 -0.014312744140625 0.151763916015625
0.00531578063964844 -0.010249137878418 0.22088623046875 -0.62847900390625
0.0135116577148438 -0.0179080963134766 -0.37548828125 -0.92767333984375
0.0180778503417969 -0.00691413879394531 -0.8572998046875 -0.13812255859375
0.0239677429199219 -0.0181217193603516 -0.41839599609375 0.550384521484375
0.0299396514892578 -0.0349235534667969 0.08587646484375 0.511474609375
0.00110244750976562 -0.0240821838378906 0.350921630859375 0.099029541015625
-0.00414180755615234 -0.011749267578125 0.28448486328125 -0.22406005859375
-0.0172576904296875 -0.0439338684082031 -0.23590087890625 0.256240844726563
0.0185546875 -0.0348854064941406 -0.32196044921875 -0.0150756835937501
0.0131568908691406 -0.0522079467773438 -0.19317626953125 -0.413482666015625
0.036712646484375 -0.0299797058105469 0.273193359375 -0.60430908203125
0.036834716796875 0.0193405151367188 0.8006591796875 -0.08697509765625
-0.00340175628662109 0.0148649215698242 0.6343994140625 0.69696044921875
-0.00420188903808594 0.0257854461669922 0.00451660156249997 0.77142333984375
-0.0187778472900391 0.0181770324707031 0.000808715820312503 0.139747619628906
-0.00644493103027344 0.0178356170654297 0.230224609375 -0.639404296875
0.0237083435058594 0.00506019592285156 -0.3729248046875 -0.93011474609375
0.0374717712402344 -0.000766754150390625 -0.85345458984375 -0.13623046875
0.0352706909179688 -0.0251884460449219 -0.4151611328125 0.551544189453125
0.0335655212402344 -0.043365478515625 0.0831298828125 0.507598876953125
-0.00255775451660156 -0.0318431854248047 0.3416748046875 0.099365234375
-0.0096282958984375 -0.0136003494262695 0.275894165039063 -0.226806640625
-0.0193290710449219 -0.0458755493164063 -0.249923706054688 0.254669189453125
0.0150871276855469 -0.0371551513671875 -0.3309326171875 -0.018951416015625
0.0139198303222656 -0.0556755065917969 -0.187774658203125 -0.4228515625
0.04241943359375 -0.0317001342773438 0.28692626953125 -0.6011962890625
0.0486106872558594 0.0228462219238281 0.80548095703125 -0.065185546875
0.00856590270996094 0.0294418334960938 0.61883544921875 0.708984375
-0.00507354736328125 0.0471076965332031 0.00109863281250002 0.75445556640625
-0.0346565246582031 0.0376472473144531 0.0217361450195313 0.116874694824219
-0.0127372741699219 0.0400619506835938 0.231689453125 -0.66229248046875
0.0338878631591797 0.0208320617675781 -0.39300537109375 -0.92486572265625
0.0502586364746094 0.00295257568359375 -0.85076904296875 -0.1112060546875
0.0409736633300781 -0.0284233093261719 -0.400482177734375 0.559906005859375
0.0345497131347656 -0.0462417602539063 0.08758544921875 0.50103759765625
-0.00594139099121094 -0.0340557098388672 0.334014892578125 0.094146728515625
-0.0126371383666992 -0.0156278610229492 0.261611938476562 -0.23138427734375
0.0156822204589844 -0.0451431274414063 -0.235763549804687 0.237747192382813
0.0370826721191406 0.0095977783203125 -0.282745361328125 -0.07281494140625
-0.00353622436523437 0.0230712890625 -0.10150146484375 -0.477264404296875
-0.0441970825195313 0.0396156311035156 0.411102294921875 -0.5601806640625
-0.0657768249511719 0.013824462890625 0.81683349609375 0.099609375
-0.0430755615234375 -0.0901718139648438 0.46661376953125 0.8350830078125
0.0590591430664062 -0.0963211059570313 -0.1029052734375 0.72137451171875
0.1085205078125 -0.07781982421875 0.0372886657714844 0.0529594421386719
0.0502548217773438 -0.106452941894531 0.100830078125 -0.706298828125
-0.0262222290039062 -0.0877304077148438 -0.5894775390625 -0.7882080078125
-0.0616531372070313 -0.00319671630859375 -0.8375244140625 0.0819091796875
-0.0317764282226563 0.0439949035644531 -0.26531982421875 0.5972900390625
0.00161552429199219 0.0231533050537109 0.1949462890625 0.442840576171875
0.015472412109375 0.0216484069824219 0.368804931640625 0.030364990234375
0.0203571319580078 -0.0101108551025391 0.256927490234375 -0.243118286132813
0.0115318298339844 -0.0427780151367188 -0.221206665039063 0.242965698242187
0.0387077331542969 0.00360107421875 -0.282501220703125 -0.059417724609375
0.00144481658935547 0.0153541564941406 -0.119232177734375 -0.461761474609375
-0.0341358184814453 0.0327625274658203 0.37567138671875 -0.57415771484375
-0.0594635009765625 0.0150375366210937 0.813232421875 0.05096435546875
-0.0493850708007813 -0.0830535888671875 0.5064697265625 0.80804443359375
0.0486602783203125 -0.0965042114257812 -0.0836791992187499 0.7474365234375
0.103462219238281 -0.0782623291015625 0.0153121948242188 0.0846633911132813
0.049163818359375 -0.105422973632813 0.12158203125 -0.68292236328125
-0.0241546630859375 -0.0896682739257812 -0.54400634765625 -0.821533203125
-0.058380126953125 -0.00970840454101564 -0.84722900390625 0.0299072265625
-0.0289421081542969 0.0355033874511719 -0.30120849609375 0.5877685546875
0.00341033935546875 0.0157375335693359 0.174224853515625 0.4609375
0.0150556564331055 0.0161199569702148 0.370819091796875 0.04296875
0.0185565948486328 -0.00845718383789063 0.267410278320313 -0.237380981445313
0.006622314453125 -0.0432319641113281 -0.215133666992188 0.248977661132813
0.0368118286132812 -0.00445175170898437 -0.28662109375 -0.0443115234375
0.00626754760742188 0.000334262847900391 -0.142364501953125 -0.445281982421875
-0.0208015441894531 0.020965576171875 0.3408203125 -0.584228515625
-0.0453910827636719 0.0177879333496094 0.80859375 -0.0010986328125
-0.0493927001953125 -0.0673751831054688 0.5499267578125 0.77398681640625
0.0336837768554687 -0.0834197998046875 -0.0573120117187501 0.76702880859375
0.087158203125 -0.071380615234375 -0.00428009033203125 0.114784240722656
0.0423355102539063 -0.0928192138671875 0.14862060546875 -0.65716552734375
-0.0177154541015625 -0.0806045532226563 -0.49456787109375 -0.853759765625
-0.0460624694824219 -0.0149116516113281 -0.853271484375 -0.0234985351562501
-0.0208930969238281 0.0214443206787109 -0.33770751953125 0.57830810546875
0.00821161270141602 0.00354909896850586 0.150848388671875 0.479827880859375
0.0119552612304688 0.00757312774658203 0.370758056640625 0.05963134765625
0.0144920349121094 -0.00758743286132813 0.2796630859375 -0.232711791992188
-0.000213623046875004 -0.0425491333007812 -0.210891723632813 0.25390625
0.0335502624511719 -0.0130290985107422 -0.2918701171875 -0.03009033203125
0.0103120803833008 -0.0154390335083008 -0.161468505859375 -0.428436279296875
-0.00475645065307617 0.00701904296875 0.30718994140625 -0.5960693359375
-0.0252838134765625 0.0183887481689453 0.802490234375 -0.0450439453125
-0.0434989929199219 -0.0459976196289063 0.591552734375 0.73748779296875
0.0193061828613281 -0.0610504150390625 -0.0299072265624999 0.7803955078125
0.0625038146972656 -0.0547828674316406 -0.0156097412109375 0.138404846191406
0.032684326171875 -0.0698699951171875 0.1741943359375 -0.63787841796875
-0.00825119018554687 -0.0659217834472656 -0.44677734375 -0.881103515625
-0.0268459320068359 -0.0158767700195312 -0.85699462890625 -0.0736694335937502
-0.00887870788574219 0.00590896606445312 -0.3724365234375 0.567626953125
0.0145177841186523 -0.0104751586914063 0.12579345703125 0.49249267578125
0.00869226455688477 -0.0024724006652832 0.3662109375 0.07452392578125
0.00839328765869141 -0.00919628143310547 0.28607177734375 -0.2275390625
-0.00711441040039062 -0.0418624877929688 -0.213058471679688 0.255691528320313
0.0281867980957031 -0.0222358703613281 -0.300140380859375 -0.0192871093750001
0.0126476287841797 -0.0308704376220703 -0.177947998046875 -0.416015625
0.0106267929077148 -0.00892353057861328 0.28155517578125 -0.60125732421875
-0.00201034545898437 0.0184497833251953 0.796142578125 -0.07928466796875
-0.0324802398681641 -0.0244541168212891 0.620849609375 0.70941162109375
0.00818252563476562 -0.0320014953613281 -0.00769042968750008 0.78216552734375
0.0343093872070312 -0.0307846069335937 -0.018951416015625 0.150436401367188
0.0189704895019531 -0.0404090881347656 0.1956787109375 -0.62603759765625
0.00341796875 -0.0422515869140625 -0.40576171875 -0.90423583984375
-0.00404167175292969 -0.0137977600097656 -0.8558349609375 -0.1102294921875
0.00711393356323242 -0.00789642333984375 -0.398651123046875 0.556915283203125
0.0228271484375 -0.0244064331054688 0.1058349609375 0.50250244140625
0.00428390502929688 -0.0136957168579102 0.35748291015625 0.08740234375
0.00177764892578125 -0.0100440979003906 0.286529541015625 -0.22442626953125
-0.0134353637695312 -0.042327880859375 -0.220413208007813 0.259002685546875
0.0233345031738281 -0.0303287506103516 -0.309478759765625 -0.0120849609375
0.0123786926269531 -0.0437393188476563 -0.1900634765625 -0.407958984375
0.0252819061279297 -0.0207138061523438 0.2669677734375 -0.60302734375
0.0195198059082031 0.0177936553955078 0.79180908203125 -0.09539794921875
-0.0170192718505859 -0.00216388702392578 0.63641357421875 0.69219970703125
0.000425100326538086 -0.00111937522888184 0.00775146484375004 0.779541015625
0.00569915771484375 -0.00613260269165039 -0.01251220703125 0.150787353515625
0.00433254241943359 -0.009307861328125 0.21441650390625 -0.62579345703125
0.0128707885742188 -0.0181541442871094 -0.37994384765625 -0.91778564453125
0.0185489654541016 -0.00752449035644531 -0.8521728515625 -0.1295166015625
0.022796630859375 -0.0185909271240234 -0.410430908203125 0.55181884765625
0.0292091369628906 -0.0350532531738281 0.0906982421874999 0.50537109375
0.000144958496093751 -0.0241146087646484 0.348724365234375 0.09521484375
-0.00495433807373047 -0.0117158889770508 0.280303955078125 -0.225875854492187
-0.0194282531738281 -0.0427131652832031 -0.231765747070313 0.257156372070312
0.0180549621582031 -0.0362777709960938 -0.318634033203125 -0.0107116699218751
0.0126152038574219 -0.0519676208496094 -0.195343017578125 -0.410064697265625
0.0348491668701172 -0.0295925140380859 0.26617431640625 -0.6016845703125
0.0374221801757813 0.0190658569335938 0.79425048828125 -0.09283447265625
-0.00316905975341797 0.0150680541992187 0.634521484375 0.68841552734375
-0.00426673889160156 0.0262165069580078 0.0133666992187499 0.7657470703125
-0.0182037353515625 0.0188026428222656 0.00160217285156251 0.139007568359375
-0.00703811645507813 0.0177898406982422 0.2249755859375 -0.6370849609375
0.0237350463867188 0.00445938110351563 -0.3765869140625 -0.92034912109375
0.0370674133300781 -0.00147628784179688 -0.85015869140625 -0.12646484375
0.035491943359375 -0.0258827209472656 -0.408050537109375 0.5513916015625
0.032470703125 -0.0432929992675781 0.086151123046875 0.503173828125
-0.00340843200683594 -0.0308589935302734 0.339019775390625 0.09344482421875
-0.00992107391357422 -0.0140180587768555 0.270614624023438 -0.228225708007813
-0.0214195251464844 -0.0446701049804688 -0.244873046875 0.254638671875
0.0136871337890625 -0.0384941101074219 -0.3271484375 -0.01513671875
0.0125350952148438 -0.0551528930664063 -0.191253662109375 -0.4169921875
0.0417633056640625 -0.0317153930664063 0.27984619140625 -0.60089111328125
0.0482940673828125 0.0215415954589844 0.79986572265625 -0.07098388671875
0.00893783569335938 0.0281352996826172 0.62139892578125 0.7003173828125
-0.0056610107421875 0.0474281311035156 0.00854492187499996 0.7467041015625
-0.0351028442382813 0.0373344421386719 0.022735595703125 0.116188049316406
-0.0123138427734375 0.0392227172851562 0.2239990234375 -0.658203125
0.0326118469238281 0.0195560455322266 -0.396484375 -0.914306640625
0.0498275756835938 0.00167083740234375 -0.8455810546875 -0.10321044921875
0.0412712097167969 -0.0285835266113281 -0.392364501953125 0.55828857421875
0.0341453552246094 -0.0461845397949219 0.0924072265625 0.4957275390625
-0.00711441040039062 -0.0348854064941406 0.33282470703125 0.08856201171875
-0.0126018524169922 -0.0149745941162109 0.256973266601563 -0.232864379882813
0.01385498046875 -0.044952392578125 -0.231826782226562 0.238250732421875
0.0372886657714844 0.0084381103515625 -0.282196044921875 -0.07110595703125
-0.00313186645507812 0.0232448577880859 -0.10345458984375 -0.474639892578125
-0.0440216064453125 0.0403213500976562 0.403533935546875 -0.560455322265625
-0.0646858215332031 0.0134048461914063 0.811279296875 0.0931396484375
-0.04278564453125 -0.0899734497070313 0.4676513671875 0.8277587890625
0.0572509765625 -0.0960235595703125 -0.0965576171875 0.71453857421875
0.107131958007813 -0.0771331787109375 0.0385169982910156 0.0528488159179687
0.0488433837890625 -0.105430603027344 0.0958251953125 -0.70245361328125
-0.026885986328125 -0.0877532958984375 -0.587646484375 -0.77911376953125
-0.061920166015625 -0.00313186645507811 -0.83123779296875 0.085693359375
-0.0305824279785156 0.0437507629394531 -0.260498046875 0.59552001953125
0.00178337097167969 0.0232925415039063 0.1962890625 0.439697265625
0.0157070159912109 0.0211563110351563 0.36505126953125 0.027008056640625
0.0197410583496094 -0.0100936889648437 0.254165649414063 -0.244171142578125
0.0100784301757812 -0.04278564453125 -0.21649169921875 0.242996215820313
0.0381507873535156 0.00294876098632813 -0.280731201171875 -0.056610107421875
0.00115013122558594 0.0145025253295898 -0.12164306640625 -0.457733154296875
-0.033935546875 0.0332279205322266 0.36962890625 -0.5718994140625
-0.0587882995605469 0.0155372619628906 0.80718994140625 0.04608154296875
-0.0492019653320313 -0.082977294921875 0.50897216796875 0.8011474609375
0.0463943481445313 -0.0953140258789062 -0.0783691406250001 0.74224853515625
0.10235595703125 -0.0782623291015625 0.0159683227539063 0.0840988159179688
0.0462722778320313 -0.104667663574219 0.11578369140625 -0.67669677734375
-0.0258941650390625 -0.0878753662109375 -0.5462646484375 -0.8111572265625
-0.058563232421875 -0.0104827880859375 -0.8411865234375 0.0350341796875001
-0.0282459259033203 0.0337085723876953 -0.294921875 0.5849609375
0.00368118286132813 0.0157499313354492 0.177490234375 0.455902099609375
0.0152101516723633 0.0154953002929687 0.367431640625 0.04010009765625
0.0175247192382813 -0.00864124298095703 0.26373291015625 -0.23846435546875
0.00497817993164063 -0.0424957275390625 -0.210464477539063 0.248428344726563
0.0368194580078125 -0.00463485717773438 -0.282745361328125 -0.042327880859375
0.00580072402954102 0.00018310546875 -0.143646240234375 -0.440582275390625
-0.0201625823974609 0.0218009948730469 0.33349609375 -0.58282470703125
-0.0446090698242188 0.0168266296386719 0.802734375 -0.00628662109375
-0.0502052307128906 -0.0660476684570313 0.552490234375 0.7650146484375
0.0325546264648438 -0.0827255249023438 -0.0523681640625 0.76019287109375
0.0855941772460937 -0.0709915161132813 -0.00316619873046874 0.114372253417969
0.0416259765625 -0.0924606323242188 0.14239501953125 -0.65234375
-0.0186004638671875 -0.0809249877929687 -0.49664306640625 -0.842041015625
-0.046844482421875 -0.0143966674804687 -0.84796142578125 -0.0192260742187499
-0.0201435089111328 0.0211353302001953 -0.333251953125 0.576171875
0.00811767578125 0.00259923934936523 0.1536865234375 0.4754638671875
0.0123624801635742 0.00736618041992188 0.367401123046875 0.055908203125
0.0131082534790039 -0.00890922546386719 0.275299072265625 -0.233505249023438
-0.00170135498046875 -0.0420875549316406 -0.2061767578125 0.253433227539063
0.0332927703857422 -0.0139007568359375 -0.289642333984375 -0.027252197265625
0.00972747802734375 -0.0148983001708984 -0.163970947265625 -0.424072265625
-0.00504255294799805 0.00646734237670898 0.3009033203125 -0.5947265625
-0.0250816345214844 0.0181102752685547 0.79766845703125 -0.05230712890625
-0.04461669921875 -0.0456657409667969 0.5916748046875 0.73016357421875
0.0194931030273438 -0.0606651306152344 -0.0238037109375001 0.77459716796875
0.0616569519042969 -0.0541763305664063 -0.0147857666015625 0.138015747070313
0.0308189392089844 -0.07012939453125 0.16754150390625 -0.6329345703125
-0.00847625732421874 -0.064208984375 -0.44659423828125 -0.8720703125
-0.0266056060791016 -0.0163383483886719 -0.8516845703125 -0.0675659179687499
-0.00845050811767578 0.0058588981628418 -0.3671875 0.5650634765625
0.0150661468505859 -0.010533332824707 0.12841796875 0.489349365234375
0.00842952728271484 -0.00314807891845703 0.362579345703125 0.0706787109375
0.00778961181640625 -0.00934600830078125 0.28179931640625 -0.228179931640625
-0.00809860229492188 -0.0415420532226562 -0.208465576171875 0.257278442382813
0.0279769897460938 -0.0231094360351562 -0.297210693359375 -0.01739501953125
0.0124168395996094 -0.0301437377929688 -0.180694580078125 -0.41168212890625
0.0104990005493164 -0.00837898254394531 0.27471923828125 -0.59918212890625
-0.00202751159667969 0.0176162719726563 0.7901611328125 -0.08251953125
-0.0322780609130859 -0.0239181518554688 0.62158203125 0.7005615234375
0.00760841369628906 -0.0319042205810547 -0.00238037109374997 0.7774658203125
0.0337543487548828 -0.0311737060546875 -0.0172576904296875 0.149688720703125
0.018341064453125 -0.0415725708007813 0.18988037109375 -0.62298583984375
0.00201416015625 -0.0431900024414063 -0.4088134765625 -0.89544677734375
-0.00452327728271484 -0.0133676528930664 -0.8516845703125 -0.104736328125
0.00721549987792969 -0.00779628753662109 -0.39141845703125 0.556060791015625
0.0223064422607422 -0.0250072479248047 0.107391357421875 0.498504638671875
0.00415802001953125 -0.0141429901123047 0.3541259765625 0.083740234375
0.00178337097167969 -0.0111064910888672 0.282196044921875 -0.225799560546875
-0.0156936645507812 -0.0420455932617188 -0.214614868164063 0.259140014648438
0.0226573944091797 -0.0311374664306641 -0.30615234375 -0.01068115234375
0.0125160217285156 -0.0424232482910156 -0.192535400390625 -0.404144287109375
0.0241165161132813 -0.0211753845214844 0.26068115234375 -0.60205078125
0.0198936462402344 0.0170860290527344 0.7874755859375 -0.099609375
-0.0174045562744141 -0.00332832336425781 0.6370849609375 0.68426513671875
-0.000121831893920898 -0.00215113162994385 0.0135498046875001 0.77215576171875
0.00512409210205078 -0.00565338134765625 -0.011474609375 0.149871826171875
0.00419521331787109 -0.0105113983154297 0.208740234375 -0.62060546875
0.0128097534179687 -0.0180454254150391 -0.3819580078125 -0.9085693359375
0.0183696746826172 -0.00784111022949219 -0.8470458984375 -0.12322998046875
0.0230464935302734 -0.0189723968505859 -0.4031982421875 0.5482177734375
0.0282249450683594 -0.0357513427734375 0.093414306640625 0.500946044921875
0.000993728637695314 -0.0237197875976563 0.34564208984375 0.089599609375
-0.00547695159912109 -0.0117063522338867 0.276382446289063 -0.226913452148438
-0.0207328796386719 -0.0428237915039062 -0.226409912109375 0.2581787109375
0.0171661376953125 -0.0369148254394531 -0.31646728515625 -0.00924682617187504
0.0127143859863281 -0.0514564514160156 -0.19696044921875 -0.404632568359375
0.0335712432861328 -0.0294475555419922 0.25897216796875 -0.5994873046875
0.0368919372558594 0.0174179077148438 0.78814697265625 -0.09576416015625
-0.00281238555908203 0.0138397216796875 0.6346435546875 0.68121337890625
-0.00525093078613281 0.0257778167724609 0.0173950195312501 0.76080322265625
-0.0191154479980469 0.0181522369384766 0.00215911865234374 0.138107299804688
-0.00695228576660156 0.0179729461669922 0.2200927734375 -0.63226318359375
0.0228118896484375 0.00424575805664063 -0.3797607421875 -0.91156005859375
0.0371894836425781 -0.00207138061523438 -0.8436279296875 -0.12274169921875
0.0352592468261719 -0.0255546569824219 -0.400848388671875 0.548248291015625
0.0330047607421875 -0.0446319580078125 0.090362548828125 0.499908447265625
-0.00326728820800781 -0.0313434600830078 0.336944580078125 0.090301513671875
-0.0110950469970703 -0.0143041610717773 0.26629638671875 -0.228622436523438
-0.0227699279785156 -0.0444412231445313 -0.240493774414063 0.255783081054688
0.0136833190917969 -0.0393257141113281 -0.3240966796875 -0.012451171875
0.0119819641113281 -0.0552864074707031 -0.193359375 -0.411529541015625
0.0412483215332031 -0.0320358276367188 0.27325439453125 -0.5982666015625
0.0477867126464844 0.0201606750488281 0.7943115234375 -0.07550048828125
0.00916099548339844 0.0269260406494141 0.6202392578125 0.69287109375
-0.00613784790039063 0.0465240478515625 0.013671875 0.7427978515625
-0.03533935546875 0.0377845764160156 0.0232925415039062 0.115180969238281
-0.0121879577636719 0.0397605895996094 0.218017578125 -0.654541015625
0.0322017669677734 0.0195827484130859 -0.39837646484375 -0.90667724609375
0.0493621826171875 0.0015869140625 -0.84173583984375 -0.0986328124999999
0.0407028198242188 -0.0283317565917969 -0.385406494140625 0.556793212890625
0.0329170227050781 -0.0472373962402344 0.09588623046875 0.491973876953125
-0.007476806640625 -0.0342960357666016 0.32940673828125 0.08502197265625
-0.0129976272583008 -0.0152854919433594 0.2535400390625 -0.233795166015625
0.0132408142089844 -0.0449752807617188 -0.226882934570312 0.237380981445313
0.0371627807617188 0.00718307495117187 -0.279296875 -0.0680389404296876
-0.00368499755859375 0.023193359375 -0.10565185546875 -0.471710205078125
-0.0428199768066406 0.0402297973632813 0.396820068359375 -0.559814453125
-0.0646286010742188 0.013763427734375 0.80615234375 0.08880615234375
-0.0429840087890625 -0.0888671875 0.46917724609375 0.81817626953125
0.055389404296875 -0.095123291015625 -0.09246826171875 0.70977783203125
0.105339050292969 -0.0770797729492188 0.0382499694824219 0.0516281127929687
0.0472259521484375 -0.104911804199219 0.0909423828125001 -0.6976318359375
-0.0274887084960938 -0.08544921875 -0.5882568359375 -0.77032470703125
-0.0613670349121094 -0.00300979614257812 -0.823974609375 0.0896606445312501
-0.0300025939941406 0.0433082580566406 -0.25347900390625 0.59027099609375
0.00126075744628906 0.0221691131591797 0.196929931640625 0.433746337890625
0.0160179138183594 0.0204925537109375 0.36309814453125 0.022491455078125
0.0199661254882813 -0.0110836029052734 0.25006103515625 -0.243255615234375
0.00788497924804688 -0.0420913696289063 -0.212844848632813 0.24273681640625
0.0377044677734375 0.00120925903320313 -0.277801513671875 -0.054290771484375
0.00159263610839844 0.0146102905273438 -0.12359619140625 -0.45281982421875
-0.0342864990234375 0.0327529907226563 0.36407470703125 -0.569091796875
-0.0581321716308594 0.0145530700683594 0.8028564453125 0.04217529296875
-0.0489273071289063 -0.0825729370117188 0.5103759765625 0.79437255859375
0.0449600219726563 -0.094757080078125 -0.074462890625 0.73675537109375
0.101058959960938 -0.0786514282226563 0.0167999267578125 0.0833587646484375
0.0452346801757812 -0.104049682617188 0.113525390625 -0.671875
-0.0256271362304687 -0.0876388549804688 -0.545654296875 -0.80322265625
-0.0582160949707031 -0.00914764404296876 -0.8333740234375 0.03955078125
-0.0273151397705078 0.0342731475830078 -0.2889404296875 0.58282470703125
0.00377655029296875 0.0153694152832031 0.178131103515625 0.450653076171875
0.0153341293334961 0.0146045684814453 0.36578369140625 0.037353515625
0.017125129699707 -0.0091257095336914 0.259963989257813 -0.239364624023438
0.00367355346679688 -0.0419502258300781 -0.206588745117188 0.248458862304688
0.0365638732910156 -0.00571060180664063 -0.280441284179688 -0.0398101806640625
0.00596952438354492 0.000805854797363281 -0.14599609375 -0.43658447265625
-0.0203514099121094 0.0214805603027344 0.3270263671875 -0.58087158203125
-0.043853759765625 0.0168876647949219 0.7958984375 -0.01123046875
-0.0503730773925781 -0.0666847229003906 0.55352783203125 0.75689697265625
0.0306243896484375 -0.08245849609375 -0.0474243164062501 0.754150390625
0.0844192504882813 -0.0704879760742188 -0.0023040771484375 0.113227844238281
0.039459228515625 -0.0915679931640625 0.13946533203125 -0.64739990234375
-0.0192642211914063 -0.0805740356445313 -0.4979248046875 -0.83575439453125
-0.0459175109863281 -0.0144500732421875 -0.84136962890625 -0.0137329101562501
-0.0205001831054688 0.0205116271972656 -0.3267822265625 0.574462890625
0.00784921646118164 0.00298404693603516 0.154937744140625 0.46875
0.0125389099121094 0.00717449188232422 0.36370849609375 0.05157470703125
0.0136117935180664 -0.009521484375 0.271530151367188 -0.233535766601562
-0.003021240234375 -0.0413894653320313 -0.203643798828125 0.253463745117188
0.0321769714355469 -0.0145492553710938 -0.287109375 -0.025665283203125
0.00982952117919922 -0.0150518417358398 -0.164154052734375 -0.420745849609375
-0.00439739227294922 0.00734233856201172 0.29425048828125 -0.59173583984375
-0.0242748260498047 0.0172195434570312 0.7894287109375 -0.05450439453125
-0.0440711975097656 -0.0457763671875 0.591552734375 0.7235107421875
0.0178947448730469 -0.0600128173828125 -0.0217285156249999 0.76727294921875
0.060577392578125 -0.0538177490234375 -0.0137481689453125 0.13531494140625
0.030731201171875 -0.0686988830566406 0.163330078125 -0.62847900390625
-0.00940704345703125 -0.0635414123535156 -0.44879150390625 -0.86480712890625
-0.0268363952636719 -0.0157241821289063 -0.8453369140625 -0.06396484375
-0.00825119018554688 0.00547313690185547 -0.359130859375 0.562042236328125
0.0142354965209961 -0.0112485885620117 0.1297607421875 0.48370361328125
0.0078120231628418 -0.00327730178833008 0.360107421875 0.06756591796875
0.00845718383789063 -0.00909423828125 0.27685546875 -0.228607177734375
-0.00985336303710938 -0.0400123596191406 -0.203628540039063 0.255996704101562
0.0268955230712891 -0.023712158203125 -0.29449462890625 -0.015045166015625
0.0113945007324219 -0.0301437377929688 -0.18206787109375 -0.40777587890625
0.0107526779174805 -0.00860786437988281 0.268798828125 -0.59674072265625
-0.002288818359375 0.0174894332885742 0.78472900390625 -0.08673095703125
-0.0310173034667969 -0.0237159729003906 0.6207275390625 0.69256591796875
0.00678062438964843 -0.0321826934814453 0.00219726562500003 0.7718505859375
0.0325298309326172 -0.0307216644287109 -0.0166473388671875 0.148391723632813
0.0170936584472656 -0.0403251647949219 0.1854248046875 -0.6182861328125
0.00182723999023438 -0.0425796508789063 -0.41217041015625 -0.88525390625
-0.00423240661621094 -0.0135002136230469 -0.845703125 -0.0986328124999998
0.00756692886352539 -0.00875329971313477 -0.386199951171875 0.552703857421875
0.0222377777099609 -0.0246257781982422 0.109893798828125 0.49444580078125
0.00409793853759766 -0.0134458541870117 0.351806640625 0.0791015625
0.00120353698730469 -0.0106897354125977 0.2789306640625 -0.226272583007813
-0.0174636840820313 -0.0412063598632813 -0.212417602539062 0.258071899414063
0.0216197967529297 -0.0321044921875 -0.303131103515625 -0.00765991210937506
0.0117607116699219 -0.0430030822753906 -0.192413330078125 -0.39959716796875
0.0244312286376953 -0.0208091735839844 0.25457763671875 -0.59796142578125
0.0196952819824219 0.0161552429199219 0.7799072265625 -0.10235595703125
-0.0167360305786133 -0.0037679672241211 0.63568115234375 0.67645263671875
-0.000245213508605957 -0.00107753276824951 0.0171508789062501 0.7645263671875
0.00400781631469727 -0.00561428070068359 -0.0103607177734375 0.148468017578125
0.00292301177978516 -0.0105009078979492 0.2041015625 -0.61749267578125
0.0120143890380859 -0.0178508758544922 -0.384033203125 -0.90069580078125
0.0178890228271484 -0.00881576538085938 -0.8409423828125 -0.1197509765625
0.0229225158691406 -0.0193042755126953 -0.398529052734375 0.54705810546875
0.0281333923339844 -0.0365257263183594 0.096405029296875 0.4967041015625
0.000362396240234375 -0.0249576568603516 0.343292236328125 0.08587646484375
-0.00591373443603516 -0.0126523971557617 0.273056030273438 -0.2261962890625
-0.0215835571289063 -0.04266357421875 -0.22247314453125 0.257858276367188
0.0160980224609375 -0.0374832153320313 -0.31396484375 -0.00521850585937493
0.0115928649902344 -0.0518417358398438 -0.196319580078125 -0.400115966796875
0.0343494415283203 -0.0299396514892578 0.252685546875 -0.59698486328125
0.036834716796875 0.0163192749023438 0.7806396484375 -0.0992431640625
-0.00262546539306641 0.013336181640625 0.634033203125 0.67254638671875
-0.005584716796875 0.0251922607421875 0.02130126953125 0.75323486328125
-0.0197124481201172 0.0184612274169922 0.00334167480468751 0.136222839355469
-0.00753021240234375 0.0184383392333984 0.214599609375 -0.62921142578125
0.0226173400878906 0.00381278991699219 -0.38299560546875 -0.9019775390625
0.0366134643554688 -0.00233078002929687 -0.83984375 -0.1182861328125
0.0344524383544922 -0.0263004302978516 -0.395721435546875 0.548675537109375
0.0317916870117188 -0.0443344116210938 0.090728759765625 0.49542236328125
-0.003570556640625 -0.0309581756591797 0.3341064453125 0.086669921875
-0.0108909606933594 -0.0143823623657227 0.26312255859375 -0.229339599609375
-0.02386474609375 -0.0438575744628906 -0.236419677734375 0.255569458007813
0.013397216796875 -0.0398330688476563 -0.321075439453125 -0.010009765625
0.0115203857421875 -0.0546226501464844 -0.19384765625 -0.4075927734375
0.0405158996582031 -0.0315589904785156 0.26873779296875 -0.59716796875
0.047698974609375 0.0193557739257813 0.7882080078125 -0.07830810546875
0.00921249389648438 0.0264034271240234 0.62158203125 0.6845703125
-0.00602340698242187 0.0458221435546875 0.0169677734375 0.736572265625
-0.0350875854492188 0.0380821228027344 0.0242385864257813 0.115097045898438
-0.0129890441894531 0.0391159057617188 0.2149658203125 -0.65081787109375
0.0318984985351563 0.0184078216552734 -0.40142822265625 -0.89837646484375
0.0495376586914063 0.001251220703125 -0.83587646484375 -0.0940551757812499
0.0400924682617188 -0.0292587280273438 -0.380584716796875 0.55401611328125
0.0331153869628906 -0.0474586486816406 0.09832763671875 0.485870361328125
-0.00673484802246094 -0.0336074829101563 0.326690673828125 0.080780029296875
-0.0135307312011719 -0.0151290893554688 0.249374389648438 -0.234115600585938
0.0103607177734375 -0.0443840026855469 -0.224044799804688 0.237335205078125
0.0358238220214844 0.0063629150390625 -0.276824951171875 -0.0664520263671875
-0.00327873229980469 0.0231914520263672 -0.107086181640625 -0.467803955078125
-0.0432167053222656 0.0400886535644531 0.39117431640625 -0.557342529296875
-0.0632553100585938 0.0130195617675781 0.80120849609375 0.0845947265625
-0.0423355102539062 -0.0883941650390625 0.46820068359375 0.81134033203125
0.0544662475585938 -0.094818115234375 -0.0896606445312499 0.70458984375
0.104568481445312 -0.0764999389648437 0.0386428833007813 0.0508995056152344
0.0460662841796875 -0.103858947753906 0.0880126953124999 -0.691162109375
-0.0277633666992188 -0.0858078002929687 -0.58648681640625 -0.762451171875
-0.0603523254394531 -0.00242233276367187 -0.818359375 0.0901489257812501
-0.029388427734375 0.0426673889160156 -0.24957275390625 0.58734130859375
0.00192070007324219 0.0219631195068359 0.19781494140625 0.42987060546875
0.0164432525634766 0.0200977325439453 0.359283447265625 0.01995849609375
0.0186691284179687 -0.0112018585205078 0.246963500976562 -0.243865966796875
0.00690841674804688 -0.04168701171875 -0.208938598632812 0.243072509765625
0.0369606018066406 0.00087738037109375 -0.275741577148438 -0.0530548095703125
0.000845909118652342 0.0149574279785156 -0.125640869140625 -0.44873046875
-0.0333099365234375 0.0333614349365234 0.3577880859375 -0.56695556640625
-0.0573310852050781 0.0139999389648437 0.7958984375 0.03857421875
-0.0487823486328125 -0.082275390625 0.5084228515625 0.78582763671875
0.0444259643554687 -0.0933837890625 -0.06927490234375 0.73004150390625
0.0991363525390625 -0.0779800415039063 0.0167694091796875 0.083038330078125
0.0440750122070312 -0.103363037109375 0.10931396484375 -0.66766357421875
-0.026336669921875 -0.0866546630859375 -0.5452880859375 -0.79693603515625
-0.058013916015625 -0.00875473022460939 -0.8287353515625 0.0408935546874999
-0.027435302734375 0.0335826873779297 -0.28466796875 0.57843017578125
0.00296211242675781 0.0151853561401367 0.1788330078125 0.4468994140625
0.0150346755981445 0.0139179229736328 0.361328125 0.033172607421875
0.0163249969482422 -0.00924205780029297 0.257705688476563 -0.238906860351563
0.00237655639648437 -0.0415916442871094 -0.202926635742188 0.247467041015625
0.0358810424804687 -0.00609207153320312 -0.278244018554688 -0.0380859375
0.00588703155517578 0.000597953796386719 -0.14605712890625 -0.434600830078125
-0.0199642181396484 0.0218696594238281 0.322998046875 -0.579345703125
-0.0433311462402344 0.01617431640625 0.7916259765625 -0.013916015625
-0.04949951171875 -0.0663871765136719 0.55194091796875 0.7508544921875
0.0291671752929687 -0.0809402465820312 -0.04473876953125 0.7490234375
0.083251953125 -0.06915283203125 -0.00177764892578124 0.112342834472656
0.038299560546875 -0.0907821655273438 0.135498046875 -0.6419677734375
-0.018585205078125 -0.0790863037109375 -0.49639892578125 -0.8267822265625
-0.0452423095703125 -0.0143280029296875 -0.8363037109375 -0.0123291015625
-0.0202560424804688 0.0202751159667969 -0.3212890625 0.57037353515625
0.00763082504272461 0.00258541107177734 0.1563720703125 0.46484375
0.0126171112060547 0.00717639923095703 0.36151123046875 0.050079345703125
0.012547492980957 -0.00989055633544922 0.26788330078125 -0.233108520507812
-0.00470352172851562 -0.0411300659179687 -0.199356079101563 0.25244140625
0.0318431854248047 -0.0160732269287109 -0.283294677734375 -0.023956298828125
0.00876808166503906 -0.0146198272705078 -0.165771484375 -0.41656494140625
-0.00512504577636719 0.00671720504760742 0.28924560546875 -0.58953857421875
-0.0240821838378906 0.0167293548583984 0.78485107421875 -0.0562744140625
-0.0432853698730469 -0.0462379455566406 0.5902099609375 0.71856689453125
0.0171623229980469 -0.0589447021484375 -0.0175781249999999 0.76031494140625
0.0594062805175781 -0.052978515625 -0.013031005859375 0.134658813476562
0.0300025939941406 -0.0687980651855469 0.1597900390625 -0.62310791015625
-0.0100517272949219 -0.0639152526855469 -0.44866943359375 -0.85601806640625
-0.02679443359375 -0.0160121917724609 -0.8388671875 -0.0619506835937501
-0.0080723762512207 0.00523042678833008 -0.354400634765625 0.55914306640625
0.0134868621826172 -0.0116043090820313 0.129730224609375 0.478851318359375
0.00842523574829101 -0.00289058685302734 0.357330322265625 0.06390380859375
0.00689506530761719 -0.0103416442871094 0.27294921875 -0.228988647460937
-0.0113296508789062 -0.0404396057128906 -0.200469970703125 0.255752563476563
0.0260028839111328 -0.0250511169433594 -0.291717529296875 -0.0131835937500001
0.0114116668701172 -0.0298347473144531 -0.182159423828125 -0.403106689453125
0.00976276397705078 -0.00796318054199219 0.26470947265625 -0.59429931640625
-0.00184535980224609 0.0164413452148437 0.7779541015625 -0.0888671875
-0.0315265655517578 -0.0240497589111328 0.61883544921875 0.68817138671875
0.00594711303710937 -0.0317058563232422 0.00592041015625008 0.76446533203125
0.0314674377441406 -0.0294666290283203 -0.01568603515625 0.147933959960938
0.0158004760742187 -0.0407295227050781 0.18194580078125 -0.61181640625
0.00161361694335937 -0.0418434143066406 -0.41156005859375 -0.87945556640625
-0.00407028198242188 -0.0134344100952148 -0.83905029296875 -0.0977172851562501
0.00748109817504883 -0.00826120376586914 -0.379730224609375 0.55047607421875
0.0213966369628906 -0.0259761810302734 0.11163330078125 0.488922119140625
0.00365829467773437 -0.0143814086914063 0.349639892578125 0.0758056640625
0.000967979431152343 -0.0112285614013672 0.275177001953125 -0.225921630859375
-0.0188789367675781 -0.04058837890625 -0.207321166992188 0.257720947265625
0.0208358764648438 -0.0320873260498047 -0.3009033203125 -0.00677490234375002
0.0117301940917969 -0.042572021484375 -0.1937255859375 -0.394805908203125
0.0231170654296875 -0.0210132598876953 0.2506103515625 -0.59564208984375
0.0192337036132813 0.0153369903564453 0.773681640625 -0.10284423828125
-0.0163307189941406 -0.00423336029052734 0.6331787109375 0.6712646484375
-0.00207626819610596 -0.00136041641235352 0.0201416015625 0.76025390625
0.00391626358032226 -0.00498628616333008 -0.010223388671875 0.148040771484375
0.00218009948730469 -0.00984668731689453 0.2012939453125 -0.61187744140625
0.01092529296875 -0.0177345275878906 -0.3851318359375 -0.89056396484375
0.0181751251220703 -0.00859832763671875 -0.837158203125 -0.11846923828125
0.0222873687744141 -0.0198421478271484 -0.39239501953125 0.544403076171875
0.0277023315429688 -0.0367012023925781 0.0977783203125 0.4912109375
-0.000226974487304688 -0.0242195129394531 0.340911865234375 0.083404541015625
-0.00575637817382813 -0.0122499465942383 0.269561767578125 -0.227630615234375
-0.0230178833007812 -0.0416259765625 -0.218917846679688 0.257354736328125
0.0157279968261719 -0.03759765625 -0.309295654296875 -0.00463867187500006
0.0108108520507812 -0.0512161254882813 -0.19732666015625 -0.397430419921875
0.0331363677978516 -0.0297966003417969 0.24822998046875 -0.59466552734375
0.0362663269042969 0.0160140991210938 0.77642822265625 -0.101318359375
-0.00177288055419922 0.0121669769287109 0.63226318359375 0.667236328125
-0.00550270080566407 0.0252704620361328 0.024169921875 0.746826171875
-0.0197372436523438 0.0189990997314453 0.00434875488281249 0.135238647460937
-0.00894355773925781 0.0177536010742188 0.20928955078125 -0.62493896484375
0.0218868255615234 0.00315284729003906 -0.381591796875 -0.89483642578125
0.0364952087402344 -0.00312042236328125 -0.83319091796875 -0.1148681640625
0.0348243713378906 -0.0270576477050781 -0.391357421875 0.545074462890625
0.0317001342773438 -0.0447273254394531 0.092529296875 0.49072265625
-0.00391769409179688 -0.0306510925292969 0.33251953125 0.08367919921875
-0.0113658905029297 -0.0144891738891602 0.259384155273438 -0.22833251953125
-0.0258140563964844 -0.0436859130859375 -0.23162841796875 0.25531005859375
0.0127067565917969 -0.0406608581542969 -0.317779541015625 -0.00930786132812505
0.0108718872070313 -0.0540199279785156 -0.193756103515625 -0.403564453125
0.039794921875 -0.0320510864257813 0.26287841796875 -0.5919189453125
0.0483436584472656 0.01824951171875 0.7828369140625 -0.08160400390625
0.0100612640380859 0.0252876281738281 0.61749267578125 0.6788330078125
-0.00644302368164062 0.046417236328125 0.01983642578125 0.73095703125
-0.0357704162597656 0.0372543334960937 0.0247039794921875 0.1136474609375
-0.0133209228515625 0.0389976501464844 0.20965576171875 -0.6456298828125
0.0315017700195313 0.0185909271240234 -0.400390625 -0.8896484375
0.0484199523925781 0.00112152099609375 -0.8302001953125 -0.0910034179687501
0.0403823852539063 -0.0296058654785156 -0.374542236328125 0.551055908203125
0.0316200256347656 -0.0485458374023437 0.098663330078125 0.482086181640625
-0.00711441040039063 -0.0341358184814453 0.324615478515625 0.078582763671875
-0.0142507553100586 -0.0156850814819336 0.246353149414062 -0.233505249023437
0.00847244262695312 -0.0438690185546875 -0.2197265625 0.236557006835938
0.0360641479492188 0.0067138671875 -0.273910522460938 -0.065948486328125
-0.00358963012695313 0.023193359375 -0.107330322265625 -0.46435546875
-0.0429649353027344 0.0405616760253906 0.3868408203125 -0.553985595703125
-0.0628089904785156 0.0121040344238281 0.7965087890625 0.08331298828125
-0.0418167114257813 -0.087982177734375 0.46673583984375 0.80718994140625
0.0534820556640625 -0.0936279296875 -0.08856201171875 0.69842529296875
0.103042602539063 -0.0752716064453125 0.038330078125 0.0506858825683594
0.04473876953125 -0.102859497070313 0.0887451171875001 -0.68359375
-0.0280990600585937 -0.0854644775390625 -0.58245849609375 -0.755615234375
-0.06060791015625 -0.00267410278320314 -0.811767578125 0.09063720703125
-0.0299301147460937 0.0427627563476563 -0.24908447265625 0.583251953125
0.00111770629882813 0.0215282440185547 0.19677734375 0.425384521484375
0.0159797668457031 0.0192699432373047 0.35626220703125 0.018646240234375
0.0179615020751953 -0.0112533569335938 0.244064331054688 -0.242446899414063
0.004486083984375 -0.0403671264648438 -0.20660400390625 0.240814208984375
0.0365562438964844 0.000156402587890625 -0.273483276367188 -0.0522918701171875
0.000802993774414064 0.0148906707763672 -0.124969482421875 -0.446563720703125
-0.0334930419921875 0.0332889556884766 0.35565185546875 -0.56396484375
-0.0571098327636719 0.0138053894042969 0.7911376953125 0.03778076171875
-0.0492019653320312 -0.0820388793945313 0.50653076171875 0.78076171875
0.0439300537109375 -0.0933074951171875 -0.06732177734375 0.7252197265625
0.0981216430664063 -0.0774383544921875 0.0168991088867188 0.0824737548828125
0.0433425903320313 -0.102294921875 0.10760498046875 -0.66192626953125
-0.0264358520507812 -0.0862960815429687 -0.5423583984375 -0.79034423828125
-0.0570182800292969 -0.00917434692382811 -0.82281494140625 0.0421752929687502
-0.0270843505859375 0.0326976776123047 -0.28277587890625 0.5760498046875
0.00324630737304688 0.014129638671875 0.177825927734375 0.44317626953125
0.0152006149291992 0.0148687362670898 0.358978271484375 0.0322265625
0.0153055191040039 -0.0101232528686523 0.253982543945312 -0.23699951171875
0.0015411376953125 -0.0410499572753906 -0.198822021484375 0.246932983398438
0.0349311828613281 -0.00741767883300781 -0.275238037109375 -0.038360595703125
0.00564098358154297 0.00111246109008789 -0.14605712890625 -0.429656982421875
-0.0205268859863281 0.0219478607177734 0.31884765625 -0.5755615234375
-0.0426254272460937 0.01568603515625 0.786865234375 -0.0140380859375
-0.0492820739746094 -0.0666427612304688 0.55035400390625 0.74365234375
0.02899169921875 -0.0807418823242188 -0.0423583984375 0.74383544921875
0.082244873046875 -0.0692825317382813 -0.00121307373046875 0.111412048339844
0.03729248046875 -0.0897750854492188 0.1343994140625 -0.63623046875
-0.0193634033203125 -0.0788345336914063 -0.494140625 -0.82177734375
-0.04473876953125 -0.0139808654785156 -0.83074951171875 -0.0108642578125002
-0.0205726623535156 0.0190296173095703 -0.31951904296875 0.56610107421875
0.00751161575317383 0.00214385986328125 0.15594482421875 0.46185302734375
0.0119638442993164 0.00656318664550781 0.358428955078125 0.047821044921875
0.0123424530029297 -0.00912761688232422 0.265457153320313 -0.2327880859375
-0.00582504272460938 -0.0396156311035156 -0.195892333984375 0.250839233398438
0.031402587890625 -0.0163936614990234 -0.281524658203125 -0.0233154296875
0.00993251800537109 -0.0138473510742188 -0.16571044921875 -0.413421630859375
-0.00553560256958008 0.00783109664916992 0.2850341796875 -0.58563232421875
-0.0237045288085938 0.0164508819580078 0.77978515625 -0.0572509765625
-0.0428886413574219 -0.0465049743652344 0.58856201171875 0.7113037109375
0.0161323547363281 -0.0589141845703125 -0.01605224609375 0.75592041015625
0.0584068298339844 -0.0525054931640625 -0.0126724243164062 0.134010314941406
0.0287132263183594 -0.0676803588867187 0.157958984375 -0.617919921875
-0.00978469848632812 -0.0628700256347656 -0.447021484375 -0.84912109375
-0.0268650054931641 -0.0158824920654297 -0.8348388671875 -0.0594482421874999
-0.00833654403686523 0.00436162948608399 -0.351409912109375 0.555755615234375
0.013249397277832 -0.011805534362793 0.132354736328125 0.475372314453125
0.00825309753417969 -0.0037689208984375 0.354034423828125 0.0609130859375
0.00634670257568359 -0.0102519989013672 0.271331787109375 -0.228195190429688
-0.0119895935058594 -0.0394058227539063 -0.197830200195312 0.25421142578125
0.0261955261230469 -0.0257186889648437 -0.289031982421875 -0.012786865234375
0.0109291076660156 -0.0298843383789063 -0.1810302734375 -0.400482177734375
0.00901699066162109 -0.00806999206542969 0.26165771484375 -0.59063720703125
-0.00150012969970703 0.0158472061157227 0.773681640625 -0.0889892578125
-0.0305919647216797 -0.024566650390625 0.615966796875 0.6829833984375
0.00547218322753906 -0.0305309295654297 0.00537109374999994 0.76007080078125
0.0309886932373047 -0.0303573608398438 -0.0152587890625 0.146163940429688
0.01556396484375 -0.0399932861328125 0.1796875 -0.6075439453125
0.000858306884765627 -0.0413093566894531 -0.408203125 -0.87261962890625
-0.00425910949707031 -0.0133829116821289 -0.8355712890625 -0.0965576171875
0.00750160217285156 -0.00898075103759766 -0.37677001953125 0.546173095703125
0.0207271575927734 -0.0256519317626953 0.110443115234375 0.487548828125
0.00387477874755859 -0.0136013031005859 0.347320556640625 0.0751953125
8.29696655273427E-05 -0.0115385055541992 0.27191162109375 -0.225006103515625
-0.0194435119628906 -0.03948974609375 -0.203933715820312 0.256851196289063
0.0204429626464844 -0.0332107543945313 -0.29791259765625 -0.00503540039062495
0.0112838745117188 -0.0427398681640625 -0.1923828125 -0.391845703125
0.0230236053466797 -0.0206832885742188 0.24835205078125 -0.59356689453125
0.0192375183105469 0.0148563385009766 0.769775390625 -0.10406494140625
-0.0165224075317383 -0.00457572937011718 0.629638671875 0.6673583984375
-0.00243949890136719 -0.000825881958007813 0.0205688476562501 0.755126953125
0.00277233123779297 -0.0051727294921875 -0.00941467285156248 0.145721435546875
0.00133228302001953 -0.00927162170410156 0.19915771484375 -0.6083984375
0.0105247497558594 -0.0179576873779297 -0.3826904296875 -0.8858642578125
0.0180130004882813 -0.0085601806640625 -0.8306884765625 -0.114990234375
0.0221157073974609 -0.0201778411865234 -0.38970947265625 0.54046630859375
0.027313232421875 -0.0377311706542969 0.097625732421875 0.488189697265625
-0.000858306884765627 -0.0240516662597656 0.33746337890625 0.081451416015625
-0.00675201416015625 -0.0128498077392578 0.265426635742188 -0.226181030273438
-0.0239906311035156 -0.0400810241699219 -0.215408325195312 0.25543212890625
0.0160331726074219 -0.038299560546875 -0.306732177734375 -0.00311279296875007
0.0112075805664063 -0.0503387451171875 -0.1962890625 -0.394683837890625
0.0327625274658203 -0.0292835235595703 0.244873046875 -0.59075927734375
0.0368499755859375 0.0151023864746094 0.77069091796875 -0.1016845703125
-0.00205898284912109 0.0116891860961914 0.6280517578125 0.66314697265625
-0.00628852844238281 0.0254993438720703 0.0246582031250001 0.74188232421875
-0.0202217102050781 0.0186882019042969 0.00434875488281249 0.134330749511719
-0.00862693786621094 0.0176124572753906 0.206787109375 -0.61785888671875
0.0210685729980469 0.0034942626953125 -0.3809814453125 -0.88916015625
0.03668212890625 -0.00339508056640625 -0.82867431640625 -0.11309814453125
0.034149169921875 -0.0274505615234375 -0.38616943359375 0.5408935546875
0.0311546325683594 -0.0450210571289063 0.093597412109375 0.4859619140625
-0.00401687622070313 -0.0307254791259766 0.328857421875 0.082000732421875
-0.011357307434082 -0.0138254165649414 0.25689697265625 -0.2291259765625
-0.0267295837402344 -0.0420036315917969 -0.22869873046875 0.254913330078125
0.01220703125 -0.0410423278808594 -0.3155517578125 -0.00723266601562507
0.0114402770996094 -0.0533981323242188 -0.19427490234375 -0.400604248046875
0.0391769409179688 -0.0309295654296875 0.259765625 -0.5887451171875
0.0480422973632812 0.0175857543945312 0.77752685546875 -0.081787109375
0.00958824157714844 0.0247230529785156 0.61669921875 0.6739501953125
-0.00795745849609375 0.0461997985839844 0.0195312500000001 0.7254638671875
-0.0357742309570313 0.0380401611328125 0.0242538452148437 0.112800598144531
-0.0137672424316406 0.0388679504394531 0.20855712890625 -0.6396484375
0.0314674377441406 0.0186901092529297 -0.3992919921875 -0.88348388671875
0.0485458374023438 0.00026702880859375 -0.82379150390625 -0.0902099609375002
0.0390777587890625 -0.0298080444335938 -0.37176513671875 0.547454833984375
0.0308723449707031 -0.0479087829589844 0.09979248046875 0.478668212890625
-0.00711250305175781 -0.033172607421875 0.32171630859375 0.076507568359375
-0.0143442153930664 -0.0155324935913086 0.243881225585938 -0.232955932617188
0.00841903686523437 -0.0428619384765625 -0.218048095703125 0.235763549804688
0.0355186462402344 0.00522232055664062 -0.272109985351563 -0.0649566650390625
-0.00404739379882813 0.0237712860107422 -0.107025146484375 -0.462127685546875
-0.0433464050292969 0.0404548645019531 0.3839111328125 -0.552978515625
-0.061767578125 0.0113029479980469 0.79296875 0.0810546875
-0.0414581298828125 -0.0884017944335938 0.46435546875 0.8035888671875
0.0524826049804688 -0.0923080444335938 -0.0855712890625 0.694580078125
0.1016845703125 -0.0744781494140625 0.0390090942382813 0.0502281188964844
0.0438919067382812 -0.101646423339844 0.0880126953125 -0.680908203125
-0.0275192260742187 -0.0842361450195313 -0.58148193359375 -0.7523193359375
-0.0600929260253906 -0.00244903564453124 -0.80792236328125 0.0908203125
-0.0295143127441406 0.0420646667480469 -0.2459716796875 0.57952880859375
0.00111961364746094 0.0206985473632812 0.196533203125 0.422607421875
0.0159263610839844 0.0188255310058594 0.353271484375 0.017364501953125
0.0172309875488281 -0.0111427307128906 0.242889404296875 -0.242141723632813
0.00330352783203125 -0.0405044555664063 -0.204437255859375 0.240859985351562
0.0357742309570313 -0.000125885009765625 -0.271331787109375 -0.0507965087890625
0.00110816955566406 0.0147905349731445 -0.125946044921875 -0.44512939453125
-0.0334281921386719 0.03411865234375 0.352294921875 -0.56451416015625
-0.0569381713867188 0.0127601623535156 0.78851318359375 0.03460693359375
-0.0481643676757813 -0.08154296875 0.50531005859375 0.77740478515625
0.042449951171875 -0.0918960571289063 -0.0679931640624999 0.7198486328125
0.0966262817382812 -0.0751495361328125 0.0172500610351563 0.0813446044921875
0.0429000854492187 -0.101676940917969 0.10772705078125 -0.65716552734375
-0.0256271362304687 -0.0851211547851563 -0.537841796875 -0.784912109375
-0.0573959350585938 -0.00936508178710937 -0.81866455078125 0.04052734375
-0.0272426605224609 0.0332794189453125 -0.28082275390625 0.5716552734375
0.00268363952636719 0.0133371353149414 0.177581787109375 0.440155029296875
0.0153141021728516 0.0138835906982422 0.3570556640625 0.029571533203125
0.0143041610717773 -0.00955486297607422 0.252243041992188 -0.236785888671875
0.000179290771484379 -0.0399360656738281 -0.197647094726563 0.24591064453125
0.0346546173095703 -0.00804710388183594 -0.274276733398438 -0.036712646484375
0.00530338287353516 0.00119304656982422 -0.145751953125 -0.42779541015625
-0.0207691192626953 0.0226974487304687 0.3157958984375 -0.57421875
-0.0428199768066406 0.0149269104003906 0.78387451171875 -0.01513671875
-0.0482406616210937 -0.0656890869140625 0.54754638671875 0.7420654296875
0.0296096801757812 -0.0793533325195313 -0.041748046875 0.7373046875
0.0811080932617188 -0.0685653686523438 -0.00120544433593749 0.111015319824219
0.0370941162109375 -0.089630126953125 0.13238525390625 -0.63250732421875
-0.0191116333007812 -0.07843017578125 -0.4920654296875 -0.81610107421875
-0.0449752807617188 -0.0138931274414062 -0.82696533203125 -0.0106811523437499
-0.0196037292480469 0.0191841125488281 -0.316650390625 0.56268310546875
0.00626850128173828 0.00201940536499023 0.154541015625 0.45782470703125
0.0125818252563477 0.00707912445068359 0.355865478515625 0.046112060546875
0.0114564895629883 -0.0104894638061523 0.26397705078125 -0.232101440429687
-0.00642776489257812 -0.0384597778320313 -0.193923950195312 0.250228881835938
0.0310630798339844 -0.0169391632080078 -0.2789306640625 -0.02276611328125
0.00911712646484375 -0.0142602920532227 -0.164520263671875 -0.41009521484375
-0.00527572631835937 0.00796031951904297 0.28326416015625 -0.5831298828125
-0.0235652923583984 0.0158443450927734 0.77593994140625 -0.0572509765625
-0.0430870056152344 -0.0459976196289062 0.587158203125 0.709716796875
0.0158462524414062 -0.0580253601074219 -0.01519775390625 0.750244140625
0.0575790405273438 -0.0518608093261719 -0.011932373046875 0.132904052734375
0.0278511047363281 -0.0668792724609375 0.15655517578125 -0.6146240234375
-0.0101776123046875 -0.0629386901855469 -0.4451904296875 -0.8441162109375
-0.0258674621582031 -0.0156955718994141 -0.83038330078125 -0.0609130859374999
-0.00825881958007813 0.00410652160644531 -0.350738525390625 0.55230712890625
0.0130386352539062 -0.0121955871582031 0.132232666015625 0.47332763671875
0.00767421722412109 -0.00362443923950195 0.3524169921875 0.0614013671875
0.005889892578125 -0.0101041793823242 0.269271850585937 -0.227935791015625
-0.0131034851074219 -0.0385818481445313 -0.195785522460938 0.254104614257813
0.0258502960205078 -0.0262298583984375 -0.286712646484375 -0.011871337890625
0.0111198425292969 -0.0291423797607422 -0.18048095703125 -0.399169921875
0.00880050659179688 -0.00712776184082031 0.25982666015625 -0.58831787109375
-0.00171089172363281 0.0143156051635742 0.77105712890625 -0.0899658203125
-0.0304508209228516 -0.0246162414550781 0.61468505859375 0.67864990234375
0.00466537475585937 -0.0302677154541016 0.00817871093749999 0.75537109375
0.0297908782958984 -0.0296688079833984 -0.014984130859375 0.144607543945312
0.0153617858886719 -0.0390777587890625 0.17828369140625 -0.6044921875
0.000850677490234373 -0.0409698486328125 -0.40704345703125 -0.86798095703125
-0.00428867340087891 -0.0134401321411133 -0.82952880859375 -0.0958251953124998
0.00667476654052734 -0.00930023193359375 -0.37371826171875 0.54315185546875
0.0199317932128906 -0.0260658264160156 0.1109619140625 0.482666015625
0.0029001235961914 -0.0148553848266602 0.343414306640625 0.07305908203125
0.00027179718017578 -0.0116252899169922 0.27008056640625 -0.22552490234375
-0.0200614929199219 -0.0387458801269531 -0.202102661132812 0.25555419921875
0.0199069976806641 -0.0339908599853516 -0.29583740234375 -0.00500488281249996
0.0109214782714844 -0.0419883728027344 -0.1922607421875 -0.3896484375
0.0222549438476563 -0.0200176239013672 0.24554443359375 -0.5902099609375
0.0197486877441406 0.0137367248535156 0.765625 -0.10546875
-0.0152006149291992 -0.00563430786132813 0.628662109375 0.6627197265625
-0.00276947021484375 -0.000967979431152344 0.02056884765625 0.74981689453125
0.00169467926025391 -0.00459527969360351 -0.00947570800781251 0.145156860351563
0.00110340118408203 -0.00922489166259766 0.1971435546875 -0.6033935546875
0.0107746124267578 -0.0177383422851563 -0.3822021484375 -0.879638671875
0.0181922912597656 -0.00876235961914063 -0.8267822265625 -0.11578369140625
0.0222797393798828 -0.0197200775146484 -0.38751220703125 0.53839111328125
0.0263099670410156 -0.0375595092773438 0.097747802734375 0.484710693359375
-0.000816345214843751 -0.0241069793701172 0.335357666015625 0.080352783203125
-0.00668144226074219 -0.0124893188476563 0.263992309570313 -0.22607421875
-0.0252799987792969 -0.0402870178222656 -0.213287353515625 0.255203247070312
0.0153388977050781 -0.0391502380371094 -0.30389404296875 -0.00338745117187502
0.0111770629882812 -0.0502815246582031 -0.195648193359375 -0.38970947265625
0.0323963165283203 -0.0288257598876953 0.24456787109375 -0.58831787109375
0.0365943908691406 0.0139808654785156 0.767822265625 -0.10235595703125
-0.00174427032470703 0.0115127563476563 0.62713623046875 0.65850830078125
-0.00742149353027344 0.0259647369384766 0.0259399414062501 0.73846435546875
-0.0211315155029297 0.0188369750976563 0.00498199462890625 0.133491516113281
-0.0100116729736328 0.0180511474609375 0.20611572265625 -0.61407470703125
0.0212345123291016 0.00286674499511719 -0.37908935546875 -0.88323974609375
0.0362091064453125 -0.0037689208984375 -0.82513427734375 -0.11383056640625
0.0341033935546875 -0.026763916015625 -0.3848876953125 0.5369873046875
0.0301589965820313 -0.0457687377929688 0.09246826171875 0.48260498046875
-0.00458335876464844 -0.0307426452636719 0.3270263671875 0.08013916015625
-0.0115909576416016 -0.0135784149169922 0.254348754882812 -0.228347778320313
-0.0275688171386719 -0.0419158935546875 -0.226974487304688 0.253860473632813
0.0115852355957031 -0.0414772033691406 -0.313018798828125 -0.00741577148437499
0.0110740661621094 -0.053314208984375 -0.193817138671875 -0.398162841796875
0.03863525390625 -0.0310478210449219 0.257080078125 -0.58685302734375
0.047393798828125 0.0165519714355469 0.77215576171875 -0.0831298828125
0.00964736938476563 0.0240097045898438 0.61553955078125 0.6708984375
-0.0077667236328125 0.0451126098632813 0.02142333984375 0.720703125
-0.0369186401367188 0.0384063720703125 0.0246963500976563 0.111442565917969
-0.0142402648925781 0.0389328002929688 0.20574951171875 -0.6357421875
0.0303878784179687 0.0176849365234375 -0.3992919921875 -0.87939453125
0.0484848022460938 0.000698089599609375 -0.81988525390625 -0.0899047851562501
0.0400238037109375 -0.0303115844726562 -0.36822509765625 0.544281005859375
0.0306358337402344 -0.0483818054199219 0.099212646484375 0.476470947265625
-0.00715827941894531 -0.0328369140625 0.32012939453125 0.075042724609375
-0.0151185989379883 -0.0162515640258789 0.241607666015625 -0.232467651367188
0.00632476806640625 -0.0420761108398437 -0.216720581054688 0.235260009765625
0.0348033905029297 0.00478553771972656 -0.271072387695313 -0.0644073486328124
-0.00349807739257812 0.0235252380371094 -0.10845947265625 -0.46099853515625
-0.0431976318359375 0.0408744812011719 0.383819580078125 -0.54974365234375
-0.0620193481445312 0.0108375549316406 0.78997802734375 0.08203125
-0.0419387817382813 -0.0889205932617188 0.464111328125 0.802001953125
0.0522079467773437 -0.091766357421875 -0.0855712890625001 0.6915283203125
0.10174560546875 -0.073699951171875 0.0391578674316406 0.0501251220703125
0.0440292358398438 -0.101127624511719 0.0865478515624999 -0.67779541015625
-0.0275650024414063 -0.0838851928710938 -0.5767822265625 -0.75103759765625
-0.0601997375488281 -0.00282287597656249 -0.80780029296875 0.0897216796875
-0.0295143127441406 0.0418128967285156 -0.24530029296875 0.57708740234375
0.000621795654296877 0.0202922821044922 0.1944580078125 0.4208984375
0.0157718658447266 0.0191020965576172 0.352294921875 0.016510009765625
0.0176219940185547 -0.0120277404785156 0.240585327148437 -0.240966796875
0.0027923583984375 -0.0391464233398438 -0.202728271484375 0.240890502929688
0.0351066589355469 -0.00152015686035156 -0.2696533203125 -0.0507659912109375
0.000126838684082031 0.0159120559692383 -0.124908447265625 -0.443145751953125
-0.0333328247070313 0.0340461730957031 0.350311279296875 -0.561553955078125
-0.0565109252929688 0.0124053955078125 0.78558349609375 0.03619384765625
-0.0483474731445312 -0.0815200805664063 0.50360107421875 0.7752685546875
0.0423355102539062 -0.0920562744140625 -0.0673828125000001 0.7174072265625
0.096405029296875 -0.0754623413085938 0.017364501953125 0.0807723999023438
0.041595458984375 -0.100357055664063 0.1082763671875 -0.65362548828125
-0.0264739990234375 -0.0843887329101563 -0.53759765625 -0.7813720703125
-0.0569648742675781 -0.00879669189453126 -0.81610107421875 0.0402832031249999
-0.0272865295410156 0.0325698852539063 -0.2791748046875 0.5692138671875
0.00244903564453125 0.0132589340209961 0.177947998046875 0.436614990234375
0.0151128768920898 0.0135517120361328 0.35430908203125 0.030120849609375
0.0140628814697266 -0.00955390930175781 0.250930786132813 -0.235031127929688
-0.00150680541992187 -0.0392608642578125 -0.195877075195312 0.244400024414063
0.0344257354736328 -0.00808525085449219 -0.271835327148438 -0.03668212890625
0.00606060028076172 0.00212526321411133 -0.145111083984375 -0.426849365234375
-0.0207328796386719 0.0228958129882812 0.3154296875 -0.57159423828125
-0.0428848266601563 0.0139274597167969 0.78125 -0.014404296875
-0.0489273071289063 -0.0664825439453125 0.54534912109375 0.74163818359375
0.0280609130859375 -0.0794830322265625 -0.04315185546875 0.73394775390625
0.0802688598632812 -0.06768798828125 -0.00160980224609375 0.109771728515625
0.0365829467773438 -0.088104248046875 0.132080078125 -0.6290283203125
-0.0195541381835938 -0.0777587890625 -0.48846435546875 -0.81304931640625
-0.0451087951660156 -0.0149421691894531 -0.82403564453125 -0.0120239257812499
-0.0201072692871094 0.0191402435302734 -0.3157958984375 0.5601806640625
0.00660037994384766 0.00196933746337891 0.15411376953125 0.4564208984375
0.0117788314819336 0.00605487823486328 0.354278564453125 0.044921875
0.0114850997924805 -0.00953483581542969 0.26165771484375 -0.230987548828125
-0.0075225830078125 -0.0378494262695313 -0.191940307617188 0.250213623046875
0.0299777984619141 -0.0178546905517578 -0.277542114257813 -0.0235137939453125
0.00898551940917969 -0.0132427215576172 -0.163818359375 -0.40887451171875
-0.00585508346557617 0.0083770751953125 0.28204345703125 -0.58233642578125
-0.0238285064697266 0.0152359008789062 0.77496337890625 -0.05804443359375
-0.0422172546386719 -0.0464210510253906 0.58380126953125 0.70782470703125
0.0160980224609375 -0.0575790405273438 -0.0169677734375 0.74755859375
0.0563812255859375 -0.0509529113769531 -0.0133895874023437 0.132148742675781
0.0266876220703125 -0.0663185119628906 0.156982421875 -0.61065673828125
-0.0103530883789063 -0.0614585876464844 -0.44158935546875 -0.8408203125
-0.02655029296875 -0.0161495208740234 -0.8265380859375 -0.0610961914062498
-0.00780344009399414 0.00418233871459961 -0.34796142578125 0.549560546875
0.0130805969238281 -0.0119142532348633 0.131439208984375 0.46954345703125
0.0081171989440918 -0.00360727310180664 0.35015869140625 0.059722900390625
0.0063018798828125 -0.010223388671875 0.267593383789063 -0.226455688476563
-0.014007568359375 -0.0379791259765625 -0.193405151367187 0.2532958984375
0.0249767303466797 -0.0271816253662109 -0.2845458984375 -0.0120239257812499
0.0109348297119141 -0.0290336608886719 -0.179534912109375 -0.396209716796875
0.00883674621582031 -0.00696945190429688 0.2593994140625 -0.58612060546875
-0.00199508666992188 0.0147361755371094 0.76727294921875 -0.08795166015625
-0.0308322906494141 -0.0259876251220703 0.6112060546875 0.67840576171875
0.00472450256347656 -0.0297718048095703 0.00677490234374997 0.75048828125
0.0293598175048828 -0.029083251953125 -0.016021728515625 0.1444091796875
0.0141334533691406 -0.0387802124023437 0.17816162109375 -0.59991455078125
0.000389099121093752 -0.0410995483398438 -0.405517578125 -0.86431884765625
-0.00415420532226562 -0.0136184692382812 -0.8265380859375 -0.09796142578125
0.00693798065185547 -0.00937271118164063 -0.37371826171875 0.541015625
0.0198478698730469 -0.0267581939697266 0.11102294921875 0.4798583984375
0.00360679626464844 -0.0143022537231445 0.342071533203125 0.0714111328125
-0.000523567199707031 -0.0107603073120117 0.268356323242188 -0.22479248046875
-0.0209388732910156 -0.03851318359375 -0.2003173828125 0.254837036132812
0.0192699432373047 -0.0336723327636719 -0.29376220703125 -0.00448608398437498
0.0111579895019531 -0.0414886474609375 -0.19110107421875 -0.388519287109375
0.0221958160400391 -0.0193367004394531 0.24383544921875 -0.58782958984375
0.0191593170166016 0.0131015777587891 0.76336669921875 -0.1033935546875
-0.0157670974731445 -0.0054779052734375 0.6243896484375 0.66070556640625
-0.00296330451965332 -0.000742197036743164 0.0209960937500001 0.74560546875
0.00219249725341797 -0.00402212142944336 -0.00973510742187499 0.144332885742188
0.000766754150390626 -0.00879287719726563 0.197021484375 -0.6005859375
0.0114889144897461 -0.0172615051269531 -0.3814697265625 -0.87744140625
0.0178451538085938 -0.00982475280761719 -0.8240966796875 -0.11614990234375
0.0221786499023438 -0.0202198028564453 -0.384674072265625 0.53448486328125
0.0263290405273438 -0.0380630493164063 0.09783935546875 0.48223876953125
-0.000682830810546875 -0.0238742828369141 0.332000732421875 0.07904052734375
-0.00763320922851563 -0.0130891799926758 0.262496948242188 -0.224777221679688
-0.0258903503417969 -0.0395584106445312 -0.211380004882812 0.25518798828125
0.0142364501953125 -0.0386962890625 -0.302734375 -0.00329589843749995
0.0107460021972656 -0.0501937866210938 -0.196044921875 -0.3896484375
0.0317726135253906 -0.0282821655273438 0.2431640625 -0.58673095703125
0.0370521545410156 0.013397216796875 0.7650146484375 -0.1009521484375
-0.00218868255615234 0.0105066299438477 0.6248779296875 0.65777587890625
-0.00719642639160156 0.0261039733886719 0.02520751953125 0.73345947265625
-0.0213298797607422 0.0193214416503906 0.00389862060546874 0.132774353027344
-0.0105915069580078 0.0184173583984375 0.20611572265625 -0.6104736328125
0.0214176177978516 0.00378227233886719 -0.37548828125 -0.8807373046875
0.0361785888671875 -0.00355148315429688 -0.8197021484375 -0.11328125
0.0333232879638672 -0.0276679992675781 -0.383453369140625 0.53485107421875
0.0294570922851563 -0.0462379455566406 0.09295654296875 0.48114013671875
-0.00492095947265625 -0.0306892395019531 0.3245849609375 0.079132080078125
-0.0119714736938477 -0.014129638671875 0.253524780273438 -0.228302001953125
-0.0289268493652344 -0.0405616760253906 -0.22412109375 0.252349853515625
0.0111656188964844 -0.0426254272460937 -0.310333251953125 -0.00680541992187497
0.0101280212402344 -0.0531234741210937 -0.19207763671875 -0.396820068359375
0.0382423400878906 -0.0309028625488281 0.2568359375 -0.5853271484375
0.0473899841308594 0.0162506103515625 0.77069091796875 -0.0804443359375
0.0100135803222656 0.0232143402099609 0.6124267578125 0.67095947265625
-0.00847625732421875 0.0455665588378906 0.0209350585937501 0.71630859375
-0.0380439758300781 0.0383491516113281 0.023712158203125 0.111404418945313
-0.0151901245117187 0.0388221740722656 0.20635986328125 -0.63250732421875
0.0299758911132813 0.0178260803222656 -0.39471435546875 -0.87542724609375
0.0482444763183594 -0.00017547607421875 -0.8179931640625 -0.0894165039062502
0.0393180847167969 -0.0301780700683594 -0.36798095703125 0.541961669921875
0.0304145812988281 -0.0484619140625 0.09893798828125 0.473358154296875
-0.00831222534179687 -0.0336341857910156 0.3179931640625 0.074798583984375
-0.0152568817138672 -0.0158138275146484 0.240737915039063 -0.23284912109375
0.00594711303710937 -0.0416412353515625 -0.214218139648437 0.23431396484375
0.0349063873291016 0.00407600402832031 -0.268844604492188 -0.06494140625
-0.00396537780761719 0.0243473052978516 -0.10662841796875 -0.459075927734375
-0.0438575744628906 0.0415534973144531 0.38140869140625 -0.5496826171875
-0.0618438720703125 0.0103988647460938 0.7880859375 0.08221435546875
-0.04119873046875 -0.08807373046875 0.4619140625 0.80120849609375
0.051727294921875 -0.0915069580078125 -0.08734130859375 0.6893310546875
0.100669860839844 -0.072967529296875 0.0385093688964844 0.0494422912597656
0.0426177978515625 -0.100868225097656 0.08734130859375 -0.67510986328125
-0.0273818969726563 -0.0832443237304688 -0.5751953125 -0.748291015625
-0.0599136352539063 -0.00254440307617187 -0.8033447265625 0.0863647460937499
-0.02972412109375 0.0415153503417969 -0.2459716796875 0.5751953125
0.00047492980957031 0.0204868316650391 0.195556640625 0.41912841796875
0.0153465270996094 0.0177230834960938 0.349822998046875 0.0159912109375
0.0164785385131836 -0.0120258331298828 0.240280151367188 -0.240982055664063
0.00139617919921875 -0.0389595031738281 -0.200332641601563 0.239334106445313
0.0357589721679687 -0.00233078002929687 -0.268402099609375 -0.0516815185546875
0.00101470947265625 0.0157012939453125 -0.12493896484375 -0.44085693359375
-0.0342140197753906 0.0336017608642578 0.34918212890625 -0.55914306640625
-0.0564117431640625 0.0117645263671875 0.78485107421875 0.03729248046875
-0.0474166870117187 -0.0814666748046875 0.50286865234375 0.77691650390625
0.0415878295898438 -0.0909881591796875 -0.0682373046874999 0.71612548828125
0.0958023071289063 -0.07440185546875 0.017242431640625 0.0802078247070313
0.0414962768554688 -0.0994644165039063 0.10888671875 -0.65203857421875
-0.0259170532226562 -0.0849075317382813 -0.5340576171875 -0.78143310546875
-0.0568885803222656 -0.00909042358398437 -0.8154296875 0.0365600585937499
-0.0272464752197266 0.032257080078125 -0.2786865234375 0.56756591796875
0.00194931030273438 0.0132236480712891 0.1763916015625 0.435821533203125
0.0144987106323242 0.0136289596557617 0.352569580078125 0.02880859375
0.0139913558959961 -0.00962448120117188 0.250534057617188 -0.236557006835937
-0.00227737426757812 -0.0383262634277344 -0.194229125976563 0.24462890625
0.0336647033691406 -0.00945091247558594 -0.27093505859375 -0.0374450683593751
0.00545454025268555 0.00168514251708984 -0.14599609375 -0.4246826171875
-0.0212421417236328 0.0227756500244141 0.3150634765625 -0.57049560546875
-0.0426139831542969 0.0132942199707031 0.7799072265625 -0.0128173828125
-0.0481224060058594 -0.0670127868652344 0.5435791015625 0.74005126953125
0.0284576416015625 -0.0791397094726563 -0.04376220703125 0.7296142578125
0.0797576904296875 -0.0661468505859375 -0.00160217285156249 0.10894775390625
0.0361862182617188 -0.0878829956054688 0.13427734375 -0.62615966796875
-0.0199356079101562 -0.0772705078125 -0.48651123046875 -0.8126220703125
-0.0443763732910156 -0.0150680541992187 -0.822021484375 -0.0136108398437501
-0.0198650360107422 0.018463134765625 -0.3150634765625 0.557159423828125
0.00600862503051758 0.00136709213256836 0.15423583984375 0.45404052734375
0.0113821029663086 0.00612258911132813 0.3521728515625 0.04437255859375
0.00990200042724609 -0.0108785629272461 0.26123046875 -0.23101806640625
-0.00886154174804687 -0.0373115539550781 -0.190780639648438 0.248977661132812
0.0296611785888672 -0.0187473297119141 -0.276138305664063 -0.022735595703125
0.00940895080566406 -0.0134820938110352 -0.1641845703125 -0.408721923828125
-0.00555419921875 0.00892925262451172 0.2813720703125 -0.58087158203125
-0.0233230590820313 0.0140151977539063 0.772705078125 -0.05633544921875
-0.0422592163085938 -0.0470123291015625 0.58184814453125 0.7066650390625
0.01544189453125 -0.0569648742675781 -0.014892578125 0.7451171875
0.0563735961914062 -0.0501327514648437 -0.0132522583007812 0.131256103515625
0.0267181396484375 -0.0659675598144531 0.15673828125 -0.60797119140625
-0.0107803344726562 -0.0622329711914063 -0.4417724609375 -0.84033203125
-0.0260028839111328 -0.0163078308105469 -0.82647705078125 -0.0631103515625001
-0.00782012939453125 0.00395345687866211 -0.347442626953125 0.5462646484375
0.012359619140625 -0.0127601623535156 0.13128662109375 0.46832275390625
0.00786018371582031 -0.00422477722167969 0.34716796875 0.059722900390625
0.00454902648925781 -0.0109939575195313 0.26611328125 -0.226760864257812
-0.0156784057617188 -0.0370368957519531 -0.192550659179688 0.252197265625
0.024169921875 -0.027313232421875 -0.283538818359375 -0.0123291015625001
0.0108890533447266 -0.0289688110351562 -0.179901123046875 -0.39483642578125
0.00814294815063477 -0.00628566741943359 0.258544921875 -0.58380126953125
-0.00214958190917969 0.012974739074707 0.76727294921875 -0.08843994140625
-0.0300045013427734 -0.0261993408203125 0.61077880859375 0.677490234375
0.00414466857910156 -0.0292758941650391 0.00402832031249993 0.74786376953125
0.0287151336669922 -0.0279655456542969 -0.016754150390625 0.143447875976563
0.0134811401367188 -0.0388526916503906 0.17742919921875 -0.59735107421875
0.000682830810546874 -0.0409355163574219 -0.40313720703125 -0.86199951171875
-0.00369548797607422 -0.0138206481933594 -0.82611083984375 -0.0986328125000001
0.00668811798095703 -0.0102758407592773 -0.373779296875 0.538970947265625
0.0192832946777344 -0.0266017913818359 0.110107421875 0.479705810546875
0.00290966033935547 -0.0143232345581055 0.340362548828125 0.07183837890625
-0.00148391723632813 -0.0116605758666992 0.267547607421875 -0.224655151367188
-0.0226364135742187 -0.0372695922851563 -0.198440551757812 0.254318237304688
0.0182819366455078 -0.0344734191894531 -0.29205322265625 -0.00524902343749995
0.0111541748046875 -0.04107666015625 -0.19110107421875 -0.387603759765625
0.0216217041015625 -0.0192184448242188 0.24267578125 -0.58709716796875
0.0195484161376953 0.0119380950927734 0.7642822265625 -0.10235595703125
-0.0158910751342773 -0.00599384307861328 0.625 0.66094970703125
-0.00343084335327148 0.00051712989807129 0.01904296875 0.7435302734375
0.000512361526489258 -0.00300264358520508 -0.00978088378906249 0.143020629882812
-4.24385070800786E-05 -0.00839614868164063 0.19610595703125 -0.5982666015625
0.0105152130126953 -0.0175409317016602 -0.3785400390625 -0.8760986328125
0.0174179077148438 -0.00927543640136719 -0.82196044921875 -0.1175537109375
0.0216560363769531 -0.0209007263183594 -0.384246826171875 0.532623291015625
0.0254669189453125 -0.0377426147460938 0.096343994140625 0.481719970703125
-0.000642776489257811 -0.0234394073486328 0.3304443359375 0.078094482421875
-0.00740718841552734 -0.0115852355957031 0.260589599609375 -0.225311279296875
-0.0271568298339844 -0.0385093688964844 -0.209808349609375 0.254791259765625
0.0139999389648437 -0.0401878356933594 -0.30108642578125 -0.00265502929687497
0.0109825134277344 -0.0504798889160156 -0.195220947265625 -0.388397216796875
0.031402587890625 -0.0272865295410156 0.24298095703125 -0.5845947265625
0.0366477966308594 0.0122146606445313 0.7635498046875 -0.09912109375
-0.00128555297851563 0.0102729797363281 0.6214599609375 0.6580810546875
-0.00802803039550781 0.0253791809082031 0.0240478515625 0.732421875
-0.0222053527832031 0.0200710296630859 0.00372314453124999 0.132698059082031
-0.0107479095458984 0.0189361572265625 0.20709228515625 -0.60882568359375
0.0206127166748047 0.00309371948242188 -0.37567138671875 -0.88018798828125
0.0362434387207031 -0.0041961669921875 -0.8201904296875 -0.11614990234375
0.0330715179443359 -0.0279388427734375 -0.38232421875 0.531829833984375
0.0289726257324219 -0.0459136962890625 0.0928344726562501 0.479339599609375
-0.00489044189453125 -0.030487060546875 0.322784423828125 0.0777587890625
-0.0125055313110352 -0.014643669128418 0.251708984375 -0.227142333984375
-0.02923583984375 -0.0405464172363281 -0.222579956054687 0.252593994140625
0.0106430053710937 -0.0431289672851563 -0.30950927734375 -0.00653076171874994
0.0106658935546875 -0.0531044006347656 -0.191070556640625 -0.395416259765625
0.0376853942871094 -0.0302810668945312 0.2567138671875 -0.583740234375
0.0477447509765625 0.0152587890625 0.7689208984375 -0.079833984375
0.0104656219482422 0.0225028991699219 0.61016845703125 0.67041015625
-0.00964736938476562 0.0459403991699219 0.0194091796875 0.7144775390625
-0.0386543273925781 0.03814697265625 0.0239944458007812 0.110443115234375
-0.0159873962402344 0.0388336181640625 0.20635986328125 -0.6298828125
0.0302066802978516 0.0172920227050781 -0.39459228515625 -0.87420654296875
0.0477142333984375 0 -0.81591796875 -0.0924682617187501
0.0384521484375 -0.0308647155761719 -0.367523193359375 0.539947509765625
0.029632568359375 -0.0489120483398438 0.098236083984375 0.47161865234375
-0.00849151611328125 -0.0336952209472656 0.316192626953125 0.0738525390625
-0.0156736373901367 -0.0156402587890625 0.239593505859375 -0.2315673828125
0.00543594360351563 -0.0407829284667969 -0.21380615234375 0.235244750976563
0.03375244140625 0.00400161743164063 -0.268142700195313 -0.06561279296875
-0.00416374206542969 0.0235462188720703 -0.1063232421875 -0.4595947265625
-0.0446281433105469 0.0414314270019531 0.381988525390625 -0.548675537109375
-0.06170654296875 0.00993728637695312 0.7886962890625 0.0830078125
-0.0406494140625 -0.0887908935546875 0.460693359375 0.802734375
0.0519561767578125 -0.0909194946289063 -0.0880737304687501 0.68634033203125
0.100776672363281 -0.071044921875 0.0386848449707031 0.0491828918457031
0.0427703857421875 -0.0999069213867188 0.09002685546875 -0.67327880859375
-0.0273895263671875 -0.0842437744140625 -0.57421875 -0.75048828125
-0.0596847534179688 -0.00342941284179688 -0.8043212890625 0.0852050781249999
-0.0299339294433594 0.0410041809082031 -0.244873046875 0.57342529296875
-0.00069427490234375 0.0198535919189453 0.1944580078125 0.41839599609375
0.0152378082275391 0.0185813903808594 0.35009765625 0.015106201171875
0.0165834426879883 -0.0120429992675781 0.240310668945313 -0.240142822265625
0.000518798828124998 -0.0380630493164063 -0.200698852539063 0.239151000976562
0.0347518920898438 -0.0027313232421875 -0.267959594726563 -0.0517120361328125
0.000482559204101562 0.0158920288085938 -0.123565673828125 -0.44195556640625
-0.0344772338867188 0.034423828125 0.350067138671875 -0.55816650390625
-0.0557289123535156 0.0110359191894531 0.783935546875 0.0377197265625
-0.0473403930664062 -0.0823593139648438 0.50079345703125 0.7764892578125
0.0421295166015625 -0.089691162109375 -0.07000732421875 0.71490478515625
0.0951309204101563 -0.073150634765625 0.0162887573242188 0.0799179077148438
0.0418624877929687 -0.0991592407226562 0.11083984375 -0.64971923828125
-0.0262069702148438 -0.0841903686523437 -0.531982421875 -0.78082275390625
-0.0569229125976563 -0.00937271118164063 -0.81561279296875 0.0364990234375
-0.0268001556396484 0.0316314697265625 -0.2799072265625 0.5665283203125
0.00120735168457031 0.0126991271972656 0.175994873046875 0.435333251953125
0.0141324996948242 0.0128383636474609 0.350860595703125 0.02838134765625
0.0127334594726562 -0.0102825164794922 0.249603271484375 -0.234848022460938
-0.00316619873046875 -0.0375404357910156 -0.193084716796875 0.244827270507813
0.0331478118896484 -0.0101699829101563 -0.269866943359375 -0.0376129150390625
0.00522756576538086 0.0024113655090332 -0.14508056640625 -0.425140380859375
-0.0209770202636719 0.0234889984130859 0.3145751953125 -0.570068359375
-0.0424232482910156 0.0132560729980469 0.7794189453125 -0.0123291015625
-0.0478591918945313 -0.067169189453125 0.5423583984375 0.74163818359375
0.028076171875 -0.07763671875 -0.0458984375000001 0.73004150390625
0.0792388916015625 -0.06536865234375 -0.00264739990234375 0.108963012695313
0.0362014770507812 -0.0867691040039063 0.1336669921875 -0.625244140625
-0.0198745727539062 -0.077239990234375 -0.48358154296875 -0.8140869140625
-0.0441322326660156 -0.0147438049316406 -0.82196044921875 -0.0164184570312499
-0.020111083984375 0.0183620452880859 -0.316375732421875 0.55743408203125
0.00664854049682617 0.000843048095703125 0.152587890625 0.4539794921875
0.01171875 0.00591754913330078 0.3521728515625 0.044464111328125
0.0101985931396484 -0.00946998596191406 0.2607421875 -0.23052978515625
-0.00941848754882813 -0.03704833984375 -0.19036865234375 0.249374389648438
0.0289115905761719 -0.0180072784423828 -0.274749755859375 -0.02386474609375
0.00819492340087891 -0.0135622024536133 -0.16351318359375 -0.408355712890625
-0.00575447082519531 0.00894641876220703 0.28228759765625 -0.5806884765625
-0.0227203369140625 0.0135860443115234 0.77227783203125 -0.054931640625
-0.0427589416503906 -0.0480461120605469 0.58111572265625 0.70892333984375
0.0156135559082031 -0.0567245483398438 -0.01812744140625 0.74359130859375
0.0561599731445313 -0.04931640625 -0.0132522583007813 0.130973815917969
0.0266075134277344 -0.0653152465820313 0.15850830078125 -0.60650634765625
-0.0101737976074219 -0.0625877380371094 -0.43768310546875 -0.8408203125
-0.0261135101318359 -0.0169677734375 -0.82513427734375 -0.06439208984375
-0.00812864303588867 0.00396728515625 -0.34881591796875 0.54498291015625
0.0122528076171875 -0.0127782821655273 0.129150390625 0.468048095703125
0.00754785537719727 -0.00396394729614258 0.346893310546875 0.060211181640625
0.0048370361328125 -0.0104427337646484 0.266159057617188 -0.2266845703125
-0.0157051086425781 -0.03656005859375 -0.191696166992188 0.251235961914063
0.0236949920654297 -0.0271091461181641 -0.283050537109375 -0.0119018554687499
0.0103931427001953 -0.0293064117431641 -0.1793212890625 -0.396820068359375
0.00862312316894531 -0.00612735748291016 0.25872802734375 -0.58526611328125
-0.00154590606689453 0.0126686096191406 0.76788330078125 -0.087158203125
-0.0305652618408203 -0.0264987945556641 0.60797119140625 0.67877197265625
0.00360488891601562 -0.0291271209716797 0.00341796874999992 0.74664306640625
0.0291576385498047 -0.0271511077880859 -0.0160369873046875 0.143508911132813
0.0128822326660156 -0.0385475158691406 0.180419921875 -0.59625244140625
0.000247955322265629 -0.0408973693847656 -0.40362548828125 -0.8629150390625
-0.00383281707763672 -0.0134716033935547 -0.82550048828125 -0.1015625
0.00686836242675781 -0.00962924957275391 -0.373016357421875 0.53790283203125
0.0193367004394531 -0.0263900756835938 0.1090087890625 0.47882080078125
0.00311470031738281 -0.0147857666015625 0.338623046875 0.0709228515625
-0.00208187103271484 -0.0110301971435547 0.26605224609375 -0.223175048828125
-0.0230026245117187 -0.0363616943359375 -0.197998046875 0.25433349609375
0.0186004638671875 -0.0353317260742188 -0.291717529296875 -0.00540161132812495
0.0117149353027344 -0.0411338806152344 -0.1900634765625 -0.386444091796875
0.0216236114501953 -0.0191631317138672 0.24346923828125 -0.58642578125
0.0182914733886719 0.0111904144287109 0.76202392578125 -0.1014404296875
-0.015599250793457 -0.00713348388671875 0.6239013671875 0.662353515625
-0.00422048568725586 0.00100040435791016 0.0170898437499999 0.742919921875
0.000676155090332031 -0.00247979164123535 -0.0112762451171875 0.14349365234375
-0.000496387481689453 -0.00865697860717773 0.1978759765625 -0.595703125
0.0105266571044922 -0.0177345275878906 -0.37548828125 -0.87518310546875
0.0179367065429688 -0.0103206634521484 -0.8211669921875 -0.1187744140625
0.0216464996337891 -0.0210094451904297 -0.385162353515625 0.5308837890625
0.024932861328125 -0.0375709533691406 0.09674072265625 0.4815673828125
-0.00137710571289063 -0.0238780975341797 0.3304443359375 0.0780029296875
-0.00884342193603515 -0.0120363235473633 0.260848999023438 -0.224685668945313
-0.0279388427734375 -0.0376243591308594 -0.2088623046875 0.253662109375
0.0136184692382812 -0.0407638549804688 -0.3006591796875 -0.00317382812500007
0.0111770629882813 -0.0487747192382813 -0.194793701171875 -0.388275146484375
0.0305442810058594 -0.0279731750488281 0.24322509765625 -0.58502197265625
0.0357933044433594 0.0121040344238281 0.7645263671875 -0.09930419921875
-0.00105667114257813 0.0100078582763672 0.62255859375 0.65960693359375
-0.00814628601074219 0.0260696411132813 0.0225830078125 0.7303466796875
-0.0221004486083984 0.0202617645263672 0.00337982177734375 0.131805419921875
-0.0113849639892578 0.0181198120117188 0.208740234375 -0.60626220703125
0.0204277038574219 0.00303840637207031 -0.37274169921875 -0.8795166015625
0.0355606079101563 -0.00432968139648438 -0.81890869140625 -0.11651611328125
0.0339527130126953 -0.0280170440673828 -0.382476806640625 0.531463623046875
0.0285758972167969 -0.0457687377929688 0.0919189453125 0.478546142578125
-0.00486946105957031 -0.0304718017578125 0.322357177734375 0.07830810546875
-0.0128374099731445 -0.0139551162719727 0.252197265625 -0.2266845703125
-0.030975341796875 -0.0398902893066406 -0.22210693359375 0.252731323242187
0.00978851318359375 -0.0440177917480469 -0.308746337890625 -0.00750732421875001
0.01068115234375 -0.0523948669433594 -0.191558837890625 -0.395721435546875
0.0368232727050781 -0.0301246643066406 0.255126953125 -0.58404541015625
0.0476531982421875 0.0144844055175781 0.7708740234375 -0.07867431640625
0.0105209350585938 0.0221347808837891 0.60882568359375 0.670654296875
-0.00901412963867187 0.0455703735351563 0.0180664062500001 0.71514892578125
-0.0393333435058594 0.0384330749511719 0.023040771484375 0.110206604003906
-0.0165901184082031 0.0385322570800781 0.2083740234375 -0.6282958984375
0.0296554565429688 0.0178413391113281 -0.39208984375 -0.87451171875
0.0479011535644531 -0.00055694580078125 -0.81475830078125 -0.0941162109374998
0.038665771484375 -0.03125 -0.367431640625 0.5384521484375
0.0291519165039062 -0.0494956970214844 0.097625732421875 0.4716796875
-0.00881004333496094 -0.0330734252929688 0.3157958984375 0.073089599609375
-0.0167026519775391 -0.0154447555541992 0.237930297851563 -0.231460571289063
0.0035400390625 -0.0400733947753906 -0.213668823242187 0.235519409179688
0.0337944030761719 0.00263214111328125 -0.26837158203125 -0.06640625
-0.00400543212890625 0.0239601135253906 -0.1082763671875 -0.45928955078125
-0.0433692932128906 0.042144775390625 0.3826904296875 -0.548583984375
-0.0614547729492188 0.00890350341796874 0.79095458984375 0.083251953125
-0.0405807495117187 -0.0887451171875 0.45941162109375 0.80584716796875
0.05218505859375 -0.0902023315429688 -0.09124755859375 0.68756103515625
0.0995635986328125 -0.0715484619140625 0.0387458801269531 0.0493507385253906
0.0430068969726562 -0.099822998046875 0.09197998046875 -0.67449951171875
-0.0275421142578125 -0.0835647583007813 -0.57275390625 -0.7496337890625
-0.0602378845214844 -0.00356292724609376 -0.8050537109375 0.0838012695312501
-0.0300636291503906 0.0412063598632812 -0.247802734375 0.57342529296875
-0.000684738159179685 0.0199947357177734 0.194183349609375 0.420196533203125
0.01556396484375 0.01776123046875 0.347808837890625 0.01483154296875
0.0156040191650391 -0.0119295120239258 0.240020751953125 -0.23974609375
-0.000671386718749999 -0.0376701354980469 -0.2001953125 0.239013671875
0.0335311889648438 -0.00290870666503906 -0.266693115234375 -0.0529937744140625
0.000542640686035158 0.0152063369750977 -0.12530517578125 -0.441253662109375
-0.0349655151367187 0.035614013671875 0.350860595703125 -0.55975341796875
-0.0560226440429688 0.00981521606445314 0.78515625 0.03839111328125
-0.0463485717773438 -0.0827407836914063 0.50042724609375 0.779296875
0.0418014526367187 -0.089752197265625 -0.0712280273437499 0.71392822265625
0.0948867797851563 -0.072296142578125 0.0162353515625 0.0793914794921875
0.041015625 -0.0985488891601563 0.113037109375 -0.6490478515625
-0.0262832641601563 -0.0839767456054688 -0.53155517578125 -0.781982421875
-0.0560646057128906 -0.00977325439453125 -0.81561279296875 0.0343017578124999
-0.0278034210205078 0.0323715209960937 -0.2808837890625 0.5654296875
0.00163650512695312 0.0125560760498047 0.17498779296875 0.434783935546875
0.014430046081543 0.0128574371337891 0.351318359375 0.029327392578125
0.012690544128418 -0.00945472717285156 0.25067138671875 -0.236312866210937
-0.00432968139648437 -0.0370864868164063 -0.1932373046875 0.24395751953125
0.0327987670898438 -0.0107383728027344 -0.269012451171875 -0.0388946533203125
0.00578498840332031 0.00141429901123047 -0.14434814453125 -0.424713134765625
-0.0218276977539063 0.0242652893066406 0.31591796875 -0.5704345703125
-0.0423698425292969 0.0119094848632813 0.78277587890625 -0.0118408203125
-0.0478973388671875 -0.0679550170898438 0.5423583984375 0.744384765625
0.02783203125 -0.0778732299804688 -0.04742431640625 0.7303466796875
0.0790786743164062 -0.0648422241210937 -0.00225830078124999 0.108634948730469
0.0355148315429687 -0.0866470336914063 0.13671875 -0.62530517578125
-0.0194473266601562 -0.0772018432617187 -0.48419189453125 -0.8131103515625
-0.0454368591308594 -0.0149688720703125 -0.82220458984375 -0.019287109375
-0.0206871032714844 0.0178394317626953 -0.31829833984375 0.556427001953125
0.00592565536499024 0.00121021270751953 0.151885986328125 0.4547119140625
0.0109434127807617 0.00571441650390625 0.35040283203125 0.04400634765625
0.00933170318603516 -0.0102071762084961 0.261642456054688 -0.231521606445312
-0.0102386474609375 -0.0356941223144531 -0.189529418945313 0.248046875
0.0295352935791016 -0.0191802978515625 -0.275375366210938 -0.0239105224609375
0.00926017761230469 -0.0134153366088867 -0.163970947265625 -0.408447265625
-0.0064229965209961 0.0102319717407227 0.28338623046875 -0.58056640625
-0.0236759185791016 0.013336181640625 0.774169921875 -0.05377197265625
-0.0412101745605469 -0.0479316711425781 0.58099365234375 0.71142578125
0.0149421691894531 -0.0560340881347656 -0.0206909179687501 0.74371337890625
0.055877685546875 -0.0481986999511719 -0.0138015747070312 0.131278991699219
0.0257034301757813 -0.0653724670410156 0.16143798828125 -0.60516357421875
-0.0095977783203125 -0.0620689392089844 -0.43719482421875 -0.840576171875
-0.026458740234375 -0.0165195465087891 -0.8280029296875 -0.06610107421875
-0.00842952728271484 0.00323247909545898 -0.350830078125 0.54608154296875
0.0119132995605469 -0.0124359130859375 0.128631591796875 0.468505859375
0.00747108459472656 -0.00434017181396484 0.34539794921875 0.05853271484375
0.00461483001708985 -0.00959587097167969 0.266525268554688 -0.226577758789063
-0.0168228149414063 -0.0356025695800781 -0.192001342773438 0.252090454101563
0.0236015319824219 -0.0282554626464844 -0.28228759765625 -0.012420654296875
0.0111598968505859 -0.0286235809326172 -0.1787109375 -0.39520263671875
0.0079808235168457 -0.00581932067871094 0.259765625 -0.5858154296875
-0.00238132476806641 0.0129337310791016 0.76947021484375 -0.08599853515625
-0.0297145843505859 -0.0270347595214844 0.6092529296875 0.68109130859375
0.00394058227539062 -0.0284461975097656 0.00256347656249998 0.74786376953125
0.0276012420654297 -0.0259017944335937 -0.0167694091796875 0.1424560546875
0.012847900390625 -0.0374526977539063 0.18170166015625 -0.594482421875
0.000175476074218747 -0.041412353515625 -0.40142822265625 -0.864013671875
-0.00387096405029297 -0.0140695571899414 -0.82611083984375 -0.10223388671875
0.00726222991943359 -0.0108423233032227 -0.374481201171875 0.5369873046875
0.0179061889648438 -0.0273857116699219 0.10797119140625 0.479705810546875
0.00227451324462891 -0.0145072937011719 0.337921142578125 0.071868896484375
-0.00208950042724609 -0.0112791061401367 0.267471313476563 -0.224334716796875
-0.0237617492675781 -0.0356216430664063 -0.197219848632813 0.25518798828125
0.0191535949707031 -0.0356178283691406 -0.2906494140625 -0.00582885742187498
0.0106849670410156 -0.0411338806152344 -0.18939208984375 -0.38818359375
0.0206623077392578 -0.0190944671630859 0.24359130859375 -0.5880126953125
0.0190200805664062 0.0108604431152344 0.765380859375 -0.10125732421875
-0.0146627426147461 -0.00709342956542969 0.62353515625 0.664794921875
-0.00269293785095215 0.00134801864624023 0.015625 0.7427978515625
-0.000107049942016601 -0.00163137912750244 -0.0114898681640625 0.142745971679688
-0.00132656097412109 -0.00790071487426758 0.20068359375 -0.59503173828125
0.0106000900268555 -0.0166292190551758 -0.3748779296875 -0.876220703125
0.0183238983154297 -0.00938796997070313 -0.82275390625 -0.1224365234375
0.0220432281494141 -0.0211429595947266 -0.386627197265625 0.530029296875
0.0243377685546875 -0.0383148193359375 0.0950927734375 0.480987548828125
-0.00165557861328125 -0.0241737365722656 0.32965087890625 0.078094482421875
-0.00891876220703125 -0.0121326446533203 0.260818481445313 -0.225616455078125
-0.0292129516601562 -0.0367012023925781 -0.20843505859375 0.254196166992188
0.0132179260253906 -0.0408287048339844 -0.300689697265625 -0.00381469726562501
0.0109329223632813 -0.0497550964355469 -0.19451904296875 -0.388458251953125
0.0306949615478516 -0.026580810546875 0.24273681640625 -0.5853271484375
0.0357513427734375 0.0113372802734375 0.7650146484375 -0.09796142578125
-0.000646591186523438 0.00902843475341797 0.6239013671875 0.66436767578125
-0.008636474609375 0.0260810852050781 0.0225830078125 0.73016357421875
-0.0240974426269531 0.0204219818115234 0.0032501220703125 0.130683898925781
-0.0121040344238281 0.0182571411132813 0.20892333984375 -0.606201171875
0.0203094482421875 0.00377464294433594 -0.3712158203125 -0.88043212890625
0.0353317260742188 -0.0044403076171875 -0.819580078125 -0.119873046875
0.0338916778564453 -0.0280818939208984 -0.3846435546875 0.52996826171875
0.0292472839355469 -0.046783447265625 0.0902099609375 0.479827880859375
-0.00508308410644532 -0.0300884246826172 0.320770263671875 0.07794189453125
-0.0141582489013672 -0.0153026580810547 0.251632690429688 -0.227554321289062
-0.0316886901855469 -0.0393905639648437 -0.2216796875 0.252639770507813
0.01025390625 -0.043731689453125 -0.307373046875 -0.00698852539062499
0.0108680725097656 -0.0525436401367187 -0.191192626953125 -0.396331787109375
0.03741455078125 -0.0291862487792969 0.257080078125 -0.583984375
0.04718017578125 0.0140876770019531 0.7725830078125 -0.078125
0.0106639862060547 0.0214881896972656 0.6087646484375 0.67254638671875
-0.01019287109375 0.0462226867675781 0.0166015625000001 0.714111328125
-0.0399513244628906 0.0393829345703125 0.0231170654296875 0.109458923339844
-0.0172271728515625 0.0383415222167969 0.21044921875 -0.6279296875
0.0300197601318359 0.0176677703857422 -0.39044189453125 -0.8765869140625
0.0479545593261719 -0.000476837158203125 -0.8165283203125 -0.0977172851562502
0.039337158203125 -0.0306625366210938 -0.369903564453125 0.5374755859375
0.0290374755859375 -0.0490226745605469 0.096435546875 0.47186279296875
-0.00881195068359374 -0.0337848663330078 0.31622314453125 0.072601318359375
-0.0167598724365234 -0.0154991149902344 0.238540649414063 -0.2314453125
0.00304031372070312 -0.0393142700195312 -0.213363647460938 0.234710693359375
0.0333824157714844 0.00292778015136719 -0.268783569335938 -0.066314697265625
-0.00341796875 0.0242938995361328 -0.107696533203125 -0.46075439453125
-0.044158935546875 0.0428810119628906 0.384521484375 -0.551361083984375
-0.0611991882324219 0.00839996337890624 0.79315185546875 0.0838623046875
-0.040435791015625 -0.0902023315429688 0.4620361328125 0.808837890625
0.05291748046875 -0.0900726318359375 -0.0919189453125 0.68719482421875
0.0998764038085938 -0.0700912475585938 0.0386505126953125 0.0487709045410156
0.042510986328125 -0.099639892578125 0.0938720703125 -0.67425537109375
-0.0272750854492187 -0.0835113525390625 -0.57470703125 -0.75201416015625
-0.060394287109375 -0.00341415405273438 -0.809326171875 0.0814819335937502
-0.030426025390625 0.0411949157714844 -0.2489013671875 0.5755615234375
-0.000528335571289062 0.019989013671875 0.193817138671875 0.4202880859375
0.0148715972900391 0.0171747207641602 0.34844970703125 0.0157470703125
0.0145454406738281 -0.011876106262207 0.240829467773438 -0.240966796875
-0.001129150390625 -0.0367584228515625 -0.200042724609375 0.239791870117188
0.0337467193603516 -0.00310134887695312 -0.2672119140625 -0.0529632568359374
0.000247001647949217 0.0157070159912109 -0.1251220703125 -0.44195556640625
-0.0345306396484375 0.036163330078125 0.35205078125 -0.56158447265625
-0.0558738708496094 0.00997161865234376 0.78936767578125 0.038818359375
-0.0471878051757812 -0.0840988159179688 0.5003662109375 0.78277587890625
0.041778564453125 -0.0891036987304688 -0.0730590820312501 0.7152099609375
0.0948486328125 -0.0711441040039063 0.0163040161132813 0.0799636840820312
0.0416793823242188 -0.0983657836914063 0.1142578125 -0.64947509765625
-0.0261077880859375 -0.084259033203125 -0.53118896484375 -0.78497314453125
-0.0564117431640625 -0.00978469848632813 -0.81927490234375 0.0310668945312499
-0.0282001495361328 0.0316448211669922 -0.28302001953125 0.56829833984375
0.000497817993164062 0.0127630233764648 0.174346923828125 0.43756103515625
0.014033317565918 0.0122785568237305 0.350921630859375 0.02740478515625
0.0124568939208984 -0.0106334686279297 0.251083374023438 -0.236923217773438
-0.00513458251953125 -0.0365028381347656 -0.19268798828125 0.245590209960938
0.0327110290527344 -0.00986862182617188 -0.269622802734375 -0.03857421875
0.00568628311157226 0.00190019607543945 -0.14605712890625 -0.426513671875
-0.0217094421386719 0.0250606536865234 0.31585693359375 -0.57275390625
-0.0424613952636719 0.0121078491210938 0.78326416015625 -0.011962890625
-0.0475502014160156 -0.0683937072753906 0.543701171875 0.74810791015625
0.0279006958007812 -0.0776596069335938 -0.04827880859375 0.7322998046875
0.0791854858398438 -0.0642471313476563 -0.00335693359374999 0.10894775390625
0.0353546142578125 -0.0863113403320313 0.1385498046875 -0.62481689453125
-0.0193328857421875 -0.077178955078125 -0.48394775390625 -0.815673828125
-0.0449447631835938 -0.0155372619628906 -0.826416015625 -0.0215454101562501
-0.0200366973876953 0.0187187194824219 -0.319427490234375 0.557373046875
0.00490951538085937 0.000671863555908203 0.15240478515625 0.455413818359375
0.0109977722167969 0.00558853149414063 0.350921630859375 0.0435791015625
0.00867938995361328 -0.00969600677490234 0.261688232421875 -0.23223876953125
-0.0118598937988281 -0.0352783203125 -0.189544677734375 0.249298095703125
0.028076171875 -0.0201835632324219 -0.275009155273437 -0.0247802734375
0.00902175903320313 -0.0134468078613281 -0.1644287109375 -0.40924072265625
-0.00665855407714844 0.0105552673339844 0.28369140625 -0.58209228515625
-0.0242118835449219 0.0121822357177734 0.7772216796875 -0.05450439453125
-0.0414009094238281 -0.0486869812011719 0.58380126953125 0.7142333984375
0.0147361755371094 -0.0560569763183594 -0.02203369140625 0.74517822265625
0.0560493469238281 -0.0472679138183594 -0.0143814086914062 0.130783081054688
0.0257377624511719 -0.0649337768554687 0.16259765625 -0.606201171875
-0.00992584228515624 -0.0615959167480469 -0.43743896484375 -0.8436279296875
-0.0260448455810547 -0.0165252685546875 -0.82977294921875 -0.0690917968750001
-0.0084223747253418 0.00292253494262695 -0.352325439453125 0.54718017578125
0.0112953186035156 -0.0137109756469727 0.128387451171875 0.468780517578125
0.00769615173339844 -0.00479841232299805 0.3460693359375 0.05816650390625
0.00307464599609375 -0.00952053070068359 0.267364501953125 -0.2266845703125
-0.0174236297607422 -0.0351142883300781 -0.190673828125 0.252487182617188
0.0225830078125 -0.0286445617675781 -0.281829833984375 -0.013092041015625
0.0109138488769531 -0.0288066864013672 -0.179473876953125 -0.397003173828125
0.00827360153198242 -0.00514125823974609 0.25860595703125 -0.58624267578125
-0.00226402282714844 0.0118246078491211 0.771240234375 -0.08660888671875
-0.0297050476074219 -0.0282001495361328 0.61199951171875 0.68450927734375
0.00334358215332031 -0.0282344818115234 0.00146484374999994 0.74932861328125
0.0280323028564453 -0.0260906219482422 -0.0172271728515625 0.143310546875
0.0114364624023438 -0.0372581481933594 0.1845703125 -0.59564208984375
0.000370025634765626 -0.0399856567382813 -0.40118408203125 -0.86669921875
-0.00400257110595703 -0.0141067504882813 -0.8292236328125 -0.103271484375
0.00620746612548828 -0.0114822387695313 -0.376800537109375 0.537811279296875
0.0180244445800781 -0.0270290374755859 0.107818603515625 0.47979736328125
0.00166893005371094 -0.0148506164550781 0.33880615234375 0.070953369140625
-0.00282478332519531 -0.0112762451171875 0.26678466796875 -0.225021362304688
-0.0245857238769531 -0.0349807739257813 -0.197189331054688 0.254730224609375
0.0167655944824219 -0.0365257263183594 -0.291259765625 -0.006134033203125
0.011566162109375 -0.0410957336425781 -0.190948486328125 -0.388153076171875
0.0203056335449219 -0.0175075531005859 0.24688720703125 -0.58892822265625
0.0190505981445313 0.0104961395263672 0.7681884765625 -0.100830078125
-0.015812873840332 -0.00827217102050781 0.62451171875 0.66680908203125
-0.0037686824798584 0.00142073631286621 0.0153198242187501 0.74420166015625
-0.00116753578186035 -0.00125634670257568 -0.01202392578125 0.143295288085938
-0.00159454345703125 -0.00766086578369141 0.202880859375 -0.59527587890625
0.0102939605712891 -0.0177478790283203 -0.37371826171875 -0.88079833984375
0.017608642578125 -0.00961875915527344 -0.82672119140625 -0.1246337890625
0.0218791961669922 -0.0218982696533203 -0.38848876953125 0.531829833984375
0.0240440368652344 -0.0384140014648437 0.093414306640625 0.482269287109375
-0.00150108337402344 -0.0236091613769531 0.329559326171875 0.07763671875
-0.00915908813476563 -0.012394905090332 0.261642456054687 -0.225936889648437
-0.0298423767089844 -0.0365486145019531 -0.208724975585937 0.255233764648438
0.0126876831054688 -0.0419425964355469 -0.30047607421875 -0.00314331054687496
0.0110855102539062 -0.048919677734375 -0.195220947265625 -0.39117431640625
0.0312843322753906 -0.0264320373535156 0.24346923828125 -0.586181640625
0.0363693237304688 0.0109214782714844 0.76971435546875 -0.09912109375
-0.000166893005371093 0.00829839706420898 0.62615966796875 0.66607666015625
-0.00830650329589844 0.0271492004394531 0.0206909179687501 0.7314453125
-0.0248489379882813 0.0216236114501953 0.00241851806640623 0.1317138671875
-0.0122756958007813 0.0194587707519531 0.20965576171875 -0.6068115234375
0.0198478698730469 0.0028533935546875 -0.37310791015625 -0.88427734375
0.0362052917480469 -0.0039520263671875 -0.82281494140625 -0.12158203125
0.0332698822021484 -0.0283069610595703 -0.385589599609375 0.531524658203125
0.0278244018554688 -0.0467338562011719 0.090240478515625 0.479888916015625
-0.00520706176757812 -0.0302467346191406 0.321502685546875 0.078521728515625
-0.0145530700683594 -0.0137662887573242 0.251800537109375 -0.228805541992187
-0.0326461791992188 -0.0381889343261719 -0.220962524414063 0.252685546875
0.00970077514648437 -0.0444831848144531 -0.308685302734375 -0.00769042968750006
0.0111732482910156 -0.0524978637695313 -0.192596435546875 -0.396942138671875
0.0369338989257813 -0.028961181640625 0.2584228515625 -0.58599853515625
0.0474090576171875 0.0132713317871094 0.77581787109375 -0.07745361328125
0.0109138488769531 0.0205230712890625 0.61236572265625 0.67510986328125
-0.0110931396484375 0.0465850830078125 0.0173950195312499 0.71563720703125
-0.0409889221191406 0.0401382446289063 0.0223464965820313 0.110671997070312
-0.0170631408691406 0.0392036437988281 0.2117919921875 -0.6282958984375
0.0302543640136719 0.0169792175292969 -0.39056396484375 -0.8797607421875
0.0477676391601563 -0.000217437744140625 -0.820556640625 -0.0986328124999999
0.0392990112304687 -0.0311393737792969 -0.37176513671875 0.537353515625
0.0292434692382812 -0.04998779296875 0.097564697265625 0.472747802734375
-0.00847244262695312 -0.0336780548095703 0.31512451171875 0.0723876953125
-0.0181465148925781 -0.0148830413818359 0.238357543945313 -0.232833862304688
0.00185394287109375 -0.038604736328125 -0.213134765625 0.236236572265625
0.0329875946044922 0.00198173522949219 -0.269134521484375 -0.067352294921875
-0.00412368774414063 0.0252780914306641 -0.109832763671875 -0.4622802734375
-0.0446357727050781 0.0437126159667969 0.384552001953125 -0.55438232421875
-0.061920166015625 0.00839996337890624 0.79669189453125 0.0843505859375
-0.0405731201171875 -0.091400146484375 0.46343994140625 0.8118896484375
0.0523529052734375 -0.0906448364257813 -0.0924072265625 0.6900634765625
0.10028076171875 -0.0692214965820313 0.0386848449707031 0.0491714477539062
0.0425262451171875 -0.099700927734375 0.09466552734375 -0.67584228515625
-0.02777099609375 -0.0837631225585938 -0.57470703125 -0.75640869140625
-0.0604133605957031 -0.00287246704101564 -0.8128662109375 0.0814208984375002
-0.03033447265625 0.0410614013671875 -0.25030517578125 0.57684326171875
-0.00168991088867187 0.0195121765136719 0.1944580078125 0.4205322265625
0.0150775909423828 0.0178089141845703 0.349395751953125 0.014190673828125
0.0143146514892578 -0.0120410919189453 0.241439819335938 -0.242355346679688
-0.0019378662109375 -0.0357589721679688 -0.199234008789063 0.24127197265625
0.0336341857910156 -0.00338935852050781 -0.268280029296875 -0.0528106689453125
0.000506401062011718 0.016209602355957 -0.125396728515625 -0.445556640625
-0.0350227355957031 0.0370292663574219 0.3524169921875 -0.564208984375
-0.0562858581542969 0.00882339477539062 0.7928466796875 0.03973388671875
-0.0465927124023437 -0.08465576171875 0.50506591796875 0.7861328125
0.0425949096679688 -0.0884552001953125 -0.07476806640625 0.71612548828125
0.0953903198242188 -0.0707321166992188 0.0156478881835938 0.07958984375
0.0403289794921875 -0.0982894897460938 0.11517333984375 -0.651611328125
-0.026519775390625 -0.0848312377929688 -0.53338623046875 -0.7889404296875
-0.0572776794433594 -0.00991439819335937 -0.82330322265625 0.0314941406250001
-0.027923583984375 0.0319843292236328 -0.28424072265625 0.5692138671875
0.00020122528076172 0.0126705169677734 0.176025390625 0.4371337890625
0.0141410827636719 0.0124931335449219 0.351043701171875 0.027618408203125
0.0116024017333984 -0.00907325744628906 0.251846313476563 -0.237258911132813
-0.0060272216796875 -0.0349674224853516 -0.192611694335938 0.24609375
0.0322113037109375 -0.0108623504638672 -0.270248413085938 -0.03814697265625
0.00486230850219727 0.0030670166015625 -0.1455078125 -0.42608642578125
-0.0225601196289063 0.0256252288818359 0.31768798828125 -0.5745849609375
-0.0435142517089844 0.0103302001953125 0.7872314453125 -0.01226806640625
-0.0475883483886719 -0.070068359375 0.54638671875 0.7518310546875
0.0287857055664063 -0.0772018432617187 -0.048095703125 0.73406982421875
0.079193115234375 -0.0632705688476563 -0.00319671630859374 0.109344482421875
0.0356674194335937 -0.0862808227539063 0.14007568359375 -0.62750244140625
-0.0196533203125 -0.0774002075195313 -0.485107421875 -0.819091796875
-0.0446319580078125 -0.0154685974121094 -0.82952880859375 -0.0215454101562501
-0.0213661193847656 0.0176124572753906 -0.321441650390625 0.55865478515625
0.00462818145751953 0.000479698181152344 0.1531982421875 0.456695556640625
0.0105419158935547 0.00519657135009766 0.3509521484375 0.04254150390625
0.00798797607421875 -0.00930500030517578 0.26275634765625 -0.232986450195313
-0.0117435455322266 -0.0337409973144531 -0.189468383789062 0.2510986328125
0.0278949737548828 -0.0207023620605469 -0.276260375976563 -0.024169921875
0.00918769836425781 -0.0131397247314453 -0.165679931640625 -0.41046142578125
-0.00638389587402344 0.0108203887939453 0.284423828125 -0.5845947265625
-0.0245418548583984 0.0118579864501953 0.78143310546875 -0.05560302734375
-0.041717529296875 -0.0496406555175781 0.58612060546875 0.71722412109375
0.0153312683105469 -0.0555458068847656 -0.0225219726562499 0.74761962890625
0.0561103820800781 -0.0474090576171875 -0.015045166015625 0.131584167480469
0.0254783630371094 -0.064483642578125 0.16351318359375 -0.60711669921875
-0.0103836059570312 -0.0616073608398438 -0.4383544921875 -0.8492431640625
-0.0260715484619141 -0.0161838531494141 -0.83270263671875 -0.0703125000000001
-0.00883579254150391 0.00351333618164063 -0.35394287109375 0.548736572265625
0.0112571716308594 -0.0129966735839844 0.128814697265625 0.471649169921875
0.0065760612487793 -0.00467014312744141 0.34625244140625 0.05816650390625
0.00380516052246094 -0.0098114013671875 0.267227172851563 -0.228622436523438
-0.0190982818603516 -0.0338363647460938 -0.190475463867188 0.254196166992187
0.0221214294433594 -0.0291061401367187 -0.283905029296875 -0.01287841796875
0.0110969543457031 -0.0283355712890625 -0.178558349609375 -0.3973388671875
0.00780868530273437 -0.00414848327636719 0.25982666015625 -0.5906982421875
-0.00269508361816406 0.0116891860961914 0.77545166015625 -0.0865478515625
-0.0298976898193359 -0.0291633605957031 0.61328125 0.6895751953125
0.00403594970703125 -0.0282745361328125 0.000183105468749972 0.7515869140625
0.0275325775146484 -0.0249595642089844 -0.0188751220703125 0.143447875976563
0.0122566223144531 -0.036895751953125 0.18511962890625 -0.59747314453125
0.000106811523437496 -0.0416450500488281 -0.40203857421875 -0.87066650390625
-0.00311470031738281 -0.0146141052246094 -0.8326416015625 -0.10589599609375
0.00643062591552734 -0.0104703903198242 -0.378326416015625 0.53753662109375
0.0172863006591797 -0.027252197265625 0.108428955078125 0.482421875
0.0022125244140625 -0.0146617889404297 0.3397216796875 0.071197509765625
-0.00312709808349609 -0.0107841491699219 0.268264770507813 -0.22625732421875
-0.0255794525146484 -0.0342979431152344 -0.197219848632812 0.255508422851563
0.0173759460449219 -0.0371627807617188 -0.292266845703125 -0.00619506835937503
0.0117073059082031 -0.0409011840820313 -0.190826416015625 -0.39080810546875
0.0204086303710938 -0.0177898406982422 0.2469482421875 -0.59210205078125
0.0185470581054688 0.00904273986816406 0.77203369140625 -0.10223388671875
-0.0150985717773437 -0.00916767120361328 0.6273193359375 0.67230224609375
-0.00426220893859863 0.00155997276306152 0.0147705078125001 0.7471923828125
-0.00103724002838135 -0.000354886054992676 -0.0118865966796875 0.143295288085938
-0.00165939331054687 -0.00709009170532227 0.2022705078125 -0.59661865234375
0.0103511810302734 -0.0170984268188477 -0.37689208984375 -0.88427734375
0.0179386138916016 -0.00879859924316406 -0.828857421875 -0.1251220703125
0.0216140747070313 -0.0222015380859375 -0.391082763671875 0.53216552734375
0.0237464904785156 -0.0389022827148438 0.09454345703125 0.484161376953125
-0.002166748046875 -0.0243873596191406 0.33026123046875 0.07781982421875
-0.00970077514648438 -0.0117816925048828 0.261856079101563 -0.227615356445313
-0.0311012268066406 -0.0353317260742188 -0.20745849609375 0.25634765625
0.0120697021484375 -0.0427932739257813 -0.2999267578125 -0.00363159179687502
0.0113487243652344 -0.0498237609863281 -0.19561767578125 -0.38983154296875
0.0306911468505859 -0.0259532928466797 0.244140625 -0.590087890625
0.036468505859375 0.0100631713867187 0.7734375 -0.0982666015625
-0.0007476806640625 0.00728940963745117 0.6273193359375 0.670654296875
-0.00908279418945313 0.0272464752197266 0.0185546875000001 0.7340087890625
-0.0254287719726563 0.0216331481933594 0.00181579589843749 0.131736755371094
-0.0129241943359375 0.0195350646972656 0.212890625 -0.60687255859375
0.0204925537109375 0.00314140319824219 -0.373291015625 -0.88641357421875
0.036102294921875 -0.0045166015625 -0.8255615234375 -0.12237548828125
0.0325546264648438 -0.0285415649414063 -0.38763427734375 0.53289794921875
0.0277748107910156 -0.0472145080566406 0.09051513671875 0.4820556640625
-0.00593757629394531 -0.0305557250976562 0.32196044921875 0.0775146484375
-0.0150537490844727 -0.0137796401977539 0.252883911132812 -0.228378295898437
-0.0337982177734375 -0.0374107360839844 -0.221389770507812 0.253799438476563
0.00870132446289063 -0.0457000732421875 -0.309722900390625 -0.00790405273437498
0.0115127563476563 -0.05279541015625 -0.193695068359375 -0.398162841796875
0.0372657775878906 -0.028533935546875 0.25921630859375 -0.58941650390625
0.0474624633789063 0.0128097534179687 0.78045654296875 -0.07708740234375
0.0112075805664062 0.0200023651123047 0.6151123046875 0.6810302734375
-0.0102195739746094 0.0472183227539063 0.0147705078125 0.7177734375
-0.0413627624511719 0.0412025451660156 0.0228500366210937 0.110504150390625
-0.0176658630371094 0.0392417907714844 0.2132568359375 -0.63006591796875
0.0294151306152344 0.0181083679199219 -0.39227294921875 -0.882568359375
0.0479850769042969 -0.000446319580078125 -0.8221435546875 -0.10052490234375
0.0392990112304688 -0.0320014953613281 -0.371795654296875 0.538848876953125
0.028076171875 -0.0503616333007813 0.095977783203125 0.474639892578125
-0.00923728942871094 -0.0342235565185547 0.31646728515625 0.0721435546875
-0.0187263488769531 -0.0158729553222656 0.23968505859375 -0.234771728515625
0.00114059448242188 -0.0371665954589844 -0.213485717773437 0.237548828125
0.0323715209960938 0.00177764892578125 -0.270614624023438 -0.0674591064453125
-0.00457763671875 0.0256423950195312 -0.10980224609375 -0.464996337890625
-0.0448570251464844 0.0442085266113281 0.386138916015625 -0.558868408203125
-0.0621452331542969 0.00821304321289062 0.80279541015625 0.08392333984375
-0.0407562255859375 -0.0928955078125 0.46820068359375 0.8172607421875
0.0519485473632813 -0.0895233154296875 -0.0924682617187499 0.6934814453125
0.100662231445313 -0.0683135986328125 0.0386161804199219 0.0491065979003906
0.0417327880859375 -0.0999374389648437 0.09466552734375 -0.67864990234375
-0.0280685424804687 -0.0846633911132813 -0.5789794921875 -0.759521484375
-0.0605430603027344 -0.00306701660156251 -0.8175048828125 0.0820922851562499
-0.0310401916503906 0.0413932800292969 -0.2513427734375 0.57940673828125
-0.00193023681640625 0.0202064514160156 0.196319580078125 0.422698974609375
0.0146694183349609 0.0173435211181641 0.350921630859375 0.013275146484375
0.0135288238525391 -0.0110387802124023 0.24151611328125 -0.244110107421875
-0.00306892395019531 -0.0349330902099609 -0.199417114257813 0.242141723632813
0.0328922271728516 -0.00444412231445312 -0.269546508789063 -0.053741455078125
0.000288963317871092 0.0170831680297852 -0.12750244140625 -0.4464111328125
-0.0347671508789063 0.0384559631347656 0.35308837890625 -0.56781005859375
-0.0574531555175781 0.00854873657226564 0.79779052734375 0.03668212890625
-0.0467300415039063 -0.0852890014648437 0.50689697265625 0.7899169921875
0.0426025390625 -0.0887298583984375 -0.07391357421875 0.72003173828125
0.0959701538085938 -0.0707168579101563 0.0158004760742188 0.0804519653320313
0.0401611328125 -0.09832763671875 0.116943359375 -0.65435791015625
-0.02642822265625 -0.0848159790039063 -0.536865234375 -0.7916259765625
-0.0570755004882813 -0.00965499877929687 -0.827392578125 0.0318603515624999
-0.0289764404296875 0.0320930480957031 -0.28619384765625 0.5712890625
0.000446319580078126 0.0125875473022461 0.17822265625 0.44110107421875
0.013606071472168 0.0127239227294922 0.352996826171875 0.026947021484375
0.0112199783325195 -0.00871086120605469 0.251754760742188 -0.239288330078125
-0.00691604614257812 -0.0336570739746094 -0.192977905273438 0.247802734375
0.0313129425048828 -0.0113639831542969 -0.271926879882813 -0.0388946533203125
0.00535297393798828 0.00269651412963867 -0.146636962890625 -0.4300537109375
-0.0219802856445313 0.0263271331787109 0.3173828125 -0.57928466796875
-0.0434608459472656 0.0108795166015625 0.7908935546875 -0.01397705078125
-0.0477371215820313 -0.0706634521484375 0.5496826171875 0.75689697265625
0.0279388427734375 -0.0772705078125 -0.0492553710937501 0.73779296875
0.0800018310546875 -0.063018798828125 -0.00357818603515624 0.110069274902344
0.0357666015625 -0.0859603881835937 0.1405029296875 -0.63006591796875
-0.0193023681640625 -0.0776824951171875 -0.4888916015625 -0.8238525390625
-0.0447273254394531 -0.0158615112304688 -0.8359375 -0.0214843749999999
-0.0211811065673828 0.0180816650390625 -0.32281494140625 0.563232421875
0.0040125846862793 0.0004119873046875 0.154052734375 0.459259033203125
0.0105752944946289 0.00518131256103516 0.352691650390625 0.04327392578125
0.00737762451171875 -0.00937366485595703 0.26373291015625 -0.235504150390625
-0.0130405426025391 -0.0337944030761719 -0.189285278320313 0.251983642578125
0.0273838043212891 -0.0211353302001953 -0.276779174804688 -0.024444580078125
0.00932502746582031 -0.0129804611206055 -0.1676025390625 -0.412750244140625
-0.00712108612060547 0.0114631652832031 0.2857666015625 -0.58843994140625
-0.0233345031738281 0.0110378265380859 0.78662109375 -0.05670166015625
-0.0419349670410156 -0.0513343811035156 0.5916748046875 0.72210693359375
0.0147514343261719 -0.0559005737304688 -0.0222778320312501 0.750732421875
0.0554771423339844 -0.0465774536132813 -0.0159454345703125 0.132461547851563
0.02484130859375 -0.0645256042480469 0.1654052734375 -0.61083984375
-0.0103759765625 -0.0622787475585938 -0.4417724609375 -0.8521728515625
-0.0262527465820313 -0.0168781280517578 -0.8382568359375 -0.0693359374999999
-0.00864410400390625 0.00303268432617187 -0.35601806640625 0.551483154296875
0.00984287261962891 -0.0138444900512695 0.129364013671875 0.4737548828125
0.00653409957885742 -0.00490951538085937 0.34783935546875 0.058074951171875
0.0025634765625 -0.0089120864868164 0.268402099609375 -0.230194091796875
-0.0196285247802734 -0.0327949523925781 -0.190383911132813 0.255096435546875
0.0215930938720703 -0.0294265747070313 -0.28399658203125 -0.01239013671875
0.0113697052001953 -0.0287113189697266 -0.181121826171875 -0.3997802734375
0.00779151916503906 -0.0037689208984375 0.26055908203125 -0.5928955078125
-0.00276851654052734 0.0102548599243164 0.780029296875 -0.0887451171875
-0.0303192138671875 -0.0296363830566406 0.62042236328125 0.69232177734375
0.00455284118652344 -0.02764892578125 0.00146484374999993 0.75579833984375
0.0273418426513672 -0.0241870880126953 -0.0185089111328125 0.144332885742188
0.0109825134277344 -0.0366363525390625 0.18548583984375 -0.5997314453125
0.000175476074218748 -0.0412940979003906 -0.40386962890625 -0.8731689453125
-0.00405693054199219 -0.014796257019043 -0.8382568359375 -0.1080322265625
0.00618743896484375 -0.0114850997924805 -0.37994384765625 0.541534423828125
0.0175762176513672 -0.0277118682861328 0.108734130859375 0.48345947265625
0.00198078155517578 -0.0148849487304687 0.340545654296875 0.0701904296875
-0.00377082824707031 -0.0102424621582031 0.268600463867188 -0.22772216796875
-0.026275634765625 -0.0326442718505859 -0.19671630859375 0.257980346679688
0.0159530639648438 -0.0379676818847656 -0.29388427734375 -0.00540161132812505
0.0122108459472656 -0.0410537719726563 -0.192352294921875 -0.3917236328125
0.0209941864013672 -0.0176143646240234 0.2452392578125 -0.5946044921875
0.018310546875 0.00955581665039063 0.77691650390625 -0.104248046875
-0.0146303176879883 -0.00995540618896484 0.63226318359375 0.67633056640625
-0.00490045547485351 0.00173616409301758 0.0140380859375 0.75079345703125
-0.00215888023376465 0.000733137130737305 -0.0126953125 0.143585205078125
-0.00219345092773438 -0.00714588165283203 0.20391845703125 -0.599853515625
0.0104093551635742 -0.0169048309326172 -0.3785400390625 -0.88751220703125
0.0177402496337891 -0.00989532470703125 -0.834716796875 -0.12628173828125
0.0217380523681641 -0.0221824645996094 -0.39190673828125 0.53533935546875
0.0235099792480469 -0.0390129089355469 0.096710205078125 0.486602783203125
-0.00169754028320312 -0.0246315002441406 0.33148193359375 0.07733154296875
-0.0105352401733398 -0.0113534927368164 0.263198852539063 -0.228500366210938
-0.0317668914794922 -0.0345401763916016 -0.207901000976563 0.257659912109375
0.0107002258300781 -0.0433464050292969 -0.302154541015625 -0.00311279296874997
0.0110511779785156 -0.049957275390625 -0.197113037109375 -0.39208984375
0.0308609008789063 -0.0255222320556641 0.24542236328125 -0.59417724609375
0.0356826782226563 0.00998687744140625 0.77813720703125 -0.101318359375
-0.00046682357788086 0.00657749176025391 0.63092041015625 0.672119140625
-0.00907135009765625 0.0285663604736328 0.0196533203124999 0.73748779296875
-0.0257129669189453 0.0235919952392578 0.00177001953124999 0.1322021484375
-0.0136470794677734 0.0205364227294922 0.21380615234375 -0.61126708984375
0.0200405120849609 0.00288009643554688 -0.3760986328125 -0.892578125
0.036346435546875 -0.0046539306640625 -0.831298828125 -0.124755859375
0.0336380004882813 -0.0297145843505859 -0.389373779296875 0.53533935546875
0.0268592834472656 -0.0478858947753906 0.09161376953125 0.48468017578125
-0.00579833984375 -0.031585693359375 0.323089599609375 0.07708740234375
-0.0163278579711914 -0.0134201049804688 0.253662109375 -0.231155395507813
-0.0347709655761719 -0.0363006591796875 -0.22149658203125 0.257049560546875
0.00750732421875 -0.0461196899414063 -0.309600830078125 -0.007049560546875
0.0113258361816406 -0.0527839660644531 -0.19549560546875 -0.400054931640625
0.0371437072753906 -0.0280838012695313 0.26043701171875 -0.59307861328125
0.047607421875 0.0120582580566406 0.78515625 -0.07904052734375
0.0114173889160156 0.0186309814453125 0.61871337890625 0.68475341796875
-0.0109672546386719 0.0472335815429688 0.01654052734375 0.7218017578125
-0.0422782897949219 0.0420494079589844 0.0217666625976563 0.111213684082031
-0.0184822082519531 0.0400924682617188 0.214599609375 -0.63214111328125
0.0302505493164062 0.0173530578613281 -0.39385986328125 -0.88677978515625
0.0491600036621094 0.000244140625 -0.82830810546875 -0.1007080078125
0.0390510559082031 -0.0324821472167969 -0.373077392578125 0.541473388671875
0.0274391174316406 -0.0507354736328125 0.09783935546875 0.476104736328125
-0.00918769836425781 -0.0339546203613281 0.316131591796875 0.072296142578125
-0.0187568664550781 -0.0152511596679687 0.240036010742188 -0.236434936523438
-1.90734863281215E-05 -0.0369911193847656 -0.212997436523438 0.241302490234375
0.0326194763183594 0.00163650512695313 -0.271896362304688 -0.067169189453125
-0.0041656494140625 0.0262203216552734 -0.112579345703125 -0.467071533203125
-0.0452690124511719 0.0458259582519531 0.38665771484375 -0.56243896484375
-0.0626296997070313 0.00713729858398438 0.8087158203125 0.08245849609375
-0.0406112670898438 -0.0935440063476563 0.47430419921875 0.82177734375
0.052337646484375 -0.0894393920898438 -0.09136962890625 0.69671630859375
0.101303100585938 -0.068939208984375 0.0380439758300781 0.0495567321777344
0.0421905517578125 -0.0997772216796875 0.09576416015625 -0.6834716796875
-0.0274887084960937 -0.0847702026367188 -0.5823974609375 -0.762939453125
-0.0603446960449219 -0.00290679931640624 -0.8240966796875 0.083251953125
-0.031097412109375 0.0421409606933594 -0.25140380859375 0.58355712890625
-0.00184059143066406 0.0200920104980469 0.19744873046875 0.42388916015625
0.0147457122802734 0.0176219940185547 0.353179931640625 0.01129150390625
0.0128812789916992 -0.0108776092529297 0.242477416992187 -0.246734619140625
-0.00440597534179688 -0.0339336395263672 -0.199172973632812 0.245132446289063
0.0327873229980469 -0.00444602966308594 -0.270675659179688 -0.052703857421875
0.00053119659423828 0.017181396484375 -0.129364013671875 -0.449005126953125
-0.0356674194335937 0.0392341613769531 0.3544921875 -0.5733642578125
-0.0576553344726562 0.00777435302734376 0.8045654296875 0.03509521484375
-0.0469818115234375 -0.0872116088867187 0.513671875 0.7962646484375
0.0427322387695312 -0.089385986328125 -0.0735473632812499 0.72344970703125
0.0954055786132812 -0.0702743530273438 0.0152816772460938 0.0808639526367188
0.0400238037109375 -0.098876953125 0.1158447265625 -0.658203125
-0.0267562866210938 -0.0855026245117188 -0.5413818359375 -0.79705810546875
-0.0575218200683594 -0.00972366333007813 -0.83428955078125 0.0314941406249999
-0.0287284851074219 0.0324211120605469 -0.2874755859375 0.5753173828125
-0.000552177429199217 0.0130577087402344 0.1798095703125 0.441650390625
0.0139522552490234 0.0124702453613281 0.356109619140625 0.02557373046875
0.0104551315307617 -0.00882816314697266 0.253173828125 -0.241653442382813
-0.00806236267089843 -0.0332221984863281 -0.1920166015625 0.249908447265625
0.0305404663085938 -0.012176513671875 -0.273391723632813 -0.0379638671875
0.00512838363647461 0.00290250778198242 -0.15045166015625 -0.43182373046875
-0.0219764709472656 0.0274810791015625 0.31817626953125 -0.583740234375
-0.0438117980957031 0.00959777832031249 0.79779052734375 -0.01629638671875
-0.048095703125 -0.0714263916015625 0.556640625 0.7611083984375
0.0277786254882813 -0.0768814086914063 -0.04901123046875 0.7420654296875
0.0797348022460938 -0.062286376953125 -0.00382995605468751 0.110336303710938
0.0344772338867188 -0.085845947265625 0.140869140625 -0.6328125
-0.019989013671875 -0.0782623291015625 -0.49383544921875 -0.826904296875
-0.0450019836425781 -0.0159187316894531 -0.8419189453125 -0.0203247070312498
-0.0220603942871094 0.0180530548095703 -0.32421875 0.5655517578125
0.00353550910949707 0.000631332397460937 0.156463623046875 0.460784912109375
0.0101413726806641 0.00506496429443359 0.35333251953125 0.04119873046875
0.00726032257080078 -0.00893878936767578 0.263671875 -0.237533569335938
-0.0130596160888672 -0.0321006774902344 -0.188751220703125 0.2554931640625
0.0264511108398438 -0.0218753814697266 -0.278671264648438 -0.02276611328125
0.00958728790283203 -0.0132675170898438 -0.168426513671875 -0.4151611328125
-0.00683116912841797 0.0126476287841797 0.284912109375 -0.59466552734375
-0.0247077941894531 0.0112247467041016 0.79290771484375 -0.059814453125
-0.0426216125488281 -0.05218505859375 0.59600830078125 0.72589111328125
0.0138702392578125 -0.05523681640625 -0.02215576171875 0.75555419921875
0.0555877685546875 -0.0455284118652344 -0.0154190063476563 0.133407592773438
0.0248641967773438 -0.0642166137695313 0.165283203125 -0.61358642578125
-0.0103874206542969 -0.062744140625 -0.44561767578125 -0.85528564453125
-0.0257835388183594 -0.01690673828125 -0.84320068359375 -0.0692138671874999
-0.00868749618530274 0.00255155563354492 -0.35693359375 0.55560302734375
0.00966548919677734 -0.0137128829956055 0.131103515625 0.47607421875
0.0063471794128418 -0.00440549850463867 0.349517822265625 0.05755615234375
0.00123214721679688 -0.00890636444091797 0.268844604492188 -0.232391357421875
-0.0209617614746094 -0.0318737030029297 -0.19000244140625 0.2579345703125
0.0217170715332031 -0.0310935974121094 -0.285125732421875 -0.01104736328125
0.0106601715087891 -0.0283546447753906 -0.1849365234375 -0.40203857421875
0.00713348388671875 -0.00341272354125977 0.26055908203125 -0.5982666015625
-0.00287628173828125 0.0100231170654297 0.786865234375 -0.091796875
-0.0299015045166016 -0.0305976867675781 0.624755859375 0.69622802734375
0.00312423706054687 -0.0268173217773437 0.00231933593749993 0.76043701171875
0.0271072387695313 -0.0229835510253906 -0.019317626953125 0.144805908203125
0.0110244750976563 -0.0364913940429688 0.18670654296875 -0.60418701171875
-0.000270843505859378 -0.0409736633300781 -0.4066162109375 -0.87884521484375
-0.00421810150146484 -0.0146541595458984 -0.84442138671875 -0.1058349609375
0.00649356842041016 -0.010930061340332 -0.382537841796875 0.54547119140625
0.0167331695556641 -0.0274562835693359 0.11285400390625 0.4869384765625
0.001068115234375 -0.0150346755981445 0.342498779296875 0.069732666015625
-0.00424671173095703 -0.00918769836425781 0.269805908203125 -0.230499267578125
-0.0266952514648438 -0.0322475433349609 -0.195953369140625 0.260711669921875
0.0161552429199219 -0.03839111328125 -0.294921875 -0.00463867187500003
0.0116653442382812 -0.0415153503417969 -0.1954345703125 -0.3936767578125
0.0211277008056641 -0.0168743133544922 0.246337890625 -0.6009521484375
0.0183887481689453 0.00837898254394531 0.782470703125 -0.106201171875
-0.0150899887084961 -0.0106239318847656 0.637939453125 0.67950439453125
-0.00471687316894531 0.00234270095825195 0.01666259765625 0.75372314453125
-0.00200963020324707 0.000550508499145508 -0.01300048828125 0.145126342773438
-0.00323200225830078 -0.00634288787841797 0.20361328125 -0.6021728515625
0.00994491577148437 -0.0178852081298828 -0.38214111328125 -0.89239501953125
0.0175952911376953 -0.00955009460449219 -0.839599609375 -0.12677001953125
0.0221290588378906 -0.0224418640136719 -0.39453125 0.538848876953125
0.0233230590820312 -0.0396957397460938 0.097503662109375 0.488433837890625
-0.002655029296875 -0.0243644714355469 0.332794189453125 0.07666015625
-0.0114545822143555 -0.011042594909668 0.262847900390625 -0.231124877929688
-0.0327396392822266 -0.0330276489257812 -0.20703125 0.259902954101563
0.0105514526367188 -0.0435028076171875 -0.303558349609375 -0.00247192382812502
0.0112342834472656 -0.050048828125 -0.19873046875 -0.39410400390625
0.0305690765380859 -0.0260829925537109 0.244873046875 -0.5989990234375
0.0361137390136719 0.0089874267578125 0.78521728515625 -0.10198974609375
-0.000471591949462891 0.00575590133666992 0.6378173828125 0.676513671875
-0.00937080383300781 0.0291213989257813 0.02069091796875 0.74212646484375
-0.0268688201904297 0.0249080657958984 0.00105285644531249 0.13311767578125
-0.01409912109375 0.0206298828125 0.2135009765625 -0.614013671875
0.0207328796386719 0.00292205810546875 -0.37884521484375 -0.895751953125
0.037322998046875 -0.00426101684570313 -0.83843994140625 -0.12481689453125
0.0328445434570312 -0.0295486450195312 -0.391754150390625 0.5394287109375
0.0267219543457031 -0.0481224060058594 0.093780517578125 0.48675537109375
-0.00641059875488281 -0.0314388275146484 0.32440185546875 0.07574462890625
-0.0169811248779297 -0.0127344131469727 0.253463745117188 -0.233642578125
-0.0361862182617187 -0.0354995727539063 -0.22100830078125 0.25872802734375
0.00717926025390625 -0.0471115112304687 -0.312469482421875 -0.00640869140625007
0.0108528137207031 -0.0529708862304688 -0.197113037109375 -0.40118408203125
0.0370330810546875 -0.0280494689941406 0.2581787109375 -0.59747314453125
0.0475196838378906 0.0111618041992188 0.79144287109375 -0.083984375
0.0116100311279297 0.0179042816162109 0.62579345703125 0.68853759765625
-0.010955810546875 0.0488166809082031 0.0162963867187501 0.72564697265625
-0.0421066284179688 0.0426597595214844 0.0219573974609375 0.111000061035156
-0.0189247131347656 0.04052734375 0.214599609375 -0.6365966796875
0.0300064086914062 0.0174751281738281 -0.3983154296875 -0.8912353515625
0.0485038757324219 -0.0012664794921875 -0.83453369140625 -0.1015625
0.0389175415039062 -0.033111572265625 -0.376434326171875 0.5467529296875
0.0272598266601563 -0.0516166687011719 0.09893798828125 0.478851318359375
-0.0102291107177734 -0.0344371795654297 0.318695068359375 0.07073974609375
-0.0200309753417969 -0.0142841339111328 0.240127563476562 -0.238510131835938
-0.000335693359374997 -0.0358619689941406 -0.212844848632813 0.243804931640625
0.0315666198730469 0.00123977661132813 -0.273834228515625 -0.0669708251953125
-0.00407218933105469 0.0259838104248047 -0.11505126953125 -0.470367431640625
-0.0456619262695312 0.0468559265136719 0.38616943359375 -0.568359375
-0.0639381408691406 0.00665283203125001 0.815185546875 0.0777587890625
-0.0419158935546875 -0.094757080078125 0.4803466796875 0.8270263671875
0.0531234741210938 -0.09027099609375 -0.09112548828125 0.70257568359375
0.101272583007812 -0.0681686401367187 0.0387763977050781 0.0497360229492187
0.0413284301757812 -0.0999603271484375 0.0954589843750001 -0.68804931640625
-0.0284957885742188 -0.0851058959960938 -0.58929443359375 -0.7655029296875
-0.0607185363769531 -0.00320816040039063 -0.83099365234375 0.0855102539062502
-0.0320014953613281 0.0425567626953125 -0.25262451171875 0.5888671875
-0.0026092529296875 0.0205535888671875 0.201751708984375 0.426971435546875
0.0150842666625977 0.0168123245239258 0.354095458984375 0.0096435546875
0.0127372741699219 -0.0106534957885742 0.242919921875 -0.249908447265625
-0.00533294677734375 -0.0334720611572266 -0.199752807617188 0.247970581054688
0.0334110260009766 -0.00486564636230469 -0.2723388671875 -0.0519561767578125
0.0008544921875 0.017822265625 -0.1324462890625 -0.45159912109375
-0.0353775024414062 0.0399703979492188 0.35430908203125 -0.580078125
-0.0582733154296875 0.00871276855468751 0.81158447265625 0.0328369140625
-0.0482559204101562 -0.0877914428710938 0.52008056640625 0.79949951171875
0.0423431396484375 -0.0897445678710937 -0.07196044921875 0.72918701171875
0.0960922241210938 -0.0699005126953125 0.015411376953125 0.0818405151367188
0.03997802734375 -0.098297119140625 0.115478515625 -0.66290283203125
-0.0269241333007813 -0.0860214233398438 -0.54876708984375 -0.798583984375
-0.0581817626953125 -0.00966644287109374 -0.8397216796875 0.0356445312500001
-0.0284633636474609 0.0324802398681641 -0.28643798828125 0.5806884765625
-0.000894546508789062 0.0128421783447266 0.1824951171875 0.44390869140625
0.0135278701782227 0.0124139785766602 0.355865478515625 0.023162841796875
0.00935459136962891 -0.00831699371337891 0.25323486328125 -0.244583129882813
-0.00918769836425781 -0.0323085784912109 -0.191757202148437 0.252960205078125
0.0302963256835938 -0.0128726959228516 -0.275115966796875 -0.037689208984375
0.00499963760375977 0.00307941436767578 -0.1522216796875 -0.43499755859375
-0.0226039886474609 0.028411865234375 0.319091796875 -0.591552734375
-0.0443572998046875 0.00946044921874999 0.80572509765625 -0.0205078125
-0.050628662109375 -0.0734786987304688 0.56390380859375 0.765625
0.0287857055664063 -0.0770950317382813 -0.0479125976562501 0.74822998046875
0.0802459716796875 -0.0620803833007813 -0.00450134277343749 0.111000061035156
0.0340042114257813 -0.0857696533203125 0.1400146484375 -0.6376953125
-0.0211334228515625 -0.078643798828125 -0.497802734375 -0.832275390625
-0.0400581359863281 -0.0127067565917969 -0.84869384765625 -0.0174560546875
-0.0254802703857422 0.0148582458496094 -0.32525634765625 0.5723876953125
0.00197398662567139 0.00177288055419922 0.15826416015625 0.464385986328125
0.00997543334960938 0.00470066070556641 0.356414794921875 0.04071044921875
0.00659275054931641 -0.00835990905761719 0.26446533203125 -0.24029541015625
-0.0135784149169922 -0.0308723449707031 -0.1876220703125 0.25762939453125
0.0258674621582031 -0.0232200622558594 -0.280288696289063 -0.0228424072265625
0.0108432769775391 -0.0148544311523438 -0.171875 -0.416168212890625
-0.00636768341064453 0.0134868621826172 0.28436279296875 -0.59954833984375
-0.0253963470458984 0.0106658935546875 0.79840087890625 -0.06475830078125
-0.0430183410644531 -0.052703857421875 0.60382080078125 0.729736328125
0.0143470764160156 -0.0553207397460938 -0.01922607421875 0.76104736328125
0.0535812377929688 -0.0484619140625 -0.0161666870117188 0.134368896484375
0.0244102478027344 -0.0644607543945313 0.1644287109375 -0.619384765625
-0.0109329223632813 -0.0625419616699219 -0.44952392578125 -0.8602294921875
-0.0264396667480469 -0.0171470642089844 -0.85198974609375 -0.069091796875
-0.00884342193603516 0.00269985198974609 -0.35845947265625 0.559906005859375
0.00971317291259766 -0.0137453079223633 0.13330078125 0.479736328125
0.00610637664794922 -0.00460910797119141 0.351043701171875 0.05462646484375
0.00128936767578125 -0.00858783721923828 0.2698974609375 -0.235641479492188
-0.0204238891601562 -0.0309791564941406 -0.190200805664063 0.260391235351563
0.0199623107910156 -0.03192138671875 -0.2880859375 -0.011749267578125
0.0123233795166016 -0.0293941497802734 -0.185455322265625 -0.40350341796875
0.00964641571044922 -0.00152969360351562 0.260009765625 -0.60546875
-0.00335311889648437 0.00991153717041015 0.79327392578125 -0.0963134765625
-0.0305213928222656 -0.0315341949462891 0.63360595703125 0.70037841796875
0.00330162048339844 -0.0272846221923828 0.00341796874999998 0.76568603515625
0.0270538330078125 -0.0232582092285156 -0.01983642578125 0.146316528320313
0.0111045837402344 -0.0363121032714844 0.18597412109375 -0.608154296875
-0.000606536865234373 -0.0415458679199219 -0.41314697265625 -0.8837890625
-0.00354480743408203 -0.0147342681884766 -0.8515625 -0.103271484375
0.006317138671875 -0.0111246109008789 -0.3846435546875 0.548980712890625
0.0162887573242188 -0.0283470153808594 0.11285400390625 0.49017333984375
0.00128364562988281 -0.0148649215698242 0.34381103515625 0.067535400390625
-0.00520896911621094 -0.00995445251464844 0.269577026367188 -0.232391357421875
-0.0284519195556641 -0.0308628082275391 -0.19573974609375 0.263641357421875
0.01519775390625 -0.0394020080566406 -0.2962646484375 -0.00228881835937497
0.0118255615234375 -0.041656494140625 -0.1982421875 -0.394256591796875
0.0209503173828125 -0.0158767700195313 0.24566650390625 -0.60699462890625
0.0181083679199219 0.00833320617675781 0.78985595703125 -0.1109619140625
-0.0157337188720703 -0.0114564895629883 0.64862060546875 0.68310546875
-0.00418806076049805 0.00277781486511231 0.017333984375 0.75970458984375
-0.00278568267822266 0.00261187553405762 -0.0137176513671875 0.146011352539063
-0.00316953659057617 -0.00562906265258789 0.2044677734375 -0.60736083984375
0.00980186462402344 -0.0175514221191406 -0.388671875 -0.89752197265625
0.0189437866210937 -0.0107784271240234 -0.84954833984375 -0.12420654296875
0.0224475860595703 -0.0224685668945313 -0.395050048828125 0.542388916015625
0.0223197937011719 -0.03973388671875 0.099578857421875 0.492584228515625
-0.00282669067382813 -0.02459716796875 0.3349609375 0.07574462890625
-0.0125885009765625 -0.0104179382324219 0.263198852539063 -0.233779907226562
-0.0330085754394531 -0.0321617126464844 -0.20672607421875 0.2630615234375
0.00980758666992188 -0.0450630187988281 -0.304931640625 -0.00115966796875007
0.011566162109375 -0.0501823425292969 -0.203125 -0.396942138671875
0.0308437347412109 -0.0259914398193359 0.24456787109375 -0.6043701171875
0.0361099243164063 0.0087890625 0.7904052734375 -0.109619140625
-0.000134468078613281 0.00588226318359375 0.646240234375 0.67987060546875
-0.0093994140625 0.0291519165039062 0.02325439453125 0.7476806640625
-0.0265541076660156 0.0263633728027344 0.000976562499999988 0.133857727050781
-0.0146350860595703 0.0209445953369141 0.21429443359375 -0.62127685546875
0.0209140777587891 0.00318527221679688 -0.38458251953125 -0.90179443359375
0.0360946655273438 -0.00506591796875 -0.84454345703125 -0.123779296875
0.0335063934326172 -0.0304317474365234 -0.39154052734375 0.5428466796875
0.0266494750976563 -0.0489044189453125 0.095916748046875 0.489898681640625
-0.00742530822753906 -0.0314140319824219 0.32647705078125 0.07574462890625
-0.0172367095947266 -0.0124292373657227 0.253997802734375 -0.23583984375
-0.0370826721191406 -0.034210205078125 -0.219985961914062 0.26165771484375
0.00644302368164062 -0.0479164123535156 -0.313140869140625 -0.00527954101562507
0.0108604431152344 -0.0535507202148438 -0.199462890625 -0.403594970703125
0.0376968383789063 -0.0279960632324219 0.25897216796875 -0.6029052734375
0.048095703125 0.0108184814453125 0.797607421875 -0.08721923828125
0.0113258361816406 0.0177478790283203 0.63372802734375 0.69140625
-0.0108833312988281 0.0489425659179688 0.01824951171875 0.7305908203125
-0.0438270568847656 0.0445365905761719 0.0224533081054687 0.112052917480469
-0.0198593139648438 0.0416946411132812 0.2137451171875 -0.64178466796875
0.0300559997558594 0.0175838470458984 -0.4031982421875 -0.8980712890625
0.0493965148925781 -0.000324249267578125 -0.8411865234375 -0.0986328124999999
0.0386924743652344 -0.0330009460449219 -0.377227783203125 0.55133056640625
0.0270957946777344 -0.0518989562988281 0.101409912109375 0.48193359375
-0.0096282958984375 -0.0351791381835938 0.3206787109375 0.070404052734375
-0.0206737518310547 -0.0142326354980469 0.240646362304688 -0.241073608398438
-0.0012664794921875 -0.0358238220214844 -0.211654663085938 0.246231079101562
0.0317745208740234 0.0001220703125 -0.276031494140625 -0.06585693359375
-0.004669189453125 0.0263442993164063 -0.119598388671875 -0.47222900390625
-0.0452003479003906 0.0490913391113281 0.38525390625 -0.5767822265625
-0.0640945434570313 0.00682067871093751 0.82208251953125 0.07244873046875
-0.0418167114257813 -0.0959930419921875 0.48883056640625 0.83135986328125
0.0532073974609375 -0.0905303955078125 -0.0875244140624999 0.708984375
0.102455139160156 -0.0686111450195313 0.0392074584960938 0.0499839782714844
0.0411911010742187 -0.100112915039063 0.09271240234375 -0.69232177734375
-0.0292205810546875 -0.0854949951171875 -0.5989990234375 -0.768310546875
-0.0616607666015625 -0.0031890869140625 -0.83673095703125 0.0919799804687502
-0.0313224792480469 0.0429458618164063 -0.25054931640625 0.59344482421875
-0.00317955017089844 0.0207290649414063 0.205474853515625 0.429107666015625
0.0145540237426758 0.0168724060058594 0.35638427734375 0.007354736328125
0.0119180679321289 -0.0106096267700195 0.243362426757813 -0.253005981445313
-0.00514411926269531 -0.0322952270507813 -0.198089599609375 0.251174926757812
0.0319919586181641 -0.00611495971679688 -0.27484130859375 -0.05133056640625
0.000789642333984373 0.0180015563964844 -0.13653564453125 -0.45379638671875
-0.0356254577636719 0.0407638549804687 0.35333251953125 -0.58551025390625
-0.0583839416503906 0.00764846801757813 0.81793212890625 0.02740478515625
-0.0488662719726563 -0.089630126953125 0.52947998046875 0.8045654296875
0.0421295166015625 -0.090179443359375 -0.06829833984375 0.73516845703125
0.0967330932617188 -0.06982421875 0.0154266357421875 0.0818405151367187
0.0391464233398437 -0.0989532470703125 0.11334228515625 -0.6669921875
-0.0279006958007813 -0.0863494873046875 -0.5570068359375 -0.802978515625
-0.0583877563476563 -0.009490966796875 -0.84674072265625 0.0394287109374999
-0.029754638671875 0.0329647064208984 -0.2864990234375 0.5858154296875
-0.000695228576660158 0.0130834579467773 0.1849365234375 0.4464111328125
0.0133152008056641 0.0122137069702148 0.358154296875 0.0225830078125
0.00914573669433594 -0.00754451751708984 0.25390625 -0.24853515625
-0.00892257690429688 -0.0319137573242188 -0.190704345703125 0.25592041015625
0.0301761627197266 -0.0127353668212891 -0.277481079101563 -0.0359649658203125
0.00497055053710938 0.00332212448120117 -0.15740966796875 -0.436859130859375
-0.0216445922851563 0.0290622711181641 0.31719970703125 -0.596923828125
-0.0445480346679688 0.00925445556640624 0.8101806640625 -0.0252685546875
-0.0495834350585938 -0.0743484497070313 0.57452392578125 0.76873779296875
0.0287094116210938 -0.0785675048828125 -0.0441894531250001 0.75494384765625
0.0806121826171875 -0.0614776611328125 -0.0036468505859375 0.112251281738281
0.03302001953125 -0.0862274169921875 0.138427734375 -0.64239501953125
-0.0206756591796875 -0.0786972045898438 -0.50823974609375 -0.83349609375
-0.0460433959960938 -0.0153465270996094 -0.85498046875 -0.0137939453124999
-0.0220108032226562 0.0186576843261719 -0.3255615234375 0.575927734375
0.00285553932189941 0.000497102737426758 0.16168212890625 0.466217041015625
0.0102300643920898 0.00534629821777344 0.358184814453125 0.0380859375
0.00565814971923828 -0.00757455825805664 0.265304565429687 -0.243759155273437
-0.0150794982910156 -0.0301513671875 -0.186630249023438 0.260147094726563
0.0255661010742188 -0.0219764709472656 -0.282196044921875 -0.021453857421875
0.00911998748779297 -0.0128688812255859 -0.17547607421875 -0.419342041015625
-0.00687122344970703 0.0137205123901367 0.2823486328125 -0.607666015625
-0.0255203247070313 0.0104408264160156 0.805908203125 -0.07110595703125
-0.0428962707519531 -0.0541610717773438 0.61279296875 0.732421875
0.01446533203125 -0.0555953979492188 -0.0167846679687499 0.76654052734375
0.0556793212890625 -0.0444564819335938 -0.0157928466796875 0.13519287109375
0.0240554809570312 -0.0644187927246094 0.16259765625 -0.624267578125
-0.0122718811035156 -0.0631866455078125 -0.45904541015625 -0.86358642578125
-0.0265617370605469 -0.0174808502197266 -0.86163330078125 -0.0642700195312502
-0.00915908813476562 0.00355815887451172 -0.35882568359375 0.5655517578125
0.00868988037109375 -0.0137529373168945 0.13800048828125 0.48114013671875
0.00593852996826172 -0.00449180603027344 0.353179931640625 0.052886962890625
0.000546932220458985 -0.00726890563964844 0.269775390625 -0.239471435546875
-0.0218601226806641 -0.0295848846435547 -0.188461303710938 0.263763427734375
0.0199909210205078 -0.0313301086425781 -0.288818359375 -0.00997924804687506
0.0111904144287109 -0.0285453796386719 -0.19110107421875 -0.405731201171875
0.00842380523681641 -0.00223112106323242 0.2576904296875 -0.61187744140625
-0.00316143035888672 0.00897502899169922 0.799072265625 -0.10345458984375
-0.0305767059326172 -0.0325164794921875 0.643310546875 0.70098876953125
0.00385665893554688 -0.0266342163085938 0.00738525390624999 0.772216796875
0.027557373046875 -0.0225582122802734 -0.0195159912109375 0.147369384765625
0.0106201171875 -0.03564453125 0.18414306640625 -0.61334228515625
-0.000568389892578128 -0.0408668518066406 -0.422119140625 -0.88714599609375
-0.00328445434570313 -0.0156011581420898 -0.8599853515625 -0.102294921875
0.00552940368652344 -0.0115528106689453 -0.385284423828125 0.557037353515625
0.0156688690185547 -0.0283584594726563 0.116241455078125 0.493743896484375
0.00122642517089844 -0.0152130126953125 0.34649658203125 0.06640625
-0.00587606430053711 -0.00858068466186524 0.270248413085938 -0.236648559570313
-0.0287208557128906 -0.0300064086914063 -0.194366455078125 0.266693115234375
0.0136871337890625 -0.0388450622558594 -0.298187255859375 -0.00195312499999995
0.0115852355957031 -0.0418548583984375 -0.20159912109375 -0.396453857421875
0.0207653045654297 -0.0158824920654297 0.24359130859375 -0.61181640625
0.0179462432861328 0.00760078430175781 0.79449462890625 -0.11822509765625
-0.0163669586181641 -0.0117216110229492 0.6558837890625 0.68438720703125
-0.00473403930664063 0.00258064270019531 0.0216064453125001 0.7662353515625
-0.00217700004577637 0.00346159934997559 -0.0139617919921875 0.147323608398438
-0.00361061096191406 -0.00534296035766602 0.20318603515625 -0.61224365234375
0.0099630355834961 -0.0174770355224609 -0.396484375 -0.90081787109375
0.0185146331787109 -0.0105953216552734 -0.8546142578125 -0.12176513671875
0.0213451385498047 -0.0235042572021484 -0.395843505859375 0.549560546875
0.0223579406738281 -0.0405006408691406 0.10357666015625 0.494476318359375
-0.00328636169433594 -0.0248298645019531 0.337158203125 0.073974609375
-0.0128793716430664 -0.00973129272460938 0.263626098632813 -0.238235473632812
-0.0344657897949219 -0.0312366485595703 -0.206375122070313 0.267105102539063
0.0088653564453125 -0.0453453063964844 -0.3062744140625 0.000671386718749998
0.010772705078125 -0.0501861572265625 -0.207244873046875 -0.397491455078125
0.0308723449707031 -0.0240650177001953 0.24176025390625 -0.61065673828125
0.0361900329589844 0.00768661499023437 0.79656982421875 -0.115478515625
0.000234603881835938 0.0050806999206543 0.6573486328125 0.6824951171875
-0.00936317443847657 0.02978515625 0.0261230468749999 0.75250244140625
-0.0267848968505859 0.0270175933837891 0.00151824951171875 0.135498046875
-0.0152149200439453 0.0211982727050781 0.21209716796875 -0.62432861328125
0.0200614929199219 0.00342178344726563 -0.3907470703125 -0.9071044921875
0.0375785827636719 -0.00466537475585937 -0.8544921875 -0.1224365234375
0.0330410003662109 -0.0307331085205078 -0.395111083984375 0.5496826171875
0.0262718200683594 -0.0492210388183594 0.099334716796875 0.492431640625
-0.00798606872558594 -0.0310401916503906 0.32965087890625 0.073760986328125
-0.0182971954345703 -0.0121669769287109 0.254257202148438 -0.239578247070313
-0.0373077392578125 -0.0330734252929688 -0.218887329101562 0.265380859375
0.00505828857421875 -0.0486183166503906 -0.3157958984375 -0.00341796874999998
0.0111808776855469 -0.0539474487304687 -0.204071044921875 -0.405731201171875
0.0374069213867188 -0.0278282165527344 0.2567138671875 -0.60931396484375
0.0477523803710938 0.0100860595703125 0.80328369140625 -0.0933837890625
0.0122251510620117 0.0162668228149414 0.64422607421875 0.693115234375
-0.0110282897949219 0.0498619079589844 0.02203369140625 0.73590087890625
-0.044219970703125 0.0460586547851563 0.0222930908203125 0.113105773925781
-0.0201759338378906 0.0427284240722656 0.21356201171875 -0.64794921875
0.0301361083984375 0.0181751251220703 -0.41064453125 -0.89996337890625
0.0499153137207031 -0.0015716552734375 -0.84912109375 -0.0962524414062501
0.03863525390625 -0.0334854125976563 -0.376373291015625 0.55474853515625
0.0266647338867188 -0.0516319274902344 0.1053466796875 0.485260009765625
-0.0107498168945313 -0.0343418121337891 0.322540283203125 0.06817626953125
-0.0215988159179688 -0.0133476257324219 0.240951538085938 -0.244552612304688
-0.002166748046875 -0.0344867706298828 -0.21099853515625 0.250244140625
0.0318031311035156 0.000436782836914063 -0.277969360351563 -0.0642852783203125
-0.00378990173339844 0.0269775390625 -0.123779296875 -0.47528076171875
-0.0448875427246094 0.0497970581054688 0.38470458984375 -0.584228515625
-0.0640144348144531 0.0063934326171875 0.83111572265625 0.0660400390625
-0.043731689453125 -0.0974044799804688 0.49920654296875 0.8345947265625
0.0530014038085937 -0.0914993286132813 -0.0850219726562499 0.71356201171875
0.102035522460937 -0.0688323974609375 0.03936767578125 0.0506935119628906
0.0399093627929687 -0.101348876953125 0.088134765625 -0.69873046875
-0.0303878784179688 -0.0862655639648438 -0.607666015625 -0.76953125
-0.0618095397949219 -0.00249481201171874 -0.84344482421875 0.0980834960937501
-0.0317955017089844 0.0430374145507813 -0.24945068359375 0.59930419921875
-0.00282669067382813 0.0208511352539063 0.208892822265625 0.43035888671875
0.0143356323242188 0.0174360275268555 0.35772705078125 0.00323486328125
0.0113811492919922 -0.00942230224609375 0.244583129882813 -0.2569580078125
-0.00617027282714843 -0.0313529968261719 -0.195968627929688 0.253936767578125
0.0311794281005859 -0.00624465942382812 -0.277587890625 -0.0493621826171875
0.00164985656738281 0.0191631317138672 -0.14166259765625 -0.45751953125
-0.0346755981445313 0.0423965454101563 0.35064697265625 -0.5947265625
-0.0590476989746094 0.00777816772460938 0.8240966796875 0.018310546875
-0.0508804321289063 -0.0904998779296875 0.54022216796875 0.806396484375
0.0417556762695313 -0.09014892578125 -0.0645141601562499 0.7412109375
0.0973129272460938 -0.07037353515625 0.0160140991210938 0.082733154296875
0.0381088256835937 -0.099609375 0.1104736328125 -0.67333984375
-0.0286941528320312 -0.0866317749023438 -0.5657958984375 -0.8052978515625
-0.0587272644042969 -0.00951004028320313 -0.8546142578125 0.04632568359375
-0.0291461944580078 0.0330066680908203 -0.2867431640625 0.5926513671875
-0.00239658355712891 0.0134153366088867 0.189483642578125 0.449066162109375
0.0129566192626953 0.0122814178466797 0.359832763671875 0.018585205078125
0.00867319107055664 -0.00654983520507813 0.254226684570313 -0.251785278320313
-0.00969696044921875 -0.0306930541992188 -0.190170288085938 0.26007080078125
0.0292224884033203 -0.0135097503662109 -0.279296875 -0.0344390869140625
0.00599098205566406 0.00349044799804688 -0.16253662109375 -0.43853759765625
-0.0211391448974609 0.0301380157470703 0.314208984375 -0.60467529296875
-0.0449333190917969 0.00958633422851563 0.81756591796875 -0.032470703125
-0.0511474609375 -0.075103759765625 0.584228515625 0.77105712890625
0.0280990600585937 -0.07879638671875 -0.0382080078125 0.75946044921875
0.0810470581054688 -0.0619659423828125 -0.00337219238281249 0.113182067871094
0.0337066650390625 -0.086761474609375 0.13580322265625 -0.64794921875
-0.0223388671875 -0.0788726806640625 -0.5167236328125 -0.83709716796875
-0.0461196899414063 -0.0152130126953125 -0.86309814453125 -0.00842285156249999
-0.0221042633056641 0.0191631317138672 -0.323486328125 0.58392333984375
0.00250339508056641 0.000449180603027344 0.166015625 0.468505859375
0.00989818572998047 0.00467395782470703 0.3602294921875 0.03485107421875
0.00565195083618164 -0.00728654861450195 0.264968872070313 -0.2474365234375
-0.01556396484375 -0.0287399291992188 -0.18524169921875 0.264114379882813
0.0254440307617188 -0.0228862762451172 -0.284912109375 -0.019805908203125
0.00969886779785156 -0.0128898620605469 -0.180633544921875 -0.421539306640625
-0.00636482238769531 0.0153875350952148 0.28021240234375 -0.61395263671875
-0.0256004333496094 0.00984954833984376 0.8111572265625 -0.07672119140625
-0.0438499450683594 -0.0548667907714844 0.62567138671875 0.7340087890625
0.0142555236816406 -0.0556755065917969 -0.0117187500000001 0.77166748046875
0.0562667846679688 -0.04461669921875 -0.0150527954101562 0.136070251464844
0.0233078002929687 -0.0644302368164063 0.162109375 -0.627685546875
-0.0122528076171875 -0.0637664794921875 -0.4681396484375 -0.867431640625
-0.0270767211914063 -0.0172309875488281 -0.86822509765625 -0.0582885742187499
-0.00968837738037109 0.0029754638671875 -0.35809326171875 0.57232666015625
0.00940799713134766 -0.0138931274414063 0.141143798828125 0.484344482421875
0.00519943237304688 -0.0050654411315918 0.355682373046875 0.050384521484375
-0.000101089477539062 -0.00652456283569336 0.27056884765625 -0.243316650390625
-0.0223407745361328 -0.0283679962158203 -0.187515258789063 0.267684936523437
0.0183448791503906 -0.0325908660888672 -0.29144287109375 -0.00631713867187496
0.0112285614013672 -0.0298976898193359 -0.19500732421875 -0.406005859375
0.00826787948608398 -0.00127553939819336 0.2559814453125 -0.6187744140625
-0.00365352630615234 0.00876617431640625 0.805908203125 -0.10919189453125
-0.0316524505615234 -0.0338077545166016 0.6531982421875 0.70281982421875
0.00296211242675781 -0.0269126892089844 0.0121459960937501 0.7769775390625
0.0268077850341797 -0.0214557647705078 -0.0188140869140625 0.14892578125
0.00979232788085937 -0.0353965759277344 0.1820068359375 -0.6180419921875
-0.0010833740234375 -0.0414047241210937 -0.43017578125 -0.89154052734375
-0.00368309020996094 -0.0159749984741211 -0.86761474609375 -0.0963745117187502
0.00588226318359375 -0.0118999481201172 -0.38275146484375 0.56390380859375
0.0153560638427734 -0.0282382965087891 0.121063232421875 0.494354248046875
0.000321388244628905 -0.0152816772460937 0.3482666015625 0.063507080078125
-0.00657558441162109 -0.00730419158935547 0.270706176757813 -0.240447998046875
-0.0303688049316406 -0.0281562805175781 -0.192977905273438 0.270858764648438
0.0131759643554688 -0.0404586791992188 -0.299835205078125 0.00158691406249998
0.0111312866210938 -0.0419158935546875 -0.2066650390625 -0.397979736328125
0.0212440490722656 -0.0152778625488281 0.2398681640625 -0.6199951171875
0.0171365737915039 0.00683403015136719 0.79986572265625 -0.12542724609375
-0.0162534713745117 -0.0132179260253906 0.66680908203125 0.68658447265625
-0.00461864471435547 0.00355720520019531 0.0272216796875 0.77105712890625
-0.00225186347961426 0.00391483306884766 -0.013275146484375 0.148605346679688
-0.00412178039550781 -0.00427913665771484 0.2008056640625 -0.61676025390625
0.00946807861328125 -0.018402099609375 -0.404541015625 -0.90667724609375
0.0183792114257813 -0.0115375518798828 -0.86376953125 -0.11871337890625
0.0210933685302734 -0.0236454010009766 -0.39483642578125 0.5560302734375
0.0214805603027344 -0.0410194396972656 0.10760498046875 0.498077392578125
-0.00434112548828125 -0.0247516632080078 0.34027099609375 0.070587158203125
-0.0129718780517578 -0.00903892517089844 0.263565063476563 -0.241302490234375
-0.0349369049072266 -0.0294551849365234 -0.204208374023438 0.270309448242188
0.006988525390625 -0.0453987121582031 -0.30859375 0.00234985351562498
0.0106620788574219 -0.0508346557617188 -0.21063232421875 -0.398468017578125
0.0314693450927734 -0.0247001647949219 0.23931884765625 -0.6182861328125
0.0356559753417969 0.006195068359375 0.80279541015625 -0.1224365234375
-0.000390768051147461 0.00386285781860352 0.6688232421875 0.68304443359375
-0.0089874267578125 0.0299777984619141 0.03179931640625 0.75921630859375
-0.0275230407714844 0.0283241271972656 0.00228118896484373 0.136947631835938
-0.0155830383300781 0.0229969024658203 0.2108154296875 -0.63031005859375
0.0205039978027344 0.00272178649902344 -0.4024658203125 -0.9088134765625
0.037353515625 -0.00603866577148437 -0.86090087890625 -0.11627197265625
0.0331077575683594 -0.031005859375 -0.392913818359375 0.555633544921875
0.0249061584472656 -0.0498809814453125 0.10247802734375 0.496002197265625
-0.00835418701171875 -0.0320205688476563 0.3310546875 0.0716552734375
-0.0192527770996094 -0.0102996826171875 0.254379272460938 -0.244293212890625
-0.0387191772460937 -0.0322532653808594 -0.21783447265625 0.26947021484375
0.00406265258789063 -0.0488090515136719 -0.3173828125 -0.000640869140624938
0.0102272033691406 -0.0539703369140625 -0.208282470703125 -0.4058837890625
0.0377540588378906 -0.0276298522949219 0.2525634765625 -0.6165771484375
0.0482025146484375 0.00857162475585938 0.80975341796875 -0.0997314453125
0.0119543075561523 0.0154714584350586 0.653076171875 0.695068359375
-0.0106697082519531 0.0513687133789063 0.02716064453125 0.7423095703125
-0.0439491271972656 0.0478248596191406 0.0222854614257813 0.113250732421875
-0.0207672119140625 0.0436668395996094 0.21038818359375 -0.6519775390625
0.030059814453125 0.0170555114746094 -0.42120361328125 -0.90570068359375
0.0501899719238281 -0.002044677734375 -0.85833740234375 -0.0924682617187501
0.0392417907714844 -0.0341148376464844 -0.377532958984375 0.561492919921875
0.0258598327636719 -0.0525588989257812 0.1087646484375 0.487518310546875
-0.0122585296630859 -0.0349979400634766 0.324859619140625 0.06597900390625
-0.0223674774169922 -0.0119857788085937 0.240325927734375 -0.248260498046875
-0.00337791442871094 -0.0331897735595703 -0.208877563476562 0.25421142578125
0.0310764312744141 -0.000213623046875 -0.281646728515625 -0.0618896484375
-0.00350189208984375 0.0278053283691406 -0.12884521484375 -0.477813720703125
-0.0442276000976562 0.05096435546875 0.38397216796875 -0.5916748046875
-0.0647506713867187 0.00726699829101563 0.83758544921875 0.05816650390625
-0.044677734375 -0.0983963012695313 0.51104736328125 0.8358154296875
0.0523223876953125 -0.0925064086914063 -0.0775146484375 0.71978759765625
0.103324890136719 -0.0689010620117188 0.0393447875976563 0.0503921508789062
0.0394973754882813 -0.10052490234375 0.08349609375 -0.70281982421875
-0.03125 -0.0865325927734375 -0.61773681640625 -0.769287109375
-0.0625038146972656 -0.00257110595703126 -0.8499755859375 0.1043701171875
-0.0312080383300781 0.0444297790527344 -0.246337890625 0.60601806640625
-0.00330162048339844 0.0212383270263672 0.214263916015625 0.430755615234375
0.0144376754760742 0.0172901153564453 0.358551025390625 0.000427246093750001
0.0108356475830078 -0.00865459442138672 0.242050170898438 -0.260894775390625
-0.00687789916992188 -0.0306396484375 -0.194244384765625 0.258529663085938
0.0308742523193359 -0.00636672973632813 -0.279464721679688 -0.0480194091796875
0.000944137573242188 0.0185756683349609 -0.1463623046875 -0.45867919921875
-0.0347747802734375 0.0434608459472656 0.34716796875 -0.60296630859375
-0.0598983764648438 0.00823593139648437 0.8309326171875 0.01177978515625
-0.0515213012695312 -0.09112548828125 0.552978515625 0.80743408203125
0.0420379638671875 -0.0916061401367187 -0.05828857421875 0.74822998046875
0.097625732421875 -0.07000732421875 0.0164260864257813 0.0830459594726563
0.0379409790039062 -0.0990524291992188 0.105224609375 -0.6790771484375
-0.0294647216796875 -0.0877304077148437 -0.576416015625 -0.8048095703125
-0.0591506958007813 -0.00873565673828124 -0.8612060546875 0.0531005859375
-0.0298233032226563 0.0339183807373047 -0.28271484375 0.5987548828125
-0.00151252746582031 0.0139045715332031 0.194915771484375 0.44927978515625
0.0123405456542969 0.0127277374267578 0.36297607421875 0.014404296875
0.00812292098999023 -0.00621414184570313 0.252517700195313 -0.25665283203125
-0.0106430053710938 -0.0291461944580078 -0.1876220703125 0.263763427734375
0.028900146484375 -0.0138587951660156 -0.281524658203125 -0.03228759765625
0.00512504577636719 0.0037541389465332 -0.1668701171875 -0.440704345703125
-0.0216560363769531 0.0313644409179688 0.3104248046875 -0.61328125
-0.0457763671875 0.00983047485351563 0.8238525390625 -0.04132080078125
-0.0522384643554688 -0.0756912231445313 0.5960693359375 0.7711181640625
0.0279388427734375 -0.0792388916015625 -0.0330810546875 0.76629638671875
0.0813751220703125 -0.06219482421875 -0.00339508056640624 0.114105224609375
0.03253173828125 -0.0862350463867188 0.13055419921875 -0.65167236328125
-0.0234603881835938 -0.0798110961914062 -0.52691650390625 -0.8388671875
-0.0467529296875 -0.0151329040527344 -0.8709716796875 -0.00213623046875019
-0.0214405059814453 0.0194606781005859 -0.3206787109375 0.5892333984375
0.00210869312286377 0.00119936466217041 0.1717529296875 0.470184326171875
0.00951671600341797 0.00525569915771484 0.362518310546875 0.0313720703125
0.00517177581787109 -0.00628900527954102 0.263961791992188 -0.251922607421875
-0.0165596008300781 -0.0277118682861328 -0.183670043945313 0.26812744140625
0.024017333984375 -0.0236568450927734 -0.286102294921875 -0.017181396484375
0.00968360900878906 -0.0129985809326172 -0.18414306640625 -0.421844482421875
-0.00577831268310547 0.0158758163452148 0.27642822265625 -0.6217041015625
-0.0261249542236328 0.00967025756835938 0.81610107421875 -0.08697509765625
-0.0449867248535156 -0.0556869506835937 0.6375732421875 0.73455810546875
0.014434814453125 -0.0558280944824219 -0.00494384765625007 0.77880859375
0.0564956665039063 -0.0441017150878906 -0.01544189453125 0.13775634765625
0.0224456787109375 -0.0639381408691406 0.1568603515625 -0.633544921875
-0.0128898620605469 -0.0643806457519531 -0.47882080078125 -0.86798095703125
-0.0271968841552734 -0.0178775787353516 -0.87548828125 -0.0526733398437499
-0.00963592529296875 0.00366497039794922 -0.35601806640625 0.57861328125
0.00838851928710938 -0.0135288238525391 0.146942138671875 0.48504638671875
0.00491857528686524 -0.00504016876220703 0.358734130859375 0.047271728515625
-0.000599861145019531 -0.00571823120117188 0.2694091796875 -0.247283935546875
-0.02294921875 -0.0268783569335937 -0.184555053710937 0.2716064453125
0.0185413360595703 -0.03271484375 -0.293182373046875 -0.00473022460937503
0.0109081268310547 -0.0290355682373047 -0.199005126953125 -0.407958984375
0.00853729248046875 -0.00139808654785156 0.2513427734375 -0.62615966796875
-0.00404644012451172 0.00803947448730469 0.8099365234375 -0.11920166015625
-0.0325756072998047 -0.0347137451171875 0.66546630859375 0.70306396484375
0.00308418273925781 -0.0275669097900391 0.01763916015625 0.78253173828125
0.0271396636962891 -0.0210380554199219 -0.0187835693359375 0.15020751953125
0.009307861328125 -0.0346012115478516 0.177734375 -0.6231689453125
-0.00146484375 -0.0421371459960937 -0.44195556640625 -0.89208984375
-0.00408077239990235 -0.0146598815917969 -0.875 -0.09161376953125
0.0055389404296875 -0.0124130249023438 -0.3802490234375 0.5704345703125
0.0148944854736328 -0.0287742614746094 0.125274658203125 0.49761962890625
0.000206947326660157 -0.0150165557861328 0.350341796875 0.061492919921875
-0.00625705718994141 -0.00704097747802734 0.269912719726562 -0.244369506835938
-0.0300178527832031 -0.0267257690429687 -0.191207885742187 0.274276733398438
0.0120277404785156 -0.0408172607421875 -0.301025390625 0.00277709960937499
0.0111198425292969 -0.0424995422363281 -0.212188720703125 -0.399078369140625
0.0215187072753906 -0.0150985717773438 0.23529052734375 -0.6279296875
0.0181083679199219 0.00550079345703125 0.806396484375 -0.1346435546875
-0.0165691375732422 -0.0145187377929688 0.68048095703125 0.686279296875
-0.00458192825317383 0.00360822677612305 0.033203125 0.77667236328125
-0.00240278244018555 0.00548505783081055 -0.0129241943359375 0.14923095703125
-0.00435233116149902 -0.00412869453430176 0.19940185546875 -0.623291015625
0.0088348388671875 -0.0180892944335937 -0.41400146484375 -0.90899658203125
0.0197372436523438 -0.0115509033203125 -0.871337890625 -0.1121826171875
0.0212192535400391 -0.0240554809570313 -0.394866943359375 0.56201171875
0.0206565856933594 -0.0416679382324219 0.111114501953125 0.500244140625
-0.00484275817871094 -0.0248012542724609 0.341827392578125 0.06884765625
-0.0137510299682617 -0.0077667236328125 0.262863159179688 -0.245559692382813
-0.0362281799316406 -0.0281639099121094 -0.2015380859375 0.274627685546875
0.006378173828125 -0.0467071533203125 -0.310455322265625 0.00610351562500006
0.0105361938476562 -0.0514030456542969 -0.21514892578125 -0.39996337890625
0.0318660736083984 -0.0239524841308594 0.23382568359375 -0.62542724609375
0.036041259765625 0.00565719604492187 0.8076171875 -0.131103515625
-0.000470638275146485 0.00226044654846191 0.6793212890625 0.682861328125
-0.00893974304199219 0.0305862426757813 0.03790283203125 0.76336669921875
-0.0269737243652344 0.0300006866455078 0.00229644775390625 0.137397766113281
-0.0154933929443359 0.0234317779541016 0.2071533203125 -0.63629150390625
0.0200138092041016 0.00289344787597656 -0.41094970703125 -0.9140625
0.0375518798828125 -0.00549697875976563 -0.86895751953125 -0.1082763671875
0.033233642578125 -0.0317611694335938 -0.391876220703125 0.56219482421875
0.0251502990722656 -0.0498313903808594 0.10675048828125 0.49786376953125
-0.00893211364746094 -0.0314674377441406 0.3336181640625 0.068084716796875
-0.0193042755126953 -0.00952911376953125 0.253402709960938 -0.247543334960937
-0.0390167236328125 -0.0303993225097656 -0.215087890625 0.27386474609375
0.00235366821289062 -0.0495109558105469 -0.31927490234375 0.00213623046875005
0.00939178466796875 -0.0549850463867187 -0.213348388671875 -0.408111572265625
0.0378265380859375 -0.0273475646972656 0.24932861328125 -0.62445068359375
0.0486183166503906 0.00783920288085938 0.8160400390625 -0.10968017578125
0.0113897323608398 0.0151548385620117 0.6646728515625 0.694580078125
-0.01068115234375 0.0515861511230469 0.0332641601562499 0.74700927734375
-0.044464111328125 0.0497016906738281 0.02337646484375 0.114822387695313
-0.0206069946289062 0.0444145202636719 0.20721435546875 -0.65924072265625
0.0302104949951172 0.0164813995361328 -0.4315185546875 -0.9088134765625
0.050811767578125 -0.00228118896484375 -0.86566162109375 -0.0847778320312499
0.0388145446777344 -0.0356941223144531 -0.375 0.56884765625
0.025054931640625 -0.0536880493164063 0.114501953125 0.4903564453125
-0.0124454498291016 -0.0346317291259766 0.32598876953125 0.062896728515625
-0.0233192443847656 -0.0109024047851563 0.239273071289063 -0.252395629882813
-0.00359725952148437 -0.0329360961914063 -0.2060546875 0.25897216796875
0.0302944183349609 -0.000951766967773437 -0.28302001953125 -0.06005859375
-0.00337600708007812 0.0276584625244141 -0.136688232421875 -0.478912353515625
-0.0434112548828125 0.0521507263183594 0.3763427734375 -0.60186767578125
-0.0655784606933594 0.00688934326171876 0.84283447265625 0.04998779296875
-0.0460662841796875 -0.0993728637695313 0.52215576171875 0.83709716796875
0.0514297485351562 -0.0933380126953125 -0.0720214843750001 0.72393798828125
0.103355407714844 -0.0688934326171875 0.039337158203125 0.0507926940917969
0.0385055541992188 -0.101882934570313 0.07757568359375 -0.70782470703125
-0.032623291015625 -0.0872268676757813 -0.6300048828125 -0.76947021484375
-0.0624351501464844 -0.00157165527343751 -0.85577392578125 0.114501953125
-0.0301704406738281 0.0444488525390625 -0.2425537109375 0.61285400390625
-0.0030059814453125 0.0217018127441406 0.21868896484375 0.430145263671875
0.0142593383789063 0.0168561935424805 0.361358642578125 -0.003814697265625
0.0106029510498047 -0.00827789306640625 0.241302490234375 -0.266311645507813
-0.00750732421875 -0.0287284851074219 -0.191986083984375 0.262481689453125
0.03021240234375 -0.00679588317871094 -0.280960083007813 -0.04559326171875
0.00173568725585938 0.0193138122558594 -0.152587890625 -0.4599609375
-0.0341606140136719 0.0450553894042969 0.34259033203125 -0.6103515625
-0.0604591369628906 0.00777053833007813 0.83642578125 0.00152587890625
-0.0530624389648438 -0.0921249389648437 0.56488037109375 0.8072509765625
0.0413284301757813 -0.092803955078125 -0.05035400390625 0.752197265625
0.097930908203125 -0.070587158203125 0.0166473388671875 0.08428955078125
0.03656005859375 -0.100662231445313 0.09906005859375 -0.6820068359375
-0.0316925048828125 -0.0867385864257813 -0.58734130859375 -0.8045654296875
-0.0589523315429688 -0.00856781005859375 -0.86846923828125 0.06280517578125
-0.0289630889892578 0.0346412658691406 -0.279052734375 0.60455322265625
-0.00136661529541015 0.014124870300293 0.20074462890625 0.44976806640625
0.012751579284668 0.0120658874511719 0.363800048828125 0.00958251953125
0.00802469253540039 -0.00568819046020508 0.251327514648438 -0.26123046875
-0.0112247467041016 -0.0289554595947266 -0.184341430664063 0.267425537109375
0.0281162261962891 -0.0146236419677734 -0.283599853515625 -0.029083251953125
0.00571918487548828 0.00338411331176758 -0.17303466796875 -0.440155029296875
-0.0202960968017578 0.0322628021240234 0.30377197265625 -0.6217041015625
-0.0468559265136719 0.00949478149414063 0.82806396484375 -0.052490234375
-0.0534515380859375 -0.07684326171875 0.609130859375 0.76953125
0.0274505615234375 -0.0792160034179688 -0.0255737304687499 0.77001953125
0.0814132690429688 -0.0623931884765625 -0.00266265869140626 0.115074157714844
0.03167724609375 -0.0864791870117188 0.12615966796875 -0.6585693359375
-0.0237655639648437 -0.0797271728515625 -0.53814697265625 -0.83905029296875
-0.0463485717773438 -0.0142440795898437 -0.8765869140625 0.00817871093750016
-0.0214633941650391 0.0196647644042969 -0.31787109375 0.5982666015625
0.00165879726409912 0.00074458122253418 0.176544189453125 0.47052001953125
0.00934028625488281 0.00474834442138672 0.36370849609375 0.02685546875
0.00438976287841797 -0.00492763519287109 0.26226806640625 -0.256759643554688
-0.0165882110595703 -0.0263900756835937 -0.179931640625 0.272048950195313
0.0228691101074219 -0.0244693756103516 -0.28790283203125 -0.0142822265625
0.00923538208007812 -0.0137529373168945 -0.190826416015625 -0.42303466796875
-0.00550365447998047 0.0163850784301758 0.2705078125 -0.6300048828125
-0.0269088745117188 0.00978279113769532 0.82080078125 -0.09820556640625
-0.0468597412109375 -0.0566253662109375 0.64886474609375 0.7320556640625
0.0142059326171875 -0.0556869506835937 0.00372314453124995 0.78240966796875
0.0566940307617188 -0.044403076171875 -0.0141372680664062 0.138618469238281
0.02130126953125 -0.0635833740234375 0.15191650390625 -0.63824462890625
-0.0142936706542969 -0.06390380859375 -0.4913330078125 -0.87054443359375
-0.0273513793945313 -0.0178165435791016 -0.88299560546875 -0.0444946289062502
-0.00986862182617188 0.00295639038085938 -0.35302734375 0.5865478515625
0.00830078125 -0.0144205093383789 0.152191162109375 0.48736572265625
0.00456094741821289 -0.00403881072998047 0.359405517578125 0.043365478515625
-0.00097513198852539 -0.00491666793823242 0.267669677734375 -0.25140380859375
-0.0232200622558594 -0.0252265930175781 -0.182373046875 0.275421142578125
0.0165767669677734 -0.0334739685058594 -0.294189453125 -0.00143432617187502
0.0112171173095703 -0.0297698974609375 -0.2069091796875 -0.40771484375
0.00889110565185547 -0.000247955322265625 0.24432373046875 -0.633056640625
-0.00395059585571289 0.00818300247192383 0.81378173828125 -0.13165283203125
-0.0333805084228516 -0.0347423553466797 0.67913818359375 0.69970703125
0.00294303894042969 -0.0268783569335938 0.0281372070312501 0.787109375
0.0271625518798828 -0.0200366973876953 -0.0180206298828125 0.151809692382813
0.00826072692871094 -0.0347080230712891 0.17291259765625 -0.62896728515625
-0.00257492065429687 -0.0419158935546875 -0.45318603515625 -0.8934326171875
-0.00477886199951172 -0.01611328125 -0.8836669921875 -0.0816650390625001
0.00517368316650391 -0.0124025344848633 -0.37908935546875 0.578125
0.0140876770019531 -0.0296573638916016 0.1319580078125 0.49920654296875
-0.000498771667480469 -0.0149316787719727 0.35260009765625 0.057220458984375
-0.00768327713012695 -0.0058135986328125 0.268096923828125 -0.248779296875
-0.0313034057617187 -0.0259799957275391 -0.188079833984375 0.278427124023438
0.0108375549316406 -0.0417823791503906 -0.30230712890625 0.00726318359375
0.0108604431152344 -0.0426597595214844 -0.2174072265625 -0.39898681640625
0.021636962890625 -0.0154857635498047 0.23114013671875 -0.6343994140625
0.0181980133056641 0.00476837158203125 0.80938720703125 -0.1448974609375
-0.0173063278198242 -0.014892578125 0.69085693359375 0.68402099609375
-0.00453424453735352 0.00439167022705078 0.04144287109375 0.78173828125
-0.00209188461303711 0.00626087188720703 -0.011627197265625 0.151046752929688
-0.00485134124755859 -0.00347185134887695 0.19293212890625 -0.62908935546875
0.00893592834472656 -0.0183219909667969 -0.42608642578125 -0.910400390625
0.0195903778076172 -0.0117359161376953 -0.879638671875 -0.10418701171875
0.0206928253173828 -0.0249385833740234 -0.39154052734375 0.56976318359375
0.0204696655273438 -0.041015625 0.117767333984375 0.502197265625
-0.00550651550292969 -0.0254497528076172 0.344329833984375 0.065155029296875
-0.0146150588989258 -0.0063323974609375 0.261550903320313 -0.250244140625
-0.0359153747558594 -0.0265350341796875 -0.198532104492188 0.279449462890625
0.00542068481445313 -0.0469322204589844 -0.31219482421875 0.00955200195312501
0.00959014892578125 -0.0513458251953125 -0.222137451171875 -0.399169921875
0.0322647094726563 -0.0245323181152344 0.22845458984375 -0.63275146484375
0.0359840393066406 0.00445938110351562 0.81121826171875 -0.14349365234375
-0.00134611129760742 0.00224137306213379 0.69317626953125 0.67816162109375
-0.00865936279296875 0.0307292938232422 0.046630859375 0.76861572265625
-0.0270633697509766 0.031463623046875 0.00320434570312501 0.1387939453125
-0.0154209136962891 0.0245018005371094 0.20245361328125 -0.64141845703125
0.0198574066162109 0.0025634765625 -0.42279052734375 -0.912841796875
0.0386772155761719 -0.00664520263671875 -0.87640380859375 -0.1029052734375
0.0331287384033203 -0.0325431823730469 -0.3883056640625 0.57037353515625
0.0235862731933594 -0.0514640808105469 0.113555908203125 0.499542236328125
-0.00970649719238281 -0.0317878723144531 0.335174560546875 0.06597900390625
-0.0195846557617188 -0.0084686279296875 0.251205444335938 -0.251846313476563
-0.0392570495605469 -0.0287895202636719 -0.2122802734375 0.278274536132813
0.00112533569335938 -0.05010986328125 -0.320709228515625 0.005950927734375
0.00968170166015625 -0.0555610656738281 -0.219329833984375 -0.4080810546875
0.0383758544921875 -0.0279579162597656 0.24298095703125 -0.63189697265625
0.0484275817871094 0.00661849975585938 0.81854248046875 -0.120849609375
0.0116329193115234 0.0136289596557617 0.67620849609375 0.68988037109375
-0.0100936889648437 0.0526542663574219 0.03997802734375 0.7515869140625
-0.0448341369628906 0.0512504577636719 0.0237274169921875 0.114791870117188
-0.0210647583007813 0.045562744140625 0.2015380859375 -0.6649169921875
0.0302906036376953 0.0164833068847656 -0.44439697265625 -0.90869140625
0.0509719848632813 -0.00320053100585938 -0.87310791015625 -0.07647705078125
0.0387458801269531 -0.0365180969238281 -0.373291015625 0.57647705078125
0.0246200561523438 -0.0541877746582031 0.119903564453125 0.491912841796875
-0.0130062103271484 -0.0347690582275391 0.328582763671875 0.059967041015625
-0.0234870910644531 -0.00990867614746094 0.237747192382813 -0.256484985351563
-0.00446891784667969 -0.0314979553222656 -0.202774047851563 0.26226806640625
0.0305595397949219 -0.00123405456542969 -0.286102294921875 -0.056976318359375
-0.00293350219726562 0.0283145904541016 -0.14251708984375 -0.4803466796875
-0.0425033569335938 0.0547142028808594 0.3709716796875 -0.6102294921875
-0.0663871765136719 0.00721359252929687 0.849365234375 0.03790283203125
-0.0484466552734375 -0.0995864868164063 0.53729248046875 0.8349609375
0.0507583618164063 -0.0937042236328125 -0.0636596679687499 0.73016357421875
0.103065490722656 -0.069793701171875 0.0403289794921875 0.0508308410644531
0.0375213623046875 -0.101692199707031 0.070556640625 -0.71258544921875
-0.033782958984375 -0.086181640625 -0.6416015625 -0.76568603515625
-0.0626220703125 -0.00122451782226561 -0.8603515625 0.1253662109375
-0.0314140319824219 0.0461273193359375 -0.23675537109375 0.61883544921875
-0.00344085693359375 0.0220279693603516 0.226654052734375 0.430694580078125
0.0145063400268555 0.0172100067138672 0.3616943359375 -0.00927734375
0.0103979110717773 -0.00710582733154297 0.239212036132813 -0.27020263671875
-0.00811195373535156 -0.0276565551757813 -0.188308715820313 0.266586303710938
0.0295982360839844 -0.0072174072265625 -0.28387451171875 -0.041534423828125
0.00197982788085938 0.0193634033203125 -0.1585693359375 -0.4608154296875
-0.0331649780273438 0.0460205078125 0.33685302734375 -0.61859130859375
-0.0609970092773437 0.0080413818359375 0.8404541015625 -0.01007080078125
-0.054718017578125 -0.0929031372070313 0.57940673828125 0.80426025390625
0.040771484375 -0.09228515625 -0.04400634765625 0.75738525390625
0.0979156494140625 -0.07110595703125 0.017608642578125 0.0845794677734375
0.0358123779296875 -0.100471496582031 0.09283447265625 -0.68841552734375
-0.0324172973632813 -0.0870285034179688 -0.6002197265625 -0.80206298828125
-0.0596160888671875 -0.0081329345703125 -0.87274169921875 0.0724487304687498
-0.0287208557128906 0.0351448059082031 -0.2750244140625 0.6123046875
-0.001922607421875 0.0140008926391602 0.206756591796875 0.449066162109375
0.0128564834594727 0.0124444961547852 0.366455078125 0.006866455078125
0.00781488418579102 -0.00409364700317383 0.248916625976563 -0.265716552734375
-0.0117931365966797 -0.0267734527587891 -0.180801391601562 0.271316528320313
0.0270862579345703 -0.0150260925292969 -0.284576416015625 -0.025390625
0.00555992126464844 0.00404262542724609 -0.179656982421875 -0.440185546875
-0.0201911926269531 0.0332508087158203 0.29827880859375 -0.62860107421875
-0.0469169616699219 0.00931549072265624 0.83270263671875 -0.06219482421875
-0.055328369140625 -0.0774002075195313 0.62213134765625 0.7679443359375
0.0269622802734375 -0.0801849365234375 -0.01715087890625 0.77496337890625
0.0819320678710937 -0.0636215209960938 -0.00164031982421873 0.116500854492188
0.0301284790039062 -0.0872573852539063 0.1192626953125 -0.66162109375
-0.0251083374023438 -0.0798263549804688 -0.54998779296875 -0.83648681640625
-0.0467109680175781 -0.0139579772949219 -0.88299560546875 0.0181884765625
-0.0211734771728516 0.0197505950927734 -0.3125 0.60418701171875
0.00146520137786865 0.00146830081939697 0.1846923828125 0.470123291015625
0.0086979866027832 0.00541543960571289 0.365203857421875 0.022216796875
0.00410223007202148 -0.00434637069702148 0.260467529296875 -0.261520385742188
-0.0174274444580078 -0.0260772705078125 -0.177047729492187 0.275314331054688
0.02252197265625 -0.0242671966552734 -0.289398193359375 -0.0102844238281251
0.00952243804931641 -0.0131082534790039 -0.1988525390625 -0.42315673828125
-0.0047311782836914 0.01739501953125 0.263671875 -0.6375732421875
-0.0271415710449219 0.00928306579589844 0.824951171875 -0.1085205078125
-0.0477485656738281 -0.0565223693847656 0.664306640625 0.72998046875
0.0136528015136719 -0.0560150146484375 0.0125732421875 0.78753662109375
0.05615234375 -0.0443840026855469 -0.0135879516601562 0.139976501464844
0.0206985473632813 -0.063751220703125 0.144775390625 -0.64337158203125
-0.014739990234375 -0.0641250610351563 -0.50244140625 -0.86798095703125
-0.0279312133789063 -0.0172080993652344 -0.8885498046875 -0.03436279296875
-0.0093841552734375 0.0030975341796875 -0.34808349609375 0.5950927734375
0.00717926025390625 -0.0141334533691406 0.15869140625 0.488037109375
0.00438213348388672 -0.00465726852416992 0.3612060546875 0.039520263671875
-0.00147247314453125 -0.00385189056396484 0.2662353515625 -0.256942749023438
-0.0233612060546875 -0.0243663787841797 -0.178665161132812 0.279144287109375
0.0154933929443359 -0.0336780548095703 -0.295684814453125 0.002777099609375
0.00997734069824219 -0.0298404693603516 -0.21234130859375 -0.40704345703125
0.0100517272949219 -0.000277519226074219 0.23785400390625 -0.63958740234375
-0.00408220291137695 0.00748968124389648 0.8175048828125 -0.1419677734375
-0.0347480773925781 -0.0355758666992188 0.6922607421875 0.695556640625
0.00244712829589844 -0.0265789031982422 0.0373535156250001 0.79119873046875
0.0269660949707031 -0.0193309783935547 -0.017059326171875 0.152359008789062
0.00789451599121094 -0.034271240234375 0.1676025390625 -0.63262939453125
-0.00363922119140625 -0.042724609375 -0.465576171875 -0.8946533203125
-0.00455379486083984 -0.0158796310424805 -0.89093017578125 -0.0730590820312498
0.00507736206054688 -0.0125017166137695 -0.3751220703125 0.584228515625
0.0137920379638672 -0.0290012359619141 0.13824462890625 0.5
-0.00135898590087891 -0.0150871276855469 0.353759765625 0.053009033203125
-0.00759458541870117 -0.00512790679931641 0.266082763671875 -0.253936767578125
-0.0313568115234375 -0.0245742797851563 -0.184539794921875 0.282379150390625
0.00971221923828125 -0.0420036315917969 -0.30364990234375 0.0111694335937499
0.0102272033691406 -0.0430183410644531 -0.224517822265625 -0.39898681640625
0.0223903656005859 -0.0153865814208984 0.221923828125 -0.64141845703125
0.0175933837890625 0.00444602966308594 0.81182861328125 -0.15679931640625
-0.0176811218261719 -0.0153331756591797 0.70526123046875 0.677001953125
-0.00478887557983398 0.00471591949462891 0.05084228515625 0.784423828125
-0.00145387649536133 0.00778055191040039 -0.0106658935546875 0.152755737304688
-0.00509977340698242 -0.00338554382324219 0.18609619140625 -0.63360595703125
0.00773429870605468 -0.0185089111328125 -0.43853759765625 -0.90777587890625
0.0186653137207031 -0.0124225616455078 -0.88818359375 -0.0938110351562499
0.0213127136230469 -0.025482177734375 -0.38800048828125 0.5772705078125
0.0193595886230469 -0.0423660278320313 0.124420166015625 0.503173828125
-0.00550651550292969 -0.0241985321044922 0.3453369140625 0.06121826171875
-0.0151796340942383 -0.00564289093017578 0.259368896484375 -0.254623413085938
-0.0364112854003906 -0.0256462097167969 -0.195892333984375 0.282501220703125
0.00353622436523437 -0.0474472045898438 -0.3123779296875 0.01373291015625
0.00934600830078126 -0.0520591735839844 -0.22711181640625 -0.39825439453125
0.0320415496826172 -0.0243549346923828 0.220947265625 -0.640380859375
0.0362892150878906 0.0044403076171875 0.81524658203125 -0.154541015625
-0.00214469432830811 -1.64508819580083E-05 0.70672607421875 0.675537109375
-0.00878715515136718 0.0319595336914063 0.05560302734375 0.77142333984375
-0.0262813568115234 0.0332736968994141 0.00396728515625001 0.139572143554688
-0.0163745880126953 0.0252342224121094 0.1966552734375 -0.64654541015625
0.0202541351318359 0.00168037414550781 -0.436279296875 -0.91448974609375
0.0380897521972656 -0.00656890869140625 -0.884521484375 -0.0930175781250002
0.0326156616210938 -0.0338897705078125 -0.38409423828125 0.57720947265625
0.0229072570800781 -0.0507087707519531 0.11981201171875 0.500030517578125
-0.0106697082519531 -0.0314979553222656 0.33709716796875 0.060791015625
-0.0205821990966797 -0.00806236267089843 0.249267578125 -0.256561279296875
-0.0402336120605469 -0.0276679992675781 -0.209136962890625 0.283111572265625
-0.000278472900390628 -0.0511283874511719 -0.32269287109375 0.0101318359375001
0.008575439453125 -0.0558738708496094 -0.227264404296875 -0.408355712890625
0.0390625 -0.0274658203125 0.2364501953125 -0.639892578125
0.0485496520996094 0.0060882568359375 0.82293701171875 -0.1328125
0.0114879608154297 0.0125770568847656 0.6910400390625 0.68719482421875
-0.0099639892578125 0.052764892578125 0.0507812499999999 0.7552490234375
-0.0439682006835938 0.0527992248535156 0.0247344970703125 0.115814208984375
-0.0202293395996094 0.0460319519042969 0.1953125 -0.6693115234375
0.0305519104003906 0.0166664123535156 -0.45709228515625 -0.9090576171875
0.0516204833984375 -0.00408935546875 -0.87908935546875 -0.0686645507812502
0.0386810302734375 -0.0366401672363281 -0.3675537109375 0.5833740234375
0.0236854553222656 -0.0538520812988281 0.126434326171875 0.49261474609375
-0.0140781402587891 -0.0346202850341797 0.3306884765625 0.05572509765625
-0.0241928100585938 -0.00898361206054688 0.235015869140625 -0.260330200195313
-0.00516128540039062 -0.0306224822998047 -0.199066162109375 0.266845703125
0.0297431945800781 -0.00176048278808594 -0.287811279296875 -0.053009033203125
-0.00266838073730469 0.029205322265625 -0.14990234375 -0.479278564453125
-0.0413551330566406 0.0550689697265625 0.3626708984375 -0.61785888671875
-0.0671157836914063 0.00817489624023437 0.8525390625 0.0252685546875
-0.0502090454101562 -0.099884033203125 0.55059814453125 0.8311767578125
0.0502090454101562 -0.0947265625 -0.0546875 0.733642578125
0.103416442871094 -0.0701141357421875 0.0409622192382813 0.0510520935058594
0.0359573364257813 -0.101982116699219 0.0614013671875 -0.715087890625
-0.0352935791015625 -0.0867996215820313 -0.65386962890625 -0.76080322265625
-0.0627326965332031 -0.000320434570312487 -0.862548828125 0.13519287109375
-0.0303955078125 0.0468482971191406 -0.23004150390625 0.625
-0.00347137451171875 0.0219802856445313 0.23291015625 0.4283447265625
0.0147953033447266 0.0168218612670898 0.36175537109375 -0.01385498046875
0.0103311538696289 -0.00652408599853516 0.235214233398438 -0.275070190429688
-0.00799942016601562 -0.0269565582275391 -0.18536376953125 0.270294189453125
0.0296440124511719 -0.00753974914550781 -0.285125732421875 -0.038330078125
0.0022735595703125 0.0191364288330078 -0.16717529296875 -0.460174560546875
-0.0320167541503906 0.047607421875 0.32708740234375 -0.62823486328125
-0.0616455078125 0.00851821899414062 0.84228515625 -0.02252197265625
-0.057159423828125 -0.093475341796875 0.5928955078125 0.80181884765625
0.0394821166992188 -0.093475341796875 -0.03289794921875 0.76177978515625
0.09808349609375 -0.0715103149414063 0.0183639526367188 0.0854110717773438
0.034942626953125 -0.100189208984375 0.0855712890625 -0.691650390625
-0.0338287353515625 -0.0871963500976563 -0.6129150390625 -0.79644775390625
-0.0603790283203125 -0.0076904296875 -0.8763427734375 0.08538818359375
-0.0282859802246094 0.03582763671875 -0.26690673828125 0.6182861328125
-0.00175857543945312 0.0145483016967773 0.2137451171875 0.449462890625
0.0133209228515625 0.0120096206665039 0.36541748046875 0.000366210937500001
0.00771188735961914 -0.00299167633056641 0.245742797851562 -0.2706298828125
-0.0113849639892578 -0.02667236328125 -0.17718505859375 0.275009155273438
0.0268192291259766 -0.0150527954101563 -0.28582763671875 -0.0223388671875
0.00617027282714844 0.00427913665771484 -0.18682861328125 -0.439483642578125
-0.0191230773925781 0.0344467163085938 0.28912353515625 -0.63592529296875
-0.0473747253417969 0.00960922241210937 0.8369140625 -0.07708740234375
-0.057525634765625 -0.0778884887695313 0.63641357421875 0.76153564453125
0.0258407592773438 -0.0806961059570313 -0.00683593749999999 0.779052734375
0.08203125 -0.063568115234375 -0.000358581542968755 0.117485046386719
0.0290298461914062 -0.0873336791992188 0.1112060546875 -0.6668701171875
-0.0264358520507813 -0.0787734985351563 -0.5631103515625 -0.83233642578125
-0.0475921630859375 -0.0139312744140625 -0.8870849609375 0.029541015625
-0.0215435028076172 0.02093505859375 -0.30657958984375 0.610107421875
0.0014500617980957 0.000683307647705078 0.1907958984375 0.469482421875
0.00901699066162109 0.00510406494140625 0.365234375 0.01763916015625
0.00446557998657227 -0.00306940078735352 0.257644653320313 -0.26617431640625
-0.0174808502197266 -0.0239048004150391 -0.172836303710938 0.279327392578125
0.0212268829345703 -0.0251216888427734 -0.290679931640625 -0.00643920898437502
0.00926494598388672 -0.0129251480102539 -0.2049560546875 -0.421966552734375
-0.00482940673828125 0.0177268981933594 0.2548828125 -0.6436767578125
-0.0271778106689453 0.0103359222412109 0.8272705078125 -0.12200927734375
-0.0495796203613281 -0.0571403503417969 0.67596435546875 0.7216796875
0.0130157470703125 -0.0566062927246094 0.02239990234375 0.78985595703125
0.0563926696777344 -0.04449462890625 -0.0125274658203125 0.14166259765625
0.0198211669921875 -0.0635223388671875 0.137451171875 -0.646484375
-0.0161247253417969 -0.063690185546875 -0.5162353515625 -0.86578369140625
-0.0284442901611328 -0.0173282623291016 -0.89385986328125 -0.0249023437499999
-0.00979804992675781 0.00320148468017578 -0.34222412109375 0.60101318359375
0.00660991668701172 -0.0142965316772461 0.165924072265625 0.48736572265625
0.00360441207885742 -0.00426483154296875 0.363128662109375 0.033966064453125
-0.00133609771728516 -0.00276398658752441 0.263259887695313 -0.262298583984375
-0.0242118835449219 -0.0226478576660156 -0.17340087890625 0.28240966796875
0.0142650604248047 -0.0342369079589844 -0.296295166015625 0.00726318359374997
0.00972557067871094 -0.0302066802978516 -0.219146728515625 -0.406036376953125
0.0104684829711914 -1.43051147460938E-05 0.228515625 -0.64678955078125
-0.0045628547668457 0.00724887847900391 0.8187255859375 -0.1568603515625
-0.0360946655273437 -0.0364990234375 0.7041015625 0.68963623046875
0.00251197814941407 -0.0267791748046875 0.0479736328125 0.7938232421875
0.0270023345947266 -0.0196685791015625 -0.014801025390625 0.154586791992188
0.00748443603515625 -0.0339984893798828 0.16119384765625 -0.63763427734375
-0.00439071655273438 -0.0430450439453125 -0.47784423828125 -0.8905029296875
-0.00486278533935547 -0.0161781311035156 -0.89520263671875 -0.0623779296875001
0.00536251068115234 -0.013087272644043 -0.3695068359375 0.59368896484375
0.0128345489501953 -0.0293674468994141 0.145263671875 0.5003662109375
-0.00179672241210937 -0.0141201019287109 0.35540771484375 0.048004150390625
-0.00806331634521484 -0.00363349914550781 0.263031005859375 -0.2591552734375
-0.0315113067626953 -0.0225448608398438 -0.179046630859375 0.28594970703125
0.007568359375 -0.0421791076660156 -0.304443359375 0.015625
0.009674072265625 -0.0431976318359375 -0.230438232421875 -0.39715576171875
0.0227603912353516 -0.0146751403808594 0.21441650390625 -0.646484375
0.0174360275268555 0.00413036346435547 0.8155517578125 -0.17010498046875
-0.0193824768066406 -0.0164337158203125 0.717529296875 0.67169189453125
-0.00497055053710938 0.00453662872314453 0.06207275390625 0.78765869140625
-0.000900745391845703 0.00769615173339844 -0.0086669921875 0.153900146484375
-0.00543308258056641 -0.00244140625 0.17803955078125 -0.63818359375
0.00750541687011719 -0.0178012847900391 -0.45257568359375 -0.9072265625
0.0186824798583984 -0.0125102996826172 -0.89312744140625 -0.0835571289062499
0.0214881896972656 -0.0258026123046875 -0.38275146484375 0.58380126953125
0.0190238952636719 -0.0423316955566406 0.13140869140625 0.503875732421875
-0.0069427490234375 -0.0245418548583984 0.347015380859375 0.05523681640625
-0.0144662857055664 -0.00434684753417969 0.256622314453125 -0.259475708007813
-0.0370368957519531 -0.0236434936523437 -0.191192626953125 0.28741455078125
0.00159454345703125 -0.0476188659667969 -0.314117431640625 0.0180053710937499
0.00919342041015625 -0.0530052185058594 -0.234344482421875 -0.397857666015625
0.0324726104736328 -0.0252361297607422 0.213134765625 -0.64642333984375
0.0359878540039063 0.00225830078125 0.81597900390625 -0.16656494140625
-0.00229096412658691 -0.000735282897949218 0.718017578125 0.67041015625
-0.00801658630371094 0.0325946807861328 0.06658935546875 0.7745361328125
-0.0259189605712891 0.0342750549316406 0.00544738769531249 0.1407470703125
-0.0161552429199219 0.0263156890869141 0.1890869140625 -0.65087890625
0.0200252532958984 0.00246620178222656 -0.45025634765625 -0.91290283203125
0.0381622314453125 -0.00797653198242188 -0.88818359375 -0.0819702148437502
0.0323696136474609 -0.0340156555175781 -0.37908935546875 0.58331298828125
0.0217247009277344 -0.0514488220214844 0.126983642578125 0.500885009765625
-0.0116634368896484 -0.0308952331542969 0.3382568359375 0.056488037109375
-0.0209751129150391 -0.00606536865234375 0.24615478515625 -0.260757446289063
-0.0409126281738281 -0.0256881713867188 -0.20513916015625 0.286895751953125
-0.0018157958984375 -0.0507583618164063 -0.322967529296875 0.0139465332031251
0.00771331787109375 -0.0558128356933594 -0.23297119140625 -0.405975341796875
0.0385284423828125 -0.0274543762207031 0.22723388671875 -0.64630126953125
0.0486412048339844 0.004486083984375 0.8255615234375 -0.14556884765625
0.0112180709838867 0.0113639831542969 0.70404052734375 0.68194580078125
-0.00888824462890625 0.0533485412597656 0.060791015625 0.75830078125
-0.0430068969726562 0.0545196533203125 0.0262985229492187 0.117034912109375
-0.021087646484375 0.0475387573242187 0.1881103515625 -0.67437744140625
0.0303440093994141 0.0162715911865234 -0.46881103515625 -0.9066162109375
0.0516433715820312 -0.00528717041015625 -0.88482666015625 -0.0565795898437498
0.0382041931152344 -0.0378265380859375 -0.3636474609375 0.588134765625
0.02197265625 -0.0551719665527344 0.133148193359375 0.491790771484375
-0.0150299072265625 -0.0336666107177734 0.33160400390625 0.050628662109375
-0.0247898101806641 -0.00697898864746094 0.23150634765625 -0.265533447265625
-0.00513267517089843 -0.0294227600097656 -0.194366455078125 0.269851684570312
0.0290813446044922 -0.00204658508300781 -0.288848876953125 -0.0497436523437501
-0.00252532958984375 0.0293159484863281 -0.158447265625 -0.479095458984375
-0.0404586791992187 0.05621337890625 0.35321044921875 -0.6253662109375
-0.0673446655273438 0.00847625732421876 0.8541259765625 0.01153564453125
-0.0516510009765625 -0.100418090820313 0.5654296875 0.82550048828125
0.0486221313476562 -0.0947418212890625 -0.0442504882812499 0.73541259765625
0.103477478027344 -0.07086181640625 0.0423431396484375 0.0509681701660156
0.035308837890625 -0.102066040039063 0.0521850585937501 -0.7183837890625
-0.0369110107421875 -0.0856552124023438 -0.66632080078125 -0.75390625
-0.062835693359375 0.00129318237304688 -0.864013671875 0.14825439453125
-0.0294914245605469 0.0466957092285156 -0.22344970703125 0.63006591796875
-0.00375747680664063 0.0227832794189453 0.23907470703125 0.426361083984375
0.013829231262207 0.0172586441040039 0.36236572265625 -0.01898193359375
0.010498046875 -0.00506210327148438 0.232147216796875 -0.2781982421875
-0.0082244873046875 -0.0253658294677734 -0.179718017578125 0.27313232421875
0.0288372039794922 -0.00869560241699219 -0.28662109375 -0.034088134765625
0.00211143493652344 0.0195903778076172 -0.175445556640625 -0.458831787109375
-0.0310440063476563 0.04827880859375 0.3179931640625 -0.63348388671875
-0.0614128112792969 0.00870895385742188 0.84564208984375 -0.03662109375
-0.0591812133789063 -0.0930862426757813 0.60699462890625 0.79486083984375
0.03887939453125 -0.0942001342773438 -0.022216796875 0.76123046875
0.097564697265625 -0.0725631713867188 0.0196456909179688 0.086090087890625
0.0337448120117188 -0.100532531738281 0.07568359375 -0.69378662109375
-0.0350112915039063 -0.0861892700195313 -0.62445068359375 -0.7894287109375
-0.0607681274414063 -0.00661468505859376 -0.87908935546875 0.0964965820312498
-0.0271530151367187 0.0359725952148438 -0.26031494140625 0.62200927734375
-0.00194454193115234 0.0143795013427734 0.221710205078125 0.446014404296875
0.0128555297851563 0.0122661590576172 0.3660888671875 -0.00494384765625
0.00819873809814453 -0.0022273063659668 0.2425537109375 -0.274078369140625
-0.0121021270751953 -0.0244560241699219 -0.172271728515625 0.277572631835938
0.0259819030761719 -0.0164852142333984 -0.28729248046875 -0.01812744140625
0.00622701644897461 0.00407934188842773 -0.1929931640625 -0.439300537109375
-0.0178203582763672 0.0344791412353516 0.27996826171875 -0.6416015625
-0.0469245910644531 0.0105323791503906 0.83502197265625 -0.0897216796875
-0.0590133666992187 -0.0777816772460938 0.65045166015625 0.75311279296875
0.0249481201171875 -0.080108642578125 0.00469970703125004 0.780029296875
0.0808258056640625 -0.0638961791992188 0.000564575195312517 0.1177978515625
0.0280303955078125 -0.0865554809570312 0.10394287109375 -0.66796875
-0.0279617309570313 -0.0786285400390625 -0.57421875 -0.82598876953125
-0.0474319458007813 -0.0128936767578125 -0.89068603515625 0.0409545898437501
-0.0213546752929688 0.0206394195556641 -0.300048828125 0.615478515625
0.00156283378601074 0.00155341625213623 0.196868896484375 0.468353271484375
0.0084834098815918 0.00509309768676758 0.36590576171875 0.01275634765625
0.00392866134643555 -0.00235986709594727 0.254730224609375 -0.270370483398438
-0.0175113677978516 -0.0229148864746094 -0.168212890625 0.28204345703125
0.0199756622314453 -0.0254230499267578 -0.290924072265625 -0.00213623046874995
0.008636474609375 -0.0132198333740234 -0.211334228515625 -0.41973876953125
-0.00297927856445313 0.0184364318847656 0.246337890625 -0.64984130859375
-0.0278854370117188 0.00931358337402344 0.82659912109375 -0.13671875
-0.0508880615234375 -0.0570220947265625 0.687744140625 0.7142333984375
0.0114173889160156 -0.0567131042480469 0.0335083007812499 0.79205322265625
0.05694580078125 -0.0444107055664063 -0.0098114013671875 0.14263916015625
0.0193138122558594 -0.064117431640625 0.12939453125 -0.65020751953125
-0.0175323486328125 -0.063018798828125 -0.5291748046875 -0.85943603515625
-0.0284137725830078 -0.0169563293457031 -0.89776611328125 -0.0108642578125
-0.00950145721435547 0.00324440002441406 -0.33721923828125 0.60638427734375
0.00609588623046875 -0.0142021179199219 0.171630859375 0.485870361328125
0.00327181816101074 -0.00419235229492188 0.36260986328125 0.028961181640625
-0.000637054443359375 -0.00172936916351318 0.259796142578125 -0.266616821289063
-0.0240669250488281 -0.0217838287353516 -0.1695556640625 0.286041259765625
0.0134220123291016 -0.0339870452880859 -0.296630859375 0.0111694335937501
0.0098419189453125 -0.0293922424316406 -0.2261962890625 -0.4046630859375
0.0105075836181641 0.000996589660644531 0.2181396484375 -0.65234375
-0.00509119033813477 0.00667858123779297 0.81903076171875 -0.1683349609375
-0.0369110107421875 -0.036651611328125 0.71728515625 0.68170166015625
0.00157737731933593 -0.0266132354736328 0.0571899414062501 0.79583740234375
0.0282516479492187 -0.0191783905029297 -0.0137176513671875 0.155288696289063
0.00678443908691406 -0.0327816009521484 0.1514892578125 -0.63995361328125
-0.00477218627929688 -0.0420608520507813 -0.49078369140625 -0.88702392578125
-0.00461196899414062 -0.016392707824707 -0.8995361328125 -0.0501708984375002
0.00498104095458984 -0.0134487152099609 -0.36236572265625 0.5985107421875
0.0124149322509766 -0.0293807983398438 0.152069091796875 0.499847412109375
-0.00265407562255859 -0.0141706466674805 0.3560791015625 0.043548583984375
-0.00771760940551758 -0.00253868103027344 0.259567260742188 -0.263641357421875
-0.0311698913574219 -0.0211124420166016 -0.17437744140625 0.289276123046875
0.00616455078125 -0.0429458618164063 -0.304473876953125 0.0193786621093749
0.008544921875 -0.0442314147949219 -0.236480712890625 -0.39520263671875
0.0236530303955078 -0.0149765014648438 0.20440673828125 -0.65289306640625
0.0169277191162109 0.00326728820800781 0.8131103515625 -0.182861328125
-0.0192108154296875 -0.0166702270507812 0.72979736328125 0.6639404296875
-0.00445699691772461 0.00455713272094726 0.0730590820312501 0.78778076171875
-0.000813484191894531 0.00888347625732422 -0.00718688964843749 0.155120849609375
-0.00544023513793945 -0.0018768310546875 0.17022705078125 -0.64227294921875
0.00669670104980469 -0.0187091827392578 -0.46563720703125 -0.90399169921875
0.0188941955566406 -0.0120716094970703 -0.8963623046875 -0.0725097656249998
0.020172119140625 -0.0267181396484375 -0.37542724609375 0.59149169921875
0.017425537109375 -0.0427894592285156 0.138916015625 0.502899169921875
-0.00773048400878906 -0.023834228515625 0.347442626953125 0.051361083984375
-0.0149669647216797 -0.00267982482910157 0.252471923828125 -0.263153076171875
-0.0371627807617187 -0.0218887329101563 -0.186370849609375 0.290740966796875
0.00060653686523437 -0.04742431640625 -0.313201904296875 0.022369384765625
0.00760650634765625 -0.0523529052734375 -0.24072265625 -0.395477294921875
0.0323028564453125 -0.0249881744384766 0.20306396484375 -0.65032958984375
0.0350303649902344 0.00164413452148438 0.81488037109375 -0.1805419921875
-0.00288677215576172 -0.00124716758728027 0.7308349609375 0.66058349609375
-0.00791549682617187 0.0326099395751953 0.07574462890625 0.77581787109375
-0.0256423950195313 0.03631591796875 0.00659179687499999 0.14166259765625
-0.0163192749023438 0.0271663665771484 0.17962646484375 -0.65386962890625
0.0188560485839844 0.00178337097167969 -0.462890625 -0.90728759765625
0.0390243530273438 -0.00839614868164062 -0.893798828125 -0.0704345703124998
0.0323009490966797 -0.0347843170166016 -0.37322998046875 0.58978271484375
0.0209274291992188 -0.0523567199707031 0.13348388671875 0.500579833984375
-0.0121936798095703 -0.0307178497314453 0.339324951171875 0.052459716796875
-0.0205783843994141 -0.00445938110351563 0.24200439453125 -0.265304565429687
-0.0411415100097656 -0.0241889953613281 -0.19970703125 0.290069580078125
-0.00347518920898437 -0.0499076843261719 -0.322906494140625 0.01898193359375
0.00771713256835937 -0.0557174682617188 -0.238861083984375 -0.40399169921875
0.0392265319824219 -0.0284423828125 0.21759033203125 -0.65093994140625
0.0480766296386719 0.0034332275390625 0.82391357421875 -0.15887451171875
0.0112504959106445 0.0103158950805664 0.715576171875 0.67364501953125
-0.00883102416992187 0.0537757873535156 0.0702514648437499 0.75897216796875
-0.0417137145996094 0.0564994812011719 0.0274810791015625 0.117347717285156
-0.0194244384765625 0.0482826232910156 0.1785888671875 -0.6783447265625
0.0302143096923828 0.0164737701416016 -0.4814453125 -0.901611328125
0.0514793395996094 -0.00511932373046875 -0.8890380859375 -0.0451660156249998
0.0380325317382813 -0.0385322570800781 -0.35565185546875 0.59564208984375
0.0209426879882813 -0.0551261901855469 0.139739990234375 0.490997314453125
-0.0164737701416016 -0.0333003997802734 0.33160400390625 0.045623779296875
-0.0250225067138672 -0.00567817687988282 0.228256225585938 -0.269851684570313
-0.00622177124023437 -0.0284309387207031 -0.189010620117188 0.273330688476562
0.0277481079101563 -0.00242042541503906 -0.2890625 -0.045196533203125
-0.00197601318359375 0.0294246673583984 -0.16656494140625 -0.47662353515625
-0.0395431518554688 0.0570030212402344 0.3431396484375 -0.63238525390625
-0.0668983459472656 0.00809860229492186 0.85382080078125 -0.0009765625
-0.054901123046875 -0.10003662109375 0.577880859375 0.81793212890625
0.047454833984375 -0.0959548950195313 -0.0329589843750001 0.73577880859375
0.10284423828125 -0.0723953247070313 0.0426063537597656 0.0510940551757812
0.0336456298828125 -0.102523803710938 0.0426025390625001 -0.71832275390625
-0.0380172729492187 -0.0852127075195313 -0.67626953125 -0.74212646484375
-0.0637741088867187 0.00122070312499999 -0.861083984375 0.161376953125
-0.0284881591796875 0.0471420288085938 -0.2139892578125 0.6317138671875
-0.00306320190429687 0.0232067108154297 0.244598388671875 0.422607421875
0.0139102935791016 0.0166749954223633 0.359649658203125 -0.025421142578125
0.0107393264770508 -0.00478458404541016 0.227386474609375 -0.2823486328125
-0.00911903381347656 -0.0237846374511719 -0.174636840820313 0.276077270507813
0.0282993316650391 -0.00864791870117187 -0.286407470703125 -0.0296630859374999
0.00293540954589844 0.0192203521728516 -0.1824951171875 -0.4566650390625
-0.029449462890625 0.0485115051269531 0.30841064453125 -0.6392822265625
-0.0619926452636719 0.00997161865234374 0.844970703125 -0.05029296875
-0.06103515625 -0.0925445556640625 0.6204833984375 0.78656005859375
0.0370254516601563 -0.0944290161132813 -0.0106201171875 0.76263427734375
0.0978622436523438 -0.0727081298828125 0.0214080810546875 0.0858154296875
0.0312423706054687 -0.100234985351563 0.0662841796875001 -0.6953125
-0.0370101928710938 -0.0857620239257813 -0.63604736328125 -0.78131103515625
-0.0602493286132812 -0.00636291503906251 -0.87799072265625 0.1097412109375
-0.0269927978515625 0.0365486145019531 -0.25177001953125 0.62567138671875
-0.00188159942626953 0.0148611068725586 0.227081298828125 0.442840576171875
0.0120840072631836 0.0130386352539062 0.363037109375 -0.010345458984375
0.00829553604125977 -0.00208616256713867 0.238937377929688 -0.27825927734375
-0.0124149322509766 -0.0235633850097656 -0.1673583984375 0.280410766601563
0.0250377655029297 -0.0157890319824219 -0.287811279296875 -0.01422119140625
0.00675773620605469 0.00394392013549805 -0.2008056640625 -0.435272216796875
-0.0164070129394531 0.0353507995605469 0.2666015625 -0.64813232421875
-0.04736328125 0.0102767944335938 0.83453369140625 -0.10369873046875
-0.0604324340820312 -0.076751708984375 0.66253662109375 0.7457275390625
0.0235519409179688 -0.0802230834960938 0.01531982421875 0.78125
0.0809402465820313 -0.0640335083007813 0.00225830078124999 0.118087768554688
0.026702880859375 -0.0865631103515625 0.09344482421875 -0.67022705078125
-0.0296249389648438 -0.0779876708984375 -0.58734130859375 -0.8167724609375
-0.0476837158203125 -0.0129051208496094 -0.8905029296875 0.0546264648437499
-0.0213718414306641 0.0209331512451172 -0.2911376953125 0.621337890625
0.000473976135253906 0.00173628330230713 0.2034912109375 0.464874267578125
0.0086970329284668 0.00581789016723633 0.36553955078125 0.007354736328125
0.00431180000305176 -0.00120902061462402 0.250320434570313 -0.274765014648438
-0.0175323486328125 -0.0218620300292969 -0.162353515625 0.284912109375
0.0195140838623047 -0.0252189636230469 -0.290985107421875 0.00204467773437496
0.00853824615478516 -0.0128173828125 -0.218353271484375 -0.416900634765625
-0.0027618408203125 0.0185279846191406 0.234619140625 -0.6546630859375
-0.0275669097900391 0.00902748107910156 0.82562255859375 -0.14874267578125
-0.0525016784667969 -0.0578536987304688 0.70050048828125 0.70501708984375
0.0115470886230469 -0.0569114685058594 0.0453491210937501 0.79071044921875
0.0570755004882813 -0.0446128845214844 -0.00863647460937499 0.142807006835938
0.0177001953125 -0.0620307922363281 0.12109375 -0.6512451171875
-0.0180892944335938 -0.0629425048828125 -0.540283203125 -0.851806640625
-0.0285606384277344 -0.0162372589111328 -0.8992919921875 0.000732421875000128
-0.00934314727783203 0.00298500061035156 -0.328369140625 0.61236572265625
0.00559806823730469 -0.0139646530151367 0.17987060546875 0.482513427734375
0.00275373458862305 -0.00483560562133789 0.3634033203125 0.0235595703125
-0.000728726387023926 -0.000992894172668457 0.25567626953125 -0.2701416015625
-0.0243511199951172 -0.0201244354248047 -0.163818359375 0.288726806640625
0.0118255615234375 -0.0342235565185547 -0.29541015625 0.014404296875
0.00926971435546875 -0.0302562713623047 -0.232025146484375 -0.400726318359375
0.0110769271850586 0.000458717346191406 0.208251953125 -0.65667724609375
-0.00510931015014648 0.00613594055175781 0.8153076171875 -0.18182373046875
-0.0381622314453125 -0.0366706848144531 0.72900390625 0.67071533203125
0.00164413452148438 -0.0262050628662109 0.06982421875 0.79412841796875
0.0285625457763672 -0.018707275390625 -0.0116729736328125 0.156219482421875
0.00656700134277344 -0.0335407257080078 0.1424560546875 -0.64251708984375
-0.0060577392578125 -0.0415267944335938 -0.504638671875 -0.8790283203125
-0.00500869750976563 -0.0161657333374023 -0.901611328125 -0.037109375
0.00483417510986328 -0.0136137008666992 -0.35528564453125 0.60308837890625
0.0118083953857422 -0.0298004150390625 0.1605224609375 0.498046875
-0.00289440155029297 -0.0139398574829102 0.355682373046875 0.0379638671875
-0.00750160217285156 -0.00164318084716797 0.255447387695313 -0.267669677734375
-0.0314769744873047 -0.020050048828125 -0.169342041015625 0.2916259765625
0.00567626953125 -0.0426063537597656 -0.304229736328125 0.024993896484375
0.00836944580078125 -0.0431594848632813 -0.242706298828125 -0.3917236328125
0.0240726470947266 -0.0149135589599609 0.19378662109375 -0.65606689453125
0.01580810546875 0.00286388397216797 0.81170654296875 -0.19757080078125
-0.0213985443115234 -0.0172157287597656 0.7431640625 0.6522216796875
-0.00472640991210938 0.00549888610839844 0.08428955078125 0.78900146484375
-0.00014495849609375 0.0101995468139648 -0.00552368164062501 0.156143188476563
-0.00580644607543945 -0.000592708587646486 0.160888671875 -0.64398193359375
0.00668907165527344 -0.0181140899658203 -0.4793701171875 -0.89678955078125
0.0185890197753906 -0.0135421752929688 -0.897705078125 -0.0582275390624998
0.0197200775146484 -0.02679443359375 -0.36859130859375 0.59649658203125
0.0169563293457031 -0.042999267578125 0.144500732421875 0.500701904296875
-0.00802803039550781 -0.0233192443847656 0.347076416015625 0.045989990234375
-0.0147256851196289 -0.00210094451904297 0.248626708984375 -0.267105102539063
-0.0371971130371094 -0.0208053588867188 -0.18060302734375 0.29296875
-0.000854492187500002 -0.047637939453125 -0.312469482421875 0.028167724609375
0.00710296630859375 -0.0533905029296875 -0.24652099609375 -0.390960693359375
0.0328750610351563 -0.0252037048339844 0.1920166015625 -0.65472412109375
0.0348091125488281 0.000680923461914063 0.8131103515625 -0.193359375
-0.00400519371032715 -0.00188207626342773 0.740478515625 0.65130615234375
-0.00696372985839844 0.0325794219970703 0.0894775390625001 0.77593994140625
-0.0243148803710938 0.0365333557128906 0.0082244873046875 0.141082763671875
-0.0160255432128906 0.0277061462402344 0.16998291015625 -0.65631103515625
0.0189037322998047 0.00217819213867188 -0.47589111328125 -0.90252685546875
0.0382843017578125 -0.00859451293945313 -0.8956298828125 -0.0587768554687499
0.0319862365722656 -0.0358924865722656 -0.36505126953125 0.59765625
0.0200119018554688 -0.0515098571777344 0.140533447265625 0.49798583984375
-0.0129776000976563 -0.0298652648925781 0.338470458984375 0.046356201171875
-0.0211048126220703 -0.00353240966796875 0.2379150390625 -0.268997192382812
-0.0412063598632813 -0.0220375061035156 -0.194061279296875 0.293487548828125
-0.00530242919921875 -0.0509223937988281 -0.3212890625 0.024658203125
0.00653839111328125 -0.0562286376953125 -0.24505615234375 -0.400238037109375
0.03887939453125 -0.028411865234375 0.20648193359375 -0.65570068359375
0.0471649169921875 0.00204849243164062 0.822265625 -0.17254638671875
0.0103139877319336 0.00926494598388672 0.72772216796875 0.66339111328125
-0.00817108154296876 0.053466796875 0.08184814453125 0.7584228515625
-0.0410919189453125 0.0577354431152344 0.0289535522460937 0.117790222167969
-0.0201034545898437 0.049713134765625 0.16973876953125 -0.6802978515625
0.0295047760009766 0.0156955718994141 -0.4952392578125 -0.89410400390625
0.0508232116699219 -0.006591796875 -0.8905029296875 -0.0337524414062499
0.0377655029296875 -0.0392227172851563 -0.35003662109375 0.6002197265625
0.0194015502929688 -0.0555648803710937 0.14678955078125 0.489288330078125
-0.0165538787841797 -0.0331954956054687 0.3321533203125 0.041412353515625
-0.0252037048339844 -0.00374603271484375 0.223068237304688 -0.271743774414063
-0.00642585754394531 -0.0270748138427734 -0.1839599609375 0.274887084960938
0.0271358489990234 -0.00213050842285156 -0.28863525390625 -0.04083251953125
-0.001678466796875 0.0302791595458984 -0.172637939453125 -0.47198486328125
-0.0376815795898438 0.0579109191894531 0.33123779296875 -0.635498046875
-0.0673027038574219 0.00868606567382811 0.8515625 -0.015869140625
-0.056304931640625 -0.100013732910156 0.59002685546875 0.80755615234375
0.0460433959960937 -0.0955047607421875 -0.02313232421875 0.73486328125
0.101608276367188 -0.0726165771484375 0.0436592102050781 0.0507621765136719
0.03204345703125 -0.101654052734375 0.0325927734375001 -0.7161865234375
-0.03924560546875 -0.0844573974609375 -0.68585205078125 -0.7342529296875
-0.0633163452148438 0.00180435180664063 -0.86004638671875 0.17486572265625
-0.0278167724609375 0.0469436645507813 -0.20587158203125 0.63348388671875
-0.00295639038085938 0.0228385925292969 0.25189208984375 0.41741943359375
0.0139694213867187 0.0176467895507813 0.35845947265625 -0.030426025390625
0.0106515884399414 -0.00381851196289062 0.22271728515625 -0.285736083984375
-0.00928306579589844 -0.0225372314453125 -0.169021606445313 0.278366088867188
0.0265140533447266 -0.00837326049804688 -0.286041259765625 -0.0255126953125
0.0031280517578125 0.0200023651123047 -0.18963623046875 -0.45263671875
-0.0283126831054687 0.0494384765625 0.296875 -0.64208984375
-0.0628433227539063 0.0100555419921875 0.8424072265625 -0.06451416015625
-0.0629501342773438 -0.0926132202148437 0.63104248046875 0.773193359375
0.0358505249023438 -0.0943756103515625 -0.000732421875000039 0.76190185546875
0.0968017578125 -0.0736770629882813 0.0218658447265625 0.0864944458007813
0.0298690795898437 -0.0999069213867188 0.0562744140625 -0.6925048828125
-0.0375442504882812 -0.0845108032226563 -0.6451416015625 -0.77154541015625
-0.0599937438964844 -0.00500488281250001 -0.87603759765625 0.12164306640625
-0.0268325805664063 0.0367202758789063 -0.24267578125 0.62921142578125
-0.00218105316162109 0.0152730941772461 0.231353759765625 0.438812255859375
0.0123376846313477 0.0124273300170898 0.362701416015625 -0.01513671875
0.00861930847167969 -0.000294208526611328 0.233612060546875 -0.28155517578125
-0.0123348236083984 -0.0229454040527344 -0.1610107421875 0.282470703125
0.0249481201171875 -0.0162181854248047 -0.28668212890625 -0.00942993164062506
0.00663852691650391 0.00435161590576172 -0.2080078125 -0.4312744140625
-0.0158271789550781 0.0363883972167969 0.25701904296875 -0.649658203125
-0.0478324890136719 0.0103683471679688 0.83221435546875 -0.1173095703125
-0.0625076293945313 -0.0767440795898438 0.67236328125 0.73370361328125
0.022674560546875 -0.0803146362304688 0.0270996093750001 0.77783203125
0.0802078247070313 -0.0640106201171875 0.00471496582031249 0.118850708007813
0.025360107421875 -0.0858535766601562 0.0841674804687499 -0.66876220703125
-0.030609130859375 -0.0776138305664063 -0.59686279296875 -0.8084716796875
-0.0481910705566406 -0.0123329162597656 -0.88970947265625 0.0671997070312502
-0.0209026336669922 0.0208339691162109 -0.28350830078125 0.62469482421875
0.000929355621337891 0.00182926654815674 0.209442138671875 0.46209716796875
0.00874757766723633 0.00563335418701172 0.363555908203125 0.0018310546875
0.00538539886474609 0.0004730224609375 0.245513916015625 -0.278182983398438
-0.0180320739746094 -0.0205669403076172 -0.157012939453125 0.286865234375
0.0187702178955078 -0.0254230499267578 -0.2901611328125 0.00680541992187494
0.00835800170898438 -0.0129480361938477 -0.22418212890625 -0.411895751953125
-0.00146675109863281 0.0193328857421875 0.22406005859375 -0.65521240234375
-0.0281639099121094 0.00924873352050782 0.82183837890625 -0.1622314453125
-0.0543289184570312 -0.0569305419921875 0.7120361328125 0.6927490234375
0.0102729797363281 -0.05584716796875 0.05609130859375 0.79022216796875
0.0560569763183594 -0.0450057983398438 -0.00674438476562501 0.14398193359375
0.0175971984863281 -0.0620841979980469 0.11016845703125 -0.65057373046875
-0.0194587707519531 -0.0625686645507813 -0.5517578125 -0.84332275390625
-0.0285873413085937 -0.0163631439208984 -0.8984375 0.0155639648437502
-0.009490966796875 0.00301742553710938 -0.319580078125 0.61663818359375
0.00522994995117188 -0.0133867263793945 0.1864013671875 0.479583740234375
0.00238990783691406 -0.00414752960205078 0.361663818359375 0.019195556640625
-0.000330209732055664 0.000636398792266846 0.250885009765625 -0.272857666015625
-0.0238990783691406 -0.0190677642822266 -0.157958984375 0.2900390625
0.0102405548095703 -0.0340919494628906 -0.29461669921875 0.0198974609375
0.00904655456542969 -0.0298728942871094 -0.23944091796875 -0.39666748046875
0.0118484497070312 0.000725746154785156 0.19744873046875 -0.6591796875
-0.00522470474243164 0.00561380386352539 0.8121337890625 -0.19476318359375
-0.0400238037109375 -0.0371780395507813 0.73834228515625 0.65966796875
0.000905990600585938 -0.0261478424072266 0.08056640625 0.79180908203125
0.0286521911621094 -0.0182933807373047 -0.0095672607421875 0.15704345703125
0.00565910339355469 -0.0325736999511719 0.13311767578125 -0.642333984375
-0.00645065307617187 -0.041107177734375 -0.51324462890625 -0.8719482421875
-0.00581169128417969 -0.0168628692626953 -0.9010009765625 -0.0236206054687502
0.00547504425048828 -0.0134096145629883 -0.34613037109375 0.60791015625
0.0107574462890625 -0.0289039611816406 0.166046142578125 0.493621826171875
-0.00358200073242187 -0.0133342742919922 0.35498046875 0.032958984375
-0.00731754302978516 0.00049114227294922 0.250228881835938 -0.270217895507813
-0.0313777923583984 -0.0184669494628906 -0.163482666015625 0.293701171875
0.00315093994140625 -0.0419464111328125 -0.3026123046875 0.0295104980468749
0.0079345703125 -0.043792724609375 -0.2471923828125 -0.386962890625
0.0238513946533203 -0.0146808624267578 0.18121337890625 -0.65924072265625
0.015233039855957 0.00144290924072266 0.80633544921875 -0.20947265625
-0.0219078063964844 -0.0179901123046875 0.749267578125 0.6414794921875
-0.00445032119750976 0.00487089157104492 0.09698486328125 0.78485107421875
0.000138282775878906 0.0104446411132813 -0.003692626953125 0.155609130859375
-0.00663137435913086 -0.000214099884033203 0.15252685546875 -0.64324951171875
0.00609588623046875 -0.01837158203125 -0.49066162109375 -0.88800048828125
0.0186233520507813 -0.0135860443115234 -0.89984130859375 -0.0460815429687501
0.0193004608154297 -0.0280952453613281 -0.359375 0.602294921875
0.0153312683105469 -0.0426712036132813 0.151275634765625 0.498504638671875
-0.00896453857421875 -0.0220375061035156 0.3468017578125 0.04058837890625
-0.0140867233276367 0.000391006469726564 0.243820190429688 -0.270462036132813
-0.0366477966308594 -0.0188369750976562 -0.174957275390625 0.295501708984375
-0.00283432006835937 -0.0469436645507813 -0.311126708984375 0.032470703125
0.00653076171875 -0.0534553527832031 -0.25238037109375 -0.3875732421875
0.0331096649169922 -0.0253410339355469 0.1810302734375 -0.6558837890625
0.0343284606933594 -0.0004730224609375 0.80780029296875 -0.207763671875
-0.00383186340332031 -0.00248837471008301 0.75018310546875 0.63604736328125
-0.00637245178222656 0.0333328247070313 0.1002197265625 0.771728515625
-0.0232048034667969 0.0371475219726562 0.010528564453125 0.142303466796875
-0.0157871246337891 0.029083251953125 0.162109375 -0.6578369140625
0.0190486907958984 0.00217437744140625 -0.48651123046875 -0.89288330078125
0.0380058288574219 -0.0101776123046875 -0.89532470703125 -0.0456542968749999
0.0312271118164063 -0.036468505859375 -0.35723876953125 0.59979248046875
0.0180549621582031 -0.0523529052734375 0.1470947265625 0.493927001953125
-0.0141010284423828 -0.0288181304931641 0.337860107421875 0.04144287109375
-0.0202007293701172 -0.00108146667480469 0.233200073242187 -0.272232055664063
-0.0409736633300781 -0.0208969116210938 -0.187744140625 0.2965087890625
-0.00738906860351563 -0.0501251220703125 -0.3203125 0.0289611816406249
0.00577926635742187 -0.056060791015625 -0.251068115234375 -0.3953857421875
0.0391578674316406 -0.0287513732910156 0.196533203125 -0.65716552734375
0.0467376708984375 0.00152587890625 0.81744384765625 -0.18670654296875
0.00992584228515625 0.00797462463378906 0.73760986328125 0.65087890625
-0.00732040405273438 0.0545120239257813 0.09356689453125 0.75677490234375
-0.0389671325683594 0.0589408874511719 0.0302047729492187 0.117355346679688
-0.0189895629882813 0.05029296875 0.15948486328125 -0.68170166015625
0.0301151275634766 0.0160293579101563 -0.5064697265625 -0.8863525390625
0.0516014099121094 -0.00717926025390625 -0.88970947265625 -0.01910400390625
0.0367698669433594 -0.0402565002441406 -0.34039306640625 0.60400390625
0.0185737609863281 -0.055908203125 0.151824951171875 0.48663330078125
-0.0181217193603516 -0.0322551727294922 0.331207275390625 0.03668212890625
-0.0247974395751953 -0.00282096862792969 0.218521118164062 -0.275222778320312
-0.00666618347167969 -0.0255088806152344 -0.177780151367188 0.275924682617188
0.0267276763916016 -0.00245094299316406 -0.28857421875 -0.0357666015625
-0.000335693359375002 0.0299472808837891 -0.17877197265625 -0.468170166015625
-0.0364189147949219 0.0580978393554687 0.319580078125 -0.63714599609375
-0.0675926208496094 0.0100250244140625 0.84808349609375 -0.02984619140625
-0.0585708618164062 -0.0984115600585938 0.5994873046875 0.7952880859375
0.0444869995117187 -0.0956878662109375 -0.0112304687500001 0.73248291015625
0.101699829101563 -0.0735702514648438 0.0450515747070313 0.0502166748046875
0.0306777954101562 -0.100296020507813 0.02264404296875 -0.7138671875
-0.0394973754882813 -0.0830230712890625 -0.6932373046875 -0.7216796875
-0.0623817443847656 0.00230026245117187 -0.8543701171875 0.18597412109375
-0.0265617370605469 0.0474777221679688 -0.196533203125 0.6351318359375
-0.00287055969238281 0.0229949951171875 0.25335693359375 0.41217041015625
0.0138235092163086 0.0172338485717773 0.355987548828125 -0.036712646484375
0.0107336044311523 -0.00290489196777344 0.2171630859375 -0.287139892578125
-0.00920486450195313 -0.0225753784179687 -0.163528442382812 0.27874755859375
0.0268840789794922 -0.00800704956054688 -0.285369873046875 -0.022125244140625
0.00350570678710937 0.0200214385986328 -0.19451904296875 -0.448333740234375
-0.0270462036132813 0.0494155883789062 0.28509521484375 -0.6444091796875
-0.0626411437988281 0.0105628967285156 0.83740234375 -0.07666015625
-0.06524658203125 -0.091064453125 0.6396484375 0.76287841796875
0.0348892211914063 -0.0936355590820313 0.0103759765625 0.75830078125
0.0959930419921875 -0.074127197265625 0.0234527587890625 0.085357666015625
0.0295257568359375 -0.0991973876953125 0.04608154296875 -0.6904296875
-0.0389251708984375 -0.0840377807617187 -0.65167236328125 -0.75885009765625
-0.0599479675292969 -0.00466156005859376 -0.87176513671875 0.133544921875
-0.0255966186523437 0.0363388061523438 -0.23443603515625 0.6307373046875
-0.00221538543701172 0.0152301788330078 0.23773193359375 0.43402099609375
0.0116443634033203 0.0125732421875 0.35931396484375 -0.02044677734375
0.00880908966064453 0.000182151794433594 0.228302001953125 -0.284027099609375
-0.0117549896240234 -0.0215034484863281 -0.155914306640625 0.283233642578125
0.0230617523193359 -0.0161209106445313 -0.285736083984375 -0.00537109375000005
0.00666093826293945 0.00410795211791992 -0.212982177734375 -0.425750732421875
-0.0145835876464844 0.0360679626464844 0.2454833984375 -0.6513671875
-0.0483665466308594 0.0110244750976563 0.82293701171875 -0.12860107421875
-0.06451416015625 -0.075836181640625 0.68145751953125 0.71978759765625
0.0218276977539063 -0.0801849365234375 0.0394287109375 0.77532958984375
0.0805892944335938 -0.0647659301757813 0.00537872314453124 0.118637084960937
0.024200439453125 -0.0856399536132812 0.07568359375 -0.66650390625
-0.031768798828125 -0.0761032104492187 -0.607177734375 -0.79888916015625
-0.0477294921875 -0.0112876892089844 -0.88592529296875 0.0792846679687498
-0.0205211639404297 0.0216045379638672 -0.27520751953125 0.6243896484375
-0.00031435489654541 0.00183439254760742 0.2152099609375 0.456207275390625
0.00748777389526367 0.00619745254516601 0.362274169921875 -0.003143310546875
0.00522470474243164 0.000679969787597656 0.239791870117188 -0.28021240234375
-0.0174560546875 -0.0191116333007813 -0.150421142578125 0.28765869140625
0.0177249908447266 -0.0256843566894531 -0.28857421875 0.0107421875000001
0.00815963745117188 -0.0128688812255859 -0.229095458984375 -0.406951904296875
-0.000404357910156248 0.01849365234375 0.21246337890625 -0.65814208984375
-0.02899169921875 0.00872039794921876 0.8153076171875 -0.175537109375
-0.0553016662597656 -0.0571784973144531 0.71826171875 0.6806640625
0.00944900512695312 -0.0555229187011719 0.0675048828125001 0.78631591796875
0.0561103820800781 -0.0444793701171875 -0.0052337646484375 0.143829345703125
0.0159988403320312 -0.0613174438476563 0.10107421875 -0.6483154296875
-0.0203819274902344 -0.0614662170410156 -0.5604248046875 -0.83135986328125
-0.0288162231445313 -0.0162773132324219 -0.8956298828125 0.0277099609375001
-0.00935173034667969 0.0035562515258789 -0.31103515625 0.6163330078125
0.00420379638671875 -0.0131692886352539 0.1910400390625 0.475799560546875
0.0022737979888916 -0.00306224822998047 0.359588623046875 0.01348876953125
-0.000884294509887696 0.00146949291229248 0.244964599609375 -0.276321411132813
-0.0243415832519531 -0.0178756713867187 -0.152496337890625 0.290985107421875
0.009918212890625 -0.0334320068359375 -0.2939453125 0.02325439453125
0.00890159606933594 -0.0300445556640625 -0.243255615234375 -0.391815185546875
0.0117959976196289 0.00107383728027344 0.1873779296875 -0.65863037109375
-0.00673151016235352 0.00551414489746094 0.803955078125 -0.20721435546875
-0.0415763854980469 -0.0359420776367188 0.7452392578125 0.64605712890625
0.000957489013671875 -0.0261287689208984 0.09307861328125 0.787109375
0.0291709899902344 -0.0181617736816406 -0.0074005126953125 0.156829833984375
0.00589942932128906 -0.0312595367431641 0.1251220703125 -0.64117431640625
-0.00727081298828125 -0.0408554077148438 -0.52587890625 -0.85943603515625
-0.00500106811523437 -0.0165672302246094 -0.8992919921875 -0.0121459960937499
0.00485324859619141 -0.0132007598876953 -0.33660888671875 0.60943603515625
0.00922584533691406 -0.0293598175048828 0.17095947265625 0.4888916015625
-0.00368690490722656 -0.0132589340209961 0.3529052734375 0.0283203125
-0.00697803497314453 0.00118541717529297 0.245468139648437 -0.272811889648437
-0.0307807922363281 -0.0166168212890625 -0.156951904296875 0.29461669921875
0.00194549560546875 -0.0414543151855469 -0.30072021484375 0.033294677734375
0.00665283203125 -0.0445022583007813 -0.2515869140625 -0.3822021484375
0.0242404937744141 -0.0144729614257813 0.17291259765625 -0.65899658203125
0.0149545669555664 0.000982284545898438 0.79998779296875 -0.22308349609375
-0.0229549407958984 -0.0175685882568359 0.756591796875 0.6265869140625
-0.00447607040405273 0.00577449798583984 0.106689453125 0.78082275390625
0.00119590759277344 0.0110445022583008 -0.00183105468750001 0.156387329101563
-0.00621986389160156 0.000288963317871093 0.1439208984375 -0.642333984375
0.00662040710449219 -0.0183086395263672 -0.50006103515625 -0.877685546875
0.018035888671875 -0.0141735076904297 -0.8968505859375 -0.03167724609375
0.0193042755126953 -0.0274028778076172 -0.35101318359375 0.6043701171875
0.0144538879394531 -0.0427818298339844 0.157958984375 0.493621826171875
-0.00977897644042969 -0.0224208831787109 0.34478759765625 0.036529541015625
-0.0137090682983398 0.000491142272949218 0.23797607421875 -0.272262573242188
-0.036651611328125 -0.0172615051269531 -0.16851806640625 0.2958984375
-0.00434494018554688 -0.0466461181640625 -0.309234619140625 0.036834716796875
0.00518417358398437 -0.0531387329101563 -0.25689697265625 -0.381927490234375
0.0327568054199219 -0.0254077911376953 0.169677734375 -0.6578369140625
0.0332107543945313 -0.00130271911621094 0.801513671875 -0.218505859375
-0.00617218017578125 -0.00347757339477539 0.7568359375 0.62432861328125
-0.00628662109375 0.0332126617431641 0.11041259765625 0.76861572265625
-0.0221481323242188 0.0382118225097656 0.0121307373046875 0.142303466796875
-0.0150928497314453 0.0289516448974609 0.15008544921875 -0.656982421875
0.0184268951416016 0.00182151794433594 -0.4974365234375 -0.88299560546875
0.0387382507324219 -0.0103492736816406 -0.8944091796875 -0.0330810546875
0.0305747985839844 -0.0372352600097656 -0.34808349609375 0.600830078125
0.0168609619140625 -0.0520248413085938 0.153045654296875 0.49224853515625
-0.0151023864746094 -0.0291862487792969 0.33648681640625 0.0369873046875
-0.0200576782226562 -0.000192642211914061 0.228103637695313 -0.273406982421875
-0.040985107421875 -0.0187492370605469 -0.181427001953125 0.29705810546875
-0.00794601440429687 -0.0494422912597656 -0.319305419921875 0.034149169921875
0.00540924072265625 -0.0562248229980469 -0.256317138671875 -0.390380859375
0.0389060974121094 -0.0290946960449219 0.183837890625 -0.65887451171875
0.0468063354492187 -0.00031280517578125 0.81170654296875 -0.197998046875
0.00860166549682617 0.00792932510375977 0.74444580078125 0.6390380859375
-0.00625991821289062 0.0541839599609375 0.10369873046875 0.75213623046875
-0.0377273559570312 0.0595283508300781 0.0316390991210937 0.117599487304688
-0.0193748474121094 0.0511436462402344 0.15081787109375 -0.68121337890625
0.0299396514892578 0.0151309967041016 -0.51654052734375 -0.875
0.0509185791015625 -0.00807952880859375 -0.8895263671875 -0.00836181640624988
0.035614013671875 -0.0400352478027344 -0.3309326171875 0.60650634765625
0.01727294921875 -0.05535888671875 0.157989501953125 0.481964111328125
-0.0185699462890625 -0.0313892364501953 0.328765869140625 0.03118896484375
-0.0244159698486328 -0.00170326232910156 0.213729858398438 -0.276260375976563
-0.00616645812988281 -0.0245914459228516 -0.171951293945313 0.276077270507813
0.0254058837890625 -0.00221443176269531 -0.288299560546875 -0.032379150390625
-0.00055885314941406 0.0302600860595703 -0.185150146484375 -0.464202880859375
-0.0346145629882813 0.0589675903320313 0.30853271484375 -0.63897705078125
-0.0668754577636719 0.0102005004882812 0.8416748046875 -0.0411376953125
-0.059783935546875 -0.09771728515625 0.60601806640625 0.783203125
0.0426483154296875 -0.0958404541015625 -0.000793457031250023 0.72747802734375
0.100860595703125 -0.0729827880859375 0.0449790954589844 0.0497665405273438
0.0294036865234375 -0.099945068359375 0.0141601562499999 -0.70916748046875
-0.0412139892578125 -0.0820159912109375 -0.697509765625 -0.70794677734375
-0.0624504089355469 0.00311660766601561 -0.84857177734375 0.1942138671875
-0.0263633728027344 0.0474586486816406 -0.18927001953125 0.63482666015625
-0.00369644165039062 0.0227737426757813 0.258636474609375 0.4063720703125
0.013819694519043 0.0169973373413086 0.35272216796875 -0.039703369140625
0.0112733840942383 -0.00205326080322266 0.2122802734375 -0.288909912109375
-0.00869369506835937 -0.0208587646484375 -0.156524658203125 0.280029296875
0.0248699188232422 -0.00832176208496094 -0.284332275390625 -0.0177001953125
0.00368309020996094 0.0199947357177734 -0.19873046875 -0.4423828125
-0.0257759094238281 0.0504875183105469 0.27520751953125 -0.64404296875
-0.0623550415039062 0.0107612609863281 0.831298828125 -0.088134765625
-0.0669021606445313 -0.0898056030273437 0.64727783203125 0.75128173828125
0.03375244140625 -0.093231201171875 0.0185546875 0.75384521484375
0.0955963134765625 -0.0750961303710938 0.0243911743164063 0.0847930908203125
0.0277481079101562 -0.0981826782226562 0.0377197265625 -0.6866455078125
-0.0406341552734375 -0.0825424194335938 -0.65948486328125 -0.74725341796875
-0.0594406127929688 -0.00373077392578124 -0.86529541015625 0.1441650390625
-0.0250701904296875 0.0363349914550781 -0.2271728515625 0.63043212890625
-0.0021066665649414 0.0152091979980469 0.240692138671875 0.428131103515625
0.0120906829833984 0.0131549835205078 0.3555908203125 -0.02557373046875
0.00836181640625 0.000589370727539062 0.223114013671875 -0.2852783203125
-0.0125274658203125 -0.0199031829833984 -0.149322509765625 0.283233642578125
0.0216560363769531 -0.0159225463867188 -0.283721923828125 -0.00213623046875005
0.00674247741699219 0.00405359268188477 -0.21783447265625 -0.421630859375
-0.0139884948730469 0.0359573364257813 0.23455810546875 -0.6513671875
-0.0490074157714844 0.0109825134277344 0.8182373046875 -0.1412353515625
-0.0652999877929688 -0.0741729736328125 0.68707275390625 0.7086181640625
0.0200576782226563 -0.07940673828125 0.0479736328125 0.77056884765625
0.0796432495117188 -0.0643997192382813 0.00758361816406249 0.117958068847656
0.0235137939453125 -0.084228515625 0.06512451171875 -0.6634521484375
-0.0323867797851563 -0.0755462646484375 -0.61273193359375 -0.7857666015625
-0.0475807189941406 -0.0115509033203125 -0.882080078125 0.08856201171875
-0.0200061798095703 0.0208740234375 -0.2662353515625 0.6259765625
0.000127315521240234 0.00213277339935303 0.220367431640625 0.450927734375
0.00764608383178711 0.00601434707641602 0.35906982421875 -0.00799560546875
0.00625419616699219 0.00127220153808594 0.234832763671875 -0.28265380859375
-0.0182037353515625 -0.0169410705566406 -0.14605712890625 0.287841796875
0.0158576965332031 -0.0247154235839844 -0.28717041015625 0.013641357421875
0.00815391540527344 -0.0130586624145508 -0.23321533203125 -0.401611328125
0.000684738159179686 0.0192451477050781 0.19952392578125 -0.65740966796875
-0.0291252136230469 0.00910186767578124 0.806640625 -0.185546875
-0.0567665100097656 -0.0554275512695312 0.7230224609375 0.6669921875
0.00873184204101562 -0.0550041198730469 0.07769775390625 0.78192138671875
0.0567893981933594 -0.0444374084472656 -0.00178527832031248 0.1435546875
0.0155258178710938 -0.0610694885253906 0.09393310546875 -0.64532470703125
-0.0209503173828125 -0.0603141784667969 -0.568115234375 -0.818359375
-0.028350830078125 -0.0153255462646484 -0.89111328125 0.0391845703125001
-0.00921344757080078 0.002655029296875 -0.30133056640625 0.61737060546875
0.00385570526123047 -0.0126924514770508 0.1959228515625 0.471405029296875
0.00191950798034668 -0.00240159034729004 0.356842041015625 0.00848388671875
0.00140106678009033 0.00175166130065918 0.240463256835938 -0.277923583984375
-0.0237693786621094 -0.0163745880126953 -0.145355224609375 0.291412353515625
0.00818824768066406 -0.0338058471679688 -0.291717529296875 0.02734375
0.00761604309082031 -0.0300731658935547 -0.246826171875 -0.385894775390625
0.0129871368408203 0.000756263732910156 0.17578125 -0.65863037109375
-0.00626659393310547 0.00475502014160156 0.796142578125 -0.21820068359375
-0.0425071716308594 -0.0360908508300781 0.74908447265625 0.63262939453125
0.00046539306640625 -0.0253944396972656 0.1015625 0.7830810546875
0.0286655426025391 -0.0176830291748047 -0.00541687011718749 0.156448364257813
0.00467491149902344 -0.0312519073486328 0.11566162109375 -0.6385498046875
-0.00848388671875 -0.0400772094726563 -0.53118896484375 -0.84979248046875
-0.00539207458496094 -0.0160379409790039 -0.8953857421875 -0.000183105468749864
0.00443935394287109 -0.0135211944580078 -0.329345703125 0.61260986328125
0.00946235656738281 -0.0290775299072266 0.176513671875 0.485137939453125
-0.00415325164794922 -0.0126228332519531 0.3514404296875 0.024261474609375
-0.00579023361206055 0.00205183029174805 0.240158081054688 -0.275360107421875
-0.0303535461425781 -0.0161933898925781 -0.15087890625 0.29425048828125
0.000679016113281246 -0.0415191650390625 -0.29876708984375 0.036651611328125
0.00647735595703125 -0.043365478515625 -0.256591796875 -0.37579345703125
0.0243644714355469 -0.0156383514404297 0.15924072265625 -0.6583251953125
0.0149650573730469 0.000390052795410156 0.79266357421875 -0.23260498046875
-0.0238780975341797 -0.0184974670410156 0.76177978515625 0.61248779296875
-0.00431728363037109 0.00581789016723633 0.11688232421875 0.7762451171875
0.00216197967529297 0.0110931396484375 0.000549316406249984 0.15618896484375
-0.00680112838745117 0.00103616714477539 0.134033203125 -0.6396484375
0.00593662261962891 -0.0170412063598633 -0.50762939453125 -0.86712646484375
0.0181293487548828 -0.0141124725341797 -0.893798828125 -0.022705078125
0.0187129974365234 -0.0286540985107422 -0.34210205078125 0.6051025390625
0.0131797790527344 -0.04302978515625 0.16241455078125 0.48944091796875
-0.01019287109375 -0.0218601226806641 0.3426513671875 0.03173828125
-0.013153076171875 0.00250530242919922 0.233001708984375 -0.274368286132813
-0.0366897583007812 -0.0157318115234375 -0.161956787109375 0.296630859375
-0.00566864013671874 -0.0456695556640625 -0.3067626953125 0.0401611328124999
0.00508499145507812 -0.0528106689453125 -0.261566162109375 -0.376312255859375
0.0330371856689453 -0.0260562896728516 0.15948486328125 -0.65667724609375
0.0318088531494141 -0.00191497802734375 0.79443359375 -0.2308349609375
-0.00632762908935547 -0.00417757034301758 0.7623291015625 0.61138916015625
-0.00639724731445313 0.0336093902587891 0.1209716796875 0.76397705078125
-0.0211753845214844 0.0381355285644531 0.0140380859375 0.14178466796875
-0.0156650543212891 0.0297451019287109 0.142333984375 -0.65557861328125
0.0184593200683594 0.00189590454101562 -0.50518798828125 -0.87188720703125
0.037628173828125 -0.0112190246582031 -0.8917236328125 -0.0210571289062499
0.0297966003417969 -0.0377731323242188 -0.33892822265625 0.6025390625
0.0163230895996094 -0.0524482727050781 0.157684326171875 0.4871826171875
-0.0152454376220703 -0.0276737213134766 0.3338623046875 0.032073974609375
-0.0188179016113281 0.000871658325195311 0.22247314453125 -0.27447509765625
-0.0413360595703125 -0.0181312561035156 -0.1746826171875 0.29718017578125
-0.00948715209960938 -0.049468994140625 -0.3165283203125 0.038543701171875
0.00406646728515625 -0.0565834045410156 -0.260833740234375 -0.383636474609375
0.0387992858886719 -0.029388427734375 0.1741943359375 -0.65753173828125
0.0454673767089844 -0.0012054443359375 0.80511474609375 -0.20989990234375
0.00767326354980469 0.00741004943847656 0.7491455078125 0.62347412109375
-0.00595092773437499 0.0542106628417969 0.11383056640625 0.74615478515625
-0.0360221862792969 0.0603256225585937 0.0326461791992188 0.116897583007813
-0.0180091857910156 0.0518836975097656 0.140380859375 -0.677734375
0.0293560028076172 0.0152931213378906 -0.52496337890625 -0.86376953125
0.0508003234863281 -0.00889205932617188 -0.88433837890625 0.00305175781250008
0.035736083984375 -0.0408554077148438 -0.32232666015625 0.60699462890625
0.0157012939453125 -0.0556831359863281 0.163177490234375 0.477813720703125
-0.0192108154296875 -0.0309410095214844 0.32745361328125 0.027313232421875
-0.0229301452636719 -0.000137329101562503 0.20745849609375 -0.27783203125
-0.00677871704101562 -0.0228290557861328 -0.1668701171875 0.275772094726563
0.0247669219970703 -0.00266265869140625 -0.286712646484375 -0.029022216796875
-0.000467300415039065 0.0299282073974609 -0.189544677734375 -0.45880126953125
-0.0330772399902344 0.0592803955078125 0.29779052734375 -0.63873291015625
-0.0675621032714844 0.00960540771484375 0.834228515625 -0.04998779296875
-0.0608673095703125 -0.0966262817382813 0.61224365234375 0.77093505859375
0.042205810546875 -0.0946121215820313 0.00567626953125002 0.72259521484375
0.100013732910156 -0.0732955932617188 0.0453987121582031 0.0496101379394531
0.0284194946289062 -0.0984268188476563 0.00781250000000002 -0.70501708984375
-0.041748046875 -0.0806884765625 -0.70074462890625 -0.69537353515625
-0.0615272521972656 0.00363922119140625 -0.843505859375 0.2030029296875
-0.02581787109375 0.0469741821289063 -0.18060302734375 0.63140869140625
-0.0036468505859375 0.0233726501464844 0.259979248046875 0.401092529296875
0.0136537551879883 0.0165834426879883 0.34912109375 -0.044036865234375
0.0111017227172852 -0.00134944915771484 0.20782470703125 -0.28912353515625
-0.00885963439941406 -0.0193901062011719 -0.152542114257813 0.279388427734375
0.0241470336914063 -0.00804901123046875 -0.28271484375 -0.0147094726562499
0.00362586975097656 0.0197772979736328 -0.20465087890625 -0.43572998046875
-0.0248069763183594 0.0500679016113281 0.26312255859375 -0.64373779296875
-0.0629081726074219 0.0107269287109375 0.82342529296875 -0.09765625
-0.0685806274414062 -0.0894622802734375 0.65045166015625 0.7371826171875
0.0325851440429687 -0.0930938720703125 0.0295410156250001 0.748291015625
0.094818115234375 -0.0738906860351563 0.0255126953125 0.0854721069335938
0.0264205932617188 -0.096832275390625 0.0300292968749999 -0.681884765625
-0.0408554077148437 -0.0809097290039063 -0.6629638671875 -0.7340087890625
-0.059326171875 -0.00334930419921874 -0.8582763671875 0.15185546875
-0.0250892639160156 0.0363655090332031 -0.2188720703125 0.62921142578125
-0.00192928314208984 0.0156412124633789 0.243804931640625 0.422119140625
0.0115203857421875 0.0124139785766602 0.35284423828125 -0.029022216796875
0.0104522705078125 0.00120067596435547 0.218658447265625 -0.285552978515625
-0.0123462677001953 -0.0188026428222656 -0.144775390625 0.282470703125
0.0208702087402344 -0.0157356262207031 -0.28192138671875 0.001708984375
0.00664615631103516 0.00457954406738281 -0.222747802734375 -0.415618896484375
-0.0132179260253906 0.0357894897460938 0.2237548828125 -0.650390625
-0.0492095947265625 0.0110626220703125 0.8101806640625 -0.15045166015625
-0.0670700073242188 -0.0741424560546875 0.68951416015625 0.69622802734375
0.0200424194335937 -0.0788497924804688 0.058837890625 0.76300048828125
0.079315185546875 -0.0643234252929688 0.00886535644531251 0.118377685546875
0.021728515625 -0.0830917358398437 0.0577392578125 -0.65789794921875
-0.0326919555664063 -0.073577880859375 -0.6163330078125 -0.7724609375
-0.0470771789550781 -0.0108299255371094 -0.87493896484375 0.10076904296875
-0.0189208984375 0.0212764739990234 -0.25872802734375 0.6236572265625
-0.000526666641235352 0.00275206565856934 0.2215576171875 0.445648193359375
0.00726175308227539 0.00505685806274414 0.355743408203125 -0.01239013671875
0.00621366500854492 0.00278234481811523 0.2298583984375 -0.283050537109375
-0.0167741775512695 -0.016993522644043 -0.139892578125 0.286468505859375
0.0150394439697266 -0.0240402221679687 -0.284759521484375 0.0174560546875
0.00777244567871094 -0.0122470855712891 -0.23760986328125 -0.39703369140625
0.000600814819335937 0.0193099975585938 0.19049072265625 -0.653564453125
-0.0292625427246094 0.00848770141601563 0.79681396484375 -0.19525146484375
-0.0582122802734375 -0.0547103881835937 0.7276611328125 0.65411376953125
0.0084075927734375 -0.0544891357421875 0.0865478515624999 0.77313232421875
0.0562286376953125 -0.0443267822265625 -0.000457763671874987 0.143341064453125
0.0145988464355469 -0.0593605041503906 0.08538818359375 -0.64178466796875
-0.0211143493652344 -0.0597114562988281 -0.572998046875 -0.80816650390625
-0.0292320251464844 -0.0153770446777344 -0.885009765625 0.0496215820312498
-0.00879764556884766 0.00259017944335938 -0.29400634765625 0.61773681640625
0.00349330902099609 -0.0128211975097656 0.199951171875 0.464874267578125
0.00171160697937012 -0.00263381004333496 0.3551025390625 0.00433349609375
0.00108933448791504 0.00221991539001465 0.234634399414063 -0.2781982421875
-0.0236549377441406 -0.014923095703125 -0.140655517578125 0.28961181640625
0.00702285766601563 -0.0325489044189453 -0.288787841796875 0.030242919921875
0.00716400146484375 -0.0301914215087891 -0.251220703125 -0.380950927734375
0.0135421752929687 0.000384330749511719 0.16375732421875 -0.65545654296875
-0.00764131546020508 0.00525665283203125 0.787841796875 -0.225830078125
-0.0435104370117188 -0.0349006652832031 0.75128173828125 0.619140625
-4.57763671874977E-05 -0.0247917175292969 0.11114501953125 0.77581787109375
0.0291652679443359 -0.0172595977783203 -0.00367736816406249 0.156082153320313
0.00409698486328125 -0.0299911499023438 0.1082763671875 -0.6337890625
-0.00848388671875 -0.0392379760742187 -0.53814697265625 -0.8370361328125
-0.00554084777832031 -0.016383171081543 -0.89007568359375 0.0096435546874999
0.00451183319091797 -0.0136861801147461 -0.32122802734375 0.61151123046875
0.00811767578125 -0.0284271240234375 0.180419921875 0.479461669921875
-0.00495052337646484 -0.0114898681640625 0.347869873046875 0.0191650390625
-0.00527620315551758 0.00244569778442383 0.235443115234375 -0.275177001953125
-0.0297126770019531 -0.0140819549560547 -0.14483642578125 0.293792724609375
-0.000186920166015621 -0.0402870178222656 -0.294647216796875 0.04107666015625
0.00581741333007813 -0.0436630249023438 -0.2606201171875 -0.370452880859375
0.0238246917724609 -0.0153465270996094 0.149169921875 -0.65704345703125
0.0146770477294922 0.000199317932128906 0.783447265625 -0.240478515625
-0.0248832702636719 -0.0179309844970703 0.76409912109375 0.5986328125
-0.00403308868408203 0.00601768493652344 0.1256103515625 0.76904296875
0.00271224975585937 0.0119600296020508 0.00268554687500001 0.156005859375
-0.00641584396362305 0.00165987014770508 0.12677001953125 -0.6370849609375
0.00532150268554688 -0.0172119140625 -0.51373291015625 -0.8551025390625
0.0175914764404297 -0.0150012969970703 -0.8892822265625 -0.0122070312500001
0.0178909301757812 -0.0280685424804687 -0.33465576171875 0.60406494140625
0.0132980346679687 -0.0422477722167969 0.1661376953125 0.482574462890625
-0.0107307434082031 -0.0210075378417969 0.340179443359375 0.027252197265625
-0.0120992660522461 0.00297069549560547 0.2283935546875 -0.275344848632813
-0.0359153747558594 -0.0146598815917969 -0.15594482421875 0.29632568359375
-0.00677871704101562 -0.0452919006347656 -0.3037109375 0.0443420410156249
0.00394821166992187 -0.0523757934570313 -0.2633056640625 -0.370513916015625
0.0330963134765625 -0.0255413055419922 0.14947509765625 -0.65447998046875
0.0316104888916016 -0.00312614440917969 0.784423828125 -0.2391357421875
-0.00763225555419922 -0.00362014770507813 0.7650146484375 0.59722900390625
-0.00586509704589844 0.0335865020751953 0.12921142578125 0.75567626953125
-0.0202217102050781 0.0392417907714844 0.0153350830078125 0.141098022460938
-0.0145931243896484 0.0310096740722656 0.1324462890625 -0.65032958984375
0.0182552337646484 0.00217819213867188 -0.5098876953125 -0.859130859375
0.0378875732421875 -0.0121650695800781 -0.88494873046875 -0.01055908203125
0.0283203125 -0.0374259948730469 -0.3321533203125 0.6009521484375
0.0150184631347656 -0.0516433715820313 0.163055419921875 0.481658935546875
-0.0159282684326172 -0.0273475646972656 0.3326416015625 0.0291748046875
-0.0188503265380859 0.00179862976074218 0.218170166015625 -0.275436401367188
-0.0406417846679687 -0.0160140991210938 -0.168304443359375 0.297393798828125
-0.0107879638671875 -0.0482978820800781 -0.3133544921875 0.0406799316406249
0.00275802612304687 -0.0563125610351563 -0.2628173828125 -0.3790283203125
0.0383644104003906 -0.0300483703613281 0.1636962890625 -0.6549072265625
0.0443687438964844 -0.00208282470703125 0.7952880859375 -0.22021484375
0.0066533088684082 0.00625085830688477 0.752197265625 0.61187744140625
-0.00479507446289062 0.0537948608398438 0.12127685546875 0.73968505859375
-0.0344963073730469 0.0609588623046875 0.0336685180664063 0.116226196289063
-0.0178604125976562 0.0522575378417969 0.13232421875 -0.67535400390625
0.0300521850585937 0.0151691436767578 -0.52825927734375 -0.85504150390625
0.0507011413574219 -0.00967025756835938 -0.87799072265625 0.0141601562500001
0.0349006652832031 -0.04150390625 -0.3140869140625 0.6058349609375
0.0150947570800781 -0.0555229187011719 0.16705322265625 0.472412109375
-0.0192699432373047 -0.029510498046875 0.32470703125 0.023712158203125
-0.0227870941162109 0.00125694274902344 0.2037353515625 -0.278610229492188
-0.00686264038085937 -0.0217628479003906 -0.161483764648437 0.275146484375
0.0242786407470703 -0.00303077697753906 -0.283843994140625 -0.0269775390625
0.00032997131347656 0.0303497314453125 -0.1937255859375 -0.452545166015625
-0.0323104858398438 0.0594596862792969 0.28790283203125 -0.6357421875
-0.0672225952148438 0.0110931396484375 0.82574462890625 -0.0595703125
-0.0627975463867188 -0.0947494506835938 0.61419677734375 0.7587890625
0.04071044921875 -0.094512939453125 0.01373291015625 0.71685791015625
0.100090026855469 -0.0735015869140625 0.0456466674804688 0.0494499206542969
0.0263748168945313 -0.0973663330078125 0.000305175781249956 -0.69744873046875
-0.0428085327148437 -0.0792160034179688 -0.70098876953125 -0.6826171875
-0.0614395141601562 0.00500106811523438 -0.83514404296875 0.21051025390625
-0.0243988037109375 0.0470962524414063 -0.17388916015625 0.6292724609375
-0.003570556640625 0.0232372283935547 0.2613525390625 0.396026611328125
0.0136451721191406 0.0169000625610352 0.34417724609375 -0.046630859375
0.0121097564697266 -0.00103759765625 0.202880859375 -0.28887939453125
-0.00952148437500001 -0.0184974670410156 -0.147003173828125 0.277557373046875
0.0238056182861328 -0.0073394775390625 -0.28057861328125 -0.0121002197265624
0.00339317321777344 0.0200862884521484 -0.20672607421875 -0.4312744140625
-0.0232391357421875 0.0499534606933594 0.25421142578125 -0.6407470703125
-0.0619773864746094 0.0114288330078125 0.81414794921875 -0.10546875
-0.069183349609375 -0.0879669189453125 0.653076171875 0.7261962890625
0.0311203002929687 -0.0914688110351563 0.0367431640625001 0.74163818359375
0.0940628051757813 -0.07391357421875 0.0265121459960938 0.0849761962890625
0.0257034301757813 -0.0955886840820312 0.02435302734375 -0.67572021484375
-0.0411834716796875 -0.0796966552734375 -0.66302490234375 -0.7230224609375
-0.0590133666992188 -0.0029754638671875 -0.8536376953125 0.15911865234375
-0.0243682861328125 0.0363845825195312 -0.21258544921875 0.626953125
-0.00310039520263672 0.0162973403930664 0.243988037109375 0.4169921875
0.0116157531738281 0.0128908157348633 0.34912109375 -0.03179931640625
0.00984668731689453 0.00289630889892578 0.2135009765625 -0.286041259765625
-0.0114660263061523 -0.0174646377563477 -0.13873291015625 0.280853271484375
0.020263671875 -0.0157337188720703 -0.2796630859375 0.00444030761718746
0.00676584243774414 0.00505447387695312 -0.2244873046875 -0.41064453125
-0.011474609375 0.03643798828125 0.21484375 -0.6474609375
-0.0483665466308594 0.0109405517578125 0.80084228515625 -0.156982421875
-0.067779541015625 -0.0732040405273438 0.6925048828125 0.6827392578125
0.0190048217773437 -0.078125 0.0653686523437499 0.75689697265625
0.0789031982421875 -0.0640106201171875 0.0103302001953125 0.117202758789063
0.0211257934570312 -0.0822525024414063 0.0520629882812501 -0.65313720703125
-0.0337753295898438 -0.0733108520507813 -0.619384765625 -0.76177978515625
-0.0460700988769531 -0.0103416442871094 -0.86810302734375 0.10589599609375
-0.0192642211914063 0.0212841033935547 -0.2506103515625 0.62213134765625
-0.000414133071899414 0.00278282165527344 0.223541259765625 0.44000244140625
0.00716876983642578 0.00728225708007812 0.352447509765625 -0.014617919921875
0.00769996643066406 0.00306940078735352 0.225128173828125 -0.2828369140625
-0.0168161392211914 -0.0154247283935547 -0.135040283203125 0.28460693359375
0.0147132873535156 -0.0241031646728516 -0.282318115234375 0.019775390625
0.00712203979492188 -0.0122060775756836 -0.238189697265625 -0.390655517578125
0.00124168395996094 0.0186767578125 0.18182373046875 -0.653076171875
-0.0298080444335937 0.00913810729980469 0.78759765625 -0.20068359375
-0.0598106384277344 -0.0545158386230469 0.72705078125 0.64251708984375
0.00800704956054688 -0.0536880493164063 0.0928955078125 0.7664794921875
0.0559616088867187 -0.0441169738769531 0.000640869140625004 0.14263916015625
0.0145606994628906 -0.0587425231933594 0.0804443359375 -0.63720703125
-0.0217704772949219 -0.0588569641113281 -0.5751953125 -0.79595947265625
-0.0283679962158203 -0.0146102905273438 -0.8795166015625 0.0559082031250001
-0.00988388061523437 0.00316047668457031 -0.287353515625 0.6160888671875
0.00385570526123047 -0.0124988555908203 0.202880859375 0.4605712890625
0.00179493427276611 -0.00186836719512939 0.350494384765625 0.00177001953125
0.0020747184753418 0.0033876895904541 0.230636596679688 -0.278854370117188
-0.0228767395019531 -0.0142974853515625 -0.135986328125 0.288970947265625
0.00636863708496094 -0.0316905975341797 -0.286529541015625 0.0335388183593749
0.00752639770507813 -0.0294914245605469 -0.25225830078125 -0.375732421875
0.0144538879394531 0.000642776489257813 0.155517578125 -0.65234375
-0.00776863098144531 0.00440788269042969 0.77935791015625 -0.23431396484375
-0.0442543029785156 -0.0356674194335937 0.75323486328125 0.606689453125
-0.000152587890624998 -0.0241680145263672 0.11700439453125 0.76812744140625
0.0299320220947266 -0.0175628662109375 -0.00140380859375001 0.156112670898437
0.00474166870117188 -0.0288925170898438 0.1011962890625 -0.63006591796875
-0.00834274291992187 -0.0382537841796875 -0.541015625 -0.82611083984375
-0.00545215606689453 -0.0166711807250977 -0.88409423828125 0.0178222656249999
0.00449657440185547 -0.0148811340332031 -0.31378173828125 0.61041259765625
0.00759124755859375 -0.0278530120849609 0.182037353515625 0.475799560546875
-0.00419235229492188 -0.0108566284179688 0.344512939453125 0.016998291015625
-0.00425910949707031 0.00399971008300781 0.231399536132813 -0.275238037109375
-0.0300807952880859 -0.0130348205566406 -0.140869140625 0.292388916015625
-0.00105667114257812 -0.0396003723144531 -0.292266845703125 0.0428466796875
0.00496292114257812 -0.0430145263671875 -0.2615966796875 -0.3668212890625
0.0243034362792969 -0.0146751403808594 0.1412353515625 -0.65283203125
0.0123472213745117 -0.000267982482910156 0.77215576171875 -0.247802734375
-0.0257606506347656 -0.0179119110107422 0.76446533203125 0.58770751953125
-0.00423908233642578 0.00646400451660156 0.1309814453125 0.76153564453125
0.00312900543212891 0.0122718811035156 0.0038299560546875 0.15423583984375
-0.00602054595947266 0.00290918350219726 0.12042236328125 -0.6324462890625
0.00475502014160156 -0.0168256759643555 -0.516845703125 -0.84381103515625
0.0177135467529297 -0.0147533416748047 -0.88165283203125 -0.00390624999999999
0.0171985626220703 -0.0288791656494141 -0.32794189453125 0.60284423828125
0.0115699768066406 -0.0415229797363281 0.168670654296875 0.47845458984375
-0.0109481811523437 -0.0199089050292969 0.33660888671875 0.024444580078125
-0.0107583999633789 0.00376701354980469 0.223220825195313 -0.27508544921875
-0.0353622436523438 -0.0133399963378906 -0.151123046875 0.294677734375
-0.00774383544921875 -0.0440177917480469 -0.300323486328125 0.04608154296875
0.0034027099609375 -0.0526924133300781 -0.2655029296875 -0.364593505859375
0.0326290130615234 -0.0265960693359375 0.139892578125 -0.650146484375
0.0306472778320313 -0.00322341918945313 0.77484130859375 -0.24603271484375
-0.00836658477783203 -0.00392246246337891 0.76397705078125 0.58697509765625
-0.00595283508300781 0.0333499908447266 0.13555908203125 0.7481689453125
-0.0187911987304688 0.0387420654296875 0.0170135498046875 0.140731811523438
-0.0142841339111328 0.0307178497314453 0.127197265625 -0.6448974609375
0.0179195404052734 0.00228691101074219 -0.51507568359375 -0.84912109375
0.0371170043945313 -0.0116043090820313 -0.880126953125 -0.00109863281249986
0.0290298461914063 -0.0382461547851563 -0.3248291015625 0.60064697265625
0.0139083862304688 -0.0511436462402344 0.1651611328125 0.47698974609375
-0.0157890319824219 -0.0262889862060547 0.328948974609375 0.025848388671875
-0.017486572265625 0.00338649749755859 0.21282958984375 -0.275604248046875
-0.0398063659667969 -0.0147781372070312 -0.16253662109375 0.29632568359375
-0.01165771484375 -0.046478271484375 -0.310211181640625 0.0435791015624999
0.00297927856445312 -0.0554084777832031 -0.264007568359375 -0.373748779296875
0.0389671325683594 -0.0297584533691406 0.154296875 -0.6517333984375
0.0425872802734375 -0.00314712524414062 0.78607177734375 -0.22552490234375
0.00520038604736328 0.00549983978271484 0.75128173828125 0.60028076171875
-0.00527572631835937 0.0540199279785156 0.12652587890625 0.73260498046875
-0.0341796875 0.0605926513671875 0.0353546142578125 0.115402221679687
-0.0171127319335938 0.0517692565917969 0.124755859375 -0.67041015625
0.0290374755859375 0.0149974822998047 -0.533935546875 -0.8414306640625
0.0506782531738281 -0.00976943969726563 -0.87396240234375 0.0205688476562498
0.0341529846191406 -0.0426101684570312 -0.3089599609375 0.60357666015625
0.0136642456054688 -0.054931640625 0.1697998046875 0.466705322265625
-0.0200290679931641 -0.0288238525390625 0.321929931640625 0.021026611328125
-0.0212554931640625 0.00166511535644532 0.198776245117188 -0.2783203125
-0.00661087036132813 -0.0206508636474609 -0.156494140625 0.273635864257813
0.0236606597900391 -0.00202751159667969 -0.282958984375 -0.02490234375
0.00032997131347656 0.0296249389648437 -0.196441650390625 -0.44696044921875
-0.0301628112792969 0.0585556030273438 0.2784423828125 -0.632080078125
-0.0673255920410156 0.0109519958496094 0.816650390625 -0.06549072265625
-0.0637893676757813 -0.0939407348632812 0.6156005859375 0.74609375
0.0398406982421875 -0.0927505493164063 0.01898193359375 0.70941162109375
0.0990524291992188 -0.0728378295898438 0.0461463928222656 0.0483932495117187
0.02593994140625 -0.0964584350585938 -0.00408935546874997 -0.6920166015625
-0.0423126220703125 -0.0778121948242188 -0.699951171875 -0.67291259765625
-0.0604209899902344 0.00452804565429689 -0.82684326171875 0.2152099609375
-0.0240325927734375 0.0462570190429687 -0.16973876953125 0.625244140625
-0.00314521789550781 0.0233211517333984 0.261627197265625 0.390869140625
0.0137538909912109 0.0178337097167969 0.340301513671875 -0.04913330078125
0.013153076171875 8.96453857421875E-05 0.199005126953125 -0.288238525390625
-0.00916481018066406 -0.0176792144775391 -0.142669677734375 0.276077270507813
0.0222854614257812 -0.00743484497070312 -0.278121948242188 -0.00975036621093753
0.00379753112792969 0.0197162628173828 -0.209808349609375 -0.425994873046875
-0.0218467712402344 0.0502052307128906 0.2454833984375 -0.63983154296875
-0.0624771118164063 0.011260986328125 0.80621337890625 -0.11248779296875
-0.0701904296875 -0.0866165161132813 0.65277099609375 0.7159423828125
0.0308837890625 -0.0917510986328125 0.04150390625 0.73419189453125
0.0936050415039063 -0.0731353759765625 0.02703857421875 0.0843048095703125
0.0249252319335938 -0.0941085815429688 0.0190429687499999 -0.66943359375
-0.041839599609375 -0.0787353515625 -0.661865234375 -0.71124267578125
-0.0580596923828125 -0.00342178344726563 -0.84552001953125 0.16510009765625
-0.024200439453125 0.0359992980957031 -0.20635986328125 0.6241455078125
-0.00258922576904297 0.0164308547973633 0.24542236328125 0.412994384765625
0.0111360549926758 0.0135126113891602 0.34521484375 -0.033233642578125
0.010584831237793 0.00322818756103516 0.209625244140625 -0.2855224609375
-0.0122003555297852 -0.0165920257568359 -0.135009765625 0.27947998046875
0.0192451477050781 -0.0147075653076172 -0.278182983398437 0.00602722167968746
0.006622314453125 0.00469255447387695 -0.2269287109375 -0.4051513671875
-0.010986328125 0.0366973876953125 0.2069091796875 -0.64373779296875
-0.0490913391113281 0.0111618041992187 0.79290771484375 -0.16314697265625
-0.0687942504882813 -0.0717315673828125 0.69097900390625 0.67120361328125
0.01806640625 -0.077056884765625 0.0704345703125 0.750244140625
0.0791015625 -0.0635299682617188 0.0115203857421875 0.116561889648437
0.0211181640625 -0.080230712890625 0.04656982421875 -0.646484375
-0.0333099365234375 -0.0721206665039063 -0.61846923828125 -0.7506103515625
-0.0465354919433594 -0.00972366333007813 -0.86126708984375 0.11376953125
-0.0191860198974609 0.0206642150878906 -0.2451171875 0.61846923828125
-0.00121045112609863 0.00323319435119629 0.225494384765625 0.435272216796875
0.00692653656005859 0.00652742385864258 0.347381591796875 -0.01739501953125
0.0077214241027832 0.00346660614013672 0.220458984375 -0.282928466796875
-0.0173635482788086 -0.0144243240356445 -0.13006591796875 0.282501220703125
0.0134811401367187 -0.0232906341552734 -0.278732299804688 0.0219726562500001
0.00786209106445312 -0.0128421783447266 -0.2408447265625 -0.384674072265625
0.00152778625488281 0.0178794860839844 0.17388916015625 -0.64923095703125
-0.0299320220947266 0.00925254821777343 0.7796630859375 -0.2066650390625
-0.0601806640625 -0.053253173828125 0.72808837890625 0.6309814453125
0.0069580078125 -0.0528678894042969 0.0993652343750001 0.7603759765625
0.0560722351074219 -0.0438499450683594 0.00215148925781249 0.141845703125
0.0140838623046875 -0.0577812194824219 0.07342529296875 -0.63128662109375
-0.0224609375 -0.0572319030761719 -0.5765380859375 -0.78558349609375
-0.0278759002685547 -0.0156211853027344 -0.873291015625 0.0617065429687498
-0.00931262969970703 0.00388240814208984 -0.28021240234375 0.6112060546875
0.00272178649902344 -0.0127630233764648 0.204010009765625 0.455474853515625
0.0012441873550415 -0.00149714946746826 0.347198486328125 -0.00054931640625
0.00234341621398926 0.00400328636169434 0.226882934570313 -0.278228759765625
-0.0226459503173828 -0.0130119323730469 -0.13031005859375 0.287017822265625
0.00534629821777343 -0.0308303833007812 -0.282958984375 0.035308837890625
0.00699615478515625 -0.028839111328125 -0.25396728515625 -0.36932373046875
0.0140228271484375 0.000189781188964844 0.14727783203125 -0.64697265625
-0.0082097053527832 0.00474309921264648 0.76837158203125 -0.23919677734375
-0.0451011657714844 -0.0351715087890625 0.75006103515625 0.59588623046875
-0.00014686584472656 -0.0233535766601563 0.12310791015625 0.76019287109375
0.0297622680664063 -0.0173912048339844 -0.000335693359375014 0.153656005859375
0.00378608703613282 -0.0275859832763672 0.0961303710937499 -0.62384033203125
-0.0093994140625 -0.0380439758300781 -0.54327392578125 -0.8153076171875
-0.00481224060058594 -0.0160303115844727 -0.87750244140625 0.0254516601562501
0.00293159484863281 -0.014373779296875 -0.30877685546875 0.60638427734375
0.00706100463867187 -0.0284290313720703 0.18414306640625 0.46923828125
-0.00511837005615234 -0.0108156204223633 0.340911865234375 0.013824462890625
-0.00352573394775391 0.00530242919921875 0.225875854492187 -0.27447509765625
-0.0297374725341797 -0.0114307403564453 -0.135345458984375 0.290496826171875
-0.00242233276367187 -0.0385398864746094 -0.289337158203125 0.0437927246093751
0.00525665283203125 -0.0429267883300781 -0.262298583984375 -0.359161376953125
0.0247344970703125 -0.0160446166992188 0.1331787109375 -0.64788818359375
0.012303352355957 -0.000941276550292969 0.76263427734375 -0.25262451171875
-0.0265731811523438 -0.0179462432861328 0.7640380859375 0.57666015625
-0.0042119026184082 0.00698471069335937 0.13702392578125 0.7530517578125
0.00342369079589844 0.0122804641723633 0.00540161132812499 0.15380859375
-0.00597143173217773 0.00258731842041016 0.11395263671875 -0.6258544921875
0.0042266845703125 -0.0165271759033203 -0.51861572265625 -0.8326416015625
0.0174665451049805 -0.0147552490234375 -0.876220703125 0.00354003906249996
0.0172824859619141 -0.0287322998046875 -0.32073974609375 0.6009521484375
0.011322021484375 -0.0415687561035156 0.170623779296875 0.474578857421875
-0.0110607147216797 -0.0195388793945313 0.333343505859375 0.022247314453125
-0.00990200042724609 0.00446224212646485 0.21942138671875 -0.273880004882813
-0.0354347229003906 -0.0124130249023438 -0.146636962890625 0.292327880859375
-0.009185791015625 -0.0431175231933594 -0.2977294921875 0.0482177734375
0.00285339355468749 -0.0519981384277344 -0.266571044921875 -0.360198974609375
0.0331058502197266 -0.0264492034912109 0.13165283203125 -0.64654541015625
0.0296573638916016 -0.00428009033203125 0.76507568359375 -0.25048828125
-0.00899028778076172 -0.00379753112792969 0.76300048828125 0.57574462890625
-0.0050506591796875 0.0334815979003906 0.1409912109375 0.7410888671875
-0.01763916015625 0.0396728515625 0.0170135498046875 0.139732360839844
-0.014404296875 0.0321598052978516 0.12213134765625 -0.64068603515625
0.0178279876708984 0.00237846374511719 -0.51751708984375 -0.838623046875
0.0376625061035156 -0.0126266479492188 -0.87445068359375 0.00415039062499996
0.028045654296875 -0.0383529663085938 -0.31939697265625 0.59991455078125
0.0131263732910156 -0.0504722595214844 0.166534423828125 0.472198486328125
-0.0163955688476563 -0.0248565673828125 0.32598876953125 0.023345947265625
-0.0157127380371094 0.0037546157836914 0.209136962890625 -0.273971557617188
-0.0390357971191406 -0.0135040283203125 -0.15814208984375 0.294677734375
-0.013580322265625 -0.0460433959960938 -0.306732177734375 0.0455322265625
0.00233078002929688 -0.0545387268066406 -0.266448974609375 -0.369140625
0.0382499694824219 -0.0298538208007813 0.146728515625 -0.648681640625
0.0422630310058594 -0.00372314453125 0.7767333984375 -0.22967529296875
0.00406122207641602 0.0052337646484375 0.75091552734375 0.5877685546875
-0.00428771972656251 0.053253173828125 0.13201904296875 0.72528076171875
-0.0324554443359375 0.0614738464355469 0.0361557006835938 0.114921569824219
-0.0170135498046875 0.0521049499511719 0.119384765625 -0.663330078125
0.0290184020996094 0.0145549774169922 -0.5352783203125 -0.83062744140625
0.0496635437011719 -0.00990676879882813 -0.86651611328125 0.0270996093750001
0.0332260131835938 -0.0412483215332031 -0.30230712890625 0.60125732421875
0.0133323669433594 -0.0543899536132813 0.170440673828125 0.461212158203125
-0.0200443267822266 -0.0275478363037109 0.3184814453125 0.01763916015625
-0.0212497711181641 0.00324058532714844 0.194320678710938 -0.2774658203125
-0.00634574890136719 -0.0194759368896484 -0.152481079101563 0.271011352539062
0.0230903625488281 -0.00143814086914063 -0.280136108398438 -0.022735595703125
0.000484466552734373 0.0296249389648438 -0.197357177734375 -0.44140625
-0.029876708984375 0.0586318969726563 0.27099609375 -0.629150390625
-0.0668983459472656 0.0113029479980469 0.81097412109375 -0.06988525390625
-0.064605712890625 -0.0931015014648438 0.61480712890625 0.7357177734375
0.040313720703125 -0.09222412109375 0.02374267578125 0.702880859375
0.09869384765625 -0.07275390625 0.0464859008789063 0.0477027893066406
0.0252838134765625 -0.0943679809570313 -0.00823974609374998 -0.68426513671875
-0.0419845581054688 -0.07611083984375 -0.69805908203125 -0.66424560546875
-0.06005859375 0.00493240356445313 -0.81964111328125 0.21795654296875
-0.0242195129394531 0.0461502075195313 -0.1654052734375 0.6214599609375
-0.00358772277832031 0.0236873626708984 0.261383056640625 0.38671875
0.0132083892822266 0.0180397033691406 0.337249755859375 -0.049652099609375
0.0139255523681641 0.000368118286132813 0.195587158203125 -0.287078857421875
-0.00866889953613281 -0.0155191421508789 -0.139480590820313 0.273452758789063
0.0226726531982422 -0.00735282897949219 -0.275436401367188 -0.00776672363281251
0.00458908081054687 0.0197391510009766 -0.21044921875 -0.420806884765625
-0.0212898254394531 0.0500030517578125 0.2366943359375 -0.6326904296875
-0.0622482299804688 0.011688232421875 0.79681396484375 -0.1156005859375
-0.0709381103515625 -0.0851364135742187 0.65240478515625 0.7047119140625
0.0304489135742188 -0.0903854370117187 0.04583740234375 0.7274169921875
0.0934600830078125 -0.0734786987304688 0.0274734497070313 0.082550048828125
0.0242156982421875 -0.093170166015625 0.015380859375 -0.66326904296875
-0.0412673950195312 -0.0777587890625 -0.6612548828125 -0.70257568359375
-0.057373046875 -0.00252151489257813 -0.8382568359375 0.16912841796875
-0.0230560302734375 0.0355110168457031 -0.20245361328125 0.61932373046875
-0.00319576263427734 0.0163183212280273 0.245849609375 0.4068603515625
0.0110635757446289 0.0134572982788086 0.341400146484375 -0.03564453125
0.0120449066162109 0.00324916839599609 0.205352783203125 -0.284393310546875
-0.0114336013793945 -0.0152740478515625 -0.131576538085937 0.277694702148438
0.0185165405273438 -0.0146846771240234 -0.275436401367188 0.00807189941406245
0.0072789192199707 0.00417184829711914 -0.228363037109375 -0.400360107421875
-0.00986099243164062 0.0354804992675781 0.20001220703125 -0.63873291015625
-0.0487518310546875 0.0114212036132813 0.7835693359375 -0.1678466796875
-0.069580078125 -0.071136474609375 0.69171142578125 0.66131591796875
0.0177688598632812 -0.0756988525390625 0.0731201171874999 0.7425537109375
0.0782928466796875 -0.0634841918945312 0.012420654296875 0.116554260253906
0.020111083984375 -0.07977294921875 0.04339599609375 -0.640625
-0.0331039428710938 -0.0704193115234375 -0.6181640625 -0.74072265625
-0.0461654663085938 -0.0103683471679688 -0.85516357421875 0.11761474609375
-0.0187053680419922 0.0198764801025391 -0.2410888671875 0.61529541015625
-0.000978946685791015 0.0032651424407959 0.22589111328125 0.431304931640625
0.00743293762207031 0.00677299499511719 0.343963623046875 -0.018890380859375
0.00878524780273438 0.003662109375 0.217681884765625 -0.28143310546875
-0.0159502029418945 -0.0136203765869141 -0.125961303710938 0.281051635742188
0.0129833221435547 -0.0219078063964844 -0.276168823242188 0.023162841796875
0.00786685943603516 -0.0127582550048828 -0.240966796875 -0.3809814453125
0.00294303894042969 0.0182266235351563 0.1661376953125 -0.64373779296875
-0.0305881500244141 0.00906181335449219 0.76861572265625 -0.21099853515625
-0.0603866577148437 -0.0525054931640625 0.725830078125 0.61968994140625
0.00709533691406249 -0.0525169372558594 0.10198974609375 0.75048828125
0.0554389953613281 -0.0436134338378906 0.002593994140625 0.139823913574219
0.0136680603027344 -0.0570831298828125 0.0704345703124999 -0.626953125
-0.0224761962890625 -0.0565071105957031 -0.57647705078125 -0.77606201171875
-0.0283718109130859 -0.0147991180419922 -0.86505126953125 0.0676269531250001
-0.00862503051757813 0.00286769866943359 -0.2764892578125 0.60980224609375
0.00274372100830078 -0.0123701095581055 0.20452880859375 0.450897216796875
0.0012509822845459 -0.000470757484436035 0.34320068359375 -0.0018310546875
0.00393342971801758 0.00560951232910156 0.222854614257813 -0.276519775390625
-0.0215473175048828 -0.0119876861572266 -0.12713623046875 0.283660888671875
0.00482559204101563 -0.0299530029296875 -0.280838012695313 0.0371551513671875
0.00596046447753906 -0.0291862487792969 -0.25347900390625 -0.363494873046875
0.0147686004638672 0.000850677490234375 0.1400146484375 -0.64404296875
-0.00921440124511719 0.00474166870117188 0.7578125 -0.24273681640625
-0.0467872619628906 -0.0340232849121094 0.7489013671875 0.58575439453125
0.00010490417480469 -0.0237274169921875 0.1253662109375 0.7530517578125
0.0307865142822266 -0.0163803100585938 0.000595092773437496 0.153228759765625
0.0040740966796875 -0.0276031494140625 0.092529296875 -0.619384765625
-0.0085601806640625 -0.0372962951660156 -0.54327392578125 -0.80615234375
-0.00506401062011719 -0.0164995193481445 -0.87091064453125 0.0292968750000001
0.00383281707763672 -0.014225959777832 -0.3018798828125 0.604736328125
0.00653457641601562 -0.0270671844482422 0.185150146484375 0.464202880859375
-0.00452613830566406 -0.00979900360107422 0.337799072265625 0.0125732421875
-0.00326251983642578 0.00592327117919922 0.222137451171875 -0.273757934570313
-0.0280055999755859 -0.0110664367675781 -0.132049560546875 0.287872314453125
-0.00376510620117188 -0.0371971130371094 -0.28717041015625 0.04681396484375
0.00517654418945313 -0.042999267578125 -0.26361083984375 -0.355438232421875
0.0254764556884766 -0.0159091949462891 0.12701416015625 -0.6439208984375
0.0110769271850586 -0.000466346740722656 0.75244140625 -0.258056640625
-0.0278549194335938 -0.0179042816162109 0.7615966796875 0.5667724609375
-0.00369787216186524 0.0072789192199707 0.141845703125 0.74481201171875
0.00429058074951172 0.0127696990966797 0.00633239746093749 0.152359008789063
-0.00620555877685547 0.00330924987792969 0.10968017578125 -0.62176513671875
0.00468063354492187 -0.0151691436767578 -0.51812744140625 -0.82379150390625
0.0178089141845703 -0.0144023895263672 -0.87115478515625 0.00891113281249991
0.017364501953125 -0.0295658111572266 -0.31634521484375 0.59747314453125
0.0100822448730469 -0.0409660339355469 0.17071533203125 0.47015380859375
-0.0105419158935547 -0.0182113647460938 0.329864501953125 0.02105712890625
-0.00990867614746094 0.00487709045410156 0.21490478515625 -0.273300170898438
-0.0338172912597656 -0.0109043121337891 -0.142364501953125 0.290252685546875
-0.00989151000976562 -0.0422325134277344 -0.294647216796875 0.05023193359375
0.00267410278320312 -0.0516204833984375 -0.26708984375 -0.3555908203125
0.0327796936035156 -0.0262413024902344 0.125732421875 -0.641845703125
0.0289058685302734 -0.0036163330078125 0.75701904296875 -0.253173828125
-0.0108652114868164 -0.00432586669921875 0.76153564453125 0.56378173828125
-0.0052490234375 0.0336952209472656 0.14501953125 0.733642578125
-0.0169258117675781 0.0397186279296875 0.01953125 0.139305114746094
-0.0134696960449219 0.0326156616210938 0.1175537109375 -0.63458251953125
0.0178108215332031 0.00287437438964844 -0.51629638671875 -0.82769775390625
0.0367507934570313 -0.0120468139648438 -0.8675537109375 0.00848388671875012
0.0277328491210938 -0.0382423400878906 -0.3140869140625 0.5950927734375
0.0125656127929688 -0.049957275390625 0.16729736328125 0.46875
-0.0168342590332031 -0.0247020721435547 0.323272705078125 0.022186279296875
-0.0151567459106445 0.00490474700927734 0.20574951171875 -0.273635864257812
-0.0386161804199219 -0.0125770568847656 -0.15350341796875 0.292510986328125
-0.0135307312011719 -0.0442962646484375 -0.304229736328125 0.047821044921875
0.0023651123046875 -0.0549850463867188 -0.267974853515625 -0.36383056640625
0.0387191772460938 -0.0306854248046875 0.13836669921875 -0.64324951171875
0.0402793884277344 -0.00386810302734375 0.76678466796875 -0.23504638671875
0.00353527069091797 0.00485420227050781 0.74884033203125 0.5797119140625
-0.00417709350585937 0.0535697937011719 0.135986328125 0.71807861328125
-0.0312271118164062 0.060882568359375 0.0365829467773437 0.114028930664063
-0.0161590576171875 0.0523834228515625 0.113525390625 -0.65716552734375
0.0287055969238281 0.0149917602539062 -0.53656005859375 -0.82232666015625
0.0492172241210937 -0.0108184814453125 -0.859619140625 0.03289794921875
0.0336418151855469 -0.0426368713378906 -0.29656982421875 0.59857177734375
0.0119590759277344 -0.0537033081054688 0.1719970703125 0.4576416015625
-0.0208206176757813 -0.0268459320068359 0.3150634765625 0.016815185546875
-0.0198154449462891 0.00468254089355469 0.191329956054688 -0.2762451171875
-0.00613594055175782 -0.0188236236572266 -0.15008544921875 0.269729614257813
0.0220775604248047 -0.000993728637695313 -0.277359008789063 -0.0213928222656251
0.001495361328125 0.0297069549560547 -0.19775390625 -0.435821533203125
-0.028350830078125 0.0577659606933594 0.26373291015625 -0.6240234375
-0.0672416687011719 0.0111312866210938 0.7999267578125 -0.07489013671875
-0.0654525756835938 -0.0916061401367188 0.61395263671875 0.7274169921875
0.0392913818359375 -0.0913467407226563 0.02679443359375 0.6959228515625
0.097503662109375 -0.0723800659179688 0.0467147827148438 0.0470924377441406
0.0249786376953125 -0.093841552734375 -0.01055908203125 -0.6781005859375
-0.0427017211914063 -0.0756988525390625 -0.6951904296875 -0.65606689453125
-0.0587730407714844 0.00460433959960937 -0.8131103515625 0.22039794921875
-0.023590087890625 0.0453529357910156 -0.16156005859375 0.61761474609375
-0.00371932983398438 0.0242366790771484 0.260528564453125 0.381805419921875
0.0133895874023438 0.0176200866699219 0.333587646484375 -0.0509033203125
0.0150527954101562 0.00116634368896484 0.192779541015625 -0.28594970703125
-0.00792312622070313 -0.0150861740112305 -0.1357421875 0.271102905273437
0.0213470458984375 -0.00682830810546875 -0.273788452148438 -0.00642395019531254
0.00385093688964844 0.0200138092041016 -0.210693359375 -0.4176025390625
-0.0207061767578125 0.0487327575683594 0.23095703125 -0.62933349609375
-0.0616111755371094 0.01171875 0.7877197265625 -0.11798095703125
-0.0710220336914063 -0.0843887329101563 0.65130615234375 0.6947021484375
0.0299148559570312 -0.08868408203125 0.04833984375 0.720458984375
0.0935897827148438 -0.0734176635742188 0.0273208618164062 0.0822296142578125
0.0240554809570312 -0.091705322265625 0.014404296875 -0.65765380859375
-0.0410079956054688 -0.0759963989257812 -0.65692138671875 -0.6953125
-0.0570487976074219 -0.00307846069335937 -0.830810546875 0.17218017578125
-0.0230216979980469 0.0356712341308594 -0.197998046875 0.61572265625
-0.00268268585205078 0.0163154602050781 0.245849609375 0.4036865234375
0.0115842819213867 0.0133504867553711 0.33856201171875 -0.036956787109375
0.0130214691162109 0.00374126434326172 0.202606201171875 -0.28314208984375
-0.0103836059570313 -0.0140676498413086 -0.128173828125 0.274642944335938
0.0173358917236328 -0.0137462615966797 -0.27252197265625 0.00917053222656252
0.00634670257568359 0.00425577163696289 -0.22784423828125 -0.395172119140625
-0.00895309448242187 0.0356216430664063 0.19415283203125 -0.63470458984375
-0.04931640625 0.0111465454101562 0.77471923828125 -0.16973876953125
-0.0698204040527344 -0.0697784423828125 0.68853759765625 0.6524658203125
0.017120361328125 -0.075408935546875 0.077392578125 0.733642578125
0.07757568359375 -0.062744140625 0.012786865234375 0.114303588867187
0.0205307006835938 -0.078857421875 0.04107666015625 -0.6353759765625
-0.0337066650390625 -0.0702705383300781 -0.61505126953125 -0.73260498046875
-0.0458869934082031 -0.00969696044921875 -0.848388671875 0.11981201171875
-0.0182151794433594 0.0195655822753906 -0.23724365234375 0.611572265625
-0.00106096267700195 0.00302934646606445 0.226287841796875 0.428009033203125
0.00676536560058594 0.00732898712158203 0.3414306640625 -0.019775390625
0.00971221923828125 0.00439834594726563 0.213653564453125 -0.280441284179688
-0.0159969329833984 -0.0123777389526367 -0.12359619140625 0.278640747070313
0.0113430023193359 -0.0213508605957031 -0.274658203125 0.0245513916015625
0.00740146636962891 -0.0126981735229492 -0.240447998046875 -0.374908447265625
0.0030517578125 0.018218994140625 0.15899658203125 -0.6395263671875
-0.0302371978759766 0.00833702087402344 0.76141357421875 -0.2122802734375
-0.0614204406738281 -0.0521774291992188 0.7235107421875 0.61199951171875
0.00677490234375 -0.0519065856933594 0.10662841796875 0.7425537109375
0.0559005737304688 -0.0435676574707031 0.004302978515625 0.139289855957031
0.0131187438964844 -0.0556907653808594 0.0672607421875 -0.62060546875
-0.0225334167480469 -0.0567092895507812 -0.57440185546875 -0.7667236328125
-0.0276546478271484 -0.0149555206298828 -0.8594970703125 0.0718994140625001
-0.00919437408447266 0.00171947479248047 -0.27239990234375 0.6065673828125
0.00272846221923828 -0.0114946365356445 0.204071044921875 0.4468994140625
0.000474423170089722 -0.000373035669326782 0.340240478515625 -0.002716064453125
0.00500011444091797 0.00593328475952148 0.2188720703125 -0.27630615234375
-0.0213069915771484 -0.0108985900878906 -0.124420166015625 0.28253173828125
0.00407218933105469 -0.0300331115722656 -0.277862548828125 0.0382843017578125
0.00631904602050781 -0.0290508270263672 -0.2530517578125 -0.360382080078125
0.0147733688354492 -0.000601768493652344 0.13555908203125 -0.63690185546875
-0.00909996032714844 0.00422191619873047 0.7518310546875 -0.243896484375
-0.0468254089355469 -0.0334701538085938 0.74822998046875 0.578369140625
-0.00119400024414063 -0.0227165222167969 0.12921142578125 0.74591064453125
0.0299625396728516 -0.0172328948974609 0.00233459472656251 0.152542114257813
0.00450325012207031 -0.0268650054931641 0.0892333984375 -0.61260986328125
-0.00885391235351562 -0.0371665954589844 -0.541259765625 -0.79522705078125
-0.00479888916015625 -0.0168046951293945 -0.865234375 0.0344848632812501
0.00369453430175781 -0.0147619247436523 -0.297607421875 0.6011962890625
0.0064849853515625 -0.0269527435302734 0.184844970703125 0.46063232421875
-0.00574779510498047 -0.0100889205932617 0.3345947265625 0.011383056640625
-0.000894546508789063 0.00571107864379883 0.219268798828125 -0.27264404296875
-0.0282268524169922 -0.00981330871582031 -0.128753662109375 0.285064697265625
-0.00335693359375 -0.0358772277832031 -0.28436279296875 0.04681396484375
0.00418472290039062 -0.0424270629882813 -0.263946533203125 -0.350921630859375
0.0250930786132812 -0.0165157318115234 0.1207275390625 -0.63787841796875
0.0109491348266602 -0.000987052917480469 0.74554443359375 -0.259765625
-0.0291271209716797 -0.0169353485107422 0.7584228515625 0.5589599609375
-0.00335073471069336 0.00664377212524414 0.143798828125 0.73785400390625
0.00497245788574219 0.0122013092041016 0.00712585449218751 0.15093994140625
-0.0064082145690918 0.00467634201049805 0.10638427734375 -0.616455078125
0.00401115417480469 -0.0160732269287109 -0.5186767578125 -0.81494140625
0.0175762176513672 -0.0153541564941406 -0.86407470703125 0.0125732421874999
0.0166721343994141 -0.0295906066894531 -0.31170654296875 0.59552001953125
0.0105133056640625 -0.0401458740234375 0.17254638671875 0.465606689453125
-0.0115108489990234 -0.017608642578125 0.327362060546875 0.01873779296875
-0.00858020782470703 0.0062255859375 0.212417602539063 -0.27215576171875
-0.032501220703125 -0.0102958679199219 -0.138397216796875 0.28814697265625
-0.0105781555175781 -0.0411300659179688 -0.291778564453125 0.05145263671875
0.001434326171875 -0.0515785217285156 -0.26708984375 -0.34991455078125
0.0332698822021484 -0.0271492004394531 0.1192626953125 -0.63653564453125
0.0275669097900391 -0.0039520263671875 0.7490234375 -0.257568359375
-0.0119409561157227 -0.004730224609375 0.75823974609375 0.557373046875
-0.0039215087890625 0.0337352752685547 0.14788818359375 0.726318359375
-0.0166358947753906 0.0393562316894531 0.01922607421875 0.137870788574219
-0.0129604339599609 0.0325870513916016 0.11322021484375 -0.6297607421875
0.0173664093017578 0.00234317779541016 -0.51605224609375 -0.8194580078125
0.0368423461914063 -0.0128517150878906 -0.86029052734375 0.0150146484375001
0.0268936157226563 -0.0386085510253906 -0.3101806640625 0.5924072265625
0.0126876831054687 -0.0499496459960938 0.1676025390625 0.46417236328125
-0.0165081024169922 -0.024322509765625 0.32000732421875 0.021087646484375
-0.0137958526611328 0.0053415298461914 0.202072143554688 -0.272308349609375
-0.0382041931152344 -0.0114555358886719 -0.150390625 0.290069580078125
-0.0146827697753906 -0.0434494018554687 -0.300628662109375 0.0487060546875001
0.00123214721679688 -0.0545234680175781 -0.265960693359375 -0.358428955078125
0.038818359375 -0.0296440124511719 0.13238525390625 -0.638671875
0.0402374267578125 -0.00440216064453125 0.7593994140625 -0.23773193359375
0.00206899642944336 0.00452804565429688 0.746337890625 0.56842041015625
-0.0042572021484375 0.0532913208007813 0.138916015625 0.7100830078125
-0.0304145812988281 0.060760498046875 0.0368728637695313 0.112892150878906
-0.0163803100585938 0.0526618957519531 0.10882568359375 -0.65216064453125
0.0287876129150391 0.0146846771240234 -0.5343017578125 -0.8126220703125
0.0485610961914063 -0.0101661682128906 -0.8551025390625 0.0352783203125
0.0322914123535156 -0.0426788330078125 -0.29278564453125 0.59515380859375
0.0111274719238281 -0.0526084899902344 0.171722412109375 0.453369140625
-0.02044677734375 -0.0262947082519531 0.312469482421875 0.01580810546875
-0.0181484222412109 0.00444984436035156 0.188125610351563 -0.274246215820313
-0.00580120086669922 -0.0171785354614258 -0.1470947265625 0.266464233398438
0.0215435028076172 -0.000764846801757812 -0.27569580078125 -0.0205841064453125
0.00135040283203125 0.0290679931640625 -0.19970703125 -0.43341064453125
-0.0275306701660156 0.0579376220703125 0.2587890625 -0.6209716796875
-0.0674247741699219 0.0104942321777344 0.79351806640625 -0.07647705078125
-0.0655517578125 -0.09033203125 0.6116943359375 0.7191162109375
0.0382766723632812 -0.0898666381835938 0.0284423828125 0.68994140625
0.0982666015625 -0.0715713500976563 0.0465660095214844 0.0463829040527344
0.0248489379882812 -0.0920867919921875 -0.0111083984375 -0.6728515625
-0.0417861938476562 -0.0756072998046875 -0.69091796875 -0.6484375
-0.0584259033203125 0.00456619262695312 -0.80828857421875 0.2210693359375
-0.0235366821289063 0.0454902648925781 -0.15985107421875 0.61419677734375
-0.0037994384765625 0.0233993530273438 0.259307861328125 0.379425048828125
0.0132045745849609 0.0177822113037109 0.330322265625 -0.0513916015625
0.0146255493164063 0.00108242034912109 0.18988037109375 -0.2847900390625
-0.00855731964111328 -0.0143585205078125 -0.13275146484375 0.269088745117187
0.0207443237304688 -0.00651359558105469 -0.271438598632812 -0.00534057617187497
0.00416946411132813 0.0195484161376953 -0.211761474609375 -0.411865234375
-0.0196113586425781 0.0494003295898437 0.2264404296875 -0.625244140625
-0.0622940063476563 0.0111923217773438 0.77899169921875 -0.12060546875
-0.0714569091796875 -0.08319091796875 0.6473388671875 0.68780517578125
0.0294036865234375 -0.088409423828125 0.0504150390624999 0.713134765625
0.0927886962890625 -0.0729598999023437 0.028472900390625 0.0811843872070313
0.024200439453125 -0.0903091430664063 0.012451171875 -0.65167236328125
-0.0410842895507812 -0.0755615234375 -0.6551513671875 -0.68896484375
-0.0559806823730469 -0.00251007080078126 -0.8262939453125 0.17425537109375
-0.0232086181640625 0.0356025695800781 -0.1964111328125 0.611328125
-0.00266265869140625 0.0168895721435547 0.244293212890625 0.399627685546875
0.0108261108398438 0.0141696929931641 0.335479736328125 -0.036956787109375
0.0136327743530273 0.00376129150390625 0.20086669921875 -0.2821044921875
-0.0103912353515625 -0.012786865234375 -0.125961303710937 0.272689819335938
0.0178489685058594 -0.0131416320800781 -0.270858764648438 0.0102691650390625
0.00694513320922852 0.00491523742675781 -0.22772216796875 -0.391021728515625
-0.00860214233398437 0.0349311828613281 0.1893310546875 -0.6298828125
-0.0484199523925781 0.0112228393554688 0.76776123046875 -0.1724853515625
-0.0708999633789063 -0.0687637329101562 0.68511962890625 0.6456298828125
0.0174942016601563 -0.0749282836914063 0.0788574218750001 0.7274169921875
0.0782852172851562 -0.06243896484375 0.0126495361328125 0.113479614257813
0.0202560424804687 -0.0777053833007813 0.03875732421875 -0.63018798828125
-0.033599853515625 -0.0685043334960938 -0.61224365234375 -0.72381591796875
-0.044952392578125 -0.00986480712890624 -0.84173583984375 0.121826171875
-0.017913818359375 0.0197944641113281 -0.23590087890625 0.608642578125
-0.00183176994323731 0.00432825088500977 0.22515869140625 0.42340087890625
0.00640249252319336 0.00826883316040039 0.338226318359375 -0.019622802734375
0.010533332824707 0.00483036041259766 0.211502075195313 -0.279083251953125
-0.0153036117553711 -0.0119037628173828 -0.121063232421875 0.275772094726563
0.0114288330078125 -0.0213623046875 -0.272705078125 0.025787353515625
0.00748634338378906 -0.0123958587646484 -0.241058349609375 -0.37200927734375
0.0033721923828125 0.0175361633300781 0.15484619140625 -0.63336181640625
-0.0305328369140625 0.00926971435546875 0.7535400390625 -0.2130126953125
-0.0621604919433594 -0.0510482788085937 0.718017578125 0.603759765625
0.00683975219726563 -0.0508689880371094 0.108154296875 0.73687744140625
0.0558738708496094 -0.04296875 0.004486083984375 0.139015197753906
0.0134429931640625 -0.0548439025878906 0.0673217773437499 -0.6151123046875
-0.0219650268554688 -0.0556831359863281 -0.5714111328125 -0.7593994140625
-0.0267410278320313 -0.0150279998779297 -0.85400390625 0.0714111328125002
-0.00909042358398438 0.00113582611083984 -0.2706298828125 0.60345458984375
0.00191020965576172 -0.0109329223632813 0.203216552734375 0.4434814453125
0.00154006481170654 0.000825762748718262 0.337249755859375 -0.003509521484375
0.00601577758789063 0.00605297088623047 0.216476440429687 -0.2747802734375
-0.0212287902832031 -0.0101509094238281 -0.121917724609375 0.279953002929688
0.00355720520019531 -0.0289707183837891 -0.27520751953125 0.03851318359375
0.00605583190917969 -0.0283679962158203 -0.25360107421875 -0.3555908203125
0.0147314071655273 -0.000180244445800781 0.1302490234375 -0.63372802734375
-0.00946331024169922 0.00464248657226563 0.7437744140625 -0.24517822265625
-0.0477218627929688 -0.0330924987792969 0.74456787109375 0.5703125
-0.000703811645507811 -0.0223598480224609 0.13128662109375 0.73809814453125
0.0310764312744141 -0.0162220001220703 0.00224304199218752 0.15106201171875
0.00396537780761719 -0.0261344909667969 0.0870971679687499 -0.60791015625
-0.00881576538085937 -0.0359268188476563 -0.53936767578125 -0.78955078125
-0.00447273254394532 -0.0167665481567383 -0.8592529296875 0.03564453125
0.00301837921142578 -0.0151710510253906 -0.2947998046875 0.59771728515625
0.00598907470703125 -0.0265293121337891 0.185821533203125 0.45574951171875
-0.00568342208862305 -0.00832080841064453 0.332427978515625 0.010650634765625
0.000174522399902344 0.00622320175170898 0.21673583984375 -0.271148681640625
-0.0275783538818359 -0.0088348388671875 -0.1265869140625 0.283355712890625
-0.00412750244140625 -0.0356178283691406 -0.281768798828125 0.0472412109375
0.00362396240234375 -0.0424880981445313 -0.26214599609375 -0.347503662109375
0.0251750946044922 -0.0161781311035156 0.1170654296875 -0.6337890625
0.0103073120117188 -0.00143146514892578 0.7384033203125 -0.25799560546875
-0.0300312042236328 -0.0175056457519531 0.7540283203125 0.55145263671875
-0.00360202789306641 0.0070033073425293 0.14556884765625 0.7315673828125
0.00579738616943359 0.0123510360717773 0.00787353515625 0.15032958984375
-0.00510168075561524 0.00511503219604492 0.10467529296875 -0.6109619140625
0.00415515899658203 -0.014765739440918 -0.515625 -0.8082275390625
0.0174102783203125 -0.0151777267456055 -0.8602294921875 0.0139160156250002
0.0158977508544922 -0.0295848846435547 -0.3084716796875 0.5908203125
0.009521484375 -0.0401077270507813 0.1722412109375 0.46270751953125
-0.0105743408203125 -0.0167360305786133 0.325164794921875 0.018890380859375
-0.00687503814697266 0.00629425048828125 0.210357666015625 -0.270431518554688
-0.0329933166503906 -0.0101909637451172 -0.13568115234375 0.284698486328125
-0.0109100341796875 -0.0399246215820313 -0.28955078125 0.051361083984375
0.00177383422851562 -0.0507888793945313 -0.266571044921875 -0.3463134765625
0.0329418182373047 -0.0265254974365234 0.11651611328125 -0.63238525390625
0.0274505615234375 -0.00387001037597656 0.73974609375 -0.25714111328125
-0.0122947692871094 -0.00447559356689453 0.754638671875 0.5504150390625
-0.00437736511230469 0.0334224700927734 0.14910888671875 0.7198486328125
-0.0153961181640625 0.0395622253417969 0.0200881958007813 0.136749267578125
-0.0131568908691406 0.0328655242919922 0.11114501953125 -0.6241455078125
0.0171165466308594 0.00233554840087891 -0.51226806640625 -0.812744140625
0.0371894836425781 -0.0132255554199219 -0.85552978515625 0.0148315429687501
0.0270042419433594 -0.0391807556152344 -0.306884765625 0.589599609375
0.0117835998535156 -0.0492095947265625 0.16766357421875 0.459930419921875
-0.0162887573242188 -0.0229244232177734 0.3173828125 0.019439697265625
-0.0133247375488281 0.00594711303710938 0.2003173828125 -0.270797729492188
-0.0377845764160156 -0.0103492736816406 -0.1475830078125 0.287353515625
-0.0152435302734375 -0.0427017211914063 -0.298828125 0.04962158203125
0.00134658813476563 -0.0538063049316406 -0.265411376953125 -0.3551025390625
0.0383644104003906 -0.0302734375 0.1275634765625 -0.63372802734375
0.0391311645507813 -0.0041351318359375 0.750732421875 -0.2384033203125
0.00162792205810547 0.00490474700927734 0.7418212890625 0.56329345703125
-0.00444412231445313 0.0530967712402344 0.14202880859375 0.703369140625
-0.0284957885742188 0.0611114501953125 0.0369110107421875 0.112083435058594
-0.0152206420898437 0.0533981323242188 0.10870361328125 -0.64794921875
0.0284538269042969 0.0140743255615234 -0.5322265625 -0.8046875
0.0492782592773438 -0.0101470947265625 -0.84893798828125 0.0374755859375001
0.0314712524414063 -0.042572021484375 -0.29144287109375 0.5921630859375
0.0106735229492187 -0.0521087646484375 0.1717529296875 0.450714111328125
-0.0200481414794922 -0.0255699157714844 0.309600830078125 0.0145263671875
-0.0175189971923828 0.00514125823974609 0.186309814453125 -0.273284912109375
-0.00532722473144531 -0.0163383483886719 -0.144729614257812 0.264846801757813
0.0212230682373047 7.2479248046875E-05 -0.274307250976563 -0.019378662109375
0.00086021423339844 0.0298099517822266 -0.198577880859375 -0.427276611328125
-0.0278739929199219 0.0572433471679688 0.25653076171875 -0.6153564453125
-0.0671272277832031 0.0108909606933594 0.786376953125 -0.07733154296875
-0.066375732421875 -0.0898818969726563 0.6080322265625 0.71405029296875
0.0390090942382812 -0.0892791748046875 0.029296875 0.682373046875
0.0977325439453125 -0.0711288452148438 0.0464248657226563 0.04571533203125
0.0255584716796875 -0.0908737182617188 -0.0117797851562499 -0.66766357421875
-0.0415496826171875 -0.0738754272460938 -0.68682861328125 -0.644775390625
-0.0577850341796875 0.00480651855468751 -0.80291748046875 0.21905517578125
-0.0232009887695312 0.0451393127441406 -0.1593017578125 0.61187744140625
-0.00362014770507812 0.024078369140625 0.258544921875 0.376007080078125
0.0130329132080078 0.0179309844970703 0.327789306640625 -0.05047607421875
0.0166263580322266 0.00170612335205078 0.188201904296875 -0.283447265625
-0.00813198089599609 -0.0132904052734375 -0.130889892578125 0.266876220703125
0.0200824737548828 -0.00520515441894531 -0.269638061523437 -0.00546264648437497
0.00432014465332031 0.0194473266601563 -0.21136474609375 -0.40753173828125
-0.0193862915039062 0.0482292175292969 0.22283935546875 -0.62005615234375
-0.0625495910644531 0.0111579895019531 0.775390625 -0.119384765625
-0.072174072265625 -0.0828704833984375 0.64410400390625 0.68218994140625
0.0295333862304688 -0.0875167846679688 0.0518188476562501 0.70794677734375
0.09332275390625 -0.0726394653320313 0.0279312133789063 0.0808258056640625
0.0244064331054688 -0.0891952514648438 0.011962890625 -0.64727783203125
-0.0402297973632812 -0.0751495361328125 -0.65216064453125 -0.6826171875
-0.05548095703125 -0.00276184082031249 -0.8204345703125 0.17236328125
-0.0225753784179688 0.0348167419433594 -0.1949462890625 0.6097412109375
-0.00348472595214844 0.0170526504516602 0.24261474609375 0.39691162109375
0.0108270645141602 0.0139627456665039 0.33306884765625 -0.0369873046875
0.0146560668945312 0.00430679321289063 0.198440551757813 -0.280868530273438
-0.0104446411132813 -0.011444091796875 -0.123519897460937 0.270111083984375
0.0170488357543945 -0.0122556686401367 -0.269195556640625 0.00979614257812505
0.00684356689453125 0.00444412231445313 -0.22637939453125 -0.38861083984375
-0.00807952880859375 0.0351753234863281 0.18560791015625 -0.62530517578125
-0.0493240356445313 0.0110855102539062 0.7601318359375 -0.17034912109375
-0.0709304809570313 -0.06805419921875 0.68115234375 0.64080810546875
0.016754150390625 -0.0729141235351563 0.0795898437499999 0.72259521484375
0.078277587890625 -0.0623092651367188 0.0137710571289063 0.113090515136719
0.020263671875 -0.076416015625 0.03900146484375 -0.624755859375
-0.0331954956054687 -0.0683670043945313 -0.6094970703125 -0.72064208984375
-0.0446586608886719 -0.0112838745117187 -0.83709716796875 0.1214599609375
-0.0183887481689453 0.0196456909179687 -0.23394775390625 0.60516357421875
-0.00182199478149414 0.00450372695922851 0.2236328125 0.421539306640625
0.00632858276367188 0.00811004638671875 0.33612060546875 -0.02032470703125
0.0116739273071289 0.00503635406494141 0.209487915039062 -0.276809692382812
-0.0145759582519531 -0.0101766586303711 -0.11968994140625 0.273208618164063
0.0114631652832031 -0.0200901031494141 -0.269866943359375 0.0261993408203125
0.00714111328125 -0.0123147964477539 -0.239593505859375 -0.368316650390625
0.00342273712158203 0.0171947479248047 0.151123046875 -0.628662109375
-0.0311756134033203 0.00916099548339844 0.7479248046875 -0.212890625
-0.0625686645507813 -0.0502471923828125 0.715087890625 0.59906005859375
0.00702285766601563 -0.0501022338867188 0.1103515625 0.73040771484375
0.0564346313476563 -0.0422744750976563 0.00495147705078126 0.137641906738281
0.013641357421875 -0.0540237426757813 0.0648193359375 -0.61077880859375
-0.0215644836425781 -0.05450439453125 -0.56781005859375 -0.75439453125
-0.0268459320068359 -0.0159225463867188 -0.84796142578125 0.0737304687500002
-0.00877189636230469 0.00110197067260742 -0.26788330078125 0.6004638671875
0.00161361694335937 -0.0109977722167969 0.20245361328125 0.439697265625
0.0012131929397583 0.000640273094177246 0.334869384765625 -0.0037841796875
0.0064234733581543 0.00621604919433594 0.214767456054688 -0.273605346679688
-0.0202617645263672 -0.00911903381347656 -0.119796752929687 0.277633666992188
0.00281715393066407 -0.0280952453613281 -0.273468017578125 0.0387420654296875
0.00628662109375 -0.0287399291992187 -0.2525634765625 -0.353546142578125
0.0155200958251953 -0.000397682189941406 0.1273193359375 -0.6285400390625
-0.0101051330566406 0.00445365905761719 0.7364501953125 -0.24456787109375
-0.0485916137695312 -0.0325279235839844 0.74005126953125 0.56591796875
-6.48498535156229E-05 -0.0219936370849609 0.1329345703125 0.73211669921875
0.0312271118164062 -0.0159530639648438 0.0030364990234375 0.15087890625
0.00433158874511719 -0.0251178741455078 0.08624267578125 -0.60400390625
-0.00859451293945313 -0.0353279113769531 -0.53668212890625 -0.78375244140625
-0.00418472290039063 -0.0160007476806641 -0.85418701171875 0.0369262695312498
0.00280570983886719 -0.0158615112304688 -0.293212890625 0.5950927734375
0.00564002990722656 -0.0254878997802734 0.184326171875 0.456024169921875
-0.00504159927368164 -0.00824213027954102 0.329620361328125 0.010284423828125
0.000983715057373048 0.00671100616455078 0.21514892578125 -0.270431518554688
-0.0263843536376953 -0.00873756408691406 -0.12396240234375 0.280609130859375
-0.0036773681640625 -0.0341281890869141 -0.279632568359375 0.0475006103515625
0.00380325317382813 -0.0424385070800781 -0.2613525390625 -0.3438720703125
0.0249214172363281 -0.0165767669677734 0.11395263671875 -0.628173828125
0.00948905944824219 -0.00151538848876953 0.73272705078125 -0.25946044921875
-0.0310287475585938 -0.0164909362792969 0.74969482421875 0.54736328125
-0.00419282913208008 0.00773429870605469 0.14678955078125 0.72650146484375
0.00635814666748047 0.0124740600585937 0.00827026367187502 0.149566650390625
-0.00500965118408203 0.0059971809387207 0.102783203125 -0.60577392578125
0.00493240356445313 -0.0148077011108398 -0.51348876953125 -0.80316162109375
0.0172700881958008 -0.0157613754272461 -0.85528564453125 0.0155029296874999
0.0158901214599609 -0.0293846130371094 -0.30780029296875 0.58935546875
0.0086517333984375 -0.0395927429199219 0.1710205078125 0.4600830078125
-0.0113191604614258 -0.0162544250488281 0.32220458984375 0.0186767578125
-0.00603294372558594 0.00667858123779297 0.208358764648438 -0.268936157226563
-0.0323295593261719 -0.00884246826171875 -0.133514404296875 0.28228759765625
-0.0116844177246094 -0.0385780334472656 -0.287353515625 0.0514526367187501
0.00127029418945312 -0.0507659912109375 -0.265167236328125 -0.34295654296875
0.0329151153564453 -0.0272312164306641 0.11383056640625 -0.62689208984375
0.0265522003173828 -0.00407218933105469 0.73529052734375 -0.2564697265625
-0.0126476287841797 -0.00401496887207031 0.75 0.54364013671875
-0.0044403076171875 0.0334815979003906 0.150634765625 0.7147216796875
-0.0153121948242188 0.0389251708984375 0.0195541381835937 0.136604309082031
-0.0134735107421875 0.0326213836669922 0.11083984375 -0.6202392578125
0.0173149108886719 0.00273704528808594 -0.510986328125 -0.80535888671875
0.0365791320800781 -0.0135345458984375 -0.85137939453125 0.0152587890625001
0.0261039733886719 -0.0390739440917969 -0.30712890625 0.586669921875
0.0107383728027344 -0.0485801696777344 0.1649169921875 0.45794677734375
-0.0155830383300781 -0.0223484039306641 0.314666748046875 0.02020263671875
-0.0122394561767578 0.00611400604248047 0.198318481445313 -0.269073486328125
-0.0370407104492188 -0.00974655151367188 -0.144683837890625 0.2845458984375
-0.0157966613769531 -0.0418319702148437 -0.29547119140625 0.049774169921875
0.000766754150390628 -0.0536460876464844 -0.26458740234375 -0.351531982421875
0.0381660461425781 -0.0306205749511719 0.12615966796875 -0.62884521484375
0.0384674072265625 -0.00438690185546875 0.7447509765625 -0.2388916015625
0.000519275665283203 0.00519037246704102 0.73870849609375 0.55712890625
-0.00387954711914062 0.0531082153320313 0.1422119140625 0.69842529296875
-0.0286178588867187 0.0595283508300781 0.0369949340820313 0.111228942871094
-0.01568603515625 0.0528373718261719 0.1077880859375 -0.641845703125
0.0282516479492188 0.0146522521972656 -0.52862548828125 -0.79986572265625
0.0491676330566406 -0.0111045837402344 -0.84527587890625 0.0380249023437499
0.031280517578125 -0.0428962707519531 -0.2901611328125 0.587890625
0.0106697082519531 -0.0514602661132813 0.1702880859375 0.447265625
-0.0209445953369141 -0.0245208740234375 0.307373046875 0.015106201171875
-0.0159082412719727 0.00634098052978516 0.184173583984375 -0.272003173828125
-0.00536727905273437 -0.0156259536743164 -0.144149780273437 0.26251220703125
0.0214347839355469 0.000850677490234375 -0.272750854492188 -0.0193939208984375
0.000858306884765628 0.0296173095703125 -0.1981201171875 -0.425262451171875
-0.0272293090820313 0.0569572448730469 0.253173828125 -0.61065673828125
-0.0674209594726563 0.0102081298828125 0.781005859375 -0.07696533203125
-0.0662155151367187 -0.088958740234375 0.6051025390625 0.7110595703125
0.038360595703125 -0.089080810546875 0.03045654296875 0.67919921875
0.0981292724609375 -0.0709915161132813 0.0462722778320313 0.0459213256835938
0.02490234375 -0.0899887084960937 -0.0123291015624999 -0.6632080078125
-0.041717529296875 -0.07379150390625 -0.68255615234375 -0.64202880859375
-0.0572891235351562 0.00403976440429687 -0.79913330078125 0.21929931640625
-0.0226936340332031 0.0449256896972656 -0.15972900390625 0.6085205078125
-0.00458335876464844 0.0245265960693359 0.257080078125 0.374725341796875
0.0128631591796875 0.0177822113037109 0.325775146484375 -0.05059814453125
0.01739501953125 0.00146293640136719 0.1868896484375 -0.282989501953125
-0.00745773315429688 -0.0124835968017578 -0.130172729492188 0.264846801757813
0.0201454162597656 -0.00446510314941406 -0.268295288085938 -0.00456237792968751
0.00434112548828125 0.0191631317138672 -0.209808349609375 -0.405853271484375
-0.0187263488769531 0.0480384826660156 0.22027587890625 -0.614990234375
-0.0619354248046875 0.0114288330078125 0.76885986328125 -0.12115478515625
-0.0723800659179688 -0.0817184448242187 0.64093017578125 0.67779541015625
0.029388427734375 -0.0865478515625 0.05133056640625 0.70281982421875
0.093475341796875 -0.072235107421875 0.028289794921875 0.0805892944335938
0.0245513916015625 -0.0883941650390625 0.01116943359375 -0.642578125
-0.0403366088867188 -0.0739669799804688 -0.64666748046875 -0.67999267578125
-0.0553474426269531 -0.00322723388671874 -0.81854248046875 0.17236328125
-0.0224132537841797 0.0340023040771484 -0.19451904296875 0.60723876953125
-0.00324535369873047 0.0173921585083008 0.242340087890625 0.395538330078125
0.0106735229492188 0.0145483016967773 0.33074951171875 -0.0372314453125
0.0152406692504883 0.00398921966552734 0.197219848632812 -0.279098510742188
-0.010066032409668 -0.0115032196044922 -0.123046875 0.26824951171875
0.0171728134155273 -0.0119047164916992 -0.268218994140625 0.0104980468749999
0.00640726089477539 0.00422382354736328 -0.22564697265625 -0.384918212890625
-0.00819969177246094 0.0343074798583984 0.18365478515625 -0.6214599609375
-0.0497398376464844 0.0112686157226562 0.7542724609375 -0.1690673828125
-0.0714340209960938 -0.0672760009765625 0.6761474609375 0.63592529296875
0.0176849365234375 -0.0729827880859375 0.0804443359375 0.7166748046875
0.0786056518554688 -0.0618972778320313 0.0134658813476562 0.112213134765625
0.0204849243164062 -0.07513427734375 0.0377807617187499 -0.62030029296875
-0.0327606201171875 -0.0676689147949219 -0.60546875 -0.7159423828125
-0.04412841796875 -0.0106353759765625 -0.8326416015625 0.12164306640625
-0.0179672241210938 0.0190658569335938 -0.233154296875 0.6026611328125
-0.00211000442504883 0.00502157211303711 0.222686767578125 0.4185791015625
0.00685644149780273 0.00871896743774414 0.33319091796875 -0.01922607421875
0.0120439529418945 0.00545215606689453 0.20855712890625 -0.276535034179688
-0.0140848159790039 -0.0100612640380859 -0.118621826171875 0.271270751953125
0.0102462768554688 -0.0196819305419922 -0.26873779296875 0.0258026123046875
0.00640964508056641 -0.0125961303710938 -0.24017333984375 -0.365692138671875
0.00454044342041016 0.0170011520385742 0.151611328125 -0.62408447265625
-0.0316505432128906 0.00848579406738282 0.74200439453125 -0.2127685546875
-0.06329345703125 -0.0499610900878906 0.71209716796875 0.595703125
0.00729751586914062 -0.0495376586914063 0.10833740234375 0.72552490234375
0.0563774108886719 -0.0428886413574219 0.00474548339843749 0.136337280273438
0.0136680603027344 -0.05267333984375 0.06524658203125 -0.6044921875
-0.0214195251464844 -0.0538558959960938 -0.56494140625 -0.7493896484375
-0.0269489288330078 -0.0156688690185547 -0.84503173828125 0.0735473632812499
-0.00934410095214844 0.0015859603881836 -0.267333984375 0.59722900390625
0.00120067596435547 -0.0102071762084961 0.202545166015625 0.439697265625
0.00114500522613525 0.00143337249755859 0.332244873046875 -0.0030517578125
0.00742149353027344 0.00615358352661133 0.213088989257813 -0.272476196289063
-0.0195140838623047 -0.00882530212402344 -0.118942260742188 0.27459716796875
0.00265312194824219 -0.0268287658691406 -0.271347045898438 0.0385589599609375
0.00584220886230469 -0.0287761688232422 -0.251068115234375 -0.350799560546875
0.0157136917114258 -0.00124454498291016 0.12701416015625 -0.62506103515625
-0.0109233856201172 0.00461769104003906 0.73077392578125 -0.24285888671875
-0.0481033325195312 -0.0323677062988281 0.7362060546875 0.55987548828125
0.000122070312499998 -0.0216464996337891 0.13232421875 0.72723388671875
0.0316810607910156 -0.0166206359863281 0.00273132324218752 0.149154663085938
0.00426292419433594 -0.02447509765625 0.0860595703125 -0.59967041015625
-0.00934410095214843 -0.0348854064941406 -0.53228759765625 -0.77862548828125
-0.00468826293945313 -0.0177326202392578 -0.85137939453125 0.0369873046874999
0.00255012512207031 -0.016352653503418 -0.2930908203125 0.59320068359375
0.00522613525390625 -0.0255641937255859 0.1826171875 0.453369140625
-0.00544929504394531 -0.00721216201782226 0.327850341796875 0.01092529296875
0.00197124481201172 0.00601959228515625 0.212783813476563 -0.268325805664063
-0.0261898040771484 -0.00855445861816406 -0.122650146484375 0.278793334960938
-0.00560951232910156 -0.0330276489257813 -0.277969360351563 0.048309326171875
0.0031280517578125 -0.0421371459960938 -0.259674072265625 -0.342315673828125
0.0252609252929687 -0.0164394378662109 0.111328125 -0.6248779296875
0.00840616226196289 -0.000920295715332031 0.72479248046875 -0.25799560546875
-0.0309009552001953 -0.0164813995361328 0.74560546875 0.54278564453125
-0.00363969802856445 0.00768852233886719 0.145751953125 0.7216796875
0.00720977783203125 0.0125284194946289 0.0089111328125 0.148345947265625
-0.00548696517944336 0.00606870651245117 0.10302734375 -0.60235595703125
0.00489521026611328 -0.0142593383789062 -0.5101318359375 -0.7978515625
0.0183124542236328 -0.0161781311035156 -0.8502197265625 0.0157470703124999
0.0157070159912109 -0.0298290252685547 -0.30731201171875 0.58544921875
0.00882339477539062 -0.0392684936523438 0.16943359375 0.45745849609375
-0.0114536285400391 -0.0160245895385742 0.319854736328125 0.01861572265625
-0.00484180450439453 0.00661945343017578 0.207122802734375 -0.267257690429688
-0.0319538116455078 -0.008209228515625 -0.13189697265625 0.280899047851563
-0.0120353698730469 -0.0384559631347656 -0.2852783203125 0.051666259765625
0.00156784057617188 -0.0506134033203125 -0.264373779296875 -0.341217041015625
0.0335750579833984 -0.0266799926757813 0.11163330078125 -0.62274169921875
0.0245704650878906 -0.00472259521484375 0.72882080078125 -0.255615234375
-0.0146265029907227 -0.00421047210693359 0.745849609375 0.54083251953125
-0.00446128845214844 0.0339546203613281 0.1488037109375 0.7098388671875
-0.0139846801757812 0.038421630859375 0.0209426879882813 0.135848999023438
-0.0128746032714844 0.0336074829101563 0.10955810546875 -0.61578369140625
0.0176010131835938 0.00282096862792969 -0.50830078125 -0.80206298828125
0.0363502502441406 -0.0126953125 -0.84674072265625 0.0155639648437499
0.026275634765625 -0.0392036437988281 -0.305419921875 0.58331298828125
0.0108413696289062 -0.04840087890625 0.165557861328125 0.45562744140625
-0.0167255401611328 -0.0212631225585937 0.312713623046875 0.02001953125
-0.0111169815063477 0.00599002838134766 0.197769165039063 -0.26824951171875
-0.0355186462402344 -0.00856399536132813 -0.144073486328125 0.28240966796875
-0.0171966552734375 -0.0400276184082031 -0.293182373046875 0.049530029296875
0.000148773193359373 -0.0542945861816406 -0.262420654296875 -0.34844970703125
0.0381431579589844 -0.0311317443847656 0.12432861328125 -0.62518310546875
0.0376510620117188 -0.00412368774414063 0.739013671875 -0.238037109375
-0.000533342361450196 0.00428271293640137 0.73388671875 0.55450439453125
-0.00392913818359375 0.0528907775878906 0.1417236328125 0.69439697265625
-0.0286636352539063 0.0598678588867187 0.0376129150390625 0.111221313476562
-0.0154991149902344 0.053253173828125 0.10650634765625 -0.6375732421875
0.0284709930419922 0.0147609710693359 -0.52813720703125 -0.79632568359375
0.0490074157714844 -0.0114402770996094 -0.8406982421875 0.0382080078124999
0.0314674377441406 -0.0431785583496094 -0.28973388671875 0.58587646484375
0.0100898742675781 -0.0515632629394531 0.16943359375 0.44384765625
-0.0200691223144531 -0.0236244201660156 0.305755615234375 0.014495849609375
-0.0150775909423828 0.00545120239257812 0.183212280273438 -0.270462036132813
-0.00467014312744141 -0.0147457122802734 -0.143112182617187 0.260696411132813
0.0202064514160156 0.00104141235351563 -0.271743774414063 -0.0192413330078126
0.000913619995117187 0.0297107696533203 -0.19610595703125 -0.42510986328125
-0.0265388488769531 0.0562515258789062 0.250732421875 -0.60906982421875
-0.0675125122070312 0.0104331970214844 0.7764892578125 -0.074462890625
-0.0669021606445313 -0.0888748168945313 0.6004638671875 0.70697021484375
0.0389175415039062 -0.0874481201171875 0.02886962890625 0.67608642578125
0.0988998413085938 -0.0705184936523438 0.0463638305664063 0.0449714660644531
0.0254898071289062 -0.0890884399414063 -0.01007080078125 -0.6612548828125
-0.0411300659179687 -0.07403564453125 -0.67901611328125 -0.63983154296875
-0.0566482543945313 0.00397109985351562 -0.79705810546875 0.2183837890625
-0.0226593017578125 0.0440788269042969 -0.16107177734375 0.60693359375
-0.00467681884765625 0.0243358612060547 0.254852294921875 0.3746337890625
0.0122241973876953 0.0192298889160156 0.323638916015625 -0.04962158203125
0.0174579620361328 0.00188255310058594 0.186614990234375 -0.281463623046875
-0.0067596435546875 -0.0120830535888672 -0.129470825195313 0.262771606445313
0.0198459625244141 -0.00414276123046875 -0.267715454101563 -0.00498962402343756
0.00392341613769531 0.0194282531738281 -0.2095947265625 -0.404083251953125
-0.0186920166015625 0.0479507446289063 0.2198486328125 -0.61175537109375
-0.0625190734863281 0.0111579895019531 0.76422119140625 -0.1185302734375
-0.0724716186523438 -0.0814361572265625 0.636474609375 0.67529296875
0.0298538208007812 -0.08575439453125 0.0515747070312499 0.69793701171875
0.0938491821289063 -0.07147216796875 0.0281600952148438 0.0796051025390625
0.0244522094726563 -0.087127685546875 0.0123291015625 -0.63934326171875
-0.0400543212890625 -0.0742111206054687 -0.64471435546875 -0.67694091796875
-0.0553665161132813 -0.00323104858398437 -0.815673828125 0.17132568359375
-0.0229034423828125 0.0340347290039063 -0.196533203125 0.6055908203125
-0.00322532653808594 0.0181045532226563 0.24017333984375 0.395263671875
0.0108108520507813 0.0148105621337891 0.3291015625 -0.036041259765625
0.0157747268676758 0.00463104248046875 0.196975708007813 -0.278411865234375
-0.00910472869873047 -0.0102376937866211 -0.122329711914063 0.266677856445313
0.0164203643798828 -0.0105428695678711 -0.266281127929688 0.00982666015625003
0.00640296936035156 0.00453805923461914 -0.2244873046875 -0.384490966796875
-0.007476806640625 0.0338668823242188 0.1827392578125 -0.6177978515625
-0.0497550964355469 0.0112571716308594 0.75164794921875 -0.16839599609375
-0.0712127685546875 -0.0664825439453125 0.67266845703125 0.63427734375
0.0175247192382812 -0.0724868774414063 0.0791015625 0.71337890625
0.0784378051757812 -0.0622100830078125 0.0134353637695313 0.111564636230469
0.0206451416015625 -0.0743026733398438 0.03997802734375 -0.61767578125
-0.0322837829589844 -0.0668525695800781 -0.60125732421875 -0.715576171875
-0.0437698364257813 -0.0113143920898437 -0.8304443359375 0.12127685546875
-0.0181369781494141 0.0194015502929688 -0.23321533203125 0.6009521484375
-0.00168800354003906 0.00473546981811524 0.22125244140625 0.41864013671875
0.00649166107177734 0.00944900512695313 0.3321533203125 -0.01885986328125
0.0129690170288086 0.00491523742675781 0.20831298828125 -0.275009155273438
-0.0134305953979492 -0.00930976867675781 -0.118209838867187 0.26995849609375
0.0106124877929687 -0.0185012817382812 -0.266799926757813 0.02490234375
0.00682353973388672 -0.0129528045654297 -0.238006591796875 -0.36505126953125
0.00402641296386719 0.0162858963012695 0.15057373046875 -0.62152099609375
-0.0317440032958984 0.00876617431640626 0.73846435546875 -0.21051025390625
-0.0632667541503906 -0.0491561889648438 0.70751953125 0.59454345703125
0.00739288330078125 -0.0491371154785156 0.10687255859375 0.72265625
0.0573043823242188 -0.0424079895019531 0.00478363037109375 0.135704040527344
0.0143814086914062 -0.0519332885742188 0.0648193359375 -0.60302734375
-0.0215873718261719 -0.0537834167480469 -0.560791015625 -0.74896240234375
-0.0264225006103516 -0.0156421661376953 -0.84222412109375 0.072509765625
-0.00941085815429688 0.000905990600585936 -0.2686767578125 0.59625244140625
0.000767707824707032 -0.0101394653320313 0.199859619140625 0.438079833984375
0.00123202800750732 0.00180113315582275 0.331207275390625 -0.0023193359375
0.00855541229248047 0.00677347183227539 0.212478637695312 -0.271759033203125
-0.0187721252441406 -0.00748634338378906 -0.11761474609375 0.27325439453125
0.001953125 -0.0262680053710938 -0.270462036132812 0.0379791259765624
0.00518035888671875 -0.0288658142089844 -0.250762939453125 -0.349853515625
0.0160760879516602 -0.00228977203369141 0.12481689453125 -0.62261962890625
-0.0107297897338867 0.00417518615722656 0.7276611328125 -0.24212646484375
-0.0492019653320313 -0.0317878723144531 0.73199462890625 0.56121826171875
-0.000247955322265627 -0.0208206176757813 0.13031005859375 0.72320556640625
0.0316867828369141 -0.0167655944824219 0.0022735595703125 0.148818969726563
0.00534820556640625 -0.0238075256347656 0.0865478515625 -0.594970703125
-0.00794792175292969 -0.0348491668701172 -0.53021240234375 -0.77618408203125
-0.00392532348632812 -0.0174007415771484 -0.8485107421875 0.0350341796875002
0.00261020660400391 -0.0155239105224609 -0.29449462890625 0.59051513671875
0.00475502014160156 -0.0251674652099609 0.181427001953125 0.4522705078125
-0.00566768646240235 -0.00685930252075195 0.326934814453125 0.01116943359375
0.00233745574951172 0.00643110275268555 0.213363647460937 -0.267745971679688
-0.0256919860839844 -0.00692558288574219 -0.122039794921875 0.276443481445313
-0.00498580932617188 -0.0327377319335938 -0.276565551757813 0.0479278564453125
0.00276565551757813 -0.0424385070800781 -0.258636474609375 -0.342254638671875
0.0253849029541016 -0.0170726776123047 0.1103515625 -0.62115478515625
0.00859498977661133 -0.000732421875 0.72222900390625 -0.2559814453125
-0.0323410034179688 -0.0163745880126953 0.7440185546875 0.54278564453125
-0.0035405158996582 0.00839662551879883 0.14569091796875 0.71875
0.00658988952636719 0.0115594863891602 0.00880432128906249 0.147796630859375
-0.00547456741333008 0.0069122314453125 0.10357666015625 -0.5980224609375
0.00428485870361328 -0.014185905456543 -0.50592041015625 -0.796142578125
0.0177593231201172 -0.0164699554443359 -0.8470458984375 0.0152587890625001
0.0157260894775391 -0.0299072265625 -0.308349609375 0.58251953125
0.00879669189453125 -0.0387611389160156 0.168853759765625 0.45654296875
-0.0111808776855469 -0.0147037506103516 0.319091796875 0.01953125
-0.00404834747314453 0.0069727897644043 0.205856323242187 -0.267044067382813
-0.0311775207519531 -0.00687789916992187 -0.131622314453125 0.278457641601563
-0.0123748779296875 -0.0371208190917969 -0.28314208984375 0.05096435546875
0.00128555297851562 -0.0506134033203125 -0.26318359375 -0.33953857421875
0.0335121154785156 -0.0267505645751953 0.110595703125 -0.61993408203125
0.0254535675048828 -0.00431442260742188 0.72467041015625 -0.25408935546875
-0.0153837203979492 -0.00396060943603516 0.744384765625 0.53961181640625
-0.00484657287597656 0.03375244140625 0.14837646484375 0.70550537109375
-0.0138168334960938 0.0385284423828125 0.02001953125 0.134742736816406
-0.0127468109130859 0.0334758758544922 0.11138916015625 -0.61181640625
0.0174570083618164 0.00378799438476563 -0.50439453125 -0.7999267578125
0.0364913940429688 -0.0132827758789063 -0.84429931640625 0.0160522460937501
0.0251007080078125 -0.0394554138183594 -0.306396484375 0.58135986328125
0.0104331970214844 -0.0476722717285156 0.163482666015625 0.454437255859375
-0.0164775848388672 -0.0206336975097656 0.31146240234375 0.020416259765625
-0.00982284545898437 0.0057363510131836 0.19647216796875 -0.26702880859375
-0.0350799560546875 -0.00786209106445313 -0.143142700195313 0.280914306640625
-0.0169754028320313 -0.0399169921875 -0.291656494140625 0.048858642578125
0.000545501708984376 -0.0538330078125 -0.261566162109375 -0.347747802734375
0.0397834777832031 -0.0313148498535156 0.12347412109375 -0.6221923828125
0.0367240905761719 -0.00455093383789063 0.73516845703125 -0.2359619140625
-0.00144004821777344 0.00531005859375 0.731201171875 0.55316162109375
-0.00358963012695313 0.0524101257324219 0.14044189453125 0.68988037109375
-0.0275688171386719 0.0592613220214844 0.0377426147460938 0.110206604003906
-0.0154266357421875 0.0535049438476563 0.108154296875 -0.6346435546875
0.0285091400146484 0.0150737762451172 -0.52203369140625 -0.79376220703125
0.0487709045410156 -0.0110931396484375 -0.83892822265625 0.0373535156249999
0.0311088562011719 -0.0430183410644531 -0.28912353515625 0.583740234375
0.00948715209960938 -0.0507774353027344 0.168060302734375 0.44537353515625
-0.0203533172607422 -0.0226249694824219 0.305267333984375 0.015594482421875
-0.0134363174438477 0.00555992126464844 0.183425903320313 -0.269439697265625
-0.00386524200439453 -0.0138473510742188 -0.143447875976563 0.260162353515625
0.0207386016845703 0.00225257873535156 -0.271270751953125 -0.019805908203125
0.00100517272949218 0.0296230316162109 -0.1953125 -0.42291259765625
-0.0268516540527344 0.0556793212890625 0.25054931640625 -0.6048583984375
-0.0672569274902344 0.0103530883789063 0.77435302734375 -0.073486328125
-0.0668487548828125 -0.0876541137695313 0.59710693359375 0.70849609375
0.0395889282226562 -0.0872116088867188 0.0266113281250001 0.67236328125
0.0991134643554687 -0.0704879760742187 0.0469703674316406 0.0452728271484375
0.0266189575195313 -0.0878219604492188 -0.00836181640625007 -0.65802001953125
-0.0405197143554688 -0.0734100341796875 -0.6751708984375 -0.6407470703125
-0.0560455322265625 0.00336074829101561 -0.7955322265625 0.21575927734375
-0.0238533020019531 0.0435638427734375 -0.1612548828125 0.6046142578125
-0.00405311584472656 0.0250301361083984 0.253936767578125 0.3741455078125
0.0124435424804687 0.0194950103759766 0.32354736328125 -0.048187255859375
0.0188484191894531 0.00100898742675781 0.187164306640625 -0.279891967773438
-0.00626659393310547 -0.0105781555175781 -0.12884521484375 0.261611938476563
0.0197811126708984 -0.00376129150390625 -0.26763916015625 -0.00498962402343751
0.00426292419433594 0.0193748474121094 -0.206939697265625 -0.4029541015625
-0.0180091857910156 0.0466270446777344 0.21954345703125 -0.61065673828125
-0.062652587890625 0.0111465454101563 0.76300048828125 -0.11767578125
-0.072967529296875 -0.0805206298828125 0.63421630859375 0.6767578125
0.030517578125 -0.085693359375 0.05010986328125 0.69476318359375
0.0946578979492188 -0.07171630859375 0.0283203125 0.0789337158203125
0.0258712768554688 -0.0869979858398438 0.01531982421875 -0.63726806640625
-0.0389862060546875 -0.0737762451171875 -0.64068603515625 -0.67791748046875
-0.0546760559082031 -0.00434875488281251 -0.81463623046875 0.16839599609375
-0.0231494903564453 0.0334396362304687 -0.1978759765625 0.60333251953125
-0.00354862213134765 0.0174016952514648 0.239013671875 0.395050048828125
0.0107316970825195 0.0158224105834961 0.328765869140625 -0.035308837890625
0.0170259475708008 0.00408840179443359 0.196304321289063 -0.277694702148438
-0.0083913803100586 -0.0100870132446289 -0.122390747070312 0.26495361328125
0.0166549682617188 -0.0102100372314453 -0.265914916992188 0.00932312011718746
0.00619029998779297 0.0049896240234375 -0.22381591796875 -0.38311767578125
-0.00714683532714844 0.0336227416992188 0.18133544921875 -0.61456298828125
-0.0500106811523437 0.0112571716308594 0.74737548828125 -0.1661376953125
-0.0721435546875 -0.0669403076171875 0.67083740234375 0.63494873046875
0.0180511474609375 -0.0721054077148438 0.0776367187500001 0.7115478515625
0.0797042846679688 -0.061431884765625 0.0141143798828125 0.110633850097656
0.0220260620117188 -0.0731658935546875 0.04248046875 -0.61505126953125
-0.03143310546875 -0.0673637390136719 -0.59869384765625 -0.71405029296875
-0.0434684753417969 -0.011383056640625 -0.83062744140625 0.11956787109375
-0.0190582275390625 0.0180854797363281 -0.23626708984375 0.60015869140625
-0.00222873687744141 0.00530195236206055 0.21942138671875 0.41754150390625
0.00670528411865234 0.00964546203613281 0.33148193359375 -0.018951416015625
0.0143194198608398 0.00479507446289063 0.207733154296875 -0.27410888671875
-0.012721061706543 -0.00807094573974609 -0.116836547851563 0.268402099609375
0.00976753234863281 -0.0177593231201172 -0.266799926757813 0.0243682861328126
0.00715446472167969 -0.012721061706543 -0.23699951171875 -0.36358642578125
0.00522232055664063 0.0152587890625 0.14959716796875 -0.62054443359375
-0.0319709777832031 0.00909233093261718 0.73602294921875 -0.20855712890625
-0.0641212463378906 -0.0488090515136719 0.70513916015625 0.5938720703125
0.00777053833007812 -0.0486640930175781 0.105712890625 0.720458984375
0.0583381652832031 -0.0422172546386719 0.00511169433593752 0.13555908203125
0.0144767761230469 -0.0515785217285156 0.0681762695312501 -0.60028076171875
-0.0214347839355469 -0.0532455444335938 -0.558349609375 -0.7481689453125
-0.0263633728027344 -0.0158710479736328 -0.842041015625 0.0705566406250001
-0.00938129425048828 0.000527381896972657 -0.2708740234375 0.5943603515625
0.000921249389648437 -0.00926780700683594 0.19744873046875 0.4373779296875
0.00171172618865967 0.0020439624786377 0.3310546875 -0.00189208984375
0.00922584533691406 0.00585174560546875 0.212600708007813 -0.270767211914063
-0.0180988311767578 -0.00741386413574219 -0.117706298828125 0.271530151367187
0.00236892700195313 -0.0250244140625 -0.269195556640625 0.0372314453125
0.00473594665527344 -0.0292301177978516 -0.248626708984375 -0.349517822265625
0.0158557891845703 -0.00203800201416016 0.12396240234375 -0.61859130859375
-0.0114126205444336 0.00494003295898438 0.7249755859375 -0.240234375
-0.0498580932617188 -0.0315284729003906 0.72869873046875 0.5596923828125
0.000509262084960939 -0.0209903717041016 0.1290283203125 0.7216796875
0.0327548980712891 -0.0164279937744141 0.0030517578125 0.148483276367188
0.00512123107910156 -0.0230998992919922 0.088623046875 -0.5926513671875
-0.00827598571777344 -0.03448486328125 -0.52691650390625 -0.7762451171875
-0.00424766540527344 -0.0179557800292969 -0.84710693359375 0.0336914062499999
0.00286769866943359 -0.0164976119995117 -0.2969970703125 0.58868408203125
0.00447273254394531 -0.0246238708496094 0.1796875 0.451019287109375
-0.00475645065307617 -0.00636577606201172 0.324951171875 0.012664794921875
0.00385427474975586 0.00655460357666016 0.212783813476563 -0.267227172851563
-0.0250377655029297 -0.00682449340820313 -0.121856689453125 0.274688720703125
-0.00566482543945313 -0.0315971374511719 -0.275009155273437 0.047027587890625
0.00252532958984375 -0.0419502258300781 -0.256622314453125 -0.339324951171875
0.0261154174804687 -0.0174465179443359 0.11083984375 -0.61871337890625
0.00766706466674805 -0.000364780426025391 0.72021484375 -0.25341796875
-0.0329418182373047 -0.01666259765625 0.7391357421875 0.5404052734375
-0.00344276428222656 0.00861835479736328 0.1429443359375 0.71466064453125
0.00802898406982422 0.0119724273681641 0.00833129882812498 0.147705078125
-0.00477695465087891 0.00753688812255859 0.10479736328125 -0.5941162109375
0.00455474853515625 -0.0139541625976562 -0.5029296875 -0.7935791015625
0.0185966491699219 -0.016754150390625 -0.8460693359375 0.0130004882812499
0.0155353546142578 -0.0306644439697266 -0.310791015625 0.5823974609375
0.00866699218750001 -0.0377235412597656 0.166534423828125 0.455657958984375
-0.0108022689819336 -0.0144081115722656 0.318939208984375 0.020233154296875
-0.00332975387573242 0.00663852691650391 0.20623779296875 -0.265457153320313
-0.0310688018798828 -0.00682449340820313 -0.13134765625 0.276504516601563
-0.0123100280761719 -0.0370254516601562 -0.2825927734375 0.05078125
0.000637054443359373 -0.0503158569335938 -0.261444091796875 -0.339202880859375
0.0339870452880859 -0.0275154113769531 0.10919189453125 -0.6168212890625
0.0240879058837891 -0.00446510314941406 0.7230224609375 -0.2515869140625
-0.0163440704345703 -0.00313282012939453 0.73968505859375 0.53900146484375
-0.00465583801269532 0.0337600708007813 0.147216796875 0.70281982421875
-0.013031005859375 0.0380630493164063 0.0199050903320313 0.134490966796875
-0.0123558044433594 0.0345172882080078 0.11334228515625 -0.60919189453125
0.017308235168457 0.00417137145996094 -0.501953125 -0.79937744140625
0.0365867614746094 -0.0140953063964844 -0.84228515625 0.01312255859375
0.025146484375 -0.0393524169921875 -0.30767822265625 0.5794677734375
0.0100059509277344 -0.0463905334472656 0.161956787109375 0.454833984375
-0.0160274505615234 -0.0204105377197266 0.31072998046875 0.020751953125
-0.00849533081054688 0.0065608024597168 0.197052001953125 -0.265518188476563
-0.0352783203125 -0.00669479370117187 -0.142135620117187 0.278900146484375
-0.0167617797851563 -0.0387496948242188 -0.291290283203125 0.0486450195312501
0.000225067138671873 -0.0538787841796875 -0.2615966796875 -0.349395751953125
0.03961181640625 -0.0315895080566406 0.12255859375 -0.6197509765625
0.0361518859863281 -0.00400543212890625 0.73333740234375 -0.23370361328125
-0.00320100784301758 0.00571012496948242 0.7291259765625 0.55230712890625
-0.00348281860351563 0.05303955078125 0.13836669921875 0.68792724609375
-0.0269622802734375 0.0583000183105469 0.0369873046875 0.109893798828125
-0.0145339965820312 0.0535659790039062 0.109619140625 -0.63177490234375
0.0284252166748047 0.0150051116943359 -0.520263671875 -0.79266357421875
0.049072265625 -0.0118141174316406 -0.8359375 0.0355834960937501
0.0311927795410156 -0.0440292358398438 -0.29205322265625 0.58245849609375
0.00942611694335938 -0.0511550903320312 0.166290283203125 0.44415283203125
-0.0201530456542969 -0.0225276947021484 0.303955078125 0.016693115234375
-0.0125246047973633 0.005523681640625 0.183334350585938 -0.268218994140625
-0.00372886657714844 -0.0125617980957031 -0.143051147460938 0.2586669921875
0.0202350616455078 0.00311088562011719 -0.27081298828125 -0.0201416015625
0.00010871887207031 0.0290298461914062 -0.1942138671875 -0.422882080078125
-0.0266342163085938 0.05511474609375 0.2520751953125 -0.60394287109375
-0.0680923461914062 0.0100173950195313 0.7730712890625 -0.07220458984375
-0.0670547485351562 -0.0866317749023438 0.5965576171875 0.7086181640625
0.0398941040039063 -0.0868301391601563 0.026123046875 0.6700439453125
0.100135803222656 -0.0701141357421875 0.0471267700195313 0.0442886352539062
0.0266876220703125 -0.0876922607421875 -0.00585937499999996 -0.6578369140625
-0.0400238037109375 -0.0731048583984375 -0.67401123046875 -0.64129638671875
-0.0567207336425781 0.00191116333007811 -0.7965087890625 0.2156982421875
-0.0241622924804687 0.0434112548828125 -0.16400146484375 0.60546875
-0.00506782531738281 0.0252895355224609 0.252166748046875 0.374542236328125
0.0128288269042969 0.0194053649902344 0.32293701171875 -0.047210693359375
0.0191936492919922 0.00218772888183594 0.187057495117187 -0.27947998046875
-0.00546169281005859 -0.00985431671142578 -0.129730224609375 0.259780883789063
0.0204887390136719 -0.00270652770996094 -0.266891479492188 -0.00625610351562495
0.00332260131835937 0.0199756622314453 -0.20648193359375 -0.40313720703125
-0.0181427001953125 0.0471305847167969 0.21881103515625 -0.60858154296875
-0.0634727478027344 0.0105934143066406 0.760498046875 -0.114990234375
-0.073272705078125 -0.0804290771484375 0.63275146484375 0.677978515625
0.0307998657226562 -0.0844802856445312 0.0478515625 0.6949462890625
0.0949783325195313 -0.0710067749023438 0.028289794921875 0.0788345336914063
0.02606201171875 -0.0858383178710938 0.01727294921875 -0.6365966796875
-0.03857421875 -0.0735321044921875 -0.63775634765625 -0.6785888671875
-0.0547409057617187 -0.00454330444335938 -0.8140869140625 0.1688232421875
-0.0229873657226563 0.0337467193603516 -0.199462890625 0.603759765625
-0.00419425964355469 0.0183391571044922 0.237274169921875 0.395721435546875
0.0105428695678711 0.0155067443847656 0.32818603515625 -0.034027099609375
0.0178985595703125 0.00432014465332031 0.197357177734375 -0.277328491210938
-0.00752353668212891 -0.00919055938720703 -0.122268676757812 0.263900756835937
0.0167598724365234 -0.00876426696777344 -0.266006469726563 0.00920104980468751
0.00594758987426758 0.00443363189697266 -0.22259521484375 -0.382537841796875
-0.00767326354980468 0.03265380859375 0.18145751953125 -0.6123046875
-0.0505180358886719 0.0110015869140625 0.7467041015625 -0.16259765625
-0.0726470947265625 -0.0659103393554688 0.66876220703125 0.6358642578125
0.0182876586914063 -0.07086181640625 0.0745239257812501 0.7091064453125
0.0799942016601563 -0.0617752075195313 0.0134124755859375 0.11041259765625
0.021820068359375 -0.0726776123046875 0.0437011718750001 -0.61407470703125
-0.0311965942382812 -0.0668296813964844 -0.59747314453125 -0.71551513671875
-0.0437889099121094 -0.01226806640625 -0.83050537109375 0.1171875
-0.0192279815673828 0.0181198120117187 -0.23785400390625 0.6009521484375
-0.00222444534301758 0.00549173355102539 0.218353271484375 0.418792724609375
0.00678157806396484 0.0105056762695313 0.330902099609375 -0.017486572265625
0.0153837203979492 0.00484848022460938 0.207565307617187 -0.273635864257813
-0.0126409530639648 -0.00713062286376953 -0.11749267578125 0.2679443359375
0.0106973648071289 -0.0170249938964844 -0.266754150390625 0.0245819091796875
0.00654220581054688 -0.0124855041503906 -0.236083984375 -0.3648681640625
0.00500106811523437 0.0161638259887695 0.14874267578125 -0.616943359375
-0.0328426361083984 0.00894737243652344 0.73486328125 -0.2069091796875
-0.0648078918457031 -0.0480690002441406 0.70404052734375 0.59454345703125
0.00823974609375001 -0.0485153198242188 0.103271484375 0.717529296875
0.0583915710449219 -0.0424728393554688 0.00459289550781252 0.134628295898438
0.0151557922363281 -0.0510711669921875 0.06842041015625 -0.59820556640625
-0.0205001831054687 -0.0538177490234375 -0.55535888671875 -0.75006103515625
-0.0256919860839844 -0.0169906616210938 -0.8409423828125 0.0712280273437499
-0.0100975036621094 0.000634193420410157 -0.27203369140625 0.593505859375
0.000749588012695313 -0.00901222229003906 0.197479248046875 0.43780517578125
0.000889301300048828 0.00281262397766113 0.33013916015625 -0.000518798828125
0.010624885559082 0.00598049163818359 0.21282958984375 -0.269317626953125
-0.0183162689208984 -0.00640869140625 -0.117568969726563 0.270462036132813
0.00225830078125 -0.0245590209960938 -0.2701416015625 0.036834716796875
0.00455665588378906 -0.0288848876953125 -0.24896240234375 -0.34857177734375
0.0170068740844727 -0.00184822082519531 0.1253662109375 -0.617919921875
-0.0115623474121094 0.00383853912353516 0.72393798828125 -0.23736572265625
-0.050689697265625 -0.0309104919433594 0.72723388671875 0.560302734375
0.000408172607421874 -0.0206451416015625 0.12835693359375 0.7198486328125
0.0334510803222656 -0.0170440673828125 0.00213623046875 0.147613525390625
0.00557899475097656 -0.0230827331542969 0.0906982421875 -0.59161376953125
-0.00848579406738281 -0.0345745086669922 -0.5234375 -0.7781982421875
-0.00374603271484375 -0.0179920196533203 -0.845947265625 0.0325317382812499
0.00213241577148438 -0.0167236328125 -0.29962158203125 0.58941650390625
0.00480079650878906 -0.0244026184082031 0.178131103515625 0.453399658203125
-0.00494480133056641 -0.00554513931274414 0.325439453125 0.0126953125
0.00423336029052734 0.00616836547851562 0.213607788085938 -0.266754150390625
-0.0243053436279297 -0.00603675842285157 -0.122085571289062 0.273483276367188
-0.00511550903320313 -0.0309066772460938 -0.275115966796875 0.0467529296874999
0.0033111572265625 -0.0418128967285156 -0.25714111328125 -0.340606689453125
0.0259456634521484 -0.0175094604492188 0.11212158203125 -0.61846923828125
0.00747394561767578 -0.000695705413818359 0.71820068359375 -0.2530517578125
-0.0334529876708984 -0.0160980224609375 0.7391357421875 0.54083251953125
-0.00363349914550781 0.00861883163452148 0.141357421875 0.7139892578125
0.00812625885009766 0.0113143920898437 0.00805664062500001 0.146499633789063
-0.00436592102050781 0.00787162780761719 0.1068115234375 -0.5936279296875
0.00522899627685547 -0.0145769119262695 -0.50140380859375 -0.79669189453125
0.0184688568115234 -0.0170116424560547 -0.84649658203125 0.0113525390625
0.0151290893554688 -0.0306930541992188 -0.31304931640625 0.58245849609375
0.00802993774414063 -0.0377044677734375 0.166107177734375 0.45623779296875
-0.0103569030761719 -0.0140295028686523 0.31787109375 0.0218505859375
-0.00240707397460938 0.00671911239624024 0.206878662109375 -0.265090942382813
-0.0304775238037109 -0.00609207153320312 -0.13116455078125 0.276077270507812
-0.0128402709960938 -0.0355148315429688 -0.282867431640625 0.0500183105468749
0.000671386718750005 -0.0507431030273438 -0.260833740234375 -0.3392333984375
0.0336780548095703 -0.0277423858642578 0.110595703125 -0.6165771484375
0.0234947204589844 -0.00448417663574219 0.72149658203125 -0.25115966796875
-0.0173559188842773 -0.003082275390625 0.73834228515625 0.5401611328125
-0.0044097900390625 0.0338249206542969 0.1458740234375 0.7008056640625
-0.0131988525390625 0.0376930236816406 0.019439697265625 0.134124755859375
-0.0123348236083984 0.0345954895019531 0.1136474609375 -0.6072998046875
0.0181198120117188 0.00401878356933594 -0.50103759765625 -0.7999267578125
0.0369987487792969 -0.0143356323242188 -0.84356689453125 0.0103149414062498
0.025360107421875 -0.0402412414550781 -0.3101806640625 0.58160400390625
0.0103530883789063 -0.0458717346191406 0.1607666015625 0.4554443359375
-0.016082763671875 -0.0197525024414063 0.3101806640625 0.02178955078125
-0.00746393203735352 0.00551176071166992 0.196243286132813 -0.265914916992188
-0.0346240997314453 -0.00671195983886718 -0.142547607421875 0.278076171875
-0.0171318054199219 -0.0380325317382813 -0.290771484375 0.047454833984375
-0.00114822387695313 -0.0541839599609375 -0.25946044921875 -0.348602294921875
0.0386390686035156 -0.0319976806640625 0.12384033203125 -0.6173095703125
0.0353164672851563 -0.00450897216796875 0.73291015625 -0.232421875
-0.00327825546264648 0.00579214096069336 0.727294921875 0.55291748046875
-0.00355529785156251 0.0530509948730469 0.1378173828125 0.68487548828125
-0.0265693664550781 0.0583000183105469 0.03729248046875 0.10955810546875
-0.0148353576660156 0.0539588928222656 0.111328125 -0.6295166015625
0.0281505584716797 0.0157318115234375 -0.51934814453125 -0.7957763671875
0.0495223999023437 -0.0121498107910156 -0.83685302734375 0.0337524414062501
0.0304031372070313 -0.0440597534179687 -0.29315185546875 0.58306884765625
0.00945281982421875 -0.0499458312988281 0.1654052734375 0.4454345703125
-0.0196037292480469 -0.0225639343261719 0.303375244140625 0.017120361328125
-0.0114259719848633 0.00580596923828125 0.182891845703125 -0.26837158203125
-0.00302600860595703 -0.0117912292480469 -0.143142700195312 0.257797241210938
0.0203323364257813 0.00366592407226563 -0.271743774414063 -0.020843505859375
0.000844955444335939 0.0293464660644531 -0.194061279296875 -0.424041748046875
-0.0265998840332031 0.0553512573242188 0.2535400390625 -0.602783203125
-0.0676307678222656 0.00946426391601563 0.77288818359375 -0.06866455078125
-0.067901611328125 -0.0870285034179688 0.59466552734375 0.7100830078125
0.0402908325195313 -0.0860137939453125 0.02508544921875 0.66961669921875
0.100959777832031 -0.070526123046875 0.0464096069335938 0.0440025329589844
0.0279769897460937 -0.0869140625 -0.00408935546874993 -0.65667724609375
-0.0396347045898437 -0.0728759765625 -0.67376708984375 -0.64324951171875
-0.057037353515625 0.00188446044921875 -0.7996826171875 0.21405029296875
-0.0236587524414063 0.0436553955078125 -0.1668701171875 0.60675048828125
-0.00445365905761718 0.0260295867919922 0.251556396484375 0.37664794921875
0.0123157501220703 0.0199642181396484 0.322784423828125 -0.046539306640625
0.0200328826904297 0.00127792358398438 0.187606811523438 -0.280715942382813
-0.00483036041259766 -0.00861835479736328 -0.129165649414063 0.25970458984375
0.0205898284912109 -0.00260734558105469 -0.267868041992188 -0.00672912597656255
0.00385665893554688 0.0198078155517578 -0.20660400390625 -0.40399169921875
-0.0182304382324219 0.0455131530761719 0.2197265625 -0.607177734375
-0.0637283325195313 0.0107078552246094 0.76104736328125 -0.1124267578125
-0.0738677978515625 -0.0798110961914063 0.6312255859375 0.678466796875
0.031219482421875 -0.0849075317382813 0.044921875 0.69403076171875
0.0954513549804688 -0.0710372924804687 0.02813720703125 0.0782394409179687
0.0264511108398438 -0.0855178833007813 0.02001953125 -0.63494873046875
-0.0387344360351563 -0.072540283203125 -0.6370849609375 -0.68084716796875
-0.0548133850097656 -0.00509262084960938 -0.81793212890625 0.16461181640625
-0.0235271453857422 0.0329742431640625 -0.20208740234375 0.6055908203125
-0.00361061096191406 0.01885986328125 0.23699951171875 0.397064208984375
0.0110921859741211 0.0168380737304688 0.327911376953125 -0.03399658203125
0.0183277130126953 0.00457000732421875 0.197845458984375 -0.277542114257812
-0.00682687759399414 -0.00816631317138672 -0.123001098632812 0.264251708984375
0.016326904296875 -0.00819969177246094 -0.2657470703125 0.00914001464843745
0.00571346282958984 0.00479364395141602 -0.22247314453125 -0.383270263671875
-0.00660324096679687 0.0331535339355469 0.18267822265625 -0.6126708984375
-0.0509681701660156 0.0110206604003906 0.74847412109375 -0.1614990234375
-0.0730361938476563 -0.0657196044921875 0.66851806640625 0.63726806640625
0.0188751220703125 -0.0709762573242188 0.0738525390625 0.7076416015625
0.0804443359375 -0.061676025390625 0.01312255859375 0.110671997070313
0.0222549438476562 -0.0722808837890625 0.0451049804687499 -0.61346435546875
-0.03143310546875 -0.0670738220214844 -0.59686279296875 -0.71923828125
-0.0443649291992188 -0.01312255859375 -0.83245849609375 0.114990234375
-0.0193099975585938 0.0181045532226563 -0.23944091796875 0.6016845703125
-0.00230550765991211 0.00638341903686524 0.21722412109375 0.4185791015625
0.00759506225585938 0.0114250183105469 0.3304443359375 -0.0162353515625
0.0158109664916992 0.00436878204345703 0.20806884765625 -0.2742919921875
-0.0119800567626953 -0.0062255859375 -0.117919921875 0.2669677734375
0.010310173034668 -0.0166292190551758 -0.267074584960938 0.0247039794921875
0.00616836547851563 -0.0126466751098633 -0.23602294921875 -0.3653564453125
0.00520229339599609 0.0159101486206055 0.15045166015625 -0.61639404296875
-0.0336532592773437 0.00905036926269532 0.73486328125 -0.2044677734375
-0.0655746459960938 -0.0478057861328125 0.702880859375 0.59661865234375
0.00801467895507812 -0.0484390258789063 0.1026611328125 0.718505859375
0.0594139099121094 -0.0425987243652344 0.00439453125000001 0.134925842285156
0.015106201171875 -0.0504417419433594 0.071044921875 -0.59881591796875
-0.0207862854003906 -0.0540390014648437 -0.5552978515625 -0.7506103515625
-0.0258464813232422 -0.0179328918457031 -0.8448486328125 0.0679321289062501
-0.00991344451904297 0.00021553039550781 -0.2755126953125 0.5968017578125
0.000654220581054687 -0.00863218307495117 0.1959228515625 0.43951416015625
0.00143241882324219 0.00358486175537109 0.329986572265625 -0.00079345703125
0.0113353729248047 0.00546646118164063 0.213851928710938 -0.27020263671875
-0.0179042816162109 -0.00543975830078125 -0.118698120117188 0.2698974609375
0.00232124328613281 -0.0240936279296875 -0.270111083984375 0.0374298095703125
0.00470352172851563 -0.0292453765869141 -0.248046875 -0.34906005859375
0.016657829284668 -0.00250816345214844 0.1258544921875 -0.6168212890625
-0.0134029388427734 0.00485992431640625 0.72552490234375 -0.237060546875
-0.0510406494140625 -0.0309906005859375 0.72637939453125 0.5625
0.000659942626953124 -0.0209770202636719 0.126220703125 0.718994140625
0.0333232879638672 -0.0168247222900391 0.00218200683593749 0.147354125976562
0.00542640686035156 -0.0221786499023438 0.0915527343750001 -0.591064453125
-0.00756263732910156 -0.0348358154296875 -0.521484375 -0.78021240234375
-0.00393295288085938 -0.0188846588134766 -0.8482666015625 0.0311889648437502
0.00195884704589844 -0.0170717239379883 -0.30072021484375 0.59014892578125
0.0052337646484375 -0.0245323181152344 0.177764892578125 0.454559326171875
-0.0040278434753418 -0.00492286682128906 0.325439453125 0.013946533203125
0.00547599792480469 0.00592947006225586 0.21337890625 -0.266860961914063
-0.0240325927734375 -0.00527381896972656 -0.122695922851562 0.274017333984375
-0.00565719604492188 -0.0300636291503906 -0.275283813476563 0.045806884765625
0.00208663940429688 -0.042327880859375 -0.256988525390625 -0.342071533203125
0.0260963439941406 -0.0175361633300781 0.11181640625 -0.61651611328125
0.00658750534057617 -0.000297069549560547 0.7191162109375 -0.2513427734375
-0.0343704223632813 -0.0151996612548828 0.73809814453125 0.54296875
-0.00352334976196289 0.00803899765014649 0.14031982421875 0.7135009765625
0.00839710235595703 0.0109424591064453 0.00778198242187501 0.146713256835938
-0.00431966781616211 0.00780773162841797 0.1090087890625 -0.593017578125
0.00514125823974609 -0.0130786895751953 -0.4996337890625 -0.79840087890625
0.0179405212402344 -0.0175724029541016 -0.8470458984375 0.00994873046874994
0.0152149200439453 -0.0315666198730469 -0.31463623046875 0.58306884765625
0.00795364379882813 -0.0376853942871094 0.165863037109375 0.45819091796875
-0.010737419128418 -0.0137758255004883 0.318389892578125 0.02191162109375
-0.00115203857421875 0.00611352920532227 0.207427978515625 -0.265716552734375
-0.0298900604248047 -0.00621986389160157 -0.131546020507813 0.27587890625
-0.0121994018554687 -0.0345191955566406 -0.281951904296875 0.049591064453125
0.000511169433593754 -0.0506553649902344 -0.2607421875 -0.33978271484375
0.0340805053710938 -0.0280284881591797 0.1102294921875 -0.6160888671875
0.0237960815429688 -0.00420951843261719 0.72174072265625 -0.24853515625
-0.0176868438720703 -0.00318145751953125 0.73785400390625 0.5404052734375
-0.0048828125 0.0343303680419922 0.14532470703125 0.70074462890625
-0.0121040344238281 0.0371665954589844 0.02001953125 0.134361267089844
-0.0118904113769531 0.0344696044921875 0.115478515625 -0.6063232421875
0.0176334381103516 0.00427055358886719 -0.49859619140625 -0.80169677734375
0.0371780395507813 -0.0142135620117188 -0.84521484375 0.0101928710937499
0.0247001647949219 -0.0401535034179688 -0.313720703125 0.5816650390625
0.00986862182617188 -0.0463142395019531 0.1590576171875 0.456207275390625
-0.0157985687255859 -0.0193080902099609 0.310577392578125 0.0224609375
-0.00635623931884766 0.00521421432495117 0.197402954101563 -0.265762329101563
-0.0332393646240234 -0.00634002685546874 -0.142135620117188 0.276519775390625
-0.0179977416992188 -0.0377845764160156 -0.291229248046875 0.04803466796875
-0.000453948974609381 -0.0536003112792969 -0.260040283203125 -0.3492431640625
0.0394325256347656 -0.03131103515625 0.1231689453125 -0.61865234375
0.0356941223144531 -0.00424575805664063 0.73016357421875 -0.2314453125
-0.00472402572631836 0.00595808029174805 0.7265625 0.55474853515625
-0.00348663330078124 0.0531158447265625 0.13665771484375 0.68499755859375
-0.0262069702148437 0.0584945678710937 0.0369415283203125 0.110206604003906
-0.0146293640136719 0.0548591613769531 0.1131591796875 -0.63092041015625
0.0281467437744141 0.0155048370361328 -0.51708984375 -0.79718017578125
0.0500030517578125 -0.012786865234375 -0.83953857421875 0.0341796875
0.0304832458496094 -0.0438194274902344 -0.2967529296875 0.58203125
0.00888824462890625 -0.050048828125 0.16351318359375 0.445556640625
-0.0200996398925781 -0.022247314453125 0.303558349609375 0.0172119140625
-0.0110044479370117 0.00536537170410156 0.183074951171875 -0.268142700195313
-0.00233745574951172 -0.0105695724487305 -0.143600463867187 0.25860595703125
0.0212879180908203 0.0042572021484375 -0.272567749023438 -0.0213012695312501
-0.000261306762695309 0.0302963256835938 -0.19482421875 -0.424285888671875
-0.0258750915527344 0.0547065734863281 0.2542724609375 -0.60418701171875
-0.0690231323242188 0.00971221923828126 0.77398681640625 -0.068115234375
-0.068084716796875 -0.0867919921875 0.59674072265625 0.71295166015625
0.0412521362304688 -0.08587646484375 0.0228881835937501 0.67034912109375
0.101585388183594 -0.070892333984375 0.0469131469726563 0.0443572998046875
0.028228759765625 -0.0869674682617188 -0.00268554687500001 -0.6585693359375
-0.039825439453125 -0.0737991333007813 -0.67535400390625 -0.646240234375
-0.056060791015625 0.00109100341796875 -0.80206298828125 0.21343994140625
-0.0243606567382813 0.0434074401855469 -0.16888427734375 0.61053466796875
-0.00484466552734375 0.0262413024902344 0.251251220703125 0.376678466796875
0.0130767822265625 0.0204505920410156 0.324462890625 -0.04620361328125
0.0206108093261719 0.000965118408203125 0.189117431640625 -0.28106689453125
-0.00410366058349609 -0.00755214691162109 -0.130706787109375 0.26007080078125
0.0204906463623047 -0.0016632080078125 -0.268386840820313 -0.00675964355468744
0.00359535217285156 0.0202083587646484 -0.207244873046875 -0.405364990234375
-0.0175437927246094 0.0462188720703125 0.2205810546875 -0.60821533203125
-0.0642356872558594 0.0107460021972656 0.76275634765625 -0.11163330078125
-0.0741653442382813 -0.0795440673828125 0.63336181640625 0.6824951171875
0.0320281982421875 -0.0843963623046875 0.0439453125 0.69378662109375
0.0964813232421875 -0.0720596313476562 0.0283660888671875 0.078826904296875
0.0271530151367188 -0.0846939086914063 0.0209960937499999 -0.6370849609375
-0.03839111328125 -0.0734024047851563 -0.63824462890625 -0.6845703125
-0.0547828674316406 -0.00605010986328125 -0.81866455078125 0.1669921875
-0.0232982635498047 0.0331058502197266 -0.2052001953125 0.60736083984375
-0.00343132019042969 0.0192394256591797 0.236358642578125 0.3985595703125
0.0104274749755859 0.0170412063598633 0.32928466796875 -0.033111572265625
0.0196132659912109 0.00326347351074219 0.197555541992187 -0.278289794921875
-0.00652790069580078 -0.00711631774902344 -0.122817993164063 0.264266967773438
0.0174770355224609 -0.00827217102050781 -0.266586303710938 0.00822448730468754
0.00570440292358398 0.00471735000610351 -0.22283935546875 -0.38543701171875
-0.00712013244628906 0.0325241088867188 0.1845703125 -0.61199951171875
-0.0511054992675781 0.0114097595214844 0.74993896484375 -0.16180419921875
-0.0742874145507812 -0.0656509399414063 0.6689453125 0.63958740234375
0.0192413330078125 -0.0708847045898438 0.07244873046875 0.7086181640625
0.0814437866210938 -0.0621185302734375 0.0126495361328125 0.110435485839844
0.02301025390625 -0.0723419189453125 0.04669189453125 -0.61376953125
-0.0314788818359375 -0.0672187805175781 -0.595458984375 -0.7213134765625
-0.0433807373046875 -0.0138168334960937 -0.83697509765625 0.1153564453125
-0.0192089080810547 0.0169792175292969 -0.24407958984375 0.60284423828125
-0.00224113464355469 0.00650262832641602 0.217193603515625 0.421356201171875
0.00687694549560547 0.0110969543457031 0.331756591796875 -0.015533447265625
0.0164966583251953 0.00536823272705078 0.208755493164063 -0.275100708007813
-0.0105247497558594 -0.00609970092773437 -0.118820190429688 0.26727294921875
0.0107927322387695 -0.0156669616699219 -0.267669677734375 0.02392578125
0.00606250762939453 -0.0123138427734375 -0.237274169921875 -0.3663330078125
0.00523281097412109 0.0155000686645508 0.15130615234375 -0.61737060546875
-0.0336704254150391 0.00865745544433594 0.73577880859375 -0.203369140625
-0.0659942626953125 -0.0479698181152344 0.7022705078125 0.599609375
0.0089111328125 -0.0481147766113281 0.1004638671875 0.71771240234375
0.059295654296875 -0.0429458618164062 0.00445556640625002 0.134429931640625
0.0155258178710937 -0.0498580932617188 0.07244873046875 -0.5987548828125
-0.019927978515625 -0.0532989501953125 -0.55450439453125 -0.75494384765625
-0.0251598358154297 -0.0180835723876953 -0.8466796875 0.0684204101562499
-0.00997352600097656 -0.000427246093750002 -0.27752685546875 0.59832763671875
0.000493049621582032 -0.00880241394042969 0.196502685546875 0.440582275390625
0.00217604637145996 0.00339674949645996 0.33050537109375 0.001068115234375
0.0117578506469727 0.00507164001464844 0.214889526367188 -0.270599365234375
-0.0161113739013672 -0.00489044189453125 -0.11920166015625 0.27081298828125
0.00266647338867188 -0.0221633911132812 -0.271621704101563 0.0369110107421875
0.0047607421875 -0.0288028717041016 -0.2490234375 -0.351593017578125
0.0168743133544922 -0.00216388702392578 0.1268310546875 -0.61822509765625
-0.0132570266723633 0.00504875183105468 0.72515869140625 -0.23480224609375
-0.0515975952148438 -0.0297622680664062 0.72747802734375 0.56427001953125
0.00115394592285156 -0.0207061767578125 0.12530517578125 0.7203369140625
0.0339946746826172 -0.0172443389892578 0.0017242431640625 0.147659301757813
0.00607872009277344 -0.02166748046875 0.093017578125 -0.591064453125
-0.00694656372070312 -0.0346450805664063 -0.52239990234375 -0.78326416015625
-0.00399398803710937 -0.0190029144287109 -0.85198974609375 0.0305786132812501
0.0013723373413086 -0.0170803070068359 -0.3038330078125 0.5926513671875
0.004608154296875 -0.0242900848388672 0.176605224609375 0.455718994140625
-0.00467443466186524 -0.00503158569335937 0.32647705078125 0.01434326171875
0.00625467300415039 0.00586986541748047 0.214569091796875 -0.267593383789063
-0.0232830047607422 -0.00391387939453125 -0.122451782226563 0.274169921875
-0.00590896606445313 -0.0295677185058594 -0.275909423828125 0.04632568359375
0.00277328491210937 -0.0419845581054688 -0.2569580078125 -0.343048095703125
0.0267906188964844 -0.0176639556884766 0.11236572265625 -0.61895751953125
0.00655508041381836 -0.000285148620605469 0.7205810546875 -0.2491455078125
-0.0350208282470703 -0.0142574310302734 0.7392578125 0.54608154296875
-0.00345039367675781 0.00906848907470703 0.1396484375 0.714599609375
0.0086374282836914 0.0110530853271484 0.00769042968749999 0.147308349609375
-0.00415563583374024 0.00822353363037109 0.1102294921875 -0.5938720703125
0.00543880462646484 -0.0143022537231445 -0.49993896484375 -0.801025390625
0.0188426971435547 -0.0180721282958984 -0.8521728515625 0.00878906249999996
0.0141754150390625 -0.0316638946533203 -0.318359375 0.5855712890625
0.00820541381835938 -0.0375328063964844 0.16436767578125 0.460205078125
-0.0108146667480469 -0.0125455856323242 0.31903076171875 0.022918701171875
-0.000581741333007813 0.00537633895874024 0.2081298828125 -0.2659912109375
-0.0289306640625 -0.00426101684570312 -0.131439208984375 0.27630615234375
-0.0128612518310547 -0.0334091186523438 -0.28240966796875 0.049285888671875
0.000549316406249999 -0.0506782531738281 -0.261016845703125 -0.341461181640625
0.0343399047851563 -0.0290431976318359 0.11138916015625 -0.61639404296875
0.0230140686035156 -0.00355911254882813 0.72454833984375 -0.249267578125
-0.0189075469970703 -0.00287055969238281 0.74017333984375 0.54443359375
-0.00434303283691407 0.034515380859375 0.14495849609375 0.7025146484375
-0.0126152038574219 0.0374984741210938 0.0200347900390625 0.134529113769531
-0.0125484466552734 0.0348033905029297 0.11822509765625 -0.608642578125
0.0175504684448242 0.00358295440673828 -0.4991455078125 -0.80596923828125
0.0376701354980469 -0.0152053833007813 -0.84893798828125 0.00762939453124985
0.0252342224121094 -0.0407333374023438 -0.31671142578125 0.5826416015625
0.00981521606445312 -0.0459518432617187 0.15936279296875 0.4586181640625
-0.0153865814208984 -0.0185260772705078 0.312774658203125 0.023162841796875
-0.00610780715942383 0.00489711761474609 0.198562622070313 -0.265396118164063
-0.0334320068359375 -0.00594139099121094 -0.142501831054688 0.27716064453125
-0.0176544189453125 -0.0364646911621094 -0.29144287109375 0.046966552734375
-0.00131607055664063 -0.0536918640136719 -0.26025390625 -0.3502197265625
0.0397491455078125 -0.0322990417480469 0.12353515625 -0.6173095703125
0.0344867706298828 -0.00376701354980469 0.73419189453125 -0.22998046875
-0.00539112091064453 0.00666427612304687 0.72845458984375 0.55755615234375
-0.00417327880859375 0.0535545349121094 0.1361083984375 0.68634033203125
-0.0271339416503906 0.0578079223632813 0.037017822265625 0.110160827636719
-0.0149116516113281 0.0548057556152344 0.1158447265625 -0.63128662109375
0.0286331176757813 0.0155487060546875 -0.5159912109375 -0.79986572265625
0.0504684448242187 -0.0134620666503906 -0.84326171875 0.0310058593749999
0.0297584533691406 -0.0445671081542969 -0.3004150390625 0.5853271484375
0.00880813598632812 -0.0495109558105469 0.164215087890625 0.44769287109375
-0.0193099975585938 -0.0213890075683594 0.3037109375 0.017974853515625
-0.0101232528686523 0.00446224212646484 0.183547973632813 -0.269134521484375
-0.00166797637939453 -0.0100269317626953 -0.14459228515625 0.258865356445312
0.0212039947509766 0.00512123107910156 -0.2733154296875 -0.0221099853515625
0.000158309936523435 0.0305614471435547 -0.19683837890625 -0.427734375
-0.0262374877929688 0.054931640625 0.25457763671875 -0.60736083984375
-0.0694580078125 0.00997924804687499 0.7777099609375 -0.06689453125
-0.0684738159179687 -0.0867691040039063 0.59814453125 0.71728515625
0.0415115356445313 -0.0864639282226563 0.02099609375 0.67254638671875
0.102424621582031 -0.07122802734375 0.0465469360351563 0.0438957214355469
0.0284805297851563 -0.0873336791992188 6.10351562499334E-05 -0.658935546875
-0.0397796630859375 -0.07440185546875 -0.6761474609375 -0.65106201171875
-0.0567893981933594 6.95446578573369E-18 -0.80657958984375 0.21484375
-0.0245132446289063 0.043670654296875 -0.171142578125 0.61212158203125
-0.00495147705078125 0.0269870758056641 0.252288818359375 0.378875732421875
0.0136890411376953 0.0208606719970703 0.32586669921875 -0.047088623046875
0.0219535827636719 0.00143241882324219 0.189666748046875 -0.28265380859375
-0.003204345703125 -0.00825214385986328 -0.13153076171875 0.261398315429688
0.0208473205566406 -0.000429153442382812 -0.269515991210938 -0.00769042968750002
0.0033416748046875 0.0199375152587891 -0.208099365234375 -0.407257080078125
-0.0179862976074219 0.0462608337402344 0.22198486328125 -0.60919189453125
-0.0650787353515625 0.0108604431152344 0.76593017578125 -0.11004638671875
-0.0755386352539063 -0.079742431640625 0.63592529296875 0.68603515625
0.0325164794921875 -0.083984375 0.04443359375 0.69598388671875
0.097442626953125 -0.0723342895507812 0.0280914306640625 0.0785140991210938
0.0276336669921875 -0.0847930908203125 0.0223388671875001 -0.63824462890625
-0.03839111328125 -0.0740585327148437 -0.64129638671875 -0.68853759765625
-0.0552902221679688 -0.00656890869140625 -0.825439453125 0.16680908203125
-0.0247211456298828 0.0323867797851563 -0.20660400390625 0.61102294921875
-0.00406837463378906 0.0187015533447266 0.23712158203125 0.401275634765625
0.0107154846191406 0.017913818359375 0.3306884765625 -0.03363037109375
0.0202064514160156 0.00394058227539063 0.199432373046875 -0.280029296875
-0.0052485466003418 -0.00674962997436523 -0.123825073242188 0.264434814453125
0.0169467926025391 -0.00699520111083984 -0.268203735351563 0.00843811035156251
0.00552606582641602 0.00489282608032227 -0.223876953125 -0.387542724609375
-0.00666046142578125 0.0332012176513672 0.1846923828125 -0.6153564453125
-0.0526123046875 0.0113487243652344 0.75323486328125 -0.1614990234375
-0.0741500854492188 -0.0650253295898438 0.6693115234375 0.6439208984375
0.0195541381835938 -0.0713043212890625 0.0723266601562501 0.7103271484375
0.0824356079101562 -0.0627670288085938 0.0132293701171875 0.110816955566406
0.0239639282226563 -0.07183837890625 0.048828125 -0.6156005859375
-0.0303382873535156 -0.0677871704101562 -0.59881591796875 -0.7254638671875
-0.0445365905761719 -0.0145950317382812 -0.84039306640625 0.114501953125
-0.0203876495361328 0.0172405242919922 -0.24560546875 0.6070556640625
-0.00298690795898438 0.00625228881835938 0.21881103515625 0.423980712890625
0.00732612609863281 0.0111083984375 0.33343505859375 -0.0155029296875
0.0174760818481445 0.00451374053955078 0.210830688476563 -0.276153564453125
-0.00980949401855469 -0.00530624389648438 -0.118728637695312 0.268051147460938
0.0108165740966797 -0.0143880844116211 -0.268798828125 0.023773193359375
0.0064077377319336 -0.0122709274291992 -0.2373046875 -0.36822509765625
0.00631332397460938 0.0157260894775391 0.1507568359375 -0.619384765625
-0.0342864990234375 0.00840187072753907 0.73870849609375 -0.20538330078125
-0.0671157836914062 -0.0476341247558594 0.70550537109375 0.6033935546875
0.0088348388671875 -0.0487174987792969 0.10150146484375 0.720458984375
0.0600509643554688 -0.0434417724609375 0.00383758544921875 0.134452819824219
0.01629638671875 -0.0498924255371094 0.0749511718749999 -0.6009521484375
-0.0201797485351562 -0.0535850524902344 -0.556884765625 -0.75885009765625
-0.0259037017822266 -0.0186367034912109 -0.8516845703125 0.0678100585937501
-0.011042594909668 -0.000904083251953124 -0.28045654296875 0.60186767578125
0.000401496887207031 -0.00858163833618164 0.19647216796875 0.444915771484375
0.0022580623626709 0.0039374828338623 0.332733154296875 0.001007080078125
0.0130491256713867 0.00597763061523438 0.215744018554688 -0.272445678710938
-0.0153045654296875 -0.00478839874267578 -0.11871337890625 0.270660400390625
0.00272941589355469 -0.0220985412597656 -0.271331787109375 0.036651611328125
0.00430870056152344 -0.0284957885742188 -0.248870849609375 -0.352874755859375
0.0168600082397461 -0.00263309478759766 0.1268310546875 -0.618896484375
-0.0141057968139648 0.00482559204101563 0.72906494140625 -0.23638916015625
-0.0533790588378906 -0.0299263000488281 0.73162841796875 0.5689697265625
0.00121879577636719 -0.0197296142578125 0.125244140625 0.72265625
0.0348281860351563 -0.0177555084228516 0.00224304199218751 0.147598266601563
0.00619888305664062 -0.0219211578369141 0.0947875976562501 -0.5941162109375
-0.007537841796875 -0.0347690582275391 -0.5235595703125 -0.78643798828125
-0.00366592407226562 -0.0197887420654297 -0.8564453125 0.02935791015625
0.00153350830078125 -0.0174150466918945 -0.3070068359375 0.5941162109375
0.00508880615234375 -0.0242767333984375 0.177093505859375 0.4583740234375
-0.00384187698364258 -0.00475978851318359 0.32745361328125 0.014984130859375
0.00704050064086914 0.0054473876953125 0.215957641601562 -0.268798828125
-0.022735595703125 -0.00362586975097656 -0.123199462890625 0.2744140625
-0.00567245483398438 -0.0286006927490234 -0.276931762695313 0.0460968017578125
0.00163650512695312 -0.0420913696289062 -0.25762939453125 -0.34344482421875
0.0266323089599609 -0.0180797576904297 0.113525390625 -0.62109375
0.00582456588745117 -0.000425815582275391 0.72283935546875 -0.24920654296875
-0.0353813171386719 -0.0150527954101562 0.741455078125 0.5496826171875
-0.00288486480712891 0.00881004333496094 0.13970947265625 0.7154541015625
0.00885391235351563 0.0100288391113281 0.00805664062499999 0.147613525390625
-0.00394821166992188 0.00900459289550781 0.1129150390625 -0.59503173828125
0.00595283508300781 -0.0139122009277344 -0.5009765625 -0.80511474609375
0.0185565948486328 -0.0186119079589844 -0.85693359375 0.00744628906249995
0.0141220092773437 -0.0322628021240234 -0.3206787109375 0.589111328125
0.00818252563476563 -0.0368270874023438 0.165130615234375 0.4627685546875
-0.00987434387207031 -0.0128383636474609 0.320343017578125 0.02349853515625
0.000469684600830079 0.00565958023071289 0.208984375 -0.26739501953125
-0.0288677215576172 -0.00419807434082031 -0.132659912109375 0.275604248046875
-0.0120639801025391 -0.0335617065429687 -0.284149169921875 0.04937744140625
-1.14440917968805E-05 -0.0514488220214844 -0.262847900390625 -0.3428955078125
0.0342884063720703 -0.0296764373779297 0.11224365234375 -0.61920166015625
0.0225639343261719 -0.00324440002441406 0.7247314453125 -0.2489013671875
-0.0195388793945312 -0.00257301330566407 0.74163818359375 0.5458984375
-0.00506591796875 0.0345306396484375 0.144775390625 0.70379638671875
-0.0126953125 0.0375289916992187 0.0189743041992187 0.134437561035156
-0.0117378234863281 0.0351638793945313 0.11859130859375 -0.6087646484375
0.018280029296875 0.00439643859863281 -0.50054931640625 -0.8092041015625
0.0384407043457031 -0.0157241821289063 -0.85357666015625 0.00708007812500015
0.0253753662109375 -0.0412788391113281 -0.32037353515625 0.58563232421875
0.00937271118164063 -0.0454177856445313 0.159515380859375 0.460906982421875
-0.0155391693115234 -0.0187225341796875 0.313140869140625 0.023406982421875
-0.00535249710083008 0.00549507141113281 0.1990966796875 -0.266754150390625
-0.0328559875488281 -0.00519561767578126 -0.141921997070312 0.278076171875
-0.0174179077148438 -0.0357246398925781 -0.29248046875 0.0458984375
-0.00101852416992187 -0.0543212890625 -0.261383056640625 -0.35174560546875
0.0398445129394531 -0.032989501953125 0.1248779296875 -0.62005615234375
0.0340232849121094 -0.00385284423828125 0.736328125 -0.2303466796875
-0.00550413131713867 0.00672817230224609 0.73114013671875 0.55877685546875
-0.00397872924804688 0.0542526245117188 0.13751220703125 0.68701171875
-0.0265655517578125 0.0574722290039063 0.037445068359375 0.110343933105469
-0.0146942138671875 0.0550727844238281 0.1165771484375 -0.63232421875
0.0290565490722656 0.0161666870117188 -0.5172119140625 -0.8040771484375
0.0514640808105469 -0.0135917663574219 -0.84698486328125 0.0303344726562502
0.0303611755371094 -0.0449371337890625 -0.30291748046875 0.58868408203125
0.00914382934570313 -0.0494270324707031 0.16265869140625 0.449981689453125
-0.0191268920898437 -0.0213794708251953 0.305450439453125 0.018890380859375
-0.00959396362304687 0.00487709045410156 0.184906005859375 -0.270477294921875
-0.000645637512207031 -0.00927448272705078 -0.145187377929688 0.260025024414063
0.0215301513671875 0.00544166564941406 -0.275405883789063 -0.0218048095703126
0.00033378601074219 0.0307998657226563 -0.197296142578125 -0.4300537109375
-0.0259819030761719 0.0550765991210938 0.25604248046875 -0.6094970703125
-0.0699119567871094 0.0101814270019531 0.7806396484375 -0.066162109375
-0.0698471069335938 -0.0866851806640625 0.6005859375 0.7220458984375
0.0423660278320313 -0.0867080688476563 0.0211791992187501 0.674560546875
0.10394287109375 -0.0719985961914063 0.0466957092285156 0.043548583984375
0.0294952392578125 -0.0872268676757813 -0.000732421874999965 -0.66357421875
-0.0391311645507813 -0.0746994018554688 -0.67962646484375 -0.65472412109375
-0.0578155517578125 0.000175476074218758 -0.8114013671875 0.218017578125
-0.0250015258789062 0.0429534912109375 -0.17144775390625 0.61767578125
-0.0049285888671875 0.0272979736328125 0.25274658203125 0.381744384765625
0.0136699676513672 0.0221290588378906 0.32733154296875 -0.0477294921875
0.0221767425537109 0.000881195068359375 0.189910888671875 -0.2847900390625
-0.00217580795288086 -0.00628376007080078 -0.13134765625 0.262008666992188
0.0206871032714844 -0.000383377075195313 -0.27099609375 -0.00708007812500005
0.00309562683105469 0.0209388732910156 -0.20855712890625 -0.408203125
-0.0181922912597656 0.0464019775390625 0.22149658203125 -0.61297607421875
-0.0657539367675781 0.0106124877929688 0.7696533203125 -0.11083984375
-0.075531005859375 -0.079803466796875 0.6383056640625 0.68829345703125
0.0332870483398437 -0.084625244140625 0.0454101562499999 0.69818115234375
0.097442626953125 -0.0734786987304688 0.0280685424804688 0.0780181884765625
0.0285186767578125 -0.0849761962890625 0.0244140625 -0.64208984375
-0.0383224487304687 -0.0748977661132813 -0.644775390625 -0.6912841796875
-0.0553245544433594 -0.00757598876953126 -0.83050537109375 0.16668701171875
-0.0246677398681641 0.0330524444580078 -0.209716796875 0.6151123046875
-0.00373458862304688 0.0201244354248047 0.238250732421875 0.40435791015625
0.0119800567626953 0.0177574157714844 0.33270263671875 -0.033294677734375
0.0211658477783203 0.00329780578613281 0.2008056640625 -0.2818603515625
-0.00470113754272461 -0.00627374649047851 -0.12347412109375 0.266098022460937
0.0173845291137695 -0.00636672973632813 -0.269622802734375 0.00834655761718747
0.00621652603149414 0.00474834442138672 -0.22515869140625 -0.389923095703125
-0.00688743591308594 0.0324687957763672 0.18548583984375 -0.6190185546875
-0.0531349182128906 0.0110397338867188 0.75439453125 -0.16217041015625
-0.0751571655273438 -0.0645523071289062 0.67694091796875 0.64666748046875
0.020355224609375 -0.071075439453125 0.072998046875 0.7132568359375
0.0826492309570313 -0.0640106201171875 0.0128250122070313 0.110298156738281
0.0238113403320313 -0.0721969604492188 0.0499267578125 -0.61895751953125
-0.0302543640136719 -0.0680046081542969 -0.6019287109375 -0.7288818359375
-0.0446319580078125 -0.0151252746582031 -0.84619140625 0.115966796875
-0.0203876495361328 0.0177669525146484 -0.24798583984375 0.61248779296875
-0.00281047821044922 0.00753307342529297 0.220306396484375 0.427093505859375
0.00794601440429687 0.0118932723999023 0.335693359375 -0.015777587890625
0.0178146362304688 0.00396156311035156 0.21136474609375 -0.278488159179687
-0.00853872299194336 -0.00490093231201172 -0.119186401367188 0.269393920898438
0.0107212066650391 -0.014042854309082 -0.270523071289063 0.024139404296875
0.00622272491455078 -0.0117883682250977 -0.2392578125 -0.369415283203125
0.0054473876953125 0.0154523849487305 0.15203857421875 -0.62451171875
-0.0349960327148438 0.00959396362304687 0.7432861328125 -0.2047119140625
-0.0676498413085938 -0.046417236328125 0.71075439453125 0.60498046875
0.0100898742675781 -0.0484390258789062 0.10162353515625 0.7236328125
0.0607452392578125 -0.0445327758789063 0.00356292724609376 0.135330200195313
0.01666259765625 -0.0497894287109375 0.07550048828125 -0.60345458984375
-0.0198554992675781 -0.0537300109863281 -0.5601806640625 -0.76141357421875
-0.0260810852050781 -0.0200233459472656 -0.85791015625 0.06744384765625
-0.0112466812133789 -0.000621795654296875 -0.282958984375 0.60711669921875
0.000591754913330078 -0.00739669799804688 0.196807861328125 0.447662353515625
0.00201964378356934 0.00413346290588379 0.33489990234375 0.000823974609375
0.0135478973388672 0.00515365600585938 0.2161865234375 -0.274322509765625
-0.015284538269043 -0.00365924835205078 -0.1190185546875 0.27239990234375
0.00240707397460937 -0.0210609436035156 -0.272964477539063 0.037017822265625
0.00430488586425781 -0.0292739868164063 -0.25146484375 -0.356048583984375
0.0172996520996094 -0.00333786010742188 0.1280517578125 -0.62255859375
-0.0141773223876953 0.00541591644287109 0.732666015625 -0.235595703125
-0.0532455444335938 -0.0295066833496094 0.7347412109375 0.5692138671875
0.00122833251953125 -0.0201225280761719 0.126708984375 0.7254638671875
0.0345401763916016 -0.0185432434082031 0.00193786621093751 0.148880004882813
0.00706291198730469 -0.0218639373779297 0.09613037109375 -0.5955810546875
-0.00705337524414062 -0.0344314575195313 -0.52685546875 -0.79193115234375
-0.00372314453125 -0.0211238861083984 -0.86309814453125 0.0311279296874999
0.00100135803222656 -0.0179157257080078 -0.30853271484375 0.6004638671875
0.00441360473632813 -0.0232257843017578 0.1796875 0.46148681640625
-0.00406169891357422 -0.00413632392883301 0.329315185546875 0.0146484375
0.00794219970703125 0.00514745712280273 0.216018676757812 -0.270370483398437
-0.0221958160400391 -0.00321578979492187 -0.123016357421875 0.275497436523438
-0.00493621826171875 -0.0282230377197266 -0.278533935546875 0.0457305908203124
0.00196075439453125 -0.0421600341796875 -0.260772705078125 -0.345977783203125
0.0272045135498047 -0.0181026458740234 0.112548828125 -0.622314453125
0.00575160980224609 -0.000206947326660156 0.7259521484375 -0.251220703125
-0.0370330810546875 -0.0134849548339844 0.74627685546875 0.550537109375
-0.00206661224365234 0.00934219360351563 0.140625 0.71734619140625
0.00949954986572266 0.0101184844970703 0.00715637207031249 0.148590087890625
-0.00358963012695313 0.0088186264038086 0.11297607421875 -0.5982666015625
0.00548458099365234 -0.0142526626586914 -0.50469970703125 -0.8084716796875
0.0193634033203125 -0.0188694000244141 -0.8619384765625 0.00793457031249999
0.0140209197998047 -0.0322971343994141 -0.32598876953125 0.59326171875
0.00782012939453125 -0.0371627807617188 0.166534423828125 0.466217041015625
-0.00917339324951172 -0.0119762420654297 0.32196044921875 0.023345947265625
0.00103378295898438 0.00510740280151367 0.20965576171875 -0.270004272460938
-0.0281429290771484 -0.00346755981445312 -0.132278442382813 0.278228759765625
-0.0125370025634766 -0.0322055816650391 -0.284942626953125 0.049224853515625
-0.00139999389648437 -0.05120849609375 -0.262939453125 -0.3448486328125
0.0345878601074219 -0.0301933288574219 0.10992431640625 -0.621826171875
0.0226726531982422 -0.0036773681640625 0.7301025390625 -0.25042724609375
-0.0201091766357422 -0.00144195556640625 0.747314453125 0.54815673828125
-0.00421142578125 0.0355567932128906 0.1446533203125 0.70556640625
-0.0121994018554687 0.0374412536621094 0.0205612182617187 0.134933471679688
-0.0113754272460937 0.036529541015625 0.120361328125 -0.61199951171875
0.0185203552246094 0.00333595275878906 -0.502685546875 -0.8148193359375
0.0385017395019531 -0.0166206359863281 -0.85943603515625 0.00793457031250003
0.023651123046875 -0.0418434143066406 -0.322021484375 0.59136962890625
0.00926971435546875 -0.0460433959960937 0.1614990234375 0.464080810546875
-0.0150299072265625 -0.0181331634521484 0.314544677734375 0.023406982421875
-0.0044865608215332 0.00415706634521484 0.200637817382812 -0.270355224609375
-0.0327911376953125 -0.00373268127441406 -0.142593383789063 0.279495239257813
-0.0168838500976563 -0.0346736907958984 -0.293731689453125 0.0479431152343751
-0.00149917602539062 -0.0549163818359375 -0.26251220703125 -0.354888916015625
0.0405158996582031 -0.0337142944335938 0.1240234375 -0.62255859375
0.0341453552246094 -0.00405693054199219 0.73895263671875 -0.231689453125
-0.00723505020141602 0.00765800476074219 0.7353515625 0.56329345703125
-0.00398635864257813 0.0536537170410156 0.1392822265625 0.69097900390625
-0.0257644653320313 0.0576438903808594 0.0383834838867188 0.110282897949219
-0.0146636962890625 0.056732177734375 0.11798095703125 -0.63482666015625
0.029022216796875 0.0154590606689453 -0.5213623046875 -0.80938720703125
0.0513076782226563 -0.0143318176269531 -0.85235595703125 0.0310058593750001
0.0298385620117188 -0.04547119140625 -0.3067626953125 0.5938720703125
0.00909805297851563 -0.0495491027832031 0.1649169921875 0.45330810546875
-0.01898193359375 -0.0205001831054687 0.306915283203125 0.018280029296875
-0.00841522216796875 0.00415706634521484 0.185455322265625 -0.272064208984375
0.00100135803222656 -0.0087285041809082 -0.14410400390625 0.26214599609375
0.0218582153320312 0.00622940063476563 -0.277603149414063 -0.0219879150390625
-0.000104904174804691 0.0313301086425781 -0.1993408203125 -0.432281494140625
-0.0265159606933594 0.0560760498046875 0.25555419921875 -0.6121826171875
-0.0712051391601563 0.00971221923828124 0.78594970703125 -0.06890869140625
-0.0705413818359375 -0.08624267578125 0.60626220703125 0.726318359375
0.04327392578125 -0.0870590209960938 0.02337646484375 0.6783447265625
0.10418701171875 -0.0729522705078125 0.0475120544433594 0.0429840087890625
0.0298004150390625 -0.0872039794921875 0.000366210937499993 -0.66680908203125
-0.0398025512695313 -0.0753555297851563 -0.685302734375 -0.65948486328125
-0.0578575134277344 -0.00125122070312499 -0.8184814453125 0.2205810546875
-0.0256919860839844 0.0440635681152344 -0.1722412109375 0.62371826171875
-0.0047454833984375 0.0276412963867188 0.2559814453125 0.385345458984375
0.0133876800537109 0.0214176177978516 0.32977294921875 -0.04888916015625
0.0234756469726563 5.53131103515625E-05 0.1904296875 -0.287994384765625
-0.00194883346557617 -0.00625753402709961 -0.131317138671875 0.264068603515625
0.0212459564208984 7.2479248046875E-05 -0.273910522460938 -0.00718688964843754
0.00344085693359375 0.0205955505371094 -0.212432861328125 -0.411712646484375
-0.0174789428710938 0.0465087890625 0.2216796875 -0.6180419921875
-0.0664901733398438 0.0114402770996094 0.7747802734375 -0.11431884765625
-0.076141357421875 -0.0792694091796875 0.6434326171875 0.694091796875
0.0328903198242188 -0.0848007202148438 0.0472412109375 0.70361328125
0.0994949340820313 -0.074005126953125 0.0279159545898438 0.0779876708984375
0.0286865234375 -0.0853347778320313 0.0239868164062499 -0.64556884765625
-0.038818359375 -0.0754470825195313 -0.64923095703125 -0.69537353515625
-0.0568504333496094 -0.00788879394531249 -0.83624267578125 0.16973876953125
-0.0255031585693359 0.0327320098876953 -0.2100830078125 0.62200927734375
-0.00422286987304688 0.0202960968017578 0.24029541015625 0.40667724609375
0.0127716064453125 0.0179462432861328 0.334991455078125 -0.0340576171875
0.0212974548339844 0.0026397705078125 0.201385498046875 -0.2852783203125
-0.00358438491821289 -0.00575590133666992 -0.12457275390625 0.268096923828125
0.0171899795532227 -0.00607395172119141 -0.271636962890625 0.00918579101562499
0.00581979751586914 0.00474214553833008 -0.227569580078125 -0.39111328125
-0.006072998046875 0.0327987670898438 0.18450927734375 -0.62249755859375
-0.0533447265625 0.0121879577636719 0.7596435546875 -0.1640625
-0.0761947631835938 -0.0644149780273437 0.68133544921875 0.64996337890625
0.0213775634765625 -0.07147216796875 0.07318115234375 0.71649169921875
0.083740234375 -0.06439208984375 0.0128936767578125 0.111152648925781
0.0248565673828125 -0.0720596313476563 0.050048828125 -0.62298583984375
-0.0313377380371094 -0.0687179565429688 -0.6068115234375 -0.73480224609375
-0.044189453125 -0.0159873962402344 -0.851806640625 0.118896484375
-0.0205726623535156 0.0177669525146484 -0.2491455078125 0.61962890625
-0.00244522094726563 0.00786256790161133 0.2222900390625 0.430633544921875
0.00871562957763672 0.0132226943969727 0.33740234375 -0.016632080078125
0.0190925598144531 0.00403785705566406 0.212020874023438 -0.281158447265625
-0.0085611343383789 -0.0040278434753418 -0.119354248046875 0.271591186523438
0.0115423202514648 -0.013493537902832 -0.272918701171875 0.025390625
0.0062103271484375 -0.0119199752807617 -0.241729736328125 -0.3724365234375
0.0058135986328125 0.0146913528442383 0.15057373046875 -0.62860107421875
-0.0358009338378906 0.00899124145507813 0.74609375 -0.2069091796875
-0.0683860778808594 -0.0468788146972656 0.71771240234375 0.60821533203125
0.0101203918457031 -0.0483474731445313 0.1036376953125 0.7266845703125
0.0613670349121094 -0.0446968078613281 0.00410461425781249 0.135505676269531
0.0172042846679687 -0.0489273071289063 0.0754394531250001 -0.6070556640625
-0.0202217102050781 -0.0548210144042969 -0.566162109375 -0.76812744140625
-0.0265102386474609 -0.0206012725830078 -0.86322021484375 0.0700683593750001
-0.0112485885620117 -0.000926017761230471 -0.2857666015625 0.61273193359375
0.000984191894531251 -0.00725364685058594 0.199951171875 0.450653076171875
0.00295615196228027 0.0038909912109375 0.336456298828125 -6.10351562499997E-05
0.0141048431396484 0.00358867645263672 0.217147827148438 -0.277267456054688
-0.0131120681762695 -0.00386714935302734 -0.119537353515625 0.274810791015625
0.00354576110839844 -0.0213451385498047 -0.274856567382813 0.0378875732421875
0.00406455993652344 -0.0289859771728516 -0.2535400390625 -0.357666015625
0.0169572830200195 -0.00393486022949219 0.1256103515625 -0.626953125
-0.0150680541992188 0.00446319580078125 0.73529052734375 -0.24029541015625
-0.0542259216308594 -0.0291938781738281 0.7421875 0.572509765625
0.00228118896484375 -0.0204334259033203 0.127685546875 0.72882080078125
0.03515625 -0.0187873840332031 0.00192260742187502 0.149749755859375
0.00679588317871094 -0.0213108062744141 0.0962524414062501 -0.599609375
-0.00696945190429688 -0.0352363586425781 -0.53277587890625 -0.7972412109375
-0.0042724609375 -0.0211830139160156 -0.8697509765625 0.0323486328125001
0.00107574462890625 -0.0181427001953125 -0.3116455078125 0.60723876953125
0.00444412231445313 -0.0235176086425781 0.18109130859375 0.46636962890625
-0.00352239608764649 -0.00469636917114258 0.332763671875 0.013519287109375
0.00908184051513672 0.00481986999511719 0.217697143554688 -0.273849487304688
-0.0214424133300781 -0.00245094299316406 -0.122787475585938 0.2781982421875
-0.0049285888671875 -0.0277519226074219 -0.27984619140625 0.0477752685546876
0.0012969970703125 -0.0422821044921875 -0.262664794921875 -0.348114013671875
0.0268611907958984 -0.0198440551757812 0.11083984375 -0.62640380859375
0.00577640533447266 -0.000205516815185547 0.729248046875 -0.25439453125
-0.0377006530761719 -0.0132331848144531 0.75384521484375 0.55364990234375
-0.00247764587402344 0.00969219207763672 0.14447021484375 0.722900390625
0.00962638854980469 0.0103540420532227 0.00793457031249999 0.149688720703125
-0.00351715087890625 0.00925254821777344 0.11285400390625 -0.6007080078125
0.005401611328125 -0.0147886276245117 -0.509033203125 -0.814453125
0.01849365234375 -0.0200481414794922 -0.8697509765625 0.00982666015625007
0.013946533203125 -0.0330829620361328 -0.3262939453125 0.59857177734375
0.00837707519531251 -0.0365333557128906 0.167236328125 0.469512939453125
-0.0093526840209961 -0.0127344131469727 0.325408935546875 0.0225830078125
0.00171089172363281 0.0046844482421875 0.21136474609375 -0.272354125976563
-0.028045654296875 -0.00315284729003906 -0.1324462890625 0.280853271484375
-0.0122947692871094 -0.0320224761962891 -0.287078857421875 0.0504150390625
-0.00114059448242188 -0.0520401000976563 -0.266845703125 -0.34814453125
0.0352745056152344 -0.0306129455566406 0.10943603515625 -0.62469482421875
0.0219402313232422 -0.00374603271484375 0.73321533203125 -0.25299072265625
-0.0207710266113281 -0.00077247619628906 0.7537841796875 0.5521240234375
-0.00397491455078125 0.0356559753417969 0.1474609375 0.70941162109375
-0.0122184753417969 0.0369644165039063 0.0205230712890625 0.135887145996094
-0.0111885070800781 0.0370597839355469 0.12109375 -0.6153564453125
0.0183391571044922 0.00384330749511719 -0.50677490234375 -0.82061767578125
0.0385017395019531 -0.0172615051269531 -0.8648681640625 0.00976562499999997
0.0241966247558594 -0.0419807434082031 -0.32513427734375 0.5980224609375
0.0098876953125 -0.0458564758300781 0.160614013671875 0.46722412109375
-0.0145606994628906 -0.017791748046875 0.31732177734375 0.02337646484375
-0.00371146202087402 0.00415492057800293 0.20166015625 -0.272369384765625
-0.0313796997070313 -0.004180908203125 -0.143280029296875 0.281768798828125
-0.0173206329345703 -0.0339164733886719 -0.295928955078125 0.048980712890625
-0.00225067138671875 -0.0550346374511719 -0.26544189453125 -0.356292724609375
0.0406379699707031 -0.0340232849121094 0.1231689453125 -0.62744140625
0.0344200134277344 -0.00429725646972656 0.74371337890625 -0.23388671875
-0.00739431381225586 0.00812673568725586 0.743896484375 0.5634765625
-0.00364303588867188 0.0548782348632813 0.14215087890625 0.69403076171875
-0.0260124206542969 0.057373046875 0.0382614135742188 0.111198425292969
-0.0142936706542969 0.0567588806152344 0.1177978515625 -0.63775634765625
0.0294837951660156 0.0158786773681641 -0.52459716796875 -0.8138427734375
0.0521278381347656 -0.0145683288574219 -0.859130859375 0.0321044921874998
0.0298881530761719 -0.0459480285644531 -0.30914306640625 0.6007080078125
0.0084228515625 -0.0497207641601563 0.1663818359375 0.458038330078125
-0.0182991027832031 -0.0204410552978516 0.3104248046875 0.017730712890625
-0.00838565826416016 0.00453901290893555 0.187149047851563 -0.274749755859375
0.00129795074462891 -0.00772428512573242 -0.144393920898438 0.264739990234375
0.0222930908203125 0.00621223449707031 -0.279617309570313 -0.0203857421875
0.000453948974609378 0.0311965942382813 -0.20233154296875 -0.435394287109375
-0.0260505676269531 0.0563850402832031 0.2548828125 -0.6181640625
-0.0723037719726562 0.0105133056640625 0.79052734375 -0.071533203125
-0.071075439453125 -0.0865631103515625 0.6124267578125 0.73004150390625
0.0432510375976562 -0.088165283203125 0.0259399414062501 0.68157958984375
0.105140686035156 -0.07391357421875 0.04730224609375 0.0430946350097656
0.0307083129882812 -0.088043212890625 -0.00201416015625 -0.67138671875
-0.0403060913085937 -0.0757217407226563 -0.69390869140625 -0.661376953125
-0.0580101013183594 -0.00167846679687501 -0.82476806640625 0.2255859375
-0.0262069702148438 0.0443763732910156 -0.171875 0.631103515625
-0.00449752807617188 0.0287342071533203 0.26025390625 0.386566162109375
0.0146293640136719 0.0224876403808594 0.3321533203125 -0.04962158203125
0.0236587524414063 0.0003814697265625 0.1907958984375 -0.290924072265625
-0.000593185424804688 -0.00497770309448242 -0.131439208984375 0.266815185546875
0.0221309661865234 0.000631332397460938 -0.275039672851563 -0.00540161132812501
0.0032958984375 0.0213737487792969 -0.215545654296875 -0.41436767578125
-0.0170555114746094 0.0468177795410156 0.22161865234375 -0.623046875
-0.0671043395996094 0.0116424560546875 0.77862548828125 -0.116455078125
-0.077301025390625 -0.078857421875 0.65142822265625 0.695556640625
0.03375244140625 -0.0859832763671875 0.04815673828125 0.70623779296875
0.099884033203125 -0.075164794921875 0.0280075073242188 0.078399658203125
0.0288848876953125 -0.0860824584960938 0.02301025390625 -0.64990234375
-0.0388107299804688 -0.0753402709960938 -0.65985107421875 -0.69903564453125
-0.0562171936035156 -0.00830078125000001 -0.842529296875 0.17730712890625
-0.0251693725585938 0.0337390899658203 -0.20977783203125 0.6287841796875
-0.00398063659667969 0.0213584899902344 0.24432373046875 0.409515380859375
0.0122585296630859 0.0178546905517578 0.3382568359375 -0.03564453125
0.0225563049316406 0.00213050842285156 0.20172119140625 -0.288177490234375
-0.00285673141479492 -0.00515556335449219 -0.123138427734375 0.27032470703125
0.0185585021972656 -0.00592422485351563 -0.2730712890625 0.010406494140625
0.00542116165161133 0.00515174865722656 -0.231475830078125 -0.3934326171875
-0.00658798217773438 0.0322704315185547 0.1832275390625 -0.62823486328125
-0.0537147521972656 0.0117759704589844 0.76531982421875 -0.1671142578125
-0.0769729614257813 -0.0643997192382812 0.69158935546875 0.65167236328125
0.021209716796875 -0.0725555419921875 0.0768432617187501 0.71990966796875
0.0844192504882813 -0.06622314453125 0.0130233764648438 0.111984252929688
0.0246810913085938 -0.0724258422851563 0.04779052734375 -0.62701416015625
-0.0319137573242188 -0.0688934326171875 -0.614013671875 -0.73895263671875
-0.0453605651855469 -0.0159835815429688 -0.859375 0.125
-0.0208320617675781 0.0177993774414063 -0.24774169921875 0.62689208984375
-0.0020294189453125 0.00818490982055664 0.225311279296875 0.4324951171875
0.00872230529785156 0.0129270553588867 0.340728759765625 -0.01849365234375
0.0196380615234375 0.00364303588867187 0.212310791015625 -0.284942626953125
-0.00773859024047851 -0.00421380996704101 -0.11859130859375 0.273757934570312
0.0118751525878906 -0.0133142471313477 -0.273529052734375 0.0266876220703125
0.005950927734375 -0.0117044448852539 -0.2457275390625 -0.37469482421875
0.00652408599853516 0.0141658782958984 0.150634765625 -0.63238525390625
-0.0355415344238281 0.00892257690429688 0.75128173828125 -0.21185302734375
-0.0701332092285156 -0.0457916259765625 0.72454833984375 0.61065673828125
0.00997161865234375 -0.0480537414550781 0.1063232421875 0.72979736328125
0.0614738464355469 -0.0452423095703125 0.00446319580078126 0.136146545410156
0.017822265625 -0.0502967834472656 0.074462890625 -0.60980224609375
-0.0206565856933594 -0.0545196533203125 -0.57135009765625 -0.771240234375
-0.0270366668701172 -0.0214252471923828 -0.871826171875 0.0740966796874999
-0.0118255615234375 -0.000993728637695313 -0.28564453125 0.6199951171875
0.00113916397094727 -0.00709676742553711 0.204193115234375 0.45416259765625
0.00373554229736328 0.0046844482421875 0.339080810546875 -0.001068115234375
0.0136566162109375 0.004364013671875 0.21722412109375 -0.279739379882813
-0.0137739181518555 -0.00278186798095703 -0.119354248046875 0.276657104492188
0.00353622436523437 -0.0206661224365234 -0.276458740234375 0.0396270751953126
0.00389671325683594 -0.0285663604736328 -0.258819580078125 -0.359710693359375
0.0176906585693359 -0.0040283203125 0.1248779296875 -0.63153076171875
-0.0149946212768555 0.00469970703125 0.74041748046875 -0.2451171875
-0.0555419921875 -0.0287399291992187 0.74871826171875 0.57403564453125
0.00182151794433594 -0.01983642578125 0.132080078125 0.73223876953125
0.0353965759277344 -0.0193595886230469 0.00256347656250001 0.149749755859375
0.00724983215332031 -0.0206317901611328 0.09503173828125 -0.603515625
-0.00747299194335938 -0.0359306335449219 -0.5372314453125 -0.80023193359375
-0.00415229797363281 -0.0222969055175781 -0.87640380859375 0.0352783203124998
8.58306884765634E-05 -0.0187664031982422 -0.3133544921875 0.61419677734375
0.00487327575683594 -0.0236568450927734 0.184173583984375 0.46820068359375
-0.00342345237731934 -0.00360727310180664 0.334503173828125 0.013031005859375
0.00937747955322266 0.00432109832763672 0.218643188476562 -0.276947021484375
-0.0207195281982422 -0.00222587585449219 -0.122039794921875 0.279525756835938
-0.00465202331542969 -0.0275306701660156 -0.281951904296875 0.048614501953125
0.000690460205078121 -0.0427970886230469 -0.265838623046875 -0.3504638671875
0.0276546478271484 -0.0195045471191406 0.10870361328125 -0.6322021484375
0.00505399703979492 0.000235557556152344 0.733154296875 -0.25872802734375
-0.0379142761230469 -0.012847900390625 0.7623291015625 0.5546875
-0.00254440307617187 0.0107631683349609 0.14617919921875 0.7249755859375
0.00943374633789063 0.009613037109375 0.00848388671875 0.149551391601563
-0.00308799743652344 0.00954437255859375 0.1141357421875 -0.606201171875
0.00625324249267578 -0.0139846801757813 -0.51629638671875 -0.819580078125
0.0188674926757812 -0.0216827392578125 -0.8775634765625 0.0146484375000002
0.0135116577148438 -0.0334587097167969 -0.3265380859375 0.60723876953125
0.00812530517578125 -0.0363273620605469 0.170684814453125 0.473419189453125
-0.00928783416748047 -0.0119085311889648 0.327362060546875 0.02154541015625
0.00153136253356934 0.00436758995056152 0.211105346679688 -0.275344848632813
-0.0266494750976563 -0.00234603881835937 -0.131622314453125 0.28271484375
-0.0118236541748047 -0.0311717987060547 -0.2889404296875 0.051666259765625
-0.001373291015625 -0.0521202087402344 -0.27020263671875 -0.349609375
0.0349960327148438 -0.0317211151123047 0.10980224609375 -0.62933349609375
0.0220737457275391 -0.00360298156738281 0.73651123046875 -0.25701904296875
-0.0219841003417969 -7.24792480468736E-05 0.76153564453125 0.55169677734375
-0.00353240966796875 0.0352745056152344 0.1502685546875 0.7125244140625
-0.0121002197265625 0.036651611328125 0.020599365234375 0.135940551757813
-0.0108757019042969 0.0373725891113281 0.11907958984375 -0.61956787109375
0.0192718505859375 0.00358200073242188 -0.5150146484375 -0.8232421875
0.038818359375 -0.0181999206542969 -0.87274169921875 0.013916015625
0.0237083435058594 -0.04266357421875 -0.32562255859375 0.60546875
0.00962066650390625 -0.0463218688964844 0.16583251953125 0.47076416015625
-0.0148468017578125 -0.0179119110107422 0.3194580078125 0.022369384765625
-0.00346517562866211 0.0046076774597168 0.201644897460938 -0.275405883789063
-0.0313739776611328 -0.00267028808593749 -0.143310546875 0.283599853515625
-0.0170440673828125 -0.0341548919677734 -0.297454833984375 0.04974365234375
-0.00221633911132812 -0.0555381774902344 -0.269561767578125 -0.358062744140625
0.0410881042480469 -0.0348167419433594 0.12176513671875 -0.63165283203125
0.0340995788574219 -0.00373649597167969 0.74761962890625 -0.23828125
-0.00821781158447266 0.00835990905761719 0.74993896484375 0.56634521484375
-0.00338745117187501 0.0546875 0.14471435546875 0.69659423828125
-0.0261878967285156 0.0576972961425781 0.038177490234375 0.111747741699219
-0.0144615173339844 0.0574798583984375 0.1168212890625 -0.6417236328125
0.0293331146240234 0.0152587890625 -0.5338134765625 -0.81829833984375
0.0524482727050781 -0.0158653259277344 -0.8673095703125 0.0364379882812502
0.0296401977539063 -0.0472412109375 -0.30950927734375 0.60626220703125
0.00907516479492188 -0.0490264892578125 0.169281005859375 0.459503173828125
-0.0184459686279297 -0.0205516815185547 0.31243896484375 0.0167236328125
-0.00807809829711914 0.00351667404174805 0.186874389648437 -0.277496337890625
0.00181484222412109 -0.00769853591918945 -0.143814086914063 0.267715454101563
0.0230197906494141 0.00614738464355469 -0.28228759765625 -0.018768310546875
0.00095367431640625 0.0322761535644531 -0.207061767578125 -0.43695068359375
-0.0258140563964844 0.0561943054199219 0.2528076171875 -0.62384033203125
-0.0724334716796875 0.0110244750976562 0.79541015625 -0.0745849609375
-0.0723037719726562 -0.086334228515625 0.62249755859375 0.7327880859375
0.0436782836914063 -0.0880813598632813 0.02630615234375 0.68572998046875
0.105308532714844 -0.0758819580078125 0.0476303100585938 0.0427055358886719
0.0308456420898438 -0.0886459350585938 -0.00378417968749996 -0.676025390625
-0.0411605834960938 -0.0758285522460938 -0.70355224609375 -0.6619873046875
-0.058837890625 -0.00154113769531249 -0.83038330078125 0.232666015625
-0.02606201171875 0.0440177917480469 -0.17059326171875 0.6380615234375
-0.00435256958007813 0.0290145874023438 0.26470947265625 0.3892822265625
0.014617919921875 0.0231533050537109 0.334686279296875 -0.052581787109375
0.0243167877197266 -0.0009765625 0.191162109375 -0.29486083984375
0.000136613845825196 -0.00427627563476563 -0.130050659179688 0.26934814453125
0.0233268737792969 0.00116729736328125 -0.277664184570313 -0.00401306152343752
0.0033111572265625 0.0215129852294922 -0.21917724609375 -0.416656494140625
-0.0172653198242188 0.0468673706054687 0.2191162109375 -0.62744140625
-0.067962646484375 0.0117301940917969 0.7843017578125 -0.12152099609375
-0.0787429809570312 -0.0787353515625 0.6605224609375 0.69830322265625
0.0346450805664063 -0.0862655639648438 0.0517578125000001 0.709716796875
0.0999984741210938 -0.0769119262695313 0.0291519165039063 0.0784835815429688
0.0300674438476562 -0.0866546630859375 0.018798828125 -0.654052734375
-0.039794921875 -0.0762557983398437 -0.66632080078125 -0.70025634765625
-0.0572586059570313 -0.00923919677734375 -0.84979248046875 0.1806640625
-0.0255451202392578 0.0333728790283203 -0.2093505859375 0.63702392578125
-0.00354194641113281 0.0215377807617188 0.248077392578125 0.410491943359375
0.0123291015625 0.0181007385253906 0.339141845703125 -0.03778076171875
0.0228900909423828 0.00168800354003906 0.201202392578125 -0.292236328125
-0.00263047218322754 -0.00437736511230469 -0.12261962890625 0.27313232421875
0.0189895629882813 -0.0049896240234375 -0.27606201171875 0.0120849609375
0.00561714172363281 0.00593471527099609 -0.234466552734375 -0.39569091796875
-0.00618171691894532 0.0329093933105469 0.1795654296875 -0.63104248046875
-0.0548782348632813 0.0117835998535156 0.76910400390625 -0.17266845703125
-0.078216552734375 -0.063568115234375 0.69927978515625 0.65478515625
0.0209808349609375 -0.0723342895507813 0.0799560546875001 0.72430419921875
0.0839691162109375 -0.06683349609375 0.012939453125 0.112434387207031
0.025360107421875 -0.0725173950195313 0.0460205078125 -0.63055419921875
-0.0318946838378906 -0.0692787170410156 -0.62213134765625 -0.73797607421875
-0.0459442138671875 -0.01715087890625 -0.86688232421875 0.13067626953125
-0.0216655731201172 0.0169906616210938 -0.24737548828125 0.63482666015625
-0.00180244445800781 0.00893306732177734 0.22967529296875 0.43597412109375
0.00931739807128906 0.0130319595336914 0.343231201171875 -0.02032470703125
0.0195236206054687 0.00217056274414062 0.213226318359375 -0.287994384765625
-0.00655031204223633 -0.00367593765258789 -0.117782592773438 0.275726318359375
0.0125751495361328 -0.0131072998046875 -0.276123046875 0.0279998779296875
0.00585651397705078 -0.0119552612304688 -0.25 -0.376495361328125
0.00604915618896484 0.0147695541381836 0.14862060546875 -0.63623046875
-0.0357513427734375 0.00933837890624999 0.75518798828125 -0.21636962890625
-0.07037353515625 -0.0453643798828125 0.7337646484375 0.61004638671875
0.0104331970214844 -0.0488319396972656 0.11004638671875 0.73321533203125
0.0615501403808594 -0.0469551086425781 0.00449371337890626 0.136940002441406
0.0179443359375 -0.0501670837402344 0.072998046875 -0.615478515625
-0.0205764770507812 -0.0554237365722656 -0.580078125 -0.7740478515625
-0.0272216796875 -0.0219898223876953 -0.87994384765625 0.0803222656249999
-0.011805534362793 -0.00132465362548828 -0.28375244140625 0.626953125
0.00089406967163086 -0.00722503662109375 0.2073974609375 0.456634521484375
0.00340843200683594 0.00455284118652344 0.3424072265625 -0.00311279296875
0.0151462554931641 0.00323581695556641 0.217254638671875 -0.284912109375
-0.0131807327270508 -0.00231742858886718 -0.117874145507813 0.278717041015625
0.00416946411132812 -0.0203857421875 -0.27911376953125 0.0408477783203125
0.00347518920898437 -0.0288295745849609 -0.262542724609375 -0.360076904296875
0.0178050994873047 -0.00427055358886719 0.1204833984375 -0.63592529296875
-0.0154523849487305 0.00539302825927735 0.744384765625 -0.24945068359375
-0.0556411743164062 -0.0273704528808594 0.75830078125 0.5751953125
0.00246429443359375 -0.0200023651123047 0.13543701171875 0.73455810546875
0.0354080200195313 -0.0200080871582031 0.0029144287109375 0.15087890625
0.00798225402832031 -0.0206413269042969 0.09375 -0.6068115234375
-0.00799179077148438 -0.035430908203125 -0.548095703125 -0.8031005859375
-0.00429153442382812 -0.0230388641357422 -0.88348388671875 0.0414428710937499
0.000108718872070313 -0.0195083618164063 -0.3123779296875 0.62200927734375
0.00439453125 -0.0232925415039063 0.187591552734375 0.471588134765625
-0.00293445587158203 -0.00321340560913086 0.337493896484375 0.01104736328125
0.00925922393798828 0.00260066986083984 0.2183837890625 -0.280776977539063
-0.0202503204345703 -0.00137519836425781 -0.12164306640625 0.282196044921875
-0.00430107116699219 -0.0266189575195312 -0.283172607421875 0.050689697265625
0.000709533691406246 -0.042816162109375 -0.271392822265625 -0.35052490234375
0.027313232421875 -0.0212669372558594 0.1058349609375 -0.6368408203125
0.00538539886474609 -0.000237941741943359 0.7373046875 -0.26446533203125
-0.0386619567871094 -0.0115699768066406 0.7694091796875 0.5555419921875
-0.001708984375 0.0106887817382813 0.15106201171875 0.727783203125
0.00928592681884766 0.00957870483398438 0.009918212890625 0.150283813476563
-0.00259780883789063 0.0103425979614258 0.11163330078125 -0.60955810546875
0.00603008270263672 -0.0153942108154297 -0.52581787109375 -0.82183837890625
0.0186614990234375 -0.0223217010498047 -0.885498046875 0.0201416015625001
0.0132904052734375 -0.0345134735107422 -0.3262939453125 0.6131591796875
0.00761032104492188 -0.0365867614746094 0.17474365234375 0.477264404296875
-0.00945854187011719 -0.0126104354858398 0.3297119140625 0.019073486328125
0.00307059288024902 0.0034325122833252 0.211883544921875 -0.279022216796875
-0.0253143310546875 -0.00161361694335938 -0.130218505859375 0.2843017578125
-0.0120410919189453 -0.0307064056396484 -0.290802001953125 0.053375244140625
-0.00220108032226562 -0.0522003173828125 -0.275054931640625 -0.34881591796875
0.0358734130859375 -0.0319480895996094 0.105712890625 -0.63421630859375
0.0223236083984375 -0.00385475158691406 0.74066162109375 -0.26263427734375
-0.0223274230957031 0.000469207763671873 0.7691650390625 0.55169677734375
-0.00378799438476562 0.036102294921875 0.1561279296875 0.71533203125
-0.0116615295410156 0.0362815856933594 0.0218658447265625 0.136863708496094
-0.0109443664550781 0.0377731323242188 0.11846923828125 -0.62408447265625
0.0185546875 0.00409698486328125 -0.52362060546875 -0.82684326171875
0.0393829345703125 -0.0195274353027344 -0.8817138671875 0.0187988281250001
0.0232658386230469 -0.0435943603515625 -0.32659912109375 0.61248779296875
0.00893783569335938 -0.0465316772460938 0.169464111328125 0.474578857421875
-0.0137748718261719 -0.0176372528076172 0.321807861328125 0.01995849609375
-0.00268411636352539 0.00306844711303711 0.201416015625 -0.27911376953125
-0.0303401947021484 -0.00246620178222656 -0.14111328125 0.28680419921875
-0.0172328948974609 -0.0342674255371094 -0.299285888671875 0.0519409179687501
-0.00362777709960937 -0.0556793212890625 -0.275360107421875 -0.35955810546875
0.0407066345214844 -0.0356483459472656 0.11846923828125 -0.63653564453125
0.0339717864990234 -0.00409889221191406 0.7515869140625 -0.2435302734375
-0.00909614562988281 0.0096578598022461 0.75787353515625 0.56683349609375
-0.00240325927734375 0.0553512573242187 0.14874267578125 0.699462890625
-0.0264015197753906 0.0575408935546875 0.039703369140625 0.111297607421875
-0.0136489868164063 0.0578498840332031 0.1148681640625 -0.64849853515625
0.0298709869384766 0.0155410766601563 -0.5406494140625 -0.82220458984375
0.0519561767578125 -0.01708984375 -0.875244140625 0.0415649414062502
0.0282211303710937 -0.0479583740234375 -0.309326171875 0.61474609375
0.00853729248046875 -0.0505561828613281 0.17340087890625 0.463409423828125
-0.0192718505859375 -0.0202541351318359 0.31463623046875 0.01519775390625
-0.0075984001159668 0.00379514694213867 0.1871337890625 -0.281646728515625
0.00307893753051758 -0.00713443756103516 -0.143447875976563 0.270645141601562
0.0238189697265625 0.00652885437011719 -0.284515380859375 -0.017669677734375
0.000207901000976564 0.0326480865478516 -0.21282958984375 -0.43853759765625
-0.0256614685058594 0.0569267272949219 0.24969482421875 -0.63037109375
-0.0730514526367188 0.0108261108398437 0.8011474609375 -0.080078125
-0.0738296508789063 -0.085723876953125 0.63385009765625 0.7327880859375
0.0439376831054688 -0.0887374877929688 0.0324707031249999 0.68975830078125
0.105949401855469 -0.0771026611328125 0.0473976135253906 0.0424461364746094
0.0308303833007813 -0.0891647338867187 -0.00952148437500004 -0.68084716796875
-0.0416030883789062 -0.0763473510742188 -0.71331787109375 -0.66326904296875
-0.0599174499511719 -0.00152587890625001 -0.83551025390625 0.23968505859375
-0.025299072265625 0.0450592041015625 -0.16815185546875 0.64569091796875
-0.00438499450683594 0.0300559997558594 0.267852783203125 0.39044189453125
0.0153846740722656 0.0228347778320313 0.336761474609375 -0.055328369140625
0.0250358581542969 -0.00144577026367188 0.189910888671875 -0.298980712890625
0.0010991096496582 -0.00455713272094727 -0.128997802734375 0.271713256835938
0.0229358673095703 0.000818252563476563 -0.280014038085938 -0.00270080566406246
0.00386428833007813 0.0215682983398438 -0.224700927734375 -0.41827392578125
-0.0168838500976562 0.0463676452636719 0.21575927734375 -0.633544921875
-0.0685234069824219 0.012969970703125 0.78887939453125 -0.12744140625
-0.0804672241210937 -0.078521728515625 0.6715087890625 0.69818115234375
0.0345458984375 -0.0869598388671875 0.0559082031249999 0.71234130859375
0.0999221801757812 -0.0774459838867187 0.0288619995117188 0.0790176391601563
0.0292434692382813 -0.086944580078125 0.0153808593749999 -0.658447265625
-0.0402374267578125 -0.076751708984375 -0.6759033203125 -0.70135498046875
-0.0576248168945313 -0.00928878784179687 -0.85577392578125 0.1907958984375
-0.0254459381103516 0.0333480834960938 -0.2056884765625 0.64495849609375
-0.00384330749511719 0.0216293334960938 0.2532958984375 0.413055419921875
0.0136661529541016 0.0188846588134766 0.3421630859375 -0.04052734375
0.0237903594970703 0.00102615356445313 0.199005126953125 -0.29638671875
-0.00175094604492187 -0.00314950942993164 -0.121490478515625 0.276092529296875
0.0201816558837891 -0.00536727905273437 -0.277130126953125 0.01373291015625
0.00572824478149414 0.00527095794677734 -0.2406005859375 -0.39715576171875
-0.00568199157714844 0.0325145721435547 0.17828369140625 -0.6385498046875
-0.0552330017089844 0.012725830078125 0.773681640625 -0.17901611328125
-0.0797805786132813 -0.0633316040039063 0.70806884765625 0.6552734375
0.0215301513671875 -0.072845458984375 0.0867919921874999 0.727783203125
0.0848388671875 -0.0679473876953125 0.0145111083984375 0.111984252929687
0.025421142578125 -0.0735855102539063 0.042724609375 -0.635498046875
-0.0329399108886719 -0.0702018737792969 -0.633544921875 -0.7401123046875
-0.0474472045898437 -0.017608642578125 -0.87347412109375 0.137939453125
-0.0224552154541016 0.0174198150634766 -0.24749755859375 0.64117431640625
-0.00118875503540039 0.00858592987060547 0.233123779296875 0.4376220703125
0.0103673934936523 0.0128498077392578 0.345458984375 -0.022918701171875
0.0207557678222656 0.00229835510253906 0.21185302734375 -0.292510986328125
-0.00581502914428711 -0.00291204452514648 -0.115768432617188 0.27923583984375
0.0132169723510742 -0.012537956237793 -0.277969360351563 0.03045654296875
0.00534248352050781 -0.0117683410644531 -0.255126953125 -0.37677001953125
0.0063629150390625 0.0142803192138672 0.1446533203125 -0.64239501953125
-0.0363311767578125 0.0107460021972656 0.759033203125 -0.22174072265625
-0.0712127685546875 -0.0448226928710938 0.7440185546875 0.61138916015625
0.010345458984375 -0.0485916137695312 0.1163330078125 0.73553466796875
0.0617828369140625 -0.0474281311035156 0.00555419921875001 0.138519287109375
0.0175514221191406 -0.050201416015625 0.0687255859375 -0.618896484375
-0.0213241577148438 -0.0556869506835938 -0.58984375 -0.7760009765625
-0.0274696350097656 -0.0228557586669922 -0.88714599609375 0.0866699218749999
-0.0124168395996094 -0.00156497955322266 -0.2823486328125 0.63592529296875
0.000471115112304688 -0.00696372985839844 0.2113037109375 0.45904541015625
0.0033111572265625 0.00556421279907227 0.34503173828125 -0.006683349609375
0.0156707763671875 0.00298690795898437 0.2178955078125 -0.287994384765625
-0.0119485855102539 -0.00186443328857422 -0.11627197265625 0.282470703125
0.00427818298339844 -0.0202999114990234 -0.280410766601563 0.04345703125
0.00342559814453125 -0.0292491912841797 -0.267242431640625 -0.360626220703125
0.0176315307617188 -0.00472831726074219 0.1165771484375 -0.63995361328125
-0.0158071517944336 0.00532722473144531 0.74822998046875 -0.255615234375
-0.0573577880859375 -0.0269050598144531 0.7679443359375 0.57293701171875
0.00244331359863281 -0.0204257965087891 0.140869140625 0.73822021484375
0.0356826782226563 -0.0207023620605469 0.00390624999999999 0.151626586914062
0.00809478759765625 -0.0207576751708984 0.09210205078125 -0.61175537109375
-0.0081634521484375 -0.0369071960449219 -0.55889892578125 -0.80572509765625
-0.00434494018554688 -0.0250339508056641 -0.8916015625 0.0482177734375
-0.000257492065429689 -0.01971435546875 -0.31060791015625 0.63232421875
0.00445365905761719 -0.0229949951171875 0.1923828125 0.4744873046875
-0.0028071403503418 -0.00334787368774414 0.34039306640625 0.009033203125
0.0107269287109375 0.00333213806152344 0.21783447265625 -0.284942626953125
-0.0187549591064453 -0.00152587890625 -0.11944580078125 0.285186767578125
-0.00422096252441406 -0.0269432067871094 -0.28497314453125 0.05316162109375
0.000743865966796875 -0.0433120727539063 -0.276519775390625 -0.3521728515625
0.0276851654052734 -0.0222949981689453 0.10235595703125 -0.6405029296875
0.00478935241699219 -2.57492065429688E-05 0.74017333984375 -0.27032470703125
-0.0399971008300781 -0.0108489990234375 0.77899169921875 0.55389404296875
-0.000798225402832032 0.0107507705688477 0.1571044921875 0.73089599609375
0.00930023193359375 0.00868034362792969 0.00991821289062498 0.151077270507813
-0.00249099731445312 0.0101404190063477 0.109130859375 -0.61468505859375
0.00605583190917969 -0.0156183242797852 -0.5341796875 -0.82574462890625
0.0189380645751953 -0.0236186981201172 -0.89166259765625 0.0264892578124999
0.0126419067382813 -0.0350837707519531 -0.32684326171875 0.62353515625
0.00762557983398437 -0.0370368957519531 0.17864990234375 0.479949951171875
-0.0088949203491211 -0.0113735198974609 0.332122802734375 0.0169677734375
0.00241637229919434 0.00296640396118164 0.21087646484375 -0.28277587890625
-0.0251312255859375 -0.000923156738281253 -0.12921142578125 0.287353515625
-0.0119152069091797 -0.0303859710693359 -0.29290771484375 0.0565490722656249
-0.0030364990234375 -0.0528373718261719 -0.27996826171875 -0.352203369140625
0.0351905822753906 -0.0334281921386719 0.10137939453125 -0.6395263671875
0.0218524932861328 -0.00448799133300781 0.74261474609375 -0.270263671875
-0.0229244232177734 0.00197982788085938 0.78021240234375 0.54998779296875
-0.00286483764648438 0.0364532470703125 0.16058349609375 0.71783447265625
-0.01165771484375 0.0361518859863281 0.0230712890625 0.137580871582031
-0.0106620788574219 0.0377998352050781 0.1142578125 -0.62939453125
0.01959228515625 0.003204345703125 -0.5321044921875 -0.83062744140625
0.0396308898925781 -0.020843505859375 -0.88824462890625 0.0242919921875
0.0227775573730469 -0.0440025329589844 -0.32427978515625 0.62042236328125
0.00863265991210938 -0.046051025390625 0.172943115234375 0.477081298828125
-0.013575553894043 -0.0172910690307617 0.324615478515625 0.019012451171875
-0.00272560119628906 0.00355887413024902 0.201934814453125 -0.282012939453125
-0.0303249359130859 -0.00151824951171875 -0.140899658203125 0.2890625
-0.0172367095947266 -0.0326900482177734 -0.301055908203125 0.053863525390625
-0.00462722778320312 -0.0565185546875 -0.27899169921875 -0.360107421875
0.041107177734375 -0.0372276306152344 0.1146240234375 -0.64202880859375
0.0342178344726563 -0.00397872924804688 0.7550048828125 -0.25140380859375
-0.00864601135253906 0.0102291107177734 0.76885986328125 0.56634521484375
-0.00135040283203125 0.0561370849609375 0.15399169921875 0.70208740234375
-0.0257301330566406 0.0580940246582031 0.0403823852539063 0.111251831054688
-0.0129356384277344 0.0593490600585938 0.11309814453125 -0.65386962890625
0.0301380157470703 0.0151748657226563 -0.55023193359375 -0.82476806640625
0.051910400390625 -0.0187492370605469 -0.88116455078125 0.0497436523437501
0.028289794921875 -0.0487899780273438 -0.3077392578125 0.62298583984375
0.00713729858398437 -0.0499687194824219 0.175537109375 0.466278076171875
-0.0182628631591797 -0.0198249816894531 0.316558837890625 0.012298583984375
-0.00695705413818359 0.00297784805297851 0.18701171875 -0.285125732421875
0.00393152236938477 -0.00639581680297851 -0.140411376953125 0.273544311523438
0.0247287750244141 0.00684165954589844 -0.2882080078125 -0.0152587890625001
0.000707626342773436 0.0329246520996094 -0.217864990234375 -0.440643310546875
-0.0245933532714844 0.0567550659179688 0.24676513671875 -0.63568115234375
-0.0744094848632813 0.0119094848632812 0.806884765625 -0.08740234375
-0.07501220703125 -0.0851898193359375 0.64404296875 0.73297119140625
0.044036865234375 -0.0894775390625 0.0379028320312499 0.69134521484375
0.105949401855469 -0.0786590576171875 0.0477256774902344 0.0419578552246094
0.0306243896484375 -0.0893936157226563 -0.0153198242187501 -0.68609619140625
-0.0426406860351563 -0.0771942138671875 -0.725341796875 -0.66192626953125
-0.0609931945800781 -0.00115203857421874 -0.8406982421875 0.24957275390625
-0.0266532897949219 0.0455398559570313 -0.1639404296875 0.6544189453125
-0.00380516052246094 0.0301227569580078 0.2725830078125 0.3905029296875
0.016143798828125 0.0226764678955078 0.33831787109375 -0.058929443359375
0.0247802734375 -0.00203514099121094 0.1888427734375 -0.30316162109375
0.0023651123046875 -0.00423359870910645 -0.126358032226562 0.274673461914063
0.0240879058837891 0.00131416320800781 -0.28167724609375 0.00125122070312506
0.0042877197265625 0.0218505859375 -0.230987548828125 -0.4190673828125
-0.0167083740234375 0.0471420288085937 0.21026611328125 -0.6400146484375
-0.0693588256835938 0.0133132934570313 0.79400634765625 -0.134521484375
-0.0814285278320312 -0.0768051147460938 0.6826171875 0.6976318359375
0.03369140625 -0.087646484375 0.0617065429687501 0.71600341796875
0.100563049316406 -0.0797042846679688 0.02923583984375 0.0787429809570313
0.0299224853515625 -0.0878829956054688 0.010009765625 -0.6632080078125
-0.0413589477539063 -0.0766754150390625 -0.68572998046875 -0.70013427734375
-0.0589828491210937 -0.00929260253906249 -0.8616943359375 0.200927734375
-0.0264816284179687 0.0343704223632813 -0.20220947265625 0.6529541015625
-0.00286102294921875 0.0226421356201172 0.25787353515625 0.41387939453125
0.0146846771240234 0.0188789367675781 0.343994140625 -0.0438232421875
0.0243721008300781 0.00127601623535156 0.1990966796875 -0.299957275390625
-0.000407934188842774 -0.00376796722412109 -0.119537353515625 0.2791748046875
0.0206565856933594 -0.0046539306640625 -0.279754638671875 0.0162811279296875
0.00600337982177734 0.00616312026977539 -0.24615478515625 -0.3966064453125
-0.00489234924316406 0.0330257415771484 0.1717529296875 -0.6441650390625
-0.0557518005371094 0.0132598876953125 0.77777099609375 -0.18597412109375
-0.0809783935546875 -0.0621719360351562 0.7203369140625 0.6527099609375
0.021697998046875 -0.0740890502929688 0.091552734375 0.7320556640625
0.08465576171875 -0.0699539184570313 0.0141143798828125 0.112983703613281
0.02520751953125 -0.0741729736328125 0.0380859375000001 -0.64056396484375
-0.0330352783203125 -0.0709304809570313 -0.64434814453125 -0.73907470703125
-0.0479049682617188 -0.0176124572753906 -0.87835693359375 0.1455078125
-0.0219249725341797 0.01800537109375 -0.2413330078125 0.65087890625
-0.00159740447998047 0.00905990600585938 0.240509033203125 0.439453125
0.0103292465209961 0.0126981735229492 0.347808837890625 -0.02679443359375
0.0212535858154297 0.00123786926269531 0.21026611328125 -0.297393798828125
-0.00467157363891601 -0.00281763076782227 -0.11395263671875 0.281524658203125
0.0136604309082031 -0.0121679306030273 -0.2796630859375 0.032623291015625
0.00490093231201172 -0.0118179321289062 -0.260833740234375 -0.37677001953125
0.00604915618896484 0.0142192840576172 0.1378173828125 -0.64825439453125
-0.0376663208007813 0.0105056762695312 0.76202392578125 -0.2313232421875
-0.072662353515625 -0.043487548828125 0.755126953125 0.60955810546875
0.0110321044921875 -0.04925537109375 0.1220703125 0.73980712890625
0.0619087219238281 -0.0491180419921875 0.00630187988281251 0.138397216796875
0.0184288024902344 -0.0504875183105469 0.06573486328125 -0.62445068359375
-0.0223236083984375 -0.0561256408691406 -0.60107421875 -0.7774658203125
-0.0287704467773437 -0.0234489440917969 -0.89154052734375 0.0979614257812498
-0.0126171112060547 -0.000855445861816404 -0.279296875 0.6444091796875
0.00103902816772461 -0.00692892074584961 0.21820068359375 0.461334228515625
0.00470733642578125 0.0054163932800293 0.347625732421875 -0.00921630859375
0.016357421875 0.002471923828125 0.216033935546875 -0.29296875
-0.0108985900878906 -0.00107955932617188 -0.113525390625 0.285369873046875
0.0050201416015625 -0.0200996398925781 -0.281951904296875 0.04693603515625
0.00211143493652343 -0.0294113159179687 -0.2730712890625 -0.361114501953125
0.0183677673339844 -0.00579643249511719 0.11102294921875 -0.6468505859375
-0.0158176422119141 0.00605964660644531 0.75006103515625 -0.26361083984375
-0.0583000183105469 -0.0257797241210938 0.77813720703125 0.5694580078125
0.0022430419921875 -0.0199108123779297 0.14837646484375 0.74005126953125
0.036041259765625 -0.0214080810546875 0.00492858886718749 0.15142822265625
0.00711441040039062 -0.0209026336669922 0.0872192382812501 -0.61614990234375
-0.00802993774414063 -0.0369033813476563 -0.5684814453125 -0.8060302734375
-0.00495529174804687 -0.0256767272949219 -0.89886474609375 0.0567016601562501
-0.000938415527343752 -0.0193824768066406 -0.30718994140625 0.638427734375
0.00452232360839844 -0.0231113433837891 0.19805908203125 0.4761962890625
-0.00258016586303711 -0.00275588035583496 0.34326171875 0.00555419921875
0.0108356475830078 0.00279140472412109 0.216339111328125 -0.2896728515625
-0.0180454254150391 -0.000228881835937502 -0.11785888671875 0.2882080078125
-0.00444984436035156 -0.0262928009033203 -0.287017822265625 0.05523681640625
8.77380371093705E-05 -0.0436363220214844 -0.281494140625 -0.3525390625
0.0275917053222656 -0.0223464965820313 0.09637451171875 -0.64617919921875
0.00381803512573242 -0.000412702560424805 0.74444580078125 -0.2783203125
-0.0402030944824219 -0.00983810424804688 0.7918701171875 0.5499267578125
-0.00132083892822266 0.0102643966674805 0.16448974609375 0.73321533203125
0.00925636291503906 0.009368896484375 0.0100860595703125 0.152389526367188
-0.00240421295166016 0.0105657577514648 0.10552978515625 -0.61895751953125
0.00578689575195313 -0.0156402587890625 -0.5465087890625 -0.8267822265625
0.0185623168945313 -0.0244674682617188 -0.89788818359375 0.0339355468750002
0.0120658874511719 -0.0354576110839844 -0.3226318359375 0.6331787109375
0.00749969482421875 -0.0374908447265625 0.184844970703125 0.481689453125
-0.00953102111816406 -0.0108757019042969 0.3358154296875 0.014739990234375
0.00304126739501953 0.00314855575561523 0.2100830078125 -0.286651611328125
-0.0239887237548828 -0.000341415405273443 -0.12701416015625 0.290496826171875
-0.0126438140869141 -0.0299263000488281 -0.293792724609375 0.05926513671875
-0.00392913818359375 -0.0526199340820313 -0.2861328125 -0.3519287109375
0.0351638793945313 -0.0335540771484375 0.095947265625 -0.64569091796875
0.0217437744140625 -0.00393104553222656 0.7454833984375 -0.27801513671875
-0.0232200622558594 0.00235176086425781 0.79046630859375 0.54827880859375
-0.00274276733398438 0.0373687744140625 0.1685791015625 0.72100830078125
-0.0117645263671875 0.0363960266113281 0.0230712890625 0.137832641601563
-0.00991439819335937 0.0383377075195313 0.11090087890625 -0.6343994140625
0.0195274353027344 0.00236892700195313 -0.5438232421875 -0.83184814453125
0.0386848449707031 -0.0222663879394531 -0.894775390625 0.0340576171875002
0.02227783203125 -0.0446624755859375 -0.322265625 0.62969970703125
0.00936508178710938 -0.0467376708984375 0.178253173828125 0.479339599609375
-0.0141983032226563 -0.0174665451049805 0.328125 0.016143798828125
-0.0026710033416748 0.00261163711547852 0.1993408203125 -0.286895751953125
-0.0289554595947266 -0.00131607055664063 -0.138275146484375 0.2919921875
-0.0176258087158203 -0.0326557159423828 -0.301971435546875 0.057037353515625
-0.00508499145507812 -0.0562553405761719 -0.28515625 -0.360382080078125
0.0412445068359375 -0.0382766723632813 0.1080322265625 -0.64630126953125
0.0335540771484375 -0.00521278381347656 0.75738525390625 -0.25897216796875
-0.00930976867675781 0.0110759735107422 0.7783203125 0.5633544921875
-0.00146865844726563 0.0568313598632813 0.1611328125 0.70574951171875
-0.0261764526367188 0.0587921142578125 0.0415878295898438 0.111740112304688
-0.0126571655273438 0.0596809387207031 0.1092529296875 -0.65869140625
0.0306243896484375 0.0142078399658203 -0.56378173828125 -0.82659912109375
0.0524139404296875 -0.0195960998535156 -0.890869140625 0.0574951171875001
0.0273590087890625 -0.0496063232421875 -0.30560302734375 0.6324462890625
0.007568359375 -0.0502815246582031 0.182037353515625 0.46875
-0.0182991027832031 -0.0196437835693359 0.320068359375 0.010467529296875
-0.00596284866333008 0.00280189514160156 0.185699462890625 -0.28912353515625
0.00533103942871094 -0.00637149810791016 -0.13824462890625 0.276046752929688
0.0255355834960938 0.0064849853515625 -0.2896728515625 -0.0120849609375
0.00147247314453125 0.0334072113037109 -0.224395751953125 -0.441131591796875
-0.0241966247558594 0.0574798583984375 0.24029541015625 -0.642333984375
-0.0747451782226563 0.0130157470703125 0.81024169921875 -0.0972900390625
-0.0765533447265625 -0.0839691162109375 0.65484619140625 0.73114013671875
0.0436477661132813 -0.091033935546875 0.0438232421875 0.69439697265625
0.105842590332031 -0.080078125 0.0479545593261719 0.041168212890625
0.0305938720703125 -0.0902862548828125 -0.02044677734375 -0.68963623046875
-0.0438690185546875 -0.0764083862304688 -0.73480224609375 -0.66009521484375
-0.0615234375 -0.000915527343750012 -0.84515380859375 0.260009765625
-0.0260848999023437 0.0461616516113281 -0.15802001953125 0.6600341796875
-0.00297737121582031 0.0307445526123047 0.27886962890625 0.390411376953125
0.0165939331054688 0.0223865509033203 0.33953857421875 -0.063323974609375
0.0258007049560547 -0.00302314758300781 0.1861572265625 -0.307403564453125
0.00327754020690918 -0.00330162048339844 -0.124435424804688 0.278976440429688
0.0247898101806641 0.00189971923828125 -0.283721923828125 0.00292968749999996
0.00445175170898438 0.0224056243896484 -0.23785400390625 -0.418853759765625
-0.0156097412109375 0.04754638671875 0.2064208984375 -0.644775390625
-0.0703811645507813 0.0139923095703125 0.797119140625 -0.1427001953125
-0.0829086303710938 -0.0767898559570312 0.69451904296875 0.6959228515625
0.034088134765625 -0.0890121459960938 0.069091796875 0.719482421875
0.100173950195312 -0.0816650390625 0.0298309326171875 0.0783538818359375
0.029571533203125 -0.0883941650390625 0.00433349609375003 -0.66766357421875
-0.0428009033203125 -0.0766143798828125 -0.7001953125 -0.6988525390625
-0.0600814819335937 -0.00894546508789064 -0.86505126953125 0.2113037109375
-0.0264167785644531 0.0350303649902344 -0.19659423828125 0.6617431640625
-0.00270652770996094 0.0234546661376953 0.2664794921875 0.414093017578125
0.0149784088134766 0.0185623168945312 0.34613037109375 -0.048553466796875
0.0240421295166016 -9.1552734375E-05 0.1966552734375 -0.30511474609375
0.000603199005126953 -0.00370955467224121 -0.116119384765625 0.281341552734375
0.0211715698242188 -0.00548934936523438 -0.281890869140625 0.020263671875
0.00571584701538086 0.00626611709594727 -0.252838134765625 -0.39703369140625
-0.00474739074707031 0.0332546234130859 0.166748046875 -0.649169921875
-0.05670166015625 0.0141067504882813 0.7823486328125 -0.1953125
-0.082733154296875 -0.06170654296875 0.73077392578125 0.6502685546875
0.0209197998046875 -0.0738296508789063 0.0995483398437501 0.734130859375
0.0845565795898438 -0.0713043212890625 0.0152206420898438 0.112586975097656
0.0252227783203125 -0.074859619140625 0.03240966796875 -0.643798828125
-0.0346527099609375 -0.0703811645507813 -0.65625 -0.73773193359375
-0.0487136840820313 -0.0178985595703125 -0.8846435546875 0.15618896484375
-0.0217857360839844 0.0188922882080078 -0.23822021484375 0.65716552734375
-0.00105190277099609 0.0098876953125 0.246124267578125 0.44091796875
0.0102977752685547 0.0133628845214844 0.34954833984375 -0.030120849609375
0.0216522216796875 0.000783920288085938 0.2081298828125 -0.302215576171875
-0.00368928909301758 -0.00224399566650391 -0.111358642578125 0.285125732421875
0.0144557952880859 -0.0123910903930664 -0.28167724609375 0.036590576171875
0.00492382049560547 -0.0123167037963867 -0.266876220703125 -0.377777099609375
0.00714588165283203 0.0133190155029297 0.1314697265625 -0.652587890625
-0.03759765625 0.0110206604003906 0.765625 -0.2393798828125
-0.0735397338867188 -0.0427474975585938 0.76593017578125 0.6055908203125
0.0106391906738281 -0.04998779296875 0.1314697265625 0.7425537109375
0.0616264343261719 -0.049468994140625 0.00740814208984376 0.13909912109375
0.0183143615722656 -0.050872802734375 0.0587158203125 -0.62744140625
-0.0225982666015625 -0.0568428039550781 -0.61328125 -0.7774658203125
-0.0290126800537109 -0.0242500305175781 -0.89727783203125 0.10540771484375
-0.0138111114501953 -0.000942230224609377 -0.27508544921875 0.6546630859375
0.000913143157958984 -0.00591611862182617 0.22314453125 0.462371826171875
0.00420856475830078 0.00547266006469727 0.349639892578125 -0.012420654296875
0.0171728134155273 0.00244998931884766 0.214599609375 -0.297332763671875
-0.00981044769287109 -0.00115203857421875 -0.111328125 0.2877197265625
0.00521469116210938 -0.0195713043212891 -0.283355712890625 0.0494384765625
0.00235557556152344 -0.0291080474853516 -0.280548095703125 -0.36114501953125
0.0181636810302734 -0.00607109069824219 0.10614013671875 -0.65203857421875
-0.0164871215820313 0.00558090209960938 0.75128173828125 -0.27203369140625
-0.0590744018554687 -0.0245018005371094 0.78997802734375 0.56671142578125
0.00277137756347656 -0.0198440551757812 0.1556396484375 0.7413330078125
0.0356979370117188 -0.0218238830566406 0.00642395019531249 0.15228271484375
0.00812721252441406 -0.0206985473632813 0.0821533203125 -0.62017822265625
-0.008575439453125 -0.0363121032714844 -0.58184814453125 -0.80706787109375
-0.00602531433105469 -0.0263042449951172 -0.9046630859375 0.0665283203124999
-0.00120925903320312 -0.0195331573486328 -0.30328369140625 0.6484375
0.00469207763671875 -0.0234355926513672 0.20538330078125 0.478759765625
-0.00210809707641602 -0.00330781936645508 0.345245361328125 0.002227783203125
0.0104103088378906 0.00196456909179688 0.21435546875 -0.2930908203125
-0.0174465179443359 6.77108764648406E-05 -0.114501953125 0.292083740234375
-0.00428199768066407 -0.0257358551025391 -0.2884521484375 0.0588073730468751
-0.0010986328125 -0.0428619384765625 -0.287506103515625 -0.35064697265625
0.0278396606445313 -0.0232582092285156 0.0894775390625 -0.65179443359375
0.0042426586151123 -0.000971078872680664 0.74615478515625 -0.28857421875
-0.0409164428710937 -0.00897216796875 0.802001953125 0.5465087890625
-0.000253677368164062 0.0107841491699219 0.17169189453125 0.73553466796875
0.00960159301757813 0.00805950164794922 0.0124359130859375 0.151458740234375
-0.00173854827880859 0.0110940933227539 0.09967041015625 -0.624267578125
0.00558376312255859 -0.0160398483276367 -0.556640625 -0.82684326171875
0.0178909301757813 -0.0257205963134766 -0.9063720703125 0.0436401367187499
0.0114173889160156 -0.0359268188476563 -0.3192138671875 0.641357421875
0.00749588012695313 -0.037322998046875 0.19134521484375 0.483489990234375
-0.00853443145751953 -0.0113077163696289 0.338165283203125 0.010772705078125
0.00403356552124023 0.00246214866638184 0.20806884765625 -0.2918701171875
-0.0239620208740234 0.000169754028320314 -0.1240234375 0.292510986328125
-0.0118732452392578 -0.0290412902832031 -0.295166015625 0.062744140625
-0.00437164306640625 -0.0528793334960938 -0.29229736328125 -0.350128173828125
0.0347194671630859 -0.0345077514648438 0.08819580078125 -0.649658203125
0.0218505859375 -0.00485610961914062 0.74700927734375 -0.28704833984375
-0.0235385894775391 0.00397682189941406 0.8011474609375 0.5433349609375
-0.00159835815429688 0.0377960205078125 0.17626953125 0.72216796875
-0.0118179321289063 0.0363388061523438 0.0250320434570313 0.138092041015625
-0.00986099243164063 0.0394439697265625 0.10589599609375 -0.63909912109375
0.0188865661621094 0.00220870971679688 -0.556884765625 -0.83154296875
0.0386085510253906 -0.0236244201660156 -0.902587890625 0.0435180664062499
0.0221519470214844 -0.0457420349121094 -0.3179931640625 0.63775634765625
0.00838470458984375 -0.0472412109375 0.18603515625 0.481597900390625
-0.01385498046875 -0.0171384811401367 0.330047607421875 0.01275634765625
-0.0016939640045166 0.0025174617767334 0.19757080078125 -0.29168701171875
-0.0283355712890625 -0.000127792358398434 -0.13458251953125 0.29486083984375
-0.0177822113037109 -0.0319671630859375 -0.303741455078125 0.0603637695312499
-0.00585556030273438 -0.0567474365234375 -0.291839599609375 -0.360321044921875
0.0407791137695313 -0.0390052795410156 0.1021728515625 -0.65130615234375
0.0338821411132813 -0.00609779357910156 0.75982666015625 -0.26708984375
-0.00899124145507813 0.0117511749267578 0.7901611328125 0.55841064453125
-0.00044631958007813 0.057159423828125 0.16766357421875 0.706787109375
-0.026275634765625 0.0585708618164063 0.0421905517578125 0.112312316894531
-0.012176513671875 0.060791015625 0.10247802734375 -0.66375732421875
0.0311698913574219 0.0143508911132813 -0.57550048828125 -0.82525634765625
0.0517425537109375 -0.0210762023925781 -0.8951416015625 0.0667114257812501
0.0264358520507813 -0.0496559143066406 -0.3026123046875 0.640869140625
0.0069580078125 -0.0500030517578125 0.1876220703125 0.470947265625
-0.0185127258300781 -0.0202999114990234 0.322296142578125 0.005828857421875
-0.00647640228271484 0.00201749801635742 0.18267822265625 -0.293792724609375
0.00623369216918945 -0.00623035430908203 -0.13525390625 0.279144287109375
0.0261726379394531 0.00689315795898437 -0.2913818359375 -0.00921630859375002
0.00159454345703125 0.0339088439941406 -0.2301025390625 -0.440704345703125
-0.0235862731933594 0.0577354431152344 0.2342529296875 -0.64886474609375
-0.07525634765625 0.0135650634765625 0.8138427734375 -0.10675048828125
-0.0778274536132812 -0.0834121704101563 0.66827392578125 0.7281494140625
0.04351806640625 -0.0914306640625 0.051513671875 0.69744873046875
0.105857849121094 -0.0821456909179688 0.0484886169433594 0.0411338806152344
0.0302734375 -0.0912857055664063 -0.026611328125 -0.69281005859375
-0.0452194213867187 -0.0771865844726563 -0.74755859375 -0.65362548828125
-0.0624351501464844 -0.00164794921875 -0.84869384765625 0.272216796875
-0.0257034301757813 0.0465507507324219 -0.1513671875 0.66796875
-0.00209617614746094 0.0318832397460938 0.284759521484375 0.39080810546875
0.0167255401611328 0.0229911804199219 0.33978271484375 -0.067779541015625
0.0257377624511719 -0.00344467163085938 0.1834716796875 -0.31201171875
0.00462150573730469 -0.00386238098144531 -0.121612548828125 0.281158447265625
0.0261917114257812 0.00188827514648438 -0.285919189453125 0.00585937499999998
0.00463104248046875 0.0223960876464844 -0.244110107421875 -0.418609619140625
-0.015777587890625 0.0476493835449219 0.19903564453125 -0.652099609375
-0.0706863403320313 0.0146484375 0.79931640625 -0.1531982421875
-0.0842056274414063 -0.0752334594726563 0.70648193359375 0.69140625
0.0333251953125 -0.0888214111328125 0.0762939453125 0.7220458984375
0.100112915039063 -0.0830459594726563 0.0306320190429688 0.0787124633789063
0.0289688110351562 -0.089019775390625 -0.00201416015625 -0.6710205078125
-0.0439453125 -0.0776901245117188 -0.71051025390625 -0.69390869140625
-0.0609321594238281 -0.00980758666992187 -0.86865234375 0.22406005859375
-0.0266609191894531 0.03570556640625 -0.19097900390625 0.66864013671875
-0.00181770324707031 0.0241451263427734 0.27142333984375 0.414459228515625
0.0151576995849609 0.0187625885009766 0.34722900390625 -0.052459716796875
0.02490234375 -0.000804901123046875 0.194000244140625 -0.310028076171875
0.00209784507751465 -0.00355195999145508 -0.112823486328125 0.284149169921875
0.0214920043945313 -0.00472068786621094 -0.28302001953125 0.023468017578125
0.00607872009277344 0.00652790069580078 -0.26007080078125 -0.396331787109375
-0.00496864318847656 0.0328750610351562 0.159423828125 -0.65496826171875
-0.0570297241210938 0.0143890380859375 0.782470703125 -0.20428466796875
-0.0834197998046875 -0.0597763061523438 0.7442626953125 0.64642333984375
0.0210494995117187 -0.0739593505859375 0.10699462890625 0.73577880859375
0.0841217041015625 -0.0725860595703125 0.016265869140625 0.113479614257813
0.0243453979492188 -0.0748443603515625 0.027099609375 -0.648193359375
-0.0356216430664062 -0.0709304809570313 -0.6683349609375 -0.73468017578125
-0.0498237609863281 -0.0179405212402344 -0.88824462890625 0.16754150390625
-0.0220928192138672 0.0181522369384766 -0.2308349609375 0.66741943359375
-0.000696182250976562 0.0101251602172852 0.25201416015625 0.4405517578125
0.0112133026123047 0.0134077072143555 0.35137939453125 -0.034210205078125
0.0218658447265625 -7.62939453125E-06 0.20587158203125 -0.307098388671875
-0.0022737979888916 -0.00207734107971191 -0.107147216796875 0.28765869140625
0.0143375396728516 -0.0124044418334961 -0.28289794921875 0.03973388671875
0.00454139709472656 -0.0120878219604492 -0.273529052734375 -0.376678466796875
0.00756740570068359 0.0135707855224609 0.1243896484375 -0.65667724609375
-0.0381240844726563 0.0112342834472656 0.7657470703125 -0.25018310546875
-0.0749893188476563 -0.0416259765625 0.7784423828125 0.59814453125
0.0100860595703125 -0.0497703552246094 0.13934326171875 0.74310302734375
0.0615005493164063 -0.0504875183105469 0.008331298828125 0.139045715332031
0.0180702209472656 -0.0512008666992188 0.053955078125 -0.63153076171875
-0.0243759155273437 -0.0563316345214844 -0.6265869140625 -0.77362060546875
-0.0305118560791016 -0.0242233276367188 -0.9022216796875 0.11761474609375
-0.0144376754760742 -0.001220703125 -0.2686767578125 0.66278076171875
0.0010533332824707 -0.00660896301269531 0.2308349609375 0.462982177734375
0.00460624694824219 0.00550508499145508 0.352081298828125 -0.017120361328125
0.0173578262329102 0.00157928466796875 0.211090087890625 -0.302215576171875
-0.00897979736328125 -0.000934600830078126 -0.108306884765625 0.28997802734375
0.00541877746582032 -0.0197372436523438 -0.28472900390625 0.053375244140625
0.00208854675292969 -0.0296764373779297 -0.284912109375 -0.3592529296875
0.0180301666259766 -0.00730323791503906 0.09698486328125 -0.65631103515625
-0.0164661407470703 0.0063791275024414 0.7510986328125 -0.2830810546875
-0.0598297119140625 -0.0228691101074219 0.8009033203125 0.56060791015625
0.00286674499511719 -0.0199375152587891 0.16485595703125 0.7440185546875
0.0349197387695313 -0.0224075317382812 0.00753784179687499 0.153274536132813
0.00815391540527344 -0.0206012725830078 0.0758056640625 -0.623779296875
-0.00960922241210938 -0.0375556945800781 -0.5953369140625 -0.80517578125
-0.00669097900390625 -0.0267715454101563 -0.909912109375 0.07745361328125
-0.00200843811035156 -0.0201053619384766 -0.29718017578125 0.65667724609375
0.00428009033203125 -0.0228633880615234 0.21087646484375 0.480194091796875
-0.00158262252807617 -0.00279688835144043 0.3470458984375 -0.001983642578125
0.0109806060791016 0.00142478942871094 0.21270751953125 -0.29779052734375
-0.0168132781982422 0.000637054443359373 -0.111724853515625 0.293914794921875
-0.00349998474121094 -0.0254726409912109 -0.288970947265625 0.062347412109375
-0.00235366821289063 -0.0432624816894531 -0.292938232421875 -0.350189208984375
0.0271854400634766 -0.0234966278076172 0.08135986328125 -0.6561279296875
0.00393223762512207 -0.000224828720092773 0.7451171875 -0.29833984375
-0.0420074462890625 -0.00811767578125001 0.8134765625 0.53924560546875
0.00018024444580078 0.0111732482910156 0.1805419921875 0.735107421875
0.00959110260009766 0.00830459594726562 0.013092041015625 0.153076171875
-0.00137138366699219 0.0117988586425781 0.09375 -0.6280517578125
0.00506019592285156 -0.016108512878418 -0.57049560546875 -0.82403564453125
0.0163192749023437 -0.0266685485839844 -0.9097900390625 0.0575561523437502
0.0109405517578125 -0.0361595153808594 -0.31414794921875 0.6513671875
0.0072784423828125 -0.0373916625976563 0.197662353515625 0.48504638671875
-0.00823974609375 -0.0108680725097656 0.340576171875 0.007080078125
0.00411367416381836 0.00250959396362305 0.20538330078125 -0.29718017578125
-0.02203369140625 0.000213623046874997 -0.12030029296875 0.29595947265625
-0.0116767883300781 -0.0288848876953125 -0.295623779296875 0.06640625
-0.00524139404296875 -0.0526466369628906 -0.298828125 -0.348358154296875
0.0353851318359375 -0.0352783203125 0.08172607421875 -0.6524658203125
0.0213165283203125 -0.00453948974609375 0.748046875 -0.29791259765625
-0.0244426727294922 0.004058837890625 0.812255859375 0.537109375
-0.000957489013671876 0.0374069213867188 0.18505859375 0.72296142578125
-0.0114822387695312 0.0369796752929688 0.0259780883789063 0.137977600097656
-0.00909423828125 0.0402946472167969 0.0999755859374999 -0.642578125
0.0192737579345703 0.00228118896484375 -0.5689697265625 -0.831298828125
0.0379981994628906 -0.02447509765625 -0.9066162109375 0.05364990234375
0.0220947265625 -0.0461540222167969 -0.31201171875 0.6485595703125
0.00834274291992187 -0.0473251342773438 0.192596435546875 0.482086181640625
-0.0141706466674805 -0.0172557830810547 0.3321533203125 0.008819580078125
-0.0014272928237915 0.00201880931854248 0.194976806640625 -0.295013427734375
-0.0273475646972656 -0.000175476074218749 -0.1319580078125 0.29864501953125
-0.0174942016601562 -0.0311470031738281 -0.304046630859375 0.0632324218750001
-0.00697708129882813 -0.0563011169433594 -0.29901123046875 -0.358551025390625
0.0407943725585938 -0.0401840209960938 0.09466552734375 -0.6558837890625
0.0337448120117188 -0.00607490539550781 0.7607421875 -0.279052734375
-0.00970077514648438 0.0128879547119141 0.802490234375 0.55096435546875
3.5515097827662E-18 0.0580024719238281 0.17626953125 0.7056884765625
-0.0256881713867188 0.0597991943359375 0.0434341430664063 0.11151123046875
-0.0113945007324219 0.0609321594238281 0.097412109375 -0.66766357421875
0.0317897796630859 0.0133438110351562 -0.58868408203125 -0.82391357421875
0.0514984130859375 -0.0228805541992188 -0.89984130859375 0.0785522460937498
0.0264320373535156 -0.0506248474121094 -0.29718017578125 0.649658203125
0.00709915161132812 -0.0500030517578125 0.194427490234375 0.47119140625
-0.0185012817382813 -0.0199813842773437 0.32330322265625 0.002532958984375
-0.00693416595458984 0.00144624710083008 0.180267333984375 -0.296875
0.00737857818603516 -0.00626993179321289 -0.131988525390625 0.282257080078125
0.0266265869140625 0.00694084167480469 -0.293212890625 -0.00576782226562502
0.00259208679199219 0.0343971252441406 -0.239715576171875 -0.4375
-0.022918701171875 0.0575103759765625 0.22808837890625 -0.654541015625
-0.0758209228515625 0.0146865844726562 0.81634521484375 -0.1168212890625
-0.0796661376953125 -0.081878662109375 0.6822509765625 0.72357177734375
0.0432968139648438 -0.0922622680664062 0.060302734375 0.6981201171875
0.104286193847656 -0.0839691162109375 0.0480079650878906 0.0396804809570312
0.02874755859375 -0.0913925170898438 -0.0369873046875 -0.69464111328125
-0.0458831787109375 -0.0771026611328125 -0.75982666015625 -0.646728515625
-0.0631256103515625 -0.00120925903320314 -0.8485107421875 0.28582763671875
-0.0257568359375 0.0473556518554687 -0.1419677734375 0.6744384765625
-0.00170326232910156 0.0317821502685547 0.29180908203125 0.390106201171875
0.0176982879638672 0.0231094360351563 0.34197998046875 -0.072509765625
0.0265655517578125 -0.00377655029296875 0.180084228515625 -0.317047119140625
0.00622940063476563 -0.00379228591918945 -0.117156982421875 0.2835693359375
0.0265407562255859 0.00200462341308594 -0.287994384765625 0.0107421875
0.00515937805175782 0.0226306915283203 -0.2515869140625 -0.4156494140625
-0.0150108337402344 0.0475234985351563 0.19024658203125 -0.65606689453125
-0.0709457397460938 0.0156173706054688 0.80157470703125 -0.16424560546875
-0.0856704711914062 -0.07379150390625 0.71954345703125 0.68603515625
0.0332183837890625 -0.0901031494140625 0.08575439453125 0.72119140625
0.099090576171875 -0.0858840942382813 0.030670166015625 0.07733154296875
0.028228759765625 -0.0896987915039062 -0.00946044921874997 -0.67303466796875
-0.0449447631835938 -0.0773239135742188 -0.72344970703125 -0.6883544921875
-0.0619544982910156 -0.00813674926757813 -0.86932373046875 0.23486328125
-0.0255279541015625 0.0360260009765625 -0.18292236328125 0.67535400390625
-0.00128746032714844 0.0237903594970703 0.27801513671875 0.4130859375
0.0156402587890625 0.0194759368896484 0.348114013671875 -0.057647705078125
0.0246677398681641 -0.00086212158203125 0.1907958984375 -0.314788818359375
0.00332212448120117 -0.00284433364868164 -0.10980224609375 0.285858154296875
0.0222244262695312 -0.00472259521484375 -0.28363037109375 0.0268859863281251
0.00582265853881836 0.00688266754150391 -0.2666015625 -0.394134521484375
-0.00445365905761719 0.0322837829589844 0.15283203125 -0.6590576171875
-0.0565910339355469 0.0152931213378906 0.7823486328125 -0.2142333984375
-0.0845565795898438 -0.0586624145507812 0.75439453125 0.6387939453125
0.0206375122070312 -0.074615478515625 0.11602783203125 0.73626708984375
0.0837631225585938 -0.0739059448242188 0.0171279907226562 0.112663269042969
0.024383544921875 -0.075408935546875 0.01837158203125 -0.6500244140625
-0.0370712280273438 -0.0709228515625 -0.68109130859375 -0.73138427734375
-0.0511360168457031 -0.0185356140136719 -0.889892578125 0.1829833984375
-0.0225257873535156 0.0186500549316406 -0.22369384765625 0.67437744140625
-0.000329017639160156 0.00994014739990234 0.25958251953125 0.44036865234375
0.0113859176635742 0.0126171112060547 0.352691650390625 -0.039764404296875
0.0225028991699219 0.00020599365234375 0.202850341796875 -0.311004638671875
-0.00185036659240723 -0.00151169300079346 -0.10455322265625 0.29058837890625
0.0150833129882812 -0.0123004913330078 -0.283447265625 0.0440673828125
0.00390338897705078 -0.0113296508789063 -0.279541015625 -0.37298583984375
0.00719738006591797 0.0134038925170898 0.11572265625 -0.66131591796875
-0.0387191772460938 0.0116043090820313 0.76446533203125 -0.2607421875
-0.0757522583007813 -0.0402908325195312 0.78924560546875 0.59271240234375
0.01055908203125 -0.0500831604003906 0.148193359375 0.74334716796875
0.0607833862304688 -0.0520553588867188 0.0097808837890625 0.139434814453125
0.0181121826171875 -0.05126953125 0.0458984375 -0.63555908203125
-0.0247879028320312 -0.0565261840820312 -0.63873291015625 -0.76678466796875
-0.0316371917724609 -0.0239830017089844 -0.905029296875 0.13116455078125
-0.013859748840332 -0.00038719177246094 -0.260498046875 0.67047119140625
0.00156736373901367 -0.00633382797241211 0.238250732421875 0.463775634765625
0.00585079193115234 0.00482177734375 0.3529052734375 -0.0223388671875
0.0168695449829102 0.000989913940429688 0.20867919921875 -0.306854248046875
-0.00825405120849609 -0.000152587890625001 -0.10430908203125 0.2930908203125
0.00553703308105469 -0.0189781188964844 -0.28515625 0.056884765625
0.00067138671875 -0.0293445587158203 -0.291412353515625 -0.356536865234375
0.0178737640380859 -0.00702667236328125 0.0883789062500001 -0.65924072265625
-0.0171070098876953 0.00615310668945313 0.75262451171875 -0.293701171875
-0.0610771179199219 -0.0227470397949219 0.8131103515625 0.5526123046875
0.00343132019042969 -0.0203227996826172 0.17425537109375 0.7454833984375
0.0354537963867188 -0.0238075256347656 0.00987243652343751 0.153228759765625
0.00870895385742188 -0.0204238891601563 0.0690307617187501 -0.62689208984375
-0.00979995727539063 -0.03759765625 -0.6077880859375 -0.7979736328125
-0.00814437866210938 -0.0278530120849609 -0.91375732421875 0.0925292968750001
-0.00242996215820313 -0.019866943359375 -0.28973388671875 0.66632080078125
0.00396537780761719 -0.0239715576171875 0.2188720703125 0.480133056640625
-0.0013120174407959 -0.00346755981445313 0.348114013671875 -0.006927490234375
0.0110273361206055 0.00101947784423828 0.2093505859375 -0.3031005859375
-0.0147695541381836 0.00074863433837891 -0.10723876953125 0.297027587890625
-0.00327873229980469 -0.0248298645019531 -0.28900146484375 0.0657958984375
-0.00339508056640625 -0.0435791015625 -0.3006591796875 -0.34716796875
0.0274639129638672 -0.0253982543945312 0.07269287109375 -0.65802001953125
0.00307583808898926 -0.0011897087097168 0.7442626953125 -0.30963134765625
-0.0424423217773438 -0.00655364990234375 0.82293701171875 0.53253173828125
0.000262260437011718 0.0112199783325195 0.19024658203125 0.73516845703125
0.00944805145263672 0.00760173797607422 0.0153045654296875 0.15240478515625
-0.00141334533691406 0.0113534927368164 0.08648681640625 -0.63250732421875
0.00572395324707031 -0.0162677764892578 -0.58441162109375 -0.82220458984375
0.0169925689697266 -0.0281848907470703 -0.91363525390625 0.0676269531250001
0.0109825134277344 -0.0361061096191406 -0.3060302734375 0.659423828125
0.00650787353515625 -0.0377197265625 0.20489501953125 0.48529052734375
-0.00840473175048828 -0.0111732482910156 0.341644287109375 0.001983642578125
0.00386667251586914 0.00156283378601074 0.201812744140625 -0.30126953125
-0.0213127136230469 0.00108909606933594 -0.116302490234375 0.299530029296875
-0.0118198394775391 -0.0284748077392578 -0.29559326171875 0.069610595703125
-0.00653076171875 -0.0520591735839844 -0.304473876953125 -0.346282958984375
0.0348968505859375 -0.0364456176757813 0.072265625 -0.657470703125
0.0216693878173828 -0.00484085083007813 0.7467041015625 -0.306884765625
-0.0246505737304687 0.0049285888671875 0.82208251953125 0.5294189453125
-0.000236511230468749 0.0376701354980469 0.19500732421875 0.722900390625
-0.0114402770996094 0.0366287231445313 0.0279083251953125 0.13848876953125
-0.0072174072265625 0.0408935546875 0.0932617187500001 -0.647216796875
0.0192794799804688 0.00107955932617188 -0.58282470703125 -0.827880859375
0.0370101928710938 -0.0255699157714844 -0.91131591796875 0.0687255859375001
0.0202713012695312 -0.0473098754882813 -0.3062744140625 0.65643310546875
0.00797653198242188 -0.0473518371582031 0.197998046875 0.48297119140625
-0.0140218734741211 -0.0165243148803711 0.3328857421875 0.003875732421875
-0.0014042854309082 0.00246906280517578 0.192352294921875 -0.300384521484375
-0.0269317626953125 0.000226974487304692 -0.127288818359375 0.30126953125
-0.0175685882568359 -0.0310230255126953 -0.304718017578125 0.0680847167968751
-0.00822448730468749 -0.0564460754394531 -0.30426025390625 -0.356536865234375
0.0399742126464844 -0.0411224365234375 0.0849609375 -0.65875244140625
0.033233642578125 -0.006439208984375 0.76031494140625 -0.28802490234375
-0.0108318328857422 0.0136032104492188 0.81243896484375 0.5430908203125
0.00125122070312501 0.0580253601074219 0.1854248046875 0.70611572265625
-0.0253753662109375 0.059356689453125 0.0439605712890625 0.111946105957031
-0.0108299255371094 0.06170654296875 0.0884399414062501 -0.6702880859375
0.03167724609375 0.0131072998046875 -0.6025390625 -0.8201904296875
0.0516738891601563 -0.0244064331054688 -0.904052734375 0.0918579101562501
0.0255241394042969 -0.0512542724609375 -0.28997802734375 0.6573486328125
0.00576019287109375 -0.0508155822753906 0.201812744140625 0.471405029296875
-0.0190601348876953 -0.0191841125488281 0.3253173828125 -0.001800537109375
-0.00621271133422852 0.00124883651733398 0.176483154296875 -0.301361083984375
0.00895023345947266 -0.00593662261962891 -0.12652587890625 0.28466796875
0.0279712677001953 0.00668144226074219 -0.294586181640625 -0.00115966796874999
0.0030975341796875 0.0337848663330078 -0.245849609375 -0.435546875
-0.0215415954589844 0.0584678649902344 0.21728515625 -0.65777587890625
-0.0764694213867188 0.0159988403320312 0.816650390625 -0.12939453125
-0.0808258056640625 -0.0807952880859375 0.69305419921875 0.71417236328125
0.0426177978515625 -0.0933456420898438 0.0691528320312501 0.69708251953125
0.104362487792969 -0.0858078002929688 0.0485115051269531 0.0390090942382812
0.0290908813476562 -0.09210205078125 -0.0456542968749999 -0.69573974609375
-0.04736328125 -0.07623291015625 -0.7718505859375 -0.63739013671875
-0.0645408630371094 -0.00122070312500001 -0.84747314453125 0.29986572265625
-0.0250282287597656 0.0475425720214844 -0.13446044921875 0.6783447265625
-0.000921249389648435 0.0320186614990234 0.298858642578125 0.38580322265625
0.0185623168945313 0.0226860046386719 0.340728759765625 -0.077850341796875
0.0262203216552734 -0.00457000732421875 0.175933837890625 -0.31927490234375
0.00735998153686523 -0.00385332107543945 -0.113250732421875 0.285125732421875
0.0263023376464844 0.000396728515625 -0.2877197265625 0.014190673828125
0.00494384765625 0.0225658416748047 -0.25823974609375 -0.412322998046875
-0.0141067504882812 0.0482826232910156 0.18084716796875 -0.65887451171875
-0.0707931518554688 0.0167922973632813 0.7996826171875 -0.17547607421875
-0.087005615234375 -0.0727691650390625 0.73114013671875 0.677978515625
0.0322113037109375 -0.0903472900390625 0.09490966796875 0.7197265625
0.09814453125 -0.0861740112304688 0.031158447265625 0.0774459838867188
0.0275726318359375 -0.089630126953125 -0.01922607421875 -0.6729736328125
-0.046844482421875 -0.077056884765625 -0.73321533203125 -0.6790771484375
-0.0627250671386719 -0.00928497314453125 -0.870361328125 0.250244140625
-0.0255699157714844 0.0363349914550781 -0.17120361328125 0.6805419921875
-0.00102806091308594 0.0241775512695313 0.28509521484375 0.4117431640625
0.0163249969482422 0.0187473297119141 0.348175048828125 -0.06298828125
0.0245742797851562 -0.00187873840332031 0.186798095703125 -0.31787109375
0.00465250015258789 -0.00301790237426758 -0.104888916015625 0.28863525390625
0.0224361419677734 -0.00534439086914063 -0.285003662109375 0.030487060546875
0.00562858581542969 0.00693655014038086 -0.273712158203125 -0.390625
-0.003387451171875 0.0327224731445313 0.14166259765625 -0.6614990234375
-0.0579147338867188 0.0166778564453125 0.78045654296875 -0.22601318359375
-0.0857772827148438 -0.0562591552734375 0.76611328125 0.630126953125
0.019622802734375 -0.0754318237304688 0.1248779296875 0.73382568359375
0.0828399658203125 -0.0744705200195313 0.0185317993164063 0.112510681152344
0.0233383178710937 -0.0758285522460938 0.0106201171874999 -0.64996337890625
-0.0380668640136719 -0.0702781677246094 -0.690673828125 -0.72265625
-0.0521316528320313 -0.017242431640625 -0.89013671875 0.1966552734375
-0.0225772857666016 0.019287109375 -0.21435546875 0.68170166015625
-0.000229835510253905 0.0104360580444336 0.2662353515625 0.437774658203125
0.0116567611694336 0.0131292343139648 0.3519287109375 -0.044647216796875
0.0223674774169922 -0.0010986328125 0.198455810546875 -0.315093994140625
-0.000870347023010254 -0.00164210796356201 -0.09979248046875 0.292022705078125
0.0150947570800781 -0.0122871398925781 -0.283905029296875 0.047882080078125
0.00404644012451172 -0.0113544464111328 -0.28582763671875 -0.369720458984375
0.00808143615722656 0.0127115249633789 0.10650634765625 -0.663330078125
-0.0385971069335938 0.012237548828125 0.76409912109375 -0.27166748046875
-0.07586669921875 -0.03863525390625 0.7978515625 0.5809326171875
0.0101814270019531 -0.0503578186035156 0.15789794921875 0.741455078125
0.0602073669433594 -0.05316162109375 0.0114212036132813 0.1396484375
0.0174217224121094 -0.0510749816894531 0.03814697265625 -0.634765625
-0.0259361267089844 -0.057098388671875 -0.6512451171875 -0.7618408203125
-0.0330810546875 -0.0249099731445313 -0.9058837890625 0.14447021484375
-0.0140485763549805 -0.000746726989746091 -0.25189208984375 0.676513671875
0.00134992599487305 -0.00628757476806641 0.244842529296875 0.460662841796875
0.00588130950927734 0.00530767440795899 0.35333251953125 -0.027435302734375
0.0168685913085938 0.00054931640625 0.204315185546875 -0.310791015625
-0.00605392456054688 -0.000607967376708985 -0.09942626953125 0.294891357421875
0.00554084777832031 -0.0189094543457031 -0.28436279296875 0.061309814453125
0.000543594360351562 -0.0288829803466797 -0.297119140625 -0.35369873046875
0.017730712890625 -0.00853347778320313 0.078857421875 -0.66021728515625
-0.0174808502197266 0.00670623779296875 0.7493896484375 -0.3052978515625
-0.061187744140625 -0.0206947326660156 0.82232666015625 0.5430908203125
0.00358963012695312 -0.0199356079101563 0.184326171875 0.74053955078125
0.03448486328125 -0.0240840911865234 0.0111541748046875 0.153762817382812
0.00841331481933594 -0.0209007263183594 0.0611572265625 -0.6279296875
-0.0107040405273438 -0.0376205444335937 -0.6180419921875 -0.79156494140625
-0.00869560241699219 -0.0282382965087891 -0.9136962890625 0.10546875
-0.00298118591308594 -0.0201072692871094 -0.2823486328125 0.67242431640625
0.00446510314941406 -0.0228214263916016 0.226165771484375 0.47686767578125
-0.00105381011962891 -0.00271463394165039 0.349334716796875 -0.012237548828125
0.0111188888549805 0.000848770141601562 0.20452880859375 -0.3067626953125
-0.0134525299072266 0.000924110412597655 -0.102813720703125 0.298858642578125
-0.00368499755859375 -0.0243358612060547 -0.288970947265625 0.07086181640625
-0.00357437133789062 -0.0434494018554688 -0.306304931640625 -0.3438720703125
0.0274314880371094 -0.0259571075439453 0.0632324218750001 -0.65911865234375
0.00357985496520996 -0.000179529190063477 0.7410888671875 -0.32025146484375
-0.0428428649902344 -0.00517654418945312 0.83258056640625 0.520751953125
0.000631332397460938 0.0107765197753906 0.19915771484375 0.7325439453125
0.00935554504394531 0.00793647766113281 0.0170440673828125 0.153152465820313
-0.000438690185546875 0.0110893249511719 0.07861328125 -0.63323974609375
0.00462436676025391 -0.0163631439208984 -0.59625244140625 -0.8138427734375
0.0157032012939453 -0.0280742645263672 -0.91607666015625 0.0828857421875
0.00864410400390625 -0.0366668701171875 -0.29852294921875 0.66705322265625
0.00540924072265625 -0.0374755859375 0.21173095703125 0.483123779296875
-0.00769329071044922 -0.0107631683349609 0.3427734375 -0.00335693359375
0.00358223915100098 0.0016181468963623 0.19744873046875 -0.3046875
-0.0200386047363281 0.00149345397949219 -0.11151123046875 0.300994873046875
-0.0113677978515625 -0.0276660919189453 -0.29541015625 0.0751953125
-0.007568359375 -0.05242919921875 -0.31005859375 -0.34295654296875
0.03302001953125 -0.0374298095703125 0.06268310546875 -0.6585693359375
0.0207843780517578 -0.00509262084960938 0.74456787109375 -0.31768798828125
-0.0245876312255859 0.00591468811035156 0.8331298828125 0.5186767578125
0.000644683837890625 0.0382194519042969 0.20452880859375 0.719482421875
-0.0117378234863281 0.0372581481933594 0.02935791015625 0.137809753417969
-0.0071258544921875 0.0405082702636719 0.08343505859375 -0.64910888671875
0.0190811157226563 0.00160980224609375 -0.594970703125 -0.81884765625
0.0367927551269531 -0.0273895263671875 -0.910888671875 0.0823974609375001
0.0195846557617188 -0.0481948852539063 -0.2978515625 0.6619873046875
0.0073394775390625 -0.0475196838378906 0.205169677734375 0.4820556640625
-0.0142526626586914 -0.0166530609130859 0.333953857421875 -0.001251220703125
-0.00156974792480469 0.000689387321472168 0.188232421875 -0.30426025390625
-0.0250415802001953 0.00170135498046876 -0.12237548828125 0.30291748046875
-0.0177783966064453 -0.0301303863525391 -0.3038330078125 0.07257080078125
-0.008819580078125 -0.0559120178222656 -0.31024169921875 -0.35113525390625
0.0388717651367188 -0.0425300598144531 0.077392578125 -0.660400390625
0.0327415466308594 -0.00726318359375 0.7574462890625 -0.2994384765625
-0.0104341506958008 0.0143518447875977 0.822509765625 0.5340576171875
0.00242996215820313 0.0581626892089844 0.19525146484375 0.7034912109375
-0.0250892639160156 0.0595207214355469 0.0456466674804688 0.110679626464844
-0.00880050659179687 0.0623626708984375 0.0797119140625 -0.672607421875
0.0318984985351563 0.0124797821044922 -0.614501953125 -0.81256103515625
0.0501556396484375 -0.026153564453125 -0.904296875 0.10357666015625
0.0247459411621094 -0.05218505859375 -0.2813720703125 0.664794921875
0.00554275512695313 -0.0507087707519531 0.207366943359375 0.469970703125
-0.0191402435302734 -0.0186920166015625 0.3258056640625 -0.00701904296875
-0.00608301162719726 0.00043964385986328 0.17303466796875 -0.304840087890625
0.00957012176513672 -0.00581169128417969 -0.12261962890625 0.285736083984375
0.0282688140869141 0.00668525695800781 -0.294891357421875 0.00421142578125
0.003509521484375 0.0344734191894531 -0.252655029296875 -0.431365966796875
-0.0209884643554688 0.0581245422363281 0.2080078125 -0.6602783203125
-0.0762939453125 0.01654052734375 0.81488037109375 -0.13946533203125
-0.081085205078125 -0.078887939453125 0.70440673828125 0.70452880859375
0.0418243408203125 -0.0936279296875 0.07720947265625 0.6951904296875
0.102691650390625 -0.087005615234375 0.0477218627929688 0.0382423400878906
0.0275802612304688 -0.0920639038085937 -0.0546874999999999 -0.69305419921875
-0.0494003295898437 -0.076171875 -0.7794189453125 -0.6268310546875
-0.0645294189453125 0.000598907470703119 -0.8416748046875 0.31170654296875
-0.024139404296875 0.0481491088867188 -0.12353515625 0.681884765625
-0.000677108764648435 0.0329437255859375 0.303619384765625 0.383148193359375
0.0184898376464844 0.0226879119873047 0.339141845703125 -0.083465576171875
0.0262546539306641 -0.00482368469238281 0.1697998046875 -0.322784423828125
0.00840425491333008 -0.00394344329833984 -0.108123779296875 0.2867431640625
0.0271263122558594 0.000568389892578125 -0.288726806640625 0.01885986328125
0.00530433654785156 0.0229854583740234 -0.26422119140625 -0.4090576171875
-0.0130195617675781 0.0477027893066406 0.171630859375 -0.6612548828125
-0.0715255737304688 0.0185699462890625 0.79669189453125 -0.184814453125
-0.0880966186523437 -0.07061767578125 0.74114990234375 0.6680908203125
0.031768798828125 -0.0913543701171875 0.1046142578125 0.71881103515625
0.0968093872070312 -0.0887527465820312 0.0319595336914063 0.077117919921875
0.02703857421875 -0.08966064453125 -0.0296020507812501 -0.67315673828125
-0.0481491088867187 -0.0764236450195313 -0.74560546875 -0.67041015625
-0.06378173828125 -0.00907135009765626 -0.86614990234375 0.26373291015625
-0.0249176025390625 0.0364265441894531 -0.16094970703125 0.68408203125
-0.000629425048828123 0.0241584777832031 0.290740966796875 0.4072265625
0.0172309875488281 0.0193424224853516 0.346893310546875 -0.0692138671875
0.0254955291748047 -0.00284576416015625 0.1817626953125 -0.320953369140625
0.00548696517944336 -0.00318002700805664 -0.10003662109375 0.289947509765625
0.0234222412109375 -0.00567817687988281 -0.284698486328125 0.035125732421875
0.0055241584777832 0.00642013549804688 -0.279205322265625 -0.38525390625
-0.00305938720703125 0.0321884155273438 0.13232421875 -0.6646728515625
-0.0580787658691406 0.0167503356933594 0.7779541015625 -0.23748779296875
-0.0868606567382812 -0.0550155639648438 0.7757568359375 0.6202392578125
0.019744873046875 -0.0761947631835938 0.1351318359375 0.732421875
0.0813369750976563 -0.076080322265625 0.0191116333007812 0.111785888671875
0.02301025390625 -0.0755462646484375 0.00170898437499997 -0.65087890625
-0.0393409729003906 -0.0699005126953125 -0.7037353515625 -0.710693359375
-0.0525856018066406 -0.0174942016601563 -0.88848876953125 0.2115478515625
-0.0220279693603516 0.0195579528808594 -0.203857421875 0.68475341796875
0.000297546386718751 0.00997257232666016 0.273895263671875 0.433441162109375
0.0124578475952148 0.0131521224975586 0.35223388671875 -0.0506591796875
0.02239990234375 -0.00130462646484375 0.193359375 -0.318939208984375
0.000986933708190918 -0.00172913074493408 -0.09417724609375 0.292938232421875
0.0152273178100586 -0.0126943588256836 -0.2828369140625 0.052459716796875
0.00396823883056641 -0.011662483215332 -0.291229248046875 -0.364776611328125
0.0078277587890625 0.0118446350097656 0.09686279296875 -0.66455078125
-0.0386543273925781 0.0137519836425781 0.75830078125 -0.2818603515625
-0.0769500732421875 -0.0364608764648438 0.80853271484375 0.5687255859375
0.00949478149414062 -0.0496749877929688 0.16693115234375 0.7379150390625
0.0596847534179688 -0.053680419921875 0.0118865966796875 0.139259338378906
0.0175247192382813 -0.0508918762207031 0.03057861328125 -0.6357421875
-0.0267181396484375 -0.0561103820800781 -0.66259765625 -0.7503662109375
-0.0338306427001953 -0.0247440338134766 -0.90484619140625 0.15936279296875
-0.0142917633056641 -0.00100994110107422 -0.241943359375 0.681640625
0.00141572952270508 -0.00624179840087891 0.251922607421875 0.458404541015625
0.00633430480957031 0.0055389404296875 0.352630615234375 -0.032745361328125
0.0166959762573242 -8.96453857421875E-05 0.1995849609375 -0.314666748046875
-0.00494527816772461 -0.000359535217285157 -0.094940185546875 0.295806884765625
0.00604248046875 -0.0196781158447266 -0.283905029296875 0.0654296875
0.000637054443359372 -0.0294113159179688 -0.303131103515625 -0.34783935546875
0.0179481506347656 -0.00874519348144531 0.0684814453125 -0.66253662109375
-0.0175027847290039 0.00635528564453125 0.744140625 -0.31439208984375
-0.0618896484375 -0.01885986328125 0.8309326171875 0.53076171875
0.003326416015625 -0.0203418731689453 0.19476318359375 0.73553466796875
0.0334568023681641 -0.0244941711425781 0.012542724609375 0.15289306640625
0.00863075256347656 -0.0201148986816406 0.05322265625 -0.63031005859375
-0.0116806030273437 -0.037811279296875 -0.6312255859375 -0.7818603515625
-0.0100841522216797 -0.0287227630615234 -0.91241455078125 0.119140625
-0.00333213806152344 -0.020660400390625 -0.27197265625 0.67816162109375
0.00365447998046875 -0.0227718353271484 0.233184814453125 0.47650146484375
-0.00120973587036133 -0.0030517578125 0.348876953125 -0.016937255859375
0.0107574462890625 0.000902175903320312 0.200836181640625 -0.31097412109375
-0.012730598449707 0.000901222229003906 -0.09814453125 0.298095703125
-0.00346755981445313 -0.02447509765625 -0.288238525390625 0.075225830078125
-0.00516128540039063 -0.0429039001464844 -0.31097412109375 -0.338134765625
0.0267143249511719 -0.0257987976074219 0.0542602539062499 -0.65960693359375
0.0024111270904541 -0.000722646713256836 0.7366943359375 -0.330810546875
-0.0434799194335938 -0.00445175170898437 0.84063720703125 0.5084228515625
0.00115013122558594 0.0111074447631836 0.20928955078125 0.72821044921875
0.00903797149658203 0.00744819641113281 0.0186614990234375 0.152374267578125
-0.00049591064453125 0.0122613906860352 0.0706787109375 -0.633056640625
0.00399494171142578 -0.0163354873657227 -0.6085205078125 -0.80352783203125
0.0144004821777344 -0.0290870666503906 -0.91619873046875 0.09661865234375
0.00915145874023437 -0.0371322631835938 -0.28900146484375 0.672119140625
0.00571823120117188 -0.0378875732421875 0.219207763671875 0.481842041015625
-0.0080718994140625 -0.0100593566894531 0.342529296875 -0.008514404296875
0.00464725494384766 0.000863075256347656 0.19305419921875 -0.307708740234375
-0.0191669464111328 0.00160026550292968 -0.10711669921875 0.30224609375
-0.0116367340087891 -0.0276985168457031 -0.294036865234375 0.0793457031250001
-0.00830459594726563 -0.05218505859375 -0.31695556640625 -0.3367919921875
0.0333938598632812 -0.0382614135742188 0.052490234375 -0.65704345703125
0.0201358795166016 -0.00552940368652344 0.73809814453125 -0.3287353515625
-0.0247020721435547 0.00735664367675781 0.84161376953125 0.50634765625
0.0012664794921875 0.0382347106933594 0.21380615234375 0.71539306640625
-0.0108375549316406 0.0372581481933594 0.0309066772460938 0.137313842773438
-0.006195068359375 0.041046142578125 0.0761718749999999 -0.64862060546875
0.0190715789794922 0.000898361206054688 -0.608642578125 -0.8115234375
0.035797119140625 -0.0284385681152344 -0.91131591796875 0.0953979492187502
0.0183219909667969 -0.0478782653808594 -0.287841796875 0.6690673828125
0.00592803955078125 -0.0471534729003906 0.211761474609375 0.479400634765625
-0.0142049789428711 -0.0158777236938477 0.334930419921875 -0.0067138671875
-0.0019538402557373 0.000746250152587891 0.18341064453125 -0.307037353515625
-0.024169921875 0.00178146362304688 -0.117462158203125 0.30377197265625
-0.0174522399902344 -0.0298004150390625 -0.30322265625 0.0767822265625
-0.0109748840332031 -0.055389404296875 -0.316925048828125 -0.346221923828125
0.0383682250976563 -0.0434951782226563 0.0654296875000001 -0.661376953125
0.0332126617431641 -0.00701904296875 0.7518310546875 -0.31195068359375
-0.0103607177734375 0.0153007507324219 0.83074951171875 0.52032470703125
0.00343704223632813 0.0580062866210938 0.20526123046875 0.69879150390625
-0.0245895385742187 0.0601959228515625 0.0468521118164062 0.11029052734375
-0.00825119018554688 0.0629844665527344 0.0706787109375 -0.67315673828125
0.0309600830078125 0.0118446350097656 -0.62567138671875 -0.80340576171875
0.0503578186035156 -0.0268936157226563 -0.90386962890625 0.11822509765625
0.0240440368652344 -0.0524253845214844 -0.27117919921875 0.6712646484375
0.00554656982421875 -0.0505218505859375 0.215576171875 0.467742919921875
-0.0197105407714844 -0.0178623199462891 0.326202392578125 -0.01153564453125
-0.00590276718139648 0.00092458724975586 0.1678466796875 -0.3076171875
0.0110569000244141 -0.00584983825683594 -0.11767578125 0.286041259765625
0.0284194946289062 0.00642204284667969 -0.295166015625 0.00762939453125006
0.00317955017089844 0.0344276428222656 -0.25897216796875 -0.426361083984375
-0.0205726623535156 0.0579414367675781 0.19708251953125 -0.66131591796875
-0.0761871337890625 0.0177383422851562 0.81182861328125 -0.15167236328125
-0.082122802734375 -0.0771865844726562 0.714111328125 0.69287109375
0.04034423828125 -0.09368896484375 0.0865478515625001 0.6923828125
0.101959228515625 -0.08819580078125 0.0478935241699219 0.0380020141601562
0.0270843505859375 -0.0923309326171875 -0.0648193359375 -0.69171142578125
-0.0503997802734375 -0.075469970703125 -0.78741455078125 -0.6141357421875
-0.0654487609863281 0.000942230224609371 -0.83819580078125 0.32562255859375
-0.0231285095214844 0.0480880737304688 -0.1134033203125 0.68365478515625
-6.86645507812515E-05 0.0328655242919922 0.309295654296875 0.377227783203125
0.0196495056152344 0.0220146179199219 0.338104248046875 -0.087890625
0.0265827178955078 -0.00541496276855469 0.165435791015625 -0.325958251953125
0.00942134857177734 -0.00344753265380859 -0.10308837890625 0.28692626953125
0.0283336639404297 0.000108718872070313 -0.28790283203125 0.023406982421875
0.00577163696289063 0.0232486724853516 -0.270538330078125 -0.4053955078125
-0.0125694274902344 0.04736328125 0.16107177734375 -0.66436767578125
-0.07080078125 0.0191192626953125 0.79241943359375 -0.197509765625
-0.0886459350585938 -0.067901611328125 0.75018310546875 0.65576171875
0.0314178466796875 -0.0914459228515625 0.11260986328125 0.71466064453125
0.09619140625 -0.08843994140625 0.032806396484375 0.0758590698242188
0.0254364013671875 -0.0899734497070312 -0.0362548828124999 -0.671630859375
-0.049163818359375 -0.0751876831054688 -0.75396728515625 -0.6578369140625
-0.0642890930175781 -0.00817489624023437 -0.861572265625 0.27587890625
-0.0243949890136719 0.0368499755859375 -0.15130615234375 0.68682861328125
-0.000280380249023436 0.0245227813720703 0.296234130859375 0.40216064453125
0.0172748565673828 0.0186767578125 0.3458251953125 -0.073272705078125
0.0250968933105469 -0.00237655639648438 0.176055908203125 -0.323272705078125
0.00640153884887695 -0.00341224670410156 -0.094207763671875 0.290740966796875
0.0239429473876953 -0.00561332702636719 -0.28424072265625 0.03924560546875
0.00559663772583008 0.00678300857543945 -0.28411865234375 -0.381317138671875
-0.00341224670410156 0.0314998626708984 0.12298583984375 -0.66455078125
-0.0578880310058594 0.0180931091308594 0.77362060546875 -0.2486572265625
-0.0867996215820312 -0.05255126953125 0.7835693359375 0.6058349609375
0.019287109375 -0.0753326416015625 0.14447021484375 0.7275390625
0.0806427001953125 -0.0770187377929687 0.0203323364257812 0.112091064453125
0.022552490234375 -0.0759658813476563 -0.00616455078124998 -0.64886474609375
-0.0409774780273437 -0.0695381164550781 -0.71197509765625 -0.6995849609375
-0.0543899536132813 -0.0165824890136719 -0.88433837890625 0.22369384765625
-0.0222148895263672 0.0194835662841797 -0.1929931640625 0.68780517578125
0.000699996948242187 0.010380744934082 0.27923583984375 0.429229736328125
0.0128984451293945 0.012939453125 0.35076904296875 -0.055419921875
0.0225296020507813 -0.0016632080078125 0.187835693359375 -0.321380615234375
0.00187671184539795 -0.000976324081420898 -0.089080810546875 0.292510986328125
0.0160322189331055 -0.0135202407836914 -0.282440185546875 0.056243896484375
0.00317764282226563 -0.0111446380615234 -0.297271728515625 -0.359954833984375
0.00745391845703125 0.0115823745727539 0.08648681640625 -0.66229248046875
-0.0386238098144531 0.0132637023925781 0.75445556640625 -0.2918701171875
-0.0769195556640625 -0.0350799560546875 0.815673828125 0.55657958984375
0.00936508178710938 -0.0506477355957031 0.17694091796875 0.73187255859375
0.0577621459960938 -0.0544929504394531 0.0147018432617187 0.138435363769531
0.0163002014160156 -0.0511245727539063 0.0218505859375 -0.63525390625
-0.0281562805175781 -0.0561752319335938 -0.66998291015625 -0.738525390625
-0.0350189208984375 -0.0246524810791016 -0.89886474609375 0.17236328125
-0.0153274536132813 -0.000924110412597655 -0.2314453125 0.685791015625
0.00191688537597656 -0.00569868087768555 0.2586669921875 0.4530029296875
0.00689315795898438 0.00561094284057617 0.352264404296875 -0.038238525390625
0.0176372528076172 -0.000673294067382813 0.19342041015625 -0.3173828125
-0.00397276878356934 -0.000227451324462891 -0.08929443359375 0.296051025390625
0.00656890869140625 -0.0189895629882813 -0.282867431640625 0.0691528320312501
-0.000734329223632814 -0.0285682678222656 -0.308746337890625 -0.342681884765625
0.0168619155883789 -0.00916671752929688 0.0584716796875 -0.6597900390625
-0.0175390243530273 0.00658988952636719 0.73785400390625 -0.3243408203125
-0.0614547729492187 -0.0176315307617187 0.83673095703125 0.51812744140625
0.00310897827148437 -0.0201339721679688 0.20281982421875 0.73095703125
0.0328483581542969 -0.0246734619140625 0.0146942138671875 0.152801513671875
0.0085296630859375 -0.0202808380126953 0.0446166992187501 -0.6278076171875
-0.0127906799316406 -0.0370368957519531 -0.642578125 -0.7711181640625
-0.0112857818603516 -0.0279979705810547 -0.91082763671875 0.132568359375
-0.00334739685058594 -0.0199241638183594 -0.2598876953125 0.68267822265625
0.00285148620605469 -0.0226993560791016 0.2401123046875 0.47149658203125
-0.00119805335998535 -0.00307798385620117 0.3487548828125 -0.023101806640625
0.010986328125 0.000641822814941406 0.19488525390625 -0.313446044921875
-0.0116767883300781 0.0022878646850586 -0.09271240234375 0.29949951171875
-0.00295066833496094 -0.0241718292236328 -0.286163330078125 0.078887939453125
-0.00540542602539063 -0.0423049926757813 -0.3160400390625 -0.332275390625
0.0253219604492188 -0.0270252227783203 0.04473876953125 -0.6578369140625
0.00223207473754883 -0.000333309173583984 0.7308349609375 -0.34027099609375
-0.0424919128417969 -0.00262451171874999 0.8475341796875 0.49603271484375
0.00214385986328125 0.0108165740966797 0.21826171875 0.72332763671875
0.00915622711181641 0.00729465484619141 0.0200347900390625 0.151031494140625
0.000783920288085939 0.0128374099731445 0.0618896484374999 -0.63323974609375
0.00280189514160156 -0.0173320770263672 -0.62054443359375 -0.79400634765625
0.0134544372558594 -0.0295619964599609 -0.91326904296875 0.10943603515625
0.00820159912109375 -0.0377769470214844 -0.2783203125 0.67718505859375
0.00472640991210937 -0.0373916625976562 0.2255859375 0.477996826171875
-0.00787734985351563 -0.0107173919677734 0.342315673828125 -0.014312744140625
0.00467443466186523 0.00123167037963867 0.188446044921875 -0.310638427734375
-0.0183238983154297 0.00242996215820312 -0.101318359375 0.3021240234375
-0.0117206573486328 -0.0271759033203125 -0.29229736328125 0.083251953125
-0.00915527343750001 -0.0514907836914063 -0.320343017578125 -0.332275390625
0.0315361022949219 -0.0388755798339844 0.04327392578125 -0.65679931640625
0.0197181701660156 -0.00586700439453125 0.7332763671875 -0.33880615234375
-0.0240001678466797 0.00756454467773438 0.84747314453125 0.4925537109375
0.00255584716796875 0.0380058288574219 0.221435546875 0.709228515625
-0.0110664367675781 0.0368270874023438 0.03216552734375 0.136192321777344
-0.00562667846679687 0.0409736633300781 0.0662841796875 -0.64886474609375
0.0181026458740234 0.000238418579101562 -0.6182861328125 -0.80096435546875
0.0343074798583984 -0.0293521881103516 -0.9107666015625 0.1085205078125
0.0173492431640625 -0.0481224060058594 -0.27838134765625 0.67449951171875
0.00619125366210938 -0.0467071533203125 0.219635009765625 0.476318359375
-0.0144491195678711 -0.0151491165161133 0.333770751953125 -0.0111083984375
-0.000917792320251465 0.000551581382751465 0.178070068359375 -0.30950927734375
-0.0231304168701172 0.00238990783691407 -0.112213134765625 0.304229736328125
-0.0174846649169922 -0.0287971496582031 -0.30133056640625 0.0820922851562501
-0.0118637084960937 -0.0550041198730469 -0.3209228515625 -0.341094970703125
0.0373497009277344 -0.0440254211425781 0.0562744140625 -0.66119384765625
0.0321292877197266 -0.00775337219238281 0.74603271484375 -0.3199462890625
-0.0102214813232422 0.0157899856567383 0.836669921875 0.50811767578125
0.00494003295898437 0.0573883056640625 0.21484375 0.6925048828125
-0.02325439453125 0.0606193542480469 0.0476913452148438 0.108673095703125
-0.007049560546875 0.06182861328125 0.0622558593749999 -0.67352294921875
0.0302448272705078 0.0107173919677734 -0.6375732421875 -0.79327392578125
0.0491828918457031 -0.0290298461914062 -0.90191650390625 0.13287353515625
0.0224418640136719 -0.0532379150390625 -0.2618408203125 0.67498779296875
0.0041351318359375 -0.050933837890625 0.22100830078125 0.465545654296875
-0.0186939239501953 -0.0187568664550781 0.32489013671875 -0.016876220703125
-0.00554752349853516 0.000568389892578125 0.162994384765625 -0.310333251953125
0.0124244689941406 -0.00670242309570313 -0.112884521484375 0.286895751953125
0.0289745330810547 0.00552940368652344 -0.29425048828125 0.011505126953125
0.00383377075195312 0.0351524353027344 -0.2645263671875 -0.419647216796875
-0.01910400390625 0.0582962036132813 0.18878173828125 -0.6611328125
-0.0759353637695313 0.0186920166015625 0.80596923828125 -0.16229248046875
-0.083221435546875 -0.0749969482421875 0.7218017578125 0.6810302734375
0.0404281616210938 -0.0948104858398438 0.09368896484375 0.68768310546875
0.100296020507813 -0.0889739990234375 0.0469970703125 0.036956787109375
0.0257568359375 -0.0927734375 -0.0731201171875 -0.68731689453125
-0.0515060424804687 -0.074615478515625 -0.79278564453125 -0.600341796875
-0.065765380859375 0.00107574462890626 -0.8287353515625 0.33551025390625
-0.0227928161621094 0.0488815307617187 -0.10186767578125 0.68475341796875
0.000793457031250003 0.0322780609130859 0.312469482421875 0.372344970703125
0.0194320678710938 0.0222511291503906 0.335723876953125 -0.09295654296875
0.0269966125488281 -0.00592231750488281 0.159698486328125 -0.32666015625
0.0106315612792969 -0.00405597686767578 -0.097869873046875 0.28704833984375
0.0283699035644531 0.00018310546875 -0.2867431640625 0.027130126953125
0.00558853149414062 0.0233497619628906 -0.275909423828125 -0.399200439453125
-0.0122184753417969 0.0470199584960937 0.15203857421875 -0.6627197265625
-0.0712509155273438 0.020416259765625 0.78704833984375 -0.20782470703125
-0.08843994140625 -0.0660781860351563 0.75787353515625 0.64288330078125
0.0301284790039063 -0.0913772583007813 0.12152099609375 0.7099609375
0.0942840576171875 -0.0898361206054687 0.0320892333984375 0.0748519897460937
0.0251922607421875 -0.089324951171875 -0.046875 -0.6673583984375
-0.0497894287109375 -0.073974609375 -0.75732421875 -0.64495849609375
-0.0647125244140625 -0.00743865966796874 -0.85601806640625 0.2884521484375
-0.0246009826660156 0.0370025634765625 -0.14013671875 0.68768310546875
0.000665664672851565 0.0248222351074219 0.3013916015625 0.397125244140625
0.017059326171875 0.0185527801513672 0.342041015625 -0.078857421875
0.0251407623291016 -0.00350761413574219 0.1693115234375 -0.325469970703125
0.00793361663818359 -0.00342369079589844 -0.089996337890625 0.290740966796875
0.0241241455078125 -0.00593185424804688 -0.28265380859375 0.043731689453125
0.0056004524230957 0.00706815719604492 -0.289398193359375 -0.3748779296875
-0.00219345092773437 0.0315685272216797 0.1114501953125 -0.662353515625
-0.0574493408203125 0.0188217163085938 0.76806640625 -0.2568359375
-0.0865020751953125 -0.0508956909179688 0.79107666015625 0.59423828125
0.0188980102539063 -0.0755538940429688 0.15216064453125 0.72125244140625
0.0786972045898438 -0.0775985717773438 0.020965576171875 0.111557006835937
0.02191162109375 -0.0755157470703125 -0.0146484374999999 -0.64569091796875
-0.0422210693359375 -0.0676536560058594 -0.71954345703125 -0.68585205078125
-0.0539970397949219 -0.0158042907714844 -0.87835693359375 0.23785400390625
-0.02203369140625 0.0199356079101562 -0.1815185546875 0.68951416015625
0.00107002258300781 0.0106220245361328 0.28338623046875 0.42523193359375
0.0132560729980469 0.0124626159667969 0.348846435546875 -0.0606689453125
0.0223350524902344 -0.002197265625 0.1822509765625 -0.3233642578125
0.00349783897399902 -0.00156998634338379 -0.08416748046875 0.292877197265625
0.0164852142333984 -0.012690544128418 -0.28076171875 0.0604705810546875
0.00321865081787109 -0.0108909606933594 -0.3017578125 -0.35430908203125
0.00751876831054687 0.0115327835083008 0.07781982421875 -0.66217041015625
-0.039093017578125 0.0146522521972656 0.7474365234375 -0.30096435546875
-0.0770111083984375 -0.0333023071289063 0.8216552734375 0.5435791015625
0.00893020629882813 -0.0508308410644531 0.18798828125 0.72698974609375
0.0571975708007813 -0.0544090270996094 0.0150604248046875 0.137458801269531
0.0164985656738281 -0.0503883361816406 0.0128173828124999 -0.6319580078125
-0.0294113159179688 -0.0555648803710937 -0.6798095703125 -0.7266845703125
-0.0362358093261719 -0.0247421264648438 -0.89483642578125 0.18524169921875
-0.0146722793579102 -0.000881195068359372 -0.22039794921875 0.68701171875
0.00180721282958984 -0.00568342208862305 0.264556884765625 0.449310302734375
0.00673389434814453 0.00548410415649414 0.35015869140625 -0.042205810546875
0.0170040130615234 -0.00160694122314453 0.188262939453125 -0.319488525390625
-0.00316309928894043 0.000170469284057617 -0.084197998046875 0.2952880859375
0.00627899169921875 -0.0187587738037109 -0.280166625976563 0.072998046875
-0.00139427185058594 -0.0284099578857422 -0.312103271484375 -0.33740234375
0.0168218612670898 -0.00977706909179688 0.0490722656249999 -0.65802001953125
-0.0178928375244141 0.00740623474121094 0.73223876953125 -0.33209228515625
-0.0615806579589844 -0.01556396484375 0.8416748046875 0.5047607421875
0.00345230102539063 -0.0201988220214844 0.21270751953125 0.7249755859375
0.0324134826660156 -0.0255146026611328 0.015533447265625 0.151214599609375
0.00844001770019531 -0.0205059051513672 0.03656005859375 -0.62713623046875
-0.0142745971679687 -0.0365943908691406 -0.65057373046875 -0.75982666015625
-0.0119533538818359 -0.0289669036865234 -0.90667724609375 0.1470947265625
-0.00440025329589844 -0.0201416015625 -0.248779296875 0.68560791015625
0.00371170043945313 -0.0232086181640625 0.246307373046875 0.467559814453125
-0.00108110904693604 -0.00219357013702393 0.3465576171875 -0.02703857421875
0.0111236572265625 -0.00011444091796875 0.18975830078125 -0.3148193359375
-0.0104837417602539 0.00181007385253906 -0.087188720703125 0.298828125
-0.00325202941894531 -0.0234737396240234 -0.28375244140625 0.0828247070312499
-0.00635528564453125 -0.0417022705078125 -0.321258544921875 -0.3262939453125
0.0250968933105469 -0.0281772613525391 0.0341796875000001 -0.65618896484375
0.00236129760742188 -0.000381231307983398 0.7215576171875 -0.34832763671875
-0.0426406860351563 -0.00173187255859375 0.85162353515625 0.482666015625
0.00205135345458985 0.0110158920288086 0.2271728515625 0.71527099609375
0.00885677337646484 0.00753974914550781 0.021942138671875 0.150634765625
0.000814437866210937 0.0121650695800781 0.0545043945312499 -0.63104248046875
0.00230216979980469 -0.0163717269897461 -0.62860107421875 -0.78253173828125
0.0123062133789062 -0.0301666259765625 -0.9085693359375 0.12298583984375
0.0068511962890625 -0.0380859375 -0.26806640625 0.67974853515625
0.005126953125 -0.0375595092773438 0.2318115234375 0.472686767578125
-0.00879383087158203 -0.0103015899658203 0.340545654296875 -0.0186767578125
0.00455617904663086 4.52995300292969E-05 0.18267822265625 -0.31201171875
-0.0163612365722656 0.0023508071899414 -0.0960693359375 0.301422119140625
-0.0116024017333984 -0.0271320343017578 -0.29034423828125 0.085968017578125
-0.0104255676269531 -0.050750732421875 -0.324920654296875 -0.32568359375
0.0313529968261719 -0.0404090881347656 0.034423828125 -0.65496826171875
0.019256591796875 -0.00649452209472656 0.72625732421875 -0.34735107421875
-0.0245189666748047 0.00919532775878907 0.85113525390625 0.4781494140625
0.00324249267578125 0.0377655029296875 0.23089599609375 0.70135498046875
-0.0107574462890625 0.036590576171875 0.03277587890625 0.135208129882813
-0.0050506591796875 0.0415077209472656 0.0599365234374999 -0.646240234375
0.0175304412841797 -2.288818359375E-05 -0.62664794921875 -0.7880859375
0.0337753295898438 -0.0305461883544922 -0.90484619140625 0.122802734375
0.0169792175292969 -0.0489120483398438 -0.2662353515625 0.67681884765625
0.00566864013671875 -0.0476837158203125 0.224700927734375 0.471649169921875
-0.0145235061645508 -0.0159587860107422 0.331634521484375 -0.0157470703125
-0.00125384330749512 0.000995993614196778 0.1722412109375 -0.31134033203125
-0.0216159820556641 0.00290298461914063 -0.107025146484375 0.30389404296875
-0.0171623229980469 -0.0283012390136719 -0.2991943359375 0.084503173828125
-0.0121917724609375 -0.0542831420898438 -0.326141357421875 -0.3353271484375
0.0365257263183594 -0.0443115234375 0.0447998046875001 -0.65673828125
0.0317897796630859 -0.00818252563476563 0.73809814453125 -0.3289794921875
-0.00928020477294922 0.0169973373413086 0.8424072265625 0.49456787109375
0.00558853149414062 0.0579299926757813 0.221435546875 0.68621826171875
-0.0232162475585937 0.0610275268554687 0.0491104125976563 0.107284545898438
-0.00519561767578125 0.0622062683105469 0.0518798828125001 -0.67108154296875
0.0305595397949219 0.0103874206542969 -0.64605712890625 -0.78057861328125
0.0479545593261719 -0.02947998046875 -0.89605712890625 0.14654541015625
0.02227783203125 -0.053070068359375 -0.25140380859375 0.6783447265625
0.00366592407226562 -0.0507698059082031 0.22760009765625 0.460693359375
-0.0190010070800781 -0.0178489685058594 0.32379150390625 -0.02117919921875
-0.00565099716186523 0.00131511688232422 0.15771484375 -0.311859130859375
0.0137014389038086 -0.00654697418212891 -0.10894775390625 0.286285400390625
0.0291824340820312 0.00510787963867187 -0.2933349609375 0.016143798828125
0.00398826599121094 0.0347537994384766 -0.26885986328125 -0.414886474609375
-0.0185737609863281 0.0570068359375 0.17828369140625 -0.659912109375
-0.0756301879882813 0.0199508666992188 0.7989501953125 -0.17083740234375
-0.0831375122070313 -0.072479248046875 0.72601318359375 0.66790771484375
0.0395660400390625 -0.0951995849609375 0.10101318359375 0.680908203125
0.098297119140625 -0.08966064453125 0.0471763610839844 0.0352897644042969
0.0253372192382813 -0.0910873413085937 -0.0810546875 -0.68304443359375
-0.0528793334960938 -0.0724716186523438 -0.796142578125 -0.587646484375
-0.0664138793945313 0.00243759155273437 -0.8199462890625 0.3460693359375
-0.0228729248046875 0.0483818054199219 -0.09185791015625 0.68402099609375
0.00161552429199219 0.0322818756103516 0.317169189453125 0.366607666015625
0.0197277069091797 0.0221080780029297 0.33184814453125 -0.09759521484375
0.0259456634521484 -0.00623893737792969 0.153900146484375 -0.32806396484375
0.0117769241333008 -0.00416374206542969 -0.093292236328125 0.2867431640625
0.0282955169677734 -0.000741958618164063 -0.28533935546875 0.030670166015625
0.00637435913085937 0.0232181549072266 -0.28033447265625 -0.393096923828125
-0.0116310119628906 0.0463142395019531 0.14227294921875 -0.6593017578125
-0.0710067749023437 0.021026611328125 0.78057861328125 -0.21588134765625
-0.0886917114257812 -0.064239501953125 0.76226806640625 0.62969970703125
0.0292816162109375 -0.0912399291992187 0.1290283203125 0.70166015625
0.0919647216796875 -0.0898590087890625 0.0328140258789063 0.0749588012695313
0.0239639282226562 -0.0888595581054688 -0.05322265625 -0.66265869140625
-0.0516204833984375 -0.0732269287109375 -0.7635498046875 -0.62847900390625
-0.0652313232421875 -0.00559234619140626 -0.8455810546875 0.29937744140625
-0.0240669250488281 0.0369911193847656 -0.13043212890625 0.688232421875
0.0011444091796875 0.0244941711425781 0.304656982421875 0.392913818359375
0.0180511474609375 0.0182342529296875 0.340240478515625 -0.082977294921875
0.0253829956054688 -0.00355148315429688 0.1649169921875 -0.325469970703125
0.00870990753173828 -0.00380325317382813 -0.08587646484375 0.288726806640625
0.0248279571533203 -0.00591659545898438 -0.28045654296875 0.04730224609375
0.00581979751586914 0.00696945190429688 -0.29290771484375 -0.369598388671875
-0.00210189819335937 0.0305213928222656 0.1036376953125 -0.6597900390625
-0.0570793151855469 0.0197334289550781 0.759033203125 -0.2657470703125
-0.0870819091796875 -0.0485458374023438 0.7940673828125 0.57940673828125
0.0179595947265625 -0.0755233764648438 0.160400390625 0.71435546875
0.0766143798828125 -0.078094482421875 0.0210800170898437 0.110221862792969
0.0210800170898438 -0.0750045776367188 -0.02197265625 -0.64178466796875
-0.0425491333007813 -0.0673637390136719 -0.722900390625 -0.6724853515625
-0.0551376342773438 -0.0157012939453125 -0.87127685546875 0.24786376953125
-0.0217170715332031 0.0200004577636719 -0.171630859375 0.6893310546875
0.00134658813476563 0.0106639862060547 0.287017822265625 0.419403076171875
0.0137758255004883 0.0123252868652344 0.345977783203125 -0.0650634765625
0.0230045318603516 -0.00277519226074219 0.176727294921875 -0.324432373046875
0.00415325164794922 -0.00141310691833496 -0.080810546875 0.29168701171875
0.0162229537963867 -0.0131864547729492 -0.278305053710938 0.062774658203125
0.00398635864257813 -0.0103282928466797 -0.304168701171875 -0.348052978515625
0.00758743286132813 0.0106334686279297 0.0686645507812501 -0.6578369140625
-0.0391044616699219 0.0148124694824219 0.73968505859375 -0.3076171875
-0.0776748657226563 -0.0308074951171875 0.8228759765625 0.529296875
0.00890731811523438 -0.0495529174804688 0.1920166015625 0.71868896484375
0.055999755859375 -0.0552253723144531 0.0164413452148438 0.136314392089844
0.0156211853027344 -0.0504302978515625 0.00555419921874993 -0.62774658203125
-0.0295066833496094 -0.0544013977050781 -0.685791015625 -0.7137451171875
-0.0368576049804687 -0.0238838195800781 -0.88739013671875 0.19659423828125
-0.0145511627197266 -0.000494003295898441 -0.2103271484375 0.68670654296875
0.00174093246459961 -0.00578689575195313 0.268157958984375 0.444183349609375
0.00677251815795899 0.00559282302856445 0.34759521484375 -0.047576904296875
0.0169258117675781 -0.00125312805175781 0.18255615234375 -0.320709228515625
-0.00210630893707275 0.00017857551574707 -0.07904052734375 0.29486083984375
0.00617790222167969 -0.0189533233642578 -0.278594970703125 0.0761871337890625
-0.00175094604492187 -0.0280532836914063 -0.31488037109375 -0.33038330078125
0.0170078277587891 -0.00996589660644531 0.04107666015625 -0.65545654296875
-0.0179500579833984 0.00766372680664063 0.723876953125 -0.33917236328125
-0.060638427734375 -0.01373291015625 0.8443603515625 0.49041748046875
0.00323867797851563 -0.01971435546875 0.21954345703125 0.7169189453125
0.0325469970703125 -0.02471923828125 0.0168609619140625 0.15020751953125
0.00827980041503906 -0.020172119140625 0.02825927734375 -0.62213134765625
-0.0146217346191406 -0.0363235473632813 -0.6556396484375 -0.74639892578125
-0.0132503509521484 -0.0286006927490234 -0.89764404296875 0.1573486328125
-0.00502395629882812 -0.0201911926269531 -0.23992919921875 0.6864013671875
0.0028839111328125 -0.0224170684814453 0.250213623046875 0.460784912109375
-0.000549793243408203 -0.00257515907287598 0.344451904296875 -0.03216552734375
0.0114173889160156 -0.000341415405273438 0.184173583984375 -0.31561279296875
-0.00915145874023438 0.00120258331298828 -0.081939697265625 0.297210693359375
-0.00282478332519531 -0.0239830017089844 -0.280899047851562 0.0854034423828126
-0.00722885131835937 -0.0413322448730469 -0.322967529296875 -0.31982421875
0.0238628387451172 -0.0285472869873047 0.02398681640625 -0.651611328125
0.00146710872650146 -0.000396132469177246 0.71466064453125 -0.35626220703125
-0.0423851013183594 1.90734863281228E-05 0.8529052734375 0.468505859375
0.00268745422363281 0.0110836029052734 0.23406982421875 0.70843505859375
0.0086212158203125 0.00780057907104492 0.022552490234375 0.149383544921875
0.00120925903320312 0.0124578475952148 0.0455322265625 -0.6279296875
0.00158119201660156 -0.0168905258178711 -0.63330078125 -0.7691650390625
0.0106563568115234 -0.0309658050537109 -0.9013671875 0.1357421875
0.00615692138671875 -0.0377159118652344 -0.2562255859375 0.681640625
0.0045013427734375 -0.0377731323242188 0.236602783203125 0.46832275390625
-0.00754547119140625 -0.0100431442260742 0.33831787109375 -0.023101806640625
0.00475931167602539 0.000803947448730469 0.17706298828125 -0.313507080078125
-0.0149316787719727 0.00255680084228516 -0.090576171875 0.300628662109375
-0.0108146667480469 -0.0261077880859375 -0.2879638671875 0.089569091796875
-0.0115814208984375 -0.0503997802734375 -0.3275146484375 -0.31866455078125
0.0303268432617188 -0.0402107238769531 0.0249023437500001 -0.651123046875
0.0187225341796875 -0.0063323974609375 0.716064453125 -0.35394287109375
-0.0241565704345703 0.0107650756835937 0.8544921875 0.46331787109375
0.00406646728515625 0.0375137329101563 0.2366943359375 0.694091796875
-0.0105781555175781 0.0364036560058594 0.0348052978515625 0.133644104003906
-0.0034027099609375 0.041534423828125 0.0507812500000001 -0.64312744140625
0.0169200897216797 4.1961669921875E-05 -0.63397216796875 -0.77569580078125
0.0325431823730469 -0.0312423706054688 -0.89935302734375 0.134521484375
0.0156135559082031 -0.0486946105957031 -0.25634765625 0.678466796875
0.00444412231445312 -0.0472640991210938 0.230194091796875 0.46832275390625
-0.0140714645385742 -0.0145673751831055 0.329193115234375 -0.02056884765625
-0.00115275382995605 0.000221729278564453 0.166778564453125 -0.312408447265625
-0.020538330078125 0.00267982482910156 -0.101470947265625 0.303253173828125
-0.0175285339355469 -0.0269069671630859 -0.296783447265625 0.08807373046875
-0.0136032104492188 -0.0532798767089844 -0.328216552734375 -0.328460693359375
0.03558349609375 -0.0456886291503906 0.0369262695312499 -0.6541748046875
0.0304470062255859 -0.0084381103515625 0.73040771484375 -0.33636474609375
-0.00979995727539063 0.0176143646240234 0.84442138671875 0.48052978515625
0.00670242309570312 0.0571670532226562 0.227783203125 0.6771240234375
-0.0223884582519531 0.0607452392578125 0.0490951538085938 0.106689453125
-0.004730224609375 0.0616188049316406 0.0435791015625 -0.6658935546875
0.0302047729492188 0.0101985931396484 -0.65301513671875 -0.767333984375
0.0462303161621094 -0.0305366516113281 -0.8895263671875 0.15704345703125
0.0205574035644531 -0.0526695251464844 -0.240234375 0.678466796875
0.00268936157226563 -0.0504608154296875 0.23272705078125 0.455535888671875
-0.0193271636962891 -0.0169849395751953 0.322235107421875 -0.0260009765625
-0.00531911849975586 0.00108098983764649 0.1519775390625 -0.312530517578125
0.0141544342041016 -0.00677204132080078 -0.104217529296875 0.28546142578125
0.0298290252685547 0.00461387634277344 -0.29168701171875 0.01873779296875
0.00428199768066406 0.0344104766845703 -0.271240234375 -0.4090576171875
-0.0174446105957031 0.0568504333496094 0.17010498046875 -0.6561279296875
-0.0745086669921875 0.020050048828125 0.79290771484375 -0.17706298828125
-0.0827789306640625 -0.0711288452148438 0.7293701171875 0.6551513671875
0.03826904296875 -0.0945892333984375 0.10736083984375 0.67626953125
0.097259521484375 -0.0897369384765625 0.0462226867675781 0.0355072021484375
0.0246963500976562 -0.09075927734375 -0.08660888671875 -0.67608642578125
-0.05328369140625 -0.0716552734375 -0.797119140625 -0.573486328125
-0.0668373107910156 0.00317764282226562 -0.81195068359375 0.35406494140625
-0.021881103515625 0.0486984252929688 -0.0853271484374999 0.679931640625
0.00271987915039063 0.0322418212890625 0.319580078125 0.360626220703125
0.020111083984375 0.0216617584228516 0.328460693359375 -0.100555419921875
0.0260219573974609 -0.00666427612304688 0.14801025390625 -0.32720947265625
0.013157844543457 -0.00474929809570313 -0.089874267578125 0.28533935546875
0.0284214019775391 -0.000133514404296875 -0.28411865234375 0.034149169921875
0.00632286071777344 0.023681640625 -0.282867431640625 -0.386566162109375
-0.0107269287109375 0.0463752746582031 0.13385009765625 -0.6551513671875
-0.0694618225097656 0.0212059020996094 0.774658203125 -0.2230224609375
-0.0886611938476563 -0.06201171875 0.76385498046875 0.6162109375
0.0291595458984375 -0.0907516479492188 0.1343994140625 0.69580078125
0.0910491943359375 -0.09051513671875 0.0320663452148438 0.0741119384765625
0.0238571166992188 -0.0887222290039063 -0.059326171875 -0.65838623046875
-0.0518798828125 -0.072479248046875 -0.76519775390625 -0.61859130859375
-0.0657615661621094 -0.00540924072265624 -0.83807373046875 0.307373046875
-0.0237274169921875 0.0370903015136719 -0.1219482421875 0.6865234375
0.0012664794921875 0.0241794586181641 0.306732177734375 0.38623046875
0.017974853515625 0.0179481506347656 0.336395263671875 -0.086578369140625
0.0248737335205078 -0.00331497192382813 0.15887451171875 -0.325836181640625
0.0105581283569336 -0.00415802001953125 -0.0811767578125 0.28759765625
0.0241336822509766 -0.00658226013183594 -0.27880859375 0.049774169921875
0.00585031509399414 0.00742626190185547 -0.295318603515625 -0.363311767578125
-0.00213813781738281 0.0303192138671875 0.09576416015625 -0.6544189453125
-0.0565872192382813 0.0200958251953125 0.752197265625 -0.27105712890625
-0.086456298828125 -0.0466537475585938 0.79681396484375 0.56707763671875
0.0182723999023437 -0.0755233764648438 0.1668701171875 0.70654296875
0.0753097534179688 -0.07818603515625 0.0221481323242188 0.108970642089844
0.0208511352539063 -0.0744476318359375 -0.0281982421875 -0.63848876953125
-0.044036865234375 -0.066070556640625 -0.7259521484375 -0.6622314453125
-0.0557289123535156 -0.0156517028808594 -0.86181640625 0.25531005859375
-0.0219345092773438 0.02020263671875 -0.16241455078125 0.6875
0.00156784057617187 0.0108804702758789 0.291412353515625 0.414398193359375
0.0135879516601563 0.0125064849853516 0.34234619140625 -0.068817138671875
0.0228996276855469 -0.00275993347167969 0.171661376953125 -0.324310302734375
0.00525426864624023 -0.00232410430908203 -0.0760498046875 0.290069580078125
0.0168046951293945 -0.0125036239624023 -0.276092529296875 0.0659027099609376
0.00284862518310547 -0.0105228424072266 -0.30694580078125 -0.341644287109375
0.00732040405273438 0.00928688049316406 0.05914306640625 -0.65472412109375
-0.0387725830078125 0.0155715942382812 0.73077392578125 -0.3140869140625
-0.0769119262695313 -0.0293655395507812 0.82537841796875 0.51763916015625
0.00931930541992188 -0.0499610900878906 0.1986083984375 0.7108154296875
0.0548210144042969 -0.0552940368652344 0.0174713134765625 0.135299682617188
0.0158462524414063 -0.0510406494140625 0.000610351562499987 -0.6239013671875
-0.0306167602539062 -0.0535163879394531 -0.68890380859375 -0.7012939453125
-0.0382080078125 -0.0239753723144531 -0.88116455078125 0.20513916015625
-0.0155448913574219 -0.000722885131835937 -0.20166015625 0.687255859375
0.00178718566894531 -0.00542497634887695 0.27203369140625 0.439727783203125
0.00725603103637695 0.00559091567993164 0.344818115234375 -0.050933837890625
0.0181674957275391 -0.000812530517578125 0.177947998046875 -0.320465087890625
-0.000369846820831299 -0.00067293643951416 -0.07525634765625 0.2926025390625
0.0069732666015625 -0.0188503265380859 -0.276504516601563 0.079345703125
-0.00248336791992188 -0.0275993347167969 -0.31781005859375 -0.32421875
0.0159969329833984 -0.0107583999633789 0.03363037109375 -0.65032958984375
-0.0187454223632812 0.00808525085449219 0.714111328125 -0.3446044921875
-0.061126708984375 -0.012939453125 0.84307861328125 0.476318359375
0.00441360473632812 -0.0197982788085938 0.224609375 0.7083740234375
0.0312290191650391 -0.0250644683837891 0.01739501953125 0.149124145507813
0.00820732116699219 -0.0198879241943359 0.02239990234375 -0.61834716796875
-0.0153045654296875 -0.0352249145507813 -0.66009521484375 -0.73431396484375
-0.01446533203125 -0.0286808013916016 -0.89190673828125 0.16790771484375
-0.00567436218261719 -0.0201530456542969 -0.23046875 0.68548583984375
0.00336837768554687 -0.0229244232177734 0.253692626953125 0.457489013671875
-0.000620603561401367 -0.00292897224426269 0.342437744140625 -0.035888671875
0.0120983123779297 -0.000216484069824219 0.17987060546875 -0.316741943359375
-0.00736331939697266 0.0017547607421875 -0.078704833984375 0.296356201171875
-0.00247383117675781 -0.0236530303955078 -0.27911376953125 0.0882415771484376
-0.00794601440429688 -0.0407752990722656 -0.324249267578125 -0.314300537109375
0.0236473083496094 -0.0287265777587891 0.0169677734375 -0.64801025390625
0.00110816955566406 -0.000641584396362305 0.70611572265625 -0.3624267578125
-0.0418663024902344 0.00125503540039063 0.85479736328125 0.4544677734375
0.00259780883789063 0.0102653503417969 0.2393798828125 0.6998291015625
0.00933361053466797 0.00758457183837891 0.0236663818359375 0.148056030273438
0.0013275146484375 0.0131998062133789 0.0389404296875 -0.62255859375
0.00142288208007812 -0.0155563354492187 -0.63916015625 -0.7591552734375
0.00993537902832031 -0.031036376953125 -0.89434814453125 0.14453125
0.00518798828125 -0.0370864868164063 -0.24774169921875 0.68023681640625
0.00405120849609375 -0.0375022888183594 0.23980712890625 0.4630126953125
-0.00803565979003906 -0.00931835174560547 0.335784912109375 -0.02679443359375
0.00522184371948242 0.000582695007324219 0.173004150390625 -0.31402587890625
-0.0139427185058594 0.00253868103027344 -0.086822509765625 0.298736572265625
-0.0109825134277344 -0.0255165100097656 -0.285125732421875 0.091766357421875
-0.01165771484375 -0.0498085021972656 -0.329010009765625 -0.314239501953125
0.0302391052246094 -0.04022216796875 0.01678466796875 -0.64642333984375
0.0174674987792969 -0.00585365295410156 0.709228515625 -0.35894775390625
-0.0229701995849609 0.0110092163085938 0.85205078125 0.4515380859375
0.00444793701171875 0.0369453430175781 0.2421875 0.6839599609375
-0.0102005004882813 0.0371971130371094 0.03570556640625 0.132232666015625
-0.002960205078125 0.0413932800292969 0.044677734375 -0.638427734375
0.0164937973022461 -0.000230789184570313 -0.63623046875 -0.7633056640625
0.0307407379150391 -0.0304069519042969 -0.89080810546875 0.14373779296875
0.0147933959960937 -0.0488090515136719 -0.2479248046875 0.6787109375
0.0039825439453125 -0.0469779968261719 0.233978271484375 0.46319580078125
-0.0142002105712891 -0.0143642425537109 0.326904296875 -0.02459716796875
-0.000989794731140137 0.000501036643981934 0.1622314453125 -0.313079833984375
-0.0191745758056641 0.00310325622558593 -0.097564697265625 0.300994873046875
-0.0169925689697266 -0.0267448425292969 -0.2939453125 0.090484619140625
-0.0140800476074219 -0.0529899597167969 -0.33050537109375 -0.322723388671875
0.0346488952636719 -0.0458030700683594 0.0289306640625001 -0.64898681640625
0.0299606323242188 -0.00870895385742188 0.7213134765625 -0.34210205078125
-0.00895118713378906 0.0187187194824219 0.8448486328125 0.4696044921875
0.00753021240234375 0.0563163757324219 0.23248291015625 0.6693115234375
-0.0212364196777344 0.0609321594238281 0.0497894287109375 0.1051025390625
-0.00400161743164063 0.061737060546875 0.03790283203125 -0.661376953125
0.0292606353759766 0.0106277465820313 -0.65692138671875 -0.75604248046875
0.0444793701171875 -0.03155517578125 -0.8829345703125 0.1669921875
0.0195236206054687 -0.0536155700683594 -0.2310791015625 0.67803955078125
0.00223159790039062 -0.0492477416992188 0.236114501953125 0.45098876953125
-0.0195293426513672 -0.0173835754394531 0.319732666015625 -0.028411865234375
-0.00508546829223633 0.00103616714477539 0.146514892578125 -0.312225341796875
0.0152606964111328 -0.00740242004394531 -0.0994873046875 0.2828369140625
0.0294933319091797 0.0045623779296875 -0.289306640625 0.0220947265625
0.0048065185546875 0.0351333618164063 -0.274017333984375 -0.403350830078125
-0.0176582336425781 0.0567359924316406 0.1624755859375 -0.65228271484375
-0.0747146606445313 0.02142333984375 0.78387451171875 -0.1849365234375
-0.0830001831054688 -0.0689163208007812 0.731689453125 0.64544677734375
0.0386962890625 -0.0937957763671875 0.11090087890625 0.6680908203125
0.095611572265625 -0.0895233154296875 0.0458106994628906 0.0352897644042969
0.0241470336914062 -0.0911026000976563 -0.09246826171875 -0.66876220703125
-0.053680419921875 -0.0709381103515625 -0.79730224609375 -0.56097412109375
-0.0665969848632813 0.003326416015625 -0.8031005859375 0.36004638671875
-0.0217247009277344 0.0483589172363281 -0.0771484375 0.67755126953125
0.00247001647949219 0.0325107574462891 0.320281982421875 0.3570556640625
0.0203704833984375 0.0214424133300781 0.324737548828125 -0.103240966796875
0.0263328552246094 -0.0060882568359375 0.144256591796875 -0.32672119140625
0.0139617919921875 -0.004852294921875 -0.08599853515625 0.28338623046875
0.0294265747070313 -0.00102996826171875 -0.28192138671875 0.035888671875
0.00610160827636719 0.0237979888916016 -0.283721923828125 -0.38006591796875
-0.0107879638671875 0.0456352233886719 0.12640380859375 -0.65167236328125
-0.0698585510253906 0.02191162109375 0.76544189453125 -0.2269287109375
-0.0882186889648438 -0.0600509643554688 0.76556396484375 0.60296630859375
0.0284042358398438 -0.0910797119140625 0.13934326171875 0.6883544921875
0.0891494750976563 -0.0908279418945313 0.0325393676757813 0.0731964111328125
0.02325439453125 -0.0873947143554688 -0.0632934570312499 -0.65234375
-0.052703857421875 -0.0709686279296875 -0.76678466796875 -0.6046142578125
-0.0662841796875 -0.00456619262695312 -0.82806396484375 0.31243896484375
-0.0229148864746094 0.0366630554199219 -0.11260986328125 0.68341064453125
0.00219345092773437 0.0246086120605469 0.3087158203125 0.38134765625
0.0182895660400391 0.0181446075439453 0.33392333984375 -0.089996337890625
0.0249176025390625 -0.00372314453125 0.154541015625 -0.326171875
0.0114870071411133 -0.00436496734619141 -0.07720947265625 0.2855224609375
0.0250415802001953 -0.00680732727050781 -0.277130126953125 0.0522308349609374
0.00572824478149414 0.00730705261230469 -0.29693603515625 -0.356658935546875
-0.001220703125 0.0295352935791016 0.0888671875 -0.65069580078125
-0.0565376281738281 0.0209808349609375 0.7435302734375 -0.2760009765625
-0.0852203369140625 -0.0447158813476562 0.79730224609375 0.55340576171875
0.0172195434570312 -0.0749664306640625 0.16925048828125 0.699462890625
0.0749359130859375 -0.0780487060546875 0.022857666015625 0.108291625976563
0.0205001831054687 -0.0743865966796875 -0.033447265625 -0.63116455078125
-0.0441398620605469 -0.0648307800292969 -0.727783203125 -0.64892578125
-0.0559425354003906 -0.0141792297363281 -0.85247802734375 0.2633056640625
-0.0216884613037109 0.0196514129638672 -0.15484619140625 0.68634033203125
0.00153827667236328 0.0109138488769531 0.294525146484375 0.409149169921875
0.0137205123901367 0.0125265121459961 0.33941650390625 -0.071807861328125
0.0227394104003906 -0.00316047668457031 0.165924072265625 -0.32476806640625
0.00671911239624023 -0.00264596939086914 -0.072235107421875 0.288482666015625
0.0167617797851563 -0.0138330459594727 -0.273590087890625 0.0680389404296875
0.00241661071777344 -0.0102453231811523 -0.30841064453125 -0.334991455078125
0.00731563568115234 0.00908565521240235 0.0528564453125 -0.64947509765625
-0.0382575988769531 0.0157318115234375 0.72216796875 -0.31890869140625
-0.0761184692382813 -0.0281448364257813 0.8243408203125 0.50579833984375
0.009552001953125 -0.0495452880859375 0.2020263671875 0.70379638671875
0.0545082092285156 -0.0553474426269531 0.0174484252929688 0.134666442871094
0.0158882141113281 -0.050018310546875 -0.00592041015625001 -0.61834716796875
-0.0316696166992188 -0.0521049499511719 -0.68829345703125 -0.68902587890625
-0.0380287170410156 -0.0225753784179688 -0.87109375 0.21307373046875
-0.0158500671386719 -0.000497817993164064 -0.1934814453125 0.6832275390625
0.00205326080322266 -0.0056300163269043 0.27459716796875 0.433319091796875
0.00694990158081055 0.00544214248657227 0.340850830078125 -0.054595947265625
0.0179996490478516 -0.00078582763671875 0.172332763671875 -0.320343017578125
0.000686764717102051 -0.00119054317474365 -0.07080078125 0.29046630859375
0.00823020935058594 -0.0184822082519531 -0.274322509765625 0.0805206298828125
-0.00235748291015625 -0.0266075134277344 -0.318450927734375 -0.3170166015625
0.0154142379760742 -0.01190185546875 0.02801513671875 -0.6446533203125
-0.0183238983154297 0.00848197937011719 0.705810546875 -0.34832763671875
-0.0596656799316406 -0.01177978515625 0.84478759765625 0.46356201171875
0.00389480590820312 -0.0198516845703125 0.2286376953125 0.70001220703125
0.0307426452636719 -0.02557373046875 0.0183868408203125 0.148025512695313
0.00840187072753906 -0.0191383361816406 0.017822265625 -0.61285400390625
-0.014984130859375 -0.0352630615234375 -0.66131591796875 -0.7227783203125
-0.0155982971191406 -0.0287036895751953 -0.88232421875 0.1749267578125
-0.00621223449707031 -0.0206813812255859 -0.2213134765625 0.6834716796875
0.00327491760253906 -0.0226993560791016 0.256378173828125 0.451812744140625
-0.000878810882568359 -0.0028841495513916 0.338470458984375 -0.039703369140625
0.0118827819824219 -0.000244140625 0.17449951171875 -0.315948486328125
-0.00590944290161133 0.00069904327392578 -0.074188232421875 0.293182373046875
-0.00267219543457031 -0.0230846405029297 -0.276107788085938 0.090087890625
-0.00833892822265625 -0.0398368835449219 -0.32452392578125 -0.308502197265625
0.0226631164550781 -0.0291118621826172 0.01171875 -0.6422119140625
0.000919520854949951 -0.000567913055419922 0.696533203125 -0.36456298828125
-0.0411796569824219 0.00214004516601563 0.8509521484375 0.44427490234375
0.00414752960205078 0.0105295181274414 0.24420166015625 0.6895751953125
0.00897789001464844 0.0068511962890625 0.0250244140625 0.146621704101563
0.00214767456054687 0.0127964019775391 0.0334472656249999 -0.618896484375
0.00159645080566406 -0.0172700881958008 -0.64031982421875 -0.7476806640625
0.00789642333984375 -0.0309276580810547 -0.887451171875 0.152587890625
0.00527572631835938 -0.0377731323242188 -0.23760986328125 0.67913818359375
0.00333404541015625 -0.0368881225585937 0.24395751953125 0.458831787109375
-0.00809478759765625 -0.00945854187011719 0.3330078125 -0.03076171875
0.00506687164306641 0.000611782073974609 0.1673583984375 -0.313751220703125
-0.0125236511230469 0.00232696533203125 -0.083099365234375 0.296630859375
-0.0103530883789062 -0.0251541137695312 -0.282501220703125 0.094268798828125
-0.0130424499511719 -0.0480499267578125 -0.329620361328125 -0.30804443359375
0.0285263061523438 -0.0414772033691406 0.0111694335937499 -0.6416015625
0.0175333023071289 -0.00583648681640625 0.69921875 -0.36297607421875
-0.0233078002929688 0.0123538970947266 0.85186767578125 0.44049072265625
0.00569534301757812 0.0365791320800781 0.244140625 0.67669677734375
-0.00967025756835938 0.0375900268554688 0.0352249145507813 0.130928039550781
-0.00246047973632812 0.0405540466308594 0.03778076171875 -0.6337890625
0.0161418914794922 0.000540733337402344 -0.6395263671875 -0.7503662109375
0.0296249389648438 -0.0315418243408203 -0.88409423828125 0.15338134765625
0.0146598815917969 -0.0491905212402344 -0.238037109375 0.6766357421875
0.00309371948242188 -0.0467300415039063 0.235931396484375 0.45782470703125
-0.0141887664794922 -0.0139169692993164 0.3253173828125 -0.02777099609375
-0.00137102603912354 0.000141143798828125 0.1575927734375 -0.311767578125
-0.0174388885498047 0.00261402130126954 -0.092864990234375 0.299407958984375
-0.0166568756103516 -0.0263137817382813 -0.29119873046875 0.0924072265625
-0.0146751403808594 -0.0516242980957031 -0.331207275390625 -0.3172607421875
0.0330429077148438 -0.0462646484375 0.02264404296875 -0.64453125
0.0291213989257812 -0.00876235961914062 0.7122802734375 -0.34576416015625
-0.008392333984375 0.0187873840332031 0.8427734375 0.45733642578125
0.00892639160156249 0.0562782287597656 0.23663330078125 0.66204833984375
-0.0213546752929688 0.0600242614746094 0.049224853515625 0.104118347167969
-0.00284576416015625 0.0611419677734375 0.03094482421875 -0.65533447265625
0.0290126800537109 0.00990676879882813 -0.657958984375 -0.7431640625
0.0434837341308594 -0.0316734313964844 -0.87310791015625 0.1744384765625
0.0189361572265625 -0.0539016723632813 -0.2232666015625 0.6763916015625
0.00239181518554688 -0.0493240356445312 0.23779296875 0.44525146484375
-0.0189685821533203 -0.0164012908935547 0.316070556640625 -0.0322265625
-0.00572681427001953 0.00122833251953125 0.143402099609375 -0.311798095703125
0.0167322158813477 -0.00813102722167969 -0.09649658203125 0.2813720703125
0.0295200347900391 0.004791259765625 -0.28692626953125 0.02410888671875
0.005096435546875 0.0348148345947266 -0.27496337890625 -0.39715576171875
-0.0170135498046875 0.0556640625 0.1556396484375 -0.6480712890625
-0.074493408203125 0.0210952758789063 0.77886962890625 -0.19000244140625
-0.0825119018554688 -0.0676498413085938 0.73199462890625 0.6343994140625
0.0373382568359375 -0.093536376953125 0.11285400390625 0.66180419921875
0.09454345703125 -0.0895004272460938 0.04443359375 0.0347023010253906
0.0241851806640625 -0.09033203125 -0.0960693359375001 -0.66326904296875
-0.0541419982910156 -0.0698051452636719 -0.7957763671875 -0.55084228515625
-0.066802978515625 0.00432205200195312 -0.7933349609375 0.3653564453125
-0.0211448669433594 0.0479507446289063 -0.0703735351562501 0.6732177734375
0.003448486328125 0.031768798828125 0.32061767578125 0.35089111328125
0.0207061767578125 0.0222892761230469 0.321563720703125 -0.10540771484375
0.0265884399414063 -0.00705528259277344 0.1395263671875 -0.326171875
0.0150232315063477 -0.00571346282958984 -0.08294677734375 0.281112670898438
0.0294609069824219 -0.0008544921875 -0.280426025390625 0.03790283203125
0.0068359375 0.0241527557373047 -0.28436279296875 -0.375244140625
-0.0100555419921875 0.0453948974609375 0.12017822265625 -0.6474609375
-0.068939208984375 0.0231590270996094 0.757568359375 -0.2322998046875
-0.088165283203125 -0.0589370727539063 0.76422119140625 0.5914306640625
0.0286102294921875 -0.0907135009765625 0.1416015625 0.68182373046875
0.0883255004882813 -0.0900115966796875 0.03204345703125 0.073150634765625
0.0226058959960938 -0.08709716796875 -0.068115234375 -0.644775390625
-0.0529212951660156 -0.0696983337402344 -0.76470947265625 -0.59259033203125
-0.0662078857421875 -0.00416183471679687 -0.81988525390625 0.318115234375
-0.0228614807128906 0.0368232727050781 -0.1070556640625 0.67864990234375
0.00284957885742188 0.0233726501464844 0.30926513671875 0.3763427734375
0.0192699432373047 0.017333984375 0.329803466796875 -0.09136962890625
0.0256690979003906 -0.00493431091308594 0.150146484375 -0.324676513671875
0.0124835968017578 -0.00528717041015625 -0.074066162109375 0.283294677734375
0.0250663757324219 -0.00576210021972656 -0.274459838867187 0.0545654296875
0.00590610504150391 0.00757932662963867 -0.296112060546875 -0.3514404296875
-0.00224113464355469 0.0290679931640625 0.0826416015625 -0.646240234375
-0.0566482543945313 0.0208549499511719 0.734375 -0.280517578125
-0.085174560546875 -0.043182373046875 0.7947998046875 0.54290771484375
0.0178680419921875 -0.074554443359375 0.17218017578125 0.6915283203125
0.0742568969726563 -0.0778427124023438 0.0224151611328125 0.107376098632813
0.0198822021484375 -0.0731887817382812 -0.037841796875 -0.62567138671875
-0.0445556640625 -0.0637893676757813 -0.72540283203125 -0.637451171875
-0.0570907592773437 -0.0141029357910156 -0.84368896484375 0.26922607421875
-0.0210590362548828 0.0200729370117188 -0.1466064453125 0.6817626953125
0.00200939178466797 0.0106935501098633 0.29534912109375 0.403289794921875
0.0136747360229492 0.0121650695800781 0.337158203125 -0.074462890625
0.0230541229248047 -0.00285148620605469 0.1622314453125 -0.323211669921875
0.00753211975097656 -0.00301074981689453 -0.068328857421875 0.2855224609375
0.0170631408691406 -0.0126581192016602 -0.272048950195313 0.0692138671875
0.00277614593505859 -0.00946617126464844 -0.30841064453125 -0.330535888671875
0.00686454772949219 0.00895977020263672 0.048828125 -0.64410400390625
-0.0385169982910156 0.0158767700195313 0.7130126953125 -0.32037353515625
-0.075439453125 -0.0264511108398437 0.82086181640625 0.49505615234375
0.00937271118164063 -0.0501747131347656 0.20538330078125 0.6954345703125
0.0536003112792969 -0.0547294616699219 0.018218994140625 0.133338928222656
0.0148963928222656 -0.0496749877929687 -0.00994873046874997 -0.6138916015625
-0.0313873291015625 -0.0518341064453125 -0.68975830078125 -0.67578125
-0.0391349792480469 -0.0226097106933594 -0.8624267578125 0.21856689453125
-0.015803337097168 -0.00045967102050781 -0.18524169921875 0.682861328125
0.00218915939331055 -0.00612020492553711 0.275665283203125 0.428802490234375
0.00741910934448242 0.00558185577392578 0.33782958984375 -0.0570068359375
0.0181293487548828 -0.00214767456054688 0.168426513671875 -0.318817138671875
0.00196206569671631 -0.00174546241760254 -0.068450927734375 0.287933349609375
0.0082855224609375 -0.0186424255371094 -0.271621704101563 0.0828704833984375
-0.00269699096679688 -0.0264358520507813 -0.31744384765625 -0.3126220703125
0.0155477523803711 -0.0111875534057617 0.0218505859375 -0.63958740234375
-0.01885986328125 0.00850105285644531 0.69732666015625 -0.35107421875
-0.0588226318359375 -0.0104942321777344 0.83941650390625 0.4541015625
0.00454902648925781 -0.0197715759277344 0.22967529296875 0.691162109375
0.0301456451416016 -0.0248088836669922 0.0182342529296875 0.147201538085937
0.00925254821777344 -0.0196342468261719 0.01239013671875 -0.6082763671875
-0.0157356262207031 -0.0344352722167969 -0.66119384765625 -0.7100830078125
-0.0165596008300781 -0.0273685455322266 -0.87359619140625 0.18157958984375
-0.00677108764648438 -0.0208244323730469 -0.2149658203125 0.679931640625
0.00283432006835938 -0.0231132507324219 0.258880615234375 0.44708251953125
-0.000302553176879883 -0.00220370292663574 0.33587646484375 -0.041961669921875
0.0125045776367188 -0.000660896301269531 0.169677734375 -0.31591796875
-0.00535726547241211 0.000151157379150391 -0.071075439453125 0.291015625
-0.00193023681640625 -0.0222244262695313 -0.27410888671875 0.091033935546875
-0.00823593139648438 -0.0394706726074219 -0.325042724609375 -0.3031005859375
0.0224761962890625 -0.0294284820556641 0.007080078125 -0.63714599609375
0.000439614057540894 -0.00045660138130188 0.68841552734375 -0.3670654296875
-0.0406913757324219 0.00323104858398438 0.84881591796875 0.43218994140625
0.00422954559326172 0.0101051330566406 0.24468994140625 0.6820068359375
0.00825643539428711 0.00707769393920898 0.0252685546875 0.144546508789063
0.00249767303466797 0.0125350952148438 0.0285644531249999 -0.61322021484375
-0.000171661376953127 -0.0161151885986328 -0.64080810546875 -0.7337646484375
0.00708770751953125 -0.0310134887695313 -0.87896728515625 0.15924072265625
0.00473785400390625 -0.0375328063964844 -0.2303466796875 0.67742919921875
0.00347900390625 -0.0367698669433594 0.245391845703125 0.453338623046875
-0.00763416290283203 -0.00899887084960937 0.330474853515625 -0.03240966796875
0.00465202331542969 0.000628471374511719 0.1630859375 -0.31292724609375
-0.0110874176025391 0.00127124786376953 -0.07965087890625 0.294097900390625
-0.00998687744140625 -0.0245742797851563 -0.279510498046875 0.0956268310546875
-0.0128555297851563 -0.048187255859375 -0.3306884765625 -0.30120849609375
0.027923583984375 -0.0409774780273437 0.00598144531250001 -0.63446044921875
0.0166292190551758 -0.00616455078125 0.690673828125 -0.36474609375
-0.022247314453125 0.0131015777587891 0.8494873046875 0.4281005859375
0.0059814453125 0.0370445251464844 0.247802734375 0.669189453125
-0.00987625122070312 0.0371131896972656 0.0361557006835937 0.129623413085938
-0.0020751953125 0.0404586791992187 0.03289794921875 -0.62725830078125
0.0150356292724609 0.000631332397460937 -0.6414794921875 -0.73779296875
0.0285606384277344 -0.0314044952392578 -0.87506103515625 0.1590576171875
0.0135993957519531 -0.048675537109375 -0.23199462890625 0.67413330078125
0.003082275390625 -0.0462226867675781 0.237884521484375 0.45294189453125
-0.0145292282104492 -0.013824462890625 0.322265625 -0.0303955078125
-0.000455260276794434 0.00104856491088867 0.153350830078125 -0.31121826171875
-0.0167064666748047 0.00203132629394531 -0.089202880859375 0.29718017578125
-0.0162944793701172 -0.025177001953125 -0.287750244140625 0.09320068359375
-0.0154304504394531 -0.0508079528808594 -0.33013916015625 -0.311370849609375
0.0327873229980469 -0.0459060668945313 0.0167236328125 -0.638671875
0.0287590026855469 -0.00941848754882813 0.70513916015625 -0.34814453125
-0.00761222839355469 0.0201644897460938 0.8406982421875 0.444580078125
0.00894546508789062 0.0556106567382813 0.23858642578125 0.65362548828125
-0.0209770202636719 0.0599822998046875 0.0498046875 0.102127075195312
-0.00208663940429687 0.0606803894042969 0.025634765625 -0.65118408203125
0.0283470153808594 0.00991630554199219 -0.659423828125 -0.73382568359375
0.0430221557617188 -0.0314064025878906 -0.865478515625 0.181396484375
0.0177803039550781 -0.0529518127441406 -0.21417236328125 0.67333984375
0.00139617919921875 -0.0493583679199219 0.2408447265625 0.441436767578125
-0.0195331573486328 -0.0159225463867188 0.31341552734375 -0.03472900390625
-0.0046992301940918 0.000746726989746093 0.1383056640625 -0.310577392578125
0.0176048278808594 -0.00937461853027344 -0.094085693359375 0.2791748046875
0.0305290222167969 0.00463104248046875 -0.28656005859375 0.026214599609375
0.00563812255859375 0.0353355407714844 -0.274932861328125 -0.39251708984375
-0.016693115234375 0.0556526184082031 0.15032958984375 -0.64361572265625
-0.0735702514648438 0.0226669311523438 0.7689208984375 -0.1912841796875
-0.0809707641601563 -0.0653610229492188 0.72882080078125 0.62152099609375
0.0374526977539063 -0.0938339233398438 0.11614990234375 0.65435791015625
0.0934600830078125 -0.0894088745117188 0.0434455871582031 0.0349578857421875
0.0233917236328125 -0.0896148681640625 -0.0985107421874999 -0.65625
-0.0545501708984375 -0.0677032470703125 -0.79248046875 -0.54083251953125
-0.0670089721679688 0.00410842895507814 -0.78460693359375 0.36810302734375
-0.0211143493652344 0.0477027893066406 -0.06439208984375 0.67120361328125
0.00384330749511719 0.0313968658447266 0.321136474609375 0.346221923828125
0.0207405090332031 0.0211334228515625 0.318389892578125 -0.106536865234375
0.027557373046875 -0.00649452209472656 0.13580322265625 -0.32427978515625
0.0160112380981445 -0.00629901885986328 -0.0806427001953125 0.279617309570313
0.0294876098632813 -0.00130653381347656 -0.278305053710938 0.040191650390625
0.00719642639160157 0.0238456726074219 -0.284088134765625 -0.369537353515625
-0.0106468200683594 0.0447959899902344 0.11602783203125 -0.6414794921875
-0.0688209533691406 0.0232429504394531 0.7503662109375 -0.23358154296875
-0.087310791015625 -0.0575790405273437 0.76068115234375 0.582275390625
0.02850341796875 -0.0900955200195313 0.14410400390625 0.67498779296875
0.08740234375 -0.0898666381835938 0.031036376953125 0.072021484375
0.0227203369140625 -0.0873565673828125 -0.07086181640625 -0.6395263671875
-0.0535545349121094 -0.0682868957519531 -0.76019287109375 -0.5845947265625
-0.0668487548828125 -0.00321578979492187 -0.81109619140625 0.32147216796875
-0.0224685668945313 0.0359458923339844 -0.09881591796875 0.6763916015625
0.00285720825195313 0.0237197875976563 0.30859375 0.3721923828125
0.0182018280029297 0.0181007385253906 0.326751708984375 -0.092620849609375
0.0255298614501953 -0.00412178039550781 0.146484375 -0.32330322265625
0.0135250091552734 -0.00614356994628906 -0.0712738037109375 0.281082153320313
0.0248394012451172 -0.00715827941894531 -0.272674560546875 0.056182861328125
0.00557899475097656 0.00828409194946289 -0.29718017578125 -0.346527099609375
-0.00131988525390625 0.0286350250244141 0.07904052734375 -0.6405029296875
-0.0563392639160156 0.0218086242675781 0.72760009765625 -0.28057861328125
-0.0839462280273438 -0.0420989990234375 0.79095458984375 0.53277587890625
0.0172576904296875 -0.0747451782226563 0.1748046875 0.68414306640625
0.0727996826171875 -0.0780181884765625 0.02239990234375 0.107002258300781
0.0196609497070313 -0.0729141235351563 -0.04205322265625 -0.6202392578125
-0.0452766418457031 -0.0624885559082031 -0.72540283203125 -0.628173828125
-0.0571060180664063 -0.0128860473632812 -0.83526611328125 0.2733154296875
-0.0211029052734375 0.0196762084960938 -0.14239501953125 0.67724609375
0.00218105316162109 0.0111322402954102 0.29522705078125 0.39892578125
0.014277458190918 0.0124502182006836 0.33367919921875 -0.0760498046875
0.0227832794189453 -0.00265121459960938 0.158233642578125 -0.32196044921875
0.0089111328125 -0.00452232360839844 -0.0665283203125 0.283294677734375
0.0178432464599609 -0.0124130249023438 -0.269363403320312 0.070709228515625
0.00254249572753906 -0.00964450836181641 -0.30810546875 -0.325592041015625
0.00692272186279297 0.00878190994262695 0.04400634765625 -0.639404296875
-0.0381507873535156 0.0166397094726562 0.70721435546875 -0.32269287109375
-0.0739288330078125 -0.0250091552734375 0.81903076171875 0.48516845703125
0.0100746154785156 -0.0498542785644531 0.20709228515625 0.6865234375
0.0533714294433594 -0.0543441772460938 0.017822265625 0.131942749023438
0.0154037475585937 -0.0490608215332031 -0.0136718750000001 -0.6070556640625
-0.0321464538574219 -0.0499725341796875 -0.68695068359375 -0.66656494140625
-0.0392074584960938 -0.0219688415527344 -0.85540771484375 0.22344970703125
-0.0152587890625 -0.000212669372558594 -0.17852783203125 0.67864990234375
0.00220584869384766 -0.00567531585693359 0.2762451171875 0.4254150390625
0.00736236572265625 0.00678491592407227 0.33599853515625 -0.0584716796875
0.0189685821533203 -0.00190162658691406 0.16473388671875 -0.3179931640625
0.00251674652099609 -0.00255990028381348 -0.065948486328125 0.285369873046875
0.00885963439941406 -0.0182762145996094 -0.2691650390625 0.0830535888671875
-0.00310897827148438 -0.0254325866699219 -0.317291259765625 -0.307586669921875
0.0138778686523438 -0.0120391845703125 0.018310546875 -0.6334228515625
-0.0187835693359375 0.00906944274902344 0.689453125 -0.35260009765625
-0.0579986572265625 -0.00923919677734374 0.8370361328125 0.4447021484375
0.00455284118652344 -0.019683837890625 0.23138427734375 0.683837890625
0.0297946929931641 -0.0245246887207031 0.01904296875 0.145538330078125
0.00975227355957031 -0.0191917419433594 0.00891113281250004 -0.60430908203125
-0.0158405303955078 -0.0339393615722656 -0.66015625 -0.6995849609375
-0.0169677734375 -0.0273990631103516 -0.86602783203125 0.18487548828125
-0.00662612915039063 -0.0203571319580078 -0.20745849609375 0.67828369140625
0.002105712890625 -0.0222415924072266 0.25946044921875 0.4417724609375
2.59876251220702E-05 -0.00148546695709229 0.33306884765625 -0.043853759765625
0.0123863220214844 -0.00115108489990234 0.16680908203125 -0.314208984375
-0.00369906425476074 -0.00050497055053711 -0.06890869140625 0.28857421875
-0.00160026550292969 -0.0226364135742188 -0.271682739257813 0.0921936035156249
-0.00845718383789062 -0.0388984680175781 -0.323089599609375 -0.29901123046875
0.0212535858154297 -0.0294551849365234 0.00286865234375006 -0.62994384765625
0.000465512275695801 0.000333696603775024 0.679931640625 -0.36846923828125
-0.0399284362792969 0.00452041625976563 0.84576416015625 0.42279052734375
0.00492000579833984 0.00949478149414063 0.2459716796875 0.6748046875
0.00854587554931641 0.00760221481323242 0.025665283203125 0.1444091796875
0.00355720520019531 0.0123682022094727 0.02508544921875 -0.6083984375
-8.01086425781252E-05 -0.0153942108154297 -0.6414794921875 -0.722900390625
0.00676536560058594 -0.0303096771240234 -0.8692626953125 0.16461181640625
0.003936767578125 -0.0374641418457031 -0.224853515625 0.67291259765625
0.00298690795898437 -0.0363273620605469 0.246490478515625 0.44989013671875
-0.00753068923950195 -0.0083003044128418 0.3270263671875 -0.034271240234375
0.0057220458984375 -0.000149726867675781 0.159393310546875 -0.311676025390625
-0.0100927352905273 0.000494003295898436 -0.076324462890625 0.291534423828125
-0.0097198486328125 -0.0236091613769531 -0.277847290039063 0.0966033935546875
-0.0132064819335938 -0.046844482421875 -0.328643798828125 -0.29718017578125
0.0270309448242188 -0.041961669921875 0.00195312500000007 -0.63031005859375
0.017024040222168 -0.00662040710449219 0.68365478515625 -0.3662109375
-0.0214176177978516 0.0137786865234375 0.84466552734375 0.4193115234375
0.00717926025390625 0.0357208251953125 0.2470703125 0.660400390625
-0.00870895385742188 0.0368995666503906 0.0355911254882812 0.12921142578125
-0.00179672241210937 0.0411415100097656 0.0311889648437501 -0.62249755859375
0.0153684616088867 0.000688552856445312 -0.638427734375 -0.72802734375
0.0277042388916016 -0.0313224792480469 -0.86749267578125 0.1639404296875
0.0125389099121094 -0.0487632751464844 -0.22509765625 0.67059326171875
0.0027008056640625 -0.0457611083984375 0.239776611328125 0.448638916015625
-0.0133180618286133 -0.0134372711181641 0.31927490234375 -0.033172607421875
-0.000504493713378906 0.000169426202774048 0.14990234375 -0.309844970703125
-0.0144071578979492 0.00237369537353516 -0.08709716796875 0.293853759765625
-0.0152988433837891 -0.0249691009521484 -0.28558349609375 0.095001220703125
-0.0154228210449219 -0.0502510070800781 -0.33099365234375 -0.304656982421875
0.0319175720214844 -0.0467491149902344 0.01373291015625 -0.63360595703125
0.0283336639404297 -0.00774765014648438 0.6959228515625 -0.34912109375
-0.00762557983398438 0.0201492309570313 0.83795166015625 0.43585205078125
0.00981903076171875 0.0553169250488281 0.23992919921875 0.64471435546875
-0.0208892822265625 0.0596733093261719 0.04949951171875 0.101303100585938
-0.0017242431640625 0.0607376098632812 0.0221557617187499 -0.646484375
0.0275650024414062 0.00963973999023438 -0.65802001953125 -0.72003173828125
0.0411872863769531 -0.0322036743164063 -0.85845947265625 0.18536376953125
0.0172348022460937 -0.0534629821777344 -0.2071533203125 0.67022705078125
0.000930786132812501 -0.0486946105957031 0.241546630859375 0.43682861328125
-0.0189132690429687 -0.0157051086425781 0.3111572265625 -0.037139892578125
-0.0043342113494873 0.000995159149169921 0.136260986328125 -0.3089599609375
0.0186481475830078 -0.00958633422851563 -0.091583251953125 0.276702880859375
0.030426025390625 0.00459480285644531 -0.284423828125 0.0286865234375
0.00519180297851563 0.035888671875 -0.275299072265625 -0.387542724609375
-0.0164604187011719 0.0547676086425781 0.14630126953125 -0.63873291015625
-0.0731277465820313 0.0224990844726563 0.762939453125 -0.1934814453125
-0.0813827514648438 -0.0639495849609375 0.72698974609375 0.6143798828125
0.0376663208007812 -0.09368896484375 0.11773681640625 0.647705078125
0.0923919677734375 -0.0887374877929688 0.043365478515625 0.0343437194824219
0.023590087890625 -0.089263916015625 -0.09991455078125 -0.65118408203125
-0.0550498962402344 -0.0665817260742188 -0.7880859375 -0.53253173828125
-0.0670089721679688 0.00447463989257812 -0.776123046875 0.36956787109375
-0.0202980041503906 0.0472908020019531 -0.0607910156249999 0.66571044921875
0.00325202941894531 0.0318870544433594 0.320098876953125 0.34222412109375
0.0214767456054688 0.0213470458984375 0.3155517578125 -0.10784912109375
0.0275821685791016 -0.00707817077636719 0.132965087890625 -0.3221435546875
0.0170669555664063 -0.00717067718505859 -0.0782470703125 0.27655029296875
0.0297584533691406 -0.00124359130859375 -0.27691650390625 0.04180908203125
0.00632858276367187 0.0240306854248047 -0.28460693359375 -0.364990234375
-0.010406494140625 0.0441474914550781 0.11163330078125 -0.63739013671875
-0.0685691833496094 0.0228919982910156 0.74298095703125 -0.23468017578125
-0.0858230590820313 -0.0565719604492188 0.7579345703125 0.57452392578125
0.0282974243164063 -0.0905914306640625 0.1448974609375 0.66790771484375
0.0867996215820313 -0.089447021484375 0.030731201171875 0.0715484619140625
0.0220718383789063 -0.0867462158203125 -0.072998046875 -0.63311767578125
-0.0536117553710937 -0.0669174194335938 -0.7584228515625 -0.57470703125
-0.0667686462402344 -0.00305938720703126 -0.8040771484375 0.32208251953125
-0.0228729248046875 0.0365333557128906 -0.096923828125 0.6722412109375
0.00321769714355469 0.0232810974121094 0.31048583984375 0.368499755859375
0.0189666748046875 0.0186977386474609 0.324462890625 -0.094390869140625
0.0260391235351563 -0.00363540649414063 0.143646240234375 -0.3212890625
0.0145845413208008 -0.00629234313964844 -0.0696258544921875 0.278182983398438
0.0255947113037109 -0.00704574584960938 -0.271255493164063 0.0568389892578124
0.00595760345458984 0.00898170471191406 -0.29638671875 -0.341766357421875
-0.00246047973632812 0.0291042327880859 0.0753784179687499 -0.6353759765625
-0.0552330017089844 0.0211868286132813 0.7213134765625 -0.2823486328125
-0.083038330078125 -0.041229248046875 0.78863525390625 0.52642822265625
0.0179977416992187 -0.073883056640625 0.1763916015625 0.6768798828125
0.0725479125976563 -0.0764617919921875 0.0215835571289062 0.106033325195313
0.0199356079101563 -0.0728607177734375 -0.04345703125 -0.61505126953125
-0.0454025268554688 -0.0619392395019531 -0.7205810546875 -0.61846923828125
-0.0575942993164063 -0.0123176574707031 -0.8277587890625 0.274658203125
-0.0212841033935547 0.0194244384765625 -0.13726806640625 0.67486572265625
0.00172519683837891 0.0109128952026367 0.293975830078125 0.395782470703125
0.0148801803588867 0.0133466720581055 0.329376220703125 -0.07672119140625
0.0229244232177734 -0.00287628173828125 0.15509033203125 -0.32073974609375
0.00984287261962891 -0.00400924682617188 -0.0640411376953125 0.280715942382813
0.0181522369384766 -0.0126094818115234 -0.26727294921875 0.0726318359375001
0.00216341018676758 -0.00876140594482422 -0.307830810546875 -0.3206787109375
0.00685977935791016 0.00809192657470703 0.04052734375 -0.63250732421875
-0.0374946594238281 0.0167007446289062 0.70037841796875 -0.32135009765625
-0.0731353759765625 -0.024383544921875 0.8165283203125 0.47662353515625
0.00938034057617187 -0.05010986328125 0.20697021484375 0.680908203125
0.0525093078613281 -0.0540046691894531 0.0185317993164063 0.130516052246094
0.0157852172851563 -0.0493011474609375 -0.01422119140625 -0.60260009765625
-0.0325813293457031 -0.0490837097167969 -0.685302734375 -0.65911865234375
-0.0396690368652344 -0.0209274291992188 -0.84674072265625 0.22735595703125
-0.0154581069946289 -0.00050640106201172 -0.1737060546875 0.67437744140625
0.00271224975585937 -0.0062103271484375 0.27655029296875 0.41949462890625
0.00736713409423828 0.00616884231567383 0.33251953125 -0.060577392578125
0.0183563232421875 -0.00160980224609375 0.1612548828125 -0.3167724609375
0.00432634353637695 -0.00277471542358398 -0.063690185546875 0.282958984375
0.00900077819824219 -0.0176601409912109 -0.267410278320313 0.084503173828125
-0.00309944152832031 -0.0247097015380859 -0.316619873046875 -0.303955078125
0.0144500732421875 -0.0122175216674805 0.015380859375 -0.62811279296875
-0.0188446044921875 0.00936317443847656 0.6824951171875 -0.353515625
-0.058197021484375 -0.00851058959960937 0.831787109375 0.43499755859375
0.00591278076171875 -0.0204524993896484 0.23028564453125 0.67596435546875
0.0303363800048828 -0.0245361328125 0.01861572265625 0.143875122070313
0.00898551940917969 -0.0187931060791016 0.00756835937499998 -0.59820556640625
-0.0164985656738281 -0.0330314636230469 -0.65972900390625 -0.69146728515625
-0.0178546905517578 -0.0269680023193359 -0.85968017578125 0.189453125
-0.0064697265625 -0.0204677581787109 -0.202392578125 0.67376708984375
0.00237846374511719 -0.0226802825927734 0.25994873046875 0.438385009765625
-0.000228285789489746 -0.00130915641784668 0.329742431640625 -0.04486083984375
0.0125188827514648 -0.000391960144042969 0.162322998046875 -0.312957763671875
-0.00286126136779785 -0.0012054443359375 -0.0662841796875 0.286041259765625
-0.000898361206054689 -0.0219573974609375 -0.2696533203125 0.0932769775390625
-0.00947189331054688 -0.037994384765625 -0.32373046875 -0.2939453125
0.0204753875732422 -0.0291290283203125 0.000549316406249945 -0.62591552734375
-0.000460445880889893 0.000153154134750366 0.67279052734375 -0.3681640625
-0.0392189025878906 0.00466918945312501 0.841064453125 0.4161376953125
0.00515174865722656 0.00982761383056641 0.24481201171875 0.66650390625
0.00816440582275391 0.00758552551269531 0.024322509765625 0.142105102539063
0.0030059814453125 0.0127277374267578 0.02410888671875 -0.60284423828125
-0.000715255737304687 -0.0146493911743164 -0.6390380859375 -0.71417236328125
0.00555419921875 -0.0298614501953125 -0.86065673828125 0.16778564453125
0.00368499755859375 -0.037353515625 -0.21905517578125 0.6715087890625
0.00211715698242188 -0.0362472534179688 0.246185302734375 0.446075439453125
-0.00750732421875 -0.00832033157348633 0.324737548828125 -0.035888671875
0.00640153884887695 0.000294208526611328 0.15673828125 -0.309967041015625
-0.00905895233154297 0.000646591186523439 -0.074127197265625 0.288604736328125
-0.00885963439941406 -0.0238227844238281 -0.275436401367188 0.0969085693359375
-0.013336181640625 -0.0452690124511719 -0.32635498046875 -0.292236328125
0.026519775390625 -0.0416221618652344 -0.000427246093750037 -0.625244140625
0.0158815383911133 -0.00573539733886719 0.67486572265625 -0.366455078125
-0.02142333984375 0.0141716003417969 0.84027099609375 0.41131591796875
0.00748062133789062 0.0350589752197266 0.247802734375 0.65289306640625
-0.00934219360351562 0.0375862121582031 0.0352783203125 0.127128601074219
-0.000759124755859379 0.039794921875 0.02667236328125 -0.61785888671875
0.014007568359375 0.000204086303710938 -0.638671875 -0.71978759765625
0.026092529296875 -0.0321292877197266 -0.859619140625 0.16650390625
0.0123939514160156 -0.0485153198242188 -0.218994140625 0.6680908203125
0.00232696533203125 -0.0457649230957031 0.23974609375 0.44415283203125
-0.0133171081542969 -0.0126628875732422 0.316314697265625 -0.033355712890625
0.000348418951034546 0.000272572040557861 0.146392822265625 -0.307281494140625
-0.0140438079833984 0.001739501953125 -0.084930419921875 0.291168212890625
-0.014373779296875 -0.0241680145263672 -0.28436279296875 0.095245361328125
-0.0161514282226563 -0.04901123046875 -0.329010009765625 -0.301544189453125
0.030914306640625 -0.0465049743652344 0.01092529296875 -0.6278076171875
0.0271186828613281 -0.00885200500488281 0.69085693359375 -0.348388671875
-0.00738716125488281 0.0206260681152344 0.83251953125 0.427978515625
0.0111732482910156 0.0539093017578125 0.2393798828125 0.63726806640625
-0.0198135375976563 0.0595970153808594 0.04888916015625 0.100227355957031
-0.00106048583984376 0.05950927734375 0.0191040039062501 -0.63983154296875
0.0278434753417969 0.00979423522949219 -0.65625 -0.71173095703125
0.0398750305175781 -0.0322341918945312 -0.8511962890625 0.186767578125
0.0164566040039062 -0.0537147521972656 -0.20318603515625 0.667724609375
0.00099945068359375 -0.048309326171875 0.241790771484375 0.433929443359375
-0.0185871124267578 -0.0145206451416016 0.3077392578125 -0.037994384765625
-0.0037074089050293 0.00132489204406738 0.132904052734375 -0.30712890625
0.0191307067871094 -0.0101051330566406 -0.090728759765625 0.274932861328125
0.0312099456787109 0.00403976440429688 -0.283966064453125 0.02886962890625
0.00567245483398438 0.0357246398925781 -0.275665283203125 -0.383209228515625
-0.0166854858398438 0.0542411804199219 0.14300537109375 -0.63482666015625
-0.0727920532226563 0.023040771484375 0.757080078125 -0.19482421875
-0.0802688598632813 -0.0630874633789062 0.723876953125 0.604736328125
0.0376434326171875 -0.09344482421875 0.11663818359375 0.64208984375
0.0920562744140625 -0.089080810546875 0.0418205261230469 0.0351142883300781
0.02325439453125 -0.08795166015625 -0.10205078125 -0.64508056640625
-0.0547447204589844 -0.0656509399414063 -0.7855224609375 -0.5250244140625
-0.0668411254882813 0.00550079345703124 -0.7705078125 0.3714599609375
-0.0209274291992188 0.0465316772460938 -0.0576171875 0.6627197265625
0.00344467163085937 0.032379150390625 0.31939697265625 0.34051513671875
0.0210704803466797 0.0219020843505859 0.312469482421875 -0.108612060546875
0.0279273986816406 -0.00729942321777344 0.13055419921875 -0.320648193359375
0.0179634094238281 -0.00784492492675781 -0.076934814453125 0.274368286132813
0.0300197601318359 -0.00146102905273438 -0.275634765625 0.042755126953125
0.00677871704101562 0.0242233276367187 -0.283050537109375 -0.362030029296875
-0.0105972290039062 0.0437126159667969 0.10968017578125 -0.6329345703125
-0.0681343078613281 0.0232734680175781 0.737060546875 -0.23480224609375
-0.0852584838867188 -0.0546951293945312 0.75628662109375 0.567138671875
0.0282516479492188 -0.0902099609375 0.1446533203125 0.660400390625
0.0859756469726563 -0.0886383056640625 0.0301513671875 0.071380615234375
0.022735595703125 -0.0859375 -0.07513427734375 -0.62603759765625
-0.0531959533691406 -0.0659599304199219 -0.7537841796875 -0.5682373046875
-0.0664405822753906 -0.00324249267578126 -0.79766845703125 0.32452392578125
-0.0223312377929688 0.0358161926269531 -0.09381103515625 0.66851806640625
0.00327301025390625 0.0237026214599609 0.309356689453125 0.36590576171875
0.0187606811523438 0.0177478790283203 0.321502685546875 -0.0947265625
0.02618408203125 -0.00411033630371094 0.140106201171875 -0.3209228515625
0.0149335861206055 -0.00735759735107422 -0.068389892578125 0.27593994140625
0.0263156890869141 -0.00752449035644531 -0.269851684570313 0.0589141845703126
0.00542831420898438 0.00916767120361328 -0.294708251953125 -0.337677001953125
-0.00278472900390625 0.0281143188476563 0.0731201171875 -0.6314697265625
-0.0554695129394531 0.0215339660644531 0.7158203125 -0.2835693359375
-0.0819015502929688 -0.0400238037109375 0.78399658203125 0.51947021484375
0.0181121826171875 -0.0738143920898438 0.174560546875 0.67059326171875
0.0716094970703125 -0.0767822265625 0.0214614868164063 0.104972839355469
0.0196762084960938 -0.072418212890625 -0.0449218750000001 -0.60882568359375
-0.0452537536621094 -0.0602645874023437 -0.71783447265625 -0.611572265625
-0.0578193664550781 -0.0126838684082031 -0.82000732421875 0.27557373046875
-0.0212306976318359 0.0198917388916016 -0.1331787109375 0.6722412109375
0.00195598602294922 0.0105562210083008 0.294036865234375 0.39239501953125
0.0141744613647461 0.0125522613525391 0.327667236328125 -0.0771484375
0.0239162445068359 -0.00347328186035156 0.151763916015625 -0.319366455078125
0.0110073089599609 -0.00606822967529297 -0.063201904296875 0.278945922851562
0.0184974670410156 -0.0127410888671875 -0.266220092773438 0.07354736328125
0.0018763542175293 -0.00823640823364258 -0.305572509765625 -0.31646728515625
0.00625991821289063 0.00826883316040039 0.0396728515624999 -0.62860107421875
-0.0379867553710938 0.0166816711425781 0.69378662109375 -0.32244873046875
-0.0724716186523438 -0.0232009887695313 0.8121337890625 0.470947265625
0.0102806091308594 -0.0496101379394531 0.2069091796875 0.6724853515625
0.051513671875 -0.0538368225097656 0.0179214477539063 0.130523681640625
0.0161895751953125 -0.0485572814941406 -0.0167236328125 -0.59796142578125
-0.0328903198242188 -0.0491561889648438 -0.68194580078125 -0.651123046875
-0.0406646728515625 -0.0213050842285156 -0.8388671875 0.22900390625
-0.0164051055908203 -0.000880241394042966 -0.16912841796875 0.670654296875
0.00217103958129883 -0.00569963455200195 0.276214599609375 0.416961669921875
0.00719499588012695 0.00590372085571289 0.329437255859375 -0.06085205078125
0.0187625885009766 -0.002166748046875 0.158447265625 -0.315277099609375
0.00523233413696289 -0.00404596328735352 -0.06170654296875 0.280975341796875
0.00941658020019531 -0.017852783203125 -0.265640258789063 0.0854644775390625
-0.00272941589355469 -0.0243358612060547 -0.3148193359375 -0.300201416015625
0.0137977600097656 -0.0121002197265625 0.01348876953125 -0.62396240234375
-0.0186347961425781 0.00932884216308594 0.677734375 -0.35162353515625
-0.0568504333496094 -0.00753021240234376 0.82958984375 0.4307861328125
0.00606918334960938 -0.0209197998046875 0.23126220703125 0.67059326171875
0.0298061370849609 -0.02398681640625 0.0187530517578125 0.142898559570313
0.00942039489746094 -0.0188102722167969 0.00451660156249996 -0.59283447265625
-0.0170459747314453 -0.0315208435058594 -0.65545654296875 -0.6826171875
-0.0185718536376953 -0.0268039703369141 -0.851806640625 0.1912841796875
-0.00678062438964844 -0.0208339691162109 -0.19879150390625 0.6708984375
0.00172996520996094 -0.0219402313232422 0.260345458984375 0.435821533203125
0.000119268894195557 -0.000869095325469971 0.327301025390625 -0.0465087890625
0.0128183364868164 -0.000957489013671875 0.160675048828125 -0.3114013671875
-0.00186061859130859 -0.00113451480865479 -0.06573486328125 0.2838134765625
-0.000659942626953123 -0.0220680236816406 -0.268203735351563 0.09344482421875
-0.009490966796875 -0.0364723205566406 -0.3218994140625 -0.29010009765625
0.0197429656982422 -0.0294437408447266 -0.00201416015624995 -0.6195068359375
-0.000804722309112549 0.00105428695678711 0.66705322265625 -0.36663818359375
-0.0382728576660156 0.00463485717773437 0.8363037109375 0.41033935546875
0.00656223297119141 0.00934314727783203 0.2449951171875 0.66156005859375
0.00823688507080078 0.00787210464477539 0.024993896484375 0.142013549804688
0.00424098968505859 0.0124273300170898 0.02166748046875 -0.59722900390625
-0.000706672668457033 -0.0141592025756836 -0.635986328125 -0.70672607421875
0.00498008728027344 -0.0301036834716797 -0.85638427734375 0.16998291015625
0.00220108032226562 -0.0375862121582031 -0.2147216796875 0.66705322265625
0.00281524658203125 -0.0358772277832031 0.245574951171875 0.442779541015625
-0.0069117546081543 -0.00748014450073242 0.32159423828125 -0.036895751953125
0.0070796012878418 0.000660896301269531 0.153961181640625 -0.30859375
-0.00797605514526367 -1.47819519042984E-05 -0.073577880859375 0.286224365234375
-0.00831413269042969 -0.0240821838378906 -0.273635864257813 0.096893310546875
-0.0143165588378906 -0.0452919006347656 -0.326202392578125 -0.288665771484375
0.0252037048339844 -0.0418014526367188 -0.00354003906249995 -0.62060546875
0.0159273147583008 -0.00579357147216797 0.6707763671875 -0.3662109375
-0.0209445953369141 0.0141448974609375 0.83660888671875 0.40521240234375
0.00790596008300781 0.0347881317138672 0.24774169921875 0.64764404296875
-0.0094451904296875 0.0371971130371094 0.03509521484375 0.126510620117188
-0.000659942626953127 0.0404701232910156 0.02606201171875 -0.61236572265625
0.0137777328491211 0.00110149383544922 -0.6363525390625 -0.71136474609375
0.0250587463378906 -0.0304203033447266 -0.85296630859375 0.16925048828125
0.0111923217773437 -0.0481719970703125 -0.21588134765625 0.66448974609375
0.00241470336914062 -0.0454368591308594 0.2396240234375 0.44219970703125
-0.0136919021606445 -0.0118541717529297 0.313568115234375 -0.034423828125
0.00084531307220459 0.000730454921722412 0.14410400390625 -0.306488037109375
-0.0123205184936523 0.000486373901367186 -0.0830078125 0.289459228515625
-0.0139827728271484 -0.0238361358642578 -0.28167724609375 0.095367431640625
-0.0161323547363281 -0.0479774475097656 -0.32818603515625 -0.296539306640625
0.03045654296875 -0.0460586547851562 0.00836181640624999 -0.6224365234375
0.02728271484375 -0.00781822204589844 0.6844482421875 -0.3477783203125
-0.00670051574707031 0.0211696624755859 0.8270263671875 0.42083740234375
0.0111427307128906 0.0535545349121094 0.238525390625 0.63232421875
-0.0198936462402344 0.0596199035644531 0.0480575561523437 0.10028076171875
-0.000740051269531251 0.0592803955078125 0.0181884765625 -0.63592529296875
0.0269660949707031 0.0100193023681641 -0.6524658203125 -0.7039794921875
0.0391464233398437 -0.0318527221679688 -0.84503173828125 0.18951416015625
0.0157661437988281 -0.0532875061035156 -0.1998291015625 0.66510009765625
4.19616699218714E-05 -0.0472068786621094 0.241973876953125 0.4300537109375
-0.0179576873779297 -0.01361083984375 0.30450439453125 -0.039642333984375
-0.00417304039001465 0.00129485130310059 0.12969970703125 -0.306427001953125
0.0195026397705078 -0.0109958648681641 -0.08917236328125 0.272903442382813
0.0317306518554688 0.00422096252441406 -0.282440185546875 0.029876708984375
0.005950927734375 0.0358428955078125 -0.274444580078125 -0.380462646484375
-0.01666259765625 0.0536956787109375 0.14111328125 -0.63055419921875
-0.0731430053710937 0.0222625732421875 0.75372314453125 -0.19482421875
-0.0784683227539063 -0.0623855590820313 0.72113037109375 0.59991455078125
0.037384033203125 -0.09344482421875 0.11602783203125 0.63812255859375
0.09210205078125 -0.0886459350585938 0.0408554077148438 0.0350608825683594
0.0232696533203125 -0.087921142578125 -0.1005859375 -0.6407470703125
-0.0548553466796875 -0.0650291442871094 -0.77923583984375 -0.521240234375
-0.0677986145019531 0.00526046752929687 -0.764892578125 0.36944580078125
-0.0212173461914062 0.0465049743652344 -0.05670166015625 0.65972900390625
0.00423431396484375 0.0319118499755859 0.31732177734375 0.338836669921875
0.0210037231445313 0.0212612152099609 0.3101806640625 -0.108184814453125
0.0279788970947266 -0.00762367248535156 0.129058837890625 -0.3192138671875
0.0191841125488281 -0.00909423828125 -0.0751953125 0.27203369140625
0.0307712554931641 -0.00167465209960938 -0.274673461914063 0.0436859130859375
0.00689315795898437 0.0251502990722656 -0.282073974609375 -0.359039306640625
-0.0101966857910156 0.0419883728027344 0.109130859375 -0.63018798828125
-0.0677680969238281 0.0234832763671875 0.7337646484375 -0.2353515625
-0.0837631225585938 -0.0539932250976562 0.751708984375 0.56121826171875
0.0276031494140625 -0.0903701782226563 0.14404296875 0.656005859375
0.0854110717773438 -0.0884017944335938 0.0291213989257813 0.0712127685546875
0.022705078125 -0.0856246948242188 -0.073974609375 -0.62335205078125
-0.0529899597167969 -0.0646171569824219 -0.75 -0.56170654296875
-0.0671730041503906 -0.00206756591796876 -0.7919921875 0.3238525390625
-0.0226287841796875 0.0352783203125 -0.0921020507812499 0.66632080078125
0.00351524353027344 0.0235767364501953 0.3087158203125 0.3634033203125
0.0185394287109375 0.0176448822021484 0.318939208984375 -0.09576416015625
0.0263900756835938 -0.00494575500488281 0.138641357421875 -0.31842041015625
0.0161600112915039 -0.008941650390625 -0.067901611328125 0.2744140625
0.0261459350585938 -0.00762748718261719 -0.269012451171875 0.0592498779296875
0.00587654113769531 0.00936317443847656 -0.294708251953125 -0.336029052734375
-0.00240325927734375 0.0279197692871094 0.0711669921875 -0.627197265625
-0.0546493530273438 0.0222663879394531 0.7103271484375 -0.28289794921875
-0.0811614990234375 -0.0395050048828125 0.7811279296875 0.51300048828125
0.0178451538085937 -0.0741195678710938 0.1737060546875 0.6658935546875
0.07177734375 -0.0761184692382813 0.0206985473632813 0.105964660644531
0.0202484130859375 -0.0712890625 -0.04241943359375 -0.60626220703125
-0.0453720092773438 -0.059356689453125 -0.71380615234375 -0.606201171875
-0.0580101013183594 -0.0117530822753906 -0.81597900390625 0.2747802734375
-0.0213470458984375 0.0189762115478516 -0.13116455078125 0.6680908203125
0.00217914581298828 0.010228157043457 0.29412841796875 0.389190673828125
0.0152778625488281 0.0131349563598633 0.324554443359375 -0.078155517578125
0.0236320495605469 -0.00339698791503906 0.151123046875 -0.317169189453125
0.011561393737793 -0.00671195983886719 -0.0617523193359375 0.275741577148438
0.0192050933837891 -0.0127601623535156 -0.264892578125 0.073638916015625
0.0020294189453125 -0.00807094573974609 -0.305816650390625 -0.3134765625
0.00560140609741211 0.0078129768371582 0.03961181640625 -0.62506103515625
-0.03753662109375 0.01666259765625 0.68914794921875 -0.322265625
-0.0710830688476563 -0.0223007202148437 0.80609130859375 0.4654541015625
0.0108680725097656 -0.0500030517578125 0.20379638671875 0.668701171875
0.051605224609375 -0.0535736083984375 0.0167312622070312 0.129417419433594
0.0159797668457031 -0.0478477478027344 -0.015625 -0.5924072265625
-0.0327835083007813 -0.0472068786621094 -0.67913818359375 -0.6444091796875
-0.0416641235351563 -0.0205192565917969 -0.8350830078125 0.22796630859375
-0.0162458419799805 -0.000850677490234374 -0.16729736328125 0.6702880859375
0.00223302841186523 -0.00558042526245117 0.27587890625 0.414794921875
0.00870609283447266 0.0058441162109375 0.32733154296875 -0.0609130859375
0.0194549560546875 -0.00226211547851563 0.157684326171875 -0.313690185546875
0.00648260116577149 -0.00504875183105469 -0.0614471435546875 0.2784423828125
0.00960159301757813 -0.0181465148925781 -0.263992309570313 0.0855255126953125
-0.0029449462890625 -0.0230007171630859 -0.314361572265625 -0.296478271484375
0.0130949020385742 -0.0124979019165039 0.011474609375 -0.61907958984375
-0.0184764862060547 0.00934600830078125 0.6724853515625 -0.3515625
-0.0553970336914063 -0.00760650634765626 0.82476806640625 0.4248046875
0.00637054443359375 -0.0203418731689453 0.22930908203125 0.66436767578125
0.0300235748291016 -0.0238761901855469 0.018463134765625 0.142578125
0.00973701477050781 -0.0181198120117188 0.00488281250000001 -0.58856201171875
-0.0174560546875 -0.0311527252197266 -0.65106201171875 -0.67626953125
-0.0188884735107422 -0.0261707305908203 -0.84576416015625 0.192138671875
-0.00812149047851563 -0.0200824737548828 -0.19586181640625 0.66888427734375
0.00198936462402344 -0.0221748352050781 0.26025390625 0.4326171875
0.000676751136779785 -0.000540196895599365 0.324066162109375 -0.046661376953125
0.0134048461914063 -0.00128841400146484 0.157684326171875 -0.310333251953125
-0.000915050506591797 -0.00192809104919434 -0.064239501953125 0.28125
0.000562667846679687 -0.0216121673583984 -0.267318725585938 0.0936584472656249
-0.00910568237304687 -0.0365753173828125 -0.32220458984375 -0.286651611328125
0.0195407867431641 -0.0299110412597656 -0.00134277343749996 -0.61663818359375
-0.00076526403427124 0.00102823972702026 0.66326904296875 -0.36444091796875
-0.0376510620117188 0.00574874877929687 0.83258056640625 0.40386962890625
0.00604486465454102 0.00876808166503906 0.24365234375 0.6552734375
0.00853490829467773 0.00833749771118164 0.0244903564453125 0.140411376953125
0.00386142730712891 0.0127477645874023 0.02215576171875 -0.59295654296875
-0.00113868713378906 -0.0135898590087891 -0.633056640625 -0.70123291015625
0.00463676452636719 -0.0293807983398438 -0.85028076171875 0.17193603515625
0.001556396484375 -0.0375137329101563 -0.2132568359375 0.66326904296875
0.002166748046875 -0.0355300903320313 0.24615478515625 0.441436767578125
-0.00611686706542969 -0.00735855102539063 0.319427490234375 -0.0379638671875
0.00637722015380859 8.29696655273438E-05 0.15264892578125 -0.307281494140625
-0.00670480728149414 -0.00131607055664063 -0.072113037109375 0.283416748046875
-0.00810813903808594 -0.0232105255126953 -0.272232055664062 0.097503662109375
-0.0136299133300781 -0.04449462890625 -0.324920654296875 -0.286712646484375
0.0241966247558594 -0.0415573120117187 -0.00305175781249995 -0.61480712890625
0.014923095703125 -0.00532913208007813 0.66619873046875 -0.3636474609375
-0.0199470520019531 0.0148944854736328 0.8323974609375 0.40118408203125
0.00826263427734375 0.0343151092529297 0.24591064453125 0.64154052734375
-0.00839996337890625 0.0374298095703125 0.0341644287109375 0.125770568847656
-0.000118255615234379 0.0388565063476563 0.0252685546875 -0.60845947265625
0.014002799987793 0.00138282775878906 -0.632080078125 -0.7066650390625
0.0250339508056641 -0.031005859375 -0.84783935546875 0.1700439453125
0.0110397338867188 -0.0484275817871094 -0.21368408203125 0.662353515625
0.00194168090820312 -0.0444107055664063 0.23828125 0.4407958984375
-0.0128278732299805 -0.0125932693481445 0.311737060546875 -0.035614013671875
0.00113356113433838 0.000171899795532227 0.142669677734375 -0.304962158203125
-0.0122823715209961 -0.000791549682617186 -0.081695556640625 0.28643798828125
-0.0136566162109375 -0.0233402252197266 -0.280593872070312 0.0959014892578125
-0.0163116455078125 -0.046722412109375 -0.326629638671875 -0.2939453125
0.0291748046875 -0.045928955078125 0.00787353515624995 -0.619384765625
0.0260639190673828 -0.00831413269042969 0.67840576171875 -0.34649658203125
-0.00659561157226563 0.0215682983398438 0.82421875 0.4183349609375
0.0114173889160156 0.0524368286132813 0.236083984375 0.62677001953125
-0.0196800231933594 0.0592498779296875 0.0473556518554688 0.0997085571289063
-0.000972747802734369 0.0586967468261719 0.017822265625 -0.6309814453125
0.0260066986083984 0.01031494140625 -0.65081787109375 -0.69732666015625
0.0385932922363281 -0.0310935974121094 -0.83831787109375 0.192138671875
0.0148048400878906 -0.0530433654785156 -0.19830322265625 0.66131591796875
0.000827789306640626 -0.0468101501464844 0.24114990234375 0.42742919921875
-0.0184478759765625 -0.0143775939941406 0.30328369140625 -0.039794921875
-0.00272774696350098 0.00109195709228516 0.12884521484375 -0.304443359375
0.0208816528320313 -0.0121440887451172 -0.088531494140625 0.270706176757813
0.032073974609375 0.00426101684570313 -0.280807495117188 0.0315399169921876
0.00556182861328125 0.0355606079101563 -0.2728271484375 -0.377471923828125
-0.0177421569824219 0.0536003112792969 0.14141845703125 -0.6268310546875
-0.0727920532226563 0.0232391357421875 0.74981689453125 -0.1939697265625
-0.0770950317382813 -0.0622482299804688 0.71746826171875 0.59661865234375
0.0372085571289062 -0.0931396484375 0.11505126953125 0.63262939453125
0.0909423828125 -0.0868759155273437 0.0402870178222656 0.0347862243652344
0.0245437622070313 -0.087188720703125 -0.10125732421875 -0.63702392578125
-0.0545196533203125 -0.0636253356933594 -0.7745361328125 -0.517822265625
-0.0678596496582031 0.00538635253906251 -0.75897216796875 0.36798095703125
-0.0211334228515625 0.0464706420898438 -0.0551757812500001 0.6558837890625
0.0039825439453125 0.0310134887695313 0.31842041015625 0.337066650390625
0.0214328765869141 0.0217151641845703 0.308837890625 -0.10858154296875
0.0282459259033203 -0.00723075866699219 0.127899169921875 -0.317169189453125
0.0195407867431641 -0.0102119445800781 -0.074859619140625 0.271652221679688
0.0307979583740234 -0.001373291015625 -0.274032592773437 0.0442657470703125
0.0069580078125 0.0248394012451172 -0.281219482421875 -0.3564453125
-0.0110015869140625 0.0427474975585937 0.1085205078125 -0.62445068359375
-0.0671844482421875 0.0238456726074219 0.72930908203125 -0.23309326171875
-0.0825729370117188 -0.0530471801757813 0.74871826171875 0.55743408203125
0.02862548828125 -0.0894927978515625 0.14227294921875 0.653076171875
0.0855865478515625 -0.087738037109375 0.028900146484375 0.0714492797851563
0.02294921875 -0.084930419921875 -0.07342529296875 -0.61956787109375
-0.052734375 -0.0641593933105469 -0.7454833984375 -0.5584716796875
-0.067718505859375 -0.00123977661132812 -0.787109375 0.32281494140625
-0.0223960876464844 0.0354194641113281 -0.0908203125000001 0.662109375
0.00280952453613281 0.0237655639648437 0.30712890625 0.36138916015625
0.0195693969726563 0.0184555053710938 0.316497802734375 -0.095367431640625
0.0272216796875 -0.00486946105957031 0.1380615234375 -0.316619873046875
0.0171518325805664 -0.00917339324951172 -0.0670623779296875 0.272796630859375
0.0270671844482422 -0.00693321228027344 -0.26727294921875 0.059722900390625
0.00596141815185547 0.00931739807128906 -0.293548583984375 -0.3328857421875
-0.00279045104980469 0.0269680023193359 0.07000732421875 -0.62261962890625
-0.0551910400390625 0.0218505859375 0.70709228515625 -0.27947998046875
-0.08056640625 -0.03875732421875 0.77740478515625 0.509521484375
0.0183334350585938 -0.0743637084960938 0.17193603515625 0.66265869140625
0.0711898803710938 -0.0757904052734375 0.0197067260742188 0.105003356933594
0.0204010009765625 -0.071319580078125 -0.0432128906250001 -0.60101318359375
-0.0453147888183594 -0.0584030151367187 -0.70965576171875 -0.6016845703125
-0.0581741333007813 -0.0113410949707031 -0.809326171875 0.27490234375
-0.0217952728271484 0.0191936492919922 -0.1298828125 0.6649169921875
0.00191307067871094 0.0101156234741211 0.293304443359375 0.3883056640625
0.0158166885375977 0.0126733779907227 0.322662353515625 -0.07806396484375
0.0250511169433594 -0.00377273559570313 0.149200439453125 -0.31585693359375
0.0128374099731445 -0.00766849517822266 -0.0612335205078125 0.274078369140625
0.0195102691650391 -0.0123710632324219 -0.2637939453125 0.07366943359375
0.00253820419311523 -0.00757169723510742 -0.302734375 -0.311737060546875
0.00504446029663086 0.00727748870849609 0.03839111328125 -0.6199951171875
-0.0382728576660156 0.0169754028320313 0.6864013671875 -0.31915283203125
-0.0706939697265625 -0.0219345092773437 0.80303955078125 0.46240234375
0.0110588073730469 -0.0500335693359375 0.2022705078125 0.6644287109375
0.0514106750488281 -0.0528030395507813 0.01666259765625 0.129165649414063
0.0164222717285156 -0.0468673706054688 -0.01617431640625 -0.589111328125
-0.0325355529785156 -0.0473556518554688 -0.67486572265625 -0.640625
-0.0417060852050781 -0.0199928283691406 -0.82952880859375 0.2286376953125
-0.0166101455688477 -0.000961303710937503 -0.16571044921875 0.66680908203125
0.00219917297363281 -0.00554943084716797 0.274871826171875 0.41351318359375
0.00843715667724609 0.00688266754150391 0.32550048828125 -0.061767578125
0.0198936462402344 -0.00221061706542969 0.15509033203125 -0.31268310546875
0.00681257247924805 -0.00601053237915039 -0.061187744140625 0.277450561523437
0.00952529907226563 -0.0180568695068359 -0.263717651367188 0.0856170654296875
-0.00284385681152344 -0.0227699279785156 -0.313385009765625 -0.295135498046875
0.0124378204345703 -0.0122871398925781 0.01171875 -0.61553955078125
-0.0195274353027344 0.00894355773925782 0.66937255859375 -0.34912109375
-0.0548362731933594 -0.00696945190429689 0.8193359375 0.422119140625
0.00724983215332031 -0.0207042694091797 0.2261962890625 0.66046142578125
0.0294055938720703 -0.0234832763671875 0.017578125 0.141433715820313
0.0102996826171875 -0.0181179046630859 0.00543212890625003 -0.58477783203125
-0.0172901153564453 -0.0300579071044922 -0.64801025390625 -0.67315673828125
-0.0196132659912109 -0.0262546539306641 -0.841552734375 0.1932373046875
-0.00807571411132813 -0.0204067230224609 -0.1943359375 0.66595458984375
0.00239944458007813 -0.0220394134521484 0.259552001953125 0.430206298828125
0.00104522705078125 -0.000669538974761963 0.32366943359375 -0.046356201171875
0.0137691497802734 -0.00146961212158203 0.15643310546875 -0.3087158203125
2.33650207519531E-05 -0.00326681137084961 -0.064666748046875 0.279144287109375
0.000841140747070311 -0.0214900970458984 -0.2655029296875 0.0934295654296875
-0.00881195068359375 -0.0352935791015625 -0.31866455078125 -0.285186767578125
0.0194568634033203 -0.0303745269775391 -0.00262451171874993 -0.6126708984375
-0.000202417373657227 0.00155436992645264 0.6597900390625 -0.36224365234375
-0.0359954833984375 0.00572586059570313 0.828369140625 0.401123046875
0.00694084167480469 0.00828695297241211 0.24041748046875 0.6505126953125
0.00916004180908203 0.00768184661865234 0.0233154296875 0.140716552734375
0.00434112548828125 0.0119409561157227 0.02056884765625 -0.5892333984375
-0.00105190277099609 -0.0133275985717773 -0.62811279296875 -0.69549560546875
0.00421524047851562 -0.0294570922851563 -0.8460693359375 0.17083740234375
0.0023651123046875 -0.0370559692382813 -0.2103271484375 0.66143798828125
0.00251388549804688 -0.0354080200195313 0.245880126953125 0.438140869140625
-0.00666475296020508 -0.00668144226074219 0.318603515625 -0.03851318359375
0.00707244873046875 -0.000468730926513672 0.1502685546875 -0.305389404296875
-0.00558090209960938 -0.00127458572387695 -0.071197509765625 0.281707763671875
-0.00749778747558594 -0.0233821868896484 -0.271148681640625 0.0973358154296874
-0.0137252807617188 -0.0433502197265625 -0.3236083984375 -0.283966064453125
0.0243759155273437 -0.041259765625 -0.00372314453125004 -0.6119384765625
0.0143623352050781 -0.00457477569580078 0.662841796875 -0.36163330078125
-0.0185146331787109 0.0149078369140625 0.82763671875 0.39801025390625
0.00867080688476562 0.0335311889648438 0.2425537109375 0.63616943359375
-0.0088348388671875 0.0371971130371094 0.0335311889648438 0.125038146972656
0.000144958496093747 0.0389404296875 0.02398681640625 -0.60443115234375
0.0139636993408203 0.00175666809082031 -0.62750244140625 -0.7012939453125
0.0242691040039062 -0.0310211181640625 -0.84356689453125 0.16937255859375
0.0105094909667969 -0.0482063293457031 -0.20977783203125 0.659423828125
0.00198745727539062 -0.0445060729980469 0.23870849609375 0.43768310546875
-0.0125761032104492 -0.0119991302490234 0.309600830078125 -0.036163330078125
0.00126290321350098 0.000705122947692871 0.140625 -0.30364990234375
-0.0102033615112305 -0.000448226928710938 -0.08148193359375 0.284393310546875
-0.0120735168457031 -0.0231800079345703 -0.27886962890625 0.0949249267578125
-0.0162696838378906 -0.0463485717773438 -0.32501220703125 -0.29229736328125
0.0284423828125 -0.0472030639648438 0.00805664062500003 -0.61444091796875
0.0265827178955078 -0.00785446166992188 0.675537109375 -0.3448486328125
-0.00562667846679688 0.0217208862304688 0.81951904296875 0.41363525390625
0.0116767883300781 0.0522193908691406 0.23443603515625 0.6217041015625
-0.0195159912109375 0.0588150024414063 0.0468978881835938 0.098541259765625
-0.000370025634765625 0.058746337890625 0.0186157226562499 -0.626953125
0.0259037017822266 0.0109386444091797 -0.6455078125 -0.693359375
0.037078857421875 -0.0311203002929687 -0.83447265625 0.1895751953125
0.0142250061035156 -0.0527076721191406 -0.1956787109375 0.6585693359375
0.000225067138671875 -0.0471343994140625 0.240753173828125 0.42645263671875
-0.0173425674438477 -0.013031005859375 0.301116943359375 -0.04034423828125
-0.00268697738647461 0.00045323371887207 0.126800537109375 -0.302032470703125
0.0221519470214844 -0.0125942230224609 -0.0881500244140625 0.269195556640625
0.0319881439208984 0.00406837463378906 -0.280349731445313 0.0314788818359376
0.00571441650390625 0.0365753173828125 -0.27142333984375 -0.37567138671875
-0.0171699523925781 0.0534553527832031 0.14166259765625 -0.62274169921875
-0.0718917846679688 0.0231857299804688 0.744384765625 -0.19232177734375
-0.0764389038085938 -0.0611495971679688 0.7135009765625 0.5946044921875
0.0377883911132813 -0.0929336547851563 0.11224365234375 0.63079833984375
0.0913314819335938 -0.0868759155273438 0.0392379760742188 0.0358734130859375
0.02392578125 -0.08746337890625 -0.0997924804687499 -0.6343994140625
-0.0540390014648438 -0.0634613037109375 -0.77105712890625 -0.5147705078125
-0.0677833557128906 0.00611114501953126 -0.75457763671875 0.36669921875
-0.0209274291992187 0.0463180541992188 -0.05419921875 0.65484619140625
0.00403976440429688 0.0316562652587891 0.316680908203125 0.336944580078125
0.0222721099853516 0.0215034484863281 0.307037353515625 -0.107177734375
0.0285396575927734 -0.00808906555175781 0.1256103515625 -0.31610107421875
0.0208663940429688 -0.0113048553466797 -0.0748748779296875 0.268630981445313
0.0313167572021484 -0.00156402587890625 -0.273269653320313 0.0441131591796875
0.00731086730957031 0.0252895355224609 -0.279296875 -0.35504150390625
-0.0107192993164062 0.0427284240722656 0.10650634765625 -0.6219482421875
-0.0672149658203125 0.0235748291015625 0.7254638671875 -0.23223876953125
-0.081329345703125 -0.0528106689453125 0.7447509765625 0.55438232421875
0.0291748046875 -0.0895156860351563 0.139892578125 0.6492919921875
0.08544921875 -0.0870285034179687 0.0276947021484375 0.0710296630859375
0.023468017578125 -0.084014892578125 -0.0721435546874999 -0.6170654296875
-0.05303955078125 -0.063720703125 -0.7415771484375 -0.5562744140625
-0.0673332214355469 -0.00119781494140625 -0.78411865234375 0.32208251953125
-0.023040771484375 0.0353813171386719 -0.0904541015625 0.661865234375
0.00349807739257812 0.0230960845947266 0.306549072265625 0.3604736328125
0.0202407836914063 0.01837158203125 0.3153076171875 -0.094879150390625
0.0273609161376953 -0.004730224609375 0.137054443359375 -0.31561279296875
0.0178737640380859 -0.00972557067871094 -0.067352294921875 0.271469116210938
0.0273303985595703 -0.00764274597167969 -0.266876220703125 0.0601959228515625
0.00592136383056641 0.0105905532836914 -0.29229736328125 -0.33203125
-0.00309562683105469 0.0267124176025391 0.07098388671875 -0.6197509765625
-0.0547752380371094 0.0225067138671875 0.70361328125 -0.279052734375
-0.0795669555664063 -0.0380172729492187 0.775634765625 0.505615234375
0.0190963745117188 -0.0747451782226563 0.16937255859375 0.65838623046875
0.0710296630859375 -0.0751266479492188 0.0195083618164063 0.1043701171875
0.02105712890625 -0.070556640625 -0.042236328125 -0.59820556640625
-0.0449104309082031 -0.0585899353027344 -0.7059326171875 -0.59918212890625
-0.0582656860351563 -0.0106582641601562 -0.80877685546875 0.27496337890625
-0.0223445892333984 0.0191135406494141 -0.1285400390625 0.6640625
0.00193023681640625 0.0106306076049805 0.291961669921875 0.38720703125
0.0155572891235352 0.0135412216186523 0.3214111328125 -0.07781982421875
0.0251598358154297 -0.00445556640625 0.148712158203125 -0.314453125
0.0134897232055664 -0.00850868225097656 -0.0618438720703125 0.273574829101562
0.0196895599365234 -0.013580322265625 -0.263671875 0.0748443603515625
0.00283908843994141 -0.00708818435668945 -0.302886962890625 -0.31011962890625
0.00531482696533203 0.00690698623657226 0.0379638671875 -0.61724853515625
-0.0386428833007813 0.0169601440429687 0.6837158203125 -0.317626953125
-0.0695686340332031 -0.0216217041015625 0.79925537109375 0.4586181640625
0.0118827819824219 -0.050048828125 0.20098876953125 0.6612548828125
0.0513420104980469 -0.0528526306152344 0.0158920288085937 0.128936767578125
0.0164604187011719 -0.0472068786621094 -0.0155029296875 -0.586669921875
-0.032196044921875 -0.0466232299804688 -0.67120361328125 -0.6357421875
-0.0409355163574219 -0.0195655822753906 -0.82647705078125 0.22845458984375
-0.016998291015625 -0.00122451782226563 -0.1650390625 0.663818359375
0.00177335739135742 -0.00499534606933594 0.27471923828125 0.41204833984375
0.00888729095458984 0.00704765319824219 0.32373046875 -0.061981201171875
0.0202617645263672 -0.00253486633300781 0.15496826171875 -0.311126708984375
0.00753307342529297 -0.00620651245117188 -0.0604095458984375 0.274993896484375
0.0110321044921875 -0.0176734924316406 -0.262741088867188 0.08612060546875
-0.00227165222167969 -0.0223045349121094 -0.310821533203125 -0.293853759765625
0.0119180679321289 -0.0121650695800781 0.0115966796875001 -0.611572265625
-0.0193710327148438 0.00981330871582032 0.666748046875 -0.34771728515625
-0.0538063049316406 -0.00648880004882812 0.8157958984375 0.42041015625
0.00827598571777344 -0.0212192535400391 0.2244873046875 0.65570068359375
0.0299453735351563 -0.0230617523193359 0.01708984375 0.141357421875
0.0105628967285156 -0.0188808441162109 0.00579833984375 -0.58209228515625
-0.0167331695556641 -0.0306129455566406 -0.64276123046875 -0.6705322265625
-0.0192203521728516 -0.0259323120117188 -0.837646484375 0.1912841796875
-0.00860595703125 -0.0203742980957031 -0.19427490234375 0.662841796875
0.00196647644042969 -0.0217399597167969 0.25860595703125 0.4306640625
0.00118899345397949 8.83340835571289E-05 0.32196044921875 -0.046478271484375
0.0142974853515625 -0.00103378295898438 0.1552734375 -0.30767822265625
0.00112533569335938 -0.00429821014404297 -0.063446044921875 0.27740478515625
0.00131416320800781 -0.0215530395507813 -0.265396118164063 0.0938720703125
-0.00881576538085938 -0.0352592468261719 -0.317718505859375 -0.284027099609375
0.0186443328857422 -0.0297107696533203 -0.00207519531249995 -0.608642578125
-0.00189602375030518 0.000832080841064453 0.6563720703125 -0.361083984375
-0.0355453491210938 0.00614547729492187 0.82403564453125 0.40008544921875
0.00724935531616211 0.0077214241027832 0.236572265625 0.64691162109375
0.00853061676025391 0.00782537460327148 0.0231781005859375 0.139480590820313
0.00522327423095703 0.0121307373046875 0.02294921875 -0.5858154296875
-0.00174999237060547 -0.0119657516479492 -0.626220703125 -0.69256591796875
0.00312614440917969 -0.0280303955078125 -0.84326171875 0.16839599609375
0.00141143798828125 -0.03704833984375 -0.2110595703125 0.6595458984375
0.00259780883789063 -0.0356025695800781 0.24456787109375 0.438079833984375
-0.00595903396606445 -0.00723981857299805 0.315765380859375 -0.038726806640625
0.00770235061645508 -0.000349044799804687 0.1497802734375 -0.3048095703125
-0.0049891471862793 -0.00271129608154297 -0.0709381103515625 0.280502319335938
-0.00653839111328125 -0.0229682922363281 -0.270889282226562 0.097198486328125
-0.0133018493652344 -0.0427284240722656 -0.322174072265625 -0.282806396484375
0.0238113403320313 -0.0412864685058594 -0.00256347656249996 -0.60919189453125
0.0152616500854492 -0.00490379333496094 0.6605224609375 -0.36065673828125
-0.0190086364746094 0.0156631469726563 0.8231201171875 0.39605712890625
0.00915145874023437 0.032806396484375 0.2384033203125 0.63311767578125
-0.0086212158203125 0.0364799499511719 0.0324859619140625 0.124244689941406
0.000507354736328124 0.0394515991210937 0.02532958984375 -0.60107421875
0.013178825378418 0.00207805633544922 -0.62469482421875 -0.69891357421875
0.0230655670166016 -0.0307102203369141 -0.8397216796875 0.16741943359375
0.0100479125976563 -0.0483894348144531 -0.2091064453125 0.65643310546875
0.00180816650390625 -0.0446548461914063 0.238922119140625 0.436279296875
-0.0124120712280273 -0.0114622116088867 0.308624267578125 -0.035003662109375
0.0025336742401123 0.000291109085083008 0.139801025390625 -0.302490234375
-0.00953292846679688 -0.00194263458251953 -0.08160400390625 0.282440185546875
-0.0120315551757813 -0.0237369537353516 -0.279067993164063 0.0954437255859375
-0.0153732299804688 -0.0455513000488281 -0.3236083984375 -0.28973388671875
0.0276603698730469 -0.0463104248046875 0.00866699218749999 -0.6116943359375
0.0260391235351563 -0.00734710693359375 0.672607421875 -0.3427734375
-0.00512123107910156 0.022430419921875 0.81683349609375 0.4127197265625
0.0126495361328125 0.0513916015625 0.2313232421875 0.6197509765625
-0.0186195373535156 0.0590744018554688 0.0460968017578125 0.0984268188476563
0.000164031982421876 0.0579833984375 0.0196533203125 -0.6243896484375
0.0264377593994141 0.0112323760986328 -0.642822265625 -0.69134521484375
0.0371932983398437 -0.0308609008789062 -0.8309326171875 0.18829345703125
0.0140495300292969 -0.0529212951660156 -0.1956787109375 0.656982421875
-2.28881835937492E-05 -0.0461044311523438 0.2396240234375 0.42498779296875
-0.0170993804931641 -0.0134983062744141 0.300262451171875 -0.040618896484375
-0.00212419033050537 0.000172138214111328 0.12628173828125 -0.302001953125
0.0220241546630859 -0.0140609741210938 -0.088775634765625 0.268966674804688
0.0328121185302734 0.00397109985351563 -0.281219482421875 0.032501220703125
0.00622940063476563 0.03662109375 -0.270111083984375 -0.37548828125
-0.0177421569824219 0.0526885986328125 0.1414794921875 -0.62225341796875
-0.0723495483398438 0.0233612060546875 0.74334716796875 -0.1904296875
-0.0757980346679688 -0.060882568359375 0.71307373046875 0.5914306640625
0.039154052734375 -0.0933761596679688 0.109619140625 0.62774658203125
0.0921249389648438 -0.0865020751953125 0.0386772155761719 0.0353965759277344
0.0248336791992187 -0.086639404296875 -0.0984497070312499 -0.63189697265625
-0.0529060363769531 -0.0626068115234375 -0.7684326171875 -0.51373291015625
-0.0680580139160156 0.00611495971679687 -0.75439453125 0.36602783203125
-0.0209274291992188 0.0460472106933594 -0.0550537109375 0.654052734375
0.00454139709472656 0.0313720703125 0.316314697265625 0.33551025390625
0.0226211547851563 0.0218257904052734 0.306365966796875 -0.107391357421875
0.0291328430175781 -0.00828933715820313 0.126312255859375 -0.314788818359375
0.0208778381347656 -0.0113716125488281 -0.0748748779296875 0.268142700195313
0.0315036773681641 -0.00226020812988281 -0.272537231445312 0.0458221435546875
0.00685882568359375 0.0256061553955078 -0.27923583984375 -0.35284423828125
-0.0113067626953125 0.0421676635742188 0.1082763671875 -0.6212158203125
-0.0675125122070312 0.0234870910644531 0.72589111328125 -0.2314453125
-0.079986572265625 -0.0532379150390625 0.743896484375 0.5533447265625
0.029937744140625 -0.0899581909179688 0.13653564453125 0.64569091796875
0.0860748291015625 -0.0869369506835938 0.0268630981445313 0.0714492797851563
0.0242233276367187 -0.0839004516601563 -0.0712890624999999 -0.61334228515625
-0.0531120300292969 -0.0629348754882813 -0.74017333984375 -0.55377197265625
-0.0679550170898438 -0.0010223388671875 -0.7818603515625 0.32061767578125
-0.0233955383300781 0.0353546142578125 -0.09002685546875 0.6600341796875
0.00316238403320312 0.0228862762451172 0.305389404296875 0.36083984375
0.0203704833984375 0.0185832977294922 0.314208984375 -0.0953369140625
0.0279216766357422 -0.00536918640136719 0.136993408203125 -0.314727783203125
0.0186195373535156 -0.0110950469970703 -0.066680908203125 0.269851684570313
0.027740478515625 -0.00801277160644531 -0.267044067382813 0.060546875
0.00632667541503906 0.00955486297607422 -0.29156494140625 -0.331939697265625
-0.00331306457519531 0.0270156860351563 0.07171630859375 -0.6177978515625
-0.0555191040039063 0.0222892761230469 0.7037353515625 -0.27801513671875
-0.0781631469726562 -0.0382232666015625 0.7718505859375 0.50506591796875
0.0197982788085937 -0.074676513671875 0.1661376953125 0.65545654296875
0.0719223022460938 -0.0754165649414063 0.0187835693359375 0.104423522949219
0.021148681640625 -0.0706710815429688 -0.0417480468749999 -0.5960693359375
-0.0448074340820313 -0.0562591552734375 -0.70196533203125 -0.5975341796875
-0.0592269897460938 -0.0108833312988281 -0.80584716796875 0.27545166015625
-0.0223293304443359 0.0187091827392578 -0.1287841796875 0.6639404296875
0.00223541259765625 0.0105018615722656 0.291473388671875 0.38787841796875
0.0158014297485352 0.0137300491333008 0.32086181640625 -0.078033447265625
0.0255546569824219 -0.0040435791015625 0.14727783203125 -0.313201904296875
0.0135898590087891 -0.010157585144043 -0.0617523193359375 0.27154541015625
0.0206451416015625 -0.0133457183837891 -0.264053344726563 0.0748596191406251
0.00280237197875977 -0.00653982162475586 -0.3016357421875 -0.310699462890625
0.0044245719909668 0.00765562057495117 0.03857421875 -0.61614990234375
-0.0377883911132813 0.0177574157714844 0.68206787109375 -0.3170166015625
-0.0684165954589844 -0.0218048095703125 0.79791259765625 0.459716796875
0.0123519897460937 -0.0510787963867188 0.19830322265625 0.65716552734375
0.0522918701171875 -0.0516624450683594 0.014984130859375 0.128166198730469
0.0176658630371094 -0.0476646423339844 -0.0140380859374999 -0.58392333984375
-0.0318717956542969 -0.0455131530761719 -0.66650390625 -0.63714599609375
-0.0422248840332031 -0.01910400390625 -0.82489013671875 0.22589111328125
-0.0172405242919922 -0.000959396362304689 -0.16546630859375 0.6640625
0.00244474411010742 -0.00540065765380859 0.273895263671875 0.41156005859375
0.00934219360351563 0.00720882415771484 0.323150634765625 -0.06146240234375
0.0216541290283203 -0.00331306457519531 0.153594970703125 -0.310760498046875
0.00826406478881836 -0.00800418853759766 -0.060577392578125 0.2730712890625
0.0109081268310547 -0.0181102752685547 -0.262802124023438 0.08636474609375
-0.00288963317871094 -0.0221977233886719 -0.31011962890625 -0.293914794921875
0.0119609832763672 -0.0123376846313477 0.0135498046875 -0.61004638671875
-0.0191001892089844 0.00973892211914063 0.66583251953125 -0.344482421875
-0.0530128479003906 -0.00661849975585938 0.81463623046875 0.4205322265625
0.00831031799316406 -0.0217628479003906 0.22320556640625 0.65380859375
0.0297431945800781 -0.0231990814208984 0.016693115234375 0.14080810546875
0.0113086700439453 -0.0181751251220703 0.00836181640625004 -0.580078125
-0.0168838500976563 -0.0298576354980469 -0.6424560546875 -0.66851806640625
-0.020477294921875 -0.0259323120117188 -0.83697509765625 0.19061279296875
-0.00878524780273438 -0.0210914611816406 -0.19219970703125 0.66302490234375
0.00250816345214844 -0.0214252471923828 0.257354736328125 0.429901123046875
0.00186538696289063 4.98294830322266E-05 0.321044921875 -0.0467529296875
0.0148983001708984 -0.00184917449951172 0.15533447265625 -0.305908203125
0.00214672088623047 -0.00508737564086914 -0.0639190673828125 0.276092529296875
0.00255966186523438 -0.0211143493652344 -0.264801025390625 0.0938720703125
-0.00873184204101563 -0.0339260101318359 -0.316741943359375 -0.28277587890625
0.0181598663330078 -0.0298328399658203 -0.00164794921874997 -0.60791015625
-0.00144839286804199 0.00125408172607422 0.6568603515625 -0.3592529296875
-0.035064697265625 0.00646400451660156 0.822021484375 0.3980712890625
0.00735712051391602 0.00735378265380859 0.23468017578125 0.6436767578125
0.00828313827514648 0.0081787109375 0.0221939086914062 0.139877319335938
0.00541400909423828 0.0119485855102539 0.02337646484375 -0.5836181640625
-0.00124645233154297 -0.0119743347167969 -0.622802734375 -0.6905517578125
0.00211715698242187 -0.0284347534179688 -0.83892822265625 0.16839599609375
0.000244140625000002 -0.037200927734375 -0.209716796875 0.6593017578125
0.00234222412109375 -0.035308837890625 0.244171142578125 0.437591552734375
-0.00549745559692383 -0.00630855560302734 0.315460205078125 -0.037384033203125
0.00825357437133789 -0.000237464904785156 0.1492919921875 -0.303314208984375
-0.0039975643157959 -0.00428390502929688 -0.071624755859375 0.278671264648438
-0.00593948364257813 -0.023284912109375 -0.270462036132813 0.097442626953125
-0.0139236450195313 -0.0426139831542969 -0.321075439453125 -0.28253173828125
0.022979736328125 -0.0412788391113281 -0.00262451171875 -0.6048583984375
0.0145330429077148 -0.00534343719482422 0.65887451171875 -0.359619140625
-0.0181007385253906 0.0159473419189453 0.821044921875 0.3941650390625
0.00876235961914062 0.0322494506835938 0.2379150390625 0.631591796875
-0.0082550048828125 0.0372238159179688 0.032562255859375 0.124717712402344
0.000610351562499999 0.0391464233398438 0.0267944335937501 -0.59918212890625
0.013575553894043 0.00265884399414063 -0.62255859375 -0.69635009765625
0.0230064392089844 -0.0295505523681641 -0.83587646484375 0.166748046875
0.00923538208007813 -0.0476188659667969 -0.2093505859375 0.656982421875
0.00153732299804687 -0.0436553955078125 0.23779296875 0.435089111328125
-0.0119085311889648 -0.0109310150146484 0.307403564453125 -0.03558349609375
0.00243568420410156 -0.00017237663269043 0.14019775390625 -0.301849365234375
-0.00815296173095703 -0.00281333923339844 -0.0804443359375 0.280899047851563
-0.0114173889160156 -0.0230941772460938 -0.278594970703125 0.0957794189453124
-0.0156021118164063 -0.0447769165039063 -0.322265625 -0.290618896484375
0.0272598266601563 -0.0459060668945313 0.00872802734374996 -0.61004638671875
0.0255336761474609 -0.00702095031738281 0.6727294921875 -0.34173583984375
-0.00460624694824219 0.0218372344970703 0.8135986328125 0.41119384765625
0.0126571655273437 0.0507278442382813 0.229248046875 0.61578369140625
-0.0192985534667969 0.0585708618164063 0.0459365844726563 0.0981597900390625
0.000709533691406245 0.0580787658691406 0.02001953125 -0.6212158203125
0.0255794525146484 0.0114593505859375 -0.6400146484375 -0.68701171875
0.0367164611816406 -0.0309524536132812 -0.82635498046875 0.18829345703125
0.0142936706542969 -0.0525360107421875 -0.19439697265625 0.65655517578125
-0.000373840332031251 -0.0467376708984375 0.23797607421875 0.425750732421875
-0.0167913436889648 -0.0123863220214844 0.298858642578125 -0.040283203125
-0.00119614601135254 0.000457048416137695 0.126129150390625 -0.30108642578125
0.0230293273925781 -0.0149936676025391 -0.0890960693359375 0.267807006835938
0.0329914093017578 0.00347900390625 -0.281082153320313 0.032928466796875
0.00632095336914063 0.0370254516601563 -0.2706298828125 -0.375152587890625
-0.0184097290039062 0.0527458190917969 0.1427001953125 -0.62152099609375
-0.07208251953125 0.023284912109375 0.74432373046875 -0.1883544921875
-0.0749435424804688 -0.0612564086914062 0.7103271484375 0.591552734375
0.0396270751953125 -0.0936050415039063 0.1075439453125 0.626953125
0.0917739868164062 -0.0872573852539062 0.0382499694824219 0.0365219116210937
0.0249099731445313 -0.0859298706054688 -0.0953369140624999 -0.6309814453125
-0.0532875061035156 -0.061920166015625 -0.76593017578125 -0.514892578125
-0.0683250427246094 0.00690460205078124 -0.75537109375 0.36328125
-0.0217437744140625 0.0457763671875 -0.05615234375 0.65521240234375
0.00443077087402344 0.0310115814208984 0.3153076171875 0.336700439453125
0.0229911804199219 0.02252197265625 0.30560302734375 -0.10772705078125
0.0294513702392578 -0.00848770141601563 0.125946044921875 -0.31524658203125
0.0217170715332031 -0.0125503540039062 -0.0756072998046875 0.267593383789062
0.0329380035400391 -0.0016326904296875 -0.27294921875 0.0458984375
0.00778961181640625 0.0257053375244141 -0.2781982421875 -0.353302001953125
-0.0122489929199219 0.0423164367675781 0.10906982421875 -0.6199951171875
-0.0677680969238281 0.0245475769042969 0.7252197265625 -0.23114013671875
-0.0797805786132813 -0.0527496337890625 0.74383544921875 0.55133056640625
0.0299835205078125 -0.091064453125 0.13531494140625 0.64617919921875
0.0856475830078125 -0.086669921875 0.0259017944335938 0.0724716186523438
0.024749755859375 -0.084259033203125 -0.0709228515625 -0.61322021484375
-0.0526924133300781 -0.0616912841796875 -0.73828125 -0.55462646484375
-0.0684127807617188 -0.000865936279296878 -0.78070068359375 0.3214111328125
-0.0243930816650391 0.0348682403564453 -0.0894775390625001 0.6607666015625
0.00360107421875 0.0233573913574219 0.30535888671875 0.361114501953125
0.0207748413085938 0.0188922882080078 0.314117431640625 -0.0943603515625
0.0286140441894531 -0.00672149658203125 0.136383056640625 -0.314971923828125
0.0194473266601562 -0.0126457214355469 -0.067626953125 0.26922607421875
0.0289325714111328 -0.00827217102050781 -0.267318725585938 0.0606842041015624
0.00627040863037109 0.0106706619262695 -0.290313720703125 -0.33123779296875
-0.00383186340332031 0.0268936157226562 0.0738525390625 -0.6170654296875
-0.0554008483886719 0.0218009948730469 0.702880859375 -0.27557373046875
-0.0776824951171875 -0.0380630493164062 0.769287109375 0.50396728515625
0.0195770263671875 -0.075775146484375 0.1641845703125 0.65460205078125
0.071746826171875 -0.0748748779296875 0.0174179077148438 0.104423522949219
0.02215576171875 -0.0704803466796875 -0.0399169921875 -0.5946044921875
-0.0444374084472656 -0.0565986633300781 -0.7008056640625 -0.59674072265625
-0.0600624084472656 -0.0105667114257813 -0.80560302734375 0.27191162109375
-0.02349853515625 0.0186347961425781 -0.12847900390625 0.66351318359375
0.00196075439453125 0.0103464126586914 0.29144287109375 0.38775634765625
0.0165243148803711 0.0141134262084961 0.320037841796875 -0.078277587890625
0.025360107421875 -0.00457382202148438 0.14794921875 -0.313629150390625
0.0150127410888672 -0.0107631683349609 -0.0615997314453125 0.271560668945313
0.0212154388427734 -0.0137767791748047 -0.26336669921875 0.075225830078125
0.00254917144775391 -0.00648975372314453 -0.29974365234375 -0.31072998046875
0.00405979156494141 0.00706624984741211 0.0389404296875 -0.614990234375
-0.0381660461425781 0.0177192687988281 0.681884765625 -0.315673828125
-0.0680198669433594 -0.0211982727050781 0.79638671875 0.457763671875
0.0121269226074219 -0.0512771606445313 0.19677734375 0.656982421875
0.0523262023925781 -0.0522193908691406 0.0143508911132813 0.129165649414063
0.0180587768554688 -0.0472755432128906 -0.012451171875 -0.58172607421875
-0.0319900512695313 -0.0451850891113281 -0.66607666015625 -0.6358642578125
-0.0430068969726563 -0.0190277099609375 -0.823974609375 0.22509765625
-0.0186195373535156 -0.00126075744628906 -0.16400146484375 0.6629638671875
0.00227928161621094 -0.00573587417602539 0.272979736328125 0.411712646484375
0.00940704345703125 0.006927490234375 0.322662353515625 -0.061920166015625
0.0210189819335938 -0.00296401977539063 0.15374755859375 -0.310150146484375
0.00894641876220703 -0.00870513916015625 -0.06146240234375 0.272903442382813
0.0117702484130859 -0.0177860260009766 -0.262619018554687 0.086761474609375
-0.00276374816894531 -0.0215091705322266 -0.309600830078125 -0.293914794921875
0.0110073089599609 -0.0126867294311523 0.01470947265625 -0.6104736328125
-0.0196342468261719 0.00958442687988281 0.66571044921875 -0.3453369140625
-0.0527992248535156 -0.00656127929687499 0.8104248046875 0.41937255859375
0.00845909118652344 -0.0224933624267578 0.219482421875 0.65277099609375
0.0304908752441406 -0.0234241485595703 0.0156707763671875 0.141281127929688
0.0113563537597656 -0.0181446075439453 0.0078125 -0.57763671875
-0.0170097351074219 -0.0285320281982422 -0.6387939453125 -0.66766357421875
-0.0208892822265625 -0.0252628326416016 -0.8358154296875 0.18914794921875
-0.0094757080078125 -0.0211677551269531 -0.1929931640625 0.6627197265625
0.00210952758789062 -0.0214042663574219 0.25665283203125 0.429534912109375
0.00194132328033447 1.94311141967773E-05 0.32073974609375 -0.04632568359375
0.0156946182250977 -0.00241565704345703 0.154693603515625 -0.306732177734375
0.00278663635253906 -0.0066523551940918 -0.063995361328125 0.275131225585938
0.0024871826171875 -0.0212879180908203 -0.265914916992188 0.0943450927734375
-0.00887489318847656 -0.0343818664550781 -0.3148193359375 -0.2825927734375
0.017333984375 -0.0293998718261719 0.000488281250000039 -0.6072998046875
-0.00138735771179199 0.00141870975494385 0.6552734375 -0.35687255859375
-0.0348243713378906 0.00665855407714844 0.82098388671875 0.398681640625
0.00836992263793945 0.00671529769897461 0.23406982421875 0.64263916015625
0.00925350189208985 0.00878429412841797 0.020965576171875 0.140098571777344
0.00513076782226563 0.0123195648193359 0.02398681640625 -0.584228515625
-0.00104236602783203 -0.0110626220703125 -0.6195068359375 -0.6904296875
0.00232696533203125 -0.0285301208496094 -0.83807373046875 0.16839599609375
0.000396728515625001 -0.0373039245605469 -0.2113037109375 0.65863037109375
0.00208282470703125 -0.0353965759277344 0.242645263671875 0.438079833984375
-0.00509500503540039 -0.00621652603149414 0.3148193359375 -0.0377197265625
0.00853347778320313 -0.000635623931884766 0.14959716796875 -0.303802490234375
-0.00342559814453125 -0.00513648986816406 -0.0718536376953125 0.277420043945313
-0.00515174865722656 -0.0231742858886719 -0.270965576171875 0.097686767578125
-0.0139236450195313 -0.0416793823242187 -0.320098876953125 -0.282379150390625
0.0232620239257812 -0.0414772033691406 -0.00152587890624997 -0.6065673828125
0.0138893127441406 -0.00417518615722656 0.6600341796875 -0.3572998046875
-0.017491340637207 0.0153770446777344 0.8199462890625 0.39501953125
0.00901603698730469 0.0315666198730469 0.23443603515625 0.62939453125
-0.00875473022460938 0.0359954833984375 0.0312957763671875 0.124618530273438
0.000465393066406249 0.0391120910644531 0.02880859375 -0.59686279296875
0.0133876800537109 0.00321388244628906 -0.61871337890625 -0.6944580078125
0.0225315093994141 -0.0303440093994141 -0.83587646484375 0.1666259765625
0.0095367431640625 -0.0484237670898438 -0.21075439453125 0.6553955078125
0.0014495849609375 -0.0441741943359375 0.235504150390625 0.4373779296875
-0.0117053985595703 -0.0111055374145508 0.306671142578125 -0.034759521484375
0.00354409217834473 -0.000179529190063477 0.139495849609375 -0.301422119140625
-0.00730180740356445 -0.00359153747558594 -0.08184814453125 0.279815673828125
-0.0100574493408203 -0.0232028961181641 -0.27935791015625 0.0953826904296875
-0.0157127380371094 -0.0448951721191406 -0.3223876953125 -0.2894287109375
0.0273704528808594 -0.0454483032226563 0.0106201171875001 -0.60888671875
0.0249404907226563 -0.00683784484863281 0.67279052734375 -0.3408203125
-0.00380897521972656 0.0224056243896484 0.8133544921875 0.41021728515625
0.0133209228515625 0.0493850708007813 0.22650146484375 0.61468505859375
-0.0186386108398438 0.0583305358886719 0.0446319580078125 0.0987396240234375
0.000350952148437502 0.0580635070800781 0.0206298828124999 -0.62091064453125
0.0252113342285156 0.0126132965087891 -0.63702392578125 -0.6875
0.0362930297851562 -0.0303993225097656 -0.82684326171875 0.1881103515625
0.0140838623046875 -0.0527191162109375 -0.19537353515625 0.65704345703125
-0.000286102294921878 -0.0463294982910156 0.2393798828125 0.42578125
-0.0161705017089844 -0.0126094818115234 0.298980712890625 -0.039825439453125
-0.000767171382904053 0.000400066375732422 0.125762939453125 -0.300750732421875
0.023773193359375 -0.0161323547363281 -0.089141845703125 0.267715454101562
0.0338249206542969 0.00288009643554687 -0.28228759765625 0.033203125
0.0061798095703125 0.0372734069824219 -0.270111083984375 -0.3748779296875
-0.0180625915527344 0.05340576171875 0.1434326171875 -0.62152099609375
-0.0727005004882813 0.0230484008789062 0.74566650390625 -0.188720703125
-0.0739822387695313 -0.0607681274414062 0.71099853515625 0.59326171875
0.0398406982421875 -0.0942916870117188 0.10577392578125 0.62591552734375
0.0924530029296875 -0.08697509765625 0.0374412536621094 0.0371055603027344
0.0258331298828125 -0.0864334106445312 -0.09490966796875 -0.6297607421875
-0.0533828735351563 -0.0613822937011719 -0.764404296875 -0.51519775390625
-0.0683784484863281 0.00666427612304688 -0.75518798828125 0.3642578125
-0.0215072631835937 0.0464706420898438 -0.0562744140625001 0.656005859375
0.00398826599121093 0.0312576293945313 0.314361572265625 0.3375244140625
0.0229358673095703 0.0223598480224609 0.30548095703125 -0.1087646484375
0.0300121307373047 -0.0091552734375 0.12579345703125 -0.31494140625
0.0221614837646484 -0.0145606994628906 -0.0756072998046875 0.26739501953125
0.0333251953125 -0.00274658203125 -0.274642944335938 0.047149658203125
0.0079193115234375 0.0269794464111328 -0.279022216796875 -0.353759765625
-0.0126609802246094 0.0424461364746094 0.111083984375 -0.6204833984375
-0.0679206848144531 0.0240631103515625 0.72723388671875 -0.22979736328125
-0.0793685913085938 -0.052886962890625 0.74078369140625 0.55413818359375
0.0305099487304687 -0.0915374755859375 0.13287353515625 0.64422607421875
0.0863037109375 -0.0875625610351563 0.0257034301757813 0.07269287109375
0.0251693725585937 -0.08453369140625 -0.06854248046875 -0.61279296875
-0.0518112182617187 -0.061676025390625 -0.73504638671875 -0.5565185546875
-0.068756103515625 -0.00101852416992187 -0.78240966796875 0.31915283203125
-0.0237998962402344 0.0355300903320313 -0.0913085937499999 0.66021728515625
0.00383377075195312 0.0234832763671875 0.305267333984375 0.362884521484375
0.0212631225585938 0.0191574096679688 0.31451416015625 -0.095367431640625
0.0290660858154297 -0.00736236572265625 0.137115478515625 -0.315155029296875
0.0186843872070312 -0.0137825012207031 -0.068115234375 0.269287109375
0.0292625427246094 -0.00798416137695313 -0.268508911132813 0.061859130859375
0.00609111785888672 0.0107183456420898 -0.289459228515625 -0.330810546875
-0.00461959838867188 0.0272426605224609 0.07476806640625 -0.61865234375
-0.0556144714355469 0.0224533081054688 0.70489501953125 -0.2745361328125
-0.0773086547851563 -0.03826904296875 0.7701416015625 0.507568359375
0.0201187133789062 -0.0758056640625 0.1612548828125 0.65374755859375
0.072052001953125 -0.0746231079101563 0.0170516967773438 0.105133056640625
0.02288818359375 -0.0708694458007813 -0.03936767578125 -0.5953369140625
-0.0441246032714844 -0.0562248229980469 -0.6995849609375 -0.59967041015625
-0.0598182678222656 -0.0105323791503906 -0.80633544921875 0.27154541015625
-0.0235214233398438 0.0190353393554688 -0.13037109375 0.6656494140625
0.00176811218261719 0.0106630325317383 0.291046142578125 0.38897705078125
0.0166759490966797 0.0140581130981445 0.320556640625 -0.078125
0.0266761779785156 -0.00548934936523438 0.147857666015625 -0.3133544921875
0.014653205871582 -0.0119085311889648 -0.0623016357421875 0.27069091796875
0.0222702026367188 -0.0142993927001953 -0.26507568359375 0.0760040283203125
0.00348663330078125 -0.0058598518371582 -0.299652099609375 -0.310211181640625
0.00404167175292969 0.00747060775756836 0.04168701171875 -0.615966796875
-0.0386505126953125 0.0179100036621094 0.6839599609375 -0.31451416015625
-0.0678443908691406 -0.0216255187988281 0.7972412109375 0.45733642578125
0.0123329162597656 -0.0522384643554688 0.19281005859375 0.6558837890625
0.0523567199707031 -0.0530815124511719 0.0138320922851562 0.129142761230469
0.0172195434570312 -0.0474281311035156 -0.0123291015625 -0.58294677734375
-0.0319595336914063 -0.0449676513671875 -0.66461181640625 -0.63677978515625
-0.0425453186035156 -0.0191879272460938 -0.82489013671875 0.224609375
-0.0179901123046875 -0.00106048583984375 -0.165771484375 0.6649169921875
0.00157833099365234 -0.00477504730224609 0.273956298828125 0.41217041015625
0.0102910995483398 0.007415771484375 0.322479248046875 -0.0616455078125
0.0214080810546875 -0.00367927551269531 0.1536865234375 -0.31048583984375
0.00977611541748047 -0.00938510894775391 -0.0620880126953125 0.272567749023437
0.0129127502441406 -0.0185489654541016 -0.263595581054688 0.0872650146484375
-0.0028533935546875 -0.0210399627685547 -0.309722900390625 -0.294219970703125
0.0114898681640625 -0.0126953125 0.0169677734375001 -0.61053466796875
-0.0187320709228516 0.00989532470703125 0.6673583984375 -0.34381103515625
-0.0520095825195313 -0.00600051879882812 0.81207275390625 0.41949462890625
0.00841331481933594 -0.0234241485595703 0.21697998046875 0.6522216796875
0.0299396514892578 -0.0240116119384766 0.0143280029296875 0.141357421875
0.0114192962646484 -0.0186653137207031 0.00872802734375002 -0.57781982421875
-0.0168838500976563 -0.0285205841064453 -0.6373291015625 -0.67010498046875
-0.0210800170898438 -0.0251598358154297 -0.83587646484375 0.1888427734375
-0.00962066650390625 -0.0204086303710938 -0.1947021484375 0.66448974609375
0.00224685668945313 -0.0211906433105469 0.257843017578125 0.43096923828125
0.00263333320617676 0.000446081161499023 0.32098388671875 -0.046142578125
0.0157709121704102 -0.0020904541015625 0.155914306640625 -0.306304931640625
0.00304698944091797 -0.00744056701660156 -0.0651397705078125 0.274551391601563
0.00367164611816406 -0.0217323303222656 -0.266281127929688 0.0947113037109375
-0.00902748107910157 -0.0340785980224609 -0.315093994140625 -0.283355712890625
0.017059326171875 -0.0300502777099609 0.00103759765625002 -0.60699462890625
-0.00196731090545654 0.0018310546875 0.65838623046875 -0.357177734375
-0.0339565277099609 0.00635719299316406 0.8203125 0.39837646484375
0.0087437629699707 0.00643062591552734 0.23150634765625 0.6435546875
0.0086212158203125 0.00737810134887695 0.0208587646484375 0.140327453613281
0.00502586364746094 0.0116186141967773 0.02459716796875 -0.582763671875
-0.00189590454101562 -0.0107765197753906 -0.6185302734375 -0.69171142578125
0.00162124633789063 -0.0282917022705078 -0.83984375 0.16680908203125
5.72204589843728E-05 -0.0371208190917969 -0.2105712890625 0.660888671875
0.00189399719238281 -0.035003662109375 0.2435302734375 0.43939208984375
-0.00448799133300781 -0.00610733032226563 0.31475830078125 -0.037261962890625
0.00952243804931641 -0.00160312652587891 0.149658203125 -0.30352783203125
-0.00217676162719727 -0.00584125518798828 -0.0729522705078125 0.277236938476563
-0.00445175170898437 -0.022613525390625 -0.271484375 0.0977325439453125
-0.0132064819335938 -0.0417556762695313 -0.320220947265625 -0.2823486328125
0.0218963623046875 -0.0405082702636719 0.000549316406249935 -0.6046142578125
0.0137710571289063 -0.00408077239990234 0.66070556640625 -0.35589599609375
-0.0176239013671875 0.0165386199951172 0.8189697265625 0.3958740234375
0.0100421905517578 0.030609130859375 0.2335205078125 0.62933349609375
-0.00830459594726563 0.0362548828125 0.0302734375 0.124725341796875
0.000453948974609374 0.0383529663085938 0.03045654296875 -0.59765625
0.0132026672363281 0.00357246398925781 -0.61895751953125 -0.6966552734375
0.0219821929931641 -0.0291748046875 -0.83685302734375 0.16558837890625
0.00819015502929687 -0.04766845703125 -0.2110595703125 0.6588134765625
0.00138473510742188 -0.0438003540039063 0.23651123046875 0.438323974609375
-0.0106315612792969 -0.0107936859130859 0.30755615234375 -0.03546142578125
0.00432872772216797 -0.00105786323547363 0.14056396484375 -0.301605224609375
-0.00698614120483398 -0.00560617446899414 -0.0822601318359375 0.279144287109375
-0.0102367401123047 -0.0238800048828125 -0.279830932617187 0.09588623046875
-0.0157127380371094 -0.0445899963378906 -0.32269287109375 -0.29071044921875
0.0269699096679687 -0.0458908081054687 0.0122070312500001 -0.60870361328125
0.0252170562744141 -0.00701904296875 0.6732177734375 -0.33905029296875
-0.00394821166992187 0.0222034454345703 0.81109619140625 0.4119873046875
0.0123329162597656 0.0493202209472656 0.22454833984375 0.61456298828125
-0.0188713073730469 0.0584945678710937 0.0433883666992187 0.09857177734375
0.00119400024414063 0.0577392578125 0.0224609375 -0.61798095703125
0.0247650146484375 0.0125141143798828 -0.637451171875 -0.6878662109375
0.0354461669921875 -0.0303192138671875 -0.8287353515625 0.187255859375
0.0136680603027344 -0.05267333984375 -0.19488525390625 0.657958984375
3.8146972656291E-06 -0.0464134216308594 0.238800048828125 0.426727294921875
-0.0162248611450195 -0.012298583984375 0.298309326171875 -0.0394287109375
-0.000478297472000122 0.000119626522064209 0.125457763671875 -0.30108642578125
0.0236854553222656 -0.0175685882568359 -0.090728759765625 0.268569946289063
0.0341434478759766 0.00298118591308594 -0.2825927734375 0.034576416015625
0.00640106201171875 0.0372314453125 -0.270294189453125 -0.37628173828125
-0.0185317993164062 0.0531120300292969 0.14471435546875 -0.6231689453125
-0.0730972290039063 0.0233612060546875 0.7464599609375 -0.18792724609375
-0.0737991333007813 -0.0607376098632813 0.71240234375 0.5933837890625
0.0403060913085938 -0.09521484375 0.1033935546875 0.6279296875
0.0928497314453125 -0.0872879028320313 0.0370941162109375 0.0377120971679687
0.0266647338867187 -0.0866851806640625 -0.09417724609375 -0.63134765625
-0.0532493591308594 -0.0613250732421875 -0.76593017578125 -0.5159912109375
-0.0695915222167969 0.00709533691406251 -0.759521484375 0.36395263671875
-0.0218849182128906 0.0467109680175781 -0.0557861328125 0.658203125
0.00397491455078125 0.0323429107666016 0.315887451171875 0.338165283203125
0.0236968994140625 0.0225658416748047 0.30609130859375 -0.108123779296875
0.0295791625976563 -0.00933647155761719 0.126312255859375 -0.31597900390625
0.0224380493164063 -0.0155258178710938 -0.0766754150390625 0.268218994140625
0.0339679718017578 -0.00238800048828125 -0.27484130859375 0.0481719970703125
0.00783729553222656 0.0264034271240234 -0.278778076171875 -0.3555908203125
-0.0126953125 0.0430335998535156 0.111572265625 -0.62152099609375
-0.0683860778808594 0.0241241455078125 0.72943115234375 -0.2281494140625
-0.0788803100585938 -0.0527420043945312 0.742919921875 0.5555419921875
0.0309982299804688 -0.0926284790039063 0.13134765625 0.64617919921875
0.0872726440429688 -0.0872344970703125 0.0247879028320313 0.073638916015625
0.0255279541015625 -0.0848312377929688 -0.0673828125 -0.61407470703125
-0.05169677734375 -0.0610923767089844 -0.73602294921875 -0.558349609375
-0.0691337585449219 -0.00115203857421874 -0.7833251953125 0.32025146484375
-0.0243988037109375 0.0357513427734375 -0.0916748046875 0.66461181640625
0.003509521484375 0.0236930847167969 0.30572509765625 0.363861083984375
0.0218048095703125 0.0185127258300781 0.315521240234375 -0.095458984375
0.0290813446044922 -0.00726509094238281 0.136474609375 -0.3145751953125
0.02020263671875 -0.0148754119873047 -0.0688323974609375 0.269378662109375
0.0297756195068359 -0.00792884826660156 -0.269134521484375 0.0626220703125
0.00671291351318359 0.011082649230957 -0.289642333984375 -0.3323974609375
-0.00450897216796875 0.02685546875 0.0736083984375001 -0.61883544921875
-0.0563125610351563 0.0227737426757812 0.7069091796875 -0.27392578125
-0.0763397216796875 -0.0381622314453125 0.77166748046875 0.50787353515625
0.0205154418945312 -0.0767822265625 0.16015625 0.65411376953125
0.0724945068359375 -0.0752792358398438 0.0160064697265625 0.1055908203125
0.0229415893554688 -0.0706710815429688 -0.03778076171875 -0.59588623046875
-0.0443801879882813 -0.0556488037109375 -0.6995849609375 -0.601318359375
-0.0600624084472656 -0.00997161865234374 -0.806640625 0.27227783203125
-0.0236587524414062 0.019073486328125 -0.130615234375 0.66766357421875
0.00301551818847656 0.0105381011962891 0.29144287109375 0.38970947265625
0.0179119110107422 0.01446533203125 0.320953369140625 -0.0784912109375
0.0265617370605469 -0.00617027282714844 0.147918701171875 -0.31500244140625
0.0155029296875 -0.013157844543457 -0.063018798828125 0.271942138671875
0.0221233367919922 -0.0143756866455078 -0.265365600585938 0.0760498046874999
0.00292825698852539 -0.00566816329956055 -0.300140380859375 -0.311767578125
0.00351667404174805 0.00761032104492188 0.04241943359375 -0.61590576171875
-0.0389442443847656 0.0170822143554687 0.68603515625 -0.312744140625
-0.0671157836914063 -0.0217857360839844 0.796142578125 0.46221923828125
0.0130691528320312 -0.0532608032226563 0.19189453125 0.659423828125
0.0533714294433594 -0.0525856018066406 0.0129852294921875 0.130508422851563
0.0189018249511719 -0.0475234985351563 -0.010986328125 -0.5833740234375
-0.032379150390625 -0.0437355041503906 -0.6650390625 -0.63885498046875
-0.0430564880371094 -0.018951416015625 -0.82666015625 0.2255859375
-0.0185775756835938 -0.001129150390625 -0.1673583984375 0.667724609375
0.00151538848876953 -0.00503778457641602 0.27484130859375 0.4154052734375
0.0104808807373047 0.00757694244384766 0.323028564453125 -0.0616455078125
0.0219974517822266 -0.004364013671875 0.153961181640625 -0.310516357421875
0.00939846038818359 -0.0114555358886719 -0.0628509521484375 0.273239135742188
0.0137729644775391 -0.0193901062011719 -0.265472412109375 0.08807373046875
-0.00250434875488281 -0.0210437774658203 -0.310546875 -0.295013427734375
0.0104351043701172 -0.0120820999145508 0.0166015624999999 -0.61236572265625
-0.0194625854492188 0.0105934143066406 0.6688232421875 -0.34393310546875
-0.0514335632324219 -0.0064544677734375 0.81317138671875 0.42169189453125
0.0093231201171875 -0.0239620208740234 0.21466064453125 0.65338134765625
0.0301742553710937 -0.0233783721923828 0.0142822265625 0.141555786132812
0.012359619140625 -0.0185756683349609 0.00970458984374997 -0.57757568359375
-0.0168342590332031 -0.0281333923339844 -0.638671875 -0.67095947265625
-0.0212249755859375 -0.0249443054199219 -0.839111328125 0.1883544921875
-0.0100154876708984 -0.0199375152587891 -0.1949462890625 0.66497802734375
0.00205039978027344 -0.0214729309082031 0.258331298828125 0.432861328125
0.0036461353302002 0.000263214111328125 0.321533203125 -0.04669189453125
0.0156412124633789 -0.00367259979248047 0.1549072265625 -0.307159423828125
0.00316953659057617 -0.0087275505065918 -0.065704345703125 0.275604248046875
0.00413894653320313 -0.0219707489013672 -0.267196655273438 0.0955047607421875
-0.00890350341796875 -0.0331649780273438 -0.316253662109375 -0.2843017578125
0.0168895721435547 -0.029876708984375 0.00268554687499994 -0.6083984375
-0.00207853317260742 0.00184893608093262 0.660400390625 -0.3570556640625
-0.0335903167724609 0.00586318969726562 0.82330322265625 0.3995361328125
0.00884819030761719 0.00564956665039063 0.2281494140625 0.644775390625
0.00867938995361328 0.00778388977050781 0.0203170776367187 0.139671325683594
0.00580787658691406 0.0119943618774414 0.02581787109375 -0.58349609375
-0.00151252746582031 -0.0100727081298828 -0.62030029296875 -0.69195556640625
0.00111579895019531 -0.0283870697021484 -0.84259033203125 0.16595458984375
-0.000240325927734374 -0.0366783142089844 -0.2110595703125 0.6632080078125
0.00177383422851562 -0.0346317291259766 0.24554443359375 0.44183349609375
-0.00391912460327148 -0.0061492919921875 0.315582275390625 -0.03741455078125
0.00995254516601562 -0.00208187103271484 0.1495361328125 -0.30474853515625
-0.002532958984375 -0.00734329223632813 -0.0726165771484375 0.277206420898438
-0.00310897827148438 -0.0235404968261719 -0.27294921875 0.0984954833984375
-0.0125274658203125 -0.0410881042480469 -0.319610595703125 -0.283172607421875
0.0222396850585937 -0.0411415100097656 0.000488281250000022 -0.606201171875
0.0139389038085938 -0.00420570373535156 0.6624755859375 -0.35595703125
-0.0166845321655273 0.0163097381591797 0.821044921875 0.3968505859375
0.0103893280029297 0.0303707122802734 0.23077392578125 0.62945556640625
-0.00774765014648438 0.0362129211425781 0.030029296875 0.12567138671875
0.000724792480468753 0.0383987426757813 0.03033447265625 -0.59661865234375
0.0127363204956055 0.00460243225097656 -0.61993408203125 -0.6981201171875
0.0212078094482422 -0.0296230316162109 -0.83709716796875 0.165283203125
0.00771331787109374 -0.0477981567382812 -0.21240234375 0.65936279296875
0.000801086425781251 -0.0433578491210938 0.236785888671875 0.440032958984375
-0.0105886459350586 -0.0103797912597656 0.308074951171875 -0.0362548828125
0.00374126434326172 -0.00144457817077637 0.140106201171875 -0.302276611328125
-0.00666666030883789 -0.00612974166870117 -0.0830230712890625 0.279998779296875
-0.009063720703125 -0.0233592987060547 -0.281219482421875 0.0958251953125
-0.015045166015625 -0.0439987182617188 -0.322906494140625 -0.292755126953125
0.0267143249511719 -0.0454978942871094 0.0120239257812501 -0.6114501953125
0.0255165100097656 -0.00703811645507813 0.67486572265625 -0.3392333984375
-0.00368690490722656 0.0222816467285156 0.815185546875 0.412109375
0.0127716064453125 0.0491142272949219 0.22222900390625 0.61688232421875
-0.0189437866210938 0.0581245422363281 0.0430831909179688 0.0996170043945313
0.00060653686523438 0.0577583312988281 0.0233154296875 -0.619873046875
0.0251064300537109 0.0136241912841797 -0.63739013671875 -0.69085693359375
0.0353012084960938 -0.0298500061035156 -0.8289794921875 0.18609619140625
0.0133056640625 -0.0519523620605469 -0.19818115234375 0.6610107421875
0.000141143798828125 -0.0465164184570312 0.238525390625 0.429595947265625
-0.0156440734863281 -0.012700080871582 0.299102783203125 -0.03985595703125
-0.000185787677764893 -0.000444561243057251 0.126190185546875 -0.30126953125
0.0243244171142578 -0.0184669494628906 -0.0910491943359375 0.269241333007813
0.0355987548828125 0.0025482177734375 -0.28472900390625 0.035980224609375
0.006988525390625 0.0386161804199219 -0.27117919921875 -0.376617431640625
-0.0190925598144531 0.0536537170410156 0.14581298828125 -0.62469482421875
-0.0732040405273438 0.0235214233398437 0.7509765625 -0.18731689453125
-0.0733566284179688 -0.0616989135742188 0.713134765625 0.59625244140625
0.040191650390625 -0.09588623046875 0.10260009765625 0.62982177734375
0.0940017700195312 -0.0880279541015625 0.0362358093261719 0.0390548706054687
0.0270614624023437 -0.0873565673828125 -0.0924072265625 -0.6341552734375
-0.0536117553710937 -0.0603904724121094 -0.76800537109375 -0.5191650390625
-0.0696563720703125 0.00722122192382814 -0.75994873046875 0.3658447265625
-0.0224952697753906 0.0469894409179687 -0.0550537109375 0.6624755859375
0.00405120849609375 0.0319137573242188 0.3193359375 0.33953857421875
0.0240802764892578 0.0227088928222656 0.307464599609375 -0.10894775390625
0.0307254791259766 -0.0100994110107422 0.127166748046875 -0.3175048828125
0.0228824615478516 -0.0163421630859375 -0.076080322265625 0.268875122070313
0.0342044830322266 -0.00304794311523438 -0.276641845703125 0.049468994140625
0.00795936584472656 0.0268497467041016 -0.280487060546875 -0.357452392578125
-0.0138168334960937 0.0429878234863281 0.11309814453125 -0.625
-0.0688209533691406 0.0243759155273438 0.73199462890625 -0.231201171875
-0.07879638671875 -0.0528640747070313 0.74603271484375 0.55670166015625
0.03143310546875 -0.0932693481445313 0.1312255859375 0.64898681640625
0.0880126953125 -0.0874710083007812 0.0243682861328125 0.0737838745117188
0.0264053344726563 -0.08428955078125 -0.0689697265624999 -0.61444091796875
-0.0519332885742187 -0.0610198974609375 -0.7374267578125 -0.56134033203125
-0.07000732421875 -0.00102615356445312 -0.7867431640625 0.3209228515625
-0.0247611999511719 0.0365142822265625 -0.0901489257812501 0.6678466796875
0.00413322448730469 0.0234661102294922 0.3074951171875 0.364959716796875
0.0227184295654297 0.0196056365966797 0.316253662109375 -0.096221923828125
0.0298976898193359 -0.00762748718261719 0.136810302734375 -0.316375732421875
0.0207099914550781 -0.0159969329833984 -0.06878662109375 0.271133422851563
0.0307998657226563 -0.00880813598632813 -0.270538330078125 0.0636596679687499
0.00759315490722656 0.0121011734008789 -0.2906494140625 -0.3328857421875
-0.005462646484375 0.0274391174316406 0.0756835937500001 -0.62158203125
-0.0562629699707031 0.0231704711914063 0.71087646484375 -0.27557373046875
-0.0762710571289063 -0.0389175415039062 0.77471923828125 0.51031494140625
0.0211105346679687 -0.077789306640625 0.15972900390625 0.65802001953125
0.0726776123046875 -0.0749130249023438 0.0152053833007813 0.107101440429688
0.0234909057617187 -0.070709228515625 -0.0367431640625 -0.59783935546875
-0.0452041625976563 -0.0551490783691406 -0.7020263671875 -0.60223388671875
-0.0610275268554688 -0.0106277465820313 -0.8114013671875 0.272705078125
-0.0237712860107422 0.0194911956787109 -0.129638671875 0.67083740234375
0.00258350372314453 0.0106964111328125 0.293426513671875 0.392974853515625
0.0174827575683594 0.0138492584228516 0.321929931640625 -0.079254150390625
0.0269966125488281 -0.00704383850097656 0.148468017578125 -0.3154296875
0.0156116485595703 -0.0142183303833008 -0.06365966796875 0.272293090820312
0.0227928161621094 -0.0145282745361328 -0.266311645507813 0.0778961181640625
0.00387477874755859 -0.00515031814575195 -0.301025390625 -0.312713623046875
0.00333642959594727 0.00804710388183594 0.0435180664062499 -0.6190185546875
-0.0384559631347656 0.0179367065429688 0.6890869140625 -0.31488037109375
-0.066680908203125 -0.0220413208007812 0.80072021484375 0.46142578125
0.0131721496582031 -0.0540046691894531 0.1912841796875 0.66217041015625
0.053497314453125 -0.0528564453125 0.01239013671875 0.130775451660156
0.0193061828613281 -0.0481376647949219 -0.00988769531250001 -0.58502197265625
-0.0317420959472656 -0.0433464050292969 -0.6663818359375 -0.6419677734375
-0.04412841796875 -0.0180816650390625 -0.82977294921875 0.224365234375
-0.0191879272460938 -0.00109100341796875 -0.165771484375 0.67059326171875
0.00142288208007812 -0.00521326065063477 0.2763671875 0.41766357421875
0.0114679336547852 0.00778102874755859 0.3245849609375 -0.06231689453125
0.0229377746582031 -0.00448417663574219 0.154876708984375 -0.3133544921875
0.00994110107421875 -0.0125865936279297 -0.063446044921875 0.275039672851563
0.0144538879394531 -0.0192413330078125 -0.265914916992188 0.0890960693359375
-0.00163459777832031 -0.0208721160888672 -0.3115234375 -0.29638671875
0.0107326507568359 -0.0121688842773438 0.019287109375 -0.61444091796875
-0.020050048828125 0.0105972290039062 0.67236328125 -0.34454345703125
-0.0516128540039063 -0.0067901611328125 0.81658935546875 0.4222412109375
0.00896263122558594 -0.0247135162353516 0.21319580078125 0.6563720703125
0.0309886932373047 -0.0238494873046875 0.013824462890625 0.143157958984375
0.0125198364257813 -0.0185832977294922 0.01025390625 -0.5802001953125
-0.0168018341064453 -0.0274906158447266 -0.6395263671875 -0.67254638671875
-0.0214099884033203 -0.0248298645019531 -0.84185791015625 0.18743896484375
-0.0106353759765625 -0.0203590393066406 -0.19512939453125 0.6707763671875
0.00182533264160156 -0.0216712951660156 0.259674072265625 0.435302734375
0.00318241119384766 0.000399589538574219 0.322418212890625 -0.047637939453125
0.0167274475097656 -0.00358295440673828 0.15655517578125 -0.3084716796875
0.00354862213134766 -0.0100679397583008 -0.06591796875 0.2760009765625
0.00449180603027344 -0.0225753784179688 -0.268341064453125 0.0970916748046875
-0.00848960876464844 -0.0329055786132813 -0.317047119140625 -0.28497314453125
0.0156593322753906 -0.0292396545410156 0.00347900390625005 -0.61053466796875
-0.00190639495849609 0.00259637832641602 0.66424560546875 -0.3572998046875
-0.0338134765625 0.00661468505859375 0.8260498046875 0.400390625
0.00827741622924805 0.00415134429931641 0.22900390625 0.6458740234375
0.00944995880126953 0.00782966613769531 0.019134521484375 0.1409912109375
0.00579833984375 0.0122299194335938 0.0267944335937499 -0.5848388671875
-0.00129318237304688 -0.00971889495849609 -0.62115478515625 -0.6951904296875
0.000829696655273439 -0.0278530120849609 -0.8460693359375 0.16754150390625
-0.00014495849609375 -0.0371208190917969 -0.2120361328125 0.665771484375
0.00223731994628906 -0.0347442626953125 0.2452392578125 0.445465087890625
-0.00333118438720703 -0.00584602355957031 0.317108154296875 -0.037933349609375
0.0102958679199219 -0.00262451171875 0.150390625 -0.306488037109375
-0.00189828872680664 -0.00866842269897461 -0.0732574462890625 0.27874755859375
-0.00353240966796875 -0.0235500335693359 -0.274551391601563 0.100296020507812
-0.0138969421386719 -0.0408706665039062 -0.32177734375 -0.284698486328125
0.0214157104492188 -0.0412864685058594 0.00231933593750002 -0.60772705078125
0.0140924453735352 -0.00458049774169922 0.666015625 -0.358154296875
-0.0164079666137695 0.0165386199951172 0.82550048828125 0.3973388671875
0.00987815856933594 0.0292816162109375 0.2303466796875 0.63287353515625
-0.00847625732421875 0.0367774963378906 0.0299301147460938 0.126846313476563
0.000415802001953125 0.0385551452636719 0.03125 -0.60009765625
0.0133113861083984 0.005340576171875 -0.62066650390625 -0.69927978515625
0.021209716796875 -0.0291557312011719 -0.8414306640625 0.164794921875
0.00763702392578125 -0.0487060546875 -0.21337890625 0.66363525390625
0.00148773193359375 -0.0441360473632813 0.23846435546875 0.443115234375
-0.0105857849121094 -0.01080322265625 0.309234619140625 -0.036529541015625
0.00477075576782227 -0.00250864028930664 0.140533447265625 -0.30419921875
-0.00523185729980469 -0.00754117965698242 -0.083251953125 0.280685424804688
-0.00823593139648438 -0.0238170623779297 -0.28253173828125 0.09771728515625
-0.0158615112304688 -0.0437583923339844 -0.32415771484375 -0.2930908203125
0.0259895324707031 -0.0458259582519531 0.01275634765625 -0.612548828125
0.0252017974853516 -0.00680923461914063 0.6788330078125 -0.3408203125
-0.00250053405761719 0.0222835540771484 0.817626953125 0.41339111328125
0.0124664306640625 0.0476760864257813 0.2220458984375 0.6173095703125
-0.0194969177246094 0.05828857421875 0.0431900024414062 0.100379943847656
0.000988006591796869 0.0586662292480469 0.023193359375 -0.6214599609375
0.0251827239990234 0.0140762329101563 -0.6378173828125 -0.692138671875
0.0347461700439453 -0.029632568359375 -0.8338623046875 0.186279296875
0.0122833251953125 -0.0525398254394531 -0.19854736328125 0.66387939453125
0.000144958496093748 -0.0460357666015625 0.24072265625 0.431671142578125
-0.0155601501464844 -0.01177978515625 0.300048828125 -0.0399169921875
0.000625133514404297 -0.00130391120910645 0.1263427734375 -0.30303955078125
0.0241813659667969 -0.0204887390136719 -0.0903167724609375 0.27105712890625
0.0364112854003906 0.00208663940429688 -0.28680419921875 0.0374755859375
0.00761795043945312 0.0392189025878906 -0.274078369140625 -0.378997802734375
-0.019378662109375 0.054443359375 0.1463623046875 -0.62969970703125
-0.0731201171875 0.0238113403320313 0.7530517578125 -0.19024658203125
-0.073028564453125 -0.0614547729492187 0.71771240234375 0.59808349609375
0.0413284301757813 -0.09716796875 0.1029052734375 0.632568359375
0.0941848754882813 -0.0882110595703125 0.0358047485351563 0.0389518737792969
0.0273818969726563 -0.087615966796875 -0.0941162109375 -0.636474609375
-0.0532760620117188 -0.0613327026367188 -0.77288818359375 -0.52008056640625
-0.0701332092285156 0.0076446533203125 -0.76495361328125 0.37005615234375
-0.0237655639648438 0.0471763610839844 -0.05389404296875 0.6656494140625
0.00494194030761719 0.0321083068847656 0.32080078125 0.34124755859375
0.0250587463378906 0.022308349609375 0.308349609375 -0.110809326171875
0.0313873291015625 -0.0112857818603516 0.126861572265625 -0.318817138671875
0.0232372283935547 -0.0177783966064453 -0.0774993896484375 0.270706176757813
0.0355796813964844 -0.00396347045898438 -0.27880859375 0.050811767578125
0.00815200805664063 0.0279598236083984 -0.281982421875 -0.358245849609375
-0.01361083984375 0.0433769226074219 0.11395263671875 -0.62738037109375
-0.0685615539550781 0.0252304077148437 0.73443603515625 -0.23101806640625
-0.0787811279296875 -0.0524063110351562 0.7503662109375 0.5592041015625
0.031036376953125 -0.0943756103515625 0.131103515625 0.65155029296875
0.0881423950195313 -0.0888519287109375 0.0242233276367188 0.0755767822265625
0.0263519287109375 -0.0855255126953125 -0.0689697265625 -0.617919921875
-0.0521965026855469 -0.0607986450195312 -0.7437744140625 -0.56097412109375
-0.0705642700195313 -0.000221252441406247 -0.7911376953125 0.32501220703125
-0.0254287719726562 0.0368537902832031 -0.08941650390625 0.67205810546875
0.00350761413574219 0.0241222381591797 0.311614990234375 0.36700439453125
0.02288818359375 0.0195388793945313 0.316650390625 -0.097198486328125
0.0298709869384766 -0.0091400146484375 0.136871337890625 -0.318695068359375
0.0212421417236328 -0.0174350738525391 -0.0688629150390625 0.272598266601563
0.0310497283935547 -0.00932502746582031 -0.272369384765625 0.0661163330078126
0.00730037689208984 0.0117425918579102 -0.29364013671875 -0.334381103515625
-0.00504875183105469 0.0281009674072266 0.0767822265625001 -0.62530517578125
-0.0564804077148438 0.0230979919433594 0.71380615234375 -0.279296875
-0.0761184692382813 -0.0386581420898437 0.77740478515625 0.5098876953125
0.0207290649414063 -0.0782241821289063 0.16015625 0.6617431640625
0.0742340087890625 -0.07525634765625 0.0153656005859375 0.107986450195313
0.0239105224609375 -0.0711746215820312 -0.0390625 -0.59954833984375
-0.0446243286132813 -0.0549659729003906 -0.70587158203125 -0.60345458984375
-0.0616798400878906 -0.00971603393554687 -0.81524658203125 0.27587890625
-0.0245571136474609 0.0196094512939453 -0.12847900390625 0.675537109375
0.00228309631347656 0.0114202499389648 0.296661376953125 0.393829345703125
0.0181636810302734 0.0144004821777344 0.32305908203125 -0.080047607421875
0.0270900726318359 -0.00768470764160156 0.148040771484375 -0.317840576171875
0.0161714553833008 -0.0152578353881836 -0.0640869140625 0.273895263671875
0.02410888671875 -0.0151538848876953 -0.268325805664063 0.0798645019531249
0.00356411933898926 -0.00428056716918945 -0.30426025390625 -0.314300537109375
0.00291299819946289 0.00789737701416016 0.04119873046875 -0.62109375
-0.0398139953613281 0.0184555053710937 0.693115234375 -0.31884765625
-0.0666122436523438 -0.0221939086914063 0.80419921875 0.46221923828125
0.0133552551269531 -0.05462646484375 0.19036865234375 0.66253662109375
0.0537605285644531 -0.0533790588378906 0.0115890502929688 0.132591247558594
0.0187873840332031 -0.0479850769042969 -0.0101318359375 -0.5877685546875
-0.0323715209960938 -0.0436134338378906 -0.67010498046875 -0.64263916015625
-0.0444488525390625 -0.0177650451660156 -0.834228515625 0.2281494140625
-0.0198516845703125 -0.00118064880371094 -0.1661376953125 0.67681884765625
0.00141239166259766 -0.00485563278198242 0.27850341796875 0.418853759765625
0.0119924545288086 0.00792312622070313 0.32611083984375 -0.062835693359375
0.0223579406738281 -0.00599288940429688 0.154632568359375 -0.314544677734375
0.0108222961425781 -0.0139808654785156 -0.06304931640625 0.27581787109375
0.0151996612548828 -0.0195236206054688 -0.268264770507813 0.0907135009765625
-0.00199127197265625 -0.0202293395996094 -0.312408447265625 -0.29705810546875
0.0091552734375 -0.0119800567626953 0.0177001953125 -0.61822509765625
-0.0203857421875 0.0105648040771484 0.67669677734375 -0.3466796875
-0.0515403747558594 -0.00627136230468751 0.8223876953125 0.425048828125
0.00908660888671875 -0.0253677368164063 0.21435546875 0.65826416015625
0.0310268402099609 -0.0237751007080078 0.0133819580078125 0.144134521484375
0.0126132965087891 -0.0183601379394531 0.0115966796874999 -0.581787109375
-0.0168437957763672 -0.0265293121337891 -0.64337158203125 -0.67559814453125
-0.0222835540771484 -0.0248641967773438 -0.844970703125 0.19244384765625
-0.0110530853271484 -0.0204849243164063 -0.19476318359375 0.6739501953125
0.00157928466796875 -0.0211238861083984 0.261932373046875 0.438262939453125
0.00424742698669434 0.000422477722167969 0.324188232421875 -0.047882080078125
0.0170087814331055 -0.00449275970458984 0.156036376953125 -0.31072998046875
0.00423526763916016 -0.0113496780395508 -0.066253662109375 0.277587890625
0.00573158264160156 -0.0231800079345703 -0.269912719726562 0.09808349609375
-0.00799369812011719 -0.0331192016601563 -0.31939697265625 -0.286773681640625
0.0156669616699219 -0.0302352905273438 0.00231933593750001 -0.61334228515625
-0.00169801712036133 0.0023963451385498 0.6666259765625 -0.361083984375
-0.0329818725585938 0.00687789916992187 0.829833984375 0.402099609375
0.0081028938293457 0.00327301025390625 0.2283935546875 0.6484375
0.008880615234375 0.00829601287841797 0.018707275390625 0.141876220703125
0.00612068176269531 0.0117959976196289 0.0262451171875 -0.5860595703125
-0.002044677734375 -0.00947761535644531 -0.622802734375 -0.697021484375
0.000665664672851562 -0.0283756256103516 -0.85125732421875 0.1693115234375
-0.000434875488281248 -0.0368766784667969 -0.21142578125 0.6705322265625
0.00170516967773437 -0.0350971221923828 0.24822998046875 0.44696044921875
-0.00252342224121094 -0.00637578964233399 0.3182373046875 -0.03857421875
0.0107173919677734 -0.00338935852050781 0.149688720703125 -0.307373046875
-0.000835418701171875 -0.00988292694091797 -0.0738983154296875 0.279891967773438
-0.00252723693847656 -0.0241374969482422 -0.275421142578125 0.101089477539063
-0.0133628845214844 -0.0406150817871094 -0.323883056640625 -0.28546142578125
0.0210609436035156 -0.0414772033691406 0.000915527343749939 -0.611328125
0.0135650634765625 -0.00459003448486328 0.6683349609375 -0.360107421875
-0.0157384872436523 0.0160207748413086 0.83001708984375 0.39971923828125
0.00945091247558594 0.0290184020996094 0.2314453125 0.6348876953125
-0.00819778442382813 0.0369453430175781 0.0293731689453125 0.127372741699219
0.00165557861328125 0.0389785766601563 0.03118896484375 -0.60235595703125
0.0132331848144531 0.00549507141113281 -0.62359619140625 -0.70318603515625
0.0208320617675781 -0.0289859771728516 -0.84649658203125 0.16937255859375
0.0075836181640625 -0.0487747192382812 -0.2127685546875 0.6689453125
0.000560760498046871 -0.0434913635253906 0.24169921875 0.446197509765625
-0.0096902847290039 -0.0108242034912109 0.310150146484375 -0.036865234375
0.0047154426574707 -0.00309276580810547 0.13970947265625 -0.305267333984375
-0.00598764419555664 -0.00776052474975586 -0.0831298828125 0.282135009765625
-0.00818252563476563 -0.0242328643798828 -0.284210205078125 0.099456787109375
-0.0156021118164062 -0.0431404113769531 -0.325469970703125 -0.294219970703125
0.0257568359375 -0.045867919921875 0.01385498046875 -0.61529541015625
0.0258598327636719 -0.00705528259277344 0.68359375 -0.3433837890625
-0.00191116333007813 0.0228824615478516 0.82080078125 0.41510009765625
0.0130386352539063 0.0483856201171875 0.22113037109375 0.61944580078125
-0.0187187194824219 0.0588760375976563 0.0425796508789063 0.101043701171875
0.000606536865234369 0.0585289001464844 0.0241088867187499 -0.6231689453125
0.0250797271728516 0.0139675140380859 -0.6414794921875 -0.69622802734375
0.0346260070800781 -0.0302085876464844 -0.8365478515625 0.18878173828125
0.0123939514160156 -0.0530967712402344 -0.19830322265625 0.66851806640625
-0.000972747802734375 -0.0463714599609375 0.24267578125 0.433929443359375
-0.0144805908203125 -0.0122785568237305 0.301361083984375 -0.042083740234375
0.00077199935913086 -0.0023951530456543 0.1263427734375 -0.30450439453125
0.0246906280517578 -0.0217571258544922 -0.0911102294921875 0.273513793945313
0.0363349914550781 0.00135421752929687 -0.287994384765625 0.039215087890625
0.00743865966796875 0.0399093627929687 -0.275787353515625 -0.381591796875
-0.019927978515625 0.0549240112304687 0.14581298828125 -0.633544921875
-0.0743484497070313 0.0243911743164063 0.75927734375 -0.19403076171875
-0.0727996826171875 -0.0616073608398437 0.7225341796875 0.599365234375
0.04150390625 -0.0993576049804688 0.104248046875 0.634033203125
0.094757080078125 -0.0898208618164062 0.0358924865722656 0.0401115417480469
0.0273895263671875 -0.0885543823242188 -0.0953979492187501 -0.63702392578125
-0.05419921875 -0.0607833862304687 -0.7767333984375 -0.521728515625
-0.07135009765625 0.00838470458984376 -0.76849365234375 0.37396240234375
-0.0233268737792969 0.0477142333984375 -0.05096435546875 0.67095947265625
0.00468063354492188 0.0321044921875 0.3245849609375 0.343994140625
0.0262107849121094 0.0226345062255859 0.30902099609375 -0.112457275390625
0.0312023162841797 -0.0114059448242188 0.12628173828125 -0.3212890625
0.0237903594970703 -0.0196342468261719 -0.0763702392578125 0.271438598632812
0.036376953125 -0.00358963012695313 -0.2801513671875 0.0534515380859375
0.00905799865722656 0.0281448364257813 -0.28363037109375 -0.3590087890625
-0.0141754150390625 0.044158935546875 0.1119384765625 -0.63128662109375
-0.0695610046386719 0.0255546569824219 0.740478515625 -0.237060546875
-0.07830810546875 -0.0538253784179687 0.7564697265625 0.5577392578125
0.0321426391601562 -0.0963897705078125 0.13177490234375 0.6549072265625
0.0888900756835938 -0.0900421142578125 0.0240325927734375 0.076995849609375
0.0269775390625 -0.0857620239257813 -0.06854248046875 -0.62115478515625
-0.0524978637695313 -0.0609169006347656 -0.747802734375 -0.56195068359375
-0.0709991455078125 0.000503540039062507 -0.7940673828125 0.32806396484375
-0.0256767272949219 0.0370597839355469 -0.0872802734375001 0.67694091796875
0.00359153747558594 0.0251312255859375 0.313751220703125 0.3681640625
0.0240745544433594 0.0194110870361328 0.318450927734375 -0.097991943359375
0.0303535461425781 -0.00959205627441406 0.136260986328125 -0.320587158203125
0.0206146240234375 -0.0191688537597656 -0.069091796875 0.273834228515625
0.0316009521484375 -0.00980377197265625 -0.274444580078125 0.0681610107421875
0.00776290893554688 0.0118589401245117 -0.296295166015625 -0.336578369140625
-0.00594902038574219 0.0283718109130859 0.0751342773437501 -0.62969970703125
-0.0567588806152344 0.0234947204589844 0.717529296875 -0.28216552734375
-0.0760574340820312 -0.0387725830078125 0.78472900390625 0.5108642578125
0.02142333984375 -0.0805587768554688 0.16180419921875 0.6649169921875
0.0743331909179688 -0.0768661499023438 0.0148773193359375 0.108848571777344
0.0237655639648437 -0.071380615234375 -0.0393066406249999 -0.60247802734375
-0.0445556640625 -0.0550880432128906 -0.7095947265625 -0.60467529296875
-0.0623512268066406 -0.00962829589843751 -0.82000732421875 0.2816162109375
-0.0245819091796875 0.0197162628173828 -0.12841796875 0.6806640625
0.00250625610351562 0.011378288269043 0.299468994140625 0.39599609375
0.01910400390625 0.0139846801757813 0.32489013671875 -0.081817626953125
0.0279865264892578 -0.00770950317382813 0.148468017578125 -0.31988525390625
0.0161924362182617 -0.0163936614990234 -0.06396484375 0.276153564453125
0.0252571105957031 -0.0159168243408203 -0.270538330078125 0.082183837890625
0.00423860549926758 -0.00471735000610352 -0.307220458984375 -0.3148193359375
0.00289630889892578 0.00827789306640625 0.04119873046875 -0.62640380859375
-0.0398826599121094 0.0190238952636719 0.69598388671875 -0.32147216796875
-0.0657691955566406 -0.0219001770019531 0.81036376953125 0.46343994140625
0.0137672424316406 -0.0561332702636719 0.19097900390625 0.66558837890625
0.0537261962890625 -0.0545272827148438 0.011932373046875 0.13275146484375
0.0199966430664063 -0.04852294921875 -0.011962890625 -0.58917236328125
-0.0321083068847656 -0.0430870056152344 -0.67413330078125 -0.64422607421875
-0.0449790954589844 -0.0181999206542969 -0.83709716796875 0.23260498046875
-0.0196685791015625 -0.000284194946289066 -0.16448974609375 0.67974853515625
0.00180196762084961 -0.00531911849975586 0.283203125 0.4219970703125
0.012883186340332 0.00733375549316406 0.327667236328125 -0.06500244140625
0.0225677490234375 -0.00638961791992188 0.153594970703125 -0.316741943359375
0.0113363265991211 -0.0149164199829102 -0.0637054443359375 0.277694702148437
0.0154457092285156 -0.0206642150878906 -0.269500732421875 0.0923919677734375
-0.00189590454101562 -0.0201015472412109 -0.316650390625 -0.297210693359375
0.00945472717285156 -0.011876106262207 0.01715087890625 -0.62164306640625
-0.0208759307861328 0.0109329223632813 0.67864990234375 -0.3525390625
-0.0511627197265625 -0.00669479370117188 0.82537841796875 0.42138671875
0.00911712646484375 -0.0263481140136719 0.21673583984375 0.66094970703125
0.0311012268066406 -0.0241641998291016 0.0128936767578125 0.145355224609375
0.0131607055664063 -0.0188541412353516 0.0106201171875 -0.5863037109375
-0.01629638671875 -0.0266647338867188 -0.64666748046875 -0.67681884765625
-0.0225181579589844 -0.0242729187011719 -0.84991455078125 0.195068359375
-0.0112209320068359 -0.0203170776367188 -0.1942138671875 0.6788330078125
0.00155830383300781 -0.0206508636474609 0.2657470703125 0.44012451171875
0.00458383560180664 0.000836372375488281 0.3255615234375 -0.049652099609375
0.0175342559814453 -0.00564956665039063 0.1549072265625 -0.3128662109375
0.00510787963867187 -0.012420654296875 -0.06591796875 0.279495239257813
0.00553131103515625 -0.0234012603759766 -0.2713623046875 0.100982666015625
-0.00786399841308594 -0.0332508087158203 -0.32147216796875 -0.287078857421875
0.0158786773681641 -0.0294818878173828 0.00225830078125 -0.616455078125
-0.00160646438598633 0.00302338600158691 0.6702880859375 -0.36541748046875
-0.03271484375 0.00603103637695312 0.83599853515625 0.4005126953125
0.00878381729125977 0.00375938415527344 0.22979736328125 0.65106201171875
0.00982093811035156 0.00747966766357422 0.0187530517578125 0.143569946289063
0.00574016571044922 0.0123167037963867 0.02618408203125 -0.58984375
-0.00139808654785156 -0.00893592834472656 -0.6290283203125 -0.69952392578125
0.000104904174804691 -0.0280189514160156 -0.85296630859375 0.17279052734375
-0.00125503540039062 -0.0372657775878906 -0.21173095703125 0.67620849609375
0.00169181823730469 -0.0346145629882813 0.251068115234375 0.4488525390625
-0.00278234481811523 -0.00648736953735352 0.318695068359375 -0.04150390625
0.0109167098999023 -0.00469493865966797 0.149322509765625 -0.309844970703125
-0.00158500671386719 -0.0112056732177734 -0.073883056640625 0.28179931640625
-0.0017242431640625 -0.0251064300537109 -0.277175903320313 0.104400634765625
-0.0122451782226563 -0.0406951904296875 -0.3258056640625 -0.28619384765625
0.0205459594726563 -0.0410842895507813 0.000671386718749947 -0.61578369140625
0.0145263671875 -0.00360870361328125 0.672119140625 -0.36444091796875
-0.0154323577880859 0.0161848068237305 0.83428955078125 0.3978271484375
0.0103569030761719 0.0290126800537109 0.2344970703125 0.63800048828125
-0.00791168212890625 0.0367012023925781 0.0297317504882812 0.128349304199219
0.00156784057617187 0.0383491516113281 0.03045654296875 -0.60467529296875
0.0137357711791992 0.00607204437255859 -0.626953125 -0.706298828125
0.0210151672363281 -0.0299720764160156 -0.8511962890625 0.17132568359375
0.0074310302734375 -0.0491447448730469 -0.21234130859375 0.673828125
0.00121688842773437 -0.0436286926269531 0.243988037109375 0.44921875
-0.00897407531738281 -0.0108318328857422 0.31243896484375 -0.03790283203125
0.00479888916015625 -0.00282716751098633 0.13970947265625 -0.307373046875
-0.00517749786376953 -0.010350227355957 -0.08343505859375 0.28375244140625
-0.00728988647460938 -0.0241870880126953 -0.28570556640625 0.100799560546875
-0.0157928466796875 -0.0430412292480469 -0.32763671875 -0.294525146484375
0.0247344970703125 -0.0459060668945313 0.01123046875 -0.619140625
0.02545166015625 -0.00629806518554688 0.68603515625 -0.34686279296875
-0.00175285339355469 0.0225009918212891 0.8262939453125 0.41290283203125
0.0131721496582031 0.0473823547363281 0.22430419921875 0.62237548828125
-0.0192070007324219 0.0584335327148437 0.0430526733398438 0.10247802734375
0.000869750976562502 0.0579795837402344 0.0222167968750001 -0.62750244140625
0.0260353088378906 0.0146865844726562 -0.64617919921875 -0.6966552734375
0.0346832275390625 -0.0306720733642578 -0.84344482421875 0.19317626953125
0.0123748779296875 -0.053466796875 -0.19561767578125 0.67303466796875
-0.000518798828124997 -0.0465507507324219 0.244720458984375 0.43731689453125
-0.0132045745849609 -0.0124216079711914 0.303009033203125 -0.04180908203125
0.000842094421386719 -0.00216364860534668 0.126007080078125 -0.307159423828125
0.0250015258789063 -0.0228519439697266 -0.0896759033203125 0.275131225585938
0.0372352600097656 0.000156402587890625 -0.2899169921875 0.04248046875
0.00794219970703125 0.0399971008300781 -0.278289794921875 -0.381866455078125
-0.0200424194335938 0.0553359985351563 0.14520263671875 -0.63897705078125
-0.07452392578125 0.0252532958984375 0.7642822265625 -0.19879150390625
-0.0736160278320313 -0.06219482421875 0.731201171875 0.59832763671875
0.0408782958984375 -0.100639343261719 0.10430908203125 0.63787841796875
0.0953521728515625 -0.0906524658203125 0.0355758666992188 0.0412979125976562
0.0276641845703125 -0.0889053344726563 -0.0982666015625 -0.64044189453125
-0.0537757873535156 -0.0602989196777344 -0.7841796875 -0.51934814453125
-0.0715560913085937 0.00862121582031249 -0.77301025390625 0.380126953125
-0.0235519409179687 0.0486106872558594 -0.04974365234375 0.6773681640625
0.00451469421386719 0.0324840545654297 0.327911376953125 0.343963623046875
0.0266704559326172 0.0229530334472656 0.310394287109375 -0.114654541015625
0.0312271118164062 -0.0125598907470703 0.125732421875 -0.32305908203125
0.0237369537353516 -0.0211620330810547 -0.0763702392578125 0.275238037109375
0.0366477966308594 -0.0041046142578125 -0.28125 0.055419921875
0.00885200500488281 0.0294208526611328 -0.287445068359375 -0.35992431640625
-0.0139808654785156 0.04498291015625 0.10986328125 -0.6365966796875
-0.0696792602539062 0.0257148742675781 0.74493408203125 -0.241455078125
-0.0790176391601563 -0.0538330078125 0.76300048828125 0.55963134765625
0.0309906005859375 -0.096710205078125 0.133056640625 0.65692138671875
0.0889892578125 -0.0911178588867188 0.024871826171875 0.0773391723632813
0.0267868041992188 -0.087493896484375 -0.071044921875 -0.62335205078125
-0.0529975891113281 -0.0602188110351563 -0.7542724609375 -0.5618896484375
-0.0722579956054688 0.00109100341796876 -0.798095703125 0.3360595703125
-0.0261688232421875 0.036956787109375 -0.08465576171875 0.6817626953125
0.00386238098144531 0.0242633819580078 0.3182373046875 0.370330810546875
0.0242443084716797 0.0191230773925781 0.319091796875 -0.10101318359375
0.0303306579589844 -0.0104160308837891 0.13555908203125 -0.32354736328125
0.0214214324951172 -0.0205860137939453 -0.0687713623046875 0.2769775390625
0.0322036743164063 -0.0109615325927734 -0.275299072265625 0.0705413818359375
0.00886440277099609 0.013575553894043 -0.299835205078125 -0.337554931640625
-0.00547027587890625 0.0284175872802734 0.0736083984374999 -0.63427734375
-0.056671142578125 0.0239753723144531 0.72210693359375 -0.286865234375
-0.0763015747070312 -0.0388107299804688 0.79052734375 0.509765625
0.0207672119140625 -0.0817947387695313 0.1636962890625 0.6654052734375
0.0745620727539063 -0.0776443481445313 0.0152130126953125 0.110511779785156
0.0236740112304687 -0.0727615356445313 -0.04205322265625 -0.6041259765625
-0.0441322326660156 -0.0539588928222656 -0.717041015625 -0.60577392578125
-0.0625152587890625 -0.00815963745117188 -0.822021484375 0.28643798828125
-0.0248546600341797 0.0206737518310547 -0.125 0.68603515625
0.00228595733642578 0.0113935470581055 0.30389404296875 0.3983154296875
0.0197525024414063 0.0146484375 0.3260498046875 -0.084259033203125
0.0275783538818359 -0.008544921875 0.147308349609375 -0.322784423828125
0.0164127349853516 -0.0188713073730469 -0.0628509521484375 0.27764892578125
0.0250301361083984 -0.017120361328125 -0.271224975585938 0.0846557617187499
0.00449323654174805 -0.00375652313232422 -0.3099365234375 -0.31561279296875
0.00211143493652344 0.00895786285400391 0.0401611328125 -0.63165283203125
-0.0399093627929688 0.018829345703125 0.6995849609375 -0.325927734375
-0.0663299560546875 -0.0224037170410156 0.8177490234375 0.46221923828125
0.0134620666503906 -0.0559234619140625 0.19427490234375 0.6683349609375
0.0536117553710938 -0.0543174743652344 0.0123214721679687 0.134666442871094
0.0201454162597656 -0.0494346618652344 -0.01385498046875 -0.5931396484375
-0.0321884155273437 -0.0429115295410156 -0.6805419921875 -0.64447021484375
-0.045806884765625 -0.0175247192382813 -0.84320068359375 0.23760986328125
-0.0201930999755859 0.000312805175781253 -0.1619873046875 0.6861572265625
0.00150871276855469 -0.00493574142456055 0.285186767578125 0.423126220703125
0.0132656097412109 0.00704193115234375 0.32904052734375 -0.067474365234375
0.0236110687255859 -0.00744438171386719 0.152984619140625 -0.31878662109375
0.0110349655151367 -0.0166168212890625 -0.0623626708984375 0.27923583984375
0.0162277221679688 -0.0208511352539063 -0.270553588867188 0.096588134765625
-0.00172805786132812 -0.0201778411865234 -0.31744384765625 -0.297760009765625
0.00922775268554688 -0.0114755630493164 0.013916015625 -0.62518310546875
-0.0204887390136719 0.0115070343017578 0.68243408203125 -0.35650634765625
-0.0504074096679687 -0.006256103515625 0.83502197265625 0.41888427734375
0.0091400146484375 -0.02752685546875 0.21856689453125 0.66461181640625
0.0318870544433594 -0.0251045227050781 0.0128631591796875 0.146575927734375
0.0128860473632813 -0.0194644927978516 0.00775146484375002 -0.58721923828125
-0.0168647766113281 -0.0255756378173828 -0.65350341796875 -0.67767333984375
-0.0236968994140625 -0.0244083404541016 -0.85406494140625 0.19940185546875
-0.0117607116699219 -0.020477294921875 -0.1923828125 0.685546875
0.00119590759277344 -0.0216197967529297 0.26934814453125 0.4423828125
0.00492143630981445 0.000248908996582031 0.32745361328125 -0.05157470703125
0.0170564651489258 -0.00613021850585937 0.154998779296875 -0.31549072265625
0.00452041625976563 -0.0137929916381836 -0.065185546875 0.28094482421875
0.00693511962890625 -0.0244121551513672 -0.272994995117188 0.104034423828125
-0.00792884826660156 -0.0316963195800781 -0.324981689453125 -0.288177490234375
0.0151023864746094 -0.0297565460205078 -0.00207519531249996 -0.62188720703125
-0.00158953666687012 0.00238132476806641 0.67230224609375 -0.36962890625
-0.0329647064208984 0.00608444213867188 0.84124755859375 0.3990478515625
0.00828695297241211 0.00146627426147461 0.23388671875 0.654541015625
0.00935840606689453 0.00733757019042969 0.019683837890625 0.1436767578125
0.00671482086181641 0.0120582580566406 0.02337646484375 -0.59234619140625
-0.00131797790527344 -0.0078587532043457 -0.63470458984375 -0.70001220703125
0.000411987304687501 -0.0278053283691406 -0.8590087890625 0.17724609375
-0.00174713134765625 -0.0376625061035156 -0.2088623046875 0.68304443359375
0.000942230224609375 -0.0353317260742187 0.255645751953125 0.45123291015625
-0.00275230407714844 -0.00561094284057617 0.321502685546875 -0.041778564453125
0.0115680694580078 -0.00449466705322266 0.149688720703125 -0.312530517578125
-0.00112247467041016 -0.0114965438842773 -0.0726318359375 0.283782958984375
-0.00111770629882813 -0.0251922607421875 -0.278900146484375 0.106185913085938
-0.0132331848144531 -0.040008544921875 -0.3306884765625 -0.286468505859375
0.0203285217285156 -0.0412368774414063 -0.002197265625 -0.61932373046875
0.0137615203857422 -0.00331974029541016 0.6766357421875 -0.36810302734375
-0.014796257019043 0.0161123275756836 0.84051513671875 0.39697265625
0.0106334686279297 0.0280437469482422 0.23504638671875 0.6392822265625
-0.008148193359375 0.0366020202636719 0.0298309326171875 0.128021240234375
0.00171279907226563 0.0392112731933594 0.02935791015625 -0.60760498046875
0.0134487152099609 0.00641918182373047 -0.63348388671875 -0.7049560546875
0.0205230712890625 -0.0295562744140625 -0.856201171875 0.17584228515625
0.006317138671875 -0.0489616394042969 -0.2095947265625 0.6806640625
0.000881195068359377 -0.0437202453613281 0.24847412109375 0.450439453125
-0.00885200500488281 -0.0107812881469727 0.313812255859375 -0.039825439453125
0.00526285171508789 -0.00395679473876953 0.13958740234375 -0.31048583984375
-0.00553703308105469 -0.0113077163696289 -0.0828857421875 0.2855224609375
-0.00621223449707031 -0.0247001647949219 -0.287261962890625 0.103973388671875
-0.0155830383300781 -0.0429496765136719 -0.33197021484375 -0.29541015625
0.0249366760253906 -0.0462265014648438 0.00933837890625003 -0.62261962890625
0.0255355834960938 -0.00634002685546875 0.6904296875 -0.35284423828125
-0.00137710571289062 0.0227298736572266 0.8369140625 0.41259765625
0.0128631591796875 0.0458602905273438 0.22698974609375 0.6241455078125
-0.0191154479980469 0.0592918395996094 0.0427932739257812 0.102531433105469
0.00160598754882812 0.0585403442382812 0.02197265625 -0.63153076171875
0.0264930725097656 0.0163040161132812 -0.65185546875 -0.69903564453125
0.0343551635742188 -0.0307464599609375 -0.84576416015625 0.1976318359375
0.0117988586425781 -0.0539131164550781 -0.1954345703125 0.67889404296875
-0.00160980224609375 -0.0465583801269531 0.2491455078125 0.4385986328125
-0.0136814117431641 -0.0119247436523438 0.3040771484375 -0.044219970703125
0.00157856941223145 -0.0035092830657959 0.125091552734375 -0.309173583984375
0.0252704620361328 -0.0244388580322266 -0.0894927978515625 0.278106689453125
0.0383987426757813 0.000377655029296875 -0.29132080078125 0.0458984375
0.00946426391601563 0.0412788391113281 -0.2838134765625 -0.382598876953125
-0.0200881958007813 0.0564956665039063 0.14202880859375 -0.64447021484375
-0.0744247436523437 0.0258331298828125 0.76861572265625 -0.2044677734375
-0.0737457275390625 -0.0629196166992188 0.73828125 0.5982666015625
0.0401458740234375 -0.1011962890625 0.10906982421875 0.6414794921875
0.09515380859375 -0.0916900634765625 0.0360450744628906 0.04229736328125
0.0270767211914063 -0.0899581909179688 -0.1025390625 -0.64373779296875
-0.0543174743652344 -0.0597267150878906 -0.79132080078125 -0.51788330078125
-0.0724868774414062 0.00978851318359375 -0.77435302734375 0.38720703125
-0.0237236022949219 0.0492820739746094 -0.04486083984375 0.681640625
0.00509452819824219 0.0324459075927734 0.332763671875 0.345550537109375
0.0269699096679688 0.0223331451416016 0.3118896484375 -0.116180419921875
0.030853271484375 -0.0144138336181641 0.12457275390625 -0.3277587890625
0.0239524841308594 -0.0222835540771484 -0.0752716064453125 0.276748657226563
0.0374755859375 -0.00587081909179688 -0.28271484375 0.0596313476562499
0.0100975036621094 0.0297412872314453 -0.292236328125 -0.362060546875
-0.0139274597167969 0.0454750061035156 0.10943603515625 -0.640625
-0.0698165893554688 0.026519775390625 0.748291015625 -0.24676513671875
-0.0801467895507812 -0.0541610717773438 0.7711181640625 0.5574951171875
0.0309219360351562 -0.0986709594726563 0.13720703125 0.65997314453125
0.089691162109375 -0.0923004150390625 0.0240554809570313 0.0778427124023438
0.0267257690429688 -0.08807373046875 -0.07470703125 -0.6260986328125
-0.0529632568359375 -0.0599441528320312 -0.76092529296875 -0.56072998046875
-0.0726242065429687 0.00160980224609376 -0.80169677734375 0.3409423828125
-0.0259971618652344 0.0376472473144531 -0.0811767578125 0.68878173828125
0.00433158874511719 0.024749755859375 0.322418212890625 0.37005615234375
0.0253467559814453 0.0187625885009766 0.32049560546875 -0.1041259765625
0.0307960510253906 -0.0112228393554688 0.134735107421875 -0.32696533203125
0.0208663940429688 -0.0216121673583984 -0.06689453125 0.27911376953125
0.0331573486328125 -0.0121021270751953 -0.276535034179688 0.074676513671875
0.00947189331054688 0.0143899917602539 -0.30316162109375 -0.337738037109375
-0.005950927734375 0.0284423828125 0.06976318359375 -0.6385498046875
-0.0576820373535156 0.0241851806640625 0.724365234375 -0.29412841796875
-0.0766448974609375 -0.0392303466796875 0.7989501953125 0.50775146484375
0.0206756591796875 -0.0825958251953125 0.1676025390625 0.66839599609375
0.074249267578125 -0.0790481567382813 0.0155563354492188 0.111763000488281
0.0243301391601563 -0.0737228393554688 -0.0458984375000001 -0.608154296875
-0.0452117919921875 -0.0539398193359375 -0.72308349609375 -0.60589599609375
-0.0638694763183594 -0.0080413818359375 -0.826904296875 0.29278564453125
-0.0256996154785156 0.0206451416015625 -0.12139892578125 0.692626953125
0.00238800048828125 0.0112161636352539 0.308624267578125 0.400146484375
0.0202236175537109 0.0141963958740234 0.327423095703125 -0.0875244140625
0.0281238555908203 -0.00966262817382813 0.145843505859375 -0.32635498046875
0.0171947479248047 -0.0204582214355469 -0.0614166259765625 0.28021240234375
0.0255260467529297 -0.0179061889648438 -0.273468017578125 0.0885009765625
0.00474452972412109 -0.00388813018798828 -0.313568115234375 -0.31561279296875
0.00211620330810547 0.00927352905273438 0.0380859374999999 -0.63507080078125
-0.040130615234375 0.0195045471191406 0.70166015625 -0.33416748046875
-0.0660896301269531 -0.0227241516113281 0.8245849609375 0.45843505859375
0.0124740600585938 -0.0579643249511719 0.198974609375 0.67108154296875
0.0541954040527344 -0.0555686950683594 0.0124588012695313 0.135124206542969
0.0200653076171875 -0.0487213134765625 -0.01641845703125 -0.59576416015625
-0.032379150390625 -0.0418968200683594 -0.6876220703125 -0.64532470703125
-0.0467338562011719 -0.0173110961914062 -0.84765625 0.24334716796875
-0.0203990936279297 3.62396240234401E-05 -0.1588134765625 0.692626953125
0.00144195556640625 -0.00473356246948242 0.291412353515625 0.425048828125
0.0134563446044922 0.0074005126953125 0.330841064453125 -0.069366455078125
0.0231971740722656 -0.00780868530273438 0.152740478515625 -0.32293701171875
0.0107812881469727 -0.0175132751464844 -0.06158447265625 0.281463623046875
0.0166664123535156 -0.0218524932861328 -0.271209716796875 0.100387573242187
-0.00136375427246094 -0.0200042724609375 -0.32159423828125 -0.299560546875
0.00892543792724609 -0.0109996795654297 0.0100097656249999 -0.6297607421875
-0.0204105377197266 0.0113849639892578 0.685302734375 -0.36151123046875
-0.0505218505859375 -0.0070953369140625 0.84063720703125 0.41839599609375
0.00839614868164063 -0.0283203125 0.22125244140625 0.66552734375
0.0318641662597656 -0.0252094268798828 0.0139923095703125 0.147674560546875
0.0137367248535156 -0.0195045471191406 0.00488281249999996 -0.59027099609375
-0.0163669586181641 -0.0259056091308594 -0.66168212890625 -0.67779541015625
-0.023712158203125 -0.0234870910644531 -0.8580322265625 0.20440673828125
-0.0122108459472656 -0.0206470489501953 -0.18719482421875 0.69097900390625
0.00134849548339844 -0.0212135314941406 0.274444580078125 0.444061279296875
0.00462770462036133 0.000478267669677734 0.328338623046875 -0.05389404296875
0.0179386138916016 -0.00651168823242188 0.1536865234375 -0.31890869140625
0.00434589385986328 -0.0153722763061523 -0.06439208984375 0.283233642578125
0.00708389282226563 -0.0248394012451172 -0.274688720703125 0.107101440429688
-0.00767135620117188 -0.0319862365722656 -0.32958984375 -0.288848876953125
0.0155067443847656 -0.0294990539550781 -0.00354003906250006 -0.626953125
-0.00187182426452637 0.00317263603210449 0.67486572265625 -0.37542724609375
-0.0319690704345703 0.006256103515625 0.849853515625 0.39801025390625
0.00883865356445313 0.00160121917724609 0.23602294921875 0.6563720703125
0.00955963134765625 0.00641250610351563 0.019805908203125 0.145675659179688
0.00672817230224609 0.0120706558227539 0.02099609375 -0.59600830078125
-0.000831127166748047 -0.00771093368530274 -0.64080810546875 -0.69927978515625
-0.000316619873046874 -0.0271224975585938 -0.86309814453125 0.18536376953125
-0.00187301635742188 -0.0371551513671875 -0.20611572265625 0.6884765625
0.000885009765624997 -0.0354804992675781 0.259368896484375 0.45330810546875
-0.00215721130371094 -0.00653934478759766 0.32281494140625 -0.0447998046875
0.0110235214233398 -0.00541019439697266 0.147857666015625 -0.315338134765625
-0.00124835968017578 -0.0135345458984375 -0.07220458984375 0.285614013671875
-0.00103569030761719 -0.0251636505126953 -0.280487060546875 0.109405517578125
-0.0127334594726562 -0.0396842956542969 -0.332977294921875 -0.287384033203125
0.02069091796875 -0.0411834716796875 -0.0042724609375 -0.6241455078125
0.0135841369628906 -0.00384044647216797 0.6776123046875 -0.37548828125
-0.0144309997558594 0.0158767700195312 0.849609375 0.39324951171875
0.0103816986083984 0.02691650390625 0.2376708984375 0.64166259765625
-0.00824737548828125 0.0369834899902344 0.0299606323242188 0.130355834960937
0.00210952758789063 0.0397186279296875 0.0257568359375 -0.6107177734375
0.0143651962280273 0.00769424438476563 -0.6416015625 -0.7064208984375
0.0196189880371094 -0.0303668975830078 -0.85980224609375 0.1827392578125
0.00606155395507812 -0.0495643615722656 -0.20745849609375 0.68560791015625
-6.48498535156274E-05 -0.0441741943359375 0.25286865234375 0.45281982421875
-0.00837039947509766 -0.00993537902832031 0.3148193359375 -0.041412353515625
0.00511598587036133 -0.00433778762817383 0.13824462890625 -0.312774658203125
-0.00552845001220703 -0.0128374099731445 -0.082244873046875 0.288330078125
-0.00652503967285156 -0.0257129669189453 -0.289215087890625 0.10687255859375
-0.0159339904785156 -0.0417098999023438 -0.3348388671875 -0.295196533203125
0.0250968933105469 -0.0467109680175781 0.00805664062499999 -0.62774658203125
0.0256118774414063 -0.00588226318359375 0.69195556640625 -0.3583984375
-0.000530242919921874 0.0228137969970703 0.8421630859375 0.410400390625
0.0133934020996094 0.0453224182128906 0.22900390625 0.62664794921875
-0.0187149047851562 0.0590286254882812 0.0432586669921875 0.103660583496094
0.00193023681640624 0.0587959289550781 0.0176391601562501 -0.63323974609375
0.0271434783935547 0.0166034698486328 -0.6597900390625 -0.69830322265625
0.0343132019042969 -0.0306186676025391 -0.84893798828125 0.20416259765625
0.0107994079589844 -0.053863525390625 -0.19219970703125 0.68792724609375
-0.00151824951171875 -0.047119140625 0.252685546875 0.440673828125
-0.0135374069213867 -0.0117921829223633 0.305572509765625 -0.046234130859375
0.00075221061706543 -0.00405144691467285 0.1231689453125 -0.312591552734375
0.0250816345214844 -0.0252895355224609 -0.0880126953125 0.279861450195312
0.038726806640625 -0.0008392333984375 -0.292755126953125 0.049896240234375
0.00899124145507813 0.041595458984375 -0.28857421875 -0.38421630859375
-0.0191192626953125 0.057159423828125 0.1378173828125 -0.64971923828125
-0.0757217407226562 0.0264816284179687 0.76971435546875 -0.2113037109375
-0.0742034912109375 -0.0632095336914063 0.74554443359375 0.59564208984375
0.0399398803710938 -0.103988647460938 0.112060546875 0.64215087890625
0.0949172973632813 -0.0929641723632813 0.0358467102050781 0.0436286926269531
0.02740478515625 -0.0907669067382813 -0.10650634765625 -0.64556884765625
-0.0542716979980469 -0.0590972900390625 -0.7984619140625 -0.5166015625
-0.073028564453125 0.0105209350585938 -0.77484130859375 0.39544677734375
-0.022979736328125 0.0501289367675781 -0.0410156249999999 0.68817138671875
0.0059051513671875 0.0330696105957031 0.337066650390625 0.345703125
0.027618408203125 0.0223140716552734 0.31182861328125 -0.12030029296875
0.0317306518554688 -0.0139484405517578 0.123138427734375 -0.3297119140625
0.0225181579589844 -0.0241832733154297 -0.0736236572265625 0.27972412109375
0.0379905700683594 -0.00716400146484375 -0.28375244140625 0.062286376953125
0.010162353515625 0.0301342010498047 -0.29571533203125 -0.360565185546875
-0.0142974853515625 0.0461845397949219 0.10382080078125 -0.64715576171875
-0.0703125 0.0272445678710937 0.74969482421875 -0.253662109375
-0.0793304443359375 -0.05426025390625 0.77777099609375 0.55633544921875
0.0301589965820313 -0.0998001098632813 0.14111328125 0.66192626953125
0.0888290405273438 -0.09332275390625 0.0239028930664063 0.0792922973632812
0.0266876220703125 -0.0888671875 -0.07916259765625 -0.62738037109375
-0.0528450012207031 -0.0592613220214844 -0.76708984375 -0.55908203125
-0.0736923217773438 0.00225830078125001 -0.8043212890625 0.350830078125
-0.0253677368164063 0.0386199951171875 -0.07574462890625 0.69415283203125
0.00432968139648438 0.0249977111816406 0.329010009765625 0.370452880859375
0.0261402130126953 0.0185966491699219 0.320281982421875 -0.106597900390625
0.0302886962890625 -0.0122222900390625 0.13262939453125 -0.329345703125
0.0207252502441406 -0.0229263305664062 -0.066131591796875 0.281219482421875
0.0336875915527344 -0.0129337310791016 -0.277755737304688 0.0777740478515625
0.00892162322998047 0.0136280059814453 -0.306884765625 -0.337066650390625
-0.00608634948730469 0.0300769805908203 0.0670166015625001 -0.64227294921875
-0.0574111938476563 0.02520751953125 0.72705078125 -0.30072021484375
-0.0763702392578125 -0.0394668579101563 0.80694580078125 0.504638671875
0.0196685791015625 -0.0837478637695313 0.17047119140625 0.67047119140625
0.0741348266601562 -0.0796966552734375 0.01593017578125 0.112663269042969
0.0245513916015625 -0.0735931396484375 -0.04742431640625 -0.60931396484375
-0.04534912109375 -0.0536766052246094 -0.72979736328125 -0.60247802734375
-0.0642051696777344 -0.00752258300781249 -0.82769775390625 0.2994384765625
-0.0252513885498047 0.0212554931640625 -0.1158447265625 0.6995849609375
0.00265121459960938 0.0118722915649414 0.313812255859375 0.3994140625
0.0208015441894531 0.0135898590087891 0.32861328125 -0.089813232421875
0.0278491973876953 -0.0105838775634766 0.144287109375 -0.3292236328125
0.0160408020019531 -0.0215225219726563 -0.060089111328125 0.2825927734375
0.0258216857910156 -0.0188179016113281 -0.273574829101563 0.0917205810546874
0.00572299957275391 -0.00341510772705078 -0.3172607421875 -0.314910888671875
0.00235939025878906 0.00942897796630859 0.0321044921875 -0.6395263671875
-0.0395050048828125 0.0200881958007812 0.7042236328125 -0.34033203125
-0.067230224609375 -0.0230026245117188 0.8306884765625 0.45703125
0.0122756958007813 -0.0586509704589844 0.20245361328125 0.67352294921875
0.0545234680175781 -0.0567588806152344 0.012725830078125 0.136947631835938
0.0196495056152344 -0.0501632690429688 -0.02069091796875 -0.59722900390625
-0.0323448181152344 -0.0418853759765625 -0.69537353515625 -0.64434814453125
-0.0470046997070313 -0.0165328979492187 -0.84918212890625 0.250244140625
-0.0211086273193359 0.000614166259765624 -0.1549072265625 0.6990966796875
0.00179553031921387 -0.00412583351135254 0.29620361328125 0.4267578125
0.0141353607177734 0.00771617889404297 0.3309326171875 -0.071990966796875
0.0225086212158203 -0.00798416137695313 0.150848388671875 -0.326629638671875
0.0112171173095703 -0.0192756652832031 -0.060028076171875 0.283538818359375
0.0166721343994141 -0.0231113433837891 -0.272918701171875 0.102401733398437
-0.000957489013671875 -0.0199337005615234 -0.326202392578125 -0.298065185546875
0.0090484619140625 -0.0114984512329102 0.00744628906250005 -0.63323974609375
-0.021087646484375 0.0118217468261719 0.6871337890625 -0.3702392578125
-0.050811767578125 -0.00641250610351562 0.8487548828125 0.41314697265625
0.00802230834960937 -0.0294971466064453 0.22808837890625 0.66827392578125
0.0318756103515625 -0.0257110595703125 0.014495849609375 0.148681640625
0.0137004852294922 -0.0196628570556641 0.00305175781249994 -0.593505859375
-0.0166912078857422 -0.0246810913085938 -0.66845703125 -0.6787109375
-0.0241546630859375 -0.0234737396240234 -0.86199951171875 0.21319580078125
-0.0121364593505859 -0.0199928283691406 -0.1832275390625 0.6973876953125
0.000696182250976563 -0.0213584899902344 0.28009033203125 0.446197509765625
0.0063929557800293 -7.67707824707031E-05 0.329071044921875 -0.057464599609375
0.0169086456298828 -0.007354736328125 0.152130126953125 -0.32232666015625
0.00393486022949219 -0.0165529251098633 -0.0626220703125 0.285858154296875
0.00734710693359375 -0.0251579284667969 -0.275253295898438 0.110260009765625
-0.00716590881347656 -0.0322074890136719 -0.332366943359375 -0.28857421875
0.0148658752441406 -0.0289535522460938 -0.00793457031250003 -0.62835693359375
-0.0021672248840332 0.00346541404724121 0.6778564453125 -0.38433837890625
-0.0327606201171875 0.00663948059082031 0.8563232421875 0.3944091796875
0.00813007354736328 0.0015568733215332 0.24102783203125 0.657958984375
0.00986862182617188 0.00609397888183594 0.02008056640625 0.1468505859375
0.006744384765625 0.0115165710449219 0.0174560546875 -0.5986328125
-0.000790119171142579 -0.00747346878051758 -0.65032958984375 -0.6990966796875
-0.00143241882324218 -0.0275650024414062 -0.86553955078125 0.19146728515625
-0.00190353393554687 -0.0376052856445313 -0.2015380859375 0.69384765625
0.000701904296874997 -0.0354690551757813 0.26629638671875 0.454315185546875
-0.00143671035766602 -0.00584268569946289 0.324371337890625 -0.0474853515625
0.0112180709838867 -0.00599288940429688 0.14605712890625 -0.31842041015625
-0.001251220703125 -0.0150938034057617 -0.07061767578125 0.286712646484375
-0.000476837158203125 -0.0264930725097656 -0.2811279296875 0.113067626953125
-0.0132827758789062 -0.0398941040039063 -0.33795166015625 -0.285980224609375
0.0199127197265625 -0.0409889221191406 -0.00897216796875 -0.627685546875
0.013524055480957 -0.00364303588867188 0.68109130859375 -0.38330078125
-0.0144119262695312 0.0161867141723633 0.857666015625 0.3902587890625
0.00989913940429688 0.0262012481689453 0.2421875 0.64453125
-0.007232666015625 0.0358810424804688 0.030120849609375 0.131088256835938
0.0026092529296875 0.0394401550292969 0.0216064453124999 -0.61309814453125
0.0149116516113281 0.00725173950195313 -0.64678955078125 -0.7052001953125
0.0193367004394531 -0.0301227569580078 -0.862548828125 0.1907958984375
0.006103515625 -0.0486869812011719 -0.20196533203125 0.6932373046875
-0.000328063964843751 -0.0443191528320313 0.257781982421875 0.45404052734375
-0.00818634033203125 -0.0104942321777344 0.315582275390625 -0.04425048828125
0.00464916229248047 -0.00525999069213867 0.13653564453125 -0.315643310546875
-0.00505542755126953 -0.0138816833496094 -0.08038330078125 0.289581298828125
-0.00622940063476563 -0.0259819030761719 -0.29010009765625 0.11083984375
-0.0159530639648438 -0.0423698425292969 -0.3394775390625 -0.295135498046875
0.0240402221679687 -0.046234130859375 0.00280761718749995 -0.63128662109375
0.0254230499267578 -0.00623512268066406 0.6934814453125 -0.365966796875
-0.000520706176757811 0.0221652984619141 0.85089111328125 0.4073486328125
0.0136146545410156 0.0452499389648438 0.23443603515625 0.6275634765625
-0.018341064453125 0.058990478515625 0.0426864624023438 0.103645324707031
0.00211334228515624 0.0589790344238281 0.01446533203125 -0.6363525390625
0.0272293090820313 0.0168094635009766 -0.66650390625 -0.6976318359375
0.0340442657470703 -0.0308628082275391 -0.8546142578125 0.2109375
0.00995635986328125 -0.0540771484375 -0.18817138671875 0.6920166015625
-0.00225830078125 -0.0465621948242188 0.258453369140625 0.4422607421875
-0.0127344131469727 -0.0127735137939453 0.306640625 -0.04833984375
0.000874042510986328 -0.00427079200744629 0.12176513671875 -0.315521240234375
0.0243148803710938 -0.027008056640625 -0.0863037109375 0.2835693359375
0.040130615234375 -0.00231170654296875 -0.293060302734375 0.053497314453125
0.011138916015625 0.0419960021972656 -0.294219970703125 -0.3824462890625
-0.0193634033203125 0.0584907531738281 0.132080078125 -0.65478515625
-0.075286865234375 0.0276412963867188 0.77410888671875 -0.2193603515625
-0.0748977661132812 -0.0629196166992188 0.75555419921875 0.59100341796875
0.0392608642578125 -0.105514526367188 0.1170654296875 0.64532470703125
0.0948486328125 -0.094757080078125 0.0352439880371094 0.0441627502441406
0.0270309448242187 -0.0921783447265625 -0.11309814453125 -0.64794921875
-0.0547599792480469 -0.05877685546875 -0.8055419921875 -0.5137939453125
-0.0737228393554688 0.01141357421875 -0.775390625 0.40435791015625
-0.0231742858886719 0.0509796142578125 -0.03363037109375 0.69281005859375
0.00557327270507813 0.0341567993164063 0.342010498046875 0.34393310546875
0.0295085906982422 0.0223236083984375 0.31195068359375 -0.12408447265625
0.0315799713134766 -0.0149898529052734 0.11981201171875 -0.33349609375
0.0237197875976563 -0.0254840850830078 -0.072601318359375 0.282135009765625
0.0384941101074219 -0.00775146484375 -0.284698486328125 0.067291259765625
0.0116691589355469 0.03082275390625 -0.301513671875 -0.360931396484375
-0.0141716003417969 0.0473175048828125 0.10009765625 -0.64984130859375
-0.0707321166992188 0.028045654296875 0.7523193359375 -0.2620849609375
-0.0804519653320313 -0.0537109375 0.78717041015625 0.55126953125
0.0298080444335938 -0.101318359375 0.14569091796875 0.66497802734375
0.0881576538085937 -0.0954360961914062 0.0247879028320313 0.0810012817382812
0.0262680053710937 -0.0888214111328125 -0.0845336914062501 -0.63031005859375
-0.0537071228027344 -0.0584335327148438 -0.77691650390625 -0.555419921875
-0.0743484497070313 0.00357818603515626 -0.80572509765625 0.3597412109375
-0.0254592895507812 0.0393028259277344 -0.0701293945312499 0.6998291015625
0.00471115112304687 0.0253829956054688 0.332977294921875 0.3702392578125
0.0265407562255859 0.0180587768554688 0.322021484375 -0.1102294921875
0.0302238464355469 -0.0130062103271484 0.130584716796875 -0.33221435546875
0.0206546783447266 -0.0246105194091797 -0.063507080078125 0.283905029296875
0.0345382690429688 -0.0136394500732422 -0.278976440429688 0.081451416015625
0.009674072265625 0.0144186019897461 -0.31207275390625 -0.337310791015625
-0.00576019287109375 0.0299358367919922 0.0611572265625 -0.64923095703125
-0.0575752258300781 0.0259552001953125 0.72967529296875 -0.30902099609375
-0.0771560668945313 -0.039276123046875 0.8154296875 0.49957275390625
0.0187149047851562 -0.0851211547851563 0.17669677734375 0.67315673828125
0.0738754272460938 -0.0813140869140625 0.0170822143554688 0.11376953125
0.0231552124023438 -0.074859619140625 -0.05389404296875 -0.6107177734375
-0.0458221435546875 -0.052947998046875 -0.73846435546875 -0.59942626953125
-0.0645523071289063 -0.00632476806640626 -0.8310546875 0.3106689453125
-0.0252552032470703 0.0220108032226563 -0.1099853515625 0.70361328125
0.00281429290771484 0.0125198364257813 0.319549560546875 0.399688720703125
0.0221233367919922 0.0134410858154297 0.32977294921875 -0.093658447265625
0.0281352996826172 -0.0114345550537109 0.142120361328125 -0.332000732421875
0.0157718658447266 -0.0227775573730469 -0.058868408203125 0.28466796875
0.0264492034912109 -0.0195026397705078 -0.273834228515625 0.095977783203125
0.00539779663085937 -0.00353145599365234 -0.321868896484375 -0.315399169921875
0.0021209716796875 0.0100269317626953 0.02777099609375 -0.6446533203125
-0.0400543212890625 0.0211219787597656 0.70574951171875 -0.34912109375
-0.0669898986816406 -0.02197265625 0.84014892578125 0.451904296875
0.0115127563476562 -0.0599594116210938 0.20684814453125 0.6739501953125
0.0540351867675781 -0.0581130981445312 0.0130462646484375 0.138679504394531
0.0199546813964844 -0.050384521484375 -0.0265502929687501 -0.6009521484375
-0.0322532653808594 -0.0408401489257813 -0.703125 -0.64202880859375
-0.04779052734375 -0.0160789489746094 -0.85174560546875 0.26153564453125
-0.0208263397216797 0.000408172607421878 -0.1485595703125 0.7054443359375
0.00115680694580078 -0.00462102890014648 0.301513671875 0.425537109375
0.0147294998168945 0.00666713714599609 0.332916259765625 -0.07635498046875
0.0235576629638672 -0.00934219360351563 0.147613525390625 -0.328857421875
0.0105171203613281 -0.0205726623535156 -0.0572509765625 0.287017822265625
0.0169143676757813 -0.0235195159912109 -0.27362060546875 0.107208251953125
-0.00106430053710938 -0.0192642211914063 -0.331146240234375 -0.296417236328125
0.00876712799072266 -0.0116157531738281 0.00140380859375003 -0.638671875
-0.0201683044433594 0.0121269226074219 0.687255859375 -0.379150390625
-0.0507698059082031 -0.00679397583007812 0.85760498046875 0.40850830078125
0.00743675231933594 -0.0305690765380859 0.23419189453125 0.66973876953125
0.0314922332763672 -0.0265254974365234 0.0151214599609375 0.150497436523438
0.0135231018066406 -0.0202999114990234 -0.00268554687499994 -0.59521484375
-0.0171318054199219 -0.0244083404541016 -0.67669677734375 -0.67510986328125
-0.0249691009521484 -0.0239887237548828 -0.86456298828125 0.22222900390625
-0.0129547119140625 -0.0198326110839844 -0.17840576171875 0.7047119140625
0.000825881958007811 -0.0206756591796875 0.284912109375 0.447174072265625
0.00647640228271484 -0.000188827514648438 0.331085205078125 -0.060546875
0.0177345275878906 -0.00778579711914063 0.149200439453125 -0.32568359375
0.00406265258789063 -0.0179061889648438 -0.06195068359375 0.288482666015625
0.00778388977050781 -0.0259304046630859 -0.275482177734375 0.114608764648437
-0.00797653198242188 -0.0316390991210938 -0.33685302734375 -0.28692626953125
0.0146579742431641 -0.0288162231445312 -0.0120849609375 -0.63372802734375
-0.00236916542053223 0.00349545478820801 0.67864990234375 -0.39202880859375
-0.0322761535644531 0.00660705566406251 0.8656005859375 0.3880615234375
0.00766611099243164 0.000164508819580078 0.24755859375 0.659423828125
0.0104541778564453 0.00686550140380859 0.020660400390625 0.14837646484375
0.00754165649414063 0.0112447738647461 0.01123046875 -0.5997314453125
-0.000676155090332031 -0.00704193115234375 -0.6580810546875 -0.69866943359375
-0.00204086303710938 -0.0274906158447266 -0.869384765625 0.200927734375
-0.00334548950195313 -0.0380439758300781 -0.19573974609375 0.70147705078125
0.000183105468749999 -0.0352210998535156 0.271759033203125 0.455413818359375
-0.000658988952636719 -0.00661706924438476 0.325164794921875 -0.050018310546875
0.0108194351196289 -0.0064544677734375 0.1441650390625 -0.322418212890625
-0.00123977661132813 -0.0164947509765625 -0.06878662109375 0.289703369140625
-0.00059700012207031 -0.0272350311279297 -0.28143310546875 0.1168212890625
-0.0133514404296875 -0.0397796630859375 -0.341949462890625 -0.285247802734375
0.0199317932128906 -0.0413055419921875 -0.01434326171875 -0.63214111328125
0.0142087936401367 -0.00430488586425781 0.68109130859375 -0.39215087890625
-0.0139713287353516 0.0160179138183594 0.86474609375 0.38458251953125
0.0102558135986328 0.0256938934326172 0.24847412109375 0.6431884765625
-0.00732421875 0.0365486145019531 0.0313262939453125 0.131805419921875
0.0028533935546875 0.0395240783691406 0.01727294921875 -0.61614990234375
0.0146865844726563 0.00744819641113281 -0.6563720703125 -0.703857421875
0.0194797515869141 -0.0294704437255859 -0.866943359375 0.19842529296875
0.00521850585937499 -0.04937744140625 -0.19720458984375 0.6998291015625
-0.000770568847656246 -0.0438919067382813 0.26385498046875 0.455535888671875
-0.00696277618408203 -0.0106754302978516 0.317474365234375 -0.047027587890625
0.00555658340454102 -0.00574398040771484 0.134857177734375 -0.3197021484375
-0.00540542602539063 -0.0148954391479492 -0.07855224609375 0.292449951171875
-0.00572967529296875 -0.0267829895019531 -0.2906494140625 0.1151123046875
-0.0160293579101563 -0.0427055358886719 -0.344024658203125 -0.29339599609375
0.0235557556152344 -0.04608154296875 -0.00177001953125 -0.6348876953125
0.0259475708007813 -0.00635337829589844 0.694580078125 -0.37518310546875
-4.57763671874999E-05 0.0218067169189453 0.85784912109375 0.40087890625
0.0128517150878906 0.044464111328125 0.2376708984375 0.62890625
-0.0181732177734375 0.0591926574707031 0.0444793701171875 0.105850219726563
0.00310897827148438 0.0592269897460938 0.00927734375000001 -0.63775634765625
0.0274658203125 0.0162734985351563 -0.67657470703125 -0.6966552734375
0.0338726043701172 -0.0308380126953125 -0.85797119140625 0.2200927734375
0.00993728637695312 -0.0552940368652344 -0.182373046875 0.6993408203125
-0.00240325927734375 -0.0468406677246094 0.2652587890625 0.44384765625
-0.0130605697631836 -0.0117740631103516 0.308563232421875 -0.051544189453125
0.0010533332824707 -0.00469398498535156 0.1199951171875 -0.317657470703125
0.0237522125244141 -0.0282573699951172 -0.083282470703125 0.28546142578125
0.040374755859375 -0.00290298461914063 -0.2943115234375 0.0582580566406249
0.0121307373046875 0.0421028137207031 -0.299102783203125 -0.382598876953125
-0.0194244384765625 0.059295654296875 0.12738037109375 -0.65887451171875
-0.0755691528320312 0.0278472900390625 0.77410888671875 -0.2279052734375
-0.075592041015625 -0.0633087158203125 0.763671875 0.586669921875
0.0381927490234375 -0.106224060058594 0.12310791015625 0.64825439453125
0.0944900512695313 -0.0961380004882813 0.03656005859375 0.044891357421875
0.0269546508789063 -0.0924758911132813 -0.11993408203125 -0.64971923828125
-0.05535888671875 -0.0584030151367187 -0.8153076171875 -0.5079345703125
-0.0738296508789062 0.0126800537109375 -0.77545166015625 0.4146728515625
-0.022430419921875 0.0518913269042969 -0.0277099609375 0.69683837890625
0.00667953491210938 0.0341644287109375 0.347747802734375 0.34222412109375
0.0300388336181641 0.0210380554199219 0.31170654296875 -0.1285400390625
0.0309181213378906 -0.0160427093505859 0.11669921875 -0.335540771484375
0.0223922729492188 -0.0264129638671875 -0.0701904296875 0.28546142578125
0.0389785766601563 -0.00925827026367188 -0.284271240234375 0.0712890624999999
0.0118350982666016 0.0304985046386719 -0.30718994140625 -0.359466552734375
-0.0135536193847656 0.0478591918945313 0.09368896484375 -0.65625
-0.0707550048828125 0.0290603637695313 0.754638671875 -0.2713623046875
-0.0810470581054688 -0.0534210205078125 0.79705810546875 0.54461669921875
0.02825927734375 -0.102821350097656 0.15234375 0.666748046875
0.088043212890625 -0.096710205078125 0.0245437622070313 0.081817626953125
0.0261459350585937 -0.0900497436523438 -0.09039306640625 -0.63189697265625
-0.05401611328125 -0.0571250915527344 -0.78387451171875 -0.548828125
-0.0742111206054688 0.00494384765625001 -0.80615234375 0.37066650390625
-0.0254440307617188 0.0404167175292969 -0.06201171875 0.70318603515625
0.00496101379394531 0.0253028869628906 0.33966064453125 0.36846923828125
0.0274066925048828 0.0176010131835938 0.32208251953125 -0.115081787109375
0.0308876037597656 -0.0135536193847656 0.127532958984375 -0.3363037109375
0.0196628570556641 -0.0266876220703125 -0.06109619140625 0.2862548828125
0.034454345703125 -0.0156764984130859 -0.27947998046875 0.0856781005859375
0.010319709777832 0.0144596099853516 -0.316864013671875 -0.335540771484375
-0.00531387329101563 0.0308837890625 0.0555419921875 -0.65234375
-0.0581130981445312 0.0267295837402344 0.72808837890625 -0.318359375
-0.0778732299804688 -0.0382843017578125 0.82427978515625 0.49481201171875
0.0174942016601562 -0.0859146118164062 0.18109130859375 0.67572021484375
0.072998046875 -0.083160400390625 0.017303466796875 0.11541748046875
0.023040771484375 -0.0752029418945312 -0.05999755859375 -0.61328125
-0.0457687377929688 -0.0521011352539062 -0.74884033203125 -0.59552001953125
-0.0661506652832031 -0.00536727905273436 -0.8319091796875 0.319580078125
-0.0258731842041016 0.021514892578125 -0.10321044921875 0.70941162109375
0.00273036956787109 0.0116767883300781 0.32525634765625 0.398651123046875
0.0217971801757812 0.012603759765625 0.32940673828125 -0.09759521484375
0.0276393890380859 -0.0121574401855469 0.139129638671875 -0.3355712890625
0.0155086517333984 -0.0242576599121094 -0.0567626953125 0.286865234375
0.0268840789794922 -0.0206432342529297 -0.27423095703125 0.1004638671875
0.00593709945678711 -0.00364112854003906 -0.326629638671875 -0.31298828125
0.00232410430908203 0.0106372833251953 0.0224609375 -0.6490478515625
-0.0399932861328125 0.0213890075683594 0.70538330078125 -0.35675048828125
-0.0671882629394531 -0.0217170715332031 0.8480224609375 0.44378662109375
0.0106315612792969 -0.0610618591308594 0.21331787109375 0.67584228515625
0.0535202026367187 -0.0586433410644531 0.0140533447265625 0.139122009277344
0.0199851989746094 -0.0511398315429688 -0.03082275390625 -0.6024169921875
-0.0324592590332031 -0.0399856567382812 -0.7120361328125 -0.6378173828125
-0.048248291015625 -0.0152549743652344 -0.8536376953125 0.27215576171875
-0.0211639404296875 0.00142478942871094 -0.1422119140625 0.7119140625
0.000879049301147461 -0.00424623489379883 0.308563232421875 0.426422119140625
0.0156993865966797 0.00693702697753906 0.332977294921875 -0.07928466796875
0.0229701995849609 -0.0103263854980469 0.145416259765625 -0.331634521484375
0.009552001953125 -0.0221633911132813 -0.05474853515625 0.288909912109375
0.0172901153564453 -0.0253944396972656 -0.273757934570313 0.11029052734375
-0.000688552856445311 -0.0188121795654297 -0.3359375 -0.295623779296875
0.00846958160400391 -0.0101137161254883 -0.00384521484375 -0.641357421875
-0.0212306976318359 0.0129871368408203 0.68756103515625 -0.38726806640625
-0.0511054992675781 -0.00617218017578126 0.86566162109375 0.40289306640625
0.00663375854492188 -0.0309734344482422 0.238525390625 0.669677734375
0.0312004089355469 -0.027008056640625 0.01593017578125 0.151504516601562
0.0134067535400391 -0.0207901000976563 -0.00872802734374995 -0.59796142578125
-0.0164775848388672 -0.0237751007080078 -0.68475341796875 -0.67041015625
-0.0258407592773437 -0.0229282379150391 -0.8668212890625 0.2308349609375
-0.0130825042724609 -0.0198955535888672 -0.1712646484375 0.7113037109375
0.000406265258789062 -0.0205554962158203 0.29119873046875 0.4473876953125
0.00723028182983398 -0.000344753265380859 0.331298828125 -0.06378173828125
0.0168886184692383 -0.00935745239257813 0.147430419921875 -0.328857421875
0.003875732421875 -0.0195426940917969 -0.0584716796875 0.2899169921875
0.00736236572265625 -0.0275421142578125 -0.275985717773438 0.11895751953125
-0.00746536254882813 -0.0315227508544922 -0.342254638671875 -0.283966064453125
0.0138778686523437 -0.0287342071533203 -0.0193481445312501 -0.636474609375
-0.00136303901672363 0.00386619567871094 0.67828369140625 -0.40118408203125
-0.0317821502685547 0.00625991821289063 0.873291015625 0.380859375
0.00768280029296875 -0.00138711929321289 0.25262451171875 0.65936279296875
0.00943756103515625 0.00607204437255859 0.02239990234375 0.148605346679688
0.00768852233886719 0.0110940933227539 0.00720214843749998 -0.6029052734375
-6.24656677246092E-05 -0.00646162033081055 -0.666748046875 -0.69647216796875
-0.00188636779785157 -0.0266609191894531 -0.87109375 0.210693359375
-0.00398635864257812 -0.0379142761230469 -0.19073486328125 0.7081298828125
-0.000541687011718752 -0.0353431701660156 0.27740478515625 0.45599365234375
-0.000767707824707031 -0.00683832168579102 0.3260498046875 -0.05377197265625
0.0103578567504883 -0.00733184814453125 0.14044189453125 -0.324798583984375
-0.0028533935546875 -0.0182304382324219 -0.0670166015625 0.292510986328125
-0.000547409057617189 -0.0278663635253906 -0.283172607421875 0.121856689453125
-0.0130271911621094 -0.0396385192871094 -0.347137451171875 -0.283966064453125
0.0187835693359375 -0.0417556762695313 -0.0213623046875 -0.63482666015625
0.0134067535400391 -0.00368404388427734 0.67999267578125 -0.399169921875
-0.0141172409057617 0.015899658203125 0.8731689453125 0.3763427734375
0.0103473663330078 0.0254440307617188 0.25213623046875 0.64483642578125
-0.00793838500976563 0.0365142822265625 0.0326461791992188 0.133247375488281
0.003814697265625 0.0393562316894531 0.01104736328125 -0.61700439453125
0.0149497985839844 0.00850296020507813 -0.66607666015625 -0.70098876953125
0.0188922882080078 -0.0295219421386719 -0.86822509765625 0.2081298828125
0.00469970703125 -0.0503616333007813 -0.19171142578125 0.70556640625
-0.000915527343749997 -0.0442428588867188 0.269012451171875 0.45648193359375
-0.00784778594970703 -0.0106124877929688 0.318450927734375 -0.051025390625
0.00479412078857422 -0.00679683685302734 0.13153076171875 -0.322357177734375
-0.00572872161865235 -0.0165672302246094 -0.075927734375 0.29486083984375
-0.00471878051757813 -0.0275096893310547 -0.291595458984375 0.1192626953125
-0.0162544250488281 -0.0403518676757813 -0.350067138671875 -0.292572021484375
0.0232391357421875 -0.0463218688964844 -0.00811767578125006 -0.63848876953125
0.0261783599853516 -0.00692367553710938 0.69427490234375 -0.38494873046875
0.000627517700195312 0.0228080749511719 0.86468505859375 0.3941650390625
0.0135726928710938 0.0436782836914063 0.24420166015625 0.62969970703125
-0.0182647705078125 0.0591888427734375 0.0450439453125 0.105972290039063
0.00365447998046874 0.0595054626464844 0.0037841796875 -0.64208984375
0.028076171875 0.0171279907226563 -0.68634033203125 -0.69049072265625
0.0330257415771484 -0.0313053131103516 -0.85943603515625 0.22894287109375
0.00950241088867187 -0.0553550720214844 -0.1761474609375 0.7054443359375
-0.00374984741210937 -0.0472183227539063 0.2705078125 0.44415283203125
-0.0130071640014648 -0.0120010375976563 0.308074951171875 -0.055450439453125
0.000758171081542968 -0.0059051513671875 0.1156005859375 -0.320770263671875
0.0231513977050781 -0.0298309326171875 -0.079986572265625 0.288238525390625
0.0406837463378906 -0.00440597534179688 -0.294219970703125 0.062408447265625
0.0121269226074219 0.0422019958496094 -0.304656982421875 -0.38043212890625
-0.0179786682128906 0.0602149963378906 0.120849609375 -0.66314697265625
-0.075592041015625 0.0291976928710938 0.77667236328125 -0.239013671875
-0.0756149291992188 -0.0622177124023438 0.77264404296875 0.57916259765625
0.0369186401367187 -0.107688903808594 0.12872314453125 0.64898681640625
0.093017578125 -0.0980606079101562 0.0360984802246094 0.0456657409667969
0.0260162353515625 -0.0938949584960938 -0.12469482421875 -0.6483154296875
-0.0556716918945312 -0.0576210021972656 -0.82269287109375 -0.49951171875
-0.0742340087890625 0.01324462890625 -0.773681640625 0.42498779296875
-0.0219192504882813 0.0517730712890625 -0.01690673828125 0.70068359375
0.00678634643554687 0.0344753265380859 0.35284423828125 0.34051513671875
0.0300865173339844 0.020965576171875 0.311676025390625 -0.1328125
0.0309085845947266 -0.0171127319335938 0.113616943359375 -0.339630126953125
0.0220088958740234 -0.028533935546875 -0.066192626953125 0.2872314453125
0.0393486022949219 -0.0103340148925781 -0.285675048828125 0.076019287109375
0.0133438110351562 0.0308246612548828 -0.312744140625 -0.3587646484375
-0.01220703125 0.0488662719726562 0.0867919921874999 -0.66033935546875
-0.070556640625 0.030120849609375 0.7542724609375 -0.28131103515625
-0.0815353393554688 -0.0527725219726563 0.80401611328125 0.5360107421875
0.0262451171875 -0.104156494140625 0.157470703125 0.66607666015625
0.0873031616210937 -0.0977935791015625 0.0255889892578125 0.0820388793945313
0.0250091552734375 -0.0914459228515625 -0.097412109375 -0.6304931640625
-0.0545539855957031 -0.0571556091308594 -0.79376220703125 -0.54315185546875
-0.074859619140625 0.006072998046875 -0.80316162109375 0.38116455078125
-0.0254287719726563 0.0396156311035156 -0.0550537109375001 0.7081298828125
0.00529861450195312 0.0253543853759766 0.34503173828125 0.367431640625
0.0279445648193359 0.0177707672119141 0.32159423828125 -0.119110107421875
0.0293750762939453 -0.0145225524902344 0.12353515625 -0.33917236328125
0.0187301635742188 -0.0271568298339844 -0.0577392578125 0.288177490234375
0.0349483489990234 -0.0166721343994141 -0.278045654296875 0.0909271240234375
0.0107669830322266 0.0148792266845703 -0.3232421875 -0.333404541015625
-0.005401611328125 0.0316162109375 0.04827880859375 -0.65533447265625
-0.0578422546386719 0.0278167724609375 0.72930908203125 -0.32708740234375
-0.0782852172851563 -0.0389251708984375 0.83367919921875 0.48529052734375
0.0170974731445312 -0.0867691040039063 0.18951416015625 0.67608642578125
0.0732040405273438 -0.0840835571289063 0.01849365234375 0.11578369140625
0.0228424072265625 -0.0757522583007813 -0.0657348632812499 -0.61334228515625
-0.0461044311523438 -0.0521316528320312 -0.75677490234375 -0.58953857421875
-0.0664634704589844 -0.00435256958007813 -0.83087158203125 0.3297119140625
-0.0253887176513672 0.0228481292724609 -0.095458984375 0.71392822265625
0.00378513336181641 0.0128650665283203 0.33251953125 0.39715576171875
0.0227489471435547 0.0126152038574219 0.329345703125 -0.101715087890625
0.0277652740478516 -0.0133342742919922 0.13507080078125 -0.337677001953125
0.0138339996337891 -0.0256156921386719 -0.05291748046875 0.28863525390625
0.0270347595214844 -0.0221366882324219 -0.274246215820313 0.105224609375
0.00638246536254883 -0.00287914276123047 -0.332855224609375 -0.31097412109375
0.00259590148925781 0.0105266571044922 0.01446533203125 -0.6519775390625
-0.0406875610351563 0.0218238830566406 0.70391845703125 -0.36627197265625
-0.067718505859375 -0.0216941833496094 0.858154296875 0.43475341796875
0.00962066650390625 -0.0617141723632813 0.22088623046875 0.676513671875
0.0532608032226562 -0.0597686767578125 0.0154800415039062 0.139961242675781
0.0191612243652344 -0.0510177612304688 -0.0380859375000001 -0.60205078125
-0.0325088500976563 -0.0401496887207031 -0.72088623046875 -0.631591796875
-0.0488739013671875 -0.0142555236816406 -0.85455322265625 0.28125
-0.0216121673583984 0.00123786926269531 -0.1324462890625 0.71661376953125
0.00132179260253906 -0.00440073013305664 0.314971923828125 0.42413330078125
0.0156011581420898 0.00635623931884766 0.332550048828125 -0.083587646484375
0.0227794647216797 -0.0112380981445313 0.142242431640625 -0.33526611328125
0.00867843627929687 -0.0232334136962891 -0.052276611328125 0.290740966796875
0.0181350708007812 -0.0259723663330078 -0.272369384765625 0.116165161132812
-2.28881835937517E-05 -0.018951416015625 -0.3411865234375 -0.292144775390625
0.00861835479736328 -0.0103950500488281 -0.01123046875 -0.64495849609375
-0.0211505889892578 0.0130729675292969 0.68560791015625 -0.39764404296875
-0.0516166687011719 -0.0057373046875 0.87322998046875 0.39337158203125
0.00611114501953125 -0.0315456390380859 0.24609375 0.668701171875
0.0308742523193359 -0.0278034210205078 0.0172576904296875 0.153335571289063
0.0134048461914062 -0.0216197967529297 -0.0147705078125 -0.5987548828125
-0.0166168212890625 -0.0237674713134766 -0.693603515625 -0.66571044921875
-0.0258979797363281 -0.0224723815917969 -0.86785888671875 0.24127197265625
-0.0130691528320312 -0.01953125 -0.16461181640625 0.71685791015625
0.000389099121093749 -0.0211391448974609 0.298126220703125 0.4454345703125
0.00824785232543945 -0.000534534454345703 0.331695556640625 -0.068878173828125
0.0165958404541016 -0.0106182098388672 0.143585205078125 -0.332275390625
0.00311660766601563 -0.0206089019775391 -0.0557861328125 0.29290771484375
0.00846481323242187 -0.0284519195556641 -0.275634765625 0.12408447265625
-0.00787353515625 -0.0312938690185547 -0.346771240234375 -0.28240966796875
0.0141239166259766 -0.028350830078125 -0.0263671875 -0.6395263671875
-0.00159454345703125 0.00304341316223144 0.67529296875 -0.40972900390625
-0.0322055816650391 0.00630378723144532 0.8790283203125 0.370849609375
0.00644207000732422 -0.00124835968017578 0.2591552734375 0.65869140625
0.00971317291259766 0.00575923919677734 0.02301025390625 0.149673461914063
0.00785541534423828 0.0111722946166992 6.1035156250033E-05 -0.6038818359375
0.000143051147460938 -0.00571680068969727 -0.67681884765625 -0.6881103515625
-0.00284385681152344 -0.0269889831542969 -0.87188720703125 0.220947265625
-0.00411605834960937 -0.0380477905273437 -0.18084716796875 0.71331787109375
-0.000480651855468752 -0.0352401733398438 0.28363037109375 0.45458984375
-0.000574111938476563 -0.00712013244628906 0.326385498046875 -0.05865478515625
0.0101404190063477 -0.00812435150146484 0.136749267578125 -0.327484130859375
-0.00205421447753906 -0.0183963775634766 -0.064117431640625 0.29425048828125
-3.81469726562514E-05 -0.0287208557128906 -0.281036376953125 0.125900268554687
-0.013153076171875 -0.0389137268066406 -0.351776123046875 -0.281951904296875
0.0188064575195313 -0.0408401489257813 -0.0262451171875 -0.638671875
0.0138950347900391 -0.00381946563720703 0.67889404296875 -0.4085693359375
-0.0130329132080078 0.0159292221069336 0.88055419921875 0.368896484375
0.0101661682128906 0.0244846343994141 0.25946044921875 0.644287109375
-0.00774002075195313 0.0359344482421875 0.0335540771484375 0.133811950683594
0.00428009033203125 0.0392913818359375 0.00500488281249993 -0.6199951171875
0.0155401229858398 0.00891208648681641 -0.6751708984375 -0.6962890625
0.0186519622802734 -0.0301342010498047 -0.86871337890625 0.218505859375
0.00427627563476563 -0.04998779296875 -0.18255615234375 0.711669921875
-0.00109481811523438 -0.044189453125 0.276763916015625 0.455841064453125
-0.00687789916992188 -0.0109024047851563 0.318603515625 -0.05535888671875
0.00461816787719727 -0.00732326507568359 0.127716064453125 -0.325164794921875
-0.00723075866699219 -0.0179080963134766 -0.0736083984375 0.295989990234375
-0.00514602661132813 -0.0283927917480469 -0.290618896484375 0.1240234375
-0.016143798828125 -0.041259765625 -0.354156494140625 -0.289886474609375
0.0232582092285156 -0.0462532043457031 -0.01556396484375 -0.642822265625
0.0259284973144531 -0.00657844543457031 0.6943359375 -0.39312744140625
0.000856399536132812 0.0216846466064453 0.87237548828125 0.384765625
0.0133514404296875 0.0431556701660156 0.2506103515625 0.62939453125
-0.0169754028320313 0.059539794921875 0.0455780029296875 0.106391906738281
0.00470733642578124 0.0590400695800781 -0.00427246093750001 -0.64129638671875
0.0287799835205078 0.0168190002441406 -0.694580078125 -0.685791015625
0.0325927734375 -0.0321197509765625 -0.85870361328125 0.24041748046875
0.00837326049804688 -0.0554084777832031 -0.16876220703125 0.7103271484375
-0.00310897827148438 -0.0460662841796875 0.277374267578125 0.443359375
-0.0125284194946289 -0.0126447677612305 0.3082275390625 -0.059478759765625
0.000927448272705078 -0.00545358657836914 0.113433837890625 -0.3233642578125
0.0222969055175781 -0.0313625335693359 -0.076324462890625 0.290740966796875
0.0408973693847656 -0.00562286376953125 -0.294158935546875 0.067291259765625
0.0137405395507812 0.0427207946777344 -0.31134033203125 -0.378631591796875
-0.0166664123535156 0.0607681274414063 0.11322021484375 -0.6669921875
-0.0754623413085938 0.0300216674804688 0.7745361328125 -0.2481689453125
-0.0775833129882812 -0.0615692138671875 0.78179931640625 0.57257080078125
0.0348968505859375 -0.108924865722656 0.1356201171875 0.6485595703125
0.0928573608398438 -0.0995864868164063 0.0366783142089844 0.046844482421875
0.0250015258789063 -0.0940704345703125 -0.132080078125 -0.6474609375
-0.05645751953125 -0.0570602416992187 -0.8302001953125 -0.48931884765625
-0.0748519897460937 0.0149459838867187 -0.77239990234375 0.43597412109375
-0.0215873718261719 0.0516395568847656 -0.00927734374999996 0.70281982421875
0.00752449035644531 0.0350112915039063 0.358306884765625 0.336944580078125
0.0308208465576172 0.0199375152587891 0.310150146484375 -0.136810302734375
0.0304355621337891 -0.0173244476318359 0.1092529296875 -0.3414306640625
0.0208053588867188 -0.0290679931640625 -0.062591552734375 0.288665771484375
0.0395660400390625 -0.0124092102050781 -0.2833251953125 0.08111572265625
0.0136547088623047 0.0310707092285156 -0.318145751953125 -0.356475830078125
-0.011444091796875 0.0497322082519531 0.07696533203125 -0.66363525390625
-0.0710983276367188 0.030303955078125 0.75238037109375 -0.29290771484375
-0.0823440551757813 -0.052581787109375 0.81170654296875 0.52825927734375
0.025146484375 -0.104728698730469 0.16583251953125 0.6661376953125
0.086334228515625 -0.099395751953125 0.0268020629882813 0.0839767456054688
0.024627685546875 -0.0912704467773438 -0.1055908203125 -0.6307373046875
-0.055084228515625 -0.0562782287597656 -0.80120849609375 -0.5350341796875
-0.0753402709960938 0.0075836181640625 -0.80120849609375 0.392578125
-0.0252838134765625 0.0412445068359375 -0.043701171875 0.71246337890625
0.005950927734375 0.0262413024902344 0.3505859375 0.364288330078125
0.0293388366699219 0.0170059204101563 0.31976318359375 -0.123291015625
0.0303707122802734 -0.014923095703125 0.11968994140625 -0.341461181640625
0.0184459686279297 -0.0288047790527344 -0.054443359375 0.290252685546875
0.0347652435302734 -0.0175228118896484 -0.277328491210938 0.0959014892578125
0.011927604675293 0.0137844085693359 -0.328521728515625 -0.33050537109375
-0.00469589233398437 0.03240966796875 0.04071044921875 -0.65948486328125
-0.0579071044921875 0.0282363891601563 0.72686767578125 -0.3359375
-0.0789871215820313 -0.0378799438476563 0.8397216796875 0.476806640625
0.01519775390625 -0.0879669189453125 0.19549560546875 0.675048828125
0.0715484619140625 -0.0854644775390625 0.0196685791015625 0.117279052734375
0.0224533081054688 -0.0761260986328125 -0.0728759765625 -0.6126708984375
-0.0463447570800781 -0.0508537292480469 -0.7652587890625 -0.58282470703125
-0.0664596557617187 -0.00267028808593751 -0.82952880859375 0.3416748046875
-0.0254707336425781 0.0233821868896484 -0.0835571289062501 0.71820068359375
0.00333213806152344 0.0124540328979492 0.339141845703125 0.395721435546875
0.0237464904785156 0.0119972229003906 0.328094482421875 -0.106414794921875
0.0268974304199219 -0.0137844085693359 0.131134033203125 -0.341094970703125
0.0136165618896484 -0.0265312194824219 -0.0494384765625 0.290985107421875
0.0272045135498047 -0.0230751037597656 -0.272537231445312 0.109573364257813
0.00704765319824219 -0.00285243988037109 -0.336700439453125 -0.30859375
0.0028228759765625 0.0109462738037109 0.00738525390625003 -0.65325927734375
-0.04052734375 0.0217361450195313 0.7025146484375 -0.37725830078125
-0.0682144165039063 -0.0215797424316406 0.864013671875 0.425537109375
0.00899124145507813 -0.0623817443847656 0.22821044921875 0.67474365234375
0.0523452758789063 -0.0604476928710938 0.017547607421875 0.140960693359375
0.0183906555175781 -0.0526847839355469 -0.04241943359375 -0.60302734375
-0.032958984375 -0.0392990112304687 -0.73046875 -0.62432861328125
-0.0492515563964844 -0.0132865905761719 -0.8507080078125 0.2919921875
-0.0212821960449219 0.00148963928222656 -0.12481689453125 0.7196044921875
0.00176024436950684 -0.00357270240783691 0.321136474609375 0.422821044921875
0.0165472030639648 0.00607585906982422 0.3321533203125 -0.0880126953125
0.0230159759521484 -0.0119247436523437 0.137420654296875 -0.337860107421875
0.00802230834960937 -0.0249748229980469 -0.048797607421875 0.292449951171875
0.0174732208251953 -0.0270748138427734 -0.271087646484375 0.120498657226562
0.000221252441406252 -0.0189571380615234 -0.345947265625 -0.289794921875
0.00874805450439453 -0.00982379913330078 -0.01824951171875 -0.6461181640625
-0.0209102630615234 0.0129814147949219 0.68206787109375 -0.40643310546875
-0.0507583618164063 -0.00548553466796875 0.87908935546875 0.3819580078125
0.00525283813476562 -0.0324840545654297 0.2515869140625 0.667236328125
0.0300445556640625 -0.0281963348388672 0.0189056396484375 0.153366088867188
0.0128746032714844 -0.0208053588867188 -0.0213623046875 -0.5982666015625
-0.0160846710205078 -0.0228424072265625 -0.70196533203125 -0.65850830078125
-0.0267124176025391 -0.0213298797607422 -0.86566162109375 0.25543212890625
-0.0138835906982422 -0.0195255279541016 -0.15374755859375 0.72021484375
0.000772476196289064 -0.0206928253173828 0.30535888671875 0.443084716796875
0.00849342346191406 -0.00107288360595703 0.33123779296875 -0.07257080078125
0.0167331695556641 -0.00980281829833984 0.13995361328125 -0.334869384765625
0.00208854675292969 -0.02117919921875 -0.051788330078125 0.29400634765625
0.00838088989257812 -0.0292892456054688 -0.274337768554688 0.128036499023437
-0.00765419006347656 -0.0312099456787109 -0.353179931640625 -0.279022216796875
0.0130500793457031 -0.0287151336669922 -0.03369140625 -0.6419677734375
-0.00178885459899902 0.00301837921142578 0.67327880859375 -0.4210205078125
-0.0315837860107422 0.00673294067382813 0.888427734375 0.359619140625
0.00651931762695313 -0.00121545791625977 0.26531982421875 0.656982421875
0.0094757080078125 0.00593852996826172 0.024627685546875 0.15032958984375
0.00800228118896485 0.0116291046142578 -0.00604248046875 -0.604248046875
0.000684738159179688 -0.00596714019775391 -0.6854248046875 -0.68206787109375
-0.00330734252929687 -0.0271072387695313 -0.870849609375 0.23223876953125
-0.00478363037109375 -0.0384025573730469 -0.17425537109375 0.718505859375
-0.00121498107910156 -0.0341300964355469 0.290313720703125 0.452667236328125
-3.19480895996092E-05 -0.00695562362670898 0.326690673828125 -0.0626220703125
0.0106906890869141 -0.00847053527832031 0.133392333984375 -0.3309326171875
-0.00354957580566406 -0.0195274353027344 -0.059906005859375 0.296478271484375
0.000574111938476565 -0.0296630859375 -0.280624389648438 0.1314697265625
-0.0129585266113281 -0.0380592346191406 -0.356689453125 -0.277984619140625
0.0181236267089844 -0.040863037109375 -0.03546142578125 -0.6402587890625
0.0147266387939453 -0.00364589691162109 0.67535400390625 -0.4197998046875
-0.0132274627685547 0.0161190032958984 0.88580322265625 0.35845947265625
0.00979423522949219 0.0249691009521484 0.2679443359375 0.642333984375
-0.00811767578125 0.0361366271972656 0.0343093872070313 0.134490966796875
0.00450897216796875 0.0389518737792969 -0.00103759765625 -0.618896484375
0.0165882110595703 0.00866508483886719 -0.684814453125 -0.6888427734375
0.0181293487548828 -0.0303916931152344 -0.86737060546875 0.2296142578125
0.00287628173828125 -0.0504302978515625 -0.174560546875 0.71661376953125
-0.00180816650390625 -0.0435409545898437 0.28436279296875 0.453948974609375
-0.0065765380859375 -0.0110340118408203 0.317657470703125 -0.05999755859375
0.00394582748413086 -0.00701618194580078 0.1240234375 -0.32806396484375
-0.00722885131835938 -0.0186538696289063 -0.07012939453125 0.298248291015625
-0.00533294677734375 -0.0292396545410156 -0.289398193359375 0.12933349609375
-0.0164222717285156 -0.0402107238769531 -0.358917236328125 -0.2872314453125
0.0225677490234375 -0.0458412170410156 -0.02276611328125 -0.64434814453125
0.0257225036621094 -0.00690078735351562 0.6905517578125 -0.40252685546875
0.00149154663085937 0.0219001770019531 0.879638671875 0.375244140625
0.0131607055664063 0.0425643920898438 0.258056640625 0.62744140625
-0.0174522399902344 0.0595741271972656 0.0468292236328125 0.106956481933594
0.00451278686523437 0.05908203125 -0.0101318359375 -0.64166259765625
0.0293312072753906 0.0168800354003906 -0.70379638671875 -0.67999267578125
0.0326137542724609 -0.0319747924804688 -0.85980224609375 0.2508544921875
0.00846099853515625 -0.0548019409179688 -0.15777587890625 0.71466064453125
-0.00407028198242187 -0.0457534790039063 0.283203125 0.442230224609375
-0.0120077133178711 -0.011958122253418 0.30743408203125 -0.063446044921875
-4.1007995605469E-05 -0.00649785995483398 0.1092529296875 -0.325836181640625
0.0214653015136719 -0.0326290130615234 -0.071929931640625 0.292633056640625
0.0409889221191406 -0.00754165649414062 -0.29351806640625 0.07293701171875
0.0157241821289063 0.0426177978515625 -0.317138671875 -0.376190185546875
-0.0164604187011719 0.06182861328125 0.104736328125 -0.67022705078125
-0.0753021240234375 0.0312042236328125 0.7713623046875 -0.257568359375
-0.077667236328125 -0.0609893798828125 0.7890625 0.5596923828125
0.03302001953125 -0.110099792480469 0.14215087890625 0.64678955078125
0.0911865234375 -0.101165771484375 0.0373497009277344 0.0476608276367187
0.0235671997070313 -0.0946426391601563 -0.13995361328125 -0.64532470703125
-0.05645751953125 -0.0558547973632813 -0.83685302734375 -0.481201171875
-0.0749053955078125 0.0168533325195313 -0.7667236328125 0.44683837890625
-0.0214614868164063 0.0532684326171875 0.000854492187499927 0.7044677734375
0.00766754150390625 0.0342140197753906 0.36358642578125 0.33251953125
0.0309543609619141 0.0196876525878906 0.308319091796875 -0.14141845703125
0.0296230316162109 -0.0184726715087891 0.10504150390625 -0.3433837890625
0.0201282501220703 -0.030731201171875 -0.05816650390625 0.290802001953125
0.0398674011230469 -0.0134696960449219 -0.28271484375 0.085693359375
0.015533447265625 0.0306015014648437 -0.323822021484375 -0.35107421875
-0.0107498168945313 0.050445556640625 0.07000732421875 -0.66552734375
-0.0703125 0.0312347412109375 0.750732421875 -0.30218505859375
-0.08343505859375 -0.0520477294921875 0.82183837890625 0.518310546875
0.0230712890625 -0.105400085449219 0.17156982421875 0.6651611328125
0.08465576171875 -0.099945068359375 0.0278244018554688 0.084747314453125
0.0232925415039062 -0.0923309326171875 -0.11077880859375 -0.6280517578125
-0.05487060546875 -0.0558090209960937 -0.80718994140625 -0.52435302734375
-0.0755081176757813 0.00894165039062502 -0.79754638671875 0.40234375
-0.0248603820800781 0.0419731140136719 -0.0352172851562499 0.713623046875
0.00654983520507812 0.0265865325927734 0.356231689453125 0.359100341796875
0.0288581848144531 0.0164947509765625 0.318267822265625 -0.12762451171875
0.0294055938720703 -0.0165138244628906 0.11572265625 -0.343994140625
0.0172939300537109 -0.0303077697753906 -0.05029296875 0.29058837890625
0.0351524353027344 -0.0191841125488281 -0.275497436523438 0.100387573242187
0.0129232406616211 0.0145339965820313 -0.332733154296875 -0.32586669921875
-0.00382232666015625 0.0328025817871094 0.03167724609375 -0.6614990234375
-0.0569915771484375 0.0287437438964844 0.72381591796875 -0.3472900390625
-0.0796127319335938 -0.0367584228515625 0.846923828125 0.466064453125
0.0140838623046875 -0.0886459350585938 0.20306396484375 0.67120361328125
0.0700759887695313 -0.08642578125 0.0206832885742187 0.118263244628906
0.0211257934570312 -0.07708740234375 -0.0808105468750001 -0.61077880859375
-0.0463638305664063 -0.0494880676269531 -0.77197265625 -0.57049560546875
-0.0667190551757812 -0.00133514404296875 -0.825439453125 0.35247802734375
-0.0261306762695313 0.0238399505615234 -0.0759887695312501 0.72039794921875
0.00360202789306641 0.0129060745239258 0.343902587890625 0.391448974609375
0.0244770050048828 0.0115432739257813 0.326507568359375 -0.110443115234375
0.0275402069091797 -0.0139865875244141 0.126953125 -0.3427734375
0.0129203796386719 -0.0273895263671875 -0.04473876953125 0.291412353515625
0.0270595550537109 -0.0242786407470703 -0.271209716796875 0.114532470703125
0.00772905349731445 -0.00353813171386719 -0.3421630859375 -0.303680419921875
0.00340747833251953 0.0111236572265625 -0.00164794921875003 -0.65496826171875
-0.0410385131835938 0.0226249694824219 0.69757080078125 -0.3875732421875
-0.0681800842285156 -0.0203285217285156 0.8701171875 0.41436767578125
0.00687408447265624 -0.0629501342773438 0.2352294921875 0.67144775390625
0.0510520935058594 -0.0611572265625 0.0186614990234375 0.141937255859375
0.0182952880859375 -0.0524482727050781 -0.0521240234375 -0.6025390625
-0.0323677062988281 -0.0384788513183594 -0.73687744140625 -0.61529541015625
-0.0495567321777344 -0.0128211975097656 -0.8487548828125 0.30462646484375
-0.021697998046875 0.00169754028320313 -0.1134033203125 0.72271728515625
0.00117611885070801 -0.00364542007446289 0.32696533203125 0.418487548828125
0.0161418914794922 0.00577735900878906 0.33123779296875 -0.0928955078125
0.0218868255615234 -0.0119361877441406 0.13311767578125 -0.340423583984375
0.00752639770507813 -0.0257968902587891 -0.044464111328125 0.292938232421875
0.0170860290527344 -0.028411865234375 -0.269973754882813 0.125991821289063
0.000391006469726562 -0.01885986328125 -0.3505859375 -0.28509521484375
0.00881290435791016 -0.00958538055419922 -0.02716064453125 -0.6478271484375
-0.0207424163818359 0.0136356353759766 0.677490234375 -0.4158935546875
-0.05078125 -0.00527954101562501 0.884033203125 0.3717041015625
0.00428199768066406 -0.0328655242919922 0.25921630859375 0.6651611328125
0.0294704437255859 -0.0280590057373047 0.0210418701171875 0.153182983398438
0.0130367279052734 -0.0215377807617188 -0.02728271484375 -0.59625244140625
-0.0159053802490234 -0.0227584838867187 -0.7105712890625 -0.6494140625
-0.0275020599365234 -0.0212898254394531 -0.8642578125 0.26507568359375
-0.0151767730712891 -0.019683837890625 -0.14532470703125 0.72314453125
-0.00013542175292969 -0.0202426910400391 0.31231689453125 0.439727783203125
0.00843286514282227 -0.000677585601806641 0.33038330078125 -0.0767822265625
0.0158147811889648 -0.0106391906738281 0.134063720703125 -0.3365478515625
0.00136566162109375 -0.0235862731933594 -0.048004150390625 0.29461669921875
0.008209228515625 -0.0300884246826172 -0.271820068359375 0.133499145507812
-0.00739479064941406 -0.0310955047607422 -0.356597900390625 -0.27642822265625
0.0130424499511719 -0.0282516479492187 -0.041748046875 -0.64349365234375
-0.00235152244567871 0.00342750549316406 0.66796875 -0.42987060546875
-0.0315093994140625 0.00744819641113282 0.89263916015625 0.349609375
0.00597000122070313 -0.00161123275756836 0.27264404296875 0.6531982421875
0.00881481170654297 0.00550460815429688 0.0269622802734375 0.151229858398438
0.00847625732421875 0.010655403137207 -0.0130615234375 -0.60382080078125
0.0002288818359375 -0.00519609451293945 -0.6910400390625 -0.67486572265625
-0.00345039367675781 -0.0264873504638672 -0.86865234375 0.24407958984375
-0.00582122802734375 -0.0382308959960938 -0.16455078125 0.72247314453125
-0.00176620483398437 -0.0342845916748047 0.29730224609375 0.450103759765625
2.57492065429688E-05 -0.00779342651367188 0.324859619140625 -0.066558837890625
0.00976943969726563 -0.00919628143310547 0.129180908203125 -0.332916259765625
-0.00380134582519531 -0.0214214324951172 -0.055938720703125 0.297271728515625
0.000202178955078123 -0.0301914215087891 -0.278274536132813 0.135086059570312
-0.0131645202636719 -0.0376052856445312 -0.360504150390625 -0.2734375
0.0178604125976563 -0.0404090881347656 -0.042236328125 -0.640869140625
0.0138034820556641 -0.00470447540283203 0.67047119140625 -0.427734375
-0.0127935409545898 0.0163936614990234 0.891845703125 0.3470458984375
0.00954627990722656 0.0233039855957031 0.2740478515625 0.638427734375
-0.00698089599609375 0.0365447998046875 0.0361404418945312 0.134849548339844
0.00502777099609375 0.0390777587890625 -0.0103759765625 -0.61895751953125
0.0164079666137695 0.00950050354003906 -0.69378662109375 -0.6795654296875
0.0170612335205078 -0.0301055908203125 -0.86456298828125 0.24127197265625
0.00239944458007813 -0.0502357482910156 -0.166015625 0.71881103515625
-0.00290679931640625 -0.0433769226074219 0.291168212890625 0.450469970703125
-0.00721073150634766 -0.0114068984985352 0.316741943359375 -0.06378173828125
0.00328588485717774 -0.00743484497070313 0.11871337890625 -0.329498291015625
-0.00831222534179688 -0.0196399688720703 -0.065948486328125 0.29937744140625
-0.00549507141113282 -0.0299873352050781 -0.28759765625 0.13397216796875
-0.016448974609375 -0.0402259826660156 -0.36376953125 -0.28277587890625
0.0213661193847656 -0.0458259582519531 -0.0305175781250001 -0.64447021484375
0.0255203247070313 -0.00774383544921875 0.68585205078125 -0.41265869140625
0.00127601623535156 0.0218944549560547 0.88446044921875 0.36279296875
0.0137977600097656 0.042755126953125 0.26409912109375 0.62469482421875
-0.0168991088867188 0.0601615905761719 0.0475616455078125 0.106712341308594
0.00567245483398438 0.0593605041503906 -0.01812744140625 -0.64141845703125
0.0298652648925781 0.0167465209960938 -0.712890625 -0.67156982421875
0.0313701629638672 -0.0313835144042969 -0.856201171875 0.2635498046875
0.00683975219726563 -0.0562934875488281 -0.150390625 0.7178955078125
-0.00489425659179687 -0.0457916259765625 0.29058837890625 0.440093994140625
-0.0128021240234375 -0.0116214752197266 0.30694580078125 -0.0672607421875
-0.000101089477539062 -0.00653314590454102 0.104278564453125 -0.327606201171875
0.0203113555908203 -0.0337562561035156 -0.068359375 0.2926025390625
0.0401802062988281 -0.00877761840820313 -0.291412353515625 0.077667236328125
0.0161514282226562 0.0427055358886719 -0.32275390625 -0.3709716796875
-0.0156135559082031 0.0622329711914063 0.09429931640625 -0.671875
-0.0750350952148437 0.0313949584960937 0.76654052734375 -0.2686767578125
-0.0783233642578125 -0.0606613159179688 0.79791259765625 0.550048828125
0.0313034057617187 -0.110404968261719 0.14892578125 0.64471435546875
0.0895919799804688 -0.102203369140625 0.0380325317382813 0.0474967956542969
0.0231857299804688 -0.094818115234375 -0.1468505859375 -0.64117431640625
-0.0567131042480469 -0.0539894104003906 -0.8399658203125 -0.4681396484375
-0.0746841430664063 0.017730712890625 -0.7606201171875 0.4561767578125
-0.0209579467773438 0.0527725219726563 0.0116577148437501 0.70556640625
0.00849151611328124 0.0351943969726562 0.36761474609375 0.327880859375
0.0321464538574219 0.0190391540527344 0.30615234375 -0.145294189453125
0.0292682647705078 -0.019287109375 0.100006103515625 -0.343841552734375
0.0190792083740234 -0.0317268371582031 -0.054656982421875 0.290679931640625
0.0390892028808594 -0.0148239135742188 -0.281402587890625 0.090911865234375
0.0159721374511719 0.0302276611328125 -0.32879638671875 -0.346832275390625
-0.0102882385253906 0.0504302978515625 0.0618896484375 -0.6668701171875
-0.0700263977050781 0.0327262878417969 0.7432861328125 -0.3111572265625
-0.0827407836914063 -0.0514907836914063 0.824951171875 0.5047607421875
0.0222549438476562 -0.106239318847656 0.1790771484375 0.6610107421875
0.082855224609375 -0.101860046386719 0.028778076171875 0.0852432250976562
0.0221786499023438 -0.0926895141601563 -0.11767578125 -0.625244140625
-0.0554313659667969 -0.0541229248046875 -0.8134765625 -0.51348876953125
-0.0757522583007813 0.010223388671875 -0.7904052734375 0.4117431640625
-0.0250053405761719 0.0415534973144531 -0.02374267578125 0.71356201171875
0.00661087036132813 0.0262546539306641 0.36077880859375 0.355438232421875
0.0300178527832031 0.0155658721923828 0.31658935546875 -0.13238525390625
0.0285167694091797 -0.0166549682617188 0.1103515625 -0.345611572265625
0.0160751342773438 -0.0313262939453125 -0.04559326171875 0.292236328125
0.034332275390625 -0.0201225280761719 -0.273391723632813 0.104644775390625
0.0138769149780273 0.0140247344970703 -0.337982177734375 -0.3221435546875
-0.00353431701660156 0.0326862335205078 0.02423095703125 -0.66143798828125
-0.0571327209472656 0.0296859741210938 0.71807861328125 -0.3563232421875
-0.0795059204101563 -0.0366058349609375 0.8514404296875 0.4541015625
0.012298583984375 -0.0892181396484375 0.2113037109375 0.66943359375
0.0684814453125 -0.0878219604492188 0.0216751098632813 0.11773681640625
0.0205230712890625 -0.07684326171875 -0.08770751953125 -0.609619140625
-0.0467147827148437 -0.0486335754394531 -0.77703857421875 -0.562255859375
-0.0668296813964844 -0.000564575195312499 -0.820068359375 0.36181640625
-0.0254287719726563 0.0241146087646484 -0.066162109375 0.7197265625
0.00467205047607422 0.0128545761108398 0.350006103515625 0.38555908203125
0.0252456665039063 0.0104961395263672 0.32501220703125 -0.115081787109375
0.0260181427001953 -0.0151805877685547 0.12054443359375 -0.34625244140625
0.0117588043212891 -0.0291328430175781 -0.039642333984375 0.292694091796875
0.0266189575195313 -0.0259208679199219 -0.267959594726563 0.118621826171875
0.0078125 -0.00216341018676758 -0.34613037109375 -0.299713134765625
0.00340366363525391 0.0113983154296875 -0.0106811523437499 -0.65606689453125
-0.0394783020019531 0.0235328674316406 0.69305419921875 -0.39453125
-0.0681266784667969 -0.0195236206054687 0.87518310546875 0.4024658203125
0.00577163696289062 -0.0631790161132813 0.2425537109375 0.6683349609375
0.0499496459960938 -0.0617713928222656 0.0205535888671875 0.1419677734375
0.0177383422851563 -0.0517463684082031 -0.057861328125 -0.59832763671875
-0.032562255859375 -0.037689208984375 -0.74365234375 -0.60333251953125
-0.0505294799804688 -0.0118865966796875 -0.84423828125 0.31536865234375
-0.0215110778808594 0.00240516662597656 -0.10430908203125 0.7247314453125
0.00178027153015137 -0.00292611122131348 0.33447265625 0.413909912109375
0.0175819396972656 0.00491905212402344 0.328948974609375 -0.0965576171875
0.02130126953125 -0.0131549835205078 0.12799072265625 -0.341949462890625
0.00559616088867188 -0.0267047882080078 -0.04071044921875 0.294158935546875
0.017181396484375 -0.0291881561279297 -0.2674560546875 0.129791259765625
0.0007171630859375 -0.0179309844970703 -0.35418701171875 -0.280731201171875
0.00855255126953125 -0.00982475280761719 -0.0348510742187499 -0.64703369140625
-0.020355224609375 0.0130119323730469 0.67169189453125 -0.42474365234375
-0.0517005920410156 -0.00417327880859376 0.88787841796875 0.359375
0.00350761413574219 -0.0327186584472656 0.26629638671875 0.66162109375
0.0289249420166016 -0.0290927886962891 0.0225982666015625 0.154083251953125
0.0129032135009766 -0.0219612121582031 -0.03607177734375 -0.5948486328125
-0.0159263610839844 -0.0223331451416016 -0.71734619140625 -0.64068603515625
-0.0283775329589844 -0.0195713043212891 -0.8599853515625 0.27557373046875
-0.01531982421875 -0.0194892883300781 -0.1337890625 0.72479248046875
-0.000446319580078123 -0.0202312469482422 0.318939208984375 0.43560791015625
0.00849628448486328 -0.00123977661132813 0.32806396484375 -0.081329345703125
0.0157394409179688 -0.0111560821533203 0.129730224609375 -0.338134765625
0.000217437744140627 -0.0240554809570313 -0.0435791015625 0.295196533203125
0.00747871398925781 -0.0315990447998047 -0.269912719726563 0.137115478515625
-0.00779914855957031 -0.0306205749511719 -0.360137939453125 -0.2691650390625
0.0133171081542969 -0.0283088684082031 -0.0504150390625 -0.64202880859375
-0.0024716854095459 0.00343489646911621 0.66229248046875 -0.43841552734375
-0.0311470031738281 0.00740242004394531 0.8961181640625 0.33697509765625
0.00533866882324219 -0.0023655891418457 0.27899169921875 0.65020751953125
0.00934886932373047 0.00525665283203125 0.027984619140625 0.151901245117188
0.00841903686523438 0.0104007720947266 -0.01971435546875 -0.60076904296875
0.000630855560302735 -0.00496482849121094 -0.70025634765625 -0.66375732421875
-0.00374412536621093 -0.0257854461669922 -0.8651123046875 0.2547607421875
-0.00603103637695312 -0.0376815795898438 -0.15399169921875 0.7232666015625
-0.00185775756835938 -0.0337810516357422 0.303802490234375 0.447296142578125
0.000958442687988281 -0.00713253021240234 0.323760986328125 -0.071197509765625
0.00964832305908203 -0.00934123992919922 0.12396240234375 -0.33428955078125
-0.00502586364746094 -0.0212764739990234 -0.052490234375 0.297576904296875
-0.000141143798828126 -0.03179931640625 -0.276458740234375 0.140228271484375
-0.0128326416015625 -0.0379905700683594 -0.364654541015625 -0.2681884765625
0.017547607421875 -0.0406646728515625 -0.05035400390625 -0.63836669921875
0.0140771865844727 -0.00448799133300781 0.6658935546875 -0.43634033203125
-0.0130720138549805 0.0159025192260742 0.89483642578125 0.33447265625
0.00919342041015625 0.0231971740722656 0.2803955078125 0.6346435546875
-0.00687789916992188 0.0361328125 0.0373687744140625 0.135261535644531
0.00517654418945313 0.0381278991699219 -0.0161743164062499 -0.616943359375
0.0171632766723633 0.00933837890625 -0.69903564453125 -0.6708984375
0.0171375274658203 -0.0296440124511719 -0.86163330078125 0.25244140625
0.00144577026367188 -0.0504264831542969 -0.1544189453125 0.72137451171875
-0.0037841796875 -0.0429191589355469 0.29705810546875 0.447357177734375
-0.00658988952636719 -0.0116891860961914 0.3162841796875 -0.06805419921875
0.0037226676940918 -0.00828361511230469 0.114471435546875 -0.330291748046875
-0.00891494750976563 -0.0210666656494141 -0.062225341796875 0.300811767578125
-0.00539398193359375 -0.0307712554931641 -0.28564453125 0.1380615234375
-0.0163383483886719 -0.0401077270507812 -0.36834716796875 -0.277618408203125
0.0214805603027344 -0.0459365844726563 -0.0405273437499999 -0.64544677734375
0.0249748229980469 -0.00800132751464844 0.68048095703125 -0.42083740234375
0.00132369995117188 0.0214462280273438 0.8890380859375 0.35089111328125
0.0130043029785156 0.0415725708007813 0.270263671875 0.61859130859375
-0.0164642333984375 0.0596694946289062 0.048828125 0.107627868652344
0.00654983520507813 0.0589447021484375 -0.02606201171875 -0.637939453125
0.0302276611328125 0.0167579650878906 -0.71820068359375 -0.65972900390625
0.0307636260986328 -0.0320262908935547 -0.85101318359375 0.27459716796875
0.00604629516601563 -0.0548477172851562 -0.140380859375 0.7203369140625
-0.00540924072265625 -0.0450515747070313 0.29534912109375 0.436248779296875
-0.0118494033813477 -0.0123376846313477 0.30609130859375 -0.071136474609375
-0.000691890716552735 -0.00755023956298828 0.10015869140625 -0.328338623046875
0.0190010070800781 -0.0343093872070313 -0.063323974609375 0.293792724609375
0.0403900146484375 -0.010009765625 -0.2890625 0.0820312500000001
0.0173072814941406 0.0423774719238281 -0.327117919921875 -0.36614990234375
-0.0144119262695313 0.0619239807128906 0.0855712890625 -0.67254638671875
-0.0738449096679687 0.03240966796875 0.76141357421875 -0.27752685546875
-0.0788803100585938 -0.0598068237304688 0.8011474609375 0.53759765625
0.0291366577148438 -0.110298156738281 0.1561279296875 0.6407470703125
0.0875015258789063 -0.102554321289063 0.0389976501464844 0.0480117797851562
0.0217666625976563 -0.095245361328125 -0.15557861328125 -0.635986328125
-0.0567169189453125 -0.0540618896484375 -0.84442138671875 -0.4564208984375
-0.074493408203125 0.0186080932617188 -0.752685546875 0.46661376953125
-0.0198516845703125 0.0530166625976562 0.020263671875 0.70379638671875
0.00894546508789063 0.0353584289550781 0.3704833984375 0.322967529296875
0.0321121215820313 0.0189247131347656 0.302642822265625 -0.148193359375
0.02911376953125 -0.0191078186035156 0.0950927734375 -0.34417724609375
0.0174407958984375 -0.0326061248779297 -0.0494384765625 0.291900634765625
0.03900146484375 -0.0158843994140625 -0.278564453125 0.095184326171875
0.0171890258789063 0.0304965972900391 -0.333099365234375 -0.341033935546875
-0.00902557373046875 0.0500373840332031 0.05230712890625 -0.66510009765625
-0.06988525390625 0.0335578918457031 0.73876953125 -0.31964111328125
-0.0830535888671875 -0.0501174926757812 0.8287353515625 0.49285888671875
0.0199127197265625 -0.106796264648437 0.18585205078125 0.65740966796875
0.0818710327148438 -0.10174560546875 0.0290679931640625 0.0855789184570312
0.0213546752929687 -0.0920562744140625 -0.12603759765625 -0.6199951171875
-0.0544815063476563 -0.0527267456054687 -0.81781005859375 -0.501708984375
-0.0751266479492188 0.0116729736328125 -0.78302001953125 0.423095703125
-0.0239906311035156 0.0423469543457031 -0.01416015625 0.71258544921875
0.00761222839355469 0.0265254974365234 0.36456298828125 0.350494384765625
0.0300216674804688 0.0151138305664063 0.3128662109375 -0.1356201171875
0.0281543731689453 -0.0168647766113281 0.105621337890625 -0.345367431640625
0.0143585205078125 -0.0326900482177734 -0.041900634765625 0.29193115234375
0.0339279174804688 -0.0221366882324219 -0.270584106445313 0.10943603515625
0.0146970748901367 0.0138607025146484 -0.34002685546875 -0.31787109375
-0.00201225280761719 0.0336093902587891 0.0145263671875 -0.6605224609375
-0.0572891235351563 0.0299530029296875 0.7108154296875 -0.36273193359375
-0.0797500610351563 -0.0349197387695312 0.85400390625 0.4400634765625
0.0106964111328125 -0.0891647338867188 0.21600341796875 0.66357421875
0.0673446655273438 -0.0877304077148438 0.02349853515625 0.118537902832031
0.0196380615234375 -0.0777206420898438 -0.0926513671875 -0.60479736328125
-0.0461044311523438 -0.0478782653808594 -0.78131103515625 -0.54913330078125
-0.0668220520019531 0.00030136108398439 -0.813720703125 0.3720703125
-0.0247516632080078 0.0244388580322266 -0.055419921875 0.72119140625
0.00472450256347656 0.0134983062744141 0.354095458984375 0.380462646484375
0.0247211456298828 0.0103187561035156 0.3214111328125 -0.118377685546875
0.0250816345214844 -0.0154819488525391 0.1168212890625 -0.34552001953125
0.0106563568115234 -0.0294857025146484 -0.03668212890625 0.292510986328125
0.0258312225341797 -0.0270919799804688 -0.265762329101563 0.123306274414063
0.00873041152954102 -0.00349521636962891 -0.34954833984375 -0.29327392578125
0.00417423248291016 0.0113916397094727 -0.0201416015625 -0.6546630859375
-0.0400428771972656 0.0233078002929688 0.6864013671875 -0.40380859375
-0.0683212280273438 -0.0186347961425781 0.87774658203125 0.39007568359375
0.00374221801757812 -0.0632743835449219 0.25048828125 0.6639404296875
0.0491600036621094 -0.0618629455566406 0.0221405029296875 0.142593383789062
0.0168914794921875 -0.0526466369628906 -0.06475830078125 -0.595458984375
-0.0323143005371094 -0.0375022888183594 -0.74884033203125 -0.59332275390625
-0.0504531860351563 -0.0109519958496094 -0.8377685546875 0.324951171875
-0.0219058990478516 0.00163078308105469 -0.0952758789062499 0.7244873046875
0.00224971771240234 -0.00305652618408203 0.338348388671875 0.409423828125
0.0168447494506836 0.00418949127197266 0.326934814453125 -0.10101318359375
0.0211353302001953 -0.0131702423095703 0.123565673828125 -0.34320068359375
0.00506401062011719 -0.02740478515625 -0.0360107421875 0.2943115234375
0.0165748596191406 -0.0309734344482422 -0.26483154296875 0.13433837890625
0.000795364379882813 -0.0186595916748047 -0.35723876953125 -0.274871826171875
0.00896263122558594 -0.0091552734375 -0.0445556640624999 -0.64630126953125
-0.0205211639404297 0.013214111328125 0.66644287109375 -0.4327392578125
-0.05133056640625 -0.00382232666015626 0.8895263671875 0.34637451171875
0.00267791748046875 -0.0331096649169922 0.2740478515625 0.6551513671875
0.0283374786376953 -0.0293006896972656 0.023773193359375 0.154006958007813
0.0125236511230469 -0.0215778350830078 -0.04180908203125 -0.59136962890625
-0.0162677764892578 -0.0211982727050781 -0.7215576171875 -0.62945556640625
-0.0282573699951172 -0.0192832946777344 -0.8538818359375 0.28656005859375
-0.0157508850097656 -0.0196876525878906 -0.1243896484375 0.72564697265625
-0.000219345092773439 -0.01983642578125 0.324310302734375 0.42901611328125
0.00918388366699219 -0.00261306762695313 0.32647705078125 -0.085601806640625
0.0148992538452148 -0.0114765167236328 0.125335693359375 -0.33990478515625
-0.000278472900390623 -0.0250911712646484 -0.03948974609375 0.295135498046875
0.00754356384277344 -0.0326080322265625 -0.267181396484375 0.141082763671875
-0.00739669799804688 -0.0308933258056641 -0.36334228515625 -0.264312744140625
0.0124473571777344 -0.0274200439453125 -0.0586547851562499 -0.641357421875
-0.00274229049682617 0.00342202186584473 0.65509033203125 -0.44683837890625
-0.0315990447998047 0.00699043273925781 0.89642333984375 0.32476806640625
0.00507926940917969 -0.00337743759155273 0.283447265625 0.644775390625
0.00866889953613281 0.00508642196655273 0.030364990234375 0.150985717773438
0.00874423980712891 0.0107755661010742 -0.02587890625 -0.59912109375
0.00107908248901367 -0.00403976440429688 -0.7042236328125 -0.65374755859375
-0.00451278686523438 -0.0254535675048828 -0.85870361328125 0.2646484375
-0.00687789916992188 -0.0374221801757813 -0.14398193359375 0.72515869140625
-0.00178718566894531 -0.0337142944335938 0.30963134765625 0.442626953125
0.000889778137207031 -0.00776767730712891 0.32122802734375 -0.07427978515625
0.0085458755493164 -0.00980854034423828 0.11944580078125 -0.33526611328125
-0.00613784790039063 -0.0227298736572266 -0.04754638671875 0.297454833984375
-0.000175476074218749 -0.0323619842529297 -0.273513793945313 0.144302368164063
-0.0136604309082031 -0.0376319885253906 -0.368255615234375 -0.264068603515625
0.0171470642089844 -0.0402984619140625 -0.0591430664062501 -0.63836669921875
0.0137357711791992 -0.00435638427734375 0.657470703125 -0.444580078125
-0.0126457214355469 0.0154943466186523 0.896240234375 0.3218994140625
0.00896263122558594 0.0223617553710938 0.284912109375 0.63055419921875
-0.00717926025390625 0.036224365234375 0.0391006469726563 0.135261535644531
0.00572586059570312 0.0380134582519531 -0.0222167968749999 -0.61322021484375
0.0177173614501953 0.00892829895019531 -0.70458984375 -0.6590576171875
0.01605224609375 -0.0301227569580078 -0.8563232421875 0.2623291015625
0.000434875488281252 -0.050506591796875 -0.14447021484375 0.72161865234375
-0.00373077392578125 -0.0428123474121094 0.30133056640625 0.443695068359375
-0.00630283355712891 -0.0115165710449219 0.313568115234375 -0.072052001953125
0.00311994552612305 -0.00855112075805664 0.1092529296875 -0.33160400390625
-0.00887680053710938 -0.0215034484863281 -0.05841064453125 0.30029296875
-0.00580215454101562 -0.0310115814208984 -0.282501220703125 0.14288330078125
-0.0163116455078125 -0.0393829345703125 -0.3709716796875 -0.271331787109375
0.0216178894042969 -0.0454788208007813 -0.0467529296875001 -0.6436767578125
0.0259647369384766 -0.00904273986816406 0.67431640625 -0.4287109375
0.002044677734375 0.0211753845214844 0.89190673828125 0.3377685546875
0.013153076171875 0.0410919189453125 0.27618408203125 0.614501953125
-0.0159111022949219 0.0593643188476563 0.049774169921875 0.107261657714844
0.00696182250976563 0.0581779479980469 -0.0328979492187501 -0.63580322265625
0.0304679870605469 0.0167274475097656 -0.72515869140625 -0.6500244140625
0.0301551818847656 -0.0320034027099609 -0.844970703125 0.28265380859375
0.00550079345703125 -0.0559349060058594 -0.12982177734375 0.72113037109375
-0.00591278076171875 -0.0449447631835938 0.3011474609375 0.430694580078125
-0.0116395950317383 -0.0125150680541992 0.304046630859375 -0.07489013671875
-0.000380039215087891 -0.00713300704956055 0.09503173828125 -0.329742431640625
0.0169868469238281 -0.0355300903320313 -0.058807373046875 0.29345703125
0.0402488708496094 -0.0120849609375 -0.28619384765625 0.0858154296875
0.018280029296875 0.0421905517578125 -0.33123779296875 -0.360107421875
-0.0124664306640625 0.0622901916503906 0.0777587890625 -0.670166015625
-0.0742950439453125 0.0329971313476562 0.75689697265625 -0.28533935546875
-0.0789794921875 -0.0586166381835938 0.80413818359375 0.5262451171875
0.0276412963867188 -0.110809326171875 0.1614990234375 0.6373291015625
0.0856094360351563 -0.103652954101563 0.0386505126953125 0.0487327575683594
0.0208282470703125 -0.0949249267578125 -0.1597900390625 -0.63226318359375
-0.0558547973632813 -0.053009033203125 -0.84454345703125 -0.4444580078125
-0.074005126953125 0.0201034545898438 -0.7445068359375 0.47161865234375
-0.0197334289550781 0.0532684326171875 0.02911376953125 0.70172119140625
0.0102081298828125 0.0350017547607422 0.3748779296875 0.31890869140625
0.0322628021240234 0.0181350708007813 0.299835205078125 -0.151580810546875
0.0281219482421875 -0.0204315185546875 0.091033935546875 -0.34539794921875
0.0167236328125 -0.0336036682128906 -0.0460205078125 0.291656494140625
0.0382308959960937 -0.0176467895507813 -0.276031494140625 0.0980682373046875
0.0176029205322266 0.0300006866455078 -0.33697509765625 -0.3370361328125
-0.00725936889648438 0.050384521484375 0.043701171875 -0.66552734375
-0.0692520141601563 0.0330276489257812 0.73291015625 -0.3289794921875
-0.0834274291992188 -0.0486984252929687 0.831787109375 0.4803466796875
0.0178298950195313 -0.106063842773438 0.1907958984375 0.6524658203125
0.0793685913085937 -0.103080749511719 0.0301895141601563 0.0855026245117188
0.020843505859375 -0.0925064086914063 -0.131103515625 -0.6156005859375
-0.0552635192871094 -0.0518913269042969 -0.81781005859375 -0.49102783203125
-0.0745697021484375 0.0131378173828125 -0.7767333984375 0.4290771484375
-0.023773193359375 0.0416946411132813 -0.00482177734374997 0.7103271484375
0.00799942016601563 0.0268096923828125 0.36773681640625 0.344970703125
0.0313854217529297 0.0143222808837891 0.310028076171875 -0.1390380859375
0.0271263122558594 -0.0173969268798828 0.1011962890625 -0.345489501953125
0.0137901306152344 -0.0330715179443359 -0.037811279296875 0.292327880859375
0.0335807800292969 -0.0234107971191406 -0.267715454101562 0.112747192382813
0.0145492553710937 0.0137615203857422 -0.34442138671875 -0.311126708984375
-0.00153160095214843 0.0326728820800781 0.00708007812500003 -0.6580810546875
-0.0568618774414063 0.030792236328125 0.7044677734375 -0.37103271484375
-0.0800628662109375 -0.034393310546875 0.85601806640625 0.43011474609375
0.00910186767578125 -0.0885696411132812 0.22137451171875 0.659423828125
0.0661392211914063 -0.0882797241210938 0.024444580078125 0.118858337402344
0.0190200805664063 -0.077423095703125 -0.0986938476562499 -0.60052490234375
-0.0466194152832031 -0.0472793579101563 -0.78485107421875 -0.53826904296875
-0.0662460327148438 0.00144195556640624 -0.80609130859375 0.38116455078125
-0.0249958038330078 0.0248584747314453 -0.04498291015625 0.7191162109375
0.00479698181152344 0.0127906799316406 0.357086181640625 0.3758544921875
0.0252189636230469 0.00958442687988281 0.31890869140625 -0.121368408203125
0.0250091552734375 -0.0157947540283203 0.1114501953125 -0.34600830078125
0.00957298278808593 -0.0301990509033203 -0.0328369140625 0.29254150390625
0.0256671905517578 -0.0276527404785156 -0.262496948242188 0.126007080078125
0.00891494750976563 -0.00277137756347656 -0.352935791015625 -0.28802490234375
0.00427341461181641 0.0113697052001953 -0.0262451171875 -0.65216064453125
-0.0399856567382813 0.0242691040039062 0.67852783203125 -0.41192626953125
-0.069305419921875 -0.0183296203613281 0.8778076171875 0.3782958984375
0.00307464599609375 -0.0629806518554688 0.255859375 0.65802001953125
0.0477790832519531 -0.0620613098144531 0.0229949951171875 0.142425537109375
0.0165634155273438 -0.0535316467285156 -0.070068359375 -0.591064453125
-0.0325736999511719 -0.0355415344238281 -0.74981689453125 -0.5836181640625
-0.05078125 -0.00938796997070313 -0.83038330078125 0.33416748046875
-0.0223140716552734 0.00277328491210937 -0.0848388671875001 0.72247314453125
0.00211620330810547 -0.0031731128692627 0.342529296875 0.40478515625
0.0172328948974609 0.00418186187744141 0.32427978515625 -0.104156494140625
0.0207061767578125 -0.0134868621826172 0.118194580078125 -0.34197998046875
0.00385856628417969 -0.0285682678222656 -0.032562255859375 0.29351806640625
0.0163612365722656 -0.03057861328125 -0.261215209960938 0.137374877929688
0.00117301940917969 -0.0188255310058594 -0.35968017578125 -0.269989013671875
0.00903034210205078 -0.00930309295654297 -0.0509033203125 -0.644287109375
-0.0206584930419922 0.0143299102783203 0.6583251953125 -0.439208984375
-0.0511093139648438 -0.00373077392578124 0.890625 0.334228515625
0.001556396484375 -0.0323600769042969 0.27874755859375 0.64947509765625
0.0272884368896484 -0.0296096801757813 0.0252685546875 0.154052734375
0.0121650695800781 -0.0221157073974609 -0.04791259765625 -0.58807373046875
-0.0158309936523438 -0.0210971832275391 -0.72271728515625 -0.61834716796875
-0.0283622741699219 -0.0186347961425781 -0.84674072265625 0.2958984375
-0.0159587860107422 -0.0189018249511719 -0.11474609375 0.724609375
-0.00129508972167969 -0.0193309783935547 0.3277587890625 0.42498779296875
0.00930213928222656 -0.00251007080078125 0.324188232421875 -0.088653564453125
0.0147714614868164 -0.0124197006225586 0.120025634765625 -0.339569091796875
-0.00180435180664062 -0.0258274078369141 -0.03558349609375 0.295379638671875
0.00680160522460938 -0.0332088470458984 -0.264083862304688 0.14471435546875
-0.00694847106933594 -0.0301151275634766 -0.3648681640625 -0.259521484375
0.0136947631835938 -0.0283851623535156 -0.0670166015625 -0.63909912109375
-0.00257968902587891 0.00289678573608398 0.64776611328125 -0.45281982421875
-0.0312614440917969 0.00755691528320313 0.8984375 0.31231689453125
0.00363659858703613 -0.00313782691955566 0.29058837890625 0.63775634765625
0.00818109512329102 0.0050196647644043 0.0314178466796875 0.151214599609375
0.00866508483886719 0.0100717544555664 -0.03277587890625 -0.593994140625
0.002044677734375 -0.00426435470581055 -0.70794677734375 -0.64300537109375
-0.00481224060058594 -0.0252475738525391 -0.85260009765625 0.27410888671875
-0.00725555419921875 -0.0377769470214844 -0.13409423828125 0.72430419921875
-0.00249671936035156 -0.0332984924316406 0.313934326171875 0.4388427734375
0.000312805175781251 -0.00783061981201172 0.319000244140625 -0.078277587890625
0.00837802886962891 -0.0102128982543945 0.11444091796875 -0.336029052734375
-0.00718116760253906 -0.0235328674316406 -0.044219970703125 0.29742431640625
-0.000888824462890624 -0.0333366394042969 -0.270034790039063 0.14739990234375
-0.0130538940429687 -0.0371131896972656 -0.370361328125 -0.259735107421875
0.0169448852539063 -0.0402412414550781 -0.0659179687499999 -0.6353759765625
0.0135221481323242 -0.00516223907470703 0.64935302734375 -0.44989013671875
-0.0121612548828125 0.0160942077636719 0.89605712890625 0.309326171875
0.00814628601074219 0.02178955078125 0.29083251953125 0.6236572265625
-0.00673675537109375 0.0357131958007813 0.0400466918945313 0.134246826171875
0.00613784790039063 0.0373878479003906 -0.0297851562500001 -0.60845947265625
0.0188121795654297 0.00931358337402344 -0.7098388671875 -0.64892578125
0.0149097442626953 -0.0292568206787109 -0.849609375 0.27178955078125
0.000320434570312503 -0.0504722595214844 -0.13543701171875 0.72015380859375
-0.00401687622070312 -0.04168701171875 0.30535888671875 0.438690185546875
-0.00666618347167969 -0.0110177993774414 0.31103515625 -0.074615478515625
0.0026555061340332 -0.0084681510925293 0.104949951171875 -0.332061767578125
-0.0108280181884766 -0.0220909118652344 -0.05364990234375 0.3006591796875
-0.00560951232910156 -0.0321731567382813 -0.279937744140625 0.145553588867188
-0.0159149169921875 -0.0389823913574219 -0.37255859375 -0.265777587890625
0.0208930969238281 -0.0458030700683594 -0.05584716796875 -0.64007568359375
0.0246734619140625 -0.00902557373046875 0.66455078125 -0.43548583984375
0.00242042541503906 0.0211639404296875 0.890869140625 0.32611083984375
0.0129776000976563 0.0402641296386719 0.2803955078125 0.60845947265625
-0.0158309936523437 0.0596923828125 0.0504302978515625 0.106918334960937
0.0073699951171875 0.058197021484375 -0.03887939453125 -0.6331787109375
0.0312042236328125 0.0167884826660156 -0.72613525390625 -0.6392822265625
0.0298118591308594 -0.0329971313476563 -0.83978271484375 0.29168701171875
0.00454330444335937 -0.0555191040039062 -0.1204833984375 0.719482421875
-0.006011962890625 -0.0441246032714844 0.3057861328125 0.426849365234375
-0.0112886428833008 -0.0127267837524414 0.30157470703125 -0.078643798828125
-0.00134134292602539 -0.00654840469360352 0.09051513671875 -0.3292236328125
0.0165061950683594 -0.0358619689941406 -0.055694580078125 0.293182373046875
0.0388870239257813 -0.0130386352539062 -0.282379150390625 0.0908508300781251
0.0194053649902344 0.0411643981933594 -0.333251953125 -0.3544921875
-0.0111656188964844 0.0625419616699219 0.07061767578125 -0.66900634765625
-0.0736465454101563 0.0335693359375 0.75067138671875 -0.29266357421875
-0.0797271728515625 -0.057342529296875 0.802734375 0.51483154296875
0.0264358520507813 -0.110664367675781 0.16595458984375 0.631103515625
0.084747314453125 -0.104469299316406 0.0390052795410156 0.0495986938476562
0.020050048828125 -0.0943756103515625 -0.16455078125 -0.62591552734375
-0.0557670593261719 -0.0512466430664063 -0.8438720703125 -0.4337158203125
-0.0735855102539062 0.021270751953125 -0.73492431640625 0.47918701171875
-0.0186920166015625 0.0531501770019531 0.03643798828125 0.696533203125
0.0101814270019531 0.0349159240722656 0.3758544921875 0.311279296875
0.0330142974853516 0.0165557861328125 0.295623779296875 -0.15350341796875
0.0274581909179688 -0.0205230712890625 0.085906982421875 -0.3443603515625
0.0149936676025391 -0.0342006683349609 -0.0416259765625 0.29083251953125
0.0384330749511719 -0.0191268920898438 -0.272369384765625 0.101730346679687
0.0186252593994141 0.0298290252685547 -0.33990478515625 -0.3302001953125
-0.006805419921875 0.0505180358886719 0.0369873046875 -0.66278076171875
-0.0688400268554688 0.0342178344726562 0.72552490234375 -0.3343505859375
-0.0840377807617188 -0.0481948852539062 0.83233642578125 0.4698486328125
0.0160140991210938 -0.105865478515625 0.19622802734375 0.64642333984375
0.0774154663085938 -0.102790832519531 0.0305862426757813 0.0858306884765625
0.0198135375976563 -0.0919647216796875 -0.13592529296875 -0.61004638671875
-0.0550460815429688 -0.0509796142578125 -0.81683349609375 -0.48016357421875
-0.0739059448242187 0.0132522583007813 -0.7657470703125 0.436767578125
-0.0227317810058594 0.0418548583984375 0.00152587890625003 0.7069091796875
0.00780677795410156 0.0267505645751953 0.3709716796875 0.339324951171875
0.0308723449707031 0.0141181945800781 0.305938720703125 -0.14129638671875
0.0265655517578125 -0.0174751281738281 0.09613037109375 -0.34454345703125
0.0125751495361328 -0.0334205627441406 -0.0330810546875 0.290863037109375
0.0326614379882813 -0.0242385864257813 -0.2642822265625 0.116867065429687
0.0164642333984375 0.013275146484375 -0.347442626953125 -0.306671142578125
-0.00132942199707031 0.0329360961914062 -0.000671386718750004 -0.6551513671875
-0.0562553405761719 0.0311737060546875 0.696044921875 -0.3782958984375
-0.0792388916015625 -0.0326309204101563 0.85504150390625 0.41766357421875
0.00826263427734375 -0.0883331298828125 0.2257080078125 0.6539306640625
0.0642547607421875 -0.0885543823242188 0.025390625 0.118515014648438
0.018402099609375 -0.0770797729492188 -0.1026611328125 -0.59527587890625
-0.0462875366210938 -0.0461006164550781 -0.78289794921875 -0.52716064453125
-0.0665283203125 0.00245285034179686 -0.79803466796875 0.38739013671875
-0.0243854522705078 0.0245552062988281 -0.0377197265625 0.7166748046875
0.00496006011962891 0.0134620666503906 0.358856201171875 0.371612548828125
0.0256881713867188 0.00889778137207031 0.315216064453125 -0.12493896484375
0.0244064331054688 -0.0162544250488281 0.107147216796875 -0.345611572265625
0.00860786437988281 -0.0313396453857422 -0.028594970703125 0.291534423828125
0.0252361297607422 -0.0294189453125 -0.259140014648438 0.129470825195313
0.00952339172363281 -0.00304317474365234 -0.353668212890625 -0.282958984375
0.00427436828613281 0.0119295120239258 -0.03448486328125 -0.6485595703125
-0.0397186279296875 0.0245895385742188 0.67034912109375 -0.4168701171875
-0.0683250427246094 -0.0172538757324219 0.8765869140625 0.3658447265625
0.00279998779296874 -0.0629806518554688 0.25872802734375 0.6512451171875
0.0464019775390625 -0.062164306640625 0.0246734619140625 0.142303466796875
0.0160713195800781 -0.052886962890625 -0.07513427734375 -0.58538818359375
-0.0321006774902344 -0.0356864929199219 -0.75164794921875 -0.57196044921875
-0.0498046875 -0.00899124145507812 -0.82293701171875 0.33819580078125
-0.0229701995849609 0.00282859802246094 -0.0759887695312501 0.7210693359375
0.00253748893737793 -0.00243926048278809 0.34716796875 0.398773193359375
0.0177745819091797 0.0029754638671875 0.320556640625 -0.1075439453125
0.0194225311279297 -0.0135116577148438 0.113922119140625 -0.34228515625
0.00288581848144531 -0.0290355682373047 -0.02813720703125 0.292388916015625
0.0154781341552734 -0.0320014953613281 -0.258071899414063 0.140457153320313
0.00216484069824219 -0.0186195373535156 -0.3602294921875 -0.264007568359375
0.00936412811279297 -0.00953388214111328 -0.0576782226562499 -0.64111328125
-0.0208663940429687 0.0141944885253906 0.6485595703125 -0.44305419921875
-0.0509834289550781 -0.0033721923828125 0.89007568359375 0.32440185546875
0.000890731811523435 -0.0332393646240234 0.28143310546875 0.6424560546875
0.0263633728027344 -0.0295295715332031 0.0261077880859375 0.153549194335937
0.0124320983886719 -0.0224189758300781 -0.05224609375 -0.583740234375
-0.0151615142822266 -0.0199756622314453 -0.72540283203125 -0.6051025390625
-0.0282306671142578 -0.0177173614501953 -0.838134765625 0.302978515625
-0.0162200927734375 -0.0184307098388672 -0.106689453125 0.7235107421875
-0.00102043151855469 -0.0192775726318359 0.33197021484375 0.42083740234375
0.00963687896728516 -0.00259494781494141 0.320220947265625 -0.091827392578125
0.0140848159790039 -0.0114841461181641 0.11553955078125 -0.339263916015625
-0.00330734252929687 -0.0268344879150391 -0.032073974609375 0.293975830078125
0.00683403015136719 -0.0346031188964844 -0.261093139648437 0.147171020507813
-0.00684165954589844 -0.0300102233886719 -0.3673095703125 -0.25531005859375
0.0134105682373047 -0.0279216766357422 -0.0721435546875001 -0.6339111328125
-0.00198221206665039 0.00307536125183105 0.6395263671875 -0.45721435546875
-0.0309505462646484 0.00830841064453125 0.89569091796875 0.30084228515625
0.00346183776855469 -0.00399112701416016 0.29364013671875 0.6326904296875
0.00820446014404297 0.00429010391235352 0.0325469970703125 0.150497436523437
0.00876808166503906 0.00960540771484375 -0.0385131835937501 -0.5894775390625
0.00212669372558594 -0.00388789176940918 -0.71026611328125 -0.63153076171875
-0.00510025024414062 -0.024383544921875 -0.84515380859375 0.2806396484375
-0.00788497924804688 -0.0368080139160156 -0.124267578125 0.72186279296875
-0.00269126892089844 -0.0327873229980469 0.31842041015625 0.433074951171875
0.00164175033569336 -0.00822210311889648 0.31683349609375 -0.081573486328125
0.00741863250732422 -0.0104732513427734 0.10980224609375 -0.334991455078125
-0.00796127319335938 -0.0238666534423828 -0.0406494140625 0.296875
-0.000749588012695311 -0.0334377288818359 -0.267044067382813 0.150466918945312
-0.0125389099121094 -0.0370025634765625 -0.37261962890625 -0.253662109375
0.0171699523925781 -0.0402107238769531 -0.0736694335937499 -0.63275146484375
0.0132532119750977 -0.00515174865722656 0.64166259765625 -0.4559326171875
-0.0129032135009766 0.0160036087036133 0.8961181640625 0.29693603515625
0.008056640625 0.0217304229736328 0.293701171875 0.6173095703125
-0.00642013549804687 0.0358734130859375 0.0404891967773438 0.133651733398438
0.00662612915039062 0.0383377075195313 -0.0354003906249999 -0.60400390625
0.0192241668701172 0.00937843322753906 -0.710693359375 -0.638671875
0.0151176452636719 -0.0290660858154297 -0.84375 0.27911376953125
-0.00102996826171875 -0.050537109375 -0.1268310546875 0.7198486328125
-0.0041351318359375 -0.0414543151855469 0.30963134765625 0.433319091796875
-0.00603008270263672 -0.0124311447143555 0.308349609375 -0.07763671875
0.00292778015136719 -0.00904655456542969 0.100799560546875 -0.331268310546875
-0.0117034912109375 -0.0221519470214844 -0.04962158203125 0.298980712890625
-0.0058135986328125 -0.0324821472167969 -0.275588989257812 0.148849487304688
-0.0165023803710938 -0.0384025573730469 -0.374298095703125 -0.260986328125
0.0212478637695312 -0.0453720092773438 -0.0625000000000001 -0.6368408203125
0.0241222381591797 -0.0089111328125 0.65716552734375 -0.44189453125
0.00257682800292969 0.0204792022705078 0.8887939453125 0.31365966796875
0.01263427734375 0.0400276184082031 0.2847900390625 0.60223388671875
-0.0153350830078125 0.0590705871582031 0.0511016845703125 0.10626220703125
0.00789260864257813 0.0572662353515625 -0.04351806640625 -0.62615966796875
0.0314807891845703 0.0162315368652344 -0.7279052734375 -0.626953125
0.0293426513671875 -0.0325965881347656 -0.8309326171875 0.2999267578125
0.00452804565429687 -0.0556182861328125 -0.1123046875 0.71746826171875
-0.00640869140625 -0.0433197021484375 0.3087158203125 0.42315673828125
-0.0109891891479492 -0.0122356414794922 0.298736572265625 -0.08087158203125
-0.00208187103271484 -0.00770664215087891 0.08624267578125 -0.32830810546875
0.0147857666015625 -0.0364608764648438 -0.051116943359375 0.292236328125
0.0387191772460938 -0.0140342712402344 -0.279754638671875 0.0926055908203125
0.0205078125 0.040679931640625 -0.334686279296875 -0.347625732421875
-0.0103378295898438 0.0619888305664062 0.0627441406249999 -0.66534423828125
-0.0727081298828125 0.0342941284179688 0.74041748046875 -0.29766845703125
-0.0789260864257813 -0.0566787719726563 0.8037109375 0.50341796875
0.0245513916015625 -0.110084533691406 0.1697998046875 0.62664794921875
0.0827407836914062 -0.104927062988281 0.0394058227539063 0.0493736267089844
0.0185928344726562 -0.09478759765625 -0.16851806640625 -0.61749267578125
-0.0552940368652344 -0.0499229431152344 -0.8409423828125 -0.42315673828125
-0.0730361938476563 0.0226669311523438 -0.72601318359375 0.48345947265625
-0.0185356140136719 0.0538177490234375 0.0440673828125 0.69244384765625
0.0107746124267578 0.0351409912109375 0.377471923828125 0.305755615234375
0.032684326171875 0.0157833099365234 0.2919921875 -0.155914306640625
0.0264663696289063 -0.0205783843994141 0.0823974609375 -0.34332275390625
0.0137538909912109 -0.0349807739257813 -0.038177490234375 0.288787841796875
0.0374259948730469 -0.0197486877441406 -0.269821166992188 0.104690551757813
0.0192642211914063 0.0292015075683594 -0.340362548828125 -0.324798583984375
-0.00580978393554688 0.0504074096679687 0.02960205078125 -0.6580810546875
-0.0683364868164063 0.0348052978515625 0.7178955078125 -0.3388671875
-0.0831832885742188 -0.046844482421875 0.82952880859375 0.45855712890625
0.0149765014648438 -0.105278015136719 0.19921875 0.64202880859375
0.0762557983398438 -0.103553771972656 0.0320663452148438 0.0858383178710938
0.0177993774414062 -0.0914459228515625 -0.14141845703125 -0.60296630859375
-0.053955078125 -0.0505218505859375 -0.81622314453125 -0.46881103515625
-0.0732421875 0.0142593383789062 -0.75823974609375 0.44122314453125
-0.0219879150390625 0.0420188903808594 0.00891113281249994 0.7047119140625
0.00904083251953125 0.0267772674560547 0.3717041015625 0.335418701171875
0.0307159423828125 0.0128040313720703 0.303192138671875 -0.144287109375
0.026336669921875 -0.0178375244140625 0.092071533203125 -0.34375
0.0113697052001953 -0.0337619781494141 -0.030120849609375 0.289306640625
0.0323543548583984 -0.0251903533935547 -0.261520385742188 0.118560791015625
0.0162439346313477 0.0138149261474609 -0.34783935546875 -0.300567626953125
-0.000181198120117188 0.032135009765625 -0.00726318359375 -0.6522216796875
-0.0563812255859375 0.0311126708984375 0.68902587890625 -0.3819580078125
-0.0792236328125 -0.0320663452148438 0.85400390625 0.40576171875
0.0064849853515625 -0.0886001586914063 0.22998046875 0.645751953125
0.0633316040039063 -0.0873947143554688 0.0270614624023438 0.119407653808594
0.0178451538085938 -0.07696533203125 -0.10809326171875 -0.5887451171875
-0.0452423095703125 -0.0451240539550781 -0.78363037109375 -0.51531982421875
-0.06573486328125 0.00302505493164061 -0.78875732421875 0.392333984375
-0.0244503021240234 0.0248241424560547 -0.02911376953125 0.71337890625
0.00585079193115234 0.0129833221435547 0.362274169921875 0.364288330078125
0.0254745483398438 0.00883102416992188 0.312591552734375 -0.127197265625
0.0239582061767578 -0.01629638671875 0.103515625 -0.344482421875
0.00695419311523437 -0.0317420959472656 -0.025604248046875 0.289642333984375
0.0246944427490234 -0.0303707122802734 -0.256240844726563 0.132354736328125
0.009765625 -0.00306224822998047 -0.354949951171875 -0.277496337890625
0.00518798828125 0.0117883682250977 -0.04132080078125 -0.64447021484375
-0.0394401550292969 0.0239448547363281 0.6617431640625 -0.419677734375
-0.0677947998046875 -0.0162353515625 0.8746337890625 0.3543701171875
0.00120925903320312 -0.0633277893066406 0.26141357421875 0.64447021484375
0.0454940795898438 -0.0618629455566406 0.0255889892578125 0.142059326171875
0.0152702331542969 -0.052703857421875 -0.0787353515625 -0.5797119140625
-0.0308399200439453 -0.0342693328857422 -0.7513427734375 -0.56005859375
-0.0505294799804688 -0.00830841064453126 -0.81353759765625 0.34423828125
-0.0221233367919922 0.003326416015625 -0.0682373046875 0.716552734375
0.00273704528808594 -0.0023491382598877 0.3480224609375 0.393829345703125
0.0184955596923828 0.00286865234375 0.317230224609375 -0.110107421875
0.0189266204833984 -0.0135459899902344 0.10992431640625 -0.342071533203125
0.00131416320800781 -0.0294837951660156 -0.0257568359375 0.291046142578125
0.0144500732421875 -0.0322494506835938 -0.254531860351563 0.14202880859375
0.00216293334960938 -0.0182991027832031 -0.36187744140625 -0.25994873046875
0.00995731353759766 -0.00903987884521484 -0.06378173828125 -0.63623046875
-0.0203132629394531 0.0137004852294922 0.64154052734375 -0.44775390625
-0.0504684448242188 -0.00254058837890626 0.88763427734375 0.3128662109375
0.000173568725585941 -0.0329627990722656 0.2838134765625 0.6368408203125
0.0260543823242188 -0.0296783447265625 0.0275421142578125 0.152725219726563
0.0115089416503906 -0.0228519439697266 -0.0550537109375 -0.57696533203125
-0.0145092010498047 -0.0194435119628906 -0.72625732421875 -0.59625244140625
-0.0284976959228516 -0.0171260833740234 -0.8304443359375 0.30902099609375
-0.0162868499755859 -0.0181427001953125 -0.09759521484375 0.7196044921875
7.43865966796894E-05 -0.0188636779785156 0.333282470703125 0.415557861328125
0.00916957855224609 -0.00310039520263672 0.31793212890625 -0.094696044921875
0.013153076171875 -0.0125761032104492 0.110107421875 -0.337554931640625
-0.00339889526367187 -0.0268402099609375 -0.0289306640625 0.2923583984375
0.0055084228515625 -0.0340671539306641 -0.256118774414063 0.149978637695312
-0.00513839721679687 -0.0296058654785156 -0.3682861328125 -0.24871826171875
0.0140419006347656 -0.0275917053222656 -0.07928466796875 -0.630859375
-0.00241518020629883 0.00283503532409668 0.63201904296875 -0.46014404296875
-0.0304489135742188 0.00811958312988281 0.89263916015625 0.2886962890625
0.00294828414916992 -0.00374078750610352 0.29718017578125 0.62579345703125
0.00777006149291992 0.005157470703125 0.033660888671875 0.150054931640625
0.00792884826660156 0.00993824005126953 -0.04241943359375 -0.5828857421875
0.00272393226623535 -0.00383567810058594 -0.71038818359375 -0.6202392578125
-0.00621986389160156 -0.0248889923095703 -0.83868408203125 0.28594970703125
-0.00941085815429688 -0.0371131896972656 -0.1168212890625 0.718994140625
-0.00174522399902344 -0.0322742462158203 0.3204345703125 0.428314208984375
0.00118637084960937 -0.00871753692626953 0.31341552734375 -0.083770751953125
0.00747776031494141 -0.0106525421142578 0.1053466796875 -0.3333740234375
-0.00896263122558594 -0.0249519348144531 -0.03717041015625 0.29449462890625
-0.00190353393554687 -0.0351905822753906 -0.263427734375 0.152374267578125
-0.0131683349609375 -0.0371170043945313 -0.3726806640625 -0.2470703125
0.0175552368164063 -0.0399742126464844 -0.07989501953125 -0.62921142578125
0.0120964050292969 -0.00551033020019531 0.633056640625 -0.45947265625
-0.0121011734008789 0.015528678894043 0.89263916015625 0.2869873046875
0.00757789611816406 0.0210838317871094 0.2965087890625 0.60919189453125
-0.00702667236328125 0.0357513427734375 0.0416412353515625 0.133148193359375
0.00665283203125 0.0370903015136719 -0.03955078125 -0.6002197265625
0.0188121795654297 0.00928306579589844 -0.7113037109375 -0.6287841796875
0.0145740509033203 -0.0289821624755859 -0.83441162109375 0.285400390625
-0.00177764892578124 -0.0500602722167969 -0.11956787109375 0.71820068359375
-0.00408935546875 -0.0410957336425781 0.312469482421875 0.42919921875
-0.00543975830078125 -0.0119152069091797 0.30560302734375 -0.080169677734375
0.00241279602050781 -0.00839614868164063 0.09674072265625 -0.329986572265625
-0.0129623413085937 -0.0233821868896484 -0.04742431640625 0.298004150390625
-0.00651931762695313 -0.0333881378173828 -0.27410888671875 0.15106201171875
-0.0159263610839844 -0.0384864807128906 -0.375396728515625 -0.256195068359375
0.0206298828125 -0.0452346801757813 -0.0682983398437501 -0.63238525390625
0.0240097045898438 -0.009552001953125 0.64825439453125 -0.44482421875
0.00209426879882813 0.0200901031494141 0.88763427734375 0.3035888671875
0.0126762390136719 0.039031982421875 0.28594970703125 0.59649658203125
-0.01470947265625 0.0591659545898438 0.0515365600585938 0.106330871582031
0.00853729248046875 0.0577774047851562 -0.04840087890625 -0.61962890625
0.0318717956542969 0.0172519683837891 -0.72906494140625 -0.6182861328125
0.0287742614746094 -0.0318832397460938 -0.8238525390625 0.30596923828125
0.00298690795898438 -0.0551872253417969 -0.104736328125 0.7164306640625
-0.00691604614257812 -0.0429496765136719 0.312042236328125 0.417816162109375
-0.012028694152832 -0.012782096862793 0.295379638671875 -0.08355712890625
-0.0015416145324707 -0.00795507431030273 0.082244873046875 -0.327056884765625
0.0135154724121094 -0.0369758605957031 -0.048431396484375 0.290435791015625
0.037689208984375 -0.01446533203125 -0.276718139648438 0.0945739746093751
0.0214042663574219 0.0410270690917969 -0.336700439453125 -0.343353271484375
-0.00941848754882812 0.0613250732421875 0.05609130859375 -0.6611328125
-0.0725250244140625 0.0338668823242188 0.73321533203125 -0.30328369140625
-0.0792236328125 -0.055419921875 0.80078125 0.4921875
0.0240097045898438 -0.109954833984375 0.171630859375 0.6204833984375
0.0811614990234375 -0.104248046875 0.0394744873046875 0.0498466491699219
0.0181045532226562 -0.0940628051757813 -0.17059326171875 -0.611572265625
-0.0549774169921875 -0.0487060546875 -0.838623046875 -0.4151611328125
-0.07177734375 0.0224151611328125 -0.7186279296875 0.48504638671875
-0.017578125 0.0525588989257813 0.0497436523437499 0.68792724609375
0.0113372802734375 0.0347423553466797 0.378265380859375 0.302154541015625
0.0332584381103516 0.0156784057617188 0.2886962890625 -0.156890869140625
0.0252876281738281 -0.0204334259033203 0.078460693359375 -0.34149169921875
0.0126075744628906 -0.0345935821533203 -0.035125732421875 0.287933349609375
0.0361213684082031 -0.0210647583007813 -0.2650146484375 0.1068115234375
0.0204830169677734 0.0283908843994141 -0.34197998046875 -0.320220947265625
-0.00514221191406249 0.0496482849121094 0.02252197265625 -0.65643310546875
-0.0674591064453125 0.0346946716308594 0.708740234375 -0.3421630859375
-0.0830841064453125 -0.0467376708984375 0.82916259765625 0.44818115234375
0.0136032104492187 -0.105216979980469 0.20135498046875 0.63623046875
0.0749130249023438 -0.102767944335938 0.0322113037109375 0.0864181518554688
0.0178146362304687 -0.0917282104492188 -0.1427001953125 -0.59539794921875
-0.0535774230957031 -0.0490188598632813 -0.8145751953125 -0.45977783203125
-0.0728530883789063 0.0153427124023438 -0.749267578125 0.44354248046875
-0.022308349609375 0.0424079895019531 0.01580810546875 0.70001220703125
0.00844383239746094 0.0258922576904297 0.3721923828125 0.3302001953125
0.0312957763671875 0.01263427734375 0.29913330078125 -0.144439697265625
0.0262508392333984 -0.0177574157714844 0.088043212890625 -0.343170166015625
0.00962448120117187 -0.0342655181884766 -0.02679443359375 0.2872314453125
0.0311908721923828 -0.0258235931396484 -0.257278442382813 0.120956420898438
0.0169706344604492 0.0120382308959961 -0.34881591796875 -0.29498291015625
0.00079536437988281 0.032135009765625 -0.0135498046875001 -0.64898681640625
-0.0550880432128906 0.0313758850097656 0.679443359375 -0.38543701171875
-0.078369140625 -0.0315170288085938 0.85064697265625 0.39630126953125
0.00538635253906249 -0.0878829956054688 0.232177734375 0.64093017578125
0.0622406005859375 -0.0884628295898438 0.0273971557617188 0.1182861328125
0.0168533325195313 -0.07574462890625 -0.11029052734375 -0.58380126953125
-0.0441093444824219 -0.0442047119140625 -0.78173828125 -0.507080078125
-0.0659980773925781 0.00387954711914062 -0.78082275390625 0.39605712890625
-0.0241012573242188 0.0252323150634766 -0.0228271484374999 0.7091064453125
0.00570392608642578 0.012995719909668 0.362457275390625 0.35931396484375
0.0258235931396484 0.00753021240234375 0.308685302734375 -0.128509521484375
0.0227832794189453 -0.0166282653808594 0.099334716796875 -0.34271240234375
0.00543975830078125 -0.0322990417480469 -0.022125244140625 0.288330078125
0.0228977203369141 -0.0308055877685547 -0.252487182617187 0.133941650390625
0.00967311859130859 -0.00383090972900391 -0.355499267578125 -0.271636962890625
0.00556564331054687 0.011713981628418 -0.04534912109375 -0.64105224609375
-0.0394096374511719 0.0247459411621094 0.65374755859375 -0.42401123046875
-0.0675468444824219 -0.0162887573242188 0.8720703125 0.34405517578125
0.000595092773437503 -0.0627059936523438 0.263916015625 0.637939453125
0.0441055297851563 -0.0617523193359375 0.0270843505859375 0.141342163085938
0.014801025390625 -0.0521125793457031 -0.0816650390625 -0.5740966796875
-0.0308609008789062 -0.0339107513427734 -0.749267578125 -0.55035400390625
-0.0492286682128906 -0.00786972045898439 -0.8065185546875 0.34930419921875
-0.0221920013427734 0.00309562683105468 -0.063232421875 0.714111328125
0.00281834602355957 -0.0020604133605957 0.348541259765625 0.3883056640625
0.0184707641601563 0.00181198120117188 0.313690185546875 -0.112640380859375
0.0194797515869141 -0.0141334533691406 0.106048583984375 -0.34063720703125
0.000711441040039063 -0.0293102264404297 -0.02227783203125 0.289276123046875
0.0139179229736328 -0.0342903137207031 -0.251113891601563 0.144989013671875
0.00136756896972656 -0.0190048217773438 -0.3624267578125 -0.253692626953125
0.00973606109619141 -0.00980854034423828 -0.0687866210937499 -0.632080078125
-0.0203819274902344 0.0147266387939453 0.632080078125 -0.45037841796875
-0.0504188537597656 -0.00233078002929688 0.8837890625 0.30303955078125
-0.000448226928710938 -0.0320777893066406 0.2855224609375 0.62982177734375
0.02532958984375 -0.0289802551269531 0.0287322998046875 0.152008056640625
0.0109634399414063 -0.0221328735351562 -0.0579833984374999 -0.571533203125
-0.0142574310302734 -0.0199661254882813 -0.72576904296875 -0.58624267578125
-0.0288429260253906 -0.0169486999511719 -0.82196044921875 0.31298828125
-0.0163154602050781 -0.0183982849121094 -0.09149169921875 0.71685791015625
-0.000558853149414063 -0.0182819366455078 0.333892822265625 0.411590576171875
0.0101766586303711 -0.00282669067382812 0.31451416015625 -0.0958251953125
0.0136346817016602 -0.0120048522949219 0.107879638671875 -0.335662841796875
-0.00477981567382813 -0.0274200439453125 -0.026153564453125 0.2906494140625
0.00574874877929687 -0.0353507995605469 -0.253555297851563 0.151535034179688
-0.00625228881835937 -0.0305652618408203 -0.3665771484375 -0.243804931640625
0.0136432647705078 -0.0279636383056641 -0.0846557617187501 -0.62646484375
-0.00311970710754394 0.00287246704101563 0.623291015625 -0.464111328125
-0.0306587219238281 0.00848197937011719 0.88909912109375 0.28094482421875
0.00255107879638672 -0.00341176986694336 0.2989501953125 0.61962890625
0.00713205337524414 0.00500965118408203 0.0349884033203125 0.148956298828125
0.00866413116455078 0.00991916656494141 -0.04412841796875 -0.57952880859375
0.00335597991943359 -0.00365495681762695 -0.7081298828125 -0.61065673828125
-0.00646018981933594 -0.0237979888916016 -0.82965087890625 0.29217529296875
-0.00974273681640625 -0.0370101928710938 -0.11090087890625 0.716552734375
-0.00139999389648437 -0.0315284729003906 0.322235107421875 0.422332763671875
0.00191211700439453 -0.00912857055664062 0.310943603515625 -0.085845947265625
0.00657844543457031 -0.00988292694091797 0.1026611328125 -0.331939697265625
-0.0101509094238281 -0.0248260498046875 -0.033966064453125 0.29376220703125
-0.00201797485351563 -0.0344600677490234 -0.259429931640625 0.154495239257812
-0.0128021240234375 -0.0361900329589844 -0.373016357421875 -0.243560791015625
0.0175323486328125 -0.0403480529785156 -0.0855712890625 -0.62493896484375
0.0127105712890625 -0.00467300415039062 0.62432861328125 -0.46307373046875
-0.0121135711669922 0.0158157348632813 0.88812255859375 0.27801513671875
0.00748825073242187 0.0217704772949219 0.29888916015625 0.60345458984375
-0.00628280639648438 0.0354232788085938 0.042724609375 0.133201599121094
0.00762557983398437 0.0373077392578125 -0.04290771484375 -0.59393310546875
0.0193195343017578 0.00969505310058594 -0.7095947265625 -0.616943359375
0.0150279998779297 -0.0290679931640625 -0.82489013671875 0.2891845703125
-0.00204086303710938 -0.04937744140625 -0.1112060546875 0.71484375
-0.00394058227539062 -0.0403900146484375 0.313232421875 0.424102783203125
-0.0056610107421875 -0.0116853713989258 0.303497314453125 -0.082122802734375
0.00211429595947266 -0.00840425491333008 0.093292236328125 -0.3287353515625
-0.0138607025146484 -0.0234489440917969 -0.043548583984375 0.296112060546875
-0.00719833374023438 -0.0337276458740234 -0.269439697265625 0.153488159179688
-0.0158271789550781 -0.0381240844726563 -0.376922607421875 -0.25146484375
0.0215568542480469 -0.0451698303222656 -0.0733642578125 -0.6287841796875
0.0237712860107422 -0.00954055786132813 0.640625 -0.446044921875
0.00236701965332031 0.0199794769287109 0.883056640625 0.293701171875
0.01263427734375 0.0388526916503906 0.28790283203125 0.59014892578125
-0.0151748657226562 0.0594711303710938 0.0524215698242188 0.107139587402344
0.0081024169921875 0.0562591552734375 -0.05072021484375 -0.61517333984375
0.0323734283447266 0.016265869140625 -0.72723388671875 -0.60797119140625
0.0282611846923828 -0.0316352844238281 -0.8162841796875 0.30902099609375
0.0017242431640625 -0.0549468994140625 -0.09710693359375 0.7122802734375
-0.007293701171875 -0.0420341491699219 0.313446044921875 0.41229248046875
-0.0109796524047852 -0.0126171112060547 0.29278564453125 -0.08502197265625
-0.00272035598754883 -0.00774860382080078 0.078826904296875 -0.32537841796875
0.0122642517089844 -0.0368919372558594 -0.045806884765625 0.288482666015625
0.0370674133300781 -0.0157470703125 -0.273300170898438 0.09698486328125
0.0207443237304688 0.03985595703125 -0.337615966796875 -0.33770751953125
-0.00849533081054687 0.061370849609375 0.0517578125 -0.65716552734375
-0.0724716186523438 0.0350265502929687 0.72607421875 -0.30487060546875
-0.0779495239257813 -0.0542068481445312 0.7991943359375 0.485107421875
0.0224761962890625 -0.109489440917969 0.173095703125 0.615478515625
0.079986572265625 -0.103523254394531 0.0402107238769531 0.0511703491210937
0.017486572265625 -0.0926971435546875 -0.1710205078125 -0.6063232421875
-0.0548553466796875 -0.0490303039550781 -0.83489990234375 -0.40606689453125
-0.0715408325195313 0.0236053466796875 -0.7086181640625 0.48736572265625
-0.0182876586914063 0.0533485412597656 0.05364990234375 0.685546875
0.0119075775146484 0.034423828125 0.376617431640625 0.29705810546875
0.0326080322265625 0.0149040222167969 0.284881591796875 -0.158538818359375
0.0256404876708984 -0.0201873779296875 0.076019287109375 -0.340667724609375
0.0105438232421875 -0.0352706909179688 -0.03216552734375 0.28619384765625
0.0354499816894531 -0.0212898254394531 -0.262939453125 0.10888671875
0.0202846527099609 0.02874755859375 -0.3426513671875 -0.315948486328125
-0.00438690185546875 0.0493125915527344 0.01800537109375 -0.6510009765625
-0.0669670104980469 0.0346603393554687 0.70123291015625 -0.345703125
-0.082611083984375 -0.04571533203125 0.82330322265625 0.44036865234375
0.0131149291992187 -0.104080200195313 0.2034912109375 0.6292724609375
0.0731964111328125 -0.102188110351562 0.0333938598632813 0.0861282348632813
0.0171890258789063 -0.0906524658203125 -0.143310546875 -0.5902099609375
-0.0527763366699219 -0.0491981506347656 -0.80938720703125 -0.4512939453125
-0.072235107421875 0.0162124633789062 -0.7413330078125 0.445068359375
-0.0221099853515625 0.04205322265625 0.0200195312500001 0.6954345703125
0.00882148742675781 0.0261039733886719 0.3720703125 0.324432373046875
0.0312137603759766 0.0117568969726562 0.29632568359375 -0.14599609375
0.0251674652099609 -0.0177478790283203 0.0859375 -0.341949462890625
0.00910186767578125 -0.0347576141357422 -0.024566650390625 0.28729248046875
0.0302104949951172 -0.0266609191894531 -0.253860473632812 0.12286376953125
0.016510009765625 0.0117969512939453 -0.349365234375 -0.290557861328125
0.00114822387695313 0.0315589904785156 -0.01812744140625 -0.6444091796875
-0.0556068420410156 0.0314369201660156 0.6719970703125 -0.38671875
-0.078765869140625 -0.0313873291015625 0.8477783203125 0.38775634765625
0.00446319580078125 -0.0874862670898438 0.23223876953125 0.63421630859375
0.0607452392578125 -0.0872116088867188 0.0287857055664062 0.118598937988281
0.0168228149414063 -0.0756988525390625 -0.11151123046875 -0.57611083984375
-0.0442123413085938 -0.0437393188476563 -0.77911376953125 -0.49658203125
-0.0655174255371094 0.00539016723632813 -0.77203369140625 0.39849853515625
-0.0245342254638672 0.025482177734375 -0.0178833007812499 0.7042236328125
0.00622081756591797 0.0135869979858398 0.3631591796875 0.355682373046875
0.0259037017822266 0.00699996948242188 0.305633544921875 -0.1297607421875
0.0225105285644531 -0.0162639617919922 0.09613037109375 -0.3419189453125
0.00449371337890625 -0.0328731536865234 -0.019683837890625 0.286041259765625
0.0226459503173828 -0.0311775207519531 -0.249160766601563 0.134963989257812
0.0104198455810547 -0.00440120697021484 -0.35589599609375 -0.267608642578125
0.00606536865234375 0.0107803344726563 -0.0495605468750001 -0.63641357421875
-0.0382499694824219 0.0243186950683594 0.64501953125 -0.42498779296875
-0.0673980712890625 -0.0158424377441406 0.86566162109375 0.335205078125
-0.000640869140625004 -0.0617027282714844 0.2645263671875 0.63226318359375
0.0429534912109375 -0.0609664916992188 0.0277099609375 0.141403198242188
0.0154953002929687 -0.0519256591796875 -0.08306884765625 -0.568603515625
-0.0305442810058594 -0.0335922241210938 -0.745361328125 -0.54248046875
-0.0499114990234375 -0.00638961791992187 -0.796630859375 0.3524169921875
-0.0227928161621094 0.00374221801757813 -0.05517578125 0.71075439453125
0.00307679176330566 -0.00230669975280762 0.3494873046875 0.384307861328125
0.0182037353515625 0.001220703125 0.3111572265625 -0.113555908203125
0.0179042816162109 -0.0138282775878906 0.1031494140625 -0.337982177734375
-0.00099754333496094 -0.0293903350830078 -0.019378662109375 0.287811279296875
0.0132789611816406 -0.0343570709228516 -0.24761962890625 0.146026611328125
0.00183296203613281 -0.0184860229492188 -0.361572265625 -0.2503662109375
0.0101280212402344 -0.00942802429199219 -0.07366943359375 -0.62738037109375
-0.0208282470703125 0.0140743255615234 0.62493896484375 -0.451171875
-0.05010986328125 -0.002288818359375 0.87750244140625 0.29461669921875
-0.000825881958007811 -0.0328769683837891 0.287353515625 0.6251220703125
0.0244598388671875 -0.0292472839355469 0.0292816162109375 0.151687622070313
0.0117225646972656 -0.02142333984375 -0.0606689453125 -0.56658935546875
-0.0136947631835938 -0.0192470550537109 -0.7203369140625 -0.5787353515625
-0.0288848876953125 -0.0158843994140625 -0.8140869140625 0.31689453125
-0.0176658630371094 -0.0179557800292969 -0.08721923828125 0.71319580078125
-0.00042724609375 -0.0185565948486328 0.335723876953125 0.4058837890625
0.00964927673339844 -0.00310802459716797 0.31103515625 -0.09716796875
0.0128870010375977 -0.0116615295410156 0.104461669921875 -0.33544921875
-0.00627708435058594 -0.0271110534667969 -0.02313232421875 0.28900146484375
0.00495147705078125 -0.035736083984375 -0.249404907226563 0.153594970703125
-0.00546836853027343 -0.0297050476074219 -0.367584228515625 -0.240020751953125
0.0140399932861328 -0.0277175903320313 -0.0875244140625 -0.62060546875
-0.00315690040588379 0.00234532356262207 0.6146240234375 -0.4638671875
-0.0299720764160156 0.00829505920410156 0.88531494140625 0.27117919921875
0.00184297561645508 -0.00448226928710938 0.29779052734375 0.61322021484375
0.00681495666503906 0.00485849380493164 0.0350189208984375 0.149063110351563
0.0086069107055664 0.0102376937866211 -0.0471191406250001 -0.572998046875
0.00371265411376953 -0.00357222557067871 -0.70660400390625 -0.60357666015625
-0.00652313232421875 -0.0232906341552734 -0.82208251953125 0.294921875
-0.009857177734375 -0.0370330810546875 -0.10333251953125 0.71197509765625
-0.00269317626953125 -0.0316638946533203 0.324188232421875 0.417694091796875
0.00184440612792969 -0.00944995880126953 0.30682373046875 -0.087127685546875
0.00677108764648438 -0.0102252960205078 0.0985107421875 -0.331787109375
-0.01116943359375 -0.0252590179443359 -0.031494140625 0.2913818359375
-0.00276947021484375 -0.0350856781005859 -0.256576538085937 0.155838012695313
-0.0124893188476562 -0.0368576049804687 -0.3724365234375 -0.238739013671875
0.0174789428710937 -0.0391082763671875 -0.0880126953125 -0.61993408203125
0.0117607116699219 -0.00600337982177734 0.61822509765625 -0.46282958984375
-0.0121326446533203 0.015533447265625 0.8841552734375 0.2689208984375
0.00620460510253906 0.0204334259033203 0.2982177734375 0.59881591796875
-0.00717544555664063 0.0350799560546875 0.0423355102539062 0.132598876953125
0.00656890869140625 0.0368423461914063 -0.04425048828125 -0.58782958984375
0.0196342468261719 0.00868797302246094 -0.70751953125 -0.60845947265625
0.0137538909912109 -0.0289955139160156 -0.818603515625 0.2926025390625
-0.00307846069335937 -0.049224853515625 -0.10626220703125 0.7105712890625
-0.00499725341796875 -0.0395774841308594 0.31561279296875 0.41900634765625
-0.00512409210205078 -0.0122356414794922 0.299835205078125 -0.08349609375
0.00112819671630859 -0.00822830200195313 0.089996337890625 -0.32763671875
-0.0154857635498047 -0.0239429473876953 -0.04144287109375 0.294769287109375
-0.00787925720214844 -0.0342388153076172 -0.265487670898438 0.155014038085938
-0.0150222778320313 -0.0376739501953125 -0.37554931640625 -0.246124267578125
0.0212936401367188 -0.0448112487792969 -0.07818603515625 -0.62554931640625
0.0228919982910156 -0.00987625122070313 0.63214111328125 -0.447998046875
0.00311851501464844 0.0201778411865234 0.8790283203125 0.2843017578125
0.0118751525878906 0.03839111328125 0.28814697265625 0.58380126953125
-0.015106201171875 0.0584335327148437 0.0524368286132813 0.105674743652344
0.00852584838867187 0.0558128356933594 -0.054443359375 -0.609130859375
0.0326919555664063 0.0165061950683594 -0.7247314453125 -0.60009765625
0.0274810791015625 -0.0313873291015625 -0.8089599609375 0.313720703125
0.00184631347656249 -0.0549430847167969 -0.09149169921875 0.708984375
-0.00645828247070313 -0.0421485900878906 0.314971923828125 0.407958984375
-0.0105113983154297 -0.0128707885742187 0.29107666015625 -0.085784912109375
-0.00261974334716797 -0.00691366195678711 0.076080322265625 -0.323486328125
0.0111312866210937 -0.0376968383789063 -0.042327880859375 0.287109375
0.0362167358398438 -0.0163650512695313 -0.270431518554688 0.0986175537109375
0.0216636657714844 0.0392417907714844 -0.335601806640625 -0.333740234375
-0.00778579711914062 0.0601119995117187 0.0472412109375 -0.6533203125
-0.07183837890625 0.034912109375 0.718505859375 -0.30682373046875
-0.0781097412109375 -0.0540008544921875 0.79656982421875 0.476806640625
0.0211944580078125 -0.108474731445313 0.17413330078125 0.61138916015625
0.07818603515625 -0.103767395019531 0.0406227111816406 0.052093505859375
0.0165328979492187 -0.0927047729492188 -0.17193603515625 -0.59930419921875
-0.0535240173339844 -0.0486488342285156 -0.82958984375 -0.40118408203125
-0.0718231201171875 0.0240478515625 -0.702392578125 0.48687744140625
-0.0176544189453125 0.0524063110351563 0.0576171875 0.679931640625
0.0123271942138672 0.0346851348876953 0.376983642578125 0.29437255859375
0.0327072143554688 0.0145626068115234 0.282135009765625 -0.158233642578125
0.0256595611572266 -0.0198650360107422 0.072296142578125 -0.338409423828125
0.0101737976074219 -0.03594970703125 -0.030059814453125 0.28448486328125
0.0341949462890625 -0.0224151611328125 -0.259567260742188 0.109970092773438
0.0211620330810547 0.0276699066162109 -0.3419189453125 -0.311004638671875
-0.0035858154296875 0.0490951538085937 0.01409912109375 -0.64862060546875
-0.0675315856933594 0.0354728698730469 0.69500732421875 -0.34521484375
-0.0814437866210937 -0.0444793701171875 0.82080078125 0.43060302734375
0.0125732421875 -0.103721618652344 0.20367431640625 0.6246337890625
0.07244873046875 -0.101554870605469 0.0338897705078125 0.0868606567382813
0.0163650512695312 -0.0901718139648438 -0.1429443359375 -0.58428955078125
-0.0527915954589844 -0.0481147766113281 -0.80596923828125 -0.443603515625
-0.0721282958984375 0.0159454345703125 -0.7327880859375 0.44677734375
-0.0219802856445313 0.0419845581054688 0.0240478515625 0.6910400390625
0.010040283203125 0.0263538360595703 0.371978759765625 0.320159912109375
0.0309410095214844 0.0116176605224609 0.292449951171875 -0.14678955078125
0.0244598388671875 -0.0182933807373047 0.083648681640625 -0.33935546875
0.007293701171875 -0.0335655212402344 -0.0218505859375 0.2840576171875
0.0290870666503906 -0.0278186798095703 -0.251113891601563 0.124191284179688
0.0167217254638672 0.0120534896850586 -0.348968505859375 -0.286163330078125
0.00176429748535156 0.0312690734863281 -0.0218505859375 -0.64007568359375
-0.0551948547363281 0.031982421875 0.66571044921875 -0.38812255859375
-0.0786895751953125 -0.0299224853515625 0.84417724609375 0.382080078125
0.00436401367187501 -0.0867156982421875 0.234375 0.62847900390625
0.0600204467773438 -0.0860519409179688 0.0291061401367188 0.118309020996094
0.016387939453125 -0.0756072998046875 -0.11187744140625 -0.57122802734375
-0.0436782836914063 -0.0431747436523437 -0.7730712890625 -0.4915771484375
-0.0645904541015625 0.00541687011718751 -0.76483154296875 0.400146484375
-0.024261474609375 0.0244560241699219 -0.01263427734375 0.69940185546875
0.00605964660644531 0.0138568878173828 0.3624267578125 0.350006103515625
0.0254764556884766 0.00703811645507813 0.30224609375 -0.129974365234375
0.021881103515625 -0.0160598754882813 0.09332275390625 -0.33935546875
0.00364112854003906 -0.0325965881347656 -0.017181396484375 0.284698486328125
0.0210247039794922 -0.0323944091796875 -0.24554443359375 0.136795043945313
0.0104541778564453 -0.00439453125 -0.355224609375 -0.2633056640625
0.00647163391113281 0.0102777481079102 -0.05352783203125 -0.6324462890625
-0.0392684936523437 0.0243339538574219 0.63812255859375 -0.4271240234375
-0.0668678283691406 -0.0146560668945313 0.86309814453125 0.32818603515625
-6.86645507812531E-05 -0.0619010925292969 0.26531982421875 0.627685546875
0.04315185546875 -0.0615348815917969 0.02850341796875 0.140670776367188
0.0138053894042969 -0.0514755249023437 -0.0841064453125 -0.5625
-0.0295581817626953 -0.0325889587402344 -0.743408203125 -0.53521728515625
-0.049407958984375 -0.00550460815429687 -0.7900390625 0.35430908203125
-0.0227203369140625 0.00415229797363281 -0.05133056640625 0.70599365234375
0.00293087959289551 -0.00216126441955566 0.34979248046875 0.38018798828125
0.0187225341796875 0.000616073608398438 0.30828857421875 -0.113555908203125
0.0180549621582031 -0.0130043029785156 0.100067138671875 -0.33746337890625
-0.00173568725585938 -0.0302143096923828 -0.018035888671875 0.2857666015625
0.0125312805175781 -0.0346508026123047 -0.243865966796875 0.146484375
0.00194549560546875 -0.0188083648681641 -0.36029052734375 -0.246246337890625
0.0109186172485352 -0.010035514831543 -0.07745361328125 -0.624267578125
-0.0203304290771484 0.0140094757080078 0.618408203125 -0.45159912109375
-0.0494766235351563 -0.00175476074218749 0.87432861328125 0.28863525390625
-0.00097465515136719 -0.0328865051269531 0.28741455078125 0.61785888671875
0.0241069793701172 -0.0291709899902344 0.0303192138671875 0.151824951171875
0.010986328125 -0.0216102600097656 -0.0613098144531249 -0.560760498046875
-0.0129375457763672 -0.0187931060791016 -0.71881103515625 -0.5704345703125
-0.0294036865234375 -0.0151920318603516 -0.80828857421875 0.31744384765625
-0.0175266265869141 -0.0182037353515625 -0.082763671875 0.709716796875
0.000457763671875 -0.0175819396972656 0.335968017578125 0.401153564453125
0.00957012176513672 -0.00420093536376953 0.3092041015625 -0.098236083984375
0.0123558044433594 -0.0127315521240234 0.102020263671875 -0.334075927734375
-0.00675582885742188 -0.0273494720458984 -0.020751953125 0.287567138671875
0.00416946411132812 -0.0361709594726562 -0.24700927734375 0.154632568359375
-0.00594711303710937 -0.0299034118652344 -0.367462158203125 -0.2357177734375
0.0142784118652344 -0.0270156860351563 -0.09088134765625 -0.6185302734375
-0.00391626358032227 0.00253605842590332 0.60919189453125 -0.4658203125
-0.0297966003417969 0.00840377807617187 0.87957763671875 0.26611328125
0.00166559219360352 -0.00377464294433594 0.29833984375 0.60626220703125
0.00695562362670898 0.00454902648925781 0.0357818603515625 0.14892578125
0.00935459136962891 0.00938892364501953 -0.0487060546875 -0.5684814453125
0.00376439094543457 -0.0036017894744873 -0.703857421875 -0.595458984375
-0.00641822814941406 -0.0227851867675781 -0.8143310546875 0.298095703125
-0.0101089477539062 -0.0360794067382812 -0.0994873046875 0.70806884765625
-0.00229454040527344 -0.0307750701904297 0.32421875 0.413330078125
0.00206375122070313 -0.00929164886474609 0.30450439453125 -0.0887451171875
0.00671195983886719 -0.00986766815185547 0.096466064453125 -0.32952880859375
-0.0123729705810547 -0.0259151458740234 -0.029388427734375 0.28997802734375
-0.00351715087890625 -0.0361824035644531 -0.252731323242188 0.156845092773437
-0.011962890625 -0.0357246398925781 -0.371246337890625 -0.23504638671875
0.0169563293457031 -0.0403594970703125 -0.0916748046875001 -0.6163330078125
0.0117950439453125 -0.0054473876953125 0.61083984375 -0.46337890625
-0.0123682022094727 0.0162763595581055 0.87884521484375 0.26226806640625
0.00597000122070312 0.021087646484375 0.297607421875 0.5924072265625
-0.00712966918945312 0.0354766845703125 0.0443496704101562 0.132736206054687
0.00685882568359375 0.0367851257324219 -0.0462646484375001 -0.58294677734375
0.0203113555908203 0.00967788696289063 -0.70465087890625 -0.6011962890625
0.0133705139160156 -0.0278968811035156 -0.8109130859375 0.29522705078125
-0.00387954711914063 -0.0497322082519531 -0.101806640625 0.70703125
-0.00426101684570313 -0.03985595703125 0.316314697265625 0.41644287109375
-0.00536346435546875 -0.0125741958618164 0.29693603515625 -0.084075927734375
0.00163412094116211 -0.00804519653320313 0.087432861328125 -0.325836181640625
-0.0162105560302734 -0.0236148834228516 -0.0391845703125 0.292083740234375
-0.00798988342285157 -0.0345726013183594 -0.262466430664063 0.155593872070312
-0.0147323608398437 -0.0367584228515625 -0.37542724609375 -0.242401123046875
0.0217018127441406 -0.0448265075683594 -0.0814208984375 -0.62030029296875
0.0222148895263672 -0.00954818725585938 0.62579345703125 -0.449462890625
0.00304031372070313 0.0205421447753906 0.8736572265625 0.27667236328125
0.0111312866210938 0.0381126403808594 0.28759765625 0.577392578125
-0.0150337219238281 0.058746337890625 0.052581787109375 0.106307983398437
0.00788497924804687 0.0555610656738281 -0.0567016601562501 -0.603271484375
0.0336971282958984 0.0163707733154297 -0.72174072265625 -0.5921630859375
0.0276336669921875 -0.0315895080566406 -0.801025390625 0.313720703125
0.000873565673828126 -0.0544967651367188 -0.0877685546875 0.7047119140625
-0.0060882568359375 -0.0414886474609375 0.3138427734375 0.404632568359375
-0.0110034942626953 -0.0126571655273438 0.288055419921875 -0.087921142578125
-0.00307989120483398 -0.00693750381469727 0.074310302734375 -0.321807861328125
0.00988006591796875 -0.0360298156738281 -0.041717529296875 0.285919189453125
0.0357208251953125 -0.0168952941894531 -0.267654418945313 0.0997772216796875
0.0221061706542969 0.0385932922363281 -0.33575439453125 -0.330230712890625
-0.00684356689453125 0.0594711303710937 0.0428466796875 -0.64898681640625
-0.071441650390625 0.03466796875 0.71209716796875 -0.30694580078125
-0.0774002075195313 -0.0536117553710937 0.79144287109375 0.4697265625
0.0208969116210937 -0.1080322265625 0.17413330078125 0.60406494140625
0.0777664184570313 -0.102470397949219 0.0415916442871094 0.052001953125
0.0172195434570312 -0.0920028686523438 -0.171630859375 -0.5926513671875
-0.0533561706542969 -0.0483169555664062 -0.82568359375 -0.39312744140625
-0.0694389343261719 0.0237541198730469 -0.69537353515625 0.48602294921875
-0.017181396484375 0.0528907775878906 0.06103515625 0.6768798828125
0.0121345520019531 0.0333595275878906 0.375762939453125 0.29144287109375
0.0330352783203125 0.0137710571289062 0.279510498046875 -0.158843994140625
0.0243911743164063 -0.0198326110839844 0.07135009765625 -0.336639404296875
0.00879096984863281 -0.0348377227783203 -0.02825927734375 0.28326416015625
0.0332088470458984 -0.0230598449707031 -0.256546020507812 0.111083984375
0.0212154388427734 0.0276889801025391 -0.34063720703125 -0.308502197265625
-0.00355911254882812 0.0473251342773438 0.0107421875 -0.644287109375
-0.0674018859863281 0.0345077514648438 0.6885986328125 -0.3460693359375
-0.0817031860351563 -0.0438995361328125 0.8165283203125 0.42529296875
0.0117645263671875 -0.103218078613281 0.20355224609375 0.6202392578125
0.0712356567382813 -0.1011962890625 0.0342254638671875 0.0867996215820312
0.0168304443359375 -0.0896453857421875 -0.1441650390625 -0.58013916015625
-0.0514335632324219 -0.0470695495605469 -0.801025390625 -0.43792724609375
-0.0716934204101562 0.0165252685546875 -0.72723388671875 0.44659423828125
-0.022064208984375 0.0413932800292969 0.02728271484375 0.6876220703125
0.0107345581054688 0.0256748199462891 0.3704833984375 0.31793212890625
0.0306644439697266 0.0119495391845703 0.290191650390625 -0.147064208984375
0.0247116088867188 -0.0173549652099609 0.081268310546875 -0.337615966796875
0.00614166259765625 -0.0344982147216797 -0.02001953125 0.283447265625
0.0287380218505859 -0.02789306640625 -0.247802734375 0.124420166015625
0.017277717590332 0.0115652084350586 -0.347808837890625 -0.28216552734375
0.00163650512695312 0.0306262969970703 -0.0239257812499999 -0.6361083984375
-0.0550384521484375 0.0318794250488281 0.6591796875 -0.38775634765625
-0.0777740478515625 -0.0297317504882813 0.840087890625 0.37432861328125
0.00363159179687501 -0.0861740112304688 0.233154296875 0.621826171875
0.05853271484375 -0.0862350463867188 0.0298385620117188 0.118385314941406
0.0151748657226562 -0.0748291015625 -0.11126708984375 -0.56610107421875
-0.0425910949707031 -0.0427169799804687 -0.7698974609375 -0.484619140625
-0.0650634765625 0.00594329833984376 -0.758544921875 0.4013671875
-0.0244464874267578 0.0247669219970703 -0.01068115234375 0.69488525390625
0.00669574737548828 0.0137968063354492 0.3631591796875 0.348297119140625
0.0254154205322266 0.006683349609375 0.299835205078125 -0.130706787109375
0.0220546722412109 -0.0162506103515625 0.091094970703125 -0.3385009765625
0.00207328796386719 -0.0326175689697266 -0.016143798828125 0.283538818359375
0.0202522277832031 -0.0326480865478516 -0.242721557617187 0.137725830078125
0.0110797882080078 -0.00478744506835938 -0.35418701171875 -0.260650634765625
0.00717639923095703 0.00972080230712891 -0.0560913085937501 -0.628662109375
-0.0394973754882813 0.024200439453125 0.63189697265625 -0.42486572265625
-0.0659332275390625 -0.0145988464355469 0.85809326171875 0.323486328125
-0.00076675415039063 -0.0614585876464844 0.26348876953125 0.6221923828125
0.0414352416992188 -0.0614166259765625 0.0296783447265625 0.14141845703125
0.0145301818847656 -0.0501060485839844 -0.083160400390625 -0.557342529296875
-0.0293769836425781 -0.0329093933105469 -0.73687744140625 -0.5289306640625
-0.04888916015625 -0.00556945800781249 -0.78509521484375 0.3544921875
-0.0233497619628906 0.00348854064941406 -0.04766845703125 0.70355224609375
0.00330495834350586 -0.00164437294006348 0.349822998046875 0.37664794921875
0.018524169921875 0.00116348266601563 0.304931640625 -0.11431884765625
0.01824951171875 -0.0136680603027344 0.09820556640625 -0.335601806640625
-0.00361824035644531 -0.0301532745361328 -0.015594482421875 0.283782958984375
0.0117759704589844 -0.0357856750488281 -0.241302490234375 0.147750854492188
0.002197265625 -0.0194091796875 -0.360137939453125 -0.242462158203125
0.0107250213623047 -0.0104513168334961 -0.0806274414062499 -0.6201171875
-0.0212612152099609 0.0145664215087891 0.61187744140625 -0.45147705078125
-0.0492286682128906 -0.00245666503906249 0.8692626953125 0.28125
-0.00205421447753907 -0.0319747924804687 0.28692626953125 0.6136474609375
0.0235996246337891 -0.0283775329589844 0.030670166015625 0.151641845703125
0.0109996795654297 -0.0213184356689453 -0.06243896484375 -0.5556640625
-0.0131950378417969 -0.0192642211914063 -0.71435546875 -0.5655517578125
-0.028289794921875 -0.0159931182861328 -0.8001708984375 0.319091796875
-0.0168552398681641 -0.0177726745605469 -0.0770263671874999 0.705810546875
0.000667572021484374 -0.0174531936645508 0.337371826171875 0.39862060546875
0.0106954574584961 -0.004486083984375 0.30645751953125 -0.098968505859375
0.0123825073242188 -0.0119504928588867 0.100006103515625 -0.332061767578125
-0.00841140747070313 -0.0271339416503906 -0.02020263671875 0.285888671875
0.0035400390625 -0.0366172790527344 -0.243896484375 0.155166625976563
-0.00612068176269531 -0.0294456481933594 -0.364593505859375 -0.232818603515625
0.0135574340820312 -0.0277652740478516 -0.09326171875 -0.6143798828125
-0.00401210784912109 0.00338387489318848 0.6025390625 -0.463134765625
-0.0298004150390625 0.00878334045410157 0.87396240234375 0.2581787109375
0.000973939895629883 -0.0029451847076416 0.296630859375 0.60162353515625
0.00658941268920899 0.00492143630981445 0.0363006591796875 0.147994995117188
0.00823402404785156 0.00916385650634765 -0.04803466796875 -0.561279296875
0.00444459915161133 -0.00370645523071289 -0.700927734375 -0.5904541015625
-0.00579071044921875 -0.0223388671875 -0.80804443359375 0.29815673828125
-0.0109214782714844 -0.0359153747558594 -0.09661865234375 0.70367431640625
-0.00162315368652344 -0.0308361053466797 0.32452392578125 0.41265869140625
0.00196647644042969 -0.00955963134765625 0.302734375 -0.08856201171875
0.00612354278564453 -0.0101642608642578 0.0950927734375 -0.32769775390625
-0.0134735107421875 -0.0257358551025391 -0.02789306640625 0.287139892578125
-0.00360870361328125 -0.0360527038574219 -0.25030517578125 0.158538818359375
-0.0118217468261719 -0.0358810424804688 -0.37103271484375 -0.2314453125
0.0169639587402344 -0.0401535034179688 -0.0933837890625001 -0.61297607421875
0.0112295150756836 -0.00529098510742188 0.606201171875 -0.4642333984375
-0.0111980438232422 0.015838623046875 0.87469482421875 0.25555419921875
0.00612640380859375 0.020355224609375 0.296875 0.58697509765625
-0.0070037841796875 0.0356674194335938 0.0434036254882813 0.131919860839844
0.00710296630859375 0.0365257263183594 -0.04522705078125 -0.57769775390625
0.0199508666992188 0.00920486450195313 -0.69854736328125 -0.596435546875
0.0137748718261719 -0.0278778076171875 -0.805419921875 0.29437255859375
-0.00392913818359375 -0.0490074157714844 -0.09820556640625 0.704345703125
-0.0045318603515625 -0.0388336181640625 0.31591796875 0.412322998046875
-0.00494098663330078 -0.012359619140625 0.294647216796875 -0.084442138671875
0.00115394592285156 -0.00858402252197266 0.0859375 -0.323486328125
-0.0162982940673828 -0.0243339538574219 -0.0379638671875 0.29071044921875
-0.00823020935058594 -0.0340328216552734 -0.260467529296875 0.156539916992187
-0.0143547058105469 -0.0378265380859375 -0.3740234375 -0.238525390625
0.0209579467773438 -0.0448684692382813 -0.0841064453125 -0.61749267578125
0.0216484069824219 -0.00995254516601563 0.621337890625 -0.44921875
0.00295829772949219 0.0200328826904297 0.867919921875 0.271240234375
0.0107269287109375 0.0378189086914063 0.2862548828125 0.57403564453125
-0.0151901245117188 0.0582351684570313 0.0528030395507812 0.105255126953125
0.00811767578125 0.0547065734863281 -0.05609130859375 -0.59722900390625
0.0334739685058594 0.0160694122314453 -0.718505859375 -0.58758544921875
0.0271224975585938 -0.0304965972900391 -0.79302978515625 0.3140869140625
0.000511169433593747 -0.0539894104003906 -0.083740234375 0.70233154296875
-0.006744384765625 -0.040771484375 0.3153076171875 0.401641845703125
-0.0103311538696289 -0.0120096206665039 0.285797119140625 -0.087615966796875
-0.00306081771850586 -0.00687170028686523 0.071746826171875 -0.320526123046875
0.00861740112304688 -0.0365943908691406 -0.039764404296875 0.28436279296875
0.0349502563476563 -0.0174598693847656 -0.2647705078125 0.0994873046874999
0.0215530395507812 0.03826904296875 -0.335723876953125 -0.3282470703125
-0.00690460205078125 0.0581855773925781 0.04052734375 -0.64678955078125
-0.0722274780273437 0.034027099609375 0.70697021484375 -0.30755615234375
-0.07708740234375 -0.0530319213867188 0.78570556640625 0.46551513671875
0.02044677734375 -0.107292175292969 0.1732177734375 0.60064697265625
0.077056884765625 -0.101356506347656 0.0425071716308594 0.0526084899902344
0.01678466796875 -0.0918121337890625 -0.16973876953125 -0.59088134765625
-0.0524864196777344 -0.0475540161132812 -0.82275390625 -0.39044189453125
-0.0704116821289063 0.0240402221679688 -0.6915283203125 0.4857177734375
-0.0176010131835938 0.0519752502441406 0.06182861328125 0.67193603515625
0.0128173828125 0.033843994140625 0.374420166015625 0.2889404296875
0.0328750610351563 0.0131053924560547 0.27716064453125 -0.157943725585938
0.0247039794921875 -0.0197639465332031 0.06982421875 -0.334259033203125
0.00745582580566407 -0.0349788665771484 -0.027099609375 0.281585693359375
0.0323715209960938 -0.0230045318603516 -0.253875732421875 0.11163330078125
0.0214023590087891 0.0269107818603516 -0.340484619140625 -0.3046875
-0.0034942626953125 0.0472412109375 0.00909423828124995 -0.64019775390625
-0.0676536560058594 0.0347480773925781 0.68353271484375 -0.34637451171875
-0.081268310546875 -0.0438385009765625 0.81134033203125 0.4207763671875
0.010986328125 -0.103019714355469 0.20196533203125 0.61370849609375
0.0711517333984375 -0.100090026855469 0.0349197387695313 0.08734130859375
0.0169296264648437 -0.0885467529296875 -0.14337158203125 -0.5743408203125
-0.050384521484375 -0.0475502014160156 -0.7967529296875 -0.4344482421875
-0.0706253051757813 0.0168914794921875 -0.72308349609375 0.44622802734375
-0.0228004455566406 0.0421180725097656 0.0296630859375 0.68377685546875
0.0108470916748047 0.0262737274169922 0.37030029296875 0.315948486328125
0.0309581756591797 0.0108432769775391 0.288055419921875 -0.146728515625
0.0239238739013672 -0.0178165435791016 0.080169677734375 -0.3359375
0.00531196594238282 -0.0346164703369141 -0.0198211669921875 0.2811279296875
0.0279121398925781 -0.0283203125 -0.2462158203125 0.1251220703125
0.0180072784423828 0.0108814239501953 -0.346771240234375 -0.279296875
0.00189018249511719 0.0303020477294922 -0.02734375 -0.6322021484375
-0.0552635192871094 0.0316963195800781 0.65399169921875 -0.38726806640625
-0.0770187377929687 -0.0294723510742187 0.8350830078125 0.36920166015625
0.0038299560546875 -0.085845947265625 0.23223876953125 0.62066650390625
0.0590057373046875 -0.0856399536132813 0.030029296875 0.117996215820313
0.0161819458007813 -0.0741806030273438 -0.110015869140625 -0.56201171875
-0.0422630310058594 -0.0425453186035156 -0.7645263671875 -0.48211669921875
-0.0639610290527344 0.00675964355468749 -0.75360107421875 0.3995361328125
-0.0241794586181641 0.0250205993652344 -0.00878906249999995 0.69287109375
0.00702667236328125 0.0136289596557617 0.361297607421875 0.347015380859375
0.0257148742675781 0.0065460205078125 0.29730224609375 -0.130218505859375
0.0211143493652344 -0.0162353515625 0.090667724609375 -0.337249755859375
0.00184059143066406 -0.0324134826660156 -0.0150909423828125 0.281097412109375
0.0198898315429688 -0.0325660705566406 -0.240509033203125 0.137863159179688
0.0110692977905273 -0.00534725189208984 -0.352264404296875 -0.257293701171875
0.0073699951171875 0.00933837890625 -0.0589599609375 -0.625244140625
-0.0386848449707031 0.0242118835449219 0.62786865234375 -0.42474365234375
-0.0655860900878906 -0.0145492553710937 0.85296630859375 0.3193359375
-0.00114059448242188 -0.061553955078125 0.26177978515625 0.61798095703125
0.0411758422851563 -0.0596733093261719 0.0291595458984375 0.140594482421875
0.014373779296875 -0.05084228515625 -0.082183837890625 -0.55279541015625
-0.0289497375488281 -0.0331802368164062 -0.7342529296875 -0.5267333984375
-0.049713134765625 -0.00462341308593751 -0.77899169921875 0.35418701171875
-0.02301025390625 0.004241943359375 -0.0469970703125 0.699462890625
0.00365090370178223 -0.00236010551452637 0.3499755859375 0.374664306640625
0.0181140899658203 0.000934600830078125 0.302825927734375 -0.11431884765625
0.0175590515136719 -0.0133266448974609 0.097259521484375 -0.3348388671875
-0.003936767578125 -0.0312099456787109 -0.014617919921875 0.2828369140625
0.0114479064941406 -0.0352020263671875 -0.239959716796875 0.147796630859375
0.00284957885742187 -0.0188350677490234 -0.3594970703125 -0.24078369140625
0.0110740661621094 -0.0107908248901367 -0.0811767578125 -0.61688232421875
-0.0211067199707031 0.0142116546630859 0.608154296875 -0.4510498046875
-0.0486488342285156 -0.001251220703125 0.8653564453125 0.27880859375
-0.00137138366699219 -0.0324993133544922 0.28411865234375 0.60833740234375
0.023956298828125 -0.0278606414794922 0.030975341796875 0.150543212890625
0.0117835998535156 -0.0216808319091797 -0.059967041015625 -0.55230712890625
-0.0123748779296875 -0.0186614990234375 -0.71148681640625 -0.56072998046875
-0.0287055969238281 -0.0148830413818359 -0.79608154296875 0.31866455078125
-0.0182285308837891 -0.0174140930175781 -0.0762329101562501 0.70233154296875
0.000550270080566406 -0.0171804428100586 0.33575439453125 0.39630126953125
0.0101470947265625 -0.00424575805664063 0.30419921875 -0.099761962890625
0.0122690200805664 -0.0120220184326172 0.098480224609375 -0.33111572265625
-0.00911712646484375 -0.0277938842773437 -0.01922607421875 0.28424072265625
0.0025482177734375 -0.0365066528320313 -0.241851806640625 0.155960083007813
-0.00489997863769532 -0.0297451019287109 -0.36444091796875 -0.230072021484375
0.0150318145751953 -0.0283870697021484 -0.0948486328125001 -0.61187744140625
-0.0041964054107666 0.00345611572265625 0.5980224609375 -0.4627685546875
-0.0292205810546875 0.00800514221191407 0.87115478515625 0.25433349609375
0.000929355621337891 -0.00405645370483398 0.295166015625 0.59722900390625
0.0061187744140625 0.00553798675537109 0.036865234375 0.147689819335937
0.00799179077148438 0.00891017913818359 -0.046722412109375 -0.55810546875
0.00550127029418945 -0.00355195999145508 -0.69708251953125 -0.585205078125
-0.00649452209472656 -0.0219745635986328 -0.8037109375 0.29913330078125
-0.0107383728027344 -0.0360298156738281 -0.0933227539062501 0.70196533203125
-0.00163459777832031 -0.0302600860595703 0.32476806640625 0.408203125
0.00223064422607422 -0.00953197479248047 0.300811767578125 -0.08917236328125
0.00594997406005859 -0.00931453704833984 0.094329833984375 -0.3267822265625
-0.0144557952880859 -0.0252628326416016 -0.027313232421875 0.286956787109375
-0.003662109375 -0.0364875793457031 -0.248489379882813 0.157821655273438
-0.0122146606445313 -0.0358047485351563 -0.36962890625 -0.22869873046875
0.0167503356933594 -0.0403366088867188 -0.0939941406250001 -0.60882568359375
0.00995826721191406 -0.00551033020019531 0.60107421875 -0.46209716796875
-0.0113372802734375 0.0159111022949219 0.86895751953125 0.25201416015625
0.00537872314453125 0.019866943359375 0.29595947265625 0.58392333984375
-0.00770950317382812 0.036041259765625 0.04437255859375 0.131927490234375
0.0070953369140625 0.0364646911621094 -0.046142578125 -0.5728759765625
0.02130126953125 0.00887680053710938 -0.6968994140625 -0.5914306640625
0.0134773254394531 -0.0274505615234375 -0.7998046875 0.296875
-0.00458526611328125 -0.0484237670898438 -0.09613037109375 0.70086669921875
-0.00320816040039063 -0.038665771484375 0.316986083984375 0.410400390625
-0.00586605072021484 -0.0128555297851563 0.292144775390625 -0.085205078125
0.00103569030761719 -0.00805091857910156 0.0843505859375 -0.321807861328125
-0.0179481506347656 -0.0250778198242188 -0.03662109375 0.28826904296875
-0.00849533081054687 -0.0352058410644531 -0.257217407226563 0.156723022460937
-0.0140914916992188 -0.03704833984375 -0.372955322265625 -0.237213134765625
0.021026611328125 -0.0448150634765625 -0.0849609375 -0.61444091796875
0.0215396881103516 -0.0102176666259766 0.6187744140625 -0.4486083984375
0.00322532653808594 0.0200271606445312 0.8648681640625 0.26885986328125
0.0102767944335938 0.0374107360839844 0.2841796875 0.57025146484375
-0.0150833129882812 0.0589370727539063 0.0533905029296875 0.106170654296875
0.00891876220703125 0.0558624267578125 -0.05584716796875 -0.592529296875
0.0334930419921875 0.0158519744873047 -0.71563720703125 -0.581787109375
0.02642822265625 -0.0300197601318359 -0.78912353515625 0.31402587890625
0.000228881835937503 -0.0537490844726563 -0.08221435546875 0.7001953125
-0.00624465942382812 -0.0407981872558594 0.315521240234375 0.400421142578125
-0.0104684829711914 -0.0118856430053711 0.283416748046875 -0.087677001953125
-0.00292634963989258 -0.0066828727722168 0.07110595703125 -0.318572998046875
0.00754547119140625 -0.0362396240234375 -0.038177490234375 0.282196044921875
0.0341796875 -0.0175552368164063 -0.262939453125 0.101394653320313
0.0227088928222656 0.0380821228027344 -0.334014892578125 -0.324127197265625
-0.00674438476562501 0.057891845703125 0.04010009765625 -0.64471435546875
-0.0722885131835938 0.034759521484375 0.702880859375 -0.30560302734375
-0.0771102905273438 -0.0528640747070313 0.781982421875 0.4605712890625
0.0206832885742187 -0.106842041015625 0.17242431640625 0.5965576171875
0.0761947631835938 -0.100715637207031 0.0429420471191406 0.0529136657714844
0.0166702270507812 -0.091339111328125 -0.16815185546875 -0.58642578125
-0.0517044067382813 -0.0468673706054687 -0.81829833984375 -0.38726806640625
-0.07000732421875 0.0247306823730469 -0.68609619140625 0.4847412109375
-0.0171546936035156 0.0523910522460938 0.0631713867187501 0.6695556640625
0.0135765075683594 0.0330257415771484 0.37384033203125 0.28875732421875
0.0329170227050781 0.0136070251464844 0.27545166015625 -0.158432006835938
0.0252227783203125 -0.0195693969726563 0.0694580078125 -0.333831787109375
0.00702285766601562 -0.034912109375 -0.0255889892578125 0.279327392578125
0.031402587890625 -0.0240097045898438 -0.251312255859375 0.11163330078125
0.0215167999267578 0.0261421203613281 -0.33978271484375 -0.30218505859375
-0.00214385986328125 0.0468940734863281 0.00610351562500003 -0.63800048828125
-0.0678596496582031 0.0350303649902344 0.6776123046875 -0.34564208984375
-0.079925537109375 -0.0433883666992187 0.80841064453125 0.41644287109375
0.0108261108398438 -0.102691650390625 0.20111083984375 0.61181640625
0.0700836181640625 -0.0996322631835938 0.0356369018554688 0.0876922607421875
0.01654052734375 -0.088653564453125 -0.14117431640625 -0.5716552734375
-0.0495452880859375 -0.0471153259277344 -0.7933349609375 -0.43231201171875
-0.0711669921875 0.01763916015625 -0.71759033203125 0.446044921875
-0.0221443176269531 0.041900634765625 0.03118896484375 0.68072509765625
0.0113563537597656 0.0262508392333984 0.369873046875 0.31329345703125
0.0307750701904297 0.0107574462890625 0.28570556640625 -0.14654541015625
0.0241737365722656 -0.0170173645019531 0.078521728515625 -0.33544921875
0.00414657592773437 -0.0343055725097656 -0.018157958984375 0.2796630859375
0.0267772674560547 -0.0285930633544922 -0.243499755859375 0.125030517578125
0.0179481506347656 0.0112590789794922 -0.346832275390625 -0.278900146484375
0.00228500366210938 0.0295619964599609 -0.02789306640625 -0.63031005859375
-0.0557022094726562 0.0318260192871094 0.65106201171875 -0.3875732421875
-0.0763397216796875 -0.02923583984375 0.8289794921875 0.36383056640625
0.00286865234374999 -0.0855865478515625 0.23028564453125 0.61688232421875
0.0576019287109375 -0.0842819213867188 0.0307464599609375 0.117729187011719
0.0157699584960937 -0.0746078491210938 -0.10919189453125 -0.5582275390625
-0.0422134399414063 -0.0428848266601563 -0.76043701171875 -0.478271484375
-0.0636367797851563 0.00675582885742188 -0.7474365234375 0.399169921875
-0.0245838165283203 0.0252456665039063 -0.00677490234375003 0.68994140625
0.00748252868652344 0.013249397277832 0.360260009765625 0.34521484375
0.0258464813232422 0.00647926330566406 0.296051025390625 -0.1307373046875
0.0217247009277344 -0.0149211883544922 0.0887451171875 -0.335205078125
3.05175781249974E-05 -0.0324840545654297 -0.014007568359375 0.279861450195313
0.0190792083740234 -0.0336513519287109 -0.23809814453125 0.138107299804687
0.0114011764526367 -0.00536727905273438 -0.3525390625 -0.256500244140625
0.00705909729003906 0.00897693634033203 -0.0598754882812501 -0.62347412109375
-0.0395088195800781 0.0242042541503906 0.624267578125 -0.42388916015625
-0.0652885437011719 -0.0149497985839844 0.8486328125 0.3148193359375
-0.00134658813476563 -0.060211181640625 0.2606201171875 0.61517333984375
0.0408439636230469 -0.0595703125 0.0294647216796875 0.140762329101563
0.0141372680664063 -0.0505905151367187 -0.0816650390625 -0.54901123046875
-0.0279293060302734 -0.0324974060058594 -0.73150634765625 -0.52203369140625
-0.0494346618652344 -0.00444793701171875 -0.77685546875 0.3538818359375
-0.0232448577880859 0.00387382507324219 -0.0449829101562499 0.697265625
0.0032656192779541 -0.00184082984924316 0.349365234375 0.372467041015625
0.0186309814453125 0.000322341918945313 0.301177978515625 -0.1143798828125
0.0167522430419922 -0.0135898590087891 0.09521484375 -0.332427978515625
-0.00420188903808593 -0.0300331115722656 -0.01416015625 0.28076171875
0.0110626220703125 -0.0362701416015625 -0.237106323242188 0.1480712890625
0.00255584716796875 -0.0192279815673828 -0.35699462890625 -0.238006591796875
0.0111761093139648 -0.0110588073730469 -0.08245849609375 -0.614501953125
-0.0219211578369141 0.0139904022216797 0.60321044921875 -0.451171875
-0.0481224060058594 -0.000980377197265621 0.85919189453125 0.27569580078125
-0.00240135192871094 -0.0324230194091797 0.2825927734375 0.60638427734375
0.0231037139892578 -0.0278797149658203 0.0318756103515625 0.150192260742188
0.0118865966796875 -0.0214710235595703 -0.060150146484375 -0.547393798828125
-0.0114688873291016 -0.0183010101318359 -0.70703125 -0.557861328125
-0.0285911560058594 -0.0146503448486328 -0.7919921875 0.31805419921875
-0.0186290740966797 -0.0174732208251953 -0.0741577148437501 0.70098876953125
0.000817298889160156 -0.0172052383422852 0.336944580078125 0.394561767578125
0.0110397338867188 -0.00472640991210938 0.302520751953125 -0.099029541015625
0.0111532211303711 -0.0115346908569336 0.09686279296875 -0.329437255859375
-0.0108318328857422 -0.0282649993896484 -0.018157958984375 0.2825927734375
0.00246429443359375 -0.0370140075683594 -0.239501953125 0.155731201171875
-0.00560379028320313 -0.0296611785888672 -0.363311767578125 -0.228790283203125
0.0151710510253906 -0.0291080474853516 -0.0953979492187499 -0.60845947265625
-0.00452184677124023 0.00261735916137695 0.59564208984375 -0.460205078125
-0.0291252136230469 0.00880432128906251 0.864501953125 0.2513427734375
0.000478744506835938 -0.00347423553466797 0.29376220703125 0.593994140625
0.00645589828491211 0.00542449951171875 0.036376953125 0.147048950195313
0.00863742828369141 0.00905799865722656 -0.04638671875 -0.5545654296875
0.00529956817626953 -0.00351047515869141 -0.69451904296875 -0.58233642578125
-0.0054473876953125 -0.0224456787109375 -0.798095703125 0.2969970703125
-0.0123405456542969 -0.0359916687011719 -0.0918579101562501 0.6998291015625
-0.00129318237304687 -0.029998779296875 0.32415771484375 0.4078369140625
0.00291156768798828 -0.00923919677734375 0.298431396484375 -0.088775634765625
0.006134033203125 -0.00900459289550781 0.092254638671875 -0.325347900390625
-0.015380859375 -0.0259895324707031 -0.025543212890625 0.28515625
-0.00469207763671875 -0.0367393493652344 -0.245590209960937 0.158905029296875
-0.0111198425292969 -0.03656005859375 -0.3675537109375 -0.227142333984375
0.0176239013671875 -0.0406570434570313 -0.0952758789062499 -0.60797119140625
0.00924110412597656 -0.00547122955322266 0.59576416015625 -0.46087646484375
-0.0113449096679688 0.0153179168701172 0.8651123046875 0.2490234375
0.00444984436035156 0.0194168090820313 0.29449462890625 0.57904052734375
-0.00769805908203125 0.0358047485351563 0.0446853637695312 0.1317138671875
0.006561279296875 0.0356559753417969 -0.04388427734375 -0.568359375
0.0209140777587891 0.00845718383789062 -0.694580078125 -0.58709716796875
0.0135898590087891 -0.0273361206054687 -0.7969970703125 0.2945556640625
-0.00464630126953125 -0.0477561950683594 -0.09375 0.69976806640625
-0.00362014770507812 -0.0381278991699219 0.31640625 0.40765380859375
-0.00427436828613281 -0.0121574401855469 0.290679931640625 -0.08587646484375
0.0010380744934082 -0.00775957107543945 0.0838623046875 -0.321868896484375
-0.0185985565185547 -0.0246219635009766 -0.03533935546875 0.287811279296875
-0.0089111328125 -0.0360031127929688 -0.255783081054687 0.157196044921875
-0.0140724182128906 -0.0371742248535156 -0.37200927734375 -0.23431396484375
0.0212554931640625 -0.0457077026367188 -0.0858764648437501 -0.6102294921875
0.0205135345458984 -0.00979232788085938 0.61175537109375 -0.4486083984375
0.00290870666503906 0.0192680358886719 0.8614501953125 0.26409912109375
0.0101127624511719 0.0367507934570313 0.282470703125 0.567626953125
-0.0158119201660156 0.0585212707519531 0.0529861450195313 0.106124877929688
0.00827407836914062 0.0547752380371094 -0.05316162109375 -0.5892333984375
0.0339927673339844 0.0154895782470703 -0.71087646484375 -0.578125
0.0267658233642578 -0.0302982330322266 -0.78619384765625 0.31536865234375
-0.000503540039062505 -0.0536270141601562 -0.0797729492187499 0.69696044921875
-0.00603103637695313 -0.0398139953613281 0.315032958984375 0.398956298828125
-0.00936126708984375 -0.0127696990966797 0.281280517578125 -0.087554931640625
-0.00303840637207031 -0.00661516189575195 0.069061279296875 -0.31768798828125
0.00716400146484375 -0.0361289978027344 -0.037139892578125 0.281524658203125
0.0337409973144531 -0.0183353424072266 -0.260940551757813 0.100326538085937
0.0227088928222656 0.0377311706542969 -0.332916259765625 -0.32330322265625
-0.00649261474609375 0.0573692321777344 0.0382080078125 -0.6409912109375
-0.073028564453125 0.0343704223632813 0.69927978515625 -0.305908203125
-0.0759429931640625 -0.0522232055664063 0.77886962890625 0.456298828125
0.019866943359375 -0.10662841796875 0.1705322265625 0.59552001953125
0.0753173828125 -0.100471496582031 0.0438804626464844 0.0543060302734375
0.016021728515625 -0.091339111328125 -0.16583251953125 -0.58319091796875
-0.0512924194335938 -0.0468368530273438 -0.8125 -0.38604736328125
-0.0696334838867188 0.0245819091796875 -0.68267822265625 0.4813232421875
-0.0177001953125 0.0525360107421875 0.0653686523437501 0.66827392578125
0.0133724212646484 0.0337371826171875 0.372772216796875 0.286651611328125
0.0330448150634766 0.0135936737060547 0.272857666015625 -0.157974243164063
0.024871826171875 -0.0200920104980469 0.068389892578125 -0.333160400390625
0.00571441650390625 -0.0344352722167969 -0.0249786376953125 0.278366088867187
0.0314979553222656 -0.0234584808349609 -0.25 0.1121826171875
0.0217971801757813 0.026519775390625 -0.33868408203125 -0.2999267578125
-0.00334930419921875 0.0451889038085937 0.00451660156250001 -0.6343994140625
-0.0680160522460937 0.0347709655761719 0.6748046875 -0.34259033203125
-0.0799789428710938 -0.0426864624023438 0.8033447265625 0.41314697265625
0.010406494140625 -0.102272033691406 0.1990966796875 0.60845947265625
0.0694808959960938 -0.098907470703125 0.0363311767578125 0.0877227783203125
0.0164108276367188 -0.0882720947265625 -0.1387939453125 -0.56768798828125
-0.0493507385253906 -0.0469398498535156 -0.78985595703125 -0.42919921875
-0.0705108642578125 0.0182876586914062 -0.7144775390625 0.443359375
-0.022430419921875 0.0415878295898437 0.0299072265625 0.679931640625
0.0113925933837891 0.0258216857910156 0.368377685546875 0.312286376953125
0.0307025909423828 0.0101032257080078 0.28436279296875 -0.1458740234375
0.0245018005371094 -0.0173225402832031 0.078216552734375 -0.334320068359375
0.00396728515625 -0.0339832305908203 -0.017547607421875 0.27850341796875
0.0265064239501953 -0.0285148620605469 -0.242431640625 0.125381469726563
0.0180950164794922 0.0100994110107422 -0.344940185546875 -0.27557373046875
0.00258064270019532 0.0289764404296875 -0.0291137695312501 -0.62762451171875
-0.0557937622070313 0.0317039489746094 0.64703369140625 -0.3857421875
-0.076324462890625 -0.02984619140625 0.82574462890625 0.3626708984375
0.00308227539062501 -0.0846023559570312 0.22869873046875 0.61334228515625
0.0570449829101563 -0.084228515625 0.0313796997070313 0.119216918945313
0.0158843994140625 -0.0734939575195312 -0.108245849609375 -0.555328369140625
-0.0411834716796875 -0.0423202514648437 -0.75799560546875 -0.47625732421875
-0.0641059875488281 0.006988525390625 -0.747314453125 0.3984375
-0.0247383117675781 0.0242691040039063 -0.00616455078125 0.68780517578125
0.00754165649414063 0.0131587982177734 0.3604736328125 0.343475341796875
0.025787353515625 0.00557518005371094 0.2940673828125 -0.130523681640625
0.02197265625 -0.0157413482666016 0.08795166015625 -0.33489990234375
-0.000923156738281247 -0.0327510833740234 -0.012908935546875 0.27886962890625
0.0185623168945313 -0.0338363647460938 -0.237075805664062 0.138534545898437
0.0116233825683594 -0.00588893890380859 -0.351837158203125 -0.254669189453125
0.00814247131347656 0.00837564468383789 -0.05963134765625 -0.6201171875
-0.0396766662597656 0.0246162414550781 0.62213134765625 -0.42279052734375
-0.0650177001953125 -0.0142784118652344 0.8455810546875 0.31207275390625
-0.00193405151367187 -0.0603828430175781 0.25836181640625 0.613037109375
0.0414276123046875 -0.0586662292480469 0.030792236328125 0.140174865722656
0.0145683288574219 -0.0502471923828125 -0.08062744140625 -0.547698974609375
-0.0273265838623047 -0.0320682525634766 -0.72705078125 -0.51971435546875
-0.0492973327636719 -0.00448989868164063 -0.7720947265625 0.35223388671875
-0.0236663818359375 0.00370979309082031 -0.0447998046875 0.69415283203125
0.00383424758911133 -0.00172519683837891 0.3492431640625 0.37115478515625
0.0185508728027344 0.000148773193359375 0.300140380859375 -0.11431884765625
0.0171966552734375 -0.0130758285522461 0.0943603515625 -0.33209228515625
-0.00562858581542969 -0.0300235748291016 -0.01324462890625 0.279098510742187
0.0101890563964844 -0.0360374450683594 -0.235000610351563 0.148696899414063
0.00269699096679688 -0.0197124481201172 -0.358489990234375 -0.23736572265625
0.0113296508789063 -0.0110225677490234 -0.0839843750000001 -0.6121826171875
-0.0223903656005859 0.0149002075195313 0.601318359375 -0.44781494140625
-0.0481910705566406 -0.00140380859374999 0.85577392578125 0.27008056640625
-0.00271034240722656 -0.0319156646728516 0.28009033203125 0.60284423828125
0.0230159759521484 -0.0272216796875 0.031494140625 0.150848388671875
0.0114345550537109 -0.0211029052734375 -0.058685302734375 -0.545074462890625
-0.0106620788574219 -0.0183296203613281 -0.70257568359375 -0.55340576171875
-0.027557373046875 -0.0136909484863281 -0.787841796875 0.3173828125
-0.0190525054931641 -0.0171070098876953 -0.07196044921875 0.6968994140625
0.000963211059570312 -0.0169897079467773 0.335845947265625 0.392425537109375
0.0103073120117188 -0.00503158569335938 0.300689697265625 -0.09857177734375
0.0121307373046875 -0.0108833312988281 0.09698486328125 -0.32830810546875
-0.0116443634033203 -0.028289794921875 -0.016998291015625 0.281646728515625
0.00112152099609375 -0.0375442504882813 -0.238571166992188 0.1549072265625
-0.00442695617675781 -0.0300140380859375 -0.36346435546875 -0.226165771484375
0.0149326324462891 -0.0290260314941406 -0.0962524414062499 -0.6072998046875
-0.00506067276000977 0.00296497344970703 0.5914306640625 -0.46142578125
-0.0288753509521484 0.00916099548339844 0.86181640625 0.24786376953125
0.000539541244506836 -0.0035712718963623 0.2916259765625 0.59326171875
0.00505161285400391 0.00602626800537109 0.0378875732421875 0.147613525390625
0.00759696960449219 0.00922489166259766 -0.0439147949218751 -0.551910400390625
0.00609731674194336 -0.00303459167480469 -0.68853759765625 -0.58013916015625
-0.00600624084472656 -0.0219478607177734 -0.7960205078125 0.29632568359375
-0.0120964050292969 -0.0357284545898437 -0.0931396484375 0.69903564453125
-0.00127601623535156 -0.0300273895263672 0.324493408203125 0.40557861328125
0.00227546691894531 -0.00963306427001953 0.29730224609375 -0.08856201171875
0.00629806518554688 -0.00949287414550781 0.091522216796875 -0.32305908203125
-0.0157146453857422 -0.0258579254150391 -0.025238037109375 0.2840576171875
-0.00506591796875 -0.0372390747070313 -0.244171142578125 0.158660888671875
-0.0113792419433594 -0.0361366271972656 -0.36700439453125 -0.22613525390625
0.0171699523925781 -0.0406455993652344 -0.09710693359375 -0.60577392578125
0.00925827026367188 -0.00506305694580078 0.5931396484375 -0.459228515625
-0.0115585327148437 0.0151500701904297 0.86083984375 0.244873046875
0.00538063049316406 0.0199851989746094 0.2916259765625 0.57757568359375
-0.0081634521484375 0.0361366271972656 0.0439605712890625 0.132118225097656
0.006927490234375 0.0361404418945313 -0.0413818359375 -0.567138671875
0.0215435028076172 0.00913047790527344 -0.68939208984375 -0.58551025390625
0.0132160186767578 -0.0271873474121094 -0.7945556640625 0.29541015625
-0.00542068481445312 -0.0480537414550781 -0.093017578125 0.69683837890625
-0.00329971313476563 -0.0378227233886719 0.31689453125 0.40704345703125
-0.00406169891357422 -0.0123844146728516 0.289306640625 -0.0858154296875
0.00080108642578125 -0.0084681510925293 0.08258056640625 -0.320556640625
-0.0199413299560547 -0.0250625610351563 -0.035064697265625 0.286834716796875
-0.00957870483398438 -0.0357666015625 -0.253677368164063 0.157516479492188
-0.0137672424316406 -0.0369110107421875 -0.370758056640625 -0.23321533203125
0.0217208862304687 -0.0457038879394531 -0.0865478515624999 -0.609130859375
0.0203361511230469 -0.00980567932128906 0.6094970703125 -0.446533203125
0.002838134765625 0.0193729400634766 0.85772705078125 0.26080322265625
0.0102119445800781 0.0360298156738281 0.28118896484375 0.564453125
-0.0156517028808594 0.0584068298339844 0.0534820556640625 0.105987548828125
0.00917434692382812 0.0547218322753906 -0.0527343750000001 -0.586669921875
0.0341663360595703 0.0159816741943359 -0.70770263671875 -0.57550048828125
0.0259933471679688 -0.0298595428466797 -0.783447265625 0.31329345703125
-0.00114822387695312 -0.053863525390625 -0.0788574218749999 0.69537353515625
-0.00577163696289063 -0.0398941040039063 0.314239501953125 0.39703369140625
-0.00926589965820313 -0.0123691558837891 0.280059814453125 -0.087646484375
-0.00298547744750977 -0.00663471221923828 0.069244384765625 -0.316864013671875
0.00562286376953125 -0.036712646484375 -0.0368804931640625 0.280853271484375
0.0321636199951172 -0.0188694000244141 -0.259368896484375 0.10137939453125
0.0230865478515625 0.0367813110351563 -0.3338623046875 -0.321563720703125
-0.00690078735351563 0.056365966796875 0.03802490234375 -0.6392822265625
-0.072906494140625 0.03521728515625 0.69757080078125 -0.30462646484375
-0.075164794921875 -0.0524673461914062 0.77508544921875 0.4539794921875
0.0190887451171875 -0.106452941894531 0.16827392578125 0.5946044921875
0.0749588012695312 -0.0998077392578125 0.0435028076171875 0.0542411804199219
0.0169754028320313 -0.0909957885742188 -0.1634521484375 -0.58203125
-0.0505409240722656 -0.0479278564453125 -0.8121337890625 -0.385498046875
-0.0704879760742188 0.0256195068359375 -0.68243408203125 0.482421875
-0.0173873901367187 0.0518913269042969 0.065185546875 0.666015625
0.0136604309082031 0.0339031219482422 0.372589111328125 0.28662109375
0.0333118438720703 0.012969970703125 0.271820068359375 -0.158279418945313
0.0245952606201172 -0.0193881988525391 0.067474365234375 -0.332794189453125
0.0054168701171875 -0.0346336364746094 -0.0239715576171875 0.27764892578125
0.0304641723632813 -0.0243625640869141 -0.248153686523438 0.112030029296875
0.0221138000488281 0.0249366760253906 -0.33831787109375 -0.3001708984375
-0.00273513793945313 0.0450325012207031 0.00537109374999998 -0.63409423828125
-0.0682411193847656 0.0358085632324219 0.6727294921875 -0.34283447265625
-0.0799942016601562 -0.0432586669921875 0.80059814453125 0.412353515625
0.0111236572265625 -0.102035522460938 0.19830322265625 0.6075439453125
0.06884765625 -0.098480224609375 0.0361328125 0.0875625610351563
0.016632080078125 -0.0875625610351563 -0.13543701171875 -0.5654296875
-0.0494766235351562 -0.047149658203125 -0.78619384765625 -0.43048095703125
-0.07135009765625 0.0174179077148438 -0.71356201171875 0.44342041015625
-0.0228500366210937 0.0411949157714844 0.03143310546875 0.6776123046875
0.0112018585205078 0.0260276794433594 0.367462158203125 0.311187744140625
0.0309829711914063 0.0100135803222656 0.28289794921875 -0.145782470703125
0.0244159698486328 -0.0168704986572266 0.077392578125 -0.3333740234375
0.0029449462890625 -0.0331707000732422 -0.0165863037109375 0.277664184570313
0.0257072448730469 -0.0295658111572266 -0.240737915039063 0.12530517578125
0.0183887481689453 0.00989913940429688 -0.34490966796875 -0.27484130859375
0.00270652770996094 0.0285854339599609 -0.03033447265625 -0.62646484375
-0.0562782287597656 0.0319709777832031 0.64581298828125 -0.38446044921875
-0.0748443603515625 -0.02978515625 0.82269287109375 0.3604736328125
0.00289154052734374 -0.0851669311523438 0.22723388671875 0.6131591796875
0.0577774047851563 -0.083587646484375 0.031646728515625 0.119636535644531
0.0160980224609375 -0.073333740234375 -0.104888916015625 -0.553314208984375
-0.0405616760253906 -0.0421714782714844 -0.7545166015625 -0.47625732421875
-0.0638275146484375 0.00744247436523438 -0.74395751953125 0.39520263671875
-0.0247955322265625 0.0250282287597656 -0.00482177734375003 0.68682861328125
0.00766658782958984 0.0131006240844727 0.360137939453125 0.342041015625
0.0257701873779297 0.00594711303710938 0.2930908203125 -0.12969970703125
0.0220088958740234 -0.0153980255126953 0.08770751953125 -0.33428955078125
-0.00165367126464844 -0.0321846008300781 -0.012786865234375 0.277481079101563
0.0190525054931641 -0.03399658203125 -0.235549926757813 0.138519287109375
0.0111007690429688 -0.00557518005371094 -0.35003662109375 -0.253265380859375
0.0069127082824707 0.00835657119750977 -0.06121826171875 -0.618896484375
-0.040008544921875 0.0245704650878906 0.6199951171875 -0.42095947265625
-0.0639190673828125 -0.0150566101074219 0.84228515625 0.3106689453125
-0.0021209716796875 -0.0603561401367188 0.25579833984375 0.6102294921875
0.0399322509765625 -0.0581398010253906 0.03125 0.14031982421875
0.0142593383789062 -0.0496406555175781 -0.077850341796875 -0.5440673828125
-0.0277328491210938 -0.0319252014160156 -0.7254638671875 -0.5189208984375
-0.0485916137695313 -0.00419616699218751 -0.77203369140625 0.35296630859375
-0.0237617492675781 0.00414466857910156 -0.04229736328125 0.69378662109375
0.00409197807312012 -0.00142025947570801 0.346710205078125 0.371856689453125
0.0188827514648437 0.0008392333984375 0.298309326171875 -0.113983154296875
0.0171213150024414 -0.0133657455444336 0.094512939453125 -0.3316650390625
-0.00615882873535156 -0.0299053192138672 -0.0128936767578125 0.280227661132813
0.0101966857910156 -0.0370979309082031 -0.234283447265625 0.148239135742188
0.00308418273925781 -0.0198688507080078 -0.3564453125 -0.23529052734375
0.0114345550537109 -0.0123205184936523 -0.08465576171875 -0.61077880859375
-0.0223121643066406 0.0141334533691406 0.59820556640625 -0.447998046875
-0.0470504760742188 -0.00164413452148437 0.853759765625 0.26922607421875
-0.00254440307617188 -0.0315818786621094 0.2781982421875 0.601806640625
0.0224552154541016 -0.0271472930908203 0.0328826904296875 0.150802612304688
0.0109996795654297 -0.0208492279052734 -0.05609130859375 -0.542816162109375
-0.0109348297119141 -0.018035888671875 -0.7001953125 -0.55303955078125
-0.0288238525390625 -0.0136070251464844 -0.78515625 0.31488037109375
-0.0189170837402344 -0.0165519714355469 -0.0728759765625 0.696044921875
0.00154781341552734 -0.0168943405151367 0.334197998046875 0.393280029296875
0.0114173889160156 -0.00536346435546875 0.299163818359375 -0.099395751953125
0.011906623840332 -0.0108213424682617 0.095703125 -0.327545166015625
-0.0118904113769531 -0.0280971527099609 -0.017578125 0.281341552734375
0.00176239013671875 -0.0371513366699219 -0.236679077148437 0.1552734375
-0.00494003295898438 -0.0301151275634766 -0.36248779296875 -0.226104736328125
0.0144748687744141 -0.0289287567138672 -0.09716796875 -0.60662841796875
-0.00455522537231445 0.0036168098449707 0.5908203125 -0.4578857421875
-0.0291862487792969 0.00799942016601563 0.85888671875 0.246337890625
0.000269174575805664 -0.00331377983093262 0.2889404296875 0.58941650390625
0.00547981262207031 0.00626993179321289 0.03741455078125 0.14776611328125
0.00733089447021484 0.00909805297851563 -0.042144775390625 -0.549346923828125
0.00622940063476563 -0.00422191619873047 -0.68646240234375 -0.57763671875
-0.00604820251464844 -0.0208797454833984 -0.79632568359375 0.29608154296875
-0.0125579833984375 -0.035308837890625 -0.09136962890625 0.6959228515625
-0.00126266479492188 -0.0300235748291016 0.3226318359375 0.405029296875
0.0027618408203125 -0.00943565368652344 0.295440673828125 -0.0877685546875
0.00630760192871094 -0.00889682769775391 0.091217041015625 -0.32342529296875
-0.0168266296386719 -0.0251712799072266 -0.024627685546875 0.2838134765625
-0.005035400390625 -0.0366706848144531 -0.243820190429688 0.15789794921875
-0.010955810546875 -0.0368080139160156 -0.366912841796875 -0.225677490234375
0.0182723999023438 -0.0421981811523438 -0.0970458984375 -0.601806640625
0.00856208801269531 -0.00520038604736328 0.59210205078125 -0.4571533203125
-0.0111255645751953 0.0153675079345703 0.85906982421875 0.244873046875
0.00481033325195312 0.0198593139648438 0.28887939453125 0.576416015625
-0.00783538818359375 0.0359573364257813 0.0452804565429687 0.132049560546875
0.00725936889648438 0.03619384765625 -0.0400390625000001 -0.562286376953125
0.0215187072753906 0.00802993774414062 -0.68719482421875 -0.58502197265625
0.0131626129150391 -0.0272655487060547 -0.7916259765625 0.294189453125
-0.00505447387695312 -0.0483360290527344 -0.092041015625 0.6962890625
-0.00316619873046875 -0.0378532409667969 0.31585693359375 0.406341552734375
-0.00415325164794922 -0.0120792388916016 0.287872314453125 -0.085845947265625
0.000745773315429688 -0.00673103332519531 0.0821533203125 -0.31927490234375
-0.0209808349609375 -0.0249271392822266 -0.0340576171875 0.286041259765625
-0.0102005004882813 -0.0359840393066406 -0.253158569335938 0.157089233398437
-0.0141258239746094 -0.0369987487792969 -0.3717041015625 -0.233734130859375
0.0209388732910156 -0.0456657409667969 -0.0865478515625 -0.60809326171875
0.0198841094970703 -0.00924110412597656 0.6080322265625 -0.44488525390625
0.00313949584960938 0.0196933746337891 0.85430908203125 0.25836181640625
0.0093536376953125 0.0362434387207031 0.27691650390625 0.563232421875
-0.0158538818359375 0.0581283569335938 0.053009033203125 0.10693359375
0.00852966308593749 0.0541114807128906 -0.0499267578125 -0.58404541015625
0.0347442626953125 0.01519775390625 -0.7034912109375 -0.57427978515625
0.0260086059570313 -0.0293807983398438 -0.7808837890625 0.31298828125
-0.0015869140625 -0.0536422729492188 -0.0789184570312501 0.69427490234375
-0.00484848022460938 -0.0396194458007813 0.314422607421875 0.39678955078125
-0.0089273452758789 -0.0122146606445313 0.278900146484375 -0.0868072509765625
-0.00325250625610351 -0.00646543502807617 0.069549560546875 -0.316497802734375
0.00517654418945313 -0.0362472534179688 -0.035980224609375 0.279876708984375
0.0318317413330078 -0.0184688568115234 -0.257980346679688 0.1005859375
0.0232505798339844 0.0361785888671875 -0.33355712890625 -0.320953369140625
-0.00696182250976563 0.0562858581542969 0.0366821289062499 -0.63818359375
-0.0737686157226563 0.0348358154296875 0.69561767578125 -0.3037109375
-0.0750808715820313 -0.0524215698242188 0.77410888671875 0.4544677734375
0.019805908203125 -0.106521606445313 0.16485595703125 0.593505859375
0.0758438110351563 -0.0992431640625 0.0445747375488281 0.0546531677246094
0.0168914794921875 -0.090057373046875 -0.16046142578125 -0.57940673828125
-0.0496025085449219 -0.0472908020019531 -0.808837890625 -0.3861083984375
-0.0701522827148438 0.0250778198242188 -0.68157958984375 0.48260498046875
-0.0174789428710937 0.0519828796386719 0.0655517578125 0.6658935546875
0.0133399963378906 0.0335807800292969 0.37066650390625 0.286285400390625
0.0336418151855469 0.0131549835205078 0.272216796875 -0.1572265625
0.0241756439208984 -0.0190620422363281 0.067962646484375 -0.3323974609375
0.00490951538085938 -0.0342502593994141 -0.0235443115234375 0.277740478515625
0.0300960540771484 -0.0239429473876953 -0.247055053710938 0.112442016601562
0.0226039886474609 0.0256023406982422 -0.338134765625 -0.29937744140625
-0.00296020507812501 0.0447502136230469 0.0048828125 -0.63153076171875
-0.0692481994628906 0.0356369018554687 0.67193603515625 -0.3414306640625
-0.0793380737304687 -0.0435028076171875 0.79888916015625 0.4110107421875
0.0108718872070313 -0.101913452148437 0.1951904296875 0.60565185546875
0.0696258544921875 -0.0977859497070313 0.0370254516601563 0.0890579223632813
0.0168838500976562 -0.0881118774414062 -0.134521484375 -0.56549072265625
-0.048919677734375 -0.0467910766601562 -0.7847900390625 -0.42987060546875
-0.071075439453125 0.0189132690429687 -0.71282958984375 0.44158935546875
-0.0231552124023438 0.0423927307128906 0.032470703125 0.679443359375
0.0113086700439453 0.0255889892578125 0.36712646484375 0.312835693359375
0.0309219360351563 0.0100536346435547 0.282928466796875 -0.14532470703125
0.0242958068847656 -0.0174999237060547 0.077667236328125 -0.33319091796875
0.00149345397949219 -0.0332927703857422 -0.016082763671875 0.276840209960937
0.0248756408691406 -0.0293636322021484 -0.239349365234375 0.125717163085937
0.0174903869628906 0.0104837417602539 -0.34368896484375 -0.274749755859375
0.00193405151367187 0.0272235870361328 -0.0303955078125 -0.6248779296875
-0.0570068359375 0.032318115234375 0.6435546875 -0.3822021484375
-0.0752182006835937 -0.0294265747070313 0.8209228515625 0.35992431640625
0.0027313232421875 -0.0854644775390625 0.224365234375 0.61126708984375
0.0580978393554688 -0.0830535888671875 0.0323257446289063 0.119346618652344
0.0161819458007813 -0.0735931396484375 -0.102752685546875 -0.550689697265625
-0.0394096374511719 -0.0424766540527344 -0.7548828125 -0.475830078125
-0.0638236999511719 0.00811386108398438 -0.74468994140625 0.3966064453125
-0.0256061553955078 0.0250740051269531 -0.00512695312500005 0.6864013671875
0.00750064849853516 0.0139064788818359 0.35906982421875 0.34283447265625
0.0263099670410156 0.00529670715332031 0.292449951171875 -0.128692626953125
0.0225257873535156 -0.0147914886474609 0.0870361328125 -0.334716796875
-0.00197792053222656 -0.03228759765625 -0.0120086669921875 0.278030395507813
0.0180473327636719 -0.0333919525146484 -0.233428955078125 0.138275146484375
0.0116662979125977 -0.0055694580078125 -0.350341796875 -0.253936767578125
0.00636959075927734 0.00812673568725586 -0.06158447265625 -0.615966796875
-0.0400924682617188 0.0252265930175781 0.617919921875 -0.4202880859375
-0.0643730163574219 -0.0146141052246094 0.83770751953125 0.30999755859375
-0.00203323364257812 -0.0611572265625 0.2559814453125 0.60980224609375
0.0402755737304688 -0.058135986328125 0.0310516357421875 0.141265869140625
0.0141372680664063 -0.0500259399414063 -0.07586669921875 -0.5438232421875
-0.0263156890869141 -0.0328025817871094 -0.72393798828125 -0.52001953125
-0.0482406616210938 -0.00384140014648437 -0.76885986328125 0.35198974609375
-0.0238170623779297 0.00475120544433594 -0.0439453125 0.6932373046875
0.00417661666870117 -0.00197124481201172 0.3475341796875 0.371368408203125
0.0194263458251953 0.000547409057617188 0.298095703125 -0.1136474609375
0.0172023773193359 -0.0131568908691406 0.093841552734375 -0.3310546875
-0.00757026672363281 -0.0303134918212891 -0.0123443603515625 0.27874755859375
0.00952911376953125 -0.03704833984375 -0.233139038085938 0.148513793945313
0.00325393676757812 -0.0203456878662109 -0.357696533203125 -0.23468017578125
0.0108661651611328 -0.012141227722168 -0.0845947265625 -0.6099853515625
-0.0226898193359375 0.0146675109863281 0.5980224609375 -0.44598388671875
-0.047393798828125 -0.00162506103515625 0.85028076171875 0.26910400390625
-0.00275039672851562 -0.0325336456298828 0.27667236328125 0.60089111328125
0.0218563079833984 -0.0259132385253906 0.0336151123046875 0.150619506835938
0.0111961364746094 -0.0210800170898438 -0.053497314453125 -0.5408935546875
-0.00998878479003906 -0.0188941955566406 -0.698974609375 -0.55316162109375
-0.0290660858154297 -0.0136051177978516 -0.78546142578125 0.31524658203125
-0.0198402404785156 -0.0168190002441406 -0.07159423828125 0.69683837890625
0.00114822387695313 -0.0169887542724609 0.334442138671875 0.393463134765625
0.0106468200683594 -0.00543785095214844 0.2989501953125 -0.09808349609375
0.0115232467651367 -0.0107297897338867 0.09539794921875 -0.328033447265625
-0.0127334594726562 -0.0277976989746094 -0.0167999267578125 0.280670166015625
0.000946044921875004 -0.0376930236816406 -0.236251831054688 0.155166625976563
-0.00485038757324219 -0.0305614471435547 -0.36248779296875 -0.226959228515625
0.0146732330322266 -0.0305061340332031 -0.0986328125 -0.6036376953125
-0.00564479827880859 0.00376701354980469 0.58819580078125 -0.45831298828125
-0.0287322998046875 0.00818443298339844 0.85650634765625 0.24713134765625
-5.00679016113238E-06 -0.00410223007202149 0.2861328125 0.59027099609375
0.00550603866577148 0.00631427764892578 0.038238525390625 0.147811889648438
0.00794792175292969 0.00990104675292969 -0.0407714843750001 -0.547393798828125
0.00692367553710938 -0.0040440559387207 -0.68548583984375 -0.57794189453125
-0.00657081604003906 -0.0208454132080078 -0.79425048828125 0.2945556640625
-0.0124320983886719 -0.0353202819824219 -0.09027099609375 0.69647216796875
-0.000713348388671874 -0.0295448303222656 0.322845458984375 0.406768798828125
0.003143310546875 -0.00989532470703125 0.295623779296875 -0.087615966796875
0.00618171691894531 -0.00867319107055664 0.09033203125 -0.32354736328125
-0.0181941986083984 -0.0259552001953125 -0.024322509765625 0.282867431640625
-0.00621795654296875 -0.0372886657714844 -0.2425537109375 0.158004760742187
-0.0112342834472656 -0.0359420776367188 -0.36883544921875 -0.224853515625
0.0180892944335938 -0.0416374206542969 -0.0980224609375 -0.60302734375
0.00912094116210938 -0.00445938110351563 0.59161376953125 -0.45941162109375
-0.0113458633422852 0.0156116485595703 0.85552978515625 0.24444580078125
0.00427818298339844 0.0192031860351563 0.28741455078125 0.575927734375
-0.0084075927734375 0.0359916687011719 0.045928955078125 0.1322021484375
0.00699996948242187 0.0361595153808594 -0.03729248046875 -0.56243896484375
0.0222682952880859 0.00868034362792969 -0.6856689453125 -0.5848388671875
0.0129413604736328 -0.0266246795654297 -0.79095458984375 0.2933349609375
-0.00592041015625 -0.0481185913085938 -0.0914916992187499 0.69683837890625
-0.00300979614257813 -0.0379219055175781 0.31585693359375 0.40643310546875
-0.00421237945556641 -0.0124168395996094 0.287506103515625 -0.083953857421875
0.00140094757080078 -0.00772905349731445 0.0823974609375 -0.318939208984375
-0.0214424133300781 -0.0250473022460937 -0.03460693359375 0.285369873046875
-0.00963211059570312 -0.0358238220214844 -0.25152587890625 0.156875610351562
-0.0139007568359375 -0.0368995666503906 -0.370513916015625 -0.231689453125
0.0206832885742187 -0.046661376953125 -0.0875244140625 -0.60693359375
0.0188999176025391 -0.00921630859375 0.606689453125 -0.4434814453125
0.00271987915039062 0.0193233489990234 0.850830078125 0.25762939453125
0.008331298828125 0.0359230041503906 0.276641845703125 0.561309814453125
-0.0158424377441406 0.0583648681640625 0.054931640625 0.10748291015625
0.00818252563476562 0.0550575256347656 -0.04705810546875 -0.58135986328125
0.0348644256591797 0.0149555206298828 -0.7025146484375 -0.57147216796875
0.0261096954345703 -0.0298175811767578 -0.78021240234375 0.31243896484375
-0.00142669677734375 -0.0536231994628906 -0.078369140625 0.69390869140625
-0.005523681640625 -0.0396614074707031 0.313995361328125 0.397216796875
-0.00904083251953125 -0.0125465393066406 0.278091430664063 -0.0876312255859375
-0.0027923583984375 -0.00664949417114258 0.0692138671875 -0.31549072265625
0.004547119140625 -0.0353202819824219 -0.035430908203125 0.2796630859375
0.0313072204589844 -0.0178985595703125 -0.258590698242188 0.101089477539063
0.0227928161621094 0.0371170043945313 -0.333404541015625 -0.321075439453125
-0.00656509399414063 0.0555496215820313 0.0362548828125 -0.6385498046875
-0.0742263793945313 0.035675048828125 0.6939697265625 -0.30242919921875
-0.0753250122070312 -0.0524826049804688 0.77166748046875 0.45452880859375
0.0184326171875 -0.106285095214844 0.1641845703125 0.59295654296875
0.0754928588867188 -0.0991668701171875 0.0452919006347656 0.0556297302246094
0.0169525146484375 -0.0901107788085938 -0.15936279296875 -0.57952880859375
-0.0497169494628906 -0.047454833984375 -0.80804443359375 -0.3880615234375
-0.0693702697753906 0.0257530212402344 -0.68182373046875 0.48187255859375
-0.0185432434082031 0.0527915954589844 0.065673828125 0.66845703125
0.0143527984619141 0.0336589813232422 0.371917724609375 0.28656005859375
0.0335292816162109 0.0133800506591797 0.271469116210937 -0.156951904296875
0.0252590179443359 -0.0194530487060547 0.067626953125 -0.333251953125
0.00314712524414063 -0.0342197418212891 -0.02239990234375 0.277740478515625
0.0294303894042969 -0.0245876312255859 -0.246368408203125 0.112106323242187
0.0219135284423828 0.0255203247070313 -0.338470458984375 -0.29864501953125
-0.003204345703125 0.0442047119140625 0.00323486328125 -0.63348388671875
-0.0691757202148437 0.03594970703125 0.67120361328125 -0.340576171875
-0.0792236328125 -0.0435714721679688 0.7978515625 0.40936279296875
0.01025390625 -0.102493286132813 0.19256591796875 0.6070556640625
0.0701370239257812 -0.0983505249023437 0.0382537841796875 0.08929443359375
0.0175704956054688 -0.0874099731445313 -0.1318359375 -0.5645751953125
-0.0484390258789062 -0.0473709106445313 -0.784423828125 -0.431640625
-0.0710678100585937 0.018768310546875 -0.71319580078125 0.44158935546875
-0.024261474609375 0.0419349670410156 0.0316162109374999 0.67919921875
0.0122852325439453 0.0256938934326172 0.368194580078125 0.313262939453125
0.0312080383300781 0.00988960266113281 0.28265380859375 -0.145538330078125
0.0247344970703125 -0.0164852142333984 0.077606201171875 -0.333892822265625
0.00102996826171875 -0.0339431762695313 -0.0159912109375 0.277816772460938
0.0248661041259766 -0.0296859741210938 -0.238250732421875 0.1253662109375
0.01824951171875 0.00902175903320313 -0.3447265625 -0.2747802734375
0.00226974487304688 0.0271892547607422 -0.03118896484375 -0.62548828125
-0.0567855834960938 0.0325393676757813 0.6446533203125 -0.3834228515625
-0.0751800537109375 -0.0302810668945312 0.8197021484375 0.35943603515625
0.00222778320312499 -0.085357666015625 0.22296142578125 0.61175537109375
0.0572357177734375 -0.0822219848632813 0.0334243774414063 0.119575500488281
0.01666259765625 -0.0731582641601563 -0.10089111328125 -0.552642822265625
-0.0394706726074219 -0.0420379638671875 -0.75360107421875 -0.4761962890625
-0.0640411376953125 0.00754547119140624 -0.743896484375 0.39776611328125
-0.0257854461669922 0.0248050689697266 -0.00646972656249999 0.687255859375
0.007843017578125 0.01324462890625 0.360382080078125 0.342620849609375
0.0261306762695313 0.00471305847167969 0.291961669921875 -0.129302978515625
0.0221290588378906 -0.0145530700683594 0.088134765625 -0.333465576171875
-0.00264549255371093 -0.0321063995361328 -0.0110931396484375 0.277313232421875
0.0168857574462891 -0.0343036651611328 -0.233154296875 0.137832641601562
0.01202392578125 -0.00570106506347656 -0.3504638671875 -0.253204345703125
0.00660562515258789 0.00691890716552734 -0.063232421875 -0.61773681640625
-0.0411911010742188 0.0251426696777344 0.61810302734375 -0.4197998046875
-0.0646934509277344 -0.0153579711914063 0.8389892578125 0.30804443359375
-0.00254821777343749 -0.0613212585449219 0.2528076171875 0.610107421875
0.0405960083007812 -0.056854248046875 0.031097412109375 0.140899658203125
0.0143966674804687 -0.0498886108398437 -0.0718078613281251 -0.543212890625
-0.0261974334716797 -0.0327186584472656 -0.7210693359375 -0.52099609375
-0.0486984252929688 -0.00349044799804687 -0.77130126953125 0.3514404296875
-0.024749755859375 0.00382423400878906 -0.0425415039062499 0.6947021484375
0.00447702407836914 -0.00199699401855469 0.34783935546875 0.371490478515625
0.01947021484375 -0.000154495239257813 0.298095703125 -0.11370849609375
0.0179977416992188 -0.0126323699951172 0.094085693359375 -0.33123779296875
-0.00874137878417969 -0.0299587249755859 -0.012237548828125 0.278717041015625
0.00872802734375 -0.0377655029296875 -0.231979370117187 0.148101806640625
0.00297927856445313 -0.0194034576416016 -0.357208251953125 -0.235107421875
0.010467529296875 -0.0133953094482422 -0.08477783203125 -0.60919189453125
-0.023651123046875 0.0144443511962891 0.597900390625 -0.445556640625
-0.048095703125 -0.00202560424804688 0.84979248046875 0.26898193359375
-0.00326728820800781 -0.0323200225830078 0.27410888671875 0.60308837890625
0.0223217010498047 -0.0263500213623047 0.0334014892578125 0.151229858398438
0.0120182037353516 -0.0203990936279297 -0.051177978515625 -0.540283203125
-0.00935745239257812 -0.0188503265380859 -0.69842529296875 -0.55499267578125
-0.0279312133789062 -0.0133476257324219 -0.786865234375 0.3150634765625
-0.0202312469482422 -0.0165195465087891 -0.07208251953125 0.697998046875
0.00192070007324219 -0.0170450210571289 0.33575439453125 0.39385986328125
0.0106601715087891 -0.00519752502441406 0.299224853515625 -0.098114013671875
0.0120906829833984 -0.0111169815063477 0.09454345703125 -0.329010009765625
-0.0136852264404297 -0.0279388427734375 -0.016571044921875 0.280319213867188
0.0009307861328125 -0.0382499694824219 -0.235244750976563 0.1556396484375
-0.00495719909667969 -0.0304660797119141 -0.361785888671875 -0.22650146484375
0.0145092010498047 -0.0307636260986328 -0.09869384765625 -0.60455322265625
-0.00611114501953125 0.00391340255737305 0.58837890625 -0.45867919921875
-0.0286159515380859 0.00863456726074219 0.85400390625 0.24493408203125
-0.000738859176635742 -0.00371646881103516 0.28485107421875 0.58917236328125
0.0052800178527832 0.00660371780395508 0.0389556884765625 0.14801025390625
0.00888538360595703 0.00994873046875 -0.037017822265625 -0.54736328125
0.00671148300170898 -0.00398635864257813 -0.6827392578125 -0.57861328125
-0.00653648376464844 -0.0207462310791016 -0.79388427734375 0.29443359375
-0.0126934051513672 -0.0350780487060547 -0.09027099609375 0.6982421875
-0.000463485717773435 -0.0291538238525391 0.324615478515625 0.406524658203125
0.00287818908691406 -0.0100412368774414 0.295166015625 -0.0872802734375
0.00659656524658203 -0.00886821746826172 0.090087890625 -0.323394775390625
-0.0185050964355469 -0.0259017944335938 -0.024749755859375 0.283111572265625
-0.00586318969726563 -0.0378799438476563 -0.242141723632813 0.159133911132812
-0.0110549926757813 -0.036407470703125 -0.367950439453125 -0.224334716796875
0.0174293518066406 -0.04205322265625 -0.09869384765625 -0.60260009765625
0.0075836181640625 -0.00454854965209961 0.591552734375 -0.4578857421875
-0.010951042175293 0.0152435302734375 0.85528564453125 0.2440185546875
0.00424003601074219 0.0189876556396484 0.2855224609375 0.575927734375
-0.00866317749023438 0.0366935729980469 0.04571533203125 0.133010864257813
0.00661087036132813 0.0358657836914062 -0.035919189453125 -0.561676025390625
0.0226383209228516 0.00860595703125 -0.6834716796875 -0.5848388671875
0.0127582550048828 -0.0258750915527344 -0.7911376953125 0.29168701171875
-0.00635910034179687 -0.0481376647949219 -0.0927124023437499 0.69647216796875
-0.00281906127929687 -0.037689208984375 0.3167724609375 0.407958984375
-0.00381183624267578 -0.0121994018554688 0.28668212890625 -0.08416748046875
0.000979900360107422 -0.00773048400878906 0.0821533203125 -0.320404052734375
-0.0225925445556641 -0.0239391326904297 -0.03460693359375 0.285797119140625
-0.0106849670410156 -0.0362014770507812 -0.251663208007813 0.157028198242188
-0.0136871337890625 -0.037567138671875 -0.371002197265625 -0.231781005859375
0.0211410522460937 -0.0470809936523438 -0.0888671874999999 -0.60675048828125
0.0183601379394531 -0.0088958740234375 0.60614013671875 -0.44317626953125
0.00263023376464843 0.0196018218994141 0.85064697265625 0.2587890625
0.00815200805664062 0.0366172790527344 0.2744140625 0.5633544921875
-0.016143798828125 0.0585823059082031 0.0551834106445312 0.107620239257813
0.00799560546875 0.0548820495605469 -0.04638671875 -0.5806884765625
0.03546142578125 0.0148887634277344 -0.701171875 -0.57598876953125
0.0255146026611328 -0.0298404693603516 -0.7808837890625 0.3118896484375
-0.00187301635742188 -0.0535430908203125 -0.0791015624999999 0.6949462890625
-0.00428390502929687 -0.0393447875976562 0.31488037109375 0.397430419921875
-0.00920867919921875 -0.0134868621826172 0.277999877929688 -0.086578369140625
-0.00221729278564453 -0.0065608024597168 0.067474365234375 -0.315887451171875
0.00363922119140625 -0.0357856750488281 -0.0357818603515625 0.280380249023438
0.0311756134033203 -0.0187511444091797 -0.257339477539063 0.1016845703125
0.0230140686035156 0.0365104675292969 -0.33367919921875 -0.32086181640625
-0.00682449340820313 0.0545883178710938 0.0358276367187499 -0.6405029296875
-0.0749664306640625 0.0357437133789062 0.69586181640625 -0.30072021484375
-0.075408935546875 -0.0527267456054687 0.77276611328125 0.4541015625
0.0188751220703125 -0.107559204101562 0.162353515625 0.59429931640625
0.0759506225585938 -0.0988693237304688 0.0462265014648438 0.0561370849609375
0.01800537109375 -0.0909881591796875 -0.15704345703125 -0.57952880859375
-0.0498046875 -0.0477218627929687 -0.80926513671875 -0.38958740234375
-0.0699272155761719 0.0259742736816406 -0.68511962890625 0.482666015625
-0.018646240234375 0.0530967712402344 0.06622314453125 0.670166015625
0.0146579742431641 0.0334091186523438 0.373291015625 0.289306640625
0.0337238311767578 0.0124130249023438 0.271652221679688 -0.157073974609375
0.0246677398681641 -0.0195159912109375 0.067474365234375 -0.334381103515625
0.00261116027832031 -0.0336246490478516 -0.0232086181640625 0.277008056640625
0.0293235778808594 -0.0241909027099609 -0.246749877929688 0.112701416015625
0.0221042633056641 0.0254478454589844 -0.337860107421875 -0.29925537109375
-0.0038604736328125 0.0432662963867188 0.00427246093749998 -0.6324462890625
-0.0697784423828125 0.0362129211425781 0.6708984375 -0.341552734375
-0.07843017578125 -0.0445556640625 0.79620361328125 0.4119873046875
0.0109710693359375 -0.102447509765625 0.19232177734375 0.6080322265625
0.070098876953125 -0.0982589721679688 0.0387344360351563 0.08984375
0.0174560546875 -0.0877685546875 -0.13006591796875 -0.56524658203125
-0.047943115234375 -0.04705810546875 -0.7828369140625 -0.4329833984375
-0.0713043212890625 0.019195556640625 -0.71478271484375 0.44342041015625
-0.0237846374511719 0.0427436828613281 0.0324707031250001 0.68048095703125
0.0119476318359375 0.0257072448730469 0.3699951171875 0.314483642578125
0.0317649841308594 0.00935745239257813 0.283172607421875 -0.146026611328125
0.0245590209960938 -0.0160846710205078 0.077972412109375 -0.3350830078125
-0.000192642211914066 -0.0330219268798828 -0.015472412109375 0.277923583984375
0.0249595642089844 -0.0302486419677734 -0.238983154296875 0.12603759765625
0.0184459686279297 0.00925827026367188 -0.345611572265625 -0.274261474609375
0.00135421752929688 0.0265789031982422 -0.03192138671875 -0.62664794921875
-0.05743408203125 0.0321540832519531 0.6446533203125 -0.382568359375
-0.0756759643554687 -0.0305633544921875 0.81854248046875 0.36138916015625
0.00262451171875 -0.085357666015625 0.22064208984375 0.61163330078125
0.0580902099609375 -0.082611083984375 0.0337905883789063 0.120277404785156
0.0163040161132813 -0.0730133056640625 -0.0984802246093749 -0.551544189453125
-0.0398063659667969 -0.0430412292480469 -0.75299072265625 -0.4803466796875
-0.0644111633300781 0.00783920288085938 -0.7459716796875 0.397216796875
-0.0264301300048828 0.0257778167724609 -0.00543212890625004 0.690185546875
0.00801181793212891 0.0133476257324219 0.36083984375 0.3448486328125
0.0270595550537109 0.00535964965820312 0.29180908203125 -0.13031005859375
0.0220565795898437 -0.0148906707763672 0.08734130859375 -0.335662841796875
-0.00412559509277344 -0.0318031311035156 -0.0116729736328125 0.277694702148438
0.0170879364013672 -0.0350475311279297 -0.23333740234375 0.138809204101563
0.0115747451782227 -0.00592041015625 -0.351470947265625 -0.25323486328125
0.00715494155883789 0.00631523132324219 -0.0631103515625 -0.61956787109375
-0.0419578552246094 0.0248832702636719 0.61822509765625 -0.41864013671875
-0.0644950866699219 -0.0156784057617187 0.8397216796875 0.3094482421875
-0.00286483764648437 -0.061767578125 0.25103759765625 0.6102294921875
0.0411911010742188 -0.0573158264160156 0.032318115234375 0.142196655273438
0.01416015625 -0.0500602722167969 -0.0716552734375 -0.54248046875
-0.0258102416992188 -0.0323581695556641 -0.7210693359375 -0.52197265625
-0.0491294860839844 -0.00344085693359375 -0.7728271484375 0.35064697265625
-0.0249671936035156 0.00518608093261718 -0.04254150390625 0.69561767578125
0.0049896240234375 -0.00199508666992188 0.349945068359375 0.37359619140625
0.0197849273681641 2.47955322265625E-05 0.297637939453125 -0.113800048828125
0.0178012847900391 -0.0135955810546875 0.093292236328125 -0.332855224609375
-0.00883293151855469 -0.0303726196289063 -0.012451171875 0.279525756835937
0.00820159912109375 -0.0375747680664063 -0.23199462890625 0.148880004882812
0.00349044799804688 -0.0202312469482422 -0.358306884765625 -0.235687255859375
0.0108528137207031 -0.0135297775268555 -0.08642578125 -0.61077880859375
-0.0236968994140625 0.014678955078125 0.5989990234375 -0.4468994140625
-0.0477027893066406 -0.00234603881835937 0.85015869140625 0.26934814453125
-0.0034027099609375 -0.0323886871337891 0.27276611328125 0.602294921875
0.0225257873535156 -0.0259246826171875 0.033905029296875 0.151596069335938
0.0123538970947266 -0.0205726623535156 -0.049835205078125 -0.541046142578125
-0.00987625122070312 -0.0185260772705078 -0.697021484375 -0.55694580078125
-0.0285911560058594 -0.0133495330810547 -0.78863525390625 0.31500244140625
-0.0204277038574219 -0.0167446136474609 -0.0720825195312499 0.70111083984375
0.00160503387451172 -0.0172147750854492 0.337127685546875 0.395751953125
0.0117177963256836 -0.00612545013427734 0.299591064453125 -0.09796142578125
0.0128450393676758 -0.0104999542236328 0.096405029296875 -0.328887939453125
-0.0150566101074219 -0.0272846221923828 -0.0162353515625 0.280502319335938
0.000465393066406252 -0.0387306213378906 -0.234817504882813 0.156204223632813
-0.00533866882324218 -0.0305824279785156 -0.36480712890625 -0.225738525390625
0.0142974853515625 -0.0314216613769531 -0.09991455078125 -0.6055908203125
-0.00750112533569336 0.00346279144287109 0.58941650390625 -0.4588623046875
-0.0294284820556641 0.00802230834960937 0.8555908203125 0.24591064453125
-0.00123167037963867 -0.00528097152709961 0.28399658203125 0.59197998046875
0.00473213195800781 0.00746774673461914 0.039276123046875 0.1488037109375
0.00783538818359375 0.0103025436401367 -0.03515625 -0.54766845703125
0.00708818435668945 -0.00428104400634766 -0.683837890625 -0.58038330078125
-0.00608634948730469 -0.0201015472412109 -0.79736328125 0.29437255859375
-0.0131168365478516 -0.0347537994384766 -0.0903930664062501 0.7000732421875
-0.000865936279296878 -0.0297451019287109 0.324127197265625 0.40814208984375
0.00291156768798828 -0.0103235244750977 0.295623779296875 -0.0877685546875
0.00731277465820313 -0.00886344909667969 0.09014892578125 -0.32427978515625
-0.0202083587646484 -0.0254402160644531 -0.0242919921875 0.28369140625
-0.00637054443359375 -0.0380592346191406 -0.242034912109375 0.158920288085937
-0.01068115234375 -0.0364913940429688 -0.369354248046875 -0.224517822265625
0.0172538757324219 -0.0430946350097656 -0.10009765625 -0.6041259765625
0.0077967643737793 -0.0042109489440918 0.592041015625 -0.45849609375
-0.0107336044311523 0.0151863098144531 0.8546142578125 0.2435302734375
0.00329399108886719 0.0195808410644531 0.283935546875 0.5770263671875
-0.00898361206054688 0.0372848510742188 0.0466537475585938 0.134323120117188
0.0061187744140625 0.0364646911621094 -0.034576416015625 -0.561431884765625
0.0225982666015625 0.00856399536132813 -0.68304443359375 -0.588134765625
0.0122871398925781 -0.026031494140625 -0.7947998046875 0.29217529296875
-0.00637054443359375 -0.0478286743164063 -0.0926513671875 0.69921875
-0.00272369384765625 -0.0377883911132813 0.3170166015625 0.4102783203125
-0.00427913665771484 -0.0134973526000977 0.2872314453125 -0.084991455078125
0.000739097595214844 -0.00775623321533203 0.081329345703125 -0.32061767578125
-0.0235309600830078 -0.0250968933105469 -0.034515380859375 0.28564453125
-0.0108413696289063 -0.0374107360839844 -0.251312255859375 0.158035278320312
-0.0136909484863281 -0.0381546020507812 -0.373046875 -0.23297119140625
0.0215110778808594 -0.047698974609375 -0.0888671875 -0.6085205078125
0.0184555053710938 -0.00849151611328125 0.60833740234375 -0.4447021484375
0.00274085998535156 0.0197067260742188 0.85162353515625 0.257080078125
0.00742721557617188 0.0353927612304687 0.2730712890625 0.563232421875
-0.0166854858398438 0.0593376159667969 0.0548934936523438 0.109031677246094
0.00777816772460938 0.0543441772460937 -0.0431518554687499 -0.582763671875
0.03570556640625 0.0153617858886719 -0.7010498046875 -0.57733154296875
0.0262432098388672 -0.0288791656494141 -0.783447265625 0.31121826171875
-0.00252532958984375 -0.0533676147460938 -0.07965087890625 0.698974609375
-0.00481796264648437 -0.0396156311035156 0.31597900390625 0.399322509765625
-0.00846481323242188 -0.0132045745849609 0.277877807617188 -0.0871429443359375
-0.00209188461303711 -0.00655078887939453 0.06915283203125 -0.317413330078125
0.00349044799804687 -0.034515380859375 -0.035308837890625 0.28118896484375
0.0305557250976563 -0.0193195343017578 -0.257949829101562 0.101531982421875
0.0230216979980469 0.0367355346679688 -0.336639404296875 -0.322479248046875
-0.00669097900390625 0.0546798706054688 0.0354003906249999 -0.6414794921875
-0.0754470825195313 0.0358734130859375 0.6990966796875 -0.30218505859375
-0.0752334594726563 -0.053375244140625 0.773193359375 0.4564208984375
0.0192489624023437 -0.107704162597656 0.16180419921875 0.59600830078125
0.075958251953125 -0.0987472534179688 0.0470657348632813 0.0567626953125
0.0174102783203125 -0.0907440185546875 -0.156494140625 -0.58404541015625
-0.0491828918457031 -0.0483551025390625 -0.81103515625 -0.3912353515625
-0.0708541870117188 0.0265579223632813 -0.6864013671875 0.4849853515625
-0.019287109375 0.05364990234375 0.06805419921875 0.67266845703125
0.0141525268554688 0.0332698822021484 0.374755859375 0.28863525390625
0.0343875885009766 0.0120925903320313 0.27191162109375 -0.158432006835938
0.0254039764404297 -0.0191383361816406 0.067901611328125 -0.33551025390625
0.00180244445800781 -0.0336227416992188 -0.02203369140625 0.27813720703125
0.0285301208496094 -0.0249195098876953 -0.246810913085938 0.11376953125
0.0219211578369141 0.0250434875488281 -0.340240478515625 -0.29986572265625
-0.00387954711914063 0.0431747436523438 0.00201416015625 -0.6337890625
-0.0707931518554688 0.0366973876953125 0.67315673828125 -0.34033203125
-0.078643798828125 -0.0440750122070312 0.79736328125 0.4122314453125
0.0100479125976563 -0.103042602539063 0.19207763671875 0.61004638671875
0.070068359375 -0.0975112915039063 0.0396270751953125 0.0904922485351562
0.0171356201171875 -0.087493896484375 -0.1282958984375 -0.56640625
-0.0476150512695312 -0.0477981567382813 -0.78497314453125 -0.43408203125
-0.0719757080078125 0.0201873779296875 -0.7169189453125 0.44384765625
-0.0243949890136719 0.0424118041992188 0.033935546875 0.68377685546875
0.0119724273681641 0.0256328582763672 0.371124267578125 0.31634521484375
0.0324764251708984 0.00899887084960938 0.28302001953125 -0.1456298828125
0.0251522064208984 -0.0171947479248047 0.077301025390625 -0.336761474609375
-0.000684738159179686 -0.0333671569824219 -0.01458740234375 0.27838134765625
0.0241069793701172 -0.0306682586669922 -0.238525390625 0.126312255859375
0.0179576873779297 0.00887870788574219 -0.347076416015625 -0.275787353515625
0.00200653076171875 0.0267105102539062 -0.031494140625 -0.6278076171875
-0.0586700439453125 0.0340423583984375 0.64599609375 -0.385009765625
-0.0760345458984375 -0.0308761596679688 0.820556640625 0.36175537109375
0.002227783203125 -0.0868453979492188 0.22125244140625 0.6134033203125
0.0582199096679688 -0.0826797485351563 0.034088134765625 0.121505737304688
0.0171432495117187 -0.0730667114257813 -0.098297119140625 -0.553314208984375
-0.0384025573730469 -0.0420951843261719 -0.753662109375 -0.48052978515625
-0.0642318725585938 0.00910949707031249 -0.74920654296875 0.39935302734375
-0.0265598297119141 0.0262870788574219 -0.00311279296875001 0.6934814453125
0.00848674774169922 0.0129814147949219 0.36273193359375 0.345672607421875
0.0276813507080078 0.00498008728027344 0.292449951171875 -0.130584716796875
0.0225906372070313 -0.0157432556152344 0.087493896484375 -0.337188720703125
-0.00452041625976563 -0.0320110321044922 -0.0107574462890625 0.278976440429687
0.0164051055908203 -0.0349960327148438 -0.233139038085938 0.139068603515625
0.0118379592895508 -0.00663661956787109 -0.35302734375 -0.2537841796875
0.00675344467163086 0.00599956512451172 -0.064208984375 -0.61981201171875
-0.0423660278320313 0.0259475708007813 0.61883544921875 -0.42120361328125
-0.0643539428710938 -0.0151214599609375 0.839111328125 0.3109130859375
-0.00305175781250001 -0.0618095397949219 0.25042724609375 0.6131591796875
0.0411453247070313 -0.0572891235351563 0.0328521728515625 0.142227172851562
0.0150108337402344 -0.0501632690429687 -0.06951904296875 -0.545196533203125
-0.0265865325927734 -0.0331535339355469 -0.72308349609375 -0.5230712890625
-0.0490570068359375 -0.0029144287109375 -0.775390625 0.3514404296875
-0.0253562927246094 0.00501060485839844 -0.0427856445312499 0.6995849609375
0.00543642044067383 -0.00138521194458008 0.350860595703125 0.37615966796875
0.0203361511230469 -0.000263214111328125 0.298736572265625 -0.1141357421875
0.0183563232421875 -0.0128307342529297 0.093170166015625 -0.334014892578125
-0.0102272033691406 -0.0294628143310547 -0.0118560791015625 0.279953002929687
0.00806045532226562 -0.0379486083984375 -0.232391357421875 0.1494140625
0.00363731384277344 -0.0205268859863281 -0.359283447265625 -0.2354736328125
0.0104141235351563 -0.0145330429077148 -0.08770751953125 -0.61151123046875
-0.0240631103515625 0.0155124664306641 0.60107421875 -0.4473876953125
-0.0480918884277344 -0.00188064575195313 0.85211181640625 0.26971435546875
-0.00349235534667969 -0.0324497222900391 0.272705078125 0.60357666015625
0.0231227874755859 -0.0263614654541016 0.0346221923828125 0.152297973632813
0.0118217468261719 -0.0205593109130859 -0.047210693359375 -0.542266845703125
-0.00908279418945313 -0.0192241668701172 -0.69903564453125 -0.55694580078125
-0.0284290313720703 -0.0125102996826172 -0.79168701171875 0.31658935546875
-0.0208930969238281 -0.0163326263427734 -0.0716552734374999 0.70233154296875
0.00183963775634766 -0.0171632766723633 0.338409423828125 0.396942138671875
0.0125198364257813 -0.00577831268310547 0.30010986328125 -0.098602294921875
0.0129051208496094 -0.0112113952636719 0.095367431640625 -0.33074951171875
-0.0162830352783203 -0.0269088745117188 -0.01458740234375 0.2823486328125
-0.000904083251953126 -0.0389137268066406 -0.235015869140625 0.157333374023438
-0.00491714477539063 -0.0309944152832031 -0.3668212890625 -0.224853515625
0.0137348175048828 -0.031280517578125 -0.10198974609375 -0.60662841796875
-0.00802850723266601 0.00429964065551758 0.59100341796875 -0.46087646484375
-0.0284576416015625 0.00775909423828124 0.8563232421875 0.24609375
-0.00081491470336914 -0.00469589233398438 0.2845458984375 0.59344482421875
0.00550222396850586 0.00767707824707031 0.039520263671875 0.150222778320312
0.00836181640625 0.00954818725585938 -0.03533935546875 -0.549835205078125
0.00735616683959961 -0.00361204147338867 -0.684814453125 -0.583251953125
-0.00676155090332031 -0.0202922821044922 -0.7987060546875 0.29638671875
-0.0131607055664062 -0.0354537963867188 -0.09033203125 0.70257568359375
-4.76837158203092E-05 -0.0305442810058594 0.3270263671875 0.41021728515625
0.00317096710205078 -0.0108089447021484 0.295623779296875 -0.088531494140625
0.00676918029785156 -0.00861597061157227 0.090972900390625 -0.32647705078125
-0.0212001800537109 -0.0254344940185547 -0.02392578125 0.284423828125
-0.00708770751953125 -0.03851318359375 -0.2423095703125 0.16009521484375
-0.0102081298828125 -0.0366439819335938 -0.370513916015625 -0.22369384765625
0.0172691345214844 -0.0433082580566406 -0.10101318359375 -0.60589599609375
0.00745487213134766 -0.00392723083496094 0.59332275390625 -0.46002197265625
-0.0119304656982422 0.0152759552001953 0.85693359375 0.24267578125
0.003326416015625 0.01947021484375 0.28363037109375 0.57781982421875
-0.00848388671875 0.0372695922851563 0.0478973388671875 0.134162902832031
0.00618743896484375 0.036376953125 -0.032470703125 -0.5628662109375
0.0227470397949219 0.00874137878417969 -0.68414306640625 -0.58868408203125
0.0131568908691406 -0.0257892608642578 -0.79718017578125 0.293212890625
-0.00643539428710937 -0.0477256774902344 -0.0930175781250001 0.70184326171875
-0.0024261474609375 -0.0374069213867187 0.319366455078125 0.4110107421875
-0.00355625152587891 -0.0133123397827148 0.28778076171875 -0.083709716796875
0.00157594680786133 -0.00819635391235352 0.081573486328125 -0.32147216796875
-0.0244102478027344 -0.0247383117675781 -0.034088134765625 0.287261962890625
-0.0110244750976562 -0.0374031066894531 -0.251541137695313 0.158462524414062
-0.0133781433105469 -0.0376129150390625 -0.374847412109375 -0.232940673828125
0.0213394165039063 -0.0479927062988281 -0.0899658203125 -0.60797119140625
0.0180377960205078 -0.00829315185546875 0.60845947265625 -0.4459228515625
0.00283050537109375 0.0194759368896484 0.85186767578125 0.2589111328125
0.0074310302734375 0.0355110168457031 0.2724609375 0.565185546875
-0.0170211791992188 0.0594291687011719 0.0568008422851562 0.109443664550781
0.007965087890625 0.0547027587890625 -0.0408935546874999 -0.5838623046875
0.0362434387207031 0.0152091979980469 -0.70343017578125 -0.57879638671875
0.0260791778564453 -0.0294570922851563 -0.78656005859375 0.31451416015625
-0.00276947021484375 -0.052642822265625 -0.078125 0.70068359375
-0.00438308715820313 -0.0394859313964844 0.317535400390625 0.401580810546875
-0.00843715667724609 -0.0131015777587891 0.278778076171875 -0.0872650146484375
-0.00296401977539063 -0.00665760040283203 0.06866455078125 -0.318206787109375
0.00238990783691406 -0.034515380859375 -0.034423828125 0.28131103515625
0.0302867889404297 -0.0198936462402344 -0.25848388671875 0.10296630859375
0.0230255126953125 0.0366630554199219 -0.33709716796875 -0.3223876953125
-0.00757217407226562 0.0546493530273437 0.03350830078125 -0.64324951171875
-0.075927734375 0.03765869140625 0.70013427734375 -0.3028564453125
-0.0761260986328125 -0.0532989501953125 0.77587890625 0.45635986328125
0.0187454223632813 -0.10772705078125 0.1619873046875 0.59796142578125
0.076507568359375 -0.0987319946289063 0.0484046936035156 0.0575485229492188
0.0185317993164063 -0.0911407470703125 -0.1544189453125 -0.5836181640625
-0.0495681762695313 -0.0477027893066406 -0.81353759765625 -0.39007568359375
-0.070343017578125 0.02728271484375 -0.68896484375 0.48870849609375
-0.019866943359375 0.0540084838867188 0.07037353515625 0.67645263671875
0.0151767730712891 0.0340900421142578 0.376678466796875 0.2891845703125
0.0342750549316406 0.0118160247802734 0.2723388671875 -0.1583251953125
0.0262641906738281 -0.0196189880371094 0.06646728515625 -0.33782958984375
0.00124168395996094 -0.0330219268798828 -0.0216064453125 0.278045654296875
0.0287227630615234 -0.0260467529296875 -0.2470703125 0.114166259765625
0.0226593017578125 0.0250434875488281 -0.3426513671875 -0.3004150390625
-0.0039215087890625 0.0431289672851563 0.00170898437500005 -0.63616943359375
-0.0704727172851563 0.0373992919921875 0.67535400390625 -0.34130859375
-0.0792694091796875 -0.04461669921875 0.79949951171875 0.41162109375
0.010284423828125 -0.103141784667969 0.19122314453125 0.6103515625
0.070953369140625 -0.0973587036132813 0.0407562255859375 0.0910873413085938
0.0177459716796875 -0.088287353515625 -0.1270751953125 -0.56878662109375
-0.0476875305175781 -0.0481834411621094 -0.78826904296875 -0.43536376953125
-0.0718231201171875 0.0198822021484375 -0.7193603515625 0.44732666015625
-0.02447509765625 0.0432815551757812 0.03460693359375 0.68756103515625
0.0126800537109375 0.0255489349365234 0.373504638671875 0.316192626953125
0.0327663421630859 0.0086669921875 0.28399658203125 -0.14727783203125
0.0252704620361328 -0.0169086456298828 0.07672119140625 -0.339080810546875
-0.00187110900878906 -0.0320701599121094 -0.01385498046875 0.278976440429688
0.0237712860107422 -0.0311260223388672 -0.238021850585938 0.127487182617188
0.0178966522216797 0.00901412963867187 -0.347900390625 -0.27520751953125
0.00163459777832031 0.0265674591064453 -0.03302001953125 -0.62908935546875
-0.0589981079101562 0.0339088439941406 0.64776611328125 -0.3848876953125
-0.0753936767578125 -0.0306320190429687 0.82342529296875 0.3626708984375
0.002044677734375 -0.0868988037109375 0.21978759765625 0.615234375
0.0578765869140625 -0.0828704833984375 0.034881591796875 0.121269226074219
0.0167465209960938 -0.0732650756835938 -0.094879150390625 -0.554779052734375
-0.0390777587890625 -0.0440177917480469 -0.75579833984375 -0.48046875
-0.0649185180664063 0.00976943969726563 -0.75238037109375 0.40020751953125
-0.0270004272460938 0.0265560150146484 -0.00238037109375006 0.696044921875
0.00896549224853516 0.01300048828125 0.36614990234375 0.347259521484375
0.0273571014404297 0.003936767578125 0.293975830078125 -0.13128662109375
0.0227317810058594 -0.0154895782470703 0.087371826171875 -0.33795166015625
-0.00549125671386718 -0.0312290191650391 -0.00985717773437498 0.27972412109375
0.0157508850097656 -0.0351352691650391 -0.234649658203125 0.140701293945312
0.0119400024414063 -0.00734519958496094 -0.354736328125 -0.252166748046875
0.00644826889038086 0.00592136383056641 -0.06646728515625 -0.6217041015625
-0.0424118041992188 0.0262489318847656 0.6220703125 -0.4210205078125
-0.0650177001953125 -0.0152549743652344 0.8409423828125 0.30889892578125
-0.00317764282226563 -0.0618133544921875 0.2503662109375 0.61334228515625
0.0416793823242188 -0.0568389892578125 0.0338897705078125 0.143157958984375
0.0152664184570313 -0.0500373840332031 -0.0694885253906249 -0.547210693359375
-0.025115966796875 -0.0323829650878906 -0.7266845703125 -0.52471923828125
-0.0493659973144531 -0.0019073486328125 -0.776123046875 0.35516357421875
-0.0262603759765625 0.0055999755859375 -0.04034423828125 0.70184326171875
0.00423622131347656 -0.00182223320007324 0.3544921875 0.3748779296875
0.0206413269042969 -0.00111770629882813 0.2989501953125 -0.1148681640625
0.0185127258300781 -0.0135555267333984 0.094085693359375 -0.336334228515625
-0.0113964080810547 -0.0293045043945312 -0.0113067626953125 0.280685424804688
0.00745391845703125 -0.0381927490234375 -0.232620239257813 0.151199340820312
0.00312614440917969 -0.02069091796875 -0.36248779296875 -0.2364501953125
0.0101728439331055 -0.0143184661865234 -0.0888671875 -0.614501953125
-0.0253086090087891 0.0159111022949219 0.599853515625 -0.44879150390625
-0.0481033325195313 -0.00191879272460937 0.85260009765625 0.26824951171875
-0.00428962707519531 -0.0322666168212891 0.2730712890625 0.6055908203125
0.0229911804199219 -0.0253162384033203 0.036041259765625 0.152984619140625
0.0123043060302734 -0.0210323333740234 -0.046112060546875 -0.544464111328125
-0.00930023193359375 -0.0194053649902344 -0.7005615234375 -0.5595703125
-0.0287303924560547 -0.0127735137939453 -0.7923583984375 0.3203125
-0.0206165313720703 -0.0167579650878906 -0.0701293945312499 0.70697021484375
0.00274085998535156 -0.0177402496337891 0.341033935546875 0.397796630859375
0.0116033554077148 -0.00621795654296875 0.30010986328125 -0.09942626953125
0.0131912231445313 -0.011042594909668 0.095306396484375 -0.331512451171875
-0.0166797637939453 -0.0265102386474609 -0.014862060546875 0.28253173828125
-0.000946044921874997 -0.0394248962402344 -0.2353515625 0.158721923828125
-0.00501060485839844 -0.0319938659667969 -0.368011474609375 -0.225189208984375
0.0132884979248047 -0.0324726104736328 -0.10198974609375 -0.60870361328125
-0.00756359100341797 0.00468873977661133 0.5928955078125 -0.46234130859375
-0.0289649963378906 0.00797080993652344 0.85894775390625 0.24493408203125
-0.00120401382446289 -0.00454807281494141 0.2843017578125 0.593994140625
0.00503778457641601 0.00770378112792969 0.0400543212890625 0.150192260742188
0.00854778289794922 0.00999164581298828 -0.033538818359375 -0.55126953125
0.00730085372924805 -0.00422811508178711 -0.68560791015625 -0.58514404296875
-0.00598335266113281 -0.0198650360107422 -0.80133056640625 0.2967529296875
-0.0142898559570313 -0.0347480773925781 -0.08868408203125 0.707763671875
0.0001983642578125 -0.02984619140625 0.328582763671875 0.409881591796875
0.00384235382080078 -0.011073112487793 0.296234130859375 -0.08831787109375
0.00709152221679688 -0.00875568389892578 0.090087890625 -0.32769775390625
-0.0225658416748047 -0.0252056121826172 -0.02386474609375 0.285125732421875
-0.00770950317382812 -0.0394554138183594 -0.242355346679687 0.16131591796875
-0.0109901428222656 -0.037200927734375 -0.3734130859375 -0.225189208984375
0.0174713134765625 -0.0442695617675781 -0.1025390625 -0.6070556640625
0.00714492797851563 -0.00434017181396484 0.5948486328125 -0.4620361328125
-0.0112323760986328 0.0144100189208984 0.859130859375 0.24102783203125
0.00220298767089844 0.0191326141357422 0.28436279296875 0.580322265625
-0.008087158203125 0.0378150939941406 0.0478363037109375 0.135818481445313
0.00659561157226563 0.0369377136230469 -0.02996826171875 -0.5648193359375
0.0236835479736328 0.00798606872558594 -0.68609619140625 -0.59014892578125
0.0130844116210937 -0.0256690979003906 -0.797607421875 0.29559326171875
-0.0081939697265625 -0.04779052734375 -0.0905761718749999 0.70562744140625
-0.0020904541015625 -0.0382232666015625 0.3216552734375 0.4129638671875
-0.00303840637207031 -0.0133895874023438 0.288726806640625 -0.08489990234375
0.00149774551391602 -0.00769233703613281 0.0810546875 -0.323272705078125
-0.0256786346435547 -0.0242290496826172 -0.03363037109375 0.288116455078125
-0.0118598937988281 -0.0373191833496094 -0.252349853515625 0.160110473632812
-0.0137977600097656 -0.0381889343261719 -0.377227783203125 -0.233001708984375
0.0201759338378906 -0.0487823486328125 -0.0932617187499999 -0.61065673828125
0.0181465148925781 -0.00843048095703125 0.60894775390625 -0.44818115234375
0.002410888671875 0.0193977355957031 0.85406494140625 0.25726318359375
0.00678253173828125 0.0355682373046875 0.27130126953125 0.5672607421875
-0.0166168212890625 0.059478759765625 0.0569076538085938 0.109207153320313
0.00815200805664062 0.0550079345703125 -0.04144287109375 -0.58563232421875
0.0365333557128906 0.0144805908203125 -0.7041015625 -0.580322265625
0.0263214111328125 -0.0291709899902344 -0.789306640625 0.316162109375
-0.00374984741210938 -0.0537223815917969 -0.0767822265625 0.705078125
-0.0042266845703125 -0.03985595703125 0.3203125 0.402801513671875
-0.00809478759765625 -0.013859748840332 0.279312133789063 -0.087615966796875
-0.00264501571655273 -0.00642585754394531 0.06768798828125 -0.319976806640625
0.00149154663085937 -0.0347824096679688 -0.032867431640625 0.282562255859375
0.0299644470214844 -0.0209026336669922 -0.258575439453125 0.104141235351563
0.024200439453125 0.0374832153320313 -0.34130859375 -0.323211669921875
-0.00824737548828125 0.0555343627929687 0.03179931640625 -0.6448974609375
-0.076416015625 0.0380859375 0.70086669921875 -0.3050537109375
-0.075347900390625 -0.0533294677734375 0.77862548828125 0.45684814453125
0.0184173583984375 -0.109260559082031 0.1632080078125 0.599365234375
0.0766830444335938 -0.09912109375 0.0492172241210938 0.058563232421875
0.0180816650390625 -0.0917205810546875 -0.154296875 -0.58642578125
-0.048309326171875 -0.0484504699707031 -0.81689453125 -0.39093017578125
-0.0709075927734375 0.0275955200195313 -0.68988037109375 0.4931640625
-0.0197181701660156 0.0547370910644531 0.0714721679687499 0.68011474609375
0.0157680511474609 0.0340805053710938 0.379638671875 0.291961669921875
0.0348300933837891 0.0115928649902344 0.272552490234375 -0.160781860351563
0.0255985260009766 -0.0202445983886719 0.06536865234375 -0.339935302734375
0.0007781982421875 -0.0329399108886719 -0.019866943359375 0.280349731445313
0.0281829833984375 -0.0259628295898438 -0.247024536132813 0.11541748046875
0.0225086212158203 0.0245532989501953 -0.3465576171875 -0.297943115234375
-0.00374984741210937 0.0432777404785156 -0.00103759765625002 -0.6395263671875
-0.0719070434570312 0.0386123657226563 0.676513671875 -0.34490966796875
-0.0796890258789063 -0.04486083984375 0.80419921875 0.412353515625
0.00937652587890624 -0.104156494140625 0.19287109375 0.6131591796875
0.0704803466796875 -0.09686279296875 0.0423126220703125 0.0914688110351563
0.018096923828125 -0.088714599609375 -0.126708984375 -0.5718994140625
-0.0471763610839844 -0.0481147766113281 -0.79315185546875 -0.4342041015625
-0.07135009765625 0.0211105346679688 -0.72198486328125 0.45184326171875
-0.0247993469238281 0.0442886352539062 0.039306640625 0.69085693359375
0.0127811431884766 0.0252857208251953 0.375274658203125 0.31805419921875
0.0332565307617188 0.00840187072753906 0.28466796875 -0.148101806640625
0.0253639221191406 -0.0176830291748047 0.075347900390625 -0.340728759765625
-0.00208663940429688 -0.0325222015380859 -0.01318359375 0.280303955078125
0.0231647491455078 -0.0313720703125 -0.239227294921875 0.128082275390625
0.0187397003173828 0.0090789794921875 -0.3525390625 -0.2747802734375
0.000957489013671873 0.0258445739746094 -0.03643798828125 -0.63177490234375
-0.0597763061523438 0.0348091125488281 0.65008544921875 -0.38751220703125
-0.0762100219726562 -0.0307693481445313 0.82659912109375 0.360595703125
0.00112152099609375 -0.0870742797851563 0.22186279296875 0.619140625
0.0580673217773438 -0.0821685791015625 0.0364532470703125 0.121994018554688
0.0176162719726563 -0.0746078491210938 -0.09576416015625 -0.55712890625
-0.039520263671875 -0.0434379577636719 -0.7613525390625 -0.481201171875
-0.0642929077148437 0.00922775268554688 -0.75335693359375 0.4056396484375
-0.0273170471191406 0.0269050598144531 0.00109863281249999 0.700439453125
0.00794792175292969 0.012782096862793 0.36865234375 0.348968505859375
0.0276870727539063 0.00395584106445313 0.293975830078125 -0.13262939453125
0.0236225128173828 -0.0162353515625 0.086151123046875 -0.341094970703125
-0.00601959228515625 -0.0309276580810547 -0.00854492187500001 0.280349731445313
0.0157699584960938 -0.0359039306640625 -0.234100341796875 0.141143798828125
0.0110750198364258 -0.00753211975097656 -0.35858154296875 -0.251800537109375
0.00557327270507813 0.00584268569946289 -0.0685424804687499 -0.62359619140625
-0.0425300598144531 0.027557373046875 0.621337890625 -0.4251708984375
-0.0655670166015625 -0.0151901245117187 0.84478759765625 0.30889892578125
-0.0035552978515625 -0.0626220703125 0.25201416015625 0.6165771484375
0.0414543151855469 -0.0578422546386719 0.035247802734375 0.143508911132813
0.0155181884765625 -0.0508918762207031 -0.0692138671875 -0.54974365234375
-0.0256614685058594 -0.0334320068359375 -0.7291259765625 -0.5257568359375
-0.0490036010742188 -0.00215911865234376 -0.7796630859375 0.35870361328125
-0.0262584686279297 0.00599098205566406 -0.038818359375 0.70672607421875
0.00551223754882813 -0.00262975692749023 0.357940673828125 0.377349853515625
0.0206298828125 -0.00119590759277344 0.30047607421875 -0.115234375
0.0184001922607422 -0.0135784149169922 0.092132568359375 -0.337921142578125
-0.0114269256591797 -0.0294532775878906 -0.00912475585937498 0.281829833984375
0.00687026977539063 -0.0388031005859375 -0.232803344726563 0.152603149414062
0.003448486328125 -0.0214767456054688 -0.36553955078125 -0.234344482421875
0.00936317443847656 -0.0156269073486328 -0.0906982421875 -0.61669921875
-0.0257892608642578 0.0165805816650391 0.6004638671875 -0.45220947265625
-0.048858642578125 -0.00192642211914063 0.85589599609375 0.26629638671875
-0.00413894653320312 -0.0337047576904297 0.2740478515625 0.60821533203125
0.0224895477294922 -0.0254535675048828 0.03631591796875 0.154098510742188
0.0120086669921875 -0.0203342437744141 -0.046875 -0.54656982421875
-0.00905609130859375 -0.0193233489990234 -0.70428466796875 -0.56085205078125
-0.0293846130371094 -0.0121955871582031 -0.797119140625 0.3228759765625
-0.0216026306152344 -0.0156650543212891 -0.0673828124999999 0.7108154296875
0.00238609313964844 -0.0175724029541016 0.344085693359375 0.401031494140625
0.0127983093261719 -0.00636005401611328 0.30072021484375 -0.09954833984375
0.0128803253173828 -0.0108852386474609 0.094146728515625 -0.33416748046875
-0.0172939300537109 -0.0262069702148438 -0.013275146484375 0.284149169921875
-0.0012664794921875 -0.0399894714355469 -0.23614501953125 0.159317016601563
-0.00490188598632813 -0.0315113067626953 -0.37030029296875 -0.224853515625
0.0134105682373047 -0.0322914123535156 -0.10516357421875 -0.61102294921875
-0.0086064338684082 0.00536251068115235 0.59136962890625 -0.46575927734375
-0.0295200347900391 0.00753974914550782 0.86163330078125 0.2435302734375
-0.00169658660888672 -0.00492763519287109 0.28460693359375 0.5968017578125
0.00482940673828125 0.00821638107299805 0.04119873046875 0.151321411132813
0.00809192657470703 0.0100317001342773 -0.032958984375 -0.5538330078125
0.00852108001708984 -0.0041499137878418 -0.689453125 -0.58721923828125
-0.00724983215332031 -0.0200634002685547 -0.80419921875 0.30084228515625
-0.0150508880615234 -0.0349235534667969 -0.0894165039062501 0.7109375
0.00058555603027344 -0.0305366516113281 0.332611083984375 0.41424560546875
0.00454616546630859 -0.011077880859375 0.296905517578125 -0.089630126953125
0.00684738159179688 -0.00968074798583984 0.088653564453125 -0.329315185546875
-0.023040771484375 -0.0247745513916016 -0.023345947265625 0.287109375
-0.0080413818359375 -0.0397987365722656 -0.242599487304687 0.162384033203125
-0.0105857849121094 -0.0378341674804688 -0.375152587890625 -0.224151611328125
0.0173187255859375 -0.0448455810546875 -0.10516357421875 -0.61004638671875
0.00676822662353516 -0.00335407257080078 0.5950927734375 -0.46478271484375
-0.0112810134887695 0.0159101486206055 0.86309814453125 0.24139404296875
0.00209999084472656 0.0186977386474609 0.28466796875 0.582275390625
-0.00858306884765625 0.0380020141601563 0.0491790771484375 0.135978698730469
0.0071868896484375 0.0368728637695313 -0.02978515625 -0.56805419921875
0.0232982635498047 0.00843620300292969 -0.6898193359375 -0.5914306640625
0.0128974914550781 -0.0255298614501953 -0.80255126953125 0.298583984375
-0.00778961181640625 -0.0482749938964844 -0.0886230468749999 0.709716796875
-0.00240325927734375 -0.0380821228027344 0.3251953125 0.4156494140625
-0.00263404846191406 -0.0140352249145508 0.290130615234375 -0.0860595703125
0.00113630294799805 -0.00779867172241211 0.079742431640625 -0.325286865234375
-0.0269298553466797 -0.0239849090576172 -0.032470703125 0.28875732421875
-0.0123825073242188 -0.0380287170410156 -0.252044677734375 0.161529541015625
-0.0134849548339844 -0.038421630859375 -0.381072998046875 -0.23211669921875
0.0211257934570313 -0.0504913330078125 -0.09539794921875 -0.6131591796875
0.017822265625 -0.00744247436523438 0.6103515625 -0.45098876953125
0.00287818908691406 0.0194759368896484 0.8564453125 0.25616455078125
0.005859375 0.0353012084960938 0.274658203125 0.56903076171875
-0.0167999267578125 0.0604515075683594 0.0589828491210938 0.110069274902344
0.00793075561523437 0.05572509765625 -0.0417480468749999 -0.5877685546875
0.0360488891601563 0.0149154663085938 -0.7093505859375 -0.58349609375
0.0263442993164063 -0.0298290252685547 -0.7913818359375 0.3193359375
-0.00374984741210938 -0.0530357360839844 -0.0756835937500001 0.708740234375
-0.00401687622070313 -0.0398902893066406 0.32379150390625 0.405181884765625
-0.00750827789306641 -0.0134687423706055 0.278945922851563 -0.088958740234375
-0.00231170654296875 -0.00670909881591797 0.066986083984375 -0.322021484375
0.000488281249999997 -0.0343990325927734 -0.031585693359375 0.284423828125
0.0294570922851563 -0.0205612182617188 -0.25970458984375 0.105865478515625
0.0235862731933594 0.0364837646484375 -0.34423828125 -0.321868896484375
-0.00839614868164063 0.054779052734375 0.0289306640625 -0.64794921875
-0.077545166015625 0.0393524169921875 0.703857421875 -0.30963134765625
-0.076873779296875 -0.0539321899414063 0.7813720703125 0.4569091796875
0.0177154541015625 -0.11041259765625 0.1634521484375 0.6014404296875
0.0762786865234375 -0.0997390747070312 0.0504837036132813 0.0583038330078125
0.0186538696289062 -0.0923004150390625 -0.15692138671875 -0.58935546875
-0.0493659973144531 -0.0485496520996094 -0.822509765625 -0.3897705078125
-0.071197509765625 0.0282669067382813 -0.69293212890625 0.49798583984375
-0.01849365234375 0.0557479858398438 0.07684326171875 0.6822509765625
0.0151462554931641 0.0331611633300781 0.3836669921875 0.292205810546875
0.0354042053222656 0.0112648010253906 0.272659301757812 -0.162307739257812
0.0257835388183594 -0.0204582214355469 0.064361572265625 -0.342254638671875
-0.000488281249999998 -0.0324993133544922 -0.0189208984375 0.280929565429688
0.0280055999755859 -0.0265712738037109 -0.2481689453125 0.117416381835937
0.0225238800048828 0.0247821807861328 -0.349578857421875 -0.299560546875
-0.00359725952148438 0.0428733825683594 -0.00396728515624995 -0.64190673828125
-0.0723648071289063 0.0395736694335937 0.67840576171875 -0.347900390625
-0.080230712890625 -0.044830322265625 0.80767822265625 0.4119873046875
0.00868988037109376 -0.104957580566406 0.19189453125 0.61590576171875
0.0712890625 -0.0979156494140625 0.0421905517578125 0.0917510986328125
0.0179977416992188 -0.088653564453125 -0.12823486328125 -0.57403564453125
-0.0478858947753906 -0.0481109619140625 -0.79571533203125 -0.43408203125
-0.0724334716796875 0.0220108032226563 -0.724609375 0.4581298828125
-0.0244255065917969 0.044464111328125 0.04193115234375 0.6949462890625
0.0130710601806641 0.0259170532226563 0.37994384765625 0.319091796875
0.0336093902587891 0.00828361511230469 0.284881591796875 -0.15032958984375
0.0257396697998047 -0.0181655883789063 0.074249267578125 -0.342376708984375
-0.00281906127929688 -0.0320854187011719 -0.011627197265625 0.28167724609375
0.0225677490234375 -0.0318660736083984 -0.2401123046875 0.130447387695313
0.0186519622802734 0.00853538513183594 -0.355926513671875 -0.27508544921875
0.000831604003906249 0.0262489318847656 -0.0394287109375 -0.63397216796875
-0.0603752136230469 0.0364532470703125 0.6502685546875 -0.3912353515625
-0.0766143798828125 -0.0306854248046875 0.828125 0.360107421875
0.000282287597656257 -0.0875778198242188 0.2239990234375 0.62005615234375
0.0590362548828125 -0.0832672119140625 0.037017822265625 0.1229248046875
0.0175094604492188 -0.0742263793945313 -0.096588134765625 -0.55902099609375
-0.0390243530273438 -0.0439949035644531 -0.76470947265625 -0.4827880859375
-0.0650444030761719 0.0101394653320313 -0.75640869140625 0.41033935546875
-0.0267772674560547 0.0278148651123047 0.00524902343749995 0.7020263671875
0.00929069519042969 0.0137662887573242 0.373016357421875 0.3497314453125
0.0286483764648438 0.00402641296386719 0.293792724609375 -0.13470458984375
0.0233058929443359 -0.0164394378662109 0.084320068359375 -0.343017578125
-0.00691795349121094 -0.0305099487304687 -0.007415771484375 0.281463623046875
0.0153732299804688 -0.0371513366699219 -0.234710693359375 0.143310546875
0.0119647979736328 -0.00797271728515625 -0.362060546875 -0.2518310546875
0.00481224060058594 0.00495815277099609 -0.072509765625 -0.6260986328125
-0.0440406799316406 0.0286026000976562 0.6240234375 -0.428955078125
-0.0648956298828125 -0.0152359008789063 0.84661865234375 0.30780029296875
-0.00446701049804687 -0.0635490417480469 0.2547607421875 0.61907958984375
0.0416793823242188 -0.05743408203125 0.0360260009765625 0.144256591796875
0.0149803161621094 -0.0503463745117188 -0.070098876953125 -0.552337646484375
-0.025177001953125 -0.033599853515625 -0.73394775390625 -0.525634765625
-0.0503005981445312 -0.00129699707031249 -0.78350830078125 0.36444091796875
-0.026611328125 0.00607109069824219 -0.0343627929687501 0.7105712890625
0.00486230850219727 -0.00214052200317383 0.361907958984375 0.37933349609375
0.0205249786376953 -0.00151824951171875 0.30084228515625 -0.11737060546875
0.0186672210693359 -0.0134906768798828 0.0914306640625 -0.340576171875
-0.0126991271972656 -0.0285778045654297 -0.00762939453125 0.282989501953125
0.00582122802734375 -0.0397796630859375 -0.233200073242187 0.15484619140625
0.00325775146484375 -0.0219402313232422 -0.367889404296875 -0.23492431640625
0.00899982452392578 -0.0150918960571289 -0.0972900390625001 -0.617919921875
-0.0259075164794922 0.016876220703125 0.6024169921875 -0.455810546875
-0.0488700866699219 -0.00185394287109375 0.86041259765625 0.26654052734375
-0.00484275817871094 -0.0338935852050781 0.27685546875 0.61004638671875
0.0236358642578125 -0.0258274078369141 0.0382843017578125 0.15496826171875
0.0128059387207031 -0.0210533142089844 -0.048553466796875 -0.54998779296875
-0.00859642028808594 -0.0197124481201172 -0.71099853515625 -0.56219482421875
-0.0288219451904297 -0.0122337341308594 -0.79925537109375 0.3272705078125
-0.0225162506103516 -0.0153141021728516 -0.0643310546875001 0.71588134765625
0.00226306915283203 -0.0171785354614258 0.34942626953125 0.401397705078125
0.0124912261962891 -0.00686931610107422 0.30145263671875 -0.10223388671875
0.0127725601196289 -0.0120792388916016 0.092193603515625 -0.337188720703125
-0.018768310546875 -0.0264606475830078 -0.01263427734375 0.2850341796875
-0.00107955932617188 -0.0401611328125 -0.235824584960938 0.16180419921875
-0.00485801696777343 -0.0320510864257813 -0.37396240234375 -0.225067138671875
0.0125312805175781 -0.0333042144775391 -0.109619140625 -0.6136474609375
-0.00907135009765625 0.00627040863037109 0.592529296875 -0.469482421875
-0.0297622680664063 0.00867843627929688 0.8658447265625 0.23907470703125
-0.00274658203125 -0.00595998764038086 0.288330078125 0.5985107421875
0.0046391487121582 0.00846767425537109 0.0426483154296875 0.151702880859375
0.00924015045166015 0.0100488662719727 -0.0323181152343749 -0.556060791015625
0.00848054885864258 -0.00433778762817383 -0.69482421875 -0.58636474609375
-0.00655555725097656 -0.019805908203125 -0.80706787109375 0.30804443359375
-0.014556884765625 -0.0347309112548828 -0.08319091796875 0.7161865234375
0.00012969970703125 -0.0308609008789063 0.336822509765625 0.415191650390625
0.00474452972412109 -0.0111885070800781 0.298187255859375 -0.090728759765625
0.00717449188232422 -0.00986385345458984 0.087921142578125 -0.331695556640625
-0.0247058868408203 -0.0247764587402344 -0.020843505859375 0.286956787109375
-0.00843048095703125 -0.0401420593261719 -0.242279052734375 0.164138793945313
-0.0107765197753906 -0.0376205444335938 -0.37969970703125 -0.222198486328125
0.0164566040039063 -0.0446395874023437 -0.10943603515625 -0.612060546875
0.00525045394897461 -0.00272750854492188 0.5950927734375 -0.46875
-0.0117359161376953 0.0147123336791992 0.8653564453125 0.23895263671875
0.00186347961425781 0.0186100006103516 0.28668212890625 0.583984375
-0.00855255126953125 0.0380516052246094 0.0505752563476563 0.13568115234375
0.00801467895507812 0.0367584228515625 -0.03240966796875 -0.570068359375
0.0240840911865234 0.00842094421386719 -0.6949462890625 -0.5908203125
0.01287841796875 -0.0257244110107422 -0.80682373046875 0.302001953125
-0.00821685791015625 -0.0475730895996094 -0.0852661132812501 0.71575927734375
-0.0023651123046875 -0.0386238098144531 0.329864501953125 0.416015625
-0.00238895416259766 -0.0143604278564453 0.290679931640625 -0.0875244140625
0.00172233581542969 -0.00761795043945313 0.079345703125 -0.32763671875
-0.0266075134277344 -0.0240325927734375 -0.031219482421875 0.290435791015625
-0.0129356384277344 -0.0390472412109375 -0.253646850585938 0.163909912109375
-0.0137519836425781 -0.0382232666015625 -0.38262939453125 -0.231201171875
0.0203475952148438 -0.0508079528808594 -0.100341796875 -0.61468505859375
0.0168352127075195 -0.00754928588867188 0.612060546875 -0.455810546875
0.00257492065429688 0.0197105407714844 0.86181640625 0.2523193359375
0.00616836547851563 0.0353736877441406 0.27593994140625 0.56964111328125
-0.0166244506835938 0.0611228942871094 0.0597076416015625 0.110206604003906
0.0086212158203125 0.0555915832519531 -0.04144287109375 -0.58984375
0.0359268188476563 0.0147514343261719 -0.715087890625 -0.58416748046875
0.0259227752685547 -0.0294952392578125 -0.79620361328125 0.32366943359375
-0.00411224365234375 -0.053619384765625 -0.071533203125 0.71282958984375
-0.004302978515625 -0.0402679443359375 0.32757568359375 0.406219482421875
-0.00807380676269531 -0.0142126083374023 0.280548095703125 -0.09033203125
-0.00269079208374023 -0.00638389587402344 0.065887451171875 -0.324798583984375
0.000623703002929687 -0.0342140197753906 -0.03033447265625 0.285125732421875
0.0287685394287109 -0.0211505889892578 -0.260040283203125 0.108184814453125
0.0242538452148438 0.036956787109375 -0.34771728515625 -0.3204345703125
-0.00878524780273437 0.0555343627929688 0.0249023437499999 -0.65032958984375
-0.07830810546875 0.0404815673828125 0.70635986328125 -0.3115234375
-0.0769577026367188 -0.0534439086914063 0.787353515625 0.45458984375
0.0175094604492188 -0.110649108886719 0.16656494140625 0.603759765625
0.0770187377929687 -0.100120544433594 0.0521507263183594 0.0581741333007813
0.01873779296875 -0.0923995971679688 -0.1588134765625 -0.59136962890625
-0.0492973327636719 -0.0486183166503906 -0.8292236328125 -0.39013671875
-0.0711822509765625 0.0291748046875 -0.6944580078125 0.505615234375
-0.0199737548828125 0.0563430786132813 0.08148193359375 0.6876220703125
0.0159530639648437 0.0338382720947266 0.388031005859375 0.2921142578125
0.0361976623535156 0.0108680725097656 0.273101806640625 -0.16412353515625
0.0260486602783203 -0.0211772918701172 0.062957763671875 -0.344451904296875
-0.00117301940917969 -0.0323734283447266 -0.016998291015625 0.28277587890625
0.0260944366455078 -0.0271377563476563 -0.24786376953125 0.119491577148437
0.0229682922363281 0.0247535705566406 -0.352081298828125 -0.2979736328125
-0.00467300415039063 0.0433998107910156 -0.00738525390625004 -0.64422607421875
-0.0735015869140625 0.0403213500976563 0.68206787109375 -0.3525390625
-0.0810928344726563 -0.0449295043945313 0.81158447265625 0.4102783203125
0.0077362060546875 -0.105621337890625 0.19586181640625 0.61865234375
0.071044921875 -0.0990142822265625 0.044708251953125 0.0923919677734375
0.0183639526367187 -0.0899734497070313 -0.13214111328125 -0.57537841796875
-0.0475921630859375 -0.0482521057128906 -0.80291748046875 -0.4342041015625
-0.07330322265625 0.022735595703125 -0.7259521484375 0.464111328125
-0.0248336791992188 0.0450401306152344 0.04852294921875 0.69921875
0.0136833190917969 0.0251026153564453 0.383392333984375 0.319091796875
0.0346508026123047 0.00749397277832031 0.2855224609375 -0.153289794921875
0.0253925323486328 -0.0181674957275391 0.0723876953125 -0.3460693359375
-0.00303840637207031 -0.0320854187011719 -0.00973510742187498 0.28326416015625
0.0220203399658203 -0.0323276519775391 -0.24053955078125 0.132522583007813
0.0183963775634766 0.00893783569335938 -0.358184814453125 -0.2725830078125
-5.14984130859372E-05 0.0260601043701172 -0.04296875 -0.6380615234375
-0.0611305236816406 0.0367889404296875 0.65203857421875 -0.395263671875
-0.0767364501953125 -0.0302734375 0.83331298828125 0.3585205078125
-0.000617980957031247 -0.0884246826171875 0.2254638671875 0.6226806640625
0.0588760375976563 -0.0838088989257813 0.0391921997070313 0.1236572265625
0.0174026489257812 -0.07476806640625 -0.09979248046875 -0.56341552734375
-0.0393257141113281 -0.043609619140625 -0.77178955078125 -0.4794921875
-0.0646553039550781 0.011932373046875 -0.7579345703125 0.41680908203125
-0.0284442901611328 0.0278167724609375 0.00830078124999994 0.70867919921875
0.00921344757080078 0.0127487182617188 0.377288818359375 0.350860595703125
0.0288257598876953 0.00297355651855469 0.294952392578125 -0.136199951171875
0.0230369567871094 -0.0166759490966797 0.082489013671875 -0.345428466796875
-0.00768470764160156 -0.0297832489013672 -0.00540161132812499 0.2828369140625
0.0145149230957031 -0.0370101928710938 -0.234375 0.145751953125
0.0119152069091797 -0.00694847106933594 -0.366241455078125 -0.251312255859375
0.00532150268554688 0.0053248405456543 -0.0754394531250001 -0.62945556640625
-0.04449462890625 0.0294075012207031 0.625244140625 -0.433837890625
-0.0664291381835938 -0.0154762268066406 0.85186767578125 0.305419921875
-0.0056915283203125 -0.06378173828125 0.2559814453125 0.619384765625
0.0416221618652344 -0.058074951171875 0.037841796875 0.144989013671875
0.0160865783691406 -0.0510368347167969 -0.0722656249999999 -0.55426025390625
-0.0251884460449219 -0.0343551635742188 -0.73809814453125 -0.52691650390625
-0.0497856140136719 -0.000904083251953135 -0.78594970703125 0.371337890625
-0.0273036956787109 0.00669860839843751 -0.03070068359375 0.71533203125
0.00562763214111328 -0.00190067291259766 0.3675537109375 0.379364013671875
0.0211887359619141 -0.00181007385253906 0.301971435546875 -0.11993408203125
0.0191402435302734 -0.0138111114501953 0.089569091796875 -0.34332275390625
-0.0141963958740234 -0.0283203125 -0.00686645507812497 0.28460693359375
0.00589752197265625 -0.0396919250488281 -0.233993530273437 0.15618896484375
0.00334358215332031 -0.0215873718261719 -0.371002197265625 -0.232757568359375
0.00854110717773438 -0.0155134201049805 -0.09979248046875 -0.61981201171875
-0.0266933441162109 0.0181808471679688 0.6044921875 -0.4622802734375
-0.0492401123046875 -0.00111007690429688 0.8624267578125 0.26171875
-0.0052032470703125 -0.0338478088378906 0.2796630859375 0.61279296875
0.0234584808349609 -0.0257759094238281 0.039031982421875 0.155014038085938
0.0123519897460938 -0.0209846496582031 -0.049957275390625 -0.5511474609375
-0.008514404296875 -0.0194625854492188 -0.71551513671875 -0.56182861328125
-0.0294933319091797 -0.010772705078125 -0.8017578125 0.33538818359375
-0.0227470397949219 -0.014984130859375 -0.0601196289062501 0.72088623046875
0.0021209716796875 -0.0177421569824219 0.3536376953125 0.402679443359375
0.0130586624145508 -0.00726413726806641 0.30291748046875 -0.104034423828125
0.0133600234985352 -0.0118036270141602 0.09088134765625 -0.33966064453125
-0.0196762084960938 -0.0253257751464844 -0.01068115234375 0.286163330078125
-0.002593994140625 -0.0412864685058594 -0.236846923828125 0.1639404296875
-0.00544929504394532 -0.0323162078857422 -0.377777099609375 -0.2220458984375
0.0122280120849609 -0.0334568023681641 -0.1134033203125 -0.615234375
-0.00821208953857422 0.00681638717651367 0.593017578125 -0.4749755859375
-0.0299854278564453 0.00853347778320313 0.8697509765625 0.23773193359375
-0.00299596786499024 -0.00528955459594727 0.29071044921875 0.5997314453125
0.00539636611938477 0.00854253768920898 0.043975830078125 0.15203857421875
0.00954627990722656 0.0100479125976563 -0.035247802734375 -0.557464599609375
0.00786828994750977 -0.00488519668579102 -0.7001953125 -0.58697509765625
-0.0066680908203125 -0.0200710296630859 -0.810302734375 0.31341552734375
-0.0154933929443359 -0.0349750518798828 -0.07977294921875 0.720947265625
0.000177383422851564 -0.0295028686523438 0.341644287109375 0.41656494140625
0.00404167175292969 -0.0120668411254883 0.298553466796875 -0.09320068359375
0.00763702392578125 -0.00974178314208985 0.0859375 -0.334869384765625
-0.0252017974853516 -0.0242118835449219 -0.01898193359375 0.2891845703125
-0.00903320312500001 -0.0403518676757813 -0.243270874023437 0.167449951171875
-0.01165771484375 -0.038116455078125 -0.382232666015625 -0.22186279296875
0.015838623046875 -0.0464134216308594 -0.115234375 -0.6126708984375
0.00572586059570313 -0.00261020660400391 0.596923828125 -0.47515869140625
-0.0113086700439453 0.0156946182250977 0.8699951171875 0.235107421875
0.00161361694335937 0.0192909240722656 0.289306640625 0.5850830078125
-0.00794219970703125 0.03857421875 0.0516815185546875 0.136932373046875
0.00726699829101562 0.0371932983398438 -0.03302001953125 -0.5728759765625
0.0242919921875 0.00741958618164063 -0.70050048828125 -0.59295654296875
0.0122585296630859 -0.0253276824951172 -0.8074951171875 0.31097412109375
-0.00882720947265625 -0.0477218627929688 -0.08050537109375 0.7198486328125
-0.00207138061523437 -0.0385246276855469 0.33453369140625 0.41839599609375
-0.00252437591552734 -0.0151300430297852 0.29083251953125 -0.0892333984375
0.00218725204467773 -0.00854349136352539 0.076690673828125 -0.3309326171875
-0.0290393829345703 -0.0228328704833984 -0.02960205078125 0.291900634765625
-0.0138206481933594 -0.0392532348632813 -0.253692626953125 0.166091918945312
-0.0136604309082031 -0.039306640625 -0.3873291015625 -0.22943115234375
0.0194244384765625 -0.0521163940429688 -0.10308837890625 -0.617919921875
0.0165910720825195 -0.00694084167480469 0.61358642578125 -0.46142578125
0.0024566650390625 0.0201129913330078 0.8638916015625 0.2491455078125
0.005584716796875 0.0355224609375 0.27923583984375 0.5721435546875
-0.0156669616699219 0.0607032775878906 0.061676025390625 0.110862731933594
0.00890350341796874 0.0558547973632812 -0.043212890625 -0.59405517578125
0.0374412536621094 0.0146865844726563 -0.7213134765625 -0.582275390625
0.0260562896728516 -0.0302791595458984 -0.79888916015625 0.330810546875
-0.00464630126953124 -0.0533103942871094 -0.0675048828125 0.71856689453125
-0.003997802734375 -0.0398216247558594 0.332305908203125 0.40887451171875
-0.00771045684814453 -0.0148334503173828 0.280960083007812 -0.09234619140625
-0.00263738632202149 -0.00695991516113281 0.06402587890625 -0.325958251953125
-0.000597000122070314 -0.0335750579833984 -0.02734375 0.28704833984375
0.0285224914550781 -0.0218467712402344 -0.260986328125 0.110336303710937
0.0254402160644531 0.0366973876953125 -0.353546142578125 -0.31988525390625
-0.00906753540039063 0.0549278259277344 0.02191162109375 -0.65338134765625
-0.0779342651367188 0.0415267944335937 0.70831298828125 -0.3173828125
-0.0784378051757813 -0.0538101196289062 0.79241943359375 0.45355224609375
0.0150375366210937 -0.112213134765625 0.16973876953125 0.606201171875
0.0764236450195313 -0.101638793945313 0.0539779663085938 0.0588722229003906
0.017822265625 -0.092987060546875 -0.160888671875 -0.592529296875
-0.0498390197753906 -0.0486373901367187 -0.83428955078125 -0.3851318359375
-0.07122802734375 0.0303726196289063 -0.695068359375 0.5140380859375
-0.0198440551757813 0.0571784973144531 0.088134765625 0.69091796875
0.0157184600830078 0.0337085723876953 0.39276123046875 0.290374755859375
0.037109375 0.010833740234375 0.273117065429688 -0.166793823242188
0.0261573791503906 -0.021026611328125 0.05908203125 -0.347747802734375
-0.00145339965820312 -0.0319995880126953 -0.01507568359375 0.283966064453125
0.0258369445800781 -0.0278797149658203 -0.248748779296875 0.122039794921875
0.0226860046386719 0.0241947174072266 -0.35675048828125 -0.29608154296875
-0.00518035888671875 0.0432815551757813 -0.01226806640625 -0.6470947265625
-0.07366943359375 0.0415267944335937 0.682861328125 -0.35784912109375
-0.08172607421875 -0.0441970825195313 0.81732177734375 0.406005859375
0.00712585449218749 -0.10736083984375 0.19970703125 0.62060546875
0.07061767578125 -0.0999908447265625 0.0455169677734375 0.0923233032226562
0.0176925659179688 -0.090423583984375 -0.13409423828125 -0.57965087890625
-0.0479202270507813 -0.048126220703125 -0.8094482421875 -0.43231201171875
-0.072723388671875 0.0233917236328125 -0.72711181640625 0.47235107421875
-0.025115966796875 0.0461540222167969 0.05291748046875 0.70355224609375
0.0136184692382813 0.0256881713867187 0.389556884765625 0.317535400390625
0.0343418121337891 0.00690460205078125 0.285247802734375 -0.155120849609375
0.0259284973144531 -0.0187149047851563 0.070831298828125 -0.34783935546875
-0.00428009033203125 -0.0321254730224609 -0.00747680664062501 0.284149169921875
0.0218276977539063 -0.0329380035400391 -0.239486694335938 0.135513305664062
0.0193233489990234 0.0081024169921875 -0.362579345703125 -0.271728515625
8.20159912109368E-05 0.0257492065429687 -0.0474853515625 -0.63818359375
-0.0615730285644531 0.0383796691894531 0.6531982421875 -0.40081787109375
-0.078460693359375 -0.0300979614257812 0.84112548828125 0.3536376953125
-0.001617431640625 -0.0899887084960938 0.22967529296875 0.6248779296875
0.0584487915039062 -0.0848388671875 0.0413131713867188 0.123802185058594
0.0170669555664062 -0.07501220703125 -0.1024169921875 -0.56585693359375
-0.039215087890625 -0.0433731079101563 -0.7772216796875 -0.479248046875
-0.0656471252441406 0.0117950439453125 -0.75860595703125 0.42584228515625
-0.029083251953125 0.0289268493652344 0.0146484374999999 0.713134765625
0.00976943969726563 0.0128087997436523 0.382293701171875 0.34991455078125
0.0294952392578125 0.00293731689453125 0.2945556640625 -0.13861083984375
0.0236091613769531 -0.0165729522705078 0.080657958984375 -0.349151611328125
-0.00891876220703125 -0.0296649932861328 -0.003143310546875 0.283782958984375
0.0139656066894531 -0.0376701354980469 -0.234878540039062 0.148788452148438
0.0118637084960938 -0.00829696655273438 -0.36962890625 -0.2493896484375
0.00450372695922852 0.00527763366699219 -0.0808105468749999 -0.63037109375
-0.0452117919921875 0.0307807922363281 0.6253662109375 -0.439208984375
-0.0659446716308594 -0.0148658752441406 0.857666015625 0.3017578125
-0.00577545166015625 -0.0638923645019531 0.2613525390625 0.62371826171875
0.0415878295898438 -0.0584144592285156 0.03973388671875 0.145828247070313
0.0154495239257812 -0.0512962341308594 -0.0729370117187501 -0.556396484375
-0.0253257751464844 -0.0336837768554688 -0.74432373046875 -0.5234375
-0.0503616333007813 -0.000568389892578123 -0.78729248046875 0.37786865234375
-0.0275001525878906 0.00758743286132812 -0.0236816406250001 0.72113037109375
0.00602197647094727 -0.00245761871337891 0.37091064453125 0.379669189453125
0.0221595764160156 -0.00288772583007813 0.302093505859375 -0.1217041015625
0.0191993713378906 -0.0139904022216797 0.086669921875 -0.345489501953125
-0.0145740509033203 -0.0273990631103516 -0.004364013671875 0.285919189453125
0.00512313842773437 -0.0410308837890625 -0.233810424804687 0.15960693359375
0.00274658203125 -0.0219097137451172 -0.375030517578125 -0.22998046875
0.00824260711669922 -0.0162458419799805 -0.1031494140625 -0.62249755859375
-0.0268821716308594 0.0190486907958984 0.60369873046875 -0.46820068359375
-0.0497360229492188 -0.00194168090820313 0.86834716796875 0.25872802734375
-0.00638771057128907 -0.0345077514648438 0.28204345703125 0.61480712890625
0.0230941772460938 -0.0261688232421875 0.040496826171875 0.154617309570313
0.0128498077392578 -0.0214214324951172 -0.052398681640625 -0.554962158203125
-0.00817489624023438 -0.0198764801025391 -0.72137451171875 -0.55902099609375
-0.0291767120361328 -0.0110054016113281 -0.80462646484375 0.34246826171875
-0.0233230590820313 -0.0149269104003906 -0.0548095703125 0.72491455078125
0.00170516967773437 -0.0181903839111328 0.35845947265625 0.402252197265625
0.0133485794067383 -0.00857830047607422 0.303131103515625 -0.106048583984375
0.0135326385498047 -0.0119600296020508 0.089019775390625 -0.342376708984375
-0.0215110778808594 -0.0258369445800781 -0.00930786132812497 0.287811279296875
-0.0034637451171875 -0.0414505004882813 -0.236129760742187 0.166717529296875
-0.0050506591796875 -0.0325164794921875 -0.3818359375 -0.220489501953125
0.0120124816894531 -0.0344104766845703 -0.1195068359375 -0.6171875
-0.0100107192993164 0.00739097595214844 0.59295654296875 -0.48052978515625
-0.0294456481933594 0.00869369506835938 0.8753662109375 0.232421875
-0.00451326370239258 -0.00628948211669922 0.29290771484375 0.60235595703125
0.00669622421264648 0.00855016708374023 0.045806884765625 0.151901245117188
0.00980949401855469 0.0102720260620117 -0.037139892578125 -0.56060791015625
0.00899028778076172 -0.0044097900390625 -0.70758056640625 -0.583984375
-0.00701141357421875 -0.019805908203125 -0.8128662109375 0.31817626953125
-0.016876220703125 -0.0341720581054688 -0.07568359375 0.72564697265625
-0.00012397766113281 -0.0308551788330078 0.348907470703125 0.416107177734375
0.00470066070556641 -0.0122060775756836 0.30010986328125 -0.095123291015625
0.00763607025146484 -0.0099334716796875 0.083038330078125 -0.336639404296875
-0.0264682769775391 -0.0236091613769531 -0.017486572265625 0.29168701171875
-0.00978851318359375 -0.0414505004882813 -0.243072509765625 0.170196533203125
-0.011932373046875 -0.0379981994628906 -0.3875732421875 -0.2188720703125
0.0155487060546875 -0.046600341796875 -0.1199951171875 -0.6158447265625
0.00546550750732422 -0.00119733810424805 0.59552001953125 -0.48046875
-0.012237548828125 0.0152320861816406 0.87213134765625 0.2298583984375
0.00124931335449219 0.0183849334716797 0.2939453125 0.5872802734375
-0.007476806640625 0.0388298034667969 0.0531158447265625 0.136871337890625
0.00776290893554688 0.0377044677734375 -0.03515625 -0.57513427734375
0.0244293212890625 0.007476806640625 -0.70751953125 -0.5911865234375
0.0127544403076172 -0.0258712768554687 -0.81121826171875 0.31707763671875
-0.00998687744140625 -0.0481338500976563 -0.0768432617187499 0.72479248046875
-0.00286483764648438 -0.0389556884765625 0.34014892578125 0.418914794921875
-0.0025177001953125 -0.0157108306884766 0.2913818359375 -0.091400146484375
0.00128364562988281 -0.00897598266601563 0.074676513671875 -0.333099365234375
-0.0301990509033203 -0.0236797332763672 -0.027862548828125 0.2935791015625
-0.0138969421386719 -0.0397224426269531 -0.253265380859375 0.168502807617187
-0.0136451721191406 -0.0397071838378906 -0.392059326171875 -0.2275390625
0.0193061828613281 -0.05169677734375 -0.10748291015625 -0.61822509765625
0.0159215927124023 -0.00704193115234375 0.60992431640625 -0.4656982421875
0.00213623046875 0.0205001831054688 0.86871337890625 0.2451171875
0.00534439086914062 0.0360221862792969 0.2822265625 0.57403564453125
-0.0159721374511719 0.0616416931152344 0.062774658203125 0.110809326171875
0.00911712646484375 0.0559120178222656 -0.04608154296875 -0.59661865234375
0.0376777648925781 0.0147705078125 -0.7275390625 -0.58203125
0.0260410308837891 -0.0292282104492188 -0.801025390625 0.3372802734375
-0.00603485107421875 -0.0536918640136719 -0.06280517578125 0.72418212890625
-0.00443649291992188 -0.0407524108886719 0.33782958984375 0.40887451171875
-0.00760364532470703 -0.0141782760620117 0.281097412109375 -0.0943756103515625
-0.00199413299560547 -0.00804853439331055 0.060760498046875 -0.32952880859375
-0.00126075744628907 -0.033782958984375 -0.02532958984375 0.28851318359375
0.0274791717529297 -0.0222148895263672 -0.261398315429688 0.112701416015625
0.0251808166503906 0.0362167358398438 -0.35711669921875 -0.3175048828125
-0.00862884521484375 0.0550270080566406 0.016845703125 -0.65618896484375
-0.0787429809570313 0.0432586669921875 0.7099609375 -0.32318115234375
-0.0782318115234375 -0.0527267456054688 0.79638671875 0.44989013671875
0.0138931274414063 -0.112815856933594 0.173583984375 0.60870361328125
0.0764694213867188 -0.102882385253906 0.0547752380371094 0.0587310791015625
0.018890380859375 -0.0945816040039063 -0.16455078125 -0.59564208984375
-0.0501747131347656 -0.0490837097167969 -0.84075927734375 -0.38177490234375
-0.0720138549804687 0.0320281982421875 -0.6947021484375 0.5211181640625
-0.0192146301269531 0.0577621459960938 0.0931396484375 0.69427490234375
0.0167884826660156 0.0338859558105469 0.397430419921875 0.289794921875
0.0368080139160156 0.00928497314453125 0.273605346679688 -0.16937255859375
0.0257968902587891 -0.0225772857666016 0.056793212890625 -0.350250244140625
-0.00203514099121094 -0.0316638946533203 -0.01300048828125 0.285430908203125
0.0252876281738281 -0.0281620025634766 -0.24932861328125 0.124649047851563
0.0238075256347656 0.0236606597900391 -0.361328125 -0.2955322265625
-0.0059661865234375 0.0430335998535156 -0.0172119140625 -0.64959716796875
-0.0740966796875 0.0428237915039062 0.683349609375 -0.363525390625
-0.0831527709960938 -0.0438461303710937 0.82318115234375 0.40374755859375
0.00566101074218751 -0.107353210449219 0.203125 0.62359619140625
0.0710372924804688 -0.100700378417969 0.0472412109375 0.0920867919921875
0.01715087890625 -0.0905838012695313 -0.13861083984375 -0.58056640625
-0.0490150451660156 -0.0484466552734375 -0.816162109375 -0.427978515625
-0.07293701171875 0.0243072509765625 -0.72735595703125 0.479736328125
-0.0252456665039063 0.0471534729003906 0.05963134765625 0.7054443359375
0.0145606994628906 0.0257015228271484 0.393341064453125 0.318511962890625
0.0350761413574219 0.00567054748535156 0.284515380859375 -0.15716552734375
0.0257568359375 -0.0197372436523438 0.066314697265625 -0.35076904296875
-0.00554847717285156 -0.0312671661376953 -0.00460815429687497 0.285614013671875
0.0204010009765625 -0.0339088439941406 -0.2401123046875 0.1385498046875
0.0185718536376953 0.00897026062011719 -0.36651611328125 -0.269134521484375
-0.000318527221679689 0.0262622833251953 -0.05230712890625 -0.642578125
-0.0615196228027344 0.0395011901855469 0.65350341796875 -0.406494140625
-0.0789108276367188 -0.02972412109375 0.8428955078125 0.3486328125
-0.00245666503906249 -0.0903549194335938 0.23370361328125 0.6273193359375
0.0584030151367188 -0.0856552124023438 0.0423202514648438 0.122817993164063
0.0168533325195313 -0.0754165649414063 -0.1051025390625 -0.56707763671875
-0.0398292541503906 -0.0440025329589844 -0.784423828125 -0.47564697265625
-0.06634521484375 0.0132064819335937 -0.76092529296875 0.43280029296875
-0.0283184051513672 0.0294876098632812 0.0192260742187501 0.7177734375
0.00985908508300781 0.0125389099121094 0.388458251953125 0.348663330078125
0.0294570922851562 0.00188255310058594 0.2957763671875 -0.141937255859375
0.0239448547363281 -0.0175399780273438 0.077728271484375 -0.350982666015625
-0.00930976867675781 -0.0289192199707031 -0.000671386718749975 0.285736083984375
0.01263427734375 -0.0383071899414063 -0.234512329101563 0.150604248046875
0.0115270614624023 -0.00814247131347656 -0.372802734375 -0.247955322265625
0.00356054306030273 0.00493812561035156 -0.08563232421875 -0.6329345703125
-0.0450286865234375 0.0313796997070313 0.62420654296875 -0.444091796875
-0.0673179626464844 -0.0137786865234375 0.86279296875 0.29595947265625
-0.00717544555664063 -0.064453125 0.26458740234375 0.62353515625
0.0416908264160156 -0.0584259033203125 0.040435791015625 0.145431518554688
0.0154380798339844 -0.0514335632324219 -0.076690673828125 -0.559417724609375
-0.0260181427001953 -0.0332908630371094 -0.75323486328125 -0.52154541015625
-0.0502738952636719 -0.000286102294921879 -0.78662109375 0.38592529296875
-0.0274066925048828 0.00823593139648437 -0.0201416015625 0.72418212890625
0.006439208984375 -0.00169038772583008 0.377410888671875 0.379150390625
0.0214443206787109 -0.00300025939941406 0.301605224609375 -0.124176025390625
0.0196475982666016 -0.01513671875 0.08355712890625 -0.34930419921875
-0.0154495239257813 -0.0273513793945313 -0.002105712890625 0.286865234375
0.00308609008789063 -0.0412521362304688 -0.233062744140625 0.162109375
0.00257682800292969 -0.0226955413818359 -0.379547119140625 -0.229156494140625
0.00786399841308594 -0.016596794128418 -0.10968017578125 -0.622802734375
-0.0268230438232422 0.0201396942138672 0.60406494140625 -0.472900390625
-0.049713134765625 -0.000476837158203126 0.87225341796875 0.25347900390625
-0.0074462890625 -0.0345058441162109 0.28546142578125 0.6153564453125
0.0234260559082031 -0.0259323120117188 0.04229736328125 0.15472412109375
0.0124626159667969 -0.0216484069824219 -0.0533447265625 -0.557281494140625
-0.00807952880859375 -0.0197277069091797 -0.729736328125 -0.558349609375
-0.0304794311523437 -0.00961875915527344 -0.8067626953125 0.347900390625
-0.0237274169921875 -0.0138530731201172 -0.04925537109375 0.7305908203125
0.00330924987792969 -0.0180778503417969 0.3651123046875 0.402099609375
0.0128107070922852 -0.00846099853515625 0.30352783203125 -0.108673095703125
0.0139865875244141 -0.0128974914550781 0.085968017578125 -0.345184326171875
-0.0215950012207031 -0.0249137878417969 -0.00625610351562498 0.289520263671875
-0.0041351318359375 -0.0424842834472656 -0.235641479492187 0.169204711914063
-0.005767822265625 -0.0319843292236328 -0.38507080078125 -0.217529296875
0.0107383728027344 -0.0346221923828125 -0.1236572265625 -0.61663818359375
-0.0101003646850586 0.00844669342041016 0.59234619140625 -0.48486328125
-0.0302867889404297 0.00850677490234375 0.87762451171875 0.229248046875
-0.00502300262451172 -0.00641489028930664 0.29803466796875 0.6025390625
0.00617456436157226 0.00874090194702148 0.0473175048828125 0.152603149414063
0.00980186462402344 0.00970745086669922 -0.0401611328125 -0.56231689453125
0.00966167449951172 -0.00517368316650391 -0.716064453125 -0.58209228515625
-0.0073394775390625 -0.0198097229003906 -0.814697265625 0.3270263671875
-0.0167789459228516 -0.0340824127197266 -0.0680541992187499 0.7310791015625
0.000234603881835937 -0.0315837860107422 0.35418701171875 0.4169921875
0.00388813018798828 -0.0129766464233398 0.30029296875 -0.097320556640625
0.00698280334472656 -0.0109128952026367 0.080657958984375 -0.3394775390625
-0.0272331237792969 -0.0232124328613281 -0.015380859375 0.292572021484375
-0.0116844177246094 -0.0423164367675781 -0.243789672851563 0.172882080078125
-0.0121383666992187 -0.0382423400878906 -0.3905029296875 -0.216033935546875
0.0153541564941406 -0.0466690063476563 -0.12457275390625 -0.61639404296875
0.00468063354492188 -0.000635147094726563 0.5963134765625 -0.48504638671875
-0.0117053985595703 0.0162086486816406 0.87744140625 0.22479248046875
0.000846862792968749 0.0186061859130859 0.29693603515625 0.58837890625
-0.00777435302734375 0.0399589538574219 0.0542449951171875 0.137382507324219
0.00820159912109375 0.0375556945800781 -0.03778076171875 -0.57977294921875
0.0246562957763672 0.00749015808105469 -0.71429443359375 -0.59033203125
0.0130290985107422 -0.0255641937255859 -0.813232421875 0.32568359375
-0.0107040405273438 -0.0475311279296875 -0.0712890624999999 0.73095703125
-0.00266265869140625 -0.039337158203125 0.34637451171875 0.418243408203125
-0.00244235992431641 -0.0154933929443359 0.29278564453125 -0.093902587890625
0.00114727020263672 -0.00849771499633789 0.07220458984375 -0.335296630859375
-0.0313396453857422 -0.0220127105712891 -0.0260009765625 0.2962646484375
-0.0148086547851562 -0.0405387878417969 -0.254150390625 0.171707153320313
-0.0147666931152344 -0.03887939453125 -0.39739990234375 -0.223724365234375
0.0188407897949219 -0.0530319213867188 -0.1141357421875 -0.62066650390625
0.0156106948852539 -0.00621700286865234 0.6124267578125 -0.4730224609375
0.00209999084472656 0.0192356109619141 0.87469482421875 0.2403564453125
0.00506973266601562 0.0359954833984375 0.28558349609375 0.574462890625
-0.015625 0.0615806579589844 0.0645217895507813 0.110977172851563
0.0100250244140625 0.056396484375 -0.0487060546875 -0.59820556640625
0.0382537841796875 0.0138587951660156 -0.73394775390625 -0.57989501953125
0.0261650085449219 -0.0296649932861328 -0.80255126953125 0.34423828125
-0.00636291503906249 -0.0538444519042969 -0.056640625 0.72906494140625
-0.00456619262695312 -0.0408248901367187 0.34368896484375 0.408477783203125
-0.00730133056640625 -0.0156002044677734 0.281890869140625 -0.0963134765625
-0.0020904541015625 -0.00729799270629883 0.057830810546875 -0.3321533203125
-0.0266777385422682 -0.015736461248335 -0.25779998502061 0.135622440567587
-0.0131012708161452 -0.024795285264355 -0.228815696010635 -0.186773318153731
0.0578200359958932 -0.0225520782752553 0.10935764283306 -0.496910839287068
0.0599404356328819 0.0265750151795515 0.592169825923242 -0.303228875123103
0.0228594035078348 0.0683172882140656 0.6705295245423 0.477463855428833
-0.0657085474588353 0.034278808760938 -0.0601362747532675 0.899282202242589
-0.117262628770157 0.00714834613535274 -0.515160535661606 0.375457444854876
-0.126595432077033 0.0028072834222488 -0.0273439768537507 0.0913532711135285
-0.0947659979687804 0.0777099821240129 0.500832871015452 -0.37196038673612
0.043251294406593 0.0788164201892894 -0.0373091955634601 -0.889488589734889
0.107744420115578 0.013405913959326 -0.801063364870879 -0.419068282839922
0.0594902669935145 -0.0569998148267597 -0.60618515112649 0.40053984027766
-0.00918270381882182 -0.0625806171066925 -0.0374134505939228 0.482333076350306
-0.0295499263033734 -0.0264122851010843 0.270128250308116 0.159451608483588
-0.0295277642196165 0.00692645009471755 0.299314113559434 -0.152784491955531
-0.0264391938660346 -0.014791420861143 -0.248777580979694 0.144436090036383
-0.0177467445020685 -0.0206034296247086 -0.232509868010078 -0.169109459168903
0.0475633453965413 -0.015708438505541 0.0878464263692985 -0.487099196405406
0.0505521523263379 0.0306200461935728 0.572213117309305 -0.328045788912887
0.0212796823714944 0.0686832355925697 0.696416919168605 0.432407563310462
-0.0600646292574953 0.0363924785692873 -0.010641152872814 0.898609379287476
-0.110048819320126 0.0117599286030583 -0.518556590103849 0.405051784108695
-0.121289599796718 0.00346744957481804 -0.0628372065452379 0.0988481767109259
-0.0934890113695143 0.0750493176953584 0.496185606816683 -0.340645755371054
0.0423020605796564 0.0805769312945803 0.0135965610623674 -0.887396115967058
0.10444801597626 0.0220773226596777 -0.776034539762551 -0.46930238749266
0.0551926474880666 -0.0463362631451544 -0.630086773696611 0.374538443431911
-0.0130950732025557 -0.0568772035185004 -0.060231594560795 0.494832132442681
-0.0312151437597656 -0.0234333735164329 0.267039991973009 0.176423414850233
-0.0285294368723261 0.00599583887014965 0.305361823475369 -0.145555829168551
-0.025739769670787 -0.0118324924449602 -0.244955825047001 0.150132961880363
-0.0202660460689668 -0.0142841926816699 -0.239881414463744 -0.154514538627041
0.0370663244350266 -0.00530858258888049 0.0638627506570522 -0.479777532884356
0.0343384475830399 0.0370663125388917 0.551541084317435 -0.35487096087416
0.0142688215127403 0.0654271202575822 0.719528264335548 0.385461092451533
-0.0543298896220028 0.0294043952844151 0.0434385915474605 0.896996696694827
-0.0918509155863221 0.00931704544045282 -0.513483658781218 0.43299515331888
-0.101865533286383 0.00100472376488388 -0.0966402186290523 0.105660237275774
-0.0818035902383544 0.0667954713090472 0.495800659050973 -0.306959405500469
0.0395014455832812 0.0733782270740031 0.0676328979101762 -0.881649504359475
0.0925104013255777 0.0265776597712715 -0.747767821898217 -0.519048138722724
0.0438197143884263 -0.033409696496445 -0.655498203935316 0.34623370599632
-0.0174907184685482 -0.0466436552268287 -0.0879568626950461 0.504614078753584
-0.0319646547790987 -0.0171680443856783 0.258568179164422 0.193454827484642
-0.0260303530366227 0.00646751879510241 0.312509901209627 -0.137772502216312
-0.0225206763600573 -0.00940967568860389 -0.242698645784672 0.154058229673274
-0.0198248643950142 -0.00582051361556744 -0.248154115024249 -0.143541865734108
0.0274944390706516 0.00740869691763619 0.0436262627943713 -0.473474369119691
0.0161213326036456 0.0462487161736421 0.533556825971698 -0.377663172456002
-0.000351552918629129 0.0623869931329098 0.742389126074328 0.33981222706268
-0.0520532965772943 0.0164420376434463 0.0978822130564453 0.891676090699787
-0.0688452169337916 0.00111860216683742 -0.501588832335007 0.458149284855056
-0.0729464170568527 -0.00445942612563052 -0.119117075620757 0.110846764457074
-0.0619095863931251 0.0524626129678321 0.497467602762721 -0.278481038371204
0.0373419482679402 0.0592165607372287 0.118860250787405 -0.874574904776725
0.0743264562280828 0.0255370079385767 -0.717589368197642 -0.565930238250958
0.027697754941403 -0.0210491071596694 -0.679125493459659 0.31456692646981
-0.023766436673574 -0.0356660888441432 -0.116505859301591 0.514772722087254
-0.0321379767030174 -0.0100480692383151 0.247255974851995 0.207295330910076
-0.0221375162480861 0.00912271584259424 0.314008673312767 -0.132347750875832
-0.01757422837353 -0.0064833197441624 -0.244679498524962 0.152118616468725
-0.0172822714531987 0.00154974097138014 -0.256526017785856 -0.139295758863135
0.0208864501902273 0.0209811803076924 0.0272869249978392 -0.470912360600345
-0.00329110704779769 0.0575799084090223 0.518823281719896 -0.391611358956828
-0.0197536613770156 0.060103824637987 0.758230729059641 0.308335861739961
-0.0536630477830116 -0.00126941209491983 0.137501913753331 0.88407885257656
-0.0438943916531928 -0.0125340951610566 -0.489200023864323 0.471705358853535
-0.0372629217381554 -0.0118051454899439 -0.130065240792047 0.114815874950474
-0.0348769039987027 0.0386309330731023 0.501926713212034 -0.260170256214271
0.0374852067174274 0.0391106770338968 0.15743496825365 -0.86985883245687
0.0526401982782311 0.0190048500929794 -0.692430554750086 -0.596061896881199
0.00726271704592204 -0.0116973630618098 -0.697656511808377 0.291560784029965
-0.0304896178195804 -0.0243023075744048 -0.140983100377703 0.517257426217261
-0.031519509039256 -0.00122408876236587 0.235115356570975 0.215338599539441
-0.0183030301281561 0.0116407875297271 0.313049929014176 -0.128557766549172
-0.0122253158508173 -0.00160398326535541 -0.247952367826091 0.148780112322507
-0.0125324914600687 0.00930351059759501 -0.263200219174492 -0.13910257195663
0.0167295276243338 0.0335309200345443 0.0184250994042931 -0.471443777208093
-0.0203369466815376 0.0661989537944061 0.510569620979185 -0.398676293875311
-0.038973245679286 0.0569106150885448 0.765720450225846 0.295490373121154
-0.0585392216389874 -0.0201613827404898 0.158937491639167 0.88095723400187
-0.0189009691627205 -0.0285493842274308 -0.476335300837283 0.474974789038029
-0.00121985236147809 -0.0194610605605809 -0.127564753184421 0.115015555467331
-0.00739459645526243 0.0233663702524745 0.510243328919459 -0.25192480018653
0.0391719951586591 0.0180105996798801 0.182918098933574 -0.870771703021589
0.0324244979135013 0.00904077972484404 -0.677576510495677 -0.609685783704741
-0.0120964417400293 -0.00572911068171717 -0.706375372323238 0.277987702896439
-0.0360135279328819 -0.0141238872662913 -0.157042686960321 0.514784661461629
-0.0298559060914038 0.00680278336572163 0.225056373012404 0.217055564360444
-0.013118921496786 0.0156683255480912 0.307132951983575 -0.130114607123396
-0.00651379769293749 0.00154852978166693 -0.254778680955462 0.141977702648741
-0.00824649143059899 0.0133690771655944 -0.269251824992218 -0.145709389669832
0.0150227842882234 0.0410533438229315 0.0165375508760787 -0.4779791254746
-0.0337133333104268 0.0702220634618778 0.511450262304065 -0.394987698777933
-0.0568596670440309 0.0525791988440547 0.768482770266127 0.298633609312847
-0.0644246295312927 -0.0377106194639848 0.160897133070247 0.879686814506191
-9.25677294276103E-06 -0.0437544156804287 -0.465609128026206 0.467388552040571
0.0285951996956405 -0.0275496746516307 -0.11073422529617 0.112530064353702
0.0173534396379653 0.0104944041087878 0.522680162252205 -0.259713170296521
0.0383832889604757 -0.00249927463545516 0.185452627726353 -0.873673736327972
0.0139226243526698 -0.00196823176430278 -0.676282349263641 -0.607612319328679
-0.0278811342892773 -0.00411717015057585 -0.706927009403824 0.279144473548781
-0.0402202069107693 -0.00687179814734123 -0.163122306151495 0.510739521092262
-0.02664678336757 0.0134207936642496 0.219520187388606 0.213252541314105
-0.0095290891302423 0.0192025044600383 0.299735243859434 -0.133836107088087
-0.00295531320755938 0.00285275343373392 -0.263227293034315 0.132884831651781
-0.00322342876705044 0.0152802503692999 -0.272302658575767 -0.156935339918004
0.0171963613026924 0.0445808028559275 0.0212318043664341 -0.486522962815885
-0.0416916000808726 0.0714285202936274 0.520712080945901 -0.385647607575116
-0.0701689872077546 0.0465963133232411 0.763549378983741 0.323117024394226
-0.0687276721029422 -0.0529819964450751 0.144336026470733 0.884337862349177
0.0134498812345674 -0.0558540814629395 -0.459939441667748 0.450071049443183
0.0503810887362871 -0.0336241201086523 -0.0832826136879986 0.10840307017289
0.0318443011815561 -0.0002579983636729 0.536742660406416 -0.277060120172939
0.0364367222632744 -0.0176745422708732 0.164187877683497 -0.885072251930632
0.00203813772849821 -0.0101191865397095 -0.692007440475043 -0.586700908973618
-0.0371776336393274 -0.00389105464588657 -0.698500108785216 0.291779754577895
-0.0395693317195505 -0.00378287770670271 -0.154910145559082 0.503508048256486
-0.0232629567610776 0.0178128679623339 0.217345429224415 0.202308838259145
-0.00673890539727973 0.0211231184491278 0.289054724152189 -0.142506691192553
