TRXV5
3
4
4
9
string Extension=J
integer IsArchMeasurement=1
integer IsSpherical=1
string Generator=SPM
string GeneratorVersion=1.3.1 Dev
double ArchRadius=0.449999988079071
integer FrequencyAxisIndex=0
integer AzimuthAxisIndex=1
integer ElevationAxisIndex=2
Frequency
5 201 800000000 900000000 LIN
Azimuth
7 8 0 2.74889357189107 LIN
Elevation
7 15 -2.74889357189107 2.74889357189107 LIN
Polar H Real Part
13
Polar H Imaginary Part
14
Polar V Real Part
13
Polar V Imaginary Part
14
Polar H Magnitude (dB)
12 0xC0000002 0 1
Polar H Phase
7 0xC0000003 0 1
Polar V Magnitude (dB)
12 0xC0000002 2 3
Polar V Phase
7 0xC0000003 2 3
-0.0128622226389049 -0.0084360309067143 -0.157693041681507 0.146575149998628
0.00367190530184926 0.00194852283085351 -0.0611959276754784 -0.153884165949084
0.0220337023381447 0.0169763507206198 0.291671054115824 -0.263506097391391
-0.010827979465642 0.0150420415724637 0.496660460178086 0.184506545249119
-0.042801200430558 -0.00989262661238192 0.0427768835276126 0.798924912006938
-0.02800341095316 -0.0740885729488693 -0.776711993868266 0.546355069791524
-0.0204770401933142 -0.0637614454888773 -0.692732803931901 -0.189159328294347
-0.0275162434902669 -0.0536321675064345 -0.113684425941744 0.0414854735415842
-0.0714751944981324 -0.015137592548688 0.663327728095776 0.277184501462345
-0.00874103691277344 0.0370176191527439 0.799944637341949 -0.488651950547907
0.0298512331447457 0.0261651081651908 -0.0428118446326694 -0.870542247059825
0.0339494469835878 -0.0115842184937598 -0.576028607426853 -0.227726868018868
0.0131013131824705 -0.0341294756626316 -0.304937803667369 0.242138838438969
0.00229232170435408 -0.00539928172892464 0.0740926443395829 0.138107484751092
-0.0024423158480465 0.0152286686204071 0.170574114693156 -0.173527319490984
-0.014992561220831 -0.0100282285639505 -0.154093135948812 0.147507150120557
0.00174263333038868 0.000635370229763948 -0.0618996859105096 -0.152018474583268
0.0213369610566457 0.01831032598479 0.29342781047532 -0.267527361311163
-0.00896856970335981 0.0177892531115798 0.505095139091492 0.170784482701124
-0.0416360576808416 -0.00643985331046852 0.0633687190232441 0.789705090642891
-0.0280274292767543 -0.0741928969757142 -0.763581834318312 0.553306478764821
-0.0199508156220835 -0.0651387785623463 -0.697358941247257 -0.184840117122477
-0.026104795813571 -0.0559295975623363 -0.120275721860422 0.0333431576961947
-0.0704877991188489 -0.0185302524590753 0.656400765079527 0.28202081411232
-0.00797350989359923 0.0363530588515273 0.812751789458623 -0.477714919617194
0.0318557749438065 0.0280253716938106 -0.02287853242531 -0.877901581539943
0.036245045254989 -0.00745987659808678 -0.567795037246676 -0.244911661884685
0.0128526065653488 -0.0325389050797909 -0.303857065595041 0.237134691660848
0.000279348833471305 -0.00522323403052677 0.0741113664723221 0.139045949809383
-0.0048169172118914 0.0132285244286092 0.172930124964207 -0.172285143831982
-0.0199888940258144 -0.013099730790733 -0.152248529567566 0.150262820448069
-0.00183670082648001 -0.000826072155534737 -0.0618831485132814 -0.149858052853445
0.0184380031074886 0.0192078705613524 0.293149515561045 -0.27005976852414
-0.00873505740324678 0.0222982933372272 0.513831707128141 0.158628870508319
-0.0391505115628574 -0.00267393785983261 0.0825260602932446 0.783398523512468
-0.0286391066421016 -0.0727158713995851 -0.748218792711473 0.563837533186998
-0.0174161847392817 -0.0649742628463676 -0.701360397754932 -0.180175411752218
-0.0207550081149912 -0.0554597468740463 -0.127435888243393 0.0255680258012178
-0.0662910335671573 -0.0196773610977085 0.649576654591936 0.286452389459903
-0.00636998422277994 0.0364730588238933 0.826082764074529 -0.46788766485037
0.032787645603117 0.0320331723771073 0.000554659802285557 -0.886023416670186
0.0365704776675444 -0.00280515375617118 -0.560287123226811 -0.257380155846751
0.0114007797394143 -0.0310608929225099 -0.306581902569542 0.234146352468149
-0.0014825398802668 -0.006504244999473 0.0723347679695585 0.14051230585682
-0.00812998305160901 0.0101503716051943 0.173593705223291 -0.171030460109162
-0.0259208784184209 -0.0159406171210329 -0.151677201225434 0.151629099756934
-0.00482780562633827 -0.00214793376296155 -0.0604284061426402 -0.148019351086792
0.0154444558192346 0.0204160063251656 0.293686248537394 -0.273202631247556
-0.00908212477798703 0.0266825559930221 0.518941316437808 0.150805478255189
-0.0384868996470492 0.00248094768521026 0.0953266614959395 0.776280102340238
-0.0270210791852162 -0.070136461376881 -0.738207450872331 0.567665928596521
-0.011329429569604 -0.062435934556091 -0.702900299090127 -0.181524300644821
-0.0138573324151293 -0.0519412429569141 -0.131400035483314 0.0195650462999311
-0.0608215774177642 -0.0183059951443258 0.646004064667164 0.287897155759355
-0.0045393295218989 0.0385920136530643 0.831856264742604 -0.459629858103887
0.0329020858254138 0.0366807756108538 0.0159673154442717 -0.889680090456503
0.035325057099487 0.00249842725520475 -0.553109853048305 -0.263638975585834
0.00801690946225751 -0.0304565451436746 -0.305988717255369 0.232766109070674
-0.00493348998581804 -0.00777337602537186 0.0707912227176723 0.142756524142558
-0.0135083952185951 0.00746368392977067 0.174875026972217 -0.167751647222463
-0.0328087737584887 -0.0196085021256291 -0.152083232105112 0.153352485088606
-0.00697393959574874 -0.00406930613584436 -0.0608419044521796 -0.146922740408549
0.0122736981421194 0.0211731295224776 0.295868692642907 -0.270532135652167
-0.0100060765431796 0.0318839042321041 0.523471480850499 0.147521178462911
-0.0379640296346905 0.00850947864087647 0.102900947948794 0.7732432423201
-0.0255896911075256 -0.0674458085444292 -0.73173677018405 0.570265779280261
-0.00568485867277073 -0.059324667200058 -0.703126235973323 -0.180864213564453
-0.00616696256288181 -0.047117129812193 -0.132936597735774 0.013671222218163
-0.0548998510389254 -0.0140189904160548 0.644236309820782 0.287680426905835
-0.00412213852421285 0.0410221992139564 0.836269661810144 -0.459403998623304
0.0307962300690667 0.0410026890504699 0.0236829001775948 -0.889596114691011
0.0341762450176061 0.00667884216373243 -0.549685288135852 -0.266678361402371
0.00425844963500146 -0.0300428787446953 -0.306938134154909 0.234029401938343
-0.00804529995761951 -0.0104151447773056 0.0688328072961026 0.144745271830215
-0.0197897782820707 0.00437212489167437 0.173702014074323 -0.164306422003968
-0.0380156153028401 -0.0211165277018311 -0.153619574632922 0.154518930166907
-0.0114035571964858 -0.00557881191941028 -0.061380851771534 -0.143811405870955
0.00847429225538451 0.0219637102552035 0.296801692070257 -0.266826860090378
-0.0124960291449317 0.0352000609759297 0.52447628526771 0.153442816211256
-0.0397915321206829 0.012870175492957 0.103317405487156 0.775916020341483
-0.0226523076483108 -0.0647018908342368 -0.733955690399734 0.564811500190577
4.08375790370737E-05 -0.0538668465362323 -0.699652298965964 -0.184982111494215
0.000951907418547386 -0.0399475904180007 -0.132729122647607 0.0114366480793157
-0.0499904108006606 -0.00908026543177854 0.644793305739607 0.284783950592692
-0.00376340084702186 0.0448761127650822 0.836823886934908 -0.462641510101601
0.0291015503159212 0.0450104352449383 0.0245337757474161 -0.891516353156425
0.0312464635218793 0.00978152623077868 -0.550754983098579 -0.264366216508538
0.000667260973539328 -0.0295473666676269 -0.307666443747283 0.234440113613681
-0.011593501577031 -0.012434043519328 0.0673194781196615 0.145190341012508
-0.0243681728143545 0.00124716811387952 0.169963810623192 -0.163233541719719
-0.0431791817096599 -0.0225471442837304 -0.156145491821591 0.154061067472318
-0.0135528694831467 -0.00669139719173804 -0.0611470850648501 -0.142234140854909
0.00432416770787972 0.022349153709296 0.297415111846446 -0.260665399658206
-0.0147530392773152 0.0379614015823933 0.52166476470389 0.161397019579184
-0.0418380551508018 0.0157488448977403 0.0958112882506728 0.780387141476787
-0.0217369894113838 -0.0616535743560281 -0.738300155017875 0.55956394384279
0.00535136821143628 -0.0484336856742907 -0.697963583451406 -0.190985538449397
0.00668045624640123 -0.0333859276223266 -0.127561350146568 0.0118734817660608
-0.0456182493464618 -0.00310308774418327 0.648056464802547 0.279104431473975
-0.00334530929297946 0.0468143287825589 0.831230852787618 -0.467795007192423
0.027174853210683 0.0482931261863763 0.0156281279222096 -0.889638954059528
0.0282571240624051 0.0115857522256333 -0.553596416291915 -0.257492741889052
-0.00237507551042381 -0.0296974023298399 -0.308527145314234 0.237710843416863
-0.0141237122703162 -0.0124902308681303 0.065958527091947 0.145604101869474
-0.0284347942702154 -0.000863269015320032 0.165383787645129 -0.162719188333363
-0.0453905193802674 -0.0234909106939427 -0.158619972699156 0.154155531976178
-0.0146356080535234 -0.00793422652782894 -0.0622140572936689 -0.141537730303629
0.00241793085673286 0.0217354787913711 0.297572873304952 -0.253420276123269
-0.0193663911440221 0.0379620445520509 0.517189852398937 0.176536898129944
-0.0443541071712901 0.0177498725244714 0.0797136534306588 0.785520152300257
-0.0217432707860199 -0.0594653226996206 -0.749619512721099 0.5517817082155
0.00878903563542243 -0.043744788508803 -0.691734925139541 -0.198845060129829
0.00987441412540438 -0.0273453287305697 -0.120618437766727 0.0164239155439287
-0.0426666173544015 0.00248386176748829 0.653075225618644 0.273501431335852
-0.00252633703650904 0.0495492070797676 0.821608593402831 -0.479836549592069
0.0255357370661437 0.0501585208177523 -0.000460309852831273 -0.883723158225527
0.0254119423643557 0.0119106046063664 -0.560133253866055 -0.245540893140436
-0.00445156203771897 -0.0300094203027203 -0.310358312533299 0.240145446033361
-0.0152661296428036 -0.013949792774648 0.0656390474400941 0.145339538390988
-0.0305207215901659 -0.00182060117595591 0.160728301088235 -0.162520491767093
-0.0136456508751727 -0.00800165152088754 -0.157025939078257 0.148015524044474
0.00346408938381259 0.00233634594406453 -0.0641323391680724 -0.154202381285826
0.0221130446181933 0.0179369772301678 0.290169607920717 -0.267574022349609
-0.0103929518653768 0.0157505494552699 0.501195963566421 0.178461137612633
-0.0425334399605075 -0.00883280845652359 0.0528004283750823 0.801982561211658
-0.0290205692019329 -0.0739516120012334 -0.771676135544243 0.557356440039028
-0.0211405931028711 -0.0629560299076073 -0.69928613090597 -0.184316171151671
-0.0281970600151555 -0.05367022272903 -0.1144058227634 0.0440340910261233
-0.0723947708505105 -0.0153703733474235 0.670092434186171 0.272632824587784
-0.00789234091702871 0.0370853006934126 0.798854369658932 -0.501801219927431
0.0300152138622756 0.0251881434185046 -0.0533039202571011 -0.876049297964504
0.0349389333190734 -0.0115036896295702 -0.583251310634583 -0.221646633299514
0.0125597092511032 -0.0344736114805189 -0.304508589802884 0.248639115311473
0.0015746339112898 -0.00548211803607801 0.0759797731954171 0.138732866746746
-0.00325105550961073 0.0154319435521846 0.16972216141239 -0.175904446315711
-0.0154684081688547 -0.00963512544745191 -0.153799814738826 0.149791205807577
0.00124099375624577 0.000856661698518405 -0.0640199959540401 -0.152779120592468
0.0205023985854474 0.0183579119727647 0.290110626942546 -0.271008707950578
-0.00926703881075877 0.0182276189063279 0.509513957976178 0.165283384476143
-0.0406771937807771 -0.00584474058305615 0.0741368536132493 0.7933391487869
-0.0292967886644866 -0.0738938220033094 -0.758977042168009 0.56487310855965
-0.020920052096768 -0.0647026143077344 -0.702613630341073 -0.178545839133701
-0.0253798964341003 -0.0558835314186932 -0.120885344265831 0.0360099678542595
-0.0711551398389777 -0.0175962361553681 0.66224601402709 0.276295595786308
-0.00695691871807246 0.0367551681528608 0.811299261219087 -0.490284961145903
0.0327464700730148 0.0275537184459544 -0.0333945128051875 -0.882555317881143
0.0368387158487674 -0.00763010091411195 -0.573912283116397 -0.237653714049732
0.012479403027803 -0.0331423126991632 -0.304707125092735 0.242684375758602
0.000735289147510879 -0.00535948957807238 0.0751714682704304 0.139527834742079
-0.00485826231832786 0.0133356889438522 0.172137232015558 -0.174758496976486
-0.0198474968114978 -0.0128750006059721 -0.151301054259744 0.15133662733321
-0.00171238257122289 -0.000601904433476281 -0.0634053892494655 -0.150639087838753
0.0183908759592165 0.0189951529681427 0.28990168993486 -0.274370696649292
-0.00960680730618995 0.0223497254332623 0.517971795949267 0.15476703361739
-0.0391507502927681 -0.00187774533339598 0.0919852793859103 0.784981956323142
-0.0295195191489921 -0.072206251058991 -0.745435135325826 0.575772642134246
-0.0179660253141561 -0.0643639811763853 -0.708652888641698 -0.175176773876745
-0.0214314110703874 -0.0549925562862148 -0.128627556662358 0.028143032408343
-0.0668253966897341 -0.0187293810780472 0.65666905476259 0.281918590426184
-0.00551107928352822 0.0374359814317713 0.823637391947424 -0.481126009903392
0.0335173876593564 0.0321213529747859 -0.0100809149044612 -0.890487222085775
0.0379597016088321 -0.00219460589414359 -0.567692871519089 -0.250123498174095
0.0110773450302521 -0.0323772729261597 -0.305432357203908 0.240705422760521
-0.00255982782920118 -0.0068771156590358 0.0739177571125801 0.141157691023489
-0.00819810362862188 0.010534580846241 0.173631612599828 -0.172869517729238
-0.0259033596836097 -0.0148356301775048 -0.151329367076994 0.153702518393695
-0.00481855900561737 -0.0021713162420698 -0.0634802198656244 -0.148889719361845
0.0155769132479737 0.0199592189075561 0.291638113802514 -0.277210228850684
-0.0096912239479254 0.0278364473354982 0.523834284579607 0.145023559356658
-0.038367897971268 0.00316581774802814 0.105876264685183 0.779737788165477
-0.0277399622057981 -0.0697685017325015 -0.734413660125959 0.578004752216191
-0.0131543523414523 -0.0624520521286549 -0.7076992245474 -0.173731440266628
-0.0144270188126706 -0.0523855585635052 -0.132868548250711 0.0215149067680461
-0.0616501520220667 -0.0173462364288211 0.652640178073469 0.282662269181527
-0.00428307404149762 0.038549627185357 0.832455357583154 -0.473828188700338
0.0336134347574605 0.0364529305837163 0.00384849569576357 -0.896244171970258
0.0357625122988307 0.00226999933090414 -0.56183270154403 -0.257102368417337
0.00840568972701854 -0.0303166655741919 -0.306302501596139 0.238017207664222
-0.00589021194966745 -0.00778841362387824 0.0729914005997536 0.142399175821225
-0.0139132306574309 0.00748967422860363 0.173732057725638 -0.169871964753915
-0.032625370441087 -0.0175970825323495 -0.151443235219862 0.154569124059541
-0.00859260083785954 -0.00361363585331487 -0.0636938739610186 -0.147377076077259
0.0123735662925505 0.0214210179226691 0.294302510357127 -0.277476636103409
-0.0102916209851661 0.0317384579099064 0.527057358449042 0.142399470541375
-0.038119369690204 0.00823656452896193 0.113141394350914 0.775903116407114
-0.0265842137050266 -0.0676005817643491 -0.730918014021993 0.579855639104241
-0.00626507913350048 -0.0587432803776708 -0.70965691048814 -0.176812433289635
-0.00652255555457457 -0.0468139079646838 -0.133549317584252 0.0165510925009866
-0.0560064932450689 -0.0141515582027111 0.651171106965896 0.281338839273426
-0.00405423863402749 0.0415285294357806 0.836407975370504 -0.469769150016803
0.0321673609543207 0.0409002886967397 0.0106545294145488 -0.898603853336019
0.0345085432732675 0.00577099613904625 -0.558779670066712 -0.25988209859961
0.0043027905315907 -0.0299331985765356 -0.307121941007477 0.239584018911935
-0.00918195939274715 -0.0106802697223029 0.0707170327275524 0.144924605779667
-0.0200444936635336 0.00511042055420725 0.172780086200212 -0.166522092581961
-0.0385440240143375 -0.0201917083798773 -0.152877243737185 0.15536543435077
-0.0107536116275704 -0.00467180373657236 -0.0638212117764264 -0.144907119029361
0.00868650820969789 0.0224270916504447 0.29465309059785 -0.272786313905814
-0.0125991852635544 0.0361130021209045 0.529362741847512 0.147035931086972
-0.0390713461164223 0.0141483899287275 0.113408474913447 0.777313482816857
-0.0242990734267974 -0.0644122308574444 -0.72979774986466 0.576255414984104
-0.000430898049073945 -0.0536578244238193 -0.706171636177652 -0.179184972999922
0.000141922651636822 -0.040501504505088 -0.132980189141984 0.0140613483860506
-0.05087861548471 -0.0091125041584179 0.649450383920523 0.278387462950054
-0.00373329313508453 0.0440252175214075 0.834501970352013 -0.473090635631437
0.0301977659375205 0.0451689920418569 0.0126447527977807 -0.896330009775142
0.0311451914721316 0.00970870587536775 -0.558517001847674 -0.258763258173438
-0.000383638753822795 -0.030658182846703 -0.308087654187376 0.241443049183095
-0.0124284380595001 -0.0127618967781867 0.068716118827707 0.145947536034367
-0.0248565586942331 0.00138740629937197 0.169093711688288 -0.165909495976878
-0.0433782152105474 -0.0219291203622635 -0.154865496607127 0.156162136822155
-0.0127514659718322 -0.00657165603815854 -0.064222333715498 -0.14341170827928
0.00450137136064826 0.0224908756319574 0.296298223871874 -0.267933981222573
-0.015054819581942 0.0382760125422609 0.527231144287388 0.156409041437888
-0.0407941479435876 0.0162438642729494 0.10586407344676 0.781833415123649
-0.0234324595987512 -0.0615288226223862 -0.735323003714567 0.569335727744888
0.00488241305713665 -0.0480394515869391 -0.703267545593657 -0.186410301594103
0.00582004788480636 -0.033689305489274 -0.128592492249101 0.0142531437147152
-0.0457581893896601 -0.00288323803393547 0.655290266215295 0.274543148529171
-0.00345837765962538 0.0473573265688826 0.830751060557946 -0.480886819372351
0.0282968102064486 0.0484952556780635 0.00579381122677684 -0.893838818538621
0.0285442512779993 0.0106329112951257 -0.562920037290156 -0.250858544380065
-0.00371140636856772 -0.0300807017033373 -0.307415121003391 0.243933989186229
-0.0145771367506925 -0.0141391846254483 0.0677280809573966 0.145688882466992
-0.0291073292843529 -0.00031777908724648 0.164951823687239 -0.164271435488653
-0.0460403667830316 -0.0222934537863723 -0.158037747423461 0.156355514350663
-0.01504850440096 -0.00754248921915458 -0.0652103747153476 -0.141887627142986
0.00170093342031173 0.0217766075036175 0.294499529425341 -0.260399840896208
-0.0187226702464668 0.0388707602625428 0.521047643652859 0.169373187317876
-0.0439173603118234 0.0180646982932627 0.0909311561932452 0.790173802814495
-0.0219912624290555 -0.059108177194529 -0.747817264686285 0.561052636353923
0.00772313540826256 -0.0432685030847822 -0.697708558471164 -0.191851232843062
0.00992935092321577 -0.0281897642445332 -0.122042990064087 0.0176011382302873
-0.0428840301671319 0.0023803160459837 0.659779318845091 0.267738494391358
-0.00264346846834662 0.0497912831765223 0.820272473486977 -0.490683901956963
0.0258105183733695 0.0499727404860776 -0.0132882850261888 -0.889388941995841
0.0257865613928771 0.0117277012132945 -0.566930238730606 -0.239065568735737
-0.0051041137812529 -0.0299350393357439 -0.308564631437796 0.247196312867884
-0.016031983736783 -0.0137082116743431 0.0675218269814259 0.145966296506262
-0.03129523786494 -0.00134681768887111 0.160046492670205 -0.165848910401426
-0.0133186949993462 -0.00660682785015066 -0.155753679377612 0.149957395793224
0.00320023220599812 0.00174884105262704 -0.0670583554084052 -0.155400273662992
0.0212028992286651 0.0183683594683137 0.287047461927424 -0.272142583891075
-0.0101723357648911 0.0160313825434802 0.507310107447599 0.173282577113256
-0.0428402463162007 -0.00842413333781228 0.0631425073396373 0.806733440676207
-0.0301365511002979 -0.0730782219991247 -0.768565080947853 0.566570894663494
-0.022679486528594 -0.062112129735612 -0.704146388106969 -0.176393077907894
-0.028301302048478 -0.0534295917852385 -0.114024245118697 0.0452992164261619
-0.0735218540925908 -0.0140588388532669 0.675400433756389 0.264852951328738
-0.00804868047446097 0.0375424316824629 0.795864814495592 -0.514787127825584
0.0306698440798617 0.0251343644911964 -0.0673066496174606 -0.880911008511314
0.0350523818836928 -0.011314275825793 -0.590173213522213 -0.214660324026801
0.0117291313780346 -0.0349630130732768 -0.30210437567812 0.254763205550784
0.000959763100641576 -0.00584854350953857 0.0774608406003583 0.13814893802664
-0.00290931181917663 0.0158891506146277 0.168265566916749 -0.178570314629451
-0.0155121257644013 -0.00878974066631216 -0.152869752016255 0.151940694331067
0.000293047719219026 0.000870692556224687 -0.0667033999901547 -0.153846396516229
0.0206175096135684 0.0179313592028452 0.286996970846668 -0.277731151294036
-0.00993113058148599 0.0194650342117584 0.515264862922405 0.15945970559108
-0.0401105246967906 -0.0048634378405573 0.0846498234927929 0.796516085126664
-0.0300139577063124 -0.0729962934749099 -0.756046987842803 0.576123697975172
-0.022254351499882 -0.0639011349749848 -0.708453728193187 -0.172049724797297
-0.0269472228645518 -0.0555833618811802 -0.121304763855344 0.0385425431976498
-0.0714263932255503 -0.0168206139034283 0.670952938850735 0.270739622605479
-0.00680572281971545 0.0364716840861999 0.808520828193079 -0.502826365721463
0.0332562816471275 0.0275763224958776 -0.0465052162149671 -0.888033039504645
0.0372784389175894 -0.00847983415755616 -0.582121563511955 -0.230224641337743
0.0121738655570185 -0.0336255483588927 -0.302932110287027 0.249148366378049
-0.000593511770268987 -0.00614332608621208 0.0770906831283416 0.139392215634837
-0.00505990667369493 0.014253220422765 0.170959666319911 -0.177521209786382
-0.0199300263306576 -0.0114781752168784 -0.150683898322152 0.153593219059892
-0.00154522366107618 -0.000284775075037856 -0.0659974983720222 -0.151554724408813
0.0185000399016483 0.0190925972689348 0.288661722329847 -0.281017870247864
-0.00945877680460673 0.023072430115639 0.52284543713045 0.14675254871363
-0.038716024090039 -0.00175555032438917 0.100984237682711 0.788075801318934
-0.0298432751102499 -0.0717013715121858 -0.740823843360996 0.585996443158262
-0.0195690966122912 -0.0638102741358356 -0.71235431119437 -0.167636064842281
-0.0225686925128122 -0.0552654828721963 -0.129301760442359 0.0310572998593406
-0.0679659848004535 -0.0184900534790231 0.663454564831729 0.275586376528484
-0.00536445232565003 0.0376402903318693 0.821353957818574 -0.492705797631272
0.0345371340584324 0.0319639983570639 -0.0235091489513677 -0.895196464702668
0.038249836790276 -0.00309721920946377 -0.575595281360063 -0.243452381291624
0.0105150299148138 -0.0324485413512612 -0.305124094361163 0.246354267064935
-0.00255998252287978 -0.00677535925887433 0.0755354294726337 0.141953488863013
-0.00831952339315172 0.0109529638774878 0.172028957779966 -0.175158507222541
-0.0260228893718352 -0.0139365216211121 -0.149984722551102 0.154709839935513
-0.00421267694708685 -0.00172156719404401 -0.0663073165668198 -0.149639977088048
0.0154276605546234 0.0206147283928396 0.289587735606583 -0.283227780872173
-0.00910739250359176 0.0277650294878164 0.528366916064788 0.137595825966684
-0.037705581515246 0.003791798917204 0.116529125628132 0.779300130854463
-0.028493938044818 -0.069663357249933 -0.732119509636567 0.588446256857709
-0.0133688477923775 -0.0616835718394242 -0.7145004804524 -0.166974132126784
-0.0150857839871129 -0.0518844165585464 -0.133523194437859 0.0236617347184264
-0.061905107100337 -0.0168330256476377 0.65956165975364 0.277656988203536
-0.00457021946861023 0.0383012822432166 0.829137992540404 -0.485833179690746
0.0346472539605597 0.0363987687102541 -0.00843668547558379 -0.901081909234806
0.0368618521696871 0.00194088608771832 -0.57137619583303 -0.252646269419642
0.00743704601142276 -0.0314155569221545 -0.30541172266591 0.243522681598122
-0.00613655730958291 -0.00870666915856227 0.0739910117670833 0.143255681817662
-0.0141478148497517 0.00826722122174548 0.172799281838193 -0.172577742972188
-0.0318805791910582 -0.016672611149601 -0.15108949837288 0.156409433381049
-0.00876700608194982 -0.00367139518438989 -0.0662036334986677 -0.147808745299507
0.0120520063548722 0.0212624924055935 0.290630900711238 -0.28271376111687
-0.0105330175181981 0.0327429903915668 0.532063452965974 0.136178225767784
-0.037115330968604 0.00892519295885901 0.124530922719094 0.778376376873086
-0.0271717242443456 -0.0670226029775476 -0.724896177686536 0.590853354154598
-0.00810380412065589 -0.0575508364846422 -0.714231957003077 -0.167397514462675
-0.00711797783658264 -0.0472966756799868 -0.134647528513986 0.0183112723951302
-0.0565022836741624 -0.0133189095040769 0.656951951211225 0.275879511411349
-0.00430246671209623 0.041657305875978 0.832851528884066 -0.48260841852538
0.0329108792177118 0.0407948981424407 -0.00111231757521264 -0.900435937386881
0.0355042176145617 0.00535177659535816 -0.566262557192875 -0.253672744698119
0.00398266364123571 -0.0302557238159616 -0.305707661679093 0.246286216318594
-0.00954814690367815 -0.0101981890936717 0.0729257276123994 0.145223444463033
-0.0205873775743147 0.00553724815606006 0.17227146753103 -0.169797554297177
-0.0384938917092808 -0.0187703978781903 -0.151892535276132 0.157569964628485
-0.0116260558071723 -0.0047051981416082 -0.0662954150826041 -0.145344781138306
0.00906655871115564 0.0226137910376525 0.290659843544403 -0.279385809993063
-0.0117728882380681 0.0361892754646033 0.532622409080806 0.139910142561287
-0.037513170308895 0.014159001051789 0.123213125466973 0.779402305891673
-0.0248359398904983 -0.0639762036829167 -0.72574710135005 0.585270706110602
-0.00146313729832175 -0.0525894884040992 -0.711725031717964 -0.173522745512551
0.000160222752204299 -0.0406720835550614 -0.133595161608716 0.0162439330989203
-0.0507385865519623 -0.00834770399053947 0.657833865122907 0.272252971034427
-0.00304644408474824 0.0440039010350988 0.832923961913632 -0.486889347425693
0.0301099520951294 0.0452751257771508 0.000372546362092095 -0.900303578790658
0.0318350767636479 0.00836858650397116 -0.566881212332454 -0.252445925776935
-0.00039030869044166 -0.0305565828959434 -0.306423556590927 0.246930553994452
-0.0131728350494519 -0.0126385580821012 0.0711011305538719 0.145686030629894
-0.0248137918279363 0.00265567432584314 0.168038570075583 -0.168424564414886
-0.0433912647408716 -0.0207919291443684 -0.154660788937734 0.157991746364371
-0.0134524960842045 -0.00541793149194136 -0.0675579574769313 -0.144594256537279
0.00533927415318967 0.0220621277527762 0.292641847482328 -0.272281613821669
-0.0138372970770077 0.038133454879785 0.531093864066243 0.149580290704505
-0.0399808118339082 0.0167885980817654 0.115965270211989 0.784540409527489
-0.0242893821086125 -0.061408588043552 -0.729597609700343 0.580713495087509
0.00396948792771261 -0.0482754410226721 -0.708955637251738 -0.17917879458763
0.00587918660959059 -0.0343526317873847 -0.129294049261926 0.016662628667851
-0.0466042372343141 -0.00235157850784688 0.66077003425372 0.267889332313585
-0.00218820484931014 0.0471553698971269 0.826077366781309 -0.491958882394741
0.0291775534362326 0.0479779901572217 -0.00913649112824915 -0.899645449801217
0.0294412469434716 0.0103107039225231 -0.569121218372315 -0.243478293462872
-0.00388128689794366 -0.0301574719688017 -0.306835028861058 0.250703564578322
-0.01460879773865 -0.0141184833148605 0.0706589666388719 0.146361643979506
-0.0288212347084934 -0.000159061877671757 0.16474470166327 -0.166320851427776
-0.0457551637728494 -0.0211418466887562 -0.157034657673741 0.158106429360192
-0.0152976711471135 -0.00720359606719239 -0.0681813423049292 -0.142722730886123
0.00232098859504616 0.0219323513067342 0.291461147210078 -0.265403279598326
-0.0182269741429159 0.0387397656822869 0.524829184917636 0.162659130219882
-0.0436814109426294 0.018869693124519 0.0999222990380446 0.791975636593543
-0.0228287299277544 -0.0592536119272458 -0.743875787820492 0.572914044349775
0.00719068063176969 -0.0429961707413078 -0.70198724661092 -0.184875764789952
0.00960967305887233 -0.0280872609810896 -0.122740899978068 0.0194534427752656
-0.0438835197349205 0.00301527979172058 0.666776667080408 0.261149382291687
-0.00220078159599082 0.0494137981867438 0.819177496812778 -0.502762099562865
0.0277606401236174 0.0496530183331745 -0.0252678990579815 -0.892494140874538
0.0262327394745862 0.0114552445756954 -0.574397788559515 -0.230883265376341
-0.00566563661049069 -0.0310166034532271 -0.307005267053396 0.252380916043027
-0.016412475918065 -0.0144526345643007 0.069398198146728 0.146387270424899
-0.0307661032765212 -0.000579377718232788 0.158828428583234 -0.167403538350895
-0.0128266899110562 -0.00578676507977708 -0.155139125177127 0.151949553579992
0.00211406909342112 0.00289158607853906 -0.0704901916129461 -0.154887835616594
0.0218458960343476 0.0171663475533654 0.281623682135723 -0.276993113352824
-0.0106742225181443 0.0155399448502188 0.510523128210227 0.165399708375968
-0.0418265280840786 -0.00685409022399757 0.0738103333740173 0.806435529493033
-0.03198654671273 -0.072928789982858 -0.764392372156528 0.579675657443514
-0.0227370799798653 -0.0607053098540335 -0.709324051350486 -0.169476839940164
-0.028898893938913 -0.051931719569957 -0.11334156111341 0.0479486203734447
-0.0730786448175526 -0.01229917487717 0.681490193130227 0.257861072369898
-0.00830387825814922 0.0373658669967331 0.790933279041853 -0.525116763545697
0.0315490586500143 0.0242881925510091 -0.0805297551550066 -0.880639385030234
0.0349276970260111 -0.011430295361587 -0.595606493457982 -0.2047256561609
0.0116452838223161 -0.0358654143754671 -0.301039128377622 0.26053478072258
0.000322199211039183 -0.00593902571690228 0.079627795035632 0.138075186344037
-0.00308241185052929 0.015455927189785 0.167052440786955 -0.18022682425629
-0.0151823596816079 -0.00769508128911284 -0.152919220253915 0.153202591203149
0.000686081320085562 0.0013274436485204 -0.0692437325883024 -0.152964798415422
0.0213323357760016 0.017940987593272 0.283822559423662 -0.283336619762552
-0.00980238275844513 0.0192990827301826 0.518398457572551 0.153180611513683
-0.0406344880602465 -0.0051897402818002 0.0952280986277636 0.797804500031905
-0.031788120524677 -0.0720324103820252 -0.748141706942558 0.588229936421682
-0.021935071204659 -0.0627470998564446 -0.713257715132071 -0.165263433771488
-0.0275088881445058 -0.0549642099774468 -0.122125509174025 0.0401697121378029
-0.0715310179574556 -0.0155441368588894 0.676364139774815 0.264208568098019
-0.0060958892126994 0.0372129238570199 0.803370675537667 -0.515135875155309
0.0338506087060595 0.0273488145308684 -0.0597305810733525 -0.889495985363084
0.038161275196189 -0.00874797128447738 -0.587929303747958 -0.221846259402445
0.0114261312151287 -0.0335992606663596 -0.300409886085861 0.254135544765982
-0.000734170159174443 -0.00612676783685716 0.0791339665527871 0.139207151578418
-0.0045053584653839 0.0140729975800426 0.170375324571002 -0.179569390108772
-0.0193627418129819 -0.00993655993061082 -0.148981316116128 0.155748117870834
-0.00201704925794627 0.000192773500359953 -0.0690249743372562 -0.15138505528448
0.0192797408040105 0.0191264020329182 0.283511739902467 -0.286845872482859
-0.00902456935031358 0.0241339782070907 0.527560571971549 0.140858665619388
-0.0386801935264017 -0.000288805566888914 0.112274795710319 0.788116689477005
-0.0307145649772111 -0.0711896801927699 -0.736000945806836 0.596675691876675
-0.020199849909392 -0.06335838220999 -0.718134703356451 -0.158744054487628
-0.0228187020603264 -0.0554240365949624 -0.128421138315692 0.0331040819395839
-0.0675693358949604 -0.017144109205469 0.669344615586314 0.268636637968263
-0.00532112926333612 0.036493578792239 0.816641983741664 -0.503787891396036
0.0347583095222967 0.0312562446736594 -0.0364365204646464 -0.898883606235566
0.0374965907204315 -0.00435448283389219 -0.581758651929123 -0.235329816723108
0.00990469127885928 -0.0327277418740214 -0.301429428614388 0.253974188750065
-0.00380395656307891 -0.00702655023792001 0.0775032808455496 0.139457564154052
-0.00777286318232089 0.0119084433284731 0.17164071895995 -0.17775905477654
-0.0260888533164098 -0.0128914211399782 -0.148968648401329 0.156444067956578
-0.00605742532340471 -0.00140582549173226 -0.069247469612044 -0.150481077222196
0.0158655986663912 0.0202445927454606 0.285095599641439 -0.289654907304439
-0.00901587919074532 0.0273976377265855 0.531006528303514 0.131268395960122
-0.0374711182095463 0.00449883405759373 0.126680491292588 0.781636209125533
-0.0297993921292552 -0.0684141152156446 -0.725490632538777 0.598505231948574
-0.0149119166619692 -0.0610193278137923 -0.717516453658249 -0.159920113971938
-0.0162076398732606 -0.0524042285181053 -0.133404340090487 0.0262179951563592
-0.0629381123688463 -0.016352081571788 0.666285805137645 0.269794435034085
-0.0036215179530572 0.0387958002983432 0.824858027203872 -0.495896047875196
0.0348238741549218 0.0360526089848414 -0.0226871744851535 -0.902976995076216
0.03671498047051 0.00174790665744323 -0.574794063617511 -0.24234316377594
0.00655884554649228 -0.0314200418227628 -0.303569753347689 0.250351454460518
-0.00712549395510358 -0.00838737113645544 0.0755975481833089 0.142838205214626
-0.0143718399973597 0.00863095361581747 0.171950521859417 -0.173856447585057
-0.0325867204587451 -0.0151914591083894 -0.149949468796538 0.158040464515386
-0.00891994203399301 -0.00230148697192466 -0.0696607155219635 -0.149073574235157
0.0132510159580732 0.0217496731226275 0.28764739084073 -0.287155981611266
-0.00973599098071489 0.0329218622366079 0.535932946110621 0.128239647515115
-0.0363405553846277 0.00949894621624637 0.136071369171515 0.778897491025051
-0.0284590703642393 -0.06548437220529 -0.71869938476887 0.601430438938216
-0.00859613598791754 -0.0567969391715069 -0.719138744121791 -0.161602752652264
-0.00853554033290641 -0.047486161024427 -0.135564199374305 0.0209418442508507
-0.0563581780369853 -0.0131727327701177 0.663109733948465 0.269806780637396
-0.00348326667651534 0.0420852946274065 0.829316940569498 -0.495521950339757
0.0339503632790911 0.0408246874095865 -0.0146803389209766 -0.905347112097745
0.0360771688003353 0.00521785291475255 -0.57268294452177 -0.244272543471019
0.00213123431082392 -0.0308392052261904 -0.303972462249822 0.253141845729753
-0.0102455836949093 -0.0109310250722227 0.0743936445381965 0.145114519162962
-0.0202154465782941 0.00598145371851644 0.170866371817749 -0.172002180381301
-0.0381318900294302 -0.0174829903570774 -0.151115290917546 0.158524298347274
-0.011593778449745 -0.00347153615443194 -0.0685128576828744 -0.145945884429241
0.00906640526403081 0.0232204927707932 0.288070344222703 -0.283910506380906
-0.0120316604606006 0.036504818759573 0.534918910362537 0.134206234617481
-0.0378042819843288 0.0140127829791212 0.133878224171472 0.779204971677484
-0.0264480351207997 -0.062983191287136 -0.718828311519725 0.595056637132157
-0.00104604914944885 -0.0525635375999043 -0.717112981686885 -0.165072746709191
-0.000556816582018746 -0.0412262319917106 -0.134245083720104 0.0182146018584148
-0.0511837301369931 -0.0072598494894165 0.663179226334527 0.265883931673095
-0.00204122251234571 0.043877525123807 0.829481699196318 -0.498089831491279
0.0317496994375247 0.0453672615954624 -0.0146758448287132 -0.903319184681523
0.0334394909133775 0.0088736759556963 -0.572895550101636 -0.24469359363772
-0.000380517962799747 -0.0304360774176164 -0.30525745211601 0.252905359721137
-0.0136617160788863 -0.0133229638959903 0.0727364395401648 0.14623390164295
-0.0240954783103172 0.00313904637245034 0.167484864038396 -0.170705606935291
-0.0433238083446185 -0.0191407343823664 -0.153737719116368 0.160432654923999
-0.0137397380784786 -0.00510857411592358 -0.0703404496685588 -0.144729771625374
0.00533790689322768 0.0231598659231258 0.288900535162195 -0.27833513678144
-0.0146900129069577 0.0392808268884356 0.534102843531836 0.141505771948338
-0.0397130382664366 0.0175888323263998 0.126901582051701 0.785480309864981
-0.0248121381283071 -0.0605221291236085 -0.724569370209776 0.590845124621942
0.00304654967341325 -0.0478810916348698 -0.713057814048052 -0.171304118589917
0.00516334653378395 -0.0339391709335714 -0.129614418315142 0.0189664142077859
-0.0461933868081468 -0.00182747723311334 0.666404181548661 0.26161171099365
-0.00223244239334655 0.0474156213918947 0.82385192203108 -0.503667548538283
0.0301808057930368 0.0475971024764787 -0.0219121023903447 -0.902794635504506
0.0299466849989693 0.0102224712334681 -0.574980367455243 -0.235142061254624
-0.0036691984844012 -0.0302978549843664 -0.305444241606565 0.25677993032654
-0.016283932869773 -0.0142408345141991 0.0714685002818144 0.14607577066369
-0.029370339797863 0.00139261070804265 0.163425325470759 -0.169042092029218
-0.0442941002803112 -0.0196500387783916 -0.156240559393637 0.158709806707814
-0.0150835378165075 -0.00605562944475177 -0.0698734686448972 -0.14391550419482
0.00265956898573744 0.021890557526908 0.289238062603929 -0.270602401887395
-0.0184981516492864 0.0400424292093292 0.529449246882538 0.157260338414203
-0.0420299973716156 0.0186291605148658 0.111230391047313 0.793145838037372
-0.0236316440096441 -0.0588465497811025 -0.737779792902569 0.583133234113749
0.00661476796904097 -0.0417568682288493 -0.707979738156687 -0.179327578383131
0.00958706094295387 -0.0279039627210375 -0.123145600791162 0.0222726972246053
-0.0436210713752151 0.00366524887213157 0.672379553750202 0.254280057991986
-0.00150581896727383 0.0500755103834415 0.812752932931573 -0.516646020350718
0.0284070977960059 0.0488716531111557 -0.0388784742255417 -0.896475842132935
0.0276419861328393 0.0114059389274969 -0.580503156160007 -0.224032664981268
-0.00600199564124745 -0.030459666434283 -0.304284021123651 0.258672281161448
-0.0171124256684078 -0.0145498706024771 0.0713588155743411 0.145903291021365
-0.031256224980778 0.00089116736287854 0.158315759272206 -0.169290378461913
-0.0128917126181054 -0.00567643043934007 -0.153762741541975 0.153277224903058
0.00261765190021493 0.00278647690005746 -0.0724532868355525 -0.155067756355874
0.0223036726049173 0.0179837407602016 0.278993125967603 -0.281985707315709
-0.0103988695326885 0.016282336268703 0.514016918262859 0.158834301980166
-0.0405115638503501 -0.00727920214792968 0.0844934583252724 0.807057154822428
-0.0320359957798185 -0.0719417391567083 -0.755942395826812 0.588689630548359
-0.0233413881775234 -0.0598248636827012 -0.71280347214918 -0.161144088774066
-0.0301765333374555 -0.0524066933003175 -0.114423033609543 0.0505389121841462
-0.0734342787823672 -0.012121313541936 0.687350102630181 0.249862315552036
-0.0070034653953342 0.0371841833115958 0.785298967311515 -0.536288725273899
0.032087754741683 0.0241635277801475 -0.092255306505902 -0.881484003702735
0.0355850834607143 -0.0126835307929884 -0.602154089471958 -0.197999639540303
0.0107422346829545 -0.0356240391008222 -0.297019180796932 0.26615589347162
-0.00031940907123639 -0.00612525820012894 0.0814800325529322 0.138194076996845
-0.00344934040575012 0.0165927560722985 0.165812396798115 -0.182297727048142
-0.0151455949984342 -0.0076694368920607 -0.150776452136161 0.154380358696725
-6.47629106786014E-05 0.00147809027309159 -0.0728575646663396 -0.153115149681697
0.0209707130809425 0.0182301997667436 0.279264802686693 -0.286493335410114
-0.00893958366350137 0.019353085320452 0.520251132514526 0.144978149641702
-0.03928544337514 -0.00492317620052101 0.105464755920468 0.798732176925602
-0.0319143493353921 -0.0719418946489506 -0.742895805031655 0.596566848838708
-0.0238182347509015 -0.0617593427230403 -0.715747577350454 -0.155202631185027
-0.0281294915620457 -0.0548747349778893 -0.122167690745039 0.043274058730987
-0.0726195377010648 -0.0147940176791073 0.681974824411815 0.255230643886043
-0.00519183517633342 0.0368109928705102 0.797782555702693 -0.526096177021171
0.0340533153162603 0.0264662514185381 -0.0733313314387657 -0.890907222690245
0.0375324201426578 -0.00930162569878363 -0.594530763898854 -0.211808694300206
0.0108817814750288 -0.0343670469092019 -0.298134811098475 0.260853831909093
-0.00173073080188246 -0.00693176818337441 0.0806007281980866 0.139190770734696
-0.00458711700757917 0.01489482729646 0.168746642584704 -0.182202234354774
-0.0200551280071013 -0.0092698309385222 -0.147675150781527 0.156878659185742
-0.00303113208509577 0.00146584641005159 -0.072726852790551 -0.151935502266517
0.0186998098630682 0.0183595163909425 0.278809082112889 -0.290757571426899
-0.00852304201841204 0.0234803050132718 0.52776164293002 0.133387416689634
-0.0378797251122323 -0.000123507934704902 0.122671360889582 0.78736230448894
-0.0322300727403436 -0.0704573659047933 -0.727897208047756 0.605580864841985
-0.0210040336430886 -0.0618885321871874 -0.719644620873646 -0.151644879494381
-0.0238370487902325 -0.0550354804272367 -0.127930106759692 0.0359448794850051
-0.0680360218609058 -0.0162402666522243 0.672609444905272 0.261989252090482
-0.00475909309067889 0.0370735676203471 0.810337526385866 -0.517393929194736
0.0354546518935654 0.031028612434273 -0.0500835166464799 -0.898197481678824
0.0390774539829585 -0.00397123809191603 -0.586680193451722 -0.226374938090636
0.00936755515906213 -0.0327597074005674 -0.299680401246382 0.258052549759976
-0.00381402052560488 -0.00729878795139405 0.0790379309281294 0.140265973634455
-0.00845233045374848 0.0118721381854933 0.169580814152975 -0.17899128678709
-0.0259519932221712 -0.0124262819141996 -0.147655719964082 0.158191665450749
-0.00589695264623404 -0.000847147537915413 -0.0720482450334495 -0.149436784197258
0.0156759250759825 0.02040531196504 0.28120391012132 -0.292770925823466
-0.00817308056010601 0.0278114754587485 0.534642024172638 0.123744831508118
-0.0364089932436272 0.00420885067012209 0.136633620594599 0.782483416390338
-0.0305005345532463 -0.068352055171328 -0.717419517670264 0.610616183410935
-0.0148094874549025 -0.0589221405347276 -0.721064412930276 -0.152083041369707
-0.0170314453259622 -0.0520230525677459 -0.132836313039919 0.0288165732991312
-0.0637278325328416 -0.0152059175119702 0.670359009146845 0.262733487562898
-0.00361422977004841 0.0386947710531115 0.817177707921872 -0.509491685313575
0.0360455985896376 0.0355684805666937 -0.0348954910542484 -0.905389529170292
0.0378098598537339 0.000375742249914025 -0.582376561214571 -0.235116726602418
0.00555527622634688 -0.0317593398805608 -0.300656687852387 0.257446937187762
-0.00746019673967901 -0.00833826877662638 0.0779556849615736 0.143017266636777
-0.0138788193476098 0.00908300905369899 0.170338101240743 -0.176615022224824
-0.0325714272125105 -0.0144853629957777 -0.147402646907898 0.159529422983135
-0.00965344778402175 -0.00187361104885174 -0.0722024944231802 -0.148422263380965
0.0124183682372712 0.0216081547895183 0.282715794324019 -0.291996282315142
-0.00921440633862281 0.0329569011374394 0.537157503949154 0.121446774264546
-0.0357005938208871 0.0097819491318707 0.145658867157195 0.778764008394541
-0.0296272473997677 -0.0653793980825912 -0.711249131955072 0.611294245088507
-0.00949164182166398 -0.0567754675098041 -0.721796770876475 -0.152061639755147
-0.00833868603444007 -0.0465715374360038 -0.13499458077098 0.0233023046467703
-0.0572298186319538 -0.0120834926934049 0.668186840527016 0.261588719021431
-0.00302787747189313 0.0409145360015041 0.822407582339763 -0.507763129747652
0.0346165639716825 0.0393829275982557 -0.029118663459908 -0.904778239409211
0.0354885883423378 0.00511928197282624 -0.57750188255819 -0.236935585970645
0.0017945333524332 -0.0313033741001801 -0.301350463117822 0.258272196596089
-0.0112469570627684 -0.0102264494393267 0.0764349859933881 0.143942309028296
-0.0199091617481996 0.00641968494691108 0.168862838924069 -0.173858855186833
-0.0388944884697088 -0.0162361017894352 -0.148843567004836 0.16057212873035
-0.0125484679669924 -0.00320097687034923 -0.0718268381340656 -0.146155653380878
0.00861491491124205 0.0225517067851496 0.282255780242062 -0.288220301661959
-0.0112651605507541 0.0370485595035335 0.537878019621571 0.125611948557367
-0.0365299835144294 0.0148146736535296 0.144856199722492 0.780242467846668
-0.0273718103564507 -0.0622330036664801 -0.710998364244032 0.606659353097868
-0.00328415960064863 -0.05242572490674 -0.719060391059678 -0.155607351489097
-0.00128261756873904 -0.0409420542480484 -0.134000181713059 0.0209642077524528
-0.0515794264311091 -0.00682854579347037 0.66788164500875 0.258531963513949
-0.00202832551792048 0.0446642997188117 0.823370624938523 -0.510524533236712
0.0318535467354223 0.0443524684328573 -0.0275871337291689 -0.902820220645989
0.0331764444913629 0.0088706276128017 -0.578539064356386 -0.235986132622326
-0.00154810216216406 -0.0314755182241915 -0.302243574584143 0.258506676533871
-0.0142015590573715 -0.0125729349392568 0.0748477612379573 0.145845750022347
-0.0253000741169549 0.00403619520446983 0.165433810576459 -0.172173139129478
-0.043124303116765 -0.0173457861098729 -0.152296505813647 0.160140449040609
-0.0140192357037699 -0.00428405560585516 -0.0722383281849648 -0.144812303387261
0.00555719725063886 0.022338780185214 0.283968655258715 -0.283071048311788
-0.014009074949402 0.0397284258112932 0.538347216594622 0.135842013708579
-0.0389013800270128 0.0176546168802102 0.137018611302315 0.783190859079823
-0.0254513629736655 -0.0606075581591167 -0.717143693143178 0.601021046028355
0.00225141614932595 -0.0474105007698719 -0.715628156005483 -0.161729395721035
0.00506516291022809 -0.0339408145775319 -0.129652350377503 0.0206389900131894
-0.0464891126886835 -0.00133196446996738 0.671253833284528 0.253134959635839
-0.00141951521592031 0.0465754429177313 0.816399900719432 -0.518139588447104
0.0301761128873096 0.0472584791450901 -0.035422260848574 -0.902992593488637
0.0303308817452572 0.00906624986155321 -0.58111030855451 -0.227490199156233
-0.00469799025306588 -0.0308206662369845 -0.302295569934931 0.261824284135391
-0.016689768478521 -0.01420396215579 0.0738514191313536 0.145739595653613
-0.0287856290495568 0.00221986016622616 0.161276744611358 -0.170238568235492
-0.045691671274223 -0.0186655038217862 -0.154286424756944 0.160901375893238
-0.0162355824855608 -0.00588842820539813 -0.0726311816994917 -0.142283709727551
0.00265227104142532 0.0223079294225934 0.284933729902248 -0.276611378991794
-0.0167100323646314 0.0392993779529595 0.531859998982323 0.149320053628058
-0.0417092810621544 0.0202593915608094 0.122376531394628 0.791820252832923
-0.0248240436305216 -0.0574006007981606 -0.728840847649821 0.591598174748166
0.00595129490596157 -0.0425743869283169 -0.711549840384038 -0.172157333361204
0.00866470838935507 -0.0280022758769147 -0.123024926688931 0.0244092237323384
-0.0433582006745382 0.00438591697576438 0.677008683018161 0.246127309698854
-0.000124549324081343 0.0496082735365109 0.806631131707769 -0.5283212174849
0.0298537375018092 0.0487857264917696 -0.0519969892572127 -0.898171784101851
0.0278706335845217 0.00996119800259911 -0.586324607087593 -0.214573496355682
-0.00722986116795188 -0.0307377790743787 -0.302454456870255 0.265563077033578
-0.0176715166772665 -0.0149440426540106 0.0737053229508006 0.146022143151984
-0.0317192797621587 0.00113938574029562 0.156642160878978 -0.17022272236166
-0.0128061841558339 -0.00471586293813995 -0.151168667495457 0.153506344373271
0.00224996940032084 0.00334834533714713 -0.0753016886193278 -0.154827838864152
0.0219035145923219 0.0177391105844813 0.275206400730182 -0.287679626550472
-0.0105639357726171 0.0172713561929458 0.516441669973886 0.151914671739133
-0.0410241385447099 -0.00664591581410091 0.0958193275371261 0.806081658605291
-0.0327127375415945 -0.0709875234814117 -0.750166618014997 0.597854798039675
-0.0253833929329419 -0.0589464923215479 -0.713317683782137 -0.153112149823275
-0.031035896615535 -0.0522039135790686 -0.113357415222089 0.051945366202132
-0.0740703157944065 -0.0113880444186637 0.689651225608102 0.240985721581593
-0.00704489406863258 0.03685614721907 0.776864795309409 -0.546046655689523
0.0322450305252504 0.0238274804155213 -0.106642656954585 -0.881349963440034
0.0350507915353729 -0.0130170620549974 -0.605123296621673 -0.188247727233001
0.00995090194143381 -0.0363588159440169 -0.293979827089149 0.271931726170484
-0.000713649975608612 -0.00648670808032946 0.0819062819357333 0.137468914440491
-0.00271117651343143 0.0167389944986097 0.163416058687131 -0.184700282116603
-0.0146163469303789 -0.00664647969983469 -0.148836624872221 0.155654652713306
0.000446820890125904 0.00304263330261037 -0.0753868101142888 -0.153042178382474
0.0202809163079886 0.0184307030202968 0.274915930109656 -0.291711818715145
-0.0102667067308408 0.0195818023721631 0.523751338044717 0.1395563744207
-0.0389219147885222 -0.00435811447643417 0.115412792105877 0.79690083014225
-0.0328829832049303 -0.0705172040458051 -0.732446264075281 0.606067735792693
-0.0248390398767688 -0.061104273615425 -0.719827521738635 -0.146802003098672
-0.0295765744119819 -0.054903437525336 -0.121285779867351 0.0451821838207224
-0.0727502552503758 -0.0140692782470515 0.68401332255754 0.247947368993893
-0.00554816508337173 0.0373176317117889 0.789882993984571 -0.535887268859688
0.0349089285420996 0.0259818578837626 -0.0877331315881314 -0.88912638775177
0.0375772226441957 -0.00970613448614866 -0.598116980261271 -0.202443721242002
0.00977709949026176 -0.0349854032391861 -0.295297116517189 0.266656344809679
-0.00185122277948891 -0.00659212120587902 0.0826653437220291 0.137732649120754
-0.0049476021612276 0.0149571073913415 0.166210335594069 -0.183092720221938
-0.0189629480978309 -0.00880118107938228 -0.146629990401396 0.157758748840356
-0.00286513939249961 0.0015799926899677 -0.0751245924913532 -0.151196248512902
0.0187154054908417 0.0185654418988685 0.273373064807263 -0.295291323219454
-0.0082868564285243 0.0237581039869804 0.530211920222937 0.124895452467146
-0.0367805234177344 0.000422502145909623 0.133590270741745 0.786776681892365
-0.0326978777656904 -0.0699047128687772 -0.719838048250395 0.615043530948074
-0.0213847076543097 -0.0608708568352994 -0.723698859499476 -0.143026811722325
-0.0252232036563117 -0.0543799874649391 -0.128625944854372 0.0378482685253267
-0.0689257423182585 -0.0158573387450524 0.676946389024159 0.25240618854884
-0.00455259503734156 0.0371904603783579 0.803267088581899 -0.527457476353049
0.0363283922431628 0.0305558012858808 -0.0651646007744419 -0.898258758648436
0.0394769175972008 -0.00504941796834628 -0.592027393105479 -0.216873196899351
0.00802866885553251 -0.0335999045716753 -0.295646176673085 0.264202114406435
-0.00529025061944603 -0.00723795757198997 0.0811323828151061 0.139939254671854
-0.00817968463769791 0.0125112260801868 0.167167996570397 -0.180630606007331
-0.0250842130148985 -0.0112233170013838 -0.145862601570821 0.159532935359743
-0.00543416562463542 -0.000205725333293476 -0.0748690625373424 -0.150062431848877
0.0153228625256604 0.0205565482143681 0.275959827503366 -0.296976430509476
-0.00883138326787641 0.0288138764388178 0.5360500899294 0.117586826740967
-0.0357855405127038 0.00562621152896811 0.14765856276804 0.777430051836981
-0.0315902346915268 -0.0680576736883131 -0.707406918138105 0.619299277231787
-0.0165268707423469 -0.0590678577654362 -0.724404338715158 -0.141552945990698
-0.0176491174942128 -0.0515150859278641 -0.132606646570844 0.0308631162893923
-0.0632279072944816 -0.0139673749226853 0.674194850686876 0.253833819696249
-0.00285333369594028 0.0387371780348574 0.811171858933786 -0.521882667671171
0.0359626041086615 0.034661162939086 -0.0492999557710016 -0.903643495994155
0.0381268817881689 -0.000169410435815889 -0.585304368978804 -0.225395602700976
0.00526571566832193 -0.0321685223409278 -0.296376689513032 0.26185136525661
-0.00774779084977226 -0.00875385233185324 0.0793195582736298 0.142135953813529
-0.0140136086590454 0.00922901134529408 0.167740277357685 -0.178573587152333
-0.0319430049831166 -0.0136533998470045 -0.146446660773981 0.160027919356238
-0.00891174201263684 -0.00124534254327431 -0.0750564390079775 -0.148778850854479
0.012619257982124 0.0214022171752463 0.277430388817801 -0.296010446483025
-0.00850201833373325 0.0333196774777701 0.53896520361981 0.113655502709905
-0.0350340420370077 0.00930853941861215 0.154563393373878 0.777765055425176
-0.0295683801103887 -0.0656553241761256 -0.703802197877319 0.618730112427369
-0.00961585522154496 -0.0560150403244256 -0.724157039781367 -0.144371637844012
-0.00975898925533837 -0.0468386962316158 -0.134630190833417 0.0261280516958952
-0.0574337489033744 -0.0107102423736449 0.671642539140008 0.25379032818546
-0.00255169947769276 0.0405554023165907 0.816198813311431 -0.518734229280143
0.034397658094294 0.0395022094799361 -0.0421394808619621 -0.90508072947389
0.0363629153835123 0.00410255419590701 -0.583949653597912 -0.227627675876602
0.00172168287222297 -0.0313870703159498 -0.298288774912887 0.263509288676886
-0.0115985160269248 -0.0110000035918103 0.0769978236977485 0.143867273588329
-0.0198573135860455 0.00731546047888111 0.167279272924215 -0.174854992904987
-0.0384710728246249 -0.0149778631585977 -0.147339521649698 0.161676189280341
-0.0124880073036524 -0.00288052105949234 -0.0747441793785976 -0.146143378488513
0.00943714660000996 0.0221850651736939 0.278671261471743 -0.293857827986301
-0.0112809943262689 0.0369357692567893 0.539837762014161 0.119080824062351
-0.0361306488597352 0.0148842132987961 0.15459011758948 0.77764843524989
-0.0280695518298847 -0.0622960176026409 -0.703168118624867 0.614703379147352
-0.00338568203358426 -0.0506475521145888 -0.721221879125761 -0.148396764693661
-0.00146561191406458 -0.0402973605066042 -0.133172067666557 0.0230652004074759
-0.0514226868378732 -0.00601994033444016 0.671885559387709 0.249956490330335
-0.00179923603675606 0.0436619899273153 0.815576238103356 -0.52246427843819
0.0333819291639738 0.0434240668601541 -0.0394485369685868 -0.904285803235839
0.0334400080706725 0.00777650306481831 -0.581920834200185 -0.227429212677447
-0.00245322088635147 -0.0316427693613322 -0.299773548341408 0.264968842115258
-0.0149904588544953 -0.0128725642124846 0.0755676435865102 0.145247784893954
-0.0249384199271396 0.00422394086376362 0.16426889667147 -0.174100563982904
-0.0430276336057252 -0.0167651929158008 -0.149082445524894 0.161826557702735
-0.0149812572558662 -0.0037506379517206 -0.0756226727637888 -0.14488593179571
0.00648037700315154 0.0225412921868749 0.278854379626939 -0.28759417663001
-0.0138158662736147 0.0401932917375095 0.538857420595786 0.12800510575881
-0.0375007370350345 0.0189755709538899 0.146864140445275 0.781228417421787
-0.0260764326652903 -0.0595607768428772 -0.708468397253105 0.608922540022274
0.00175259232736927 -0.0460295313177976 -0.718419491252918 -0.153687600131255
0.00426651971539341 -0.0339484632238892 -0.129057032427528 0.0234951626241857
-0.047301941440868 -2.84478273060787E-06 0.676420217132139 0.244979086774854
-0.00129798857390824 0.0473055186042069 0.809339142074533 -0.528213874840301
0.0312006261600807 0.0462323381128427 -0.0492359544106002 -0.902608147842507
0.0316666488963429 0.00871960912428338 -0.586970533771136 -0.21811744874359
-0.00529878292309258 -0.031501285157493 -0.299605158869226 0.26846893585867
-0.0171447735126533 -0.0138146203820879 0.0755653001700876 0.145776190416657
-0.029491525993887 0.00268175724136513 0.160402162741444 -0.172338587820626
-0.0452056473587027 -0.016621604772124 -0.152459086396236 0.162264358947832
-0.0161485081127465 -0.00524195408434999 -0.0762313308785168 -0.142680817660866
0.0033591511944123 0.0220254343650774 0.27973686659354 -0.279986668752251
-0.016860086972212 0.0398429912506333 0.53452929347223 0.141721197921531
-0.0404304014609425 0.0210508875197892 0.132848876831717 0.791815070151692
-0.025272286954055 -0.0581534182907455 -0.721144244924695 0.602339419582446
0.00460656871966844 -0.041674117056619 -0.714332007288736 -0.161455089467711
0.00818429868271447 -0.0281993586400169 -0.123458908219784 0.0269472461442184
-0.043771792666857 0.00441248811082032 0.680080116932834 0.237154364286893
-0.000206726341144155 0.0487923927800578 0.799783377198431 -0.539052526184856
0.030152884491851 0.048353293709031 -0.066979032218402 -0.896656995445415
0.0279075031659054 0.00884663206172804 -0.591724302223421 -0.205757518778281
-0.00737132351346395 -0.0309622337315015 -0.297114073362978 0.271052396884764
-0.0178403035222367 -0.0149737278979715 0.0748932623436818 0.145323056955309
-0.0310246007856271 0.00145336830170948 0.154592929581695 -0.172226266183354
-0.012350597684027 -0.00416966727014 -0.150439649811148 0.154983615582317
0.00246038676237762 0.00386676866497319 -0.0787776381956873 -0.154777869037024
0.0217353098987407 0.0174893324065185 0.27000638038743 -0.28969463914589
-0.0105466113839461 0.0173833498625148 0.516375326644857 0.145170895789487
-0.0400041641622761 -0.00636177931066359 0.105100495826752 0.802086584158546
-0.0335611912999436 -0.0710020300075576 -0.740411775305591 0.605375187468251
-0.0252158686681051 -0.0574494415336985 -0.715169347339293 -0.144468519080027
-0.0311223022645613 -0.0507572301615242 -0.112986645390809 0.0533945002312255
-0.0747013153048812 -0.00998793079403297 0.692590380290713 0.232099006357942
-0.00632253934425196 0.0383613007362313 0.768636576053672 -0.556921833902699
0.0327772561190081 0.0232733910666875 -0.120395838696691 -0.878162677656123
0.0356961685411503 -0.0135918709602516 -0.608608247959769 -0.178132994687093
0.00912719129508634 -0.0361690794999624 -0.28976496669405 0.276857651488261
-0.00175307082364391 -0.00612458243754868 0.0835748133968067 0.136112532688801
-0.00319628518582416 0.0166761089556384 0.161746378850019 -0.18527974947062
-0.0141762963454451 -0.00543692525468628 -0.147220085068736 0.156490421584593
-0.000170721690591246 0.00354603161798172 -0.0779935856843842 -0.153007304315255
0.0209559991323324 0.0182714805150024 0.268767072043909 -0.293655309295637
-0.009418700237992 0.0204863417188966 0.523989846654899 0.131122595038368
-0.0380657811566027 -0.00395170957402314 0.125364376473191 0.793809748483253
-0.0337694215009609 -0.0701978618452413 -0.723993144175729 0.614185133049066
-0.0248337119683558 -0.0599100245517527 -0.72090225699937 -0.138526144140796
-0.0301922315956386 -0.0537654062606718 -0.120534613234612 0.0469705696865973
-0.0730368279685677 -0.0127420761138813 0.688165135526807 0.237337642806717
-0.00528455725868317 0.0366531147918602 0.781880609095618 -0.54743809911891
0.0357332653111092 0.0252493931950987 -0.099771081945267 -0.887733505224898
0.0376960131071288 -0.0101614713510268 -0.600432443439796 -0.193892505115706
0.0084317564452124 -0.0349486896920193 -0.291525538915902 0.271905404429438
-0.0030791202457602 -0.00665330262635153 0.0837642245146431 0.136948440346829
-0.00489197403395823 0.0153075791723795 0.162914829965791 -0.184653808368437
-0.0189408569403196 -0.00774799084804866 -0.144514266163797 0.159074704107289
-0.00265407706908448 0.00231734846863465 -0.0776836252001871 -0.150966043934337
0.0185720054418942 0.0191626045266224 0.269679654048939 -0.297771115093464
-0.00867373992999633 0.023959158136579 0.530515205265963 0.118903854363333
-0.0363627704449484 -0.00010173175862596 0.144678102236125 0.78336397831412
-0.0333926980930069 -0.0687187219227829 -0.710243960519748 0.621755090172152
-0.0221990287241943 -0.0601252193457021 -0.724390616117968 -0.134632258058109
-0.0249603331040089 -0.0538836124294369 -0.127237146489237 0.0393994493866309
-0.0693463055579825 -0.0144692423676133 0.678664807142399 0.243099157982807
-0.004313439328376 0.0376346683326948 0.794945194814858 -0.537252837522548
0.0374664264600486 0.0298606985703977 -0.078162344948291 -0.896303077946106
0.0386714005979569 -0.00579855177017806 -0.594100359388882 -0.207893991564725
0.00769419909483341 -0.0335988479666521 -0.291990494942361 0.268889073257448
-0.00555165730471996 -0.00719204460647566 0.0825858826063518 0.13916634880455
-0.00909481764624913 0.0128040443115323 0.164839494056039 -0.182831929723124
-0.0248140617982178 -0.00997607620727308 -0.143751264868795 0.159923022154897
-0.00655059983660785 0.000678578069093113 -0.0779739082817924 -0.149331027493024
0.0160058495025498 0.0203900841096964 0.271031319604217 -0.300591633390215
-0.00826872900629391 0.0289418334699838 0.537161192661665 0.109300855528884
-0.0347209217973731 0.0052218819056326 0.157730518616471 0.776670224015301
-0.0321576914240085 -0.0670172260583175 -0.70045782814999 0.625561696451659
-0.0169124722094587 -0.0581025291413785 -0.724074153515067 -0.134257459107619
-0.0182114157774767 -0.0511820390223295 -0.132299718117209 0.0332836743427323
-0.0643769553369851 -0.0138281971812416 0.677633178723623 0.244970048594424
-0.00251209870650986 0.0382926057226463 0.801926731645363 -0.530440102792945
0.0370857450999728 0.0341041736138419 -0.0620184942164941 -0.902161148758609
0.0390001644312158 -0.00122656838862535 -0.590971316125574 -0.216543482124014
0.00457810208300496 -0.0319421320700322 -0.293253279469643 0.267309779310928
-0.00854271260872505 -0.00857120048771469 0.0813597788239039 0.140932090182839
-0.0140587785256355 0.010080777723776 0.165785660280746 -0.180232735495195
-0.0311772643920408 -0.0125839102935048 -0.144555113149047 0.160525173688314
-0.00929058725619073 -0.00129847952850116 -0.0779515353775111 -0.147745255880165
0.0126836037388018 0.0217925441131001 0.272635186690486 -0.300027046839563
-0.00913777354999854 0.0330580104425965 0.539905535496939 0.106828314479173
-0.0347415792637967 0.010864687482228 0.165845966786452 0.772330475292132
-0.0305582269111719 -0.0635894161045767 -0.694701663749982 0.626169157010075
-0.0107277986243485 -0.0548763036911234 -0.724611422642249 -0.135421600854885
-0.0100243862922867 -0.0459914750116717 -0.134046307430785 0.0283043391635854
-0.0573725126359345 -0.0100196066611423 0.673479146876625 0.246169059099517
-0.00188297358446244 0.0412261320318168 0.806691908743825 -0.528163511232023
0.035147022353977 0.0384985265877262 -0.0553612683400644 -0.904452408430643
0.0374104769960132 0.00319712985112553 -0.586486159907553 -0.219006255479903
0.00102959393128114 -0.0316747062672331 -0.293981352991452 0.268928845247884
-0.0123826847071806 -0.0107643667026152 0.0790545547981479 0.143098674769942
-0.020160030328615 0.00754882132631051 0.165121199118082 -0.176234537293665
-0.0378332248709812 -0.0144840082716052 -0.145846062779014 0.162226978328446
-0.0133719898513981 -0.00263040117772747 -0.0781614314846397 -0.145153111436148
0.00950931702753638 0.0222532837541454 0.272892257618998 -0.296470360503669
-0.0108200449861157 0.036968474886989 0.540730873845651 0.110421052746473
-0.0349924392215384 0.0147997397512254 0.164157294562247 0.774287178658421
-0.0279924239148995 -0.061781559788597 -0.694534799088867 0.620286424034859
-0.00445102110143143 -0.050895054935109 -0.722009859793411 -0.13920088381981
-0.00172052525604868 -0.0403163559968858 -0.13283949445808 0.0252348448261813
-0.0518349381310519 -0.00512945376181185 0.675050865723984 0.242090163069046
-0.00153989598396627 0.0436165146241112 0.808646058146297 -0.531704791554212
0.0336884985311781 0.0423527515694416 -0.0556375394636274 -0.903631781909209
0.0342087879346725 0.00626242554794355 -0.586469515742057 -0.216280077500684
-0.00264654847374031 -0.0321390595127753 -0.295767194538488 0.267599989658451
-0.0159034521155288 -0.0130699254977937 0.0776047039796696 0.144770211249503
-0.0246512462389735 0.00452677144958697 0.161941930198686 -0.175648907543269
-0.0424498902651186 -0.0154820839984884 -0.147903547215068 0.16258521680728
-0.0151408626497701 -0.00285466494948592 -0.0776888818795479 -0.143551356403323
0.0058109680634727 0.0230121483977021 0.27321002272217 -0.29003460628375
-0.0136987750075601 0.0394002788714927 0.539516620261683 0.120241540110766
-0.0365481844630241 0.0192776466754543 0.15890164499209 0.779684620416825
-0.0270528450289002 -0.0583876243992117 -0.700999524285412 0.616128012072365
0.000477974024548501 -0.0460136776335318 -0.721127504484192 -0.144640409438387
0.00337809233998667 -0.0345780321596034 -0.129512899151435 0.0266888261461195
-0.0464025405857507 -2.74304379756576E-05 0.677362605791874 0.236774006047507
-0.000585218146584784 0.046578626700845 0.800742245095265 -0.538549385520621
0.0324664773755371 0.0450107261316711 -0.0625539478906007 -0.901322121952789
0.0310536981412337 0.0087449567805408 -0.590105186382301 -0.208666742002414
-0.00593519492388616 -0.0316344488067278 -0.294766395851281 0.273138311446685
-0.0181419071835863 -0.0139339493333395 0.0763403006296201 0.144321715922099
-0.029480088957192 0.00337531128104713 0.157735050979038 -0.173718418968017
-0.0440341210034734 -0.0155836382021044 -0.150735364016326 0.163089102974485
-0.0160618936089726 -0.00432447991974269 -0.0783490799525331 -0.142504731467946
0.00315795419534417 0.0223017394255308 0.274736700944199 -0.283714759449458
-0.0170849771291625 0.039942030992475 0.533936185716268 0.134151731554795
-0.0399843048547357 0.019902995608423 0.141695398173149 0.78905859000381
-0.026278886836317 -0.0575092357301248 -0.713817347322784 0.608573629768473
0.00487744921977719 -0.0409884488644508 -0.715584952011628 -0.153880101939197
0.00854169658186984 -0.028319503858033 -0.122318022970118 0.0279423344328853
-0.0439113355063761 0.00441828389173606 0.681970954113537 0.228264042242248
0.000262477437185972 0.0486879833691604 0.792008536302057 -0.548810550119976
0.0312362680054162 0.0478615566727214 -0.0795856143221858 -0.894378915723077
0.0285830950017029 0.00873441691345601 -0.594279526798354 -0.196318287853708
-0.00779759964989864 -0.031253162198564 -0.294926924122195 0.276476149585731
-0.0186622031377575 -0.014682433482658 0.0759177447989776 0.143720316769411
-0.0311439155832111 0.00285941172133816 0.153446925091022 -0.172874290479446
-0.0122749741720971 -0.00242568104023966 -0.148315125128473 0.155398745897961
0.00252064817073192 0.00474722066710957 -0.0808600220746201 -0.154110128521613
0.0223533941397466 0.0165092390548301 0.264712702001785 -0.292739206686423
-0.0112019934471206 0.0178640481261388 0.517950813516996 0.139778194124067
-0.0394517250773709 -0.00584277674701139 0.114516177312921 0.799710191157013
-0.0335449280933648 -0.0695370972825952 -0.732047316578179 0.611868754538009
-0.025919818400904 -0.0566473510711012 -0.715509394349129 -0.136587545208437
-0.031579269260202 -0.0503901883461202 -0.111611255700954 0.0556250820341613
-0.0748588790715175 -0.00885167908382591 0.692647602544325 0.226063462693722
-0.00621858526994811 0.0371529319001961 0.761244623968864 -0.564034086163469
0.0332520201436026 0.0229264584265791 -0.132105632789555 -0.873843002625972
0.0352632213582407 -0.0138906008536871 -0.610879260300905 -0.169540044432124
0.00740554314550201 -0.0361697395412046 -0.286951218941811 0.280289447260192
-0.00216547433154648 -0.00662754059423266 0.0846802124846635 0.134780195569519
-0.00333433279241342 0.0166433152355039 0.158908662792506 -0.18538371025477
-0.0145633153240145 -0.00537413112442281 -0.144369746452513 0.15717592747859
0.000234573989415909 0.00417481893020125 -0.0809242322939666 -0.151566202627012
0.0208690838719292 0.0174953177985816 0.264734133523328 -0.296254457530924
-0.00898242864471406 0.0203342841756377 0.523452407374842 0.125416975879231
-0.0376070947448732 -0.0034332637142409 0.135049719356473 0.79152052293195
-0.0341326065568873 -0.0694816151315077 -0.716313028262358 0.619885566686754
-0.0256098580505443 -0.0590298793689112 -0.719012560337919 -0.131621708552643
-0.0302749517042343 -0.0529930144734861 -0.119978735337807 0.0489439466718734
-0.0734200971337975 -0.0120800626468158 0.689050906248673 0.23025496683036
-0.00428896417978261 0.036389035405869 0.771794625601976 -0.554337952972022
0.0357036234965583 0.0245771875135356 -0.110627886475754 -0.883218143975099
0.0380412192713191 -0.0110584194242159 -0.60196207395999 -0.185757452617232
0.00801039110780293 -0.0351645219517989 -0.287233513981145 0.275136001415922
-0.00321457691062713 -0.00633665961098263 0.0848971562019195 0.136457535589399
-0.00498794586157425 0.0157158615249806 0.160930352523676 -0.185449009934652
-0.0192531007395195 -0.00700759473670683 -0.142499547969799 0.159226319043638
-0.00307083112192428 0.0032652196854037 -0.080210081434232 -0.150693454119348
0.0186763358447381 0.0180921630610439 0.264494311609265 -0.299864777302947
-0.00747872496277466 0.0240349119692176 0.530753735712914 0.11073856018636
-0.0358609945154393 -0.00038475023712853 0.151786276618959 0.781843165042068
-0.0343060025288006 -0.0680922232214641 -0.700162728322148 0.62946079135777
-0.0234323518802463 -0.0588654785643341 -0.722436248070183 -0.126517763758447
-0.0256260025218996 -0.0529876901379486 -0.126369646372322 0.0417063319004274
-0.06941762370853 -0.013719874637294 0.68205834615144 0.23654440540685
-0.00312908304472846 0.037376646375401 0.784643278211314 -0.545244839256578
0.0368217020633139 0.0284425744783332 -0.0924800170565475 -0.891545881893505
0.0391369173567284 -0.00555040741682851 -0.596552757847971 -0.198831770741961
0.00658130890385915 -0.0338353516953803 -0.28885717250459 0.273198661254797
-0.00598184054438804 -0.00763260062695262 0.0829623853087756 0.137888275791863
-0.00906904543452697 0.0129024042950729 0.162349207104763 -0.183162375006438
-0.0253744053315217 -0.00988866145809851 -0.142246825104588 0.160820362206766
-0.00617762775481783 0.00130759038702305 -0.0801213344766055 -0.148938314277624
0.0154777002515784 0.0203911131655091 0.265676676012042 -0.303397291935868
-0.00819953821720632 0.0292226585462422 0.536643603889354 0.103661412958249
-0.0344189737763913 0.00546982113031706 0.166724026681198 0.772150473949385
-0.0327742005078406 -0.0668532169139877 -0.691333366590864 0.632348777692868
-0.017535277684685 -0.057004983944737 -0.723321936582392 -0.125532960191779
-0.0187170314226843 -0.0510228854784152 -0.13164571949261 0.0350819208526914
-0.0643864106204804 -0.0122717302098155 0.679105756007945 0.237331984557658
-0.00217254022228313 0.0385044038930533 0.795847840188442 -0.538865623643931
0.0376841538028421 0.0333091570335255 -0.0737397019860578 -0.899774269231736
0.0385641289797421 -0.00146279674759583 -0.591614119063768 -0.207211488546899
0.0036332631135204 -0.0328704280170157 -0.289318392070331 0.270703464363186
-0.00901789585740367 -0.00935312580698843 0.0813922429200107 0.140133129393241
-0.0140109591402445 0.0106389991883921 0.162870448148179 -0.180322197195178
-0.0317057713422157 -0.0117995010021381 -0.143470074849394 0.161248024727099
-0.00951326299080033 -7.67762029638738E-06 -0.0805449693704227 -0.147133232526892
0.0126902226444753 0.0217531800533141 0.267856213488492 -0.302452869705531
-0.00866794622727059 0.0333632427289199 0.540640449518443 0.100129782749302
-0.0333984285089099 0.00978822024804083 0.172049711835489 0.769706822197593
-0.0314677344477696 -0.0635883777336687 -0.68584576868707 0.631563956834051
-0.0110764862040915 -0.0539225587979865 -0.72491699735101 -0.126778477885452
-0.0107655701353834 -0.0464106094805984 -0.134143354984017 0.0299951226008286
-0.0582474986348707 -0.00985368654397587 0.675176513038033 0.237616759165136
-0.00151173796729879 0.0409953692599337 0.79682147016802 -0.537369228357365
0.0363578173753432 0.0386346648404494 -0.0691377009963855 -0.900602282574889
0.036785015163684 0.0029043299285139 -0.588719697719164 -0.211307191403219
0.000751527475931568 -0.031772401653369 -0.289487653468625 0.272446369783981
-0.0127437707136672 -0.0112321852144782 0.08019960171988 0.14294611698889
-0.0201892781694112 0.00780202374602449 0.163162127750142 -0.177340519340521
-0.0370490115963324 -0.0132248101779716 -0.14398617636574 0.161999652479029
-0.0133437868380754 -0.00145295038580908 -0.0800835206888321 -0.144244027738256
0.00966126466519649 0.0230306521163183 0.268050777393844 -0.299879781826845
-0.0103865704071501 0.0372816168713153 0.540144044504085 0.103000410152782
-0.0338288667675141 0.0150404865026079 0.173906999657952 0.770889866873202
-0.0293447592915274 -0.0607070936640263 -0.684649138933787 0.628676748995099
-0.00468667666914714 -0.0498250472813642 -0.721970307598009 -0.13227508249003
-0.00253424699713686 -0.0401127233764676 -0.133346327366271 0.0268014323028007
-0.0518981283146112 -0.0047975572352985 0.675355182126591 0.23519497994763
-0.000345454448765693 0.04369338414904 0.797832953939623 -0.541175295277094
0.0344653049297767 0.0419169549102594 -0.068833506183638 -0.898641510677403
0.0345044451547565 0.00637561169008823 -0.58712189708681 -0.209095010103711
-0.00351520046756326 -0.0314902456800582 -0.291984541775254 0.273497835814525
-0.0160579069514682 -0.0126620594115933 0.0787717456330939 0.14301729290537
-0.0249727470628088 0.00581725214323628 0.159603375395331 -0.176241076372063
-0.0420321431330169 -0.0146943499140599 -0.1465672497357 0.162535205197545
-0.0147095682787729 -0.00181965930495859 -0.0795324994818819 -0.143365510953608
0.00637380447273044 0.0225206076262209 0.267238872296891 -0.29361597281834
-0.0130207162839016 0.0396366694799709 0.539204393650072 0.113875577329815
-0.0361134125095276 0.0183683028901991 0.164820974470904 0.777005319215625
-0.0279606713080627 -0.0577522000707178 -0.691434367999779 0.621979219586916
0.000616062862051903 -0.044570098827762 -0.720728960486334 -0.138389739232833
0.00356631055188318 -0.03381432402128 -0.127856543770965 0.0271127924227027
-0.0467411290042895 0.000230661152783813 0.677870266871233 0.230421138471694
0.000396929540392089 0.0460875552059086 0.792362062625487 -0.54600991142428
0.0323681875307803 0.045442766115984 -0.0751424558605474 -0.896650874885353
0.0317736752301826 0.00805146561891811 -0.591529018862968 -0.199793424750245
-0.00664672576670653 -0.0312819647351791 -0.291412061962067 0.276989263790309
-0.0180420658053348 -0.0140874676374963 0.0775979184299935 0.144022123908395
-0.0290841748786474 0.00429071995550582 0.156022967969379 -0.174386073173924
-0.0438178918260865 -0.0154688104871481 -0.148909254056522 0.163096507869886
-0.015849311457384 -0.00378132239732079 -0.0801748209115088 -0.141749232742329
0.00365447638618187 0.0222890658944117 0.271210203793641 -0.286994730430095
-0.0162878388893318 0.040127014127848 0.534893204414037 0.12741536209679
-0.0386826011086141 0.0203572663962175 0.150275162813018 0.785474668441798
-0.026129489305848 -0.057020892654268 -0.705792671720881 0.61383391427397
0.00413209697124919 -0.0410071473286674 -0.714149379014209 -0.144255675847482
0.00793806053786989 -0.0290739064171 -0.121703482466764 0.0305352435005111
-0.0441899484996789 0.00530141642543092 0.683754285036222 0.222425180700808
0.000696393948242335 0.0490475542465628 0.781315882878534 -0.554684235075158
0.0310568509944903 0.0473047583923002 -0.0908182887281894 -0.892241346864362
0.0289623241338965 0.00836715101184103 -0.595453094187402 -0.187422413057071
-0.00796303682193444 -0.0308199164678486 -0.290956203243631 0.278835833240835
-0.0189846625948382 -0.0140422853375229 0.0766838278827624 0.143657005631037
-0.0307119121462312 0.00307609969670963 0.150854874073794 -0.174929990524866
-0.0110419593511271 -0.00266659149384011 -0.147216078847716 0.154795866157084
0.00197004604863612 0.00553756273573371 -0.0826495440898594 -0.153161281379636
0.0223314395840452 0.0175893485803505 0.259429358750281 -0.293755611780771
-0.0106997898457432 0.0188315440494821 0.517972306640244 0.134463349111956
-0.0393004354187155 -0.00541195580263058 0.123448881615505 0.797010294911269
-0.03466969887567 -0.0689331915566582 -0.720289053112154 0.616955567798499
-0.025882255355189 -0.0556025603937444 -0.715516990496122 -0.129627970357683
-0.0321936484562444 -0.0500578275326072 -0.109735443348743 0.0563583023879652
-0.0741418247098529 -0.00767608241646998 0.694113795308931 0.216120153674866
-0.00517090979300657 0.0369058391960938 0.751496346422823 -0.571308625471882
0.0330268097813939 0.021945452001694 -0.141874755293859 -0.869708240034587
0.0356935219728868 -0.015016516028954 -0.610361463210217 -0.161149089225812
0.00696941934341875 -0.0366541127991198 -0.282579190521369 0.28408548632725
-0.00323729299391862 -0.00654528672191984 0.0859062616595521 0.134535145641082
-0.00290600367262997 0.0176308618938584 0.156803623632449 -0.186529163871722
-0.0130583777223327 -0.00476909282289952 -0.143757828191549 0.156843439121727
0.000549491860995116 0.00440492587502191 -0.0836881191302633 -0.150641999319569
0.0206742367660387 0.0180683122311914 0.260868721964703 -0.298846590495966
-0.00908752217799872 0.0209247410239128 0.523057110062242 0.120316175625509
-0.0373449705260068 -0.00317830576184129 0.143603718889624 0.787397726302846
-0.0338784735617286 -0.0686415576715117 -0.707769375944148 0.624432665074301
-0.0259065835966806 -0.0573282133227697 -0.718628622590063 -0.123189272383514
-0.0305330441094151 -0.0522122904760672 -0.118439146317345 0.0499747772275622
-0.0730865238463965 -0.0113588927625896 0.688631601922529 0.223055690086377
-0.00511590575609445 0.0360947091162627 0.764461562736966 -0.560297179594438
0.0359179789520391 0.0245695592791237 -0.122156579843378 -0.880464943566766
0.0376747839052531 -0.0109238183184846 -0.603262908625443 -0.176333256762409
0.00750723656934397 -0.0350779671651 -0.283150197321748 0.27961300411902
-0.00433448165697762 -0.00607984027159089 0.0857489594293757 0.1360239899045
-0.004646051027415 0.0157755954745489 0.159084049225292 -0.186179596681906
-0.0181810161517833 -0.00678752161821637 -0.141206513909434 0.158779914289524
-0.00261794063992478 0.00382698386093418 -0.0833404124258864 -0.150005863309802
0.0186847189384241 0.0191669340852329 0.261412280970172 -0.302740900055084
-0.00775264026951557 0.024561446434142 0.531398313001273 0.105501568460707
-0.0352519289364971 7.42182573456717E-05 0.15988870825531 0.777247162763851
-0.0345628488931619 -0.067348800000065 -0.693514976137638 0.632023082403048
-0.0237567521572949 -0.0576284710216516 -0.721418771217179 -0.118051844235369
-0.0262666869082357 -0.0527135585160654 -0.12609043674861 0.0426007574550392
-0.0701529185436049 -0.0127173353840033 0.682136823126844 0.229018395766923
-0.00359236648426873 0.0365372296431232 0.776663199912286 -0.55096727947114
0.0373042385773983 0.0282749129314047 -0.101635604808474 -0.888941620717863
0.0389638179990425 -0.00587839420382593 -0.59704209644341 -0.191889821116248
0.00610439732270166 -0.0341839719251747 -0.284528621385972 0.276403632405385
-0.00636564540812861 -0.00691410932241257 0.0836681697011299 0.136938041724559
-0.00863890310761115 0.0138279239736638 0.160827888352324 -0.184166368880555
-0.0244218527672894 -0.00899430537198668 -0.140658792078539 0.161213552200369
-0.00622813477763716 0.00232251498616707 -0.0829760291306129 -0.147642541473578
0.0154956619212148 0.0205658922506964 0.261873907801354 -0.305647840947567
-0.00810972824858409 0.0296006177219204 0.536935543093372 0.0975381136616679
-0.0331788274917661 0.004757834529497 0.172975284934704 0.77002773648402
-0.033436746261984 -0.0655779660322184 -0.682875813123874 0.635525259404054
-0.0183382695231677 -0.0563168026999242 -0.723046836236126 -0.118224338328363
-0.0190583627349089 -0.0504490237889569 -0.130526354634822 0.0364511889189153
-0.0641450819887616 -0.0118776648522877 0.678620284335738 0.230886648912361
-0.00188495660314091 0.0381180485238402 0.78553885133452 -0.545037690792239
0.0373313181459793 0.0327351566973745 -0.0850194808784879 -0.894091530849236
0.0389332875509543 -0.00116928465678274 -0.591566679094732 -0.200160979682754
0.0027840758081192 -0.0334398187619265 -0.285795238216715 0.27482451820847
-0.0102611111155912 -0.00803553649763025 0.0826440745367708 0.13972762494494
-0.013738113473943 0.010986789369127 0.160636340857417 -0.181447478126794
-0.0305498095414585 -0.0111649060352322 -0.141732845815936 0.161167541163497
-0.00887945787343739 0.00110291722361296 -0.081729100856223 -0.147007502541039
0.0132005596962721 0.02170555989404 0.261607445967082 -0.303258000977169
-0.00898447991483138 0.0335535535276973 0.538903565843222 0.094775139340952
-0.0332796326550972 0.00966864220852167 0.181174524953231 0.765003613663913
-0.0309891621644481 -0.0627724631582625 -0.675940195538226 0.635387264059568
-0.0118688523883658 -0.0526888145479567 -0.724290358615353 -0.119060630864927
-0.0106645567589624 -0.0458964744998893 -0.13226486606688 0.0312745333575428
-0.0580429652833445 -0.00834801747657127 0.677152164653735 0.229351314224888
-0.000728414684595415 0.0399052441480706 0.790311475381913 -0.544170074284152
0.0364738311030492 0.0378395151239792 -0.0800543522658468 -0.897206892783731
0.0368671470246284 0.00198842978689067 -0.589450002598326 -0.201361960055128
-0.000133827200893989 -0.0320065505561642 -0.286715530313311 0.275485553334099
-0.0133508553706311 -0.0111809381156386 0.0811170584881152 0.140832212096026
-0.020318931011849 0.00832526788300336 0.160469104385902 -0.178052512869285
-0.0365515090699779 -0.0125605004350515 -0.142451881790393 0.162396907105159
-0.0126482544653198 -0.000348909105885431 -0.0826359630953538 -0.143962053593135
0.00948738446434155 0.0224659684145351 0.263852041336489 -0.300754564237587
-0.0100523559655715 0.0380183284542926 0.539693335673842 0.0977666742889162
-0.0333175217058644 0.0149047609748027 0.180806067675384 0.76669055980156
-0.0290111831084653 -0.0601109664530746 -0.676947132634683 0.632615570225466
-0.00521471930616785 -0.0483062479897026 -0.722944796582881 -0.124569914574136
-0.00318612896437416 -0.0399322148275019 -0.131586517060406 0.0284390877838061
-0.051502710037778 -0.00472604868388704 0.676930568417124 0.227094009641409
4.89159725593595E-05 0.0432846146257566 0.789345975705647 -0.546988526492558
0.0347479604525225 0.0417115248393527 -0.078245279373774 -0.896237294212126
0.0349966659321579 0.00552213758841895 -0.588981033173248 -0.20116747632751
-0.00426475609675876 -0.0317105341500615 -0.287390091379562 0.276853555905424
-0.0167421674165226 -0.012605654426681 0.0790869074491498 0.142145483849991
-0.0250269214964085 0.00606849568276321 0.156679367959024 -0.176178740833007
-0.0409676229751181 -0.0133878562071679 -0.145015882971108 0.163758967019918
-0.0146722111441658 -0.00196539121215651 -0.0830020056399508 -0.142480546584986
0.00711226456281118 0.0220613671758289 0.263857386330711 -0.296855991827506
-0.0128291964149869 0.0398293587942319 0.538633575856479 0.107234714156211
-0.0355827042957523 0.0178067085847076 0.17295657404129 0.77278446110683
-0.0274229891154427 -0.0573288065940771 -0.682939803513486 0.627154498688955
-0.000195507929757099 -0.0434239686692029 -0.719832252768534 -0.129617023195562
0.00327313669439009 -0.0341909046123457 -0.128397240010742 0.0292789309890428
-0.0474306495292705 0.000342216610714971 0.679908936958722 0.221738949154748
0.000425112876826426 0.0458772714345543 0.783303567932359 -0.551790412660627
0.0334182913142314 0.0446017141968472 -0.0862676759211624 -0.892940593210455
0.0328066045500294 0.00790647840154231 -0.591871935291599 -0.191779237526411
-0.0067998386733721 -0.0317263285733422 -0.28751038549197 0.279720274488333
-0.0191867845004307 -0.0138387681324395 0.0785656938772204 0.143461224301953
-0.0290641147899039 0.0047786552673867 0.153776816235964 -0.175345664549147
-0.0437263842285494 -0.0137957337326012 -0.147653998054385 0.16327134059412
-0.0162080186098049 -0.00265680798036966 -0.0826208514040579 -0.141901523404501
0.00450496842229322 0.0230255743186889 0.265982828830349 -0.287564327856694
-0.0170749047368753 0.0400546463331182 0.534359714679566 0.121893751828761
-0.0378477839123093 0.0208369005084449 0.157948033089664 0.781958682947266
-0.0268832126942266 -0.0559086050851868 -0.694838673706246 0.619545720642371
0.00427608460564009 -0.0394553405660141 -0.7152207022361 -0.138660565051868
0.00754025316282885 -0.0283420185747345 -0.121751122252118 0.0319835070803554
-0.0434338694538422 0.00601975839517301 0.683708057047156 0.214330495322012
0.000444292961856385 0.0484319348723024 0.77195279192437 -0.561672838529709
0.0326129214367141 0.0457818461197559 -0.102623146831665 -0.88706192860494
0.0299908701729168 0.00740433947157872 -0.597364972804425 -0.179282895938701
-0.0090095164910645 -0.0320923785579419 -0.287723446855616 0.283079465202247
-0.0197877064512919 -0.0140674937072483 0.0775812976861829 0.143024078101368
-0.0305759546907021 0.00392834573522337 0.149144521135856 -0.174409953852332
-0.0107980882605493 -0.00276281878126189 -0.144996119481019 0.155280684249424
0.00202923829142718 0.00583273396985923 -0.0851791003067987 -0.15178667882708
0.0217457755006431 0.0172294782404292 0.256095404750215 -0.294602151364497
-0.010216284553117 0.0186565902970431 0.519281366209521 0.128971178174002
-0.0383347519644244 -0.00575289256921868 0.129556840363593 0.795303185280586
-0.0341996313987446 -0.0683090811104778 -0.714150830783463 0.621321119997675
-0.0266973418302858 -0.0544669062353706 -0.71451969017097 -0.123430448910264
-0.0324335754115822 -0.0485997292471903 -0.109421734779215 0.0574614139360137
-0.0736542635033826 -0.00716168853665912 0.69389310100936 0.209705306029364
-0.00510985074617763 0.0369219070566846 0.742533812047113 -0.575818467833307
0.0333631713626915 0.0218709023078148 -0.151227155475826 -0.866071654398242
0.0354096202896621 -0.0149460607344284 -0.610405037697197 -0.152917839347498
0.00658965017371365 -0.0366700629391725 -0.278115785278493 0.286936448710645
-0.00332604854674553 -0.00635719457470364 0.0864355292649412 0.13429715764711
-0.00277963220217534 0.01706044936024 0.154399939440755 -0.186511607227478
-0.0133735267013335 -0.00433261776466311 -0.141818425567647 0.157636325740954
-0.000120026532721241 0.0054747124457423 -0.0849202239045811 -0.150565181632474
0.0207157904929239 0.0183916564159571 0.255785982761091 -0.299548155995142
-0.00908045962966087 0.0211285751480037 0.525076047370283 0.113921984770338
-0.0364501032841656 -0.00360530047415961 0.150805821064494 0.785171600035175
-0.0347197023931267 -0.0677897054213504 -0.699284777772896 0.629261791308854
-0.0270344061565007 -0.0560287412838689 -0.716643432588225 -0.117897171690181
-0.0310915593898177 -0.0520415854014989 -0.117495581193742 0.0516669828552272
-0.0737218606825935 -0.0105385891285314 0.687802347998732 0.215452392241711
-0.00425456965936633 0.0363120114786431 0.756151678060154 -0.565369308281584
0.0359817009251461 0.0241347401679572 -0.130876079159357 -0.875231896299024
0.0387100374388132 -0.0116695169869903 -0.605271422166372 -0.169597775937437
0.00697818619361119 -0.0353149565290203 -0.279118370714691 0.28294665836235
-0.00465265501159941 -0.0064999652911287 0.0865284733784601 0.135132868435319
-0.0042921670272429 0.0160976488461701 0.156861495221239 -0.186585913988248
-0.0177379889117165 -0.00630781948700331 -0.140138407559552 0.15838187586683
-0.00301872977796766 0.00418980223412459 -0.0850263401165491 -0.148377551667407
0.0185559687690173 0.0187203310362095 0.256671665870237 -0.304104361615421
-0.00925179129259166 0.0248433282742117 0.530799656454946 0.100941678143232
-0.0347954853457143 4.24963998174894E-05 0.165861867188185 0.77386233588921
-0.0347649306968165 -0.066590542517795 -0.684169067127787 0.637067828899139
-0.0237488049588442 -0.05607176234424 -0.722107771088598 -0.111480314757778
-0.0258148719497725 -0.0522525469562258 -0.124993356487047 0.0433504906286087
-0.0697872103038834 -0.01152473543576 0.681270882265274 0.221548465130106
-0.00214538151928903 0.036710816401193 0.768783384743984 -0.557064511415506
0.037290988046459 0.0279363281231376 -0.109469088049076 -0.883630150226385
0.0398503386781988 -0.00642796389312897 -0.598890022126771 -0.183522843189005
0.00570267063233823 -0.0342549062411235 -0.280282153496524 0.279143927727817
-0.00699409434998496 -0.00685164358846082 0.084830077561219 0.136375202259405
-0.0079030653034832 0.0134845404883965 0.15821196806053 -0.184589663709867
-0.0230366645728332 -0.00824858172027403 -0.139081125876198 0.159627685684279
-0.00595985010575653 0.00319612078303446 -0.0852392776220944 -0.147298361646988
0.0162214412012584 0.0206563510951143 0.257085104667177 -0.306619384668764
-0.0087002053519667 0.0296462494113874 0.535596527799693 0.0933262060168534
-0.0327846453049681 0.00503695470860802 0.179689433608692 0.764036268014191
-0.0332282604782212 -0.064543015965959 -0.672580719959582 0.640261052328897
-0.0186383332887365 -0.0545048485629063 -0.723057530395097 -0.112771347932511
-0.019274451705315 -0.049415898816252 -0.130096138548375 0.0380990617932038
-0.0643765348874856 -0.0108446085607445 0.678979279226717 0.223844940146419
-0.00204939147020224 0.0385805808670959 0.777387002121437 -0.550352613522745
0.0378867718754885 0.0314964083803497 -0.0962663977841611 -0.891889296464461
0.0392950949694914 -0.00275510518772457 -0.593231098092327 -0.192007273306218
0.00266037400324373 -0.0327087968776644 -0.281790570629887 0.278861381609926
-0.0106627559746233 -0.00829216506818031 0.0840163443235594 0.13913829594903
-0.0140108330779459 0.0113993899732455 0.15942311799498 -0.181323128533573
-0.0301189214648694 -0.0104096438122136 -0.140038791350723 0.161393940810413
-0.00922389862516883 0.00202938663966229 -0.0848848836500094 -0.145578567657978
0.0131003981671228 0.0220093408295384 0.258109251688096 -0.305058425578205
-0.00831550933860727 0.0334850283204727 0.539492629520306 0.089013101646963
-0.0321058780617359 0.010022181808261 0.189365644754209 0.761144026676064
-0.0320006878881737 -0.0623192027215173 -0.667436560532522 0.639260663014446
-0.0126057168034459 -0.0516546857637484 -0.722489268630419 -0.113081357860213
-0.0109907077578857 -0.0456654563422858 -0.131659557150703 0.0332602048002825
-0.0582045855239117 -0.00751798013323342 0.676132738177876 0.223678817752451
-0.000582069156893673 0.0405387079278353 0.781460075985733 -0.549158409736841
0.0368062842475767 0.0362872594917756 -0.0886734296143898 -0.892488721298179
0.0379175884577909 0.00200208818567912 -0.590096829097472 -0.194446297757425
-0.000401167852168321 -0.0322312264520835 -0.283105148203373 0.278565795224375
-0.014322805278463 -0.0105730806369851 0.0817227304024956 0.141154254625706
-0.0193805356938692 0.00897051964178481 0.158407630701896 -0.17851194373002
-0.035965356194581 -0.0115874004693704 -0.141561066690185 0.162396449160696
-0.0125757386686664 -0.000261162224159137 -0.0846792222092712 -0.143949085954765
0.0098003284853207 0.022840841010097 0.26009214551878 -0.302608530551489
-0.0101151395269072 0.0373020485430037 0.540090547609345 0.0926176850159583
-0.0329564233369962 0.014923618652354 0.187666807422472 0.763564538955229
-0.0286186432712104 -0.0595830427657136 -0.669701759007255 0.635577665120387
-0.00611271065405015 -0.0478732584166973 -0.721919835503135 -0.119472508392872
-0.00382049035591264 -0.0398025165478351 -0.131475859431298 0.030256561005703
-0.0521657055818761 -0.00380660199313718 0.676548870529239 0.220402719133269
0.000446425935719526 0.0429431781667032 0.779856668974945 -0.552480796198087
0.0348177837788985 0.0408723315529196 -0.0866991060418352 -0.892071773850682
0.0349842751795095 0.0057761377558621 -0.590555546464633 -0.192599192209846
-0.00496055438846989 -0.0318521874077413 -0.282922142382791 0.278814825619653
-0.0173682569060434 -0.0120713607359906 0.080659750875114 0.141947821529042
-0.0241195349960235 0.00668220130338347 0.155819101965372 -0.176975591143813
-0.0403008660326888 -0.0125670804800844 -0.143589467884721 0.16348444979361
-0.0148023666732967 -0.000894000920366655 -0.0845190183080366 -0.142294938525108
0.00659669005168297 0.0229458361717319 0.2605778346765 -0.297507010820366
-0.0136099558980334 0.0396858907979608 0.539122494904793 0.102218849935838
-0.0348039752494264 0.0179473945101615 0.17868199275129 0.769038549807428
-0.02760051791267 -0.0570733011346961 -0.675058768762183 0.63031933802061
-7.63474062673852E-05 -0.0431337961266605 -0.717779433860826 -0.124521349206523
0.00249020115963764 -0.0339319630126124 -0.126387571513191 0.0302715903888301
-0.0473208896733307 0.000682744870997978 0.680087018224396 0.216060441220383
0.000618915718455328 0.0456539833544162 0.773756773109857 -0.55675782978428
0.0328272058942521 0.0440423952915643 -0.0963966359253764 -0.89120922383452
0.0327200489057962 0.00681338895797408 -0.593588419327231 -0.184542267555734
-0.00755949818324353 -0.0305747513669856 -0.284216525431176 0.282227562863923
-0.0199494421066514 -0.0135160802974182 0.0790192741280661 0.142428531618864
-0.0290433058054855 0.00562398290273461 0.152125414548282 -0.175365137043692
-0.0427429158031655 -0.0130675589280397 -0.146642652140764 0.163524936066914
-0.0157690172585973 -0.00213555692978762 -0.0852483468333637 -0.140618858841699
0.00432130305857402 0.0226255675985418 0.261845169622158 -0.290084895882481
-0.0165415439291658 0.0401821720928004 0.534465909641689 0.116485911325419
-0.0373263093391568 0.0194568739329453 0.165606604362331 0.777793458203616
-0.0266017695469682 -0.0550421378735929 -0.687301298251073 0.623305891454774
0.003796357113185 -0.0389794212965191 -0.714716577597673 -0.131741747559826
0.00710807263691824 -0.0285738491889592 -0.12072604664853 0.0332874627260792
-0.0431979583932518 0.00646887359144657 0.684213065669663 0.207386383031996
0.00151933933254372 0.048539184339741 0.765117650326411 -0.566034613598631
0.0322124153603491 0.0461078120148001 -0.112450591337617 -0.881383036365311
0.029958546250347 0.00777827271721738 -0.595568910077326 -0.171627102662087
-0.00954147600390057 -0.0313388370005228 -0.283447421952641 0.285797881239895
-0.0202157953519778 -0.014367116480758 0.0793013431930713 0.142080157217296
-0.0309497729038573 0.00459716945731409 0.147379973113584 -0.17531675389332
-0.00998603714155385 0.00270441772444298 -0.0906328360363875 0.192057553974216
0.00372336202428572 0.00538029591316007 -0.128791846159406 -0.118007724161244
0.0245329127249169 0.00614667867257289 0.15078616032709 -0.358643485855954
-0.000749841589942215 0.0210485873893839 0.53555185966658 -0.0379049367735176
-0.0348685488515064 0.0138377822671976 0.369081968883064 0.714555380726816
-0.0619861760147677 -0.0453624948010406 -0.475953622876573 0.813125422127538
-0.0479078126849594 -0.0434852011332349 -0.714770899181545 0.116263900715304
-0.0459147590549047 -0.0348329003159882 -0.0830275031112253 0.0898039584980505
-0.0707926159192862 0.0170392641409592 0.719732906037165 -0.0171495387513347
0.00285832069559865 0.0348128586015345 0.526738174482037 -0.765660208411719
0.0406895280918694 0.00904282098789229 -0.41154955685957 -0.763269065586873
0.0302770342473621 -0.024613788827835 -0.620130666996547 0.0398934009260732
-0.00451602645266034 -0.0364547486856854 -0.174977714515382 0.356912778598234
-0.00637810908625134 -0.00579348566600722 0.121593094847984 0.101934314002577
0.00202542841078789 0.0189779730514658 0.0918694152961943 -0.218476474991644
-0.0141746730520925 0.00224316968269769 -0.0874451097313246 0.192939231772691
0.000386792673397791 0.00519907100053949 -0.128649916366875 -0.116872658034129
0.0244732122319981 0.00733271836882496 0.149592420440195 -0.363021955924099
0.00167995695785128 0.0231381069197381 0.535925125786209 -0.0543070055608973
-0.0319219157145156 0.015470108468891 0.38321329979623 0.699429301670374
-0.0633043373622795 -0.0452406014131801 -0.46013876272097 0.814009316466029
-0.0491806238824582 -0.0450221088727932 -0.71520917810723 0.123996673649003
-0.0451151778514774 -0.0378103005704099 -0.0932140578539685 0.0862292986943301
-0.0711020848831203 0.0133458452298346 0.71616928094811 -0.00825770522348323
0.00373498619758659 0.0337485940386822 0.542504640862011 -0.762201502675349
0.0432802931078814 0.0104310903193758 -0.395745945680353 -0.777724416239605
0.0339223319273039 -0.022089968381597 -0.619903117507864 0.023727941230223
-0.0048743256702657 -0.0350164015427019 -0.178304803433706 0.352602388319878
-0.00751214525921442 -0.00596806358734795 0.121744860946635 0.103293789096502
0.000191474075301934 0.0181517155918626 0.0947162124877122 -0.218803210812014
-0.0178353699992104 0.0013702069336148 -0.0843794166188701 0.192636522945557
-0.00270333112773716 0.00540238203371863 -0.127592722781695 -0.115476085204151
0.0227801455173062 0.00860992225089538 0.147299124461153 -0.36654968199211
0.00423903169380541 0.0258331056795573 0.537155904204044 -0.0689823651650247
-0.0292313075063121 0.0178609039382613 0.396257620235845 0.684178580232473
-0.0617231174074659 -0.0437821975661403 -0.44257924025443 0.81966177910601
-0.0468553750448194 -0.0461365743271723 -0.717365964632444 0.129310012644174
-0.0412812968446907 -0.0397859035354976 -0.101633509092178 0.0822246605397407
-0.0680321594158866 0.0109149913926296 0.712772070773879 -0.00131522880372225
0.00478028555255142 0.0342771827508545 0.558110454796107 -0.75810240065841
0.0463418124139243 0.0137873082626369 -0.37991717853398 -0.793969700979278
0.0365763525591196 -0.018671034048255 -0.618575965780624 0.00813252333199281
-0.00471543905517159 -0.0330500881389649 -0.179928640562123 0.351622049947456
-0.0100686448617615 -0.00542599198737988 0.120778136501581 0.104917511004649
-0.00439134622924122 0.0174625755289238 0.0963001990635235 -0.217615746468908
-0.0248628352259634 0.00116189994624617 -0.0828314355825271 0.19494036706354
-0.00678608046523715 0.00468965183208661 -0.126982058711616 -0.114016355787868
0.0211527120532604 0.0105478734710539 0.148332036173078 -0.369945466623006
0.00543294673356864 0.030368046580216 0.539064608778545 -0.0786278642360956
-0.025835160998571 0.0221226622978807 0.406722460484351 0.673317059043322
-0.0595808275514049 -0.0428195864632273 -0.432932691555479 0.818082583563499
-0.0404600044418404 -0.0463943970647188 -0.71933490287302 0.129131618183495
-0.0338345792702903 -0.0401094910073808 -0.108912003936625 0.0781235665108681
-0.0628421161728793 0.0101502247440951 0.709051627629056 0.000360484690628533
0.00597798115793107 0.0351204031069563 0.566746412169404 -0.753504531926925
0.0473134062633136 0.0185281330159582 -0.366774994930141 -0.804091222458918
0.0379943769877884 -0.0151692523684162 -0.617636997290757 -0.00203959173691953
-0.00656845099133684 -0.0312218693195794 -0.182106532046013 0.350551362758077
-0.0133788150545179 -0.00604656619821447 0.120316418491124 0.107798454905098
-0.0102254436923827 0.0159357858928244 0.0978167318226128 -0.215360154530438
-0.0314464574681511 0.00185205706526154 -0.0829345126989709 0.196086469794203
-0.0106676432929074 0.00523061483355963 -0.126935764147481 -0.112242397519029
0.0183134936164764 0.0133253034414568 0.149697242592226 -0.369424117731176
0.00712883215791291 0.034747812536389 0.541285093313601 -0.0833391971107303
-0.0232515029027324 0.0274863695313981 0.411914149930094 0.664581371938449
-0.0566535612179698 -0.0401847248836981 -0.426255210837111 0.814558655051019
-0.0339499230918027 -0.0461498696949916 -0.720542559208536 0.129528941967219
-0.0249825229397833 -0.0384726104539877 -0.111859297996586 0.073530944862153
-0.0562567605237138 0.0110482626292772 0.707606864817175 0.00180785829371992
0.00826410439751991 0.0367515261160786 0.570852419662036 -0.752979380048697
0.0475647935570311 0.0225167587120191 -0.361261835978432 -0.808286944155764
0.0373959622576557 -0.0105031994294163 -0.616497827196368 -0.00528409832970781
-0.00928290518499703 -0.0293309816184372 -0.18264276174718 0.351516038338332
-0.0180364151213248 -0.00635168846188685 0.119709904610577 0.110134838780291
-0.0165148961258617 0.0158886617710848 0.0986307397779292 -0.212344773675432
-0.0366082635724028 0.00267844144707479 -0.0834537559155954 0.196857680578722
-0.0133895419150076 0.00533214603823149 -0.126023710451917 -0.110912423081928
0.0157048217823333 0.015535260749151 0.150799987334045 -0.365927965430555
0.00607676699570634 0.037640055574769 0.542519469617982 -0.0789920991844877
-0.0218741730642559 0.0310702005102399 0.41230165135111 0.667105764505638
-0.0543045668215157 -0.0391580504413291 -0.429408275949671 0.811658942640488
-0.0262947838438132 -0.0438525548840292 -0.719844947913786 0.122820639534605
-0.015975069011938 -0.0348629557484208 -0.11187756372774 0.0715531808247183
-0.049310608199568 0.0134632932364549 0.7055817633047 -0.00174262050247277
0.0087606556438705 0.0387098444005546 0.570622598376339 -0.756324073060681
0.0482068062311709 0.0273362796826816 -0.359743523370796 -0.807275210609427
0.0362659111373453 -0.00634751473627007 -0.615087534504578 -0.00332692332207597
-0.0125168046143571 -0.0283709263860111 -0.182286185475712 0.351851925786916
-0.0212977164406783 -0.00697377282120819 0.118237551136805 0.111572551357336
-0.022066168997593 0.0153984611128216 0.0966557960306899 -0.208760162546759
-0.0418184313985416 0.00341263582307125 -0.0851431944010573 0.198369699520475
-0.0153676037679919 0.00400300600240924 -0.125809329548962 -0.109774261016234
0.0129067933651839 0.017172761868075 0.153786400419551 -0.362528039599433
0.00477701538274698 0.0417393542305192 0.543896751552481 -0.0702230287727106
-0.023247828212719 0.0351736327255822 0.40644975065988 0.672618904412889
-0.0524562551529902 -0.0364757760884076 -0.43578894044999 0.808838850957308
-0.0198629628529529 -0.0418552749727767 -0.720140288712262 0.117903821548354
-0.00826161120361189 -0.0320246225589638 -0.108643686896008 0.0699699686540952
-0.0431895390781567 0.0167724538471957 0.70683868351597 -0.0061225854249295
0.0106729701232753 0.041544322275112 0.562644680430941 -0.758217830725144
0.0472966300517545 0.0303754127938401 -0.366379152752797 -0.803342887004466
0.0335690557924107 -0.00423535402237793 -0.614856672682718 0.00683464963358609
-0.0157979584513037 -0.0268144490920725 -0.181740819122527 0.355051616008294
-0.0239071548425219 -0.00811483055296637 0.117988607528135 0.112503385303853
-0.0259729628105485 0.0150038916758486 0.0941379256983049 -0.206470242351972
-0.0439388148697082 0.00383817098869903 -0.0879477865150107 0.198766182091571
-0.0174640285264595 0.00437433352096177 -0.125090995196351 -0.108260353385144
0.0104646335432989 0.0172934931211543 0.157690639029164 -0.35624934881843
0.00262384459581873 0.0434851807375163 0.544535163631301 -0.0565669916411272
-0.0250892450891682 0.03672247019733 0.393698815218404 0.686124794739476
-0.0507720580450931 -0.0358270054570598 -0.449938284936365 0.806607281725488
-0.0151364462682698 -0.0382717149903327 -0.718739057895323 0.108907652779595
-0.00243091163291939 -0.0280254574268291 -0.101719084617712 0.0713864238165113
-0.0375608510488082 0.0204364468398175 0.708081119984417 -0.0153404468915195
0.0122423760616514 0.043441342981711 0.549792303074265 -0.76649781828565
0.0456149500010174 0.0325691683835977 -0.380076200050816 -0.790067309440015
0.0319460461827466 -0.00317795014776989 -0.615499935370948 0.019038735581866
-0.0175612883203767 -0.0268244882417746 -0.181283799562916 0.358359447463123
-0.0251665057883386 -0.00802124450106881 0.116707371811232 0.112627176920487
-0.0276356563174088 0.0153890338723505 0.0892064968419077 -0.204429809398228
-0.0101172288813082 0.00319924052769811 -0.0898025954473739 0.192346479010232
0.00316009755331906 0.00595410804543061 -0.130972032713582 -0.117200734119096
0.0247652198609024 0.00690296553757926 0.147602205915603 -0.356955454544459
-0.000126891846817965 0.0222213563618975 0.533433994384132 -0.0420061167904154
-0.0349344309673968 0.0137234851497258 0.371350388873817 0.710149328831674
-0.0624431813954993 -0.0447742566147287 -0.467615804284131 0.812774880470984
-0.0480857401866707 -0.0423354170458982 -0.712011159459515 0.119680726215659
-0.0456564293839799 -0.0346231202473865 -0.0814342101951621 0.0899492526655739
-0.0702489992595706 0.0180799776582948 0.71659155320077 -0.0209416841161153
0.00250842563686135 0.0352465318505195 0.518060165988229 -0.76728707102745
0.0399623372336333 0.00940795357477625 -0.414622469073016 -0.75554306144792
0.030067135956092 -0.0264270901741512 -0.61993601551728 0.0464945416242467
-0.00510380941576302 -0.0357784894737959 -0.171654986979983 0.358024283155812
-0.00698182910816328 -0.00596655768343116 0.121959825961617 0.100954987034272
0.00297567085307169 0.019238460792941 0.0902219850530631 -0.219004478154134
-0.0129249052015352 0.00286843156671095 -0.0859942163554758 0.19230330856619
0.00154592624077649 0.00602922431813357 -0.130699663981265 -0.115989307639081
0.024341022316195 0.00749899916772414 0.146143504975701 -0.362680212807729
0.00205570399470606 0.0233259035792057 0.53361963264997 -0.0590481526515336
-0.0317013130139079 0.0142953471010953 0.388314714706926 0.693134043902998
-0.06267019272761 -0.0445904685135661 -0.451022548512426 0.814664498982927
-0.048324409173712 -0.0437073061877151 -0.713811325941455 0.127178469028049
-0.0449833086505765 -0.0378864457302776 -0.0922040257584608 0.0862451246050754
-0.0707603239315138 0.0143077321601295 0.713616335098082 -0.0142146875638198
0.00366756003832471 0.0345169267706937 0.533403333136882 -0.762773199128204
0.0437316648968583 0.0106819233441882 -0.402352330296667 -0.769839296089058
0.0338065073774045 -0.0234565761979123 -0.617552598745577 0.0286713329533156
-0.00461511358916126 -0.0349943126543272 -0.175357405608598 0.354317411168892
-0.00789461144818798 -0.00496361897922644 0.122228394676298 0.102753856988298
0.000430941203350264 0.018213466586604 0.0934908139256899 -0.218543255757777
-0.0176292384472035 0.00171447229175338 -0.0833070576953332 0.193212924503143
-0.00255141489735672 0.00563121497507758 -0.129347129679752 -0.113790471541682
0.0226232105326503 0.00860964701258348 0.143756545315971 -0.366065048883115
0.00367265493553372 0.0265197071618645 0.535371384013802 -0.0726078666558385
-0.0286542220000676 0.0180150408960261 0.398743453881492 0.679221240121999
-0.0623582483541699 -0.0433541102322862 -0.437001323816288 0.818885529386541
-0.0457891339568907 -0.0453323658077969 -0.714319173465976 0.134212380956281
-0.041486218818118 -0.0392017587478982 -0.100895913917217 0.0826639623964913
-0.0679117184712138 0.0116687008889442 0.709887404394829 -0.00477120470081676
0.00469959772473751 0.0345375315496514 0.549060604781796 -0.758538971268615
0.0457099156873607 0.0135848888445751 -0.383929362664253 -0.787057093291184
0.0368539539850414 -0.0187564103028854 -0.615926153304301 0.0135941870946233
-0.00552158603560202 -0.0330456494327149 -0.1762844296845 0.35276144397273
-0.0103769592270919 -0.00529460910596254 0.121126438698072 0.105066845151968
-0.00428066705268992 0.0176795480328181 0.0951824845522253 -0.217385736374124
-0.0240618589404695 0.00160099274551046 -0.0820694900909896 0.193840213393984
-0.0058626171955396 0.00580279521121349 -0.128833758167255 -0.113436162797361
0.0211179371362744 0.0117385045168857 0.145402537176864 -0.368731089299258
0.0056854489981834 0.0303716435551885 0.536886719264676 -0.0828168847689286
-0.0252030075080276 0.0217600897763425 0.409638045565797 0.665575581220962
-0.0595498040055895 -0.0419368178513133 -0.425894212858908 0.817212163662749
-0.0403963239541349 -0.0456737127227834 -0.716376771284463 0.132703947945195
-0.033696441196082 -0.0400601279842526 -0.107643535288138 0.078165370217419
-0.0627795980985478 0.0105905032577771 0.706382672744483 -0.00411500584442366
0.00683759602489869 0.0352794317910683 0.559713748254737 -0.754043010921065
0.0467498175550968 0.0176549797381964 -0.371361070444245 -0.797227390784646
0.0370993020052612 -0.0145508732074537 -0.614337495541409 0.00357431828168314
-0.00725972476942328 -0.0305455970001267 -0.178181498347764 0.351292861241664
-0.0146218494460293 -0.00564305948267385 0.120132622757035 0.107273652472922
-0.0100947393816569 0.0170990223023728 0.0966469556908385 -0.214444177920169
-0.0309515787620833 0.00197445444582642 -0.0819746980832711 0.194952681476292
-0.00898352211326661 0.00583712280171023 -0.128568236061796 -0.111499812217244
0.0185959510838142 0.0132689267907729 0.145305446263772 -0.368920067310777
0.00644158255429019 0.034730316387355 0.539210469634955 -0.085386375390263
-0.0228207142617314 0.026207705020382 0.416034955706659 0.660759575954037
-0.0571932816934561 -0.0398906229069973 -0.419033053303954 0.815080845943787
-0.0336373947293621 -0.044591294135945 -0.717408555027467 0.133805984729238
-0.0247515586635229 -0.0382375606449393 -0.110967442909436 0.0745739322839144
-0.0562247343730004 0.011477765480424 0.705194626656416 -0.00287752920560124
0.00747353830103385 0.0362247108046146 0.563587068365454 -0.753034623028482
0.0479279391900714 0.0219451444889018 -0.366941261091673 -0.801183027631787
0.0377305742672623 -0.0118339025042536 -0.614618553993076 0.00190269774259839
-0.00978862030265279 -0.0289833289966826 -0.178352162431577 0.352902461632354
-0.0181068122084558 -0.00609414223932285 0.119151841068104 0.109621113043592
-0.0157323622233171 0.0164372227883609 0.0975455755757437 -0.211331576699697
-0.0363844612164587 0.00307895282585759 -0.0827865739955899 0.196783500320469
-0.0130997694980329 0.00563387471108158 -0.12723232241214 -0.11015294792692
0.0158898279968854 0.015575489123756 0.147122252004317 -0.365690620429744
0.00606181341882273 0.0392727531769693 0.540669928582284 -0.0832082215241158
-0.0216480031145214 0.030901305913356 0.41542959743764 0.662020624155902
-0.0544485279741677 -0.038029537021892 -0.421318186669001 0.811798730712631
-0.0267360319690795 -0.0432019890087418 -0.716586096190303 0.128379186946539
-0.0159767990725691 -0.0349934095286287 -0.110818715403104 0.0713227427751602
-0.0485303889656505 0.013763779628524 0.702893801492686 -0.00574892858166499
0.00959544022682591 0.0390328906509569 0.561128974116609 -0.757999442750738
0.0477599213651654 0.0266605500552041 -0.366631428130249 -0.799077179284078
0.0362222462111767 -0.00746965571892782 -0.61299102243944 0.00323623790376368
-0.0133806158753794 -0.0279906351135813 -0.178878388135297 0.353685701786839
-0.021808188076067 -0.00690916228856774 0.118383361124715 0.111261263353769
-0.020868994175318 0.0147535499427329 0.0957240347146757 -0.20927617370455
-0.0415909657277716 0.00380364604332931 -0.0842247323479289 0.197219076915124
-0.0150392106846442 0.00541733652362606 -0.127013839776893 -0.108923007684426
0.0131579495190921 0.0170399418363795 0.150634364283778 -0.361932065528641
0.00503153523818999 0.0420239814430606 0.542536640758674 -0.0746379845203705
-0.0226581535784447 0.034445222733527 0.409428352732477 0.669112075531921
-0.0522697444024887 -0.036738686318184 -0.428447409158235 0.807490700225805
-0.0195202993891379 -0.0406824071432852 -0.717610299533952 0.121164741711051
-0.00852080955915325 -0.0318610492778972 -0.107664291569422 0.0706029644053657
-0.0433954938169356 0.0168164219147662 0.704528315032964 -0.0127013017223991
0.0111553805712574 0.0410330796644857 0.553546051696731 -0.760806614491397
0.0472305435389125 0.0299970743126955 -0.374412530348291 -0.795803884643163
0.0333000107681664 -0.00504124937729336 -0.612954896951356 0.0129764176703805
-0.0160015800465978 -0.027709391602564 -0.178372055343315 0.356272299251817
-0.0243463035402701 -0.00679647711041908 0.117984608705732 0.111850305952569
-0.0255832239487493 0.0154600266612561 0.0920053749950891 -0.205563733688879
-0.0429755353219341 0.00379249543365756 -0.0870069843040496 0.19923035476015
-0.0172229904964122 0.00420574303697134 -0.12696273734539 -0.107185977332736
0.0100255106160786 0.0176039527574391 0.154150136511442 -0.355037647056204
0.00189766512487339 0.0431182165843072 0.544452384668542 -0.0592263456161886
-0.0249478588150059 0.0365667218086896 0.398786537090078 0.682643569038866
-0.051186323503798 -0.0358142828838423 -0.443605009935355 0.805335331597698
-0.0146240416881416 -0.0375414883621732 -0.714919951539765 0.112884777448783
-0.00269677571626961 -0.0275130272534682 -0.100861130121121 0.0717659319775435
-0.0377789828422336 0.0203286531538007 0.705224232799861 -0.0187497870914076
0.0126163870432987 0.0431858732309843 0.543358899050182 -0.766380416024962
0.0460353585754663 0.0316740407849896 -0.386388835946836 -0.784123659157595
0.0319059822279539 -0.0034182646972405 -0.613556638405103 0.0249510790543937
-0.0180837447936271 -0.0267233116977633 -0.176142612796857 0.358907055893856
-0.0250460721395343 -0.00789736517424906 0.116547376438683 0.112159897887456
-0.0278540595109683 0.015874386443814 0.0877067365365004 -0.204704334420752
-0.00947947189362746 0.00259653115812477 -0.089391248556231 0.191236099918589
0.00345158406017442 0.00630200355620392 -0.132727327571074 -0.115927382156124
0.0253037930741883 0.00764131591413727 0.144359655282067 -0.357928199579441
-0.00053392924846034 0.0218266414755178 0.531813290080857 -0.0457651182521541
-0.0342643518522738 0.0137478535401652 0.37665382834466 0.705863969906261
-0.0615940071507588 -0.0444354923582018 -0.462218311847789 0.81154406465584
-0.0478670896012359 -0.0410536652093986 -0.708709630957647 0.124060443252141
-0.0453669586644642 -0.0338244702132816 -0.0814123887314386 0.0908305229170986
-0.0708859501840973 0.0185115998304038 0.715005719913203 -0.0254390123748666
0.00298353615080852 0.0349790911057192 0.511172351572503 -0.767148177356331
0.03954650433495 0.00893257808112298 -0.420120213742987 -0.749084222925839
0.0300285667966419 -0.025624691577546 -0.616265844378684 0.0521351724587773
-0.00594657527698832 -0.0361871678053519 -0.166540674986001 0.358175721350611
-0.00725756823898936 -0.00587752600953325 0.121575152906583 0.100939886183207
0.00255362675803003 0.0194262500428252 0.0894065864287439 -0.217125765411171
-0.0122354130887367 0.00230112711198359 -0.0850634003407975 0.19151642658881
0.000981750367831718 0.0059330369839337 -0.132389297976066 -0.114349968923904
0.0241773806087617 0.00829243792799914 0.142392154202981 -0.361159978649548
0.00246872075190528 0.0239719531716922 0.532709231026867 -0.0610595228817351
-0.0315425134937454 0.0146231770082835 0.391812117670209 0.68990734762716
-0.0623211138150138 -0.0438250867490583 -0.444488056009549 0.813706667868491
-0.0488837540703666 -0.0430838198594994 -0.710508595987455 0.130987602504751
-0.0447796302932031 -0.0372874772713739 -0.0904383488597288 0.0867143910791448
-0.0707387055780702 0.0145003259140561 0.711745642422237 -0.018020669777389
0.00338121537243789 0.0343408843667048 0.527357352469291 -0.762274751635602
0.0435459383263292 0.00957591359957289 -0.404388751821454 -0.764367809429109
0.0331526540617113 -0.0237425351535354 -0.616299083155803 0.0338906959235103
-0.00544626590294944 -0.0339736571986157 -0.170935920098433 0.354677795102563
-0.00858824563969616 -0.00490107640338123 0.121821354948072 0.102297037003617
0.000536285534440984 0.0188572166414212 0.092204932064367 -0.217418383694252
-0.0171027849781857 0.00201246871549484 -0.0823712936782433 0.192224410506061
-0.0013087206470093 0.00644540474291938 -0.131569997809773 -0.113025636613735
0.0224887931378838 0.00888655010734839 0.141344788782518 -0.365030630560043
0.00395002890972581 0.0267267123142744 0.534007099051062 -0.0764286773904831
-0.0278682696010522 0.0177737741740912 0.404154948624763 0.675361244081446
-0.0614872888256074 -0.0434277058133956 -0.430165676914251 0.818348081747117
-0.0457804709119469 -0.0443921145849221 -0.712084176646712 0.136761293943983
-0.0403454240723734 -0.0388677100795985 -0.0998025312162403 0.0830886478185289
-0.0684753951370389 0.0126493607345859 0.706135547760024 -0.0106830520042084
0.0052899123685269 0.0346228410505453 0.542650649117684 -0.756901187123044
0.0457311658190682 0.0131114029707693 -0.388491833580705 -0.781470780874085
0.0356685104332913 -0.0193534679679165 -0.615455455379459 0.0190587518957276
-0.00594962471675791 -0.0328177766330435 -0.172096575652735 0.353013199560424
-0.0112312446909149 -0.00452647419976331 0.121358405181252 0.104013651173971
-0.00342109159484088 0.0176209386504725 0.0934208496076931 -0.216371812006487
-0.0235460027391635 0.00236361070618438 -0.0812873327587119 0.192868354459002
-0.00546806424532896 0.00647780601375346 -0.13028930218661 -0.111469727674255
0.0208457943736587 0.0115748578694939 0.140597570241084 -0.367595392578962
0.00509166194386223 0.0311183692762087 0.534498102875477 -0.0839954658241182
-0.0250242822321932 0.0209241301254138 0.41397981956761 0.66240872375195
-0.0596621758727542 -0.0419818282972632 -0.419453702307219 0.818360859264398
-0.0399173034079656 -0.0441705125719062 -0.712327463215324 0.137094124413485
-0.0339249989285912 -0.0384459683922218 -0.106151100385745 0.0786512020826747
-0.0629646357716779 0.011130497491423 0.705508616018993 -0.00704350548136765
0.00647082433300865 0.0348780838405785 0.552752765500952 -0.754769539515354
0.0471456621198496 0.0168165270582524 -0.376292369336096 -0.791557172924698
0.0365517545190354 -0.0154790422342228 -0.612302130472258 0.0100963819240764
-0.00767767292064109 -0.030671134021849 -0.174579004154679 0.351591357998089
-0.0149182689748323 -0.00505940940716668 0.120266910152733 0.10688189994623
-0.00936965874384985 0.0171168446315173 0.0949717158632686 -0.214011320812789
-0.0291595221792486 0.00181048445494249 -0.0812859036400662 0.194675210145025
-0.00893995798915863 0.00587859174215038 -0.129816417171152 -0.109540624507894
0.0191205365399268 0.0134555763773071 0.14196079894676 -0.368126146447466
0.00681603955131242 0.0344956071209971 0.536925844684492 -0.0895657495985518
-0.0224442782367124 0.0255314507828237 0.419108907340294 0.656171810444699
-0.0568783086071534 -0.0394013662152295 -0.413561567574549 0.814696239325423
-0.0339500553445146 -0.0440950056144013 -0.714029190568258 0.137426102382455
-0.0252920101405438 -0.037232086576764 -0.109482740265571 0.0752621013836819
-0.0559532503295677 0.0122840568872009 0.702537206687308 -0.00645911951573219
0.00873125172404939 0.0361642976858243 0.555482610642738 -0.756012922535506
0.0477439885487398 0.0221539034543845 -0.371361042360721 -0.793909585877319
0.037004621730758 -0.0111979424866509 -0.611128007928115 0.00688081640277324
-0.011161284609984 -0.0293546767512547 -0.174958961889629 0.352683674841833
-0.0179879457562746 -0.00601854853890118 0.119555173392776 0.10936482589986
-0.0155269562223019 0.0167199836248549 0.0961256953892024 -0.21102779706349
-0.0357057504447211 0.00312926457463826 -0.0823880505338424 0.196685729164752
-0.0121029108243266 0.0072318819004091 -0.129055294015678 -0.109299564151716
0.0162912481409868 0.0153992142992826 0.143923750617211 -0.366362572604692
0.00688763072782388 0.0391447403327012 0.538173428023791 -0.0862519575928129
-0.0211170278214705 0.0301606285381276 0.417796262581338 0.657395048648304
-0.0544616314235954 -0.0374170479288494 -0.414911781923077 0.810384302215249
-0.0257597810480017 -0.0417660020393811 -0.713135828424127 0.130318100625527
-0.0163129447555887 -0.0340158081108264 -0.10995696032086 0.0727838220934152
-0.0487658702978332 0.0143840727824933 0.700724078180491 -0.00924835657444326
0.00981193800164269 0.038222719034037 0.555106989089489 -0.757352949271266
0.0471056852666406 0.0254286922815522 -0.372085987862556 -0.792785800225213
0.0352279826039318 -0.00696183978791769 -0.610810957343149 0.00837534115246437
-0.0132756438525331 -0.0277027360077169 -0.176369027988253 0.354191029458173
-0.022383259418304 -0.00635598470815362 0.118160057057282 0.110345640004802
-0.021375089003578 0.0158214520335171 0.0938349168062526 -0.207403158053426
-0.0399229161780301 0.00392621898008238 -0.083542113860449 0.19710771903732
-0.014381304513113 0.00554917348736208 -0.128553133668742 -0.107694252922924
0.0136975078593481 0.0167218522891708 0.14565670636626 -0.361071811763186
0.00507423162479474 0.0412379549553515 0.539543290425499 -0.0772697799988009
-0.0220687252999978 0.0339450690788307 0.413369735813892 0.664875756951076
-0.0522308997896853 -0.0357885679759268 -0.423384649918929 0.807618796281615
-0.0205491676296437 -0.0402029695597133 -0.71395741656535 0.126231508725551
-0.00813324200724407 -0.0311441621572631 -0.107308684175135 0.0715133397305067
-0.0428895994878629 0.0182114997827986 0.701896648768111 -0.0150748055339785
0.0119412972954121 0.0410218957412413 0.547675161617185 -0.761030196696059
0.0460328953767726 0.0292011451101729 -0.377391723238843 -0.790450844288765
0.0338656340268148 -0.00520175853464794 -0.612031061406596 0.0174017953482955
-0.0163689660462494 -0.0265290132814162 -0.174093138782645 0.35784637729569
-0.0249431359991611 -0.00712922577773339 0.118297881005857 0.111616026147123
-0.0249150571648363 0.0162479030885978 0.0912148292359619 -0.205018716024941
-0.0427407950954323 0.004404284303698 -0.0867349913901689 0.197368140314937
-0.0160398171742601 0.00517054290608988 -0.128504233220955 -0.106210983629666
0.0109404075271385 0.0175159464872126 0.15083996167379 -0.35526713200146
0.00194630498979179 0.0442129989779463 0.54251669282738 -0.0637480529856489
-0.0244609378392543 0.0365914766639517 0.402725698456248 0.677585648049357
-0.0505897426435755 -0.0349737770630566 -0.437097017467011 0.804594672908723
-0.0150579107350806 -0.0366024804089625 -0.71207864526997 0.115068404781738
-0.00264422358194096 -0.0271543705863874 -0.0995956567708563 0.0717499094644556
-0.0380400722620962 0.0207802696956449 0.703164599294548 -0.0236105499603119
0.0125046257824458 0.0432088537650767 0.53576048896588 -0.767526951442331
0.0459855289464983 0.0318646512943067 -0.391181934300256 -0.77806667654402
0.0317068272089795 -0.00411313910620752 -0.610211531983812 0.0287929384982544
-0.0187184815486587 -0.0258669850225779 -0.173105665841632 0.360653979366259
-0.0258958575555142 -0.00667798696311121 0.117608995172119 0.111359517918382
-0.0270836680255452 0.016387984926056 0.0870586812307056 -0.203658096136355
-0.00939864644346166 0.00251063648333538 -0.088844934964349 0.190449888724948
0.0035032176634145 0.00644134800210249 -0.134173471114713 -0.113950775351297
0.0251609698384337 0.0069887246325466 0.141812124310661 -0.356863488219233
-0.000127512218034416 0.0221644464792287 0.531180635288329 -0.0484885694911104
-0.0337146807867409 0.0136146853247909 0.378656035896066 0.702819380361397
-0.0619151988588599 -0.044134756545563 -0.457368495853616 0.810966576373077
-0.0479411215211752 -0.0398190742916418 -0.706642458779377 0.126618136356075
-0.0453239873111385 -0.0336637531716973 -0.0811700062575644 0.0900597849464212
-0.0702557638403268 0.0190426112315415 0.712135047451506 -0.0290239533008941
0.00309169641423504 0.0346853724321856 0.506829470741363 -0.767171654678501
0.0403815250360742 0.00862775661395451 -0.422816632996914 -0.744093424994855
0.0300008258866368 -0.0259032710900016 -0.616081780414234 0.0549213164765086
-0.00705099186532856 -0.0357835433693537 -0.165033507522427 0.361445383932125
-0.00785763801086792 -0.00423676182348324 0.122570525973188 0.100389970595582
0.0030772987041028 0.0190783942298031 0.0880394367030257 -0.216713161101736
-0.0121213145126143 0.00197585962938337 -0.0843145559205887 0.191683923328048
0.00154719294022704 0.00653695426024334 -0.13347092127901 -0.112627040587159
0.0242547848533681 0.00774629462842422 0.140763802669433 -0.360848254544019
0.00188675798455479 0.0242476597937815 0.530929520862808 -0.0642311788111758
-0.0311835872706325 0.0138384485859925 0.394138767496099 0.686944434001109
-0.0615564036981889 -0.0432833293682233 -0.440486373586476 0.813286238206714
-0.0475809826371811 -0.0422275178352375 -0.70830568106936 0.13299960304229
-0.0450283132430932 -0.036065627007475 -0.089454263355123 0.08828463914747
-0.0703520177369687 0.0158466441406672 0.708537142731484 -0.0206925970561128
0.00391498677052408 0.0338242737922973 0.519744725640042 -0.762680816564044
0.0432862042682282 0.00942582845568809 -0.408025159748287 -0.760361939335378
0.0336989641939847 -0.0237837466762693 -0.613212078116596 0.0378292438172178
-0.00580062316037526 -0.034827149724542 -0.168558686680119 0.3554889360546
-0.00876135088414587 -0.00352715745891231 0.122715716777589 0.102624572270329
0.000433287088297461 0.0184637414969164 0.0905051397021956 -0.21663718150641
-0.0163687613001904 0.00197997083739604 -0.0817066578542562 0.191805641297082
-0.00103452067525856 0.00647752276485931 -0.133373053055434 -0.11179203447126
0.0222739397723509 0.00943449662934307 0.139330778226913 -0.363681465277399
0.00419147149676471 0.0269734418534929 0.532747770459552 -0.0773318327061816
-0.0276485622844134 0.0167270794537414 0.40550689954385 0.672051463977003
-0.0610765762737323 -0.0422165897633595 -0.424126186917187 0.816221544231957
-0.0451897856896643 -0.0427014098833625 -0.708548000270239 0.138274383635032
-0.0404994204012316 -0.03770384982747 -0.099017042403311 0.0842823058966678
-0.0679929784179409 0.013264507846375 0.705523312772344 -0.013356150742965
0.00518982484259463 0.0334150100101991 0.535910745897201 -0.758383375508421
0.0454922102141941 0.0126813848381236 -0.392620960909486 -0.775047394598701
0.0358306109738532 -0.0201724463316609 -0.613475438611549 0.0241929375406096
-0.00646749293588616 -0.0329370455314855 -0.169891886316322 0.353956756396158
-0.0114094954909581 -0.00417923998015511 0.121559491025721 0.103316425993381
-0.00406348058811276 0.0174527564405301 0.0926231989542909 -0.21509296359388
-0.0231206852830388 0.00144822229030729 -0.0811973865537408 0.193293095437714
-0.00477781785450818 0.00626887143342093 -0.132188918628799 -0.109872453807134
0.0207513361581652 0.0120069897970869 0.138260442167396 -0.368180410115523
0.0057868884366473 0.0310955553058206 0.533299912384373 -0.0885134352563006
-0.0252151265326636 0.0211061767544706 0.415133709373245 0.659283150119386
-0.0597574480384821 -0.0411320253340253 -0.414465353928957 0.815520006692427
-0.0405420923840623 -0.0427718148627802 -0.709405179518807 0.139586226663203
-0.0340155119124727 -0.0380926153065536 -0.105640118738655 0.0788980554157427
-0.0627194441938641 0.0125653690210568 0.701799134353806 -0.0113681758796329
0.00694980332066877 0.034274022738264 0.545197406889536 -0.754100726253042
0.0474998736252868 0.0164529473730086 -0.380912607592989 -0.785181490324431
0.0371609364969864 -0.0163928364111223 -0.611039074866222 0.0139366251709795
-0.00875131127476963 -0.0313969922681166 -0.171714718615169 0.352997121900633
-0.0152660930893718 -0.00433998836408571 0.120934898298905 0.106701014509826
-0.00920495465977953 0.0171560900414537 0.0944001263894185 -0.213291051376129
-0.0294608988773135 0.00198012492519588 -0.0816638310849516 0.193979480481806
-0.00894205058539433 0.00643479064531287 -0.13098717224201 -0.10864246621529
0.0183671029075608 0.0137848696714164 0.140086185871688 -0.367376526182383
0.00617370778725171 0.0350499699139841 0.535553017332162 -0.0924996305286594
-0.0233960867135519 0.025807451018444 0.422236037170825 0.653657942858863
-0.0560991830462113 -0.038796498819267 -0.40848347947117 0.811999985204005
-0.0339511324157412 -0.0424566830565222 -0.712033370073264 0.139065909106885
-0.0254378220016556 -0.0373167840519483 -0.109526582313691 0.0759308788539161
-0.0560265064719806 0.0121673719896617 0.700746834722648 -0.00887812362936054
0.00805851462822047 0.0371855973020703 0.550289630341804 -0.754285653323406
0.0478456666921617 0.0222660642679545 -0.374960752330817 -0.790398356694922
0.0363609066065437 -0.0113848763966912 -0.610966957659623 0.0109213349659122
-0.0118596563139168 -0.0287741498719758 -0.172275218256553 0.354362728959803
-0.0189298709385018 -0.00524160017771309 0.119701023119361 0.109083207668212
-0.0148624716969499 0.0173291012498799 0.0953926123058232 -0.210196087719478
-0.0353315706186865 0.00294809518508301 -0.0814336365155656 0.19575530094766
-0.0117533030990296 0.00611834593925285 -0.130139039614069 -0.106852163633901
0.0160737713099739 0.0159988941630806 0.142967202549727 -0.365741661667675
0.00636882112096227 0.0387222192116753 0.53719628046959 -0.0884978199915844
-0.0210760357056042 0.0291588514540435 0.420781366370361 0.654745026408147
-0.0540804224143392 -0.0383280871858954 -0.412365929583846 0.811601962773249
-0.0258091990697306 -0.0411334046519407 -0.712995214826659 0.133285940420911
-0.0157776129698483 -0.034828683721582 -0.109981557638682 0.0736733358494534
-0.0487830859947606 0.0143373056241455 0.698037174985981 -0.0135704137556348
0.00962741818704442 0.0385369014861 0.547604859672417 -0.756363996159523
0.0471559778836393 0.0258803194500297 -0.374874287858931 -0.788111195476802
0.0363204333425095 -0.00789783539886814 -0.609387284610272 0.0127837222294899
-0.014463489759783 -0.0276241158233862 -0.173075454696124 0.355802223911009
-0.022415921708966 -0.00657239833646664 0.118763701503148 0.110747190794948
-0.0205657559383657 0.0168175411705645 0.0921191677156806 -0.207797485282237
-0.0401507915921342 0.00377292051201475 -0.0835678099849629 0.19641631236388
-0.0144449658847064 0.00594036141194612 -0.13083743704771 -0.106229098337202
0.0132279781610508 0.017235646972425 0.144497635500141 -0.360531696556694
0.00489824600499119 0.041773191989387 0.539166829743901 -0.0802986508299769
-0.0218896424541389 0.0334573572706689 0.416327074646191 0.661473906549843
-0.0518942174286775 -0.035798177907378 -0.418549891522395 0.807969268685377
-0.0191896510920786 -0.0388244518391222 -0.711567302655335 0.128352772799379
-0.00895485803305724 -0.0310461937498971 -0.106435279300736 0.0719777719238682
-0.0423304845304861 0.0176416110003694 0.700334218079313 -0.0197637596183521
0.0114834541068704 0.0407644684115476 0.54146547180578 -0.761163984020888
0.0472920293511064 0.0285614077016006 -0.382319540135416 -0.784811418208452
0.0333888571240521 -0.00565669243357446 -0.609152663378979 0.0222742233509787
-0.0172270521936319 -0.0270738198758221 -0.171994836994934 0.358317648926818
-0.0248660622095612 -0.00666952815718065 0.118359955042601 0.11163684998901
-0.0246312469152003 0.0163761205844184 0.0912924906655564 -0.204219389383622
-0.0421427887162152 0.00396676302884498 -0.085326066964367 0.197545824449326
-0.0156236292240035 0.00576465592113722 -0.13019070712833 -0.105120964035785
0.0108366669202232 0.0177616632026674 0.148399220325206 -0.354937072136884
0.00230578983255047 0.0435478944208183 0.540755111580303 -0.0641573553790341
-0.0239783204241156 0.0358583636387408 0.403616486726372 0.673953452441339
-0.0514821495055398 -0.0347342012777879 -0.430804597499256 0.804908106065526
-0.0143265302927465 -0.0353951139662527 -0.712184875968546 0.119313010232433
-0.00276447650102012 -0.02695440381998 -0.099941263143277 0.0730124830135602
-0.0379620090723631 0.0208482285767001 0.701501154339248 -0.0274848244658295
0.0124484770145436 0.0426909235974201 0.529093121372452 -0.767307277541319
0.0461704358769734 0.0305726709771823 -0.393058512740573 -0.773340401028592
0.0317809226171284 -0.00417590124899015 -0.609246018943957 0.0328962568120486
-0.018958303681884 -0.0261719072703627 -0.170333807490439 0.361374475102621
-0.0259958792332784 -0.00696828213095923 0.118466888003602 0.11055483674656
-0.0265859136765623 0.0161247500641723 0.0858079011066888 -0.203120112232908
-0.00906167478335215 0.0019439153229141 -0.0891744218519142 0.190441946132494
0.00450721439533964 0.0071920307593609 -0.134831237719739 -0.114229499452249
0.025361663613569 0.00672118237903034 0.139503270800346 -0.355507131606773
-0.00103262997549477 0.0228748097898349 0.530819573954277 -0.0504242303553438
-0.0337243201320413 0.0119266514661913 0.380535930170467 0.700318487326359
-0.0618913655948183 -0.0435232128496878 -0.452328723060506 0.811761001134353
-0.0471547455315904 -0.0391632158068336 -0.705150433173795 0.130003873791239
-0.0451570647219065 -0.0332489098009765 -0.0806125929566652 0.0908204095027398
-0.0696674291710712 0.0190779656472659 0.71030512947679 -0.0299452893660411
0.00241423188562651 0.0350620109149408 0.502097201217453 -0.76677711401888
0.040809876700196 0.00874167823447007 -0.426277267404652 -0.737580123646334
0.0302263442802581 -0.0257768526709659 -0.6136224201832 0.059060472221826
-0.00744830263979414 -0.0352971046253854 -0.163507293304198 0.360279757335553
-0.00762522955417 -0.00466893108772116 0.12245574375384 0.100033417002501
0.00287202099991648 0.0196951768250857 0.088068531780015 -0.215859714424066
-0.0122056786080126 0.00191795499157865 -0.0845438228677428 0.191174157398316
0.0019123388613879 0.00793063048596018 -0.134909653441671 -0.111977911993553
0.0242844140041221 0.00767302729647779 0.137793607846801 -0.360494843265289
0.00190006255864701 0.0240357864180991 0.529830087619681 -0.0665671453922036
-0.0310052250422025 0.0137541330961175 0.398308095137853 0.683016522080697
-0.0623921296407398 -0.0426114234433984 -0.436357533002593 0.812989521464442
-0.0478272234475529 -0.0406148759042982 -0.705514839915135 0.135226883530456
-0.0448967495482919 -0.0359024696391308 -0.0887914733277298 0.0880660320460521
-0.069819333371562 0.0164970915698542 0.708410496929014 -0.0239308786186508
0.00340888387324851 0.0338659004178601 0.516228077865336 -0.761919355990489
0.0433626233463717 0.00906379002133955 -0.412827889360055 -0.755232567326013
0.032906184339197 -0.0241164368845858 -0.612053325830919 0.0417073801064853
-0.00659705414368579 -0.0340653053306046 -0.165132177940192 0.356701053577675
-0.00932868604462761 -0.00380995944708427 0.122709365640993 0.102080973050884
0.000563365455618005 0.0189168189978314 0.0903485768187556 -0.216205759555661
-0.0161436822155368 0.00190196615005408 -0.0815558119698788 0.191253398695739
-0.000898415722626878 0.00746086780459158 -0.133937767239144 -0.109947243909687
0.0228193686940531 0.00950126293328685 0.135673631251914 -0.36407751265212
0.00432383420784632 0.0280334318129927 0.532413120167947 -0.0809515355393956
-0.0275984756518798 0.0175732133627169 0.409844127583788 0.668988396071855
-0.0608085967139725 -0.041778320760274 -0.421890398193026 0.815659480292324
-0.0451770090636504 -0.0416597056549272 -0.70653170606454 0.142125446529076
-0.040225383277288 -0.0373395181776871 -0.0981479980955855 0.0837936230406554
-0.0679841523482462 0.0135596584715873 0.704365033791924 -0.0158906666207228
0.00509984451702479 0.0337194152311198 0.532682313464671 -0.758745534482515
0.0459291850340492 0.0124345051249876 -0.396385626890785 -0.770692890955702
0.0354231343691651 -0.0204527731427505 -0.6113170605019 0.0274904543197289
-0.00718824946321821 -0.0332286179745373 -0.168507174330558 0.355682644516264
-0.0123322543834828 -0.00370434543909396 0.121696540710025 0.103944151695349
-0.00343450122708953 0.017859676284542 0.0917472852460151 -0.215146767753169
-0.0222240732341091 0.00180106734849545 -0.0808095373618757 0.192547752757154
-0.00458580350934694 0.00718032962993455 -0.133539428575246 -0.109063248497336
0.0208285004624652 0.011668469094918 0.13727438287646 -0.366693985949511
0.00560415576852935 0.0312234533203383 0.533873879197284 -0.0902515548839141
-0.0246230390868012 0.0207475726430122 0.417707281942444 0.656474113934179
-0.0592160053772318 -0.0395811965519293 -0.40949959294036 0.815318439163525
-0.0399599265527228 -0.0429736631557204 -0.708800452307645 0.143240800438945
-0.0337702362382789 -0.0379490921129213 -0.104602590887126 0.0795534257971591
-0.0627694739044758 0.0132571994176899 0.699624966748441 -0.0152777205878512
0.00618656049814823 0.034105473127227 0.542022228750985 -0.75309067967668
0.0471294473275903 0.0165997297079366 -0.38279237480123 -0.782801728378469
0.0369578409360651 -0.0160110426449639 -0.610035423636639 0.0163991601434305
-0.00910555399354868 -0.0301967843600388 -0.169518529372421 0.353680170930833
-0.0149355846534287 -0.00481412984192523 0.120774318516612 0.106457270026767
-0.00936204566419569 0.0171794746714381 0.093689658110069 -0.21291278308556
-0.0291860876573546 0.00253066940102091 -0.0810112667377825 0.193779097155351
-0.00790411732785828 0.00645891146056876 -0.132909073385442 -0.107456225212057
0.0189037876924589 0.0132897520703204 0.137305272475435 -0.366885315702742
0.00719267917155989 0.0354545119564006 0.535483600655244 -0.0941675558032794
-0.0229778971876687 0.0248664192715395 0.426201334999452 0.651581442042462
-0.0566484306616893 -0.0393682598621136 -0.405716757229086 0.814010146855958
-0.0333816849825958 -0.0416100989754184 -0.709891279182372 0.141568380367333
-0.0254788035567063 -0.0362613208412516 -0.108823634273628 0.0764530082015535
-0.0560016812525877 0.0136775417151424 0.698687642650915 -0.0150139196486344
0.00772620058518264 0.0365130636615259 0.546588492388965 -0.753454817854663
0.0480782070349915 0.0209393550136011 -0.377999231161749 -0.785264716252842
0.0365329104732846 -0.0114521320076147 -0.607789359240501 0.0143279971668467
-0.0122143240827352 -0.0290309416273851 -0.169790980905005 0.355623033062979
-0.0187347199321355 -0.00475488029718537 0.120645375041951 0.108995190750971
-0.0148859653541892 0.0168806682074018 0.0940718412836642 -0.209925528816621
-0.0341738539045127 0.00257740993829181 -0.0816866281238314 0.19525107780253
-0.011074234836221 0.00710102068952145 -0.131850759351206 -0.106463198883136
0.0162300600323799 0.0155996252240223 0.140124828483296 -0.365200218196048
0.00707082027739513 0.039287447486056 0.537010694162113 -0.0904126922700179
-0.0210208673387716 0.0287390287041287 0.423748396457437 0.652942431916323
-0.0541515224290045 -0.0368723834103812 -0.406104624903217 0.808081049684628
-0.0256441447161851 -0.0405862580182612 -0.709278794979606 0.135884528054071
-0.0159065136811612 -0.0345446918954189 -0.108843995236161 0.073709854335456
-0.0485168590167353 0.0152181159977051 0.697360511422725 -0.015870378171291
0.00943557149130422 0.0387397443697698 0.544204554392978 -0.757040026282887
0.0472958034619638 0.0250483758366042 -0.378861959731834 -0.784676934362405
0.0358474931705711 -0.00781075103859538 -0.606491479321372 0.0153973207202469
-0.0155079835061039 -0.028114412879324 -0.171115356009483 0.355739271414818
-0.0231721953345929 -0.00608580231481647 0.119022694203797 0.110772889185027
-0.020520173934851 0.0166384915906425 0.09221367216902 -0.20702278948863
-0.0393735288203253 0.00413910563559648 -0.0827540705118874 0.196857747850812
-0.0137376280230246 0.00637026385893961 -0.132378050410314 -0.104664148248442
0.0137563927652863 0.0170987693123699 0.141672041542864 -0.361161408155941
0.00493805945438173 0.0428710794852837 0.540156824928841 -0.0821701039947678
-0.0219850014721525 0.0324095946995946 0.418120315494867 0.660098650608956
-0.0520255933578298 -0.0356938244912956 -0.41472340639717 0.804902244041013
-0.0201518400212997 -0.0380471189870763 -0.709840858528842 0.131460255004891
-0.00873060389653453 -0.030957013228308 -0.105532682264008 0.0723987891377201
-0.0425375841357194 0.0185805371823093 0.698979057811455 -0.0214766378706345
0.0106865645445222 0.0403334358220711 0.537480231970577 -0.760441259978876
0.0469798047856858 0.0288637853373037 -0.384450566154831 -0.78037770384239
0.0338792648972852 -0.00597282762907607 -0.607274383076234 0.0256246884065711
-0.0171283993447554 -0.0272299806725311 -0.169872645305718 0.35885710988675
-0.0253587000173641 -0.00554466023007519 0.118697852732672 0.111736538038354
-0.0244456807877465 0.0166282204959225 0.0896916219686304 -0.204247546021873
-0.0410993884905472 0.00462385135221263 -0.0853989099482026 0.197100613084891
-0.0149031306755897 0.0066815986880723 -0.131123272505942 -0.103399028446246
0.0113397475625226 0.0175025747355646 0.145936578433931 -0.354474711507384
0.00252073608959563 0.0439829898196081 0.540387814613363 -0.0686604105370151
-0.0240608532512377 0.0349557453613768 0.407909871945323 0.671731348279529
-0.0499458434896151 -0.0343444115049889 -0.428579476699026 0.802570688894272
-0.0143689589084769 -0.0351511544391233 -0.708388682934853 0.119681980540189
-0.00373738881788086 -0.0267264061126264 -0.098480982569384 0.0733752180738382
-0.0379390374032121 0.0213183029919427 0.700436670775936 -0.0310751392343614
0.0131295496597694 0.0426168703405735 0.525235928077239 -0.765359776140828
0.0461419200568247 0.0302523870784949 -0.397599842932686 -0.769558603205776
0.0316670035700703 -0.0044220884544836 -0.607047282564575 0.0376418783274397
-0.0198832448579042 -0.0261874439473409 -0.168077733745911 0.361963544281142
-0.0263940202403099 -0.00644212032854639 0.118166785630479 0.112116839551311
-0.0262179805898755 0.0161557607125618 0.0856722946348698 -0.202888752890859
-0.00888379741828384 0.00235461268361925 -0.0883625059590913 0.190027984606089
0.00542590733520035 0.00745255396035566 -0.136537805611365 -0.112052862647147
0.0250273587504619 0.00706079834997091 0.138729779082357 -0.355892093380675
0.000166989343749067 0.0235720416093167 0.529848886423148 -0.0524199927779682
-0.0330497813276649 0.0121374160584074 0.384558332340385 0.699139525373239
-0.0617687087796583 -0.0434630989589682 -0.450899394216551 0.810753100844711
-0.0467170382364356 -0.0381016763407001 -0.704090206923152 0.131009258259477
-0.0454488478824701 -0.0326645558555808 -0.0796887407670036 0.0911548851791354
-0.0696898050371673 0.0210090052476697 0.709970774283107 -0.0339687693703703
0.00370584413895404 0.0347845957860734 0.497170882052393 -0.767626632914722
0.0405879410911934 0.00723378098364466 -0.430545675928698 -0.734924280665369
0.0296821322602783 -0.0265888400619918 -0.612217509954282 0.0622218526223326
-0.0077816541134303 -0.0354197118048177 -0.160056629362182 0.36133578600731
-0.00805577943071654 -0.00433248470492375 0.122965462983655 0.100319497373434
0.00321838199662879 0.0192019315438757 0.087576360246732 -0.215927824959749
-0.0118268453761053 0.00199584717510589 -0.0844779688628601 0.191178736980906
0.00291786808927464 0.00758100536719293 -0.136443836854303 -0.110395875724909
0.024156965583559 0.00814142328640898 0.136342466108055 -0.359100006486467
0.0018975982507465 0.0250748634913101 0.530269520955701 -0.0683205072764965
-0.0304245408886166 0.0132815551603482 0.399653290823799 0.682799926289762
-0.062368757109481 -0.0422686718119853 -0.432755752198035 0.814209579772095
-0.0470677053136764 -0.0397118588527683 -0.705804574792784 0.135956050923655
-0.044557588175796 -0.034994518826232 -0.0887490885137042 0.088858153700053
-0.0697680442232666 0.0162363758743176 0.706567418469141 -0.026685790755443
0.0030798362574827 0.0340371007294104 0.513312025502899 -0.762160143551679
0.0428464817452934 0.00950868714302202 -0.415410220258418 -0.751183556142466
0.0333476380047684 -0.0250152351906335 -0.611839767721727 0.0456738398115125
-0.00733467661432538 -0.034241895291889 -0.163749516912554 0.35821822283987
-0.00963554450712761 -0.0036565832279314 0.122680872572101 0.10201900593216
0.00056965470809482 0.0186129396457591 0.0893161407758264 -0.215743602943541
-0.0154753973614191 0.00126641011670575 -0.0813596416333734 0.19156219925695
-0.000302937145295631 0.00722223942406006 -0.135165014538486 -0.109628467227114
0.0229550931798383 0.00889599474837446 0.135275537613104 -0.36391898276902
0.00413122456072157 0.0281900372106049 0.532235881603546 -0.0829410792667877
-0.027552193230611 0.0161939815392841 0.411786997996714 0.668270082339701
-0.0610357674863571 -0.0417805506513628 -0.417214522840197 0.817073846868273
-0.0446132548445311 -0.041335534477899 -0.707800892819351 0.143737156579839
-0.0409472368592104 -0.0381305954159512 -0.0983033322698045 0.0846292414506819
-0.0674889947223041 0.0147641592018245 0.704286622445783 -0.0176309688104631
0.00488603645139607 0.0338967524409506 0.528076174872534 -0.758245574958711
0.0453198556295775 0.0124822667408089 -0.399901526473281 -0.766555279805052
0.0356357573088049 -0.0203386746753431 -0.610944270975266 0.0300997235761966
-0.0081323756525442 -0.0327997315452873 -0.165146915457976 0.357088397317177
-0.0128607537097321 -0.00378054197665443 0.121823182735819 0.103843320067657
-0.00300765131433979 0.0181802315386663 0.091261738994732 -0.215152646106936
-0.0218190681003905 0.00223135469601253 -0.0808126916178849 0.192805742865708
-0.00404776416253716 0.00791031948436986 -0.134724636415981 -0.108568215830728
0.0219462050319392 0.0111800091438185 0.134204468091711 -0.366872654412737
0.00595158229860401 0.0314619413695029 0.533454789489944 -0.0934687314257263
-0.0245886595826023 0.0194280557759857 0.42157002466095 0.655708067974962
-0.0590213852702166 -0.0403505669455417 -0.406876958073751 0.814650323255321
-0.0398232605104244 -0.0406214708278333 -0.70829916151766 0.144501229736683
-0.0330468883142403 -0.0378447703001774 -0.104532436288196 0.0805197529935042
-0.0617661404420039 0.0133075158305587 0.700829083784809 -0.0176640302046003
0.00631346798185264 0.0344640250003167 0.538340236835035 -0.752957050694072
0.046734101428201 0.0168167273766527 -0.387698726598778 -0.778818723298864
0.0370897273507236 -0.0162069687507199 -0.609323728703522 0.0216546340412176
-0.010188710548221 -0.0307932719227242 -0.167495931002879 0.355949162075023
-0.0154175426944529 -0.00444601254657418 0.121455663951825 0.107004324630017
-0.00899178811294044 0.0172825756579981 0.093312025105181 -0.21188184621182
-0.028495997042123 0.00188327078956834 -0.0809721646512677 0.193890965949102
-0.00694075394070296 0.00744261225837536 -0.134715469647581 -0.106613079092003
0.0192816165247122 0.0139231031938592 0.135138691870086 -0.368285223860892
0.00742074324049746 0.0369313836509293 0.534269371085376 -0.0970287447356299
-0.0224647019631905 0.0244092462093713 0.427110279071061 0.649784375656662
-0.0564033592051241 -0.038961114759789 -0.402244936532054 0.812161595976624
-0.0328065681428687 -0.0405121015919354 -0.708922136533951 0.144052891241456
-0.0255366384548266 -0.0360913869406188 -0.108118501694984 0.0772348248035279
-0.0558593108769024 0.0143582151876963 0.698231309940769 -0.0156776545025561
0.00822010602715299 0.0358149450563448 0.542777232276979 -0.755155226536488
0.0473768029870229 0.020793083516231 -0.381611760262026 -0.781729227290136
0.036953878707105 -0.0122683294144169 -0.608085665844244 0.0189165536306321
-0.0124404639867591 -0.0286771462290818 -0.168080528607723 0.356796730033108
-0.0194965925765285 -0.00429906066416847 0.120624704102719 0.109865030207051
-0.0151249027341231 0.0171429959456109 0.0935242578220941 -0.209564257560555
-0.0340340452219243 0.00322030047489931 -0.0816076338379513 0.195185467512279
-0.0112301100951568 0.00727378283139326 -0.133216376385733 -0.104878155972427
0.0161790502747625 0.0156105217244339 0.138316029071919 -0.364748856227491
0.00706526815065725 0.0394391628637071 0.537537815310294 -0.0934939916876964
-0.0210646497484045 0.0289289928043232 0.427188298868827 0.650845040604572
-0.0534384496827929 -0.0369106672630564 -0.404602483168748 0.808580688179252
-0.0261062557999341 -0.0396448577819082 -0.709187215809738 0.138233558999238
-0.0164372247203098 -0.0334555444449087 -0.108647438108094 0.0737897388150231
-0.0486479344920765 0.0159644235291059 0.697870175145167 -0.0181657697574417
0.00980586734679423 0.0386769904288922 0.542427971066254 -0.75707143227957
0.0478614516777356 0.0257476146544121 -0.380779193197407 -0.782436303305386
0.0360355970741104 -0.00890898088306057 -0.607533398201122 0.0195046248896719
-0.0153561299435187 -0.0276821873678043 -0.167917774725672 0.357591797348732
-0.023066596365188 -0.00514673209603574 0.119792025864265 0.111001590414227
-0.01968402327468 0.0161379732213018 0.0911914427422966 -0.206712182008836
-0.0393975494669243 0.00342512150518597 -0.0825191929757509 0.195584377963119
-0.0131723569294777 0.00734626737269756 -0.132727371719723 -0.103662545167331
0.0144075121416018 0.0169483320443492 0.140475499158902 -0.36050736254553
0.00552886948749973 0.0423121760855594 0.537998002289491 -0.0847978425174684
-0.0225422420130035 0.032299985877322 0.42140864831204 0.658177474930855
-0.0515776761071346 -0.0350989026625131 -0.41151013364781 0.805991442495641
-0.0194344160186352 -0.0374314268180639 -0.709213834906456 0.131571862969844
-0.00938844149596866 -0.0303569027923334 -0.104761257555686 0.074153540073585
-0.042773632593242 0.0183332262313285 0.6985619594455 -0.0250623766476876
0.0110339136554898 0.0406156036282506 0.534016031529017 -0.759268828934098
0.0469673602766519 0.0278577805801785 -0.388706708621401 -0.775734922843846
0.033097292907108 -0.00652204107765346 -0.607197314095373 0.0293014253009153
-0.0181951171316406 -0.0268564978792671 -0.166847592992715 0.360892102551119
-0.0253531800352197 -0.00585870491347545 0.118455954565888 0.111866048031091
-0.0241654700411403 0.0163588747757195 0.0894797481049111 -0.203669106249964
-0.0407846091408159 0.00458422035291431 -0.0857553411130436 0.19611296968259
-0.0145257508797875 0.00663529268978895 -0.132698229153527 -0.10325190520992
0.0112376597068342 0.0171432004505767 0.144641788904949 -0.354431534661438
0.00198142561654419 0.0441358698908425 0.540464452008606 -0.0696661526075366
-0.0240132004127246 0.035204903396275 0.410367342960795 0.670734132317988
-0.0503447556946534 -0.034294356451236 -0.425161153381614 0.804362973844767
-0.0139617717631308 -0.0334061306761993 -0.708593910425023 0.122057530656446
-0.00364069990996645 -0.0267771500063646 -0.0986115111553932 0.0736669004685531
-0.0378289789445316 0.0217852074170766 0.699121598246961 -0.0310743322313372
0.0120824476930988 0.0415267285896198 0.521590320856131 -0.765896276466278
0.0454868306464683 0.0299059628789005 -0.401744854162717 -0.765199091719093
0.0324216884792541 -0.00489686279550167 -0.607319486106906 0.0397964924002382
-0.0198645081263223 -0.0265889257501635 -0.167091639758856 0.3628543670456
-0.0265873356567938 -0.00629481916323658 0.11897472476765 0.111291448063117
-0.0261511069866191 0.016454427336223 0.0858126465151496 -0.202122514932329
-0.00916602401000455 0.00272930148870759 -0.0873928427861353 0.190185824768289
0.00528300595952197 0.00863115990677862 -0.137704848877816 -0.110948893590651
0.0252494109424744 0.00758980831553665 0.137263331633383 -0.355497430883047
4.32467090964814E-05 0.0238253823263268 0.531381135667598 -0.0547187369677311
-0.0336119793329645 0.011175768867414 0.387566907973708 0.698547601507569
-0.0613234972839662 -0.0439121759856261 -0.448381846993012 0.812632121971802
-0.0465430921664331 -0.0377297733420092 -0.704464358217459 0.130597502980883
-0.0453307319205067 -0.0319427134542054 -0.0793306923497408 0.091476533426173
-0.0694716880445218 0.0211293030277662 0.710027961357368 -0.0359310397769064
0.00342957097127826 0.0347509773677078 0.494454713794723 -0.766557534491905
0.0399478814972153 0.00800645489256744 -0.432237443885688 -0.732962285841605
0.0294435511414066 -0.0266309002507822 -0.612476477591526 0.0643822773867599
-0.00876915831396888 -0.0348852534522897 -0.159618763642477 0.362803627426108
-0.00826770574798497 -0.0032825932449241 0.123256975899885 0.100633935838879
0.00314255104106378 0.0191743647430842 0.0869884407535246 -0.215232480548194
-0.0114629877298323 0.00219302291070867 -0.0844231152523574 0.190602920377322
0.00298918800032689 0.00802689589885155 -0.13689417106242 -0.109028813118417
0.0247289118369537 0.00810035396819493 0.136776946678605 -0.360483520155796
0.00173155751921424 0.0249204573933121 0.53177718531699 -0.0709008049508979
-0.0304587217772857 0.0133417396633293 0.403255870138406 0.68248926440712
-0.0610549202962616 -0.0430977615838004 -0.43186875788858 0.812969242347233
-0.0469086074580045 -0.038401757439712 -0.7039808960496 0.138654362461433
-0.0451090297465195 -0.0353220797063676 -0.0887710336637725 0.0889017303495136
-0.0701254814591255 0.0172170652590783 0.707187289014238 -0.0279642425757885
0.00387836915528596 0.0337108086401471 0.510814677894161 -0.763770081467314
0.0430430163338819 0.00931636608676253 -0.418556090108659 -0.748150478914994
0.0334138166399079 -0.0236767966227286 -0.610356003348318 0.0484268817066808
-0.00762944751665355 -0.0343592214029804 -0.162197470590856 0.358345033622617
-0.00998873199052039 -0.00298074927042209 0.122719796704642 0.10220653692801
0.00107564703999671 0.01869973999148 0.0889833832810694 -0.215040791431879
-0.0158470319930834 0.00140011003692958 -0.0820602391243617 0.191527450764427
-0.000508027638043071 0.00759374812131042 -0.136027289969628 -0.108314384650202
0.0239332851077029 0.00909694830257359 0.133749681567039 -0.363490472546741
0.00425981880381583 0.0289610221101607 0.532632800357268 -0.0851382470953427
-0.0274766797066531 0.016242669605113 0.414570911996103 0.666555573171479
-0.0607235099755908 -0.0420603228302389 -0.415436337632986 0.816432184992695
-0.0446661730474321 -0.0398610747003086 -0.706746428162367 0.144566763971546
-0.0405611421677926 -0.0365680278799874 -0.0974411918881624 0.0849245628358978
-0.0673427367284721 0.0138877153968508 0.702289910619389 -0.0217678857556528
0.00488623032143272 0.034038957885662 0.525723695466746 -0.758523983673358
0.0456531609805398 0.0122566730941847 -0.402711144730162 -0.76317849397084
0.0360819769332211 -0.0206300143291485 -0.610799251873656 0.0328344280593216
-0.00834844891392677 -0.0329047025866734 -0.164118369786734 0.356951967897038
-0.0127382725326131 -0.00341091158144405 0.121967879874379 0.105049091774406
-0.00389857232913171 0.0172204834704053 0.0901562383510321 -0.213457951105603
-0.022106013363094 0.00151663611955368 -0.0813122473706911 0.192037548584731
-0.00327716779159156 0.00757581375025149 -0.135670125900476 -0.107220483653862
0.0214288368573967 0.0112746438776398 0.131960952897323 -0.366651559658333
0.00575994863822637 0.0317357600193358 0.533831506551261 -0.0945326209124563
-0.0243027091629776 0.020120769027563 0.424676349932235 0.654443348117358
-0.0589105833434857 -0.0406978283878661 -0.404687206481006 0.81544555941357
-0.038835155920092 -0.0403066740182682 -0.70601276520101 0.144664542988747
-0.0339318825660555 -0.0373771343810626 -0.10388230832493 0.080700851891736
-0.0618189056634729 0.0135888027228953 0.700739974274822 -0.0180005568411873
0.00639957857921691 0.0349352621919806 0.535060242849652 -0.754166494971065
0.0470748482642735 0.0157562064676993 -0.388585872036237 -0.775638201081351
0.0366706266474852 -0.0164211014442089 -0.609096456235248 0.0245217711867212
-0.0100699275098641 -0.0309310691781658 -0.165876254410175 0.356209811004257
-0.0155819384862539 -0.00331014050442175 0.122372256876006 0.106871810857789
-0.00886004661370136 0.017546386362755 0.09314357134805 -0.2114510000346
-0.0288574073693968 0.0026745047105469 -0.0807790166439356 0.193816995522732
-0.00682433229378608 0.00789334667864789 -0.136254293777034 -0.105536436594674
0.0192357536020682 0.0135311108415284 0.135295054831829 -0.36635466884622
0.00733798254290233 0.0366302514588236 0.534063544360124 -0.0997350941864409
-0.0228927491467423 0.0233438381802519 0.429185419832659 0.649302560812817
-0.0561586517685324 -0.038010061850517 -0.398845688516604 0.814171915433983
-0.0323625303352281 -0.0404521547029884 -0.710938022159998 0.144640692594287
-0.0252264579608485 -0.0361822812078327 -0.107326739875898 0.0771545114470817
-0.055247346277003 0.0143001008720802 0.699032289752076 -0.0171733103381876
0.0081257387888465 0.0363587562749413 0.539935374354764 -0.754328674544564
0.0474017438784889 0.0203596090701437 -0.384553385258223 -0.779146987648523
0.0361118736582038 -0.0129295015784473 -0.609039308933714 0.0205341416802045
-0.0128429089072066 -0.0291728304936825 -0.166498324759824 0.356265143884066
-0.0204110866841927 -0.00409049817868897 0.121276439715914 0.109958898285336
-0.0146432644532585 0.0168738755331986 0.0927517139659927 -0.208243248113616
-0.0331885097690826 0.00273877086956426 -0.0818318475777812 0.1951078367854
-0.00979782328352286 0.00746380115917782 -0.135197805202599 -0.103435477832645
0.0173090365851984 0.0155554718528263 0.136090097460434 -0.364855600152304
0.00682850057821389 0.0395566302994096 0.535356215801983 -0.0936901525511057
-0.0211660520629739 0.0285768958163478 0.428166554765562 0.650780141125345
-0.053723295859058 -0.0372186944333097 -0.402275174890134 0.809168291505073
-0.025216696277971 -0.0383387044547674 -0.707556262285972 0.139496478242994
-0.0166683053473502 -0.0333391002656161 -0.107962836259188 0.0747976170170026
-0.0490864627827916 0.0156700406205705 0.696702114572938 -0.0192108901331866
0.00986894687128217 0.0377843497420953 0.538952967391759 -0.757680532042718
0.0471710996157088 0.0247269730900583 -0.383660905395984 -0.779257595029119
0.0353376718543782 -0.00863798598145577 -0.605826344991494 0.0227043358346365
-0.0159603284007651 -0.0281427050279825 -0.166571914700018 0.357459677663956
-0.0235060231311338 -0.00525276407427105 0.12003216104119 0.111363533444771
-0.0198142818219924 0.0164162651548207 0.0912726782154046 -0.206048725103444
-0.0378267482999326 0.00371968128784038 -0.0831201327128004 0.195881539636963
-0.0117752800247055 0.00770264752896696 -0.134329887646499 -0.10296404926655
0.0136918912445241 0.0165056984724394 0.138940213909572 -0.359938691747729
0.00579562414006764 0.0432807517946191 0.539444372314248 -0.0860353708701195
-0.0219632502535674 0.0317490565068873 0.422961352891838 0.657372539727367
-0.0514368192554707 -0.0353083950035645 -0.4098682518959 0.805186675797386
-0.0192594001815418 -0.0363139797707617 -0.707918436562168 0.134421771673219
-0.00963447900170743 -0.0306102748664435 -0.104374391952313 0.0740563739133864
-0.0424243421547558 0.0188006597840548 0.697909891995212 -0.0253263850410343
0.0115466774164094 0.0397394748253542 0.53046811294213 -0.76108794017773
0.0465894039485339 0.0281407000901435 -0.392044911559384 -0.774274855430565
0.034032000262501 -0.00631712098080118 -0.606149263948137 0.0317067284825481
-0.0185848740980862 -0.0266839778261525 -0.164835175188221 0.361076618617054
-0.0258304572260825 -0.00589015742675621 0.119538448704162 0.112626155828372
-0.023525840879947 0.0164017216883872 0.0893299071687853 -0.20345665412823
-0.041365508439925 0.00366634628331673 -0.0855099306357321 0.196334617229569
-0.013694224961402 0.00724681626451539 -0.134243880429444 -0.102303270356658
0.0116479347963221 0.0176556314763505 0.142418976926605 -0.354388530366957
0.00252160382043517 0.0451849132550404 0.540403673568889 -0.0722708444526884
-0.0243643656669737 0.0343986314831473 0.413128377121267 0.669609334351507
-0.0499271339778006 -0.0347030919751549 -0.423527071963399 0.805443111781937
-0.0140535496759584 -0.0335571137086079 -0.707358717291835 0.124168287755028
-0.00299758042745952 -0.0257616076687882 -0.0973720979468912 0.0731384427079124
-0.0378879712370301 0.0219013270904695 0.69816679623226 -0.0329511534038968
0.0116238155163203 0.0418214983642898 0.516225011290461 -0.765251631996515
0.0459027874642924 0.0298945275140778 -0.403384769040761 -0.761722500952196
0.0316901948630949 -0.00608822728955309 -0.607094637770822 0.043250814103815
-0.0199601549918585 -0.026690891363946 -0.164808572232659 0.363740565841779
-0.0266504313405757 -0.0052926276722489 0.118746045861137 0.111510756414865
-0.0251989272441116 0.0162180982354072 0.0845914411414648 -0.201527824572292
-0.00857536048226453 0.00213530998372987 -0.0877344091888457 0.190850834524209
0.00613070054986059 0.00820354594801765 -0.139315578311741 -0.110388392497593
0.0242914945180632 0.00687754105340589 0.13756112837939 -0.355539509412296
-4.99740823267907E-06 0.024651391106045 0.531143140568516 -0.057181209142413
-0.0334021986587763 0.0113108992190211 0.390189815463089 0.700140948283499
-0.0616091473613756 -0.0435331721935841 -0.447129005445958 0.813481510132779
-0.0454646869786454 -0.0369677625707163 -0.704584234032391 0.13430268670586
-0.0451009158195926 -0.0318026701224316 -0.0794178064251206 0.0919647690717748
-0.0692086739615152 0.0218673329970057 0.710111547693207 -0.0389097729919877
0.00276775690832908 0.0342934249188501 0.491827000634325 -0.770013424855812
0.0403620208839178 0.00755921407416908 -0.436264966642042 -0.731559296568056
0.0293444135616513 -0.0262085791079257 -0.613848547962801 0.0693269690642759
-0.00901535962214177 -0.0350290854409439 -0.157620435482077 0.364948520864678
-0.00864193484719765 -0.00365094092579752 0.124128866930925 0.101077519172978
0.00378572631201729 0.0189871018344691 0.0866458818110961 -0.215121682543278
-0.0112940005742896 0.00172103019861669 -0.0839330591477649 0.191300916825028
0.00328645328318755 0.00880061363725095 -0.138265576764609 -0.108840498361854
0.0246432140575656 0.00806644820327701 0.135017483880585 -0.361199498853913
0.00234689962147826 0.0269818236595968 0.532493735583587 -0.0740688800139377
-0.0314108232575351 0.0129068447757297 0.40644382073682 0.681691521553374
-0.0609882220714121 -0.0431864529226637 -0.429874331390641 0.815082184164875
-0.0465779809623339 -0.0377683263219149 -0.705057926406011 0.140868260644569
-0.0446981969737189 -0.0351333585746644 -0.0878677201088872 0.088437519722355
-0.0695662248304566 0.0187130011270277 0.707667606728713 -0.0303167182298016
0.00310905661594019 0.0337451872295332 0.508825700887803 -0.763649116087545
0.0437667475010676 0.0083931315436816 -0.420661766079346 -0.747125535776056
0.032563023419151 -0.0240448929191747 -0.611691190760837 0.0511222625389872
-0.00750781927416761 -0.0341904288628579 -0.160460478323681 0.359643997761431
-0.0100463125253094 -0.00247150407230286 0.123945421531186 0.103155331870477
0.00131542415758048 0.018671148333551 0.0890154905396319 -0.215196982190721
-0.0155388165445992 0.00105528270774772 -0.0827040776882021 0.191850436919436
0.00098825681089513 0.0088958553529238 -0.137916211076653 -0.107473941675098
0.0224188324967852 0.00884456070230739 0.133303472250516 -0.363420983327106
0.00449567608029643 0.0294391999908555 0.534051634613047 -0.0861037646775242
-0.0277025813613316 0.0150603901918635 0.418400214599785 0.666529509211294
-0.0604790242250826 -0.0421308816253066 -0.413915818384136 0.817491981455456
-0.0444876806381579 -0.0394085423511968 -0.708119997865864 0.146037506008852
-0.0411203994418888 -0.0368256872328457 -0.0976997960412812 0.0854379754088534
-0.0661083581606815 0.0149032773992594 0.704173796296927 -0.0230711547448449
0.00473492051374684 0.0334380002851088 0.52515306463725 -0.758580757147178
0.0457336177532018 0.0116002748880296 -0.40356058166732 -0.762706930640615
0.0353822311320695 -0.0206600007043999 -0.610038734013296 0.0360392218093571
-0.00891177314580826 -0.0328345527674338 -0.162805352592002 0.358829505101053
-0.0123347707996799 -0.00305148175902565 0.12212947308616 0.104898314257844
-0.00261385304578066 0.0178659837900376 0.0906221155583344 -0.213821473288334
-0.0217753469357215 0.0016169607791318 -0.0813915680841154 0.193657083983264
-0.00291979327144934 0.00909347840541364 -0.137212411545493 -0.105879727252804
0.0209431547278209 0.0117015619786048 0.132356553708286 -0.366245831261438
0.00599444354988692 0.0328930576951956 0.534722650823456 -0.0984308076169541
-0.0252824081470287 0.0195661432151222 0.428153569645119 0.654748484960315
-0.0588890909544107 -0.0399632099964954 -0.403889332876084 0.817216295609047
-0.0389991751186376 -0.0398723660597711 -0.707703508108307 0.147873315203896
-0.0341117278606206 -0.0368923221848958 -0.104451147679918 0.0817873694329895
-0.0617478886798369 0.0146323154858346 0.700631753876397 -0.0212904457378314
0.00615493362100644 0.0343383377368352 0.5325863133458 -0.755750147116635
0.0466226293650063 0.0154922053168183 -0.394062122349559 -0.774337550375053
0.0365444699630485 -0.0162868913464306 -0.610182610485539 0.0279739840785178
-0.011224454792687 -0.0309279442420285 -0.1636425571968 0.358088424286523
-0.0161126348801148 -0.00311138346179535 0.122448492976844 0.108423651549321
-0.00869846024410626 0.0180705634487689 0.0926987045753839 -0.21112310129673
-0.0286110714826243 0.00240211367676426 -0.0807849956472696 0.193266774338333
-0.00602795553838457 0.00783211336907958 -0.137835896500272 -0.103320502302695
0.0197123319277767 0.0136851942011693 0.132597285008877 -0.367314696544019
0.00701035723092038 0.0360986155781916 0.534554562792905 -0.101503854873028
-0.0230443106229178 0.0241535059899328 0.433996679183999 0.648302942589885
-0.0557615894158656 -0.0387613024270352 -0.397960802323665 0.815212865115037
-0.0326830436475757 -0.0389627525218162 -0.70816721119295 0.148401004781395
-0.0253053985737344 -0.0357237778387403 -0.108075782761829 0.0782726393241358
-0.0560547039091239 0.0147703651641538 0.699012878688626 -0.0189212444769457
0.00757897463214486 0.0363147606523608 0.537382308707945 -0.756128112433157
0.0476405441767972 0.0196524244127216 -0.387774748615515 -0.775842832152742
0.0375235591368939 -0.0124736902900162 -0.60785789216517 0.0243764881283628
-0.0137472146817303 -0.029009827696326 -0.164181856927908 0.359533947271536
-0.0201119626335987 -0.00346149594999169 0.121260115952239 0.109848465992247
-0.0140394324475415 0.0176956214811341 0.0935577459145125 -0.208784791758922
-0.0337400578459384 0.00275256351730548 -0.0820687505170368 0.19490253688999
-0.00922160908585102 0.0081340658790363 -0.136131708077793 -0.103145455058032
0.0171894395072715 0.0155055509566252 0.135808712473637 -0.365578032393567
0.00677468573146317 0.040294833179282 0.537030451931032 -0.0972015161960531
-0.0214295155965972 0.0278137650886838 0.431606161729659 0.649672831310787
-0.0535067535940719 -0.0368808480331095 -0.401408779755833 0.810834511388059
-0.0249422165032644 -0.0378937905893366 -0.709010400528742 0.141461410439315
-0.0169878165601874 -0.032807520141555 -0.10812934707665 0.0760687998672578
-0.0485519775669227 0.0167771598097449 0.698113320897419 -0.0229484791001644
0.0100389184518114 0.0379391097248561 0.535952347424159 -0.758646136586721
0.0477583855975741 0.0249181065060247 -0.38752431358441 -0.777714413296656
0.0361483764805266 -0.00894550416069188 -0.606267770067254 0.0269475081996904
-0.0168171343533931 -0.0273778699132452 -0.164515014616273 0.3605070417039
-0.0232727442660391 -0.00512983529894804 0.120781853191588 0.111156971519352
-0.0194529386409337 0.0159636688489018 0.0903079968145606 -0.205961985108303
-0.0377388302058475 0.00297589621011454 -0.0830055016361963 0.196248097536879
-0.0116321667992604 0.00817552351963124 -0.135393725972379 -0.102011538687216
0.0142096207410212 0.017606398297387 0.138990019851646 -0.361536134276303
0.00536026708080392 0.0429437519398674 0.541353898123752 -0.0890982492779124
-0.0212779292872173 0.0310499791448284 0.427229329066515 0.656878002098773
-0.0517182011956829 -0.0346971500308847 -0.405264204159847 0.808858401824896
-0.0196895788193926 -0.0355481145480635 -0.708787795637296 0.136335911989208
-0.00882697825868313 -0.0299705623132508 -0.104542653306682 0.074387412926067
-0.0425616702849163 0.019172770373503 0.698482473863344 -0.0280115659948637
0.0109617844987203 0.0404030553918209 0.527598589409226 -0.762490171689745
0.0466279014089888 0.0274407105861888 -0.394074483849863 -0.772590831542543
0.0340406177114056 -0.00756259692501646 -0.607298191696412 0.0351628980676609
-0.0192021604122017 -0.0271560880476483 -0.164434168589785 0.363140371432916
-0.0260542973190107 -0.00500479286429697 0.119459526372032 0.1131176344761
-0.0236397914503455 0.0165059489508427 0.08907608651489 -0.203026604700935
-0.0405890074000513 0.00338953410160846 -0.085688078194945 0.197111420854599
-0.0137403381423213 0.00784910609014659 -0.135466177815116 -0.101537760406384
0.0117716784764174 0.0170806540068349 0.141623491145964 -0.355006585648718
0.00260917639130726 0.0460413685708238 0.54210419504315 -0.0743030811759796
-0.0227339039906192 0.0334755468104877 0.416973430787286 0.670014587483566
-0.0507760949222612 -0.0349808375568156 -0.421690834077911 0.806108741594316
-0.0139940367985885 -0.0326413780407803 -0.708424943345722 0.126142822960135
-0.00321652727085914 -0.0263581132247733 -0.0976693392950791 0.075044878313064
-0.0380205786720331 0.0224027063895943 0.700452785926607 -0.0360647026974646
0.0122157110361863 0.0426714679396539 0.517475599283747 -0.76832357396233
0.0459315333929356 0.0297628670547108 -0.407359205959803 -0.760364219155649
0.0317880707512421 -0.00631041999183105 -0.6066797080964 0.0472960408182455
-0.0206442083821975 -0.0262885033574901 -0.162310062697875 0.366021644932817
-0.0268654418146358 -0.00531198751660239 0.119719283753019 0.112521477782601
-0.0249961170319836 0.017584625675657 0.0858220351249429 -0.201992820895634
-0.00917179742173001 0.00261246565269208 -0.0881808879103617 0.191243775994877
0.0072202728127253 0.00860199594790982 -0.141677871877118 -0.109077527276362
0.0254514799249879 0.0076729374297867 0.13582286069831 -0.356710442950726
0.000297691088420246 0.0248380859074742 0.534063761463187 -0.0598598852049476
-0.0339755910850548 0.0111669757129756 0.395966437818522 0.699537144496025
-0.0620056423086035 -0.0433825716486297 -0.445423861106787 0.817081562819074
-0.0452500310615839 -0.0357498798155802 -0.705467583645571 0.136734333169319
-0.044553441367198 -0.0317851463565525 -0.079606318373371 0.0937352077206215
-0.0693587025575981 0.0217034603191934 0.712044432481083 -0.0398736936397801
0.00335326256120148 0.0349800765033602 0.48968670395428 -0.772305266117116
0.0404376771759633 0.00788006973282605 -0.439970006249118 -0.729816193241893
0.0298493876223245 -0.0273780008477009 -0.613281399118722 0.0717225555994773
-0.0100657329183499 -0.0347565165365138 -0.155574911793423 0.36588183429385
-0.00774360690413563 -0.00296706688494789 0.124406045652326 0.101670892955408
0.00392083385584031 0.0190097760322935 0.0859153315540259 -0.214805454543902
-0.0109356473421213 0.000967588394224839 -0.0847256730307913 0.1910659636669
0.00490061737725651 0.0087969448389898 -0.139974109479128 -0.107904606564132
0.0248027720056006 0.00839832937104355 0.13468565657525 -0.361007360487694
0.00232078776616315 0.0275981509097155 0.535143116909869 -0.0760540784714491
-0.0313318758874983 0.0123370982595615 0.409715505317699 0.684134073687548
-0.0617536601512175 -0.0427156634770862 -0.427283837041161 0.819319438362121
-0.0454381185003835 -0.0372593228583941 -0.706415413111016 0.142973765887268
-0.0446665045761844 -0.034246189702395 -0.088839910427493 0.0895230525853788
-0.0695826099464941 0.0179578120011321 0.70941084475137 -0.0313336961246932
0.00330060616934518 0.0340641274706911 0.507361172565117 -0.767714180531716
0.0435991612137693 0.00881793619767046 -0.424476519057799 -0.74729555923313
0.0328963751845214 -0.0241800552448689 -0.612965879083158 0.0545518401059544
-0.00896975291125275 -0.0338842877286566 -0.158396887016014 0.362620749931491
-0.0103221843860801 -0.00252909859819762 0.124163964209213 0.103338438754522
0.00106099593538573 0.0189589936830579 0.0892697442159091 -0.214866925270851
-0.0159357153649872 0.000363924149545419 -0.0825246723717578 0.192650328015111
0.00119899216122693 0.00859007300878582 -0.139474886952962 -0.105657388749751
0.0234981424495377 0.00942974054079166 0.131527259298753 -0.366157688876794
0.00479000577991703 0.0300968308186704 0.535608959773571 -0.0890189142090915
-0.0287440773843628 0.0143595830617019 0.422036390782486 0.66817439715313
-0.0611323512898564 -0.0413615915577452 -0.412322507683222 0.821894958178763
-0.0432922581925601 -0.0380064937910879 -0.707173338266277 0.148663408921254
-0.0408777928325595 -0.036394185370932 -0.0976941906505765 0.0862474906021275
-0.066923680009045 0.0162090044474957 0.705662436148172 -0.0255063568079919
0.0051556345906082 0.033443629766495 0.521996990636732 -0.762201348152378
0.0454172361663755 0.0118544468194887 -0.408382810699988 -0.762083634258933
0.0354257718664572 -0.0213570244551177 -0.612277814287879 0.0398121469816565
-0.00933902108989051 -0.0323718486965378 -0.160471018632894 0.361091667984575
-0.0129656395894958 -0.00172603280838109 0.123788520345533 0.105454871808663
-0.00296526658203427 0.0176098111500184 0.0902397413109001 -0.214316265325529
-0.0217017804102219 0.00128123960689305 -0.0815994078398968 0.192910137415705
-0.00291665702379523 0.00876026745943506 -0.139104074578663 -0.104743132040706
0.0217429139917694 0.0116724080395411 0.130087644356545 -0.369183134510033
0.00618406120421997 0.0333644899165065 0.535604384940602 -0.0995023515172317
-0.0247891078752545 0.0186537202048321 0.43035778877233 0.655708143033746
-0.0581665284709351 -0.0400987299837108 -0.402061919148862 0.819592381127104
-0.0387650092828344 -0.0400462977848781 -0.709037772596354 0.151077784871863
-0.0340216894759649 -0.0368997341710683 -0.103334585431777 0.0821483494810023
-0.0618915470151123 0.0153736431556564 0.702551089433414 -0.0227418108081984
0.00628389711756199 0.0342246278516111 0.532973892151252 -0.758668853374056
0.0473221629804862 0.0153309629939835 -0.398419655169631 -0.772635218395145
0.0367205937739161 -0.016538344192578 -0.610497394527173 0.0311963742240707
-0.0113480179001913 -0.0308255633413334 -0.162252896217295 0.359864490471792
-0.0158870267134472 -0.00343144420481419 0.12251676369996 0.108408370627412
-0.00811442576430234 0.0169443490445373 0.0924634734170039 -0.211344342500313
-0.0281537046916208 0.00262141227299527 -0.0808206790427518 0.194002550886232
-0.00616513206572164 0.00887746423950668 -0.139009352072201 -0.103000211730958
0.0191477593324587 0.0141190369977795 0.133404898378225 -0.369277888900739
0.00729590147065823 0.037576419708247 0.537803934964942 -0.103621352699319
-0.0226571286981325 0.0230368213168349 0.43699723523015 0.648548202175444
-0.055638987774153 -0.0386845586701461 -0.396545302376047 0.817361329997331
-0.0326893447810687 -0.0386848038717739 -0.709798397932475 0.149181948510667
-0.0256526985244607 -0.0354428617460905 -0.107720377171742 0.0787926845353257
-0.0549643043051472 0.0156153542368648 0.700983687224564 -0.020130897949972
0.00770978395681441 0.0355950181358716 0.536978109176688 -0.758103432087846
0.0474975947916259 0.020447970618559 -0.391784072889859 -0.776912540091189
0.0366414767550155 -0.0124514811573022 -0.609053688385588 0.028142997787543
-0.013913717249711 -0.0289201418357838 -0.163438340324818 0.362205305316369
-0.020499463319334 -0.00397551970570465 0.121995516346327 0.111039940984377
-0.0141421310209067 0.0170656817422627 0.0931956214997339 -0.20961002522242
-0.033734392598376 0.00246588085746032 -0.0815566362521451 0.196178444577135
-0.00822994185711848 0.00802312952971476 -0.13766497053366 -0.102408065946519
0.017454173122182 0.0152434653520716 0.13413786418233 -0.366318581390371
0.00700648176167571 0.0409704186434299 0.538321618550335 -0.100437126645336
-0.0208129994146399 0.0276633916129457 0.43617590402616 0.649802377131807
-0.0538170961822048 -0.0366339740311581 -0.398571875719598 0.814592826504342
-0.0252991458818417 -0.036835033554459 -0.709812173087476 0.142876029292265
-0.0165941136836193 -0.0335232592924165 -0.108237978156998 0.0761172100288113
-0.0493500132092807 0.0172793284182206 0.698540409975604 -0.0227376509030018
0.00983072197794305 0.037990050308189 0.535818981349755 -0.760176565604149
0.0473403849726912 0.0246263122583546 -0.391188784654139 -0.774962962078723
0.035834246905433 -0.010181779221181 -0.60942658202118 0.028988684928348
-0.0171588722462674 -0.0274014045450057 -0.16296010906701 0.362150756224709
-0.0238528361749417 -0.00468362557653578 0.121691733313277 0.11274272964305
-0.0191661182684562 0.0167569092889969 0.0910289241614416 -0.206121265764337
-0.0383581991351233 0.00326252511977331 -0.0837264042943549 0.197089008782701
-0.0109137861881514 0.00859976657805642 -0.136565603800692 -0.101486050949556
0.0145575491266146 0.0166218474676677 0.136633798873671 -0.361593214099125
0.00570286947242812 0.0443555148180665 0.542235059676893 -0.0913787763784247
-0.0217960510053277 0.0310461099386105 0.430395387085407 0.65740506004372
-0.0517585577417299 -0.0342515752583885 -0.404958626169298 0.811653487511122
-0.0184412555141126 -0.0352644994113059 -0.711216181247023 0.138372605201675
-0.0089880652614041 -0.0303516517195689 -0.10416821451816 0.0748885627247547
-0.0423213256037337 0.0197548002650578 0.700282477581553 -0.0298956556267299
0.0105451145188999 0.0403623194260453 0.526382103465511 -0.763266638161211
0.0475988920604061 0.0276076606214542 -0.398921673717129 -0.771033167999548
0.0338305396787247 -0.00724855945106452 -0.609198196534845 0.037456017584728
-0.0193228232079187 -0.0272063352528028 -0.162658195408963 0.364719428185739
-0.0264747357868196 -0.0047639943356188 0.121423235836781 0.114046046273624
-0.0231241912014044 0.016542577122297 0.0889384261965476 -0.203503882621159
-0.0401387294614988 0.00373523475049639 -0.0854416817034945 0.197278120365536
-0.0128044520562367 0.00806345491199825 -0.136664423574777 -0.101097649632138
0.0118419913659231 0.0176048559520563 0.140708268025441 -0.355830721458215
0.00317381558622334 0.0452285111914316 0.542430641117386 -0.0774221861321142
-0.0238643309298182 0.0331222138243308 0.421147919981986 0.671390664815374
-0.0502072871543181 -0.0343730315896137 -0.419693287653432 0.80683407106286
-0.0136641571572622 -0.0320574680227801 -0.709124717596809 0.129281727018261
-0.0032756396188993 -0.0257479503234543 -0.0983971612359466 0.0751288215425883
-0.0378694047042156 0.0231913813751726 0.699827716466298 -0.0382801122954213
0.0124620481823015 0.0425291679583039 0.514353888142182 -0.769541272039084
0.04602376829683 0.0293273245524813 -0.411231433592645 -0.75948849252098
0.032037917913737 -0.00579048991992266 -0.608172981354668 0.0489743428876404
-0.0213395595306184 -0.0261311939107822 -0.161337816408744 0.367415759756672
-0.027421709517531 -0.00456460837808889 0.120977090892715 0.112749330100806
-0.0249971827607297 0.0169412466264247 0.0849437433554151 -0.202294477113543
-0.00920825691299066 0.00182922093832982 -0.0885624167776952 0.191230216434469
0.00772132759265649 0.008511791579366 -0.142577151274769 -0.108599514055381
0.0257579375885266 0.00733215252084252 0.134386523515361 -0.358330123138997
0.000457340798321076 0.0262928818163453 0.537129017983317 -0.0634752703235175
-0.0343401985888978 0.0103796797767174 0.401173896589509 0.699679045485265
-0.0624563873291925 -0.0432647601820962 -0.444369936105085 0.822093408170588
-0.0449420207331901 -0.034905638618398 -0.707335571787424 0.139253144764625
-0.0450253990169325 -0.0317310106347568 -0.0789740578143929 0.0938180679560013
-0.0693866696101589 0.0231052989656309 0.713620257832065 -0.0427512607553131
0.00242219806021285 0.0352032412030505 0.488704398738097 -0.774979004921742
0.0408654810932931 0.00730459902428204 -0.444567286236289 -0.72926290838003
0.0298163187317715 -0.0269430480156086 -0.615142272259033 0.0746002518499952
-0.0107342948458222 -0.0356239808506608 -0.154259719311718 0.368976413705674
-0.00883945773338634 -0.00206379732249697 0.125852268912263 0.101941599894869
0.00357374887026855 0.0193229025112084 0.0861829902316572 -0.215044811216169
-0.0113771158699377 0.00169707210155837 -0.0846996214397042 0.192078679721353
0.005794132297593 0.00825542701133579 -0.141917625480882 -0.106749709170596
0.0250606343308095 0.00858762453535168 0.133803690628648 -0.362969724728349
0.00266736129911648 0.0274684158810469 0.536816218672699 -0.0782768306330232
-0.0308349873011634 0.0124453035175613 0.416104003421875 0.684434784505308
-0.0622148526447407 -0.0424435465526683 -0.427282530673981 0.82191110616326
-0.046388561704972 -0.0374626255013742 -0.708126989322572 0.146084753133482
-0.0447937863914444 -0.034000301194424 -0.0882009722923212 0.0906157010093607
-0.0703516147290569 0.0194228917264193 0.712135344228718 -0.0355409172413233
0.00331572225331316 0.0342482497071844 0.505114853233825 -0.769468609930179
0.0431987956751184 0.00839494004291948 -0.428496282683997 -0.745168642985719
0.0327824633304286 -0.0245616068153242 -0.614777122909452 0.0590530325874893
-0.0102562935615929 -0.0337914893775987 -0.156606029923194 0.365409953056726
-0.00992797583984442 -0.00227491835289574 0.125587850529519 0.103853209588374
0.00148441574444643 0.0185372202119 0.0881159388865021 -0.215961351743754
-0.0158714922100888 0.00105188031968735 -0.0816664948619846 0.192733709646069
0.00202133041207956 0.00901869852870303 -0.140978617472358 -0.105797257349175
0.0237781628641174 0.00954251733775589 0.131417471062649 -0.367040965624107
0.00513170523478175 0.0299747716208741 0.537436460281714 -0.0928931743337735
-0.0279893306147903 0.0150660922027827 0.428430299190355 0.667382944494564
-0.0611194558333281 -0.0419854050397107 -0.410122532136752 0.82576133229855
-0.0435547694272174 -0.0382562493067075 -0.711157131666089 0.151214041675836
-0.0410664425905632 -0.0353896344596954 -0.0980014693015452 0.0870813689779067
-0.0666596372522809 0.0169194925935013 0.707197102488639 -0.028349487212237
0.00435531974410059 0.0334689008736986 0.519669436588439 -0.764496796680645
0.0460039299212349 0.011652430748006 -0.414595587965533 -0.760322107418304
0.0360760977534122 -0.0212569402027561 -0.613951836350203 0.0427339896558501
-0.0109917855878437 -0.032206732791738 -0.159731864697797 0.363165813307286
-0.0123309961392023 -0.002099361930091 0.12524038001366 0.106093596903191
-0.00272619497845014 0.0177747548909466 0.0900374577836901 -0.21433742413424
-0.0218143894565473 0.00138489675861768 -0.0814069334211786 0.193833733363496
-0.000973982762869988 0.00910397194649222 -0.140623692683826 -0.10392690763905
0.0221430089857219 0.0113491681337632 0.130471043382876 -0.369381620523847
0.00666104344759711 0.0340114610442523 0.538399352101619 -0.102739159655811
-0.0255373102476512 0.0188183585677381 0.43644579065611 0.654625154065708
-0.0588254583190748 -0.0398985181839215 -0.40084565008389 0.823530780571425
-0.0383517830897397 -0.0380441444075287 -0.711930922112169 0.153733286570238
-0.034104612236251 -0.0361785084645221 -0.104306798422034 0.0828428077950381
-0.0620818157331208 0.0153744816943775 0.706214635316224 -0.0244958163328838
0.00634831244104737 0.033739429561859 0.53077754077172 -0.76201394842734
0.0474533663056073 0.015553654320878 -0.401771604480621 -0.77150538066233
0.0373347672359506 -0.0172889556592247 -0.612388772912614 0.0333787228576242
-0.0123282643057509 -0.0304989514820115 -0.162331301026313 0.362045017304721
-0.0164037657231485 -0.00288668170169329 0.124529773298535 0.108690998535693
-0.00779562644978674 0.0169911319789043 0.0911135875547771 -0.211821080212272
-0.0277961643468302 0.00255636782925013 -0.0810766309375135 0.194951683408355
-0.00490711587598481 0.00914328524970814 -0.1409509654202 -0.102607591655873
0.0192501644294279 0.0135575889195785 0.131752637920888 -0.369944379870591
0.00701428749535784 0.0374917667100731 0.540320755382669 -0.107873236354416
-0.023178290604131 0.0226922243723381 0.442682100911974 0.651107403765963
-0.0566232069994222 -0.0382179957507037 -0.395245354191511 0.820806554859592
-0.0316375073066367 -0.0378521594450988 -0.711913370669827 0.151511816113171
-0.025881144005467 -0.0354341756869693 -0.107832728846433 0.0796127824750714
-0.0554893132193846 0.0159658308852036 0.702721583141413 -0.0240909283854971
0.00776615376755346 0.035754037264676 0.534663396585516 -0.76125652048173
0.048039796608111 0.0198328810883135 -0.395314873818225 -0.777052745810431
0.0368876042593349 -0.0130155140896071 -0.611303049201558 0.0312211356599491
-0.0148823821565206 -0.0288061659024534 -0.161374610294022 0.363359574601102
-0.021184363227976 -0.00312037558056033 0.123285449982876 0.111603697235128
-0.0139115488300287 0.0172167405013167 0.0927300205092838 -0.208680388580957
-0.0337084857232578 0.00274654641984898 -0.081621631942135 0.196307725948354
-0.0086607742937405 0.00877896318558809 -0.139425764106275 -0.100907791220506
0.0170731017294046 0.0160616493627212 0.134640148956805 -0.367806564824741
0.00726669613696531 0.0413180471755413 0.541182573463275 -0.102392005537554
-0.0218786019615083 0.0273101854422956 0.442841292115166 0.650798206567962
-0.0538589327156377 -0.0367099619605007 -0.396096788667731 0.818464587432939
-0.0242168574728403 -0.0359593513467434 -0.711891477717311 0.147065338295671
-0.0173225098456369 -0.0325374709619413 -0.108334262848536 0.0773950791270351
-0.0481756037733769 0.0171657609045864 0.70227172944827 -0.0282005570486446
0.00973483726733122 0.0384951776236733 0.532923378609868 -0.765206819572775
0.0475620832168186 0.0239864880852405 -0.395205462975825 -0.776659074612873
0.0358160063825537 -0.0100640522785565 -0.611771593914522 0.0332224654728894
-0.0178072588421608 -0.0278815603846935 -0.16232181914709 0.364305028886191
-0.0239298907764714 -0.00340849960582896 0.122406731874534 0.112696431014101
-0.018907155922151 0.0175234162357522 0.0911518834660009 -0.206841177934394
-0.0390664111321843 0.00348515129226167 -0.0840465921537716 0.197303581184093
-0.0103055808932943 0.0083783600954585 -0.139082327633769 -0.100007305775743
0.01556898824275 0.0164820154011159 0.136374624562493 -0.363699060371284
0.0059155720404575 0.0443401579319011 0.544079369258644 -0.0952217973570405
-0.0225313004381749 0.0301405937192557 0.437245928343995 0.658424863638342
-0.0513287959168481 -0.0358205225382661 -0.40721684652678 0.81499010934366
-0.0181148563387402 -0.0346132819146203 -0.713102914296229 0.140813964037004
-0.00936585339424986 -0.0299903104874839 -0.104593188854162 0.0758672236635678
-0.0426945247851295 0.0197732254538678 0.702558249287864 -0.0324074543138779
0.010657932047619 0.04001155094321 0.525712067000123 -0.76930485348699
0.0479432392206604 0.0265529512389852 -0.404955714722996 -0.77009393956136
0.0335705024623112 -0.00758389662238843 -0.611679886570873 0.0420242430895829
-0.0201746070054135 -0.0268146795307622 -0.161648493831841 0.367030876963517
-0.0263561408369912 -0.0041724898686977 0.121133716995561 0.114369867300757
-0.0234678907308557 0.0166163112329142 0.0886566583834308 -0.20368641444071
-0.0399422260490134 0.00509445001085261 -0.0854206934919722 0.197766568597235
-0.0120226891504993 0.00811916519953221 -0.138641983533461 -0.0994725308836711
0.0120290730699203 0.0175411919501611 0.139542437048874 -0.357493807451509
0.00295049298458162 0.046237602573742 0.544999406681096 -0.0786442065486294
-0.0244564783676405 0.0331969045664549 0.426100795150042 0.671649009155446
-0.0504019209544194 -0.0347285410496308 -0.418185333898589 0.813149629311562
-0.012216785031033 -0.0319506174852384 -0.711758964158706 0.130665952814225
-0.00363277699628566 -0.0260761969004114 -0.0987949212016694 0.0768658211200378
-0.0378416616148679 0.0236100967746665 0.704072308947914 -0.0394136355027989
0.0121503486307476 0.0422628599183171 0.513645837134951 -0.774253417677038
0.0470954854403008 0.0288326401272682 -0.417337801908391 -0.758794219281666
0.0315840217331708 -0.00645863503400193 -0.609990872006701 0.0541084617448758
-0.0225325361417996 -0.0256369867036716 -0.15933027205421 0.369942729093383
-0.0282329320878988 -0.00501114526557189 0.120931873387849 0.113469229756803
-0.0246527165016704 0.0165224280350703 0.0845859496965355 -0.201795262129286
-0.00862487722132109 0.00186145180338942 -0.0885467468846555 0.192610477823914
0.00878478170326765 0.00903888119400878 -0.143486503675461 -0.106944086505345
0.026411648802602 0.00678216068583905 0.133635952356808 -0.360563762083198
0.0012853211798521 0.0267388670111237 0.53876086098574 -0.0660910479398538
-0.0341898774386589 0.0110793831218432 0.406188146112536 0.70157428552286
-0.0622859097606035 -0.0434090064034727 -0.442370424824633 0.824664197976771
-0.0448104235676753 -0.0350269831812555 -0.70972046280813 0.141752503995161
-0.0453583682085339 -0.0310080995659446 -0.0789381491083015 0.09575913573404
-0.0693033382696143 0.0230108580995554 0.716717390194811 -0.0460488581497275
0.00411932912827746 0.0350884925558476 0.486289057392049 -0.778886522042585
0.0410182904598762 0.00816427012759127 -0.450275007726828 -0.729356424701401
0.0298963737007829 -0.0280981407585366 -0.617441937041314 0.0802483182891723
-0.0107434907670381 -0.034810352362199 -0.151453389099588 0.371946808369586
-0.00915560305975991 -0.00195914134916544 0.127019709785334 0.102472412481173
0.00360461882069522 0.0188234746622758 0.0855957130377735 -0.216213908229914
-0.0115207029915468 0.0013827952743562 -0.0847431544510182 0.193489080859112
0.00627386332943884 0.00926244804550918 -0.144048408911574 -0.105596186543454
0.024395558132666 0.00796791969546546 0.132622264172049 -0.363538327264571
0.00344831737704769 0.0291565464417829 0.539226883201962 -0.0835107006984939
-0.0315553845005774 0.0117954931396728 0.420932254904404 0.685698002780614
-0.0624447318147256 -0.0431166522743216 -0.425722883806867 0.82826470436733
-0.0452875093307049 -0.0360838831788294 -0.711726517213655 0.149621449193951
-0.0449419586278471 -0.0336600367031092 -0.088402621624414 0.0921229321848648
-0.0695833582606016 0.0196188580783753 0.714040343078784 -0.0394177663286502
0.0041658394730081 0.033803601284743 0.503821712748298 -0.773730379392588
0.0437331018342345 0.00903868985137228 -0.434110579120675 -0.745260177962028
0.0329594564293515 -0.0248079225408766 -0.61795683490856 0.0619057555875357
-0.00986208947874109 -0.033875381059734 -0.156667063919239 0.367782810793515
-0.0109013288897016 -0.00212709701898774 0.127000954776554 0.10388060073221
0.00188244376421364 0.0185687776781985 0.0878342681630282 -0.21715929665294
-0.0165362279200708 0.00140980881233121 -0.0820413525594769 0.194352065362766
0.00320057108725965 0.00955196038570073 -0.142377885329299 -0.104121594798593
0.023397322680261 0.0101000876530989 0.130559838294962 -0.368814010695549
0.00539941603736892 0.0313339249123702 0.539249912293506 -0.0965318668262585
-0.028360052631729 0.0150732676557236 0.433902478887117 0.671899364703699
-0.0619957987746567 -0.0412557439611544 -0.40742718184373 0.830410455303519
-0.0427292905861422 -0.0363590463917204 -0.712080960131368 0.155186423564202
-0.0411977246584957 -0.0361251197589548 -0.0973458547024011 0.0883082401676469
-0.0671504908146567 0.0173323480405728 0.711367632237482 -0.0326717071509908
0.00448577329659256 0.0334659963453596 0.518913289680368 -0.769685095337036
0.0463580954707667 0.0113248260692952 -0.420106256660538 -0.760669644719224
0.0357449654426798 -0.0221205270520847 -0.616470261336187 0.0473745024260429
-0.0113908602028553 -0.0325175039484454 -0.157265750308179 0.365903481076455
-0.0128260591722724 -0.00177771401827548 0.126347947839288 0.106758030591169
-0.00281931224506777 0.0175900132557782 0.0908387752401546 -0.215227837731165
-0.0223012591363929 0.00093727499994032 -0.0814015602795754 0.19549142377244
-0.000756118117344088 0.0101794437317748 -0.142875226446389 -0.102204729326027
0.0215109238641887 0.0114873174048108 0.130648734194651 -0.371472703015811
0.00693437340581654 0.0347737093477859 0.540202169838897 -0.107685342127707
-0.0256524240236674 0.0178244243010547 0.443369370090602 0.656185769007866
-0.0593856088358814 -0.0407033986172147 -0.398797538640268 0.82974474847458
-0.0378543000878106 -0.0372632353322129 -0.71430002421703 0.15507301569941
-0.0340437324737793 -0.0359923862450411 -0.104515147213468 0.0844683935303614
-0.060939020092208 0.0168033004126317 0.708153085896038 -0.0284522448187664
0.00697543344183349 0.0344670898872275 0.5304338123728 -0.766706034164278
0.047715485118224 0.0156253815913259 -0.409295081306018 -0.77384005695182
0.0374923609998246 -0.0169852433287487 -0.616057852664466 0.0371010669349429
-0.0131580730062895 -0.0298021802248046 -0.159255091037144 0.365346964230767
-0.016487495318318 -0.00192891939996045 0.125476478533377 0.10931465185079
-0.00729895380655567 0.0171550817684734 0.0917606920969007 -0.212778351795614
-0.0282016022099399 0.00192318350420898 -0.0811462271976863 0.195948363823098
-0.00436467058294045 0.00860681713987241 -0.142091238286321 -0.101514998329429
0.0196271814440712 0.0134344274469146 0.13016242679203 -0.371792115038586
0.00807883052952567 0.038248853508077 0.540609655468681 -0.110661951523288
-0.0228518422969372 0.0231120507191673 0.448642970316532 0.650488812337662
-0.0570558896266035 -0.0386885304351954 -0.392913496957543 0.827786101630995
-0.0310133130309572 -0.0369772256185329 -0.714561182141517 0.15538306733662
-0.0261498441586241 -0.0349761657381986 -0.107682449903179 0.0817748280406014
-0.0550218066410443 0.0164938974539756 0.705496713134117 -0.0275663450237895
0.007824313472973 0.0356043449510502 0.533276588921353 -0.766644847606804
0.0480929798565729 0.0193307914896585 -0.403385773811218 -0.77605134610257
0.0373066600684751 -0.0135785887301264 -0.614254467783151 0.0340764896950503
-0.0156942593552559 -0.0283669532056954 -0.158458234989988 0.366085639171588
-0.0209413625564532 -0.0032804652544779 0.124155384094794 0.112244957778408
-0.0141786592138092 0.0168050546508746 0.092802462198536 -0.209102402619152
-0.0340850548729395 0.00271345130104632 -0.0817152938554119 0.198237165562287
-0.00742482128273669 0.00888239309249558 -0.14175616239722 -0.100310172633908
0.0175528997638577 0.0153801413560124 0.132865005583566 -0.368701648117585
0.00753400011763818 0.0417135387846961 0.542554595248534 -0.107964237172387
-0.0216698836714602 0.0269799061373603 0.448404724328369 0.651374553791153
-0.0545444425095944 -0.0378154241167833 -0.395796542221199 0.822832729172462
-0.024186714841213 -0.0362940177329298 -0.714948376872656 0.150147327028799
-0.0165621054170231 -0.032860405198487 -0.107717327526903 0.0786016999399935
-0.0493375961691566 0.0181160717045432 0.704620767420584 -0.0315644366519284
0.0101015607228424 0.0383314603333176 0.531455504216364 -0.768058010234302
0.0482346573752158 0.0235817816788024 -0.401283979203498 -0.776178522206583
0.0361333130805929 -0.0103580565384749 -0.613037985126003 0.0370555682904628
-0.0183618669859919 -0.0276156236492261 -0.159758039987027 0.367658565212469
-0.0244243279825819 -0.00351087784084976 0.123468670904426 0.113700030315798
-0.0190264721773265 0.0167755897689468 0.0907284063561272 -0.207633392450198
-0.038103983268128 0.00342326593318135 -0.0838443656673647 0.198402463535991
-0.0103192982148704 0.00921583171347525 -0.140592263654514 -0.0992873969221673
0.0152430688952112 0.0158973381283582 0.134834186350257 -0.365195870086567
0.00645508865059407 0.0450845804904438 0.546982716021315 -0.0993533623564001
-0.0224133191837603 0.0300816421207751 0.441089560653262 0.659975497442
-0.0516699918539113 -0.0359922139641717 -0.403157069877697 0.819649004854579
-0.0169401784081156 -0.0339011235097998 -0.715161239933529 0.144052345001468
-0.00913641326505142 -0.0288490004355303 -0.104478859037565 0.0767420991476437
-0.0423348161748864 0.0206632445836809 0.702801501475942 -0.0346534560599156
0.0114021982175659 0.039882769100046 0.524457059879498 -0.772984216244647
0.0477784948220115 0.0268034802355006 -0.409827486916505 -0.771255044958318
0.0343845498889257 -0.00804438960292629 -0.613424656767525 0.0457290678602685
-0.0209749183998628 -0.0264822652486857 -0.158147235871385 0.371244375613796
-0.0269934996933449 -0.00457235521806293 0.123357210968259 0.115028528384309
-0.0223330883533362 0.0169134004593522 0.0888218633984118 -0.204635840336868
-0.0399388576939033 0.00390438571723641 -0.0855192704408469 0.199276737777632
-0.0116414133524079 0.00804772444587389 -0.140492116220217 -0.0989197177148274
0.0125810461999053 0.0167553328485688 0.138513241280937 -0.358971432300798
0.00390548079135355 0.0471490009114673 0.548267338230066 -0.0845060184831564
-0.0253859267867161 0.0326950879146004 0.432257369700766 0.67361604376328
-0.0500734778173454 -0.0348531252478571 -0.417798737453039 0.817566104926095
-0.012091662983099 -0.0313470763228295 -0.714652381707973 0.134422792275387
-0.00384840419282497 -0.0254609929349112 -0.0973449575689062 0.0774830747092201
-0.0374681051390242 0.0237476893733248 0.705896988454216 -0.0437300113630775
0.0124642873873931 0.0422719049114049 0.510754465933873 -0.779166680508156
0.0467825035260441 0.029091428816745 -0.423287926428233 -0.758904148255132
0.0320774472811763 -0.00715977141658698 -0.61310906661907 0.0573476157373577
-0.0227702140762908 -0.0261728082227447 -0.157423815295688 0.372873831512071
-0.0280367164707873 -0.00427165307866133 0.122594094602321 0.114558970942559
-0.0251394416193853 0.0166957005753426 0.0845821219992023 -0.203436538451985
-0.00968497948390838 0.00128183484725038 -0.0882819233037397 0.194304244645757
0.00928296496974125 0.00906532372160884 -0.145910118685227 -0.106113395439144
0.0265607319441177 0.00674163800609814 0.133419329549334 -0.363830554423679
0.00145741179013064 0.0273646137314291 0.541720778393876 -0.0722230345485983
-0.0348036782783131 0.0105403772363545 0.414371124949592 0.704153810060276
-0.0625954485530807 -0.043924821451199 -0.440743017453081 0.831940202870977
-0.0443591315288995 -0.0335624000833913 -0.713432224203637 0.146185543440835
-0.0458804923210822 -0.0305581376110511 -0.078826335567074 0.0967895555264853
-0.0694673026955441 0.0245350668708452 0.719318461590962 -0.0518842087103575
0.00384457571744459 0.0354096252499567 0.485483170893993 -0.785705184221549
0.0412548624840703 0.00671730237936401 -0.45743096652923 -0.729609789931768
0.0304285294811694 -0.0283550153115022 -0.619458412904066 0.0833884107949713
-0.0120494146045942 -0.0338820413969743 -0.15022029759223 0.375446978503062
-0.00961972201182787 -0.0018505434018489 0.128776090803323 0.102622417551484
0.00366285708522532 0.0179793844560898 0.0849088179619485 -0.216998233575981
-0.0118705697768176 0.00124793959902232 -0.0837994011881538 0.194662074629446
0.00664605692965092 0.00930395140115127 -0.145781446909332 -0.104644927090093
0.025383078196591 0.00772353434966584 0.131792080217512 -0.367647449074072
0.00427940650448913 0.0287956984160924 0.541961044000407 -0.087410363411028
-0.0315426375157365 0.011098041617493 0.430509184879321 0.687064495291107
-0.0620667201110458 -0.0426997318412312 -0.42321028452937 0.834359555975471
-0.0451654470253761 -0.0350663325364523 -0.714063405057226 0.155030852680654
-0.0455472411629809 -0.0334231720365862 -0.0880098212687963 0.0928489664183988
-0.0694483050003944 0.0212401757889425 0.716181557388818 -0.0435613835591023
0.00448766673995842 0.0345244278261559 0.500513181637617 -0.780015352264135
0.0433722669155523 0.00784357469684343 -0.441371386124652 -0.744606682913612
0.0340290299045265 -0.0258640740368234 -0.619407510669502 0.0671379712821642
-0.0110729459206497 -0.0329282261342707 -0.152632406146602 0.371370002515047
-0.0107756540318814 -0.00121737376888048 0.129117833381844 0.104171065563221
0.0019174612815923 0.0182788063693566 0.0877560925074105 -0.217049520648533
-0.0163840174497039 0.00151953509145813 -0.0824751278981282 0.19495774303502
0.00364515992514879 0.00970878039619884 -0.144351140107605 -0.103300216606835
0.0236379424066258 0.00935652747790988 0.128298622703024 -0.371545284936293
0.0058648336290418 0.0313954312569539 0.542052604059216 -0.102118518343765
-0.02869907070696 0.0142697195599908 0.440921703666273 0.669676517724415
-0.0618577908154642 -0.0424323456837602 -0.406930183753372 0.835884711070371
-0.0433702697892838 -0.0361312363166441 -0.714305532058277 0.160309023494644
-0.0409113206121167 -0.0356133581055101 -0.0970509591381149 0.0893498503229065
-0.0672127615670509 0.0177234602716149 0.713401352581656 -0.0369333338408498
0.00529187496003644 0.0337265444119868 0.516720932337362 -0.776054680689493
0.0456270617072974 0.0109132700216537 -0.426513393601228 -0.761466835884684
0.0360567115200174 -0.0227981246333868 -0.619871356440329 0.0523671037361026
-0.0126055356645541 -0.0321840947681814 -0.155931896302706 0.370019528044191
-0.0127174566501923 -0.00153744875999925 0.127732366341826 0.107193913740012
-0.00204098129682211 0.01775014866789 0.0898177255259133 -0.21646606710674
-0.0214879252616027 0.000987249809234536 -0.0816112203225188 0.196335974320778
-0.000623218564214788 0.00962781930630482 -0.144484898756382 -0.103151395855145
0.0225291281284207 0.0111852134287015 0.129204146816469 -0.373810828293181
0.00723402589515732 0.0355151869133701 0.542688713236945 -0.112276498798098
-0.0257388863112308 0.0175056854010883 0.450006710855636 0.658497114595467
-0.0599228016358228 -0.0401535965048314 -0.39644563969552 0.833349020644503
-0.0380579362069973 -0.0364937906502354 -0.715469389908845 0.160113831882217
-0.0348672603751353 -0.0366483054287067 -0.103601959853346 0.085452572181349
-0.0617518904463687 0.0176144900002941 0.70997190197321 -0.0333624838358736
0.00694875042647702 0.0353585536971346 0.528015421550847 -0.772975941099064
0.0485925694303819 0.0144782256800694 -0.416613625838908 -0.773748983306585
0.0370350255711339 -0.0173085051904075 -0.617528863722913 0.041948311009025
-0.0136441471757477 -0.0308259965333011 -0.157778611535424 0.368618216881506
-0.0172197699693806 -0.00208440254572859 0.126695832339222 0.10986306566481
-0.00764541586677856 0.0172881160709668 0.0913581399777025 -0.213541244701558
-0.0289731395624418 0.00211701190791612 -0.0812763355201906 0.198021362244391
-0.00309291377144358 0.00947514275161107 -0.144234317009887 -0.100611291233853
0.0206685789793901 0.0136774658327941 0.128362408038194 -0.375718332488541
0.00921299852383087 0.0382108585108679 0.543560622809727 -0.116447081970382
-0.0233045743900285 0.0230229696494074 0.456085044089613 0.653430658732577
-0.0575447513690336 -0.0386208025723889 -0.390069828942013 0.832297993637606
-0.0316907585215771 -0.0363266371391529 -0.717921085165295 0.161612346137243
-0.0263240648267118 -0.035294695656278 -0.107689139387066 0.0822679783629435
-0.0560339718493469 0.0165581454809097 0.708087339150337 -0.0308480047514395
0.00845817367218234 0.0364673383469423 0.530998205961583 -0.772348055805441
0.0488729558715425 0.0195027668760186 -0.410826367290978 -0.776382988461808
0.0371884124749833 -0.014149048306644 -0.617148358565174 0.0393218064593873
-0.0169888132514046 -0.0287576663775067 -0.156969124010427 0.369532961432528
-0.0207787363162835 -0.00243453832566859 0.125610327428523 0.112465041866001
-0.0133427550930421 0.0170815681182996 0.0919456979185648 -0.210768667765243
-0.034325145141904 0.00275008933937924 -0.0818010935515864 0.199666577462499
-0.00672095924702856 0.00921938806214202 -0.143058433016521 -0.0989524333451025
0.0180292840113591 0.0156086943572022 0.131392654965536 -0.371414494337603
0.00882346792885426 0.0423309989749457 0.545043647858385 -0.112160943874675
-0.0221121918214694 0.0264203559155892 0.455805914804292 0.652498892809539
-0.0541509937852517 -0.036615488916414 -0.392140897147952 0.828772331305668
-0.0241510170017842 -0.0354372908367683 -0.717122898719234 0.155215722891361
-0.0169355238516223 -0.0321277841328928 -0.10850615012826 0.0794279503709138
-0.048754996558733 0.0187328406033479 0.707688325576491 -0.0362785039061496
0.00994738455938477 0.038133099493528 0.530485623090462 -0.77423003308203
0.0487371300803534 0.0231102529535697 -0.40864813213425 -0.775572650492104
0.0357794444728969 -0.0106727027696139 -0.616423498554674 0.0412157467335136
-0.019071634077624 -0.0277649787131672 -0.158555084126185 0.371160238824825
-0.024094912004055 -0.00360723327881155 0.12577368579855 0.114406973317754
-0.0191595168586666 0.0172327034218586 0.0908432290196804 -0.208336464187876
-0.0380741152407357 0.0036731665296623 -0.0830421581189005 0.200249920707569
-0.00836843750051675 0.00896690970493366 -0.143293197023128 -0.0974351133461725
0.0156302358829816 0.016535385368783 0.133220846886078 -0.368275009681831
0.00711859322403085 0.0460752855230789 0.548462410547305 -0.103845626426584
-0.0229150222319868 0.0298818029011795 0.449207126508877 0.660731793416303
-0.0520379073685543 -0.0363826335493922 -0.401023076000632 0.826394019039981
-0.0178169927174598 -0.0331836500822399 -0.717454043856867 0.149076306027946
-0.00946792452453797 -0.0294112965527711 -0.104208849278526 0.0789073834101128
-0.0420937660231043 0.021028992283445 0.7086302559901 -0.0404475190979557
0.010934486259434 0.0404528572291452 0.521985395712712 -0.777877209619134
0.0477637961040134 0.0264753175051096 -0.41708286161348 -0.770141509241945
0.0344778006758086 -0.00890444942418943 -0.616110828475065 0.0518584722014841
-0.0223596598079998 -0.0267718820466389 -0.157184064664215 0.374784457139694
-0.027107786976577 -0.00385715742071755 0.124525804325755 0.114764691985032
-0.0228557639808933 0.0163428418111305 0.0884884762331722 -0.205015130315057
-0.0408969765687265 0.00456255757193898 -0.0843870760296487 0.200483913029094
-0.011374337454522 0.0088513465230489 -0.143225388542802 -0.0975792479475355
0.0132106991091394 0.0167665102729369 0.137455298765353 -0.361425189171791
0.00408890617280028 0.0475146524593199 0.550759955279651 -0.0887814254532413
-0.0244996851877805 0.032403567671754 0.437387327078899 0.674223854288434
-0.0509561151535686 -0.0349104296128162 -0.415702372360092 0.824289548898938
-0.0121335286310128 -0.0308303429399367 -0.716814939463689 0.139400297485416
-0.00396568108060479 -0.0260847163125982 -0.0982819179015232 0.079514925754077
-0.0380869445354703 0.024843334722684 0.709651088589662 -0.0474123237380315
0.0129340007254486 0.0427540665932826 0.50805629334144 -0.784722418192437
0.0471084078155935 0.0291759630224641 -0.429241927763589 -0.758696800557666
0.0321211408313164 -0.00673228748985222 -0.615768203972324 0.061859238049403
-0.0230760399901845 -0.0267170420125725 -0.155886229902949 0.37701787241438
-0.0277291804540951 -0.00418818999811511 0.123942135710813 0.114099788723321
-0.0244304708050425 0.0165808717094978 0.0844694113912616 -0.203145421853329
-0.0103869378638421 0.0020634625218199 -0.087519466115689 0.196693020624872
0.0100252918676563 0.00983752591380294 -0.147268132822733 -0.105436869534752
0.0265593029597816 0.00735146605631457 0.132017650061582 -0.366496965640485
0.00165132436999124 0.0276595799657378 0.545049137783486 -0.0766750683230731
-0.0349736626092858 0.0107709199578555 0.422927720481201 0.703910586526899
-0.0632177888596137 -0.0432833123436987 -0.437453828071183 0.839461251255321
-0.0437383911327701 -0.0328059879397625 -0.716432707816547 0.152353127718962
-0.0453761529827337 -0.0303613421274735 -0.0787660519636689 0.0971404373352007
-0.0691039966174721 0.0247168325887942 0.722555279278502 -0.0560268989469004
0.00409687298381048 0.0358626997880569 0.483044029293173 -0.792292052615316
0.0411838825730478 0.00675648504757871 -0.464789175774938 -0.729471138816795
0.0297848583505606 -0.0282911759741806 -0.621917633639514 0.0889902444720209
-0.0128968110082039 -0.0347423237297916 -0.147648442600849 0.378739162441164
-0.00983826713472773 -0.00169729071635731 0.130533249337672 0.102582746684946
0.00413576356137364 0.0184218080511038 0.084701300390882 -0.218188384598839
-0.0124501959769438 0.00147289874126726 -0.0841655398201787 0.196452725815944
0.00800921927413002 0.00960512612495929 -0.147727147097376 -0.10323271690766
0.025972430719517 0.00805062513702392 0.129936594094142 -0.37096445472164
0.00444889188764257 0.0291804553390516 0.544694865374995 -0.0913998796261834
-0.0326191934409832 0.0110869041058393 0.437031642137063 0.688300921743868
-0.0627668153399018 -0.0434811746813771 -0.42040476716056 0.840957305504139
-0.0446513484474518 -0.0345355768155357 -0.716966841754119 0.159470127398477
-0.0453496780348738 -0.0326804340419277 -0.0874567174515522 0.0947597289809304
-0.0697961795793074 0.0211318402847955 0.719779767678184 -0.0474580743606181
0.00404032230134388 0.0341001332301174 0.499081881575937 -0.787336319170324
0.0440565454078879 0.00789197340041947 -0.447839381591508 -0.743796731419995
0.0341095386113213 -0.0261884149655672 -0.622959261517871 0.0726542679380292
-0.012015638361937 -0.0330796479675731 -0.150327178890557 0.374982819351123
-0.0112005777734171 -0.00107740513435448 0.129791217400571 0.104937971637988
0.0022495150821933 0.0175390006232225 0.0872770628774637 -0.218334367617917
-0.0169395759338686 0.00101363445286159 -0.0817270966441612 0.197239566005642
0.00460032761513334 0.0095078589585969 -0.146793917563615 -0.101127315945155
0.0245925984601917 0.0092134402930741 0.126326495221771 -0.374421945098745
0.00660672575514166 0.0319603024829506 0.54347081679588 -0.107326608493992
-0.0286170240617863 0.0140096505024534 0.449681621180732 0.671690597535283
-0.0619997603048311 -0.0416079906528705 -0.404208420082473 0.844152196342572
-0.0421830633576682 -0.0351441764755278 -0.718833046337065 0.164419922572093
-0.0414488428237609 -0.0348632839074109 -0.0973573924666546 0.0908573390258196
-0.0671975256577968 0.0195309449824448 0.717026200975103 -0.0405455019965858
0.00502997949394157 0.0340838208784728 0.515092440627419 -0.782230925309906
0.0465560494848016 0.0104739620174963 -0.433427978185062 -0.761524268468325
0.0359665308891569 -0.0222862620868245 -0.621520330968813 0.0567282590143648
-0.0124508630751746 -0.0318666715853231 -0.153441441268127 0.373502387457287
-0.0131060342216322 -0.000805810108658013 0.129413954333774 0.107357689134818
-0.00201513297807797 0.0176182017147102 0.0887039682065982 -0.216472926120003
-0.0220936899568611 0.00084666061824553 -0.0806177731853801 0.19811285900185
0.000965111702926647 0.00934962982314151 -0.146830269251406 -0.100488909924026
0.0226638284918965 0.0113984937517352 0.127262632542259 -0.377078109820517
0.00836629007641686 0.0354315303966805 0.544694992082125 -0.118001833987935
-0.0259056894197873 0.0180903133939279 0.457832861629415 0.658732654518932
-0.0599994976233735 -0.040745170845133 -0.395300971397859 0.842228223750396
-0.0371287384114948 -0.0357330911617338 -0.720170030365014 0.166203526794977
-0.0346260762173919 -0.0359391308081423 -0.103465944487798 0.0874121748266438
-0.0626827986299706 0.0167214535922962 0.714660257422007 -0.0361643727541301
0.00707171783113759 0.0339693170456905 0.524469114258465 -0.779892263689673
0.0478234309753929 0.0146990280520513 -0.423198138653578 -0.772843358005222
0.0375647215348099 -0.0185957339689317 -0.620433087570982 0.0475143394595639
-0.0145300307702951 -0.0296724793722737 -0.155259884081434 0.372953549354347
-0.0178410056868265 -0.00123060218938788 0.127838410501439 0.111030432396479
-0.00844570753559433 0.0172873912814671 0.0916028760131937 -0.215383247843072
-0.0286644654243679 0.0019605057673555 -0.0801925272487778 0.199717257188579
-0.00221557920419394 0.01021580113482 -0.146379955719497 -0.0996004327642435
0.0207314649829503 0.0138669221677692 0.128234762751224 -0.377279960230719
0.00981098640652155 0.0396595398801216 0.546869693782294 -0.121991270478534
-0.0239738906481761 0.0218716377232508 0.464247568041206 0.653348097358454
-0.0577744408221266 -0.0394657785435803 -0.387777351182763 0.841607758545274
-0.0303902564492881 -0.0357788533855637 -0.719277109339971 0.166332736094112
-0.026633821287919 -0.0345733252000129 -0.108118539739655 0.0845342816545447
-0.0554418376555646 0.0179531298141038 0.713018922278525 -0.036668908976407
0.00912036823176783 0.0358393276752772 0.529176183494017 -0.77859411054263
0.0492225723445171 0.0192649258827398 -0.417098887453451 -0.777544316427038
0.0370501056065753 -0.0151526989864279 -0.621089957670743 0.0443571004274336
-0.016904256718624 -0.0288191417325116 -0.154966000341651 0.373547964402502
-0.0207244511418938 -0.00180295565940842 0.127963508194759 0.112780391236985
-0.0134333995613004 0.0168233843969968 0.0917699373175294 -0.21159609779235
-0.0342918881687691 0.00324106252571421 -0.0812877519665001 0.19995541952589
-0.00602546961808845 0.00945513976146466 -0.145144411686225 -0.0980139146370879
0.0182406774224533 0.0153430678330124 0.129717783468162 -0.374211165124452
0.00981310247009666 0.0430908872779071 0.548366740131193 -0.118180851399663
-0.022704637320281 0.0273848789184007 0.463313434038794 0.65520195420879
-0.0546508905115658 -0.0371384507184042 -0.390536276349819 0.836026512099225
-0.0231772121540644 -0.0352423139355745 -0.720735735842406 0.160374627475828
-0.017013117286422 -0.032266794487973 -0.108187733952657 0.0809984716437767
-0.0485294322983219 0.0188202184032277 0.710502610683029 -0.0382431824070976
0.00948717608995017 0.0384944404001649 0.52859895461215 -0.782307379511914
0.0481558072118888 0.0237637459813407 -0.416940403448458 -0.776640441209714
0.0359608916909705 -0.0106298422189655 -0.618977102035456 0.0459424102767663
-0.0200613427626522 -0.0277590651363167 -0.156271786776484 0.375325277635682
-0.0247140240639958 -0.00299550997622831 0.12688588586972 0.114450031510079
-0.0186648544773113 0.0166541995230109 0.0898098025053091 -0.209648334348632
-0.0383668021887304 0.00396055633777754 -0.0830502833040063 0.201638775327479
-0.00832834619829762 0.00922689497323851 -0.145234467142511 -0.0964111548086042
0.0158085415429033 0.0167094151092689 0.132558471229383 -0.371287134200492
0.00817495304131301 0.0461569508460791 0.551858743816517 -0.109475003697834
-0.0234208388992206 0.0298801878569688 0.458752632741782 0.661298776014299
-0.0526528854747736 -0.0355526032668688 -0.39784747057341 0.833132149194294
-0.0172311132009944 -0.0322898047020254 -0.721629811852837 0.15485051662551
-0.00905601671380065 -0.029465995025708 -0.104560797843932 0.0808333228135256
-0.0429140043200193 0.0220306800606678 0.710641140520096 -0.0458205057134412
0.0111230053809493 0.0410495383880303 0.519979819432601 -0.784698298526956
0.048721928713749 0.0268486690656082 -0.425332850061533 -0.770742090442363
0.0344669124945392 -0.00858967709009955 -0.618192135955517 0.0556088530223106
-0.0221576039946663 -0.0260160742433283 -0.154693458720277 0.377586063975667
-0.0273727817905872 -0.00402418639515087 0.126228325737531 0.115494778027277
-0.0230451366913212 0.0163490099214227 0.0875962057169407 -0.206676091040648
-0.0404752628510578 0.00427518856688658 -0.0846622251250551 0.201660553780766
-0.00969860014448879 0.00916318068347804 -0.145625918746251 -0.09566332646672
0.0132035535709592 0.0171935196212509 0.136481606970512 -0.364922813969422
0.00440282622873751 0.0481922241128732 0.553316554679201 -0.0948227455387256
-0.0251014636806254 0.0325945521128741 0.447508006115815 0.674766497247291
-0.0515237100819879 -0.0352053427122744 -0.413303858297426 0.830510976090226
-0.0121618043301854 -0.0301856878630956 -0.72060369961195 0.143479080601249
-0.00401755521284162 -0.0250807438458892 -0.0975212288891963 0.0811191816442335
-0.0373670760301739 0.0246171406928706 0.712722209348542 -0.0531448626970926
0.0125510606449904 0.0426417159219029 0.506526865642818 -0.790707868027537
0.0471912576358488 0.0280874071687137 -0.435822084652707 -0.756941952684855
0.0323432471602163 -0.00738250535410656 -0.619558335737036 0.0683903025934565
-0.0240798422082329 -0.0259371569533189 -0.153105498110101 0.380153051432913
-0.0282340468138242 -0.00420252838163703 0.125069014884836 0.114462849623757
-0.0247343113445567 0.0169770734832271 0.0835207758564095 -0.204597749029902
-0.00984881887359645 0.00201071612643188 -0.0859739079808833 0.197443504798402
0.0111595406304402 0.00900544689531282 -0.15110945297471 -0.103343628686275
0.0266609343143167 0.0069550900390053 0.129634154936275 -0.369417386059926
0.00244717257198813 0.028641413617926 0.545935682396543 -0.0823086217907093
-0.0354757729802371 0.00987476971396202 0.433425616652604 0.704051742209016
-0.0641244998888298 -0.043372003597952 -0.433279869514787 0.846789291678078
-0.043746038363545 -0.0315964927021787 -0.7179438630792 0.157411506026564
-0.0452438365567468 -0.0291173643117799 -0.0785127618087989 0.0989274789207358
-0.068882651963976 0.0265360898016888 0.727354947738949 -0.0621394331030386
0.0038934435605501 0.0358842082524534 0.479525883734524 -0.798534863555401
0.0414889398862751 0.00643027687240696 -0.472889797813 -0.726568718640543
0.029709017416783 -0.0284039814743889 -0.624721271670714 0.0964992782032015
-0.0136790480147954 -0.0337639208416295 -0.143748502147659 0.384111767204759
-0.00960754253797314 -0.000963325283190846 0.132491053135484 0.103647093566149
0.00388700942495904 0.0183537797737947 0.0838646141274732 -0.218948766137169
-0.0130240335175625 0.00112866112498504 -0.0833612357548206 0.198752341497392
0.00851275397568819 0.0101180684032523 -0.149188152129372 -0.102466448776007
0.0258657651438601 0.00775389092051373 0.127737631937953 -0.373727245887747
0.00501448295589963 0.0295622159258985 0.547575443022685 -0.099356803797793
-0.0323025172105315 0.0121058718105913 0.448239996154407 0.687411355899167
-0.0636324690161106 -0.0431213757433377 -0.413656342632683 0.84915185142774
-0.0447569117038326 -0.0340926851651787 -0.719540549940619 0.165441907723521
-0.0454565423677843 -0.0332554141554192 -0.0877823518380056 0.0965469867008616
-0.0696955809682192 0.0228288921673092 0.724244519678404 -0.0542319631912945
0.00447577305687653 0.0347173459175361 0.495597427925929 -0.793964850902507
0.044328462451455 0.00737905837456091 -0.458668341922718 -0.745711974202107
0.0333243512105606 -0.0260187365565974 -0.625394517477764 0.078911580943501
-0.0126239331575242 -0.032623588679011 -0.148137901433134 0.378622324270064
-0.0105776494625271 -0.00142204413360256 0.131278835758547 0.105125021531607
0.00186297013923843 0.0178808491809843 0.0858670993144004 -0.21872226187355
-0.0164447072693647 0.00154827507064711 -0.080502125578332 0.198304036992224
0.00557594094341037 0.00922400005443332 -0.149673934847094 -0.0993568424442726
0.0253048512483224 0.0092169063027124 0.123599281865361 -0.377238206655341
0.00668648752734756 0.0322683605081152 0.54810000077576 -0.113307972591393
-0.0294470107026391 0.0131654721645865 0.458167919394293 0.67176534011656
-0.0628173888156738 -0.0424711072312616 -0.398994825658876 0.852521686948988
-0.0421663941402012 -0.0346808102274855 -0.721789188119552 0.171485326419868
-0.0420651418514073 -0.0340035736800401 -0.09659713418774 0.0926098644708377
-0.0673772055776892 0.0197755402167608 0.719386412304359 -0.0470455925776291
0.00566133190970589 0.0344620944308851 0.509715917288272 -0.791117647347195
0.0466360038185903 0.0103756185166633 -0.442108063201947 -0.760508019239282
0.0361446681669654 -0.0226401193030651 -0.626513837455977 0.0639670009955739
-0.0135602165966615 -0.0309961172064263 -0.149687578970657 0.376847532395065
-0.0131929810405971 -0.00119756322741455 0.131133757565842 0.107426293491536
-0.00240442753632551 0.0172810919245657 0.0869944108791464 -0.216986565244914
-0.022970279894661 0.00181060891862255 -0.0795424428730968 0.199590867317561
0.00190600206846518 0.0103482332321287 -0.148887963817339 -0.0980423929049254
0.0227250494383484 0.0115661216896749 0.124051545525429 -0.38001476837146
0.00913312156533405 0.0361747566329358 0.547580785413241 -0.123308127716064
-0.0261881640124267 0.0176410865740552 0.466698602470909 0.658384707762389
-0.0609910052056881 -0.0404361589953338 -0.388143405148528 0.849912393900114
-0.0367885739092519 -0.0350397012532988 -0.721833521449338 0.172786000042637
-0.0350699032364577 -0.0353906537641144 -0.10421293214276 0.0894063662890673
-0.0618669077907538 0.0185629536762215 0.716790882955455 -0.0443977608347041
0.00748695308511227 0.034890158788644 0.520402727598176 -0.78575303347658
0.0484600031561931 0.0145497984352166 -0.429841437459762 -0.771276590829426
0.0380993799114985 -0.0190461331080112 -0.624632286450094 0.0544395879564573
-0.0152957060756645 -0.0294182200742632 -0.152414266822321 0.37696206366602
-0.0164366193975741 -0.0012400640876876 0.130212006750229 0.109645222672318
-0.00767124037871618 0.0173704075761219 0.0902739598697663 -0.215954343052717
-0.0291156262541241 0.00230656852564903 -0.0798041308452923 0.199927422761936
-0.00175774849562603 0.00941562949532364 -0.148453335640346 -0.0967492455219387
0.0208707533817085 0.0138264547120781 0.125928757788346 -0.380102310137674
0.00945752104475801 0.0392491870972786 0.548580296369872 -0.126780460327317
-0.0240279488472664 0.0224587561556588 0.47114051456322 0.653137465594797
-0.0574761544595877 -0.0392100167901808 -0.383882605498367 0.847663250463642
-0.0301016050134835 -0.0352336329903258 -0.723010416382287 0.173324668357748
-0.0260597132209543 -0.0340872646492324 -0.107561937280505 0.0853962694108441
-0.0555068563806022 0.0188128214574701 0.714764110214378 -0.0433462460320945
0.00882948483510851 0.0360274930656981 0.525516664891098 -0.784666045507199
0.0488939253694118 0.019408062879756 -0.424829886052182 -0.773901001073301
0.0379373150093163 -0.0159080616909214 -0.623691906780304 0.0509563775644585
-0.0170620350939859 -0.0278365068003017 -0.152628430433339 0.376151198799318
-0.0207106519181738 -0.0015662153554037 0.129746393804761 0.113334721693216
-0.0137638907284634 0.0164705109141675 0.090506646917947 -0.212675216758342
-0.0338531533078277 0.00353772453282727 -0.0802023140640253 0.201921415487817
-0.00533693228966887 0.00987847007320467 -0.147638729354187 -0.0953376593762026
0.0185409357765548 0.0148894413274444 0.127193598837747 -0.379586659826314
0.00995976916116234 0.0435906181720587 0.55036236872394 -0.123671602739584
-0.0225533858733726 0.0269744561195986 0.47223236151729 0.653029789065417
-0.055746178937976 -0.0372562740695501 -0.384809501831053 0.843826771556287
-0.0232882029265026 -0.034297424369656 -0.723545156027819 0.166101558428639
-0.0175977998913966 -0.0323968838160698 -0.107756799604943 0.0829248651501922
-0.0488902540451448 0.0195232409009785 0.714036227792698 -0.045193106025937
0.010460304088755 0.0385852646122438 0.524885340816359 -0.790313418930911
0.0487469072286031 0.0229087783408346 -0.425539156780244 -0.774566897581623
0.0361988435267588 -0.0118668135392576 -0.62341838923223 0.0521212406624443
-0.0201831183159076 -0.026263010210647 -0.153304666847552 0.378207558795819
-0.0246921871782699 -0.00224727907279305 0.128251306188093 0.114507005941179
-0.0189857061578773 0.0164976930127552 0.0888666803121106 -0.210330850033081
-0.0384817125437499 0.00389819161911613 -0.0825753869645519 0.203065900851584
-0.00760413441611958 0.00919241742504948 -0.147936959954838 -0.0951180682114493
0.0157568935106505 0.0166811312171628 0.130371162157006 -0.373442301896433
0.00816495677633805 0.046453833025251 0.553929575977668 -0.115297190633518
-0.0229000000602488 0.030121546598579 0.467227997449721 0.660716428865002
-0.0536580347601049 -0.0354394410926276 -0.393650430423524 0.841588719254214
-0.0162983855122677 -0.0319323668686753 -0.723907873951769 0.160544554205508
-0.00946493821016301 -0.0287376722379688 -0.104629748424747 0.0821605861115353
-0.0434158546627902 0.023363706362637 0.714676274273651 -0.05092061282828
0.0112502374473688 0.0401206766737658 0.513955836192976 -0.791491714966687
0.0485396669691845 0.0261998881084288 -0.433179084185911 -0.770449691575882
0.0346642269955428 -0.00895603924435164 -0.622558438728919 0.0623364652913998
-0.0234549254279535 -0.0258010023999261 -0.152534043416039 0.381691304232106
-0.026943736518491 -0.00313665649357371 0.127620761143726 0.115522299931225
-0.0227184761268757 0.0162881112303854 0.0863040298405809 -0.207626228035065
-0.0404766124707058 0.00375399632722049 -0.0839778371734046 0.20451358998992
-0.00931917376995145 0.00850510097964297 -0.147133466798286 -0.0941334562386249
0.0131217486685376 0.0172329807145786 0.133290423738351 -0.367338351745419
0.00582360405435931 0.0486381232041517 0.555569882950297 -0.0999148525798204
-0.0257072039262842 0.0326775598104399 0.457179646782646 0.676060234569753
-0.0525253900797818 -0.0352307772972111 -0.408253338851387 0.83931429083546
-0.0112808663151343 -0.0293915450178318 -0.72257443999542 0.151097925857823
-0.00340726297479386 -0.0256148076616799 -0.0981525834662955 0.081555661244668
-0.0377041149393265 0.0253047870613019 0.716298512706903 -0.0591869063658185
0.0131406242396477 0.0424005343102362 0.501795477635269 -0.798995302950593
0.0483482894126808 0.0278615339928826 -0.446356813569266 -0.757695962243951
0.0319379825338596 -0.00840966851981782 -0.62129999546883 0.0749810300563497
-0.0251236703888159 -0.0254801781136238 -0.14987413457616 0.384730965796116
-0.0279145662007324 -0.00368758468715756 0.127644406512166 0.115015553027673
-0.0245045269583408 0.0167433474711522 0.0838306370920882 -0.205932233708486
-0.00945967250621309 0.00244650289319523 -0.0861142996936679 0.198696552432488
0.0120688826228875 0.00908233521351225 -0.152455547174437 -0.102423445573499
0.0260906936700102 0.00712621759714096 0.127201796071364 -0.372332763255065
0.00322282283798058 0.0285528750946247 0.550227263191984 -0.0892403865990554
-0.0358811348241005 0.0102666413585855 0.441162913855703 0.704059601116397
-0.0643450237845611 -0.0435600347524177 -0.427741290074893 0.855714825858324
-0.0422816685788106 -0.0308181939987705 -0.720300473359623 0.165278291595206
-0.0455659718533952 -0.0292013317518613 -0.0780081586215845 0.10044735984233
-0.0689937488158189 0.0275535701119011 0.728007784377478 -0.0698680909756866
0.00493956112528689 0.0363545465875561 0.473491251227807 -0.806833500860821
0.0419766699319597 0.00590703814950151 -0.481769064584066 -0.72555536425111
0.0303200507710183 -0.0288376935906323 -0.6263785818944 0.102849878884474
-0.0147884318687626 -0.0334086661517992 -0.140798825664453 0.386010877760765
-0.00995501048284776 -0.00171582295558278 0.133809478755231 0.103773453986461
0.00400068308198361 0.0180307377001924 0.0833113073662398 -0.219825584792164
-0.012843198580623 0.00238365712361732 -0.0820768535762297 0.199718934257436
0.0103126100420714 0.00963585450201809 -0.151922168344686 -0.100370596124291
0.0259776131658754 0.00697560974662571 0.125737266874311 -0.375952934268804
0.00633922963539376 0.0300503985928808 0.549122422686488 -0.105316132449661
-0.0319876616881724 0.0117871675356137 0.456679634242581 0.686636785225823
-0.0644737000809212 -0.0431471992416285 -0.409049910459026 0.856233253069335
-0.0433606204204937 -0.0335838274402187 -0.720925758968507 0.172052077330545
-0.0453054518019316 -0.0322254638101609 -0.0870039661250922 0.0976398911393402
-0.0692642932080481 0.0239223676140523 0.725855638471516 -0.0621885544057148
0.004563783694578 0.034523639349115 0.489568811032297 -0.802036779701335
0.0446956648086554 0.00693549929195273 -0.468915672114833 -0.742249375731776
0.0332542944295329 -0.0268234293790685 -0.628400191573803 0.0844399088482375
-0.0137272938829205 -0.0327526527134533 -0.144661563336112 0.381302908049475
-0.0113709746044763 -0.000953776889623004 0.133867133695619 0.105295353861919
0.00210322882316097 0.0176820290416053 0.0844069964553951 -0.220625951330995
-0.0176450167166759 0.00150202281740857 -0.0795464787397169 0.200542798189086
0.00682379418346533 0.00953682637302691 -0.151488469963918 -0.0988392327383973
0.024860043114163 0.00935385032837325 0.12223536862314 -0.380890541860706
0.0080198683208426 0.0329341106773482 0.548889226240755 -0.120370482471278
-0.0293200606321633 0.0138708934926718 0.468568408169659 0.669806548771585
-0.0631675751318522 -0.0421340349500241 -0.392971483934153 0.858777046186855
-0.0418149397559166 -0.0346037812024675 -0.722598624820688 0.180186146673102
-0.0419842977146635 -0.0340636325387414 -0.0963502810180652 0.0949572804692057
-0.0673361453473731 0.0206275564966987 0.72299556441029 -0.0543368258792373
0.00576026382190645 0.034761918689603 0.505825519763404 -0.797739849266051
0.0470395877503572 0.00959024130618661 -0.451318470130769 -0.758073824141628
0.0362289881200996 -0.0238244107133855 -0.628620589246838 0.0703676628258583
-0.0142814163031699 -0.0298250846148651 -0.145589299587116 0.38095678326845
-0.0128287933145581 -0.000826507534718324 0.132298202301133 0.107736067896686
-0.00220673042786096 0.0170594704802483 0.0863896823348622 -0.2200784617779
-0.0228320886467317 0.00140086435977387 -0.0785408339320566 0.201475970819458
0.00239222640434213 0.0102833504519715 -0.15134102879072 -0.0960854908976131
0.0227413567318476 0.0111010809320763 0.120442454127538 -0.382734959420731
0.00952705411367979 0.0370272518496282 0.549869573164684 -0.130481199829997
-0.0264463116757532 0.0175969569362702 0.477970022353224 0.658028570748017
-0.0614123019407039 -0.0403304150160733 -0.383247217887179 0.85648490462978
-0.0363889656378966 -0.0344706985677219 -0.723194669279275 0.180106061841482
-0.035593419154683 -0.0345332918569576 -0.102844594862134 0.0907857773405432
-0.0619122797965367 0.0191190786197566 0.72109259637851 -0.0506131508933172
0.00695552472381408 0.0354210360219082 0.517150404074327 -0.794005021854108
0.0482089025773124 0.014761045063893 -0.438640049218176 -0.768773275961633
0.0373820226511709 -0.0193804423488674 -0.626755776307978 0.0600765311511997
-0.0158273462149813 -0.0298867477612388 -0.149971168280196 0.379907827956291
-0.0172489148553344 -0.00117058392079741 0.132830782847806 0.110696242494845
-0.00760744409297061 0.0174980074739319 0.0885466450029541 -0.217079017052169
-0.0292669975756997 0.00344285619115142 -0.0772999514313161 0.20262908241913
-0.000596541843223889 0.00939878090226433 -0.150894026368182 -0.0952616083886358
0.0208259161306503 0.0135583290211278 0.121509671328459 -0.384571965075034
0.0103692533153403 0.0401124261481391 0.550247178453352 -0.13519341359941
-0.0242394585535132 0.0218053511790332 0.482465283614558 0.651884670431636
-0.05879092064118 -0.0390950817126212 -0.376706149106266 0.856118704737147
-0.0293388095906205 -0.0343493945991467 -0.723949054609497 0.179069725795341
-0.026448136450644 -0.0336514812936684 -0.107289520305127 0.0876252850340436
-0.0551947890350964 0.0190617406429321 0.717334822955434 -0.048583156139937
0.00894953163482648 0.0364066120248598 0.519896198006744 -0.792912050537278
0.0485032937563123 0.0183062765858218 -0.436414799311643 -0.774364763883615
0.038083953185958 -0.0158341341212658 -0.62489740636307 0.0563415955492494
-0.0185634253067554 -0.0276555885472542 -0.148628911709145 0.38100043420436
-0.0212817154262792 -0.00154279594692134 0.131288801942887 0.113443936705352
-0.0141749348370222 0.0167199885749191 0.0891887001235164 -0.213505751002432
-0.0348380106053889 0.00369390383268752 -0.0794792692565242 0.203946962770104
-0.00429881896881742 0.00987048052456837 -0.150317860529762 -0.0937273655932795
0.0184047908177495 0.0153479748480532 0.123390527801501 -0.379926766760622
0.0111803025476908 0.0433916805452634 0.552648716936034 -0.130176676073364
-0.0235169011074569 0.0266267107258883 0.481725264630506 0.652540119458846
-0.0560731468129249 -0.0373109200193536 -0.379295793175638 0.851991230946105
-0.022992987154189 -0.0327186427328361 -0.725923454931806 0.174944208007339
-0.017546432905923 -0.0314228583324139 -0.1078332460227 0.0848679462222858
-0.0488316244965805 0.0204675030425527 0.716004787216858 -0.051908508864805
0.0112165328282636 0.0384943797962116 0.518375968159863 -0.795905066831413
0.0497392200501199 0.0227914434331197 -0.436775144535357 -0.772894561958176
0.036294051770295 -0.012923135459063 -0.62550040019926 0.059833951100954
-0.0208642537959627 -0.0259643903504758 -0.149748391865963 0.382654657163664
-0.0249699521944961 -0.00272121235228621 0.130346900509191 0.114483327396268
-0.0189161474179059 0.016839440284887 0.0871395772291456 -0.21164603895695
-0.0386643889416901 0.00488352555863511 -0.0811596716941945 0.204785711837696
-0.0063271692552221 0.00986662757811896 -0.149126144931126 -0.0922889898394481
0.0159249755741027 0.0157820866675973 0.126194958448181 -0.37755497086806
0.00933688018054699 0.0468259773032537 0.554773176579136 -0.122372847134024
-0.0240984806341463 0.0298286242956899 0.477978429522446 0.662129510999597
-0.0538961551609861 -0.0361994685820325 -0.387560502484139 0.848155721706181
-0.0160070844287059 -0.0311456155221667 -0.725678964672327 0.168280670681546
-0.00951380185649928 -0.0289151692128665 -0.103925221920294 0.0833838202320063
-0.0418414030882538 0.0229367232902613 0.715877838730788 -0.0575105623315271
0.0123935824310522 0.0406451381637439 0.510963659706298 -0.800257621646268
0.0487150136787818 0.0250236874281912 -0.443112577095958 -0.767331106034417
0.0346031044371934 -0.0101612859797158 -0.624773029790775 0.0687350563421823
-0.0239628728494687 -0.0258591639918968 -0.148911531381235 0.384581918324921
-0.0269244904757974 -0.00270221888480301 0.129250655526167 0.115816045602459
-0.0225291258293958 0.0165343944792581 0.0858153592303577 -0.209247199890803
-0.0404965253442876 0.00519031849118471 -0.0824229462913331 0.205689828820589
-0.00826823850763502 0.0094315114781783 -0.149061547524835 -0.0921636215797572
0.0139595288872337 0.0167350378950742 0.129899638685933 -0.371895945768795
0.00658503153848606 0.0495230171099473 0.556557616789608 -0.107658496207012
-0.025474250702998 0.0319682706550384 0.466535173167914 0.674723175180561
-0.0527330537704474 -0.0354861815343765 -0.401134849784942 0.846631654172986
-0.0109874738785961 -0.0294304763047646 -0.725764760066919 0.156740402512863
-0.00392432357816553 -0.025022944159852 -0.0970776881324645 0.0839736528832442
-0.0372508764079895 0.0258275211913705 0.717442858248164 -0.0660039040869359
0.0130027567919973 0.0435588834781635 0.498345887930243 -0.804858550158339
0.0486978462298253 0.0272288989283777 -0.456429016859047 -0.755191504660612
0.0324592140069573 -0.00873101441431349 -0.623884561632988 0.0806994806067512
-0.0256579001657393 -0.0252108052685767 -0.146131298930422 0.388663029241093
-0.0286840609609725 -0.00323848297504511 0.129851135744633 0.114844098624933
-0.0242876297277485 0.0169844158878411 0.0824892252906096 -0.207006531454621
-0.0103612337451928 0.00288985899197023 -0.0843191502575383 0.200767633376842
0.0131632723784764 0.00877255348349665 -0.154380124880966 -0.0989161438234057
0.0268902579079426 0.00766416339134108 0.1245347752334 -0.375995109002123
0.00452781183492046 0.0292548807076288 0.551127653359505 -0.0973019562854066
-0.0357373553441896 0.011002628376365 0.454659585376416 0.701936350111874
-0.064408428931544 -0.0440479522710739 -0.421304080081925 0.864188518434398
-0.0425662022624049 -0.0302973725283844 -0.721199392724184 0.173593842464598
-0.045896883393355 -0.0282887726830769 -0.0764889432717954 0.102504060232197
-0.0691088359749015 0.0281796352690481 0.730736025020307 -0.0780796776664753
0.00515908534094954 0.0358929903556543 0.46593975154909 -0.814200487952125
0.0420978341070913 0.00533657959141054 -0.491801663135486 -0.722272148326183
0.0307436437479404 -0.0294439449657034 -0.629776660162189 0.112478024835591
-0.0151773689813395 -0.0330520960598149 -0.13757769827095 0.390952047000576
-0.00998382604448965 -0.00206823958504438 0.135547810518889 0.10260032091775
0.00420734063252843 0.0176316517233581 0.0809371871879274 -0.22144446628326
-0.0130865837797139 0.00141613921230367 -0.0808617605836994 0.20072292968561
0.0105080415052237 0.00884060064952259 -0.153262764203595 -0.0983583372311626
0.0261610875993266 0.00714142881044457 0.121313939595275 -0.380755629254352
0.00690403679134502 0.0302867837679709 0.550071014665623 -0.112385396880516
-0.0337498383597779 0.0123692718030776 0.470509801681907 0.684751401763099
-0.0648270391530626 -0.0430354661751965 -0.403250569670892 0.865997086011688
-0.0433126988608959 -0.0327606956662156 -0.722170443405158 0.180201568026151
-0.0460413099850454 -0.0317743104205887 -0.0862832857538002 0.0998854172004118
-0.069874166213494 0.0243285541639084 0.726231092746434 -0.0692661513163495
0.00466610556320964 0.0346935770542335 0.483245834026585 -0.808810739620904
0.0447153080361607 0.00621696216397028 -0.476246654815105 -0.738354342829148
0.0342250534578202 -0.0278515832410594 -0.629255830563184 0.0936122663025166
-0.0142781814655402 -0.032239620279706 -0.140159799010198 0.386247597287699
-0.010740570758624 -0.000345141363057853 0.136019919898187 0.104436454483957
0.00242359084128397 0.0181604112191754 0.0835775942102815 -0.222090401027903
-0.0167021895547223 0.00218845989198932 -0.0775304896943172 0.201721513181299
0.00736276464188303 0.00941122753309197 -0.153527271751332 -0.0953404109676661
0.0248205534393081 0.00871747623449435 0.118310024756329 -0.383553778983935
0.00898158098356929 0.0329828834915726 0.549746576400078 -0.12757674491825
-0.030090161805926 0.0144009585523925 0.479664951209825 0.666843836972937
-0.0640126783255666 -0.0413339192235388 -0.386406432556811 0.867380161313691
-0.041622181253769 -0.0338303948640164 -0.724185552202766 0.188181315002236
-0.0426092678926764 -0.0330288811407753 -0.0958489543776977 0.0964382006151245
-0.0671667545287327 0.0222238922157544 0.725086752296948 -0.0626284460355671
0.00621927603083509 0.0353624522144807 0.499359789459737 -0.805269321375106
0.0468790472636436 0.00938536741302091 -0.461695706009823 -0.754639538560259
0.0364069836810522 -0.0241618542272346 -0.62970103674051 0.0790379286566803
-0.0146582178289421 -0.0309077865929886 -0.14318385576986 0.384122513598945
-0.0139600281634317 -0.00100544476061706 0.135112802281482 0.106354099321133
-0.00218764055535626 0.0173327133493115 0.0856074329425562 -0.22108950362807
-0.0235078145429868 0.00272809539165082 -0.0772733325133449 0.203588108611352
0.00373152467961519 0.00863290086463045 -0.15376188010118 -0.0934396559094715
0.022607961770127 0.0107806674488589 0.117357810425264 -0.385426182650596
0.01036765223913 0.0368688550394479 0.551534079395565 -0.137884919117538
-0.0264263219607507 0.017734974862441 0.487792979213622 0.654559305668988
-0.0626655374328258 -0.0405146288112866 -0.375414238586536 0.866340971795024
-0.0357923790140932 -0.0342855439976477 -0.72427840483108 0.188592328042812
-0.0351807344897769 -0.0339155851024301 -0.102947300312281 0.0927331747031656
-0.0620945169277326 0.0201701437193718 0.723151036301613 -0.0585503288288961
0.00767764515624206 0.0350910838690175 0.509489058994507 -0.801731859896646
0.0491103328563974 0.0129835366353108 -0.45012357001665 -0.767623008747528
0.0376300139799254 -0.0205874073885225 -0.629481644844758 0.0700578386069209
-0.0171352558746268 -0.0292262736263486 -0.144713083709076 0.384275639551125
-0.0170300337014828 -0.000906045129672363 0.135066814069681 0.109810372539441
-0.00798740439673009 0.0167286484762017 0.0865571163548825 -0.218256144523076
-0.0293941038456959 0.0033958190458049 -0.0767631902766973 0.204290384834723
0.000306357038099817 0.0098937578005078 -0.152935337360758 -0.0929455599354893
0.0212187442658607 0.0130236783843058 0.119635258969317 -0.385157440387705
0.0112205883902126 0.040937636324834 0.552114494588432 -0.142194410289558
-0.025373483198728 0.0219399706420387 0.492823870597849 0.650519791259382
-0.059293142937937 -0.0390536606383514 -0.369487485252507 0.864453401981652
-0.0291221156674796 -0.0337282008234752 -0.726316523904557 0.188387872656057
-0.0263005662010759 -0.0335163703693877 -0.107001459705718 0.0891437859060513
-0.0553934126730459 0.0204174344854945 0.720445749987924 -0.0572945933068815
0.00984589039135278 0.0367469494086948 0.51457610094028 -0.800605063454444
0.0494937184652805 0.0182743422161211 -0.445406383660563 -0.772067053176299
0.0375558458341041 -0.0159523107098193 -0.627481309232417 0.0658589397580648
-0.019210520085433 -0.0271202534455132 -0.144669203859839 0.384864343906051
-0.0211307350737186 -0.00102278914727379 0.133408641977166 0.113015597811804
-0.0139597953781059 0.0160121719290374 0.0876443668245419 -0.215122695597213
-0.0350546960743676 0.0044922993828307 -0.0769064637815031 0.206312629651235
-0.00365673090684003 0.00956659887580913 -0.152294292863903 -0.0915135474479516
0.0192137610586989 0.0149707476296159 0.119433054444005 -0.384183232984714
0.012042011378285 0.0442026731412833 0.553688970453942 -0.139124646752404
-0.0230601561439927 0.0269426776433509 0.494109581938392 0.650866977724207
-0.0564091170668888 -0.036846938570678 -0.371820609759586 0.859013572496075
-0.021835368434 -0.0337271390603465 -0.726967086275697 0.182837197030459
-0.0178891456943148 -0.0314210386486277 -0.106956763502234 0.0871744480637229
-0.0482323838318537 0.0218745214149198 0.719511811611492 -0.0604939293908171
0.011470052305378 0.0386696238997626 0.513212306878322 -0.803832057969334
0.0498195546488984 0.0223098683407829 -0.445398282492782 -0.770852665718025
0.0356401605023082 -0.0130844585365164 -0.626307008728648 0.0678212101476415
-0.0215987912854768 -0.0255865664758124 -0.144858592406768 0.386290552493652
-0.0256481834859201 -0.00172093906301821 0.132554562671607 0.114005488828561
-0.0179039181370717 0.0162518759333553 0.0865687656142765 -0.213242845654019
-0.0391618386792068 0.00534117788940065 -0.0790173601792575 0.206206397721788
-0.00496392870825893 0.00916886081793594 -0.151327640500813 -0.0910150568544994
0.0163284177214772 0.0158912635453925 0.123135222537149 -0.378088856180291
0.010695570892245 0.0478668049504429 0.556935339605895 -0.131064305567848
-0.0239576540799272 0.0298606915599209 0.488187057712719 0.65860602293895
-0.0549872891584437 -0.0360103843706448 -0.378891506572946 0.856815128158437
-0.0153445608758327 -0.0304677797141921 -0.726664456966971 0.176560963725805
-0.00938198221480771 -0.0284382841733152 -0.10382935277243 0.0854891976238941
-0.0427296479921613 0.0241262956890778 0.718313291459835 -0.066294595723765
0.0131740222998714 0.0406980832024276 0.504325669239471 -0.810321488906359
0.0491591198152921 0.0254004921788086 -0.452273642241825 -0.766122838172233
0.0342914289269828 -0.0102422409655484 -0.626273883767023 0.0771956228863606
-0.0247729672562237 -0.0250773901860067 -0.144479128326924 0.389540275987933
-0.0277645359628166 -0.00303613000024055 0.131827795995218 0.115711577116546
-0.0225152071216022 0.016948746086216 0.0846376740088726 -0.209830003771951
-0.0406398295809652 0.0064540382612201 -0.081820303058852 0.206884085134342
-0.00669019191019441 0.00881698437006893 -0.150872712143659 -0.0909959745075679
0.0142475334122492 0.0167797711692058 0.127287660250735 -0.374236469674175
0.00756536186124469 0.0494911407000464 0.558367281195585 -0.11421328994358
-0.0251550976953571 0.0332107961506764 0.478001234739999 0.672162990053299
-0.0530905360193069 -0.035423430530476 -0.394424393521983 0.854757225128575
-0.00986735338776344 -0.0286157834747475 -0.726352932497365 0.164870492600188
-0.00370490913765374 -0.0252219967786317 -0.0964613388382939 0.0861586028567576
-0.0366636439421755 0.0265774017246607 0.72046090844678 -0.0742216021233747
0.0141871337031807 0.0423552786588569 0.491500452693176 -0.812826668321694
0.0484444584798107 0.027011059886276 -0.463433584049448 -0.750825373260571
0.0322946223958789 -0.00950826439470088 -0.625953929248725 0.091253254079425
-0.026493042843777 -0.0247479835965822 -0.14314430755812 0.391176252874132
-0.0296350974542968 -0.0030077628990432 0.13267980933386 0.114587110929747
-0.0249559868502388 0.0169424106699282 0.0808377459131343 -0.207822360511984
-0.0111049939915891 0.00294302114722501 -0.0822222072874556 0.202321716754025
0.014018214652859 0.00762909619839272 -0.156080049340987 -0.096813931681986
0.0264278452050275 0.00660920858108722 0.120622055276837 -0.378044496117398
0.00533640641794871 0.0300442792250436 0.552336695554473 -0.1055818078619
-0.0363419079648189 0.0109725867955258 0.465063891911343 0.699762769463344
-0.0660628539345608 -0.0439145622857116 -0.41330024537795 0.872842436357792
-0.0418302723419555 -0.0299170497159958 -0.723263312359322 0.181208655221424
-0.0457731595788554 -0.0274823929691581 -0.0758762197758343 0.103912647985187
-0.0687790734427546 0.0286776790871362 0.732826394440445 -0.0871676629180391
0.00536237657265966 0.0361053100039152 0.459040242225188 -0.820423074379126
0.0421556023881044 0.00487219694118173 -0.502246181600311 -0.717715021338669
0.0300187693768497 -0.030098330671077 -0.629865524910551 0.119702047640369
-0.0154662338117684 -0.0325212366078841 -0.13300855041419 0.392688291578795
-0.00994994445025125 -0.0010366987946312 0.137923064438785 0.10167082266189
0.00447799213166449 0.0179971726908029 0.0787836486444746 -0.222023088487474
-0.0130089889058222 0.00276638719993921 -0.0785583249357372 0.202546734074285
0.0119936955577676 0.00793230547999075 -0.154940294936673 -0.0953698428215129
0.0262148043872253 0.00742638002806427 0.116661630535315 -0.381900730986959
0.00747784070431346 0.0311240568461898 0.550498283270503 -0.120811608025282
-0.0337456681624504 0.011561105160864 0.478897660457729 0.682238022167638
-0.0656798262691258 -0.0421779145514269 -0.391713512125775 0.873766030984618
-0.0428429917785676 -0.0318531456476539 -0.723609067865195 0.189249672724088
-0.0464399811821847 -0.0312202232060206 -0.0854205415542398 0.101456513911567
-0.0689501045417946 0.0258353270563459 0.730511553168186 -0.0787654420000889
0.00573660587533702 0.0345397570544404 0.474920562205101 -0.817703260241927
0.0443341228063765 0.00653477931652153 -0.486830914377946 -0.734204871202152
0.0333150059001509 -0.0278882119781386 -0.630769547841049 0.102711638713043
-0.0155867889838167 -0.0312963452080482 -0.136104916035823 0.389005012436493
-0.0113003422591788 0.000111694706864233 0.137304239100269 0.103497559187119
0.00151295437131883 0.0176620721527133 0.0817790913163199 -0.22188025833611
-0.0180097977049221 0.00238395117524665 -0.0760955833342681 0.203565560961497
0.00861670766002109 0.00880054867306895 -0.155556279663097 -0.0932008807181947
0.0245230121012073 0.00839670012823465 0.115315234866586 -0.385603345341076
0.0101094863630592 0.0340037835015538 0.550384390668034 -0.135566878338406
-0.0297130550068609 0.0147417244371141 0.490307455424517 0.664211614125756
-0.0649370600494218 -0.0415598404394851 -0.37629682868268 0.875412049337577
-0.0406229343656857 -0.0325475424506312 -0.723690891954033 0.197144862300687
-0.042557598752578 -0.0325299677762087 -0.0946402992241753 0.0984943672532846
-0.0668882112868075 0.0222579139852709 0.72706373078164 -0.0695914876344641
0.00674614944172614 0.0345909300098149 0.492264075907261 -0.813649886464118
0.0476367066768814 0.00911844256553621 -0.472227823915167 -0.75163678461119
0.0364356514685136 -0.0238745964443015 -0.630514751335142 0.0872997807780328
-0.0156922100099562 -0.0294027880156973 -0.138211865287436 0.387023464850086
-0.0138331455867362 7.59419506305564E-05 0.137336987031276 0.106437086991399
-0.00187822648667024 0.0174719515457801 0.0836064313205161 -0.221564821527099
-0.0237200665724385 0.0027121105277322 -0.0743630350184688 0.20499179069757
0.00513721485627568 0.00918278587682711 -0.154681318572108 -0.0912264839179554
0.0231831166397595 0.0113088429194894 0.113634795641414 -0.389235787319674
0.0108330328359151 0.0381834493588401 0.55062291275029 -0.1455936277767
-0.0270183079718306 0.0179471763092218 0.499356236243719 0.65228712570069
-0.0627675409679107 -0.0400596178397468 -0.365845740591221 0.873096136028709
-0.0358648722647826 -0.03287583834089 -0.724810501876833 0.197858592837741
-0.0352925223085205 -0.0335985796642269 -0.10174112236494 0.0947556972303963
-0.0613070557773011 0.0215461756246462 0.723324001627051 -0.0684985577653379
0.00819183380351618 0.034921747456468 0.504718058501082 -0.809232587016838
0.0490218294172642 0.0131248827202476 -0.460246065277717 -0.76380468028837
0.0373239629924249 -0.0199026026937675 -0.629514567172483 0.0788849818581562
-0.0169386519618388 -0.0280780637898405 -0.140575654055602 0.387388717653213
-0.0176385474008898 -0.000171102549868192 0.13672373215957 0.109433136712523
-0.00778434040545573 0.016788170004949 0.0853523622721185 -0.219592577323351
-0.0291607304859432 0.003929155602231 -0.0748987565895382 0.205703517194355
0.00109173851377501 0.0101969327612065 -0.154412529807069 -0.0914028043351411
0.0210662079333088 0.0120602260482511 0.113903320171471 -0.388350875950988
0.013073479855889 0.0412487119699903 0.550485298470906 -0.151555807820348
-0.0241504630176818 0.0215743501529825 0.504857832607631 0.64589259497976
-0.0604479713412063 -0.0389807818960718 -0.362222813947862 0.871425704587897
-0.0288556479034482 -0.0332413687914704 -0.728036915866661 0.196374310778224
-0.0270102804879485 -0.0325544090390007 -0.104868939320451 0.0906667554950253
-0.0549154833811072 0.0210168301710004 0.721313646034962 -0.0661697849241218
0.0096614020628829 0.0373212511908208 0.507735542983886 -0.810180021969549
0.0499084711766007 0.0179194209540173 -0.455642823443605 -0.766805434702898
0.0382403749954595 -0.0165134885412064 -0.63017450096846 0.0753343716415461
-0.0196453483386982 -0.0267069760859696 -0.140384358010615 0.387712268434167
-0.0216960755457897 -0.00111401537164803 0.135275376395082 0.111918745497099
-0.014180962457618 0.0170368052178192 0.0862097235434141 -0.216612517152465
-0.0342903555288471 0.00519783467506299 -0.0755151698008689 0.207435719440029
-0.00237630685350146 0.00948393026898426 -0.154424143050448 -0.0892465900557905
0.0195994553666722 0.0147042470128429 0.115944014783494 -0.388131826735808
0.0123370480417073 0.0455553638344818 0.554028470211032 -0.146876890650376
-0.0238042662931505 0.0268030140295497 0.503233918582454 0.646240635161396
-0.0581859043983831 -0.0368217297059372 -0.364211108467902 0.86708424437678
-0.0210245689893164 -0.0322950302543553 -0.725603546728183 0.192030909971424
-0.0181217750258159 -0.0307049224494416 -0.105399772932351 0.0894534609906599
-0.0486177754675598 0.0216671768360434 0.720799555703351 -0.0688678718164476
0.011937323233252 0.0383070835758201 0.504946530101145 -0.812309067301025
0.0500087236851103 0.0215795753358094 -0.456061913060425 -0.767942016650595
0.0369384089137478 -0.0134508997371935 -0.628270709211562 0.0774146525161863
-0.0229021273980961 -0.025156506807121 -0.140537481444497 0.389765859901487
-0.0255447556013163 -0.00187543765666398 0.1349216008766 0.114244905472648
-0.018837721243442 0.0173317633793443 0.0845349949383401 -0.213732292324292
-0.038503577640546 0.00569739538485617 -0.0783162511914713 0.20807785171095
-0.00425386880867391 0.0086742701102552 -0.153989973681206 -0.0884283624093579
0.0167392498189423 0.0166723870701955 0.11960146577149 -0.383202129401225
0.0115406765245034 0.0482110082725701 0.55736562564969 -0.138274728378057
-0.0234444419612397 0.0302292468734295 0.497908491823897 0.65401859669334
-0.0552858884328619 -0.0356352789069196 -0.370747511363181 0.864588398566339
-0.0145131249913324 -0.0300475464557659 -0.726440502305048 0.185402026438092
-0.0104959957391968 -0.0280724841820602 -0.102154294878996 0.0876280236927756
-0.0406150201029123 0.0244673564990948 0.720819806477246 -0.0742264788350448
0.0130164612283635 0.0398525071007112 0.496512102523622 -0.816772361156854
0.0500684447075195 0.0247828785844397 -0.463489332319853 -0.760634334812685
0.0346016497523324 -0.0112960340285336 -0.628130195301793 0.0867043949390967
-0.0245392176619858 -0.02430253205412 -0.14017839157232 0.392366128355946
-0.0281344122551723 -0.00177082236569257 0.134467521935253 0.115146584833524
-0.0228587532960738 0.0168044449571681 0.0825852750690183 -0.211359921931504
-0.0407593560811024 0.00705553652902279 -0.0793181487993791 0.208857742799068
-0.00605487805503219 0.00815542469240458 -0.152826384182103 -0.0881582666208908
0.0143954435667276 0.0156145424865889 0.122581268599111 -0.376332554264728
0.00781878869668803 0.0497414038873027 0.55898769718526 -0.122491161116654
-0.0262892488784415 0.032747271810073 0.488927430647658 0.670212361829863
-0.0535943231393867 -0.0351141971488631 -0.386925597288625 0.862193369888409
-0.00874526882911614 -0.0281775481200695 -0.726874166796738 0.175420226912858
-0.00402031048371667 -0.0251266930397668 -0.0959914503962996 0.0873412344567819
-0.0358922922019093 0.0283960678534169 0.720873624051524 -0.0834717644832965
0.0139447961675193 0.0431997031344457 0.482334239515634 -0.820093771488052
0.0485903576691947 0.0268198777839295 -0.47494903586138 -0.747988370327402
0.0333054699675231 -0.00972612461093381 -0.627618432150281 0.0985008955765172
-0.0268068142412136 -0.0241290105700978 -0.138004251563016 0.396357121506569
-0.0293571120443644 -0.00212392304102101 0.133752640509303 0.114021821968848
-0.023918025130209 0.0169616306992138 0.0791463279785227 -0.20905210786741
-0.0110877927438897 0.00318058256473717 -0.0799931958237036 0.204325625914397
0.0145430425026932 0.00828638133792105 -0.157454698600531 -0.0936793445011678
0.0263689058807695 0.0056894057823401 0.115879213308868 -0.38071056789592
0.00591294319058008 0.0300474634278893 0.552239242576123 -0.112720467810111
-0.037156645696562 0.0110184301785218 0.477320632593028 0.695509622948008
-0.066459083432595 -0.0428478720587861 -0.403419045999721 0.879455718430095
-0.041599134177453 -0.029180369603412 -0.721415510561562 0.19290687614732
-0.0466811256859675 -0.0272877824104993 -0.0737284113375902 0.106374098932247
-0.0680569009720294 0.0299921968531973 0.732589922192336 -0.0969293566171307
0.00541453895954615 0.0359219861535933 0.450198927762088 -0.829386140229906
0.0420490294529674 0.00444872328414651 -0.512567017223693 -0.710577533602311
0.0290115738028869 -0.030239248939767 -0.630947151410597 0.128613054977085
-0.0167954447199731 -0.0314745613514586 -0.127758947597132 0.3952501250864
-0.00971302282530828 -0.00126163584336358 0.139641127101781 0.100866518275859
0.00391754561257613 0.0172698257656415 0.0768872847144351 -0.223137870238223
-0.0137951399142747 0.00195870239588027 -0.076300735891313 0.20457750976519
0.0129839330458169 0.00841741443927718 -0.156852965467093 -0.0931520125477703
0.0266469254613651 0.00649511704193291 0.111635535147792 -0.384310368570131
0.00813069832298664 0.031643166821219 0.55161627522216 -0.129350272823851
-0.0340142772343876 0.0124715667514283 0.490750054898496 0.677164241449852
-0.0667957010522106 -0.0422466988206658 -0.38457902256874 0.881332106875986
-0.0423122071842192 -0.030568736408046 -0.722190924177793 0.19776798174149
-0.0466566525106596 -0.0307116663995424 -0.0834756435309189 0.103462092567666
-0.0687755287627907 0.0268595870581701 0.73003344563147 -0.0883538109834907
0.00629458212639321 0.0344030333248635 0.466739189863659 -0.824066185496029
0.0449979755187925 0.00603965858339166 -0.498770310958752 -0.7288371537701
0.0337812819291941 -0.0279098574630127 -0.631250683092279 0.110970862945775
-0.0154648444910084 -0.0307927308646552 -0.130861265856874 0.392760827627137
-0.0114460558365739 -0.000105949692832486 0.140165345432064 0.102924612907277
0.00179575305046425 0.017162655146988 0.0788414136517407 -0.223399324483376
-0.0170670868336142 0.003002611480879 -0.0741397423484026 0.204948568301391
0.00928707420774861 0.00859386378886556 -0.157181695147613 -0.0907306656102662
0.0258238666878776 0.00877923982496571 0.109768390944324 -0.388072093109555
0.0105008478898125 0.034325441176529 0.550373127554841 -0.144259519604327
-0.0309445049698958 0.0140823781180235 0.50145708176443 0.660372684876192
-0.0653954638605086 -0.0406412063685793 -0.367225367826882 0.881083969086947
-0.0401697700429303 -0.032724595800078 -0.724470166109781 0.205031478876768
-0.0425712391913376 -0.0317319580895334 -0.0930195735289322 0.0992805213648346
-0.066644790539853 0.0241186964543476 0.726852049802387 -0.0802275025966029
0.00704967725050496 0.0335645021456357 0.482205057035587 -0.820107396599557
0.0474836508634457 0.00825137566295392 -0.483814513987248 -0.74737722374273
0.0364538760042208 -0.0252031993582511 -0.630772768728487 0.095877763366821
-0.0168485650180915 -0.0296652340060306 -0.13340749629533 0.391331147479783
-0.0138593725388337 -0.000273418339017059 0.138209857321006 0.105579242624689
-0.00212904027708195 0.0165661970959299 0.0810427559835213 -0.222099683992988
-0.0231154408601051 0.00329525538208098 -0.0725058697614727 0.205844399505749
0.00548074553291961 0.00898298572843512 -0.156901569615593 -0.088512325855428
0.0228086526996817 0.0105370433825527 0.109734161565058 -0.391230294583321
0.0125848886111316 0.0371876892834643 0.550273948216252 -0.154382481000002
-0.0272139582891153 0.0180107568104789 0.512356127165745 0.647500506641758
-0.0628694890444452 -0.0403242380350682 -0.357841047303936 0.879179388398864
-0.0344092283454903 -0.0327997849744364 -0.725384172084957 0.2052607807537
-0.0353082948181496 -0.0328959064540283 -0.100640581886171 0.096606470734377
-0.0609513886548014 0.0224741907304975 0.725449779469055 -0.0770406772929708
0.00893779519117203 0.0349031587037134 0.494354942863709 -0.816962072462596
0.0496550379294559 0.0126928553287139 -0.472212973905656 -0.758743891007887
0.037970752523825 -0.021229784424372 -0.63076279339118 0.0867885469415691
-0.017735335646128 -0.0276536859488949 -0.136492322537919 0.389476881769695
-0.0177937904376371 0.000427230862072687 0.138045600661714 0.108665749009908
-0.0079412768922901 0.0166617869916009 0.0834488481350466 -0.219330961164308
-0.029556923829995 0.00455167607037469 -0.0730164394650883 0.207244510364539
0.00278688904902305 0.00930825218536507 -0.156226452503141 -0.0874481339549758
0.0218789036505182 0.0128742643922207 0.109741227574195 -0.392610858678848
0.0142792322394693 0.0414752658268864 0.550845829576673 -0.159123650776729
-0.0255657283758383 0.0221490057017245 0.515604703029434 0.642311191888874
-0.0607587338464891 -0.0384159981191371 -0.351644450288367 0.87705862823331
-0.0281202290329541 -0.0318675742957831 -0.725671431267877 0.205210316552415
-0.0274034260726424 -0.0323878916852016 -0.103883891749519 0.0938426654216987
-0.0548479469068741 0.0219671892534391 0.72274833716381 -0.0741004669847884
0.0100900167600011 0.0370137442478128 0.499413661968094 -0.816810343479732
0.050679547045187 0.0173056612548864 -0.466411985289912 -0.761376187659321
0.0374871547044553 -0.0174876041828461 -0.628704289597226 0.0839151496386605
-0.020806563710314 -0.0258274416968734 -0.136602819463022 0.391124498162829
-0.0219658074658249 -0.000836258501692079 0.137998010655831 0.111699677197687
-0.0136950074130885 0.0172895623052293 0.0843545633933888 -0.217171318057178
-0.0344613389447047 0.00533464530384179 -0.0738587912956952 0.208439814847127
-0.000189818610429566 0.00920785022682699 -0.155874027079054 -0.0870855710090166
0.018916381249028 0.0149070165538588 0.113114277911233 -0.388900932419492
0.0136074343926967 0.0451439690553167 0.552233097509663 -0.15432820247127
-0.0230305591711209 0.0266857260627323 0.513960190595764 0.641020620548511
-0.0580499708267001 -0.0367282784237468 -0.354329598927733 0.873906173739333
-0.0214126770512287 -0.0313857509508827 -0.725817953076475 0.200259166282467
-0.0187073750642818 -0.0308499201138112 -0.105412525855176 0.0910883050192006
-0.0484486930465318 0.0226875953540672 0.72056098950403 -0.0777863102413443
0.0119680446223537 0.038010796379125 0.496275513004677 -0.819749376505809
0.0507032491924667 0.0208467081475134 -0.466198000182829 -0.761911042255141
0.0368968110214499 -0.0139025507930908 -0.629468188273152 0.0837477090985048
-0.0228933579336847 -0.0247421537547475 -0.135999871805293 0.392666509772327
-0.0251949846604019 -0.000944757438301989 0.136719984089249 0.113587643332531
-0.0190412287466607 0.0168955729341787 0.0827760847414024 -0.214776298562529
-0.0380805552921122 0.00675454859103271 -0.0756024282052185 0.208782454094909
-0.00364757373439856 0.00829114772782136 -0.155475074477712 -0.0858279203199383
0.0168612580633824 0.0160139053542627 0.115938423453182 -0.385093741606283
0.0117176320926473 0.0484606735447362 0.556124452625787 -0.146431838817707
-0.0241889918173936 0.0297757893008617 0.509262477283998 0.650607375564743
-0.0553011192499344 -0.0359486490465964 -0.361222249080637 0.871198831366444
-0.0140630708401621 -0.0305850582683486 -0.727557905546176 0.194349597000877
-0.0104995334956242 -0.0279228321271918 -0.101780948995613 0.0895136977002827
-0.0422045286586275 0.0246668296950699 0.720498683924147 -0.084798194928267
0.0134925800064193 0.04062489354119 0.487993036094236 -0.822039908202685
0.050535098367947 0.0242146070909037 -0.473166470334112 -0.756021465534033
0.0351572962572778 -0.0117924204947745 -0.629097089688588 0.0947108092788839
-0.0255141602446467 -0.0243232871467176 -0.134567769590136 0.396146627693772
-0.0275743927812543 -0.00175762159061168 0.136382799600745 0.113787894000016
-0.0223901924833134 0.0178808916472872 0.081325865533902 -0.211209851452142
-0.0408125868411848 0.00728633065948861 -0.0768308192184923 0.209956450055116
-0.00521771645592832 0.00830390671938966 -0.154873372376506 -0.0855013912927669
0.0151625517160861 0.0162034446769341 0.119153988293028 -0.379592645400052
0.0093253586125898 0.0500409568845402 0.557965694965256 -0.131385177136875
-0.026111045312549 0.0330060130646326 0.4997930873164 0.664686760714027
-0.0540607731861209 -0.0344056987917823 -0.375824649429981 0.869073557174291
-0.00838253469521041 -0.0274085835845762 -0.727078764147089 0.183938773477359
-0.00413673202095811 -0.0245061500158998 -0.0943280790950698 0.0901169828503861
-0.0356172982760656 0.0288476027993151 0.721894531992894 -0.0922204400216557
0.0148390417004895 0.0422806783772721 0.473361114120039 -0.82793157131455
0.0495158838134169 0.0261907142464481 -0.48551751458486 -0.742001093224216
0.0332285296930833 -0.010770601999344 -0.62770706108561 0.107395876913527
-0.0274143077735531 -0.0232217312115115 -0.132860984423225 0.398105708143615
-0.0294138676982385 -0.00258104284464097 0.135940312952894 0.113420681302981
-0.0250162917852935 0.0175255024696306 0.0782143015874046 -0.210372598027442
-0.0109846505416977 0.00415722112723006 -0.0772805311133883 0.204938134420386
0.0165782355604075 0.00709328029471728 -0.15927537234482 -0.0914642253247148
0.0266198197300299 0.00614054505764431 0.111140716116972 -0.383050635614204
0.00692139921645376 0.0300235769711039 0.551665545104503 -0.121858410834479
-0.0369054595964757 0.0117040335939 0.488491466786266 0.689924066983323
-0.0667896906454959 -0.0428822690918638 -0.391427136713722 0.885972634602275
-0.0406749671685261 -0.0283046815446792 -0.719642846884587 0.200453538831495
-0.0464127385867263 -0.0264926900868412 -0.0729049466369363 0.107297800886856
-0.0673954833883234 0.0317494733483167 0.731421717913834 -0.10683044747492
0.00622334205312423 0.0359769769511944 0.439727570214469 -0.83434188750112
0.0426880982511965 0.00391925929017562 -0.520966546524497 -0.705913388726888
0.0293714230942613 -0.0305496273442292 -0.629856352778399 0.137296101718643
-0.01736083430221 -0.0307988219279267 -0.121849985999013 0.399666587418006
-0.0101102602413695 -0.000481945859394746 0.141340426931871 0.100219730754743
0.00334099905324753 0.0172757792957463 0.0753872550419123 -0.222739768678218
-0.0130885253065912 0.00347121079501058 -0.0740985799297341 0.205501238324281
0.0135271189486257 0.00699613426865853 -0.159311203577806 -0.0903319528010341
0.0266017892108699 0.00722459767532199 0.109580662301109 -0.387082016877921
0.0099743894582663 0.0320174772003676 0.549901570589884 -0.137806450191784
-0.0336245110791842 0.0121866474584804 0.501806728882981 0.671308401626035
-0.0668981634539697 -0.0416705164044461 -0.373148389070836 0.886305836923081
-0.0421955645340923 -0.0303096838320308 -0.721280646960544 0.208343211173424
-0.0466167508562461 -0.0294067357063994 -0.0823833459480031 0.104253185390401
-0.0682265105272392 0.0279481827498303 0.729769077458263 -0.097531547003903
0.00649089665458952 0.0341555060313939 0.456790523471787 -0.830604426112921
0.0457196359400127 0.00639066133007956 -0.50848017617821 -0.723622340308019
0.0329014162833805 -0.0286231476966081 -0.63135343864208 0.119296267883253
-0.0165365626793462 -0.0296053176746501 -0.124369009837424 0.395173392114073
-0.0111545205711158 -0.000142927949136781 0.140854180939373 0.101799170793723
0.00173264696957299 0.0171845776142437 0.0767647490078 -0.22377778895737
-0.0179990267415743 0.0033594752512876 -0.0715226900164789 0.20666233543961
0.0101372145415655 0.00867592177384601 -0.158472606454906 -0.0876423502602623
0.0255937101313353 0.00833990050827044 0.105091689405557 -0.39123639405756
0.0112740080259845 0.0340210950139461 0.548983607949418 -0.152409114683014
-0.0306669202550631 0.0144715661440159 0.512821980757466 0.65467568501469
-0.0659039854867332 -0.0403867821372114 -0.357253808122727 0.885857748152255
-0.0391534508272971 -0.0314421625631787 -0.723459076901541 0.215193806254718
-0.0421148922094378 -0.031095769724822 -0.0917910887836895 0.101344092932857
-0.0651651281259563 0.0248959234507568 0.725839348354089 -0.0899466692637485
0.00751698665083894 0.0339976750611548 0.47283072446887 -0.826197246779536
0.0478006865953951 0.00814993135357525 -0.493174186946445 -0.738605791430127
0.0358493068715463 -0.0254625276817614 -0.631422135208781 0.106171101881587
-0.0169144233969062 -0.0287003324621257 -0.129316580791681 0.394103016954166
-0.0134854161930405 0.000346206272064577 0.140960621866266 0.10444896021625
-0.00339337280185292 0.0169600642934955 0.0796742123339797 -0.222641648596747
-0.0230246871114863 0.00431334958575103 -0.0706800568555416 0.20717396961876
0.00638520645211322 0.00797159597316532 -0.158224307305568 -0.0864832596331196
0.0240266646403319 0.010247223322295 0.104491372433724 -0.393352664693733
0.0134338524727551 0.0380909096074901 0.54860548849013 -0.162658995690651
-0.0278039253359888 0.0183290094042528 0.520660307936236 0.64164311617138
-0.0645471419224785 -0.0391882736241489 -0.345625344826884 0.885608230796732
-0.0345148072084106 -0.032270418915868 -0.72387491426873 0.215979305554293
-0.035771185358964 -0.0322864316267244 -0.0986910282731941 0.0983687344985671
-0.0605311548705114 0.0237641605083948 0.723039877077536 -0.0860666531545736
0.00860832207623598 0.0350021292404949 0.484376153127683 -0.823025366574
0.0498646427222811 0.0117137721840241 -0.480916871276076 -0.750756204486457
0.0374841455492638 -0.0228069078785068 -0.631227487836191 0.0964786681982517
-0.0189669497679759 -0.0268161046122466 -0.129926335340146 0.393649054427127
-0.0178484585120949 0.000369360760718584 0.140319145452317 0.106753537019891
-0.00829288957787718 0.0168809952246544 0.080978428928686 -0.221107095730844
-0.0292135252422444 0.00457509587065262 -0.0697595497538375 0.208289636092646
0.00322739359307422 0.00842026251121753 -0.158138685889404 -0.08576622535925
0.0215977799939825 0.0123017370410777 0.105986625533587 -0.392744386773084
0.0148137645111608 0.0422633828168699 0.549982467038733 -0.165637816149151
-0.025083190084359 0.0226339552188566 0.525611952105976 0.635566047718249
-0.0614721102692819 -0.0379874438690539 -0.342368199537095 0.884122152014679
-0.0281505938413888 -0.0315382305457613 -0.724548031786647 0.215659962936856
-0.0268795902513356 -0.0319450002267166 -0.102920855310978 0.0955597267762575
-0.0541115398812903 0.0232934163517946 0.723019758976984 -0.0846795414191253
0.0109685855455737 0.0363280353858249 0.486395330017777 -0.822858742887607
0.0510548615803477 0.0157324015302353 -0.478261414112512 -0.756159468602643
0.0373816248644861 -0.0182457614203045 -0.630621797177549 0.0923117467574626
-0.0208845127493054 -0.0259039132098385 -0.130567774367233 0.394595930025356
-0.0213938457420889 9.53812465733475E-05 0.139148378155908 0.109809109803134
-0.0138092937151579 0.0174038604337745 0.0817259293091036 -0.217393751976696
-0.0343809516594769 0.00661120979147413 -0.0714383849900684 0.209569273530928
-0.000117780423360414 0.0088578003851807 -0.15695270482724 -0.0828125873231106
0.019689994318383 0.0138250499449044 0.106987061508998 -0.391102227576792
0.0151702837946382 0.0445442985753666 0.551624101155696 -0.163641812515443
-0.02332701724701 0.0257412717665543 0.523443743051931 0.635655798044662
-0.0589157159763673 -0.0367824702331866 -0.343869446015842 0.879108507125834
-0.020420838603607 -0.0317662315481629 -0.724797635542452 0.210162709115359
-0.0183122266137731 -0.0305334231403446 -0.10326951971315 0.0929823023611605
-0.0469400060288144 0.0238037871026665 0.719895117588274 -0.0880923236541342
0.0122713090728047 0.0388460510156717 0.48625968274334 -0.825545810929271
0.0511390239431053 0.0207173319967859 -0.475597143810725 -0.757255200339189
0.0368282272986473 -0.0154469753382457 -0.630415933701114 0.0953566019893953
-0.0239987144141411 -0.024202877321658 -0.130759935889464 0.396466062033648
-0.0248160716072671 -0.00105307919183604 0.13890024378602 0.112366629397396
-0.0186219739994087 0.0170593476593258 0.0811966629291433 -0.215216776916655
-0.0383384796613218 0.0073694417099861 -0.0729841311162199 0.210841085594682
-0.00211007009924686 0.00825358567565067 -0.157165217917674 -0.0830991398946661
0.0175235667357094 0.0149609206411105 0.109652123478663 -0.387372047268532
0.013367602957542 0.0483962928070984 0.555479609619802 -0.154469160118065
-0.0237133594004261 0.02989690147123 0.520133291664906 0.643245232993706
-0.0564322147012434 -0.0349566960494791 -0.351199957295226 0.876136641020996
-0.0133945822362758 -0.0302920420661919 -0.726110393200921 0.203662984557022
-0.0103349634557518 -0.0279202158283459 -0.0997620278458397 0.0912850537828373
-0.041139892386569 0.026101428607109 0.72069950455709 -0.0936959190585979
0.0143091395811687 0.0406817020757569 0.478335790064609 -0.829812554310056
0.0504103252018715 0.02405857711941 -0.484489681986663 -0.749706617909442
0.0348874561085695 -0.0123298129701783 -0.628479382721401 0.104867919864564
-0.0272361859780403 -0.0235166394293283 -0.129677178838164 0.399835781460902
-0.0282418797182651 -0.00193240666971297 0.137760912004552 0.113071514657009
-0.0226119806903105 0.0173935322291057 0.0785138730369756 -0.212390700301374
-0.0406868025525805 0.00767591586134295 -0.0753880399426981 0.210871908120225
-0.00424639689452498 0.00814267991784562 -0.155834586783051 -0.0827029211677927
0.0151356826196212 0.0162557473836478 0.114751899507376 -0.381731000522803
0.0112093638270885 0.0500319937981632 0.556970395857095 -0.141002630250041
-0.0254101941568 0.0330122213878784 0.509954155944818 0.657741231698621
-0.0550769448579907 -0.0340828786030212 -0.36664514213579 0.874028231623288
-0.00839637006120442 -0.0273297706597692 -0.724842542977807 0.193917907492569
-0.00429576724268616 -0.02457412718722 -0.0932140253107026 0.0914281093686574
-0.0361971992157182 0.0286105354120782 0.720174008693102 -0.100205744531839
0.0151860477523878 0.0422390108422231 0.464985015771531 -0.833737284617663
0.049950108933261 0.024836324913546 -0.495996035040828 -0.735839113018833
0.0330388246164056 -0.010484716446107 -0.628478688093069 0.116724537185419
-0.0281098639945015 -0.0231249314209003 -0.128284929311215 0.401931321273522
-0.0288460798927747 -0.00189620779586579 0.138609114878837 0.112023420046499
-0.024456957715303 0.0180685820148401 0.0764225356210358 -0.210512482176024
-0.0106807077021002 0.00386975512127386 -0.0749217834289452 0.206214407766399
0.0166886908454959 0.00675907472039913 -0.159966146693904 -0.0881020899898951
0.0270030865966742 0.00614719455862347 0.107256740595266 -0.384977184159319
0.00813918852849314 0.0309451438731122 0.548875458266664 -0.129678894591025
-0.0360740173026781 0.011602599112429 0.498822587433805 0.681470111756781
-0.0676060045103013 -0.0411968753681925 -0.380004326086076 0.890701266645369
-0.0403099834498021 -0.0283682259144489 -0.717583245223896 0.210707833448854
-0.0457044277391104 -0.0251480009041078 -0.0703024539637574 0.108232471479093
-0.0656747196630617 0.0319133571263632 0.729113708740799 -0.114515716056487
0.00699678616945454 0.0355998778455496 0.42879603762166 -0.839945640269959
0.0429762928612378 0.00380616462273856 -0.53015083937843 -0.697133595724564
0.0291478122481724 -0.0309069092402944 -0.62811402143211 0.14742881720312
-0.018004070052793 -0.0300583274033541 -0.116395281831137 0.401354754251951
-0.00954335473717305 -9.19754624243308E-05 0.142705203622089 0.0977169403510582
0.00407005787985927 0.0178829390351808 0.0722266365345647 -0.223365902265612
-0.0135518197514978 0.00411811592131003 -0.0721697363356955 0.20614813261499
0.0147945009798251 0.00669277071148995 -0.160000916168419 -0.0870457309905834
0.026657443866518 0.00591559847656757 0.103160432956762 -0.38903585329478
0.0109383433550837 0.0321749461118485 0.546764179492595 -0.147387303183504
-0.0335638434394783 0.013026223228659 0.511189368749393 0.663622224579178
-0.0675898286960932 -0.0412292885584775 -0.36123374679057 0.890873266799529
-0.0410088634121327 -0.0294388352594304 -0.718428750000121 0.218736924507379
-0.0456653808519818 -0.0280149913106638 -0.0802791206674385 0.106049799888389
-0.0669042662205289 0.0286275157446417 0.72802023780949 -0.107730786068604
0.0073413036255748 0.0342253466435168 0.445044210773433 -0.835049929202983
0.0452232090467927 0.0042632037730826 -0.518114196025374 -0.71544490609428
0.032952542510121 -0.0295002804764584 -0.628760824182856 0.129583694144702
-0.0170637172641038 -0.0290523242995865 -0.120310167985737 0.397313786677355
-0.0110664077892253 -0.000236898627931189 0.143241705204743 0.100215875227009
0.000934881537818618 0.016983253109332 0.0745786656173742 -0.223968563654789
-0.0172489254695255 0.00382562321367159 -0.0691720201258563 0.206726355846429
0.0107305971398711 0.007682119044143 -0.15870836898176 -0.0845221493966585
0.0256963521440209 0.00815143711061079 0.100308479686767 -0.392998758768946
0.0136080639822893 0.0344051101965524 0.545724563661371 -0.161154694449223
-0.0309551523803484 0.0149364178239521 0.522631043319332 0.647646549991826
-0.0667734304626065 -0.0395654756771575 -0.345404230319947 0.89318292519994
-0.0383878712401635 -0.0309573352226658 -0.719454268751211 0.224635177308535
-0.042163133630018 -0.0310064808148829 -0.0897967522133666 0.103341572148696
-0.0651898828278106 0.0262132821798307 0.725499444069025 -0.100159424438749
0.00864434471042829 0.0341673094194072 0.462762639481025 -0.833118996132104
0.0469906955509918 0.00748765248416253 -0.501412073832802 -0.730613436062994
0.0357988075915342 -0.0267960289552944 -0.631594904452887 0.114894043185152
-0.01764470724418 -0.0282674578996628 -0.122063407819343 0.39507719014545
-0.0141926291948534 0.000211676920170122 0.141847763930398 0.103199731195533
-0.00246222550154823 0.0171878491606283 0.0768200478785482 -0.223407045995658
-0.0228907408506036 0.00446480310866741 -0.0677486177504033 0.20818189841079
0.00741658533866931 0.00788955367069611 -0.158925235357202 -0.0832226940394646
0.0237369666308212 0.0101330575587309 0.100455915340502 -0.393920011915911
0.0147042371045626 0.0380656198245745 0.546175096077896 -0.170805186161277
-0.0270003034029725 0.0183882133775766 0.529545991742412 0.632932959759048
-0.0654974726341358 -0.0389020098232442 -0.33474767558429 0.89189930015174
-0.033208940305035 -0.0312724217399163 -0.720266345288975 0.225113807486262
-0.0352303595314142 -0.0323632077210865 -0.0974999465129539 0.0998013816051428
-0.0599271130768316 0.024637630055035 0.722387453914791 -0.0959683997824345
0.00945983121491292 0.0348185778740762 0.473585002505377 -0.828027429748918
0.0494842257822118 0.0115014078755844 -0.491584059107663 -0.746065455261976
0.0378865259101997 -0.0224169321305122 -0.630738415344424 0.105332568512858
-0.0192002885313976 -0.0268008938101665 -0.124513979735083 0.395968554728717
-0.0175734658986286 0.000780469600468329 0.142534016921789 0.105398950100663
-0.00872261442709 0.0170123686760371 0.0778800956503215 -0.22128045816165
-0.0290045084345303 0.00575049370697008 -0.0680425292398804 0.209122122649976
0.00429599797861151 0.00855038282062772 -0.158912623508075 -0.0824087231026359
0.0227087813605896 0.0127041611843043 0.099969916815977 -0.394641298524766
0.016614815150864 0.0414876674870627 0.5459933471301 -0.174537368155671
-0.025090029240107 0.0219763908139209 0.535718268940651 0.627622301074278
-0.0627268709135322 -0.037415686274653 -0.32858585826846 0.888063339388283
-0.0271536909288328 -0.0313390631862503 -0.721548069813989 0.225937844651124
-0.0275324271539495 -0.0317233067083954 -0.101183502575242 0.0970773654212307
-0.0530238595790724 0.0236055672580855 0.721066761256531 -0.0943860904667315
0.0114497408162067 0.0361325041813703 0.478785720542546 -0.829612277586617
0.0511747682254525 0.0155793754511812 -0.486652096621393 -0.749232804283435
0.0371365949975514 -0.0181990451131101 -0.627762845362107 0.101697733867212
-0.0218235127812338 -0.0246526501884367 -0.123851922311426 0.396281568768302
-0.0222428605152436 -0.000148679135866236 0.140935670206039 0.109136758840751
-0.0134450129865583 0.0165572334029793 0.0796575549931137 -0.218458953145623
-0.0344144297006204 0.00670486430857366 -0.0681587199068498 0.210840255652595
-0.000149449021310337 0.00783900627080088 -0.158157121815462 -0.0803719911161289
0.0203990112530509 0.013407439080831 0.101997685086898 -0.391867596329055
0.0165410626269246 0.0443101496739207 0.547122110022524 -0.170586034631871
-0.0236287996886956 0.0270837241657664 0.532901351939513 0.627401503523926
-0.0586156802100155 -0.0363860085538824 -0.332555014970708 0.883461893332779
-0.0201317218647463 -0.031714568383877 -0.722845640192834 0.219234657446344
-0.0186171478637913 -0.0299209205382958 -0.101999011057023 0.094441006386763
-0.0462700157280892 0.0246730403226196 0.71842130260835 -0.0966103881971405
0.0131508464640392 0.0372255822966145 0.475484488967863 -0.831302108286751
0.0506571210298387 0.0193530635058508 -0.488278651963921 -0.746529189256442
0.0366260517327216 -0.0149311288568877 -0.627860996166809 0.103283369894778
-0.0238078430093517 -0.0239837691702116 -0.124791187521953 0.397282438199327
-0.0245515782200053 -0.000341269108853135 0.140278848663994 0.110628222518174
-0.0189636073836756 0.0176193312172604 0.0778718331673189 -0.215831534977466
-0.0378508421576371 0.00859587020736686 -0.0699276731358427 0.211403153315328
-0.00194512092157608 0.00745350353926291 -0.15833942662643 -0.0796788019049658
0.0182040241522583 0.0144524458100501 0.105069096345708 -0.389796220569269
0.0141918114490699 0.0480729115145269 0.55225725102067 -0.16304143321615
-0.023837024065542 0.0302713250748923 0.530237584984973 0.636340270286369
-0.0573072069432025 -0.0348941223008212 -0.339896523760431 0.88161887123445
-0.012522892213138 -0.0292016827732444 -0.722936988829347 0.212834717862899
-0.0103277137132586 -0.0275302560526243 -0.0982861821559764 0.0929587143073819
-0.0400528529977435 0.0270586337721535 0.718232936605222 -0.104594796156342
0.0145318956621766 0.0394881310946462 0.46592538890697 -0.83341850807397
0.0505773835274255 0.0226151749850461 -0.493357011484341 -0.741087521452225
0.0353362973721578 -0.0130995368448154 -0.627943556499454 0.113493270407143
-0.0271276952651209 -0.0229163330864285 -0.123439571055915 0.401079449582914
-0.0281153902916523 -0.0011297274791279 0.140057845099268 0.110087730377582
-0.0224014281526568 0.0174836888220625 0.0768436996406612 -0.213583162660148
-0.0393458964039308 0.00901022990548384 -0.0717953528611228 0.212694804183937
-0.0033135188020485 0.0077791212159379 -0.158116087237219 -0.0797362769542167
0.0155440776886022 0.0154692213978896 0.109772094406295 -0.383227848524598
0.0122286008498511 0.0506610428233952 0.555490843348737 -0.147986144115763
-0.0256048860046304 0.0328384615756043 0.52055349791278 0.650526937666219
-0.0561076531258681 -0.0337731926019121 -0.35508090495962 0.88027229846929
-0.00775944221464224 -0.0274570807407731 -0.721482984720075 0.203070706364801
-0.00405313018724597 -0.0243902926782691 -0.092002321006838 0.0926010641636539
-0.0353351910409506 0.0289960512752812 0.719689519534088 -0.110230033898259
0.0161901397321354 0.0420141481972578 0.454332815495287 -0.840682853002827
0.0502738950940214 0.0242797389641809 -0.505790162275696 -0.727992494373167
0.0330412720992682 -0.0119242935000652 -0.625521750517504 0.125929977985387
-0.0294760938704508 -0.0221982911698548 -0.120916649455964 0.403284854625025
-0.0288011184328099 -0.00148453538473841 0.139056121036074 0.110939641699283
-0.0245613367477603 0.0173801553764511 0.0733698485499282 -0.211545660417992
-0.0092086595340614 0.0100432902772468 -0.0489892176115301 0.211158444122292
0.0141884355124126 0.00426390061331285 -0.169560505444609 -0.0666663502484022
0.025790647337268 -0.00522359226073362 0.0579823122678449 -0.391129463406036
0.0216903998245677 0.0233745519321543 0.525413945421491 -0.195577580747932
-0.0183689830070686 0.0261707678535515 0.57765115214011 0.616283519401915
-0.0696051037541189 -0.00733529714132403 -0.267515008605008 0.916705564124401
-0.0498638669203083 -0.0125965958984248 -0.684041544619148 0.290471969890656
-0.0470674964832044 -0.018436562744873 -0.0559104947751134 0.11397336251455
-0.0579688870267487 0.0314245817311572 0.715489261532114 -0.185356329047489
-0.000431054444142855 0.0289629964111072 0.353418706935363 -0.877844101804237
0.034070306945885 0.00366433982826232 -0.590800920169479 -0.639729799584547
0.0310259436596818 -0.026750436152882 -0.614732393324332 0.201808582014594
-0.01474711638354 -0.028447687157323 -0.0787656210682059 0.411727994739669
-0.0109011638298899 -0.00201761572092013 0.152747459948494 0.085300872586251
0.00274860480329251 0.0169340187509006 0.0538850263910085 -0.226586925048054
-0.0111046325159658 0.0106590396650789 -0.0464388578153051 0.21024901999889
0.0114860913678078 0.0043682737377693 -0.168638628002265 -0.0660154858732111
0.0250058024270792 -0.00355247265873648 0.0546638192931362 -0.39535921485201
0.0247303357692023 0.0234466751317114 0.520780206543886 -0.210981911154513
-0.0152452614121367 0.0262777851487105 0.587846217552974 0.597524399944962
-0.0687271746714263 -0.00708533689440707 -0.248949381132522 0.91529990692061
-0.050736133726612 -0.0142635940926525 -0.68375332515119 0.299124122391089
-0.0473777056540653 -0.0210275359164015 -0.0665984313346345 0.113368247170995
-0.059245762462443 0.0282333981100111 0.71347071353374 -0.176463701358376
-1.6415199658372E-05 0.0273098538277298 0.372737031643109 -0.876036538400564
0.0368129131088631 0.00436249999001114 -0.581062343452284 -0.659143007417681
0.0343195999693264 -0.0255432564509617 -0.617479790479494 0.18571050437636
-0.0136095286094936 -0.0275777901512257 -0.0822136642121632 0.407332099445663
-0.0115302347612113 -0.000325905039979692 0.153485992294153 0.0877472405488296
0.00121863699690923 0.0170032750000463 0.0563384601210663 -0.227719774984018
-0.0157651061260299 0.0106369573195045 -0.0432233347755428 0.210099864807186
0.00918085185836748 0.00528641341686672 -0.167343336162823 -0.0636582282423225
0.0244146959283712 -0.00232795509044657 0.050366378826145 -0.398392353327993
0.0271800475167626 0.0246944609606564 0.516494362968711 -0.22580520577099
-0.0115313471838004 0.0275845877145926 0.597137270288398 0.576660437615625
-0.0676024866360002 -0.00625632483798858 -0.233070257865818 0.913382585789925
-0.0495079554769799 -0.0163283777056276 -0.684262465862117 0.306358909602229
-0.0449404945113724 -0.0239283865116689 -0.0762283761673413 0.111427216411489
-0.0570449402916867 0.0259451684340501 0.709829323406411 -0.169421305523673
0.00110900973587304 0.0271651740020929 0.386975714996485 -0.872546835525445
0.0399679928275904 0.00601309335038828 -0.56641651857178 -0.678029007280628
0.037248605213476 -0.0220101534315646 -0.618023240156942 0.171251903771652
-0.0140230704194729 -0.0259810909243096 -0.0858773700881716 0.406003216795022
-0.0141540220307684 0.000195345423341823 0.152668258470106 0.0905614584203146
-0.00329204286305795 0.016539828777134 0.0581595374246004 -0.225689404646217
-0.0212159230194971 0.0123960542959672 -0.0421170756705977 0.211354561677262
0.00546580752190333 0.00570335680154736 -0.167989349141686 -0.0620498622566926
0.0223474308142952 -0.000489334223569899 0.0494112694240523 -0.400606772849586
0.0297121810959029 0.0282916949345426 0.515361926963072 -0.236273547991755
-0.00742092698567617 0.030328626694522 0.602818796012534 0.56325616467288
-0.0646200001591192 -0.00561803287681232 -0.221578109354591 0.910325816983376
-0.043902603279954 -0.0169780492941093 -0.68195918854103 0.30801019454408
-0.0378462204129252 -0.0252604927953745 -0.0833298135101167 0.10889831395947
-0.0524465989784405 0.023272199096153 0.708296995262187 -0.163742662183088
0.00213437227540957 0.027460203899141 0.397303052239634 -0.871698614724788
0.0421840356229573 0.010014518260201 -0.556887522207643 -0.69172219358222
0.0389129783121271 -0.0194612646178366 -0.618685245034244 0.162627256654374
-0.0154509607560452 -0.0244978956526987 -0.0874655294314332 0.405936028210259
-0.0178133022614134 -8.18619973113961E-05 0.151754458168142 0.0944611127389502
-0.00863705406911456 0.0175346484234365 0.0602572781597834 -0.224575454485701
-0.0267599517307267 0.0136266924771949 -0.041745721991037 0.211853957611667
0.00150603330585135 0.00752757328280249 -0.167225458746427 -0.0611759350565709
0.0212972413050817 0.0018487870146334 0.0504546376353028 -0.401274355046112
0.0306091769685758 0.0309901453589786 0.515614104334927 -0.239091749302615
-0.00469128255034097 0.0346074215496708 0.606149528279632 0.557448181449899
-0.0623944962501622 -0.00413741159666053 -0.21719557417931 0.907663309858897
-0.0372505576271382 -0.0188296954086588 -0.684904753101285 0.306701963258139
-0.0296448957987858 -0.025639799259915 -0.0878937074014627 0.106912498200956
-0.0463068524684612 0.0214354463134053 0.707171285638508 -0.16370523711097
0.00511695816005928 0.0283205132144221 0.40239555374326 -0.871084899676043
0.0431672102961677 0.0132246321830471 -0.55323659044166 -0.696473776968303
0.039528256950371 -0.0143327804732014 -0.619238366511973 0.157975928099542
-0.0178380090089279 -0.0221934109259873 -0.0872296371973259 0.40876334820519
-0.0214259752409194 3.23829068602074E-05 0.152088742030217 0.0965803959152436
-0.0148893241430339 0.0179681517599579 0.0617690259587245 -0.221664938860417
-0.0318073468376115 0.0164860982350387 -0.0414803885885116 0.212608030665315
-0.00133662456079105 0.00722956786029065 -0.166414434182625 -0.0599467655962199
0.0191475582353139 0.00408801782293625 0.051763112118771 -0.398575745561595
0.0311838451626207 0.0351527439659058 0.518321868780411 -0.237542998416392
-0.00249003188943837 0.0372770106773186 0.605664028367899 0.56007411545543
-0.0596904639069412 -0.00401649344003364 -0.221691540816947 0.903617224262537
-0.0305577404524216 -0.0192817074809124 -0.685540960553435 0.301110961949905
-0.0203912323936417 -0.0253820400560912 -0.0893680543703183 0.103708642950037
-0.0385960488785322 0.0222550963626765 0.705064754389563 -0.164337633411348
0.0064750507449141 0.0294283442416101 0.400124852280837 -0.873548688919349
0.0442869720108293 0.0175082322849869 -0.552334625190161 -0.695162350091369
0.0391969401265894 -0.0114757964373536 -0.618039044025923 0.160448759194396
-0.0212173769957117 -0.0210989068210679 -0.0877436412869027 0.408740064216531
-0.0259527586086356 0.000123567419606031 0.151336973246793 0.0983521040422009
-0.0197431835505268 0.018631268960339 0.0608090694360288 -0.219384414180017
-0.0354600234257861 0.0174443031228188 -0.0434022182529938 0.213894785541941
-0.00398624568106157 0.0072049813894572 -0.166267809541762 -0.0593362310628749
0.0172089831467851 0.00510016460782742 0.0549947083915248 -0.396604895471285
0.0312078276452715 0.0382878696056889 0.524139151942027 -0.229127149095899
-0.00300628223217451 0.0415307049369408 0.601392687816336 0.567151559918298
-0.0577486979451034 -0.00233665485216793 -0.228343283158917 0.903366711857786
-0.0226845316055906 -0.0184815884953783 -0.687390947649732 0.295520122196957
-0.0125093607402611 -0.0233852873302588 -0.0861513527166273 0.103216758303445
-0.0322446685148973 0.0227361713330161 0.70384762633649 -0.170719023686116
0.00836069889270445 0.0320376713457327 0.391834531482875 -0.876147572017838
0.0437253662146478 0.020649388361722 -0.55873095846236 -0.68842528253073
0.0381630821849723 -0.00948745496781968 -0.616489608691571 0.169985934298002
-0.0229472073778925 -0.0195027605300168 -0.086217409039122 0.411540343304481
-0.0280977482890449 -0.000371418815693317 0.151244628056649 0.0997401654618319
-0.0234336270141571 0.0195981913585138 0.0594499771655911 -0.216240172054505
-0.0373935926237899 0.018854818721851 -0.0456291143313206 0.21475622233029
-0.00523826921309967 0.00724264225044076 -0.164581985474219 -0.0591946811551695
0.0156364192534891 0.00628885906281708 0.0606924976533979 -0.391137980576134
0.0287619321645514 0.0409764084019783 0.528074852674743 -0.215141754995541
-0.00449746431903809 0.0448009440319054 0.595157769318767 0.582657188683234
-0.0567151464683087 -0.00226126291244929 -0.243413919209895 0.904532865726869
-0.016869897386522 -0.0166254090751771 -0.690563298583274 0.286904602675304
-0.00556257391946151 -0.0211344171975595 -0.0791887563778231 0.101958573942529
-0.0268627068727883 0.0247884503762774 0.704391695730062 -0.179612984940597
0.00947638449829565 0.0339398679547952 0.378097876737727 -0.880552192801467
0.0433855358069568 0.0230605807093294 -0.570610930895444 -0.67295821150265
0.0361525739066459 -0.00827503861226764 -0.613214970795207 0.180847765088246
-0.0238930518664954 -0.0193507026594566 -0.0844214503026655 0.414172933656314
-0.0291678418871068 -0.000605570937202372 0.150959780350475 0.0994756526285587
-0.0257060572476653 0.0200238523522234 0.0570462569744038 -0.214410779638504
-0.00841551532023354 0.0109583525033025 -0.0468270098398852 0.209820689261589
0.0141388011330856 0.00334853487680963 -0.169313371393687 -0.0634803619930039
0.0255331410014544 -0.00439455997109213 0.0534311173927655 -0.391518302008488
0.0234607732903854 0.0220409088657074 0.52108875483541 -0.202512886783555
-0.0174672892221692 0.026277850987875 0.584981870337997 0.605111275764793
-0.0698208829682304 -0.00634964134099381 -0.253682870591507 0.915762533193668
-0.0488946710608907 -0.0127973925956224 -0.675923200920198 0.299302357448004
-0.0468898454170425 -0.0170897282652138 -0.0550441233738634 0.114618703531338
-0.0573825570515743 0.0322649698607396 0.709757514909141 -0.194335342889859
-0.000444197209149816 0.0286016835242549 0.341901009837511 -0.878049556228699
0.0342948957170834 0.00260227898635076 -0.597543667489639 -0.629066121660062
0.0306011067917167 -0.027921052573187 -0.61030859650095 0.211436552884993
-0.0158939597886881 -0.0272617458287978 -0.0714307046499123 0.411981734476612
-0.01053182179613 -0.00109143773699449 0.153376092199352 0.0829907096255638
0.00302839875266614 0.0164000061662656 0.0517134747134705 -0.226149407763425
-0.011262820000483 0.0105104662225763 -0.0431568741993582 0.210367613430106
0.0125696206962876 0.00295537484458976 -0.168665103940283 -0.0624214781618509
0.0247205922518323 -0.00500183358258636 0.0496263533133471 -0.393507625067032
0.0250681655731938 0.0225931459411793 0.515320929925903 -0.218149069398184
-0.0146247077111259 0.0259277168604611 0.595058436139055 0.586489525693409
-0.068853905203086 -0.00624803357639753 -0.237073667176841 0.915652855785797
-0.0493023614823267 -0.0140630652939905 -0.67686413809027 0.305954458514259
-0.0468710555346003 -0.020293256381094 -0.0645008687351541 0.113440045299851
-0.0583960796067824 0.0294619915036012 0.707207785685882 -0.185270045638567
0.000865019572909867 0.0269027702164703 0.357529015649241 -0.876623314354814
0.0373977722165651 0.00313634172553464 -0.586028180539936 -0.650076846742345
0.0338910936044073 -0.0260765786311753 -0.612014311960554 0.19515221097879
-0.0141719775412835 -0.0263967380417904 -0.0762835759066494 0.408195485695736
-0.0114075777012778 -0.000659733169319385 0.153909032591342 0.0858679206955084
0.000454687559512234 0.016962791056028 0.0538915126922898 -0.226903310488657
-0.0154768131286255 0.0106799570999529 -0.0400954065904207 0.209903708292745
0.00972638666365196 0.00415884278019198 -0.169033775625823 -0.0607283247782468
0.0232758918211453 -0.00287860940038201 0.0457497151893068 -0.396679373400714
0.0280744546303065 0.0250154402576818 0.512447148275923 -0.232159037695135
-0.0114292938715747 0.0274977938555072 0.603575621141181 0.56831418078261
-0.0677660512321027 -0.00499167434883584 -0.218052827114784 0.913759285582606
-0.048453505978586 -0.0149431186945943 -0.675125698604384 0.314641005861995
-0.0438247620994725 -0.0221066421563404 -0.0738437505463567 0.112876074969419
-0.0558217544359466 0.0253466664219253 0.703370431108284 -0.177699255859943
0.00169062149877115 0.0263670684600269 0.37508981787558 -0.87284116405402
0.0397837161970858 0.00570147323690411 -0.572758131748735 -0.667666163146348
0.0375805111552054 -0.0228519505828646 -0.614499215321874 0.17915312593112
-0.0141247800380181 -0.0255065226176041 -0.078198583896151 0.407156093129274
-0.0142260962596725 0.000636392010629216 0.153733163682947 0.0892538053440873
-0.00424108596080931 0.0165631543643666 0.0556058486243604 -0.225580227109696
-0.0204604161773461 0.0139127302716305 -0.0395757839805348 0.211232307938809
0.00602119756900473 0.00531621245401115 -0.167734226227595 -0.0591155143911334
0.0234238695956905 -0.00100329617637631 0.0446377512250057 -0.399275824898611
0.0303963063597116 0.027485191820415 0.510502714878828 -0.242358374109396
-0.00712144891815568 0.030300012496495 0.609141906836559 0.552364327255556
-0.0653724890437819 -0.00530156046528772 -0.208898538171152 0.910448536089067
-0.0432397940080084 -0.0173576282373609 -0.678421163569071 0.314781577028122
-0.0375712317789892 -0.0239049598319314 -0.0815253841947555 0.109524239416234
-0.0523234792754468 0.0242527501528915 0.703925171688406 -0.172535016694258
0.00347790957060884 0.0268827488197194 0.384798878665659 -0.872806641657439
0.041500330616206 0.00912331438796623 -0.562907821738276 -0.680854283851816
0.0392800076364931 -0.0194284432338393 -0.616408748900583 0.168245401317444
-0.0164850465437621 -0.0235280510418567 -0.0812696119954038 0.40659246911433
-0.018001223592983 0.000742689532288623 0.15328061572485 0.0924537194107412
-0.00934252932730324 0.0172451540927564 0.0582802723668699 -0.223920967429708
-0.0259407861915977 0.0138883255883628 -0.0396845080106114 0.211064320123154
0.00295573402090608 0.00636439124236896 -0.167192290569201 -0.0583069579450266
0.0213441228947203 0.00194432829701681 0.0455190086951441 -0.400974200897798
0.0315293775789601 0.0308455494881735 0.511260871398317 -0.24596035717178
-0.00483765801500273 0.0331239152886478 0.611613676220057 0.547430714086894
-0.062989038018624 -0.00385202838588129 -0.205734228069781 0.908056734323043
-0.0365758922229613 -0.0182224310064519 -0.679179846219649 0.314798333288218
-0.0293026652684215 -0.025582655587201 -0.0855042471721952 0.106963106927315
-0.0451813830832464 0.022703344962942 0.701554578768265 -0.172833849561711
0.00446420982536135 0.0276026142967216 0.390271618462183 -0.872479807597501
0.0440001240403159 0.0134445946384 -0.557770472139766 -0.685255458662703
0.0389749790291431 -0.015908988388421 -0.615598149586222 0.167192958280636
-0.0182970254727864 -0.0221099983470839 -0.082004911070293 0.407892180923121
-0.0211768586867618 0.000274402808048658 0.152551646924192 0.0952200215582169
-0.014430377135106 0.0186892845445644 0.0599866696896376 -0.22230120836221
-0.030754058154324 0.0166269581515816 -0.0393868152076889 0.212788253844181
-0.000481838977903319 0.00690290734208584 -0.165938034943356 -0.057095770877255
0.0199011722162773 0.00308698799531471 0.0466363297857836 -0.398972408714952
0.0322480210146555 0.034730897483021 0.514309512136381 -0.243043963675104
-0.00211226096545065 0.0367201817723304 0.611725080478077 0.548582775535832
-0.0599409800877284 -0.00334191907437963 -0.207688889791691 0.905967188781171
-0.029523840489101 -0.0182360757704265 -0.681552998323003 0.308440256160737
-0.0208920037180413 -0.0243357025867179 -0.0864548213460271 0.106011221117072
-0.0378294294885833 0.0221911354771438 0.699823551008766 -0.175414753749364
0.00656187043680598 0.0293232459685993 0.388527987580248 -0.873561754790496
0.0435341868136664 0.0172129316770641 -0.557543163679488 -0.683818841648533
0.0384483419606309 -0.0122285322895153 -0.61279104423672 0.167996928683515
-0.0211495748950099 -0.0202109886319485 -0.0810222805502852 0.409821853275227
-0.0255364263312639 -1.26643385033637E-05 0.1521685265109 0.0976183154010644
-0.0200440296376203 0.0184580374989847 0.0584571495440674 -0.218117149284592
-0.0345018612213882 0.0180478351182568 -0.0402747829095209 0.213534230811098
-0.00360609436510829 0.00584727878288477 -0.165742933228667 -0.0559180095252269
0.0178756670215709 0.00499569551589587 0.0508647312264167 -0.395371977722884
0.0323433093358849 0.0381188661163863 0.517061552937081 -0.235207435399138
-0.00258963246673877 0.0410376992847095 0.609613615235941 0.55666584796388
-0.0574133486021307 -0.00229365047134796 -0.215124867922964 0.903643574529584
-0.0223084812651027 -0.0185018162962056 -0.681649667253922 0.302734970375718
-0.0122398927221242 -0.0229495375204833 -0.0841940404391752 0.104121680734098
-0.0315680808249095 0.0232167084049548 0.699968380142455 -0.179244694264039
0.00777613469416845 0.0315632639114281 0.380412568518353 -0.874169586253684
0.0442896555960386 0.0199473147915143 -0.566188733738393 -0.678570674523174
0.0378552024678672 -0.0100034553409436 -0.611955445835941 0.177464170232856
-0.0228474663409843 -0.0186464301437319 -0.0797859199006351 0.411897875197267
-0.0279794131043548 2.7918859874349E-05 0.152840564561571 0.0982631774664256
-0.0228027291452938 0.0193182128901527 0.0581061889238963 -0.215909885938281
-0.0362183192084646 0.0195012893290764 -0.0428580502976271 0.21463508049149
-0.00444198748527288 0.00635755766224238 -0.164898056322381 -0.0565979701209112
0.0152347455821897 0.00613386444462174 0.0562932137632806 -0.390214743098416
0.0296109819377382 0.04046991729834 0.521919291417922 -0.220832434723544
-0.00425210223538976 0.0439760202822811 0.601551988584128 0.573427769472623
-0.0567339798127893 -0.00197126315238537 -0.23173184713763 0.904025066722196
-0.0160116150686359 -0.0171753345869642 -0.685811682397109 0.293329020134668
-0.00608872262652886 -0.0204758702046836 -0.0769652538568791 0.103272534923663
-0.0260498835782657 0.0254131351813656 0.698958337678 -0.186967735770001
0.0105166689179447 0.0329940338838537 0.36550824346692 -0.881026086287384
0.0439570709998627 0.0216669842593958 -0.576264463678972 -0.662390347684262
0.0359993435371722 -0.00760751370171157 -0.609285213432479 0.189975102060421
-0.0245840625640799 -0.018903867883312 -0.0772371439985947 0.414847746872902
-0.0291188441468531 5.58762855053925E-05 0.151765074084753 0.098176393366726
-0.0246019147931732 0.0204031509100667 0.0544400042107792 -0.213484854991727
-0.00848109669617074 0.0107355875249554 -0.0439356748306012 0.20941662517849
0.0151693163157872 0.00147318667288402 -0.168588368964793 -0.0615829406814552
0.0248807430931524 -0.0056416380477929 0.048493248170773 -0.390478578763575
0.0239617631451172 0.0216937204882444 0.513866414778971 -0.207611457318313
-0.0172390493900819 0.0258154822054333 0.590233113353114 0.595753935010113
-0.0700819729141407 -0.00664118019712279 -0.241868265211205 0.915790995385545
-0.0477759688587377 -0.0119816652482508 -0.669861862270711 0.306257054173755
-0.0459359109739467 -0.0169463907054405 -0.0529468152449157 0.114244010399963
-0.055439499476885 0.0329174768599001 0.702397679004666 -0.201479596070163
0.000835346068042565 0.0290406355494792 0.328492446184247 -0.877377295188994
0.0340395978559989 0.00188878720526988 -0.601704105851567 -0.618274391008997
0.0296977882532331 -0.0266216853070936 -0.603275603166703 0.21841552986913
-0.0163129351613449 -0.026479318221454 -0.0667097954154233 0.410278020539027
-0.0103961321663392 -0.00140551307897404 0.152975414076458 0.0817301119944253
0.00215971388241889 0.016933931048509 0.0493477047554401 -0.225038635079913
-0.0110895169721189 0.010830758508634 -0.04050142148909 0.209139647714949
0.013236441636763 0.00235146887873936 -0.168851392272757 -0.0586999052533141
0.0253927511803798 -0.00342889319702087 0.0443276414125064 -0.393374142399842
0.0256522160193052 0.0223198839174646 0.510625070783954 -0.223857372351204
-0.0141610698517887 0.0259146707897918 0.60028502578567 0.574755054226556
-0.0688654544996662 -0.00628871464317968 -0.224142405662094 0.914813129929125
-0.0489371553732663 -0.0134018265818467 -0.670490619261732 0.313775598078091
-0.0467177521364152 -0.0199405573900069 -0.0623017833824729 0.114496918630958
-0.0576581264643343 0.029749779054807 0.701459138546885 -0.194119670245107
0.000586029506513472 0.0264789661475211 0.346596704089628 -0.876042768629544
0.0370407600161835 0.00229626498367727 -0.5889661961488 -0.638497879464812
0.0332547183317204 -0.025821330242905 -0.606615562546879 0.203093641154698
-0.0146874160470989 -0.0263439418516579 -0.0708835200814025 0.407645522286149
-0.0114889465588302 -0.000212608018745637 0.154293640333752 0.0845940168236365
2.90707908379463E-05 0.0161301952964362 0.0513181775870118 -0.226029686863264
-0.0145973423478702 0.0116427131140432 -0.0382104111241095 0.209121253725957
0.00885499613352925 0.00356521710370987 -0.166827065748136 -0.0571558207951386
0.0237875427716974 -0.00255287215456066 0.0400482391753189 -0.397183009472907
0.0284757561122863 0.0237941469018896 0.506116050875699 -0.238497054783119
-0.0109711248833419 0.0274434537137873 0.610133257121734 0.555814578958333
-0.0675753256204684 -0.00515357526488527 -0.208271930294785 0.91188587159238
-0.046903324049571 -0.0160276783361696 -0.670214364213937 0.320978645768376
-0.0435978772340984 -0.0218478778157852 -0.0721051864013635 0.11244935049372
-0.0548955459491267 0.0272850517652812 0.699138975569942 -0.184958200138546
0.0016648711514449 0.0265626976405699 0.36128636080216 -0.873118364052737
0.0396991515719051 0.00519527139173707 -0.577927275319772 -0.655566204729764
0.0363935954993342 -0.0233359054367957 -0.609711658614423 0.187331515510209
-0.0153847618052814 -0.0243896999904193 -0.0726591330172904 0.406199670765537
-0.0143125426331286 0.000170311852334592 0.153930262337665 0.087570568574453
-0.00400175995743677 0.0173039090435146 0.0539369044219777 -0.224689357978691
-0.0200891461334884 0.0138194942212321 -0.0366029532890666 0.209708120097037
0.00652378433443017 0.00412398094816385 -0.167614755199076 -0.055564899503428
0.022575770560196 -0.000471257155940021 0.0391015084909914 -0.398697481046698
0.0310395003737716 0.027008894432012 0.504625126168516 -0.247584780958583
-0.00773649954851607 0.0302930373362518 0.612525987789968 0.544311216821635
-0.0655759924033406 -0.00433985476197948 -0.196527966593931 0.910346903163218
-0.0424039468181307 -0.016930157736203 -0.669477750230166 0.321764467884679
-0.0373798738091103 -0.0233391405305262 -0.0800338759196255 0.110661596689486
-0.0508391590364079 0.0245615124597301 0.697593381293923 -0.180991419269036
0.00330682031453235 0.0261731967766276 0.375733563025911 -0.871485056454504
0.0415274238920998 0.00829151728699946 -0.56935718791691 -0.669526228761672
0.0389200550124653 -0.0201717754438925 -0.610723818654164 0.17652805052352
-0.0165749002390805 -0.0224428916121669 -0.0745275727557046 0.405730990668537
-0.0176437308107333 0.00125847472802832 0.153562186710382 0.0899564228693935
-0.00940463572361137 0.0173835676535717 0.0557812205131068 -0.223066267108109
-0.0258344696751448 0.0150690386495832 -0.0361566467866234 0.21088946149826
0.00294031891137024 0.00527364081123293 -0.166513483235326 -0.054983793818356
0.0212151058456729 0.00127380861579031 0.0393213347962188 -0.399500191012742
0.0324069772561894 0.0296967094332863 0.504219561457809 -0.251712264096314
-0.00373972278270683 0.0330736938521816 0.616942277408075 0.535319939779852
-0.0624703087967874 -0.00332568853434572 -0.191810139100086 0.905711477894022
-0.0352080938539891 -0.017795634832262 -0.67239670710432 0.321012627038942
-0.0288345674638943 -0.0242899851163069 -0.0846262848697009 0.108502317717438
-0.043725897941677 0.0231491421613646 0.696670694134665 -0.178603337686099
0.00508923156967751 0.0279344387860459 0.377254774998364 -0.872154562323521
0.0437086301440428 0.0126765337470318 -0.56551249749983 -0.672889023477967
0.0390518484855346 -0.016121881227602 -0.611493732748841 0.173292031556036
-0.0189379646400559 -0.0206507524113264 -0.0753685902781527 0.407585337405021
-0.0215282682537873 0.000779239308432385 0.153724994997818 0.093512185987477
-0.0147566906732081 0.0178420834259067 0.0579478573207095 -0.220084094640415
-0.0292488716949603 0.0171585902651466 -0.0356979288297903 0.212015622113618
-0.000229576142479196 0.00567107590217933 -0.16594380765763 -0.0542836301477763
0.0192848622700965 0.00357295828698467 0.0418054296962365 -0.396850124193513
0.032791631706199 0.0346182180523206 0.507048731706081 -0.248205583046325
-0.00233997043261599 0.0370625545750126 0.617109304516787 0.537941095075144
-0.059548990158507 -0.00274610327397065 -0.195390011920274 0.902004101944593
-0.0284922842698188 -0.0183050519455057 -0.67322409462538 0.316658090207409
-0.0201997095129703 -0.0241381900939907 -0.0846194152587595 0.106072282888054
-0.0377927156815652 0.0235308778438569 0.694206760740886 -0.181336462811625
0.00713852679552705 0.0294235477832025 0.374969738495828 -0.874761601449371
0.0447146933514685 0.0167641380863461 -0.562757347265048 -0.675147678603808
0.0386141657107134 -0.0130013485567782 -0.609131571215403 0.175562060732413
-0.0208740409967056 -0.0192914765445676 -0.0753807799813999 0.409725453896076
-0.0255513217750009 0.000594021431872467 0.153721554374927 0.0952325520626635
-0.0194903184128249 0.0192990166511103 0.0569724425809149 -0.217454404276057
-0.0342649039273319 0.0186113269387442 -0.0371183587946446 0.213449441886558
-0.00202684392027822 0.00568455851528466 -0.16545610593858 -0.0533767912064506
0.0175838304070039 0.00497235193352956 0.0461149585711576 -0.394314245189074
0.0327202238165547 0.037070994440824 0.510956934351569 -0.24016680822441
-0.00185279288247549 0.0407414625742684 0.612355124750864 0.545772992759805
-0.0575776798432913 -0.00122080912930668 -0.203245724420598 0.902215379676858
-0.02191119174539 -0.0171554118066096 -0.674534147248977 0.309489515417951
-0.0120013563126307 -0.0227910621590089 -0.0817389862527966 0.103694393315534
-0.030657264503537 0.0237724068308718 0.692679847951503 -0.187188737925617
0.0086116945063806 0.0307373853490765 0.367852433895828 -0.875157850029254
0.0437340587708062 0.0198289275915333 -0.569335563428622 -0.6661812645906
0.0378657015673183 -0.0109530439723991 -0.60686835885622 0.183893020160628
-0.0233462189797435 -0.0178591275639654 -0.0733729854473263 0.412129760036503
-0.0284001451775872 0.000531578024750935 0.152459090491285 0.096645693703938
-0.0231283402147419 0.0197323322069736 0.0551210329702397 -0.214921114374557
-0.0350454518306406 0.0205306356032799 -0.0402089043282219 0.213746264920153
-0.00402224632711322 0.00540568238645575 -0.164601335761219 -0.0537766915667885
0.0153220035496812 0.00591804876411413 0.0510478564006286 -0.390201140692523
0.0300233156592991 0.039730956391956 0.517839813064186 -0.227129047923517
-0.00403359756441021 0.0438262151625161 0.605615130887181 0.561460801083662
-0.0560714801435106 -0.00134694752738942 -0.218861810527173 0.901676976612638
-0.0160673762477101 -0.0163454300696178 -0.67636751767168 0.300982382776552
-0.00599265324153849 -0.0210649355677973 -0.0748101805639666 0.103577870931539
-0.0255097087236578 0.0262474557563041 0.692822054434069 -0.194438868064462
0.01062237938232 0.0328373248268438 0.351876117354564 -0.878470525349097
0.0440834168333035 0.0208958887550423 -0.581326271810794 -0.651595813651389
0.0355376631470706 -0.0089220653400361 -0.604204202343285 0.197069388177597
-0.0252200443842724 -0.0177643629285393 -0.0712469190365458 0.413967158823799
-0.0289872625291226 0.000461859904273155 0.152083063593534 0.095505471956055
-0.0247657692313605 0.0202271608256946 0.0525841524498278 -0.212799355202487
-0.00808627397614992 0.0106653481857979 -0.0416072896979553 0.207748627599111
0.0147279549487623 0.000416696293774376 -0.168079438289896 -0.0584184430029837
0.0253877930001016 -0.00470995668363938 0.0435819886082052 -0.388815437036364
0.0239449075526431 0.0214863084583878 0.508766019058211 -0.211986524102361
-0.0178469677925371 0.025407579464938 0.59416811895365 0.585740032894012
-0.0694727413594365 -0.0058418372003101 -0.230785155928853 0.912612626962346
-0.0468441632924909 -0.0115149972328021 -0.663022470952771 0.3102202652541
-0.0447618533775178 -0.0166822502176268 -0.0512089517789787 0.114314191935803
-0.0542414040202192 0.0336410568146414 0.695052559414526 -0.207518468355106
0.00101017488722066 0.0277856811176498 0.317313548872131 -0.874838761039643
0.0339419248722423 0.00194478974190423 -0.602553048727625 -0.607578368349755
0.0302895574998254 -0.0274864453787447 -0.597277843350483 0.224287312702571
-0.0157905625541052 -0.0250734792231685 -0.0608805620679813 0.40908710534211
-0.0103192311361885 -0.00118839585676176 0.153774717275637 0.0798784092586164
0.00180432707791281 0.0169444867059427 0.0471377262586786 -0.224138980003952
-0.00995993943667785 0.0108117635919516 -0.0383144906183166 0.20824568102052
0.0144034367615545 0.00214870644795096 -0.16780445715795 -0.0569394011466745
0.0240253651605504 -0.00419131562922237 0.0404723317860916 -0.392764869236972
0.0269987003173458 0.0222022745532983 0.504532925885033 -0.227533082449018
-0.0150617659454801 0.025218760811025 0.60430074347176 0.5652485452633
-0.0692312798351884 -0.00584643218426285 -0.213941325026558 0.912479912160537
-0.0482369507602561 -0.0127421271976251 -0.662492079701357 0.318874317006536
-0.0454784861513683 -0.0187382249206554 -0.0598758915297007 0.113280681712096
-0.0559167978968961 0.0312429076282482 0.693122716798847 -0.198607520904844
0.00105694571628447 0.0267605204317358 0.334349274365343 -0.872684181044449
0.0367413146109253 0.00188380036339668 -0.592025315288546 -0.626093584234198
0.0335692588471683 -0.0260036492819555 -0.601386435206148 0.206895163550408
-0.0151724962203275 -0.0243356452938866 -0.0648652061207499 0.406063876266579
-0.0117820874431681 -0.000475324686311345 0.153641269425669 0.0825148001499136
-0.00043178883245462 0.016259530686259 0.04933287861368 -0.224373159565032
-0.0150757049066639 0.0123972335695403 -0.0350046878086172 0.208023328604039
0.0107654525556518 0.00295545749508158 -0.166765625404128 -0.0554193323528248
0.0235523521872154 -0.00310845335551325 0.0372604625756626 -0.395491976921163
0.0295286405969176 0.024246084219332 0.501041267116247 -0.243380659111277
-0.0113257865976183 0.0266326130028004 0.610170087640592 0.546469985451432
-0.0672872024536255 -0.00455999188380766 -0.197351116079856 0.909227738973619
-0.0461264519617187 -0.014195667917088 -0.661912877454474 0.325839300726429
-0.0424278191875302 -0.0216457095747227 -0.0696242943076525 0.112934710246698
-0.0543346813634042 0.0276851706561064 0.691856980716494 -0.190235492335651
0.00195727064929822 0.025949540676117 0.351337893236109 -0.87077177073859
0.0397535003992314 0.00401322476066478 -0.580078686737649 -0.646281131603473
0.0366952682217244 -0.0228932710078994 -0.603300892471979 0.191626524490367
-0.014757901629434 -0.0232353786476846 -0.067846873319426 0.404329660640882
-0.0144931459842958 0.000125085652501254 0.154631483129285 0.0855131273798937
-0.00476881816433781 0.0168742484701789 0.051818936260388 -0.222694222686124
-0.0192142458748407 0.0138025681729441 -0.0341078624418269 0.20881109020596
0.00712159405145403 0.0036160202547599 -0.16675139466902 -0.0537107218765243
0.0227866496874657 -0.000940049597832912 0.0348888783205849 -0.398057928266188
0.0313905262565083 0.026897029445352 0.499629771671066 -0.251784643036569
-0.00748302108494835 0.0294727487524984 0.616823297132769 0.533133003300375
-0.0647422001437868 -0.00413860576794167 -0.18692740851229 0.905331938148009
-0.0408127456252274 -0.0164152929758041 -0.662147405912606 0.324961747965571
-0.0368942994783523 -0.022185734750186 -0.0772509363815184 0.110128698022926
-0.0499667628985825 0.0257025721177731 0.691333847202491 -0.187169545134339
0.00395589536369638 0.0261286989248888 0.361868021115508 -0.870686738149249
0.0414119268278286 0.00764594990458418 -0.570971830285165 -0.65907333498268
0.0386093334116734 -0.020570771252065 -0.606134896432552 0.184793443297315
-0.0162406822059272 -0.0214807616002529 -0.0699365263664964 0.40515335854287
-0.0173332365371605 0.000699087300752977 0.154248725454771 0.0881368497191157
-0.00940787037871572 0.0176740773754049 0.0533445655857915 -0.221524309871985
-0.0254754149110087 0.015522455992793 -0.0338617621928727 0.209232726615528
0.00349792246212757 0.00403233153836247 -0.166613972286004 -0.0526187896118435
0.0207870681651762 0.000940989887110215 0.034409802780698 -0.39757823953259
0.0338417822831361 0.029794900933983 0.497606774244018 -0.256527851352245
-0.00430316081229357 0.0322879466838249 0.620347912567052 0.526109698307719
-0.0620406353742301 -0.00262017920393244 -0.181583582787523 0.902734863232382
-0.0347533487932162 -0.0170081045710407 -0.664866873116289 0.326029753933663
-0.0286733332054516 -0.0244961235621435 -0.081162841907285 0.108967893415573
-0.043093592809071 0.0242586466097017 0.687976529832151 -0.186293084531364
0.0049974709552819 0.0275011710977383 0.366692186269569 -0.870878501351225
0.0431010486248528 0.0116158378274188 -0.568274647720171 -0.664105944084313
0.0385752216968788 -0.0164987061596425 -0.602911542622335 0.181289379987582
-0.0191927384542388 -0.0199167279362686 -0.0698603925822458 0.406075698682183
-0.0211749383914116 0.000425287768991665 0.153705441670861 0.0917907016522369
-0.0153049021176119 0.0190216433687963 0.0561003898338085 -0.218791324796302
-0.0300806448356772 0.0174688825794233 -0.0337589126728844 0.21122096174325
0.000725683786898606 0.00422567564985022 -0.165321744284741 -0.0511196421462667
0.0186002448431217 0.00326036990619061 0.037648718156084 -0.395359201701362
0.0337955040041585 0.0327370272932843 0.501366030376201 -0.253089871916136
-0.0017795239856121 0.0365456187036677 0.620288134800447 0.527170326855596
-0.0599636152463723 -0.00231464528316092 -0.18468351250276 0.89964653549636
-0.0274387865041679 -0.0185596435065021 -0.664323096595169 0.321786858508443
-0.0198410890481044 -0.0244388072438156 -0.0829493793289673 0.106443344428631
-0.0366227330314104 0.0232517570361943 0.686944836916954 -0.188119432131203
0.00731411522894621 0.0284121328399635 0.364391326657277 -0.873052844751769
0.0433338067818817 0.0155840048337137 -0.567859547055426 -0.663349728939099
0.0385331263787065 -0.0131702531507138 -0.604602672247944 0.181466114608542
-0.0219491516479249 -0.0184478138958266 -0.0702521189808699 0.408451525727398
-0.0250698995498467 0.000737857251257287 0.154035233666568 0.0942498449693533
-0.019789287571401 0.0189380850377562 0.054831781062854 -0.216735782980909
-0.0333939506567139 0.0196136950876385 -0.034791290335221 0.21154371141243
-0.000923113148587881 0.00490771306569881 -0.165009053259421 -0.0505717368395256
0.0177370674871154 0.00488472480853778 0.0409153338316819 -0.392146916428613
0.0335410698065489 0.0367177753576845 0.505553011187922 -0.245399281947235
-0.00287133250127598 0.040466546200167 0.61781330934017 0.536730844631101
-0.0575606231796302 -0.00071301067878303 -0.193204945197936 0.899893129859478
-0.020523532749408 -0.0186645582109866 -0.668627776484463 0.315504651216748
-0.0118433482117007 -0.0222761441974272 -0.0792885362391592 0.104506716138429
-0.0305223163697606 0.024535621226348 0.687954301853383 -0.193352363797493
0.00876774124084571 0.0305314687601099 0.355770200388598 -0.874113136365387
0.0447663266801467 0.0182264118525168 -0.573519503534991 -0.656234317337942
0.0371126907506598 -0.0112975652598484 -0.601035886648918 0.191220126814728
-0.0231839566334208 -0.0171507508521303 -0.067309963546247 0.409623513822021
-0.0276904983809431 0.000599414229515331 0.152737580298616 0.094729932149392
-0.0233517605771385 0.0201119020758889 0.0529105400558165 -0.21306008026253
-0.0351100718435236 0.0200215470668774 -0.0367754406886011 0.212701100905291
-0.00276664523279884 0.00432802856185272 -0.16489620014371 -0.0505749919000745
0.0154400112375635 0.00583734011249573 0.0459145387584746 -0.387899772640559
0.031691671579684 0.039690106587304 0.510023367821712 -0.232463941321346
-0.00381043683522458 0.0432674826188875 0.609408277714074 0.552302340830266
-0.0569435233477621 -0.00153063018696928 -0.208266613071568 0.898929102645852
-0.0154849989782228 -0.0172446918206653 -0.669778398804085 0.30387318731678
-0.0059764182687797 -0.0211912024990922 -0.0735024156114797 0.10387376179417
-0.0245506325682812 0.025092214422923 0.68478513419836 -0.200755115109253
0.00979331721675054 0.0329008670511005 0.341682094688244 -0.874688909557187
0.044582175768486 0.020776006875799 -0.585551082304643 -0.639767756461006
0.0360173419542985 -0.00946990541247094 -0.59890509208903 0.202380792535574
-0.0249647627114262 -0.0166188086750369 -0.0662200312830477 0.412476734146369
-0.0294158652159008 0.00050547487876831 0.15185136960574 0.0946849942968054
-0.0243092035727781 0.0208809963562622 0.0506832152451998 -0.211651326323174
-0.00794588147282722 0.0113374457768807 -0.0396939396287884 0.207138888492467
0.0162053678944778 -0.000330282978675338 -0.167362764097922 -0.0559648996747922
0.0259058785013959 -0.00519674894115451 0.0403801328347175 -0.387796635703018
0.0255651240625941 0.0210714347147141 0.503183600583741 -0.21623386834971
-0.0173340908972227 0.0253038539216045 0.59793929602243 0.573553213751489
-0.068380701047113 -0.0060377773113444 -0.219340295790132 0.907969824551355
-0.0462016368241958 -0.0119516695647168 -0.656578555195368 0.314980250513942
-0.0444093958786775 -0.0164212145355026 -0.0490031122642334 0.114186753298182
-0.0536605206606089 0.0339022626845584 0.687412731855402 -0.212884208013559
0.00139335458340275 0.0277554361192869 0.307200392010464 -0.871101178901723
0.0333517702221472 0.00143937318959779 -0.603724156450877 -0.596872441272377
0.0297580112376699 -0.0276531660505669 -0.591522034547888 0.229544407443534
-0.0162710162055447 -0.0247459501211485 -0.0564272662090452 0.407697987466253
-0.00993934343423395 -0.000491543655780908 0.154837485082379 0.0786572520413015
0.00109401382774383 0.0164473183175027 0.0455597357679011 -0.222286735999993
-0.0106150017647793 0.0118533476453098 -0.036173798277189 0.206735272293782
0.0131000434056805 0.000618880494710901 -0.167558036067166 -0.0543721497135395
0.0250880939714591 -0.00455565554562323 0.0356908585542024 -0.391524791405215
0.0276593837921531 0.0217866191323436 0.497818071795178 -0.231950365908491
-0.0147868935964504 0.025618402030569 0.605539282026766 0.554772004946668
-0.0690370510959581 -0.0048609472647 -0.201814887375567 0.907497322879938
-0.0471959175883307 -0.0125051404785035 -0.655375397422053 0.321312628118057
-0.0450811985602775 -0.0192479142286001 -0.0585455931379467 0.113833279616091
-0.0538719884939105 0.0308922890134176 0.686682158111797 -0.204603326194937
0.000695645659173315 0.0262422720998787 0.323564730771554 -0.869618341238854
0.0363006947840894 0.00183682967761727 -0.592662605581924 -0.61708351851122
0.0334274391687224 -0.0262884576488086 -0.595799205685685 0.213118694113055
-0.0151092540288573 -0.0239144843752534 -0.0600161185612147 0.405407706040169
-0.0118359165937277 0.00020533416240673 0.153979044510918 0.0813866594019627
-0.000422303028353701 0.0164137913013016 0.0478898753863977 -0.222900848809952
-0.0136428258428373 0.0121477425547312 -0.0325818270243844 0.206555902612251
0.0101091644904498 0.0011074802978286 -0.166054729318523 -0.0521579580108186
0.0229298657625118 -0.00294845598118254 0.0327870943671593 -0.391206316762814
0.02928301529049 0.0229301583459791 0.494658445168311 -0.24411519655489
-0.0108347867288668 0.0266583013717607 0.614132432269511 0.536044891982736
-0.0676943937167021 -0.00404565977308426 -0.18592196831208 0.905519802665728
-0.0451946817825859 -0.0145419800878204 -0.654511279277423 0.329903214363689
-0.0420102204438928 -0.0209186807507427 -0.0679609692297724 0.11314437264612
-0.0525207145978676 0.0280734208083472 0.683379133639582 -0.195778699442103
0.00243531581766646 0.0256697744849787 0.340511672462314 -0.868567409493447
0.0388510882016869 0.00379046157374232 -0.58248538079914 -0.634017635896061
0.0366727936901373 -0.0239564550663136 -0.598344623514105 0.198932429445227
-0.0152563207150026 -0.0226969509313487 -0.0627917267343438 0.40427007067496
-0.0140834302695012 0.000548688659984759 0.154690746213913 0.0842931230752027
-0.00450197379250862 0.0168693467845652 0.0499733052170156 -0.222171691049333
-0.0198544394535167 0.0133827099604334 -0.0317693458995825 0.207075420720608
0.0072463874335702 0.00159778953486715 -0.166178270508651 -0.0513785220445747
0.0227743401907721 -0.000929368578135971 0.0320752276499689 -0.395055406097161
0.0325476488578792 0.0257324092575358 0.492372788571815 -0.254146118138882
-0.00701556782478882 0.0285188849744611 0.619942011256871 0.521322182583105
-0.0649499606594518 -0.0028556892921744 -0.176332713337602 0.901615328701378
-0.0404368344206945 -0.0152141602685601 -0.655532595990314 0.330940930099403
-0.0359269629943969 -0.0233504777807498 -0.0752715418370428 0.110426371046691
-0.0480509363779441 0.0258775121792179 0.683302623978775 -0.192410129565992
0.00304991951200026 0.0264322327424308 0.352625364446375 -0.864851720112988
0.0420293566524291 0.00698788550801922 -0.571490075180446 -0.647540010904483
0.0381811088263584 -0.020408410098285 -0.598797891734439 0.188843369198832
-0.0166984017263566 -0.0209997897005764 -0.0663035101422816 0.402887692632777
-0.0175754535734539 0.000876022298556414 0.153160862847803 0.0868137171665385
-0.0099817499883314 0.0181558458722871 0.0525484199259868 -0.22037724291002
-0.0244192674720185 0.0157291215802113 -0.0318849835764964 0.208632339557231
0.0040134368941905 0.00333252190410044 -0.166220583467023 -0.0500416191009042
0.0211558949173357 0.00112631454798639 0.030386991197635 -0.395312503950448
0.0341342460086324 0.0288119063746443 0.491760284862368 -0.258485668782841
-0.00440832068666378 0.031778488682727 0.621549882737287 0.514760721719916
-0.0621881265596331 -0.00272745116886641 -0.172369411191464 0.899075659769414
-0.0338686951541299 -0.0176237258018127 -0.657502891519755 0.329139111413105
-0.0281213334636751 -0.0244527211651054 -0.0792351136222991 0.108584307991082
-0.0425333732923192 0.0237142578528986 0.680403185042667 -0.189307384076955
0.00588067535839194 0.0271479476098517 0.355934674884808 -0.866002516594721
0.0430747958803298 0.0107194726596172 -0.569718421598174 -0.65154798779996
0.0394779255644171 -0.0169523658747774 -0.598865970398012 0.184379960447698
-0.0189808012013905 -0.0195621405331167 -0.0659203503773767 0.404458424328058
-0.0213231195666316 0.00101670319412405 0.153677585932914 0.0907139982293499
-0.0155962804829067 0.0186109885708568 0.0538575063633083 -0.217030535129007
-0.0288041782949753 0.0175992757415403 -0.0317859693069814 0.20983214422226
0.000377650830174124 0.0039212609153471 -0.1650690617657 -0.0484205494175352
0.0199059148752505 0.00271850527500097 0.0325161443618014 -0.393107865519439
0.0349420774281341 0.0321633894336954 0.495096517990416 -0.256532880261972
-0.00218398587579496 0.0351661680405664 0.621304931069191 0.517450559955148
-0.0588018658120675 -0.00195505654718463 -0.175440743620252 0.895319095817851
-0.026190925953959 -0.0184252280814876 -0.658332690449893 0.324714132147579
-0.0194983359963851 -0.0240050729539495 -0.0810867011428974 0.106845482459806
-0.0356228486567185 0.0238348792560023 0.681206038202335 -0.192220732489351
0.0075374450667742 0.0277932100247292 0.353604793628335 -0.868947576651854
0.0437310712437411 0.0143992848744239 -0.568485770506951 -0.652649155853374
0.037848128935953 -0.013417740767966 -0.59758467480006 0.187907158683576
-0.021416967968663 -0.0171087067828355 -0.0653487585827698 0.405235874487519
-0.0246783798883721 0.00128201721423331 0.154717306065403 0.0917486664447728
-0.019829395652393 0.0191991726264055 0.052765850670088 -0.214599302684239
-0.0328564513865491 0.019692428994318 -0.0327133710279499 0.21030109500944
-0.000780757595228722 0.0036604346611829 -0.164109017066886 -0.0485145443857052
0.0179742811355224 0.00446268405494521 0.0365609482810604 -0.391801100478843
0.0342990908912692 0.0358879086940396 0.499173363801265 -0.248812688127259
-0.00172822224992259 0.0396786643256436 0.619075801418141 0.525043522393252
-0.0579369366992879 -0.000877534639005188 -0.184068040230001 0.895301273309893
-0.0198173673157613 -0.017617975235061 -0.660043151701832 0.318191322962653
-0.0117353107978874 -0.0226642547865046 -0.0768447839159741 0.105099861476179
-0.02916084412482 0.0249920720214533 0.67953771554149 -0.198809195052512
0.00929857579426258 0.0299430679609814 0.345919279216154 -0.870854613302495
0.0441453230530174 0.0182220515337369 -0.574799140973964 -0.644694527547413
0.0370062863736342 -0.0118829516247405 -0.594776934454278 0.196802879410961
-0.0238410782796932 -0.0169412096527255 -0.0639445952422206 0.410050930630963
-0.0273777722310089 0.000899432334750347 0.153265021180682 0.092416343590149
-0.0233933062083262 0.0200274235107101 0.0515524780312966 -0.211645257209545
-0.0342876204887162 0.0199602525396378 -0.0346658016500429 0.211522147790314
-0.00312962992738178 0.0033472324616366 -0.163487549562761 -0.0488030529718029
0.016076875669427 0.00519561696885948 0.0418331933184184 -0.386143407257836
0.0321036090896616 0.0379360978906742 0.503568222206042 -0.23653967299419
-0.00343315211551026 0.0426537823687557 0.611822957840122 0.541931207172272
-0.0566737336938606 -0.000301747997889609 -0.19890815039249 0.894369994806868
-0.0141096101488758 -0.0163524152530848 -0.663440589309965 0.309038130615229
-0.00537657955601726 -0.0202408934675116 -0.0723976730840615 0.104445214485174
-0.0237611079544882 0.0254388499501109 0.676927340101728 -0.205672337907582
0.0101805250633979 0.031271039547923 0.329450740828213 -0.871565895996015
0.0441752616227039 0.0199148281599583 -0.58556883429965 -0.628830403006746
0.0365059786445042 -0.00914884587356865 -0.591708056049617 0.207101127648664
-0.0257700381307061 -0.0165884877410163 -0.0613408802973165 0.411177116039104
-0.0286652264431126 0.0012082532972625 0.152926883326231 0.0921012311455211
-0.0244863145760171 0.0206646641284887 0.0490020361198636 -0.209822535512968
-0.00702353879470076 0.0114735691354109 -0.0372649499698012 0.204590499787602
0.0154169198897718 -0.00203586819238342 -0.16586048708268 -0.0539657152947628
0.0255633467958107 -0.00592670190831772 0.0357999519614087 -0.384827653473495
0.025798120619728 0.0202950546990243 0.498349429435795 -0.218855490750871
-0.0178623411043291 0.0246144757544538 0.597196350579754 0.567260520699219
-0.0684998694725389 -0.00503093270797371 -0.212534038095368 0.90307417282775
-0.0454330899680652 -0.0109191594550974 -0.6474739474068 0.317338274806027
-0.0430449629745311 -0.0154647954108009 -0.0471957293590425 0.113667314162068
-0.0528776145717516 0.0333924905852352 0.681036055240846 -0.215304328684439
0.00137376818756459 0.0277049214726521 0.29898662861275 -0.865568587406306
0.0337964038556083 0.000795140367294532 -0.604939322583927 -0.588456342251106
0.029121963841355 -0.0278835018209914 -0.585419883107053 0.23332642844643
-0.0162769680293595 -0.0234854534324356 -0.0534584608338737 0.405311577569216
-0.0104537374686584 -0.0011101396986051 0.153781833678484 0.0782353793051345
0.00123652284924336 0.0162373141561035 0.0442627422908484 -0.22049800840973
-0.00911529345398453 0.0104622656472083 -0.0344326650670117 0.205439010860683
0.0139645107998891 -0.00113965036923021 -0.166212607322617 -0.052059930832524
0.0244191133593485 -0.00482749253689404 0.0340573333197652 -0.387701252986548
0.0279630565155204 0.0207760585275936 0.493970991013635 -0.233762051636694
-0.0153266551409574 0.0246459721968344 0.607217316315611 0.54589657273852
-0.0685362343119909 -0.00497397696135521 -0.194711453371783 0.902608264149027
-0.0453356112934043 -0.0134200020539882 -0.649082141255207 0.32524777239362
-0.0442067240443998 -0.0187839271914673 -0.0566098803160535 0.114154782550589
-0.0536672793639135 0.0309882779691717 0.680118025851588 -0.206640851828149
0.00159182778819204 0.0261361731459841 0.316114065335825 -0.863348093259563
0.0364003892438985 0.000724909154400944 -0.592513738872296 -0.60784660248792
0.0332951217157871 -0.0257980048934196 -0.589882330535389 0.216156778951177
-0.0154055078728981 -0.0229465856682992 -0.0559621862559168 0.402703587300059
-0.0124478310869206 -0.00021992845770228 0.154390510437738 0.079439934757448
-0.00091948327121693 0.0168269294350032 0.0466665354056308 -0.221210423354689
-0.0135322698167395 0.0117147712694168 -0.0318734238468084 0.204203129069126
0.010265497005932 -4.34226423281867E-05 -0.165535626974435 -0.0499495365383987
0.0234525393823593 -0.00298660025081737 0.0298001159308449 -0.390057846058093
0.0302692547767749 0.0238280033934956 0.490086000759619 -0.246631064486051
-0.0106413177168117 0.0261023746796845 0.613969662328793 0.526609746894581
-0.06705097394875 -0.00364451073736052 -0.178537702166427 0.902054427328301
-0.0442060483007821 -0.0145411291514351 -0.64887815275933 0.333294483395279
-0.0413415515201001 -0.0210064127592604 -0.066557454604763 0.111953067025435
-0.0520524371983776 0.0281575956425848 0.677957444349164 -0.19675151040303
0.00311671563203987 0.0257692807033499 0.333689379132464 -0.864628685205642
0.0395658052731194 0.00292486399275835 -0.582088368439922 -0.6253226516272
0.0357388559777869 -0.0238496827680664 -0.591682384992541 0.200955266096275
-0.0147743162498676 -0.0214155577556744 -0.0596886840740763 0.40115578739594
-0.0139802293591096 0.000416379593325442 0.153761664773304 0.0831598499767984
-0.0048588283931961 0.0172390986913293 0.0489150733952815 -0.220393736178499
-0.0187986639471798 0.0141651098469752 -0.0308014119669239 0.205862519206677
0.00755098888165638 0.00144232653926283 -0.164567864264104 -0.0488767937897806
0.0225648992572994 -0.000761564381713904 0.0269833528047789 -0.392798040761875
0.0327625570240007 0.0249342302517626 0.486397868185386 -0.256546286036428
-0.0075192565747806 0.0284012978255 0.619946804069506 0.512645582657011
-0.0651510455623646 -0.00300219085700242 -0.167282685031389 0.897262685456515
-0.0385291299241889 -0.0156454967811515 -0.647065430394101 0.33264419560301
-0.0356125807373941 -0.0228798680772049 -0.0735841808282243 0.110345900456351
-0.0481941205667876 0.0255674490655312 0.676353068670733 -0.193545100343296
0.00347539028133035 0.0256716457335338 0.343585484828542 -0.860220622077434
0.0419572180901036 0.00724008378954684 -0.573325121023551 -0.638342889517073
0.0386062830582834 -0.0208320861644243 -0.595092013428848 0.192134244606098
-0.0164390730605521 -0.0202892858661724 -0.0620517933714498 0.400377897157853
-0.0178535150180898 0.00107299224986439 0.154415444621563 0.0860499018721216
-0.00993324349500636 0.0171412818966469 0.0506323356790242 -0.218679668928669
-0.0243370958797211 0.0158178313171693 -0.0308468057800129 0.207140899911114
0.00403595251992865 0.00210773334365504 -0.164681703960816 -0.0480165795451275
0.0219378300176303 0.000603041443140225 0.0280895705508135 -0.392548364750527
0.0351779333907019 0.0291949901021929 0.484520169922476 -0.261339369495288
-0.00453213122622222 0.0312591994334903 0.623531123360583 0.506961837529608
-0.0618925093561671 -0.00235210475847095 -0.165120289729308 0.893431608954527
-0.0331208991773905 -0.0173281530596154 -0.649141856724461 0.332395538099256
-0.0278107322012479 -0.0240459212217946 -0.0786684641468215 0.109169535967332
-0.0413750470843105 0.0245476704675405 0.674497587994857 -0.192140631434054
0.00539537403442364 0.026062271881706 0.345891218586557 -0.861175884582018
0.0423881493608889 0.0101499966376028 -0.569110434504435 -0.643663757200989
0.0384286145767658 -0.0174988839379126 -0.591902237167904 0.189349910981951
-0.0191339204209343 -0.0179154461445508 -0.0620613121732196 0.403306771947502
-0.0216933813286521 0.00175204357677937 0.154109481994806 0.0887651190838738
-0.0147565247362676 0.018792992615571 0.0524536092072006 -0.216172133228442
-0.0286778955486094 0.0175756704329387 -0.0308283096240932 0.207469328799148
0.00128752014404003 0.0033051908235951 -0.162884449634143 -0.0469168432411383
0.0203331573196289 0.00331136222840206 0.0311565429796787 -0.391602843986679
0.0346568610117788 0.0316578284808805 0.489867678643801 -0.257474883714624
-0.00223493155506093 0.0350372726309105 0.62167688841622 0.507034411005184
-0.0588257809709688 -0.00175450888676043 -0.16719285941677 0.889243976420448
-0.0252340959486878 -0.0178624918251405 -0.651887582187944 0.325092016155885
-0.0192463759028061 -0.0242186817558934 -0.0788327506080986 0.106207644127046
-0.0345336290148613 0.0237610395299488 0.673186762195152 -0.194917421501076
0.00735190431440182 0.0274556017658546 0.344123793082733 -0.863925241670269
0.0438168418133393 0.0140740838254438 -0.569294732547853 -0.642629851457748
0.037544456415341 -0.0142543377911012 -0.592273458674366 0.191302826541229
-0.0207469381002667 -0.0168664969745417 -0.0618326704313928 0.404049915490238
-0.025078359324429 0.000487224697862866 0.153422920471716 0.0919946491388449
-0.0195702811236041 0.0193494208765466 0.0514341453556484 -0.214528518695997
-0.0311907975012349 0.0191260253923015 -0.0320670223253865 0.209026642682666
-0.00122606475768835 0.0023587005901266 -0.163482626941096 -0.0460750549063554
0.0180937533791832 0.00440582030205932 0.0348310122606222 -0.387480451940564
0.0343507360240067 0.03484645062655 0.492950024769215 -0.250181820057663
-0.0022906459891227 0.0398745411715492 0.619743205676713 0.51698636046704
-0.0569124203336359 -0.00106304894084745 -0.174834241160801 0.889243824408765
-0.0191671883799249 -0.0178196100524097 -0.655039401715479 0.321324931340795
-0.0115337411699365 -0.0229794299708596 -0.0759493230888804 0.105423365732031
-0.0292782605291355 0.0242513144544643 0.671871782186554 -0.201321745013493
0.0094612043003853 0.0298595675052354 0.337265986115097 -0.864945801055366
0.0443563846065204 0.0170757491125579 -0.575638824339715 -0.634841926154076
0.0373073472811726 -0.0123236473341576 -0.589414485109244 0.200060356350241
-0.0232607844077055 -0.01576093541213 -0.0593266423808552 0.406387103095033
-0.0277492353883972 0.000723510439312211 0.153770622657247 0.0917460824858427
-0.0225526405244064 0.0201836447780072 0.0501970771896712 -0.210480606614326
-0.0331700864919695 0.0210359026471767 -0.0327526484886431 0.209457050382519
-0.00239176084852892 0.0029929973412198 -0.163092396073247 -0.0465555818881447
0.0161120181937112 0.00533269721543377 0.0399845228225422 -0.384955888481078
0.0326591764604167 0.0374459760576827 0.499345137794128 -0.23701944654352
-0.00432997483445112 0.0422186228006273 0.611843215654022 0.532811508801838
-0.0564838881016799 -0.000495589288084457 -0.190494873179391 0.889942115292724
-0.0130811080900182 -0.0175972322522484 -0.656730766943002 0.311944274764081
-0.00530324811982485 -0.0205426278576778 -0.0704514422538016 0.104186522250878
-0.023509299248015 0.0260659075687706 0.671268844652894 -0.207115493785548
0.0108073400083098 0.0314929593560564 0.323854194544896 -0.867494043827131
0.043705454723173 0.0187775234461695 -0.584111719812768 -0.620121992951295
0.0355278562590144 -0.0108151287386643 -0.586379682550669 0.211633535301396
-0.0246619897678868 -0.015526774807769 -0.0582557943606564 0.409962396247915
-0.0290767855751084 0.000739538844949851 0.152620327776303 0.0913527512017852
-0.024832992626334 0.0208569609998877 0.0477487961842102 -0.207977594553886
-0.00693767068427137 0.0109433665266342 -0.0361466356677675 0.202897239111669
0.0150754478068974 -0.00255944264038577 -0.165048467320841 -0.0514894667701048
0.0247879974065243 -0.00550713501091794 0.0350600303086906 -0.382793492752529
0.0263234174689089 0.0200934134973822 0.492536749709164 -0.220061274971416
-0.017727310362785 0.0247108992313698 0.597225556464512 0.556385753711351
-0.0692137162623637 -0.00425969974387071 -0.205140082768388 0.8988910184795
-0.0433398288710921 -0.0117241686056953 -0.642289969342979 0.317968974069654
-0.0419825460765586 -0.0156629712938347 -0.0458051492750923 0.113718402999717
-0.0514487613108974 0.0340694043266555 0.674667134567409 -0.217303575258006
0.00165004981845154 0.0270445821007518 0.290697463158975 -0.86175317948179
0.0329318909296073 0.000763749222513905 -0.602457529755783 -0.581552560190377
0.0293120374649836 -0.0280192375876151 -0.58068523795952 0.235204079632374
-0.0164571143521929 -0.0221733815365628 -0.0495010675867937 0.40291964452628
-0.0105681059519007 -0.000839057855826721 0.153105635837852 0.0771511306234026
0.000329520531605056 0.0170380541176018 0.0432472341636741 -0.218314626464918
-0.00993812248464927 0.0113707580981294 -0.0327005940687452 0.203313750406926
0.0129610522112611 -0.00173456877267592 -0.164495070572593 -0.0498461375051535
0.0249474031529372 -0.00429601242818795 0.0311000587344658 -0.385284255520777
0.0281272320159818 0.0200896372573641 0.487315330883945 -0.233634476073023
-0.0153347657298959 0.0244849396123746 0.606454058719819 0.538212146221047
-0.0681668052644386 -0.00464401933147612 -0.187901428680141 0.896820977909172
-0.0443268374060342 -0.0127929084629075 -0.641209390008272 0.324386785192657
-0.0431380584869352 -0.0180444361318011 -0.0557318944695879 0.113538537595183
-0.052020615230613 0.0317531369277071 0.672676610875007 -0.208805602577391
0.00149576196727986 0.0251141488452544 0.308422471472381 -0.860545818132113
0.0359730656182015 0.000578964889876223 -0.591880647663904 -0.598773874926495
0.0334563404312906 -0.0270288696054328 -0.583535564645169 0.217484881310469
-0.0142281554135773 -0.0219069403828484 -0.0534910463465257 0.399788838263044
-0.0120392725380102 0.000138080464821078 0.153933493953149 0.078578983726575
-0.00148343211262087 0.0176026234109772 0.0453472513655328 -0.218501765577879
-0.0129016489462916 0.0121154878305358 -0.0303135079578922 0.202702481901607
0.0110172167205088 -0.000361633231858885 -0.164095773644761 -0.048644847727774
0.0244542545259791 -0.00282417780961657 0.0268156486720935 -0.387713317421162
0.0314021418479992 0.0224524284035146 0.483099584640017 -0.24974602696146
-0.0118073493765436 0.0259987247697533 0.614359255486591 0.518852154488522
-0.0669429403622104 -0.00324095103698435 -0.172114902711651 0.894085137498667
-0.0423732277084824 -0.0142358758442033 -0.640249635118412 0.331861036495811
-0.0404657508698564 -0.0205288155303958 -0.064245012620365 0.110895534428784
-0.0509308984889719 0.028133623949169 0.671933716593644 -0.200291261056561
0.00307243342120251 0.0249530557155213 0.324299316133885 -0.85775946031825
0.038695219461061 0.00324695986005732 -0.581368005444734 -0.618374286897607
0.0365115693545663 -0.0248179758561404 -0.586951523082745 0.204278973784491
-0.0151492126281947 -0.0204932116725174 -0.056472363312894 0.399511248417942
-0.0139776809429077 0.000371601772287035 0.153524295002236 0.0811792206883137
-0.0048299749259621 0.0168692681021619 0.0476689146373764 -0.218610610527585
-0.0184994095292247 0.0142828465780146 -0.029225309269586 0.203815935404056
0.00761898474949642 0.000231602938526688 -0.163339299941973 -0.0473968217323587
0.0237287364194881 -0.000932285060771425 0.0260122065604628 -0.389874483082523
0.0337653098050931 0.0248381273208832 0.481346607096276 -0.258358372602402
-0.0073340096782697 0.028456345571368 0.618822991634215 0.504736278455165
-0.0649656184112008 -0.00344938234690258 -0.162444305784156 0.891523213328811
-0.0381919808848716 -0.0162444652091745 -0.640387928806379 0.335032065234589
-0.0351145110668102 -0.0227865590013006 -0.0725657871679224 0.110782428265381
-0.0469502517452875 0.0259876348012184 0.670548184146832 -0.197623566792075
0.00431215153653414 0.0254971998804639 0.337287674643813 -0.85649573948047
0.0407415912468219 0.00574403432262995 -0.571560976132295 -0.629235771811217
0.0376273584465263 -0.0214056004142282 -0.58916171350872 0.195905729540925
-0.0162756111754492 -0.0189314452743844 -0.0593323411868422 0.398367532722146
-0.0175852010654116 0.00101955999822488 0.154231034040712 0.0850588709149331
-0.0098565589403291 0.0181473139828107 0.0502813145285429 -0.216579585740027
-0.0233533775881861 0.0149850261975515 -0.0289051737228893 0.205333105864004
0.00493318456569575 0.00120031272584631 -0.162964302437048 -0.0461039092175086
0.0216448902541745 0.00116727830534326 0.025372151847257 -0.390748635335802
0.0351221480096376 0.027926844961455 0.480677700518002 -0.262063967629123
-0.00474320526798534 0.0310538023037674 0.62295972098839 0.498441552626232
-0.0614711530462867 -0.00155541827549775 -0.159093538946178 0.888682944302725
-0.0320594822169623 -0.0171784062360006 -0.643678720205811 0.333055784226547
-0.0271344999031224 -0.0238543245211558 -0.0765082070126572 0.10885772151199
-0.0403961473860471 0.0249423232708804 0.668270423376282 -0.196541905883927
0.00608154083008219 0.0264641497396842 0.340937409603707 -0.857115914497114
0.0425507059207737 0.0100949066103083 -0.567128053263614 -0.634038999959164
0.0383061018844078 -0.0168923488790049 -0.588090032556608 0.192301103216347
-0.0186213121542813 -0.0179485410846504 -0.0582810671546205 0.400381730158165
-0.021376937963666 0.000553762628178381 0.153793341876642 0.0885193839748839
-0.0159094128838604 0.0188527420823353 0.0508050329684599 -0.214543961874661
-0.0270620626273048 0.0180091346760906 -0.0285590206444296 0.206286836800381
0.001395379251164 0.00180738191902808 -0.162370341766538 -0.0445133580656671
0.0203414636166459 0.00299718215006852 0.0280766588463952 -0.388475597635217
0.0365260863947623 0.030668465529286 0.483120516002318 -0.258149650627338
-0.00300490513962313 0.0340968954380947 0.620532833307608 0.499317390958878
-0.0592007554691984 -0.00104783630741298 -0.160529360877278 0.886170137798784
-0.0243678783695692 -0.0187881239119473 -0.64456626258223 0.327160575845125
-0.0184482770773608 -0.0243761253016698 -0.0774175140671606 0.106470335910273
-0.0340360540081083 0.0237557133483075 0.665016576164634 -0.197473446690824
0.00754630589506265 0.0279125420888311 0.339483830090095 -0.857834510532074
0.0430477130556885 0.0137438074390564 -0.567801804991139 -0.632143118219413
0.0382512787618498 -0.0141558206261784 -0.586660532788846 0.195188427055094
-0.020533713398964 -0.0169406854411625 -0.0589901479346667 0.402060549815703
-0.0253672563465219 0.00102597853067549 0.152799990960002 0.0894898568462076
-0.0193958362723441 0.0198414396495831 0.0506461971771948 -0.21198868395212
-0.0317741326040941 0.0193807866660114 -0.0299038742521932 0.207192333856779
-0.000476822999138636 0.00208535719892041 -0.16196582021944 -0.0442531493456582
0.0185521652231909 0.00468025427684512 0.0319122781794158 -0.385994601102548
0.035360064751895 0.0347252011097346 0.488177249360957 -0.252476525275974
-0.00285639625099952 0.0382550385425397 0.617965575363699 0.508496261668612
-0.0577646080704133 -0.000578417800956743 -0.168243318369151 0.885108808446997
-0.0183071349931659 -0.0181818052632519 -0.647548749006124 0.32236275754148
-0.0111019355128965 -0.0231169431432643 -0.0752386218612066 0.104594532962557
-0.0278359907526824 0.0244062815538203 0.664850987093471 -0.20357396315158
0.00885410897138339 0.0294680317029794 0.328872383428436 -0.859768868365024
0.0428827426939305 0.0169520723368879 -0.573470636580039 -0.624970197810333
0.0372452895209826 -0.0120745900739488 -0.584518460629741 0.201953233165648
-0.0230401628260393 -0.0145623638355306 -0.0562108924817534 0.404202564994132
-0.0276258525650029 0.00115769860669528 0.152752610758971 0.0905068220215808
-0.0231468836783078 0.0207308723153285 0.0491475899827061 -0.2087001631233
-0.032713618631472 0.0210439900448025 -0.0317076868662449 0.206701784960859
-0.00205221242094298 0.00175436301893122 -0.161334240548502 -0.0440156315775667
0.0156924890766503 0.00561097870928474 0.0374485919796895 -0.381853482407268
0.0334730338939837 0.0367369661786496 0.493482229453732 -0.238757864200477
-0.00434951508153873 0.0419270126699923 0.611409841816589 0.525240226682148
-0.0571180269630137 -0.00031711859326998 -0.18309859829819 0.886108538055051
-0.0131509295465382 -0.0171089257557264 -0.648698862733257 0.313317530826297
-0.00499948422042773 -0.0207873727462212 -0.0684317916696393 0.104821218546769
-0.0225088711510416 0.0260686302345364 0.665249951161031 -0.210557859691568
0.0106546118799477 0.0304879940711057 0.314997794914099 -0.860970690086369
0.0433989997860736 0.0184441799531074 -0.583213847192479 -0.612133460426632
0.0361185316427303 -0.0110430087308575 -0.580704941991941 0.2145121943002
-0.0247491483812329 -0.0150489315579691 -0.055009982253106 0.40583354300215
-0.0287965543122037 0.000665310558761434 0.152860663337365 0.0892790152689627
-0.0252338636838507 0.0214867323823557 0.0470376480419195 -0.20647178577171
-0.00710255396450722 0.0112807713760851 -0.0345810410065252 0.201697951371773
0.0150962061595498 -0.00409456778203274 -0.164564453043056 -0.0504803788077361
0.0254477639568095 -0.00484590668880104 0.033809771343779 -0.381048648673896
0.0263773428877777 0.0188642536270485 0.48663032472825 -0.21954719026956
-0.0180443113262517 0.0240069701928608 0.597106672621325 0.54976924843851
-0.0684272219066283 -0.00407418489699953 -0.199365492905015 0.892138718944005
-0.0423860282994972 -0.0113203954808639 -0.634726358121714 0.31870936227878
-0.0418271075783691 -0.0156285689987733 -0.0450092286710051 0.11432920372495
-0.0503969492677872 0.0337324785075241 0.666743655802788 -0.219255830529375
0.00218130886568203 0.0273238476312592 0.286063380569666 -0.856366346022544
0.0329559084987567 -0.000162269392504105 -0.600835851538938 -0.57486547924862
0.0294451115358409 -0.0284216395165129 -0.574592727707693 0.237239198757015
-0.0156630761892309 -0.0214397700122261 -0.0474378989971885 0.400341061839987
-0.0111961589237835 -0.000550665959187856 0.1535051034612 0.0752524404608387
0.000337597826839195 0.0167553898966601 0.0421531847971172 -0.217097223658135
-0.00950374275513722 0.0119708025559157 -0.03143596560486 0.2011809183228
0.0126925119763261 -0.00284329586586049 -0.163331804038979 -0.0486399248083651
0.0254002529374524 -0.00498816195919334 0.0293816108883163 -0.382959046595478
0.0297164033604548 0.0194783951520378 0.481824442676883 -0.236583763530008
-0.0157722225730273 0.0240307489443411 0.607072489789902 0.530971142289065
-0.0671095643163168 -0.00371606613507107 -0.183702925501239 0.891147277135498
-0.0427862916988252 -0.0135649782882759 -0.636165620854385 0.324618120142939
-0.0433775059248096 -0.0182356157985775 -0.0543367230043879 0.113171780105132
-0.051745017150536 0.0310139571609597 0.666547191070529 -0.210994352771948
0.00130950730906899 0.025670419375279 0.304196880794293 -0.854142490659026
0.0356432823491695 -0.00013222527007441 -0.588996465933502 -0.592294579500304
0.032900020464137 -0.0276009215181359 -0.578078878361694 0.220482695034258
-0.0143860797865062 -0.0214603767134259 -0.0509738582334717 0.397531098877429
-0.0111766216107113 0.000517237802136209 0.154255364955211 0.0778847536643688
-0.00207708716552309 0.0173350582637175 0.0449016792108815 -0.218542051706601
-0.0130536547758479 0.0129855819098619 -0.0280676232593944 0.200884641734753
0.0107521140583024 -0.00127271381304797 -0.162686570846027 -0.0468697991945626
0.0243804922143344 -0.00317363889210909 0.0250886450186202 -0.386827978175151
0.0315873443603183 0.0216739778682161 0.479418270909595 -0.249685159098678
-0.0115973755471013 0.0252982046676292 0.613580478672438 0.51191327630718
-0.0666882032730728 -0.00271698622757577 -0.16583125533763 0.888820615270411
-0.0418088710082743 -0.0146653188945127 -0.636711263771344 0.332567886742361
-0.0399884062830596 -0.0210684147463937 -0.063553106347665 0.111480047078521
-0.050208511606162 0.0282602430122571 0.665220205408171 -0.201563676051585
0.00265774930578733 0.0248289498335972 0.32002289708258 -0.851430347756487
0.0382242786734394 0.00224322426673207 -0.576410328637363 -0.609732828784138
0.0359294064994939 -0.0244164530381725 -0.582485322807585 0.205384381062253
-0.0148059099186303 -0.0195584294610057 -0.0542402817609075 0.396964786424408
-0.014509956322964 0.000396223415524258 0.15293792371132 0.0813637195983676
-0.00546433467424365 0.0171971837096169 0.047089526256355 -0.217078997841653
-0.0181643659105241 0.0146097695337149 -0.0279544765880526 0.202090500102181
0.0072236718006983 -0.00069245717281018 -0.162757996547718 -0.04605914900848
0.0239300107519284 -0.000668198487640322 0.0239347884637382 -0.388823278181133
0.0334193916219381 0.0239961405328535 0.476442802391828 -0.257164500395661
-0.00776636630236116 0.027289496464394 0.61837043240537 0.498181395467426
-0.0642173256273287 -0.00238251236942291 -0.157571608827332 0.885151746750887
-0.0369439420795935 -0.0165540531407985 -0.635469438873894 0.334400281919434
-0.034404610804997 -0.022353812577656 -0.0711912199148229 0.110124247667952
-0.0457422474788541 0.0258339419664826 0.663018834873053 -0.198945426631697
0.00433155166002819 0.0255376656233829 0.332011885791398 -0.851116842745754
0.040733813855246 0.00501713425367447 -0.56982704711449 -0.621806379989055
0.0376505660689741 -0.0214361323559937 -0.584391817827977 0.198024174853935
-0.0159742572735025 -0.0181465077874668 -0.0562959375749098 0.397532879434081
-0.0181466392167242 0.00100444091151311 0.153571777519919 0.0838638393941475
-0.00996663978737959 0.0181446175876466 0.0494787672109709 -0.215744699085708
-0.0227795019937584 0.0158427026750885 -0.0276995849379508 0.20233147025809
0.00405529230289196 0.00050684934534179 -0.162009756975751 -0.0443469812606617
0.0215117354585098 0.00126724040168636 0.0242351209004525 -0.388850470064613
0.0356116017821477 0.0274312567440789 0.475659320498976 -0.262961695435165
-0.00494253253369012 0.0307539211157843 0.620422328612697 0.491938167422946
-0.0617072757835599 -0.00212201714587468 -0.153107986238109 0.881920285458508
-0.030967851498721 -0.0176812928740935 -0.637771537049548 0.335077422445416
-0.0268165016142205 -0.023900703273124 -0.074799534001577 0.108150890512238
-0.0398059447678996 0.0241184979953392 0.661930072597788 -0.196866076798662
0.00584350929842702 0.0255251782902781 0.333487674281992 -0.850755014419255
0.0424244978342646 0.00951740801368387 -0.566534526093295 -0.626888152996054
0.0385496986770857 -0.0179555777957783 -0.582908617064085 0.193706121648847
-0.0185747925715334 -0.0168755491649355 -0.0558769697435213 0.397825405557112
-0.0217300959222973 0.00146235392689318 0.152884564497324 0.0876400719959369
-0.0156394139915701 0.0188818507437932 0.0502653700244708 -0.212920668716604
-0.0270941670147835 0.0178587075898589 -0.027928157735224 0.203532584888414
0.00148585239247078 0.000945712223307329 -0.160585444219075 -0.043231254379892
0.0205577068667003 0.0025062709136695 0.0267133829931193 -0.386254623085107
0.0360798416283608 0.0301931253767515 0.478200179645956 -0.259404130387206
-0.00333100352087116 0.0338499557630719 0.621191934660144 0.493469076678723
-0.0591865318886851 -0.00125833630649533 -0.155849289396636 0.878503029361031
-0.0238477262098262 -0.0178279238947565 -0.639290122491342 0.328158162519366
-0.0179682428460027 -0.0237817228536667 -0.0764137886168424 0.105719467778272
-0.0329009753228237 0.0240392439116287 0.659416619236209 -0.197830034137401
0.00796345242242619 0.0268566533764722 0.333144057219681 -0.853037176242511
0.043239247208018 0.0122946858706383 -0.565815399776811 -0.626321199420904
0.0375806904856835 -0.0148260607253045 -0.580864412025515 0.196670454216555
-0.0200985732355624 -0.0158143878252778 -0.056934985277259 0.400121854599636
-0.0245582987122696 0.00175968506348448 0.152936552708843 0.0883281694922233
-0.0200490290343359 0.019996535686604 0.0498489535999497 -0.2099912495828
-0.0310680692366613 0.0204678950831906 -0.0281638871821867 0.204190898685902
-0.000512146573203127 0.000701344542516216 -0.160302253582766 -0.0432343730612483
0.0186105531615723 0.00417909329330077 0.0301313448245318 -0.383865725601879
0.035042074550051 0.034293596042736 0.483689711415618 -0.252223408695369
-0.00208917459820639 0.0387115171991702 0.617066859872525 0.502683897208664
-0.0567630554388919 -0.000137998747833046 -0.162383845378658 0.879101219499909
-0.0175369922933379 -0.0175646915368933 -0.643242533737094 0.323272557052597
-0.0103636696652828 -0.0231185613110183 -0.0731485732527914 0.104028324576074
-0.027320489197138 0.0243444381421828 0.65885316718557 -0.204510983236901
0.00884914509110483 0.0286701246811614 0.32364962713666 -0.854370940582722
0.0432144144571991 0.015839308599395 -0.572351279409882 -0.619569282426553
0.0364377047931019 -0.0120977132313535 -0.578126845797422 0.205386732636469
-0.0224118172195715 -0.0146433129904807 -0.0544387530200391 0.403304280915237
-0.0273879633600361 0.000783021884279624 0.152043929569433 0.0893484133660875
-0.0234876806017034 0.0201912489665607 0.0494601977251001 -0.207686800493306
-0.0317998047443257 0.0208279703591522 -0.0303628208787198 0.205845098905251
-0.0019360383914546 0.000805259169039686 -0.159876051762516 -0.0435008371663314
0.0167295438751954 0.00497538509785393 0.0356114994212685 -0.380249633750178
0.0331364160275059 0.036336884166281 0.488459908723971 -0.239880321840906
-0.00398209746470125 0.0409308181816386 0.609406776610939 0.518067863396375
-0.0565863515885218 0.000320073021286539 -0.178658526362248 0.879743660489408
-0.0118726932331247 -0.0175323806735875 -0.643397682493576 0.313308028934426
-0.00433735126259692 -0.0207959155850519 -0.0678259845743559 0.103828184855599
-0.0218744350150046 0.0257388356752207 0.658181758287413 -0.210908436261623
0.0107217389439808 0.029755281881543 0.309837591976296 -0.856001622329713
0.0429470060542246 0.0178795660244856 -0.582002739460525 -0.604401633175952
0.0351084107733295 -0.0109250077925594 -0.575205561696852 0.215606779519601
-0.0236798900608501 -0.0141485696936243 -0.0521722738051759 0.404134156421219
-0.0289723275443897 0.00130749807867709 0.151986010915132 0.0891614058887682
-0.0248382530483252 0.02136790585897 0.0471325229376747 -0.204646184170167
-0.00700168817636458 0.0116527423969667 -0.0345429731104363 0.199783008878974
0.0151867771933676 -0.00439441872094317 -0.163348464985202 -0.0489507001845971
0.0259835781761506 -0.00578051453240868 0.031500306594004 -0.38000263318466
0.0265311694303083 0.0187146517336579 0.482883125391325 -0.221173631998676
-0.0183231779705404 0.0239182785678742 0.596051453332687 0.543471246247521
-0.0677680749262028 -0.00422051756162714 -0.195115543855646 0.888203174405081
-0.041199411290977 -0.0117108534340935 -0.630506056133121 0.318236205243315
-0.0414773307359523 -0.0160315641423836 -0.0442785867048651 0.113068229480708
-0.0496199441551098 0.0338177249485648 0.661390078745616 -0.2193965805522
0.001867867479717 0.0262746097541954 0.281941901978599 -0.848840509197193
0.0326044262624774 0.000335022623826183 -0.597897424564762 -0.567848378045133
0.0296845653253298 -0.0279009637456448 -0.570252633627144 0.236471227354081
-0.0151521673215358 -0.0216869959690172 -0.0455827942471137 0.399023255565217
-0.0114497544786037 -0.000431239380972417 0.152906439231538 0.0761979895407246
0.000447662544521588 0.0171625939653252 0.0429401688765847 -0.215510627392655
-0.00900354270107176 0.0116516971363957 -0.0313347566703782 0.200062982982642
0.0125652989414315 -0.00337042459932874 -0.162159056099167 -0.0469457284275391
0.0251149862751113 -0.00410325596315872 0.0286415671142143 -0.382785688585537
0.0294516159577557 0.0193764841799938 0.478821024491753 -0.235237752596889
-0.0156551802099576 0.0237542141981944 0.6034657418257 0.523979327403745
-0.0676120230204995 -0.00325515171456139 -0.178326585015404 0.886260130231305
-0.0422599435930949 -0.0133482167962518 -0.630284966653338 0.3249395184288
-0.0419590016044871 -0.01832291496596 -0.0534506998561287 0.112638160583011
-0.051009172921894 0.0309359491919958 0.660654706777004 -0.210529655021322
0.00161315078963138 0.0254788954972072 0.300530395277722 -0.847576413156554
0.0355390790030362 0.000453855966615266 -0.587199896357334 -0.585248231843936
0.0333125023967568 -0.0268241684809471 -0.574326860498506 0.218687487914598
-0.0137641292868768 -0.0205469051625141 -0.0496206577240673 0.39634131698898
-0.0118926799816415 0.000346427032240773 0.152622414416121 0.0777255883316456
-0.00245142982575452 0.0173841562704365 0.0445551343893841 -0.216015564647995
-0.0130544482575472 0.0126147268326222 -0.029157362698136 0.199033399600085
0.0105856657550246 -0.00270401117532511 -0.16164530360405 -0.0453925890484516
0.0243819458601795 -0.00357046140400388 0.0257414260701106 -0.385231422649086
0.0318157946401125 0.0215894886456584 0.475658238310853 -0.250019847046043
-0.0120188692210822 0.0252828289534593 0.61154148113577 0.50532671553309
-0.0667992777032984 -0.00266096579889129 -0.163251483437745 0.883981767214738
-0.0409258462554726 -0.0147681858189417 -0.630547737118795 0.331379751597954
-0.0398340123740154 -0.0208169029670748 -0.0628499061940825 0.110771028429799
-0.0490390968460215 0.0278497754492095 0.658994436990793 -0.202213326048196
0.00283734534784928 0.0248535780577996 0.316128018979322 -0.847649936767148
0.0380357568975071 0.00173050022084151 -0.576655113245409 -0.604338747924677
0.0364921551804656 -0.0248035224270652 -0.578243827135391 0.207369287077923
-0.0141416459481791 -0.0192565307704642 -0.0518834004404601 0.395664003244644
-0.014131555721772 0.000753284276372751 0.152794982230938 0.0812518963504346
-0.00564330934454191 0.0181965941429509 0.0462369234214285 -0.215436832957676
-0.0172518731401654 0.0145278940021522 -0.0271798983769131 0.200361952248241
0.00730895889723152 -0.00202873210739277 -0.161368530810773 -0.0445816415455782
0.0239012303848981 -0.00150943569056308 0.0225106660089428 -0.386432721289565
0.0341562424315127 0.0232656269506666 0.472171590953378 -0.257172473182734
-0.00824611347293667 0.0274523119274412 0.616839582476559 0.49432825179548
-0.0639798545692694 -0.0020200668326236 -0.150660702556132 0.880078500829823
-0.0357090023567549 -0.0169236539572852 -0.630952709526116 0.333973398552246
-0.0343124595110069 -0.0227106487542495 -0.0691851106701052 0.109807747237837
-0.0449413097087923 0.0258132567355245 0.656359902290721 -0.198928408199907
0.00471306011519056 0.024354298435467 0.326891771307227 -0.846389659387304
0.0410358465322341 0.00559012088109032 -0.5667055959781 -0.616872375335179
0.03789002495819 -0.0213360933381598 -0.580063388844321 0.199901970316508
-0.0158659240875109 -0.0176368745520705 -0.054054355916798 0.394450542771093
-0.0172564969047408 0.00088821546975052 0.15302634688394 0.0833134391584738
-0.0107676527026703 0.0190859813055193 0.0488691547422342 -0.214018174634692
-0.0217877982328564 0.0168840839674068 -0.0272617688665345 0.201180246959477
0.00444128929195744 -0.000765073238449234 -0.161454669393712 -0.0422165154839844
0.0216617067267103 0.000400933974795278 0.0237841145911562 -0.386649896147045
0.0363368587387174 0.0270679019164738 0.472418258516193 -0.262705557229797
-0.00534308126823631 0.0309581053767281 0.619540418301167 0.487437257500384
-0.0616080165234893 -0.0020616298827885 -0.147988327884242 0.876494316000697
-0.0302843296931609 -0.0181069946862609 -0.632312311166164 0.333662370309481
-0.0261651640851266 -0.0244193705708783 -0.0740884688896067 0.107613165594221
-0.039369786116834 0.0242342174830168 0.655172488423493 -0.197464346808513
0.00627872372588015 0.0257147452626245 0.332106325589871 -0.8454367652488
0.0420432072853391 0.00829989909585875 -0.56371055303568 -0.621134228929821
0.0383024790216366 -0.0184495443060741 -0.579492010460438 0.194118634995821
-0.0174440605002767 -0.0154156765495967 -0.0549133466996608 0.39523319414902
-0.021967448914825 0.000867080515472238 0.152453653525202 0.086987180287023
-0.0157638519693161 0.0194325097923507 0.0505576087136209 -0.210657460872298
-0.0267564386233678 0.0187386437268194 -0.0280718609991567 0.20213655190004
0.00140321669756644 -0.000224712816206493 -0.160714070910265 -0.0418838819859113
0.0208898589759745 0.00293999420805288 0.024929306170169 -0.383479287778733
0.0365777333948325 0.0298463365251888 0.472452331370378 -0.258267264670128
-0.00364364334649703 0.0336859333505228 0.618031189081554 0.487683114863945
-0.0594690709055136 -0.00184582305156618 -0.15257537713655 0.874712300639447
-0.0233208465977705 -0.0184000758045514 -0.632913478760196 0.329217754823094
-0.0179878436475359 -0.0247367566497557 -0.0753983467733906 0.105467322245738
-0.0326241246075221 0.023296812522333 0.655009891184819 -0.199998852278086
0.00713570063980414 0.0274869263553332 0.32915526542631 -0.847845349461526
0.0429878869074728 0.0127636696268187 -0.563606225137056 -0.621967958711578
0.0373678041801379 -0.0150746106817795 -0.577243984562749 0.197344007597266
-0.0196102188562901 -0.0149559418635077 -0.0537739633922328 0.398686777728914
-0.0241107444710225 0.000535860919905952 0.152386609513516 0.0878228720018382
-0.0204189117447395 0.0200558189044135 0.0502235856352905 -0.20811401396925
-0.0302907193693279 0.0206787493551393 -0.0292921974594612 0.203515914031199
-0.000466577128343454 0.000184957350827308 -0.15971165410322 -0.0421158155937376
0.0189153680315395 0.00381757822934542 0.0295301790320602 -0.38225940268834
0.0363793599499435 0.0333989071577634 0.478755355953885 -0.252618175667646
-0.00343202941772165 0.0383083355899865 0.616622104082746 0.496698322481519
-0.0573329255172771 -0.000885650733604255 -0.160740541132696 0.874359764903991
-0.0163863375314077 -0.018847926708942 -0.636472731695946 0.322311122348241
-0.0100432265308756 -0.0229268470785443 -0.0720231492730923 0.104453445585517
-0.0263502227403313 0.0237255569008434 0.653033894320642 -0.204355130784595
0.0095463026403605 0.0284945142270285 0.320337462542776 -0.848625856193106
0.0436815843213273 0.0156427188137389 -0.569557829240282 -0.612320222877961
0.0367817986255933 -0.0121882953465227 -0.574737981049883 0.206306475679655
-0.0218467632690568 -0.013553743158236 -0.0521770819579718 0.401507122102168
-0.0278147094061825 0.000938561749655983 0.151916979495024 0.0886832687783357
-0.0233824153461629 0.0209615255060867 0.0493898845190779 -0.205971866959081
-0.0314175045209214 0.0214668445144409 -0.0298371704102771 0.203722160196231
-0.00280955946722607 -0.000244104186101299 -0.158992200905731 -0.0423792334324004
0.016518887392227 0.00490288111556726 0.0335260410548361 -0.377917359087067
0.0337019056729855 0.035379648822359 0.484250012690639 -0.240288386537478
-0.00515596359842016 0.0403744208163755 0.608647330284058 0.513837779664164
-0.0564418224502866 -0.000652879794617499 -0.17425067100745 0.874508214713915
-0.0110612869580146 -0.0183063017670554 -0.638644009491364 0.31290575986728
-0.00388298283293155 -0.0210091387325388 -0.0668192658157968 0.103658946122624
-0.0219714635202616 0.0258626462539624 0.653261243763312 -0.212553374275325
0.0109687039864667 0.0305886131863633 0.306312111202141 -0.850080526621312
0.0427882432311323 0.0175292037811705 -0.579580727720373 -0.599827277861926
0.0349888222498557 -0.0120345034041398 -0.572078151945143 0.218224946598493
-0.0234227198758967 -0.013541114830962 -0.0501763528517061 0.403196824951139
-0.028004014163521 0.000850326134191687 0.150956345774587 0.0885401539696282
-0.0243788250186311 0.0210603138941329 0.045437979875333 -0.204550919999409
-0.00643731968789625 0.0120278928233569 -0.0343862189572066 0.197816950300658
0.0142185434988251 -0.00494960715372822 -0.161745038254102 -0.04866370281471
0.02581112064363 -0.00570698517681999 0.0310048084176705 -0.377658181488902
0.0272194235054363 0.0184500835034056 0.481201544074699 -0.219450926118726
-0.0187747404606948 0.0245220864476115 0.593138301923491 0.539784993400484
-0.067310493327509 -0.00323560956267881 -0.19210245626483 0.881137666599477
-0.0405946635882969 -0.0122527153192066 -0.627089858838767 0.315258160605364
-0.04130111736119 -0.0160276371204202 -0.0431838427205886 0.112192575390937
-0.0489827739279616 0.0332144479188685 0.656463282106675 -0.217259396536735
0.00153014716060496 0.0262117144449552 0.2795921558672 -0.844176521809239
0.0328081119623722 -2.2111347816765E-06 -0.593602324703474 -0.563558252856039
0.030015158452264 -0.0285085168569202 -0.566567220326623 0.237932514890832
-0.0143621383738373 -0.0203109403001277 -0.0452415429168786 0.398047029107154
-0.0115771950315589 -0.000481600161319399 0.151450061751074 0.0750812101751067
-0.000560570611378512 0.0178486989108711 0.0427645877604709 -0.21417925139222
-0.00918816797814358 0.0124187759147611 -0.0305716181414902 0.19751479455097
0.0125844810786938 -0.00414250522860399 -0.160938723133509 -0.0459801988824901
0.0253362683065691 -0.00488460512032549 0.0278600697267747 -0.379139033129214
0.0294841550151317 0.0191730067074535 0.475516384185732 -0.234555068053512
-0.0165051550107761 0.0239380005456801 0.602729123407746 0.522356417114995
-0.0674020386194612 -0.00379494887753711 -0.176498518301366 0.880077460826865
-0.0414016073747436 -0.0130961018039174 -0.62629209816267 0.324701032117997
-0.0422856911241329 -0.0190814495627189 -0.0529981680812875 0.111764106258924
-0.0500789440330781 0.0306683815310578 0.655678085992513 -0.209378905931249
0.00222019965934846 0.0249622825101811 0.29713320814379 -0.842467557772283
0.0350596620227696 0.000218270399805575 -0.581546745060399 -0.580948818298484
0.0331052716425664 -0.0274872710034591 -0.572102595437919 0.220193194857544
-0.0128795856062781 -0.0200645257568882 -0.0485670125258049 0.393935815517495
-0.0126095700833714 0.000634053587229101 0.152668883924786 0.0778981259710613
-0.00174507827995103 0.0173051721709787 0.04518838337334 -0.214298860748663
-0.0127715128319193 0.0130915633899731 -0.0277128066508889 0.197997237182698
0.0107903935921512 -0.00382608408121488 -0.16111768994054 -0.0444596145010014
0.0240551119966159 -0.0035771603608937 0.0241816311616534 -0.3840647938002
0.0326219060813465 0.020604454955476 0.472833857644396 -0.248709523941316
-0.012626511035633 0.0248820089172935 0.60993408783305 0.501423212349462
-0.0662030109992494 -0.00277608250218735 -0.160425756543588 0.879880920571945
-0.0389492604338278 -0.0148370833040769 -0.627287619506596 0.329648952151
-0.0391103246221401 -0.0210562109586074 -0.0612348828029797 0.110472620145004
-0.0496101577054306 0.0276638368137412 0.653393303476055 -0.202389326016197
0.00289327464403302 0.0250576190788443 0.313493287774848 -0.842696581450898
0.037668221694409 0.00159378618188701 -0.572978283177741 -0.599240058945967
0.0362856477891755 -0.0246558286219541 -0.574438604411568 0.208302379260167
-0.0135112383061005 -0.0183764611728326 -0.0512394703967009 0.392712782740996
-0.0144557532946672 0.000560763034363408 0.151329185715931 0.0797030755902769
-0.00543214206194517 0.0185586663043229 0.046997208859833 -0.213985097773511
-0.0171819063627551 0.0147179295685662 -0.0275256163433343 0.198654735659505
0.00727391875154523 -0.00229500759298013 -0.159917896973982 -0.0434361593236375
0.023289989099331 -0.00170047600473883 0.0217093568549959 -0.38385696786876
0.0339868125422579 0.0236252128211034 0.471180092305731 -0.256299380232518
-0.00797889504014287 0.0268938146731777 0.614297463872748 0.488378485161791
-0.0648930153530453 -0.00251354236466966 -0.150077976008743 0.876951734866462
-0.0347708861626035 -0.0179880516800147 -0.625795114037027 0.331840547596161
-0.0330665878407259 -0.023266827305783 -0.0682573233737187 0.108972091149458
-0.0439213082673573 0.0252555927636069 0.652852489215938 -0.197115224393723
0.00449697789793202 0.0243787605688922 0.324804138024838 -0.840354857664437
0.0399741300208792 0.00574082531758757 -0.563061913578056 -0.611028653168814
0.0380355223880284 -0.021919331577881 -0.5753820803119 0.199712743944523
-0.0143717813654687 -0.0170439153124408 -0.053825034869416 0.392727499014306
-0.0177702526084568 0.0010477495142113 0.152094066937089 0.0833022539337058
-0.0107586389103265 0.0193423224256486 0.0485055932073423 -0.212604356950903
-0.0215252808762185 0.0165089812561457 -0.0268796246261254 0.199067495471994
0.00449701673049076 -0.00109655814379814 -0.159374015573154 -0.0426682916525403
0.0227868463324627 0.000672881761722447 0.0211831406064765 -0.385635673339445
0.0371826343043524 0.0261816707411895 0.468506869197087 -0.260003644612299
-0.00635806419801693 0.030181607580876 0.617432622051315 0.481964458435145
-0.0614073827194206 -0.00151203923027234 -0.147249838566129 0.872940291909332
-0.0300018187073987 -0.0182735773969797 -0.628549724209937 0.331610241853276
-0.0258635024366858 -0.0242352543278164 -0.0729998417214344 0.107159826724501
-0.03816857261795 0.0231595408241903 0.652139216075082 -0.196769347399417
0.00587108835811791 0.0253517747316275 0.328435599884884 -0.83947271006012
0.0420976106700377 0.00906361454235913 -0.561040058289818 -0.616943230022556
0.0383681282399144 -0.0187524218982134 -0.575595676217878 0.196459229192176
-0.0174442829258436 -0.0155544841446559 -0.0547548467158312 0.394742387754256
-0.0217375154592428 0.00119171785523284 0.152465529423378 0.0866613260743678
-0.0160802471109274 0.0199021666400671 0.0506255449176672 -0.209527836549407
-0.025778242506004 0.0186608194021993 -0.0268494778865075 0.200203289534411
0.000711939994767007 -0.000776181161518272 -0.158247544526503 -0.0410909685761927
0.0209335183080469 0.00271143335275553 0.0248581149036075 -0.383553830642623
0.0366379668370926 0.0297048536816222 0.470954821668596 -0.258707657481715
-0.00400338836060206 0.0336579282850967 0.617739135616974 0.485071475855727
-0.0587985076339301 -0.00103864299589058 -0.149197686597215 0.869510450366935
-0.0222326538798132 -0.0193950004261265 -0.630121258576158 0.326185569162626
-0.0171954720839104 -0.023787304782218 -0.0742494331502393 0.105005714132909
-0.0315723443738686 0.0233271072165966 0.648073922102999 -0.198546314346155
0.00813847756417312 0.0262031225168724 0.325258980489694 -0.841004060071645
0.0423070141848481 0.0116741437581704 -0.559987049842539 -0.615075952124131
0.0379150370596323 -0.015160920707375 -0.573869474378447 0.197172671109281
-0.0189990275513136 -0.0142705251973931 -0.054700378628004 0.39620315425972
-0.0249215203268249 0.00180124270906689 0.151943157572639 0.0875784807089905
-0.0199442152557364 0.0205643128884955 0.050117166815883 -0.207784626078547
-0.0297100558140844 0.020707221745426 -0.0277630727315857 0.201356990693359
-0.000938133358163068 -0.00118612277525086 -0.158996502678757 -0.0411516150842322
0.0187458048736206 0.00355839367447841 0.0275645348498144 -0.379982314478088
0.0357992284051533 0.0322009470399221 0.476115994821464 -0.25083627070845
-0.00318997332284984 0.0363649860980075 0.612014556711785 0.492662532674496
-0.0570242896731285 -0.000353039932283621 -0.156554049722936 0.86699341914931
-0.0158285958654154 -0.0188450843355014 -0.630327148910539 0.321631118116512
-0.0100214609714456 -0.0230693992781733 -0.0709982748677401 0.104058750948284
-0.0260310879657699 0.0236629477232898 0.647783610293391 -0.202420763170134
0.00923178754507679 0.028344827306305 0.317773849311256 -0.842584634960074
0.0425582975244432 0.0153487159643298 -0.567154467985013 -0.607930982232626
0.0371045101599924 -0.0137060488974197 -0.571867029643555 0.20517702611442
-0.0212029837741854 -0.0131959351487075 -0.0518958319464247 0.398471963668936
-0.0271914213901879 0.000727692532314588 0.152592018532253 0.088877246813313
-0.0238675018999181 0.021728571264941 0.0500272232681987 -0.2048113917578
-0.0305342213385431 0.0211174372077325 -0.0301005430804522 0.201681168254047
-0.0024806481056643 -0.0015133864892956 -0.158614817726501 -0.0415505232745318
0.0168874718886419 0.0045697652201882 0.0337543850637345 -0.376387307725892
0.0339904208526144 0.0351910413790154 0.480431708939319 -0.238115321163744
-0.00455625813841845 0.0398636858473951 0.606854241848738 0.507901354092905
-0.0560869271544818 0.000196803668448133 -0.171688595564252 0.869754239028486
-0.009891684508014 -0.0181883428450044 -0.635058041555313 0.310989242566372
-0.00320324411435352 -0.0206706031205882 -0.0650768451691703 0.102269812308457
-0.020973200917989 0.0253964808115159 0.648504731071488 -0.209936497676597
0.0105920333113986 0.0297766526695262 0.303610693798256 -0.845454417781521
0.0424223910011873 0.0173019402485718 -0.576929971555311 -0.59471294213769
0.0350354660816879 -0.0116649775803547 -0.566926820526574 0.217192364452716
-0.0229847899747676 -0.0131381725640806 -0.050348799923536 0.400325057057672
-0.0287422752148342 0.00108627045702039 0.152079381928333 0.0881171139032863
-0.0245759871884047 0.0215611043282788 0.0461581530262647 -0.202142382276721
-0.00620074880488701 0.0120535337018701 -0.0341517782243928 0.196714283303723
0.0150798413303697 -0.00543801702666291 -0.161252696073301 -0.0487125610075763
0.0252071425480477 -0.00547920950927969 0.030876326352605 -0.378005844236535
0.0282824274581597 0.0181793353902809 0.478732176551719 -0.219907583079696
-0.0192876255362304 0.0235714215233754 0.59338052305975 0.535936527589367
-0.068032214351956 -0.00372118723145685 -0.191196788730965 0.878141897703255
-0.0400472007504818 -0.0122932570299357 -0.624877244401799 0.314246782958358
-0.0403371347461418 -0.0165564475643577 -0.0430761282499969 0.111221489907568
-0.0479061410767944 0.0330111292752772 0.65164181710271 -0.218147857737408
0.00231348457868236 0.0256795913748078 0.279254516889235 -0.84027930287386
0.0330363525552815 -0.000645243253182604 -0.59079216036451 -0.560635892999542
0.0300270912412701 -0.0286122240692429 -0.565700636916314 0.236505219734039
-0.0130113010568105 -0.0199915160089493 -0.0441883273015786 0.395835314040208
-0.0117164034618842 -0.000236348899999719 0.152154447040247 0.0750451853813722
-0.00052702736056877 0.0182092109007584 0.0427967026873048 -0.21372435015917
-0.00828762932922013 0.0124885059370712 -0.0313226482055625 0.195850804696275
0.0126464851394505 -0.00508339820450164 -0.159597952561802 -0.0464027200079137
0.0254664806390568 -0.00422845392819989 0.0277151737180856 -0.379938253132536
0.0295687108309519 0.0190301232316315 0.474797748370432 -0.23386716792741
-0.0163443366653509 0.0239273242468156 0.60180706277571 0.51747822914335
-0.0676518358703527 -0.00342017215782076 -0.175438938717905 0.876436828230662
-0.0405477601876805 -0.0147832107506351 -0.625679128284384 0.322705199878944
-0.0412153788653529 -0.0190413738219918 -0.0523006707462994 0.111380743908299
-0.0488726523977304 0.0299952023296869 0.652932727833482 -0.207830502100907
0.00258404303077282 0.0249616300676637 0.296427775156188 -0.839783873180598
0.0347894968046755 -0.000266973975894414 -0.580717926354597 -0.579356858686353
0.034199080441632 -0.0276601924706521 -0.569559087376239 0.222471001917901
-0.0123965080798063 -0.0193995695072681 -0.0483826401189602 0.392018244755616
-0.0131977193138343 0.000309946536407107 0.152537665381757 0.0775316785108295
-0.00245134716456365 0.0186304920482503 0.0455958929027209 -0.212960674256979
-0.0119705068429577 0.0134611722501126 -0.0290952796864609 0.196390521162551
0.0106487046596421 -0.00435277738976383 -0.15996912474809 -0.0448341770458626
0.024375809267285 -0.00363665065231039 0.0234163149609901 -0.382015968719887
0.032059317788694 0.0208222808164749 0.471286532788409 -0.246688425681299
-0.0125194016428796 0.0247273428805514 0.60865445941849 0.498828397261691
-0.0661611293671957 -0.00244403094149897 -0.159318802191874 0.875504710414298
-0.0389175668878185 -0.0152342567631775 -0.623186792978699 0.3284836542103
-0.0388557664273789 -0.020971081301834 -0.0606453153930499 0.11057064620062
-0.0477865208041865 0.0271638394075587 0.64981477436801 -0.199580478385633
0.00315390927877389 0.0242189818425045 0.311918130783376 -0.83698790382459
0.0381203704540005 0.00151548360501796 -0.570036267556117 -0.596723801315029
0.0358628539451181 -0.0250402929874054 -0.571202177275243 0.208083973577499
-0.0129435014984883 -0.0181469953868336 -0.0505601045825327 0.392969330551715
-0.015000320735215 0.00091928732775346 0.152195017169449 0.0804378432307336
-0.00603868966157652 0.0187607178900767 0.0471078888483671 -0.213170632908055
-0.0168982224636649 0.0149154346106419 -0.02726352443211 0.196872197222063
0.00731542279009036 -0.00323831014903916 -0.159891717759125 -0.0431563063096061
0.0238015517111814 -0.00163319449179801 0.0221357964874717 -0.382732202955471
0.0347800891087806 0.0226463829745762 0.467449698274857 -0.255823694899384
-0.00922589465720566 0.0268597970497658 0.611746988051924 0.484226227860931
-0.0634936591075599 -0.00234599169374012 -0.149587809163008 0.872636918746842
-0.0348463190934506 -0.0178237195157708 -0.623856807742362 0.331317845867362
-0.0323767300941631 -0.0231483824763416 -0.068287166008998 0.108937953891899
-0.043871300882908 0.0248343077233708 0.648794074353295 -0.19633700021886
0.00385453443607326 0.024197900074806 0.323165010848416 -0.834782243332577
0.0396722007805128 0.00522425178713937 -0.561468449639822 -0.609915780126582
0.0381517390242857 -0.0222146672849442 -0.573503503772284 0.198981536148555
-0.0145249218002882 -0.0170480641608509 -0.0537303857437476 0.391563132355629
-0.0179152882190597 0.00137142586096466 0.151704385697935 0.0838683539191814
-0.011736298411589 0.0191741612288248 0.0495488498928079 -0.210507079564974
-0.0221552139806487 0.0167931073457724 -0.0272227364438424 0.198353215496329
0.00473864777071931 -0.00246728626750722 -0.158379302255304 -0.0426809903031297
0.0227883539110103 -0.000124510288488875 0.0215439639405201 -0.382755513017237
0.037021119320993 0.0246411006812427 0.467456418995686 -0.260049006647898
-0.00667391356642904 0.0299553492243621 0.616173921402775 0.47880534228322
-0.0618083641662336 -0.00239855932674655 -0.145931207915889 0.868176242119018
-0.0278309783404999 -0.018349209014712 -0.625843954703319 0.329357021276017
-0.0255771720652413 -0.0245196971623609 -0.0722615442270591 0.106438396460786
-0.0380761487703306 0.0239497762160179 0.64766721116627 -0.194741036348769
0.00570979466433008 0.0253479574207713 0.327486830918575 -0.836246982329733
0.0413812120220333 0.00898537463867874 -0.55702096906132 -0.613939067294787
0.0387692662223045 -0.0199995092035976 -0.574161084730577 0.19539302366793
-0.0162844460379124 -0.0153897685421543 -0.0537626025867091 0.392931487887255
-0.0215728170795156 0.00146557858602395 0.152441530038928 0.0861440177184833
-0.0154326112370455 0.0206944009466891 0.0506549390709275 -0.207825008679248
-0.0257498320904881 0.0189883528118577 -0.0271404526294718 0.198825365535204
0.00106338112039203 -0.00212509609610925 -0.157909740036434 -0.0400927343502856
0.0212455597561017 0.00219632998935096 0.0242072198394218 -0.382647435376609
0.0365183323437188 0.0292450413609797 0.4686708279848 -0.258380890402938
-0.00505675818761738 0.0333254420938209 0.615112573403297 0.480675043250646
-0.0589131562863704 -0.00102859630793247 -0.149223552985737 0.865290931596798
-0.021356817501038 -0.0195219146362723 -0.626485762719925 0.324937152341865
-0.0167974144065254 -0.0242486983500287 -0.0735869971353479 0.104879863236552
-0.0310169797126652 0.0226051638136283 0.645596425071577 -0.196671006074614
0.00833166079844387 0.0270949254747129 0.325397254054104 -0.838081869417063
0.0421218848534747 0.012571789384591 -0.557164399432336 -0.613338321190111
0.0382485856824985 -0.015765401552281 -0.571661845163121 0.197200362575612
-0.018735905331095 -0.0142998933341959 -0.0518053318453907 0.395453584257697
-0.0248923236893483 0.00152722424848213 0.152146616573168 0.0875810226270713
-0.0200614987826033 0.0206274640553213 0.0498534767320458 -0.206612628592401
-0.0291366644928767 0.0207541850976925 -0.0284976181529201 0.199674824043448
-0.00058394283984863 -0.0017439414133521 -0.157295660614614 -0.0403291414668129
0.0198546537391777 0.00375833421649762 0.0286378568565508 -0.379763324915734
0.0369894595771314 0.0313385291104998 0.473749713147878 -0.249105830752343
-0.00445298284355788 0.0364590760823353 0.61111490668447 0.490500401070328
-0.0571237728119706 -0.000550142548840702 -0.156509750153263 0.865722282265085
-0.0154005286573169 -0.0199062741287332 -0.631198238094167 0.318333394021043
-0.00929862652978991 -0.0231460156001196 -0.0709174046170008 0.103332426671556
-0.0258726898240019 0.02343344900724 0.645173231469098 -0.202546416876226
0.00921406364394781 0.0274656148122289 0.316165142209063 -0.837413972152576
0.0433418329339756 0.0156671006292313 -0.563636368565394 -0.605324865803626
0.0370567480653135 -0.0143035344073506 -0.569179741309041 0.205640141098702
-0.0200692629897531 -0.0128765370294195 -0.0518260793590665 0.397552858642384
-0.0278584678575419 0.00141902820909128 0.151738107938734 0.0887198479492633
-0.0231597765150043 0.0223305566973423 0.0493948541494924 -0.20352898027062
-0.0306240559773618 0.0216429792730373 -0.0302530291570141 0.200718443285201
-0.00285954749682909 -0.00206248657644963 -0.157261521269416 -0.0402709495092396
0.0171551488335336 0.00457848372688395 0.033212423684801 -0.37545997912151
0.0342829958411252 0.0341125244353519 0.477409007768521 -0.237297452512611
-0.00556389501196372 0.0392344056071739 0.606702375076885 0.506453221182853
-0.0571112903399695 -6.96955325620099E-05 -0.170520239113155 0.868211710588411
-0.0098126839930734 -0.0195280390250611 -0.632805049010419 0.310642515687616
-0.00335041189051321 -0.0218263580109552 -0.0648022294888947 0.102118847831351
-0.0209587350544028 0.0245832218152524 0.643457947658424 -0.208896935160381
0.0108360237608053 0.0300897929992664 0.302364053478825 -0.840948673743139
0.0421809179944415 0.017136058230508 -0.572560140806135 -0.590507028089393
0.036207961895834 -0.0121121608673679 -0.567144412514111 0.216109654139439
-0.0216178560832516 -0.0122811444299959 -0.0491652427105932 0.400081524677768
-0.0284439287134612 0.000685506308156923 0.150937019833604 0.0882641275881575
-0.0254626124103195 0.0218634727551137 0.0469170977601826 -0.201947308826632
-0.0059603576757761 0.0123074942733381 -0.0343925897549167 0.196050761039658
0.0148364701330095 -0.00736701259467434 -0.160043349697289 -0.0478194352898721
0.0261507269985862 -0.0055042125541213 0.0319155943096038 -0.376512369066051
0.0282852757585706 0.0169894955825839 0.476165237829381 -0.218955313976775
-0.0195413302798482 0.0238114401908946 0.590384377552684 0.534877187149784
-0.0687784457426664 -0.00416886515617941 -0.191164242982537 0.875153727694761
-0.0386481278085461 -0.0136066273228978 -0.622158980449112 0.3121815178317
-0.0401958689243646 -0.0169578371621881 -0.0430338694442545 0.111799424010132
-0.0479634903645033 0.0324797833371787 0.650661895683561 -0.216027912588248
0.00161626910890397 0.0262435830583378 0.280086632120629 -0.83582524907192
0.0320131436177382 -0.000817939171258283 -0.588499975798664 -0.558463930477891
0.0298390643644657 -0.0287833957046697 -0.562207980369063 0.236073727679116
-0.0133181734921037 -0.0196891086485738 -0.0436886418080821 0.39438844134649
-0.0123329242383984 -0.000620713067201972 0.151525068387085 0.0759487654380994
-0.000600202223341834 0.0188740327211748 0.0432409993578465 -0.211716979766712
-0.00793376231033386 0.0128180356814743 -0.0309363536552301 0.19442794153355
0.0119209514636294 -0.0061531306333432 -0.159417122494506 -0.0459539848069453
0.0254803851641116 -0.00463852694978134 0.0285914875954403 -0.378569460469598
0.0307984756204617 0.0185544261078514 0.472911055887279 -0.234460870711855
-0.0166534077202844 0.0232434936449309 0.599166750058203 0.516767910527781
-0.0672919560545601 -0.00338688582190818 -0.17417062737741 0.872264836432091
-0.040066138962813 -0.0146713444513683 -0.62176943899407 0.320732258867558
-0.0403087063499258 -0.0188076105404488 -0.0514741748000098 0.111283483928171
-0.0487874306675536 0.0304792361830079 0.6494865241724 -0.207676755198365
0.00242180368940978 0.0244085988751479 0.295577177764135 -0.835145663321673
0.0346758381090633 0.000139378268219232 -0.577417525286367 -0.577375759019182
0.033307232473044 -0.0277826620083015 -0.567142535267761 0.221293408549803
-0.0118381754690786 -0.0185368399912353 -0.0473396248432176 0.391057587006605
-0.0132540383474178 0.000267893280629685 0.150992797964009 0.0775537748674745
-0.00268294742096744 0.0192299570373842 0.045875971293588 -0.212923389300635
-0.0117126049449298 0.0137259234736909 -0.0287802973223985 0.194540582247387
0.00974795219143566 -0.00448163686884251 -0.158253752713797 -0.0443115711960682
0.0253994324922864 -0.00401231983140587 0.0238143163781729 -0.38214279226235
0.0316403366348702 0.02019468174392 0.469226527593534 -0.246041922928444
-0.0141770094320056 0.0239930876268112 0.607892017744606 0.496732215953801
-0.0659415978558266 -0.00332215429016087 -0.158756183984214 0.873243089945519
-0.0385048298358521 -0.0166345464239568 -0.622056880967717 0.326375635468359
-0.0382687676807139 -0.0213826903096674 -0.0605097523062358 0.109655503647853
-0.0472661579965391 0.0265303985493736 0.648064102003804 -0.200108335086806
0.00322473155101765 0.024234529942905 0.312745389531504 -0.834403947117022
0.0375465429250405 0.00225907474683655 -0.565879184099085 -0.594652873324507
0.0369747407892286 -0.025427362821379 -0.571806835471519 0.206474168375274
-0.0123514095380543 -0.0176983686774701 -0.0502229727782238 0.39073969253637
-0.0152574815930197 0.000771725450663669 0.151582058145492 0.0807889329004312
-0.00596002769248737 0.0188787522292133 0.0477482605329632 -0.211692988022309
-0.0162905006189157 0.0152964851717539 -0.0281562165305028 0.195462448970399
0.00637406634317977 -0.00351825495482727 -0.158689537931575 -0.0426897431374335
0.0240457624743517 -0.00261593795452432 0.0216988420387406 -0.382967760882893
0.0350694769853045 0.0224804942569066 0.46630076648833 -0.255368021485303
-0.0096231768730633 0.0271306594114352 0.612796143691871 0.484317388814207
-0.0647667525591574 -0.00304729051521652 -0.149978336684779 0.868992837587286
-0.0343451396666559 -0.0174806889998154 -0.621758523565263 0.329372390534004
-0.0325638550408732 -0.0234684034549635 -0.0677490240224722 0.108215848656189
-0.0433455917063932 0.0252418252725189 0.645915774748919 -0.194839224758461
0.00454841824336811 0.0239098519019894 0.322663061071889 -0.83206723872003
0.0398414074185539 0.00517385388475596 -0.558268157014129 -0.607731375680788
0.0377021623453052 -0.0218387238002253 -0.573538455749738 0.198882987243361
-0.0133974575779245 -0.0163897748777995 -0.0525288187111908 0.391311015436712
-0.018310248955998 0.00146828295975319 0.151448875663642 0.0838472568153407
-0.0115998352740816 0.0202722957023235 0.0502697045680416 -0.209878476111924
-0.0214328191851636 0.0172991883879163 -0.0279470713484683 0.19620382600295
0.00363198418059932 -0.00354148207390383 -0.158348650784624 -0.0416778166652849
0.0218290868026438 6.22474332873818E-05 0.0221102032535583 -0.381746983248081
0.0371671517602339 0.0254847109847065 0.466042362689974 -0.259355398734257
-0.00655346987597831 0.0301568168393189 0.615915424461108 0.477512446076475
-0.0616309140407694 -0.00213490103304605 -0.144717108871953 0.866679012321725
-0.0270468352537843 -0.0197469265371583 -0.624640260659613 0.328739825354527
-0.0248339587482513 -0.0243983025958235 -0.0715685128947432 0.10562528351651
-0.0377845712947537 0.0234635124361659 0.644932863470071 -0.194098658560227
0.00600989429546773 0.0252430374137862 0.326455687635799 -0.833283299328961
0.0414503246618697 0.00921529396325852 -0.554385384160689 -0.612292310226836
0.0386624685796675 -0.0189216117241636 -0.571756102591404 0.194434533513293
-0.0153022951413238 -0.0146799360777507 -0.053737519110849 0.39311892356145
-0.0219410003805813 0.00151255421137231 0.151378221873573 0.0861271167268899
-0.0163126030799741 0.021167125650457 0.0507617839346142 -0.207373604318934
-0.025521094604038 0.0194699014328279 -0.0270707837959663 0.197097016529909
0.000977107793870835 -0.00263389890831173 -0.157602562399988 -0.0409926345941917
0.0216114989553458 0.00259576317614602 0.025686392724419 -0.38175655846308
0.0373666678925967 0.0292765202273531 0.4672926425935 -0.255775490717545
-0.00508127843234844 0.0327749690053199 0.613288075317415 0.479685345195305
-0.0586655933769123 -0.00151453140238297 -0.149909160750665 0.862639547682505
-0.0206017978346745 -0.0198206784485549 -0.624595423868072 0.323092261710084
-0.0164980098821718 -0.0243829781204001 -0.0728987161799142 0.104417113224187
-0.0320193610476326 0.0228947364498554 0.643256817063087 -0.194410429185669
0.00698016423650254 0.0261490485681116 0.326240091127019 -0.833711786878473
0.0416376311654048 0.0127719085709435 -0.553940013949538 -0.610857640753385
0.0384533883495084 -0.0159706294692487 -0.570016725815696 0.197410719571994
-0.017882772216914 -0.0133754986399074 -0.0527092724441951 0.393737340953301
-0.0248448603029829 0.00170515055380972 0.150941896117352 0.0880477807865359
-0.0206516543983565 0.0218701979632897 0.051063705456845 -0.204690135480618
-0.0282987800599569 0.0205250549985688 -0.0282687699836972 0.198868430256904
-0.000769626541560453 -0.00267455410804631 -0.1572845143866 -0.040568246589615
0.0192450312934189 0.00321550053902574 0.0282864870892244 -0.37874834664821
0.0355614171026933 0.0316710638551033 0.473951550800321 -0.248343622085544
-0.00525767107761409 0.0365539540986851 0.612392405492607 0.48594960475746
-0.0567194169974976 -0.000396280513514671 -0.157077971600745 0.862269839732884
-0.0141991922852774 -0.0207974253198101 -0.627396552760962 0.31788789008841
-0.00877204294357454 -0.023503228931809 -0.0703946746313157 0.102436121555516
-0.0255963785162898 0.0230212191511804 0.641537493007598 -0.201527290092448
0.00897478179445559 0.0285608131345718 0.316326663663772 -0.836010547037217
0.0424180487485187 0.0151861977105327 -0.560822817782023 -0.604907182447618
0.038044907618834 -0.0138141860052547 -0.568539983037626 0.206358933440456
-0.0201088392121724 -0.0124242794113996 -0.050455627505403 0.396396650635255
-0.0278247352212131 0.00101700523654113 0.151434000595654 0.0894516795949312
-0.0231666499313824 0.0220754799732159 0.0498101972500808 -0.202419614008176
-0.0300089637060466 0.0214963994835715 -0.0301821069466471 0.199695017430183
-0.00334844296953965 -0.00257089177093854 -0.156468070003817 -0.0405253600059703
0.017197790645504 0.00404252076175398 0.0332605943758198 -0.373487492227189
0.0344409523978176 0.0348800178283905 0.478790914909352 -0.237224312334278
-0.00630173068425217 0.03927979131326 0.604813958316004 0.505033071014002
-0.056351808758653 0.000397414058722373 -0.169345254137278 0.86254001696377
-0.00893004037495413 -0.0186369344379329 -0.628600435018998 0.309577676395098
-0.0028407123150667 -0.0225656378440038 -0.064184071222337 0.102564617525579
-0.0202408707203659 0.0243681168863488 0.644490178590849 -0.208561844219328
0.0105447219587841 0.0289086455867457 0.304181312213303 -0.839219859978291
0.0415921534795457 0.0164926899539083 -0.570383017057188 -0.589077009210385
0.0365701449213493 -0.0128832442353958 -0.566086107879699 0.217186115526752
-0.021860616707551 -0.0124238082331032 -0.0498241769052693 0.399242947730705
-0.0288951159352829 0.000528197827155074 0.150830632645914 0.0880931008977012
-0.0248661918659279 0.0231937112541374 0.0469578356346264 -0.201043627143412
-0.00521644678299248 0.0123599648527307 -0.035461831563823 0.194667649582811
0.0137133662009418 -0.00685520848385943 -0.158084481684252 -0.0481720422946384
0.0260165500408643 -0.00572901700910563 0.0320549407796968 -0.376834046738361
0.0289895777491884 0.0175038189583637 0.477335029206523 -0.21834578248851
-0.0207173232982298 0.0238676051052144 0.590205086515056 0.53303689627866
-0.0680425597838081 -0.00394019665907223 -0.19143935548558 0.873615544596915
-0.0379223405510599 -0.0140827525469161 -0.621883636596656 0.313545761483846
-0.0399728451444837 -0.0173495454010119 -0.0420824930300202 0.111410457966938
-0.0478446147898867 0.0321518447280912 0.648696131096196 -0.213037598804
0.00247142985975981 0.0257662935276533 0.281415503758706 -0.835064515410292
0.032150844069424 -0.000506205403561194 -0.587228945537004 -0.560062687023698
0.0302942076139321 -0.0289847205824863 -0.561511593966625 0.235559397806836
-0.0123610042487084 -0.0194698330083445 -0.0456176944950867 0.396642963769078
-0.011582945944547 1.20067024759766E-05 0.151041401367209 0.075685686005155
-0.00112143121049756 0.0193009230696269 0.0437935168842442 -0.211132280833717
-0.00798912663659687 0.0126139579482606 -0.0322341662759282 0.193939407146301
0.012496503920357 -0.00680847844903348 -0.159192048925411 -0.0465020334582922
0.0263212962883868 -0.00597811366013873 0.028374481803623 -0.379173768958904
0.0309936992057203 0.0183283317121477 0.473509188155926 -0.231973491114113
-0.017465725806866 0.0229764841986958 0.598815648364659 0.51519462917083
-0.0676696220402446 -0.0032782953733192 -0.173947790673516 0.872356726776856
-0.0391576886491911 -0.0149600157916607 -0.621977730745774 0.318561358087653
-0.0404610471978984 -0.0197718434601792 -0.0510568495633506 0.110005034488583
-0.0479588698411454 0.0297264469404036 0.647635421434638 -0.205001625893074
0.00299603460687829 0.0242596913942952 0.2974830225817 -0.833274393990303
0.0348704668007841 -0.000369273083311832 -0.575844476181747 -0.578753748663612
0.0337159564997897 -0.0278782777302057 -0.566992926632971 0.220475688507101
-0.0116900079040736 -0.0190108834952197 -0.0491198190235295 0.391135844490485
-0.0135794856815823 0.00083326186955284 0.151409925759801 0.0776442712438336
-0.0023514521366091 0.0193329922215518 0.0461352335712698 -0.212235403829479
-0.0120199491092182 0.0128258235080102 -0.0307782992239278 0.194521657215077
0.00934087917430578 -0.00526681321599161 -0.157848721486362 -0.0441372771227076
0.0250925070532158 -0.00270262735201949 0.0243767792055927 -0.382810070997099
0.032769058381904 0.0203698850032167 0.467965115926638 -0.245269496011396
-0.0142414358361523 0.0253062178673843 0.607320860623793 0.497617851225401
-0.0664954394523135 -0.00275481844994418 -0.159242899464793 0.869531818284605
-0.037378362064063 -0.0162844046642956 -0.621181042462289 0.326642828152997
-0.0383532041555479 -0.0218619760354341 -0.0602061985097478 0.110102831741889
-0.0473032320934946 0.0273165243951713 0.647476959653008 -0.198452980335378
0.00308403282415772 0.0244423131320095 0.315438399052925 -0.831583895885264
0.0373128484593896 0.0020014284135226 -0.566282637243777 -0.595872592202894
0.0370836881505369 -0.0260196530994263 -0.571909911458337 0.206863521540773
-0.0116487242888993 -0.0181284510646055 -0.051953345960674 0.391158060424863
-0.01558070404626 0.00109447181270833 0.150496684052311 0.0807328806660553
-0.00689050573230433 0.0201958116510137 0.0481951745665584 -0.210886184069983
-0.015539188537135 0.0158893350666054 -0.0292877748227694 0.194882842387305
0.00628741347381134 -0.00428145320247405 -0.157792481212331 -0.0429424151250125
0.0242604604265171 -0.00101608662218113 0.0232161847175634 -0.383219352620359
0.0346433103003503 0.0223929924682379 0.467334834559148 -0.25375696361518
-0.00972358538108799 0.0266258358228905 0.609895970206643 0.484203823870615
-0.064696211129002 -0.00240889130003123 -0.150028225433052 0.867329792078668
-0.0331076408208089 -0.0186400472084308 -0.621259150708226 0.327993926901241
-0.0326119277989259 -0.02465784534633 -0.0675588887809821 0.107606972425897
-0.0423270178108408 0.0241146618161136 0.645725181433602 -0.19409188496909
0.00468696360088199 0.024069234117715 0.324013999855812 -0.829984150567723
0.0396660925393546 0.00468832361308936 -0.554815256007106 -0.60731345800113
0.0383958688589829 -0.0215288931279672 -0.571789900558392 0.197641593561467
-0.0132175971462227 -0.0162398188765212 -0.0529664100638279 0.390990736696499
-0.018806059313251 0.00186082412978125 0.151737849664658 0.0844925547463544
-0.0111402533866707 0.020886653381898 0.0506202306064196 -0.20943765968967
-0.020948080092808 0.0176728668934369 -0.0282832977064665 0.195745595152228
0.00355527639999188 -0.00347607720121552 -0.158023269659782 -0.0418874518966437
0.0220811767087244 -0.000348642332287107 0.0233300164117151 -0.382865800226195
0.0362418118947332 0.0246754032298356 0.465563531768164 -0.257776544659743
-0.00740290379121376 0.0300242955382636 0.615550262635452 0.478604818615064
-0.062013214631397 -0.00196093793639161 -0.147041869642552 0.864652738286036
-0.0265474412646062 -0.0191905592344258 -0.622659243240367 0.326255367136452
-0.0252240815069813 -0.0248770535976309 -0.0720874142897563 0.106206291888108
-0.0365790548470058 0.0232391570728235 0.643956809604036 -0.192714377447012
0.00581111147455438 0.0247927585203484 0.328941384591606 -0.828442004911535
0.0413354721790966 0.00791004714908077 -0.552463855589264 -0.611286839580185
0.0392631448749362 -0.0196255152790091 -0.572456291223422 0.193741044897281
-0.0152110438732017 -0.0147000298762334 -0.0528719024996166 0.392160786494094
-0.0220885502406764 0.00135314410307502 0.152520802715732 0.087048896884253
-0.0167651056902775 0.0217184574438444 0.0522446511173352 -0.207266282153165
-0.0249928802689486 0.019075898715025 -0.0287850106093134 0.196362176282652
0.000751016245124049 -0.00358615511283833 -0.157572728709404 -0.0398927438864948
0.0214223055270747 0.00229028729068894 0.0268452984651206 -0.38234350040762
0.0376356782075084 0.0277847169146057 0.468335816440927 -0.254781680989266
-0.00503738857663079 0.033407557618097 0.614516269297776 0.478154464981511
-0.0584435740578382 -0.00146645448376924 -0.149331222047637 0.85998444249891
-0.0199834617037395 -0.0202848041635883 -0.62426104361911 0.321303216081827
-0.0161035491235216 -0.0250084370050055 -0.0725657970056876 0.104251774331167
-0.0308305072724799 0.0224142716641242 0.642441243202882 -0.194135718169907
0.00813452277627143 0.0264023992310908 0.326630538423852 -0.832907142007882
0.0420644492888048 0.011988282515073 -0.552371081784252 -0.611550993681362
0.038673468081656 -0.0161797965435959 -0.570643132988719 0.195758763497561
-0.017486674073275 -0.0139690701557893 -0.0537039776874887 0.393935784236589
-0.0255190574751998 0.00147964504412947 0.151454375045621 0.0891857029201278
-0.0204768805443932 0.0222662670190472 0.0517700170326851 -0.205179440281875
-0.0280019649372262 0.0204780447756086 -0.030140393914279 0.197553619940142
-0.00187953174946467 -0.00280667852942422 -0.156453641788852 -0.039674057360267
0.0197433236418038 0.00315772459306229 0.0290532984757598 -0.379711039575041
0.0363965653627438 0.0319541991041306 0.47425996019765 -0.24882209709592
-0.00477574454855709 0.0363841002879492 0.610412847233053 0.486190014518431
-0.0576741488173643 -0.000642441998000159 -0.156544372851802 0.858578647907619
-0.0144294763238491 -0.0208508744888309 -0.627531417877975 0.316335808362836
-0.00825048581666282 -0.0247965971725446 -0.0702351065955202 0.102730592045369
-0.0247864092271404 0.0229694531142789 0.639624258370431 -0.198654976007261
0.0097437274575872 0.0277155665516813 0.318919997058709 -0.832829087149803
0.0418463463503737 0.0152210687827634 -0.55654368745136 -0.604543809003083
0.0379940283267254 -0.0139303081092994 -0.568029288713654 0.205333648973262
-0.0197702336783363 -0.0123346344065168 -0.0522582297704906 0.39639919776746
-0.0276330426170419 0.000767890387267257 0.150567400049299 0.088904541019066
-0.0230256891806146 0.0218761619824622 0.0513843446926128 -0.202157603403522
-0.0290416138508062 0.0215023338864632 -0.0315549329798481 0.197974210881407
-0.00284320758488432 -0.00315728088946929 -0.157272595614118 -0.0402626012041854
0.0174033839708556 0.00400569901014834 0.034667327112637 -0.374727436455784
0.0356728143490872 0.0335784479450404 0.476369477700503 -0.235447600056704
-0.00683930209584421 0.0404128679903831 0.604178615608606 0.503258414136094
-0.0567088058327175 -0.00013114250204653 -0.171493670398227 0.861037089028403
-0.00872902568321077 -0.0196847083354426 -0.629343199146567 0.307859674716253
-0.00213882791985437 -0.0224494039775879 -0.0641505300159949 0.101547963694229
-0.0200063866176804 0.0239070827155004 0.640925904049735 -0.206588630916043
0.010248604643074 0.0294968596433131 0.305775244996711 -0.835696763467463
0.0414226017283832 0.0167216381741052 -0.568223558710284 -0.589756359310078
0.0356646453478283 -0.0128335974061639 -0.56454720543129 0.217919035172804
-0.0212897849903851 -0.0121912256608305 -0.0506355867848259 0.398819668357548
-0.0296540256735428 0.00100785885288066 0.150673091087378 0.0891063363842852
-0.0246776573421831 0.0232874428940559 0.0485023117071509 -0.200690090871342
-0.00562654266479383 0.0130069134128557 -0.0358490330475807 0.193464673935712
0.0140441198878611 -0.00747673136077297 -0.159436288062475 -0.0484317951570765
0.0264765436237636 -0.00570095599771352 0.0335278344053207 -0.377992015062142
0.0291285011265232 0.0170700412359203 0.47751075319622 -0.216827543329914
-0.0203090698178816 0.0234608382663556 0.590281385657537 0.534248834741166
-0.0683203705880733 -0.00317730678395314 -0.192378041459095 0.873110717647507
-0.0371021429147594 -0.0146882128619473 -0.621530696568148 0.310370358047275
-0.039593218597843 -0.0181801411021083 -0.0423499416795889 0.110539596555249
-0.0469320437378868 0.0323883287023876 0.649580447468099 -0.211443350669209
0.00230117706711074 0.0253372423666475 0.283123027161641 -0.834024010289865
0.0320253912798639 0.000116201419030258 -0.584358637057257 -0.560754950749176
0.0307225750965664 -0.030087968592817 -0.564337337668769 0.234964532200616
-0.0120330351543891 -0.0190700600535249 -0.0443558507303981 0.395964773245197
-0.0119535450184071 -1.39525565519966E-06 0.150878928762772 0.0761091440403083
-0.000980768011067525 0.0202987066020616 0.0460035542855991 -0.211285949968814
-0.00753791261861189 0.0130022413488284 -0.0334324334182421 0.193686664576396
0.0117385650663835 -0.00651193986068007 -0.158706055854611 -0.0463853540344371
0.026227382924986 -0.00413746248135794 0.0295734268053266 -0.37893214694977
0.0315328261518209 0.0186162676078067 0.473147782297263 -0.23216533859094
-0.0172944070272332 0.0238405193752185 0.600416619043888 0.516210202382119
-0.0674933067159265 -0.00298827904091584 -0.176193146770014 0.869678386050916
-0.0385147299501168 -0.0160080101364785 -0.620806727999707 0.317201996678308
-0.0399003135520232 -0.0203291064639943 -0.0509135220455366 0.110700350331185
-0.0485041579550343 0.0294614979580833 0.64766030500141 -0.204380383131944
0.00257586289300898 0.0249741513924175 0.300298226159096 -0.832958364692663
0.0344461969142551 -0.000285262704116595 -0.575901321555012 -0.578610021260985
0.0343413753124622 -0.0287414633829125 -0.567934654342218 0.219421354936731
-0.00970914760953161 -0.0184376486211264 -0.0487009808866878 0.393104480115335
-0.0133367480089346 0.00121429982806056 0.1516125123057 0.0784034232858769
-0.0031557657047178 0.0200989538388793 0.0482516058565225 -0.211864840229693
-0.0111883431820424 0.0142339951091981 -0.0301182690251407 0.19344347805518
0.00958741492786442 -0.00618765486036055 -0.157777549002162 -0.0444162753521965
0.0250477591686008 -0.00358634012848104 0.025457553502773 -0.381761455292914
0.0335709492829159 0.0195809573070092 0.470065474393335 -0.244817114988509
-0.0142287355346219 0.0244557879816293 0.607427228621914 0.497846480312209
-0.0667546883776824 -0.00240467709596604 -0.161380533984706 0.86993590373813
-0.0370314145062241 -0.0172115863069812 -0.621334271806582 0.325259601218944
-0.0376214068894253 -0.0225753742998716 -0.0605961158367128 0.109202768293095
-0.0466337296197096 0.0269820059191681 0.647180453660629 -0.195884983885598
0.00298970752948956 0.0243824831753613 0.31613797383035 -0.830249619939155
0.037201521043573 0.00235816520339821 -0.563069991406785 -0.596136542287962
0.0371218048222139 -0.0257887857025857 -0.571451893920677 0.205501907278695
-0.0114966417872493 -0.0174592850485721 -0.0510333055889501 0.391426159428674
-0.0156578359409056 0.00219896148839112 0.151294946399871 0.0813591256896795
-0.00659733198226533 0.0206776541488484 0.0498202161496726 -0.210639290790341
-0.0157183921576346 0.0162860375216155 -0.0294090776523728 0.19318747882492
0.0058476818410894 -0.00518302377515673 -0.157376597186433 -0.0430676836355317
0.0257934053569644 -0.00157844124758469 0.0235246387346567 -0.385341453861686
0.0354763739310349 0.0221509611830084 0.467701385812154 -0.253828154822516
-0.0114470510524307 0.0261700079362486 0.612557727719543 0.483394064606593
-0.0655125053753994 -0.00210083909232413 -0.149681379416764 0.867012397747461
-0.0325244004522919 -0.0187886437317748 -0.622015048217677 0.326819700825374
-0.0317865390980795 -0.0242316471363929 -0.0673691726506323 0.107742440660295
-0.0420367410068361 0.0246286695475078 0.644973833531407 -0.192506178557111
0.00379870230560478 0.0240717191139335 0.326415402319155 -0.828321040436381
0.0392844473147654 0.00510173650798541 -0.553812890502674 -0.608700765878013
0.0383669162644394 -0.0227804920614498 -0.57094173427909 0.197818282243753
-0.0126513415959968 -0.0158854670648916 -0.0539512435653413 0.3917853095595
-0.0188328506942156 0.00166444954055649 0.151377450448413 0.0843905532223437
-0.0115866190713402 0.021113174405693 0.0516132707300113 -0.209551582476759
-0.0197258252373201 0.0176997787558877 -0.0293052377580164 0.194303180738437
0.00348391350162303 -0.00441026038675655 -0.157337598469708 -0.0417865708320784
0.0234225983480149 -0.000122389390537855 0.0235189739771887 -0.384031601872699
0.0373674211887792 0.0248644987440333 0.466845666091898 -0.257941493058155
-0.00862229010538159 0.029940076497389 0.615601675530487 0.478602069770251
-0.0617987084673852 -0.00173489163798848 -0.146375052590872 0.863230412749227
-0.0264506861311069 -0.0213496783923372 -0.624333975538585 0.326760820318874
-0.0241234181042325 -0.0254095872267453 -0.0719738945213333 0.105186478898132
-0.0370181887654315 0.0229137713459505 0.643354886664615 -0.190816706250813
0.00576784658182129 0.0242709231434954 0.329608851634844 -0.828549572579999
0.041213070761204 0.00896488655514656 -0.551196069859353 -0.611637935826961
0.0388548143613845 -0.0191158760155958 -0.572009850641435 0.194093384522312
-0.0146956680889595 -0.0149661689447461 -0.053595607849072 0.393932815182523
-0.0224196959072734 0.00124565212233853 0.151263380711335 0.0878481537938761
-0.0164267081894548 0.0216133596529535 0.0528614780366886 -0.207353723637468
-0.0241048422592237 0.0191490250240246 -0.0286171445558433 0.195791116740727
0.00100813706599983 -0.00433827738742683 -0.156464402208445 -0.0398317577897292
0.0214821236526464 0.00175917134135186 0.0258673876096587 -0.382572961447829
0.0377613672812609 0.0280326079341591 0.466981731904528 -0.255221079171103
-0.00609891723085043 0.0332028329103205 0.613454906127121 0.479775293670804
-0.0594541825167335 -0.000722774738450019 -0.150596989709167 0.860444220444511
-0.0195085111913127 -0.0205566750484207 -0.625092054894531 0.320710319907886
-0.0158876487263288 -0.0249470865141631 -0.0723642284530933 0.103866349118763
-0.0310262539445608 0.02216150197971 0.640447629486365 -0.191073801556693
0.00763290563368493 0.0257735600563754 0.329501224071497 -0.831477699702885
0.041374916241972 0.0117254418059031 -0.550323343238733 -0.611789312152816
0.0395434511571964 -0.0164625920820356 -0.571688869655395 0.195482852677236
-0.0169879885548769 -0.0139558858350668 -0.0553782365719143 0.395238196743612
-0.0261392931110294 0.00172755375402868 0.152150054604984 0.0895042822964309
-0.0203228257253483 0.0224941187356048 0.0523360293448781 -0.204571809307624
-0.0273080137912021 0.0203657036918149 -0.0308210817985374 0.197365328507168
-0.00147732739451574 -0.00436210524545912 -0.157006661224327 -0.0399495701858123
0.0197236321763377 0.00361925972664474 0.0292585978305226 -0.379510591557695
0.0374088130439394 0.0312764683629479 0.473251238144945 -0.247500980904399
-0.00576918246158387 0.0365753732705738 0.609659725102255 0.487902543313665
-0.0569824060890422 -0.000140031447386404 -0.158849795807912 0.858349062056352
-0.0136059921735635 -0.0213975900928598 -0.626680610576905 0.314760509400999
-0.00902843101752185 -0.024320148158647 -0.0695472518769419 0.102607836055167
-0.0246669534620547 0.0236319148364882 0.640272492605619 -0.197212684521495
0.00970214110833978 0.0281634449098456 0.320628918795597 -0.832942789347857
0.0421466878607167 0.0150525626096482 -0.557226561344711 -0.605157389729555
0.037728408455413 -0.0149588350276197 -0.569714823138305 0.205080120032659
-0.0193160473137639 -0.0127701809819393 -0.0522393357004876 0.397490564324385
-0.0281174469292603 0.000916323494389424 0.151572604020013 0.0897722376744803
-0.0239414869892359 0.0234427406387946 0.0517436624836251 -0.2021589684945
-0.0285065811278814 0.0215475447437185 -0.0321122022897171 0.197864406345387
-0.00288963594196918 -0.00485679082261961 -0.156314200176269 -0.0403840399739746
0.0181291138323331 0.00387008719346751 0.0339498984207682 -0.376333669570956
0.0348574843573993 0.0332470567176888 0.478292945228751 -0.234623693478606
-0.00740381879862273 0.0400252316376534 0.604850716636901 0.503490633618292
-0.0566693677108172 -0.000173338317486442 -0.172395133269874 0.860798083948176
-0.00773891014388909 -0.0201951493379871 -0.630787231148129 0.30457471805485
-0.00283388956173996 -0.0226894484528883 -0.0634564766469137 0.101869590059274
-0.0194386666510038 0.0244897924970461 0.63982239591148 -0.204433016723581
0.010931605356458 0.0290520527294228 0.307348754217611 -0.83447403481675
0.0422205351647889 0.0169254331084632 -0.56749121194126 -0.590126992232963
0.0360160527822299 -0.0128330706282791 -0.565041828957443 0.21565694597732
-0.019849913674562 -0.0122477799963472 -0.0517289688634727 0.398985594946016
-0.0296092800779541 0.00128252967499555 0.150686323797659 0.0897907448213278
-0.0256472832312966 0.0237171089752598 0.0491479612370106 -0.200051526815539
-0.00466559201394925 0.0133230601232379 -0.0368817918125595 0.19394895379304
0.0145265163289131 -0.00753599840122438 -0.15922550808783 -0.0493006406160139
0.0266939275037766 -0.00484195124207134 0.0334728655107666 -0.379394843796609
0.0307492785826336 0.0169717991274762 0.478290726475152 -0.217487955677988
-0.0210120454249093 0.023929158387866 0.59172539134196 0.535579389599664
-0.0681632387455307 -0.00370025597769628 -0.194426284027684 0.873524922974469
-0.0372402558320673 -0.015504026058991 -0.623908522370869 0.308354127686947
-0.0391901829640758 -0.018293364694579 -0.04247342606888 0.109904518040477
-0.0468378147893761 0.032278824415636 0.64964932092748 -0.211104136823108
0.00256745256309783 0.0258167129476901 0.284679291722075 -0.834542809133123
0.0325727119695996 0.000230671126246353 -0.585665080075377 -0.561991904924763
0.0311410228872813 -0.0299402292661937 -0.567056908735823 0.235236830972184
-0.0104625210166722 -0.019080020772378 -0.0451375991588609 0.396594547764721
-0.012721119141002 0.000874808650141669 0.15242610018051 0.0770881577785655
-0.00121570493278963 0.0207926374378546 0.0467280028105846 -0.211663898009858
-0.00653308554396448 0.0139000281471192 -0.0337792136390816 0.192248972417581
0.01134027871246 -0.00780782969785982 -0.159497921592599 -0.0466399104853881
0.0264791711042057 -0.00449338200039919 0.0295336017479973 -0.381961185252019
0.0315930995418357 0.017662830182347 0.474399928477653 -0.23192006643077
-0.0186766662684023 0.0242666029194554 0.602366282573852 0.515451425603448
-0.0683803760710328 -0.00352495405767144 -0.177222148426847 0.872009590542833
-0.0378675431478524 -0.0156902128847042 -0.62211499828117 0.316379388626145
-0.039862811028649 -0.0208530064599374 -0.0514467058966911 0.110521403357001
-0.0476375356653703 0.0292529282724209 0.647760186315666 -0.201959881742735
0.00293521350886577 0.0241615042460026 0.304897871490278 -0.834192432166596
0.0349552398986724 -4.25377971626957E-05 -0.574163990314751 -0.580986947393839
0.0343068063677452 -0.0289783513544372 -0.570446990347962 0.220766479613247
-0.0099703940711257 -0.0189140638887138 -0.0489846993344102 0.395599564110684
-0.0134084731192143 0.00107549096703392 0.152190739261093 0.0788668654145303
-0.00339991904070048 0.0204039359987887 0.0484716916346504 -0.211967369231675
-0.0111351022164859 0.0141496971828715 -0.0316020393727005 0.192745269375303
0.00897583329972537 -0.00626172841701364 -0.157792839885631 -0.0446413248421742
0.025386655988247 -0.00424531545826337 0.0265918765609719 -0.383663441054865
0.0345285583104541 0.0193176330357032 0.470892701197444 -0.244861080658287
-0.0151394662661664 0.0245349255085067 0.607521821335729 0.498027228426236
-0.0664512185952202 -0.00353991921412266 -0.162001677390498 0.871575348686862
-0.0360501645031127 -0.017912246696975 -0.623108161535845 0.324079374507764
-0.0371066512355409 -0.0225641117578182 -0.0601282270924946 0.109006354719018
-0.0457633108294168 0.0268218985651468 0.646190992595744 -0.19571907699698
0.0029845708456162 0.0234340362104526 0.319572296638724 -0.831439235434788
0.0379538719783718 0.00222888722277891 -0.562540029360429 -0.59780431271984
0.0380998800892909 -0.0259860135134271 -0.574363715339658 0.205731900160606
-0.0100380985179087 -0.0172185244422436 -0.0515563532764137 0.392919945453768
-0.0157761453912581 0.00163941858048046 0.151320919081387 0.0824578188482722
-0.00749820024656383 0.0217216931105374 0.0507701578182657 -0.210511781647481
-0.0149330146786059 0.0153312746003012 -0.0305025260565642 0.194548047531754
0.00565888167246149 -0.00598520975642106 -0.158345905962548 -0.0436283870429068
0.0245827933634023 -0.00251219173896133 0.0245571630454736 -0.385500567621028
0.0362084922606613 0.0221613144278612 0.469360838292963 -0.253341364436098
-0.0113316635941275 0.0269366355752336 0.611407293708903 0.484916302117577
-0.0649669347727648 -0.00201145173787162 -0.152892433492142 0.866683690370915
-0.0322585836227448 -0.0195982059678506 -0.62255175880597 0.325978019022589
-0.0320559742290044 -0.0249647391141932 -0.0671372997130652 0.106796139085136
-0.0427783817571562 0.0252676756669683 0.646204005311322 -0.191101125340372
0.00451831869679065 0.0237842161982377 0.329982270360769 -0.829881009537915
0.0390926960158903 0.00479800123350635 -0.553889172483685 -0.611046301862442
0.0395923469581099 -0.0228472027040203 -0.574947619546104 0.197082245575387
-0.0118594701775971 -0.016035531244297 -0.0543622103885086 0.393446091111681
-0.0192520881952399 0.00145380005712613 0.152553220809303 0.0849985681910281
-0.0118384305405345 0.021760129971915 0.0529080578301355 -0.209796615065297
-0.019744596327457 0.0174019043352587 -0.0304076003143172 0.194210357280542
0.0032519303353063 -0.00502466685853798 -0.157731390485753 -0.0422207629527615
0.0235214504913282 0.000348389872020866 0.0242088507119876 -0.386043732590413
0.0374881257048215 0.024695196012603 0.467534850910654 -0.256597431979676
-0.00865171170684038 0.0295047716926657 0.616572004964962 0.47917983888465
-0.0624397355080802 -0.00140942775935629 -0.148908954585892 0.864070634672135
-0.0260692458125025 -0.0209404246124895 -0.625658134234086 0.325196619194955
-0.0248029252940527 -0.0258235134419337 -0.0712005538813578 0.105224711356508
-0.0362319273898596 0.0228798173728205 0.643908859711415 -0.188732515983981
0.00586633172002777 0.0248368939051059 0.334000286737369 -0.829600802195527
0.0406007693566809 0.00833357528267176 -0.550707566614086 -0.615981468276344
0.0397399473886781 -0.020297377199529 -0.574388484725084 0.195307081734515
-0.0134915570625848 -0.0147444260696235 -0.0551390053010369 0.394346591994868
-0.0226486094500783 0.00148365471029512 0.152177589782817 0.0880873210089741
-0.0161035240436107 0.022426215999026 0.0542877602430875 -0.207160506527002
-0.0241769071563787 0.0190140534982481 -0.0298947998686305 0.196120422405965
1.019983105885E-05 -0.0052587785168529 -0.156691743443221 -0.0414708076752597
0.022715970728101 0.000559999867965015 0.0259405668612978 -0.383014368477606
0.0383725910370013 0.0284617861701489 0.469421746540371 -0.254611932769303
-0.00691802132348919 0.0333647404459072 0.615612690933537 0.480968004205039
-0.0595786557889583 0.000454531503166586 -0.15300227739903 0.861015020269899
-0.0199278070823029 -0.0221007159535633 -0.626201134581567 0.321256882879863
-0.0157134646119115 -0.0251360565610537 -0.0718314875333069 0.103689589064512
-0.030702707215393 0.0224044040166176 0.64320990804787 -0.190218641038703
0.00818508427162227 0.0253942413105803 0.330656324038722 -0.833106857144992
0.0418819415781504 0.0123723763730922 -0.5489183255378 -0.613938682143829
0.0389761281567637 -0.0166236496461628 -0.573630932700927 0.196927050430896
-0.0159721172061746 -0.0138871526935539 -0.054610461861778 0.396783796659298
-0.0256434120599796 0.000618150367890868 0.151445543320839 0.0905880414813081
-0.0203239808913164 0.0237011546793741 0.0540192490117675 -0.204686722029121
-0.026690698384945 0.020356372381975 -0.0314367499056116 0.197000899683516
-0.00160101047450559 -0.00458529847865566 -0.156651772716242 -0.0409914932156917
0.0202010791838545 0.00283577549533518 0.0294703278803813 -0.380883903837774
0.0375594523710478 0.031825228432329 0.473848388539106 -0.246290099481091
-0.00735448655200341 0.0371049426140434 0.612039288229395 0.489167881106448
-0.0585143558912542 5.01647669989107E-05 -0.158491183039763 0.860660622568863
-0.013037324655197 -0.022014883759841 -0.629125793746111 0.314461386554609
-0.00792962395597261 -0.0252340248489582 -0.0700169653570541 0.102536919053366
-0.0249146280414318 0.0231670671987415 0.640829295186505 -0.196565927771134
0.00940251361861848 0.0279886093359559 0.323007307239324 -0.832346873937865
0.0421227733584427 0.0148909083789085 -0.557077828053035 -0.606084758101997
0.037992874055984 -0.0149656391161327 -0.570112362262227 0.204394623367031
-0.0179272786165994 -0.012436876731389 -0.0526644707753045 0.398572421080328
-0.0289763788144939 0.00152015130105623 0.15172605636427 0.0912722452424248
-0.0240160961483138 0.0240926613750075 0.0530002579605792 -0.201897471671732
-0.0288882112652621 0.0222960854451631 -0.0331821668565092 0.197255178222606
-0.00367453795950689 -0.00483428336689547 -0.155971920790472 -0.0400829758307075
0.0179764210018388 0.00367492370474112 0.0349015060048023 -0.377037375151389
0.0351196134569278 0.0339025032216489 0.479950296527096 -0.232605338173374
-0.00805964106078545 0.0395205166868337 0.605933260819647 0.506184251797866
-0.0569708092768359 -0.000222192894111205 -0.175556907091093 0.861392634921054
-0.00781715617503895 -0.0203881881041238 -0.631292341232844 0.304883093974852
-0.00218530164104804 -0.0229664511356158 -0.0632738120323775 0.101098017280214
-0.0191846459254436 0.0237282086234325 0.64075446796683 -0.202702897288686
0.010129729024574 0.0293952737246275 0.308557428257316 -0.834698005161072
0.0410716582654255 0.0164760107105899 -0.566998259786711 -0.591935085148919
0.0368379439019174 -0.0144988070619682 -0.567311743363613 0.216522364521866
-0.0193375459294731 -0.0116135666607917 -0.0521997071044513 0.401297594510306
-0.0298285017288423 0.00105554767762323 0.150935491950357 0.0902471072279875
-0.0247178169325217 0.0248658822660059 0.0500036687640415 -0.200275228611858
-0.00424831109758511 0.0135946953260258 -0.0380380640870312 0.193617565016113
0.013182044199926 -0.00953354221061065 -0.159466135919069 -0.0492717713098555
0.0271275974334073 -0.0060623582281605 0.0337718897179428 -0.381814596854808
0.0300181663394114 0.0175545659021028 0.482080658425899 -0.217193936598772
-0.0218961675931411 0.0240236224630951 0.595178422722457 0.537127011333683
-0.0682823557573583 -0.0040602301408366 -0.195595685310807 0.87602989464175
-0.0364434023562558 -0.015842112387546 -0.625854772541771 0.308873007311392
-0.0387288621156689 -0.0186938740064469 -0.0416230422234985 0.110817906921717
-0.0466905035440756 0.0323980924176372 0.651546542450652 -0.210582930156683
0.00220244184733836 0.0249910233653083 0.287540147654089 -0.836683490633261
0.031578852187625 -0.000167799378348966 -0.586408817931084 -0.565429730525005
0.0317928069696793 -0.030258373150009 -0.568774063501164 0.236109288350347
-0.0103591428321616 -0.0183251589759583 -0.0461535661222782 0.398536515350077
-0.0128531329713931 0.000451297757004692 0.152336453280324 0.0772625579284213
-0.000583810402039609 0.0216531384231004 0.0478575335123278 -0.211655139662492
-0.00647796984266351 0.0138467842671256 -0.0342447061668418 0.193524672405772
0.0109176206238649 -0.0078251200020308 -0.16009938508656 -0.0478722949646325
0.0269575193708452 -0.00545635574233554 0.0301911465921079 -0.383623707437676
0.0317272735230972 0.0179147477761983 0.476446543924364 -0.233223191910798
-0.0194453185443789 0.0243702162845695 0.605313147770896 0.517839465039153
-0.0686148881896435 -0.00305461964174892 -0.178439490304924 0.874396619280266
-0.0378313510815083 -0.0171393412858492 -0.626432869881936 0.317143570420754
-0.0398675858971456 -0.0212481159610948 -0.0512328415686441 0.111070827219053
-0.0475888324721004 0.0288066138512006 0.649733991491175 -0.201455582949304
0.0027529035800596 0.02466054246782 0.307490913753068 -0.83422054371642
0.0349146617497283 0.00083846766828233 -0.575511031399902 -0.584243011128398
0.0349714620999877 -0.0289655333001977 -0.572694160097155 0.220498644861121
-0.00980355694925013 -0.0176582961045285 -0.049913459424982 0.395508961293515
-0.0141502749197856 0.00126941201840222 0.153246004088635 0.0801146415594625
-0.003417612272392 0.0212385726489847 0.0497198128712481 -0.212448163408693
-0.00964275860927292 0.0148386879423943 -0.03274259406349 0.193618396625423
0.00883492745272462 -0.0066387368550055 -0.158355738663269 -0.0455674087362664
0.0263059031861424 -0.00356485991946083 0.0269132749548508 -0.385770210628813
0.0355403817725891 0.0200142530961865 0.473614351700562 -0.245505412430889
-0.0160637543783919 0.0252524701802194 0.613405791969551 0.499789998041239
-0.0667433829760367 -0.00195269431139131 -0.162725024598025 0.872771670580378
-0.03655140335168 -0.0181722118953441 -0.625387083169638 0.323481633041424
-0.0370346976993211 -0.0235037742130942 -0.06050078106079 0.108892088979581
-0.0463483776230685 0.0263422905125516 0.648726776210255 -0.194154184944396
0.00296309009362551 0.0230651121321711 0.321391725677729 -0.833901429204808
0.037505909192597 0.0028906812654705 -0.564591953277574 -0.601535741879299
0.037387664361062 -0.0270418329859194 -0.576449710897037 0.207952271090495
-0.0106193208376045 -0.0169272972544461 -0.0524273617701175 0.395836368707446
-0.0159756063558311 0.00186111471488942 0.153304929662513 0.0828747876140609
-0.0065714936321579 0.0226267183087289 0.0522476218321229 -0.210991265413295
-0.0142759069662731 0.0157353513947638 -0.0327203930959623 0.194294381452515
0.00497679362556441 -0.00629001507007347 -0.158395054200508 -0.0424317063001636
0.0252698281684351 -0.00234616819435853 0.0250845060449517 -0.387918244983068
0.0363161901840983 0.0215307136807055 0.470288476814048 -0.252381328944231
-0.0117433098893731 0.0274298741785818 0.617240588634294 0.486538575985955
-0.0656661546856439 -0.00267224162885016 -0.152999803797157 0.870255873837255
-0.0316751215985364 -0.0191385229486916 -0.62431613429445 0.325431992987335
-0.0315008106163478 -0.0250122659706301 -0.0669535578654295 0.107605994325808
-0.0416839513782328 0.0247476633919282 0.646840634465118 -0.189851412327314
0.00441584451344369 0.0231297649297339 0.33245125013905 -0.831953598245756
0.0397115478058066 0.00531417470831575 -0.555585519759962 -0.614621998798905
0.0395697964478716 -0.0236490569396791 -0.578101709028656 0.200356264469065
-0.0103797878347284 -0.015640993263529 -0.0559850945787406 0.394448356546705
-0.0200971030032738 0.00175849873895065 0.151904135514567 0.0862613089805467
-0.011373656564564 0.0225066325478585 0.0534509187728466 -0.210822713352097
-0.0185143802752476 0.0175899668799712 -0.0309214212501426 0.194729108691764
0.00261262112403506 -0.00558520872022313 -0.157742022979949 -0.0412109370449159
0.0242702929857105 -0.000596940677123464 0.0241017571138833 -0.387624784252167
0.0381525364221095 0.0253054885761083 0.469252155137616 -0.258127005261094
-0.0102375829769304 0.0302203677651448 0.619688101047376 0.482128619147255
-0.0627976395521223 -0.00176216651030544 -0.149442227280941 0.866265003269314
-0.0252465716502578 -0.0211322710025546 -0.627671589482263 0.324709647078668
-0.0236625169956711 -0.0260135011838966 -0.0709766969768275 0.104808945122704
-0.0366120590411708 0.0227323921598028 0.645161072572042 -0.189322812702436
0.00666931841428755 0.0245436282970914 0.336328122924977 -0.831092846971107
0.0411814807495157 0.0087373819373084 -0.551487084435299 -0.617128316876361
0.0403112550605799 -0.0204988901055011 -0.576983858646618 0.194351393862173
-0.0131397812647305 -0.0148698618316635 -0.0558854674836754 0.396908629565357
-0.0233726524424234 0.0016296649081426 0.152921184094507 0.0889920486050104
-0.016547435087517 0.0231768677045408 0.0561733088331866 -0.207532814403826
-0.022490267297932 0.0197663228583574 -0.0312549105067869 0.196046326857598
0.000425896284127936 -0.00491178985238312 -0.157020228049768 -0.0407774414236016
0.0224122651760682 0.00171443510779076 0.0263463493690073 -0.385875161552162
0.0392077102207794 0.0280500426683448 0.472300463622993 -0.254428751733186
-0.00808359644433831 0.0337137429859095 0.618857572653019 0.481561217613154
-0.0602970827470412 -0.00151078023883531 -0.154356588502626 0.863796875549744
-0.0191828016560434 -0.0220027332667893 -0.628197967148648 0.320540310366931
-0.0162828764470685 -0.0262954438301149 -0.0727404889633116 0.103360994680657
-0.0304118075431472 0.0224910687134245 0.644289162229053 -0.19036635390445
0.00778666490283799 0.0258655089797025 0.335283790761539 -0.83302807992737
0.0415875210685494 0.0126299538828654 -0.551320740055992 -0.618188055983498
0.039575338129848 -0.0171151465653147 -0.575690832021499 0.197610683324303
-0.0155850642421406 -0.0132562639635044 -0.0547600139224297 0.398423840445965
-0.026874900316694 0.00163462328824258 0.152059113616372 0.091013391829937
-0.0207105740856724 0.0234753861874073 0.054694675282492 -0.205165526722936
-0.0264414792349345 0.021089481466438 -0.0317051061213853 0.196249234235782
-0.00190484132608953 -0.00599919926361973 -0.157526422801367 -0.0406593623825244
0.0203238957053231 0.00286800966250914 0.0310828121808959 -0.383467431486922
0.0379305461515804 0.0312632981304263 0.476779252717952 -0.247015979463464
-0.00807939954406842 0.0368408917289952 0.615554848902423 0.490832742112751
-0.0584623338358546 -0.000539244390593746 -0.160748887251437 0.864537643154317
-0.0125231572990553 -0.0218739687042871 -0.630635682807757 0.313023880953928
-0.00847753241688652 -0.0250563128292206 -0.0687401039167048 0.102525591749009
-0.0247482465579159 0.0228336444123469 0.642556654726364 -0.196423817441021
0.00926514244190612 0.0276645478786808 0.325337723935983 -0.833420837822685
0.0417919192650715 0.0156135647917587 -0.557019126477264 -0.610039295736684
0.0384543057778616 -0.0155399608523661 -0.572815291408968 0.206126434382098
-0.0165323150416319 -0.0122620342655159 -0.0533926026188512 0.400300254253429
-0.0287210364049652 0.00158150390278874 0.152516652680069 0.0921330482684586
-0.0240172435418752 0.0243981544985435 0.0540344915222462 -0.203225198819445
-0.0274965013383856 0.0225438322208385 -0.0338462669809558 0.197840952852767
-0.00378979418576737 -0.00604826717287946 -0.15654446196518 -0.0401964867593967
0.0187949791714324 0.00332000556454333 0.0352980443243783 -0.37932729424568
0.0362983400566315 0.0337924473064204 0.481383312577858 -0.234759753552424
-0.00833979335427368 0.0402827353542023 0.608920294595358 0.504665900893083
-0.0568069493572107 0.000503091245046688 -0.176812994305743 0.864180643600264
-0.00764752695222683 -0.0206410160352576 -0.633758264522537 0.305206797666927
-0.00273031592251145 -0.0237405393630137 -0.06430557716062 0.100977678774198
-0.0200892416899707 0.0243467665597996 0.642541429782257 -0.200800913153484
0.0107707526070811 0.029457108197321 0.312638040451687 -0.837404665497332
0.0417345933128637 0.0172643741889659 -0.565972350441609 -0.594793819941389
0.0373725905429946 -0.0144531577254493 -0.569565154627285 0.215876704922524
-0.0187264992589641 -0.0123777131828978 -0.0510172950031131 0.402380617663194
-0.0299913235558761 0.00183862703843652 0.151460704625455 0.0912076851849276
-0.0249874820077284 0.025215887451409 0.0513040218957473 -0.200939569543971
-0.00301516986809075 0.0139527263091207 -0.0388613996794732 0.193998267221934
0.0128771650795747 -0.00951047948164544 -0.159835807382916 -0.0495430658859411
0.0275060708838648 -0.00632644249934837 0.0334342196368234 -0.384778699110987
0.0302296876118205 0.0170764853971797 0.485301022158601 -0.217823358954879
-0.0227709505030846 0.0242183389618115 0.598572431790747 0.540331273179139
-0.0693717524617712 -0.00326838194219831 -0.198464000041397 0.880354982045583
-0.0368887912815114 -0.0161216935517055 -0.629676243040443 0.309103689848399
-0.0394150518175904 -0.0193304620621198 -0.0420658740240661 0.109987362513926
-0.0463504850463289 0.0324209333574956 0.65364704183116 -0.210291054560572
0.00271069138228097 0.0250762748934687 0.291997942121047 -0.838114654954098
0.0323922520441874 -0.000454420873431905 -0.588969688371987 -0.569090890518094
0.0321769897705909 -0.0309307726972892 -0.572525194698346 0.238347201705203
-0.00951654508478616 -0.0192738028905668 -0.045587471195144 0.401965875405951
-0.0137699620995997 0.0016235554722335 0.153701310945998 0.0785134355470853
-0.000916588888278872 0.0227262895411427 0.0485932149307714 -0.212945978745657
-0.00520975552052347 0.0142470051499684 -0.0357783820531292 0.193563101732513
0.0106420958567108 -0.00827602730107641 -0.158926826411623 -0.0474424375197345
0.026727517393379 -0.00514240074797236 0.0303242823833657 -0.386713199694573
0.0334309615857394 0.0180023115823533 0.479285710090338 -0.233833062101336
-0.020072005712806 0.0239599852221583 0.607668864660353 0.520356415258653
-0.0694244151069649 -0.00282708833713401 -0.180495814239256 0.878207409345591
-0.0379518813986364 -0.017281607026615 -0.627336278798191 0.31700812654015
-0.0405899781641653 -0.021656753327692 -0.0504564444659066 0.111111409815698
-0.0466226865799635 0.0298043244196611 0.653385612650478 -0.201837287333212
0.00218139043175618 0.0243934660676817 0.308470132393343 -0.837300900505206
0.0347980244970415 0.000745272815710653 -0.578169541470491 -0.5874312880475
0.0350798334535782 -0.0288919998038923 -0.575771208153055 0.221590208957717
-0.0091098459893534 -0.0188980726511925 -0.0490285775065894 0.397828262951786
-0.0147294886583261 0.00169317409935798 0.153380127697042 0.080935855530948
-0.0020906505753619 0.0221810779763851 0.0501958504636535 -0.213423368777413
-0.00944551612643479 0.0145531652419426 -0.0336710334027524 0.19332867671529
0.00848300069523529 -0.00711367862271414 -0.159364615207206 -0.0453044597637186
0.0268713061942482 -0.00387194379919241 0.0268336446901996 -0.388963257145884
0.0353215456994795 0.0196772524518318 0.47583783528077 -0.246079637751375
-0.016249806528277 0.0252567861006644 0.61464107465204 0.502045193868726
-0.0683727361775751 -0.00236003089192525 -0.165118827629896 0.876699820334387
-0.0354989670793198 -0.0181829860457199 -0.628622213222349 0.32464897545969
-0.0374839277069348 -0.0238704771098194 -0.0593686105245512 0.109169444107683
-0.0462670494861014 0.0269787461405184 0.650659107213752 -0.195837527583361
0.00329926536432291 0.0236405064696369 0.324187236376558 -0.835917202707776
0.036833414673949 0.00130054812742433 -0.567249106808775 -0.604696310658554
0.0394316491385265 -0.026804138938679 -0.578855558362201 0.208654550392782
-0.00894396347567075 -0.0173757167010002 -0.0533995125829607 0.398618276787672
-0.0172341953922691 0.00243442058437513 0.153514555329901 0.0836849357554484
-0.00582783904494021 0.022760886038961 0.0525589880968142 -0.212882439800906
-0.0138245271357826 0.0159741153814438 -0.0319543823313992 0.194620145416032
0.00563374707524113 -0.00641255161736347 -0.159181699380816 -0.0435934014701953
0.0253526133070154 -0.00229113825206587 0.0244512592013274 -0.391592659640535
0.0378590772006109 0.021504671816972 0.473001698160427 -0.254422881589762
-0.0128877089909241 0.0274747855817249 0.619126583610361 0.489326936803515
-0.0654985621033208 -0.00183986216861294 -0.155877778087438 0.874509637331164
-0.0315528353969573 -0.0209248620390148 -0.628806599080939 0.326893734091164
-0.0321229002291238 -0.0252826257569476 -0.0669902109929038 0.108327078000598
-0.0418412692881066 0.0242413342727866 0.649118997432153 -0.189623257466921
0.00472902330083504 0.0241359107920732 0.335869662351919 -0.833560924972082
0.0393554983902516 0.00558644674777429 -0.55756295705337 -0.61765168595045
0.0406958958833729 -0.0245265712165018 -0.581246728633519 0.20040554507058
-0.0101440082124146 -0.0160114707812236 -0.05470251160036 0.396986534750972
-0.0196267402013088 0.00263445117610076 0.153598764710782 0.0872464666526371
-0.0111735095524743 0.0231323401693702 0.0553566147534502 -0.210876721840533
-0.0183563157835022 0.0177579016386421 -0.032338481327311 0.195700224232288
0.00239173904785157 -0.00622578366487546 -0.158579132357788 -0.0422956622843268
0.0240365803460857 -0.000938009901053698 0.0251574184867237 -0.39035551749081
0.0385928875974149 0.024497813692407 0.473157258678802 -0.257689363636483
-0.0099598267669085 0.0311132174043881 0.623620312289966 0.4823268529692
-0.0636184121030744 -0.00109938361110503 -0.151771619348549 0.869753066596714
-0.0265982572170067 -0.0216825099381834 -0.630224582429918 0.326437379463902
-0.0247283884338447 -0.0266655422157928 -0.0714748362304512 0.106054675022181
-0.0365245388382253 0.0227499855617236 0.648245000840186 -0.187831370993131
0.00622419125661417 0.0245381133252784 0.338318279324041 -0.833102974955541
0.0409418063875118 0.00969222678787112 -0.553829737638873 -0.621099761939533
0.039944408279758 -0.0210312249301084 -0.580297250643826 0.197211697979556
-0.012749903748155 -0.0146882236366283 -0.0552134059376148 0.399426855110968
-0.0236251508582086 0.00267393834190962 0.153681449652944 0.0904161331344279
-0.0170361791880712 0.0243037552439739 0.056080056436984 -0.208393722883624
-0.0229366005955149 0.0192867861810441 -0.0326525541376201 0.195559773348367
-0.0003927471795377 -0.00610031581204126 -0.157791078198274 -0.0411557531127028
0.0227062286312296 0.000908431418137446 0.0273666112204019 -0.388532403404745
0.0401399913676705 0.0281983845973822 0.474924577161561 -0.257152393843268
-0.00814425166818789 0.0343022279793045 0.624046816073533 0.484568419917502
-0.0607373370120227 -0.00111312988109614 -0.154029664305492 0.86724946015605
-0.0195228485524836 -0.022465125129071 -0.63197561446761 0.319875032974168
-0.016009237387823 -0.026039198837382 -0.0717349191732906 0.104046465693956
-0.0301918573596551 0.0230596415560088 0.646451621758917 -0.190507830105825
0.00789835896542135 0.0258015636322588 0.337965449698629 -0.83619077681169
0.0415885987836801 0.0127925489427832 -0.553914453170457 -0.621535138093353
0.0398072635569303 -0.0179449138890354 -0.579001507791192 0.198778262547281
-0.0149427146958703 -0.0138322175642039 -0.0552996971250864 0.401644765201757
-0.0276812565367073 0.00261887743188377 0.153774060092301 0.091615022408967
-0.0212434603312759 0.024394116057145 0.0558576057557622 -0.206300423884557
-0.0254098717800295 0.021822235248837 -0.0332756813588366 0.197167804775348
-0.00279002726639612 -0.00550877280817178 -0.157191599924982 -0.0409806736822396
0.0209225166174505 0.00210058611286263 0.0300516783404967 -0.385440917379677
0.0389857858965453 0.0311334913996515 0.479854298608249 -0.24840032709822
-0.00829493896366103 0.0371351977201795 0.620708796521932 0.493937725766924
-0.0592546619017167 7.41324685267289E-05 -0.161671400142357 0.866437988089566
-0.0124310612490287 -0.0231101039075541 -0.63503726342436 0.314355972811839
-0.00852611488672529 -0.0255674823478903 -0.0694170834318336 0.102806307997771
-0.0240794928773883 0.0230569310702366 0.646729886274826 -0.195628767383921
0.0095595287814941 0.0272419635626258 0.327869097697127 -0.837459122091073
0.0417038467281696 0.0145132640832253 -0.560789404865547 -0.613404169773814
0.0394778161035351 -0.0162381674714049 -0.578005183017715 0.206101053623399
-0.0167634934615219 -0.012670640638931 -0.053904408012825 0.403315597250432
-0.02939948012806 0.00179847572943576 0.153032500213066 0.0931041632502059
-0.0236816004905668 0.0251059718485456 0.0548444049012663 -0.203674798180145
-0.0276858671584425 0.022037254878064 -0.0351597768393107 0.198009686512217
-0.00408670409913296 -0.00631378369552426 -0.157212107615219 -0.0404884354637823
0.0186348295499623 0.00298284909122889 0.0356671775692707 -0.382409668638721
0.0358685253448349 0.0345819994976339 0.485829140806934 -0.236230794742199
-0.00964446279229828 0.0407546147611664 0.614644305279949 0.509276268594229
-0.057247151696905 0.000231896176276766 -0.177305855303995 0.868213813046752
-0.00683505229468924 -0.0223107647291138 -0.63713213618579 0.306474922155048
-0.00240735160390485 -0.0236925810064427 -0.0631310472608093 0.101238890533032
-0.0194035479867455 0.0241317015785504 0.645367096253994 -0.202725218464133
0.0104995145772311 0.0285497605670655 0.314648898162308 -0.840990784164762
0.0413347312142395 0.0170962680073021 -0.568828359568586 -0.599124059768944
0.0374427516017484 -0.0144782314931149 -0.573335294491288 0.217076750852947
-0.0182223697545136 -0.0121669505119689 -0.0523565182509546 0.406030915332104
-0.0312135558748888 0.00176599364409572 0.152440538279531 0.091279032076769
-0.0246446689257678 0.0250847031904254 0.0523286315668873 -0.201830472761575
-0.00268494570783633 0.013245057285267 -0.0396116844455654 0.194966895627883
0.0124475588810764 -0.0107616031097912 -0.161375745497916 -0.0492620625180604
0.0280981513119543 -0.00581085816925857 0.034648562658509 -0.38826988779209
0.0314635738143512 0.0177507193289855 0.488368473199212 -0.220460532402462
-0.0227054062036853 0.0242203137840879 0.603989155775698 0.540510170506779
-0.0700734739120367 -0.00323407813731991 -0.197562560792026 0.884379870321133
-0.0359538821768831 -0.0171598230543502 -0.633708004644818 0.311637314229948
-0.0399941278152284 -0.0200790386298813 -0.0422267031001543 0.111125764879616
-0.0470781318753115 0.0321524133428357 0.655501567160528 -0.211009210194062
0.00283809281877024 0.025503710567991 0.29134120662455 -0.843434743450699
0.0323721088408017 0.000525835358735448 -0.593248355287985 -0.572894985757948
0.032499112124555 -0.0313275928116467 -0.576647101976498 0.241592633393578
-0.00971016716958573 -0.0196018836836045 -0.0459740070339725 0.405571996478915
-0.0139858290024982 0.00233159643917248 0.155351423922176 0.0791459270795471
-0.000418069695179323 0.0236221893965644 0.0493759399186 -0.2140664944764
-0.00488547759664025 0.0138006160590974 -0.0368222702184696 0.193980365060247
0.0113108184968268 -0.00962633437335167 -0.161430258849631 -0.0476202988780854
0.0277835810554415 -0.0051511513924084 0.0302050920404976 -0.390799720612585
0.0328688503764339 0.0175375243387381 0.484393666356355 -0.235536532884775
-0.0204938302837032 0.0250792230047784 0.613565100597777 0.521755820608689
-0.069224603395312 -0.00264712728471366 -0.180685038670873 0.88433833683565
-0.0370827177870374 -0.0177847888185671 -0.632794049270501 0.317769775089641
-0.0407403146241702 -0.021434739184365 -0.0513578524576214 0.110643408672949
-0.0481798107667333 0.0302017907587627 0.656674554585027 -0.203466559024331
0.00277633549309279 0.0244779888978496 0.309647292934844 -0.844737728854638
0.0350528983474368 -0.00026895849977066 -0.581706959739246 -0.591385658141061
0.0355655947146853 -0.0304725517291896 -0.580595662206694 0.223394590959138
-0.00864462787700458 -0.0185666906466987 -0.0505733327143345 0.401280147564405
-0.0144886360169823 0.00195036072134857 0.155024538919584 0.0815352893720997
-0.00257284748928656 0.0235213186255696 0.0515044239451655 -0.214904279932569
-0.0082793627853886 0.0149894580237464 -0.0346008051347481 0.194325442474164
0.00843303349052271 -0.00809740009682437 -0.160630317080605 -0.0449607587102418
0.0271931917285673 -0.00369239619633374 0.0265182975031948 -0.392657745055104
0.0360338047502586 0.019814874409269 0.479407055601109 -0.248413611739123
-0.0172033101276241 0.0258482727383563 0.620643415700445 0.502609987054813
-0.0684377301765194 -0.00208741533949844 -0.164534474234234 0.882547049370988
-0.0357645775042345 -0.0192717900021413 -0.632645917163525 0.326463827688416
-0.03737308380334 -0.0239646523662891 -0.0598761711753268 0.109936746523126
-0.0461624859818912 0.0267325164268181 0.653901864153148 -0.1954587745335
0.00303601088954515 0.0239388156547737 0.326335019689015 -0.840574529195203
0.0380728222430972 0.00225092342828386 -0.571267324037076 -0.608632499793676
0.0389664702456919 -0.027833838208679 -0.583868357508285 0.211211460009488
-0.0086491473279462 -0.0172955781699903 -0.0536880496392653 0.401197138048922
-0.0170277569814968 0.00286749625062003 0.154423488399017 0.0842358106680591
-0.00650248468756393 0.0233719681529602 0.0533668806192228 -0.214192943261241
-0.0131780708172433 0.0165227381706916 -0.0338411682314028 0.196372852173259
0.00450003300664258 -0.00764451634308407 -0.159974419618271 -0.0441262163122869
0.0257540135125068 -0.00285951061952042 0.0241510351468312 -0.393942344674183
0.0391284601327967 0.0221035212770696 0.477099617945797 -0.258265892113203
-0.0135075388734771 0.0274898439873475 0.626007411304744 0.489457356015393
-0.0663856912902211 -0.00145252630364463 -0.156788074989315 0.879624656908875
-0.0320194574971133 -0.0212344928382758 -0.632722095980513 0.328283170618349
-0.0321324928406966 -0.0258357092049246 -0.0675064942611032 0.107213310966599
-0.0421873820949573 0.0244822576108121 0.653398317998606 -0.19170039025204
0.00475529160352519 0.0234100655955176 0.337011992924831 -0.841313189822486
0.0397906632037257 0.00546605971311625 -0.56160457395489 -0.621539342999171
0.0401356935002569 -0.0245719223813872 -0.584791533192712 0.202600993735912
-0.00945103249718645 -0.0160460543446212 -0.0552701640831217 0.401982983839054
-0.0202361108686185 0.00342508664910568 0.154629864850748 0.0886975094277979
-0.0115628866892441 0.0242613269506881 0.0552862924047846 -0.212063729677422
-0.018037060865987 0.0177939667080173 -0.0322108359267364 0.195595193780693
0.00231112657632743 -0.00630897270164507 -0.159133170935803 -0.0423160365251033
0.0249031211675703 -0.00113221955520128 0.0243428313773363 -0.393262593361994
0.0400235247298414 0.0244051351478803 0.476232233585337 -0.26157373797226
-0.0106507662908669 0.0307526511229032 0.629176181466056 0.483786164733106
-0.0638138075589014 -0.00116460417144336 -0.152142595848434 0.875997242097417
-0.0251461328195372 -0.0227193694086525 -0.634891163541742 0.3276259741527
-0.0243015237410802 -0.0269787479722353 -0.0711958728259022 0.106414320389599
-0.0366166603308716 0.0232067594984761 0.651204023315169 -0.189997798537826
0.00638870015728961 0.0250715275922913 0.343004473542916 -0.839805727209152
0.0412212823543716 0.00837715884275262 -0.55741659523027 -0.62681122315997
0.0407327655916943 -0.0220678837436684 -0.584698546794057 0.197997240049914
-0.0118632009902335 -0.014686080542394 -0.0558457628586301 0.402256166317661
-0.0238320516307303 0.00274831309592184 0.154833295155344 0.0908735066914977
-0.0161887934473006 0.0248821075172665 0.0567647127032564 -0.210200846418051
-0.0217514997048277 0.0200663303439188 -0.0324974662644308 0.197463332697704
-0.00127926464077887 -0.00618429655908097 -0.159555850690582 -0.0406464693640609
0.0231019879277597 0.00130316738067772 0.0264702126449029 -0.391849536533399
0.0405952102612853 0.0284289178849401 0.477768727299017 -0.258470930588806
-0.00891625283635566 0.0350601749845569 0.629337907647693 0.485791208939426
-0.0614118273795244 -0.000964939046307924 -0.154069674608356 0.872948553319002
-0.0184201086265424 -0.0232880302058657 -0.635610399031077 0.322508937140827
-0.0162442242878391 -0.0264592680963875 -0.0717842158692373 0.104321842291377
-0.0299642405147133 0.0225059481015112 0.650089582992958 -0.189955782269823
0.00787712121911908 0.0258524430230969 0.340808572260401 -0.841002550652596
0.0424725331170526 0.0128666519071195 -0.555045899157327 -0.62489868152585
0.0399103469755255 -0.0185131915296864 -0.58385595678036 0.200863859465657
-0.0145901970030446 -0.0135811518064827 -0.0544617550006479 0.404204511292398
-0.0270379158484049 0.00299644612620375 0.155018659124625 0.0926987914003112
-0.0204252181372788 0.0257714410133947 0.0565447323672801 -0.207925557151013
-0.0257112407947234 0.0209472179509823 -0.0339236991144575 0.198782938160104
-0.00370386719611806 -0.00606950727188127 -0.159262465282399 -0.0406153520975094
0.0215306284275857 0.00188875883703173 0.030153690651312 -0.390043443165967
0.0395286590675608 0.0317287826006209 0.483725932492381 -0.250018357342462
-0.00865218470912767 0.037527079996461 0.624976042374368 0.494614909639303
-0.0597126914909622 -0.000551159318304094 -0.163506584112867 0.872348652351423
-0.0122848762298307 -0.0233236261107579 -0.639604313062398 0.316947264710269
-0.00772774485293561 -0.0260438616763318 -0.0695480833519782 0.102795024558226
-0.0244295354836968 0.0233727627621625 0.649883734863215 -0.196600493645557
0.00875572252511713 0.0272277760427023 0.329765820690994 -0.841688834019347
0.0421535795113079 0.0158149983448511 -0.563704749812532 -0.617001475491869
0.0382226042384636 -0.0158904211114869 -0.581386460493307 0.210301524485162
-0.0164929116322433 -0.0130961668480371 -0.0545534626823927 0.407688218461476
-0.0290949733854321 0.00239459713578092 0.15427768493351 0.093351364142063
-0.0244273169673521 0.0264192302266248 0.0555595758404788 -0.204938709101864
-0.0263421394854561 0.022409814564024 -0.0353725584716152 0.199336747105459
-0.00416958524409039 -0.00623861578127966 -0.157336504028314 -0.0412146932438672
0.0189796363953242 0.00255057881159977 0.0353344648141297 -0.385363778547181
0.0377897649637607 0.0326970600632006 0.48645984235338 -0.238963900114153
-0.0107714619276241 0.0406311591824426 0.617935482420108 0.510888514438869
-0.0588204652746614 0.00138945257132386 -0.176545478166622 0.872998311811824
-0.0071884042765995 -0.0218586936767905 -0.641112091099362 0.306701822285373
-0.0027640987873904 -0.023573578218711 -0.0634937240088808 0.101716564957425
-0.0189039220087312 0.0243310119148327 0.648101810028252 -0.203997491964635
0.011278681370952 0.0289687880327496 0.317498809969551 -0.845548166200084
0.0421477067428571 0.0175605371373706 -0.574642928001568 -0.60271390452128
0.0380583371017763 -0.0153209982436221 -0.578135452553473 0.221319969476129
-0.0174383916152651 -0.0128559757427492 -0.0526125813779754 0.41008336103049
-0.031084702281367 0.00246879798565006 0.154356604711532 0.0929895016315377
-0.0248900794111091 0.0267137679436161 0.0536991594810763 -0.202629049252575
-0.00282630466829388 0.0143035196817053 -0.0402912125125713 0.195928313632937
0.013412152633672 -0.00934307767927775 -0.162098866753466 -0.0498022337716943
0.0284930998415685 -0.00611253843921043 0.0328054022550534 -0.392489999771316
0.0329173146145441 0.0167052499712858 0.492537954802591 -0.223027922159877
-0.023724287234199 0.0257544436117718 0.611266243575542 0.542877985552564
-0.0702930341518272 -0.00284241474822618 -0.197113259995621 0.892455431260818
-0.0371440422588711 -0.0164492798096901 -0.63879381276131 0.315471647623317
-0.0402867608248978 -0.0207081094591124 -0.0422503993181048 0.112049464859387
-0.0471594474613884 0.0331069586237422 0.661522702771126 -0.212982609642607
0.00271915409057655 0.0257973553372686 0.294051489891733 -0.852820798768841
0.0326051632684576 0.000767324456315121 -0.598397610553909 -0.576219855680097
0.0326897170923021 -0.0325972286410782 -0.580755768663341 0.243683891633581
-0.00876550844657966 -0.0195648311463231 -0.0446342912199377 0.40886808865006
-0.0142818635130345 0.00211686010309953 0.156076682813565 0.0798231125337989
-0.000529074596772915 0.0245216612666247 0.0493905437424892 -0.216135823147725
-0.00479028097902912 0.0146805412072412 -0.0375938486218146 0.195481976200064
0.0103000912320913 -0.0104471486273893 -0.1623634885603 -0.0475916486405924
0.0274678219342293 -0.00487770235849739 0.0289707585824742 -0.39507551410401
0.0340878028261573 0.0177071164860925 0.488869885391332 -0.238374012078674
-0.0208401266214693 0.0252270390419639 0.62085761667315 0.522767496711193
-0.0700761436311635 -0.00231072671651262 -0.180631201080519 0.889608353498019
-0.0376650018877219 -0.0187713429951637 -0.635989750923127 0.322355277209276
-0.0406632041426645 -0.0223586945973918 -0.0503469795169937 0.111090142197086
-0.0483281892592206 0.029951987803877 0.660865687328038 -0.206283004590976
0.00294430416831688 0.024091269875189 0.312529195016552 -0.849236924793837
0.0352868978056434 0.00084736746060296 -0.587390660676416 -0.595236369243689
0.0367002041209667 -0.0303925169037373 -0.585470788871892 0.228135227946634
-0.00814801684153486 -0.0193672549334036 -0.0492036697613695 0.407330885242312
-0.0152267464282844 0.00333983690803152 0.156885976194261 0.0823413995049546
-0.0028095860230256 0.0243155747932496 0.0520314096176074 -0.216811136971158
-0.00866181310026404 0.0148157684017676 -0.0344005730727264 0.196004225350423
0.00812350050008912 -0.00881460465403133 -0.160790757900641 -0.0461090902605098
0.0272908622518536 -0.00435910965534378 0.0255386888291575 -0.396656000891939
0.0371229428347918 0.019241851094129 0.483473755106403 -0.252408099590989
-0.0178283950986785 0.0263922085026154 0.627226713556147 0.505530090273112
-0.0694944012538898 -0.00168004199444828 -0.16514425754649 0.888871529408458
-0.0361709451854499 -0.0194618648149618 -0.637484717317323 0.328693934379592
-0.0380487205996741 -0.0245964922146834 -0.0611908688551823 0.110929296211177
-0.0456495934369832 0.0272300540157713 0.659011704938883 -0.198436325513433
0.0032811074217889 0.0241262336626489 0.329044223067244 -0.848973761399722
0.0378668368924768 0.00297079155214376 -0.57542794589992 -0.612190796085168
0.0390356091910118 -0.0286730593878888 -0.590256521271171 0.214444284568424
-0.00775958474290887 -0.0183446989229786 -0.0531453379142907 0.406051645694467
-0.0176643835788655 0.0040301439198856 0.156569626659848 0.0852738460300623
-0.0064919327098695 0.0241202398895003 0.0534480073817083 -0.215923599132643
-0.0132693584148507 0.0165162977339395 -0.0334727566960026 0.196505008107355
0.00436156261083576 -0.00756734822414604 -0.161102849679615 -0.0440897847989736
0.0261515101715398 -0.00268908911286442 0.0241108010473637 -0.398153509302254
0.0392810624725586 0.0220330693148851 0.481057429196788 -0.2607701056629
-0.0143908937179741 0.0288794340087432 0.631672893914879 0.491347205258393
-0.066761741757593 -0.00128558600609496 -0.15570113962394 0.885773859778286
-0.031566459575678 -0.0209640896061907 -0.63550411638489 0.330173370970232
-0.0320975930198267 -0.0261753211691723 -0.0677243345112469 0.109234093201145
-0.0420256277552966 0.024559511491018 0.656179497937707 -0.193495623153647
0.00498003999167204 0.0234210494797604 0.339873621917754 -0.845662458719422
0.0393842708829354 0.00583854841547788 -0.565956094598614 -0.625448080082908
0.0410120331149105 -0.0254138975484144 -0.591118091875412 0.20605621117067
-0.00880733831646667 -0.0171166363354322 -0.0555409532857836 0.405319177155354
-0.0210151830588399 0.00411792722543449 0.156446730136757 0.0888607783332971
-0.0116187839743604 0.0245436308346458 0.0553031354398189 -0.214122367167532
-0.0178566486906247 0.0184554320246073 -0.0328064064765354 0.197111542212582
0.00144527811410734 -0.00799517538548995 -0.161171413261481 -0.042484603411765
0.0242490188962194 -0.000932247267138052 0.0228499441082676 -0.398065939575795
0.0410309568547513 0.0240516072942556 0.479721192044442 -0.264309919161485
-0.0118057752002619 0.0316320403483562 0.634760885911352 0.48650694532952
-0.0638103973328041 -0.00103071642946843 -0.151650663739673 0.88273830968415
-0.026073422948687 -0.0232787209946055 -0.63900556314928 0.330854705276049
-0.0250962469723406 -0.0275669089009605 -0.0717685413793083 0.106534002040378
-0.0361757225240505 0.0233963595843704 0.655971398205231 -0.191886708116262
0.00587215647111944 0.0241278169748434 0.343621101702267 -0.846452982937851
0.0411099297112412 0.00982873188408533 -0.562299457860921 -0.630716165208255
0.0417429935194101 -0.0225467222982795 -0.588385564042484 0.201580768743866
-0.0110482801900193 -0.0144121411994219 -0.0543160136676889 0.407068419849662
-0.0241086325125958 0.00326878056054586 0.156225120315712 0.0914763983283079
-0.0168764424299351 0.0256794756919491 0.0572470264447087 -0.211974148304623
-0.0216368224740849 0.0195701256579842 -0.0335504582813249 0.198367449004516
-0.00129706195606489 -0.00651795466606947 -0.159781508777124 -0.0411689208684053
0.0232277617169609 0.00161918251796923 0.0260865765169178 -0.397173695485569
0.0420263596254981 0.027863247124732 0.48321421994587 -0.262367549238405
-0.00907224254049314 0.0355719160842165 0.634009190731764 0.487588146302799
-0.0619068249460786 -1.53440170468019E-05 -0.153927737288962 0.879456847310578
-0.0188034342124527 -0.0240477535034876 -0.641018466987558 0.326050953261735
-0.0162612012580577 -0.0273833447831477 -0.0720308761179814 0.105036844317034
-0.0307105944195883 0.0232520290149599 0.654484835002245 -0.193083219904554
0.00773593893880918 0.0253912131777887 0.342272080466408 -0.848882626749713
0.0427788635863078 0.012869851734133 -0.56295231958181 -0.631161695173914
0.0408899561212215 -0.0190532768617937 -0.5879303784986 0.204362415912304
-0.0139094094761547 -0.0145323137545081 -0.0545846239221292 0.408105967873966
-0.0277037866216194 0.00353955590948708 0.156400127831968 0.0935570982405502
-0.0198127116688741 0.02654536228649 0.0567207713268103 -0.209613820661357
-0.0252292250234659 0.0218031323784318 -0.0346649975875064 0.19937925812782
-0.00345937980349941 -0.00654801018236509 -0.159076100818569 -0.0408864854424493
0.0218119601216528 0.00190905992542374 0.0296910992476115 -0.393233856815401
0.0402109141393535 0.030836309140295 0.487768600738173 -0.25273000948888
-0.00929640874801007 0.0391371417650321 0.632434560400882 0.496554440482914
-0.0603610769092778 0.000538147527924374 -0.162624315505708 0.878141658630024
-0.012251001496799 -0.023630115696135 -0.644204206130523 0.320247912487665
-0.00901014844903193 -0.026336702812244 -0.0695322995242436 0.103773133035219
-0.0241289948609643 0.0229305191242401 0.653648857857746 -0.198814454241054
0.00942462068112473 0.0274274237577014 0.333078660131818 -0.848282227408277
0.0424410321106221 0.0156424483998524 -0.568429729213274 -0.621227602989527
0.039666371553526 -0.0172297754557338 -0.586100094676585 0.212224909899616
-0.0159887128552854 -0.0130964067902094 -0.0533042060619982 0.410932687321849
-0.0305869795749095 0.0027659661274076 0.156192748225584 0.0948910605382782
-0.0235435217453433 0.0269961027501298 0.0561714690828088 -0.206459213712558
-0.0267214896702847 0.0228562675719803 -0.0358386884283695 0.201100192784444
-0.00522114680633405 -0.00764408700505591 -0.159081213159381 -0.0406995814149762
0.019937375080781 0.0030230995191398 0.0355820726110833 -0.389167007884325
0.0380574850103106 0.0326450927798248 0.491766486932759 -0.241396354301745
-0.011321818399919 0.0414210769821369 0.624878771872082 0.513311488807568
-0.0587644633528957 0.00191197557232662 -0.177992347818131 0.87691755690052
-0.00712529300770164 -0.0231142534451944 -0.646621930668548 0.310949487606607
-0.00294321241515501 -0.0245591121690091 -0.0634554738068934 0.102266182062097
-0.0192365881329208 0.0238852301976733 0.652997311020314 -0.205619048744622
0.0109767673391549 0.0296070047023572 0.318816936280497 -0.85292584297561
0.0418011991692114 0.0172098834469287 -0.57821115697333 -0.607491372913302
0.0377914359266934 -0.0156561589581629 -0.581883193422265 0.225676145118625
-0.0169869777481741 -0.0124304999837942 -0.050609876016193 0.412867581925063
-0.0315328919941078 0.00350410467428215 0.156632197809665 0.0934066185449988
-0.0249591041285546 0.0275113941880402 0.0535311258246804 -0.204633093536966
-0.00251422245735791 0.0142637127226656 -0.0403827478335 0.197370212555654
0.0116665590523429 -0.0101715366835041 -0.16341280760908 -0.0481921786530358
0.0289783943375173 -0.00670478343353402 0.031551831723954 -0.396848694498071
0.0332523502830965 0.0167365254017437 0.496316617682963 -0.226394834466461
-0.0241222701142402 0.0263024296072216 0.620003143196343 0.544444021247345
-0.0710005193785654 -0.00135223554229807 -0.195735409915513 0.899563531405545
-0.0369749600769593 -0.0174145813861993 -0.642150443512031 0.319210010911074
-0.0408090303868921 -0.02049336814985 -0.0417727868931334 0.112089865439559
-0.0466103795483942 0.0329712128733938 0.666321689758802 -0.216897656747495
0.0031222964000664 0.0253815464808346 0.294548805079946 -0.860838382623394
0.0335931703915613 -0.000800728580168439 -0.604794347058175 -0.579121642673248
0.0333962910385909 -0.032867556588339 -0.586553065883707 0.248837387624969
-0.00840100599288647 -0.0201010597448306 -0.0436512231150256 0.413439674603288
-0.0149499761819543 0.00319604294352809 0.157853597496849 0.0813730882652292
-0.000271074257351148 0.0247633909064934 0.0495258337813664 -0.218952347128048
-0.00457485063294452 0.0136158139606156 -0.037732643850708 0.197764128655803
0.0107091601786679 -0.0102048861851993 -0.163986967766421 -0.0479765868802179
0.0290628598504269 -0.00584913094427247 0.0275218876661271 -0.398303347668623
0.0356331765777237 0.017446006704293 0.490998510935299 -0.242513842130795
-0.0216125927939128 0.0274554003050031 0.629383899996521 0.525011138887324
-0.0711565419063557 -0.00175666765995257 -0.178275447310619 0.897671102906981
-0.0384306369287792 -0.0192160707943517 -0.641826321666237 0.325819700447346
-0.0409421717019091 -0.0225722068444772 -0.0508485197110557 0.111890070438073
-0.0476707983944281 0.0299349524293796 0.664077199258393 -0.2100149584681
0.00328555906274081 0.0243005154208306 0.310784637572409 -0.859391709720745
0.0360950637549856 0.000402317949873929 -0.595291067880821 -0.599300098185521
0.0357619039686413 -0.0318981610810922 -0.590344633674097 0.234423721978592
-0.00724852246996165 -0.0196696830497348 -0.0484345038128897 0.409197167372435
-0.0159211357936055 0.0037368871793322 0.158365696507929 0.0829888110034426
-0.0020901796080033 0.025013817210418 0.0516825929618116 -0.218946232386148
-0.00750900193168278 0.0148489756468597 -0.0356739564267452 0.197091665008358
0.00746284445588244 -0.00915556569902238 -0.162436197080147 -0.0447411523634946
0.0282725182163729 -0.00476055413228007 0.0246521001541974 -0.401339454544139
0.0374506771983679 0.0186765017652643 0.487238064969096 -0.254845157819681
-0.0181069265830344 0.027130310048943 0.635993202594981 0.507337553592321
-0.0697179613222336 -0.00134744785512757 -0.164213210715494 0.895962147259429
-0.0358631621688869 -0.0205594153222733 -0.642775483414907 0.333842571534368
-0.0378758959022356 -0.0250711822484979 -0.0600654862536305 0.110663396168513
-0.045454674327684 0.0273341848644965 0.663655418377461 -0.200946364990178
0.00391078112371251 0.022623688357434 0.32804792813409 -0.854668789912508
0.0381760586924485 0.00233249104177559 -0.581569578937894 -0.616194382190469
0.0402108739053221 -0.0292790981386028 -0.593283083422434 0.218595052776892
-0.00771578999796272 -0.0185446336083995 -0.0511629324489514 0.410822711159841
-0.0175767631682085 0.00349304865028543 0.158395546497668 0.0865838088599608
-0.00643996509359669 0.0250381577374629 0.0539160622116454 -0.218404029919906
-0.0124779311643473 0.0170016134724157 -0.0343353475666841 0.197135839206967
0.00433890982176703 -0.0083309110040939 -0.162459872475699 -0.0435166544847714
0.0264581701554156 -0.00347782316493508 0.0228217454544019 -0.401536943250427
0.0399935572226793 0.0208516616209552 0.483967477353442 -0.264255633628206
-0.0142384785815122 0.0295160861109515 0.640377944357838 0.493144690116939
-0.0675269357434065 -0.00155701730271258 -0.152533938563517 0.890918162530742
-0.0314113454644406 -0.0209888006119656 -0.640245744370731 0.334494673226033
-0.0326271210233061 -0.0266868900171584 -0.0674755963580713 0.109167302471031
-0.041792293224262 0.0252652876875422 0.662425252781865 -0.195404314647772
0.00467815858568782 0.0231856951951636 0.34005436162297 -0.855387600913535
0.0404694230819348 0.005290012795556 -0.572071048409302 -0.630350475283437
0.0415606195375787 -0.026842707219227 -0.594627189118024 0.212020811330399
-0.00932157166782019 -0.0173326310046259 -0.052216247045837 0.410317352080498
-0.0213803979786868 0.00409957477231137 0.158458541615558 0.0888240155662423
-0.0105589073996937 0.0254225406732597 0.0561861213363696 -0.215988813725686
-0.0165544410898735 0.0188971765893716 -0.0337252343965849 0.198688660681063
0.00102720051831581 -0.00772741691486856 -0.162492301177317 -0.0419330019763904
0.0251635375774969 -0.00201953902024747 0.0214552447658688 -0.40238927987928
0.0423004236596833 0.0244932264767272 0.483832492995149 -0.269377040449064
-0.0116423036606324 0.0320904195566827 0.644258731160611 0.487393053904857
-0.0648906706395253 -0.000503059865147763 -0.149532794347976 0.88964522298975
-0.0255737227897082 -0.0231058521979385 -0.643163661318815 0.335474147429337
-0.0249931897905351 -0.0277059543566495 -0.0715295150190084 0.107042548057375
-0.0373642765465896 0.0233424755604752 0.660304477545569 -0.195380172354139
0.0061492372072912 0.0245478144899899 0.343437055674945 -0.854015357620962
0.0417115884865761 0.00886020152195181 -0.569395201216339 -0.63270813350232
0.0418926523121508 -0.0229494891320481 -0.593207431936602 0.206739723095338
-0.0111831482605217 -0.015755987961062 -0.0536325187383826 0.411473400941735
-0.0251233355878179 0.00409360977412157 0.158703363367275 0.0925478816365325
-0.0163563744806114 0.0265412234093271 0.0576968242017127 -0.213555522107094
-0.0204557432580762 0.020610884719723 -0.0332550655963803 0.200155600509099
-0.00202601149636079 -0.00713077690074591 -0.161219722933076 -0.0407119658876499
0.0235146611939121 0.000545123390221405 0.0245346375749615 -0.402303884327208
0.0420415215816922 0.0274410406177397 0.485196417882049 -0.266886630033538
-0.0103855126469455 0.0368060511836565 0.643761641693778 0.487896107321986
-0.0621620949969148 0.000492120813812003 -0.153155734696118 0.888509250912674
-0.0187888144003102 -0.0241344243579635 -0.645125820950462 0.329654235434168
-0.016341281953308 -0.0276323880719045 -0.0714369669033658 0.105962907455934
-0.030620960795171 0.0230359344231368 0.659624667732764 -0.196257643653768
0.00818466170768093 0.0262383116046162 0.342783181339102 -0.856770646337443
0.0424024110308357 0.0124879693359656 -0.568074803480029 -0.63289018977118
0.0415493624174306 -0.02034427762922 -0.593697531168061 0.209325309500478
-0.0134809573834395 -0.0147978768254088 -0.0533118574479307 0.414278174072479
-0.0283604159399028 0.00397871293063942 0.158263506238537 0.0945008850177061
-0.0199309599484723 0.0276205920419659 0.0573451654037284 -0.211475951043699
-0.0242003262311589 0.0224689604469708 -0.035383394086602 0.200929825271171
-0.0036874591213838 -0.00737821482228408 -0.16132957342843 -0.0409214309512432
0.0223029390975791 0.0013537090729295 0.0269787255676775 -0.39829411279181
0.0412909696922996 0.0299947989236263 0.489743279388477 -0.258982677191219
-0.00929578588502655 0.0402372584801441 0.639607441031576 0.497162839323152
-0.0598676789906762 0.000606018684693774 -0.160645772675441 0.885513466970282
-0.0111400677903879 -0.0244214561236011 -0.646992696635225 0.324241392703997
-0.00819914080505313 -0.0263027369528408 -0.0693465099369954 0.103984228667996
-0.0239925250316535 0.0242761889929528 0.658827646777065 -0.203371636150273
0.00918451111498097 0.0278080038830663 0.332129044232312 -0.856923705002479
0.0424275249206715 0.0160516126977327 -0.574401396413556 -0.623199620267625
0.039570706457437 -0.0182533806855613 -0.590837272579257 0.219212453828413
-0.015343194011652 -0.0134301950363345 -0.0526178555641513 0.41563627923746
-0.0311516255313366 0.00277291355396006 0.157155483284359 0.0945845622907468
-0.0229446644089101 0.028579528057596 0.0566994752497987 -0.209084382148045
-0.0255399962260445 0.0230349257146727 -0.0359100355977884 0.201451107879604
-0.00501460503227491 -0.00773361219429597 -0.159850847892304 -0.0405401715423946
0.0201722384364962 0.00234126121312981 0.0333853055063039 -0.395224936020066
0.0389999039843691 0.0328147153890912 0.496487483891414 -0.244669216880146
-0.0119050269124216 0.0422618264332662 0.633220094779803 0.513612454719699
-0.0597533305370482 0.000922162335540183 -0.176620426689309 0.887080248369734
-0.00680966490890937 -0.0236855037829351 -0.649575808514474 0.31430327674528
-0.00220701653206662 -0.0252832435743889 -0.0622166197464735 0.104035819515097
-0.0193835262632726 0.0242788014731781 0.657769736462976 -0.208532804579539
0.011340136081365 0.0287549590345246 0.318776773415382 -0.86002525877679
0.0422026213924773 0.0170919995169377 -0.585746325953785 -0.609149155761165
0.0375797657444809 -0.0161662999090017 -0.586885543807817 0.229802054597411
-0.0169798428881841 -0.0132667649727433 -0.0494579034460143 0.417786754822166
-0.0327246291107543 0.00335635325713265 0.158168123228468 0.0938969952716962
-0.0254858276569271 0.0285566441406606 0.0534209022347373 -0.206568097673783
0.00234694808251814 0.0160928169262736 -0.0342588746067946 0.199299504394447
0.0080758995963663 -0.0098830090331261 -0.166610105557575 -0.0408836838507462
0.0234665844470538 -0.0122135455068562 0.00968044305996203 -0.396451824675484
0.0394486595697731 0.00483248159600902 0.48247567408886 -0.251385223137086
-0.00725591537319049 0.0284043649944469 0.652845767564938 0.507658479821754
-0.0605428942200494 0.0150088236930782 -0.149081121234949 0.907104356687604
-0.041820956342452 -0.00923939945519228 -0.619790129444905 0.359564701361691
-0.0410572831697135 -0.0174296967105359 -0.0350516706343286 0.11470909294955
-0.042539040276796 0.037373619928841 0.668110908083951 -0.262555984219448
0.00984071196813493 0.0314700472907105 0.254707590620974 -0.905137688373689
0.0420416820914586 -0.00752517365429517 -0.657162664890148 -0.560806392098176
0.0311654961856692 -0.0478697727236365 -0.59236569792641 0.295840845200883
-0.0153816773577055 -0.0220601403498783 -0.0219409596341831 0.42981109696763
-0.0170087145225472 0.00702709480476265 0.169666569176781 0.0745090426940212
0.00455004636058186 0.0272978602631708 0.043002399661284 -0.226997583639224
0.000381617401244708 0.0159212818569673 -0.0321108138622502 0.198707599033429
0.00634628558591655 -0.00898536730691859 -0.166479076772662 -0.0390807386314163
0.023394882270176 -0.011988497651158 0.00537200244532274 -0.399704392728888
0.0414253317153497 0.004916473866437 0.47708471401839 -0.266333650138723
-0.00473901770042567 0.0278221917545899 0.662116259123655 0.48766595679614
-0.0596804368876287 0.0148774196414464 -0.130249356200902 0.904105010442521
-0.042759588675423 -0.0108225897561039 -0.619850102968437 0.366335140559237
-0.0416945007413303 -0.018769329410027 -0.0440920836233081 0.11537245508566
-0.0439267317422248 0.0342127419514334 0.667570039911992 -0.25473588799004
0.0101351422227865 0.0305866042800784 0.274803794847366 -0.905021490116499
0.0449660620199471 -0.00750897255607174 -0.64933986070605 -0.580693792052496
0.0350220162704545 -0.0474226553951457 -0.59846164939265 0.277124734636161
-0.0155304898715985 -0.0223192802027931 -0.0252847418586044 0.427499408273116
-0.0187814989118188 0.00775403370948037 0.171242329752308 0.0771898398540188
0.00252980167572051 0.0270024030493737 0.0460008409837463 -0.227226084142827
-0.0026072744194894 0.0176665312977626 -0.0291792460575893 0.198451616521204
0.00373683416888163 -0.00657883647265878 -0.164368225276424 -0.0369546342517725
0.0224976789922146 -0.0108343661386454 0.00140302837975698 -0.401381562035159
0.043755042059456 0.00597216447604448 0.472706878944447 -0.280022212537822
-0.00117223690596985 0.02749678415524 0.667817226641432 0.468512146537231
-0.0587589878716915 0.0152310321810939 -0.114945974914243 0.903944234150408
-0.0411483891835773 -0.0123046499181881 -0.619340978418272 0.374128445580935
-0.0394337267540296 -0.0213625905881792 -0.0533510013168233 0.114882758778724
-0.0428881895677109 0.0310197666376657 0.667274915396936 -0.24493966417113
0.0103529267649657 0.0295726253085928 0.291586307696839 -0.903234776604638
0.0473877894048744 -0.00584025941277818 -0.637981141163846 -0.599657408456692
0.0373115590850515 -0.0448713134270548 -0.601968973948288 0.265897774629954
-0.0152250393042093 -0.0213494769137381 -0.028391873298039 0.427241044358875
-0.0214649100344846 0.00753073641327674 0.170630765093406 0.0820234399312135
-0.00160239600425178 0.0284934086693865 0.0484869082301645 -0.225928410383945
-0.00760951468800563 0.0194415719634909 -0.02797385182311 0.19930013076393
0.00173692497430064 -0.00657146162537016 -0.165370594397347 -0.0357057147656607
0.021931321159388 -0.00820591377176474 -0.00130524880699624 -0.402966238704811
0.045313275356815 0.00867008669333587 0.468375475153371 -0.288580346169785
0.00247471716618186 0.0298394280952573 0.671533642547898 0.454098825453031
-0.0561786998816223 0.0157909378205753 -0.106213521439338 0.89744887983793
-0.0363718800867534 -0.0145109156240504 -0.61883642051038 0.376811138608721
-0.0340928077295445 -0.0239009926458708 -0.0610232204483546 0.112835465380076
-0.0385397800357319 0.0297403188047069 0.667133598269795 -0.240795003970244
0.0111564195411874 0.0307303291769062 0.304571099208053 -0.902102484253915
0.0506720683076217 -0.00246481479421331 -0.627798164798781 -0.613107285594299
0.0403756992800746 -0.0417532621797382 -0.604061282001678 0.254171069970993
-0.0162229823345763 -0.019335150635064 -0.0310463117391187 0.427857474015883
-0.0240168389337003 0.008840803875772 0.17093613147164 0.084442106368623
-0.00656184435609397 0.0286532136217531 0.0509406533255583 -0.224257315866491
-0.0116620210890637 0.021956940069031 -0.027127218881034 0.199261222763779
-0.001605895999462 -0.00600360105595248 -0.164233638252011 -0.0344003720385625
0.020537182552474 -0.00622504112268225 -0.00122566738240851 -0.402553478803742
0.0483155113677507 0.0108249418849259 0.467841090072583 -0.292318714867217
0.00527336198229349 0.0316259487274695 0.67475398760165 0.449543090019737
-0.0534974387849824 0.016002011340806 -0.100454312829616 0.894664472537106
-0.030248386064625 -0.0162272831904443 -0.620559855744128 0.376753479563344
-0.0260206345584381 -0.0252284365006483 -0.0646366236440167 0.111633201178056
-0.0338641874290916 0.0271020392528929 0.665878306974034 -0.238800802241963
0.0132874520743916 0.0303509916760433 0.307662333228264 -0.901160166789786
0.0516116970023133 0.00140845707563356 -0.624972418345212 -0.619071658563273
0.0406537361261182 -0.0374865977067159 -0.603984356508551 0.250952704053967
-0.0179289989920022 -0.017526166661595 -0.0300031771940512 0.429021392634608
-0.027516353143467 0.00887124977131921 0.171033554584463 0.0873102631681328
-0.0106827102359329 0.030614995979901 0.0520185195511629 -0.221904424072554
-0.0151013635678598 0.0239932550392685 -0.0272445850100496 0.200682204129797
-0.00519628789732398 -0.00579690743870783 -0.163443977467246 -0.0332336503142761
0.0188538708393165 -0.00552267612290489 0.00197048029949099 -0.401009843828922
0.0488306279192426 0.0139382820212808 0.469574939781565 -0.289799667690487
0.00717456342622027 0.0354256729920949 0.674605770312562 0.450878199608872
-0.0512759641307018 0.01641436176996 -0.10603794028473 0.892905325920767
-0.0242449183049023 -0.0178063555780567 -0.622839979096488 0.372002350272505
-0.0178850522547871 -0.0259894205637415 -0.0655237398691561 0.109634823319778
-0.0273208653470279 0.0261118496277543 0.661761173164234 -0.240204667789341
0.0150340319669586 0.0319853925508608 0.306271287356288 -0.903975349326007
0.0530279821165919 0.00483143707599626 -0.625268797641448 -0.617637263849366
0.0400480331244902 -0.0356888503107123 -0.602159969878086 0.253377393755543
-0.0208792369094991 -0.0172576303185034 -0.0309596153044464 0.430828414062508
-0.032238443696616 0.00887377868574598 0.171710571407462 0.0899296619590498
-0.01566179412059 0.0307518438882001 0.0526681600228208 -0.219829274455524
-0.0185032216036965 0.0251277312269108 -0.0295514932800561 0.200879743135187
-0.00713854624872987 -0.00486750451778536 -0.163274417347677 -0.0327555144525446
0.0172896126622047 -0.00359759478528746 0.00503093799690357 -0.398338827290933
0.0481731027104825 0.0180396222249419 0.475006268445845 -0.283333391490693
0.00783791492024254 0.0392110056301207 0.670181981991206 0.459905642855837
-0.0502109696124243 0.0167368313516889 -0.113945601169628 0.893598422841729
-0.0168562463142753 -0.018245829311049 -0.625287671562463 0.366432227370903
-0.0100134542836716 -0.0256517781705543 -0.0630072155826379 0.109162582720901
-0.0211253675814323 0.0262076988779317 0.661612526529021 -0.246058550523251
0.0171111017622552 0.0329502299646168 0.2964497935563 -0.905934134551467
0.0535635848466195 0.00750277037922533 -0.630468047063852 -0.608296498784651
0.0385617232615684 -0.0338086037380494 -0.599442420007662 0.263532337660946
-0.0223938320499622 -0.0158230497819213 -0.0290417648962191 0.433445892486942
-0.0345822014710162 0.00842022196196902 0.170763338374167 0.0906885428270817
-0.0194077218790232 0.0322110683314001 0.0518610365151417 -0.216662612424343
-0.0201315414913603 0.0267215936575453 -0.030548381234632 0.201258339943023
-0.00835759564071773 -0.0057743271540934 -0.162773346648254 -0.0337539423809402
0.0155782223375079 -0.00325314055689399 0.0114534630607645 -0.395420205327151
0.046722180192723 0.0207973472454679 0.480543268765419 -0.269256723708534
0.00647426962109892 0.0427173121044643 0.663872588928542 0.47665240751906
-0.0489754140391774 0.0174750273690416 -0.128352416369998 0.894232324042437
-0.0126143946485816 -0.0186476037249999 -0.629871728295681 0.357177762076842
-0.0039078155973227 -0.0242855359980883 -0.0566356076280132 0.107191326968095
-0.0164253635576737 0.0269780409390995 0.659233367923684 -0.253170514145029
0.018773119836696 0.0348843447244538 0.280777295360859 -0.906007772496284
0.052765832706793 0.00918576613286879 -0.639816807302619 -0.59151738594962
0.0369267769089597 -0.0320868051234788 -0.595879437216103 0.275996803552168
-0.024776685900991 -0.015365090653275 -0.0257718071397731 0.435654696887834
-0.03573382168574 0.00887130936385247 0.171234954006431 0.089635638464961
-0.0209478680082255 0.0325207661747032 0.0500350856686666 -0.215276838110244
0.00336118312184411 0.0161060161582 -0.0338162727087913 0.201790258140157
0.0072917143609385 -0.0103013465109506 -0.168231287836175 -0.040621788518464
0.0235132021687231 -0.012644928021014 0.00564364239894674 -0.402030135964944
0.0401754400806853 0.00499339104660313 0.486074718274613 -0.259555712972242
-0.00719225132655689 0.0290698369395054 0.66394770325814 0.50477820626666
-0.0610532706872249 0.0153940363053607 -0.1432883270499 0.916502150635013
-0.0422640698270156 -0.00980139425924096 -0.622147047188426 0.366902043516579
-0.0413709611272959 -0.0172421802448052 -0.0346534466236997 0.115568554686513
-0.0429140206051874 0.0378358283833136 0.670870988171083 -0.26921952068474
0.0105416811273466 0.0308929304564696 0.249931900289623 -0.915859859222457
0.0425488806263225 -0.00844682068616191 -0.669019509847155 -0.560863384374024
0.0306386914587732 -0.0490655370294491 -0.596739222078599 0.303684973200081
-0.0157804815105206 -0.0232513318705366 -0.0172866947608802 0.434968840308615
-0.0168585443770331 0.00784759603853804 0.172308766536368 0.0747720003309897
0.00499809221889295 0.0287600245212307 0.042518479879484 -0.229172409516518
0.000752205599623211 0.0162572050537513 -0.0314872627694082 0.200818680354635
0.00593521466026988 -0.00893742636034565 -0.166883709201166 -0.0384093139373061
0.0238870049459027 -0.0122267487082082 0.00298814875623356 -0.404195693012972
0.0421885191532584 0.00424723533248517 0.479681460341349 -0.272807822527489
-0.00504658092952734 0.0282125532779318 0.672649664101841 0.486748191109639
-0.0599180341322692 0.0157719797279567 -0.12672375044162 0.912380086884262
-0.0430643296463667 -0.0111141261024191 -0.622621794779852 0.373797265190123
-0.0423089654269906 -0.0191989789921802 -0.0433057680978108 0.116303190044692
-0.0433568950662101 0.0354326242556643 0.67200997883047 -0.26035559933757
0.0100815062696325 0.030401581902088 0.27087091640819 -0.916133010345985
0.0458255395184394 -0.00818108664597099 -0.657974024630641 -0.582056933101746
0.0344023727036275 -0.0480095648537294 -0.603071587787967 0.285237194834742
-0.0152527933103949 -0.0220335103068833 -0.022043033361142 0.433211283816002
-0.0190333481986705 0.00874008679811052 0.172849335975238 0.0771068358457385
0.00269916493795733 0.0286409380241978 0.0445215085339616 -0.228883665645182
-0.00179871600627916 0.0165328933748476 -0.0289607287045193 0.201206534206644
0.00321875182430107 -0.00750455362258538 -0.166543869279915 -0.0360395516591771
0.0227196398553351 -0.0109135882598367 -0.0020534297583767 -0.40569186227204
0.0439902332268346 0.00506302077049865 0.474673729774889 -0.28571016662031
-0.00158377739646516 0.0285505951506664 0.678958275090401 0.46697359356576
-0.0586002390284735 0.0153363471553711 -0.110716697789935 0.910206326968613
-0.0411488510227117 -0.0124010002233695 -0.62260084118246 0.381751669805772
-0.0400688453028207 -0.0214918439766533 -0.0524761042989543 0.115396828975778
-0.042621531294617 0.0325058160588215 0.670544342646234 -0.251055105009577
0.0101878903302009 0.0299390425496219 0.288661446585546 -0.912549830395144
0.0484891680610598 -0.00557676142674912 -0.648457090619234 -0.600619064639445
0.0369596158795129 -0.0459621066118831 -0.606330783158435 0.272187441564203
-0.0152042229996963 -0.0211074921460371 -0.0250900730897843 0.432366679290285
-0.0210467514507866 0.00928733998371929 0.172866744860723 0.0806886717017314
-0.00098621556222871 0.0286737642374322 0.0469396797062273 -0.228598265977608
-0.00712711923985446 0.0191014508340842 -0.0273184431654905 0.200924056202621
0.000699152416513285 -0.00691249362054304 -0.167003392532897 -0.0349463344517036
0.0223596725453919 -0.00885253100018784 -0.0031461151501543 -0.406613991802285
0.0474750860643677 0.00767567173049776 0.470815289699901 -0.2953065053587
0.00274302541493581 0.0298603975212934 0.680805849431376 0.453362821280929
-0.05650968954382 0.0165411024296418 -0.0997608021593621 0.907561656859144
-0.0366282928749587 -0.0134741215844681 -0.621439761151884 0.383525282489755
-0.0340259387305661 -0.0233338705407387 -0.0601404929507706 0.114042325693064
-0.0379585177751931 0.030095992405854 0.670135254973676 -0.247214283499496
0.0117443752598967 0.0303707289664828 0.300854276182671 -0.913533358855333
0.0511351538251032 -0.00192206639595761 -0.637944223270942 -0.615349284629168
0.03982043670817 -0.043012509175508 -0.60745737930993 0.262586258980533
-0.015767275359137 -0.0196651377969752 -0.0286573289844196 0.43270242808552
-0.0245665891795961 0.00940099660075523 0.173925030651959 0.0843821417600781
-0.0055243830447662 0.0299669977976624 0.0499952835137163 -0.227023394712392
-0.0106083312622066 0.0210552071280599 -0.0273906600735499 0.20193313708381
-0.0020144752871536 -0.00617100836140515 -0.166026300412216 -0.0334459175848741
0.0212021130488095 -0.00740480128984999 -0.00446770903017957 -0.406565287959536
0.0486063532609713 0.0101770463427789 0.46987032213548 -0.299408957904881
0.00516230777075077 0.0329781875796242 0.683271066187279 0.44532461510581
-0.0542883009330282 0.0164110099446268 -0.0953178946649448 0.904646355106375
-0.030912729062028 -0.0157213839094715 -0.624722860232515 0.384763937475064
-0.0267307270543173 -0.0248054309088509 -0.0643798948312315 0.112950366336965
-0.0330976555382151 0.0279689084658117 0.668750484016457 -0.244236360796207
0.0133869892838507 0.0305878443883352 0.305085572207162 -0.912036290346705
0.0523875976690966 0.000803318559991698 -0.634320587521833 -0.620033599341714
0.040686619449516 -0.0396785609355381 -0.607631911879776 0.259137850622365
-0.0179401380688889 -0.017847197964329 -0.0272066889775808 0.432753055651448
-0.0279389945009025 0.00983414257185917 0.174349649496828 0.0876220374618555
-0.0105881723009716 0.0310393062189904 0.0520624783968431 -0.224074438916301
-0.0148506030404198 0.0234032165144905 -0.0271987853310888 0.201986163608368
-0.00525907137005256 -0.00518395677033187 -0.165293837945014 -0.03285042324089
0.0196390527483198 -0.00517368557568001 -0.00139436762788219 -0.406923444316589
0.0502607321545553 0.0136230517796427 0.472010213653978 -0.297599543537686
0.00693241999933865 0.036364795227364 0.683915540460499 0.449131739700593
-0.0518679156222422 0.0172355851537729 -0.0999150601954266 0.900837887954581
-0.0234279528798884 -0.0178855219394144 -0.626361339783443 0.378300347162217
-0.018080804196453 -0.0264256939411662 -0.0651605476407057 0.111421917415786
-0.0269809117110983 0.0267503241879691 0.66692829980037 -0.248098481584924
0.0158001667247036 0.0318177182506108 0.30113198748183 -0.915742384751747
0.0536207358982199 0.00508768063323145 -0.634494971743946 -0.618942174427174
0.0397684455962265 -0.0368649990118626 -0.607223106080507 0.261498631163891
-0.0209721183065968 -0.0172301501713575 -0.0269721119358241 0.435685352476964
-0.0330212954480516 0.00959569539347012 0.174749761336884 0.0904270391137218
-0.0148013595961003 0.031975081619466 0.0519437173657758 -0.222231220694945
-0.0177267840532621 0.0262333592623438 -0.0286882517825959 0.20208132912349
-0.00698851591594931 -0.00464813371941859 -0.164513596386228 -0.0329268037910843
0.0176530259803704 -0.00387726784435019 0.000829568628274984 -0.404083480258152
0.0498964042713896 0.016720504194416 0.476229964210427 -0.287802338705684
0.00754819728641112 0.0402201630424956 0.682261606017498 0.456989152294131
-0.0498825441982736 0.0180568275827829 -0.108235525530325 0.899675352159413
-0.0178831511153829 -0.0190938740466383 -0.630676171300447 0.375928649446458
-0.0100618065231828 -0.0261060065026136 -0.0627214412957055 0.109860257193161
-0.0214105493635787 0.0265752105778957 0.665254290352359 -0.252327543224085
0.0170689991051783 0.0328581221272396 0.293600511004401 -0.914748660987045
0.0544963074365891 0.00738071561638915 -0.640462841425237 -0.609454226336594
0.038407916611967 -0.0343111206271494 -0.604073301991385 0.272317512250304
-0.0227139570672192 -0.0160974909494689 -0.0258279405504392 0.437067546009802
-0.0349455645795326 0.00867855035304159 0.173925886395411 0.0913283710245293
-0.0184643763356966 0.0324479919050146 0.0510186203027931 -0.219371725726256
-0.0189599614293273 0.0262559830195309 -0.0302779130340323 0.202939590666465
-0.00851581999723573 -0.00547464402138769 -0.163989634850587 -0.0336630449482152
0.0165214522735411 -0.00299090318323754 0.00719262537708648 -0.400095401148046
0.0479584543379374 0.0196267035360619 0.484139742214775 -0.275240468067936
0.00603748681856679 0.0440673129629779 0.676494282280891 0.474521648356991
-0.0492153942523491 0.0178825865862875 -0.125127375051747 0.902638948792939
-0.0125186900873572 -0.0182083337702701 -0.632773423278948 0.365692121539757
-0.00366936342067238 -0.0240896165671058 -0.0564602868125647 0.107739281094896
-0.0157555588990886 0.0273669717276162 0.664880738832464 -0.259271350000431
0.0191490458364639 0.0342106989040805 0.27633111269832 -0.91680508788324
0.0539880283730557 0.00881817253353152 -0.649888194341632 -0.595089838606242
0.0373949948848753 -0.0327575365379692 -0.598074885238597 0.283711835119314
-0.0248111993454703 -0.015370971383008 -0.0232338552518042 0.440435698635304
-0.0361378211748842 0.00953215994441765 0.173858624931109 0.0896600250414507
-0.0202998155695075 0.0336171712357135 0.049569839163714 -0.217077689131758
0.00397169102185635 0.0159183396845264 -0.0327416508309659 0.202427063216559
0.00725816860054401 -0.0103532900400486 -0.169742994181524 -0.0396195660765836
0.0249190516025227 -0.0132991230238038 0.00137927668023002 -0.4070033950957
0.040655258394152 0.00357765672070907 0.489260065912959 -0.266139728606939
-0.00822418161557544 0.0300214139807353 0.673910818606658 0.503712177581019
-0.0608056602984603 0.0170444367491732 -0.137378845979714 0.92495158532373
-0.0417674602076504 -0.00915850828457142 -0.627021612751136 0.374309016071443
-0.0416866191012454 -0.0173557834150428 -0.0338867101946132 0.116707927338612
-0.0423396999245558 0.038185199589054 0.674696598289775 -0.276900028500015
0.0104423910357915 0.0311295562618615 0.246428827206221 -0.924475103878339
0.0425436934058961 -0.00892291859333935 -0.679580262273307 -0.562191662468603
0.0309796723288122 -0.0501536461345457 -0.598660102459945 0.31246415442675
-0.0159279126249263 -0.0229887698301696 -0.0140506773897393 0.439408328480466
-0.0178515596246058 0.0089619472110904 0.174926465445439 0.0738801046858905
0.00589211467543255 0.0285309797591267 0.0401933198457079 -0.231492397713471
0.00180773199013503 0.0166033827570111 -0.0304242995715614 0.201880842018918
0.00528929347060003 -0.00953116317877456 -0.169940947861025 -0.0372235062888532
0.0242409754897469 -0.0121499143585371 -0.00169820889719902 -0.408995530762987
0.0434094195562547 0.00418972873634436 0.482210666740854 -0.280425638147584
-0.00499452732389441 0.0290708527519967 0.68282302771536 0.482337409351131
-0.0605922691517216 0.0175560762419406 -0.119477938195491 0.921673119936141
-0.0431804381555111 -0.0112633261565062 -0.625189951343709 0.383948218886559
-0.0426524758075943 -0.0191711769717957 -0.0425506045758109 0.11657422496185
-0.043432837971235 0.0356877657884206 0.674648159940486 -0.268224390146187
0.010550815012457 0.0305561144439248 0.26579690717998 -0.925196755863161
0.045679238121752 -0.00781343936899479 -0.669092135383166 -0.580764250410346
0.0339772225185011 -0.0494869529218749 -0.605458198714549 0.295838906288178
-0.014631198187317 -0.0226570140081486 -0.0186047947003897 0.437871634614134
-0.0188697647148532 0.00948787817562076 0.17485573892311 0.0764044024701356
0.00455207464640269 0.0293061288088055 0.0437601537438931 -0.232079641962399
-0.00186173043888775 0.0171212180404724 -0.0283638562690084 0.202661649246124
0.00308023210262297 -0.00806470069440661 -0.168903237488202 -0.0345207440811081
0.0234268436957602 -0.0120616817191689 -0.00705688757520773 -0.410719530176717
0.0452453853823085 0.00520264110319543 0.47617452134747 -0.29342051642327
-0.00137734374920593 0.0303304687363476 0.690465244166585 0.461257217194382
-0.058964348980499 0.0168932322948563 -0.102391145633697 0.918305123165567
-0.0410342550162006 -0.012883859271692 -0.623080236489343 0.390652017649701
-0.0404079523398848 -0.0213623671052106 -0.0527564175915841 0.115662576875967
-0.042126995985774 0.0337371726305865 0.6727203941346 -0.259510882276971
0.0108254134054554 0.0296839955526401 0.281560507282754 -0.925774175871303
0.0482430058179403 -0.00663242065585351 -0.658867633466715 -0.600824148871038
0.0375619963415155 -0.0472983467992297 -0.609653891179151 0.281578464091419
-0.0147760369191831 -0.0213511413400715 -0.020692090052543 0.437206763227839
-0.0217617888825781 0.0098919680451951 0.174932362921182 0.0809913231778889
-7.58107107114159E-05 0.0300377391443231 0.0461981250945372 -0.231188654734437
-0.00545763355311897 0.0205634856444331 -0.026635277839888 0.202004184715258
0.000752273405251771 -0.00719349371753111 -0.168334562134131 -0.0335008201478342
0.0226237434724437 -0.0089852500630166 -0.00941326526907768 -0.411738771152677
0.0477109972808791 0.00614300273480509 0.473639468751421 -0.301877742308954
0.00136788846142028 0.0307483563894745 0.691862577831399 0.449643541129584
-0.0571399793227868 0.0172053572260757 -0.0928181041502578 0.914587193328032
-0.0374314241250851 -0.0145897685375137 -0.62336561353082 0.391740407697873
-0.0345561361290462 -0.0237588649876094 -0.0592530018965769 0.115490865905242
-0.0381734886632892 0.0307808263619637 0.672485357856058 -0.254715219433275
0.0124223468369441 0.0297022276955312 0.295782194754992 -0.923023897341305
0.0512614239069976 -0.00319664928393164 -0.650659599178855 -0.614302118503712
0.0404550387360473 -0.0444495582212458 -0.612681490439639 0.272663127454364
-0.0158214066877246 -0.0201641394293747 -0.0233593649495225 0.436869037926953
-0.0249023689267597 0.0105212496298508 0.17595598799372 0.0843045737400185
-0.00445796379275011 0.0307015205944798 0.0475945873277887 -0.230127602871483
-0.0100026926778504 0.0216498216237928 -0.0256527426038578 0.20276137668806
-0.00314018610009885 -0.00638736712955294 -0.16806542182386 -0.0314214870137771
0.0216379170476802 -0.00829287559102536 -0.00910330708131004 -0.411014411343047
0.0498650057703395 0.00873249653387084 0.470938892217036 -0.306259511508983
0.00520561508992994 0.0342118276294003 0.695904137294135 0.444131374683588
-0.0546826864997802 0.0172213273699627 -0.0889218332802376 0.911075606083817
-0.0309151549304042 -0.016097976040663 -0.626282831894421 0.393765104658422
-0.0268356415916411 -0.0252084175365393 -0.0639322820007844 0.113720741225684
-0.0325680798414755 0.0284104676125767 0.672032233917108 -0.252593173809469
0.0137602471401621 0.0304997649918001 0.2991560843933 -0.923108685270364
0.053200154233333 0.000439752631258283 -0.647061343938758 -0.620417904566364
0.0407272911752966 -0.0409298841748814 -0.610947540543447 0.2683143361333
-0.0185911551001056 -0.0186429868378853 -0.0231951083443545 0.438894707894041
-0.0288380022271079 0.0105740716852682 0.176449668649293 0.0874726287563317
-0.010018181254863 0.0321967840545962 0.0502696604367207 -0.227121798391687
-0.0141356778386606 0.0232521812833093 -0.0270334509672538 0.204429983989655
-0.0060129148113549 -0.00509949779736244 -0.166945606067441 -0.0309657676515393
0.0197042615137615 -0.00560788491834613 -0.00558122195349621 -0.40916775975939
0.050673167178674 0.0128291582064669 0.473730849253241 -0.303491733838593
0.00781914629653916 0.0371039685473868 0.695634508133479 0.443138222159216
-0.0516216208047581 0.017839197779567 -0.0925746275584886 0.90824816186162
-0.0244449613657962 -0.0182739856561197 -0.628083694798586 0.389721681445255
-0.0188423178350968 -0.0264289035591279 -0.0655034732687965 0.112201983135566
-0.0264784680304464 0.0271064806558903 0.670010454375519 -0.253679853393459
0.0159080124404789 0.031739253139715 0.297747766696398 -0.92660185798687
0.0542827364857988 0.00413795988219542 -0.645718183668695 -0.618904494636936
0.0404707921312478 -0.0378941136827525 -0.608941024643843 0.271354713784659
-0.0209618311569313 -0.018045769358141 -0.0226734790446631 0.440661162623153
-0.0327669381151569 0.0110357412152935 0.176324506308025 0.0887273295198948
-0.014287496554834 0.0330368659964292 0.0509734648504313 -0.224735763533328
-0.0165479620802953 0.0259371397800687 -0.0271022751366386 0.203694986505584
-0.00775778485604571 -0.00605449852643702 -0.166616874584993 -0.030672187045859
0.0178180745117543 -0.00469225929881117 -0.00260859118666125 -0.407658868161713
0.0512217319897536 0.0160315531716748 0.479909288175691 -0.296728230184376
0.00738146823550048 0.040671859503947 0.692493611554647 0.454534492182184
-0.0502070714144653 0.019185593994771 -0.100694555814288 0.909248056810267
-0.0175840569712707 -0.0186400833051575 -0.6309022724023 0.382582357341189
-0.0112362818932385 -0.0257320871680043 -0.0616328227528405 0.110569081549825
-0.020444613577971 0.0266635065405401 0.667954220196161 -0.259864432019317
0.0178797701117208 0.0325560939783201 0.288748642157268 -0.926805515205578
0.0546251546394982 0.00648581565061132 -0.652153189740067 -0.61065978989465
0.038797782720995 -0.035504008618009 -0.607463053186988 0.280649736872576
-0.0235226486710636 -0.0166907013457472 -0.0212090911811639 0.443620646902837
-0.0357194235719289 0.0102817366432678 0.177071667510071 0.0899379447689656
-0.017644365096066 0.0335264261390525 0.0497087063264658 -0.221955919460424
-0.0181831355045232 0.0270744561973348 -0.0293168857818776 0.204788975369106
-0.00930582055747675 -0.00554724115660739 -0.165685676798101 -0.032270709485696
0.0169449832984526 -0.00363474399510485 0.00273672190361573 -0.404708903142408
0.0488201076751251 0.0186893327429111 0.485855084702748 -0.283877418388351
0.00643846306840905 0.044240573574782 0.685446505292207 0.471123122939911
-0.0497684791735379 0.0184446781627588 -0.118117469765117 0.911173301837396
-0.0117467626436455 -0.0185768327506192 -0.635448989390621 0.373046284888943
-0.00474054569457314 -0.0245352141819371 -0.0557966022213411 0.10943154894274
-0.0163253795839437 0.0279421533635543 0.667247094683476 -0.26840019293189
0.0192257767075256 0.0348069495179073 0.272896459858138 -0.927804745770881
0.0539696987550017 0.00871145780434389 -0.66135521466162 -0.594343675757521
0.0379312896696796 -0.0348924392119091 -0.602765045258947 0.292393148855329
-0.0246725938902862 -0.0157514573742608 -0.0189963816116027 0.444636008991945
-0.037109752117274 0.0108404748875277 0.176403846536098 0.0889272597773525
-0.0198370188476915 0.0345819484723529 0.0486272743552561 -0.220169631959923
0.00419437284647524 0.0166392440936791 -0.0321583690622451 0.204573356683631
0.00703720560389626 -0.0107246139022697 -0.171585292942977 -0.0376227359291446
0.0245049122531112 -0.0131702354298279 -0.0033164312347663 -0.410469402907951
0.0412915029729266 0.00234180349798889 0.490441167469616 -0.274576124045442
-0.00797124992752326 0.031173349198997 0.687408905118723 0.497017716524702
-0.0620168744038898 0.0175931512265178 -0.128294647828503 0.933374746389698
-0.0423624915220664 -0.00956060025727921 -0.628281121556262 0.38375758603749
-0.0426340759216034 -0.0171440459400531 -0.0330499245625393 0.11787380552585
-0.0415685726257277 0.0391973336290216 0.676571351645984 -0.286638705373049
0.011164683583977 0.0314149971474221 0.238031576828804 -0.934772202597685
0.04307617589006 -0.00917178732249864 -0.692159370026971 -0.557542474003195
0.0301208794228974 -0.0522893406110834 -0.602254928846073 0.323975205062141
-0.0160549118150475 -0.0230808701638511 -0.00659796978745771 0.445283318584632
-0.0185812794910448 0.00943158379146136 0.177655763301139 0.0735709488485375
0.00685988254168155 0.029334304010267 0.0398034682905654 -0.233675204874034
0.00227534617243306 0.0166417264411761 -0.0287154915293095 0.203107521525237
0.00476565402337826 -0.00960571389621283 -0.171420807432581 -0.035575563122572
0.0240880510249081 -0.0129764105063045 -0.00744738483943322 -0.412390426134631
0.0437365137569765 0.00352031450299196 0.483717277230884 -0.28943899608672
-0.0040425312594099 0.029664762075125 0.693735411048221 0.475813593540561
-0.0609017584692219 0.0178895036369271 -0.11136530929112 0.930689161876968
-0.0429976967740859 -0.0105086163341273 -0.623913596713915 0.390719132169166
-0.0437135490875598 -0.019050415038836 -0.0423938665350537 0.117749824778637
-0.0432354433165031 0.0368336162258245 0.675882079339204 -0.278186948723956
0.011113436667895 0.0303365772676905 0.257255909312608 -0.935821708081225
0.046225604306192 -0.00840099449338694 -0.682544826376038 -0.579627344124028
0.0335923754388053 -0.0508652411169705 -0.606050926189062 0.306570432663765
-0.0149710139681311 -0.0224145479818196 -0.0120264715921392 0.441793911924238
-0.0185542263959774 0.0102358378904467 0.178405342256185 0.07588855371844
0.00477435624175021 0.0293115351575938 0.0412407164390472 -0.235067630391506
-0.000818197042205322 0.017164607648497 -0.0267996758233308 0.204366070779552
0.00231508019975324 -0.00827429505930468 -0.170798713360973 -0.0330825647991671
0.0236092238746311 -0.0118926831777032 -0.0125153037976397 -0.414421075755727
0.0471730206624466 0.00391272795766594 0.478736728566064 -0.302298822011299
-0.00181684248177195 0.0307784087257864 0.700157758505633 0.458952834762762
-0.0599624094301444 0.0178444406173681 -0.092834240828727 0.927667193618436
-0.0415667859677185 -0.0113634571215003 -0.62618709464962 0.400197559148345
-0.0404896063009015 -0.0218499548505792 -0.0514779276282382 0.117181331052805
-0.0416913590552853 0.0336215585466745 0.675331154255265 -0.26790569451964
0.0120904263003663 0.0296072653667657 0.275717972048176 -0.934723388919421
0.0487451536118762 -0.00721371189565243 -0.669387875757769 -0.59936510646746
0.0375766763558454 -0.048675675713843 -0.611896433749624 0.2924089453931
-0.0151685849422509 -0.0217972412834471 -0.0153665257149314 0.440647242528692
-0.0215851285129535 0.0112286509904829 0.177690638680177 0.0797473497607645
0.000807504368118142 0.0305366743468518 0.0435688746518286 -0.233898592779821
-0.00477264958451961 0.019806727295823 -0.0257785573738932 0.204193167880183
-0.00031581263113221 -0.00687908552746827 -0.170279991709365 -0.031488713823218
0.0228123553409847 -0.0101820575933086 -0.014059379293188 -0.416541461114516
0.0492685141650875 0.00547368109935805 0.474484039131177 -0.310542388990746
0.00192739860974027 0.0321724249577708 0.70422517513158 0.443813803030107
-0.0574781988074828 0.0182449479308613 -0.0834828253160241 0.9229700265663
-0.0371231176088276 -0.0135559478884427 -0.62409062885441 0.403315711398607
-0.034855224371069 -0.0242061626333537 -0.0589036830308625 0.117166356641775
-0.0374956009699412 0.0307103462829476 0.674689589605034 -0.264434568602253
0.0125448772122518 0.0295657479375401 0.289692951471156 -0.933276143887493
0.0515676774042011 -0.00339574977189542 -0.662917426266455 -0.614366294172658
0.0389595053812672 -0.0457487258550768 -0.615090387878415 0.283873698548843
-0.016292455321689 -0.0210277113106194 -0.0172224729405203 0.443200340003172
-0.0241276139153583 0.012038045986614 0.1787592111677 0.0823733061701293
-0.00347444779526156 0.0316312553324573 0.0463685757232042 -0.232097556808054
-0.00965588168575793 0.0218320684380574 -0.0253418664634976 0.205231059564132
-0.00306019430904996 -0.00577356483767751 -0.168741213418529 -0.0309508537420704
0.0212467539487526 -0.00785361907944307 -0.014244763803004 -0.415431315541073
0.0510207551561955 0.00768678296294388 0.47219970284521 -0.314999085721794
0.00515851742834233 0.0346918031262083 0.707001476430924 0.436859395401173
-0.0550173628086929 0.0187034930204914 -0.0795449194056499 0.919276500182924
-0.0314771161256068 -0.0169894550966831 -0.627590827858916 0.403791344970007
-0.0278056750447247 -0.0252824279464178 -0.0629703953320135 0.114666355515341
-0.0319291550343497 0.0286729739269752 0.671674300935791 -0.261507418656424
0.0142295349244693 0.0306423587810866 0.293728672255536 -0.934131678748383
0.0538124714825276 -0.000570098614405891 -0.660374776158227 -0.620417527406429
0.0404805363637423 -0.0420239020253388 -0.61356858282296 0.277887739471075
-0.0190081596565234 -0.0189335792304031 -0.0160360018682473 0.44427088104253
-0.0289642833606639 0.0118900385962551 0.179831232026686 0.0858889177124246
-0.00906891384473242 0.0324115573976687 0.0482555336124665 -0.22993940958194
-0.0134404994273145 0.0236793771748119 -0.0252260983525294 0.205946917036452
-0.00626871533585362 -0.00522208416980525 -0.168688766410034 -0.0297763334076813
0.0207682535858112 -0.00603475902102395 -0.0112303261952298 -0.414329844412638
0.0513148754699378 0.0118172287503061 0.476244602642708 -0.311522495909124
0.00709191763839755 0.0381385940610396 0.706823075083825 0.437829686917424
-0.0524918746987753 0.0192510748063706 -0.0825291264125501 0.916659824186089
-0.0239637871210272 -0.0176497711671687 -0.628626989296162 0.398300946429755
-0.0192945592464183 -0.0255346270869965 -0.0640070848420813 0.113417568825958
-0.025821262297848 0.0274072194829806 0.670662757695713 -0.263691257419664
0.0160978511974245 0.0311420699038951 0.290991263099691 -0.935792829412748
0.0541894276882643 0.00309501683827777 -0.658424718143673 -0.617705121240109
0.0394815929568846 -0.0389303544799051 -0.612582140907264 0.28195447876432
-0.020543039107659 -0.0174631908170437 -0.0180298697529674 0.444726398188484
-0.0328754652023784 0.0119380789177381 0.179615599410084 0.0886052173159982
-0.0136160575457963 0.0337765655519525 0.0488904254517539 -0.227287253123285
-0.0156347193510007 0.025964673682029 -0.0267230590970761 0.206497726895367
-0.00888818875822361 -0.00582311120569605 -0.169406280666168 -0.0292555875166068
0.0190897743082215 -0.00539118438140244 -0.0081406621458034 -0.41225652544078
0.050647856881857 0.0155341976082507 0.482344843984432 -0.304529747506292
0.00735267928422855 0.0416203983965598 0.70356551416894 0.448365229928503
-0.0509025545209723 0.0197307496415139 -0.0925829552622133 0.917754407259165
-0.0173691920944208 -0.0189706294505517 -0.633296886222003 0.391695074862817
-0.0110046115061896 -0.0255461356444067 -0.0615095286328522 0.112686974479032
-0.0201566319965155 0.0273313364351787 0.670590553513155 -0.269665166821417
0.0178612489463746 0.0333441584962564 0.280407604286555 -0.936684135688333
0.0549407651096041 0.00618548900857173 -0.664443455922279 -0.607550915390679
0.0389572426875806 -0.0370182357916525 -0.609735143573989 0.29056298752638
-0.0233847143500625 -0.0161486052706316 -0.015001961345873 0.447358210786272
-0.0354344079963045 0.012078168992418 0.179060196349921 0.0895977008539716
-0.0169971208639518 0.0354974470950797 0.0482694933352252 -0.224390901597185
-0.0176731115850286 0.027870864976331 -0.0284421601276961 0.205920803030645
-0.0104120563960089 -0.00623559290862827 -0.168089519444544 -0.0310002389334251
0.0166812997694743 -0.00432088929533759 -0.00150482797142791 -0.408902753630977
0.0502890670780141 0.0196020759930755 0.487029525401644 -0.291753447095106
0.00693908356866468 0.0450265292173017 0.699603747755477 0.465191829687432
-0.0499071985450068 0.020112058183113 -0.108612149974935 0.919916075335879
-0.0125251639372174 -0.0187770780738849 -0.635751665030539 0.383282402377157
-0.00501870967064903 -0.0243899467859249 -0.0549409719456476 0.109414299769773
-0.0153482684101969 0.0280676496210913 0.668637395547207 -0.277989247973462
0.0196857427411533 0.0342924402355556 0.265257943191853 -0.937657945592467
0.0541105541499148 0.00822957517232727 -0.673410937579175 -0.590597734035515
0.0374167748596565 -0.0362162778970271 -0.60455418639084 0.302305184160496
-0.0245136143385481 -0.0170578393537374 -0.0116266541613873 0.449477402141759
-0.0365350290760915 0.0115276468463352 0.178123796666894 0.0887411929046671
-0.0184446474312821 0.0352681773338273 0.0465625366751807 -0.222935058565052
0.00523895613116343 0.0160365668845768 -0.029608587653392 0.206674111129693
0.00707423749591602 -0.010917260774604 -0.173860290368811 -0.0365576801543245
0.0242803217737201 -0.0146123545257173 -0.00964496589369941 -0.414268906908276
0.0423263773231274 0.00190884906177761 0.490548475932204 -0.282813737186804
-0.00791051208656612 0.0310029436783429 0.700109823885731 0.491260446251998
-0.0612756954008171 0.0187224202113454 -0.118795612281385 0.939000042462726
-0.0422507114860336 -0.00853055873050113 -0.627082264884363 0.393829325446681
-0.0427813798741796 -0.0164382551745347 -0.0315368783495612 0.118324662246124
-0.0413826134877601 0.0405844377043568 0.676723143674594 -0.296867178527127
0.0114091403727137 0.0308729911311208 0.228995589920814 -0.945711819407682
0.0433754704536774 -0.0094322863344625 -0.704980661311009 -0.554375953304244
0.0296076658642369 -0.0532542304064818 -0.600652072584755 0.334620824940939
-0.016372551041819 -0.0233730392581865 -0.00165393462504881 0.449639595782307
-0.0168568666493852 0.0104939925616697 0.179233603598758 0.0713894220713954
0.00779753842117549 0.0297756788139052 0.0360705882684191 -0.236845046987562
0.00315847859221209 0.0163289854339591 -0.0274218291398429 0.204877502511052
0.0043730581098071 -0.00955988354741376 -0.173424209511467 -0.0336767693917313
0.0240624890663503 -0.0131373721311838 -0.0127010156804306 -0.415290408497241
0.0451872945158705 0.00204035283864132 0.484022133527554 -0.298149814929207
-0.00393671343899538 0.0316018682909534 0.707537590142588 0.469840676242826
-0.061124535437637 0.0195095324677964 -0.10045772819819 0.936859170216698
-0.0437163487951776 -0.00992688627927706 -0.624569633836051 0.400760194856907
-0.0437436998692426 -0.0184943439834179 -0.0406822948694271 0.118270031591517
-0.0424263995971562 0.0373890692318762 0.676120558921021 -0.287106091475857
0.011003713771237 0.0303628871398341 0.248327402261402 -0.944744119581259
0.0462789109366016 -0.00952329549218764 -0.694485087797791 -0.574951787858238
0.0338361148753984 -0.0523035366298943 -0.608323469260384 0.318279604431685
-0.0148023670460449 -0.0229254973907304 -0.00702301315748873 0.445353880982741
-0.0189070040358119 0.0117829986439889 0.180855937834621 0.0744053640191706
0.00558610801974702 0.0308629262384758 0.0394377268243015 -0.237671318153953
0.000140236115402061 0.0178561088830857 -0.0250001171423962 0.20509515014273
0.00178080934456442 -0.00835309307606573 -0.172008159144453 -0.0322051306999331
0.0243583707996696 -0.0119993950760035 -0.0164653966412478 -0.419195622873517
0.0474539013770938 0.00261480032286459 0.478673553274736 -0.31048530727778
-0.0020265725046236 0.0319359236172402 0.712748269652823 0.450012057617014
-0.0595318511522356 0.0196384573600666 -0.0840531695445021 0.935317669116414
-0.0420285965910335 -0.0120819698669057 -0.623685730585878 0.410511389314366
-0.0416992199282861 -0.0213824655328339 -0.050135826779231 0.118500285465922
-0.0411651863103736 0.0339028011120056 0.674575030711263 -0.279116105534903
0.0122545797529607 0.0293577404902716 0.267221160155984 -0.945042597869712
0.0491334514346599 -0.00726255046247006 -0.682442032849137 -0.594790903804342
0.0366056329260998 -0.0500724710686819 -0.611739423512216 0.303476635706288
-0.0146312465367503 -0.0217345630978643 -0.010139812541296 0.446114253011234
-0.0210732497678071 0.0122133657078254 0.180809259882305 0.0771677518407139
0.00168889928065546 0.0317305117460831 0.0418261057964115 -0.235809914388877
-0.00420729983706427 0.0200725951826822 -0.0238391566918656 0.205578410759075
-0.000990286108450262 -0.00744088089975341 -0.171392723538699 -0.0304168562438579
0.0230904543743326 -0.010362648941605 -0.0196620688422671 -0.421167349933815
0.04982064822816 0.00456466048457983 0.474260096808251 -0.319511450332528
0.00225697558159726 0.032153564828478 0.715577377718136 0.435721012838892
-0.0576383628609584 0.0196275282268735 -0.0738621635905627 0.930561709552083
-0.0380869163161803 -0.014101989661975 -0.624477781352959 0.411700251576082
-0.0356797975647863 -0.0232506335774289 -0.057963636713145 0.117701534205862
-0.0370630989554802 0.0313948025813747 0.674967432914462 -0.273976978079986
0.0136219690888013 0.0296528635554677 0.280143635184012 -0.942887569536052
0.0521618254080944 -0.00438504045515103 -0.673799487147897 -0.609469949325387
0.0390572811398498 -0.0466968024914918 -0.615696959411258 0.295047220507446
-0.0172823025439003 -0.0212012791179641 -0.0122441412902672 0.44735743337814
-0.0242713170415117 0.0126728303873327 0.180933203159433 0.0815236062910783
-0.00295987741862076 0.0320235758433063 0.0448400792230743 -0.234357415906515
-0.00909540821616064 0.02208305893939 -0.0230413048955522 0.206673699566945
-0.00348897497260862 -0.00626513964342467 -0.171274788793014 -0.028620050990314
0.021265472386149 -0.00937326941335039 -0.0196935181297352 -0.41925814679295
0.0516966171659657 0.00824090134867273 0.47406119784924 -0.323890752870505
0.00578597909217143 0.0358501622140869 0.720012803703963 0.429317692501267
-0.0545754429474863 0.0198021820154787 -0.0675607254747804 0.927411969878923
-0.0319144258698421 -0.0168572801379023 -0.625441597015432 0.413221250749777
-0.0277502992556022 -0.025111402781269 -0.0623548053079877 0.116300075282909
-0.0320076168710067 0.0294688014007747 0.673446854250135 -0.273604936756326
0.0148851747672232 0.0302935448658101 0.285169928494795 -0.943614018368329
0.0544985429380091 -0.000470365748523306 -0.672407883897794 -0.61482020822156
0.0402876609104599 -0.0435017475857113 -0.616205595888168 0.289339674312545
-0.0186693278568628 -0.0189452846396969 -0.0120287257639878 0.447373167962513
-0.0288599383230771 0.0129293453339957 0.182061309228403 0.0858623514171305
-0.00816389756481852 0.0331848908433995 0.0459509186042407 -0.232385694042656
-0.0122188766005909 0.0239158384467093 -0.0246778649739764 0.20749226178348
-0.00671620227162151 -0.00615428831269788 -0.170574724850328 -0.027845504905851
0.0207022263306184 -0.0074642436177396 -0.0178056303875512 -0.418060911352726
0.0535033839298046 0.0108626977660977 0.474453693610771 -0.322246943227747
0.00760444943298731 0.0390028998587959 0.717366274754944 0.430970591870042
-0.0526894442402492 0.0205349587355222 -0.0747432950060151 0.922789602568396
-0.0248655834303765 -0.0185110549310853 -0.629303403348118 0.409929428935353
-0.0199234152455186 -0.0265293306681488 -0.063575809889607 0.115027150025107
-0.0260438346726735 0.0273122722928197 0.672632452583316 -0.27313189880955
0.0164124994910597 0.0307991552950549 0.281100685842378 -0.946608385818693
0.0547501370869888 0.00289184082558343 -0.669658528463904 -0.613206438699096
0.0396914370370029 -0.0405609667344508 -0.612113136255271 0.291827585613621
-0.0211246497285289 -0.0179170977347154 -0.0129991821061782 0.450274756965773
-0.0328928422501643 0.0129208574582179 0.182280194138418 0.0867632860689393
-0.0133541187787365 0.0343959768481813 0.0461804595863846 -0.229543362875039
-0.0150472737973724 0.0268483575533012 -0.0250553553421829 0.208048793131127
-0.00906188909043416 -0.00599566729691057 -0.169193541419566 -0.027733840008332
0.0184359504543502 -0.00524569466394242 -0.0144048523932531 -0.415828612194417
0.0524812647380113 0.0142913754732627 0.481587875785888 -0.314384858903437
0.00780483605100966 0.0423254050900158 0.716372258135021 0.440879897069699
-0.0503789733675672 0.021094326145322 -0.082259361088149 0.923314162948325
-0.0178605625001231 -0.0183723572601473 -0.6334027426149 0.403279907218018
-0.0122908585858724 -0.0262988541806494 -0.0601694043147162 0.11275409804719
-0.0192656171604216 0.0280801055939077 0.67084302608956 -0.278685238994907
0.0189279637205928 0.0332967512206417 0.273270312413094 -0.945884670403869
0.0547860247388938 0.00542625647372145 -0.677693731109368 -0.605030478106576
0.0389402488774968 -0.0383020138990798 -0.610065832081171 0.30129652673683
-0.0240776105729957 -0.0167880119494397 -0.00831155825461581 0.452870478284882
-0.0362473274454343 0.0130429055071538 0.181667154052416 0.0885171555653732
-0.0155562231648323 0.036010380334551 0.0461371370859379 -0.226830951087709
-0.0161013785283912 0.0279835949583495 -0.0257872895106228 0.208013522570414
-0.0110036890690353 -0.00531801709313575 -0.169263951015447 -0.0288521911890368
0.0173277331716583 -0.00498484473891489 -0.0076714636105714 -0.412923400728345
0.0507653600145792 0.0173163125484542 0.488165509052208 -0.300650471058575
0.00687860324542691 0.0460644438978622 0.711342157957267 0.459074116257372
-0.0492344266544826 0.0218000519780822 -0.0968722774684111 0.926198160462062
-0.0115125901566617 -0.0197819781404164 -0.635670346539047 0.3932160488973
-0.00530963808685261 -0.0248513607205846 -0.0543578462141258 0.111205181320871
-0.0149711572054189 0.0277916877122781 0.670733525060146 -0.285739230454987
0.0201575199931892 0.0340102528399346 0.256433504499707 -0.948108301581958
0.0547448572047236 0.0072349937866396 -0.687958554595792 -0.586532041896103
0.0372813512110881 -0.0365457739544226 -0.606133980534448 0.315381724865642
-0.024373369682378 -0.0164611537124642 -0.00722112093197463 0.454312874790447
-0.0371332498706097 0.0130447290144771 0.181894515306785 0.0867058127274101
-0.0171346991296559 0.0365101249338801 0.043897514224613 -0.22473457782513
0.00662019281028559 0.0164019255417682 -0.0280497888991267 0.207786384288511
0.00596266952166903 -0.0111977240488236 -0.175331170847883 -0.0338310155118132
0.024459481200368 -0.0149360330665331 -0.0160467634924243 -0.418347613045002
0.0441258660186176 0.000174576221172635 0.489666049582643 -0.294135916493307
-0.00729591057160483 0.032928988488025 0.711222585684791 0.482938578501088
-0.0611372577265846 0.0206248641870707 -0.106621985887538 0.947830620280519
-0.042816783494402 -0.00855588187673354 -0.625847194678495 0.404761593620062
-0.0432640634242167 -0.0165567597623579 -0.0300444659006916 0.119031484057557
-0.0408093900238899 0.0410167976634101 0.677398366994827 -0.306698313321754
0.0122876085058064 0.0308748331805857 0.219692076805669 -0.953874500373288
0.0440634913919683 -0.00966393293306383 -0.716929205789589 -0.550131324888156
0.0290681829400035 -0.0541937504273191 -0.600880870352412 0.345492537832521
-0.0167163156258729 -0.0234068220275763 0.0052314766346886 0.45333767870109
-0.017117379865194 0.0121730532200662 0.182478515130781 0.0697179866239849
0.00839890070885198 0.030332585674051 0.0337845880937836 -0.238692250134363
0.00489152402234961 0.0157710814356816 -0.0254862352573087 0.207510502335455
0.00391338294189352 -0.0105641631047126 -0.17491996410193 -0.0322093229536205
0.0244365161600241 -0.0143533360103462 -0.0196340826236004 -0.419727907194127
0.0454734015099935 -0.000370557040508306 0.483507175182856 -0.30692201897117
-0.00463650824658316 0.0305113592640426 0.719010548366599 0.462726266590122
-0.0609970498567969 0.0207304920943992 -0.0896418990239981 0.943111750891062
-0.0436561127627559 -0.009384223972366 -0.62359634963286 0.412915713413627
-0.0444526532856192 -0.0176378960905852 -0.0393179082680809 0.119772453428369
-0.0408903804617552 0.0382357631848213 0.67492005997991 -0.29828299619196
0.0115736833792835 0.0296088354954243 0.236586159128613 -0.952943531745269
0.0467215144295659 -0.00942017118750881 -0.706134643597662 -0.570089753266132
0.0327344975212346 -0.052776054871289 -0.607469422183206 0.329826680864043
-0.0157080169878516 -0.0238668136287069 0.000332140408764209 0.450533538192289
-0.0187134462097793 0.0121289955993675 0.182875612123863 0.072649913788187
0.00604582087539752 0.0307362624562244 0.0366214876167248 -0.23899270766074
0.000914260473641109 0.0174649489859444 -0.0234983783601686 0.206356840556093
0.00125725795106208 -0.0085072783089583 -0.17361525368295 -0.0291769851955399
0.0241503708294728 -0.0132807153268556 -0.0233048132605701 -0.422376848902931
0.0484085133510769 0.00193138215765719 0.477535668832141 -0.319983313145701
-2.21075472231248E-05 0.0323222543685867 0.723566087573348 0.440494991623623
-0.0594200332381182 0.0204496671599885 -0.0716811014466967 0.939480536868341
-0.042099595412491 -0.0109607303693173 -0.622865789690782 0.42136495389852
-0.0423992510190549 -0.020967505662958 -0.0495920540840187 0.119505678863322
-0.040229281926043 0.0351139556067639 0.676475000152725 -0.289710287192079
0.0126408370166715 0.0289711229101965 0.255221416189728 -0.952646393835475
0.0498185077135992 -0.00817113496702086 -0.69646186494672 -0.588846833102936
0.0361891537941416 -0.0506576147810209 -0.613416487752768 0.313902279441766
-0.0155083078845423 -0.0223881853408014 -0.00247981200926719 0.450354848661163
-0.020439736359232 0.0129727967581512 0.182971995642411 0.0763837462847973
0.00298625652080002 0.0313294728375881 0.0382720742229477 -0.238597626399878
-0.00292004490499678 0.0200309882851415 -0.0214257190393197 0.207592807340718
-0.00115755936150463 -0.00740983589688671 -0.17339672984229 -0.0285130806759711
0.0234911975828001 -0.0115937319311604 -0.0259431169143704 -0.422827297123834
0.0511929174617632 0.00381735742323492 0.474742153318793 -0.32874758548822
0.00261565629794698 0.0328094098280295 0.727349745196745 0.426340579971134
-0.0568935541921517 0.020971082168736 -0.0615693274715396 0.935605809801688
-0.0379197188994478 -0.0139172059338571 -0.621265217598067 0.423089202773261
-0.0368250514059105 -0.0227758453914803 -0.0562850568056279 0.118858435066539
-0.036292156998895 0.0320897478902024 0.675182900071981 -0.284867443319691
0.0140999374146432 0.0293227099650232 0.269470275539211 -0.954189550385314
0.0526785842010858 -0.00503984566833572 -0.687872442423996 -0.602695688389332
0.0385054246041034 -0.0480623260715633 -0.615394044118505 0.304129165866793
-0.0173776210852033 -0.0208787408497765 -0.00551426647807655 0.450439802344434
-0.0247356813421103 0.0142513614289189 0.184691731974289 0.0798922021862102
-0.00230787976198451 0.0323102765266159 0.0413613743044074 -0.237132345553759
-0.00807014196390915 0.0222333224178457 -0.0209104326725858 0.207865173783407
-0.00436667241837295 -0.00699586286288256 -0.172689374185835 -0.027299788851916
0.02184707777678 -0.0104032192219032 -0.0269672249924805 -0.422347653278459
0.0525219127209192 0.00619876137692602 0.470539606001604 -0.332718564282418
0.00480308745417848 0.035643852168233 0.730033926352723 0.420351709098237
-0.0549509811094 0.0208381704010031 -0.0578560899867572 0.932615515935351
-0.0320949257999467 -0.0156232277484518 -0.624213508888567 0.423850935451215
-0.0283916815917102 -0.0251318920950269 -0.0608103171519053 0.117538739394136
-0.0313752882058901 0.0306027072566634 0.673136216522259 -0.282495469514519
0.0144325056887841 0.0299497742733536 0.271769970564179 -0.95371046853566
0.053894292204263 -0.00159580568656349 -0.683550524322607 -0.609290048323999
0.0392441194759965 -0.0448443649994116 -0.615216466506189 0.301830410816387
-0.0187843154444303 -0.0198623282263188 -0.00607783264609655 0.452004914438445
-0.0286168416365168 0.0140555481201917 0.184714275644925 0.0836283589906164
-0.00826795497367906 0.034285263340194 0.0442401192710921 -0.233936209156757
-0.01067397594076 0.0241539109678037 -0.0219363888012265 0.208646842650206
-0.00730636548227438 -0.00546473625486347 -0.171194192059561 -0.0255821899225333
0.0209742328679262 -0.00690922575815013 -0.0228841438169828 -0.421764641572726
0.0541206914515193 0.00953740378643871 0.473824566890662 -0.33102292198586
0.00815653024970799 0.0392757648560898 0.72804567393749 0.422399736309225
-0.0529934981744922 0.0218395422158671 -0.0610630454201779 0.931001076913854
-0.024787554183422 -0.0187403438388907 -0.626596202046899 0.418490677935867
-0.0205696617232955 -0.0262269587415546 -0.062150108898494 0.115723299953645
-0.0251161964472233 0.0281645940845096 0.672000873971035 -0.282559666864961
0.0171647245937138 0.0312144242875462 0.271118157771484 -0.955285720865107
0.0557718536696216 0.00261622651262397 -0.682850790233157 -0.609409769467559
0.0394546761260574 -0.041840094719423 -0.613082694848365 0.303291864557623
-0.0212066746960915 -0.0184633316815639 -0.00452258442134798 0.453518871354739
-0.0323141375550358 0.0140989859586612 0.185300483433475 0.0858339961953036
-0.0119220977061255 0.0353830120780724 0.0438393173329658 -0.231997605607006
-0.0140668029016155 0.0265395255961471 -0.0224234150735385 0.209019160492432
-0.00947917759559433 -0.00540966801592318 -0.171566086784288 -0.0252716239411845
0.0193850481252475 -0.00626395282817608 -0.0196449650622922 -0.419059780886175
0.0534091991658175 0.0122845998141532 0.480721943951735 -0.322948268501261
0.00831666859175307 0.0427048973348822 0.72644616794893 0.432266723818583
-0.0499457948815422 0.0217990732303421 -0.0707066721133635 0.92995153020808
-0.0184454050872412 -0.0189492697769345 -0.631224246009475 0.412738736546452
-0.0116055677928453 -0.0265494113151102 -0.0599500286574843 0.113500254673494
-0.0188583805954119 0.0281191549999476 0.671487834078533 -0.289410280015974
0.0188975698056317 0.0323219536626907 0.26181346393781 -0.955601699402461
0.0557543068867612 0.00544181631841668 -0.689133034382339 -0.600433224559537
0.0380326286087058 -0.0391612270161936 -0.610193836303485 0.313751736351186
-0.0229729089263492 -0.0163667197730129 -0.00204626835154044 0.454814404360377
-0.0352001032563282 0.0140029651221978 0.185280488368299 0.085974900356319
-0.0145032430139354 0.0357867208166267 0.0428765983972351 -0.229804473743024
-0.0154573705803517 0.0278962584976031 -0.0239731120342307 0.210348096328109
-0.0116248104664681 -0.00557428008469858 -0.171280032820401 -0.02655486187516
0.0171106322614468 -0.00557248728707692 -0.014940004709771 -0.416305757440581
0.0515317537419674 0.0162375080271213 0.486039678253666 -0.308684976447063
0.00820089552826715 0.045832553550837 0.720841100397329 0.448499420196654
-0.0495348355119843 0.0219890835314575 -0.0855611173470885 0.93312269335162
-0.0127426023730034 -0.0194250395539794 -0.634593534002036 0.404554128162758
-0.00555633205823876 -0.0248932869943688 -0.0534183831067976 0.112015974067567
-0.0138659512105636 0.0287944730592687 0.668779512610489 -0.296668234054412
0.0207409849037089 0.0336626866250434 0.245679880653298 -0.955968004995877
0.0558469929015543 0.00679658493346441 -0.698833688449223 -0.581586195414937
0.0361053640111221 -0.0375898657399379 -0.603754546636273 0.327147771303994
-0.0248463063030351 -0.0168197100003235 0.000515694985703133 0.457979001041568
-0.0368311970757061 0.0140357789275204 0.185001112943604 0.0854576740106097
-0.0170401142171336 0.0369890443660526 0.0419294922050999 -0.227823661295046
0.00676129596606351 0.0157646610921825 -0.0258001758126209 0.209448215916211
0.00534550171546072 -0.0114258946752596 -0.17706474229637 -0.0309524832490204
0.024500126246905 -0.0156640706253295 -0.0226176623155156 -0.420964684972274
0.0438445521457678 -0.000733414713098471 0.488290937806814 -0.302255046931515
-0.00723549653648214 0.0331752985185973 0.721770573136618 0.473286129500863
-0.0616119272204363 0.0220185578885753 -0.0924871683481198 0.951927341717608
-0.0423757850532925 -0.00782898897713795 -0.622152196242493 0.415653208736408
-0.0442055396131506 -0.0149050927613626 -0.0288750239861932 0.120141791514536
-0.0393170394431625 0.0419634924587309 0.675047402564113 -0.317342621994956
0.0125297137578156 0.0303080601338213 0.204383773802478 -0.960095366140865
0.0437433731735084 -0.0101476464388831 -0.727539144079091 -0.540287163807792
0.0280338935982666 -0.0548739958062739 -0.596912228240538 0.361456334604468
-0.0173356473198176 -0.0235496575101952 0.0133442476916672 0.455048905077671
-0.0171693703315279 0.0126662915717413 0.184939397070248 0.0674037181776236
0.00961645627344781 0.0307786397880314 0.0306875781495237 -0.240306704396431
0.00474527366534009 0.0155110328404086 -0.0226941218039675 0.208679288000324
0.00313770273041998 -0.00973693304477318 -0.175656567299312 -0.0292797340272084
0.0245528959593471 -0.014785050578351 -0.0278381894751049 -0.422337207026048
0.0462790198433456 -0.00111208278436479 0.480531239927827 -0.316066433515232
-0.00305125035726626 0.0324108946713054 0.729065956712703 0.450401350151572
-0.060335553365272 0.021518852459565 -0.0749066623624858 0.946115128924251
-0.0441137392754017 -0.00906521074847628 -0.62009079879316 0.422940271664242
-0.0449546364135657 -0.0172577459275872 -0.0382731509589403 0.120199541431884
-0.0413620004149315 0.0385239609668707 0.674385597893585 -0.307865007814443
0.0125312931886325 0.0299457201350658 0.225175688332902 -0.960929776033672
0.0466527909795863 -0.0102859705721392 -0.717703108036315 -0.561469157762322
0.0322474435361947 -0.0545745365929295 -0.605219442405767 0.341005745975136
-0.0155855270823892 -0.0232390529128146 0.00819282793656358 0.451422107677651
-0.0177426211523478 0.0136142360164158 0.184315925447237 0.0703617725477018
0.00727908392223686 0.0312008533147021 0.03374132500547 -0.240462367448697
0.00170381935136201 0.0174578139121031 -0.0205983589287134 0.208205631845321
0.000682547758418711 -0.00830584591203046 -0.174531832226441 -0.0272696255802011
0.0235058574457011 -0.0136777879158232 -0.0315519395617783 -0.424146881451827
0.0487278327139731 0.00046256983306452 0.47548629909324 -0.330077808589339
-0.000820532546416754 0.0325632997250712 0.733825153022798 0.43039713541316
-0.0591098227359324 0.0225692784852495 -0.0576480754686834 0.945101619428819
-0.0424063937689608 -0.0110743824174721 -0.618100933300989 0.431626434421972
-0.0427524303139233 -0.0199060860320356 -0.0482941892152284 0.120394917179205
-0.0396506212934805 0.0358940101479676 0.673450362374148 -0.300798589497356
0.0124865070218333 0.0295172630463027 0.243493572935057 -0.962493962863547
0.0499100842330455 -0.00934023516950593 -0.709439822793248 -0.581981258636393
0.034703598536703 -0.0523942476891308 -0.60996725783755 0.327291307378149
-0.0160579179679744 -0.0226935081114459 0.00556496011370031 0.452188484460552
-0.0209205611457243 0.0145403631824583 0.186357079124684 0.0740998900979843
0.003679266416059 0.0322165775619554 0.0359944389849065 -0.239938161826566
-0.00180507503744456 0.0199530011741416 -0.0198338636013318 0.207784677028141
-0.00235944333545672 -0.0074434196726738 -0.174460885764619 -0.0252446077132405
0.0230255237704448 -0.0118322593859405 -0.0334960903240531 -0.42410997708435
0.05091717884715 0.00272603649749582 0.470998619202425 -0.338407386002297
0.00302821263925988 0.0341585775027883 0.736963213687283 0.415074094524203
-0.0567382598231071 0.02223862151798 -0.047955185680477 0.939494260036793
-0.0375381999977193 -0.0143465991963325 -0.618752757577138 0.434124750841621
-0.036754364062734 -0.0223317550419602 -0.0549217053999821 0.119856763588309
-0.0354243630203021 0.0323726377720547 0.672760174190553 -0.29485985433197
0.0136582464047808 0.0287879791654129 0.255968155461968 -0.961971478682266
0.0529778612600544 -0.00574459166538507 -0.700556832448944 -0.596494709394636
0.0382936853696597 -0.0491728177551262 -0.612058295784059 0.318106633524563
-0.0164905209519126 -0.0214903594043356 0.00292611869567547 0.45276200792033
-0.0241006873409145 0.0149796956381207 0.186747633356139 0.0782522957576099
-0.00153598251106709 0.0330589180675107 0.0382133334050331 -0.238294508013172
-0.0069064893533055 0.0221029032195175 -0.0190600499943905 0.208759849284917
-0.00481681984747904 -0.00712993479991656 -0.174689771938415 -0.0238415613342145
0.0216185081238756 -0.00991855909954416 -0.0336861980962247 -0.424829371219091
0.0529947855279169 0.00524957005485792 0.469762465582645 -0.341636779003599
0.00650394591948076 0.0367824585189956 0.740163004576145 0.409838204557402
-0.0542456285226159 0.0226710704132115 -0.0442085692301543 0.937163408955974
-0.0324571194886982 -0.0158301969519167 -0.622003501501332 0.434685142786641
-0.0294075698347365 -0.024828616957715 -0.0597439799363472 0.117960976940938
-0.0314839989891899 0.0302190688262163 0.671354621496909 -0.29384630470269
0.0153355589011172 0.0294011306876786 0.260477865623922 -0.959247588239952
0.0551048547107958 -0.00214320077111346 -0.697469574470959 -0.602622354919235
0.0389913757825807 -0.0459081896425376 -0.612796139924592 0.314222252583119
-0.0191659062480463 -0.0198828296001186 0.00366640533941456 0.453836858349675
-0.0280761212722475 0.0157193529757081 0.187798352154564 0.0813439970632747
-0.00639078872083225 0.0341730272787159 0.0397976062276388 -0.235633685749096
-0.0108872275537409 0.0246605743346754 -0.0192927259311758 0.209800494663759
-0.00791225429638968 -0.00566994458179414 -0.173001273848842 -0.0232481219719874
0.0210136771476472 -0.00805041537259471 -0.0312096477709482 -0.424580004748237
0.0539658150636855 0.00780939245577938 0.472078342671608 -0.339544068089471
0.00784104286109948 0.0398991038405964 0.739172994501234 0.410779540542646
-0.0516007725764057 0.0221630106028828 -0.0483366983451891 0.935375520679963
-0.0244288838814294 -0.0177157864939232 -0.622599030798528 0.429515686088076
-0.0203048938243522 -0.0253598234229059 -0.0608071827098941 0.116777091388699
-0.0245958120158971 0.0290793133387336 0.669462098683129 -0.294980561957286
0.0177243226339343 0.0307277242163453 0.257645788866803 -0.96406061929046
0.0560702542908156 0.000781160155163262 -0.69667737203087 -0.601183908528374
0.0377981716383265 -0.0427217754705251 -0.610628217509677 0.31570335855332
-0.0219060060724673 -0.0183994334318421 0.00201653188232157 0.456240304296099
-0.0321102454801086 0.0149331224922552 0.187202408868996 0.0836070239095006
-0.0108263632480468 0.0355077638587382 0.0405527345060189 -0.23409026503316
-0.0126714651330089 0.0262322048442387 -0.0200810018924744 0.210256011292156
-0.0102054804602409 -0.00574283264234784 -0.171590383404671 -0.023054017660261
0.019070209369853 -0.00634760792846769 -0.0274791142646788 -0.420728933204841
0.0538510642373787 0.0106576003958659 0.47762603156595 -0.332396487817375
0.00844476306271815 0.0442311714072495 0.737171548689121 0.422264043861339
-0.049783322302104 0.0228964840493782 -0.0563290316273982 0.935158287262446
-0.0185463335600825 -0.0186428763242747 -0.626855307199402 0.423865027855969
-0.0129136800117497 -0.0263962455584303 -0.0581256340151386 0.11491568685191
-0.0183258894188724 0.0283992975385715 0.668440657266904 -0.300876701148694
0.0196189697160523 0.0326745904526359 0.249459839936983 -0.964852607075069
0.0557120569016078 0.00408073861311027 -0.701648340055854 -0.590788485780801
0.0376430665325651 -0.0404530930633628 -0.608314951647424 0.32550723091997
-0.0232685191244605 -0.0171795087462418 0.00505472079774583 0.458743768750783
-0.0341415706921269 0.0155285417108923 0.187686365875667 0.0836863245157457
-0.0139722744295262 0.0374479294154807 0.0405581724302058 -0.230405457894189
-0.014443152923482 0.0281317852953108 -0.0223164609112215 0.210133445743192
-0.0117860648257938 -0.00604361997385135 -0.171334817419742 -0.0242107624687428
0.0171982954198121 -0.00574182587521146 -0.0217854571858468 -0.417984972867637
0.052358119318694 0.0143563297226096 0.485003959254768 -0.318838079559718
0.00708594462308771 0.0478336030167992 0.73163234919257 0.440158398979221
-0.0490361798953921 0.0238465022350459 -0.071912815087044 0.936294904464034
-0.012142015916004 -0.0190645471269333 -0.630533218432918 0.415473487698064
-0.00600517227280539 -0.0251077941053537 -0.0520498276936401 0.11239914262846
-0.0130202755267794 0.0289950320844926 0.666113672498418 -0.307041094964732
0.0207773602214531 0.0337500664004159 0.232698120271021 -0.965385002764456
0.0561820975497183 0.00645806355447023 -0.711529161174029 -0.574634619266003
0.0357251382041516 -0.0391450665840853 -0.6035482828341 0.336588253106413
-0.0248387258704722 -0.0165317077015761 0.00673042055107145 0.461375258920206
-0.0363229552327616 0.015715227424895 0.186307553835105 0.0834446261904426
-0.0153786106810234 0.0379057795579415 0.0381414183202527 -0.229085861168273
0.00793895748887263 0.0147730939192584 -0.0236109256185047 0.210583733017374
0.00462303712022425 -0.0106608021924187 -0.177741234550427 -0.0287686620983394
0.0249882868406904 -0.0161145108108422 -0.0307234419401756 -0.422474265076104
0.0441186643701801 -0.00255055901044491 0.484885550723871 -0.311166197421604
-0.00674130109574629 0.0338939795886165 0.730797079501525 0.461469281484358
-0.05997092595175 0.0227982635540644 -0.0766846041139731 0.955399225224874
-0.042278533342147 -0.00793041057072826 -0.616053623321007 0.427299058436974
-0.0442193702631171 -0.0146895495254548 -0.026913318245598 0.119598160603417
-0.037721005007481 0.0421933804389488 0.669592879266882 -0.329080658682567
0.0127260118810434 0.0305664822178927 0.191112256272104 -0.965506647761187
0.0434719701713895 -0.0109307184841129 -0.738540141495866 -0.528675441586696
0.0271485665904467 -0.0557013179769126 -0.593097756065846 0.370120676450265
-0.0169651233535408 -0.0246505050050943 0.0208400158220876 0.456005361079044
-0.0168250063581117 0.0146075460490456 0.186159676215328 0.0651703201991923
0.0115989757861475 0.0316681711251852 0.026870151960314 -0.241371246137819
0.00671992166269752 0.0160038677314518 -0.0198000889267907 0.209233491793598
0.00279759354675942 -0.0100873187069093 -0.176821428131383 -0.0270729712405947
0.0238114441004688 -0.0152727547397528 -0.034076668976486 -0.423890544407687
0.0468258263383673 -0.00259203886988802 0.477052928242297 -0.326026471842055
-0.00398248148874337 0.0331071113291308 0.737500822188356 0.438344976199353
-0.0597403723357278 0.0230722427990121 -0.062405503621168 0.951286334393672
-0.0437195585167123 -0.00813505129808672 -0.613708730923281 0.434533670452863
-0.0447466320818906 -0.0166512612828017 -0.0369924849940272 0.121106414485301
-0.0400805693971813 0.0402580565943967 0.670105225886489 -0.319520433218635
0.0125813578344378 0.0294906580437392 0.210916201695701 -0.967843858624822
0.046466328677426 -0.0111344954802239 -0.729854493134881 -0.551188629558042
0.0299691325917349 -0.0547555346988975 -0.600189693270733 0.351310346339331
-0.0161054259631763 -0.0239986348747293 0.0165062257006738 0.454447894364138
-0.0168851703904486 0.0141346006993369 0.186661864763279 0.0683975058144984
0.0086374488284996 0.0314017250334451 0.0295778439446263 -0.241594623693125
0.00250325571464075 0.0168706525279811 -0.018094366978449 0.209159653592856
0.000570821908736532 -0.00866397634744293 -0.175746113882 -0.023448796891171
0.0246287428255213 -0.0143152516710216 -0.0389577090327196 -0.424685342621953
0.049088881845172 -0.00206785315358534 0.470938423987328 -0.338156093917273
-0.0009017354482534 0.0331538921371099 0.742554911626244 0.418567913027317
-0.0587687964257296 0.0237041609218681 -0.0425780190583542 0.948000688366091
-0.042315199368651 -0.0104406724054332 -0.611440041719122 0.441368293205702
-0.043450702451746 -0.0197017023377907 -0.0454495665808766 0.121440986361148
-0.0382457368407958 0.0362895701217387 0.668721689047824 -0.310358248126473
0.0133997139751459 0.0284163216592246 0.228702098352296 -0.967826518746602
0.0493042965779871 -0.0100237502196963 -0.718952490494244 -0.569814479803869
0.0349204366011748 -0.0535496060911409 -0.608104572344057 0.337222240709353
-0.0162503085302559 -0.0229369336221798 0.0137965012704693 0.452764365085711
-0.0195169113037633 0.0156450341306563 0.187575358778707 0.0717102951350929
0.00476211362883764 0.032460807251657 0.0325451743639166 -0.240790734606686
-0.000893937885397465 0.0191541477371889 -0.0161870554212692 0.20946857809957
-0.00264816184436949 -0.00753676406455503 -0.175459912876399 -0.0230083859112991
0.0233304802005615 -0.0122693073511245 -0.0407833074163275 -0.426464589131568
0.0518151576732341 0.000423853373713395 0.467281253954238 -0.347694113722009
0.0029319296561182 0.0350504616509068 0.745994968516098 0.403333945029912
-0.0561215507664962 0.0230633745094316 -0.0347831607020686 0.941158215178137
-0.0379032956646342 -0.0123286256648833 -0.611042176993925 0.44537158965588
-0.0374875774569826 -0.0217196268603457 -0.0538068378932399 0.120827733091953
-0.0351276779305543 0.0331282579766806 0.668053244683794 -0.305366104717792
0.0137128143329079 0.0291897564245315 0.242145075455248 -0.966836984073561
0.0523272531767002 -0.00648319501532862 -0.712082756647239 -0.586590898037268
0.0365208964074899 -0.0503638949827056 -0.608918474343141 0.32958321677246
-0.0171343089309657 -0.0212925283821622 0.0103878106974481 0.45457283001781
-0.0233554392149038 0.0158147711145174 0.18874069613294 0.0761360750369166
0.000365414123729157 0.0339761274762435 0.0351936137666361 -0.239754201666231
-0.00578347040776129 0.022575504291935 -0.0164652295719144 0.210103972507699
-0.0042351357138862 -0.00691870036699607 -0.17443419776849 -0.0217758404034467
0.0217912846749133 -0.0100844406871438 -0.041495170641313 -0.426138709276825
0.0542411500715565 0.00334520060366818 0.464885239934777 -0.350763237044564
0.00658945812627878 0.0364566409189136 0.748695370861543 0.396122561875881
-0.0537866564177926 0.022886298654584 -0.0299091566083157 0.940415944209875
-0.0322068607915414 -0.0152890164672276 -0.615948958228793 0.445884022829785
-0.0296108213864602 -0.0239433988191799 -0.0581963244405285 0.119390672775073
-0.0300562594924191 0.0312732948874976 0.667024640102496 -0.303877663400829
0.0156189052155505 0.0291702821786918 0.247514628332515 -0.966562093783749
0.0537591306976515 -0.00335919990196755 -0.707503234466793 -0.592864528681816
0.0369914623659558 -0.046170442647074 -0.609357944280075 0.323873427613166
-0.0196529413515829 -0.0198942514880516 0.0103043464971692 0.456510237210351
-0.0266517461194493 0.0161687231665772 0.189462977182615 0.0790798244607491
-0.00526927180135915 0.0353436552843121 0.03746613387468 -0.237355113550955
-0.00936463073241156 0.0241188177151846 -0.0163125862411691 0.210466616433797
-0.00847494659395808 -0.00575761284809048 -0.173859099584697 -0.0198389091421056
0.0205855391320562 -0.00886619478709844 -0.0388195290927846 -0.42469710385996
0.0539275603553193 0.00669192231014965 0.468455785475715 -0.347860645499177
0.00880632537744433 0.04066851145182 0.747856775746049 0.397197454069223
-0.0508001074266999 0.0238935233014236 -0.0358379492250912 0.936831487727432
-0.0243838919079158 -0.0173400542756308 -0.617557576413163 0.44077633801443
-0.0216534504573893 -0.0253611195004579 -0.0596542574859465 0.118092551482908
-0.0234097285963946 0.0295124758414205 0.664586116971535 -0.306178554896038
0.0177551222675671 0.0302532135737384 0.243400480908226 -0.96897296709207
0.0561297930569842 0.000445060614154011 -0.70605075408728 -0.590802289917283
0.0374631798737784 -0.0428972160946604 -0.606219298554858 0.327491397021843
-0.022466487747917 -0.0177627736352668 0.0106195433734148 0.458499526271117
-0.0317742864116291 0.0165811241771619 0.189609353624548 0.0808796450858779
-0.0101626388398902 0.0368004420983125 0.0375797094470754 -0.233923406505672
-0.0120952801685726 0.0260951384650856 -0.017181482843636 0.21133576869498
-0.010853979123085 -0.00569211997663913 -0.173267489054078 -0.0204987874669943
0.0195884747071484 -0.00781593239585683 -0.0354632096842677 -0.421907335691765
0.0544901127508999 0.0103613680012819 0.47559269707475 -0.340728605285929
0.00880877528784632 0.0444662632245975 0.74528201619883 0.409707523677916
-0.0490923312456 0.0249903659436819 -0.043023567347768 0.936446971912869
-0.0182498912076911 -0.0183559415651404 -0.62020861219094 0.434188108502198
-0.0135414351420814 -0.025527159707335 -0.0568496175081083 0.115928773412401
-0.0168595092931822 0.0287397011927464 0.663197707396934 -0.309981613572106
0.0201271506252324 0.0320535489954224 0.231792570694421 -0.969604113049661
0.0564051186134541 0.0032418266596008 -0.713906706629602 -0.580333798411168
0.0360368946603059 -0.0413551187144162 -0.603766051994084 0.33807113817451
-0.0240075436610165 -0.0178450339896732 0.0127196582157744 0.45938874973413
-0.0345325115018438 0.0165867657150953 0.189085509863459 0.0813907571816484
-0.0131762093057071 0.0377543297227065 0.0377456162057933 -0.232056839741127
-0.0132272180694969 0.0273590939022114 -0.0199872808000689 0.212160582282513
-0.0122766304650556 -0.00546436099132178 -0.173171009064315 -0.0207604562945677
0.017435151124387 -0.00658623601643254 -0.0291777711416542 -0.41985235376242
0.0534429797988075 0.0137918436854914 0.480445872803731 -0.328393873662951
0.00734726514069947 0.0482191088257636 0.740671802616052 0.427504667457465
-0.0486439392509662 0.0244268802568708 -0.0595788164669382 0.938968423649678
-0.0134650359338747 -0.0197113143403075 -0.626539698377701 0.425676070233407
-0.00686047060397913 -0.0246421202633826 -0.0500081836669247 0.114027511742371
-0.0117201484936407 0.028753090496298 0.661619888343434 -0.318909915313896
0.0211393399725161 0.0331624466832243 0.219479353501853 -0.96964772093592
0.0557097176932027 0.00509792183217819 -0.721186378841701 -0.562983450891276
0.0342826746495124 -0.040387689414897 -0.597567010537333 0.349146436651914
-0.0254135876746045 -0.0168290739657516 0.0155862353463124 0.462252741378677
-0.0353457682077341 0.0170961450405125 0.189285661860855 0.0814611203939971
-0.0143768857314682 0.0384917606034197 0.0354054934063388 -0.229662523717412
0.00883518005525932 0.0150560786943802 -0.0204820743992435 0.210956558798607
0.00429473447174746 -0.0108747918999296 -0.178476103104835 -0.0259418900021116
0.0241279692349712 -0.0161631935044733 -0.0376467469854775 -0.422190554153687
0.0446902186730872 -0.00327383175570021 0.482055735133358 -0.320220279700042
-0.00606636994746912 0.0353040766653297 0.737969940697541 0.445475462033575
-0.0595377508359224 0.0241776699925707 -0.0646293486136333 0.955997847660838
-0.0423506888023601 -0.00751963612520479 -0.609277145459389 0.436362047204452
-0.0446707191445059 -0.0144482584241055 -0.0254331911225478 0.119945261218247
-0.0367088972407785 0.0435447835567693 0.663988999808662 -0.338013936389051
0.0128514643223452 0.0298641994742426 0.176998328851183 -0.968226504553576
0.0432937518360603 -0.0122852702335452 -0.746633120680576 -0.517093803269882
0.0264038025444228 -0.0568423885394563 -0.588206817930406 0.379722726377925
-0.0175377216840346 -0.023640913136063 0.0294878529036938 0.457688436084731
-0.0162979811025408 0.0148467712883176 0.187604506731918 0.0632249627892556
0.0117116559234308 0.0312593220453523 0.0239025506680427 -0.241827214848418
0.00723533934672188 0.0150549923261021 -0.0177720125578208 0.209463084751224
0.00221300888652704 -0.00999571816157295 -0.17788334727792 -0.0237345944806574
0.024077676611624 -0.0163647341699301 -0.0433237670733184 -0.423850460658379
0.0463151428560447 -0.00401307503749103 0.473296987992301 -0.335662372265683
-0.00384230661929002 0.0338508794280397 0.745155478267158 0.426642664628898
-0.0588998013226393 0.0241624056298743 -0.0468016036930344 0.950801163291582
-0.0433291194309818 -0.00782726876615954 -0.607256241586482 0.444078262093909
-0.0462696535325038 -0.0159438643528098 -0.0345641491112612 0.121145173167893
-0.0391680868673965 0.0401291442403972 0.664535037455233 -0.330342153853349
0.013164703768773 0.0288649688136649 0.195466443380766 -0.969922854296993
0.0466493342198625 -0.0120056961353768 -0.738327193600901 -0.539766303104383
0.0294791313598968 -0.0561511844559479 -0.595998358300768 0.3640875849478
-0.0163355258756768 -0.0238812531290587 0.0249989869795499 0.454121630665012
-0.0167302851869528 0.0152575293571251 0.188590007224018 0.0655052116269005
0.00986765087866339 0.0321313562713281 0.0260325518127594 -0.242286637675134
0.00408635795606637 0.0165499707474025 -0.0164040768871662 0.21005482933133
-0.000485402353085114 -0.00913632449621806 -0.176803513969317 -0.0212268863054859
0.023812557734433 -0.0148018557963386 -0.0467956017577576 -0.425596898831596
0.0501828891337981 -0.00330987828325234 0.466627097644573 -0.347117234763067
0.000315113565895375 0.0344760256105112 0.747998815974725 0.40522276528555
-0.0568438201375052 0.024504064126353 -0.0312254535730359 0.948215363754179
-0.0428794572573171 -0.00969690753518843 -0.605141092943168 0.451385462837061
-0.0430793539872284 -0.0189555344770211 -0.0448140074020656 0.121394606408141
-0.0377610106339022 0.0370011393323614 0.663910551260776 -0.321054025783858
0.0127116575560114 0.0281668643554164 0.2130247187424 -0.970484244197283
0.049263863682017 -0.00965302968066369 -0.729080943500975 -0.559730287955827
0.0338441063197637 -0.0544756454776964 -0.602184797279002 0.350298068245667
-0.0167818331405829 -0.0227769292111527 0.0204339139930674 0.454360497994839
-0.0192431080875458 0.016406088579464 0.188902034422131 0.0682235333353284
0.00587390235683379 0.0324762443232685 0.0284860650544723 -0.241217757028929
-2.70971182354564E-05 0.0192248983773144 -0.0138313170887213 0.20947424347459
-0.0027417212041683 -0.0078208631443348 -0.175508910164331 -0.0186583356026999
0.0230732544311391 -0.0138368563434265 -0.0487082594999965 -0.426975723289015
0.0522719677132122 -0.000966118264099626 0.460629964277667 -0.355609845394144
0.00397349013802745 0.0357899655293418 0.753068801445671 0.389911568099793
-0.0554274053353173 0.0243232352891305 -0.0202481581627664 0.944085113088932
-0.0380260310766997 -0.0124474069713723 -0.604511964100868 0.452895406419916
-0.0380108136160662 -0.0216764588773727 -0.0529499356623084 0.121056177587264
-0.0339015064671036 0.0342415842409781 0.663488314176264 -0.316025868959172
0.0142170045133025 0.0281026748700843 0.227818202866231 -0.970848039898722
0.052825138755632 -0.00721485890219991 -0.722757749506841 -0.576332655985093
0.0356245599929211 -0.0512264471671142 -0.604843387439821 0.340040269529982
-0.0169551722186807 -0.0212838814236334 0.0181651705672149 0.453003963837111
-0.0225414417260184 0.01711594150561 0.19060258525696 0.0733953025340038
0.000422535902531707 0.0338138731350044 0.0314025580508584 -0.239720679482058
-0.00438507471539295 0.0214496082405584 -0.0130818582302639 0.209704895128976
-0.00556877280513611 -0.00635936925065039 -0.175055570876707 -0.0181352394634734
0.0219551549108285 -0.0114855882572371 -0.0492704248320483 -0.425551484563469
0.0546068981457823 0.00157915216771541 0.459837563237218 -0.359725306384326
0.00669798641913128 0.0381783992130093 0.753844123307517 0.384606992997655
-0.0525955009873538 0.0246362256669505 -0.0148303485706017 0.939057660012942
-0.0320632687962665 -0.015157405803131 -0.606931859599099 0.454669964911216
-0.0303810041045417 -0.0233224128721371 -0.0564783455301596 0.119952547502116
-0.0290375030063569 0.031118808341689 0.661328728162235 -0.315493852839955
0.0154749428453206 0.0292166957568053 0.23314088084613 -0.971410710946314
0.0553355767641266 -0.00468134059935948 -0.717753972015739 -0.581358181556588
0.0366656526869392 -0.0479659174924153 -0.604166805512184 0.335557240844515
-0.0200683059886933 -0.0204630324276504 0.0188914714806984 0.456338589032221
-0.026914996025337 0.0168844435873957 0.191280666479301 0.0761320554149824
-0.00420841800125497 0.0357429014634723 0.0331307506477102 -0.237869995287827
-0.00836251808942649 0.0236791816559228 -0.0135993440134457 0.210987080251181
-0.00899103181322329 -0.00570477728715218 -0.174774696716187 -0.017764777649856
0.020769209799106 -0.00892607232578214 -0.0456917490881843 -0.424276690605056
0.0551492281487337 0.00496454210347804 0.463715318014649 -0.356970692870171
0.00920557629979792 0.0413532364331767 0.754548611848795 0.384001843478562
-0.0506591536643599 0.024848136767685 -0.0200377607522197 0.937838191496543
-0.0248117525064873 -0.0169732836117314 -0.610402466087177 0.449365680166292
-0.0224766378869511 -0.0248104031328245 -0.0579010366649964 0.118230534766581
-0.0234588048167341 0.0297454151723389 0.658736716595566 -0.315625530160484
0.017391975902521 0.0304305568488974 0.229304362687809 -0.971614907307797
0.0555251785875696 -0.000268391833596436 -0.716545538297832 -0.580156950628612
0.036400579819601 -0.0445573069312714 -0.602282367569067 0.337678639766197
-0.0226122832886351 -0.0190103649761124 0.0194518844534407 0.460466588084198
-0.030869953526275 0.017277308117397 0.19035957586275 0.0785635227718344
-0.00820543801163215 0.0369212340506292 0.0338444706674379 -0.235398569022713
-0.0105537678646736 0.0262559640269727 -0.0147465948077063 0.211723578491416
-0.010617646916764 -0.0048064855616857 -0.174820384651638 -0.0176891141315004
0.0191312948216933 -0.00742613086732776 -0.042315632426217 -0.42282421146389
0.055662109988836 0.0090282058250432 0.469765597477921 -0.350301133764456
0.0102878939625424 0.0448479028842209 0.752857957987513 0.39507278686487
-0.0485626239763638 0.0249751393724856 -0.0288469003770559 0.937977545603521
-0.0183775820621271 -0.0183961510363966 -0.61532414751592 0.444972973876612
-0.0135507726630665 -0.0255366727572398 -0.0548826615807349 0.116276806535018
-0.0169327653180846 0.0286548336778784 0.657918330765581 -0.319706048485921
0.0199725041944825 0.0314809783221968 0.218734083604894 -0.973006508980935
0.0558789653383874 0.00248115943321776 -0.723457787793242 -0.569662270724233
0.0349762135292686 -0.0428720780934507 -0.59850756141632 0.347167339651822
-0.024225465692574 -0.0181401751201398 0.0220315832362929 0.461696725364964
-0.0335478050294364 0.0174926342414575 0.19111716554037 0.0797167565333421
-0.0119366027315482 0.0386827768710421 0.0342112307168419 -0.232902848800977
-0.0113501014746296 0.0275026096023525 -0.0163363806506332 0.211414252532206
-0.0130169169441269 -0.00612493033865326 -0.17425104570597 -0.0190038642814535
0.0170201502790708 -0.00741915043713837 -0.0356774934641256 -0.421920628489178
0.0531009569396157 0.0122568706929683 0.477185991571583 -0.336847139900889
0.00923966980890852 0.0479818061556392 0.747571522049496 0.412841350491356
-0.0479362859979265 0.0258602120989908 -0.0457269114781175 0.940566919043626
-0.0125277635423058 -0.0195205452303863 -0.618556165441991 0.43506728920479
-0.00722165348116845 -0.0249298724432637 -0.0489520601732274 0.114189973405654
-0.0113575982520597 0.0294515724267362 0.656467636911074 -0.327298442275129
0.0214561969369976 0.0329891201163753 0.205439803415092 -0.973781673125653
0.0568229730648811 0.00410478168585351 -0.730659811823486 -0.554050724497528
0.0334176934239539 -0.0411847122532098 -0.592815408221991 0.359482980685273
-0.0254118686973656 -0.0166018200609615 0.023624037487056 0.462354331468115
-0.0353309424809662 0.0190853007733025 0.191862529325827 0.0776528819230186
-0.0131888309755168 0.0390874883275233 0.0314258168932132 -0.231137946231675
0.0109120142924412 0.0140466980142653 -0.0179154361790766 0.210567175361024
0.00370214115254134 -0.0123462677215117 -0.178716092471903 -0.0233843536848583
0.0240096124473345 -0.017307152718329 -0.0452247782170412 -0.422138934983976
0.0450191580035963 -0.0046812776166575 0.475968302456115 -0.327561607168546
-0.00544027576012125 0.0355590536517055 0.744571317282315 0.433003984339608
-0.0583720601450314 0.0248785936394841 -0.0493223068639276 0.954068003143372
-0.0417327559876355 -0.00639629070691715 -0.601094320425627 0.443776349859285
-0.0445203134301118 -0.0133011171004303 -0.0238802306358375 0.119682120811781
-0.0359049629508745 0.042359648553869 0.655371704642346 -0.346789200934052
0.0133539483960402 0.0298096237839851 0.1614199829272 -0.968043417520113
0.0432073002968479 -0.0132322459361059 -0.754845383084578 -0.50453232569694
0.0233536522099329 -0.0578168859171315 -0.578901328939183 0.392277885066434
-0.0183010422466632 -0.0233653660939799 0.0375489154878431 0.454737738554145
-0.0149062991493614 0.0162005871639633 0.188507062701031 0.059634876603072
0.0124093303703119 0.0309805270321574 0.0197718734822126 -0.241123567579553
0.00762120362429184 0.0142780740387048 -0.0152518403517989 0.209783223760631
0.00199743272243551 -0.0100748143027625 -0.176796403561643 -0.0208726120720966
0.023740858476041 -0.0164231308195058 -0.0497583975010332 -0.42315831307487
0.0466821262620571 -0.00545526279657075 0.467148884692023 -0.342268829556712
-0.00322882292408254 0.0340983034189254 0.750137128850386 0.409911079198276
-0.0574544134334895 0.0255909667796049 -0.032766763577989 0.949875897014396
-0.0432115966230203 -0.00762893316769762 -0.59810791387039 0.452385981530685
-0.0461526546883607 -0.0148078357146397 -0.0335523911163195 0.121157177293956
-0.0374198703769459 0.0406082569069686 0.657969352225107 -0.33876636196423
0.0131272605530338 0.0290583436110597 0.180735099482265 -0.971345657778805
0.0454064702358208 -0.012459653251937 -0.746351422834007 -0.526469736867512
0.0282623281056483 -0.0566514771666857 -0.588537134256933 0.374058426553874
-0.0168380713331097 -0.0239200375063812 0.0325213728164356 0.454332632288222
-0.0162392395375771 0.0158538581100112 0.188752795603274 0.0631394955324695
0.0107367375465543 0.0321400352291201 0.0222039847250263 -0.242713552246225
0.00446243941400613 0.0157872062391756 -0.0119315462835476 0.208741737344572
-0.000489854686081249 -0.00871718467262288 -0.176369359644289 -0.018177002509698
0.0232577879003149 -0.0153355110946786 -0.0545594757608715 -0.425390531142243
0.0494856244739415 -0.00424020915096531 0.460194512046696 -0.355061953152419
0.000729741467896165 0.0342684419402541 0.754913963277609 0.389783035940122
-0.0569326158843041 0.025846133998885 -0.0152587888011167 0.945734856394581
-0.0410802555365483 -0.0100991569694976 -0.598314436976942 0.458734880318345
-0.0427691936347529 -0.0182367934919636 -0.0427634299292398 0.121331715049676
-0.0365471308182413 0.0373633508861385 0.65640017307561 -0.330038901168071
0.013622040639732 0.0277956621387501 0.197987440486726 -0.971769976731367
0.0491492866305573 -0.0105794176071925 -0.737627693198248 -0.546949170129145
0.0323100856390525 -0.0555102142267794 -0.594486451664647 0.359605263231089
-0.016220882031035 -0.0228184657512536 0.0288091545492632 0.455046900769106
-0.0185494905938298 0.0176445634708117 0.191020168616936 0.0660238984276038
0.00675278300502013 0.0329220812667332 0.0243843112356097 -0.241595912497111
0.000941678145941535 0.0184899237896539 -0.0113147107539306 0.209637175974823
-0.00328830356789551 -0.00862989812511163 -0.175709135831288 -0.0167809170989942
0.0227487899430494 -0.0135779661880586 -0.0565641280208942 -0.425142536368304
0.0514455262729317 -0.00257394866121304 0.456698235662234 -0.36442610571647
0.00428421099806255 0.035816830074083 0.757299199409611 0.374702331492208
-0.0547102749594724 0.025382644705751 -0.00571179118339681 0.941757136864154
-0.0376719177800702 -0.0120265399417908 -0.596319239515311 0.460734928559289
-0.0379941658975281 -0.0205724539654095 -0.0504231984394965 0.121508562361552
-0.0330700006947606 0.0339842251973689 0.655218689161918 -0.32611014554769
0.015016758365783 0.0273602732415778 0.213117972590891 -0.972868232558616
0.0523985931298846 -0.00824541829081854 -0.728674802138699 -0.564335291245885
0.0346379866413696 -0.0520078540733758 -0.597920853135158 0.349276073154037
-0.017590886237089 -0.0212282707657536 0.0267634606764256 0.45416647596127
-0.0225061180976459 0.0177128267555274 0.191653908391065 0.0693980262797845
0.00191268486654553 0.034828502147362 0.0282325072050744 -0.239503294400854
-0.00288921999637908 0.0211644662818984 -0.0103564401912358 0.210165284859698
-0.00622761451355913 -0.00700478493791948 -0.175539376559448 -0.0162092967607019
0.0213461442704809 -0.0121094921749934 -0.0570590722080985 -0.425228382481253
0.054712318456874 0.000415553607764161 0.454627124759465 -0.36756169242335
0.00823497625179252 0.0381700198238533 0.758403768644925 0.369836012306524
-0.0519782023843167 0.0252756154658769 -0.00170572526991629 0.938444892268747
-0.0319064945582096 -0.0139882559986479 -0.59951761218901 0.463079784861976
-0.0310482970324962 -0.0226898519778215 -0.0552342122861589 0.120881248858974
-0.0284932431792185 0.0312641354840851 0.654433627652753 -0.324255093878153
0.0155754806275195 0.0292623456107996 0.217566310364626 -0.971431790350212
0.0542488985759015 -0.00361087430044892 -0.726057984844196 -0.570239997075715
0.0358790713377322 -0.0488736106396116 -0.596829006820954 0.34613611985212
-0.0193245138650852 -0.0193913817290076 0.0259607267674187 0.455390764199169
-0.0261669920482263 0.0180290610582373 0.192196822898908 0.0731317306945305
-0.00255983674361059 0.0358241095569685 0.029636573394987 -0.238697557322015
-0.00718180619057964 0.0231178769830817 -0.0103282152116455 0.210347329468244
-0.0090442385247507 -0.00621355968007904 -0.174768386235961 -0.0150627094076928
0.020202650853988 -0.0101511310982935 -0.0541733728602588 -0.423484827820468
0.0548989177318252 0.00326155809905778 0.45675842343466 -0.364156017382258
0.00969810298366207 0.0408358492274814 0.759182628648493 0.369395788620777
-0.0493421013766996 0.0251959678583903 -0.00806156104371865 0.936012840964516
-0.0246500775706452 -0.0168820446895564 -0.601534781180034 0.457261106305325
-0.0225863059188078 -0.0243268659093262 -0.0560669879221501 0.117693109268522
-0.021664899928767 0.0298629527306454 0.651903062863942 -0.323246197663677
0.0180572649499337 0.029299156661738 0.214162213005936 -0.975212810199311
0.0559444029381463 -0.000985323716943777 -0.725794598198826 -0.569726805202236
0.0358329859131414 -0.0460443787284194 -0.594606808665801 0.348139253830261
-0.0222910901292961 -0.0187557806534341 0.0260729270789308 0.457219517228446
-0.0296766287641865 0.0188124345847393 0.192454166361228 0.0745493770578187
-0.00713245444861941 0.0368304783541453 0.0297231715779165 -0.235472253276194
-0.00979181064187452 0.0256299840047339 -0.0131854897336897 0.211397282639306
-0.0116329616874227 -0.00532417226886847 -0.173885668116518 -0.0152482700567322
0.0187194602633759 -0.00863286772355862 -0.0491247118696358 -0.422261751126981
0.0549679328142874 0.00669246349015562 0.462363765548395 -0.357913801155504
0.0107487964340786 0.0451461000438179 0.757072952311773 0.381641127138485
-0.0478875305323983 0.0271752496115459 -0.0138271112889326 0.935340115078127
-0.0191883607854144 -0.0188385961397457 -0.607592085859843 0.45178604469185
-0.0146192382776909 -0.0241453647977875 -0.0530030529906102 0.116711487187506
-0.0150573656556066 0.0288580299315809 0.649812839555084 -0.329608012453799
0.0199386541950277 0.0306343303516228 0.204523976699216 -0.973092925849859
0.0564730419588206 0.00121980946442209 -0.730671938316419 -0.556872180299102
0.0341184569260021 -0.0434985412702993 -0.592142900514038 0.35796904245356
-0.0242590328869278 -0.0171658875710011 0.0295836533917931 0.46114098518796
-0.0327610916453391 0.0189800417358867 0.193093667254404 0.0762178339776288
-0.0102977561828391 0.0384587977548401 0.0300187082356332 -0.232210853335571
-0.0107764212913557 0.0270242301601378 -0.0142903723209002 0.21148106409139
-0.0128675990806422 -0.00499506136532125 -0.173346781985556 -0.0160583479309117
0.0173891480921208 -0.00796563442266814 -0.0441736033461082 -0.420144244210788
0.0528126023816455 0.0108944147667872 0.472220936904004 -0.344702344950463
0.00829041709672544 0.0490557371189805 0.752798600583374 0.397973520871056
-0.0469734189109551 0.026218376096403 -0.0302161436480217 0.940046065319966
-0.012798910687193 -0.0187427812352199 -0.612154592665622 0.443167608528695
-0.00775896692553092 -0.0234377143106124 -0.0473177874293197 0.115051039281278
-0.0102723232241226 0.0301635439621289 0.649576349648326 -0.337092659911477
0.0226394451647609 0.0319207093553572 0.187909621551639 -0.974370713393339
0.0558824218689908 0.00294919846230908 -0.739937036427707 -0.540129545660382
0.0327960447777059 -0.0415156151057789 -0.585743012341217 0.369796537585937
-0.0261198271468374 -0.0170439980114653 0.031866507753548 0.461523759238476
-0.0343904609512018 0.0190014913676505 0.192929697882486 0.0744083934927433
-0.0116021559405423 0.0386171785727532 0.0275427877012361 -0.230572132709773
0.0109734739077947 0.0135234374741846 -0.0150127021957472 0.210215700509975
0.00263195985626932 -0.0116081036764874 -0.178585721844346 -0.0199381689044846
0.0240932626459788 -0.0177763271206453 -0.0525779993968468 -0.420599119648383
0.043418468678479 -0.00624915638874182 0.46954737556045 -0.333926243157452
-0.00530088894790413 0.0369929769318825 0.748562525768527 0.418530601280768
-0.0581922329950737 0.0252018501941555 -0.036012314379428 0.950978767677228
-0.0417836869890561 -0.00571938073404676 -0.595113323655348 0.449568050719892
-0.0445482135165036 -0.0117785744243476 -0.0217720395072206 0.119640892327241
-0.0350435016980348 0.0430358506132496 0.648394962428471 -0.354451220537651
0.0133392755476304 0.0294071488273528 0.149144258279922 -0.968113230132959
0.0427553163839801 -0.0134745487248339 -0.75893333747095 -0.491585717162531
0.0228519550880731 -0.057991281549318 -0.571718975489971 0.399830621642355
-0.0183067313407565 -0.0239333771552549 0.0456820448188995 0.452714419040764
-0.0142592236603164 0.0167472995020662 0.190048799617059 0.0572012169751668
0.0134450622378802 0.0314741106040006 0.0166405758611075 -0.2409238621005
0.00879448923960183 0.0140316442445157 -0.0121203400152853 0.209222026460216
0.00124977648632426 -0.0105375420998332 -0.177572819396141 -0.0184858483641594
0.0235604297735347 -0.0162368903907008 -0.0568641571336479 -0.421576374641522
0.0469848821249436 -0.00670435055888972 0.461305422040068 -0.34804724364085
-0.00174958609399728 0.0353892247380737 0.752077275770036 0.395675877628483
-0.0570355539480333 0.0257337196620787 -0.0180464221125156 0.946224231993055
-0.0428652404062592 -0.00670886212967607 -0.589671703850979 0.458658575836002
-0.0459026132266589 -0.0146058949901876 -0.0311163498188266 0.120562266932686
-0.0368996661157225 0.040122322583379 0.648031892655731 -0.344271496043531
0.0124547211541057 0.0278737590546597 0.166148248990778 -0.968183890405172
0.0456119370951524 -0.0136206508346173 -0.749294813072017 -0.512513394810244
0.0270148819891571 -0.0569984357210214 -0.580158886707707 0.382936614984043
-0.0172121425756314 -0.0241148357324513 0.0400046042236721 0.452721001739663
-0.015352402581014 0.0167500653933377 0.190271370371743 0.0595707365677068
0.011450935066875 0.0318058723697614 0.0189083968658286 -0.241544946260298
0.00604382532514811 0.0151618197944567 -0.00984240355719245 0.209328606429347
-0.000800875995943559 -0.00880590216450532 -0.176084848060031 -0.015246670141821
0.0236206065696434 -0.0152482278695332 -0.0605876005138409 -0.423064939596227
0.0479535000347975 -0.00593256190102548 0.453435140746758 -0.360836720557931
0.00121785219425232 0.0356253346686732 0.758819538813531 0.374353990812527
-0.0556908243670377 0.0261048988005781 -0.00170813876967524 0.94140618524583
-0.0415130383764255 -0.00878825234782544 -0.588663134150758 0.464804658910643
-0.0434604576118685 -0.016726278086979 -0.0413258182345657 0.121790898945877
-0.0349718318379841 0.0371385991686418 0.64724276651318 -0.337971300511067
0.0140332423580519 0.0282502758933592 0.185684772842687 -0.971115015590715
0.0491258490471776 -0.0116275298790849 -0.742366142193187 -0.535173143279546
0.0309284541367014 -0.054754102836403 -0.586417656669696 0.367189983407204
-0.0173411690691458 -0.0225068357105612 0.0373087106631414 0.452186818331957
-0.0178455725169916 0.0173378241223453 0.191099154230528 0.0638144671113793
0.00780373906698876 0.0325631309461162 0.0218088563034905 -0.239773259386369
0.0021956467369832 0.0175832041610909 -0.00872867669295862 0.208676912909556
-0.00424308087157128 -0.0071884279738675 -0.175303022434593 -0.0141755234599898
0.0228881260628815 -0.0143741439556652 -0.0632527444966677 -0.424379168242843
0.0517429125350024 -0.00358800688770646 0.449530380645345 -0.370455217983435
0.00518195863392371 0.0363121374811903 0.76068644158569 0.360877618449148
-0.0530994081455869 0.0263346582152639 0.00852795305401293 0.935789942208591
-0.0372999513261559 -0.010824678664824 -0.587585322631454 0.467899962568233
-0.0379869711103289 -0.0197285464887376 -0.0490305893945031 0.121116682527893
-0.0321206410564119 0.0348733280925343 0.648234067425734 -0.333390881963616
0.0145525048306454 0.0275656699836814 0.199181995307656 -0.971941007803704
0.0522234157814081 -0.00893370024434428 -0.732467933911165 -0.549717144519841
0.0328660143411853 -0.0528115895112262 -0.589435296709432 0.359616141409867
-0.0182989017439784 -0.0217671462118121 0.0344734539290958 0.453584324918748
-0.0214301453278192 0.0186659906139483 0.193021400249436 0.0680454537032639
0.00339671987898918 0.0344512721121311 0.0242549102323192 -0.239562590678829
-0.00260734374054377 0.0194918250499658 -0.00822778145424766 0.209994964207005
-0.00689258472286277 -0.00557194060775106 -0.174846315182288 -0.0123256210855381
0.0217239689079204 -0.0122759625298764 -0.064203974727298 -0.423619579889624
0.0543174753918641 -0.000770101831146269 0.44742163283411 -0.373387101727807
0.00773521570543977 0.0388536450410734 0.761038508464685 0.354143462453884
-0.0505548633523479 0.0255637194269907 0.0112559165545528 0.933121809042921
-0.0316056653076684 -0.0138390978921922 -0.590665617406485 0.468177103436908
-0.0305733292470639 -0.022404023228922 -0.0528558905802223 0.120486838087875
-0.0272820106449397 0.0315378624016415 0.646832126028816 -0.329945321368179
0.0162450951212421 0.028144499375795 0.203152046278599 -0.972773484571635
0.054949534515328 -0.00549220243826787 -0.731545382936558 -0.556628418787338
0.0338673155718573 -0.0490239252538423 -0.587962711393152 0.35452726357858
-0.019599628945671 -0.0207495247405954 0.0338603622143292 0.455253710625306
-0.0260059076033916 0.0195290399804144 0.192184094400299 0.0701386699787748
-0.00127743053186205 0.0354975224859866 0.0257935430389612 -0.237984999256301
-0.00599386354546244 0.0225256404338573 -0.00875149600358716 0.210699371310199
-0.00969514104292597 -0.0062557375721048 -0.174774641406106 -0.0117717183965046
0.0194070212403405 -0.0108275603749253 -0.0612292867663951 -0.422907249119011
0.055168152412674 0.0022231187760055 0.450393728698311 -0.370729901235101
0.0104974269287591 0.0419961781258534 0.762758435148715 0.356469362487658
-0.0476487427498812 0.0255247447162084 0.00696700545824069 0.929944757671851
-0.0249072693548451 -0.0164569850735552 -0.592184888757557 0.465361279522688
-0.022188373840846 -0.0241932527271018 -0.053961359151383 0.119257586346825
-0.0217833843200012 0.0298994128290118 0.644191418736897 -0.331683374685354
0.0184278878943084 0.0286696238986917 0.198602565790083 -0.973845650158008
0.0554073212006527 -0.00153949159184302 -0.732441816148967 -0.555440254024852
0.0341113252470727 -0.0460260989927169 -0.587504735071528 0.356510012801551
-0.0224191617274896 -0.0181832690082556 0.0350225201436716 0.456998929275892
-0.0286959237834397 0.0196808303574983 0.193629660910638 0.0723604482801569
-0.00631400066551326 0.037023607383361 0.0262244518498459 -0.235270537029367
-0.00807395940393357 0.0248910391364717 -0.00957691349853404 0.210853022394571
-0.0114217457217794 -0.00506549830975397 -0.172685635991849 -0.012065014268547
0.0190681059710697 -0.00938582304901786 -0.057544633599142 -0.419908260397626
0.0554279872237707 0.00552678777237126 0.456981375002219 -0.363395830398742
0.0111154370181151 0.0458370373958994 0.760034455539831 0.36736364001284
-0.0466830507233836 0.0266459348646837 -0.00155551220533569 0.930323136947279
-0.0177328532012325 -0.0178565169719783 -0.597595523256936 0.458074862336491
-0.01461309369641 -0.024359223673025 -0.0509759369474988 0.116993990341806
-0.0145648670933118 0.0288815757159808 0.642501713131467 -0.337554667528232
0.0194971662309715 0.0303261106052323 0.191573231166711 -0.972604786289243
0.0557708997352882 0.000902253559854037 -0.735678433741956 -0.544063940959191
0.0334785836970613 -0.0437187879851264 -0.582453624812613 0.36702534771366
-0.0250540010772261 -0.0169182082730326 0.0362406702159115 0.459455651493733
-0.0323153395321331 0.0195631215713913 0.194055976314353 0.0735037904106303
-0.00949692644543539 0.0388242644940969 0.0272602679304755 -0.231674096915118
-0.0100683420538992 0.0271062828583217 -0.0114728168709901 0.211146347164944
-0.0133871266194636 -0.00465507903204247 -0.172759393092271 -0.0129412841976666
0.0167965717262586 -0.00780863352642592 -0.0510067880489309 -0.417879855642128
0.0547029720159803 0.0087896817846489 0.463956912410328 -0.351322944191087
0.00980973473126663 0.0501351911388103 0.755418808260889 0.383688368933178
-0.0460975390629672 0.0277663007965754 -0.0175817530145197 0.935222913218335
-0.0125704106961018 -0.0184110292573771 -0.600903933567348 0.449532066425908
-0.00818889202077005 -0.0241813148490597 -0.0457925646973176 0.114487293080041
-0.00948524368114267 0.0295480163296321 0.642704763153 -0.344328794888986
0.0217896233375782 0.0315961397792817 0.173903584422688 -0.973535284071827
0.0553017446035915 0.00256117978717399 -0.741955779562058 -0.525077234851447
0.0318536260609945 -0.0424211034862305 -0.577053167242027 0.380176933784404
-0.0259691198194609 -0.0169083882709416 0.0391283975443597 0.460433039553588
-0.0336102241143102 0.0205319495626535 0.193853212289748 0.0718845768127711
-0.010000384802815 0.0395831006319416 0.0250898102528429 -0.231450205221046
0.0116392524663294 0.0129680254681707 -0.0125716399297643 0.208751876781955
0.00240577141548103 -0.0109669211532832 -0.176956998763935 -0.0178715579500748
0.0242351951445809 -0.0184402265835739 -0.0582288780229746 -0.417920362194818
0.044465014707894 -0.00743134355776624 0.462776188062936 -0.340065425779142
-0.00434693318003966 0.0368766808237487 0.74916572892452 0.404836723448635
-0.0564249819347138 0.0267409855164961 -0.0259520218854263 0.947318518751349
-0.041665724795651 -0.00547776598504204 -0.581825840408363 0.454814039254356
-0.0447527133269685 -0.0117571750346518 -0.0211074595317287 0.120176644529127
-0.0328984643999469 0.0436379398540111 0.639967543705132 -0.361350686767088
0.0136598645476953 0.0285924991337244 0.135987260115863 -0.964880134021268
0.0423464941362822 -0.0133501048119044 -0.761996832773266 -0.478770160397668
0.0216208737718992 -0.0576618046143647 -0.563557213589119 0.406822311577795
-0.0187512079918354 -0.0235014572862863 0.0514339539194695 0.452845512758641
-0.013364921848678 0.0170193435782492 0.190346845007641 0.0542640486725448
0.0150346286951241 0.0310414362266689 0.0146035680656953 -0.23994095129914
0.00967227960722656 0.0127311536851819 -0.0103858186813215 0.208356651644146
0.00131801708398451 -0.0102026576195595 -0.176954522859424 -0.0162404318928784
0.0237261668979236 -0.0172943169323313 -0.0636521871977545 -0.41892317437014
0.0458326923617705 -0.00759250814541517 0.454932492304994 -0.353564584624851
-0.00207807992710072 0.0361695517350489 0.754754636332793 0.382611513252676
-0.0560271299802012 0.026163893945934 -0.00755962983703875 0.941131438727817
-0.0421467704437747 -0.00722651614542967 -0.581352412397793 0.462659181686338
-0.0461849208696774 -0.0135284033683886 -0.029941470163546 0.121443991125409
-0.0351422371453887 0.040519804319049 0.638809372051198 -0.353110434009381
0.0135787214642473 0.0274407920947202 0.155235678650824 -0.967500385454064
0.0450649561027488 -0.013378656231433 -0.753038924667988 -0.500743155771683
0.0253255652065162 -0.0571356996141408 -0.572202987916319 0.388236600900788
-0.0174917100113176 -0.0231219012220461 0.0458070754910895 0.449913600308172
-0.0143864701072294 0.0181575234789456 0.191019813894486 0.0573298429644774
0.0131379682421658 0.031702368708895 0.0152877446338193 -0.24101548314462
0.00607339892473896 0.014689979670955 -0.00733263666794009 0.208476372278207
-0.00175047560665995 -0.00903654977396182 -0.174823084059847 -0.0126533860051644
0.0227896632666924 -0.015869502811829 -0.0668667749615461 -0.420787936979298
0.0486314373766783 -0.00709404276439339 0.448352526776543 -0.365157838789366
0.00121645274034496 0.035979767478758 0.759906621670923 0.361775991327933
-0.0552630425665376 0.0263422085024222 0.00973090369669631 0.937975391965825
-0.0401326697785038 -0.00870545309965059 -0.581076016222299 0.470070434063562
-0.0435394049681731 -0.0159472324091342 -0.0393372714765314 0.121531467143193
-0.0344394025841975 0.0378948982181621 0.63973004057596 -0.343079357518223
0.0138829932404439 0.0273026943616499 0.174462897113531 -0.968800452314562
0.0487621282969486 -0.011630394406801 -0.745378191189076 -0.522137235431864
0.0295466571676618 -0.0555285596042827 -0.577901085722132 0.373882145524242
-0.017014741462191 -0.0221635215921576 0.0425525654228565 0.449946441213369
-0.0168037962465864 0.017787062419506 0.191183467495633 0.060908451645243
0.00912693752243567 0.0320932077737012 0.0181480400293812 -0.239986838075944
0.00255560088348398 0.0174310182137282 -0.00665173803004157 0.2080543180398
-0.00418753387541242 -0.00697892828379827 -0.174376058332961 -0.0116550470805426
0.0230068206310858 -0.0141415573635153 -0.0698869103979057 -0.421327664721952
0.0510485111229631 -0.004838933783838 0.442400833374223 -0.374533529888085
0.0053725365176291 0.0371632762250672 0.761330228195776 0.347007023091645
-0.0518797498526527 0.0262385582328882 0.0185954608872856 0.930752803449338
-0.0367679826670588 -0.0109693053139508 -0.578564597543187 0.471558692132161
-0.0383052364382103 -0.0192150438479873 -0.0472773075478339 0.121939720477023
-0.0313186865521034 0.0343518513904465 0.63915744787648 -0.336943152496359
0.0141206857626638 0.0272755715289373 0.184587967355434 -0.96909653693142
0.0517173429950757 -0.00902603856315482 -0.73745730408728 -0.537351381684794
0.0315929160844291 -0.0530286457815514 -0.582011711927746 0.365453321479485
-0.0183921976142464 -0.0212067894235818 0.0405829929110396 0.449875122763481
-0.0210865363327235 0.0188387030207701 0.192524020230839 0.065234434089965
0.00391837963942675 0.0341825906050708 0.0205654243990684 -0.238659256721887
-0.00252294575877421 0.0197915483615733 -0.0058421364763422 0.208896707186264
-0.00738197285594579 -0.00633483576001265 -0.174307165118271 -0.0104423287226282
0.0208286260087407 -0.013365942566703 -0.0703358903939019 -0.420220750223611
0.0540984687952393 -0.00199392360097582 0.441700607005918 -0.378074874338729
0.009435986939785 0.0389166888176014 0.762087350967681 0.340890227639072
-0.0500120652922657 0.0267296772037949 0.0222271142244997 0.927827693747228
-0.0309059144114275 -0.0144843004307086 -0.581751407063748 0.472700210083226
-0.0304094459127376 -0.0211505405855402 -0.0513335843904593 0.120209696663507
-0.0256049352686042 0.0316749654417313 0.637178306063166 -0.336954561739657
0.0163720961116838 0.0277199931975306 0.189039092697556 -0.96911973166355
0.0536640715152413 -0.00582896887209065 -0.733662065141782 -0.543652123667451
0.0330245668472955 -0.0491721153543363 -0.581236075156605 0.361313603616718
-0.0206817592344833 -0.0192390571340462 0.0399173014714598 0.451935441570949
-0.0237284959914831 0.0198097073179256 0.193616732893501 0.0677119126570572
-4.29786828214894E-05 0.0361801016836784 0.0231809886466274 -0.236630181531352
-0.00474024569056011 0.0219708968148625 -0.00574067254532578 0.209639826764827
-0.0102043437840937 -0.00533901718199121 -0.174061715894015 -0.00943417066471279
0.0199660919822369 -0.0113459167947745 -0.0663587520619854 -0.419525992332175
0.0549884851776414 0.000283978406766035 0.443508397268102 -0.374334544232391
0.0108840254903719 0.0422566511031515 0.762360025297082 0.341427140700349
-0.0479106681566447 0.026871092015472 0.016897535688719 0.926077848295939
-0.0243085326900318 -0.0159731033059859 -0.585172039562487 0.467933066797673
-0.0225104510215852 -0.0232622205503669 -0.0531741677187733 0.118948943478713
-0.0198497309538833 0.0295617894509191 0.636151248104671 -0.337592130628166
0.0180068398096306 0.0292861000115176 0.188747485307354 -0.971575001816943
0.0555854221641737 -0.00272936218554187 -0.734352536877253 -0.541952633002797
0.0326689694546239 -0.0466190017928732 -0.580285985769625 0.364912929154191
-0.0220634614933761 -0.0189352440471398 0.0394890672570157 0.453923919628268
-0.0284112361496833 0.0210640411241316 0.19420518823889 0.0695852296873392
-0.00473478782182255 0.0375876080057394 0.0238308343411502 -0.235367220631757
-0.00760808344145749 0.0247444883335585 -0.00771228780326859 0.210475734397332
-0.0123877897505112 -0.00459043786951527 -0.171635526681315 -0.00892125581936093
0.01878371823904 -0.00919681044452469 -0.0634233925104288 -0.418348333818917
0.0556054887714139 0.00473273044498896 0.451023092607971 -0.368964970381423
0.0114724437816241 0.0453903490038872 0.761024930226747 0.351559263792223
-0.0458393736103206 0.0275209093543187 0.00844234915567097 0.924611055916296
-0.0177580777582121 -0.0174958587692321 -0.588424467646363 0.462831474346052
-0.0149532650684437 -0.0241034361819605 -0.049764629491845 0.117024329633763
-0.013489487291134 0.0280583879903811 0.633675379434727 -0.342629941130516
0.0202675878248964 0.0294646538681775 0.176908381450864 -0.970833665675074
0.0560652106688724 0.000853283029250165 -0.738976622223944 -0.532116774648251
0.0319761489834313 -0.0440988765156233 -0.575791274106738 0.373527288682875
-0.0247783759619556 -0.017179060232286 0.0421552753102215 0.457794960019619
-0.0313242141526887 0.0210339231642956 0.194172509563589 0.0706247167176921
-0.0079139870254062 0.0391718386492236 0.0238900982850942 -0.232006328969253
-0.00918083663181853 0.025762941187759 -0.00824494709099534 0.21023464824762
-0.0150646084722603 -0.00517144117923018 -0.172873577065858 -0.0094704962991249
0.0174186394363715 -0.00848965564332663 -0.0571874136400094 -0.41522388989947
0.054114214075237 0.00687060273728422 0.458384640303794 -0.355816647548702
0.00961703590071244 0.0491960131798537 0.756341902590383 0.371694437536815
-0.0459510267302423 0.0275848184104795 -0.00636544005209818 0.929239429573067
-0.0123561859159218 -0.0182384942819134 -0.593894059613235 0.453341842083019
-0.00846247917574578 -0.0238205155546713 -0.0433393264658716 0.114768863670665
-0.00904130611630748 0.0298277560065582 0.631773319638014 -0.351423626903624
0.0222464373573539 0.030872877830717 0.161410738024196 -0.971633918454287
0.0561738122429242 0.00274925143746406 -0.745481922223075 -0.514453117611432
0.030073146562675 -0.0426198966770992 -0.569164749938326 0.386680830370422
-0.0260632483379697 -0.0166088226773493 0.0460428196400825 0.459179299455864
-0.0327406809198721 0.0210081664462767 0.193698961477271 0.0693853882959933
-0.00894343416923816 0.0391655545566876 0.0216077102094217 -0.229738159832164
0.0118680583701803 0.0116318179602727 -0.0110703533717521 0.208696774416907
0.00196574393707315 -0.0106685384243908 -0.177210298524095 -0.0157142540876954
0.0229916680567933 -0.0184232244327903 -0.0640035466045809 -0.415145924728917
0.0435803851500377 -0.00829339889214231 0.456877685883059 -0.343139629812327
-0.00396643988306302 0.0375381166752667 0.746988394089769 0.391973980306786
-0.0554977166324756 0.0273258477730303 -0.0139206241750399 0.940493257817258
-0.0405235460276102 -0.00496155884294997 -0.575303317736941 0.457927875155246
-0.0440600869788285 -0.0104198640297507 -0.0196642465762097 0.118522975382483
-0.0317783946875231 0.0428567422039662 0.629661510061092 -0.365185943985529
0.0132161016474959 0.0291242413863164 0.124541766542446 -0.960421557876492
0.0419675080036956 -0.0135845211858348 -0.763275569082249 -0.466181172057972
0.0207699893555759 -0.0573942425405354 -0.555573299717897 0.41141859903414
-0.0192780158903309 -0.023100736980245 0.0592261491591371 0.449317178050086
-0.0123826855760856 0.0180862456574612 0.189809928623427 0.0523969713838336
0.0152820839082227 0.0308455382356104 0.0111771892171973 -0.238041318473059
0.0104759021802578 0.0122844580846618 -0.00760526475449565 0.207990674660278
0.00033117585937372 -0.0101805240806504 -0.17563239913935 -0.0139229331189889
0.0230172709761027 -0.0181974113917249 -0.0684314518463304 -0.41551034222045
0.0452990604150702 -0.00857586946061623 0.449429099760643 -0.357940935163468
-0.00152336443768667 0.0363538378000811 0.754301736223392 0.369681012338264
-0.0547838695672672 0.0271534794017805 0.00262495963319726 0.934823100220725
-0.0407514501040303 -0.00688504605838259 -0.573521075243666 0.46557783991172
-0.0450888887281048 -0.013128891567314 -0.0282035050343228 0.119958663981119
-0.0346049452344027 0.0401304955222522 0.629758559503362 -0.355455379270293
0.0128540159544351 0.0283407757561442 0.142293086205704 -0.962887019838051
0.0454284697246297 -0.0136695470704394 -0.753964828157528 -0.492081204927913
0.0243079480271428 -0.0571602517095202 -0.563510167079441 0.395802435504897
-0.0181023520326836 -0.0228870007683411 0.0538659328234556 0.446811375227537
-0.0139242465109573 0.0179963716684205 0.189648810054195 0.0551706651618381
0.0139927923827913 0.0313757735614808 0.012950551646606 -0.239285568770033
0.00694970099271607 0.0136694900818214 -0.00587983253750774 0.207024526582234
-0.00241735248633083 -0.00861670374383584 -0.174643954353434 -0.0111618205494569
0.0224425304054487 -0.0173158070071913 -0.073240240510456 -0.41735224336934
0.0482428977875173 -0.00851122851673859 0.441499964297595 -0.370310603960359
0.00199461109920475 0.0363023708043713 0.757085354945782 0.349026308242659
-0.0530408019893239 0.0277323230332507 0.0190236736486005 0.929746832867913
-0.0395276775647366 -0.00757421579730018 -0.57263476150929 0.472186711061645
-0.0429027378592571 -0.0151290531757074 -0.0381578062987923 0.121307641355342
-0.0332365250273507 0.0371514342457732 0.630717034438357 -0.347504018825924
0.0138388484138332 0.0265967072412196 0.160471350976585 -0.964915014412501
0.0481995789147481 -0.012202869176137 -0.74678055649326 -0.511217223405582
0.0282795943185184 -0.0553182167201195 -0.569429431431181 0.380494450549083
-0.0174721443469033 -0.0220970153881332 0.0491550363502777 0.446960381139346
-0.0163004024249685 0.0193012782574917 0.191396834167564 0.0587859098159693
0.00906358684223553 0.0325178360534145 0.0152449204899168 -0.239220854200302
0.00342913860128448 0.0159838680996586 -0.00478820346272485 0.207059962921136
-0.00462727279884968 -0.00699684033093444 -0.173423822981736 -0.0094658455149137
0.0223218391165553 -0.0152237553845569 -0.0746469550000597 -0.417223530793651
0.0506299133449452 -0.00643948377849695 0.436513231020851 -0.377876170059942
0.0048509501130351 0.0369997715850712 0.761711065324677 0.334033353440466
-0.0511703407495563 0.0273037526849843 0.0278705556885421 0.925103462699833
-0.0362676411914671 -0.0102634696676071 -0.570498650924706 0.47618526730445
-0.0377899335074135 -0.0185330029129532 -0.0459043908324375 0.120792002211762
-0.0303825640087163 0.0343684621560875 0.629700120832449 -0.341425893316538
0.0150890014790869 0.0270507941358969 0.173027599357671 -0.96581387837615
0.0507156697157559 -0.00981206708997087 -0.738533485336649 -0.526267872600137
0.0314675238763907 -0.0533738154374596 -0.575033912211916 0.371437517648105
-0.0188804374302349 -0.0201109587133404 0.0483772348920979 0.447026596297517
-0.0199981505311501 0.0201052972299569 0.192398198942496 0.0627529224821656
0.00545031048252999 0.034140086455597 0.0176701529656052 -0.237748836804429
-0.000623198869643134 0.0193779132835809 -0.00408982959311629 0.207588905398994
-0.00786536029836171 -0.00634410690545477 -0.17316791361695 -0.00808686066988483
0.020551427720899 -0.0134769577724337 -0.0749052213252549 -0.418738801129232
0.0538895478143047 -0.00306285862176205 0.4344049370926 -0.382525926524013
0.00854400564678147 0.0395126638342285 0.761307525198128 0.32784437199969
-0.04896696929664 0.0273443247397168 0.0330096656010267 0.922721355577259
-0.0306731782664613 -0.0134854431568872 -0.57152934984905 0.474376936984355
-0.0308733954239709 -0.0207549265192943 -0.049774849931355 0.120716707698394
-0.0249634585740432 0.0316917702557048 0.628511047716897 -0.340518946004474
0.0173380340864454 0.0277019315591335 0.17890063896536 -0.964814766122337
0.0539873240429401 -0.00683043761920356 -0.735534030189993 -0.531641933130818
0.0316987078691634 -0.050348529567841 -0.573667112420144 0.367799126230876
-0.0207951226247349 -0.0195506839130554 0.0464010950813774 0.449053503763395
-0.0230054170952782 0.0202696789451302 0.193196836935735 0.0655629245629011
-0.000104404321423762 0.0361382154691889 0.0211302173505246 -0.235049537723317
-0.00408022875301893 0.0213854151975965 -0.00361673071599859 0.208803283128462
-0.00941831578232558 -0.00486052030544608 -0.173249223181557 -0.00747115558637313
0.0193358117912591 -0.0114853562125565 -0.0729855566757871 -0.417439908990409
0.053420203325016 -8.0852034475689E-05 0.437429123240468 -0.380294449232285
0.0116613194055823 0.0422801704002948 0.759354843949429 0.329217923320187
-0.0464706997786971 0.0268669400361582 0.0272771805964606 0.918724384142994
-0.0233230107902229 -0.0161339909528718 -0.5746300895755 0.471989732209764
-0.0231499593043503 -0.0223029181624451 -0.0519279881809787 0.118227920872101
-0.0196320050913579 0.0294317604464709 0.626500562068449 -0.342515624709494
0.0174598609899525 0.0281303495608071 0.177223622805653 -0.967675295244502
0.0544731292246434 -0.00252765491251845 -0.736141883803567 -0.530683818020208
0.0318881987377485 -0.0477010813121656 -0.57265882698477 0.369896409978342
-0.022585951555029 -0.0178480078750302 0.0468373952526155 0.450933122050397
-0.0270217237453739 0.0212128140166228 0.193067169307383 0.0675617164530821
-0.00339728538488828 0.0376536052526705 0.0210366708285756 -0.2329532962787
-0.0062069708357339 0.0232485542850139 -0.00602361425788082 0.208915727447525
-0.0131595089849605 -0.00512215523969619 -0.17221981239587 -0.00755763361286541
0.0166017038630533 -0.0106747139726948 -0.068542507405055 -0.414789949084269
0.0554040998475262 0.00256263373887278 0.445843775923234 -0.373072791872976
0.0118311890074825 0.0459069689144528 0.758909722989881 0.34079903033081
-0.0445174505014073 0.0280651183468587 0.0190449192242752 0.918179840032103
-0.0175813803475814 -0.0181840948692202 -0.578646013734765 0.466421498047641
-0.0150342951256003 -0.0233919392767602 -0.0482268618636456 0.115894030233167
-0.0132943782503956 0.0289376716989342 0.625631314878375 -0.347289046546034
0.0204933760659132 0.0288894777410772 0.165398136251605 -0.966166894103861
0.0554500775938684 0.000139960982092499 -0.741240044724098 -0.520232068054961
0.0308748440754157 -0.0447365232703761 -0.567777033603085 0.378764627129795
-0.0251040101721184 -0.0171660623790249 0.0487221473774338 0.453768986381152
-0.030571516665789 0.0219204416648635 0.194917228083469 0.0678882225334798
-0.00701675097423236 0.0390492331708235 0.0212955357197636 -0.230466292600626
-0.00802036721475795 0.0249347765911373 -0.00701245066507469 0.209564688087656
-0.0146130107674717 -0.0055255428741981 -0.172635900164992 -0.008614616166822
0.0164052254461613 -0.00938767743611581 -0.0624170120993044 -0.412882083577798
0.0532674138984343 0.00614149087476668 0.45325950060153 -0.359841193023618
0.0107275010441647 0.0498745213918941 0.754404691623652 0.358914123690385
-0.04414780528254 0.0275201847552534 0.00242670404771931 0.925023340528381
-0.0116701100323759 -0.0184161552279439 -0.584917070362441 0.458483432226384
-0.00850505706817305 -0.0229649974367061 -0.04213556699056 0.114338357870602
-0.00802422601630257 0.028257196287859 0.624028378190498 -0.353978511663914
0.0219411427777205 0.0299259076726442 0.149874019215683 -0.965049248398251
0.0549449396333515 0.00184903684163108 -0.747162779268081 -0.500964612671264
0.0290879489633245 -0.0438735270450312 -0.561659746190368 0.390540242147119
-0.0258534644470138 -0.0165804354331391 0.0510082545773287 0.454860463515894
-0.0314867477359175 0.0226145257780739 0.193565023521377 0.0678400413884767
-0.00789383888722929 0.039467612344125 0.0189530271846651 -0.228059873964784
0.012159350502652 0.010898413223066 -0.0090511331315307 0.206872857550133
0.00101764404500601 -0.0106588255650543 -0.17555729240749 -0.012629337944032
0.022720725243069 -0.0188191360396477 -0.0687067033915617 -0.411123170962227
0.0432790797742206 -0.00930029484520908 0.450743219506848 -0.348085135067023
-0.00444995536880411 0.0385013684890859 0.748226956423636 0.380314434945303
-0.0547077300554375 0.0275669407114159 -0.00475316114100983 0.933901049255078
-0.0396726284964867 -0.00472006317875997 -0.566254117515767 0.460857260296429
-0.0440495439287906 -0.00974966425776724 -0.0192847811651059 0.117955497990601
-0.0317527242284537 0.0421636253022772 0.621043353290051 -0.366130170829281
0.0135646356548374 0.0282882835260839 0.1139564030711 -0.954762220299873
0.0416321614540092 -0.0137472307868711 -0.762988583099062 -0.456755009654496
0.0187636857528046 -0.0582264715577634 -0.54666285829468 0.41436326701764
-0.019262703927014 -0.0233592450883698 0.0618893615596872 0.446095332363242
-0.0122017907321298 0.0180710101415803 0.188926913084223 0.0504615575795891
0.0160989387914537 0.0311761492134574 0.00781172776331558 -0.23594913160012
0.0102098958857746 0.0120354752928001 -0.00610118445476582 0.20596298389674
-0.000547684526687625 -0.00935542847424696 -0.175085571795665 -0.0107517294731666
0.0233268867748743 -0.0177242001428041 -0.0726327303529972 -0.413604686769395
0.0452672503018062 -0.0101159263572722 0.441342270159305 -0.36023769564097
-0.00108683391016833 0.037549576828063 0.753117012896816 0.360189802201933
-0.0533986510065599 0.027036706878269 0.0116146269516274 0.929689054502038
-0.0413032240426991 -0.00521423975004076 -0.562007090261198 0.467225420584328
-0.0449134736966136 -0.0120288541470391 -0.0277982452674149 0.119880203657241
-0.0329262874978253 0.0406400205589367 0.62103636274034 -0.357863654797498
0.013893838439782 0.0265226118937623 0.133376919841736 -0.956884523421566
0.044655282027602 -0.0143300772245312 -0.751146937640069 -0.477244229016771
0.0238036871260228 -0.0569654458029202 -0.555508079540896 0.399078552073655
-0.0173395439540631 -0.0222707882868465 0.0589229490177091 0.443390264215337
-0.0135403609619819 0.0191872983319811 0.189778153865986 0.0532374592975806
0.0144699990941163 0.0311226972570498 0.0104066543601445 -0.236930204918252
0.00713160273907231 0.0129696593726999 -0.00392997583167627 0.206046940928963
-0.00247503527942752 -0.00859082716827474 -0.173334428431138 -0.00922448920547555
0.0226758168816717 -0.0169918879998801 -0.077196239281798 -0.414170995132434
0.0470316551383034 -0.00910023396071817 0.435707143567741 -0.372820854193256
0.00186961067164871 0.0363329147242102 0.755000185816811 0.336334250718313
-0.0524680830550215 0.0271936408014045 0.0266397243874522 0.922461316321201
-0.0388142408340239 -0.00728568422584538 -0.561799395350144 0.475821390158702
-0.0430621521594008 -0.0148283869309726 -0.0365136776512417 0.120321060496304
-0.0325632889824495 0.0367290580272269 0.621827122766374 -0.35004438775227
0.013580760027228 0.0263081060632298 0.150019393507419 -0.960780829581199
0.0480507413258555 -0.0127271013127303 -0.746255378053519 -0.499517722768527
0.0262219381274455 -0.0557028887271442 -0.562005283946591 0.384196482553672
-0.0185168909573926 -0.0223568262233629 0.054519683781664 0.443483087262122
-0.0157432438775963 0.0195100625951811 0.190348356321736 0.0574348413734395
0.0101090978265236 0.0326759220664999 0.0131583730050655 -0.237463520182957
0.00422569515213504 0.0153823945044883 -0.00297845900834569 0.206370911366693
-0.00465405671095215 -0.00674595593746579 -0.173025075328048 -0.00715058149161798
0.02051651617768 -0.0154881777828592 -0.0792284219245854 -0.413917626528226
0.0508978353054581 -0.00803540664345352 0.430046861329151 -0.380689204252642
0.0056060557586666 0.0374880287773848 0.757044408282156 0.32462475626292
-0.0499830646934281 0.0272826999644376 0.034647565075687 0.917863221521432
-0.0355917110796222 -0.00985831056425455 -0.55973456786104 0.476948392006453
-0.0378878511802409 -0.0174582897245094 -0.0433881451867791 0.119639085169179
-0.0293971742795665 0.0337568807084734 0.621647309639725 -0.344292368485572
0.014469920068756 0.026298566354745 0.163402481180233 -0.961071115533667
0.0509546102108537 -0.00983898066780636 -0.740395194108007 -0.514469765543549
0.0285925759518531 -0.0542609662094901 -0.566015823859786 0.37636885993195
-0.0183040881318029 -0.0208768537812538 0.0509323206144721 0.445153558990668
-0.018738114330116 0.0208982401873058 0.191433818542335 0.0604789100664163
0.0063069479237758 0.033627528594496 0.015361195351684 -0.235844493171614
-0.000540641321716018 0.0176336083755626 -0.00223756520037492 0.206732228971291
-0.00801280380959882 -0.0060241964885001 -0.172711266424055 -0.00590962333930437
0.0201845028335265 -0.0135257065751642 -0.0799432623960423 -0.416001034277626
0.0534319645888267 -0.00481055710897654 0.427109956698225 -0.384891596416169
0.00956172589646585 0.0399440988500669 0.757588477431588 0.318730691658681
-0.0484938418047425 0.0275487952824543 0.0406540259381024 0.914512994200403
-0.0294802004664633 -0.0128814871254346 -0.562512408691193 0.4784573111839
-0.0307976942322758 -0.0196718068036884 -0.0487945932956987 0.119526631668146
-0.0244728415885807 0.0315004901441853 0.621210729607537 -0.343462438223099
0.0167079756812439 0.0266667818870238 0.167328402143265 -0.95890212581761
0.0531770010781087 -0.0063070033431233 -0.734146835517527 -0.519273587033476
0.0310528931065702 -0.0494406763960228 -0.564171873992246 0.371674452789876
-0.0206489516256426 -0.019832453558268 0.0523535537791595 0.44608931847747
-0.0230579969318313 0.020920207954573 0.193957939150235 0.0638995419206478
0.00197088632277097 0.0356702042118815 0.0176293489214418 -0.233493037815134
-0.00413243304378801 0.0209526491685514 -0.00225141038716954 0.207120828108126
-0.0102218397516071 -0.00471610055810274 -0.17108058834154 -0.00630034047973155
0.0197189465913298 -0.0118371559719386 -0.0786428725984211 -0.413788431204572
0.0540774455738271 -0.00227327870488236 0.430845481253471 -0.38201490475553
0.011352595249154 0.0428175930547843 0.759537974169394 0.317297184084644
-0.0453969882115823 0.0270711374949765 0.0354190745353274 0.910727791562509
-0.023944240813295 -0.0162524271522514 -0.567048872140627 0.474213864848403
-0.0229876069914277 -0.0220964437479664 -0.0496974946211993 0.118815068160776
-0.0187053036720742 0.0292933639186527 0.61869455928698 -0.342765618233352
0.0174828622848414 0.0267962918021582 0.167034149322268 -0.959914919466977
0.0541081882063692 -0.00402739845377083 -0.735678342545021 -0.519362927132589
0.0305707235641834 -0.0459398593326099 -0.563603904070382 0.373951356960059
-0.0235162465524691 -0.0183796080052148 0.0516872957294364 0.448570339739143
-0.0270453085726977 0.0228995101040965 0.194409951510229 0.0652212469109313
-0.00273112356035169 0.0365338035521562 0.01757306879044 -0.232173612454305
-0.00687680607671099 0.0223247884796876 -0.00373690357293129 0.208379432386707
-0.013465366975108 -0.00458420888614685 -0.170699859746993 -0.00477706081946625
0.0173591273165509 -0.0105894653978872 -0.0731992216277712 -0.411384009140107
0.054074672862111 0.00118673860383681 0.436805659180384 -0.375864018900415
0.0121681228687072 0.0470856952133956 0.757789867946745 0.33032267042557
-0.0441682366180813 0.0278601479397725 0.0271026319153829 0.911110518960969
-0.0177365051326542 -0.0175679468084636 -0.570546980213726 0.46805730627388
-0.014764587199877 -0.0229627403653078 -0.0476670718541941 0.115787175511857
-0.0121018992869168 0.0280067317285513 0.617418246942411 -0.347839341614322
0.0197925596639564 0.028997285945824 0.154874513160523 -0.960658041456079
0.0543724155582126 -0.000423315443661091 -0.740577127152354 -0.509245577237813
0.0295935768964634 -0.0443122803477085 -0.55934699074801 0.38273840669174
-0.0256278600576971 -0.0172020524994198 0.0547067701796001 0.450401447133194
-0.0295847413097004 0.0222384140592241 0.194091497437207 0.0662237541097851
-0.00563072651457145 0.0384398083368372 0.0190897297366917 -0.229275496910918
-0.00712859427592247 0.0232480957005644 -0.00461371892042193 0.207656637061098
-0.014938962468335 -0.00411851590156469 -0.171334189340062 -0.00691432305699478
0.0166720726723014 -0.00952116186514369 -0.0687387358351712 -0.409502104828924
0.0525893167143689 0.00430307665759752 0.445797845241005 -0.362360795070433
0.0103583700263881 0.0503128274561711 0.755412889401911 0.347647060096785
-0.0429577392758637 0.0281753428228633 0.0106594106111497 0.917796636921958
-0.0112998092101481 -0.0190236309983008 -0.576044154953931 0.460006464572087
-0.008737715322377 -0.0230747360449409 -0.0411335104172829 0.113808933865043
-0.0068099486362423 0.0286518820042555 0.615580039207893 -0.356084644966674
0.0219050279481082 0.0308439059328834 0.140751607160577 -0.962201665813406
0.0546675572002399 0.00110776506783188 -0.747238345885718 -0.490442059589275
0.0283257155063451 -0.042628592839675 -0.552243916124383 0.395779015583168
-0.0267545372322577 -0.0159093913148942 0.0571417366324877 0.451501103325186
-0.0309320700600173 0.0220119025364709 0.193202911144675 0.0654871889672352
-0.00741182401878868 0.0396498254387065 0.0171033763069222 -0.22712298452784
0.0130678456561707 0.00983251070577898 -0.00740576521627735 0.205537236023772
0.000535806061505466 -0.010868428872809 -0.174897096557189 -0.0121788175196581
0.0219325804061839 -0.0190728168861855 -0.0730256866111154 -0.408720180236735
0.0427952633962014 -0.0104971273260908 0.444048042933493 -0.350876408069617
-0.0037601881133738 0.0386969520455106 0.745944706580693 0.368414903629152
-0.0533875046487871 0.0273877054644064 0.00139400549794809 0.927621451695977
-0.0386362163457066 -0.00479700153586145 -0.559210789837683 0.459659202125642
-0.0437879468881371 -0.00892955557576597 -0.01737291205193 0.117508187749537
-0.031057833464337 0.0419071780496246 0.612853780298474 -0.368047797846851
0.0142224526654332 0.0275186544489975 0.105412317317008 -0.948359551210513
0.0412920404785629 -0.0145028225875489 -0.758557504997102 -0.444719936007607
0.0176613341844977 -0.0573852713840325 -0.537430284158985 0.41765889406803
-0.0191246922254874 -0.0220565213742396 0.0680371878161225 0.442522814442858
-0.0111158221817774 0.0186087672308342 0.189354980237718 0.0480301146682683
0.0165903070375716 0.0307353020287158 0.00637239576356229 -0.235177792183048
0.0113090656802947 0.0108980911139932 -0.00435471994805382 0.205292016894538
-0.000863595225629094 -0.00938234323626179 -0.173476055894057 -0.00950654458926836
0.0222420244229268 -0.0184573584124367 -0.0767793615266743 -0.409605802479845
0.0441586392686346 -0.0118121379918257 0.436411891485555 -0.362917293167073
-0.0003521625698941 0.0377037561577792 0.749730327500927 0.347381992944998
-0.0530759990432789 0.0283313524491608 0.0171237345480255 0.921258285216004
-0.0395460869092586 -0.00585498462866083 -0.556381034021787 0.467587429654587
-0.0450370007522634 -0.0120382947934778 -0.0258112457434442 0.119612559967962
-0.0323844040036536 0.0390532758029384 0.613329435165897 -0.360765325486628
0.013813946455824 0.0273182488780245 0.123965906877407 -0.952334221932549
0.0438854706620073 -0.0144796793812553 -0.751606921282493 -0.468634431984805
0.0222324656821949 -0.0578170765011563 -0.546496922835166 0.401992912437196
-0.0187780848519303 -0.0221241332836259 0.0628543941474752 0.439591562534998
-0.012031421449524 0.0198811048893455 0.189738171248042 0.0504408861430183
0.014852186477472 0.0316304324168657 0.00947954964339165 -0.236445593932818
0.00747514246547879 0.0119300205036681 -0.00260235671159748 0.205046633872108
-0.00206892688259112 -0.00840178424016864 -0.172291228057724 -0.00795109937868895
0.0214749379448263 -0.0171482281945535 -0.0801923985810217 -0.410860904337709
0.0471182149014035 -0.00987529783875232 0.428669721276543 -0.374829169067149
0.00229877728105365 0.0382539335996993 0.752212529116794 0.326665601745423
-0.0518394777271957 0.0277026169268387 0.0331012422728458 0.917271153835538
-0.0389143713986123 -0.00762807096161512 -0.553938416112056 0.47494146869505
-0.0429994685021884 -0.0141642274110914 -0.0355972384738891 0.120098329584768
-0.0313498177652561 0.0365647588941488 0.614850049745591 -0.351234941681369
0.0139440367716695 0.0259644556409817 0.143959094184583 -0.952976602359502
0.0476539853454934 -0.0128244315271633 -0.743325307912852 -0.490009955497809
0.0255762650881668 -0.0553827707975757 -0.553031043407258 0.387844779830914
-0.0181816994914766 -0.0216795597231588 0.0589813974241346 0.439369474053641
-0.0148317294919123 0.0195900665061913 0.190107429592398 0.0545426812637729
0.0113163574295358 0.0318708633319957 0.0106388684448152 -0.234736496033178
0.00392109561052613 0.0139533056696958 -4.10208727905311E-05 0.204964283229407
-0.00557672116193171 -0.00682964814089345 -0.17094304735666 -0.00554996173997925
0.0207505913277034 -0.0162392443147503 -0.0822423316753559 -0.411455399414406
0.0506351875106452 -0.00821823727612879 0.424125875997616 -0.383496328189679
0.0065772671366747 0.0381497693039156 0.753993068314854 0.312007274539404
-0.0505729091549581 0.0282717700784785 0.0436006386875116 0.910976432160677
-0.0341377044625447 -0.0105512336054645 -0.551524145125016 0.476454898958479
-0.0376657399212458 -0.017005044262276 -0.0423371367001844 0.120357874375235
-0.0275822473754063 0.0335233636712237 0.613555090044797 -0.345453265882518
0.0151188778543285 0.0258817488722395 0.155038391954624 -0.953891071302569
0.0504366304939246 -0.0104924755348747 -0.738261198380578 -0.504204805823375
0.0282392366756929 -0.0535005385319236 -0.5594071086862 0.379447084347748
-0.019161315456224 -0.0197482117276482 0.0560254745864119 0.440599149257937
-0.0180295917446559 0.021509571391037 0.191878907506862 0.0584840687401132
0.00690336943527206 0.0336754918155522 0.0133127509226858 -0.234121602037347
8.20061328267972E-05 0.0163060770636936 -0.000400367649657182 0.204913116364202
-0.00852712474504877 -0.00612484699373443 -0.170478830087514 -0.00410112966931511
0.0202389199721332 -0.0143088728840459 -0.0830632780152597 -0.410737913794154
0.0518277579696048 -0.00580974406067712 0.422317478456026 -0.386566637771497
0.00883402376962176 0.0398712367716282 0.75661549623332 0.306834038152814
-0.0477387057961791 0.0277727294220564 0.0463898591775984 0.905995227373207
-0.0296141726765104 -0.0133441661525284 -0.556343312958146 0.479076839076881
-0.0310007030178047 -0.0195432586295278 -0.0470241322602507 0.11910502113001
-0.0229572888736046 0.0307789295726994 0.613134751558808 -0.345284112710557
0.0169339180189715 0.0263916941266885 0.159604484191101 -0.953486964891479
0.0531256560698773 -0.00691792229511885 -0.73442324216572 -0.510255413431319
0.0294236223820262 -0.049590333917167 -0.556742823225583 0.374885853610938
-0.0207071973468533 -0.0187398015311102 0.0562893955699382 0.443152348378935
-0.0215445326120633 0.0210879088643261 0.192600139591797 0.0611753638067273
0.00234314767783314 0.0347291152802323 0.015713280183482 -0.232205998751519
-0.00259584834882182 0.019678363177086 0.000114233717833201 0.205580741008093
-0.0106258836107112 -0.00465019719925737 -0.170016838905549 -0.0039053969964918
0.0193909998095353 -0.0121528246812505 -0.0810270899773359 -0.41098017723106
0.0531112611527008 -0.00309708062662558 0.425695347983467 -0.383349496082857
0.0108508080487237 0.0440940471124416 0.754377015348387 0.308493591618109
-0.0445585923080498 0.0279812402728206 0.0421437087988798 0.905703967040515
-0.0230259893792902 -0.0160303016715236 -0.5580176156014 0.474107585398782
-0.0232275475681337 -0.0207227496173452 -0.0480115740542103 0.11745481250447
-0.0177891762311673 0.0288105980390389 0.611229426233918 -0.346616873882584
0.0180032831268595 0.0278988743609532 0.158739497158165 -0.95732936960315
0.0540865974177824 -0.00333912004174288 -0.734964259986036 -0.508925914239448
0.0293648068617741 -0.0471468011058107 -0.556054169989498 0.377111722189864
-0.0227233831092289 -0.0177720844693363 0.0562294959563025 0.444485527572655
-0.0261549503020575 0.0227478263246394 0.193694748064068 0.0636061922163212
-0.0016940570744177 0.0372292868146456 0.0168671047476577 -0.230578901774455
-0.00534088590788253 0.0215537607219038 -0.00195174252899815 0.2072161869001
-0.0137227918995488 -0.00466489757634327 -0.169669585608041 -0.00389066874847169
0.0161347809814616 -0.0112453438373996 -0.0769027590490533 -0.407685252126916
0.053974717446008 0.000639080912519213 0.431888699894724 -0.377271688455984
0.0125363661241819 0.0468218590207739 0.754279743626003 0.318624246931919
-0.0433508201317159 0.0274730030897778 0.0329791520663375 0.906121979391082
-0.0170578009947735 -0.0179014279327841 -0.562898705991008 0.468589182683041
-0.0147921813144522 -0.0226774705302455 -0.0461724350411847 0.115294630394349
-0.0111935015769439 0.0278161311648447 0.608456594196652 -0.35150224994848
0.0204432237618272 0.0281721571803122 0.146535850369726 -0.954999468409712
0.0543986524015358 -0.000619777895774203 -0.739372435517118 -0.499102101420346
0.0292642073789109 -0.0449312122359864 -0.550727749923904 0.385846332532463
-0.0259587455717629 -0.0166146445573806 0.0600069397146093 0.447772796552098
-0.0285695474121485 0.0227283192682639 0.19409981423791 0.0636851652853759
-0.00480945993922189 0.0385423029709307 0.0164599449118969 -0.227652005584445
-0.00605981377212622 0.0225288538890628 -0.00396141674409538 0.207886218190597
-0.0154689272575454 -0.00407076624309867 -0.169131993321502 -0.00553647122812116
0.0161115761860438 -0.0102740943945234 -0.0710694604693178 -0.407285445854791
0.052028661481563 0.00369770308812567 0.439942229973202 -0.364757551482495
0.0108788310349689 0.0509261648373767 0.753234290344032 0.337161913391176
-0.0422822237015031 0.0290051214305747 0.0177712715681928 0.911574622380322
-0.0112557690655158 -0.0185303110959174 -0.567732942246198 0.461463496010308
-0.0082416776351845 -0.0219124250288155 -0.0399217288604776 0.113395177560142
-0.00671165685037885 0.0280475310039434 0.607840936138685 -0.359267345044295
0.0216748668290446 0.0297980969896059 0.130879732134041 -0.95543140302222
0.0541035891004014 0.000325105951997952 -0.746313015697532 -0.482026056943453
0.0264818345742756 -0.0430383256322716 -0.544899846760096 0.397915628639874
-0.02683336660009 -0.0159576391199174 0.0611723542317867 0.449398855644117
-0.0301348049300438 0.0226832848905801 0.192847173917576 0.0625772722048709
-0.00606596085313942 0.0391622751722177 0.014995988652352 -0.225828494093187
0.0132251069441269 0.008473633783134 -0.00592579101652622 0.20498025357103
0.000276036811005651 -0.0102191750488938 -0.173701610006217 -0.0107387398244829
0.0213566365805635 -0.0190533847409016 -0.0761309666943524 -0.405592083006239
0.0418122383457404 -0.0108069219353426 0.441138439643139 -0.351699884051652
-0.00343065348887469 0.0393445927259582 0.74068063300108 0.359472567945211
-0.0519427688101949 0.0274607964752837 0.00470484201935898 0.919940956368444
-0.03730328071475 -0.00469447573851935 -0.550881997474249 0.460090873144858
-0.0428807519973562 -0.00931525347691763 -0.0164019939563986 0.116457356118136
-0.0297416465788405 0.0411100694453703 0.604771548360519 -0.367829935351408
0.0131084922563168 0.0272718945603889 0.0995487897347071 -0.943102647910999
0.041327743759392 -0.0150285018091097 -0.756243473478628 -0.436493078629404
0.017057754398809 -0.0569488881021863 -0.530631496588388 0.420234916624999
-0.0191088224239363 -0.0229124966223737 0.0703023687157834 0.438451786547844
-0.0100469709350248 0.0192493369441714 0.188641398247668 0.0469836698496357
0.0181084588303416 0.0298509951472464 0.00573060428757249 -0.233475257236308
0.0103213697342571 0.00936104149511041 -0.0021209949505798 0.203440306308133
-0.00145118961386703 -0.00973675225533379 -0.172392935735803 -0.00829638680509903
0.0216679485141538 -0.018252069804357 -0.0804640975993517 -0.406628895408543
0.0437583514671277 -0.0103681588319373 0.433157173873395 -0.364808220097278
-0.000682050932250109 0.0378449420179766 0.745121697771464 0.338259093114184
-0.052042358159348 0.0276378752125585 0.0223436300112201 0.91406383091616
-0.0388992718239993 -0.00526319415452768 -0.548688304275994 0.467011234708822
-0.0446280326595806 -0.0109673196792761 -0.0257237552024406 0.11832623180281
-0.0319738114918661 0.0399992935388148 0.606605155083825 -0.360109683442218
0.012820056108896 0.0255353894109597 0.119283892208747 -0.944922154931815
0.0440122661566303 -0.0145722938309928 -0.749102260273951 -0.459100256837008
0.0206909464732898 -0.0572915913894158 -0.539554388123243 0.402925030132694
-0.0192304911138784 -0.0225898418264974 0.0660859684852766 0.437537374031165
-0.0112181376497222 0.0193117858280535 0.189642005253047 0.0494874520169453
0.0153034503595685 0.0310189563627669 0.00669729064097577 -0.233884622870018
0.0079522199895116 0.010526685151665 -0.00101759087680116 0.203625407171256
-0.0031556312397473 -0.00781347426566056 -0.170527797193405 -0.00600181940874278
0.021841749568927 -0.01829030321098 -0.0854668176001624 -0.408762271729364
0.0467376566388852 -0.0103625104751465 0.424144477560494 -0.375591302673199
0.00287391005369069 0.0374542833191058 0.747691350940981 0.319783720970618
-0.0507909018358229 0.0274250954781603 0.0379677389717795 0.908600236794226
-0.0376433179199543 -0.00754404770983925 -0.547023177961975 0.474679526020474
-0.0429237748255925 -0.0132759658332949 -0.0353877862180991 0.119314120230973
-0.0308963157595187 0.0369302361797705 0.606414726996033 -0.351245350255177
0.013561174016206 0.0260912794685416 0.136233351339761 -0.947491442286384
0.047417029517344 -0.0132471316442441 -0.742136074568192 -0.481949071944003
0.0250310008404696 -0.0552498011403264 -0.54780565954155 0.391084398240651
-0.018430648484658 -0.0218203210792794 0.0624761820036784 0.436510543667292
-0.0138489526888103 0.0204940656878254 0.190962327090436 0.0533857512898544
0.0120557380188857 0.0325091122135683 0.00959789795865271 -0.233573838155566
0.00491333594409414 0.0132340750964989 -0.000240426191895533 0.203586184578962
-0.00535477768760857 -0.00697590556392527 -0.16982133269866 -0.00390026803767342
0.0207689952582452 -0.015861094049952 -0.0855681579355992 -0.408478470681289
0.0497205564680385 -0.00888887687448 0.418265044499365 -0.384325816383439
0.00683830349322135 0.0388123699733633 0.7514936685471 0.303625184436296
-0.0487303074471573 0.0277855376104689 0.0472490831171533 0.903976421781786
-0.0345829686501471 -0.0104522105159998 -0.545900584123926 0.4764838762525
-0.0376840672886073 -0.0164698736037361 -0.0427632943561322 0.11916432312552
-0.0278572906202572 0.0337141585778419 0.606908194305687 -0.346686885334339
0.0143741543538293 0.0245702874523144 0.149176998280529 -0.948351428672215
0.0499062891432018 -0.0110215707861694 -0.735389982092864 -0.496058624953965
0.0277839311723229 -0.0526383922915051 -0.550359745631524 0.379394230591749
-0.0200390559092592 -0.0202922288377557 0.0601491432763276 0.437723490212851
-0.0170547194899688 0.0214968358298208 0.191491836585208 0.0575686410907897
0.00704629709202546 0.0333630878896686 0.0122249991990763 -0.232715418613975
0.00122958171671878 0.0157712194296231 0.000595965740789468 0.203395041941911
-0.00857439982741439 -0.00579428853633913 -0.169906365828764 -0.00316973937653021
0.0198376324568436 -0.0139561957518368 -0.0863822805318646 -0.408659116530018
0.0524465252987209 -0.00623978794058384 0.417145983251317 -0.388458824164919
0.00992723089534619 0.0399355278623635 0.75145721263811 0.29756963849662
-0.0470174205335618 0.0277816627516605 0.0528505208121802 0.90148748016487
-0.0287418504515733 -0.0143966948840128 -0.548925747590007 0.477129828853586
-0.030122052005249 -0.0184476348823691 -0.0462434229464891 0.119047706718704
-0.022336231967317 0.0306372155339897 0.605365488374346 -0.344802409943983
0.0165545497656234 0.0261446745741836 0.153466650494393 -0.947065000860014
0.0524937923615402 -0.00700268834329267 -0.73350617814813 -0.503578059907647
0.0283635936113475 -0.0493199286577151 -0.549701996164285 0.37756532083614
-0.0217009712859429 -0.0190845655187291 0.0609498584180621 0.439841601820566
-0.0209366491633877 0.0214006055463064 0.192689801990086 0.0594454702853504
0.00281588481261036 0.0350855416030122 0.0148694699212335 -0.229742228350429
-0.00271835083345921 0.0182545160685208 0.000622061582236647 0.204563372739499
-0.0113440057534628 -0.00468836070103696 -0.169272405013101 -0.0024744319094766
0.0188037872719747 -0.013242365965444 -0.0829756059690314 -0.407180840042068
0.0534448462688895 -0.00285298716452274 0.419826231839568 -0.384884708289606
0.0119248774226326 0.0439286672533078 0.750310978455847 0.298595002645927
-0.0434746060039814 0.0274304253522482 0.0472688248281889 0.899171046360257
-0.022968082516767 -0.015837369163468 -0.552670477298969 0.47394514216891
-0.0227737410785426 -0.0211686850066067 -0.047291562287402 0.11745523024105
-0.0165014724269041 0.0284283820836155 0.602271086527107 -0.345316185260008
0.018472832845277 0.0266249476394515 0.150870599794813 -0.949684705929588
0.0539051390587781 -0.00454492538394269 -0.732112900607898 -0.50047586895132
0.0283563850937961 -0.0477744724957217 -0.548499387090699 0.380474084003596
-0.0237890552341125 -0.0175679830578654 0.0595187133606272 0.441969263237476
-0.0248980769084101 0.0222032031526821 0.193693269559717 0.0620781614100156
-0.000620986326227681 0.0368680630521361 0.0154202147068957 -0.228507366469785
-0.00486251082391541 0.0211455507420521 -0.000361966502974069 0.205344707740422
-0.0140282888192875 -0.00432356697519211 -0.168174182265799 -0.00224336198270319
0.0180597408978678 -0.0108441137856549 -0.0797972625010019 -0.405210414486972
0.0536440506929994 -6.21050602355872E-05 0.426752375748714 -0.378703285379779
0.0127124001149813 0.0469404171847154 0.749060934103457 0.310865572834897
-0.0417461633328371 0.0283441212631943 0.0362949107137253 0.899094550429321
-0.0173547648571142 -0.0173166326559753 -0.554665332947185 0.469602189491489
-0.0148101839740484 -0.0217645783493713 -0.0441654261148485 0.115454892036783
-0.0117094835757196 0.0272369143031926 0.600465939614651 -0.35057746799503
0.0203216987816433 0.0285953821456253 0.140259845827939 -0.948278899385469
0.0537629644643953 -0.000784199313097707 -0.735501805975149 -0.490115929813068
0.0282349554593736 -0.0446398582725418 -0.543342145649953 0.387397643788983
-0.0256093551840752 -0.0160150172042317 0.0624958909652574 0.442780713142891
-0.0277143183724692 0.0225975525615174 0.192407118148339 0.0621385501514851
-0.00371852539013059 0.0379482758736149 0.015187602473384 -0.226378172824698
-0.005446749618831 0.0214535812181377 -0.00208844012711451 0.205800046447056
-0.015924970294052 -0.00375603535793316 -0.168467134740118 -0.00346903141550803
0.0158323480990898 -0.0105370569462226 -0.0744464945046989 -0.403629469152536
0.0516542025869086 0.00233919819957756 0.435447923691009 -0.36707452027303
0.0120234366055265 0.0513287762660235 0.748665901437644 0.327322705821374
-0.040989706900219 0.0279252429852234 0.0221138805380068 0.902917713014457
-0.0115949856600781 -0.0185610471801451 -0.562188436395628 0.461030643622562
-0.00882376710372541 -0.0216486376579911 -0.0388220837583855 0.114070625462271
-0.0064655390892571 0.0275884065616166 0.599447049277457 -0.358450940692537
0.0215965708468953 0.0287754339061214 0.125202820046979 -0.949545503296924
0.0541060836427759 0.000359708825302261 -0.745659534021585 -0.473910620822045
0.0251944734202957 -0.0428862767392909 -0.537490474133047 0.399287124355544
-0.027143427832563 -0.0157602028329213 0.0663853284824091 0.445797751804656
-0.0287238820040487 0.022807661430002 0.192846329607135 0.0602801289454334
-0.00552876873251779 0.0392615064943139 0.0138757747689354 -0.224021964044921
0.0128244206635404 0.00830415365800575 -0.00434409614880347 0.203327181106654
0.000576922754984086 -0.0100717494605105 -0.172044528291782 -0.0102303255812326
0.0216040602302076 -0.0189303140251369 -0.076988026163655 -0.403219094862978
0.0415656900949931 -0.0120539914689708 0.436400639317713 -0.353798215174126
-0.00238305622591829 0.0390599390344135 0.738949460092793 0.352138771020777
-0.051430954978569 0.0277299665777831 0.00869913359081243 0.914759999671287
-0.0383786722121388 -0.00593612772977728 -0.545614627631745 0.460167375103355
-0.0425641250428311 -0.0087043343801222 -0.0160135550153785 0.116278866327464
-0.0284278313833339 0.0415793053670985 0.600101819136172 -0.368833704194232
0.0131599271724935 0.0274220845191503 0.0947082476501272 -0.937965100340359
0.0409561950988891 -0.0144109800873519 -0.75416038770507 -0.43145027561826
0.0167731405812203 -0.0570427838558813 -0.526379244006774 0.419145420328467
-0.0194431191748219 -0.0227419038942899 0.0726057856201039 0.435421508375763
-0.00987109018403321 0.0201203173806753 0.188125954382095 0.0464203669826824
0.0174311019305919 0.0302931974955892 0.0033128271452211 -0.231694626136906
0.0100913553936237 0.00896852905559517 -0.00223636727805823 0.203121411784488
-0.00167745707761661 -0.00911829689748327 -0.17077891334018 -0.00846970092764185
0.0211642869534751 -0.0193633280669664 -0.0828516545383474 -0.403929195687281
0.043197751448619 -0.0120509113055503 0.428257804687893 -0.36531871517875
0.0003793476099963 0.0372555404106111 0.742370904529488 0.331992309379673
-0.051080581636773 0.026760669087109 0.0264239155855487 0.907939749753179
-0.0384407140448139 -0.00637625220457422 -0.542802126947587 0.467533366398075
-0.0446079239800794 -0.0106792988927792 -0.0244256430075021 0.117677448391885
-0.0312790046655325 0.0389976395907575 0.601427190964282 -0.360514191347718
0.0128652684540313 0.0253386302670843 0.115515398184925 -0.940788440714115
0.0436529442470757 -0.0136519009910168 -0.747686176072139 -0.455130461949395
0.0206611253925715 -0.0569412957860508 -0.533166653156194 0.404143177745906
-0.0184536049836308 -0.0220932402142299 0.0680420652254468 0.433849305009005
-0.0101381436787933 0.0203196061661433 0.189246104993684 0.0482869091589598
0.0161393772738382 0.0309765866141029 0.00580660138457511 -0.232717849044094
0.0083287586985384 0.00993333224421356 -0.00035903091344415 0.201780954587303
-0.00326847942784098 -0.0076452823957339 -0.170646951673184 -0.00536129684235025
0.0217983274088383 -0.0175557342008835 -0.0871924023526296 -0.406483667545453
0.0458184675817505 -0.0115007027494477 0.419260962397764 -0.3781394182352
0.00274086679665008 0.0368666742827969 0.74587235975962 0.311362014598054
-0.0494598379364692 0.028150417357129 0.0399917260903925 0.904088446772338
-0.0366178764849629 -0.00774501342554579 -0.540502332949527 0.473593781528732
-0.0424943031260892 -0.0126913231745894 -0.033603417447723 0.118981117455957
-0.0301438709072008 0.0356232616703894 0.599137617155816 -0.351781034405902
0.0138203206599092 0.0251305449502451 0.131694304033548 -0.942422212291536
0.0463201000100689 -0.0134236497962534 -0.741207201177826 -0.474397624764989
0.0238119140919749 -0.0553832018989737 -0.539009292067732 0.391830690594991
-0.0190525507453179 -0.0216535485170369 0.0662754492449924 0.434371994896942
-0.0129734862173115 0.0211544127161564 0.190054526551632 0.0520841679793881
0.0130980422086061 0.0315043833367046 0.00841608114626253 -0.232338628737113
0.00415020780396231 0.0118902385075018 0.000771285388544099 0.202598565758447
-0.00554846832686734 -0.00647738042823678 -0.168971762997648 -0.00387483981101375
0.020536305456046 -0.0164317511199362 -0.0894042258578265 -0.406387191235442
0.048533160309654 -0.0106939153240855 0.414555562990811 -0.385371467802327
0.00687827374709375 0.0390152531967537 0.747547518807078 0.297111414432148
-0.0476731365998458 0.0271728592270739 0.0510953830438042 0.898387171926905
-0.0328950565723253 -0.0111743747767554 -0.539401275870995 0.475356296416779
-0.0367776071591101 -0.0165477586935811 -0.0410258201916455 0.118947136288327
-0.0270547186599028 0.0329873716661101 0.600285485716075 -0.346609816188256
0.0139333737305393 0.0253791254501054 0.143156448301893 -0.94367195178487
0.0493322579184788 -0.0104287372991391 -0.733346522728757 -0.488497599567982
0.0267791916446355 -0.0527866312652786 -0.544793711833321 0.38160218025653
-0.0198760214285245 -0.0200797517232317 0.0629683973091845 0.434114436044564
-0.0165678582307147 0.0213050690388154 0.19127547278201 0.0563767249619005
0.00779432092501079 0.0333672521454883 0.011163487743427 -0.230798198351632
0.000482689601888072 0.0155507229714577 0.00149369645406137 0.202926372232218
-0.0088835632821796 -0.00510418198238128 -0.16866980565402 -0.00207650849560311
0.0192672261164777 -0.0145350990550231 -0.0891019082199505 -0.404632875054351
0.0516689014904763 -0.00743313545124492 0.412195092681056 -0.388150512548974
0.00945125623010149 0.0406285732432668 0.749398591271761 0.291532193785337
-0.0456625175793498 0.027743131980678 0.0551669507789162 0.893471839661327
-0.0284240911388695 -0.0132545444840122 -0.54201953455385 0.476824392294438
-0.0299896661846529 -0.018896353676118 -0.0453782725856004 0.118736296763489
-0.0224334963820371 0.0295613878014191 0.5974354351467 -0.34413190703742
0.016246140047901 0.025428740262067 0.147944046250637 -0.943984158642761
0.0512631037832379 -0.00664775190966706 -0.730662464685332 -0.495288795345317
0.0279212310098607 -0.0502493440830703 -0.544155711276028 0.377473633879897
-0.0216140339120158 -0.019001074961341 0.0619320737499815 0.436328706437384
-0.019978929361473 0.0220771441904614 0.192780574452123 0.0588557314147695
0.00348718489849771 0.0351939904227781 0.0131139619419802 -0.229127814398657
-0.00278603515903574 0.0175792959455677 0.00144470113149395 0.202795898423559
-0.0117386271780096 -0.00493832595459745 -0.16774930644958 -0.000960447742328798
0.0185504679057989 -0.013174394893316 -0.0864078099609603 -0.40387799446352
0.052504945461974 -0.00517999014730257 0.414879125423195 -0.38524756116004
0.0122820595395498 0.043838663945944 0.747314683286173 0.291942350219062
-0.0427839465139405 0.0278698412613829 0.0508648375731151 0.891995296152317
-0.0220422668249334 -0.0159002396138704 -0.545719449921809 0.473911408934401
-0.0223045593246866 -0.0199760805742157 -0.0469458117378262 0.116800304106647
-0.0163975037749907 0.0283838340667903 0.597162503306879 -0.346735625440754
0.0175847040952337 0.0260657836390551 0.147596687254528 -0.944787000771385
0.0528537683823378 -0.004201439108785 -0.728669621240235 -0.493675220635223
0.0275753950713846 -0.0468247392428167 -0.542858596142687 0.38093343442472
-0.0237478907099695 -0.0175966598552598 0.0630944896692443 0.439702240603921
-0.0244298606901362 0.0227977241081836 0.192250682423111 0.0609940542216257
-9.32423210255034E-05 0.0364818645494325 0.0135640363248188 -0.227818839463595
-0.00456347671030564 0.0194793192244808 -0.000106231583867236 0.203643721675048
-0.0146179227247731 -0.00419949609928516 -0.167512196524146 -0.00167685150992743
0.0164023453034249 -0.01148212030791 -0.0825113860100336 -0.402888737900568
0.0522025477067601 -0.00157932582178961 0.422264028687481 -0.380080273611566
0.012954253503185 0.0473906529269967 0.747329648995894 0.30539587348829
-0.0417631204194383 0.0281036959842425 0.0425261764934729 0.893334075811304
-0.0164624077389964 -0.0181069063957107 -0.550706126609869 0.46869715566215
-0.0149498312359084 -0.0214003251510172 -0.0443661240985375 0.113631091204497
-0.0108723650042311 0.0273072402993763 0.596105174173898 -0.350790802189977
0.0194747780825157 0.0281541646257493 0.136510851978725 -0.944315185040761
0.0536416674331602 -0.00156006225822896 -0.734089405879162 -0.482892970924445
0.0266255773369421 -0.0448843603468323 -0.538268742844047 0.3889371023376
-0.0253998097382203 -0.0159270682077587 0.064467692687914 0.440774633076642
-0.0271838099915319 0.0239672495592797 0.192627970520039 0.0608022579761571
-0.00328518442802885 0.0385573164971606 0.0141855657110576 -0.224676652586067
-0.00481620732397596 0.0198274145085582 -0.00138120722457664 0.20435210855056
-0.0152794601276145 -0.00389577416824437 -0.167250051057453 -0.00233235427310687
0.0150296839544092 -0.0107157719459166 -0.0769737599099884 -0.400922964559081
0.0510664251055744 0.00173336240793326 0.431229110774951 -0.367088295381813
0.0114368362266251 0.0507587270148499 0.74401197401663 0.319333775336917
-0.0406076973213037 0.0279071291322378 0.0258308326137915 0.897094386526981
-0.0108429831952717 -0.0183667235367505 -0.55501011135827 0.458628112467363
-0.00792340155464308 -0.0220739723237051 -0.0379665975430986 0.112330718563596
-0.00662024939197536 0.0269602573306606 0.594402172546966 -0.357027361344986
0.021459356644483 0.0284573097837242 0.119258768207916 -0.943133874834938
0.0538355406230357 -8.39972435401591E-05 -0.741211549776618 -0.466241518737126
0.0249754713589253 -0.0434286814610843 -0.530877521836963 0.402704306450204
-0.0271195425660244 -0.0150415516563512 0.0685053239037216 0.441911617446738
-0.0277578810613015 0.0235137873893028 0.191768145959147 0.0603034296051893
-0.00435151240566241 0.0381975153245925 0.0121325484680343 -0.222438537016619
0.0134445195660348 0.00741857960938526 -0.00445827694749336 0.202027029636829
-0.000591933289141183 -0.00982009256583691 -0.171409004840827 -0.00927117406493196
0.0215809256930589 -0.019462159853895 -0.0798538170322643 -0.400526034433911
0.0406736986114073 -0.0124777208572346 0.431574877442118 -0.353374261009219
-0.0024211409828229 0.0393728815645436 0.734734170715588 0.347381839132149
-0.0510068978078793 0.0270769884500508 0.0111278997987746 0.910489507308449
-0.0363968886046747 -0.00604451348445655 -0.540650105536657 0.457580980817205
-0.0430994671979316 -0.00833075739690744 -0.0151767415776644 0.115532806075552
-0.0281926643117462 0.0411989026094667 0.593412447516659 -0.367299575349303
0.0137933374638267 0.0260016306289721 0.0907172980151426 -0.932653925475464
0.040973347116179 -0.0141812222141391 -0.751176283672748 -0.424591357667851
0.0159288577486059 -0.0570808342875121 -0.519302622124441 0.421899635239123
-0.0196092648324345 -0.0215262107619519 0.0763174636050344 0.432869767696424
-0.00942669062774534 0.0199289577308326 0.187640702243584 0.0451069165170235
0.018848134081181 0.0298227667040553 0.00347049937152781 -0.230851232411585
0.0107190533518118 0.00734866319237357 -0.00153634774228553 0.201739882421075
-0.00197130293967035 -0.00859094543237965 -0.170939233927388 -0.0066162811996199
0.0213985315471401 -0.0184716517695126 -0.0839868320330669 -0.401269239703073
0.042749924128264 -0.0129071494328881 0.424059299797907 -0.366665295101196
0.000147939793917369 0.0382987285339014 0.738355678382316 0.325844210515808
-0.0501283316941015 0.0270342183186638 0.0281206778480396 0.903282162502205
-0.0384493242317978 -0.00588396665614478 -0.53826826159815 0.464659874408766
-0.043689026085697 -0.00997259407525729 -0.0243338908143691 0.116529456161007
-0.0302109480675955 0.0386756161562904 0.594988462779882 -0.356885355342684
0.01238925423267 0.0256690438083879 0.110410917779579 -0.934235428972982
0.0433328956345227 -0.0141014064072715 -0.745044102892401 -0.447441138010017
0.0191255942311782 -0.0559216460419967 -0.528297540794399 0.404426633564379
-0.0190833004203956 -0.0220313953157795 0.070287973005285 0.430858804654987
-0.00978415132535518 0.0199816911932962 0.18825253548644 0.0470139818897156
0.0168595541227201 0.0309361639110702 0.00592423556869612 -0.231959839900952
0.00803378819568261 0.00907450783634724 0.000478420230818125 0.200886242008045
-0.00407401222524455 -0.00764894077590787 -0.1689805929213 -0.00382007594578432
0.0213321971061826 -0.0183141450791312 -0.0885947983183396 -0.402430367470842
0.0450248056871728 -0.0125613176515297 0.415282770033962 -0.377442941217511
0.00359839347259609 0.0386067968419987 0.741532810535064 0.306743224312639
-0.0488429576012337 0.0271559448607056 0.0429018494399104 0.899587128360903
-0.0372869489338268 -0.00735357756645718 -0.537647018253221 0.472797317459686
-0.0423776252329595 -0.0129159078287237 -0.0325107605621137 0.118706718201173
-0.0303025568141297 0.0362250146655775 0.596075210961549 -0.347922971644017
0.0130121783333661 0.0253486485865843 0.127343553342481 -0.937055242663657
0.0467104417498971 -0.0129353113641171 -0.737301189855995 -0.470047143951284
0.0233157277840075 -0.0550065172019953 -0.535986771248183 0.390725789091915
-0.018524773712355 -0.0213895462832908 0.0669795379175335 0.431193175074785
-0.0123332928931976 0.0210465438360022 0.188805901404143 0.0517115019683699
0.0136698675119087 0.0315985411435552 0.00826015323345392 -0.229963423901848
0.00431357786117665 0.0114596834865291 0.00181495620164935 0.201746322125283
-0.00641048563467355 -0.00591627250656453 -0.168275805855217 -0.00274367943680209
0.0197626093599086 -0.0168095892541773 -0.0904150731357263 -0.403628870724242
0.0478713005958866 -0.0109435329240518 0.410738549795617 -0.385565675537624
0.00759542816921792 0.039042175757117 0.742811035379014 0.290618011420186
-0.0477105299995441 0.0267274041635143 0.0518298337236994 0.894130654670142
-0.0336266877933795 -0.0101080841453534 -0.534454305345464 0.474737660213273
-0.0371360769546938 -0.0148642062394602 -0.0395634923964437 0.118308040976404
-0.0264846379930694 0.0321558899464378 0.596390199865151 -0.344076813905999
0.0141374844821806 0.0242678857693529 0.139704544859906 -0.937863427733407
0.0496710218364352 -0.0103623562368148 -0.731609853055319 -0.481989325808634
0.0267948866486608 -0.0520243926852422 -0.540283175109607 0.382015955213744
-0.0186400602608679 -0.0192815487535898 0.0643630174295908 0.432257989399688
-0.0159979233520815 0.0211789951092212 0.190969142793545 0.0548165858246337
0.00880674384983745 0.0328627850767396 0.0109536888059706 -0.229038426055139
0.000470989542222236 0.0145618987587807 0.00268826164177932 0.201487313810835
-0.0101716889452916 -0.00487677158750343 -0.167162714275063 -0.00132932863834358
0.0192583186345086 -0.0147818976742465 -0.0909498757337445 -0.401695671381307
0.0501361853841374 -0.00766206913545188 0.409179574284948 -0.388648188147828
0.0099197270059048 0.041364669436794 0.744218354214585 0.285165544756468
-0.0466168835724113 0.0266640504647748 0.0565389842974985 0.891271408492165
-0.0283670393361664 -0.0135947627992229 -0.537015567945653 0.474863269150694
-0.0306558111322262 -0.0181449498237438 -0.0445096194846844 0.117440022785874
-0.0218071487246041 0.0291191906019838 0.593534735731079 -0.342665284923698
0.0157611125601245 0.0254248509762752 0.145025998384606 -0.938009277699998
0.0513506443297825 -0.00796046626706512 -0.726677470211188 -0.489522969873567
0.0267192861422542 -0.0504669040486108 -0.539707966390243 0.380279130697509
-0.0220870630458072 -0.0184950567194527 0.0633841904996232 0.434509882576886
-0.0194740185527205 0.0224585052142654 0.192034762181212 0.0576185894822065
0.00433104414673747 0.0348189956349121 0.0127330322028637 -0.227238360986501
-0.00130450045098689 0.0166077502818813 0.00072840711839076 0.202533941385746
-0.0127965657150728 -0.00393883354291109 -0.166280283108493 -0.000276878623348535
0.0177840763194303 -0.0131207540293883 -0.0887132804102895 -0.402326242171328
0.0510612617860526 -0.00467188813375084 0.413051593260779 -0.385423976148348
0.0123709505999179 0.0441746828937791 0.743740617364116 0.285201414059234
-0.0429748048806729 0.0266288028334532 0.0524854101610554 0.887197342562591
-0.0213659655682427 -0.0164225870420872 -0.539594720181775 0.471249714408542
-0.022526386709335 -0.019785747926265 -0.0458181497867075 0.115598165823511
-0.016100212985903 0.0275741273627182 0.59132312788294 -0.343699314930529
0.0164753507477194 0.0260952603306152 0.141817213396673 -0.939124023124676
0.0529351204237072 -0.00407126978943282 -0.726947516023619 -0.488312426970435
0.026567154766559 -0.0464232087851705 -0.538456247319511 0.381494815609415
-0.0237132332115384 -0.0174650047901345 0.0648896290990447 0.436462761801695
-0.023359399388213 0.022463093583121 0.191949200185944 0.059542298448063
0.000763215342518955 0.036559876360579 0.0135605804143265 -0.225669974336491
-0.00418001297948491 0.0185888801300633 0.000271627039811196 0.202887540568622
-0.0151406641135556 -0.00384959402004608 -0.166627889656991 -0.000799540711316935
0.0166103441550717 -0.0126393937915687 -0.0845735503334544 -0.400586173808456
0.0518470481859127 -0.00208924409800675 0.418782585966332 -0.380703424421841
0.0126256838264842 0.0479353962907884 0.742307633780118 0.298293755284968
-0.0414879248822473 0.0276611278013838 0.0429470073800171 0.889222941978177
-0.0154591921106589 -0.0181836802970103 -0.545092232136869 0.465946126009371
-0.0151491786284238 -0.0214831366898743 -0.0441207912239333 0.114180500541633
-0.0106654490760063 0.0262289433240826 0.589285015979565 -0.349627852785944
0.0193924661295563 0.0276299531405971 0.132361171751142 -0.939811614214946
0.0527873263071506 -0.0017764360044818 -0.732029842855069 -0.477301179660905
0.0257123752857494 -0.0451589790730818 -0.534392932724893 0.390351727213288
-0.0258428040799288 -0.0162673337212701 0.0669440024811349 0.439111726390069
-0.0263016685162809 0.0236655833816691 0.192643830003788 0.0606346756587646
-0.00266114005269782 0.0379310745742401 0.0135427499674379 -0.223824259035838
-0.0053928747878688 0.0196697403706449 -0.000258738436472285 0.204048366301218
-0.0162655058717604 -0.00426177027587207 -0.166784981153218 -0.00247995950570948
0.0151376431110683 -0.0106913770286244 -0.0781419531508742 -0.399202542289332
0.0502429086346214 0.000997556379098059 0.427392130838647 -0.368641224803301
0.0128066071243493 0.0509588686376433 0.739672142795968 0.314967121097024
-0.039780674874249 0.0280805622743615 0.0271608923462278 0.893206118513705
-0.0116335471940031 -0.0194747527945623 -0.550433630273815 0.459776274897265
-0.00856068240768301 -0.0212338501725627 -0.0371814175419584 0.111612045006799
-0.00541703550141816 0.0272156539537684 0.589343142317079 -0.355324086198315
0.0214650813662404 0.0278506409800007 0.116955560645786 -0.937616702744741
0.0531324466730319 0.000434245300856194 -0.737425583708174 -0.46052319975843
0.0238903504759573 -0.0427450146287892 -0.52652705111809 0.401766987172002
-0.0274310020869431 -0.0152600910956199 0.0694973830203629 0.439393187770782
-0.027550421860568 0.0242586696642367 0.192519237538813 0.0588422981412744
-0.00313157908238253 0.0387592400227768 0.0121358267928659 -0.222048152151835
0.0130834318495291 0.00628298027610918 -0.00390672648948667 0.201939436193142
-0.00100184377601891 -0.00928131048694948 -0.171049386868492 -0.00802473219453934
0.0214035501320359 -0.019856928688351 -0.0808289239506088 -0.399897530708104
0.0399255959062724 -0.0134110425736445 0.430666742950259 -0.353821190471938
-0.00224176259704726 0.0397292562140031 0.733391138428262 0.342971169439345
-0.0505352392448623 0.0260204228036938 0.0112864367620813 0.905590169325776
-0.0357067434213933 -0.00578428328536094 -0.539443321959213 0.45719396011906
-0.042186705602471 -0.00774350551584492 -0.0151269723864608 0.11515773967619
-0.0282310328217868 0.0406459341703489 0.590458716410531 -0.364222769756753
0.01219788659523 0.0270862064348118 0.0898461758247847 -0.929010608682272
0.0408827556329869 -0.0144840323369921 -0.748746660355382 -0.423563139531299
0.0152085653766524 -0.0553990822620346 -0.515299423019873 0.421189858840246
-0.0195551672455812 -0.0210050978673738 0.0766185805214821 0.432068541494632
-0.0082630929826637 0.0196667022477117 0.186667702306924 0.044219305404339
0.018638068825904 0.0299616596195632 0.00335473116401223 -0.229836362535582
0.010381002769219 0.00686331764694792 -0.00158271074079016 0.201347507727104
-0.00170674567256645 -0.00830686649753817 -0.169978325847924 -0.00580768411793957
0.0210241472638567 -0.0190301533317906 -0.0848165763036656 -0.400593202125482
0.0423008179205032 -0.0130327739969011 0.421335604206469 -0.367017511756024
0.000380088046243541 0.0386524108422484 0.736625315612643 0.321643994760275
-0.0501748530177524 0.0267421846631537 0.02992747887493 0.899184364696494
-0.0372140829165587 -0.00676963481317663 -0.535454684146479 0.462511227273496
-0.0434533848993589 -0.00957575615667578 -0.0238576133596005 0.116930234403346
-0.0294189586398541 0.0380056243247861 0.591494320559872 -0.357640291145048
0.0121953539098127 0.0255286405188792 0.107322626645077 -0.930616819943159
0.0435133448775808 -0.0148114727156171 -0.742846182928272 -0.446313963536293
0.0188957994342362 -0.0558064267252515 -0.52402617082195 0.40603371114544
-0.0185423330336442 -0.0219377844417131 0.0718652602314417 0.429982555446731
-0.00951712543473565 0.0208046638994609 0.188676638569671 0.04790598241152
0.0170171320850164 0.0305306786222958 0.0051298158598984 -0.230483594365044
0.00845243740938495 0.00867567789283808 0.00113008245651404 0.200960464859043
-0.0042866980790707 -0.00704087976509079 -0.168323667294396 -0.00395549614597132
0.0208246788098242 -0.0180500428371023 -0.089319863997658 -0.402120794094354
0.0452151687629146 -0.0124718941850138 0.412835247629434 -0.380294931818666
0.00389085558159517 0.0386754717236296 0.7381491123771 0.301210912878584
-0.0493890985075284 0.0268935174819722 0.0431147951276412 0.895305406642885
-0.0362435737804976 -0.00885774849131518 -0.533719115567219 0.470780317228789
-0.0418322918862805 -0.0122770766517242 -0.033133910324594 0.11797754008262
-0.0294582603465966 0.0350621137527517 0.591850836888005 -0.348116052276408
0.012279993923016 0.0249605460477504 0.124834432297503 -0.934187013036039
0.0463541471518887 -0.0131551260289993 -0.735211658738485 -0.466917321885378
0.023168747233813 -0.0545326706607414 -0.533104913864524 0.391524188349911
-0.0185193388364464 -0.0207129081254567 0.0686573717157557 0.430036445628555
-0.0113183635804607 0.0209905115496017 0.188455358008007 0.0505521747858258
0.0142091844712548 0.0317969337672414 0.00827217887632586 -0.229671642515208
0.00374109567566992 0.0109988014091668 0.00221369497500104 0.200834107976972
-0.0063386447564674 -0.00543638751855679 -0.166739059728267 -0.00230794760896386
0.0205578705666235 -0.0168218943495936 -0.091637867761824 -0.401401453880273
0.0473348931942001 -0.0108428391099076 0.410140773470677 -0.385767983297552
0.00669222989536579 0.0391848840040126 0.740758192451619 0.286104077930506
-0.0461214570797653 0.0266922200917759 0.0526041573917611 0.889120189746889
-0.0320831565698639 -0.0102070194276822 -0.532785865425979 0.473062196213427
-0.0364571277174411 -0.015213212651357 -0.0397046697067126 0.117697285096659
-0.0263790354983819 0.0320670110696542 0.591851513497663 -0.343282904368386
0.0135226109846472 0.0242534840516527 0.139618637125551 -0.935428560838608
0.0488086321144077 -0.0104220272605673 -0.727835420058514 -0.478714126039059
0.0247530287968626 -0.0522775596914213 -0.534660487054398 0.382390146452986
-0.0191472608758049 -0.0199830663466128 0.0654401000576427 0.431377961387451
-0.0147434643069924 0.0225002901281157 0.191059433469332 0.055091384485965
0.00915626376201811 0.0327743490031601 0.0102431485362224 -0.228056501774458
0.000693520234282183 0.0131274564483216 0.00208591629635283 0.201263225303234
-0.00924770280307831 -0.00480748946726851 -0.166666493217474 -0.00167917766991288
0.0191279533271449 -0.0150748346429067 -0.0918160976082581 -0.399622573917772
0.0498391986633572 -0.00786613285688562 0.408422652049949 -0.389105805073717
0.0100969830315517 0.0422446244916281 0.741086611253441 0.281104686748428
-0.0446489899475219 0.0267065301488048 0.0582975029555529 0.887593246068696
-0.0277077160847894 -0.013907014003238 -0.53366797960722 0.47315842007772
-0.0291535464352836 -0.0179954157837444 -0.0444489348398686 0.116838211181966
-0.0211651919239317 0.0299009956081755 0.591192343491344 -0.342607111862146
0.0153027293820211 0.0254794068360403 0.142158370686957 -0.935748022398968
0.0515687603566958 -0.00812140017446408 -0.726058416045536 -0.487710057318355
0.0264122441116062 -0.0496455504634728 -0.535795389926992 0.378892254591132
-0.0215385912353298 -0.0186260223405497 0.0648826334362227 0.433836697785407
-0.0194477849685521 0.0227451643751035 0.191517384882296 0.057262235678222
0.00492701275572593 0.0347978212909036 0.0124830998172192 -0.227091131580545
-0.00193115377602246 0.0148668722516617 0.00286577848557977 0.201373044700246
-0.0121605098031697 -0.00361894427537299 -0.165369022395352 -0.000523982078213836
0.0185128386806748 -0.0145345306287411 -0.0898338128510176 -0.401282891135806
0.0506522575933837 -0.0051111497958938 0.409716508189465 -0.386535702996162
0.0118649402831396 0.0451689602658828 0.741340966617631 0.283837933515638
-0.0421864680205419 0.0264431250039284 0.0510452981392598 0.885665178919172
-0.0212711646686992 -0.0165560983213916 -0.538323303183186 0.469743088822162
-0.021955904029504 -0.0201327004153684 -0.0445969186204141 0.116302355829757
-0.0160995758877403 0.027520969577239 0.589256679287586 -0.342647499425288
0.0166756292986283 0.025803059168638 0.140385643829646 -0.936722485762705
0.0528066053967765 -0.00441300254141278 -0.723821110937271 -0.48540795097841
0.0267823772115202 -0.0464229773605679 -0.533079707993024 0.381436762708612
-0.0241301878406103 -0.0175531068907498 0.0662427453388012 0.434710599372971
-0.0231647669916655 0.0232977881494796 0.191561612676737 0.0595089594641437
0.000945812109038977 0.0364556157137907 0.0127460191742524 -0.224821177523684
-0.00470822986670178 0.0175103523672602 0.000652151728110202 0.202652607501489
-0.0146417278649103 -0.00302637544806623 -0.165852515122806 7.75406300643431E-06
0.0167746193277311 -0.0123586336299336 -0.0852557691651038 -0.399039797476106
0.0506215649207242 -0.00206584413346625 0.417465985090908 -0.380469935695698
0.0131606441588854 0.0482711480002926 0.741017122495832 0.293173246111724
-0.0405232801204154 0.0273497701512013 0.0445429787274047 0.883513177182734
-0.0152105616994116 -0.018096333215031 -0.541344715093518 0.46426652881578
-0.0147676689340292 -0.0204564225400184 -0.0425972318753103 0.113772314731637
-0.00934478644009846 0.0261300271275408 0.586280538011236 -0.348190002328975
0.0189796340780943 0.0273368658585018 0.131080668704489 -0.934407242075927
0.0526719035760917 -0.00181824449633196 -0.727770721556526 -0.473040175643926
0.0249246524660255 -0.0446565583138014 -0.529728386367588 0.388942000517747
-0.0257555671624144 -0.0153408677961254 0.0690120075233762 0.436312367672611
-0.025304063396317 0.0241236302770684 0.192690520958649 0.0595365793116679
-0.0021292154561447 0.0380253716339257 0.0124943397661144 -0.223154994208801
-0.0049860595159693 0.0194717379168789 -0.000439862280032864 0.203891163844114
-0.0170471985528224 -0.00391968650584971 -0.166160994392252 -0.000725238987043298
0.0141908413568381 -0.0115542233158957 -0.0795665160087018 -0.397005036869055
0.0491889807685883 0.00087310131946906 0.426016727394413 -0.368479232579325
0.0121414702674294 0.0517665164888074 0.738342304262655 0.310969110444505
-0.0393782284625441 0.0275483546109471 0.0288586542043674 0.889839894171663
-0.010146253391018 -0.0191134628763848 -0.546492850664937 0.45774988000993
-0.00899720723845867 -0.0201397432875565 -0.0380762981669005 0.111819374454193
-0.00632569674973334 0.025830701706161 0.58622845833721 -0.354500521465736
0.0209496982358055 0.0281762419753343 0.114913637297956 -0.934429845224347
0.0532678753668178 -0.000573297870108434 -0.734939171972574 -0.457237942235739
0.0238907070277683 -0.0427823863393741 -0.522453497610331 0.403141361243783
-0.0274889150332677 -0.015080286434398 0.0715689281285057 0.43908952816037
-0.0268032073816058 0.0235029295763631 0.191646468753333 0.0587190267139443
-0.00298139122807384 0.0382926123334457 0.0111898840655857 -0.220368894045049
0.0125424172813153 0.00569453172956777 -0.00320409394598185 0.202112787488847
-0.00124183927398495 -0.00863549079995367 -0.170050688305247 -0.00787584862242597
0.0218537478122684 -0.0193646662770087 -0.0826115765397397 -0.39799313693123
0.0408786482815277 -0.013129455397302 0.428120631021299 -0.356057510975347
-0.00236152950771821 0.0405434062073419 0.729582759723424 0.340071771575758
-0.0503061886863402 0.026048024326013 0.012825829821329 0.904194108377072
-0.0359268770770544 -0.00676770078924625 -0.536097667131085 0.454952457808575
-0.0422484319999191 -0.00683213529946538 -0.0143222500454639 0.114731681952064
-0.0274971005234121 0.0397558783582585 0.586164760075477 -0.363662023062823
0.0122714374933709 0.0268075329796241 0.0888943269960313 -0.925072547383983
0.0401475732556337 -0.0143723841544791 -0.746937425836685 -0.419782066401523
0.0153333948582564 -0.0562834123894694 -0.512717387306472 0.421250939783468
-0.0199899961586953 -0.0207351087652372 0.0775966692645015 0.429106134008898
-0.00760340794080964 0.0204692403769978 0.186905122799129 0.0437140870501163
0.0198902555331428 0.0293616284559685 0.00317412060589918 -0.228529882877771
0.0108253589556549 0.00585190339214253 -0.000260591374267624 0.199695094866532
-0.00258710203869842 -0.00795352648479643 -0.168118571446613 -0.00592240347688592
0.0211800022467111 -0.0194157481043847 -0.0859790491072383 -0.398411749257666
0.0418919042228503 -0.0134699048866162 0.420151212103941 -0.367819453867593
0.000974219899608287 0.039387244885812 0.733601701519822 0.317484211118171
-0.0496859155744547 0.0261861189090982 0.0285046544368758 0.89649247225033
-0.0373345269122559 -0.00660886430155796 -0.532624202612006 0.461175267038327
-0.0428506944847441 -0.00977160556013392 -0.0240410988716632 0.11683219623598
-0.0291668902309121 0.0371670237496263 0.588968969979676 -0.354999788445253
0.0126616327100006 0.0257569352726383 0.107683070497856 -0.928346346261244
0.0430982960655955 -0.0154299864776993 -0.740522339614282 -0.443095168207208
0.0175654307971021 -0.055343301367281 -0.521266982304605 0.406165792089539
-0.0189016596449637 -0.020830353064725 0.0726713318776586 0.427196873362891
-0.00878832587560911 0.0211810677048158 0.188404756474151 0.047695906430819
0.0168750519912942 0.0306062687908049 0.0046103739317188 -0.228842245248049
0.00856515150090837 0.00740163536881593 0.001486899241179 0.200882166964204
-0.00380986874797558 -0.00656267549552137 -0.167512775338518 -0.00309375616622097
0.0196028035961281 -0.018913652065854 -0.0909302557050754 -0.399689027848776
0.0447368202428586 -0.013786789563469 0.412128144394361 -0.379435372946245
0.00395814301363249 0.0399086983469901 0.734764396283566 0.297940255096638
-0.0482941479503075 0.0273123485157676 0.0431773901459354 0.892268542363137
-0.0356290550594611 -0.0085162657716501 -0.530859460619343 0.468442180822036
-0.04104363226562 -0.0120365598649885 -0.0326144723915117 0.117100965498801
-0.028918198407051 0.0348188049584962 0.587658975926714 -0.345755716208508
0.0126086297983745 0.024860648922483 0.123442326480099 -0.931260748045029
0.0462284392700894 -0.0130454643654272 -0.733435658189143 -0.463207696492736
0.0222084470170049 -0.054532782287081 -0.530440606246382 0.392138532257586
-0.0193379465013284 -0.0205715750190574 0.0696954338243647 0.429340352327368
-0.0107715491761523 0.0210404798564597 0.188889178299543 0.0504299764933858
0.0146627538258128 0.0310847718114439 0.00717214207705126 -0.229278178357593
0.0042655159491313 0.0101366065763629 0.00206992570219931 0.200372425667837
-0.00633310319920468 -0.00554824179354073 -0.167114485476989 -0.0017825763518581
0.0207638932196519 -0.0174299639992062 -0.0927612367933258 -0.400558469760403
0.0476311432139744 -0.011297544766665 0.407286051000369 -0.387354158948849
0.00744846127661491 0.0402050658091628 0.738389900633046 0.284340726376446
-0.0464331192611609 0.0258655912108246 0.0524622753781694 0.887445225421401
-0.031814096457278 -0.0123125497808471 -0.530127056089867 0.471788746181621
-0.0354483790277849 -0.0151023816103702 -0.0393555001915072 0.117818394818759
-0.0261315951938453 0.0318257696287886 0.587357405736847 -0.342019869597553
0.0134748239428742 0.0254822391572225 0.136090891383647 -0.930548758157394
0.0488400620895256 -0.0108643744371584 -0.726850030236538 -0.477448881950485
0.0244934713408744 -0.0510270670932439 -0.532621012056463 0.383008757129881
-0.0202140753179839 -0.019313952594982 0.0671752346185044 0.42990787970471
-0.0143543191497038 0.0226612025301004 0.191036525561035 0.0545869272866238
0.00942751091906443 0.0328713406515412 0.0110380916358221 -0.227393133616983
0.00062725627016362 0.0123682366594352 0.00269258649532356 0.201822104063312
-0.00997391661028238 -0.00470866416411069 -0.166491026606026 -0.00052055085569229
0.018997442558196 -0.0152244485799159 -0.0929648841253773 -0.399451389291949
0.0487998398982206 -0.00938459673570965 0.404779590425169 -0.388321785773577
0.0108242067316941 0.0425320316319569 0.738562987994276 0.27979736054516
-0.0433586523032019 0.0266912330730728 0.0574083878970404 0.881979682862021
-0.0263687029215048 -0.0137562766258689 -0.531969523317665 0.472537320613043
-0.0292483567116388 -0.0177555913415405 -0.0433057817759744 0.117182251670432
-0.0210700335403586 0.0287781386308359 0.587150071622405 -0.339968778429909
0.014832905185258 0.0253982813679679 0.141448451253624 -0.930833754975059
0.0511669159292629 -0.00779431748711642 -0.724122263108168 -0.484128402578456
0.0261693576294626 -0.0488863925003412 -0.532527572308424 0.379875345248384
-0.0211680730618194 -0.0182002201926444 0.0672372620753498 0.431576613980475
-0.0182071343053803 0.0233068258416356 0.19123820965699 0.0571374470674689
0.0049802021518413 0.0342863161077268 0.0126068170655146 -0.2256625284669
-0.00248920428948013 0.0149709792443471 0.00288171218970673 0.201825031754093
-0.0117424531487445 -0.00330633863391205 -0.165719322258348 0.000892036222761551
0.0178446073569325 -0.0137248063630378 -0.0907115943984575 -0.399052641607817
0.0506661194986247 -0.00613240066061616 0.408373391827996 -0.386969466675861
0.0131212946204691 0.0457498919693593 0.738212115413536 0.279616139787791
-0.0417397633760929 0.0261446408265493 0.0528047139994505 0.880127031194894
-0.021311365698839 -0.0165000550041131 -0.533820385166099 0.46761739585475
-0.0216137495488868 -0.0199245677394861 -0.0449548450058041 0.115569917879652
-0.0155877155284044 0.0267663010102528 0.584949452233231 -0.340750722630684
0.0161551439423498 0.0258247942836083 0.138816548442428 -0.933876746133125
0.0526558732730548 -0.00367600115123534 -0.722201651226904 -0.483875693717739
0.0251794404618846 -0.0456592267496676 -0.529601357123623 0.382699674593221
-0.0240548603720326 -0.0167206072229103 0.0682706205665276 0.43429508855149
-0.0217682682234999 0.0239777706774636 0.191763670028727 0.0596863195225083
0.00171417432764658 0.0356627406083837 0.0130403321372859 -0.224802824094228
-0.00445539476221406 0.016323138532905 0.00123985137009966 0.20154666896178
-0.0155244780066186 -0.00308801386003281 -0.164929394008642 0.000194467256526035
0.0156328143402169 -0.0121272862381456 -0.0873059141579407 -0.396982146266919
0.0507409951367459 -0.0026418987136851 0.414082588697149 -0.381894780295566
0.0136607442253601 0.0487035396860623 0.737341379440522 0.290479342054432
-0.0400795747183186 0.0271193117267218 0.0427108628077203 0.881877054815228
-0.01472784719089 -0.0183686115246463 -0.539317259224441 0.463621375929635
-0.0147888333878465 -0.0209720152024793 -0.0422184341715235 0.113642448208787
-0.0100503300278769 0.0265502867032328 0.584063721276113 -0.347025368895269
0.0192430228875911 0.0275761734905918 0.129296938880975 -0.931608814512099
0.0530190820891864 -0.001474870340702 -0.729558416901679 -0.472678170570569
0.0246219681303678 -0.0445590794217621 -0.527123428986695 0.390179630025722
-0.0259211583149188 -0.0161003532848185 0.0698812768658205 0.434046776142473
-0.0245457905206578 0.0239557136245425 0.191601031361218 0.05904250370441
-0.00106797951494801 0.0369198373124307 0.012670071821828 -0.221163288215193
-0.00514788650372799 0.0178168951420004 -0.000123647998401509 0.202311165609867
-0.0178269825437487 -0.00262998670993192 -0.165562163019963 -0.000262342700997669
0.0141918437929206 -0.0112081583791458 -0.0814503044135628 -0.395340118255035
0.0491307234515726 0.00010880575970745 0.423401459636394 -0.369365065584894
0.012417552597178 0.0516333077203016 0.735509505451223 0.308434194556869
-0.0392069362608508 0.0272820166885955 0.028972523389074 0.887337892354949
-0.00978021090721268 -0.0194803637544243 -0.543591007194817 0.455365951142275
-0.00834971011279451 -0.0203136112282045 -0.0370391522967184 0.111127877201413
-0.00494342151462032 0.0262754209899414 0.58267062639636 -0.353978576679927
0.0199923060421569 0.0276133555096989 0.115443221027554 -0.932383229717343
0.0532598693070722 7.235688401349E-05 -0.733011985487204 -0.45520985470633
0.0227835252523665 -0.0423103212207838 -0.519244514205952 0.40337597928871
-0.0275936490734219 -0.0158311266515087 0.0719195394730367 0.437602995152286
-0.025696789537692 0.024238688282265 0.192152440595364 0.0583534821665199
-0.00166316221878506 0.0387075081328426 0.0115913865279805 -0.220359732086534
0.0118490113358286 0.00319118926097236 0.0358737504168007 0.206386567361613
-0.00329297103060398 -0.00678530517437202 -0.173667123611297 0.024457939236312
0.0129641890822145 -0.0241367666076603 -0.154541431166733 -0.3824389493064
0.0346070203765809 -0.0280469854429124 0.367555346467173 -0.434675002423348
0.0161416092358145 0.0331976297513867 0.790215654138327 0.201611972837361
-0.0315256763224104 0.0353647493419759 0.17388152392683 0.897384218223618
-0.036456698737234 0.00683861985888309 -0.448717011720213 0.540761283104194
-0.0410305060961593 0.000476951126598122 0.00757052201155721 0.115651123448868
-0.0152142927253146 0.0388295338958328 0.518925728109994 -0.475170897240628
0.0205652414163923 0.0151988257073087 -0.0944299717085718 -0.954226391969568
0.0285142670346313 -0.0288354683076861 -0.83239065097341 -0.272620315216413
-0.00689287907564351 -0.0567769200911882 -0.427994466417502 0.527233334749195
-0.0258891439331777 -0.0110382764134421 0.167117318733866 0.416382355560877
-0.0020208533498433 0.0240804741532497 0.19735029781999 0.00425673028060408
0.0269971911670329 0.0215670028350663 -0.0424487738085985 -0.230622119757234
0.0110900902136119 0.00418450469994205 0.0384091503579494 0.205728257817325
-0.00469518516935501 -0.00523628465604394 -0.171572105117932 0.0258543988297966
0.012969040234704 -0.023508194264086 -0.16024249304847 -0.382591905794468
0.036393941941223 -0.0290439863570382 0.357531471136507 -0.44408969279101
0.0177855495636861 0.0313340930989799 0.78993405594092 0.179685682500949
-0.0313332664535702 0.0357650500702537 0.189496542283484 0.888745958637667
-0.0370968421342413 0.00591459848738009 -0.445058455083386 0.546328638162116
-0.0424921523212898 -0.00122228966384499 -0.00147083246263456 0.118829879841199
-0.0167984385118428 0.0368847319121077 0.520393245299422 -0.466144553480192
0.020301231388213 0.0141051739565933 -0.076620104655834 -0.958391697099458
0.0314497060984382 -0.0298662550487762 -0.83174643266506 -0.296538080374346
-0.00353552387268227 -0.0580063149841162 -0.440327298061487 0.513432158360991
-0.0248760345205979 -0.0117513366885394 0.162515406544795 0.41673240332021
-0.00332379235211509 0.0255362469104623 0.199498278385835 0.0072188901658933
0.0257940147730413 0.0229988028639602 -0.0399923963139497 -0.232492620963632
0.00800654851316696 0.00568027018065675 0.0403973846032519 0.204004058245567
-0.0065913557430662 -0.00373834454604881 -0.170104949533514 0.0279296396152942
0.0128039329680055 -0.0231037404686385 -0.164110962288151 -0.381559960691752
0.0390181179228829 -0.0295108493399585 0.347664557699095 -0.456275304863461
0.0209857832495949 0.0306456682658627 0.789576209922499 0.159338670595663
-0.0297546829471608 0.0353761156964737 0.202177167749603 0.878759486191763
-0.0363050604171183 0.00499745809412553 -0.44067928850062 0.553640116746286
-0.0416458605631814 -0.00368151764894343 -0.0101937543790174 0.12101691174241
-0.0165099188152591 0.0339787956040506 0.52329601070004 -0.458807786682354
0.0210000762857502 0.013179958443254 -0.0590418147942546 -0.966878549992726
0.0345147951027275 -0.0289477573514138 -0.82663145353812 -0.316803953701388
-0.000154106809097068 -0.0566932987886222 -0.450199433548738 0.500663055358779
-0.024949562576815 -0.0113914569206386 0.158715796650023 0.416128122800643
-0.00404668431428352 0.026332406127184 0.201908231814572 0.00975470815405125
0.0217238269154615 0.0251407722229774 -0.0377154083526316 -0.231929832283032
0.00554914956121704 0.00842396924012567 0.0409593272901753 0.203058509652646
-0.00795101475454027 -0.00235061673302029 -0.16914579982867 0.0293610490834258
0.0123424856713385 -0.0220137009820251 -0.167170079051358 -0.382414026277394
0.041313946500003 -0.0289089373408496 0.339354425764482 -0.461129219308392
0.0245423303026077 0.0300830720492244 0.789028260891949 0.144418458303513
-0.0285836405619189 0.0346050824352691 0.211487930308784 0.874631172452994
-0.0332261123387079 0.00154134201225774 -0.439770134392912 0.555799169195304
-0.0370238080605363 -0.00766304380395808 -0.0166819070888571 0.123375835332162
-0.0143060837545282 0.0307900628331363 0.526031045219035 -0.451704509044633
0.0215432822497977 0.0134810171674568 -0.0461022113662163 -0.966618281400022
0.0375762332892945 -0.0272536533721429 -0.824610685845915 -0.33289467043868
0.00341623429140995 -0.0559528497336797 -0.455117050023604 0.493310540088199
-0.02540363610348 -0.0101058427534374 0.157195552690749 0.418145011855251
-0.00720193427990126 0.0280891239780318 0.203502126438619 0.0124846705158103
0.018227008639297 0.027323956769387 -0.0345842806913566 -0.231663952986841
0.00205294710300692 0.0112308350372652 0.0409773163061587 0.204854198961735
-0.0107066705986429 -0.00013482261344168 -0.168783787743762 0.0300676944260643
0.0117586878528748 -0.0200215096787311 -0.167189496738137 -0.381683576922123
0.0433779598218876 -0.0262961166648255 0.338208291412505 -0.46373124011308
0.0271864812589124 0.0313322483112106 0.788165538951149 0.139720134279831
-0.0265337926293267 0.0340127460466887 0.215527439251569 0.868656730939746
-0.0288458376254664 -0.00218775190559304 -0.441148849845472 0.556617602748479
-0.0307906537432604 -0.0115634965267919 -0.0211013234428731 0.123229211429715
-0.00996303441428036 0.027413772813999 0.523799353056542 -0.451515726655593
0.0230348255088094 0.0138249507554343 -0.0410635730130282 -0.967569949225821
0.0408654301980333 -0.0243620355747213 -0.823223990604787 -0.340933102632439
0.00496260153193557 -0.0525434984787852 -0.455563806122292 0.49013805738894
-0.0276409674134897 -0.00820299658615062 0.155725115898561 0.419680903029609
-0.0118889003778518 0.028836113295643 0.205782988051868 0.0150916346106445
0.0140680420688505 0.0295703789824279 -0.0315392234952412 -0.230649528911142
0.000407903624580725 0.0146154432300851 0.0414121362783879 0.205375786283611
-0.0129038964283212 0.00108266219858005 -0.167064656537249 0.0307611513648387
0.0114705959195171 -0.0182907414738307 -0.164527881398215 -0.381767902869452
0.0454908457171167 -0.023842904529104 0.341867041513709 -0.460943422336524
0.0310041501696261 0.0344450199554936 0.789184822584415 0.141043919485975
-0.0248004444969914 0.0343810480856574 0.209906230944803 0.867549154677529
-0.0237824286267877 -0.00597353427696481 -0.444177486341077 0.554402668015718
-0.0243470673660702 -0.0140635197015703 -0.0216558256294662 0.121521382426936
-0.00500214816227222 0.02528913913446 0.522263646984586 -0.450711843729383
0.0241791820505975 0.0139893547415007 -0.0448124709889327 -0.969986991861609
0.0423770280851147 -0.0217524494566529 -0.821900902192465 -0.338526314121142
0.00480604506325317 -0.0497970474646315 -0.452925650540254 0.490650838351012
-0.0292471121119923 -0.0070592254700594 0.158105865522157 0.42210645815626
-0.0147406496206156 0.0295388969358099 0.206705368545359 0.0171533611550722
0.0102702101536802 0.0324163411557105 -0.0307596982117492 -0.229459476369204
-0.00157961209253096 0.0167753792065878 0.0398313777647445 0.205702664693407
-0.0159407223729074 0.00201120658156895 -0.167554064433648 0.0309292845415398
0.0102184229630434 -0.0168839935181699 -0.160781508686449 -0.381232431457326
0.0465824218027014 -0.021201546528025 0.349169730097224 -0.457405796963927
0.0320227901004894 0.037655060612032 0.789887200048345 0.153353636649447
-0.0215950027377194 0.0341643342814461 0.201697915256587 0.870701114250921
-0.0185330133458012 -0.00969333433927417 -0.449221234800484 0.549150696479709
-0.0168086577158583 -0.0163037420606134 -0.0203321316774895 0.119663947470133
-0.000635430874418976 0.0229057532681789 0.52001679428846 -0.457062094711416
0.0265251615291529 0.0138252665735371 -0.0548148972284085 -0.965435445523318
0.0428294018354204 -0.01920363667817 -0.824493134312842 -0.328292987852141
0.00441557590763125 -0.04798226756696 -0.447194290240675 0.500128144931325
-0.0302276101020934 -0.00560783248728051 0.159348591188127 0.423995221267293
-0.0175553995288327 0.0322652411324942 0.207122593794899 0.0172793324431073
0.00805442227011469 0.03405329678953 -0.0299709371874004 -0.227272530302076
-0.00146858998726626 0.0188787721422163 0.0388060994266702 0.206397910081167
-0.0170619283182377 0.00213695960686739 -0.167380101384089 0.0295862976557313
0.0081008498314631 -0.0156525175366343 -0.154661529628404 -0.381173866659946
0.0458476282934893 -0.0179202885049329 0.358447774977732 -0.445733006350914
0.0318104089516037 0.0419156180407119 0.791849613906935 0.169602553264038
-0.021465466293558 0.0346053315339395 0.188344113543687 0.877250702150203
-0.0139320982080031 -0.0110650956069537 -0.455199990841521 0.544026475748061
-0.0119698105614877 -0.0175281475067768 -0.0153007551103889 0.117103541178118
0.00426874848352607 0.0227071765395502 0.516144298377169 -0.463001788557424
0.0279090635889326 0.0150636139677577 -0.0690210640576118 -0.96179902772845
0.0430227460723322 -0.0165656167463261 -0.826733184742554 -0.308141270357084
0.00341764672899603 -0.046338710114243 -0.438221364310787 0.511200911540865
-0.0316038418617857 -0.0044522205242603 0.164270717730977 0.423291084628544
-0.0186155182295693 0.0325937404493879 0.205965952027041 0.0165300453015396
0.0073994727300013 0.0355157803010212 -0.0313589649469821 -0.225237665377992
0.0117986571157846 0.00310879602057514 0.0366087575385105 0.206150705368906
-0.00358039628877869 -0.00621193744334782 -0.173166445337569 0.0251540304095491
0.0131950784437201 -0.0247127749518736 -0.156115469899154 -0.383111556452205
0.0345750020547656 -0.0285371069994092 0.366259263250056 -0.43691788464342
0.0165408640280684 0.033897643058996 0.789754606668885 0.201262617029127
-0.0317912637657947 0.0349926282069321 0.173935169520547 0.896747311486833
-0.0355617616533121 0.00612911448904453 -0.44853663162054 0.539368749874353
-0.0406145340700808 0.000650076283185187 0.00756518242821778 0.115394275522068
-0.0149705161491035 0.0390907023508185 0.518213357258605 -0.474397102552663
0.0201297283594176 0.0146177958544411 -0.0931487095415473 -0.952261514160246
0.0288687042460431 -0.0285347415518194 -0.833625001831073 -0.270310333127811
-0.00805523721545645 -0.0561984477543202 -0.426812376950657 0.52852794536354
-0.0258959782842125 -0.0115290870496615 0.167328555015256 0.415462534074485
-0.00132452383182574 0.0244488189716047 0.198691646188548 0.0030348297396042
0.0273909185485274 0.0223068854149425 -0.0419879107072116 -0.231097454972037
0.0106793309929421 0.00385107215662102 0.0394051069125848 0.204361411415185
-0.00443917853194536 -0.00459974191845846 -0.172066902278041 0.0266814228192143
0.0121261486125851 -0.0245446628008556 -0.161082805627747 -0.383054424931188
0.036358126009652 -0.029810679297482 0.355965262865404 -0.44616757702562
0.0186230540530435 0.0329004829142898 0.790207832340118 0.17719894763634
-0.0310237610911004 0.0350880882612821 0.188833444435737 0.887246537562817
-0.0373890821719226 0.00617956819436019 -0.444119637765414 0.546826465876428
-0.0417275459376673 -0.00106114567023213 -0.000340749602011623 0.118325117179647
-0.0175635810767231 0.0367664447818709 0.52200383365725 -0.464539441831002
0.0203562026243489 0.0138328085969174 -0.076346968673883 -0.958841135601837
0.0311826527501907 -0.0289690887728156 -0.83053432069219 -0.293190069413426
-0.00407441289158887 -0.0564837211093308 -0.438162435236347 0.514079056835317
-0.0245883784360673 -0.0116873103406667 0.16358241764235 0.415993506141539
-0.00192689533028297 0.0249157564481799 0.199900517882488 0.00666670940340102
0.025520284544527 0.0231622191101634 -0.0405108628656087 -0.231772391421982
0.00775741756591597 0.00478352370317345 0.041662121225499 0.204219343392372
-0.00616233928665348 -0.00330876953405102 -0.169949937555212 0.0284065350204655
0.0125458014249511 -0.0229643082241903 -0.164324009732794 -0.382794461985215
0.0386969663737897 -0.0293675667658702 0.34570052492283 -0.45562179354012
0.0210885315241856 0.0312859628717847 0.789602836925623 0.15679472192349
-0.0302519614207613 0.0348853549290555 0.202454581013393 0.882039293014637
-0.0360405892972724 0.00349533274469455 -0.440283655499222 0.552259319041862
-0.0415710043526097 -0.0037106361446135 -0.00944674200484815 0.121393579124712
-0.0167828489706816 0.0343487024195058 0.522773159930213 -0.456317877168301
0.0209801957756832 0.0134295917870155 -0.0580428619904359 -0.963683118281389
0.0350494823939205 -0.0288941945615318 -0.827599527666463 -0.318021259112072
-0.000348682182852719 -0.0569876746302436 -0.449061570428245 0.502156380941419
-0.0244921136097709 -0.0110651233633759 0.160181669754099 0.416209546212755
-0.00386873209636162 0.0265416911775147 0.201308930508499 0.00920799002060398
0.0228957284646867 0.0254743676830303 -0.0373272211552576 -0.231832433142369
0.00506569206063649 0.00780184150458166 0.041417449957969 0.204665853344101
-0.00863064626459693 -0.00180256775846053 -0.169155208932816 0.029358870766948
0.0119556759743779 -0.0214993486231752 -0.167668423651123 -0.381725963153998
0.0409014837881018 -0.028700778864087 0.339040180730126 -0.46255658585309
0.0245986367681383 0.0313998166197368 0.788523003226602 0.142092194267601
-0.0278688791100927 0.0341474070017771 0.212824084114583 0.874492058962539
-0.0328251244999884 0.000989483581287968 -0.439220568780292 0.556135386552355
-0.0373541213345621 -0.00789920731591011 -0.0160566840495965 0.12330155931252
-0.0143477084468765 0.0304243210342297 0.52519358620109 -0.452555759029267
0.0218910246372844 0.0133148630870483 -0.0453943350794153 -0.967297216028267
0.037992946227189 -0.0268224094153657 -0.824253708445505 -0.332347505703824
0.00276701308421953 -0.0551243712888135 -0.453704992397358 0.495016713664788
-0.0254260600216987 -0.00969349399774376 0.157575659844899 0.41743122944206
-0.00669658174222797 0.027503842556288 0.203657467177317 0.0128696271082811
0.0189221545352622 0.0274367938372026 -0.0341528508716573 -0.232022604338391
0.00208345373357475 0.01091963382313 0.0417662928674906 0.20388646793693
-0.0111682339184012 8.63159963681963E-05 -0.168244524703821 0.0306160613288916
0.011708141113219 -0.0197288149484802 -0.167967623893195 -0.382216555472868
0.043736426064748 -0.0273185121763443 0.337648489687651 -0.465118843155198
0.0280796279417534 0.0329138304021292 0.789708453288122 0.137940637621105
-0.0259311962761567 0.0337488847686846 0.21394428610161 0.868886838809036
-0.0292954613424785 -0.00283607137249303 -0.441327876687818 0.557376876404402
-0.0311645053802444 -0.0111757247923999 -0.0205637564459731 0.123185716124107
-0.0103031522988372 0.0277951370945274 0.523393309694756 -0.451708939343276
0.0227514865288527 0.01267032961115 -0.0425039230617939 -0.967579735645796
0.040368132935378 -0.0242979608814031 -0.822703699481196 -0.338715491349696
0.00463104323070146 -0.0525913238742775 -0.456174658584309 0.489992524670736
-0.0274310270706891 -0.00725609255690661 0.158739432258258 0.419265306918194
-0.0106547520150375 0.0292069545998498 0.206087382987752 0.015088650310179
0.0146873788765624 0.0299478002742254 -0.0314866800895231 -0.230306850031912
-6.35894588601974E-05 0.0142300963030571 0.0416028269850287 0.20512070513981
-0.0139708166697816 0.00102440836813694 -0.168034638269499 0.0310005417567205
0.0103563571303867 -0.018127085821872 -0.167189092466478 -0.382057514130792
0.0452838997408349 -0.0237623144141399 0.340949291352505 -0.462560140924924
0.0304425841908949 0.0350643285834666 0.787420958907541 0.139078439940925
-0.0230060797836542 0.033745767256712 0.20870422150697 0.868441581367663
-0.0238759860321483 -0.00684541042591896 -0.444268117211826 0.552791629624695
-0.0241797883546374 -0.0136479696385482 -0.0222591089081988 0.121358787957306
-0.00535761432243542 0.0246760351330491 0.522827657644992 -0.451753169450622
0.0251328338300711 0.0137381957485966 -0.0437065423543231 -0.96987216415479
0.0416005854005281 -0.0216162133690793 -0.820573107047157 -0.338893374487276
0.00475572881164838 -0.0494060651684655 -0.452848812787757 0.492929697469462
-0.0290661928909856 -0.00694313676692376 0.158584202613011 0.422205423351649
-0.0145276099966023 0.0309043503269332 0.207490709848029 0.0182976139970483
0.0111109602889564 0.0322767223046125 -0.0317484374619817 -0.228474166499769
-0.00123705886599555 0.0164887156079706 0.0400714503012732 0.205663545040596
-0.0161128801838703 0.00201643923666205 -0.167286413864033 0.0312424374543859
0.00933691998968569 -0.0162749541782332 -0.161243235567046 -0.380699884383103
0.0463687014610393 -0.0207258728069667 0.348989825931493 -0.459716673429438
0.032530760187747 0.0384032258978673 0.787991956708043 0.150005034563694
-0.0221980897820801 0.034199859184745 0.201035183827136 0.870636883373576
-0.0183670876795462 -0.00960398330613844 -0.448788119496237 0.549438222931992
-0.0162265835954836 -0.0159485824064036 -0.0199347462181794 0.118895688779836
-4.8850392334045E-05 0.02231443610867 0.518733440179613 -0.454115744012024
0.026233160523945 0.014429426304482 -0.0542008671193604 -0.965106267815948
0.042648215660276 -0.0191441663075747 -0.823023850616698 -0.325009955589282
0.00444889906648417 -0.0463162547012827 -0.446419415790692 0.499884813212524
-0.0310658598971745 -0.00491317764347565 0.162254763271725 0.423527294552362
-0.0173854525982045 0.0316289236990996 0.207712422520276 0.0175262522629822
0.00908806650215413 0.033619879008121 -0.0302406651257939 -0.227266065422121
-0.00238612504768386 0.0171278348155311 0.0391712238681295 0.207145097590511
-0.0177893491362502 0.00246623175359051 -0.1680994098517 0.02961846591107
0.00876353158657352 -0.0156627275330247 -0.154665671239618 -0.381614228622172
0.045705716612508 -0.0175168484722617 0.358098527725868 -0.448143671163042
0.0322447711299997 0.0425741656560091 0.790478171787743 0.166409739353037
-0.0202745563129601 0.034350085586559 0.187622148448329 0.878054642212694
-0.0137315055728031 -0.0123012150254111 -0.455095064964343 0.543720838309635
-0.0106122009807471 -0.0174287287808412 -0.0152678744519708 0.116473087353298
0.00384886272736417 0.0216947493771292 0.514636196534632 -0.460287879717263
0.0284260395193876 0.014842564793447 -0.0694643511252649 -0.964055981162015
0.0425859868787453 -0.0170090546751019 -0.826752558959175 -0.308066068436504
0.00261280845592591 -0.0460665930378554 -0.436236611324662 0.5104278737642
-0.0312751593433419 -0.00415408196476652 0.163730259160564 0.423382513644729
-0.0181134460736771 0.0320159785114014 0.206899249934876 0.0164805917283378
0.00731944488593925 0.0352011662495053 -0.0309178658316635 -0.225287207508696
0.0118235368986245 0.00141163725338239 0.036904431046858 0.207009438959195
-0.00394062171568749 -0.00589615496622995 -0.173958167225562 0.0239940971876346
0.0124163028357368 -0.024701717047543 -0.157399962346947 -0.38326299394504
0.034212250118799 -0.0287052850068388 0.367352560970635 -0.438092495291399
0.0171417534835377 0.0349316849026684 0.791127058511338 0.198259459879996
-0.0319437729807609 0.0350968828644235 0.173536710582488 0.899635752005533
-0.035615528251135 0.00536542316298984 -0.449629496703039 0.539337049658509
-0.0410822166213406 0.000298423781890797 0.00729118146390004 0.116289434802401
-0.0156321765187222 0.0384804232330073 0.519690805459645 -0.473499952400926
0.0208994180244672 0.015699759582642 -0.0932644985660937 -0.952606045464563
0.0287000248716302 -0.0290116754626504 -0.835946255342122 -0.269986641163614
-0.00750428236076118 -0.0563628016359001 -0.426324392848807 0.531150104513955
-0.0258731728637705 -0.0109658444710353 0.169867980332939 0.415157143814797
-0.000681471045348561 0.0246372017315172 0.198390058491269 0.00355866191925975
0.0272847371774991 0.0218893786402354 -0.0417610160600007 -0.229792741977418
0.0103056491921584 0.00327857471722297 0.0391127143050063 0.204915362652195
-0.00497300224067114 -0.00438568232953686 -0.171815104662362 0.026533172428168
0.0124541453957055 -0.0245976576684454 -0.161796471990348 -0.383173746598756
0.0355680479630484 -0.0302099918138838 0.356319426902535 -0.44854546786612
0.0187247307010073 0.0334286715330978 0.790168511558459 0.176147320970722
-0.031527346702595 0.0351567882426994 0.189279244127118 0.889889496488982
-0.0368559126245019 0.00534799530044937 -0.444455978165744 0.547278075043139
-0.0423660108914941 -0.000723577039431084 -0.000335093437577441 0.119159519565011
-0.0159520727213509 0.0366150406874148 0.521829331706829 -0.466482369292309
0.0196430208069389 0.0134477175187959 -0.075977161167752 -0.959021786748199
0.0320909635009071 -0.029256511874515 -0.833137429472302 -0.295915796291033
-0.00405807746575938 -0.0568333988311221 -0.437127807146247 0.51610365293905
-0.0247207384861176 -0.0110961199365676 0.163735203515755 0.415739958833005
-0.00118000941852495 0.0254859523916529 0.200702340746401 0.00634139928125484
0.0265359859450244 0.022344680767458 -0.0402282869622605 -0.232151985035113
0.00770012122576087 0.00431459099121167 0.041457998017126 0.204718412887363
-0.00601807068355148 -0.00299199124346351 -0.170215969485 0.0290088815701133
0.0117183358427396 -0.0232941910024548 -0.167820752019102 -0.382616125008774
0.0383576457156996 -0.0296267676670426 0.344591762697961 -0.458509706215816
0.0225246323991842 0.0319300364285424 0.789308068059901 0.156571611883886
-0.0297382023193897 0.0339713092864716 0.203329766395879 0.881336989867021
-0.0356700942022918 0.00436734021839075 -0.440731548007734 0.552647501239638
-0.0408246210977826 -0.0038825365444683 -0.00856927810774538 0.121399250775293
-0.0167022226868625 0.0341430339606683 0.523940651054937 -0.456915585222933
0.0205010081381611 0.0134275198592164 -0.05887659015315 -0.964354854515735
0.0338836974566484 -0.0292637738039714 -0.830042924640576 -0.317922698843802
-0.000455677439612542 -0.056659512299154 -0.44803153217749 0.503774987379062
-0.0249714309996834 -0.0117193104129352 0.160645282882621 0.416483795651512
-0.00314943040690207 0.0266230196488408 0.202696712019611 0.00943111913948458
0.0232778473604326 0.0249640066179846 -0.0372059550225025 -0.231967893130587
0.00502696163776059 0.00733581097715068 0.042404587929879 0.204740079373064
-0.00855592093108623 -0.00151001646840801 -0.169247652953604 0.0305892028565423
0.0122675381084924 -0.0216050473266239 -0.168551076209386 -0.382533625237597
0.0409975249509385 -0.0290070334881208 0.339228083159905 -0.465174293680107
0.024979002440058 0.0320630844990865 0.787631770529627 0.141914559423165
-0.028786187250781 0.0340830122731844 0.211488463591454 0.875612606011323
-0.0334138238080953 8.9122301266318E-05 -0.439988911857606 0.555651625370844
-0.0364246146826533 -0.00709006281654313 -0.0157180979999605 0.123341128314295
-0.0142268999552631 0.0302641123292526 0.525586745532007 -0.4521532372106
0.0213360458279578 0.0132645401328078 -0.0472858116595679 -0.968992756581117
0.0373916715783221 -0.0275199283843637 -0.826935788265335 -0.332670884170133
0.00246442081258603 -0.054700993047326 -0.45357809329489 0.495629648587526
-0.0255810154397746 -0.00923830780180878 0.159946926380457 0.418261376363605
-0.00675851583686666 0.0281005325213995 0.204789836918833 0.0131341371161845
0.0193783619879421 0.0267891430474321 -0.0352506215090052 -0.231356231326443
0.00138988291491985 0.00978052263147519 0.0420268577188294 0.204412068613841
-0.0115630648488394 0.000557841033032478 -0.16838223282653 0.0306791715816068
0.0107463553274641 -0.0195514020552171 -0.170256061187816 -0.383037837008179
0.0427620755083324 -0.0270813727057001 0.336201602929247 -0.467655975020533
0.0279606310388975 0.0337738294981246 0.789327263041786 0.137122022244745
-0.0257969744374386 0.0337048608088601 0.21516370600327 0.87227408220572
-0.0288385349003754 -0.00337209768660005 -0.441624577150255 0.556998543968664
-0.0311896675421251 -0.0110382480388733 -0.0199585272825694 0.123058428705819
-0.010113134557784 0.0277311830783692 0.523908961309615 -0.449829068235708
0.0222711059673221 0.0131935520233786 -0.0430971797375514 -0.970630108332819
0.0399495356554335 -0.0241672076465816 -0.823845960080944 -0.340774249471241
0.00407190707423203 -0.0520433153624343 -0.453642960460183 0.492860705758796
-0.0271174154992698 -0.00758737301640906 0.157874765827457 0.418915001926966
-0.0104229887512907 0.029204411722627 0.206879562301057 0.015882748410034
0.0155113193272519 0.0290037933267425 -0.0324331707102972 -0.230388025160013
-0.000129910817167067 0.0132312853202897 0.0418857967073053 0.205139542937301
-0.0132544005223712 0.00194369594321548 -0.167095638684499 0.0314021428143569
0.0107407697131407 -0.0191916477753688 -0.165695625134806 -0.383048299913845
0.0443016770728979 -0.0238949794099415 0.341441518519768 -0.465183067911408
0.0312359777675388 0.0356364151067499 0.7870954500655 0.138555481500619
-0.0231300789612559 0.0327640040329933 0.20858346986006 0.870828709498677
-0.023242548757211 -0.00726147039526456 -0.443881256884514 0.553084572708997
-0.0231020730631778 -0.0136972096501417 -0.0225813026862188 0.121752754757522
-0.00517346258463737 0.0244149621532792 0.523187048359737 -0.450843470994634
0.0240942815467948 0.0141976256872871 -0.0450095107701241 -0.971153282403487
0.0417662473842435 -0.0217318542900946 -0.822983865862681 -0.339126750694842
0.0049792077728348 -0.0494407478895657 -0.4514968001562 0.494757649957232
-0.0294544564230014 -0.00620634201264631 0.160118331795633 0.421726720354665
-0.0140201352025652 0.031208619602408 0.208405405067659 0.0173826754410056
0.0118639981028219 0.0314844545617097 -0.030942586768847 -0.229344662909426
-0.00255466974012333 0.0154098887409431 0.0410832693922332 0.206928148534666
-0.0162812864759648 0.00233848586748109 -0.168023819881549 0.0315616121794775
0.00895138197316164 -0.0170115637864447 -0.162129876849574 -0.381585164515522
0.0453179057204238 -0.0217052802725969 0.347894471251731 -0.460967661638137
0.0325171711750704 0.0394250899442142 0.789742927526099 0.148538610194962
-0.0219629325267871 0.0336081645395013 0.201229315261715 0.871827946213164
-0.0178548096710949 -0.00976357320364112 -0.449723924538929 0.549744306142147
-0.0171102098218556 -0.0169096193874556 -0.0193444775835284 0.119646892095124
-0.000399565734193768 0.0213085977608539 0.518885090333812 -0.454550115633226
0.0256660319025046 0.014899587694358 -0.0540815034976802 -0.967909923821704
0.043743045494049 -0.0191893690805433 -0.826186470313869 -0.326820001261863
0.00363568194732464 -0.0469729839431049 -0.444466160984364 0.501110317475164
-0.0311050977266516 -0.00554425532901957 0.162643409158363 0.424081317067904
-0.0164977649677086 0.0319640731511157 0.208527523701656 0.0175272269433576
0.009998060883921 0.0335626753781736 -0.030149209981932 -0.227528223503624
-0.00298679445131112 0.0175886933191942 0.0397842975113902 0.206009442248782
-0.0173693415217711 0.00241826261365377 -0.168236109794882 0.0300198151898912
0.00838594004276993 -0.0153294324774431 -0.15674441015938 -0.380458929993492
0.0457135114932225 -0.0190998715212295 0.357654026514175 -0.449815130837293
0.0327278036511297 0.0422938887427831 0.791412834626496 0.166248045521063
-0.0209403770337816 0.0339478170498873 0.186781403827939 0.880779377687285
-0.013706211775097 -0.0123087708726332 -0.455975276024494 0.543936414988915
-0.0113311930592158 -0.0170762872722229 -0.0150319574990554 0.116848296837419
0.00487139445353045 0.0211341745671141 0.515642697948624 -0.461920432028176
0.0284348380622043 0.0152789956236267 -0.0703336575157507 -0.964986824898732
0.0432184087124221 -0.0170957158406897 -0.8287488435349 -0.307087885480646
0.00235758961894539 -0.045180322669593 -0.43729081034666 0.513291943148167
-0.031595465149732 -0.00357438965883422 0.167111961972997 0.423869954609427
-0.0172877570982045 0.0325749570404836 0.206562567487177 0.0160333332635899
0.00823922088304659 0.0347599210658914 -0.0318699627640138 -0.225319437410993
0.0112324315334855 0.000936293389570052 0.0374900031324555 0.206578332029355
-0.0035576715024086 -0.00482671784849427 -0.173294128172515 0.0250303561766592
0.0119443407560211 -0.0255793430121628 -0.159856563534131 -0.384812536110872
0.0343778948514191 -0.0298226844406449 0.366700081817848 -0.442091691170628
0.0176759037845006 0.0351573199046515 0.791869910909149 0.197407225811433
-0.0318671274835385 0.0344183897737698 0.172806596354777 0.903583421425338
-0.0359840958843436 0.00555145117222131 -0.449330787922189 0.541899749522234
-0.0408002836206515 0.000844679866008973 0.0076421442859538 0.115022239471296
-0.0151228465465872 0.0384148425842055 0.520902469535597 -0.473748733688257
0.0200715353025238 0.0152673509189045 -0.0949785062292363 -0.954897181511877
0.0285170746285241 -0.0288562577031822 -0.837814394248809 -0.271415549447744
-0.00766121839597004 -0.056221045576443 -0.426586417095914 0.531294185207911
-0.0258360228834559 -0.0106131489917154 0.172445985887164 0.416142805228142
0.000822503344763539 0.0246921455559816 0.200150330973908 0.00302548272997066
0.0292840378268367 0.0220201778427323 -0.0434234963683357 -0.231520551776311
0.00991645460026219 0.00252533818982596 0.0402964322858131 0.205584025882373
-0.00450187734762432 -0.00384971576066246 -0.171939430547185 0.0272296602857004
0.0118860247517452 -0.0241535137304331 -0.1638409574691 -0.384316093927877
0.0358820918013924 -0.0302054869580412 0.35611737202052 -0.452983796807938
0.0195294286834738 0.0338848940337174 0.792101825025297 0.175761499052246
-0.0314209516416604 0.0345569338464874 0.191325861576324 0.892954236447884
-0.0374873282799501 0.00488054209973101 -0.443917347449252 0.548845722567494
-0.0422165125838601 -0.000776163854183827 0.000302366482801768 0.119026458231035
-0.0160130675641813 0.03679422574435 0.523080646555193 -0.464149517565398
0.0200877223232794 0.0143413868599915 -0.0767237131703664 -0.96276663984196
0.0317300482405037 -0.0293365466459095 -0.83496352028836 -0.295734046132617
-0.00442804103705718 -0.056688735802638 -0.437290361275551 0.518618069114644
-0.0250266964764551 -0.0109029201092919 0.165944428161721 0.417493592279094
-0.000193084102397094 0.024722959325626 0.201823168581344 0.00600978314203982
0.0265707741147883 0.0224117358655519 -0.0416072467957795 -0.232203702730998
0.00742662902339777 0.00394974102850428 0.0410535722567921 0.204500512702395
-0.00650660164074737 -0.0026299996954243 -0.170768306958281 0.0292684364418051
0.0119938079196835 -0.0238824821786836 -0.168854813118063 -0.384506001833321
0.0378935289479376 -0.0298246718743267 0.346884599511058 -0.462957438933581
0.0224372594404326 0.0320537271192082 0.792421905987896 0.156191137588148
-0.0302459307406582 0.0349320119985364 0.204162846285751 0.884654835325776
-0.0360327579569494 0.00294671045497745 -0.440905625866898 0.555952841373798
-0.0405772719119128 -0.00315453416556762 -0.00842323173283512 0.12163220081522
-0.0166948284941142 0.0331244949679236 0.525590976370675 -0.458382695052991
0.0196555868083676 0.0132824012788696 -0.0600966863650172 -0.967677515687894
0.0350047717358595 -0.0288295659483377 -0.831820141888014 -0.316559546095911
-0.000737838561982118 -0.0562650397483419 -0.447602448785562 0.506854335439161
-0.0251632842835791 -0.00983684787690666 0.162929465006019 0.417980798094013
-0.00203550219390364 0.0273343024268062 0.203347263631465 0.00853208001368738
0.0240072297033934 0.0238613413351064 -0.0379208393534123 -0.232889892060672
0.00481133130403913 0.00701290213801287 0.0420803132380498 0.205420454394405
-0.00950581261682728 -0.000606342461874099 -0.168884504024592 0.0298559409618319
0.0116999019785504 -0.0219444944699664 -0.169378020158492 -0.383942684112441
0.0400710009884977 -0.0288515573979056 0.340360482511481 -0.468654902780295
0.0255947704701406 0.0325807287908364 0.791420614680635 0.14109238265006
-0.0280792091661164 0.0334776981904279 0.212403806725546 0.879672009932654
-0.0329250719518547 2.11833713691101E-05 -0.440336943421366 0.557800333022631
-0.0365498803015816 -0.00727083895755815 -0.0150114945511203 0.123013020088959
-0.0143782275027123 0.0303013302913047 0.525657291851209 -0.453070558977392
0.0205496837827728 0.0133595606151381 -0.0475453374546266 -0.972270398316432
0.0382393952558037 -0.0265527978649489 -0.82657171011408 -0.333984289184573
0.00206322642874831 -0.054452297095331 -0.453245843284331 0.497800703118374
-0.0260145305971743 -0.00890824188100443 0.160858938559768 0.418704596656069
-0.00574935069804541 0.0278624179058913 0.205819752478847 0.0127367835774852
0.0203404174041145 0.0271986475052349 -0.0343903276425878 -0.232603461068628
0.00125400612358595 0.00976879026085398 0.042917513934948 0.205042808298753
-0.0110837367272762 0.000141878820368906 -0.168719093006892 0.0322784165073008
0.0109896914415285 -0.0201926623946213 -0.171842581597906 -0.384355207910551
0.0433297081336784 -0.0278662671206912 0.337208792502896 -0.471315635800376
0.0289676840949623 0.0341708217399466 0.789552710782612 0.136013622324582
-0.0253443358470886 0.0334678631635157 0.217001827479744 0.872979120322087
-0.0292005410331282 -0.00388657342374517 -0.441631152978046 0.558882358831385
-0.0307261302573459 -0.0110334913756417 -0.0191414743195308 0.123156964314289
-0.00994562317428617 0.027028169633279 0.52537942025456 -0.451233519326093
0.0234236928060394 0.0136044634529921 -0.0430979555128278 -0.973005951298238
0.0399547622355128 -0.0245848068267837 -0.827621327546338 -0.340939735509186
0.00314820231830551 -0.0523124523316684 -0.455350185051828 0.495327692972013
-0.0276003036164424 -0.0081364731863901 0.161741377123036 0.420949786213389
-0.00966899243787385 0.0294742015579382 0.208460998602915 0.0153157661942813
0.0160502100526289 0.0299342841821256 -0.031707093054628 -0.230995302817682
-0.000841486013053954 0.0123025962670772 0.0427299410973514 0.205867733145459
-0.0137799258839263 0.00277294289048632 -0.167639896285545 0.0323527848375278
0.0103837417656399 -0.0186028155127612 -0.167273503240905 -0.383680762231322
0.0446933227824079 -0.0251305041604484 0.340463446589047 -0.469021913620891
0.0317913910050259 0.0372489687933906 0.790806018899397 0.136317366908041
-0.0236071078852944 0.0329646176299924 0.211031603434606 0.873388260911671
-0.0230944158925865 -0.00777208405885199 -0.445256158496482 0.555250095389792
-0.0235686945605868 -0.0137024140222015 -0.0213920018982239 0.122130393003384
-0.00509987812966459 0.023960624252626 0.522757751427289 -0.451066594343235
0.0241155878873873 0.0143459724200464 -0.0437629986607262 -0.973929755472761
0.0418409531893868 -0.0220175291519371 -0.826485369141993 -0.339390347455605
0.00447966617464864 -0.0492552736317853 -0.453412660425769 0.496852939913904
-0.0294177775770775 -0.00615085511732472 0.161841124256283 0.421872571690977
-0.0131923916586288 0.031033285109223 0.208717176168417 0.0164746627948158
0.0122872816350452 0.0315681395106109 -0.0307976900829718 -0.229249744697751
-0.00230895566584376 0.0149664524451542 0.0420835401523758 0.206243255362609
-0.0158753788069272 0.00287718972652231 -0.167590314382577 0.0312516536142151
0.00851717429530988 -0.0178567879608784 -0.164103633602816 -0.382652278505006
0.0454209677836975 -0.0222795108861167 0.349540934894666 -0.464703752982401
0.033760225307381 0.0389059774640235 0.789565489619378 0.146912935499069
-0.0220093626384806 0.0339723657094947 0.20404922017018 0.874740529285518
-0.018587521520022 -0.0100937889853535 -0.449812670936602 0.552690954396978
-0.01699405834085 -0.0163280197681299 -0.0198852028957315 0.119875946634754
0.00027748500128947 0.0219273000410479 0.519165502120873 -0.4553965858274
0.0265475095757566 0.0145182374083381 -0.0559447258738838 -0.970497387508405
0.0434195037046961 -0.0188308925702129 -0.828658963919481 -0.328580604430889
0.00304756810693359 -0.0465646143893445 -0.444871751364048 0.504876137787172
-0.0310340018658524 -0.00481513509719431 0.166106692831508 0.424828403761403
-0.0152295630806525 0.0317000396354511 0.209044132871222 0.0166356000113613
0.00974832111983838 0.0337092190366851 -0.0303855043830615 -0.227600683221986
-0.0031173352287123 0.0160353193089862 0.0402574465143323 0.20698578427484
-0.0185223503035744 0.00327327559118701 -0.168920318681069 0.0305597449520272
0.00762899296253907 -0.0167068844876694 -0.158636962802085 -0.382987374096908
0.0445468636433282 -0.0190570920428268 0.359688520990354 -0.454144489664426
0.033309350663304 0.0434363371668733 0.792077412434563 0.165158194627196
-0.0212035220364182 0.0337383316440981 0.188780156238746 0.882807638902173
-0.0132357305823217 -0.0120152040070915 -0.455750252275181 0.545094950263411
-0.0106702243096335 -0.0175538489546649 -0.0148259723231818 0.117396183124751
0.00400296857425458 0.0211143517918616 0.516724057505272 -0.462662445328186
0.0279158075639767 0.0150333951423483 -0.0707919959783635 -0.970009479346987
0.0432702932818257 -0.0177978875465903 -0.831172959105792 -0.307912387429627
0.00226518074645833 -0.0445359308059583 -0.436649280423729 0.515537069207628
-0.0322512663187888 -0.00370678257168833 0.169392381569091 0.425280805310029
-0.0166053843073999 0.0321401416294309 0.207988128456888 0.0157496644554755
0.00918917030005336 0.0348415256941713 -0.0315529406981197 -0.225801946915036
0.0109170083087977 0.000650331039062774 0.038827464553783 0.207814472732561
-0.00379616989785497 -0.00487711872028507 -0.173796456855051 0.0260474261903399
0.0124159245615523 -0.0255859799633715 -0.161901440016724 -0.386212274710747
0.0332681465508472 -0.0292101164502379 0.368224624676373 -0.445797229111956
0.017805174792044 0.036213740747529 0.796674603495512 0.196504075410749
-0.0322222072911987 0.0346201468259491 0.175185430781358 0.907132669056183
-0.0355419906445965 0.00558223038490723 -0.450694263054627 0.543493165833404
-0.0412794467558561 0.00127787255989123 0.00831023889573167 0.116159688051696
-0.0150593812120786 0.037979618145719 0.520702869567913 -0.475769493516448
0.0196661063565626 0.0151353981854857 -0.0971312296292676 -0.962146783369828
0.0296376823039723 -0.0285275957946239 -0.842531784428308 -0.270921360348583
-0.00831179013599024 -0.0557455426073953 -0.424770988902752 0.535652650475063
-0.0261368009569451 -0.0111026207586667 0.173671404406861 0.41857562884024
0.000966210850612907 0.0247399633837115 0.201415308999486 0.00271190987865789
0.0296355816229303 0.0211772260917121 -0.0433307228745976 -0.232521198563565
0.00885807714822455 0.0012516978187615 0.0409207218003662 0.20640136441794
-0.00470500078532169 -0.00429922693599326 -0.173100784959245 0.0282089693829899
0.0116846985094663 -0.0245795497589054 -0.164937329444849 -0.386779401007484
0.0353171339064169 -0.0309797305889491 0.357015244758802 -0.455772534378739
0.0203827855141552 0.0342684279712795 0.796858178477285 0.172735010718254
-0.0319206146175898 0.0341249645162117 0.193733572082016 0.898192965584213
-0.0364135476417128 0.00445075274571361 -0.445252197204302 0.551595589816689
-0.0424747996362477 -0.00038414043135282 -8.63317009160334E-05 0.11903760484657
-0.0162379066361633 0.0366910581988492 0.52527683751693 -0.468716457933074
0.0197383638458683 0.01485030725499 -0.0792364840199428 -0.967103048735665
0.0315441847405693 -0.0295015998402229 -0.839255434535084 -0.295818978986058
-0.0046681546229672 -0.0571753239364513 -0.436657836741291 0.522696752485422
-0.0250602824551413 -0.0115660351917143 0.16875739381211 0.418457043967456
0.000307893440709766 0.0254435404459331 0.202898408127642 0.00496210371000964
0.0276030287596665 0.0222015316338795 -0.0417289055437406 -0.23410816251832
0.00663816464220848 0.00457566336657133 0.0427131243608723 0.205414529504504
-0.00687362158723755 -0.00226021150997425 -0.170775882668991 0.0299373811054072
0.0116660973934091 -0.0239913560828328 -0.17096875633881 -0.386905417543923
0.0368634334399115 -0.0301948735782718 0.34726941039137 -0.467420897759087
0.0236706795047999 0.0333917896520635 0.794138908934333 0.155337909972861
-0.0304966950081263 0.0337966860132318 0.205300595578047 0.890916385370048
-0.0356694560831855 0.00250892426820862 -0.443370506444415 0.558484649280703
-0.040846473473194 -0.00361008349283087 -0.00834750312613648 0.121675474020502
-0.0169152282825808 0.0334662164875862 0.525973485445035 -0.45890987169788
0.0196108139228323 0.0144714414038161 -0.0617138248047341 -0.972640043805844
0.0348272596784219 -0.0297582523279287 -0.838568348015937 -0.318948802246005
-0.000661722979155913 -0.0565812775336107 -0.448180198575268 0.509932079668087
-0.0247036603353167 -0.010369748532661 0.165135118941226 0.420539350443664
-0.00144971322981101 0.0269055074953532 0.204760499428253 0.00827286386204717
0.0250918209973662 0.0242948460420287 -0.0377867887499915 -0.233835997294088
0.0037547631331865 0.00683740816474795 0.0435143280235596 0.20550161867182
-0.00961722970447805 -0.00111958903776227 -0.170077822070345 0.0320992545836191
0.0111845543927462 -0.0226704949326722 -0.171491016346447 -0.385320638261684
0.0401041112399042 -0.0292399146857264 0.340079991147562 -0.47276211200013
0.0262422476457487 0.03282861858377 0.792784585334283 0.138146363592305
-0.0284216153958131 0.0333346188058118 0.214799801987863 0.883736459835469
-0.0328276588781519 -0.000382025804208277 -0.440503630394194 0.559368097121943
-0.0369589622430444 -0.00699973834523593 -0.0153911635890623 0.123819733743329
-0.0137266050876949 0.0290578957955411 0.527569841940588 -0.455223359788852
0.0206492138021062 0.013750474542912 -0.0489185281122648 -0.978534528022661
0.0381836567537478 -0.0276526236066251 -0.835662325338155 -0.334350855593482
0.00202181380206007 -0.0547516209489157 -0.453887550525225 0.502557383921464
-0.0260539871523545 -0.00906863299800145 0.162846347680888 0.421449964694805
-0.00527652883337227 0.0285110443929835 0.20721555027121 0.0121437747067723
0.0211132580708675 0.027201017408581 -0.0354720143024895 -0.233980473070041
0.00118184918839444 0.00950925779907324 0.0440093335679801 0.205868452005573
-0.0119421824100652 0.00110177541883878 -0.169277515992702 0.0324823973369352
0.0105512879246969 -0.0209509726564093 -0.172654573365964 -0.384845094465204
0.0430207330132123 -0.0282180139241987 0.337767054827746 -0.476340695325922
0.0309345935532015 0.0338237915458479 0.793619165858616 0.131784691583961
-0.0262066077993762 0.0331981482917693 0.219125191551913 0.878907205245559
-0.0284555075110894 -0.00414230568301272 -0.442848298680684 0.561736257434922
-0.0304595759074502 -0.0104033032101684 -0.019269992334037 0.12409597372813
-0.00889249867751009 0.0267566946022928 0.527409307078349 -0.453157503081674
0.022271194451236 0.0127685882362878 -0.045541779688296 -0.977607835411436
0.040247566074205 -0.0248391021206381 -0.830816401512534 -0.339588573557916
0.00328920193293391 -0.0523210897053306 -0.454502853731433 0.498816190672544
-0.0269990155823669 -0.00718467748440319 0.163258182986693 0.422938622850828
-0.00818176167749426 0.0292164529120959 0.208608404680799 0.0146005151933405
0.0165211162907622 0.0294663316805547 -0.0327119904025681 -0.23191088362749
-0.00133424177045018 0.0126495585665696 0.0431653601797269 0.206186785609369
-0.0150253918523226 0.00256983565089321 -0.168962012814801 0.0338566618261284
0.00925094240272026 -0.0196759426095263 -0.171592418088698 -0.384094802919274
0.0441941885111778 -0.026212258070557 0.342160879363987 -0.47282348192725
0.0331855598990457 0.0371843993573654 0.792058565385331 0.134080429946217
-0.0238411933971528 0.0329110606371828 0.211816931393296 0.877262683422104
-0.0241890113249489 -0.00874402550287416 -0.448195605870929 0.55877313043287
-0.0235847673665774 -0.0136978244785714 -0.0199834515666955 0.122762902701789
-0.004659036699095 0.023297594862808 0.523616973378525 -0.45273081889886
0.0238671180948273 0.0137790644281787 -0.0472063155705339 -0.978678492513883
0.0421521687875924 -0.0224502127681746 -0.832997575140814 -0.339467191467307
0.00389026452552252 -0.0496308225615422 -0.452018737684498 0.499641889271365
-0.0297941330737194 -0.00612553499299607 0.164510881385512 0.425994424757255
-0.0121489176400052 0.0312149855248695 0.21010713772002 0.0162470673024416
0.0130959203898346 0.0307600227487202 -0.032061180968533 -0.231044269953261
-0.00305438478623863 0.0140782470175143 0.0421612409896688 0.207226822076946
-0.016955847659293 0.00330498586944015 -0.168366795914409 0.0326105630092449
0.0090226389384268 -0.018308574170642 -0.166238394660353 -0.385067731627211
0.0455290559724993 -0.0216230741416318 0.348331118153369 -0.467573123866986
0.0343096509498301 0.0403476344109228 0.79439100584131 0.14546435956395
-0.0226914504205893 0.0333400161924701 0.204345012039832 0.88067729365047
-0.0190624640852685 -0.0112005297435746 -0.451035133190026 0.554941519533599
-0.016072506158811 -0.0162535014039016 -0.0191691507830841 0.119512046272764
-0.000345414281673308 0.0211977409812358 0.521477990397411 -0.458369687713115
0.025975288418863 0.0151493571253818 -0.0559855032484222 -0.975767687079603
0.0432800952799895 -0.0185720071809456 -0.832680503652436 -0.328430588746203
0.00346781603688668 -0.0470915108531274 -0.445582398197628 0.508337017125619
-0.030852908284081 -0.00427749181874614 0.166581761522371 0.426076153012058
-0.0144882704396187 0.031934699716974 0.210643329794521 0.0162439239890297
0.0107741153571058 0.0338748925804075 -0.0307037538249413 -0.228394736345981
-0.00453869829074401 0.0155272023208799 0.0409857589527984 0.208090694020317
-0.0181503804082663 0.00313098907293112 -0.169240072531803 0.0315466245186966
0.00754890209189146 -0.0168118085510817 -0.16057062920312 -0.384336803701635
0.0453328722587292 -0.0190637479977338 0.359354787643506 -0.458994787285993
0.0343394663302747 0.0447022997997698 0.795145734549869 0.162429561016391
-0.0211233437842403 0.033250215371182 0.19018138937575 0.888568071124544
-0.0134701064398682 -0.0134738052031876 -0.458437154636318 0.548846042808445
-0.0111220168977213 -0.0173277404551934 -0.013534879757487 0.117255691316719
0.00426596633315154 0.0212060346439688 0.518238092875694 -0.464286189513776
0.0281684444507186 0.0151080769375659 -0.0726498094257933 -0.973299917745518
0.0433788654515229 -0.0179358817448139 -0.835845914296073 -0.308738063104653
0.00156975616682265 -0.0450861910639806 -0.437755410062027 0.519396347485145
-0.0322933216676287 -0.00382012440422989 0.170833987758362 0.427967710638247
-0.0160511511924592 0.0324613463464808 0.210512953141787 0.015396733960632
0.0102386899102948 0.0347182410614169 -0.0317143269435335 -0.227245617744277
0.0105486568269294 0.00119442111477565 0.0397357559711587 0.208080263547916
-0.00447224023801061 -0.00487029948063587 -0.175078720932048 0.0269698833497724
0.0111353330197608 -0.0251381632668584 -0.16392172966642 -0.388751938551569
0.0335360755326702 -0.0299978839116767 0.368823155176593 -0.451056912361401
0.019373590246969 0.0367586466253948 0.80003006828635 0.194375781178466
-0.0324821958932287 0.034887710941546 0.180600553412096 0.911574360401234
-0.0368553934850652 0.00435303654426543 -0.451705031142685 0.550316118932694
-0.0413070254697791 0.00136589947782954 0.00978905743710401 0.11671380604543
-0.0147158845207165 0.0378630611738047 0.523021051516761 -0.479560363808877
0.0200565488386247 0.0158375855382973 -0.102183756534678 -0.966574355901819
0.0292790566513065 -0.0293380031080704 -0.848923894805046 -0.268040914983452
-0.00812627723341181 -0.0559129586986397 -0.425876886152218 0.54204925098399
-0.0259038949364054 -0.010893333358025 0.177891285238533 0.421243623877596
0.00206213247121124 0.0245173687228815 0.202548345656039 0.00171411315876918
0.0302435961243474 0.0215401190687609 -0.0443661576286057 -0.233254023894475
0.00826924660987707 0.00205051488750442 0.0420030034163902 0.207243973807101
-0.00483457181655154 -0.00335107937622296 -0.173671514765433 0.0295087221156567
0.0115660462416174 -0.0246891237343505 -0.168252034280688 -0.388250185588665
0.0353324921967546 -0.0306970596147684 0.357181692347527 -0.462497700281807
0.0210744788613652 0.0346911979972573 0.799824174267161 0.170846123727756
-0.0320652129988298 0.0344359899953422 0.197270387964816 0.903323178150923
-0.0374323836527635 0.00383343347098153 -0.447738867920893 0.555591041004823
-0.042322679057207 -0.000538216804826972 0.000626666643747558 0.119206255049341
-0.0166073976839702 0.0356719374397488 0.526332373972325 -0.471194667060619
0.0197824691704883 0.0142300969857981 -0.0817488959950407 -0.971592368118428
0.0316419843272463 -0.0297142000962567 -0.843969886116899 -0.293488647545818
-0.00539192806155254 -0.0570180697933353 -0.437329526426947 0.527931903010667
-0.0247744254546145 -0.0108555222854101 0.171933387272494 0.419752921287427
0.0015399122170697 0.0260481849200953 0.204789380443352 0.00390861989492463
0.0288270189607873 0.0219758868845114 -0.0429228506458649 -0.23455532926153
0.00599491191171822 0.00359721904764923 0.0439797790494946 0.206716060588285
-0.00679509163692618 -0.00158411574523432 -0.171108632198715 0.0312945276998555
0.0112786480434031 -0.023840635654172 -0.172207401894363 -0.387163157614726
0.0371891859107959 -0.0311052404064403 0.347109485791805 -0.472714108698964
0.0238530267496656 0.0340053543079138 0.798549998929122 0.150191105574444
-0.0310800673642714 0.0343340301317936 0.211247616046511 0.89539498604485
-0.0364417737590047 0.00218365565009742 -0.443036812919288 0.562443828344441
-0.0405508718147339 -0.00362975455452096 -0.00712757364204456 0.12284179030436
-0.0162957991360413 0.0329133594000966 0.526742241194931 -0.462597650982067
0.0202454114325155 0.0131320418537843 -0.0636275476538314 -0.979752790442393
0.0351150493957221 -0.0291368462027786 -0.841932652966233 -0.316170798996624
-0.00149284502446211 -0.0560353954158624 -0.447189776515116 0.516447050862613
-0.0253005511102812 -0.0103442461079787 0.168602143120958 0.421594464164402
-0.00106397886057133 0.0261815783905724 0.206617989083238 0.0079906405962245
0.0257341019596704 0.0239980708018658 -0.03989246890581 -0.235328684355172
0.00334046336831815 0.00588614210434712 0.0452434544005714 0.206819066525633
-0.00946638731114673 -0.000104390306657404 -0.169373710963802 0.032411533620659
0.0109150172806991 -0.0225119263627653 -0.175699370426478 -0.389084452962075
0.0405624000869049 -0.0298972413351412 0.340489204520149 -0.478442842210002
0.0277798883759384 0.0343859643498132 0.798379476086149 0.135413576129354
-0.0285855774744719 0.0335260334327929 0.219446646289157 0.887709163828531
-0.0335980667256282 -0.00115425608104359 -0.440725035324441 0.563976254517076
-0.0374107635866425 -0.00712671953121903 -0.0145424620545493 0.123909939556006
-0.0138090186560696 0.0296232216331132 0.529674136978686 -0.457547349492962
0.0213218345315737 0.0137150638778604 -0.0508866449377083 -0.982943684411859
0.0377806255580325 -0.0274794198393786 -0.839761175525933 -0.329938675877334
0.00126874149336316 -0.0550783234572482 -0.453755339373025 0.509274503427098
-0.0257325309377105 -0.00924475034409465 0.16583382160478 0.423167963322979
-0.00362295634247075 0.0278047373051259 0.209783361162285 0.011634425810728
0.021552565581323 0.0264255316607821 -0.0362318199431157 -0.234775979657772
0.00038621781409038 0.00831448496469326 0.044528146743004 0.20736455077923
-0.0124703353272429 0.00183708470770388 -0.170049400181929 0.0333964229837737
0.0108235288886868 -0.0212629520621349 -0.176358480736626 -0.387406202391209
0.0425329096997332 -0.0280040488509615 0.337803192420489 -0.481470075774622
0.0300087875069612 0.0355576668987443 0.796124097617887 0.129051185351178
-0.0262384604046647 0.0337205768992094 0.223619329883456 0.882846295849448
-0.0288925238854055 -0.00449956530130707 -0.442004297567732 0.56518680851296
-0.0311153589164948 -0.0104314704892834 -0.0192186933477497 0.123978112917988
-0.00939587795011656 0.0262369586357901 0.527660186051467 -0.456406736206329
0.0216867288364862 0.0138884467075607 -0.0481190908653081 -0.982460161262998
0.0412773893671045 -0.0246397453355963 -0.837492111295913 -0.339290651622953
0.00388490374373848 -0.0525757925229645 -0.453471465973411 0.503300800777167
-0.0277375338290706 -0.00701993946440825 0.167273675499222 0.424706848739403
-0.00731708081136393 0.0294646657973844 0.21102812180743 0.0139348928536004
0.0170837027650535 0.0289388814225948 -0.0343645737470299 -0.233947893248281
-0.00195964260817652 0.0115115884448632 0.0446657763463198 0.208177605705436
-0.0147454098057054 0.00316677364079107 -0.16882464804977 0.0346355330923282
0.00956774264418934 -0.019732407423882 -0.173668921844538 -0.388010980636664
0.045019253672448 -0.0258462515706249 0.34127492379559 -0.479039280329169
0.0337569582443425 0.0378798398869162 0.796043236480576 0.130804037452629
-0.0240685013476268 0.0331234263960222 0.216528924505253 0.882757964844944
-0.0238106466159283 -0.00850445534282168 -0.445229865196982 0.563607073959046
-0.024029169577735 -0.0143655758630619 -0.0199772429064478 0.123477395701834
-0.00529258202490336 0.0234158019291965 0.52645889103068 -0.457631310419769
0.0242262822988504 0.0141604735353101 -0.0497373062406259 -0.984523924984345
0.0422285492426136 -0.0220430422298849 -0.835692101953532 -0.338506260666598
0.00322018243508006 -0.0494474232251531 -0.45209729773854 0.506522860858088
-0.0299677688405561 -0.00581550635518105 0.168759724837627 0.42699777664331
-0.0115070141758805 0.0313456071543901 0.212027256842848 0.0150547068984325
0.0139667112030045 0.0318438606409529 -0.032892825490323 -0.231793280651195
-0.00396614083594625 0.0136631222637372 0.0437939183603475 0.207489318105656
-0.017181611218732 0.00410024630082405 -0.169578860821222 0.0334566460686867
0.00787479870441963 -0.0180647279542982 -0.169557874468105 -0.3865559378059
0.0449542746360672 -0.022837483794408 0.34839302501485 -0.474317737713281
0.0353345989887584 0.0411167814189947 0.798058586112375 0.142817234570753
-0.0224178550311522 0.0335528745719129 0.208798213480104 0.886068688126468
-0.0193380842612364 -0.0109656468775253 -0.451884260021778 0.55951055756574
-0.016697894258986 -0.0165888211993753 -0.0184841095838023 0.121347439988775
-0.000280392982431951 0.021392206595209 0.522601729654863 -0.461947952063928
0.0258966739721821 0.0152274878122709 -0.0602915156780845 -0.981069600340472
0.0432696385520109 -0.019454616438843 -0.83854493127397 -0.327205245603112
0.00323426452547537 -0.047277526616242 -0.445497635750621 0.51444433669559
-0.0314824708786432 -0.00436259137700497 0.171738821478308 0.427695805866036
-0.0142410719621162 0.0321193571020005 0.213055765191109 0.0160799137655624
0.0119814029107281 0.0330291684570138 -0.0316518253213225 -0.230783814389002
-0.00406354714969286 0.0149202095914547 0.0422365745214403 0.208913515479133
-0.0189457685755591 0.00364464809797597 -0.16977354038724 0.0325597104296016
0.00645347737712419 -0.0170424330908536 -0.164469900706024 -0.386345522270047
0.0452084538828712 -0.0198710671517006 0.359759398569356 -0.464977626784515
0.0352958150149623 0.0453358341781521 0.800977382948384 0.15900511108349
-0.0215745534916589 0.0334786781596693 0.194567389545212 0.893191099203639
-0.0138851884280417 -0.0139208558236639 -0.458189637947701 0.552642706412539
-0.0109505101240993 -0.0175320487221718 -0.0135968499625381 0.117790630691856
0.00491407215615979 0.0202105690197818 0.520606176711485 -0.469166378271434
0.0274024547816945 0.0159104669951573 -0.0757598052304539 -0.977397947213963
0.0437367879759313 -0.0183364341409647 -0.841839988662054 -0.307002786262472
0.00104069313857488 -0.0450377152907809 -0.435862539791722 0.523785955886003
-0.0331040350520079 -0.00339001816501476 0.175969393860367 0.428772278269508
-0.0152914777396301 0.0327444563883787 0.211891860504012 0.0149576545468633
0.0100727735645801 0.0341672580559055 -0.0332117057023256 -0.228516312056315
0.0102624458053871 -0.000285754713307562 0.0406431361476026 0.209303501135915
-0.00386630661916515 -0.00388082228160813 -0.176123406293072 0.0280736809782403
0.0114460536282211 -0.0254762906088638 -0.167787755480875 -0.391057207676362
0.0334902929996908 -0.0306785544586431 0.366764703714775 -0.458710283689098
0.0203360684906587 0.0371753261649453 0.804544976864195 0.189740111568624
-0.0324427904852629 0.0347165955205849 0.187810854437525 0.917858641374299
-0.0361648618038394 0.00481138604078341 -0.451773535911532 0.555215818727499
-0.0407097435735975 0.00175618418818515 0.0104936319198825 0.116548357719876
-0.0146539493161214 0.0376302792846471 0.522856041911816 -0.484118717206033
0.0200270128600366 0.015790500992706 -0.107072384846586 -0.972791255492162
0.0287631404008485 -0.0292744681813937 -0.854894400700476 -0.266506199736072
-0.0099569443929706 -0.0558158220882061 -0.424014246589729 0.547332512584399
-0.0259602378644618 -0.0103871740676095 0.18147768971317 0.422954874150457
0.00324216364294582 0.0245545360070086 0.20454842811971 0.000287665408002294
0.0317131855400669 0.0213358792687369 -0.0456734843292037 -0.234918351360063
0.00838848771527673 0.00118011783896269 0.0445258900812704 0.208066430726812
-0.00531155805555377 -0.00314938582950101 -0.174304339324703 0.0298537615508679
0.0113724413196053 -0.0249029579937111 -0.172985854222671 -0.390787784102259
0.0347909281685894 -0.0319158282455833 0.355407465770527 -0.469381807278909
0.0225652685150782 0.0349182148737186 0.804876330613039 0.16659377335095
-0.0321993220151779 0.0345308507252838 0.20129539735554 0.909211478185478
-0.0375653246443222 0.00368694329173427 -0.448339890063394 0.561859874057974
-0.042325949133479 -0.00017223136762526 0.0017861386219273 0.120058966441318
-0.0169337945217254 0.0352372557866722 0.525953860903459 -0.475607255228989
0.0194770801904398 0.0142494805156939 -0.0886084736583725 -0.978474485133227
0.0313590567599794 -0.0301145946055263 -0.85346426454538 -0.291114272934822
-0.00528870542624997 -0.0568719451620704 -0.437784021612303 0.533740436485628
-0.0252688349290585 -0.0109535401317084 0.176049754885983 0.423068445109425
0.00224206270605981 0.0256371944013957 0.206343864575267 0.00346895434125157
0.0297693081464748 0.0215372942759813 -0.0447802780283574 -0.235773675022768
0.00578208682002889 0.00274886473165372 0.0455589416080528 0.207058650704872
-0.00695986361141275 -0.000937665806033011 -0.172227472721407 0.0319395990603514
0.0109611612570488 -0.02441697445836 -0.176798427464346 -0.388899356645744
0.0372359274128685 -0.0313045584979461 0.346785201596635 -0.479798826912661
0.0253855825042542 0.0342483745719822 0.804439719997042 0.145661883759244
-0.0308891132658792 0.0334089736642179 0.216256636486027 0.901178537951348
-0.0370409482495514 0.00147389602768448 -0.443033551793913 0.568520908124476
-0.0409436355029262 -0.00331046329706605 -0.00638036082194645 0.123331301724622
-0.0161101190072349 0.0330192935253186 0.529198008347407 -0.468701759452137
0.0198500932490055 0.0136456490091452 -0.0694199609969312 -0.983779480421497
0.0349276614317145 -0.0296399074208765 -0.851425549934761 -0.313274548979019
-0.00165447049854128 -0.0565530154683784 -0.448871219610258 0.521211623572866
-0.0250020851646822 -0.0101404076963507 0.17337762873784 0.423945193289444
0.00019227945399013 0.0269332343720871 0.208888006330586 0.00684603702973756
0.0263212998225298 0.0238642631473534 -0.0412996511164803 -0.236424110237664
0.00321258985876455 0.00464243770783732 0.0466287897873272 0.207633263823184
-0.00906695463375367 0.000576327224027209 -0.171014199950177 0.0343452924590519
0.010099238367785 -0.0233966347049881 -0.179278954456536 -0.389830622809419
0.0402729367890263 -0.0310625864762287 0.340188161089302 -0.485284607561189
0.0289569984240006 0.0343749548328132 0.804602079268621 0.131727664334526
-0.0286320694293478 0.0334218755205874 0.225247473833881 0.893967940032432
-0.0334223051516367 -0.00105516389039384 -0.440834808542232 0.569092508729367
-0.036700745494535 -0.00704873884691721 -0.0132924863603177 0.125387951225309
-0.0145360410643133 0.0300288950301633 0.52810427646056 -0.462615285228407
0.0208585669001418 0.013305826669707 -0.0582329105578341 -0.989450720995243
0.0378277863534668 -0.0277401485558387 -0.845627388905185 -0.329898514828508
0.00141402967080958 -0.0542047618227618 -0.454074078981165 0.514508329338308
-0.0261531516454333 -0.00935439372700161 0.170107252051732 0.425063529806617
-0.00275490831300342 0.0282106769147346 0.210631568099398 0.0100710300533872
0.0224290610765556 0.0259358257483009 -0.0376259672275957 -0.235801384305571
0.000405386057666353 0.00820486825473885 0.0469857683835637 0.207879083696922
-0.0124741746934862 0.00176106638619147 -0.170711454213729 0.0349998082947094
0.00976246486872919 -0.0215327081581356 -0.180053143249805 -0.389090448096946
0.042637691149363 -0.0289570687889921 0.336163949177004 -0.487652548582528
0.0316336824656393 0.0356729912550745 0.802885866696809 0.124852870058827
-0.0264977125734713 0.0333672795009711 0.227976453606116 0.889079306552047
-0.0301237402856294 -0.00523957532204831 -0.443669152635874 0.572155693530618
-0.0310845934304179 -0.010730215397015 -0.0178819800556949 0.125439716064386
-0.0100492246667022 0.0260231774334257 0.528105348882252 -0.460377140863815
0.022536932780787 0.013739912969888 -0.0532348196715115 -0.989826555855462
0.0403815360499525 -0.0263760961263003 -0.844924410469073 -0.337100581697855
0.00348618540101592 -0.0520065805227411 -0.453508182223921 0.510487901563544
-0.0272279845167965 -0.00783859655749842 0.171326589746241 0.426635474567806
-0.00730025255520762 0.0298861860512002 0.213395547432209 0.0124529840525065
0.0182100934018287 0.0288895395792122 -0.0351523332141616 -0.234452256625863
-0.00214261830088058 0.0109369947273333 0.046829932555952 0.208533848485638
-0.015369289092476 0.00344178070912526 -0.169642252156626 0.0349737540731189
0.00863305249528493 -0.0201000465198442 -0.177205590337556 -0.38951894700579
0.0443137829488228 -0.0260035229712039 0.340164149189572 -0.486375415835408
0.0348886196389912 0.0379196151619828 0.803441142474497 0.12755357894707
-0.0245299758085167 0.0332479936542969 0.223130822755453 0.888448998892989
-0.0241338642744 -0.00909573125167587 -0.446921833831468 0.568103400608486
-0.0237491394002832 -0.0141683941925762 -0.019072280298155 0.123699230694827
-0.00510083257266363 0.0233499393808614 0.527836904761352 -0.46095760826373
0.0244690979596388 0.0141012899906796 -0.0560776399003225 -0.990961977826082
0.0427669940100087 -0.022986116017576 -0.844087749146284 -0.335402029508269
0.00360051898499685 -0.0488899576240402 -0.452003570192753 0.511420348594398
-0.0298848994852484 -0.00546970022727208 0.173153646925807 0.429723876479059
-0.0108989148004013 0.0314164720276119 0.214031769592912 0.0145539489511885
0.0150509136761162 0.0314504518926988 -0.0339458076628193 -0.233534321243017
-0.00357975298046096 0.0131663622050002 0.0449566136842842 0.209023533355291
-0.0179215277096309 0.00418751241392374 -0.169717963345216 0.0349648685964867
0.00796489816275101 -0.0188378104975116 -0.17405243600112 -0.388137414928934
0.0453815708485209 -0.0228251969493748 0.348028049807646 -0.480659007438258
0.0362033471344971 0.0417912140696171 0.804060074588107 0.138517336888627
-0.0226933230686536 0.0331346215331955 0.21416224908598 0.891830943915326
-0.0186628548719037 -0.0116735544042795 -0.451703954713087 0.565566903562681
-0.0173119797299866 -0.015795369543963 -0.016861780184413 0.121164976384033
0.000532530952652609 0.0213886651742243 0.52447648610005 -0.465097822570541
0.0259907004077303 0.014882558778206 -0.0641698034794261 -0.987840422370188
0.0434314954020206 -0.0197570529040668 -0.846910470983389 -0.322440250862432
0.00342177105307309 -0.0469722825651349 -0.444324491054243 0.519015172462623
-0.0315876330737536 -0.00400079848523013 0.175385728511641 0.429589789010058
-0.0126176333494305 0.0323273983064658 0.214478993762094 0.0148277180847673
0.0126597498861766 0.0328702216005384 -0.0336002187275295 -0.23103929270345
-0.00468428161606687 0.0144323846528648 0.0440356114702003 0.209829951750019
-0.0193408291110687 0.00462157752397214 -0.171279749367096 0.0337808909932239
0.00708742100923503 -0.0170084578896308 -0.167591991613955 -0.38850382352182
0.044495201293903 -0.0193541002354928 0.359109776251713 -0.470667753408873
0.0370111636836877 0.0460229480164142 0.805041647639044 0.156186413127813
-0.0218693045234638 0.0337238553946547 0.199466513399428 0.899730271185407
-0.0147496169293467 -0.0133573451346284 -0.458531296815639 0.558415037341565
-0.0107327630662714 -0.0167535695408653 -0.0117268650086994 0.118111607524656
0.00446336694097837 0.0198850144292071 0.521479220720266 -0.473993172232415
0.0280772951178234 0.0154164261643874 -0.0812332785045667 -0.983151635072744
0.0430323203649271 -0.018597613029661 -0.849779503929616 -0.304386783606667
0.00114088108129716 -0.0445790846743042 -0.434251876834591 0.529388707360538
-0.0329997730644312 -0.00329439647720939 0.178582996482324 0.432701191338748
-0.0146160857025841 0.0329802984162157 0.213914573808286 0.0125214350076488
0.0119323855960066 0.0346671142786431 -0.0346667920764012 -0.229984675164157
0.00981804653730173 -0.00043664166573993 0.04279150655064 0.209444238014604
-0.00443392496339046 -0.00365276159527049 -0.176912241048756 0.0303694803880946
0.0109004689748235 -0.0262862203801681 -0.172996913149278 -0.393037749507913
0.0326060353418589 -0.0307731987131348 0.367151628410394 -0.46743602468364
0.0217447874945906 0.0378266328090305 0.810978070418256 0.184541507107094
-0.0327661409957243 0.0344119973180817 0.193573826008617 0.923755015785099
-0.036135505446143 0.00377151552297341 -0.450971720472905 0.560531784766021
-0.0410189872792473 0.00195670272389149 0.0114973250693246 0.116828127490145
-0.0132794728173274 0.0377316041235134 0.524078918887843 -0.4910916201253
0.0208207871251801 0.0160182435973666 -0.115201490971093 -0.978162916329041
0.0289354601532519 -0.0298921018486737 -0.864634009467125 -0.261836552957428
-0.0094085988681437 -0.0566383374902198 -0.423682842117439 0.555401557970833
-0.0257532232132055 -0.0100602125719902 0.186433102475422 0.424658070213099
0.00365730835258689 0.0246785373353322 0.20609518634514 -0.0008585969020427
0.0324186826447712 0.0213092043959688 -0.048042136409355 -0.236096174972399
0.00778728860840613 0.00134026746377 0.0455226954065535 0.208847796446153
-0.00587867870266319 -0.00253983164580104 -0.17459915140943 0.0315862116189696
0.0109955515045344 -0.0254935748063744 -0.17734391081427 -0.391476419551284
0.0347605625324752 -0.031444558181183 0.354486651683252 -0.477042299221635
0.0235170746205885 0.0362098872906127 0.811277898552355 0.160057486691219
-0.0322173247402981 0.0346565206397896 0.209102121864813 0.913479310949658
-0.0381827541286185 0.00407571608245002 -0.445435864068299 0.567224590403248
-0.0425854698609144 2.44025383891329E-05 0.00414075187266413 0.120777757931578
-0.0164947226558334 0.0356402680451543 0.525760761333865 -0.483568810219106
0.0196033466358084 0.0138274694879725 -0.0940781123031198 -0.983009993825462
0.0319554925075198 -0.0304175696844921 -0.859616836727838 -0.287575928935177
-0.00654228973243588 -0.0566528301462914 -0.433418410242573 0.54193485600459
-0.0255313820567667 -0.0106346005151508 0.180790491379058 0.423970528083873
0.00321971185501958 0.0263196231600864 0.208345616642512 0.00160982618020813
0.0304796951219587 0.0216001122047532 -0.0458555769132022 -0.237083552382282
0.00554434934424384 0.0021645970589634 0.0474600110747065 0.208067592979288
-0.00815640910159594 -0.000541738265774494 -0.172933532835978 0.0339917741034091
0.0101807208065361 -0.0247920493280454 -0.18226700148807 -0.391784507019044
0.0373812526534683 -0.0315782573144647 0.34506193324575 -0.487067144865688
0.027317669083838 0.034712768905674 0.810542670837395 0.14003226353197
-0.0306008236295221 0.0341562908192989 0.224960051082479 0.906170015485058
-0.0368645469535955 0.00151008437462863 -0.442257750336351 0.574828184582026
-0.0410738239455984 -0.00294921924009557 -0.00429841131413721 0.123484040205134
-0.0159208552356148 0.0329799329324357 0.528593085107556 -0.472671882860011
0.0195767712505276 0.0140110631026997 -0.0775942815796759 -0.992091473086728
0.0350262768267618 -0.0303010139824649 -0.858547375909748 -0.309650153103823
-0.0016137358655566 -0.056396083758255 -0.446526615217487 0.528600938978582
-0.0252288835900745 -0.0103346309934949 0.179082882639779 0.425881515178048
0.000312231806361852 0.02710161588289 0.211103327576618 0.0055301244811834
0.0276238498085497 0.0232423090254985 -0.0441648928550796 -0.237047675664295
0.00177696391275887 0.00515646927555972 0.048887008187096 0.208864685248623
-0.00982650922596014 0.00120365258964058 -0.17181133742885 0.0357236749061953
0.0101627661794103 -0.024046517211336 -0.184906905242543 -0.39049477778046
0.039997931510969 -0.031660112727759 0.338032799004156 -0.494006357187353
0.0305521689980807 0.0344058664242736 0.807699901210749 0.125561535955121
-0.0294997311093129 0.0337444531897877 0.233191972921707 0.899726179786925
-0.0337199283349546 -0.00183856778507777 -0.440373600243538 0.57594724159556
-0.0361961199901863 -0.00622157907983388 -0.0118964098035281 0.12517152790739
-0.013848645392971 0.0286109366210965 0.529303329804549 -0.467957281945309
0.020913897285273 0.0142789064108778 -0.0658847853178322 -0.994755344163249
0.0390114587377601 -0.0279580625108975 -0.856219060280092 -0.326167105889221
0.00184334482720383 -0.0544105216838921 -0.451702298474557 0.520979243266038
-0.0262822948890873 -0.00914146888970519 0.176150693165082 0.426095288049856
-0.00249193964315869 0.0276773560290997 0.212386786339574 0.00868266327963732
0.0235611930974678 0.0254573813324369 -0.0402211766100815 -0.237434835846098
-0.000833753078136856 0.00791402224419601 0.0493771948193947 0.209032445130523
-0.0125554646829204 0.00275335417388048 -0.171863957233459 0.0365688035690073
0.00929329954323414 -0.0215088754574171 -0.185244307611996 -0.391081359752475
0.0422219875087348 -0.0291421042652748 0.334969787802968 -0.495353012731519
0.034181570338675 0.0370478099005369 0.808343110490693 0.118875332942935
-0.0271403665390437 0.0335237719183018 0.236439291645212 0.89650557951559
-0.0303500360857595 -0.00477450123789697 -0.441094348678115 0.579433210969082
-0.0309123862740087 -0.0108310785756191 -0.0163783470153218 0.126101618975043
-0.0101687357312343 0.0258277880980116 0.528897517131357 -0.466192070137973
0.0214496750306635 0.0136576044865708 -0.0612835834672059 -0.995165168063291
0.0411594611390649 -0.0259797565047151 -0.852486601059714 -0.332926865409651
0.00289680653878851 -0.0524069105494552 -0.45218502373698 0.51658286638744
-0.0276618327354983 -0.00683576866037712 0.176634535268822 0.428954299931749
-0.00626743697344591 0.0299681134173917 0.215081509239585 0.01166398829656
0.019107711605208 0.0287328403848461 -0.0372011436142028 -0.236040031897403
-0.00201962429230361 0.0111877175962343 0.0487663523712069 0.208874620493772
-0.0152530922051695 0.00419065071567951 -0.170974361585545 0.0367632280583651
0.00875891275339515 -0.0201891691316443 -0.183078106891758 -0.390565381223464
0.0451905235068812 -0.0269080020573538 0.340012223823959 -0.493027898676927
0.0357305216484469 0.0388373260942542 0.809527603579402 0.119883321257664
-0.0246596328429283 0.0328958304289722 0.230872431620574 0.892918641733985
-0.0239688163430041 -0.00988598312069387 -0.445467034077727 0.575656561475768
-0.0237731769372742 -0.0134004044529505 -0.0179826617981329 0.124781992217189
-0.0055880922313416 0.0229992960022517 0.526876679437924 -0.467146797736666
0.0241323963868894 0.0138506914971069 -0.0641139347169 -0.996819163538375
0.0425399160000501 -0.0229597212938585 -0.852579075299249 -0.331524680663938
0.00299095005103533 -0.0492940631960671 -0.450806915929647 0.517894893173706
-0.030350380379393 -0.00582061539087467 0.176831395212922 0.430743768954968
-0.0105670056371095 0.0311216788780693 0.216422135067008 0.0138657139576919
0.0159327474849717 0.0309266776734054 -0.0362650977201706 -0.235083854755591
-0.00369450719464877 0.0130312842180693 0.0481966366164091 0.209650464139486
-0.0180175155221729 0.00464091235860624 -0.170604101692135 0.0368706866941461
0.00792083779229756 -0.0190909285067606 -0.177934919438287 -0.389776758822763
0.0453370538211952 -0.0239652723121952 0.346188420295711 -0.489028017926393
0.03685189129871 0.0425016994574918 0.807488437122317 0.132554005515207
-0.0230602325888257 0.0336665287488069 0.22189801260043 0.895728923448408
-0.0190502762835167 -0.0126392174920742 -0.450797162999743 0.572232519264902
-0.0170611257297434 -0.016194888495522 -0.0159362606059587 0.12208059742606
0.000303408353916226 0.0211129046403705 0.524209736783524 -0.473868345879189
0.025524478599785 0.0143797960532631 -0.0747377761081645 -0.991775102532813
0.0436098850944494 -0.0203571842310633 -0.853047436331343 -0.319858766739421
0.00146687234126549 -0.0470830899137661 -0.442997560817209 0.526134162910682
-0.0312581284313536 -0.00448760706729102 0.180697079916489 0.431010494093065
-0.0122956595047094 0.0325918952942538 0.216427019737015 0.0129305029567512
0.0133003479612031 0.0328500811527875 -0.0352594833497812 -0.23285222225164
-0.00520494253936726 0.0146809129573107 0.0462290953558395 0.210558037053534
-0.0198388765513886 0.00515817693966165 -0.170537817253246 0.0354069916247726
0.00550506988713531 -0.0174594917515852 -0.172798292453466 -0.389307010184012
0.0455100822348151 -0.0206108770959474 0.357969111157111 -0.479704036323827
0.0377433319082432 0.0469960603883875 0.812117431911207 0.151024218159835
-0.0222890086637727 0.0329556467269384 0.207337624484045 0.903809671863492
-0.0143974876391561 -0.014366042941825 -0.45668866028272 0.566129201190409
-0.0103180312351893 -0.0174618373134789 -0.011038282518181 0.119514838608348
0.00454204749799409 0.01932083497751 0.521719585409224 -0.478411842739637
0.0280243322683382 0.0155683701830881 -0.0889347238891741 -0.990997649293593
0.0431555222321034 -0.0184676566201715 -0.857653016401651 -0.299928246997928
0.000695425848331231 -0.0445851317884626 -0.435759456880255 0.536481837314093
-0.0333008083735216 -0.00278527247301995 0.185384968132039 0.43211945315366
-0.0132056481287926 0.0331032528327743 0.215199419538495 0.0114939618693627
0.0119735322927162 0.0338458755631914 -0.0364892054537467 -0.230903159556598
0.0092365959400334 -0.000515425591908695 0.0457409284118229 0.209967270367118
-0.0051111051735088 -0.00307945196894204 -0.177023772466797 0.0313433092092182
0.0101872957404166 -0.0266547801771113 -0.178358067508589 -0.394130950755812
0.0317318192241088 -0.0314522276241068 0.364011310101562 -0.474501662210203
0.022600651095496 0.0391804537646934 0.818409173576247 0.177793335189246
-0.0340277560340261 0.0347629926670191 0.203295463780974 0.930305705827298
-0.0364349179227402 0.0039443757852441 -0.449235574192858 0.567360246200747
-0.0409496798833073 0.00242159869884384 0.0135344363358701 0.117554019758835
-0.0140588995215046 0.0368748048224127 0.523283143752628 -0.497320606292594
0.0197790075666477 0.0159614273998272 -0.123208602938115 -0.984390010407783
0.0287169979829538 -0.0302454285708161 -0.872260317703512 -0.256575513479504
-0.0103329828375277 -0.0559615079498327 -0.419342128801352 0.564294697051012
-0.0259775855257858 -0.0102033865475263 0.192924599945346 0.424816767366073
0.00497454428436607 0.024726265811301 0.208057181601766 -0.00236030094689036
0.0330639929079788 0.0197272584663396 -0.050574370879593 -0.236585921746219
0.00708548201299142 0.000457517991480248 0.0481017958002897 0.208403190201957
-0.00568894627946526 -0.0012279978656435 -0.175631403101268 0.0334198581223895
0.00968554474286721 -0.02677142071444 -0.183161165152364 -0.392736063340553
0.0345998138696151 -0.0328628168413431 0.351962191031903 -0.48437174810581
0.0251821843015477 0.0371640065068149 0.816961847499657 0.153817640024367
-0.0325045158365787 0.0352370346879431 0.220104186040905 0.92124594486079
-0.0385958720341795 0.00368725568024437 -0.442239242656369 0.574897997200953
-0.0426275757546878 0.000732567160668381 0.00465340661698793 0.120909267497036
-0.0160278925477548 0.0352606623899814 0.525246413708454 -0.48873571649112
0.0193494221688486 0.0146474815669069 -0.105117465953672 -0.9897533826809
0.0315862096887278 -0.0313974942174602 -0.870087455935926 -0.280039040446352
-0.00650606257128961 -0.0567578162384538 -0.432060507855117 0.548913677565237
-0.0245544223751723 -0.0110362186880646 0.187890646357829 0.424988529401595
0.00342065927549669 0.0257499837424154 0.210390946410929 -0.000363866908204348
0.0310947645446735 0.0215241553806753 -0.0487306782906325 -0.238246840775773
0.00487273031412531 0.00230055455472306 0.0505599154762236 0.208541940173646
-0.0077003602405154 -0.000391603990637533 -0.173847124689095 0.0357779462241019
0.00923388284361861 -0.0250972618316211 -0.188117670528625 -0.393073039440921
0.0366023557642889 -0.0330562301275419 0.341217900764279 -0.494179844283645
0.0280245104757148 0.0353222965663301 0.81537824858669 0.133836323689955
-0.0313626481724983 0.0352700041349489 0.235177829927732 0.911871926181269
-0.0371986266612183 0.00152383074288338 -0.438565386216475 0.58094688848201
-0.0408353936357347 -0.00236930378257038 -0.00356859067503586 0.124018228440667
-0.0158841771197283 0.0325605848001075 0.528835784779773 -0.481130519060417
0.0196674951233312 0.0139083578595286 -0.0866043473494456 -0.998303423700689
0.0352562403261341 -0.0306241718894147 -0.86788830117758 -0.304589695253451
-0.00252118887911447 -0.0571325156736247 -0.443260874892764 0.536935174332055
-0.0251875939423582 -0.0100071512947755 0.185322147129529 0.426798149274388
0.00157414868263356 0.0274473158290718 0.21297176912794 0.00305757316708416
0.027859301097639 0.0233606461933127 -0.0450419588293368 -0.238662073028325
0.00200222951833996 0.00478091208338455 0.0510972314942058 0.209026843798977
-0.0104010482814664 0.00165675100636998 -0.172180606674854 0.0373596379161998
0.00930306709630352 -0.0232753748776061 -0.190895428371973 -0.39205100429939
0.0395748450544492 -0.0325526658824045 0.334438611018972 -0.501149764519969
0.0319703885266499 0.0350334220984083 0.815335521380538 0.117794984799369
-0.0292691670769114 0.0344626175079499 0.243657766978518 0.90498794610922
-0.0345910316703226 -0.00156236841266126 -0.43979891767792 0.582234844514987
-0.0371329848447365 -0.00596588008082813 -0.010791057303764 0.12540729329492
-0.0142719495236389 0.0285184405939963 0.529918002706793 -0.475212002432117
0.0207620746978306 0.0135553492806535 -0.073813302581979 -1.0014781362494
0.037166620152875 -0.0289465614865471 -0.863944842688368 -0.319731312046002
-0.000217096031502516 -0.0549756086874874 -0.449198152608262 0.528223039630584
-0.0265083314053723 -0.00848896899151871 0.18329438141683 0.427746995346314
-0.00155614646861822 0.0288055342526771 0.214936984764226 0.00634995232558794
0.0248380247458544 0.0258002786979622 -0.0423940863180417 -0.238302003176166
-0.000426778500026098 0.0075106788700409 0.0515464113635794 0.208886476101552
-0.0120258822184242 0.00304047222553685 -0.171145227528756 0.0389100615364546
0.0089219610964898 -0.0224623590268487 -0.190612303420794 -0.392229794840626
0.0421473947351981 -0.0303234598158968 0.332769253814685 -0.503967029334265
0.0348313643513734 0.0368148992413356 0.813028337536517 0.113747123788528
-0.0276457323081144 0.0343562460851504 0.246282791524574 0.900758070648329
-0.030251591505036 -0.00532600879955664 -0.438722899791701 0.585073127871244
-0.0308811728675165 -0.0102270163239058 -0.0155684061993127 0.126016599597379
-0.0104608873098611 0.0250682678279121 0.528882762234556 -0.473029730804003
0.0221600059518104 0.0131685964415788 -0.0700861870259906 -1.00133620671994
0.0405381935053335 -0.0267868853164013 -0.861408717923979 -0.328115158266248
0.00194351758318551 -0.0526637363342468 -0.45031688215463 0.524978286394742
-0.0281407915321574 -0.00704574116354361 0.181403350140078 0.430798034987214
-0.00585994892066913 0.0309070562772655 0.216741664138251 0.00911177930581617
0.0205690760893937 0.0281149846254445 -0.0401409449986742 -0.236888959909954
-0.00404148995541489 0.0102465798430237 0.0519033837519492 0.209072893512132
-0.0155734739227599 0.00556542385607966 -0.169716446283229 0.0394237569165633
0.00756966785226549 -0.020166669786142 -0.188133649076094 -0.392671357439868
0.0443205273841864 -0.0276323192414185 0.334842822235546 -0.502082735585034
0.0383564439595238 0.038980366415615 0.813845609578005 0.113861525460933
-0.0248985856205191 0.0327929611691391 0.239728331491264 0.897824380153697
-0.0249381276866367 -0.00982491274329164 -0.442026763827706 0.582948475794061
-0.0233270699999457 -0.013634610797245 -0.0163225563111105 0.12567009284433
-0.00514109809898253 0.0230488605756835 0.526148208968501 -0.47406063514577
0.0242184063910086 0.0140745431243511 -0.0730064675509109 -1.00440402808456
0.0432212793515226 -0.0236057267862566 -0.862191006780837 -0.327779579863857
0.00238384322223541 -0.0498630658259661 -0.447849075800192 0.527421638088129
-0.0300642193531143 -0.00550839618697667 0.184336436559477 0.431352098782534
-0.00925588912361308 0.0315906939522481 0.217410120951779 0.010972144314216
0.0168470963575042 0.0313567392699489 -0.0381965949891675 -0.236227467853373
-0.00557625662749816 0.0130396929172535 0.050835056412045 0.210632852712106
-0.0176060016708682 0.00529416205824235 -0.17066619301212 0.038416291250469
0.00706885232211157 -0.0195695899813989 -0.184980450389755 -0.391888317011655
0.0450672304756993 -0.0245867583688191 0.344171939909947 -0.499012117062292
0.0398170868446951 0.0428085271594202 0.814234926867483 0.124023800864827
-0.0231764899137754 0.0333402345674692 0.231598782897521 0.90247651054133
-0.0192671817023753 -0.0121385864319857 -0.447862756759579 0.577990852989999
-0.0164468835275773 -0.0159666518108304 -0.0147994123824974 0.121983414257725
0.000270378035915142 0.0207999983274784 0.524428768227572 -0.478916040490663
0.0260782505587566 0.0148601651152765 -0.0826214656769182 -1.00071504298513
0.0432920099655922 -0.0210962790305201 -0.862578673494553 -0.312966217530137
0.00123202758791476 -0.046890382014493 -0.440659030997246 0.534871551445997
-0.0313124316203929 -0.00372318200898804 0.186434426977296 0.433180652067325
-0.0113646889524769 0.0330181454659499 0.218705342901172 0.010443901647886
0.0145862716176965 0.0324168971682352 -0.037521246585364 -0.233533744860621
-0.00615554167910534 0.0135660942412088 0.048299181597637 0.211895027818651
-0.0186635300128285 0.00506879314004974 -0.170863463836602 0.0368327640402356
0.0050589475437027 -0.0183480217536736 -0.177973104865147 -0.39092319448023
0.0444542341291412 -0.0212483587675368 0.354581983616044 -0.487056607906892
0.039518039243887 0.0471176058878747 0.817115239368983 0.143761595458941
-0.022192940076645 0.0338101589890371 0.216680307216592 0.909394674110996
-0.0144061482357122 -0.0150935265355024 -0.455640283864092 0.572363785682701
-0.0111356054681536 -0.0173067916126899 -0.0100931776508137 0.119673121299644
0.00498687007753741 0.0198068274283711 0.52079068784945 -0.486618727173734
0.02845122944899 0.0164288228156604 -0.0982085155006222 -0.997439659178132
0.0440257562901481 -0.0191225307209162 -0.865311044845549 -0.293916832397201
-6.19942028351021E-05 -0.0453254913300376 -0.431108855569149 0.545919967237938
-0.0329662158162537 -0.00233263094236973 0.190442442846982 0.434040632561923
-0.013062903579345 0.0339301762906764 0.218499550370219 0.00889614657928674
0.0134573751076146 0.0344559589186722 -0.0391758372943258 -0.232455179154005
0.00761976022748674 -0.000894370056047992 0.049221019189826 0.211213647319956
-0.00452053998229075 -0.00310263686199449 -0.177651029691112 0.0348325790848313
0.00919796070019304 -0.0265630348069716 -0.184938910690157 -0.394716699390432
0.032061951564475 -0.0320545758562804 0.359630899307803 -0.482103120541123
0.0244896431994443 0.0393347607747717 0.824948028299598 0.169128801883613
-0.0336202907563354 0.035105563904548 0.214091885920201 0.934976124134884
-0.0366853432512733 0.00366857111239694 -0.447506965236398 0.575209208462574
-0.0414059684422714 0.00263857986562839 0.0152486099519485 0.117591709247496
-0.0140693510128891 0.0372418723613605 0.519764998096885 -0.504779611433769
0.020029640534878 0.0159448137126423 -0.135181435816109 -0.988141715744715
0.0286191230484006 -0.030747907693642 -0.880019873904631 -0.247323209621021
-0.010493005073185 -0.0557877261026011 -0.414930192877657 0.57080342686424
-0.0261273421677079 -0.00930212670226317 0.200770418157688 0.425566619682834
0.00589944873880777 0.0243068836652532 0.210186462027445 -0.00500477310021551
0.0343367707810668 0.0196435336978782 -0.0532967481254304 -0.237247804789583
0.00626665987278904 5.77885834593334E-05 0.0506070549941475 0.209861108491782
-0.00601735265264898 -0.00120739522373032 -0.175513872927303 0.0364706440843482
0.00938808396871677 -0.0263367074963044 -0.189458224454994 -0.394220936588209
0.034370223744856 -0.0333431666544789 0.347828645042692 -0.494382023166887
0.0264675194682066 0.0368532894366811 0.823630689157895 0.147046256685261
-0.0328010698580012 0.0351975330289292 0.231717921976977 0.924438857846831
-0.0388526011056017 0.00362124560919918 -0.440544452464374 0.584519621394978
-0.0422890979229406 0.000508306603474531 0.00649733680961445 0.121568189140165
-0.0155958478239794 0.0356653791658636 0.524765841542919 -0.495757259979662
0.0204583389477384 0.0144354335585483 -0.118376696319964 -0.994496706383385
0.0311632387983897 -0.0319946996206498 -0.878275682367313 -0.273555387627416
-0.00643093970404892 -0.0572543444939035 -0.42715723814263 0.556821981238072
-0.025177122713533 -0.0102789905246281 0.195256541626061 0.426163195495927
0.00470067955834524 0.0252805612204249 0.211794447521192 -0.00234449102339023
0.0322367289274099 0.0212705936220493 -0.0511562078128413 -0.238881853581271
0.00359325291395506 0.00186065184919278 0.053244674792915 0.209386217538151
-0.00806913302036012 0.000515958054588669 -0.173967275254126 0.0382105527442334
0.00907377982300582 -0.0259380849265585 -0.193831961432852 -0.394348143802488
0.0370329020596489 -0.0338076106194341 0.338138864409168 -0.503556625466835
0.0299121706442469 0.0352012989005167 0.821110581738831 0.124620440408522
-0.0314091699364589 0.0349678797096103 0.245103283547462 0.917181978235828
-0.0385760980648533 0.00163581986533266 -0.436417871428124 0.589164726769487
-0.0413277376179406 -0.00198365913613726 -0.00186440506579753 0.125134074401778
-0.0162420669141868 0.0332981956622924 0.525883844597772 -0.487950142289581
0.0199870279106866 0.0136714647723697 -0.0981745159231702 -1.00168161472553
0.0348293589677691 -0.0315265465462454 -0.876629488767726 -0.295412522308286
-0.00272546946544833 -0.0567022829455575 -0.439912517983848 0.544093759123951
-0.0254283504392739 -0.0100377580005199 0.190788540724865 0.426931939368971
0.00222459220154878 0.0276374397503685 0.21445797518414 0.00150154373642104
0.0289440555848025 0.0224821970864676 -0.0492246439163007 -0.239332737021927
0.00152822857415973 0.00429436031155985 0.0541606665384284 0.209353272214677
-0.0105762723137955 0.00236725932952925 -0.172583081686625 0.0391603671286266
0.0086345395228421 -0.0239842116296636 -0.197553639801152 -0.392114572479495
0.0395159336751502 -0.0327246854886494 0.330728121652701 -0.509024925736657
0.0325988777839327 0.0355427701153686 0.819598711363802 0.110480564247083
-0.0297039363377193 0.0343353765678058 0.254314997904439 0.90847725721953
-0.0351472210681433 -0.00186539803745918 -0.435287496556088 0.590916375421575
-0.0372122973890601 -0.00572945004695737 -0.0095178694722873 0.126965573256879
-0.0140907598548012 0.0291861760447023 0.527115014460294 -0.484288733115944
0.0203277720789503 0.0140463296536597 -0.0852860318044912 -1.00352488184514
0.0381876263240822 -0.0299869566089826 -0.873737189607877 -0.313111359385557
-0.000297599757942944 -0.0543202951337915 -0.445866706312022 0.536511711175542
-0.0261794529069092 -0.00755397701610645 0.189144978575704 0.428099934649933
-0.000946765349503545 0.0284173437944749 0.216944235922736 0.00403905007907457
0.0253474006698201 0.0248093212460162 -0.0454991878431148 -0.238637602076726
-0.00203774715294164 0.00783773915175497 0.0534067350694623 0.210163890678293
-0.0129614319935139 0.00396039965887657 -0.170496751096828 0.0414335798599233
0.0072466295886768 -0.0231165809760155 -0.196210924519757 -0.39319695052091
0.0416185763865265 -0.0314988405585938 0.328487147688273 -0.51232211841172
0.0366364004123343 0.036652359735343 0.818838926952294 0.102901219461069
-0.0275093074294248 0.0336979549119977 0.257470100310025 0.903873124103092
-0.0311663081243827 -0.00495139907255194 -0.436178118334996 0.593545460236293
-0.0310157092434582 -0.0096708722721864 -0.0135001341549289 0.126182686536003
-0.00918613164379472 0.025793026654592 0.525327945279535 -0.481927832706618
0.0225963765220382 0.0133948502872181 -0.0808837805581521 -1.00695605276765
0.0409784808826631 -0.0266247758883834 -0.870645650108672 -0.320568944953775
0.00186639650783518 -0.0530880553585315 -0.444932246679162 0.533293112245666
-0.0274599591283567 -0.00597313675697637 0.18848588322367 0.429488234993614
-0.00413350140111753 0.0302776019312066 0.218316829534092 0.00730152829706374
0.0212482817487255 0.0271898252440049 -0.0423360574049 -0.238312906726075
-0.00384000870390003 0.00996410986213604 0.0546038735971493 0.209766162635613
-0.0157056514386522 0.00529296535340877 -0.171044764964958 0.0410991791403055
0.00749008421951429 -0.0208494985623227 -0.195449106761385 -0.392018896325493
0.0442842285471216 -0.0286851228056959 0.330891954363617 -0.509482103659739
0.0395009311125896 0.0392985379948164 0.820927413064119 0.10584141004719
-0.025300073643469 0.0338919454357265 0.249511640387327 0.902639907265471
-0.0253082371829667 -0.00981077149380698 -0.440554023844997 0.589547398088022
-0.0238083777922627 -0.0134033565420156 -0.0142940686026234 0.126044553923545
-0.00476780943728631 0.0225379319660905 0.523669950603336 -0.481699251610086
0.0247245082496163 0.0142907922353237 -0.0842395085665671 -1.00907435168044
0.0428427963896104 -0.0248092357481219 -0.869276538602242 -0.319983722744988
0.00177528710456423 -0.0493383370737359 -0.444106262800577 0.534955959315329
-0.0302421769136037 -0.00490969425056375 0.190377333901759 0.431790390883496
-0.00798992545241402 0.031350909264891 0.22093281335222 0.00859099064792732
0.0181667637289481 0.0295212433534981 -0.0415853749603645 -0.237757614231111
-0.00559774728590528 0.0128011245186385 0.0538134930507124 0.210777363085105
-0.0173984352915769 0.00616251968174442 -0.171205977567396 0.0402541237616946
0.00583014366662896 -0.0203367168817664 -0.190086172480019 -0.392196553746354
0.0449746532970606 -0.025685571121118 0.338767577869931 -0.505866563489744
0.0406051225056104 0.0425710829108065 0.819649577594748 0.117214561489332
-0.0232606764707249 0.0329228128694741 0.243397153265689 0.90622420731284
-0.0195510880741084 -0.0130157222683348 -0.445914212739398 0.586447083025906
-0.0176129523497418 -0.0154126959529255 -0.012584664130883 0.123923473678873
0.00100919453125704 0.0204324362374642 0.521205552345273 -0.487439487336389
0.0265053251102 0.0144840682141757 -0.0949076927178065 -1.00396942371838
0.0435457146663958 -0.0212190794659293 -0.872494664780345 -0.307349668642732
0.000326485225235512 -0.0472641898833049 -0.436893293975054 0.543708858050907
-0.0324159989969523 -0.00309638565229263 0.192711134837781 0.43362411559843
-0.0103099206646057 0.032965988474086 0.219679945225615 0.00802189986901556
0.0157920203196734 0.032394892532328 -0.0404909337102181 -0.234288168382807
-0.00699455027977107 0.0139277419213324 0.0514241135814072 0.211940624603261
-0.0191254821786226 0.00598504533527255 -0.171981348477279 0.0400719277747786
0.00459208573502055 -0.0188288886027156 -0.184943543087087 -0.391658933277608
0.044764619764634 -0.0216881471145629 0.351332943812193 -0.495533534331514
0.0405310530174318 0.0470014373204014 0.823554413442066 0.133240096768655
-0.0229582109873299 0.0333978483342402 0.228555422564684 0.914492643668943
-0.0148143165956749 -0.0157545402807689 -0.452017546308179 0.580733279952907
-0.0108943553078165 -0.0168634933578237 -0.00828819594839026 0.119986719244842
0.00534456176732753 0.0191557931299516 0.518566622436095 -0.49288792867093
0.0278429547056503 0.0158102453062743 -0.111237279186314 -1.00103021414017
0.0441247950056404 -0.0196756325910147 -0.873834373881176 -0.286768669919278
-0.000794240426617115 -0.0451042202391393 -0.426489281855915 0.554580723287703
-0.0333194464580916 -0.00250498110639141 0.197532624237127 0.435596207624215
-0.0120497727277155 0.0337978509593047 0.219714405213421 0.007422710932226
0.0149044694938202 0.0328478626677811 -0.042474520294843 -0.233681363407489
0.00807045299765688 -0.00127614435273224 0.0521218339084924 0.211420684954466
-0.00511432505319067 -0.00192523044295257 -0.177520072602687 0.0369316758337587
0.00877757846767825 -0.0272176479712552 -0.192441060160291 -0.394698045465441
0.0322101702034176 -0.0324809045918294 0.353681121557785 -0.492718674415752
0.025931817630244 0.0397221897898711 0.829311699922745 0.158863211611839
-0.0339598390566569 0.0360913420360529 0.227094760720103 0.937604842834562
-0.0374752448835781 0.00379486448965727 -0.44113028543732 0.583525919204415
-0.0411055324618325 0.00358775732737093 0.017042032820353 0.117549560299341
-0.0144364879474148 0.0373276031867144 0.516901977527972 -0.512066552270457
0.0204686390810993 0.0159891301506862 -0.148392404984753 -0.990756508086449
0.0283036129608115 -0.0319524807573408 -0.889367111981539 -0.236078609634932
-0.0113511195808356 -0.0563464822920288 -0.410010776060926 0.580214235181054
-0.0260870793439843 -0.00872236258592261 0.208999017313176 0.424420811424031
0.00650275081183128 0.0242916445102295 0.210691868359663 -0.00745550798229597
0.0353041690484635 0.0192496735491876 -0.0569102543249589 -0.237001496304766
0.00639847507749084 -0.000568117587611406 0.0550514455409029 0.209603189741967
-0.00577843349562181 -0.000868269159340187 -0.175840329720677 0.0387184518030783
0.00872505765029508 -0.0263204719215393 -0.196938735935947 -0.393927143206006
0.0339493633258019 -0.0333613671832044 0.34142930453793 -0.503237502528869
0.0278766929692244 0.0366327127687961 0.829456620905251 0.135588287874298
-0.033552043679791 0.0359413351259106 0.244114111530798 0.92652803325959
-0.0390837442260342 0.0039426298902348 -0.435479450223976 0.591372796746054
-0.0431183899785613 0.0013515591996266 0.00797004268361247 0.12170400069924
-0.0155467359168828 0.0355341966485445 0.52012897308461 -0.505206561570332
0.0194828007349912 0.0139665267831297 -0.130095895714255 -0.997812501458944
0.0311701850699538 -0.0323059758669556 -0.886684967021102 -0.261801822530077
-0.00779717126584355 -0.0572968367789184 -0.421661946296384 0.566641732095312
-0.0255046631896551 -0.00976491185450407 0.201999670419556 0.424986177216175
0.00545471081150473 0.0258023111768773 0.213345186973508 -0.00542314961749895
0.0332356880299657 0.019607790141442 -0.0543916458224817 -0.239697317418645
0.00349145230316854 0.00168481353427075 0.0567070582278357 0.209600257978747
-0.0076243650078385 0.0012190745230293 -0.173523837159856 0.04069193394572
0.00856474481616684 -0.0254156999036884 -0.202246908950652 -0.392182307002464
0.0361561969875569 -0.034091883016002 0.331766736502546 -0.510695272469066
0.0305659853195828 0.0351719078101699 0.826855286149534 0.113745650949869
-0.0316357464966854 0.0353821080831928 0.259272274036498 0.91934297838891
-0.0384936092272011 0.00198077998945945 -0.431114330341601 0.597218610338207
-0.0410946559827097 -0.0012091886519621 -0.000605027459285875 0.12458092164814
-0.0149587249869662 0.0336722407332909 0.522142095123516 -0.497075469242732
0.0197923848874271 0.0134918763949967 -0.111827441418406 -1.00624828779392
0.0343296613772447 -0.0317058892969569 -0.884453941984583 -0.287161593746138
-0.00366186702194778 -0.0566632532406681 -0.434501995974627 0.55463674323872
-0.0252962193340676 -0.00983760328315982 0.197731934689079 0.427304729650921
0.0031610995124365 0.0269772705418145 0.216002294766264 -0.001829779108272
0.0304375692855462 0.0217245533595579 -0.0519407360317504 -0.239468329225565
0.000956981127755465 0.0045096416121943 0.0581004311110515 0.20886584181988
-0.00973806951944027 0.00179614182182824 -0.172185163761818 0.0415863122449093
0.00768687575217318 -0.0246526185746972 -0.202934641093089 -0.393553503262389
0.0384890207750892 -0.0334488411621656 0.325503524915373 -0.518894130556056
0.0342172657896239 0.035348783330758 0.824355169564336 0.0987914950740215
-0.0298919080711099 0.0348132884553808 0.269268604736418 0.910176178950117
-0.0352466727342577 -0.0014425039619021 -0.427767434470729 0.598973985504202
-0.0373629747404091 -0.00547200028458075 -0.00803292320457783 0.12687609332531
-0.0126610718644422 0.028989589677535 0.522653631706864 -0.492244760804095
0.0212080535735399 0.0133196852028962 -0.0982763903711424 -1.01227385726561
0.0373336001155993 -0.0303211256431141 -0.882161151328068 -0.302257494738153
-0.000856528315290067 -0.0545850010409127 -0.43838274982526 0.546484017502364
-0.0267847946495978 -0.00778946012583185 0.197064955317249 0.428598803077695
0.000187347941224991 0.0280386588631519 0.218546253939009 0.00140134695226332
0.026350620186384 0.0237373574982673 -0.0494064414865333 -0.239167558227525
-0.00239232029156753 0.00681683020034423 0.0576167701845935 0.210069735617711
-0.0131019593630975 0.00448624121919397 -0.172254192987542 0.0431280583548848
0.00739487849171103 -0.0232493763253103 -0.204416709981584 -0.39238604221024
0.0414432781448702 -0.0314244069195063 0.322155812617 -0.519875181142385
0.0382960110985423 0.0362785987093369 0.82365996870389 0.0917625304878155
-0.0276938276358265 0.0336407785935742 0.269833808868895 0.907548106295184
-0.0304963810154078 -0.00628890176574888 -0.431023627162942 0.601730284701497
-0.0312293573391379 -0.00889210740425249 -0.0123036018784254 0.126661239220079
-0.0091786763396873 0.0253100263745186 0.523169888282226 -0.490607313320315
0.0218831107193108 0.0141109348891128 -0.0940621921264565 -1.01121853577969
0.040146628180231 -0.0275535483471643 -0.879091567997133 -0.30891987529946
0.000445459021237764 -0.0527308198460165 -0.440465384911451 0.541234445498371
-0.0280949619199407 -0.00660980702161755 0.197353612629004 0.430934332267478
-0.00356010330553844 0.0307750243725789 0.220545553028216 0.00495346339193745
0.0223695022084562 0.0272998095848646 -0.0465627174116367 -0.238179682898689
-0.00493485853553749 0.00977719749461783 0.0582875820228622 0.210246412762283
-0.0153844163063416 0.00631205257691952 -0.171618961938896 0.0435316460125221
0.00570047920789506 -0.0221369075864312 -0.200239170625316 -0.391785338602176
0.0432341185308782 -0.0293415394379339 0.325645183580968 -0.517759254002457
0.0410839774560362 0.0394471384639577 0.82493786658775 0.0937962664485132
-0.0252908054009893 0.0336302040902301 0.26491294564268 0.905337267470721
-0.025878050110511 -0.00978256601898685 -0.434011110698091 0.598444325080735
-0.0238915285601165 -0.0128984640930767 -0.0133818087821701 0.12634889999231
-0.00470250157526898 0.0219672488956722 0.522130540926521 -0.489838314895363
0.0241729095100096 0.0142605224968102 -0.0967019851486279 -1.01287349719329
0.042471080455132 -0.0255051937046248 -0.880233268017402 -0.308536772411464
0.00161208799765592 -0.0499271587691641 -0.43844147368141 0.544272620239618
-0.0305273447648004 -0.00459539965385413 0.1982261656597 0.433173061410172
-0.00730598340423086 0.0312234143313592 0.221643947382051 0.00532978421845803
0.0192576175471334 0.0298308883263206 -0.0445554199427074 -0.23773155908765
-0.00627939783222866 0.0122372561842089 0.0561146802038022 0.210664991538914
-0.0178241792104583 0.00676997030844011 -0.171045241418893 0.0430140639008981
0.00514755512355803 -0.0195417430454467 -0.197322876527982 -0.392492534707187
0.0439546206495909 -0.0261924199419239 0.334164372664913 -0.514341534970046
0.0429995205465564 0.0434092075614873 0.825749747697634 0.104692507499366
-0.022439701820948 0.033743629528673 0.25613962249005 0.906025741117323
-0.0202285017272702 -0.0126630246906196 -0.439650575561042 0.595536819789633
-0.0167631847390381 -0.0156792103213655 -0.0111464487760104 0.123569258229567
0.000657978565832912 0.0201669288173949 0.517417932251356 -0.49377340469212
0.0260297472894227 0.0150520772707941 -0.106790601466063 -1.00880662783744
0.0433442118542822 -0.0219144992584548 -0.880342543787325 -0.295829013819565
0.000854400375649586 -0.0477962686193903 -0.431680837900189 0.552273429745511
-0.032193688297441 -0.00292232281525005 0.201070359357898 0.433287590155365
-0.00931314999499143 0.0330075759810605 0.221253132401315 0.00575997152948341
0.0163837947760831 0.0313829262248122 -0.0441296943132242 -0.234994982803947
-0.00762214724706402 0.0138753359298005 0.0551970660962937 0.212118611315296
-0.0194810008473211 0.00701444160552572 -0.171985126458122 0.0421383282981972
0.00347397665863824 -0.01882132766125 -0.191660748349071 -0.391369325906565
0.0433216787964577 -0.022309683367878 0.345034797165694 -0.503811818524544
0.0422713584092702 0.0472289272858259 0.827597110760819 0.122879627372912
-0.0228348951495231 0.0344769745957767 0.242665290726849 0.916996766507899
-0.0151335738578124 -0.015954982270111 -0.44670343343968 0.587611946783177
-0.0106013922457797 -0.017083397738099 -0.00667968274739767 0.12020462833004
0.00604462624650255 0.0190712043696993 0.513390449138598 -0.502062259639864
0.0281233441225392 0.0150575317962732 -0.125113224418251 -1.00351967620813
0.042599965737326 -0.0201056069284478 -0.882259758446827 -0.277033708669869
-0.000978744422143796 -0.0450799589477728 -0.420135326600785 0.563124999008206
-0.0330069892245619 -0.00114128464861636 0.205745153626067 0.433742616790673
-0.0108930737745572 0.0334097942410928 0.220719158268773 0.00371594128412905
0.0151295912930447 0.0330966905204635 -0.0453910171282767 -0.233376944691608
0.00646420344605551 -0.00118911083797052 0.0558801506791313 0.21051575749231
-0.00449495544017287 -0.00192920290938018 -0.177508522370656 0.039660097243051
0.00727800787836355 -0.0266611569999889 -0.199824424643812 -0.394058705093067
0.0311688181628217 -0.0336603676771837 0.348595659714418 -0.499546049860174
0.027532528266421 0.039036990188406 0.835682437443807 0.1462583384491
-0.0326238375268933 0.0363477877030181 0.243865797676938 0.93735690846454
-0.0379806506115384 0.004393509309545 -0.43440682791537 0.591433301300685
-0.0408796351454501 0.00379087232288881 0.0185331669732555 0.117354986230893
-0.0137333039843579 0.03725768985303 0.511485563482871 -0.521691189843683
0.0208328837408956 0.0149409892030309 -0.163484488252218 -0.993914356539023
0.0281232888751829 -0.0322720545355761 -0.897039142823055 -0.224144002731468
-0.0127300960241692 -0.0561577591543261 -0.40150955398799 0.588344379668386
-0.0261287715425382 -0.0094003357620908 0.21547940787291 0.421715143167035
0.00810389488842668 0.0250139073849756 0.212273280131527 -0.0108332810544928
0.0359981538844872 0.01732445845021 -0.0605686775853534 -0.236877521312841
0.00507859528882748 0.00038158113758675 0.0580472623921228 0.208084465115407
-0.00616434334146892 -0.000430122859453911 -0.174840652668723 0.0410928126083769
0.00780885201845775 -0.0271196231129357 -0.204591557030091 -0.392488440695981
0.0335423143326627 -0.0350714056600485 0.335822496220656 -0.511717754438194
0.0300977832961036 0.0369788876541965 0.83342882561883 0.123803281348378
-0.0326910359003753 0.0353083224204575 0.258720619677643 0.928346260875642
-0.038877482991611 0.00406621370204912 -0.427517285318757 0.598184883663666
-0.0423052535256228 0.00194466912644302 0.0104281624502764 0.121518496309814
-0.0157256815045303 0.0357041212173773 0.515301653993739 -0.512476712008763
0.0197598106720314 0.013992233871007 -0.145244461683731 -1.0009338539232
0.030619375328939 -0.0338027380955697 -0.894398441665488 -0.249867441496553
-0.00821786700448986 -0.0570974974652553 -0.414349055164752 0.575021584275522
-0.0253444211338042 -0.00913181554910107 0.210245189945208 0.423260818113031
0.00726026763193939 0.0258330676909404 0.214417117849557 -0.00922570118366643
0.0344485975753536 0.0188944689142097 -0.0584797757151452 -0.239439526221059
0.00340518757151285 0.00163848319739239 0.0599031293640392 0.208047424831012
-0.00761354282644341 0.00131026768264563 -0.174363539879303 0.0435114042552605
0.0073279472080458 -0.0257097580381601 -0.208516375525207 -0.391894570200416
0.0353177913037697 -0.0349839412042297 0.325124935776051 -0.520872294511427
0.0328171492529394 0.0352889206486369 0.829717876310829 0.102573843720133
-0.031992817168427 0.0356848844085653 0.274642842588519 0.920319323648725
-0.0380026561105777 0.00186866163170178 -0.424238062894187 0.607013967521514
-0.0409604236710766 -0.000808769136710268 0.00178499964175988 0.124074171712737
-0.0151628857859956 0.0328229831660079 0.51759208238359 -0.50420509779178
0.0197011126883632 0.013888050690107 -0.126680565171412 -1.00777843588663
0.0337753636011846 -0.0327887978481358 -0.892466413552035 -0.275581245801535
-0.0048133046936184 -0.0569355299276316 -0.426707678340249 0.564081249988248
-0.0256064847562293 -0.00901940203106109 0.207977812587426 0.42507072481985
0.00407571355021512 0.0263364165609461 0.217239724403855 -0.00448078060376753
0.0305866505864684 0.0204937114988317 -0.0552996819162955 -0.239898951160414
0.000263394004393803 0.00413393214201 0.0614997154109401 0.209068610963363
-0.00997937706916368 0.00367152964378154 -0.171865161939854 0.0449062086016859
0.0062618956849028 -0.0242481542090741 -0.211608241937106 -0.392703950050368
0.0378234287116008 -0.0345673196571858 0.316012309506319 -0.526777268899756
0.0361943637887214 0.035566975210331 0.829661249173155 0.0869964811024439
-0.0293772283224833 0.0351885350213977 0.281937720600527 0.912738520202373
-0.0358877729304747 -0.00180200920684067 -0.421881326320027 0.607486304610988
-0.0366742476509895 -0.00467695072397707 -0.00494902691285306 0.125645497616507
-0.012952441880594 0.0289920442722088 0.519824034626204 -0.501522167779014
0.0206631559862824 0.0125208941456302 -0.114225931481905 -1.01243432654454
0.0377133856458635 -0.0311217697024619 -0.889820810993293 -0.290962532704679
-0.00145931892333891 -0.0554241413097295 -0.433124864759508 0.554175114749238
-0.0265581823816465 -0.00726356917741092 0.20452019687411 0.427543218667449
0.00110634532180465 0.0288056399147724 0.218481647687438 -0.00168098756978096
0.0271445001878187 0.0229343858620236 -0.0527503568379997 -0.239847626923378
-0.00256689172923772 0.00636305800288212 0.0617396941784592 0.209440104690274
-0.0119031994910343 0.00501076442973972 -0.171449308774218 0.0459992446122669
0.0057288708554887 -0.0228141740349299 -0.211811706119584 -0.391640762962145
0.0409963483660276 -0.0325852622495457 0.314058259876216 -0.528091526414914
0.0399570679388155 0.0368164567849677 0.827828423030874 0.0812099513966388
-0.0278073153308599 0.034534635347413 0.283170306655315 0.908276065826413
-0.0313465028806472 -0.00555977843766359 -0.424552500089646 0.609864566112372
-0.0309416002005006 -0.00877820397102131 -0.009683212950799 0.127013288140686
-0.00912062289568567 0.0251518576982446 0.517705778212634 -0.497661161444556
0.022189540134063 0.0134154894032808 -0.111409147300573 -1.013441774917
0.0404398029699478 -0.0282083300005357 -0.887937666022054 -0.299954032959666
-0.000205569035408693 -0.0524198806035102 -0.434739187792487 0.550171011623024
-0.028741803066897 -0.00566125725418135 0.204430100798245 0.428936141112818
-0.00235890487578375 0.029755715278321 0.221495709352722 0.000649842647741475
0.0231541282739846 0.0260845380008122 -0.0499066536616319 -0.238145483270555
-0.00472746455464028 0.0105338669093846 0.0613224704524186 0.209470468700131
-0.0154934429070759 0.00696268542089173 -0.170719098919098 0.045595589847704
0.00528882268608073 -0.0215601919352513 -0.208699900466056 -0.391230855126146
0.0432025224320161 -0.0308206358466178 0.317408305884518 -0.527215583365051
0.0425404549286201 0.0394324758560281 0.827516790499771 0.0827764814994953
-0.025667192800457 0.0346534013925268 0.277494527666647 0.906985940584723
-0.0259887249507314 -0.00991966545073688 -0.425645645060531 0.606061398560448
-0.0231968068272384 -0.0128705890865935 -0.0111785012240182 0.125758976066966
-0.00484181461082737 0.0222646028113634 0.516476237551866 -0.498761444856709
0.024722635344947 0.0138520290619299 -0.112894339220427 -1.01733379482855
0.042128694010119 -0.0253278724968065 -0.887435645154461 -0.297950566009906
0.000778137951870275 -0.0489266136003502 -0.433215899640013 0.554023742841568
-0.0303466755096248 -0.00383453502915424 0.206099740089383 0.431210672117146
-0.00517128451432853 0.0314739124638523 0.222501687973317 0.00206255532452497
0.019657597798306 0.0286258450594667 -0.0486503471185121 -0.237504782590913
-0.00694960714589899 0.0119445385732342 0.0608890640120049 0.210189033407815
-0.0182072860369785 0.00775500021077012 -0.170450732842877 0.0454381277093378
0.00385627846806457 -0.0196485281097684 -0.20457629333459 -0.390470131826752
0.0444143952115475 -0.0275914014344361 0.327441051243836 -0.522102763351
0.0443341565193112 0.0428262622723984 0.83014037896417 0.0928369126405297
-0.0234308879778669 0.0342084434215647 0.26989845870181 0.909943402396262
-0.0208890505533123 -0.0127822348747691 -0.432619815233278 0.602438298468382
-0.0166536616828379 -0.015115426608611 -0.0093731367734277 0.123776271020477
0.000645118229169116 0.0210492878730666 0.512607126187483 -0.504111411089785
0.0260936700793608 0.0143510666825947 -0.121861673995893 -1.0109352352221
0.0429970096244528 -0.022582096702947 -0.889074475677238 -0.284691855181708
-0.000765397766187607 -0.047216703221409 -0.423744869852329 0.561313425109805
-0.03262907783289 -0.00319148960166937 0.210184298192894 0.432345048227508
-0.00831750685229148 0.032796457566724 0.222359444012457 0.00267828407128392
0.0172711441554436 0.0308571212991522 -0.0478787458144654 -0.235861533982914
-0.00795475493611819 0.0138598879900162 0.059064578675065 0.211129126586762
-0.0202608784640419 0.00784555856003646 -0.172297087797954 0.0449498081529765
0.00254763805564323 -0.0187619109965397 -0.198837501724585 -0.391252638975465
0.0441312406358133 -0.0240492031720633 0.338465812450941 -0.512667379357367
0.0448569804112015 0.0461358444679482 0.831184611768999 0.112294916690686
-0.0225244883888332 0.0347090274017481 0.256070427095824 0.91812073229577
-0.0168208079026705 -0.0156813017341016 -0.439493600176833 0.596628800614481
-0.010946823199991 -0.0169370608192811 -0.00413559846880487 0.119387668366772
0.00545918225080974 0.0182474864121694 0.509443112794537 -0.509607216650921
0.0280189611741635 0.014889603903608 -0.139776183487201 -1.00563503014239
0.0435987171054963 -0.0209911654533492 -0.889185410723162 -0.267009037603836
-0.00208446469585491 -0.0449205159676595 -0.412496521456995 0.572630971108252
-0.033893499858904 -0.00151746900754577 0.215419423911347 0.432728818149558
-0.00934563155696001 0.0338105736509546 0.222481645151634 0.000470774588925154
0.0163040567463318 0.0319128750334152 -0.0495733804296204 -0.233944201384195
0.00629361167422175 -0.00122980046794678 0.0593834197058008 0.209388983080076
-0.00425513563921234 -0.000972360257300294 -0.176978833541529 0.0423775022706079
0.00683095568404912 -0.026897125135172 -0.206939396431154 -0.391828965555328
0.0312933526499495 -0.0348213963472184 0.338504007393501 -0.508078306411442
0.0289491739528912 0.0386247473062903 0.837169208388605 0.132259492627128
-0.0341124868273922 0.0370958294708107 0.257678541767558 0.937441383160618
-0.0377221793186812 0.00433018508950448 -0.424368488059475 0.597992018584833
-0.0413394435501478 0.00427733488070899 0.020992060107805 0.116448776569309
-0.0130115826142016 0.0370881254920257 0.504273654693695 -0.52989049550929
0.0205964269172376 0.0145609477194915 -0.180531245349422 -0.991049291636491
0.0268856582315236 -0.0327629314114185 -0.898937823956744 -0.21091988348003
-0.0129933693432614 -0.0559550583918523 -0.392078589958753 0.59577097131739
-0.0263853183493383 -0.00838991409832893 0.2235034550182 0.420405875349463
0.00872348664740194 0.0234912010503193 0.212400760924338 -0.0146978028940121
0.0368080950257643 0.0162628084414982 -0.0645452369832518 -0.236666013636272
0.0043104711355875 -0.000322571736716399 0.0618292171215162 0.208250107547368
-0.00602835096513765 0.000344270889363154 -0.173872884047899 0.0433405097196175
0.00709468923714352 -0.0269650008884648 -0.21183813343055 -0.390881364745405
0.0328239558216692 -0.036674638171214 0.327039496405973 -0.51824227477452
0.0310463530117259 0.0365014234332364 0.835406545848868 0.112060090502353
-0.0332050596011155 0.0366743529016343 0.274298437540654 0.926683452550394
-0.038832764102703 0.00296891643528332 -0.41923374241044 0.60532393743429
-0.0423399899195719 0.00258965205470265 0.012421855812608 0.120676375967649
-0.0149362809989742 0.0352849717895581 0.508172743139489 -0.521571702634126
0.0191203952733582 0.013494452698933 -0.162615669121667 -0.999090633222819
0.030708596529403 -0.0331089094300358 -0.898971208276445 -0.236740945192074
-0.00839711366943267 -0.0568441472003034 -0.406182728339925 0.58160517901436
-0.0250320874519256 -0.00951465267042273 0.218604504680088 0.420981408393268
0.00794795548390957 0.025385732719371 0.215178005341122 -0.0116322191768587
0.0349867755082785 0.0184235153506487 -0.0613691446098161 -0.238008978284821
0.00283027695556292 0.00123787796873695 0.063613540025139 0.20689488209484
-0.00692619880093492 0.00164161601305716 -0.172406682504757 0.0470866223150456
0.00734791721015447 -0.0257734452848722 -0.216611935021472 -0.38931997892889
0.0346502642719554 -0.0361428479113728 0.315324413742372 -0.52770608571548
0.0344645221493115 0.0353965417226891 0.832792948373269 0.0872452123431496
-0.032240712322828 0.0361277300783527 0.290451461013787 0.91881180371273
-0.0388050373514692 0.00261105835365578 -0.41424445239419 0.612835757319461
-0.0407593976321714 -0.000271047255905578 0.00460823116096656 0.123511760966301
-0.0145951050552244 0.0327508792986148 0.509001846380198 -0.513262903386478
0.0205325015093074 0.013129866335946 -0.141579548581423 -1.00765091030072
0.0341379714556999 -0.0329203817160016 -0.898607990132886 -0.260768334783656
-0.00546969464303632 -0.0561115880077952 -0.416966097790308 0.570040293404203
-0.0251990945227022 -0.00826581510970952 0.214530715825713 0.421959156304339
0.00588839782681076 0.0268175930149902 0.217771645436827 -0.00867638872727016
0.0313385007655035 0.0186830807427267 -0.0597576868688883 -0.23832043810548
-0.000862225742261108 0.00431102694108448 0.0659068214714115 0.207248369209481
-0.0104446427145453 0.00383403511816839 -0.170846601484588 0.0477060039712511
0.00563314051749634 -0.0244864075549444 -0.218773995802322 -0.389323450339935
0.0362457063416115 -0.0353440997397599 0.308330761730388 -0.533757148674461
0.0373799520008134 0.0346499086422256 0.829908312401268 0.0730380425004543
-0.030232487541828 0.0356409189884407 0.296781464445815 0.910598297574635
-0.0361253835438234 -0.00150714697047954 -0.412993375855789 0.614207502832777
-0.0370280647098094 -0.00387542188791263 -0.0022510284436186 0.125962425017045
-0.0127508032415092 0.0295734439313552 0.51263772484467 -0.508851005575249
0.0210926346864342 0.0127652514958419 -0.130217994647876 -1.01194050275621
0.0373060811679239 -0.0315368828543066 -0.89757262122901 -0.277715564257434
-0.00216282317276252 -0.0550686419013129 -0.426683478379946 0.563047000020341
-0.0266245763550427 -0.0077916556102482 0.212092166250228 0.424078824188655
0.0025791930791222 0.0279078428506699 0.220570179795952 -0.00519003087751409
0.0285699396341276 0.022026713610743 -0.0567494017994696 -0.238726361785218
-0.00357641314877503 0.00670281002317091 0.0655876947385201 0.207483665229923
-0.0128727006594426 0.00572942202688303 -0.170029704869019 0.0486474373542646
0.00476045371656256 -0.0229299219709006 -0.219301565403075 -0.387493015350178
0.0400938739917167 -0.0332744784706117 0.305039149814266 -0.536615945526252
0.0409074341381495 0.0365446066669585 0.82878980533449 0.0671320179620218
-0.0277293300806614 0.0350827887097716 0.299477658067586 0.904268004207486
-0.0313020402673552 -0.00571923743514754 -0.415396001400476 0.616270997005209
-0.0307956584823706 -0.00798997574465012 -0.00803857667647407 0.125810794444093
-0.00910055758637699 0.0254132696888442 0.511873666660736 -0.505137908292446
0.0231779343682737 0.0134728558762048 -0.125596542286181 -1.01445949120112
0.0396142344212252 -0.0291084620093801 -0.895675291393959 -0.282779463715414
-0.00121620207662676 -0.0525652978134775 -0.424926301460412 0.560667002466024
-0.0284833556560275 -0.00555000146547678 0.212513887200266 0.426004963037055
-0.00118594820091828 0.0296101912215364 0.2221297266022 -0.00259219187790575
0.0235263764465469 0.0247187315537469 -0.0542724354156595 -0.23750966059846
-0.00554489899452499 0.0103674632894899 0.0654161637276039 0.208353552915174
-0.0157841764999828 0.00655481212058283 -0.169263647665504 0.0494008501446702
0.00413937477270603 -0.0209930436341352 -0.216653424954597 -0.388915377761431
0.0416978924126927 -0.0318381693697933 0.308781002071285 -0.534122336122908
0.04439251881137 0.0383062345604603 0.829754693016215 0.0689927349245331
-0.0253671901547414 0.0341178310002563 0.293273938686681 0.904567743906674
-0.025562424544224 -0.0100193158030244 -0.419843729522041 0.613225765825434
-0.0236470589986086 -0.0123086675419828 -0.00917428683837516 0.125613251238634
-0.00428992461903043 0.0218621962510731 0.509285585182085 -0.507951555970602
0.0245245684885976 0.0127328435854414 -0.128761215484726 -1.01646310938239
0.0411470527257686 -0.0266306012240068 -0.894343245911164 -0.28447947204251
-0.000236444953873465 -0.0500659597758051 -0.422652631543433 0.560492180677855
-0.0309982313470782 -0.0045336866737275 0.214790905582076 0.427748449902411
-0.00498634713849945 0.0319618039033122 0.223805545323129 -0.00115501870185898
0.0211331777012441 0.0277498634047868 -0.052081385389609 -0.237171181443211
-0.00658911440538215 0.0125722439902748 0.0635073885937256 0.2095857923139
-0.0175660871715748 0.00794192454595874 -0.170108888762332 0.0488559666302324
0.00323480891485951 -0.0202992473132033 -0.212953493222547 -0.388252047502584
0.0436872461443821 -0.0279003083811 0.318928937171551 -0.529659902561069
0.0466810104327181 0.0418731069715298 0.832523931313222 0.0808925950453236
-0.0233896623796014 0.0346075422257823 0.28457559750344 0.907849829818311
-0.0212735774511878 -0.0132522121950939 -0.423901186143316 0.612889476410954
-0.0164998069225364 -0.0150613143348883 -0.00741178234297013 0.123144150999121
0.000325399741020268 0.0199937303622761 0.505067729020422 -0.51076161543642
0.0262971729902883 0.0146013896907076 -0.136598653370838 -1.01025617498286
0.0424067646653623 -0.024013635859945 -0.893937599362434 -0.271854250759443
-0.00144273613833652 -0.047507307929956 -0.415196231989018 0.56919951092634
-0.032336094922616 -0.00275995844788414 0.218034114255772 0.429439173914835
-0.00772984089807644 0.0327212902615205 0.224026653685641 -0.00108385304880431
0.0186416552563017 0.0298500018663458 -0.0518392562585207 -0.234737056457916
-0.00841460131451776 0.0134237802725455 0.0626897482339587 0.209833363988811
-0.0201350869392495 0.0084969525861884 -0.170430942860062 0.0484511002530879
0.00154361188765733 -0.0190584504166091 -0.206532951248151 -0.388514823413796
0.043744526472246 -0.0246219946650462 0.330195853357563 -0.519953904868412
0.046722673043072 0.0464065627210387 0.834523086628772 0.0976005784402568
-0.0222825674879519 0.0345005148816 0.269614710574625 0.916161676615245
-0.0168317486427538 -0.0155871722364238 -0.431571807103041 0.603990116035853
-0.0110602009774801 -0.0162855615433763 -0.00228197148433607 0.119133744646524
0.00511578967220298 0.0186182833135825 0.501846776741417 -0.518838591664257
0.0290149527315907 0.0141742676826839 -0.152632831499439 -1.00786685683181
0.0432189033228843 -0.0214481180903312 -0.895040082283877 -0.251215093169611
-0.00224186458467018 -0.0453472248750316 -0.404130061558677 0.579288609525888
-0.033124666533663 -0.00142160876381811 0.22274023016022 0.429499040867269
-0.00888015447232543 0.0338526737416608 0.223144903938368 -0.0031466606481899
0.0176351008069157 0.0314272155515423 -0.0527199759999744 -0.233213136560152
0.00499870568565019 -0.00179524097395248 0.0638975289569154 0.207009437291123
-0.00473388972960939 -0.00113987889424566 -0.176003858318982 0.0451341123200655
0.00582471561998654 -0.0268899976027519 -0.21501845661197 -0.387444480646629
0.0302476479030298 -0.0349400405282178 0.329294376641417 -0.51569517323814
0.0311344509993551 0.0374234418725819 0.838245345366543 0.118297838907141
-0.0331390931119495 0.0372943661637802 0.272978780764429 0.934070443423855
-0.0383383914761065 0.00383440656837367 -0.416767306767202 0.605266656982671
-0.0401413620641535 0.00615068646921363 0.0230569117930954 0.114480458314536
-0.012523273973528 0.0371699777800851 0.493960904896724 -0.536751635197979
0.0204726354941631 0.0143537193229902 -0.195425423917988 -0.987652587125074
0.0268275450958178 -0.0317587892603094 -0.902582284285998 -0.195416678956436
-0.0147063252509162 -0.0556150110385951 -0.38099996777765 0.603652949741364
-0.0270072485027961 -0.00822739392551896 0.231532008277748 0.414764882960529
0.0100355323711034 0.0232612365058008 0.212392047532113 -0.0191232440120611
0.0373425766109169 0.0158238734176045 -0.0678808295382893 -0.235251810826851
0.00443832990981432 -0.000200375762904187 0.0656330413482619 0.206012200992763
-0.00625778807894532 0.000660874971363475 -0.17374932878889 0.0467332866435891
0.00575120045892247 -0.0267331344214528 -0.220397075748018 -0.387013210614707
0.0303880938503439 -0.0367853846729326 0.317276104747165 -0.525899107727609
0.0327204139121112 0.0356709263718112 0.835943445442148 0.0943881399991163
-0.0333348268204064 0.0373124110702986 0.290821280544095 0.924059124790426
-0.0392661089619177 0.00384889761097614 -0.410044504482739 0.611044978318102
-0.0418610131917747 0.00263589908297277 0.0142883101503976 0.11952020368274
-0.0144098442596991 0.0357037211855405 0.499451870216603 -0.528673800852108
0.020129346154911 0.0139771420634099 -0.176466106757044 -0.995757549072909
0.0293709036756102 -0.0343460611630783 -0.903149959416311 -0.221081174029119
-0.0103822648180171 -0.0568196297330065 -0.393038333294299 0.588445703787331
-0.0255646020390221 -0.00868067579926318 0.226400902785845 0.416389318155648
0.00919658296847645 0.0243494978749752 0.214334057921987 -0.0157533979218669
0.0353060819641072 0.0150022296582087 -0.0674203646812692 -0.23586633451494
0.0014044818258576 0.000686899846137344 0.0667144101862345 0.206078765603858
-0.00779654497466909 0.00240392621872577 -0.171162453749028 0.0487723865553111
0.00553165378561124 -0.0258874218290503 -0.224002049354605 -0.386908036422872
0.0330487483632206 -0.03634995284834 0.305853218036398 -0.534144958668192
0.0354563563443743 0.0340504119887149 0.833470592008621 0.0744204853866343
-0.0311460444541919 0.036338645458892 0.305611822250098 0.913539739099776
-0.0385742436312256 0.00269801510829866 -0.405942572207208 0.617835045494255
-0.0406818927653701 0.000866175757840938 0.00660635285016909 0.123945187623376
-0.0143135293198933 0.0335053138210144 0.502361574039293 -0.519903979530277
0.0205323764106417 0.0130828860298209 -0.158190209950856 -1.00483322158
0.0331284324573741 -0.0335319458910845 -0.901617502884404 -0.245919760026752
-0.00539787653520172 -0.056172930814043 -0.407970733362181 0.577994160637949
-0.0256663467918983 -0.00825062617705163 0.223235275523093 0.418657372060272
0.00648438829205289 0.0258200553663305 0.21751487088858 -0.0124956999223872
0.0324635768367951 0.0186215893986799 -0.0629618497286779 -0.237791385298677
-0.000839164901264525 0.00479363977581026 0.0687062819832479 0.206015898777519
-0.00941645381313784 0.00382337564627333 -0.171202843438986 0.0511514748873146
0.0048347283162957 -0.0240084932678174 -0.226435311401957 -0.386132082675076
0.0357427192099732 -0.0370541873098791 0.297338264305695 -0.54015058752093
0.038871992289292 0.0338420324187471 0.830104292067613 0.0594456794716814
-0.0297790873540945 0.035988244021048 0.312305727604432 0.904107029005877
-0.0361525781654246 -0.00112517555573871 -0.402359780946726 0.619907209775228
-0.0364980933915753 -0.00363714213081807 -0.000445011153226349 0.125519699863261
-0.0121312129953418 0.028786159731667 0.503175978828208 -0.514945034148663
0.0214769148129861 0.0125625812653441 -0.146731461103122 -1.01130481798194
0.0362893971760307 -0.0324676233479344 -0.899230129903633 -0.26211767401449
-0.00280082768318185 -0.0548255632524287 -0.41446055956798 0.569546508770863
-0.0262584583628537 -0.00699023790346356 0.220390336728351 0.419915612435552
0.00321380840029236 0.0274944506513952 0.221183822439805 -0.00904344023150371
0.0285859984136073 0.0217856608541809 -0.0606485049687906 -0.236878013322275
-0.00336350522607923 0.00724897380775702 0.0688118641026733 0.206279601718114
-0.0123025038002123 0.00694549924107069 -0.169091831261617 0.0511623550613419
0.00522556675456528 -0.0228848406511213 -0.226052762671809 -0.384501826617421
0.0396080474192209 -0.0348300331926048 0.295537542030085 -0.542504626799248
0.0424745063102943 0.0350752749776849 0.829172265075521 0.0518031116557248
-0.0269722748915938 0.0352187680560492 0.315638763666426 0.899721924515846
-0.0320340065206075 -0.00617480415475776 -0.404433879551952 0.621183110852668
-0.0311671261126808 -0.00781581698480075 -0.00499176343530671 0.12664319168033
-0.00833379918634904 0.0249668168477027 0.501825807181072 -0.511946880763537
0.0228160550376174 0.012398463226705 -0.142905319493061 -1.0102346487424
0.0387085230789062 -0.0296603290428332 -0.89977035364323 -0.269105436888973
-0.00216968205555426 -0.0523013024203857 -0.415161766408389 0.567425655910767
-0.0285559431979203 -0.00495688275775499 0.221849301104944 0.421404673084982
-0.00086014938805299 0.0294610426581294 0.222787969183934 -0.0070777396956609
0.0254308584903811 0.0239014684013939 -0.0580352745004047 -0.236093819640423
-0.0059857916916439 0.0103964030811264 0.0687775021183406 0.206262080149506
-0.0152957779147735 0.00807389605831051 -0.167755511733201 0.0525522795884791
0.00400530173794192 -0.0208771332202511 -0.223596564299154 -0.385183501839659
0.0415686962744011 -0.0307245992377084 0.298176321864188 -0.539505628593115
0.0460313907480738 0.0373700953594719 0.828808128655369 0.0527623884267376
-0.0253026110444022 0.0348424697316669 0.307948181203221 0.900545042300028
-0.0262883359530484 -0.00992781601628216 -0.408513173704143 0.618299095436396
-0.0245203820406317 -0.0119722508094433 -0.00696733464743974 0.124781247419951
-0.00381335224644336 0.0216964807662196 0.499838677270919 -0.513721139813947
0.0244100237991725 0.0128338167585695 -0.145811510090934 -1.0120797524162
0.0405824215571129 -0.0267136856899695 -0.898031325810439 -0.267947058764874
-0.000538596810249561 -0.050249565317931 -0.412705702909566 0.568710550820548
-0.030730331045686 -0.00362251078737762 0.222931750243122 0.423107014320381
-0.00380154973116234 0.0308629818083306 0.223691138166272 -0.00550176533277715
0.0211866339069668 0.0263840006289118 -0.0566893891451031 -0.235635681487946
-0.00788967886455387 0.0125269789504266 0.066925901879484 0.20723218867143
-0.0179024894232961 0.00872022981510808 -0.168229932597958 0.0517428323019396
0.00258758758745639 -0.0198087582824837 -0.2202532731161 -0.384585612542816
0.0424454625743638 -0.0294995358790434 0.308386441780034 -0.537247442105459
0.0490124614192713 0.0410833181986176 0.830663133038292 0.065772705349814
-0.0234734958335462 0.0346807600569395 0.299896078702376 0.903746112905413
-0.0219564858166367 -0.0136686488010373 -0.415426883276987 0.615393441959069
-0.0167341802749625 -0.0150067649623709 -0.00484594870087538 0.122508023429858
0.00113006576617974 0.0198021548055345 0.496910804534373 -0.518660089550017
0.0261979624250087 0.0135674873130809 -0.154479993585949 -1.00566241199696
0.0423179672132201 -0.0243504504343179 -0.89824802128778 -0.254842670087742
-0.00156924945061536 -0.046690127549903 -0.404498707158175 0.575557517190239
-0.032831923979337 -0.00189995579357068 0.22590536767304 0.426655538293022
-0.00654512721847265 0.0324565106199414 0.224533446667863 -0.00479298258661869
0.0200668956003389 0.0291594102688283 -0.055737531285083 -0.233509044279363
-0.00839152148499371 0.0136489643227956 0.0652481806242595 0.208525650504243
-0.0186396459220157 0.00934402068361911 -0.169387547976166 0.049353719585702
0.000680268010311897 -0.0188201327778114 -0.213764443799293 -0.384109671688363
0.0428201450213655 -0.025954069917897 0.318555608033534 -0.526779046031378
0.0477285919377055 0.0455132973308477 0.834791367912105 0.0831242560999341
-0.0223309540103132 0.0348076408591116 0.28707657026854 0.911701917430325
-0.0171680472608852 -0.0151261725964222 -0.421698103318972 0.608927247360772
-0.0102505393939556 -0.0158587469257866 0.000452195722229392 0.118989206182669
0.00607414139061129 0.018362582591224 0.493455795670556 -0.524725313193479
0.027913113594374 0.0138458401941179 -0.171108711831878 -1.00241700560719
0.0424865165395387 -0.0217582737911855 -0.900167492414088 -0.236283387591697
-0.00342285488517543 -0.044886059236863 -0.394418934304138 0.585557243337641
-0.0336554050403928 -0.0010770487524738 0.230482416518387 0.425394202680675
-0.00751911416827241 0.0328526370090297 0.223052734174383 -0.00648289266784038
0.0190441723402009 0.0305186222391515 -0.0570450389557893 -0.231441093761043
0.0051846848609459 -0.00198255468090603 0.0661718000629039 0.205429971325674
-0.00413094072454408 -0.000299751980514466 -0.174967662507159 0.0478526430932612
0.00494185101448746 -0.0258935631132277 -0.221752528155262 -0.383323755005769
0.0287313482571761 -0.0354807401513398 0.316595165536272 -0.519171195019062
0.0322663448148036 0.0370382552054321 0.835388731844939 0.103724682227815
-0.0324385881809958 0.0376010276028654 0.288091758714139 0.927174735823702
-0.0381075413977945 0.00481986336455699 -0.404463216666254 0.609888383011846
-0.0399986960482499 0.00525772025930989 0.0245753923955568 0.113673736788143
-0.0114644846729247 0.0359508869426903 0.484191244443314 -0.542130929394021
0.0208107179041266 0.0138259353357898 -0.211593050744885 -0.981717933738709
0.0259258474793985 -0.032728741547282 -0.903475387409212 -0.18214684475341
-0.015078597423197 -0.0549978515845675 -0.369240411799011 0.606701460308579
-0.0265035719317352 -0.00796041355898254 0.238060328667102 0.410363085261535
0.0109654842220496 0.0228927531495339 0.211454005866411 -0.0225986122079237
0.0374393614496722 0.013900486720465 -0.0723125994236581 -0.232214472455208
0.00347365420738431 -0.000411887152085521 0.0684070522132126 0.205008389434417
-0.00613368556957092 0.00194881128709956 -0.171262256968349 0.0492314719083889
0.00458089277372907 -0.0259378912899643 -0.226623114577358 -0.381019075166163
0.0298601160389814 -0.0373878366905062 0.304530106287575 -0.529657435320194
0.0347942331940899 0.0350560256320671 0.833074889745053 0.0800802801336104
-0.0328300595007898 0.0377845622384092 0.305854609634837 0.915055236802374
-0.0391668436604061 0.00478490536983943 -0.397420536295576 0.615661963715867
-0.0409952793334826 0.00423171246530672 0.0162435169471916 0.117891708569627
-0.0134366648912367 0.035664707362828 0.487931825125928 -0.533704512458666
0.0203787692561635 0.01299164471997 -0.19278110320173 -0.99052293250428
0.0288541426785577 -0.0339167872503016 -0.904289955072927 -0.205411773464794
-0.0101037989704876 -0.0554531945884202 -0.383678409571055 0.593513984796536
-0.0254650829465069 -0.00825573513007185 0.233992806809569 0.411270021768016
0.00982593758254838 0.023477175128529 0.213961610633508 -0.0196726360542071
0.0360726427929957 0.0152980390214673 -0.0694688989577143 -0.234398203480785
0.000994262362738328 0.00124727457389269 0.0713387570644255 0.202932525706229
-0.00769135193838112 0.0025070906826913 -0.169692350020491 0.0513020325422632
0.00442960842517335 -0.0262168566811657 -0.230275769105072 -0.381434522987941
0.0321374270011387 -0.0377628745050796 0.294323490349386 -0.537943014558843
0.0368087890604547 0.0331607233938468 0.829209120925276 0.0587148248016499
-0.0313289543607467 0.0377178837953653 0.319701052357877 0.906275518771312
-0.038397122475386 0.00272048335362659 -0.393556884913014 0.62200289104666
-0.0403129782137326 0.00129825216891087 0.00859771772441322 0.122335331981336
-0.0146540058754051 0.0325448819475267 0.490125293866619 -0.52486976196395
0.0201166249143882 0.0124470244135158 -0.175182377077578 -0.99793059583163
0.0324727775882591 -0.0339389765651115 -0.903967300807012 -0.229154252427083
-0.00737168376838771 -0.0556574016348717 -0.395694641849606 0.582650361926245
-0.0255661019044576 -0.00812270674422822 0.231165095151749 0.413078157891588
0.00786730185215759 0.0253652144163083 0.217138392274972 -0.0164012230883922
0.0329339539485557 0.0171416598491497 -0.0667890563908206 -0.234472706142725
-0.00190775195661794 0.00416716114174321 0.0722520401866738 0.203597118018238
-0.00981746235149458 0.00420426413418704 -0.167961891335898 0.0527626517603715
0.00416301405736378 -0.0236709526267754 -0.23411561709177 -0.380420477841354
0.0352726729619025 -0.0366764477554652 0.285917141182024 -0.543081957419918
0.040568643301003 0.0331247912481761 0.827556242400976 0.0435119928464288
-0.0296874097213224 0.0368173319864739 0.326159604089303 0.897937174952932
-0.0363954443749064 3.81560407235366E-06 -0.390757831402932 0.623930950445577
-0.0368887483717747 -0.00224207893086521 0.00161280785399281 0.124591038298707
-0.0123902696084741 0.0281899867888315 0.492304036698624 -0.521344995459066
0.0210211737893335 0.0126007852373458 -0.162377687558069 -1.00233368156647
0.0352862549098715 -0.0329852154411255 -0.899416562339201 -0.246460697089678
-0.00368786403570562 -0.0540144132396478 -0.40283062140511 0.573719866447962
-0.0259752926709773 -0.00746844980267081 0.228829177687113 0.413846420210222
0.0033984842829887 0.0264473832167488 0.219695338116662 -0.0127062840149588
0.0293387070587937 0.0194515875129461 -0.064158746600889 -0.23525173622895
-0.0046076039843565 0.00743403100373412 0.0727778745932829 0.202300834827115
-0.0118097601471815 0.0069303275941041 -0.166813245597688 0.0537797245035755
0.00372953404232369 -0.0228423871782425 -0.233694607097049 -0.379059138315612
0.0378678518159335 -0.0354381503789423 0.281133937300439 -0.547118441434615
0.0436944084487018 0.0343477129693424 0.828670835773118 0.0391641132301999
-0.0264478596155365 0.035784030465153 0.327769618848758 0.891929223034555
-0.032444739588736 -0.005424231903957 -0.392437267650092 0.626326767235562
-0.0305805369500814 -0.00703298711552526 -0.00275475806826534 0.125521717894709
-0.00847515966349004 0.0239866263091228 0.49193274193667 -0.518075501730821
0.0223818364000854 0.0122796626536617 -0.157316260338463 -1.00393383342241
0.0388301365028049 -0.0305397254772634 -0.898882664655753 -0.252996554007861
-0.00233139055498849 -0.0514609827682531 -0.403436659332106 0.571885239999651
-0.0285551821674754 -0.00489373392924302 0.227824033934934 0.415859927537427
0.00026931927126712 0.0279916787228673 0.221814464263569 -0.0108007631670053
0.0254811674753263 0.0227327874038968 -0.0607151720676527 -0.234285952725061
-0.0063830098368385 0.00992682205802104 0.0717697540863784 0.203898215513066
-0.0141751062804562 0.00766152652157696 -0.166797177443465 0.0550413976935198
0.00268343655228466 -0.0207273654620322 -0.230835198879147 -0.379909471922517
0.0399544123701743 -0.0331130785955421 0.287835993195988 -0.544828280195995
0.0468188399293976 0.036691985137203 0.826448084380843 0.0393247113689175
-0.0254718647238621 0.0351280367809053 0.323169126905996 0.894597846347416
-0.0269080256858715 -0.0095460495067878 -0.396195680241088 0.62348460502546
-0.0235916449313705 -0.0115518438315333 -0.00471026337243264 0.123424107356958
-0.00359974053332148 0.0211950245595652 0.491010445157778 -0.518447897380961
0.0244154192058396 0.012204919432278 -0.16119916372197 -1.00583617665177
0.0411266393235112 -0.0269440551441077 -0.898204231191799 -0.252209823638108
-0.00214004141191143 -0.0493872072305099 -0.403078284735306 0.573117069504407
-0.0305815104784744 -0.00332514041118783 0.229671084011339 0.418064028435828
-0.00234533425981748 0.0310846734903386 0.223294704740517 -0.0090477834067589
0.0223160738748279 0.0264643994337638 -0.0596831305330381 -0.232141154588594
-0.00708358237064721 0.0125773436529297 0.0706115542784259 0.204809054611785
-0.0174387054063761 0.00954695307537997 -0.166316423260193 0.0537903154375056
0.00123554018453154 -0.018762173208422 -0.227285493103386 -0.379541828330031
0.0411629295000271 -0.0303182372904337 0.296371403069526 -0.5408712896899
0.0488544189084665 0.0394311685235448 0.828048894309013 0.0510282093978662
-0.0236127953038439 0.0355831347992163 0.313840836993756 0.896176607903254
-0.0219190877839246 -0.0137454869949305 -0.402641941791677 0.620641681896927
-0.0167026327915897 -0.0142832187119392 -0.0021924927831079 0.121643623118253
0.00117800764716777 0.0184049217490673 0.485729885929314 -0.523174337184267
0.0268708869925889 0.0134813262073701 -0.168764782608824 -1.00029532439698
0.0413398066484487 -0.0248077571702543 -0.89888857136378 -0.239580729573134
-0.00250017711753751 -0.0461426264000045 -0.393528529548521 0.57927672388828
-0.03213050122188 -0.0014873813218174 0.232946311511391 0.418591308214057
-0.0047977241524551 0.0316141582717622 0.223422935905643 -0.00826530818139695
0.0196071101853468 0.027474492285144 -0.0592995252485827 -0.231034750864329
-0.00956758942091672 0.014163471647792 0.0690650596981134 0.206037292264753
-0.0187545617420128 0.0097421043855723 -0.16687735980653 0.0519738606939098
0.000105613674752833 -0.0184411047314339 -0.220399281054628 -0.380172263273542
0.0411191155409669 -0.0268593513641226 0.309151343478563 -0.531789961854074
0.0491420771888364 0.0438751697248553 0.831520378554211 0.0686344327877746
-0.0228110881365351 0.0360138412786692 0.300561903102025 0.90512403618757
-0.0174020322716105 -0.0157199490490766 -0.410757896013543 0.613658347654465
-0.0110359966989871 -0.0154737728974502 0.00209496949435303 0.117873488178645
0.00466557002634787 0.016761782851958 0.48330107919295 -0.529573042766293
0.0278103588385772 0.0137040212445878 -0.185891149731865 -0.995361660115739
0.042233537055381 -0.0227514203271292 -0.898657269468697 -0.220027323233028
-0.00358995424901589 -0.0444400578352682 -0.381975259448185 0.58972871205515
-0.0338475132494208 -0.000362007920273053 0.237807655028339 0.420746255718384
-0.00628111918939396 0.0320315917250743 0.223008967028345 -0.0105851231821776
0.0195323460070402 0.0289167602082532 -0.0605234818845843 -0.230074939088765
0.004024723163579 -0.00154119439794991 0.0696532242443069 0.20269252128141
-0.00377705012416974 0.0008623430424477 -0.171939790074255 0.0501750671113574
0.00386958486711067 -0.0257647588241029 -0.227998631024792 -0.377257674628335
0.0270672151638629 -0.0362675496205927 0.306397629685346 -0.523331933995199
0.0340056699677726 0.0361605228772851 0.833080377777674 0.0889216374028726
-0.0325282878099053 0.0384698122610641 0.30181517338198 0.917998487986377
-0.0384597364122087 0.00508916179716113 -0.39235112380974 0.614238741779286
-0.0389585417363788 0.00615774169432209 0.0260711115732802 0.112791273925058
-0.0111402768692313 0.0372693514546335 0.471735915367511 -0.54739599473114
0.0208885146508523 0.0135370718235386 -0.226024133647991 -0.97114063539852
0.0257143070547564 -0.0330580248550459 -0.901394789795393 -0.164789985669279
-0.0158700871790971 -0.0537093265524135 -0.356501726615592 0.607744347498525
-0.0262787921534892 -0.0073998405691565 0.245947666375493 0.402980165616138
0.0121034321839703 0.0211204127524991 0.209487773444001 -0.0262601914214251
0.038773785383612 0.0127710233581848 -0.0754621148080251 -0.229986522173275
0.00243895489643116 -0.000237889541901822 0.0722733785351209 0.200731480011944
-0.00546133297806971 0.00142453780564579 -0.169590836567459 0.0523323664931073
0.00375906220225671 -0.0256638485981771 -0.232611464549403 -0.375984938865614
0.0283966374108569 -0.0377095773276778 0.293372041395243 -0.532894687901572
0.0358218018669835 0.0336484643053317 0.829510925872895 0.0669138425178804
-0.0320202933711305 0.0378618767546806 0.317522357234103 0.907007253845985
-0.0391409222348143 0.00490047732619543 -0.386188006112143 0.619395720265641
-0.0408637685820274 0.00525561326958622 0.0185046561004352 0.116867966169379
-0.0137342735458368 0.0345781620597654 0.477672218108483 -0.538395598795289
0.020025505997541 0.0130447803585213 -0.208466204673546 -0.98123539092702
0.0276892867799117 -0.0343948331379003 -0.899810548753124 -0.188917112681585
-0.0117469735205958 -0.0560231765694171 -0.371049869888733 0.596144934132132
-0.0251211619938758 -0.0079763639880615 0.239768719612855 0.404619211872487
0.0105948394786694 0.0232888773742015 0.213234550342094 -0.0229645713830289
0.0358764340517695 0.0131774473660317 -0.0732576860702418 -0.231001398760008
0.000702336267275968 0.00130224447658893 0.0738880496885505 0.19976702974213
-0.0071181351540722 0.00330294664016951 -0.168263942458011 0.054628760466321
0.00333749150755197 -0.025023742968731 -0.23646857407161 -0.374938971303865
0.030860297640465 -0.0375963173476345 0.281419379463355 -0.540936218173485
0.0379927156061625 0.032023025880532 0.825355272995762 0.0439788355445902
-0.0310684671585826 0.0374262660160198 0.333630919230271 0.897946875115623
-0.0381928552587856 0.00251712539481746 -0.380838498605961 0.624602962559578
-0.0409875716117458 0.00204022835480046 0.00992690250042068 0.120118181246699
-0.0142676430769961 0.0319768135457476 0.479498255536381 -0.528786734047248
0.0206239840844565 0.0123916348370713 -0.190895728044077 -0.988436370584751
0.0315148835091942 -0.0340671762149203 -0.901601030331134 -0.215226963005976
-0.00827917722255738 -0.0554230957364297 -0.383265418224393 0.588021586515728
-0.0256017050592087 -0.00785172835094944 0.235181066171562 0.405335227771281
0.00828093272563947 0.024573782834683 0.215666056099712 -0.0199204167775979
0.0331149318052539 0.0156875579156956 -0.0702923685474285 -0.232269631635705
-0.00215605141331472 0.00381366796786638 0.0747571331337425 0.200674940800333
-0.00918865096158846 0.00512217987071644 -0.16624262863065 0.0555764760746799
0.00257313325320804 -0.0232328438386463 -0.239388869435395 -0.375219708002097
0.0345756336741357 -0.0384447965277329 0.273864516566435 -0.545576768943863
0.0418193229607208 0.032151574820938 0.822145104053111 0.0293131856992636
-0.0294292382902186 0.0364417413487808 0.339861640543828 0.888406315490143
-0.0353491818284408 -7.78712151788463E-05 -0.379143409694201 0.625895142739687
-0.0365772420145265 -0.00190686795068355 0.00277581388237682 0.122598880870724
-0.011183670794236 0.0289673142569313 0.482354146449152 -0.525357570027779
0.0206988580259226 0.0121084340631729 -0.176839192729529 -0.99455799642966
0.0347093472065345 -0.0328212352297269 -0.89929912432689 -0.230683680094747
-0.00483777997828711 -0.0539177065599656 -0.390948827186334 0.579062271852619
-0.0266938756279614 -0.00569022119014916 0.235378622257073 0.407445204266329
0.00476284538454925 0.026067235286851 0.21838247329528 -0.0159651561624859
0.0300685639356972 0.0183350232515811 -0.0680452123920105 -0.232384409214269
-0.00452769966944219 0.00690917497525713 0.075128480375576 0.199912043328569
-0.011610252713241 0.00742652394595275 -0.164737777812484 0.057363629834089
0.00237303230940556 -0.0214806270190613 -0.23994004781509 -0.373835163445965
0.0369921828339465 -0.0361926090255535 0.27132390167774 -0.548846395079321
0.0449412787218228 0.0335223572928067 0.822546478826961 0.0250734878319412
-0.0270507107097734 0.0368052077142048 0.34125938406681 0.884002965590289
-0.032339237105542 -0.00433112937271783 -0.380475370485727 0.629083687950632
-0.030212420308131 -0.00677702428036911 -0.00118606965574303 0.124401480399136
-0.0082295176774947 0.0245135333397639 0.480815259945224 -0.523305128272098
0.0228719381865255 0.0119971896250068 -0.174028352959076 -0.995620974160456
0.0371128383705174 -0.0309371505060228 -0.898402664002482 -0.237025292787662
-0.00350816056782253 -0.0508516730949616 -0.391698630950213 0.575506007073652
-0.0282337600746751 -0.00425988867178641 0.235145946882859 0.410522191752658
0.00124805145198553 0.0287379529130581 0.221649389699129 -0.013195508342966
0.025695468757349 0.0215380938259761 -0.0651963867402335 -0.231625772768833
-0.00645556167575687 0.0100880114969874 0.0753030742014705 0.201243943176232
-0.0141835851434123 0.00840915820912927 -0.164062220440536 0.0566106855415998
0.00202695912197206 -0.0203907848028228 -0.236877137846042 -0.373774145084141
0.038996780799487 -0.0339489084179658 0.275534854327148 -0.547017223343466
0.0489892146465922 0.0351925891445164 0.822283383408268 0.0258903512506261
-0.0243210491016047 0.0353639191085154 0.338606856946438 0.884520724504495
-0.0272911202639591 -0.00881047494579267 -0.383837240194381 0.62558326353853
-0.0237726034735959 -0.0110254140758559 -0.00254745955819555 0.123262188724737
-0.00385993136429307 0.0208273801192074 0.478487582511624 -0.523367494130415
0.0240043603836162 0.0126326043176214 -0.176813731756044 -0.997809398817338
0.0391055749117421 -0.0276274155188155 -0.897157932653664 -0.235884349911805
-0.00267783021894378 -0.0486507859537853 -0.388376434305551 0.576699473112719
-0.029911812143645 -0.002640486646126 0.236620370489586 0.411944366086422
-0.00134265536843497 0.030178513702634 0.222289448335142 -0.013040106504654
0.0224809598093959 0.0238994816928022 -0.0638174902799541 -0.229978522481598
-0.00830517021177711 0.012328787011404 0.0744361665696396 0.201730344949733
-0.0165086697176585 0.0100504311787493 -0.164069016515465 0.0568135458246692
0.000163177262541824 -0.0191794000152017 -0.233305599683635 -0.373532270808631
0.0402345174355421 -0.0311383621383812 0.285049796354236 -0.543908518536624
0.0511746659840711 0.0389151506315079 0.824375520801927 0.0378300285659582
-0.0226714025811248 0.0356082000319294 0.327857277496669 0.887033320653461
-0.022918561158624 -0.0129885431340424 -0.38964243196791 0.622909954297238
-0.0172589661403318 -0.0141678674326349 -0.00153135052838968 0.119631747302765
0.000586051398436547 0.0180739336588888 0.474842435059313 -0.527422321540982
0.0267182031047396 0.0134661519104764 -0.185144011393451 -0.992140246959292
0.0406142668354321 -0.0245600958807071 -0.898546155161492 -0.223905730095465
-0.00359189455295121 -0.0454467245193532 -0.379138069152823 0.584300724951553
-0.0325179967143088 -0.000971608506985719 0.240362975537685 0.413009862052718
-0.00371894721030907 0.0314935931962871 0.222755043526396 -0.0128554125685181
0.0215442915254368 0.0262106434529462 -0.0633874136751388 -0.22923593613267
-0.00981861779158645 0.0136530647815765 0.0717352031234201 0.202739367711597
-0.0186890772075498 0.0106971133514102 -0.166133063837737 0.056203409809611
-0.000208171034799153 -0.0173885265365329 -0.22678498028692 -0.373885561402372
0.0403336802851537 -0.0277022611735123 0.295747067492362 -0.535780823052611
0.0509050204296131 0.0426304927485302 0.826861797574353 0.0548453665906311
-0.0219670626222756 0.0355793917393586 0.313750291362624 0.896585140357084
-0.0179137607813835 -0.0155488904743863 -0.397005675830408 0.616922494650562
-0.01089603492726 -0.0154824924614872 0.00400939855470263 0.116315557524207
0.00622609164040509 0.0171329494609655 0.469660283371403 -0.536396026829207
0.0284382430715637 0.013746198759405 -0.201513219877536 -0.987926991597111
0.0421661540026174 -0.0237278480169633 -0.900365977030818 -0.205257081955868
-0.00424519079868248 -0.043823020640701 -0.369744582895 0.59268136071289
-0.0325076764179139 0.000340230960609469 0.245397217893246 0.413298345984589
-0.00544996355226552 0.0321272625394541 0.221677780165601 -0.014351610988742
0.0200280831223824 0.0280472321769021 -0.0639021706777772 -0.227625174143433
0.00286097460646868 -0.00154110574624706 0.0720744311840662 0.199508445264713
-0.00346188999623673 0.0010195170457644 -0.168794250147669 0.0520030733449156
0.00301507148683932 -0.0248393963537721 -0.232858631417338 -0.370852913522736
0.0265515798594877 -0.0371433320460066 0.294800576723705 -0.525828894006718
0.0345507038685667 0.0346266509759043 0.827475140260345 0.0750990085713257
-0.0327535212420385 0.0385298819455203 0.315196478020873 0.907068189873299
-0.0374657397832365 0.00540809087747947 -0.380452812502433 0.61325391990509
-0.0382212344703078 0.00731697204931813 0.0270681309446529 0.110531883197436
-0.0110028689889968 0.0354936303417688 0.460653198400113 -0.545920115732568
0.0201248897500538 0.0138827663494978 -0.239727749804755 -0.960967057414996
0.0243980377738348 -0.0337022973231043 -0.8961356574274 -0.146823093393423
-0.0164081516639602 -0.0528117708339775 -0.343237584900638 0.609190952680446
-0.0260381035777127 -0.00746060354404854 0.250084274941235 0.396464286025354
0.0123409370780023 0.0213217218764714 0.208700200132308 -0.0285475936685649
0.0382493494391899 0.0107342719133747 -0.0783403533841231 -0.225699601297629
0.00188083162918591 -0.000448315752238597 0.0742727923078836 0.197313304346291
-0.00529263346549753 0.00189758691484877 -0.167217892879166 0.054646395803947
0.00303731105334595 -0.0254084525925623 -0.237586890087837 -0.368790772953349
0.0273030125451173 -0.0381872206898431 0.281130116991406 -0.5332353857387
0.0368472968016997 0.0321727912588204 0.824297234133735 0.0537478048736059
-0.0312323554431487 0.0380032755426839 0.330449236443621 0.894607073172334
-0.0395717078026742 0.00490655373504535 -0.373951609148126 0.61881812440558
-0.0398453565646138 0.00485705911076727 0.0203843837321095 0.114906132803987
-0.0130851466291509 0.0348593946841407 0.464969729060601 -0.53880173181113
0.0195247278184999 0.0121967207320205 -0.220821810985827 -0.969243162428407
0.0267554619213231 -0.0341773450142746 -0.897638799371611 -0.173735591673576
-0.0123757312035487 -0.0542678289120274 -0.358362901770543 0.59743829507703
-0.0251933910852808 -0.00755578268934702 0.244092119294332 0.397148559024414
0.0109639904479811 0.0213655390368179 0.21094167854906 -0.0257314707596143
0.0358160190255023 0.0117535583067328 -0.0762884310894884 -0.227182432925886
-0.000429666587530948 0.00176747861510715 0.0765885786137777 0.196690556809224
-0.00718679837399116 0.00423959663421491 -0.164882828437389 0.0567951297187719
0.00245928845790945 -0.025156105086217 -0.242744321573617 -0.368066415944709
0.0291359342582782 -0.0388328265202564 0.270665818722953 -0.542336783759882
0.0396181038919485 0.0305607134538145 0.819195151966678 0.0308986228816396
-0.0302435726226575 0.0384467040612475 0.345391315995454 0.886202092047071
-0.0390595367990979 0.00432212516432676 -0.36820213035008 0.624127359670248
-0.039500946755407 0.00260278024457201 0.0113868012973533 0.118677486545401
-0.0127677196952653 0.0316333822599107 0.468727613381332 -0.532165885201686
0.0203808574600097 0.0121561257114687 -0.202052027107241 -0.977384981705389
0.0302750275767932 -0.0341234925727377 -0.896396457909907 -0.19751249283281
-0.00827075819408594 -0.0546834074238968 -0.370961146462591 0.586636190110158
-0.0257915358573598 -0.00754446941212468 0.241773720338551 0.399778293897892
0.00925378310310661 0.0233813474671898 0.21313316272852 -0.0220079711625367
0.0330032455242101 0.0139396313370088 -0.0747552285113368 -0.227658021899391
-0.00298368240546299 0.00413438571278169 0.0773981875547241 0.196419033205069
-0.00924370544304932 0.0059325470500958 -0.164317032165196 0.0575675351617961
0.00191965215866528 -0.0230035375498266 -0.24435886758563 -0.368734813536893
0.0325484925098413 -0.038262684581736 0.262143918804964 -0.548254332925583
0.043184481204536 0.0312320160329876 0.8174369027204 0.0170905256343296
-0.0289636748590929 0.0363514859568524 0.35156469321424 0.876972339391811
-0.0364386632338388 -0.000341428226859244 -0.367428476787251 0.62496833424378
-0.0357063071972802 -0.00194498662739178 0.00540944166002573 0.121042589984007
-0.0117214590729751 0.0286111033662773 0.469443937861143 -0.526617529377597
0.0209855718643888 0.0112959707301754 -0.191599467450668 -0.98388811174258
0.0343041313869532 -0.0331880385795126 -0.897237500122207 -0.213391767203603
-0.00520967558513516 -0.0535547836769745 -0.377878739484207 0.580186503626385
-0.0262074933853249 -0.00603595131763936 0.239740640809588 0.400577661972288
0.00624730293711147 0.025803908172717 0.217080865840678 -0.0199440680870251
0.0291648218300894 0.017082380109438 -0.0704317408669543 -0.22880257121464
-0.00536730017117715 0.00749608936205978 0.0784151582251379 0.197593440202179
-0.0111929412200483 0.00787718542262686 -0.162111521735768 0.0582602326009693
0.001107827522409 -0.0222755932459244 -0.244105541919144 -0.366571431231707
0.0350322970801107 -0.0376180369826066 0.259711963606704 -0.549532315300253
0.0468630796093392 0.0314752704186826 0.814546603952515 0.00989141776233426
-0.0267083606696913 0.0366230000395445 0.357084450742231 0.872008298443096
-0.0324743910608506 -0.00478266930914053 -0.368781114026813 0.628305916462859
-0.0297342933478863 -0.00632725427636473 0.00081238885913006 0.12148765372055
-0.0077934807725431 0.0243473954955963 0.468158985198536 -0.524882573358045
0.0218434579448879 0.01162767212327 -0.186892369590656 -0.985235809539063
0.0368146310163958 -0.0307937547666052 -0.895516358751127 -0.220695521966412
-0.00402344334777287 -0.050948500273972 -0.378467901987021 0.5756191564616
-0.0282109566072621 -0.00359845395236292 0.241434226219613 0.401514412871069
0.002964865518466 0.0273902201928342 0.218899751849922 -0.0174283202260152
0.0263634322980391 0.0205896177627498 -0.0684005806111074 -0.228067283818689
-0.00720928495470235 0.0106048696319096 0.0781729563105661 0.197085675123317
-0.0144832967650382 0.00975464941968102 -0.161447293728621 0.0581669534572859
0.00045420440260722 -0.0197894172164153 -0.241285184904548 -0.36634098256406
0.0379283196788296 -0.0353196656028704 0.263923684490195 -0.548766277496223
0.0494328946731718 0.0346538750618088 0.815786568125555 0.0136840647212538
-0.0243329769810594 0.0356418908190744 0.348082002309558 0.873719964884649
-0.0268866920646853 -0.0095269733880908 -0.371334619529548 0.625132531716199
-0.0236630148496722 -0.0105354465352595 -0.000875218695663852 0.120095717778782
-0.00388300916110671 0.0205484725324692 0.466140262013254 -0.525372357832629
0.0241549841137483 0.0120303177649849 -0.189607578823383 -0.987244911492321
0.0392521409658253 -0.0280924721768421 -0.894632430044271 -0.219335053297656
-0.00330833320963975 -0.0474895284280083 -0.375864958884185 0.578371727275116
-0.0303630411203783 -0.00214472648746191 0.241948196434341 0.404551011359247
-0.000754307214822041 0.0297942229388888 0.221031923169809 -0.016107389039494
0.0233234106101814 0.0228164210994683 -0.0662189338306548 -0.227304748103095
-0.00944930788735727 0.0122612863613745 0.0773501079215615 0.199333749615316
-0.016975056651269 0.0106742943121082 -0.161118021079468 0.0585944537415744
-0.000920862137433967 -0.0184703056848677 -0.23822615788755 -0.367180447610348
0.0384047251250473 -0.0317176276989518 0.272888710541383 -0.545515655178303
0.0519160403854354 0.0371654341218002 0.817967653608109 0.022251464229274
-0.0219307670834172 0.0353402058044397 0.340487927277216 0.875999012269547
-0.0226746888135793 -0.0126895734021464 -0.377438411513635 0.621867355467261
-0.0167028293418887 -0.0136675410060223 0.00130233610162163 0.118167773261966
0.000944516265494581 0.0173634217300379 0.463061057815143 -0.530101844835992
0.0261749395207003 0.0125242545749398 -0.201055770764593 -0.980524401649031
0.0394005652757146 -0.0261022692105142 -0.893563860098678 -0.207383488962175
-0.00411214772785287 -0.045177899838302 -0.367628244486187 0.58587631328214
-0.0321962687175305 -0.000321338122633142 0.246194671463054 0.406193799712459
-0.00319122317231829 0.0303853368306229 0.219994954472789 -0.0163282297704207
0.0216393810120409 0.025235125560206 -0.0659597572685037 -0.225713040564564
-0.00967204982212467 0.0138701444209272 0.0754992725520674 0.199425284077153
-0.0180349762059746 0.0111888028687673 -0.163495377125299 0.0571335381433326
-0.00175394901513428 -0.0177484284997441 -0.232090987593666 -0.367482500775897
0.0389222395039303 -0.027816545987861 0.284723705461302 -0.53652448205845
0.0519693376477325 0.0414214189886732 0.820622667603368 0.0422955936349515
-0.0221412099268316 0.0357744463645587 0.326153235301146 0.885051080335098
-0.0180881568420916 -0.0150984168195252 -0.385741813706739 0.618123850993993
-0.0110962905511984 -0.0152285868814944 0.00515956968157644 0.114528020091916
0.00553658283677986 0.0171084623181177 0.459624328599996 -0.537527524635564
0.028264488863256 0.0129277692030977 -0.214928067807848 -0.976517541231101
0.0397587122786986 -0.0239754695799908 -0.894595093938238 -0.189641507369426
-0.00525576232376647 -0.0431900513605845 -0.357728847470082 0.595320974022642
-0.0331287605119796 0.00102465071447411 0.251271881270819 0.405803844822956
-0.00402783115161822 0.0309825409822365 0.22047320587414 -0.0178602169267991
0.0204133943644447 0.0263798308242161 -0.0671575059715921 -0.224730991479965
0.00208251128793038 -0.00123106475800137 0.0740585536749168 0.196055238082868
-0.00378119522388742 0.000553105723803154 -0.166656224096619 0.0543864236412046
0.00222117944321516 -0.0240821431124364 -0.237720786006363 -0.363295443335852
0.0245724680615193 -0.0371998045464187 0.282450631824283 -0.524126641668374
0.0362592960449301 0.0333763191030743 0.81821126831394 0.0624516265037685
-0.0319807815333061 0.0393062911719442 0.327006733608461 0.895775024358711
-0.037535801380606 0.00551661016223778 -0.3678200879482 0.611339589439605
-0.0379009130439742 0.00720717966862992 0.0291482210060875 0.107889184894314
-0.0108728141167091 0.0353743671944021 0.447834110284288 -0.547653423530927
0.0204931108088854 0.0125982455700192 -0.250542540435986 -0.946100568012553
0.0238768327208441 -0.0334161620286023 -0.889681263555837 -0.135250262454044
-0.0173230035860876 -0.0519899523961019 -0.332245237686729 0.609311313747678
-0.0263432156778563 -0.00643442256092203 0.254177149514818 0.389228322957294
0.0131725200439678 0.0201354576251385 0.207010191407164 -0.0313004811401923
0.0371948826706024 0.00980613853848729 -0.0793793138745009 -0.222377419450578
0.00160168652461104 -0.000401646845102485 0.0764795553031651 0.19419500029958
-0.00493770530273573 0.00272423843173647 -0.16375822371602 0.0561637048301072
0.00242819998515544 -0.0247240796135191 -0.241768170295136 -0.362250986154298
0.0267294125375139 -0.0383810551519664 0.270483003798782 -0.532651742503349
0.0373139990681463 0.0307519708462724 0.815934064424726 0.0420836261891948
-0.0314351704448684 0.0385738210659306 0.34090043614714 0.883750872588612
-0.0392757976725556 0.00579149473624484 -0.361145359035484 0.617139532801425
-0.0388407448569749 0.00585424142871892 0.0216051010849425 0.11219471385576
-0.0131091141293657 0.0344968267890179 0.453572655536152 -0.540427722111236
0.018655152830324 0.0119802859582393 -0.231814061766559 -0.95500121359059
0.0263451274978414 -0.0351177121825737 -0.889774558765305 -0.15929318768498
-0.0124597449275335 -0.0538181827926481 -0.346995450796851 0.596126207745473
-0.0248143904906275 -0.00786751052686982 0.249262226030251 0.388486828996545
0.0116655064363541 0.0217021261842338 0.209197514857471 -0.027408377140322
0.0355642192870804 0.0102567006591769 -0.0778914519660664 -0.223680090454555
-0.000195366744187631 0.00167289360409733 0.0784207818311718 0.192615528280215
-0.00649702600352803 0.00482276978345494 -0.162419627499279 0.0581493346851178
0.00213293648296038 -0.0238031280209333 -0.24595752705337 -0.360384760993056
0.0287005038032145 -0.0378927304383628 0.258121444606746 -0.540588782582654
0.0397327238722514 0.0297303567551085 0.810669773470626 0.0219632557409241
-0.0298166728573582 0.0381417811933143 0.354006325793131 0.874611502384169
-0.0384302798173281 0.00344804808457684 -0.355458987620985 0.621975243166892
-0.0389096218200142 0.00280856315941026 0.0130627949059768 0.117180389887487
-0.0131285725968242 0.0312141558706313 0.454589165271185 -0.532335228737476
0.0185645737437121 0.011678862301807 -0.215923026794979 -0.963137757226549
0.0300439511453598 -0.0345681450823744 -0.890574107459605 -0.182521206459352
-0.00940803566448598 -0.0543895964237441 -0.359155586348132 0.588414627241319
-0.0251757507853625 -0.00639488866616955 0.24666425937028 0.391080503588082
0.00996667892820376 0.0227713199689144 0.212441414631103 -0.0258035199283026
0.03359423858498 0.0125464709781397 -0.0766214955053826 -0.22456354991481
-0.00363675101030501 0.00496375559911496 0.0798974747909374 0.193748482661839
-0.0094088135726194 0.00732192949579004 -0.159544703669143 0.0597925644043937
0.0012657040469447 -0.0224082374860304 -0.24892222932374 -0.361211161002515
0.0311534995140768 -0.0391286708138124 0.251446809331802 -0.546717017645445
0.0442515856287869 0.029367776725443 0.805964398915836 0.00596343499083867
-0.0283980311678249 0.0373551286471355 0.361210958993283 0.863526634555161
-0.0362548751124018 3.60965933078631E-05 -0.355680922022786 0.62287078615797
-0.0350726211405374 -0.00187418515056136 0.00666196347014461 0.119514302143793
-0.0112941948134977 0.02770593291955 0.456961865942551 -0.526659568999516
0.0203981375454776 0.0109158816068045 -0.203491548196068 -0.971087554971328
0.0329584075870099 -0.0329662053122024 -0.889426673744839 -0.200154046960745
-0.00599033344807722 -0.052048918214133 -0.366151139579424 0.578718500948566
-0.0264091600229936 -0.00485085689941779 0.24477166044506 0.393085269556189
0.00654003081589278 0.0249259970916259 0.215300016354831 -0.0231753605099119
0.0298575839021743 0.0157842561668884 -0.0731170420145841 -0.224801325449309
-0.00617623600057515 0.00783858379316825 0.0796805588491402 0.1931265016039
-0.0110874569224169 0.00822568333923025 -0.159703696419173 0.0601070521603669
0.000950867269977073 -0.0203612661699784 -0.247749144242379 -0.359675658403382
0.0337644765677592 -0.0371578638675742 0.247375064852348 -0.54765511750635
0.0472245432111994 0.029755334984938 0.805119232552916 -0.00122258091455145
-0.0262048216859448 0.036802756279671 0.364302912405191 0.860035259830926
-0.032327243509064 -0.00470215643004295 -0.355876177212943 0.626373264678739
-0.0303112855460809 -0.00559495428232967 0.00227317178629697 0.120399937155418
-0.00763520777178131 0.0235394782040669 0.456511696955244 -0.523571201406277
0.0214813685704607 0.0118007420485425 -0.197542949237391 -0.971190250978988
0.0357961435039591 -0.0309970144990172 -0.889897489786452 -0.206224623418955
-0.00422688620912645 -0.0498716904918732 -0.366047718847456 0.575516448674601
-0.0275508074039931 -0.00415162637432795 0.245596449969677 0.39421723928393
0.00345139934141458 0.0265185834881334 0.216805343012443 -0.0201171087889615
0.0258656865987646 0.0185124557196697 -0.0705599709677508 -0.224198388732682
-0.00724958793237812 0.010750188078 0.080430893175808 0.192619949098008
-0.0137477875827673 0.00994325275918086 -0.158954121726528 0.0608802931747083
0.000102839566952806 -0.0188536382645575 -0.246274641570692 -0.359082246132992
0.0361373107043827 -0.0356729016836231 0.251844247763889 -0.546785291014997
0.0502386014580161 0.0319783198981849 0.805673367695799 -0.00027863029476007
-0.0242890205370752 0.0362291989522204 0.357654655885591 0.858535738246089
-0.0273335313396836 -0.00823952238343354 -0.359708310480408 0.623061852406781
-0.0233099974102667 -0.0104693829920609 0.00165122451021289 0.11985768894539
-0.00284877520978202 0.0199477757276433 0.455477294547753 -0.524811493358196
0.0236890324229735 0.0117348991611396 -0.202568166718254 -0.973077981644435
0.0377424535904319 -0.0276467840754302 -0.887433967846516 -0.205844627717778
-0.00357826910953804 -0.0475499820037229 -0.363789923769819 0.576280096837034
-0.0305070095371805 -0.00163158035761361 0.247006940951392 0.39713140349309
-0.000412500786531643 0.028917098137501 0.218319698372166 -0.0191104614206105
0.0235974088295885 0.0211017969446451 -0.0699680328630168 -0.223473383284545
-0.00877374294427186 0.0127975764557299 0.0785729491616883 0.194026794959566
-0.0153469218971806 0.0108889732107739 -0.159175014047181 0.0598127463079491
-0.000645205704299948 -0.0179181587890555 -0.241504630968298 -0.360533141982596
0.0375463605836556 -0.0325820880691814 0.261274109451612 -0.543619035141468
0.0523562588549394 0.0357985549619099 0.810518594889696 0.0099730261912847
-0.021472579129567 0.0360002115149926 0.349649530284557 0.862381679708068
-0.0226756982579396 -0.0124038027153221 -0.365973898463185 0.620460416925849
-0.0169628893685192 -0.0131633266796477 0.00157779527443775 0.116661505185418
0.00122217476645981 0.0173700960485139 0.451183272839032 -0.52940891653348
0.0252500201434706 0.0125833878065734 -0.211361725314817 -0.96887581040743
0.0389450234057602 -0.0259390283537254 -0.887299042578185 -0.194500439283161
-0.00458820692354068 -0.0447716196771946 -0.353836602411159 0.583900627081539
-0.0316584117599257 0.000420663519872263 0.250170909131778 0.398402981497435
-0.00276087588142956 0.0296698078833254 0.219119630880635 -0.0196428134636644
0.0221109611577274 0.0244085363965117 -0.0681796495129995 -0.222474584939202
-0.0101904551570769 0.0142528333642799 0.0772452779288653 0.195408709536682
-0.0174228408986668 0.011624648567408 -0.160025671046078 0.0589239989254661
-0.00246200677009443 -0.0162237447887591 -0.235194885612952 -0.360464989297079
0.0372684030999491 -0.0291178948183422 0.272352177138253 -0.536392851084126
0.0533521798602718 0.0397636322882117 0.811761948623159 0.0293835272973128
-0.0215566690905785 0.036485058067523 0.335179832806721 0.871908752611914
-0.0185643966172882 -0.0152983217685195 -0.372739861112876 0.615676584103294
-0.00997623199579795 -0.0153731565825169 0.00729784472645277 0.112925397037582
0.00585633014711115 0.0158649924272871 0.446526664267793 -0.535892506689013
0.0273742262151057 0.0116276918046375 -0.226178797927048 -0.961146204199088
0.039565701984645 -0.0239854619685805 -0.887646365625461 -0.173376797673146
-0.00578334497015314 -0.0432159883448126 -0.342922460670101 0.592929506878351
-0.032412382788159 0.000613654427009177 0.255500990878041 0.398004950382385
-0.00309970722744742 0.030745189086872 0.217489170437204 -0.0203933427964888
0.0205893960097373 0.0250974707085382 -0.0685683442130693 -0.220879827509763
0.00161567358685417 -0.0010470823182352 0.0761757891094296 0.19156853616614
-0.00377026206027294 0.00118259182183641 -0.163381343067186 0.0558763349746622
0.00147661109115184 -0.0239878990459864 -0.239408831925465 -0.356131875622635
0.0235884203934109 -0.0371056921929896 0.272476283444011 -0.522522802287904
0.0370299782471684 0.0316988753062285 0.809323894445659 0.0518360022346714
-0.0312268251233684 0.0387950018537918 0.332074051054521 0.883058351644355
-0.0377466115314411 0.00597771881079788 -0.356144569657693 0.607911707300702
-0.0368353821695425 0.00730540649303585 0.0291762585883718 0.106779010151767
-0.00982784631975294 0.0344738743666777 0.436420967562435 -0.544618495633963
0.0199194283288539 0.0126120053264419 -0.25608281140362 -0.933035447248408
0.0232984003863089 -0.0329799928176627 -0.880543445958943 -0.124123303763564
-0.0170152219016349 -0.0512072947549897 -0.321176917855018 0.605301582381038
-0.025760641885811 -0.00685846700477244 0.256535031071752 0.381525606709879
0.0132841038066174 0.019165057898075 0.203547057012195 -0.0322720705850546
0.0376885466877579 0.00800272994576041 -0.0805278355922896 -0.21777680503013
0.0013187597545241 -5.28076105192656E-05 0.0775373690283088 0.18965867058792
-0.00443791948334971 0.00251115721146459 -0.161746322990367 0.0564668770577261
0.00193159199322435 -0.0232498354624313 -0.243578358230415 -0.355127744702019
0.0254590589380266 -0.0380274392380451 0.259862165172273 -0.531233736205179
0.0385424085634883 0.0296804885473715 0.805433183345727 0.0293284260646343
-0.0302639848916775 0.0388520309365296 0.347236721354434 0.869643610469313
-0.039590565347335 0.00558682382796686 -0.350497904581014 0.612607324026667
-0.0391251899275283 0.00624604327062366 0.0212094618076186 0.110552974186114
-0.012542042958298 0.0342676918018598 0.440195006045042 -0.53753547602309
0.0180255279091773 0.0117627211976018 -0.2399712554122 -0.941733757344719
0.0256441757335789 -0.0340833337707748 -0.880065790394178 -0.146897870506088
-0.0134818584317266 -0.0531036315546993 -0.334923644953267 0.594255592206257
-0.0247360179002922 -0.00706015619427192 0.252373199808 0.380429229800589
0.0125832927986759 0.0195644149658999 0.206484868481554 -0.0311631786295969
0.0356300157335231 0.00931436916103728 -0.080272169993314 -0.219357995136376
-0.00182982795742522 0.00218960487044962 0.0803958073271106 0.189016620099438
-0.0059823918403253 0.00508152270316941 -0.158839376570759 0.0594254383526022
0.00127169437946343 -0.0225682811044001 -0.248475027540347 -0.354103333108255
0.0275722861821284 -0.0390138187970962 0.248188109509242 -0.536839482837581
0.0405966131345328 0.0285212722232241 0.801182607837067 0.00962052749320965
-0.0294406290665641 0.0382435641046933 0.360345340535578 0.861278906946778
-0.0382489466605022 0.0042125386052533 -0.345971628114059 0.619612773453464
-0.0381096308795766 0.00302356841192463 0.0137281290949515 0.114713282923123
-0.0126494902137155 0.0307004663199335 0.444665149384809 -0.529858799420116
0.0198295249671096 0.0116416184729324 -0.221821794130454 -0.952419002234436
0.0291709736453965 -0.034238686894855 -0.883467175786232 -0.171542770268994
-0.00978721308306233 -0.0531213809728539 -0.347711732260967 0.583166926843238
-0.0255660223491944 -0.00671678219918284 0.247999014732065 0.383944270306751
0.0106485346380439 0.0215250164264972 0.209147792770747 -0.0272217863190562
0.0333723495346196 0.0110800635518471 -0.0779757855634994 -0.219853903231231
-0.00384996904086815 0.0047745552076168 0.0817502844366355 0.188915443309384
-0.00834018809712948 0.00704437008956078 -0.157596766319551 0.0603648015545854
0.000910759083690715 -0.0214731807154081 -0.249861788905718 -0.35342557126461
0.0291773876228092 -0.0384311394865233 0.241105420029485 -0.54296242560121
0.043651115399387 0.0280210819521572 0.796913187635555 -0.0044754850190283
-0.028288631908011 0.0377105820193325 0.367143032166477 0.853600043626554
-0.0361476550578446 0.000442344049570336 -0.34452549820131 0.62014609158085
-0.0343259494494046 -0.00112439059881637 0.00820363305052207 0.116296678554321
-0.010889278050216 0.0267174626608968 0.443996140749512 -0.524977972816433
0.0198867903670543 0.0106968775566475 -0.210777732262554 -0.956056735150765
0.0321874920855985 -0.0333592657950683 -0.882196102949136 -0.187852300570128
-0.00710336008219476 -0.0518206596426398 -0.35491850713745 0.576710330916182
-0.0265050511789541 -0.00503326923288983 0.247603070418002 0.385237295451
0.0075603578634618 0.0242291438356086 0.212439657999915 -0.0255130147775717
0.0295596285015885 0.0141688086525311 -0.0743616426932274 -0.220162590832067
-0.00575629008348858 0.00748672708714148 0.0813499779671634 0.189733065677533
-0.0102299241236037 0.00907768972567042 -0.157019086237282 0.0605290332768307
0.000316845975769139 -0.0205863137995398 -0.251055414985499 -0.352500349396826
0.0324778105904377 -0.0374919086249151 0.23776224163109 -0.54574157382152
0.0475743444227707 0.028038688852526 0.79536513772451 -0.0106078518518321
-0.0255743433292139 0.0370684240709988 0.370396234335028 0.845963056817639
-0.0322964493550451 -0.00410636446372715 -0.345326301811872 0.623352670640136
-0.0288361670777581 -0.00603345193752676 0.00256674679194829 0.117936883515255
-0.00773303335969534 0.0232660896824787 0.446128445230212 -0.522852200506988
0.0211016060247406 0.0109469691265049 -0.206986354431939 -0.957621674291642
0.0349547076956507 -0.0306535514305329 -0.878709372090439 -0.192221797595351
-0.00552800921879116 -0.0497387503341342 -0.356468611347953 0.574283944981911
-0.0275834377252597 -0.00347435481098659 0.247325055244813 0.386940055485438
0.00401821678067265 0.0255143616457541 0.21478369912285 -0.0230949536188284
0.025750435620998 0.0179430699265665 -0.0712804202304895 -0.220554272029574
-0.00836086733329448 0.0106001992339217 0.0813042710947709 0.190156396866984
-0.0127361876143841 0.0108187305870791 -0.156235031590588 0.0611178900102787
-0.00054073634908332 -0.018526000596407 -0.248209260493521 -0.353148667400439
0.0347126825590118 -0.0347960842445605 0.242611006871998 -0.543944683323059
0.0505781223827969 0.0313706002376978 0.796625681950384 -0.00943287626393599
-0.0231079352876089 0.0359785692654688 0.365249102438092 0.846443706157324
-0.0283328911201022 -0.00863632663968723 -0.348438716612046 0.619960017233317
-0.0218022497455346 -0.00949632033430941 0.00215780221117017 0.116186916701665
-0.00446494327170817 0.0196919953224405 0.444122343631991 -0.522857886972495
0.0238632404164783 0.0107051347935678 -0.210875223590537 -0.958800408509365
0.0367189703282058 -0.0277096180659183 -0.880102915689772 -0.193069316910297
-0.00463361652073842 -0.0465652807911869 -0.353866806509142 0.574176390222228
-0.0297021338868172 -0.00211137544456969 0.248508865681761 0.388541487544691
0.000606142779412972 0.0277299309683628 0.215994400985936 -0.0221107835678579
0.0233751566459609 0.0205877734680814 -0.0700141319306225 -0.219310222543328
-0.00895595143697801 0.0126543277353443 0.0799733897460784 0.190566392087009
-0.0154037541379286 0.0120592226632958 -0.155972162904726 0.0606151644561637
-0.00198083693624193 -0.0171006018459245 -0.243757172503453 -0.353273346304039
0.0364793993180865 -0.0322175871269233 0.25154412793516 -0.541811970269683
0.0530811162510541 0.0344936004941118 0.799938628230871 0.00196947393827875
-0.022328434757024 0.0360454109919489 0.356552181315696 0.851103315223452
-0.0230181524896025 -0.0124818546502756 -0.355101659870476 0.616350198003996
-0.0165174833464468 -0.0131682893227504 0.00367838994465722 0.114255452626689
0.00107367646286609 0.0168243299364089 0.441282495338676 -0.527458610006494
0.0249479088628859 0.0116934377180614 -0.219224998053293 -0.953166464622436
0.0383411399309061 -0.0260003662145557 -0.880793301988478 -0.181231873717461
-0.00469840121252444 -0.0437018177747788 -0.345215384662907 0.581305916824377
-0.0309383677288598 -0.000589188342943816 0.251455907054849 0.390312565343823
-0.00122503143906778 0.0293805527555841 0.216473665864756 -0.0217188231869794
0.0213075334059072 0.0222375700017151 -0.0695952287234741 -0.218013348579926
-0.0100669942842459 0.0146594388681662 0.0793500988090382 0.19173149506006
-0.0179224692673832 0.0121294729310749 -0.157405227290564 0.0596847146064827
-0.00279181980836725 -0.0159660252870349 -0.239234515468933 -0.354302727281885
0.0362823289652158 -0.0284893253502275 0.263652250551528 -0.533623755902819
0.05380455746518 0.0382774158237969 0.802795367568981 0.0209166258232379
-0.0212162048419563 0.0366685027702701 0.342939140926045 0.861098231795288
-0.0189247859545154 -0.0140921633832244 -0.362231775837105 0.611774626035492
-0.0106028153262056 -0.0145354768617504 0.00794387903754114 0.110657605821348
0.00534916496847748 0.0156564746965391 0.435498946844462 -0.532266182409174
0.0271838812557468 0.0122427899675397 -0.232699870212071 -0.947804567319771
0.0389414332704855 -0.0242416810892273 -0.878501388899221 -0.163190786686047
-0.00627457000615286 -0.0429849344561434 -0.333426611470724 0.59008772666129
-0.0328847411628414 0.000575444194875285 0.257343455172493 0.390093704657394
-0.00287819178217967 0.029701272392343 0.215300248394011 -0.02295508794752
0.0200850380263254 0.0240913872584286 -0.0709882307134092 -0.216214912676451
0.0014787103477996 0.000327274572294492 0.0771284112774537 0.186724334936258
-0.0034191876912071 0.00238825094462775 -0.160848713476767 0.0560141611453884
0.00177713076286271 -0.0221170470333957 -0.241252139340065 -0.349443056231952
0.0225334406541703 -0.0361712603328791 0.262526790438651 -0.519106265461881
0.0369921904408335 0.0302564683168919 0.798317364223781 0.0441420573938676
-0.0311178452524036 0.039095050484356 0.338679430471039 0.867864239821842
-0.0374732988592513 0.00590176360302634 -0.345901816606648 0.601001906930826
-0.0362209372958998 0.00764569068257587 0.0296784668834882 0.103964097002869
-0.0104507237724676 0.0340802470956259 0.426176477806691 -0.540099700857028
0.019654701950154 0.0123427442057958 -0.261062910402027 -0.919039875527821
0.0228136150273064 -0.0334597060665047 -0.870920504284932 -0.113227410137054
-0.0170371640943554 -0.05070525533944 -0.31051245465396 0.600035612192619
-0.0257015601377469 -0.00617989154665872 0.257587919856591 0.373971000299113
0.0133671588143516 0.0191330299929414 0.201079222241349 -0.0347857416052042
0.0367502255490423 0.00668953276445942 -0.0820841020644518 -0.213943821886618
-7.36485605799114E-06 0.000991202723771247 0.0787532363804242 0.185938237670873
-0.00325230064704609 0.00317976593042055 -0.158323122937733 0.0582732911674306
0.00109041347725396 -0.0233230590302598 -0.245030767403145 -0.348087003925332
0.0236037118291064 -0.0378811650595246 0.24960335181215 -0.528024061418446
0.0385790496706206 0.0282886019771707 0.795684002014901 0.0221921022671285
-0.031034833875599 0.0388666884863502 0.35184961501738 0.857817513299391
-0.0384565827651183 0.00651615142594439 -0.340877531864197 0.608392406101914
-0.0383626999762022 0.00679490774717505 0.0214579630445711 0.108184265783493
-0.0119890158861391 0.0330461409709209 0.431780959031699 -0.531730326769979
0.0184028129648791 0.0114610723897831 -0.245342977892515 -0.927296434224903
0.0245049466472851 -0.034337279712574 -0.872767341923301 -0.136023755754809
-0.0139248798955908 -0.0528932087752455 -0.324175434943374 0.589340244332935
-0.0246999466405341 -0.00714990908084488 0.253215070355106 0.373138816922722
0.0128001110824806 0.0190961153914723 0.203575445516142 -0.031347564340443
0.035130148232447 0.00870763776956366 -0.0799937948180103 -0.215824138768519
-0.00132899410781323 0.00334643163916888 0.0808981743595846 0.185855417920071
-0.00521847196814263 0.0051562981609002 -0.156322293122578 0.0603661501928037
0.000762417134866179 -0.0224830659496756 -0.249527699500361 -0.345851992639499
0.0260067888138695 -0.0395030607486704 0.238513628015221 -0.534386383376944
0.0415886691217985 0.0270324766074529 0.790535510346651 0.00177584450730923
-0.0285854435952912 0.0386690733245375 0.366260987854457 0.84609463114752
-0.0384117403759354 0.00416885016866558 -0.33560510588341 0.613924385479429
-0.0371313141408162 0.00290416304442294 0.0150212264841945 0.112293621115031
-0.0125307453699359 0.030423129939664 0.43273825844964 -0.524674994801726
0.0186566659655978 0.0111594511288535 -0.2254068419202 -0.936758588775719
0.0285712450460854 -0.0346833332057226 -0.872906376016376 -0.160297278495509
-0.01043412381135 -0.0522306796155337 -0.337435627284698 0.580123736403513
-0.0245739537242456 -0.00608794101155303 0.250366949329315 0.376372883330245
0.0103402086038112 0.0206299170961667 0.206708084832544 -0.028495553455084
0.031986784254924 0.00966238517603034 -0.0786098647698963 -0.216348417720099
-0.00453362181092995 0.00495644057655478 0.0817688085969375 0.184382234240223
-0.0078581957140006 0.00715538472336128 -0.154433563529934 0.0606979134899227
3.83422435966535E-05 -0.0212781962674961 -0.252596489258511 -0.345562662692899
0.0288126700196271 -0.0390068681939327 0.231090280790086 -0.540986558779959
0.0443557887421217 0.0268477478099791 0.787662120116086 -0.0117626187867181
-0.0272320937308868 0.037299608371222 0.369898513552394 0.838562627241469
-0.03651984016264 0.000664883312946519 -0.333352436631634 0.615676388890825
-0.0334756168354554 -0.000644896447844934 0.00890978827377095 0.114989259740417
-0.0112370551504506 0.0270692100366073 0.435023243948441 -0.520294391936451
0.0193681103926177 0.0109165287808153 -0.216127117553016 -0.941605982263493
0.0316925689511004 -0.0326531175008339 -0.87348786593219 -0.177431726878091
-0.00717338353883859 -0.0509059309914767 -0.343825673678021 0.572794886520043
-0.0256324741637614 -0.00466708157557254 0.24854203334588 0.376293089238257
0.00705407584129854 0.0233559357738268 0.21005492030772 -0.024828694226672
0.0291066539625519 0.0130586131862195 -0.0754166221638892 -0.217099952539814
-0.00615191724531294 0.00796760440241323 0.082801411550639 0.184575659434796
-0.010285974986301 0.00937875386701436 -0.153441984500136 0.0612631807894966
6.9797423699244E-05 -0.0193019623176344 -0.251066848594394 -0.345328780285457
0.0310351087603839 -0.0373230589785697 0.229058533247877 -0.542429499505147
0.0478699925528308 0.0277741130289727 0.785496305419211 -0.01748554415659
-0.0247488450095603 0.0367139715923858 0.37453954038476 0.832535725731294
-0.0316506273883313 -0.00377809789340008 -0.333947718504181 0.617239122258575
-0.0283625018927159 -0.00470482689705001 0.00470807414106604 0.115389819403535
-0.0081032717639708 0.0228571767984684 0.435026380349112 -0.517843757345144
0.0209910602935372 0.0113691071525742 -0.211528129304122 -0.94413213505309
0.0334170167153782 -0.0304334907740533 -0.870503837591208 -0.183477643459526
-0.00564475776137561 -0.0487780520706568 -0.346300398054705 0.569348091124364
-0.0276701464520819 -0.00283739441923359 0.25015120262003 0.379710128024292
0.00422783310115096 0.0247689375133644 0.211984893078291 -0.0241662060665996
0.0258727417582203 0.0160948916987806 -0.072480551492309 -0.216088190920053
-0.00778108845046391 0.0109756928030165 0.0826717607929092 0.186275499975829
-0.0129190573507995 0.0112813191141273 -0.153536718661177 0.0619299836923261
-0.00160830448953103 -0.0179457130664357 -0.24945958111641 -0.345380621502805
0.0337431246579481 -0.0349961715674067 0.23167422029826 -0.539948587526675
0.0512313095959943 0.0289091388035348 0.785512196940341 -0.0144265305701064
-0.0230169529848747 0.0363284531088472 0.368544086754439 0.831970141363196
-0.0282350498052474 -0.00815197098518417 -0.339608006885174 0.61426851906436
-0.0218305697388517 -0.00991072353893877 0.0028239257130318 0.11620882505381
-0.00306614449175146 0.0187732050298045 0.432337212889407 -0.518217659524025
0.0228618608102156 0.0106462913093946 -0.215762567730089 -0.94541913740585
0.0366984145579726 -0.0280527059722397 -0.869966748379741 -0.182396263617621
-0.0046257915993065 -0.0465701976646609 -0.343124280597343 0.57089243825326
-0.0293047597252216 -0.00110899282145653 0.250231247415287 0.380080717321975
0.00141142344459682 0.0266863667690237 0.213621332084263 -0.0230095691342529
0.0234775775997709 0.0194816245180019 -0.0715508186620043 -0.215865247739778
-0.00954800154079878 0.0124726813891508 0.0812279678058333 0.187311759109889
-0.0154381534600359 0.0119578658684693 -0.153731251566903 0.061478995161993
-0.0027365253925374 -0.0163310624861158 -0.244847952401367 -0.345681607675908
0.0349029114725914 -0.0327778481248341 0.241224377554146 -0.537205632033821
0.0529894063689599 0.0324084214233577 0.788140970514881 -0.00538443810783513
-0.0216742650361659 0.0352364246886601 0.359737517300597 0.837525583997222
-0.0236409939210234 -0.0117741914039698 -0.344958896062034 0.612338471056539
-0.0163030111481438 -0.0126663994271097 0.00416151020258748 0.112436754687512
0.0014038917536256 0.0173189448014229 0.429116406823928 -0.52290160918434
0.0252307338532466 0.0111128216960137 -0.22412072901285 -0.939129076712503
0.0379138280967438 -0.0255956297326287 -0.871112719464251 -0.170195396874998
-0.00513019885589474 -0.0434495847087834 -0.333801546387046 0.577779098727351
-0.0307867410936644 -6.72607473412128E-05 0.253407000743755 0.382229228141455
-0.000843013434983345 0.0284339240773477 0.213531274075105 -0.0228681585638871
0.0217412590207622 0.0218132511530415 -0.0708113091047404 -0.21377186537849
-0.0106175942133383 0.014540044109032 0.0801101541986134 0.186691814885818
-0.0166738889764487 0.0126501794086137 -0.154544363399628 0.0601410584774224
-0.00325455450718665 -0.0151244246098503 -0.240052970077896 -0.346563255988345
0.0347267993511806 -0.0293595884018997 0.252874084434072 -0.529324880024161
0.0540010372444945 0.0359062552959357 0.792666624050141 0.0111066419538159
-0.0205716582482687 0.0358528798877974 0.347218908418172 0.846752914904378
-0.0188655472632693 -0.0144302216560849 -0.351890271493816 0.606642311275678
-0.0100465578153214 -0.0144758469461994 0.00897232596064246 0.10837865165093
0.00545713608826055 0.0145984818532383 0.424564353207478 -0.530328371301654
0.0266088470639153 0.0121346715491814 -0.236439214721441 -0.932881905849697
0.0374574039997957 -0.0239002636418841 -0.868349672055563 -0.152116485161593
-0.0069720108128078 -0.0411751330060292 -0.3232904653297 0.586073437112755
-0.0327335661253468 0.00161252113839452 0.258066930337558 0.382618278363913
-0.00232037516252488 0.0295217240338416 0.212248931980723 -0.0242242757294133
0.0211838399137483 0.0222377591399292 -0.0717309242283057 -0.212928079001136
0.00526757249990526 0.0016692198760139 0.104581662093947 0.169578925915429
-0.00197167811970923 0.00562739742894597 -0.149535085093732 0.0796242764371534
-0.00919841873061137 -0.0200104608844377 -0.290267522622913 -0.308233408661658
0.00656449814971984 -0.0477069044346463 0.185439295347495 -0.553394158455624
0.0447282227808166 0.00815968604651473 0.798001239679277 -0.0741917927592014
-0.013748194831349 0.0381526991894163 0.456423814614571 0.817766692093548
-0.0294874356924739 0.0148090898422585 -0.269452001752188 0.648351189701933
-0.0336564285725039 0.0119124252556084 0.0427032939597463 0.0969728096358051
-0.00962535742124469 0.0314581566209514 0.345305359352068 -0.600430143889326
0.0139495199610432 0.00515411625272129 -0.402025298453626 -0.867056991093963
0.0109530341217921 -0.0310833153730025 -0.874583381918196 0.0224343947973221
-0.0291088461699193 -0.0410605400685428 -0.213916890502216 0.636854628400679
-0.0237741685268623 0.000335499760965588 0.311839659200492 0.325240289385595
0.0181393620748156 0.0157475128378961 0.190161493894615 -0.0647702866871411
0.0340429743938507 -0.000404583153966409 -0.108560263079669 -0.197160874352686
0.00373634580036467 0.00247002220908861 0.106485264120455 0.168255760071836
-0.00280250479469052 0.00684816198187393 -0.147041594444216 0.0814667612493007
-0.00847775504260079 -0.0203686278768098 -0.29409831037215 -0.305846005036864
0.00757198517934357 -0.0485797055780055 0.171237777278307 -0.559797614372607
0.0458857575754317 0.00519356444610668 0.790902905493732 -0.0932825235548389
-0.0136688309658263 0.0371737749061581 0.469532245491876 0.801792763512988
-0.0315647681622136 0.0136326371547565 -0.262295287544153 0.653215048809396
-0.0351223920412463 0.00975347561814422 0.0351531773730003 0.102751679532052
-0.0113449781647893 0.0283587357333157 0.350660150501501 -0.59157712042029
0.0138290379798442 0.00462614040011582 -0.385188109741072 -0.881324594003371
0.0133183589067255 -0.0319493729860944 -0.878642524160237 -0.00152209675844103
-0.0247710363739986 -0.0429902491929946 -0.229519813423751 0.627075690462133
-0.0234882790569198 -0.000349632237770923 0.30574798816625 0.327660851349673
0.0179231055904606 0.0164841913436972 0.192934745181926 -0.0629709988194774
0.0329445879899631 0.000804130216651408 -0.106463878171767 -0.1986997973927
0.00191540134318103 0.00487427287293788 0.108305631222167 0.166525397937133
-0.00425419558305872 0.00875607372469252 -0.144321470098422 0.0828101392434306
-0.00959916748865516 -0.0196292525095115 -0.298667651902353 -0.304286710837891
0.00915255845238991 -0.0491054372994288 0.15995217954371 -0.564956885054221
0.047806279869659 0.00427780692295677 0.782629432547986 -0.11318650951368
-0.0133430498496383 0.0365007949192249 0.481010951620957 0.791818979686749
-0.0308127866127788 0.0127318893007794 -0.257292856518783 0.657604470838309
-0.0346075665068459 0.00720478864373036 0.0291862003497158 0.107800434151995
-0.0121723972242246 0.0268626026401033 0.355750987782446 -0.584636271691164
0.0143076529582128 0.00399892641547195 -0.371113391909062 -0.891666550243616
0.0164799856306843 -0.0331582386415377 -0.884128204532864 -0.0245315762717584
-0.0208805197140761 -0.0431344754501572 -0.242375167813163 0.619571336607597
-0.0236511781988188 6.66468643124767E-05 0.303322605588248 0.329978676614766
0.0154996968463493 0.0187419820715251 0.196761362724029 -0.0602673260481999
0.0309671089141888 0.00322036555697783 -0.104781337257582 -0.199842612030605
-4.91816181939064E-05 0.00759164901380358 0.109424329110533 0.166583630523806
-0.00574391906446943 0.0112139508309661 -0.142185492305541 0.0842226526160589
-0.00986142982681533 -0.0181822534679275 -0.299453321630704 -0.303512535418654
0.0116260925415809 -0.0482368889999942 0.152100766077119 -0.569004090448138
0.050074108579136 0.00333194141780476 0.77761820935119 -0.12634805873808
-0.0113125233519378 0.0354887546440286 0.48654249929255 0.779581028929937
-0.0290370434587456 0.00949257985752035 -0.255388373259649 0.658919268942626
-0.0320004964888182 0.00274866544852622 0.0231025169663847 0.111377864967912
-0.0104259533169789 0.0232301238751997 0.358270714378031 -0.58019957791745
0.0147390195835426 0.0028244644773173 -0.359650217768868 -0.8976008237296
0.020036698989441 -0.0321102537711652 -0.885759897918843 -0.038784933447539
-0.0181647480338053 -0.0426668745728771 -0.251276390401191 0.613430346981603
-0.0244910525344355 0.00139650353335357 0.302797537508132 0.331674259643136
0.0134958540218068 0.0211091973725328 0.199670393812039 -0.0576578834704867
0.0272780097699828 0.00655922685849987 -0.101501158378813 -0.20037873872293
-0.00190657573967966 0.0109595758305785 0.109633584359771 0.165964606006259
-0.00778765943286119 0.0127470981971365 -0.142056627924491 0.0849456535719162
-0.0101910187975242 -0.0160209502125702 -0.299887778521192 -0.302494076427106
0.0143678657098803 -0.048208676829139 0.150428717377037 -0.569054980549069
0.0538542170479745 0.00354733072860256 0.775244622414193 -0.13199624103116
-0.00984907751704666 0.0345151414358992 0.488406273840248 0.77475346403723
-0.0267887723104073 0.00438756975000957 -0.255533955778277 0.660950441522468
-0.0274782492627424 -0.00145763586559188 0.0191871544528708 0.112429773532137
-0.00801457345485907 0.0181685132611459 0.357183739462544 -0.577893477717047
0.0162975981076069 0.00297845725230914 -0.355601221799079 -0.899307532989313
0.0227821435293571 -0.0303948666602329 -0.884659136781909 -0.046639830042693
-0.0165469857962579 -0.0405217849017692 -0.253646893773096 0.610036536975081
-0.0260792881699478 0.00372286920884147 0.30284806784699 0.334137173929921
0.010502267641259 0.0234522252384196 0.20175030878669 -0.0567525256185949
0.0251451255137027 0.00900233976266218 -0.099581505610959 -0.200111156028895
-0.00353263458083813 0.013387117440713 0.108502952704493 0.167260708603524
-0.0107115773703635 0.0154601325781784 -0.141560327620323 0.0846799774958973
-0.0109792221390791 -0.0145390610045841 -0.29529311356471 -0.30251794866397
0.0168166608421779 -0.0463652414072389 0.153687159134931 -0.570545075030447
0.0570534410732492 0.00505290839720744 0.775542287931933 -0.131243169699722
-0.00803496548542089 0.032880665883902 0.484372489285439 0.776184743248581
-0.0226775504124097 0.000108090745695313 -0.258198622126178 0.658804807531509
-0.0216703233713716 -0.00682255834782039 0.0184667369195027 0.112772805220697
-0.00385341643001522 0.0152459293959262 0.355018243957822 -0.578971257112217
0.0181175036420265 0.00327749190424517 -0.358942677133709 -0.902141660079498
0.0258719600959416 -0.0283025656632908 -0.886467977814176 -0.04599881111669
-0.015395972780355 -0.0384315724232796 -0.249571149489314 0.610867750979636
-0.0272387897750778 0.00514982078557025 0.304841145886575 0.335505944753337
0.00820492197630632 0.0264805614078306 0.203645551673998 -0.0566339582891192
0.0224978366295771 0.013378481841814 -0.0985895326374895 -0.201062629250109
-0.00543973410405144 0.0157699816679834 0.108089992956317 0.16852203822308
-0.012166150210086 0.0170955438003782 -0.142365315283192 0.0852659975795873
-0.0123172480922676 -0.0136319741609304 -0.293743341368357 -0.303612539261418
0.0183387062601067 -0.0454615300149507 0.162466932536409 -0.567609171797789
0.059581733931353 0.00842640439099298 0.77944053318521 -0.121151066425881
-0.00569818537669024 0.0331923711714496 0.475897981604587 0.781014521121594
-0.0185658257151138 -0.00521697497965845 -0.265201400021843 0.65708990624449
-0.0158858408398714 -0.0103920733849203 0.0195518833673406 0.109481602733254
-4.19417920821345E-05 0.0107977822872912 0.350443266753476 -0.581775989774925
0.020529292689912 0.00364037735265003 -0.366281833678098 -0.895132493243575
0.0264909175664551 -0.0265919296988399 -0.883880216847397 -0.0342139404730036
-0.0150338941427392 -0.0352028712279756 -0.241114061973054 0.616039953932689
-0.0292383052549024 0.00799985569809121 0.307632934794503 0.334573632159069
0.0058610056046694 0.0276910305647916 0.20334623663614 -0.0566199451505391
0.0214819913857335 0.0148617594800246 -0.097417171330749 -0.199122621885887
-0.00528282980019613 0.0169936453539211 0.107391502400948 0.169606405157921
-0.0136838958370371 0.0174565567946608 -0.14277724525509 0.0846744248955028
-0.0125930625865179 -0.0118652335715369 -0.288168906974449 -0.305483151823133
0.0197372038785524 -0.0417880373270648 0.175674692410758 -0.562280034998113
0.0612425307377259 0.0119773819129599 0.787190885900203 -0.104491968434061
-0.0043839641429419 0.033847202646998 0.465057227918432 0.791698347836372
-0.0151873502877766 -0.00732384173472018 -0.273629164564062 0.652897090249954
-0.0103916336540257 -0.013057945878002 0.0225800956875663 0.105397533970549
0.00365953192175386 0.00946505225233139 0.343639874416941 -0.58682736515368
0.0215686865413875 0.00309802480327052 -0.379467951681959 -0.886026658171496
0.027197741583714 -0.0244470718287469 -0.88022619172392 -0.0156073540297866
-0.0168828444713167 -0.0329088388347803 -0.229245533812569 0.624405166399323
-0.0294221891656489 0.00871973784988821 0.313046824077569 0.334115907002582
0.00489023683765295 0.0283285100899409 0.202635128262443 -0.0574769858801464
0.0209859787120938 0.0158876214789619 -0.0981722384252299 -0.197343322834356
0.00472627541307334 0.0024395102752723 0.103337415591697 0.165902229933444
-0.00194037492840936 0.00567183737777916 -0.146919843540117 0.0792730075982841
-0.00948888830567576 -0.0190789477628671 -0.287597947095114 -0.303117826616276
0.00585946532824906 -0.046909526160041 0.179241131295579 -0.548449185503346
0.044632220671036 0.00733349285175769 0.785184459006601 -0.076544903743869
-0.0139396851991556 0.0371648271595979 0.455864894162582 0.802483432675486
-0.0301317640563343 0.0144363170195729 -0.264302407720145 0.639946763335584
-0.0327313371496145 0.0104580017989827 0.0425514443568465 0.0953048633409475
-0.00914020766792283 0.0295852479209303 0.339568432949427 -0.590024050839311
0.0140702699196558 0.00602246162385497 -0.397700596969492 -0.853152483261982
0.0104847993950298 -0.0303199661917597 -0.863424745637417 0.0240473080962937
-0.028250038034996 -0.0400339091680919 -0.208082796766861 0.629147770197503
-0.0234944192093142 0.000129330436173386 0.307896237907038 0.320061536133294
0.0182513405283164 0.0157848886008304 0.18804867332044 -0.0645895105704016
0.0339470222852679 -0.00153408932155663 -0.107352195069445 -0.193886533419558
0.00336414771869618 0.00290883151050743 0.105050637392551 0.163992533313851
-0.00267025486437009 0.00745715188093241 -0.145033332553608 0.0803972234803908
-0.0102047243339038 -0.019041952234908 -0.291978331685812 -0.299751401656676
0.0072144319000166 -0.0482958868098765 0.165346805604272 -0.553950144966592
0.0458034887992072 0.00475767975324325 0.778001522596721 -0.0957299395543524
-0.0134593843554297 0.0367014546891116 0.467216387924915 0.790386137457642
-0.0309184617421509 0.0145554994907211 -0.257028506059969 0.644039658386646
-0.0348565133392494 0.00975500959019619 0.0354378586588623 0.101109810796776
-0.0109422607857276 0.0289216908124033 0.343450715350344 -0.583643929085269
0.0137219304507391 0.00425691788723579 -0.383152604869388 -0.866315988653988
0.0137191302023706 -0.0323637400653786 -0.867890175312231 0.00211239308780234
-0.0246458313153912 -0.0420092634145791 -0.224415562453672 0.620358222177649
-0.0230058710616531 -0.00013707698062753 0.304521289471053 0.320193864421899
0.0181231911752272 0.0160524718775592 0.189356007270776 -0.0628076389383783
0.0318962774661205 -7.04500660917793E-05 -0.10573905947044 -0.195255625826934
0.001730246428216 0.00554054228856653 0.106799104996849 0.162445715304256
-0.0030788077714379 0.00856073246803689 -0.142567252885584 0.0820200468817884
-0.00998180976026316 -0.0187314206963655 -0.296027874372888 -0.298256574778417
0.00856386026777088 -0.0481213191085079 0.154660160877499 -0.558883236208107
0.0470290680629768 0.00264594002359366 0.770373497069011 -0.114482481434137
-0.0129184979757152 0.0365493636985126 0.47913072559348 0.77881422115782
-0.031134206752062 0.0128231329726527 -0.249757976291839 0.649325507543813
-0.0341209245908676 0.00769004426256712 0.0289867139592099 0.105686759115599
-0.0119801280727963 0.0263821890453228 0.347474250900367 -0.576482788526323
0.0140996781090089 0.00344806928410077 -0.36750098252418 -0.876614638911771
0.0164164424329133 -0.0332618694426723 -0.872663032923693 -0.0207168571345561
-0.0211153728375189 -0.0431448816657682 -0.239192099087381 0.612699967453833
-0.0233988741796646 -0.000341217190971997 0.301077100913847 0.323228947985621
0.0165239696277088 0.0182007388178637 0.192798981369682 -0.0602833071854925
0.0295643210613073 0.00210914115533484 -0.103854756319889 -0.196214958931095
-0.000464994140118982 0.00819543608140567 0.108216676217618 0.163712594697803
-0.00495020099462658 0.0109665133543358 -0.13965828382194 0.0832660930497837
-0.0100636331259248 -0.016864158123578 -0.29743951176333 -0.298076067166369
0.0110589391426168 -0.0481108680231432 0.144782480673744 -0.562384803993878
0.0496904767720658 0.00229735530508901 0.764881266221189 -0.127394107157884
-0.0110708523468463 0.0354261597563107 0.48420611268431 0.767308294802534
-0.0290527175051825 0.008691125433045 -0.250217463919088 0.649697895124232
-0.0317599656016079 0.00286083721001909 0.022649165916056 0.109051177639156
-0.0104118124856869 0.0228240997100761 0.351291694605919 -0.573159577540798
0.0144775584557681 0.00332483908786252 -0.357909796612755 -0.884782148999217
0.0191154079882089 -0.0320093775152184 -0.873931387718975 -0.0366882099593648
-0.017899584012454 -0.0418291076051052 -0.245095798672225 0.604248072712689
-0.0236288528018819 0.00137767786498033 0.298620577318643 0.325058241905408
0.0140915918112754 0.0203750173123418 0.196911774166037 -0.0585227528551913
0.027149072010335 0.00514776867056322 -0.101324048517525 -0.196503208406691
-0.00292909196432758 0.0108944889363062 0.10832025603779 0.162745940762044
-0.00818533402746876 0.0127744665234524 -0.139550991061515 0.0842054090443427
-0.0111102623559856 -0.0156470599954538 -0.297728758702149 -0.296163535447404
0.0135028895032353 -0.0475088099127859 0.144772877474439 -0.56282178525236
0.0535661148474805 0.00214877566233826 0.764183356322426 -0.133467018412005
-0.00920957588626162 0.0352776480834275 0.484248946554171 0.761652411936962
-0.0259958222833727 0.00398498157501788 -0.249224397933389 0.65216481425483
-0.0272225470384438 -0.00218804789021607 0.0193320857337836 0.110517920305224
-0.00791861271197766 0.0184321242719667 0.350181277261895 -0.570873037444172
0.0151340926544639 0.00343187044997929 -0.353633187377792 -0.885483815338114
0.0224606698753659 -0.0301557451271238 -0.873347363046334 -0.0428274108356945
-0.0164029544208829 -0.0401178527817013 -0.2480036834105 0.603053378670219
-0.0252735718062995 0.00380463811569614 0.299932277327036 0.327038884168041
0.0108182709422286 0.0224774901303992 0.199813032094552 -0.0567042859707457
0.0242439396504132 0.00861664736229128 -0.0990066404483773 -0.19757796630808
-0.00402755085951979 0.0138060611241627 0.108885224985531 0.163530102412338
-0.0101058882492749 0.0154983720805269 -0.13897791912184 0.0841972863048593
-0.0110796863315369 -0.0139089356644335 -0.295167550341074 -0.297489183608668
0.0158039172317255 -0.0450332561872791 0.147885713011231 -0.563173671251346
0.0568385743132027 0.00449682161012898 0.763682281109923 -0.131895960887151
-0.00756000613182079 0.0328955269663943 0.477972202949436 0.764339463657762
-0.0228160470620774 -0.000675873218060159 -0.253631004437464 0.651220817591984
-0.0219508826295901 -0.00650162272102503 0.0175093805101637 0.110156317029986
-0.00400297420696049 0.0143711516972421 0.348664549451926 -0.571306922841509
0.0175506098887187 0.00364159205638092 -0.355188395690028 -0.885276342106535
0.0241387479381443 -0.02772271355857 -0.871647972642581 -0.0422878090582678
-0.0157302889608623 -0.0372409090478659 -0.24406788229047 0.6040861671612
-0.0268868066571537 0.00633646571933407 0.30366814523099 0.329038741318714
0.0086790883363857 0.0251768843445692 0.200594343359026 -0.056058188282217
0.0220986723460651 0.0123081820008402 -0.096703637773365 -0.196799062526431
-0.00494033927640323 0.0169587545967007 0.10686288274405 0.165770284013095
-0.0116951047107269 0.01670956592618 -0.139689336937013 0.0843422318064928
-0.0121633062832542 -0.0120787327296825 -0.291956430070391 -0.297720869134124
0.0167924897622323 -0.0440536644152037 0.156673435767074 -0.5621072675935
0.059630472287061 0.00628417082113453 0.766515344267958 -0.122608546237873
-0.00596850965128974 0.0328812850932071 0.473041773376022 0.76918013962986
-0.0192984170668708 -0.00393187621350754 -0.259962353331055 0.648904017846565
-0.0161430160461759 -0.00997380922097907 0.0190484133077209 0.107975334352291
5.45927723999903E-05 0.0110464478081565 0.345201390306767 -0.573475731760049
0.0194534945110983 0.00380918024814622 -0.364588553377988 -0.881174631530613
0.0260933025860576 -0.0254389518825989 -0.871766663635213 -0.0312674338380868
-0.0149930981929808 -0.034653380639952 -0.235270921746426 0.608972936360218
-0.0287681465176967 0.00759792497884477 0.3063505270081 0.328820249728847
0.00559130086916148 0.0270047325741869 0.201165887801119 -0.0564485165660743
0.0207942446280713 0.0141437964124417 -0.0970044956156094 -0.195456952145369
-0.00564934731789117 0.0167649477779188 0.106020095731996 0.166470966301983
-0.0130479784718276 0.0180513417399794 -0.141522447362686 0.083117370591583
-0.0126076117725173 -0.0112581295807282 -0.286299736424707 -0.299323151896061
0.0178613854213731 -0.0409349675519184 0.170041824020511 -0.555473650492431
0.0608621401633271 0.0105314609970429 0.775317783863958 -0.105503969595212
-0.00518400022175832 0.0334864845047105 0.461946247206198 0.780262946521398
-0.0152925024071175 -0.00744364194506164 -0.267312957967597 0.644943107880212
-0.0104837848365147 -0.0123306110403235 0.0231930083924772 0.103744853032425
0.00307898419677616 0.00908793264532551 0.339101046804517 -0.57908605075361
0.021239268097619 0.00340784867358069 -0.378297504354356 -0.872912245935707
0.0266967438931904 -0.0234114293531356 -0.86788946110562 -0.0124916541898244
-0.0157095567357236 -0.0322649319527652 -0.221315440918925 0.615334340830374
-0.0291374612454394 0.00925122586838169 0.310214617592731 0.327171739184497
0.00507793127988698 0.0274073232288383 0.199686222824085 -0.0577207020383886
0.0194123058711803 0.0150024652933932 -0.0970794186779153 -0.193947752918242
0.00361336066211884 0.00272908483947363 0.102928896931021 0.16221636624365
-0.0016176359820148 0.00598295975618083 -0.144762478521675 0.0782480311056767
-0.00933992474010117 -0.0181003984968681 -0.284878981981878 -0.296853157459982
0.00491111550148638 -0.0461252382536916 0.176572644281071 -0.540770784135963
0.0445801763506499 0.00594450884880851 0.773646190157108 -0.0752870952874681
-0.0137757692140568 0.0374819575480157 0.450579167244656 0.793881110499911
-0.0295503826644299 0.0144820617992032 -0.261000133377402 0.629939028861721
-0.0323847139301607 0.0106237755330676 0.0419226246905719 0.0942689142070365
-0.00939493274741694 0.028532438567122 0.334456092894962 -0.583404937568989
0.0141929526204706 0.0057449627880927 -0.392493423420608 -0.843174630841558
0.0104689883404393 -0.0299714200179037 -0.852109691862573 0.0267757059816835
-0.0270424761247088 -0.0394883965073199 -0.204634146474381 0.621184073477667
-0.0235139627860516 3.50451104033623E-05 0.305487897246655 0.313927897325854
0.0184801400251609 0.0143696148321617 0.185238138310275 -0.0643373469852401
0.0331219744088387 -0.00190782655671953 -0.105906031341944 -0.190288916512242
0.00259227518534694 0.0037744302166598 0.103525489523814 0.161282180883776
-0.00273657937012102 0.00731893463415087 -0.142064288253248 0.0801800433042369
-0.00911802497918905 -0.0176940935558851 -0.289184749825941 -0.295446000846927
0.00502377144196997 -0.0473824382382778 0.162621907313684 -0.546885639850686
0.0457500397450187 0.00418738927279178 0.767753824853347 -0.0949540249683821
-0.013563086995104 0.0374416865187528 0.464185109239359 0.779552231901484
-0.0315959044806239 0.0145554168637243 -0.253460801052749 0.635425955501587
-0.0338562710040969 0.00943099681537521 0.0344499553865942 0.0989366054225532
-0.0114796269593551 0.0286557731002001 0.339582116115535 -0.575972870694449
0.0133398327755948 0.00455842495289176 -0.377297940732501 -0.85350296100667
0.0122194962252954 -0.0313145517261114 -0.856535976719493 0.00356164929304304
-0.0239464836574136 -0.0417496511670791 -0.220950488199809 0.612909843400984
-0.0227572489520521 0.000290564598994063 0.301168922412401 0.315404438797693
0.0180615959649344 0.0151824061284763 0.187884900382453 -0.0618979639189436
0.0316847018927901 -8.36824928243905E-05 -0.103983155645393 -0.192114282883794
0.00141087958771715 0.0061675386741082 0.105592430893179 0.160224405425864
-0.00356938270779836 0.00911367994860051 -0.139527822685248 0.081039698745611
-0.00984053878751119 -0.0171020985914441 -0.292921382199564 -0.293651532093879
0.00703795230099979 -0.0476361661137965 0.15057920025836 -0.551720642732726
0.0469202970534636 0.00202368521073206 0.75995609059964 -0.115832978251343
-0.0122505408764231 0.036127913685826 0.475708690940544 0.769087329033275
-0.0308115376497368 0.0129044889212986 -0.246821755797666 0.640647745227494
-0.0339876084310665 0.00707760192223498 0.0280668758664923 0.104299863659589
-0.0115806396504568 0.026494215102267 0.342573014209345 -0.569520925668022
0.0135087133762853 0.00400378466222359 -0.36249041885977 -0.866033747794145
0.0160991934903316 -0.0321190518765106 -0.858952946044442 -0.0203647638365728
-0.0212307481014347 -0.0417975894949441 -0.234048177587228 0.604341863146026
-0.0226870906365631 0.000735019509965149 0.298072788605581 0.317706582605613
0.0160301131994481 0.0172745711820441 0.192109518013162 -0.0607243697191273
0.029143392814598 0.00242249886655746 -0.102125478973707 -0.192751462648198
-0.000969777582028424 0.00871031668744779 0.1068885556318 0.160400845372197
-0.00527391039829197 0.0117193227085601 -0.137953983782024 0.083296863007575
-0.0104458530402835 -0.0159465365356925 -0.296168759065436 -0.291403291504331
0.00986392151373923 -0.0481048393090443 0.14243256219423 -0.55455889433831
0.0493689574178455 0.000583120931618879 0.754815725711102 -0.128591823946609
-0.0112703072339051 0.0353722031390921 0.478957522559621 0.759041737989369
-0.0287327874792091 0.00887458710534633 -0.245335685045531 0.641570673161118
-0.0312252831546895 0.003069910442915 0.0219531017006216 0.108223278159159
-0.0105579255933595 0.0218420814974347 0.347016685125632 -0.563993194494014
0.0140548014835101 0.00398766665039642 -0.352792669721732 -0.871669840399934
0.0194522214153022 -0.0313245971215819 -0.862053856279782 -0.0348076003126824
-0.0186483745866623 -0.0414145404042994 -0.241500884445566 0.599456147008759
-0.0238869320953346 0.00248813604171615 0.298208247517277 0.319625244027939
0.013559695125487 0.0201989331096488 0.195421209044943 -0.0579292013279438
0.0267667889015804 0.0048897699958665 -0.0996784102521221 -0.194158180252315
-0.00331351029072167 0.0111640602461331 0.106119440324354 0.159873207629857
-0.00668083797190953 0.0132204593036678 -0.137190901906144 0.0831949272506922
-0.010375605169217 -0.0140396375184285 -0.295409465549423 -0.290957263666064
0.0123592473738138 -0.0472561316071088 0.140747851251427 -0.557226449939097
0.0533965013996171 0.00209611581116871 0.75298838029993 -0.132207802345627
-0.0096520897809287 0.0344031984869165 0.482056827771985 0.752286735942772
-0.0254655969838808 0.00430941515777127 -0.246226381604397 0.643434652985496
-0.0261473513091783 -0.00137983288864832 0.0186458697823246 0.108266997024905
-0.00799976256010952 0.0172184820187063 0.345603712748102 -0.56203229899767
0.0160130406857336 0.00333066416329056 -0.348449909489526 -0.876447470063438
0.0217284022708309 -0.0295579759369387 -0.863338622146925 -0.0408779214564059
-0.0162199670622728 -0.0388670523841792 -0.243851063104887 0.596287251714157
-0.0252287663912297 0.00385306634630495 0.298216878420202 0.322863347130556
0.0107697722278417 0.022037916786635 0.19725498782938 -0.0562863632460756
0.0241202512180182 0.0085164454884209 -0.0974705022380606 -0.193932495968843
-0.00404498908387935 0.014382802762871 0.106691735909657 0.16038894380862
-0.00935080432317722 0.0154944994576615 -0.137122091660753 0.0824839618657861
-0.0108114502341379 -0.0130437222403801 -0.293960496341872 -0.292013765758544
0.0148523023213837 -0.0450464541701781 0.14423960887407 -0.556797278413728
0.0565269918231077 0.00393668751564398 0.753093977987034 -0.132139997810323
-0.00714815877297353 0.033937371657753 0.476971652795583 0.754215858047327
-0.0227076513848912 -0.000467815626428777 -0.252037892148888 0.643444101662021
-0.0215084582926363 -0.00657256363745089 0.0176719100771015 0.108015065537996
-0.00323551894809377 0.0138235219156067 0.344307895733705 -0.563066842410481
0.0165445261215207 0.0027943140794719 -0.352539191355382 -0.874113573104303
0.0236384747693999 -0.0273756258570598 -0.861761073247155 -0.0407203708990806
-0.0157345168553348 -0.0374300541501471 -0.240842637157949 0.598293546011128
-0.0262696224083677 0.00528717728339235 0.29995118355719 0.323903680715847
0.00803676100121467 0.0240069200624439 0.198035529891741 -0.0555497305909119
0.0219086402243415 0.0107900337662481 -0.0961211224868428 -0.193502492724586
-0.0052608265053324 0.016757215378945 0.105701226732702 0.161773814841491
-0.0109815769684613 0.0166010517863002 -0.137520270330625 0.0827180643963962
-0.011641661452226 -0.0118500472738601 -0.289664879447992 -0.292760772954786
0.0166489263038054 -0.043285761367545 0.152794538806901 -0.554119656273596
0.0589740034642929 0.0066500805253311 0.755848433945236 -0.122158026076228
-0.00604285050219573 0.0332770755455327 0.468086734773997 0.758677189589146
-0.0187359012778954 -0.0044546419105507 -0.256548725463366 0.639984163399801
-0.015702644996256 -0.0105138678158425 0.0181006252548905 0.105672481018291
-0.000488640287884362 0.0107678238932133 0.33977148840513 -0.564519677680033
0.0182860659065825 0.00380753745432817 -0.358100532949354 -0.86785482425871
0.0257146111191537 -0.0251830088680889 -0.860296788866876 -0.0292856685777326
-0.0154421158996818 -0.0342027574804369 -0.231406684973916 0.601587864913455
-0.0286631448905582 0.00737030587604903 0.302089490775686 0.323835834096402
0.00616588749851022 0.0257583764007096 0.199074957751252 -0.0559923927906744
0.0206946994365222 0.0128932269118637 -0.0955087580561797 -0.192933154845868
-0.00595750443524492 0.0172657844205321 0.104490657485562 0.163460785950544
-0.0124740142156767 0.0175611581668411 -0.138631085221029 0.0821616317082822
-0.0132530786609811 -0.0102713384044431 -0.284255028941154 -0.293988334417642
0.0167148457737089 -0.0402579209492753 0.16463853694956 -0.548572861005312
0.0602245100921966 0.00924226676787144 0.763478773437118 -0.106189421389266
-0.00523934941054975 0.0333212906748911 0.457666235197563 0.772695938667291
-0.0160135641320628 -0.00794447236750268 -0.263712860706049 0.636603532639086
-0.0106544610385186 -0.0123217112635302 0.0221534033242362 0.10155833561357
0.00343138084041456 0.00936482513192581 0.334174139128745 -0.573139553443416
0.0202989708096043 0.00373722859337056 -0.372114956423187 -0.859688020145966
0.0261342238261342 -0.0235884598382303 -0.855890792620183 -0.0130597304041246
-0.0154723856676 -0.0320353404157096 -0.219370503088768 0.60842220677548
-0.0291639203539075 0.00822521136243041 0.307349169380519 0.321658366779411
0.00515036973344854 0.0267408893521109 0.197906805734972 -0.0578207622020049
0.0199261787601603 0.0144168822058544 -0.0959675587200921 -0.191535080247233
0.00390408261480926 0.00258924900521293 0.100454351383359 0.159702586636761
-0.00139489462758031 0.00595830073865831 -0.14267866361604 0.0771036355067645
-0.00887720125838861 -0.0172615104764486 -0.282102990784121 -0.293282807905521
0.00451131337429913 -0.0455037053791627 0.172390211877619 -0.534367975109457
0.0437794887427671 0.00539810434188119 0.764457287992164 -0.0745757525892757
-0.0140298046766217 0.0367104623678169 0.444850519170445 0.784748618642382
-0.0299937730420941 0.0140549335935463 -0.258820704571326 0.622144974518702
-0.032472645816262 0.0103000472038623 0.0401126156295968 0.0924980003709875
-0.0098026119271566 0.0288658915335007 0.332171082854436 -0.573196907343643
0.0137339400741031 0.00486566947623561 -0.38701569772471 -0.831001034214313
0.0105174027627243 -0.0298359012412366 -0.840642934894664 0.0244003692969735
-0.0270239393190348 -0.0384333352472866 -0.201038408789149 0.612719694936963
-0.0228237288351581 0.000201034467743203 0.301381548783501 0.309968841681684
0.0184817384441723 0.0137257011335869 0.184119598319563 -0.0628449636808057
0.0315532215582075 -0.00254403091239541 -0.103436965216982 -0.187736579590632
0.0023042594934979 0.00410760225887142 0.10236778628034 0.158369347053578
-0.00101040448483512 0.00692362217337259 -0.140359654029604 0.0780826103585311
-0.00944244029848447 -0.0172658664009594 -0.286095432165512 -0.29187814884765
0.00458542519061887 -0.0464853093145962 0.159140452484583 -0.540119515122156
0.0450180382805324 0.0041976714441484 0.758393330830976 -0.0948405367969526
-0.0137325119536436 0.0360142109354626 0.458215449718504 0.770620277156315
-0.0307841377442227 0.0143575989732949 -0.251188502954087 0.627582601881148
-0.033310195113333 0.00978664207814352 0.0334281900711325 0.0970722007541193
-0.0111155645150334 0.0272661631039985 0.334918770122989 -0.568030259097317
0.0128937147377014 0.00516177297225374 -0.372063369630699 -0.842462445430548
0.012700999950492 -0.0307679838739312 -0.845541789492951 0.00268981022061966
-0.0241846886476647 -0.0413952734990059 -0.218900021586389 0.605001472786383
-0.0230775789782872 0.000145897491770544 0.297850372873204 0.311177266095789
0.0182342626417882 0.0148721307702567 0.186656015731366 -0.0603145476852581
0.0312907780414403 -0.00122846547380674 -0.102001081475321 -0.189472472640605
0.00117601478623018 0.00630533599208984 0.103769087489909 0.157358379331693
-0.00266143185728873 0.00898885177607951 -0.13801208900339 0.0795483757978657
-0.00908916946432198 -0.0163933432900488 -0.290227038293643 -0.290757729576754
0.00680199721209027 -0.0465342629503555 0.147787589692469 -0.545439579831786
0.0461277995796392 0.00195938573694762 0.751096482363899 -0.113236571922757
-0.0128786932458979 0.0362007723173631 0.470188393028072 0.759330888395526
-0.030825800072055 0.0124790025972085 -0.245962912624444 0.631654999280428
-0.0331794925494323 0.00692602883446552 0.0273465867395263 0.10218952608905
-0.0117934304890644 0.0249930234160939 0.340176401555257 -0.559244407645669
0.0130689151208329 0.0045431708218297 -0.355509686633465 -0.855841386059631
0.0157963704436506 -0.0319101343259844 -0.848722063049805 -0.0200756788840936
-0.0210506126864274 -0.041618703674435 -0.230398123082648 0.596805636028536
-0.0231337762876785 0.000135461604815916 0.293877294275952 0.315337504431385
0.0159592619600717 0.0165229880012369 0.189693894934111 -0.0588151672383632
0.0286951780602404 0.00157233723556108 -0.0998946360674717 -0.190193335296781
-0.000971918200172823 0.00848331776540427 0.104259663154209 0.157153513217684
-0.00502071638710685 0.0113644079020186 -0.13548006176666 0.0806804670710303
-0.00979164264442143 -0.0154388272565748 -0.292310625838206 -0.288072334556838
0.00875125373360834 -0.0468824307893738 0.139331627009763 -0.549682740443287
0.0486206662874483 0.000656666770524068 0.746576023082282 -0.12478424454658
-0.0110271918855146 0.0351532353922482 0.473470408491659 0.750001228615758
-0.0286522323456624 0.00885012072940813 -0.245269373317711 0.633953143473992
-0.030636001248266 0.00233307797131529 0.0211895235189358 0.105482018473459
-0.0105165857076009 0.0215380120256772 0.342640922419208 -0.556443456212786
0.0133263227614546 0.00383844278288355 -0.347768111623566 -0.861980840967225
0.0189590035527537 -0.0307754414431157 -0.851100627873444 -0.036247977371689
-0.0178360504514175 -0.0411613394155674 -0.239984224943404 0.591917838245485
-0.0228929197030387 0.00228404506964403 0.293368150771433 0.315518976059486
0.0142976244159076 0.0192907058940043 0.192829326641932 -0.0568727932194607
0.0250789573144595 0.00420551673669895 -0.0976112151073989 -0.191363927827442
-0.00295345691555677 0.0119356830786879 0.104949706614226 0.157131262578309
-0.00675001239039657 0.0127242475678317 -0.135331192441913 0.0813433980201276
-0.0105644676830466 -0.0134136956849054 -0.291670949327318 -0.287023716934818
0.0108087209124915 -0.0456161718792963 0.138004282029998 -0.551346328178864
0.0531894908252766 0.00170120916234394 0.743572770709547 -0.129492147075085
-0.00960703219222557 0.0338466409357502 0.474415585767992 0.745424112138053
-0.0257998252076479 0.00375335198872788 -0.244364105035051 0.635708891299962
-0.0258294558612765 -0.00206032800383236 0.0180254056293421 0.107157278273979
-0.00832453818417937 0.0174120405102643 0.342396400036775 -0.554556619786504
0.0146646189615354 0.00307461575145219 -0.340513096393612 -0.864042274466739
0.0212383200125578 -0.0291136661787112 -0.85187919145674 -0.0419898877623241
-0.0168756961697243 -0.0391625562371875 -0.240974561498993 0.588475118312261
-0.0254779682202436 0.00311263813750558 0.29505154316548 0.317966252608249
0.0107903476060916 0.0213235841850091 0.195310452613384 -0.0556430180774285
0.0231085506150472 0.00702303873289779 -0.094967061881113 -0.191375319040651
-0.00419595853922267 0.0141951557935304 0.104803068976358 0.157849478221679
-0.00912048535464303 0.0158321038063681 -0.134809826754386 0.081432246397452
-0.0113532618098736 -0.0126875768835946 -0.289942985039342 -0.288137660525009
0.0146109752763903 -0.0447072380618534 0.141945880348447 -0.549180158713516
0.055394340509103 0.00333505540015261 0.743920177134659 -0.127932787711582
-0.00803199677693244 0.0328281465138484 0.468715173130627 0.74398783684138
-0.0221586171861073 -0.000942601297533288 -0.248952449376563 0.632821964555755
-0.0206028157443995 -0.00682844166644961 0.0162540801882622 0.106793672009874
-0.00498224163638727 0.0139456994418099 0.340963379407157 -0.55398915383706
0.0162347440750377 0.00289577684852883 -0.347200268862996 -0.863711994384415
0.0235924897067856 -0.0273552842238767 -0.850753625328131 -0.0419770026570582
-0.01481174144816 -0.0361163170120443 -0.237714541388934 0.588632034368289
-0.02653386119986 0.0054082615843802 0.296434213059183 0.318783840925773
0.00807985482906559 0.022836998736362 0.195702158493219 -0.0543466880385272
0.0206589553182506 0.0100749970626027 -0.0946155568248714 -0.190660104687154
-0.00541934676079824 0.0163427543329621 0.104203092541208 0.158457731540522
-0.0113226694032826 0.0171181831427157 -0.135496097175372 0.0817366271520183
-0.0117903399274351 -0.0111416752871494 -0.28608950852844 -0.289225409847581
0.0152505572788763 -0.0425374744392059 0.151167553976706 -0.547576349484143
0.058130867335488 0.0051304379258268 0.747726714485497 -0.119420688811723
-0.0062283281693464 0.0328268999515596 0.462784656273082 0.751639643619942
-0.0190636974205303 -0.00452780653037245 -0.252878263146835 0.631517842589931
-0.0151246704992404 -0.00989704193452581 0.017803233805074 0.104678744430058
-0.00102736597050066 0.0107250344626842 0.336141799423275 -0.55719071260093
0.018331542929076 0.00387755818096077 -0.35254167217135 -0.85918641277581
0.0257360514323828 -0.0244486269761438 -0.848220894771787 -0.0332620169467044
-0.015338120733636 -0.033861519955467 -0.229385841159115 0.594554685911855
-0.0284353932804622 0.00740755317453649 0.299694790316722 0.319294115274274
0.00576701666342842 0.0248039713107725 0.196870287723902 -0.054839866942859
0.019201845013225 0.0126351354261275 -0.094078588202928 -0.189728689403038
-0.00618457809965306 0.0179751038434221 0.103804163795976 0.160105122729284
-0.0121920129721165 0.017792763402104 -0.137101607756554 0.0810624663043555
-0.0133846890009764 -0.0104450910421638 -0.281784964559814 -0.291090668706889
0.0168486536681105 -0.0396115717034515 0.1624206116549 -0.541911484686938
0.0599436527047947 0.00939991339153943 0.754554135908013 -0.102452383551676
-0.00503784395981228 0.0333508060916563 0.452202729785259 0.762873851376788
-0.0156966958190397 -0.00743819619090527 -0.260970847186725 0.627714604374608
-0.0100971200028346 -0.0131012382505494 0.019999211136571 0.100604846291236
0.00260733793707054 0.00856372136091097 0.331199800402748 -0.562730242001826
0.0204190936417952 0.0038672002226962 -0.365284882604463 -0.849532636890551
0.025233832898567 -0.022866927649654 -0.845542200210209 -0.0126010375181096
-0.0154257893387274 -0.0320285589657435 -0.218308047636962 0.599559336948604
-0.0293872818119633 0.00822824593300135 0.304262017261599 0.317528240432804
0.00579169474000767 0.0252991517454198 0.195001371248918 -0.0555717466304918
0.0191904036998192 0.0140310362287714 -0.0937640155587584 -0.188415875480058
0.00364594357372178 0.00333804759306711 0.098689204507994 0.156942075373062
-0.000384245593652368 0.00678199556087711 -0.14103240175761 0.0750840917812425
-0.00832582609486223 -0.016927034376759 -0.278516683228454 -0.291335627826569
0.00441818052688396 -0.0443982242295849 0.171476779627543 -0.527720244507093
0.043602314764638 0.00487093722503889 0.758669084713436 -0.070166585706391
-0.0143389134657317 0.0372341647361643 0.4393768692996 0.778572152264013
-0.0299403510481089 0.0132905983613283 -0.257891825222006 0.615940772967212
-0.0313846016383649 0.0105205983004467 0.0391253206700773 0.0910475452621833
-0.00946425817552111 0.0279496065599094 0.330328614304315 -0.564684954820912
0.0133856902528228 0.00516802761132289 -0.377307557484334 -0.824948001653789
0.0106639831631975 -0.0293722617923925 -0.834153827812387 0.0214993665835504
-0.0262517934708832 -0.0386355165143738 -0.20294876888917 0.606811345930545
-0.0234959414019636 0.000213344132143231 0.29836908575699 0.307238654603728
0.0184026208182712 0.0131901281151545 0.181520433870891 -0.0623214757177272
0.0315966030141894 -0.00203953778296488 -0.10155281483609 -0.185744392174824
0.00228218978237014 0.00467854745368814 0.101062084200294 0.156077416014264
-0.00177132921746534 0.00688546191755169 -0.138677544137072 0.0766551397785195
-0.00891010448517305 -0.0162577373319014 -0.282837662996422 -0.289269242818138
0.00475310584342733 -0.0451066299478571 0.159592536359168 -0.533803147944808
0.0442597784195984 0.00239854043333105 0.750285753717056 -0.0902901920401391
-0.0135314639487244 0.0364540082585955 0.45136766891299 0.764086240495654
-0.0301851263798177 0.0137233881818045 -0.251339793842735 0.619249461729725
-0.0334134057584098 0.00899901053556175 0.0324352974045959 0.097071105588839
-0.0118271704810967 0.0275696972071066 0.334696201062194 -0.559210697668792
0.0121607085330046 0.00486355108667108 -0.363289067894591 -0.836365890918871
0.0120694892746145 -0.0307677390892968 -0.834664117232913 -0.00101254182056255
-0.0238617380056935 -0.0404449153027117 -0.218077139929564 0.597058124588705
-0.022313586298398 -0.000124609351927481 0.293909613576428 0.309217437098308
0.0178410504551432 0.0142593403598182 0.184816242823445 -0.059283445975784
0.0299705755717337 -0.00171053299967478 -0.100308045254582 -0.188357079791175
0.000610657667936214 0.00705046274310864 0.101713519684523 0.155368950362213
-0.0029924970780747 0.00882811847697439 -0.136534782477487 0.0784087465857903
-0.00930752973105844 -0.0160630015813909 -0.287056618068205 -0.287903599312061
0.00600454723901438 -0.0457752872206526 0.147772107468993 -0.539621797219221
0.0461657952779789 0.000879321279438308 0.74425782117548 -0.107567689672833
-0.0128297065382513 0.0359832884615019 0.46406379654795 0.753736749902385
-0.0314208973685035 0.011511744206119 -0.244851657740614 0.623858113808891
-0.0323800660309887 0.00618668762875172 0.0253124181150748 0.100679540182482
-0.0114128840206442 0.0243762979589839 0.339481534134882 -0.550257718175159
0.0127690806894179 0.00408102940028211 -0.348485490880637 -0.846975557341121
0.0156247905621291 -0.0303582602858766 -0.841438135344666 -0.0237060245011767
-0.0211901752950699 -0.0415829279203642 -0.230971915061064 0.590786435468292
-0.0231563097341341 0.000527821751691147 0.290975831400765 0.31122565547158
0.0159992923243262 0.0156182649973658 0.187531644876328 -0.0572497245548457
0.0280537526406187 0.000221777799803883 -0.0975809970901232 -0.189173378028085
-0.0015322993759508 0.00909696414226543 0.102694631345724 0.155198517917963
-0.00462048568155052 0.0109175862202205 -0.13539788545838 0.0794510011827801
-0.00933763098997114 -0.0148877415075362 -0.289221096298091 -0.285102374777678
0.00789721110285246 -0.0461765758192314 0.139923406078892 -0.542316253284635
0.0490470956977327 6.01599588256965E-05 0.737687890812611 -0.12116333438391
-0.011353964925459 0.0348716720820552 0.468994293273857 0.744556339145473
-0.0286609904836485 0.00842736665951748 -0.244495988287584 0.625543952296687
-0.0296994968837294 0.002016939479683 0.0202679906139854 0.104593951075226
-0.0107797347390583 0.0211353378762636 0.341865710471333 -0.547399829952115
0.0136350531542171 0.0038731303414833 -0.339031449922307 -0.854747516521991
0.0185521126723862 -0.0304617617335032 -0.843980430422871 -0.0390084538088567
-0.0179176892702296 -0.0418500847498656 -0.239625037358204 0.58488864992888
-0.0238083821996591 0.00195968400806948 0.289703509333631 0.311650683049342
0.0136077954051133 0.0183303794826051 0.191488312392576 -0.0555262741828298
0.02544405406851 0.00385191536173588 -0.0961461815306278 -0.18889895990754
-0.00327689915297998 0.0121931910042378 0.103164173440571 0.154708183280615
-0.00654034769402708 0.0136869467782008 -0.134162730719005 0.0796271989882901
-0.010107598614321 -0.013006643842742 -0.288324615294773 -0.28585293598235
0.0110730142633437 -0.0453137576885639 0.136701363912827 -0.544360552307029
0.0516019454083941 0.000502277443252069 0.735521795182723 -0.12660939620376
-0.00967864026884197 0.0337341565995734 0.469324647134545 0.738975913559562
-0.0253349572010025 0.00296676230895593 -0.24369463758885 0.627309862649464
-0.026562842401931 -0.00264064355296896 0.0171610841741571 0.10568440318376
-0.0086038036553288 0.0171862345580619 0.341431089243769 -0.546958313550827
0.0145254258924073 0.00347681838161293 -0.335004582116416 -0.857210867358415
0.0216535111089496 -0.0280228058444453 -0.842939843413463 -0.0452449171358755
-0.015560603771151 -0.0383892959649883 -0.239766813472751 0.58146559684952
-0.0250850184109207 0.0037863357998325 0.29101006168198 0.316823714204197
0.0106320905454167 0.0205551085283571 0.194309960141419 -0.0534419237539788
0.0225160657045535 0.00724962218719102 -0.0924947395978483 -0.189880728740079
-0.00472218511940934 0.0141548950504729 0.102538037039445 0.156389207549423
-0.00845692100678813 0.0148305571917165 -0.133825415336177 0.0809897809348432
-0.0107213732384757 -0.0116215384412748 -0.286766611022595 -0.285309802498306
0.01337672244899 -0.0437370313736949 0.142122188004865 -0.544439297495474
0.0548800576151192 0.00241603072850965 0.735933282736763 -0.12492129390408
-0.00807952973173413 0.0339349683649889 0.464375085877874 0.739003317670171
-0.0222009726908025 -0.000229401212921377 -0.247652231822596 0.625743123375498
-0.0201383368935886 -0.00671146917924181 0.0147784494692739 0.105443714117523
-0.00481557964359363 0.0129924473139446 0.338919248515569 -0.546257173448601
0.0162866536645758 0.00361372181101921 -0.338054383619071 -0.858594286470394
0.0235683572286813 -0.0266888398671183 -0.840899207488279 -0.0442007890349955
-0.0146164252900428 -0.0363875725685928 -0.237390853269088 0.582617230536714
-0.0269198533009036 0.00479727593860054 0.292042807735914 0.31665699710376
0.00788885245113494 0.0227266851325773 0.194296280110779 -0.0536321870311195
0.0205488227885937 0.00988320864189675 -0.0921114072674005 -0.189241910617821
-0.00632615685176064 0.0169758840408267 0.102502083221417 0.157170363177418
-0.0105205826189411 0.0166982816592486 -0.133659175144139 0.0796219942007831
-0.0116251790868741 -0.0103882455559045 -0.283067111806496 -0.285562492529662
0.014548032635924 -0.0416205897233711 0.14995080352516 -0.542370689136859
0.0574879463734184 0.00515396220456093 0.740633945431597 -0.115493484729054
-0.00652586480363474 0.0320897644384599 0.455727913262555 0.745181647339608
-0.0188032569907028 -0.00472686609514418 -0.255581030887403 0.622882672242858
-0.0150693275142706 -0.0103418414128858 0.0167245928841384 0.102264415035365
-0.000560235607183431 0.00965256931407535 0.336294025460339 -0.54940767526302
0.0175914250401729 0.00422903824319962 -0.34415810131799 -0.849527361882502
0.0246187732825358 -0.0242455825980732 -0.840973418715621 -0.0345815494628992
-0.0149115156051362 -0.0330374428061033 -0.228013106176257 0.586755927182841
-0.0282232699706291 0.00699979662896894 0.295855942353623 0.317567012227095
0.00628020073370097 0.0244069807153403 0.196102110887776 -0.0539745339754118
0.0196449710540335 0.0123491105624703 -0.0916334235845537 -0.18792194071624
-0.00601943128074585 0.0172398776667365 0.100583199450109 0.157757551306477
-0.0119022870155439 0.0176224312470621 -0.135697041416308 0.0792701635091888
-0.0134953077567906 -0.00933415691207642 -0.278210292575939 -0.288792328474497
0.0156400090315026 -0.0394858258603479 0.162730156550965 -0.536144594951658
0.0594167610721472 0.00760894864246357 0.747242922753725 -0.0998020522151321
-0.00579314982510775 0.0332206672799133 0.446459313572248 0.756860886516292
-0.0150077953218501 -0.00702075791612975 -0.263413546989199 0.619378731051126
-0.00988112832619287 -0.0127288238351358 0.0199480092553362 0.0988148726510108
0.00256936809637971 0.00821721220986146 0.330468610473591 -0.555102168694712
0.0196170317805394 0.00430921276717528 -0.358228306354519 -0.842327651363037
0.0250372098925556 -0.0227742073457012 -0.836847163676968 -0.0157815982320744
-0.0154023518545578 -0.0316312138977111 -0.218403645629544 0.59434064936719
-0.0289800312724938 0.00847559809866817 0.300188487967925 0.315879768797094
0.0047396315071454 0.0244602979642597 0.194251945360054 -0.0554061868477911
0.0187178537047642 0.0129775672120104 -0.0918350779251735 -0.186528296156978
0.0035903054614414 0.00365976662070514 0.0962761784252419 0.156680331138725
-0.000216589528272105 0.00608148305181724 -0.140636422404119 0.073374554660892
-0.00823434260454427 -0.0160856353214896 -0.275712716076987 -0.289645790660925
0.00339385151155127 -0.0436500730842129 0.171714629559521 -0.522374888479677
0.0430601162220734 0.00451637009692979 0.750583785069044 -0.0652539100813947
-0.013807436864258 0.0365299161419359 0.433205123261747 0.773976964788704
-0.0300667750220982 0.0132726804801463 -0.259248917351589 0.60773466873458
-0.0313716538734543 0.00941596383660335 0.0368407839461694 0.0911133069169035
-0.0102374006656708 0.0265942733171448 0.330344264602154 -0.557126012333806
0.0125902878833519 0.00612600224683019 -0.370572709117013 -0.820173311010709
0.0104492404283808 -0.0290734061926444 -0.824926233267778 0.0148461182493525
-0.0261228701601019 -0.0387612000188505 -0.203885471680181 0.600666044322439
-0.0226177681167519 0.00035671120070777 0.29398089653099 0.305825752042195
0.01822086127783 0.0128723162981247 0.182261888086326 -0.0609692692893451
0.0307680411013602 -0.00260802680482977 -0.0991131215668841 -0.184779184071586
0.00203603335408764 0.00486628299038541 0.0983000243126495 0.154195541131608
-0.00102293001540644 0.0073261177065847 -0.137889187409605 0.0745600818935483
-0.00855176466455848 -0.0164127255690854 -0.279886347724533 -0.287524384221486
0.0042625737623587 -0.0447861263529012 0.158208343446923 -0.529636708232563
0.0437035658535422 0.00216512320624702 0.743839774210816 -0.0861045621907946
-0.0136983629191006 0.036607034359416 0.443317710732736 0.760660446820038
-0.0309273660694909 0.0136689799371381 -0.252943568084965 0.612769873648588
-0.0326450453333675 0.00870600008641573 0.0311900274196746 0.0950535687493547
-0.0122980677198103 0.0265331763337234 0.335470702288487 -0.551158702195615
0.0119719759043968 0.0054885963402332 -0.3546384767626 -0.831855785343341
0.0129983393779121 -0.0301882946074561 -0.828737971028179 -0.00733146673885751
-0.0235282833798123 -0.0406953384617092 -0.220085795900582 0.591997172677763
-0.0225564362589451 -0.000338698666728014 0.29038745819209 0.306854984957149
0.0171343653087902 0.0132043822776339 0.183378947787395 -0.0577676098779057
0.0299375404089224 -0.00198495482433882 -0.0977784837388671 -0.185691894615347
-0.000143387176280587 0.00606297757306626 0.100052020661782 0.153923406477908
-0.00215621429093299 0.00954636474091759 -0.135463808298229 0.076614539878022
-0.00852159844229787 -0.0159563994812373 -0.283215032363738 -0.286009094844731
0.00591192316556139 -0.0450338029228512 0.147035477324083 -0.532600946278546
0.045814989439689 0.000605506651617439 0.737112685056315 -0.103344872177406
-0.0128468507799391 0.0356770486477787 0.455998058715366 0.750396514311045
-0.0302806754849549 0.0107836108769243 -0.247229357957455 0.616113984691669
-0.0322715163043358 0.00598243622935179 0.0246379130417809 0.0999775511740318
-0.0127864827039598 0.0238705122556354 0.340448488365796 -0.544234038062417
0.0121002762580769 0.0049061986924917 -0.339148377185749 -0.841360621233774
0.0154470032913464 -0.0306171405847651 -0.834040897807121 -0.0292605202594319
-0.0200117015117457 -0.0412287408036233 -0.231378436352831 0.583759549711972
-0.0227458556733725 0.000333381267922828 0.287450229378546 0.309084024942818
0.0152216409233668 0.0146578245744043 0.186846790117803 -0.0561510182482505
0.0274687753607766 0.000758144322786854 -0.0957806914709571 -0.187360290322472
-0.00153942382118138 0.00989262145024486 0.100656250842117 0.153255072886569
-0.00414827656425673 0.0113027846310729 -0.133972186776529 0.0773091101335381
-0.00923560426533562 -0.0140812206485612 -0.286157220351008 -0.285254351750102
0.00705600232328011 -0.0453303854016008 0.139777793951967 -0.537733534521089
0.0482641270360761 -4.01630300220779E-05 0.730597384653691 -0.115935521014156
-0.0113468077286771 0.034373608432338 0.459839523030782 0.739649554821978
-0.0292428708163847 0.00784391207926325 -0.2452512560843 0.618231293721912
-0.02887291252505 0.00192678686753498 0.0187766809527606 0.103145155769727
-0.0122431069374925 0.0196225803139592 0.342376609561606 -0.54033118301954
0.013070246055175 0.00387276896708468 -0.330883303559474 -0.848186286878473
0.018366292967207 -0.0304150573374251 -0.834677913922063 -0.0441405425468315
-0.0175862865608112 -0.0405193745856951 -0.239311575461201 0.579565079866154
-0.0234639852481391 0.00196677034751717 0.286620096214429 0.311244619603385
0.0128767321845268 0.0177090891144182 0.19078738642013 -0.0537263627844278
0.0245622538398003 0.00332099979225794 -0.0929956718675483 -0.187696483625037
-0.00332155915253638 0.0125188140910873 0.100640606617402 0.154162184471498
-0.00607539430261367 0.0128987833399845 -0.133839096997104 0.0786517321794572
-0.00997893309611218 -0.0127675774971228 -0.285294874292114 -0.283623270912223
0.0106937746053725 -0.0446240307765497 0.138213572079783 -0.540445648240921
0.0515796083061249 0.000540586171801229 0.730980237093836 -0.120670333042286
-0.00988888783508114 0.0338900451214218 0.462072791451328 0.734810208849802
-0.0259915924225388 0.00372750290389844 -0.243972226167746 0.62030468862273
-0.0255466478802455 -0.00179937416624879 0.0154940458774327 0.103951291065324
-0.00833470273673724 0.0167807424105297 0.342364345481453 -0.539028533170333
0.0145215747618095 0.00398155732121193 -0.326405763932372 -0.850527921089475
0.0216004285261219 -0.0278717977816587 -0.833704982118216 -0.0500030382487653
-0.0153320631445295 -0.0381249221897456 -0.242368542757819 0.577228396577248
-0.0242904797895736 0.00362982425584826 0.286238790995025 0.312544607138841
0.0104994057281706 0.0194699789958758 0.192508523627726 -0.0520119117528462
0.0217322678078898 0.00577993371224109 -0.0911583602126929 -0.1882785287257
-0.00488021040036445 0.0149257157355744 0.100498783241396 0.154043611818809
-0.00824165556228053 0.0152163579013993 -0.133109652367042 0.0777151983085126
-0.0106050464879073 -0.0117974668872247 -0.283800158315227 -0.28454205664094
0.0128205451338713 -0.0431599151848099 0.141889176462459 -0.538515576233163
0.0543977379819595 0.00193860812418133 0.731844744935376 -0.119662438737311
-0.00818384401532801 0.0330948409601697 0.456357186211755 0.738033042529789
-0.0224446134424847 -0.00082471980284133 -0.25108408106865 0.618286487621854
-0.0200488744202648 -0.00694887403930329 0.0138287333581273 0.104858625726455
-0.00569379458645242 0.0125881726409339 0.339351074227972 -0.53755085459454
0.0156036023986885 0.00362561287876587 -0.330296716959523 -0.851432444535613
0.0229115578688248 -0.0259200175219531 -0.833778436427569 -0.0481819991442727
-0.0143799578675741 -0.0365684269897195 -0.24024818282906 0.576681160959673
-0.0265636030743276 0.00545803030036162 0.287945477024693 0.314015937942028
0.00767658352035787 0.0214691563958643 0.193897910515478 -0.0510936525832095
0.0197034299667467 0.0096092415262595 -0.0892241973215253 -0.187574433266853
-0.00554956950461362 0.0166731668310685 0.0995200908886527 0.155100352334929
-0.0100275486685182 0.0162562106028457 -0.134277672112146 0.0789799025616195
-0.0115584844026114 -0.00988780440378856 -0.279983338497689 -0.285683721174851
0.014344325256928 -0.0403485394575041 0.150407830794696 -0.536307201754303
0.0580072775936305 0.00489305120827295 0.734353726129862 -0.109419666669287
-0.00713937422306291 0.0328782978671151 0.450715637911597 0.743301419082627
-0.0190193004796044 -0.00488065658075794 -0.255763820197061 0.615972687355793
-0.0142040107999412 -0.0106540858812461 0.0148276687350035 0.102045012038818
-0.00140699936279692 0.0103321664756534 0.337888452467441 -0.542354602669128
0.0172849103988284 0.00422042444278709 -0.335643592546321 -0.846236361939912
0.0247392141511356 -0.0239696971660781 -0.83234276445614 -0.0380396590278799
-0.0143349167551815 -0.0340807412358581 -0.230741950551159 0.582038953137256
-0.0274444035915739 0.00762821521668617 0.292788188714795 0.314055176415735
0.00554878079337215 0.0236333281945252 0.194420442669893 -0.0526084281184707
0.0188615876726948 0.0114891808728673 -0.0893495014232999 -0.186440206129737
-0.00601530075028881 0.0177520838950523 0.0984258748600776 0.15640479354752
-0.0112125594037219 0.0182063586809634 -0.134117376576741 0.0780023236965669
-0.0123348919396931 -0.00859619639198788 -0.275891994707228 -0.286257158374247
0.0146667942925396 -0.0378285629972245 0.161318830434005 -0.530648378817713
0.0583870434239975 0.00824408579013851 0.74114941139918 -0.0949546896823655
-0.00534928917106476 0.0328397251874646 0.438406828617041 0.75361630333278
-0.0158529141950155 -0.0080218148868927 -0.263695679724763 0.611915217443539
-0.0095615885927548 -0.0128840277568227 0.0189882250275943 0.0979594146511825
0.00171766678503547 0.00743718930342952 0.331346032527836 -0.546511124366603
0.0199115685480171 0.00379224740308776 -0.349880440496833 -0.836948049089505
0.0252621810689989 -0.0227138582476049 -0.829737223284355 -0.0215736538552515
-0.015130389588736 -0.0313219859284912 -0.21997636915478 0.58689612307957
-0.0287675629706166 0.00843187419454709 0.297417693192528 0.313426477888083
0.00550272254904039 0.0243678887132643 0.192574874374211 -0.0538089727829843
0.0178663251777675 0.0122915005821213 -0.0893843680733843 -0.185105455892466
0.00319178294106311 0.00378091364650195 0.094630439753012 0.154188163283849
0.000273598803686864 0.0057812529073796 -0.139474281894378 0.0722942317469331
-0.0079857967049833 -0.0154977227908956 -0.273808286138216 -0.288918972462696
0.00353786040760204 -0.0424962716435206 0.173741957979893 -0.517695665045097
0.0429479059649231 0.00406596463949963 0.746000812612358 -0.0602304330816061
-0.013749361064319 0.0365152194401471 0.425204990420491 0.770587999234736
-0.029968109372937 0.0135437089628621 -0.261134753560476 0.601333362106383
-0.0310678592703793 0.00896311794252887 0.0362000957634317 0.0900198659115098
-0.0107985045801084 0.0266697419887557 0.333386284319521 -0.550159263853808
0.0126654132163064 0.00608836853485427 -0.36001460555792 -0.816993758320574
0.0105931906869829 -0.0284872120006203 -0.818764710980459 0.00950887603921419
-0.0257668375794172 -0.0389819470907575 -0.207719664872569 0.595420908689585
-0.0229543137384489 -8.58898826416456E-05 0.291830749849079 0.305153873561893
0.0180866538816458 0.0122115311505139 0.180225378641353 -0.0583983152013181
0.0302997497659588 -0.00347615969268752 -0.0971526579469225 -0.184161817168351
0.00244151670053885 0.00549887986179631 0.0962030182489341 0.152960565537281
-0.00076149087574962 0.00779627503424462 -0.137102303064148 0.0734325239059102
-0.00773920887026143 -0.0156342375291623 -0.276420774573093 -0.28728295751258
0.00388923834317104 -0.0443909280660253 0.160511118093044 -0.523874940320223
0.0434192995148493 0.00235830943826365 0.738381332741826 -0.0806541653375863
-0.0141759339233283 0.0354470629389582 0.436934726977134 0.758872731104344
-0.0310547398899447 0.012707046910916 -0.25630654794034 0.606575085744973
-0.0322773467023546 0.00824823948205908 0.029341422606882 0.0945554527633816
-0.0123268018507765 0.0256297205073824 0.336786378511376 -0.542982553173422
0.011848535122788 0.00451096210003963 -0.346076035173092 -0.826648388123841
0.0130356940103042 -0.0301343417170852 -0.821916385908037 -0.0124396863409596
-0.0231123421194577 -0.0406091312194185 -0.221710189001125 0.587642936186237
-0.0221265282095748 0.000421735574702108 0.287633539314925 0.306009938633568
0.0175692697728618 0.0136059312456215 0.183343994187707 -0.0571166359694961
0.0295608797902943 -0.00172916813873289 -0.0953001053065639 -0.185168564418543
0.000368140305138742 0.00724139184145388 0.0970153997289821 0.151685912367736
-0.00258758466043956 0.00882165772916372 -0.134986857318622 0.0754051151611441
-0.00837575662380629 -0.0152444364627982 -0.279109833790174 -0.284727453284818
0.00594120783417595 -0.0444143120510995 0.148240633201018 -0.529719070037498
0.0454301936430368 -0.000213343818843886 0.732168175038392 -0.0996219676832878
-0.0131916820097836 0.0362781954845555 0.448753251458398 0.749449652080415
-0.0305551313899547 0.011647047554882 -0.250078481184712 0.609565204258643
-0.0319578894099188 0.00562272672982831 0.0235006925707703 0.0991309472493043
-0.013044029020765 0.0236703517301648 0.342622772505363 -0.535595849561591
0.0119862811609619 0.0048778956529442 -0.330057002732713 -0.83827835648673
0.0161560065296997 -0.0304355834950254 -0.827924068341732 -0.034541660224875
-0.019919845303005 -0.0410048295305933 -0.233398465880096 0.578561929982069
-0.022850925015526 0.000747264572796966 0.28436252207861 0.308747684194788
0.0157385887277599 0.0147460820596982 0.186071012651067 -0.0545819313405611
0.0268322561748822 0.000794598121577162 -0.0922692647905578 -0.186238537221308
-0.00112948293911527 0.00992960408659519 0.098550139667816 0.152521907936287
-0.00386013466975543 0.0104152743818461 -0.133048310403947 0.0758742478362389
-0.00970606179140324 -0.0141501197604992 -0.283455753124169 -0.28314924978019
0.00708467418034518 -0.0445523686238931 0.141542897330223 -0.533844631431302
0.0481275598652077 -0.000677955481625834 0.726968569651503 -0.11078884599008
-0.0119143799829082 0.0350447266239212 0.45316492298743 0.740653270545285
-0.0282930888921385 0.0072176025360262 -0.248834395343365 0.610973982793519
-0.0294457539530838 0.0016967187061174 0.0178314743971608 0.102480986172291
-0.0113948845558546 0.0202581546827947 0.344038430213332 -0.533222278258023
0.0120738547204919 0.00487552618746497 -0.321142802645145 -0.844355583714444
0.0181812193336184 -0.0297894158738794 -0.829069924131496 -0.0495802817514337
-0.0171406000525924 -0.0401727064819591 -0.242780554573704 0.573018101701989
-0.0236683867174799 0.00191901865701296 0.282743696907391 0.310101036599994
0.0127217721573693 0.0173821223152494 0.189833825141996 -0.0518611340908214
0.0242362692411736 0.00337068561195514 -0.0910821392863212 -0.186735570964528
-0.00387939264927129 0.0123205787992995 0.0985815368241063 0.152046421578828
-0.00587993548952286 0.0129870668401026 -0.133463669256237 0.0768871930388262
-0.00943500126207758 -0.0122449048256188 -0.282313882859688 -0.283668569040567
0.00992401325550133 -0.0442361176673844 0.139399031420379 -0.536030314180585
0.050718647985934 -0.000129433288840079 0.724519308349935 -0.114996137440135
-0.0102316788415869 0.0337908516749683 0.455515565170457 0.73557724041453
-0.0265789569895464 0.00377893812969066 -0.248399796197454 0.61330679298254
-0.0254886733133737 -0.00248568118180416 0.0140801240865049 0.103355132945832
-0.00924884106795841 0.0161112636584775 0.344711315708053 -0.529579197594566
0.013710855172631 0.00471446779494178 -0.318511910139994 -0.848572214121659
0.0210098726061009 -0.0277004087779347 -0.828643437870741 -0.0562506252604853
-0.0152102060302601 -0.0387193858043016 -0.24442373815248 0.570404808987391
-0.0250238325687843 0.00273806437555396 0.282766509300432 0.312763520448453
0.0108655441527743 0.0188948180851725 0.19190848729372 -0.0509972292573077
0.0216609318588159 0.00604938362777874 -0.0884098288544643 -0.186808540174431
-0.00520706741986519 0.0153707028679625 0.0981563025033542 0.152834976914457
-0.00726750882303078 0.0148887580877986 -0.132405143880813 0.0761812012479857
-0.0101442312341491 -0.0111662983704544 -0.280137359550234 -0.283568818147852
0.0125138493514343 -0.0423598932625858 0.144741054973911 -0.533120522895977
0.0538889882166914 0.00185215359074186 0.726403363669727 -0.114159552963453
-0.00880099242329285 0.0331051693781851 0.448839110228424 0.736022513370105
-0.0227296320239146 -0.000593747104198394 -0.252930657061865 0.612027878217276
-0.0198185471240613 -0.00664333510221406 0.0122457152176652 0.102698797971922
-0.00583429762632935 0.0132769246032384 0.342787535471817 -0.531000666534174
0.015461953068533 0.00430666173885083 -0.32034602697808 -0.846086021043489
0.0231008540435693 -0.0254595065966098 -0.829226092272435 -0.0545607288349555
-0.0143593540915142 -0.0367040856773678 -0.240797179435731 0.571248281270153
-0.0273664251587662 0.00484530607685324 0.285649912532345 0.314552267340203
0.0074000931195754 0.0212844053576926 0.193747442603311 -0.04949734971289
0.0198464910931766 0.00830012852601395 -0.087784344617268 -0.186637905509139
-0.00596018823580593 0.016386612168545 0.0974295465799043 0.153513221881601
-0.00944926798374926 0.0166961689541047 -0.132777307128272 0.0769311544408744
-0.0108933954844018 -0.00897705400833091 -0.276912908286585 -0.284488047784187
0.0138524915944138 -0.039667785484366 0.150917073086846 -0.531859594060027
0.0566306098218412 0.00493283873079825 0.730907260693087 -0.104152361175352
-0.0071875448448453 0.0327040816487879 0.443862057574331 0.74086300214407
-0.0188052483546999 -0.00472404010009867 -0.258666211377534 0.611027018343343
-0.0143855521778669 -0.0101710733667371 0.0146724359346601 0.100636059044707
-0.00229425450968002 0.00980274512745237 0.338557485757841 -0.533881472832831
0.0171536237717717 0.00448788872780629 -0.327778938090422 -0.840497835960245
0.0254018455311078 -0.0234854681011542 -0.826954502368452 -0.0439557071730989
-0.0145221121053495 -0.0334412821335896 -0.232494208509817 0.57632944316884
-0.0279247342818572 0.00681333210759571 0.287819947667069 0.313923082883207
0.0058940386249835 0.0234155695320622 0.192320052694194 -0.0511526137637662
0.0176676097872003 0.0104917549991487 -0.0867745106923205 -0.184376792544195
-0.00688200630421136 0.0185208582220736 0.0967398418141109 0.154882667592175
-0.0102925137691507 0.017793749912759 -0.134445295058839 0.0758244318552943
-0.011826113020495 -0.00822501328874201 -0.272034366457205 -0.285746586011238
0.0141564534414567 -0.0370161295582221 0.16435760636547 -0.527262205068806
0.0579715721601823 0.00810112943029503 0.736365892741708 -0.0898136508602396
-0.00608301656600542 0.033750809782251 0.431912789189163 0.751363206601733
-0.0157524888926911 -0.00762359261033922 -0.265250269299346 0.606363780665063
-0.00910562597554474 -0.0122857845910981 0.0177830867942152 0.0961933670230913
0.00118554816490672 0.00778078272564621 0.332408220172723 -0.540457312329803
0.0192122788472959 0.00384242136103942 -0.339871875445591 -0.832261434813678
0.0252406065897726 -0.0217421327461916 -0.822600698634018 -0.0271602045246925
-0.0154625610943162 -0.0306798341034881 -0.221415951313684 0.58327330206337
-0.0288293141327321 0.00811758686066549 0.292539609797705 0.312681789122596
0.00509138789646207 0.0239526690210814 0.191638545778473 -0.0518576689584632
0.0174750078421695 0.0121042317610165 -0.0866101943901059 -0.184113472113227
0.00256415985252326 0.00525912002216975 0.0915836392414237 0.153709289377408
0.000857185006176118 0.00580520573370218 -0.140149388582675 0.0703876441076135
-0.0071428919754311 -0.0143362364160012 -0.271013853115454 -0.28840041769287
0.00328273496302348 -0.0427713886424888 0.174771111963556 -0.51455026779998
0.0426617788211031 0.00489104703250065 0.743615407676888 -0.0546317920086314
-0.0151450867277235 0.036285471922065 0.420256123822989 0.771004833751955
-0.0296546901394921 0.0126866019703855 -0.266715427669245 0.596263193479508
-0.0306536572963759 0.0084292080299027 0.0344777192356639 0.0900478124368819
-0.0110595894182188 0.0261569789222899 0.336414645474791 -0.542377791848622
0.0121848201388248 0.00663601503068085 -0.352107877625149 -0.815230690873911
0.0110804935965734 -0.0282364788939672 -0.815170050243512 0.00272595191235981
-0.0257020533730097 -0.0388348240984249 -0.21046896636624 0.592213483497179
-0.0228107141598162 -0.000313618867336966 0.286928099506455 0.305902609767669
0.0179525933418677 0.0116944325590433 0.179759052128265 -0.0568523834391044
0.0301143165589506 -0.00295027658797098 -0.0935723177355703 -0.183485217205627
0.00223042126628159 0.00515572745976702 0.0938937414480588 0.15324689611629
8.24845758252979E-06 0.00771541584522561 -0.137118475204186 0.0717890338512605
-0.00791553942705286 -0.0145892484246943 -0.274069858034077 -0.286668166218066
0.00440105317192492 -0.0438205898046087 0.161215812987732 -0.522591007081645
0.0434495206005434 0.00200000503255429 0.736599972197378 -0.0742926269123292
-0.0146320289510081 0.0365368941226308 0.431478226455692 0.75915472868766
-0.0307552524033438 0.0129351420460208 -0.259524592621183 0.60195513077422
-0.0325464909659772 0.00788523164927346 0.0285265503754749 0.0944634701551075
-0.0134479248458411 0.0254236216474165 0.340906297769722 -0.537867184876826
0.0118304805962635 0.00582476443139592 -0.337587788380203 -0.826402165776947
0.0127950011324925 -0.0298033366576051 -0.81911722645822 -0.0174949025631905
-0.0226244422205829 -0.040397848046613 -0.223760560404765 0.583105776765886
-0.0218130144842702 -0.000639824398200654 0.283364061206882 0.307620074462719
0.017401481253154 0.0123505675965994 0.182437183954839 -0.0544613198065836
0.0281599107679619 -0.00187407027489117 -0.092387070452234 -0.184977200937224
7.62722208353973E-05 0.00759009072689086 0.095139540143106 0.151716609105011
-0.00154561282299843 0.00937098982435778 -0.134370820606838 0.0731744638190741
-0.00747608843678307 -0.0143180280096961 -0.277807245783693 -0.284229703289982
0.00500136949477471 -0.0437117477736432 0.150576441172091 -0.526051953621913
0.0448555846471675 0.000500105297966888 0.729052877675185 -0.0903124363104193
-0.0134680842631159 0.0352454656987118 0.442994869926092 0.748549301854197
-0.0304801694815484 0.0105831503201978 -0.254356927104866 0.605297950164982
-0.0321107559545679 0.00506964017757117 0.0219493820031838 0.0992543039040219
-0.0131981893535428 0.0229727664690684 0.345640297922706 -0.530702942736805
0.0114342169851366 0.00519688840865052 -0.322974729256414 -0.83683268631715
0.0152129566425237 -0.0302450641085883 -0.822855444685093 -0.040691659608706
-0.0192224953587021 -0.0413280159028037 -0.238748427063351 0.575555203716537
-0.0225407989725446 2.39488081194778E-05 0.280358657781395 0.308794479315997
0.0160205352811692 0.0145503569548662 0.186577126979323 -0.0523367192306545
0.0260177024415089 0.000302744348294238 -0.0905129667475109 -0.186101466767
-0.00139201126103049 0.00959076170648918 0.0957862669886414 0.151236198359989
-0.00271077571145436 0.011130044575139 -0.133743493483094 0.0740696563575963
-0.00847061614116217 -0.012772452250217 -0.27923793012245 -0.283072326904391
0.00807204371024254 -0.0441686690454557 0.143939109555268 -0.529579929310714
0.0479649920084112 -0.000456112356514892 0.725189574875331 -0.103898861561287
-0.0122779096664325 0.0344025460260833 0.447328321947733 0.740610495571645
-0.0290792609179524 0.00818413971558375 -0.252383461193192 0.605079523967264
-0.0292512229576435 0.00169118995307849 0.0164985899122225 0.101375620579018
-0.0124403466637487 0.0197368561304331 0.347733458204438 -0.525158082871091
0.0120766145174923 0.00444476536161508 -0.312265915025673 -0.844420021341813
0.019152273894229 -0.0288686546552667 -0.824354405720329 -0.0551751041171654
-0.0167293879231352 -0.040176767908203 -0.245889301153981 0.569257654861343
-0.0232974165536356 0.00106952529231723 0.279255343648914 0.310769793585767
0.0131485256310077 0.0162495803899354 0.188854935670554 -0.0496914655042963
0.0241043774918036 0.00255515037322449 -0.0885226652668463 -0.186388184096895
-0.00353337095405421 0.0128050217050617 0.0965513370876334 0.151759438898227
-0.00514115250814708 0.0127009267759989 -0.132299468811978 0.0758076850644311
-0.00898600755933671 -0.0126926857407138 -0.279293972169003 -0.281868384034649
0.00979973796961688 -0.0432010417758524 0.142487759045939 -0.531377170848879
0.0504017704530664 -0.000615236735921797 0.72322834590059 -0.107843884037891
-0.0104664296351271 0.0341867009472459 0.447780892389196 0.734395678387071
-0.026274749901747 0.00350300587582871 -0.253092791053977 0.60918011846596
-0.0254463931745756 -0.00262706730074308 0.0119883353622988 0.103232773103615
-0.00921644330948885 0.0156069079692904 0.347467003015454 -0.524272243308609
0.0132080664289553 0.00442240942524513 -0.308329326657088 -0.846446956928482
0.0215348086966793 -0.0275139900427525 -0.823909134803858 -0.0645192924012635
-0.0151294851991243 -0.0390924260411609 -0.247788535888202 0.566079625284033
-0.0246095835298394 0.00294307746780999 0.280664518355322 0.311918476695887
0.00994060009958937 0.0186734666652619 0.192125905390295 -0.0488950379979882
0.0205480073822133 0.00552209629594734 -0.0858622569784392 -0.186888392686007
-0.00501925711835319 0.0151392471319964 0.0962025473789902 0.152510640879475
-0.00732845476383355 0.0151867752736673 -0.131853282821011 0.0755849370282387
-0.00951039559201637 -0.0104992696560804 -0.277729117447495 -0.284277392017036
0.0123086656213178 -0.0415638431687564 0.146365008598386 -0.530242858090814
0.0538903686515811 0.00229823154911896 0.723425477621485 -0.106270186431339
-0.00857934451996563 0.0331328306229026 0.443263858860129 0.737375178690492
-0.0233340014221634 -0.00150459651863804 -0.256994670498271 0.605519423637073
-0.0198640886180609 -0.00625398026221475 0.0107044791014481 0.102494038793972
-0.00608216811119943 0.0126270976905106 0.344537484946178 -0.524975055000937
0.0151237378307848 0.00521330824183436 -0.312553936508212 -0.846472001672808
0.023472982087439 -0.0255342936926692 -0.822752565873799 -0.061410759672595
-0.0140505315597504 -0.0356521897785238 -0.243734189517951 0.567867744628437
-0.0261336461307367 0.00464191902014979 0.281726250483499 0.31431079543333
0.00686539071387252 0.0209378273847529 0.193397882507492 -0.0494333139616761
0.0190938321163062 0.00834459856246967 -0.0858379583234897 -0.18588210801343
-0.00621494080898915 0.0172686096124832 0.0952502929717491 0.153545687154326
-0.00916041584132836 0.0164359529091664 -0.132562949883715 0.0749131489747473
-0.0111966889475097 -0.0090024123829831 -0.273766916186653 -0.284333529952988
0.0133026920596749 -0.0394868342291074 0.154835541443052 -0.52810614147666
0.0559861438141425 0.00504294867188219 0.7274219576582 -0.0985423233596309
-0.00746777207015994 0.0323593678028233 0.437167157618396 0.7402951282585
-0.0186028723754115 -0.00456985581186217 -0.265845005215263 0.603929458141856
-0.0141225889549389 -0.0108340827548981 0.0125374909767447 0.100366681973338
-0.00218226735645579 0.00929531252845407 0.343030916453918 -0.528168466439263
0.016857415203274 0.00528341801950778 -0.317903607429072 -0.84061765906042
0.0248477391197302 -0.0235105608659998 -0.823421681679662 -0.0514877633827864
-0.0140804022493895 -0.0335011143071439 -0.235428397098264 0.57264001793598
-0.0282233509113621 0.00679456284259818 0.285503072956516 0.313480249729974
0.00566599385417924 0.0225782818948846 0.193145582010669 -0.0489405347170269
0.016855026655516 0.00993047781718656 -0.0852554545742771 -0.185048468597614
-0.0063565055980619 0.0180098919187302 0.0936432225606086 0.153758983793801
-0.0115232074866355 0.0172317401281341 -0.133678470409226 0.075000754391931
-0.0120341784086145 -0.00815309522051816 -0.2691620752908 -0.285986551433907
0.0139898811775671 -0.0368344727944984 0.165841722521533 -0.522804015768132
0.0577737048551072 0.00721622278821421 0.732693734945038 -0.0824015092164289
-0.00705685477725098 0.0328742966194195 0.425539440606179 0.752849106586545
-0.0154042552707399 -0.0071275232056845 -0.269694816728702 0.600684198688417
-0.0090048211438707 -0.0125907936010361 0.0162541713862922 0.0962628369882521
0.00130084856578567 0.00745312344106473 0.336105593033543 -0.533131694218554
0.018495504820468 0.00566497408549279 -0.332462853398773 -0.831610636966116
0.0258654604267412 -0.0220188962665564 -0.819445433969671 -0.034047967818416
-0.0143963613834713 -0.0306828024545911 -0.223856861130143 0.577954210890525
-0.0294529110951351 0.00795037136929599 0.289442909619892 0.313057594286073
0.00512168323717351 0.0229695839737784 0.191834227467572 -0.0498383766198147
0.0166220900637998 0.0116281994208065 -0.084753711526971 -0.182993386300843
0.00241618405956549 0.0047781361793591 0.090264559765558 0.154192693114485
0.000819922344159024 0.00522843878793867 -0.139470466840697 0.0684533168979416
-0.0069605791274836 -0.0151416768370411 -0.267580735086295 -0.289661875714958
0.00363611047249782 -0.0410849023280924 0.177046895208252 -0.513065421393887
0.0419597797192881 0.00423610529836518 0.740777746417906 -0.0485665665055748
-0.0150693099124707 0.0367971212414028 0.41153330118912 0.775686437426442
-0.0303632203341585 0.0131186825431663 -0.271220722861796 0.59175652119184
-0.0307597192112238 0.00808929654718715 0.0336032744039738 0.0889983159317187
-0.0115580430042622 0.0261125011568628 0.340091638574869 -0.539570423986785
0.0121057380692317 0.00694154051415679 -0.340872189537676 -0.81543016210367
0.0109926482567763 -0.0284169583672397 -0.813636272689496 -0.00447441441572422
-0.0248384795521142 -0.0386535798307364 -0.215118526124598 0.588662755204726
-0.0226796886177938 0.000363371200480888 0.285604499109406 0.307046440495067
0.0178095316390984 0.0113163399728135 0.180260061312108 -0.054989886301749
0.0288843249721282 -0.00291121690617124 -0.0910911643163653 -0.183169009162207
0.00222243401319805 0.00553781712199119 0.0914349187007327 0.152037558956639
0.00029658217025633 0.00746317666579415 -0.136564139529843 0.0701516969243559
-0.00726907908648261 -0.0148591229704465 -0.271335490945182 -0.287844026833874
0.0041056256815813 -0.0426232530858448 0.166460425592317 -0.5188377836404
0.0425578579126427 0.0019870343196551 0.733607590746725 -0.0681572282654023
-0.0150398421320734 0.0360347425793591 0.42467990537987 0.76166020189189
-0.0312753451405264 0.0115874282276529 -0.265462793364323 0.596571824670671
-0.0321181189965528 0.0076136315325838 0.0274031817203676 0.0940294615884581
-0.0135100157863377 0.0245058759736061 0.344779444071569 -0.531303978715346
0.0111048165320565 0.00592736086341845 -0.326650766555999 -0.828228036623507
0.013376447599031 -0.029768568528684 -0.818880372631697 -0.0251548309121238
-0.0221375932392068 -0.0399066020752403 -0.230820843687137 0.58026088347222
-0.0216934504569505 -0.000953082771037935 0.279906857731784 0.307466786110243
0.0167847653146724 0.0127399749270248 0.184482210827845 -0.0536816005853583
0.0280903053769258 -0.00173958607753501 -0.090519521230359 -0.185132875522106
0.0010409585463273 0.00747597025226375 0.0929313560032941 0.151098943729362
-0.00181871995799782 0.00902410423759696 -0.135122938177158 0.0711902491219241
-0.0077419499787351 -0.0146673303482544 -0.276500476493878 -0.287291887146375
0.00497316755610496 -0.0428801074923425 0.153778993986385 -0.523547161621258
0.0446823798453465 6.33981035676953E-05 0.729716118517385 -0.0855119231207501
-0.013984406547265 0.0358117414058446 0.436014805413036 0.750547377345606
-0.0314491034063328 0.0107631339470359 -0.258947546228324 0.601317262044161
-0.0316068657090324 0.00453179717693488 0.0207825906711412 0.0985192464833258
-0.0137378923417794 0.0227232200165993 0.349343669122699 -0.524961687946841
0.0108815498324032 0.00537149321722563 -0.314255183443437 -0.8378531772466
0.0153324429886827 -0.0296968796630919 -0.822088056330721 -0.0500066745170653
-0.0186963698421244 -0.0415725596092643 -0.243663098590987 0.572987828757596
-0.0226876280552385 6.0395545218061E-05 0.278455938496426 0.3099251281328
0.0156758826896224 0.0139579747687244 0.186490656566409 -0.0507651745660462
0.0258053831485212 0.000378526145924341 -0.0883482751826132 -0.185582888707281
-0.00236847691367683 0.0101848529029649 0.094748248930997 0.151388471523796
-0.003270117820137 0.0113699130481723 -0.133930229130296 0.0728673350846584
-0.00853090183156999 -0.0127101892569426 -0.277805952123377 -0.285152553910114
0.00756295846937588 -0.0432723948338465 0.147536955197168 -0.528507315284535
0.0471822910157559 -0.000613499994074822 0.723809485109244 -0.0977912216564018
-0.0126532141725838 0.0342709148363241 0.440972355967351 0.742230808235161
-0.029125597454849 0.00721960680085314 -0.256933870129138 0.603304195478838
-0.029396751571001 0.000976818363683587 0.0144878139398461 0.100865603647389
-0.0124607755598085 0.0188997306616194 0.351974002593159 -0.521481065125226
0.0115506135072526 0.00492709301937038 -0.302340525359681 -0.844468186960127
0.0186915878896886 -0.0292346847317607 -0.82112871457344 -0.061734212538087
-0.0168071803210613 -0.0406499022784926 -0.250475999778541 0.567177121338904
-0.0233530390018436 0.00156389941688178 0.275582224754164 0.312318605556442
0.0129487268878333 0.0158297346930274 0.189395789987867 -0.0480518216498936
0.0236435516324307 0.00245774268677476 -0.0857070617473784 -0.186916706213487
-0.00448225564441678 0.0124978667478312 0.0941828609805743 0.151718455052976
-0.00437262360059401 0.0127215338068513 -0.133356012493567 0.0740841507510002
-0.0096052806896062 -0.0116497192154654 -0.278402395556923 -0.284870514929455
0.0103166800029502 -0.0423932166226233 0.14579764444889 -0.528887184568698
0.0499856523704365 -0.00018969743421908 0.721832428018836 -0.101914250243496
-0.0104326426868129 0.0347422361131433 0.441681135678989 0.736751796883759
-0.0260298008225562 0.00346266110026794 -0.258697472569798 0.604915552028961
-0.0244580726234204 -0.00322405429525353 0.0110711322190838 0.102433724001291
-0.00925097819731181 0.0156761792263184 0.351883868398013 -0.519414841700849
0.0129964448957588 0.00490517115622701 -0.30011616610597 -0.846642541234303
0.020850383086902 -0.0260397183999338 -0.820757393329258 -0.0689861086641341
-0.0143544889388833 -0.0393312588925001 -0.251456121325149 0.562476770549634
-0.0250919892373077 0.0029760726447273 0.277725444585988 0.313626802586604
0.00973185953464887 0.0185858125702126 0.192018308931455 -0.0471097237516717
0.0200821622061466 0.00531185417627126 -0.0835499147389424 -0.186284183746443
-0.00538114021570459 0.0150066233712601 0.0944547141000934 0.152187008220855
-0.00757084176654079 0.0153882650753747 -0.131934061089893 0.0740992168351189
-0.00955415796636521 -0.0101211957847096 -0.275433973079745 -0.285121452429842
0.0120900493839145 -0.0407713558716695 0.148283608352985 -0.527436237433642
0.0534832055627016 0.00203058697918446 0.723195100054442 -0.100289644139447
-0.00881262385321106 0.0324006478737647 0.436364140103433 0.738434571108588
-0.0230544956686468 -0.00203362790418788 -0.260464352476297 0.602728986110688
-0.0189650018740383 -0.00782201318995703 0.00969219651565215 0.10288290150486
-0.00720977049980511 0.0121324015639835 0.348955715681625 -0.518352253901633
0.0148901542537826 0.00428306797005161 -0.303636086535403 -0.847239557231078
0.0238948831461376 -0.0254684135321696 -0.822027048327183 -0.0700100891363637
-0.0133007673471939 -0.0360217597952397 -0.248718395418688 0.564017931935365
-0.0262586438951367 0.00428123255591842 0.279027219452825 0.314617938565634
0.0078394562672196 0.0215356612605781 0.193854141657732 -0.0465029636544523
0.0181845278466193 0.00826105241029378 -0.0824657813114397 -0.186381021539908
-0.0068124774532703 0.0168232533518469 0.0936649694884207 0.152956670958237
-0.00787928805424813 0.0159391897947691 -0.132649921941846 0.0738149485960292
-0.0103232831617358 -0.00760841573418486 -0.271599075578155 -0.284645446564232
0.0140247720135635 -0.0393071804399062 0.156164241472855 -0.525841739552488
0.0561787012005354 0.0049192730570391 0.72568787476539 -0.0919451876128368
-0.00773389776736884 0.0329811194207052 0.430718700282111 0.74360489544737
-0.0187660735822931 -0.00522552256116499 -0.267404906641924 0.600905847247793
-0.0141526462791577 -0.0105817841128972 0.0114626940630318 0.100342755029572
-0.00280533703273412 0.0100565701734674 0.346821010006715 -0.521646565407032
0.0162089570578053 0.00569059786938403 -0.309352895204621 -0.84145426805846
0.0252126249385436 -0.0224141791956036 -0.820268746928022 -0.0585808254869932
-0.0134388241498104 -0.033922435254713 -0.242638554498266 0.569744731156554
-0.0276351508765526 0.00658964146498271 0.281870189075553 0.31531740459335
0.00513124302084491 0.0217587907784797 0.193665886737123 -0.0468694463245104
0.0174532610410001 0.0101550743162945 -0.082487604927097 -0.185026177220856
-0.00693942678611419 0.0183717148743223 0.0920959974004979 0.154191741988177
-0.011074893507017 0.017407006956334 -0.134435096043547 0.0726971215628578
-0.0114543130066928 -0.00762076305838827 -0.267562422038426 -0.287143027730915
0.0142289107473524 -0.0358687682207876 0.170091818394201 -0.520449244749199
0.0569693648075978 0.00845260434301041 0.731872952188193 -0.0748405064897667
-0.00689505805265438 0.033223381738096 0.419034425208629 0.754225257487033
-0.0160829177252354 -0.0069622465907784 -0.275677956849203 0.59664638276592
-0.00912741286898519 -0.0123028298281239 0.0146661979362044 0.0959620247202773
0.00133150887573884 0.00698992847592688 0.340142980051514 -0.527046708966377
0.0185102337499939 0.00508123511796055 -0.321614112600212 -0.832235632974937
0.0249563447945783 -0.0211694879469864 -0.816520580303164 -0.041933496010422
-0.0149163551417165 -0.0311692928394771 -0.229200113526599 0.576614711905336
-0.0294079989381591 0.00756199376001191 0.285713187675416 0.314728873944874
0.00444795087774338 0.0224439669349688 0.19143386642396 -0.0483486180484987
0.0165171211113878 0.0110996805847294 -0.0829119627660876 -0.183778943188414
0.00338099965637325 0.00471392838867829 0.0883414650496357 0.153689088424962
0.000995623989451565 0.00582873229295655 -0.139989377165715 0.0677201003257164
-0.00620071794306519 -0.0147598848292842 -0.265987103092974 -0.291926143225167
0.0034384819950722 -0.0405487929593069 0.182675592586807 -0.512053630807501
0.0417499369334628 0.00425056104681186 0.742211897839385 -0.041210838469426
-0.0156165471461847 0.0363829576470715 0.408170991044838 0.777850562310266
-0.030838297648196 0.0123365483333711 -0.276673301324224 0.59018197982863
-0.0304621715927007 0.00771162578733694 0.0313282144732357 0.0902120989713143
-0.0121011548276711 0.0258610630641857 0.346206858355881 -0.534168115330328
0.0115627473498266 0.00727710453509075 -0.33325663371044 -0.819371617327537
0.0114477686124411 -0.028138173684527 -0.81418121609904 -0.0134045405011392
-0.0246430550423669 -0.0397845080270138 -0.21942379531619 0.587266973844357
-0.0225637851841168 9.24891428232858E-05 0.283179959117891 0.308528421877446
0.0175794881508816 0.0110073219587286 0.181483668728424 -0.0536641818340256
0.0291916057221241 -0.00219728784230483 -0.0891468778875082 -0.184403594209391
0.00190545508567122 0.00608929446120012 0.090149659566371 0.15263420638273
0.000921822631910019 0.00712662252920643 -0.13880379818875 0.0687371075229174
-0.00682919926061878 -0.0143965075968924 -0.270294391352782 -0.290141220158319
0.00424942024946874 -0.0416841367299958 0.169410998230164 -0.517894952996706
0.0433327345102095 0.00190808490875052 0.737552108217328 -0.0598677433575123
-0.0154574379372391 0.0363665726287445 0.418737857760421 0.765748266055792
-0.0309573077477675 0.011490914160778 -0.270577726188923 0.593677140851771
-0.0322150951203228 0.00673634633799148 0.0247622146460411 0.0937640823798897
-0.0138979358994868 0.0248481444497179 0.352098478880447 -0.527915101564931
0.0113079317888033 0.00631346821341195 -0.320835883939558 -0.831056044739219
0.0131394310870289 -0.0299879743042638 -0.818683127948444 -0.0346949307299014
-0.0222319827699935 -0.0417918510271749 -0.2348686804746 0.578901379023427
-0.0220854691873147 -0.000550148185519979 0.278455502983002 0.309482975012959
0.0171562658589012 0.0120833115577998 0.184326295741145 -0.0511532234227753
0.027653279371614 -0.00173573178728972 -0.0879525078633255 -0.185402285671839
-0.000261970226393016 0.00802375978246357 0.0917464169629545 0.151500568250402
-0.000838264498181369 0.00859291824440481 -0.135257404002108 0.0700791042985939
-0.00698908968432076 -0.0135608684928925 -0.273980700801336 -0.287961212248829
0.00554872417775239 -0.0430461648513794 0.159044583769539 -0.524788342643033
0.0447098232645076 0.000104886617136597 0.729895562615035 -0.0788913242975484
-0.0142550012328532 0.0354320304053771 0.429986573452464 0.754251207664014
-0.0310236814712349 0.0103806533694307 -0.26446413522844 0.599090886937418
-0.03219583047036 0.00460251963226131 0.0187317608784336 0.0989216326339731
-0.014381515912137 0.0223096503357559 0.354552541511156 -0.521492024159684
0.0110640402436229 0.00541014234714958 -0.305150693404511 -0.839898584782805
0.0155838987283647 -0.0291070045000914 -0.819873067715132 -0.0558929614892836
-0.0188410472327114 -0.0423317296315789 -0.249292473493973 0.572962019478999
-0.0228281581132756 -0.000691388556865674 0.275285455338527 0.313857051547115
0.0155889159249426 0.0136470680872487 0.188120343777608 -0.048632806510151
0.0250068169446181 0.000223529690188493 -0.0859028767855411 -0.186285193732691
-0.00179977014761515 0.0105911898862223 0.0920643905640699 0.151921043106341
-0.00314320916754091 0.0110514379215708 -0.134132752419825 0.0717223375676083
-0.00856786699687822 -0.0123221214815763 -0.274815649909358 -0.287364798000773
0.00762270649178183 -0.0428161953763579 0.150155986588497 -0.527218218886816
0.0469128498217694 -0.000243099726767716 0.727013013478719 -0.0907187318534506
-0.0133758883691014 0.0349049777324489 0.436713349796599 0.748219622209575
-0.0292098545137945 0.00702960440119276 -0.263425032113459 0.600192617413723
-0.0292445734316385 0.000643806602821016 0.0132649293709856 0.101195974378412
-0.0133897190008412 0.0191966361819621 0.357619146868929 -0.516109230727364
0.0112454972826227 0.00518476573660936 -0.293872225610016 -0.847524427620824
0.0189096636135503 -0.0289733970090236 -0.822277636643558 -0.0710649576220475
-0.0163885718703985 -0.040375092343786 -0.255934502787412 0.566641782845929
-0.0233740456665742 0.00128562816760352 0.274228603151001 0.312513441339088
0.0131295569534531 0.015532945431746 0.19072081635414 -0.0461855437631512
0.0228074840960331 0.00226167300294648 -0.0838378927487182 -0.186567621176857
-0.00403854457317836 0.0130245020270499 0.093275318526893 0.151976380914091
-0.00504292658052382 0.0141691689228185 -0.132794412356944 0.0730514123550464
-0.00831196179631325 -0.0113568958048963 -0.275771367297348 -0.286280049229864
0.00984588870711731 -0.0420975907784222 0.14905157037034 -0.527749814721456
0.0506402395959536 0.000196760493315063 0.723560631693263 -0.0960488563768729
-0.011441978464852 0.033838808599028 0.438207000299241 0.74295601359207
-0.026284877927295 0.00333169274988911 -0.262921014862106 0.602860105095695
-0.0247511140857525 -0.00371524737217621 0.00955474355853161 0.102653428508043
-0.0110120877278832 0.0147702866291396 0.356533021737993 -0.514647652308462
0.0129103322189181 0.0052690859679346 -0.291578096278014 -0.849768635047743
0.021243229931904 -0.0270888232069421 -0.821771845331414 -0.0762473074382235
-0.0143373772033308 -0.0387657513762749 -0.256561168845575 0.56065133172416
-0.0250160047112225 0.00292442078797327 0.275573658952988 0.315926196513639
0.00977603783717845 0.0181288991140624 0.193395920164079 -0.0449350809008196
0.0197488331413298 0.00532676925629379 -0.0810502192754206 -0.186812885859277
-0.00551063057059543 0.0157783326361383 0.0927647254087355 0.152468532494568
-0.00673648892263066 0.0145351583444583 -0.13331570166118 0.0729547152499956
-0.00981859715564982 -0.0092004085625381 -0.273629520809615 -0.286356522089063
0.012131888890404 -0.0403854737275652 0.152784599603427 -0.526927575143218
0.0536872463171375 0.00143453476120868 0.724509704283594 -0.0955452748892267
-0.010164976282047 0.033042258513967 0.432763899866376 0.743083438919245
-0.023186691757664 -0.00181640975285262 -0.268288178203086 0.600434193332482
-0.0200097074160086 -0.00704139449705861 0.00817215610940173 0.102202655255139
-0.00624037391608475 0.0120495722723911 0.355520415619816 -0.515419193664831
0.0146091185879644 0.00497470958894477 -0.295034056601627 -0.849841772520908
0.02353603811692 -0.0245063808882558 -0.821528157800562 -0.0769105571574822
-0.0135008264984775 -0.0367102254103874 -0.254286777743954 0.56386654113162
-0.0269286854021604 0.0046505708259602 0.277625968341702 0.317636004044702
0.00770606083313107 0.0197400171567761 0.194465811394691 -0.0445891950743121
0.0178218583746397 0.00788884900853686 -0.0810155799931987 -0.186044970384746
-0.0064339191394282 0.0165556829509911 0.0915127989704701 0.153266248862572
-0.00852626776841707 0.0160447212899268 -0.133679013389469 0.0734384848103599
-0.00966593452818359 -0.00744770739612673 -0.269941474988927 -0.287807386240628
0.0124005415247984 -0.0383342428344359 0.161344977502708 -0.525998185503242
0.0551560885824873 0.00437408667916532 0.727164126064548 -0.085004770077684
-0.00773221321401205 0.0327515650228819 0.424472656759614 0.747493386844162
-0.0193267177756693 -0.00559659165122096 -0.273762876627189 0.597645669043249
-0.0130360050121333 -0.0108393162921803 0.00918716148562824 0.0999347592843246
-0.00294445989900139 0.00864789049161797 0.3516872692767 -0.518325951624587
0.0159104224748444 0.00577341291512709 -0.301096135813288 -0.844893402063407
0.0250204404614 -0.0218600603085495 -0.820576011103438 -0.065520241802349
-0.0138062912343908 -0.033138071980064 -0.245499324935365 0.568522593637593
-0.0284203729044881 0.00580800245069455 0.280072960300896 0.317903043141796
0.00528292775590873 0.0218267626050353 0.194615332290377 -0.0454389020169545
0.0165752715237607 0.0101490559318508 -0.0799064098395124 -0.185669520077745
-0.00693980843659197 0.0187433136179968 0.0907707518273112 0.153543962743044
-0.0103542834387585 0.0175645157089696 -0.134332038189079 0.071772078649072
-0.0118374831320257 -0.00695228393781025 -0.265792308321519 -0.288719963385652
0.014144196685089 -0.0360210452220742 0.17256407957728 -0.51911213283899
0.0566858467148292 0.00773537820402405 0.73302491246002 -0.0681862244188006
-0.0069704467682758 0.0329539773516411 0.413013553387765 0.758909292513176
-0.0157188759083235 -0.00790108121186463 -0.280768955888819 0.593922098126974
-0.00924798676276955 -0.0128763737609507 0.0131685255763688 0.0964256862694126
0.00145076500945432 0.00744089018091116 0.346620853555344 -0.524574794746526
0.0181428042327867 0.00516589529507842 -0.314233077138505 -0.836569358137648
0.024860683326939 -0.0206693532955588 -0.818346304004118 -0.0501745035649828
-0.0150728376248813 -0.0307712768020956 -0.235294150546894 0.575240508642111
-0.0290479481981608 0.00718053815517438 0.284540838125711 0.315833583735691
0.00455327843709258 0.022399922418764 0.193013052910448 -0.0462485719990799
0.0165620805165164 0.01055591132181 -0.0809307629761937 -0.183716074423144
0.00291122456213187 0.00506555567839498 0.086742433925681 0.15479366506115
0.00235765301983457 0.00639887404457124 -0.141835530129283 0.0657163876724401
-0.0068085628304806 -0.0136302868404739 -0.264828291024997 -0.2948184016738
0.00367936310295203 -0.0406530940059124 0.186319987493442 -0.51276013079285
0.0420762642727407 0.00403235518594362 0.745353167755241 -0.0347097199994678
-0.015606853504026 0.0367862999390187 0.402899051607588 0.785449765231682
-0.0307170867092405 0.0118423925283253 -0.28193824872768 0.588912867665207
-0.0311040992169204 0.00707816057326822 0.0303679755389787 0.0908220681712158
-0.0130032215817518 0.0253556644423874 0.353161199992038 -0.532506993118437
0.0114973866719533 0.00718642053999636 -0.327098946104146 -0.824721789054644
0.0111906132993201 -0.0274542255691368 -0.816576428375326 -0.020523898323954
-0.0244413034551078 -0.0408771542931185 -0.225507417024927 0.589206574221417
-0.0228685630063014 -0.000111404561236335 0.282187771119646 0.311146273363015
0.01788362412721 0.0107644622940946 0.182768533536268 -0.0513365654184929
0.0286567395684437 -0.00285834257844903 -0.0882625524217768 -0.185258058352085
0.00229769802976772 0.00600321316723223 0.0880219390985819 0.153240549440088
0.000302618543662966 0.00681711569090887 -0.139405584516177 0.0673356929804494
-0.00642422774151654 -0.0143381726464908 -0.268348918489224 -0.291679190567237
0.0035843640999215 -0.0416237350680325 0.173155624964439 -0.516784079904372
0.0431878285801287 0.00183112715498246 0.740246505656686 -0.0563063593939806
-0.0150250410557507 0.0369053757237786 0.414043437732077 0.773125612977867
-0.0320763130898671 0.011559442938546 -0.27661096099838 0.594543317246606
-0.0332581682647726 0.00621878945716432 0.0249013700355441 0.0948525880000419
-0.013716860468433 0.0249476458678958 0.357475665728249 -0.525898692640597
0.0112452046879191 0.0054537000498965 -0.312712311375568 -0.836294088433895
0.0131251406652025 -0.0294305973643569 -0.818844497798308 -0.0411079016578587
-0.021819352942484 -0.0417418830363006 -0.240458290588261 0.579828215959149
-0.0226286098319453 -0.000973750757460609 0.277708760751311 0.313170650503774
0.0169884685072135 0.0117961564175107 0.185834310608336 -0.0494840143197047
0.0274857117778058 -0.00234006788284445 -0.0865474352468739 -0.18683850208182
0.000464077006889054 0.00775946958532281 0.0897644904479295 0.151738899459468
-0.000528431118857323 0.00866347625980201 -0.13621448631644 0.0693046052183984
-0.00655959190423611 -0.0129551162054857 -0.271940592368087 -0.290858641560626
0.00571474439694269 -0.0423681379779075 0.162941820119547 -0.523597605375866
0.044604489759842 -0.000108567848342081 0.732492298255936 -0.0734154142019952
-0.0149926223480854 0.0367128216679158 0.424551407784838 0.760354054654133
-0.0309076206946492 0.0103117444020904 -0.272677920372168 0.598104327697324
-0.0320969143772472 0.00429053596952736 0.0175849582810714 0.0996417532852577
-0.0146606257311815 0.0225770454965128 0.360834724935602 -0.518352180533994
0.0106619757561443 0.00572903504474742 -0.297508386418389 -0.84589293427769
0.0164946619477446 -0.0301654587649884 -0.824697943398657 -0.0624269957662566
-0.0184870561115351 -0.0418579869027245 -0.253120760477966 0.571873030074227
-0.0232686660434536 -0.000707894211103675 0.273831692940334 0.3162183347184
0.015514273403563 0.01369493775587 0.188850713550033 -0.0476201591612454
0.0261399136212717 -0.000614591911511884 -0.0838200059451023 -0.187954981607113
-0.00227918413975922 0.010490842123425 0.091816886973122 0.152633588714629
-0.00275785899498744 0.0107554947279435 -0.135011528164446 0.0706388008105639
-0.00785615890310248 -0.0129213980187156 -0.275132296929061 -0.289170115833464
0.00717133729704361 -0.0421393276432935 0.154034914133438 -0.528475201362203
0.0467983985035226 -0.000378758962292149 0.728040520548263 -0.0848463667139006
-0.0129444876978137 0.0352936145814392 0.431114829907822 0.753707872864326
-0.0293320852428245 0.00650290449602914 -0.269694481419863 0.599174291197317
-0.0290277873144875 0.000930896871934273 0.0118753035734941 0.101889038739925
-0.013545807050515 0.0187539713572137 0.363514972570316 -0.514625920605845
0.0114171795399021 0.00549115117677639 -0.287107129441849 -0.854453960383605
0.0195638755623946 -0.028422348674521 -0.825759475495342 -0.0782001916977851
-0.015984520556152 -0.0404598889323745 -0.260227468994236 0.566105256508049
-0.0236470384371092 0.000380338871315824 0.272991319856245 0.317454894701945
0.0128468923577369 0.016009569668371 0.192662535994796 -0.0450969728695177
0.02247091553985 0.0029731923652837 -0.0825017965847526 -0.188330693771989
-0.00464886968811524 0.0129815302772986 0.0904952508415979 0.152592777403611
-0.0051105797917652 0.0132610391321804 -0.134044644433602 0.0712610640117087
-0.00849413608000092 -0.0110714304502575 -0.274248850521647 -0.288122223863559
0.00963990559371211 -0.0420131000265682 0.152548022032424 -0.52850059524874
0.0500567424839988 -0.000389109994848945 0.727606398411292 -0.0901526044262119
-0.0108850273362923 0.0346088914410384 0.431262008316779 0.749031054348039
-0.0264317887899577 0.00263464446842845 -0.269545512422678 0.600356599939465
-0.0247360992450715 -0.00398936126516947 0.00820924863114973 0.102944591104279
-0.0107123518136121 0.0154988561244299 0.363655698012115 -0.511720254983514
0.0126987322374982 0.00516483420815752 -0.28381881921062 -0.855482918789383
0.0213024552840414 -0.0275254801928096 -0.823483011438945 -0.0854738284170934
-0.0137942876450329 -0.03900584095147 -0.262289201619322 0.562407695252181
-0.0252228260800627 0.00242682719397741 0.27418626935076 0.318188668530788
0.00995486984784507 0.018156035938647 0.194720321833493 -0.0438827605046978
0.019648465736368 0.00480020672715997 -0.0801660470438874 -0.187650651038005
-0.00573303289904884 0.0155190999272041 0.0914539472844415 0.152512130631251
-0.00701376672451226 0.0148686020587081 -0.133603390820056 0.0715900348529464
-0.00889519333446492 -0.00987611944914077 -0.271659045997802 -0.289151828015221
0.0121170646287337 -0.040428619661018 0.156199102638391 -0.527874841095547
0.0531644175053527 0.00163346735885728 0.726226426782697 -0.0895293856606714
-0.0100569491075564 0.0330730727457244 0.428293386070497 0.750485354668874
-0.0223689155896391 -0.00133999444270346 -0.274574040580726 0.599981328593915
-0.0191523057281811 -0.00744737452159124 0.00664697512898514 0.101582547130424
-0.0074678467086351 0.012053740587946 0.361379842960476 -0.512088537575959
0.0138223056568881 0.00542074064487937 -0.286312243761315 -0.855918529119976
0.0231178190315674 -0.0245987346961425 -0.822605589191555 -0.0845184555308976
-0.0127072400254495 -0.0364925718386739 -0.260412964364387 0.563627763040753
-0.0268386265336676 0.00455354435024004 0.274068855946735 0.320378376813506
0.00720633484298988 0.0197783119431509 0.195633584755966 -0.0429662197897798
0.0178660234563708 0.0078161873430499 -0.0790630371267914 -0.187462639698314
-0.00667172352501344 0.0187509590261909 0.0896550833644195 0.153565672502186
-0.00832544410805395 0.0159610851800021 -0.134258443673973 0.0709488078215024
-0.00949746367108437 -0.00797000778586982 -0.269759484014669 -0.290200338753004
0.0136999378659555 -0.0372746873257323 0.164927077517987 -0.52620620075898
0.0556977026863734 0.00428624421000897 0.73010703124756 -0.0798503003459821
-0.00885693098491401 0.0337342575419723 0.421510280250437 0.753999382291578
-0.0184337134673185 -0.00525615058114468 -0.279975586525502 0.598291766008416
-0.01414177452349 -0.0112104641506634 0.00854341541648851 0.100233522294404
-0.00439880325503874 0.00908998285278005 0.35792050427846 -0.515708947793943
0.0164914818627934 0.00641719236795927 -0.293394594693359 -0.85097225946763
0.0256306901430121 -0.0217807461124056 -0.821016759485228 -0.0752428143679743
-0.0133041677405228 -0.0341111674164634 -0.250924847162733 0.569888211168913
-0.0290432949528105 0.00560576814387306 0.2785975771568 0.320809573007366
0.00559671105006652 0.0213013012106913 0.196187396250253 -0.0437269278494651
0.016024395914828 0.00957533490302743 -0.0777457844215624 -0.186977803598643
-0.00724472124833876 0.0188921910803134 0.0892843826135333 0.154660768579843
-0.0101048799311314 0.016786107746157 -0.136204494365827 0.0705547063740173
-0.0109616835796682 -0.00685170916620872 -0.263816744357153 -0.291175175377928
0.0138822059404045 -0.0346798423234812 0.177218204309556 -0.51950515718104
0.0566211018115183 0.00832644080731466 0.736812468525591 -0.0630767953334935
-0.00738990344207672 0.0336266459085805 0.409128307893792 0.76420895074547
-0.0160518186403803 -0.00870836313504186 -0.287297552038475 0.594183245532101
-0.00902845696911109 -0.0134565100052295 0.0121984933469139 0.0958635255343921
0.000548686614093883 0.00740616413042288 0.353792103590706 -0.52173874263917
0.0179013903754091 0.0063333856662501 -0.308768447238353 -0.842106658337863
0.0255241940847136 -0.0207461324813008 -0.81945136952888 -0.057248183673602
-0.0148516220738948 -0.0314670752787149 -0.239643094201825 0.576343878128858
-0.0293926502608212 0.00694348809493615 0.284082431861901 0.320010150190395
0.0041562376876146 0.0221398586960196 0.19511480420184 -0.0448654548075434
0.0162403688801063 0.0108093113339789 -0.079492829496578 -0.185666576808564
0.00285508688370038 0.00662137200497835 0.0847245707306252 0.155424563954829
0.00198852293541449 0.005888040888958 -0.142751118607628 0.0649978438802973
-0.00563624865174027 -0.0137205910811869 -0.26480773932091 -0.296320056164745
0.00320265499463747 -0.0409496403165216 0.18942723138109 -0.511833746809867
0.0416805014420678 0.00414653517908753 0.749072731500601 -0.0284053256609303
-0.0164568670208059 0.0375486423206432 0.400809226202039 0.7925654414729
-0.0309458147541237 0.0113131435423446 -0.290370217751399 0.589585759055157
-0.0307329712873579 0.00690885169649042 0.0293326067579346 0.0913812027855263
-0.0129435345949988 0.0252157525764922 0.360436213321926 -0.530953073052168
0.0113226261672571 0.00789282888319397 -0.321786442730619 -0.833771378621925
0.0113294965925267 -0.028561201560036 -0.82203917594141 -0.0267959573241396
-0.0246206603149829 -0.0397090660772281 -0.232587229867301 0.590703830132869
-0.0230159497714904 -3.74345415495366E-05 0.280084806196552 0.315266039782642
0.0183408667013583 0.0106102319139431 0.184987890428871 -0.0508600059098144
0.0288482560523368 -0.00382706338747497 -0.0860533736859226 -0.18699546418654
0.00206342410000366 0.00644525162829079 0.0870500855693453 0.153816170452378
0.000812226547015106 0.00707685715410889 -0.140203155797309 0.0661421261827921
-0.00587847900425967 -0.0138008438058435 -0.268671007286151 -0.295185038872241
0.00360838269185721 -0.0417509309737263 0.178546090896101 -0.518204838586512
0.0426454772417196 0.00200847695651133 0.742689098816207 -0.049401245312459
-0.01541321916826 0.0366578494012191 0.412214785732333 0.779626511604417
-0.0313266463695999 0.012145234390765 -0.28336543203718 0.595162553553167
-0.0326025819956585 0.00599432335257439 0.0230356909740039 0.095245153025532
-0.0153062534776756 0.0247850355387378 0.365656563467469 -0.524387156001565
0.0107872781008851 0.0067742049633634 -0.305106075810094 -0.844279424801373
0.0133438559849839 -0.0299644213616481 -0.826126988283705 -0.0492758887767726
-0.0218758120636053 -0.0418105415638729 -0.248553045111565 0.582628003815096
-0.0219928470156784 -0.000517317505508892 0.275770862277341 0.316691042035305
0.0175354262215415 0.0119535950633275 0.188250848981329 -0.0490716992839022
0.027417056841964 -0.00222834865625466 -0.0841834013306159 -0.188174563947763
0.000267011347775493 0.0083146330251309 0.0884373942405983 0.153300010709306
-0.000768423223807439 0.00860514870488149 -0.137337269324264 0.0676464442930027
-0.00671180006580613 -0.0133579408037485 -0.27295574810593 -0.293658613255405
0.0054790900912511 -0.0415073947246073 0.167368321719337 -0.525315868980845
0.0451603252755452 0.000289652893144816 0.738905724969985 -0.0672398299275917
-0.0153617366641495 0.037250531049256 0.424281541440577 0.770195848773555
-0.0316961098914683 0.0100161784652784 -0.27858087356305 0.600204761396426
-0.0315389252942548 0.00335558813830595 0.01660708372493 0.100038531027109
-0.0156152123101813 0.0217369461230585 0.368919560723884 -0.517842705774298
0.0103808817790666 0.00631789906516222 -0.290930480134757 -0.856671718148821
0.0164011847780811 -0.0296198874612703 -0.828014937670627 -0.0711946036511426
-0.0182242261059182 -0.0423485423833187 -0.260261170607125 0.573738255190336
-0.0227928266830206 -0.000928043805983678 0.273231578297897 0.319894255333904
0.0156451575998924 0.0123076431409443 0.191639179789076 -0.0457691518507674
0.0253492152196104 -0.00079626255401342 -0.0831098615911667 -0.188957046344276
-0.00313610425283468 0.0109217844283419 0.0892939960722802 0.152897591125041
-0.00260715112593245 0.0110833547617843 -0.135629236779989 0.0702465050326168
-0.00693275217356697 -0.0117347542244191 -0.274494676239651 -0.292509819042804
0.00788352456416889 -0.0419460527152939 0.159054427249189 -0.530133616014571
0.0471499824874225 -0.000577164436821077 0.734876874673836 -0.0794698163530557
-0.0138093398719505 0.0351937222537585 0.428830616317736 0.761628818709152
-0.0301108105481253 0.00611919174850286 -0.276512364276982 0.599779731269456
-0.0296232916233496 -5.48838320556747E-05 0.011598047963122 0.102842812226866
-0.0140843619346273 0.0188011550049901 0.371791923264475 -0.513240047250747
0.0116649649796992 0.00612482599756771 -0.281702764653122 -0.859711616226981
0.0194529275703761 -0.0285457925195846 -0.829995084859893 -0.0858832839105385
-0.0159019874827813 -0.0419506265103901 -0.267596268385137 0.569613938138446
-0.0242206500988848 0.000823576373276986 0.272930458053689 0.320652150870742
0.0129167480232169 0.0148369625200107 0.194103008283874 -0.0441256896962532
0.0220501757986112 0.00248338730774982 -0.0797521374735745 -0.189264564132277
-0.00409858364264769 0.0130729846211762 0.0898732998645422 0.153146026743737
-0.00464617039026315 0.0125529732350369 -0.135734384429836 0.0704103321675241
-0.00820286836363503 -0.00993350835865964 -0.274406678175832 -0.290690503782261
0.0102143886433511 -0.0413037884569748 0.156646091027642 -0.530810293858777
0.0503461456071244 -0.000263638891581118 0.730932889913895 -0.0839531061636115
-0.0117362092278773 0.0350118222174228 0.43089462251264 0.756613915297646
-0.0272000687661654 0.00336215823314605 -0.277928648563053 0.602985087054074
-0.0245716464253706 -0.00421000459937692 0.00723321794442157 0.104152605556457
-0.011644800878827 0.0155508914884163 0.370583446967579 -0.51133140000213
0.0130803771634599 0.00634317344738947 -0.277560414636033 -0.862776996419952
0.0220183679076583 -0.0271863687996914 -0.829369680705747 -0.09420001386266
-0.0138727612143206 -0.0391627343964175 -0.268956245993208 0.563785122520903
-0.0260396122401763 0.00189933774340795 0.272411330818087 0.323306494092955
0.0101330344490836 0.01723982667746 0.195840667537478 -0.0426833251576081
0.0187179082359053 0.00510244484109528 -0.0781902168662601 -0.188784439623788
-0.00570568328688125 0.0161124184741669 0.0901604182106646 0.153711408435874
-0.0062774126133327 0.0146473046118855 -0.135304568207261 0.0700414821966538
-0.00944349633976798 -0.0087654705706913 -0.272544737218349 -0.293011044513774
0.0123145640062271 -0.0390469437295763 0.162542275893783 -0.530194480658027
0.053163460437769 0.00165381564575618 0.732864386269291 -0.0830019723314915
-0.0101525056110239 0.0338947848086122 0.425152622972753 0.758926744851207
-0.0231399345190305 -0.00105209219457979 -0.281062329331194 0.601519576414075
-0.019179217479507 -0.0086467351837708 0.00597541151915466 0.103099575152964
-0.0076237102142935 0.0112070417198865 0.367779123724648 -0.510689757349945
0.0148229676753605 0.0052192049003669 -0.279856465594476 -0.864270770483044
0.0247078492769703 -0.0242728027047902 -0.829274257460961 -0.0944935446689411
-0.0132160179985433 -0.0364280221174018 -0.266101391519852 0.566409644305124
-0.027227093493481 0.00439986573358819 0.274427796855794 0.323352337408634
0.00752214115996591 0.019658982410983 0.197506442769678 -0.0419369299372469
0.0181393230742462 0.00650981255627409 -0.077493948182084 -0.189226194182725
-0.00703903995060849 0.0176258474263826 0.088413708856534 0.154917700622437
-0.00866095851320397 0.0156950053108543 -0.135727749399529 0.0697510829553489
-0.00973592866785916 -0.00707458136861116 -0.268702562693625 -0.293140029545448
0.0136672209477474 -0.0372048699977487 0.168995439015219 -0.527221005074059
0.0560852544965438 0.0048963196858456 0.735593164014763 -0.0733962440743442
-0.00867073086841072 0.0334629927045286 0.4180738774429 0.763167494855643
-0.0193871748406744 -0.00547994882992821 -0.286357451537955 0.598464366200989
-0.0141851133778163 -0.0113122105905487 0.00705599093853588 0.101557976237249
-0.00352031253729559 0.00877632242507977 0.364699577941638 -0.516604801213719
0.0156384262312996 0.00605713862809922 -0.2865136011146 -0.858374076084544
0.0254212410891273 -0.0220899510541012 -0.825911771696656 -0.0814492215659239
-0.0131012908347765 -0.0336814290958688 -0.256626018691588 0.570725521852325
-0.0288129408528829 0.00605124715024556 0.27889233971146 0.323596327177655
0.00534600372657418 0.0203889974702467 0.197821918619075 -0.0414127522894172
0.0161971749757138 0.00944652101564085 -0.0765577704750648 -0.187957102008733
-0.00823051559815892 0.018886898729333 0.0876306864602353 0.155662150652356
-0.00988860115190102 0.0172950257170173 -0.137498264119667 0.0698283956310072
-0.0103261867819894 -0.00632469966650012 -0.26447432160789 -0.293950367914697
0.013812133953861 -0.0352378532308636 0.182083541211173 -0.521525778006812
0.056739411217769 0.0076923606471231 0.741932725977275 -0.057570932170334
-0.00822476917956629 0.0335924776107093 0.405938411708082 0.772112749664418
-0.016073223101236 -0.00804153556117183 -0.294972594764539 0.59429005081921
-0.00855611331742203 -0.0139643448695671 0.010890545537758 0.0972765539412781
-0.000887891023143329 0.006935381663206 0.360522989660279 -0.520072316427032
0.0181583547431284 0.00651991732145793 -0.300515223293028 -0.849176011617494
0.0251247581013485 -0.0205118717744096 -0.824508876104128 -0.0632081770282744
-0.0145717926973731 -0.0319421372379884 -0.245828329649386 0.578274249638042
-0.029904242015758 0.00693249157697398 0.282763338468288 0.322924764007457
0.00468293993998431 0.0214932600771609 0.195457332258487 -0.0423024940892346
0.0158660701946226 0.010179350615181 -0.0777062419983521 -0.186417696602638
0.00285244868658452 0.00594697433623548 0.0846339304462455 0.156523660237334
0.00215336300351235 0.00607154899131682 -0.143831976879125 0.0644266272236244
-0.0050837401208264 -0.013653289573129 -0.265569331559681 -0.300950028029562
0.00366157600090403 -0.0404029658590423 0.194414270848919 -0.5157215446911
0.0420179242556323 0.00401345993850786 0.755800521567806 -0.0241670009714236
-0.0161498116996399 0.0372309411376183 0.398433235078494 0.802009902967087
-0.0309536451592541 0.0115773359270196 -0.298415029709616 0.592681187458201
-0.0315253147381365 0.00696681563813541 0.0284692821137005 0.0922064012959751
-0.0146195944024453 0.025510516640187 0.36766052139574 -0.531324660072705
0.011653392716246 0.0074724559596829 -0.317495958778834 -0.843330033921853
0.0121321548559563 -0.0291602276901164 -0.830390934294838 -0.0325079903560521
-0.0244017818543012 -0.0407601870425995 -0.236997901113341 0.595348320849546
-0.0232639067487649 -0.000698299050521495 0.28224066847766 0.319731286521879
0.0182345682664042 0.00968704125837829 0.186888598376167 -0.049310614948494
0.0287527367474842 -0.00406808225590938 -0.0847639418629576 -0.188340782192584
0.000977961632653292 0.00705068028213615 0.0862304203178013 0.155983895569851
0.00106207026811823 0.00671311061916837 -0.141804305997497 0.0655981625073999
-0.00509001004708782 -0.0138185215021273 -0.270396499010618 -0.297401548484747
0.00415828312186689 -0.0412642472599136 0.182614926017657 -0.521776773235537
0.0424797885283711 0.00113618936451916 0.750643278440588 -0.0440427327101989
-0.0155444558014222 0.036961116815762 0.41270696837104 0.787960709914574
-0.0318182904618999 0.0115743558621069 -0.290772358729766 0.597176835079622
-0.0328190953640733 0.00604190690332591 0.0227240455962157 0.0963898131531745
-0.0162999798311458 0.0240440807709929 0.37113320730284 -0.524976164351857
0.0106903368683056 0.00669799462984074 -0.303723365403481 -0.853067146028255
0.0136195274698257 -0.0291901251630721 -0.833165048198098 -0.0566708954998695
-0.0212354504640693 -0.042499680495147 -0.252030080770161 0.585557295533821
-0.0227677084431737 -0.000954750335575796 0.277111305948473 0.320830865928462
0.01781159920585 0.0110741469733321 0.189683774769078 -0.0475767863700332
0.0276510475876478 -0.00336142369238638 -0.0841131638830442 -0.190452164481219
0.000421429434843147 0.00855804067902267 0.0883391822821024 0.154782477466246
-0.000293633617362112 0.0083954843697145 -0.139391413094413 0.0679339665811208
-0.00567809964817413 -0.0131187219950354 -0.273251596863669 -0.296193537941915
0.00481079333855284 -0.0415010242089014 0.170495783268375 -0.527901435360585
0.0452011762547017 0.000825199368179388 0.744973831364671 -0.0641189284461331
-0.0156086208403395 0.0367007855008156 0.422993404073396 0.778734562440542
-0.031999410137675 0.00979484774756219 -0.28536862566935 0.602435140169826
-0.0323504175371335 0.00330606413478903 0.0152810390291895 0.10076113337417
-0.0165121246933855 0.022162970900369 0.377422399278574 -0.517291114583071
0.0108019570816088 0.00601990262656104 -0.287173772526784 -0.866038120323618
0.0164623099241967 -0.0303262679243448 -0.83572950618379 -0.0773137441060371
-0.0186864766670276 -0.0432561630455997 -0.265601830647483 0.578211586066474
-0.0225310716615812 -0.000576980894270819 0.27316445654557 0.322668547924159
0.015196053965813 0.0129905945256938 0.19357683389794 -0.0446582272947706
0.02525450871656 -0.000906929332298817 -0.0809740772361275 -0.190716133430683
-0.00238152139095729 0.0105218845533972 0.0882227506276135 0.154587490692395
-0.00190170049856273 0.0111521447851942 -0.137923383827789 0.0696727230469637
-0.00597447645891073 -0.0119041823107032 -0.27520069901073 -0.295140653214189
0.00807841074381087 -0.0418089518518317 0.163814708911831 -0.531714391134923
0.0474889866317192 -0.000433696005207051 0.741946025403236 -0.0750706509335131
-0.0140980632446232 0.035792354632278 0.429407217466381 0.771271160801789
-0.0301509055886551 0.00668542059742192 -0.284334789467291 0.604068231018907
-0.0300226285485791 -0.000921817774955672 0.00996200196662676 0.10346770030459
-0.0147755198247922 0.0181886303247706 0.378532518121736 -0.513231462483926
0.0116142087198106 0.00568632482950128 -0.275670939161573 -0.869570244517829
0.0193318195215495 -0.0289765750115176 -0.837399522090311 -0.0931699064362722
-0.0150321654683893 -0.0417056829976632 -0.273378825823733 0.571661719313627
-0.0247051883959888 0.00114340667073646 0.273129198743269 0.324310788528971
0.0127583841121039 0.0143324073163682 0.196425385430027 -0.0430828913589746
0.0217644269121999 0.00194880934109056 -0.0790721460288401 -0.191989911726729
-0.0049102703620255 0.0136759400664157 0.0884751591836716 0.153793437428188
-0.00452534558485308 0.0123476002355028 -0.137010411281291 0.0691555046456167
-0.00787130504347445 -0.0100436180968467 -0.275819270974555 -0.295214378946438
0.0100915449205495 -0.0417880056748436 0.161919092046037 -0.533146548058156
0.0502094307254005 0.000268271820726078 0.738185428385781 -0.0793497045465208
-0.0118417812643639 0.035070475533 0.430752853923008 0.766147907412435
-0.0272272803684018 0.00231172462106412 -0.282932959450094 0.604054282808706
-0.0247228719321307 -0.00450506074252258 0.00615770394716635 0.104373445041935
-0.0122702661214753 0.0151606328677068 0.37597898037099 -0.511456207312159
0.01296972066781 0.00582171481108712 -0.273604872334041 -0.871415383400283
0.0220604572481863 -0.0263217552052853 -0.83424214149499 -0.0992912997440294
-0.013697001876346 -0.0401272193176835 -0.274419051836038 0.568663773461424
-0.0262251227708278 0.00319489110024029 0.272497983346699 0.326283824912186
0.00967582753335145 0.0166875176491042 0.198397408052706 -0.0415201633057744
0.0192565499249163 0.00466004369431007 -0.0767336718130152 -0.191262631237656
-0.006097220661496 0.0154469977542071 0.0894431263438351 0.154600844651541
-0.00654879995478143 0.0149317735778408 -0.136851305041827 0.0700528459030573
-0.00817904552993767 -0.00913935497640195 -0.271917184486404 -0.2949800464011
0.0122587252679732 -0.0396888678531541 0.164059129230065 -0.531129251440377
0.052929417129315 0.00238370345178881 0.737772654700106 -0.0777416542264988
-0.0104701917844807 0.0348241760515379 0.423953176785373 0.766006926227945
-0.0235323285366463 -0.00249796727008061 -0.28967536626175 0.604066195259733
-0.0192534873957353 -0.00835001208098802 0.00477925886998205 0.103883196740131
-0.00795441332942797 0.0112596676758679 0.375512971207817 -0.510832649562167
0.0145311804082293 0.00596362128953095 -0.274815676091896 -0.872483204908821
0.0239602718914411 -0.0246147152209213 -0.833352303283431 -0.0996695296516226
-0.0128386715457847 -0.0376469909104158 -0.271422546341946 0.57017710459909
-0.0276434100180819 0.00418246325509348 0.275102332084792 0.32689710606646
0.00712713514751277 0.0192655617663373 0.199556122915638 -0.0408158515988233
0.017845653655626 0.00643338522787424 -0.0766209038716239 -0.191359776308628
-0.00750219875296595 0.0177236815144294 0.0871299734834942 0.15617404864468
-0.00827044224073374 0.0158247378474631 -0.137211867917152 0.0699712987147329
-0.00906117160481266 -0.00725639566071804 -0.268751740334686 -0.296141909305486
0.0133065199752616 -0.0371260440920021 0.172842006078861 -0.532106149101696
0.0561192963457481 0.00478263184880213 0.742173712812352 -0.0673637821368563
-0.00939252502002218 0.0342758700449958 0.41687017913993 0.772046308365376
-0.0206423488727788 -0.00604333270219172 -0.294802969054419 0.602420924488839
-0.0136573920274065 -0.011469458490617 0.00519145411569812 0.101714501928339
-0.004369536475515 0.00878926516553691 0.373000372601178 -0.515677014085569
0.0157512560648063 0.00660789987137279 -0.282049523718494 -0.867980797796625
0.0257793688176157 -0.0220982331473986 -0.832258822423505 -0.0892203281438449
-0.0132895855523733 -0.0344213597293672 -0.263485765338361 0.574663005104035
-0.0292021216321221 0.0060415712931739 0.279024645636754 0.32727460296521
0.00607982686326167 0.0207302288016124 0.200271565254296 -0.0412257219302071
0.0157449563411473 0.00908917811146201 -0.075635189943343 -0.190573172923483
-0.00787830116883735 0.0190326839816693 0.0868262037473252 0.156805142515789
-0.00967381474558193 0.0160693650388651 -0.138961551780695 0.0685531409829744
-0.0110238273338624 -0.00657464565913644 -0.264796618857064 -0.296872483045567
0.0141168569524088 -0.0346673519987559 0.185122421679746 -0.525572447969272
0.0572056575917507 0.00855766313950339 0.7483108312615 -0.0516951149665943
-0.00806996053531308 0.0345650776890493 0.405606675595578 0.782003706557143
-0.016003845284633 -0.00803011131398086 -0.300714562066122 0.596555230462862
-0.00904035590732493 -0.0143277698354168 0.00960483444940305 0.0981270190196717
-0.00110200101074286 0.00694156706612204 0.36732048054849 -0.52021125910544
0.0180022402758622 0.00634483540507855 -0.298258074842585 -0.858573737767482
0.025817815522636 -0.0203206113242464 -0.831436271121242 -0.068782593958303
-0.0143627614972609 -0.0328305402355352 -0.252241231801664 0.583069939930323
-0.0297321193229644 0.00734904020842436 0.283147848654845 0.326840102632202
0.00426678857714218 0.0208537189052502 0.198533611569593 -0.0427464432061293
0.0152533182514946 0.00972275508004806 -0.0767867806748862 -0.188137985210198
0.00208472837964927 0.00581185352100441 0.0834479541488563 0.158121611244305
0.00235780631788574 0.00549616991635131 -0.146206770796984 0.0647811080213831
-0.00470707782945908 -0.0135149530864105 -0.268010339864983 -0.304227285112015
0.00313301195027842 -0.0403589871293836 0.197266124338255 -0.520476445764101
0.0422198331171241 0.00382235147654881 0.76278138483101 -0.0213249263843825
-0.0169885685271576 0.0383833964373644 0.398809783295002 0.811137818189043
-0.0318455412082145 0.0117807848469178 -0.3038121300321 0.596650269037765
-0.0310148993463376 0.00659383686967375 0.0280371463785393 0.0935354128662293
-0.0151775293229725 0.0251940329376116 0.374272104677581 -0.532757968875218
0.0112039042292991 0.00742289589093766 -0.317258652809138 -0.852891175762827
0.0121192103169178 -0.0276923732498312 -0.83649967127907 -0.0399136610502617
-0.0247541987789706 -0.0415061075031891 -0.244937531777183 0.601356528610866
-0.0238150275400185 -0.000420866769556382 0.28350953884713 0.324077209572946
0.018495755840851 0.010204511115376 0.190641273039291 -0.0483636075771928
0.0284564449375703 -0.0040980768126616 -0.0848108445521964 -0.190839326494965
0.00134626037675527 0.00712122791963487 0.085813375574468 0.157207354925361
0.00194905502566203 0.00689078842378123 -0.143665779430438 0.066211023333861
-0.00466806046701042 -0.013620167420736 -0.269570573138083 -0.302494035027527
0.00360885759508388 -0.0416731097918677 0.184661154401019 -0.526004751245189
0.0430234455845493 0.00193597460225198 0.759496723741747 -0.0401047581226234
-0.0163632415866384 0.03734310992885 0.413743311370804 0.800092518648137
-0.0330646378615904 0.0117932304572019 -0.297774356849706 0.601362282017684
-0.0333691036511479 0.00518298857300306 0.0210387643255352 0.0979731143831531
-0.0164718603009855 0.0245588000025878 0.3795015751506 -0.52920845971097
0.0108167006860601 0.00719907448881109 -0.300815477321087 -0.864133645030185
0.0136529442392042 -0.0295301884644224 -0.841408866047625 -0.0609858200576712
-0.0220997840492248 -0.043145205330307 -0.259235603529781 0.591927022349307
-0.0236870529361995 -0.000846176590994368 0.278591208605602 0.325527008030796
0.0173400483990568 0.0106923751285238 0.19284781581709 -0.0463636774350918
0.0268201680873452 -0.00342645712681017 -0.0825186627444078 -0.191578795546912
-0.000611310496969599 0.00859385149626929 0.0874160661301148 0.156308829150977
-0.000116255239560967 0.00821626501024243 -0.140898140214374 0.0678578767452487
-0.00597958878648042 -0.0126335403999768 -0.274011963707575 -0.300693170291707
0.00469482795756352 -0.0427463219018537 0.17606939098459 -0.532262397081164
0.0452579520394896 -0.000304527515269087 0.751466520334855 -0.0591366914844749
-0.0152580639678017 0.0371939474623613 0.424618640506546 0.789325152825799
-0.0325554030418583 0.0101129787542749 -0.291272185981655 0.605946669515052
-0.0328594335482313 0.00364443711388034 0.0141638030135414 0.102395304961739
-0.0168022354871211 0.0221876781753718 0.383114319040264 -0.520320850308212
0.00977426239755895 0.00700858072217056 -0.282658332943406 -0.873950587300937
0.0174401782069607 -0.0294982465605413 -0.842485122006143 -0.0845306150486686
-0.0181415936236463 -0.043663109657855 -0.270785369429934 0.584188457989343
-0.0238753880975709 -0.000562504125750717 0.274981757142622 0.326833017813809
0.0163454526495035 0.0123934833289422 0.195768755996956 -0.0436655905228812
0.0252621201653406 -0.000873502630727003 -0.080776234844146 -0.192445904874487
-0.00237535672181477 0.0115540866741966 0.0880680879512132 0.156101358933362
-0.00159025131213623 0.0107277345900273 -0.138554399060245 0.069173311871895
-0.00627527466069294 -0.0122245906354561 -0.276600495390944 -0.298457580491104
0.00745840538855322 -0.04231843353979 0.166621423354716 -0.536255216238841
0.0472331597818769 -0.000240843050758131 0.748611860107921 -0.0714680567022158
-0.0136120215386677 0.0360468800853728 0.430216030559788 0.780080837933073
-0.0307113794231364 0.00701181519337918 -0.290212716922992 0.608635800902873
-0.0294245905721646 -0.000114487378523449 0.00929883315109874 0.10431222754264
-0.0155540809257451 0.0184845491927442 0.386052378978663 -0.514806995946738
0.0110857567269371 0.00653003114694779 -0.273323041868436 -0.880631558121343
0.0197134575885548 -0.0280821693693625 -0.845585397315876 -0.0988896154056155
-0.016074759062153 -0.0424879260195094 -0.278862657822328 0.577017404178947
-0.0244183424740339 0.000873893694300868 0.27547612926057 0.329004092081296
0.0131934252213905 0.0146636187454834 0.199170172978691 -0.0425295844665566
0.0215998598784989 0.000934123572888126 -0.0789539834351196 -0.193667160783062
-0.00488783253888543 0.0141100558300078 0.0886059513386749 0.157010015212503
-0.00342601618855519 0.0128958747057662 -0.138630361451763 0.0696120218442094
-0.00734733168599761 -0.0102576590877512 -0.277109645163552 -0.298264700432719
0.0098135253647574 -0.04167896229162 0.165822293605732 -0.53925389327385
0.0510025658522148 -0.00033148992747941 0.746110590136128 -0.0772881602013394
-0.0129662543374029 0.0357295347598581 0.432913714648394 0.775109538082635
-0.0277427492957836 0.00255111091944453 -0.290654213538638 0.609933442881288
-0.0245332661182177 -0.00441928948508161 0.00508902478665394 0.106070540410415
-0.0120923339446098 0.0150623226533613 0.385001712598377 -0.512740377596808
0.012757612063387 0.00608944137777448 -0.269389368357397 -0.881581436813887
0.0223090308570022 -0.0270585435547896 -0.843177124143509 -0.105988058858677
-0.0146371851295056 -0.0408000640645714 -0.281433060188702 0.575114193266557
-0.0261949462422608 0.00250822822226529 0.274495637863068 0.331929057788363
0.00980461588518506 0.0164392110317111 0.201448420395087 -0.0403426682193484
0.0189161218509981 0.00425830343760099 -0.0762744104720852 -0.193729627366359
-0.00628837487294032 0.0160437462194668 0.087855610628161 0.155856132452383
-0.00564486692638504 0.0151805745966808 -0.138383993807663 0.0701458122524834
-0.00772779095100462 -0.00864152486587169 -0.274565950195704 -0.299379141880044
0.0111346215145092 -0.0395891890822615 0.168966559866281 -0.538421885048443
0.0538293806866057 0.00175375028375464 0.747585241329121 -0.0754951038088951
-0.0105252188078504 0.0349176693173624 0.427642869737786 0.777758341649589
-0.0240656064372623 -0.00183897677876945 -0.295030321198257 0.609490787570042
-0.0187760689499288 -0.00884427608516234 0.00377639188657542 0.105709836276249
-0.00939726695857178 0.011285620150537 0.382617667031676 -0.513575724142773
0.0139123528013062 0.00622765620839843 -0.273498564501557 -0.882363023068437
0.0245667454491861 -0.024501367529327 -0.84140256258369 -0.104222122391053
-0.0132031293318898 -0.0379821897787434 -0.277600627160076 0.576059504304647
-0.0280576981205547 0.0038922360119798 0.277156640620326 0.33275720380436
0.0080509559885713 0.0183091109243552 0.202120437299456 -0.040468961845764
0.0173877911295966 0.00691873402913426 -0.0751228593486744 -0.193740375046166
-0.00798848296786519 0.0184032601318702 0.0863397300321178 0.157883140713385
-0.00832872236789746 0.0158777160029538 -0.139297999161879 0.0698882620347597
-0.00945469867464189 -0.00738908832297777 -0.271137492149363 -0.29940915157902
0.0138734289133962 -0.0375176804117892 0.177984170995284 -0.53574900845385
0.0560045156803495 0.00497526060538902 0.750138097478429 -0.0662239885036399
-0.00938696929072045 0.0344855935591015 0.41845841392607 0.781775112521031
-0.0204190494455713 -0.00553088899326495 -0.300952392566808 0.605273339224908
-0.0133804277930977 -0.0121130037393826 0.00460738847924696 0.102342986223202
-0.00469611389040947 0.00898115446272992 0.378369536223414 -0.516676205867119
0.0160679791380864 0.00654196388956617 -0.281976293998948 -0.878309358677095
0.0263709276178518 -0.0220303053228448 -0.840253915153625 -0.0949363950141774
-0.0133823113687536 -0.0351927036789876 -0.269044240392356 0.580545350784339
-0.0297873344489277 0.00553052661854246 0.279756934817673 0.332884978384577
0.00523818692495278 0.0206204445383923 0.202193149453273 -0.0403120050926841
0.0149068332153559 0.00780301791316949 -0.0761482103849791 -0.191767244178528
-0.00881700765392825 0.0196371722626895 0.0859262939095398 0.157960315342695
-0.00879721746218415 0.0172155098624628 -0.140496907132076 0.0691507764977633
-0.00992574726636611 -0.00603416976356759 -0.266661470078113 -0.300221990243431
0.0142962249648048 -0.0334286811694565 0.189118973364115 -0.530706850448915
0.057705676274176 0.00822288859572976 0.75644898385195 -0.0497465422595497
-0.00884335277157144 0.0347647944162399 0.405701914218888 0.792171329278492
-0.0166942114067613 -0.00868498129603252 -0.307717557848824 0.600998468810876
-0.00848284304430585 -0.0139219027307611 0.00873904132858371 0.0986047262621266
-0.00116605160443067 0.00709576491131141 0.37346281241551 -0.523494745797224
0.0178262704204994 0.00653777147305784 -0.294281735457765 -0.869610775154339
0.0263583816950124 -0.0206779512973251 -0.840550607459302 -0.0763768067358564
-0.0138814774924007 -0.0331735043729298 -0.257945398019291 0.587449406749386
-0.0311170779247256 0.00700655692004542 0.285531001572063 0.331284255770256
0.00428774562036562 0.0204870686616448 0.200870768143905 -0.041727244407748
0.0154035354270984 0.00846029682617765 -0.076037989754441 -0.190376836043198
0.00237804943204676 0.00658665549008473 0.0832288607651747 0.159565760067806
0.00347339921768583 0.00464536508469016 -0.14805324011341 0.0643683610393468
-0.00440120662042348 -0.0137840771530843 -0.270380935637694 -0.308380685235312
0.00323553059326349 -0.0404545696590536 0.201650356115174 -0.526298164554122
0.0425063385798054 0.00417218453844474 0.773933770904868 -0.0180225265976588
-0.017205776541526 0.0392851230313078 0.40491330843815 0.82414252238685
-0.0320947664902979 0.0118226403314328 -0.310728317986368 0.603386547162286
-0.0318219049982879 0.00590268956437004 0.0275449617643504 0.0955406132411683
-0.0157173701454178 0.025219408444449 0.381147961360206 -0.537433143094429
0.0110160243175948 0.00794517369479356 -0.317136313876979 -0.86556411002238
0.011945507835463 -0.0288794514192994 -0.847447775443389 -0.0412155932028892
-0.0252026401047048 -0.041768039606789 -0.248720862452132 0.608599146640471
-0.0240572175541946 -0.000668815884892605 0.285280403198487 0.327945309961918
0.0187177403337275 0.00941848549457424 0.192949578627631 -0.0490107169939371
0.0283443572916779 -0.00484554268302894 -0.0843023877632251 -0.19392678024311
0.00132188521001845 0.00761448723203885 0.0850040473740641 0.158031680137551
0.00232301830876205 0.00677531933060549 -0.145386676364943 0.0655844315057785
-0.00491727901469651 -0.0135770335461285 -0.274242534450329 -0.30646911928357
0.00471211625420864 -0.0416205996058673 0.189333536189971 -0.533209183709716
0.0434095244131651 0.00136744367248035 0.76796671317063 -0.0387663983504575
-0.0163400896366106 0.0384143368721599 0.416868194415031 0.809584970009826
-0.033383861667441 0.0117888748690723 -0.303204011569362 0.605993245076712
-0.0334034113675688 0.00541519234964453 0.0206275819771722 0.099101601985814
-0.0174912513891494 0.0247713991002782 0.386354068392152 -0.530984104580821
0.010349910311103 0.00724108914743552 -0.299407099454343 -0.874759441174423
0.0132814139800583 -0.029646152683469 -0.851795080227253 -0.0649943840157821
-0.0224605477131272 -0.0441732139958874 -0.26455400037214 0.599713550827476
-0.0229986088782888 -0.00026895124815963 0.280718572951145 0.329232336543074
0.0178722466250582 0.0108318443868284 0.19546846237293 -0.0462315874576516
0.0270042601922095 -0.00396411946803004 -0.0830087857909284 -0.195427059373073
-0.000258450235880548 0.00875092340493339 0.0865260086390857 0.157503582927116
0.000575869738052208 0.00848740415359527 -0.143444585184465 0.0680328956675359
-0.00560065263100608 -0.0136663856326351 -0.277377270765221 -0.304217998906562
0.00478077375745694 -0.042304189457241 0.178989515610459 -0.538874129690448
0.0449066613109873 -0.000162670285013093 0.762654955652882 -0.0583792397154128
-0.0161917466896349 0.0375101190096639 0.430217455406537 0.798823308974775
-0.0322720472646676 0.00953662594942824 -0.298686226897945 0.61224564854931
-0.0333234720316109 0.00325394817224947 0.0138853534937172 0.10343704537992
-0.0177394853796698 0.0218598601525819 0.390557260392661 -0.524323140241528
0.0104204003703667 0.00721865557662208 -0.283832201487098 -0.886688191075256
0.0172307604754138 -0.0302593189203363 -0.853657748523685 -0.0872851766909074
-0.0190045556157735 -0.0443554065384937 -0.27650488631357 0.592230397334497
-0.0241218789426127 -0.000219671565189612 0.27796353136173 0.330240459678153
0.0158309578705463 0.0121294740320155 0.198946063987754 -0.0441722419356748
0.0249589802687617 -0.0010185524150706 -0.0814953844142748 -0.195731943918646
-0.00230798189582974 0.0114484140202199 0.0874831694163169 0.157616826297343
-0.00171339102882594 0.0107964575797438 -0.141089022395061 0.0689064315026568
-0.00522110315958468 -0.0112788898445464 -0.281321043319647 -0.302795967769421
0.00841313595535074 -0.0418054619942718 0.17033478585981 -0.544991919299609
0.048471749992349 -0.00043457081957211 0.758254985846189 -0.0697891930834198
-0.0146353288364128 0.0361489224140121 0.434141019007248 0.793039472655919
-0.0307807534548934 0.00611294963966607 -0.297141403645334 0.613522499847494
-0.0296307404141869 -0.000957493699423899 0.00794090600975487 0.106046399531105
-0.0163656781669061 0.0185439901425227 0.392104252224367 -0.519621468951609
0.0112447369453976 0.00586898776138387 -0.274068856491497 -0.89248346211998
0.020379582283145 -0.0289554693092694 -0.855727794270934 -0.103297667242518
-0.016376812243979 -0.0425848785227486 -0.283981990049352 0.584432074021764
-0.0247670180742973 0.000573690677091753 0.277537795647631 0.333051464322908
0.0132114248529855 0.0141965893010612 0.201465926462888 -0.0417900886622181
0.0224219153063827 0.00159583637875359 -0.0786640314098742 -0.196386274165459
-0.00518331724806564 0.0144456735998934 0.0881199759332329 0.158155257277813
-0.00376859655600395 0.0125386512502081 -0.14153374301526 0.0701695176996872
-0.00645502890874296 -0.0104794368832334 -0.279656420914456 -0.302254535016254
0.00928373647582072 -0.0411931576474767 0.168574267610196 -0.545038791599501
0.0507622243211047 0.000451599161261237 0.756034638653204 -0.0764573916999193
-0.0126997412208267 0.0360113550805556 0.435991482916507 0.786185346163543
-0.0277733827671547 0.00210416603224892 -0.295946050088208 0.614555194123142
-0.024801262343255 -0.0047896285706075 0.0049610985301411 0.107535846492561
-0.0130172595746901 0.0149409576597796 0.392878019641357 -0.517845109833525
0.0120789136218692 0.00696957023965097 -0.268073569822574 -0.894584730599698
0.0229206790908442 -0.0273296981427572 -0.853036742927705 -0.108052749833458
-0.0146248455593916 -0.0409120615355444 -0.287074754155972 0.581124847959411
-0.0264468737782019 0.00254680810876446 0.277394729647356 0.334674885147025
0.0104350735635811 0.0168902052072994 0.204478016927606 -0.0410071189728341
0.0189317777761123 0.0038977510283019 -0.0765447689174529 -0.195942968112892
-0.00661441866286745 0.0164385760010358 0.0876297191517601 0.158003431319247
-0.00576673111090733 0.0153429180273423 -0.140324836450223 0.0697563901083064
-0.00830402354221415 -0.00843659786047259 -0.278061768073708 -0.302209074419598
0.0120254710345266 -0.0392570173666818 0.173154406411994 -0.543553429414179
0.054298138830961 0.00157670602111675 0.757240821268746 -0.0733412251251913
-0.0106179966284112 0.0352117074160809 0.429993851629727 0.787700288117392
-0.0241241711107108 -0.00154111906910456 -0.299820246553294 0.614287266479642
-0.0193550867947674 -0.00892176932561171 0.00251171955244342 0.106480680805975
-0.00947489970753723 0.0119584110639766 0.3904189770594 -0.517801986901283
0.0142425388864555 0.00727113803255637 -0.2721887525019 -0.894725482090576
0.0246341075263978 -0.0248250090560882 -0.851654384163984 -0.109803022605066
-0.0131928259524387 -0.0375612736107559 -0.282530592737067 0.582729480790885
-0.0287084869223087 0.00459377484833631 0.279775544447658 0.336345690145451
0.00734166668208612 0.0180545168947586 0.205057237594632 -0.03931518071383
0.0169882629167724 0.00623111808531841 -0.0752845433248489 -0.195911532749101
-0.00795286719961168 0.0189197894688785 0.0870866330991509 0.158426454714095
-0.00837251919480897 0.0158245417429353 -0.140928390171891 0.0703295430081959
-0.0086259905802 -0.00690393697258987 -0.274374530340917 -0.303233820158259
0.0136992636121941 -0.0369030144627966 0.18051001562678 -0.541627692929933
0.0561152485055728 0.00429808926247695 0.760614420672819 -0.0640853662489317
-0.0101285495271802 0.035165624095558 0.42227411863658 0.792672603942334
-0.0207413710685883 -0.00522499184586496 -0.306302772428459 0.611513387030107
-0.0137056728760635 -0.0125964694980258 0.00395067017655399 0.103587111203274
-0.00563475956544511 0.00926070520389928 0.386260705558907 -0.521746984146396
0.015621930144302 0.00706510458176237 -0.278374380970786 -0.887908559203015
0.0264124091875937 -0.0220348230153333 -0.851466687718516 -0.0980894432088754
-0.0130761096360323 -0.0352763254585216 -0.27385730742242 0.588372211904988
-0.0298660271575662 0.00572084086633524 0.282539277970958 0.336060116991528
0.0054969219184008 0.0199887396477937 0.205027666279212 -0.0396759824183418
0.0150622664021233 0.00825695140210656 -0.0750185421321731 -0.195092420477468
-0.00824115805501545 0.019459800657109 0.0854101504488338 0.159916565456472
-0.0089979122036831 0.0176971486678695 -0.142991005953651 0.0693540913813983
-0.0101293450490028 -0.0060048510613691 -0.268833928690766 -0.304728793958565
0.0141858215082281 -0.0341164401633886 0.193568104859877 -0.535577403822399
0.0580084783280687 0.00827260565120464 0.766401875827357 -0.0464932146282198
-0.00865156287542742 0.0362671526255398 0.411099392155478 0.802442357305086
-0.0171085154933911 -0.00825322327194814 -0.314674161426505 0.608222616444793
-0.00777664532926797 -0.0145888274494435 0.00810429704306277 0.0999719979201823
-0.00184432866310512 0.00692433391364962 0.380911222757705 -0.528024795030528
0.0177655485766465 0.00673111155476317 -0.295218447019496 -0.881820607558939
0.0264227386787571 -0.0209761221582542 -0.84913138628776 -0.0789281799696806
-0.0145549910014706 -0.0331874472807459 -0.2622572558604 0.593423074692605
-0.0306609984568871 0.00729149013203321 0.287108919363943 0.336653237275286
0.00416896746559234 0.0206331116918322 0.204780850326086 -0.0415708517168463
0.0154706321208457 0.00914607674947993 -0.0758517014336682 -0.193579818628199
0.00214577547404792 0.00636115554528377 0.0836881788410239 0.162337524225876
0.00378203071887318 0.00559577993428415 -0.149635689711436 0.066106044614643
-0.00393090577782167 -0.0144262693622127 -0.274141744415509 -0.311091851030375
0.00266560650640038 -0.0409458918209866 0.204345662839697 -0.533362789269351
0.0432562417680124 0.00262062063278235 0.783639442062692 -0.0175419680823148
-0.0167399144407438 0.0391631307146673 0.408923237272689 0.834492941820419
-0.0321400801117535 0.0106493204950043 -0.316829641428847 0.61025043751268
-0.0315618755027573 0.00669535313921696 0.0275376322989369 0.0954392183151553
-0.0162343610282998 0.0262847773389884 0.389157055585483 -0.544970192021578
0.0117602824199981 0.00876638672636776 -0.318299223675867 -0.876525051058976
0.0127285974986728 -0.0289413036049612 -0.859719757599123 -0.0433910838451156
-0.025220003295078 -0.0429540179561389 -0.249514960284582 0.618951175082641
-0.0243679534916801 -0.000848905085697662 0.289583241106521 0.33196558394893
0.0189453294765003 0.00907660647556049 0.196683479682704 -0.0494622260612824
0.0291020455186913 -0.00529751931046226 -0.084849759399284 -0.196179775896223
0.00125790413549057 0.00725340006154896 0.0855293971473221 0.160454557563538
0.00228686921425695 0.00665936785542119 -0.147957348672855 0.067391193733645
-0.0038492227309967 -0.0142431055232015 -0.277693605055878 -0.30923793201356
0.00373836977300365 -0.0416015586155551 0.189762884237237 -0.539712388785601
0.0432202061255152 0.00128597385906741 0.779780045146364 -0.0384403116983994
-0.0170600628793375 0.0391028828462014 0.423168494985415 0.821286291159056
-0.033994472788663 0.011766161121091 -0.309560813413085 0.615295673016106
-0.0341062826048744 0.00547700908588694 0.0216526560243538 0.101605542233098
-0.0185057363056069 0.0245986234578909 0.393576026185885 -0.536509360393783
0.0105941365029187 0.00831016928889731 -0.302121216403361 -0.887911610545937
0.0145054955579475 -0.030449699353084 -0.863112321501561 -0.0672064071255382
-0.0217801876222953 -0.0449614725175788 -0.267888237100957 0.607192156512605
-0.0232646171140013 -0.00091528845936177 0.285472425569956 0.332866360080414
0.0179725834470556 0.00956620816430546 0.198906433619524 -0.0463848898211871
0.0274365015446314 -0.00393552404643063 -0.0828312718786504 -0.198190264834446
0.00012572720368644 0.00967607108379726 0.0870534057021031 0.159898087567031
0.00149101401000155 0.00814864001584114 -0.145272939307434 0.0688026010335898
-0.0046633942672507 -0.0135085739540982 -0.281167176210275 -0.306970433645925
0.00620399170923229 -0.0419486152765989 0.180898859275639 -0.547174171611831
0.0452031106650507 -0.000511329546485372 0.773016198531991 -0.058468055170918
-0.0159423748235532 0.037871167960378 0.43484893132628 0.811450704488402
-0.033574913979693 0.00967204704561101 -0.304524668087195 0.620642038221229
-0.0334561723956912 0.00353414333961166 0.0142403006089393 0.105458433529618
-0.0186256061420333 0.0230174147569421 0.398788658212875 -0.529555129172321
0.0099590330043311 0.0076295989537492 -0.285387038442326 -0.898648571204963
0.0173230141984384 -0.0305759613594685 -0.864831902984208 -0.0898339533579866
-0.0196290126168761 -0.0448299629263383 -0.280105747675933 0.59881953157486
-0.0238717979320048 -0.00113503628610632 0.28169824606944 0.335900010731405
0.0161080540128905 0.0123810486005096 0.202314371169463 -0.0445035890522526
0.024819584640505 -0.00212689634319309 -0.0811145443484883 -0.197369301405183
-0.00260686424258007 0.0121471209750511 0.0878171127912916 0.159005056745662
-0.00160711079647663 0.0103052224991055 -0.143753802812904 0.0706862289580786
-0.00481081804047747 -0.0126174497549464 -0.282134075579949 -0.305710584819035
0.00708139664149784 -0.0418756808908083 0.171333135711213 -0.550519025744046
0.0482429514797272 -0.00172955315999044 0.769876194754982 -0.0693023056926249
-0.0144668362741856 0.0377241833848918 0.439119088903363 0.801657740531284
-0.031373596155343 0.00594459454614399 -0.301549947294076 0.621593301550211
-0.0300007447676132 -0.00136503228760023 0.00706898476754596 0.108259996097689
-0.0166803746005447 0.0189560195648319 0.398913099555291 -0.52572747240088
0.0113861611545812 0.00666962838806299 -0.274148060336405 -0.90521614415155
0.0205674987824016 -0.0297716015668684 -0.867182718696562 -0.106385340669171
-0.0165728538264732 -0.0442576473658615 -0.288337451530989 0.594349745065883
-0.0253587823561854 0.00111262995093672 0.281368995063476 0.337855067590365
0.0134833668197684 0.0136608116390596 0.205747849049529 -0.0420790742585238
0.0223435500449367 0.000889956059856276 -0.0788730343773783 -0.198323613885337
-0.00520687108135793 0.014861892076547 0.0882595045150326 0.158942931151801
-0.00290664372535311 0.0129965279272655 -0.142099784721416 0.0705078739263882
-0.0062436659253598 -0.0109466612142109 -0.282654684946544 -0.304734341561605
0.0092490792582316 -0.0412716259810822 0.170170351124854 -0.551127855403279
0.0516965266376425 1.58565244879477E-05 0.767569546238639 -0.0767774592849449
-0.0121963434975349 0.0365838046682628 0.443203697772527 0.797581033419846
-0.0287533528347512 0.0026591774740521 -0.302125414841592 0.623380768787651
-0.0253991074497436 -0.00448283995648199 0.00407888273834256 0.110071151635882
-0.0143436521290043 0.0149570725437578 0.399175157519011 -0.521661304974828
0.0120380825635358 0.00689705091487837 -0.269350353670502 -0.907211232921884
0.0232488558769889 -0.0272862998794939 -0.864385489609047 -0.113099473247687
-0.0145121773377288 -0.0420741744378431 -0.291507876787467 0.591602692212097
-0.0264817354210642 0.00220074018926046 0.280389112246721 0.338709371946569
0.0106117081154547 0.0160759735851237 0.207950039104214 -0.0402153706427132
0.0195839826865924 0.00333069249981865 -0.0766379599854192 -0.198649912816564
-0.00701774646258235 0.017267466150236 0.0882815988287148 0.160150291226713
-0.00594199444963293 0.0149154467543308 -0.142567442548061 0.0711269426756362
-0.00758181195936707 -0.00985935069448069 -0.281362690856786 -0.307609823761485
0.0116885913643234 -0.0395334641625577 0.173444813217132 -0.552331269053196
0.0544336659860317 0.00152334510023859 0.766523557798928 -0.0746451248438092
-0.0110897629232446 0.0360019541579291 0.437961713560763 0.799063162017356
-0.0246304676381423 -0.00199300020876497 -0.306409123338201 0.623383216268925
-0.0195648489320736 -0.00913276378554051 0.00251221799974893 0.108716000456275
-0.00957507739672315 0.0118126582957186 0.397006760988566 -0.523394824528814
0.014151478749334 0.00736625152817831 -0.274376157042935 -0.907352611465427
0.0260606074369963 -0.0246953777444483 -0.864257995126813 -0.112795378543439
-0.0134557012739858 -0.0396234949528888 -0.286905307885894 0.590540668965218
-0.0280688881706915 0.00454371319929456 0.282951823065159 0.341225231784593
0.00698485939151568 0.0175312840419887 0.209237286308465 -0.0399204562902892
0.017145881318819 0.00646715118131708 -0.0768857341366499 -0.198667024742683
-0.00896693333429539 0.0194704798601707 0.0877414244589667 0.160467363546107
-0.00723641154096781 0.0159550636571793 -0.142709502020456 0.0706941228627062
-0.00813415583529276 -0.00718024140132487 -0.277040267244123 -0.306704972284965
0.0132428744909246 -0.0371922507765242 0.182302366049431 -0.549411049179661
0.056878444009885 0.00460566331308395 0.770210142742632 -0.0659313205968598
-0.00993543577677849 0.0356518936168816 0.430670827935217 0.802686065023376
-0.0204790333725417 -0.00632642324598176 -0.313248175721525 0.620676587964887
-0.0133957308403053 -0.0113555008440509 0.00513060747937568 0.105679814072764
-0.0064524362718299 0.00882443728531993 0.39331888352214 -0.52747130442985
0.0161923779786943 0.00754839866289228 -0.282870281590526 -0.903810833083624
0.0272568103780591 -0.0231864833167375 -0.864505489583526 -0.101534063403022
-0.0138844058175577 -0.0370147131345426 -0.278528199755574 0.596552677414218
-0.0311522582368403 0.00596412329661874 0.288171860887604 0.341468311610602
0.00540456553249333 0.0197394177187634 0.207881740546029 -0.0403587328441793
0.015854043747036 0.0083418997199051 -0.075753073559942 -0.197405937328913
-0.00867667406146603 0.0201409796370261 0.0850924103266516 0.161732658290568
-0.00921818144772621 0.0159671800726575 -0.144349868958786 0.0700700694796403
-0.00987813260974177 -0.00552352277337879 -0.274043940285583 -0.308453702569384
0.0134429391246083 -0.0348861701381939 0.194330420299936 -0.542658991353242
0.0583994997477886 0.00911155427207473 0.775925834330673 -0.0490251186981776
-0.00866447268151524 0.0357189624356962 0.417269582692211 0.817163760007999
-0.0169817276783595 -0.00902300969675775 -0.318679598967743 0.614855705154659
-0.00759760723359361 -0.0142041598759739 0.0079686392738254 0.101302026266034
-0.00231990400609683 0.00723628464566481 0.389339643403815 -0.534729730336422
0.0171125627175566 0.0074398686521317 -0.296883959644525 -0.893910454680342
0.0272569931149882 -0.0213443917636394 -0.861318101618208 -0.082232341765491
-0.015059922275974 -0.0336900108129552 -0.266090344234834 0.603074951947838
-0.0313558259909768 0.00717137529313936 0.2916413016005 0.340871308685925
0.0043451802021706 0.0200759884397891 0.206377651073925 -0.0423206250939096
0.0148525796271657 0.00823996162284718 -0.0760404865692141 -0.195795558331645
0.00271309445153634 0.00720647045797223 0.083750560727886 0.162600125774384
0.00318799769634744 0.00550115606183062 -0.151982442870233 0.066262944681852
-0.00388519303504299 -0.014168486572252 -0.279032848832823 -0.315059820936001
0.00347850848333877 -0.0401859428374901 0.205726156402355 -0.542580983099793
0.0429214225984832 0.00379288246330254 0.795625208023964 -0.0205826367413134
-0.0173195190957392 0.0401705441601259 0.4187868789829 0.846488284813254
-0.0330872030261857 0.0119524732691017 -0.318925501251232 0.619175966874242
-0.032439959256799 0.0065976893406537 0.027466121171023 0.0976897431728111
-0.0168942971870651 0.0255080684718081 0.394617843424406 -0.551167192843611
0.0115774485230134 0.00840000919304153 -0.324732901701304 -0.890155839301838
0.0123788739729018 -0.0300904031590258 -0.872646914880261 -0.0423679272211774
-0.0256583377653817 -0.0434533741807907 -0.254225622087345 0.627715907522189
-0.0241005131199781 -0.00105328682871199 0.294275494842941 0.337022705537537
0.0194522908806801 0.00791979243521359 0.199156131106147 -0.0499223325051568
0.0291902663297884 -0.0057285148251413 -0.0859506655436619 -0.198476931144075
0.00185518045248009 0.00786188955865016 0.0857078524301702 0.161798490324987
0.00309333263638168 0.00670794083483296 -0.149279255770871 0.0683047702257499
-0.00341710290302902 -0.0140107033229355 -0.282569015083746 -0.313028158478072
0.00387811805289384 -0.0418980121739556 0.193369004640428 -0.54912766631261
0.0444532107719708 0.00129123661954319 0.788888685314007 -0.0416817073117026
-0.0177483631448114 0.039023830435832 0.432110627986693 0.833818709931197
-0.0343088710540643 0.0113573784152182 -0.312276986223399 0.62481428235377
-0.0338448638782992 0.00539069324658394 0.0208048258457141 0.102591841994323
-0.0186308365897767 0.0253265641840725 0.396505907750851 -0.544531618453052
0.01105355764399 0.00716806314405776 -0.308883429051832 -0.901931502346978
0.0150069959844005 -0.0311443235546801 -0.875742363959927 -0.0664064010174476
-0.0227076179736732 -0.0454423703091688 -0.269745421223323 0.618156567311294
-0.0240937264761455 -0.00132298643001582 0.290218873384327 0.337275782493645
0.0179551602820625 0.0103976662050054 0.201852592637911 -0.0478955948579935
0.0276158082100521 -0.00427772269071177 -0.0846134618513965 -0.199856704863699
-0.000454042948093024 0.00988478638460997 0.087771397760012 0.160781003033578
0.0012406385722104 0.00874872605571407 -0.146885163141541 0.0696474100658749
-0.00426303861981185 -0.0132308306892213 -0.286486255862777 -0.310663409757652
0.0053452702860031 -0.0420207222951172 0.181638343328144 -0.554326598285616
0.0464099726305752 -0.000368855257460873 0.785596602075755 -0.0613115738273661
-0.0160659956087975 0.0390390957186576 0.444059045189101 0.822179139533714
-0.0343335348378952 0.0104753415843825 -0.307971567296776 0.628531377480976
-0.0332964751334361 0.00315893997253813 0.0133279092897246 0.106303103262179
-0.0189230044715254 0.0221655153633824 0.403308038499089 -0.537389615411665
0.0104946064303278 0.00706484296542181 -0.292098656308442 -0.911005021747086
0.0179328958781541 -0.0309113979255828 -0.879171860993582 -0.0901002173187364
-0.0197260478483839 -0.0459162561719038 -0.282459474793742 0.610621745540673
-0.0238165699899716 -0.000437685197573901 0.285407839228314 0.340911518241471
0.016377831048171 0.0107399870542378 0.205471759900512 -0.0444272950727083
0.0253953720976884 -0.0024424120370684 -0.0821948945598728 -0.201074919149871
-0.00278601777905176 0.0115861861672492 0.0880796455682268 0.160359826745193
-0.000294703247702068 0.0105165872676651 -0.145767808969719 0.0719633021825816
-0.00513938199696909 -0.0111436287708358 -0.289316187125361 -0.30939124020877
0.00697221380899711 -0.042998231735036 0.173412359075779 -0.560293016948022
0.0487418875476509 -0.0003980221225671 0.782244954195129 -0.072565672099269
-0.014313757461678 0.0380684721934271 0.450839459390398 0.811820863928192
-0.031925472216571 0.00706050963532104 -0.305107252252495 0.631564125387819
-0.0302957603720374 -0.00106211412892976 0.00803944158744796 0.109437368734598
-0.0170926407616802 0.0195604071918896 0.405230634457543 -0.533055560996047
0.0108519768089328 0.00639657929039034 -0.279661675059741 -0.91944632955097
0.0212413453808487 -0.029894462257042 -0.881646304771738 -0.108472305109117
-0.0164556822979367 -0.0441225591221772 -0.290994129499026 0.603502978694424
-0.0249098861116109 0.00124361327026153 0.285366902296189 0.342014212751855
0.0137622723026935 0.0134744070324323 0.208413099973639 -0.0431622950162429
0.0218116483381719 -0.000296551182628418 -0.0794245870478778 -0.20161099889548
-0.00526047883651215 0.0146790785829607 0.0887789770618231 0.1600975436881
-0.00274338797462487 0.0120626484098554 -0.146072044168439 0.0716138055916307
-0.00567769566149672 -0.0103694747698749 -0.288546088815756 -0.308375766371766
0.00930361030557586 -0.041484317247787 0.171291050467244 -0.561050047159127
0.0522227756418692 -0.000813032356719017 0.779891055912674 -0.0787878407433711
-0.0130380230171219 0.0377512452669691 0.451755669243846 0.808416010891533
-0.0285492789698358 0.00308440893180701 -0.305649012662458 0.633618716099734
-0.0252859576381716 -0.00550412815177815 0.00359596128258256 0.110703272216858
-0.0144442671848527 0.0153885729966323 0.404826718033323 -0.530772466465761
0.0126720426633167 0.00597823482649024 -0.27614580567311 -0.921348355943576
0.0230586490534027 -0.0279180842406827 -0.878302608853781 -0.112982629376818
-0.0150911311163963 -0.0419476303566028 -0.293042654916055 0.600311746874432
-0.0270330366549472 0.00243910141477521 0.285142459155673 0.343090530070584
0.0105102957707046 0.0154474867131364 0.210244723945428 -0.041230312172135
0.0190799142956264 0.00312964359188725 -0.077793149798267 -0.201523449136313
-0.00757424730723902 0.0173458846823364 0.0883994751686659 0.160526115773027
-0.00486486819169869 0.0140372469958742 -0.144267736599672 0.0731389640354491
-0.00689693970284323 -0.00798378222682521 -0.287364841146112 -0.309500903410132
0.011868773447426 -0.0397880579986978 0.174180459894274 -0.558598187305687
0.0558199761265711 0.0017710732625929 0.779275611881282 -0.0779073588993015
-0.0113336373040271 0.0368148826207032 0.447153137275172 0.809728724074996
-0.0261426934056764 -0.00193059329264429 -0.310027896565079 0.631430787137003
-0.0193010971832369 -0.0095221135761585 0.00239275799731147 0.110318957491064
-0.0116541448993658 0.0113320303628481 0.402067147382121 -0.53083238116931
0.0139771423837128 0.00713732419403703 -0.2784745044165 -0.921388538216069
0.0259884772495923 -0.0255170396464386 -0.878443562808689 -0.111990766333306
-0.0140159278255287 -0.0394848968858392 -0.288443799713401 0.600785928718531
-0.0296435947373727 0.00415455557216592 0.287324123703406 0.345290704678403
0.00769047048952594 0.0173252474044143 0.211854718139181 -0.0408560873184066
0.0171586777009239 0.00577269607269521 -0.0771892367864641 -0.201368778662994
-0.00865279667267853 0.019265907920205 0.0878831227926294 0.161955033738286
-0.00706482160367158 0.0159348836834027 -0.144968454179447 0.0720968274458694
-0.00903225412402728 -0.00741921171061777 -0.282887339041293 -0.31028108458746
0.0133403064774715 -0.0373566968237106 0.184114352139385 -0.556886096985151
0.0573745172177659 0.0044042481250649 0.782840388000345 -0.0677961990708891
-0.0101639869254502 0.0367382691853636 0.438908192865911 0.814473823134856
-0.0205270820780919 -0.00563745423337271 -0.316687795700342 0.629802522770202
-0.0136028939198813 -0.0124619769535129 0.00337597967268118 0.107898600057437
-0.0066563708308541 0.00924393408824151 0.398981795399295 -0.535155793684425
0.0161919620730453 0.00796697120086869 -0.286587372406856 -0.915819233847401
0.0271850711043855 -0.0228465496453807 -0.876466693756275 -0.100432474160762
-0.0144690346751072 -0.0367392490635073 -0.279815999971494 0.606727942747689
-0.0304312575358751 0.0056646776811104 0.292413357917259 0.345724836897676
0.00583419635280011 0.0188915349272058 0.212197212912722 -0.0411752004517346
0.0152820409718065 0.00817942614505979 -0.0757569745872933 -0.200039078551675
-0.00910799599773173 0.020453367605763 0.0861252985743795 0.162903140940273
-0.00855396988386054 0.016487060302348 -0.14686225346985 0.0713797346816639
-0.00958229272710874 -0.00569667347163596 -0.278574569356412 -0.310977819854612
0.0144348052628969 -0.0341784346370449 0.196214172245184 -0.551015290303894
0.0592347345854888 0.00855632658933901 0.788718017766016 -0.0505991200387798
-0.00941058234506998 0.0371779580433911 0.427840314569676 0.826026235238518
-0.0178108979352498 -0.0086356176761819 -0.323097626922606 0.625010312105201
-0.0081068110735743 -0.0146197438133095 0.00700869874657196 0.104037633000516
-0.00243123991122839 0.00749058401781587 0.393595657585176 -0.539778978311483
0.0178193498386392 0.00751890855330283 -0.303634379465244 -0.90763199251622
0.0273458216205037 -0.021589002989645 -0.874623796054884 -0.0812675759551939
-0.014908015820402 -0.0343183416511462 -0.269476152346182 0.615382215424091
-0.0316581824714127 0.00720458382680603 0.297282583551799 0.345154852142665
0.00512911718154498 0.0197048330660464 0.210770951709246 -0.042933494872026
0.0145445075760582 0.00810533975289523 -0.0767868656823423 -0.198588425752634
0.00268221934491072 0.00730377540046107 0.0845872882793392 0.165069598501689
0.00427744587911143 0.0047227967866962 -0.15394406552596 0.0675650600775497
-0.00217712445519649 -0.014002872206052 -0.284297188367872 -0.317719773666859
0.00334070259577578 -0.0410496822529422 0.204247364207335 -0.550813310301278
0.043388334191385 0.00322511170961725 0.808087616230904 -0.0227010614611319
-0.0175543708848901 0.0404874844809058 0.428951182660535 0.857734842403642
-0.0332701293390726 0.0120101621392905 -0.322299703317459 0.630341550459469
-0.0327185978346069 0.00643266674214146 0.0281236316765896 0.0993270455336283
-0.0172237419857992 0.026417740060682 0.398543690806375 -0.560871132410046
0.0117462019959838 0.00852999007068528 -0.331361094753947 -0.904602036077343
0.0122778621634738 -0.0304590500408769 -0.886673621704822 -0.0405074313571535
-0.0260799416304449 -0.043916409346194 -0.255716142897943 0.641083273059713
-0.0240788343900512 -0.000168039175769387 0.300886790590543 0.340122908141816
0.0192168584658667 0.00758899612276311 0.202214583657329 -0.0504264757126072
0.029066111980345 -0.00639621114023689 -0.0870187905522034 -0.201015253793545
0.00098283207559949 0.00839811041668418 0.0867316289005936 0.162910051168912
0.00370421359816847 0.00671393751782768 -0.152134655860762 0.0704625228548204
-0.00305046967515872 -0.0141772850237948 -0.28776761618191 -0.314411318228362
0.00363981703403231 -0.0419493056697218 0.191940671948502 -0.557991218027243
0.0445538965998412 0.000321312722867118 0.803313483011348 -0.0459922533709697
-0.0169913954149622 0.0403836024581462 0.443066174258163 0.843228019899715
-0.0346439268377373 0.011463202140787 -0.315357107168308 0.635836345423034
-0.0349207700043862 0.0054090453935309 0.0212279955826107 0.104405551839028
-0.0198474388864132 0.0253209431937868 0.403654737801531 -0.552990106319927
0.0102461729467093 0.00743552169204485 -0.315283901313621 -0.91492695354486
0.0147590762242549 -0.0315541787052609 -0.89082171445565 -0.0648978535092765
-0.023934815774422 -0.0454259655916708 -0.272527412871756 0.629981813587349
-0.0237182584644551 -0.00200985232288819 0.296051741462064 0.340525710337871
0.0193478268394514 0.00839862328782024 0.205082231930939 -0.0491199601698926
0.0272635441685067 -0.00451108377198261 -0.0854169660616498 -0.202950272300338
-0.000640997016446947 0.0101151587328302 0.0890683161523017 0.162845700814564
0.00168791007255688 0.00769161728339401 -0.14889952265088 0.0725213043704256
-0.00388523553778164 -0.0131670263434896 -0.292859771654568 -0.314216740429907
0.00533929690152055 -0.0433241440691835 0.18065220314356 -0.564178986930349
0.0464880671469091 -0.00126578031691406 0.796974651953061 -0.0656334665579321
-0.0157418513517876 0.0399939034029018 0.456995705541497 0.831938902741071
-0.0343477283465297 0.00975205101716903 -0.310308385977832 0.641004016190629
-0.0336549908603328 0.0030756234094433 0.0135750824273034 0.108907021491205
-0.0210118522120994 0.0230912089293362 0.407153545813004 -0.544886749519278
0.0102694650811444 0.00738282193021623 -0.299150318623222 -0.925197594455443
0.0184001866735425 -0.0321241591400609 -0.893763076619626 -0.0885958485557571
-0.0207834954795089 -0.0452365800330459 -0.284711641562918 0.621252654146939
-0.0248234652665123 -0.000463538125828222 0.292978705113404 0.343310010173443
0.0171877358400984 0.0104083869916285 0.208411211481059 -0.0466522950823726
0.0251660876529331 -0.00228631486889863 -0.083476025292554 -0.203220609304711
-0.00338882044997506 0.0121318984274606 0.0897746813404153 0.162766390335137
0.000301317744706295 0.0104406061221966 -0.147303803665635 0.0739557454979117
-0.00513606802445009 -0.0116280753757289 -0.294395890898155 -0.312528509969745
0.00697719421820577 -0.0428402857145152 0.172467058199112 -0.568832826573584
0.0494077593083635 -0.00163743380504985 0.793273971020758 -0.0800299598417017
-0.0147587174489774 0.0394028367130351 0.461090901610251 0.824797502926508
-0.0319361338888973 0.006864353827859 -0.307776696499724 0.643119444170093
-0.0305122320406576 -0.000704036035320565 0.00826926336298052 0.110596582298606
-0.0187650207609943 0.0195903274235184 0.411338710933046 -0.542231471684069
0.0107656067258971 0.00701781651315912 -0.287019627315418 -0.933128889605714
0.0209751794564374 -0.031105000959178 -0.893656879893805 -0.105309769603155
-0.0175969320690486 -0.0447638973005186 -0.292161563971494 0.616094952779905
-0.026656923514196 0.00110863167032778 0.291171231161409 0.345787572752322
0.013535032647596 0.0125743550936534 0.212461149457038 -0.0435689628389236
0.0217785582107626 -0.000390398882439406 -0.0816321887872428 -0.204908280181798
-0.00593144210535191 0.0153548791761408 0.0898505729469134 0.162701247036894
-0.00280629382017411 0.0123287738120073 -0.146558638269998 0.0742727171504726
-0.00666320097995182 -0.0104169902893811 -0.294645530891699 -0.311160206975527
0.0093133132111889 -0.0420582679007622 0.170616951492892 -0.570013724145224
0.0526760973874107 -0.000963584603227156 0.791629390726189 -0.0834613448192264
-0.0121300396101137 0.0380082431078177 0.465221592304614 0.818691842734448
-0.0293155005829467 0.00311203837468358 -0.30834987939472 0.644259763737539
-0.025182203845957 -0.00541959556308479 0.00413859268050341 0.111768584286901
-0.0152163705517276 0.0152368619430769 0.410103365415931 -0.539443886529585
0.0124291904116611 0.00734267286977858 -0.283078030836282 -0.935298753933577
0.0241551768969207 -0.0288507092652426 -0.89327086153431 -0.111340685282174
-0.0156922852855387 -0.0431163455165097 -0.294550466427297 0.612126845964082
-0.0276092995329916 0.00266390672674886 0.291505494357527 0.347247611219181
0.0106688029902592 0.0148680077765822 0.214438144319488 -0.0422066574152525
0.0191015798352104 0.0025757708961363 -0.0788978586750512 -0.203784400586936
-0.00778603115690231 0.018020747942314 0.0900281870015008 0.162769144843753
-0.00453912439194211 0.0141308078466316 -0.146049877356843 0.0737736929881732
-0.00666625316632571 -0.00967136382235809 -0.291267428480214 -0.311837919954169
0.0112386700684293 -0.0394186584569822 0.175107120547417 -0.570566744261591
0.0560170541585257 0.00144731745570283 0.790041651863251 -0.0834962254098614
-0.0108916573188506 0.0378172128497587 0.459768960266812 0.821187094525777
-0.0239117859298291 -0.00193017866528044 -0.312479410257237 0.641245503351744
-0.0194746910017085 -0.00953517426907647 0.00158473017941292 0.111629850823727
-0.0110816899775854 0.0119039510462101 0.406654082386575 -0.541823030452301
0.0136366765098474 0.00698770444396791 -0.287330101700811 -0.935010372463646
0.0248385119495111 -0.0261144524704114 -0.892573244988702 -0.110548783945392
-0.0142338994038959 -0.0394833839583471 -0.291898958660557 0.611867945556882
-0.0296985131676142 0.00500512584202487 0.295169308331547 0.348405273200495
0.00699899030887164 0.0161772242687909 0.215219596984137 -0.041876163498217
0.0166630451986927 0.00484241662340356 -0.0780482209410144 -0.203201415351369
-0.00921946799990195 0.0201293195830663 0.0888833529617459 0.163037017040781
-0.00679859075224744 0.0159086548320036 -0.147276379753282 0.0742009996007054
-0.00753360369107491 -0.0073797616965235 -0.28886466800597 -0.312651329128834
0.0130679351928424 -0.0374577958399319 0.18289275076294 -0.567460357850532
0.0586830363658935 0.00384949065981552 0.794336967282003 -0.0727188682730783
-0.00948920214882192 0.0371181380178405 0.449178944871783 0.825154214352453
-0.0219354919703577 -0.00602656181432889 -0.318288825524601 0.638847409842283
-0.0140456463830713 -0.0123741724427316 0.00357601630942987 0.10919655917705
-0.00693576873156668 0.00883520183907532 0.405195815137925 -0.542922021804726
0.0162296713926082 0.00826603686230216 -0.294480282850003 -0.929786552878897
0.0263348331580865 -0.022930253530851 -0.890681255917451 -0.0997307584928123
-0.0149419806848901 -0.0368474980161716 -0.281950618792149 0.618892206384898
-0.0311576124497527 0.00653735291025937 0.298615927731872 0.349156322890333
0.00569496069828507 0.0187948950666152 0.214727508001622 -0.0428574182309749
0.014841927018893 0.00698764917862864 -0.0772760979151301 -0.202134366277583
-0.00883226144690537 0.0217962765346016 0.0874978519813107 0.165409692514919
-0.00850462497244298 0.0167636877819635 -0.148740950511189 0.0733166980577215
-0.00916063424353465 -0.00625192937585606 -0.284518932018766 -0.314648812359029
0.0130860427054365 -0.0340571142910995 0.197091378311751 -0.560677638065989
0.0597714050422463 0.0078616682524832 0.801048904388212 -0.0549578697323238
-0.00877168392279753 0.0383414451971578 0.436128931494953 0.837743073297874
-0.0177822618076722 -0.00846548806788932 -0.328078611048292 0.635993760762061
-0.00763639699290394 -0.0139496560178568 0.00743103701869564 0.105283688254414
-0.00373170991536728 0.00684550671120325 0.397645941290541 -0.549610753829536
0.0176543864906396 0.00816329766164716 -0.30863591427191 -0.920233942674257
0.027616353429989 -0.0219423754514737 -0.8885931241225 -0.079487487328117
-0.0160060142797521 -0.0348381004410103 -0.269014018648546 0.62735505814344
-0.0329373823481549 0.00746181051958531 0.303399614202789 0.348282915993344
0.00520232120224212 0.0192474022609377 0.214051879658246 -0.0438213090071218
0.0145180327408808 0.00748814022078508 -0.0784353212516033 -0.201059532314789
0.00138450804272864 0.00726063129028229 0.0863118751973504 0.165917689975548
0.00516740189832283 0.00445978017761788 -0.15671098975683 0.070427618310503
-0.00271906498514449 -0.0141870574162844 -0.291152141102614 -0.319930064741626
0.00234462173325016 -0.041563279066286 0.203021561005262 -0.561400685041245
0.0446826306368706 0.00231900724997149 0.820377119604567 -0.029616730836659
-0.0171164967191221 0.0413327036221395 0.443370539588402 0.865273750151843
-0.0336269594790481 0.0127838763701739 -0.321266442684721 0.642945839460085
-0.0327938722907258 0.00696672526055931 0.0300103226972951 0.101428763852561
-0.0178756583876639 0.0273496510138132 0.400363777130667 -0.571633248968555
0.0113205263753882 0.0089603257694905 -0.343011531281619 -0.914018786969937
0.0116674771088769 -0.0316311934650422 -0.901422069200205 -0.0321945856988644
-0.0274926042257535 -0.0446060320435435 -0.253755808973628 0.652326992386901
-0.0249892388388646 -0.000779486334285278 0.306949715781918 0.343228562236148
0.0200042705323621 0.00703438493861967 0.205852948230893 -0.0536912109138462
0.0288816371026663 -0.00765077797200183 -0.0896600261848361 -0.203564401795724
0.00132708862256878 0.00881576262151398 0.088352067170973 0.164795474351702
0.00396873716640133 0.00538659310652333 -0.153764336438935 0.0729960545619244
-0.00274900828245215 -0.0147744552221682 -0.295306508815111 -0.317548278111675
0.00285977781350996 -0.0422080049978354 0.1896848015992 -0.569068108618881
0.0448750232596636 0.000691253970023172 0.813420385819412 -0.0527232649139299
-0.0166186038203873 0.0415800975169326 0.457918109161589 0.853374930284248
-0.0349612583042753 0.0133068316184091 -0.315998650698131 0.648604344231522
-0.0347779806589294 0.00599373602888329 0.021612550685268 0.105905465088612
-0.020550338146374 0.0256205597513179 0.40765580216355 -0.563343797729499
0.0111983414349923 0.00764704708569231 -0.327431420974661 -0.927096608191849
0.0154435839902577 -0.0325639835744411 -0.904674029400887 -0.0579291559843362
-0.0252758466288077 -0.0473979529036985 -0.269245405938024 0.643814811532343
-0.0237856338892422 -0.000144622423523596 0.303371300232213 0.343097662666711
0.0188521523874943 0.0076674733111115 0.208792536117973 -0.0510021682705603
0.0277898360803611 -0.00613602080002913 -0.088169036810785 -0.204313354471926
-0.000866323274487235 0.0106452520218455 0.0904085352148164 0.165147069744038
0.00210438752537566 0.00751354873208809 -0.150360196864207 0.0744054652997734
-0.00315133174611596 -0.0132225395889531 -0.299345344828172 -0.315803033015629
0.00460968326715658 -0.0431803476859668 0.17794911747711 -0.575046478383189
0.0468290074472012 -0.00113261123056566 0.809257107812206 -0.0731448134287158
-0.0159141291912147 0.0407956152468799 0.470815880514936 0.840975045187319
-0.0345353318853376 0.0109162482039949 -0.311432738640101 0.652839842176243
-0.0336847862806109 0.00309876063798672 0.0136564177583273 0.110239508079717
-0.0204606643526623 0.0236088964688475 0.411578603999932 -0.554882233972377
0.0104574843553402 0.00789393496902978 -0.30951915902218 -0.936807580238424
0.0181063434474795 -0.0321811236044363 -0.908545198775119 -0.0832426673209232
-0.0213098117278803 -0.0462672804500258 -0.283942208770686 0.633730950531755
-0.024117691459222 -0.000825254442371536 0.29928008288873 0.346129599522033
0.0170330840567042 0.00982156098060383 0.212474170820957 -0.0490228486415543
0.0252793808792281 -0.00383376795022606 -0.0854879064206722 -0.206157897401391
-0.0032160252650743 0.0135359036452121 0.0912264835678578 0.164202251177326
0.000343091809853547 0.00991829507936836 -0.148153363041193 0.0758886413435482
-0.00401381879783962 -0.0121381347271723 -0.302029817755345 -0.313947217533149
0.00697526758641998 -0.0426859386445727 0.170551246573005 -0.57971312685626
0.0495394384915086 -0.00194315488576071 0.806068625772183 -0.0852061795822014
-0.0146850791450459 0.0398433775342211 0.47626596938206 0.832489503091852
-0.0324814792038633 0.00729915740494654 -0.307275642924942 0.654088370999459
-0.0310617012375266 -0.000522591309214791 0.0090048572417497 0.11358025753393
-0.018903618052917 0.0200784881949588 0.414055953720341 -0.551239359743351
0.0109066449437746 0.00691541977694349 -0.297378146685888 -0.945251688811385
0.0213734621174008 -0.0314232247339278 -0.909937311424299 -0.101553727434977
-0.0182022949321557 -0.0455572041503678 -0.292621460191607 0.627808889645506
-0.02629487172613 0.00149955125204025 0.298572567667524 0.348279663534591
0.0144857886171688 0.0125687908433524 0.215376296934666 -0.0466013321337723
0.0221728576297738 -0.000881634161589261 -0.0842470470088834 -0.205821828732404
-0.00607896818041825 0.0161470494881842 0.0925318159113403 0.16387724798751
-0.00210999211305722 0.0121879151489627 -0.14885307654638 0.0767666219700287
-0.00554467940665988 -0.0111500062640843 -0.301206489304859 -0.312538077837812
0.00921394744372525 -0.0419260786951329 0.168028948887939 -0.581055722130101
0.0528227215484499 -0.00135318693025549 0.800279308101706 -0.0936474201289801
-0.0122847485028424 0.0394314353806546 0.478177047730837 0.828220923543811
-0.0293652203182153 0.00259158150567024 -0.308899357458184 0.655102820935559
-0.0257205320770499 -0.00511869482641599 0.00518447963313239 0.115082926878262
-0.0165122421518521 0.0160742542688665 0.41326006020972 -0.549413602423499
0.0131304273720438 0.00761384884992197 -0.29355004795331 -0.947610525718935
0.0235839965616242 -0.0298918093340771 -0.909343915497082 -0.107425503595507
-0.0162316028275064 -0.0430164242318588 -0.292665030133842 0.62390956101562
-0.0273263490735493 0.00284024009263524 0.298865874383484 0.350440158922119
0.0108834344339324 0.0145384517111184 0.217633069598231 -0.0449543933480455
0.0187683867555725 0.00204125710231611 -0.0816928182317561 -0.206349244054885
-0.00700795135444082 0.0180307605992177 0.0917337999640253 0.164231251903143
-0.00422838704024843 0.013892467155689 -0.148086053068746 0.0770011218461962
-0.00618359171229021 -0.00880559455037074 -0.299091812626526 -0.313391075025369
0.0112181952765709 -0.0404025859897254 0.172212651665453 -0.580017620725786
0.0563951005414875 -6.43229409353768E-05 0.803663590320764 -0.0889616565153258
-0.0105577768953007 0.0384694767153673 0.472054433608918 0.82805752086916
-0.025200163512395 -0.00162261264990364 -0.31087679700094 0.653925650355421
-0.019895452608385 -0.00981275387673844 0.00278351719820728 0.113907080371951
-0.0119712094516559 0.0114721889991423 0.410913721189451 -0.549494913792548
0.0143671836946784 0.00739872414608997 -0.297641866963817 -0.948347005983366
0.0260153672435189 -0.0264463594893116 -0.907007691421429 -0.1073253314101
-0.0158227192135456 -0.04128749008146 -0.290630876154218 0.624464668467218
-0.0300996741176273 0.00529455075211829 0.301731657797033 0.351525129770559
0.00798941963722614 0.0163764980102974 0.219734728769224 -0.0443269536425407
0.0169314550049752 0.00445027830119463 -0.0807738937405423 -0.205665693252484
-0.00813776012243852 0.0206165824551879 0.0902206110044744 0.164428769090558
-0.00607999422051175 0.016413406155329 -0.1485975349412 0.076855045365197
-0.00788146371705897 -0.0067885091631969 -0.296235970947168 -0.313457707301703
0.0122720840922176 -0.0377378164731369 0.182256084930922 -0.577527361938276
0.0596823704819831 0.00364643324579969 0.805786606218988 -0.0801102060086654
-0.00873767354067372 0.0373355766614874 0.464714635030304 0.834774778299755
-0.0205137503588488 -0.00645132755362177 -0.319801356541042 0.6515716367428
-0.0141837513551103 -0.012837801377247 0.00456616893312683 0.111726294733004
-0.00697758047570263 0.00993614561147243 0.407897307165158 -0.554201563619679
0.0163301634857119 0.00772229621899178 -0.305310889637476 -0.942146690548776
0.027758861158176 -0.0248625833559725 -0.905855600657996 -0.0956256162777582
-0.0154549597804556 -0.0371815189909594 -0.279965851649488 0.631063884617237
-0.0318454420465773 0.00688528755284854 0.304554717673031 0.35206928128988
0.00572535754068353 0.0178362932427757 0.219218434980026 -0.0451443089961394
0.01465041314733 0.00610376993551966 -0.0799337920260696 -0.204588566130239
-0.00950548361671269 0.0215366376553792 0.0889134194914737 0.166564574192621
-0.00798293480662897 0.0166153645030575 -0.150381158896964 0.0756971000061657
-0.00925573799519047 -0.00635513048229309 -0.291544413833406 -0.316124115516098
0.0140407704067025 -0.0345496699491823 0.193718005420572 -0.571003690575238
0.0613522854172882 0.00640580604359977 0.812118088311119 -0.0617593270178517
-0.00856029671236406 0.0381734648549989 0.451335322496889 0.846970253304611
-0.0174873543826068 -0.00823224416410938 -0.327525906743214 0.647402052607239
-0.00776573541881558 -0.015246301530722 0.0091379723741278 0.106501248909866
-0.00381305960338269 0.00739171215580984 0.401138972499886 -0.559414165543768
0.0177626131232068 0.00828396627164741 -0.320955467857498 -0.93199878383584
0.0280435404996867 -0.0218801974517746 -0.903200457101746 -0.0762408114933054
-0.0167879904034363 -0.0350554833071787 -0.27050857368599 0.638465477040392
-0.0331279483638803 0.00794460147595445 0.310388448951599 0.351179143906115
0.0052453466805916 0.0182574636260337 0.216917351478157 -0.0463490841799485
0.0141722160351011 0.00753682409033891 -0.0810592043872753 -0.203429218524812
0.00240812071837679 0.0078848241876568 0.0884837556730719 0.167515211815335
0.00522459724616905 0.00389206371858428 -0.157337750935975 0.0737278271261497
-0.00192635805363513 -0.014937091470543 -0.299006719622999 -0.320804212433693
0.00216382815379886 -0.0419729437252261 0.199195525135675 -0.57218809870274
0.0447789246531104 0.0019947822715755 0.832766984676148 -0.040854274283379
-0.0172231879709966 0.0422530803644817 0.462277717411378 0.8726522751301
-0.033647957177831 0.0127169233921708 -0.319987236314609 0.655081689573125
-0.0330063975153029 0.00736359398673391 0.0299701847714278 0.102641336480054
-0.0192348268539875 0.0275233236125701 0.403858605499077 -0.582928904851996
0.0116482292139484 0.00899460833039269 -0.356027585525777 -0.926358894688525
0.0118609696139883 -0.032244331482221 -0.914130002177488 -0.0252521223103101
-0.028652951545896 -0.0452159223043173 -0.250417155438883 0.666212859196324
-0.0254705309679985 -0.000591003315265972 0.316974463077616 0.343412998646032
0.0204864233659462 0.0064766315822652 0.208315755057247 -0.0567687206889531
0.0285339487177518 -0.00880622028889829 -0.0933138093962296 -0.205377752136585
0.00122552674670775 0.00909493668533861 0.0907582141906407 0.165633313925147
0.00420332405352671 0.00559166821095401 -0.154749537079107 0.0754772133740429
-0.00226595606237381 -0.0143834710644463 -0.303654481983633 -0.318944691382369
0.00229493805472297 -0.043126506832232 0.186458617894732 -0.578953778309625
0.0455255532349545 -0.000312434305587143 0.827077499496062 -0.0635477928291122
-0.0166149182822463 0.0422440556105376 0.473857703838188 0.860563168507573
-0.034824471564113 0.0127495321577856 -0.315096356198707 0.660678801854133
-0.0350777093885522 0.00685744231606075 0.0229946270153791 0.107714960404774
-0.0213323646286556 0.0265662961368282 0.407507271731086 -0.575045123744117
0.011196508839893 0.0077309376433697 -0.340091918689956 -0.937840356978055
0.0147733376326179 -0.0329071396080381 -0.919390846221436 -0.049903832605472
-0.0256989370403142 -0.0463236120225075 -0.267448785629619 0.6579104233401
-0.0243847014349154 -0.000838153778907884 0.311166128249964 0.344478249325884
0.0193134840876065 0.0073478389664141 0.211553712505413 -0.0548672894733694
0.0272864571241162 -0.0064694477077699 -0.0905954789802011 -0.207270720905672
-0.000446386273093527 0.0107222791168617 0.0924771883803873 0.165140998681898
0.00287936774093093 0.00775859453533894 -0.151485965561389 0.0781240650153299
-0.00336298742891577 -0.013820990402258 -0.304856157595455 -0.316329869035749
0.0039832389917925 -0.0433077406640986 0.17457831771895 -0.584478563920239
0.0476128691203752 -0.00204062313067856 0.820689036605092 -0.0834618291688408
-0.016444908960639 0.0417313180241029 0.48816765431307 0.849433680912031
-0.034298565370668 0.0111015399681999 -0.309486529214733 0.665507971826341
-0.0343312663052608 0.00326177046834104 0.015441650813395 0.112852055749032
-0.0215478946027797 0.0239663844820858 0.413061607358421 -0.56534680248109
0.0106721583190629 0.00712838369921778 -0.324767903900491 -0.948550686653417
0.0177792246704442 -0.0331099791799863 -0.923496158350194 -0.0765887288050162
-0.0221024608322664 -0.0476291929063881 -0.280015689440885 0.649122901997311
-0.0252669564371927 -0.000420937036374437 0.307433211082802 0.348428614976172
0.0165840440133444 0.00936816530779576 0.215288841352344 -0.0517166366487127
0.0247298501095227 -0.00478577949780673 -0.0895921845049584 -0.207164626697586
-0.00325223230908835 0.0131813761747452 0.0940629725495335 0.164473012989189
0.000605448994395737 0.00931648360538684 -0.150501602098119 0.0789941533957948
-0.00480405829996229 -0.0120336979940213 -0.30950980354252 -0.314024335131257
0.0064408456483637 -0.0424488506987792 0.16579745755195 -0.591592598975055
0.0505933004488969 -0.00326074779714687 0.816808846563573 -0.0943676598722683
-0.014123161127646 0.0406704566814076 0.494316639827313 0.839324006245746
-0.0327029208265285 0.00716779555604799 -0.306252764895525 0.66581274452957
-0.0311043394823504 -0.000870242874714838 0.00878132671789843 0.11484270312391
-0.0199805750519136 0.0203600712485212 0.416520848433572 -0.562813468954903
0.0120833414492832 0.00692136785955068 -0.311008951543256 -0.955933269118051
0.0210315431154738 -0.0319743894141066 -0.923840405060842 -0.0924066473345668
-0.0180653203787247 -0.0464611466138366 -0.290366062684924 0.641877591358476
-0.0258363379570797 0.00159646247000689 0.307338790792645 0.350096195987869
0.0154963732493632 0.0119876503732382 0.218172476176671 -0.0492085344834218
0.0218383480159849 -0.00186700453839077 -0.0865230286491566 -0.208470999424109
-0.00551598223143648 0.0161369670000976 0.0942984827142057 0.164892012394382
-0.00131722273317082 0.0118027115284416 -0.149395345604898 0.0793176822393347
-0.00469236361303493 -0.0107625301595059 -0.30878170475256 -0.313870879557072
0.00833412266367693 -0.0424474305877984 0.162972528747911 -0.591087923965999
0.0546295552041296 -0.00173304192806458 0.813276609105329 -0.102600451363815
-0.0123595082688637 0.0400474329237629 0.495287728338453 0.834031719340963
-0.0302313916191971 0.00285384071299936 -0.306037996217915 0.66976603072231
-0.0265109538656438 -0.00468461108834685 0.00542427382243957 0.115805641439568
-0.0168928556402437 0.0163411371379314 0.414006493790918 -0.560952666279666
0.0133261099689855 0.00741238482506255 -0.305371620804167 -0.959566427843632
0.0241405403567957 -0.0298302005958117 -0.92352026124961 -0.100051373935371
-0.0173673142971901 -0.0438460344896994 -0.290232458605826 0.637149577194881
-0.0285419130690462 0.00371766774822333 0.307905453045431 0.3521534755569
0.0122682205505235 0.0131080658468522 0.220918253270153 -0.0481251652960558
0.0185339429771989 0.000687585021333992 -0.0842202548300181 -0.208156213447086
-0.00739420330253503 0.0191978612015003 0.0940079956594678 0.165321268783711
-0.0040113910358281 0.0142826749043092 -0.149458628219364 0.080167506581348
-0.00632287224237411 -0.00865311590940683 -0.307088196517754 -0.313782289623867
0.0104303926788476 -0.0402583449067238 0.16755939514315 -0.590865210575398
0.0571724380922884 -0.000324344516067721 0.815927108564402 -0.101545356025491
-0.0103093283315147 0.0394075366591626 0.489947216306326 0.836887216292169
-0.0258256656936905 -0.00221062550516996 -0.312456176082449 0.666663407288131
-0.0198383857340365 -0.00975249755385956 0.00367784007723068 0.115596141986476
-0.0134630237064351 0.0130099960665185 0.412450037656932 -0.560108051790747
0.0136692949171546 0.00762605622315696 -0.309049432850455 -0.959559112510409
0.0266673434568306 -0.0274556308362495 -0.921183759832516 -0.0980193414274469
-0.0155267375034565 -0.0416383415146343 -0.288584298792555 0.63799929573981
-0.030719777992226 0.00525015957963179 0.31102679350826 0.353414572123587
0.0088846406955133 0.0159584448408043 0.221663187245006 -0.0476979797067509
0.0155759120523329 0.00395519349170901 -0.0837416527113462 -0.206876837963214
-0.00957327843128211 0.0218087462189822 0.0931367778864831 0.166207032028841
-0.00584000614228392 0.0161600875892659 -0.149986537672341 0.0792933219940201
-0.00753549562583908 -0.00697386179051082 -0.302733809140766 -0.314966058551512
0.0122708214685201 -0.0372645960795144 0.177218162025705 -0.588407848489307
0.0599275316952449 0.00267075920511674 0.818139034364366 -0.0907144270395501
-0.00872884336325168 0.0390205206299942 0.482336373863651 0.840801526361039
-0.0213782999267404 -0.00532113193269424 -0.318244522948697 0.66458468539064
-0.0140729015939028 -0.012573334524988 0.00547356739121017 0.113328279019066
-0.00766412612206136 0.00981944304339858 0.408651654956323 -0.565743665746988
0.016243950285864 0.00725983987599573 -0.318878433588235 -0.953792153486609
0.0277205817315138 -0.025057304788757 -0.922206876105846 -0.0880974856293485
-0.0164368359498112 -0.0377731384330882 -0.277055897537301 0.643935200794528
-0.0320431034041621 0.00695766403112373 0.313084067130225 0.354125636902074
0.00620194424497814 0.0173061950109417 0.222064873765588 -0.0475233828558183
0.0146343780795579 0.00577611243742314 -0.0829328464536845 -0.206768362202844
-0.00906266966300056 0.0222416408196286 0.0908251366573851 0.168164005069667
-0.00754830009894112 0.0168477031674397 -0.151190664672466 0.0790702408966042
-0.00877027774858064 -0.00668535381232959 -0.299272878533912 -0.315647933903219
0.0130281628359932 -0.0341061909016051 0.189770020703859 -0.581741142289731
0.061861943753225 0.00687015208270964 0.824829138412373 -0.0739778618690362
-0.00751846577406139 0.039463893614218 0.469908379692353 0.853162278463622
-0.0176875795735706 -0.00849336178247548 -0.326148279236834 0.66105970868489
-0.0083610301481779 -0.015391282311053 0.00961142962273562 0.108883977405508
-0.00445236302509301 0.00801304677243397 0.402508571896279 -0.57175635241405
0.0177316001535016 0.00828807278010537 -0.333467442311851 -0.944137750192056
0.0278337564692902 -0.0232241143896815 -0.917482485716964 -0.0660280432240797
-0.0173767430044671 -0.0361458451870635 -0.26594719161399 0.652275726993742
-0.0332322082882683 0.00821096449889117 0.31935729255609 0.352212139142414
0.00568780017535437 0.0181403255276689 0.221149712737232 -0.04956522365028
0.014297802173307 0.00636882654429767 -0.0835275470731737 -0.205215193048572
0.00425007015942452 0.00924859562391753 0.0509335794384204 0.182045565653026
0.00447361853404254 0.00686208740539646 -0.170494424154322 0.0419794499944201
-0.00496787953580996 -0.0135825625025289 -0.23209119990788 -0.378134582214719
0.00156869082262676 -0.0464525691867112 0.31768627397811 -0.53327640084167
0.0473988127960548 -0.004437179277251 0.841864461529449 0.124506701151387
-0.014816400003098 0.0396829932885746 0.287829138104252 0.9672349766031
-0.0360816070783151 0.00868510326222059 -0.457300495021959 0.59395453746431
-0.0336819069108909 -0.00112964632586523 0.00890405025802012 0.108686634351374
-0.0255643789748034 0.0235187231793876 0.521653784716133 -0.505306094576464
0.00741962075305286 0.00655660149717715 -0.174761347933513 -0.997633188522999
0.0128221316162275 -0.0311864547340282 -0.906405935428769 -0.203557650431913
-0.0270556013414423 -0.0452555766698872 -0.379726717200136 0.613607935578601
-0.0250196148449032 -0.000391286957986429 0.247223708478201 0.403280574733298
0.0215322207536364 0.00997126416412848 0.216039580157406 -0.0129352105679943
0.0301326079519308 -0.00340591107254056 -0.0480915666929213 -0.224550645460922
0.00274847911468493 0.0100916420465469 0.0526496991886033 0.181353253764753
0.00410057934434614 0.00899367128032403 -0.168305268774196 0.0449559533733774
-0.00533692219899015 -0.0135322862066761 -0.235886918537439 -0.375377772071671
0.00171715631980423 -0.0473999709133006 0.304924164868875 -0.543986294936139
0.0476414178497061 -0.00550509707751544 0.840135608455151 0.10150329921791
-0.0141142263834086 0.0398392468347768 0.302299559587333 0.95480626989203
-0.037605111562258 0.00784822667105256 -0.451273132221762 0.600023148656262
-0.0347738824310022 -0.00201412737486766 0.000248833131647476 0.112538293149962
-0.026358411419665 0.0219366901776639 0.525157253059399 -0.495496648715659
0.00690312536272662 0.00508528329415216 -0.157174221745318 -1.00405410616786
0.0156109725300564 -0.0318230759093724 -0.90474669673604 -0.226610697233698
-0.0240582729432709 -0.0469521623645454 -0.395058050898975 0.598028171194934
-0.0240983091245595 -0.000834382780731491 0.241922397425187 0.404608075958275
0.0212290537027382 0.0119056834677355 0.219312172644613 -0.0107121967628131
0.0275360695799147 -0.00321755454066721 -0.045531560664784 -0.225942764721327
0.00056307312441361 0.011673695298229 0.0551778055721249 0.179719095160893
0.00150634068554887 0.0106104488083175 -0.166725082235901 0.0471975388770485
-0.00578542512216965 -0.0124515385626727 -0.240813684585107 -0.374148629202564
0.00296461709938522 -0.047074246165065 0.294970921762427 -0.55267692161358
0.0494823560171346 -0.00815508198452438 0.836439736234221 0.0789257453507106
-0.0132592554177338 0.0393327286763681 0.318645923879651 0.946056104392323
-0.037973264577577 0.0072903340369241 -0.44625091828135 0.604716982498174
-0.0342931502306206 -0.00457380097637742 -0.00790320762902442 0.11514980061964
-0.0263820230989816 0.0198183710968148 0.529012025309126 -0.487228434400309
0.00705331493665039 0.00454661745823026 -0.135783155704743 -1.01158037511862
0.0188595674022656 -0.03136555178856 -0.903118085933697 -0.254282869691977
-0.0204016159567085 -0.0463682118996197 -0.408146303017516 0.588040571593238
-0.0253403363139364 -7.39890612133432E-05 0.237842150249472 0.406933013176543
0.0188242527995951 0.0128400800939556 0.222093011618598 -0.0081934458245464
0.0245523838168488 -0.00120721561533067 -0.0436829271128522 -0.225688360229183
-0.00206463110729134 0.0135900286670724 0.0567327611535104 0.179596097277191
-0.000120071940094849 0.0120935367740051 -0.165455133912431 0.0481889062398029
-0.00722251881647572 -0.0111691005500625 -0.243393041368127 -0.373142985079787
0.00444956150563529 -0.0462505763225892 0.287225986423862 -0.560281460913519
0.0528750255205465 -0.00809135963053648 0.835542755092218 0.0658343826036131
-0.0117079567220077 0.0387505568881962 0.325831378468915 0.937918409663897
-0.034768497090661 0.0034959959526767 -0.444912756784612 0.607743026139089
-0.0303652142491906 -0.00731206871560732 -0.0153509270891852 0.116898173801495
-0.0242977616479371 0.0158454706683606 0.52981768575452 -0.481124971955127
0.00814646060793713 0.00404587948003843 -0.123563210870772 -1.01852108636746
0.0220894859389732 -0.0302313699808942 -0.901329091166273 -0.272243213879003
-0.0176970040645957 -0.0450606700512335 -0.414236236701205 0.580145390172143
-0.0268791811525997 0.000951729964777181 0.236347001981 0.407837943289093
0.0151251950074475 0.0146667755368846 0.225857285615729 -0.00397021856399908
0.0211649734063686 0.000969035519349811 -0.0409459228086224 -0.226819202051473
-0.00533622098567972 0.0161595156111563 0.0565934861469874 0.180260558625819
-0.00326910351481777 0.0139839618878617 -0.163829599222642 0.0491228597234205
-0.00881166721556776 -0.0101761548595884 -0.2437511292938 -0.371570244243013
0.00744011590108344 -0.0453599129200847 0.285354047709968 -0.560897351019352
0.0556844292394714 -0.00633219864458802 0.835419745192071 0.0586273805305267
-0.0093482415266385 0.0381194158130924 0.329925249925655 0.933128373178626
-0.0302859457856096 0.000692034012383665 -0.445360404851641 0.608572800945827
-0.0238970125978846 -0.0104932476294851 -0.0198026969427254 0.11791713590839
-0.0207458350477716 0.012379370071972 0.529404485240748 -0.479162094557884
0.00959351164334719 0.00384415649152544 -0.118569067930759 -1.01962730369887
0.0236358849933694 -0.0268094886435228 -0.898491899100838 -0.278485561714358
-0.0160803766774512 -0.0421124292890664 -0.416962204111816 0.576020006937898
-0.0291147363224789 0.00208925199646338 0.236494031932618 0.410077665240445
0.0121566131203955 0.0168721595322688 0.227267634366405 -0.00244992229203619
0.0175626736063185 0.00249724947503176 -0.0379107316012585 -0.225649428346985
-0.00786519931414138 0.0182269619153433 0.0559859410719505 0.180703197568005
-0.00546297482102733 0.0152064490037589 -0.164376602757643 0.0491620190587029
-0.0102930450826924 -0.00947317982552533 -0.241128302844028 -0.371461770446637
0.00912991799900274 -0.0423348432956917 0.289966827237864 -0.559244074956072
0.0584885658584677 -0.00420810759775625 0.835335483916913 0.0623027246379362
-0.00743801550536487 0.0377011960718487 0.322258655667082 0.934471072429309
-0.0255483068625596 -0.00409880248430845 -0.449337533618125 0.608152030378118
-0.01710729005485 -0.0132441284334459 -0.0203627192286593 0.116127643627482
-0.0158529845833062 0.0102955892026134 0.526519718798699 -0.480115923667262
0.0114510316920965 0.00548175475140935 -0.120376890389809 -1.02025068552346
0.0260136149195249 -0.0231002131596455 -0.898152386649939 -0.27789547707562
-0.0167384070645887 -0.0390646718096208 -0.412446989279167 0.579497444900375
-0.0322186480630002 0.003552062404004 0.239333294126905 0.412620289212301
0.00821657733277095 0.0185590350022724 0.228481844013834 -0.00167407142398455
0.0146903068562987 0.00435243155802039 -0.037096375202914 -0.22592119909202
-0.00933791778664535 0.0196634107435532 0.0541328586506625 0.181962181105551
-0.00805401352939299 0.0166717917454408 -0.165084633798606 0.0500619674830481
-0.0116581187679129 -0.00686351972544874 -0.236973193565883 -0.372066097202798
0.0100116661181214 -0.0398334790744351 0.299753539333495 -0.553692129431965
0.0606069884643802 -0.000480499908365333 0.837500407989817 0.0714869699419646
-0.00585437888669679 0.0382097136072289 0.313110358649812 0.938172767205438
-0.0203903102251599 -0.00724901780426397 -0.45580322390108 0.604292197370836
-0.00996194142947534 -0.0156388627483156 -0.0185859090899129 0.113933388739905
-0.0101931080212543 0.0084584449421139 0.524580178563371 -0.484952290839418
0.0128363976332573 0.00570309421176433 -0.130391782950993 -1.01395612267288
0.0269429321350373 -0.0207991869236726 -0.900658784472571 -0.266781504049095
-0.0170658127335482 -0.0361880818976737 -0.403935972369947 0.585651589708921
-0.0336429733058585 0.00451580554379267 0.242588281573212 0.41326599044713
0.00549433346799961 0.0192633785056707 0.228713437481261 -0.00286720902300256
0.0121444471468524 0.00652720814755711 -0.0370428595856927 -0.224897232317922
-0.010279847730022 0.021560352947052 0.052418457618826 0.182281719051484
-0.0101255237190864 0.0169028183101543 -0.16679820553824 0.0482275225502424
-0.0137475319041957 -0.00546273487104254 -0.232677613776972 -0.372130074524908
0.0104401163373672 -0.0368078301333905 0.309412961194512 -0.546342921528538
0.0611643349780188 0.00415137635379791 0.839884185632207 0.090514550972301
-0.00519801432747294 0.0385850978637906 0.299174281867518 0.947673246445225
-0.0164743115114256 -0.00894464972284458 -0.461590195419535 0.59812032854825
-0.00345287242666282 -0.0159636795843438 -0.0146689310362841 0.111638265254709
-0.00588565106340992 0.00762187056408424 0.519566564577066 -0.493907437358585
0.0145987323473185 0.00674636267619711 -0.148040555770913 -1.01082723999095
0.0267066066488626 -0.0188654197066314 -0.901437823318012 -0.247500191209715
-0.0180446179018369 -0.0339382913159184 -0.394242787725186 0.595352031163925
-0.0353729008825892 0.00601834129596499 0.248440204419104 0.412765993073801
0.00433210101864306 0.0191162237965443 0.226752536609235 -0.0037774582904411
0.0110825245262851 0.00758043625157175 -0.038105165875254 -0.223108888024058
0.00430722514048067 0.00982017655025298 0.0538731534219728 0.18255121785313
0.0052578719851646 0.00650976590161881 -0.172168863073821 0.0451022170594953
-0.00406123151595709 -0.0136634160585 -0.23942085186075 -0.377339827009501
0.000681387191684379 -0.0467545303954278 0.311835151535314 -0.547497210266789
0.0472238733249666 -0.00467029152022194 0.853516832182422 0.112092568288672
-0.0136494040505936 0.0404810610719796 0.30535611432026 0.972140726309951
-0.0359415753897002 0.00908717304417427 -0.454279676755764 0.60802281452007
-0.0332703224136929 -0.000394630920462456 0.00987649719491187 0.109911663747726
-0.0252378410922614 0.0244753770003919 0.519213915553958 -0.518836028860662
0.0071788537854336 0.00554762720454225 -0.193464141374868 -1.00391113869208
0.012309830711651 -0.0318502452266499 -0.919700917460521 -0.189400744950699
-0.0291424158590695 -0.0458474186334066 -0.37228810874235 0.626112446349933
-0.0249601458244813 -0.000776420527947568 0.255682564718418 0.405276075430825
0.0218264511655623 0.0094794852421184 0.218903570405215 -0.0169947667408574
0.0292711614856197 -0.00493237569888351 -0.0523102145384604 -0.225651128054732
0.00269987210051871 0.010345599696681 0.0559779115561732 0.181939854465745
0.0045344949092021 0.0074779215753345 -0.169926480258336 0.0471695276301573
-0.00525699526905024 -0.0136879620006032 -0.245631729350445 -0.375586199400357
0.000743366254643656 -0.0467661056852543 0.299635576102286 -0.555906942140787
0.0486759922623032 -0.00752396633408945 0.851875824243132 0.0885853290263556
-0.013363432485272 0.0404118563220887 0.323109366100545 0.958681938295126
-0.0376013700761904 0.00926758250093523 -0.448235464245016 0.613872664792991
-0.0348033122136456 -0.00149719359566529 0.00110326187145608 0.114407841601508
-0.0272470432683268 0.0226597873339094 0.522749477581837 -0.507729603074602
0.00630713123135501 0.00460180619028052 -0.173722910158689 -1.01345504295217
0.0146283663471274 -0.0330170826267422 -0.921259045420668 -0.216848240101587
-0.0249642627807267 -0.0469816338845954 -0.389018448170145 0.613981296968729
-0.0242668917873181 -0.000381151268905194 0.252096271166455 0.404145254378943
0.0218378647519952 0.0102933443372668 0.22166789173583 -0.0145319601576155
0.0278282152185871 -0.00409693617966983 -0.050089103234783 -0.228162214224454
0.00165628682419459 0.0116622698391792 0.0584594184685034 0.181981886683238
0.00180363185049431 0.00908328302440883 -0.167375678961495 0.0506522202451172
-0.00603289639745053 -0.0122753146246054 -0.250317244352954 -0.374215839503288
0.00265835513878955 -0.0482034014096856 0.287970821201667 -0.563972726500293
0.0496638301156188 -0.00854384136030322 0.848077994339018 0.0648641963358806
-0.0128102405923434 0.0400280004526092 0.338952442596172 0.950825009579105
-0.0365154676929695 0.0067374050650833 -0.442946596268665 0.619342713880247
-0.0344105950799155 -0.00387720887597632 -0.00651511251142866 0.117057122959994
-0.0275455731661755 0.0202783433383884 0.527457884485987 -0.49903777452894
0.00684324264614791 0.0044198570700916 -0.152584673692103 -1.0212660001312
0.0183747977046021 -0.0325270656306437 -0.91898683282585 -0.243299906215052
-0.0218014549374099 -0.0470582845911432 -0.402965586586885 0.604685462714259
-0.0253809453136603 -0.000100782724204781 0.247509998739053 0.407179658298224
0.0195883604888835 0.0120475956417547 0.225405943685686 -0.0105156493505849
0.0246800677147995 -0.00256701117919214 -0.0474477633615506 -0.228872392317537
-0.00212418915186013 0.0138724583038555 0.0590749949701562 0.181629411428544
-0.000268492607828881 0.0112192729393492 -0.165474933396901 0.0521782087192895
-0.00732511676548994 -0.0115308143185484 -0.25217763915292 -0.372821053439048
0.00425101470424791 -0.0468619174125639 0.281062727408067 -0.570943797082187
0.053055540298065 -0.00773067803586349 0.847558492001887 0.052391270478124
-0.010704307824571 0.0390094492148406 0.346998167760879 0.943631793335058
-0.0346407691905938 0.00414324929127201 -0.440633683849804 0.620625977375735
-0.0296838278553628 -0.00669079931242572 -0.0131472960655322 0.118972856255746
-0.024316465524341 0.0167559344580975 0.529478074529924 -0.495369896328167
0.00738719339970332 0.00434388722720283 -0.140952685439207 -1.02560534130974
0.0212255902678602 -0.0308479159231875 -0.916278088252293 -0.260863134962621
-0.0184582387518919 -0.0455265361810077 -0.410168161320153 0.594008253379027
-0.0273877513087348 0.00113466411877836 0.246045479913839 0.408696946137297
0.0158304875627194 0.014097146784505 0.228545736587968 -0.00777682569520872
0.0211166125920244 3.89953587510501E-05 -0.0446500032665696 -0.228274290460992
-0.00563902654556746 0.0165653681542996 0.0595373214931587 0.181474547631551
-0.00288344046205374 0.0134894209190996 -0.165353184981774 0.0532921332615069
-0.00817687984926486 -0.0099141114510722 -0.251615569676006 -0.371929521339743
0.00705825333532568 -0.0448329550777956 0.279512459165873 -0.572034550403243
0.0557900052858107 -0.00838934826482075 0.848128975100998 0.0438855864276566
-0.00857718486359609 0.0386004499755384 0.349960929604609 0.939914795509135
-0.0302783677678316 0.000754119671901815 -0.441196186748294 0.624379399372725
-0.0248533478803039 -0.00965020393163172 -0.0180496159723429 0.119439198714954
-0.0211455807060374 0.013799908894643 0.52713559799732 -0.492212977963363
0.00927086959234486 0.00445716003725089 -0.134555544116767 -1.02879074100811
0.0239559578514561 -0.0280453899168691 -0.914800925053015 -0.267005944382727
-0.0174502441105583 -0.0425842877664191 -0.411834509754268 0.591017819464247
-0.0297254111755418 0.00304838731774922 0.245995458834301 0.410887569639083
0.0121458554948576 0.015561308776423 0.229954435096187 -0.00627063570773206
0.0166011559393418 0.00279381417007122 -0.040701591941724 -0.227086200316613
-0.00748858164176945 0.0182537500020398 0.0580792952508047 0.181548598365004
-0.00547000482423326 0.0145667154851874 -0.164720087126687 0.0532929661681376
-0.00975148099598268 -0.00897274131288718 -0.248594790457248 -0.372022742062111
0.00848187893535753 -0.0421563785495072 0.282812268795562 -0.569975898320961
0.059666339140289 -0.00457365241143996 0.847182078755318 0.0456371061086346
-0.00629121027296605 0.038138909744156 0.343886077498826 0.940919750228023
-0.0255675944066404 -0.0032084391977334 -0.444934289105915 0.620865792278655
-0.0172083907718282 -0.0135554075126296 -0.0194349846199778 0.119277728987159
-0.0166648030073326 0.010911878173687 0.525208683585569 -0.49387610817839
0.0109075078462952 0.00459551291753534 -0.137946193249413 -1.03042223487754
0.0258515441570438 -0.0241249167108994 -0.912654708944865 -0.266193843789212
-0.0168152742582545 -0.0393467606059001 -0.408142450379662 0.591997023373389
-0.0322071713993898 0.00407477250653689 0.249343995108327 0.412799383093975
0.00883531239752881 0.0172231557470339 0.231515734486404 -0.00544068729168662
0.0139048736137009 0.00402216705414818 -0.0409997137485416 -0.226971711599111
-0.0092487673764839 0.020945328715394 0.0573756876997533 0.182835736216951
-0.00728704619856997 0.0161306546133329 -0.165395433627157 0.0530755418276797
-0.0115376182328051 -0.00691971899550322 -0.246839518988263 -0.370803079346382
0.0098260301244124 -0.0399280937200884 0.292389611847088 -0.566579756075721
0.0611323150923207 -0.000751597402375053 0.848659832311939 0.0611229878283292
-0.00540498493387232 0.038315340916345 0.334713501539818 0.942546101741521
-0.0206432441032375 -0.00592734929461051 -0.450943825755106 0.618218202368366
-0.00940998651461742 -0.0150480854374641 -0.0178350914370587 0.115988481359058
-0.0112017904622211 0.00886411704043884 0.523627034043049 -0.498175102727914
0.0125443214624856 0.005933054200042 -0.149049592888817 -1.02554443934705
0.0264195758653999 -0.0222483121714206 -0.913486707741718 -0.254446639304586
-0.0183568656285081 -0.0369012673993528 -0.400498566567823 0.599238070420853
-0.0347097153889651 0.0057464739514132 0.253703006789441 0.412189559072347
0.00653839206157586 0.0185013726130205 0.231996712226804 -0.00616204995833082
0.0116480035282681 0.00561667061710667 -0.0411961094941501 -0.226273434366433
-0.00994555497764727 0.0218190348166957 0.0549758579149147 0.183353260657285
-0.00983106228175601 0.016724983458222 -0.167440591052523 0.0514030540635797
-0.012799402174273 -0.00609011420404556 -0.241142680505497 -0.371582206244296
0.009911584416416 -0.0378864710475183 0.304605429666274 -0.558307441176013
0.0628748184804708 0.00224057769536437 0.850940875108953 0.0776728962783767
-0.00422091625781462 0.0394278684296078 0.318456483946995 0.952100173272657
-0.0160833017253411 -0.00974994283888404 -0.459518424987379 0.610464035220653
-0.00341886172724759 -0.0162973722030993 -0.0131243561618054 0.112664165294029
-0.00650744979915235 0.00752720065228741 0.518026235433215 -0.506527496424994
0.0145143056441023 0.00711015920964925 -0.165099316743387 -1.02023005877681
0.0260341239438639 -0.0198187925837462 -0.915683941585211 -0.235564660790492
-0.0192125713956495 -0.0339727956743594 -0.385772164412587 0.610041800297732
-0.0364636566056752 0.00614280836564397 0.259745779802877 0.412735094757537
0.00536921816609667 0.0192170139795468 0.230573201905328 -0.00814833716845182
0.0108821011025483 0.00700961243908135 -0.0417934400111197 -0.225310611241566
0.00441541586726486 0.0101064528440709 0.0566192289429934 0.183092780138545
0.00568263717789469 0.005825024241025 -0.171582394526029 0.0501401238307712
-0.00418027964620444 -0.0145488134409941 -0.248271950201666 -0.375693390965814
-0.00063266716028678 -0.0460366151917362 0.303303525394512 -0.556073857444245
0.0482443486911418 -0.00614045537204178 0.861798164922972 0.0977858967031937
-0.0136476424059866 0.0415214128406445 0.327821330395698 0.975442504240234
-0.0363189587558667 0.0104173155577939 -0.445803167548819 0.619675481359798
-0.0334245427817194 0.000356585741829993 0.0112793622361831 0.111814491774659
-0.0255153328418643 0.025663577778101 0.517950936995104 -0.530641405630114
0.00701495249645001 0.00585649310602426 -0.211653173331724 -1.01140952384631
0.0110317637922023 -0.0328847137557701 -0.931299922450256 -0.17567698171984
-0.0301741069534541 -0.0452114613540752 -0.365888554673852 0.640182853165764
-0.0255615775327026 -0.000540963092320392 0.266966833707904 0.403011654903028
0.0229846304589487 0.00839967477092437 0.220489509616378 -0.0213134831373734
0.0288250321849049 -0.00582888364780585 -0.0557565303306966 -0.227156668007432
0.00364188563128875 0.0110687998937381 0.059592286917954 0.182396284457337
0.00514039240715614 0.00725764349432012 -0.16948374563177 0.0516080546797726
-0.0042878711575709 -0.0138792755902873 -0.25300693083389 -0.374096732830401
0.000170244942421873 -0.0469584439116281 0.289951270895845 -0.566469670907729
0.048658252226039 -0.00849695301447344 0.860115721701245 0.0730085410848786
-0.0131066135716723 0.0407529829630138 0.34516749155441 0.962103718457322
-0.0378230859878339 0.00965398002806471 -0.440043326813733 0.628275770460524
-0.0350660074466496 -0.00100086985320283 0.00305912565173626 0.115208208471291
-0.0281896553451129 0.0241974049618891 0.520060264090421 -0.522863003322003
0.00631063776363995 0.0042511118576652 -0.19295351932428 -1.02000730547752
0.0147854167825774 -0.0337224829628058 -0.933736871898712 -0.203210879771661
-0.0266126266823198 -0.0467954481900969 -0.380926186137884 0.628211712688582
-0.0251642016943788 -1.81640443653337E-05 0.261190706047422 0.404582633784347
0.0215651576662889 0.008842829519808 0.224229913502086 -0.0173537863783536
0.0267066430310196 -0.00503955426237301 -0.0543102729560387 -0.228453715536153
0.0016683415579261 0.0121737024916572 0.0602086104305724 0.181686523542635
0.00343573512351364 0.00969541286358618 -0.167538756647707 0.0538164861130878
-0.00591406503195531 -0.0125878133452977 -0.259185282097888 -0.372424049994729
0.00165452684451211 -0.0468317061002945 0.280230500958196 -0.575661948193438
0.0502783869231404 -0.00987311656528317 0.857551685921643 0.0513825500735884
-0.012125550837626 0.0401979651995713 0.360110602048538 0.952605880400916
-0.0362882948447573 0.00843963923963592 -0.435409305893841 0.633584484706643
-0.0339563353908763 -0.00331846217235828 -0.00478847218724281 0.117906171420659
-0.0278637445272423 0.0208821852388637 0.524595267746669 -0.510873074786405
0.0071172200379386 0.00448297320783151 -0.173662269305244 -1.0288459706704
0.0182062727286399 -0.032965168790856 -0.931710416027611 -0.229153398027833
-0.0225355994129253 -0.0476846816248259 -0.395772726395666 0.615973891677844
-0.0250304194664217 0.000212162586472833 0.256731867285968 0.405824579441894
0.0198342085610856 0.0107102649354074 0.226866450774721 -0.0145285969769668
0.0242731350320905 -0.00367686987499684 -0.0517490083980993 -0.228828885685356
-0.00174904518180367 0.0140711692314928 0.0616556916948335 0.181516319742314
0.00041468068893947 0.0109279180586577 -0.166530101176152 0.0560055782191049
-0.00651474908812919 -0.0119988715435859 -0.260170849479046 -0.372059550100581
0.00336904812531712 -0.0464857348812199 0.273171169814473 -0.582592476328183
0.0536677087208181 -0.0093871706982251 0.854657274727083 0.0377303573213385
-0.00943884570938432 0.0395854805620584 0.368633906655762 0.943497744292417
-0.0341272320147397 0.00481842169492708 -0.433222618269107 0.635011714027591
-0.0292971563420894 -0.00661617717453621 -0.0114557982981748 0.119921098588657
-0.0253414508606758 0.0182845233728831 0.525855437914298 -0.507873011884818
0.00786165615690135 0.00324298204480825 -0.159146804836711 -1.03487970380246
0.0212927360712198 -0.0312662644957201 -0.930107931489838 -0.245466040809063
-0.0204096370365122 -0.0452176243993192 -0.402691999495844 0.607966543632563
-0.0266164911527355 0.00116671990515993 0.255370449591499 0.407993597116505
0.0160451952585004 0.0127161547724062 0.23070726042759 -0.0119549199298672
0.0205677915219732 -0.00187865501322555 -0.0492019787128191 -0.229150269828816
-0.00467387726484661 0.0169735437648529 0.0632775756268145 0.181458434413415
-0.0023670304955827 0.0125073566651576 -0.165501627230952 0.0562286096989597
-0.00823407765282896 -0.0103630108242724 -0.26241209362954 -0.370555145966053
0.0055158670663833 -0.0453176830470183 0.271071745918452 -0.583441475943383
0.056225238733763 -0.00868201861478074 0.854027538329917 0.0298762006528729
-0.00797490348219578 0.03961706887371 0.369451892533972 0.940615916965039
-0.0303956203627159 0.000743446534054278 -0.435135075711079 0.638149119532828
-0.0245434864746384 -0.0103974660515809 -0.0164651180627234 0.120377507376265
-0.0212622592015495 0.0143919769028431 0.524571796574882 -0.504721268591034
0.00901904798169561 0.00400365033001276 -0.155301253899435 -1.0348361302927
0.0237230805354444 -0.0285298630409759 -0.928743723946496 -0.253125157820622
-0.0187304953539738 -0.0423857292199958 -0.402682516588666 0.606632154029559
-0.0294605218052438 0.00347384123326428 0.256683372160683 0.409275370990699
0.0120965649458738 0.0145386992632268 0.233099203870723 -0.00998281707049126
0.0164266359421357 0.00110317962257941 -0.0462939127526062 -0.22882714487335
-0.00698130250097499 0.0192933971495744 0.0620539956762782 0.182291316953022
-0.00446853888955286 0.0144778139872377 -0.165188947012034 0.0580115533433413
-0.00954542640247771 -0.00876559375902455 -0.258309931206109 -0.370599342246398
0.00789803990448954 -0.0428729718517844 0.275963483411398 -0.581452402191016
0.0598652675950481 -0.00615713574087613 0.855025915743018 0.0320910084313225
-0.00616127627819069 0.0388212428926601 0.364937558163968 0.942383248307071
-0.0263538213751369 -0.00333215480954137 -0.438069920185397 0.634100054153343
-0.0170619252671837 -0.0132613845767044 -0.0179961184891984 0.11943442191623
-0.0167651744866294 0.0116077016710471 0.521899424981448 -0.508796148802059
0.0106534644646964 0.00495594369664034 -0.157764807759786 -1.03787570180056
0.0254489709897314 -0.0255391376551956 -0.928443454948159 -0.252573221494082
-0.0183224596005302 -0.0395542674524408 -0.399685455559738 0.604759733314671
-0.0323569496454843 0.00486598596853348 0.258833820974524 0.41128767568406
0.00870573055130449 0.0161784790825278 0.235104594320585 -0.00979622037605319
0.0145296123266745 0.00322028030165558 -0.0453625358590809 -0.22870820113446
-0.00944908387648379 0.0209819876387324 0.0603442467787333 0.182945228862933
-0.00732888669211689 0.0161455917252762 -0.166678103988607 0.0570051906182571
-0.0112119098394331 -0.00662777452305906 -0.255154987860665 -0.370350776622567
0.00841299251710754 -0.0401091243557135 0.282932887363653 -0.577467753543093
0.0616876070372946 -0.00251437150698191 0.856576097723241 0.0424348710185723
-0.00431262655681997 0.0395882024257464 0.354741095924737 0.944192434924638
-0.0208850457809288 -0.00650857276029183 -0.445577951047471 0.632016513576601
-0.0105672401269165 -0.0152744707379234 -0.0163282752999433 0.118097585475706
-0.0116552456783058 0.00930687938886002 0.521164462525949 -0.510982932485409
0.012207750659855 0.00556493942237496 -0.166785097155804 -1.0333990106094
0.0262982885497479 -0.0229251494939611 -0.92875960075449 -0.241341845243505
-0.0188948860649858 -0.0362807152129603 -0.392011862701061 0.61340478790069
-0.0345113799223047 0.00646152514009221 0.263386147685418 0.411898090245212
0.00695194811829515 0.0175808500311641 0.233871603993801 -0.0101543159565322
0.0110769228792945 0.0051743866975415 -0.0451877877296691 -0.22670298858947
-0.010000189991396 0.0220137524615167 0.0583055894418447 0.18339724334421
-0.00882162645411578 0.0168522147165267 -0.1680745314733 0.0555674773203849
-0.0127940480661598 -0.00629881957359289 -0.250420474625003 -0.370406654574544
0.00890665464289318 -0.0376425365926237 0.295437311098217 -0.568777030823058
0.0628117719212336 0.00206224519226162 0.860120291739453 0.0627804046200556
-0.00366772927546476 0.0397835502734771 0.340691214242922 0.954562813446487
-0.0166647893515496 -0.00829313256361384 -0.452002005522543 0.624715419509861
-0.00334561644610132 -0.0169400371831463 -0.0107678883636034 0.113710047965469
-0.00673392508325701 0.00801535879247631 0.515246834323617 -0.519497335320847
0.0145927637855423 0.00654399601780549 -0.18414938413789 -1.02759705492936
0.0259943829823188 -0.0201504851751035 -0.929352880106955 -0.218614847052874
-0.0202859446303556 -0.0345728526834634 -0.37907712447642 0.624436302538904
-0.0355153894622155 0.00785542336941035 0.268826161204842 0.411491576347282
0.00574587101231038 0.0183094631335522 0.233213086868254 -0.0126278239439213
0.00982807408101756 0.00507122100194252 -0.0457975271271992 -0.225634065585157
0.00544578878525688 0.0109804000954927 0.059506817624953 0.183171940697572
0.00711908721440755 0.00545490327240255 -0.17237053593816 0.0529902557153495
-0.00401499924442391 -0.0136903270734336 -0.258632316217316 -0.371534709417399
-0.00194727867711516 -0.0456792044020441 0.293094063677901 -0.56667376227111
0.0481938917746688 -0.00805588573901981 0.871007699228029 0.0804698673773004
-0.0121372866139531 0.0423947940157176 0.34964887684133 0.974643845621755
-0.0366230299243297 0.0102563523382685 -0.437559325995796 0.633174472158235
-0.0333453223618283 0.00135836627370065 0.0143876461341555 0.111545417463558
-0.0258225666555066 0.0260773417126467 0.508833766237007 -0.544417479475107
0.00664007637687881 0.00626976818417189 -0.230501764063943 -1.01358361496214
0.0105468391616818 -0.0333160867990647 -0.942459958477319 -0.158413734959637
-0.0314325419681707 -0.0443082693112367 -0.354342086153457 0.652629701913923
-0.0248826429402314 -0.000140707950935598 0.275628214478446 0.400601528201095
0.0232955678937986 0.00701561315136402 0.223552269300222 -0.0255774560638344
0.0285537458718925 -0.00738840832187963 -0.0609744183353743 -0.227123851316299
0.00327436237295632 0.0112620283104091 0.0618298554215989 0.181976498133759
0.00509854218655405 0.00682300261413664 -0.170295595891457 0.0557164108464137
-0.00482810240724162 -0.0136653167980477 -0.263077149813443 -0.371276790671929
-0.000557094420330785 -0.0469842605111511 0.281493894771651 -0.576851845277273
0.0486961566753312 -0.00993517935182289 0.867353531569761 0.0552302774181908
-0.0124259520427289 0.0419469885088312 0.369194797222721 0.962381352606948
-0.0377309413772668 0.0098665776337133 -0.431556480484248 0.639798835584569
-0.0351941579903688 -0.000388808931796189 0.00581175148058248 0.115823992005533
-0.0281613694077553 0.0251127752228844 0.515618361604939 -0.534690826104628
0.00645530592476522 0.00489096272398762 -0.213312269237609 -1.02334832952524
0.0139207215122493 -0.034529612336104 -0.945582844739196 -0.185362294263195
-0.0274760508751386 -0.0470820907508368 -0.371433285162793 0.640339290430243
-0.0240617315270441 0.000643068369450129 0.269540259726923 0.400787824851881
0.0218207148014564 0.00857578224642459 0.225494018174819 -0.02317216398356
0.0262935744266177 -0.00575356994365086 -0.057380279387818 -0.22842446762371
0.00111765084534844 0.0125940886162268 0.0636934905345742 0.180896237808499
0.00329109239997222 0.00837440973503426 -0.166847650546548 0.0580824515399509
-0.00540570542975435 -0.0136604176577385 -0.266131974337458 -0.369356997361303
0.000352445769940809 -0.0467809870449608 0.269212492295859 -0.585979185736921
0.0498974421961262 -0.0112714400506619 0.863706819205103 0.0333150570795736
-0.011218598301214 0.039657812076035 0.382434625289105 0.951601023764712
-0.0370085004746639 0.00796563704609075 -0.426906945077959 0.646223146004057
-0.0342417811427512 -0.00328714549662986 -0.00304503479844902 0.119409012864109
-0.0280413743340128 0.0222971076907031 0.518635137721489 -0.525322750299414
0.00635655018453535 0.00417668121553196 -0.193356544679456 -1.03221990374132
0.0176320832072304 -0.0340245334989367 -0.94319391791597 -0.211358784637911
-0.0245203169784865 -0.046699315939296 -0.384421081566685 0.63021553584275
-0.0260604474735578 0.00114907512455047 0.267820597164244 0.403911353412411
0.0203087663148344 0.00936397194655553 0.2288328394405 -0.0187544571139412
0.0245572439026893 -0.00485017521915128 -0.0560093192964142 -0.228689649857441
-0.00146156534669768 0.0150895831328957 0.0647242227823038 0.181347861247184
0.00138557084795025 0.0108255536669036 -0.166429225150285 0.0594272279429949
-0.00714367457436066 -0.0115762535465932 -0.269724617411234 -0.367309338372658
0.00271123830973906 -0.0464401145644953 0.262499938021508 -0.591144573225805
0.0523679915901443 -0.0103823785864342 0.861169660991517 0.0183769387330684
-0.00883981023128239 0.0396302697294617 0.389846722055612 0.943282023851191
-0.0345978527905836 0.00488317532403 -0.424407179331274 0.647488147668583
-0.0298448135468795 -0.00690251218060302 -0.00975018819039407 0.121138904592841
-0.0254883051434385 0.0182759918993661 0.520452681721199 -0.522035916182184
0.00773959800993523 0.00410227069071231 -0.180638313415993 -1.03907815628175
0.0204961517874863 -0.0319107595745136 -0.942629289946873 -0.229446177814419
-0.0219165131585185 -0.0455085720638335 -0.392524266301442 0.622700664491463
-0.0272802526754418 0.00164620066890692 0.266037977785541 0.406021376784336
0.0166280309660862 0.0113919287737581 0.232325104847181 -0.0174151514872815
0.0208792822434714 -0.00207902742082253 -0.0532961500664757 -0.229737387201621
-0.00483528471093056 0.0173785514117293 0.0647052168592944 0.181617389004454
-0.00164923721309112 0.0118142538107272 -0.164667651537602 0.0611753965977942
-0.00873465670622124 -0.00988170304721631 -0.270037702919819 -0.366778273086792
0.00442899731197389 -0.0448167516164766 0.259266542376731 -0.593027166039081
0.0559037878452539 -0.00993552607260302 0.860371226419283 0.0124468083555526
-0.00710084077475321 0.0397372638026826 0.39233544326154 0.93699187951592
-0.0305646056786375 0.000964183800770037 -0.425148795736538 0.651342687346117
-0.024343631145409 -0.0101417767745492 -0.0140269456878005 0.122236835704024
-0.0219053913884316 0.0152617658792136 0.519456994942607 -0.518707991284417
0.00896278822361867 0.00403662838422583 -0.176128222103597 -1.04005226016276
0.0234023801968693 -0.0298885368264629 -0.941414082278367 -0.236005288461148
-0.0193468237557048 -0.0427606165036919 -0.395037063997941 0.617527515027262
-0.029756608584986 0.00380280645679153 0.265728747181824 0.408222691468177
0.0129086712662761 0.0138522412825918 0.234597916413919 -0.0145301411929547
0.0159329960132856 0.000296109344465337 -0.0505016142833054 -0.228969949146284
-0.00664835378501843 0.0192509039118448 0.0639569506567459 0.181843348777023
-0.00375473038768164 0.0136850987579961 -0.165220538955057 0.0615535845522188
-0.00966906525116795 -0.00877517479022679 -0.267926456165423 -0.367638760252533
0.00688377481000199 -0.0425416481709904 0.264745897177618 -0.591123571315512
0.0594164225282573 -0.00769133969336569 0.86059543755749 0.0119745243096403
-0.00498403233116664 0.03851271162744 0.386995944718353 0.937814397454835
-0.0256802976158076 -0.00285257954837937 -0.429490788485472 0.646944505871297
-0.0173260746166435 -0.0135821846565203 -0.0156030306423922 0.12154502423812
-0.0171014827347396 0.0123628873097441 0.517138446527842 -0.518566236199608
0.0105251361116043 0.0043514466735589 -0.1784379285903 -1.04260582478583
0.0255552308385754 -0.0265958093318244 -0.93971622174747 -0.23582785699587
-0.0200425356113405 -0.039095061331712 -0.391283589054706 0.619746748249822
-0.0322571564921286 0.00520232712829599 0.268613231418679 0.40827758794393
0.00940961565518347 0.0156780623443655 0.235475488559467 -0.0142487806527996
0.0132659120096026 0.00227535113174484 -0.0504585866254922 -0.228699383556261
-0.00912619751842776 0.0216747918001215 0.062538117967078 0.182659016962176
-0.00605571470444597 0.01546297724164 -0.165983623191082 0.0609559058636186
-0.0110932957173194 -0.00672368625550204 -0.264312206131999 -0.367337515880815
0.00775684627364469 -0.0399757307362417 0.274898926458656 -0.588345641449437
0.061802508038155 -0.00401997529362437 0.864403801606502 0.0236848498825968
-0.00332620032682442 0.0396989894132997 0.378238547261461 0.943792785759575
-0.0218191915160983 -0.00568185538530579 -0.434973453515344 0.644233055922899
-0.0100604801007581 -0.0150566150620582 -0.0137453266705594 0.118745254281524
-0.0122449099962094 0.00965049265945267 0.514792547791093 -0.523713142777184
0.012405582809657 0.00606598925842397 -0.189127779164843 -1.03577698948727
0.0264140048310581 -0.0233306748886481 -0.938367593941625 -0.223622048606443
-0.0195972878658439 -0.0362901442737121 -0.381900484627614 0.625474312373306
-0.0340733694149462 0.00732628987567001 0.273193107219198 0.408285870547904
0.00712251506531538 0.0169998922336897 0.235964025907149 -0.0146670167493142
0.0114094297194132 0.00393745700154368 -0.0488067894916876 -0.227393703821673
-0.00976851566628791 0.0222011062780301 0.0607235116167533 0.18335267733757
-0.00766939546882929 0.0159003538010982 -0.168565031022679 0.0591833024250712
-0.0130452048913079 -0.00533562090551746 -0.2589548621302 -0.36735772385621
0.00824726330025162 -0.0377083671551332 0.286304149316752 -0.577384842579865
0.0633908663388081 0.00086638981309763 0.866563981766504 0.0455464844748194
-0.00243211661573655 0.0402112680160078 0.363830755075995 0.954015709666846
-0.0169607092271092 -0.0080974499333043 -0.443249333031151 0.639251326766004
-0.00321323181342006 -0.0167010739407608 -0.00935942927074903 0.11517083118967
-0.00802370473305484 0.00835671061535612 0.509402214202324 -0.530374891435379
0.0145031036896372 0.00600951601444574 -0.205426335645723 -1.03034826747751
0.0258763823611623 -0.0213764090269257 -0.940683198379866 -0.202101128502921
-0.0212211613092254 -0.0326617012203713 -0.370295087186893 0.636291545472156
-0.0357753304829018 0.00768711450668615 0.278661009488596 0.408700547266662
0.0063082374356725 0.0170104406214031 0.234551954883945 -0.0165232520561339
0.0106692229382685 0.00479650571645448 -0.051014599542604 -0.226035789090141
0.00481826316220059 0.010437903265459 0.0627969743607718 0.182132900020627
0.00738520459424702 0.00479718604227423 -0.171764283893219 0.0571491991392408
-0.00429897176592902 -0.0140862276325141 -0.266803622115019 -0.36821608433779
-0.00233910930685518 -0.0462008032891213 0.281748558754792 -0.575647976149489
0.047433384158058 -0.00912099888983158 0.875556675804273 0.0616360290832536
-0.01196675423792 0.0425667435426806 0.372761286260781 0.969537690308851
-0.0364126434390014 0.0107763339304912 -0.427888355589204 0.644592247201977
-0.0329202850084298 0.000516854208528058 0.0158327931171703 0.1125379355552
-0.0255213220411487 0.0263815820889523 0.502356843631263 -0.554741495160918
0.00648974865463478 0.00524584197911606 -0.253722577271809 -1.01382191531381
0.0110050884504211 -0.0336256516864508 -0.948602419561968 -0.139623696088929
-0.0322343237895789 -0.0449222105260402 -0.341516199783817 0.663683772396143
-0.0257856351457798 0.000758337533723532 0.285127487564892 0.396498219588449
0.0236509642810051 0.00543049713118271 0.223464858806621 -0.0304529559313012
0.0280395033155668 -0.00876766741018671 -0.0654558821345597 -0.226675295562272
0.00419316151827849 0.0114980452587333 0.0654326772069148 0.18114920508373
0.00573688375874558 0.00583640100832286 -0.168698010359885 0.0592728193159078
-0.00509559092446 -0.0142203194931803 -0.270239171021387 -0.366861044544157
-0.00197773221056088 -0.0466620591604406 0.270965942700419 -0.585259883863611
0.0483022044527049 -0.0108892538705513 0.871618435478613 0.0372605608935779
-0.0104774427338485 0.0416419041123581 0.389071544422158 0.957249246933803
-0.0371872953052294 0.0113549187778142 -0.421528853474373 0.65074817094617
-0.0349685474275439 -0.000147412174660745 0.00819647676285281 0.117446476439444
-0.0279132564798627 0.0259201800926163 0.506048236508762 -0.545722526555034
0.00664579834292101 0.00477863347717151 -0.233116793052473 -1.02469708875094
0.013321953962348 -0.0343920255735344 -0.953634278999818 -0.166927512601033
-0.0295869707719664 -0.0461760291112696 -0.358735746557883 0.652644822362207
-0.0247604360126554 0.000546015918760493 0.279331699347137 0.39838697034518
0.0221252479253998 0.00676361616098337 0.225578412283651 -0.0275634434622766
0.0266479931002798 -0.00751474450189381 -0.0626350562859689 -0.228634648634142
0.00107270728262616 0.0128751129623963 0.0666855543126892 0.180706583544116
0.00473807391179242 0.00742688539786588 -0.166328856334593 0.0615004343166306
-0.00638427049602262 -0.0132889605357461 -0.274384565800649 -0.364764143811792
-0.000406907626473271 -0.0468578313448583 0.258532198870048 -0.592973503899931
0.0498867313690414 -0.0123397171002528 0.867210358824432 0.0135398553029337
-0.0102884624689058 0.041084946068089 0.404447637418639 0.945164622429297
-0.036741750186164 0.00947132210852541 -0.414104993952482 0.657360946399615
-0.0342664619655143 -0.00198281842302739 -0.000286247572152012 0.119601132083322
-0.0279489469236268 0.0232018474773937 0.510351660341832 -0.5372027181871
0.0061502465409127 0.00394646114805011 -0.214791541672336 -1.03283305470522
0.0168846427119936 -0.0347142783269987 -0.952349988557406 -0.195301327875993
-0.0250614626057018 -0.0459417126595743 -0.372673425457541 0.640495938882125
-0.0256060737387559 0.00147702819662786 0.275224996948666 0.399759056742039
0.0198732688703402 0.00847857850496652 0.230658213224045 -0.0238548331958978
0.0233475562614623 -0.00582946341696301 -0.0602832215297548 -0.228525632438765
-0.000355215652251125 0.0151578045557552 0.0678605723205485 0.180171069105684
0.00194684067545343 0.00973987713171739 -0.165008875708271 0.0638181137642418
-0.00662626639918511 -0.0115747175496114 -0.278061942612891 -0.363245189271478
0.00101516077621281 -0.046510452047958 0.250770619663947 -0.599453621012273
0.0535119756252839 -0.0121321328966059 0.865808078775937 -0.000165005694712711
-0.00800111092538517 0.0407805856684782 0.411617052718442 0.938716570928617
-0.0346546562684653 0.00543812308192887 -0.413379979337194 0.659245845035756
-0.0296186246343245 -0.00642810970023893 -0.00815770626613016 0.123342112677901
-0.0258279991751656 0.0199528243419837 0.512457433493205 -0.531871468145777
0.00708472887343462 0.00391782577969001 -0.200550363514673 -1.03966238164353
0.0202440220922009 -0.0328555026349958 -0.950550806403754 -0.21098884136707
-0.0224706563378392 -0.0453769335946477 -0.381332221360049 0.632774100105966
-0.02699146669347 0.00229924108749935 0.275053883828611 0.400249804025672
0.0168160257090971 0.010580373142008 0.232918520746772 -0.0204097830073245
0.0190602116872603 -0.00325430244916197 -0.0566469629523304 -0.228284178567503
-0.00392009148802643 0.0176813562446346 0.0688738750754603 0.180895048952332
-0.000817686821863494 0.0118483931495339 -0.163922494849175 0.0641528492606626
-0.00780698541830754 -0.00978409463911602 -0.279186775404754 -0.361565253663284
0.00365913518837704 -0.0445063550092431 0.249383381304247 -0.601434368837149
0.0564907022713472 -0.0116114731892656 0.863295758922849 -0.00649444010957293
-0.00605529631593894 0.0398360339843222 0.413509449401821 0.932643233979523
-0.0301133410874349 0.00178801896528816 -0.41318580653115 0.660970225859763
-0.0237164638023867 -0.00950893233141771 -0.0118751366719609 0.123083327427437
-0.0217112663914285 0.0159000158628748 0.511348584495062 -0.531634269102111
0.00841458710252407 0.00361576607971003 -0.198037704749403 -1.04040206094634
0.0225221817695557 -0.0301632139944203 -0.94964939910681 -0.218607877580242
-0.0209845337492716 -0.0421644355901049 -0.382990285372231 0.628484540912888
-0.0296570056916491 0.00428918877383185 0.274955083256481 0.403385066054893
0.012960208183534 0.0125055504257487 0.235341705283321 -0.0191788503427761
0.0156856632055165 -0.000498009904079507 -0.0549515448777316 -0.228731669075379
-0.00621472610661537 0.0198279424484949 0.0679273014317738 0.18135527191207
-0.00293532176273013 0.0135222140260365 -0.164265617507447 0.0650439934575782
-0.00959426945453024 -0.0084951031147754 -0.276925471933579 -0.360945066738548
0.00595265170112712 -0.0427044995514494 0.252262276977718 -0.600468852464325
0.060334521212996 -0.00891357543524185 0.86468938166934 -0.00344673527000768
-0.00448440054227581 0.0395033422202967 0.409376209461134 0.934349022999818
-0.0261241982451909 -0.00330394031946593 -0.418662633555249 0.657677705794152
-0.0170898819877602 -0.0132064483658852 -0.0133593239155621 0.121766990375515
-0.0173320330948641 0.0127800405780496 0.509113253102076 -0.531308855289754
0.0102456608939183 0.00406658263295552 -0.20048493062863 -1.04144492817406
0.0249290465771235 -0.0275440265746616 -0.946990089718395 -0.2185891658974
-0.0205076046962637 -0.0392085180690214 -0.380054692899864 0.629981536833222
-0.0323938457259245 0.00605127902351426 0.27908668796764 0.405586857502247
0.0096672662189682 0.0141133646951169 0.23625114544495 -0.0188418790130988
0.0126682681962454 0.00199366372437839 -0.0546501030980155 -0.228760672117573
-0.00847286090946491 0.0218466365370779 0.0660564106070881 0.181656889309692
-0.00577443233334008 0.0153730396255001 -0.164521696399437 0.0653149679161431
-0.0104692311777858 -0.00650214844802625 -0.272217070146875 -0.362539591478269
0.00687625531700071 -0.040627864808406 0.261781092916214 -0.595276938506834
0.0620367368666201 -0.00510487855972753 0.867363907137773 0.00657967547114762
-0.00190736669027206 0.0396778700426626 0.398216376718768 0.938262323715214
-0.0209437943487449 -0.00592546257404414 -0.424762179465584 0.654811953900083
-0.00970690923804153 -0.0154434533283114 -0.0120747228419809 0.119509380522631
-0.0125582490512635 0.0102179368729638 0.505981502830172 -0.536240454537306
0.0121956079077828 0.00480331885907221 -0.20855435343792 -1.03509902153698
0.0253509165293502 -0.0243360254599919 -0.947189042475498 -0.204982965745385
-0.020794988689845 -0.0360300519719771 -0.37042687428352 0.6360752430472
-0.0347822375734757 0.00749324794795785 0.281949413465254 0.404121332254519
0.0073923615353093 0.0153290971403653 0.236692168312706 -0.0192270138519162
0.0104264222067888 0.00331777964628646 -0.0536001873394319 -0.227173463378999
-0.00985528550024866 0.0230401710007364 0.0640088414918701 0.182686167446683
-0.0079090464019798 0.0150261330247628 -0.166478729298976 0.0639930235258953
-0.0127818705308398 -0.00562596348374348 -0.266685273411954 -0.363790767764362
0.00653493316021023 -0.0376156807231932 0.27484328934303 -0.585543663616007
0.0639132978898181 -0.000610584686764774 0.872553057099198 0.0282055486233873
-0.00159602096454772 0.040982578597369 0.38551808188202 0.949834940970754
-0.0173332636314723 -0.00832086220477085 -0.433006870302437 0.648373278011533
-0.00384732442890905 -0.0171023096205923 -0.00652032348620143 0.116221518942808
-0.00693783434074451 0.00885797766982401 0.500767992318969 -0.54231567948817
0.0133512898382524 0.00542662859511155 -0.226536049905668 -1.03003973503815
0.0256169513202109 -0.0219077481919994 -0.948559574112726 -0.184845111815728
-0.0213941151245416 -0.0337283798093224 -0.358065259892825 0.646225070766653
-0.035456100205279 0.00807952756521085 0.286983739465814 0.405084414317375
0.00667476338335303 0.0158389692771943 0.235129707937624 -0.0216223377334913
0.010056896328358 0.0034438136079092 -0.0551568520786131 -0.226174857698635
0.00510783142117707 0.010473966707608 0.0651625997951217 0.181418659807261
0.00711722286730477 0.00353210357940431 -0.170322768446874 0.0609226590937679
-0.00365757090533097 -0.0147462144603017 -0.274576577398945 -0.362534659277222
-0.00267665958276378 -0.0454331803054416 0.269742781299027 -0.582598603903247
0.0475424450089374 -0.00964923705869454 0.876640995979843 0.0429788241952224
-0.00986022855615431 0.0430855728260785 0.394345913912073 0.962240378067734
-0.0357047293940697 0.0120766858811988 -0.414413805210909 0.654784597152895
-0.0328852015169004 0.00164238552847471 0.0179880316587268 0.11209396639464
-0.0255702495050027 0.0281614852309272 0.491810281695082 -0.565003087116172
0.00624237940263057 0.00513834465614102 -0.272806641496876 -1.00767775316632
0.00959302302493699 -0.034595681867701 -0.952461843566418 -0.119133328137431
-0.0336988263953195 -0.0437997397523674 -0.328705399415999 0.672508063555579
-0.0254593559946693 0.000911468900215607 0.292956807231671 0.389611527827564
0.0233162178865198 0.0044561000346837 0.223564864393927 -0.0346060110932958
0.0266983703652897 -0.00929745974275782 -0.0687316677428285 -0.22529388365242
0.00441116378086268 0.0116789219472295 0.0680891071346804 0.179721451837202
0.00543803517200276 0.00504502940739809 -0.167032918776814 0.0637934803277002
-0.00429308518862177 -0.0141770357975101 -0.278616584428749 -0.361673141439841
-0.00327229057482314 -0.0463813329803122 0.257108751227254 -0.590695134652697
0.0489254300468112 -0.0120071094915475 0.872466568044837 0.0183308472759702
-0.00954290476125897 0.0424453318505592 0.409071696507927 0.949818516807042
-0.0372425202403714 0.0116755236491578 -0.406839530386384 0.660293578852839
-0.0338861582403273 0.000329510954376205 0.00921265307953603 0.116521316040712
-0.0275442046756364 0.026597423442604 0.495848199081067 -0.557357829916637
0.00492565415057879 0.00490129206011181 -0.252454864723685 -1.01909244045481
0.0125010832551858 -0.0349379460223475 -0.955581067699139 -0.147065372684162
-0.0298164573412214 -0.0454646776709637 -0.344630244885999 0.660464371259473
-0.0243157511310703 0.00100910447099653 0.288114947688031 0.389914556821645
0.0224236427099584 0.00536059099247138 0.225716468634951 -0.031964949557525
0.025202080483775 -0.00851017389338843 -0.067144146664151 -0.226815259184838
0.00192710690053099 0.0134506470013207 0.0698239633461824 0.179175887223034
0.00415704353426636 0.00751045169119369 -0.164775476411152 0.0655423740620665
-0.006094344304372 -0.0127897544561726 -0.283944960302807 -0.358712508681613
-0.00210702982591278 -0.04685626438946 0.244826027872408 -0.599469098979664
0.0500658505226509 -0.0127404739155583 0.869463959759772 -0.00404511303594665
-0.00823943184763272 0.0414108515950114 0.424153015304355 0.938328280564623
-0.0364180541452402 0.00994125794347452 -0.401972783736333 0.665921346446886
-0.0331027718796008 -0.00155364296076016 0.00169084067433298 0.119830859704478
-0.0281942415469697 0.0241721383159084 0.501377931089023 -0.545070495210131
0.00596614073255606 0.00470179430193714 -0.234043958046957 -1.0282476003254
0.0161567278711788 -0.0347016655964989 -0.955912436200507 -0.174430947636245
-0.0261178777398753 -0.0457379102279816 -0.360369017407929 0.649378315780647
-0.0248889025777222 0.00135423240585796 0.285142886513483 0.39412770673614
0.0192908118576678 0.00645480962087226 0.229741193155288 -0.0281315575677284
0.0229714735233345 -0.00665917174097802 -0.0642936453398007 -0.226727099148342
-0.00133680296177278 0.0156801410574167 0.0706158411841167 0.179080797578529
0.00192632115344964 0.00882730734903777 -0.162825150664687 0.067565855029745
-0.00597790515639989 -0.011330722931611 -0.285901346904399 -0.355894382014088
0.000389592435913043 -0.0461954575570856 0.237146741777782 -0.604833014781199
0.0530595574861363 -0.0136888308270486 0.865932845223687 -0.0158861425895855
-0.00758115205640728 0.0410346853651656 0.431657731800863 0.929914907769743
-0.0334588447571374 0.00641060176459461 -0.398461056600392 0.666941868435011
-0.0302957315641274 -0.00512196661325163 -0.0046761069762152 0.12239130847426
-0.0260414634990485 0.0208782349762778 0.503328365016534 -0.542749040095204
0.00738764237552305 0.00372202476197922 -0.223810169252851 -1.03491189226476
0.0191860294368249 -0.0340910700399598 -0.955067988058381 -0.19232828120114
-0.0237315366074776 -0.0446808135392774 -0.368218285675388 0.641428132479339
-0.0273582260222436 0.00295364484501215 0.282663686151723 0.395380219503339
0.0167914820303217 0.0084334583561706 0.233405245085156 -0.0255600400262533
0.0181705472091756 -0.00406283642043812 -0.0621748212925106 -0.227645800903449
-0.00393772789313935 0.0178841479208718 0.0698270882625744 0.180319265719133
-0.00115476756335125 0.0108978340074384 -0.162159694092905 0.0678490405423801
-0.00785815300406812 -0.00990012634327663 -0.284855062483335 -0.356266933459688
0.0027718486258276 -0.0447296909083141 0.233992042311921 -0.606743471486993
0.0562524511739344 -0.0123894428664904 0.864775658108219 -0.0247604591746702
-0.0050734602367663 0.0396455112910766 0.435250140934356 0.922571583240897
-0.030530537987657 0.00260427551410088 -0.400808626478295 0.669644948703386
-0.0235514623694484 -0.0092825780272608 -0.0102812734260811 0.12385891678514
-0.022582850951546 0.016843749218625 0.50291298468538 -0.539897379521561
0.00832356367091738 0.00395868716717133 -0.216077607681066 -1.03554109224367
0.0222357441099737 -0.0315641977502261 -0.955127127401836 -0.200753299177921
-0.0222197073517468 -0.0413858139017382 -0.368856386486184 0.635896288226601
-0.0297037935663262 0.00499639074125196 0.283832149164973 0.397366034833174
0.0129627857411345 0.0113931566818241 0.236519929024661 -0.0242475275174266
0.0148551287528726 -0.0013099913660667 -0.059657013439986 -0.227478429362565
-0.0057677563252601 0.0214138622168092 0.0702470294899746 0.178968068009684
-0.00347834897811476 0.0132379868513936 -0.16192175236935 0.0688177598572757
-0.00943809698087647 -0.0087181890044814 -0.284972746765687 -0.357152657307208
0.00402784520076831 -0.0418902793816551 0.239265006256432 -0.605258619002389
0.0600479955913897 -0.0103296852518755 0.863771314485106 -0.0236791453340028
-0.00347734280976351 0.039231040730162 0.429050375289235 0.925925464837594
-0.0256905656439239 -0.00178564759759096 -0.405603996947521 0.667579947950685
-0.0169720564973286 -0.0136660845523187 -0.0115563506491057 0.12274545786314
-0.0173604279610616 0.0132720512900147 0.499170114995594 -0.539898810850966
0.0103418571700405 0.00352525021042347 -0.219067662777033 -1.03905306619428
0.0241426294617392 -0.0278749311067359 -0.952723423042868 -0.199359932745543
-0.0216565235488802 -0.0383319651470252 -0.365014438322758 0.638263014204086
-0.0315683581603906 0.0063888953038738 0.286604163709479 0.399178789115364
0.00950461248353347 0.0130389522425901 0.236299360481335 -0.0238693720818022
0.0118778421887027 0.00138778637057464 -0.0585397051079443 -0.226602420221593
-0.00800077910710154 0.022397665955796 0.0681188531229428 0.179701465462899
-0.0044043039260244 0.0141506605272308 -0.162776671269315 0.0686304415373934
-0.0104907711466012 -0.00685639128057039 -0.280090740124171 -0.355957422765949
0.00544896273976383 -0.0394310988978042 0.248958657540759 -0.601347607244976
0.0619917814000367 -0.00617778178013502 0.868708144196604 -0.0107824074588451
-0.000936602245932387 0.0397655899982753 0.420075475644982 0.929567610069514
-0.0204760976073008 -0.00575626551189847 -0.412811158338238 0.66341782178152
-0.0101320167654969 -0.0150919385307621 -0.00943727135882674 0.120145080242102
-0.012135925107993 0.0111981753760327 0.495117458715675 -0.545742882586164
0.011933619723006 0.00483349711646703 -0.229594726037874 -1.03169286758077
0.0248016150899682 -0.0249410399162986 -0.952874257587235 -0.185529680881133
-0.0224322560646852 -0.0354164817493662 -0.357267532508581 0.646879445520368
-0.0344574990605996 0.0078213163469857 0.290216879338373 0.400035330308348
0.00667814931804508 0.0146937244415839 0.23717174944039 -0.0241252129995301
0.00995529225602728 0.00307972159384729 -0.0587709782377563 -0.225359547824332
-0.00830867607421325 0.023823468776511 0.067339840565387 0.181274672091813
-0.00654356988027351 0.0149219426318561 -0.164610501715311 0.0672051585802767
-0.011784231854327 -0.00615405676487038 -0.27432270363292 -0.357446736488038
0.00619671449614204 -0.0375219172880447 0.261352344636189 -0.592896409500704
0.0629037300245206 -0.00221376945618593 0.870551070250908 0.00855085783523301
-0.000648759417536064 0.0408546827113638 0.40544480572268 0.940554765422827
-0.016243625103391 -0.00819671486408696 -0.419294531852297 0.657563802027362
-0.00425692569670834 -0.0173692468963311 -0.00457742789698667 0.116630789580219
-0.00787390834824677 0.00930171652736108 0.490453956209121 -0.553322341483201
0.0144092680402936 0.00524797115672591 -0.24659052139424 -1.0261713876084
0.0256457960985827 -0.0228983493411969 -0.952075457460554 -0.16418157409196
-0.0229897427833882 -0.0325317150676004 -0.344724986155329 0.655367388113658
-0.0361692530347149 0.00931587076210291 0.295504090226572 0.397868222688965
0.0061044386472065 0.0156504779912695 0.235758913756691 -0.0263122781305779
0.00941911315920382 0.00368505679886387 -0.0595744336561162 -0.225152407034753
0.00547691355959151 0.0109991997235706 0.068025358797916 0.179238590170379
0.00804803677520716 0.00310745342097299 -0.167439072409821 0.0640512397610602
-0.00413579652749116 -0.0145901173444397 -0.2808601656116 -0.356493710926009
-0.00412617351174085 -0.0443795575200468 0.256063174646689 -0.586185605816096
0.0475092814231254 -0.0104846416167901 0.875337168421045 0.0256108742360402
-0.0093821512630404 0.0423758355772048 0.412319342502442 0.951763122820879
-0.034137402659479 0.0120218964359447 -0.401074526924049 0.660005224427385
-0.0326673696512664 0.00132470397477538 0.0202056516421355 0.111854265983567
-0.0253887043397262 0.0290042282331526 0.479032055531172 -0.572162760865185
0.00624846932581396 0.00564351692025808 -0.291352539702044 -1.00138222993077
0.00870755140926274 -0.0350107610220495 -0.95339808213172 -0.100532817094825
-0.0340892620734082 -0.0423702522718035 -0.313754162351561 0.678429525674165
-0.0249203410166288 0.00155856787944726 0.299503811883652 0.383002433457372
0.0229541105997657 0.00196569785105415 0.221971682767118 -0.0382681380204924
0.0256330601031525 -0.0108338927484339 -0.0723154929209905 -0.223000089557158
0.00444444244150206 0.0116001602073019 0.0696838367817203 0.178461874165361
0.00640765644742726 0.00434386761354241 -0.164916596648769 0.0660193935668832
-0.0046384469681251 -0.0141450989661722 -0.285502373916561 -0.354080989007351
-0.00317443470897038 -0.045854547246884 0.24251870986073 -0.595162512555694
0.0480026424158557 -0.0138124516780378 0.868913644786934 -0.000329369820364874
-0.00850974797703291 0.0419323370429728 0.429233701852742 0.937146790501983
-0.036987546594031 0.0121491663889535 -0.394196641690263 0.664811099278316
-0.0345709945311737 0.00114992227947465 0.0120055386309152 0.11631814328715
-0.0275224235319914 0.0277773142366651 0.484439716154102 -0.56469474584179
0.00612509389779167 0.00414843397838819 -0.271302685538259 -1.01103153581099
0.0112026848236312 -0.0363493812381626 -0.958004841175361 -0.128103914864139
-0.0306483228663692 -0.0447249525267396 -0.33045761689078 0.666199473965379
-0.0243209547410472 0.00101505788914703 0.295296106231346 0.384490523289893
0.0211790989278913 0.00423478884957462 0.225151015555813 -0.0357489055210355
0.0244874929681935 -0.00989942651615771 -0.0711468183644916 -0.224101458826873
0.00232606282955938 0.0130205855003886 0.072088091292068 0.17755382231407
0.0046037540237763 0.0068050800720811 -0.162127675671317 0.0687225497151915
-0.00517317533551814 -0.0131750514033938 -0.289487089575006 -0.352439293342637
-0.00262945861110547 -0.0464115454384705 0.230890917345811 -0.602712674932977
0.0493583401877962 -0.013990976974849 0.865486116117574 -0.0210700128645861
-0.00757963435612978 0.0413621472340583 0.444665892943282 0.927452851267736
-0.0359462672319314 0.0104827862165189 -0.389334479833647 0.672228936887549
-0.0332855111497144 -0.00205365688718549 0.00291384867881396 0.120175205001432
-0.0280017112828946 0.0245294034373552 0.490460536297802 -0.555806297696583
0.00570221779554305 0.00354814694845444 -0.255746996779504 -1.02204121030181
0.0145865213502256 -0.0348842406934071 -0.957587780209478 -0.155681877659693
-0.0271181909302494 -0.044583997874753 -0.345053627783332 0.655820035470558
-0.0249584673769176 0.00183628316492745 0.29234236864814 0.387096482528617
0.0192391124656479 0.00533496530677589 0.228954130952125 -0.0323637825703405
0.0211228716891536 -0.00693401689630145 -0.0688628167569094 -0.225206121429384
7.13436676071984E-05 0.0161018058730687 0.0729475622828774 0.177878528422668
0.00255778702975602 0.00810957860794904 -0.161251133808018 0.0700040748464945
-0.00665157386860318 -0.0114330698381979 -0.29140110415152 -0.35107343335976
-0.000465446749912696 -0.0454671817461475 0.222363213217434 -0.607803661476138
0.0518012200446731 -0.0144033550458525 0.861909836340237 -0.0354254598724441
-0.00640208358729951 0.040477994017422 0.449362661931762 0.918139473609278
-0.0333525768489925 0.0062439884812766 -0.386267429087408 0.672496886848306
-0.0299454409197235 -0.00530286885609595 -0.00276527059220669 0.123217130174505
-0.0250198587090225 0.0216049920039099 0.490298710027511 -0.550176678041359
0.00670783325578746 0.00332310185982292 -0.242166366152772 -1.02828131661865
0.0181550643139227 -0.0337777379227967 -0.957085690272113 -0.173654027227542
-0.024513750824038 -0.0436868467483791 -0.352683688402051 0.647817576064863
-0.0262183321226684 0.00343647421511699 0.290063535432357 0.389691939223649
0.0161548996851211 0.00801398682023492 0.233049971595726 -0.0297766232090728
0.0177328197635876 -0.00473732966621343 -0.0663390423871493 -0.225817080234519
-0.00357328195312815 0.0186618990875341 0.0734085886426543 0.177509630049798
3.48423599076074E-05 0.00987722212021249 -0.160320286170939 0.0716404146714547
-0.00779007837645727 -0.00997869742261367 -0.291861437351432 -0.349197257891479
0.00195473183307718 -0.0443561779784656 0.220357921210527 -0.610209412422108
0.055612817362166 -0.0137265041406544 0.860082839902023 -0.0432865751637595
-0.00498282555060353 0.0400082909783507 0.453624439850899 0.912974839248643
-0.030108560298192 0.00259250908013503 -0.386661813268227 0.67695297703696
-0.0244523217886639 -0.00938726705292829 -0.0067906498636087 0.123800014810617
-0.0214869444461441 0.0175612980520496 0.489090080117273 -0.54846673366971
0.00816998791328491 0.00331295629405987 -0.236402749064313 -1.03079373520605
0.0209365730408461 -0.0318252050875672 -0.955852714402886 -0.179955487104716
-0.0221292641615355 -0.0413973993117678 -0.356024855640819 0.642923301740546
-0.0287926374335675 0.00526996950283378 0.291170371843041 0.389554616056955
0.013162476594412 0.00972300548174344 0.234685015820029 -0.0281900542715988
0.0142111071214146 -0.00243718487570758 -0.0627750822267661 -0.225004117410186
-0.00549563134558305 0.0197693044017794 0.0731408875752442 0.177584169751731
-0.00287060549219598 0.0128331324309376 -0.159920872140447 0.0710979484730649
-0.00863312922519764 -0.0086004006979884 -0.289943246168961 -0.349152082371324
0.00342708993920283 -0.0423815649222568 0.225822808929932 -0.609671700071935
0.0589677578274319 -0.011009543173321 0.859161602179423 -0.0400456267608415
-0.00245307919559283 0.0396031761503145 0.448618951925688 0.911851044205573
-0.024506534913796 -0.00196124627405033 -0.390890536758537 0.674448158710521
-0.0165084987187117 -0.0131823536970334 -0.00909282143536209 0.122734001540024
-0.0174765681724285 0.0142404155290935 0.486704918619177 -0.54853455312384
0.0103936650276983 0.00400346323716008 -0.238917860947614 -1.03206580883761
0.0226161994341284 -0.0285869726428145 -0.955878214224306 -0.181263547253351
-0.0217723613185413 -0.0383045317870686 -0.352694294000164 0.646043753496857
-0.0313404859202943 0.00687748747571837 0.292699596956698 0.39245195495714
0.00934392037747248 0.0111554943774249 0.235730671407478 -0.028115951253157
0.0112408284944084 0.000335792579272638 -0.0622588517011098 -0.224600856966828
-0.00806506766435812 0.0224149520683011 0.071517964918989 0.17802049837683
-0.005229927843097 0.0138385257103083 -0.160388089657672 0.0723169243900925
-0.0100931457264146 -0.00702187153598395 -0.286817589403044 -0.350055579215118
0.0055794235319493 -0.0396100292527837 0.233704275652468 -0.605203661413249
0.0613403208483287 -0.0077816962152928 0.864302426905141 -0.0291012276048423
-0.000410531513337916 0.0397718307578374 0.439243666064575 0.919996907477118
-0.0209802080557544 -0.00527510333711216 -0.397306356025558 0.67066115541251
-0.00932600317625621 -0.0159831307044956 -0.00742942408900219 0.120642180722948
-0.0132023924054098 0.0122085519955362 0.485447397949901 -0.554263267934909
0.0116443846620554 0.00510455072491575 -0.24812623877986 -1.02534916377811
0.0242352827545102 -0.0257136760695448 -0.954979405102693 -0.166889873925367
-0.023015967772508 -0.0349350073383428 -0.342062642236548 0.652870998503069
-0.033212338770953 0.00857618638060546 0.298592422176567 0.392428969066724
0.00703631799398818 0.0119098043920913 0.235898924194106 -0.0281653728879883
0.00923524373333843 0.00211419111453071 -0.0618411751173213 -0.223600852767919
-0.00835651906152866 0.0247762260215349 0.0687612170789857 0.179266246711511
-0.00655230923104586 0.014301364372121 -0.162642834439135 0.0711485336989018
-0.0115815525265338 -0.00537555408052016 -0.28132418510883 -0.350571343468127
0.00628201108126215 -0.0366518194222749 0.247677144401679 -0.59795851220976
0.063230251300757 -0.00423129130382312 0.868617836093325 -0.00971776750051473
0.000540120751457564 0.0398075391647181 0.422838444136734 0.931337616681449
-0.0164001359817479 -0.008903726216439 -0.405645851319849 0.664299988421514
-0.00408489635120831 -0.0173923865581274 -0.00282187932643531 0.115509853070648
-0.00794029226115933 0.00996233489583031 0.478538682365555 -0.561515207603913
0.0136098591436826 0.0057195619523184 -0.265937175349623 -1.01857782738587
0.0238786785046949 -0.0236149845498724 -0.954332277088626 -0.145842810840576
-0.0234014281905521 -0.0319698911137916 -0.33008244633513 0.660827931728512
-0.0346616913725552 0.00888158185878417 0.304394470771652 0.390531332531851
0.00686624391767214 0.0131756089248217 0.23361358135349 -0.0308299583031205
0.00888088448736928 0.00332328093736391 -0.0633828996419745 -0.223559627274204
0.00599860122080396 0.0113683956872284 0.0694052110404073 0.177252056803193
0.00752561978184696 0.00157557118257457 -0.164859632821269 0.0671167409343416
-0.00343621082655057 -0.0148675011895452 -0.286603292987146 -0.350202128839306
-0.0052412252962967 -0.044251805235687 0.243398131903947 -0.588575081074759
0.0470149542937175 -0.0113108964616888 0.870584338917646 0.00845033187652355
-0.00827984357450737 0.0420546955500272 0.429576423548959 0.937956169883684
-0.0345878027654391 0.0125478612977316 -0.387321524099448 0.666001082096374
-0.0322985025899701 0.00150437281634949 0.0214414877215541 0.110580767382984
-0.0248275928514256 0.0293019811625441 0.467787464835316 -0.577090349752933
0.0063077674093074 0.00575245530724672 -0.309425562119624 -0.991728362986546
0.00782932795501115 -0.0342259228453215 -0.950986347157547 -0.0835838111644954
-0.0350728077605152 -0.0416074813709299 -0.298519024028895 0.681944732255248
-0.0253015303975331 0.00147996599488791 0.305959045193249 0.377037669243721
0.0228259106987672 0.000798590168524307 0.219996276258326 -0.0422785414218456
0.0247691378549389 -0.0113135954309154 -0.0762423288998952 -0.22012907187669
0.00511419280612035 0.0121813255912154 0.0722411107985506 0.175758771965227
0.0064041252026452 0.00356176394915445 -0.162082596542865 0.0690652842979231
-0.00441022147078159 -0.0146460859064998 -0.290330527611964 -0.34662988147256
-0.00424129961202875 -0.045474342542649 0.228838865594188 -0.596515697133891
0.0472206352740134 -0.0141650021514548 0.865671763102106 -0.0175996095532997
-0.00793936353613515 0.0423611433004377 0.445650634571267 0.923131089387752
-0.0354371112295079 0.0126382818695654 -0.37989315977015 0.669481449250067
-0.0334216527014199 0.00114846191001532 0.0139612992983219 0.115953839981844
-0.0271754432868319 0.027690026883363 0.472039100206739 -0.568225242153201
0.00626088065493325 0.00493188067855032 -0.290337842136133 -1.00088398470689
0.0105562056465623 -0.0363059083523825 -0.954102932041238 -0.108741754777714
-0.0321826176345619 -0.0441960423254171 -0.316284065439614 0.670487373913531
-0.0242417292398452 0.00181810295964332 0.300639491517557 0.376477982648772
0.0204460380839927 0.00240120483767886 0.22346091085306 -0.0394869631394819
0.0229989757644419 -0.00990994944713644 -0.0742206867768491 -0.221455708650625
0.00291957053078021 0.0136291587017144 0.0735510233299078 0.176025816918423
0.00452097704107653 0.00557662751072492 -0.160646171539248 0.0716574406128285
-0.00526165934829807 -0.0127740772757768 -0.293355042886002 -0.346069272594341
-0.00318970051243605 -0.0447718669283592 0.218301047977946 -0.602377453158481
0.0490242627800991 -0.0151565753257533 0.859820377572751 -0.039015425813514
-0.00727207419694519 0.0414305818765507 0.459716197382757 0.91356597657702
-0.0349315431541909 0.0108209336123082 -0.373324245697736 0.676943419704302
-0.0331468212312803 -0.00129473262053812 0.00535353913414746 0.120067459701265
-0.0274286342490591 0.0257764021975776 0.477670541757622 -0.558688819488137
0.00575202393370855 0.00376226719864105 -0.272459816930091 -1.01379318006583
0.0133794699109431 -0.0356104920548806 -0.955186665605556 -0.137159842278435
-0.0276379938589884 -0.044983333045079 -0.331405048731998 0.660949252680195
-0.0250499840329057 0.00258856449008051 0.295931088534763 0.380032615735367
0.0190705888175133 0.00446527296497668 0.227810078684369 -0.0370355086079431
0.0208919018241971 -0.00797431126290124 -0.0721089097018868 -0.22262376905206
0.000377305207646124 0.0163129942898483 0.0754844693580801 0.174828159500664
0.00225210226699472 0.0073537228906201 -0.1573938404522 0.0734221013720223
-0.00662318467111883 -0.0121541063778411 -0.297819649833018 -0.344562902518816
-0.00123553939319361 -0.0445509560436686 0.208351270302555 -0.609719509918026
0.0522897219808876 -0.0155108565136081 0.857101005135465 -0.0539167729137886
-0.00544771432566056 0.0399297852127729 0.466876765367135 0.902028759196379
-0.0328026732015838 0.00695966308565778 -0.372827122415846 0.677182533627756
-0.0288178273768334 -0.00509820858268428 -0.00113364496406957 0.122571378152618
-0.0250944691585233 0.0220928954589039 0.478192261526525 -0.556226001297358
0.00691686609391077 0.00392004578254419 -0.257678028674884 -1.02010924205844
0.017691051918714 -0.0348881093909734 -0.957031611255378 -0.153651112225317
-0.0253353248462294 -0.043240614916487 -0.338229444710086 0.651771328194897
-0.0263223620149017 0.00381485579658245 0.295039521607306 0.381191482939496
0.0165714715561682 0.00605955045234993 0.23029088489867 -0.0345112467982656
0.016568770440756 -0.00437226222139287 -0.0694287050295359 -0.222604394002009
-0.00313371385847684 0.0183001378343835 0.0747941464473205 0.175071471648008
-0.000422417726242019 0.0100433231621176 -0.157415308405236 0.0742681191254925
-0.00784346738015528 -0.0103237131326912 -0.296898898891507 -0.341850597225256
0.0010442269159735 -0.0441016021415836 0.206227310897595 -0.610538435674494
0.05504045932283 -0.0147054325811928 0.85589821067571 -0.0597903662738513
-0.00306368413944658 0.0392608587219167 0.468045134473575 0.896379910171148
-0.0292963352092432 0.00340970766640546 -0.372094050747431 0.679004686938911
-0.0230906339001095 -0.00954301807001741 -0.00593984036006605 0.123593213557796
-0.0215517075816153 0.0188510269429259 0.478450961930802 -0.553403468961242
0.00853936462197771 0.00364071951207173 -0.253768699926841 -1.02178233659726
0.0203434954271211 -0.0318601417298946 -0.955697322544649 -0.161692936920746
-0.0235970694194246 -0.0410482711339073 -0.340841091893536 0.648056357145372
-0.0288060399705554 0.00551796794449196 0.296813614036314 0.383631000951057
0.0118706723517241 0.00754785281228577 0.233092206806253 -0.0327914663167271
0.0127681829224381 -0.00284142226145066 -0.0671200085216016 -0.22133668502388
-0.00450619952790607 0.0211855778528654 0.0747826586525994 0.175510326362998
-0.0021834396319842 0.0124873973150866 -0.157478394007893 0.0740612080186827
-0.00854864099058743 -0.00904580205156396 -0.2951082504342 -0.342840447022081
0.00324044356117776 -0.0414788905724952 0.211761075870611 -0.610660470537112
0.058892830423809 -0.0135142196458684 0.85579599408881 -0.0564073367309386
-0.00188652327843353 0.0390696257816891 0.463608605161431 0.901493163793262
-0.0255727431573668 -0.00184617120719622 -0.377355989813194 0.677489758349562
-0.0167999851211146 -0.0121910260578891 -0.00723580863707371 0.122037452914841
-0.0166837335528121 0.0150070858635536 0.475562569440131 -0.554186727914295
0.00951598247489091 0.00418254909104941 -0.256342311946784 -1.02165614177943
0.0220080460750332 -0.0287540842044048 -0.954126153333549 -0.160157404719008
-0.0234596986249202 -0.0370405028126966 -0.338081297646892 0.650044854357724
-0.0315825369570759 0.00810140776783036 0.300749231171184 0.383505805874379
0.0095196534369362 0.00994791012081775 0.234085239444277 -0.0320379519771531
0.0102182562718728 0.000173585431584403 -0.0656141576524601 -0.222266668711517
-0.00595568484031162 0.023152757962928 0.0735015917266621 0.176095952950916
-0.00500490681212477 0.0137493988847568 -0.158400380745236 0.0745485579400568
-0.010442756980671 -0.00722532834107593 -0.291073245966527 -0.342370115056754
0.00434105235446698 -0.0388039155872045 0.221667913391772 -0.606366696089129
0.0614796170088564 -0.00933143943213107 0.858079986903366 -0.0451424124741084
0.000708515512393496 0.039187629004324 0.452577648494428 0.904983294652375
-0.0210004697397088 -0.00556115971786809 -0.382867193757631 0.67324956441659
-0.0101085671791934 -0.0151957202599932 -0.00510686274016848 0.119701860230847
-0.0132147157438334 0.01263557944259 0.473239748434561 -0.558524619033152
0.0116623581999995 0.00503863892574271 -0.265429807238232 -1.01623542982054
0.0237986258882935 -0.0260959166152144 -0.952938972263302 -0.148356779952525
-0.0231241873515009 -0.0347020001398364 -0.329748560938323 0.656615836613343
-0.0333889439771144 0.00858530277091708 0.302238655435271 0.384679666221304
0.00690229749211736 0.0121209544077356 0.235125088709714 -0.0322604635967026
0.00832087725302951 0.00131562039419772 -0.0654269858178236 -0.22166932164585
-0.00782700620105617 0.0240149397344287 0.0714825170587175 0.177623357369918
-0.00641699524249568 0.0138850513366958 -0.16025901892273 0.0731797324358731
-0.0113079657539785 -0.00564785228491869 -0.286759422208706 -0.343875853684507
0.00504562076289967 -0.0355951458472438 0.234016883130138 -0.599197272838271
0.0629908939203235 -0.00607189846019507 0.862963748453159 -0.0285950326623871
0.00115298571670371 0.0398501225484194 0.439505393304155 0.915603965555362
-0.0166534224823491 -0.00794077536090963 -0.389988865680933 0.669879989944121
-0.00382728029681637 -0.017491570097243 -0.000811316969701916 0.115781626153363
-0.00783420150899385 0.010681924564249 0.466216635834388 -0.566630438502582
0.0133207906468554 0.00545548654798296 -0.28410886180279 -1.00928898224056
0.0231036965137507 -0.023549227239563 -0.952435245898635 -0.127850136369278
-0.0243196075200557 -0.0310932203153845 -0.314014609435741 0.663990019100617
-0.0341446486530249 0.0100304785907136 0.308103706945521 0.383593322126177
0.00650484287467913 0.0121706692173922 0.232381351840814 -0.0343416717233352
0.00772632991630213 0.00194856647262667 -0.0678453995574714 -0.219773286124287
0.00650759421895304 0.0111552862392117 0.0714767860012991 0.174490290078606
0.00698076036568329 0.00156069791526979 -0.162296708251495 0.0687397293066838
-0.00371510089181107 -0.0151292358607511 -0.288870090427646 -0.342444115515546
-0.00564966896041271 -0.0432701070012595 0.231157974448473 -0.587466169961725
0.0462760122266572 -0.0126906074190228 0.863373801256595 -0.00755483328791087
-0.00695085948204141 0.0415984605016455 0.442357980007392 0.922887532595261
-0.0340551948357204 0.0126269070347868 -0.372580320512469 0.666027906852692
-0.0308437819800222 0.00192262442658649 0.0230993785432193 0.11057977455453
-0.0245414603974605 0.0306764560910976 0.455746177602335 -0.580165187429595
0.00617314888439305 0.0047140130254354 -0.323401674363219 -0.978334947086428
0.00696538457840547 -0.0350865939721623 -0.945171327780905 -0.0676128214264774
-0.0357924974169297 -0.0413131533829485 -0.284823543589264 0.682405616447961
-0.0242942500962571 0.00200930080921421 0.309361262036106 0.367502001397403
0.0216414008686193 -0.000658939875260754 0.218536366287072 -0.0461232064016407
0.0240868422164982 -0.0118752661150352 -0.0793737801900855 -0.217369959853728
0.00555907737044089 0.012454957400425 0.073220280914007 0.173244511162096
0.00677567360183999 0.00295913722250134 -0.159022513338821 0.0716222223265573
-0.00472864899246389 -0.0138753026233671 -0.29443749383628 -0.339406080071554
-0.00539944354279853 -0.0441278344229826 0.216335508107207 -0.597746198436241
0.0473732034514194 -0.0147206301505081 0.858033700740584 -0.0342394000286532
-0.00758234542583682 0.0420097703651606 0.458053742019359 0.908206075784733
-0.0351448832613091 0.0126264398229772 -0.365420286305197 0.673482554130807
-0.0336631937650536 0.000692159923968828 0.015605747706308 0.114469028700565
-0.0255814258502495 0.0298793403811 0.459983521392888 -0.572508824801111
0.00505337948381197 0.00407315522847563 -0.30374015431335 -0.989514961275001
0.00965289456124018 -0.0365274312618974 -0.950317557428068 -0.0929502046069043
-0.0327312978345858 -0.0423974859992311 -0.3009125066293 0.670416286912271
-0.0238078874687535 0.00175670137921314 0.304880944546638 0.368147816842871
0.0212595237876885 0.000569533761699718 0.221752475064898 -0.0421216609878145
0.0217649035910525 -0.011076097518817 -0.0772463008348996 -0.21861610740932
0.00345278764992695 0.0135533591336618 0.0758593627077958 0.172873252616987
0.00482045770450096 0.0048884937419464 -0.15695858123329 0.0739038514784526
-0.00532660267909126 -0.0135698794090522 -0.298418096523894 -0.337413950269445
-0.00368241633663691 -0.0443425747791038 0.203666901101241 -0.604313487790865
0.0485736375596671 -0.0162868417166585 0.853797065094367 -0.0535394810040807
-0.00626098626825519 0.0408212402222635 0.471114348361227 0.897958880302968
-0.0346322144227332 0.0111936570582491 -0.360608816223137 0.6771616607549
-0.032636229140188 -0.00132349638126981 0.00706644709086984 0.118476136632039
-0.026924737758741 0.0271678969928966 0.465373077601874 -0.562119124429434
0.00530558966225487 0.00371728357953358 -0.286379748196529 -0.999781756893861
0.0132032249903981 -0.0365452666456508 -0.951593863553689 -0.11937491562407
-0.0284199668294258 -0.0444632558755132 -0.316990227758396 0.661033802185013
-0.0249864938268771 0.00246897188919915 0.300306953829136 0.37293258052621
0.0187327461497978 0.00284959473169242 0.225032427185459 -0.0391855209110289
0.0191678848265407 -0.00816413417311692 -0.0742122498116099 -0.219671914810976
0.000383887364385373 0.016050246980716 0.0764579458669228 0.173253690723165
0.00271251266315658 0.00611670929672501 -0.155040234178715 0.0749723757294242
-0.0058608990384791 -0.0120389556722262 -0.300566149879038 -0.3358419142688
-0.00129304826047485 -0.0439726358309454 0.196622038481395 -0.610943264137019
0.0510281684382474 -0.0167180414957984 0.847973432967817 -0.0654498655840011
-0.0037682438451666 0.0405694696010976 0.478930997215497 0.885632292863044
-0.0325673341581376 0.00697001877658645 -0.358406234242243 0.677334440760056
-0.0289318293638817 -0.00473517644378097 0.000588029886307683 0.121242982741502
-0.0245877238770785 0.0228545620821271 0.467173887327293 -0.559441967463721
0.00649230853762826 0.002674174095761 -0.274319272033849 -1.00526476465813
0.016536706226428 -0.0345216269788948 -0.952747537218713 -0.136801676208306
-0.025150929965988 -0.042279559698601 -0.324811340000776 0.654023786146754
-0.0260640223929946 0.00412426415221247 0.300199591653861 0.373416517804989
0.0152859043769627 0.00470526056686644 0.228828264781585 -0.0375732795124002
0.0157395187987512 -0.00637764038144602 -0.0726691022826801 -0.219800098683005
-0.00275218793595648 0.0187919880870909 0.0766409967013703 0.172945610576838
0.000281452034941367 0.00893452754627547 -0.154373788777228 0.0760875249685275
-0.00771356970567011 -0.00993593641798302 -0.300841743652896 -0.333817061395258
0.000567841480797913 -0.0430558934991471 0.194430194477646 -0.611193337409531
0.0544786551824595 -0.0162519034101977 0.844940249704394 -0.0757834329248124
-0.00301945361779777 0.0391267806671849 0.480754626426178 0.88141664717749
-0.0286721099702228 0.00313117046512393 -0.358342095693978 0.681093809068787
-0.0233533299166779 -0.00860793877270738 -0.00336516778444534 0.122925107142875
-0.021174431417441 0.0185084797456299 0.46708581438198 -0.555822596369378
0.00816546830772662 0.00416058529961452 -0.269340690336921 -1.01054073816706
0.0195355116469618 -0.0325118899947175 -0.949108855230034 -0.145985481246367
-0.0236577863110124 -0.0402586534784535 -0.325860857966363 0.650404891803031
-0.0284400292054216 0.00592663311933929 0.300815262272034 0.376050585342856
0.0118352894013922 0.00714947527238092 0.231166897747031 -0.0362680038023174
0.0119047061081708 -0.00273252518464485 -0.0701957886985224 -0.219295830098428
-0.0034771282171689 0.0209500956223007 0.0760398256473797 0.172692896739506
-0.00223904739043931 0.0109349320121535 -0.154197853699185 0.0765189615984384
-0.00847533999276717 -0.00867352343752459 -0.299107780535431 -0.334166974470052
0.00182284471608032 -0.040640962616441 0.198408162778289 -0.610979644660362
0.0581792190946655 -0.0131481197651786 0.848407947639003 -0.0720195739436238
-0.000349100588556708 0.0383061590094695 0.477471721278796 0.884305042924491
-0.0255328870403696 -0.000644830156121109 -0.363111219764384 0.679355145110551
-0.0161713830007921 -0.0127155745974345 -0.00526842577894049 0.122189371978746
-0.0164222874025591 0.0155662372709659 0.463041701505538 -0.557734245491243
0.00935516299723501 0.00335383321350134 -0.271510923361591 -1.01018622118894
0.0213137241216492 -0.0294841544941126 -0.94996092379817 -0.144054485601609
-0.0232024438472844 -0.0365920645927489 -0.323069491468716 0.650157168203214
-0.0303227194212295 0.00833499773928708 0.302889238811316 0.375995974191136
0.00887851408234024 0.00856443863844516 0.232432974021845 -0.0354474144754827
0.0100011981952241 -0.000710430889624522 -0.0693361801133382 -0.219443858339116
-0.00631086727064034 0.0234544095647243 0.07411068832207 0.173414298851132
-0.00454215727652641 0.0123777721136755 -0.154720269967353 0.0764777374833419
-0.0102153167607601 -0.00710732375216788 -0.29437384086473 -0.334713247695729
0.00345725198137961 -0.0375399414762963 0.208943813109507 -0.606725351887773
0.0610653471018564 -0.00998002156136921 0.851034251060765 -0.0597893359022617
0.000853416613646112 0.0388719230125577 0.46667356563392 0.888886432068162
-0.0202746740867317 -0.00537365209190293 -0.368032973882628 0.675545106254841
-0.00952852809274829 -0.0157937843830346 -0.00339017450683282 0.119464802372782
-0.0126194166103972 0.0131498888343665 0.460922669706122 -0.561200308597781
0.0111181159690615 0.00459203608757461 -0.280310730021298 -1.00354547661744
0.0228388432588876 -0.0266730513586432 -0.950582526117293 -0.130588841760325
-0.0236118192496039 -0.0338480182045164 -0.315023016381987 0.657684710982351
-0.0334489653204022 0.00984694355960699 0.30787907216033 0.376105476535502
0.00645610592904741 0.0104468321772612 0.232237720960803 -0.0364202176530851
0.00778175544846327 0.000517867927507679 -0.0686480977925592 -0.217958391387323
-0.00651490299051225 0.0245373212210348 0.0724361534078734 0.174052702085335
-0.00588612564617638 0.0138590148624618 -0.156195761326166 0.0765584021289363
-0.010958165233918 -0.00558050875910032 -0.289327607116923 -0.336585659719826
0.00448648719441029 -0.0353011011414059 0.220925862347374 -0.599548695342944
0.0626156559243334 -0.00605696739543962 0.85646702997846 -0.0416334047517843
0.00183364218836226 0.0396905312969788 0.454328205986386 0.901519155319465
-0.0156678523774157 -0.00808049657502279 -0.376602973777244 0.669270565276023
-0.00367879712858274 -0.0179313130026255 0.000592823456764567 0.11536745783573
-0.00828169676121358 0.0111522069952905 0.455031495891405 -0.56788603871237
0.0130008066089889 0.00483280318291549 -0.29783819799713 -0.995516048535068
0.0228138662914902 -0.0243977086247616 -0.947554788342077 -0.109605647317533
-0.0245545305619022 -0.0310946631274109 -0.300570940194395 0.665775417538775
-0.033988288607024 0.01085637097191 0.311838839703111 0.375048463358787
0.00593836775228255 0.0114487611691965 0.231611800527659 -0.0382213433008172
0.00719615020442854 0.00172157745428204 -0.0698824988467799 -0.217485498765747
0.0065510275611569 0.0113554274364145 0.0722437542712287 0.171956217097339
0.00729603196897242 0.000269432281954191 -0.159546613643442 0.0707277399320969
-0.00371321434522972 -0.0150951252087251 -0.292859703199542 -0.334475899370666
-0.00580815314743754 -0.0425289622947942 0.21772621564572 -0.587474732803399
0.0460937187808441 -0.0132397124691283 0.85460122287851 -0.0208933998911892
-0.0059393454422816 0.0419881359373009 0.4543032934124 0.90646317115792
-0.0331574091559296 0.013342992044791 -0.358875098591152 0.665942135368333
-0.0305764141567872 0.00170256760671328 0.0240068463253283 0.108444166275337
-0.0233961114582665 0.0305369150673528 0.443597108948566 -0.580542291012898
0.00588658471955282 0.00488463918367682 -0.333181814970186 -0.964890147370835
0.00569636334421798 -0.0346965674103089 -0.939030662371562 -0.0522649748347228
-0.0354418572742398 -0.039621004976394 -0.269159011296559 0.680689605411273
-0.0243624099992955 0.00205220258558179 0.312185784175871 0.361062946068456
0.0210910859507829 -0.00124349557285777 0.216023637238874 -0.0482389049487905
0.0220820908817988 -0.0120546491485151 -0.0813598231190349 -0.214048342763865
0.00582793089130143 0.0120402389218072 0.0753113648682862 0.17014419625752
0.00630705443805362 0.00205802945093522 -0.156097730874956 0.0722322591601091
-0.00447621770583666 -0.0145805043594986 -0.296970235034193 -0.332273440490879
-0.00568727808235584 -0.0429083469490564 0.203784562773922 -0.595026830397054
0.046719701954127 -0.0158722430605312 0.84953421028766 -0.045323695629439
-0.00613591796264527 0.0413890134848588 0.466836492226228 0.891813893328699
-0.0345716722514643 0.012159894124834 -0.352282664111664 0.670635148264954
-0.0327429779070547 0.000930245879708249 0.0164364537219255 0.113295067671087
-0.0257024699577832 0.029988992778392 0.447259650185978 -0.572501513909751
0.00449019879497889 0.00465642185949586 -0.314712724601635 -0.976331665857673
0.00898388112903825 -0.0367986203297652 -0.942541328967981 -0.0774412225042272
-0.0322997842277082 -0.0419048621044181 -0.286653328837178 0.669806571337678
-0.0233195381016617 0.00201120082224587 0.307440411327705 0.361052203103204
0.0198743940698771 -0.000257936208942416 0.219854859978428 -0.0459350245002742
0.0211084301906203 -0.0113096152906398 -0.0792398234563861 -0.215226231725839
0.00344386355819321 0.0138169762677743 0.0766118798631562 0.170467707334136
0.00533173370786716 0.00332077523367505 -0.153663586396607 0.0749378685526257
-0.00558440521432809 -0.0137632239370884 -0.300941687288071 -0.33141412270745
-0.0037297533400319 -0.0440544511830343 0.191651798520491 -0.602481689233952
0.0471498260985844 -0.0167680223191006 0.842980779675173 -0.0661432677317321
-0.00557853279529798 0.0403515785036201 0.479911206546094 0.879508459912594
-0.0341329224586369 0.0111673807381459 -0.346323098656597 0.673751528904247
-0.0320321828230364 -0.00121406476195997 0.00860401597726948 0.118354525224551
-0.0265207534750827 0.0274095212795825 0.453427207506764 -0.565609592408512
0.00531248090988169 0.00372870668645912 -0.297198908764857 -0.986644470441786
0.0124179287575236 -0.0361193766664877 -0.944018911342149 -0.104489865729057
-0.0288822023750158 -0.0422023831022346 -0.302491853346997 0.662406333883819
-0.0239308149071808 0.00243627878209341 0.301788337554443 0.365187769043963
0.017556987647668 0.00141926306911545 0.223305837941838 -0.0419708369917936
0.0186198514132812 -0.00913804003836098 -0.0770906257724774 -0.215816591700801
0.00106857333210271 0.0166153787391173 0.0768976734202247 0.17012552334177
0.00246825063332768 0.00565561700300459 -0.1520706944229 0.0766858749771527
-0.00624356612345197 -0.011520580529129 -0.304115591416558 -0.327703520392721
-0.00269715872124768 -0.0429099714767526 0.183920764507552 -0.606852284797203
0.050549568957369 -0.0167004478644887 0.838105952553451 -0.0789676560936518
-0.00402583159019792 0.0399982548096942 0.490197053518536 0.871037188098102
-0.0316295806215292 0.0072684344816179 -0.343951855915578 0.675857870671548
-0.0276609621994722 -0.00460802719559909 0.00330798541923786 0.121108823426793
-0.024143603622898 0.0237285751525629 0.454900029258359 -0.559473536637489
0.00601908242824269 0.00299354408512049 -0.284467838314653 -0.992502994988464
0.0155741552266354 -0.0348188590846926 -0.945075842546518 -0.121420961964072
-0.0267521977824735 -0.0413277327249494 -0.311938598625556 0.654489622022352
-0.0253114286369367 0.00393647949373967 0.302371891055048 0.365717764323055
0.015385188772395 0.00354825026073829 0.225968221944973 -0.0404918999826196
0.0143046806815187 -0.00651776568281702 -0.0748682779431784 -0.215688066736236
-0.00217457457833612 0.0186636559720962 0.077780259492396 0.170566431114794
-3.30027947720562E-06 0.008171239536954 -0.150988649182489 0.0781049505410838
-0.00739766657888021 -0.0104958719013767 -0.301858796586508 -0.327333158033333
-0.000785568699302096 -0.0429263546261635 0.182659890464172 -0.60889560390813
0.0534643108717801 -0.0163028718580856 0.837650379480436 -0.0863480845691821
-0.001821106735295 0.0383489733254232 0.4898035748877 0.865981168902528
-0.0290007924332309 0.00448782751227543 -0.345135354450533 0.680141643706864
-0.0230334867718424 -0.00838197248733226 -0.00151523432743152 0.121304626863874
-0.0208423496958205 0.0197524505936283 0.454909970359999 -0.557284536925579
0.0071736268652004 0.00352475365737768 -0.280575330230094 -0.99511545686743
0.018330632357238 -0.0322399212323388 -0.94401703330252 -0.130714109071518
-0.0239366059716066 -0.0387142583901655 -0.313482690240472 0.649424901735101
-0.0281764865371682 0.00582973316028656 0.303894789512218 0.367798567041786
0.0106732390678969 0.00644196892461154 0.229582465491558 -0.0387778926276136
0.0117479345663041 -0.00367178194109983 -0.0724875447568231 -0.21656949815397
-0.00305058064973121 0.0212290512174518 0.0773634573692424 0.1699674081791
-0.00172451277792646 0.010248829848823 -0.151011176809243 0.078652896202015
-0.00846841230300651 -0.00923526301924554 -0.300721390110132 -0.32807853727392
0.00179394618810367 -0.0399361947098797 0.186092318378608 -0.607325583725379
0.0571152344033403 -0.0146003353931214 0.837760760883268 -0.0841927284373832
0.000513817723934256 0.0377149561840096 0.484420250773008 0.868519849255682
-0.0247664858070928 -0.00146305957069724 -0.349777263227055 0.677592350072866
-0.0163846539370613 -0.0124603686086154 -0.00254443795536409 0.119599777265222
-0.016643209093642 0.0163443842361749 0.451619796667031 -0.55703513680413
0.00906939110977129 0.00284284003076184 -0.284208276037645 -0.996179703651561
0.020830515805188 -0.0296132607590517 -0.944210012654585 -0.128180165632951
-0.0237278347812263 -0.0358508681576845 -0.31026966246172 0.650100351249907
-0.0307419096147974 0.00826479850602915 0.306216681908168 0.368702749004617
0.00839201023357225 0.00761423107443352 0.230023670008868 -0.0387879028261232
0.00826540356420694 -0.00141745452947697 -0.0708357610382735 -0.215297288648433
-0.00548175792269827 0.0234164876964546 0.0764966223937373 0.171227299464668
-0.0042027682407089 0.0117364509506074 -0.151601063651491 0.0793045286388383
-0.00903457059352267 -0.00643978872542222 -0.296716386730289 -0.327135579465973
0.00307002491480306 -0.0373352839019233 0.195014818102089 -0.603892041414836
0.0595991559333394 -0.010999109791537 0.841344296140071 -0.0728976418656507
0.00142014494500172 0.0382093103253544 0.475692074540539 0.87281990871325
-0.0196515620344356 -0.00509929523303376 -0.35804044213612 0.674411842590671
-0.0093354007424396 -0.0159754947733499 -0.00151257868842076 0.118123355244627
-0.0121149843962592 0.0139018363201516 0.448465447148771 -0.563767916686178
0.010929004780746 0.00456251247452771 -0.29301453309913 -0.990647726686957
0.0217742686029254 -0.0267215289802901 -0.943136161091035 -0.117855411325421
-0.0236910771189943 -0.0330974664544935 -0.301256380639244 0.657783067092943
-0.032247813872889 0.00996685758220399 0.309316931957076 0.368766996374065
0.00657697995308472 0.00929293286115075 0.229929785599528 -0.0388213777440581
0.00654205708058663 2.82557525172027E-05 -0.0714189572442435 -0.214339279879946
-0.00638367949995089 0.0242921546211749 0.0738288516278708 0.171586604756184
-0.00602795642164695 0.0123100606394063 -0.153714304073564 0.0772223511722409
-0.0109067598250769 -0.0054395375981761 -0.291369476415431 -0.329361516512494
0.00359484496931564 -0.0344515051619601 0.208960462147639 -0.596827383953623
0.0618910843362827 -0.00748075074076928 0.847492424485174 -0.0553953550588679
0.00295856826930865 0.0391646927019089 0.464307422707067 0.884500561303616
-0.015602657499071 -0.00701024419032722 -0.363042410694095 0.670190149865061
-0.00361601075260678 -0.0175102241278879 0.00284201958687608 0.113967562732857
-0.00820946817509766 0.0119481227328429 0.441750682371687 -0.568790417880916
0.0130594395498815 0.00519113653219659 -0.308787912352185 -0.98265846858357
0.0221750358235285 -0.0242050763705656 -0.940117952385278 -0.0953089067486903
-0.0246876497922251 -0.0308851962586762 -0.287796592106518 0.664039226994008
-0.0327641838569774 0.0110173315859808 0.314322437053731 0.367052480853034
0.00606275351965912 0.00988592026879603 0.227889213659382 -0.0409984144348057
0.00657000538915356 0.00114254419174473 -0.0720857907698101 -0.214287479388823
0.00704109492407598 0.0109350532959482 0.0731289641181862 0.169085520382056
0.00690095745312157 -0.000398096729459254 -0.15539242067422 0.072078618766127
-0.00362926841726223 -0.0152329478030629 -0.293608008337936 -0.32677931571006
-0.00596305927950072 -0.0417935607906177 0.208332428339886 -0.583075994157975
0.04490251449373 -0.0139060544079901 0.845391059134028 -0.0298717289716744
-0.00547982665774149 0.0406680925876182 0.461733505571593 0.891118130177408
-0.032638345127159 0.0129440500711544 -0.347514240187661 0.662787178783443
-0.0303184387300282 0.00201311636117788 0.0253360553324998 0.107821834929755
-0.0231361606123113 0.03101863805245 0.432685956089615 -0.578876924285537
0.00539221595790771 0.00529118412691739 -0.341796374916175 -0.949898636810371
0.00562992802488221 -0.0349839704373134 -0.93218205335137 -0.0401112286191874
-0.0352574035090694 -0.0395229695348549 -0.260292980125625 0.678599030607248
-0.0236328861556163 0.00218416917483389 0.312433940238848 0.352002628820806
0.0193694769008659 -0.00270937040707243 0.213863920027522 -0.0507187687857555
0.0216422691957309 -0.0121153666089646 -0.0821146360633305 -0.210264723863155
0.00579879189378002 0.0113443255520078 0.0757049707624492 0.167860230366213
0.00589661993491783 0.00124817619540846 -0.15334854881457 0.0739992255413366
-0.00403487628964971 -0.0149543457977205 -0.297427508655782 -0.324944564395378
-0.00558076952195051 -0.0428889090879574 0.194665453581381 -0.590482522300508
0.0460487061062704 -0.0154622625768589 0.839387370749818 -0.0566427968500743
-0.00567440296929573 0.0402157699225912 0.474342410157476 0.876226388245041
-0.0339759928145783 0.0129707769374908 -0.340476141312659 0.668099045422461
-0.0319951210449537 0.000813965113162211 0.0170168239549286 0.111809810537632
-0.0252698852095634 0.0304417551248706 0.437237847088114 -0.572205293570699
0.00480722822026159 0.00430683105453383 -0.325452751476417 -0.962800248130477
0.0078094772523553 -0.0358326324951532 -0.932398324495248 -0.06602415377306
-0.0325435588835276 -0.0405925763158756 -0.276787137685041 0.668840211303892
-0.0229374351331992 0.00152191781181713 0.308135459503977 0.354444148994172
0.0188881113854965 -0.00107510074726522 0.217088476179312 -0.0471471873664335
0.019782137262729 -0.0109099683762631 -0.0800278233907926 -0.211626132958959
0.0035954536138028 0.0132606673231589 0.0771113893997179 0.168201565464089
0.00416391509487109 0.00291037107384352 -0.149999974447289 0.0760002764749693
-0.00464737354644369 -0.0133688463236106 -0.301717103596125 -0.323306088520742
-0.00463508334685648 -0.0431483398282994 0.180865893397952 -0.599364716942995
0.0473374634462011 -0.0169132467277693 0.833075981309191 -0.075577489894655
-0.00428389680029139 0.0399362104725513 0.488481537012632 0.864564756611665
-0.0335099833692236 0.0111117005107567 -0.335867843890593 0.671877875590489
-0.0309823968632428 -0.00105187322009105 0.0104108645805809 0.11652332318139
-0.0251985057487735 0.0283195673722544 0.443663778674007 -0.564165615793865
0.00508990748696269 0.00360946002636224 -0.307030043816334 -0.973994562173009
0.0114953733866513 -0.0364429725219966 -0.936621781712805 -0.0927469483238307
-0.0286748199534083 -0.042163970640332 -0.29315811215939 0.658598161594392
-0.0241267831195014 0.00245208655153131 0.305822470821286 0.357728573769719
0.0171957503311921 0.000376186903304782 0.220552216502308 -0.0451874781785268
0.0172451664297569 -0.00904897204094653 -0.0783790445917382 -0.212355986704044
0.00136109700495294 0.0154521195718186 0.0785730868667211 0.167664638788306
0.00190176555536153 0.00487525380443893 -0.148921061059413 0.0776318087545751
-0.00661900783192134 -0.0114907762172185 -0.3045768637829 -0.320521724359887
-0.00263646811126455 -0.0421484694869686 0.173548459636228 -0.602713097360412
0.049465710751821 -0.0179955736668419 0.829439667003336 -0.088748039223169
-0.00289421989055077 0.0391310733822109 0.494921030386031 0.854783949236377
-0.0308532174151196 0.00771288072793392 -0.333524050163698 0.675159277277756
-0.0280621106211415 -0.0046943675936492 0.00367809872202825 0.119233701072827
-0.0235658506557612 0.0243842812267178 0.443804864403431 -0.558942518062301
0.00550299154333084 0.00454893572503327 -0.292635717321028 -0.978965370374354
0.0151659919710613 -0.0343960061325286 -0.937910700398864 -0.110809170602705
-0.0264119946633449 -0.0401437522591839 -0.300027756903848 0.650965198575367
-0.0251712936112165 0.00448133596370083 0.303304484255989 0.359227331924695
0.0137441485024806 0.00275208061050481 0.22454159965386 -0.0431846868067274
0.0141246101726605 -0.00742189474852773 -0.0765052154704918 -0.212598207077412
-0.00129184121567264 0.0186852606398668 0.0785990642218447 0.167562619258375
0.000503050651854613 0.00762519318399399 -0.147838584034748 0.0784596772510301
-0.00706552953148022 -0.0101404957764419 -0.303774715835667 -0.320172414666863
-0.0013332244538177 -0.0419411839949156 0.172376881525743 -0.604775557800594
0.053179359446605 -0.0170758891031827 0.827010008049241 -0.0976673299783527
-0.000799818945422862 0.0383140843519016 0.495682353851836 0.850237865635586
-0.0283540502078785 0.00376166735392714 -0.334368005020443 0.677347165855803
-0.0221139267901928 -0.00892936115443514 0.000194977236621664 0.120373737320723
-0.0200550096288968 0.0208530078102341 0.44445379088946 -0.557325678766698
0.00665169214681264 0.00331088088067093 -0.286607511577803 -0.981860239729004
0.0177661668322234 -0.0318104948472557 -0.935654018656073 -0.117829131852691
-0.0241727860255638 -0.0385063091530084 -0.303255890455343 0.648169156221164
-0.0273525253915383 0.00649001837745572 0.303437170067365 0.36047552776626
0.00993252935448388 0.00477368801528149 0.226503683650615 -0.0412259652251825
0.0108188258810373 -0.00334947597575906 -0.0741690048516987 -0.212302872946355
-0.00231630435040875 0.0215111761096251 0.0779725750738263 0.167681945050716
-0.0017284213507149 0.00987807725004416 -0.147907585613276 0.0787992242126269
-0.00790961484471872 -0.00930570859941799 -0.302527559337028 -0.319328324991478
0.00210275508836691 -0.0389836553158018 0.176221782542869 -0.604589798669903
0.0564747229431982 -0.0151687466050592 0.82873780914059 -0.0934798763529608
0.000340558192820979 0.0372212880273149 0.491259651399446 0.852685535892865
-0.024262076568931 -0.00098517049812777 -0.337778908167223 0.675060590060451
-0.0161375319017448 -0.0129872443898109 -0.001668309821898 0.120678112405142
-0.0158886412298357 0.0172440693607545 0.441748437378133 -0.557991941966117
0.00809853894227434 0.00410067594748589 -0.29140830900476 -0.98156951182982
0.0194541027706114 -0.0294818244731697 -0.935585245516822 -0.116531224304098
-0.0236155387349718 -0.0347272529868296 -0.299593644946908 0.647984285061835
-0.0301110498116315 0.00835593858017999 0.30695251598455 0.362224469448168
0.00736143748496358 0.00698772300342486 0.227046316709156 -0.0407286619680419
0.00814132570932067 -0.00139804572757992 -0.0735642938271282 -0.212188096909464
-0.00541575477762227 0.0231245564459445 0.0765739900320928 0.16751028750714
-0.00408934911193699 0.0112602818122363 -0.148131857371648 0.0793196996940306
-0.0088691109753919 -0.00662804669537343 -0.297872097127798 -0.321049387859347
0.00346250162772996 -0.0374200939121816 0.183710541591894 -0.600831505254493
0.0597194618993832 -0.0120989070649848 0.831828868678678 -0.0832467298276523
0.00280156291994586 0.0381516712016248 0.481660029564532 0.856934256825234
-0.0197227742962911 -0.00507228293131989 -0.345468419106067 0.67256210086756
-0.00944901888156972 -0.015837883032001 -0.00027683302907453 0.116693336941466
-0.0119612889047578 0.0146609714727189 0.437375531000636 -0.563156631531734
0.0105436169537046 0.00399675916143631 -0.30131617463655 -0.978920813978054
0.0211466869377879 -0.0275185070592929 -0.93548348427952 -0.104726443226694
-0.023925321994157 -0.0317058659283896 -0.288777357294635 0.655654756995083
-0.0316843856055093 0.010186230334793 0.311022682521137 0.361022148020961
0.00576913342804587 0.00822799690496215 0.227445916293885 -0.0404981216046514
0.00595621778070527 -0.000332039448923079 -0.072054919676633 -0.212485152248726
-0.0057150590691111 0.0240885914135313 0.0749653280646375 0.169537566516872
-0.00532952011981189 0.0117612052550634 -0.15149553003105 0.0782667384183468
-0.0113399433178338 -0.00643760925314861 -0.293752964547765 -0.321626333440137
0.00361275453399705 -0.0336428771215233 0.19786539922723 -0.593869257236018
0.0608520654957304 -0.00776500457262405 0.837115737142335 -0.0660748157464708
0.00292844469259839 0.0382614178430996 0.468806296786193 0.868843373613698
-0.0157396669204596 -0.00680579916010807 -0.351992663235932 0.667906998503143
-0.0033465517847859 -0.0177809369010025 0.00369364653927688 0.113808527577902
-0.00786968123554088 0.012118477413235 0.43208152255664 -0.569968562622588
0.0126084852375363 0.0043065361970129 -0.317181643812752 -0.967702184149605
0.0207855090759076 -0.0243591437466288 -0.932105999134827 -0.0840593770844314
-0.0245013951152143 -0.029044496435938 -0.276787787192877 0.661108261931822
-0.0328134640444873 0.0106188512871268 0.315160837690401 0.360152542624345
0.00478255440147538 0.00868914597114972 0.225458828382861 -0.0438195533506132
0.00466364859548703 0.00107244635523807 -0.0742193275820867 -0.210107334007803
0.00751527372161376 0.0110657682247969 0.0731654910428684 0.166627328893176
0.00655558331163506 -0.000485392535137072 -0.153686929718816 0.0726197509240745
-0.00401748592035852 -0.0146536054095441 -0.293432274867017 -0.321204934394254
-0.00617093924259232 -0.0409939541117942 0.197830806707418 -0.579714649430871
0.044860256697892 -0.0139742293683474 0.835648767166066 -0.0389321656345555
-0.0051848350076739 0.0400374484000208 0.464762219507234 0.87467734149097
-0.0314196429293704 0.0133199026755389 -0.33649473027455 0.657915949371368
-0.0296502073844988 0.00183592723927788 0.0260644321880692 0.106357685169696
-0.023167927532782 0.0322164744005201 0.424453252208753 -0.577375266593278
0.00477897376491809 0.00490750946627752 -0.344760878469769 -0.936099682908028
0.00432042258658048 -0.034229287762089 -0.921253467461761 -0.0307267758213904
-0.0357536790022121 -0.0378283642904588 -0.250658436263337 0.67379640223141
-0.0229062905984772 0.00199735963137328 0.312881495922132 0.345431629568408
0.018212970004108 -0.00340526383978871 0.211091950214263 -0.051113024947334
0.0201154238149912 -0.0128380831515794 -0.083803195303876 -0.207265372638329
0.0062562945910057 0.0116362737998916 0.074722890344431 0.165583454543253
0.00578869496629874 0.000702688187508059 -0.15018651167833 0.0742461697515407
-0.00368253245048829 -0.0150738718407972 -0.297543706076097 -0.318787737551922
-0.00621926527507305 -0.0419042503984407 0.185419832591827 -0.585458951098755
0.0452500913286483 -0.0164454738324899 0.828691700702149 -0.0620934900291661
-0.00532018036870809 0.0404894191579026 0.47827305973324 0.862604376555577
-0.0336144976475685 0.0126257528623536 -0.331206695549899 0.664132446883357
-0.0316805417310747 0.0011578864246668 0.0188703474872008 0.111376660457789
-0.0244309778142373 0.0304400516102345 0.427407962009456 -0.569940656980018
0.00495653832693616 0.00386927057915635 -0.327488433879399 -0.94903234911424
0.00803946809253248 -0.0358147739529607 -0.924260709570979 -0.0570876756706301
-0.0325296569879702 -0.0403450614133651 -0.267699031576471 0.662791134913956
-0.0225824199677708 0.00173530702912651 0.308068650576176 0.347771920202756
0.018139459905968 -0.00251984108209682 0.213701732029157 -0.0497890067156047
0.0189504718047438 -0.011581793001083 -0.0812177181450338 -0.20878625263112
0.0039664391297689 0.0137489169870728 0.0776410473509613 0.165774493741157
0.00414109278035023 0.00196206996290588 -0.147811379442171 0.0762977529880157
-0.00416125706128001 -0.0136454043924084 -0.300521440172114 -0.316061223195228
-0.00470078013892689 -0.0417928648905837 0.173292009043012 -0.593234117812194
0.0468582019048435 -0.0174751667602147 0.824330829941869 -0.0833532465669288
-0.00405089838922224 0.0391883275935438 0.491958409959813 0.850147848938151
-0.03327743439806 0.0107615258826672 -0.324423468174773 0.667630760874385
-0.0306885569999605 -0.0013689325790503 0.0108534885148925 0.115125123242625
-0.0252358471710544 0.0285635330785078 0.43337541871145 -0.561199446112785
0.00461659414825714 0.00394016743105523 -0.311274195146133 -0.9600462211624
0.010305340243777 -0.0354687671255319 -0.927272367194211 -0.0832016214282911
-0.0293225794620774 -0.0409424526641443 -0.28145275421081 0.65514882815146
-0.0230476303094075 0.00251301833708031 0.303645734465221 0.350830749440004
0.0161107255853853 -0.000800442767734822 0.217791860346645 -0.046286522663267
0.0165762571586099 -0.0099593218394621 -0.0786030574610428 -0.209757674739928
0.00147241567779466 0.0163143710672713 0.0778484190950635 0.164629180176219
0.00230652412397621 0.00453206514080295 -0.14601831412968 0.0774312888502245
-0.00628724208151664 -0.0121643618236545 -0.304807240150248 -0.314755850565271
-0.00369248485422454 -0.0417904466150652 0.164982473316251 -0.598572562253076
0.049446372642765 -0.0178718588535354 0.818790766124871 -0.0981157106050243
-0.00207605201604153 0.0379643538004017 0.500792052260123 0.84106413892817
-0.0304359429093617 0.00764970303770797 -0.323035124737317 0.670950292596418
-0.0269209850133829 -0.00465214166453198 0.00454917509581664 0.11786887008621
-0.0230883349580431 0.0249549283317091 0.433645727583546 -0.556909875653935
0.00507444615278776 0.00449517465626451 -0.297855322764864 -0.967086479124245
0.0130948226003361 -0.0344763186647527 -0.929689747326062 -0.0995818428227715
-0.025617036424608 -0.0400879372536301 -0.292076479647014 0.648859039681343
-0.0246446914884653 0.00453970163654444 0.303667087881727 0.351598245305449
0.0132159050919211 0.00122885721841263 0.22119816378806 -0.0442678407534811
0.013025598606437 -0.00651312785329598 -0.0765276864206606 -0.210578831594245
-0.00110682555666343 0.0182490358009025 0.0779497745974812 0.16425302433344
0.000375983442130506 0.0069599861952974 -0.145341516349083 0.0793216840703516
-0.0067734073098076 -0.010804433617328 -0.303720956763801 -0.312973951691232
-0.000561249874271983 -0.0410301232113571 0.162680646143081 -0.600468409679871
0.0523887101947314 -0.0170329089978421 0.816161706193754 -0.104413651204035
-0.000880499516824864 0.0376121888646636 0.501069521983448 0.836232336739313
-0.0275967171468418 0.00390218455703186 -0.322947992026045 0.673743550561891
-0.0224263905709768 -0.00841012057983529 0.000169862012999537 0.118929626427021
-0.0203117233903227 0.0215798844038066 0.434828644922553 -0.553215576716414
0.00633681471181212 0.00384303279514991 -0.293524144763038 -0.968150787648577
0.016883039310668 -0.0325924668942299 -0.930317852388812 -0.106794356891349
-0.0241812142499737 -0.0370917261424594 -0.291523855707855 0.644313020773257
-0.0270603516115898 0.00586283958297032 0.305165065169996 0.354072996049975
0.00967955035270752 0.00386055026502572 0.224300387921821 -0.0423041938285898
0.00951339943891968 -0.00429644677563362 -0.0750055023906311 -0.209928463618079
-0.00253329491521138 0.0201533427002438 0.0775020622172696 0.165782110761572
-0.00204472680541594 0.00878242971801491 -0.145272776950471 0.080033093575005
-0.00789583609422677 -0.00889924358223981 -0.30266041852101 -0.312729921804712
0.000975025631755944 -0.0386980652773791 0.165794088160216 -0.600061962213347
0.056192882036748 -0.0150604483391043 0.818097307561786 -0.101733792224034
0.00124778622867924 0.0369592730057782 0.494976127382295 0.837509143727873
-0.0235197025835761 -0.00127826143278576 -0.328561671733735 0.671728284813472
-0.0162337162177297 -0.0132152219496341 -0.000831534127428622 0.118950584704485
-0.0156750195590899 0.0179096386003056 0.431791726285969 -0.554851605778187
0.00823522658584297 0.00372005772898223 -0.296001058687718 -0.969417182073435
0.0190592029067185 -0.0301773800151491 -0.927251154453878 -0.105097870824416
-0.0232348296282196 -0.0347902173235195 -0.289056059215729 0.64614385273076
-0.0296807565019317 0.00815418620633213 0.307237695075501 0.353694488772444
0.00738103886733186 0.00627669695746555 0.224999678073712 -0.0425112957172477
0.00703736229244906 -0.00189136627133147 -0.0740287597160559 -0.208834842820392
-0.00394800056107884 0.0228583303014506 0.0758273146617306 0.165851507152989
-0.00453860003662997 0.0108303960958569 -0.146350192839814 0.079059425610159
-0.00919029365196388 -0.0072339448551073 -0.29834182970485 -0.313703821392639
0.00268730073970339 -0.035869683424128 0.176965734135402 -0.596083570330148
0.0592895239976379 -0.0126117045594595 0.820430289937681 -0.0915669424543496
0.00343744672810298 0.0370675231566512 0.486614722276107 0.843849224149938
-0.019594738213803 -0.00435010994919308 -0.334427821700869 0.669212665334284
-0.00981555503053313 -0.0157674999595537 0.000722281007199821 0.116084428483163
-0.0121205898346069 0.0147073960634031 0.42648595430537 -0.559789876789861
0.0103782920055492 0.00456801601291773 -0.306051246424586 -0.964719474577948
0.0204714053047024 -0.0272433859015583 -0.925621812296781 -0.0931435585688648
-0.0242136650876132 -0.0312817601338126 -0.278193473035431 0.651528656671016
-0.0307470733441849 0.00989023457288584 0.308729720350933 0.355282134610831
0.00502443128433294 0.00695285295193378 0.224661285292958 -0.0434695565679566
0.00484234382410621 -0.000301824884384623 -0.07391362824096 -0.208282347204598
-0.00524786862468759 0.0240215199104974 0.0746434363358696 0.167144048260705
-0.00537056994041923 0.0111420384902969 -0.147212504358957 0.0788131485710732
-0.00996814121341979 -0.00548926891678862 -0.292903043076873 -0.315701104054864
0.00349928717766478 -0.0331736471616875 0.188168636242993 -0.58866331462285
0.0598715695736303 -0.00845615905418718 0.82651562566469 -0.0736541141809431
0.00355902921449278 0.036897637237287 0.473682482396524 0.853754159343913
-0.0158012663081037 -0.00726334605983067 -0.342166354156998 0.663793444733408
-0.00334791163534268 -0.0181529026000502 0.00489586499698075 0.112394824292178
-0.00777485594559549 0.0122012090551212 0.421783095825132 -0.56602235593757
0.0136245008094904 0.00520117543283521 -0.321924531103715 -0.956361946694306
0.0205687429302934 -0.0248845633941493 -0.923983212619796 -0.0744866752967032
-0.0244545574721039 -0.0294361939900407 -0.266179089686894 0.657822375935749
-0.0327287928830413 0.0101808714764645 0.314774037291888 0.352774471132435
0.00432842097007647 0.00783351013667874 0.223332853163105 -0.0444702306739696
0.00428138615762695 -1.16917385645024E-05 -0.074059243104251 -0.206908114055996
0.00731665291065034 0.0112988001196226 0.0730624803314088 0.164457039325975
0.00594042402551434 -0.00150751846640008 -0.150406048721818 0.0726390709600905
-0.00297405816278646 -0.0153049506728051 -0.293302498947793 -0.315109385245352
-0.00640837952435489 -0.0399015712969025 0.189919640764916 -0.575731652093976
0.0447626583057342 -0.0143840428280231 0.824976044528703 -0.0460168701724113
-0.00516838817917821 0.0393935120074628 0.466106419390947 0.860983303181958
-0.0315753331477765 0.0125432821646284 -0.329046267968671 0.654485446524711
-0.0296741704635898 0.00143185327146816 0.0266333725089292 0.104452144889623
-0.0215020401101967 0.0319153158935867 0.41598299128876 -0.572164813161271
0.00466039532927016 0.00577442296207827 -0.346916301032254 -0.922897140527147
0.00405819612402108 -0.0336378736962708 -0.909789997768809 -0.0241843583254078
-0.0354012342713479 -0.0379220537068098 -0.24119022515 0.669483295567568
-0.0229769990355915 0.00259588714982712 0.311937290531666 0.339360020411096
0.0175270886085478 -0.0044302436003163 0.208460308123661 -0.051854607160152
0.0188937533806883 -0.0124913108212531 -0.083491468837302 -0.204401944617365
0.00587279229908957 0.0115289795872536 0.0748820563214205 0.163419713517753
0.0055639319806548 0.000295627542338059 -0.148106515470879 0.0736731008303161
-0.00359344057284496 -0.0152117993498593 -0.297136475348056 -0.312881568885652
-0.00631430522110603 -0.0413922858470618 0.177902671322062 -0.580979069423838
0.0447692566505209 -0.0164624022687822 0.818223780494649 -0.0695268822603768
-0.00466653617795762 0.0387488102646409 0.479387533883739 0.846630561493474
-0.032992376853011 0.0125974478029989 -0.323506853152288 0.659552206272646
-0.0311547375695461 0.000891116662660831 0.0191395633356905 0.109904332848369
-0.0236933051823554 0.0309962670698669 0.4186791908659 -0.564937453881169
0.00460450318422394 0.00475777133592182 -0.331119599366791 -0.936127476221316
0.00648016294029112 -0.0349741127315167 -0.915873435167923 -0.0487875887382971
-0.0324398728379947 -0.039729303113544 -0.258513769676152 0.659608469853712
-0.0228891384222266 0.00229288607317673 0.3065808130993 0.340295553071324
0.0176395131430743 -0.00364531814532803 0.210946640555213 -0.0496802047733372
0.0178488544296196 -0.0111159048701375 -0.0819534186760285 -0.205362076688025
0.00403564250197465 0.0133335960069943 0.076650358922776 0.162912645621917
0.00429839586746594 0.0015444405863623 -0.144942042344604 0.0765639825551334
-0.00477020687559422 -0.0140282863239986 -0.30062370995736 -0.311125584482922
-0.00461896706251226 -0.0412857846925455 0.164335928461481 -0.587533990348949
0.0457487334835097 -0.0175013212742069 0.813427571758306 -0.0904563845958513
-0.00335123258054804 0.0389700509990668 0.493556773073656 0.834545474395493
-0.0323801419847581 0.0106484002473901 -0.31656563999432 0.663044327378839
-0.0305177781434549 -0.00186396052222925 0.0108471285242969 0.114382016922605
-0.0236732584746872 0.0283794618702403 0.424189869469258 -0.557974580437862
0.00506819095477948 0.00430637436113907 -0.313422669377953 -0.948973298776279
0.00946056163121128 -0.0351080997522803 -0.917780822892836 -0.0740152072463966
-0.0292982778277913 -0.0402597912113766 -0.27371361489745 0.651806666390478
-0.0235419530918485 0.00274649625754384 0.303791705457039 0.345102999959788
0.0146810156682011 -0.00108972290826861 0.216096913098853 -0.0471551045716969
0.0150293113735928 -0.00936214566081315 -0.0795639622807418 -0.206345644204445
0.00228029279846534 0.0162425930687979 0.0776794929542135 0.162559380874047
0.00284614830981434 0.00273157812965602 -0.143180076982499 0.0782439695964012
-0.00629616396380388 -0.0126940896686237 -0.303303103952458 -0.30800687785827
-0.0033744620244335 -0.0410652863362572 0.158135241393961 -0.59358826938422
0.0485768076885769 -0.0187735950805214 0.80798533745847 -0.102795480676707
-0.00207025695461742 0.0379379653313127 0.501831837769821 0.827458898649903
-0.0300039512291115 0.00764674697597962 -0.315245000710776 0.667072173428012
-0.0262662844348305 -0.00436501576332418 0.00517654859776511 0.116723440751949
-0.0230580646939331 0.0240542466834675 0.424155925346137 -0.55376447569017
0.0060618051021288 0.00391108941961155 -0.301205237955849 -0.955269215337911
0.0131685758982021 -0.0342531537283892 -0.918952842056312 -0.0911863636527677
-0.0265127692549887 -0.0393057489925047 -0.280345599279715 0.643884860041737
-0.0241665613863807 0.00472007094932029 0.303296449012459 0.345587903656475
0.0123778365386867 0.000635951101369891 0.219248270305706 -0.0455080262022559
0.0116356710051492 -0.0066204090449913 -0.0770204766333835 -0.206005073396238
-0.000284964057559396 0.0178698368188222 0.0779122292602919 0.162841813679792
5.01409981441998E-06 0.00608251951212056 -0.142291238788293 0.0795136804379531
-0.0068551482563008 -0.0105438961545534 -0.302519577603213 -0.30645579465016
-0.000947640330282511 -0.039843951031196 0.155652446519926 -0.595459280485262
0.052114899174307 -0.0182234680120809 0.804679851160788 -0.109419888382441
-0.000315219714495978 0.0371912831130692 0.502221199757918 0.821570520333022
-0.0272801312046287 0.00308104388601816 -0.314563269910797 0.668117529714908
-0.021815907143127 -0.00896937975390094 0.00170472037352528 0.118427716178382
-0.0192431361534684 0.021381578639525 0.425797488310932 -0.550105806231401
0.00604302980047709 0.00350961420692902 -0.297720543737107 -0.957160084250877
0.0163502623987358 -0.0319113585384491 -0.918397225455977 -0.0973575867201362
-0.0241191251975659 -0.0366709506494888 -0.284712968109473 0.639972120799405
-0.0266971383296381 0.00610482689524506 0.304675750606168 0.347332721521115
0.00922591877355221 0.00322200364007349 0.222123271009371 -0.0436914254073128
0.00877904048009868 -0.0042539219673806 -0.0751402630245859 -0.206767025778391
-0.002616584177119 0.0209060312624565 0.077392177260125 0.163382986004624
-0.00219094767245528 0.00857192896678351 -0.141532917846745 0.0793520331108698
-0.00750000003971102 -0.00939680514887888 -0.301187788058511 -0.307883582051058
0.00159290869325592 -0.0374505030666606 0.158872398333779 -0.593171842693565
0.0555526254231252 -0.0161182732667998 0.807199761214997 -0.107056766673461
0.00123530444216553 0.0368523698365644 0.497302888441127 0.824728375025905
-0.0227921223954827 -0.00118470068391388 -0.319230976122693 0.664500741465554
-0.0157989935319779 -0.0126642934386024 -0.000171533615703413 0.117261663594205
-0.0159931514848541 0.0178560384396925 0.423303800659625 -0.551655152220362
0.00801960824133331 0.00384308432875326 -0.299186928162534 -0.957304124156758
0.0179127731859102 -0.0299441486918156 -0.918092201415118 -0.0977047620703852
-0.0226500747531682 -0.0336764462079483 -0.281987952596376 0.640329316519265
-0.0288450681718892 0.0079178333286114 0.305811607613995 0.349095140462546
0.00589119142336722 0.00557334828676299 0.222986827469468 -0.0438628839698209
0.00579508413025718 -0.0017700852848667 -0.0739851059897255 -0.206461331811764
-0.00453676358836243 0.0231796805266767 0.0767658305576746 0.163303035596742
-0.00448924090666974 0.0104968453437363 -0.143580249504105 0.0791942367154474
-0.00904985055367587 -0.00759903502046179 -0.297584057182177 -0.307591844399514
0.00343107283718372 -0.0359503393775741 0.168170126250606 -0.590979401290513
0.0576702241530805 -0.0126218978858306 0.811495789714105 -0.0973060925545603
0.00315365084455244 0.0362047658850958 0.486727124191665 0.829497973266491
-0.0190020870399513 -0.00497438941990167 -0.325211848384188 0.663216907218413
-0.00896784244625202 -0.0158981532710404 0.00178620340558635 0.11513476787263
-0.0108123176829826 0.0152507319147041 0.420614454713443 -0.555946628546108
0.010058588278046 0.00424632307077374 -0.310351026757496 -0.949749304846161
0.0194412813532588 -0.0264226061112198 -0.917866442121977 -0.0866270070515844
-0.0234647748058972 -0.030526787028093 -0.27221409660854 0.646512884095369
-0.0312032622716719 0.00972918223625409 0.311240109247229 0.348974259273364
0.00430439257866573 0.00629341892962476 0.222544890417469 -0.0439422441283683
0.0039375636825972 0.000116643212611814 -0.0740291378166419 -0.204235580587575
-0.00486911873595789 0.0238861308445236 0.0746438922697301 0.163870001415157
-0.00552658264258555 0.0107159850506448 -0.144718497802756 0.0786674260723973
-0.0100831858751028 -0.00614439007099868 -0.291997220418004 -0.30846743308503
0.00305600651796411 -0.0325574709751986 0.181430312977259 -0.585554893305832
0.0593264636240342 -0.00918447042891685 0.817733686326783 -0.0783021831745783
0.00395657540128269 0.0368108577636216 0.475815449599823 0.842173175424217
-0.0144726787298811 -0.00710908455661146 -0.334099821041565 0.658587494956625
-0.00319376040062703 -0.018533635190391 0.00483922030513111 0.111125813358946
-0.00701111199106863 0.0142862619092543 0.415003650817156 -0.563208582135482
0.0118936101291001 0.00537952847958593 -0.325966940165288 -0.94144666813424
0.0197640482713759 -0.0246927569335515 -0.915505096203807 -0.0661953793323001
-0.0245642417621346 -0.0284102000486543 -0.259406183722757 0.652607730012958
-0.0319025536904768 0.011045181475569 0.314657542640848 0.347362363206169
0.00388536292706482 0.00638764498979561 0.220633397361208 -0.0450228593126446
0.0027857837564453 0.00102102278120867 -0.0748981404298228 -0.204057908591018
0.00804637949061617 0.0110631073044232 0.0719223186113259 0.162010522566519
0.00619663595795549 -0.00191859826281416 -0.148794915064737 0.0727566723600619
-0.00270892666734045 -0.015814132916263 -0.291674785119134 -0.309997719723222
-0.00659829418707561 -0.0396533229785776 0.183541940188344 -0.568708618582433
0.0439081145762284 -0.0148301214434747 0.816613655063232 -0.0487956722697789
-0.00470116008645795 0.0389724890440013 0.465986890409269 0.84977648641907
-0.0310871992852061 0.0126982914601054 -0.32262381139584 0.648368912734502
-0.0284179577093817 0.000762891020542237 0.0258248547351203 0.104264134097901
-0.0211023791882649 0.032611579059762 0.409407965272843 -0.56883218051377
0.00461760756277333 0.00498045884047207 -0.347434787126939 -0.913087144866619
0.00323639001708823 -0.0333142935079482 -0.90189520315012 -0.01912563541248
-0.0348760906621079 -0.0368916746881771 -0.23620902936282 0.663291947345784
-0.022428984824077 0.00177261123604339 0.310424928088143 0.335902801287132
0.0166253225469632 -0.00526698327514842 0.206741234451238 -0.0524258710551704
0.0180682763463294 -0.0125806673156331 -0.0836482481650678 -0.200700194872309
0.00654322448564282 0.0114358144271464 0.0741508250904939 0.161619321339609
0.00536605732848318 -0.000274970766176359 -0.146211658727517 0.0744642130953629
-0.00364648106338435 -0.0156399586633442 -0.296195903847269 -0.3078809839085
-0.00570817810947189 -0.0405472470937322 0.171441863807161 -0.576563136101305
0.0449772198652511 -0.0166782486042816 0.80997414464505 -0.071704980010054
-0.00482793150599358 0.0381739022610473 0.477993695490265 0.835736884234493
-0.0324173932513985 0.012312984461486 -0.316173478757309 0.652746566523125
-0.0307433869612161 7.92493001833836E-05 0.0190581633299917 0.10857523619854
-0.0233166135348197 0.0317337746178473 0.412665569470239 -0.562814461841542
0.00387360741751307 0.00445530414121816 -0.331773864934305 -0.926026615902187
0.00511923665156049 -0.0350971697785366 -0.906368688566172 -0.0449794089643229
-0.0322206867634019 -0.0390452306761719 -0.25235644096775 0.654634743252777
-0.0226801782559592 0.00197781053245495 0.305946082099108 0.337247484747009
0.0151631850998133 -0.00380947156021787 0.210248648919042 -0.0497841263429736
0.0164950237696456 -0.0109554342898491 -0.0820296176950639 -0.202996194599213
0.00425262948506287 0.0129144601252135 0.0765848450165168 0.160045761886311
0.00470683613062999 0.00154570670992373 -0.142409601852836 0.0761146335456405
-0.0046789537382015 -0.0137785578703514 -0.298213911044801 -0.306430506572601
-0.00518429375145967 -0.0406473991718727 0.159722416371343 -0.583405265208935
0.0456717002325135 -0.0179004098648315 0.803428551884629 -0.0928978847300026
-0.00308144097627317 0.0379230958593294 0.49196124359599 0.824562079683513
-0.0319566224897012 0.010455750150248 -0.309399919041292 0.659158752240823
-0.0298104119380561 -0.0012158907163825 0.0117715414874758 0.112974691352543
-0.0233281983757265 0.02880173947546 0.419010569005362 -0.552457541445815
0.00375377591816853 0.00417062326419999 -0.313545368973368 -0.935191773409473
0.00964558701823009 -0.0347433984369877 -0.909843762237246 -0.0702002971478664
-0.0290194285251135 -0.0399602945962693 -0.266793941182776 0.646240280701246
-0.0228175177359628 0.00253312215938234 0.303044132270227 0.339639069736024
0.0134616200117903 -0.00216096999702467 0.213436763914428 -0.0474466527686365
0.0141877914793956 -0.00914345483410366 -0.0793305213730684 -0.203469334409278
0.00318896914896708 0.0153766677386788 0.0765239001364694 0.160206454120281
0.00206383953989635 0.00356390210114695 -0.140744113401537 0.0771736165105914
-0.00558909827043945 -0.0116524015124509 -0.301859113177615 -0.303526079629713
-0.00296041721964925 -0.0399907098310422 0.151246090443593 -0.589231442393996
0.0482323536007689 -0.0188916670256089 0.798783429161951 -0.104523566179071
-0.00218934290779239 0.0370728400310127 0.498848106279444 0.814319474815622
-0.029764309715401 0.00691388093070816 -0.308575824042507 0.660861275612107
-0.0265338940065156 -0.00523140975509767 0.00587014729248448 0.114657526754482
-0.0220041617396307 0.0253456745332497 0.418608592093618 -0.549625462849642
0.00507060522772526 0.0038003733870039 -0.3024321138721 -0.943039335453366
0.0131946505723895 -0.0338564049150614 -0.910886757242202 -0.0861362151855725
-0.0262502958224663 -0.0384684663890123 -0.273259799660432 0.640249727631527
-0.0242803850042599 0.00431666747679587 0.30136418171593 0.341934340216583
0.0105630862824689 -2.84718290603642E-05 0.216981174026601 -0.0447709695604973
0.0114013889110066 -0.00644882955246048 -0.0770266805724455 -0.204369858684815
0.000123986787140654 0.018708445292479 0.0767875258341445 0.160468835053109
-0.000147392015107963 0.00601943778395863 -0.14069380804531 0.07925219444545
-0.0061845500313718 -0.0106295328032404 -0.301440062096674 -0.302044336674207
-0.00139556365067212 -0.0388264698080506 0.149503538810687 -0.588621785039978
0.051267338314448 -0.0181275332152719 0.797003688787334 -0.11113080767839
0.000214158684448539 0.0360202074705976 0.500391230476307 0.809132413418393
-0.0266135651859955 0.00306441466177574 -0.308775868904575 0.660786637415784
-0.0214698507974077 -0.00870209639830836 0.00105190029320963 0.116439598310295
-0.0186007002854631 0.0221293822878819 0.419628919426724 -0.545604296946106
0.00618500019851379 0.00424438744458675 -0.297558084911347 -0.945931360884755
0.0156464364737907 -0.0320808498299535 -0.910939522001695 -0.0941814916096543
-0.0239098523466519 -0.0366417644543654 -0.277329712672162 0.636404661878522
-0.0264328162119208 0.00561832874269152 0.302957479791445 0.343827472443899
0.00828707184991369 0.00225795193650647 0.219640066111195 -0.044453452768369
0.00794041189830103 -0.00392083232393484 -0.0749321356125204 -0.20349370408499
-0.00206795262873071 0.020625362897703 0.07667876044629 0.160912795152582
-0.00225759829760834 0.00741755536835671 -0.139624986116034 0.0791282649788539
-0.0070466097553377 -0.00910841895843156 -0.298979252052171 -0.303050308431373
0.00162560790773748 -0.0374601777911311 0.153448957271871 -0.587416981612816
0.0544674340157033 -0.016044701522167 0.799612967015327 -0.110847498857331
0.0011319326480087 0.0357279469280286 0.496120267728662 0.812528758626336
-0.022873720099138 -0.00127481790164145 -0.312865444664222 0.660730475404576
-0.0150508836726467 -0.0131389312813747 -0.000757530762599567 0.11780937119092
-0.015096208134773 0.018087142052174 0.41665809412472 -0.547674551429534
0.0071044164959576 0.00458435297630649 -0.302152326526712 -0.947572970195186
0.0173465831974727 -0.0284643576825974 -0.909563345866021 -0.0923116447137522
-0.0234593716256016 -0.0327375694594872 -0.274849513333925 0.636761115068935
-0.0287373103929732 0.007541726287753 0.304155137409106 0.345008676099206
0.00544872792677675 0.00493739762564616 0.22001618908364 -0.043724675645094
0.00492295971389098 -0.00146694102371283 -0.0742478640765683 -0.20326955194272
-0.00401201125700507 0.0225262687055481 0.0753180885029446 0.161030784452755
-0.00412148208270626 0.00961420012104862 -0.14088838309983 0.079118141276558
-0.00922915956759649 -0.00764896871430832 -0.295184128646162 -0.302427683446724
0.00301752338990758 -0.0338348176403689 0.163474224895846 -0.586536800568025
0.0575583880155568 -0.0136956621226051 0.802264754825608 -0.0995428406509758
0.00335998435204697 0.0352884384388389 0.486540508497905 0.817080568490366
-0.0181888191611754 -0.00491806546514032 -0.319121316960604 0.658402980909197
-0.00921715289911113 -0.0157798197803496 0.00188708882190654 0.114354245578116
-0.0107419961307352 0.015739621527788 0.413248179438291 -0.552909313496446
0.0100129318651723 0.00450689989017912 -0.31021565031764 -0.94051943759043
0.0194123920557042 -0.0265955551060883 -0.907152705320728 -0.0814956474789922
-0.0233508792549925 -0.0308332354363317 -0.264292499672987 0.641414050578838
-0.0306291371815625 0.00995776789378158 0.308023771519343 0.344347727953492
0.00328860221082375 0.0050130125925976 0.220115219208791 -0.0440470194200357
0.00333680263031761 -0.000452929878352939 -0.0738975149185747 -0.20281184378505
-0.00480221568059454 0.0246333731667599 0.0739766451771417 0.16301447260522
-0.00586991573240246 0.00980689968844928 -0.14313287017548 0.0780542270779151
-0.0103494207969099 -0.00581966380221597 -0.290939616916168 -0.304635062843121
0.00370227083740377 -0.0329301399941829 0.174780634101301 -0.579476543680906
0.0592973648069501 -0.00918040480903295 0.807742824399426 -0.0813888122236231
0.00439526657719015 0.0365637039332906 0.475031192404098 0.828146751123029
-0.0144872270848324 -0.00776343055366426 -0.327141857994324 0.653634485372257
-0.00393954414265123 -0.0180757261229631 0.00507102579582077 0.109905523876596
-0.00724898545181729 0.0145931999287626 0.407565957534103 -0.557689871220808
0.0109594325781079 0.00468907331973036 -0.325396439521525 -0.932607193038115
0.0192226070889305 -0.0242992062384713 -0.903727893139638 -0.0611204819374598
-0.0249029964208134 -0.0278010392646031 -0.251307581413004 0.649817911923493
-0.0313003701483416 0.0104261753448588 0.313648105456737 0.342260812788973
0.00234523058915795 0.00555549528328971 0.218268506921562 -0.0461070325673941
0.00325062531714528 0.000343791583240863 -0.0745404700361793 -0.201491202255412
0.00776101654303161 0.0109699378384046 0.0712668539559011 0.160805217760561
0.0057383753586483 -0.00236351141420585 -0.145802924652673 0.0718612022826822
-0.00234786512739829 -0.0159634090773717 -0.291862047456023 -0.307520347716965
-0.00699801594082413 -0.0393006159034444 0.17943367673171 -0.564512897026755
0.0442662990922128 -0.0150771053889748 0.806972665041971 -0.0533441698259632
-0.00455802004038376 0.0378327359826757 0.465047041076847 0.840135393568594
-0.0307937761087006 0.0118757960497962 -0.318261942560778 0.643220647685332
-0.0289585176871638 0.000749068658037319 0.0261819658680119 0.103179632689495
-0.0204643070671076 0.0330316431446688 0.403796803513307 -0.564442485002987
0.00399448332625594 0.00523104767263299 -0.348210247117331 -0.904395616827106
0.00341912133849208 -0.0331742822809142 -0.896011099458469 -0.0169022095364207
-0.0342991748729528 -0.0365345107267695 -0.232989953471853 0.659494266281756
-0.0224614801358804 0.00203130477350005 0.308502724397876 0.331339139096126
0.0156702644140248 -0.00562521442515357 0.205181055388435 -0.0529413843805263
0.0177858617090368 -0.0125951337334277 -0.083473933155204 -0.198980890646439
0.00667884480438574 0.0115258628644149 0.073870645642895 0.159773952907824
0.00493069180235845 -0.00119453341708352 -0.143801595283101 0.0730287719216077
-0.00343275323385359 -0.0152900499987154 -0.294102486160275 -0.304445260388627
-0.00685801524501627 -0.0395561165857859 0.16747766253782 -0.570332847563497
0.04475166381201 -0.0171249935657002 0.80095961483404 -0.0759067739440842
-0.00413745277213929 0.0384288615731468 0.478041976365742 0.825004854708078
-0.0320887773259119 0.011108523112377 -0.312041158421288 0.64751940546533
-0.0301958228518834 0.000710846505244118 0.0185614711941156 0.107555563180907
-0.0221111559305544 0.0309922631556017 0.408218117348209 -0.557183955925855
0.00399534442085246 0.00533483186457183 -0.328711942277941 -0.917050942316833
0.00600108088356857 -0.0347564752243845 -0.898848281617667 -0.0422036385562513
-0.0324229016434078 -0.0385855395121777 -0.248755992923059 0.649791519979992
-0.0219677340578557 0.00165365380564989 0.303613428092287 0.334359148532721
0.0145367825681839 -0.0042235116325625 0.208393045105031 -0.0492046771618344
0.0162080257966633 -0.0110214120757604 -0.0806610864057813 -0.200755564054994
0.00496460220445302 0.0133976091318883 0.0754872084651524 0.158621230736883
0.00289281332661374 0.00103068430839618 -0.141254850154603 0.0754291757657193
-0.00471588494991299 -0.0142977293813036 -0.297418018454056 -0.30169559610106
-0.00476247700500905 -0.0397860810538317 0.154891611021252 -0.578641463367172
0.0450452267378384 -0.0182600774132289 0.794904707154195 -0.0950614100715439
-0.0031534926995316 0.0371918033288279 0.490643471228961 0.814012678886259
-0.0306424719239599 0.0107338823039902 -0.305073695281913 0.6541663845346
-0.0293830484170486 -0.00169390779888607 0.011723691327822 0.111662539068847
-0.0225305290780492 0.0296669926936075 0.41376908477866 -0.55036648669203
0.00422044415732775 0.00428598917060062 -0.315153378513537 -0.927725482231136
0.00973091572379902 -0.0346397115273197 -0.901780078644724 -0.067342526881246
-0.0285646484103955 -0.0390808993010306 -0.262291771679528 0.641808211457223
-0.0219637595441549 0.00247871012932402 0.300960969619093 0.336405004517243
0.012313428486908 -0.00243235482696388 0.212721740553881 -0.0470980376547843
0.0136055284544898 -0.00888610547456335 -0.0783896977809778 -0.200831701895741
0.00203110910483804 0.0152718637305475 0.0762321746607064 0.158939845158429
0.00185454533337674 0.00291247985947158 -0.139387187328592 0.0771655509662278
-0.00534403174528283 -0.0129812570940429 -0.299333715683003 -0.299769986416773
-0.00305954811502933 -0.0394098878371589 0.147242664210345 -0.583571100348128
0.0476786572530303 -0.0185600907802688 0.791925679795898 -0.10592413915213
-0.00166624996660965 0.0369397415794038 0.497132977611059 0.804336305881802
-0.029305215128377 0.00711039852925426 -0.30350092431283 0.655110098830459
-0.0264316918788057 -0.00580135568415457 0.00515871583882488 0.114174913007533
-0.0210141540734506 0.0257502872224186 0.415412334042022 -0.54485711635608
0.00489298010899087 0.00474556230853498 -0.300348660800035 -0.933701714042775
0.0123276723756629 -0.0337441202505157 -0.902931905244048 -0.0827026614561532
-0.0255619932876066 -0.0377779746221509 -0.269886149266702 0.635302423802078
-0.0240495360498646 0.00334133952535873 0.298737336811256 0.338214648509607
0.00980088224721459 1.71685424614383E-05 0.215526399995254 -0.0456253386725037
0.0102163184017812 -0.0060400173350481 -0.0759467788252396 -0.201512651811615
-0.000179844245922283 0.0181816685702214 0.0761668398342752 0.158847390844906
-0.000655016603835504 0.00469804533370275 -0.138261861688443 0.078165022564422
-0.0062714886889988 -0.0112819615052667 -0.298704605210683 -0.299674052258431
-0.000526734505508398 -0.0384280749691253 0.144484260670457 -0.584501218341866
0.0508901037671093 -0.0181342655157292 0.789989323241231 -0.113900582233303
0.00026738207540123 0.0356539615259789 0.49960815335041 0.800884641066002
-0.0263994076103574 0.00285359894674085 -0.303825354541263 0.656555614077156
-0.0216713028311942 -0.00944221952745447 0.00208292277885279 0.115561903068773
-0.0180043841595466 0.0222401156383571 0.413668731824989 -0.542954707822144
0.00551042403092793 0.00413276776416092 -0.296604009373841 -0.936807515460032
0.0145694351749128 -0.0321118769536995 -0.904114213776585 -0.0890856223711199
-0.0236850752233059 -0.0362755214556007 -0.272642346920566 0.631661047833866
-0.0268133762722054 0.00569902405632157 0.300011220008646 0.341005321672488
0.0068132135100669 0.0017774900943676 0.218134776262384 -0.0440166081637503
0.00702893594647972 -0.0042484602074954 -0.074244303109053 -0.201751610665326
-0.00253510596520108 0.0200316392763033 0.0750670112448287 0.159332068151332
-0.00278395792062716 0.007515451256107 -0.138003611061417 0.0791371081700972
-0.00753877075705893 -0.00940474618507673 -0.29714976954245 -0.297961437489126
0.00202644267433415 -0.0363522119250305 0.149305554530807 -0.583603277395056
0.0547356976788069 -0.0160260846493545 0.788626746383705 -0.111116909456663
0.00143547255854787 0.0340978575579289 0.494654909390033 0.802273299008318
-0.0227554303245177 -0.00142246090976485 -0.3085630060017 0.654995057199144
-0.015469373607395 -0.0130350489224865 -0.000221184895484431 0.115493350265781
-0.0148191935956885 0.0189080719753144 0.411537370519788 -0.542654298876818
0.00767714031584257 0.00433639417476692 -0.299582384075786 -0.937178572230107
0.0169763769036609 -0.0290018891205277 -0.901782986109793 -0.0888861484041368
-0.0237830204937695 -0.0331326395567788 -0.269994670131948 0.631981511509411
-0.0287022022673841 0.00749029959411344 0.302582821307611 0.341432793322574
0.00417217445107105 0.00376824584337361 0.218838771639005 -0.0433868338679738
0.00453185097703987 -0.00175535164026896 -0.0739430309728806 -0.201851049646405
-0.00382271102387657 0.021963321808786 0.0747407762077937 0.160031157118977
-0.00461622024801044 0.00870549504377367 -0.138494359349739 0.0793466849248223
-0.00841640979892342 -0.00736489495792336 -0.293418684719015 -0.299693204365092
0.00316791748747654 -0.0340020487500585 0.15841988289533 -0.581702128284515
0.0569986332778304 -0.0136772950145621 0.792549711833995 -0.101921122436144
0.0039274949509242 0.0343943653589393 0.485579521168194 0.806430324179482
-0.0185613782910901 -0.00463472514867102 -0.312834765768386 0.652905183807049
-0.00887222312957664 -0.0163240338579647 0.00160868999930461 0.112519663810631
-0.0105634847776191 0.0161943276648347 0.408267398696675 -0.548296510841228
0.00986882134135135 0.0047207749326347 -0.308213988805554 -0.933396516650573
0.0184661375107618 -0.0261746535833627 -0.90004433271256 -0.0777760909559901
-0.0230991484090462 -0.0295260647252048 -0.258715712645684 0.637563088267567
-0.0304960493157495 0.00937836580630749 0.306726044839586 0.340956352318153
0.00205821449608109 0.00497030563265959 0.219426123241476 -0.0445331816191388
0.00263045023533259 0.000226690122858494 -0.0730404971077609 -0.200138007452124
-0.00449236206029657 0.0234622555098491 0.0721769267458833 0.160911164661652
-0.00564222201452765 0.0096310506576567 -0.140933673433814 0.0774958124743214
-0.00948430634070228 -0.00698126212322666 -0.289687522659411 -0.300463291726472
0.00339050509543094 -0.031129963037332 0.170964625589498 -0.576094670842369
0.0585941620143169 -0.00991437472219246 0.800022873605402 -0.0853460716915561
0.00433499886301956 0.0359336784616798 0.473419267498226 0.819292173089762
-0.0141373676682897 -0.00726690066879629 -0.322776737255838 0.648740633125267
-0.00367253910429822 -0.0181498007327288 0.00500845072476857 0.109475180263075
-0.00641739028115192 0.0141933211914471 0.402224059063607 -0.553071946565512
0.0113113824024036 0.00520067164779645 -0.324528305534897 -0.922613671199597
0.0184460088167609 -0.0240478029678614 -0.896365783985072 -0.0587671850034674
-0.023802618014129 -0.0272021329641805 -0.246218513088669 0.64521462751593
-0.0310156235887489 0.010632241187512 0.311998936221328 0.33825344761291
0.00202501332620408 0.00507911691814089 0.216245247357452 -0.0463777966591164
0.00206730546819626 0.000262254401363595 -0.0740171516759567 -0.199337864989312
0.00797631525914196 0.0109037997167738 0.0707574748286452 0.15954878449939
0.00558633361817429 -0.00333020918952463 -0.144341271951198 0.0704872123843391
-0.00226402450539222 -0.0161527319288935 -0.29034526512567 -0.304518538545894
-0.00585416661673414 -0.0385275676200176 0.176315388462061 -0.559777722453129
0.0432456380624584 -0.0149600787468841 0.800740496437518 -0.0522079134698814
-0.00511218063634804 0.0373246650956941 0.463029566880188 0.83258950512485
-0.0298056187577585 0.0116462725595978 -0.314046103336812 0.638141114128529
-0.0278605520095108 0.00105615179498395 0.0264368558547993 0.102564107028927
-0.0201831661096059 0.032964783685558 0.400081724856333 -0.559723795584171
0.00433044344805943 0.00594034354222985 -0.345315101320855 -0.897774650683442
0.00249338355706648 -0.032693254827423 -0.889116991096495 -0.0152537683208405
-0.0343761229133244 -0.0362627303623767 -0.230173288108934 0.655837688143219
-0.0223564217510261 0.00134020818837855 0.306480496697896 0.329609667993689
0.0143363149218791 -0.00569565267603877 0.204562302765102 -0.0508956469101427
0.0168873873616412 -0.0119866275586741 -0.0822161753992006 -0.198365975306986
0.00694052982267699 0.0113042282655507 0.0730359046776287 0.158704462693255
0.00510081300820796 -0.00115629662569426 -0.142104107415051 0.0718852195478258
-0.00253160265394943 -0.0148707279921285 -0.292226522619466 -0.301795341274298
-0.00576399375587529 -0.0393613362144161 0.163221991822787 -0.56748336864748
0.042918685014742 -0.0173672219297784 0.79280702206487 -0.0753220362683653
-0.00418780677192315 0.0376853381819074 0.475477384465954 0.816628012695385
-0.0306798257564876 0.0108215483027009 -0.309214608260135 0.64273468173902
-0.0303435855812413 -0.000414643561852061 0.0191771130232066 0.107021744096186
-0.0214826485548768 0.0315605740095408 0.40411619737774 -0.552201687851552
0.00387191843511445 0.00498892631409212 -0.32904744326469 -0.909846197597145
0.00508222350436503 -0.0346339242337924 -0.893599554342323 -0.0400238849169875
-0.0312382426700832 -0.0385838684331554 -0.245096737599203 0.645824049890647
-0.0216929725613452 0.00220622264833245 0.301438911933667 0.330146339321915
0.013780790250498 -0.00495734719731136 0.206648315208664 -0.0497157085421999
0.0141051408301506 -0.0099502430485497 -0.0794541861625808 -0.199352010271405
0.00507261098570213 0.0130444863145219 0.074378280548883 0.157788838143853
0.00362163348215229 0.000192588121972031 -0.139303491462168 0.0744345392812696
-0.0045900675945103 -0.0141874992925871 -0.296133487390126 -0.299390887289205
-0.00432676445999597 -0.0390328112287378 0.150934348486694 -0.573317135479646
0.0453399915693669 -0.0180570824189335 0.787464376898307 -0.0956577943077622
-0.00320996935665032 0.0365117399349125 0.488432625575031 0.805644312767556
-0.0312298206886797 0.00996772409459598 -0.302363636455099 0.648013780189522
-0.0290618976467604 -0.00192709646382456 0.0111194505513056 0.110983715996522
-0.0229519140210946 0.0297186617040438 0.409987568933454 -0.544969799162007
0.00418859671583716 0.00483203898769469 -0.310867768857009 -0.919285752233387
0.00872264602174298 -0.0347835779757419 -0.895326558486833 -0.0670104377884595
-0.0280983959109037 -0.0391112584111572 -0.260300656279295 0.637784552368244
-0.0228731192218574 0.00231634490138888 0.298564369946207 0.334800243631942
0.0113394180894035 -0.00325470738440258 0.211007746723333 -0.0473004418895747
0.012506744162233 -0.0078582874198413 -0.0779540268678074 -0.199717167577153
0.00244927613207912 0.0150496964962968 0.0747240330594018 0.157504727155183
0.00130685004391675 0.00252464605495556 -0.137781266515982 0.0766127632466877
-0.00501129541854457 -0.0127441094293844 -0.297437471967466 -0.297109237727217
-0.00252831495519378 -0.0390081271792199 0.144461822638478 -0.578981690555359
0.0481299850077948 -0.0187245077135866 0.783745451386601 -0.106765782579006
-0.0013420500569571 0.035982586430895 0.495513690695185 0.796078292374123
-0.029067083320204 0.00712969612250336 -0.300979989514788 0.648748821389669
-0.0262492126465243 -0.00645490289873599 0.00577768069061044 0.113864300188391
-0.0205363436016146 0.0258983207560256 0.410117146705533 -0.541323239374788
0.00439607308565886 0.00501653936147067 -0.299136899128905 -0.927866073757563
0.0122175495339372 -0.033605776744408 -0.896369972648005 -0.0829175860251794
-0.0255936441891327 -0.0375420115358337 -0.266666380894057 0.631365855849564
-0.0237849906528229 0.00381717086618867 0.297628976313046 0.33578416115706
0.00913038695096219 -0.00124948467941837 0.213946587980508 -0.0447554932730354
0.00909317026141884 -0.0057704386882849 -0.0759858789765394 -0.199156418719479
3.92850702559712E-06 0.017849130248543 0.0749749288085024 0.157848736584934
-0.00079092843646425 0.00437197945896483 -0.137330875351988 0.0772651679529731
-0.00625513764294651 -0.0115557252419495 -0.297626581560565 -0.29714696493324
-0.000619601795455803 -0.038381206275371 0.142234367239183 -0.579944911253366
0.0508544904805893 -0.0180783407637524 0.780438237566854 -0.11291668767918
0.000461660570825456 0.0352501575372033 0.496603303176803 0.791582687058789
-0.0263008031855658 0.00306623039239976 -0.300486195579529 0.651477419265435
-0.0216020735476703 -0.00909559810998186 0.00169560582020377 0.116016553544206
-0.017981059858081 0.0226041831368134 0.41119075528674 -0.538762597285208
0.00551501338440816 0.00447838830993716 -0.295764750066079 -0.927169306475
0.0147494535559637 -0.0309015686868628 -0.89648194159083 -0.0904644202878055
-0.0236275427686435 -0.0351227806252575 -0.269788452814984 0.62860351147063
-0.0258299525108404 0.00523648832178584 0.29920964392131 0.338104645063566
0.00605797734413691 0.000904967605261519 0.217321978615948 -0.0442658011566628
0.00610435078527793 -0.00365804707732748 -0.073622282397097 -0.199723944009733
-0.00182539265610224 0.0196860245119079 0.0737604568740617 0.157991872953113
-0.00283428701388209 0.00669610665746442 -0.13643009859743 0.0771771641279598
-0.00758357158253504 -0.00927558685679785 -0.29467927474529 -0.29549173337873
0.0015494416517556 -0.0358034634815372 0.146271533319783 -0.578601313469852
0.0543096742726945 -0.0167375997090597 0.782534633295759 -0.111948457406571
0.00244928607492193 0.0346761348718533 0.491663824829404 0.793881098037596
-0.022165199409299 -0.00114068804623616 -0.305904858374843 0.650619158036358
-0.0148256831625819 -0.0132102058096145 -0.00065544301031077 0.114437103551008
-0.0144995206086681 0.0187992459573797 0.409622874278546 -0.539201295019098
0.00676891767553298 0.00434619920888796 -0.296550631786587 -0.93035356351008
0.0162468445955602 -0.0290761349685733 -0.895566674483529 -0.0892576395667758
-0.0234429095686172 -0.0323144642416153 -0.266709275160917 0.62717522242402
-0.0283316347173713 0.00695939250850953 0.301126412213093 0.338653575908394
0.00285312163980236 0.00342199578070337 0.217916754035871 -0.0430921319721934
0.00365809298475545 -0.00146011315554851 -0.0725422123138078 -0.198722717622491
-0.00368608617019179 0.0221904450600767 0.0733031247949019 0.158230983828996
-0.00439555360128836 0.00796989849270486 -0.13699482871753 0.0773959827297611
-0.00846979200299395 -0.00675437348892823 -0.292616328215663 -0.298059236858821
0.00295870604170147 -0.0340229858707208 0.155102672447137 -0.577151861160417
0.0567127151567708 -0.0141980552751819 0.785233550491546 -0.101710955016174
0.00389978465052209 0.0350020007523278 0.482479065145036 0.798786097925342
-0.0182032843057639 -0.00573056309687064 -0.310535619066948 0.647329753738966
-0.00907804979107958 -0.0166546222230203 0.00173527948630589 0.112380446674422
-0.00964851054614379 0.0160462899022622 0.40590290649183 -0.543567597238439
0.0088347224729502 0.00514499640601498 -0.307147207772437 -0.924357830397909
0.0177659474797764 -0.0258685201998312 -0.894741397388565 -0.0767589664349552
-0.0229125878503919 -0.0301406885808534 -0.257015197637308 0.632158818496332
-0.0303271006064311 0.0095929027487463 0.305062071872675 0.337674947717396
0.00200570781341008 0.00412778214338094 0.217030906839197 -0.0446597342669037
0.00269693955251817 0.000199808784613571 -0.0726686286944425 -0.199333370098673
-0.00431869945084469 0.0225960496448464 0.0711824011871097 0.159877704014303
-0.00603470043111473 0.008947567654189 -0.13870847341451 0.0769641841412572
-0.00972755651129947 -0.00723223638602155 -0.288107309753035 -0.29748629059668
0.00298888989885585 -0.0304397207982726 0.167834902291742 -0.570961028709584
0.0587933932734381 -0.00976770072341009 0.790767101121801 -0.0862188053735161
0.00498695461304901 0.0359103997771598 0.470643981640412 0.810953334210859
-0.0152061569257429 -0.00901128698909949 -0.319242772235523 0.64351021800768
-0.00302751603780277 -0.0187611461640024 0.00494640193953769 0.107981088728416
-0.00585893320899778 0.0152552910246153 0.400149655543008 -0.550070914306473
0.0103863289044656 0.0057520517254313 -0.321734038627251 -0.914397736275613
0.0183576415392244 -0.0240571368579776 -0.890198468347504 -0.0579610503523312
-0.0232411074897619 -0.0271554282638697 -0.244360653760373 0.639527311500119
-0.0313523629224516 0.0106752944580067 0.309568491795033 0.336523185474074
0.000438187104736402 0.00541427296499739 0.215557386693947 -0.046581612838079
0.000929193448309842 0.001172524125779 -0.0730642029895976 -0.197615238301763
0.00835352890285419 0.0113165860912058 0.0694856506720506 0.158677729975217
0.00518579529246849 -0.00266790313102619 -0.143993902230487 0.0695324558278314
-0.00266766024627943 -0.0161923870681784 -0.287307579651884 -0.30235368601391
-0.00549874430426519 -0.0377349579907325 0.17439947741587 -0.556578164275706
0.043058897111264 -0.0151200247073408 0.794702623708247 -0.0533366841516524
-0.00432512403053885 0.0374546149745791 0.458387817545968 0.824436451912861
-0.0301043955062805 0.0109724198805138 -0.311525180085588 0.634200726537266
-0.0279786077170203 0.000599866530456194 0.0256596395737805 0.101587561743435
-0.0195080100951214 0.0330311746868593 0.398340018109667 -0.555131206770263
0.00374902116666469 0.00633083149826297 -0.34041982065529 -0.892173588329993
0.00255820992701517 -0.032027862952672 -0.882153559058924 -0.0175594501650941
-0.0344480410300786 -0.0361481935773521 -0.226452381736719 0.651624223161594
-0.0229546396044901 0.00139670121286772 0.304023188565785 0.328390446745192
0.013784725066563 -0.00581658897721367 0.203342857661102 -0.0514434225240702
0.0158865250188158 -0.011211761622284 -0.0806427453217399 -0.196113632270915
0.00697289152955831 0.0112506930908791 0.0705751609809365 0.157629381338583
0.00471541949653667 -0.00198433131394305 -0.141179416446971 0.0715334928123818
-0.00326582064053236 -0.0165737066019364 -0.291150879876565 -0.300381559412331
-0.00557939677544742 -0.0389912932774261 0.160660458929001 -0.564179879807186
0.0434312744835775 -0.0176676388878056 0.788718876497001 -0.0753205587746967
-0.00394941595921773 0.0372946122101068 0.471805205000812 0.810740179637809
-0.0316102206057222 0.0116241479830251 -0.306276190419351 0.638667821843533
-0.0290055542625058 -0.000833244281209761 0.0186970182580357 0.105901548241603
-0.0209720103648908 0.0313761890851187 0.402654270818627 -0.548413560467513
0.00337191438158303 0.00566863486605932 -0.324495864946576 -0.904791046584007
0.00414534390233595 -0.0340122738372274 -0.887146371082365 -0.0404423401954361
-0.030391276142201 -0.0379862101916464 -0.241893571296373 0.642433193389086
-0.0224068452152591 0.00154611684203955 0.299413757855631 0.330163787790219
0.012420698422373 -0.00534466086955445 0.205995603478884 -0.0489613019294181
0.014112132280815 -0.0101371764078574 -0.0790862243839656 -0.197246258267728
0.0048164924309147 0.013037301768692 0.0729541169575737 0.157440814557462
0.00325389668924085 0.00030138379431379 -0.138493819437896 0.0738604494592052
-0.004001264801794 -0.0141743245578353 -0.292948992870712 -0.29733382751117
-0.00443830731509965 -0.0389147172311716 0.14915364073178 -0.569122849160047
0.044409586538503 -0.0188854360308881 0.7819864328105 -0.0956865696121063
-0.00362174159563496 0.0363974196444983 0.486527132297686 0.800492009353009
-0.0306056255049786 0.0099607587650805 -0.30199576131848 0.644400596057056
-0.0282791207536172 -0.00213094927325708 0.0113055001262539 0.110396990871874
-0.0208045505779015 0.0296297917449639 0.408720657154815 -0.54077242530825
0.00266603980450272 0.00464579139440586 -0.310509031122448 -0.914835105651258
0.00786723158200878 -0.03394827756041 -0.889667939448413 -0.0644740523477942
-0.0263890821601424 -0.0386583538583099 -0.257605770505855 0.633651406718624
-0.0228694380370508 0.00148122642648797 0.296394267272013 0.332465923061114
0.0102423712597894 -0.00342629642093889 0.209461693234704 -0.0466578465743722
0.0121336255442494 -0.00844130934851548 -0.0770922099377661 -0.198640086152907
0.00324539324836767 0.0147769288703009 0.0735495697744329 0.156767847303075
0.00106655743187524 0.00226124088870148 -0.136247232314413 0.0745883184638367
-0.00524638517716949 -0.01340841313658 -0.297440183007073 -0.295536760843945
-0.0025733416922204 -0.0378273762714719 0.141949400387152 -0.573803269000375
0.0472220744302732 -0.0192497818694047 0.777629053519485 -0.107633154567329
-0.00196617556820911 0.034895634527964 0.492402577479049 0.791528053034949
-0.0284149525597816 0.00663607950001926 -0.299412202029412 0.645000574765088
-0.0250354537670641 -0.00599011075249908 0.00512113863819049 0.112129139352333
-0.0205427203671576 0.0264991688468179 0.407834504681817 -0.535168035305797
0.00395368693387295 0.00478274206228182 -0.297137603806801 -0.923612205255591
0.011616417955473 -0.0325924888790248 -0.892599514783134 -0.0839561416341817
-0.0246039644369129 -0.0371977769001351 -0.265025572748948 0.627196223189453
-0.0240165544696245 0.00429634521676324 0.296409192761965 0.33550436739522
0.00845378987908933 -0.000557040923754741 0.213407843505981 -0.0449468127416031
0.00839834775493517 -0.00568050028853597 -0.0746473086983634 -0.198784796779701
0.000197651381774973 0.0176586644088324 0.073448918389599 0.156902757631184
-0.00071626067230853 0.0046606467102051 -0.135344096279287 0.077256294116302
-0.00554689987610614 -0.0111177884478784 -0.295341838688645 -0.29582114029224
-0.000848756595301484 -0.0369669956405856 0.139858343336079 -0.576096258097311
0.0507725709693585 -0.01868621504747 0.774456061875489 -0.111326370466351
-0.000747963708420261 0.0350063257750071 0.495345804303222 0.785213801557188
-0.0263656948799483 0.00254382905232543 -0.298798741849812 0.649141241844289
-0.0205734797956109 -0.00992694246315362 0.00197104096866223 0.11359394922908
-0.0177575396969846 0.0228171969937287 0.410078724300081 -0.533721848183275
0.00492032155923062 0.00523325662236245 -0.292570581990887 -0.923747365213211
0.0145548318664212 -0.0310806064390866 -0.890532752799441 -0.0899130723009151
-0.0235497026805236 -0.035689612261365 -0.267523431420892 0.62284334219434
-0.0265635253254136 0.00571782505193895 0.296887495823847 0.336077022082479
0.0045150430760029 0.000997738256776608 0.216240984029897 -0.042292848984576
0.00628551066634931 -0.0029606250053765 -0.0729319398682987 -0.198561898385086
-0.00160034796008996 0.0204379868701448 0.0739446496706918 0.157492087374974
-0.00248716171650595 0.00615703929767867 -0.135352589936243 0.0771481978746536
-0.00735593534423661 -0.010332825179687 -0.293896633157802 -0.294148125175341
0.00201983765789649 -0.0355888448178537 0.143770322481474 -0.57589823876286
0.0545556148270691 -0.016875335240046 0.777582037542809 -0.111351540341724
0.00115316977410506 0.0339575796890308 0.489876894593479 0.787245329097795
-0.0218299468905063 -0.00172985377330284 -0.303565288969254 0.644640579779192
-0.0143704996241559 -0.012865735681564 4.87500654551731E-06 0.113821244159226
-0.0130392738351409 0.0200019109769788 0.406681147739985 -0.534293918982079
0.00685579523590647 0.00494079423070535 -0.295118297100216 -0.923927682320699
0.0163690155412257 -0.02812748726921 -0.889783854166234 -0.0888536090598556
-0.0219675926054503 -0.0326443364638116 -0.264996847923341 0.62407941047387
-0.0284909035460822 0.00720628194186415 0.299967757440437 0.337707931228469
0.00233703153878029 0.00255645992594298 0.217000055321414 -0.0423446384982246
0.00316237383725337 -0.000906795796941076 -0.0718144382602522 -0.197726575855094
-0.00276658467120006 0.022392199431538 0.072280079975585 0.157808382614739
-0.00509492438947348 0.00836308859192206 -0.136131677148661 0.076882850993579
-0.00804754606362106 -0.00810404754422618 -0.290163533330998 -0.295381261878856
0.00355962695613485 -0.033041701949982 0.152329670396714 -0.572239579833966
0.0561519046725786 -0.0141769367980967 0.780250442846134 -0.101027552629178
0.00391910324916527 0.0343888677951273 0.481448255101182 0.793205509973703
-0.0177355785872491 -0.00585055076154211 -0.308696673406589 0.643519977484291
-0.00830541353241723 -0.0161452332618267 0.00106841143703784 0.111466106647623
-0.00934419711740346 0.0173504082158827 0.403457747576163 -0.539332695739636
0.00838090418042216 0.004693737461145 -0.305227949495368 -0.919235975914338
0.0175684048541206 -0.0257348616321434 -0.888551439791995 -0.0751884120283567
-0.0223976484550451 -0.0298095140105765 -0.255466864614256 0.630267286456019
-0.0297059618059231 0.00911143963198967 0.303381654849114 0.335930303622616
0.000124232116919709 0.00462689483350533 0.217166246663611 -0.0436589556257493
0.000863825901218768 -6.47079826326851E-05 -0.0714186198265066 -0.19688873744763
-0.0032854213641627 0.0236737985654777 0.0694536809763467 0.15841966863015
-0.00640477743108569 0.00776231571294695 -0.137932366016123 0.0758388094850611
-0.00924920374015999 -0.00672727939918643 -0.285384894388065 -0.296271062648881
0.00353473358352959 -0.0301016690667359 0.165882112604539 -0.565615819872625
0.0580701909243213 -0.0104649437421055 0.786560549228873 -0.083907730268304
0.00414748266751685 0.0347812980924855 0.468897571095012 0.804731738519864
-0.0136971809028819 -0.00758159901538172 -0.316926905433637 0.63887004231985
-0.00392362235346263 -0.0185708456678051 0.00534616626239662 0.107653302510262
-0.00573635009138508 0.0153796416877351 0.397178157515135 -0.545560677450708
0.0102379286552331 0.00555940422743109 -0.318390600416613 -0.910009018477357
0.0173851692450447 -0.0234692561704225 -0.883982378021395 -0.0583619962945789
-0.0235213357325761 -0.0270190306052725 -0.242132377873142 0.636382278646927
-0.0303563406801014 0.00981958899098494 0.307833020836983 0.33351919442963
-0.000547359855690154 0.00369112398939103 0.213726427828628 -0.0447623669803672
0.000925360702264967 0.000718148212708269 -0.0731317061655663 -0.196693713224985
0.00834593959496234 0.010936296123531 0.0685983475111649 0.158784226543302
0.00426649690649899 -0.00346757750826043 -0.143550056600851 0.0690033564420135
-0.00251828588573444 -0.0158755665506031 -0.286129694800717 -0.302026054188883
-0.00508915124694981 -0.0370222829695714 0.17390161964872 -0.554061107594692
0.0428213261109478 -0.0152482559491102 0.790681427949321 -0.0518381570745975
-0.00441077658018019 0.0371756403539884 0.454437706556551 0.822483135728084
-0.0293675066725052 0.0109527833158703 -0.311370013421482 0.629941238606716
-0.0281236958645733 -1.8137304360595E-05 0.0253952409308532 0.101956125763017
-0.0189958323816349 0.0327577794574862 0.396846533982393 -0.550305136336295
0.00356210596708277 0.00666641183768342 -0.337962067218928 -0.889720694323954
0.00200678421955638 -0.0316482319043836 -0.879564759814489 -0.0171993747970258
-0.0338848143398228 -0.0366358359575466 -0.227612260183671 0.648354114458985
-0.0219316011124715 0.00166765869622772 0.30261270468102 0.328357363521102
0.0120052826994678 -0.00529492390986813 0.203391511898928 -0.0514341812159995
0.0151649675543525 -0.0109868494904163 -0.0796005269969299 -0.195418002577762
0.00689574832838102 0.0113202272715254 0.0696673063846359 0.15724146109127
0.00375114202497582 -0.00211820770351802 -0.140227805699525 0.0706208964881093
-0.00354904731850476 -0.0157114621986313 -0.289028706012053 -0.299718187698022
-0.00515411091659852 -0.0384901261971533 0.160415003184321 -0.561801406620631
0.0430305752226591 -0.017851998798281 0.784926906623697 -0.0731158165749244
-0.00467402505768323 0.0373204507270607 0.469347834612114 0.808477794127184
-0.030100438137568 0.0111257981639437 -0.306081994829579 0.634856694840853
-0.0292433756967279 -0.000660657763581401 0.0185376179307896 0.105871963254084
-0.0209791385027345 0.0325799913268026 0.401544413362701 -0.545846058980001
0.00307156522243117 0.00620138845813223 -0.321870168415082 -0.902707860325634
0.00438874314184555 -0.0330863890806133 -0.884051544794288 -0.0429017209832462
-0.0309803734097964 -0.0378412059539443 -0.242050518892747 0.640568861984609
-0.0215547142616135 0.00119700344169771 0.298908671026871 0.330111990594359
0.011748817409092 -0.00485145024863134 0.20624618635998 -0.0485584817873494
0.013360598281638 -0.00957902813231707 -0.0777587592661574 -0.196867215590321
0.00535755374656348 0.0127028228183252 0.0720059093584998 0.157336777828493
0.00290073462417954 -0.00033910780625295 -0.137412460086955 0.0727744933290599
-0.00365904827698025 -0.0143740163996469 -0.293466070822795 -0.297068814979886
-0.00360874985215505 -0.0380150738718714 0.148830250885605 -0.568035793983617
0.0448776728844593 -0.0189292166700849 0.77972359535334 -0.093444137129226
-0.00365224783603369 0.0360177958007949 0.481149467391576 0.79625104566126
-0.0302655841881602 0.00928774449566254 -0.299784072263345 0.641801965881724
-0.0286455569766078 -0.00305001819433279 0.0107413313438123 0.110301782746672
-0.0215050547595416 0.0303076064428449 0.408615637750568 -0.53625236658371
0.00321203879351763 0.00553385181433004 -0.305515861513184 -0.912131712131878
0.00783843967058966 -0.0337738559409065 -0.88791635582389 -0.0668395065105779
-0.0271346035026892 -0.0386478269542774 -0.257422138338686 0.633517418093872
-0.0225519592827792 0.00191672446737768 0.295813637618412 0.332844869459958
0.00988969265104485 -0.0034382525758824 0.209728375633441 -0.0469138205410625
0.01060553107359 -0.00770593234720513 -0.0759755210397264 -0.197708119113646
0.0024278479706763 0.0155464200149377 0.0725197620547331 0.156907905710133
0.000780990684689424 0.00211618550689835 -0.135892094038474 0.0749755360223596
-0.00531583161236631 -0.0126836827740687 -0.295731644976875 -0.294260946690221
-0.00201259725565406 -0.0377084311714118 0.141043298563058 -0.57227093653242
0.0475126100817468 -0.0194008719788263 0.773847396563219 -0.105371362783236
-0.0020065809618919 0.0351809660370773 0.488819255785654 0.78748874594305
-0.0285094153300588 0.00547747331077913 -0.299574279890835 0.642017630911551
-0.0248949103791128 -0.00602586810613386 0.00456548332919032 0.112329310238082
-0.0198878682814672 0.0261337460100332 0.407797880780478 -0.532820505342799
0.00407265475240519 0.0050664071032257 -0.294663010342824 -0.920409402848978
0.0110406906295347 -0.0323814789396809 -0.888143069188226 -0.0837478349128647
-0.0255125448602204 -0.0376355210894245 -0.264094255615023 0.624986905288394
-0.0233825015230463 0.00326671097244089 0.294801851787343 0.334829556043382
0.00721026642365159 -0.00129580976018119 0.213638244433399 -0.0436980429063719
0.00782970509743433 -0.00496377435011835 -0.0733206471225615 -0.19785693704583
0.00010675528164553 0.0169867967569635 0.0728471799477849 0.156067114068301
-0.00211285427114414 0.00380178365735479 -0.134715026199414 0.075517562826474
-0.00580545581846843 -0.0113542802329158 -0.295081188150471 -0.293436536506713
-1.56703688514882E-05 -0.0371090251755753 0.13877789700823 -0.573171711538181
0.050531980905174 -0.0182829419711524 0.772811322381277 -0.111722096667101
0.000269980796775988 0.0346725857612096 0.490172731613701 0.781879389289069
-0.0263540551575389 0.00230329951092454 -0.29971231267389 0.64437640855657
-0.0201896634326519 -0.0099459591089802 0.00144572844898609 0.114066835382721
-0.0165360980769704 0.0230634549258989 0.409913361031309 -0.530844596916499
0.00498113953952844 0.00515934205526608 -0.287122658749543 -0.922674948109815
0.0143599024055948 -0.0309150254983415 -0.887571693117391 -0.0901498557488128
-0.0233640476852455 -0.0348215444605439 -0.267069925637966 0.621915758870477
-0.0261943354856491 0.00424463609049296 0.294939059628282 0.335978629319267
0.00391228383381157 0.000791508667973485 0.216121255027154 -0.0432194650824094
0.00505045755255807 -0.00345369224489327 -0.0719128204383818 -0.197766580597002
-0.00163200379129255 0.0204399996631769 0.0722840108914091 0.156642464031733
-0.00321153429302738 0.00644872580543007 -0.134762348868721 0.0762112625976051
-0.00756336838741299 -0.0107063630085176 -0.293123181232441 -0.29319523414335
0.00248571335687429 -0.0342711779388914 0.141994280102302 -0.572403146258321
0.0530563007337879 -0.0167954140468925 0.772704728529838 -0.109397211083425
0.00141107934100485 0.0337648497320141 0.485318981293484 0.784194163607483
-0.0224232317655546 -0.00224439023565211 -0.305398933178371 0.642495895364179
-0.0145083402460308 -0.0135300657187836 -0.00093739953520618 0.113001043802201
-0.0136300416944566 0.0200496442732008 0.40647973639844 -0.53290045160503
0.00605097712733441 0.00514837778104883 -0.293543561735969 -0.922051200355859
0.016262714307797 -0.0278322931868598 -0.886377239125903 -0.0894626976523362
-0.0215738514732611 -0.0325864817950829 -0.265266253221251 0.622885895295322
-0.0282257222756632 0.00692795807115333 0.29706279040501 0.33653185333806
0.00107061236215058 0.0030309842619124 0.217048952553063 -0.0421407634947194
0.00248566146912166 -0.000937145413755255 -0.0704569911654171 -0.196674046471681
-0.00343429188650198 0.0221112859804259 0.0705190572292911 0.157292148075387
-0.0047662930235247 0.00716476561620655 -0.135788994381383 0.0759955749990191
-0.00776825450120613 -0.00848306646872895 -0.289003167262211 -0.293799465440093
0.00346561605416339 -0.0329507804374746 0.151883401799584 -0.569791498040696
0.0565488256336619 -0.0134486458463233 0.777012758385707 -0.0997765438927447
0.00348209797468668 0.0331739479861799 0.476911161245117 0.789418105399117
-0.01792617673387 -0.00551240575133939 -0.308861531796368 0.638984033955314
-0.00851942538459088 -0.0170360754940665 0.000368552855312276 0.110506743314909
-0.00915276437096832 0.0171919827050706 0.403941934131381 -0.535495802966265
0.00854688177391284 0.00554193384901434 -0.300963717086515 -0.915709708593088
0.0174330984259556 -0.0253418014286061 -0.887321932170721 -0.0802212365348556
-0.022697033984376 -0.0287808947507505 -0.253798825455049 0.627490334464864
-0.0301231431535493 0.00893742258895373 0.300448443373608 0.336580300844835
-0.00102590908803606 0.00376638187717561 0.216492677903346 -0.0429471292503691
0.000204107415395198 0.000422214008033469 -0.0704310031086287 -0.195829672055475
-0.0032607629297031 0.0232690524152745 0.0684353558624449 0.15853234981176
-0.00713389265658179 0.0078703908649403 -0.138238854809667 0.0756102366438853
-0.00957019799956028 -0.00673590739148395 -0.285249186676842 -0.296030816005962
0.00402134422653891 -0.029819421079464 0.166061580166958 -0.56442634314747
0.0577401484810449 -0.00994677529329581 0.782271556810691 -0.0821390259509345
0.00383392092280122 0.0341360333322959 0.464748811028906 0.800179976845384
-0.0141215866670019 -0.0082584153593865 -0.316547594050362 0.636995143962168
-0.00311850619884369 -0.0191625614700858 0.00431161083876029 0.107776401022881
-0.00498391054513997 0.0151856727344489 0.397814665773781 -0.541380200665201
0.00983940590762845 0.00603650923127441 -0.317488295886172 -0.90784693241569
0.0183130103927528 -0.0236568394295332 -0.882037780758441 -0.0598020662577315
-0.0231318426608761 -0.0268110734666012 -0.241890955196411 0.634385860105309
-0.0308407140657522 0.0104111241475808 0.305959961966199 0.333817187678884
-0.0013618086927641 0.00395084250016132 0.213692838029683 -0.0440583349569968
0.00028300912032706 0.000995720982120546 -0.0722734056899448 -0.196277155411547
0.00855959389932169 0.0107706678205555 0.0673968794123043 0.15833435792919
0.0038804264330875 -0.00409484115978949 -0.142697119277725 0.0683098310486736
-0.00253820462239561 -0.0166598374561774 -0.285594407961276 -0.301671670341873
-0.00478264318092542 -0.0378248658148877 0.173518430406506 -0.551720164409806
0.0434656365806064 -0.0158311829655036 0.788918627469395 -0.0498831693403228
-0.00464099327216586 0.0373430301847528 0.455209992140365 0.818328651929447
-0.029664661286968 0.010963122459601 -0.312408790269108 0.626733173029138
-0.0274784301227066 -0.000172275221332068 0.0252209395561872 0.101696054896579
-0.0181654121023568 0.033395224578501 0.397144291185349 -0.548750040560949
0.00364962338172379 0.00609277731327463 -0.336090636922596 -0.888216376501002
0.00208950841529455 -0.0316937483355626 -0.878305596424579 -0.0208324545848047
-0.0331226308240242 -0.0367075624405793 -0.225889345685159 0.647455265094988
-0.0219648766688202 0.00109689091147063 0.302914118160936 0.328458279914433
0.0110295974664329 -0.00611662106721341 0.203490120491447 -0.0502969215871859
0.014293377875287 -0.0105977482755964 -0.0789365696775812 -0.194966139710617
0.00707757129239346 0.0114016574194511 0.0691015856438695 0.15694730078987
0.00437212325838788 -0.00183395002126273 -0.139662134578463 0.0703056114016096
-0.00297051291809314 -0.0156619186446626 -0.28837797799685 -0.299235825614185
-0.00443325283243166 -0.0383391689363159 0.160415658721454 -0.559231853741782
0.0435151434437001 -0.0176840801256138 0.78242172015579 -0.0717379798682203
-0.00485328429206973 0.0362080504671555 0.467520784508145 0.805424399304144
-0.0309392736305011 0.00969606488959996 -0.306667119650097 0.633183867982584
-0.0291317878550306 -0.00109806599400502 0.017892423304211 0.106159886667129
-0.0204427235771173 0.0326051275964453 0.403372558440148 -0.542921427939163
0.00222638910884244 0.00654341513805916 -0.317837220262718 -0.900627373257206
0.00443671168670037 -0.0335266046876216 -0.882449202150153 -0.0445597464805918
-0.0308278476011713 -0.0376271883097675 -0.242221191994524 0.638693801144472
-0.021822531757564 0.00100521908643552 0.297893800092757 0.329624157003945
0.00993495868931867 -0.00508808158401522 0.206222493518988 -0.0480276055103887
0.0135529408299991 -0.0091924748443032 -0.0770626737561367 -0.196141364640658
0.00550976550398822 0.0131586979602916 0.0713793852558572 0.156848950577307
0.00309723147790776 -0.00045108287921558 -0.136221859642034 0.0718887214663505
-0.00413533650323805 -0.015039751213786 -0.29175236132711 -0.297740713635369
-0.0040805079646281 -0.0381530752055792 0.1464662085117 -0.566191726106464
0.04441896537791 -0.019753225984698 0.776565686963083 -0.0922329585942448
-0.00398139694771844 0.0350538047310196 0.479211421527876 0.792683200899048
-0.0309124299096444 0.00904587825363153 -0.300784732140564 0.636992000666601
-0.0289480396456696 -0.00279105710990977 0.0110233614167413 0.110044209721965
-0.0206457574416152 0.0298841638561574 0.407655801553534 -0.53578231445054
0.00276382372681745 0.00542227827068761 -0.302847836840609 -0.910950664476027
0.00828467520464434 -0.033776129563435 -0.88675892532627 -0.0686208216711296
-0.027743613783697 -0.038348905118967 -0.256969544797737 0.631068232348061
-0.0219107242008429 0.0014283385831556 0.294045873278521 0.332002308726511
0.00905308266007999 -0.00287393696580943 0.20970268604515 -0.0456742387800476
0.010223796042673 -0.00788156769304988 -0.075240806324992 -0.19649268623243
0.00296516878522926 0.0153754505326727 0.0715641823028989 0.156679986621575
0.000191413797217446 0.00136571636064407 -0.13435854363629 0.074082969981454
-0.00495295254960497 -0.0131873088455339 -0.294667726124652 -0.295501861017358
-0.00274749892266633 -0.0377820822795778 0.140086285147414 -0.570146465254613
0.0476214961348157 -0.0195395560130912 0.772640292690753 -0.103741033922279
-0.00245628030837767 0.0351797741371872 0.487242455526028 0.785659425271766
-0.0272969714122543 0.00532944257097688 -0.299042509987611 0.638675498066241
-0.0249046084306875 -0.00647049350839001 0.00418811043899862 0.112274340357829
-0.0189167524282815 0.0265611173202836 0.409451717375291 -0.531945826117951
0.00347325050749656 0.00562172939466154 -0.289851167399004 -0.917603592785902
0.0106670865708029 -0.0328880321907199 -0.886733605763271 -0.0835696463238594
-0.0250247009191042 -0.0381872146170407 -0.263833057209965 0.624903133462059
-0.0235339738237882 0.00269947955638805 0.292898490628381 0.334326195127861
0.00612544904393489 -0.00147129525634845 0.213426357160077 -0.0435408334803423
0.00705423838137223 -0.00568022852088478 -0.0735184411779808 -0.197020807755497
0.000809289512735898 0.0177084191058621 0.071240138302194 0.15613399990463
-0.00120278722942341 0.00350708309627105 -0.134203133585149 0.0751912521629411
-0.00585242891027787 -0.0111676155452087 -0.293205968533866 -0.2947933263525
0.00041747333412262 -0.0369784715859954 0.137568833435841 -0.571309543958663
0.0503630353768391 -0.0186601193860954 0.771540072793445 -0.110837190221869
0.000324108176517592 0.0340955091935971 0.488432266122252 0.781134080080085
-0.0259655370174942 0.00194595605944789 -0.297947644270188 0.642697506641075
-0.0203148414686048 -0.0101331620891678 0.000470638067434764 0.113773411127479
-0.0164878080628448 0.0228575026288186 0.409422324110151 -0.528190112257563
0.00474132797256006 0.00515294499261389 -0.285777578544193 -0.921423699537619
0.0136898273793551 -0.029436314985736 -0.887602123161126 -0.0934143842093321
-0.0231370127638833 -0.0356918631275906 -0.267433484404923 0.621815786078501
-0.0261599221762222 0.00509353150157318 0.295074393709311 0.335482014940493
0.00316052522882411 0.00101147564906977 0.215471851491535 -0.0425203674411265
0.00402342217691931 -0.0026765783233305 -0.0711152619981397 -0.19659129090221
-0.001485361005944 0.0207773835712192 0.0715410180987727 0.15700170933926
-0.00341647351174633 0.00522983199284016 -0.134365013952924 0.0759977033501289
-0.00723706722383533 -0.0105503102383443 -0.291217839070156 -0.293680935218337
0.0020891253980446 -0.0340713714111806 0.142310680508549 -0.571555655890781
0.0537918683711449 -0.017154613673799 0.770953851073448 -0.10734048398408
0.00172206979101269 0.0330947812611771 0.484334975759833 0.782498042517974
-0.022352163157252 -0.00263450181432655 -0.303143203029451 0.639731735158444
-0.0141833005818868 -0.0139616579263198 -0.000397922683038781 0.112643999163598
-0.011987702577531 0.0200442352256532 0.406167441202303 -0.529136960229235
0.00637689633738507 0.00494627491635785 -0.287301772620762 -0.920412226177552
0.0159375326743327 -0.0274526370475535 -0.886735995882905 -0.0918211077135581
-0.0216364237901158 -0.0325160304931783 -0.265114855972518 0.621324415573567
-0.0281318940807087 0.006230759523333 0.295691848853877 0.33672293070652
-0.000408709033021809 0.00249956783935379 0.216338976080886 -0.0417599268731853
0.00167636964148436 -0.000571295504046923 -0.070344147415698 -0.197354856859335
-0.00337198364252445 0.0216967535657064 0.0702852434465863 0.157299789234633
-0.00583794030045853 0.00792819561549083 -0.134787864332642 0.0750111060733621
-0.00794881897619378 -0.00829478262025002 -0.288163138207862 -0.293307825791581
0.00371476661269609 -0.0312352792053551 0.152137000427526 -0.567822763419033
0.0565389164149587 -0.0135226709597625 0.773972489063784 -0.0998563415842268
0.00289451201151989 0.0333987596406331 0.475740708853707 0.786826170438404
-0.0174817505157192 -0.005714966614585 -0.30844402174563 0.637752331670269
-0.00812099063790426 -0.0169742154500781 0.000811321737583717 0.11042131283532
-0.00815507697211501 0.0175054164750856 0.402851230347254 -0.534182278787676
0.0081577481323534 0.00548320971033803 -0.295865553307294 -0.914917984927683
0.0169837875092675 -0.025410384757466 -0.88512294402427 -0.0807957424899439
-0.0217682582630315 -0.0292557611007031 -0.25383365410261 0.626114363613957
-0.0299060302853267 0.00819548308109357 0.299522280169405 0.336746894877335
-0.00129033804950011 0.00409498729572195 0.216767441180024 -0.0425195384309394
0.000461858016307465 0.000266822058182544 -0.0709060032111064 -0.197050551233137
-0.00277596786709179 0.0227484530414334 0.0680699054694377 0.157573100773232
-0.00674866817348343 0.00773657982634029 -0.136556182317632 0.0750638576592781
-0.00816025547162491 -0.00699462167719131 -0.28387572247402 -0.295224003392852
0.00480050605308859 -0.0295088365126158 0.163741733268638 -0.562447207782564
0.0581427107770528 -0.010526980298862 0.780339815398013 -0.0830743764645438
0.00427409990983543 0.0337861929263502 0.462343636199014 0.798301201997042
-0.0141957478100214 -0.00857387959334753 -0.317292095325988 0.634142851672771
-0.00257495114195259 -0.0188889805343465 0.00449444614604675 0.106791927827989
-0.004386281261298 0.0150850992991476 0.394497146908784 -0.539600570960499
0.0102748084330652 0.0060076074987496 -0.312878115920565 -0.907434963000703
0.0174870875153629 -0.0229159049613888 -0.879350994856798 -0.0591280921385734
-0.0230603804572204 -0.0269933434612721 -0.24171740524997 0.633603891111649
-0.0311790353317712 0.00988933273111001 0.304616903313422 0.3349041605202
-0.00262497937934104 0.00449924681675212 0.213402410935699 -0.0446148339179084
-0.000227757986368329 0.00162380764228342 -0.0715473959450833 -0.195028773345842
0.00869949946758331 0.0108957041606186 0.0660171071434933 0.158501211406322
0.0044232132163795 -0.00389170949553941 -0.14193361468672 0.067770118723586
-0.00235460098471333 -0.016323254518275 -0.284570379988934 -0.300940399000158
-0.00545480507326158 -0.0373055451596415 0.17217191672276 -0.551189619144817
0.0429438519925232 -0.0160379236249577 0.787190875748204 -0.0478953965155594
-0.00499037005624198 0.0367310750018408 0.451666069281266 0.816335812974235
-0.0296527577022821 0.0105578316231228 -0.311949345247227 0.627208682508952
-0.0276675741901359 -0.000603161290047548 0.024084048893775 0.101204205834491
-0.0182641618159954 0.0329684364916877 0.400400365371373 -0.547124832020153
0.00358039996860739 0.00690555606594465 -0.33271269269241 -0.889035984640103
0.00243404839330938 -0.0311829576491485 -0.877352963019227 -0.0215872011953601
-0.0331065278870366 -0.0356357158351524 -0.226206374603575 0.647546300060884
-0.0222888696965566 0.000707807208184389 0.301410877863721 0.328712500441387
0.0106050129237393 -0.00637561382552201 0.202809505833242 -0.0500174326808287
0.0141181302159484 -0.00996177049065969 -0.0782438915834217 -0.195702118109218
0.00768749531848402 0.0113325374403178 0.0673742338282226 0.156930977684905
0.00318344618217952 -0.00248852100102597 -0.139051700875275 0.0687117982976156
-0.00296618702481255 -0.0159924760989633 -0.288927933804205 -0.299349224913423
-0.00444560906253178 -0.0375976095285289 0.159809856896627 -0.557831372863712
0.0439620565722159 -0.017861751007366 0.779801708534451 -0.0708200983652088
-0.00451923952779993 0.0356358881480248 0.466179082200555 0.804730943763018
-0.0313219314734292 0.0102294014025022 -0.305541096129929 0.630954207907625
-0.0292197662382857 -0.00134776986213991 0.017357127981309 0.105843168629843
-0.0196128649747548 0.0324406238252813 0.403894734397721 -0.540926525367264
0.00284132622328589 0.00675694748504041 -0.315120480621191 -0.901390398550157
0.00432075136690054 -0.0325249458462746 -0.882873038231586 -0.0446755440968268
-0.0297791490163771 -0.0379657573046789 -0.242415544210144 0.637029818537212
-0.0219060841891581 0.000634960783498906 0.297665450742602 0.331358545426909
0.00973708113589681 -0.00425387837614253 0.206437124474914 -0.0479041418336588
0.0135114838263548 -0.00912206013876364 -0.0765151936192745 -0.196986629790446
0.00548456590546556 0.0130609437333902 0.0699170330804342 0.156940932298452
0.00220824908941967 -0.000940655899310963 -0.137068615902706 0.0708409805089301
-0.00307321742771864 -0.0154748801013944 -0.291882419820019 -0.298363151121109
-0.00264181860671653 -0.0383722322279359 0.146609992171006 -0.563410571323483
0.0447629488622554 -0.0195065972609686 0.774909659928254 -0.0903437793108157
-0.00392320320435154 0.0359828335094673 0.475607483934601 0.792469563151818
-0.0303218049554372 0.00906792765594057 -0.301235175224648 0.637405915045267
-0.0283553481312455 -0.00365342276236765 0.00947421824456238 0.110165134934733
-0.019970964921006 0.0304683207011709 0.41019121535675 -0.533394819511255
0.00279948106745595 0.00620592561727204 -0.299137167009056 -0.910023685311254
0.00743315296542753 -0.0336700506045361 -0.885863807720828 -0.0702360232146473
-0.0272112457436854 -0.0389076120563723 -0.257254961496368 0.629622504080664
-0.0223443810669427 0.00134093823324406 0.294235164396897 0.334521629901165
0.00791846664613229 -0.00344683978804194 0.209428388996653 -0.0456565220882671
0.00993247930262271 -0.00707316518740847 -0.0744863555100719 -0.197302521025218
0.00297282448622003 0.0161209632304389 0.0705398950082842 0.15648257037707
0.000294141949270869 0.000722652425220568 -0.135002086003775 0.0731150072288347
-0.00474605711335618 -0.013469466110086 -0.294441419738643 -0.294940150650049
-0.00146930440602946 -0.0375047467395774 0.140001946867848 -0.567874256391165
0.0468565219895011 -0.0198725040258494 0.772091554804861 -0.102294876608376
-0.00188453306683951 0.0344857905064178 0.484190915798268 0.783231042944274
-0.0285111071263827 0.00585753431901945 -0.299547500726646 0.637326171871424
-0.0250521166580457 -0.00632503389824317 0.00402741284340318 0.112236973652161
-0.0190370788358554 0.0265958609571495 0.409599155269238 -0.528131835425459
0.00379351454315906 0.00545974841249548 -0.286720499115315 -0.919968147944703
0.0115184275664075 -0.0318155197011738 -0.887638886697374 -0.0878760376503953
-0.0238664035367848 -0.0372485367956494 -0.264797684173919 0.624243699519809
-0.0233284314954469 0.00307180272669928 0.293255772359016 0.33460825847727
0.00508968611321545 -0.000867899543172342 0.213673383110247 -0.0428131197827688
0.00732953936044308 -0.0045303170877745 -0.0720610463835986 -0.197630275995593
0.000952239536803575 0.0176323751928582 0.0708266477225118 0.156704837421756
-0.00158601691433243 0.00382209385570285 -0.134117421214275 0.0744095490369127
-0.00585135920278273 -0.0116389589991 -0.293475518960551 -0.293582736596545
0.000176555794479319 -0.0369426576637906 0.13828609829646 -0.570239071448518
0.0503008825994919 -0.0186015022017528 0.767976015256994 -0.110657889412364
-0.000561089423063314 0.033934486747461 0.487013395453322 0.777719734160145
-0.0255807089352803 0.00148472290613752 -0.300209021126142 0.639802981645815
-0.0197857470129868 -0.0109105541978538 0.000429736755138829 0.113274298394518
-0.0158515911256361 0.0238354514535371 0.40962594090432 -0.526344424134707
0.00436886153107427 0.00528858123022091 -0.282872072397194 -0.921021543533805
0.0132484821565676 -0.0302375126290269 -0.886769631433481 -0.0954641428554952
-0.0222311315453851 -0.0353632049145673 -0.267185845189535 0.619492347613144
-0.0262991230205515 0.00486254637394388 0.293393249822308 0.336845179768987
0.00150843008655789 -0.00010870929916541 0.216276036425173 -0.041386671116636
0.00342682178345731 -0.00182528599548019 -0.0702797066501201 -0.19727020597158
-0.00170421648556452 0.0211175103222051 0.0697550400499279 0.156901571291068
-0.00339973383428349 0.00593590371474579 -0.133848520297822 0.0744856904677278
-0.00685408944312976 -0.0106509812656654 -0.290499339910646 -0.293959870111906
0.00289837714657781 -0.0337350645661802 0.142196407092092 -0.569650500381978
0.0533874264586225 -0.0169971094597878 0.769579928748635 -0.106794212169363
0.00100907659272188 0.0337189955265484 0.4811757383913 0.781737313292768
-0.0215006752573681 -0.0028416088441445 -0.304240494587346 0.638042485990275
-0.0142748640074761 -0.0146005660879865 -0.00139067165355699 0.112682733272239
-0.012072368377268 0.0200666973675466 0.408314702766002 -0.527415478654309
0.00671907968819697 0.00603294402289969 -0.286412749977589 -0.920492544241505
0.01571058634037 -0.0277191558050731 -0.886167921430804 -0.0947458202406852
-0.020986063439553 -0.0326275357914282 -0.265638020875086 0.620560649608395
-0.0287942071521519 0.00651866929045152 0.295914119109934 0.336787220902255
-0.000731253454271211 0.00281027636943969 0.216813439114457 -0.041372604668043
0.00142157399705092 -0.000413305368956353 -0.0697519686879701 -0.196624310881689
-0.00361319455264541 0.0226127793757447 0.0686464449435225 0.157617317001408
-0.0055072821658153 0.0069433024760346 -0.135206031076724 0.0752288028533937
-0.00759249024652066 -0.00920089817474442 -0.28750023147795 -0.293714377815026
0.00426633801815363 -0.0320684012006558 0.150647066613272 -0.566147874851649
0.056862545132768 -0.0139199894350251 0.771880450446727 -0.0973313390986815
0.00267512399241905 0.0336419190944395 0.473562444134135 0.784330807820242
-0.0179280137942048 -0.00614879069492148 -0.309907963716981 0.635832396803001
-0.0085730092126545 -0.0172030011162283 0.000706061254212273 0.110473047690935
-0.00778305978043874 0.0177459360975911 0.40361809237106 -0.531088667330846
0.00817619407419441 0.00634497710181191 -0.295423385864248 -0.915521864761828
0.0167328397335195 -0.0245015366016294 -0.882857023260024 -0.0832778962922805
-0.0216476107950478 -0.0296204473453452 -0.2543804702155 0.62718163302303
-0.0310012553055427 0.00874396118281708 0.299321217151203 0.337266576473265
-0.00262090959229726 0.00414140621373241 0.217223872570236 -0.0426670508645053
2.67514644804959E-05 0.00112775394949271 -0.0693133018255821 -0.196112156058477
-0.00348343776715043 0.0232132941629507 0.0677280922450749 0.158080298446036
-0.00702834738872682 0.00780267501689331 -0.137487007726937 0.0743391515373683
-0.00848370301580762 -0.00717941708351279 -0.28288852254592 -0.295139848519156
0.00464456553870077 -0.0290609497064332 0.164564359565208 -0.560875331724854
0.0575916680613825 -0.0110905527276739 0.77901536119376 -0.0802234467674195
0.00350549521300851 0.0337517083805618 0.461341889848794 0.796825022961536
-0.0138438099257781 -0.00780323284080538 -0.31924706603552 0.63174441815561
-0.00305562857451447 -0.0195624039316445 0.00368427504276637 0.107044013358538
-0.00438534366869311 0.0160423685962392 0.398418779568685 -0.537531785487235
0.0092904280972965 0.00708761479985076 -0.309455113627357 -0.907229913136752
0.01719528597739 -0.0223986824220098 -0.879113685471703 -0.0636207713211183
-0.0228144141625209 -0.0272050559085592 -0.240775988006319 0.63363505822569
-0.0309476212528505 0.00959086788648598 0.305209354629771 0.335620840632535
-0.00341739561597858 0.00375797647898635 0.213861325428524 -0.0437561654021843
-0.00107021646454313 0.00183040462876743 -0.0702928579175452 -0.19532405672495
0.01392396508119 0.00370454487400105 0.125167835993826 0.117106167467289
0.00508335416401507 -0.00516195296507003 -0.10103911640684 0.121101367273707
-0.00889227407436285 -0.00838508513368532 -0.385744374712081 -0.151228886382137
-0.0263619009763588 -0.0263589590162365 -0.082264097543522 -0.575723600658264
0.0227813662335731 -0.0404725787383887 0.689679970800772 -0.383189211761412
0.0135052042795528 0.0276028275252249 0.758621677958235 0.54492155803694
-0.0234368928472352 0.0223460416464558 -0.0180039515285772 0.703218311193371
-0.0261925720342814 0.00954264668727294 0.0659222494523752 0.081506747149941
0.000647055398253823 0.0362947211773407 0.125299772005596 -0.668907134655792
0.00304594979314822 0.00497534604698912 -0.683562229672925 -0.66157521875091
-0.0158770690306773 -0.0267722352647414 -0.800067076336579 0.354214776653911
-0.0463046349023664 -0.0102088798987556 0.0707076991590862 0.679298776430368
-0.0176210179606683 0.0144618304656164 0.410036562414048 0.166556769614065
0.00971909403447706 -0.00850779876363481 0.16424637825758 -0.130027543011776
0.00778196595906062 -0.0163925711195812 -0.151010784315079 -0.145830310162141
0.0128130182933101 0.00485668870217503 0.127204653080235 0.115686520360192
0.00437096136871961 -0.00328707744272742 -0.0971268249678724 0.121290206256754
-0.00946974990568908 -0.00787737659801467 -0.387825761259635 -0.148620545536808
-0.0262318221124753 -0.027352529855468 -0.0979146875418983 -0.575093418796141
0.0215983097569976 -0.0426669617878463 0.673555625159724 -0.403000045962442
0.0136886008668419 0.0269977834574616 0.767625068431202 0.526586714464965
-0.0237168019829589 0.0226553600273938 -0.00885386136202874 0.705207600812429
-0.0274295009717064 0.00954651277747387 0.0612247122654855 0.0879709399361028
-0.00181515620889152 0.0368530621995663 0.132958253384992 -0.663560418411495
0.00163881079504815 0.00371257969659416 -0.674039098861148 -0.680088136652096
-0.0129090293513131 -0.0287905459087011 -0.815824847359387 0.331906464057561
-0.0448633271670836 -0.0122648440424512 0.0514349347990727 0.677564090824128
-0.0177695564092479 0.0138621508884498 0.407576134326706 0.170190141024141
0.009058558310488 -0.00807453180603829 0.168058260023348 -0.129632856772468
0.00660237310890117 -0.0153449198554543 -0.150318858246321 -0.147459135009234
0.0112246219617622 0.00736911663972232 0.128172846633821 0.114546454254018
0.00421872772327161 -0.000936371498189422 -0.0930640870085184 0.122548414737942
-0.00950394800587618 -0.00621192649836174 -0.389588692575389 -0.145312805140356
-0.0253187189788526 -0.0279535384872575 -0.110010720340804 -0.5772850053141
0.0228088328011993 -0.0439014542706263 0.65917950475557 -0.418703885679062
0.0142472961630373 0.0264945739047514 0.771326713352773 0.509866365299413
-0.0245694100902138 0.0207761218869678 -0.00175701320317134 0.708252332118669
-0.0276478152457069 0.00731023158260968 0.0567429776860089 0.0952306855196059
-0.00345125756621925 0.0349193339303463 0.140069440197583 -0.659979946324401
0.00152472939720969 0.00362943020716685 -0.663016064273496 -0.696034998267911
-0.0099183486619797 -0.0303866460402099 -0.826778262966823 0.311889039627798
-0.0420523928034134 -0.014147726025892 0.0351257984336488 0.676195869421669
-0.0180919978181506 0.0154763008400617 0.405570414864085 0.174800817063817
0.00770453439202394 -0.00552692480731157 0.172189049874018 -0.128975364179635
0.00506531784746529 -0.0122856252323991 -0.14819018400445 -0.149470815237705
0.00993977856748447 0.0106368166564064 0.128679671020502 0.11435618388892
0.00356986002337297 0.00150181892154316 -0.0908597231509443 0.123771658820394
-0.00995702477562168 -0.00491573777699857 -0.391804500468907 -0.142364615852344
-0.0244137879581696 -0.0281022951955788 -0.119336834738429 -0.578134137529943
0.0243596708160949 -0.0450118962506183 0.650993586407483 -0.427367966421446
0.0148826667162185 0.0248534459390524 0.773723838232568 0.49980152159506
-0.0240116633727885 0.0176465391411523 0.000883975689465473 0.710049160341077
-0.0265299904105526 0.00395464373519615 0.0522874531512315 0.100054290372015
-0.00391053038053728 0.0314415491313696 0.143200859879711 -0.654985290999557
0.00219435992587314 0.00330223728247291 -0.656804656485165 -0.707679785414112
-0.00702258151172273 -0.0305031831983563 -0.835454809636856 0.297409106565328
-0.0409121336639709 -0.0148663174494054 0.0250751737047013 0.674389971287296
-0.0189202477114969 0.0172440130053475 0.406131816487 0.176360308508365
0.00659973158786184 -0.00276100024250791 0.176018369069898 -0.127885960270451
0.00325187687077437 -0.00901125468717439 -0.146819705903299 -0.150120791470059
0.00853733917005044 0.0135339966460038 0.128981465546847 0.115631142572955
0.00216459684089636 0.00333188963373736 -0.090175760539051 0.123869319160327
-0.0104310476475379 -0.00260540088636883 -0.389467411503726 -0.14115555331946
-0.0212248547342765 -0.0273614741710801 -0.121759860730854 -0.576689425079073
0.027122085099964 -0.0450397533853183 0.646125220048272 -0.433062964732924
0.0168967577632171 0.0232688092384088 0.773975193463303 0.494099138615524
-0.0221206383500967 0.0124221816834717 0.00105444175261666 0.710580781183206
-0.0227959568901188 -0.00259834888961685 0.0500471532190978 0.102450372535806
-0.00254650173659712 0.0267336026283374 0.144034388692555 -0.655047064961113
0.00362166123119935 0.00156329359630893 -0.654474517689225 -0.712523715189553
-0.00293408582211063 -0.0303944095480119 -0.838835344651684 0.293056347517558
-0.037329640104455 -0.0127966164487665 0.0209105512130806 0.671487638845725
-0.0205052631707932 0.0201701650472372 0.407871138826214 0.176942587717477
0.00388905177123141 0.000951395195448311 0.178582555714107 -0.128420139228608
0.00186491328367702 -0.00540700134914337 -0.145264383308319 -0.151154979038333
0.00817607399870644 0.0164206422598001 0.12878930325102 0.115975998925854
0.00119398030069083 0.00631442907455028 -0.089846011820384 0.124882982574219
-0.00979293502124686 -0.0012315915464903 -0.388318045539322 -0.142062034817612
-0.0185300247155731 -0.0263803414295946 -0.116773686958509 -0.580803312684819
0.0313401593997785 -0.0449656635040492 0.648149259216043 -0.432907189697448
0.0175485229609594 0.0218171741028396 0.77003015350404 0.498346599621237
-0.0211012524373435 0.00689690082006833 -0.00268144325553519 0.71073960068868
-0.0190546290745508 -0.00842802491250453 0.0472722826412411 0.102520179423741
-0.000423307519642001 0.0216845688111149 0.141725578516471 -0.65443227534353
0.00468981540533136 0.00231369478153344 -0.657096391963065 -0.71054424412785
0.000581406460627956 -0.0292437348116924 -0.836920811317844 0.29105405962821
-0.035183781399292 -0.0109535840255403 0.0231230342773022 0.672458262323391
-0.0217593047123809 0.0233309780030373 0.407763011927899 0.176812509877732
0.00193091361400848 0.0033103262913822 0.17941609259994 -0.128367766276755
4.05317720148998E-07 -0.00203717023304166 -0.145174621120167 -0.150757490846084
0.00713991815362878 0.0184630567580719 0.128158306065291 0.116723146123816
0.000388059272924065 0.00843457464510039 -0.090061706896256 0.12483772360722
-0.0109631913954939 0.00168804194454392 -0.384101497888628 -0.144225816000246
-0.0168709570429032 -0.0252749128207914 -0.10829554550816 -0.580759442600739
0.0348300792644913 -0.0439520293304965 0.654533584315436 -0.425916460381314
0.0192072138125041 0.0218045541792408 0.765608242054333 0.507157668223945
-0.0186900224662005 0.00244889570503339 -0.00977224241028459 0.711530769599664
-0.0146055063923639 -0.013487386668738 0.0477693083181319 0.100823366742124
0.00215417280870011 0.0183045144839934 0.138282940839862 -0.655009422484588
0.00607386186887515 0.00182115106762935 -0.660447412157089 -0.701659954928563
0.00214931480187785 -0.0266999993639299 -0.832186916872683 0.30253115461153
-0.0343417531612781 -0.00848811376690372 0.0344196681275991 0.671736701332382
-0.0224845985413435 0.0250994259759165 0.411990000097101 0.175177072089568
0.00164456898822156 0.00533828159223128 0.178673942638729 -0.128401551692685
-0.00052593116073579 0.000203336873369877 -0.144180852309897 -0.150462083245286
0.00675654677381677 0.0202475863400132 0.126906659100556 0.118006132394181
-0.000991973625738793 0.0101468773342736 -0.093199086666652 0.125560927553692
-0.0107291940164464 0.00248796827170582 -0.381466513215855 -0.146979610669144
-0.0153715029892513 -0.0229283543919025 -0.0936118677481915 -0.58080045399287
0.0385693747220443 -0.041588761902547 0.667662891726752 -0.410536791343542
0.0208422202002765 0.0217770151690577 0.759378157507379 0.522067012654978
-0.0166224908018744 -0.00121588590401502 -0.018130417525404 0.709963268903688
-0.0103718321830921 -0.0177294702269814 0.0497085309608888 0.0953617978432266
0.00575612396284264 0.0146527831291026 0.128784849464727 -0.659060435493921
0.00764351947934819 0.00141220085390112 -0.670835469866009 -0.686921088204127
0.00257325597463801 -0.0248047526130786 -0.819827284296641 0.318226090625455
-0.0329167232110158 -0.00559043055889129 0.0495569994383167 0.67331023758447
-0.0227018362821046 0.0276160704837827 0.414216260660154 0.171000592150314
0.00101258424007053 0.00542256311502361 0.176576474188671 -0.130184998357896
-0.000409018229270777 0.00135197852207522 -0.144793077846727 -0.148723544129622
0.0138047287145664 0.00367981521530656 0.124947079251805 0.118910602798702
0.00401534977878239 -0.00445748839450234 -0.10064061287115 0.12114912281235
-0.00866095829413462 -0.0089463980935454 -0.386926453571808 -0.15287086286649
-0.0254601083345611 -0.0262529823021433 -0.0820913758800829 -0.576869760577811
0.02249928959075 -0.0410762171066812 0.691526985231664 -0.38404386604717
0.0133327736225781 0.0277785328617293 0.759813255821603 0.54469911172092
-0.0232038997678934 0.0221045066796849 -0.0188139065301079 0.705771282484781
-0.0261609606815559 0.0092315664105447 0.0657881514010812 0.0820756520088561
0.000966387560578364 0.0364147122693941 0.125540433972427 -0.669622381945456
0.00210246502113901 0.00490314938590852 -0.686832985454207 -0.665519299958095
-0.0143286380549655 -0.0262257680536323 -0.802963868697663 0.352994351187184
-0.0469923123693028 -0.00972212990092304 0.0717726689159277 0.68167736850105
-0.0185886436360615 0.0145490132303609 0.412350940118384 0.168213925488257
0.00836095170127675 -0.00855031577603091 0.164718954170733 -0.130230983916474
0.0075870367166563 -0.0159914973283395 -0.15190031162749 -0.146251702477387
0.013197062122935 0.00480058324515399 0.1266929926193 0.117194296200631
0.00452980780827863 -0.00325436005958754 -0.0971472544815713 0.121922618243909
-0.00886945384144149 -0.00781341321884906 -0.388968711636218 -0.149186601215817
-0.0260957468804902 -0.0269556537461097 -0.0971915080477099 -0.576844505039595
0.0223901860281567 -0.0425532774793428 0.674505355870775 -0.402320506916734
0.0131726421961498 0.0271594594193179 0.766813953625512 0.529607284318994
-0.0245945809801726 0.0214822827860883 -0.0103956349828119 0.708100197928315
-0.0277495676455055 0.00947408150143051 0.0615875960831825 0.0889565175020407
-0.00184140296606058 0.0365165746514019 0.133887228605053 -0.666148486437449
0.00162309932093554 0.00437998734933708 -0.674589523149868 -0.682051243356475
-0.0127235862383909 -0.0289291774371427 -0.817798687082796 0.334095411112838
-0.0456581815206378 -0.0124766769106945 0.0516729721896804 0.679822417527227
-0.0186575993363778 0.015095368053957 0.409000977674985 0.172426879332813
0.00809537899158135 -0.00730112636301492 0.168786231297503 -0.129642180337032
0.00607311526388638 -0.0141084691815595 -0.150363524207648 -0.147346975345406
0.0115973493165755 0.00710828521783646 0.128184793074126 0.115756520082313
0.00477969422717885 -0.00142105474510172 -0.0931141625644193 0.122671127630306
-0.0101502335828661 -0.00668560508628773 -0.3905971287236 -0.146497577564609
-0.024971037926327 -0.0283404809437003 -0.112040878789576 -0.576604955454527
0.0220913938382065 -0.0439466848065049 0.661936097218684 -0.420388685554695
0.0143254890122702 0.0262696467630672 0.773166967914873 0.51040575705141
-0.0246364159155533 0.020415336201741 -0.00359159040772239 0.711333773198698
-0.0279152252401066 0.00751297431489521 0.0558583444965888 0.0956976736446338
-0.00302811948078708 0.0344909163432082 0.142705721799317 -0.661269228280739
0.0013541732234225 0.00413222206307973 -0.66677740593392 -0.69948167332972
-0.00961601503565991 -0.0302212187651094 -0.830202651816114 0.313356220534398
-0.0421831541159679 -0.0145313306813478 0.0364329129678982 0.67902623388243
-0.0178755032905091 0.0154970615994454 0.406440796751061 0.175610771221303
0.00686075662862666 -0.00487280634674686 0.173406461508565 -0.129149317205087
0.00432641614119984 -0.0117006953850259 -0.14890599800638 -0.148601738315406
0.0108307995522443 0.00937991458026144 0.128510993793893 0.115433468515181
0.00303700934532272 0.00041283944677456 -0.0915380660148673 0.123578711572951
-0.00988887334577669 -0.00471337832517399 -0.392196207105143 -0.143308972314623
-0.0243695107619013 -0.0280127627941857 -0.119970881031774 -0.579034639557258
0.0242810196406473 -0.0450275291116537 0.652262021217623 -0.427464578893485
0.0144618453143331 0.0256561079596251 0.776340163113687 0.501349235945245
-0.02402300778415 0.0173304837869205 -0.000846549221438158 0.711334109178077
-0.02637595623207 0.00250229147172381 0.0520524526758998 0.100231952745922
-0.00211985539109961 0.0314095164155762 0.144336270766407 -0.657392547239653
0.00246960992221803 0.00358189032260187 -0.658830882467467 -0.711969870643697
-0.00604828543666635 -0.031227041469234 -0.840443847443682 0.300060859620208
-0.039671048805403 -0.0156949155437714 0.026396094264542 0.675311205401594
-0.0192892014017073 0.0178181455985174 0.406530931612239 0.17810528688019
0.00591896723129551 -0.00175245014408652 0.176860713927508 -0.128393061920131
0.00323564724247714 -0.00805564680705008 -0.147304893072376 -0.150178113597085
0.00882245188781802 0.0132611399260126 0.128556557249753 0.115640312941843
0.00166055599739378 0.00366313069510534 -0.0898035912225294 0.124090327764059
-0.00985228163048623 -0.00264168806585261 -0.390284061049987 -0.143491864024207
-0.0218676820318138 -0.027607324915184 -0.122514011662204 -0.579433019670434
0.0279009691019475 -0.0456524283341303 0.647377103735293 -0.434350225802357
0.0166558896465814 0.0238542094517834 0.774932490128116 0.494705469040854
-0.0229818860165443 0.012047466800658 -0.0012825231322628 0.712345421312358
-0.022404113350092 -0.00305934741926341 0.0488102907692267 0.102959264700233
-0.00147007931541858 0.026499678106047 0.145950145580239 -0.65632251858706
0.00321032604003128 0.00268050260533368 -0.654878507012905 -0.714063685888694
-0.00272001078407848 -0.0304665606822357 -0.842203341393959 0.292711200595148
-0.037002497238082 -0.0138332911300259 0.0211378076363928 0.675352303447472
-0.0205034664990718 0.019654244640729 0.407407007457535 0.178543247997523
0.00325042327394574 0.00114493606537096 0.179723361830493 -0.128934766312208
0.00137939907301393 -0.00404676541370986 -0.145423338745403 -0.151309209725946
0.00790898999667097 0.0159269099196102 0.128347390701278 0.116305557504809
0.000884562164769075 0.00634045394000377 -0.0894631798996771 0.124103336357863
-0.0103582241655829 -0.0010033325114828 -0.38897572562297 -0.143719589449815
-0.0187404783362787 -0.0263007269120845 -0.117713877458571 -0.579703738390681
0.0312843150058678 -0.0463466106152121 0.650726975982112 -0.430029005437516
0.0173784451331044 0.0223050163867321 0.774057371904065 0.499461994297313
-0.0211387060631037 0.00721602968364587 -0.00417345422031286 0.710954301425447
-0.0187483285152749 -0.00857660651867185 0.0481011249285901 0.103339106658725
0.000669517241519802 0.0216882743368914 0.142007510229048 -0.656166424115949
0.00505147945877709 0.00233923955273609 -0.658947338650898 -0.713524873504497
-0.000674998442620835 -0.0282978148723339 -0.840112451704029 0.294422130582898
-0.034855888423886 -0.0117998709538989 0.0237710031246346 0.674154432031204
-0.0218819879840489 0.0225245781767636 0.4092185922026 0.17787802884969
0.00185874866925032 0.00403644373739944 0.180393421788426 -0.128520740858302
-3.17216650417233E-05 -0.00135220783405801 -0.145021977223043 -0.151040976575322
0.00776327840430311 0.0181639695153985 0.12733145571742 0.117910126171841
-0.000162382047667116 0.00816455919110325 -0.0901860928427611 0.125816283698691
-0.0104632296120349 0.000729377171963705 -0.385562817535514 -0.144704179926195
-0.0163563436146906 -0.0252793724503113 -0.109765146629242 -0.580419798492294
0.0350039223190411 -0.0439100467306282 0.655848143083191 -0.425060478130416
0.0190391469091223 0.0222450995755856 0.768359397191859 0.507192001912643
-0.0186553853791178 0.002162656775765 -0.0109152868102045 0.713608327886514
-0.0144059505260836 -0.0135272846102344 0.0465536131340786 0.100687184163206
0.00328909087394141 0.0186889194296987 0.139096590624981 -0.657016712778086
0.00654947937508123 0.00235087300561216 -0.661876514597182 -0.704342806032526
0.00217071846472013 -0.0267174553246182 -0.835377314515478 0.302006118991197
-0.0344276530021373 -0.00861095378288694 0.0366725829167796 0.674381567155344
-0.0225556432691955 0.0252441056006055 0.413400357701382 0.176544170884945
0.000219285074052502 0.00570380682781546 0.17924776669493 -0.129323436865491
-0.000938845149777822 0.000707937763978714 -0.14477813702812 -0.151114033341671
0.00768338605364727 0.019380466094705 0.126142246453376 0.119134700533242
-0.00121446379384405 0.00921553438094406 -0.0920515975781716 0.125435730268892
-0.0111338414355883 0.00217976177871007 -0.382674136523477 -0.147296867555327
-0.0149503320976456 -0.0236997819783968 -0.0949307342571269 -0.581011740933536
0.0386639983472455 -0.0421236783556355 0.669575200262381 -0.410831829487205
0.0204218380372275 0.0219810096137046 0.761431261259501 0.522807691064609
-0.0166830193368868 -0.0015827980199405 -0.0204171935661254 0.712220495301874
-0.0104188988113491 -0.0181426590162424 0.0492986711597658 0.0954564095404072
0.00590301908650801 0.0149754595388397 0.13087821947412 -0.659576913974275
0.00816060229284975 0.00231944421126348 -0.673135323501349 -0.690362683689098
0.0027215486877029 -0.0246501027445843 -0.821806787188141 0.319981342620972
-0.0329658889619769 -0.00573193270644257 0.0495020976770817 0.674788369520433
-0.0228200466021442 0.0261857704179816 0.416315475244661 0.171314935169981
0.000254028034102575 0.00623619089158207 0.177358050507314 -0.129267250151563
-0.000952413161676655 0.00196866963284015 -0.145309971912601 -0.150102899095032
0.0143535787657364 0.00398485871190131 0.126191673786175 0.11894768952666
0.00398753400391292 -0.00516770689036536 -0.101022356730525 0.121728765750642
-0.0089936530747137 -0.00864844395282032 -0.38938239555851 -0.153645558274713
-0.0262886981284191 -0.0270072279926078 -0.0851694030349502 -0.576228803920493
0.0225998925950536 -0.0413467816990828 0.693004770734705 -0.385740792648823
0.0137152225927464 0.0276151555662516 0.764349113052779 0.546748847451445
-0.0236530300957549 0.0220296702128736 -0.0185277763967936 0.710057728764848
-0.0259978623108188 0.00901351885631043 0.0662373811759139 0.0816012110913275
0.00128101244365191 0.0362148000527612 0.127138593544298 -0.671651998401697
0.0030638831234721 0.00563758140049051 -0.688496399113495 -0.666868834735036
-0.0146537805461858 -0.0262044864360221 -0.808374755240477 0.357143690054756
-0.0468514560385254 -0.00948184830091768 0.0713236783753536 0.684364270364918
-0.0183765612394089 0.0149747442114325 0.415521056687794 0.168171292487624
0.00839457754053185 -0.00838606697378029 0.165515521472983 -0.131702829261272
0.00741563896051766 -0.0160082430517711 -0.152848460638881 -0.146155765432907
0.0129803354603882 0.00490586644578691 0.127630408095347 0.117772469228241
0.00392305755513657 -0.00361026880425707 -0.097325604689296 0.121999389498779
-0.00867728961683816 -0.00878840138695622 -0.391582906002064 -0.14945884512749
-0.0262072146640426 -0.0274423973368428 -0.0999756271192499 -0.579033802445177
0.0220307444442313 -0.0431205648776341 0.676801592608488 -0.404831736369592
0.0136412163113149 0.027886242497016 0.772037347100518 0.528489265923621
-0.0238225851460241 0.022674624322645 -0.00998157160404536 0.710983201183892
-0.0277259529998881 0.00868601209298322 0.0612543622751347 0.0890385531793072
-0.000791858423343852 0.0362133873482888 0.134904384803236 -0.669045209712855
0.00203317651983517 0.00496217749164615 -0.67817416549231 -0.685320756669876
-0.0126276067520391 -0.0287970536979959 -0.822154166662298 0.335214385054834
-0.0454066876949673 -0.0130543880920908 0.0525011260845999 0.68275671224034
-0.0183319447158494 0.0145933340408622 0.412069187501231 0.172011133404929
0.00844720771160718 -0.00649672594791685 0.170196466410521 -0.131227326403469
0.00637175382471441 -0.01404568448008 -0.151696900014877 -0.148894454254178
0.0122733520415683 0.00749755776899416 0.128625059061693 0.116771818031516
0.00325046310822452 -0.00157020959109409 -0.0939603106309484 0.122673948669528
-0.0094870777358755 -0.00666127274178995 -0.393346853416998 -0.146069552702556
-0.0251647808561349 -0.0277389612575521 -0.112709808222692 -0.580801866222147
0.0225434981442223 -0.0445558782722368 0.663040000773354 -0.419761089095949
0.0138363113679767 0.0264586043660818 0.777971634203035 0.511244456987057
-0.02461414233631 0.0203501257768088 -0.0024372920072687 0.711679637830413
-0.0278005597128053 0.00667593417591432 0.0567247819042667 0.0956514468301044
-0.00230473428801539 0.0339050036889152 0.141406741766999 -0.663419159092802
0.00182513156935227 0.00402023374178462 -0.66787618495218 -0.701873157992162
-0.0104290372894625 -0.0298667619513711 -0.835409894072276 0.314327367893033
-0.0430551168129843 -0.0143811825078402 0.0381233134029355 0.682941062929892
-0.0184414443686165 0.0156774871983067 0.410590421455113 0.175350617933998
0.00673433823735915 -0.00414754391844451 0.174168909121738 -0.130265190538236
0.00505879617078301 -0.0113275600641889 -0.149424526229476 -0.149758012405531
0.0106271392702815 0.0101955094719171 0.128695141576401 0.116226429504358
0.00275988477112634 0.000769081060110548 -0.0911341165217771 0.123710679514372
-0.00965543461642966 -0.00478420811940473 -0.394103172425922 -0.143150115192706
-0.0233165535855721 -0.0278512499403188 -0.12094814944637 -0.580767356743076
0.0243699178488 -0.0454881665946468 0.654389313895305 -0.430352994856084
0.0145564848033884 0.0249827131833461 0.778642600802681 0.500227726052849
-0.0243797112159797 0.0161900736028416 0.000758463519446286 0.713243094725783
-0.0267033832708462 0.00217545567638665 0.0520087889955608 0.101807387448025
-0.00200526583406376 0.0310485194892712 0.14436536273919 -0.66094999328146
0.00174795111102872 0.00334413315072207 -0.661284110083383 -0.714812316627284
-0.00645823206326735 -0.0306772382623781 -0.843982445294725 0.301097071403903
-0.0404087110938572 -0.0158812700761636 0.0274471861260647 0.678868407224093
-0.0188642106369904 0.0174355781141439 0.408700017501376 0.17950713528538
0.00528516736750412 -0.00137955752487321 0.177799895810805 -0.129448028516442
0.00268108719958983 -0.0078390127885769 -0.147367047706699 -0.150732261183871
0.00947835718703478 0.0137741996874164 0.12915053664541 0.116127646593848
0.00152295563064644 0.00358402255709166 -0.0897097974105279 0.124598659453084
-0.00968390880057118 -0.00335788026512347 -0.393115257300191 -0.14306575848948
-0.0208581150285507 -0.0269154975533729 -0.124753073562806 -0.581751921010583
0.0276894075763233 -0.0462924305111846 0.650228121921159 -0.435103299327992
0.0157922270058742 0.0240183853362164 0.779617503771829 0.496504807176531
-0.0227913647611796 0.0119717370613212 -0.000796305287116579 0.715984559741043
-0.0235942242793527 -0.00332610241901897 0.0493571884936368 0.102699083006647
-0.00106915799210422 0.0261661118811532 0.146098247051634 -0.658146120745342
0.0030832535653834 0.00381051786734474 -0.659063616529887 -0.716859020014937
-0.00331399819489606 -0.0298851862613098 -0.845830220694676 0.294204251214248
-0.0373497048515263 -0.0136892248028902 0.0228459905910056 0.678939622637924
-0.0205423936661201 0.0201221224084435 0.411076009175848 0.179380484587788
0.00319250870367033 0.0017692951664899 0.180556319038699 -0.129685187626463
0.00171123397623526 -0.00447197784395763 -0.14606404169428 -0.152056917033092
0.00824897362810801 0.0166949824290307 0.128710549418465 0.116925280560024
0.0011425749292167 0.00604529566011933 -0.0889350086963622 0.124614092530236
-0.0103977320290401 -0.00144501125412648 -0.392779314028892 -0.142946444385463
-0.0178518908938037 -0.0266488918287662 -0.119978467759765 -0.581580032530479
0.0313442321502713 -0.0465294036670327 0.651029635874799 -0.434766915382603
0.0172618216944364 0.0224942377668641 0.774621179025783 0.499346112019663
-0.0205619743721749 0.00675560308066611 -0.00433339869440804 0.715113257341701
-0.018928348586595 -0.00903144390150599 0.0479734815661461 0.103736915947729
0.00101341472523879 0.0221577184911614 0.144703840801678 -0.657127905099566
0.00445575875506218 0.00295300608876821 -0.659517366237022 -0.717999806936514
-2.32735268172607E-05 -0.0280263774686026 -0.843594069902261 0.293475448456569
-0.0360674316383609 -0.0110088110601099 0.0258466156130309 0.677608876633482
-0.0220922893722552 0.022857129937738 0.412446170953498 0.177767106021125
0.00138783550842918 0.00454435021937649 0.181791269415809 -0.129917733755873
-0.000644784842052441 -0.0012028819690245 -0.145117364009567 -0.152130825605427
0.00755254353450945 0.0188247452616643 0.128060540702599 0.118445787484482
-0.000391804249367705 0.00797655550969645 -0.0914709847445059 0.124430578771947
-0.00986480434628237 0.00045465334703718 -0.387051210171634 -0.145845557402478
-0.016059508194985 -0.0253124131081974 -0.111426643795822 -0.583536708188668
0.0353805662417177 -0.0450532068325873 0.660001819681071 -0.427103039362175
0.019256085565994 0.0216796438941274 0.769691239004734 0.508407460176687
-0.0191998837085853 0.00175954088799762 -0.0101339677978165 0.715354021690058
-0.014668471541311 -0.0144271237849341 0.0473433695773184 0.10107600445616
0.00414799029649964 0.0178062224527969 0.139045592981363 -0.658515372637637
0.00714903760051009 0.00291518953293311 -0.665287273483563 -0.707664317581249
0.00221130618829494 -0.0259617933754197 -0.83930542669224 0.304413897214656
-0.0348707761357842 -0.00922457490503362 0.0378379536817961 0.678693547013057
-0.0229636457507036 0.0251744145018791 0.415388707650573 0.177205214244089
0.000336008441968518 0.00630937406868833 0.180454048905449 -0.13035096871133
-0.00155679238145713 0.00153791550089112 -0.145520092170832 -0.152036150896731
0.00812774599521242 0.0199417731590801 0.127189203045068 0.119858638611785
-0.000996702188928016 0.00860769480528221 -0.0924181589016411 0.125797537802243
-0.0113990414250272 0.00239365583062569 -0.384387462028629 -0.148407129996333
-0.0140730352974781 -0.0233686607582146 -0.0970985149524015 -0.583546039224358
0.03793390184728 -0.0429780960223095 0.672347371683304 -0.413762862576482
0.020266451501117 0.0226255943307415 0.764631686307071 0.524126639369065
-0.0163300083945236 -0.00149414342464054 -0.0192051099694031 0.715773930951006
-0.0102528288095018 -0.0180610864021836 0.0497912376123969 0.0958095459337125
0.0071031796866597 0.0154141219976503 0.131683048271649 -0.661195364604505
0.00774683558295895 0.00257468840387805 -0.674069264674206 -0.69401494823542
0.00343892336114314 -0.0246468593637258 -0.826806304349876 0.322680655759864
-0.0330818041146007 -0.00588629713525975 0.0521210837606055 0.679213654554204
-0.0236331602527242 0.0270284045695709 0.419040564753067 0.172301662927806
-8.05416593932708E-05 0.00705795559685155 0.177219044698933 -0.130893158015822
-0.00128331176274915 0.00173418129128777 -0.145892346590681 -0.150520548284149
0.0141493680646329 0.00358178172235111 0.125481023504169 0.119938030468549
0.00397867078031844 -0.00595335785317683 -0.101246638242565 0.12220952527604
-0.00881892350808818 -0.00895726946334749 -0.391767995240399 -0.153584262898904
-0.025788196040401 -0.0257317698654622 -0.0867273988197768 -0.580432458012399
0.0222216072361947 -0.0419456877741304 0.695765763587723 -0.390175861420835
0.0135913985612891 0.0282084429491463 0.769198508360046 0.546678442706212
-0.022819443788052 0.0220470915696334 -0.0166272819802498 0.711777401838613
-0.026122256000823 0.00851088693350207 0.0660475542331639 0.082992131922198
0.00167149292300342 0.0367117590407561 0.128169107914208 -0.675852924111097
0.00291348969665067 0.00550858575967778 -0.693742354715525 -0.671655587218157
-0.0143735816380804 -0.0264818131216558 -0.814220934847977 0.360800685497572
-0.0473348472048104 -0.0102261262784591 0.0752506980248763 0.688933659028714
-0.0188507869204578 0.0146794368873887 0.418446430448048 0.169310474226943
0.00875680977025804 -0.00813916210056242 0.166049482949118 -0.133259626920536
0.00758189514388969 -0.0148620990006745 -0.153107899693236 -0.14830365924421
0.0138511071515596 0.00533973250847383 0.127804326496221 0.119472974957867
0.00391117388165044 -0.0038406345482723 -0.097712256785465 0.122486375587313
-0.00939418709367524 -0.00821769419558391 -0.393705220746562 -0.149858904897539
-0.0262819071392624 -0.0269783045345638 -0.101773855978634 -0.579377617986928
0.021934610631504 -0.0442001888247315 0.679819390145127 -0.407734110397708
0.0132974834353031 0.0276104981102677 0.775308173268753 0.529384421973887
-0.0240246429635213 0.0219641924663008 -0.00886373505687081 0.715108091001546
-0.0279465558985214 0.00875714512897551 0.0615237374530732 0.0890956472190031
-0.000648820754525242 0.0370157314986781 0.134690548429217 -0.671696867404388
0.00189618655835568 0.00502225063361916 -0.683851330553696 -0.688837281608814
-0.0129365544556402 -0.0286096187884464 -0.826763475962681 0.340614750550944
-0.0462642648033595 -0.0135099051445903 0.0553988222125227 0.688067250687135
-0.0187447820281471 0.0144905094495503 0.414812798345316 0.171932507746894
0.00795303419828709 -0.00680425200487769 0.170333257676267 -0.131889854364879
0.00699240931480759 -0.0140092745309607 -0.152507280781396 -0.149020686128457
0.0127135448264468 0.0075295674219773 0.129418132155886 0.117935162294703
0.00287873383081597 -0.00203765006446319 -0.0933785089899975 0.122959677337919
-0.0100793189934853 -0.00690134057224872 -0.396821069034845 -0.146163510054051
-0.0249988198178062 -0.0271059055534316 -0.115544681854415 -0.580232522269827
0.0217691109068635 -0.0452872202114446 0.665202923287134 -0.422707810736539
0.0139538798640516 0.0269524204012223 0.782292574901906 0.512463429185263
-0.0240967282715738 0.0202072964989905 -0.000800296973548523 0.714827619570473
-0.0282941687173587 0.00680395863802451 0.0569461445316232 0.0969323898357508
-0.00149007668748753 0.0347096091020471 0.143451424159856 -0.667484252815363
0.00183920092563358 0.00464447813422474 -0.674755293424238 -0.705379396777401
-0.00981932845061475 -0.0305150751849458 -0.83976666814978 0.319032514063178
-0.0428500859138972 -0.0151826996888246 0.039550629356326 0.685927882842449
-0.0190329041630306 0.0157979207438766 0.412886114397934 0.176711078895278
0.00633578601782768 -0.0039830634832599 0.17547589392282 -0.13199673039618
0.00495784961092713 -0.0104486786809044 -0.150802556415394 -0.1509969581112
0.0107326090476085 0.0100191779075651 0.129319126164371 0.117491893743827
0.00213381334064432 0.000508556466750518 -0.0918639214295344 0.123992975241724
-0.00950237608705825 -0.00530500341211757 -0.396986539588134 -0.143383498614446
-0.0232281612759983 -0.027637922421666 -0.124848089380025 -0.583523844684245
0.0248451770185725 -0.0458745458228496 0.65763988949409 -0.434382226067636
0.0149266568928767 0.0252604556956652 0.785567219149524 0.499812806694203
-0.0238125887168496 0.0167036388338133 -0.000400169359809777 0.717910244587065
-0.0264770975076124 0.00239278451407929 0.0526014405082173 0.101678230537911
-0.000883801544287504 0.0312120510171618 0.144903132706254 -0.663318859323993
0.00213184858847407 0.00409556902245028 -0.664681437983574 -0.71795483521231
-0.00662698128976594 -0.0298425625070493 -0.847808584495278 0.303446977827803
-0.0406590328864137 -0.0155192283324214 0.0306790712116326 0.684346538675237
-0.0199029138086032 0.0178454982553729 0.412680078982449 0.178257856129048
0.00476031485561895 -0.00057029756013547 0.179029255634957 -0.130182084087046
0.0035413139566478 -0.00700938268498303 -0.148204077831729 -0.152044110264632
0.0091455196834618 0.0131860048012968 0.130309931900814 0.116558535458941
0.00184555245033229 0.00347290785464834 -0.0897202866011132 0.12498672966513
-0.0103176012397457 -0.00358587026639603 -0.395836432162894 -0.142289611641333
-0.0204315201764414 -0.0271596472540233 -0.126849546420146 -0.583602935685766
0.0273126462172513 -0.0470876742303444 0.650207010649395 -0.439907922006005
0.0160397142812829 0.0237419771249896 0.784051118894686 0.495468738998608
-0.0232261891023327 0.0119176356237878 0.0012552346166981 0.720500710466344
-0.0229824577208876 -0.00292787124529643 0.050754290780104 0.103970279900719
-0.000655787724684508 0.0268828536848356 0.146917909712048 -0.661876267162995
0.00331019753245715 0.00441861871257763 -0.662733716641367 -0.721020653014264
-0.00260125308530415 -0.0292813115675151 -0.849385805212567 0.297239634481046
-0.0375388519121821 -0.0139382452467674 0.0254319403050599 0.682713056590571
-0.0205915624348872 0.0205508329066666 0.41465963018673 0.179129076994294
0.00243296268375936 0.00240748566270574 0.182322269395768 -0.131312075637007
0.0015359097426826 -0.00358102089110365 -0.146985646277037 -0.152613522055082
0.00862230008748353 0.0160837038271983 0.129711544756567 0.1186478389059
0.000283331803921204 0.00597475109899515 -0.0896460919709732 0.125745456595124
-0.00998590765464737 -0.000496414698062372 -0.393931667112669 -0.142157063603572
-0.0178335743124735 -0.0259949157117071 -0.123646196718428 -0.583877477848955
0.0312281204701128 -0.0468134676315012 0.65369734931707 -0.436436530177168
0.0176933327216618 0.0224684584275462 0.781029720126651 0.498683656624878
-0.0212211108030237 0.00671628984386238 -0.0023783395542821 0.718167155022477
-0.0191899607269894 -0.00891910186563644 0.0477981152083357 0.104462874684236
0.00178756038486595 0.0221556399997202 0.143772679421507 -0.661131058631239
0.00413161245579977 0.00321978850637988 -0.666680790786334 -0.71957893725195
2.45809718509554E-05 -0.0279620092967976 -0.849231634965806 0.297449525791256
-0.036039388465485 -0.0124609153263173 0.0285570711170457 0.682672952715273
-0.0227677554288068 0.0232955188574287 0.415818812317097 0.179999344035013
0.00125530602130705 0.00492960289947466 0.18171074087979 -0.130785708887856
-0.000107632286024922 -0.000621025431581716 -0.146233138690424 -0.15277385054509
0.00765527912542207 0.0194854382241806 0.12858173962716 0.119374899384574
-0.000700196217592841 0.00758547256920841 -0.0900131171903402 0.126323984336588
-0.0110183422978969 0.00101933650941062 -0.390288050808883 -0.145646821404416
-0.0156009024911675 -0.025297567787424 -0.114905380725923 -0.585618149552977
0.035075745115609 -0.0454931423468505 0.65996834201794 -0.429948484679012
0.0184170415595222 0.0221004979986334 0.775497701678852 0.510040569872463
-0.0186912712609848 0.00217522740243091 -0.0087905471343863 0.719649047843325
-0.0151277387389965 -0.0142185415451298 0.0474070058598796 0.102093104759657
0.00450332208834241 0.0181759208979477 0.139967746242108 -0.663586905971682
0.00679569251529427 0.00282443911201185 -0.671153601669067 -0.709652233592103
0.00213169150687656 -0.0259825873026596 -0.843607277635583 0.307747374981179
-0.0347435377648474 -0.00884974083136276 0.0395782341126023 0.683905379969764
-0.0232872410938317 0.0254362004302649 0.419257723966549 0.176768425023191
-3.31698357413004E-05 0.00675150058575962 0.181902769587985 -0.1318672585593
-0.00134747105935865 0.00194364848690999 -0.145745180975479 -0.15233760360228
0.00725915948825046 0.0202392906412811 0.126820335095357 0.12133558786779
-0.00178920116241271 0.00879529408875684 -0.0922926047303904 0.126288477739553
-0.011284376450381 0.0022301500459689 -0.38790846544876 -0.148006985880972
-0.0135150065659817 -0.023009443547981 -0.0987252779150649 -0.584491446345237
0.0379198586290719 -0.0427630509974609 0.673429660375866 -0.418590720607863
0.0192545039351938 0.0228080106963679 0.769370233033313 0.524517452626099
-0.0170948225541576 -0.00159620611238226 -0.0187489888852635 0.716969063644885
-0.00988480615804476 -0.0191210290646914 0.049825830941548 0.096477062094273
0.0083396755533223 0.0145541898131837 0.129306216354161 -0.667934462818648
0.00843007461992545 0.00265491946084297 -0.682770361221915 -0.697340576030571
0.00298776796919639 -0.0241339278622912 -0.832223251675634 0.324654450041468
-0.0337761149436046 -0.00632476050780092 0.0543073481913743 0.682169487257247
-0.0236254016593093 0.0264688255054009 0.422231551324548 0.17381028106729
-0.00059328950984665 0.0077971522297353 0.179256440962628 -0.132407825685327
-0.00196674801037371 0.00264404706449313 -0.146648199476213 -0.151388371077533
0.0153764645049149 0.00374201970599627 0.127242683160098 0.121269612351546
0.00401166742437554 -0.00515821981518083 -0.101425874868745 0.122449960564708
-0.00862021938767313 -0.00925425973806407 -0.395375521929019 -0.152436799298233
-0.0260831202838449 -0.0257362255103012 -0.0895100775846909 -0.580345314446329
0.0226543675826748 -0.0426456775261218 0.698661492553373 -0.395170963861021
0.0137029356427726 0.02860391018448 0.774731179405036 0.54608412112695
-0.0231763858210095 0.0221066025976061 -0.0150629624662528 0.71558938242137
-0.0265797119119209 0.00898898592843215 0.0670342089491122 0.0829592922080861
0.0029996478462289 0.0366299765584918 0.127376288034247 -0.680915712210737
0.00295426548634913 0.0065025226309325 -0.70130377323647 -0.671842437464014
-0.0142874751764343 -0.0269220454452989 -0.818185176200683 0.364348750340309
-0.0474209222044501 -0.0111801877035037 0.0791004388309291 0.694061553835377
-0.0185987880305727 0.0152018066560524 0.421552630424496 0.169065099518446
0.0073590352715175 -0.00752842091726874 0.167214242251152 -0.134233562630781
0.00806174122632645 -0.0155408406019669 -0.154895578616951 -0.147536712957943
0.0145904299582829 0.00473432640718367 0.128344930768274 0.119520475368599
0.00376075789339607 -0.00440324821802464 -0.0975318357891077 0.123787540790573
-0.00906529071138297 -0.00874323389793117 -0.397215715954183 -0.149580787479811
-0.025920923803522 -0.0274868559011662 -0.105650097379935 -0.582844272700915
0.0218144090002456 -0.0441141185949781 0.681721021853538 -0.41308166102344
0.0130974261179677 0.0280548268475715 0.782072888465361 0.528754478194685
-0.0241231507977272 0.0216145129692106 -0.0076610433236471 0.718008654104639
-0.0285294198442391 0.00899038975666811 0.0624934927072118 0.0897229619034661
0.000376065000972658 0.0358639622005391 0.133896616316348 -0.676175526348081
0.00170997828924687 0.00574821343246378 -0.690384570366944 -0.692378201745465
-0.0127470850224613 -0.0287871407790856 -0.833234471607375 0.344065837560723
-0.0467452102472697 -0.0134043992202932 0.0593908622220502 0.691632883744842
-0.0189033657709065 0.0146963983626036 0.418588212061554 0.172342074267811
0.00675935904841352 -0.00610049586356049 0.17185233205632 -0.133054264888866
0.00667442878744195 -0.0137288960819138 -0.153880095578479 -0.149820245632544
0.0125858839744114 0.00762552984463787 0.129577953390515 0.118405040034086
0.00277669928086797 -0.00233643574245687 -0.0935688688434076 0.124080759633135
-0.0094450130895092 -0.00685864618273596 -0.399437722745945 -0.146216000871895
-0.0247027243320813 -0.0280539562901255 -0.119077608333036 -0.583690239590127
0.0222552150163065 -0.0459793857954786 0.667104915441783 -0.427866071532686
0.0142620847396814 0.0274519222029015 0.787815681157317 0.510459017582993
-0.0249870799524499 0.0200312423847369 0.00157982502599985 0.721299401145157
-0.0290182615712116 0.00679119731965294 0.0571308607309871 0.097145215305642
-0.000605909817507355 0.0346152840692758 0.142785863001423 -0.671568158818045
0.00162327016824099 0.00586497253380963 -0.681439372927912 -0.709114105287789
-0.0100574225272045 -0.0296873697276124 -0.845679680312346 0.323750918584709
-0.0429350411313631 -0.0149927174191502 0.0431594201586316 0.692349820680337
-0.0193329221948441 0.0164000871904609 0.418485143382962 0.175613333883936
0.00596191991787315 -0.00362095044450259 0.175632148404945 -0.132610964112382
0.00487937735979279 -0.0107642261516127 -0.151986584577988 -0.151622173734245
0.0114100466065948 0.0103109315370135 0.13047751825327 0.117892220143026
0.00203668864143816 8.69957610439391E-05 -0.091465149943098 0.124555511522529
-0.0101145721741331 -0.00571914891720167 -0.401370013467634 -0.141713717342552
-0.0229325149861294 -0.0272482916387941 -0.129156007283341 -0.585861028075213
0.0244567273875649 -0.0473187356197936 0.659593879843457 -0.4393579909798
0.0148800759639451 0.025874878249049 0.791035412759513 0.500681153057995
-0.0240861293535329 0.01651260111569 0.00263354346056265 0.721045828477783
-0.0266850279227908 0.00221456131339409 0.0536126471561976 0.102047987879699
-0.00101613566823104 0.0304326743423216 0.144245313089913 -0.668546463482678
0.00274942044104168 0.00501576887834732 -0.67274965343138 -0.72086601519147
-0.00612864967913592 -0.0304652561765327 -0.855134134215404 0.307583233316408
-0.0407313438624205 -0.0152827024915238 0.0349470974926984 0.688789788473641
-0.0196872783266727 0.0182781864789011 0.417096690003597 0.178660872233216
0.00497486815049325 -0.000531071263379507 0.179428065151867 -0.132902454908861
0.00327116314871595 -0.00705765623170277 -0.150693158160486 -0.151528701085745
0.0103903223491185 0.0132361201355434 0.130267677938444 0.118142202949998
0.00158037528681982 0.00302643945883626 -0.089549337172769 0.125822881571917
-0.010020795358087 -0.00289468109503496 -0.399664013363157 -0.14234567238908
-0.0203269770906966 -0.0270394544453119 -0.131201929967417 -0.585977087538512
0.0265249591211463 -0.0475138935342278 0.652970171609345 -0.445356331271866
0.0156152927208871 0.0243256308546373 0.789936699016144 0.496443817855638
-0.022841068651045 0.0118461532193606 0.00486941827181978 0.723012188295906
-0.0232204753093248 -0.00354251428084367 0.0495816647806734 0.10559974712991
0.00027478397309089 0.0264215107771562 0.146376168875474 -0.666037370660098
0.00314651855141786 0.00451306843715283 -0.66951004101822 -0.726292337390726
-0.00341454751016207 -0.029608986318221 -0.856353754462109 0.302218184350366
-0.0381345461717913 -0.0140538962848736 0.0300266432610064 0.687393388712923
-0.0212110769971758 0.0205122760464683 0.417963642018198 0.179301361272719
0.00182389126455387 0.00298857148608981 0.182820444868891 -0.132557963396475
0.000719203010125564 -0.00313342389600013 -0.147742714320276 -0.152848324991069
0.0086358041925571 0.016628714865585 0.130028636773517 0.11916410252968
-0.000222593040794622 0.0061369616081863 -0.0896887833220148 0.126274025225212
-0.0103726859366157 -0.00154550726300594 -0.397280820427088 -0.142521791608283
-0.0174432296173362 -0.0260375976153378 -0.126368064311623 -0.585696271725616
0.0311004042273204 -0.0472950216606334 0.655741907889252 -0.443212992879882
0.0175460843611831 0.0232970654315552 0.786320348799895 0.499957572888133
-0.0213901102693323 0.00587081796456217 -0.00185665840626719 0.722349136097215
-0.0187613303886455 -0.00960072721562017 0.0484545781788138 0.105179710854728
0.00293477466915144 0.0221029162661176 0.143790438527254 -0.665438870778523
0.00557166725545249 0.00349674190068307 -0.67256313709273 -0.72535199791482
-0.00034341898731273 -0.0276891468541215 -0.854886974580762 0.304122591687225
-0.0364331583020159 -0.0118508514826584 0.0307789938582476 0.686445832057609
-0.0221366074392911 0.0232765478238289 0.420203951907219 0.179235299141856
0.000692334365554577 0.00621549681923762 0.183527468825487 -0.133185620210328
-0.000438387923905288 -0.00043717282659452 -0.147431153001026 -0.153043802350479
0.00858183575760205 0.0195352682235602 0.129631780923448 0.11978653809534
-0.000549057743941357 0.00756948731777701 -0.0901585909721919 0.126635713566358
-0.0100497212554809 0.000340886273901471 -0.394212358756182 -0.145160097165424
-0.014801810612108 -0.0254653167816936 -0.117298777346602 -0.588259552699219
0.0349104557715819 -0.0461347079034739 0.663765412501899 -0.435008403538824
0.0190080416501686 0.0222602075179484 0.781736664904544 0.507762971801536
-0.0188499883344021 0.00138915983727731 -0.007563229364595 0.722242557297695
-0.0148078175761201 -0.0148588590635144 0.0486332104079644 0.101807193244927
0.00565823643540714 0.0181010692059974 0.13787561561364 -0.667285217225281
0.00771260911366113 0.00348057994245091 -0.678346818955757 -0.715570902396579
0.00252165806901265 -0.0261201116221968 -0.850483893814095 0.312334581270768
-0.0345112659755292 -0.0101734129501856 0.0430341502280733 0.687585774093012
-0.0236357415992268 0.026552267195955 0.42377190849615 0.177341670749716
-0.00122322684336469 0.00783736181610319 0.182675576355122 -0.133627362426735
-0.00183913639331456 0.00156318814736578 -0.147053336213517 -0.152660829150136
0.00819003022386054 0.0204668489052848 0.127945446453327 0.12224120872086
-0.00238529058048439 0.00893157324453173 -0.0922141011219669 0.127009108746023
-0.0111304335570015 0.00225501877673771 -0.390481252611015 -0.14767047893784
-0.0138291288430149 -0.0234593044616834 -0.102511007588059 -0.586653251813372
0.0378122389876764 -0.0438582844160877 0.677446022363243 -0.421394808626502
0.0200272120531164 0.0223753061912595 0.775618722573228 0.524210086440095
-0.0167282820107559 -0.00223935471778965 -0.0164677162094356 0.723471994888332
-0.0102471626476215 -0.0186157992937317 0.050165148646605 0.096926004490505
0.00900125109004036 0.0144267249155055 0.129412774556566 -0.67033118344117
0.00839325774135157 0.00341902077078683 -0.688588918915817 -0.699872502189584
0.00360024843231807 -0.0240575284894927 -0.838305994706088 0.329684229004291
-0.0335175933542626 -0.00636055460897928 0.0575470280798311 0.686922810357258
-0.0238312655740811 0.0278099921158072 0.427615538263205 0.173229094896434
-0.00131984774997136 0.00847459883328163 0.179528387046508 -0.134455133878179
-0.00228564200771605 0.00330048395101133 -0.147613386340298 -0.151747995900069
0.0155051950653235 0.00355417006365475 0.128469409865633 0.121864195780331
0.00311871459231854 -0.00617748281068224 -0.101724057340608 0.12435186965366
-0.009033013387738 -0.00951957834739571 -0.399015682813578 -0.151626318644459
-0.0259974046409619 -0.026258977579822 -0.0952120160201895 -0.583926787491213
0.0219118768809059 -0.0427956633836719 0.700037916809783 -0.401449033861419
0.0132659892569286 0.0289156294793852 0.784317466876544 0.547461700278702
-0.0225096932138063 0.0214126947771811 -0.0110709984937197 0.720628490102453
-0.0270569994612898 0.008655719124916 0.0676216109793301 0.0834187826300559
0.00356268373723254 0.0365601757465145 0.124854610181097 -0.686658613881743
0.00289365989127559 0.00684878658827477 -0.709372718467922 -0.674856848379278
-0.0147257770863541 -0.0255299346578343 -0.823240692490434 0.374051093706303
-0.0487722374075599 -0.010010397183542 0.0839530776616827 0.699279233107951
-0.0192662705116375 0.0157065437982611 0.426952872511355 0.167677460404904
0.00682093377802489 -0.0068195280917615 0.168279958208864 -0.136306873651611
0.00779431341359349 -0.0145198328803591 -0.156075922911214 -0.148010301386272
0.0145016654348026 0.00552408546632755 0.129817816821073 0.12032375872519
0.00348742745752342 -0.00461568664801788 -0.0971665891687911 0.124224726715912
-0.00952085849549819 -0.00934452531212994 -0.401559764808305 -0.148001455289502
-0.0248675413879432 -0.0279670465726966 -0.110798102853596 -0.586431859864319
0.0210230296196026 -0.0451466766096437 0.684062742275344 -0.41897789660945
0.0136059198190745 0.0280014534795088 0.788965556245976 0.527662876165734
-0.0242654258732299 0.0222422002711492 -0.0039857219743281 0.723488401472084
-0.027679105343163 0.00918381526557662 0.0628617557064041 0.0900641792539885
0.000909575924779377 0.0358812051722871 0.132017316589937 -0.680675862286197
0.00214045171603865 0.00708027472412448 -0.699124159347885 -0.693170810412141
-0.0126973810757901 -0.0284458565542074 -0.837036729567201 0.352161524436299
-0.0465150156498687 -0.0133449979749585 0.0652428627566927 0.69724804303413
-0.018425500831916 0.0155926745878148 0.422589472643869 0.170731604982972
0.00703976871495928 -0.00479901444051284 0.172054780746998 -0.136445006443935
0.0063927368682048 -0.0130412348298321 -0.154719995163479 -0.149721483570727
0.0133970018103434 0.00680475219318993 0.131737587746184 0.118871964737883
0.0026682257888368 -0.00160060983752961 -0.0933655516413957 0.124327751820325
-0.00958230806738988 -0.00700730043787089 -0.403387957839635 -0.14480607893719
-0.0243390613104731 -0.0279867925215872 -0.123853769877743 -0.58573494501143
0.0220515934741036 -0.0464774599500188 0.669414705663462 -0.436708640955332
0.0138923588433466 0.0272853693110848 0.796829463154572 0.509125785131327
-0.0243927930104805 0.0204804270305047 0.00522207991918668 0.725759225235037
-0.028701758321782 0.00656649124826107 0.0581958060588502 0.0977830768189704
0.00019955781658381 0.0350550761268492 0.14007118801341 -0.676610210190302
0.00179613198429199 0.00648587980497458 -0.688337425657035 -0.711929886431268
-0.0106754438274691 -0.0293438862668596 -0.850149450362112 0.330810860236989
-0.0442909760059831 -0.0154735172642967 0.0484958765188387 0.698452960445029
-0.0190849836465239 0.0165825274490112 0.42221022536703 0.17498306178906
0.00539269772949108 -0.00285984585065252 0.176437222266302 -0.134825866197456
0.00490635216780429 -0.0101758138210888 -0.153412169751835 -0.1510196091777
0.0118847702906235 0.00981165197331496 0.131346388558628 0.118637747616828
0.00166248614808663 0.000255964449438305 -0.0913535425042174 0.126095193772833
-0.00972981395164554 -0.0050833030869879 -0.406116143730984 -0.142161157286363
-0.0228359069606148 -0.0275899081730396 -0.133228551068871 -0.587193441979965
0.0238693344242751 -0.0476030893540989 0.660661635702332 -0.44390939220347
0.0151601793791164 0.0261426235931903 0.797394125650379 0.498903985501137
-0.0246004965343397 0.0160561133215335 0.00629612441878387 0.725960558268017
-0.0265721847687258 0.00235915537285991 0.0536300943954277 0.10285874536113
0.000303435289041511 0.0309560932815354 0.142288701993581 -0.673616116681869
0.00254969490478969 0.00530442084787859 -0.682037320983761 -0.721573722171897
-0.00681492055521146 -0.0298712453032593 -0.859400588453012 0.317346324166785
-0.0412342171315085 -0.0150241092059951 0.0399732694663317 0.694590648379805
-0.020013414276034 0.01790472691903 0.421830826454282 0.177195069713765
0.00432885582568176 0.000625046872503667 0.180874933258585 -0.13537063966327
0.00283585022916782 -0.00645638102112483 -0.15156945076382 -0.152279850353811
0.00970165164254603 0.0130767078913461 0.13135647045839 0.119178130446598
0.000709473690211284 0.00316602084392025 -0.0900329331276463 0.126242933080521
-0.0098722661335729 -0.00430665425722274 -0.402766715782882 -0.140754907271196
-0.0203088474415019 -0.0275961589618737 -0.136496785659469 -0.587969561232944
0.0274584229811833 -0.0480822829308714 0.655224863049928 -0.450539802984398
0.0158325082341118 0.0244842780528196 0.796895149190559 0.493328291550164
-0.023132160820027 0.0123213500134678 0.00824982897597869 0.72705481111363
-0.0238697252987468 -0.00383175881349236 0.0505560386056387 0.105190877040996
0.000960946632823756 0.026414384147623 0.143179340226277 -0.671052794655999
0.00374028524662754 0.00485488427230419 -0.677734774400085 -0.727061488534086
-0.00336952195459482 -0.0300814322671071 -0.862062843208744 0.31055320771575
-0.0390052343411758 -0.0143551128600794 0.0350650999001765 0.692098410075151
-0.0206563614274774 0.0208000985967394 0.42289999765449 0.17846900797467
0.00206963701583868 0.00401151319295752 0.183484914157981 -0.135363649535965
0.00100926848948239 -0.00296624810686308 -0.150337387840483 -0.152921961127332
0.00918834750875632 0.0172403464143194 0.131073105313465 0.119510754348217
0.000520728385792505 0.00589471444065931 -0.0888711644799819 0.127204776286205
-0.00979492409351375 -0.00224331184341153 -0.400723951149347 -0.141841540734973
-0.0179713154416856 -0.0262397364371801 -0.132127283488247 -0.589318172400658
0.030363709637854 -0.0489176377411838 0.656296668708233 -0.450599837897022
0.0177502411401535 0.0231890719068652 0.794386635066945 0.498331954207596
-0.02110167444865 0.00631717359946889 0.002494141281349 0.729312390053907
-0.0193214121008293 -0.00954975097191907 0.0492658421113617 0.10566440243851
0.00309410495072295 0.0213826617694989 0.141663642776487 -0.671490837452053
0.00516933668472842 0.00483425149400749 -0.681504580009859 -0.725055770769298
-0.000534771684622112 -0.0277368934436752 -0.860873899356833 0.310465334452665
-0.0365364295883498 -0.0118297165298598 0.0381401551190835 0.691139090673195
-0.0227951262525756 0.0236525608322976 0.425296122579414 0.17658195121647
0.000678530466405375 0.00692098939154512 0.184082941969695 -0.135670295186875
-0.000275977986900757 -6.82102051982984E-05 -0.148938873970468 -0.153216166262988
0.00846932825565386 0.0197775692121436 0.130545958033016 0.120112343265524
-0.0013799052086998 0.00796056252381371 -0.0897041076767631 0.127243811590588
-0.0108557195860922 0.000216387684046851 -0.397596968227981 -0.143326167779335
-0.0153817669760143 -0.0250526283164711 -0.12248574310334 -0.591686485191326
0.0346607818906438 -0.0469445639102128 0.665198773881882 -0.441161513121884
0.019080034673251 0.0226460804285534 0.787314936302883 0.507296461940346
-0.0192796769838137 0.00118473762864711 -0.00278670355573592 0.729241827441102
-0.0147566548116579 -0.0148501448119951 0.0496958707576706 0.102856176568572
0.00606111189899133 0.0178282248215604 0.135427801875892 -0.67232150034044
0.00701179886969967 0.00389454128194045 -0.687094872257922 -0.716667239443528
0.0020864513454928 -0.0260818051827602 -0.854197645385119 0.318776958771882
-0.0346257833613681 -0.00947961754248128 0.0480540871993081 0.69191583359904
-0.0242235180923371 0.0262384415328423 0.427921934486622 0.175557993333391
-0.000592617078194758 0.00877370492917373 0.183237351011285 -0.13597313452015
-0.00115459863436801 0.00220322195251285 -0.149345027796494 -0.152981893683124
0.00822329992727048 0.0201754051202249 0.128826711790476 0.122472930283782
-0.00239242995738274 0.0085614362572361 -0.0915001083427982 0.127893172498751
-0.0117787356315486 0.00132927935312058 -0.393540657157102 -0.146158741234339
-0.0135077187363613 -0.0230946545897979 -0.107683869723329 -0.590136303372961
0.0374946738502311 -0.0443828170799269 0.679487264381269 -0.428317108886434
0.0199511414421286 0.022973563157888 0.783801870672366 0.521549323865828
-0.01663038122633 -0.00280287037837658 -0.012608408035027 0.726960416325755
-0.0100539369116187 -0.0195433463019501 0.051569150390909 0.0976860982859632
0.00920800391308699 0.0138518991378048 0.128304062107452 -0.676477515046495
0.00916679564750595 0.00386001179870078 -0.696694023735514 -0.70140878804113
0.00339230466853593 -0.0239006773777813 -0.84325720480241 0.337629089021465
-0.0339090177341055 -0.00644864496890678 0.0628464905084512 0.692024410935562
-0.0240530284772619 0.0278034600394409 0.432503558769142 0.17149096222545
-0.00196134552291647 0.00918654330938745 0.18032289148392 -0.136971784069877
-0.00201311076147678 0.00330707947632981 -0.149881866405246 -0.15148328380597
0.0160253605344586 0.00315178501036566 0.129567656272412 0.122193087464135
0.00284238941091275 -0.00658035055323324 -0.100353055132213 0.124893760647515
-0.0088247591420323 -0.00981831550448355 -0.403943901221647 -0.149824176898368
-0.0253416666323497 -0.0266757094611812 -0.100286543883937 -0.586814323723221
0.0215184755984064 -0.0439499937396442 0.702281906181837 -0.409604876854856
0.0130065131189947 0.0290192219086755 0.791618781311999 0.543581986197224
-0.0224543330768409 0.0211600205710921 -0.00594612591077432 0.725581366087629
-0.0266588616756499 0.00820292535717093 0.0686152796719067 0.0831259830546887
0.00433931478569856 0.0360946289220161 0.122153427583773 -0.690212731662654
0.0035721628047079 0.0075872257966666 -0.719415497427257 -0.674448010430493
-0.0150291394864453 -0.0253765760178186 -0.826597899435158 0.382693053553706
-0.0489033053321271 -0.0110138357566124 0.0917753888817386 0.702553908874837
-0.0191663410887434 0.0164233786451048 0.43182086390895 0.165265537096289
0.00691961992750736 -0.00522545709826576 0.167846549996529 -0.13854488833143
0.00819073245220364 -0.0142468659389347 -0.158472466967026 -0.147953123594004
0.014479818937659 0.00478867509962912 0.131087729718128 0.120697958199376
0.00299999874669495 -0.00452849912885815 -0.0970835426459379 0.12433445344825
-0.00913106758850079 -0.00905605391102426 -0.406546515454283 -0.145980966904908
-0.025397403748671 -0.026911659315845 -0.116609653052815 -0.587958273010361
0.0204979491036578 -0.0464462277143626 0.684099771543346 -0.427020996493785
0.0131216105987102 0.0285235588675471 0.797975429694522 0.524299873130684
-0.0238560843563064 0.0226844799167334 0.00257026241185301 0.726952547648476
-0.0286695882535368 0.00901152899088902 0.0646055401143568 0.0906491720886975
0.00214584529698901 0.0367049380996498 0.12797670115944 -0.688017596528478
0.00234195030735954 0.00690518582534318 -0.7085268660679 -0.691950767128547
-0.0136638427654519 -0.0275668587162665 -0.840940451011839 0.362068213373177
-0.046733481201795 -0.0133720583502301 0.0727534044446864 0.701969411588763
-0.019064487790828 0.0155346868454278 0.429159551580511 0.169056150404897
0.00697494314754987 -0.00481737195693559 0.172213065596393 -0.138173798246957
0.00662223073811808 -0.0131909030222041 -0.157253880561349 -0.149739029714262
0.013336470485697 0.00711872880010859 0.132603944266475 0.119237145431063
0.00281942138138021 -0.00269667824027186 -0.0929358876280318 0.125703520071243
-0.00974700600184961 -0.00739527566436137 -0.407655568788187 -0.143024617456375
-0.0246152576849921 -0.0275207307105297 -0.130973778622527 -0.587969388580833
0.0213236691724143 -0.0474774220503709 0.6707590376114 -0.444702758079784
0.0144875854377014 0.0281367076050979 0.804461586810361 0.506899513399889
-0.0248225177524651 0.0202756675550581 0.0100671251544804 0.730042235106928
-0.0287916170195506 0.00688758026246402 0.0598459425473112 0.0971323194843408
0.000744259641223374 0.0341832280560155 0.136027606510145 -0.68189104952344
0.00319080593273969 0.00647044961087679 -0.699658438842533 -0.712536585314004
-0.0100665038601703 -0.0297165166639764 -0.854354022953616 0.339927811109732
-0.0448724664018546 -0.0158973179092427 0.055016354516881 0.701119801455245
-0.0188146586433813 0.0166451493391165 0.42734807409787 0.172598111370636
0.0056996873704755 -0.00235253385551587 0.176908678225582 -0.137534293104779
0.00542096988685871 -0.0101557958462673 -0.15539339503255 -0.151900679902314
0.0118455701186016 0.010153355833221 0.133152768146073 0.119428269794413
0.00204688520592732 -0.000393096247007891 -0.0904130445213512 0.125810819518882
-0.00964578155476352 -0.00597546432101278 -0.407502104504217 -0.139572202169305
-0.0230028047294527 -0.0272205806277246 -0.139581897085481 -0.588605518814208
0.023384638452203 -0.0489144329829812 0.659300676816779 -0.451997183760296
0.0153151761114476 0.0261814057310717 0.808111477777974 0.495214621351447
-0.0239060758719264 0.0164840752827733 0.0116286603595985 0.729334756971258
-0.0265935173886305 0.00243503717003107 0.0550713084135331 0.102573753737763
0.000755100588244392 0.0303480268694072 0.137647060852338 -0.677697823703508
0.00275276460499953 0.00570679895323326 -0.690734706812472 -0.723584765984278
-0.00731127365811041 -0.0299245737662079 -0.862760960918166 0.324897399215182
-0.0420588791771532 -0.015909839063409 0.0466828989655284 0.698160050927177
-0.0196191444640603 0.0184049948616314 0.426213758168664 0.17477057246354
0.00470469267469052 0.00126599258471879 0.180895465048441 -0.138151434103249
0.00332444768189887 -0.00568229849475533 -0.153290846403912 -0.153048535861468
0.0109062264333125 0.0137361445363595 0.133277292499007 0.119376634670068
0.00123151120013034 0.00330145540625295 -0.0889689450846763 0.127527489126219
-0.010181526459117 -0.00386109912310599 -0.408159321131088 -0.139329906903037
-0.0203243434032001 -0.0281556648716941 -0.141141865640292 -0.590680204867765
0.0268230071563891 -0.0490970399111048 0.656432659009038 -0.458267341510768
0.0162708227882357 0.024770757178166 0.805195541909732 0.491244756273888
-0.0228389660024954 0.0116605748971447 0.0128110191006609 0.732478377751963
-0.0230517841716479 -0.00349254901263421 0.0516155835870949 0.104918108950609
0.00180473518158284 0.0261400871996435 0.140680449177052 -0.675323057993328
0.00403509100665276 0.00552735425925274 -0.690195977532177 -0.727493287517342
-0.00335519908387297 -0.0295580640895849 -0.867779548540766 0.31743787047164
-0.0394025080080694 -0.0146192614455839 0.0409143202776561 0.697569627244161
-0.0210078888911638 0.0216909889530756 0.428247298844477 0.175454994589466
0.00274083043982477 0.00445725067869095 0.183191943414503 -0.13789868306246
0.00127974948985435 -0.00244369224467845 -0.152158552253989 -0.15400632483627
0.00954939844897098 0.0167383073768695 0.133364426694321 0.120802558266361
-0.000443379897716221 0.00550202131353734 -0.087932175274141 0.128000883534829
-0.0106337713730526 -0.00200205447490217 -0.406000130570125 -0.14008556806581
-0.0178923691699063 -0.0269999854585477 -0.137235755196264 -0.590799696157775
0.0307519681333766 -0.0490042091888638 0.656513326501934 -0.456386732127561
0.0173667474815796 0.0231570500932992 0.803966116649119 0.493445996227392
-0.0213465300598467 0.00698436978762771 0.00892538232947808 0.732002762900794
-0.0202532306874596 -0.0099388452812126 0.0497665424296156 0.106310415756029
0.00523429110997975 0.0217928209512278 0.138497335683265 -0.675152818860576
0.00541881517854131 0.00454211102729861 -0.692084103755429 -0.725584421090814
0.000216878291867884 -0.0276467732007159 -0.864861001036686 0.318746097575123
-0.0368979455373204 -0.0121768447414283 0.043060045972502 0.698559566639577
-0.0227246098156636 0.024341803585009 0.429626274522535 0.175514624649481
0.000702095941041489 0.00756650242789176 0.183950738229379 -0.138023859588497
0.000351302926904006 0.000729930028887195 -0.150910203565322 -0.153792134609402
0.00927742065583192 0.0196428953645787 0.132184786947325 0.121544613019252
-0.00131417393939735 0.0075171017975914 -0.0890770143999068 0.128658233097555
-0.0107512956940343 2.56876431679112E-05 -0.402248630657185 -0.141735185763377
-0.015034572790083 -0.0253391562064782 -0.129449003067685 -0.592305321435959
0.0344361765472891 -0.047757673073637 0.66502331062665 -0.449102752855995
0.0195460685764881 0.0229481580277373 0.800082903600932 0.501904562822754
-0.0189247447440607 0.00187713418560114 0.00342636361854071 0.732483379084652
-0.0149021038374058 -0.0153163050106329 0.0509910466838332 0.10282211460682
0.00691614107333644 0.0175293954472292 0.133175917914295 -0.677941090736672
0.00753760460693708 0.00458096619097446 -0.69557830361698 -0.715149155351646
0.00213939268132444 -0.0260798459780695 -0.860218356098619 0.329664402860441
-0.0356474233617233 -0.00937003575121821 0.0547454243361118 0.697365788507742
-0.0232480350491329 0.0261899659428354 0.432796352542359 0.173791950630074
-0.0011024353356132 0.00868792531403044 0.183042370922435 -0.138552013241864
-0.00110384557117986 0.00288593897118489 -0.15104741007037 -0.15267654924724
0.00878520043513998 0.0201123997204105 0.130601111391592 0.122853073642006
-0.00205581152579622 0.00792573342190862 -0.091431833901882 0.128439862547487
-0.0116116669124028 0.00115025917416981 -0.398663833501376 -0.144829927799766
-0.0132672674550881 -0.0233200330246052 -0.11298370160178 -0.592646948799442
0.0376736028186515 -0.0457099892091296 0.678368891964 -0.436563709291172
0.0206814412528564 0.0230262069192775 0.791758350945278 0.518322895911588
-0.0163260007313844 -0.00289635731989558 -0.0064829668079383 0.732026775549416
-0.0109591203298211 -0.0190467371308304 0.0520465750360265 0.0981830982914331
0.00993161166898364 0.0139308038674299 0.124102489649035 -0.681090233417935
0.0089923209811433 0.00408810955679079 -0.706867912674381 -0.70016469029075
0.00355361461582104 -0.0239595355591445 -0.845791174289147 0.34596848655478
-0.0343277085720815 -0.00666123384239311 0.0697398407623788 0.697160647392801
-0.0237783212206748 0.0281810460213095 0.436085388648045 0.16933124435833
-0.00135937897199252 0.00918164178935371 0.180979325082663 -0.139331907548684
-0.00151583187656402 0.00392165864504753 -0.151661932916619 -0.151399070043596
0.0167184441578415 0.00378618537377271 0.131290493522138 0.121734093367104
0.00290773645056585 -0.00687340653088489 -0.099738952640639 0.125946050189888
-0.00940758663110094 -0.0102697755360492 -0.408665745154206 -0.146644115613943
-0.0252514005455811 -0.0262084167112218 -0.107249411461137 -0.58875984534233
0.0213289053114399 -0.0446598423386548 0.70035529153688 -0.417195814842253
0.0143474178796859 0.0294760950780064 0.802710854030384 0.538303198839518
-0.022951177050822 0.0213956693899647 0.00037787622885034 0.729618429861161
-0.0272901377361695 0.00892228908583138 0.0692806950341929 0.08347522578691
0.00477854974766307 0.0355800961812193 0.115210093140396 -0.696923064570069
0.00337162999879083 0.00787861726871164 -0.731285503764316 -0.671974144190948
-0.0150900086112957 -0.0255556742235642 -0.827132409399383 0.39304774189321
-0.0487599232655174 -0.0104533041442695 0.0996445317471899 0.707087670634044
-0.0192989852271881 0.0156953814495722 0.43746897603242 0.161944656479087
0.00667378589355432 -0.00550599019651678 0.16803928149942 -0.141219119241626
0.00803744072417104 -0.0142333775137495 -0.161316513955298 -0.147386958215776
0.0157250087153451 0.0048942247499823 0.132617391243771 0.12080479240771
0.00258492759544554 -0.00562355150347075 -0.0955643623379903 0.126883743218606
-0.00926964712284824 -0.00884819492347654 -0.410873456379914 -0.143493731617335
-0.0256079968000381 -0.0267467706699 -0.122975535188557 -0.588073086343763
0.0203863571888123 -0.0466535309748979 0.684473287282507 -0.436173944456378
0.0136202329715768 0.0280005988468272 0.807410385212167 0.518184384873781
-0.0243019449416686 0.0220519959164029 0.0087830274348715 0.73209890038762
-0.0283901047267485 0.00896115501436631 0.064855902498102 0.0903750068943957
0.00319606230256785 0.0368072405699267 0.123544475278017 -0.692625590725163
0.0026284649951233 0.00753565112663268 -0.720521703074999 -0.691953283069575
-0.0132401156558539 -0.0277736660860252 -0.843853760921707 0.372428073908448
-0.0480177170555211 -0.0132483113015978 0.0806988307370046 0.705325765569328
-0.0188017536609181 0.0158459349354741 0.4327179520268 0.165812127142008
0.0066339978830508 -0.00355487410043892 0.172320051598964 -0.141289385378303
0.00686311164734905 -0.0131224753540378 -0.159426475243676 -0.149371312297545
0.0139291911066909 0.00717190270156599 0.13413702110856 0.119116399347663
0.00236016701969232 -0.00312605402874419 -0.0921796101585515 0.126402482521059
-0.0096933194086399 -0.00845357051249627 -0.412013155365738 -0.139932048026899
-0.0244031049764322 -0.0275305983821055 -0.138587992378138 -0.588985395296346
0.0207587752428132 -0.0479914899749101 0.669191338081187 -0.451956735536637
0.0147115565441206 0.0275495166847745 0.813308765771277 0.50156504649678
-0.0243075095522288 0.0202939069304188 0.0170442860848458 0.733690053099295
-0.0285358296203239 0.00659071394005219 0.0601661109050308 0.097606696893143
0.00141101775097075 0.0337341586396666 0.131359072233318 -0.687334418253816
0.00299844462400748 0.0071760954575765 -0.710378600047178 -0.709999929333833
-0.0102306723978375 -0.0294228315954693 -0.858158059561196 0.350220229091419
-0.045279806014664 -0.0151191444691227 0.0634156116030031 0.70488803038347
-0.0193308521231269 0.0165195374129293 0.432314101168484 0.169698062069881
0.00583952421715712 -0.00166510049412067 0.176807965985045 -0.141387151127758
0.00492926240789363 -0.00983984200012843 -0.157803502802456 -0.150250399492807
0.0125577083653251 0.009656188214796 0.134602365165792 0.119087161878411
0.00137853486393214 0.000164635827297565 -0.0888466585107774 0.128171861617626
-0.0098872763800377 -0.00643564708014507 -0.41302164262008 -0.136706868911227
-0.022086351181933 -0.0277426163798626 -0.147626877713291 -0.589843350775197
0.0227542755238865 -0.0492603430925827 0.660656969698618 -0.461218901830031
0.0155322596438568 0.026218253165759 0.816757829996105 0.491389617116382
-0.0241225993291429 0.0158344077165398 0.0193956732639763 0.734212533154385
-0.0270070556749546 0.00200353421615975 0.0555826008966631 0.103242874249537
0.00172281343084662 0.0295462462414619 0.133212701628412 -0.683944186196305
0.00301858661910826 0.00634834054710989 -0.702892477348178 -0.721827245943977
-0.00660268910499851 -0.0307358700661655 -0.866179752968452 0.335735122326324
-0.0420141360703076 -0.0155767855708273 0.0540378910539246 0.702200435335687
-0.020373126387313 0.0195320181452631 0.431678839648117 0.172860535514216
0.00451854446169704 0.00129824712224181 0.180923207851812 -0.140064145798545
0.00265355473339353 -0.00623849450463419 -0.155768274694127 -0.15175930324951
0.0115209781003592 0.0138474431699205 0.134849000776189 0.118746993452901
0.00103229836854367 0.00237942159402377 -0.0873371888871364 0.128078722825836
-0.00980387517354939 -0.00403060020905475 -0.411967179627899 -0.135487506559228
-0.0201177396748285 -0.0266920179574099 -0.148728997678816 -0.589858569675883
0.0259240126129982 -0.0498321871799919 0.653889445744917 -0.466517731580905
0.0158178902521918 0.0252359562920216 0.815703769783445 0.485245292038486
-0.0230929514053934 0.0110282373353682 0.020813763090146 0.736109851862437
-0.0240085437414702 -0.0038993453912553 0.0527277558046247 0.105765995706775
0.00259136550867613 0.0262126531432931 0.135100875877531 -0.680791696899055
0.00491421363547343 0.00599779759255805 -0.699928858911566 -0.725321009372918
-0.00374698147519893 -0.0288122804456254 -0.869737404812812 0.329524233186901
-0.0396886766530048 -0.0143135617442758 0.0488305085330089 0.701821601369185
-0.0212584111534486 0.0222749395680887 0.433010974567706 0.172195856639788
0.00207017321289785 0.00494379586998751 0.183933710147976 -0.140520669037416
0.00117200749469942 -0.00216594793471402 -0.154175985878143 -0.153460235815153
0.0106151275431312 0.0167604412773033 0.134897547427849 0.119983002329794
-0.000388962138275381 0.0054026775612522 -0.087516410522053 0.128803766954026
-0.010413447332424 -0.00247067227421847 -0.409429609670714 -0.13732317548766
-0.0168718650786337 -0.0260914209207568 -0.145467375221932 -0.591055134407563
0.0301030693667789 -0.0503858974499976 0.655892201072033 -0.464796323479973
0.0178604505408662 0.0235556388466959 0.811955105062179 0.48942060669326
-0.0208519011385142 0.0059082089553233 0.0150360022464366 0.737233778408746
-0.0200279565913039 -0.0100643034984443 0.0516743482520611 0.106331624390754
0.00532380756464833 0.0212761464150805 0.131441225137342 -0.679271706907044
0.00563892872162322 0.00494241109535033 -0.702815674650598 -0.724869820937845
-0.000359455031362794 -0.0280477649375224 -0.868787004772018 0.329196956848432
-0.0369995020455754 -0.0119926034970554 0.0513589193241918 0.701689043938795
-0.0224527776880014 0.0250699434801545 0.436195620233768 0.172233758593164
0.000208498295232383 0.00806065362887994 0.184574934911921 -0.14039015930961
0.000278515982905506 0.000967505537404134 -0.153728473313 -0.153504593400985
0.00965901712038809 0.0191403410762731 0.133528034262626 0.121187429804117
-0.00133096321061552 0.00712860778229811 -0.0885279808832637 0.129216817918727
-0.0107132640344925 -0.000407631769252178 -0.406973868739819 -0.139526891334575
-0.0151270011362171 -0.024802283297 -0.135984510931784 -0.592894330638266
0.0337408179903975 -0.0491880261694584 0.663294814987578 -0.458355254780987
0.0196630390554822 0.0222907567191588 0.80493349761223 0.496619857266887
-0.0190766835051003 0.00117264418110969 0.00887223261434084 0.73700122973537
-0.0154373722928779 -0.0147228194170728 0.0516596030324125 0.103293009998214
0.0082605768392623 0.0170538138844193 0.127169444796188 -0.684063318839684
0.00735335750438782 0.00519948299993406 -0.706813030908034 -0.715949671487822
0.00213019135780513 -0.0260562712648554 -0.861816378534443 0.340080178725106
-0.0352077628900601 -0.00906042592181493 0.0629013071259045 0.70085364795955
-0.0229788279731481 0.0269675629306856 0.438498725425826 0.169653973475142
-0.00106080601070885 0.00984864296875744 0.183205537951313 -0.142389924225809
-0.00147386407895537 0.00321455692042746 -0.153177959524284 -0.152902962853658
0.00943666852466384 0.0205969137760354 0.132110844238855 0.122066271996333
-0.00270285839013458 0.00890206922970181 -0.0905764717075958 0.130057383352535
-0.011792267522883 0.00168540858858181 -0.402525876065461 -0.142052822010051
-0.012805687533875 -0.0232493738580797 -0.120232412257341 -0.593879846929463
0.0376890642729883 -0.046360600211481 0.677919582755632 -0.44415881311535
0.0208402140102996 0.0226603717783149 0.80111518830367 0.514279150943112
-0.0165218622601752 -0.00284148678266742 -0.000280318813220988 0.737091081290551
-0.0113583235972428 -0.0196737798808148 0.0541387396516077 0.0976162916081011
0.0108762174806971 0.0140613187881998 0.119533504229224 -0.685255165462078
0.0101914010944048 0.00515157906330194 -0.717730339715213 -0.698935921084395
0.00377026506411457 -0.0239329042683404 -0.849016447535423 0.357133987016198
-0.0349091444591164 -0.00709948174246784 0.0787998687846117 0.69970304918997
-0.0236542289579502 0.0288583612283444 0.44232384510415 0.166934329674426
-0.00126851688548581 0.0101746842233724 0.180717241932161 -0.14226966751413
-0.00165619956276843 0.00424935701833128 -0.153505208155895 -0.151175906096817
0.0166569434574451 0.00331131861091711 0.133729074311771 0.12151342037384
0.00219785834356762 -0.00748828973369486 -0.0986780012619905 0.127032608074861
-0.0097717932059787 -0.010490467943175 -0.413039362661101 -0.142949548536299
-0.0258570403364365 -0.0257646214829615 -0.114375010972547 -0.589066429432525
0.0204471975530722 -0.0450959575221251 0.701275857307117 -0.427651804923331
0.0143832593939409 0.0292467950892567 0.811794294612879 0.532011970090479
-0.0223343316514872 0.0221601285131516 0.00907473301623682 0.732227768956913
-0.0264817726971861 0.00829078115467013 0.0708320675963071 0.0827624557414638
0.00589308427337503 0.0358636961592104 0.108627258961048 -0.699953923097912
0.00429390484689953 0.00805085633646062 -0.741984030472827 -0.66846653564671
-0.0148829988220905 -0.0245126250375263 -0.828334855488684 0.40422491271153
-0.0503162741287661 -0.0101918959998747 0.109761650993788 0.708450759422345
-0.0188054051958957 0.0165480732096702 0.442109519655842 0.157938190027715
0.00753089531952922 -0.00515925027198846 0.167270001340639 -0.145157255190099
0.00756289532464276 -0.0149822381241685 -0.164073784647002 -0.145955245715451
0.0159252431030324 0.00433858657704484 0.134655583557497 0.119450270265035
0.00235674869623119 -0.00552620620248104 -0.0948262922343113 0.127212931905035
-0.00988411412545891 -0.00955348032419505 -0.414926624391497 -0.14003338191295
-0.0249397206678639 -0.0272065741653811 -0.130600408260989 -0.589608135501636
0.0196465133935296 -0.0476547773803703 0.683113080058688 -0.445192862807661
0.0139215755753281 0.0287886148427902 0.816573006063377 0.511108825982874
-0.023953644979626 0.0220107871517342 0.017667571121763 0.73542191764697
-0.0284053570482062 0.00915155790387991 0.0667853245140563 0.0901535224262404
0.00363468027411264 0.0356680141873362 0.115631417671598 -0.696062815817867
0.00348123043600069 0.00775345216020537 -0.731309884009831 -0.686046504174985
-0.0137897028309378 -0.0277958320315818 -0.843906026745679 0.384550412627486
-0.0486229882049976 -0.0126283916246862 0.0900590560989558 0.707124610334118
-0.0188218047227817 0.0163023247324414 0.439230179321129 0.162108612677052
0.0074135948893283 -0.0035132860300068 0.171466296209615 -0.143991096206851
0.00669086330627581 -0.0123702115046614 -0.1617532062996 -0.148530469625194
0.0140334308308784 0.00684573703417579 0.135869606847198 0.119196761145606
0.00194470013358149 -0.00313209887383061 -0.0909954443778473 0.127980408383467
-0.00944797890414737 -0.00778608199143532 -0.415088536277535 -0.136408674023575
-0.0238612781775898 -0.0276164965966263 -0.144187610523223 -0.590155575808814
0.020047798801386 -0.0491995110303924 0.667594527132475 -0.461527447725803
0.0144553940694715 0.0277163705826246 0.821857778604675 0.492621782126368
-0.0238590300124364 0.0197676174915428 0.0256876367295331 0.736713727117629
-0.0286897180320661 0.00659339072717161 0.0619389647178624 0.0973603307717122
0.00310503838385138 0.0339782114905143 0.125231835315498 -0.69170402876894
0.00352494763698914 0.00775553467273372 -0.721777274332978 -0.70652472323218
-0.0112348484869543 -0.0300037951207799 -0.859451846941487 0.36448660494094
-0.0459740778204492 -0.0148739890180226 0.0734624076747798 0.708636500189548
-0.0190188579515816 0.0172744228862045 0.436103733351021 0.165516714474688
0.00634094535389769 -0.00122188338932266 0.176315926772749 -0.144177956762468
0.00517999210380785 -0.0102612268152435 -0.160411586228888 -0.149385768349257
0.0132465810394423 0.0104110141685059 0.136961846904632 0.119029922415028
0.000762158859520374 -0.00079743119002282 -0.087822161822374 0.12777416635692
-0.00989612664386037 -0.00630985119353759 -0.417569867177549 -0.13253573512479
-0.0220135330638323 -0.0276260320597011 -0.154340173045286 -0.590818192633869
0.0223051405434038 -0.0495391773337541 0.657903499625854 -0.471164191360537
0.0155294691876123 0.0267297056550945 0.824377874820789 0.481965855507638
-0.023853357566884 0.0163464338527361 0.0276091321242379 0.737288320685748
-0.0270441076529069 0.00261493009756072 0.0571188344256961 0.10284264721645
0.00236693566864381 0.0296531310161023 0.126209338030551 -0.687743020407814
0.00325645239296738 0.00689805382097077 -0.714111441703964 -0.717243238431128
-0.00721414023654828 -0.0297514792494457 -0.868838615148958 0.34792551385991
-0.0427370496931717 -0.0151363799266235 0.0621060149972584 0.705385791554287
-0.0198213817011882 0.0195698730508866 0.436260521585624 0.168373147932175
0.00470388323278905 0.00130914281537152 0.179861516326887 -0.143673916977459
0.00292716212116726 -0.00523470731354655 -0.158306076089283 -0.150716694441062
0.0120200593835898 0.0132169404196869 0.13722823862137 0.117855637172023
0.000168598035853406 0.00221613365842572 -0.087177769779262 0.129215137660876
-0.00979993810008295 -0.00389396095721903 -0.415603031691497 -0.132196456188146
-0.0197480588998895 -0.0271458885471078 -0.157168406469413 -0.590543028809332
0.0253399295194697 -0.0505674303383698 0.650366725686637 -0.474917694123819
0.0172454024608439 0.02474869420834 0.822581693465963 0.476001578468994
-0.0223314115313523 0.0116599707062841 0.0274899067692885 0.739542807350629
-0.0235847571115565 -0.00377306838413848 0.0546144499219722 0.105694957758452
0.00370033926543121 0.0253796843715542 0.128883165795918 -0.686108206571695
0.00491389385460581 0.00628363669857351 -0.711798582537143 -0.722409828127367
-0.00389648883750381 -0.0288749711365726 -0.870186617515184 0.341132803880985
-0.039958988660003 -0.0136634966330593 0.0578988520785245 0.704373713946336
-0.021316513994035 0.0223586645179984 0.438042443897902 0.169410117187675
0.00224540478978158 0.005537592801113 0.183557975685988 -0.143628613550024
0.00151899090990499 -0.00221651353833613 -0.156593519107223 -0.151967429591428
0.0107545576302558 0.0169981031421869 0.135909917213497 0.119548255919363
-0.000638992539186504 0.00511231721971559 -0.0861751543062359 0.130189051007814
-0.0107836463508587 -0.00210119407709808 -0.41318258048278 -0.132841015948204
-0.0167171572658403 -0.0258175046157968 -0.154764375371325 -0.590780366444337
0.0291501925403152 -0.0509280055764244 0.654674260427804 -0.473128784376429
0.0184368240384564 0.0236039267035026 0.820140394931656 0.481921203905166
-0.0205067380436788 0.00639443439448523 0.0242642700190784 0.73906066510136
-0.0194185362360771 -0.00995129994537321 0.0515847664687272 0.105680802303085
0.0055957776098844 0.0207091175016854 0.125782815909225 -0.685664354140584
0.00618942540246644 0.00556262331927573 -0.713792658958631 -0.721169984584841
-0.000480743894416989 -0.027956849982922 -0.869298033020271 0.343357923115717
-0.0378497028417999 -0.0119849357455631 0.0606007726789472 0.703712009077996
-0.0223089798496613 0.025555416694813 0.440247387069487 0.168597123509706
-0.000220846266938626 0.00867285910438065 0.183315637147037 -0.143214671944126
-0.000459902598398141 0.00162591852345383 -0.155706560293902 -0.151559857770755
0.0100881349739516 0.0186299275177231 0.134904477249644 0.121041093761909
-0.00160995691935384 0.0067354273240594 -0.0863505724104975 0.130846076017805
-0.0109037250531425 -0.000100206057434547 -0.410613715709478 -0.134380569220999
-0.0140069754857117 -0.0251897978327368 -0.143407063359537 -0.595040826487897
0.0332320849415458 -0.0492145581400107 0.663437583435989 -0.467526528110716
0.0198082854078879 0.0227974104676247 0.816029083027592 0.489354064409765
-0.0188344621747124 0.000918762736095036 0.0185399795558506 0.74116710217227
-0.0153768714160558 -0.0152915854748687 0.0534243013236954 0.103172687723467
0.00903358820289647 0.0168348592430729 0.120712854885988 -0.685940570901261
0.00822140482493831 0.0057276259858327 -0.718138728941946 -0.709620423682057
0.00174883862934291 -0.0262767676503993 -0.863998699878621 0.35140731908127
-0.0365890737985668 -0.00890990059832831 0.0714599162754152 0.704220272060308
-0.0230849851281181 0.0276388618644185 0.443935589927992 0.1659146321827
-0.000209364161196312 0.00977002767091934 0.183133689672372 -0.144260647415704
-0.00125601254348842 0.00342475790091846 -0.154902977755117 -0.151520969582999
0.0099782736526866 0.0200579849280009 0.134109637578011 0.121676933673414
-0.00296827784236686 0.00859798785051577 -0.0889961705088746 0.130470055699155
-0.0116687239062496 0.00140001311680296 -0.406731788769048 -0.138502133872784
-0.0134389734807861 -0.0231015786199891 -0.128127406583208 -0.59412069397732
0.0370994620505953 -0.0471339421355799 0.676008275477945 -0.452775055941483
0.0210865606945527 0.022567458179119 0.810052176736519 0.507175016643679
-0.0165014678278381 -0.00301702690475396 0.00871309396959617 0.740564475053494
-0.0112538425408063 -0.0204800882609406 0.0548872185175711 0.0977270948418523
0.0110341846891811 0.0131455194721808 0.111825417215559 -0.689592669797904
0.00973143408574631 0.00559004257782838 -0.728378580049622 -0.694260766289064
0.00334362489226206 -0.0242202151475466 -0.850494955764872 0.368080795599845
-0.0355019905820816 -0.00629992935663504 0.0859139871601029 0.703893772457427
-0.0239975968639645 0.0291829095564905 0.446204053972647 0.161363962794001
-0.00183646812015771 0.0102199283360751 0.180078439002275 -0.144766135241054
-0.00167611396201623 0.00453614743219012 -0.156509366896282 -0.15046377604724
0.0171775190012012 0.00253744989420085 0.135296216088047 0.120400682824791
0.00210290430020676 -0.0071402344138783 -0.0972721670910235 0.127416825861606
-0.00926950477504783 -0.0107440109111743 -0.416263202882991 -0.137723679373636
-0.0246416410816222 -0.0261539068768904 -0.121699788220507 -0.587737027464021
0.0197869413355166 -0.0456099816051826 0.696171638515191 -0.437164244092984
0.0145841449065822 0.028980526842465 0.819337262095996 0.522337335661415
-0.022126899734464 0.0220005006685603 0.0184525069035112 0.734888185763671
-0.0270474350710704 0.00905791513238303 0.0724353335976182 0.0822604407234896
0.00661081984771593 0.0352871293064826 0.100637779024973 -0.704405080847244
0.00409591424841561 0.00923452614715047 -0.752610379972598 -0.66134306961313
-0.0154885184650934 -0.0247585755558841 -0.827784149497005 0.416903106574285
-0.0502018349820096 -0.00844172171866425 0.119717019922126 0.709799646584746
-0.0188653873474026 0.0170566909451039 0.445336177041213 0.151516493566127
0.00679514580754418 -0.00512717528799382 0.165173477161837 -0.147474849673544
0.00804012878539968 -0.0140283445277515 -0.165102356103973 -0.144857044380486
0.0163998837052488 0.003887421280602 0.136238343064922 0.119397389634414
0.00158256727183025 -0.00587256197269565 -0.0928462525313567 0.127614647043183
-0.00966680679936844 -0.0098970974507461 -0.417793430352221 -0.134261667184088
-0.0252519591843593 -0.0267852243259381 -0.139166378486566 -0.588060239930961
0.0188003586892837 -0.0477122795100103 0.679722079962357 -0.455034134433745
0.0148179012551444 0.0290764776942392 0.825275219341197 0.501407754012916
-0.0234468884540997 0.0213308320174305 0.0251300920227325 0.736606511643032
-0.0285043151608265 0.00936570071220179 0.0675359655871803 0.0910714047668906
0.00506210757481051 0.0346076974840646 0.108346091227041 -0.698711192544192
0.00295399355856582 0.0083288391330312 -0.74128282537241 -0.681003166924741
-0.0142651869829535 -0.0273224790469937 -0.840255768156303 0.398706698158804
-0.0486959297038558 -0.0128344308265447 0.099958100700015 0.709672417305797
-0.018972888716051 0.0167906904582428 0.441975987615441 0.154751224000664
0.00726059196778202 -0.00369106766684522 0.169961502103705 -0.147153156915124
0.00573963633356187 -0.0126768058054275 -0.164080196066396 -0.146764077370108
0.0149930300511606 0.00691806337197698 0.138671644239627 0.117610028141369
0.00204508149262369 -0.00402699987978636 -0.0894705249263967 0.129474118501407
-0.00980267410517401 -0.00923080616436499 -0.419837789990662 -0.130929166571711
-0.0243596110103016 -0.0272998469612366 -0.15337347116759 -0.588799206150984
0.018515836576777 -0.0504003040101265 0.662914303717478 -0.472110133000678
0.0147588573865479 0.0281131631959794 0.829047106220524 0.48615897694881
-0.0238508482528682 0.0198145973088556 0.0339169360883473 0.739279738625431
-0.0289116830781758 0.00701854565108083 0.0634337212505689 0.0970243783663914
0.00306780484094452 0.0331306753784918 0.116540097970841 -0.694556979002404
0.00372891160996362 0.00769134820536289 -0.734116263385224 -0.698997193416681
-0.0115731209428385 -0.0290342283194071 -0.857090142375196 0.376391059146705
-0.046242855076739 -0.0143841319509191 0.0834748683695439 0.710080845823081
-0.0194851142742909 0.0176392113148341 0.441852203279927 0.159145363674426
0.00595533356149828 -0.00049723824832168 0.174793181513013 -0.146529899982656
0.00466246884078925 -0.00928253021420023 -0.162641713384803 -0.148357300397044
0.0139363999839583 0.00979566664297152 0.138578695489383 0.117590953798943
0.000450029912875884 -0.000717567630042162 -0.0868220071217612 0.129984565872448
-0.00964028317947645 -0.00639309503661267 -0.420957856663582 -0.128175931555122
-0.0224513349921406 -0.027440044930847 -0.163262679413453 -0.589819638246783
0.0210457073450085 -0.0508134288432074 0.65409617388707 -0.479304054669187
0.0161126907266474 0.02578195214565 0.832733042476532 0.472769184728668
-0.0235058086998258 0.0169446485799986 0.0367687763441829 0.738574573469322
-0.0271210012024693 0.00234307372357393 0.057698597841212 0.102575631478425
0.00296232553257819 0.0285708599012644 0.118475686021844 -0.689697424814314
0.00355551918384404 0.00834000833604698 -0.725945747394974 -0.713260425854341
-0.00773991120522282 -0.0299221023100352 -0.866763497620084 0.361144605896039
-0.0441692772862001 -0.0151424283308872 0.0722921381190119 0.708066776275033
-0.0197421517279999 0.0201592016793461 0.440465793716116 0.162505906930818
0.00440878417397665 0.00250979557746791 0.178987901774117 -0.146086607880738
0.00303777196404458 -0.00539957271831246 -0.160684510925693 -0.150220735709972
0.0123980155501361 0.0133601864349176 0.138424972697798 0.117412909194566
-0.000307995558885617 0.002203291677889 -0.0849166380105532 0.13001341461177
-0.00999169336977638 -0.00449507425489111 -0.419843791266115 -0.127603479894553
-0.018847809942489 -0.0271659446545846 -0.164978646433078 -0.589638180344387
0.0238381097699354 -0.0516372867896412 0.647797948984088 -0.484887787311475
0.0175147131759037 0.0248781902310239 0.830759403041666 0.467082984026512
-0.0225886125963348 0.0111942743679446 0.0370061794835221 0.741190836671916
-0.0243275414017711 -0.00347216439979286 0.0554708914109585 0.105719904277337
0.00498016042079996 0.0254323694644284 0.121696979992824 -0.688904323616935
0.00524366606885279 0.00731595377718207 -0.722262990570306 -0.715654349493927
-0.00391302564908657 -0.0296888916243002 -0.87051958261157 0.355027465899596
-0.0410193468676404 -0.0136052758589069 0.0678176426878768 0.707074973143712
-0.0208334352364064 0.0228096462181555 0.443590991091386 0.163842199316437
0.00218815144809286 0.00568059206276329 0.181420280454582 -0.146646848781739
0.000671440795656718 -0.00128603690857569 -0.158318151954999 -0.150961281486925
0.0118856601931309 0.0164844477165543 0.138374325747405 0.118485128322071
-0.000806100952604892 0.0043905939144224 -0.0837756684276763 0.130411188623405
-0.0105838872558853 -0.00238168063686018 -0.417460593180348 -0.128315512060701
-0.0167412746615885 -0.0267362293676808 -0.160080804360128 -0.590954095275954
0.0283932108109342 -0.0510674531007381 0.650053627469333 -0.483878567037039
0.0190648644579574 0.0237199721237414 0.826821207047942 0.471716237414222
-0.0209058523395623 0.00597670240590968 0.0334261570076727 0.740031712537673
-0.0200586283241965 -0.00962559789328756 0.0540313164812399 0.10608487582886
0.00644469090497633 0.0200572284184154 0.118842637285959 -0.688324843006732
0.00654832252706346 0.00634374337017689 -0.726723464258167 -0.714620263995501
-0.000469206620391655 -0.0278313603566133 -0.869315919765016 0.353856152464984
-0.0380295362146889 -0.0109678619789436 0.0710138805842415 0.706511479060652
-0.0224549403045043 0.0261262888011508 0.444766476231142 0.16255363242496
0.000548078915579909 0.00857196963452187 0.182113772279953 -0.146855510773923
-0.000427602994142661 0.0011954661816723 -0.158152713098361 -0.149992869524222
0.0108499314609289 0.0190516257147154 0.136815851995887 0.119647241909691
-0.00231070958297762 0.0069984226817251 -0.0851025462996327 0.130679941233008
-0.0110134177944746 -0.000503391135114883 -0.41399431825489 -0.130444729070192
-0.0145096474150615 -0.025216212440459 -0.153237555214714 -0.592148590799214
0.0319671872510934 -0.0507403478836537 0.657206267156195 -0.47669524991112
0.0203412762300942 0.0224591477953363 0.823118606926606 0.480365760544631
-0.0187478921328228 0.0006192476766506 0.0270441465644679 0.741275521074263
-0.0152029293289955 -0.0155643714426468 0.0544572220905577 0.103595847063066
0.00892875137227825 0.0158354268589766 0.113302218749839 -0.690334469340767
0.00929089465747543 0.00528076190182334 -0.731918702146434 -0.70545276887704
0.00171347865014058 -0.0254314317221263 -0.863263027519449 0.362619920435362
-0.0361273538395438 -0.00897534108125138 0.0832822989895701 0.704078902134086
-0.0234339379482805 0.0288402614252239 0.44855473236102 0.161069994193388
-0.000876666217689937 0.0103602384002126 0.181516691814301 -0.147725464636694
-0.00140347042011677 0.00361194677131653 -0.158172897041749 -0.150048756295815
0.0111373470970276 0.020271313663411 0.136073925400145 0.121162510646544
-0.00339619763767814 0.00806426527575506 -0.0878792700231193 0.131791955211818
-0.0113609339315138 0.00144233412937599 -0.410201603752316 -0.135291733173162
-0.0132895317116892 -0.0232405137882401 -0.136328236314173 -0.5939600039075
0.0358893475359932 -0.0485176144524634 0.672103968011178 -0.463792863280118
0.0212891764785071 0.0225425870300206 0.818883167813724 0.497477445274526
-0.0164835894078859 -0.00290418503736544 0.0170499815373256 0.741592967745612
-0.0112476742540931 -0.0198809649541517 0.0564755993444621 0.0978124761042546
0.0121846166197246 0.0129970363844328 0.104995898159493 -0.693227971142435
0.0108791418885669 0.00571577490495932 -0.741741645838918 -0.68967510345284
0.00318371110461463 -0.0245374588577533 -0.849767885881958 0.381033961183734
-0.0359740462869547 -0.00600830770081104 0.0966268570662533 0.7043370036251
-0.0228449033867452 0.0303939683899018 0.449714473780676 0.155279893901935
-0.000813770099938851 0.0101906012155365 0.178875538123115 -0.147463421507856
-0.00176902095777001 0.00499154140848829 -0.157336082345568 -0.148922713743878
0.0183793491630427 0.00236598422231938 0.137275105017823 0.119128391898731
0.00118238922504074 -0.00790614298156827 -0.0951956950280372 0.128641506187488
-0.00941429284084439 -0.0112386649856507 -0.419270425545239 -0.132617468306459
-0.0251188908754454 -0.0262551489285529 -0.131984504292868 -0.586210316166395
0.019021623905132 -0.0470736480844489 0.691792950036171 -0.44711063147665
0.0145251627707555 0.0293316960369444 0.82658230040795 0.513479765720589
-0.022033201900009 0.0211342632337616 0.029036246520316 0.734540124462706
-0.027132385435551 0.00924465967477792 0.073166464014346 0.0817489029564581
0.00779439751778234 0.0344185795535148 0.0925881354945229 -0.70633589180975
0.00520298891607367 0.00925893250249551 -0.761559066200513 -0.651763193554177
-0.0155820108857403 -0.0251275031828076 -0.824332423963763 0.430272828914858
-0.051212478951507 -0.00874418829267604 0.13126221591244 0.708199491908802
-0.0187051376727092 0.0175411675627144 0.449650823892263 0.145818829373385
0.00675488160629591 -0.00457551211504091 0.163130901551284 -0.149972277842594
0.00698803038370773 -0.0143661898116034 -0.167339608939907 -0.143174933506564
0.0172238575050949 0.00383506299613323 0.138591102918675 0.118528596676869
0.00123885829596638 -0.00606898888344734 -0.0911084194754524 0.128237255967756
-0.00961685224073208 -0.00973562476762802 -0.421448054745566 -0.129829385598364
-0.0248626941753007 -0.0263555984515042 -0.146933426815995 -0.585567714293106
0.0177561532779563 -0.0481185820494456 0.67309575551441 -0.463742745149405
0.0152487250130589 0.0292248594564731 0.832938769700811 0.490708173763612
-0.0227149702473155 0.022291479112576 0.0369935435926396 0.73737298793732
-0.0287771292568632 0.00876571144876504 0.0674802222298753 0.0892164721727429
0.00526107221985766 0.0342104432059339 0.100984692366213 -0.700841789208057
0.00421627603360905 0.00845504191464006 -0.754838143327585 -0.67180998883423
-0.0142116982926818 -0.0272071175402132 -0.837627675320731 0.409145988984012
-0.0491769121841856 -0.0125382311260668 0.110733352539634 0.709658364652297
-0.0180905168987823 0.0168021829837231 0.446823989657024 0.150103945890496
0.00756224831835578 -0.00309341685213384 0.168467804955237 -0.149526831969718
0.00653003969604265 -0.0116797404416127 -0.166127342652783 -0.145129376023726
0.0160189351192125 0.00602939860270529 0.139659905320928 0.116779155208914
0.000912942754832312 -0.00345893011639936 -0.0871637436999447 0.129093404554067
-0.00979323153774158 -0.00888693194424219 -0.422874709134443 -0.126487602170988
-0.0241249365680952 -0.0267720791295925 -0.160856135568695 -0.586581079722182
0.0188727271901109 -0.0499100382529343 0.657468343082543 -0.47925603090182
0.0158590472977918 0.0274040406782466 0.839286645645069 0.474628667737919
-0.023776228193775 0.0201225362289172 0.0432428163371135 0.738329570074102
-0.0287947512971596 0.00688516269651727 0.0642200510831672 0.0971455748679326
0.00434912511633177 0.0327742821897016 0.108845287075845 -0.696875674112746
0.00387375564394614 0.00870578511881074 -0.744079181806138 -0.691297961675561
-0.0108757199138839 -0.0294069216174313 -0.855630438840496 0.388203624510687
-0.0465729933569651 -0.0135174491670157 0.0941794810317959 0.709891080301297
-0.0184271731630762 0.0184539438179904 0.445629732823906 0.155278245627932
0.00659756790244966 -0.000569573292376398 0.173563033485198 -0.148950905778334
0.00479193711708454 -0.00944774037008166 -0.165301515102838 -0.146359022429941
0.0150383314971046 0.00978770839834493 0.140549420487678 0.11669198724261
0.000412126424417891 -0.000347048176296974 -0.0843877217893046 0.129720365402512
-0.0100002647601349 -0.00635993443193516 -0.423272692215868 -0.122768279823671
-0.0222255961441192 -0.0272474167887617 -0.171583881419356 -0.587475520279339
0.0205643210470398 -0.0513373779108678 0.64718995439104 -0.488533369455029
0.0165419319951005 0.0265225679652097 0.839622207467211 0.462770354352492
-0.0231822479642302 0.0165449173231678 0.0459961418888142 0.739713761047987
-0.027291429185561 0.00176668967224472 0.0591887717159058 0.101845626056165
0.00400115178244649 0.0288131989360296 0.11065488093284 -0.694279414088904
0.00495338086729263 0.00781075885919619 -0.736942806851341 -0.702681959274006
-0.00718698546636377 -0.029127525510021 -0.864355918621486 0.372711765157636
-0.0441941022992785 -0.014861017533609 0.0841888913052306 0.709002114689627
-0.0192034583691994 0.0201812611283264 0.445213177495382 0.156928510475146
0.00461057612826643 0.00324651972726725 0.177400759008591 -0.149652893052135
0.00281825694884643 -0.00515571336984808 -0.162236184514147 -0.147909831387591
0.0132891839677634 0.0132094644543543 0.139901972931649 0.116880286945775
-0.000587830501672326 0.00181685861094804 -0.0831851094899152 0.131227489329512
-0.00997762317436285 -0.00435924443558652 -0.421369597237806 -0.122363521287991
-0.0195536106337111 -0.0268462258150719 -0.173783119430045 -0.587090520472954
0.0240634179900591 -0.0519060093495913 0.642887819153826 -0.493132619081129
0.018112253089397 0.0247499591136235 0.839070154613355 0.455669519159671
-0.0225402098981218 0.0115739307672418 0.0467584410745993 0.741706560220205
-0.0243022193116904 -0.00374783656807419 0.0578701067650015 0.105581653098771
0.00487007936329078 0.0244403850626697 0.11289955092192 -0.690827952666248
0.00570676000541992 0.00668877396531998 -0.734984920943169 -0.708618350530005
-0.00456700278576513 -0.0291825904909796 -0.867818840580711 0.368361089142675
-0.0411728854312209 -0.0135411755429604 0.0789402004154627 0.707015741506704
-0.0210631810524709 0.0233632695619517 0.445466928709724 0.157533976525064
0.00245160945251665 0.00591394022581915 0.180252517053216 -0.149570223840728
0.00137094124658299 -0.00173151423020287 -0.160644727962316 -0.148358760030695
0.0122665722023787 0.0162933585441229 0.140111174522777 0.117533739284569
-0.00192373621789105 0.00401551012617297 -0.082439447004856 0.132330718317868
-0.0102142968118746 -0.00283517950711602 -0.419863271124168 -0.121755845092799
-0.016685988839504 -0.026152635345083 -0.169914348912497 -0.588832363575984
0.0277853211771322 -0.0524794408175822 0.642881838471889 -0.491969689006596
0.0194571893759274 0.0232599806603999 0.835130711887351 0.46134306919043
-0.0207580517498307 0.00556849385696366 0.0423107338500365 0.741538539872549
-0.0207094229013083 -0.0101637494443134 0.0560863588348524 0.104809498267863
0.00721278092994329 0.0192639807851399 0.110461012632913 -0.691100892765976
0.0074770549674485 0.00706772856604746 -0.736666285106724 -0.705457282881642
-0.000653665420483311 -0.0276315881545376 -0.869175651635283 0.366948079991696
-0.038402733464912 -0.0116069613945142 0.08103768167104 0.707026754145065
-0.0222334907659558 0.0258647058992904 0.449582200614284 0.156931932080798
0.00120610306362856 0.00904143500965326 0.180492150323256 -0.15015156496187
-0.00015047117228155 0.00180286478683604 -0.160470613686031 -0.148867183531523
0.0119437975261818 0.0184072362604021 0.139006478032912 0.118456346285875
-0.00192010448449789 0.0066050968088659 -0.0831863095856633 0.132154849962826
-0.0102401472535827 -0.000903350116989376 -0.417157885147839 -0.125176348098571
-0.0142902414635121 -0.0246886959954307 -0.160503085834933 -0.590525983373396
0.0313262591496705 -0.0510865647660295 0.652523576036553 -0.485048445333856
0.02068759416877 0.0229343918256476 0.831153351745855 0.472535794324465
-0.0193518032077536 0.000924020648783469 0.0340837987590532 0.742616379036565
-0.0160843469822615 -0.0155326595105353 0.0548605833394292 0.102861194105521
0.00980222461014188 0.0153813152435441 0.105284806116279 -0.692881792656851
0.00925273481333332 0.00565172173214861 -0.742959380177714 -0.696446379224554
0.00172520974055705 -0.0255745306316203 -0.860349911027054 0.376033555420787
-0.0371320487433759 -0.00898335960097545 0.0937380260762465 0.706664141354853
-0.0228599638671656 0.0285932301246776 0.450939270967261 0.156355934105071
-0.000827728060041283 0.0114319546335804 0.180574528705459 -0.150500913083959
-0.0011804982576595 0.00486099032748324 -0.159716058193387 -0.14854381671128
0.0107310759907713 0.0202177550131115 0.137840464290323 0.119714648928512
-0.00377152263661972 0.00679860498537296 -0.0853006237271485 0.132425812811855
-0.0117329734661848 0.000895353323801338 -0.413441732879306 -0.128278952674321
-0.0119708123099238 -0.0234710739050835 -0.145274319497904 -0.591647419101241
0.0353415277952683 -0.0489295143750091 0.665556979170389 -0.474076052104757
0.0215378387445838 0.0225741297133624 0.826013188790913 0.485663697054804
-0.0168552234562958 -0.003502004433395 0.0263185293466563 0.74214098623289
-0.0123311353652702 -0.0200433746593384 0.0578217427868818 0.0971342920015812
0.0125851245965223 0.011329988065169 0.0952811249394143 -0.695681620899762
0.0112066058173389 0.00561873383281691 -0.750843787420743 -0.681653685737354
0.00287392458846032 -0.023795589235081 -0.846942864907826 0.392815791420905
-0.0354567708992973 -0.00525442385833401 0.109105091114749 0.704670196962171
-0.0227203597562094 0.0301354878733112 0.453977507643894 0.15018769441846
-0.000702512438344273 0.0117175447639319 0.176688991092076 -0.150284094208975
-0.00185314022798332 0.00538842310384359 -0.160475289841807 -0.14740778968892
0.0180707304505239 0.00233052697510154 0.138053526023406 0.117605075794293
0.000504477918476401 -0.00775759523036745 -0.0936299864471907 0.129260712606803
-0.00965809411570231 -0.0111104387822002 -0.421425270554813 -0.125859821686315
-0.0244046572874704 -0.0257695950496372 -0.139864678650408 -0.582615659964601
0.0176377569021816 -0.0458206477438321 0.684984352828816 -0.455485238056606
0.0156468099102393 0.0290023948028254 0.833527557853167 0.500738222102346
-0.0215034024537308 0.0211025590166665 0.0369537581431441 0.735098121782433
-0.0268521480789206 0.00849194197453118 0.0742422653577721 0.080236803003812
0.00841635306398657 0.0338105086726273 0.0823743975312686 -0.706268206232664
0.00570917064905966 0.00923113912491123 -0.772760034904526 -0.641162693217997
-0.0156277128416469 -0.0240466767980203 -0.816917401487773 0.44095179314324
-0.0509387180026447 -0.00816552955209928 0.142143363285511 0.707885804929068
-0.0178527596417935 0.0179106452011579 0.451832420596787 0.140227156378943
0.00735661496357059 -0.00422614585375348 0.161739088659161 -0.152209798537986
0.007113676763089 -0.0136877033164378 -0.169122696887556 -0.140753485175844
0.0173519889421219 0.0035042508089629 0.13956521509193 0.115353808160793
0.00112811082301766 -0.00621953037161854 -0.0896681438808618 0.129658867410038
-0.00973063427920754 -0.0100186140471307 -0.423817842290563 -0.123210567529061
-0.0251897521945532 -0.0266395057468851 -0.156317307677142 -0.581486894665332
0.0166452965147823 -0.0486052822797019 0.667302125175645 -0.471363309470291
0.0158063227666606 0.0285088037238378 0.838093451939047 0.479574337397555
-0.0235342371533852 0.0219205828366479 0.0456193593453729 0.734946845321318
-0.028628461398185 0.00899256025533681 0.0696882107327184 0.0878293123869161
0.00591305906317532 0.0343490927787821 0.0903440245543334 -0.702589275936329
0.0051114591430508 0.00919883635870099 -0.762061490904949 -0.662518935579616
-0.0144564792546977 -0.0269468489182123 -0.832724112383967 0.422325345418636
-0.0496461449267881 -0.011583369368878 0.123168466461541 0.708620700464354
-0.0181531811659806 0.0171513185520705 0.448264164465996 0.143816646150714
0.00744225794504546 -0.00274545018180839 0.166456130245662 -0.151899732443026
0.00669417480150183 -0.0120347464851385 -0.168506725266348 -0.142364875362727
0.0166684351714597 0.00576908510538502 0.141312591001794 0.114990829859321
0.000795383531816569 -0.00428900239034774 -0.085295552857743 0.129940545840358
-0.0105370614490355 -0.00894643889905322 -0.426413060801091 -0.120324018930293
-0.0241173456094224 -0.0275120810565988 -0.170734259350508 -0.582648143545561
0.0171219885682304 -0.0497363816719208 0.650275938581258 -0.48705343345448
0.0152824774658134 0.0279976492149721 0.843575075567592 0.461890179831733
-0.0232460944898505 0.0207681157212988 0.053760220332695 0.736108113821533
-0.0290318628380613 0.00709700702244848 0.0652390645751623 0.0961172823506412
0.00493901294764168 0.0323098185086418 0.0980238510188678 -0.698861316142679
0.00430675339405865 0.00833430561116708 -0.752657639113507 -0.680981458849704
-0.0112076411684106 -0.0288848324977875 -0.849581665655429 0.400742843461166
-0.0474924940406332 -0.0140834786919608 0.106094816533947 0.70838663671623
-0.0184274970240161 0.0185799337117686 0.446993953223715 0.148770089209856
0.00644644615609458 -0.000127646145140813 0.17103948981521 -0.151938731046857
0.00445920831335411 -0.00952390576995698 -0.16657331885353 -0.144064801823075
0.014408321041366 0.00910844205302818 0.142286512440819 0.11560794587243
-0.000717682399361762 -0.000870224858228969 -0.0823912412927186 0.130040717880823
-0.00986272093422976 -0.00744552502532608 -0.426444891830077 -0.117140044534709
-0.0218278921647188 -0.0264359820936069 -0.179799577921577 -0.583804996644352
0.0188437858684701 -0.0517418407702007 0.639318383857992 -0.497050909845866
0.0164212478952261 0.0265384117383809 0.846860123751403 0.44912093266767
-0.0236608149249902 0.0164945358389234 0.0565060344356925 0.737481355624507
-0.0273093089878014 0.00211210444143119 0.0610568803500201 0.101600024744396
0.00451211647052941 0.0282153128858451 0.102639981296935 -0.6945322450071
0.00499863199730998 0.00840481089470417 -0.747033007536255 -0.693676882414474
-0.00832730557684237 -0.0298323340696084 -0.861020982647355 0.388401127833501
-0.0447707020085962 -0.0144564710060317 0.093377348506664 0.706566774999337
-0.0190635910552694 0.0207816051910408 0.446860373598912 0.149320255973602
0.00488093107915997 0.0027164938287549 0.175380937939724 -0.151830464521603
0.00283720808015029 -0.00521499896049548 -0.163701076337838 -0.146052522165208
0.0131214340960132 0.0123069644249229 0.141577770591635 0.115161526867775
-0.000327891599477603 0.00128352961425964 -0.0811946419412321 0.131152054351408
-0.0108045026330355 -0.00516080920626534 -0.424595797775767 -0.116755437683082
-0.0200604547146265 -0.0268342947911855 -0.181502533812261 -0.584296264286839
0.0222091127822282 -0.0530720273626913 0.634630704360912 -0.502145393005703
0.0178950756049805 0.0246383883458595 0.843920993952902 0.445895142140247
-0.0223563530286542 0.0114163975763868 0.0558139690962944 0.738953155458903
-0.0244013943630488 -0.00313620681144578 0.0585088444408781 0.104334468710695
0.00617402018159014 0.0240341967418929 0.1045402272698 -0.69173604738608
0.00569427442087674 0.00815153743238451 -0.744841069301506 -0.697654212339718
-0.00456701830486617 -0.0286887750409584 -0.864100123571974 0.381908485596164
-0.0415530109548209 -0.0132396222123723 0.0894278561811268 0.705037261121102
-0.0204552520307587 0.0240431236069207 0.449574202306466 0.150950800189021
0.00349513322283317 0.00661448689207403 0.177514742932306 -0.152905468300124
0.000587214886563651 -0.00104603062922315 -0.162407333826413 -0.146998053391826
0.0123843025233878 0.015629744361135 0.141183108946129 0.115851402026246
-0.00182819547286125 0.0044526204619656 -0.0802462362760632 0.131300955807457
-0.0111142958924699 -0.00270556391096899 -0.422718313702351 -0.118256149402752
-0.0162170515404496 -0.0265500933219043 -0.178874149917339 -0.583575098265218
0.0258974838162097 -0.0528410002550232 0.636072983855663 -0.500658805371121
0.0188820002515376 0.0230244496017294 0.840507727469574 0.447882001242604
-0.0206942696017317 0.00580968013220103 0.0523606931810061 0.738942726673523
-0.020128685947902 -0.0101272862304166 0.0570419183674009 0.1049795977786
0.0083083688991451 0.0190094761299595 0.100740971518259 -0.69133310353185
0.00783607375958367 0.0072213389740441 -0.747530699361673 -0.696171385648896
-0.000758452975846563 -0.0272605025961326 -0.863681224331289 0.380036367001864
-0.038794270788571 -0.0101953026077202 0.0920642226005742 0.705987219666243
-0.021032223347461 0.026253931255491 0.451786268406887 0.150171478982414
0.000990854016523213 0.00909696694729466 0.178313734636403 -0.152038695157378
-0.000571731815387618 0.00236671539831539 -0.161618691657209 -0.14584821407014
0.0125990012015724 0.0183164300026005 0.140550970878497 0.11707866644834
-0.003015193674979 0.00582600176501647 -0.0810965015863292 0.132821582481453
-0.0112005313042734 -0.000657057684464142 -0.420249158314259 -0.118889306755765
-0.013775568046812 -0.0252440348855233 -0.17036121472095 -0.586348333143605
0.0302388456507558 -0.0517480318958328 0.645074522886849 -0.494801993262449
0.0206409670269024 0.0222705631639751 0.836355484171161 0.458080407997154
-0.0190470789465946 0.000668847883918643 0.0474772781255988 0.739678346749659
-0.0166540498014029 -0.0158730585000891 0.0565763448030243 0.101705294556326
0.01111932504267 0.0140943728727289 0.0959101676164143 -0.693228256242697
0.00908076868138508 0.00715725380015719 -0.750690552928271 -0.686295936286089
0.00101099089139537 -0.0258712650668891 -0.855953726848064 0.389382355757038
-0.0375297909542932 -0.00832608838586307 0.104022817338701 0.703733029077173
-0.0224341096313168 0.0294258345638718 0.455055779480091 0.148350057610083
-0.000652617424688598 0.0113798416464986 0.17765159227575 -0.152017618845366
-0.000535174649496224 0.00396671622398269 -0.161728642282998 -0.146539017757213
0.011751216232037 0.0195960447122831 0.139048246428454 0.118422749475614
-0.00423824583460548 0.0072480511793938 -0.0837240511589724 0.13286629285019
-0.0116735313316647 0.00107655676439034 -0.416469924822683 -0.122593578184191
-0.012588170227255 -0.0226694327737702 -0.153724472911771 -0.588979879769843
0.0332925040274786 -0.0497808785774254 0.659061926994664 -0.481654702053279
0.0206679159469375 0.0224157027634653 0.830882246917445 0.475265387712482
-0.0163744731318208 -0.00317961163687416 0.0368209786128637 0.742462493093735
-0.01179365179032 -0.0200343652315222 0.0585163833179536 0.096571732653417
0.0130063029649025 0.0111176755022526 0.0874716454788975 -0.694731756174535
0.0112205379334742 0.00548251489340992 -0.761149961007301 -0.669924568110268
0.00287751813848129 -0.0236249921674559 -0.842586434255121 0.406470133297025
-0.0363102078262164 -0.00548792950820747 0.119276372656064 0.703207464067763
-0.0220461596537521 0.0308863519311499 0.457038412477731 0.144647487145032
-0.000830091327361903 0.0120533136433526 0.175093042735538 -0.153372654703309
-0.00220452209864383 0.00465021668189991 -0.162108028717046 -0.143662308790058
0.0182820622705103 0.0018416835173174 0.139891025191926 0.116199221778461
-0.00024260293955963 -0.00877956237804538 -0.0912765437981914 0.128056140467784
-0.00990013368078896 -0.0118668140610058 -0.423551409020874 -0.120687052971594
-0.0243070346718954 -0.0257007566877261 -0.146947845422768 -0.578508913862212
0.0160101472703454 -0.0469706757788025 0.676388652786381 -0.462994133084494
0.016367517841445 0.0290666359451203 0.837059197995324 0.48528874238706
-0.022147348911999 0.0216017750742994 0.0484531451729615 0.730868585244181
-0.027239459101162 0.00932395428218509 0.0749580027078065 0.0792382488135286
0.00890455133122166 0.0330594992284071 0.0742203634915495 -0.705799190068937
0.00616981204844086 0.0100238337976437 -0.779940099223206 -0.630461823528388
-0.0156200921364116 -0.0239154126723961 -0.810228624011515 0.453131148714644
-0.0515070394478679 -0.0075097285620994 0.152196652397987 0.704923825128205
-0.0175232015017457 0.0179528404820333 0.454156972219158 0.132478526437074
0.00674218482576064 -0.00438093467257984 0.158957538102177 -0.153702539615484
0.00759101310495295 -0.0136419256204192 -0.170791853999207 -0.137632504365149
0.0170997559503644 0.00308533119741677 0.140549343584795 0.114659831948665
0.000360704182563448 -0.00661429080900972 -0.0869158213531544 0.129528989990513
-0.0102555265412453 -0.0107339236959394 -0.425210096116249 -0.117760061891046
-0.0248649059105098 -0.0272811858848451 -0.16138104727297 -0.579720948849057
0.0154745526027314 -0.0491211065964215 0.658330936714692 -0.481897992606161
0.0158119016961873 0.0286947729940237 0.843664931527097 0.466455156134626
-0.0225167409860984 0.0216797474559337 0.0556676927404873 0.733372493964646
-0.028532150132049 0.00918026795847301 0.071427216743459 0.0873022121848059
0.00620801989478895 0.0343153908629697 0.082297773027446 -0.700962200810468
0.00487426942227971 0.00923897713565712 -0.769396337562854 -0.650330080250552
-0.014539174798957 -0.0269641172515004 -0.827570722034361 0.434700041824105
-0.050436069987887 -0.0109689569403031 0.132654361717725 0.704726964620068
-0.0177103581315902 0.0178400791491007 0.450868521246097 0.136569475828515
0.0067643885783676 -0.00299088820317971 0.163984563617312 -0.153799445415154
0.00616162481527549 -0.0124632778183852 -0.169111824067877 -0.139891333767536
0.016447658023147 0.00509298627820579 0.14239355762387 0.113319006631112
-0.000519228055994619 -0.00406177050696713 -0.0831576444853048 0.128113363555565
-0.010320616419065 -0.00870012569557451 -0.426548329929375 -0.114067891457194
-0.0236564684795393 -0.0273971762511554 -0.176864304153685 -0.579183762689881
0.0161024237921159 -0.0507595328477419 0.641965087025657 -0.496317439134445
0.0167691886034656 0.0271450870365627 0.847550789818734 0.449397715528691
-0.0231067006926104 0.0199625119711792 0.0628159192407377 0.735066219834098
-0.028816676022854 0.0072203373363946 0.0662752547998452 0.0952150948417321
0.00562643341807197 0.0317543319954463 0.0910980315404105 -0.697529345145279
0.00525204402300344 0.0091907034710829 -0.7612062633663 -0.668404373274629
-0.0121426599689137 -0.0283487719749523 -0.843504971789196 0.41376899118297
-0.0474282438149078 -0.0135650293466663 0.115940090457353 0.705156779875817
-0.0177906160303065 0.0190368214529215 0.449724377870882 0.141019803853584
0.00653259619119789 -0.000635202999172114 0.16792537046306 -0.154207606625277
0.00422382177133839 -0.00896036407647748 -0.167428640347616 -0.141528563841361
0.015849943755916 0.00853160616611801 0.143426639548113 0.113484029940642
-0.00109219190902101 -0.00180176988070293 -0.0806312156507492 0.129821611419272
-0.0102101273423669 -0.00694400017470786 -0.426478035518614 -0.110430261679019
-0.0218526081222227 -0.027121870163969 -0.187225747350748 -0.576995284026591
0.0181336754548373 -0.0525692068589605 0.632882481464292 -0.505258086127182
0.0170704649821391 0.0260339565945285 0.848489103053509 0.436686884610087
-0.0231223029169535 0.016208134035798 0.0659962650409602 0.734782975865317
-0.0277659447822722 0.00258819923415568 0.0630371034989117 0.100854177431731
0.00518203998732955 0.0270832878637517 0.0931203275892734 -0.695152970862881
0.00549403206226352 0.00825229372188421 -0.754555383430862 -0.681764991383374
-0.00845649925512257 -0.0293068033072246 -0.854788398730268 0.398900710597909
-0.0443437855834392 -0.0131279888980635 0.104786431946442 0.704067269760791
-0.0188800895842561 0.0206766425263684 0.448245231992705 0.144089741272859
0.00435147017930891 0.00276048058383847 0.172730990649968 -0.154174121550823
0.00301508372046708 -0.00503857152023202 -0.166037244508811 -0.143008611988499
0.0135383114811474 0.0121415639296088 0.143666467811927 0.112625565517376
-0.00123924265825795 0.0014727485965406 -0.0783548294969296 0.130602504491285
-0.0105870560260605 -0.00496856125105251 -0.425856223035931 -0.109829775622013
-0.0193569334599384 -0.0262095694112097 -0.190312684673824 -0.578396874720775
0.0216489981875607 -0.0533079372789605 0.626692592409352 -0.510028241382881
0.0184446575047054 0.0238000176004664 0.845587376959223 0.431253396645602
-0.0217118673914855 0.011608784563131 0.0671218707788708 0.73700553321419
-0.024151783450763 -0.00339202626287807 0.0595827472452963 0.103481453119567
0.00603961701537068 0.0232083363503585 0.0947583972398781 -0.692592605548406
0.00702095457988677 0.00836436762440138 -0.752591820423535 -0.688180384070622
-0.00483895745642936 -0.0289630615412851 -0.855990488904245 0.392047778338585
-0.0418086884231853 -0.0126285518051706 0.100183321605884 0.703372242690926
-0.0197014312024641 0.0244164114676051 0.451364919036946 0.145170967924547
0.00319368227680317 0.00707362231202774 0.176473215042491 -0.154746742790133
0.00131703389393695 -0.00168370556892996 -0.164363127076308 -0.143326703431184
0.0138842715880805 0.0152594302191729 0.142662751486514 0.113711776514299
-0.00259207132357692 0.00378322781472015 -0.0776760370393416 0.131139126397977
-0.0107822502405214 -0.00302586242085965 -0.424099750292355 -0.109600850463333
-0.0165016018661623 -0.0266915193863566 -0.18684879110672 -0.580466955501599
0.0250403571938821 -0.0535853791877597 0.627164593939292 -0.509184386239908
0.0183079758912376 0.0228482002313911 0.843668809770571 0.435432757217802
-0.0208648796428405 0.00556436682983772 0.0623290740903814 0.737051474099263
-0.0201982986960774 -0.00989418335099696 0.0577917291634969 0.103856868616852
0.00825356501698399 0.0184812171466832 0.0912751791301313 -0.691698454351625
0.00802097161049594 0.00733370842929065 -0.754094987355313 -0.683869803027533
-0.00132993383010514 -0.0277728753408276 -0.855951686454938 0.392228918826847
-0.0391672423111719 -0.0100687225065693 0.104273096178528 0.702542178855505
-0.0209338897861456 0.0265038092866938 0.452074465303235 0.144072656897128
0.000987837332323202 0.00954959795210715 0.176563838981953 -0.154289152032776
-0.000452806336769929 0.00247254836867643 -0.16332144019773 -0.144557994846714
0.0123127566434654 0.0179246259148562 0.141114858327399 0.115410595228484
-0.00275768669902137 0.00611708478672624 -0.0792907246208363 0.132212241809927
-0.0103807759001345 -0.00122648452625907 -0.420627022630538 -0.112860287768599
-0.0132921018124368 -0.0241136454854381 -0.177458168053236 -0.581997557137769
0.0292426489802987 -0.0526133871341369 0.635765712524321 -0.501351339564975
0.0206224732949915 0.022070988178256 0.838865867458056 0.443963248277126
-0.0190004229515492 0.000362562913457182 0.0578692569265941 0.737897954327488
-0.0162455550842393 -0.0166586283580431 0.0580694231274251 0.100757943495504
0.0107877493636967 0.0140477049803418 0.0866362812060234 -0.692193439129739
0.0100253693244525 0.00710987245304177 -0.760553007088861 -0.676280937895388
0.00148229449103205 -0.0252668230938755 -0.84757138137828 0.402054354743967
-0.0378520907849041 -0.00779713594515744 0.115292320178174 0.701287552843102
-0.0215383645350296 0.0293158914037822 0.455887791865538 0.14087719394024
-0.000245639315372265 0.0115964092665652 0.174939706635268 -0.155255929145573
-0.00102041592437799 0.0039981104096623 -0.163232320049216 -0.143644755480392
0.0123576710002399 0.0186826002956807 0.140610091978571 0.116851255714845
-0.00362956689347466 0.00769083954497429 -0.0810400879993392 0.1325280811674
-0.0110889886095123 0.00042789723126256 -0.417977363866422 -0.11668133202471
-0.0110794500279254 -0.0238831287093225 -0.160120917181439 -0.583386768371585
0.0335119482998344 -0.0498126438852535 0.651142252511078 -0.488116538386377
0.0216042088323716 0.0214210337219094 0.834038369734082 0.462967117376793
-0.0168575256124806 -0.00331088888955208 0.04676805490109 0.738795736522993
-0.0121507563576605 -0.0203517846601035 0.0597940026780534 0.0953986894423213
0.0141751995106305 0.0103382471020091 0.0784581589506954 -0.694653609898957
0.0122217554329513 0.00630241802628702 -0.769055325496614 -0.658870574575071
0.00266823770369206 -0.0241142816411974 -0.83576956129121 0.418089156702299
-0.0365907545990821 -0.00447795978773636 0.130639413024839 0.698499000407864
-0.0217669068438122 0.0308716576225411 0.458586894263865 0.136933823915335
-0.000459888579192689 0.0119527355866133 0.173157687613613 -0.155546908606118
-0.00144151642477088 0.00538197577181203 -0.164133984839159 -0.142698706304941
0.0188975067227471 0.00083707542926355 0.140989746267187 0.11361972693383
-0.000507469652090536 -0.00764178916073904 -0.0893579387215711 0.12878085159678
-0.00972312278886884 -0.011048904004673 -0.424384636168088 -0.113902702251218
-0.0241538772749463 -0.0264589960443866 -0.154197755874331 -0.572579502512436
0.0150002212637561 -0.0471339679375248 0.66805935004518 -0.47100939262205
0.0160942891554414 0.0284163800544725 0.839510193005615 0.472203768554181
-0.0212609647030218 0.0210155814027727 0.0559894496869138 0.726549271062315
-0.0265429157769331 0.00852941051912054 0.0753407101640376 0.0787928762641248
0.00969084813800754 0.0322619150993439 0.0634906656815399 -0.702358479400399
0.00691794715526194 0.00999424044536272 -0.785139443203496 -0.618544201690831
-0.0159191203402627 -0.0234668131766699 -0.800811657406822 0.461791774219406
-0.0520540564715499 -0.0067952015776312 0.161955050487784 0.698659031339185
-0.0175891394696929 0.0177827904187094 0.454370822703657 0.125286687725565
0.00758195780566619 -0.00368468770399322 0.157225289902427 -0.156117488020691
0.00626404100082816 -0.0138032520167504 -0.171418293232318 -0.135394774631193
0.0177968219801509 0.00257625659098472 0.141352083340019 0.112438111050265
0.000119561887256849 -0.00604352944855492 -0.0852289707935023 0.128812922620632
-0.0104266773465884 -0.0110301717751341 -0.425807397687919 -0.110816900508704
-0.0240469578228793 -0.0262621862478199 -0.170413177024304 -0.57268324522864
0.0151549973829829 -0.0488602809885642 0.648044228035691 -0.486780532650028
0.0160286853518142 0.0281709219613728 0.843949956518109 0.454950009042391
-0.0222663773497799 0.0219464936533028 0.0658251799186634 0.728139929453193
-0.02832940866622 0.00919897419834756 0.0715971517291339 0.0856693536423969
0.00809797987545186 0.0318138452109631 0.0731372775387077 -0.698787333588119
0.0061487220337401 0.0107876453756783 -0.774507548394452 -0.63732663917388
-0.0146536771906917 -0.0264436882927013 -0.818490347721478 0.444500401186459
-0.0503316768842445 -0.0101421984459141 0.144881896838985 0.699502483184598
-0.0170668536026493 0.0171298967356253 0.449961119238957 0.130175623251118
0.00801033586093266 -0.00310101406819437 0.161342227244998 -0.15596083591641
0.00637583705356261 -0.0113017366423098 -0.1704869104918 -0.138022520563866
0.0165615622129548 0.00475291847276432 0.142967719762808 0.11103815929222
-0.000447153441331406 -0.00423673635578848 -0.0811757672400241 0.129495744899174
-0.0100814879723838 -0.00914553690894851 -0.426430957337696 -0.107130677402425
-0.0235408152002325 -0.0269948709722817 -0.185414276614965 -0.57266421073637
0.0149218791135075 -0.0510930332787927 0.631726723754668 -0.502143475595785
0.0171909832280051 0.0270131749702905 0.850073902364401 0.434676170508515
-0.0232483923555108 0.0200914135288103 0.0739754095909906 0.730067063385327
-0.0283753977333532 0.0070133628778904 0.0667707339746158 0.0936326546464913
0.00614852930775622 0.0297477777806009 0.0818213053898205 -0.694953739841243
0.00522424870326401 0.00901200251064461 -0.767749925460491 -0.656188285867098
-0.0117309036119109 -0.0278056165591925 -0.835379533174544 0.423845153760809
-0.0478246061452999 -0.0122902240662276 0.1250845301451 0.700305654537073
-0.0171682783377654 0.0183669305552755 0.4492965803508 0.133718089195941
0.0062494413511462 0.00042529554120496 0.166497625324658 -0.156097025346511
0.00388769274291432 -0.00850648416272086 -0.167943531127233 -0.138577284572902
0.0154510133780611 0.00795268261352319 0.143587578375826 0.110341217004516
-0.00139141184158084 -0.00194123433223014 -0.0787582218527516 0.129523387604588
-0.0109281440351941 -0.00675388887689719 -0.427434010599153 -0.105713740382998
-0.0217794623843081 -0.0267315221101992 -0.193966985005361 -0.573579128182244
0.0174556614293554 -0.0517429687654251 0.62325719250126 -0.509405382080949
0.0166630106544297 0.0253014085221472 0.850798527756614 0.423274678389161
-0.0225619254797493 0.0158071442154501 0.0747196019689972 0.730147571888503
-0.0270896045128112 0.00244544198052695 0.0629110005119166 0.0993942541324089
0.00571286162181507 0.0264858218230869 0.0836859502721219 -0.690614269556125
0.00591829354901884 0.00890287072929959 -0.760268635544947 -0.671163017727606
-0.0087702639446068 -0.0285819408002904 -0.844187961944544 0.409037086666604
-0.0453862867094161 -0.0129296769561235 0.115916386322441 0.700132839979985
-0.0184242453300724 0.0213708868181654 0.450793025006795 0.135809689937951
0.00505641493580448 0.00369068904269007 0.169898855430032 -0.155348222052371
0.00289399295216721 -0.00454870693300416 -0.16721257329896 -0.140206374403217
0.0148606582352715 0.0116008621470801 0.144722651561017 0.111117952795111
-0.00239983827668831 0.00141104012949209 -0.0769643155479084 0.130308682437287
-0.0105282962415352 -0.00528716296092079 -0.426012060431423 -0.104058871499908
-0.0189573308045786 -0.0269459909419493 -0.196032642980737 -0.573352213281378
0.0202534982428994 -0.0537187212027175 0.615768546153952 -0.513521742469063
0.0188297095168605 0.0242156955178411 0.848244640937937 0.415380713096239
-0.0216902023915206 0.0105033748011726 0.0757482153534198 0.732938348161107
-0.0248638273082588 -0.00382687452156003 0.0599388339198808 0.102028998921466
0.00676865799600412 0.0220782143358924 0.0854561820049689 -0.691181027072394
0.00751328354604034 0.00769891575880867 -0.758158280737653 -0.672984267188777
-0.00477678666171311 -0.0287472840504345 -0.847603642234684 0.402470683080623
-0.0415943790678719 -0.0115425883171753 0.110022634178379 0.69798396954552
-0.0195677597515476 0.0244535923643872 0.451156909206791 0.137066097875736
0.00330885722143543 0.00740362095370373 0.173378619937121 -0.156309153375727
0.00153695735671038 -0.00110623142321722 -0.165490103517418 -0.141152723199912
0.0138832999694033 0.0151346376734711 0.143310505756919 0.112381054487552
-0.00302409986193662 0.00382039219958107 -0.0762763273630633 0.13075810183419
-0.0104659253881322 -0.00290903954428061 -0.423358865125293 -0.10461604835349
-0.0157879197736722 -0.0270295555267074 -0.19317642590851 -0.574375878684863
0.0238812311948652 -0.0532878040130937 0.616114388216961 -0.514634420531433
0.0196378266643702 0.0228356835604364 0.846262018601152 0.422087841046511
-0.0207125726705078 0.00474070687875754 0.0722903389549605 0.732519886758281
-0.020482104197755 -0.010422296517348 0.0591101266762347 0.102377350710643
0.00836376575248854 0.0178321003950053 0.0820075736803251 -0.689297083837754
0.00846019950639476 0.00751444228009662 -0.760431238604315 -0.671563444106827
-0.000887152041454623 -0.0272972776072251 -0.84881035914852 0.402806675559584
-0.039233311570635 -0.0100367276107577 0.113164923133521 0.698673159143421
-0.0204172417019351 0.0276614611477974 0.45358904388185 0.136655463785099
0.00105087944087299 0.00942589423819701 0.173574108531602 -0.155963318502883
-0.000202789999710812 0.00233161834605811 -0.164629397415834 -0.141248698713166
0.0133522760191225 0.0179315978739259 0.142312637147003 0.11290589623359
-0.0036557055155187 0.00593547788963384 -0.0772856282131146 0.131927339071472
-0.0107761976880934 -0.00140770967283323 -0.42161006806783 -0.107320496015294
-0.0137306074992853 -0.0256325551932599 -0.184184111281542 -0.575602799654876
0.0277709588611149 -0.0529689620504445 0.626568623439724 -0.505790404117227
0.0211199298364663 0.0214993605442569 0.84190248429977 0.431088779832576
-0.0189551858118443 0.000420043065561145 0.0647421144142547 0.732850762071354
-0.0167563335296936 -0.0155546240483747 0.0587164029097454 0.100117409858757
0.0111758797451974 0.0132329599865673 0.0770790709596992 -0.690575659778972
0.0111562610205547 0.00716026477817276 -0.765038663664648 -0.662923490865831
0.00147605134559176 -0.0248915753912468 -0.839606002869131 0.412217608438891
-0.0375920256823594 -0.00738110899582234 0.124779567836445 0.697497298029877
-0.0203192659559547 0.0296748911182859 0.45606133327986 0.133542976374287
0.000583228059723535 0.0115525663413002 0.171931543036737 -0.156730949332416
-0.000908323181831244 0.00378061672124854 -0.164833492233083 -0.140174007320227
0.0134177201889195 0.0192732387485183 0.141409759117671 0.11491889641175
-0.00455357871703756 0.00697438415952955 -0.0787778861348277 0.132372992746192
-0.0111673891537565 0.000872517709381435 -0.417212712837393 -0.110659940359666
-0.0112726474921714 -0.0230392630225192 -0.168627793251753 -0.577794999429263
0.0310900438340651 -0.0507365430976137 0.642108375138366 -0.49413287476144
0.0218982819349343 0.0215998029168214 0.836027403925193 0.447561872471494
-0.0162941157291709 -0.00435946342235194 0.0568281553624387 0.732746696123436
-0.0125442879059671 -0.0201441059137443 0.0609906249558375 0.0942706781540917
0.0142113583278838 0.00879628108598878 0.0684858810091978 -0.693689398247744
0.0121463449709866 0.00713561094427658 -0.772742685657483 -0.644210983702715
0.00271025323201549 -0.0237509537667853 -0.827451678960145 0.428619068540528
-0.0368270568108918 -0.00450408732714295 0.139685746514874 0.695191562249385
-0.0207851608239946 0.0316085278326065 0.460178311957959 0.129782218675736
-0.000667348175022436 0.012483424040863 0.169207955435602 -0.156469841055485
-0.00149455520197497 0.00574421805570294 -0.165141509536159 -0.139862437772244
0.0181084599303944 0.000658892365392847 0.140863679353963 0.111802701383095
-0.00102653951827822 -0.00803630533054346 -0.0874445253075944 0.127750282719974
-0.0104741377235149 -0.0116316638504053 -0.423984698883282 -0.108391704754911
-0.0237681481900329 -0.0257479582374472 -0.161249263809505 -0.567796129962663
0.0144277755792021 -0.0472880158356363 0.659196122697622 -0.474278078522886
0.0162343798602236 0.028725687804473 0.842245081519829 0.458178690526903
-0.0208103403584948 0.0208521988528602 0.0654815101963916 0.722217890245828
-0.025966838535318 0.0087412845872969 0.0758030267539368 0.0767287255363666
0.0100349474675464 0.0307320203798595 0.055678654753372 -0.698484686782125
0.00740090996395703 0.0102568605889972 -0.786005647577422 -0.604401845506484
-0.0162865602977244 -0.0230105248713436 -0.791981654014037 0.470459795114682
-0.0518354607754806 -0.00624042460871968 0.171495137854978 0.692527551645283
-0.0173102989836966 0.0181588610185527 0.453239772638049 0.117966920760665
0.00790855010126476 -0.00352671166891125 0.153744053484332 -0.156489983698734
0.00681225600484468 -0.0134978499057271 -0.172315842400971 -0.13311679977724
0.0182657002614586 0.0018296948944545 0.142555989504166 0.110252040529625
-0.0013601191813257 -0.0066263537612038 -0.0831523438491013 0.128431938977106
-0.010183444520994 -0.0106182316737874 -0.424909528395374 -0.105336123072705
-0.0248430343385265 -0.0260294174606854 -0.176663752737464 -0.565823943512031
0.0144883617474685 -0.0492998429977571 0.638618955060215 -0.492959550765816
0.0165002471031613 0.0281101661516047 0.844831932497832 0.439102427408531
-0.0224181327294721 0.0213793476759667 0.072823208403026 0.722681588943987
-0.0283681551709565 0.00888350385617092 0.0720173041996634 0.0846163954863494
0.00735504346486429 0.0315277426997902 0.0654735692329954 -0.695880814440034
0.00636360520174397 0.0102393237486878 -0.778508698252981 -0.623571481884956
-0.0147809015616533 -0.0266118568018597 -0.808472430088645 0.451377393161764
-0.0502798163568519 -0.00844019675544315 0.151909045459324 0.693498840185164
-0.0165208043003452 0.0180476889545748 0.449311263262985 0.122369184299685
0.00768047412774977 -0.00142279084488329 0.158722480178373 -0.156598095104926
0.00585183260249756 -0.0116797796763473 -0.170907459847309 -0.134313882734966
0.017184065568767 0.00450021819340887 0.144035207652616 0.109107364472948
-0.00151004562805789 -0.00405159706036966 -0.0795440704385119 0.128437265510945
-0.0103023638512904 -0.00964378447176569 -0.426590657823358 -0.100773612638456
-0.0232111224513464 -0.026590652902118 -0.189908438014166 -0.564920433287193
0.0139792045571351 -0.0510375903603163 0.622378702416961 -0.506838187951681
0.01692426669391 0.0272884268687691 0.849076716833517 0.421526754646713
-0.0226791869512161 0.0206641130517571 0.0806699236952216 0.724000664565322
-0.0284619005497547 0.00711211511306819 0.0673344752155661 0.0922131011786684
0.00650059870441561 0.0300825843259821 0.0734741396150906 -0.691624893233386
0.00600693793756853 0.00913545331387432 -0.770510274876794 -0.642536981310603
-0.0131350579197569 -0.0273261943537151 -0.825012496765981 0.432376820895246
-0.048759285675076 -0.0125805711092813 0.134645837426037 0.696049453761676
-0.0169491154013755 0.018959338707386 0.449655025731394 0.125567921280896
0.00628446119352392 0.000138074772956838 0.163642765642747 -0.156637750850105
0.00503879427618917 -0.00809343267341316 -0.169174476517884 -0.136858082010884
0.0158684297411913 0.00747661178333775 0.144798551988269 0.108764169606113
-0.00175070992482053 -0.00133276596367708 -0.0762803998263058 0.128689260091894
-0.0105860539532976 -0.00760310800564413 -0.426419200404935 -0.0980514777235301
-0.0212343432723362 -0.0266946414097948 -0.20217384200073 -0.565478340549942
0.0158772934574686 -0.052011330602328 0.613059945705472 -0.515213726531793
0.0170611694763478 0.026609285708402 0.85050635070503 0.409242567236547
-0.0226760832150867 0.0163520705087815 0.0834657072736255 0.724034008504371
-0.026971776348277 0.00251379591589817 0.0640767735509168 0.0976288539578887
0.00614627990673765 0.0255548225383239 0.0752915751087971 -0.688506694454069
0.00661413677204581 0.0098122232956075 -0.764033087192889 -0.656546978633086
-0.00816333942968625 -0.0285004376239596 -0.835357508839692 0.416988796752055
-0.0454588314626081 -0.0130787502050786 0.125552423241762 0.692676527195244
-0.0175722846691636 0.0214976866076345 0.448998084580346 0.130316670188161
0.00585206533447267 0.0024518207853843 0.166371091394697 -0.157088404623944
0.00276859827936157 -0.00478000199284241 -0.167068126307374 -0.137399516076787
0.0151550506185868 0.0115705567847161 0.144419880711233 0.108585789382984
-0.00215142566605731 0.000683583448442288 -0.0741998157492487 0.130171484324016
-0.0106096786700213 -0.0061082450022622 -0.426526566777801 -0.0981783164155836
-0.0191033782243604 -0.0269664196466782 -0.204826528835121 -0.566368878755069
0.0192312548959 -0.052887229473433 0.605867903901251 -0.517996157535198
0.0182641233507669 0.0241302614742875 0.849204351868066 0.403822404701847
-0.0211468804598155 0.0111012952919331 0.0838360482607904 0.726490107102421
-0.0239197465055121 -0.00337217915586297 0.061432101946538 0.101283249576096
0.00622462477203677 0.0215175519474091 0.07732454696447 -0.686282960243028
0.00895026489341026 0.00858851627233039 -0.762369519134479 -0.661225600867218
-0.00483601637698183 -0.0286376654794987 -0.839252464686518 0.412709728629537
-0.0425018622773344 -0.0111101146116386 0.120028954833908 0.692332148530991
-0.0187778529864266 0.0244934173013372 0.451624432877263 0.130759983052709
0.00302160947716944 0.00690002622009758 0.169530232115294 -0.157146034229158
0.000837440285049607 -0.000304457974735833 -0.164890401655135 -0.138443279691451
0.0140311205776242 0.0139888997919035 0.143978936764705 0.109468573264026
-0.00348026850834539 0.003593310552386 -0.0732946923259155 0.130063590637386
-0.0106286552643668 -0.00365560908750097 -0.423250814912978 -0.0992144572589629
-0.0157227605391542 -0.0262954789338726 -0.199766519114012 -0.567137076544381
0.0233086819809826 -0.0539695493059586 0.607038686868126 -0.5197418371307
0.0203852358551041 0.0216506988139283 0.84540230345763 0.407071981822361
-0.0197705214273743 0.00478920477394598 0.0806770533244109 0.727280274070343
-0.0207954875003468 -0.0106744145809771 0.0598714165929956 0.101292390555826
0.00944153157499123 0.0169066234087622 0.0753750236412483 -0.685900126482174
0.00962123730406611 0.00750318766806041 -0.76510337884201 -0.658978991547528
-0.00232908766835783 -0.0280163485183957 -0.837794625684364 0.412354107620773
-0.0397895859836858 -0.0099366414359359 0.123573074102679 0.692536316367912
-0.0197719106186706 0.0275469110237048 0.453416622006066 0.130307970918865
0.0020222281483174 0.00944719122454871 0.170940813426263 -0.157426918966959
-0.000314684735349256 0.00339078279872117 -0.165053457899054 -0.1385704486877
0.0133072162429385 0.0163937875139816 0.142886909674888 0.110600302673406
-0.00396303755425579 0.005249832007822 -0.0747126689837569 0.130898832499885
-0.0106646012736741 -0.00131025027665986 -0.420943943847264 -0.101266391136862
-0.0133297245406214 -0.0253004669415332 -0.190775247569823 -0.570377299528308
0.0266170477001904 -0.0533551739073949 0.616960455893157 -0.511363424159777
0.0215219459620804 0.0215075815096344 0.841360929593301 0.419728661647618
-0.0186509185006598 -3.8390968893267E-05 0.075434185106221 0.729268826919096
-0.017008769813154 -0.0158797409311319 0.0596677042490052 0.0986715400620385
0.0118729809228457 0.0125948729503605 0.0688682321680118 -0.688076954863057
0.0112477999802529 0.00738371878264694 -0.770089595324576 -0.649029521102698
0.000678864766065372 -0.0255122372268773 -0.831020959513218 0.421478040914182
-0.0381928255448466 -0.00623286832663374 0.134347491955026 0.690732507272407
-0.0207406399151389 0.0298268780896315 0.456117052379603 0.126158294374798
0.000670058631294197 0.011577054766724 0.169801837209184 -0.157719516595527
-0.00102553336236323 0.00384938272870748 -0.165176952743553 -0.137390369334005
0.0129470275517958 0.0188779870917327 0.142342335957657 0.11225196725344
-0.0051875570822695 0.00718826147430843 -0.0774903721551707 0.131434801682834
-0.0113460009477619 0.000253947186257949 -0.418366284109956 -0.104536221754073
-0.0108244849134111 -0.0238215140095645 -0.174965747183728 -0.570603281901036
0.0301509933067539 -0.0512693323539526 0.630924041190224 -0.499921720041595
0.0221835940217695 0.0208854041554029 0.836596296508568 0.433330230405646
-0.017140635581548 -0.00441276353695358 0.0637818574495212 0.727499221964942
-0.0135557210224658 -0.0202336864063005 0.0616814002980678 0.0930019470209254
0.0143758464208136 0.00838043049508531 0.0598872319952348 -0.690191996139392
0.0130796266208091 0.00636572468649208 -0.777991154469456 -0.633619409514447
0.00206931194887962 -0.0238805742890922 -0.815887028806581 0.437190887561534
-0.0363983992028603 -0.00354410956057274 0.147979699796272 0.687163709325063
-0.0202845548368926 0.0317153961295151 0.45813430213352 0.122331180223748
-0.000226304978634181 0.0124130313573208 0.166795559847539 -0.157548330237165
-0.000952733138949723 0.00610065013164535 -0.166102180228176 -0.13673132818516
0.0194937569567362 0.000187268493247772 0.140644227882502 0.109451608828039
-0.00132129100086606 -0.00776019035775914 -0.0845649271465797 0.127304648464744
-0.0105560241643073 -0.0119946960428501 -0.423325018683325 -0.103476479635209
-0.0234243899165671 -0.0262380274861664 -0.165748136725034 -0.560997790638692
0.0134562518059262 -0.0472058320364324 0.646663572503287 -0.478677280347904
0.0167023912112831 0.028335775333172 0.839451113851244 0.445739421450374
-0.0206054178684189 0.0206887941450812 0.0737245524229364 0.716081456350113
-0.0268995590106613 0.00881055472688226 0.0765805427050479 0.0758662568954621
0.0104396421566842 0.029829470179058 0.0491187628128942 -0.69404398148859
0.00786897843118763 0.0106838176074174 -0.788683621393582 -0.59114493609842
-0.0161241403425804 -0.0226977114202831 -0.780793308813347 0.476061534881659
-0.0514811710109452 -0.00635555972885756 0.178492521604883 0.686375004078019
-0.0169852752777888 0.0182237157861762 0.45288811211456 0.11307067481668
0.00754206128317522 -0.00338708675519683 0.151826701736886 -0.15761093799802
0.00677581722557135 -0.0129527966138686 -0.172985667826104 -0.12949006265095
0.0195964724015074 0.00114943934130964 0.142886052869894 0.107742831514129
-0.00151494161308412 -0.00766336610515971 -0.0810834816717816 0.127065385413546
-0.0109299363155656 -0.0111101469544072 -0.424798188120009 -0.0999126228683498
-0.0235901557049329 -0.0263474686820922 -0.180263114084871 -0.560365242279097
0.0121314654915455 -0.0489312705795472 0.628468026911136 -0.494364791416451
0.0168669615440868 0.0279445079752735 0.842064166600441 0.427401309284785
-0.0221978934159763 0.0208643978769512 0.0819641658208309 0.716643211239709
-0.0275895476430419 0.00875088919998694 0.0721220570458383 0.0829197292182007
0.00823241308804139 0.0300254613867453 0.0571880257029944 -0.690794556544199
0.00708123472494327 0.01056370318276 -0.778718410880301 -0.610587626578156
-0.0152971919040264 -0.0250188074439238 -0.797822665314926 0.459033890563487
-0.050750932528731 -0.00947495846176146 0.158455791052512 0.687844656300606
-0.0161144184991186 0.0184577950211468 0.449343612608561 0.116018428266904
0.00779822472686664 -0.00266998818017937 0.15565512727651 -0.157299789140506
0.00594789589776305 -0.0113728689729509 -0.170326091639437 -0.131694184947425
0.0180469632496758 0.00327283530960039 0.144024520033094 0.106570369891596
-0.00201630736973682 -0.00437785396012427 -0.0773459322788628 0.128102413683891
-0.0110061217657028 -0.00963440238578551 -0.425871762117504 -0.0966178615041849
-0.0228065004027026 -0.0270613095237402 -0.197199767709011 -0.557697779161329
0.0132220708131247 -0.0504303262201768 0.611673908541806 -0.510436179679507
0.0173043841642964 0.0263140971008989 0.847699432762375 0.409141108599828
-0.02281226148988 0.0192858393971146 0.088749240419587 0.717398330464148
-0.0282510302707725 0.00655002450965168 0.0687413657547166 0.0902131279943886
0.00667478812753834 0.0287560057964109 0.0657236031399043 -0.687218427165988
0.00631029796212159 0.010285672459884 -0.771979554058165 -0.632219943924142
-0.0124416662016662 -0.026873561289427 -0.814096017357146 0.439367656994354
-0.0480858436388208 -0.0105545989011723 0.142202575070083 0.688732670858176
-0.0171605391087119 0.0190780211454282 0.447660102265026 0.120885831579471
0.00675322197088772 -2.35833944892457E-05 0.16066089100416 -0.158009750767149
0.00454455579289537 -0.00901043827565695 -0.16988574343548 -0.132744857016695
0.0159191789092988 0.0068159885003957 0.144807891230326 0.106319315244883
-0.00238408455952746 -0.00200192182428733 -0.0738932520207622 0.128352489664593
-0.0108449830296483 -0.00756117552238712 -0.42501850805311 -0.0921436615328246
-0.0207979971734523 -0.0271808290137057 -0.206039938017396 -0.558553137954181
0.01472834845633 -0.0518602510457228 0.601252028960641 -0.517691353535217
0.0179559837990458 0.025190412472975 0.847616795279225 0.395756115642577
-0.0219350553395575 0.0158439165966337 0.0900674718524829 0.717660661876259
-0.0270539487785787 0.00191497087457815 0.0643829848859001 0.0961641742456168
0.00674458337682928 0.0253389210533863 0.0667154215124631 -0.684581266147451
0.00690904745699086 0.00904489979597327 -0.766802834600083 -0.643923477387057
-0.00912226571033352 -0.028249533204696 -0.82563433533444 0.425995875430016
-0.0457765332719509 -0.0116401788965474 0.132376958375846 0.686691488781327
-0.0175606450048969 0.021765036280822 0.4470568070931 0.123138795950258
0.0050106131000179 0.00219215033533214 0.163966665296949 -0.157416790243533
0.00273750805692164 -0.00519726006490844 -0.167707168058974 -0.134478403725568
0.0150171653057084 0.0107067633100344 0.144623003893556 0.106372866927784
-0.00238361963239127 0.000930505219128198 -0.0724704237658345 0.128948840033456
-0.00985053345376815 -0.00550527005920156 -0.424713552836144 -0.0923985316758418
-0.0183587763595057 -0.0272612567669907 -0.208760302850434 -0.558892056622315
0.0176114056700985 -0.0531857497261721 0.593833120789227 -0.521765527613647
0.0185517178403892 0.0230182043638621 0.846386372948939 0.391193136200577
-0.0216535099044544 0.0105420627261577 0.0929418954765418 0.720161495949343
-0.0245545450005865 -0.00354568188875759 0.0617075194736081 0.0994758469438449
0.00797260824366587 0.0207573957690508 0.0689159312365891 -0.681136456102501
0.00869006199222752 0.00881503191683259 -0.764190753791497 -0.64822035360055
-0.00526609414187864 -0.0279447463289823 -0.828472258861765 0.419301416166107
-0.0422403075038733 -0.010615637395293 0.127568754239039 0.687206780287786
-0.0178812726424841 0.0251432065330893 0.449605547284216 0.122877614600216
0.00329803617960011 0.00625117108531419 0.166829141330766 -0.158262878962193
0.000985758050273311 -0.000852945196230692 -0.16631792402705 -0.135440411371233
0.0147066066806896 0.0134354075967575 0.144370745411817 0.108007932515034
-0.00395133595610954 0.00387066232848898 -0.071714585519929 0.128883372651131
-0.0115179915722362 -0.00386293740844918 -0.424141311360072 -0.0930537086528653
-0.0155215783473379 -0.0269182916571193 -0.204104452557924 -0.559873140227752
0.0217077335706575 -0.0532224110381046 0.59697882535602 -0.520216190328756
0.0196871092856874 0.0216469856282294 0.842921878689939 0.396001058000831
-0.0203212473963412 0.00464448928132544 0.0873233240300137 0.719498589384779
-0.0206268758140632 -0.010025685490832 0.0599575710168013 0.10019400762609
0.00953752283947185 0.0157805097244009 0.0673333912802577 -0.679101763738335
0.0105100753311329 0.00675190500736442 -0.765437576168541 -0.645959396644025
-0.00173566991959762 -0.0268336803660441 -0.82703198946312 0.419305295936746
-0.0392650550115003 -0.00950936174833998 0.130691277323733 0.685242577319642
-0.0194176562716049 0.0280484040325238 0.451874663246434 0.122652832169257
0.00201358387648954 0.00964416111331386 0.167645970691982 -0.158279180528748
-0.000965368491632222 0.0023964676285309 -0.165148398660755 -0.135872726524315
0.0134593871539523 0.0162689342686914 0.143375787234418 0.10898790765423
-0.00506269208233862 0.00560556371710849 -0.0730971234511621 0.130436799267679
-0.0107927571177211 -0.00156092848351075 -0.419570621565861 -0.0963013575445734
-0.0124381964272573 -0.0255945942425227 -0.19568706481572 -0.561463347076742
0.0258312980592796 -0.0530182452737917 0.607091726696962 -0.513614548649746
0.0217636586648751 0.0213744989139196 0.839017057894114 0.405621874032786
-0.0185125313701297 0.000121154557312694 0.0809449400855919 0.721746060888188
-0.0171189744875165 -0.0161754187534735 0.0601597587252355 0.0978006690165647
0.0119014021873833 0.0115927889152899 0.0616193975630477 -0.681539600555868
0.0119267684728665 0.00675691150528339 -0.76979636173962 -0.6376692215398
2.66634735837726E-05 -0.0249488895513539 -0.820842634265671 0.428363613315416
-0.0380018435377006 -0.00568524654309619 0.14173928170506 0.684316488306406
-0.019873103937917 0.0297285639639932 0.454474208114711 0.120072669439056
0.000452533297259161 0.0122433842997966 0.166395850039682 -0.158234362050117
-0.00112449731319333 0.00534073569694659 -0.165056863334796 -0.134558244533563
0.0144607761979899 0.0176727641148733 0.142568278651744 0.110460943918569
-0.00567693117631659 0.0062936379313772 -0.0747361293340533 0.129920274307258
-0.0120763548800223 -0.00012228594081718 -0.417423586630345 -0.0993473439913386
-0.0101633250954832 -0.0236824514468871 -0.181704972082831 -0.564112775109043
0.0285952498049275 -0.0509408899429771 0.620187948821988 -0.502442142660667
0.0224235443000422 0.0212711747608266 0.834430728468317 0.422622958203232
-0.0168147545235991 -0.00393004561241617 0.0725570435025108 0.721213394781033
-0.0130674735383763 -0.0204344823831422 0.0620611296074124 0.09245266033242
0.0141417102825335 0.00804383974459253 0.0523241821755624 -0.683430648503791
0.0130455252198067 0.00682143815667942 -0.779772880194082 -0.619184896665935
0.00261450823195712 -0.0233931527254475 -0.807466405063923 0.444852237850736
-0.0367911241855381 -0.00322078178501208 0.156159922940663 0.683081827027335
-0.0199462969121601 0.0317038224753046 0.456158131129657 0.116808308944977
-1.56323911631295E-05 0.0124599440163181 0.164232126363796 -0.158498542335207
-0.000995346094476931 0.0053997390254995 -0.166455027238881 -0.133560438696358
0.0196204419251047 -0.00113734571554512 0.141557154508549 0.10772110274139
-0.00261572315541744 -0.0074864652194288 -0.0831421021811097 0.126014284390641
-0.0108579408622486 -0.0119761692985095 -0.421456437660487 -0.0981549546428131
-0.0234596563241228 -0.0262387331250306 -0.169571956267154 -0.553908281930611
0.0120995859252685 -0.0471656297382017 0.638427242237413 -0.480285922061536
0.0166462139277433 0.0276601673689339 0.833542212001652 0.434189793410902
-0.0198952360291201 0.0192436283211821 0.0783270425991149 0.708410426663295
-0.0264395776851131 0.00884477256955517 0.0765813100778901 0.0740931402875619
0.0112647463773597 0.0296213941557737 0.0423682700301779 -0.688596442087575
0.00791332348855463 0.0104731284801465 -0.787737541330596 -0.578413600484478
-0.0156009291678576 -0.0222590983693686 -0.767425672764054 0.480005537211996
-0.0515476596799 -0.00508964922405282 0.185069143082104 0.677931229113979
-0.0158675152721952 0.0183309518209359 0.449277573724144 0.107059492025724
0.00720181554004749 -0.00387372929971715 0.148898130660195 -0.157047700315386
0.00698872005466424 -0.0124856414224427 -0.171591982786935 -0.126734859036845
0.0187155163639417 0.000135579247560435 0.142379329195925 0.106547990941699
-0.00210768651585943 -0.00693837722495996 -0.0795028990355703 0.125524112801171
-0.0110089037879733 -0.0117028680541223 -0.42288149503451 -0.094739446170619
-0.0233066785621397 -0.0263923457235479 -0.184686560968399 -0.551762797224465
0.0116537496146818 -0.0489688644405016 0.617915747433375 -0.495040348775658
0.0164318337107258 0.0272418957112643 0.838877867457443 0.415694667802237
-0.0215657659625115 0.0203388273514487 0.0859726699011453 0.709707577522163
-0.0278640745903917 0.00912423976172611 0.0727141107597038 0.0814416023664879
0.00886666988645199 0.0289105111873628 0.0503023341307376 -0.684410124001054
0.00800058859318079 0.010439566725333 -0.779462526690947 -0.599071260534368
-0.014976361178322 -0.0250868778006708 -0.786080357078394 0.463412658239696
-0.0509833205777334 -0.00776822327089606 0.164217747525272 0.678749998607
-0.0161956716630024 0.0174576489913652 0.44589555279524 0.11091723321636
0.00763034358516538 -0.00278194529658336 0.152695628993929 -0.157530880960474
0.00534458271979951 -0.0107063867435632 -0.169777544009496 -0.128829016053447
0.0175138103284122 0.00292481989430125 0.144662656927138 0.105335764826104
-0.00283818390104936 -0.00404185362791421 -0.074852763366142 0.125193570486556
-0.0108957591412595 -0.00979621789726984 -0.423595185266471 -0.0906713776935468
-0.0226202444676363 -0.0270140214371894 -0.199612045671816 -0.55267078009644
0.0115076014844345 -0.0502111272835466 0.60246899988556 -0.510883606260099
0.0171435613916619 0.0260826783287832 0.844133352101416 0.397452979528158
-0.0218748845213816 0.0188440934257153 0.0946632877830321 0.710603145322959
-0.02776786829591 0.00675983328185668 0.0677972843050926 0.0893932871049638
0.00673396242271095 0.0278528999566625 0.0591744339593395 -0.680496384972337
0.00769145560290572 0.0100352341008564 -0.771975201364871 -0.617782186851396
-0.0123345585299607 -0.0273634260327954 -0.80200006966926 0.445564757574689
-0.0480738773035944 -0.0104153854352691 0.147924342469814 0.680638853471621
-0.0162703853527104 0.0193318666857785 0.446186146646241 0.114001085769248
0.00624598409280323 0.000221494911550203 0.158087801628532 -0.157856318125675
0.00434520283742679 -0.00817781111074324 -0.169333157232401 -0.130528475136466
0.0163697212225283 0.00656193633398716 0.145136199176812 0.104130434328058
-0.00344684695761341 -0.00163415967289092 -0.0727658092963176 0.126636196536852
-0.0111244929514494 -0.00734144478953705 -0.424275859106981 -0.0879837121580544
-0.0210839401041657 -0.0268875828948525 -0.209519114414219 -0.54999451971847
0.0140828042848594 -0.0517563852794443 0.593608317981499 -0.517971403007686
0.017612893440046 0.0249653161567841 0.842229054443672 0.385862805490546
-0.0220482395747399 0.0148578295388274 0.0958082774389104 0.709637158247543
-0.0265167335736337 0.00194358900762887 0.0652513958134642 0.0960599851443206
0.00764564020465174 0.0242935751901892 0.0597071743472177 -0.678373022772105
0.00766286297823308 0.00961154311303853 -0.763975767962572 -0.6308084448003
-0.00881993295419962 -0.0278672981767883 -0.814238298115972 0.432001605485993
-0.0447565896016855 -0.0116127355814044 0.137783598501741 0.680635585832277
-0.016980705101274 0.0212832699479468 0.445072876376824 0.116487802082496
0.00599835491633638 0.00355971036361684 0.161047618546335 -0.157942789955802
0.00274072986188411 -0.00412731945130439 -0.167138474437884 -0.132050603390852
0.0156576824069411 0.0103687679002897 0.14510513888158 0.104376032399399
-0.00373440639029826 0.00124265011908795 -0.0703783451244453 0.126966682316171
-0.010956602764608 -0.0059269017859625 -0.4237907823323 -0.0868562249955743
-0.0176731801077109 -0.0274862398371211 -0.212255888296613 -0.550214287030717
0.0165241379118365 -0.0534820904460496 0.584285072432581 -0.523121378426037
0.0187007728964959 0.0236503045225152 0.841533916318497 0.379348793337892
-0.0221723724190093 0.0105494951219172 0.0978306878063699 0.713709413651883
-0.02454398344667 -0.00358658279926939 0.0626459010183332 0.098307911046745
0.00804485829007063 0.0203121487922804 0.0619239336792174 -0.676935460488781
0.00910785815654151 0.00884134057758546 -0.763253497735846 -0.634387610427375
-0.00509193054946581 -0.0282624224014624 -0.817093974615749 0.424738647121014
-0.0421127115464038 -0.0107285390981435 0.134183086697168 0.679740957432857
-0.0184615365282136 0.0244858885352981 0.449392012372656 0.118047257918885
0.00322485369207698 0.00604748558658784 0.163573174893364 -0.157962106882949
0.000595646002178572 -0.000564158356815074 -0.165814686503721 -0.131890594319848
0.0150248451189705 0.0133347726810976 0.144273762419814 0.105884220788964
-0.00430555162830742 0.0031093772127625 -0.0698895534108803 0.127285004489839
-0.0112595693903398 -0.00371364759071095 -0.420563527577338 -0.0880267328583914
-0.0153950117542325 -0.0270160545332693 -0.207746366850285 -0.55230417253063
0.0201906981717849 -0.0533163884503713 0.585630745218704 -0.521676059933121
0.020196660207979 0.0218216489224737 0.839323577442755 0.384505255230525
-0.0201694977249419 0.00428484338251719 0.0931594945021617 0.712852351457563
-0.020561980742527 -0.00957543151569111 0.0609675020740668 0.0987361468958025
0.00940079552611977 0.0145413069605294 0.061063301016174 -0.673881927713711
0.0101871868822764 0.00818942063138454 -0.766797715864055 -0.63259636042921
-0.00232792986939247 -0.0260129912976423 -0.817413208861756 0.4245767401797
-0.0392079405191071 -0.00830275089723498 0.137210891278006 0.678063369140648
-0.0190467621370969 0.0277062207348256 0.449352287878676 0.117265404038349
0.00213101651510985 0.0097807766912263 0.164538023166887 -0.158561889023147
-5.76107390647942E-05 0.00320432270834221 -0.164716596319279 -0.132068909405927
0.0146374739085642 0.0155453828591631 0.14281921438003 0.107006044475129
-0.00504254200508164 0.0056777372447991 -0.0702515182249179 0.128271267798314
-0.0109866918954006 -0.00197300308688486 -0.41910887201741 -0.0908790655733199
-0.0130800607020701 -0.0264015892733897 -0.199613287888903 -0.555162971431366
0.0247170450525247 -0.0528305564443657 0.595617850834566 -0.51407410407737
0.0220297204555241 0.0205480703230126 0.836035125388962 0.393278471404096
-0.0190908481800384 -0.000191888200925121 0.0880709620445673 0.713889331236091
-0.0169448817519201 -0.0158631836564262 0.0607126017637989 0.096638293390454
0.0123866311763663 0.0107912538364577 0.0553524659923124 -0.677258189800949
0.0122663240488492 0.00705044149719847 -0.771600965832365 -0.62348646471422
0.000817368575185905 -0.0249187028866905 -0.810418853050947 0.433436231644194
-0.0381188779908974 -0.00546890970257595 0.148076630290717 0.676755506901473
-0.0198252410888923 0.0298076902915763 0.451695748334605 0.11482053289091
0.000988511376853343 0.011408451908104 0.163158621709023 -0.158351153031991
-0.00121345197670293 0.00491427106992834 -0.164723689938953 -0.132223683868517
0.0141712429254492 0.017279115563096 0.141255381959186 0.107835376370615
-0.00628751204251866 0.007269905414732 -0.0730529014742998 0.128369924764271
-0.0121463599854696 -0.000126929739244462 -0.414043416935069 -0.0942062364479752
-0.0107433245109977 -0.0237971279214322 -0.185256536809092 -0.556597397264951
0.0281723845881187 -0.0503743079865805 0.610813794912591 -0.502241717153857
0.0225301554818174 0.0206270467232923 0.829156371967956 0.408945067237174
-0.0171172303915553 -0.00464058896361678 0.0778990105604921 0.714835652163167
-0.0131813466689609 -0.0201120087579942 0.0620050552133486 0.0910675161406521
0.0147592209240019 0.00724470615553406 0.0482812553358386 -0.677215534871334
0.0144549741252268 0.00584001241515658 -0.77852510395834 -0.608166672198212
0.0012760158637645 -0.0237167834283514 -0.796399886948452 0.448132809285093
-0.0370321248481454 -0.00245110319640618 0.163721699830313 0.674457553803485
-0.0197428253482576 0.0313466045398589 0.454438546187728 0.11165240833569
0.000783090195232093 0.0120429570206985 0.159859041420689 -0.159040948396407
-0.00116229693689065 0.00612931927999234 -0.165509177887457 -0.131507467387151
0.0198219952194333 -0.000833192381402094 0.140382277737258 0.105104674014262
-0.0030831054691351 -0.00732299606421453 -0.0818799174379099 0.123660106795186
-0.0103343022453261 -0.0129087441842299 -0.419532236959957 -0.0935889740095341
-0.0231716176392585 -0.026326341394975 -0.171280880469226 -0.547352017066903
0.0120689883202955 -0.0462329382480536 0.627989154543544 -0.480147097615331
0.0172495977366804 0.0283194492516043 0.831536408872228 0.424614487053859
-0.0204192096157875 0.0190054338687421 0.0830006368331642 0.701263721189982
-0.0259677001110876 0.00833549059336267 0.0760670676316327 0.0730846880338892
0.0110818688640739 0.0283626415082467 0.0384545312508422 -0.682072214913187
0.009077970664148 0.010736718103733 -0.785504472986684 -0.569014866353026
-0.0162609973339284 -0.0221345445257181 -0.759427772998546 0.484144021103158
-0.0521417612125818 -0.00446360885545048 0.189853407321219 0.669692400866375
-0.0154677741674284 0.0176671495827533 0.446555160464367 0.101590134824398
0.0076859590238854 -0.00427439423135147 0.146282699871755 -0.157049751070802
0.00697565164735989 -0.0126790823687579 -0.171417379016322 -0.124837127443816
0.0181333150882639 -0.000484876901528142 0.142160209572326 0.104071866092541
-0.00221218185773707 -0.00617769253491669 -0.0785724340890068 0.124075684739368
-0.0106625101289779 -0.0114972197371783 -0.421018053028518 -0.0908487609932933
-0.0228959474586749 -0.0267308112287861 -0.18795301081462 -0.545434847584158
0.010774844320114 -0.0482546521457164 0.608824089708841 -0.495280205833093
0.016965109660511 0.0270836537645049 0.833063472526995 0.404290243462412
-0.0213818318721192 0.0196831993089025 0.0905774778930843 0.70199470466325
-0.0278846859471544 0.00892395183923516 0.072294951082743 0.080433760779665
0.0088862380442036 0.0283274998046665 0.0459522031067777 -0.679039786467679
0.00845077072461763 0.00981123427821225 -0.775257415717739 -0.587905247041559
-0.0146358765361686 -0.0243585412929321 -0.776644140579988 0.465400870991286
-0.0509060187434251 -0.00778143198622365 0.169977714128693 0.672281627361573
-0.0153007574180417 0.0175640198471792 0.444805347116889 0.106431157409771
0.00779905154654971 -0.00239488791396543 0.150752131428466 -0.157624634524372
0.00566409724960057 -0.0109661720622943 -0.170073591825929 -0.126340300088701
0.0178756906922754 0.00239123152951749 0.144049955761918 0.102584051326467
-0.00315382085536633 -0.00481811004236748 -0.0735500377979671 0.124478218287767
-0.0115107578354519 -0.00991226976500746 -0.422729725303583 -0.0867305521366763
-0.0220462172126739 -0.0269560886125086 -0.201120212701288 -0.543531337455964
0.0111163059404801 -0.0498827828617354 0.593504306804314 -0.509512462878892
0.017221775534743 0.0254751586801244 0.838222791838634 0.385905586643559
-0.0218905874316303 0.0181261805965196 0.0994422562223656 0.702472477613258
-0.027957900787965 0.0071901213259148 0.0685311766260495 0.0880694789142798
0.00771856443704872 0.0270433548981811 0.0539157880558631 -0.675455112473859
0.00824368748319335 0.00955541218143698 -0.769228778953075 -0.60937358920854
-0.0121678451940947 -0.0270263881390755 -0.793515216456892 0.446585999662019
-0.0486878672366731 -0.00946972137238132 0.154611046891279 0.67359279115685
-0.0157153163872509 0.0190434278141732 0.444500115230706 0.110544698078465
0.00677239566334183 -0.000112248997782696 0.154836919719726 -0.157334189561023
0.00399228198605776 -0.0083634762429219 -0.169023388991271 -0.127889039331563
0.016311839890998 0.00526402484613951 0.144286836262286 0.102621857481216
-0.00368076151306025 -0.00271761336790151 -0.0712163777285593 0.125216865734661
-0.0114807580214691 -0.0079646013037074 -0.422638569480688 -0.0838457855786042
-0.0209123606317733 -0.0271687706170577 -0.210661384918804 -0.544194576661599
0.013681795259834 -0.0509217907466132 0.583367374869897 -0.517182857976287
0.0183190499095098 0.0246528442260968 0.838381486039448 0.375936513467648
-0.0219457969113313 0.0143784996674718 0.100847251794903 0.702541034204579
-0.0268187921040455 0.00210527913574616 0.0655595132118806 0.0936824964653337
0.00731873467860716 0.0233671626504004 0.0563585077107799 -0.673298698905826
0.00898776403370652 0.00904309094885978 -0.763868692429032 -0.620890755700379
-0.00844527681826319 -0.0273294038216142 -0.803278763557496 0.434500322588388
-0.0452208223055543 -0.0105522576837519 0.142129035758936 0.674519728196612
-0.0156489803774449 0.0216655006301137 0.44309120652334 0.111162622770735
0.00600244094879191 0.00268368406884918 0.15919426678523 -0.158062025572795
0.00248308314677992 -0.00397165933430496 -0.166530421813233 -0.12956201193203
0.015437721457309 0.00922084650433324 0.144192903926954 0.102726389348649
-0.00389942153451346 0.000791197607755425 -0.0693948984644229 0.124764173646208
-0.0112318113375753 -0.00629607539339361 -0.420252047362553 -0.0837899928752188
-0.0185437091907467 -0.026917608348016 -0.214540301433815 -0.543681756256139
0.0160543848085588 -0.0523548382517913 0.57622414003887 -0.521180077921763
0.0190628919090516 0.0228206701147026 0.837288592789221 0.369735138462139
-0.0210414410207358 0.00907803319693101 0.102306291508362 0.703809735222664
-0.0236471367513689 -0.00392372106504251 0.0622084223524557 0.095801411832338
0.00778262434406335 0.0191005220053173 0.0582367396841683 -0.670502821674764
0.00933256769033623 0.00822542721860255 -0.762088448649958 -0.625022907636302
-0.00514695193653636 -0.0278889055947438 -0.807865536763281 0.427824331954405
-0.042090679499068 -0.00958174454862065 0.139341328872349 0.670864047701402
-0.0174893570645757 0.0245049832458204 0.444001288084261 0.114320883201052
0.00372555781719604 0.00630206244606432 0.161540387622773 -0.158182001670531
0.00159346393586091 -0.00054086997557362 -0.163811538988393 -0.130407173831576
0.014838812158535 0.0124553565392556 0.143649128111376 0.102854018723358
-0.00477654353266938 0.0032591138644716 -0.0684113931498977 0.126154156827028
-0.0119255633143786 -0.00374234690293482 -0.41896925298258 -0.0846874824558629
-0.0151389691652912 -0.027118062319231 -0.209803732722364 -0.545813333344245
0.0198141813416519 -0.0531365008505248 0.578502492723713 -0.520051312756028
0.0200005887232749 0.0209289444705725 0.835020331887025 0.375856591989809
-0.0208211026738615 0.00407267054476703 0.0971653871711333 0.706060503535183
-0.0206973664341145 -0.0100090855172825 0.0611699680622039 0.0979354884454382
0.00975100850914976 0.0142924866061782 0.0557739540217257 -0.669266560945898
0.0108894173382271 0.00816292743370136 -0.764321839279136 -0.621984814323285
-0.00201688549534945 -0.0261985467830174 -0.805841375535223 0.427366024576902
-0.0402478464769827 -0.0079543235486887 0.140705656565649 0.671626354487646
-0.0180222393887619 0.0271321146674203 0.446881793020305 0.112642715246607
0.00242567156302473 0.00911521190316656 0.161900890939204 -0.15807639764136
-0.000148995022059346 0.00282626735686782 -0.164776703832368 -0.130429082609959
0.0142138998021803 0.0146159955503224 0.143305074795401 0.10453293882837
-0.00524265545660801 0.00516495885868373 -0.0691147664492389 0.125563142188679
-0.0108423115680546 -0.0022245271865101 -0.41584515570172 -0.0872742983353534
-0.0126101231257767 -0.0259078602869479 -0.201001861646885 -0.547841545421968
0.0239807876779107 -0.052579563921709 0.587585805574695 -0.514096543075816
0.0215228455674204 0.0205632095241188 0.830884495896511 0.385868095688886
-0.0184815785586264 -0.00101699034001782 0.0917772939514988 0.706629725288935
-0.0174684034323532 -0.0156993049848824 0.0603037113980311 0.095460734033048
0.0121443894043194 0.0101879708855604 0.0507691072325357 -0.669055423708498
0.0129031277156498 0.00736077508494102 -0.766926067142877 -0.612448630249628
0.00026672118344467 -0.0246329603917589 -0.799676716994749 0.435252482584594
-0.0377740949393034 -0.00539117374588088 0.151365213168088 0.66954460224377
-0.0192772486474882 0.0299919022811331 0.44962656582393 0.110169763015678
0.00121296133463165 0.0116467731029075 0.161339187413319 -0.158996623740802
-0.0004911230116015 0.00552378140742934 -0.165023235160726 -0.130160096957348
0.0148241937304284 0.0158698273204877 0.142036939902321 0.106200028570406
-0.00729311348858824 0.00618139683148806 -0.0709484667919606 0.127174338708087
-0.0111589281240511 -0.000703452308458527 -0.413738733140896 -0.0904100059208448
-0.00980849158290641 -0.0243890974644073 -0.186174084137494 -0.548761411407439
0.0273813890512527 -0.050724273629959 0.602808504517394 -0.503233741140152
0.0227907929957996 0.0201124235721065 0.826530503029238 0.399593688102135
-0.0166038113532595 -0.00554968360836863 0.0826267476865126 0.707951856752244
-0.013141094665967 -0.0201973994724916 0.0622499097847721 0.0889641086215654
0.0142902410627936 0.00601492297535882 0.0427946818807813 -0.672100657102627
0.0146839147493631 0.00644389652832569 -0.774982564471375 -0.597315937477627
0.00182965355474711 -0.0231256013146797 -0.786168054789249 0.451072214625854
-0.0366235852439103 -0.00250893200444457 0.166443958818067 0.666929686240483
-0.0191632731912253 0.0310549393969302 0.451417423836655 0.106529565079147
0.000317447092341005 0.0119977309520659 0.157970488166069 -0.158301956676264
-0.0013727435094308 0.00572705162957192 -0.16506221953328 -0.128622226403723
0.0193532603143564 -0.00173505211176259 0.140453325549765 0.103967034132546
-0.00330432111743687 -0.00757397944672844 -0.0804943503441455 0.122433058978832
-0.0109885122670899 -0.0131602955992266 -0.417393063276515 -0.0900762426091982
-0.022577157480052 -0.0265156975314652 -0.172258804963887 -0.5396445272398
0.0107397869931621 -0.0459643918021702 0.620180675138928 -0.479858037227906
0.0171708291747072 0.027238148962644 0.823525183082997 0.416178857810522
-0.0198680268508116 0.0185912249239351 0.0864368953031351 0.69372863078225
-0.0258697452053136 0.00831732094347573 0.076136808237168 0.0718302688822016
0.0109943110337399 0.0275812705609233 0.0346145666116699 -0.676582947278285
0.00952356475368406 0.0111002308500432 -0.779144582014862 -0.559466323985929
-0.0159845850460417 -0.0213773850251294 -0.751280787486863 0.484609412472671
-0.0513966002703496 -0.00373077123862189 0.19068553189923 0.661442918529619
-0.015851534643941 0.0175991104416885 0.444380021207269 0.0985005203299204
0.00826460962484576 -0.00468742388863635 0.143654259610109 -0.156601494743981
0.00624051082248635 -0.0117295025681488 -0.170634655983614 -0.121765018049034
0.0188876584048038 -0.000883518153739751 0.141387253753761 0.102656553859276
-0.00386936746792978 -0.00647627163742585 -0.0771456573591654 0.122526398182508
-0.0117667546326584 -0.0116219196774341 -0.417951717094564 -0.0865579582565909
-0.0230851760432904 -0.0263932346984536 -0.18808432872238 -0.539542200572498
0.0101548714472009 -0.04793497165942 0.59941455350365 -0.492934435251371
0.0171384996814429 0.0263891536115117 0.826676698237461 0.396553914256606
-0.0216973246117205 0.0197948632894836 0.0938401333082614 0.694958856298506
-0.0271913568039449 0.00832297216650748 0.0720832084260152 0.0790201120912268
0.00897602213515438 0.0277180348612617 0.0416684927051246 -0.6729931400585
0.00804397858326451 0.0103601504638415 -0.771542314276406 -0.57884844830529
-0.014601159830199 -0.0244616188502728 -0.767124801636338 0.46665614991014
-0.0506927984378734 -0.00716731987713476 0.173104603912592 0.66495473176221
-0.0154813543281965 0.0178886944396576 0.43955927734907 0.102070173337844
0.00736534460159866 -0.0026021110055112 0.14796993568917 -0.156834869081128
0.00544174853342849 -0.0107948428812968 -0.169161664117252 -0.124379259749935
0.0180298077349911 0.00151371610329887 0.142522871588178 0.100863893592423
-0.00472022760485563 -0.00443357314089283 -0.0722735222960975 0.122014445405318
-0.0113279072314419 -0.0105011262659186 -0.420171560185038 -0.0836941933434577
-0.0221652874716459 -0.0274246322136954 -0.202040550314611 -0.538559425527736
0.010261498126197 -0.0489962059729273 0.583924895685146 -0.508355490734828
0.0177887279644527 0.025710235669504 0.831893310811124 0.378551455300872
-0.0215243005081139 0.0176172522402322 0.101252281396369 0.693892367220963
-0.0273329845891901 0.00723939991196192 0.0684552139408522 0.0871015949752723
0.00737398273000989 0.0253588788610369 0.0504350708297959 -0.668069855321796
0.00842056405794941 0.0101926722066709 -0.763940483012173 -0.598804306915063
-0.0125882032311077 -0.0266133367361927 -0.783807868525782 0.44741471469462
-0.0483270259070481 -0.00908640993333574 0.156616153917913 0.667020647895889
-0.0149181156584351 0.0191117003897732 0.439982465713829 0.10638522782759
0.00686255130794412 -0.000588525954875756 0.15234065559575 -0.155949483253746
0.00397561334220533 -0.00826447113739578 -0.168175393569665 -0.125377575129185
0.0167182510833645 0.0053273738050065 0.143631522507623 0.100981160883454
-0.00446200462378273 -0.00202057316570865 -0.0694650179371508 0.122510912004156
-0.011565265781595 -0.00842893551709877 -0.419654104028169 -0.0803592167860082
-0.0205564238348936 -0.0270104984826238 -0.211361678688151 -0.53712871328691
0.0118144281554578 -0.0510295004039365 0.574569025021546 -0.513502562521934
0.0180631622026592 0.0235050740034387 0.832541569937754 0.366357376715169
-0.0224657196128468 0.0139048790407443 0.101881438231929 0.696217454278565
-0.0271706604342421 0.00128727850589629 0.0643698907102273 0.0924569084263231
0.00733770448489954 0.0225406367094659 0.0522429725489482 -0.665666622431792
0.00807553919669789 0.0085549422922114 -0.758860213581854 -0.610566274471296
-0.0089266844918062 -0.0261778288183841 -0.794072183600777 0.43604486072687
-0.0444980569173324 -0.0100652372081049 0.146430439696665 0.666177281738503
-0.0158785112589033 0.0210876536972941 0.440347733058444 0.108198888960809
0.00596082945173644 0.00303074168014877 0.156517202127123 -0.156572953642793
0.00219264642940785 -0.00407543263225768 -0.165554036643662 -0.126865662554078
0.0157032965571245 0.0077926445923087 0.143970856189699 0.101239705582479
-0.00511837133102748 0.000572597714393986 -0.0681813320032658 0.123831312122748
-0.0110907440016188 -0.00672040169145307 -0.418773673743346 -0.0807371591079683
-0.0175014454459363 -0.0273466822705921 -0.215238816190799 -0.536925946727174
0.0151317153671866 -0.0522429385096566 0.567812489215042 -0.518895160281956
0.0188773325037239 0.0227400341734183 0.831579222601891 0.362874889589589
-0.0212231439682761 0.00954875301178829 0.104351925324036 0.697709572921935
-0.024051596463223 -0.00388428253712123 0.0618416359843051 0.0955426609534352
0.00798644443411432 0.0181327389057623 0.0552727633291865 -0.663119484550712
0.010056151328605 0.00871568598560583 -0.757451329470536 -0.614962696562789
-0.00593959853962615 -0.0270154753219237 -0.797082202076846 0.429115515842934
-0.042076242687274 -0.00971543068287388 0.141864982666831 0.663853471954572
-0.0168919132950699 0.0243622205928881 0.442264419439595 0.109029748341216
0.00385594320054155 0.00649524117236163 0.158449101367692 -0.157447642423592
0.000614290526218021 0.000553391122512873 -0.164009886229846 -0.127836660933994
0.015301902850917 0.0114000124673797 0.14311514648868 0.100871524796445
-0.00524989799655191 0.00336432671594183 -0.0669506074534671 0.124097725397371
-0.0112557910159482 -0.00447409654396742 -0.416282646932886 -0.0812419240135571
-0.01430198186361 -0.0273981050573689 -0.210487686822002 -0.538518956583861
0.0187124232891811 -0.0525935645729736 0.568519095742337 -0.519673736333929
0.019838924560367 0.0209399101563591 0.826876652958722 0.365866622901182
-0.01960358397787 0.00361417149100752 0.100275552965421 0.697363260097891
-0.0209439513751555 -0.0101016250705528 0.0604962742327276 0.0962317777721342
0.00997810451842809 0.0129418406955436 0.0529276733147459 -0.661559756762665
0.0111574100598491 0.00814648398636034 -0.761385239728354 -0.612393422781679
-0.00263693786482505 -0.0257653960021426 -0.797726317760718 0.428499001531153
-0.0399341976784546 -0.00726919598528343 0.146099761778046 0.663592826233619
-0.0178186360132447 0.0271354416617909 0.44270093176711 0.10782406488153
0.00241074899528052 0.009398573208331 0.159639588621847 -0.157913035545101
-0.000488844548428476 0.00234695497246055 -0.164277329067393 -0.128438262119384
0.0148021752181917 0.0142707103776873 0.142204177815605 0.104066971562813
-0.00580204378532232 0.0054251581435626 -0.0678703483693267 0.124566596265783
-0.0110688112114173 -0.00258346053115021 -0.414026886182479 -0.0834516093138818
-0.0119010815559319 -0.0262456071966021 -0.20246899178588 -0.541464572756056
0.0228421796238577 -0.0525177711915953 0.578966876367242 -0.513902412545472
0.021253051525097 0.0200932986330376 0.823437722369541 0.375779644741269
-0.0189152245039837 -0.000735405981457792 0.0954472789047192 0.698706696273516
-0.0173254833524046 -0.016049981519042 0.0612714032651566 0.0935849761475544
0.012016118218051 0.00935565444136685 0.0470081069367468 -0.662546866473021
0.0140246211277482 0.00777783735690001 -0.764231711749539 -0.602450837166245
0.000268664281473891 -0.024286177486551 -0.789761769700824 0.438013175903499
-0.0384792252239039 -0.00416190515713238 0.156212208663713 0.662469419456428
-0.018655117401024 0.0301196421219938 0.44663395244978 0.106205604386471
0.00131367246071421 0.0106806875001014 0.15761541279182 -0.156981285079199
-0.000487342459093439 0.00525288049220944 -0.163285674691339 -0.127242435060958
0.015066293384084 0.0150169592804632 0.141404409302369 0.104664476023727
-0.00693190931228706 0.00631381349485303 -0.070203172155951 0.125065422899573
-0.01158502155113 -0.00107854848675154 -0.410053651112574 -0.0875307878068945
-0.00982761186562919 -0.0245696094247207 -0.187474703062754 -0.542987011174268
0.0258487238159712 -0.0507755296529135 0.592044639598288 -0.500232264475492
0.022459898819284 0.0193199588773143 0.820955643955061 0.392256898961106
-0.0169355122845362 -0.00516889273919386 0.084600519124063 0.699750476583314
-0.0134742029534365 -0.0205388930112234 0.0611071576134039 0.0887097807722315
0.0145058308456784 0.00575694413720105 0.0400578661402576 -0.666473625766034
0.0143832366731879 0.00684216512268596 -0.773047938506953 -0.587716461538138
0.00148958498642701 -0.02283491836482 -0.774736548982447 0.45235545155414
-0.0361420683641221 -0.00212109399578954 0.169571136462359 0.65725291310017
-0.017606087082772 0.0311684542090659 0.448892681273716 0.101700715803611
0.000725634210908139 0.0116362219613104 0.15586276869536 -0.158318784150736
-0.00141381381268118 0.00614090661875135 -0.164277622470455 -0.126484661982929
0.0193673273564504 -0.00224845995294819 0.139704276779967 0.102888069550871
-0.00358439770832002 -0.00715114459468833 -0.0797458265802893 0.12072749752782
-0.0110924008580583 -0.0130084601551922 -0.414624321616102 -0.088213504337614
-0.0227272250146784 -0.0264883736422385 -0.171996975602427 -0.533672855700446
0.0101140592080186 -0.0453789431624554 0.613097352851669 -0.475584976405829
0.0166599914743078 0.0266915434360036 0.816918913629977 0.407726637642148
-0.0201472799174627 0.017277831560476 0.0876449079058006 0.685139555869485
-0.0259094628356607 0.00761416999698744 0.0744099320183104 0.0706848101613924
0.0107068854242483 0.0264647507057465 0.0314385231087852 -0.669997189519571
0.0100214702407328 0.010535034425193 -0.774993439007498 -0.551802210343006
-0.0165947675144345 -0.021347116020015 -0.740060353664833 0.484327214641535
-0.0517056869494729 -0.00279266860020228 0.195322958821603 0.653927027327438
-0.0155178381966301 0.0175946015131403 0.440972132915848 0.0965289672622186
0.00758540472139704 -0.00472140103703486 0.142075384710794 -0.155562945243651
0.00590855303629816 -0.0120065702760906 -0.169019035925834 -0.120288184498203
0.0186211464579351 -0.00099207059057465 0.141179191588109 0.101264558276679
-0.00429537352858378 -0.00641501991764746 -0.0759277962839271 0.119542844227555
-0.0110678084452376 -0.0119234634551056 -0.41691564062094 -0.0842826338411147
-0.022709306646068 -0.0268231996692607 -0.187308306207202 -0.530672332930049
0.00953695014657721 -0.0476541861458902 0.593432147673807 -0.491178707133596
0.0166818522861441 0.0263339298588769 0.820778920253226 0.38923510343373
-0.0211130607205653 0.0181275040980488 0.0946120610220618 0.68675906358605
-0.0273394691607811 0.00838677987403237 0.0721069524478276 0.0775846943019514
0.00871695380927178 0.0266933987573878 0.0392652643777751 -0.667339075624853
0.0096273145473298 0.0105689333296409 -0.765028963215166 -0.570958917798131
-0.0144163894152126 -0.0243577533945328 -0.757842833201533 0.465605919520636
-0.0504623262481483 -0.00728207139824692 0.174181425361208 0.655557802725884
-0.014902502963575 0.0174494035459371 0.437296753369182 0.0994739506211698
0.00793867947336168 -0.00314701657340704 0.146321104904566 -0.155511994714706
0.00559087118585431 -0.0106121587856767 -0.167252161438627 -0.12262226683856
0.0175195267567127 0.000612629298656669 0.142134854051432 0.0995098627870894
-0.00381698856202829 -0.00433079497055054 -0.0719902535147912 0.119693078462564
-0.0114150068124706 -0.0103360414777655 -0.417052071213398 -0.0808267235390598
-0.0211246977180194 -0.0271330679581829 -0.202670052673058 -0.530426106335265
0.00963048981559688 -0.0485727016475559 0.57767681203129 -0.504865271581203
0.017526145204082 0.0260131710952028 0.824204538423207 0.371748375142524
-0.0216692346674179 0.0179996175565209 0.101606126944772 0.687258720547351
-0.028107337576742 0.00585862790990944 0.0676200403668822 0.0860783592159224
0.0073116981526853 0.0253082615612233 0.0478760288843691 -0.662482067635145
0.00960201759655242 0.00938352435013474 -0.760530935638462 -0.588861613938545
-0.0123420511204375 -0.0256755144192656 -0.773407401084299 0.447296047450561
-0.0481792008321468 -0.00936371002083113 0.156142898397264 0.658906611279233
-0.0157623235128752 0.0190579952282934 0.437186470796748 0.103114466668698
0.00698438280946927 -0.00035774772274462 0.150529167089794 -0.155004367733663
0.00444395038808576 -0.00751272316585088 -0.16615956536755 -0.123972367035662
0.0165887727833337 0.00450766112448688 0.142401892870944 0.0999646360618869
-0.00491041219355429 -0.00206121747231597 -0.0693603164693406 0.120766261853353
-0.0119478138480617 -0.00838182010771419 -0.417089012180037 -0.0783175605058926
-0.0196048666634898 -0.027770181759742 -0.211253799627325 -0.530163654163786
0.0112874505960796 -0.0503530583258195 0.566507636067082 -0.51295772160178
0.0182032568082099 0.0228924118652682 0.823772160088518 0.359979782487072
-0.0221944889847278 0.0143217606313934 0.103907768214008 0.687981531990414
-0.0263170512065453 0.0020418488469525 0.0643659811642516 0.0915988966779439
0.00694590100271408 0.0208372192442745 0.049680021955011 -0.657109807776566
0.00974334039890357 0.00858590955086752 -0.755183216408042 -0.602356506934068
-0.00877091227760929 -0.0273040419832798 -0.784731404439531 0.435292043567824
-0.0448610152258392 -0.00969649657926001 0.149334252118418 0.658796297609911
-0.0157670055689568 0.0209250451623924 0.43571465617271 0.106496872546135
0.005168770528775 0.00264547839546299 0.154654125950241 -0.155663878459916
0.00189369412885142 -0.00337692484594311 -0.163863283333464 -0.126082887764694
0.0160943283190862 0.00813205155958684 0.142452561453707 0.0997940940276303
-0.00514045497138067 0.000536138570353146 -0.0673905142681042 0.121228678749747
-0.0112610460278442 -0.00678745882773413 -0.416076568451884 -0.0764948019941222
-0.0173618883481714 -0.0273261726187459 -0.215279921277769 -0.529157391117469
0.0144330079299079 -0.0517875229880674 0.561186427889891 -0.516253870666148
0.0189559893000556 0.0224872923108684 0.823038411148086 0.354620756453027
-0.0213658113482201 0.00889749694504145 0.105145796526101 0.689654124453771
-0.0245660911538897 -0.00432616163318651 0.0612241448821823 0.0944615814687379
0.00798182841710621 0.0179949468354234 0.0530364838618049 -0.657533151477472
0.00988139208039484 0.00853727460287629 -0.750585700130139 -0.606236385435272
-0.00574104078282972 -0.0267126061214065 -0.789082533162372 0.428370353071722
-0.0417778353964256 -0.00848208431639786 0.143263718830014 0.656918437368107
-0.0167304703456239 0.0241522482614418 0.437161086961068 0.106391969321755
0.00394500396087462 0.00572783250841221 0.156597224076249 -0.156472081874974
0.000713135020067958 -1.37547159498319E-05 -0.162521235238433 -0.125998430345467
0.0154285260086843 0.0107973024904406 0.141593707574174 0.100814805813755
-0.00543308909302521 0.00307113828812501 -0.0656619955577112 0.122134714796054
-0.0112108348810404 -0.00504153963318976 -0.413565717659877 -0.0776738365336837
-0.0138048532862257 -0.0273504082993338 -0.209301918055554 -0.532597020654406
0.0180301098520298 -0.0525573594118156 0.562797012964367 -0.51642365359635
0.0200014701173549 0.0209517828249899 0.820152005201378 0.358271383119822
-0.0199736357355912 0.00317020585272063 0.101590294051113 0.69228219359786
-0.0206521618670016 -0.0109076557287985 0.0604724170634531 0.0945263805800161
0.00999173196976395 0.0126265089830448 0.0510330438489133 -0.655362034344442
0.0119678464151597 0.00770401281395013 -0.7564401228726 -0.604045097990884
-0.0019707187459434 -0.0255993911999689 -0.787457024831565 0.428846907531619
-0.0399285614016837 -0.00740756696548043 0.14577644764252 0.657532268998578
-0.0172704293901596 0.0270000325584689 0.439226372237972 0.106051955592984
0.00215742783174699 0.0093550420452602 0.157440085827882 -0.156117739136336
-0.00047961704640624 0.0031090822604996 -0.162114097691213 -0.127126090169483
0.0150240345834258 0.0139395807922926 0.140939406577012 0.102164690264612
-0.00606280932846385 0.00451448909724823 -0.0672264821781071 0.122122069734917
-0.0117910440373696 -0.0023692888124703 -0.411479999393719 -0.0811241748555479
-0.0124570408929109 -0.0266262650826067 -0.202357582234714 -0.534250349200528
0.0221191505376322 -0.0516437595977877 0.570704811375865 -0.50892302887467
0.0214718617330019 0.0193643902764269 0.818222761529666 0.368498143876627
-0.0183995687601956 -0.000915291962440803 0.0966769514632941 0.691932785460163
-0.0167844534261734 -0.0162062740717718 0.0601538099383728 0.0927125323515293
0.0117554059835253 0.00880928141849271 0.0458186434604954 -0.656847494601843
0.0143185575769925 0.00763533039035298 -0.758112373040784 -0.59508411051457
-0.000199034029034643 -0.0242106012152936 -0.78026319553522 0.436947435537824
-0.0375696972814262 -0.00466742162227447 0.157485438593584 0.653699744564022
-0.0176670667099849 0.0295083781610036 0.442341832879459 0.103357116853856
0.00123762292864563 0.0106892211002106 0.156016106315456 -0.156291046320993
-0.00111891369156167 0.00485923289743352 -0.161801697767364 -0.12578125111214
0.0142281627967136 0.0146073153413898 0.140352036325262 0.103805595319301
-0.00792839191240041 0.00718685698964528 -0.0698896252233017 0.123190870811137
-0.0125460730358469 -0.000582231791801628 -0.408325282608974 -0.0851719980017168
-0.00977677112083032 -0.0245312877411554 -0.18763480966375 -0.536366382364916
0.0255046457323179 -0.0498589432429174 0.585544909978839 -0.497509892977871
0.0224507963834578 0.0192638051293123 0.813121554743137 0.38519496970903
-0.0158089638014587 -0.00557889806114873 0.0874658156787478 0.692616458388808
-0.0136958254817823 -0.0209991621101365 0.062090245611273 0.08724996065354
0.0141443524739451 0.00506120671383606 0.0370715189901877 -0.658958332304506
0.0153092753595719 0.0064062173274058 -0.766982352040406 -0.581297136500638
0.00164376630172853 -0.0223169786981516 -0.767245984388939 0.452193424676452
-0.036145896490785 -0.00188374532796767 0.172667198295796 0.651448351760005
-0.0176232574616091 0.0308373953347485 0.445373956352484 0.0990342397426967
0.00103535124687375 0.0114045724810063 0.154092179636376 -0.156595828891828
-0.000941474036141342 0.00673840670080196 -0.16374622180659 -0.12488860177303
0.0206848103184776 -0.0033825563453202 0.132105898470826 0.108568073449039
-0.00296570127985229 -0.00756279735956804 -0.0858785436196312 0.11412745274598
-0.0107961114831075 -0.008617341540974 -0.402199364852412 -0.107493352650648
-0.0254227573352568 -0.0251617402898855 -0.146748510943935 -0.534262757609729
0.00305248972623142 -0.0477149702301632 0.618945944283735 -0.443255792698238
0.0165980212985784 0.0214963545886579 0.780129346356877 0.434089313261334
-0.0211327888024333 0.0228787938915462 0.0566124389135373 0.681166865960182
-0.0265237220347475 0.00658493933194521 0.0708065059241935 0.0722682559881451
0.00997816429814712 0.0208147101959322 0.0533486977271398 -0.662394145630614
0.00336653316165887 0.0096276098108627 -0.746377913799476 -0.568757471072409
-0.0185295638991014 -0.0166955200666043 -0.747648278320399 0.447389900525241
-0.0440677165340437 0.00502800254859119 0.160089646676384 0.650628536601357
-0.00925455036864176 0.0195870809138008 0.426223469948703 0.115385860186997
0.010333459273606 -0.00645152800192758 0.148266817482561 -0.144300725085101
0.00418938837809038 -0.0119531590807144 -0.157533868314324 -0.128163818605982
0.0194524255180979 -0.00234533084141316 0.134379967374743 0.107341467084367
-0.00282625691589185 -0.00710103095978902 -0.0820419592623681 0.114168462986126
-0.0115802674893307 -0.00758212406623791 -0.404851701115381 -0.103711497291229
-0.0248682855684469 -0.0250298808754946 -0.160926432499757 -0.531620928871367
0.00267046589494083 -0.0488752886353019 0.60246597752185 -0.456983213387955
0.0171137416204076 0.0205316458720039 0.785804523643015 0.415721887992401
-0.0219002755972812 0.0227565062669727 0.0658451578847563 0.681702467453407
-0.0283546000816244 0.00699254861920297 0.0672046943685838 0.0803216045472924
0.00788625079191235 0.0207507576382301 0.0617276010066868 -0.657638237667343
0.00148703177106422 0.00815105606173801 -0.741577962655448 -0.587219779024478
-0.0170143501921063 -0.0191820985360075 -0.761910204179423 0.428616335194447
-0.042784723549753 0.00170079055084606 0.141090881308866 0.650025101290778
-0.00852044056196099 0.0194017995670069 0.423041060073561 0.117891910270688
0.0104720025206929 -0.00492338692837716 0.151958833393102 -0.144858909724157
0.00287803049048886 -0.0100565359213001 -0.156361700878618 -0.129085869264546
0.0179776583593889 -0.000819607736205776 0.135453941097434 0.106710845754707
-0.00307522618850658 -0.00495223756281311 -0.0774187844006358 0.113851284975711
-0.0108920481332405 -0.00639117938068273 -0.405447862852267 -0.101690604382201
-0.0244728990731336 -0.0259433981214271 -0.175035938256021 -0.533272287628785
0.00338040701178598 -0.0509526099023658 0.586449992536299 -0.4733276328901
0.0170219906985797 0.0200952248472902 0.789320507855142 0.399248665778473
-0.0225509904714145 0.021476988399814 0.0736244654795914 0.68230373332971
-0.0287619745455252 0.00426897612028107 0.0635637863175429 0.0867606205134764
0.00627410195317081 0.0190429637008674 0.0710883433702481 -0.651124883649958
0.0021730031861103 0.00788503245017382 -0.732082223207067 -0.604922049632172
-0.0152918707926752 -0.0213261900477289 -0.776965871370643 0.410153590818223
-0.0406969343450621 -0.000235514777038981 0.126181556843985 0.652864557902398
-0.00925431676468751 0.02041227580416 0.422162994608454 0.122026659675546
0.00955277911725841 -0.00254570802706473 0.156217059848079 -0.144750381508234
0.00228053085767435 -0.00730955359496542 -0.154246246188792 -0.131469485298015
0.0171566694021989 0.00295739416008473 0.136424031138911 0.106563963297178
-0.00388571824133561 -0.0022565162204349 -0.0755219653133688 0.114315719465843
-0.0118013870304201 -0.00397782660193803 -0.406802596541514 -0.0973077419765166
-0.021505829905658 -0.0256524585625965 -0.184889267753006 -0.532204109020993
0.00425612578376796 -0.0517482238847209 0.576924997067173 -0.479409334043173
0.0171670160508479 0.0180229286597101 0.790311506798299 0.387076434071235
-0.0220584690329254 0.0179960558461264 0.0753291153329057 0.683971701207595
-0.0271081891391514 0.000181119260662742 0.0597434661853972 0.0920408189287538
0.0064740620989897 0.0153109338707828 0.0728823658832973 -0.649925733872358
0.00249918401009092 0.00793115416687542 -0.726144736959675 -0.617830465161561
-0.0117522593449673 -0.0220117621534028 -0.787586877072208 0.397652801839518
-0.0381406152495052 -0.000647483248453207 0.116127665457025 0.653261099016795
-0.00969017854094834 0.022537052928625 0.422043848969781 0.124151973766649
0.00784473098010352 0.000431748064967888 0.160279212281516 -0.145077056847232
0.000572970081926498 -0.00353771882549617 -0.153126297069179 -0.133057784390069
0.0158202840483069 0.00621585085582454 0.13627882412329 0.105864283998134
-0.004273357331722 -0.000116051344119635 -0.0734243874424577 0.115035959776606
-0.0107089954099984 -0.00250389227696316 -0.404476498701259 -0.0977809095405426
-0.0190085502950486 -0.025087679002544 -0.187105251817545 -0.531992633306355
0.00736045669343617 -0.0525559071699566 0.570379214209726 -0.485278849894565
0.0188027694987295 0.0166382626325521 0.788799621832613 0.383857883823811
-0.0221055761785734 0.0137514353569832 0.0769676823624584 0.683861144185839
-0.0239412186278097 -0.00499300992509365 0.0567951246540229 0.0948634181607146
0.00773846065168507 0.0113603986233986 0.0738358863987102 -0.64692097530145
0.00367363975489152 0.00750608179592734 -0.722100650396521 -0.623072890460138
-0.00875521953883249 -0.0221036070074076 -0.790953049314573 0.388908529415317
-0.0350719488262909 0.000101956374302752 0.110908719891016 0.65099413100346
-0.0106825944304363 0.0253715192361247 0.422657192684984 0.125953206016955
0.00699044949791085 0.00417170066451751 0.16258480555174 -0.145449533655023
-0.0019802469914215 0.000369693621829285 -0.151352843579299 -0.133638215785349
0.015183519474033 0.00996927644480301 0.136115148346855 0.108116980176356
-0.00560607110274211 0.00246933628627537 -0.071542015206812 0.115385957978189
-0.0111322128051019 -0.000546647163238982 -0.401406997892664 -0.0971458939322832
-0.0160821452467196 -0.0247841528254961 -0.183668375684959 -0.532816711389174
0.0113202620427003 -0.0537750919158623 0.57201477881501 -0.484696578206462
0.019675137911842 0.0154681625746048 0.785469821263634 0.385823199138324
-0.0204557104962941 0.00795023033646734 0.0722684834797904 0.684538200535329
-0.0209312272844869 -0.0113349226242464 0.055585842026819 0.0958905573018023
0.00924344285106954 0.00588787286275974 0.0710917305978038 -0.647221454039762
0.00435674163100439 0.00664998799484493 -0.727619864550996 -0.619768789412715
-0.0055415809417398 -0.0202829460962086 -0.789507460495827 0.391158727294195
-0.0325300311598138 0.00187221275484353 0.116023120453124 0.648501909808662
-0.011490318406554 0.0282541978720862 0.423588743261352 0.12410799617829
0.00451854799350533 0.00700632372507131 0.163283056529598 -0.14462196111572
-0.00262119146617786 0.00284505393414032 -0.151186780081262 -0.133544884924365
0.0146335467258493 0.0122906371000875 0.134313419361253 0.109291863808955
-0.00566715752224742 0.00475210700117612 -0.0734501718846641 0.116698946690638
-0.011405656167659 0.00119367594186634 -0.399379317508571 -0.100801659274058
-0.014726440411527 -0.0237166311062884 -0.175410388099713 -0.536527032412709
0.014895357468618 -0.0521019814259856 0.580903212709447 -0.476185411545622
0.0214638878260055 0.0144652159932006 0.783613687544441 0.395904972942423
-0.0184731662841402 0.0029892109602989 0.0663838717540187 0.685650456303654
-0.0160230203565996 -0.0173851098704061 0.0560292325514897 0.0927271389560307
0.0123267838026229 0.00265122252398738 0.0670858575262581 -0.647860261544677
0.00686353470174809 0.00588889204933296 -0.73025755608124 -0.613022872675451
-0.00251409871626442 -0.0195694014229155 -0.783486326288616 0.399410672254173
-0.0318188187935866 0.00460522291221301 0.126160014943141 0.649987971815133
-0.0128929913570751 0.0309677450908752 0.427242800185045 0.122037372347728
0.00462404091795204 0.00884385114825443 0.162242958839814 -0.145980407726829
-0.00322368076010704 0.00482331494925111 -0.151098745586075 -0.132875326064252
0.0144610972154174 0.0132512604151391 0.133656779295384 0.110843877946061
-0.00653274453552024 0.00608095887336688 -0.075601063312897 0.117411606370847
-0.0112512975973466 0.00242881008287125 -0.395573295995803 -0.104586781318663
-0.0119940676191755 -0.0222840799609701 -0.160818102722789 -0.537481890533514
0.0184805524860804 -0.0511581317954561 0.594423942752064 -0.466239810739696
0.022482122621829 0.0146216733459811 0.778389377496225 0.412071369451528
-0.016786477420778 -0.00107002917091409 0.0582261376338881 0.685767246097058
-0.0126945718296699 -0.0220525838308405 0.0569748512191052 0.0881422772839311
0.0139825586822869 -0.000681439734669193 0.0591783113904805 -0.651182499619855
0.00830173051883399 0.00524945948158263 -0.738783618804686 -0.59616114477252
-0.000733637255267892 -0.0178137382823589 -0.771390930608682 0.416490697130165
-0.0297672166803688 0.00634736665039892 0.138634802596194 0.6476749539306
-0.0127576888277602 0.0331281140427144 0.43041367885947 0.118804268676775
0.00355780954556015 0.00943296671318104 0.158809744938966 -0.146272642228456
-0.00310193055694892 0.00628337925566244 -0.15247867055492 -0.132130134055385
0.0201275130035575 -0.00436042680982768 0.130789428994353 0.108188512035274
-0.00348864551389946 -0.00755025552630927 -0.0856130946151227 0.111987616475145
-0.0103621464743848 -0.00906227310500458 -0.400578227883203 -0.106151388311309
-0.0242869328950131 -0.0256949451086523 -0.145151722248369 -0.52868231312574
0.00319066144036499 -0.0468209282146665 0.614226771016143 -0.439246029876845
0.0170984056459034 0.0208464016372437 0.773812339070423 0.430057435358812
-0.0211953954367367 0.0220440304659372 0.0584321602502961 0.673903152949509
-0.0264886950452406 0.00609638719536283 0.0703019985036943 0.0723380352012849
0.00948665006403285 0.0196713829322293 0.0559457323341331 -0.655061816003216
0.00316655338587192 0.00969203307855305 -0.74195611425752 -0.566417107492456
-0.0185558653031283 -0.0164611546323221 -0.739846077414271 0.443726792453789
-0.0435074634370706 0.00492037541260131 0.159745385821727 0.644005623966853
-0.00842627439798542 0.0195542493816439 0.424956516356994 0.113117330647659
0.0107014086721838 -0.0059782531411813 0.147143411988161 -0.143288550819931
0.00301043242973456 -0.0111329122500383 -0.155940409712762 -0.126854594292588
0.0193410939557506 -0.00337747601029057 0.133348313627087 0.106514254417316
-0.00375865687142135 -0.00675475422331267 -0.0819857868294364 0.111936411510038
-0.0109354814248081 -0.00803155384525982 -0.402788494606752 -0.102805337280208
-0.0246479526360171 -0.025635229237643 -0.161659450695218 -0.528514931904579
0.00203600689462427 -0.0484905265633619 0.598347030690545 -0.453766355345783
0.016428492045631 0.0203535999726057 0.779313834748068 0.410882708649228
-0.0222043614971144 0.0221701731396812 0.0657473410408859 0.674277964508331
-0.028677976454702 0.00600377568505316 0.0662390721214095 0.0796212472174166
0.00851252355672375 0.0197321273131707 0.0616601172912133 -0.651417947693486
0.00356816226154875 0.00827397203390398 -0.733064967532065 -0.582303393238901
-0.0173385201058302 -0.0193732741390678 -0.756287199456762 0.426075096601653
-0.0429565944392564 0.00160515106287436 0.140937791603325 0.646207823694119
-0.00863750891207969 0.0190279970168151 0.419929349005529 0.116758266648673
0.0108323666159469 -0.00512123245467684 0.151202982382044 -0.143582980624198
0.00351763642528869 -0.0101529392048957 -0.155044774733913 -0.128471748561353
0.0185752236282132 -0.000481495564005762 0.135391507786544 0.105450816495462
-0.00335730752259115 -0.00478977776671733 -0.0780281300746699 0.112267759092648
-0.0103392925809973 -0.00622380093067344 -0.403153136588319 -0.0996595609372028
-0.0234348702019514 -0.0254470992313633 -0.173012115597003 -0.527312836016933
0.00281296583150504 -0.0493294729667122 0.581212579526089 -0.468972610876453
0.0167347137463638 0.0191963410727089 0.781406036252441 0.39451788005564
-0.0226440430510674 0.0210613862273498 0.0715837340988483 0.676616530111273
-0.0284592495695796 0.00421727812877784 0.0631313725569455 0.0862399356469553
0.0066154021684131 0.0181860349217347 0.0700229228619817 -0.64660505217349
0.00196056458374958 0.00851653682620356 -0.726296384886895 -0.600746373175014
-0.0148678796059721 -0.02059968462804 -0.771538208529646 0.409796422359043
-0.0406268111101358 0.000129242994775715 0.12528056469527 0.648127243347233
-0.0095439778561668 0.0196422441127783 0.419592002913637 0.120536935509747
0.00947659672224272 -0.00262734127790364 0.155504469860664 -0.143130860218297
0.00197546312537909 -0.00765317306373523 -0.153917788861104 -0.13014663998809
0.0173718667273083 0.00222773823952828 0.135379450217264 0.104869641863308
-0.00414608254965767 -0.00242800452506239 -0.0748731530020915 0.112778792720765
-0.0112173646183029 -0.00483804404341131 -0.404734073198614 -0.0967807383945801
-0.0220555641709867 -0.0262024402035557 -0.181709317205355 -0.527669165213282
0.00436032524810715 -0.0513818749972657 0.570900732835938 -0.47524641424496
0.0175077660926814 0.0180960447555643 0.783666267828596 0.383911770040165
-0.0225060620009884 0.0175767119390981 0.0744373919189406 0.677037158402034
-0.0271591026748934 -0.000286820050336934 0.0591636874946679 0.0914209793264036
0.00642096892905754 0.0147488492599494 0.0739072637942945 -0.645557432507785
0.00272737337217189 0.00721807142914435 -0.71980536817189 -0.613018230488318
-0.0116923811537691 -0.0219065976174067 -0.781360760690104 0.394768525760241
-0.0382265139332481 -0.000133294149937846 0.115195703012114 0.646561568500252
-0.00981969187652777 0.0221403208870163 0.418405656661653 0.124075558698692
0.00880873275681614 -0.000284796751992675 0.158702353588181 -0.143523758024498
8.95402665739473E-05 -0.00336369420078453 -0.152371327572788 -0.131923765005984
0.0153133674980648 0.00541787731243546 0.135464334865806 0.10534683711508
-0.00493939057704216 0.000180483175944437 -0.0724138183486837 0.112474414143745
-0.0115015244731996 -0.00280056367023575 -0.401904268110912 -0.0967994411440751
-0.0188519307203564 -0.0256888414263931 -0.185761126070956 -0.528234167091197
0.00745508269592164 -0.0520968490665819 0.566352601023858 -0.480818403770093
0.0193222995335904 0.0161102510733159 0.780691120239895 0.378907276216864
-0.02196120598133 0.0128536673600419 0.0764991240445143 0.6795509254916
-0.0245911784775189 -0.00557432937163617 0.0572295890672078 0.0942930735765494
0.00717715949808879 0.0116780455188247 0.0751178766102425 -0.643361461397941
0.00372730138786283 0.00709041849285894 -0.717806097504641 -0.618991997404983
-0.00797093349368005 -0.0217153576256812 -0.784042715805043 0.388536256667901
-0.0353446541075587 0.000456274784529361 0.112607290333167 0.644649555938062
-0.0104993395518557 0.025693200107443 0.418941545613447 0.123337644161182
0.00643250979508609 0.00386026193963407 0.161282118052044 -0.144187017858679
-0.00156698915558218 0.000410518143387401 -0.150293333276908 -0.132728381792935
0.0150381512878631 0.00854967056927629 0.135247696580127 0.106726678720384
-0.00551718277556855 0.00261986700929685 -0.072185749081355 0.113629941469764
-0.0115513984977406 -0.000698190700255777 -0.399194088179762 -0.097913318515026
-0.0166848957128177 -0.0246404483751762 -0.181329934049962 -0.528762040839381
0.0109240363909623 -0.0529040994052637 0.568219683974006 -0.479491269979082
0.0195212251179761 0.015416108145483 0.778463783318871 0.38400202241335
-0.0205277691292587 0.00786592003754716 0.070217919161253 0.679104446018855
-0.0208887932684322 -0.0116890740911613 0.0549128898476837 0.0952173198788578
0.00915263424814551 0.00625299119157319 0.0712891227590186 -0.641980552025082
0.00501009748549418 0.0063317011746618 -0.719086343716836 -0.615991364753533
-0.00473262778796849 -0.020917694227679 -0.784736828363864 0.390920671051354
-0.0331657731877193 0.00235622274000093 0.115464795284736 0.645318639619026
-0.0117419133301031 0.028916425821621 0.421210153651154 0.12280027933051
0.00528939678458284 0.00630002962038668 0.161721374054055 -0.143785704388604
-0.00294107049475712 0.00319281537084006 -0.149140974007552 -0.132911842196582
0.0147991155745804 0.0112897463511993 0.133730442258169 0.107649390578582
-0.00631678596053711 0.00464811161089117 -0.0729615741672338 0.114398387545165
-0.0111616243247619 0.0006069978916487 -0.396990100344954 -0.100130226972879
-0.0138096566266306 -0.0240768085747871 -0.172625091741972 -0.531329503384397
0.0150718272736784 -0.0516520729598957 0.575272034992189 -0.473575811642618
0.0208566437391747 0.0139947947020644 0.773965263943373 0.393443281170138
-0.0185549772196104 0.00270256750884365 0.066567041482353 0.680202844543255
-0.0160696868837934 -0.017398415514878 0.0552875475230992 0.0919062812865321
0.0115836361005735 0.0015358505548084 0.0666031535265926 -0.643752041050966
0.00704077688863474 0.00611812937163227 -0.724490916501112 -0.607547153087587
-0.0026369584418793 -0.0192464315219925 -0.778329582114529 0.397208662804502
-0.0305818538291144 0.0038711826198212 0.125484535742103 0.643344584978944
-0.0119303529192417 0.0304595346477057 0.425327864122917 0.121059960730254
0.00378946500668394 0.0086564625372707 0.159975725300476 -0.144062493902396
-0.00325266432949429 0.005147078373792 -0.150042401209489 -0.131719292929636
0.0145319774550919 0.0122032455471438 0.132597062484339 0.109517751117736
-0.00738372404292477 0.00570794013172137 -0.0754955368141726 0.115129069233424
-0.0120055831465047 0.00237516331792201 -0.393830034872779 -0.102420589530366
-0.0121068272365634 -0.0224977742694973 -0.159446776420042 -0.533010376233399
0.0179042769946551 -0.0499770698343462 0.588816331101861 -0.460954712604214
0.0218869305677401 0.0146247111037822 0.771745074096573 0.408487560775876
-0.016490801355576 -0.00141884041516027 0.0582379308758786 0.680667980097635
-0.01315581978661 -0.0216969935947384 0.0569652265767642 0.0871560409020728
0.0140692132135103 -0.00185624898978273 0.0597552575219222 -0.645857879662769
0.00883949196691446 0.00569882266851384 -0.733844434274923 -0.592405986206317
-0.00114864052605962 -0.0176985858606856 -0.764882514028061 0.413382537139449
-0.0301209496212205 0.00747864247330553 0.13915494211118 0.642611334424137
-0.0121446310689102 0.0321547842793792 0.426713428871657 0.116253921440916
0.00363579048195411 0.00913003057587146 0.158177747622234 -0.144913069888415
-0.00348065777273704 0.00597578107179329 -0.151322635433864 -0.130536938212956
0.0201903564348409 -0.00467294223326611 0.130038191175442 0.1072919660525
-0.00356843817690758 -0.00762567945233361 -0.0856605835621913 0.110004003742229
-0.0111757854598119 -0.00950193891070108 -0.399144392059722 -0.105931374087417
-0.0245272989696054 -0.026389709993479 -0.143297170694123 -0.526212776574918
0.00278439254426065 -0.046276037133225 0.611386545679369 -0.434787162561789
0.0164685594427552 0.0212107634066415 0.765984720036303 0.428041821899524
-0.0216099507948965 0.0209218329720255 0.055767519073157 0.668834472812068
-0.0268223655780742 0.00579952527065148 0.0699993923617828 0.0714612924891013
0.00950970587335816 0.0194113329647974 0.0563491754152153 -0.650593623860354
0.00429309901664641 0.00971754595698815 -0.735086778457903 -0.563845528927656
-0.0184398866832457 -0.0164739810953249 -0.735820378666079 0.440009894227724
-0.0435520145372363 0.0051796133251099 0.158669792623281 0.639047177405876
-0.00878966573392068 0.0185102766591732 0.420227178614199 0.113672317200843
0.0100408218773741 -0.00600861591616617 0.146651043933118 -0.141517012293007
0.00389140661978615 -0.0121324503689641 -0.155374724001139 -0.126009210107307
0.0192012511556704 -0.00367088543797219 0.131705127022954 0.106119148252365
-0.00401944713215594 -0.00619617777028205 -0.0821480348348584 0.109566750939851
-0.0108051419061685 -0.00865097753604939 -0.399899394899148 -0.102973584125731
-0.0245397831935206 -0.0265380006766918 -0.157579528080819 -0.524396952744984
0.00171043606610627 -0.0483392203934855 0.594424201699649 -0.450186404173291
0.0167387243017981 0.0205645862548314 0.771121713229378 0.410318777035335
-0.0220978347831407 0.0220232197170718 0.0639966457857955 0.669849797000632
-0.0281974956006598 0.00616446206731225 0.0660751178910954 0.0791462514190236
0.00752357982879032 0.0191666034011685 0.0640997526018999 -0.64730488476886
0.00290003989890089 0.00884505756994682 -0.727829188120519 -0.582440683664181
-0.0166293578340469 -0.0186040597299765 -0.75145877774811 0.421395507068115
-0.0429296484576629 0.00179535027584649 0.139986217346268 0.641816096312707
-0.00901601973022992 0.0186113605188391 0.417571556166629 0.117565216017384
0.0104840026868875 -0.00465099803302939 0.150791898483497 -0.141884403972964
0.00368210733180322 -0.00953450530887872 -0.15360928619511 -0.128633467000191
0.0181070275734269 -0.00147388381304656 0.133407987698756 0.104205123092307
-0.00447012943588635 -0.00438279473031756 -0.0779913630369468 0.110419438023919
-0.0111071522259745 -0.00669340235295707 -0.402761810708226 -0.0996733953598758
-0.0236993052580298 -0.0261160590738092 -0.171456775438965 -0.524562393494241
0.0022964351966762 -0.0499107024099984 0.578389559076713 -0.462248930222514
0.0166007129176042 0.0197907482993444 0.77658004504098 0.395642217127843
-0.0233822469632624 0.0205020855119193 0.0707413525384319 0.671137985144263
-0.0282782754733932 0.00412106697493898 0.0617647288396807 0.0860837247291018
0.00600473347257683 0.0171807501795322 0.0724234474922684 -0.643144358202896
0.00332490137357026 0.00867392444350513 -0.719634071094025 -0.597709519221088
-0.0150168816041607 -0.0210697891125008 -0.766240852764555 0.403866817436166
-0.0406618000877469 9.05448794372467E-05 0.12469690382124 0.643630106139548
-0.00887263942842113 0.0199850013009133 0.416734976764712 0.120765169215174
0.00880239807722638 -0.00258478889335916 0.154716133382497 -0.141558226107432
0.00171529330270848 -0.00719942543697731 -0.151709006585687 -0.12951487322774
0.0164196384345684 0.00152716657831537 0.134154110987655 0.1048284407807
-0.00522622370684137 -0.00192020721433769 -0.0754905714753948 0.110358177827455
-0.0118990397797476 -0.00534117437344234 -0.402274556606718 -0.0964950856700542
-0.0214323555995959 -0.0262720572311469 -0.181435644463377 -0.523254238625022
0.00409502991212026 -0.0510651957790787 0.56986650834367 -0.469568536785322
0.0173027484312261 0.0177197192130333 0.775390021877356 0.384124541296536
-0.0230801753733098 0.0170055916854145 0.0717655718124409 0.670841142729766
-0.0271544445699414 -0.000988806990015902 0.059224853477159 0.0908470871757845
0.00649973303240571 0.0142908406963254 0.073948291443296 -0.639210399897955
0.00392430220620633 0.00767680372971595 -0.713679045894643 -0.611092210864697
-0.0114465512532736 -0.0218519947913934 -0.777762499976334 0.389329800304243
-0.0384067261417505 -0.000318391611973112 0.114369711376003 0.642434958579824
-0.00945974713711981 0.0223220141431271 0.41763426662551 0.122738478045872
0.00810973324497943 0.000682974354891546 0.157929213653321 -0.14189677987558
-0.000281263967150425 -0.00358162969093805 -0.149095644087829 -0.13055282083187
0.0155437994765745 0.00470119609146977 0.133660264292063 0.104642792050808
-0.0053301856415559 0.000336131909980505 -0.0737466776812241 0.111291008371348
-0.0111700506124693 -0.00275507280427298 -0.400583665244172 -0.0965089141366842
-0.0193041457832392 -0.0266174875241412 -0.183169690529636 -0.524558094393424
0.00682645393993369 -0.0521062622090287 0.56437510680217 -0.476137934903942
0.0183322872215876 0.0166518056322277 0.774805687902688 0.37869658429127
-0.0218088517142125 0.0123723337594417 0.0737440748758029 0.673138643444057
-0.0238705332082479 -0.0061152839383899 0.0552292233501303 0.0935805285932989
0.00748673698694197 0.0105896955632246 0.0766540470446577 -0.636700355666538
0.00446907730766232 0.00731634065546147 -0.711718997804183 -0.615453347966024
-0.00808049525409635 -0.0215029371753938 -0.780710837980598 0.384761619321377
-0.035165675795775 0.00014068401813715 0.111097014602103 0.641494916842765
-0.0107085404742109 0.0248772383955106 0.416687292768998 0.123672106150589
0.00643099209500858 0.0038553506049684 0.160269511125974 -0.142835842970043
-0.00104137546030552 -0.0005143534231596 -0.149253706593859 -0.131783749286627
0.014333317294912 0.00798805583330977 0.133881351778612 0.106381111649254
-0.00618020394876894 0.00248729952554908 -0.0720691391930354 0.111856392632839
-0.0120353380847242 -0.000917092450286983 -0.397885013890351 -0.0962308050995888
-0.0159587769774129 -0.0254734937625008 -0.179004224921693 -0.525539511959473
0.0104198400742154 -0.052199745420476 0.565141888712383 -0.47507206555153
0.0196242848961043 0.0146891875693943 0.772552807648265 0.382177839850551
-0.0212788736993533 0.00659703295177279 0.0685898789936697 0.673414367215259
-0.0204863973923529 -0.0119832269090995 0.0544636305014076 0.094301873872893
0.00952744262403846 0.00559427737817793 0.0728711040516397 -0.637897053087391
0.00648806950002603 0.00662819534433393 -0.715264387102175 -0.614158135602123
-0.00503656906524515 -0.0207258956444188 -0.779939748081616 0.385838947131185
-0.0329384812469088 0.00224352776698226 0.113907244570975 0.640132051901018
-0.0118596063428999 0.0281536733028433 0.420154070240558 0.123665477036698
0.00454747414365384 0.0065108344877802 0.161074956151391 -0.142073517662241
-0.00244399267397115 0.00291207623723818 -0.148352646163111 -0.132290106485834
0.0144650191477242 0.0104270122198283 0.133335847227935 0.107085735795641
-0.00693636410086173 0.00414859671484634 -0.0734725222135302 0.111694018212348
-0.0118002428752996 0.000378553533893484 -0.395416968637318 -0.0989601975815889
-0.0135577656653833 -0.0251812305458899 -0.170753420674413 -0.527622180648433
0.0142489147021349 -0.0514057647503648 0.57344375094079 -0.467637479720387
0.0211090159770015 0.0144490543949411 0.766947041568569 0.391743729438479
-0.0186537458237616 0.00200435402613015 0.0640944496836873 0.675118247304586
-0.0170131321027733 -0.0172832536518784 0.0548402202812044 0.091689500595333
0.0113851474839521 0.00153673948060183 0.0682230162932751 -0.63829231838009
0.00812472700953266 0.00524892396876643 -0.719589575892898 -0.604569092055649
-0.00306559612311065 -0.0185861946587284 -0.772642857077872 0.393856837648683
-0.0309068728307623 0.00486951837286419 0.124847241818376 0.638424314590747
-0.0122899585256826 0.0301688535166344 0.421939086681924 0.120891112369922
0.00386906279644836 0.00801822856697744 0.160176970557803 -0.143517670901561
-0.00384517489824032 0.00511839550643917 -0.148145456254875 -0.13166642492942
0.0143027790175095 0.0122966540343539 0.131938999374133 0.10883562117689
-0.00809376463007501 0.00588611122557778 -0.0741837967373444 0.112681836213934
-0.0122368221443815 0.00171578505882105 -0.392282977415931 -0.102459362432885
-0.0120180660991059 -0.0224298333159354 -0.156005642320146 -0.528988731687391
0.017691283512386 -0.0501610215337867 0.586260584087536 -0.456497437612784
0.0221226948194408 0.0142989154865278 0.765425141080083 0.407998516197307
-0.0164711990856419 -0.00217807902935575 0.0560660571932137 0.674753880022393
-0.0127268845855462 -0.0214429453383067 0.0561089762638604 0.0867397253134995
0.0140740441368245 -0.00183109066721774 0.061211327255953 -0.640645017293837
0.00939964763121158 0.00606296241097138 -0.726389613318875 -0.589973334396279
-0.000857835817547791 -0.0170890970316934 -0.76025279150526 0.408560469847746
-0.0295519381169066 0.00766273689504995 0.138335898418426 0.638195920095371
-0.0121560778940176 0.0314969537040025 0.423813697644099 0.116594540874057
0.00327263472659373 0.00917383797099439 0.157558124820715 -0.143126343841411
-0.00360194546177479 0.00623306896876069 -0.149714035263871 -0.129481007019581
0.020702462016207 -0.00519052938696775 0.12932969286389 0.106934442670086
-0.00447134985526386 -0.00721690298692694 -0.0868487457957232 0.108494192881202
-0.0117109924835865 -0.00963180843533529 -0.397667098560019 -0.106012310099561
-0.0244007299500445 -0.0266439187787095 -0.140612312173536 -0.524143346015753
0.00270796361884917 -0.0463251554657016 0.610577590383297 -0.430910030154897
0.0169697124405133 0.0205257076508152 0.761822554287698 0.430237569427767
-0.0216877253141836 0.0210340401719221 0.0524877728388869 0.664946467890176
-0.0273389184415293 0.00572874458210206 0.0688126893236546 0.0713600847863878
0.00915671809631404 0.018427407024228 0.0596386783549834 -0.647616708931226
0.0043300121532763 0.00898384534042789 -0.730657131358771 -0.563337428648088
-0.0185606237664879 -0.0162896440617588 -0.733153238506012 0.435349427572594
-0.0435428995201111 0.00546694525037223 0.157558503648498 0.63627843025438
-0.00885876084608616 0.018634897298897 0.418433540145663 0.113178227826185
0.0104582371618257 -0.00656338144611633 0.146615113177603 -0.140170051769752
0.00404443777443667 -0.0106206304391268 -0.153995951561688 -0.126626804923639
0.0190533883220052 -0.00422552607865597 0.130843889072207 0.105866507257524
-0.00437528217373576 -0.0065177800376093 -0.0824620881670527 0.108193601872404
-0.0112859096229414 -0.00828254212638173 -0.399500078927704 -0.103140959329148
-0.0239067696920198 -0.0269984268189928 -0.155662987541619 -0.52172105984901
0.0018743717736464 -0.0478083861923418 0.591949056179969 -0.445995347227779
0.0165207811922807 0.0202040355525921 0.765227926566494 0.411919878393021
-0.0227481926336378 0.0217844746392358 0.0609883216204184 0.666434348473808
-0.0289151458961644 0.00551470203289156 0.0656024355103026 0.0784247149598902
0.00776397452301006 0.0178951901908207 0.0660783268226635 -0.644145101241707
0.0034714462655856 0.00863846931266755 -0.721967162549724 -0.581046420501347
-0.017110282427193 -0.0186595261542892 -0.748138187940736 0.417517032073419
-0.0420124009210208 0.00256222155701977 0.138209194007402 0.639027901229829
-0.00902134116515264 0.0184269539386203 0.415439266049137 0.116933202747863
0.00992173156600862 -0.00549827686947836 0.150283995962214 -0.13947703682744
0.00345012901570758 -0.00960988813565116 -0.152873894811708 -0.128345623386742
0.0180544109010982 -0.0018079089798778 0.133523562143563 0.104956207410567
-0.005074425131103 -0.00391718173905865 -0.0785616363491012 0.108628606639599
-0.0116666511873672 -0.00717587433985895 -0.400369046615099 -0.100634028944259
-0.0232000938158861 -0.0265191285680206 -0.169471728368757 -0.522363508910869
0.00206327979220268 -0.048876060278907 0.578182748698712 -0.459929430471677
0.0170830107711538 0.0193561018008016 0.771065116448206 0.394740151237489
-0.0238081277068673 0.0195395326388147 0.0665968258788098 0.668264919313166
-0.0282423493441071 0.00364096145762465 0.0616071660438916 0.0855646868565168
0.0066610844702792 0.0171557519905306 0.0736265859524914 -0.6394805936296
0.00339760114092475 0.00845666091571115 -0.715433936454985 -0.597852305681434
-0.013960002630957 -0.0204260093557143 -0.764016655233955 0.400941048059092
-0.0404312978290998 0.000315895028278432 0.122387370232251 0.639595716286203
-0.00941740872130608 0.0200093269934771 0.415859127989827 0.121978660636016
0.00980064226552496 -0.00311786470072251 0.154415156098544 -0.140350462706167
0.00130443984509327 -0.00638145076147238 -0.150441136321851 -0.129574939137658
0.0168083408543937 0.000790959955703603 0.132968689840117 0.104386170013316
-0.00539934229341987 -0.00191427679955751 -0.0764063011743443 0.109182540491555
-0.0118778951913318 -0.00480142955869807 -0.400961195077836 -0.0969842756582211
-0.0215188784871218 -0.0265105809022074 -0.177511885175344 -0.522822807681866
0.00360033243550156 -0.0504949612379271 0.56832720964793 -0.467823519549333
0.017244104319996 0.0177507782027868 0.771707703909106 0.383549327069986
-0.022754594472399 0.0164704199567524 0.0695186539858929 0.668377015901277
-0.0271738099343463 -0.000673978975582455 0.0577900097129981 0.0910579405584303
0.00639291621930195 0.0139752879694937 0.0773602942059128 -0.636476735923713
0.00349649523616577 0.0077824454613841 -0.708538170769534 -0.612217415543271
-0.0110367084336052 -0.0215973124666358 -0.774904388461404 0.388456172731877
-0.0384438871223708 -0.000175250762683057 0.112762812360352 0.640260637370407
-0.00950039227007345 0.0221137821470552 0.414426980783528 0.123565418769573
0.00851068659301809 0.000543968592814789 0.15827745111195 -0.140512799632482
-0.000667047982230101 -0.00205733811184633 -0.148815328047494 -0.130333944371043
0.0151881980552508 0.00478703684859826 0.132514141745008 0.105088171095513
-0.00612711214841022 6.19266656943776E-05 -0.0739924566225134 0.108986349017351
-0.0117475939866552 -0.0037374768059964 -0.399988533566792 -0.0964924087066387
-0.0188567247337333 -0.0270488704606318 -0.180594580141027 -0.520364200503605
0.00624426881111107 -0.0515345553197855 0.562083508680355 -0.470407875372344
0.0186392991422948 0.0162650325873358 0.769939410614262 0.379677578023363
-0.0219254865063321 0.0118639236942611 0.071479319297623 0.669616979854126
-0.0244214732777318 -0.00627158947840754 0.0558121980967461 0.0936774148569407
0.00734655153942011 0.00910087157192011 0.0798998571535354 -0.634298011736473
0.0048920428109397 0.0074360566268484 -0.706323525476088 -0.615227263398266
-0.00847029615856749 -0.0216813123930147 -0.779661015611825 0.381891906178796
-0.0350194515244619 0.00117598830553784 0.107987118753822 0.637006638925349
-0.0107846560738664 0.0245611431399497 0.41559033992966 0.12404751575609
0.00627666438563097 0.00327836290650254 0.160503245956593 -0.14128606766433
-0.000987562106774179 0.000244337227108126 -0.148035018735396 -0.131758302822314
0.0150971291780165 0.00691947153314279 0.132359688570101 0.106044697149715
-0.00660469577962468 0.00290553967100314 -0.0729476345954865 0.110465001102641
-0.0117902677619905 -0.00146096910387922 -0.397572467503136 -0.097550692013588
-0.0158030332485638 -0.0255321950180827 -0.176746624328452 -0.523888213611971
0.00991437723514504 -0.0522644015203968 0.563138355542122 -0.469933286990293
0.0196152400773644 0.0152727589106058 0.767420643129438 0.381906154855395
-0.0200818980657075 0.0064435311219374 0.0662734990861897 0.67020949953265
-0.0203378432687545 -0.0125302106292829 0.0539651833272767 0.0939442944566593
0.00977428592218999 0.00496080743747093 0.0760963819852577 -0.635121591722491
0.00617432723428971 0.00633236216957705 -0.710687852428007 -0.613984993508216
-0.00478588374666885 -0.0199311179470203 -0.777285047586163 0.383290943896222
-0.0333843718716093 0.00193561527451973 0.111232967671433 0.637611797537233
-0.0117526082304464 0.0280164426302425 0.417148581366904 0.122356261608229
0.00453522171715355 0.00596170155641433 0.160690098583053 -0.141184281132367
-0.00300198580505987 0.003360079200696 -0.147078398366707 -0.131545728255064
0.0144836600604508 0.00977622020977632 0.131989273371579 0.107732147685012
-0.00746157998896871 0.0047935692023086 -0.0733420712715679 0.1098224144153
-0.0119608444371097 0.000364484280374043 -0.394278714119954 -0.0994560617667776
-0.0134782476627517 -0.0249871971195648 -0.169697921995931 -0.524589581506194
0.014613540030543 -0.0509159254657917 0.571746988167319 -0.464282420694344
0.0209712778836732 0.0146062410617167 0.764459288763484 0.391316240369764
-0.0193312844818374 0.00215639925436992 0.0616136022802384 0.671452916434929
-0.0167780610054029 -0.0179849068522464 0.053974925502567 0.0912202556450661
0.0117843986088203 0.000834698012835944 0.0707728744431967 -0.63405778749857
0.00860012661963367 0.00559677033595594 -0.713314815043137 -0.605269683132531
-0.00237159468446003 -0.0186105334468725 -0.770029283241737 0.389407956396945
-0.0310545319896305 0.00425069797339313 0.122041735791211 0.635731834968473
-0.0120150939379516 0.0296534195680613 0.419707415027246 0.120883995702231
0.002900283969309 0.00783045468628367 0.159775292323392 -0.140913233525678
-0.00344318045645056 0.0055137014308935 -0.14762131872043 -0.131546135220002
0.014028662704666 0.0111874974605809 0.130480672769597 0.107831814448047
-0.00846729775861567 0.00608395012643676 -0.0758889529574235 0.111845375411939
-0.0125317982177737 0.00212227598161544 -0.391384295617032 -0.102990202454394
-0.0120179970486665 -0.0235166882351949 -0.153783659566417 -0.527726618036523
0.0171543632053298 -0.0493593860478695 0.585087420858655 -0.453147082818237
0.022128462478562 0.0138488064992428 0.759395471023064 0.407926375895254
-0.017164143562756 -0.00212330513807355 0.0537848824424962 0.671540390831031
-0.0130302580408959 -0.0219403093984475 0.0559186560456841 0.0865826833997561
0.01442958209309 -0.00283719236800641 0.0634078625675878 -0.636660851145178
0.0103591091913684 0.00578662036595309 -0.722625046452775 -0.589862901072721
-0.000971049277640988 -0.0171088737700276 -0.75663668117332 0.403728178478846
-0.0299423922041318 0.00724821549998536 0.136313894783798 0.635176240468249
-0.012552091783912 0.0310592817179934 0.421430453709421 0.117867729674615
0.00352845318016221 0.00856688683914117 0.156576346398325 -0.142063672349763
-0.00391256424948882 0.00602084159687132 -0.148813566267122 -0.130142424870525
0.0196204915142103 -0.00628748446311646 0.127827093762187 0.107040301204813
-0.00478030219319454 -0.00724639864412737 -0.087963722934943 0.107011750296742
-0.0116516970994463 -0.00891869731820174 -0.396666240230719 -0.106059735386345
-0.0243894339428399 -0.0269806932204243 -0.13759996677981 -0.522092088684278
0.00233661221404856 -0.0459626558258969 0.609113946457264 -0.425362364721237
0.0162858172525666 0.0206834401227737 0.757698685483062 0.429714894954856
-0.0220071749959538 0.020390195392633 0.0512833349270881 0.662776914155396
-0.026786946046083 0.00478472798020927 0.0683266188327522 0.0712147502035009
0.00922345386701509 0.0180115231946153 0.0621803192627397 -0.643465146041639
0.00567135544101442 0.00973591211401439 -0.725894809974108 -0.564728468157903
-0.0184544116063554 -0.0166461389457871 -0.733954673648305 0.432562318386689
-0.043769141944525 0.00567248860091392 0.154126100812202 0.635492804605138
-0.0081591425748847 0.0175900542562934 0.417636663976224 0.11329123564709
0.0104729806102391 -0.00702768652038075 0.146705809075875 -0.13897100699585
0.00375271789038533 -0.0112956149196495 -0.152416517819994 -0.126675669805127
0.0192356218494689 -0.00434361311677262 0.130314418958966 0.105708740586959
-0.00521131354472528 -0.0059352812699414 -0.0830594821074169 0.106661414670304
-0.0118969244621563 -0.00814019605963445 -0.398677324549175 -0.102855434459377
-0.0243521417841916 -0.027389942995526 -0.154298292711532 -0.519907045385939
0.00172379053033406 -0.0474332647411597 0.591967084083097 -0.441356440847812
0.0159576382780817 0.0202469763527173 0.761974744567463 0.411301567835125
-0.0233199267087805 0.0209067065003117 0.0575388827938413 0.664346837465749
-0.0287533464691533 0.00519977191602551 0.0646849215528637 0.078370351943524
0.00679313778881669 0.0182237547996242 0.069926328027707 -0.640806187901725
0.0038976733188668 0.00886383052396902 -0.718995903837529 -0.582219912855648
-0.0165119340232777 -0.0184661851118045 -0.748918512116061 0.41559748829738
-0.0427232363300434 0.00218658892219969 0.136462623666025 0.63507603282617
-0.00845334768138496 0.0183729148992221 0.413834342965218 0.117747796361774
0.00969898343615489 -0.00529997947898925 0.151176828446867 -0.138887494805276
0.00291238601054292 -0.0100073179238255 -0.151586883561227 -0.127661380164782
0.0180836112893061 -0.00248808561992973 0.131778565230269 0.104155080578061
-0.00613250891180307 -0.00413299611219559 -0.0799699886667664 0.107162904394464
-0.0122473903932224 -0.00760903266361267 -0.399806466857076 -0.0984897804054914
-0.0240884591111572 -0.0269013363146603 -0.166209056031663 -0.519535885762804
0.00187214756738431 -0.0486623539309829 0.577252530866648 -0.455908857086715
0.0164671898853939 0.0193026227267639 0.767219688490958 0.395421634342717
-0.0236621675323702 0.0193506562093294 0.0655208006411696 0.665144477679326
-0.0288773877402041 0.00333982956162614 0.061143563570443 0.0848631775010381
0.00626546359723689 0.0166567936090721 0.0768883076537501 -0.638093627786108
0.0044661077983893 0.00831342894768494 -0.711481400535731 -0.600273177907498
-0.0148276958308776 -0.0211081433077289 -0.763618593665933 0.397901314136652
-0.0403011353733163 0.000457297157301341 0.120254854115075 0.637998762021155
-0.00906200686999426 0.0195158561916309 0.413646653683039 0.122529018052173
0.00975622300433458 -0.00287868950640335 0.154947919156238 -0.139135668979334
0.00172004693413455 -0.00633416199744753 -0.14971641809023 -0.129651633115262
0.0171013161873997 0.00102612734348319 0.132631086365703 0.104828672465343
-0.00650839103580848 -0.00158735796367487 -0.0769388671934531 0.106942326939797
-0.0121332894517705 -0.00545815573327456 -0.40031572133556 -0.0970747245531904
-0.0212122405631869 -0.0280722367757038 -0.175869897607927 -0.51953428052842
0.00394932769155998 -0.0501532727980486 0.56778064591359 -0.463925495534934
0.0172956296368829 0.0177423707247006 0.767449194423483 0.38525169947281
-0.0225522077461915 0.0152463151625712 0.0670420299758858 0.665596742579411
-0.0275422379981322 -0.00068785937192552 0.0573233806159283 0.0908131175899956
0.00595709732982763 0.013175342368828 0.0789701594242778 -0.634623781174544
0.00396568035083237 0.00826465704770397 -0.703287105679064 -0.611346405549585
-0.0111488969287108 -0.0221445281641915 -0.772750474305584 0.383669374216573
-0.0382370111770255 -1.31554344799424E-05 0.110045621237652 0.638891365902687
-0.00935704579433881 0.0216548221811428 0.412571278806407 0.123231756890033
0.00838079915086743 1.43383719614001E-05 0.158469952676124 -0.139326872921488
0.000376795350333933 -0.00240698290119789 -0.148147909324672 -0.130558287615657
0.0144518969028113 0.00430742347198644 0.132683008130468 0.105267307857824
-0.00724999685313766 0.000889121785009475 -0.0750010614920994 0.107616464212878
-0.0116080196066281 -0.00324183518618281 -0.399061379516501 -0.0970346682698945
-0.0188120777515584 -0.0272925177090093 -0.178444557543741 -0.520671129488753
0.00702133493351647 -0.0509511203888344 0.561658114329148 -0.467208200736283
0.0187164237491794 0.0165631505683552 0.768678288005557 0.379583861892022
-0.023066661867125 0.0118087647829674 0.0693457251401707 0.668672107674894
-0.0240738532633803 -0.00660070166700439 0.0545441907290699 0.0933423535582953
0.00734689271054877 0.00853838896079016 0.0797282710181684 -0.631805632482433
0.00624839348012112 0.00654616828008796 -0.702434296473987 -0.617462563128235
-0.00784389732160959 -0.0217825563895011 -0.777718991601006 0.379404332411224
-0.036219754180345 3.48011857040365E-06 0.106884331394724 0.635724060483033
-0.0104301670297866 0.0245615552694358 0.413914502961885 0.124912045121153
0.0066556218819196 0.00275725603393688 0.160242284155165 -0.139549342810093
-0.00191779654378803 0.000300136806722806 -0.146502993698237 -0.131139020604165
0.0146803096404497 0.00672228823769053 0.13199220179467 0.105791732687196
-0.0079263655289441 0.00333692501490982 -0.0738849438139136 0.107659341133647
-0.0122273275015573 -0.00111713934717056 -0.395373151422627 -0.0970952790238846
-0.0159244131968793 -0.026776203480846 -0.174128751391305 -0.522213109571095
0.0102616134167746 -0.051880450741153 0.56312261909091 -0.466885170502773
0.0192607886179985 0.0148154771579844 0.76477363805738 0.383764202039979
-0.0210147906105831 0.00566366665279057 0.0642240561332541 0.66759971214666
-0.0216064582798419 -0.0122353927366567 0.0533084311637695 0.0939374815332567
0.00941863717516921 0.00467641067163082 0.0769755218345269 -0.629928934239189
0.00677115309285852 0.00672352148477669 -0.704720935940266 -0.614349880721816
-0.00483355550529627 -0.0196567332071739 -0.77614262319088 0.379525050678809
-0.0322368286849904 0.00193028159624057 0.109311232911868 0.635973262193725
-0.0116147859432446 0.027281792754272 0.414493983493838 0.124024576327027
0.00485996486326843 0.00617945984733803 0.160551330630521 -0.140341503543787
-0.00291157477240566 0.00388827250289205 -0.145618810916959 -0.131493868761555
0.0137731434310574 0.00967585007326338 0.131314639407144 0.106519290823429
-0.00890307500671132 0.00438649168854427 -0.0742712401187334 0.109261668127618
-0.0122451913631123 -0.000164129692329 -0.393464865082362 -0.0995585956418018
-0.0138138256279576 -0.0261428687840593 -0.166018237485509 -0.523995161197664
0.0134501877797994 -0.0505428490824684 0.571648643432856 -0.460453680022615
0.0208564267459067 0.0141966202193725 0.76038045343141 0.391949066759958
-0.0198688204249139 0.00116544682650748 0.0590376080471014 0.666995959075107
-0.016942102478029 -0.018209364238326 0.0538578794615359 0.0914099984674899
0.0114730300892117 0.000133620889724278 0.0732792934234055 -0.632354158077376
0.00852860892419544 0.00580065250520127 -0.70923061016144 -0.605338101474957
-0.00223811521509489 -0.0189523035204807 -0.769620505220093 0.385999945328215
-0.0312842076349647 0.00455154263225689 0.119937864277606 0.633840373874187
-0.011953441272634 0.0292535327232732 0.417846523517464 0.12131803063907
0.00357667134418537 0.00758936460907822 0.160303517467779 -0.140117416159233
-0.00369886047407193 0.00556705743254744 -0.146449881191533 -0.131063003112613
0.0136573986053164 0.0110126855659517 0.130192025607969 0.109042254010483
-0.00898124260963239 0.00564145902843736 -0.0768648565916837 0.109583610715956
-0.0127363685121204 0.00123442196437141 -0.390512567570377 -0.102886118061438
-0.0120633724953266 -0.0243829811619668 -0.152065481741679 -0.524529758927446
0.0174632168328949 -0.049459058780909 0.585959549071227 -0.447912760915352
0.0223232717662854 0.0142000855407275 0.754996472282962 0.409058061671333
-0.0175007684555395 -0.00262823791367486 0.0503302181217046 0.670363870655256
-0.012927712408572 -0.0215730817661606 0.0551543842729404 0.0865019091740456
0.0136415830240636 -0.00314233846922301 0.0664697814449443 -0.633579562987888
0.0108221540130134 0.00563601715336671 -0.716803310118135 -0.589557221498177
-0.000563696759552312 -0.0165279983942644 -0.757612146266137 0.401937077812849
-0.0295575372372046 0.0072802469750245 0.134197823167626 0.631840219081473
-0.0122928984196288 0.0311625595651773 0.421361610789551 0.117449713996161
0.00351247015828181 0.00855021268100894 0.156716295594363 -0.140471393125852
-0.00468974601161877 0.00569737139691668 -0.147459565326379 -0.129175889336828
0.0195767106299717 -0.00626517306440402 0.127267146006624 0.107536460739608
-0.00521525899615283 -0.00694827824870668 -0.0888611147035356 0.105688658726801
-0.0120978097741968 -0.00956441177930239 -0.398017572548301 -0.106988525629925
-0.0241749952333308 -0.0275048018193939 -0.136556025822674 -0.521226716767541
0.00240447862278923 -0.0460751714373068 0.610374466004665 -0.423613910522666
0.016699603679591 0.0204657236130746 0.755006697191948 0.432597688931661
-0.0219283211336779 0.0200922090237359 0.0485819788329644 0.661683946434303
-0.0275007369986342 0.0052824687251156 0.0681004658109099 0.0709751594353341
0.00928905501248346 0.0172400772065136 0.0662141046085255 -0.643372655228147
0.00559598292987688 0.00860066197596707 -0.722935403670969 -0.567099354334353
-0.0176646878603172 -0.0152332204952096 -0.733919107338921 0.429899607035443
-0.0432397373906496 0.00513582676668512 0.15199241673108 0.635031264507608
-0.00898234877347052 0.0186988097253673 0.416148479298202 0.115329887445397
0.0100057339223961 -0.00706506727320396 0.147001345493367 -0.137912557199374
0.00375279106111401 -0.0110856770903511 -0.152073667515651 -0.126148275061671
0.0187460687002955 -0.0048305263885612 0.129045176087912 0.10634962383285
-0.00542581568300658 -0.00590621329126871 -0.0854804211338184 0.105803219669311
-0.0122252649709658 -0.00858559619422619 -0.399006566384218 -0.103626232988247
-0.0246653340581856 -0.0278615837809491 -0.150503896961836 -0.521275344488655
0.000706143195021119 -0.0477180222354756 0.592887171001036 -0.440582390215691
0.0159437781219346 0.0199378018212295 0.75893998559741 0.414371883832021
-0.0240717820372888 0.0201439080390292 0.0545427473143354 0.662975021569715
-0.029023218211762 0.00519028351461765 0.0642460623179745 0.0787237741253627
0.00685818120674329 0.0180175097705683 0.0729685281401352 -0.639778998681554
0.00469464010771672 0.00860756209076074 -0.713280867934149 -0.583828815927999
-0.0166059854978142 -0.0189377721302701 -0.749394103283769 0.411614159859852
-0.0428480881914596 0.0022412642478144 0.134367940649354 0.636619304531454
-0.0087891106028379 0.0179222123209836 0.413219174105515 0.118383329643303
0.0100688993281108 -0.00600783812853534 0.15092429246177 -0.13757680106707
0.00273564389015854 -0.0093522225036567 -0.150362587331332 -0.128536556794642
0.0176408328587523 -0.00252478586713368 0.131171934163211 0.104516370378176
-0.00613944396455542 -0.00429681846517582 -0.0806139003374401 0.105347718391294
-0.0117358494046666 -0.00718672298488007 -0.400364736638634 -0.102156685964652
-0.0232131281390615 -0.02804833745724 -0.165057627240796 -0.520106060226415
0.00210026050075115 -0.048379219968596 0.578339218137036 -0.453080818554618
0.0165351321527373 0.0186745909831419 0.762535801755623 0.398141524723207
-0.0247720705071437 0.0186279481605076 0.0625748353235564 0.665225089375569
-0.0295495899523403 0.0032371463958637 0.0603646895377583 0.0857019901656603
0.00613567729574322 0.0163190428921351 0.0798254830649806 -0.635931685049279
0.00438682358716526 0.0075363008576992 -0.707693820352186 -0.601619620462277
-0.0143545997083798 -0.0205074463203195 -0.763265864439791 0.393720707334553
-0.0405886540430776 0.000174753528759924 0.117871422953222 0.636332101366517
-0.00867841173308018 0.0192832701666994 0.412134645909085 0.123214104658101
0.00907918709365741 -0.00336606799523162 0.155274170469663 -0.138523827753464
0.00146408729731681 -0.00688528413341209 -0.148928745159857 -0.129467643038665
0.0168225965146764 0.000864527784853356 0.131821034227262 0.104524660892181
-0.00680587021989848 -0.001124206065638 -0.0771206636031076 0.105738268584098
-0.013251167808783 -0.00567035120839765 -0.401178201069028 -0.0983168628762871
-0.0211122625159166 -0.027789437794693 -0.172924356356646 -0.519762478971457
0.00342104355884221 -0.0502379146744139 0.569564414904264 -0.461009360680678
0.0178158662615938 0.0174252882574735 0.764325006840856 0.38781374300003
-0.0239788351506898 0.0151209207916868 0.064818742540392 0.664297640442999
-0.0274592320505894 -0.00138577408543948 0.0567681907562206 0.0903537920764574
0.00594484120862524 0.013066348477822 0.0818605958625605 -0.631961067071929
0.00479428814415277 0.00701236665261774 -0.700980492342321 -0.615265139238397
-0.0114531086075272 -0.0217685784671062 -0.77276343143021 0.379859009788454
-0.0383064929965931 -0.000491626057276817 0.109627076940113 0.636545810394165
-0.00991858829862737 0.0210374485553742 0.412029256931801 0.125720435114401
0.00690461748097463 0.000166634585409891 0.159487023387596 -0.137770972386831
-0.000260495073173735 -0.00334223435882007 -0.147172132834841 -0.130922423315506
0.0149371416187081 0.00379657472384905 0.131706340899698 0.10459801518824
-0.00762292038331437 0.0015473187467536 -0.076164492853641 0.106778694468991
-0.012609998124917 -0.0037381578883199 -0.398488693659488 -0.0976663400330241
-0.0193781256782886 -0.027312728694527 -0.175235344327849 -0.519988992341101
0.00715895818106464 -0.0512019087650835 0.562692556011826 -0.464195278972924
0.0186155815359822 0.0163451112521272 0.764525956302694 0.382767538914424
-0.0229722567939494 0.0109665620607412 0.065407507609097 0.66618750882493
-0.0241437124210871 -0.00665910304098648 0.0541152243537237 0.0933009201727061
0.00678380770407064 0.00862392366452965 0.0841625379781053 -0.629803232674635
0.0060868718135746 0.0071971318527991 -0.697591200493981 -0.618872749098108
-0.00826658454931006 -0.0214727341421983 -0.77754437615378 0.375297868100131
-0.0357944763131409 0.00031536610089845 0.105353345542953 0.636087710624945
-0.00998756841117591 0.0245902111459442 0.413732262319888 0.125521189783571
0.00583430255797308 0.00272560113724925 0.16095598351767 -0.138662168067041
-0.00192425727803935 0.00068290112591309 -0.145709382481826 -0.131874212492022
0.0145948620324649 0.00643206795903574 0.13185577600957 0.106490771380136
-0.00853051329193031 0.00292550838204598 -0.075324857949396 0.107093011531419
-0.0123949159857206 -0.00122571048134505 -0.396335967421231 -0.0971808389498471
-0.0159578018724961 -0.0273280940860334 -0.170729880923085 -0.520818309973514
0.00947421878106169 -0.0511556520012092 0.564473614972708 -0.463840428898417
0.0192165753447736 0.0143996777557065 0.758758582945132 0.386074080396687
-0.0217924498665054 0.00530935956241484 0.0594963633956325 0.666315587887742
-0.0208544071165089 -0.0125892615390243 0.052526965037378 0.0939177407984981
0.00893742511568947 0.00347809454790779 0.0813774109728516 -0.630433605999802
0.0069447296600582 0.00638781881971166 -0.699468156398998 -0.615364900901307
-0.00482510752558847 -0.0201978060793289 -0.77518591414326 0.374697341595173
-0.0331974225687858 0.00187203715667248 0.107415977151203 0.635008133894537
-0.0115292296647374 0.0272463683788945 0.414701427203397 0.12506546224263
0.00481618323454211 0.00566673013114295 0.161378785005375 -0.138734270676031
-0.0032831771696023 0.00410122929577497 -0.145552984345463 -0.131872823192225
0.0137370535841272 0.00854396725531672 0.130521009158336 0.107773612121466
-0.00892637171989998 0.00519736322416259 -0.0760946634406499 0.107283697352014
-0.012694937309689 0.000105116001103148 -0.393501312286677 -0.101145010431617
-0.0134470478186754 -0.0263433026676883 -0.163262471955886 -0.52220616812397
0.0137121388347544 -0.0505146213990058 0.572225031077204 -0.456989841947787
0.0208656706258883 0.0142624797189299 0.756501250761286 0.39463310625035
-0.0193313773453493 0.00105315460313461 0.0558859824410401 0.667675010251566
-0.0165032325548681 -0.0177634837871664 0.0523789449656748 0.0911748104496364
0.0118731853726399 -0.00014285133962672 0.07744093375932 -0.629877658605591
0.00911679123363199 0.00605756687691771 -0.706468839494808 -0.606480468486967
-0.00256160093770756 -0.0183122883528819 -0.770499382108038 0.385011190227197
-0.0308942182271356 0.0042047407262775 0.118235847664162 0.632527475294692
-0.0125152809079528 0.029625797208862 0.416841035136102 0.124188492747179
0.0031653751205974 0.00769809808725877 0.160802850613816 -0.138533152429023
-0.0042299718685095 0.00534272900597695 -0.145260123852501 -0.130591992268417
0.0136044752648363 0.0106566110586433 0.129109508588276 0.109083687190915
-0.00971325150899249 0.00626903809913444 -0.0772835851067811 0.108699866425485
-0.0132538991275894 0.00171594472252377 -0.390565966898481 -0.104281909373423
-0.011391885632125 -0.024425371773174 -0.148464488636254 -0.525728614633773
0.0167716692013638 -0.0490529156970103 0.586406861130453 -0.446323526557673
0.0217404838988538 0.01402974930772 0.753161830119683 0.410451833054175
-0.0177136012853544 -0.0025421221147919 0.0488710545620967 0.6688299658814
-0.01325114308872 -0.0227338507782893 0.0547893712772029 0.0865247739322084
0.0139922138784185 -0.00340209009876212 0.069344742844687 -0.631924710034138
0.0111772756485691 0.00484625837986517 -0.713997453695087 -0.592495860966224
-0.000666586671010577 -0.0171723201197969 -0.75815591176383 0.399351069289505
-0.0295868544514124 0.00668946767361116 0.131385460308308 0.632610348112006
-0.0126086986289154 0.0307531810602192 0.420492239611973 0.119709610711935
0.00282233840972604 0.00885820556353621 0.157827877319838 -0.139619644120973
-0.00336592784925656 0.006812973487365 -0.146957824200903 -0.13004444495325
0.0193511987375917 -0.00686412948109561 0.127071089822191 0.108155692279546
-0.00644101000910173 -0.00620880166254228 -0.0889489146536167 0.103993095578457
-0.0128510314107357 -0.00987701072338255 -0.398774779389703 -0.107869295344756
-0.0243206076126285 -0.0286325504730203 -0.132664476445526 -0.520989892125108
0.00259032921776221 -0.04518053397412 0.612722806463405 -0.421731833681484
0.0160862456039386 0.0206069593349016 0.753540642003285 0.435400635257438
-0.0226971873775774 0.0197940919176791 0.0454120023930432 0.660909198812472
-0.0278027081308409 0.00382646415939126 0.0673551220605011 0.0708242202555174
0.00827941852787653 0.0163006883880256 0.067584988647106 -0.642946954250121
0.00547674282078669 0.00935992455711589 -0.719581159064112 -0.570298719826996
-0.0182464814937155 -0.0153630262647056 -0.735354904954894 0.426072531984955
-0.0432199810831775 0.00558802873079112 0.149697604167798 0.634359350814967
-0.00838143898461309 0.0185049358150733 0.417316092494007 0.116946449639489
0.0093849039611204 -0.00765507936013067 0.149013590372702 -0.137347231555876
0.00383866556281429 -0.0111336727706094 -0.151998132419393 -0.126836207498225
0.0184139638824354 -0.00587310605264016 0.129065445376947 0.105709878066561
-0.00630434472455012 -0.00566304878393922 -0.0866924197117458 0.104828659958007
-0.0128469751582514 -0.00893804807247144 -0.401135356585141 -0.104721206979888
-0.0244512839258345 -0.0280318525371258 -0.148083009851963 -0.520539108765534
0.00130190688985221 -0.0469958808901335 0.594825979346512 -0.437285552513121
0.0157808454803692 0.0203215257280039 0.756665600790135 0.418009399122965
-0.0243331305350215 0.0193009584498129 0.0516934627583551 0.66243681495834
-0.0291661630460333 0.00480881055256115 0.063371507617607 0.0782686470123239
0.00645970301910602 0.0169475884228167 0.076015670443576 -0.638119726041068
0.00488240346391621 0.00890802009576729 -0.712403878295757 -0.587813884699781
-0.016913169917298 -0.0185140282839962 -0.749776772195515 0.408538721524205
-0.0423932234628056 0.00218531122154214 0.131639007818259 0.636284247855178
-0.00914533909711005 0.0171291755389592 0.41411445063362 0.12135193011875
0.00932752905759159 -0.00569972501744488 0.15248203146772 -0.137208619037593
0.00290768350072221 -0.00870529302432024 -0.149937011274477 -0.128933499675189
0.0166004466376201 -0.00346056134120825 0.130730811076312 0.106030935746563
-0.00656873572013561 -0.00372584033563012 -0.0817733527912192 0.103998182064548
-0.0129567552523669 -0.00790194561676245 -0.401748010984013 -0.101246668717026
-0.0232498579713081 -0.0283279066464552 -0.161401545838109 -0.520068646999183
0.00194238308739651 -0.0485791472038604 0.580517623545402 -0.451002862706768
0.0163055599258835 0.0189059517375348 0.760858525179987 0.400783467350311
-0.0242572345587158 0.0188138682042503 0.0598379094242776 0.663068121329371
-0.0291227663261901 0.00303293917464261 0.05984193785785 0.0858821209818224
0.00516764369227774 0.0157797044467759 0.0837049457800583 -0.634986572676404
0.00502182415056424 0.00794085083651264 -0.703370905228838 -0.605054787223429
-0.013895642410881 -0.0204924394903724 -0.766623453378848 0.389599167854364
-0.0405100274155721 0.000321317644432471 0.116513752337067 0.637869459132175
-0.00898795609204772 0.0188773240315057 0.411950728568242 0.124366448942151
0.00850730871871564 -0.00329227208623171 0.156162059478091 -0.137040012771272
0.00114674966395561 -0.00638993112713412 -0.149031159550507 -0.130338498956539
0.0157385281194631 -0.000362360818490805 0.131735155080933 0.10588591589919
-0.0076515337485125 -0.00177424296584395 -0.0788965211923362 0.104253649583766
-0.0130701802536705 -0.00577084662548473 -0.402370845147729 -0.0989301338487441
-0.0210777866171025 -0.0288207648999787 -0.170508072650637 -0.521225706461003
0.00364269075634085 -0.0497370628622495 0.570384544213307 -0.45818500454953
0.0165266213878938 0.0174350881950592 0.762698617297908 0.391142530080397
-0.0238918428550479 0.0150890797727002 0.060411527721789 0.663433618724954
-0.0281854889256157 -0.0017829000385014 0.0558428331297591 0.0909704076806193
0.00578500197277044 0.0121110321263472 0.0864628580023508 -0.632856802727195
0.00503181941899046 0.00713447834411074 -0.696383000739129 -0.617107321522848
-0.0116652975554259 -0.021638764086289 -0.774679426199562 0.377255942399388
-0.0380759171466676 -0.000616876393830977 0.106703189841092 0.637842468188093
-0.00972413610282533 0.0211451535140212 0.412609155284152 0.127046279650395
0.00753842825885604 -0.000385324022491321 0.159934131426538 -0.137027991109163
-0.000318992001668051 -0.00315875901675931 -0.146872969339203 -0.131013980279561
0.0149471305486252 0.00310111438385496 0.131173196236289 0.105364353656136
-0.00809215696475749 0.00109722629251184 -0.0776363576579733 0.105596666302743
-0.0130771382997202 -0.00323259362513952 -0.399932451903912 -0.0988555158475289
-0.0190808154135818 -0.0285813926292614 -0.173681099806205 -0.52131363194614
0.00664112797780503 -0.0508263611985463 0.562936277929362 -0.462789428623368
0.0189039740477325 0.0162705412202457 0.760899698236671 0.386467212836031
-0.0226708701683798 0.0101722873834595 0.0619763886250542 0.66673177038268
-0.0250979232283247 -0.0066238922501339 0.0536596263371309 0.0939535245766401
0.00682426774815843 0.00800889461659065 0.0885613606765885 -0.630112047291263
0.00638324998863926 0.00672654639279288 -0.695744522132071 -0.620184819766871
-0.00848451037713936 -0.0209796373735896 -0.778933930150813 0.371342660366599
-0.0356457872151497 0.00020134452368446 0.101040115932606 0.634798897170569
-0.0111965350162175 0.0244863686359081 0.413004194833977 0.127685093234638
0.00558707110225607 0.00236681633541033 0.161818175403746 -0.138045844553585
-0.00138014788837107 0.000507058544598489 -0.14584290695311 -0.131743496871781
0.0142896277310583 0.00561255114297616 0.130974661193427 0.107098504842786
-0.00927505412668375 0.00327005862018103 -0.0756506752691003 0.105422178265887
-0.0129807020439256 -0.00207027346866234 -0.396682041949831 -0.0996261656815229
-0.0157964416797067 -0.0282499613450676 -0.170046906151638 -0.522172658536866
0.0100533014598114 -0.0514777353901759 0.566739399695164 -0.460435453612333
0.0189366255898082 0.0145167610452478 0.75821983628399 0.388119337647804
-0.0212851420660833 0.00482977350671395 0.0576443674277812 0.666127126087728
-0.0213163017423011 -0.0132933804841512 0.0525010064716985 0.0944081416934183
0.00908076762885697 0.00244391189747432 0.0842985064261663 -0.629025903299726
0.00789800195706316 0.00620679596154015 -0.698676344503482 -0.618819141409878
-0.00493168682139228 -0.019663414986442 -0.779354350530539 0.37159376589404
-0.0334352420828064 0.00219902402153317 0.104132428687163 0.63523193003369
-0.0120899631854066 0.0272417734602788 0.415518032880093 0.127592695338183
0.00416927922927163 0.00585007595428941 0.161987282446475 -0.137164630667463
-0.00348802138664316 0.0035204024631171 -0.144901512618024 -0.132148260162522
0.013313517803693 0.00864611504318653 0.130436135759437 0.108271286309328
-0.00986901721190716 0.00525691049079376 -0.0763829024283534 0.106637125396217
-0.0128134288391309 -5.68324318889458E-05 -0.394931621338769 -0.1016489419777
-0.0134181092234551 -0.0268968978023536 -0.160789316735497 -0.524764970648372
0.0135627992047091 -0.0499300603371703 0.574899027704957 -0.454511767397089
0.0205083765416876 0.0136228606401651 0.753392932205576 0.397385296493924
-0.0196120042227712 0.000571791863835765 0.0534429189945447 0.666852890742914
-0.0168422541152088 -0.0180242812010806 0.0525052324527748 0.0913820187319708
0.0110642012747452 -0.00085786723319122 0.0798296257741311 -0.629856502952768
0.0102696638604362 0.00584441372620683 -0.703185526474176 -0.610696558199075
-0.00237120754319876 -0.0185673948473608 -0.770889237616897 0.379759916757511
-0.0311400871909479 0.00451712216125157 0.116900797774264 0.634702088145865
-0.0123996073572746 0.0290778764747499 0.417508630186561 0.124790652143738
0.00267300296357419 0.0065145402114812 0.161648095650721 -0.137625115003693
-0.00371699134909582 0.00589905105228913 -0.144896641699488 -0.131053937626761
0.0133780307187881 0.00957409169798412 0.128866494186576 0.110753209257609
-0.0106256498274004 0.00657443775949999 -0.0792181008072853 0.10705548295925
-0.0137766641659295 0.00126282322828772 -0.39214133734254 -0.10442965296992
-0.0115200620938142 -0.0255499784901499 -0.14469085271461 -0.52443975416092
0.016370566583015 -0.0484069563073015 0.587816982584559 -0.443212144627798
0.0216305820966839 0.0136339884970969 0.749888459337109 0.413480806542536
-0.0180367963604308 -0.0029051315022397 0.0435029129309617 0.667235642330745
-0.0131983367907345 -0.0224243237019936 0.0535774898718852 0.0865645829244187
0.0138220394233975 -0.0041493523369662 0.0716173648137032 -0.632552265658223
0.0109853215869464 0.00561778606431195 -0.710203949643755 -0.596591932325866
-0.000601100109616923 -0.016406932606325 -0.758599784625431 0.395964349329763
-0.0300147165054016 0.00707703744474976 0.130013919709484 0.632331151924324
-0.0128951464736456 0.0307552318753476 0.420565369712207 0.121666315293417
0.00268024786994689 0.00784858782453342 0.158657777732444 -0.13789164253552
-0.00497814818302864 0.00609473347827398 -0.14633717239753 -0.130906863276492
0.0184361598129008 -0.00687946933149053 0.126461214278207 0.108592818364738
-0.00677741961652128 -0.00642022789224242 -0.0917519937029368 0.104427380751881
-0.0127106877237047 -0.0102202539847908 -0.39935718625485 -0.108235031312131
-0.0248936277586108 -0.0286144907002168 -0.131237809847183 -0.525064384284041
0.00175556222075699 -0.0462613018559225 0.614478892293411 -0.419131008023661
0.015886984700727 0.0200146117808759 0.750646402284209 0.439042834418121
-0.0236522431098608 0.0180253379376813 0.0425178202909202 0.662204380186539
-0.028437406013874 0.00414868875144685 0.0669972619754196 0.0718336208235482
0.00812343784021116 0.0163788683647782 0.071028558358746 -0.64359087707701
0.00616399747884421 0.00862128781228187 -0.719960044142323 -0.573908424548073
-0.0181954015009824 -0.0159709918476163 -0.739589381436666 0.424670212054136
-0.0441622621062237 0.00541332342304819 0.147561256989861 0.636963658725768
-0.00951163632448761 0.0174685689339972 0.417535242825094 0.118254608253804
0.00907456065020448 -0.00760741954496851 0.149405955287315 -0.136756103291061
0.00350258733864395 -0.0109556891994163 -0.151504264369803 -0.127269216561601
0.0186070022037864 -0.00575287124050844 0.128686061048301 0.10688846754941
-0.00715480359221066 -0.00513755676034372 -0.0876128267300212 0.10402491645873
-0.0138692640008072 -0.00890250331915842 -0.402175362589903 -0.105052782289209
-0.0248635625114773 -0.0291951643349841 -0.146765491649641 -0.522678971368279
0.00122268620862483 -0.0463516219877961 0.598737844833498 -0.434041655249605
0.0163652835514337 0.0199998691185997 0.756383429235172 0.419659693913893
-0.0251135407056993 0.0197636018273338 0.0481238943076088 0.663041214381846
-0.0299055682106192 0.00469711130703592 0.0634937427344469 0.0794271883457732
0.0063971848752632 0.0168000097582999 0.0784463269122464 -0.640311720129106
0.00575437878307277 0.00812963244517507 -0.711799476828579 -0.591805389191096
-0.0168596923952119 -0.0190249231925439 -0.753501412977564 0.407728017621364
-0.0429801969777379 0.00248187853530241 0.128996189221116 0.637281659656432
-0.00929053554427262 0.0172938988429422 0.4146843677199 0.121954600269482
0.00929401820258219 -0.00648768799874898 0.153743925266173 -0.137009690367435
0.00199242301367322 -0.00913279648021754 -0.149189508049968 -0.12934267321507
0.01726060119928 -0.00295490893540329 0.131000134055336 0.105902343635953
-0.00790036301172624 -0.00377354388879624 -0.0835309381342494 0.10376929175903
-0.0126982784291634 -0.00761297377064858 -0.403258048593956 -0.102332965293349
-0.0235936181249308 -0.0293962352557545 -0.161077712738627 -0.520698742929376
0.00175221894353877 -0.0477410718787603 0.583615624720232 -0.448073480874176
0.0165447874814694 0.0198748921078453 0.762113109168523 0.405583065631889
-0.0243785908479585 0.0186473129510312 0.057019260606172 0.66468993600725
-0.0301379593787907 0.00251567346775286 0.0589695879197631 0.0862337458892729
0.00555361249612566 0.0148970074564863 0.0866431250574273 -0.635540819635879
0.00546208264360968 0.00784817324129609 -0.70195492017555 -0.61001744053349
-0.0140080414430028 -0.0204795144019581 -0.767361422478251 0.390219056949225
-0.0408166450354252 0.000250217310643751 0.115183923240685 0.638095517766352
-0.00916275819562999 0.0187212015038253 0.413059723082645 0.126435281359645
0.00853216661375641 -0.00336309538335902 0.158075412789598 -0.137182267718844
0.00131158799417681 -0.0066070789557559 -0.148091728661397 -0.130883391114239
0.0155304886932254 -0.00100823786239033 0.130769308020657 0.106137213203604
-0.00859849901618989 -0.00155932722983496 -0.0804177245075416 0.104355680319771
-0.0136570695317349 -0.00631756758128123 -0.403412736023737 -0.0991994729376518
-0.0216715865715228 -0.0296656930344814 -0.167766831544215 -0.520865340473874
0.00363298808056228 -0.0498496080004186 0.573188442825349 -0.4554863807861
0.0172219887100724 0.0175874921741323 0.763206869223667 0.393543541061565
-0.0246096085543252 0.0147036612667093 0.0595953849930471 0.664971230105019
-0.0281545276067462 -0.00171611242130485 0.0553323316010764 0.0915709127632671
0.00486152831892924 0.0112723941274607 0.0895564973312643 -0.63266377007066
0.00660157758714098 0.00633506377997 -0.696540168346645 -0.620633719439153
-0.0110286941114556 -0.0213421728391113 -0.778137493124329 0.376460420068577
-0.0387563406758793 -0.000182203305922581 0.104364480482223 0.638673344591944
-0.0101372837608956 0.0213784125554397 0.413604773342747 0.129370582640507
0.00692517530460614 -0.00116666253759159 0.16131559779184 -0.137286708650704
-0.000141709346103325 -0.00261391968474075 -0.146797330632902 -0.131939726332051
0.0147226045911077 0.00270668178415583 0.130904429234216 0.105818742160615
-0.00880665133063702 0.00113685604618461 -0.0788279704402326 0.104587212826395
-0.0131401599772029 -0.0042834538979912 -0.402036828950162 -0.0998864450352944
-0.0193530573422325 -0.0292112904772651 -0.171600182026215 -0.521791955632583
0.00653838584829765 -0.050455100482298 0.567790026590594 -0.4609850470132
0.0184060492872862 0.0154621976979708 0.761078596245756 0.389238648279576
-0.0235397121696487 0.0108190484293959 0.060043876141582 0.667340871688701
-0.0245817638409049 -0.00776264769292476 0.052819957275025 0.0934369787230913
0.00662705971207236 0.00684559174633872 0.0908635638516688 -0.631833521522278
0.00715684906205235 0.00646668066996018 -0.693577848563173 -0.626819637751745
-0.008370381760142 -0.0210012623683182 -0.781342461841011 0.370535585429508
-0.0359785862584254 0.00053192050839123 0.100645590041671 0.636804361461836
-0.0106150595836143 0.0235794102902912 0.414092031394375 0.129195748893479
0.00544526725053307 0.00247586542599707 0.162744919253049 -0.136237425396302
-0.00231417400118309 0.00111739598617402 -0.145001372641085 -0.132789174395189
0.0134815472887382 0.00580057604494453 0.130680193061944 0.10664743275508
-0.00935699135328497 0.00399914327961759 -0.0780536538763475 0.104460983821187
-0.0136873411573722 -0.00251380196113478 -0.399828267285928 -0.100394728008836
-0.0157409633579272 -0.0289661167185727 -0.167817922884675 -0.523016400109026
0.0100352862748077 -0.0509012530804454 0.569487801118545 -0.460868981106393
0.0189807329145936 0.0149135107275241 0.758449950149523 0.391395537293209
-0.0222512990387558 0.00475441052040567 0.0561137650416165 0.667649717730603
-0.0206542138078603 -0.0131493923487035 0.0514885047219157 0.0940266832791196
0.00856077986456752 0.00253116296980127 0.0875938967751452 -0.629757613909727
0.00880559974199165 0.00576851249920857 -0.697291606009348 -0.625920081859643
-0.00478709648068938 -0.019917288741856 -0.781085237104764 0.370644965947733
-0.0330392194151303 0.00185835642177362 0.103221968660775 0.635992448664022
-0.0121028893998346 0.0271541617965445 0.416375113131645 0.129391271723949
0.00422583075400952 0.00482628135822902 0.163909237560757 -0.136910050328067
-0.00328742997043449 0.00364173066031424 -0.144506537748075 -0.132403476328501
0.0131258365172951 0.008451548378748 0.130705283793454 0.108623136173085
-0.0106390405242714 0.00543820086832467 -0.078516729737325 0.104494184739796
-0.013229999547942 -0.000613090843732372 -0.395823984897177 -0.102845218459953
-0.0136911980291786 -0.02741078199194 -0.159117042777524 -0.526014773625236
0.0137255971333506 -0.0506413077176817 0.578944902298018 -0.453055066968348
0.0210990364641505 0.0140758223689168 0.756776516291134 0.401507726594519
-0.0206162205780213 0.000246805145530802 0.0513682794329956 0.667765669152174
-0.0171950119373177 -0.0186089789698927 0.0516139528324291 0.0927103588480555
0.0114803833017232 -0.00121842992239243 0.0822396598305375 -0.630978596086724
0.0111706356578338 0.00502262450988405 -0.702186050283439 -0.614824498866211
-0.00240191303467543 -0.0183240418746181 -0.774036308700383 0.37868583899689
-0.0315325237997311 0.00470299626732993 0.114349036099472 0.635071021837358
-0.0121638288151233 0.0305270700063243 0.418439024029975 0.125729293476991
0.00224122951592239 0.00714472025509828 0.162942422280437 -0.137415481007502
-0.00474691298689809 0.00605891704846871 -0.144326194416791 -0.131718764736869
0.0123848359721533 0.00931558297574516 0.128851890055005 0.109775630266719
-0.0112515274414109 0.0060140184267143 -0.0803041495687837 0.106109334014926
-0.0136295732519414 0.000968800183792642 -0.393140271328311 -0.105824480407062
-0.0118912071738078 -0.0254146339051492 -0.145061322596663 -0.527053854074839
0.0167129226004191 -0.0491553678885407 0.592562401577283 -0.442033855452458
0.0212877751715827 0.0140943929268365 0.751031205421527 0.417102014029003
-0.0182167358368145 -0.00347559061544243 0.0415257946979685 0.667990636743808
-0.0134543014069237 -0.022723305150941 0.054308237649099 0.0871508808023821
0.013041314351851 -0.0045015116780461 0.0757188829561134 -0.633256795583353
0.0121434909370349 0.00512217981393334 -0.70797166235257 -0.599581425175685
-0.000297619450671624 -0.016496201390921 -0.761861894873442 0.394512592403339
-0.0299823267236661 0.00732826377348803 0.128203343570348 0.633438571851516
-0.0127777153919554 0.0310739111905309 0.421081439336966 0.123676231102129
0.00278246634750819 0.00816272196593769 0.159973137680825 -0.138003527729928
-0.00495134494560882 0.0065687652348179 -0.145697192861918 -0.13077057407272
0.0183506411106617 -0.00777753762330812 0.126031106664712 0.109591791144171
-0.00723219378905255 -0.00582996913384771 -0.0938576232141403 0.103041886541021
-0.0132570433814411 -0.0103500968194462 -0.402691379590369 -0.109753035700041
-0.0246637910692415 -0.0293792865265861 -0.130333685983855 -0.526160916258878
0.00206085196716695 -0.0449583952352382 0.618837439324501 -0.418681702472263
0.0162926434014602 0.020825068577417 0.75299730768399 0.4424431405905
-0.024054140803025 0.0191720962603171 0.0398309407665651 0.663116892649404
-0.0283343902210395 0.00462838423212129 0.0661614434342833 0.072100390081272
0.00779765856802101 0.0154119407810265 0.0756005094366864 -0.646697789456103
0.00729009009841526 0.00834326722402983 -0.72015086762849 -0.579260278853288
-0.0181248556173461 -0.0162982101650851 -0.743683490566002 0.424579617562146
-0.0452454277316285 0.00588585102616 0.147230500535482 0.638770002210172
-0.00860928919066048 0.0180262588095203 0.418779921353558 0.119974177866545
0.00928467240398489 -0.00739959826199555 0.151251702024419 -0.136348108013224
0.00381481323286721 -0.0111203567284623 -0.151445908903331 -0.128434384367579
0.0165217019886036 -0.00613211834145688 0.128966046479777 0.107453214758312
-0.00729086603721666 -0.00452972341627261 -0.0895551476631886 0.102200462066191
-0.0131744219247742 -0.00946684079956811 -0.404391651607237 -0.106715172852611
-0.0246189975874766 -0.0288628164595418 -0.145176953272771 -0.524978927348862
0.00136815423946948 -0.047184606199764 0.603013438955879 -0.433405472332057
0.0153332148415105 0.0199675030413576 0.756846199516079 0.424323033337037
-0.0243218192444346 0.0197508131240317 0.046637801484563 0.664523692592193
-0.0301052607193194 0.00424643597327357 0.0632376673356279 0.0806034102761985
0.00636247619704789 0.0153665075036416 0.0801253397385054 -0.64175080608263
0.00652967840438271 0.00839652042642365 -0.710296537988775 -0.596161502413295
-0.0169683800945163 -0.0183380069309206 -0.756891497804171 0.406570819025721
-0.043788248414647 0.00247536785309033 0.129068682578614 0.640065831714459
-0.00955920786534174 0.0176632904088848 0.415805113532752 0.123433396198045
0.00909048595277658 -0.00536915863001942 0.156006275780135 -0.136890012465809
0.00320133703572697 -0.00850850155152388 -0.15024327135133 -0.130276990338646
0.0169157891002881 -0.00474397248300042 0.130336800556651 0.107401295977988
-0.00843418420010451 -0.00311220030617677 -0.0846098272595294 0.103625600035191
-0.0139535660548928 -0.00805016539123695 -0.404819802840562 -0.10372248334787
-0.0243948550451183 -0.029775927906539 -0.160042354040899 -0.522690587420461
0.00173070075755859 -0.0480788462538468 0.588032732143644 -0.449011977239549
0.0158024213545511 0.0197608089899127 0.762397378302064 0.406003630057321
-0.0254786441877862 0.0178235876756603 0.056116381085813 0.667256216814785
-0.0301981675064757 0.00197055897488119 0.0585685156315015 0.0860919681037475
0.00489733456460717 0.0140172025810921 0.0888403646862805 -0.638970298948667
0.00591520349252866 0.00705743878467769 -0.702700658901456 -0.615062674406675
-0.0145415053404553 -0.0218391107780013 -0.772472211086187 0.388906098286219
-0.0413362729860921 0.000447847189380266 0.112116456377604 0.642162422345589
-0.00944569842795601 0.018217616035838 0.416640222867966 0.128412376238331
0.00880809256376492 -0.00362009459618512 0.158903118631657 -0.136775377974301
0.000901415768992742 -0.00641195574794966 -0.148198165402288 -0.131009312811676
0.0156724672380892 -0.00063465569404215 0.130783576361086 0.106222342487157
-0.00955903066297804 -0.000829670330169664 -0.0824142561495728 0.103327372596969
-0.0138377727424965 -0.00615647148198095 -0.404770793671603 -0.100671962022302
-0.0218137201250131 -0.0297944999006048 -0.167570793384526 -0.524270509631703
0.00303671213280482 -0.0495736128670093 0.576642025194567 -0.455758591765157
0.016230078490498 0.0175486875775897 0.763993414054774 0.397042632537138
-0.02507814064986 0.0145735977758572 0.0564371152437878 0.667344553746292
-0.0279139711781985 -0.00249064158017334 0.0551211617067909 0.0920608882897178
0.00435957621699371 0.0115126165686816 0.0919289178682242 -0.634955259815956
0.0061509671728054 0.00722738660368662 -0.696683620439585 -0.627018473908029
-0.0118457405366095 -0.0214240398551772 -0.783390046143219 0.374988447307591
-0.0385684058721388 -0.000623839199066924 0.101995178990097 0.640310053800697
-0.0105217175824913 0.0210318695869313 0.414553762616362 0.130396458164581
0.00743613511780322 -0.00103697372422174 0.162608844886961 -0.136728595779553
-0.00091869114083025 -0.00178242893182591 -0.147004792845499 -0.133055903341223
0.0133510794410876 0.00277828092416904 0.132390201543795 0.106493093894347
-0.00971999991924595 0.00191066877750447 -0.0804218460734173 0.103511200275394
-0.0139445367652854 -0.00384195993848721 -0.404076692415256 -0.0994536738111413
-0.0184428736432589 -0.0303230278526621 -0.172122347751638 -0.523119275437379
0.00678223066058363 -0.0512502534345559 0.572091983446059 -0.461006332558118
0.0175181833404412 0.0157734644001694 0.761297088672805 0.392520273502471
-0.0245857148818502 0.0104551797539113 0.0580480131687594 0.668210993143403
-0.0249939761100904 -0.00772573278626177 0.0530817615737411 0.0938119437353305
0.00631158609837262 0.00690960018390045 0.0941415724543721 -0.632574265568729
0.00826104749591282 0.00610587987133733 -0.693396672157526 -0.631099394441669
-0.0085112095098092 -0.0211355964182118 -0.784928040315999 0.368910966389766
-0.036087842714639 0.000265434936116523 0.0980099585104981 0.63862637833168
-0.0113351412929458 0.023586514231852 0.414778871332558 0.13109236137253
0.00535259470730378 0.00262179565552817 0.164089472907362 -0.137430000872391
-0.00219367522007241 0.00128736279216253 -0.144295626364061 -0.133040120695192
0.0131621948932808 0.00502905041319376 0.13086468621961 0.107798018238141
-0.00942316303235795 0.00427961496009364 -0.0799176701669662 0.10442069811388
-0.0131811545789608 -0.00211422417326314 -0.402099949816514 -0.100875769592619
-0.0164614446216355 -0.0298799553845383 -0.166717343815608 -0.525449183381338
0.0098909932797748 -0.0510030744467617 0.573773936796401 -0.459445714764222
0.0195585183044801 0.0150135810145057 0.759178795591778 0.397799670770984
-0.0224619389112667 0.00414767941458608 0.0521986718981367 0.669227870212242
-0.0214608749285048 -0.0135360085751221 0.0508899533207439 0.0949937193491016
0.00847541576457494 0.00160712843339149 0.0894530139764935 -0.631000091566442
0.00919504418563603 0.00557794399918819 -0.698463032459607 -0.627010619260703
-0.00542119119586475 -0.0197384131674847 -0.785243204194733 0.370161027744025
-0.0341814534241381 0.00238216977513376 0.103263207258206 0.638356496931348
-0.0124395606650767 0.0274143530767557 0.41831405811996 0.12925594660762
0.00339979985124256 0.00555521018978195 0.165317784006335 -0.136772909953754
-0.00404738801030881 0.00362201707958929 -0.144541963233051 -0.133412882831949
0.0128653842487248 0.00785842022270385 0.13008765729772 0.108986940769356
-0.0107809388555749 0.00600517045256084 -0.0792478752675517 0.105697739394905
-0.0143904824813259 -0.00119030904079531 -0.399257811438948 -0.103115291876571
-0.0135003820611461 -0.0276899160992067 -0.157253547507319 -0.528175407529196
0.013716625908531 -0.0494044214001505 0.580862843921432 -0.453501346803362
0.0204999225658715 0.0137600883357144 0.755190270789991 0.405687698893964
-0.0207818339014664 0.00010461570564279 0.0482476738076966 0.670676590784705
-0.0174147456279453 -0.0195744376483934 0.051245714043943 0.0927901607035759
0.011774236954327 -0.0016184504586722 0.0856151191271399 -0.632481425551981
0.0105845056775953 0.00551038617337398 -0.701209968659587 -0.621470100637674
-0.00243827742035465 -0.0183790372924878 -0.778538383402971 0.376920525371394
-0.0314878656055778 0.004904056753688 0.113466455074517 0.637684607423047
-0.0121897882981701 0.0298702494684458 0.419705051338984 0.126999516971023
0.00323023668454038 0.00651543361893889 0.164191978383013 -0.136747230204379
-0.00510193747152208 0.00627398553819324 -0.144828306841782 -0.132873557029083
0.0130230947533039 0.00845090530929689 0.128831973419472 0.110597803472685
-0.0126327709216771 0.0074856089063838 -0.0819369288854533 0.105597625404959
-0.0150428558851798 0.000534889912961444 -0.396077302187735 -0.10634940928399
-0.0114496192970707 -0.0261786930063997 -0.143763862180226 -0.527283473194212
0.0171609508943961 -0.0487018731558479 0.595122785330813 -0.440865147572573
0.0219981503849189 0.0140332991190461 0.751768280317194 0.420638057566231
-0.018770467270256 -0.00406007509177998 0.0396079645184215 0.670398111644969
-0.0135399601625195 -0.0233498054408973 0.0532344369807015 0.0876476361716752
0.0136972516298703 -0.00497740397400768 0.0772735376586419 -0.635773175246351
0.0122500179323824 0.00513441091981606 -0.709797443111471 -0.604263936960139
-0.00113663455504601 -0.015555098560526 -0.766214515242802 0.39233143083076
-0.0296279561312941 0.00677440219167686 0.125386399684968 0.635981005661131
-0.0130636116619575 0.0302151430255228 0.423971544758448 0.124786046053971
0.00142511485238549 0.00759998959307251 0.161627269356134 -0.136237539945722
-0.00567871531748119 0.00621238140357795 -0.14558380134495 -0.131126384098391
0.0185937699860556 -0.00792513388597215 0.126911008169179 0.109622289158612
-0.00836601299286715 -0.00535930728914979 -0.0949831976783099 0.102911769538139
-0.014011176284658 -0.0101162611152753 -0.40570075680039 -0.110158106335397
-0.0250453737955466 -0.0300137466517284 -0.1288235730959 -0.528081547035978
0.00212975773712049 -0.0456938364681339 0.623094474924047 -0.419995634177926
0.0154690189379089 0.0208071817054682 0.755419132523027 0.447077744493337
-0.0243773238898436 0.0183072735265545 0.0377884117550554 0.666413090615666
-0.0286242839179 0.00351818189852961 0.0672106110849543 0.0728776832658431
0.00788487158660989 0.0155020356030209 0.076087877150932 -0.648008077075987
0.00659869699933106 0.00838074662150259 -0.721546268059872 -0.582733908250443
-0.0176770889895801 -0.015823795503408 -0.74854413948501 0.424488914980011
-0.0443163932644449 0.00591909732548214 0.146890407907636 0.642931959960226
-0.00965039919525165 0.017470706422237 0.421401870662581 0.121337159917697
0.00870194385361693 -0.00791879119503282 0.152275702479683 -0.136485096850792
0.00345832573409121 -0.0103067831171268 -0.151694699269952 -0.129585070037767
0.0181295865298066 -0.00630278584065062 0.128781002814447 0.108103523715292
-0.00827611695750719 -0.0044505454815651 -0.0910845571978691 0.102098697541452
-0.013846138307374 -0.00963524686677642 -0.406897489429937 -0.106108363140661
-0.0250234030106471 -0.0300022282570644 -0.1446621258417 -0.52671526606553
0.00159128416316486 -0.0469682660052776 0.60680272178939 -0.435839923955032
0.015776053409574 0.0199992276867972 0.760961986444539 0.429117905489028
-0.0254568180922619 0.0193516699609178 0.0461068947112797 0.668302192169503
-0.0304521829417128 0.00419531047932376 0.0631730617073421 0.0801892126605056
0.00547450097801463 0.0149541494920007 0.0837920367721915 -0.64408391852985
0.00661070918507517 0.00772879737477836 -0.714878374777148 -0.602210493772696
-0.0168922839540804 -0.0189524712814959 -0.762464481067775 0.408480393637896
-0.0436025741497048 0.00205811686527049 0.128509994338066 0.644223045511208
-0.00919334418393062 0.0180718059686206 0.418431760727202 0.125962825884193
0.00870756448075369 -0.00605937068516831 0.157061932205983 -0.136371247481348
0.00229687012977998 -0.0084181470288253 -0.150536148252638 -0.130845044391242
0.0157154631027669 -0.00505130453892344 0.130656155525569 0.107471481915578
-0.00892948248641461 -0.0020424794378751 -0.0869551340648435 0.102632497594175
-0.0141834857733254 -0.00780318855116137 -0.408377501062444 -0.10372846178968
-0.0240696530451869 -0.0300703151688231 -0.157889616532791 -0.527562137370111
0.0015643272234993 -0.0483117300880117 0.591692496388374 -0.448908513468017
0.0157862552897168 0.0191121781827067 0.765863102554707 0.412024726409756
-0.0256320031172787 0.0179901405521987 0.0524408595460773 0.670265282158752
-0.0306811242134055 0.00194559226936427 0.0594040245096877 0.0871242919683942
0.00475478325917802 0.0138752134431458 0.09146215946794 -0.640782433871682
0.00608360445249008 0.00710604692926332 -0.703154724286932 -0.620082655305639
-0.014206637857886 -0.02020837231391 -0.779354140664016 0.387803928612571
-0.0415503071940627 1.08230560559273E-05 0.112365008925532 0.644722244703497
-0.00969325992599681 0.0192398094482419 0.419043087127474 0.129082903157722
0.00786420985195366 -0.00369538334018069 0.160955233470961 -0.136763304755958
0.000829025611991659 -0.00544711505823447 -0.14804865597241 -0.132529172278754
0.0149269504453354 -0.00103648146786792 0.131930470440826 0.106804557025478
-0.00972433921434755 -6.55083834881194E-05 -0.0840857528168874 0.102992124769925
-0.0144156939946464 -0.00615838408582979 -0.407843424856786 -0.101670503687758
-0.0224551103009072 -0.0300274204641409 -0.166904456246581 -0.528452592107707
0.00358388590072308 -0.0497721406967699 0.581864610090786 -0.456254869255084
0.016444314237055 0.0174627758155213 0.766413319749246 0.400691018848002
-0.0253380779123323 0.0138399167679983 0.0549558133830202 0.67165100497261
-0.0288007509453335 -0.00251369348246357 0.0555190519141767 0.0919605093923981
0.00506572412616318 0.0105675282146403 0.0937314277684441 -0.637174755580482
0.00657216146737038 0.00640202312177732 -0.697854216969733 -0.633193992227609
-0.0117727564093177 -0.0206523769193623 -0.787558791150438 0.37589120784678
-0.0389254001172008 -0.000263694613925274 0.103002487922997 0.644161584057545
-0.0102937120227251 0.0210974721889418 0.417062297277996 0.132617632534219
0.00708606943400227 -0.00026977363828933 0.164136682052189 -0.136637635228721
-0.00128349744482179 -0.00174599685468672 -0.146055014886384 -0.132986664650768
0.0139501171986552 0.00215486058972998 0.132071827861812 0.107318936229939
-0.0108918732159524 0.002327978443471 -0.0817867910865837 0.102986384305654
-0.0144918019497514 -0.00386118584977906 -0.406384546161722 -0.101099894824977
-0.0194586812080167 -0.0306868480982459 -0.1703468716124 -0.526885112922711
0.0064040309870822 -0.0509728792161388 0.57622516089242 -0.46168787001302
0.0178750575174611 0.0160612012676498 0.766613777568342 0.394964749780312
-0.0246531087836661 0.00968103985660508 0.0549704771666228 0.67167072066739
-0.0261767424923783 -0.00786119564429546 0.0530103396472459 0.0957662653513536
0.00596811226857226 0.00642824493491366 0.0955051497173689 -0.635633104108529
0.00794754076353679 0.00613614979645948 -0.695971918011018 -0.636063080145425
-0.00809796351495063 -0.021219215915471 -0.790804012339322 0.369462312027421
-0.0362301032821735 -8.17234839301413E-05 0.0986132623736571 0.64210644352384
-0.0109405901624491 0.0243215507235338 0.418481459957123 0.132126726036655
0.00485179132492749 0.00239884885761643 0.166157204920997 -0.136291136663487
-0.00310831068648492 0.000829350124995231 -0.145061843085048 -0.134383638828808
0.0129123530511975 0.00496900059975778 0.131537143764262 0.108706127465051
-0.0106361839991879 0.00480761981277861 -0.0809826318614217 0.104111519036286
-0.0143048590856895 -0.00251557189969077 -0.404167200289948 -0.101134821607706
-0.0168494178672229 -0.0298502327240689 -0.166933139531731 -0.528461779228085
0.00994112004519369 -0.0517325207788114 0.577418996650975 -0.461006452448782
0.0189284090769042 0.0148829763078667 0.762666623105037 0.398041386884746
-0.0228893854926761 0.00439139711313205 0.051765148073137 0.671914051029274
-0.021693672146927 -0.0135783228398882 0.0518509994680901 0.0956977012251488
0.00812842040275115 0.00198978292245785 0.092409528645577 -0.63505663248186
0.0092706072630341 0.00537001632351998 -0.697858494531327 -0.632822221044027
-0.00469629062280627 -0.0198765982479339 -0.790864520785142 0.368704898458754
-0.0336547399561158 0.00189757853205764 0.101220598208388 0.641268015866474
-0.0128701363885804 0.0270722454251034 0.420684272849142 0.132040638318252
0.00302486545031866 0.00475966781920135 0.167625003828885 -0.136411013702562
-0.00391077445940258 0.00396430191159523 -0.144808150268147 -0.13508606044144
0.0122923268245851 0.00755458643706841 0.130363865531568 0.109970615828203
-0.0120607656177548 0.005878191667662 -0.081556805933736 0.104649785747693
-0.0139789791583227 -0.00126557322548798 -0.40172845039732 -0.104162096765264
-0.0141501026115065 -0.0285030965576868 -0.157686346176506 -0.529855636510482
0.0133710173105772 -0.0502001446864274 0.58532804801884 -0.454507395551146
0.0203314076876692 0.0144854339942862 0.758512035978228 0.409077230073309
-0.0213572767989806 -0.000980460956802522 0.048495196298827 0.672400718561929
-0.0176665676749178 -0.0191366593657224 0.0515117815505572 0.0931733499797254
0.0105219946098554 -0.0019267690385531 0.0890392903418037 -0.635669026828514
0.0117614093047387 0.00559900045875648 -0.703291621841413 -0.624939548918551
-0.00282974598169519 -0.0174559971853187 -0.783811556772586 0.377582842401816
-0.0323683196080074 0.00588861793896557 0.112513355542588 0.640483646953118
-0.0124190050976225 0.0299195895951159 0.423252178383456 0.128846950652355
0.00187362265814732 0.00739469543217286 0.165041711292069 -0.136564275308331
-0.00503869693022494 0.00589097642935942 -0.145712358055082 -0.134064111639268
0.0122204996038595 0.00813719495357597 0.128841513689839 0.11110368669807
-0.0128745119340479 0.00767384108357701 -0.0840107818366631 0.105094221348033
-0.0147712258495903 0.00121657134163487 -0.398185247035809 -0.10748887380844
-0.0118498203949589 -0.0270932849313763 -0.142220985458055 -0.532145358358937
0.0171339661439241 -0.0481887252117383 0.598802380700609 -0.441760781170062
0.0212813422554063 0.0140207882187287 0.753952277289511 0.425596566974528
-0.0186787663428769 -0.00356751268872121 0.0383243755491434 0.67257900268886
-0.0136875292962567 -0.0235549685077508 0.0527147380062037 0.0880772377672481
0.0139742686535969 -0.00597416685420675 0.0805689367979429 -0.637306043059781
0.0125435788842945 0.00525630957271229 -0.712670514477127 -0.611316927628509
-0.00160160226902013 -0.0169572001123201 -0.771085788196326 0.393437317028672
-0.030183241276755 0.00708559253990235 0.127176904312703 0.639706823491638
-0.0124340407946493 0.0308647309112281 0.426049495906942 0.125549564943062
0.00118959648993572 0.00739469949457684 0.162935470856417 -0.13736887488576
-0.00539164775500352 0.00702221752256381 -0.146478768346694 -0.132471993819824
0.018510395376824 -0.00798513499095808 0.127233445271873 0.110914548598626
-0.00836134453561372 -0.00463404700803195 -0.0970212397296151 0.102774353514772
-0.013709992404605 -0.0106588720592721 -0.409233778592255 -0.109870214852848
-0.0257467447226614 -0.0303286590739932 -0.130464504372437 -0.531977536445721
0.00212719094193791 -0.0455555501747833 0.628936542503327 -0.421778249661686
0.0155327371761244 0.0209087169375111 0.759321284826317 0.450619959910488
-0.0257537963304247 0.0183001731903315 0.0357809658730461 0.669629876424294
-0.0295893085685888 0.00359983846094973 0.0668631451215268 0.07373600611077
0.00688180708265742 0.0150594762189407 0.0788251375134952 -0.653355312091818
0.00810965492716266 0.0080065378943757 -0.725293769956506 -0.590379136134705
-0.01793832977894 -0.0152632100737345 -0.754820572922324 0.427426059329978
-0.045266688701789 0.00574781729696543 0.146981106230998 0.647601423721536
-0.00949728380750154 0.0177090891827078 0.424339387654587 0.123779854558885
0.00870365593089416 -0.00805156470039097 0.154354685986533 -0.13646388453959
0.00301478880740198 -0.0104315319906839 -0.151886273753956 -0.130058534767607
0.0171359177729194 -0.00709379056983664 0.12958138761028 0.108791043184515
-0.00871944455751064 -0.00341123000879337 -0.0931432967589817 0.102765074295929
-0.0142899659111455 -0.0091841616126936 -0.410717559380091 -0.106762442547384
-0.0259327486585606 -0.0308306827828284 -0.14525685564322 -0.531334745565874
0.000862184354001457 -0.0472877025925387 0.610562081885932 -0.4363019766386
0.0154095067054897 0.0202769139298044 0.763812554592611 0.432727885348246
-0.0264883367365105 0.0186611052388546 0.0433244764981449 0.672623430645995
-0.03107838868263 0.00389404201982107 0.0630360000887823 0.0808166923198343
0.00537266435753176 0.0151713897423475 0.0858119772358254 -0.650084526276032
0.00664799974424799 0.00743692324683694 -0.718197000363463 -0.607625176073641
-0.0166279291923629 -0.0182350589205241 -0.769124194653336 0.408170957147764
-0.0443990281557516 0.00317515341009021 0.128991012879643 0.649330232147477
-0.00926178511325534 0.017566871485554 0.421119789546342 0.126864729510693
0.0087437083162194 -0.00599349819639833 0.158977003698024 -0.137217553956668
0.00295572382559423 -0.00877931983838311 -0.150662519364479 -0.13211896319699
0.0161813066606197 -0.0044410346620634 0.130823406661738 0.107754727306563
-0.00914125942249114 -0.00183206079812753 -0.0886986034595892 0.1027242691177
-0.0146764807316779 -0.00800926538147131 -0.411080509656755 -0.104385548723351
-0.0242245782007472 -0.031419875249325 -0.158817365501682 -0.530311775963957
0.00145784506428082 -0.0488633600973184 0.598210392973599 -0.451754316573221
0.0159165996157008 0.0190840104192709 0.768563760467466 0.416515942640943
-0.0265467676870848 0.0177823616103589 0.0515676956655293 0.673616656570588
-0.0309709597424572 0.00138488211108077 0.0587087021205099 0.0883505193381649
0.00438008125007395 0.0137261045454905 0.0946551711801208 -0.644469148772506
0.00721830194074546 0.00632924342420645 -0.708257997984544 -0.626331974376805
-0.0141025253672165 -0.0205463569338608 -0.784250959743843 0.390970522003388
-0.0420319551767591 0.000759889489157291 0.110608575340288 0.649885817892938
-0.00958133209905174 0.0191188473135264 0.420798013803147 0.13118777018649
0.00677365530656395 -0.00384361433242128 0.16278859578741 -0.136843298242841
0.00122808220468467 -0.00594734527850202 -0.149155956620941 -0.133946687226492
0.0149518301660581 -0.00174951044267009 0.132491080674988 0.107280132244338
-0.0096849350335503 0.000971964096388559 -0.0859791161253071 0.102397594547197
-0.0141154936058982 -0.0059159898305636 -0.412515292083528 -0.102421989806897
-0.0228148377948664 -0.0314054938958541 -0.167490873079219 -0.531769751677068
0.00274550898240453 -0.0502350100233257 0.586514186439953 -0.459277821535021
0.0164020728924819 0.0178564414382999 0.771808198051737 0.405837359779397
-0.0264664504950485 0.0142441639735446 0.0532972945661294 0.673389185674306
-0.0292384147954993 -0.00283429001327045 0.0553232906143556 0.094134890626686
0.00420683586318047 0.0100060971876518 0.0959897719445012 -0.642555699380179
0.00701672661301113 0.00695282973191706 -0.703064446886848 -0.637920982151972
-0.0111300276443062 -0.0211907182021077 -0.794577533566113 0.376393349658787
-0.0392435402229008 3.8573769903686E-05 0.103378040829902 0.648174844154775
-0.00994898803739728 0.0214860719958434 0.420366927957104 0.133700412204837
0.00653149568255146 -0.00128892532337437 0.166791335008136 -0.137299656142485
-0.000998839504713173 -0.00239722926748929 -0.147403649468097 -0.134327031337248
0.0137529821747619 0.00175308621921808 0.131766978322362 0.108517003783253
-0.0108182733621514 0.00220761673924258 -0.0839663251370853 0.103508641277446
-0.0149315727195099 -0.00406567978756774 -0.411133673634326 -0.101505503587435
-0.0199057703983884 -0.0312125973471697 -0.171235852950538 -0.532647032620679
0.0063302505364976 -0.0510959796408166 0.581674380572496 -0.463588999336657
0.0171682103790613 0.016720402745919 0.770370715924625 0.400385420650576
-0.0252502171412161 0.00940112303576628 0.0548099452586873 0.675491517125837
-0.0263789349954212 -0.00805916862025025 0.0521161123484103 0.0959704699035453
0.0055916291076727 0.00577533422389953 0.0976851142420162 -0.64057124571229
0.0082048921739678 0.00631966134104457 -0.69960591859529 -0.643091498511682
-0.00791496420233321 -0.0213441570123582 -0.798239034663716 0.370455509647992
-0.0366766402242632 0.000755981945807487 0.0993558802886978 0.647775716979444
-0.0113192602152516 0.0236503717546664 0.420879202260578 0.132812031217
0.00415541650546943 0.00211504155300836 0.167869499029507 -0.13710092090463
-0.0029946030984127 0.00143554030238321 -0.145614723403407 -0.134997585235674
0.0125074269340054 0.00501885743591774 0.132211014072382 0.108304957893998
-0.0111934797530739 0.00489312063533973 -0.0825303999584145 0.103324934728407
-0.0148829674518385 -0.00203415142606101 -0.409032165298067 -0.102213386779336
-0.0168457032302649 -0.031036611788475 -0.166792528781343 -0.532807883924696
0.00999967328401684 -0.051373384066614 0.582161338521138 -0.463089945751964
0.0187910078239893 0.0146547884589978 0.768934123182117 0.403393922903809
-0.0232593011832974 0.00384844189473556 0.0498700129132081 0.676294586380356
-0.0224317164534647 -0.0141181263081255 0.051334923858186 0.0972039260063997
0.00761969880791187 0.000979796293009882 0.096156190878941 -0.639810705156196
0.00933344269562829 0.00490164920480627 -0.704531480515467 -0.640363895787982
-0.00529203937610005 -0.0196105390181274 -0.797431688873357 0.368856487634815
-0.0350928906875943 0.00236985497324593 0.101806790310924 0.647123925664711
-0.0120893580127483 0.0272924168636904 0.423501866734759 0.133675898079565
0.00280841527298073 0.00489653488544765 0.169305308509439 -0.136657687920983
-0.00477140940660523 0.00419049824135716 -0.145702473446167 -0.135535770245742
0.0120833471862385 0.00765853933584959 0.130623881092822 0.110080831386055
-0.0124017284266893 0.00669021999732005 -0.0832676844969306 0.103941830937403
-0.0145872247920005 -0.000841176506449245 -0.405920402732462 -0.105183554583185
-0.0140001548568971 -0.0299284022197581 -0.157577298042689 -0.533977555979263
0.0130880713237247 -0.0505734677433773 0.590291918013019 -0.456335224442645
0.0203708163469312 0.0138955211124764 0.761755460545527 0.412864292167629
-0.0219498821173758 -0.000840437621986427 0.0455553286046673 0.676992991717764
-0.0175331598924416 -0.019416114687797 0.0511920889879777 0.0945443456281123
0.0109842648767169 -0.00278439855590258 0.0916602911122002 -0.639046221451396
0.0116158233195807 0.00542088587067495 -0.706780333237131 -0.632352987181617
-0.00246576807279351 -0.017977135588156 -0.793022858760758 0.379751619352142
-0.0323823538617264 0.00532921628201522 0.111006110478946 0.646014241090302
-0.0130203664260271 0.0297334054471068 0.42625437104404 0.130718718900021
0.00131690374993039 0.00733769767608621 0.167645716696171 -0.137062736490541
-0.00574630276356954 0.00615706643666813 -0.145274629030386 -0.134264738736627
0.0119404454145679 0.00816339027048506 0.129787064323657 0.112367032473497
-0.0134108992244189 0.00819958224927924 -0.0851733498606439 0.105100281024448
-0.0153248448031929 0.000351646188743422 -0.401788705725555 -0.107859247968236
-0.0124222992919318 -0.027855013145473 -0.143362033195089 -0.536355666868517
0.016504281878686 -0.048452657719385 0.603806983093561 -0.444042575092177
0.0214566531626044 0.0139992937913993 0.758062058158143 0.427586609794145
-0.0196870211561147 -0.00498098534077073 0.036261695546077 0.676922506177032
-0.0143265091273234 -0.0242552548108928 0.0528697145602666 0.0890774411948159
0.0130054441125154 -0.00636251966483705 0.083597313141979 -0.642460730161768
0.0131731073933562 0.00440128267511063 -0.716554060328223 -0.615806790147778
-0.00125444385223493 -0.0166677885580579 -0.777494738130758 0.394532583129443
-0.0306938038247811 0.00719999187500302 0.125147787996462 0.644304912921947
-0.0130762269651481 0.0303709798440711 0.428821362995752 0.12828173552941
0.000980737576069601 0.00810435931096849 0.165322189306503 -0.137272281725318
-0.00536521475309934 0.00715018671317288 -0.147704837283441 -0.132983603159172
0.0179315661400527 -0.00809963055158053 0.128477546029086 0.110994360975885
-0.00926038319410681 -0.0042338500322122 -0.0988070746482774 0.102564823656635
-0.0137832600247155 -0.0103684293925485 -0.413161612485011 -0.110287058542372
-0.0263825864574067 -0.0308771662321138 -0.131048421650218 -0.53691942734268
0.0025734759874982 -0.0459688505919435 0.634220050826228 -0.426497846941227
0.0156555677839581 0.0208036727888943 0.765180433246568 0.455534878444971
-0.0251919361733422 0.0182280034033976 0.0371909222351113 0.675673767398858
-0.0296808582526978 0.0030389751900472 0.0672645995696759 0.0737988640063671
0.00722832503966222 0.015545518701114 0.0791636829962037 -0.658563524820907
0.00797376267263246 0.00698639860448627 -0.732440128007422 -0.595130439865037
-0.0178691057040438 -0.0153980763841653 -0.759986506419351 0.429275821795025
-0.0457042623717873 0.00695338996595622 0.148877646740196 0.65196456667773
-0.0095290712533859 0.01770728956246 0.429304500890492 0.12329902142251
0.00876845584507514 -0.00789257605246147 0.15629961339939 -0.138130273827699
0.00328930143279038 -0.0101044631085899 -0.15344819723382 -0.130787655756037
0.0164265754824744 -0.00701330822784076 0.130240023450186 0.109418442345425
-0.00975970041003329 -0.00327465267160956 -0.0946526123017998 0.102676880245003
-0.0147173791531776 -0.00977342822911344 -0.414514937043582 -0.106842578328299
-0.0271471167711023 -0.0316533245850873 -0.145849802634336 -0.53550210638523
0.000950769741356681 -0.0472786115466243 0.617073257944743 -0.441423303766191
0.0152210623300606 0.0205610081743167 0.770473544857838 0.437239529773308
-0.0258105151076795 0.0189555751755946 0.0437184719647865 0.677388516851955
-0.0308951676883747 0.00336562981019321 0.0630448023703559 0.0810975002460072
0.00528118524350426 0.0147236850539781 0.0869726842429671 -0.655947957389682
0.00740656663162669 0.0072018168681296 -0.723731893517422 -0.615118601219016
-0.0166216663916737 -0.0179561218847481 -0.775556463367699 0.41336349218573
-0.0444704955349182 0.00210869207375037 0.130114329302521 0.653334502599309
-0.00951888887647014 0.0179967559051584 0.424319648353194 0.128304690021431
0.00800036402499835 -0.00635453154120794 0.160668814732022 -0.137555788731573
0.00219448037781774 -0.00828390270057856 -0.152345238016996 -0.133412594875793
0.0155721905861873 -0.00458537141482521 0.132423978955896 0.108521518888685
-0.00967052587962865 -0.00131860599002753 -0.0904212701443037 0.102463160359737
-0.0149678347030108 -0.00805902285754409 -0.415981924266566 -0.104104394709322
-0.0255355836469686 -0.0317634429303722 -0.158831490503012 -0.535824538852154
0.00134580524103158 -0.0489917515041612 0.600420662377051 -0.455502891609416
0.0160832663053131 0.0193610881029049 0.776048745911845 0.419459119695606
-0.026701839555681 0.0178437733112099 0.0524107516835453 0.678245532173991
-0.031622229627732 0.00170820228010293 0.0591751245652212 0.0891707067333953
0.0039069451874065 0.0129189010220637 0.0957205497497274 -0.649503390505981
0.00687835237869807 0.00654083418584538 -0.714744796700037 -0.629969966153086
-0.0142316749520699 -0.0201446980036036 -0.790756732073552 0.393561168058331
-0.0418822706185543 0.00106541599895871 0.113478879322189 0.654496495586671
-0.00989508229563567 0.01870241888942 0.42539931799649 0.132222103644893
0.00685386041534937 -0.0043547217560025 0.164207309996947 -0.137702313843907
0.00126664911033976 -0.00562359997241518 -0.149975417175119 -0.134796967290694
0.0147644602980623 -0.00189002680759595 0.133107689268151 0.108709052108695
-0.0103400950478493 0.000552855084178247 -0.0873710581326644 0.102981013347627
-0.0148973312284635 -0.00588303967635993 -0.415728621242242 -0.100804029691764
-0.0230065914365033 -0.0314633528071177 -0.168491997246034 -0.536091373117625
0.00317187802677832 -0.0500973876896457 0.591529835282664 -0.463179000892455
0.0162912102599706 0.0179466542269689 0.776317400439516 0.408327198246459
-0.0269881678601536 0.01384308896103 0.0542265312010064 0.679358788104823
-0.0302450441469441 -0.00263458991843758 0.0553448027520055 0.0941561690452317
0.00444685474193416 0.00992591016926705 0.0970235380191719 -0.645208880292018
0.0078922416755651 0.00598081952896488 -0.707511088420714 -0.643174308330924
-0.011291052810095 -0.0212823477852743 -0.800969203035078 0.380045863768982
-0.0401549164797734 7.67404218780937E-05 0.105284771619928 0.652678394888696
-0.0103366862185637 0.021932630567593 0.425892657498184 0.133848510282381
0.00552746852938408 -0.0012307437295847 0.167712093299599 -0.137541767620304
-0.0012336981715081 -0.00145049394908488 -0.147522586161725 -0.134972644688612
0.0134091159950156 0.00188746167641263 0.13302828778241 0.109065848593761
-0.0118056273131035 0.00359615878061721 -0.0848765717014757 0.102973606436393
-0.0151629138958534 -0.00457148701854811 -0.414546612986927 -0.101056387293285
-0.0197616063586796 -0.0314816521567135 -0.172110888658063 -0.534907432313661
0.00619900683543536 -0.0515680824004175 0.586551474286263 -0.467519444959551
0.0179985734857427 0.015815713776361 0.776812190687202 0.402641611907171
-0.0252839299052322 0.00973392452801073 0.0547153499256191 0.680635023381809
-0.0262514340570253 -0.00801467427916506 0.0525022931794697 0.0969799020519559
0.00492656031294264 0.00511122758931906 0.0987521239377159 -0.644002982248508
0.00878293176363755 0.00523252098130728 -0.705786463321351 -0.648486908729278
-0.00785917364423445 -0.0205996301520599 -0.805323668601879 0.373718433615025
-0.0367465900596005 0.00127851195811191 0.101098705861991 0.652480439499005
-0.0119648137747755 0.0245934726343564 0.424948784832396 0.135480768669674
0.00471516194922251 0.00273935426903636 0.169540308440879 -0.1384867576598
-0.00316665224396807 0.00108686993141564 -0.147066979871989 -0.136623112639815
0.0127130185370934 0.0043399218700806 0.132827324120246 0.109942295101592
-0.012315267324811 0.00611262462646345 -0.0845317782578619 0.103329343726815
-0.015729031726645 -0.00294309376848371 -0.413068734196455 -0.103214488436541
-0.0173490872218104 -0.0309547996694312 -0.168481692088821 -0.537521518124114
0.00938273800116498 -0.0518937151563765 0.58830809709796 -0.468053776512472
0.0188902858643571 0.0141305860190072 0.773631724224391 0.405480993373896
-0.0244271852005554 0.00391552675772826 0.0509487819952623 0.682227751115055
-0.0226664579539557 -0.0143010355526657 0.051166555298099 0.0972191687958026
0.00777810895487623 0.00145512534506507 0.097523862404627 -0.643241377568891
0.0100108466962297 0.00540567543408402 -0.70833216201753 -0.645863005210602
-0.00457244902411013 -0.0202614633369574 -0.804011176409006 0.373598755900684
-0.034343626530614 0.00300083307802499 0.102096786332634 0.652246566291198
-0.0124753564999322 0.0270195796310284 0.428195716231598 0.134325830359896
0.00302583150096558 0.00542942567833153 0.170527198338151 -0.138599958473805
-0.00449770992761176 0.0043696716222652 -0.146437054921881 -0.136344973005539
0.0114847703328846 0.0076255872881209 0.131059308842303 0.11135959120021
-0.0128317429815574 0.00656110234253952 -0.0853460440670363 0.10439758057274
-0.0154348121962656 -0.00107115627609079 -0.410844490410845 -0.104689987209718
-0.0146486655684836 -0.0302079944665811 -0.158824219157298 -0.538141089746114
0.0136874028386332 -0.0515617912156043 0.597010038533933 -0.459295960551475
0.0206791754495942 0.0140286904471843 0.769183145811119 0.41719756558588
-0.021674947831564 -0.000893633181958588 0.0440796025999196 0.681686045105741
-0.0183970183470999 -0.0197709627815006 0.05120443867026 0.0951712676061408
0.00933413875798088 -0.00331594021598553 0.0922939809202369 -0.644025433357693
0.0125103784465412 0.00471425074612332 -0.71452332358694 -0.636147298069027
-0.0021753559634122 -0.0179381857452436 -0.796341645398521 0.383302025724294
-0.0332810361482225 0.00508871294970052 0.112938365702647 0.651159165643497
-0.0133497758727323 0.029871557974084 0.430100621431872 0.132944936478236
0.00139146475104506 0.00686186986211352 0.168972484017713 -0.138131300707295
-0.00572884479630933 0.00713618882841935 -0.147018549963852 -0.134981396720484
0.0114944547198467 0.00866728508720378 0.130004682292006 0.112825636852994
-0.0143836409895653 0.00897618470919731 -0.0875906915851802 0.105802187594588
-0.0153714106510871 0.000954413849304257 -0.406566929311599 -0.107906579778456
-0.0125860678534731 -0.0285963472876011 -0.143902558521955 -0.541611863952093
0.016864185769611 -0.0491956540409534 0.609468024685985 -0.448991218161047
0.021117677558474 0.0143517559409088 0.765065573166742 0.43081777034554
-0.0200925107425029 -0.00527257885096485 0.0355785390026672 0.682561678539436
-0.0152014088299482 -0.0243287513608586 0.0536589429264484 0.0896699130583117
0.013644834356421 -0.00656029492874823 0.0839545026942039 -0.647077071591314
0.0139045231143145 0.00424860489682246 -0.722271789911272 -0.620345518358127
-0.000676882735895373 -0.0160851507681194 -0.78494340588973 0.398090195235825
-0.031261902961877 0.00757555608940076 0.126755001555217 0.649787188736093
-0.0137179087558176 0.030821751639905 0.431661838775453 0.12922998532938
0.000644597201851584 0.00728514934295811 0.166834726829607 -0.138818218976712
-0.00610521994405426 0.00730819935976291 -0.14850556436617 -0.134074655884928
0.0178940392452733 -0.00849754726358144 0.129429385282942 0.111102766546578
-0.0100397616399638 -0.00338429065621472 -0.100348820937561 0.103536479575744
-0.0147361937042479 -0.0110531790599269 -0.419010463353297 -0.108765871083056
-0.0271269818184361 -0.0316666004642856 -0.133757376429856 -0.542617426550874
0.00167336016585102 -0.0462751355024305 0.639375401943033 -0.429700797335753
0.0153765627970762 0.0205813765817456 0.77272942751425 0.456292104111315
-0.0255774995764577 0.018215694078848 0.0377528006232117 0.679697642907697
-0.030187183912305 0.00298736259054191 0.0675537815163887 0.0746369750898401
0.00701296208575886 0.0142452847822557 0.0792883861583972 -0.66437425137739
0.008430347499173 0.00710640257536209 -0.738666243076129 -0.598929893964161
-0.0182361530039713 -0.0155321584685912 -0.766506479224007 0.434435457094793
-0.0456825987753691 0.00682669938192473 0.151428578321273 0.65630425537204
-0.00924753800253381 0.0178286399269837 0.43284945514898 0.124148332821654
0.00804737394421281 -0.0084482022031311 0.158156560791301 -0.138712834979068
0.00319991721974051 -0.00990410849417652 -0.15521541438437 -0.131967996973687
0.0168066554905711 -0.00690449880293717 0.131209601815315 0.110207996972566
-0.00925903122426754 -0.00269028748360503 -0.0965418436307003 0.104041213505266
-0.015222185443564 -0.00945282201230498 -0.420742944728965 -0.106474748743586
-0.0271049691769239 -0.0317512900303922 -0.149636186894603 -0.539604613954978
0.000331830054578549 -0.0477492085362338 0.622252563182621 -0.445895876127451
0.015553041921305 0.0198299074329817 0.777525254968499 0.439119671500294
-0.0270448464617993 0.0193783148519984 0.0450223865935768 0.681609678206713
-0.0315735614315358 0.00413760867796825 0.0635311386850476 0.082927914872655
0.00447618642082157 0.0144938759817888 0.0869527418150986 -0.659186470979569
0.00792757764797021 0.00708325886220412 -0.729642133148256 -0.618983026518806
-0.0164368815200271 -0.018323713720071 -0.78301808488223 0.418213606596474
-0.0453145171386638 0.00333065767615541 0.132131079353666 0.658436085530576
-0.0101522396802808 0.0175317739403091 0.430144132573062 0.127150602683264
0.00794301367561304 -0.00638220124637825 0.162237103371577 -0.138655563390893
0.00159813149881888 -0.00785510571149423 -0.152985226656035 -0.133941937871272
0.0158767026160683 -0.00457120919359484 0.133321673818817 0.108680859011151
-0.0104240265914759 -0.00119607018818436 -0.0909801512736132 0.103774840263283
-0.0151775833133939 -0.00780231836611848 -0.42052622315145 -0.10401231986562
-0.0259732453843536 -0.0321159903090258 -0.162686549265193 -0.539646453683637
0.00134197609775795 -0.049329238946608 0.606682140322413 -0.461732948027749
0.0155068515688549 0.0191953056346748 0.783246271482491 0.422232522840557
-0.0274685523406907 0.0177896402207346 0.0540533161908786 0.683099989284719
-0.0323225296192263 0.00165431920419514 0.0597574326880328 0.0900827109182837
0.00365107871482288 0.0127074736010391 0.0950051878929164 -0.655263020861172
0.00753914141155194 0.00753709551828712 -0.720181734556586 -0.637503343115112
-0.0141348069376932 -0.0200309173576788 -0.797015220399814 0.397474325151504
-0.0426932516888126 0.00134346959985717 0.115319627570053 0.660358549434415
-0.00919732424168139 0.0190648148249204 0.429568655985636 0.131096936712037
0.00762210704657397 -0.00378340789605965 0.165906533377087 -0.138690635503008
0.000215060092488372 -0.00546954353917388 -0.151121570359604 -0.134523844666792
0.0141951434343676 -0.0018433537440003 0.133997838212703 0.109134580247554
-0.0115017552998241 0.00140324668753464 -0.0890913903903225 0.104351000460629
-0.0154943862453564 -0.00632984627144472 -0.421639218721206 -0.100799487606455
-0.0237906306423133 -0.0322844549168009 -0.171245843630255 -0.54079179370165
0.00197878884103268 -0.0501426674402945 0.596815970419347 -0.467512660809469
0.0163478052888886 0.0183518963161478 0.783414681094943 0.40998581508453
-0.0274237740877512 0.013775509507395 0.0535605471230299 0.684015607374393
-0.0298852414462682 -0.00308269732529696 0.0558230505480068 0.0953299201462443
0.00458454307073995 0.00948943138989293 0.0993161977309862 -0.651433174393415
0.00868007721020705 0.00637104850402605 -0.713621692797297 -0.649086376115852
-0.0107701292406711 -0.0211972181660575 -0.807633561446876 0.383241754787292
-0.0393566360212278 0.00028791356426721 0.106555624849006 0.660166167873984
-0.0105817675631468 0.0215947742114589 0.428620198590946 0.134421422559302
0.00525146745003629 -0.0011860799907278 0.170045271358085 -0.139032105631733
-0.00143756931782656 -0.00166386829468325 -0.149810456543435 -0.135877616744151
0.0129113276834255 0.00108692576764414 0.134246046681217 0.109161763782527
-0.0120632579636402 0.00324948478952694 -0.087004795565688 0.104588093927638
-0.0153256458504113 -0.00356787532383437 -0.420085626201393 -0.100882103701934
-0.0210514740794182 -0.0322111075138846 -0.174236537286011 -0.540589987860732
0.00558331960586797 -0.0520031305344465 0.588929932681932 -0.473469904662596
0.0175115888642245 0.0166777733676497 0.784226267837704 0.405279641091816
-0.0258992826808181 0.00945296647532646 0.0555506533627325 0.685329818487783
-0.0265878322784213 -0.00854257774558992 0.0535450885570985 0.0980971666077389
0.00567672339194924 0.00497464041510728 0.0998416089706769 -0.650141473275201
0.00893818915838198 0.00497647248761243 -0.713761408970586 -0.65234185725086
-0.00824892300268435 -0.0206546023926259 -0.811458777336454 0.377139918486138
-0.0369360676820867 0.00104100894360801 0.102544927294369 0.658693735125705
-0.0116927050681302 0.0242215546950617 0.429474010032717 0.134523610604824
0.0038448462572113 0.00255110580906524 0.172670332304859 -0.139752651036359
-0.00349979742009302 0.00162615953512406 -0.148745610940097 -0.136725616104255
0.0117609504954994 0.0043017373809418 0.133525146176462 0.11046006055657
-0.0125646744969417 0.00581074976401278 -0.0857180974903485 0.105087073825211
-0.0148708152202718 -0.00174294376155731 -0.418322545849219 -0.100344310661929
-0.0177249023662342 -0.0316760037503615 -0.170626122636101 -0.541518029952767
0.0093305910957407 -0.0518890034651235 0.591449339790772 -0.471784302020741
0.0185801050359284 0.0146072752910123 0.780156943548245 0.407959561116473
-0.0244933934358653 0.00352118201781922 0.0511506501169941 0.685896174353972
-0.0228456988657469 -0.0145245257084921 0.0514556233514465 0.0982758598677234
0.00734749492007096 0.000533240483311381 0.0962522808150769 -0.649858002276959
0.010866105461587 0.00478828042374731 -0.714688602251194 -0.651520793155415
-0.00558939752631745 -0.019183695315533 -0.811052069218581 0.3792139076788
-0.035358619640325 0.00304342470183086 0.104325906432334 0.658735650244243
-0.0126534865659983 0.0278200543667033 0.43270057920164 0.133441756416521
0.00233942368980315 0.00498898626965228 0.172476131513761 -0.139680563806281
-0.00479494461242658 0.00532652775317952 -0.148231827658188 -0.137425150082288
0.0118400511217098 0.00683868847930782 0.132387566376211 0.112034134196329
-0.0138574380898488 0.00820732940271322 -0.0872351090089009 0.104743766742264
-0.0155565094252518 -0.000948198175924588 -0.415021053402802 -0.104225674332841
-0.0154748296480163 -0.0311114324803917 -0.161713582776771 -0.543702725750365
0.01258617374576 -0.0513942943613533 0.600118538307851 -0.464944298875588
0.0206963203846178 0.0143187158629798 0.777059259129665 0.418929060336522
-0.023282269392704 -0.00185627151331165 0.0464413211544948 0.6861659956147
-0.0189840708319745 -0.0206736140240468 0.0518819914687325 0.0960318888135447
0.00993384245673622 -0.0040247910070034 0.092605655912192 -0.650614458182156
0.0123393420523071 0.00449614200321626 -0.721102740936849 -0.641727976788294
-0.00211936267796728 -0.0176566634889699 -0.802436246181474 0.387947759655264
-0.0323515820946456 0.00529860891586634 0.116474104702557 0.656328150425539
-0.0130087470969642 0.0299946191326249 0.434886362908307 0.133154549509043
0.00116258238485967 0.0067151246641355 0.171019375255595 -0.140047236348022
-0.00531840573116548 0.00750948817422071 -0.148252316891022 -0.136002153454605
0.0110038887988433 0.00820916377370656 0.131169352790389 0.113782588244658
-0.0151769616416008 0.00924997173670686 -0.0886320211267793 0.106087456865029
-0.0161233751987678 0.000699817745881643 -0.410874066617526 -0.106686065946269
-0.0133414345323183 -0.0288225970229942 -0.147352699376142 -0.544860019811566
0.0164014633097728 -0.049234721192181 0.614653108518793 -0.452566116552018
0.0218230473392242 0.0144494308029413 0.771214143521664 0.433401023522904
-0.020360706323814 -0.00510591375641177 0.0376266441692842 0.687793963936348
-0.0147846778538585 -0.0241548109993213 0.0535906617498967 0.0908214166192118
0.0128366520165566 -0.00725369374520483 0.0836969820290315 -0.653542760270922
0.013891715572523 0.00405567715232377 -0.729676211231176 -0.626544694058701
-8.50323397616586E-05 -0.0157153863644676 -0.792085440220043 0.404557750914096
-0.0313398666997766 0.00867806178976692 0.130006967279982 0.654886218999858
-0.0132416536972964 0.0307875684737228 0.436780889118837 0.128796518918494
1.66089325391409E-05 0.00706584516937027 0.16882372565443 -0.13952141046607
-0.00647654793615611 0.00779695494693505 -0.150117291786007 -0.13530063534863
0.0174358107455298 -0.00910476297348835 0.130158518548234 0.111929472799164
-0.0103942924698923 -0.00291827158624202 -0.102184712309272 0.10540595701554
-0.0152668604847114 -0.010757584826613 -0.424551762515008 -0.107690715213604
-0.0278235403726105 -0.0321215679472521 -0.137374724032119 -0.54650333919623
0.00154907560450827 -0.04636002003062 0.643527891011664 -0.437072251091017
0.0160714713018705 0.020890563182093 0.7820624242785 0.460221517799593
-0.0266355069752601 0.0178010122538898 0.0392118093170715 0.687518312919043
-0.0306112436967617 0.00385241287516069 0.0682898654643576 0.075758126172381
0.00617368415073466 0.0146664659942166 0.0808736157171949 -0.670195617698858
0.0082974729087418 0.00703102458477112 -0.747150925897463 -0.602036739843062
-0.0176177930660135 -0.0153411652856631 -0.772517455544911 0.44220896570693
-0.0467204752753362 0.00694206296226898 0.155279505878727 0.663407775088249
-0.0101049329637839 0.0187142881214133 0.438733822325074 0.123331522634622
0.00798851166077624 -0.00773630672231339 0.159885719108489 -0.140497890040106
0.00330002143760335 -0.010392973209146 -0.156886341353516 -0.132730244078073
0.0167323394954514 -0.00749550626959556 0.132860651077041 0.110695459324184
-0.0105260617028263 -0.00171442858550084 -0.0979788936465861 0.104104726635322
-0.0150456532224047 -0.00952213156551082 -0.424309230204719 -0.104054013510595
-0.027450753822351 -0.032651336573289 -0.15245576194313 -0.544765232227916
-4.62777108932539E-05 -0.0479905476224358 0.627525317731484 -0.452164991740657
0.0158326719834211 0.0208083296807735 0.787535382186898 0.440554428357213
-0.0273160631802818 0.0191562917604978 0.0466653294206284 0.690796153464966
-0.0322878627670642 0.00374263306145808 0.0640753227951913 0.0838555972195986
0.00401868641341268 0.0147471524684292 0.0862493242613243 -0.667859972529785
0.00794169286845151 0.00690393429274259 -0.738958323636904 -0.624157665738646
-0.0175569026046643 -0.017693707125171 -0.789437863263451 0.426016483215559
-0.0453988566594788 0.00351508014157049 0.135665053486129 0.665105924722572
-0.00973416991125843 0.017951153501143 0.435259628606669 0.126321154425973
0.00717106325029298 -0.00639848993873989 0.164829962027235 -0.140496397046523
0.00183042326307999 -0.00792657753617914 -0.154974942030078 -0.134644951179163
0.0153006946345147 -0.00584281815105355 0.134366305121116 0.109483055246162
-0.0115699090977288 -0.000236793365864729 -0.0931440986459869 0.10472492284521
-0.0159197053892703 -0.00783144968136044 -0.426962846781468 -0.101839978355419
-0.0269342816751264 -0.0329668559829035 -0.167103284758502 -0.54358099191725
0.000626243443612379 -0.0492723214155247 0.610549681672882 -0.468621264287951
0.0151289132895181 0.019386736827243 0.792649751255905 0.422157030472396
-0.0281236567421747 0.0173851599898017 0.0550542866582935 0.688826968066782
-0.0324486863115229 0.00166015265729286 0.0607651178166836 0.0905765429084548
0.00327284705194817 0.0117436373657219 0.0939613804904289 -0.662028147746469
0.00839942560687394 0.00653695740343273 -0.731593426215524 -0.641928147928972
-0.0146756827716723 -0.0204255217128512 -0.802570552589462 0.405247496775259
-0.0431804709327162 0.00126927525734505 0.121035180523892 0.665243537874101
-0.0102253733651262 0.019392225726924 0.435119622367122 0.131597802552401
0.0068821672578196 -0.00453399557061656 0.16760216057343 -0.13992889931968
0.000165901795518793 -0.00560167916934122 -0.153522849733351 -0.135746175019787
0.0135283294394772 -0.00200431031186916 0.135372394793954 0.109196351634028
-0.0120705480338752 0.0015898390590717 -0.0895115642679018 0.105059900110436
-0.0159844151572883 -0.00618808894699514 -0.426971837931996 -0.0978778356392116
-0.0247053648378762 -0.0327836620438125 -0.176883953192974 -0.543444842893751
0.00276054860751048 -0.051131158564935 0.601116068895185 -0.474939982527937
0.0162995167965531 0.0175545091684835 0.793630568498257 0.409061531895802
-0.0279451305062721 0.0133830701731853 0.0565411781938201 0.690832941922053
-0.0305181678477778 -0.00289148295632719 0.0565171616860353 0.0955970125124679
0.00406549423936069 0.0089471453579142 0.0963972442101934 -0.657776887644317
0.0082591990964218 0.00559641834535963 -0.722361380446823 -0.653551802985147
-0.0115075976089418 -0.0208325429971044 -0.814125772147098 0.390335098502786
-0.0404505863129653 0.000479151034112928 0.111050710927227 0.666307941900218
-0.00992877314331793 0.022266671855615 0.433108136839302 0.132688489471935
0.00543302604852218 -0.00179987528836574 0.171582884582361 -0.140510535593593
-0.00155108602963151 -0.00125355987000515 -0.151287039400046 -0.13723088468489
0.012537394990902 0.00166391353674234 0.135073157159902 0.109387559524275
-0.0128123624387889 0.00401793707126679 -0.0885210318977884 0.105723403400945
-0.0157727653926143 -0.00301116107852741 -0.425711981932648 -0.0981052254430346
-0.0212084977346542 -0.0325584589050548 -0.17933573016535 -0.545235893776709
0.0059175131676419 -0.0524330313282651 0.595742960609159 -0.477938143206539
0.0178842760158518 0.0163669467884538 0.791923545466962 0.405567808810813
-0.0271201445540866 0.0088063728524387 0.0600340246361223 0.693361724575109
-0.0273034538356285 -0.00850318864185915 0.0538360549263079 0.0983142616019318
0.00475312579513726 0.00444242692528922 0.100126904274111 -0.65596101331648
0.00943477055119449 0.00576557635502372 -0.721920579033419 -0.658358329294718
-0.00705719076631016 -0.0206919324878964 -0.818626101081952 0.384241870278936
-0.0379068804587308 0.00139575991627538 0.106251505086993 0.663543819908203
-0.0111647474558921 0.0251304327636527 0.436011852644821 0.132976337470218
0.00307902286296047 0.00258530548495456 0.174462549937448 -0.140583967236155
-0.00326616039298964 0.00185843879539538 -0.150075114678243 -0.137427387044386
0.0126993683651326 0.00459557901061976 0.135487806301379 0.110745039892316
-0.0135321121967043 0.00692296442676256 -0.0868809010727219 0.105572643129005
-0.0155857776869814 -0.00218904175362464 -0.423263977584189 -0.0997880902442085
-0.0183267235054363 -0.0318631375716377 -0.174812010749565 -0.546198556789993
0.00908586315025885 -0.0515080059750759 0.596204445002316 -0.478541203726649
0.0186384368307889 0.0150424175879795 0.791113947399028 0.410225242558897
-0.0248816547462169 0.00386634791055702 0.0554510739132843 0.691963996556953
-0.0234790288989358 -0.0146656665435769 0.0521245440691953 0.0992955328867283
0.0068835378001968 0.000223344910039554 0.0965486539630164 -0.654974488856777
0.0108384642243948 0.00437410380233919 -0.725377280445956 -0.655894793119629
-0.00477321471343538 -0.0195753381070967 -0.81670480214993 0.386176483551295
-0.0355349305007451 0.00345860880104394 0.108447985209948 0.664012302329978
-0.012406746400999 0.0279705595997226 0.43752723251898 0.132626122058706
0.00137734196578156 0.00479968421649474 0.174777661287005 -0.141019532528744
-0.00506916006863359 0.00490851849654775 -0.149860906462843 -0.137911882513004
0.0115479106252671 0.00691710720087515 0.133422774156805 0.112497115678345
-0.0147401227522315 0.00903549635572038 -0.0888459031281542 0.106406453528381
-0.01603088584901 -0.000613527009208808 -0.420764312840078 -0.102595014491396
-0.0153178981517678 -0.031124027289462 -0.165065620913348 -0.546998168820741
0.0124948252517635 -0.0511596024590404 0.603962248287243 -0.471750829658393
0.0203995357160061 0.0144042649319659 0.784651150359463 0.419453175542648
-0.0233702171930158 -0.00128533512221489 0.048926871331095 0.694203969753705
-0.0197244122190043 -0.0205069107330304 0.052408575263201 0.0969018002285973
0.0100675682851321 -0.0041652453510289 0.0904867810905145 -0.656237060271319
0.0125624706956226 0.00404722637160141 -0.730399145314087 -0.646750701688421
-0.00197873404141878 -0.0179193604301216 -0.811492802996875 0.393350442018013
-0.0330982902575171 0.0058937183749305 0.119147071546914 0.661900493870093
-0.0132312322156723 0.0298240037185073 0.440069091299943 0.132023007041573
0.000363550674985884 0.006675189699465 0.173353125808397 -0.14109870138052
-0.00588858137491419 0.00741033252747672 -0.149568476856423 -0.136979526296535
0.011098213085963 0.00815338267258492 0.132947125277568 0.113862552707155
-0.0155848607751915 0.0100427212852134 -0.0904582165555676 0.106964385162191
-0.0165535313511038 0.00124466923907568 -0.417509198361261 -0.105890873134627
-0.0142302864778003 -0.0299311053082736 -0.149361175815476 -0.550457085098385
0.0166663413534948 -0.0499819792324026 0.618503172070909 -0.458188874928072
0.0222327958631464 0.0139097089902322 0.780694849035933 0.434299925307535
-0.0209505450526564 -0.00576738340532845 0.0397520858079942 0.692798747262769
-0.0150911612010916 -0.0251467115068626 0.0542790561961771 0.0911312205131354
0.0126038774673339 -0.00758160647637038 0.0829949741478625 -0.658485527305031
0.0148571585071321 0.00319373774100835 -0.738705388113134 -0.629790852033303
-0.000206993259884648 -0.0162631602519815 -0.798484348173395 0.412820346404841
-0.0321502725922469 0.00814799287020149 0.134607548536208 0.658887375347186
-0.0132799002795911 0.0316695003128518 0.443078959523772 0.127203481498204
0.000721545208409252 0.00738836216195828 0.170116712849036 -0.14119114830488
-0.00660750751021524 0.00841442507960304 -0.151118873719032 -0.135561878040545
0.0174181998049128 -0.00887619031638464 0.132228329280439 0.11185194842011
-0.0105670994632415 -0.00196015191343745 -0.102623859455328 0.107090666886845
-0.0153179624557779 -0.0094670642565616 -0.429264566669228 -0.104334247379617
-0.0286559259852757 -0.0325913904360607 -0.140642194184539 -0.551700196673865
0.000238749632840619 -0.0468057773479131 0.647855378710617 -0.443635892060029
0.0154136687399334 0.0215669551155063 0.791846251899845 0.459365610225178
-0.0269350769278039 0.0181843074664433 0.0430167050391614 0.690954519237897
-0.0309139800602955 0.00411036629992298 0.0688330464959623 0.0762183199672422
0.0059665807003866 0.0137907446530183 0.0762163595981309 -0.67764342026578
0.00890963122209813 0.00661625703964879 -0.757124459689704 -0.606520308114859
-0.0177608874110332 -0.0156479812070084 -0.77786560706403 0.451918653596054
-0.0464814002487546 0.00787521724182042 0.160937142491295 0.66937239211593
-0.00937718231386003 0.0183216043695715 0.444873087603441 0.120924471908125
0.00804539019593444 -0.00782476303031587 0.161123811994208 -0.143116262237141
0.00269624262496729 -0.00948665661789928 -0.158558263335694 -0.133099351872899
0.0169188359006654 -0.00781340970043411 0.13465200387729 0.110658058337093
-0.0109617142370589 -0.00114915466461148 -0.0994133644401692 0.106083879919795
-0.0154365208556131 -0.00938097273769143 -0.432120765817047 -0.102301835217406
-0.028625316055635 -0.0329412148448493 -0.15708686506103 -0.550159426654756
-0.000576618073356978 -0.0478455198179801 0.632002070516736 -0.460290263563856
0.0155276601215829 0.020101490525623 0.795536017883482 0.437969330353956
-0.0285425462520758 0.0191138407517411 0.0513801966490481 0.693640759357549
-0.0331743556405032 0.00390828238087496 0.0649830179362529 0.0830120673087949
0.00429724734072456 0.0138847353481705 0.0840239082950826 -0.673177825482397
0.00874360477814027 0.00628866337882656 -0.751283556736517 -0.625812978606639
-0.0177152408109797 -0.0183650193045341 -0.793474553006334 0.4335085338901
-0.04609344575997 0.00431903705282345 0.142450389923771 0.670326586277692
-0.00976058960525156 0.0183455651400009 0.442313657161563 0.126134246567561
0.00756400996847662 -0.00670260357523254 0.16543029519818 -0.142908981359623
0.00197298136323169 -0.00784431304552524 -0.156855994887763 -0.134372498560526
0.0149731079691203 -0.00545239159517421 0.135670552003057 0.109387703325239
-0.0115225085845326 0.000959909218420487 -0.0944243006348401 0.105413356153968
-0.0166363811308393 -0.00818304662825505 -0.431331318223947 -0.0986791712281901
-0.0279705435193513 -0.0334913546033765 -0.172264835263254 -0.550247351736807
0.000117448538601876 -0.0497591073462902 0.613829364408356 -0.474537380068963
0.0154634552005563 0.0195665155251612 0.801644796546764 0.422370322807376
-0.0286479038625758 0.0171751288455386 0.0576969713790069 0.695675521127376
-0.0330330012996307 0.00140761779400798 0.0616107657646507 0.0909429327239726
0.00305502382142104 0.0120460525338818 0.0926600152513118 -0.66870306345178
0.00848744942186629 0.00641726052444478 -0.74176730222013 -0.643916132221631
-0.0149244657005042 -0.0204791162008101 -0.810428563578622 0.41410606324546
-0.0437679842692805 0.00192117022565896 0.126638702764152 0.672539938207085
-0.0100926466362997 0.0194261300250874 0.440103381383034 0.130990802304581
0.00705845049505366 -0.00415282930811934 0.1694102226806 -0.142926013256682
-0.000355606442383096 -0.00435075474737008 -0.155230820959525 -0.136321816114108
0.0135736575612809 -0.00221406616855766 0.136896791797468 0.109686813092272
-0.0127750492328664 0.00257485967757853 -0.0916778532610031 0.106464524511755
-0.0160864879763625 -0.00647081227271873 -0.432361452175565 -0.0946754263747225
-0.0252118711073307 -0.033560620807335 -0.181285607490201 -0.548638449319972
0.00187664872616578 -0.0516659401429304 0.604272118407639 -0.481766725079764
0.0161762692762669 0.0180336033704258 0.804124250721208 0.40765063769471
-0.0285646812928446 0.0140898801700754 0.0615547768873811 0.696702829893782
-0.0313268604427616 -0.00317088204483027 0.0567005673759974 0.0962810835769162
0.00422279899851783 0.00872455116686703 0.0947899174086552 -0.665423645048363
0.00897918204738232 0.00528855833545899 -0.735587984026662 -0.657001785765629
-0.011621779382925 -0.0208890436489747 -0.819472622886143 0.400017631956012
-0.0411497638068629 0.00108255597102938 0.116021801741286 0.672027852621196
-0.0110742652920873 0.0218406508005141 0.440937700991869 0.131707464075743
0.00466349286413158 -0.00142982874492887 0.173407319470145 -0.142992087648928
-0.00140298556394274 -0.00135695690553977 -0.153618373159226 -0.137042251808475
0.0121799351477537 0.00098395662432825 0.136856281075892 0.110367883705339
-0.0135497606582283 0.00565289353384689 -0.0892294646853055 0.106468980337617
-0.01624645998092 -0.00404585735840871 -0.431784367007643 -0.0955177105150244
-0.0221986725445187 -0.0338918420252275 -0.182734700663519 -0.550609775057958
0.00495071622868489 -0.0525677228041125 0.598877367641292 -0.487122124312041
0.0175372868355583 0.0167979083238046 0.801710592658857 0.406109873069203
-0.0273466167163168 0.00900548389020041 0.062427139422703 0.696464258335862
-0.028247906151208 -0.00823094433022948 0.0548837356856412 0.0991336919898222
0.00467961502162256 0.00460992120894568 0.0954932330654073 -0.663704047806541
0.0105597208315781 0.00464825827054969 -0.731816005966416 -0.661439235749596
-0.00833919665765778 -0.0202772165102102 -0.825191651898253 0.39409696414661
-0.038320160374708 0.00187128585331352 0.110576465267232 0.669706893977364
-0.0120056692646062 0.0253167923974599 0.442881903480932 0.131277822161245
0.00409632814247157 0.00182847883826811 0.175237736659557 -0.143229278551835
-0.00351667002106752 0.00267271042185415 -0.151687253768267 -0.137774630984095
0.01120819131508 0.00451681874688541 0.137007870116108 0.110876520838857
-0.0143203719614917 0.00713720237274251 -0.0885307958386973 0.106639005442532
-0.0166982208267892 -0.00217800408111238 -0.430632747278649 -0.0958761754564604
-0.0194534263944885 -0.0327804137439663 -0.179349939327165 -0.550183274187378
0.0088829232092345 -0.0525697342408217 0.598983135281058 -0.486165677780849
0.018596229178588 0.0153578929877574 0.799862853115249 0.409729860077548
-0.0255989488957627 0.00354066403823266 0.059101583146172 0.698052440307213
-0.0242431018120563 -0.0154900287920379 0.053539743232263 0.100496660363137
0.00755252398662873 -0.00067853230757702 0.094346875136419 -0.662374793848739
0.0119485457121299 0.0046600354415568 -0.735524702609448 -0.657807684320021
-0.00477537829053823 -0.0192459420929577 -0.822879748797154 0.39510263496089
-0.0350706198581726 0.00396031293519409 0.114089811740293 0.669239495024949
-0.0129179604976757 0.0280985282537578 0.442567395384868 0.132875673942863
0.00103761554021469 0.00525685694042742 0.176280153788831 -0.142970807134384
-0.00557756865104656 0.00547414642490712 -0.151789285555844 -0.137528506120661
0.0111842697909097 0.00697848810354901 0.135397632817746 0.112198062342261
-0.0156495183413016 0.00968502088257419 -0.0893059412743854 0.107410379603559
-0.0165251616178993 -0.000565397118399394 -0.425655684298137 -0.0990947143963951
-0.0168290643712081 -0.0321763129149372 -0.170807070266833 -0.552969660811998
0.0125708402771694 -0.0516882251831131 0.608217884370151 -0.479778456223915
0.0203358440674715 0.0144926039185129 0.79456437957632 0.418913036009687
-0.02385161816177 -0.00147982632302756 0.0529704498351522 0.698438236255145
-0.0194999902705463 -0.0203334250202132 0.0536936615395754 0.0978023342582355
0.00945129225805893 -0.00520674357093109 0.0885493927546432 -0.663118130684418
0.0132582727238667 0.00388366618206831 -0.739356133015362 -0.648779527454828
-0.00229377425709206 -0.0173139257356773 -0.817084839132813 0.403520990944213
-0.0338654031115214 0.00647091854139706 0.124731405753766 0.667598708554451
-0.013529365392981 0.0309691208080745 0.446189240390732 0.130262195733189
0.000600770744694331 0.00693630554755007 0.175014956920452 -0.143452139350962
-0.00653829335179271 0.00794099821203059 -0.151543622365717 -0.136955996274438
0.0106245934841768 0.00772004494894783 0.13451934869338 0.112838972142401
-0.0163586336157345 0.0107728829183692 -0.0919274798675412 0.108570522687961
-0.0164490542012509 0.00108834932356831 -0.422112185116582 -0.102497532085051
-0.0148612238493304 -0.0304442005047021 -0.153831111093897 -0.554269759215525
0.0157313158075443 -0.0503824865624452 0.622360993992722 -0.467668382661751
0.0212394155070084 0.0137509471069507 0.791563365943184 0.433808768318844
-0.0219153160132404 -0.00561856543561184 0.0439687014969508 0.698972729168135
-0.0155424042058957 -0.0249332888827915 0.0551398000633773 0.0916539747408973
0.0118747687760044 -0.0091990851613822 0.0817524271105437 -0.666429204737431
0.0156264490078644 0.00321937613679128 -0.749993572684025 -0.634486909099837
-0.000303425888862032 -0.0159841700121852 -0.803491410397356 0.419672479609934
-0.0315620089388039 0.00805943781787633 0.140264304227573 0.665531710131553
-0.0127495655944212 0.032185029935724 0.448164592995152 0.126640737026549
-9.93570029534253E-05 0.00754295974605754 0.171500833217849 -0.143922248933237
-0.00740300218190826 0.0084627283669261 -0.153756797142748 -0.13572610250981
0.0179477393880742 -0.00924138165907998 0.133517767002771 0.111422932045676
-0.0111840372660065 -0.00152228415421993 -0.104885629213762 0.108633057375606
-0.0169056085653182 -0.0107354735144645 -0.435000295531661 -0.100235882626867
-0.0295631727635009 -0.0327382249730229 -0.146780600207597 -0.554264523761564
0.00105924768774645 -0.0468823007448774 0.649735852229124 -0.45403226955026
0.0165672516674577 0.0208442032558443 0.804218798769263 0.455571910924307
-0.0281807943863137 0.0184621732234457 0.0487528307270201 0.696181709564323
-0.032126638261959 0.00259226028758241 0.0705834568853956 0.0770505018321961
0.00531317116742627 0.0129116816982853 0.0732120100861225 -0.684506851751644
0.00841488594245909 0.00627331220160663 -0.770902755210197 -0.607730921242122
-0.0187412073435602 -0.0145647336036554 -0.782878498471149 0.461791338752928
-0.0472702919050719 0.00797188055616791 0.168557415144712 0.674966947588567
-0.0110889089184858 0.0180644611245914 0.449885067615499 0.11835623983619
0.00623485313049602 -0.00854575064420201 0.162057237817542 -0.144606247205351
0.00292830125179875 -0.0101183392151323 -0.16065441754251 -0.133098980604926
0.0153282755114386 -0.00774393779043398 0.135811760330264 0.111511350360437
-0.0114477358605726 -0.00133901890338603 -0.0995668260302317 0.108373969781577
-0.0162259720571431 -0.00919735202208373 -0.435622056031098 -0.0971859476759673
-0.0290948820784124 -0.0335933831787501 -0.162019607985087 -0.5534536587471
-0.000367236373658952 -0.0488049333095193 0.632843781165558 -0.46984753555061
0.0151964056748042 0.0211754867657207 0.80830340500538 0.438240819331693
-0.0285716600127247 0.0196031801344046 0.0559507193283066 0.701489682372763
-0.0338084012614275 0.00387359708704265 0.0664837314884842 0.0840542461521979
0.00410727751935514 0.0133679188430317 0.0805550688581204 -0.681400027052479
0.00887550628047159 0.00632887378897685 -0.762834728581093 -0.626976498812666
-0.0174125498911159 -0.0173353601470976 -0.798384969709184 0.443993977938936
-0.045920561752014 0.00368133893016267 0.148228592793153 0.674853437743996
-0.00917805049819304 0.017836553634064 0.446780890244798 0.123454721872138
0.00718883459089365 -0.00606461592631826 0.166609337849725 -0.145127719117477
0.000927184407641645 -0.00783902994826807 -0.159798838823845 -0.133774817822748
0.0145160052743916 -0.00504995950659035 0.137795787926837 0.110508587103384
-0.0128871876430075 0.00113273473869126 -0.0953117129022154 0.108569096964021
-0.0168509372074613 -0.0074999205755926 -0.437806028848782 -0.0953730669380409
-0.028732827494655 -0.0332689961156508 -0.177847953335956 -0.553316570619959
0.000587364832135929 -0.049640372022952 0.618039252809021 -0.48457045832995
0.0163094915147327 0.0202218929362864 0.812409552837104 0.419108778221938
-0.0286443476644551 0.0171311200721347 0.0637044716650248 0.70034060073129
-0.0329769746624251 0.00156015499143437 0.0631915861735676 0.0911251667240183
0.00382096855447334 0.0114194606375054 0.0894788567450771 -0.67681842783717
0.0096800060815827 0.00536497288178589 -0.752145894676433 -0.646240278501248
-0.0147628638874989 -0.019376937121149 -0.814730014890172 0.424142630817282
-0.0458678944614494 0.00190836469723984 0.131871838063758 0.677209049850448
-0.0100942304277728 0.0197891497991636 0.446939450019718 0.128157853015072
0.00576585211299937 -0.00342061469907468 0.172743856785569 -0.144941185469216
3.23212816146206E-06 -0.00339505180710674 -0.157323315823156 -0.135011069829967
0.0147206950108041 -0.00185730009286579 0.139568790023695 0.110047830769405
-0.0135034996676027 0.00370197673389933 -0.0914806784517899 0.108117749469
-0.0170543941719581 -0.00589229124407325 -0.438958024548927 -0.0925933362047411
-0.0270414673404312 -0.0342031712906938 -0.187425831135605 -0.553180762510694
0.00126025436094251 -0.0515060713942455 0.607435117592121 -0.49181830383141
0.0162157223372044 0.0186504342354058 0.813584583129181 0.407646761906119
-0.0296085209180446 0.0141106836132318 0.0670019359342066 0.700870829757059
-0.0315638620585303 -0.0036493256376521 0.0589737426099018 0.0975855846139185
0.00332358619874026 0.0082408821993619 0.0899527523717949 -0.672319234757905
0.00948181600098887 0.00461643566623533 -0.747142694960653 -0.656515746745202
-0.0122861798443804 -0.0209445798695355 -0.826750964073484 0.410216755895894
-0.0416581961438913 0.00116432187431061 0.121010920546862 0.676494347842964
-0.0112415843169957 0.022886228350609 0.446496738620893 0.129739939504003
0.00438065966485799 -0.00151827922470925 0.173722817665861 -0.145415205228049
-0.00245795968954133 -0.000581068094012581 -0.154370555787568 -0.136278371894437
0.0125998716194459 0.000243939088325451 0.138260150063761 0.1100748801688
-0.0144398051202399 0.00624231140420793 -0.0906011249073331 0.107132349785762
-0.0163980821011503 -0.00383277375331081 -0.438383643091639 -0.0921234802698346
-0.024202720969134 -0.0344701885655226 -0.190714952673046 -0.553148845005062
0.00438288146487168 -0.0516885553632807 0.600308924565347 -0.496655858905593
0.0175105716167779 0.0171411850462877 0.814412593571828 0.403919877766394
-0.0283069958471512 0.00940098846199889 0.0674914538830407 0.703793258329588
-0.0280959280533341 -0.00924427880497892 0.0568384102970898 0.101007478298485
0.00476062500900962 0.0032269154934767 0.0936955368792249 -0.670346887649001
0.0105278705435181 0.00380903572720159 -0.745594856273594 -0.663054698039473
-0.00858450381126708 -0.020645416287983 -0.83060496335549 0.404795822471745
-0.0388788022049833 0.00340043202183088 0.11912371875708 0.674154045364244
-0.0118516913429468 0.0260643002869969 0.448769193048169 0.130484320039568
0.00297643667409558 0.00162252455263204 0.176080820513169 -0.145221511019498
-0.00387888525890657 0.00297085946159679 -0.15394848355729 -0.137831896117904
0.0116548500236317 0.00382655941574463 0.138568272350933 0.110769751060952
-0.0136727398313103 0.00831464831598295 -0.0885657372871054 0.108654001803968
-0.0181300508908733 -0.00228468209353253 -0.434050298702035 -0.0931259855801881
-0.0197263827621639 -0.0325493299295425 -0.186037776047797 -0.553245852506505
0.0077917194379597 -0.0533482755263055 0.60107364907177 -0.495649775962258
0.018223162605091 0.014992307510406 0.810273555243472 0.405919181077392
-0.0268290069507508 0.00255172256180696 0.0640355193721333 0.702680561485509
-0.0250378772478203 -0.0148828003115567 0.054669546191701 0.101455221859895
0.0065713238120834 -6.54863071193994E-05 0.089801723126753 -0.667358778071972
0.0122291974127006 0.00354955756589562 -0.747315871152378 -0.659339047581378
-0.00474860702794961 -0.019522217237932 -0.827024600587548 0.405510565574326
-0.0360438167206536 0.00419426372409916 0.120029001528404 0.675772729509245
-0.0126635766917157 0.0282825813093209 0.449252845290051 0.12999477645937
0.000766466444730329 0.00554059117837405 0.177811150171635 -0.145874022049828
-0.00596318387333836 0.00560636298627399 -0.154462690283529 -0.137162108242032
0.0108385882346547 0.00689258602969909 0.137283532083734 0.112065687802533
-0.016087676513907 0.0106927390726309 -0.089326576221697 0.108652363066881
-0.0175341947668234 -0.000282728565401015 -0.431507275354124 -0.0953183530981839
-0.0167716709165134 -0.0338271971176512 -0.175498453399935 -0.557484722912014
0.0120627599337893 -0.0524432400150963 0.612089924412241 -0.49024441206762
0.0202947480285741 0.0152458458425991 0.806638120844681 0.416496856098659
-0.024632781341061 -0.00166802957751819 0.0593223585444077 0.705163991097141
-0.0201654320174976 -0.0206288539677964 0.0555090002505726 0.098525754729427
0.00967535873107026 -0.00535362524654504 0.0833363785338145 -0.669631665625687
0.0142217553071831 0.00370947761299079 -0.75145646252782 -0.650768460708427
-0.00228289838058146 -0.0178501184142135 -0.820205119195013 0.413707994398077
-0.0337146321241597 0.00584156327410403 0.132700986174853 0.672917638261473
-0.0137527890520652 0.0317826285668185 0.452700932305969 0.127540912459303
-0.00029827024758459 0.00663369884231357 0.176114026819829 -0.144594033594742
-0.00742541809182674 0.00914730554730115 -0.1540133840177 -0.136915065944035
0.0104606994308058 0.00802174797635188 0.135891696797738 0.114581545757445
-0.0158260516494046 0.0112713091715802 -0.0915598310895355 0.109859709699603
-0.017226424739655 0.00106018267967923 -0.427064445973751 -0.0992546260635708
-0.0150169502036426 -0.0312191293431482 -0.160524478382462 -0.5574892532916
0.0160859500353867 -0.0507467505992873 0.624712669069078 -0.476925710599481
0.0222673994116013 0.0141879091137993 0.801487419793535 0.433996336121123
-0.0221025648678389 -0.00593485560650604 0.0489508919456636 0.706100729175927
-0.0161382065851877 -0.0260446883536482 0.0554252009969868 0.0929388535279867
0.0121466015064397 -0.00944431955952056 0.0763102799391835 -0.674661716816692
0.0163031466047146 0.00181095290231595 -0.760300219248261 -0.635044426455271
-0.000104253154383914 -0.0163570620367405 -0.810256373187161 0.429779818265728
-0.0320719802860107 0.00928533632828445 0.145708603962091 0.671327341015531
-0.0137509542213738 0.0316753360312154 0.45463094297588 0.122735540042017
6.7240674776519E-05 0.00727467398047186 0.173756899031413 -0.14550701723703
-0.00737502477039295 0.00845379442498617 -0.155140281633947 -0.135717645938332
0.0170702162213248 -0.0097781564696317 0.135470184450189 0.111891690312518
-0.0115629713081908 -0.000925181787593209 -0.105861621546459 0.109753132457819
-0.0163492885065023 -0.0106065834273581 -0.440851874039434 -0.0957259948199931
-0.0307739560080246 -0.0330056915927647 -0.153492770073692 -0.55869299703954
-5.23038913684357E-06 -0.0470907351206975 0.653643658111269 -0.464288843841081
0.0151457189765826 0.0211161058665264 0.814302655308834 0.452208792257204
-0.0285752137257079 0.0184892349295769 0.0550796661651733 0.703423671206504
-0.0322749409248278 0.00343038863335022 0.0716270433563713 0.0769640104630273
0.00604584003866439 0.0137352352467155 0.0666835035743064 -0.691485774064908
0.00987433693383628 0.00597319994744323 -0.782289048039693 -0.605749933735031
-0.0188437918827738 -0.014742061367926 -0.7863730088762 0.476050502481714
-0.0478393581310581 0.00925161752633689 0.177520123513688 0.680120978818493
-0.00890056170290682 0.0185446162685344 0.455177446658342 0.116207659681456
0.00671044339529866 -0.00855247319565764 0.164278656871122 -0.147460373028251
0.00226840626352043 -0.0087803367869696 -0.163591870113304 -0.131841975163655
0.016009558383355 -0.00826584784737614 0.137436747313246 0.110644838675731
-0.0117478857055049 -2.877027582552E-05 -0.101509639828791 0.10954338854084
-0.0169297341494905 -0.00961842216165 -0.442838953377728 -0.0933561050068076
-0.0306459037288168 -0.034014872510156 -0.169613230699315 -0.556454270562775
-0.00125884352040815 -0.0486796864694599 0.634344161001561 -0.479271886184226
0.0151048960337729 0.0206173219659768 0.820978938341168 0.434390456085004
-0.0292360149957442 0.0196469630400216 0.0641170265371524 0.705519281278103
-0.033880852757783 0.00426153626194839 0.0670296478116491 0.0837310735726067
0.00406850194308086 0.0134604760964733 0.0757089634343728 -0.688514559643259
0.00890062932501524 0.00660835128781818 -0.774360192210575 -0.625744058337393
-0.0174499764609079 -0.0178352379626029 -0.802213253584557 0.455463578474116
-0.0468949002294491 0.00544204202030596 0.156611499739618 0.681957246709585
-0.0103844034638239 0.0192466920384223 0.452291025126982 0.118610802977523
0.00715168048588777 -0.00705953674918824 0.167748423097372 -0.147318974695045
0.000965582478527903 -0.0073407734157977 -0.161660930536146 -0.133653915234235
0.0151166286488484 -0.00566157142278826 0.139997882856538 0.109242673251977
-0.0120996111801259 0.00258208625993337 -0.0963986221844778 0.108754329319465
-0.0171419707225798 -0.00889246560759139 -0.443602469856717 -0.0917747615328267
-0.029986479510583 -0.0333439811665906 -0.184084389051262 -0.555637906981009
-0.00114657553458489 -0.0506048562563738 0.618027863132097 -0.495365659087768
0.0160601735443228 0.0205673189198623 0.824873073196898 0.415110780512723
-0.0298499636689268 0.0190460454532173 0.0728806875462884 0.706324039658597
-0.0343792983373691 0.00149403918574968 0.0643723508770157 0.091314350360399
0.00240515150572085 0.0114167501103331 0.0824020770671591 -0.682695446722265
0.0089724483552304 0.00476717406372115 -0.766409201248152 -0.645515897485545
-0.0161553937554969 -0.0188951739149661 -0.819174528811892 0.435882338602404
-0.0446488084163121 0.00352124476621875 0.139978760538515 0.683890434436114
-0.0102446480017205 0.0200225778791202 0.452981673307739 0.122810370714677
0.00571677072985529 -0.0044397877596326 0.171690536215641 -0.147286469297363
-0.000131030451626115 -0.00382167892381551 -0.159007126855396 -0.136654357850812
0.0133762333118022 -0.00291705042808946 0.141020425523877 0.109987149185673
-0.0129788709959532 0.00458038094724381 -0.0936716125738768 0.108677291440396
-0.0170701885467794 -0.00587294103321393 -0.443802374350857 -0.0865369241067068
-0.0271673840426455 -0.0339292046070535 -0.193516093904362 -0.555444977837493
0.000972136741411517 -0.0520170494360334 0.60712868444296 -0.502062787307063
0.016774304271845 0.0177663631767605 0.82581578481107 0.404625113192825
-0.0309788324983683 0.0152318987954007 0.0727039376896075 0.707579132232113
-0.032845454003783 -0.00294510617362183 0.0603180015249404 0.0976457604102023
0.0030010911266635 0.00806778043451967 0.0865267664876792 -0.681228515970394
0.0106821375327654 0.00499780671562208 -0.760709374811232 -0.65906643450924
-0.0120291396565218 -0.0203601417411253 -0.830000277225936 0.42251023613846
-0.0420657039703267 0.00264340722064339 0.129074044868086 0.683530393722914
-0.0103664703294275 0.022744476714886 0.451665699105488 0.127153238526691
0.00475059707156841 -0.0011293631502107 0.175022008542848 -0.148295738217748
-0.0028404468036125 -0.000389623917623245 -0.1573626227627 -0.136607788464749
0.0122485047341659 0.000343759911000404 0.141138368242718 0.109367989628646
-0.0145021384893273 0.00662075970136163 -0.0912704295421292 0.109660483873034
-0.0169238933010463 -0.00386741127097942 -0.441956698994444 -0.0860471839782498
-0.0242597652778805 -0.0334899631265731 -0.197058041512468 -0.556165007592744
0.00479747147942057 -0.0526057009297058 0.602445211964993 -0.506869133408255
0.0176134033371698 0.0163689832295211 0.82468021429988 0.39812412095509
-0.0289848814133406 0.0097288391270713 0.074480484297443 0.709643892146787
-0.0301174374212103 -0.00900194485673337 0.0575567484450777 0.100339001234795
0.00446493613722558 0.00397372309326839 0.0894151961434273 -0.679195315116871
0.0107585519699681 0.00401370279551496 -0.757251563357468 -0.664439564180854
-0.00825269090063069 -0.0205415149613841 -0.833702517545665 0.415510617589223
-0.0393355710517226 0.00334210651563344 0.124751329933448 0.681353382952285
-0.0122131553625147 0.025424465942307 0.453623265536017 0.128426615946638
0.00226878901913703 0.00216529349176448 0.178264737515152 -0.147886662837141
-0.00391791046179366 0.00347648155188445 -0.156882955708926 -0.137425071129726
0.0106717319873926 0.0036241839317024 0.141051023111687 0.110535145145882
-0.0150614128934584 0.00970103109335229 -0.0902999631186626 0.109911603049468
-0.0172657707944404 -0.00203699854068242 -0.440534911464144 -0.0875092475425706
-0.0211927311716872 -0.0337465571428609 -0.192916792853724 -0.556917297243739
0.00770234607411258 -0.0534721623121256 0.603447249021442 -0.506910799444681
0.0188588972559308 0.0150113198922343 0.822628094103922 0.403293739738194
-0.0272818677691554 0.0041091573379677 0.0708184645690869 0.71035210885948
-0.0254115271260158 -0.0151228324194289 0.0562701974237778 0.101494789941285
0.00616223539643184 -0.00125113773603673 0.084015681127418 -0.675424058012679
0.0125122075775394 0.00301472666145589 -0.759686944462259 -0.660237219094241
-0.00528138682583006 -0.0193611513519491 -0.831954866545611 0.417213480499849
-0.0368378142026934 0.00555560065054787 0.127039107159209 0.680823483421898
-0.0127504528736933 0.0283477164652733 0.456535130735694 0.127688660443038
0.000439183459815388 0.00485223293318211 0.179156710242061 -0.147325256471334
-0.00505644259244816 0.00666223054043056 -0.156468964553893 -0.137779712636882
0.0109034208128569 0.00608839791662172 0.139941393787973 0.11156798661418
-0.0160789726268014 0.0110499444135916 -0.0913400093997235 0.110162142863729
-0.0182307833435135 -0.000713228609605376 -0.437399065549287 -0.0906994490480856
-0.0176877229003465 -0.0329079386761724 -0.182652449403786 -0.56000529388534
0.0115595341679409 -0.0527151283489693 0.610596047978309 -0.498276986395104
0.0202519466439971 0.014216478278381 0.817910204655198 0.41227625443712
-0.0249247586063515 -0.00227882737615364 0.0636837790040465 0.710349966740076
-0.0212007682231533 -0.0213128523001421 0.0558026614366648 0.0980972307591958
0.00904344107697456 -0.00525664156811835 0.081375618567437 -0.676218619154586
0.0142477179595358 0.00255907922826189 -0.765540598837769 -0.65156836785721
-0.00243043885685942 -0.0178952915287845 -0.825623188149808 0.424370752922869
-0.0345687354318065 0.00718537827938539 0.13889353234108 0.678487656693729
-0.0129040361763331 0.0312890141770297 0.457979018747048 0.123730537127645
-0.000567635514343797 0.00627532810885928 0.177409875845738 -0.147330391259126
-0.00670522907215339 0.00942154179914624 -0.156852451563811 -0.136746184560675
0.0101977461833616 0.00750702467748788 0.137988505618645 0.113223740230604
-0.017054368633102 0.0126879956349826 -0.0928776448576226 0.111625417670612
-0.0180806885139468 0.00134920830558445 -0.433209267136123 -0.0947423069384557
-0.0161962424585457 -0.0319397243893067 -0.168246020351813 -0.561184848149999
0.0160020605868268 -0.0508890152541901 0.626545162317671 -0.485943272512488
0.0216285523161202 0.0142164979775676 0.812313249805153 0.428495290893244
-0.0230869024931687 -0.00572711354538786 0.0539375929189178 0.709347959467481
-0.0171609468367541 -0.0260646423564804 0.0567390945873943 0.0926733161587734
0.0113136964160802 -0.00954860374567083 0.071048313106206 -0.679611072625721
0.0166059901518507 0.00192703052625651 -0.773871788147303 -0.633935151173297
-0.000799065208450831 -0.0148954265574234 -0.811981841953793 0.441405652735385
-0.0328303062026571 0.00926088235162171 0.154291026416511 0.675646720429764
-0.0132463924805307 0.0328286351826663 0.460384435723573 0.120833168231092
-0.000883246532533966 0.00726783746284956 0.174200217372432 -0.148109288464835
-0.00735694835588102 0.00965435837588235 -0.158142178896781 -0.135360281804116
0.0162047802612326 -0.00991667007128721 0.137717805571619 0.111213341829215
-0.0121778491305357 -0.000212380313099229 -0.105773130594423 0.111829040018604
-0.0171225991330832 -0.0104900845540006 -0.44572810319906 -0.0907882059144613
-0.031962931710728 -0.0332882813763655 -0.162104802649569 -0.56206461678172
-0.000539085928149253 -0.0465830886009112 0.65268457068473 -0.475399901527051
0.0156713053945886 0.021853924507923 0.826377037127338 0.44594500534981
-0.0293171779224919 0.0188367739955509 0.0644759176816807 0.708650223273238
-0.0335540502744808 0.00398760081213763 0.0733502388790383 0.0760996468037154
0.00516365078488432 0.0127587512007994 0.0608894908500675 -0.696271358463661
0.0108454658242988 0.00515344094098585 -0.796618551246281 -0.60230868245856
-0.018946926101784 -0.0151219301581123 -0.787026960536398 0.487104323250158
-0.0482291804419699 0.00956043759965045 0.18562397531544 0.682324338608777
-0.00930709135284791 0.0185811826841152 0.461889590391755 0.112131679785882
0.00646150479909573 -0.00895185575551593 0.164314214750129 -0.15058815937632
0.00186685340285884 -0.00925438417104154 -0.165985275808941 -0.131462493992631
0.0155669160781942 -0.00889519625029579 0.14055240471199 0.109475364457376
-0.012247121187976 0.000587699430571403 -0.101768349404563 0.111993108168835
-0.01708172888071 -0.00972794983922508 -0.448108782634398 -0.0872834760113517
-0.0316233156167801 -0.0331479276575992 -0.176930008677221 -0.560326019578699
-0.00184508333811545 -0.0490458032886642 0.635307762056274 -0.492058416624523
0.0152396041934422 0.0214640658681948 0.831164675492325 0.427743590742688
-0.029798903775709 0.0202771560826638 0.0711633669477038 0.709088149134849
-0.0350933517897261 0.00486835777721961 0.0694502013847586 0.0839597057997628
0.00358180066304778 0.0130761519501953 0.0705253219729323 -0.694304590245322
0.00931750117669013 0.00496806805751721 -0.788697562090333 -0.623423362253812
-0.0174640642756188 -0.0174651063959518 -0.806074498474543 0.466238598651211
-0.0473486582932969 0.00619874844933692 0.165329997607004 0.684409573066269
-0.00943641898941195 0.0189287592301245 0.45793045798951 0.114243139463125
0.00622665806832623 -0.0069718586190127 0.168845335366185 -0.150361703846432
0.000271086412958839 -0.00626810857715248 -0.163709187999115 -0.133473509572122
0.0146027686732222 -0.00504572626036406 0.142170813391298 0.108692308379039
-0.0122823666306402 0.00330085109054515 -0.0971736270453881 0.111580841152272
-0.0178364023798965 -0.00728436001213882 -0.44911599043884 -0.0855872947231738
-0.0308376596926051 -0.0338982496991334 -0.193186943228556 -0.558979282311003
-0.00172733569208887 -0.0504938799877347 0.617039208359111 -0.506544096681372
0.0157969479658295 0.0202322831626061 0.834905992150123 0.410319208401978
-0.0296469542657613 0.0181794678845396 0.0793275271327455 0.708772041662535
-0.035140076148423 0.0029833997918761 0.0651268904304227 0.0922847614860044
0.00230650390935719 0.0110701214233687 0.0775089894337095 -0.689644400185516
0.00946701375800294 0.00486505969164596 -0.777686479680724 -0.641129530936991
-0.0148868991871787 -0.019517618085316 -0.821137919902423 0.449481720532183
-0.0446816444761817 0.00373582513826888 0.148012424900254 0.686238884726401
-0.00958936386167313 0.0201191284199735 0.459734299107096 0.119046852826717
0.00520047781932895 -0.00445219787303368 0.173026727778996 -0.151454316548258
-0.000163776875357224 -0.00406203379776133 -0.162756931974951 -0.134367685789758
0.0126244619100334 -0.00316627073942235 0.143452579925221 0.109163677387606
-0.0127562354895232 0.00551978589502769 -0.0931992884911277 0.111413570636305
-0.0179814045612083 -0.00581666388702871 -0.450073620557197 -0.08284635343337
-0.0282671436978067 -0.0339716983560319 -0.20212510142346 -0.558622636166501
0.00026845018357588 -0.0512167623329429 0.607684104159733 -0.513230817933307
0.0162023893661275 0.0183973898840975 0.835565652297114 0.396565054174095
-0.0300509868182461 0.014562968763481 0.0812829875105705 0.709393029599488
-0.0329075872055994 -0.00246209042885734 0.06151931764361 0.0978209646874638
0.00194794857440722 0.00745092643062385 0.078445217164681 -0.6849404578096
0.0102630616328145 0.00352676391496896 -0.773349477856536 -0.655959885715493
-0.0115564133313757 -0.0207139186316936 -0.832659908571437 0.435122521315877
-0.0420043517603602 0.00306081264724032 0.139081598726674 0.686276928947602
-0.0102807041116449 0.02303702637661 0.457839852862613 0.121715014421216
0.00386798146148254 -0.00151191085901865 0.176897996295753 -0.151681939363379
-0.00217120296641223 -0.000176941442986665 -0.160608878249141 -0.135819677311304
0.01145190389715 0.000661880234750742 0.142803963237361 0.108397466350125
-0.0141324237356447 0.00740999052620693 -0.0917423391501457 0.110705956774679
-0.0182637579234118 -0.00389901549647486 -0.448128537463944 -0.0815822119973966
-0.0251434898968995 -0.0349358799244718 -0.206043186280155 -0.558254417927656
0.00294880047574504 -0.0527232338707029 0.600763415756287 -0.51809376443417
0.0175779676103029 0.0166348221238007 0.83633938990433 0.393496271042922
-0.0293241316700848 0.00952604694495729 0.0836192309965818 0.713237388505146
-0.0298937079484147 -0.00852625289133154 0.0587637565284727 0.100562382082498
0.00394509983748905 0.00340615013596521 0.0811310056506931 -0.682506642541172
0.0114846079830001 0.0033865540818376 -0.772280578892198 -0.660784450776814
-0.00824747501623663 -0.0204403252856523 -0.836250732107196 0.430007518552879
-0.0398000974740189 0.00412921020099853 0.133136780562129 0.683808005712733
-0.011699530405521 0.0261069071283116 0.459290190211458 0.122790468988551
0.00236119618238126 0.00207904784485663 0.178570277297174 -0.151804688982498
-0.00502226779725987 0.00367251556791385 -0.159197453419468 -0.136809321577093
0.0109213000866834 0.00423731790499557 0.143335787591106 0.110004662326528
-0.0152511415809633 0.0103046309263411 -0.0904382733259813 0.111866712537849
-0.0176250708233612 -0.00210605746042089 -0.446747023463523 -0.0821378182379329
-0.0212788003139787 -0.033679770812748 -0.201364343877519 -0.559905430974118
0.00693024286228319 -0.053592623224202 0.601998755005611 -0.517481881541283
0.0188499555642961 0.0148950486605693 0.831421710099848 0.395116242059821
-0.0279996285265166 0.00421201940641172 0.0781370276753381 0.711844606387854
-0.025535174370331 -0.0152337621048968 0.0569487254589795 0.101717070642457
0.00641379508640561 -0.00215621657697337 0.077191972252771 -0.682964660794133
0.0128738755445193 0.00271331779317827 -0.775290390091998 -0.656744167912704
-0.00523469687257678 -0.0190518569712626 -0.835730930014581 0.427808923659456
-0.0364866999061485 0.00491359832820273 0.136544438743579 0.68449555533078
-0.0122305356873553 0.0295603658692344 0.460389883671545 0.122719339953808
0.000652937529020641 0.00470926199599869 0.179182457979829 -0.151536247605044
-0.00624782747102844 0.00704001615556876 -0.15836523529491 -0.13629158782742
0.0107837674373176 0.00610653895667559 0.142207298042872 0.111638060824694
-0.01633442833322 0.0123116343854848 -0.0913123449531427 0.112153463582858
-0.0177946708279306 0.000196633322611382 -0.442260234666455 -0.0863639160853818
-0.0185757302241549 -0.0332930104156391 -0.190558472190656 -0.563792277778825
0.0109446512494829 -0.0528208768843101 0.612180464419021 -0.510993917361256
0.0204633129533991 0.0142928600192733 0.827997068398744 0.406518275385187
-0.0253937422789267 -0.00211259525889191 0.072122764383153 0.712490851089096
-0.021159369245021 -0.0211720091683227 0.0568178685500219 0.098511079266213
0.00919717167409557 -0.00640318900056572 0.0738514456491087 -0.683621360209951
0.0144991247554611 0.00260858651196307 -0.778641351740325 -0.647152217269882
-0.00235137506097929 -0.0176488283874017 -0.827926080734919 0.438027533587842
-0.035131167575213 0.00877314874089422 0.148176099128216 0.681061010106094
-0.0123593271759953 0.0322690251603677 0.464803729885332 0.119399784832241
-0.0010851264951724 0.00726698974249954 0.178257247979602 -0.151249974833805
-0.00651382597703229 0.00984283032302562 -0.159282842087873 -0.136022699325058
0.0105841451388188 0.00739744759049407 0.140705632342642 0.112553849799846
-0.0172454647815278 0.0137137139291169 -0.0937350990079414 0.112621726235215
-0.0184162046413955 0.000802207800989337 -0.439007166300411 -0.0891788413340996
-0.0170147110613914 -0.0322602647248614 -0.176411216461577 -0.565429859993953
0.0144189740534311 -0.0515579243704349 0.625837335119595 -0.497863109476642
0.0218611750687623 0.0137806409371051 0.823805591256322 0.423401768299273
-0.023696536836265 -0.00547013662451546 0.0626825286015195 0.715243105286295
-0.0173212398420326 -0.0258391246338826 0.0587045902880029 0.0926274990536351
0.0112098690926587 -0.0102643116626237 0.0667676948508221 -0.684849022513257
0.0160366822674841 0.00210592407236904 -0.785357473171953 -0.63109035506322
9.23652839655738E-05 -0.0158607249948497 -0.814974894453922 0.454630687950826
-0.0326144606454069 0.0107480455927423 0.165367124065703 0.679914461796731
-0.0134627689815701 0.0335724219152797 0.46520554025678 0.11522776023032
-0.00101599251728148 0.0069036416738726 0.174154421164304 -0.151546700238659
-0.00749407270638151 0.0100215909455683 -0.16019355722655 -0.134606303763726
0.0168871338988589 -0.0101518838564405 0.140548624814957 0.109685183456985
-0.0112505801114152 0.00108928604661155 -0.105955404170139 0.114232562395349
-0.0172612608938461 -0.0102003906231728 -0.449818843604611 -0.0832068881748975
-0.0329085395455916 -0.0333447870700669 -0.169925572533493 -0.564189645832939
-0.00127129937712153 -0.046913238586418 0.650375378089348 -0.486353782059446
0.0166152700551723 0.0226768563181323 0.838018445306948 0.4386885947506
-0.0285834366520393 0.0192117640417524 0.072017201056907 0.709033266216693
-0.0335836577523406 0.00352558003101195 0.0743132586680096 0.0762568400128706
0.00538233759323788 0.0125973440939775 0.0531002968988029 -0.704159745989048
0.0101387290333908 0.00524552263007028 -0.809998433070852 -0.597472037990495
-0.0187562516797796 -0.0137843989155675 -0.785815377484592 0.500618581456452
-0.0484688695266282 0.011251349336897 0.197762915923728 0.683943494360908
-0.00971341392916429 0.0195431712183206 0.467121815427691 0.10466196887635
0.00492846709819418 -0.00822136071316649 0.164358189596895 -0.153611765402739
0.00181306858813344 -0.00824012636124033 -0.168558985609676 -0.129662943050199
0.014834458291844 -0.00903081261426597 0.142785734008199 0.108480425539436
-0.0123918617999086 0.00162369273481124 -0.10238980940877 0.113334123296137
-0.0189451148389964 -0.00913340758127077 -0.452415669420169 -0.0804617355470786
-0.033124479246048 -0.033761379119523 -0.187969071980827 -0.561647290952479
-0.00276656454753034 -0.0491064231138638 0.632928519989456 -0.50359403360374
0.0158263703854547 0.0216485188779486 0.842579823248301 0.418919647081211
-0.0308148706761573 0.0205459116619034 0.0789462390444702 0.712870338123318
-0.0342068178301575 0.00420050361924978 0.0705178357374898 0.0842574656496056
0.00302022701188494 0.0127179152182721 0.0592327476660746 -0.698502681454345
0.00958826148274136 0.0052128408676901 -0.801285285047392 -0.619532339989651
-0.0176772459639417 -0.0162299305996751 -0.803678037601246 0.48376961757746
-0.0471180730391964 0.00645914029373293 0.175309883913203 0.686844583002288
-0.00982449743259639 0.0180877957861604 0.464513193570419 0.109271565185132
0.00490144907160476 -0.00784908738345296 0.169215954921426 -0.153742506412027
0.001154153087951 -0.00676103341435013 -0.166758051381759 -0.131751901084358
0.0142464838560762 -0.0063857417801123 0.144857846095724 0.107587178342257
-0.0136705773786191 0.00353497018572371 -0.0974958812696419 0.112685803283023
-0.018848221821153 -0.00717619574293897 -0.454101659123704 -0.077280498091547
-0.03193279186091 -0.0342131972022232 -0.200674594512498 -0.559339609186842
-0.00243780063250436 -0.0508039704846616 0.616162949689097 -0.5184109976864
0.0167675400135044 0.0198529770894825 0.845427759630392 0.400660359704427
-0.0308101760588208 0.0188176682320288 0.0878739408911154 0.712633316770165
-0.0346067636627525 0.0025926355863869 0.0666473496670027 0.0925404177728441
0.00227025184763247 0.01236854826335 0.0701725437946802 -0.69500916586357
0.00950321157660948 0.00407443304706349 -0.793191310029527 -0.636237954784479
-0.0156191742609893 -0.0189215104798047 -0.820905296954189 0.463136310398675
-0.0453366239147539 0.00462876391539145 0.160124510150872 0.689943060755465
-0.00939051616365973 0.0207079005834001 0.463377888348403 0.114168362764191
0.00506049918083973 -0.00472567436219327 0.173682320868441 -0.153422670270862
-0.00131730467785293 -0.00328517423403062 -0.165457518152939 -0.13327928223793
0.013071050790559 -0.00303295925685754 0.145434615447829 0.107590131838751
-0.0138028557852639 0.00616807807040993 -0.0935943398668345 0.11317388498995
-0.0180738956513444 -0.00601112171777788 -0.453252189664087 -0.0741648645454347
-0.0290705313702607 -0.0340333918091896 -0.210540504760613 -0.55885615820326
-0.000826425201022463 -0.0514825850882468 0.60536904621926 -0.523220422870815
0.0161159595038535 0.0189880002349659 0.847399401052497 0.389531649742114
-0.0298954935078615 0.0153389228765942 0.0907996226388264 0.714128994145445
-0.0331021744466763 -0.00282198740372939 0.0630712444744325 0.0973435498385184
0.00144380229306789 0.00684844356352841 0.0728115107172902 -0.689938875507788
0.010465988503537 0.00379430172331946 -0.787078081797775 -0.649547760099668
-0.0118567875350669 -0.020511322983011 -0.832645625582888 0.447663801189185
-0.041695063579658 0.00418617696027931 0.151001422031716 0.688815917376487
-0.0103979711998008 0.0232391908321027 0.463443463763074 0.116376466591569
0.00377391302743575 -0.0008007409581665 0.175891885138822 -0.154703522144814
-0.00289407315482089 0.000821740860917181 -0.163074866818992 -0.134828602840086
0.0116494771816272 0.000709935932343577 0.144914149299191 0.107712903729887
-0.0152282575188827 0.00912137216901899 -0.0920100007594231 0.112800580546042
-0.017598304555444 -0.00344770505052319 -0.453644191040862 -0.0746036935439555
-0.0255612390879158 -0.0347258600827757 -0.214502891697076 -0.559789247608525
0.00245700482304162 -0.0533251699268181 0.598667924284839 -0.528553958351212
0.0178012002648128 0.0165762043094312 0.847108405785973 0.382731459885649
-0.0293216579298336 0.00952154003287523 0.0924306369469867 0.715884613201361
-0.030358129708375 -0.00807389800094842 0.0601228614138144 0.100726581028993
0.00303491758739397 0.003650314424854 0.073921069511111 -0.687649498964551
0.0123397064393087 0.00315425051778813 -0.786150883375266 -0.655306098859301
-0.00841130945892707 -0.0200990574259747 -0.83789660935494 0.443418453369508
-0.0392656761838462 0.00446724465099659 0.144405744179233 0.689205803320018
-0.0108841041742057 0.0266148669241221 0.463973389142619 0.117459990370671
0.000790382030595851 0.00186642161998932 0.178901820328046 -0.154624404081519
-0.00478534657231885 0.00485969849877414 -0.160682235295979 -0.135720656836027
0.010761613500758 0.00350331124971295 0.145761493375534 0.108933012863637
-0.0161570239098703 0.0113438929674384 -0.0906224160402226 0.113238091429203
-0.0177266435380291 -0.00176010096139996 -0.451196621756323 -0.0767801358701077
-0.0234760293093963 -0.0335066298970361 -0.209677600931522 -0.561946323443315
0.00590783658603251 -0.0539349112940142 0.600335234250552 -0.529348724360945
0.0192245000691252 0.0153962679754137 0.841924486110276 0.388396418239533
-0.0284149075891752 0.00357636202869589 0.0866204878380955 0.71545485330493
-0.0272857985890057 -0.0159573994384817 0.0591174118254941 0.101565839091696
0.005711097201153 -0.00182662282201994 0.0713820325271749 -0.689956088541669
0.0127454607099739 0.00169437014069204 -0.78614933294713 -0.652822834284119
-0.0058457748886721 -0.0189608796639883 -0.835270286767883 0.441617201620392
-0.0363166180762062 0.00572836099096356 0.145714297784053 0.688041535425892
-0.0118230379034828 0.0300572571566042 0.466690358937573 0.115529018532491
-4.28764115193193E-05 0.00554287366550634 0.180865974708073 -0.154358466559136
-0.00598993971079826 0.00698629044013902 -0.161916099416797 -0.135631447675397
0.0103147591200016 0.0063784151633305 0.14426330807264 0.110568049912159
-0.0162093157687051 0.0131068720813344 -0.0909530382708818 0.114463871234682
-0.0186854899598829 0.000232973676883752 -0.447088342525723 -0.0800514471919974
-0.020734801537419 -0.033640406882813 -0.200334312072582 -0.565326550542594
0.00968603064798276 -0.0531699043118056 0.609628820025076 -0.521506954579711
0.021301740703752 0.0138996708813452 0.838279282352911 0.398587778588813
-0.0260826320072927 -0.00126072098301318 0.0822524495309927 0.717655956558318
-0.021831702446445 -0.0211466584540538 0.0593217263137003 0.0996468657672984
0.00868464569071203 -0.00634071168575381 0.0675512607618912 -0.688827864393919
0.0147022884759365 0.00203966089663172 -0.792606047260598 -0.642977127928858
-0.00197819834810639 -0.0170207866650709 -0.82778308028115 0.451927776693263
-0.0345011669962863 0.00900502444963755 0.158171243641451 0.685714032297155
-0.01297976984101 0.0328386827196677 0.468852939253858 0.113518488180883
-0.00140035285802113 0.00688357637264293 0.178117476566023 -0.155020852909622
-0.00686145476070169 0.00918751383745346 -0.16198749040381 -0.133700863001836
0.010026598392294 0.00849377849482672 0.14278130028675 0.112179979823286
-0.0172227283238255 0.0145615302102478 -0.0937690618544638 0.114253939776979
-0.0185226812120628 0.00128530450362016 -0.444603610441965 -0.0827069089727961
-0.0177804805282878 -0.0322618716282768 -0.184981344344195 -0.566624841130057
0.0147876576630783 -0.0522408315838772 0.624920419453329 -0.509359648993809
0.0220208118339956 0.0143923409264479 0.834325841241337 0.41516327442792
-0.0247560927256139 -0.00558936270918201 0.0717481061117087 0.71867745580953
-0.0190276017803806 -0.0250678764659487 0.0610090427243209 0.09360376040134
0.0105136967624758 -0.0105538757441357 0.0575469127673085 -0.691067827888708
0.0174065755038336 0.00150208591038065 -0.800455696110313 -0.626376908252198
-0.000431870313313387 -0.0157244199596804 -0.815301253710469 0.469708923590446
-0.0327616961281001 0.0111237431028159 0.174361832262724 0.684009214399594
-0.0130206516541762 0.0340294992295948 0.470228571135494 0.108587055974193
-0.000552707474203169 0.00789046438117202 0.174124739963671 -0.154528599002252
-0.00869213964268452 0.0114619313974949 -0.162313816790678 -0.133423950959303
0.0166110043906992 -0.0107955901136792 0.141187226387567 0.11060664162434
-0.0123832465306711 0.00184486190275972 -0.10653474733392 0.116567908597976
-0.0184707789126418 -0.00932723538078239 -0.455194795876973 -0.0766795533493956
-0.0344815198256055 -0.0331213116497272 -0.178931691015127 -0.564124202106854
-0.00170067069391469 -0.0475281695689796 0.647872131966658 -0.49830560373947
0.0162585765853468 0.0218633206898672 0.84785308958818 0.430076977876266
-0.0286769827669294 0.020186143662626 0.0801617976528868 0.713306349266247
-0.0341729079763577 0.00419115269565897 0.0751800498315101 0.0749051471639167
0.00459113953021464 0.012353423748137 0.0429389418515516 -0.70730462446259
0.010830645987765 0.0054213895802824 -0.821661533238849 -0.58920730665276
-0.0190683055015791 -0.0127114960881806 -0.786322733167058 0.514510515475315
-0.0492331335042362 0.011084027143938 0.20723646461429 0.687043175071355
-0.00997061033762916 0.0191061975672679 0.472807580541813 0.0988142029230807
0.00539327980184194 -0.00901022460769586 0.16455811345986 -0.156561937264621
0.000851415297229416 -0.00846620106504809 -0.170343359281207 -0.127888522314719
0.0155876203496535 -0.00962831430870502 0.143595912811589 0.108174504325898
-0.0121231454420617 0.00363435880658377 -0.100691029966242 0.115346897645442
-0.0184173180198624 -0.0085979169272391 -0.455142620368492 -0.0729230103101275
-0.0342357008623475 -0.0342190608729134 -0.19558299320155 -0.562024984834251
-0.00350627090604796 -0.0485250056184003 0.628564707219463 -0.515466094172598
0.0163284012614965 0.0208975546567156 0.851558281928529 0.408262137620802
-0.0304102785703618 0.0208657610289479 0.0906570299842621 0.71313178731361
-0.0360480709936728 0.00443882127025914 0.0724549513988656 0.083569184963055
0.00305119799066412 0.0128505664053169 0.0519425805532804 -0.703686749376402
0.0104153464624739 0.00474076531108542 -0.813969623882385 -0.611910042857267
-0.0190420399150519 -0.0167746519327696 -0.802119964385291 0.496484486606616
-0.0488426197472873 0.00790142428461188 0.187624660681426 0.690476464810407
-0.00831600548494733 0.0196371101473979 0.470491566661217 0.102564238107913
0.00509890658464058 -0.00710065984065789 0.168423571309372 -0.157228893749351
-0.000191246213002797 -0.00592966252928561 -0.168672641801174 -0.130391227511571
0.0138638172512045 -0.00702760660480879 0.145864746151058 0.106488426454614
-0.0135310665279938 0.00490206603101846 -0.0970299107404735 0.114626662064939
-0.0190420718498394 -0.00805821546324062 -0.457932130095761 -0.0709722374420995
-0.0332122499868688 -0.0341444592132424 -0.210579610533212 -0.559788870677662
-0.00299622823952803 -0.0502584108382539 0.612439030568386 -0.529803534856971
0.0164116253705026 0.0218306955465975 0.855958099849668 0.391344913117755
-0.0312994239510352 0.0187810250931014 0.0960540825049405 0.714310643041009
-0.0358215275173199 0.00220743792739379 0.0672416420435074 0.0905639874501736
0.00197184190341811 0.0117496749837955 0.0612507760710729 -0.698867412702779
0.00873905883931529 0.00368325264403203 -0.807563627990032 -0.628622541746254
-0.0163560648119583 -0.0197855201062526 -0.819494182114447 0.476392337155221
-0.0457383730660971 0.00538943045651118 0.16985533819187 0.691912689337363
-0.00946761563293744 0.0206353503376625 0.468593312707604 0.108002179664824
0.004465165297577 -0.00553011400863968 0.172548526466639 -0.157163468130673
-0.00102676854513372 -0.00336121955686087 -0.167267995544648 -0.131803000450698
0.0117422899257769 -0.00423767848007669 0.147158804133126 0.105524362332663
-0.0141363418095935 0.00692940014155278 -0.0931438965329256 0.113714883806069
-0.0182771391522967 -0.00551397469347147 -0.456616354783835 -0.0666207907324648
-0.0299437735349579 -0.0348198459890425 -0.219083929617401 -0.558845443583665
-0.00200688040263133 -0.0519067540020929 0.600670526657162 -0.535433445775203
0.0158534221118383 0.0186600189245197 0.854532446965432 0.377529361829713
-0.0307839378978193 0.015282677664357 0.101220334966807 0.715329316481179
-0.0339336348082484 -0.00220281315359444 0.0645480638129515 0.0984653182546972
0.00213043683807836 0.00761393839372445 0.0634525751566809 -0.69532817099337
0.0100101917874142 0.00300635163714491 -0.800367385403725 -0.643730308348842
-0.0110316121323999 -0.0202761616218236 -0.831263125458101 0.462709673390238
-0.0430336797941282 0.00439149630072137 0.158615560658553 0.692977712963588
-0.0102917023963261 0.0223577676128059 0.466559807236227 0.110276479074613
0.0015240383722975 -0.00162268035728177 0.176500617568049 -0.157151597419218
-0.00269157231158789 0.00150071297745139 -0.165644039052519 -0.132957133600292
0.0123093107753316 -0.000235137868018944 0.147113811918545 0.105875324836391
-0.0146991673112329 0.0097808817190311 -0.0922323763619029 0.114131108043198
-0.0183927658958248 -0.00302757578575039 -0.456335026174322 -0.0679260495573733
-0.0275498617268174 -0.03479084851185 -0.223577751826429 -0.557629003329032
0.00156028417448897 -0.0531719822151705 0.595534769193265 -0.539767164285492
0.0168617166145959 0.0170225989301223 0.855543067045365 0.375543040856398
-0.0301502823594202 0.0105794323419725 0.101488646627698 0.717462377419874
-0.0309551966178691 -0.0085378546461465 0.0620466202426024 0.101109984516667
0.00295661374419001 0.00300052983306043 0.0659451478278058 -0.692843971961496
0.0115947111567901 0.002897201277702 -0.800253887711718 -0.648304618461109
-0.00932344014608504 -0.020329568440001 -0.835854647495288 0.457027104714863
-0.0400253932571839 0.00521889366823821 0.15537410381379 0.687524018045361
-0.0114486424542408 0.0267103796782169 0.470022611567866 0.109706813630987
0.00104446789196938 0.00178685721730325 0.17854524283158 -0.159571239565055
-0.0035228593602543 0.00548231000054912 -0.16437084924069 -0.133543577745828
0.0110988831503546 0.0033124767974784 0.147064861113497 0.10715186300776
-0.0156578945133621 0.0124429489555268 -0.0890833506107393 0.11755590779109
-0.0180795106002387 -0.00159968665655005 -0.454347516738773 -0.0689376444341866
-0.0247849985028489 -0.0331462248067223 -0.220028045274729 -0.562460839741912
0.00461284991208965 -0.0548983891987801 0.596544351638445 -0.539279353076799
0.0189007395825696 0.0152115648993968 0.852666682608398 0.375983747045429
-0.028679328490709 0.00372286676831502 0.0971675251495973 0.717544358113636
-0.026517087936428 -0.0156144960863884 0.0602853819281613 0.101634492187772
0.00471553182367928 -0.00268637652552315 0.0635102263760699 -0.69226120224098
0.0133383130801561 0.00191127252006849 -0.801278182460933 -0.648179043430656
-0.00488248000755864 -0.0187433759079034 -0.834125495030495 0.457291593753377
-0.0369407701332165 0.00673557500552139 0.157366840932241 0.690183583985389
-0.0116631026418018 0.0299982422773206 0.470231404132096 0.109914876360741
-0.000645608378116017 0.00498512768741153 0.178476010442851 -0.157444380887451
-0.00624181371733266 0.00858691308132107 -0.163777960273888 -0.13344887559736
0.0106638544808958 0.005676809860898 0.145931820181475 0.109413999057391
-0.0167119595094009 0.0141509657627858 -0.0917820417939195 0.115301091255292
-0.0183274397663383 0.000563888558749376 -0.450669913988362 -0.0717059346769149
-0.0210080337289887 -0.0333385319781121 -0.209370865375371 -0.564190518353442
0.00898155028750267 -0.0541070369729658 0.605946609047539 -0.532219590165232
0.0203951052358823 0.014264062538456 0.849196249953847 0.389387976436847
-0.0281056066686837 -0.000526155352570969 0.0912644171275045 0.718103046197869
-0.0234463024578981 -0.0215230159710042 0.0606349329118473 0.0986901372557638
0.00799674009456021 -0.00770092544419371 0.0575068298894437 -0.692720300953897
0.0156674831059341 0.000461366938072076 -0.805696996497002 -0.636891397942401
-0.00227341396723762 -0.0164517986859097 -0.827273617368318 0.465624186985784
-0.03536495191574 0.0100829213851186 0.170251278227366 0.686383603489017
-0.0121084417752667 0.0332972237281316 0.472968326090592 0.106671430546946
-0.00142423155816332 0.00729820882633837 0.177945641342228 -0.158091543568075
-0.00791694249267577 0.0102897220584904 -0.163589542662089 -0.132661912224225
0.010442183517309 0.00858989234947669 0.144621152793948 0.109923341436617
-0.0176974029339539 0.0156154834070205 -0.0930158765318683 0.116987333710531
-0.0185488172380257 0.00241560682452607 -0.447249432512032 -0.0770668339865253
-0.0191176765226187 -0.0327841995688434 -0.192897438268321 -0.566463495840949
0.0135737674414719 -0.0518656174403389 0.621180485018418 -0.52120136611553
0.0208055241848134 0.0152250561149677 0.845953021336679 0.406094090492937
-0.0248096652041124 -0.00613149581911932 0.0809685146352865 0.720140217523489
-0.0184621629516208 -0.0265989754591429 0.0597381790060969 0.0921404510352313
0.0105313873650862 -0.0110058898498412 0.0501984139994165 -0.695474182765017
0.0166025373074063 0.000778599457378126 -0.813243106115851 -0.620241778825882
-0.000172960989939318 -0.0149364040919706 -0.812764593350316 0.48314296124833
-0.0343254443882042 0.0119445121552561 0.185176831495725 0.684128589087954
-0.0112211239306913 0.0337586009445538 0.474504717514203 0.103517973041457
-0.00301416678162884 0.00761981946608992 0.175547283773994 -0.15783630796469
-0.00800372358249839 0.011104510714647 -0.165112058193357 -0.131085720801912
0.0195595324414315 -0.00465439624765732 0.0729745643523325 0.164757759896206
-0.0101773219761821 -0.00409519452643538 -0.149949553882073 0.051106124358297
-0.00785667937232225 -0.0121652598461633 -0.364032483785188 -0.283864374423029
-0.0189353953282994 -0.0385512650279045 0.108490531459436 -0.583469244543534
0.0104206324730379 -0.0468715660377533 0.808221856562726 -0.132001612100541
0.00718660015199197 0.0207622162518631 0.536967546692582 0.787017341117217
-0.0333639356707333 0.00968541583970238 -0.271062332382029 0.663305170365904
-0.0324766651758226 -0.0121675820424796 0.0305820870723117 0.101927066269548
-0.00536193633785617 0.00989133586846408 0.367054022128749 -0.601855226321863
-0.000481718470343739 0.00938334132114367 -0.441877624735454 -0.898224307696628
-0.0126869299603901 -0.015898013594454 -0.930019290163409 0.0808472828656796
-0.0410160558029245 -0.00296572078511637 -0.148792589309221 0.699765446369474
-0.0131694083656622 0.0142531626973877 0.368377763807286 0.318730103716588
0.0105513722946057 -0.00715525123062462 0.224225085655876 -0.0571415220995942
0.00467391154962121 -0.0054142917337211 -0.0837739480822505 -0.200319653031461
0.0176012491848386 -0.0032633747641054 0.0762251405807316 0.164712815573542
-0.0110280859531289 -0.00407732051463529 -0.145940393885943 0.0531690210146855
-0.00940362972672638 -0.0114862002544761 -0.367044483515029 -0.282132588023427
-0.0188120353014717 -0.0390220603425658 0.092428487929721 -0.590682628816415
0.00952517417400852 -0.0484780375363763 0.799530734651893 -0.154831514394459
0.00658856235569096 0.0199597029764051 0.549263370083573 0.771267552304011
-0.0351632775493091 0.00966675600330832 -0.265743692806597 0.668878493453246
-0.0337080221491282 -0.0126643921710106 0.0236353715182416 0.107784552821352
-0.00737932545252826 0.00876042326884922 0.371717251914324 -0.593009158760377
-0.000781161685824441 0.00862841066651922 -0.426457738717434 -0.912422695819267
-0.0111203081780179 -0.0184670568915212 -0.937216915854392 0.0573379226764418
-0.0388597108050915 -0.00642080041980555 -0.167797254568626 0.692410478359121
-0.0127365016886176 0.0142591017482998 0.36266338072494 0.319378407576376
0.00971806334322347 -0.00610057048452797 0.228235926197112 -0.0547832876655171
0.00303565340804135 -0.00483764543865359 -0.0819703675647081 -0.201114050565344
0.0154033928112718 -0.00237069330648725 0.0785860577740097 0.1643447539367
-0.0124395567848572 -0.00194759645537544 -0.141123307053747 0.0550794905106265
-0.0093613324007501 -0.0101496355420826 -0.36982865980148 -0.279304285388603
-0.0163417447096561 -0.0386695489416761 0.0774623838334294 -0.59667049421161
0.0103925986265604 -0.0497574448932896 0.791019527645638 -0.175280448120819
0.0074587879667013 0.0189922291305568 0.563178915478824 0.757366097171994
-0.0350929104942647 0.00766591394042333 -0.256836976371851 0.67415588335861
-0.0330567841878013 -0.0153813419235722 0.0162833330718196 0.111993659023969
-0.00742088499113806 0.00687766529703504 0.378495946572803 -0.586919750799461
-0.0018822043021031 0.00709115005729247 -0.408948403016398 -0.92543988485975
-0.00754831197600249 -0.0192452331921164 -0.942253519222468 0.0310515390795041
-0.0361617150651627 -0.00727113346733164 -0.183808159495597 0.68524385752837
-0.0137838074810612 0.0156142523636111 0.360387483459364 0.324417276876206
0.00913241174359482 -0.00399433860999814 0.232538517253809 -0.0527131332826972
2.46437299113045E-05 -0.00266401002274452 -0.079636886702585 -0.201425799232885
0.0131168925712097 -6.95768395042197E-05 0.0801391088346429 0.164946133288542
-0.0143850002082696 -0.000451913560869799 -0.138236160493579 0.0563424130083204
-0.0102720554777072 -0.00838958951875473 -0.371394381576734 -0.278151849855485
-0.0145342298552262 -0.0379168809814515 0.0692441767337687 -0.599965480600541
0.0130171159732267 -0.0502560211879274 0.785005820084255 -0.186329757253133
0.00845876522712184 0.0182716565874135 0.567004320220241 0.747198849381502
-0.0331150876573327 0.00425254308993845 -0.25626082798312 0.676128000416971
-0.0290208730249018 -0.018346659415016 0.0109592418418804 0.115260037291418
-0.005733035086812 0.00403096268645635 0.380933182737023 -0.579831328296781
-0.000183232512544783 0.00727024161873729 -0.398307660296458 -0.934140095679733
-0.00452833409206546 -0.0185774158087327 -0.947467828522989 0.0125489927573526
-0.0330587317439854 -0.00636400277747478 -0.19239415053312 0.681331214668341
-0.0150784002631492 0.0180106621685535 0.357866817297107 0.32586717821999
0.0059571147384766 -0.00205085579742027 0.235868220296209 -0.0514277703809782
-0.00349612331733467 0.000124909764045772 -0.077190198389264 -0.202138123549278
0.00985230158092219 0.00296268571497673 0.0802675160509779 0.166100616704003
-0.0156206445527055 0.0022115333669167 -0.136566470775329 0.0573986006665411
-0.0112158083759872 -0.0068140575089345 -0.369842922207994 -0.277299366201049
-0.0118457089357667 -0.0368755877033884 0.0673662852246791 -0.603028905546806
0.0164294411400001 -0.0503569759721606 0.781865677768196 -0.193716889984702
0.0107251958189611 0.0170153448593026 0.569832854190381 0.742422867398245
-0.0298700219384032 0.000746311998748448 -0.254863456153842 0.67752116611477
-0.0230300126585824 -0.0224694854141047 0.00651731866570988 0.117137171024788
-0.00207411253011017 -0.000141686122667978 0.379165890930265 -0.579686810369785
0.00127350026412936 0.00708599975800243 -0.395083195895331 -0.937471396381686
-0.00111892717643987 -0.0168848562427926 -0.948157161127219 0.00533746033972486
-0.0313346253876795 -0.00453212240022911 -0.195199581028715 0.678255549371227
-0.0179178310716117 0.0203148880931246 0.358834463737806 0.326764397466202
0.00224670970834441 -0.000151737007451913 0.237813880361095 -0.0506908732442033
-0.00744559212644368 0.0019419495503912 -0.0750419154773599 -0.200975988362174
0.00774592022797619 0.00522928216531861 0.0789510839871792 0.166963492583575
-0.0183007844729755 0.00334472297419408 -0.135404908376898 0.0580899658978254
-0.0120739450427308 -0.00501233293302897 -0.367557951401881 -0.277965525870557
-0.00881946532524611 -0.0343290677940848 0.0726832219944253 -0.601573087294837
0.0194640947932501 -0.0488694458020578 0.783089404227904 -0.193042365466158
0.012626913658006 0.0155651173282241 0.565914313094792 0.744789943636216
-0.0252482653900617 -0.00416288404588325 -0.260666901465289 0.674779706764039
-0.0165482695206728 -0.0264074237640307 0.00517381497849285 0.117148065382404
0.00150947759703235 -0.00362208375037067 0.378086895015087 -0.578072631877828
0.00329436023390065 0.00778567088491343 -0.397447372492775 -0.935797165946228
0.00131892617538982 -0.0141514550615351 -0.947331867861023 0.00655060885025642
-0.0293679178049896 -0.00179356462219184 -0.194649287771702 0.679270770118043
-0.0205290431564988 0.0223723716370128 0.361048869235386 0.328258986826367
-2.19636215607888E-05 0.00199994499297353 0.237837292102765 -0.0500021438497934
-0.0106643010143766 0.0050906544302639 -0.075385144425251 -0.201498482325629
0.00624005483962106 0.00786411543508121 0.077155641930651 0.167130430594599
-0.0200187707107537 0.0047941191905762 -0.136626771798283 0.0578611285554855
-0.0131992047300378 -0.0034674999724682 -0.363634539199478 -0.278865263102443
-0.00738710073941284 -0.0322522103839438 0.0823334251766751 -0.60091545068444
0.0228406151272363 -0.0460547672202993 0.787464485073049 -0.182954252086413
0.014236581678365 0.0163453789049368 0.557610663834509 0.751891034332588
-0.0214679657756764 -0.00762617547794052 -0.265648030379957 0.672910340413699
-0.010244900749458 -0.0296667743738004 0.00596767691111457 0.114164910089536
0.005898990102329 -0.00626209969841327 0.374478543974487 -0.580488132695555
0.00540625924036049 0.00812097190330825 -0.406838891031853 -0.929224511834073
0.0030881454059055 -0.011223647749743 -0.943495659527861 0.0199417234480912
-0.0286424185761828 0.00166685565710295 -0.182819311617608 0.68258581675522
-0.0216712514732587 0.024560470636939 0.364246595127733 0.325816247661545
-0.0024135751955181 0.0035612494453542 0.236238693017697 -0.0521351534608932
-0.012592827298 0.00634674636524751 -0.0755779964958433 -0.200683938366733
0.0053897156420637 0.00882070419068175 0.075163319278456 0.16813826451107
-0.0214815758753267 0.00569625752769269 -0.138560086112261 0.057828611116693
-0.0150242699452489 -0.00203809194145121 -0.358574712394827 -0.280941421868834
-0.00604444722268567 -0.0307462651972992 0.0976380760292846 -0.594408085072444
0.0257107545641498 -0.0435033683001298 0.794373235972528 -0.164259313789895
0.01493553160647 0.0164948866194919 0.545476190454674 0.763740368832634
-0.0175797484538147 -0.0112089572102336 -0.275119481323078 0.671045941362474
-0.00421379149437907 -0.033054604500622 0.0100679944075056 0.110486488468862
0.00991433416017353 -0.00896739692661979 0.366634946856419 -0.587658489092656
0.00741099636785256 0.0091207450317248 -0.422038931932943 -0.919351262243021
0.00430714491735639 -0.00911447256318473 -0.941977264373661 0.039510171551307
-0.0275453364354123 0.0032588140921153 -0.167814619730387 0.687899859514733
-0.0227801894301463 0.026100969768965 0.368946577233537 0.324567959522832
-0.00301481236539906 0.0033968075763615 0.234508262536656 -0.0526566673281576
-0.0123849465208241 0.00675009748753957 -0.0776545829294591 -0.20086182024725
0.0192849935794125 -0.0049858290555273 0.0761648103588955 0.163833712896135
-0.0099155363440482 -0.00392484210361643 -0.150097181774357 0.0541500771862719
-0.00875361499738119 -0.0127646050756344 -0.369930724106642 -0.278540169208748
-0.0196576604066919 -0.0393699714085101 0.100752538489427 -0.588098070923937
0.00940909007163812 -0.0470329797204983 0.80893747230764 -0.145023155333876
0.00692659269971027 0.0207693796363353 0.54909651341652 0.779976621725662
-0.0343619727809389 0.00973831762553017 -0.262298688575903 0.669256960267911
-0.0330098782403549 -0.0121673891803168 0.0320253060977286 0.101610567126526
-0.0059055012631196 0.00982184247241846 0.359178700944132 -0.606962066074949
0.000547218132544169 0.00871226489100451 -0.456342161962558 -0.893768563698752
-0.0132305517747667 -0.0157706275260237 -0.93043935633247 0.0940984811665937
-0.0411360835083406 -0.00288588787112358 -0.138187240493069 0.703041920563135
-0.0127630817723347 0.0144165855615428 0.374445962419127 0.312857208789313
0.00955508588698872 -0.00738159712297119 0.224546063069917 -0.0602899633228371
0.00440070389451053 -0.00509918877275306 -0.0866562570492837 -0.199147811989796
0.0174078012561761 -0.00469165922324489 0.0778776595317918 0.163599698062517
-0.0116790708701209 -0.00244299141398183 -0.145533584952671 0.0547561451193047
-0.00999588418646512 -0.0110885871974226 -0.37273317127022 -0.275490123752527
-0.0196619073657926 -0.0394703032156683 0.0835993118917766 -0.59397041195166
0.00877177212150146 -0.0486686688068008 0.799380275840801 -0.167497513682673
0.00715441739339566 0.0212183692648494 0.563139894792367 0.763818450116377
-0.0363147309647591 0.00951972288069284 -0.255500013070906 0.673472299476599
-0.0355322551275408 -0.012444792562378 0.0249205844729343 0.107370888817179
-0.0073795047147128 0.00842196551548138 0.365776421223474 -0.598617211413598
-0.0004951449381746 0.00822280328949377 -0.441346402937847 -0.907410555011974
-0.0106999391546045 -0.0173797932806821 -0.939067476488651 0.0725014053304314
-0.0387891850257653 -0.00560631202479717 -0.157341634501489 0.696874539531767
-0.0131198207986165 0.0142233316758456 0.369352211836416 0.314795488232082
0.00929066690132803 -0.00611471925395699 0.2282982409495 -0.0578985872362377
0.00237625372200731 -0.00442068613512036 -0.0846349749242602 -0.199294076115544
0.0154151083643263 -0.00251002333855279 0.0807075897487187 0.163407216728761
-0.01274403941504 -0.00121526063761975 -0.140769235166357 0.0562976568159762
-0.0101710726516339 -0.0102993160313808 -0.37547087162688 -0.274267318961211
-0.0183872441341386 -0.0388556065400775 0.0708361954781503 -0.600141315417764
0.00937330986384775 -0.0496494167229354 0.789916714664647 -0.187394466492675
0.00699530591298393 0.0187190224217634 0.575732765715471 0.749054071554449
-0.035148455934197 0.00876250678506491 -0.249360794587325 0.678776899892893
-0.0337034950326513 -0.0148117523658202 0.018094023433716 0.111854573877165
-0.00783766208744069 0.00585466213544241 0.371406178610403 -0.591048042572012
-0.000227816263529211 0.00763969361038056 -0.424776018388015 -0.920530964047797
-0.00745141251266419 -0.0193515081446292 -0.943749409864312 0.0459903134394861
-0.0364599523903233 -0.00680734894709521 -0.173271905785907 0.690615771972823
-0.0141058144733378 0.0157820503231861 0.366679493245973 0.318928076471804
0.00784394712876068 -0.00450245819409072 0.232947370223996 -0.056304314224985
-0.000667105629334717 -0.00209355311968376 -0.0813164460768838 -0.200764860291748
0.0127135647188736 0.000288082894837409 0.0819207700353374 0.163449590621982
-0.0144827042329571 0.000565253326854474 -0.137582344429516 0.0577280570096272
-0.0112229066927524 -0.00819927189240978 -0.376608271937259 -0.270930160830096
-0.0145845559606854 -0.0381986729617504 0.0600223961900822 -0.603887994730478
0.0130984975358161 -0.0503439596863681 0.783600843566175 -0.200691496995929
0.0084234146099245 0.0178275088233221 0.580372348988682 0.738540033263283
-0.0338473929419353 0.00448348497749081 -0.248595181776078 0.680242180324295
-0.0298426209798406 -0.0182998402897152 0.0124931181472555 0.116036814920239
-0.0065338072886869 0.00294662310528821 0.372467087190795 -0.587153842961855
0.00030638411511897 0.00662062142438626 -0.412275196238382 -0.930191499564265
-0.00464419372737721 -0.0188406310357011 -0.949376009343879 0.0277441536458671
-0.0337362096430487 -0.00604287818771222 -0.182511166425663 0.684689330697483
-0.0149388089526955 0.0179863944000567 0.364826727091964 0.320796715150658
0.00503486136416109 -0.00197133514878283 0.236677836508037 -0.0540369470210475
-0.00411687693577365 7.31862254758006E-05 -0.079256793455048 -0.200803229007568
0.0105070515911633 0.00275289362556766 0.0830174296084861 0.163481895977174
-0.0170594351540983 0.002015972805144 -0.13612238351065 0.0589249575661347
-0.0116061293877931 -0.00719861679195054 -0.37612509631783 -0.271083117233859
-0.0127453474525618 -0.0373498231374667 0.0584982971809049 -0.604082611181794
0.014964097197027 -0.0505146406000788 0.779769010550753 -0.205235402774538
0.0103027692567569 0.0166755159158803 0.583319155561835 0.734959308331092
-0.0304133990394902 -8.72149662687893E-05 -0.2474769920009 0.681565279504953
-0.0241082681282967 -0.0223997504322668 0.00828528065969505 0.117644357886111
-0.00346177599794299 -0.000707253171521861 0.374114954949495 -0.585033825695753
0.00164572981646251 0.00651259088470693 -0.41021443163751 -0.93507604362014
-0.00127676065381267 -0.0164767789157138 -0.947843566807636 0.0224910879254727
-0.0317472413124769 -0.00413859005617097 -0.183973054198594 0.683431257814973
-0.0174519452434329 0.0204121967669753 0.365620097105048 0.322638367984185
0.00227019573732678 9.65064697461618E-05 0.237922996270863 -0.054381686908419
-0.00734703888127061 0.00279341771299801 -0.0774657778830479 -0.200756439903345
0.00777907642223049 0.00550685503053263 0.0814208760991553 0.165362857633178
-0.0187640295712217 0.00372376325633723 -0.135285612728523 0.0594098109748395
-0.0130498080446034 -0.00444913320882445 -0.373408694146162 -0.271812917525467
-0.0101634415178135 -0.0352847394405595 0.0624128832287902 -0.604276635001827
0.0188685176757985 -0.0495389653381518 0.78175618179957 -0.205534499181353
0.0123618243586179 0.0165443942599773 0.577386017650107 0.737255646645219
-0.0268303547301854 -0.00323864682449019 -0.251263544515249 0.680990144713603
-0.0181075209187747 -0.0272266831493473 0.00641353424884244 0.117878721538886
0.00166586375717815 -0.00432732182987026 0.370982996337258 -0.584137285527191
0.00329100160452305 0.00711166937366886 -0.412528225586595 -0.932679664887973
0.00131869035770978 -0.0139097964834538 -0.949545583066845 0.0212352127706434
-0.0301956210554746 -0.00111841580836529 -0.184329327416472 0.683707686612668
-0.0193406987430199 0.0229202009730428 0.367299152141806 0.322349242796422
-0.000717213019147619 0.00154310653483538 0.238182865819641 -0.0534912185697823
-0.0106229301167904 0.00574441287949361 -0.0781073923209353 -0.200697827552658
0.00632852464976852 0.00796662145968679 0.0796888454590526 0.165725123794393
-0.0203401816900821 0.00617619585184552 -0.136436197414073 0.0595574543288151
-0.0141111496457456 -0.00317708962593368 -0.368980542337695 -0.27275564630023
-0.0079691001980624 -0.0335421810946923 0.0717408060849078 -0.603818941352764
0.0224439470284454 -0.046633875716607 0.78659680272954 -0.194272211944065
0.0136159432759777 0.0159071108953905 0.569816080752152 0.744001548067742
-0.0220359001555054 -0.00836474436844966 -0.258093086683892 0.6781092065282
-0.0111640786079705 -0.0309549003149212 0.00792422431740907 0.115041210112318
0.00548113947714274 -0.00718058559566859 0.367326179549775 -0.587790341291563
0.00556393619928808 0.00746366356837436 -0.420337860291706 -0.924716506585924
0.00385989273647075 -0.0110714924374189 -0.947361695177571 0.0335077988350337
-0.0285768238147208 0.00106859261708038 -0.172688173022951 0.686398438061573
-0.0216592832209177 0.0254419027077807 0.371475876172755 0.322170071070501
-0.00301645216859816 0.00309947586711762 0.237217110387213 -0.0542526229491496
-0.0130654459434734 0.00650296870669914 -0.0782005753024208 -0.199624531407348
0.00554776812478959 0.00875559798809596 0.0774283724234339 0.167327428782898
-0.0220075097365167 0.00644156093680259 -0.138862349002059 0.059518102291602
-0.014888876385067 -0.00174902952990733 -0.363952936662682 -0.275114329466776
-0.0062910407466734 -0.0308107308107302 0.0885593618341552 -0.597177371867335
0.0249318776842229 -0.0435098582070101 0.792896369959983 -0.176885577465995
0.015409098350809 0.0166163102368291 0.55851330786974 0.75680328867209
-0.01881383950286 -0.0115009236712883 -0.26588113447973 0.673901815088855
-0.00450928620573188 -0.0327546700040592 0.011097944159103 0.111257273118845
0.00998683169320113 -0.00947763652980755 0.360222880121046 -0.593226903644521
0.00752407754892233 0.00828876360304292 -0.434899147814867 -0.914439218407888
0.0042338883438758 -0.00872869560828794 -0.9439726204107 0.0554043696019652
-0.0287168053919703 0.00479163892504841 -0.156823185548424 0.691761494644437
-0.0223409165551404 0.0262664597155939 0.375150654725246 0.318823856332015
-0.00424607724189308 0.00343919768758797 0.234553329715098 -0.0555268236437709
-0.0136729093175605 0.00751091733101969 -0.0809995636108949 -0.199057647338815
0.0196660071147818 -0.00789167757987748 0.0779226443571756 0.160458376711573
-0.0092373142960348 -0.00211034255769458 -0.150625420023981 0.0589865574594944
-0.00998183790770148 -0.0136923562937172 -0.37684619609573 -0.271455825398087
-0.0195987106649764 -0.0386674780472883 0.0893354098882162 -0.59162248769941
0.00915702934245795 -0.0492551937485719 0.805420302939932 -0.156196885579303
0.00813148620370738 0.0224801136958496 0.563627208333268 0.770310760381828
-0.0357319037752936 0.00811448726671454 -0.253689460671836 0.671959290749091
-0.0310101050870535 -0.0120146079618505 0.034645966307824 0.102667106623465
-0.00476628217810514 0.0104979678718524 0.353605475959729 -0.609237142344493
-0.00138476514095978 0.0102611803068275 -0.468815077554814 -0.889575561726428
-0.0153218923587135 -0.0153288767231323 -0.930707957057496 0.107503842672315
-0.0390870592344837 -0.00144720367542722 -0.129137997804689 0.703692786937806
-0.010637948748746 0.0153143352164122 0.379156479808893 0.309522005197041
0.0113878364937938 -0.0101129487582018 0.225705197321686 -0.0624687554965186
0.00188742248187467 -0.00663203567495642 -0.0921769385072935 -0.196962815625645
0.0189939391484305 -0.00600913668793026 0.0816115918906088 0.165102773181096
-0.0135767247942789 -0.0013506239793708 -0.145298278895542 0.0553571854660424
-0.00752882137459013 -0.0103601394928711 -0.376228633523326 -0.268606706549354
-0.0188804917075485 -0.0406215868132503 0.0772571523166385 -0.594552694637813
0.00985677142918422 -0.0506497366977247 0.796151732724783 -0.179650213242937
0.00893391799882803 0.020970565470427 0.573093663447769 0.754234942928284
-0.0355351166117251 0.00807980727822616 -0.248780731585182 0.673913543629937
-0.0335041175406422 -0.0135265043331463 0.0290021657890774 0.107285069414731
-0.00763682177240503 0.00566312648497451 0.354835179109243 -0.602466053568985
-0.000981601119028997 0.00939611373377339 -0.451900249758466 -0.902642800259464
-0.00922919139293795 -0.0179790950107176 -0.934995786542618 0.0863389359764199
-0.039469823512366 -0.00299060188124434 -0.147648556768601 0.696895758757333
-0.0139365527271745 0.0145778420489995 0.37670918180161 0.310169402927063
0.0090532618559049 -0.0043256929618963 0.231348804704313 -0.0609031048900058
0.00160347350515496 -0.00143561955306051 -0.0890148591502563 -0.19951817264818
0.0157825086734679 -0.00149474357418945 0.0812775276995547 0.16368470673105
-0.0141311598400119 0.00194963099508395 -0.142506472739537 0.0601440640476209
-0.0124613355042262 -0.00953703976519263 -0.381190537405127 -0.265680129672962
-0.0177681879788548 -0.0402977604378659 0.0580717274901854 -0.600135484693417
0.00972711698186369 -0.048117711850257 0.789120653201127 -0.200669383199455
0.00900249077696238 0.0201964644708834 0.587642589326931 0.738846444394343
-0.0363610579829671 0.00561288549496078 -0.240523961812792 0.679069511336922
-0.0316209347407415 -0.015465279475821 0.0181602419139339 0.113800348003502
-0.00601350110501213 0.00752144239617254 0.361568358516974 -0.596739752489729
0.00150585521463213 0.0062141430585737 -0.436048579403216 -0.913337015375226
-0.00723389830384927 -0.0160664240011537 -0.945236781235268 0.061157097178113
-0.0351489242283069 -0.00690767934900188 -0.162948581147113 0.694507429774802
-0.0155403231364387 0.0156458698960383 0.374064136348024 0.315430344145921
0.00569309949317895 -0.00692091714624406 0.231099245602073 -0.0593418855587957
-6.90089447746671E-06 0.000858359696242263 -0.0828061590451235 -0.199572720209261
0.0149391343696825 -0.000663892273474694 0.0816686415015204 0.162850061005334
-0.0155584823606991 0.00320336380008028 -0.136153143842297 0.056418818886685
-0.0131555712248721 -0.00906171945277052 -0.380551846935332 -0.263499991818843
-0.018437520952065 -0.0366083858152738 0.0522984159036359 -0.602137410378166
0.0125315396026745 -0.0509605381262801 0.781956845747407 -0.208415644702998
0.00923178310071494 0.0203340563538227 0.593961351996223 0.730809853086052
-0.0352525392554296 0.00645959569362022 -0.235141258887406 0.681312179555669
-0.0313922599810074 -0.020389430442474 0.0124201596704787 0.114376627942124
-0.00751847978331299 0.00467155238081817 0.364200324147175 -0.590324872175704
0.00231423989097181 0.00814462461134456 -0.425288035003824 -0.923765989683247
-0.00464448946903756 -0.015910073611065 -0.946124175532681 0.0415563525648781
-0.0358498904016216 -0.00610637379406696 -0.172944343444024 0.687919431844297
-0.0170790806204741 0.0170754020164333 0.369999272288688 0.313255119164169
0.0025168033042094 -0.00189223014448886 0.234673726795198 -0.0581193298943353
-0.00650304187416063 -0.000353625198507136 -0.0846065627706964 -0.198457041607515
0.0114690909351387 0.00226890459843856 0.0863698971852836 0.163110155714372
-0.0162577478822951 0.00554373976389975 -0.133685835510181 0.062340118225783
-0.0105579086411086 -0.00652905033725654 -0.37893279816537 -0.265504072101405
-0.0129371241156145 -0.0393467527464818 0.0461042560763543 -0.606555724419694
0.014525549556825 -0.0475097762945957 0.779157947680719 -0.215915839633176
0.0121118015784243 0.0181716397007793 0.590061412048854 0.724697243677583
-0.0330383510124754 -0.000545494254296817 -0.23644556407158 0.685785919951611
-0.0251694099668504 -0.02114411898168 0.0118439015933353 0.118726875514428
-0.00415609008415575 -0.00261789830178028 0.364293158964005 -0.586974394908004
0.00331090439127089 0.0038671700795371 -0.424820066870008 -0.927974553916843
-0.00288287195435843 -0.0179540931594034 -0.952328640243995 0.035974951173956
-0.0332649560076927 -0.00520322870023535 -0.175249413337124 0.683144787358357
-0.0191188018160974 0.0224143208546867 0.373498537896182 0.315192710917475
0.000184821204115615 -5.7452226309599E-05 0.24032253294011 -0.0586819712212431
-0.00764061101564047 0.00131633653382367 -0.0792064457376365 -0.19871761174199
0.00620168347603539 0.00338548828761945 0.0834234150109935 0.166090518506477
-0.0204696929935322 0.00420213464918352 -0.133309797350265 0.0598194774634102
-0.0120851084495846 -0.00599794272430272 -0.377034724277264 -0.265986505335935
-0.00941658812550022 -0.0354545216961589 0.0506362933877266 -0.606838280726807
0.0172859592061165 -0.0514734538075794 0.779551184053161 -0.21901859503665
0.0129966578134905 0.0173145828922424 0.590556812659751 0.730171547075086
-0.0287395705890398 -0.00375308253567316 -0.241378553696631 0.682529824527104
-0.0194448552316136 -0.0255428278031518 0.0105991223070579 0.117810472214526
-0.000218725080900352 -0.00656204279806824 0.360210707474401 -0.58767604788868
0.00111552386086815 0.0080454475965673 -0.427942391626619 -0.927127852991535
-0.00018804424645154 -0.0121685213929968 -0.949743785487524 0.0340551169934122
-0.0311904109658821 0.00118566841249291 -0.16982162904142 0.685772364251789
-0.0200192612100192 0.0261158641584206 0.37123882978369 0.315797210591034
-0.00211007046413302 -0.000187284115811152 0.241287579217992 -0.0565516157336347
-0.00935298558168787 0.0047072881261929 -0.0792261281633077 -0.196980000368225
0.00736147984615695 0.00649840076940822 0.0840150989855548 0.164264033491267
-0.0212839464633346 0.00853032991090015 -0.13779757733511 0.0612424845173168
-0.0128448768176638 -0.00248540138307793 -0.372278269514508 -0.265419881582715
-0.0113808061098689 -0.0316638394229627 0.0623162022233656 -0.604101167299838
0.0201907407945844 -0.0463531141292148 0.784566528531383 -0.206422209259284
0.0125348244146504 0.0150162802881837 0.581650316471307 0.738168228353292
-0.0256372101594279 -0.0081281335069144 -0.250887378069051 0.680999944598484
-0.0114514966168998 -0.0279156960008031 0.0115605477592677 0.115144984839317
0.00337215857647027 -0.00784088194026554 0.358270979602606 -0.593292437298689
0.00491450051926245 0.00615212309112307 -0.435539696588084 -0.922576496276542
0.00439771031417927 -0.00991972399861299 -0.944885301050265 0.0465013526456212
-0.0294417371038743 0.00154931999707109 -0.160427992896421 0.692206787776136
-0.0213086737989874 0.0277888023917019 0.37423196561907 0.316196374700583
-0.00430265594321247 0.00415341692204722 0.23606111942227 -0.0577053763270679
-0.0143716890676276 0.00769251956967007 -0.0811969204584016 -0.201158049288446
0.0045358629250106 0.00587618117658114 0.0807400136939397 0.167981298734222
-0.0200938537915057 0.00803848020532423 -0.136237778901231 0.0600115054196957
-0.0154085693421189 3.05108136532232E-05 -0.367803167717737 -0.270258373259304
-0.00702036111346715 -0.0292224056480027 0.0814187907509104 -0.595700183962583
0.0259752499277639 -0.0423222576187296 0.79121400177906 -0.190024760265054
0.0138572342501585 0.0149348559311469 0.569538235587227 0.745430705775137
-0.0207543404101334 -0.0091096985876545 -0.258568994077413 0.677843304211867
-0.00310264773721169 -0.0317145951630635 0.01538288190868 0.108640310251418
0.00761840484982926 -0.0119329564180867 0.350122077218156 -0.598835152163135
0.00813606513259439 0.0102229687208345 -0.451453768631183 -0.909005747132733
0.00286942868954305 -0.0089320881042236 -0.939064810702409 0.068197484729664
-0.0296282121465443 0.00698442890775764 -0.147091267637168 0.696411939277309
-0.0216911548694087 0.0287983980319847 0.381923335050881 0.315861778072477
-0.00667265693440162 0.00277109647449404 0.23403146369063 -0.0597894358943557
-0.0122241250796064 0.00757297039719792 -0.0855222878244234 -0.19691544030868
0.0182041711910987 -0.00570546951646263 0.0799677630146823 0.16131156098921
-0.0109963456982459 -0.00189180641094409 -0.149196674771699 0.0573293840446918
-0.00937706571544577 -0.0123380828191804 -0.378983499178031 -0.263332091792531
-0.0222803213818088 -0.0389121022909046 0.0809146235511314 -0.590307824328031
0.00753552540776173 -0.0462602129703082 0.803741180985385 -0.167973862155174
0.00679768991223412 0.02105145520798 0.5702507500517 0.763704449906904
-0.035343727486541 0.00935915896775359 -0.24228479542937 0.673588345349003
-0.0332433427332169 -0.0111938191504945 0.0343216449469629 0.100653984861722
-0.00597160807875056 0.00867140148408978 0.341694453470984 -0.615708303728383
0.00102453486904503 0.00910876654007012 -0.482619438520243 -0.880384852605779
-0.013848689205234 -0.0154425745798248 -0.929718849319866 0.12213768802574
-0.0409262904222541 -0.000685919103708167 -0.115961860084894 0.708264603310728
-0.0123212804661849 0.0148880409228544 0.383908140560142 0.301475288309889
0.0088644700582725 -0.00839774931369951 0.225133725572719 -0.0659368605734626
0.0027510033863784 -0.00508090995197804 -0.0923725165474601 -0.19617739090049
0.0171572345575292 -0.00511099742201586 0.0822441027213269 0.16112408594118
-0.0116125345329827 -0.00135268190855026 -0.145268407298029 0.0580022560407381
-0.0104180400660777 -0.0114397042396814 -0.382199554614674 -0.262180883999621
-0.0219732640934853 -0.0391477520739105 0.0659244710497365 -0.594576196356845
0.00703104747411696 -0.0493522180382108 0.793312787063075 -0.190263051807262
0.00673575081201064 0.0206395434359597 0.584378247847096 0.742897572986069
-0.0366499104375154 0.0100205711918174 -0.236333400388364 0.677460377439492
-0.0354163768112964 -0.0123226860569807 0.0281538849005803 0.107201685653416
-0.00814834241600402 0.00803620633419715 0.347956076772843 -0.607592004396765
-0.000649345067379115 0.00754298987161908 -0.465318106496881 -0.896725984897547
-0.0116788253482186 -0.0171807894565243 -0.93488344975018 0.0975362988380627
-0.0399753549831491 -0.00388695966931606 -0.134717765738408 0.700708822453755
-0.0122648271753817 0.0150349838454725 0.377281061900547 0.304460426981705
0.00825670063100025 -0.00732378704135154 0.229671925829624 -0.0640401801626789
0.0014050203319843 -0.00361597728754102 -0.0898065415625463 -0.196858127002468
0.0148584976378235 -0.00335098894100786 0.0851732163044109 0.16070160910514
-0.0132231632929618 0.00102838673407455 -0.140879024878752 0.0599028884570122
-0.0115057261221446 -0.0102840517484121 -0.383787130487278 -0.260833129194466
-0.0203328849609505 -0.0386800073422468 0.0504473405232631 -0.599372798808155
0.00797660459086018 -0.0500587049484527 0.782669746925805 -0.210844123257319
0.00691613970064415 0.0192029768564978 0.595530975261739 0.731032096864535
-0.0363946320761931 0.00886065949931193 -0.228889533924262 0.682749056638127
-0.0340304876816455 -0.014207447812843 0.0212832689100533 0.111964167828772
-0.00813811397302629 0.00575935316521285 0.354555442297181 -0.602474996371706
0.00029314145862356 0.00725603802488663 -0.449307372097116 -0.90802595531163
-0.00813920263040725 -0.0187494849510979 -0.944984944407012 0.0742275383179916
-0.0366035630780409 -0.00493618074652703 -0.152566004897169 0.695501049340729
-0.0131016432542094 0.016287857050593 0.378010171248203 0.307510525749223
0.00656797608228477 -0.00471918681000829 0.232679883852304 -0.0620254788222087
-0.00125194332149992 -0.00106591564312131 -0.0872920647161227 -0.19745643181409
0.0120604035024498 -0.000912926961544286 0.0859865007045511 0.160880226106511
-0.0156713823421224 0.0022257105511808 -0.137189053699169 0.0609840204591449
-0.0120635313773145 -0.00874003176811173 -0.385654625385802 -0.258248306947829
-0.0179155869531584 -0.0379455043486952 0.0405503469464902 -0.604634543444997
0.0104902381167483 -0.0500967699684643 0.776059135238384 -0.220831433636458
0.0079260430364704 0.0177643250003769 0.601359786188056 0.719735527723079
-0.0346615051111561 0.00492666738621858 -0.229152254965309 0.684238170006347
-0.03052925809529 -0.017727469814984 0.0158076358458642 0.116009317971053
-0.00591837865571864 0.00214609528209466 0.355246956962102 -0.596989569115411
0.00152277963280435 0.00624239962080642 -0.439677529384863 -0.9183704104489
-0.00510285166670494 -0.017675063028822 -0.945990893347079 0.0549797487396066
-0.0340940992374375 -0.00517831710682699 -0.161796359389293 0.689819905519676
-0.015237280141136 0.0186966991255606 0.375291655320335 0.310286541079214
0.00386076100900449 -0.00268267855279812 0.236599332422145 -0.0609663269026884
-0.00522496760091464 0.00140073333945192 -0.0852592199339068 -0.197357456384889
0.00940043305575581 0.00208403792344312 0.0867033482977409 0.161660604382282
-0.0173835139324759 0.00403248157710986 -0.135237739522167 0.0625539396564096
-0.0129930812880424 -0.00590908015642616 -0.385232005868475 -0.257417924223901
-0.0147452177645309 -0.0364518838112778 0.0383852047364214 -0.605633904043246
0.0136715383102505 -0.0505376457921535 0.772708188792414 -0.228672972559493
0.00976337748927718 0.0167716527174967 0.604124123688395 0.715533166219741
-0.031735680691062 0.000920633518957277 -0.227846158234667 0.686177142989692
-0.0246858529228012 -0.0221101649177066 0.0112841107395903 0.117045445029031
-0.00307731492570509 -0.000979396457899521 0.356141266318826 -0.593010332715906
0.00215271879122073 0.00556182710407635 -0.436325242469019 -0.922057369220903
-0.00155039028878491 -0.0160042415477154 -0.948754532071068 0.0475877320371412
-0.0315309813708483 -0.00249054653271384 -0.164079050503342 0.687955427959972
-0.0171207920918318 0.0217059681228796 0.375290989820551 0.310564853954943
0.00109039433578894 -0.00122836933857569 0.237936520579694 -0.059645618037179
-0.00886755969588713 0.00462362612501166 -0.0834888832853039 -0.197902904224236
0.00758761054588894 0.00434602511999978 0.0858548663365575 0.162389674189255
-0.0192894957401474 0.00585547456618254 -0.134001562627498 0.0626614421562582
-0.0142315287074795 -0.00484257698592677 -0.381751505059841 -0.258529392390757
-0.0120356341334592 -0.0358324857989031 0.0439950008700373 -0.605743677081799
0.017770760160346 -0.0491293166099327 0.774806155437514 -0.228418562944673
0.0120935922057523 0.0168620202709912 0.599364226324891 0.717537814670511
-0.0283584674179387 -0.00439403754713089 -0.231587935219263 0.684007157637193
-0.0184254558025931 -0.0270666738287234 0.00987544036144113 0.116685904399209
0.00109979573663616 -0.00494117023821612 0.353837316685658 -0.592919617383386
0.00362222401271807 0.00716821000063768 -0.43858248710515 -0.920721044570344
0.000413061834840085 -0.0135071173216327 -0.945774152802844 0.0507547807333511
-0.0300355243521776 -0.000146180577993257 -0.162810516928092 0.689128106100498
-0.0195754593156164 0.0236464219648517 0.378206475155749 0.310755061590975
-0.00188061709806971 0.00158594783333622 0.237536286293984 -0.0598062844211065
-0.0106279386114526 0.00634869699359391 -0.0830974113633228 -0.197708801718497
0.00564698409074037 0.00654425541209741 0.0840987504619902 0.162940895477579
-0.0206370540878488 0.00748967667371822 -0.135452638463456 0.0629061837199218
-0.0146049757074778 -0.0030349338537484 -0.378914849151486 -0.259393217630421
-0.00943213652488758 -0.0327213048066628 0.0547604095946375 -0.603882440782241
0.0208714851349377 -0.0467588255352427 0.781129943798993 -0.21702583970648
0.013408676780564 0.0162620382427861 0.589777924866072 0.725498732842653
-0.0235921577449888 -0.00832315988859928 -0.23776966087715 0.684349579944525
-0.0117376968014451 -0.03056846769727 0.0113893965472692 0.113859564529677
0.00560332578964076 -0.00842566596707404 0.349238192859239 -0.597051457681745
0.00616034069074241 0.00740830960266109 -0.447911632749817 -0.913230687723187
0.00331624907934852 -0.0107896120677448 -0.944894051311018 0.0594598031414786
-0.0286801238430383 0.00334097366033356 -0.150949819484113 0.691006308236534
-0.0212044399816978 0.0257963746826112 0.381656395552609 0.309818278201441
-0.00400486284689913 0.00288701738997141 0.237956948157855 -0.0613265469085023
-0.0133808715605567 0.00824188985339173 -0.0836163951902315 -0.197132757003256
0.00520627855000434 0.00739144323587334 0.0810854566788088 0.164555518256005
-0.0225254161502042 0.00822267360972392 -0.138143068710921 0.0621691964366254
-0.0157351059494812 -0.00199704758585182 -0.373048832782412 -0.261608883108594
-0.00876920719162242 -0.0314621461796229 0.0709156560892065 -0.599743750690369
0.0234339787107218 -0.0441720512445623 0.789334783099345 -0.201539807952531
0.0156261436959701 0.0172499723901818 0.579067689612779 0.738614219539616
-0.0195406066555547 -0.0112668105218837 -0.247215391235512 0.679893568273881
-0.00554755416786799 -0.0334158800771523 0.0148197288862095 0.109414631562821
0.00925239214428568 -0.0106926733641796 0.342093607401278 -0.602718755606641
0.00860747012785563 0.00662774244150605 -0.462073005652474 -0.904103516269216
0.00404722555437701 -0.00804673561386181 -0.940228793105891 0.082072488803221
-0.0287208735178974 0.00566694631712943 -0.135830148958985 0.695802380629307
-0.0211426454437571 0.0271855924672278 0.385197995969891 0.306842143806031
-0.00500839270653554 0.00385206995723064 0.234708481183241 -0.061856813014349
-0.0147510477648617 0.00902516852717637 -0.0854196972331706 -0.196657932593686
0.0179262612234343 -0.00597887653306101 0.0823710987782195 0.1596548874914
-0.0110863369566434 -0.00092743741420736 -0.148887640272628 0.058839127118398
-0.0101885801335743 -0.0124836065594283 -0.382432298559217 -0.25612899630687
-0.0233800544008217 -0.0386919639365674 0.0741725218329493 -0.588557589922445
0.00686323051066172 -0.0461676914162546 0.799022730048131 -0.177633245671686
0.00651551024430216 0.0211871949397625 0.58067401541175 0.751279935068563
-0.0355609742746176 0.0101549632588882 -0.233911338059116 0.672494650900733
-0.033360860078904 -0.0118278332421565 0.0351984332123627 0.100028733584028
-0.00591268630902968 0.00899347201164961 0.333121465919667 -0.61844128169725
0.000886856025550133 0.00778557912346133 -0.492107983837388 -0.870977637992971
-0.0137948409867933 -0.0141626628512677 -0.923387648705165 0.135249316842305
-0.0409672054783301 -0.000235722820146212 -0.106499636887331 0.705812775057759
-0.012332809295647 0.0154211049586042 0.388174505353492 0.294726246592635
0.00846859873257822 -0.00866052609598677 0.224481730658662 -0.0688598323011688
0.00254806634822915 -0.00438518006325361 -0.0944733377038334 -0.194725304368571
0.016793156374826 -0.00506808499286084 0.0842890509912882 0.15935434554617
-0.0121924223768592 -0.000620821967936885 -0.144937644261365 0.0596885207638253
-0.0106938660975534 -0.0117747977286955 -0.385616263661903 -0.254867215732692
-0.0222680308644265 -0.0382050993253458 0.0580347027314713 -0.594215105913492
0.00681143546074217 -0.0484815688314197 0.788936608834354 -0.19965892543361
0.00633775820847081 0.0207118271976963 0.592190163957206 0.73486568717137
-0.03659232377201 0.010442445726412 -0.227010594777022 0.678424613634457
-0.0357206987448135 -0.011999601593145 0.0289593320299186 0.106021562945091
-0.0084417245080138 0.00782410218499108 0.338238648993364 -0.610238448651339
0.000163477864254954 0.00720700364815087 -0.47559167142843 -0.887791341334043
-0.0114104618340023 -0.0168537037140655 -0.933091005358159 0.111527096222908
-0.0398747949432711 -0.00303584721033616 -0.125601573171988 0.70024007076805
-0.0116812093538034 0.015016230635594 0.383486029880294 0.297070032063301
0.00765643757176922 -0.00753843394138279 0.22841329989625 -0.0663125265870747
0.00102028485553068 -0.00271075968336258 -0.092261780051856 -0.194385046438766
0.0132363310856084 -0.00395240545548167 0.0872991163635275 0.158675049169194
-0.0136334920243745 0.000655189404430052 -0.139659221697564 0.0607558115929798
-0.0124755768855511 -0.00955688429389371 -0.387507991190346 -0.253498931383395
-0.0212099426405328 -0.0385318803137061 0.0424286528478415 -0.599197537568467
0.00716892752003805 -0.0495992103660249 0.780067324204641 -0.219224940453289
0.00675320759629346 0.0193045182749958 0.603899379123928 0.720336682161469
-0.0366489244725456 0.00883589499960108 -0.219281177918583 0.6819512436365
-0.0354112634045068 -0.0139436933951142 0.0225724266329755 0.110496521137921
-0.00778482292816034 0.00544137484146701 0.345707238265038 -0.603641384922724
0.000504007893459696 0.00633375127897366 -0.461054177490648 -0.900751543608807
-0.00804058793576733 -0.0175383780554612 -0.937042987554689 0.0866157489966762
-0.037012709699039 -0.00448473016774718 -0.141733126845526 0.694912454544553
-0.0127455450531341 0.0164886073367864 0.381066145661931 0.301406805628554
0.00631440886555803 -0.00501905723246674 0.232638124325714 -0.0646244396065442
-0.00172386381378006 -0.000351578893466981 -0.0889630055187621 -0.195194214129603
0.0110572130339681 -0.00130474845818229 0.0880812347514356 0.158848081925831
-0.0155925528446474 0.00347328538791782 -0.136969772304704 0.061834820780493
-0.0127240002724543 -0.00839259206038542 -0.389593630292837 -0.250449916524404
-0.0183979766698465 -0.0373780117774187 0.0338475487377555 -0.602428104863329
0.0102054547857447 -0.0497544664387771 0.772220132334608 -0.231397475055294
0.00807873117693255 0.018594250537541 0.608971510588948 0.708930656002351
-0.0344734626623578 0.00518768084199893 -0.21863633673869 0.685437796561739
-0.0319330055108628 -0.0179342395979586 0.0161441836692557 0.114936159765152
-0.00677045839447294 0.00222936857338919 0.346657482584772 -0.59800227520952
0.00155725577937145 0.00579384296019694 -0.449699665122836 -0.911041749013481
-0.00506043373034518 -0.0175191006919729 -0.944040833837381 0.067622358825347
-0.0342393728438964 -0.004416515496102 -0.152391389072405 0.690676184445234
-0.0147960749598022 0.0186744811401454 0.378502561734492 0.303678586139449
0.00302855111331828 -0.00252978914857853 0.236465950544597 -0.0636485123902291
-0.00495813052759641 0.00214154367028435 -0.0865738072568905 -0.196094602206899
0.00968820814023951 0.00240362345031358 0.0878055878768588 0.160302088444913
-0.0178230469797824 0.00458798773638861 -0.13510526404241 0.062338575346308
-0.0126714552444675 -0.00644375099541939 -0.388864077957855 -0.249938333080239
-0.0158831376943068 -0.0366939844244553 0.0307588211020115 -0.605063844854013
0.0124876358410996 -0.0505549467931306 0.767972297697923 -0.240974523230031
0.00950417690246958 0.0178739741449684 0.610872459042569 0.705420472348695
-0.0321539713468449 0.000974411700123749 -0.217669525632473 0.686850275733897
-0.0256600543149991 -0.0225949096103874 0.0126620728068785 0.115716250309941
-0.00350786667040407 -0.00161323068081632 0.345880013042865 -0.596777425718113
0.00217148762171725 0.00568121833465955 -0.44703949714592 -0.914442817601741
-0.00133866257606449 -0.0156508768476646 -0.945624007518435 0.0601443991487864
-0.0319771593111295 -0.00290053500045398 -0.155189421044407 0.687778160203431
-0.0163752641871276 0.0220012666613399 0.380454843891386 0.305269972144415
-0.000188181342381437 0.000194505753815657 0.238194652049489 -0.0629134534341699
-0.0084087175045512 0.0046975544016251 -0.0853912015375609 -0.195807632861121
0.00723106431702587 0.00466512437262069 0.0878084447997606 0.160666468747424
-0.0196357487599998 0.00738166328375654 -0.132758808200238 0.0638423154919609
-0.0143968616787908 -0.00432800271860474 -0.385536111624602 -0.249592170785274
-0.0125719554632386 -0.0349735089763101 0.0345500899127621 -0.60316506786944
0.0164529051635235 -0.0488583880729848 0.769960560371296 -0.237905118189447
0.0119134779923163 0.0164590719082437 0.60715332925547 0.706301889190588
-0.0280176434612021 -0.00360134532623291 -0.222904477196419 0.68655438848693
-0.018764366483297 -0.026420863345692 0.0112482521242253 0.116549450797142
0.000385099574952317 -0.00519665083028115 0.345241525085035 -0.595016422356072
0.00397843432964781 0.00609126882885072 -0.448891513020016 -0.911531048395926
0.00103491928097868 -0.0131079907498809 -0.943662624017093 0.0611729496984126
-0.0297030520333854 0.000788664235755167 -0.152466902063593 0.688678278829808
-0.01929204908479 0.0239326467258663 0.381994281605547 0.304670181420162
-0.00262100882204312 0.00160856373188127 0.237075792105819 -0.0624738018440942
-0.0120980234076023 0.00690782917595797 -0.0853612094743637 -0.195323024473245
0.00518685106423798 0.00640220748233317 0.0862383742925551 0.161987658003534
-0.0210980940570569 0.00809618062406909 -0.13520122132533 0.0635749015066698
-0.0148744037886791 -0.00323604034418308 -0.380724478445428 -0.252774032429854
-0.0106947532544549 -0.0336778287960569 0.0462638163042283 -0.602169685151781
0.0199047718170749 -0.0474444103829765 0.775464627258978 -0.22776288654958
0.0133193299845176 0.0157864217253499 0.600087519537843 0.714317792773283
-0.0242558503042777 -0.00789655702913807 -0.227436962367016 0.68346334436244
-0.0127274194937592 -0.0309104848675491 0.0124771735139091 0.113751913504397
0.00547351364880171 -0.00881518733598923 0.338998189575417 -0.598924109130408
0.00627237531557496 0.00622826290722655 -0.457325761889963 -0.904386956804072
0.00306531824537722 -0.0103638074013733 -0.941659431351783 0.0718156944569392
-0.0283856118830628 0.00368071505459218 -0.141150788345088 0.690578132397988
-0.0202691181012324 0.0261477011685178 0.385762410782497 0.303319806521582
-0.00466026835325857 0.00292952214792169 0.236829010011107 -0.0626531936129284
-0.013675746254663 0.008817229238457 -0.0857774083493155 -0.195403601527867
0.0051482708669342 0.00808835821634166 0.0837373985147406 0.162812642600853
-0.0228803460816428 0.00956085407827876 -0.137437892669426 0.0633260332997504
-0.0157531110058325 -0.00194475272293714 -0.375692462819476 -0.253951707406506
-0.00886478529130658 -0.0313510151481721 0.0601966720134518 -0.598070380651355
0.0228331617726054 -0.0436985667709427 0.782889426162605 -0.209635341763838
0.0138680038371995 0.0171751951262343 0.587269277867395 0.727984346906596
-0.0205400423166182 -0.0109172358127404 -0.235869513193544 0.680664891714607
-0.00590353191362794 -0.0336703041842074 0.0154374502744832 0.109120678827744
0.00938408351321582 -0.0108284958475293 0.333255813859314 -0.605541949558161
0.00831362168416117 0.00710962793134223 -0.471511658842006 -0.895374497212541
0.00421179811462597 -0.00762487217882223 -0.938278872987806 0.0951088362741455
-0.0280780257712936 0.00580299963295009 -0.125746826787064 0.695326948216554
-0.0212411280556699 0.0271280599381645 0.38783632591566 0.301642009012849
-0.00555336147998002 0.00344376407835962 0.234208639419745 -0.0637008591298563
-0.0140222771683369 0.00968013817353267 -0.0881205342721136 -0.193946407531034
0.0171953983975363 -0.00656016267740647 0.0836493785359902 0.158094362246578
-0.0122381570746283 6.48194922459391E-05 -0.146659459825847 0.0595320973350783
-0.0104654698375003 -0.0139274726397764 -0.384494853627927 -0.24839514878306
-0.0242459348740267 -0.0387791454831515 0.0656337407090247 -0.586264636074106
0.00674103815069951 -0.0456884704662005 0.794272331559645 -0.189252824935357
0.0064011103354082 0.0222482174950966 0.587553496437354 0.741662371342263
-0.0356437277256844 0.0103216633567501 -0.223824070945942 0.672539681076209
-0.0348793866404695 -0.0119800288901065 0.0361103854561059 0.0997724963050689
-0.0065230512518104 0.00837273893811976 0.322641684218099 -0.618004813261387
0.00131014233284638 0.0075087030185503 -0.503180984666796 -0.861111525366839
-0.013269544060706 -0.0130553691018853 -0.91809689920854 0.146798479601872
-0.0415284042665612 0.000770512923788897 -0.0955360281121233 0.705011525385623
-0.0119586539864148 0.0151359103723867 0.390754266545663 0.28884010817966
0.00730264249803658 -0.00870116481160029 0.224156795141342 -0.0716592836855197
0.00279917003675112 -0.0041950305333917 -0.0954624511050163 -0.191731470946461
0.01573551995635 -0.00615710175494828 0.0859197799406374 0.157188598104203
-0.0129497446664091 0.000523072782980281 -0.143908450727145 0.0616992429447371
-0.0114156263490036 -0.0120897562402901 -0.388209441816378 -0.24865807483306
-0.0237824471518857 -0.0377414306247424 0.0459204220443152 -0.592549787145634
0.00626949216148356 -0.0483621564700276 0.783530655502738 -0.211259202323585
0.00597666669867286 0.0218091708761841 0.599327139252201 0.723908211156968
-0.0372372931230346 0.0108115163921058 -0.217973120851537 0.678193975078363
-0.0362209140785633 -0.0113040253595646 0.0304316865040024 0.106134503887945
-0.00818711909835792 0.00817442245415449 0.328475122363183 -0.6098740666033
0.000373179491312214 0.00683738159618158 -0.486708560255363 -0.877726935146755
-0.0125433158660921 -0.0162854684941953 -0.928279573668948 0.124035963528034
-0.0397041730333102 -0.00193962063848722 -0.11546870285634 0.700346947987006
-0.0113576582489578 0.0150456194108455 0.385505219232973 0.292347812477962
0.00690854652206916 -0.0079518575759162 0.228641759193782 -0.0691132558775133
0.00210430909344303 -0.00309188706203474 -0.093906702132031 -0.193611449175113
0.0141845399179475 -0.00384009944234569 0.089086434312005 0.157255739641113
-0.0137679911429898 0.00215857222804793 -0.141341389235716 0.0623352534990804
-0.0128119661141151 -0.0106304429636476 -0.390051346612682 -0.245430730778558
-0.022475508512806 -0.0388652967567793 0.0332630574876593 -0.597287390667733
0.00681196380984145 -0.0491026519944236 0.771362274120482 -0.229284907705248
0.00703554416957254 0.019883721091519 0.609940142891344 0.709251810157227
-0.0369543487092337 0.00937822584953796 -0.210702630427647 0.682687079419748
-0.0356067519316827 -0.0133569569823745 0.0238131163050567 0.110218854325123
-0.00861395373590517 0.00465018076032427 0.336937180467669 -0.606002520837129
2.456893920047E-07 0.00605414721499679 -0.47106209753837 -0.893066752431416
-0.00851893949792229 -0.0201863939681303 -0.934267525304706 0.0994282645804624
-0.0368697123703187 -0.00466486056891543 -0.132945983816975 0.693334598726785
-0.0124637171913089 0.0171183286306461 0.384091081780694 0.294567536439967
0.00471503821206726 -0.00479553692775541 0.231495283338236 -0.0686534698069747
-0.00255273743227493 0.00124280354937579 -0.0915716650791665 -0.194242739794685
0.0117056669939647 -0.00112382911307076 0.0899119730495543 0.157018996180746
-0.015218869330678 0.00469287060903051 -0.136718344324555 0.0625765539479335
-0.0134281822464887 -0.00799645763704959 -0.390461549899294 -0.243205280048269
-0.0200498735854266 -0.0375882147334323 0.0246071579501736 -0.601464081685923
0.00936371122634234 -0.0483561050978848 0.765536448998756 -0.240590676772959
0.0082834041894977 0.0183687823969753 0.616595015823201 0.697698348764997
-0.0348006156735773 0.00566489377582046 -0.207229679411517 0.682958095463342
-0.0306049922362963 -0.018828333776997 0.0184471438117574 0.113866051204312
-0.00684927422213747 0.00283178557579962 0.339041221833753 -0.600535454150268
0.00183832882791209 0.00569921832704826 -0.460161815034167 -0.900214915271994
-0.00580524900317155 -0.0165016393013419 -0.940105043132729 0.0800243091099696
-0.0342785623549996 -0.00290535790376593 -0.139822803181639 0.688842652481567
-0.0131944200927685 0.0198392147951288 0.382320008657234 0.296004590546992
0.00266693524642742 -0.00224645312595338 0.235681841614148 -0.0671732837377053
-0.00580644045387354 0.00261724801394307 -0.0890221891845455 -0.194067479542327
0.00862348937451187 0.00189987498071351 0.0896468520990973 0.157606029014902
-0.0177605934285294 0.00755361827334292 -0.134246503929092 0.0629163900973643
-0.0131866912164846 -0.00698518803550729 -0.390223610851483 -0.244597907534483
-0.0164026573526196 -0.0367289338571812 0.0214767845439251 -0.601966972258087
0.0124821095022389 -0.0492285791673969 0.762110818762447 -0.24897209476976
0.0106117048877636 0.0170924399157868 0.618514431397005 0.692794081114709
-0.0325090237813505 0.000384255979192047 -0.207407034249791 0.68709329508186
-0.0265904120833399 -0.0219163620422093 0.0140248777447127 0.116768371523586
-0.00374338696162525 -0.000910107226383912 0.339949063680389 -0.597673422032623
0.00227766536278664 0.0058277729582678 -0.45724303329387 -0.905224765162993
-0.00142656444969643 -0.01644051570517 -0.942417969427302 0.073158328009008
-0.0315959532407993 -0.00180492640606807 -0.145424656005368 0.685649638326484
-0.0170039171283705 0.021754041878344 0.38322091143492 0.298153328834335
0.000934141732452265 -0.00133860800482862 0.236442730759259 -0.0645633604053245
-0.00873633158525752 0.0055847186013799 -0.0870664506440144 -0.194220055544641
0.00730071080478328 0.00375557133007889 0.0898492424545013 0.158863291257064
-0.0187430252720054 0.00788839183989944 -0.133071602669478 0.0633484245573033
-0.0144114506428349 -0.00450275343143546 -0.388068964662829 -0.242516986268319
-0.0135673813327572 -0.0352988221772429 0.0268626850304343 -0.600660404589853
0.0159785911082291 -0.0488682901670806 0.764075583630866 -0.247128997871003
0.0114990154965354 0.0163429661577245 0.611748893176365 0.695932811788318
-0.0286560484981897 -0.00353665940061534 -0.211016306264392 0.685201309221095
-0.0192941381410639 -0.0265684918177354 0.0122790112666563 0.115804332825159
5.02512793594898E-05 -0.00584699114775783 0.33652886654554 -0.599576914655531
0.0034581569870592 0.00526836090615375 -0.459620500243855 -0.903246250256615
0.0021728247685419 -0.0134461261205666 -0.940274763435708 0.0745296046390694
-0.0301295077168635 0.000919445418441849 -0.1438166907901 0.687491239767337
-0.0188328000717991 0.0252027802896886 0.384767874913722 0.297995319983449
-0.00341697164050054 0.001436420356832 0.237575616432079 -0.0649866168338873
-0.0131099421470561 0.00730065568956933 -0.0871691881531189 -0.193055857874326
0.00548011825429961 0.00633854457122679 0.0876882969837716 0.159674633489301
-0.0206339743784753 0.00946116139542056 -0.136246288571097 0.0640217921283445
-0.0149519828595181 -0.00288411164275427 -0.383916510906385 -0.244265070193958
-0.0110439601591114 -0.0334203704214217 0.0369789166037897 -0.600137100843415
0.0198212410009662 -0.0463866671590861 0.770414798677179 -0.235939866706606
0.0133158437785583 0.0167167799198714 0.604057719524409 0.701988250250269
-0.0251697016603003 -0.00779342278818976 -0.219326869425418 0.683010154191396
-0.0131880891917907 -0.029915525002716 0.0144784075272722 0.113762101704653
0.00500260949643279 -0.00889714522862519 0.329518085420561 -0.60034593337621
0.00610974186881174 0.00657656106950653 -0.467597107219491 -0.896631955515932
0.00314766351457345 -0.0101893132834133 -0.936767583394599 0.0846581218133378
-0.0288056826967496 0.00234477301931498 -0.131920189146936 0.690516327174187
-0.0202783574773005 0.027481340000995 0.389360429916387 0.296693609694926
-0.00519426783012288 0.00247566339685908 0.236457814485231 -0.0665850480252694
-0.0139254786906047 0.00959664582710618 -0.0890943951492527 -0.193902055736088
0.00471639257814887 0.00711809934121446 0.0850754759741183 0.161262044938695
-0.0229397782071559 0.0102960117059992 -0.136328050435932 0.0645729270134958
-0.0165543477513893 -0.00146269633312904 -0.379805764731044 -0.24777889776905
-0.0110185068599167 -0.0310973979525947 0.0520787302053445 -0.595417062685852
0.0230967202921919 -0.0432562486404697 0.778978990343126 -0.219452850520612
0.0148220696903622 0.016576723025133 0.592467211664167 0.716065479783577
-0.0210717857278049 -0.0115436467908293 -0.226521343169973 0.679258129025391
-0.0075671956150131 -0.0336026357082668 0.0173172047191466 0.109129500565678
0.00878523497014104 -0.0111053790960128 0.325494861432909 -0.605951422426493
0.0087734196221812 0.00638799214926274 -0.481763232877314 -0.886402251189397
0.00484261650177167 -0.00790160282580579 -0.932486003299074 0.104386876244016
-0.0281712930139914 0.00798700348051265 -0.115385212635098 0.692186615168922
-0.0204425341178059 0.0280118646624585 0.393220340799744 0.294394591436747
-0.00575155510378323 0.00333418360558484 0.234301961265954 -0.0670821221484423
-0.0149150693934915 0.0100952571770373 -0.0906684352262074 -0.192342072792187
0.0164524194060146 -0.00708171516533429 0.084882153773232 0.155969215595904
-0.01173226325048 -0.000206118501740248 -0.148163441974753 0.0606925162034427
-0.0108492568934946 -0.0131157104260672 -0.38605741486433 -0.242392584193236
-0.0242914847289987 -0.0375798103502818 0.0567622469301499 -0.585044547178525
0.00592542405837154 -0.0460622909720436 0.78655091170411 -0.195908362080091
0.00701189707208889 0.0219085022888799 0.593527977625148 0.729295292478029
-0.0367232348306997 0.010193860631499 -0.21560653665177 0.670228043308599
-0.0348573973880479 -0.0110945478223369 0.0376286909563349 0.0991649797129134
-0.0066638173485457 0.00798017238759852 0.3162443899943 -0.619436826402381
0.000746376826254037 0.00808726189597785 -0.509946455868439 -0.853909664025152
-0.0138161222960414 -0.0134898853738599 -0.913592265724043 0.15748064903875
-0.0415183124867415 0.00114957640792276 -0.0859969664041189 0.703696490036013
-0.0118588973195519 0.0154433187887286 0.392998948307458 0.281950598995655
0.00699796657291058 -0.00877744665012855 0.223194862703032 -0.0727634770649211
0.00209195379602862 -0.00391170086979275 -0.0983100872920784 -0.189706264907743
0.0151541634547354 -0.00618830119935928 0.0880719640615937 0.155316748660709
-0.0128938033169873 0.0013606154009516 -0.143280236664986 0.0611505534546217
-0.0120569728235734 -0.0117166862010201 -0.388425193989713 -0.240843447716524
-0.0241188985322075 -0.0373147981524671 0.0408022756019827 -0.589459628555209
0.00569504090283946 -0.0466923208161695 0.776560510276308 -0.217469603942503
0.00685583680063812 0.021208289657532 0.606627136473133 0.710766494615881
-0.0376338351776247 0.0108461735978342 -0.209856863179265 0.675783153773847
-0.0368484356093188 -0.0122108529501816 0.0311714851599296 0.104316893486529
-0.00828334757892545 0.00729045977960941 0.320972286598322 -0.611613445182981
0.00043218415520058 0.00687222055462281 -0.493924827491902 -0.869009295233504
-0.0119388456503037 -0.0163822918239628 -0.921633476493939 0.134109605384601
-0.0392888021686899 -0.00217561749200682 -0.10577464030176 0.697859632667753
-0.0111154984716793 0.0148921434816509 0.388252381162903 0.284388891976923
0.00561819940623341 -0.00699083188078023 0.227306864575486 -0.0709383630081966
-0.000143194934885276 -0.00202239644923468 -0.0955078908528163 -0.190945122195233
0.0125969165483863 -0.00529784917388151 0.0902057145254031 0.155176176619536
-0.0142000548033753 0.00335021331249872 -0.138418092770891 0.0630235333531139
-0.0128085762692094 -0.010216859019561 -0.390357258280511 -0.238260111836202
-0.0226275303499833 -0.0378194203806655 0.025612998943419 -0.594002306950201
0.00634532044334464 -0.0492316379601685 0.766924008814242 -0.237946736058384
0.00663845506199641 0.0200557187622923 0.615192285699528 0.697624034885944
-0.0372332832084747 0.00888037072202712 -0.201396268099089 0.68051975217457
-0.0353940884580799 -0.0143709198801293 0.0244065804782113 0.109268275145334
-0.00813544294512324 0.00525276997891132 0.327371339676515 -0.606784136270663
0.00141699939578392 0.00512681693823111 -0.478311079549504 -0.883687450714498
-0.00880628098162224 -0.017598946018079 -0.930023594030466 0.11017253473493
-0.036595152996724 -0.00383375936079677 -0.123270942333597 0.693096215112542
-0.0121951369187298 0.0164964283398697 0.3848499226965 0.28799430937426
0.00485041020660292 -0.00520744237141334 0.23129962332056 -0.0701850489379063
-0.00224503648960883 0.000915307944983727 -0.0929984162027311 -0.191048572584092
0.011722377396525 -0.00165124721817464 0.0915801452367808 0.155737219868216
-0.0159399587921467 0.0051526913791656 -0.135501750033286 0.0629657554536722
-0.0136572743656791 -0.00787624948212884 -0.392906646544986 -0.236646684241084
-0.0201868703218368 -0.0369780575624751 0.0168542345456893 -0.596666619936561
0.00809671026643655 -0.0502656271652589 0.759125722437779 -0.247870166613186
0.00749429785305191 0.0190307577917314 0.620609368581084 0.685901416392312
-0.0356543302220896 0.00587794580711139 -0.199429636438268 0.682365900823103
-0.0318862375946778 -0.01717578711726 0.0191834658491504 0.113393901713329
-0.0077403013993553 0.00195195179570193 0.328869380556234 -0.599717461459093
0.00108513776823208 0.00549805796245812 -0.46852174545052 -0.893496681710186
-0.00550297086989777 -0.0166578169633611 -0.934757298851736 0.0919497795765758
-0.034342776568263 -0.00224788822766219 -0.130575082744832 0.689586435489164
-0.0140315575079912 0.0190476836570311 0.384816291160242 0.291386827687261
0.0021507097838265 -0.00273385790201137 0.235234541982597 -0.0687532842620418
-0.0051733501774464 0.00340437260347593 -0.0904657957212812 -0.191550558074645
0.00878565418260377 0.00147168668339946 0.0909607097230694 0.156069942772808
-0.0179874570518619 0.00647527451585258 -0.133618740177553 0.0644190923958203
-0.0139791296085386 -0.00645890362298221 -0.391563137539796 -0.235586240712096
-0.0174611076475379 -0.036843487759172 0.0156139988595074 -0.599093362059781
0.0112969754063493 -0.0483782149044406 0.755273674825792 -0.256112995587787
0.00969653577358705 0.0174589512453748 0.622901328258982 0.681862088695088
-0.0331870830734037 0.00106479198465383 -0.199584678894899 0.684090753924244
-0.0260874378053988 -0.0215764704438798 0.0154276435681965 0.114827194295227
-0.00407715778447646 -0.00207625236135623 0.329052674037738 -0.598653781215342
0.00296458033497245 0.00549071939547397 -0.46590212832445 -0.895116729091735
-0.00172765357117075 -0.0150754511290586 -0.934500942299379 0.0844297334355813
-0.0315887223380463 -0.00105387111829322 -0.135568976096648 0.685539826562726
-0.0164588831855529 0.021728610994169 0.385884115393496 0.291344416619618
-0.00120972814928812 0.000156472298148969 0.2370026164796 -0.0679691054128355
-0.00903437442539107 0.00614664089864369 -0.088634545008692 -0.19235443975368
0.00646413128807555 0.00409472422935197 0.0903624027757012 0.156672982397363
-0.0198698140520305 0.00840609543270017 -0.132097909400667 0.065184656571816
-0.0155619780665943 -0.00504669640943956 -0.389587820968065 -0.237164690254185
-0.0146017042677446 -0.0349874270502771 0.0200105561138197 -0.599724655554812
0.0151766462367155 -0.048610682536538 0.756948100937795 -0.255075372298493
0.0109388078743755 0.0169716780331501 0.617424588427205 0.68456739652968
-0.0290955213187519 -0.0033231468048482 -0.203073603347353 0.682607710827563
-0.0206624313390894 -0.0268365922936236 0.0135366740736061 0.115189374492844
0.000233998124687093 -0.00593117800926784 0.327721230883903 -0.596251962136408
0.00482063658853278 0.00516659411334736 -0.468913030050985 -0.894055568441651
0.000826220239117362 -0.0133215437571531 -0.935190690743758 0.0858821871809481
-0.0295401322416901 0.000863285830650134 -0.133810835949263 0.684586462866581
-0.0171852186759368 0.0242642002322708 0.388483327865049 0.290225380084054
-0.00452625162522583 0.00204928863738784 0.236942791442612 -0.0672449030223717
-0.0123789791830771 0.00847329813937282 -0.0885302059521517 -0.19156603741125
0.00471685358649391 0.00589423729945775 0.0884671321130101 0.157884468933985
-0.0209393763238654 0.0100270554603461 -0.133353936350447 0.0647704505629585
-0.0162067204417132 -0.00305283603316046 -0.385611760269161 -0.238390070470722
-0.0120374311047476 -0.0325794591849604 0.0302633853201978 -0.598631726619257
0.0186295742865713 -0.0466235292318469 0.761426123225542 -0.244400750586736
0.0130949116887578 0.0169333079766522 0.610847324487728 0.691701432250054
-0.0244199970135028 -0.00785029264386132 -0.209200821955656 0.681498299964769
-0.0135628671780248 -0.0307348391229646 0.0143628299487798 0.112470356433299
0.00351097501742176 -0.00909655919779209 0.323659084805963 -0.600149045296196
0.0071104131003455 0.00579399709618856 -0.475270376695768 -0.887362928891443
0.00281587093477167 -0.010253745041072 -0.932182039555409 0.0960376934718643
-0.0291257282251307 0.0043181835059811 -0.122154172090738 0.689676677996189
-0.0194832588896738 0.0262435210353467 0.391472091487327 0.289765614699792
-0.00598467921065499 0.00304897720214602 0.23573994777204 -0.068636967571098
-0.0138096788105634 0.0104844140078197 -0.089436533044368 -0.191587347022716
0.00406025915773741 0.00769248563685365 0.0867113726916193 0.159753424395333
-0.023113072820773 0.0105698672591596 -0.13573254867508 0.0651273324649602
-0.0169429681544597 -0.00304749039184244 -0.381118220792591 -0.240393820630221
-0.0114744612346129 -0.0316272118400574 0.0459855132990342 -0.596102954025101
0.0218850899258255 -0.0444510742636789 0.772359570924539 -0.227404479903672
0.0134792797885793 0.0171832590571868 0.598746085935171 0.704751925846113
-0.0212495667599179 -0.0107875607290639 -0.218269743412228 0.676786663220562
-0.00892184752178014 -0.0337312516211201 0.0184313352844005 0.10801585380706
0.00809872903698118 -0.0116394335553101 0.315777365875772 -0.60666962393694
0.00899752952932629 0.00576931063711551 -0.487603717639802 -0.874921107627174
0.00499484454819769 -0.00803623017831341 -0.925291012732523 0.11754269355667
-0.0282734775834987 0.00685521172620442 -0.107153407569327 0.692244165727504
-0.0206180281331986 0.0277974742182857 0.395026374416723 0.288619812048423
-0.00621910470015263 0.00343052332131853 0.232009010905263 -0.0700556125746615
-0.0150760256308154 0.0109460700625333 -0.0908241131688964 -0.190051719672051
0.0167095942639982 -0.00697708306571453 0.0863017441082724 0.153577752857157
-0.0120258280214362 0.00114510637233543 -0.146605162247266 0.0617275919975311
-0.0116264452801023 -0.0122220640692639 -0.387264592652366 -0.235802181767696
-0.0258765667163498 -0.0372976280640996 0.0497002753300902 -0.583009609842309
0.00570603236446416 -0.0455047117012563 0.781795554557184 -0.204415606165625
0.00674017876519444 0.0216433863752848 0.596887294309801 0.71720542758957
-0.0370391302736149 0.0102810582201577 -0.208123204080145 0.668875795388429
-0.034784994817748 -0.0109057584976221 0.0382147877868281 0.0971029333906814
-0.00617600279782276 0.00745979750331394 0.30756151187839 -0.618446378129296
0.00141697955025191 0.00600685860821564 -0.515660442128481 -0.843101864034184
-0.0131790479865477 -0.0134382822821385 -0.905435840995634 0.166409970558401
-0.0415351157769865 0.00180277498963968 -0.0774650648861178 0.701007414423087
-0.011429020538236 0.0157178185310204 0.39539042927824 0.275932291566359
0.00613737568201065 -0.00879487706631549 0.222479882386639 -0.0751056541346355
0.00218382879270216 -0.00282164638651886 -0.0991290510314308 -0.188267268850672
0.0146689143751118 -0.0074113309325557 0.0886049367797922 0.15405711175211
-0.0125188469405802 0.00239717156223682 -0.142583849000711 0.0624451016012099
-0.0128531297568952 -0.0110877683247764 -0.389085072997649 -0.234183043129447
-0.025246567938721 -0.0370344085387609 0.0350920832015306 -0.586725630174662
0.00455076517384814 -0.0475167789161544 0.769986581279761 -0.22550072548275
0.00649133240846198 0.0218445723105697 0.61035479689749 0.699111936805378
-0.0378054856533912 0.0108103499250607 -0.201483602455307 0.673818512007672
-0.0368426819970396 -0.0113088254063226 0.0317704645930327 0.103090789764161
-0.00851433068486431 0.0071639278284059 0.313393043439431 -0.613167741452817
0.000949943121635988 0.00633522340725538 -0.500344768967202 -0.857408609429997
-0.0114672824926723 -0.0150909170974765 -0.913181941394726 0.143315208339359
-0.0392429152948799 -0.00150052773915448 -0.0980364871323544 0.694430787528732
-0.0117660259396742 0.0148478664409904 0.389587218454942 0.27880914934559
0.00584405549324529 -0.00679657303077088 0.226525574437055 -0.0736684336615549
0.000732532582089405 -0.000680872073493245 -0.0974768287055049 -0.189292330744295
0.0128728039702847 -0.00438242762879175 0.0904073309153784 0.153436715701908
-0.0143832000031678 0.00348732293317963 -0.137244754758401 0.0633521329545299
-0.0127283288565587 -0.00929568578869135 -0.39205653174181 -0.232175548202366
-0.0235630492123946 -0.0375611285478325 0.0209925484032583 -0.590159060999904
0.00547871013155817 -0.0481701575738867 0.75899544049096 -0.246151350046678
0.00735384647063443 0.0211971837479229 0.621181157738241 0.685377536109817
-0.037384751393832 0.00882187177994058 -0.19434977109885 0.677832481886077
-0.0358876370870564 -0.0142198798262717 0.0255689375259872 0.108888437759632
-0.00874404771938942 0.00477469814844765 0.319915342717374 -0.605176262946155
0.000347293336740499 0.00536934710425365 -0.485928086686287 -0.873023802652275
-0.00834062960261375 -0.0170544064096232 -0.922614604508549 0.120276214729932
-0.03710526592106 -0.00276869744776731 -0.113403483036316 0.690026091147054
-0.0121974226325029 0.0164991914424855 0.386897154287856 0.282595639169553
0.00350033876610881 -0.00511229783019135 0.230455266670556 -0.0715668986481111
-0.00165900056070803 0.00071540373312522 -0.0940061070735479 -0.189680873999348
0.0106133978454055 -0.00147862864306615 0.0920655470867448 0.153966007198497
-0.0157919205488549 0.0054954333743937 -0.133854869974021 0.0632754266296991
-0.0141694757121192 -0.00829492006959696 -0.393468913790829 -0.229312244350595
-0.0212580227205338 -0.0370784380392105 0.0114456547465582 -0.594337174181473
0.00765670686062085 -0.0489982918551868 0.751893915641694 -0.257068443395486
0.00772607631956539 0.0189520620721913 0.625786861331226 0.675371316454124
-0.0356883630599227 0.00598713115403881 -0.191554411846018 0.681236454979345
-0.0327427904013576 -0.0172925744026886 0.0200263716110476 0.11267349541619
-0.0070291255922305 0.00118941124363697 0.320837600270338 -0.600278961015529
0.00180853702103288 0.00504726221037546 -0.475670805873185 -0.883349937246052
-0.00558966364549316 -0.0165051464519616 -0.927729704132607 0.0999664050974703
-0.0341169561352876 -0.00227425629000595 -0.123850973796029 0.685355368104195
-0.0130098978562677 0.0189880288433265 0.386440809474345 0.283828404956958
0.00183725799150113 -0.00242866032294755 0.233435373178797 -0.0703429199674762
-0.00576398488187637 0.00415184446332813 -0.092009088221994 -0.189745143861322
0.00871943777264789 0.000947677719906253 0.0920804427557749 0.153539964323501
-0.0180017773384776 0.00751160454230774 -0.132159568223726 0.0655801017013385
-0.0145297990157417 -0.00629471190960245 -0.392674172269204 -0.228949903815543
-0.0184314665847609 -0.0356503730757914 0.00757306615508883 -0.595254125789922
0.0113539710587853 -0.0487416815734491 0.749151908759722 -0.263083649521464
0.00949810841198716 0.0179955457623895 0.62630525032569 0.67087363608914
-0.0330883787013933 0.00134186254136082 -0.190413257814199 0.681946630694886
-0.0268582373904415 -0.0220717783101058 0.0161357234480282 0.114850634236597
-0.0043225441133668 -0.00225863712125001 0.320534177574502 -0.59766116650846
0.0030630550200317 0.00514901275894426 -0.473105152666434 -0.8865059728806
-0.00204123201565296 -0.0153170844736678 -0.927468762406811 0.0927120016690996
-0.0311689501982255 -0.000848173448782692 -0.125565669158867 0.683439718430497
-0.015848990962791 0.0222707411924835 0.386633281281261 0.286921784777183
-0.00149860067527122 -9.70765391925706E-05 0.235126435333655 -0.0699538620715197
-0.00925130971604072 0.00650257430297658 -0.0903050320788036 -0.189584170130038
0.00585081304626099 0.0032797181486246 0.0912888734090981 0.155019158157262
-0.0193536708792016 0.00951518650788585 -0.131176287394521 0.0652570135817523
-0.0157574600667335 -0.0038279003035591 -0.391350397441398 -0.229780613976902
-0.0148093502796391 -0.0348192559366171 0.012193292942174 -0.595323528187963
0.0144885550992371 -0.0481462470887161 0.749559566871788 -0.262002576854615
0.0107314332572056 0.017003106149805 0.623292199314361 0.674069987224712
-0.0288777768448128 -0.00346953677653841 -0.195404165194242 0.678858651873558
-0.0206033642917612 -0.0265441034829538 0.0143631174880192 0.114797220269801
-0.000652404959518221 -0.00607526087098787 0.318530724096404 -0.596471772077205
0.00460071470993939 0.00469999401622261 -0.474843013468288 -0.884824455436681
0.00116552428885505 -0.0127140558584862 -0.928829321246989 0.0950130023403042
-0.0297721733144344 0.00185338584239875 -0.125230391391122 0.683963548264055
-0.0176998073203402 0.024954969127767 0.389029520158311 0.284259884658007
-0.00442753444911544 0.00125847123315134 0.235720558376314 -0.0696895735436592
-0.0122742277274151 0.00932184486389335 -0.0897813631026354 -0.189412649276662
0.00487056247977178 0.00604026476663993 0.089848694659237 0.156024671152597
-0.0213165079959537 0.0108580469980254 -0.132187966209341 0.0659143661334054
-0.016407413351338 -0.00250982957251812 -0.386185827764171 -0.232391611763379
-0.0131071995009247 -0.0335343264795653 0.023722406198432 -0.594183524016237
0.0185344784308171 -0.0466605858877556 0.756849318158119 -0.251747998302518
0.0129210197799353 0.0163646109948058 0.614487400380283 0.680862436814066
-0.0263187299206222 -0.00784992165164815 -0.201331297386216 0.68043168594952
-0.014632978879123 -0.0301768041112929 0.0160231044739516 0.111987259775256
0.00455342651221922 -0.00886870284727738 0.314072147725671 -0.599598172545111
0.0068281672727854 0.00525089799749703 -0.481624754690352 -0.878590724561589
0.00305127429110135 -0.0101373623052768 -0.925646339454431 0.105741983181568
-0.0287013189344017 0.00499572097007201 -0.112362591788885 0.686339795657967
-0.0190005769340664 0.027137518540055 0.392497736594375 0.283359352120879
-0.00603700145753587 0.00346174315567828 0.234129655060711 -0.0704863010306719
-0.0142419718283164 0.010678695069089 -0.0912448708187964 -0.189045373030836
0.00454317498938369 0.00740666877653016 0.0875336174277169 0.157000339696809
-0.0230282467482708 0.0116402624918349 -0.134545688068667 0.065323593700096
-0.016857420369988 -0.00143778165361871 -0.381787407664971 -0.233953556063297
-0.011698036867526 -0.0314499869282499 0.0374037759813387 -0.590747479068841
0.0207083697801014 -0.0433964383216355 0.765144894809457 -0.234789773941978
0.0137792423075345 0.0168606361214393 0.604954942276789 0.694377581286801
-0.0212788985526355 -0.0114670766413919 -0.209362417354611 0.673773373758495
-0.00831151625070411 -0.0336164645077139 0.0197658165400826 0.107386057344008
0.00731851141907087 -0.0111798937306739 0.308894545485032 -0.607089794852735
0.00901681124591212 0.00524208327657879 -0.496313030050491 -0.866857845696687
0.00383611799947448 -0.00759077826442726 -0.92007153823785 0.127598135708219
-0.028247665148211 0.00783697895571128 -0.0989276331716114 0.690591121035861
-0.0197446061012607 0.0281142260147679 0.396362383172223 0.281645158959219
-0.00768334020114921 0.00294470284421553 0.231403103237808 -0.071604716721248
-0.0150554212837361 0.011009119924832 -0.0933719462000805 -0.18823037900686
0.0154449678252292 -0.00683012132441383 0.0872482470496991 0.152133799042745
-0.0108531802307233 0.00249093564800564 -0.144947457483658 0.0621013664933131
-0.0129474962607769 -0.0110955472525263 -0.387582118905791 -0.229960607361391
-0.0263866491273141 -0.0364714442267702 0.0446640351197755 -0.579748344558171
0.00551722269107991 -0.0452146178518137 0.7745890267503 -0.211307981768674
0.00701681203580316 0.0223349060134301 0.600459801530908 0.708831554693329
-0.0370285106217889 0.0105029993351965 -0.200882137396459 0.664228158068076
-0.0352770812642185 -0.0105788362177929 0.0399118917324127 0.0967334755313657
-0.0067163534533909 0.00798292666812611 0.300704580733875 -0.618242208351322
0.0013099802579021 0.0066824550063191 -0.52086420466853 -0.833366679738694
-0.013184661005577 -0.0135265918038784 -0.900071989068959 0.173838397587357
-0.0410844152909376 0.0017631824222646 -0.0711963265168813 0.695871616361838
-0.0114291822252673 0.0152946010721251 0.395464487228013 0.270359552140114
0.00468237213481458 -0.0084080698843063 0.220778429973673 -0.0769161767915504
0.00190675631764177 -0.00218712981330162 -0.100447350718585 -0.185038285333979
0.0145592618351519 -0.00613978535552299 0.0898490682242041 0.151396641502281
-0.0117478436015031 0.00278343279192362 -0.141226412506243 0.0624348332282545
-0.0135193360660292 -0.0111150870967306 -0.389743812218058 -0.226909289219838
-0.026426785734607 -0.0371260598364366 0.0263071324035707 -0.583243002652214
0.00466885877490325 -0.0462944974170274 0.765157093427785 -0.232186749364586
0.00613180038303243 0.0217193631168981 0.613984923020275 0.692930028922874
-0.0389608801642045 0.0108492756895475 -0.19365584131877 0.670745140605991
-0.0366320139543457 -0.0111313433845041 0.0331028093747714 0.102475631101424
-0.00838047875005506 0.0065927168832831 0.306204109446113 -0.61147097182772
3.17041747548777E-05 0.00599789822470736 -0.50440231542194 -0.849080663939883
-0.0116138443818594 -0.0153090279428872 -0.908765269411395 0.150514111477765
-0.0391658136623268 -0.000378358271678297 -0.0888080093920587 0.692415552224945
-0.0105746231498234 0.0156731636753237 0.391242035925628 0.273513021067063
0.0044969571084171 -0.00762368455443645 0.22512317912619 -0.0755963746322316
0.000384516866561901 -0.00113922752648983 -0.0984167875401984 -0.186784537735017
0.0124338184422341 -0.0051315662710206 0.0912666545043215 0.151743995469858
-0.0141783068441296 0.00439749260952757 -0.136812130551844 0.0638746837534333
-0.0138019716393085 -0.00928850461219926 -0.393120484117078 -0.224960433505374
-0.0249259550697861 -0.0363336089689553 0.0138068785687575 -0.588172352730431
0.00527709404318096 -0.0471570495565133 0.754100393033757 -0.251829158715763
0.00672489126699171 0.0211271467039249 0.62257796384768 0.676345045300429
-0.037906675071923 0.00904362660330601 -0.18751127939505 0.674740636251049
-0.0365079508173554 -0.0127796530462886 0.0260160021265935 0.10742271060816
-0.00891232986635688 0.00432328024375355 0.311602803173798 -0.6035376790431
0.000821245782145534 0.00552227929271141 -0.491214408328578 -0.861430914741077
-0.00800545570701466 -0.0162027636466859 -0.916504455899994 0.126179279662843
-0.0364957872261911 -0.00231176659683754 -0.105435921843246 0.687462556851985
-0.0114724563328625 0.016794454848502 0.389384057711671 0.275024137034031
0.00316396000305812 -0.00490320621919235 0.22907624589502 -0.0732088219254492
-0.00192227553153837 0.00135064624138803 -0.0955529829729243 -0.186796202500032
0.0103142081656714 -0.00192103668257577 0.0934144813688307 0.151530590835213
-0.0153389180652645 0.00648248144929947 -0.133197093333665 0.0639910828926313
-0.0144503593482565 -0.00723391951533938 -0.394097480983205 -0.221988266802738
-0.0223581120031173 -0.0366407826176504 0.00512021017793662 -0.590419906683675
0.0072811249388026 -0.0483818262977538 0.745908563386463 -0.264033281393788
0.00758707819057535 0.0196564315110506 0.628824964802553 0.664074318385132
-0.0358147293212532 0.00630039490588299 -0.183999051448819 0.676635332374407
-0.0334320207091549 -0.0168934292503879 0.0215147164695093 0.112320933639208
-0.00750849837522587 0.00146585263070194 0.31289597949001 -0.599529690529827
0.000573330705271918 0.0046810871452308 -0.479631353923211 -0.874270118198142
-0.0050316445970967 -0.0163209536101094 -0.921902359061674 0.108739422059345
-0.0339582625872694 -0.00156720877534773 -0.116059804499894 0.684144265567541
-0.0130881180980877 0.0190059664198177 0.38790621417724 0.279269636322846
0.000147751669322641 -0.0030769682725589 0.233260169624081 -0.0718752204575148
-0.00543223801874312 0.00448016484188884 -0.0927301369878288 -0.187494151683202
0.00759663921692866 0.000627760006113553 0.0927934953195062 0.151781724238142
-0.0178954434116412 0.00895905307097656 -0.131329894836478 0.0662140687093541
-0.0157670171858903 -0.00499037781103147 -0.392163708228529 -0.22346748328016
-0.0189029820155269 -0.035778122007623 0.00121192905251963 -0.592602507447097
0.010480810219273 -0.0484022496132356 0.741432800763675 -0.266320934873261
0.00935730624865546 0.0180681442147116 0.628772595220447 0.660059207510122
-0.0334612898049087 0.00220127620428955 -0.184372729445817 0.678921282297234
-0.0277246369325149 -0.0212828461645805 0.0166356883418794 0.114185869908319
-0.00451329004272717 -0.00297316084400607 0.314120780574103 -0.596308762371073
0.00283216422417405 0.00455014596335996 -0.478423942503874 -0.877892552798884
-0.00271689383953097 -0.0148545455710197 -0.923510498075582 0.102979174434259
-0.0309547964191565 -7.72639267496919E-05 -0.118629353094044 0.679566135541278
-0.0151082047791823 0.0223324719698719 0.386949337287597 0.279849575520797
-0.00271895067790958 0.000300206077539555 0.234600490905398 -0.0708266374039785
-0.00885120542350636 0.00793667754123125 -0.0908724727996774 -0.187355654060716
0.00661634634280173 0.00260197257303961 0.0924034732850596 0.153293865725255
-0.0194008404500948 0.0107100014245919 -0.130966637079251 0.0657607953194887
-0.0160180842059034 -0.0038424114259983 -0.390772446199011 -0.223717046002463
-0.0162711328680365 -0.0339022013987597 0.00678012835038359 -0.592584969438598
0.0135370878706268 -0.0477708196825821 0.743693612279066 -0.269329187392047
0.0107534933345395 0.0179877242820526 0.625530585812364 0.662801292548194
-0.030267850934804 -0.00324844390090009 -0.188692883834802 0.677150328846898
-0.0213409851161224 -0.0265956750731738 0.0151792873867049 0.113160918424799
-0.00123540532037945 -0.0067089677443465 0.312396453403684 -0.595582593501623
0.00478899712066086 0.00433079763545402 -0.479256949088217 -0.875938802775792
-0.000508993428751029 -0.0128421724642111 -0.922090722814375 0.103709917377642
-0.0290270145987642 0.00242275758760736 -0.116515365073547 0.680879769492371
-0.0168463703485413 0.0246614141198736 0.389526142232868 0.279953855747663
-0.00504585469763133 0.00169569988144867 0.234523520077642 -0.0716587785253532
-0.0123887187202769 0.00914255696335513 -0.0913646536313531 -0.187974981869702
0.00432905228829111 0.00544897712553754 0.0904546665540872 0.154218513756209
-0.0210780716677204 0.0114963856572402 -0.131972595103109 0.0656786379299099
-0.0166114849012216 -0.00224465021656274 -0.386683294916439 -0.226393948050106
-0.0130734550081922 -0.0330662587282541 0.0169878711010232 -0.591800657943099
0.0173888765401919 -0.0452812741234457 0.749868829871146 -0.258966391695665
0.0129476087767009 0.0165588800071825 0.617870249372599 0.671107195423515
-0.0263285784734795 -0.00769005811510002 -0.195055406453886 0.674443982896297
-0.0153481759313 -0.0306291920029927 0.0167030238534189 0.110930561132414
0.00375959769511526 -0.0104711000782656 0.306484044248752 -0.600047512350061
0.00664324115685214 0.00476764216672951 -0.487854664691915 -0.869268129887472
0.00272626199692952 -0.0113776412685531 -0.919337929063671 0.115918603497795
-0.028761397842173 0.00499425752683727 -0.107128174937931 0.683214245539849
-0.0185090210092661 0.0265847518036727 0.393881513853426 0.27795242400884
-0.00690200745961061 0.0031563672394851 0.233891923571909 -0.0723055545021273
-0.0136775604617363 0.0123033603704502 -0.092319577815568 -0.186938405686332
0.00382578278627307 0.00820383743570049 0.0878095984281467 0.154860745111463
-0.0214999613375296 0.0123848923124492 -0.134069845522882 0.0656289611805446
-0.0183200681981512 -0.000985298841052464 -0.382382284402388 -0.227259497451635
-0.0123636628102092 -0.0309469236573178 0.0313746373068898 -0.588994979791871
0.0198762608646412 -0.0434344099845214 0.758848785119532 -0.24139473148189
0.0138362771982474 0.0177662819893993 0.604696282995333 0.684242883357379
-0.0230673947985109 -0.0114016516112107 -0.201629984580318 0.672925273041294
-0.00939411127955141 -0.0334909394775815 0.0195740659010072 0.105944970757743
0.00822950219054788 -0.0119684988274402 0.301087164852354 -0.606066203021412
0.00870565629201629 0.00553153082500899 -0.503223972541305 -0.856419870478304
0.00406914167564864 -0.00707777801713556 -0.913322464897158 0.134415702780754
-0.0277073957866546 0.00810470579859094 -0.0905243740241324 0.686871544135112
-0.0191813147360473 0.0283005490926947 0.396670193789374 0.275844736223218
-0.00697256778150841 0.00350114110788572 0.230291576973684 -0.0735190012027482
-0.0139366507985959 0.0115941179983908 -0.095255906422388 -0.185061105732168
0.0147914189658375 -0.00794895866018433 0.0860235952586323 0.149844658902543
-0.0108502408606357 0.0015789199008636 -0.144261275432672 0.0615687971409637
-0.0128764982398 -0.0120438151881029 -0.388440278625402 -0.225145856479549
-0.027858363931516 -0.0358294112707764 0.0388512182570133 -0.574677857772801
0.00482873664086877 -0.0448298088251394 0.770289869821662 -0.213748512365591
0.0066485334595966 0.0222951765559002 0.604227936780918 0.698710727378475
-0.0369904585279335 0.0109790691413375 -0.194904352434283 0.661873330741983
-0.0351841622856898 -0.00991311307883066 0.0401214275751937 0.0960652145583853
-0.00655514401539348 0.00696765906691109 0.294669162680105 -0.616083124711803
5.37595762208354E-05 0.0081253700926153 -0.524353659605064 -0.824191201585685
-0.0136880203655052 -0.0114558400457159 -0.89168123060325 0.180589574560444
-0.0413114987148515 0.00181763315654866 -0.0626203431539071 0.694608849948226
-0.0115133651703923 0.0160607535865897 0.396515700123703 0.266168647069167
0.00452213618968556 -0.007895214644945 0.219986435753033 -0.0795627936272839
0.00270581905616267 -0.00112410587126106 -0.101150978365467 -0.185036798477353
0.0138201292328291 -0.0067561539007012 0.0901091988137692 0.150012343241572
-0.0130580540459249 0.00236115863921898 -0.141729506055121 0.0623086327253454
-0.0135278639763795 -0.010281664263806 -0.390743397559467 -0.223305127233818
-0.0253768363914435 -0.0362664786000015 0.0232631667396889 -0.578686839480693
0.00413996037129979 -0.0455355715849274 0.756723298911538 -0.236787232118307
0.00546496100230529 0.0221752670002045 0.613830087079676 0.680888368520609
-0.03826533345276 0.0112201921109133 -0.187906687876962 0.667451885928779
-0.0380580196376208 -0.0105707319455045 0.0322588618062825 0.100931766870604
-0.00879650177439922 0.00498609701879458 0.299113977900861 -0.610180069109497
0.0018328450608554 0.00611164903842799 -0.510170392645402 -0.843313192655937
-0.0115956510653244 -0.0151277108004634 -0.901616099194632 0.15846447960085
-0.0394298147374446 -0.00134231861385578 -0.0838575256121921 0.687633900515892
-0.00996258916681193 0.015566706160962 0.391403374070836 0.268875921984858
0.0029294987386219 -0.00692432254122281 0.223439225771143 -0.0784423387178252
0.000377612862465485 0.000513388808730525 -0.0988002255938276 -0.183787479825423
0.0126279744872368 -0.00465837157543139 0.0918212405579523 0.150754458240487
-0.0142520503559822 0.00522774664064868 -0.137352655743894 0.0645235780361493
-0.0142674627292751 -0.00917248471945861 -0.391010169085313 -0.219683743822341
-0.0253883372102897 -0.0367248732588866 0.00815638069647336 -0.583800499526199
0.00513645796762852 -0.0466699100811419 0.74775652590942 -0.255395210941988
0.0073722629870811 0.0221646338442843 0.626135720468511 0.664589384968908
-0.0380808675363479 0.00908690601219053 -0.179287299201497 0.669752049436194
-0.0375907594413373 -0.0129407745337392 0.0275302976132921 0.106788986582688
-0.00834795192169807 0.00325750502512451 0.304870596063683 -0.602407295374549
0.000217475970949576 0.0043885884817204 -0.494289327443133 -0.855601872995584
-0.00864065538457522 -0.0167338815548062 -0.908858984092182 0.136072365858843
-0.0363728862681046 -0.0021535087595792 -0.0997852935438915 0.684306192806925
-0.0106400626327498 0.0168292232875226 0.38781471218982 0.269854513396552
0.0034016178700649 -0.00472288264778618 0.229310197889955 -0.0761389744998987
-0.00132874146985799 0.00299028691586038 -0.0961826175997664 -0.184614472700299
0.0106911204301657 -0.00184153653712582 0.0929314895330876 0.14987916697479
-0.0152555100177404 0.00802966451498793 -0.132575977758004 0.0641741767101669
-0.0151777129956805 -0.00774250878262142 -0.39370424972671 -0.218105357147407
-0.0224651443230179 -0.0354138110356237 -0.00210095636355506 -0.586209933549891
0.00709385245115324 -0.0484981205705855 0.737812375965966 -0.265764279343394
0.00717478315121639 0.0195131251538744 0.629733140003391 0.654868649901857
-0.0371819185542205 0.00624521690916008 -0.177321705966371 0.673466441065271
-0.0333655029749747 -0.0169231816884366 0.0216409988588854 0.111252629930935
-0.00691046631583218 0.000653186871192583 0.305928198052589 -0.597945231806097
0.00182300032704098 0.00395076697130928 -0.485460564483758 -0.865878001306268
-0.00541114913383726 -0.0162035608618266 -0.916975137292127 0.116121432966157
-0.0337819482167781 -0.000836581764226435 -0.108405827229484 0.678956898388522
-0.0124079618979898 0.0194213400720101 0.386959470856071 0.271928871964891
0.00103698415375562 -0.00275477014558381 0.230901246112669 -0.0738346107430962
-0.00549143478982985 0.00514437850122327 -0.0927959437818387 -0.185416667785725
0.00813081086788965 0.000510120970603171 0.0938933196586709 0.150299111826209
-0.0174298500210938 0.0087728922726817 -0.13091609069136 0.0649249971217336
-0.0157978127522983 -0.00629093226092996 -0.392957429232332 -0.218253311695473
-0.0202377625246344 -0.0359878737845891 -0.00445843488610298 -0.589172862076014
0.0103622841954618 -0.0488841381133498 0.735534569102432 -0.274247707558338
0.00882413684229051 0.0186252937047894 0.629736498138196 0.649869146103531
-0.0318180172924131 0.00175786954334544 -0.178008106130034 0.673332951320296
-0.0279858565982217 -0.0216549480714392 0.0190568920900632 0.113167985052545
-0.0041468075591949 -0.00210912045311889 0.308136240285375 -0.596050004051741
0.00205061934906644 0.00483751002653422 -0.481893615477442 -0.869265453389065
-0.00328902710805389 -0.0142229476346396 -0.916674448794703 0.10857902475
-0.0300371555648025 0.000379187828400789 -0.113562705069544 0.676067934028472
-0.0153617767686712 0.0214479052780465 0.387834748603518 0.275462086407056
-0.00244158199013168 0.000499731741807032 0.23359551276485 -0.0735708038830264
-0.0101503739453783 0.00936335001024532 -0.0914285077482934 -0.186182505616507
0.00426366200424999 0.00341031826754326 0.093184072586997 0.150763861891306
-0.0196034322581121 0.0120711110020639 -0.128003912600084 0.0647586214220014
-0.0160284509471958 -0.00303518113892259 -0.390319481805443 -0.21781665203124
-0.0167603360005516 -0.03357015235334 -0.000987619274136542 -0.588553231472668
0.0132037390596355 -0.0458304016588296 0.736674025152635 -0.272555771615525
0.0107868377398186 0.0168359888743357 0.627689967112846 0.651842591554416
-0.030566388448868 -0.00290923097088158 -0.181638084001394 0.674278123001918
-0.0211092549917619 -0.0259474167204916 0.0158526587092958 0.113082876230798
0.000184095775344836 -0.00666854196126056 0.304538466084986 -0.594000854728632
0.00468935181888445 0.00468869563006475 -0.484474391919926 -0.869641518146762
-0.000455586674910205 -0.0113416648594971 -0.918935106103946 0.112187457917616
-0.0300128545618185 0.00293104556869537 -0.108709681139961 0.677708068248373
-0.0166019289310956 0.0241671204901626 0.390474030300082 0.274272827936023
-0.00614202236518131 0.00217052961590568 0.235046037876442 -0.0746111616508251
-0.0125726494440825 0.0109146542419653 -0.0942472194308958 -0.18526109498802
0.00339637558682685 0.00599931771890602 0.0911780448605179 0.15282276652803
-0.0209313199440787 0.0131332762021991 -0.131054805743883 0.0655764027759872
-0.0166165149135457 -0.00210640070393829 -0.386378985651926 -0.220632243512268
-0.0145582354464884 -0.0317926474550392 0.0118972629478981 -0.587779076162673
0.017286616857577 -0.0450903472722853 0.743590489916961 -0.263379408516444
0.011993566460845 0.0182122034396802 0.621374282466308 0.660343724055178
-0.0268969598576031 -0.0077174836038854 -0.187204969845425 0.672300102149989
-0.0160500161115616 -0.0303786455654522 0.0171720152640636 0.109550853880452
0.00275281762115387 -0.00995977179632338 0.301707909402964 -0.597334363123814
0.00713619219085927 0.00473786622504004 -0.493570854428574 -0.859815385191012
0.00304790910581904 -0.00959496033813319 -0.915195708309446 0.122939242429071
-0.0289367067643453 0.00648907701634621 -0.0978502633508485 0.681476200017639
-0.0176196187956707 0.0270898596456369 0.393886846804956 0.271505218789816
-0.00760076227956656 0.00419819843383366 0.232821793391901 -0.0745660678622437
-0.0137151254199751 0.0128967846320811 -0.0936073326258792 -0.184916193092202
0.0029576433088933 0.00681877972124802 0.0887923640026532 0.153384524437643
-0.0232413309647173 0.0138663523765479 -0.133234727189708 0.0662444307195691
-0.019191250223503 -0.00022796971029201 -0.382030268477183 -0.222903063474316
-0.0124147436700661 -0.0318989755583054 0.0256049146339961 -0.584172880156396
0.0209029137681175 -0.0440388377342029 0.751861779036563 -0.246561983351086
0.0143176907128673 0.0165192039867194 0.607642603524138 0.674859478538628
-0.0228205800343335 -0.0109332951224489 -0.197121435109896 0.670422084577014
-0.010896295221281 -0.0326120645658698 0.0209446571001458 0.106027895632241
0.00714201892297139 -0.0124184750626456 0.295034975806677 -0.600391564054069
0.00884142092674466 0.00413293301734573 -0.508377593571499 -0.849823723925446
0.00392500695531715 -0.00609704782156444 -0.905205782506218 0.141151362572513
-0.0263513923552349 0.00786053146520761 -0.0840003201176461 0.682530859458272
-0.0181967062894191 0.0274298614852088 0.397507048281144 0.270335370700631
-0.00790124790602062 0.00346332694040539 0.23129410093661 -0.0748085657320826
-0.0141917157005897 0.0134654119334776 -0.0957323975765529 -0.185646342209369
0.0150692881893547 -0.00794952623493132 0.0878085274365669 0.148904492287792
-0.0111312645147279 0.00306351756900297 -0.14412434877649 0.0624365909063352
-0.0132234565026943 -0.01094063813185 -0.387064828338587 -0.219737073823103
-0.0278866949509771 -0.0356509469920251 0.0338188915798928 -0.572728687096979
0.00482464758361349 -0.0447530342020329 0.764033622093071 -0.221303754526473
0.00684994904076736 0.0226192727214014 0.604778223947599 0.687855236231059
-0.0372649036348685 0.011259964212429 -0.189456254459532 0.659698266171283
-0.0364913581813478 -0.0107614621952051 0.0398769423311484 0.0942509611536648
-0.00749202399371623 0.00739376340387889 0.286146196406142 -0.614318698862031
0.00114776965231691 0.006574047374252 -0.528100078680716 -0.817742794746803
-0.0136343825510524 -0.0120722389350478 -0.886453412731872 0.186412123935513
-0.0413710435619288 0.00307547880006925 -0.0578799662824258 0.690024973633897
-0.0112183280305905 0.0148695469230472 0.396128766806066 0.26135602563225
0.00364134869107457 -0.00757539870341275 0.220427346969995 -0.0802720811439583
0.00247878704459627 -0.00129484872769672 -0.102217885467082 -0.181023768916005
0.0133008987260208 -0.00645818640719306 0.0901701942299056 0.148329806428385
-0.0128489454593203 0.00407856559423775 -0.13992399414074 0.063820967491383
-0.0136759089938007 -0.0105111873771328 -0.39021306869894 -0.217784343471965
-0.0269516060059787 -0.0361097011703934 0.0176196354337079 -0.575489688654598
0.00340166444290438 -0.0461116635586131 0.752745634646185 -0.242749772995394
0.00683586302559915 0.0229804754485223 0.614640103738008 0.67261667691178
-0.0389898626209854 0.0116239493386409 -0.182338654167202 0.663057911366764
-0.0376798062437947 -0.0107395001044046 0.0340123975388152 0.10063341206988
-0.00909570354778525 0.00552590108595314 0.293642389086444 -0.606771502875336
0.00095624738260847 0.00544911544510444 -0.51256512323486 -0.833354746065656
-0.0112089326715649 -0.0144511344342812 -0.89643550615739 0.163025928579964
-0.0394217733875381 0.000107791924900444 -0.0776091904127029 0.684420422141237
-0.0103326228101644 0.0158180799555048 0.392187382821601 0.262298846952349
0.00329552513586165 -0.00691925715396689 0.223433417181198 -0.0780966119260769
-5.62670809620249E-05 0.000626483833190436 -0.0996693978605668 -0.182543754855874
0.0117844964719841 -0.00472687894328958 0.0924016963793823 0.148236532553152
-0.0139941974814931 0.00637495099764239 -0.136016871537174 0.0641241736913889
-0.0151419130939403 -0.00879862243316642 -0.391094535010813 -0.214860496084282
-0.0258415906160339 -0.0356110020986352 0.00234186917278801 -0.580736859820959
0.00433747583897196 -0.0475910481147826 0.741228177682306 -0.26187497109966
0.00697227998885569 0.0217340687099813 0.624689900288455 0.657187882382512
-0.039064302167237 0.0105943220059726 -0.174523859067071 0.667550374931581
-0.0379282350562749 -0.0125888070578698 0.0280835318031485 0.106547879564361
-0.00915939660987285 0.00451593193200065 0.298688295677473 -0.600495898897657
0.000945537508789337 0.00390816738884502 -0.500942970751337 -0.847395927609741
-0.00862518632120477 -0.0159191337192018 -0.904123217862791 0.13985304219284
-0.0369139210053827 -0.000434208709856096 -0.0923872525459052 0.682134398805399
-0.0106627674583821 0.0165588694983626 0.389103273397461 0.267072305476916
0.00226511467653718 -0.0047164473595801 0.227966880384749 -0.0768697044087086
-0.00228486927243376 0.00303238102351134 -0.0973177192563034 -0.183306148364276
0.00951045504688639 -0.00254950967059092 0.0934313854376655 0.148231431903462
-0.0157661267742703 0.0075368623874742 -0.132927177451012 0.0636497597369531
-0.0156883040878135 -0.00653451818633294 -0.392760503615135 -0.21338737814471
-0.0235006298939949 -0.0351208260293671 -0.00606736131868926 -0.582637792480064
0.00692813615503048 -0.0482363560739335 0.735316895116226 -0.272500901174403
0.00765323562162185 0.0202653188068183 0.629722204878109 0.646489767690942
-0.0366740949527702 0.00687012174397128 -0.172819824324039 0.671224107579337
-0.0335283322104062 -0.0161598725025731 0.0215928356015453 0.109515654632177
-0.00759799195073834 0.0011703719165131 0.30169313032952 -0.594319362645992
0.00140477252530217 0.00410090592168887 -0.489268546269942 -0.856931767139206
-0.00529801843467041 -0.0153591109583219 -0.91065680010048 0.122739970060706
-0.0336912309918041 -0.00117702227063406 -0.103893492658919 0.677442639504238
-0.0116894996877326 0.0188556055291991 0.388349352716006 0.269040610339729
-0.0010036038801999 -0.00192116971855425 0.230554099006417 -0.0761561448241153
-0.00572549978385771 0.00616289297527939 -0.0943782147842077 -0.1840267024135
0.00636531297999614 0.000465636317329811 0.0938336714512724 0.148596321631076
-0.017550200161128 0.0100216341630879 -0.131044097569784 0.0659205645055057
-0.0160886656132192 -0.00531904584490399 -0.392086040116829 -0.213413742921481
-0.0206758657357826 -0.0349064845316823 -0.00834813698572605 -0.58428299377594
0.00971177443262656 -0.048366327572637 0.729783356738693 -0.278013216015975
0.00907710412443897 0.0180651675309585 0.630142653294682 0.643593445059821
-0.0340046630453748 0.00215069563664019 -0.172654018407027 0.6714821063443
-0.0288301671409781 -0.0208672167246895 0.0184429524184733 0.111999760699278
-0.00479424698004284 -0.00275280035852904 0.300837027760172 -0.592646044956561
0.00281754169500596 0.00402770208679841 -0.48730138681382 -0.860962670412574
-0.00173256349010744 -0.0142945378997041 -0.911698782936978 0.114098233337905
-0.0311326513091135 0.000291866898334849 -0.105914015249219 0.675778699331439
-0.0144301478697131 0.0216717566565507 0.389558158979583 0.269945942996991
-0.00406530457441914 0.000125401407476099 0.233064757280205 -0.0746244607950542
-0.00980186254994313 0.00904660993036899 -0.0925623390343022 -0.184045579196175
0.00506964987271503 0.00311133292186187 0.0934890837074909 0.149196479043856
-0.0186778052742808 0.0118649203837895 -0.129611183676568 0.065486748985892
-0.0170422280291413 -0.0036527747058521 -0.390021953402532 -0.213188498601977
-0.018020503438435 -0.0332050066755785 -0.00355488922016727 -0.584524917888713
0.0133338809458166 -0.0470122992092438 0.731682882159795 -0.27713891531796
0.0109559414932476 0.0175771895788814 0.625963024262847 0.644704198087412
-0.0304787878862886 -0.00295318197736989 -0.176230829546617 0.670551695032906
-0.022675822769193 -0.0261134155961365 0.0169770566014514 0.112152849284039
-0.00155306644770223 -0.00684788670600907 0.298965636346827 -0.592524811921991
0.00409156997526443 0.00406673233172258 -0.489620328977753 -0.859531852601214
0.00104582218446554 -0.0120970137582026 -0.910897045822891 0.116744677386168
-0.0293950828104718 0.00339479973490153 -0.104110191894981 0.676080392606267
-0.0155697292718039 0.0248914060970801 0.39062935066258 0.269367997056319
-0.00638326790669071 0.00254746467995471 0.233801094309479 -0.0752149968476878
-0.0118837850687257 0.0113043796313679 -0.0925346312485953 -0.183675255206694
0.00333232929569419 0.00602727942563359 0.0907421474133583 0.150831767457032
-0.0214246737061986 0.0134860438932847 -0.130067733553164 0.0656176919372813
-0.0178398907291438 -0.00195083259123752 -0.385905803222435 -0.214805431172843
-0.0147084530415302 -0.0323953561169756 0.00574310721971789 -0.584835588789552
0.0170170326964608 -0.0451596563997323 0.737750752089066 -0.267417253528895
0.0126329816548145 0.0175097828098062 0.620438073881227 0.651240374348534
-0.0269696408196158 -0.00773854957950306 -0.182781092267729 0.669631761142791
-0.0164624274380904 -0.029914752639141 0.0178698435615578 0.10903791464401
0.00327297934177278 -0.0102390305073492 0.296083186470989 -0.596102592037786
0.00659047582550199 0.0051606577488859 -0.497589764359305 -0.852053197904342
0.00346991682186063 -0.00941730278633271 -0.907799276800842 0.125804166757678
-0.0272236807689593 0.00616805178534541 -0.0931836927760666 0.678013871749757
-0.0179775063145928 0.0267373336314828 0.394073381920361 0.268017964853132
-0.00834351155009398 0.003754715635992 0.232067892777968 -0.0749494629959859
-0.014525286579852 0.0132308631155526 -0.0935347482193733 -0.183434438708634
0.00266162195855976 0.00655756338297648 0.0894059777141847 0.151563362548671
-0.0220931149098942 0.014463173156552 -0.132560674639074 0.0665458780708905
-0.0187522266114975 -0.000583919908148092 -0.38183337845783 -0.216948907344527
-0.0137436541248887 -0.0302840413041488 0.0214600074815675 -0.582516621471343
0.0196799794155666 -0.0429539314106032 0.746094488618735 -0.250747374402215
0.0144872888562034 0.0174545049171835 0.608526361132478 0.665508102656088
-0.0241089493174566 -0.0101139443588425 -0.19101268518984 0.66691746078287
-0.0108854806551271 -0.0331055257653845 0.0209077429871973 0.105264642161567
0.00634761225293904 -0.0130665943208298 0.288571928326358 -0.601260858354462
0.00897081550376471 0.00473779610881243 -0.510718236203156 -0.839826227168561
0.00442770297351854 -0.00707497691562295 -0.901535647691817 0.147396419474137
-0.0263331110481875 0.00864951720313577 -0.0782771922167619 0.681106339419444
-0.0185114338841637 0.028354295900737 0.398079542546464 0.266318686416431
-0.00939269507972892 0.00331824549991112 0.229144880765737 -0.0758542095154299
-0.0142337526771783 0.013468233605097 -0.095295661675209 -0.181755349878421
0.0149430767107772 -0.00780512370933359 0.0878091615255412 0.147425303333497
-0.0119500027721262 0.00394437835490804 -0.144235886227186 0.0629698317402263
-0.0140871496413972 -0.0107950621217922 -0.386466241767756 -0.214383934513927
-0.0286562717447924 -0.0359690452519984 0.0303031346262096 -0.569078323281003
0.0050652723260397 -0.0442806773740698 0.757548297793454 -0.22427872718852
0.00716457350016853 0.0235917130779973 0.604779176236311 0.680418639179189
-0.0373322501507098 0.0112484660178056 -0.184445579269267 0.656013271275359
-0.0370661447153353 -0.0100751157871272 0.0405265637608716 0.0938221064263709
-0.006930273356814 0.00679792284247049 0.282787355646961 -0.61114491681768
0.00156563546144414 0.00629576578344639 -0.529973863131738 -0.809845145069525
-0.0130993080555001 -0.0112422726016422 -0.880824016110961 0.189925834870898
-0.0403477830455983 0.00319394252391129 -0.0528679535018474 0.686778016556176
-0.0103657388298161 0.0149803719951273 0.396096761216053 0.255475521714605
0.00301564380927394 -0.00777518058650036 0.219290114370383 -0.0811677279251094
0.00214379572155107 -0.000530001350962464 -0.102301797814389 -0.180133085144075
0.0128364656519453 -0.00691262638883761 0.090650739308662 0.147020672778903
-0.0125387200407868 0.00561183856340872 -0.139927334771776 0.0633434833168037
-0.0142576766433911 -0.0096983775333763 -0.389433191045383 -0.212152156272047
-0.027544158681003 -0.0357734819186714 0.0124921537232857 -0.573653298071637
0.00385402471107736 -0.0462148072770875 0.746730237749904 -0.24529199001318
0.00667984495657459 0.0235378624690737 0.617517165455927 0.662360015743142
-0.0391086945702729 0.0119261994008859 -0.17653590381705 0.660617738483667
-0.0379303106041358 -0.0103112543032081 0.0337186803590171 0.0997662303634638
-0.00900471389437446 0.00573323088162426 0.28780651092061 -0.606137386042265
0.000828347544945342 0.00517719821383603 -0.517862000240937 -0.825750853365308
-0.011646386515942 -0.0142258873127646 -0.893034564652029 0.168338019597196
-0.0387134135889266 0.00114486019197791 -0.070388533914232 0.683231339333759
-0.0105804618657641 0.0151213457638665 0.390402868159576 0.25934790554432
0.00230054396151017 -0.00627673592757539 0.224160572204472 -0.079770365441496
0.000876901324847167 0.00125962649010336 -0.100329692318733 -0.180803554323514
0.01099503409259 -0.00498572573443517 0.0937948889698361 0.146677426354326
-0.0138081752327885 0.00637403842514629 -0.13450781788396 0.063852158068746
-0.0154647331145653 -0.008790238682829 -0.391342414459703 -0.209456911465301
-0.0267128395920968 -0.036117329905252 -0.00129449690664431 -0.577776490113073
0.00402956010295722 -0.0465500751733817 0.73503945925359 -0.262993165994092
0.00667312229733464 0.0223076591253592 0.625517097638331 0.649137240585946
-0.0389337870711155 0.0097109529424748 -0.170820269120683 0.664625743964202
-0.0375364896778614 -0.0126681553631847 0.0279239845945536 0.104777069427244
-0.0103012117883357 0.0041757042197096 0.295718764408248 -0.597737430611749
0.00102887272243854 0.00469011670650639 -0.501951252161097 -0.838596170273129
-0.00886968208119436 -0.0157545188096453 -0.899566030649911 0.144594044878725
-0.0363382932600206 -0.000496618226324963 -0.0884338210581898 0.67716948910242
-0.0104237150847549 0.0161524914690188 0.389991035185057 0.262609436821728
0.000663782486535673 -0.00447670145181892 0.226718764113151 -0.0783575857756171
-0.00262771022696863 0.0037891557375178 -0.097322051530977 -0.181656570787931
0.00860120982911963 -0.00252679750929054 0.0942024130034413 0.145999556978924
-0.0158342181002858 0.00840337641681838 -0.132524795135634 0.0647136937391934
-0.015952549448644 -0.00637645118895323 -0.392514876485382 -0.20778745845044
-0.0245017246681019 -0.0350999362281831 -0.0101748540306563 -0.579204026103006
0.00624205316691525 -0.0472677927375951 0.727908269445411 -0.275520528394943
0.00764635743385599 0.0205421623401967 0.631281727234387 0.63772055013994
-0.036952272390788 0.00668573449416856 -0.167969190446187 0.665943903649003
-0.0341956082876104 -0.0160963821962651 0.0227866337668011 0.109277089885698
-0.00778789866416069 0.000501874417751307 0.296583157459913 -0.594157701889077
0.00151858290506377 0.00473314855645339 -0.491890178360404 -0.849601767608436
-0.00491742231051626 -0.0148846355278991 -0.904770520364827 0.126712639756821
-0.0338683252964881 -0.000213715664048209 -0.0976510334064258 0.673145015118413
-0.0125927571865535 0.0189735367156324 0.389532059233931 0.265298962820724
-0.00161297573805501 -0.00112473259121688 0.230696617342151 -0.0769588282398762
-0.00576950545041037 0.00643441772831999 -0.0949136462486916 -0.182363335726251
0.00630532862867172 0.00042202212637511 0.0939618815904072 0.147356152029247
-0.0176955595111263 0.0103108905391735 -0.13029761332118 0.0651723759393889
-0.016233691231667 -0.00490092255667217 -0.391948840681197 -0.208801661002032
-0.0210996682924676 -0.0345486976168313 -0.012709845565542 -0.582877342030386
0.00929831916903887 -0.0476463358397832 0.723723699427472 -0.28056236788783
0.00934570109123282 0.0192429699897096 0.632639438654745 0.632292056763757
-0.0349420625450571 0.00244191772698321 -0.167143495449944 0.668913294094181
-0.0287975579347854 -0.0206409180748541 0.0198615214941474 0.111141650334802
-0.00483768397295968 -0.00329579565982347 0.296930153227473 -0.592992943596858
0.00258326538615376 0.00373832982841826 -0.489521800288256 -0.854189684616955
-0.00184271401415026 -0.0142557312329522 -0.906280750488459 0.120490988092634
-0.0316700742613245 0.00141338201678049 -0.101934380550488 0.671669324883947
-0.0138618371440107 0.0221480764622157 0.388368577593045 0.265484490575649
-0.00408558721496821 0.000338309043821532 0.232336522742755 -0.076497128147424
-0.00885823777259645 0.0100039501420732 -0.0940209488911098 -0.182772775412129
0.00410625054783434 0.0037872337269909 0.0942015345810161 0.148630849797663
-0.0189474973363075 0.0126686473216948 -0.129712578318043 0.0651799861135089
-0.0175037539618081 -0.00307166805705311 -0.389715269258961 -0.208336537213444
-0.0181382993791221 -0.0330078936026246 -0.00702754210778044 -0.581593126940082
0.0135069867930871 -0.0468949162097125 0.725511152840841 -0.280868831962915
0.0112481334572024 0.018294056164394 0.627131500446826 0.635279552538416
-0.0307269043224921 -0.00310338352805937 -0.171477514736374 0.666158100886072
-0.0229786766011838 -0.0258333940816015 0.0176783888808913 0.110503657555237
-0.00176268480269168 -0.0072568202474935 0.295043398649244 -0.590574835288279
0.00407799505579472 0.00402221843922924 -0.493616077354505 -0.852685429431405
0.000857054730487146 -0.0114965347467987 -0.905875732930516 0.121154536424978
-0.0295772226008287 0.00395728109974808 -0.098896492191106 0.671387974772781
-0.0157850743280432 0.0242755413684564 0.39186492456534 0.265486605279399
-0.00707601872074712 0.00348497674721735 0.232765136778843 -0.0755310662426369
-0.0120249637798784 0.0123468613330624 -0.0934979460682335 -0.182134513016907
0.00306024108908756 0.00575938146619625 0.0923653429244272 0.149589762469033
-0.0208096906678962 0.0139122782013087 -0.129885008577847 0.0664040662496498
-0.0184891920370992 -0.00164179860402649 -0.385173554682579 -0.209971325784334
-0.0161896059441838 -0.0322687156308836 0.00280805001429721 -0.581964854254084
0.0163868351296739 -0.0452143063824309 0.730418858603255 -0.271147854841888
0.0126175959882013 0.0179421506276842 0.621577314945033 0.642041924862903
-0.0275556709899169 -0.00724536965404998 -0.177438571740827 0.6653658706134
-0.0169035483011337 -0.0300443140080428 0.0186812509211713 0.1087765138934
0.00266913287344071 -0.0106029587514684 0.28813308504945 -0.5951146692137
0.00710878675641527 0.00432930456295634 -0.498768545122595 -0.844667726626162
0.00326109323109678 -0.00914516808803739 -0.901840156075783 0.13201244470133
-0.028061649928627 0.00640871082803848 -0.0877572080893084 0.675578774235677
-0.0174683544121461 0.0262924278466328 0.393681247304117 0.264567001475814
-0.00868765003951725 0.00401417626511582 0.231644024800407 -0.0768948904387612
-0.0134204673045218 0.0136127879927077 -0.0939667961567589 -0.181956700813549
0.00319281406906496 0.00675156594861588 0.0899661190512535 0.149952133906954
-0.0222635336679115 0.015436375655476 -0.132817034860514 0.0669629715370922
-0.019076179722161 -0.000329511403746344 -0.380860825198325 -0.213060716069275
-0.0149065794781266 -0.0301313915551792 0.0168871696074187 -0.578833347048515
0.0193593819566794 -0.0428355920007423 0.740184674459585 -0.254422311807221
0.0136822877785438 0.018016892128672 0.611928813049519 0.656714742806546
-0.0240608134392588 -0.0102859313713335 -0.186624554504859 0.662873833550803
-0.0120743932887353 -0.0330677349229484 0.0216230399809915 0.104374185263593
0.00589829944421805 -0.0132066744854908 0.283399868706419 -0.599237424958075
0.00874917030772259 0.00431505596000287 -0.514807944422571 -0.833328861421182
0.00473485346542701 -0.00751691320269939 -0.896221233668356 0.152634554955442
-0.0268759384070014 0.00906917836009084 -0.0728145298268856 0.678674448852759
-0.0177895749800084 0.0281588892250745 0.398540237332308 0.26144804711615
-0.00933086950454741 0.00419567209401528 0.228657906105399 -0.0780291699356396
-0.0152185385195747 0.0144361323073168 -0.0963904237362 -0.18039091071272
0.0140561207835078 -0.00772392698309927 0.0883147669901577 0.146303170853599
-0.0111571815247533 0.00461760024464865 -0.144096730045021 0.0631163220648749
-0.0137675683994981 -0.010458603113369 -0.385909346291469 -0.209900446555905
-0.0289375675285586 -0.0349470569245017 0.0256460771013095 -0.566749997086982
0.00455474872985818 -0.0439675765724074 0.751908875783846 -0.228108455211353
0.00672620976492783 0.0237707878230825 0.607459996906385 0.67313455667606
-0.0384010068051854 0.011560901290879 -0.1798294141958 0.654414297220522
-0.0366525182964346 -0.0104224903534107 0.0409351363961259 0.0936683489018365
-0.0078385468727653 0.00626858533980412 0.278103356279551 -0.609605617273009
0.00131536581620743 0.00533017136588968 -0.53199176513489 -0.804782462534925
-0.0128041131836316 -0.0110894936423764 -0.875827364528969 0.194139513958681
-0.0407340378229533 0.00399573329433266 -0.0468889497012957 0.682126222704901
-0.0102451450431126 0.0144578413630194 0.39603996698837 0.252144576308304
0.00277715705771134 -0.00733588566403203 0.218494941728564 -0.0830736738644244
0.00232471268800047 0.000216044878115365 -0.10264730674039 -0.17831914493632
0.0130966753555732 -0.00673197487154919 0.0905580958981133 0.145948059872134
-0.0117765567920047 0.00547844886870216 -0.139250237777461 0.0636347331026072
-0.0148440294502364 -0.0095587393850419 -0.388390599667755 -0.207956913919302
-0.0287571993854569 -0.034831512466065 0.0102044187627372 -0.570200796777958
0.00366411715861143 -0.0456164580859492 0.741396487141496 -0.24714058664038
0.00690777924852211 0.0229839299227143 0.616962490203719 0.654512758472848
-0.0391934485486004 0.0121034709524047 -0.171746512059472 0.657060069453856
-0.0387610669493517 -0.010481949383539 0.0346368526304125 0.0992100629590751
-0.00966997152170453 0.00539692483881114 0.282934370168739 -0.603831859165094
0.000553183405368182 0.00492801803187571 -0.518343796745979 -0.819251134079739
-0.0113509983048726 -0.0141373632037503 -0.884832311548094 0.172630197923005
-0.0388691380465137 0.00123622663025252 -0.0667525825774889 0.678503993264851
-0.00990080302273071 0.0150626790152803 0.392585105193609 0.255589148765371
0.00209643672202877 -0.00600012295010728 0.223270167286396 -0.0810448273686575
0.000501178854970533 0.00189600859364073 -0.100132034514566 -0.179578747174522
0.0110131721014825 -0.0049973670235781 0.0936370832414561 0.144968584440152
-0.0134215835418612 0.00755871225588307 -0.134472116253951 0.0640342044366712
-0.0158744529573844 -0.00839956712166349 -0.391568349369379 -0.205672928108459
-0.0269174208383712 -0.0350990074277863 -0.00350954298752366 -0.573028790529059
0.00430796785510093 -0.0469411044901021 0.731115078922927 -0.267162744703538
0.00712506883546974 0.0220706897203771 0.626094664193654 0.641430208076141
-0.038880372713349 0.00990710529698796 -0.166345035909871 0.661108022860614
-0.0382721545420677 -0.0126908846457106 0.0285693645909615 0.104758881338885
-0.00984837166029248 0.00366535952062462 0.290314232859942 -0.596545125760311
0.00111875714828276 0.0037916017341781 -0.505518703907518 -0.834195639714525
-0.00823990836696266 -0.0147509982501725 -0.892730137179251 0.150892360303833
-0.035929628552609 -1.43607402672344E-05 -0.0827891579838011 0.675070588321299
-0.0110514810052183 0.0162541323658286 0.39044897579223 0.259199236754894
0.000307777808529081 -0.0042179727693165 0.227129676882426 -0.0798167238290294
-0.00233430663361293 0.00433506419989792 -0.0979407834341566 -0.181083632076096
0.00820236174917055 -0.00211776977028091 0.0939725842327656 0.145078766488139
-0.0154815837351217 0.00894821831871022 -0.132327171120419 0.0650950934752293
-0.0160456942181122 -0.00629453160310867 -0.392100855378055 -0.204308052552315
-0.0247623983961637 -0.0347089667985735 -0.0130004409252095 -0.576796157476042
0.0062126690622986 -0.0470835171600263 0.722827076182986 -0.277787324668757
0.00776865750892003 0.0213008566975045 0.630310077719843 0.629103156245432
-0.0369811724703649 0.00719754203163056 -0.164327301261231 0.661746080026223
-0.0343855310730116 -0.0164801636330389 0.0234401123927019 0.108966734434217
-0.00810132925051099 -0.00015041041648719 0.291126961150736 -0.592406231333988
0.00144726853252687 0.00424823836969644 -0.495086320858649 -0.844975920863757
-0.0057603158365997 -0.0149043824478769 -0.899550533810775 0.132912887597611
-0.0336484681541537 0.000172138149704616 -0.09333752974919 0.671710684185774
-0.012228559009031 0.0189485748071801 0.388938289094545 0.260474374142364
-0.0014377884471607 -0.00171556190441421 0.229537017949869 -0.0787566929349693
-0.00585568645924855 0.0072478473262851 -0.0952371771442008 -0.180437560536229
0.00624360064580783 1.37340599506406E-05 0.0944656524300996 0.145980467302835
-0.0172947190483951 0.0113082338987764 -0.129530372553453 0.0643546299998457
-0.0173871044404978 -0.00434620377205087 -0.392121571058535 -0.203451724099674
-0.021880550074182 -0.0340686967156594 -0.0163225581147153 -0.578237641864734
0.00933860834016266 -0.0474042150010605 0.719201080989882 -0.284847863646326
0.00887335321516323 0.0198341239986529 0.633688585205986 0.626999184013517
-0.0352615595259817 0.00170345313422697 -0.162354709298157 0.665110859825997
-0.0288398295441619 -0.0204302175443319 0.0207481128901881 0.109959601284675
-0.0055261330093152 -0.0036598908860456 0.291856467770024 -0.590257550403284
0.00291570507918272 0.00319551369556262 -0.492002872797892 -0.84732879098294
-0.00177819600261757 -0.0140721300296863 -0.901108624618862 0.126533052871069
-0.0304891821107733 0.00120505105922304 -0.0947188349519559 0.667838761872874
-0.0136906408265553 0.0218820976906828 0.389553758037782 0.260900245043166
-0.0047902030955582 0.00107510614722106 0.232328239989953 -0.0780472059697884
-0.00916388016573006 0.0101784914306467 -0.0934737982402905 -0.181151056194996
0.00403416256716144 0.00342244536698922 0.0936301073238207 0.146248649830402
-0.0190140033099672 0.0129171130850624 -0.128824484847058 0.0652025686977071
-0.0176149680372115 -0.00274733040549845 -0.389539355253255 -0.204692982528748
-0.0187895274666416 -0.0334179827696481 -0.01255688966182 -0.57870225730219
0.0128201632039715 -0.0466317304605612 0.72138228670659 -0.283638596987908
0.0109144316943375 0.0184326172074905 0.626594704661225 0.627830650707289
-0.0317949583105544 -0.00294969254537463 -0.167533558159155 0.665045067097139
-0.0234575906445555 -0.0258203978519369 0.0180639930136743 0.110578232732472
-0.00191887061334493 -0.00777050325270635 0.28881380729036 -0.589343052219047
0.00452887258870772 0.00347740765215789 -0.495526799048794 -0.846094657039656
0.0010051752574899 -0.0115792138900658 -0.902137734966531 0.125236145644239
-0.0291291247248394 0.00378656278193023 -0.0935811903486088 0.669970011406884
-0.0160420014804255 0.0245982435721442 0.39147396583264 0.26153103379556
-0.00772442580602998 0.00303947897209801 0.231737814477235 -0.0770442370801047
-0.0120243218552743 0.0122371846598183 -0.0944630641515563 -0.180084586446958
0.00251230290045406 0.00573892890988755 0.0921629321434051 0.148151618780744
-0.0202876423147969 0.014696386850265 -0.129760521702134 0.0659431760044726
-0.0184145266965134 -0.00127990681080824 -0.384875120839501 -0.206081299237693
-0.0164899475229854 -0.031387630949748 -0.00129496451496184 -0.578079613912898
0.0165141067966565 -0.0451764378439836 0.726094978530321 -0.272529583917932
0.0129494255393021 0.0182548434230895 0.62067048373701 0.635588988697345
-0.0284510192569438 -0.00634534128336502 -0.173481973980311 0.663169156733068
-0.0170178358338808 -0.0294869500916829 0.019339341546821 0.108177371150984
0.0020036681304896 -0.0111339986132046 0.286105080528071 -0.592014272685526
0.00703522072992099 0.003427942980826 -0.503847770056963 -0.837227582818577
0.00301762114183895 -0.00903370502481957 -0.896609272325447 0.13694400884286
-0.0281647696223982 0.00659260615341022 -0.0823926907143114 0.672073074000777
-0.0171363305064427 0.0267747944240335 0.394963506742573 0.25943341172425
-0.00917771300271178 0.00410310393959714 0.230826899710797 -0.0777661051614773
-0.0133338968429816 0.0147170717343343 -0.09470931106797 -0.18019850840119
0.00171434831126837 0.00654456680809918 0.0904271443917008 0.148135675039493
-0.0213804020535845 0.0153116839605164 -0.132124744350908 0.0666041761524876
-0.0189754464270567 0.000315592442878538 -0.380819112146326 -0.206895056810697
-0.0151570841479301 -0.0297470056079987 0.0136522798888301 -0.576897748954803
0.0191127857701858 -0.0419198783660145 0.735263422522762 -0.257331647464338
0.0144898947166061 0.0186408111489691 0.611401278318179 0.649228790562799
-0.0239217466019224 -0.0104309270597016 -0.181271446499395 0.659992718985856
-0.0115129209284445 -0.0332600209584808 0.0227525236978001 0.103578319590072
0.00593021343454421 -0.0134015529570097 0.278739288469685 -0.598646442478551
0.00864211100254984 0.00395213483730866 -0.514929934090035 -0.827547739338655
0.00524604777254075 -0.0074619228454368 -0.891812598537646 0.156748900669939
-0.0266254458734922 0.00909615308069334 -0.0669500833885247 0.674957515357146
-0.0174714222550006 0.0280050646473822 0.398848064107529 0.257259170086629
-0.0099061709306128 0.00473392609632661 0.22739731181549 -0.0784160985751658
-0.014222729586867 0.015415161494164 -0.0962867297317162 -0.179205496829484
0.0138031274499304 -0.00755826356606934 0.0881980226148958 0.144446010609855
-0.0108909576799501 0.00481032925312944 -0.143489798353666 0.0625500254738703
-0.0147106031481631 -0.00965109940383288 -0.384690322493376 -0.20594153934773
-0.0295781021554525 -0.0344298285600466 0.0213519246142075 -0.563559515615323
0.00442862545002001 -0.0443051506283257 0.74822656020572 -0.232241295307056
0.00708863223268902 0.0240561745376703 0.607236840208144 0.666700686816522
-0.0378587279500478 0.0112980893164581 -0.175623075198251 0.64956704825575
-0.0365901484477602 -0.0102090846375128 0.0400492553842154 0.0929229002542782
-0.0079383711607392 0.00573121330115637 0.272873606415769 -0.607750688441298
0.0017463248096529 0.00581155152634465 -0.533965587352073 -0.79795106966224
-0.0124234221244757 -0.0115705777803465 -0.87018424040006 0.199798534521535
-0.0401288986147082 0.00409793999404705 -0.0438905923503377 0.6801754099546
-0.0103872659363261 0.0154078131669004 0.397377952417384 0.248864762231411
0.00175838232279453 -0.00736463875353506 0.21795919244658 -0.0833647691284368
0.00243322655663466 0.000634603077717098 -0.103311186423933 -0.177194356021354
0.0126882186744056 -0.0066253977021183 0.0911288022748104 0.144003255475901
-0.0121155415603503 0.00621655940654428 -0.138915088843982 0.0632917264939876
-0.0155809048593323 -0.00918414602206185 -0.388847283803887 -0.202973137467708
-0.0289603567016764 -0.0344885132346212 0.00781460151440775 -0.566774154893777
0.00312177157688854 -0.0458439551034423 0.73584605385389 -0.252243724589591
0.0067213716730094 0.0235757480748942 0.617052049728099 0.649900237850958
-0.0392503120159211 0.0130271351428831 -0.168079951940751 0.655474894748768
-0.0387570084200254 -0.010451340868879 0.0347292817138958 0.098450445449283
-0.00928523529266899 0.00502066055589614 0.279638886295205 -0.602185594824963
0.00104180798446881 0.00513686689010026 -0.521140244200278 -0.811916283352162
-0.0117009715371782 -0.0133232313395306 -0.879634985084483 0.177880067372076
-0.0383099577333224 0.00219726045584979 -0.0630320869419263 0.675118317965799
-0.0099455317287561 0.0153542092613421 0.391525434831329 0.251662738469402
0.00105782219852757 -0.00546036576589762 0.222456272229508 -0.0822263313756053
0.000304912212237999 0.00229970592187045 -0.101111837936178 -0.178208865780906
0.0101398176966199 -0.00452658462297782 0.0938102449766741 0.144695940102603
-0.0134966286739005 0.00779817281992997 -0.135559047328944 0.0643037283566233
-0.0157769441461025 -0.00773387099613313 -0.390683783816064 -0.201649328214895
-0.0277258400155146 -0.0341319792074117 -0.00897385590619534 -0.569933083691514
0.00369003583262364 -0.0469693487179252 0.725419534529156 -0.271074930019613
0.0073997994228091 0.0220795724384248 0.626346679311291 0.634698097189985
-0.0395701082225268 0.0106660626500992 -0.16189815298406 0.658117416539742
-0.0379259470251937 -0.011742025644932 0.0287923018134588 0.103585398167685
-0.010239409049812 0.0032942592078732 0.285809077380047 -0.597445280502472
0.000566118164017398 0.00385216856445757 -0.508162249912732 -0.828085264218972
-0.00848125831010277 -0.0149088909760526 -0.88821743806633 0.152609288408268
-0.0359597716918372 0.000400538144138842 -0.0797418176092124 0.672936371535851
-0.0107273803695627 0.0167138577124617 0.390497170585975 0.254077764859037
-0.000630033043355595 -0.00382313198617783 0.226115203302883 -0.0808375888299918
-0.00222405480961001 0.0053304745518754 -0.0985573326947382 -0.179075484385679
0.00770916782357369 -0.00243241873380391 0.0943269213480013 0.143910810075144
-0.0155888004328945 0.00991847737433992 -0.132095840963683 0.0645408761760317
-0.0169905964151208 -0.00594052281201229 -0.391135091119944 -0.199377925963834
-0.0252015106807072 -0.03441628532947 -0.0168715443514572 -0.57263217184132
0.00608855319240843 -0.0469171426083621 0.717482386085858 -0.280860011632496
0.00845721978734926 0.0214431330456815 0.630247938103641 0.622174698657362
-0.0378349903739806 0.00711588351936486 -0.159301914643085 0.66066838580415
-0.0343626708994024 -0.0158509495756302 0.023912669471802 0.107993480823703
-0.00902266028862751 -4.63462803937872E-05 0.285412469671731 -0.590984558684791
0.0015648169102842 0.00383002477771783 -0.498119718415631 -0.83723256183723
-0.00504823346857535 -0.0149331739762735 -0.894246723985781 0.13658612355535
-0.033263945657381 0.000527332935784292 -0.0874775358261959 0.670648446084459
-0.0112711400109821 0.0186624610447368 0.388794566906533 0.257357872473374
-0.00248752340967746 -0.000976897203978332 0.229599210828952 -0.0796222480038978
-0.00481139190821112 0.00813713608608065 -0.0956184287887231 -0.179981465741455
0.00561170587178702 0.000437884449789756 0.0947544915359043 0.144478676403401
-0.0175020060025669 0.0118816134506867 -0.12896721159992 0.0653286861999293
-0.0178317147809198 -0.00421566699775485 -0.390352652945975 -0.199758298306019
-0.0222364925654958 -0.033999259088234 -0.020622876472627 -0.575483293050371
0.0085689738457636 -0.0472583105768905 0.712601230309286 -0.28679697401752
0.0095562346036922 0.0201951324686682 0.631154115777057 0.619581508458807
-0.0350402148470651 0.00271818976735736 -0.158196966732634 0.662681739119855
-0.0298494726307183 -0.0205748783809757 0.0203075962437267 0.110049500071205
-0.00559655092401602 -0.00386530681232015 0.287060680965858 -0.588319278401729
0.00295894677803598 0.00318672000655162 -0.495071663817584 -0.840498302712731
-0.00155386198271798 -0.0137353060392932 -0.896422236709106 0.129431445867345
-0.0311463457118014 0.00218211894721039 -0.0903942737284978 0.666307976485383
-0.0137982773074716 0.0222193890582457 0.390395208834679 0.256348179887549
-0.00546420484812651 0.00163326467035275 0.23174439402893 -0.0797357970018954
-0.00931617392564719 0.0113805288551517 -0.0941269290768925 -0.179573724358329
0.00414754372806672 0.00282559219198271 0.0929686714429838 0.144691662425474
-0.0187648577809982 0.0143514544070658 -0.129209551971653 0.0656113416725825
-0.0184463637055619 -0.0023035041664483 -0.388851000290545 -0.201386037964646
-0.0197112152139422 -0.032502192445572 -0.0158871080003587 -0.575114163389636
0.0127964752466782 -0.0466197082298442 0.714036877669424 -0.287185059040393
0.0111046622475287 0.0188954133713174 0.627783830393399 0.622717539253067
-0.0323305706845584 -0.00169248053482111 -0.163116181710034 0.660531660002431
-0.0237780608167287 -0.025378601170363 0.0185859935360892 0.10996989698122
-0.00203544748145676 -0.00746403526117845 0.28771892849923 -0.588186169532519
0.0041902069791683 0.00375387441231921 -0.497299150970698 -0.839743925519878
0.000756995383950416 -0.0108223033873237 -0.89757722361144 0.131317373341966
-0.0290831810574842 0.00409042531409784 -0.0885272646954836 0.666550894623122
-0.0157231132013953 0.0247887818487162 0.393153239864586 0.257762646997752
-0.00816002801723625 0.00363224128957314 0.231317285958016 -0.0788979114242326
-0.0113468807972495 0.0133151648616664 -0.0939179706212832 -0.178831015355032
0.00265714035773191 0.00561284050694563 0.0921576713316843 0.146484675028406
-0.0207737932612379 0.0151787862455019 -0.129094690411287 0.0659802256102012
-0.0188056767282031 -0.000582449981798487 -0.384887530433907 -0.202202138238126
-0.0168601383120599 -0.0313205013953606 -0.00474285737307567 -0.575808812199245
0.0158558164035168 -0.0448828334229167 0.720794243858539 -0.276400913997385
0.0126714449782057 0.0185064340242856 0.620515580033105 0.6285283474162
-0.0285884862032386 -0.00613137189165452 -0.169617870089332 0.658936307680774
-0.017488833753552 -0.0298028542905848 0.0196994481271254 0.107120369782735
0.00212384595592753 -0.0113706299370781 0.281011330972346 -0.589466947471063
0.00693638636233782 0.00374281406241065 -0.504369127224874 -0.831570995478368
0.00337230415270706 -0.0088863188148709 -0.891991483476134 0.140792282545855
-0.0274176878402376 0.00717987453526383 -0.0787946202331845 0.668045620169319
-0.0164311111048793 0.0272211280940582 0.395045300542624 0.256824210186338
-0.00996630885318693 0.00452193894018322 0.229969635699566 -0.0791240225976396
-0.0131566858565224 0.0151851688475402 -0.0946372621962207 -0.178725880822298
0.00201016683426322 0.00666681994242934 0.0905941742593107 0.148478066564139
-0.0212960125711942 0.0162030221905362 -0.132071608693114 0.0664719653354111
-0.0195581439794848 0.000542521435450752 -0.381508781382559 -0.203924913934361
-0.0151575028968831 -0.0297861328293021 0.00996239461739518 -0.57331588352746
0.0188624161032272 -0.0423748580703195 0.731394208442722 -0.261265613003035
0.0142124639293984 0.0186350008752313 0.61190113107485 0.64240470864014
-0.025430657428819 -0.010321482782675 -0.179018705577432 0.655359400436237
-0.0124588649149151 -0.0327632086402463 0.0232190004758589 0.103865366579599
0.00590865935643898 -0.0143470860793492 0.27393938889091 -0.595414611241284
0.00917575059544773 0.00380527156028666 -0.517096595504464 -0.820639905388498
0.00446101934949033 -0.00652708892164212 -0.884613955673697 0.161118756131201
-0.0260333031672028 0.0093980532271357 -0.0628025400651187 0.671650517507836
-0.0173929861216368 0.0281765071853927 0.397769872614162 0.254495968328061
-0.0109441940235222 0.00461870112023166 0.227754979687681 -0.0797058640820725
-0.0147265968552546 0.015555563535541 -0.0971484710232099 -0.178150925318486
0.0130732461425234 -0.00785534977380413 0.0888055921627463 0.143885419985815
-0.0108003657843152 0.00523871023385041 -0.143703844081953 0.0636017007419388
-0.0147033707993377 -0.00912799966110299 -0.385609228600211 -0.202131961772189
-0.0305118143368093 -0.0338092191517704 0.0194497377847668 -0.562067858436038
0.00378548928742869 -0.0436950513270501 0.744132461626234 -0.236808352715717
0.00740604411956672 0.0245195920443207 0.607361996484665 0.661173339215994
-0.0386459972815975 0.0125903426521409 -0.173213570404283 0.646635976030086
-0.0375570494795909 -0.0100125240847808 0.0405620605335835 0.0914256594665354
-0.00850518695503407 0.00546769007912367 0.269062106804437 -0.60745423667578
0.00114251122516082 0.00502843777113248 -0.537931219899814 -0.7933432342386
-0.0124184598541127 -0.0108690454905555 -0.866472576871404 0.203542743314185
-0.040364926450877 0.00508480198214159 -0.0395279945525417 0.678296330762622
-0.00984734882227671 0.0146344238220849 0.397634934255482 0.24531281576942
0.00101260346266433 -0.00646892899917044 0.217497675884408 -0.0850897384935437
0.00250327902582186 0.00146303526592405 -0.103411943557165 -0.176190053970677
0.0119736647146849 -0.00629913710075699 0.0913826153371085 0.143569226143287
-0.0122755106403866 0.00682731035691436 -0.139739605633556 0.0622698388546153
-0.0160042170996728 -0.00820717061633302 -0.388105508575831 -0.200036918121512
-0.0296390650454484 -0.0345654440277201 0.00240545079080854 -0.565419201994875
0.00328904238488224 -0.0449457280085563 0.730583483976502 -0.254857289635453
0.00727518487648407 0.0236971488889698 0.617089182383561 0.64446000745893
-0.0387803474206568 0.0125522210924376 -0.16604198181636 0.652101233062447
-0.0392939034267037 -0.010010397835807 0.0350754287477495 0.0974782072849325
-0.0103595345924155 0.00522011301899908 0.276045387375001 -0.600900726061055
0.000915621659434308 0.00430597744329422 -0.52275379994744 -0.807641794372046
-0.0117910555765033 -0.0128001506353363 -0.875181297586209 0.180566363662919
-0.0386995131214304 0.00247848357595462 -0.0592145535750692 0.674616124852528
-0.00964133984653703 0.0146735971832466 0.392915122539671 0.247596145368049
0.000859441674392971 -0.00457094393745792 0.222504041271723 -0.0840126742809871
0.000552346922665511 0.00297749371292337 -0.101624860152154 -0.177543996816974
0.00974093532266423 -0.00417348881708195 0.092902467298054 0.143537970870877
-0.0136798888046832 0.00886145503569074 -0.135026337899576 0.0635042866828758
-0.0164651800488133 -0.0067939125903217 -0.389218432140699 -0.197560724361714
-0.0281655974286834 -0.0344740391051433 -0.0108872340142598 -0.568461455358763
0.00366779413758965 -0.0461942485379033 0.721058080302705 -0.272917745717942
0.0077624733585641 0.0228232073955302 0.626803734762304 0.627643553277581
-0.0393167858772782 0.0110370086621034 -0.159348389216592 0.655953742739078
-0.0387033836845513 -0.0127234925448367 0.0299304236647026 0.103323807362458
-0.0100584812440549 0.00309101801257984 0.281125689596929 -0.594195108849528
0.00075528536112927 0.00373365409202143 -0.508973346183492 -0.823202051194742
-0.00852843286214792 -0.0146939575375244 -0.885722976624825 0.158643767149021
-0.0361741850287693 0.000720626126491576 -0.074912992603387 0.671295319414476
-0.0100743795821051 0.0165696771301156 0.390869739772796 0.250367767886437
-0.00116848844389117 -0.00320174547062835 0.225832220297075 -0.0816969760629493
-0.00225197214204414 0.00537325799629154 -0.0985806391910531 -0.178104472300117
0.00769641755670077 -0.0016910495736427 0.0944370463945767 0.142738096002825
-0.0148513079701035 0.0103447040779996 -0.131964311516093 0.0650810150939407
-0.0173504557488926 -0.00535568005419654 -0.391829787095368 -0.196684774942339
-0.0257495503942479 -0.0342189454541225 -0.0204713120419945 -0.570843111258394
0.00537369181710007 -0.0471228052792584 0.714234129724264 -0.282979132514328
0.00871291103115153 0.0215865890608895 0.630857107191428 0.61690228213188
-0.037681974485486 0.00716719665708018 -0.156586975803345 0.657381153252175
-0.0349773580144376 -0.0154681148026715 0.0238302172137521 0.10765193501396
-0.0085951108081491 -2.96384236964965E-05 0.281346609300432 -0.590146913479451
0.00161438746974685 0.003218463493863 -0.499859049781114 -0.832294712649941
-0.00521554774992505 -0.0143927361099705 -0.891140615229497 0.139871955288338
-0.0334936980625916 0.000522125934534816 -0.0839393690271754 0.666774282245012
-0.0114883142338451 0.0193662397203653 0.389877359233984 0.253145040677456
-0.00327383404624899 -0.000992252325489888 0.229538348629713 -0.0809452637493022
-0.00499405140155244 0.00826284593384527 -0.0963550389603431 -0.178483665502086
0.00508015259491017 0.0012179514894186 0.0948644466572387 0.143432235130262
-0.015873554432611 0.0126057314181855 -0.129631497055257 0.0649194385013057
-0.0174937343564035 -0.0035975002249952 -0.390265162609128 -0.195769897210133
-0.022646200329722 -0.0338495978948241 -0.0238219944751876 -0.572420137966391
0.00850228357405868 -0.0468289231817089 0.708830706933763 -0.289449936987276
0.00980142014814076 0.0200442407249805 0.631477896329424 0.612758407454947
-0.0357488444480635 0.00347559007013396 -0.157342927584043 0.659125342389218
-0.0304989822408359 -0.0205388360510333 0.0208751902626576 0.108593736448125
-0.00640107669624502 -0.00400049490640904 0.283362749180544 -0.586649078666983
0.00334576790111803 0.00291641398529192 -0.497983019248604 -0.835281340588869
-0.00136544513147802 -0.0132853663529123 -0.893227381217569 0.132570171761764
-0.0311145288813469 0.00231006803865143 -0.0866595963026003 0.663377158744075
-0.0135803450481967 0.0214904028209453 0.390276355631284 0.254716110958801
-0.00603788357387071 0.00168790369325433 0.231149467689684 -0.0806312045946918
-0.00880499753065798 0.011896055332389 -0.0946534371125349 -0.178807414206466
0.0035710495443266 0.0034028160609966 0.0938024263835278 0.14487277290345
-0.0184521142675981 0.0142834541761133 -0.128709169372043 0.0655488355851038
-0.0185569277182093 -0.0020468730548601 -0.388780698876517 -0.195566329933188
-0.0192640691990862 -0.0327003147465859 -0.0185615273757037 -0.573264431240026
0.0121283834371037 -0.0467490313316164 0.709068719374265 -0.290532268467905
0.0115347694580576 0.0192197657126243 0.627679944918567 0.615288641523172
-0.0327800929764609 -0.00205220259976947 -0.160229281475316 0.658903799033235
-0.024720198203994 -0.0258238872473777 0.0193205014526206 0.109590707753173
-0.00244829642340519 -0.00891217183726426 0.281471406045592 -0.586778167393824
0.00462932838806065 0.00358461959824654 -0.498872957754589 -0.833634726851273
0.000870132369501593 -0.0112312824856761 -0.891739989944281 0.134492135147354
-0.0291482265191821 0.00497451330673695 -0.0856687208627898 0.664637888645142
-0.0154663203367458 0.0244037958284177 0.392261074088003 0.254590742979138
-0.00868684370621768 0.00384821284842157 0.231976579742931 -0.0806702425703488
-0.0111970029250133 0.013484105773504 -0.0953539879516401 -0.177833566092443
0.00178494584620679 0.00556461845332931 0.0929171458485411 0.145728780132227
-0.020315078671162 0.015956188065868 -0.130820280098618 0.0661107107776829
-0.0195445052972406 -0.00046160509021211 -0.384861971007125 -0.199207159297109
-0.0176210177370611 -0.0304351506781314 -0.00791053428686763 -0.572016965432888
0.0157002543024183 -0.0445434995207975 0.716758555703148 -0.281058386113608
0.0126676169943989 0.0185739978163087 0.621193574993411 0.621763984820264
-0.0287662781184535 -0.00647404941458392 -0.16542765951613 0.657473148648276
-0.0181103666791066 -0.0296576913383509 0.0200372021720621 0.106832674113156
0.00133104793404406 -0.011920462337438 0.276937843373789 -0.590406828314251
0.00676213615808652 0.00372757895415527 -0.507745168236616 -0.826817666484101
0.00351354828424629 -0.00831444155536206 -0.889791101402361 0.143732585055806
-0.0274896103543464 0.00715841796183124 -0.0742554735421316 0.665658416569988
-0.0160919383538391 0.0271679213309595 0.393293895241037 0.252693874446631
-0.0103384741553302 0.00545020929265912 0.229865200105997 -0.0806041290585452
-0.0136085450147658 0.0153606783397496 -0.0953100880008005 -0.17783383750883
0.00180450662231801 0.00686820772763367 0.0899363881236407 0.146606866664464
-0.0212003104842617 0.017170398181075 -0.13195734160893 0.0657968467200177
-0.0199206239196206 0.000305513038076794 -0.380224447943231 -0.200888286874293
-0.0165023639228583 -0.0293957032935943 0.00541107676087131 -0.570713514904847
0.0183429687005052 -0.0424135048133167 0.725520750536342 -0.264667936479455
0.0145912701183385 0.0193727500129259 0.611514424140585 0.635899766194139
-0.0254946396195951 -0.00970372027578595 -0.175968459621204 0.652886748850392
-0.0131663554898974 -0.0327543040844055 0.0233198562397003 0.102629560015897
0.00572455308836132 -0.0139285293743995 0.271409969237999 -0.59458302274238
0.00848018939025901 0.00343562609661671 -0.520349661684223 -0.815862102619032
0.00506918210195053 -0.00668832633331321 -0.882221788085026 0.164783333430236
-0.0264314956786036 0.0102549771946551 -0.0597987405539778 0.670164310318445
-0.0170194540919407 0.0281142383302683 0.399418172229703 0.251367692603326
-0.0114544752555943 0.00470339118419735 0.227571231485643 -0.0819440027927111
-0.0145640458558372 0.0161734107076657 -0.0976192784286652 -0.176878752297238
0.0131280481917902 -0.00675741692668777 0.0891754445363397 0.143776522861206
-0.0106364624326875 0.00701337074346256 -0.143832297030122 0.0634064798890583
-0.0157312920410008 -0.00908341866766362 -0.384398242565627 -0.198759859335176
-0.0307157610099895 -0.0335494333798679 0.0168511412558516 -0.558473684284121
0.00403158576681852 -0.0442737161732786 0.739564564834607 -0.239024131493978
0.0078633839440877 0.0245977513469458 0.607969696956828 0.654572129029226
-0.0392647116299133 0.012387325395831 -0.168903829746137 0.645419043808608
-0.0384058668057612 -0.00942862179647928 0.040423462596074 0.0913268942120974
-0.00805226845058725 0.00571412207701339 0.264719879974746 -0.607490104453376
0.00159264978443794 0.00583385212104385 -0.537798865481879 -0.78815483290791
-0.0123445569724173 -0.0108533003040554 -0.861674436543853 0.207194848817879
-0.039718305200526 0.0057686805495373 -0.0367701148849575 0.676861332185962
-0.00980279995277752 0.0144154008459469 0.398166490997994 0.240657973508939
7.29801315135642E-05 -0.00574891075271003 0.217442569203777 -0.0861399939093307
0.00249357457232729 0.00172945966770545 -0.104156884240745 -0.174704296303488
0.0110463844640803 -0.00648460066496666 0.0907168608191723 0.142466391747141
-0.0119942248802446 0.00724813883371271 -0.139094807103482 0.0633608696323477
-0.0163449081853747 -0.00830573698188118 -0.388139514134025 -0.195669548340128
-0.0303645109801201 -0.0335031884182419 -0.000244461835547443 -0.561563845640334
0.00345815086433477 -0.044882849340926 0.728559451187879 -0.257413166071483
0.00716619339215856 0.0239874453192075 0.617049364974826 0.637255052019977
-0.0402036006262972 0.0129549389306207 -0.16207029667407 0.649031452224158
-0.039206311992451 -0.00972470937989905 0.0360117707775815 0.0973366245023687
-0.0104597381915665 0.00457834318729527 0.272312923640435 -0.599962143470609
1.80844293714948E-05 0.00425039962695468 -0.52474513539224 -0.802057839681641
-0.0116211110165461 -0.013062177525508 -0.871244706989589 0.185793305919407
-0.0386411919634802 0.0029224133942185 -0.0555676285280089 0.672053434307944
-0.00955997647857007 0.0142054493763931 0.393006026679359 0.24398143795467
-0.000442463073147768 -0.00552890281802563 0.222402682651824 -0.0847438208464491
0.000509681022077509 0.00333142810740048 -0.101166484630378 -0.176246609011675
0.00892296911878601 -0.00548414880921975 0.0939445172070901 0.142479086391413
-0.0133418027614292 0.00898777105756545 -0.134516660790164 0.0637025146601513
-0.0166083140590952 -0.00624572114019541 -0.389724778631175 -0.194445838305775
-0.0285699758346207 -0.0336543982605716 -0.0141541698132328 -0.565513612454036
0.00375671745556239 -0.0458758525115619 0.71720173469483 -0.275565257142359
0.00739210931341534 0.0235329720227318 0.626969140435915 0.620212878768817
-0.0400953551210235 0.011533888381243 -0.156752507350347 0.653730051572645
-0.0394927320753476 -0.0121413991938838 0.0291769922072092 0.102579539033314
-0.0109333361654701 0.0025112097849255 0.277425469859888 -0.592993278762523
0.000754426013341025 0.00377773789672496 -0.511873685452937 -0.816178576941413
-0.00817557678778864 -0.0144197489327155 -0.882739416964989 0.160342066535964
-0.0358720123478693 0.0012175411001947 -0.070741165576146 0.668935696018793
-0.0100730297202718 0.0164094730139739 0.391155091475362 0.247962939393534
-0.00140748426465902 -0.00273436986301425 0.227179430256715 -0.0830498738767497
-0.00128008012035162 0.00565498284193186 -0.099903650434177 -0.176877403183428
0.00700846865080538 -0.00191721715051331 0.0958657539666085 0.141653638655019
-0.0148051219532783 0.0109588856384674 -0.131597948544808 0.0644129733733917
-0.0167868500223779 -0.00438371376183001 -0.39170246144051 -0.192336793528023
-0.0263201868368492 -0.0336631418663397 -0.0241360804286953 -0.568590550830028
0.00560620983380277 -0.0468479280409529 0.711029390495361 -0.287911670379093
0.00795064237417189 0.0224636602966271 0.631697966079594 0.609333444611947
-0.0386214281842081 0.00852900112158418 -0.152945699383576 0.653772584436309
-0.035350574879854 -0.0158150184789382 0.0240396751652795 0.107278476426608
-0.00888330558949761 -0.000746354799396122 0.278005591149765 -0.590412940218837
0.00203544611048116 0.0026283441924683 -0.502742205706919 -0.827102434258207
-0.00548872401228042 -0.0139955063715016 -0.886622798040237 0.144969960522734
-0.033464603315366 0.00124307120654234 -0.0810209024955217 0.664851126306576
-0.0108594062148622 0.0194756768181875 0.389728986847874 0.250372005284225
-0.00404816037292543 -0.000254272295098956 0.22957280890671 -0.0822011292980333
-0.00467322090223021 0.00875318603388454 -0.0968265956414776 -0.177297231620912
0.00554200392718408 0.000547143299816577 0.094554077135162 0.143010540645337
-0.0164579888663866 0.0133165767128781 -0.129420219692167 0.0653798293008704
-0.0183066740077553 -0.00328689877337541 -0.390252886809445 -0.192798728244187
-0.0232534002786078 -0.0327486388912795 -0.0270598849310031 -0.570508409677995
0.00823979477457089 -0.0472809755249444 0.705658973204565 -0.293952245674212
0.0102903954919676 0.0210899743242675 0.633507730531223 0.604652856377611
-0.0364154016065445 0.00315685786000924 -0.152541701512956 0.657604845315342
-0.0305219889167613 -0.0201892063920593 0.0208936778681938 0.108570367083207
-0.00658189243677889 -0.00395655350944666 0.279866047423385 -0.586967425717309
0.00256778145091477 0.00237516708345772 -0.500166067624459 -0.829632853445578
-0.000962714156830864 -0.0130514963115812 -0.888868186425985 0.137603857731684
-0.0305249510949401 0.00258652046209855 -0.0840876156939333 0.662582356368411
-0.0129761115377993 0.0215061426750202 0.391051014015124 0.251288226734273
-0.00665739864577647 0.0024928302139093 0.23115647500924 -0.0821769422900784
-0.00823499484347457 0.011656049454285 -0.0951812920652272 -0.177102452437882
0.0028149417006073 0.00372121982561377 0.0935909355179904 0.143759460175384
-0.0186216850940602 0.0151430069203868 -0.128988481750794 0.0656422632815736
-0.0187884474315012 -0.00141276872180429 -0.386913134735943 -0.193248753368368
-0.0204076197557986 -0.0316125339058359 -0.0223198774308987 -0.571015236552603
0.0118656982057049 -0.0462565527900913 0.707142248263047 -0.292254812278893
0.0113831802890428 0.0192696939587209 0.62929647965759 0.608524458494324
-0.0329046414060596 -0.000947898028766506 -0.156839258528738 0.656313219181873
-0.024765028279234 -0.0256665656250846 0.0202489583104356 0.108669666705399
-0.00259695586364557 -0.00853485210175919 0.277539744307804 -0.585532736219442
0.00407525685068023 0.00296428061025442 -0.503298997213476 -0.829991032156674
0.00106907775955377 -0.0110340095393024 -0.88666714226883 0.138183301841965
-0.0284646640470561 0.00519735202732951 -0.080917789801259 0.662443520466563
-0.0150532953010936 0.0243784798462512 0.393170803569171 0.251499842045483
-0.0100469204823123 0.00441271130354224 0.232090387352326 -0.0816842806667153
-0.0111248475521799 0.0144109657428816 -0.0951198821695725 -0.176949824488267
0.00166218870875042 0.00586196016666104 0.0924629731914564 0.144924036801115
-0.0199662259476587 0.0169597132303697 -0.129225412310995 0.0661940191135074
-0.0196108378904084 1.99830892692448E-05 -0.384126908769999 -0.193952401682606
-0.0174070650191799 -0.0306348995490153 -0.0108276702016093 -0.569783727699541
0.0155991826052032 -0.0443210449288698 0.714043388932255 -0.283649495114849
0.0129301122905303 0.0191965919716746 0.622902013272975 0.614891789393421
-0.0292375767528476 -0.00572903521968115 -0.163862351051277 0.655720688161884
-0.0189730089230846 -0.0298500321406043 0.0208504520082916 0.106072244773007
0.00173865395759237 -0.0120034144012817 0.272236530853188 -0.587268149377353
0.00658592453351563 0.00324379321604117 -0.510591346833598 -0.821710303676305
0.00350710189031299 -0.00784558345855423 -0.883929001396412 0.148314921495372
-0.0273011441387232 0.00803282264597685 -0.0721528975096692 0.665394644775202
-0.0156175776213397 0.0267623872821167 0.395687823930026 0.250503072195253
-0.0106027932231602 0.00574348174578721 0.230220670979327 -0.081639699675636
-0.0128399834923644 0.0163595130597789 -0.096481570273825 -0.176597182495123
0.00108324730576681 0.00727100128994309 0.0907780339435049 0.145795943769753
-0.0211042281000352 0.0169213894640168 -0.132185950306444 0.0660207163989536
-0.0203741420328421 0.00116656165096822 -0.38027129215712 -0.197328148502859
-0.0163074340038329 -0.0288715959525507 0.00333492144191315 -0.56750314669907
0.0189109997806651 -0.0415028123215424 0.723130505308681 -0.265953277166938
0.0145008811920969 0.0192286845116712 0.612101829336961 0.629147144324441
-0.0261287502467066 -0.00965005233019416 -0.172397454522329 0.65014720136822
-0.0131694790382901 -0.0322272527579466 0.0232984906363472 0.102197126238841
0.00493651408260387 -0.0146207706740066 0.267496901206891 -0.59363916152511
0.00834289290848684 0.00252462837969339 -0.521473426696323 -0.810147105906368
0.0052739892307118 -0.00661133516220874 -0.877686858672804 0.169298543530838
-0.0263270816902538 0.00987114771591955 -0.0566930938217605 0.667231763786727
-0.0170486413339104 0.0271678435726647 0.399072731827553 0.248097024437282
-0.0120153909570933 0.00593399788292294 0.226995341521136 -0.0823078226012226
-0.0145795865202643 0.0169295550837997 -0.0986592229136582 -0.175583085959873
0.0125054301600612 -0.00719403173383529 0.0892350090249471 0.141977667424781
-0.0100205739983289 0.00770111842832332 -0.143857553248964 0.0634379070193845
-0.0161097056049242 -0.00818857680732959 -0.384813770594033 -0.197448714035288
-0.031881270320918 -0.0327557548830411 0.0136346910295015 -0.558589828061011
0.00363634342264145 -0.0440226043609381 0.736509930337089 -0.241419143194728
0.0083684568662219 0.0251422329762303 0.608340548576634 0.650252823751913
-0.0396704057418943 0.0134945630130942 -0.165628751784803 0.643918187701225
-0.0392158611208313 -0.00949791123365626 0.0416047535681726 0.090079863759783
-0.00885937355073319 0.00442135157178504 0.263040343480744 -0.604945325040748
0.00218807854808483 0.00569129904283856 -0.542758840800935 -0.783745035199679
-0.0128862682457313 -0.00998611700853649 -0.860733511906054 0.212697291978885
-0.0400838168003748 0.00615140433748461 -0.0309431647048284 0.676070274709009
-0.00931630778568664 0.0149898537545818 0.400165714146779 0.238716610401108
3.44460800798304E-05 -0.00456409705831618 0.218442119134507 -0.0877815419298471
0.00249887337158276 0.00290609095486488 -0.10515732059617 -0.17389335091887
0.0111537319132669 -0.00581246660334495 0.092210199631964 0.141515782886465
-0.0116351007390083 0.00810274499678059 -0.139971002903659 0.0640540040080975
-0.016429265587664 -0.0074906007948039 -0.387690662702365 -0.194311705063715
-0.0314202947093372 -0.0333914782718998 -0.00244452087077224 -0.561329771128117
0.00243766528349094 -0.0457267659722452 0.725343143689825 -0.262776283246347
0.00847995887510826 0.0244170581058003 0.618602701540446 0.632413859206786
-0.0403578909398079 0.0142209427177288 -0.15962446887084 0.647895018674142
-0.0403783772588994 -0.00916146908063624 0.0368408541371196 0.0978423361598653
-0.011100583950459 0.0047464646165647 0.270350373778393 -0.599216784500823
0.0014144497384998 0.00411946166761079 -0.526318015818681 -0.801444510960888
-0.011340045749081 -0.0128198678776409 -0.869888405127145 0.189105765289856
-0.0384054731807851 0.00291606788836954 -0.0527757735602513 0.672192776626916
-0.0098300062752704 0.0146944868356896 0.394916236798791 0.241666125218305
-0.00033844923579312 -0.00389540603955111 0.222515004563806 -0.0867510805541839
0.00208920181281191 0.00456082089256902 -0.102290118785321 -0.175531184469428
0.00919151321646048 -0.00415303273721295 0.0943001579527178 0.141410687278255
-0.012882250086349 0.00992269038686012 -0.135808644407092 0.0636404754986288
-0.0170298215762039 -0.00626446941991095 -0.390896346786122 -0.191659352420895
-0.0294600358453059 -0.0333187345039765 -0.0168848572019311 -0.56548990097812
0.00348828539375964 -0.0458198180365837 0.714910983885773 -0.279299440673219
0.00820146170222501 0.023541941014396 0.627008931721387 0.617965121904988
-0.0405818285096681 0.0125535628737342 -0.152839068664439 0.652970637387749
-0.0393173998651296 -0.0111087337549288 0.0298157382597746 0.102403944270959
-0.0109715707831257 0.00201395653233037 0.274288002918591 -0.592842446351681
0.000408003179023259 0.00390186422384765 -0.514430632614499 -0.813691039161939
-0.00774587966780636 -0.0142760983307262 -0.880244183560596 0.164293493144547
-0.0356569378077949 0.0020709531017589 -0.0666584827808315 0.666799810951577
-0.00939325787227251 0.0157010003937143 0.392883737913373 0.246683973534171
-0.00232503205813839 -0.00190762202352551 0.225428544144212 -0.0849725766182547
-0.00126619889000642 0.0070493740051554 -0.0997912639762874 -0.175953552742488
0.00734513904127536 -0.000985201221862664 0.0961729231821805 0.141144236438975
-0.0143624295151753 0.0108020252489737 -0.13228193224857 0.0639249986298047
-0.017890499870115 -0.00349279193534827 -0.392164314547761 -0.191369423098482
-0.0264605269385099 -0.032832870686049 -0.0249693784372087 -0.566625232332341
0.00529635126259008 -0.0464923502558022 0.707111371839213 -0.289532136944222
0.00923571153237995 0.0225873900084334 0.631943426967406 0.604746821207311
-0.0390649579453525 0.00852877975906524 -0.152371295881198 0.655158851319626
-0.0372500143991923 -0.015651605256539 0.0249784948995544 0.106657517734429
-0.00950724267590651 -0.001002279785903 0.276615923212449 -0.58756046035792
0.00215154064436875 0.00343894644615362 -0.507249374648385 -0.822779410650534
-0.00399313393136208 -0.0135605603827553 -0.886412014641117 0.147391494962354
-0.0341307951731862 0.00122303525418768 -0.0768300803401867 0.664020061256479
-0.011443947844889 0.0185926160916733 0.390583400597505 0.248691942388352
-0.00431296228552782 0.000410126701835959 0.22978341015668 -0.0847123866039057
-0.00492842781781461 0.0099472651977373 -0.0968109294596225 -0.177034198389234
0.00468068592571851 0.000879117749359065 0.0947906687687949 0.141526394274653
-0.0166962906345065 0.0133931862107103 -0.130795688177596 0.0652534353994527
-0.0185900485574872 -0.00279806482044698 -0.390659479855675 -0.188999355167846
-0.0243146180682465 -0.0332125141848177 -0.028933366006516 -0.568955917254766
0.00795400370290443 -0.0474601494366494 0.703009601886122 -0.297774646650878
0.010074242260555 0.0213412975979565 0.633187000490813 0.601660009363842
-0.0366336985187924 0.0032103343518772 -0.151144027365113 0.655930225131951
-0.0311419902638146 -0.0202091816071852 0.0211506324550212 0.109263135283486
-0.00712801829861254 -0.00500699754932444 0.277209090515839 -0.585217907425735
0.0033876510737089 0.00326236269967439 -0.501454556142355 -0.829393135973212
-0.00113486889439782 -0.0126497400866459 -0.888537092752946 0.140584089987001
-0.0308024660291804 0.00388722707672162 -0.0802839387882587 0.662667361510337
-0.013332687280234 0.0223079984537498 0.391217508002776 0.248651500928116
-0.00728030496573565 0.0028157511616447 0.231354672793234 -0.0835123096590411
-0.00893748819717506 0.0130711791098284 -0.0961653735934205 -0.176432394405899
0.00277511950278318 0.00297093866467914 0.0952391214942379 0.142432837403412
-0.0178910681471104 0.0148015512985916 -0.1295422365146 0.0651826874741735
-0.0184436472830745 -0.000452053313557476 -0.387047621583551 -0.191101367189388
-0.0215384942043405 -0.0319337238130497 -0.0230729207999386 -0.56885858488754
0.0120966983892506 -0.0463917699715686 0.703755659224408 -0.294220388763671
0.0116586935115061 0.0199786866498734 0.629681529159345 0.60429591263628
-0.0334577681823937 -0.0013235689094975 -0.154857449738894 0.654300700754875
-0.0251404070986428 -0.0257106586590515 0.019618915290293 0.107992638420083
-0.00387875311517306 -0.00815098338044821 0.274041233061047 -0.586002952773462
0.00463066339373415 0.00262881689198145 -0.504009370460217 -0.826228059130654
0.00159584487675237 -0.0110357262534299 -0.889305225409062 0.141918025328756
-0.0287348765465398 0.0050485863593908 -0.0772780555886226 0.663627858549209
-0.0141150911519131 0.0242844944885627 0.393355563855824 0.248542300209165
-0.00968982925261607 0.00495411279945273 0.231962277164567 -0.0825245204843458
-0.0107416909990338 0.0154032850461874 -0.0953174991865896 -0.175952089296653
0.00182584552183478 0.00546824854222317 0.0942200757291795 0.144130247122683
-0.0198938465898638 0.0171349421456792 -0.130364238161233 0.0659580132789345
-0.019264499817597 0.000675768904451699 -0.385408163643339 -0.192479675029625
-0.0180187805109891 -0.0298626376268025 -0.0144511400335619 -0.568112901543312
0.0149279964500734 -0.0444520623844537 0.71026799673944 -0.285563628500854
0.0136809252855981 0.0191364946203767 0.623432722086402 0.611105500181654
-0.0301613862246389 -0.00616853818722851 -0.161217847651564 0.652497131260552
-0.0202524461955901 -0.0290511198865734 0.0202260060805537 0.106083444777287
0.000872064131021463 -0.0118217655983226 0.269342717148377 -0.58769217022278
0.00650834523145899 0.00372751445186581 -0.514098853546273 -0.819555060377838
0.00340637782617582 -0.00846756329241703 -0.884678247307205 0.15504546331037
-0.0268872860036932 0.00886364602393178 -0.068000894127833 0.664994984281291
-0.0160605934915898 0.0275510918642048 0.397200943556078 0.247699978236341
-0.0123258867188796 0.00621248567786304 0.23013660644151 -0.0832463772064055
-0.0131535089248706 0.0177390345926958 -0.096547302021562 -0.175454916839928
0.000779753603923932 0.00625538658158561 0.0908206625411214 0.145650493772978
-0.0202610220949697 0.0187777296442587 -0.132817289912279 0.0655950150735768
-0.0207606786261714 0.0020777236158254 -0.381437811732653 -0.195496292627772
-0.0174404073588698 -0.0287573331471875 -1.95584275970491E-05 -0.56766032814459
0.0175725363056552 -0.0428746725842455 0.720205384152318 -0.272312124458376
0.0154674733629126 0.0205153153301088 0.613760096981432 0.626011878787048
-0.0263448580137703 -0.00882070689115925 -0.167996728453708 0.651148802810522
-0.0142533151947513 -0.0323843468113412 0.0241753027801624 0.102704308709315
0.00489899234245763 -0.0146887047522987 0.263975425884844 -0.592668517362744
0.00905376434951124 0.00184829070500877 -0.52652635639072 -0.80759436979714
0.00542074087127455 -0.00665864337836052 -0.875382850742295 0.172368267021991
-0.0266861872599418 0.0101881130528903 -0.0534982231644734 0.666551652862055
-0.0159663011691058 0.0276022705343875 0.399800150924432 0.245645244695724
-0.0121088635833964 0.00676410786668897 0.227623797024419 -0.084077293720176
-0.0145711376134857 0.0182189291142976 -0.0989811927630896 -0.174161809410371
0.0124211073673039 -0.00691775706700646 0.0895230907008185 0.142443271826586
-0.0099250951746921 0.00753150014133487 -0.143593328033104 0.0632175484300433
-0.0159349193588 -0.00843029344498831 -0.386008883813694 -0.194431000264741
-0.0314373857812901 -0.032212883103794 0.00956503382761862 -0.555159304697087
0.00283746731946975 -0.0443270907415839 0.732638618082946 -0.246021189393724
0.00776253321447582 0.0250099148271672 0.610269947461122 0.643686454700569
-0.0391639563105716 0.0125577534946704 -0.162788291040349 0.642138608465871
-0.0395047214686473 -0.00863321354481998 0.0411534261178485 0.0902261603047619
-0.00896752985859994 0.00442991644513937 0.259968886166527 -0.604970778574525
0.000944460800502755 0.00493349342862245 -0.544189360606725 -0.779160118278051
-0.0125921735964704 -0.00980752368865595 -0.857664849802571 0.216013406318232
-0.0397341057967051 0.00655229395419414 -0.0299548859995129 0.673667540951228
-0.00959216188826939 0.0137919507272657 0.399166741665709 0.236509499808174
-0.00027553992031483 -0.00489321123879025 0.217885428056126 -0.0885297312335505
0.00252987547169209 0.00248261987563344 -0.105780059477167 -0.172291140207117
0.0114368710945694 -0.00636315888355228 0.0921785730753222 0.141561519457754
-0.0109915605972405 0.00844685674384719 -0.139174931310808 0.0639255908714236
-0.0167356534189476 -0.00717587662482718 -0.387590675825198 -0.191564783614525
-0.030881035872179 -0.032674098786285 -0.00675171807503318 -0.560833548489714
0.00304805932402349 -0.045261021036546 0.720698819999449 -0.264074703219933
0.00831009448813546 0.0250722153540282 0.620995177516069 0.626428315085139
-0.0407965432348149 0.0133293620385776 -0.156290108395573 0.647815296465449
-0.0407172643959381 -0.00936568456749379 0.0364492846599847 0.0950531300816343
-0.0106065846143476 0.00430215881052564 0.265150054503999 -0.596298883137595
0.000652433954463783 0.00413212627682583 -0.528604944613437 -0.796845572600864
-0.0100349488817667 -0.0114312190053244 -0.867778135595378 0.191006978051134
-0.0381890416477654 0.00354348878699272 -0.0485298058300501 0.670298099639003
-0.00897749322494079 0.0153561595924476 0.395700113079084 0.240552116453486
-0.000380822197859013 -0.00394939211639241 0.221991296217677 -0.0887737131296741
0.00105314108965422 0.00437203846821654 -0.102816992807957 -0.175803009207571
0.00841272194138097 -0.0042650510755249 0.0951131959682033 0.140458460767371
-0.0128643474727683 0.0100460051958778 -0.135838277352912 0.0647364872163978
-0.0170389025262073 -0.00523613918081572 -0.390921848754877 -0.18774230606149
-0.0297365360893938 -0.0321969560385989 -0.0201617790117447 -0.563328919039729
0.00301973210836417 -0.0456762089855363 0.710020434023071 -0.281883283356234
0.00902283374628574 0.0231144516872678 0.627584033419108 0.612978293560825
-0.0411919642854825 0.0121319573669991 -0.151271325426789 0.650178376662256
-0.0399447604732215 -0.0123735286108432 0.02980143264593 0.102597088773881
-0.0109808061144047 0.00260732672734797 0.269943333300794 -0.593017908733659
0.000455238858641453 0.00309195473955712 -0.518021124517896 -0.811469214541969
-0.00828264296093502 -0.0134098760559475 -0.877757099950688 0.167547803880921
-0.0357625434555184 0.00181594688049031 -0.0633081801464163 0.666285587843155
-0.00961129537994993 0.0162887878988841 0.392727987554184 0.243978724132052
-0.00317247511436559 -0.00178940208653729 0.22548402730043 -0.0862334988201981
-0.00120771232716469 0.00737854151368629 -0.100824662532276 -0.175019732174297
0.0071705340172286 -0.00187403862639526 0.0957747673511039 0.14137097361809
-0.0149434900612838 0.013082899638223 -0.132941433021992 0.0642440734399287
-0.0175966006187251 -0.00361077154417549 -0.391801988084086 -0.18647291607553
-0.027168415861885 -0.0323469833593863 -0.029227253841473 -0.566192784308033
0.00531346058962093 -0.0462781307276876 0.702273617927913 -0.292992312666895
0.00901759303734916 0.0229182659334695 0.632639972256687 0.60165659249222
-0.0395216529093404 0.0097067954392623 -0.146377484649525 0.652882147111402
-0.0362045417449057 -0.0146216523715747 0.0250558699342604 0.1061881774822
-0.0097542594478495 -0.00164930714491488 0.273530452755364 -0.587436908134069
0.000591451783009397 0.00331515989301002 -0.508257979193331 -0.819189088817466
-0.00464192461935048 -0.0140487847449168 -0.884063134445911 0.151703436156209
-0.033342542547124 0.00241308234441169 -0.0729146682320428 0.66228569256976
-0.0103421391265222 0.018758656498311 0.392104708360319 0.245855299636124
-0.00486257114591819 0.00150403049608731 0.228674016070733 -0.0862302103356376
-0.00445171918611984 0.0107837114350927 -0.0975902052956644 -0.175395361105617
0.00439474239080353 0.00136106655489269 0.0970565084421373 0.141382018361258
-0.0162905056153815 0.0144912266454097 -0.130765006009642 0.0651012485808743
-0.0182715347483887 -0.0016384409057133 -0.390551305989992 -0.185560479949064
-0.0244772093787141 -0.0316082032167155 -0.0333863863745777 -0.568756257512563
0.00874518030095939 -0.0465895729632353 0.699052579948103 -0.298373641428498
0.0111772587630863 0.0210452394030256 0.63486784783363 0.595705042048489
-0.036386981243969 0.00460082808215015 -0.149724561577981 0.654467270904275
-0.0316062956758398 -0.0197014559831025 0.0217243511141052 0.108558370252144
-0.00794580374784325 -0.00522764607724405 0.273604575462212 -0.586303410109622
0.00320972734895801 0.00282840642756138 -0.504931392773714 -0.823213962350761
-0.00107016671685725 -0.0130134628573709 -0.886338462881627 0.146936893788627
-0.0315407121533385 0.0032906723282805 -0.0766909124249899 0.660238098976058
-0.0120623103455108 0.021603683311724 0.392650703013421 0.244956314834054
-0.0079982165344896 0.00292179156757971 0.231504005951703 -0.0851755676106252
-0.0077607037711958 0.0136837296458946 -0.0974497029792593 -0.176102826101403
0.00261406958209508 0.00395930424517593 0.0960175069930493 0.142029815624907
-0.0174112124309653 0.0159497012044582 -0.130434627048698 0.0650109267356524
-0.0189257177977794 -0.00101615298628699 -0.388178781950152 -0.187838455670747
-0.0224591816596832 -0.0315148390923672 -0.0280061102821469 -0.569176972921289
0.0116351456154932 -0.0462879299733089 0.699121647676669 -0.297670096277355
0.0130309241425026 0.0199255421000653 0.630371996580098 0.599066968008065
-0.0342829639896619 -0.00120540039173346 -0.151928467209511 0.654265454474448
-0.0253873582631759 -0.0248970442784182 0.0201743227874068 0.108212573832757
-0.00332459027366743 -0.00939967287425009 0.272985221481015 -0.584353713875726
0.00429542678759709 0.00326255586348006 -0.507486746993304 -0.822615647584491
0.00173768488354878 -0.0102980985221829 -0.88718263116675 0.148699219530394
-0.0282538771027415 0.00557692484073202 -0.0725010615695225 0.659750489411859
-0.0147722716618695 0.0242806347229169 0.395587985938711 0.244998469667681
-0.00965543969773243 0.00533542219923093 0.231581404452488 -0.0838429149912224
-0.0115678245566525 0.0161175790340059 -0.0967918997268101 -0.175503499873735
0.000765058621998059 0.00566967427389301 0.0936578550484003 0.143633838989435
-0.0206497940464316 0.0173496365578067 -0.12965247715127 0.0667906648393945
-0.0195445371301585 0.00179622490651747 -0.384954812666388 -0.189331485381038
-0.0199502734659971 -0.0301795712231466 -0.0181850029007673 -0.566515739246209
0.0155893888178313 -0.0448042753763239 0.704752601232968 -0.287560034949414
0.01389226792364 0.0196731825086548 0.623867257971404 0.607002548096343
-0.03006219734252 -0.00501460878413373 -0.158154530117982 0.651144454126255
-0.020169005042098 -0.0293885486299662 0.0215735976920114 0.105484829950756
-0.000319775444556008 -0.0120461325632725 0.266922112065484 -0.586537518094624
0.00712742299278074 0.00249184796377754 -0.516307097640315 -0.816644327623511
0.00388027752778156 -0.0084395216783098 -0.881609634051398 0.15814062141072
-0.0275378001725422 0.00821804694416838 -0.0635772287977445 0.661869431064775
-0.0157349071235245 0.0266802720166559 0.395860638923056 0.244582082827983
-0.0119989383135411 0.00688099750361425 0.230063864024422 -0.0847426024040429
-0.0121133535065217 0.018626107862043 -0.0970333131385183 -0.1743444824806
0.000785981890548879 0.00701506708222643 0.091881490099163 0.14558751205161
-0.0205320344481955 0.0195803028824115 -0.13239423155238 0.0660432726476609
-0.0209384163203954 0.00205572458903608 -0.380793316799618 -0.190388068358878
-0.0184201537845057 -0.0276785454501815 -0.00205995841061724 -0.565925605533053
0.0185635045922786 -0.0413548917200149 0.716597512043705 -0.273463945760037
0.0155737904707392 0.0206629261059062 0.613442036163198 0.621302137152846
-0.027135796649409 -0.00854714980576115 -0.163978229902528 0.648632085924612
-0.0154168970523878 -0.0323093078742353 0.0239884168004911 0.101105251679393
0.00364557081791495 -0.0155427587252846 0.261125985284206 -0.590608769601714
0.00920377061561479 0.00229612148704044 -0.527605076189723 -0.801424582163081
0.00585056049772312 -0.00625833774629672 -0.872575836368761 0.176209832020828
-0.0256511604092664 0.0110380005269163 -0.0475569301410512 0.666431035552158
-0.0166097242062606 0.0280952934952635 0.400696122031153 0.242485253765183
-0.0130556931041892 0.00671977853513694 0.227057093785886 -0.0849557696920656
-0.0128050532804431 0.0184150445974221 -0.0989402641107061 -0.173196272864187
0.0112769835749204 -0.00684954368319284 0.0902393512369286 0.140853770530023
-0.00975597620443619 0.00781781534268933 -0.145344733323071 0.0646944942391571
-0.0150933911847216 -0.00835899782849895 -0.38665727585019 -0.188990391005693
-0.0322739594638325 -0.0317934542548985 0.00510139578696453 -0.553546501708454
0.00349879722736486 -0.0444018397097803 0.728161802941811 -0.24798995010418
0.00932228171068503 0.025895833858353 0.610624035681775 0.639548897859312
-0.0399694192569213 0.0137733319460077 -0.159575375626256 0.641193610616158
-0.0400779831739296 -0.00926395333123955 0.0420818752114117 0.090152644908314
-0.00930215760514658 0.00458962961680779 0.254474016324189 -0.603781775612493
0.00139066242606466 0.00365074101492493 -0.547919908625923 -0.774981191914292
-0.0118177950297531 -0.0094391191013705 -0.853718387528506 0.219930674210936
-0.0401778854980614 0.00649298533352227 -0.0240619317970972 0.672199050152049
-0.00876708879572415 0.0147627886816129 0.399078516176455 0.232485407294245
-0.00143936460564486 -0.00522986833758387 0.21641948285329 -0.0901879517264022
0.00294902678579712 0.00308240234588819 -0.105826720466866 -0.170949713967458
0.0102516100616073 -0.00560254360410509 0.0929605167424392 0.139551854147982
-0.0107516477036761 0.00897799544428062 -0.14023944584958 0.0646042620810853
-0.0170936171415882 -0.00648168605156845 -0.389057493850814 -0.18660650824452
-0.0324975995817483 -0.0316817883634142 -0.0110130992643369 -0.558433365586606
0.00273744133690889 -0.0446534106339878 0.71677246816094 -0.267441899672161
0.00860655715363924 0.0247690601136014 0.62100666151702 0.621297998693847
-0.0410569869887935 0.0136132111945206 -0.152696996081935 0.644423594477818
-0.0415835116354146 -0.00954520329039334 0.0359867981112129 0.096235306540004
-0.0109992541722244 0.00385921697015026 0.261240631526187 -0.597875472802652
0.000717556901608442 0.00380926135811765 -0.533144388069281 -0.790827603411467
-0.0101867192836172 -0.0125635346031662 -0.864415110913283 0.194951094472509
-0.0383124529787533 0.00413124912120606 -0.0456032083185436 0.669777847274074
-0.00988523255283426 0.0134780838745336 0.396616142582634 0.236220405302727
-0.00147936071051642 -0.00366463799337506 0.221281730211259 -0.09004801355602
0.00137766974311354 0.00522659578643766 -0.103475574108367 -0.172684965303696
0.00916928796377251 -0.00367818045695866 0.0959867153644192 0.140413708693855
-0.0115953672224682 0.0106160291623958 -0.135801622532203 0.0645947484536157
-0.0177188594319733 -0.00516015970724004 -0.390881899315485 -0.185416972224223
-0.0298475422910235 -0.0314843799687115 -0.0238647334261515 -0.56083243309808
0.00244599566477435 -0.0466377011836858 0.705763003070989 -0.286150585069951
0.00898884015135262 0.0242744849635496 0.630188304048998 0.606369925685673
-0.0406309519400104 0.0129531047260661 -0.147530112624202 0.648590759220724
-0.0404195498481438 -0.0111796090073989 0.0297807977412458 0.102007926259349
-0.0116930161272667 0.00280842179785982 0.266144677510675 -0.591646771196019
0.00124802843038618 0.00259245855034216 -0.520404574975613 -0.805751410426382
-0.00832064920860137 -0.0130997454737436 -0.87547173551306 0.171703992766345
-0.0355056198468312 0.00222860737420423 -0.0592126796027039 0.664544326443354
-0.00866234295891123 0.0159833402111162 0.39361762444284 0.240311492603315
-0.00282091993102785 -0.00152181710461141 0.225635403246553 -0.0890971297354029
-0.000257508890238745 0.00753934076786745 -0.100991437458224 -0.174729053502504
0.00573088760303488 -0.00103131386545694 0.0961632837068692 0.140056838899154
-0.01343047372702 0.0129206671234039 -0.132556456586062 0.0651065268341324
-0.0181130393540396 -0.00322941880877538 -0.393503006507137 -0.184033164830836
-0.0276101302803688 -0.0324506969825324 -0.0327059106249502 -0.562444056479071
0.00548132783228857 -0.0466195465666932 0.699868216178161 -0.29717225387054
0.00986549241265358 0.0236732113753083 0.63429959636505 0.59558150728836
-0.0395663738429867 0.00943874921944026 -0.144477369661594 0.651417477038946
-0.0371217086479481 -0.0152218082451569 0.0250901374567642 0.106047362305845
-0.00976960332924514 -0.00139091824167708 0.270077217301251 -0.586358394059748
0.00192139591869608 0.00251402990386188 -0.511697126554174 -0.814498392117632
-0.00408319726196462 -0.0137500644723012 -0.880332417753053 0.155611629563063
-0.0326432560644141 0.00123597641903611 -0.0706730003392628 0.661911647157981
-0.0117887344361585 0.0185138196855643 0.39218869087461 0.241865725094561
-0.00615519687487714 0.00112628113824586 0.228814153807016 -0.0864769183271796
-0.00407280824281972 0.0113285457408743 -0.0980342824496047 -0.173990456172996
0.00420121951812175 0.00126136979747276 0.096360030414249 0.141144641178624
-0.0157461779370399 0.0150054310850656 -0.130089327122194 0.0657204945991423
-0.0187801999428365 -0.00135023626591731 -0.391999741168732 -0.182120571404849
-0.0250215448682404 -0.0315485525440189 -0.0348537683630631 -0.565787477125256
0.00635995848548083 -0.0476098701579325 0.694198296357594 -0.302578784997219
0.0108618403429147 0.022482343569602 0.634878591034586 0.589992954431143
-0.0375623116219293 0.00481215785317715 -0.144034384337268 0.652170432391545
-0.0329625319461539 -0.0198361509110967 0.0218426156297948 0.107577352165897
-0.00798611623749108 -0.00501797341975089 0.26993463282396 -0.58359781264824
0.00322662825394147 0.00233095833156016 -0.508412672789344 -0.81894508359527
-0.00167744020927628 -0.012547990546978 -0.883177287151147 0.149345835672984
-0.0299995485993397 0.00358978229028742 -0.0725099340322261 0.660668774564005
-0.0120736708959971 0.0212347165786487 0.392683876874066 0.242850945576765
-0.00759697378811967 0.00285877968440429 0.231622665926775 -0.0860791426234445
-0.00814138624728813 0.0140714852727211 -0.0976177391287466 -0.173753963036596
0.00253048187439918 0.00366163780572009 0.0967417903079682 0.141091064112856
-0.0184540166621425 0.0167818054555332 -0.130052172624118 0.065938528684782
-0.0187795753751373 0.000304136413690972 -0.387772579318325 -0.184828934566386
-0.0219236210668616 -0.0306263825127321 -0.0316452907949166 -0.565674852023884
0.0109391961656812 -0.0469466024344134 0.695178222487672 -0.299158409230075
0.0124544541557202 0.0207587657383485 0.629594209082509 0.592884771258116
-0.034310368527457 0.000274137890945159 -0.148031049528412 0.652181468790457
-0.0267701156048559 -0.0254043627526196 0.0201604058772772 0.106879753982005
-0.00442001328347919 -0.0101504693636291 0.266556136766216 -0.583547871098197
0.00453658432668225 0.00279185292992268 -0.510707094541917 -0.815997659178769
0.0017145148396991 -0.010420167025509 -0.881452405198862 0.152005227307911
-0.0282419025556453 0.0059315578641435 -0.0705796837669552 0.658770061585112
-0.0139312011176487 0.0245409346440097 0.396041799772576 0.24273555446164
-0.0109470693903472 0.00571978668571605 0.230874848100535 -0.0860451305574
-0.0100785539764618 0.0177816806213231 -0.0973282843966189 -0.174632324136486
0.000835666242679895 0.0059667093946902 0.0952437247926187 0.142488531295056
-0.0186646501746952 0.0178136500421534 -0.1299247534626 0.0657862186616496
-0.0207792337649119 0.00192225266395514 -0.385820729847258 -0.186273703015005
-0.0190240161267312 -0.0291629132237187 -0.0219920569719713 -0.565734631156069
0.0153451349508755 -0.0444538833383821 0.701832035082169 -0.292580300388521
0.0142827442407067 0.0205553197110289 0.623120139820898 0.599806013944927
-0.0309887042241181 -0.00512559330105854 -0.154816658060542 0.650141423314821
-0.0209295041592786 -0.0296724988544717 0.0212413531181389 0.105656871500421
0.000443940464783401 -0.0125079519092295 0.26306436572842 -0.585970752163148
0.00732852673262542 0.00303630238775134 -0.519013076237131 -0.810362993128076
0.00408701078952402 -0.00787613350760934 -0.878433110515319 0.161828076268109
-0.0275355983291197 0.00923750469078238 -0.0606599198220864 0.661188551838399
-0.0155203815930604 0.0266872153686087 0.398334221304531 0.241230308422129
-0.0129487007818311 0.00761950495811027 0.230081627076827 -0.0861871695633366
-0.0125010713323705 0.0179262750976079 -0.0988844552219974 -0.172770039481641
0.000191088158864665 0.00795084841170259 0.0920471083594686 0.142981480893026
-0.0203527804263854 0.0199510889776267 -0.133468289473007 0.0660136042508959
-0.0205037419833453 0.0030037253716483 -0.381549750961533 -0.189028781021056
-0.0179222995989447 -0.0275076553905859 -0.00681425589669461 -0.562558176431131
0.0176356885362419 -0.0421869275064282 0.71208244705047 -0.276277566688975
0.015748378581763 0.0206624807787215 0.613640543253178 0.616242462709334
-0.0271331660864201 -0.00851808588480526 -0.160842116240743 0.645772524795672
-0.0150242431698919 -0.0325929287594147 0.0241510429786586 0.101227253972739
0.00373982880113096 -0.015279136638556 0.256015105133523 -0.591588210569144
0.00909695270889202 0.00149197887379526 -0.532886420295411 -0.798446037958597
0.00530432114471418 -0.00546184543526883 -0.87095051860476 0.182319693528914
-0.0255992516526611 0.0116709711170114 -0.0437251935591531 0.663622156172928
-0.0162980734100964 0.0276138889243241 0.401577046029232 0.241158374531372
-0.0142949526389655 0.00747441349204827 0.227188867185011 -0.0866989372797258
-0.0136319165978619 0.0184043002460113 -0.100573641225477 -0.172350889386686
0.0118468219895269 -0.00630008513253281 0.0916413227758497 0.139737714667998
-0.00959247040822799 0.00806917538107753 -0.144723301981853 0.064687853898535
-0.0161398723864507 -0.00734098246812388 -0.387211395409761 -0.186455953253761
-0.0322687690480654 -0.0305646112762797 0.00186435070719006 -0.553098679733785
0.0031910766681116 -0.0435423608937068 0.725925586653762 -0.252010454223545
0.00976155296534754 0.0250663015290503 0.613155938365277 0.634174129776571
-0.039514764247905 0.0138718244247174 -0.156728718913142 0.639836442845622
-0.0397729388635307 -0.00852101320154239 0.0413888265242013 0.0898506191150883
-0.0106670166639315 0.00439001220248912 0.252190442770567 -0.60285860228212
0.00178362648496161 0.00416081579468044 -0.549828968378916 -0.769182693169428
-0.0114529401302063 -0.00857032520589204 -0.851838621349359 0.223351076679765
-0.0397534747553072 0.00749528280045457 -0.022319226474607 0.67033440387716
-0.0089365561586729 0.0151182036479715 0.401941031546644 0.229287786062357
-0.00176573515026409 -0.00357720256331027 0.216753339496043 -0.0916025965566161
0.00369062106599387 0.00397773889603948 -0.106974579624149 -0.171087063395301
0.0107374825342786 -0.00533298017404216 0.0942140521555583 0.140094853293467
-0.0103464710804265 0.00971297043112243 -0.140566434436438 0.0650874159864264
-0.0171085605976598 -0.00565690039204486 -0.389742752712947 -0.185136421288521
-0.0321093820886768 -0.0318199615533456 -0.0130407423809902 -0.55674034276803
0.00196540780045038 -0.0450709857117753 0.714762171229141 -0.270729031335676
0.00926157310841525 0.0250091188224797 0.62209411431715 0.616095342554313
-0.0410065162577282 0.0145531413909027 -0.150326100216995 0.643402804809181
-0.041986639656413 -0.00904970383852935 0.0360163359742156 0.0950434466042607
-0.0117539809167835 0.00332715717643362 0.258040778635153 -0.597359152188408
0.000608815539362661 0.00314640077136471 -0.536225296355157 -0.786870913035314
-0.0112068764754035 -0.0112397677661746 -0.861786139002256 0.200283636303142
-0.0380987703313793 0.00404030089362234 -0.0404454322687922 0.667390126229193
-0.00889680372643259 0.0144040262125537 0.397600973467163 0.23332644663464
-0.00209942267599986 -0.00262486206100519 0.22192903991217 -0.0910661024281761
0.00141928525051868 0.00529143825740394 -0.104760760466235 -0.171534753660595
0.00846188139365492 -0.00341227366820438 0.0969966760599277 0.138958346914499
-0.0120711706768523 0.0108652589207904 -0.136903673225111 0.0659142919283375
-0.0176794488814238 -0.00479224852343154 -0.392768085932429 -0.182682237667694
-0.031535069819828 -0.0314710917290312 -0.026827661574061 -0.558502090136277
0.0033549955744526 -0.0457295048414425 0.702788759643106 -0.287614133473251
0.0101155846667523 0.0244965538582649 0.631122171237003 0.601807508711641
-0.0412568742699514 0.0134564351390941 -0.143635366482203 0.647288210149612
-0.0416981099937442 -0.0107847375003514 0.0313253300564536 0.100887957014629
-0.0128596263070825 0.00135766728761768 0.263807258329897 -0.59173959290125
0.000347549508651655 0.002775245785359 -0.523498410673409 -0.801302268217756
-0.00729941294000318 -0.0131159736332399 -0.870861138249923 0.1762547695033
-0.0353370454560476 0.00228946075304125 -0.056620697145955 0.663952519518415
-0.00929469276808538 0.0157336801388802 0.39481578806375 0.236896361289705
-0.00379583363716799 -0.000229834332965237 0.225384152877722 -0.0896897210114922
-0.000458034385870316 0.0074955981029141 -0.102465244046029 -0.172407341764798
0.00593623177973247 -0.00190556322682749 0.0969489765566431 0.139856205270127
-0.0147534733335227 0.0134514340265693 -0.132923604729755 0.0650270364217842
-0.0188517698273122 -0.00208600920273202 -0.391537327394827 -0.181513388779517
-0.0283264562859951 -0.0310579762623714 -0.0373087457210312 -0.562183924332959
0.00382981070404159 -0.0469811828776989 0.694901334389453 -0.300369964040663
0.010026878011055 0.0234226084523979 0.635131081654181 0.590974245966514
-0.0396895052730574 0.00971159936805959 -0.14143662583468 0.649796765895091
-0.0379760046697611 -0.0147376935164264 0.0258796338405358 0.105563016482209
-0.010117648028457 -0.00133766294377143 0.266219555402544 -0.58535886068378
0.000645647810751437 0.00261682824293551 -0.516224164569714 -0.808875091511517
-0.0050762432110755 -0.0129963134799902 -0.876324164279726 0.160247359868829
-0.0333589619156033 0.00302219000203359 -0.0660678569344262 0.661425639225361
-0.0103318530949013 0.0191300142144013 0.393670187891099 0.239438491278179
-0.00562114898315181 0.00241448763181749 0.228425637164368 -0.0889292175263535
-0.00416558111583348 0.0110124619117166 -0.0993748135432883 -0.172528013195003
0.00359151516575849 0.00136335874220627 0.096885509792804 0.139657110150552
-0.0148330099961222 0.0154167040663256 -0.131191591081432 0.0659346121598805
-0.0196093605277977 -0.00163495455389429 -0.39265901341257 -0.179926600964635
-0.025402873648532 -0.030227224355202 -0.0379867463756848 -0.562957603725845
0.00780018426288597 -0.0474830844849244 0.691211431482944 -0.303965394215444
0.0109892040596629 0.0215653118520837 0.635670106657646 0.58607459204519
-0.0383609039717685 0.00484355249822408 -0.141451131122243 0.650934191668579
-0.0328594022409648 -0.019526911376972 0.0228705372601718 0.106768147852868
-0.00878471247261912 -0.00526865769511542 0.265563042932859 -0.583713389958397
0.00293181269153443 0.00215947916122386 -0.512280453421013 -0.813388332874466
-0.00103110104740458 -0.0122974306640508 -0.88010698308857 0.153902743286848
-0.0313364837810281 0.00484345698567329 -0.0696693048499758 0.65861277273652
-0.0121551791088521 0.0212609027762178 0.393809100143162 0.240004475038228
-0.00854054382791722 0.00446352431255656 0.230686929838917 -0.0880368229096698
-0.00768962869016707 0.0145951230244764 -0.0987226940345751 -0.173790809757657
0.00228951773011901 0.00443325672694407 0.0965964675744161 0.141736180809506
-0.0171817250670761 0.0178120624700592 -0.129835981725763 0.0666728212510812
-0.0191958936752228 0.000515125007387304 -0.389267310335775 -0.181338769838324
-0.0214347054178612 -0.0299041634874321 -0.033625576853562 -0.564623166898964
0.0112512919733681 -0.0460179846744223 0.693892882766363 -0.301516228648567
0.0127338950695419 0.0209580901803711 0.631963278569407 0.588595345968921
-0.0352219557067254 0.000582144387441204 -0.145259545197476 0.650320009626969
-0.027021481368276 -0.0243645617707365 0.0212535959397127 0.108022502496652
-0.00492041824931116 -0.00911361262740027 0.264953808645938 -0.5834494447991
0.00404609106732411 0.00217541273193854 -0.515777425240466 -0.814743205026541
0.00173498036364337 -0.010980512353081 -0.879838581076247 0.15711116524414
-0.0288796599334876 0.006150991468165 -0.0672012696353094 0.65923985347768
-0.0140629450811192 0.0239772042404619 0.396350927936349 0.240818614033184
-0.0111024147622715 0.00621130878626815 0.231502373275622 -0.0884030960775538
-0.0102767090726707 0.0176594094608945 -0.0986318751863835 -0.172974357880257
-1.95169405570413E-05 0.0068823910786783 0.0950060908482111 0.142077366786358
-0.019420736829195 0.0183725271482982 -0.131735445333532 0.0670498030269236
-0.0206166632519051 0.00184025266392278 -0.385933945497591 -0.183944094207332
-0.019823777507786 -0.0292163540783133 -0.0238224037175577 -0.563075499447479
0.0144855259803233 -0.0455365816829225 0.699222200391425 -0.295411689191639
0.0141398255610761 0.0210722109433198 0.624693439032485 0.595562456019944
-0.0310263281649637 -0.00450234794506443 -0.151442920541843 0.648670947214569
-0.0210568876247711 -0.0288241496798438 0.0218475183397268 0.104469446432735
-0.000111955495183755 -0.0132247386384623 0.260357285111404 -0.584564024921646
0.00622381195480633 0.00272797948294663 -0.522010653967425 -0.806728033053038
0.00400954542301791 -0.00765976017853408 -0.874142089285254 0.167433007107506
-0.0264696585103482 0.00930122872914848 -0.0548715353872767 0.659869564870787
-0.0154540531003618 0.0268001411703284 0.397463936089168 0.23827249304972
-0.0128889292624075 0.0077314776410912 0.228819550896929 -0.0884217637221292
-0.0123752623154524 0.0186325867826624 -0.0987325999298019 -0.172771069232558
0.000427137649210603 0.00793955670005997 0.0932913057139132 0.143518765927567
-0.0205945229916006 0.0199485125272115 -0.132472052493293 0.0664203865329516
-0.020787990312285 0.00362942106467427 -0.382059274960039 -0.186482578333686
-0.0182962580751178 -0.02724883794901 -0.0105299142893274 -0.562113197622304
0.0181789285053175 -0.0428168204672381 0.708973959994775 -0.279296508953986
0.016288727970428 0.0214875298752791 0.616644422628123 0.609024048024508
-0.0283534146822112 -0.00796696195029434 -0.160386774205825 0.645531005591633
-0.0163658612435025 -0.0319842331020737 0.0245652239714773 0.0999697076859914
0.00335965914972948 -0.015119107631014 0.254740194887939 -0.591267969401998
0.00804855280885967 0.00217320082451275 -0.535073124094752 -0.794617435335628
0.00547057898846044 -0.00611903170165343 -0.868796431403623 0.186386064116097
-0.0252619797450691 0.0117709517060725 -0.041228268826876 0.662202067388837
-0.0147448590728222 0.0275836399119771 0.403268598254118 0.235807618638381
-0.0136739353791908 0.0079041732752464 0.227324566552627 -0.0883054375203439
-0.0126400274783756 0.019386144068271 -0.100670572853204 -0.170754934526841
0.0103621386055666 -0.00427966398488865 0.0613205987610195 0.15627979365523
-0.0104827909605664 0.00510065158415474 -0.155838840300884 0.033148331865708
-0.00815783834525366 -0.0123311821896673 -0.336577524277132 -0.261350082769017
-0.0202049492813923 -0.0293847041461112 0.114383068952206 -0.539202536539474
0.00394327126555346 -0.0347232029761585 0.759695901630287 -0.0992586484984742
-0.000433721943962778 0.0220888834394574 0.466509244926011 0.750662157082804
-0.0382623880626297 0.00717599829169202 -0.296391239527572 0.595024983452301
-0.0388397205935024 -0.0166964169575983 0.0216818273690033 0.0951761439634833
-0.0121867791201147 0.00272172090942423 0.376345685674907 -0.533536338651988
-0.000999006219522015 0.00737531434958102 -0.363557391549995 -0.867645152157511
-0.00846193259380472 -0.0108336129303926 -0.877435938136944 0.0349049802739595
-0.0342373581965013 -0.000558550225106837 -0.169713612037073 0.652908105319291
-0.00947943849735562 0.0112867964226767 0.347316042548821 0.312652698566966
-0.000504258372587172 -0.0060944630932418 0.237207856440001 -0.0455390920924055
0.0027797750020136 0.0051897197404189 -0.067613172839886 -0.195822029838937
0.00830450877158612 -0.00321645478514331 0.0642371643979358 0.155940671374787
-0.0111225201631603 0.0044024979928964 -0.151841312829968 0.0347041229139997
-0.00947858397281609 -0.012059189756266 -0.340212124453316 -0.260093797568701
-0.0193004342300112 -0.02974794898173 0.10067935252945 -0.546057702423652
0.00268179315921535 -0.0351914515250254 0.751205008998553 -0.120535544691513
-0.00152499323994521 0.0221843603791998 0.478303171827094 0.734409326489586
-0.0400514316064606 0.00693124489542941 -0.290768884562387 0.599581405758649
-0.0395879045574287 -0.0173048928023737 0.0152768525203845 0.100116759902969
-0.0139327796538768 0.00199846986301874 0.379334580066963 -0.524456117236736
-0.00291088153598187 0.00724954039760278 -0.345635082998905 -0.878148741516386
-0.0070019486200856 -0.0128884076041982 -0.881320407442259 0.00858814381330957
-0.0327536699326755 -0.00210220691248225 -0.188462772420417 0.645752926974126
-0.0091619616225849 0.0110905787691768 0.342901444828917 0.315627470174062
-0.00201061514257688 -0.00442074592168655 0.241750015737297 -0.0434254597002311
0.000906969848465109 0.0058462317556924 -0.0653404825500428 -0.19730411795327
0.00637611558235283 -0.00207060479398274 0.0671290563724376 0.156043821297766
-0.0129394330515489 0.00676711724858542 -0.147892001001067 0.0367226183542007
-0.0101563108297183 -0.0105719020086334 -0.343104701768425 -0.258573860286365
-0.018508356617618 -0.0288124114330961 0.0874424552854174 -0.551802575827439
0.00390530785842239 -0.0368369041573058 0.74396873403907 -0.138758825019093
5.17522308663906E-05 0.0210492811749316 0.490453713885167 0.723197886468072
-0.0399274680375134 0.0047464058512572 -0.285028714190721 0.604528045960806
-0.0383685142964491 -0.0192937822845786 0.00802575679335504 0.104710513402461
-0.0122964146474193 0.000339550861192681 0.382892989746132 -0.519344567538172
-0.00253662296352829 0.00499225992129123 -0.331028319132363 -0.889918048219458
-0.00329145572939086 -0.0137904885250672 -0.886317344516933 -0.0157650764030759
-0.029635921583813 -0.0028051646684326 -0.203492570731923 0.637272557566702
-0.00923028229468127 0.012252796448237 0.341448095204495 0.318450632946758
-0.00278479924161923 -0.00323577394962444 0.245565009862674 -0.0423797134708191
-0.00300184827854702 0.00866602594311234 -0.062431795326804 -0.19733368226019
0.00311451046456831 3.80306929902834E-05 0.0678168574376157 0.156556254155315
-0.0147546402544529 0.00868617164142448 -0.144509525854247 0.0363979451689593
-0.0109101860213391 -0.00875207504125828 -0.343606234542367 -0.257092834351248
-0.0158239110307443 -0.0283219281218013 0.0804243556857302 -0.556636947815607
0.00621520170140407 -0.0364730542240832 0.73735792205308 -0.151865976555299
0.000902767475855123 0.0205080284440051 0.496859609978835 0.712957281863546
-0.037184293265293 0.0017911833206896 -0.283401690737546 0.606987241532586
-0.0343351958859016 -0.0228551154338109 0.00297056038440356 0.106730204556663
-0.0110733445957983 -0.00271582325239487 0.385801631746492 -0.513981682512456
-0.00134840127740237 0.00426556133720956 -0.321431500637242 -0.897178836633572
-0.000644755847790074 -0.0135302906740252 -0.888916530970727 -0.0322396441006112
-0.0269295479321475 -0.00250820995118679 -0.212196127537593 0.631636853684301
-0.011223132724601 0.0149652247402864 0.338489904022614 0.32241596647103
-0.00678705746651749 -0.000325226018530151 0.24837359383445 -0.0405314258836794
-0.00572138860080719 0.0110287399566127 -0.0593161570077026 -0.197180012134178
0.00129881967914124 0.0018183798155554 0.0676792315528205 0.156414140560603
-0.016868538390911 0.00971542493125753 -0.143135125600416 0.037405983792885
-0.0127004867667038 -0.00720538551161211 -0.342227729973431 -0.256870621766989
-0.013262865434191 -0.0280550647217956 0.0784897537143221 -0.558412011470538
0.00958840357608467 -0.0354804714021326 0.735196950418857 -0.158986888256182
0.0019502645061035 0.0192309269664226 0.49971233896489 0.707721012641602
-0.0348349545480443 -0.00170980171099437 -0.283965606914963 0.610131266822802
-0.0292025603077079 -0.0260181722275133 -0.00103156358243984 0.108609324814142
-0.00817599742622101 -0.00520646563429711 0.384690939567613 -0.511812521746951
-0.000220514630911304 0.00529317706464452 -0.315697005828156 -0.901033536409038
0.00254120874866449 -0.0110214649853287 -0.890472643808848 -0.038890501968593
-0.0253610910149021 -4.94919358590643E-05 -0.214393325592251 0.630664958809558
-0.0137331733072751 0.0171312936524375 0.338214959206935 0.322652449203226
-0.0100452138585059 0.000586950062393558 0.250569862418722 -0.040133172692873
-0.0107377550529726 0.0134185791195975 -0.0578869518974947 -0.197996827483788
-0.00185593822009321 0.00466479873604761 0.0677924385103987 0.158314770021931
-0.019644488101416 0.0114077764916072 -0.142328101739073 0.0377033591646004
-0.014511147512776 -0.00581479683336411 -0.340681153501189 -0.256492715292061
-0.0102173018568061 -0.0265999023400793 0.0829991515446448 -0.559214241208086
0.0125749683232398 -0.0346116466387617 0.736880783913551 -0.156366688014543
0.00379662964688413 0.018478698100952 0.493700143237082 0.709696017089932
-0.0308282069213315 -0.00601211098384261 -0.287102971270608 0.606156233737332
-0.0223849625113761 -0.0299242629924205 -0.00269409877481197 0.10891228488921
-0.00313706658485967 -0.00892517362047964 0.382633030619758 -0.511102921310039
0.00261541939100419 0.00626647712273812 -0.318120528245376 -0.898461034744326
0.00484347756430364 -0.00886749660761542 -0.890945288313613 -0.0369204440562927
-0.023150542047505 0.00171492168049254 -0.211288355044945 0.630275663494934
-0.0159389987061597 0.0199961311790079 0.340854994096447 0.321429537068722
-0.0125922087795461 0.00223576065968013 0.250227852305557 -0.039067536370751
-0.013625393342672 0.0160276620421545 -0.058194851205925 -0.197432053769799
-0.00377966349209186 0.00700436095577433 0.065709694015264 0.158350926932314
-0.0211460605452961 0.0125071748304936 -0.142870572247296 0.0375716524821449
-0.0147613919530516 -0.00437902750734583 -0.336596581332101 -0.257629323363145
-0.00840736787937936 -0.0253707223559765 0.0916233800529635 -0.555090177561791
0.0150359678064257 -0.0335617740913343 0.740098330089416 -0.146165849023019
0.00538195864038636 0.0189360707729442 0.486101712859602 0.715592477022988
-0.0259008153529563 -0.0101924414271991 -0.293129238005618 0.60442967497746
-0.0160916671245644 -0.0332232202402185 -0.00137461064095706 0.105414715797828
0.00194212570733308 -0.0119743271920478 0.378437385834632 -0.515524857281931
0.00442445216099617 0.00578492203879318 -0.329315002481556 -0.893719173057987
0.00625503013463123 -0.00574889515454996 -0.887478556938325 -0.0248109894626956
-0.0226008537825875 0.00448184646678321 -0.202628116722892 0.634778943678729
-0.0181608475678987 0.0224887702068095 0.34403093246526 0.320641984482472
-0.0150294841831814 0.00287200452031919 0.247486644622377 -0.0379851088707648
-0.0160354175208336 0.0163688141026771 -0.0600047103392697 -0.196039897917765
-0.00442674717129061 0.00675421668597672 0.0633321237922735 0.159434021440824
-0.0223841005474873 0.0136307275642672 -0.144925902470293 0.0389030875218497
-0.0154684715267526 -0.00360912347011642 -0.333802370206498 -0.258961641764123
-0.00772348291278573 -0.0228660448846797 0.104983471214235 -0.549095557146902
0.0179256778268189 -0.0294621491042247 0.746324120178366 -0.12986061082962
0.00692583045835036 0.0192548100960963 0.474367777705907 0.727102257520212
-0.0225463142603609 -0.0125186447505293 -0.300218957807668 0.601025406163241
-0.00976822019215267 -0.0355312733445134 0.00200528374389189 0.103264614154565
0.00570447127388422 -0.0132448748411878 0.374099073552877 -0.520120929784063
0.00555568641033232 0.00676713735706948 -0.343783423783955 -0.88650879401274
0.00728018396126816 -0.00293661031096111 -0.883030211328631 -0.00740320283191048
-0.0222583144308 0.00721494247625395 -0.18839355857886 0.639106306671196
-0.0190556510366129 0.0229541878993854 0.347599265138054 0.320354769705133
-0.0159819760282649 0.00361170531545696 0.24569372183553 -0.039462991775548
-0.0166640309859771 0.0171939226646077 -0.0619386179983145 -0.195667854825492
0.00977288193902024 -0.00325480504262428 0.0627597679872366 0.155145131180503
-0.0100492081903736 0.00469028055877769 -0.156615909271137 0.0341895357700483
-0.00882313648078895 -0.0119532950640064 -0.337578666957336 -0.256875747751089
-0.0208545065184499 -0.0285930287689927 0.110296602397956 -0.538407128470058
0.00340792903954712 -0.0332392586284247 0.758052302080392 -0.10447881102388
0.000330974718561869 0.0219447451154108 0.466766341959915 0.744227563743517
-0.0391975733651261 0.00669657372866383 -0.293493059384322 0.59419504776084
-0.0390540607065023 -0.0175607681129243 0.021585772283736 0.0951212863789401
-0.0117474469632211 0.00264318100619013 0.371608962524348 -0.533183450650753
-0.00132730727392538 0.00668873172827887 -0.366403562277607 -0.862688176952518
-0.00876723323494378 -0.0101563996877785 -0.872902586611574 0.0405575194016655
-0.0345426055263642 0.00061853022753975 -0.165116943368257 0.651518395698133
-0.00920346079630053 0.0108667824535761 0.348550980634916 0.309352005562348
-0.000914787733440241 -0.0057660062425213 0.236354223487484 -0.0473525297392637
0.00237473954578767 0.00617349138249596 -0.0692023449950638 -0.195245213518147
0.00867253215759452 -0.00321141135105138 0.0653819745281786 0.155671231877292
-0.011115854681758 0.00466228154619279 -0.151057121466619 0.0360908397725412
-0.00875207745149943 -0.0111285388524658 -0.340595816387207 -0.257002290169261
-0.0200046961808576 -0.0286312091192718 0.096364643807216 -0.544942503139441
0.00283722976972223 -0.0348510296338388 0.74774798831179 -0.12351375963302
-0.000154280672887083 0.0218896856262017 0.480325413038897 0.730343025872137
-0.0403855824012401 0.00791341769628034 -0.285999839616603 0.599179888436844
-0.0400631373653005 -0.0170409495751253 0.015596256973207 0.0997838251781165
-0.0145407810923465 0.0017355262475539 0.376825259865275 -0.525932790651036
-0.00188205103856375 0.00613924379740399 -0.349711527456418 -0.874974910235319
-0.00631206394751003 -0.0130443334091522 -0.878764000246921 0.0142019213256954
-0.0318673912281576 -0.00197424989799733 -0.185426076910249 0.645662424379859
-0.00902454984632436 0.0113186391341569 0.344335368581025 0.310941571079666
-0.00208610032225864 -0.00483154958584265 0.240887244963524 -0.0458079341215769
0.00119792938092574 0.0070932004476596 -0.0665587453893045 -0.196064018359455
0.00641227916411456 -0.00209364151228099 0.0678904342110719 0.154965615864885
-0.0126722168100235 0.00694840647451188 -0.147564376071879 0.0365981688148239
-0.0104166341005588 -0.010239487016134 -0.344249049506791 -0.254250663345811
-0.0190488202140043 -0.0288924493763054 0.0835552241714754 -0.549769630332551
0.00355408191306545 -0.036102054559396 0.74197052536245 -0.143228556487481
-5.68006595425084E-05 0.021144013951213 0.492917559635416 0.718587888904023
-0.040253925079626 0.00591783544367468 -0.280830628668627 0.603801985140403
-0.0389656433969002 -0.0190500604893005 0.00886465891798026 0.104033611787805
-0.0135916205610133 0.00122457650617916 0.378941172921642 -0.518801972023831
-0.00211040503832217 0.00523911106798226 -0.336059528018361 -0.885541675331319
-0.00413422278632193 -0.0132405704421906 -0.884008327945779 -0.0106694256444509
-0.0290454348653174 -0.00255944315020214 -0.197406056544989 0.636974936491087
-0.00996586436882999 0.012989645773563 0.341458604471735 0.315865735054046
-0.00396038278179518 -0.00204052781894113 0.243929241374925 -0.0440200579343266
-0.00192266775970924 0.0096390283971706 -0.0637654398584084 -0.196698562422161
0.00390660947612182 1.17600429827519E-05 0.0686123338476853 0.155979067031617
-0.0150248119362079 0.00837006446939409 -0.144881848838062 0.0368329239826134
-0.0123307548630265 -0.00758156876482335 -0.344727606367241 -0.254644428384751
-0.0169952510542039 -0.0284274118940556 0.0744650056778375 -0.553323229339523
0.00517495077111882 -0.0362543155791472 0.734145224229538 -0.156863595782261
0.000909970239065201 0.0206544206408011 0.499043363150992 0.707104710876693
-0.037696205828041 0.00253632746697706 -0.279555287367709 0.606784007115837
-0.0352156950399994 -0.0231675484634332 0.00257174226676839 0.107404855834714
-0.0115390314747726 -0.00309281914971207 0.382387330174049 -0.513368825777594
-0.000450365588512368 0.00548007263560774 -0.324348236532668 -0.892101660656487
-0.000584863279545467 -0.0125465359241908 -0.888354865448128 -0.0281914594136676
-0.0270885413646149 -0.00202923658268457 -0.208644501054414 0.632083350009886
-0.0111438943045615 0.0151085259789407 0.340361132444649 0.317138129530417
-0.00710705828441475 -0.000669142915304575 0.248260012018642 -0.0429396909743436
-0.0061847250849283 0.0119833931870637 -0.060667064667708 -0.1965043342722
0.00166343212283668 0.00268808318565501 0.0685627466021028 0.156154566517225
-0.0164128669512775 0.00964851294337373 -0.143793026130576 0.0377120570914986
-0.0129504138499978 -0.00691478493606675 -0.344305716797926 -0.254020451376728
-0.013718658783284 -0.0282246280373337 0.0735163277389518 -0.555913020201457
0.0086235394485987 -0.0364374956132453 0.729538488708352 -0.162244070184266
0.00244067682901152 0.0193347892479844 0.501696850139828 0.702013059470767
-0.0350506167947989 -0.00117143971455329 -0.280710996721162 0.607940426176228
-0.0291524285576314 -0.0259306609781753 -0.000481466633662694 0.108375517652246
-0.00821866805861319 -0.00621724307522288 0.381880789085532 -0.512689752720683
-0.000317458112045314 0.0055582424850956 -0.321117933084205 -0.89506308956131
0.00224616704328595 -0.0108642834961983 -0.887181382358042 -0.0342868299061539
-0.025315712364714 0.000251620972608764 -0.209992458173149 0.629276283578982
-0.0142518752261093 0.0173119124579584 0.339324774015398 0.31902981994342
-0.00978646189246735 0.00131041734632177 0.248686773633601 -0.040689398289635
-0.0101825603546086 0.013771561494875 -0.0604149027883887 -0.196606614324631
-0.00131135543963518 0.00452936612155035 0.0685286743521488 0.156851762399965
-0.0192331287079543 0.0121769979614152 -0.1421750632182 0.0373544871362199
-0.0142772704286483 -0.00466228603559423 -0.341784364038969 -0.253139501220646
-0.00998827070357891 -0.0260126684518695 0.0766918119423474 -0.556396305778973
0.0131639086060148 -0.0348639040720366 0.732362132420721 -0.16075738707339
0.00480314864080944 0.0189785784675215 0.496890882202328 0.704641452500739
-0.0305339821621635 -0.00574829758943495 -0.283569799739177 0.606929897788716
-0.0228638421844308 -0.0301543351479187 -0.00235247222486163 0.107872882999678
-0.00393921015036836 -0.00932822857086505 0.37788671516654 -0.512455474417555
0.00209929742257156 0.00563392883936284 -0.323651891246121 -0.896067236974846
0.00434542877256643 -0.00802633625270758 -0.888445728392915 -0.0320981817794833
-0.0234903016538154 0.00269226301287502 -0.206825598636632 0.629913877058719
-0.0165652238729019 0.0200774833565204 0.341947106035635 0.319822534370705
-0.0131385497596992 0.00311570137999088 0.25025512906799 -0.0412941428327148
-0.0134808362238963 0.0160155547505875 -0.0590287125029684 -0.195940594720785
-0.00315853336306132 0.00638899280993433 0.0657646484415874 0.157500780798223
-0.0210021427933001 0.0135078467691217 -0.143662503671133 0.0384903690773431
-0.0153230969177392 -0.00400404278399203 -0.33807308946202 -0.254438384552726
-0.00940822902250563 -0.0245083927026099 0.0877909965686091 -0.55336356617486
0.0151848673482558 -0.0324133864954787 0.735602263693504 -0.14991409268595
0.00579361826630479 0.0190395280740114 0.489864193052303 0.709801695069548
-0.0266915417387664 -0.00847941045111038 -0.288624277437876 0.605339608570347
-0.0158635749073287 -0.0333226871086744 -0.00117074673816603 0.106006319710561
0.000154959957005291 -0.0118457799164508 0.373285503974988 -0.51491392444707
0.00348777237896963 0.00584393581692545 -0.332779729139316 -0.888632148097794
0.00670600078861777 -0.00636302327324409 -0.885884676594927 -0.0222487774749472
-0.0225130845701401 0.00497654047958563 -0.198354637694246 0.632725787845156
-0.017305777454724 0.0218288015006867 0.344781817481958 0.317269608020227
-0.014867017447542 0.00350368922243982 0.248931157290205 -0.0409764619581331
-0.0156711312661828 0.0176284571914434 -0.0605849365341648 -0.194995480473253
-0.00419689351094854 0.00748328816694956 0.0641155850844238 0.158694270425357
-0.0223850843572428 0.0143504608375249 -0.145077564384605 0.0397178824038731
-0.015921795923524 -0.00234632071586304 -0.334596433750936 -0.255375253223124
-0.00778503208227494 -0.0220097249404513 0.100784088210933 -0.547535166723856
0.0175159607893405 -0.0295599556501437 0.744385203724387 -0.134178815725444
0.00748390466625734 0.0187923171416695 0.477428293725118 0.724164074462606
-0.021951814407679 -0.0128171434910486 -0.296145871568926 0.600018366153859
-0.0105590459664206 -0.0351225404696139 0.00307460496095232 0.102895371577035
0.0046188796892364 -0.0136696501538332 0.369859657931431 -0.521893746839333
0.0058947479259333 0.00616268975125635 -0.347042245172953 -0.882469484885893
0.00729486833031349 -0.00395369298301434 -0.884910511136176 -0.00273371058692105
-0.0218396826218928 0.00706952593289692 -0.183992250661766 0.63979990692554
-0.0182072714802691 0.0229023050106597 0.349525346329304 0.317110873348806
-0.0159475290912718 0.00349546109756016 0.246119170708101 -0.042575372508397
-0.0164978342437191 0.018149476528337 -0.063177300489653 -0.1955680632317
0.0100688262543618 -0.00403574512291426 0.064052383312853 0.154523289699493
-0.00992487139134724 0.00504654375269644 -0.157136142916736 0.0342478941964562
-0.00876936906003362 -0.0121190955540424 -0.339298892517398 -0.254844837113286
-0.0206722988937882 -0.0275996254637376 0.10752185253437 -0.535531934280399
0.00278933566321699 -0.0349058836882989 0.752846471727668 -0.107214354086124
0.000504096799209094 0.0229030119868115 0.469712168344135 0.737461366678371
-0.0385090154333725 0.00733865475354155 -0.289243652280731 0.591944204396984
-0.0394352315180135 -0.0163033477986623 0.0223724603281095 0.0945244999560861
-0.0117804235031802 0.00237847943610377 0.365698603015133 -0.533129027846024
-0.000782509050482244 0.00666012753649633 -0.370335912098334 -0.856157089794619
-0.0085639515088199 -0.0104280006157293 -0.872381209778579 0.0434226115073233
-0.0345367582790473 0.000813830473446134 -0.160287504707584 0.650805349969216
-0.00846134839653951 0.0107250427339474 0.350526764195724 0.30638189075209
-0.00121700876912895 -0.00499679283081729 0.236313868247969 -0.0485909938055702
0.00356069191906733 0.0064852537036568 -0.07066093439096 -0.194889143331571
0.00844102249553382 -0.0035382503414961 0.066572022952833 0.154382814010562
-0.010522146613054 0.00577773698350393 -0.152736928089414 0.0360974373716641
-0.00966236155075424 -0.0104229360977719 -0.340934457920231 -0.253599412704309
-0.0208798575132746 -0.0288775559846802 0.0929640232993199 -0.542344754279732
0.00261606461151234 -0.035823505360704 0.745463080119361 -0.128210755323322
0.000863037063653826 0.0216081637768828 0.482963687782571 0.721659032828419
-0.0408318863833275 0.00656415901614918 -0.282851443321537 0.59787013886134
-0.0406715482175193 -0.0172038187981827 0.0167223196946586 0.0986819785886736
-0.0139330511221344 0.00077887856738865 0.37125522936618 -0.525833275434871
-0.00185730631636702 0.00624996361473847 -0.35468330495804 -0.869881130421002
-0.00700288324222431 -0.0129558119351813 -0.8774231795792 0.0202937683059412
-0.0316255497170472 -0.00109094369172532 -0.179091827307414 0.644849931242354
-0.00903927912570716 0.011276928954868 0.346170370378524 0.307395032748534
-0.00252560274219522 -0.00287416195399611 0.240813434485614 -0.0480514814003652
0.00144243357685966 0.00827166939330146 -0.0675561624542857 -0.195790146018859
0.00572613120757047 -0.00137600110037844 0.0692725551730919 0.154583284850129
-0.0127001794585631 0.00726597045679469 -0.147903911516649 0.0369520223085976
-0.0111100050966184 -0.00971483610410617 -0.345117696155894 -0.249681790793431
-0.0192779302199435 -0.0283481316733076 0.0807843397909739 -0.548369107729757
0.00318193598131099 -0.036170501803422 0.73801930078015 -0.147335742803409
0.00114663616285905 0.0217173964660084 0.494084475793961 0.711041815494738
-0.0400717286497253 0.00610715464887111 -0.276764564366893 0.603130936575422
-0.0397476796552207 -0.0182517345942719 0.00950733197368444 0.103549541607266
-0.0141941170769182 -0.000606562249274179 0.375572605897618 -0.519826568143675
-0.00169233358577497 0.00599044341856542 -0.340328416571502 -0.879566781087332
-0.00380962331402766 -0.0126898548366204 -0.880611641140276 -0.00552344488847155
-0.0299982098790879 -0.00241521848901833 -0.192886640869828 0.635475854782742
-0.0083831609409839 0.0132903681834898 0.342857437283147 0.312754977598935
-0.00418837397099723 -0.00211461733270315 0.244913709400205 -0.0460388869978177
-0.00230374996517993 0.0097217504241911 -0.0649568900564352 -0.195756700622156
0.00324393591385548 0.000838689328164928 0.0704362962744088 0.154593948997629
-0.01520127316335 0.00888691424727653 -0.145334535738437 0.0376133007367891
-0.0114022282798505 -0.00778233497692054 -0.345077658640587 -0.250846762764983
-0.0168584498877126 -0.0279790046025986 0.0712449934985846 -0.552092840393849
0.00580610157037866 -0.0367151149815327 0.730395892770861 -0.159431187508941
0.00159320115643518 0.0205299449270588 0.501001390375135 0.701568389658517
-0.0381087079928557 0.00238120498876778 -0.27635112890949 0.606279231761316
-0.034883036713385 -0.022542259097164 0.00383283903367789 0.105989321788596
-0.0121150290311586 -0.00394574228529787 0.376100991502222 -0.512244393534997
-0.00149141596810127 0.00479763407980547 -0.330784314155441 -0.887666117220111
-0.000262272603308464 -0.0125810679924509 -0.884573762182269 -0.0216489327437498
-0.0276279121852896 -0.00148473363857158 -0.202590388523996 0.630725836690439
-0.0108262719558626 0.0147343500581949 0.340236611428568 0.313347751952951
-0.00660877906076303 -4.84433386231959E-05 0.247119474873578 -0.0442861933152029
-0.0064895062069705 0.0126699793439089 -0.0615259237765938 -0.195025760512735
0.00078944233741646 0.00298566333338675 0.0704864765846858 0.155858545743213
-0.0169773832243898 0.0114959926982972 -0.143836618274625 0.03822173912952
-0.0120882799825111 -0.00632527627589314 -0.344357268310378 -0.247333460909126
-0.0137749038081222 -0.0272436622771076 0.0689257659630786 -0.555205514913849
0.00847595799595236 -0.0356987674499759 0.728511837805921 -0.164884358423071
0.00324277285496909 0.0196140143629428 0.502519126999094 0.695208926826849
-0.0350254050992503 -0.000448082807458689 -0.275690999954537 0.605892885004358
-0.0299393684963987 -0.0257611077843679 -0.000417976693576305 0.107614376515754
-0.00876226651386983 -0.00639810571440434 0.375655383967448 -0.51068140734172
-8.57007190478917E-05 0.00505102323025541 -0.325918926311916 -0.892543393633228
0.00214208765592487 -0.0108277896128305 -0.884707291472304 -0.030438459823272
-0.0248321282259128 0.000443256898677356 -0.206204833781905 0.628712398898252
-0.0133635454925376 0.0171902742992237 0.339252565968482 0.314737669973926
-0.0098755144775463 0.00145257244138847 0.249471120636343 -0.043138017352846
-0.00946515062515432 0.0140958008373733 -0.0602497832855458 -0.195203836683162
-0.00180648154018072 0.00507787727727576 0.0686274985535604 0.155912343850658
-0.018919239779035 0.0122697129888926 -0.141574435195991 0.0383748528624227
-0.0136446544139526 -0.0037310125291103 -0.343630592019995 -0.251651331265945
-0.0112971144106899 -0.0265634800729184 0.0722683403071226 -0.553163819186476
0.0122751504775433 -0.0346179899045297 0.730479867357054 -0.162701537303072
0.00467765278156798 0.0193857082897866 0.498774482434884 0.699868560306551
-0.0314298154634523 -0.00506309701823101 -0.280087256958016 0.605759752193328
-0.0234089074710961 -0.0299251812010179 -0.00248837991786808 0.107759112461626
-0.00460249285392826 -0.00947700917767248 0.374889836287524 -0.513738869146681
0.00241612267640835 0.00494289053185907 -0.325919345426968 -0.891817374236774
0.00504195402567326 -0.00837683946507817 -0.885339129714011 -0.0254146741532023
-0.023435484587496 0.00238557742480334 -0.202141531077934 0.629970804590176
-0.0157920137164076 0.019650289016202 0.343793106946908 0.314928302590016
-0.0134285805417757 0.0035643845272109 0.250071924184674 -0.0423835367180725
-0.0135078780230566 0.0165242343755678 -0.0610735915205277 -0.195338130015032
-0.00330470721729446 0.00631791630002354 0.0673033695360643 0.157686020898764
-0.0204832646964189 0.0141324792817809 -0.143815301719236 0.038011406699939
-0.0150095754188125 -0.00286398727061349 -0.338262331303985 -0.251538911816449
-0.00926281745653613 -0.0247538914585205 0.082678191758544 -0.551855803402893
0.0153147367952168 -0.0332031123875798 0.733483259137161 -0.154847377137103
0.00629904738311413 0.0191297727025486 0.489991555787801 0.70623560087806
-0.0262725642370346 -0.00774095685431711 -0.28417973679636 0.603641647424472
-0.0169926679022467 -0.032868581178878 -0.00103353359440753 0.105426957492211
-0.000108159245868574 -0.0121349302819587 0.370496502920491 -0.515978422688034
0.00410951694827118 0.00542022419035842 -0.337899510153441 -0.883913936668349
0.0065471652642999 -0.0056463224534302 -0.882928087499802 -0.0170580308268566
-0.0226769865749396 0.00596771400567246 -0.194489689324824 0.632519277628022
-0.0168446194854948 0.0216602330853778 0.345865610836691 0.314040600617667
-0.0156818046958201 0.00475909744597869 0.248165223604294 -0.0428998284133475
-0.0157609504476192 0.0177577550169448 -0.0606144922872828 -0.193942061494706
-0.00492401554034979 0.00770899841911659 0.065471195045841 0.157929734694133
-0.0220683947609106 0.0140633671009345 -0.146134504472454 0.0396790207734471
-0.0159529515118919 -0.00241986539530751 -0.335434049693393 -0.251740177102811
-0.0080496281924957 -0.0215844515420568 0.0969697101983831 -0.546805193883081
0.0169787665207959 -0.0293263354826236 0.739724785187608 -0.1373849081304
0.00680560827277075 0.0204827244226464 0.478193557435852 0.716736449474076
-0.0228507014897085 -0.0121801185810106 -0.291653163646224 0.599460820575611
-0.0111964912086837 -0.0351368398120315 0.00360093840835182 0.101378635858062
0.00394705620736075 -0.0141328155542327 0.365345340390964 -0.520700796546588
0.00596368036297704 0.00683277136797223 -0.351597604727025 -0.876463229981365
0.006821668010908 -0.00444483605064159 -0.879107223249327 0.00428361531642642
-0.022252593288817 0.00714039913824796 -0.178114433370291 0.638363511849034
-0.0183177642388175 0.0233006110156437 0.349509752965752 0.313440509245129
-0.0173357245256042 0.00440714106071595 0.246014018655694 -0.0443116142540972
-0.01674373289962 0.0190770839327542 -0.0634497544118725 -0.193154703051675
0.00932046232017216 -0.00311766920322826 0.0646215927714116 0.153428378546023
-0.00928637961673108 0.00536406449300299 -0.156479387450668 0.0357642461565328
-0.00907620737851232 -0.0105357749731604 -0.340364140431621 -0.250071374898627
-0.0212803179812353 -0.0279169653572648 0.104178069933539 -0.534936467960078
0.00290570555107561 -0.0341714067139065 0.748244936817886 -0.111356216715255
0.000609097176969966 0.0229465047168573 0.471607287094375 0.731832944928772
-0.038561804396752 0.00780008639063071 -0.285445360258725 0.591435164343279
-0.0399610408744176 -0.0164120039877648 0.0227107743454142 0.0948997531501985
-0.0130502077292795 0.00219780081044765 0.36093625204844 -0.533235125078119
-0.00106091202779247 0.00647578935531941 -0.375316572914546 -0.850122723279612
-0.00863257880119445 -0.00938999396750664 -0.868282830101357 0.0486514664752584
-0.0339348487366902 0.00123600757465431 -0.155825185118181 0.64846642234529
-0.00848467124629769 0.0108095434698535 0.351058167227082 0.303389796315726
-0.0020712081944727 -0.00369865261858135 0.236379977644227 -0.050637269382853
0.00219669108421746 0.00752982256028693 -0.0711932634921039 -0.193248998668466
0.00794852112577827 -0.00241569467088805 0.0689607163875858 0.153525268076704
-0.0102611874254289 0.00681882486268957 -0.152412916975402 0.0369651888834172
-0.00970238080361348 -0.0100622358673451 -0.34296821682522 -0.249324692442633
-0.0207920103839353 -0.027529473123735 0.0897650284238364 -0.54076178467664
0.00165785905883168 -0.0354989719374508 0.739070160837109 -0.132774749072139
0.00144898277065412 0.0227330992221237 0.48546976712417 0.717374254679148
-0.0401841788004563 0.00955540690281566 -0.279368900465195 0.595978209503982
-0.0414765117164451 -0.0164869949550981 0.0162360947014617 0.0994411973203123
-0.0145710664936418 0.00235663814351318 0.367260410360324 -0.526392597327259
-0.00202434002422862 0.0063861434413526 -0.358406184177322 -0.865526008676109
-0.00726266284361379 -0.0114381461051802 -0.874236425973506 0.0250049056806493
-0.0327507227244884 -0.00134237930272332 -0.174964509349057 0.642948620911265
-0.00873873615876026 0.0109678292475663 0.346523500336563 0.304678159316151
-0.00233477366056408 -0.00303784714203109 0.24031643894574 -0.0503810547562484
0.00205815579296984 0.00864843714878314 -0.0689663170407189 -0.193765666431767
0.0058006347609679 -0.00124235262141099 0.0699147257070644 0.153237635857134
-0.0123346806852408 0.0081898798465992 -0.148013020367653 0.0364538894168603
-0.0112031201562244 -0.00886717222791025 -0.345642389999471 -0.246969297824222
-0.0197580354282414 -0.0274528552291766 0.0764702253272875 -0.545813734928418
0.00345819612360334 -0.0360295339536234 0.733407446978451 -0.151791727988786
0.00115512340686718 0.0222230145274808 0.496078183392954 0.703953062579861
-0.0404622862710931 0.00767459666154877 -0.273169921503104 0.600380559481066
-0.0408314587815628 -0.0186398902014477 0.0103112348046434 0.102529711237326
-0.0141511686908892 -0.000357294807232105 0.369821480760268 -0.520718468926392
-0.00214848577362671 0.00551272483921093 -0.344334962344518 -0.874751901504152
-0.00366886171838993 -0.0124284897676 -0.876793737747563 -0.000878404655801996
-0.0297758848901926 -0.00215669229343545 -0.188575516836748 0.635676377886224
-0.00903153703555461 0.0113557618594535 0.344410425807757 0.306941988183029
-0.00427637348169108 -0.00140581824446086 0.244020100061389 -0.0485844968277897
-0.00174866829550061 0.00937821973267631 -0.0657725316233719 -0.19364173092615
0.00283249711662808 0.000197400952660581 0.0717275709866835 0.153842021660867
-0.0142580873071637 0.0102497949462625 -0.145892918630962 0.0375090533821268
-0.0121440482987296 -0.00671922619522522 -0.346749938583007 -0.246904614865347
-0.0169086528740278 -0.0270247515927636 0.0665376410240189 -0.548953141519357
0.00544095388448132 -0.0366099183854776 0.726450063091408 -0.163436925904486
0.00234747648095687 0.0218994623321548 0.501478328768325 0.693797674265392
-0.0385094992703005 0.00373886425010994 -0.27203197913607 0.604468716016134
-0.0367254172112556 -0.0218151809981611 0.0034029767082526 0.106111843637336
-0.0126423215713464 -0.00388971539982438 0.37263500184119 -0.513529859850022
0.000230406597862672 0.00490892379748472 -0.333325636374944 -0.881446754329866
-0.000499106996087284 -0.0122184600086148 -0.881108897226026 -0.0190640406353297
-0.0255717305269144 -0.00148022294640046 -0.197264775940151 0.630749123371148
-0.0109141606413707 0.0145888135142069 0.342285402844213 0.311016589925768
-0.00758779309968606 0.000515059642687877 0.246457644951995 -0.0458325743132819
-0.00547876113200483 0.0136216934164385 -0.0632629507836612 -0.194566608746767
0.000434401922267416 0.00285037301405912 0.0701175047136398 0.154177587255827
-0.0167165763211729 0.0116553939738313 -0.143500471052046 0.0385779218574503
-0.0131523721383759 -0.00597948364713637 -0.346806606134418 -0.24660793854288
-0.0145347032707015 -0.0266800288446422 0.0657585938402914 -0.553583677396035
0.00755853134382868 -0.0352954222287204 0.723252171774361 -0.169901274337956
0.00384547308938367 0.0202807188513491 0.503094540435692 0.690824807767621
-0.0354035017531244 -2.72076756518899E-05 -0.273262439758171 0.606489203132024
-0.0306347976625688 -0.0252032489677756 -2.92847308358321E-05 0.107242604261333
-0.00914411062932096 -0.00623146104671243 0.372750088198139 -0.511751023833542
0.000100304255603461 0.00423700721809861 -0.328645336705037 -0.884949028954872
0.00206741658621303 -0.0100270903635954 -0.882680092478125 -0.0241372216578876
-0.0245304658654337 0.000525971882670576 -0.201245002042122 0.627070874596786
-0.0136184918342663 0.0176422024435333 0.342211039867593 0.311525274475575
-0.0105433712979172 0.00232825635689971 0.249305547553991 -0.0450224831347309
-0.00996803836380443 0.0150703071614105 -0.0614987375801815 -0.193945067933711
-0.00153409469948311 0.00494941530335704 0.0703594317762302 0.154462955011568
-0.0182847670148291 0.012798860900268 -0.142193692999573 0.039714936089824
-0.0139936557064724 -0.00364369985870751 -0.343355082159802 -0.247527258474464
-0.0116397628364277 -0.0256696592017457 0.0699074267493359 -0.552923497576726
0.0112983301542959 -0.034934743538671 0.724397970274789 -0.167899424566277
0.00508866062875202 0.0195693128901676 0.498348313531892 0.692054672607566
-0.0308843248238452 -0.00430178245730494 -0.276072915862928 0.604884276593572
-0.0242257994169535 -0.0287640872694802 -0.00114616139112531 0.107677614772339
-0.00512949444433367 -0.0100817498931941 0.369017833815991 -0.511408685224266
0.00225277508924628 0.00468484339656074 -0.332421923897894 -0.886023222994541
0.0049856904302571 -0.00795627199202074 -0.883020147423939 -0.022978762890472
-0.0223731497556474 0.002740508972797 -0.198059126603793 0.628274849799064
-0.0153236985496389 0.019871212169786 0.344826237767207 0.31176034470758
-0.0140025575096869 0.00409616637318606 0.249732462527311 -0.0441673394092682
-0.0129625976150369 0.0166151682120743 -0.0618803529315514 -0.193514553235754
-0.00391878643063856 0.00752190439723385 0.0678686796094172 0.156069266668531
-0.0199488917231861 0.0145556966794294 -0.143932175924546 0.0396903974549111
-0.0153470169528228 -0.00230406973629267 -0.340128269753225 -0.246258545496902
-0.00938147042995434 -0.0240920394674694 0.0805310698250655 -0.549679909471354
0.0142580827868285 -0.0327235611393316 0.728396290525805 -0.15891766677985
0.00697225651114205 0.0195008811743903 0.490396953078192 0.698991997353506
-0.0268092234557874 -0.00812916476760297 -0.279900080096833 0.601361774031505
-0.0171829676649797 -0.0321812032068311 -0.000459287169764769 0.105104953087326
0.000138763692401169 -0.0123675540417154 0.36604726727067 -0.514447654654509
0.00474533093882164 0.00532695837566002 -0.341725892913834 -0.877721698193805
0.00585305291366925 -0.00553717262082874 -0.880148604250916 -0.0100593470122045
-0.0217235623376193 0.00595517850289789 -0.188711538156924 0.631058098740817
-0.017118605455325 0.021680715193539 0.346934778924569 0.310632777401054
-0.0154073036835652 0.00582577786903572 0.247874407625733 -0.0456527514680916
-0.0151743140916944 0.01814918479129 -0.0629963647680942 -0.192379678560944
-0.0045974124858817 0.00801664420097969 0.0662213049454627 0.15694844305372
-0.0210632057743502 0.0146849935784724 -0.146541015544182 0.0388418596131288
-0.0164135621794394 -0.0015400285635988 -0.336575542232559 -0.248434719389695
-0.0082437151957869 -0.0212905361425857 0.0943400735464975 -0.546074367714237
0.0177023425741069 -0.0303522950809327 0.735703607092061 -0.142138147142762
0.00793994682254873 0.0195270377757544 0.479693156728261 0.712706251166098
-0.0236712116304059 -0.0112908325000108 -0.286823027774997 0.597870309426277
-0.011560304438263 -0.034810377851071 0.00325516043321379 0.101819568302139
0.00409039807108396 -0.0151124409176346 0.360636584181298 -0.519659764780318
0.00664197828886336 0.0064957051642841 -0.354258611149621 -0.870125381329788
0.00827767281885585 -0.0031528951907144 -0.874959848109716 0.0091377287651985
-0.0210631432212815 0.00804450579270928 -0.174566573168143 0.637844505108954
-0.0170241712530497 0.0230266683249556 0.351370720323868 0.309546871923102
-0.0169435027990652 0.00461317005394804 0.244696857027376 -0.0447416837671082
-0.0158010100123418 0.0192264354770675 -0.0650710784099789 -0.192927815279481
0.0102762890118821 -0.00404426267887461 0.0667109666576211 0.153202511242541
-0.00945342363875648 0.00562848518328447 -0.15671181351158 0.0363658284151253
-0.00940867441903799 -0.0100873458407928 -0.340923988958682 -0.247136187184155
-0.0224824255807625 -0.0265844163585695 0.0993083449894899 -0.531516633505728
0.00235848319582387 -0.0340984659391554 0.744802678134125 -0.11521072979281
0.000889272494944807 0.0225113729141256 0.473759501863781 0.726157159390924
-0.0390651192807571 0.00783698181149553 -0.279552579319096 0.590136515589114
-0.0407656822443468 -0.0159962858333988 0.0234903292836636 0.0945180591615107
-0.0135220330011233 0.00162744229585716 0.356240234544456 -0.53160387397255
-0.00133524966373842 0.00695028578098537 -0.377141885002832 -0.846435887052573
-0.00835364094631319 -0.00920833233153447 -0.864234668619681 0.0547926414338141
-0.0338289204932237 0.00147272587153908 -0.152004077819953 0.647520390299448
-0.00811682992810382 0.0114308984928268 0.353021629943515 0.299288690077174
-0.00259800952368281 -0.00336344207816057 0.235621753212493 -0.0531567525411446
0.00370197071988049 0.00771866570278098 -0.0723167768142517 -0.191962657943551
0.00783138061976522 -0.00269228046519939 0.0682905459573906 0.151877646770935
-0.010323604517929 0.00656159538034401 -0.152446844492134 0.0367656163037887
-0.0098713041261343 -0.0100617691505338 -0.343318235187441 -0.244838455624173
-0.0214237277787809 -0.0277573058863224 0.0856142794327345 -0.53794808314435
0.00249500577999625 -0.0353991289633483 0.736984523121043 -0.134977146131912
0.00119080773057007 0.0226583283972782 0.48659099965128 0.712130017600093
-0.0393428155042111 0.00821472181527522 -0.274115430418738 0.595455681988728
-0.0418794285254295 -0.0159801370300468 0.0162868765199478 0.0987389791578529
-0.0152452189048616 0.00121921556743326 0.361838928557598 -0.526033464214998
-0.00111292047538766 0.00582236977418717 -0.360856705885051 -0.858722458709537
-0.00664775604480369 -0.0113996926163375 -0.870713605871955 0.0280257541230214
-0.0309278510960422 -0.00162146694546818 -0.170673071041923 0.641111837577628
-0.00802268910125822 0.0108797890725023 0.348469688210043 0.302351217391382
-0.00357089247542751 -0.00194503459340692 0.239285798075483 -0.0519840737393251
0.00222778334406039 0.0085072751783716 -0.0704740352780573 -0.193141083043114
0.00594017044615246 -0.00120342210925428 0.0714427438789148 0.153044548393148
-0.0122460931984243 0.00803772161571161 -0.149550730913735 0.0384204450386136
-0.00999685348561362 -0.0083634874266531 -0.347404131291104 -0.244309474752556
-0.0190197968047321 -0.0269631307197621 0.0724078542992984 -0.54382790934544
0.00387204791046027 -0.0358439370213762 0.729945218440713 -0.153756686519724
0.00143141427424776 0.0220339389503336 0.497032608924996 0.697522749556549
-0.0401247992291404 0.00761579304118737 -0.27031566322452 0.600418541552833
-0.0411315499770284 -0.0179730318169581 0.0101868656765017 0.101858981787396
-0.014777758841383 -0.000915640939781477 0.36507424327015 -0.518395536888738
-0.00201574323064629 0.00608476227287701 -0.347640430718873 -0.869741185026265
-0.00310894472648615 -0.0122855901344538 -0.875609039221762 0.00418640789728051
-0.0296840664992236 -0.00170052045619213 -0.182609546114597 0.634280236921473
-0.0090541997154596 0.0132091669064389 0.344771733200605 0.305072552816096
-0.00387005376799468 0.000132869412679601 0.243503333650625 -0.049977706481497
-0.00170800296700707 0.0111547169036529 -0.0663593495548855 -0.193318667100367
0.00312709149244375 0.00105762731180343 0.071545150564311 0.153728115761753
-0.0140479880097764 0.00975924228865479 -0.146339383896899 0.0381435820549918
-0.0123932744634287 -0.00776080483228304 -0.348471383497687 -0.243652077252134
-0.0169733572463159 -0.0267046374209881 0.0630240702736073 -0.547423418721418
0.0041565466616932 -0.0362809350298916 0.722877112819546 -0.1662248992152
0.00294036865153097 0.0221269891382187 0.50573794544752 0.688150251432365
-0.0374994820243313 0.00380943681659882 -0.269679485838431 0.602305967560276
-0.037401858553085 -0.0210452640424234 0.0041494886132173 0.105185426550833
-0.0128522948647764 -0.00259611658942817 0.369606762625423 -0.513134976443773
-0.000932281444655226 0.00424843653823236 -0.337307035438517 -0.8781423843755
-0.00063904429412267 -0.0118129473317679 -0.877765121774768 -0.0140999479780059
-0.0265022462913346 -0.000528113210936345 -0.192150429711141 0.628191462339779
-0.0110664035623837 0.0145978874190789 0.343223799642663 0.306715945566018
-0.00744826608210349 0.000972521393884996 0.246044400927409 -0.0477484117716448
-0.00541485737841749 0.0133646734233922 -0.0647035991222543 -0.193349175097638
-0.000624994700953231 0.00301298677645185 0.0724107471530012 0.153303215279315
-0.016023290460647 0.0115672152675062 -0.144164697571275 0.0386109467384397
-0.012876417267804 -0.00569645588262469 -0.347250838337171 -0.242578831003825
-0.0148034330342071 -0.0269982364492051 0.0606783214861797 -0.54972219623558
0.00878108914101359 -0.0358833145287105 0.717800187444913 -0.17303031753015
0.00393685836695554 0.0205579371006684 0.504920678877224 0.6840205509782
-0.0353720149226101 0.00015655886325611 -0.268512139407956 0.602002862204213
-0.0312287597977605 -0.0237412449612959 3.29020334869523E-05 0.106351492847538
-0.0087421597694469 -0.00619394459362589 0.366425339819355 -0.511009566843823
0.000575147153571761 0.00498031268477281 -0.332457212966226 -0.8816531200709
0.00251312304927848 -0.0104654068057356 -0.880258626626208 -0.0199934012241955
-0.0242284281195263 0.000849131602165884 -0.195360872324893 0.625490665722655
-0.0134432308745476 0.0162838963692562 0.343785001234412 0.307624551479387
-0.012316557610717 0.00320362686566628 0.248976268773131 -0.0466165569539831
-0.0099608384066717 0.0164418050309583 -0.0628900981120891 -0.192894984526491
-0.0018453570726011 0.00472047743626421 0.0716356293212959 0.154845732888324
-0.018274774624683 0.013474475460931 -0.142187912313497 0.038797943495409
-0.013986586816767 -0.00302786057031937 -0.34430421449369 -0.243183557272578
-0.0119824044281402 -0.0247031920762582 0.0670884307423186 -0.549959156078941
0.0115729906948699 -0.0349487781586638 0.720188379690162 -0.171187747829239
0.00587230638459357 0.0204303179763306 0.500865919632136 0.68622350386515
-0.0324871497609203 -0.00433910828228201 -0.271821639861456 0.601430866298956
-0.0255700927536552 -0.0285965456703979 -0.001044007484165 0.106954827810739
-0.0051942171541135 -0.0100099941219515 0.364230272739343 -0.512060104019564
0.00272071238933473 0.00475484888226784 -0.334010873601529 -0.879149376789375
0.00447775181344504 -0.00748302214879743 -0.87991592157431 -0.0182233480127461
-0.0229300690641319 0.00418369622755107 -0.192815972506496 0.62551760336272
-0.0147331021754806 0.0207770948763588 0.346512977639563 0.308553739067718
-0.0139008097103149 0.00339195880009529 0.249271451183057 -0.0460947007382129
-0.0125155956776546 0.0188472399632428 -0.0625047053237259 -0.191969625111719
-0.00450008290109153 0.00591690536261247 0.0701268822359692 0.155239529782265
-0.0197388366769693 0.015326581520618 -0.14429614448318 0.0395603465305429
-0.0156359788435832 -0.00270676183231606 -0.340681389621275 -0.243014230942405
-0.0100778838935206 -0.0234160851537408 0.0762403850424489 -0.547392695220686
0.014434401935996 -0.0321593280787562 0.723913191788307 -0.161429962072973
0.00748111564246551 0.0189526762730711 0.492414387183759 0.692265851061817
-0.026676205622361 -0.00838751689946383 -0.276752274861395 0.600963232252756
-0.0185221143119447 -0.0318593350925209 9.21439766781493E-06 0.103905072228318
-0.0014719649664861 -0.0138778652323388 0.362500798144948 -0.513942551609124
0.0049536228523972 0.00446348331978903 -0.345308881885021 -0.873950590972197
0.00605554627762727 -0.00523788018240784 -0.878023151851056 -0.00450633172026435
-0.0213773965876554 0.00615698759567955 -0.185049754807326 0.629605681673106
-0.0166944353233482 0.0206778280852069 0.34665360924783 0.306864006612847
-0.0158233090465791 0.00516898927831966 0.246035901500523 -0.0464376895324244
-0.0140986550607193 0.0188989261817573 -0.0640476274068559 -0.192300386455282
-0.00441017148355913 0.00803315184990718 0.0667211507715338 0.155400928971938
-0.0215961278818026 0.0148006386467025 -0.145942109990438 0.039303986679809
-0.0162744112412158 -0.00166939228128809 -0.336994288657401 -0.245969727464623
-0.00924396736917835 -0.0206179558649842 0.0891054955407771 -0.543310993575702
0.0161342261122565 -0.0299409138027642 0.730096680442637 -0.143952462323514
0.00930023518964946 0.0208734655538724 0.479691895111462 0.704527565592468
-0.0236648369275025 -0.0103076846122725 -0.283189502058148 0.596296448162422
-0.012584940183425 -0.0345769724891251 0.00374318695328512 0.10097294162331
0.00382130943379554 -0.0140082169648409 0.355954789106126 -0.520254793222114
0.0054366504352162 0.00560717128802967 -0.358479097912793 -0.865948212092645
0.00931000625246502 -0.00284641537617574 -0.873570746360498 0.0126489118872626
-0.0209792265469524 0.0088504085111939 -0.170386328879758 0.636082871868011
-0.0174710672067061 0.0227701722008249 0.351271473491008 0.306163620769937
-0.0170587109736574 0.00507038054508187 0.244758260633866 -0.0472476045641479
-0.0153331995968165 0.0197990870533757 -0.066406348971455 -0.191286748619798
0.00820785170185245 -0.00313543848330374 0.0669598353138089 0.152585385328963
-0.00895404702547695 0.00610994411651601 -0.155990159973741 0.0375116255657374
-0.0095467831134913 -0.0104144125454797 -0.342838273130822 -0.242730129185156
-0.0223180988317949 -0.0265992507744876 0.0958669716846738 -0.530090605113049
0.00246617510018686 -0.0335801511351357 0.740669667600937 -0.120105815164624
0.00269041675803995 0.0230771674083999 0.473644839085124 0.72159403170641
-0.0390690224345894 0.00949164969525698 -0.277382602917804 0.586837406612182
-0.0414042643055275 -0.0155481872161768 0.0232878711591349 0.0927273884868324
-0.0123239337868115 0.0023186000521823 0.353724031270088 -0.531443663707133
-0.000320128243542439 0.00656394166746122 -0.379574011929122 -0.841131315625158
-0.00807810146557625 -0.0094225398519564 -0.861983774234333 0.0573003740718209
-0.0337306066514533 0.00232889148642747 -0.147109813373737 0.645665470382362
-0.00917074875764358 0.0103636546045323 0.352585625710288 0.294968671092441
-0.00214341897153569 -0.00305426394387117 0.235171850245576 -0.0541583619502785
0.00356821883324731 0.00794069268128779 -0.072583421342111 -0.190612912226129
0.00745533042360623 -0.00263815495756752 0.0694006456386237 0.151241936746029
-0.00959661153492375 0.00655423354656997 -0.153310277796325 0.0370464455040477
-0.00983151654429284 -0.00936736607979129 -0.343893895866591 -0.242465086271609
-0.0218408337493254 -0.026455235101475 0.0804138936304412 -0.535740332630719
0.00210922752863725 -0.0350253112699818 0.730707205760113 -0.138996405359732
0.00175302487409425 0.0229453738898841 0.487934346128551 0.706382558920017
-0.040408715455087 0.00893696810709887 -0.269406000887749 0.591779059765319
-0.0429501382631992 -0.0159430739519956 0.0174116069308103 0.0980740590175783
-0.0153605518048328 0.00121472672618365 0.356142435426802 -0.525777635234686
-0.00165284908476844 0.00501992243801074 -0.364424174809358 -0.852715294805964
-0.00569848624328673 -0.011355969666863 -0.866742271752371 0.0336157499573978
-0.0312870108081315 -0.000305140444611367 -0.16764597075491 0.639377971934448
-0.00808526036618647 0.0102893688250835 0.348545974886135 0.297435246677129
-0.00326665742164593 -0.00232340346991754 0.238612876136473 -0.0522862844395813
0.00255289366773734 0.00981844434240533 -0.0700115660654032 -0.191862818681884
0.0052887499860589 -0.000605434009049733 0.0716980213403922 0.151983683302152
-0.011798528254759 0.00849154719289205 -0.14787863816696 0.0387592051305836
-0.0110892416776402 -0.00725707704743858 -0.347729369473621 -0.240285759893174
-0.0200875916008319 -0.0262805543546854 0.0691355556695853 -0.54045905713733
0.00237443727186252 -0.0353813386406228 0.726419744265591 -0.157045162853751
0.00169805182301841 0.022230348168723 0.498384795442408 0.693848458175122
-0.039851677208714 0.00733339288858731 -0.265538279645627 0.598421833081282
-0.0406825922790207 -0.0172206368299525 0.0110896482746404 0.101806790486295
-0.0154080476836602 -0.000796538102941571 0.360186180114797 -0.516961508045559
-0.00231872339298613 0.00462219867025114 -0.350451285577407 -0.864205810081262
-0.00309450503657903 -0.0121236696521906 -0.870929935242519 0.00904961543516436
-0.0300389703565272 -0.00113442240236271 -0.178862091244081 0.63082695174933
-0.0085801024686652 0.0128147354648034 0.346004028759543 0.300879012551253
-0.00552023521018692 -0.000230547594027963 0.243352708400137 -0.0504035399310546
-0.00132689559424286 0.0119490034781531 -0.0674155870208844 -0.191861361365801
0.00307128225536976 0.000399608588141626 0.0721109380304889 0.151503020991182
-0.014282931456553 0.0110331601564038 -0.144838050744736 0.0387925651771043
-0.0131461093864543 -0.00664295693430753 -0.348251123455295 -0.238936400289419
-0.0176889039568314 -0.0269752991802651 0.0602103243032631 -0.545077420343434
0.00519869630802303 -0.0359811105868621 0.71885640368156 -0.169664523300725
0.00331768560972793 0.0211884782253451 0.502438802357789 0.683666731362925
-0.0373439699341168 0.00556968677395298 -0.263588243929601 0.6012630328322
-0.0372881949081007 -0.0201985015898724 0.00461937700914837 0.104692155804766
-0.0134940810135439 -0.00432720175773999 0.363703942473072 -0.512643702041449
-0.000253152976687408 0.00474774159647293 -0.340658476613709 -0.871823092248047
-0.000681420420544021 -0.011763499072989 -0.876444982650553 -0.00708739248688294
-0.026365019055619 4.57008617442221E-05 -0.188973789728634 0.625889210818503
-0.0105778222644693 0.0136874647432684 0.343056606691618 0.302339845199838
-0.0094668204596902 0.00180495081228527 0.245761031505188 -0.0502746380342449
-0.00445388455752754 0.0140632769633265 -0.06486535879549 -0.192150454481108
0.000631065832443501 0.00326761145975298 0.0729269545490648 0.152483545656941
-0.0155709317417118 0.0120913963297126 -0.143545211702722 0.0386006601489333
-0.0124006496641469 -0.0045108911019115 -0.348753200124539 -0.239781943377404
-0.0149684639312305 -0.0262057609480278 0.0574860950030794 -0.546989116658077
0.0081469366149198 -0.0361788694841583 0.714813352899006 -0.17319580717218
0.00501233563677055 0.0201059751087948 0.504491773975271 0.678194145156735
-0.0343509415285441 0.000537187041248853 -0.265034702930777 0.601608221885602
-0.0315432441358615 -0.0244800011325828 0.00044260071877146 0.105493839952883
-0.0103100553102545 -0.00682626240647309 0.362539673318926 -0.509701069162406
7.39030136261108E-05 0.00415001781584923 -0.336404773695039 -0.876460225222371
0.00307233468870033 -0.0100499784269647 -0.873755666382131 -0.0152585570487088
-0.0243574073751989 0.00157556474421354 -0.193503163353619 0.624725359127834
-0.012856729490819 0.0177766468694498 0.344515888493048 0.30525693510695
-0.0113286383314586 0.00452105566931838 0.247670472797119 -0.0485533970545166
-0.00865424836546213 0.0163384490154065 -0.0636574668608506 -0.191802066287751
-0.00261537663725677 0.00614912306082898 0.0721968171118957 0.152685274576102
-0.0181172011851681 0.0135506429435365 -0.142846729545096 0.0394071410850053
-0.0134765100728381 -0.00311393157329792 -0.344262276223602 -0.240420081948962
-0.0124718560640848 -0.0243843856417658 0.0621454769255589 -0.546644261614966
0.0109611599517294 -0.0348479398159065 0.715837217113754 -0.173504433839479
0.00639038940946351 0.019268855726927 0.501161389120086 0.680848224517054
-0.0315586219180964 -0.00460018881169524 -0.267834483046432 0.599987873744627
-0.0251466322491605 -0.0287716097064258 -6.67499211989179E-05 0.105382339232106
-0.00557470480233959 -0.0100060260257766 0.361142351445731 -0.51026711481016
0.00206382299249565 0.0044760672235065 -0.336515532315612 -0.874321912564399
0.00607074131400934 -0.00772997737337874 -0.875814050133947 -0.0134348205402211
-0.02340123665788 0.00371283879184469 -0.189829968952269 0.625624511909145
-0.0141007243234939 0.0201461218345961 0.346033026220328 0.304847733685825
-0.0150138584461579 0.00525837309804181 0.247378522584374 -0.0476360408958255
-0.0117482672108786 0.0186707310667665 -0.0641829145565454 -0.191721913817136
-0.00367022843720112 0.00703990386815173 0.0703392317481037 0.153779116725709
-0.0195338458023518 0.0151928169344358 -0.143878097822798 0.0394045186438601
-0.0150960919125157 -0.00178525492993324 -0.342014611229448 -0.24014882649677
-0.0102901272282215 -0.0221107536062929 0.0719341312055114 -0.544387366815255
0.0144596603590014 -0.0325890772852318 0.719479366096426 -0.16379497801067
0.00846626862248953 0.020494181137391 0.492779448732957 0.68749210345018
-0.0267995585297171 -0.00876274272017579 -0.271480663853414 0.598668058278478
-0.0195170605229368 -0.0318335317429035 0.00128905562515541 0.103763861859946
-0.00206865388680465 -0.0127408708047128 0.358336342553821 -0.51208047846617
0.00414502064231313 0.00472646433684455 -0.348582204075867 -0.867988984442896
0.00744807330700645 -0.00488791373294985 -0.873560740914148 -0.00215384964577475
-0.0215054586142086 0.00632502290721445 -0.179304636703244 0.627422899198801
-0.016752808599559 0.0215665618789785 0.347457741309447 0.302969168279031
-0.0165477575726392 0.00642211687810121 0.246534960888283 -0.0476565482621002
-0.0146995171483387 0.0200725564017865 -0.065339475166685 -0.190659506239264
-0.00471440410538832 0.00819412064046353 0.067472845992427 0.155136255330502
-0.0209373801992562 0.0167171636614366 -0.146290495627675 0.0393398069616579
-0.0153867361300037 -0.000862083486553353 -0.336830172961818 -0.240319054544506
-0.00924424941366728 -0.0204913542472939 0.0857693423400769 -0.54053310889208
0.0161477076876247 -0.0299411223596682 0.727425709324865 -0.147728042181423
0.00949359935157892 0.0196602214788216 0.481286469448693 0.699142967167488
-0.0238980584075547 -0.00987965069622217 -0.279970246170755 0.594353173337782
-0.0129130386685355 -0.0344390387332996 0.00414053418763011 0.100249087980035
0.00267006929568388 -0.0146532432191118 0.352509315898382 -0.520024302100912
0.00603726012979356 0.00541598877421937 -0.362261067180958 -0.858564532614833
0.00762125716213953 -0.00212082817616392 -0.870450871212686 0.016840051698276
-0.0215379755240573 0.0088564326928433 -0.165919862339066 0.63391563427542
-0.0170728682515667 0.0225094235493423 0.351918871829373 0.302577317567632
-0.0168388827825281 0.00625378314917281 0.244122292145233 -0.0497070451739574
-0.0151310176000229 0.0202517793950879 -0.0666749766196056 -0.190215667513447
0.00943254174525312 -0.00303974885585043 0.0681719699302826 0.150740700127851
-0.00780326020653291 0.00611826321406235 -0.156749658598208 0.0373146602862998
-0.00903199580963381 -0.0103676304303474 -0.339997481491198 -0.238879895375628
-0.0218236897318015 -0.025695864903548 0.0938698059687364 -0.525809548014308
0.00210261207976567 -0.0341325565013354 0.736190891686847 -0.120497181190571
0.00263908834472936 0.0225124374505126 0.475629955980773 0.715213576015078
-0.0391885484344233 0.0096767058352925 -0.274552495400425 0.584874581458074
-0.0415068319483952 -0.0139005268431883 0.0233447526952181 0.0927055167593502
-0.0147834316074229 0.00179307800779691 0.348021237124686 -0.529340657214207
-0.00154737027077791 0.00615351464868977 -0.383186285579006 -0.833264948637037
-0.00842663397596627 -0.0088328161013082 -0.856348462906455 0.0619497331094106
-0.0336033724569668 0.00276433054385641 -0.145015772075547 0.64324872472668
-0.00778035148276183 0.0105827925212357 0.352890781112604 0.291221641607563
-0.00302774359636132 -0.003086329903923 0.233849658220926 -0.055247927058406
0.00388899884129029 0.0083050184098827 -0.0742711839180363 -0.190001927932773
0.00797301472866712 -0.0019400033009016 0.0713215918628863 0.150369081779673
-0.00945272855904758 0.0071873309170224 -0.152478839284894 0.0377155030994275
-0.010231542058395 -0.00914745200303254 -0.344344924735359 -0.238264268447803
-0.0212504696201857 -0.0263469598482932 0.0793026704979622 -0.531448019127175
0.00194538445487095 -0.0350645317081181 0.726670128111726 -0.138757685672446
0.00266355196855531 0.0227173964011989 0.487403279907228 0.700023929137052
-0.0403022131221271 0.0099924837428139 -0.266151928123534 0.588980335470656
-0.0426927022986706 -0.0155693107573745 0.0166149296497545 0.0975736825333492
-0.0150719882097681 0.00149352500967199 0.352403944618705 -0.522666366168569
-0.00204382659243275 0.00551662205562827 -0.365492187925187 -0.849103966370342
-0.00662236321611738 -0.0113941368383014 -0.862349631109879 0.0359790387751454
-0.0312017598125835 -0.000115896578373735 -0.162850052626138 0.63732600166683
-0.00793788622411764 0.0106206815221804 0.346747165431079 0.293860934972057
-0.00332380258151544 -0.00149043302761834 0.237925938030182 -0.0550377572398258
0.00237629364058962 0.0100669327677118 -0.0712757101763167 -0.190152638621389
0.00511821436290429 -0.00036061493916011 0.0728674499788903 0.150408490155921
-0.0116686390460262 0.0087874258865012 -0.148073448835644 0.0388506696029659
-0.0113377887842126 -0.00812368066006392 -0.346908632351615 -0.234924965796904
-0.0209878950079087 -0.0255810090588085 0.0659908660181775 -0.535803669924755
0.00253272066339037 -0.0358069000416856 0.720124532189386 -0.159810508397193
0.00254665405855867 0.0223333030993649 0.496571333804601 0.686034543501815
-0.0400568019616635 0.00865123195718728 -0.262497844899871 0.59508082266685
-0.0424727080398325 -0.0166670019297751 0.0101739270896898 0.101650196523873
-0.0154491276798883 -0.000980168722226608 0.357936232007814 -0.5168402597497
-0.00153833349981101 0.0049151258412738 -0.35069368159272 -0.858037627355738
-0.0030931599625528 -0.0122664046229884 -0.868173467130678 0.012241736173008
-0.0292336398960394 -0.000977786926577032 -0.176895653073634 0.628663165532844
-0.00748101543507175 0.0123365079434264 0.344650558390114 0.296396879050323
-0.0058326893424899 0.000300284870727866 0.242279821567539 -0.0537931234160787
-0.000138879663152307 0.0122079589455338 -0.0687565629778677 -0.190539060604277
0.00283372029263144 0.00136509148099448 0.0737205556961539 0.150588371052604
-0.0139662964471759 0.010285708300532 -0.145285123354544 0.0397270590361831
-0.0118720767380769 -0.00621895443549745 -0.347463617145008 -0.235268104829084
-0.0174216611015158 -0.0256057184737172 0.0579869956060813 -0.541664460470595
0.00436799132627898 -0.0356653874616087 0.714258460256479 -0.171076921876604
0.00330732690834732 0.021143476437145 0.503429243134687 0.676292797414432
-0.038279934589462 0.00481971458106034 -0.261024015890342 0.597581586548152
-0.0373971100257404 -0.0197768240957676 0.00494313377533472 0.104500965352871
-0.013915864022626 -0.00375488919347693 0.358647160980214 -0.509885543483752
-0.00119672761745424 0.00477042978230864 -0.344023246944194 -0.864538491024358
0.000345185839083086 -0.0113631223672192 -0.871024069837833 -0.00391793471648699
-0.0263746244426544 0.0010926386771956 -0.185629725313522 0.625282098192626
-0.0107208623712757 0.0143824141146341 0.344960153406116 0.300393006047043
-0.00884037876176026 0.00272740996019867 0.243737529172395 -0.0510722395658508
-0.00394757279651427 0.0138087389159902 -0.0649947362768098 -0.190910529485537
-0.000466440247409605 0.00359511714344301 0.0742924555719318 0.151962810183522
-0.0161499573199826 0.0125433416105629 -0.143182782020524 0.0401108659084292
-0.013182968262602 -0.00387550663297518 -0.348516717241498 -0.235066056459319
-0.0146859063220439 -0.0249644370763449 0.0552863322842756 -0.543891724619284
0.00711563614841073 -0.0358613769385552 0.710701968940558 -0.177029300986579
0.00605031403944347 0.0206659818361362 0.502761948894964 0.671457619996338
-0.0349878627585815 0.00147947709593417 -0.261978094502147 0.597557743712337
-0.0325907868540317 -0.0240857372311668 0.0015820261741451 0.105755217663004
-0.0108097420978659 -0.0067231199020868 0.358222937834584 -0.509733777322558
0.00023662839761256 0.00440395757734972 -0.337339587340914 -0.871034661569794
0.00255651883663191 -0.00987331704918588 -0.874055583612736 -0.011016384699491
-0.0245153929562096 0.00140982222225608 -0.188511542598103 0.620752636860336
-0.01116376218705 0.0166987059085602 0.343140845421603 0.299752267122977
-0.0110231669921482 0.00495675568424024 0.245865074743344 -0.0504839307622979
-0.00846269609334928 0.0174044012754049 -0.0640206707743144 -0.190628869430192
-0.00174524394423567 0.00549709152620083 0.0735200705307377 0.152253389580622
-0.0180489024008761 0.0146118732428439 -0.142698617049607 0.0404470445453684
-0.0141674197762625 -0.00299526019133974 -0.344575069734189 -0.236403803706321
-0.0122811434122014 -0.023633658894456 0.0587743413730195 -0.542533310512117
0.010934537667397 -0.0347961691116362 0.710611145889327 -0.174871461910081
0.0069490131318993 0.019226717384985 0.500011196883038 0.673982388873028
-0.0312545375740388 -0.00300660008106279 -0.264034797407413 0.598075809501402
-0.026210264076286 -0.02749192652094 -0.000623482026619452 0.104741411835556
-0.00601181364813752 -0.0104939774753599 0.355381985240946 -0.50895245409602
0.00273036048526008 0.00382837998934514 -0.341248153990173 -0.867810595778921
0.00490099590199629 -0.00809335627383656 -0.872896243731407 -0.00879292075389387
-0.0234201194697916 0.00463279035103541 -0.184300374973659 0.621926547548
-0.0137125171096366 0.0190867204516802 0.346258079516775 0.300195843963268
-0.015046662974733 0.00571412567381661 0.246884578454795 -0.0491037235268216
-0.0115366579383952 0.0195394123427212 -0.0648318396197518 -0.190187888827266
-0.00431473790153374 0.00707228530261666 0.0707475613737583 0.15124225990582
-0.0197454687381721 0.0157995651860545 -0.143064343968738 0.0408529774501682
-0.0152314137288914 -0.00170546966896719 -0.340698206174846 -0.236131458583858
-0.00995321842469108 -0.0219961082756349 0.0691094235998572 -0.541205963426655
0.013902664950087 -0.0324984915910761 0.715921186247306 -0.165683774013365
0.00871820724280927 0.0195980708958388 0.49366882942365 0.681196165669203
-0.0272199321013173 -0.00767099366102075 -0.268621622644441 0.594846586376551
-0.0187148722323808 -0.0317219666534231 0.000963020001718226 0.102223109404327
-0.00163492794954073 -0.0123206716152163 0.352989188775461 -0.512468154547547
0.00466711458231638 0.00464039808867447 -0.350112531339284 -0.861976172225537
0.00766582318459359 -0.00442766306475558 -0.869408165518018 0.00177475825026775
-0.0207640613672981 0.00669057878029062 -0.175914809764505 0.625483644317422
-0.0160531163830519 0.0212910519917167 0.347499691289215 0.299647577034248
-0.0173616083387405 0.00624216276451956 0.244705597226605 -0.0498589026133906
-0.0147944702525952 0.0201764259458528 -0.0651637495085232 -0.189471089391301
-0.00502461035366632 0.00885780884784347 0.0696627280289161 0.153994718114005
-0.0199006018169247 0.0163009767974268 -0.146430906278356 0.0402251542001872
-0.0158731900945157 -9.18433807250169E-05 -0.33747485909309 -0.239124156001345
-0.00946614640815618 -0.019881342171863 0.0816493806024945 -0.537890493619159
0.0158494201559074 -0.0300683361525446 0.723922436928199 -0.149963205974739
0.0109274727265449 0.0196916166701241 0.481644171894134 0.692151832582449
-0.0235216712666785 -0.0102225372552965 -0.27722804192421 0.591963235579017
-0.014110413704562 -0.0328197145420015 0.00445249182572459 0.10051129197418
0.00218764783523025 -0.0148111732828896 0.349338430515007 -0.517834123745536
0.00670240083003774 0.00447797352892504 -0.365070414624771 -0.854429525898379
0.0086712236547418 -0.0037710351312482 -0.864970575298388 0.020392313424426
-0.0204614244327289 0.00880554240048325 -0.162589607950265 0.632288747686284
-0.015987040666516 0.0223173205794588 0.35332686105591 0.298513055898642
-0.0186030306755076 0.00690539145748939 0.243297565945408 -0.0501274997316829
-0.01576604763844 0.0206008462317674 -0.0682087776416954 -0.188061095210638
0.00876466613937785 -0.00242685508517589 0.0682634846468308 0.149532232045858
-0.00940996159992092 0.00675651002115234 -0.156405923940484 0.0386814230398288
-0.00932113428147388 -0.00882324832590971 -0.342798509203882 -0.236070134175072
-0.0226888363231742 -0.0244783195034224 0.0906400208764225 -0.523928801880981
0.00139130530262575 -0.0340757194160375 0.73328274462934 -0.1226554010337
0.00329094287547185 0.0220076285860169 0.472638643112553 0.708560399316273
-0.0388189065301217 0.00906320160571497 -0.271814363821277 0.580961119712202
-0.0421499792545418 -0.0142715678580916 0.0233793210442903 0.0916773862703688
-0.0144424060017379 0.00153548724358773 0.345404218589609 -0.527704028429294
-0.000506595067109192 0.00584301478961367 -0.385577144847705 -0.829712738802362
-0.00848711648652981 -0.00886784860795357 -0.853337489028872 0.0633188635354479
-0.0335217609760907 0.00292867127122981 -0.140321426174356 0.6405750363208
-0.00777069184708439 0.0103996893716662 0.354272531868278 0.288170840846754
-0.00398071458703056 -0.00128488738249665 0.233168350424301 -0.0575085759237953
0.00464870749663432 0.0087163644009725 -0.0742397313244704 -0.187604364983666
0.0080309271057123 -0.00128557280362243 0.0713807464639601 0.148725677905971
-0.00914078398855068 0.00781904735076278 -0.152134750569215 0.0378675869171381
-0.00966510226264903 -0.00881514118623331 -0.344152723968625 -0.23442109567613
-0.0214807650814937 -0.0252932850767412 0.0760766912617242 -0.529451404592127
0.00144189608522442 -0.0345855411485639 0.723648870466794 -0.141139183391255
0.00284001919638177 0.0227042368679645 0.486418009259589 0.695033536296292
-0.0399618223207496 0.0107148266740366 -0.264517380784266 0.588783931645877
-0.0431103189544208 -0.0142600619709663 0.017725978273009 0.0965686227766816
-0.0156214038619831 0.00156509211188704 0.35016586134912 -0.521156393734961
-0.00203204319627854 0.00579804381169316 -0.367154908811379 -0.841982408290651
-0.00603641690561954 -0.0105636480697149 -0.860337700503688 0.0399782912410457
-0.030614569713582 0.000306399958627586 -0.159555329610155 0.63513157195515
-0.00801679154762943 0.0106322706505571 0.34722514970691 0.291900035261383
-0.00391461063884783 -0.00014408046263009 0.236958554392057 -0.0563657537812563
0.00335882011073106 0.00974486511813929 -0.0721645913773663 -0.189522916028932
0.00564626556446435 -0.000194513885123001 0.0738213730519809 0.149284234722166
-0.0117448641595224 0.00909635510963741 -0.148633465687359 0.0392512550702163
-0.011526515407722 -0.00730792264717945 -0.347229404872713 -0.232466264706845
-0.0201838969907684 -0.0251258547816935 0.0629388104282405 -0.534219539603026
0.00198289036692533 -0.0356884684289215 0.715705986495405 -0.160023080589065
0.00330970704846183 0.0219823389389991 0.495879300675566 0.680650543871729
-0.0392786396639795 0.00855479124081253 -0.259017636855851 0.592379900888784
-0.0421631682607324 -0.0160653002594762 0.0106496853806771 0.10137379314158
-0.0161328513911671 -0.000690894823391585 0.353715685239773 -0.514731427675026
-0.00124712034425056 0.00456547334015127 -0.353041485301853 -0.853815887307775
-0.00306590967849153 -0.0118398847118562 -0.864493760524671 0.0159004535937436
-0.0283754138965414 -0.000321535172270532 -0.171503489519256 0.627400542070889
-0.00803416516680518 0.0123797628399214 0.345021269500836 0.293242894839789
-0.00595938929230584 0.00119790700552928 0.240808152439918 -0.0540306849106337
-0.000301079080832978 0.01255800221374 -0.0686919271050782 -0.189821292987464
0.00293074449063381 0.000944603022847125 0.0753204539144831 0.149681718912874
-0.0130423090958532 0.0105934597414494 -0.144596194434536 0.0391170291620515
-0.0119354715763779 -0.00538610891821723 -0.347250535581279 -0.232137793451943
-0.0179443319087722 -0.025209552046383 0.0557420539050958 -0.537826069443267
0.00485793509421529 -0.0356767619125034 0.708817556561237 -0.172233832630789
0.00363670892334444 0.0208754115895833 0.503001688489064 0.671632676580206
-0.0382315679666865 0.0052921735096635 -0.257195405801127 0.594813301498668
-0.0380944647155189 -0.0200537325166691 0.00535454237616251 0.102845751901558
-0.0137311109989656 -0.00472965175774061 0.355480943665601 -0.507764245607833
-0.00108430482439694 0.00369820113473463 -0.343852652247237 -0.859993579762794
0.000267213323082672 -0.0113732680560559 -0.867661257607145 -0.00182931002260626
-0.0261526262229789 0.000768328994399908 -0.182563839405877 0.622683704654829
-0.0102334256244717 0.0145564405848288 0.344332653811874 0.296067693245835
-0.00967571477988409 0.00315968628262616 0.244570054240859 -0.0528442853121533
-0.00373890804450848 0.0155583994177677 -0.0664492197266678 -0.189132156535498
0.000145362010332149 0.00422039096021172 0.0744640161965804 0.150005201847935
-0.0149788334403813 0.0130152186765122 -0.143573500424055 0.0400398619921509
-0.0131211477965773 -0.00335446177467383 -0.348029024013806 -0.231201049241042
-0.0148634358786564 -0.024045636686959 0.052168839491324 -0.540037220155279
0.00739698103078269 -0.0358123238049525 0.705507291639183 -0.179904959750904
0.00543235147922716 0.0200960972324909 0.503976586456463 0.667227783494586
-0.0353606888734445 0.00121858827245674 -0.258288963602712 0.595412911162255
-0.0327228202503719 -0.0229460434313554 0.00152188893161239 0.104996501177171
-0.0102305968740331 -0.0084155467226505 0.353965122673243 -0.507786844886448
0.00015841488966074 0.00404407604481465 -0.339845691389487 -0.864938851613973
0.00308763229317873 -0.00963823094720901 -0.869187644328698 -0.00912954231499764
-0.0242695288541235 0.00275095362590102 -0.18540588441009 0.618102739578044
-0.0123547962172982 0.0172031568809829 0.343659432027625 0.298569847624164
-0.0125880199113026 0.00539094838960762 0.246612467108316 -0.0523616404162682
-0.00814739693908669 0.0168280371846669 -0.0662378059997647 -0.188429040416081
-0.00207436449422659 0.00534553197179178 0.0734163566567638 0.151647955903324
-0.0172001191301524 0.0144234846333223 -0.142444765613634 0.0403878043435119
-0.0137187063283369 -0.0023321088163627 -0.345577045557474 -0.233727491782163
-0.0117185535716893 -0.0229208788278619 0.0579706807471678 -0.540165846252742
0.0109469299685626 -0.0353942860881021 0.707011034189073 -0.177047031572729
0.00621064743700355 0.0199423640408994 0.500816886996628 0.669679941986668
-0.0317107627926753 -0.00301622320149257 -0.261903711050215 0.596062723780075
-0.0263186865052417 -0.0269374164375972 -0.000469271375673819 0.105060032774737
-0.00698930102840155 -0.0114267690070808 0.352292145334015 -0.50613981382438
0.00245155301220618 0.00490546717441454 -0.340727321102106 -0.863814630220015
0.0060240421244159 -0.00761755219831349 -0.868295186663626 -0.00629681836089805
-0.0223987169675552 0.00476003608638961 -0.183785386569413 0.62048522140988
-0.014971647609289 0.0190025887070476 0.345946854661561 0.296787778890879
-0.015153805562864 0.00625687370036216 0.245947334729958 -0.0506313149646652
-0.0112470949544418 0.0199437468863275 -0.0650547121686915 -0.189508266967113
-0.00368244279486257 0.00763799178330029 0.0723389233884352 0.150999443036625
-0.0195548354470734 0.0164913154513313 -0.143601766905184 0.0407296585863545
-0.015136957216396 -0.00111211316621013 -0.34066326107085 -0.234706073826087
-0.0107218600223893 -0.0215259781816772 0.0653882129873126 -0.538598359702993
0.0135118094477942 -0.0327106944986 0.712733378160762 -0.167494674281896
0.00898716490729394 0.0197258129631724 0.491426563811879 0.676263659041571
-0.0274750012661325 -0.00726254942906157 -0.265316366284078 0.592739048484957
-0.021425549852916 -0.0302994086406298 0.000861360488438378 0.102652634917822
-0.00183354922989557 -0.01344391897434 0.349587857238882 -0.508852767400504
0.00440332269743681 0.00517057521412363 -0.352749917575858 -0.856778047975518
0.00738838053595902 -0.00458680376805529 -0.866384709754047 0.00627868816226073
-0.0213287182221065 0.00669382451252772 -0.17492094219407 0.622653071711622
-0.0152053034802604 0.020823538326167 0.34839321748996 0.297179009368521
-0.0168047668615478 0.00770428439997077 0.24417097535696 -0.0511073376954728
-0.0138816585941482 0.0220330945134123 -0.0653980424574851 -0.188253696037802
-0.0046730005605516 0.00922023224686394 0.0694793822627002 0.152512607164383
-0.0198096728904307 0.0157941813613186 -0.145995397098809 0.0409043912893981
-0.016398823010059 -0.000245294491811845 -0.338693264512305 -0.234667594142447
-0.00904937360361779 -0.0191727795961475 0.0804000247809601 -0.532933488845258
0.0160653910256091 -0.0300286570424311 0.716092845435469 -0.151930965491263
0.0103539780118776 0.0197118463112273 0.480049707256127 0.688729521888418
-0.024103348050307 -0.00989583884106426 -0.274449026761966 0.588017810749282
-0.0140210892486212 -0.0333871125884012 0.0051277786163796 0.100026743371039
0.00163527751862186 -0.0153247251163195 0.343695095857551 -0.516472322899687
0.00633308246840101 0.00494796949429699 -0.367363468435818 -0.850251017778739
0.00813023985117189 -0.00286716197703059 -0.862496062990891 0.0244732861332235
-0.020424979047607 0.00927831387640577 -0.158646034525332 0.629253068278306
-0.0167116542227382 0.0221397762060591 0.351560007010755 0.294294853458677
-0.0187330988100185 0.00713452820096713 0.24273605480425 -0.0521679153120354
-0.0142854888794891 0.0225075875939635 -0.0680744207327053 -0.187219649034885
0.00950325586328447 -0.00217121904148816 0.068966847038825 0.148127381428245
-0.00863545081504476 0.00695935966967363 -0.156076695862035 0.0383088469501842
-0.00971729448598113 -0.00958399917388847 -0.3413916078883 -0.232684775241588
-0.0221652682766523 -0.0234395140325242 0.0889538704569733 -0.518941939993814
0.000607737884529527 -0.0323556430522758 0.727607551316043 -0.123502047677971
0.00381850458766978 0.022605668148201 0.473450042780436 0.705068755005584
-0.0382713988577806 0.0092490527225403 -0.26884218601379 0.580585101700428
-0.0425793537941796 -0.0139168352572896 0.0237706292827493 0.0918738037056649
-0.0150368754481662 0.00106770432880282 0.342304132806878 -0.526101578238995
-0.000612444161398818 0.00569637878088064 -0.383770300498631 -0.82449279533781
-0.00716919691852068 -0.00941988246642796 -0.848669529127805 0.0649520104685554
-0.0333014238309857 0.00314261433083297 -0.139163222251746 0.636243603136141
-0.00815383489334328 0.00926698484907481 0.353075138763428 0.285528587928278
-0.0034863395360058 -0.00103622156453691 0.231923393419472 -0.0586239139169248
0.00429579371867026 0.00887899158341216 -0.0752094669760505 -0.186873658133843
0.00730331040299505 -0.00146400346327788 0.0714606051958421 0.148276109511077
-0.00995637072309015 0.00797294730818415 -0.152478074072317 0.0389943850406001
-0.01017038955856 -0.00790761404680344 -0.343079208194087 -0.232219899801389
-0.0220165321872839 -0.0247102485814591 0.0744490027543332 -0.526823492963501
0.00159300663064845 -0.0345013306177265 0.718479567158667 -0.14255724844789
0.00386717224951448 0.022629104860814 0.486257349697412 0.688458078928467
-0.0402079608555209 0.0100959621145341 -0.263527281697634 0.585351406608105
-0.0437922647605771 -0.0139601034906534 0.0180112197203038 0.0954745253669421
-0.0177196405550992 0.00134189788315235 0.345025267870399 -0.51746562575623
-0.000627642682879435 0.00508645892014655 -0.36806341462603 -0.838735284504993
-0.00421370152309552 -0.00987015005558409 -0.8533345186236 0.0414326421449643
-0.0315051017217843 0.000954094189423538 -0.156462684397325 0.631781812257979
-0.00822131166335035 0.0102037717496476 0.347637953979274 0.287488961836463
-0.00350619514959997 0.000349467955173526 0.23604439415855 -0.0578857224017915
0.00328956839395631 0.0111429371461037 -0.0722554656078149 -0.187600805250504
0.00492490533309734 0.00022507310753232 0.0743847080560763 0.148440191920907
-0.0116014086327442 0.00931904798440475 -0.148633218386116 0.0389862360446524
-0.0107437445289624 -0.00661774641434653 -0.347770114752129 -0.229784723629098
-0.0200854901229896 -0.0247293213509934 0.060980358672715 -0.530976233819131
0.00217616477712575 -0.0350445855266265 0.710978035048822 -0.161271326911838
0.00428060253767219 0.0215050450066245 0.494793991747534 0.677028327981921
-0.0402104376612974 0.00796932407990747 -0.258020632770012 0.590217557592013
-0.0429174195943668 -0.0163784473072721 0.0105128952035169 0.100002374666379
-0.0163574836385747 -0.000922702154036472 0.350438934210368 -0.512164770127776
-0.00158661817060999 0.00381803547792905 -0.354865926243316 -0.847291523908811
-0.00198278212291478 -0.012229654029807 -0.861258421116182 0.0172159491821275
-0.0284876085606806 -0.000306875770223033 -0.171735622250605 0.624363927764818
-0.00781276961914446 0.011318237385951 0.344551857224366 0.291349463879845
-0.0059074173741625 0.00195205989842548 0.240003952675417 -0.0556731717316021
0.000701149404791879 0.0132981718829246 -0.0694709397819298 -0.188209946215907
0.00250018658766275 0.00189086052075353 0.0760443445090262 0.148654556899816
-0.0129502036823586 0.0115324462529503 -0.145878069976643 0.0403619270180616
-0.011917398718437 -0.00532134653127827 -0.347686651159776 -0.229023497810908
-0.0182942912847484 -0.024606101977523 0.0518481137020738 -0.534230732533232
0.00395210910199612 -0.0351289286841781 0.705293768293262 -0.173012034019866
0.00477850174495248 0.0213362983360928 0.50093869898514 0.666536436430352
-0.0379622233563029 0.00676516587590644 -0.254275050428878 0.59329382394701
-0.038876526343353 -0.0193601095156154 0.00537138566604097 0.103370835265489
-0.0150723109919787 -0.00391865872310109 0.352114889832786 -0.506517419754839
-0.00135011334222163 0.00415158231836459 -0.344527953813713 -0.854120105086551
0.000192709346109732 -0.0111594788028228 -0.863375244918774 0.000742995593789116
-0.0258686137197473 0.00102850406559774 -0.178076787204532 0.620025501901728
-0.00997045440030206 0.0140674956753935 0.344223573172173 0.293200734267065
-0.0086111219842345 0.00345358158928618 0.24379307370944 -0.0549971547646651
-0.0035323722012305 0.0157441439735152 -0.0677559342095999 -0.188018934338545
0.000505499575110125 0.00371506472528654 0.0756675008344156 0.148572400606526
-0.014983727216597 0.0131419708634807 -0.142989867518805 0.0397796715900318
-0.013247486507071 -0.00322188280063608 -0.347760763895414 -0.228012196504882
-0.0145041551397448 -0.022767165839293 0.049109171931167 -0.537644650510866
0.00659730045805989 -0.0358044156472513 0.701492789307181 -0.179968629598098
0.00579327991760505 0.0210343379867274 0.502375871996763 0.663780123506459
-0.0344968948776849 0.00136117341358354 -0.255027199736291 0.592841517467679
-0.0338820166018562 -0.0233449543312124 0.00108495210366094 0.104669484607609
-0.0119259599633572 -0.00767331784189956 0.351811999137538 -0.505100736787421
0.000211051816758623 0.0036442787493033 -0.339683812910251 -0.858950520410402
0.00315852577712086 -0.00989861507147118 -0.864011705037564 -0.00576575581720618
-0.0234057089293113 0.0028401605702058 -0.183697204358441 0.618653412808297
-0.0120854425786107 0.0166705839202359 0.343659973572192 0.295863852873389
-0.01212042033112 0.00585238016130547 0.245293173602848 -0.0524970259353057
-0.00728445957633215 0.017358339664613 -0.0659770266039551 -0.188124889811772
-0.00302200391748297 0.00651218276620184 0.0742875910900644 0.149305118132806
-0.0173938034373436 0.014421731350179 -0.143178229206677 0.0403858017893952
-0.0136071323144849 -0.00145831424703213 -0.34372176988922 -0.229618086017094
-0.0124430375825283 -0.022908286170516 0.0560344363535051 -0.536753842868081
0.0107992778637734 -0.0348366756707003 0.701733807092257 -0.176935921396543
0.0082498219557877 0.0199844898679224 0.498491632953681 0.665154807833937
-0.0315202293429147 -0.00266490274725619 -0.260345654048883 0.592337094745555
-0.0268348826127309 -0.0264553817370287 0.000341727782754296 0.10428438154899
-0.00677248545282151 -0.0108427775394991 0.349323930436846 -0.505876462235878
0.00170359788729764 0.00394920718979771 -0.342396319702143 -0.857873541235433
0.00535911822387973 -0.0068510332408542 -0.863963979235564 -0.00443848505573544
-0.0229779491674769 0.00523234658544099 -0.179935232482653 0.617962833956208
-0.0146982202390903 0.0185777111260725 0.345139663285528 0.294242209517146
-0.0146750250343772 0.00760857168947637 0.245443690131735 -0.0527150211576486
-0.0106581164736259 0.0202270979517676 -0.0655483392026793 -0.187000863273892
-0.00414225568447515 0.00766895496229019 0.0726013746412792 0.150191103261978
-0.0189922471003707 0.0159859775641887 -0.143594909233571 0.0411647677261714
-0.0147824468535332 -0.000709995518021239 -0.341165054406188 -0.229622649637224
-0.0109305533513445 -0.0214449910973656 0.0639734749388026 -0.536448750309966
0.0135916498236776 -0.032945825223436 0.708200384678844 -0.168543205561608
0.00934122905335688 0.0193141282233568 0.489579234038783 0.670871736593887
-0.0277332419096988 -0.00574826849047859 -0.265137130977231 0.589658311892336
-0.0209625264250797 -0.0297882050003913 0.00203339105997172 0.102207317049247
-0.00227895181286104 -0.0134707860610476 0.346957542164557 -0.506262820753357
0.00408188755929285 0.00406454104271204 -0.352656503170798 -0.851400979328603
0.00796089406536266 -0.00464932125244385 -0.862743677164212 0.00692301587327586
-0.0205054907713163 0.00779884364096256 -0.170855964915438 0.620587210256936
-0.0152078924424892 0.0213332489874854 0.348074892840109 0.29206863272566
-0.017061176593276 0.00849955187474215 0.243275711702875 -0.0535922558735684
-0.0127346065511806 0.021585190094342 -0.0666948692530477 -0.187076470692609
-0.00545587604957898 0.00938273913673696 0.071224525606694 0.152070118429808
-0.019944995770118 0.0178795765243187 -0.145578463773314 0.0407322849634445
-0.0163819691405984 0.000976779016970348 -0.338328134235251 -0.232020209855257
-0.00879230062021901 -0.0194473578723282 0.077249592369262 -0.53145860254246
0.015965172694054 -0.0299446305637176 0.713897412289804 -0.152463476091184
0.0107439456640595 0.0192642103672017 0.479026261456226 0.682232704321893
-0.0238611978805084 -0.00856514806091901 -0.27074613114777 0.586132540317438
-0.0155912813921816 -0.0331780858889032 0.00505946535591432 0.0988207225422385
0.00118290387434541 -0.0152123644588255 0.3414343133477 -0.513114634356535
0.0063016514093524 0.00476567874670263 -0.368042306479114 -0.844032089103433
0.00943240744468392 -0.00234177516891693 -0.859297046641427 0.0271203779373763
-0.0201599813568228 0.00990036705266324 -0.155447965453237 0.624490818682898
-0.0159682343585882 0.0218958245010812 0.351539988323833 0.293717850391262
-0.0176401628775774 0.00752857335329548 0.240311598105551 -0.0516777373732705
-0.0139722858922092 0.0221275390736041 -0.0690191850992272 -0.185688878608231
0.00942559335266301 -0.00150546027065317 0.0694890254659023 0.147048066855397
-0.00769506962859477 0.00691017071261403 -0.156512035283041 0.0379037599418582
-0.00945832813554145 -0.00828751081664113 -0.342050474863399 -0.229803684014819
-0.0216903852202596 -0.0236687016128451 0.0872447418173574 -0.517267197883362
0.00162474470085167 -0.0331452192661578 0.724515613569623 -0.123680619850755
0.00355968470846214 0.0225814253355341 0.470138428697077 0.700141528574121
-0.0386019083136163 0.0106997271993076 -0.267529754269431 0.577221105927509
-0.0428551680390854 -0.0129264572956719 0.0234791050790036 0.0908251446521507
-0.0151725059343497 0.00188660634339435 0.339057209977152 -0.523291340746546
-0.000822586961313373 0.00643117588913785 -0.383050898359234 -0.817966321852258
-0.0078868330863796 -0.00833648192337678 -0.845341802633755 0.0683166447631309
-0.0330231851549479 0.00362068423905031 -0.134843404891038 0.636828277147567
-0.00790557767302583 0.00919824571951006 0.352072173706918 0.282396445320361
-0.00417540453962527 -0.000418520699894872 0.230633990958031 -0.0577980272128353
0.0055680177795111 0.00995576419460304 -0.0755113823643926 -0.185425240807523
0.00699417751868941 -0.00124814985207878 0.0724079844688565 0.146891010133644
-0.00942610512853987 0.00849525530100951 -0.151609817445494 0.0395066037637699
-0.00968467057306778 -0.0077826075542394 -0.342563974481489 -0.229362000678079
-0.0215679291828105 -0.0232380017655136 0.0729560311783908 -0.523151563880027
0.00117975504281196 -0.0341013861783874 0.715768583933244 -0.143303856761582
0.00353345889908161 0.0223451423481758 0.482776105396314 0.684204730652026
-0.0395974164579593 0.0102942273555012 -0.260688745360098 0.582630440830349
-0.0440254222286766 -0.013146700798677 0.0173473798215855 0.0946047778220312
-0.017220621803067 0.000664142057442923 0.342800604015771 -0.514948000661816
-0.00181757454629971 0.00457970186615185 -0.367082988208216 -0.831485610744569
-0.00522019180297446 -0.0104406093018191 -0.852006507188569 0.0447039088531508
-0.0314140209252603 0.00108736652481512 -0.154931030586769 0.629943495974629
-0.00715746888212685 0.0106852162897749 0.34632333842878 0.286154794570436
-0.00490957221852231 -4.66471892144743E-05 0.236269889476705 -0.0587124889278454
0.00356702845232582 0.0116152291694549 -0.0715659580064885 -0.186947214526046
0.00578049436311789 -0.000178626002143337 0.0747369272789052 0.147057034566754
-0.01075949098836 0.0100006536357786 -0.148468797047034 0.040790834527408
-0.010993687250177 -0.00721930220149797 -0.346410773538242 -0.226117642739009
-0.0198421506181564 -0.0240093345256563 0.059376534366118 -0.527619991848994
0.00115427592454067 -0.0348466463742998 0.707705488369545 -0.161028911897729
0.00375748071513774 0.0223664242897877 0.492578840172267 0.672393973107664
-0.0395688251711689 0.00960739003228067 -0.256378751888083 0.588021180600279
-0.042843705437088 -0.0155307069908043 0.0108552372402726 0.0994282122198537
-0.0167399380962431 -0.000929259226989783 0.346458885177817 -0.510164933734674
-0.00166787512730055 0.00367380379984198 -0.356677459725415 -0.845227604727155
-0.00222323922336079 -0.0112835833190893 -0.857248273783664 0.0209235742644399
-0.029086014280732 -0.000345086806871602 -0.168235975177375 0.621410223889784
-0.00824272413252371 0.0118746874118199 0.344283436316507 0.288107368174161
-0.0062663470351626 0.00238075921897267 0.239110892029909 -0.0561168015161936
0.00127307523017936 0.0141254579775847 -0.0692688497037069 -0.187458537704665
0.00272010041910813 0.00146141327275444 0.0757467808350617 0.146961622027143
-0.0129511332696159 0.0117184416531287 -0.144664022252958 0.0400737215573313
-0.011869728591899 -0.00521902788008423 -0.347368507926971 -0.224789939797352
-0.0176536629876131 -0.0240063697962806 0.0518768685655604 -0.531729854073655
0.0041978636930799 -0.035993774222278 0.701123860383109 -0.174372305047253
0.00534022800025195 0.0208891856862342 0.498042362157145 0.663341198444008
-0.0371937654752459 0.00523066353760895 -0.252191196259737 0.588337450703436
-0.0393381450175943 -0.0191096129350625 0.00521504084165448 0.10304089694576
-0.015485174516218 -0.00401272864325134 0.34926355329383 -0.503006414276224
-0.000571070649934641 0.00368908316734724 -0.344692842837599 -0.849690470663942
0.000474883269339711 -0.0114709008503995 -0.859557020030437 0.00320874509687726
-0.0254188220955511 0.000336650449640026 -0.176767611470609 0.617172597744007
-0.00940471354261697 0.0141600676807002 0.342095233687399 0.290559801426083
-0.00935345291570052 0.00401822161139584 0.242209595760992 -0.0537534623111059
-0.0030863458885546 0.0165357070967831 -0.0671133827274002 -0.18765953080327
0.000438101333570778 0.00434391806948875 0.0761085108489683 0.148047447390721
-0.0152308793629697 0.0130974207825412 -0.143628788023022 0.0409481822973966
-0.0127245973417858 -0.00313775879457463 -0.346805239707058 -0.224100464286285
-0.0152378904838955 -0.0236700450279997 0.0493129044949334 -0.533895810120858
0.00681527202508892 -0.0350051123032687 0.697083559878101 -0.179849542394846
0.0067731470948206 0.0201276044939109 0.500359385115592 0.658586654239019
-0.034245534335772 0.0022511417661286 -0.254549531712578 0.590329759150845
-0.0335783466541122 -0.022981492587791 0.00186681461283971 0.104541624163717
-0.0115598043851683 -0.00729206500228846 0.349589863963668 -0.503220568228364
0.000240135215422078 0.00321274600327533 -0.340247833311476 -0.854369987939149
0.00338499230350289 -0.00940257670311918 -0.861305863089561 -0.002655487673625
-0.0227727974866446 0.00287164135062508 -0.181333727321832 0.614392768305837
-0.0116114659907025 0.0168739523349916 0.341675949265517 0.291138742730135
-0.0122654824899921 0.00583140130086426 0.244335132709862 -0.053498964984752
-0.00699421572781055 0.018422391518248 -0.0656195318808228 -0.186599294618594
-0.00252852804694519 0.00667784926943392 0.0756584574470977 0.148437566531835
-0.0168480654498624 0.0142057066049494 -0.142310958536075 0.0400578971426739
-0.0136814436868607 -0.0017496641130887 -0.343746391142367 -0.227181138665402
-0.0119264307744902 -0.0220086458974955 0.0539642340102553 -0.536013876157178
0.0100691262841226 -0.0343999593742131 0.699756017529929 -0.177473841939764
0.00800051779434607 0.0190870639993986 0.495767755449121 0.659238467579632
-0.0315721515968458 -0.00191841555204873 -0.257252245215854 0.588486123696907
-0.0271274774797268 -0.0262894809711265 0.000135081210463451 0.103811564494078
-0.00730138507773428 -0.0109596422160423 0.347599721201045 -0.501809170776211
0.00161439473462356 0.00356797975841935 -0.342882607478655 -0.852458049471629
0.00561914758715169 -0.00659364558162059 -0.861691886161786 -0.0037461500992932
-0.0227439107429646 0.00503121691838037 -0.177691307113284 0.614492297546448
-0.0140479483555447 0.0187230406459068 0.345872110418017 0.292641259599923
-0.0150544790885819 0.00662098937089418 0.244303453294631 -0.0531302778468061
-0.0100764963974287 0.0208845317989631 -0.0653460395388988 -0.187040780761849
-0.00377362469246796 0.00791820233758168 0.0737143430799296 0.149861554663165
-0.0180946407930336 0.0163076705622303 -0.144340115764269 0.040883469450786
-0.0142788934731065 -0.000438572804734025 -0.340447974900773 -0.227322945725029
-0.00975137628151942 -0.0206825190369336 0.062820734807548 -0.53141804514887
0.0133784267706429 -0.03255928880155 0.702856007557153 -0.167455477093699
0.00938906754774214 0.0192326524847438 0.488611844657323 0.666101273254902
-0.0274586065160357 -0.006439704544892 -0.262111434374806 0.587063479658538
-0.0206897499713093 -0.0296981452938288 0.00204963346511121 0.10225165448779
-0.0033849248964368 -0.0134286834937536 0.343433604950947 -0.506170506377427
0.00432256524783661 0.00365518749732279 -0.351710872370113 -0.84789363571433
0.00789831037298611 -0.00396367471645995 -0.858671239448358 0.00982123409823229
-0.021181119718197 0.00751285496303474 -0.16983392909733 0.618343046661663
-0.0152982561940315 0.0206254075598841 0.347826817515322 0.289992870203672
-0.0178921545435844 0.00944088843166494 0.243003796497016 -0.0527817341424009
-0.0124467986280853 0.0228812739346088 -0.0666299664858209 -0.18574560071734
-0.00514968447265659 0.00887404382483757 0.0712659220851054 0.151114921706598
-0.0201944190082803 0.0174684335309096 -0.146449730982537 0.0412794176433383
-0.0161444748890331 0.000430140031781382 -0.336625181931132 -0.228677621943495
-0.00942108690570382 -0.0182995837092771 0.0748397923839791 -0.529012931170996
0.0162480247963209 -0.0293758636255868 0.709931785004347 -0.150667257883313
0.0120370591176265 0.0198230438076887 0.476266215174799 0.676832498210974
-0.0237466991336901 -0.00936341642485082 -0.270550154942789 0.583485793628372
-0.015541587715255 -0.0316865304507698 0.00514482849022025 0.0968711184544595
0.00145659066902149 -0.0156197274832477 0.338696851469845 -0.511297672116601
0.00620124379511574 0.00383215460665864 -0.36552524812143 -0.836695225177558
0.00890149491227646 -0.00232209102498257 -0.854911495341427 0.0256628479753524
-0.0191346406447672 0.00924802397936804 -0.152925976951809 0.62221204779842
-0.0165725355202883 0.0222436756612299 0.350986619025809 0.289502034737498
-0.017813147830935 0.00898618073807109 0.239468075121686 -0.0544810504575191
-0.0134396530680499 0.0230123056814512 -0.0684144118791383 -0.184901704150542
0.00934767559936659 -0.00190263691673596 0.0694112029753149 0.146613558605203
-0.00830698961449771 0.00800192026708344 -0.156386106523274 0.0387674630867347
-0.00941775692644574 -0.00819151207594412 -0.340618799582499 -0.226823677427176
-0.0227397894512111 -0.0234432761322682 0.0851070495755637 -0.515333163748493
0.000942179641535274 -0.0338903971605723 0.721367010793565 -0.123586160426013
0.00426295119108158 0.0231157516043392 0.468360725190557 0.695599603378278
-0.0381724383796871 0.0106628101854418 -0.265767881520552 0.574568990573001
-0.0430002148551542 -0.0121137535013692 0.0236719282198673 0.0901041636611702
-0.0159242878948759 0.00109497696886005 0.336018078610651 -0.520302432694545
-0.00095900952275078 0.00502026917288042 -0.382625929510903 -0.814909260955013
-0.00712262942958304 -0.00823163111562105 -0.843015144625126 0.0681018842093562
-0.0328615818906869 0.00421541039667575 -0.134867277448955 0.631343038437449
-0.00682620244265442 0.00982241488631798 0.350419344083697 0.279395116802323
-0.00363456028421518 0.000770214456094771 0.230215702280895 -0.0599418048725131
0.00549740661949569 0.0104729122392821 -0.0751306236623343 -0.183814165859305
0.00837252803782187 -0.000352689129967203 0.0735455751539018 0.145263161895622
-0.0093113410090602 0.00819820770552691 -0.151698677947107 0.0389498262144697
-0.00967191864030394 -0.00798218508317897 -0.342365174023933 -0.226913803925696
-0.0212140679011584 -0.0239466866485546 0.0706594841985875 -0.519438120088387
0.000567408222872832 -0.0338428926333525 0.711072988263632 -0.141615215298722
0.00416086194167785 0.0225736687274672 0.479638652141632 0.681957931978138
-0.0397934384017197 0.0101764489636867 -0.258457411729591 0.58066731498984
-0.0444144765956707 -0.0130578072011407 0.0174934726649898 0.0949505546432342
-0.0169548214406972 0.000599243070887063 0.341365434507557 -0.512207478365783
-0.0018432877237437 0.00512328821380305 -0.368194880517179 -0.828190524349258
-0.00553794649916386 -0.00993399149613553 -0.84848294542175 0.0461368047687155
-0.030677121976697 0.00119937375968616 -0.153448990022848 0.627082207700314
-0.00699748845201389 0.0093389648647903 0.345963719638762 0.283299614660994
-0.00437471727024832 0.00151090359140798 0.23468565891659 -0.0588961520177913
0.00405729092928601 0.0119140037687469 -0.0734131398071626 -0.18559622607121
0.00540184024782072 0.00013115769853001 0.074510641292228 0.14634269995122
-0.0107119657234002 0.00962893076871271 -0.148784897448471 0.0393157399686315
-0.0109403604797799 -0.0057518219525935 -0.346288705278653 -0.223522420021131
-0.020318604732115 -0.0235347149655447 0.0583168086318362 -0.52437701133273
0.00190909326926808 -0.0353933410495896 0.702895005969544 -0.160621429530922
0.00461385457496721 0.022026507213082 0.490819401909669 0.669376840689797
-0.0389555482926985 0.00924170022721246 -0.254031632165878 0.583595137479247
-0.0432969408607421 -0.0143508135866225 0.0107353068168771 0.099429191168968
-0.0165929141113562 -0.000868011206059064 0.344956724809013 -0.507650776836745
-0.0015632277216917 0.00483585047316449 -0.352594024269739 -0.839445929104976
-0.00214070996236049 -0.0109452169744883 -0.853822505115672 0.0190448864811477
-0.0276257841833445 0.00119651004727543 -0.167505371255451 0.619125570393594
-0.00760196311789126 0.0114873858426561 0.343053264233852 0.286831027195248
-0.00634809830235357 0.00308545455545427 0.237782491401918 -0.0576664325049179
0.00221617778277158 0.0139347900027946 -0.0700285768623655 -0.18805355681025
0.00362124107340998 0.00243642045568818 0.0763690449778575 0.145424663621947
-0.0130187566561287 0.0116601132865027 -0.144941947015195 0.0402248499210782
-0.0112755972818727 -0.00503494434196219 -0.348050157517912 -0.222342949943135
-0.0177218511729829 -0.0240387517683506 0.049616575666795 -0.528091963665265
0.00358907245308305 -0.0351711533497623 0.697150274975153 -0.174685549197737
0.00472821531390738 0.0209211707776566 0.496602035429637 0.659722490410874
-0.0380852639844446 0.00633936146593535 -0.251888278249517 0.587880186536814
-0.0396612386209495 -0.0174939937870515 0.00532703089850064 0.10182360277331
-0.0150995864578526 -0.0047964391358441 0.345805421672348 -0.501741856453985
-0.00142213204468342 0.00371809558730104 -0.343199689330861 -0.847823213919797
0.000430309022863076 -0.00915606543020501 -0.858142389956506 0.00386177302764641
-0.0255421001515489 0.00123053875772398 -0.17565897237186 0.61448646857833
-0.00989183584723481 0.0135030395322912 0.34227917790385 0.288302670918501
-0.00924253102691668 0.00510560175060082 0.240284622674699 -0.054899238166945
-0.00250105593074157 0.016843065788813 -0.0671634312601937 -0.186134114134021
2.54796813013002E-05 0.00489408375544869 0.0757401029406761 0.146680606712506
-0.0155763122089096 0.0140049569611293 -0.14392433929746 0.0403272820450254
-0.0119661892376978 -0.00284146326177329 -0.346850621889411 -0.224786185171928
-0.0149020446068977 -0.0228904181176448 0.0465137482956149 -0.531635253240566
0.00659254980199262 -0.0355371593956474 0.693145831823637 -0.177804889238269
0.00671499771801164 0.0197199851816841 0.496519027554434 0.652996735533396
-0.0349214025549828 0.00200194746823685 -0.252005119116561 0.587284830696527
-0.0342697816391121 -0.0223263389229207 0.00167740581955292 0.10318640574562
-0.0117208590583108 -0.00746824243449413 0.347492532435659 -0.500355926447726
0.000687457333454555 0.00406240063875348 -0.339762740129722 -0.849975155926947
0.00371187750880609 -0.00935786959304295 -0.857362513223449 -0.00217424507446348
-0.0237345021676941 0.00278654829361357 -0.177417725015984 0.612547039624939
-0.0117266620626437 0.0157873106443632 0.341426194659153 0.289670298600166
-0.0129591208943452 0.00713419775895123 0.243112660681512 -0.0539529447709938
-0.00682716391822807 0.0190776528154257 -0.0656784292180292 -0.186523986975432
-0.00229122207801376 0.00664346767273655 0.075676443127695 0.148392383961519
-0.0160093597291573 0.0160149314876025 -0.143368774229153 0.0406603409706886
-0.0137081284616731 -0.000375217628227897 -0.343616649377625 -0.223446893235795
-0.0121261514035747 -0.0211625924576195 0.0515876220340374 -0.530801648109775
0.00987366902182957 -0.0339550962550498 0.694971852985196 -0.176003193639532
0.00810628144270945 0.0195485726369003 0.492604351476369 0.656945523201217
-0.0316383686484508 -0.00219372984450311 -0.255893545456645 0.586201454030204
-0.0278086321284557 -0.0254309685354353 0.000718892275623925 0.102985559807992
-0.00726967149333598 -0.010281882935274 0.344201840784916 -0.500780868128568
0.0018199901307979 0.00402743584403643 -0.341763890811388 -0.847594486300495
0.0063359432938798 -0.00672625561007346 -0.856595282957764 0.00015696813893426
-0.0219812816273931 0.00531985103874244 -0.175530376486273 0.613821301792472
-0.0134407382646938 0.019094154720057 0.345693399532422 0.290721385122382
-0.0165786665861411 0.00945840779477766 0.244006540552623 -0.0538230057378769
-0.00942435580012181 0.0218550500870165 -0.0662510419621432 -0.185910966427297
-0.00386566075042783 0.00914214025005495 0.0737523000389252 0.148632876293502
-0.0182206628851653 0.0166181893477196 -0.143966571233939 0.0411825820591817
-0.0145607604445958 0.00014568156655992 -0.34174938217339 -0.224472532914957
-0.0103631311201733 -0.0194847237592016 0.062511302916934 -0.528699300978949
0.0125042710728051 -0.03183832134291 0.699808892761645 -0.168314974136937
0.0103937617212392 0.0192221784075655 0.487097586936318 0.663193123839751
-0.0278588683493514 -0.00500261982911997 -0.261644610806973 0.584144620894821
-0.0215959981158291 -0.0295385531865772 0.000828465533004362 0.100446835427295
-0.00318932655107305 -0.0132338680501005 0.340408078907958 -0.50400418145977
0.00462241407837957 0.0040120351900788 -0.352646588372613 -0.842563772736164
0.00871884895882575 -0.00406826984168656 -0.855931532178251 0.0101130265093609
-0.0203742087375185 0.00665810656491882 -0.16703286282826 0.615550617296967
-0.0153371985597362 0.0208044656093518 0.3472200012631 0.288631613124914
-0.0174141222288926 0.00882487607657332 0.2412438272528 -0.0529859418630721
-0.0124387885220766 0.0224936141927472 -0.0671559040507657 -0.184555420502205
-0.00455221518260734 0.00969803817352002 0.0715847092527499 0.14992626886871
-0.0195444937526534 0.0179508767810725 -0.14582572949841 0.0401253517915025
-0.0156554493042069 0.00237148908786396 -0.3365354175663 -0.227019059074674
-0.00857882494806294 -0.0176969453877641 0.0743403644877979 -0.524408476115374
0.0155218702427567 -0.0295349707460318 0.7063009883862 -0.151766639717255
0.0114252573363424 0.0193839645767735 0.475279813465372 0.674398202440386
-0.0240951897979631 -0.00807243108626107 -0.268212565722045 0.578935420950612
-0.0161101558505947 -0.0321106888770353 0.00500434392939508 0.0972380429279055
-0.000120949451494745 -0.0152739113923376 0.335662372578561 -0.50932746069262
0.00694349422132501 0.00392141224786148 -0.365771594906897 -0.834013929691611
0.00970412887408301 -0.00167395330853848 -0.852118265559183 0.028497824885404
-0.0198196326398469 0.00938128680023641 -0.152501427417432 0.620674296324543
-0.0155599681869724 0.0211323953745766 0.351332544440791 0.287610054215948
-0.0179219201463705 0.00894984016631127 0.239663395642315 -0.0544279227187518
-0.0125768437674098 0.0230357189866421 -0.0690830647009365 -0.184388762821849
